<?xml version="1.0" encoding="UTF-8"?>
<testsuite xmlns:xsi="http://www.w3.org/2001/XMLSchema-instance" xsi:noNamespaceSchemaLocation="https://maven.apache.org/surefire/maven-surefire-plugin/xsd/surefire-test-report.xsd" version="3.0.2" name="org.apache.hadoop.ozone.client.rpc.TestFailureHandlingByClient" time="193.002" tests="7" errors="0" skipped="0" failures="2">
  <properties>
    <property name="java.specification.version" value="21"/>
    <property name="sun.jnu.encoding" value="UTF-8"/>
    <property name="java.class.path" value="/home/runner/work/ozone/ozone/hadoop-ozone/integration-test/target/test-classes:/home/runner/work/ozone/ozone/hadoop-ozone/integration-test/target/classes:/home/runner/.m2/repository/ch/qos/reload4j/reload4j/1.2.26/reload4j-1.2.26.jar:/home/runner/.m2/repository/com/fasterxml/jackson/core/jackson-core/2.16.2/jackson-core-2.16.2.jar:/home/runner/.m2/repository/com/fasterxml/jackson/core/jackson-databind/2.16.2/jackson-databind-2.16.2.jar:/home/runner/.m2/repository/com/fasterxml/jackson/core/jackson-annotations/2.16.2/jackson-annotations-2.16.2.jar:/home/runner/.m2/repository/com/github/stephenc/jcip/jcip-annotations/1.0-1/jcip-annotations-1.0-1.jar:/home/runner/.m2/repository/com/google/guava/guava/33.4.8-jre/guava-33.4.8-jre.jar:/home/runner/.m2/repository/com/google/guava/failureaccess/1.0.3/failureaccess-1.0.3.jar:/home/runner/.m2/repository/com/google/guava/listenablefuture/9999.0-empty-to-avoid-conflict-with-guava/listenablefuture-9999.0-empty-to-avoid-conflict-with-guava.jar:/home/runner/.m2/repository/org/jspecify/jspecify/1.0.0/jspecify-1.0.0.jar:/home/runner/.m2/repository/com/google/errorprone/error_prone_annotations/2.29.2/error_prone_annotations-2.29.2.jar:/home/runner/.m2/repository/com/google/j2objc/j2objc-annotations/3.0.0/j2objc-annotations-3.0.0.jar:/home/runner/.m2/repository/com/google/protobuf/protobuf-java/2.5.0/protobuf-java-2.5.0.jar:/home/runner/.m2/repository/com/squareup/okhttp3/okhttp/4.12.0/okhttp-4.12.0.jar:/home/runner/.m2/repository/com/squareup/okio/okio/3.6.0/okio-3.6.0.jar:/home/runner/.m2/repository/com/squareup/okio/okio-jvm/3.6.0/okio-jvm-3.6.0.jar:/home/runner/.m2/repository/org/jetbrains/kotlin/kotlin-stdlib-common/1.9.25/kotlin-stdlib-common-1.9.25.jar:/home/runner/.m2/repository/org/jetbrains/kotlin/kotlin-stdlib-jdk8/1.9.25/kotlin-stdlib-jdk8-1.9.25.jar:/home/runner/.m2/repository/org/jetbrains/kotlin/kotlin-stdlib/1.9.25/kotlin-stdlib-1.9.25.jar:/home/runner/.m2/repository/org/jetbrains/annotations/13.0/annotations-13.0.jar:/home/runner/.m2/repository/org/jetbrains/kotlin/kotlin-stdlib-jdk7/1.9.25/kotlin-stdlib-jdk7-1.9.25.jar:/home/runner/.m2/repository/commons-codec/commons-codec/1.18.0/commons-codec-1.18.0.jar:/home/runner/.m2/repository/commons-io/commons-io/2.18.0/commons-io-2.18.0.jar:/home/runner/.m2/repository/commons-validator/commons-validator/1.6/commons-validator-1.6.jar:/home/runner/.m2/repository/commons-beanutils/commons-beanutils/1.11.0/commons-beanutils-1.11.0.jar:/home/runner/.m2/repository/commons-digester/commons-digester/1.8.1/commons-digester-1.8.1.jar:/home/runner/.m2/repository/commons-collections/commons-collections/3.2.2/commons-collections-3.2.2.jar:/home/runner/.m2/repository/info/picocli/picocli/4.7.7/picocli-4.7.7.jar:/home/runner/.m2/repository/jakarta/annotation/jakarta.annotation-api/2.1.1/jakarta.annotation-api-2.1.1.jar:/home/runner/.m2/repository/jakarta/xml/bind/jakarta.xml.bind-api/2.3.3/jakarta.xml.bind-api-2.3.3.jar:/home/runner/.m2/repository/jakarta/activation/jakarta.activation-api/1.2.2/jakarta.activation-api-1.2.2.jar:/home/runner/.m2/repository/javax/servlet/javax.servlet-api/3.1.0/javax.servlet-api-3.1.0.jar:/home/runner/.m2/repository/javax/ws/rs/jsr311-api/1.1.1/jsr311-api-1.1.1.jar:/home/runner/.m2/repository/org/apache/commons/commons-compress/1.27.1/commons-compress-1.27.1.jar:/home/runner/.m2/repository/org/apache/commons/commons-lang3/3.18.0/commons-lang3-3.18.0.jar:/home/runner/.m2/repository/org/apache/commons/commons-text/1.13.1/commons-text-1.13.1.jar:/home/runner/.m2/repository/org/apache/hadoop/hadoop-auth/3.4.1/hadoop-auth-3.4.1.jar:/home/runner/.m2/repository/com/nimbusds/nimbus-jose-jwt/10.4/nimbus-jose-jwt-10.4.jar:/home/runner/.m2/repository/io/dropwizard/metrics/metrics-core/3.2.6/metrics-core-3.2.6.jar:/home/runner/.m2/repository/org/apache/kerby/kerb-core/1.0.1/kerb-core-1.0.1.jar:/home/runner/.m2/repository/org/apache/kerby/kerby-pkix/1.0.1/kerby-pkix-1.0.1.jar:/home/runner/.m2/repository/org/apache/kerby/kerby-asn1/1.0.1/kerby-asn1-1.0.1.jar:/home/runner/.m2/repository/org/apache/kerby/kerb-util/1.0.1/kerb-util-1.0.1.jar:/home/runner/.m2/repository/org/apache/kerby/kerby-config/1.0.1/kerby-config-1.0.1.jar:/home/runner/.m2/repository/org/apache/kerby/kerb-crypto/1.0.1/kerb-crypto-1.0.1.jar:/home/runner/.m2/repository/org/apache/hadoop/thirdparty/hadoop-shaded-guava/1.3.0/hadoop-shaded-guava-1.3.0.jar:/home/runner/.m2/repository/org/apache/hadoop/hadoop-common/3.4.1/hadoop-common-3.4.1.jar:/home/runner/.m2/repository/org/apache/hadoop/thirdparty/hadoop-shaded-protobuf_3_25/1.4.0/hadoop-shaded-protobuf_3_25-1.4.0.jar:/home/runner/.m2/repository/org/apache/hadoop/hadoop-annotations/3.4.1/hadoop-annotations-3.4.1.jar:/home/runner/.m2/repository/commons-cli/commons-cli/1.8.0/commons-cli-1.8.0.jar:/home/runner/.m2/repository/commons-net/commons-net/3.11.1/commons-net-3.11.1.jar:/home/runner/.m2/repository/org/eclipse/jetty/jetty-server/9.4.58.v20250814/jetty-server-9.4.58.v20250814.jar:/home/runner/.m2/repository/org/eclipse/jetty/jetty-io/9.4.58.v20250814/jetty-io-9.4.58.v20250814.jar:/home/runner/.m2/repository/org/eclipse/jetty/jetty-util/9.4.58.v20250814/jetty-util-9.4.58.v20250814.jar:/home/runner/.m2/repository/org/eclipse/jetty/jetty-servlet/9.4.58.v20250814/jetty-servlet-9.4.58.v20250814.jar:/home/runner/.m2/repository/org/eclipse/jetty/jetty-security/9.4.58.v20250814/jetty-security-9.4.58.v20250814.jar:/home/runner/.m2/repository/org/eclipse/jetty/jetty-webapp/9.4.58.v20250814/jetty-webapp-9.4.58.v20250814.jar:/home/runner/.m2/repository/org/eclipse/jetty/jetty-xml/9.4.58.v20250814/jetty-xml-9.4.58.v20250814.jar:/home/runner/.m2/repository/javax/servlet/jsp/jsp-api/2.1/jsp-api-2.1.jar:/home/runner/.m2/repository/org/codehaus/jettison/jettison/1.5.4/jettison-1.5.4.jar:/home/runner/.m2/repository/org/apache/commons/commons-configuration2/2.12.0/commons-configuration2-2.12.0.jar:/home/runner/.m2/repository/com/google/re2j/re2j/1.7/re2j-1.7.jar:/home/runner/.m2/repository/com/google/code/gson/gson/2.13.1/gson-2.13.1.jar:/home/runner/.m2/repository/com/jcraft/jsch/0.1.55/jsch-0.1.55.jar:/home/runner/.m2/repository/io/netty/netty-handler/4.1.119.Final/netty-handler-4.1.119.Final.jar:/home/runner/.m2/repository/io/netty/netty-resolver/4.1.119.Final/netty-resolver-4.1.119.Final.jar:/home/runner/.m2/repository/io/netty/netty-transport-native-epoll/4.1.119.Final/netty-transport-native-epoll-4.1.119.Final.jar:/home/runner/.m2/repository/org/bouncycastle/bcprov-jdk18on/1.81/bcprov-jdk18on-1.81.jar:/home/runner/.m2/repository/org/codehaus/woodstox/stax2-api/4.2.1/stax2-api-4.2.1.jar:/home/runner/.m2/repository/com/fasterxml/woodstox/woodstox-core/5.4.0/woodstox-core-5.4.0.jar:/home/runner/.m2/repository/dnsjava/dnsjava/3.6.1/dnsjava-3.6.1.jar:/home/runner/.m2/repository/org/apache/hadoop/hadoop-common/3.4.1/hadoop-common-3.4.1-tests.jar:/home/runner/.m2/repository/org/apache/commons/commons-math3/3.6.1/commons-math3-3.6.1.jar:/home/runner/.m2/repository/com/sun/jersey/jersey-core/1.19.4/jersey-core-1.19.4.jar:/home/runner/.m2/repository/com/sun/jersey/jersey-servlet/1.19.4/jersey-servlet-1.19.4.jar:/home/runner/.m2/repository/com/github/pjfanning/jersey-json/1.22.0/jersey-json-1.22.0.jar:/home/runner/.m2/repository/com/sun/xml/bind/jaxb-impl/2.2.3-1/jaxb-impl-2.2.3-1.jar:/home/runner/.m2/repository/com/sun/jersey/jersey-server/1.19.4/jersey-server-1.19.4.jar:/home/runner/.m2/repository/org/slf4j/slf4j-reload4j/2.0.17/slf4j-reload4j-2.0.17.jar:/home/runner/.m2/repository/org/apache/avro/avro/1.9.2/avro-1.9.2.jar:/home/runner/.m2/repository/org/apache/curator/curator-client/4.2.0/curator-client-4.2.0.jar:/home/runner/.m2/repository/org/apache/curator/curator-recipes/5.2.0/curator-recipes-5.2.0.jar:/home/runner/.m2/repository/org/apache/curator/curator-framework/4.2.0/curator-framework-4.2.0.jar:/home/runner/.m2/repository/com/google/code/findbugs/jsr305/3.0.2/jsr305-3.0.2.jar:/home/runner/.m2/repository/org/apache/zookeeper/zookeeper/3.8.4/zookeeper-3.8.4.jar:/home/runner/.m2/repository/org/apache/zookeeper/zookeeper-jute/3.8.4/zookeeper-jute-3.8.4.jar:/home/runner/.m2/repository/org/apache/yetus/audience-annotations/0.12.0/audience-annotations-0.12.0.jar:/home/runner/.m2/repository/org/xerial/snappy/snappy-java/1.1.10.8/snappy-java-1.1.10.8.jar:/home/runner/.m2/repository/org/apache/hadoop/hadoop-distcp/3.4.1/hadoop-distcp-3.4.1.jar:/home/runner/.m2/repository/org/apache/hadoop/hadoop-distcp/3.4.1/hadoop-distcp-3.4.1-tests.jar:/home/runner/.m2/repository/org/apache/hadoop/hadoop-hdfs/3.4.1/hadoop-hdfs-3.4.1.jar:/home/runner/.m2/repository/org/eclipse/jetty/jetty-util-ajax/9.4.58.v20250814/jetty-util-ajax-9.4.58.v20250814.jar:/home/runner/.m2/repository/commons-daemon/commons-daemon/1.4.0/commons-daemon-1.4.0.jar:/home/runner/.m2/repository/org/apache/hadoop/hadoop-hdfs/3.4.1/hadoop-hdfs-3.4.1-tests.jar:/home/runner/.m2/repository/io/netty/netty-all/4.1.119.Final/netty-all-4.1.119.Final.jar:/home/runner/.m2/repository/io/netty/netty-codec-dns/4.1.119.Final/netty-codec-dns-4.1.119.Final.jar:/home/runner/.m2/repository/io/netty/netty-codec-haproxy/4.1.119.Final/netty-codec-haproxy-4.1.119.Final.jar:/home/runner/.m2/repository/io/netty/netty-codec-http/4.1.119.Final/netty-codec-http-4.1.119.Final.jar:/home/runner/.m2/repository/io/netty/netty-codec-memcache/4.1.119.Final/netty-codec-memcache-4.1.119.Final.jar:/home/runner/.m2/repository/io/netty/netty-codec-mqtt/4.1.119.Final/netty-codec-mqtt-4.1.119.Final.jar:/home/runner/.m2/repository/io/netty/netty-codec-redis/4.1.119.Final/netty-codec-redis-4.1.119.Final.jar:/home/runner/.m2/repository/io/netty/netty-codec-smtp/4.1.119.Final/netty-codec-smtp-4.1.119.Final.jar:/home/runner/.m2/repository/io/netty/netty-codec-socks/4.1.119.Final/netty-codec-socks-4.1.119.Final.jar:/home/runner/.m2/repository/io/netty/netty-codec-stomp/4.1.119.Final/netty-codec-stomp-4.1.119.Final.jar:/home/runner/.m2/repository/io/netty/netty-codec-xml/4.1.119.Final/netty-codec-xml-4.1.119.Final.jar:/home/runner/.m2/repository/io/netty/netty-handler-ssl-ocsp/4.1.119.Final/netty-handler-ssl-ocsp-4.1.119.Final.jar:/home/runner/.m2/repository/io/netty/netty-resolver-dns/4.1.119.Final/netty-resolver-dns-4.1.119.Final.jar:/home/runner/.m2/repository/io/netty/netty-transport-rxtx/4.1.119.Final/netty-transport-rxtx-4.1.119.Final.jar:/home/runner/.m2/repository/io/netty/netty-transport-sctp/4.1.119.Final/netty-transport-sctp-4.1.119.Final.jar:/home/runner/.m2/repository/io/netty/netty-transport-udt/4.1.119.Final/netty-transport-udt-4.1.119.Final.jar:/home/runner/.m2/repository/io/netty/netty-transport-classes-kqueue/4.1.119.Final/netty-transport-classes-kqueue-4.1.119.Final.jar:/home/runner/.m2/repository/io/netty/netty-resolver-dns-classes-macos/4.1.119.Final/netty-resolver-dns-classes-macos-4.1.119.Final.jar:/home/runner/.m2/repository/io/netty/netty-transport-native-epoll/4.1.119.Final/netty-transport-native-epoll-4.1.119.Final-linux-aarch_64.jar:/home/runner/.m2/repository/io/netty/netty-transport-native-epoll/4.1.119.Final/netty-transport-native-epoll-4.1.119.Final-linux-riscv64.jar:/home/runner/.m2/repository/io/netty/netty-transport-native-kqueue/4.1.119.Final/netty-transport-native-kqueue-4.1.119.Final-osx-x86_64.jar:/home/runner/.m2/repository/io/netty/netty-transport-native-kqueue/4.1.119.Final/netty-transport-native-kqueue-4.1.119.Final-osx-aarch_64.jar:/home/runner/.m2/repository/io/netty/netty-resolver-dns-native-macos/4.1.119.Final/netty-resolver-dns-native-macos-4.1.119.Final-osx-x86_64.jar:/home/runner/.m2/repository/io/netty/netty-resolver-dns-native-macos/4.1.119.Final/netty-resolver-dns-native-macos-4.1.119.Final-osx-aarch_64.jar:/home/runner/.m2/repository/org/fusesource/leveldbjni/leveldbjni-all/1.8/leveldbjni-all-1.8.jar:/home/runner/.m2/repository/org/apache/hadoop/hadoop-hdfs-client/3.4.1/hadoop-hdfs-client-3.4.1.jar:/home/runner/.m2/repository/org/apache/hadoop/hadoop-kms/3.4.1/hadoop-kms-3.4.1.jar:/home/runner/.m2/repository/org/apache/hadoop/hadoop-kms/3.4.1/hadoop-kms-3.4.1-tests.jar:/home/runner/.m2/repository/org/apache/hadoop/hadoop-mapreduce-client-core/3.4.1/hadoop-mapreduce-client-core-3.4.1.jar:/home/runner/.m2/repository/org/apache/hadoop/hadoop-yarn-client/3.4.1/hadoop-yarn-client-3.4.1.jar:/home/runner/.m2/repository/org/eclipse/jetty/websocket/websocket-client/9.4.53.v20231009/websocket-client-9.4.53.v20231009.jar:/home/runner/.m2/repository/org/eclipse/jetty/jetty-client/9.4.58.v20250814/jetty-client-9.4.58.v20250814.jar:/home/runner/.m2/repository/org/eclipse/jetty/websocket/websocket-common/9.4.53.v20231009/websocket-common-9.4.53.v20231009.jar:/home/runner/.m2/repository/org/eclipse/jetty/websocket/websocket-api/9.4.53.v20231009/websocket-api-9.4.53.v20231009.jar:/home/runner/.m2/repository/org/apache/hadoop/hadoop-yarn-api/3.4.1/hadoop-yarn-api-3.4.1.jar:/home/runner/.m2/repository/org/apache/hadoop/hadoop-yarn-common/3.4.1/hadoop-yarn-common-3.4.1.jar:/home/runner/.m2/repository/javax/xml/bind/jaxb-api/2.2.11/jaxb-api-2.2.11.jar:/home/runner/.m2/repository/com/sun/jersey/contribs/jersey-guice/1.19.4/jersey-guice-1.19.4.jar:/home/runner/.m2/repository/com/fasterxml/jackson/module/jackson-module-jaxb-annotations/2.16.2/jackson-module-jaxb-annotations-2.16.2.jar:/home/runner/.m2/repository/com/fasterxml/jackson/jaxrs/jackson-jaxrs-json-provider/2.16.2/jackson-jaxrs-json-provider-2.16.2.jar:/home/runner/.m2/repository/com/google/inject/extensions/guice-servlet/6.0.0/guice-servlet-6.0.0.jar:/home/runner/.m2/repository/org/apache/hadoop/hadoop-mapreduce-client-jobclient/3.4.1/hadoop-mapreduce-client-jobclient-3.4.1.jar:/home/runner/.m2/repository/org/apache/hadoop/hadoop-mapreduce-client-common/3.4.1/hadoop-mapreduce-client-common-3.4.1.jar:/home/runner/.m2/repository/org/apache/hadoop/hadoop-minikdc/3.4.1/hadoop-minikdc-3.4.1.jar:/home/runner/.m2/repository/org/apache/kerby/kerb-simplekdc/2.0.3/kerb-simplekdc-2.0.3.jar:/home/runner/.m2/repository/org/apache/kerby/kerb-client/2.0.3/kerb-client-2.0.3.jar:/home/runner/.m2/repository/org/apache/kerby/kerb-common/2.0.3/kerb-common-2.0.3.jar:/home/runner/.m2/repository/org/apache/kerby/token-provider/2.0.3/token-provider-2.0.3.jar:/home/runner/.m2/repository/org/apache/kerby/kerb-admin/2.0.3/kerb-admin-2.0.3.jar:/home/runner/.m2/repository/org/apache/kerby/kerb-server/2.0.3/kerb-server-2.0.3.jar:/home/runner/.m2/repository/org/apache/kerby/kerb-identity/2.0.3/kerb-identity-2.0.3.jar:/home/runner/.m2/repository/org/apache/kerby/kerby-xdr/2.0.3/kerby-xdr-2.0.3.jar:/home/runner/.m2/repository/junit/junit/4.13.2/junit-4.13.2.jar:/home/runner/.m2/repository/org/hamcrest/hamcrest-core/1.3/hamcrest-core-1.3.jar:/home/runner/.m2/repository/org/apache/httpcomponents/httpclient/4.5.14/httpclient-4.5.14.jar:/home/runner/.m2/repository/org/apache/httpcomponents/httpcore/4.4.16/httpcore-4.4.16.jar:/home/runner/.m2/repository/org/apache/kerby/kerby-util/1.0.1/kerby-util-1.0.1.jar:/home/runner/work/ozone/ozone/hadoop-hdds/client/target/hdds-client-2.1.0-SNAPSHOT.jar:/home/runner/.m2/repository/io/opentracing/opentracing-api/0.33.0/opentracing-api-0.33.0.jar:/home/runner/.m2/repository/io/opentracing/opentracing-util/0.33.0/opentracing-util-0.33.0.jar:/home/runner/.m2/repository/io/opentracing/opentracing-noop/0.33.0/opentracing-noop-0.33.0.jar:/home/runner/work/ozone/ozone/hadoop-hdds/erasurecode/target/hdds-erasurecode-2.1.0-SNAPSHOT.jar:/home/runner/work/ozone/ozone/hadoop-hdds/common/target/hdds-common-2.1.0-SNAPSHOT.jar:/home/runner/.m2/repository/com/fasterxml/jackson/datatype/jackson-datatype-jsr310/2.16.2/jackson-datatype-jsr310-2.16.2.jar:/home/runner/.m2/repository/io/jaegertracing/jaeger-core/1.8.1/jaeger-core-1.8.1.jar:/home/runner/.m2/repository/org/apache/commons/commons-collections4/4.4/commons-collections4-4.4.jar:/home/runner/.m2/repository/org/apache/ratis/ratis-netty/3.2.0/ratis-netty-3.2.0.jar:/home/runner/.m2/repository/org/yaml/snakeyaml/2.0/snakeyaml-2.0.jar:/home/runner/.m2/repository/io/jaegertracing/jaeger-client/1.8.1/jaeger-client-1.8.1.jar:/home/runner/.m2/repository/io/jaegertracing/jaeger-thrift/1.8.1/jaeger-thrift-1.8.1.jar:/home/runner/.m2/repository/org/apache/thrift/libthrift/0.15.0/libthrift-0.15.0.jar:/home/runner/.m2/repository/io/jaegertracing/jaeger-tracerresolver/1.8.1/jaeger-tracerresolver-1.8.1.jar:/home/runner/.m2/repository/io/opentracing/contrib/opentracing-tracerresolver/0.1.8/opentracing-tracerresolver-0.1.8.jar:/home/runner/.m2/repository/org/apache/ratis/ratis-metrics-dropwizard3/3.2.0/ratis-metrics-dropwizard3-3.2.0.jar:/home/runner/.m2/repository/org/slf4j/jcl-over-slf4j/2.0.17/jcl-over-slf4j-2.0.17.jar:/home/runner/work/ozone/ozone/hadoop-hdds/common/target/hdds-common-2.1.0-SNAPSHOT-tests.jar:/home/runner/work/ozone/ozone/hadoop-hdds/config/target/hdds-config-2.1.0-SNAPSHOT.jar:/home/runner/work/ozone/ozone/hadoop-hdds/container-service/target/hdds-container-service-2.1.0-SNAPSHOT.jar:/home/runner/.m2/repository/io/netty/netty-buffer/4.1.119.Final/netty-buffer-4.1.119.Final.jar:/home/runner/.m2/repository/io/netty/netty-codec/4.1.119.Final/netty-codec-4.1.119.Final.jar:/home/runner/.m2/repository/io/netty/netty-common/4.1.119.Final/netty-common-4.1.119.Final.jar:/home/runner/.m2/repository/io/netty/netty-transport/4.1.119.Final/netty-transport-4.1.119.Final.jar:/home/runner/.m2/repository/org/apache/logging/log4j/log4j-api/2.25.0/log4j-api-2.25.0.jar:/home/runner/.m2/repository/com/github/luben/zstd-jni/1.5.7-4/zstd-jni-1.5.7-4.jar:/home/runner/.m2/repository/log4j/apache-log4j-extras/1.2.17/apache-log4j-extras-1.2.17.jar:/home/runner/.m2/repository/org/glassfish/jaxb/jaxb-runtime/2.3.9/jaxb-runtime-2.3.9.jar:/home/runner/.m2/repository/org/glassfish/jaxb/txw2/2.3.9/txw2-2.3.9.jar:/home/runner/.m2/repository/com/sun/istack/istack-commons-runtime/3.0.12/istack-commons-runtime-3.0.12.jar:/home/runner/.m2/repository/com/sun/activation/jakarta.activation/1.2.2/jakarta.activation-1.2.2.jar:/home/runner/work/ozone/ozone/hadoop-hdds/container-service/target/hdds-container-service-2.1.0-SNAPSHOT-tests.jar:/home/runner/work/ozone/ozone/hadoop-hdds/interface-admin/target/hdds-interface-admin-2.1.0-SNAPSHOT.jar:/home/runner/work/ozone/ozone/hadoop-hdds/interface-client/target/hdds-interface-client-2.1.0-SNAPSHOT.jar:/home/runner/work/ozone/ozone/hadoop-hdds/interface-server/target/hdds-interface-server-2.1.0-SNAPSHOT.jar:/home/runner/work/ozone/ozone/hadoop-hdds/managed-rocksdb/target/hdds-managed-rocksdb-2.1.0-SNAPSHOT.jar:/home/runner/work/ozone/ozone/hadoop-hdds/rocks-native/target/hdds-rocks-native-2.1.0-SNAPSHOT.jar:/home/runner/work/ozone/ozone/hadoop-hdds/framework/target/hdds-server-framework-2.1.0-SNAPSHOT.jar:/home/runner/.m2/repository/com/github/jnr/jnr-constants/0.10.4/jnr-constants-0.10.4.jar:/home/runner/.m2/repository/com/github/jnr/jnr-posix/3.1.20/jnr-posix-3.1.20.jar:/home/runner/.m2/repository/com/github/jnr/jnr-ffi/2.2.17/jnr-ffi-2.2.17.jar:/home/runner/.m2/repository/com/github/jnr/jffi/1.3.13/jffi-1.3.13.jar:/home/runner/.m2/repository/com/github/jnr/jffi/1.3.13/jffi-1.3.13-native.jar:/home/runner/.m2/repository/org/ow2/asm/asm/9.7.1/asm-9.7.1.jar:/home/runner/.m2/repository/org/ow2/asm/asm-commons/9.7.1/asm-commons-9.7.1.jar:/home/runner/.m2/repository/org/ow2/asm/asm-analysis/9.7.1/asm-analysis-9.7.1.jar:/home/runner/.m2/repository/org/ow2/asm/asm-tree/9.7.1/asm-tree-9.7.1.jar:/home/runner/.m2/repository/org/ow2/asm/asm-util/9.7.1/asm-util-9.7.1.jar:/home/runner/.m2/repository/com/github/jnr/jnr-a64asm/1.0.0/jnr-a64asm-1.0.0.jar:/home/runner/.m2/repository/com/github/jnr/jnr-x86asm/1.0.2/jnr-x86asm-1.0.2.jar:/home/runner/.m2/repository/commons-fileupload/commons-fileupload/1.6.0/commons-fileupload-1.6.0.jar:/home/runner/.m2/repository/io/grpc/grpc-api/1.71.0/grpc-api-1.71.0.jar:/home/runner/.m2/repository/io/prometheus/simpleclient/0.16.0/simpleclient-0.16.0.jar:/home/runner/.m2/repository/io/prometheus/simpleclient_common/0.16.0/simpleclient_common-0.16.0.jar:/home/runner/.m2/repository/io/prometheus/simpleclient_dropwizard/0.16.0/simpleclient_dropwizard-0.16.0.jar:/home/runner/.m2/repository/jakarta/ws/rs/jakarta.ws.rs-api/2.1.6/jakarta.ws.rs-api-2.1.6.jar:/home/runner/.m2/repository/org/eclipse/jetty/jetty-http/9.4.58.v20250814/jetty-http-9.4.58.v20250814.jar:/home/runner/.m2/repository/org/glassfish/jersey/containers/jersey-container-servlet-core/2.47/jersey-container-servlet-core-2.47.jar:/home/runner/.m2/repository/org/glassfish/jersey/core/jersey-server/2.47/jersey-server-2.47.jar:/home/runner/.m2/repository/org/glassfish/jersey/core/jersey-client/2.47/jersey-client-2.47.jar:/home/runner/.m2/repository/com/lmax/disruptor/3.4.4/disruptor-3.4.4.jar:/home/runner/.m2/repository/org/apache/logging/log4j/log4j-core/2.25.0/log4j-core-2.25.0.jar:/home/runner/work/ozone/ozone/hadoop-hdds/framework/target/hdds-server-framework-2.1.0-SNAPSHOT-tests.jar:/home/runner/work/ozone/ozone/hadoop-hdds/server-scm/target/hdds-server-scm-2.1.0-SNAPSHOT.jar:/home/runner/work/ozone/ozone/hadoop-hdds/server-scm/target/hdds-server-scm-2.1.0-SNAPSHOT-tests.jar:/home/runner/work/ozone/ozone/hadoop-hdds/test-utils/target/hdds-test-utils-2.1.0-SNAPSHOT-tests.jar:/home/runner/work/ozone/ozone/hadoop-ozone/cli-admin/target/ozone-cli-admin-2.1.0-SNAPSHOT.jar:/home/runner/work/ozone/ozone/hadoop-ozone/cli-shell/target/ozone-cli-shell-2.1.0-SNAPSHOT.jar:/home/runner/.m2/repository/info/picocli/picocli-shell-jline3/4.7.7/picocli-shell-jline3-4.7.7.jar:/home/runner/.m2/repository/org/jline/jline/3.30.6/jline-3.30.6.jar:/home/runner/work/ozone/ozone/hadoop-ozone/client/target/ozone-client-2.1.0-SNAPSHOT.jar:/home/runner/work/ozone/ozone/hadoop-ozone/common/target/ozone-common-2.1.0-SNAPSHOT.jar:/home/runner/.m2/repository/io/grpc/grpc-netty/1.71.0/grpc-netty-1.71.0.jar:/home/runner/.m2/repository/org/codehaus/mojo/animal-sniffer-annotations/1.24/animal-sniffer-annotations-1.24.jar:/home/runner/.m2/repository/io/grpc/grpc-core/1.71.0/grpc-core-1.71.0.jar:/home/runner/.m2/repository/com/google/android/annotations/4.1.1.4/annotations-4.1.1.4.jar:/home/runner/.m2/repository/io/grpc/grpc-context/1.71.0/grpc-context-1.71.0.jar:/home/runner/.m2/repository/io/perfmark/perfmark-api/0.27.0/perfmark-api-0.27.0.jar:/home/runner/.m2/repository/io/grpc/grpc-util/1.71.0/grpc-util-1.71.0.jar:/home/runner/.m2/repository/io/netty/netty-codec-http2/4.1.119.Final/netty-codec-http2-4.1.119.Final.jar:/home/runner/.m2/repository/io/netty/netty-handler-proxy/4.1.119.Final/netty-handler-proxy-4.1.119.Final.jar:/home/runner/.m2/repository/io/netty/netty-tcnative-boringssl-static/2.0.70.Final/netty-tcnative-boringssl-static-2.0.70.Final.jar:/home/runner/.m2/repository/io/netty/netty-tcnative-classes/2.0.70.Final/netty-tcnative-classes-2.0.70.Final.jar:/home/runner/.m2/repository/io/netty/netty-tcnative-boringssl-static/2.0.70.Final/netty-tcnative-boringssl-static-2.0.70.Final-linux-x86_64.jar:/home/runner/.m2/repository/io/netty/netty-tcnative-boringssl-static/2.0.70.Final/netty-tcnative-boringssl-static-2.0.70.Final-linux-aarch_64.jar:/home/runner/.m2/repository/io/netty/netty-tcnative-boringssl-static/2.0.70.Final/netty-tcnative-boringssl-static-2.0.70.Final-osx-x86_64.jar:/home/runner/.m2/repository/io/netty/netty-tcnative-boringssl-static/2.0.70.Final/netty-tcnative-boringssl-static-2.0.70.Final-osx-aarch_64.jar:/home/runner/.m2/repository/io/netty/netty-tcnative-boringssl-static/2.0.70.Final/netty-tcnative-boringssl-static-2.0.70.Final-windows-x86_64.jar:/home/runner/work/ozone/ozone/hadoop-ozone/csi/target/ozone-csi-2.1.0-SNAPSHOT.jar:/home/runner/.m2/repository/io/grpc/grpc-protobuf/1.71.0/grpc-protobuf-1.71.0.jar:/home/runner/.m2/repository/com/google/api/grpc/proto-google-common-protos/2.51.0/proto-google-common-protos-2.51.0.jar:/home/runner/.m2/repository/io/grpc/grpc-protobuf-lite/1.71.0/grpc-protobuf-lite-1.71.0.jar:/home/runner/.m2/repository/io/grpc/grpc-stub/1.71.0/grpc-stub-1.71.0.jar:/home/runner/.m2/repository/io/netty/netty-transport-classes-epoll/4.1.119.Final/netty-transport-classes-epoll-4.1.119.Final.jar:/home/runner/.m2/repository/io/netty/netty-transport-native-unix-common/4.1.119.Final/netty-transport-native-unix-common-4.1.119.Final.jar:/home/runner/.m2/repository/io/netty/netty-transport-native-epoll/4.1.119.Final/netty-transport-native-epoll-4.1.119.Final-linux-x86_64.jar:/home/runner/work/ozone/ozone/hadoop-ozone/ozonefs/target/ozone-filesystem-2.1.0-SNAPSHOT.jar:/home/runner/work/ozone/ozone/hadoop-ozone/ozonefs-common/target/ozone-filesystem-common-2.1.0-SNAPSHOT.jar:/home/runner/work/ozone/ozone/hadoop-ozone/freon/target/ozone-freon-2.1.0-SNAPSHOT.jar:/home/runner/.m2/repository/com/amazonaws/aws-java-sdk-core/1.12.788/aws-java-sdk-core-1.12.788.jar:/home/runner/.m2/repository/com/fasterxml/jackson/dataformat/jackson-dataformat-cbor/2.16.2/jackson-dataformat-cbor-2.16.2.jar:/home/runner/.m2/repository/joda-time/joda-time/2.12.7/joda-time-2.12.7.jar:/home/runner/.m2/repository/com/amazonaws/aws-java-sdk-s3/1.12.788/aws-java-sdk-s3-1.12.788.jar:/home/runner/.m2/repository/com/amazonaws/aws-java-sdk-kms/1.12.788/aws-java-sdk-kms-1.12.788.jar:/home/runner/.m2/repository/com/amazonaws/jmespath-java/1.12.788/jmespath-java-1.12.788.jar:/home/runner/work/ozone/ozone/hadoop-ozone/interface-client/target/ozone-interface-client-2.1.0-SNAPSHOT.jar:/home/runner/work/ozone/ozone/hadoop-ozone/interface-storage/target/ozone-interface-storage-2.1.0-SNAPSHOT.jar:/home/runner/work/ozone/ozone/hadoop-ozone/ozone-manager/target/ozone-manager-2.1.0-SNAPSHOT.jar:/home/runner/.m2/repository/com/sun/jersey/jersey-client/1.19.4/jersey-client-1.19.4.jar:/home/runner/.m2/repository/org/apache/commons/commons-pool2/2.12.1/commons-pool2-2.12.1.jar:/home/runner/.m2/repository/org/apache/ranger/ranger-plugins-common/2.6.0/ranger-plugins-common-2.6.0.jar:/home/runner/.m2/repository/com/fasterxml/jackson/jaxrs/jackson-jaxrs-base/2.16.2/jackson-jaxrs-base-2.16.2.jar:/home/runner/.m2/repository/com/kstruct/gethostname4j/1.0.0/gethostname4j-1.0.0.jar:/home/runner/.m2/repository/commons-lang/commons-lang/2.6/commons-lang-2.6.jar:/home/runner/.m2/repository/net/java/dev/jna/jna/5.2.0/jna-5.2.0.jar:/home/runner/.m2/repository/net/java/dev/jna/jna-platform/5.2.0/jna-platform-5.2.0.jar:/home/runner/.m2/repository/org/apache/ranger/ranger-plugin-classloader/2.6.0/ranger-plugin-classloader-2.6.0.jar:/home/runner/.m2/repository/org/apache/ranger/ranger-plugins-audit/2.6.0/ranger-plugins-audit-2.6.0.jar:/home/runner/.m2/repository/com/amazonaws/aws-java-sdk-logs/1.12.765/aws-java-sdk-logs-1.12.765.jar:/home/runner/.m2/repository/com/carrotsearch/hppc/0.8.0/hppc-0.8.0.jar:/home/runner/.m2/repository/io/airlift/aircompressor/0.27/aircompressor-0.27.jar:/home/runner/.m2/repository/org/apache/httpcomponents/httpasyncclient/4.1.4/httpasyncclient-4.1.4.jar:/home/runner/.m2/repository/org/apache/httpcomponents/httpcore-nio/4.4.16/httpcore-nio-4.4.16.jar:/home/runner/.m2/repository/org/apache/httpcomponents/httpmime/4.5.13/httpmime-4.5.13.jar:/home/runner/.m2/repository/org/apache/orc/orc-core/1.5.8/orc-core-1.5.8.jar:/home/runner/.m2/repository/org/apache/orc/orc-shims/1.5.8/orc-shims-1.5.8.jar:/home/runner/.m2/repository/org/apache/ranger/ranger-plugins-cred/2.6.0/ranger-plugins-cred-2.6.0.jar:/home/runner/.m2/repository/org/aspectj/aspectjrt/1.9.7/aspectjrt-1.9.7.jar:/home/runner/work/ozone/ozone/hadoop-ozone/ozone-manager/target/ozone-manager-2.1.0-SNAPSHOT-tests.jar:/home/runner/work/ozone/ozone/hadoop-ozone/mini-cluster/target/ozone-mini-cluster-2.1.0-SNAPSHOT.jar:/home/runner/work/ozone/ozone/hadoop-ozone/recon/target/ozone-recon-2.1.0-SNAPSHOT.jar:/home/runner/.m2/repository/aopalliance/aopalliance/1.0/aopalliance-1.0.jar:/home/runner/.m2/repository/com/google/inject/guice/6.0.0/guice-6.0.0.jar:/home/runner/.m2/repository/jakarta/inject/jakarta.inject-api/2.0.1/jakarta.inject-api-2.0.1.jar:/home/runner/.m2/repository/com/jolbox/bonecp/0.8.0.RELEASE/bonecp-0.8.0.RELEASE.jar:/home/runner/.m2/repository/jakarta/validation/jakarta.validation-api/2.0.2/jakarta.validation-api-2.0.2.jar:/home/runner/.m2/repository/javax/annotation/javax.annotation-api/1.3.2/javax.annotation-api-1.3.2.jar:/home/runner/.m2/repository/javax/inject/javax.inject/1/javax.inject-1.jar:/home/runner/.m2/repository/org/apache/derby/derby/10.14.2.0/derby-10.14.2.0.jar:/home/runner/.m2/repository/org/glassfish/hk2/guice-bridge/2.6.1/guice-bridge-2.6.1.jar:/home/runner/.m2/repository/org/glassfish/hk2/hk2-api/2.6.1/hk2-api-2.6.1.jar:/home/runner/.m2/repository/org/glassfish/hk2/hk2-utils/2.6.1/hk2-utils-2.6.1.jar:/home/runner/.m2/repository/org/glassfish/hk2/external/aopalliance-repackaged/2.6.1/aopalliance-repackaged-2.6.1.jar:/home/runner/.m2/repository/org/glassfish/jersey/core/jersey-common/2.47/jersey-common-2.47.jar:/home/runner/.m2/repository/org/glassfish/hk2/osgi-resource-locator/1.0.3/osgi-resource-locator-1.0.3.jar:/home/runner/.m2/repository/org/jooq/jooq/3.11.10/jooq-3.11.10.jar:/home/runner/.m2/repository/org/springframework/spring-core/5.3.39/spring-core-5.3.39.jar:/home/runner/.m2/repository/org/springframework/spring-jdbc/5.3.39/spring-jdbc-5.3.39.jar:/home/runner/.m2/repository/org/springframework/spring-beans/5.3.39/spring-beans-5.3.39.jar:/home/runner/.m2/repository/org/springframework/spring-tx/5.3.39/spring-tx-5.3.39.jar:/home/runner/.m2/repository/org/xerial/sqlite-jdbc/3.50.3.0/sqlite-jdbc-3.50.3.0.jar:/home/runner/.m2/repository/com/google/inject/extensions/guice-assistedinject/6.0.0/guice-assistedinject-6.0.0.jar:/home/runner/.m2/repository/org/glassfish/hk2/external/jakarta.inject/2.6.1/jakarta.inject-2.6.1.jar:/home/runner/.m2/repository/org/glassfish/jersey/inject/jersey-hk2/2.47/jersey-hk2-2.47.jar:/home/runner/.m2/repository/org/glassfish/hk2/hk2-locator/2.6.1/hk2-locator-2.6.1.jar:/home/runner/.m2/repository/org/glassfish/jersey/media/jersey-media-jaxb/2.47/jersey-media-jaxb-2.47.jar:/home/runner/.m2/repository/org/glassfish/jersey/media/jersey-media-json-jackson/2.47/jersey-media-json-jackson-2.47.jar:/home/runner/.m2/repository/org/glassfish/jersey/ext/jersey-entity-filtering/2.47/jersey-entity-filtering-2.47.jar:/home/runner/work/ozone/ozone/hadoop-ozone/recon-codegen/target/ozone-reconcodegen-2.1.0-SNAPSHOT.jar:/home/runner/.m2/repository/org/jooq/jooq-codegen/3.11.10/jooq-codegen-3.11.10.jar:/home/runner/.m2/repository/org/jooq/jooq-meta/3.11.10/jooq-meta-3.11.10.jar:/home/runner/work/ozone/ozone/hadoop-ozone/s3gateway/target/ozone-s3gateway-2.1.0-SNAPSHOT.jar:/home/runner/work/ozone/ozone/hadoop-ozone/tools/target/ozone-tools-2.1.0-SNAPSHOT.jar:/home/runner/.m2/repository/com/github/vlsi/mxgraph/jgraphx/3.9.12/jgraphx-3.9.12.jar:/home/runner/.m2/repository/org/apache/ratis/ratis-shell/3.2.0/ratis-shell-3.2.0.jar:/home/runner/.m2/repository/org/apache/ratis/ratis-tools/3.2.0/ratis-tools-3.2.0.jar:/home/runner/.m2/repository/org/jgrapht/jgrapht-core/1.4.0/jgrapht-core-1.4.0.jar:/home/runner/.m2/repository/org/jheaps/jheaps/0.11/jheaps-0.11.jar:/home/runner/.m2/repository/org/jgrapht/jgrapht-ext/1.4.0/jgrapht-ext-1.4.0.jar:/home/runner/work/ozone/ozone/hadoop-hdds/rocksdb-checkpoint-differ/target/rocksdb-checkpoint-differ-2.1.0-SNAPSHOT.jar:/home/runner/.m2/repository/org/apache/ranger/ranger-intg/2.6.0/ranger-intg-2.6.0.jar:/home/runner/.m2/repository/org/apache/ratis/ratis-client/3.2.0/ratis-client-3.2.0.jar:/home/runner/.m2/repository/org/apache/ratis/ratis-common/3.2.0/ratis-common-3.2.0.jar:/home/runner/.m2/repository/org/apache/ratis/ratis-grpc/3.2.0/ratis-grpc-3.2.0.jar:/home/runner/.m2/repository/org/apache/ratis/ratis-metrics-api/3.2.0/ratis-metrics-api-3.2.0.jar:/home/runner/.m2/repository/org/apache/ratis/ratis-proto/3.2.0/ratis-proto-3.2.0.jar:/home/runner/.m2/repository/org/apache/ratis/ratis-server/3.2.0/ratis-server-3.2.0.jar:/home/runner/.m2/repository/org/apache/ratis/ratis-server-api/3.2.0/ratis-server-api-3.2.0.jar:/home/runner/.m2/repository/org/apache/ratis/ratis-thirdparty-misc/1.0.9/ratis-thirdparty-misc-1.0.9.jar:/home/runner/.m2/repository/org/bouncycastle/bcpkix-jdk18on/1.81/bcpkix-jdk18on-1.81.jar:/home/runner/.m2/repository/org/bouncycastle/bcutil-jdk18on/1.81/bcutil-jdk18on-1.81.jar:/home/runner/.m2/repository/org/hamcrest/hamcrest/2.2/hamcrest-2.2.jar:/home/runner/.m2/repository/org/reflections/reflections/0.10.2/reflections-0.10.2.jar:/home/runner/.m2/repository/org/javassist/javassist/3.30.2-GA/javassist-3.30.2-GA.jar:/home/runner/.m2/repository/org/rocksdb/rocksdbjni/7.7.3/rocksdbjni-7.7.3.jar:/home/runner/.m2/repository/org/slf4j/jul-to-slf4j/2.0.17/jul-to-slf4j-2.0.17.jar:/home/runner/.m2/repository/org/slf4j/slf4j-api/2.0.17/slf4j-api-2.0.17.jar:/home/runner/.m2/repository/org/assertj/assertj-core/3.27.4/assertj-core-3.27.4.jar:/home/runner/.m2/repository/net/bytebuddy/byte-buddy/1.15.11/byte-buddy-1.15.11.jar:/home/runner/.m2/repository/org/junit/jupiter/junit-jupiter-api/5.13.4/junit-jupiter-api-5.13.4.jar:/home/runner/.m2/repository/org/opentest4j/opentest4j/1.3.0/opentest4j-1.3.0.jar:/home/runner/.m2/repository/org/junit/platform/junit-platform-commons/1.13.4/junit-platform-commons-1.13.4.jar:/home/runner/.m2/repository/org/apiguardian/apiguardian-api/1.1.2/apiguardian-api-1.1.2.jar:/home/runner/.m2/repository/org/junit/jupiter/junit-jupiter-params/5.13.4/junit-jupiter-params-5.13.4.jar:/home/runner/.m2/repository/org/mockito/mockito-core/4.11.0/mockito-core-4.11.0.jar:/home/runner/.m2/repository/net/bytebuddy/byte-buddy-agent/1.12.19/byte-buddy-agent-1.12.19.jar:/home/runner/.m2/repository/org/objenesis/objenesis/3.3/objenesis-3.3.jar:/home/runner/.m2/repository/org/mockito/mockito-inline/4.11.0/mockito-inline-4.11.0.jar:/home/runner/.m2/repository/org/mockito/mockito-junit-jupiter/4.11.0/mockito-junit-jupiter-4.11.0.jar:/home/runner/work/ozone/ozone/hadoop-ozone/integration-test/target/gradle-enterprise/test-listeners.jar:"/>
    <property name="java.vm.vendor" value="Eclipse Adoptium"/>
    <property name="sun.arch.data.model" value="64"/>
    <property name="test.build.dir" value="/home/runner/work/ozone/ozone/hadoop-ozone/integration-test/target/test-dir"/>
    <property name="test.cache.data" value=""/>
    <property name="java.vendor.url" value="https://adoptium.net/"/>
    <property name="user.timezone" value="Etc/UTC"/>
    <property name="maven-surefire-plugin.argLineAccessArgs" value=" --add-opens java.management/com.sun.jmx.mbeanserver=ALL-UNNAMED --add-exports java.management/com.sun.jmx.mbeanserver=ALL-UNNAMED --add-opens java.base/java.nio=ALL-UNNAMED --add-opens java.base/java.lang=ALL-UNNAMED --add-opens java.base/java.lang.reflect=ALL-UNNAMED"/>
    <property name="os.name" value="Linux"/>
    <property name="java.vm.specification.version" value="21"/>
    <property name="test.build.data" value="/home/runner/work/ozone/ozone/hadoop-ozone/integration-test/target/test-dir"/>
    <property name="sun.java.launcher" value="SUN_STANDARD"/>
    <property name="sun.boot.library.path" value="/usr/lib/jvm/temurin-21-jdk-amd64/lib"/>
    <property name="sun.java.command" value="/home/runner/work/ozone/ozone/hadoop-ozone/integration-test/target/surefire/surefirebooter-20250913172325941_177.jar /home/runner/work/ozone/ozone/hadoop-ozone/integration-test/target/surefire 2025-09-13T17-19-18_148-jvmRun1 surefire-20250913172325941_175tmp surefire_24-20250913172325941_176tmp"/>
    <property name="jdk.debug" value="release"/>
    <property name="native.lib.tmp.dir" value="/tmp"/>
    <property name="surefire.test.class.path" value="/home/runner/work/ozone/ozone/hadoop-ozone/integration-test/target/test-classes:/home/runner/work/ozone/ozone/hadoop-ozone/integration-test/target/classes:/home/runner/.m2/repository/ch/qos/reload4j/reload4j/1.2.26/reload4j-1.2.26.jar:/home/runner/.m2/repository/com/fasterxml/jackson/core/jackson-core/2.16.2/jackson-core-2.16.2.jar:/home/runner/.m2/repository/com/fasterxml/jackson/core/jackson-databind/2.16.2/jackson-databind-2.16.2.jar:/home/runner/.m2/repository/com/fasterxml/jackson/core/jackson-annotations/2.16.2/jackson-annotations-2.16.2.jar:/home/runner/.m2/repository/com/github/stephenc/jcip/jcip-annotations/1.0-1/jcip-annotations-1.0-1.jar:/home/runner/.m2/repository/com/google/guava/guava/33.4.8-jre/guava-33.4.8-jre.jar:/home/runner/.m2/repository/com/google/guava/failureaccess/1.0.3/failureaccess-1.0.3.jar:/home/runner/.m2/repository/com/google/guava/listenablefuture/9999.0-empty-to-avoid-conflict-with-guava/listenablefuture-9999.0-empty-to-avoid-conflict-with-guava.jar:/home/runner/.m2/repository/org/jspecify/jspecify/1.0.0/jspecify-1.0.0.jar:/home/runner/.m2/repository/com/google/errorprone/error_prone_annotations/2.29.2/error_prone_annotations-2.29.2.jar:/home/runner/.m2/repository/com/google/j2objc/j2objc-annotations/3.0.0/j2objc-annotations-3.0.0.jar:/home/runner/.m2/repository/com/google/protobuf/protobuf-java/2.5.0/protobuf-java-2.5.0.jar:/home/runner/.m2/repository/com/squareup/okhttp3/okhttp/4.12.0/okhttp-4.12.0.jar:/home/runner/.m2/repository/com/squareup/okio/okio/3.6.0/okio-3.6.0.jar:/home/runner/.m2/repository/com/squareup/okio/okio-jvm/3.6.0/okio-jvm-3.6.0.jar:/home/runner/.m2/repository/org/jetbrains/kotlin/kotlin-stdlib-common/1.9.25/kotlin-stdlib-common-1.9.25.jar:/home/runner/.m2/repository/org/jetbrains/kotlin/kotlin-stdlib-jdk8/1.9.25/kotlin-stdlib-jdk8-1.9.25.jar:/home/runner/.m2/repository/org/jetbrains/kotlin/kotlin-stdlib/1.9.25/kotlin-stdlib-1.9.25.jar:/home/runner/.m2/repository/org/jetbrains/annotations/13.0/annotations-13.0.jar:/home/runner/.m2/repository/org/jetbrains/kotlin/kotlin-stdlib-jdk7/1.9.25/kotlin-stdlib-jdk7-1.9.25.jar:/home/runner/.m2/repository/commons-codec/commons-codec/1.18.0/commons-codec-1.18.0.jar:/home/runner/.m2/repository/commons-io/commons-io/2.18.0/commons-io-2.18.0.jar:/home/runner/.m2/repository/commons-validator/commons-validator/1.6/commons-validator-1.6.jar:/home/runner/.m2/repository/commons-beanutils/commons-beanutils/1.11.0/commons-beanutils-1.11.0.jar:/home/runner/.m2/repository/commons-digester/commons-digester/1.8.1/commons-digester-1.8.1.jar:/home/runner/.m2/repository/commons-collections/commons-collections/3.2.2/commons-collections-3.2.2.jar:/home/runner/.m2/repository/info/picocli/picocli/4.7.7/picocli-4.7.7.jar:/home/runner/.m2/repository/jakarta/annotation/jakarta.annotation-api/2.1.1/jakarta.annotation-api-2.1.1.jar:/home/runner/.m2/repository/jakarta/xml/bind/jakarta.xml.bind-api/2.3.3/jakarta.xml.bind-api-2.3.3.jar:/home/runner/.m2/repository/jakarta/activation/jakarta.activation-api/1.2.2/jakarta.activation-api-1.2.2.jar:/home/runner/.m2/repository/javax/servlet/javax.servlet-api/3.1.0/javax.servlet-api-3.1.0.jar:/home/runner/.m2/repository/javax/ws/rs/jsr311-api/1.1.1/jsr311-api-1.1.1.jar:/home/runner/.m2/repository/org/apache/commons/commons-compress/1.27.1/commons-compress-1.27.1.jar:/home/runner/.m2/repository/org/apache/commons/commons-lang3/3.18.0/commons-lang3-3.18.0.jar:/home/runner/.m2/repository/org/apache/commons/commons-text/1.13.1/commons-text-1.13.1.jar:/home/runner/.m2/repository/org/apache/hadoop/hadoop-auth/3.4.1/hadoop-auth-3.4.1.jar:/home/runner/.m2/repository/com/nimbusds/nimbus-jose-jwt/10.4/nimbus-jose-jwt-10.4.jar:/home/runner/.m2/repository/io/dropwizard/metrics/metrics-core/3.2.6/metrics-core-3.2.6.jar:/home/runner/.m2/repository/org/apache/kerby/kerb-core/1.0.1/kerb-core-1.0.1.jar:/home/runner/.m2/repository/org/apache/kerby/kerby-pkix/1.0.1/kerby-pkix-1.0.1.jar:/home/runner/.m2/repository/org/apache/kerby/kerby-asn1/1.0.1/kerby-asn1-1.0.1.jar:/home/runner/.m2/repository/org/apache/kerby/kerb-util/1.0.1/kerb-util-1.0.1.jar:/home/runner/.m2/repository/org/apache/kerby/kerby-config/1.0.1/kerby-config-1.0.1.jar:/home/runner/.m2/repository/org/apache/kerby/kerb-crypto/1.0.1/kerb-crypto-1.0.1.jar:/home/runner/.m2/repository/org/apache/hadoop/thirdparty/hadoop-shaded-guava/1.3.0/hadoop-shaded-guava-1.3.0.jar:/home/runner/.m2/repository/org/apache/hadoop/hadoop-common/3.4.1/hadoop-common-3.4.1.jar:/home/runner/.m2/repository/org/apache/hadoop/thirdparty/hadoop-shaded-protobuf_3_25/1.4.0/hadoop-shaded-protobuf_3_25-1.4.0.jar:/home/runner/.m2/repository/org/apache/hadoop/hadoop-annotations/3.4.1/hadoop-annotations-3.4.1.jar:/home/runner/.m2/repository/commons-cli/commons-cli/1.8.0/commons-cli-1.8.0.jar:/home/runner/.m2/repository/commons-net/commons-net/3.11.1/commons-net-3.11.1.jar:/home/runner/.m2/repository/org/eclipse/jetty/jetty-server/9.4.58.v20250814/jetty-server-9.4.58.v20250814.jar:/home/runner/.m2/repository/org/eclipse/jetty/jetty-io/9.4.58.v20250814/jetty-io-9.4.58.v20250814.jar:/home/runner/.m2/repository/org/eclipse/jetty/jetty-util/9.4.58.v20250814/jetty-util-9.4.58.v20250814.jar:/home/runner/.m2/repository/org/eclipse/jetty/jetty-servlet/9.4.58.v20250814/jetty-servlet-9.4.58.v20250814.jar:/home/runner/.m2/repository/org/eclipse/jetty/jetty-security/9.4.58.v20250814/jetty-security-9.4.58.v20250814.jar:/home/runner/.m2/repository/org/eclipse/jetty/jetty-webapp/9.4.58.v20250814/jetty-webapp-9.4.58.v20250814.jar:/home/runner/.m2/repository/org/eclipse/jetty/jetty-xml/9.4.58.v20250814/jetty-xml-9.4.58.v20250814.jar:/home/runner/.m2/repository/javax/servlet/jsp/jsp-api/2.1/jsp-api-2.1.jar:/home/runner/.m2/repository/org/codehaus/jettison/jettison/1.5.4/jettison-1.5.4.jar:/home/runner/.m2/repository/org/apache/commons/commons-configuration2/2.12.0/commons-configuration2-2.12.0.jar:/home/runner/.m2/repository/com/google/re2j/re2j/1.7/re2j-1.7.jar:/home/runner/.m2/repository/com/google/code/gson/gson/2.13.1/gson-2.13.1.jar:/home/runner/.m2/repository/com/jcraft/jsch/0.1.55/jsch-0.1.55.jar:/home/runner/.m2/repository/io/netty/netty-handler/4.1.119.Final/netty-handler-4.1.119.Final.jar:/home/runner/.m2/repository/io/netty/netty-resolver/4.1.119.Final/netty-resolver-4.1.119.Final.jar:/home/runner/.m2/repository/io/netty/netty-transport-native-epoll/4.1.119.Final/netty-transport-native-epoll-4.1.119.Final.jar:/home/runner/.m2/repository/org/bouncycastle/bcprov-jdk18on/1.81/bcprov-jdk18on-1.81.jar:/home/runner/.m2/repository/org/codehaus/woodstox/stax2-api/4.2.1/stax2-api-4.2.1.jar:/home/runner/.m2/repository/com/fasterxml/woodstox/woodstox-core/5.4.0/woodstox-core-5.4.0.jar:/home/runner/.m2/repository/dnsjava/dnsjava/3.6.1/dnsjava-3.6.1.jar:/home/runner/.m2/repository/org/apache/hadoop/hadoop-common/3.4.1/hadoop-common-3.4.1-tests.jar:/home/runner/.m2/repository/org/apache/commons/commons-math3/3.6.1/commons-math3-3.6.1.jar:/home/runner/.m2/repository/com/sun/jersey/jersey-core/1.19.4/jersey-core-1.19.4.jar:/home/runner/.m2/repository/com/sun/jersey/jersey-servlet/1.19.4/jersey-servlet-1.19.4.jar:/home/runner/.m2/repository/com/github/pjfanning/jersey-json/1.22.0/jersey-json-1.22.0.jar:/home/runner/.m2/repository/com/sun/xml/bind/jaxb-impl/2.2.3-1/jaxb-impl-2.2.3-1.jar:/home/runner/.m2/repository/com/sun/jersey/jersey-server/1.19.4/jersey-server-1.19.4.jar:/home/runner/.m2/repository/org/slf4j/slf4j-reload4j/2.0.17/slf4j-reload4j-2.0.17.jar:/home/runner/.m2/repository/org/apache/avro/avro/1.9.2/avro-1.9.2.jar:/home/runner/.m2/repository/org/apache/curator/curator-client/4.2.0/curator-client-4.2.0.jar:/home/runner/.m2/repository/org/apache/curator/curator-recipes/5.2.0/curator-recipes-5.2.0.jar:/home/runner/.m2/repository/org/apache/curator/curator-framework/4.2.0/curator-framework-4.2.0.jar:/home/runner/.m2/repository/com/google/code/findbugs/jsr305/3.0.2/jsr305-3.0.2.jar:/home/runner/.m2/repository/org/apache/zookeeper/zookeeper/3.8.4/zookeeper-3.8.4.jar:/home/runner/.m2/repository/org/apache/zookeeper/zookeeper-jute/3.8.4/zookeeper-jute-3.8.4.jar:/home/runner/.m2/repository/org/apache/yetus/audience-annotations/0.12.0/audience-annotations-0.12.0.jar:/home/runner/.m2/repository/org/xerial/snappy/snappy-java/1.1.10.8/snappy-java-1.1.10.8.jar:/home/runner/.m2/repository/org/apache/hadoop/hadoop-distcp/3.4.1/hadoop-distcp-3.4.1.jar:/home/runner/.m2/repository/org/apache/hadoop/hadoop-distcp/3.4.1/hadoop-distcp-3.4.1-tests.jar:/home/runner/.m2/repository/org/apache/hadoop/hadoop-hdfs/3.4.1/hadoop-hdfs-3.4.1.jar:/home/runner/.m2/repository/org/eclipse/jetty/jetty-util-ajax/9.4.58.v20250814/jetty-util-ajax-9.4.58.v20250814.jar:/home/runner/.m2/repository/commons-daemon/commons-daemon/1.4.0/commons-daemon-1.4.0.jar:/home/runner/.m2/repository/org/apache/hadoop/hadoop-hdfs/3.4.1/hadoop-hdfs-3.4.1-tests.jar:/home/runner/.m2/repository/io/netty/netty-all/4.1.119.Final/netty-all-4.1.119.Final.jar:/home/runner/.m2/repository/io/netty/netty-codec-dns/4.1.119.Final/netty-codec-dns-4.1.119.Final.jar:/home/runner/.m2/repository/io/netty/netty-codec-haproxy/4.1.119.Final/netty-codec-haproxy-4.1.119.Final.jar:/home/runner/.m2/repository/io/netty/netty-codec-http/4.1.119.Final/netty-codec-http-4.1.119.Final.jar:/home/runner/.m2/repository/io/netty/netty-codec-memcache/4.1.119.Final/netty-codec-memcache-4.1.119.Final.jar:/home/runner/.m2/repository/io/netty/netty-codec-mqtt/4.1.119.Final/netty-codec-mqtt-4.1.119.Final.jar:/home/runner/.m2/repository/io/netty/netty-codec-redis/4.1.119.Final/netty-codec-redis-4.1.119.Final.jar:/home/runner/.m2/repository/io/netty/netty-codec-smtp/4.1.119.Final/netty-codec-smtp-4.1.119.Final.jar:/home/runner/.m2/repository/io/netty/netty-codec-socks/4.1.119.Final/netty-codec-socks-4.1.119.Final.jar:/home/runner/.m2/repository/io/netty/netty-codec-stomp/4.1.119.Final/netty-codec-stomp-4.1.119.Final.jar:/home/runner/.m2/repository/io/netty/netty-codec-xml/4.1.119.Final/netty-codec-xml-4.1.119.Final.jar:/home/runner/.m2/repository/io/netty/netty-handler-ssl-ocsp/4.1.119.Final/netty-handler-ssl-ocsp-4.1.119.Final.jar:/home/runner/.m2/repository/io/netty/netty-resolver-dns/4.1.119.Final/netty-resolver-dns-4.1.119.Final.jar:/home/runner/.m2/repository/io/netty/netty-transport-rxtx/4.1.119.Final/netty-transport-rxtx-4.1.119.Final.jar:/home/runner/.m2/repository/io/netty/netty-transport-sctp/4.1.119.Final/netty-transport-sctp-4.1.119.Final.jar:/home/runner/.m2/repository/io/netty/netty-transport-udt/4.1.119.Final/netty-transport-udt-4.1.119.Final.jar:/home/runner/.m2/repository/io/netty/netty-transport-classes-kqueue/4.1.119.Final/netty-transport-classes-kqueue-4.1.119.Final.jar:/home/runner/.m2/repository/io/netty/netty-resolver-dns-classes-macos/4.1.119.Final/netty-resolver-dns-classes-macos-4.1.119.Final.jar:/home/runner/.m2/repository/io/netty/netty-transport-native-epoll/4.1.119.Final/netty-transport-native-epoll-4.1.119.Final-linux-aarch_64.jar:/home/runner/.m2/repository/io/netty/netty-transport-native-epoll/4.1.119.Final/netty-transport-native-epoll-4.1.119.Final-linux-riscv64.jar:/home/runner/.m2/repository/io/netty/netty-transport-native-kqueue/4.1.119.Final/netty-transport-native-kqueue-4.1.119.Final-osx-x86_64.jar:/home/runner/.m2/repository/io/netty/netty-transport-native-kqueue/4.1.119.Final/netty-transport-native-kqueue-4.1.119.Final-osx-aarch_64.jar:/home/runner/.m2/repository/io/netty/netty-resolver-dns-native-macos/4.1.119.Final/netty-resolver-dns-native-macos-4.1.119.Final-osx-x86_64.jar:/home/runner/.m2/repository/io/netty/netty-resolver-dns-native-macos/4.1.119.Final/netty-resolver-dns-native-macos-4.1.119.Final-osx-aarch_64.jar:/home/runner/.m2/repository/org/fusesource/leveldbjni/leveldbjni-all/1.8/leveldbjni-all-1.8.jar:/home/runner/.m2/repository/org/apache/hadoop/hadoop-hdfs-client/3.4.1/hadoop-hdfs-client-3.4.1.jar:/home/runner/.m2/repository/org/apache/hadoop/hadoop-kms/3.4.1/hadoop-kms-3.4.1.jar:/home/runner/.m2/repository/org/apache/hadoop/hadoop-kms/3.4.1/hadoop-kms-3.4.1-tests.jar:/home/runner/.m2/repository/org/apache/hadoop/hadoop-mapreduce-client-core/3.4.1/hadoop-mapreduce-client-core-3.4.1.jar:/home/runner/.m2/repository/org/apache/hadoop/hadoop-yarn-client/3.4.1/hadoop-yarn-client-3.4.1.jar:/home/runner/.m2/repository/org/eclipse/jetty/websocket/websocket-client/9.4.53.v20231009/websocket-client-9.4.53.v20231009.jar:/home/runner/.m2/repository/org/eclipse/jetty/jetty-client/9.4.58.v20250814/jetty-client-9.4.58.v20250814.jar:/home/runner/.m2/repository/org/eclipse/jetty/websocket/websocket-common/9.4.53.v20231009/websocket-common-9.4.53.v20231009.jar:/home/runner/.m2/repository/org/eclipse/jetty/websocket/websocket-api/9.4.53.v20231009/websocket-api-9.4.53.v20231009.jar:/home/runner/.m2/repository/org/apache/hadoop/hadoop-yarn-api/3.4.1/hadoop-yarn-api-3.4.1.jar:/home/runner/.m2/repository/org/apache/hadoop/hadoop-yarn-common/3.4.1/hadoop-yarn-common-3.4.1.jar:/home/runner/.m2/repository/javax/xml/bind/jaxb-api/2.2.11/jaxb-api-2.2.11.jar:/home/runner/.m2/repository/com/sun/jersey/contribs/jersey-guice/1.19.4/jersey-guice-1.19.4.jar:/home/runner/.m2/repository/com/fasterxml/jackson/module/jackson-module-jaxb-annotations/2.16.2/jackson-module-jaxb-annotations-2.16.2.jar:/home/runner/.m2/repository/com/fasterxml/jackson/jaxrs/jackson-jaxrs-json-provider/2.16.2/jackson-jaxrs-json-provider-2.16.2.jar:/home/runner/.m2/repository/com/google/inject/extensions/guice-servlet/6.0.0/guice-servlet-6.0.0.jar:/home/runner/.m2/repository/org/apache/hadoop/hadoop-mapreduce-client-jobclient/3.4.1/hadoop-mapreduce-client-jobclient-3.4.1.jar:/home/runner/.m2/repository/org/apache/hadoop/hadoop-mapreduce-client-common/3.4.1/hadoop-mapreduce-client-common-3.4.1.jar:/home/runner/.m2/repository/org/apache/hadoop/hadoop-minikdc/3.4.1/hadoop-minikdc-3.4.1.jar:/home/runner/.m2/repository/org/apache/kerby/kerb-simplekdc/2.0.3/kerb-simplekdc-2.0.3.jar:/home/runner/.m2/repository/org/apache/kerby/kerb-client/2.0.3/kerb-client-2.0.3.jar:/home/runner/.m2/repository/org/apache/kerby/kerb-common/2.0.3/kerb-common-2.0.3.jar:/home/runner/.m2/repository/org/apache/kerby/token-provider/2.0.3/token-provider-2.0.3.jar:/home/runner/.m2/repository/org/apache/kerby/kerb-admin/2.0.3/kerb-admin-2.0.3.jar:/home/runner/.m2/repository/org/apache/kerby/kerb-server/2.0.3/kerb-server-2.0.3.jar:/home/runner/.m2/repository/org/apache/kerby/kerb-identity/2.0.3/kerb-identity-2.0.3.jar:/home/runner/.m2/repository/org/apache/kerby/kerby-xdr/2.0.3/kerby-xdr-2.0.3.jar:/home/runner/.m2/repository/junit/junit/4.13.2/junit-4.13.2.jar:/home/runner/.m2/repository/org/hamcrest/hamcrest-core/1.3/hamcrest-core-1.3.jar:/home/runner/.m2/repository/org/apache/httpcomponents/httpclient/4.5.14/httpclient-4.5.14.jar:/home/runner/.m2/repository/org/apache/httpcomponents/httpcore/4.4.16/httpcore-4.4.16.jar:/home/runner/.m2/repository/org/apache/kerby/kerby-util/1.0.1/kerby-util-1.0.1.jar:/home/runner/work/ozone/ozone/hadoop-hdds/client/target/hdds-client-2.1.0-SNAPSHOT.jar:/home/runner/.m2/repository/io/opentracing/opentracing-api/0.33.0/opentracing-api-0.33.0.jar:/home/runner/.m2/repository/io/opentracing/opentracing-util/0.33.0/opentracing-util-0.33.0.jar:/home/runner/.m2/repository/io/opentracing/opentracing-noop/0.33.0/opentracing-noop-0.33.0.jar:/home/runner/work/ozone/ozone/hadoop-hdds/erasurecode/target/hdds-erasurecode-2.1.0-SNAPSHOT.jar:/home/runner/work/ozone/ozone/hadoop-hdds/common/target/hdds-common-2.1.0-SNAPSHOT.jar:/home/runner/.m2/repository/com/fasterxml/jackson/datatype/jackson-datatype-jsr310/2.16.2/jackson-datatype-jsr310-2.16.2.jar:/home/runner/.m2/repository/io/jaegertracing/jaeger-core/1.8.1/jaeger-core-1.8.1.jar:/home/runner/.m2/repository/org/apache/commons/commons-collections4/4.4/commons-collections4-4.4.jar:/home/runner/.m2/repository/org/apache/ratis/ratis-netty/3.2.0/ratis-netty-3.2.0.jar:/home/runner/.m2/repository/org/yaml/snakeyaml/2.0/snakeyaml-2.0.jar:/home/runner/.m2/repository/io/jaegertracing/jaeger-client/1.8.1/jaeger-client-1.8.1.jar:/home/runner/.m2/repository/io/jaegertracing/jaeger-thrift/1.8.1/jaeger-thrift-1.8.1.jar:/home/runner/.m2/repository/org/apache/thrift/libthrift/0.15.0/libthrift-0.15.0.jar:/home/runner/.m2/repository/io/jaegertracing/jaeger-tracerresolver/1.8.1/jaeger-tracerresolver-1.8.1.jar:/home/runner/.m2/repository/io/opentracing/contrib/opentracing-tracerresolver/0.1.8/opentracing-tracerresolver-0.1.8.jar:/home/runner/.m2/repository/org/apache/ratis/ratis-metrics-dropwizard3/3.2.0/ratis-metrics-dropwizard3-3.2.0.jar:/home/runner/.m2/repository/org/slf4j/jcl-over-slf4j/2.0.17/jcl-over-slf4j-2.0.17.jar:/home/runner/work/ozone/ozone/hadoop-hdds/common/target/hdds-common-2.1.0-SNAPSHOT-tests.jar:/home/runner/work/ozone/ozone/hadoop-hdds/config/target/hdds-config-2.1.0-SNAPSHOT.jar:/home/runner/work/ozone/ozone/hadoop-hdds/container-service/target/hdds-container-service-2.1.0-SNAPSHOT.jar:/home/runner/.m2/repository/io/netty/netty-buffer/4.1.119.Final/netty-buffer-4.1.119.Final.jar:/home/runner/.m2/repository/io/netty/netty-codec/4.1.119.Final/netty-codec-4.1.119.Final.jar:/home/runner/.m2/repository/io/netty/netty-common/4.1.119.Final/netty-common-4.1.119.Final.jar:/home/runner/.m2/repository/io/netty/netty-transport/4.1.119.Final/netty-transport-4.1.119.Final.jar:/home/runner/.m2/repository/org/apache/logging/log4j/log4j-api/2.25.0/log4j-api-2.25.0.jar:/home/runner/.m2/repository/com/github/luben/zstd-jni/1.5.7-4/zstd-jni-1.5.7-4.jar:/home/runner/.m2/repository/log4j/apache-log4j-extras/1.2.17/apache-log4j-extras-1.2.17.jar:/home/runner/.m2/repository/org/glassfish/jaxb/jaxb-runtime/2.3.9/jaxb-runtime-2.3.9.jar:/home/runner/.m2/repository/org/glassfish/jaxb/txw2/2.3.9/txw2-2.3.9.jar:/home/runner/.m2/repository/com/sun/istack/istack-commons-runtime/3.0.12/istack-commons-runtime-3.0.12.jar:/home/runner/.m2/repository/com/sun/activation/jakarta.activation/1.2.2/jakarta.activation-1.2.2.jar:/home/runner/work/ozone/ozone/hadoop-hdds/container-service/target/hdds-container-service-2.1.0-SNAPSHOT-tests.jar:/home/runner/work/ozone/ozone/hadoop-hdds/interface-admin/target/hdds-interface-admin-2.1.0-SNAPSHOT.jar:/home/runner/work/ozone/ozone/hadoop-hdds/interface-client/target/hdds-interface-client-2.1.0-SNAPSHOT.jar:/home/runner/work/ozone/ozone/hadoop-hdds/interface-server/target/hdds-interface-server-2.1.0-SNAPSHOT.jar:/home/runner/work/ozone/ozone/hadoop-hdds/managed-rocksdb/target/hdds-managed-rocksdb-2.1.0-SNAPSHOT.jar:/home/runner/work/ozone/ozone/hadoop-hdds/rocks-native/target/hdds-rocks-native-2.1.0-SNAPSHOT.jar:/home/runner/work/ozone/ozone/hadoop-hdds/framework/target/hdds-server-framework-2.1.0-SNAPSHOT.jar:/home/runner/.m2/repository/com/github/jnr/jnr-constants/0.10.4/jnr-constants-0.10.4.jar:/home/runner/.m2/repository/com/github/jnr/jnr-posix/3.1.20/jnr-posix-3.1.20.jar:/home/runner/.m2/repository/com/github/jnr/jnr-ffi/2.2.17/jnr-ffi-2.2.17.jar:/home/runner/.m2/repository/com/github/jnr/jffi/1.3.13/jffi-1.3.13.jar:/home/runner/.m2/repository/com/github/jnr/jffi/1.3.13/jffi-1.3.13-native.jar:/home/runner/.m2/repository/org/ow2/asm/asm/9.7.1/asm-9.7.1.jar:/home/runner/.m2/repository/org/ow2/asm/asm-commons/9.7.1/asm-commons-9.7.1.jar:/home/runner/.m2/repository/org/ow2/asm/asm-analysis/9.7.1/asm-analysis-9.7.1.jar:/home/runner/.m2/repository/org/ow2/asm/asm-tree/9.7.1/asm-tree-9.7.1.jar:/home/runner/.m2/repository/org/ow2/asm/asm-util/9.7.1/asm-util-9.7.1.jar:/home/runner/.m2/repository/com/github/jnr/jnr-a64asm/1.0.0/jnr-a64asm-1.0.0.jar:/home/runner/.m2/repository/com/github/jnr/jnr-x86asm/1.0.2/jnr-x86asm-1.0.2.jar:/home/runner/.m2/repository/commons-fileupload/commons-fileupload/1.6.0/commons-fileupload-1.6.0.jar:/home/runner/.m2/repository/io/grpc/grpc-api/1.71.0/grpc-api-1.71.0.jar:/home/runner/.m2/repository/io/prometheus/simpleclient/0.16.0/simpleclient-0.16.0.jar:/home/runner/.m2/repository/io/prometheus/simpleclient_common/0.16.0/simpleclient_common-0.16.0.jar:/home/runner/.m2/repository/io/prometheus/simpleclient_dropwizard/0.16.0/simpleclient_dropwizard-0.16.0.jar:/home/runner/.m2/repository/jakarta/ws/rs/jakarta.ws.rs-api/2.1.6/jakarta.ws.rs-api-2.1.6.jar:/home/runner/.m2/repository/org/eclipse/jetty/jetty-http/9.4.58.v20250814/jetty-http-9.4.58.v20250814.jar:/home/runner/.m2/repository/org/glassfish/jersey/containers/jersey-container-servlet-core/2.47/jersey-container-servlet-core-2.47.jar:/home/runner/.m2/repository/org/glassfish/jersey/core/jersey-server/2.47/jersey-server-2.47.jar:/home/runner/.m2/repository/org/glassfish/jersey/core/jersey-client/2.47/jersey-client-2.47.jar:/home/runner/.m2/repository/com/lmax/disruptor/3.4.4/disruptor-3.4.4.jar:/home/runner/.m2/repository/org/apache/logging/log4j/log4j-core/2.25.0/log4j-core-2.25.0.jar:/home/runner/work/ozone/ozone/hadoop-hdds/framework/target/hdds-server-framework-2.1.0-SNAPSHOT-tests.jar:/home/runner/work/ozone/ozone/hadoop-hdds/server-scm/target/hdds-server-scm-2.1.0-SNAPSHOT.jar:/home/runner/work/ozone/ozone/hadoop-hdds/server-scm/target/hdds-server-scm-2.1.0-SNAPSHOT-tests.jar:/home/runner/work/ozone/ozone/hadoop-hdds/test-utils/target/hdds-test-utils-2.1.0-SNAPSHOT-tests.jar:/home/runner/work/ozone/ozone/hadoop-ozone/cli-admin/target/ozone-cli-admin-2.1.0-SNAPSHOT.jar:/home/runner/work/ozone/ozone/hadoop-ozone/cli-shell/target/ozone-cli-shell-2.1.0-SNAPSHOT.jar:/home/runner/.m2/repository/info/picocli/picocli-shell-jline3/4.7.7/picocli-shell-jline3-4.7.7.jar:/home/runner/.m2/repository/org/jline/jline/3.30.6/jline-3.30.6.jar:/home/runner/work/ozone/ozone/hadoop-ozone/client/target/ozone-client-2.1.0-SNAPSHOT.jar:/home/runner/work/ozone/ozone/hadoop-ozone/common/target/ozone-common-2.1.0-SNAPSHOT.jar:/home/runner/.m2/repository/io/grpc/grpc-netty/1.71.0/grpc-netty-1.71.0.jar:/home/runner/.m2/repository/org/codehaus/mojo/animal-sniffer-annotations/1.24/animal-sniffer-annotations-1.24.jar:/home/runner/.m2/repository/io/grpc/grpc-core/1.71.0/grpc-core-1.71.0.jar:/home/runner/.m2/repository/com/google/android/annotations/4.1.1.4/annotations-4.1.1.4.jar:/home/runner/.m2/repository/io/grpc/grpc-context/1.71.0/grpc-context-1.71.0.jar:/home/runner/.m2/repository/io/perfmark/perfmark-api/0.27.0/perfmark-api-0.27.0.jar:/home/runner/.m2/repository/io/grpc/grpc-util/1.71.0/grpc-util-1.71.0.jar:/home/runner/.m2/repository/io/netty/netty-codec-http2/4.1.119.Final/netty-codec-http2-4.1.119.Final.jar:/home/runner/.m2/repository/io/netty/netty-handler-proxy/4.1.119.Final/netty-handler-proxy-4.1.119.Final.jar:/home/runner/.m2/repository/io/netty/netty-tcnative-boringssl-static/2.0.70.Final/netty-tcnative-boringssl-static-2.0.70.Final.jar:/home/runner/.m2/repository/io/netty/netty-tcnative-classes/2.0.70.Final/netty-tcnative-classes-2.0.70.Final.jar:/home/runner/.m2/repository/io/netty/netty-tcnative-boringssl-static/2.0.70.Final/netty-tcnative-boringssl-static-2.0.70.Final-linux-x86_64.jar:/home/runner/.m2/repository/io/netty/netty-tcnative-boringssl-static/2.0.70.Final/netty-tcnative-boringssl-static-2.0.70.Final-linux-aarch_64.jar:/home/runner/.m2/repository/io/netty/netty-tcnative-boringssl-static/2.0.70.Final/netty-tcnative-boringssl-static-2.0.70.Final-osx-x86_64.jar:/home/runner/.m2/repository/io/netty/netty-tcnative-boringssl-static/2.0.70.Final/netty-tcnative-boringssl-static-2.0.70.Final-osx-aarch_64.jar:/home/runner/.m2/repository/io/netty/netty-tcnative-boringssl-static/2.0.70.Final/netty-tcnative-boringssl-static-2.0.70.Final-windows-x86_64.jar:/home/runner/work/ozone/ozone/hadoop-ozone/csi/target/ozone-csi-2.1.0-SNAPSHOT.jar:/home/runner/.m2/repository/io/grpc/grpc-protobuf/1.71.0/grpc-protobuf-1.71.0.jar:/home/runner/.m2/repository/com/google/api/grpc/proto-google-common-protos/2.51.0/proto-google-common-protos-2.51.0.jar:/home/runner/.m2/repository/io/grpc/grpc-protobuf-lite/1.71.0/grpc-protobuf-lite-1.71.0.jar:/home/runner/.m2/repository/io/grpc/grpc-stub/1.71.0/grpc-stub-1.71.0.jar:/home/runner/.m2/repository/io/netty/netty-transport-classes-epoll/4.1.119.Final/netty-transport-classes-epoll-4.1.119.Final.jar:/home/runner/.m2/repository/io/netty/netty-transport-native-unix-common/4.1.119.Final/netty-transport-native-unix-common-4.1.119.Final.jar:/home/runner/.m2/repository/io/netty/netty-transport-native-epoll/4.1.119.Final/netty-transport-native-epoll-4.1.119.Final-linux-x86_64.jar:/home/runner/work/ozone/ozone/hadoop-ozone/ozonefs/target/ozone-filesystem-2.1.0-SNAPSHOT.jar:/home/runner/work/ozone/ozone/hadoop-ozone/ozonefs-common/target/ozone-filesystem-common-2.1.0-SNAPSHOT.jar:/home/runner/work/ozone/ozone/hadoop-ozone/freon/target/ozone-freon-2.1.0-SNAPSHOT.jar:/home/runner/.m2/repository/com/amazonaws/aws-java-sdk-core/1.12.788/aws-java-sdk-core-1.12.788.jar:/home/runner/.m2/repository/com/fasterxml/jackson/dataformat/jackson-dataformat-cbor/2.16.2/jackson-dataformat-cbor-2.16.2.jar:/home/runner/.m2/repository/joda-time/joda-time/2.12.7/joda-time-2.12.7.jar:/home/runner/.m2/repository/com/amazonaws/aws-java-sdk-s3/1.12.788/aws-java-sdk-s3-1.12.788.jar:/home/runner/.m2/repository/com/amazonaws/aws-java-sdk-kms/1.12.788/aws-java-sdk-kms-1.12.788.jar:/home/runner/.m2/repository/com/amazonaws/jmespath-java/1.12.788/jmespath-java-1.12.788.jar:/home/runner/work/ozone/ozone/hadoop-ozone/interface-client/target/ozone-interface-client-2.1.0-SNAPSHOT.jar:/home/runner/work/ozone/ozone/hadoop-ozone/interface-storage/target/ozone-interface-storage-2.1.0-SNAPSHOT.jar:/home/runner/work/ozone/ozone/hadoop-ozone/ozone-manager/target/ozone-manager-2.1.0-SNAPSHOT.jar:/home/runner/.m2/repository/com/sun/jersey/jersey-client/1.19.4/jersey-client-1.19.4.jar:/home/runner/.m2/repository/org/apache/commons/commons-pool2/2.12.1/commons-pool2-2.12.1.jar:/home/runner/.m2/repository/org/apache/ranger/ranger-plugins-common/2.6.0/ranger-plugins-common-2.6.0.jar:/home/runner/.m2/repository/com/fasterxml/jackson/jaxrs/jackson-jaxrs-base/2.16.2/jackson-jaxrs-base-2.16.2.jar:/home/runner/.m2/repository/com/kstruct/gethostname4j/1.0.0/gethostname4j-1.0.0.jar:/home/runner/.m2/repository/commons-lang/commons-lang/2.6/commons-lang-2.6.jar:/home/runner/.m2/repository/net/java/dev/jna/jna/5.2.0/jna-5.2.0.jar:/home/runner/.m2/repository/net/java/dev/jna/jna-platform/5.2.0/jna-platform-5.2.0.jar:/home/runner/.m2/repository/org/apache/ranger/ranger-plugin-classloader/2.6.0/ranger-plugin-classloader-2.6.0.jar:/home/runner/.m2/repository/org/apache/ranger/ranger-plugins-audit/2.6.0/ranger-plugins-audit-2.6.0.jar:/home/runner/.m2/repository/com/amazonaws/aws-java-sdk-logs/1.12.765/aws-java-sdk-logs-1.12.765.jar:/home/runner/.m2/repository/com/carrotsearch/hppc/0.8.0/hppc-0.8.0.jar:/home/runner/.m2/repository/io/airlift/aircompressor/0.27/aircompressor-0.27.jar:/home/runner/.m2/repository/org/apache/httpcomponents/httpasyncclient/4.1.4/httpasyncclient-4.1.4.jar:/home/runner/.m2/repository/org/apache/httpcomponents/httpcore-nio/4.4.16/httpcore-nio-4.4.16.jar:/home/runner/.m2/repository/org/apache/httpcomponents/httpmime/4.5.13/httpmime-4.5.13.jar:/home/runner/.m2/repository/org/apache/orc/orc-core/1.5.8/orc-core-1.5.8.jar:/home/runner/.m2/repository/org/apache/orc/orc-shims/1.5.8/orc-shims-1.5.8.jar:/home/runner/.m2/repository/org/apache/ranger/ranger-plugins-cred/2.6.0/ranger-plugins-cred-2.6.0.jar:/home/runner/.m2/repository/org/aspectj/aspectjrt/1.9.7/aspectjrt-1.9.7.jar:/home/runner/work/ozone/ozone/hadoop-ozone/ozone-manager/target/ozone-manager-2.1.0-SNAPSHOT-tests.jar:/home/runner/work/ozone/ozone/hadoop-ozone/mini-cluster/target/ozone-mini-cluster-2.1.0-SNAPSHOT.jar:/home/runner/work/ozone/ozone/hadoop-ozone/recon/target/ozone-recon-2.1.0-SNAPSHOT.jar:/home/runner/.m2/repository/aopalliance/aopalliance/1.0/aopalliance-1.0.jar:/home/runner/.m2/repository/com/google/inject/guice/6.0.0/guice-6.0.0.jar:/home/runner/.m2/repository/jakarta/inject/jakarta.inject-api/2.0.1/jakarta.inject-api-2.0.1.jar:/home/runner/.m2/repository/com/jolbox/bonecp/0.8.0.RELEASE/bonecp-0.8.0.RELEASE.jar:/home/runner/.m2/repository/jakarta/validation/jakarta.validation-api/2.0.2/jakarta.validation-api-2.0.2.jar:/home/runner/.m2/repository/javax/annotation/javax.annotation-api/1.3.2/javax.annotation-api-1.3.2.jar:/home/runner/.m2/repository/javax/inject/javax.inject/1/javax.inject-1.jar:/home/runner/.m2/repository/org/apache/derby/derby/10.14.2.0/derby-10.14.2.0.jar:/home/runner/.m2/repository/org/glassfish/hk2/guice-bridge/2.6.1/guice-bridge-2.6.1.jar:/home/runner/.m2/repository/org/glassfish/hk2/hk2-api/2.6.1/hk2-api-2.6.1.jar:/home/runner/.m2/repository/org/glassfish/hk2/hk2-utils/2.6.1/hk2-utils-2.6.1.jar:/home/runner/.m2/repository/org/glassfish/hk2/external/aopalliance-repackaged/2.6.1/aopalliance-repackaged-2.6.1.jar:/home/runner/.m2/repository/org/glassfish/jersey/core/jersey-common/2.47/jersey-common-2.47.jar:/home/runner/.m2/repository/org/glassfish/hk2/osgi-resource-locator/1.0.3/osgi-resource-locator-1.0.3.jar:/home/runner/.m2/repository/org/jooq/jooq/3.11.10/jooq-3.11.10.jar:/home/runner/.m2/repository/org/springframework/spring-core/5.3.39/spring-core-5.3.39.jar:/home/runner/.m2/repository/org/springframework/spring-jdbc/5.3.39/spring-jdbc-5.3.39.jar:/home/runner/.m2/repository/org/springframework/spring-beans/5.3.39/spring-beans-5.3.39.jar:/home/runner/.m2/repository/org/springframework/spring-tx/5.3.39/spring-tx-5.3.39.jar:/home/runner/.m2/repository/org/xerial/sqlite-jdbc/3.50.3.0/sqlite-jdbc-3.50.3.0.jar:/home/runner/.m2/repository/com/google/inject/extensions/guice-assistedinject/6.0.0/guice-assistedinject-6.0.0.jar:/home/runner/.m2/repository/org/glassfish/hk2/external/jakarta.inject/2.6.1/jakarta.inject-2.6.1.jar:/home/runner/.m2/repository/org/glassfish/jersey/inject/jersey-hk2/2.47/jersey-hk2-2.47.jar:/home/runner/.m2/repository/org/glassfish/hk2/hk2-locator/2.6.1/hk2-locator-2.6.1.jar:/home/runner/.m2/repository/org/glassfish/jersey/media/jersey-media-jaxb/2.47/jersey-media-jaxb-2.47.jar:/home/runner/.m2/repository/org/glassfish/jersey/media/jersey-media-json-jackson/2.47/jersey-media-json-jackson-2.47.jar:/home/runner/.m2/repository/org/glassfish/jersey/ext/jersey-entity-filtering/2.47/jersey-entity-filtering-2.47.jar:/home/runner/work/ozone/ozone/hadoop-ozone/recon-codegen/target/ozone-reconcodegen-2.1.0-SNAPSHOT.jar:/home/runner/.m2/repository/org/jooq/jooq-codegen/3.11.10/jooq-codegen-3.11.10.jar:/home/runner/.m2/repository/org/jooq/jooq-meta/3.11.10/jooq-meta-3.11.10.jar:/home/runner/work/ozone/ozone/hadoop-ozone/s3gateway/target/ozone-s3gateway-2.1.0-SNAPSHOT.jar:/home/runner/work/ozone/ozone/hadoop-ozone/tools/target/ozone-tools-2.1.0-SNAPSHOT.jar:/home/runner/.m2/repository/com/github/vlsi/mxgraph/jgraphx/3.9.12/jgraphx-3.9.12.jar:/home/runner/.m2/repository/org/apache/ratis/ratis-shell/3.2.0/ratis-shell-3.2.0.jar:/home/runner/.m2/repository/org/apache/ratis/ratis-tools/3.2.0/ratis-tools-3.2.0.jar:/home/runner/.m2/repository/org/jgrapht/jgrapht-core/1.4.0/jgrapht-core-1.4.0.jar:/home/runner/.m2/repository/org/jheaps/jheaps/0.11/jheaps-0.11.jar:/home/runner/.m2/repository/org/jgrapht/jgrapht-ext/1.4.0/jgrapht-ext-1.4.0.jar:/home/runner/work/ozone/ozone/hadoop-hdds/rocksdb-checkpoint-differ/target/rocksdb-checkpoint-differ-2.1.0-SNAPSHOT.jar:/home/runner/.m2/repository/org/apache/ranger/ranger-intg/2.6.0/ranger-intg-2.6.0.jar:/home/runner/.m2/repository/org/apache/ratis/ratis-client/3.2.0/ratis-client-3.2.0.jar:/home/runner/.m2/repository/org/apache/ratis/ratis-common/3.2.0/ratis-common-3.2.0.jar:/home/runner/.m2/repository/org/apache/ratis/ratis-grpc/3.2.0/ratis-grpc-3.2.0.jar:/home/runner/.m2/repository/org/apache/ratis/ratis-metrics-api/3.2.0/ratis-metrics-api-3.2.0.jar:/home/runner/.m2/repository/org/apache/ratis/ratis-proto/3.2.0/ratis-proto-3.2.0.jar:/home/runner/.m2/repository/org/apache/ratis/ratis-server/3.2.0/ratis-server-3.2.0.jar:/home/runner/.m2/repository/org/apache/ratis/ratis-server-api/3.2.0/ratis-server-api-3.2.0.jar:/home/runner/.m2/repository/org/apache/ratis/ratis-thirdparty-misc/1.0.9/ratis-thirdparty-misc-1.0.9.jar:/home/runner/.m2/repository/org/bouncycastle/bcpkix-jdk18on/1.81/bcpkix-jdk18on-1.81.jar:/home/runner/.m2/repository/org/bouncycastle/bcutil-jdk18on/1.81/bcutil-jdk18on-1.81.jar:/home/runner/.m2/repository/org/hamcrest/hamcrest/2.2/hamcrest-2.2.jar:/home/runner/.m2/repository/org/reflections/reflections/0.10.2/reflections-0.10.2.jar:/home/runner/.m2/repository/org/javassist/javassist/3.30.2-GA/javassist-3.30.2-GA.jar:/home/runner/.m2/repository/org/rocksdb/rocksdbjni/7.7.3/rocksdbjni-7.7.3.jar:/home/runner/.m2/repository/org/slf4j/jul-to-slf4j/2.0.17/jul-to-slf4j-2.0.17.jar:/home/runner/.m2/repository/org/slf4j/slf4j-api/2.0.17/slf4j-api-2.0.17.jar:/home/runner/.m2/repository/org/assertj/assertj-core/3.27.4/assertj-core-3.27.4.jar:/home/runner/.m2/repository/net/bytebuddy/byte-buddy/1.15.11/byte-buddy-1.15.11.jar:/home/runner/.m2/repository/org/junit/jupiter/junit-jupiter-api/5.13.4/junit-jupiter-api-5.13.4.jar:/home/runner/.m2/repository/org/opentest4j/opentest4j/1.3.0/opentest4j-1.3.0.jar:/home/runner/.m2/repository/org/junit/platform/junit-platform-commons/1.13.4/junit-platform-commons-1.13.4.jar:/home/runner/.m2/repository/org/apiguardian/apiguardian-api/1.1.2/apiguardian-api-1.1.2.jar:/home/runner/.m2/repository/org/junit/jupiter/junit-jupiter-params/5.13.4/junit-jupiter-params-5.13.4.jar:/home/runner/.m2/repository/org/mockito/mockito-core/4.11.0/mockito-core-4.11.0.jar:/home/runner/.m2/repository/net/bytebuddy/byte-buddy-agent/1.12.19/byte-buddy-agent-1.12.19.jar:/home/runner/.m2/repository/org/objenesis/objenesis/3.3/objenesis-3.3.jar:/home/runner/.m2/repository/org/mockito/mockito-inline/4.11.0/mockito-inline-4.11.0.jar:/home/runner/.m2/repository/org/mockito/mockito-junit-jupiter/4.11.0/mockito-junit-jupiter-4.11.0.jar:/home/runner/work/ozone/ozone/hadoop-ozone/integration-test/target/gradle-enterprise/test-listeners.jar:"/>
    <property name="sun.cpu.endian" value="little"/>
    <property name="user.home" value="/home/runner"/>
    <property name="user.language" value="en"/>
    <property name="java.specification.vendor" value="Oracle Corporation"/>
    <property name="skipRecon" value="true"/>
    <property name="java.version.date" value="2025-07-15"/>
    <property name="java.home" value="/usr/lib/jvm/temurin-21-jdk-amd64"/>
    <property name="java.security.krb5.conf" value="/home/runner/work/ozone/ozone/hadoop-ozone/integration-test/target/test-classes/krb5.conf"/>
    <property name="file.separator" value="/"/>
    <property name="basedir" value="/home/runner/work/ozone/ozone/hadoop-ozone/integration-test"/>
    <property name="java.vm.compressedOopsMode" value="Zero based"/>
    <property name="line.separator" value="&#10;"/>
    <property name="java.vm.specification.vendor" value="Oracle Corporation"/>
    <property name="java.specification.name" value="Java Platform API Specification"/>
    <property name="surefire.real.class.path" value="/home/runner/work/ozone/ozone/hadoop-ozone/integration-test/target/surefire/surefirebooter-20250913172325941_177.jar"/>
    <property name="hadoop.log.dir" value="/home/runner/work/ozone/ozone/hadoop-ozone/integration-test/target/log"/>
    <property name="sun.management.compiler" value="HotSpot 64-Bit Tiered Compilers"/>
    <property name="skipShade" value="true"/>
    <property name="java.runtime.version" value="21.0.8+9-LTS"/>
    <property name="user.name" value="runner"/>
    <property name="java.net.preferIPv4Stack" value="true"/>
    <property name="stdout.encoding" value="UTF-8"/>
    <property name="path.separator" value=":"/>
    <property name="java.security.egd" value="file:///dev/urandom"/>
    <property name="os.version" value="6.11.0-1018-azure"/>
    <property name="java.runtime.name" value="OpenJDK Runtime Environment"/>
    <property name="com.gradle.maven.scan.extension.test.listener.junitplatform.NestedExecutionSafeDelegatingTestExecutionListener" value="3b5fad2d"/>
    <property name="file.encoding" value="UTF-8"/>
    <property name="java.vm.name" value="OpenJDK 64-Bit Server VM"/>
    <property name="rocks_tools_native" value="true"/>
    <property name="java.vendor.version" value="Temurin-21.0.8+9"/>
    <property name="test.build.webapps" value=""/>
    <property name="develocity.listener.surefire.forkId" value="1"/>
    <property name="localRepository" value="/home/runner/.m2/repository"/>
    <property name="java.vendor.url.bug" value="https://github.com/adoptium/adoptium-support/issues"/>
    <property name="jetty.git.hash" value="8f1440587e9e4ae7db3d74cf205643f3d707148d"/>
    <property name="java.io.tmpdir" value="/tmp"/>
    <property name="require.test.libhadoop" value=""/>
    <property name="java.version" value="21.0.8"/>
    <property name="user.dir" value="/home/runner/work/ozone/ozone/hadoop-ozone/integration-test"/>
    <property name="os.arch" value="amd64"/>
    <property name="java.vm.specification.name" value="Java Virtual Machine Specification"/>
    <property name="test.build.classes" value="/home/runner/work/ozone/ozone/hadoop-ozone/integration-test/target/test-classes"/>
    <property name="org.apache.ratis.thirdparty.io.netty.allocator.useCacheForAllThreads" value="false"/>
    <property name="native.encoding" value="UTF-8"/>
    <property name="hadoop.tmp.dir" value="/home/runner/work/ozone/ozone/hadoop-ozone/integration-test/target/tmp"/>
    <property name="java.library.path" value="/usr/java/packages/lib:/usr/lib64:/lib64:/lib:/usr/lib"/>
    <property name="java.vm.info" value="mixed mode, sharing"/>
    <property name="stderr.encoding" value="UTF-8"/>
    <property name="java.vendor" value="Eclipse Adoptium"/>
    <property name="java.vm.version" value="21.0.8+9-LTS"/>
    <property name="sun.io.unicode.encoding" value="UnicodeLittle"/>
    <property name="develocity.listener.port" value="36461"/>
    <property name="java.class.version" value="65.0"/>
  </properties>
  <testcase name="testPipelineExclusionWithPipelineFailure" classname="org.apache.hadoop.ozone.client.rpc.TestFailureHandlingByClient" time="69.377">
    <system-out><![CDATA[2025-09-13 17:31:08,874 [ForkJoinPool-1-worker-1] INFO  reflections.Reflections (Reflections.java:scan(219)) - Reflections took 199 ms to scan 7 urls, producing 168 keys and 381 values
2025-09-13 17:31:09,006 [ForkJoinPool-1-worker-1] INFO  ha.SCMHANodeDetails (SCMHANodeDetails.java:loadSCMHAConfig(162)) - ServiceID for StorageContainerManager is null
2025-09-13 17:31:09,006 [ForkJoinPool-1-worker-1] INFO  ha.SCMHANodeDetails (SCMHANodeDetails.java:loadSCMHAConfig(166)) - ozone.scm.default.service.id is not defined, falling back to ozone.scm.service.ids to find serviceID for StorageContainerManager if it is HA enabled cluster
2025-09-13 17:31:09,154 [ForkJoinPool-1-worker-1] INFO  server.RaftServerConfigKeys (ConfUtils.java:logGet(62)) - raft.server.log.appender.buffer.byte-limit = 4194304 (custom)
2025-09-13 17:31:09,178 [ForkJoinPool-1-worker-1] INFO  server.RaftServer (ConfUtils.java:logGet(62)) - raft.rpc.type = GRPC (default)
2025-09-13 17:31:09,247 [ForkJoinPool-1-worker-1] INFO  grpc.GrpcConfigKeys (ConfUtils.java:logFallback(69)) - raft.grpc.admin.host = null (fallback to raft.grpc.server.host)
2025-09-13 17:31:09,248 [ForkJoinPool-1-worker-1] INFO  grpc.GrpcConfigKeys (ConfUtils.java:logFallback(69)) - raft.grpc.admin.port = 15004 (fallback to raft.grpc.server.port)
2025-09-13 17:31:09,249 [ForkJoinPool-1-worker-1] INFO  grpc.GrpcConfigKeys (ConfUtils.java:logFallback(69)) - raft.grpc.client.host = null (fallback to raft.grpc.server.host)
2025-09-13 17:31:09,249 [ForkJoinPool-1-worker-1] INFO  grpc.GrpcConfigKeys (ConfUtils.java:logFallback(69)) - raft.grpc.client.port = 15004 (fallback to raft.grpc.server.port)
2025-09-13 17:31:09,249 [ForkJoinPool-1-worker-1] INFO  grpc.GrpcConfigKeys (ConfUtils.java:logGet(62)) - raft.grpc.server.port = 15004 (custom)
2025-09-13 17:31:09,250 [ForkJoinPool-1-worker-1] INFO  server.GrpcServicesImpl (ConfUtils.java:logGet(62)) - raft.grpc.message.size.max = 5242880 (custom)
2025-09-13 17:31:09,250 [ForkJoinPool-1-worker-1] INFO  server.GrpcServicesImpl (ConfUtils.java:logGet(62)) - raft.grpc.flow.control.window = 1MB (=1048576) (default)
2025-09-13 17:31:09,251 [ForkJoinPool-1-worker-1] INFO  server.RaftServerConfigKeys (ConfUtils.java:logGet(62)) - raft.server.rpc.request.timeout = 30000ms (custom)
2025-09-13 17:31:09,258 [ForkJoinPool-1-worker-1] INFO  grpc.GrpcConfigKeys (ConfUtils.java:logGet(62)) - raft.grpc.server.heartbeat.channel = true (default)
2025-09-13 17:31:09,258 [ForkJoinPool-1-worker-1] INFO  server.RaftServerConfigKeys (ConfUtils.java:logGet(62)) - raft.server.log.appender.buffer.byte-limit = 4194304 (custom)
2025-09-13 17:31:09,263 [ForkJoinPool-1-worker-1] INFO  grpc.GrpcConfigKeys (ConfUtils.java:logGet(62)) - raft.grpc.server.async.request.thread.pool.cached = true (default)
2025-09-13 17:31:09,264 [ForkJoinPool-1-worker-1] INFO  grpc.GrpcConfigKeys (ConfUtils.java:logGet(62)) - raft.grpc.server.async.request.thread.pool.size = 32 (default)
2025-09-13 17:31:09,476 [ForkJoinPool-1-worker-1] INFO  impl.DataStreamServerImpl (ConfUtils.java:logGet(62)) - raft.datastream.type = DISABLED (default)
2025-09-13 17:31:09,479 [ForkJoinPool-1-worker-1] INFO  server.RaftServerConfigKeys (ConfUtils.java:logGet(62)) - raft.server.sleep.deviation.threshold = 300ms (default)
2025-09-13 17:31:09,480 [ForkJoinPool-1-worker-1] INFO  server.RaftServerConfigKeys (ConfUtils.java:logGet(62)) - raft.server.close.threshold = 60s (default)
2025-09-13 17:31:09,480 [ForkJoinPool-1-worker-1] INFO  server.RaftServerConfigKeys (ConfUtils.java:logGet(62)) - raft.server.leaderelection.leader.step-down.wait-time = 10s (default)
2025-09-13 17:31:09,484 [ForkJoinPool-1-worker-1] INFO  server.RaftServerConfigKeys (ConfUtils.java:logGet(62)) - raft.server.storage.dir = [/home/runner/work/ozone/ozone/hadoop-ozone/integration-test/target/test-dir/MiniOzoneClusterImpl-1331a795-ed08-415d-924a-7661a5cf51a5/scm/ratis] (custom)
2025-09-13 17:31:09,486 [ForkJoinPool-1-worker-1] INFO  server.RaftServerConfigKeys (ConfUtils.java:logGet(62)) - raft.server.threadpool.proxy.cached = true (default)
2025-09-13 17:31:09,486 [ForkJoinPool-1-worker-1] INFO  server.RaftServerConfigKeys (ConfUtils.java:logGet(62)) - raft.server.threadpool.proxy.size = 0 (default)
2025-09-13 17:31:09,492 [ForkJoinPool-1-worker-1] INFO  server.RaftServer (RaftServerProxy.java:addNew(105)) - 22454e81-7bda-41d4-8b71-c0b680f2e12d: addNew group-7661A5CF51A5:[22454e81-7bda-41d4-8b71-c0b680f2e12d|localhost:15004] returns group-7661A5CF51A5:java.util.concurrent.CompletableFuture@79f02417[Not completed]
2025-09-13 17:31:09,507 [22454e81-7bda-41d4-8b71-c0b680f2e12d-groupManagement] INFO  server.RaftServer$Division (RaftServerImpl.java:<init>(268)) - 22454e81-7bda-41d4-8b71-c0b680f2e12d: new RaftServerImpl for group-7661A5CF51A5:[22454e81-7bda-41d4-8b71-c0b680f2e12d|localhost:15004] with SCMStateMachine:uninitialized
2025-09-13 17:31:09,508 [22454e81-7bda-41d4-8b71-c0b680f2e12d-groupManagement] INFO  server.RaftServerConfigKeys (ConfUtils.java:logGet(62)) - raft.server.rpc.timeout.min = 5000ms (custom)
2025-09-13 17:31:09,509 [22454e81-7bda-41d4-8b71-c0b680f2e12d-groupManagement] INFO  server.RaftServerConfigKeys (ConfUtils.java:logGet(62)) - raft.server.rpc.timeout.max = 5200ms (custom)
2025-09-13 17:31:09,509 [22454e81-7bda-41d4-8b71-c0b680f2e12d-groupManagement] INFO  server.RaftServerConfigKeys (ConfUtils.java:logGet(62)) - raft.server.rpc.sleep.time = 25ms (default)
2025-09-13 17:31:09,509 [22454e81-7bda-41d4-8b71-c0b680f2e12d-groupManagement] INFO  server.RaftServerConfigKeys (ConfUtils.java:logGet(62)) - raft.server.rpc.slowness.timeout = 120000ms (custom)
2025-09-13 17:31:09,510 [22454e81-7bda-41d4-8b71-c0b680f2e12d-groupManagement] INFO  server.RaftServerConfigKeys (ConfUtils.java:logGet(62)) - raft.server.leaderelection.member.majority-add = false (default)
2025-09-13 17:31:09,515 [22454e81-7bda-41d4-8b71-c0b680f2e12d-groupManagement] INFO  server.RaftServer$Division (ServerState.java:<init>(114)) - 22454e81-7bda-41d4-8b71-c0b680f2e12d@group-7661A5CF51A5: ConfigurationManager, init=conf: {index: -1, cur=peers:[22454e81-7bda-41d4-8b71-c0b680f2e12d|localhost:15004]|listeners:[], old=null}, confs=<EMPTY_MAP>
2025-09-13 17:31:09,519 [22454e81-7bda-41d4-8b71-c0b680f2e12d-groupManagement] INFO  server.RaftServerConfigKeys (ConfUtils.java:logGet(62)) - raft.server.notification.no-leader.timeout = 60s (default)
2025-09-13 17:31:09,521 [22454e81-7bda-41d4-8b71-c0b680f2e12d-groupManagement] INFO  server.RaftServerConfigKeys (ConfUtils.java:logGet(62)) - raft.server.read.timeout = 10s (default)
2025-09-13 17:31:09,524 [22454e81-7bda-41d4-8b71-c0b680f2e12d-groupManagement] INFO  server.RaftServerConfigKeys (ConfUtils.java:logGet(62)) - raft.server.retrycache.expirytime = 60000ms (default)
2025-09-13 17:31:09,525 [22454e81-7bda-41d4-8b71-c0b680f2e12d-groupManagement] INFO  server.RaftServerConfigKeys (ConfUtils.java:logGet(62)) - raft.server.retrycache.statistics.expirytime = 100ms (default)
2025-09-13 17:31:09,539 [22454e81-7bda-41d4-8b71-c0b680f2e12d-groupManagement] INFO  server.RaftServerConfigKeys (ConfUtils.java:logGet(62)) - raft.server.read.option = DEFAULT (default)
2025-09-13 17:31:09,540 [22454e81-7bda-41d4-8b71-c0b680f2e12d-groupManagement] INFO  server.RaftServerConfigKeys (ConfUtils.java:logGet(62)) - raft.server.read.read-after-write-consistent.write-index-cache.expiry-time = 60s (default)
2025-09-13 17:31:09,668 [22454e81-7bda-41d4-8b71-c0b680f2e12d-groupManagement] INFO  server.RaftServerConfigKeys (ConfUtils.java:logGet(62)) - raft.server.log.appender.install.snapshot.enabled = false (custom)
2025-09-13 17:31:09,669 [22454e81-7bda-41d4-8b71-c0b680f2e12d-groupManagement] INFO  server.RaftServerConfigKeys (ConfUtils.java:logGet(62)) - raft.server.threadpool.server.cached = true (default)
2025-09-13 17:31:09,669 [22454e81-7bda-41d4-8b71-c0b680f2e12d-groupManagement] INFO  server.RaftServerConfigKeys (ConfUtils.java:logGet(62)) - raft.server.threadpool.server.size = 0 (default)
2025-09-13 17:31:09,669 [22454e81-7bda-41d4-8b71-c0b680f2e12d-groupManagement] INFO  server.RaftServerConfigKeys (ConfUtils.java:logGet(62)) - raft.server.threadpool.client.cached = true (default)
2025-09-13 17:31:09,670 [22454e81-7bda-41d4-8b71-c0b680f2e12d-groupManagement] INFO  server.RaftServerConfigKeys (ConfUtils.java:logGet(62)) - raft.server.threadpool.client.size = 0 (default)
2025-09-13 17:31:09,671 [22454e81-7bda-41d4-8b71-c0b680f2e12d-impl-thread1] INFO  server.RaftServerConfigKeys (ConfUtils.java:logGet(62)) - raft.server.storage.free-space.min = 0MB (=0) (default)
2025-09-13 17:31:09,672 [22454e81-7bda-41d4-8b71-c0b680f2e12d-impl-thread1] INFO  server.RaftServerConfigKeys (ConfUtils.java:logGet(62)) - raft.server.log.corruption.policy = EXCEPTION (default)
2025-09-13 17:31:09,677 [22454e81-7bda-41d4-8b71-c0b680f2e12d-impl-thread1] INFO  storage.RaftStorageDirectory (RaftStorageDirectoryImpl.java:analyzeStorage(138)) - The storage directory /home/runner/work/ozone/ozone/hadoop-ozone/integration-test/target/test-dir/MiniOzoneClusterImpl-1331a795-ed08-415d-924a-7661a5cf51a5/scm/ratis/1331a795-ed08-415d-924a-7661a5cf51a5 does not exist. Creating ...
2025-09-13 17:31:09,679 [22454e81-7bda-41d4-8b71-c0b680f2e12d-impl-thread1] INFO  storage.RaftStorageDirectory (RaftStorageDirectoryImpl.java:tryLock(229)) - Lock on /home/runner/work/ozone/ozone/hadoop-ozone/integration-test/target/test-dir/MiniOzoneClusterImpl-1331a795-ed08-415d-924a-7661a5cf51a5/scm/ratis/1331a795-ed08-415d-924a-7661a5cf51a5/in_use.lock acquired by nodename 22846@localhost
2025-09-13 17:31:09,682 [22454e81-7bda-41d4-8b71-c0b680f2e12d-impl-thread1] INFO  storage.RaftStorage (RaftStorageImpl.java:format(98)) - Storage directory /home/runner/work/ozone/ozone/hadoop-ozone/integration-test/target/test-dir/MiniOzoneClusterImpl-1331a795-ed08-415d-924a-7661a5cf51a5/scm/ratis/1331a795-ed08-415d-924a-7661a5cf51a5 has been successfully formatted.
2025-09-13 17:31:09,684 [22454e81-7bda-41d4-8b71-c0b680f2e12d-impl-thread1] INFO  ha.SCMStateMachine (SCMStateMachine.java:lambda$initialize$0(135)) - 22454e81-7bda-41d4-8b71-c0b680f2e12d: initialize group-7661A5CF51A5
2025-09-13 17:31:09,686 [22454e81-7bda-41d4-8b71-c0b680f2e12d-impl-thread1] INFO  server.RaftServerConfigKeys (ConfUtils.java:logGet(62)) - raft.server.log.use.memory = false (default)
2025-09-13 17:31:09,692 [22454e81-7bda-41d4-8b71-c0b680f2e12d-impl-thread1] INFO  server.RaftServerConfigKeys (ConfUtils.java:logGet(62)) - raft.server.log.purge.gap = 1000000 (custom)
2025-09-13 17:31:09,693 [22454e81-7bda-41d4-8b71-c0b680f2e12d-impl-thread1] INFO  server.RaftServerConfigKeys (ConfUtils.java:logGet(62)) - raft.server.log.appender.buffer.byte-limit = 4194304 (custom)
2025-09-13 17:31:09,694 [22454e81-7bda-41d4-8b71-c0b680f2e12d-impl-thread1] INFO  server.RaftServerConfigKeys (ConfUtils.java:logGet(62)) - raft.server.log.statemachine.data.read.timeout = 1000ms (default)
2025-09-13 17:31:09,695 [22454e81-7bda-41d4-8b71-c0b680f2e12d-impl-thread1] INFO  server.RaftServerConfigKeys (ConfUtils.java:logGet(62)) - raft.server.log.purge.preservation.log.num = 0 (default)
2025-09-13 17:31:09,698 [22454e81-7bda-41d4-8b71-c0b680f2e12d-impl-thread1] INFO  server.RaftServerConfigKeys (ConfUtils.java:logGet(62)) - raft.server.log.segment.size.max = 67108864 (custom)
2025-09-13 17:31:09,701 [22454e81-7bda-41d4-8b71-c0b680f2e12d-impl-thread1] INFO  server.RaftServerConfigKeys (ConfUtils.java:logGet(62)) - raft.server.log.segment.cache.num.max = 2 (custom)
2025-09-13 17:31:09,701 [22454e81-7bda-41d4-8b71-c0b680f2e12d-impl-thread1] INFO  server.RaftServerConfigKeys (ConfUtils.java:logGet(62)) - raft.server.log.segment.cache.size.max = 200MB (=209715200) (default)
2025-09-13 17:31:09,701 [22454e81-7bda-41d4-8b71-c0b680f2e12d-impl-thread1] INFO  server.RaftServerConfigKeys (ConfUtils.java:logGet(62)) - raft.server.log.appender.buffer.byte-limit = 4194304 (custom)
2025-09-13 17:31:09,703 [22454e81-7bda-41d4-8b71-c0b680f2e12d-impl-thread1] INFO  util.AwaitToRun (AwaitToRun.java:start(81)) - Thread[#41,22454e81-7bda-41d4-8b71-c0b680f2e12d@group-7661A5CF51A5-cacheEviction-AwaitToRun,5,main] started
2025-09-13 17:31:09,706 [22454e81-7bda-41d4-8b71-c0b680f2e12d-impl-thread1] INFO  segmented.SegmentedRaftLogWorker (SegmentedRaftLogWorker.java:<init>(190)) - new 22454e81-7bda-41d4-8b71-c0b680f2e12d@group-7661A5CF51A5-SegmentedRaftLogWorker for RaftStorageImpl:Storage Directory /home/runner/work/ozone/ozone/hadoop-ozone/integration-test/target/test-dir/MiniOzoneClusterImpl-1331a795-ed08-415d-924a-7661a5cf51a5/scm/ratis/1331a795-ed08-415d-924a-7661a5cf51a5
2025-09-13 17:31:09,707 [22454e81-7bda-41d4-8b71-c0b680f2e12d-impl-thread1] INFO  server.RaftServerConfigKeys (ConfUtils.java:logGet(62)) - raft.server.log.queue.byte-limit = 64MB (=67108864) (default)
2025-09-13 17:31:09,707 [22454e81-7bda-41d4-8b71-c0b680f2e12d-impl-thread1] INFO  server.RaftServerConfigKeys (ConfUtils.java:logGet(62)) - raft.server.log.queue.element-limit = 4096 (default)
2025-09-13 17:31:09,708 [22454e81-7bda-41d4-8b71-c0b680f2e12d-impl-thread1] INFO  server.RaftServerConfigKeys (ConfUtils.java:logGet(62)) - raft.server.log.segment.size.max = 67108864 (custom)
2025-09-13 17:31:09,709 [22454e81-7bda-41d4-8b71-c0b680f2e12d-impl-thread1] INFO  server.RaftServerConfigKeys (ConfUtils.java:logGet(62)) - raft.server.log.preallocated.size = 4194304 (custom)
2025-09-13 17:31:09,710 [22454e81-7bda-41d4-8b71-c0b680f2e12d-impl-thread1] INFO  server.RaftServerConfigKeys (ConfUtils.java:logGet(62)) - raft.server.log.force.sync.num = 128 (default)
2025-09-13 17:31:09,710 [22454e81-7bda-41d4-8b71-c0b680f2e12d-impl-thread1] INFO  server.RaftServerConfigKeys (ConfUtils.java:logGet(62)) - raft.server.log.statemachine.data.sync = true (default)
2025-09-13 17:31:09,711 [22454e81-7bda-41d4-8b71-c0b680f2e12d-impl-thread1] INFO  server.RaftServerConfigKeys (ConfUtils.java:logGet(62)) - raft.server.log.statemachine.data.sync.timeout = 10s (default)
2025-09-13 17:31:09,711 [22454e81-7bda-41d4-8b71-c0b680f2e12d-impl-thread1] INFO  server.RaftServerConfigKeys (ConfUtils.java:logGet(62)) - raft.server.log.statemachine.data.sync.timeout.retry = -1 (default)
2025-09-13 17:31:09,712 [22454e81-7bda-41d4-8b71-c0b680f2e12d-impl-thread1] INFO  server.RaftServerConfigKeys (ConfUtils.java:logGet(62)) - raft.server.log.write.buffer.size = 4194312 (custom)
2025-09-13 17:31:09,713 [22454e81-7bda-41d4-8b71-c0b680f2e12d-impl-thread1] INFO  server.RaftServerConfigKeys (ConfUtils.java:logGet(62)) - raft.server.log.appender.buffer.byte-limit = 4194304 (custom)
2025-09-13 17:31:09,713 [22454e81-7bda-41d4-8b71-c0b680f2e12d-impl-thread1] INFO  server.RaftServerConfigKeys (ConfUtils.java:logGet(62)) - raft.server.log.unsafe-flush.enabled = false (default)
2025-09-13 17:31:09,714 [22454e81-7bda-41d4-8b71-c0b680f2e12d-impl-thread1] INFO  server.RaftServerConfigKeys (ConfUtils.java:logGet(62)) - raft.server.log.async-flush.enabled = false (default)
2025-09-13 17:31:09,714 [22454e81-7bda-41d4-8b71-c0b680f2e12d-impl-thread1] INFO  server.RaftServerConfigKeys (ConfUtils.java:logGet(62)) - raft.server.log.statemachine.data.caching.enabled = false (default)
2025-09-13 17:31:09,719 [22454e81-7bda-41d4-8b71-c0b680f2e12d-impl-thread1] INFO  segmented.SegmentedRaftLogWorker (SegmentedRaftLogWorker.java:lambda$new$0(141)) - 22454e81-7bda-41d4-8b71-c0b680f2e12d@group-7661A5CF51A5-SegmentedRaftLogWorker: flushIndex: setUnconditionally 0 -> -1
2025-09-13 17:31:09,719 [22454e81-7bda-41d4-8b71-c0b680f2e12d-impl-thread1] INFO  segmented.SegmentedRaftLogWorker (SegmentedRaftLogWorker.java:lambda$new$0(141)) - 22454e81-7bda-41d4-8b71-c0b680f2e12d@group-7661A5CF51A5-SegmentedRaftLogWorker: safeCacheEvictIndex: setUnconditionally 0 -> -1
2025-09-13 17:31:09,721 [22454e81-7bda-41d4-8b71-c0b680f2e12d-impl-thread1] INFO  server.RaftServer$Division (RaftServerImpl.java:start(405)) - 22454e81-7bda-41d4-8b71-c0b680f2e12d@group-7661A5CF51A5: start as a follower, conf=conf: {index: -1, cur=peers:[22454e81-7bda-41d4-8b71-c0b680f2e12d|localhost:15004]|listeners:[], old=null}
2025-09-13 17:31:09,721 [22454e81-7bda-41d4-8b71-c0b680f2e12d-impl-thread1] INFO  server.RaftServer$Division (RaftServerImpl.java:setRole(392)) - 22454e81-7bda-41d4-8b71-c0b680f2e12d@group-7661A5CF51A5: changes role from      null to FOLLOWER at term 0 for startAsFollower
2025-09-13 17:31:09,722 [22454e81-7bda-41d4-8b71-c0b680f2e12d-impl-thread1] INFO  impl.RoleInfo (RoleInfo.java:updateAndGet(148)) - 22454e81-7bda-41d4-8b71-c0b680f2e12d: start 22454e81-7bda-41d4-8b71-c0b680f2e12d@group-7661A5CF51A5-FollowerState
2025-09-13 17:31:09,723 [22454e81-7bda-41d4-8b71-c0b680f2e12d@group-7661A5CF51A5-FollowerState] INFO  server.RaftServerConfigKeys (ConfUtils.java:logGet(62)) - raft.server.rpc.first-election.timeout.min = 1000ms (custom)
2025-09-13 17:31:09,724 [22454e81-7bda-41d4-8b71-c0b680f2e12d@group-7661A5CF51A5-FollowerState] INFO  server.RaftServerConfigKeys (ConfUtils.java:logGet(62)) - raft.server.rpc.first-election.timeout.max = 1200ms (custom)
2025-09-13 17:31:09,724 [22454e81-7bda-41d4-8b71-c0b680f2e12d-impl-thread1] INFO  util.JmxRegister (JmxRegister.java:tryRegister(44)) - Successfully registered JMX Bean with object name Ratis:service=RaftServer,group=group-7661A5CF51A5,id=22454e81-7bda-41d4-8b71-c0b680f2e12d
2025-09-13 17:31:09,724 [22454e81-7bda-41d4-8b71-c0b680f2e12d-impl-thread1] INFO  util.JmxRegister (JmxRegister.java:register(58)) - register mxBean class org.apache.ratis.server.impl.RaftServerJmxAdapter as Ratis:service=RaftServer,group=group-7661A5CF51A5,id=22454e81-7bda-41d4-8b71-c0b680f2e12d
2025-09-13 17:31:09,726 [22454e81-7bda-41d4-8b71-c0b680f2e12d-impl-thread1] INFO  server.RaftServerConfigKeys (ConfUtils.java:logGet(62)) - raft.server.snapshot.trigger-when-stop.enabled = true (default)
2025-09-13 17:31:09,726 [22454e81-7bda-41d4-8b71-c0b680f2e12d-impl-thread1] INFO  server.RaftServerConfigKeys (ConfUtils.java:logGet(62)) - raft.server.snapshot.trigger-when-remove.enabled = true (default)
2025-09-13 17:31:09,727 [22454e81-7bda-41d4-8b71-c0b680f2e12d-impl-thread1] INFO  server.RaftServerConfigKeys (ConfUtils.java:logGet(62)) - raft.server.snapshot.auto.trigger.enabled = true (custom)
2025-09-13 17:31:09,727 [22454e81-7bda-41d4-8b71-c0b680f2e12d-impl-thread1] INFO  server.RaftServerConfigKeys (ConfUtils.java:logGet(62)) - raft.server.snapshot.auto.trigger.threshold = 1000 (custom)
2025-09-13 17:31:09,728 [22454e81-7bda-41d4-8b71-c0b680f2e12d-impl-thread1] INFO  server.RaftServerConfigKeys (ConfUtils.java:logGet(62)) - raft.server.snapshot.retention.file.num = -1 (default)
2025-09-13 17:31:09,728 [22454e81-7bda-41d4-8b71-c0b680f2e12d-impl-thread1] INFO  server.RaftServerConfigKeys (ConfUtils.java:logGet(62)) - raft.server.log.purge.upto.snapshot.index = false (default)
2025-09-13 17:31:09,732 [22454e81-7bda-41d4-8b71-c0b680f2e12d-impl-thread1] INFO  server.RaftServer$Division (RaftServerImpl.java:start(419)) - 22454e81-7bda-41d4-8b71-c0b680f2e12d@group-7661A5CF51A5: Successfully started.
2025-09-13 17:31:09,732 [ForkJoinPool-1-worker-1] INFO  server.RaftServer (RaftServerProxy.java:startImpl(412)) - 22454e81-7bda-41d4-8b71-c0b680f2e12d: start RPC server
2025-09-13 17:31:09,763 [ForkJoinPool-1-worker-1] INFO  server.GrpcServicesImpl (GrpcServicesImpl.java:startImpl(346)) - 22454e81-7bda-41d4-8b71-c0b680f2e12d: GrpcServicesImpl started, listening on 15004
2025-09-13 17:31:09,764 [JvmPauseMonitor0] INFO  util.JvmPauseMonitor (JvmPauseMonitor.java:run(146)) - JvmPauseMonitor-22454e81-7bda-41d4-8b71-c0b680f2e12d: Started
2025-09-13 17:31:10,765 [22454e81-7bda-41d4-8b71-c0b680f2e12d@group-7661A5CF51A5-FollowerState] INFO  impl.FollowerState (FollowerState.java:runImpl(161)) - 22454e81-7bda-41d4-8b71-c0b680f2e12d@group-7661A5CF51A5-FollowerState: change to CANDIDATE, lastRpcElapsedTime:1042549250ns, electionTimeout:1040ms
2025-09-13 17:31:10,765 [22454e81-7bda-41d4-8b71-c0b680f2e12d@group-7661A5CF51A5-FollowerState] INFO  impl.RoleInfo (RoleInfo.java:shutdownFollowerState(121)) - 22454e81-7bda-41d4-8b71-c0b680f2e12d: shutdown 22454e81-7bda-41d4-8b71-c0b680f2e12d@group-7661A5CF51A5-FollowerState
2025-09-13 17:31:10,765 [22454e81-7bda-41d4-8b71-c0b680f2e12d@group-7661A5CF51A5-FollowerState] INFO  server.RaftServer$Division (RaftServerImpl.java:setRole(392)) - 22454e81-7bda-41d4-8b71-c0b680f2e12d@group-7661A5CF51A5: changes role from  FOLLOWER to CANDIDATE at term 0 for changeToCandidate
2025-09-13 17:31:10,767 [22454e81-7bda-41d4-8b71-c0b680f2e12d@group-7661A5CF51A5-FollowerState] INFO  server.RaftServerConfigKeys (ConfUtils.java:logGet(62)) - raft.server.leaderelection.pre-vote = true (default)
2025-09-13 17:31:10,768 [22454e81-7bda-41d4-8b71-c0b680f2e12d@group-7661A5CF51A5-FollowerState] INFO  impl.RoleInfo (RoleInfo.java:updateAndGet(148)) - 22454e81-7bda-41d4-8b71-c0b680f2e12d: start 22454e81-7bda-41d4-8b71-c0b680f2e12d@group-7661A5CF51A5-LeaderElection1
2025-09-13 17:31:10,770 [22454e81-7bda-41d4-8b71-c0b680f2e12d@group-7661A5CF51A5-LeaderElection1] INFO  impl.LeaderElection (LeaderElection.java:askForVotes(448)) - 22454e81-7bda-41d4-8b71-c0b680f2e12d@group-7661A5CF51A5-LeaderElection1 PRE_VOTE round 0: submit vote requests at term 0 for conf: {index: -1, cur=peers:[22454e81-7bda-41d4-8b71-c0b680f2e12d|localhost:15004]|listeners:[], old=null}
2025-09-13 17:31:10,771 [22454e81-7bda-41d4-8b71-c0b680f2e12d@group-7661A5CF51A5-LeaderElection1] INFO  impl.LeaderElection (LeaderElection.java:askForVotes(450)) - 22454e81-7bda-41d4-8b71-c0b680f2e12d@group-7661A5CF51A5-LeaderElection1 PRE_VOTE round 0: result PASSED (term=0)
2025-09-13 17:31:10,773 [22454e81-7bda-41d4-8b71-c0b680f2e12d@group-7661A5CF51A5-LeaderElection1] INFO  impl.LeaderElection (LeaderElection.java:askForVotes(448)) - 22454e81-7bda-41d4-8b71-c0b680f2e12d@group-7661A5CF51A5-LeaderElection1 ELECTION round 0: submit vote requests at term 1 for conf: {index: -1, cur=peers:[22454e81-7bda-41d4-8b71-c0b680f2e12d|localhost:15004]|listeners:[], old=null}
2025-09-13 17:31:10,773 [22454e81-7bda-41d4-8b71-c0b680f2e12d@group-7661A5CF51A5-LeaderElection1] INFO  impl.LeaderElection (LeaderElection.java:askForVotes(450)) - 22454e81-7bda-41d4-8b71-c0b680f2e12d@group-7661A5CF51A5-LeaderElection1 ELECTION round 0: result PASSED (term=1)
2025-09-13 17:31:10,773 [22454e81-7bda-41d4-8b71-c0b680f2e12d@group-7661A5CF51A5-LeaderElection1] INFO  impl.RoleInfo (RoleInfo.java:shutdownLeaderElection(141)) - 22454e81-7bda-41d4-8b71-c0b680f2e12d: shutdown 22454e81-7bda-41d4-8b71-c0b680f2e12d@group-7661A5CF51A5-LeaderElection1
2025-09-13 17:31:10,774 [22454e81-7bda-41d4-8b71-c0b680f2e12d@group-7661A5CF51A5-LeaderElection1] INFO  server.RaftServer$Division (RaftServerImpl.java:setRole(392)) - 22454e81-7bda-41d4-8b71-c0b680f2e12d@group-7661A5CF51A5: changes role from CANDIDATE to LEADER at term 1 for changeToLeader
2025-09-13 17:31:10,777 [22454e81-7bda-41d4-8b71-c0b680f2e12d@group-7661A5CF51A5-LeaderElection1] INFO  server.RaftServerConfigKeys (ConfUtils.java:logGet(62)) - raft.server.staging.catchup.gap = 1000 (default)
2025-09-13 17:31:10,777 [22454e81-7bda-41d4-8b71-c0b680f2e12d@group-7661A5CF51A5-LeaderElection1] INFO  server.RaftServerConfigKeys (ConfUtils.java:logFallback(69)) - raft.server.staging.timeout = 15600ms (fallback to raft.server.rpc.timeout.max)
2025-09-13 17:31:10,779 [22454e81-7bda-41d4-8b71-c0b680f2e12d@group-7661A5CF51A5-LeaderElection1] INFO  server.RaftServerConfigKeys (ConfUtils.java:logGet(62)) - raft.server.write.element-limit = 4096 (default)
2025-09-13 17:31:10,780 [22454e81-7bda-41d4-8b71-c0b680f2e12d@group-7661A5CF51A5-LeaderElection1] INFO  server.RaftServerConfigKeys (ConfUtils.java:logGet(62)) - raft.server.write.byte-limit = 64MB (=67108864) (default)
2025-09-13 17:31:10,782 [22454e81-7bda-41d4-8b71-c0b680f2e12d@group-7661A5CF51A5-LeaderElection1] INFO  server.RaftServerConfigKeys (ConfUtils.java:logGet(62)) - raft.server.watch.timeout = 10s (default)
2025-09-13 17:31:10,782 [22454e81-7bda-41d4-8b71-c0b680f2e12d@group-7661A5CF51A5-LeaderElection1] INFO  server.RaftServerConfigKeys (ConfUtils.java:logGet(62)) - raft.server.watch.timeout.denomination = 1s (default)
2025-09-13 17:31:10,783 [22454e81-7bda-41d4-8b71-c0b680f2e12d@group-7661A5CF51A5-LeaderElection1] INFO  server.RaftServerConfigKeys (ConfUtils.java:logGet(62)) - raft.server.watch.element-limit = 65536 (default)
2025-09-13 17:31:10,788 [22454e81-7bda-41d4-8b71-c0b680f2e12d@group-7661A5CF51A5-LeaderElection1] INFO  server.RaftServerConfigKeys (ConfUtils.java:logGet(62)) - raft.server.read.leader.lease.enabled = false (default)
2025-09-13 17:31:10,789 [22454e81-7bda-41d4-8b71-c0b680f2e12d@group-7661A5CF51A5-LeaderElection1] INFO  server.RaftServerConfigKeys (ConfUtils.java:logGet(62)) - raft.server.read.leader.lease.timeout.ratio = 0.9 (default)
2025-09-13 17:31:10,789 [22454e81-7bda-41d4-8b71-c0b680f2e12d@group-7661A5CF51A5-LeaderElection1] INFO  server.RaftServerConfigKeys (ConfUtils.java:logGet(62)) - raft.server.log.log-metadata.enabled = false (custom)
2025-09-13 17:31:10,789 [22454e81-7bda-41d4-8b71-c0b680f2e12d@group-7661A5CF51A5-LeaderElection1] INFO  server.RaftServerConfigKeys (ConfUtils.java:logGet(62)) - raft.server.write.follower.gap.ratio.max = -1.0 (default)
2025-09-13 17:31:10,791 [22454e81-7bda-41d4-8b71-c0b680f2e12d@group-7661A5CF51A5-LeaderElection1] INFO  impl.RoleInfo (RoleInfo.java:updateAndGet(148)) - 22454e81-7bda-41d4-8b71-c0b680f2e12d: start 22454e81-7bda-41d4-8b71-c0b680f2e12d@group-7661A5CF51A5-LeaderStateImpl
2025-09-13 17:31:10,791 [22454e81-7bda-41d4-8b71-c0b680f2e12d@group-7661A5CF51A5-LeaderElection1] INFO  server.RaftServer$Division (RaftServerImpl.java:setFirstElection(576)) - 22454e81-7bda-41d4-8b71-c0b680f2e12d@group-7661A5CF51A5: set firstElectionSinceStartup to false for becomeLeader
2025-09-13 17:31:10,791 [22454e81-7bda-41d4-8b71-c0b680f2e12d@group-7661A5CF51A5-LeaderElection1] INFO  server.RaftServer$Division (ServerState.java:setLeader(272)) - 22454e81-7bda-41d4-8b71-c0b680f2e12d@group-7661A5CF51A5: change Leader from null to 22454e81-7bda-41d4-8b71-c0b680f2e12d at term 1 for becomeLeader, leader elected after 1272ms
2025-09-13 17:31:10,804 [22454e81-7bda-41d4-8b71-c0b680f2e12d@group-7661A5CF51A5-LeaderElection1] INFO  segmented.SegmentedRaftLogWorker (SegmentedRaftLogWorker.java:startLogSegment(440)) - 22454e81-7bda-41d4-8b71-c0b680f2e12d@group-7661A5CF51A5-SegmentedRaftLogWorker: Starting segment from index:0
2025-09-13 17:31:10,819 [22454e81-7bda-41d4-8b71-c0b680f2e12d@group-7661A5CF51A5-LeaderElection1] INFO  server.RaftServer$Division (ServerState.java:setRaftConf(386)) - 22454e81-7bda-41d4-8b71-c0b680f2e12d@group-7661A5CF51A5: set configuration conf: {index: 0, cur=peers:[22454e81-7bda-41d4-8b71-c0b680f2e12d|localhost:15004]|listeners:[], old=null}
2025-09-13 17:31:10,833 [22454e81-7bda-41d4-8b71-c0b680f2e12d@group-7661A5CF51A5-SegmentedRaftLogWorker] INFO  segmented.BufferedWriteChannel (BufferedWriteChannel.java:open(61)) - open log_inprogress_0 at position 0
2025-09-13 17:31:10,841 [22454e81-7bda-41d4-8b71-c0b680f2e12d@group-7661A5CF51A5-SegmentedRaftLogWorker] INFO  segmented.SegmentedRaftLogWorker (SegmentedRaftLogWorker.java:execute(647)) - 22454e81-7bda-41d4-8b71-c0b680f2e12d@group-7661A5CF51A5-SegmentedRaftLogWorker: created new log segment /home/runner/work/ozone/ozone/hadoop-ozone/integration-test/target/test-dir/MiniOzoneClusterImpl-1331a795-ed08-415d-924a-7661a5cf51a5/scm/ratis/1331a795-ed08-415d-924a-7661a5cf51a5/current/log_inprogress_0
2025-09-13 17:31:10,849 [22454e81-7bda-41d4-8b71-c0b680f2e12d@group-7661A5CF51A5-StateMachineUpdater] INFO  server.RaftServer$Division (LeaderStateImpl.java:checkStartIndex(309)) - Leader 22454e81-7bda-41d4-8b71-c0b680f2e12d@group-7661A5CF51A5-LeaderStateImpl is ready since appliedIndex == startIndex == 0
2025-09-13 17:31:11,765 [ForkJoinPool-1-worker-1] INFO  server.RaftServer (RaftServerProxy.java:lambda$close$9(422)) - 22454e81-7bda-41d4-8b71-c0b680f2e12d: close
2025-09-13 17:31:11,767 [22454e81-7bda-41d4-8b71-c0b680f2e12d-impl-thread1] INFO  server.RaftServer$Division (RaftServerImpl.java:lambda$close$1(527)) - 22454e81-7bda-41d4-8b71-c0b680f2e12d@group-7661A5CF51A5: shutdown
2025-09-13 17:31:11,767 [ForkJoinPool-1-worker-1] INFO  server.GrpcServicesImpl (GrpcServicesImpl.java:closeImpl(355)) - 22454e81-7bda-41d4-8b71-c0b680f2e12d: shutdown server GrpcServerProtocolService now
2025-09-13 17:31:11,767 [22454e81-7bda-41d4-8b71-c0b680f2e12d-impl-thread1] INFO  util.JmxRegister (JmxRegister.java:unregister(74)) - Successfully un-registered JMX Bean with object name Ratis:service=RaftServer,group=group-7661A5CF51A5,id=22454e81-7bda-41d4-8b71-c0b680f2e12d
2025-09-13 17:31:11,768 [22454e81-7bda-41d4-8b71-c0b680f2e12d-impl-thread1] INFO  impl.RoleInfo (RoleInfo.java:shutdownLeaderState(103)) - 22454e81-7bda-41d4-8b71-c0b680f2e12d: shutdown 22454e81-7bda-41d4-8b71-c0b680f2e12d@group-7661A5CF51A5-LeaderStateImpl
2025-09-13 17:31:11,771 [22454e81-7bda-41d4-8b71-c0b680f2e12d-impl-thread1] INFO  impl.PendingRequests (PendingRequests.java:sendNotLeaderResponses(287)) - 22454e81-7bda-41d4-8b71-c0b680f2e12d@group-7661A5CF51A5-PendingRequests: sendNotLeaderResponses
2025-09-13 17:31:11,774 [ForkJoinPool-1-worker-1] INFO  server.GrpcServicesImpl (GrpcServicesImpl.java:closeImpl(364)) - 22454e81-7bda-41d4-8b71-c0b680f2e12d: shutdown server GrpcServerProtocolService successfully
2025-09-13 17:31:11,774 [22454e81-7bda-41d4-8b71-c0b680f2e12d-impl-thread1] INFO  impl.StateMachineUpdater (StateMachineUpdater.java:stopAndJoin(163)) - 22454e81-7bda-41d4-8b71-c0b680f2e12d@group-7661A5CF51A5-StateMachineUpdater: set stopIndex = 0
2025-09-13 17:31:11,775 [22454e81-7bda-41d4-8b71-c0b680f2e12d@group-7661A5CF51A5-StateMachineUpdater] INFO  impl.StateMachineUpdater (StateMachineUpdater.java:takeSnapshot(307)) - 22454e81-7bda-41d4-8b71-c0b680f2e12d@group-7661A5CF51A5-StateMachineUpdater: Took a snapshot at index 0
2025-09-13 17:31:11,775 [22454e81-7bda-41d4-8b71-c0b680f2e12d@group-7661A5CF51A5-StateMachineUpdater] INFO  impl.StateMachineUpdater (StateMachineUpdater.java:lambda$new$0(101)) - 22454e81-7bda-41d4-8b71-c0b680f2e12d@group-7661A5CF51A5-StateMachineUpdater: snapshotIndex: updateIncreasingly -1 -> 0
2025-09-13 17:31:11,776 [22454e81-7bda-41d4-8b71-c0b680f2e12d@group-7661A5CF51A5-StateMachineUpdater] INFO  impl.StateMachineUpdater (StateMachineUpdater.java:stop(140)) - 22454e81-7bda-41d4-8b71-c0b680f2e12d@group-7661A5CF51A5-StateMachineUpdater: closing SCMStateMachine, lastApplied=(t:1, i:0)
2025-09-13 17:31:11,777 [22454e81-7bda-41d4-8b71-c0b680f2e12d@group-7661A5CF51A5-cacheEviction-AwaitToRun] INFO  util.AwaitToRun (AwaitToRun.java:run(49)) - 22454e81-7bda-41d4-8b71-c0b680f2e12d@group-7661A5CF51A5-cacheEviction-AwaitToRun-AwaitForSignal is interrupted
2025-09-13 17:31:11,846 [22454e81-7bda-41d4-8b71-c0b680f2e12d-impl-thread1] INFO  segmented.SegmentedRaftLogWorker (SegmentedRaftLogWorker.java:close(254)) - 22454e81-7bda-41d4-8b71-c0b680f2e12d@group-7661A5CF51A5-SegmentedRaftLogWorker close()
2025-09-13 17:31:11,851 [JvmPauseMonitor0] INFO  util.JvmPauseMonitor (JvmPauseMonitor.java:run(152)) - JvmPauseMonitor-22454e81-7bda-41d4-8b71-c0b680f2e12d: Stopped
2025-09-13 17:31:11,885 [ForkJoinPool-1-worker-1] INFO  ha.SCMHANodeDetails (SCMHANodeDetails.java:loadSCMHAConfig(162)) - ServiceID for StorageContainerManager is null
2025-09-13 17:31:11,885 [ForkJoinPool-1-worker-1] INFO  ha.SCMHANodeDetails (SCMHANodeDetails.java:loadSCMHAConfig(166)) - ozone.scm.default.service.id is not defined, falling back to ozone.scm.service.ids to find serviceID for StorageContainerManager if it is HA enabled cluster
2025-09-13 17:31:12,519 [ForkJoinPool-1-worker-1] INFO  net.NodeSchemaLoader (NodeSchemaLoader.java:loadSchemaFromFile(128)) - Loading schema from [jar:file:/home/runner/work/ozone/ozone/hadoop-hdds/common/target/hdds-common-2.1.0-SNAPSHOT.jar!/network-topology-default.xml]
2025-09-13 17:31:12,521 [ForkJoinPool-1-worker-1] INFO  net.NodeSchemaLoader (NodeSchemaLoader.java:loadSchema(175)) - Loading network topology layer schema file
2025-09-13 17:31:12,621 [ForkJoinPool-1-worker-1] INFO  ha.SCMRatisServerImpl (SCMRatisServerImpl.java:<init>(100)) - starting Raft server for scm:22454e81-7bda-41d4-8b71-c0b680f2e12d
2025-09-13 17:31:12,624 [ForkJoinPool-1-worker-1] INFO  server.RaftServerConfigKeys (ConfUtils.java:logGet(62)) - raft.server.log.appender.buffer.byte-limit = 4194304 (custom)
2025-09-13 17:31:12,626 [ForkJoinPool-1-worker-1] INFO  grpc.GrpcConfigKeys (ConfUtils.java:logFallback(69)) - raft.grpc.admin.host = null (fallback to raft.grpc.server.host)
2025-09-13 17:31:12,626 [ForkJoinPool-1-worker-1] INFO  grpc.GrpcConfigKeys (ConfUtils.java:logFallback(69)) - raft.grpc.admin.port = 15004 (fallback to raft.grpc.server.port)
2025-09-13 17:31:12,626 [ForkJoinPool-1-worker-1] INFO  grpc.GrpcConfigKeys (ConfUtils.java:logFallback(69)) - raft.grpc.client.host = null (fallback to raft.grpc.server.host)
2025-09-13 17:31:12,627 [ForkJoinPool-1-worker-1] INFO  grpc.GrpcConfigKeys (ConfUtils.java:logFallback(69)) - raft.grpc.client.port = 15004 (fallback to raft.grpc.server.port)
2025-09-13 17:31:12,627 [ForkJoinPool-1-worker-1] INFO  server.GrpcServicesImpl (ConfUtils.java:logGet(62)) - raft.grpc.message.size.max = 5242880 (custom)
2025-09-13 17:31:12,627 [ForkJoinPool-1-worker-1] INFO  server.RaftServerConfigKeys (ConfUtils.java:logGet(62)) - raft.server.log.appender.buffer.byte-limit = 4194304 (custom)
2025-09-13 17:31:12,629 [22454e81-7bda-41d4-8b71-c0b680f2e12d-impl-thread1] INFO  server.RaftServer (RaftServerProxy.java:initGroupDir(270)) - 22454e81-7bda-41d4-8b71-c0b680f2e12d: found a subdirectory /home/runner/work/ozone/ozone/hadoop-ozone/integration-test/target/test-dir/MiniOzoneClusterImpl-1331a795-ed08-415d-924a-7661a5cf51a5/scm/ratis/1331a795-ed08-415d-924a-7661a5cf51a5
2025-09-13 17:31:12,629 [ForkJoinPool-1-worker-1] INFO  server.RaftServer (RaftServerProxy.java:addNew(105)) - 22454e81-7bda-41d4-8b71-c0b680f2e12d: addNew group-7661A5CF51A5:[] returns group-7661A5CF51A5:java.util.concurrent.CompletableFuture@5931ac1[Not completed]
2025-09-13 17:31:12,632 [22454e81-7bda-41d4-8b71-c0b680f2e12d-groupManagement] INFO  server.RaftServer$Division (RaftServerImpl.java:<init>(268)) - 22454e81-7bda-41d4-8b71-c0b680f2e12d: new RaftServerImpl for group-7661A5CF51A5:[] with SCMStateMachine:uninitialized
2025-09-13 17:31:12,632 [22454e81-7bda-41d4-8b71-c0b680f2e12d-groupManagement] INFO  server.RaftServer$Division (ServerState.java:<init>(114)) - 22454e81-7bda-41d4-8b71-c0b680f2e12d@group-7661A5CF51A5: ConfigurationManager, init=conf: {index: -1, cur=peers:[]|listeners:[], old=null}, confs=<EMPTY_MAP>
2025-09-13 17:31:12,640 [ForkJoinPool-1-worker-1] INFO  ha.SCMSnapshotProvider (SCMSnapshotProvider.java:<init>(61)) - Initializing SCM Snapshot Provider
2025-09-13 17:31:12,666 [ForkJoinPool-1-worker-1] INFO  upgrade.AbstractLayoutVersionManager (AbstractLayoutVersionManager.java:init(80)) - Initializing Layout version manager with metadata layout = WITNESSED_CONTAINER_DB_PROTO_VALUE (version = 9), software layout = WITNESSED_CONTAINER_DB_PROTO_VALUE (version = 9)
2025-09-13 17:31:12,695 [ForkJoinPool-1-worker-1] INFO  ha.SequenceIdGenerator (SequenceIdGenerator.java:upgradeToSequenceId(353)) - upgrade localId to 115816896921600000
2025-09-13 17:31:12,697 [ForkJoinPool-1-worker-1] INFO  ha.SequenceIdGenerator (SequenceIdGenerator.java:upgradeToSequenceId(363)) - upgrade delTxnId to 0
2025-09-13 17:31:12,704 [ForkJoinPool-1-worker-1] INFO  ha.SequenceIdGenerator (SequenceIdGenerator.java:upgradeToSequenceId(379)) - upgrade containerId to 0
2025-09-13 17:31:12,708 [ForkJoinPool-1-worker-1] INFO  ha.SequenceIdGenerator (SequenceIdGenerator.java:upgradeToCertificateSequenceId(414)) - upgrade CertificateId to 2
2025-09-13 17:31:12,710 [ForkJoinPool-1-worker-1] INFO  ha.SequenceIdGenerator (SequenceIdGenerator.java:<init>(231)) - Init the HA SequenceIdGenerator.
2025-09-13 17:31:12,714 [ForkJoinPool-1-worker-1] INFO  Configuration.deprecation (Configuration.java:logDeprecation(1462)) - hadoop.configured.node.mapping is deprecated. Instead, use net.topology.configured.node.mapping
2025-09-13 17:31:12,763 [ForkJoinPool-1-worker-1] INFO  node.SCMNodeManager (SCMNodeManager.java:<init>(180)) - Entering startup safe mode.
2025-09-13 17:31:12,775 [ForkJoinPool-1-worker-1] INFO  algorithms.ContainerPlacementPolicyFactory (ContainerPlacementPolicyFactory.java:getPolicyInternal(83)) - Create container placement policy of type org.apache.hadoop.hdds.scm.container.placement.algorithms.SCMContainerPlacementRackAware
2025-09-13 17:31:12,780 [ForkJoinPool-1-worker-1] INFO  algorithms.ContainerPlacementPolicyFactory (ContainerPlacementPolicyFactory.java:getPolicyInternal(83)) - Create container placement policy of type org.apache.hadoop.hdds.scm.container.placement.algorithms.SCMContainerPlacementRackScatter
2025-09-13 17:31:12,788 [ForkJoinPool-1-worker-1] INFO  pipeline.PipelineStateManagerImpl (PipelineStateManagerImpl.java:initialize(75)) - No pipeline exists in current db
2025-09-13 17:31:12,800 [ForkJoinPool-1-worker-1] INFO  algorithms.LeaderChoosePolicyFactory (LeaderChoosePolicyFactory.java:getPolicy(55)) - Create leader choose policy of type org.apache.hadoop.hdds.scm.pipeline.leader.choose.algorithms.MinLeaderCountChoosePolicy
2025-09-13 17:31:12,801 [ForkJoinPool-1-worker-1] INFO  algorithms.ContainerPlacementPolicyFactory (ContainerPlacementPolicyFactory.java:getPolicyInternal(83)) - Create container placement policy of type org.apache.hadoop.hdds.scm.container.placement.algorithms.SCMContainerPlacementRackScatter
2025-09-13 17:31:12,807 [ForkJoinPool-1-worker-1] INFO  ha.SCMServiceManager (SCMServiceManager.java:register(42)) - Registering service BackgroundPipelineCreator.
2025-09-13 17:31:12,807 [ForkJoinPool-1-worker-1] INFO  pipeline.BackgroundPipelineCreator (BackgroundPipelineCreator.java:start(126)) - Starting RatisPipelineUtilsThread.
2025-09-13 17:31:12,810 [ForkJoinPool-1-worker-1] INFO  BackgroundPipelineScrubber (BackgroundSCMService.java:start(64)) - Starting BackgroundPipelineScrubber Service.
2025-09-13 17:31:12,810 [ForkJoinPool-1-worker-1] INFO  ha.SCMServiceManager (SCMServiceManager.java:register(42)) - Registering service BackgroundPipelineScrubber.
2025-09-13 17:31:12,819 [ForkJoinPool-1-worker-1] INFO  ExpiredContainerReplicaOpScrubber (BackgroundSCMService.java:start(64)) - Starting ExpiredContainerReplicaOpScrubber Service.
2025-09-13 17:31:12,819 [ForkJoinPool-1-worker-1] INFO  ha.SCMServiceManager (SCMServiceManager.java:register(42)) - Registering service ExpiredContainerReplicaOpScrubber.
2025-09-13 17:31:12,844 [ForkJoinPool-1-worker-1] INFO  algorithms.PipelineChoosePolicyFactory (PipelineChoosePolicyFactory.java:createPipelineChoosePolicyFromClass(78)) - Create pipeline choose policy of type org.apache.hadoop.hdds.scm.pipeline.choose.algorithms.RandomPipelineChoosePolicy
2025-09-13 17:31:12,844 [ForkJoinPool-1-worker-1] INFO  algorithms.PipelineChoosePolicyFactory (PipelineChoosePolicyFactory.java:createPipelineChoosePolicyFromClass(78)) - Create pipeline choose policy of type org.apache.hadoop.hdds.scm.pipeline.choose.algorithms.RandomPipelineChoosePolicy
2025-09-13 17:31:12,874 [ForkJoinPool-1-worker-1] INFO  ha.SCMServiceManager (SCMServiceManager.java:register(42)) - Registering service SCMBlockDeletingService.
2025-09-13 17:31:12,929 [ForkJoinPool-1-worker-1] INFO  replication.ReplicationManager (ReplicationManager.java:start(287)) - Starting Replication Monitor Thread.
2025-09-13 17:31:12,930 [ForkJoinPool-1-worker-1] INFO  ha.SCMServiceManager (SCMServiceManager.java:register(42)) - Registering service ReplicationManager.
2025-09-13 17:31:12,940 [ForkJoinPool-1-worker-1] INFO  safemode.RatisContainerSafeModeRule (RatisContainerSafeModeRule.java:initializeRule(160)) - Refreshed Containers with one replica threshold count 0.
2025-09-13 17:31:12,941 [ForkJoinPool-1-worker-1] INFO  safemode.ECContainerSafeModeRule (ECContainerSafeModeRule.java:initializeRule(204)) - Refreshed Containers with ec n replica threshold count 0.
2025-09-13 17:31:12,946 [ForkJoinPool-1-worker-1] INFO  safemode.HealthyPipelineSafeModeRule (HealthyPipelineSafeModeRule.java:initializeRule(232)) - Total pipeline count is 0, healthy pipeline threshold count is 1
2025-09-13 17:31:12,947 [ForkJoinPool-1-worker-1] INFO  safemode.OneReplicaPipelineSafeModeRule (OneReplicaPipelineSafeModeRule.java:initializeRule(190)) - Total pipeline count is 0, pipeline's with at least one datanode reported threshold count is 0
2025-09-13 17:31:13,005 [ForkJoinPool-1-worker-1] INFO  server.StorageContainerManager (StorageContainerManager.java:<init>(432)) - SCM start with adminUsers: [admin, runner]
2025-09-13 17:31:13,234 [ForkJoinPool-1-worker-1] INFO  audit.AuditLogger (AuditLogger.java:refreshDebugCmdSet(133)) - Refresh DebugCmdSet for SCMAudit to [].
2025-09-13 17:31:13,253 [ForkJoinPool-1-worker-1] INFO  ipc.CallQueueManager (CallQueueManager.java:<init>(93)) - Using callQueue: class java.util.concurrent.LinkedBlockingQueue, queueCapacity: 10000, scheduler: class org.apache.hadoop.ipc.DefaultRpcScheduler, ipcBackoff: false, ipcFailOver: false.
2025-09-13 17:31:13,277 [ForkJoinPool-1-worker-1] INFO  ipc.Server (Server.java:<init>(1438)) - Listener at 0.0.0.0:15002
2025-09-13 17:31:13,278 [Socket Reader #1 for port 15002] INFO  ipc.Server (Server.java:run(1474)) - Starting Socket Reader #1 for port 15002
2025-09-13 17:31:13,279 [Socket Reader #2 for port 15002] INFO  ipc.Server (Server.java:run(1474)) - Starting Socket Reader #2 for port 15002
2025-09-13 17:31:13,280 [Socket Reader #4 for port 15002] INFO  ipc.Server (Server.java:run(1474)) - Starting Socket Reader #4 for port 15002
2025-09-13 17:31:13,281 [Socket Reader #6 for port 15002] INFO  ipc.Server (Server.java:run(1474)) - Starting Socket Reader #6 for port 15002
2025-09-13 17:31:13,281 [Socket Reader #3 for port 15002] INFO  ipc.Server (Server.java:run(1474)) - Starting Socket Reader #3 for port 15002
2025-09-13 17:31:13,280 [Socket Reader #5 for port 15002] INFO  ipc.Server (Server.java:run(1474)) - Starting Socket Reader #5 for port 15002
2025-09-13 17:31:13,282 [Socket Reader #7 for port 15002] INFO  ipc.Server (Server.java:run(1474)) - Starting Socket Reader #7 for port 15002
2025-09-13 17:31:13,283 [Socket Reader #8 for port 15002] INFO  ipc.Server (Server.java:run(1474)) - Starting Socket Reader #8 for port 15002
2025-09-13 17:31:13,284 [Socket Reader #9 for port 15002] INFO  ipc.Server (Server.java:run(1474)) - Starting Socket Reader #9 for port 15002
2025-09-13 17:31:13,284 [Socket Reader #10 for port 15002] INFO  ipc.Server (Server.java:run(1474)) - Starting Socket Reader #10 for port 15002
2025-09-13 17:31:13,326 [ForkJoinPool-1-worker-1] INFO  audit.AuditLogger (AuditLogger.java:refreshDebugCmdSet(133)) - Refresh DebugCmdSet for SCMAudit to [].
2025-09-13 17:31:13,331 [ForkJoinPool-1-worker-1] INFO  ipc.CallQueueManager (CallQueueManager.java:<init>(93)) - Using callQueue: class java.util.concurrent.LinkedBlockingQueue, queueCapacity: 10000, scheduler: class org.apache.hadoop.ipc.DefaultRpcScheduler, ipcBackoff: false, ipcFailOver: false.
2025-09-13 17:31:13,331 [ForkJoinPool-1-worker-1] INFO  ipc.Server (Server.java:<init>(1438)) - Listener at 0.0.0.0:15001
2025-09-13 17:31:13,332 [Socket Reader #1 for port 15001] INFO  ipc.Server (Server.java:run(1474)) - Starting Socket Reader #1 for port 15001
2025-09-13 17:31:13,333 [Socket Reader #2 for port 15001] INFO  ipc.Server (Server.java:run(1474)) - Starting Socket Reader #2 for port 15001
2025-09-13 17:31:13,333 [Socket Reader #3 for port 15001] INFO  ipc.Server (Server.java:run(1474)) - Starting Socket Reader #3 for port 15001
2025-09-13 17:31:13,334 [Socket Reader #4 for port 15001] INFO  ipc.Server (Server.java:run(1474)) - Starting Socket Reader #4 for port 15001
2025-09-13 17:31:13,334 [Socket Reader #5 for port 15001] INFO  ipc.Server (Server.java:run(1474)) - Starting Socket Reader #5 for port 15001
2025-09-13 17:31:13,334 [Socket Reader #6 for port 15001] INFO  ipc.Server (Server.java:run(1474)) - Starting Socket Reader #6 for port 15001
2025-09-13 17:31:13,335 [Socket Reader #7 for port 15001] INFO  ipc.Server (Server.java:run(1474)) - Starting Socket Reader #7 for port 15001
2025-09-13 17:31:13,336 [Socket Reader #8 for port 15001] INFO  ipc.Server (Server.java:run(1474)) - Starting Socket Reader #8 for port 15001
2025-09-13 17:31:13,336 [Socket Reader #9 for port 15001] INFO  ipc.Server (Server.java:run(1474)) - Starting Socket Reader #9 for port 15001
2025-09-13 17:31:13,337 [Socket Reader #10 for port 15001] INFO  ipc.Server (Server.java:run(1474)) - Starting Socket Reader #10 for port 15001
2025-09-13 17:31:13,369 [ForkJoinPool-1-worker-1] INFO  audit.AuditLogger (AuditLogger.java:refreshDebugCmdSet(133)) - Refresh DebugCmdSet for SCMAudit to [].
2025-09-13 17:31:13,378 [ForkJoinPool-1-worker-1] INFO  ipc.CallQueueManager (CallQueueManager.java:<init>(93)) - Using callQueue: class java.util.concurrent.LinkedBlockingQueue, queueCapacity: 10000, scheduler: class org.apache.hadoop.ipc.DefaultRpcScheduler, ipcBackoff: false, ipcFailOver: false.
2025-09-13 17:31:13,379 [ForkJoinPool-1-worker-1] INFO  ipc.Server (Server.java:<init>(1438)) - Listener at 0.0.0.0:15000
2025-09-13 17:31:13,379 [Socket Reader #1 for port 15000] INFO  ipc.Server (Server.java:run(1474)) - Starting Socket Reader #1 for port 15000
2025-09-13 17:31:13,379 [Socket Reader #2 for port 15000] INFO  ipc.Server (Server.java:run(1474)) - Starting Socket Reader #2 for port 15000
2025-09-13 17:31:13,380 [Socket Reader #3 for port 15000] INFO  ipc.Server (Server.java:run(1474)) - Starting Socket Reader #3 for port 15000
2025-09-13 17:31:13,381 [Socket Reader #4 for port 15000] INFO  ipc.Server (Server.java:run(1474)) - Starting Socket Reader #4 for port 15000
2025-09-13 17:31:13,382 [Socket Reader #5 for port 15000] INFO  ipc.Server (Server.java:run(1474)) - Starting Socket Reader #5 for port 15000
2025-09-13 17:31:13,382 [Socket Reader #6 for port 15000] INFO  ipc.Server (Server.java:run(1474)) - Starting Socket Reader #6 for port 15000
2025-09-13 17:31:13,383 [Socket Reader #7 for port 15000] INFO  ipc.Server (Server.java:run(1474)) - Starting Socket Reader #7 for port 15000
2025-09-13 17:31:13,383 [Socket Reader #8 for port 15000] INFO  ipc.Server (Server.java:run(1474)) - Starting Socket Reader #8 for port 15000
2025-09-13 17:31:13,384 [Socket Reader #9 for port 15000] INFO  ipc.Server (Server.java:run(1474)) - Starting Socket Reader #9 for port 15000
2025-09-13 17:31:13,384 [Socket Reader #10 for port 15000] INFO  ipc.Server (Server.java:run(1474)) - Starting Socket Reader #10 for port 15000
2025-09-13 17:31:13,443 [ForkJoinPool-1-worker-1] INFO  ha.SCMServiceManager (SCMServiceManager.java:register(42)) - Registering service ContainerBalancer.
2025-09-13 17:31:13,444 [ForkJoinPool-1-worker-1] INFO  ha.SCMContext (SCMContext.java:updateSafeModeStatus(224)) - Update SafeModeStatus from SafeModeStatus{safeModeStatus=true, preCheckPassed=false} to SafeModeStatus{safeModeStatus=true, preCheckPassed=false}.
2025-09-13 17:31:13,448 [ForkJoinPool-1-worker-1] INFO  server.StorageContainerManager (StorageContainerManager.java:start(1515)) - StorageContainerLocationProtocol RPC server is listening at /0.0.0.0:15000
2025-09-13 17:31:13,449 [ForkJoinPool-1-worker-1] INFO  ha.SCMRatisServerImpl (SCMRatisServerImpl.java:start(203)) - starting ratis server 0.0.0.0:15004
2025-09-13 17:31:13,451 [22454e81-7bda-41d4-8b71-c0b680f2e12d-impl-thread1] INFO  storage.RaftStorageDirectory (RaftStorageDirectoryImpl.java:tryLock(229)) - Lock on /home/runner/work/ozone/ozone/hadoop-ozone/integration-test/target/test-dir/MiniOzoneClusterImpl-1331a795-ed08-415d-924a-7661a5cf51a5/scm/ratis/1331a795-ed08-415d-924a-7661a5cf51a5/in_use.lock acquired by nodename 22846@localhost
2025-09-13 17:31:13,453 [22454e81-7bda-41d4-8b71-c0b680f2e12d-impl-thread1] INFO  storage.RaftStorage (RaftStorageImpl.java:analyzeAndRecoverStorage(118)) - Read RaftStorageMetadata{term=1, votedFor=22454e81-7bda-41d4-8b71-c0b680f2e12d} from /home/runner/work/ozone/ozone/hadoop-ozone/integration-test/target/test-dir/MiniOzoneClusterImpl-1331a795-ed08-415d-924a-7661a5cf51a5/scm/ratis/1331a795-ed08-415d-924a-7661a5cf51a5/current/raft-meta
2025-09-13 17:31:13,455 [22454e81-7bda-41d4-8b71-c0b680f2e12d-impl-thread1] INFO  server.RaftServer$Division (ServerState.java:setRaftConf(386)) - 22454e81-7bda-41d4-8b71-c0b680f2e12d@group-7661A5CF51A5: set configuration conf: {index: 0, cur=peers:[22454e81-7bda-41d4-8b71-c0b680f2e12d|localhost:15004]|listeners:[], old=null}
2025-09-13 17:31:13,456 [22454e81-7bda-41d4-8b71-c0b680f2e12d-impl-thread1] INFO  ha.SCMStateMachine (SCMStateMachine.java:lambda$initialize$0(135)) - 22454e81-7bda-41d4-8b71-c0b680f2e12d: initialize group-7661A5CF51A5
2025-09-13 17:31:13,456 [22454e81-7bda-41d4-8b71-c0b680f2e12d-impl-thread1] INFO  server.RaftServerConfigKeys (ConfUtils.java:logGet(62)) - raft.server.log.appender.buffer.byte-limit = 4194304 (custom)
2025-09-13 17:31:13,458 [22454e81-7bda-41d4-8b71-c0b680f2e12d-impl-thread1] INFO  server.RaftServerConfigKeys (ConfUtils.java:logGet(62)) - raft.server.log.segment.size.max = 67108864 (custom)
2025-09-13 17:31:13,458 [22454e81-7bda-41d4-8b71-c0b680f2e12d-impl-thread1] INFO  server.RaftServerConfigKeys (ConfUtils.java:logGet(62)) - raft.server.log.appender.buffer.byte-limit = 4194304 (custom)
2025-09-13 17:31:13,459 [22454e81-7bda-41d4-8b71-c0b680f2e12d-impl-thread1] INFO  util.AwaitToRun (AwaitToRun.java:start(81)) - Thread[#114,22454e81-7bda-41d4-8b71-c0b680f2e12d@group-7661A5CF51A5-cacheEviction-AwaitToRun,5,main] started
2025-09-13 17:31:13,459 [22454e81-7bda-41d4-8b71-c0b680f2e12d-impl-thread1] INFO  segmented.SegmentedRaftLogWorker (SegmentedRaftLogWorker.java:<init>(190)) - new 22454e81-7bda-41d4-8b71-c0b680f2e12d@group-7661A5CF51A5-SegmentedRaftLogWorker for RaftStorageImpl:Storage Directory /home/runner/work/ozone/ozone/hadoop-ozone/integration-test/target/test-dir/MiniOzoneClusterImpl-1331a795-ed08-415d-924a-7661a5cf51a5/scm/ratis/1331a795-ed08-415d-924a-7661a5cf51a5
2025-09-13 17:31:13,459 [22454e81-7bda-41d4-8b71-c0b680f2e12d-impl-thread1] INFO  server.RaftServerConfigKeys (ConfUtils.java:logGet(62)) - raft.server.log.segment.size.max = 67108864 (custom)
2025-09-13 17:31:13,459 [22454e81-7bda-41d4-8b71-c0b680f2e12d-impl-thread1] INFO  server.RaftServerConfigKeys (ConfUtils.java:logGet(62)) - raft.server.log.preallocated.size = 4194304 (custom)
2025-09-13 17:31:13,460 [22454e81-7bda-41d4-8b71-c0b680f2e12d-impl-thread1] INFO  server.RaftServerConfigKeys (ConfUtils.java:logGet(62)) - raft.server.log.write.buffer.size = 4194312 (custom)
2025-09-13 17:31:13,460 [22454e81-7bda-41d4-8b71-c0b680f2e12d-impl-thread1] INFO  server.RaftServerConfigKeys (ConfUtils.java:logGet(62)) - raft.server.log.appender.buffer.byte-limit = 4194304 (custom)
2025-09-13 17:31:13,465 [22454e81-7bda-41d4-8b71-c0b680f2e12d-impl-thread1] INFO  server.RaftServer$Division (ServerState.java:setRaftConf(386)) - 22454e81-7bda-41d4-8b71-c0b680f2e12d@group-7661A5CF51A5: set configuration conf: {index: 0, cur=peers:[22454e81-7bda-41d4-8b71-c0b680f2e12d|localhost:15004]|listeners:[], old=null}
2025-09-13 17:31:13,466 [22454e81-7bda-41d4-8b71-c0b680f2e12d-impl-thread1] INFO  segmented.LogSegment (LogSegment.java:loadSegment(171)) - Successfully read 1 entries from segment file /home/runner/work/ozone/ozone/hadoop-ozone/integration-test/target/test-dir/MiniOzoneClusterImpl-1331a795-ed08-415d-924a-7661a5cf51a5/scm/ratis/1331a795-ed08-415d-924a-7661a5cf51a5/current/log_inprogress_0
2025-09-13 17:31:13,466 [22454e81-7bda-41d4-8b71-c0b680f2e12d-impl-thread1] INFO  segmented.SegmentedRaftLogWorker (SegmentedRaftLogWorker.java:lambda$new$0(141)) - 22454e81-7bda-41d4-8b71-c0b680f2e12d@group-7661A5CF51A5-SegmentedRaftLogWorker: safeCacheEvictIndex: setUnconditionally 0 -> -1
2025-09-13 17:31:13,466 [22454e81-7bda-41d4-8b71-c0b680f2e12d-impl-thread1] INFO  segmented.BufferedWriteChannel (BufferedWriteChannel.java:open(61)) - open log_inprogress_0 (append) at position 76
2025-09-13 17:31:13,467 [22454e81-7bda-41d4-8b71-c0b680f2e12d-impl-thread1] INFO  server.RaftServer$Division (RaftServerImpl.java:start(405)) - 22454e81-7bda-41d4-8b71-c0b680f2e12d@group-7661A5CF51A5: start as a follower, conf=conf: {index: 0, cur=peers:[22454e81-7bda-41d4-8b71-c0b680f2e12d|localhost:15004]|listeners:[], old=null}
2025-09-13 17:31:13,467 [22454e81-7bda-41d4-8b71-c0b680f2e12d-impl-thread1] INFO  server.RaftServer$Division (RaftServerImpl.java:setRole(392)) - 22454e81-7bda-41d4-8b71-c0b680f2e12d@group-7661A5CF51A5: changes role from      null to FOLLOWER at term 1 for startAsFollower
2025-09-13 17:31:13,467 [22454e81-7bda-41d4-8b71-c0b680f2e12d-impl-thread1] INFO  impl.RoleInfo (RoleInfo.java:updateAndGet(148)) - 22454e81-7bda-41d4-8b71-c0b680f2e12d: start 22454e81-7bda-41d4-8b71-c0b680f2e12d@group-7661A5CF51A5-FollowerState
2025-09-13 17:31:13,468 [22454e81-7bda-41d4-8b71-c0b680f2e12d-impl-thread1] INFO  util.JmxRegister (JmxRegister.java:tryRegister(44)) - Successfully registered JMX Bean with object name Ratis:service=RaftServer,group=group-7661A5CF51A5,id=22454e81-7bda-41d4-8b71-c0b680f2e12d
2025-09-13 17:31:13,468 [22454e81-7bda-41d4-8b71-c0b680f2e12d-impl-thread1] INFO  util.JmxRegister (JmxRegister.java:register(58)) - register mxBean class org.apache.ratis.server.impl.RaftServerJmxAdapter as Ratis:service=RaftServer,group=group-7661A5CF51A5,id=22454e81-7bda-41d4-8b71-c0b680f2e12d
2025-09-13 17:31:13,470 [22454e81-7bda-41d4-8b71-c0b680f2e12d-impl-thread1] INFO  server.RaftServer$Division (RaftServerImpl.java:start(419)) - 22454e81-7bda-41d4-8b71-c0b680f2e12d@group-7661A5CF51A5: Successfully started.
2025-09-13 17:31:13,470 [ForkJoinPool-1-worker-1] INFO  server.RaftServer (RaftServerProxy.java:startImpl(412)) - 22454e81-7bda-41d4-8b71-c0b680f2e12d: start RPC server
2025-09-13 17:31:13,471 [ForkJoinPool-1-worker-1] INFO  server.GrpcServicesImpl (GrpcServicesImpl.java:startImpl(346)) - 22454e81-7bda-41d4-8b71-c0b680f2e12d: GrpcServicesImpl started, listening on 15004
2025-09-13 17:31:13,472 [JvmPauseMonitor1] INFO  util.JvmPauseMonitor (JvmPauseMonitor.java:run(146)) - JvmPauseMonitor-22454e81-7bda-41d4-8b71-c0b680f2e12d: Started
2025-09-13 17:31:13,480 [ForkJoinPool-1-worker-1] INFO  ha.SCMHAManagerImpl (SCMHAManagerImpl.java:start(131)) -  scm role is FOLLOWER peers [22454e81-7bda-41d4-8b71-c0b680f2e12d|localhost:15004]
2025-09-13 17:31:13,480 [ForkJoinPool-1-worker-1] INFO  ha.InterSCMGrpcService (InterSCMGrpcProtocolService.java:start(98)) - Starting SCM Grpc Service at port 15005
2025-09-13 17:31:13,481 [ForkJoinPool-1-worker-1] INFO  SCMHATransactionMonitor (BackgroundSCMService.java:start(64)) - Starting SCMHATransactionMonitor Service.
2025-09-13 17:31:13,481 [ForkJoinPool-1-worker-1] INFO  ha.SCMServiceManager (SCMServiceManager.java:register(42)) - Registering service SCMHATransactionMonitor.
2025-09-13 17:31:13,481 [ForkJoinPool-1-worker-1] INFO  SCMHATransactionMonitor (BackgroundSCMService.java:start(61)) - SCMHATransactionMonitor Service is already running, skip start.
2025-09-13 17:31:13,520 [ForkJoinPool-1-worker-1] WARN  impl.MetricsConfig (MetricsConfig.java:loadFirst(138)) - Cannot locate configuration: tried hadoop-metrics2-storagecontainermanager.properties,hadoop-metrics2.properties
2025-09-13 17:31:13,527 [ForkJoinPool-1-worker-1] INFO  impl.MetricsSystemImpl (MetricsSystemImpl.java:startTimer(378)) - Scheduled Metric snapshot period at 10 second(s).
2025-09-13 17:31:13,527 [ForkJoinPool-1-worker-1] INFO  impl.MetricsSystemImpl (MetricsSystemImpl.java:start(191)) - StorageContainerManager metrics system started
2025-09-13 17:31:13,659 [ForkJoinPool-1-worker-1] INFO  server.SCMClientProtocolServer (SCMClientProtocolServer.java:start(209)) - RPC server for Client  is listening at /0.0.0.0:15000
2025-09-13 17:31:13,660 [IPC Server Responder] INFO  ipc.Server (Server.java:run(1713)) - IPC Server Responder: starting
2025-09-13 17:31:13,660 [IPC Server listener on 15000] INFO  ipc.Server (Server.java:run(1553)) - IPC Server listener on 15000: starting
2025-09-13 17:31:13,677 [ForkJoinPool-1-worker-1] INFO  server.StorageContainerManager (StorageContainerManager.java:start(1528)) - ScmBlockLocationProtocol RPC server is listening at /0.0.0.0:15001
2025-09-13 17:31:13,679 [ForkJoinPool-1-worker-1] INFO  server.SCMBlockProtocolServer (SCMBlockProtocolServer.java:start(166)) - RPC server for Block Protocol is listening at /0.0.0.0:15001
2025-09-13 17:31:13,679 [IPC Server Responder] INFO  ipc.Server (Server.java:run(1713)) - IPC Server Responder: starting
2025-09-13 17:31:13,680 [IPC Server listener on 15001] INFO  ipc.Server (Server.java:run(1553)) - IPC Server listener on 15001: starting
2025-09-13 17:31:13,698 [ForkJoinPool-1-worker-1] INFO  utils.BackgroundService (BackgroundService.java:start(119)) - Starting service SCMBlockDeletingService with interval 60000 milliseconds
2025-09-13 17:31:13,709 [ForkJoinPool-1-worker-1] INFO  http.BaseHttpServer (BaseHttpServer.java:newHttpServer2BuilderForOzone(227)) - Starting Web-server for scm at: http://0.0.0.0:15003
2025-09-13 17:31:13,709 [ForkJoinPool-1-worker-1] INFO  http.BaseHttpServer (BaseHttpServer.java:<init>(105)) - Hadoop Security Enabled: false Ozone Security Enabled: false Ozone HTTP Security Enabled: false 
2025-09-13 17:31:13,727 [ForkJoinPool-1-worker-1] INFO  util.log (Log.java:initialized(170)) - Logging initialized @6311ms to org.eclipse.jetty.util.log.Slf4jLog
2025-09-13 17:31:13,795 [ForkJoinPool-1-worker-1] WARN  server.AuthenticationFilter (AuthenticationFilter.java:constructSecretProvider(240)) - Unable to initialize FileSignerSecretProvider, falling back to use random secrets. Reason: Could not read signature secret file: /home/runner/hadoop-http-auth-signature-secret
2025-09-13 17:31:13,817 [ForkJoinPool-1-worker-1] INFO  http.HttpServer2 (HttpServer2.java:addGlobalFilter(1041)) - Added global filter 'safety' (class=org.apache.hadoop.hdds.server.http.HttpServer2$QuotingInputFilter)
2025-09-13 17:31:13,821 [ForkJoinPool-1-worker-1] INFO  http.HttpServer2 (HttpServer2.java:addFilter(1017)) - Added filter static_user_filter (class=org.apache.hadoop.http.lib.StaticUserWebFilter$StaticUserFilter) to context scm
2025-09-13 17:31:13,821 [ForkJoinPool-1-worker-1] INFO  http.HttpServer2 (HttpServer2.java:addFilter(1025)) - Added filter static_user_filter (class=org.apache.hadoop.http.lib.StaticUserWebFilter$StaticUserFilter) to context static
2025-09-13 17:31:13,822 [ForkJoinPool-1-worker-1] INFO  http.HttpServer2 (HttpServer2.java:addFilter(1025)) - Added filter static_user_filter (class=org.apache.hadoop.http.lib.StaticUserWebFilter$StaticUserFilter) to context logs
2025-09-13 17:31:13,848 [ForkJoinPool-1-worker-1] INFO  http.BaseHttpServer (BaseHttpServer.java:<init>(193)) - HTTP server of scm uses base directory /home/runner/work/ozone/ozone/hadoop-ozone/integration-test/target/test-dir/MiniOzoneClusterImpl-1331a795-ed08-415d-924a-7661a5cf51a5/scm/ozone-metadata/webserver
2025-09-13 17:31:13,849 [ForkJoinPool-1-worker-1] INFO  http.HttpServer2 (HttpServer2.java:bindListener(1241)) - Jetty bound to port 15003
2025-09-13 17:31:13,850 [ForkJoinPool-1-worker-1] INFO  server.Server (Server.java:doStart(375)) - jetty-9.4.58.v20250814; built: 2025-08-14T02:28:49.637Z; git: 8f1440587e9e4ae7db3d74cf205643f3d707148d; jvm 21.0.8+9-LTS
2025-09-13 17:31:13,872 [ForkJoinPool-1-worker-1] INFO  server.session (DefaultSessionIdManager.java:doStart(334)) - DefaultSessionIdManager workerName=node0
2025-09-13 17:31:13,872 [ForkJoinPool-1-worker-1] INFO  server.session (DefaultSessionIdManager.java:doStart(339)) - No SessionScavenger set, using defaults
2025-09-13 17:31:13,873 [ForkJoinPool-1-worker-1] INFO  server.session (HouseKeeper.java:startScavenging(132)) - node0 Scavenging every 660000ms
2025-09-13 17:31:13,881 [ForkJoinPool-1-worker-1] INFO  handler.ContextHandler (ContextHandler.java:doStart(921)) - Started o.e.j.s.ServletContextHandler@508914a5{logs,/logs,file:///home/runner/work/ozone/ozone/hadoop-ozone/integration-test/target/log,AVAILABLE}
2025-09-13 17:31:13,882 [ForkJoinPool-1-worker-1] INFO  handler.ContextHandler (ContextHandler.java:doStart(921)) - Started o.e.j.s.ServletContextHandler@7ada0fc3{static,/static,file:///home/runner/work/ozone/ozone/hadoop-ozone/integration-test/target/test-classes/webapps/static,AVAILABLE}
2025-09-13 17:31:13,916 [ForkJoinPool-1-worker-1] INFO  handler.ContextHandler (ContextHandler.java:doStart(921)) - Started o.e.j.w.WebAppContext@3195674c{scm,/,file:///home/runner/work/ozone/ozone/hadoop-ozone/integration-test/target/test-classes/webapps/scm/,AVAILABLE}{file:/home/runner/work/ozone/ozone/hadoop-ozone/integration-test/target/test-classes/webapps/scm}
2025-09-13 17:31:13,921 [ForkJoinPool-1-worker-1] INFO  server.AbstractConnector (AbstractConnector.java:doStart(333)) - Started ServerConnector@599a775b{HTTP/1.1, (http/1.1)}{0.0.0.0:15003}
2025-09-13 17:31:13,922 [ForkJoinPool-1-worker-1] INFO  server.Server (Server.java:doStart(415)) - Started @6506ms
2025-09-13 17:31:13,924 [ForkJoinPool-1-worker-1] INFO  impl.MetricsSinkAdapter (MetricsSinkAdapter.java:start(204)) - Sink prometheus started
2025-09-13 17:31:13,924 [ForkJoinPool-1-worker-1] INFO  impl.MetricsSystemImpl (MetricsSystemImpl.java:registerSink(305)) - Registered sink prometheus
2025-09-13 17:31:13,925 [ForkJoinPool-1-worker-1] INFO  http.BaseHttpServer (BaseHttpServer.java:updateConnectorAddress(357)) - HTTP server of scm listening at http://localhost:15003
2025-09-13 17:31:14,008 [ForkJoinPool-1-worker-1] INFO  audit.AuditLogger (AuditLogger.java:refreshDebugCmdSet(133)) - Refresh DebugCmdSet for OMAudit to [].
2025-09-13 17:31:14,026 [ForkJoinPool-1-worker-1] INFO  audit.AuditLogger (AuditLogger.java:refreshDebugCmdSet(133)) - Refresh DebugCmdSet for OMSystemAudit to [].
2025-09-13 17:31:14,068 [ForkJoinPool-1-worker-1] INFO  ha.OMHANodeDetails (OMHANodeDetails.java:loadOMHAConfig(114)) - ozone.om.internal.service.id is not defined, falling back to ozone.om.service.ids to find serviceID for OzoneManager if it is HA enabled cluster
2025-09-13 17:31:14,071 [ForkJoinPool-1-worker-1] INFO  ha.OMHANodeDetails (OMHANodeDetails.java:loadOMHAConfig(228)) - Configuration does not have ozone.om.address set. Falling back to the default OM address /127.0.0.1:15006
2025-09-13 17:31:14,072 [ForkJoinPool-1-worker-1] INFO  ha.OMHANodeDetails (OMHANodeDetails.java:getOMNodeDetailsForNonHA(262)) - OM Service ID is not set. Setting it to the default ID: omServiceIdDefault
2025-09-13 17:31:14,072 [ForkJoinPool-1-worker-1] INFO  ha.OMHANodeDetails (OMHANodeDetails.java:getOMNodeDetailsForNonHA(269)) - OM Node ID is not set. Setting it to the default ID: om1
2025-09-13 17:31:14,080 [ForkJoinPool-1-worker-1] INFO  upgrade.AbstractLayoutVersionManager (AbstractLayoutVersionManager.java:init(80)) - Initializing Layout version manager with metadata layout = DELEGATION_TOKEN_SYMMETRIC_SIGN (version = 8), software layout = DELEGATION_TOKEN_SYMMETRIC_SIGN (version = 8)
2025-09-13 17:31:14,196 [ForkJoinPool-1-worker-1] INFO  reflections.Reflections (Reflections.java:scan(219)) - Reflections took 114 ms to scan 2 urls, producing 216 keys and 636 values
2025-09-13 17:31:14,200 [ForkJoinPool-1-worker-1] INFO  upgrade.OMLayoutVersionManager (OMLayoutVersionManager.java:lambda$0(110)) - Skipping Upgrade Action QuotaRepairUpgradeAction since it has been finalized.
2025-09-13 17:31:14,201 [ForkJoinPool-1-worker-1] INFO  upgrade.OMLayoutVersionManager (OMLayoutVersionManager.java:lambda$0(110)) - Skipping Upgrade Action MockOmUpgradeAction since it has been finalized.
2025-09-13 17:31:14,217 [ForkJoinPool-1-worker-1] INFO  om.OzoneManager (OzoneManager.java:setReplicationFromConfig(4650)) - Set default replication in OM: RATIS/3 -> RATIS/THREE
2025-09-13 17:31:14,223 [ForkJoinPool-1-worker-1] INFO  proxy.SCMContainerLocationFailoverProxyProvider (SCMFailoverProxyProviderBase.java:<init>(120)) - Created fail-over proxy for protocol StorageContainerLocationProtocolPB with 1 nodes: [nodeId=scmNodeId,nodeAddress=/0.0.0.0:15000]
2025-09-13 17:31:14,260 [ForkJoinPool-1-worker-1] INFO  proxy.SCMBlockLocationFailoverProxyProvider (SCMFailoverProxyProviderBase.java:<init>(120)) - Created fail-over proxy for protocol ScmBlockLocationProtocolPB with 1 nodes: [nodeId=scmNodeId,nodeAddress=/0.0.0.0:15001]
2025-09-13 17:31:14,278 [ForkJoinPool-1-worker-1] INFO  proxy.SCMBlockLocationFailoverProxyProvider (SCMFailoverProxyProviderBase.java:<init>(120)) - Created fail-over proxy for protocol ScmBlockLocationProtocolPB with 1 nodes: [nodeId=scmNodeId,nodeAddress=/0.0.0.0:15001]
2025-09-13 17:31:14,615 [22454e81-7bda-41d4-8b71-c0b680f2e12d@group-7661A5CF51A5-FollowerState] INFO  impl.FollowerState (FollowerState.java:runImpl(161)) - 22454e81-7bda-41d4-8b71-c0b680f2e12d@group-7661A5CF51A5-FollowerState: change to CANDIDATE, lastRpcElapsedTime:1147900378ns, electionTimeout:1147ms
2025-09-13 17:31:14,616 [22454e81-7bda-41d4-8b71-c0b680f2e12d@group-7661A5CF51A5-FollowerState] INFO  impl.RoleInfo (RoleInfo.java:shutdownFollowerState(121)) - 22454e81-7bda-41d4-8b71-c0b680f2e12d: shutdown 22454e81-7bda-41d4-8b71-c0b680f2e12d@group-7661A5CF51A5-FollowerState
2025-09-13 17:31:14,616 [22454e81-7bda-41d4-8b71-c0b680f2e12d@group-7661A5CF51A5-FollowerState] INFO  server.RaftServer$Division (RaftServerImpl.java:setRole(392)) - 22454e81-7bda-41d4-8b71-c0b680f2e12d@group-7661A5CF51A5: changes role from  FOLLOWER to CANDIDATE at term 1 for changeToCandidate
2025-09-13 17:31:14,616 [22454e81-7bda-41d4-8b71-c0b680f2e12d@group-7661A5CF51A5-FollowerState] INFO  impl.RoleInfo (RoleInfo.java:updateAndGet(148)) - 22454e81-7bda-41d4-8b71-c0b680f2e12d: start 22454e81-7bda-41d4-8b71-c0b680f2e12d@group-7661A5CF51A5-LeaderElection2
2025-09-13 17:31:14,617 [22454e81-7bda-41d4-8b71-c0b680f2e12d@group-7661A5CF51A5-LeaderElection2] INFO  impl.LeaderElection (LeaderElection.java:askForVotes(448)) - 22454e81-7bda-41d4-8b71-c0b680f2e12d@group-7661A5CF51A5-LeaderElection2 PRE_VOTE round 0: submit vote requests at term 1 for conf: {index: 0, cur=peers:[22454e81-7bda-41d4-8b71-c0b680f2e12d|localhost:15004]|listeners:[], old=null}
2025-09-13 17:31:14,617 [22454e81-7bda-41d4-8b71-c0b680f2e12d@group-7661A5CF51A5-LeaderElection2] INFO  impl.LeaderElection (LeaderElection.java:askForVotes(450)) - 22454e81-7bda-41d4-8b71-c0b680f2e12d@group-7661A5CF51A5-LeaderElection2 PRE_VOTE round 0: result PASSED (term=1)
2025-09-13 17:31:14,619 [22454e81-7bda-41d4-8b71-c0b680f2e12d@group-7661A5CF51A5-LeaderElection2] INFO  impl.LeaderElection (LeaderElection.java:askForVotes(448)) - 22454e81-7bda-41d4-8b71-c0b680f2e12d@group-7661A5CF51A5-LeaderElection2 ELECTION round 0: submit vote requests at term 2 for conf: {index: 0, cur=peers:[22454e81-7bda-41d4-8b71-c0b680f2e12d|localhost:15004]|listeners:[], old=null}
2025-09-13 17:31:14,619 [22454e81-7bda-41d4-8b71-c0b680f2e12d@group-7661A5CF51A5-LeaderElection2] INFO  impl.LeaderElection (LeaderElection.java:askForVotes(450)) - 22454e81-7bda-41d4-8b71-c0b680f2e12d@group-7661A5CF51A5-LeaderElection2 ELECTION round 0: result PASSED (term=2)
2025-09-13 17:31:14,619 [22454e81-7bda-41d4-8b71-c0b680f2e12d@group-7661A5CF51A5-LeaderElection2] INFO  impl.RoleInfo (RoleInfo.java:shutdownLeaderElection(141)) - 22454e81-7bda-41d4-8b71-c0b680f2e12d: shutdown 22454e81-7bda-41d4-8b71-c0b680f2e12d@group-7661A5CF51A5-LeaderElection2
2025-09-13 17:31:14,619 [22454e81-7bda-41d4-8b71-c0b680f2e12d@group-7661A5CF51A5-LeaderElection2] INFO  server.RaftServer$Division (RaftServerImpl.java:setRole(392)) - 22454e81-7bda-41d4-8b71-c0b680f2e12d@group-7661A5CF51A5: changes role from CANDIDATE to LEADER at term 2 for changeToLeader
2025-09-13 17:31:14,619 [22454e81-7bda-41d4-8b71-c0b680f2e12d@group-7661A5CF51A5-LeaderElection2] INFO  server.RaftServerConfigKeys (ConfUtils.java:logFallback(69)) - raft.server.staging.timeout = 15600ms (fallback to raft.server.rpc.timeout.max)
2025-09-13 17:31:14,621 [22454e81-7bda-41d4-8b71-c0b680f2e12d@group-7661A5CF51A5-LeaderElection2] INFO  impl.RoleInfo (RoleInfo.java:updateAndGet(148)) - 22454e81-7bda-41d4-8b71-c0b680f2e12d: start 22454e81-7bda-41d4-8b71-c0b680f2e12d@group-7661A5CF51A5-LeaderStateImpl
2025-09-13 17:31:14,621 [22454e81-7bda-41d4-8b71-c0b680f2e12d@group-7661A5CF51A5-LeaderElection2] INFO  server.RaftServer$Division (RaftServerImpl.java:setFirstElection(576)) - 22454e81-7bda-41d4-8b71-c0b680f2e12d@group-7661A5CF51A5: set firstElectionSinceStartup to false for becomeLeader
2025-09-13 17:31:14,621 [22454e81-7bda-41d4-8b71-c0b680f2e12d@group-7661A5CF51A5-LeaderElection2] INFO  ha.SCMStateMachine (SCMStateMachine.java:notifyLeaderChanged(293)) - current SCM becomes leader of term 2.
2025-09-13 17:31:14,621 [22454e81-7bda-41d4-8b71-c0b680f2e12d@group-7661A5CF51A5-LeaderElection2] INFO  ha.SCMContext (SCMContext.java:updateLeaderAndTerm(95)) - update <isLeader,term> from <false,0> to <true,2>
2025-09-13 17:31:14,625 [22454e81-7bda-41d4-8b71-c0b680f2e12d@group-7661A5CF51A5-LeaderElection2] INFO  server.RaftServer$Division (ServerState.java:setLeader(272)) - 22454e81-7bda-41d4-8b71-c0b680f2e12d@group-7661A5CF51A5: change Leader from null to 22454e81-7bda-41d4-8b71-c0b680f2e12d at term 2 for becomeLeader, leader elected after 1988ms
2025-09-13 17:31:14,625 [22454e81-7bda-41d4-8b71-c0b680f2e12d@group-7661A5CF51A5-LeaderElection2] INFO  segmented.SegmentedRaftLogWorker (SegmentedRaftLogWorker.java:rollLogSegment(445)) - 22454e81-7bda-41d4-8b71-c0b680f2e12d@group-7661A5CF51A5-SegmentedRaftLogWorker: Rolling segment log-0_0 to index:0
2025-09-13 17:31:14,626 [22454e81-7bda-41d4-8b71-c0b680f2e12d@group-7661A5CF51A5-LeaderElection2] INFO  server.RaftServer$Division (ServerState.java:setRaftConf(386)) - 22454e81-7bda-41d4-8b71-c0b680f2e12d@group-7661A5CF51A5: set configuration conf: {index: 1, cur=peers:[22454e81-7bda-41d4-8b71-c0b680f2e12d|localhost:15004]|listeners:[], old=null}
2025-09-13 17:31:14,627 [22454e81-7bda-41d4-8b71-c0b680f2e12d@group-7661A5CF51A5-SegmentedRaftLogWorker] INFO  segmented.SegmentedRaftLogWorker (SegmentedRaftLogWorker.java:execute(604)) - 22454e81-7bda-41d4-8b71-c0b680f2e12d@group-7661A5CF51A5-SegmentedRaftLogWorker: Rolled log segment from /home/runner/work/ozone/ozone/hadoop-ozone/integration-test/target/test-dir/MiniOzoneClusterImpl-1331a795-ed08-415d-924a-7661a5cf51a5/scm/ratis/1331a795-ed08-415d-924a-7661a5cf51a5/current/log_inprogress_0 to /home/runner/work/ozone/ozone/hadoop-ozone/integration-test/target/test-dir/MiniOzoneClusterImpl-1331a795-ed08-415d-924a-7661a5cf51a5/scm/ratis/1331a795-ed08-415d-924a-7661a5cf51a5/current/log_0-0
2025-09-13 17:31:14,630 [22454e81-7bda-41d4-8b71-c0b680f2e12d@group-7661A5CF51A5-SegmentedRaftLogWorker] INFO  segmented.BufferedWriteChannel (BufferedWriteChannel.java:open(61)) - open log_inprogress_1 at position 0
2025-09-13 17:31:14,636 [22454e81-7bda-41d4-8b71-c0b680f2e12d@group-7661A5CF51A5-SegmentedRaftLogWorker] INFO  segmented.SegmentedRaftLogWorker (SegmentedRaftLogWorker.java:execute(647)) - 22454e81-7bda-41d4-8b71-c0b680f2e12d@group-7661A5CF51A5-SegmentedRaftLogWorker: created new log segment /home/runner/work/ozone/ozone/hadoop-ozone/integration-test/target/test-dir/MiniOzoneClusterImpl-1331a795-ed08-415d-924a-7661a5cf51a5/scm/ratis/1331a795-ed08-415d-924a-7661a5cf51a5/current/log_inprogress_1
2025-09-13 17:31:14,640 [22454e81-7bda-41d4-8b71-c0b680f2e12d@group-7661A5CF51A5-StateMachineUpdater] INFO  server.RaftServer$Division (LeaderStateImpl.java:checkStartIndex(309)) - Leader 22454e81-7bda-41d4-8b71-c0b680f2e12d@group-7661A5CF51A5-LeaderStateImpl is ready since appliedIndex == startIndex == 1
2025-09-13 17:31:14,640 [22454e81-7bda-41d4-8b71-c0b680f2e12d@group-7661A5CF51A5-StateMachineUpdater] INFO  ha.SCMContext (SCMContext.java:setLeaderReady(122)) - update <isLeaderReady> from <false> to <true>
2025-09-13 17:31:14,640 [22454e81-7bda-41d4-8b71-c0b680f2e12d@group-7661A5CF51A5-StateMachineUpdater] INFO  pipeline.BackgroundPipelineCreator (BackgroundPipelineCreator.java:notifyStatusChanged(268)) - Service BackgroundPipelineCreator transitions to RUNNING.
2025-09-13 17:31:14,641 [22454e81-7bda-41d4-8b71-c0b680f2e12d@group-7661A5CF51A5-StateMachineUpdater] INFO  safemode.RatisContainerSafeModeRule (RatisContainerSafeModeRule.java:initializeRule(160)) - Refreshed Containers with one replica threshold count 0.
2025-09-13 17:31:14,642 [22454e81-7bda-41d4-8b71-c0b680f2e12d@group-7661A5CF51A5-StateMachineUpdater] INFO  safemode.HealthyPipelineSafeModeRule (HealthyPipelineSafeModeRule.java:initializeRule(228)) - Refreshed total pipeline count is 0, healthy pipeline threshold count is 1
2025-09-13 17:31:14,642 [22454e81-7bda-41d4-8b71-c0b680f2e12d@group-7661A5CF51A5-StateMachineUpdater] INFO  safemode.ECContainerSafeModeRule (ECContainerSafeModeRule.java:initializeRule(204)) - Refreshed Containers with ec n replica threshold count 0.
2025-09-13 17:31:14,642 [22454e81-7bda-41d4-8b71-c0b680f2e12d@group-7661A5CF51A5-StateMachineUpdater] INFO  safemode.OneReplicaPipelineSafeModeRule (OneReplicaPipelineSafeModeRule.java:initializeRule(186)) - Refreshed Total pipeline count is 0, pipeline's with at least one datanode reported threshold count is 0
2025-09-13 17:31:14,642 [22454e81-7bda-41d4-8b71-c0b680f2e12d@group-7661A5CF51A5-StateMachineUpdater] INFO  server.SCMDatanodeProtocolServer (SCMDatanodeProtocolServer.java:start(195)) - ScmDatanodeProtocol RPC server for DataNodes is listening at /0.0.0.0:15002
2025-09-13 17:31:14,643 [IPC Server Responder] INFO  ipc.Server (Server.java:run(1713)) - IPC Server Responder: starting
2025-09-13 17:31:14,643 [IPC Server listener on 15002] INFO  ipc.Server (Server.java:run(1553)) - IPC Server listener on 15002: starting
2025-09-13 17:31:16,466 [ForkJoinPool-1-worker-1] INFO  om.OzoneManager (OzoneManager.java:<init>(683)) - OM start with adminUsers: [admin, runner]
2025-09-13 17:31:16,587 [ForkJoinPool-1-worker-1] INFO  utils.NativeLibraryLoader (NativeLibraryLoader.java:loadLibrary(120)) - Loading Library: ozone_rocksdb_tools
2025-09-13 17:31:16,876 [ForkJoinPool-1-worker-1] INFO  om.OzoneManager (OzoneManager.java:instantiateServices(927)) - S3 Multi-Tenancy is disabled
2025-09-13 17:31:16,891 [ForkJoinPool-1-worker-1] INFO  acl.OzoneAuthorizerFactory (OzoneAuthorizerFactory.java:create(69)) - om1: Authorizer for OM is class org.apache.hadoop.ozone.security.acl.OzoneAccessAuthorizer
2025-09-13 17:31:16,905 [ForkJoinPool-1-worker-1] INFO  om.OmSnapshotManager (OmSnapshotManager.java:<init>(203)) - Ozone filesystem snapshot feature is enabled.
2025-09-13 17:31:16,961 [ForkJoinPool-1-worker-1] INFO  utils.BackgroundService (BackgroundService.java:start(119)) - Starting service SnapshotDiffCleanupService with interval 60000 milliseconds
2025-09-13 17:31:17,004 [ForkJoinPool-1-worker-1] INFO  om.OzoneManager (OzoneManager.java:addS3GVolumeToDB(4708)) - Created Volume s3v With Owner runner required for S3Gateway operations.
2025-09-13 17:31:17,057 [ForkJoinPool-1-worker-1] WARN  dropwizard3.Dm3MetricRegistriesImpl (Dm3MetricRegistriesImpl.java:addReporterRegistration(114)) - New reporters are added after registries were created. Some metrics will be missing from the reporter. Please add reporter before adding any new registry.
2025-09-13 17:31:17,058 [ForkJoinPool-1-worker-1] WARN  dropwizard3.Dm3MetricRegistriesImpl (Dm3MetricRegistriesImpl.java:addReporterRegistration(114)) - New reporters are added after registries were created. Some metrics will be missing from the reporter. Please add reporter before adding any new registry.
2025-09-13 17:31:17,059 [ForkJoinPool-1-worker-1] INFO  server.RaftServerConfigKeys (ConfUtils.java:logGet(62)) - raft.server.log.appender.buffer.byte-limit = 4194304 (custom)
2025-09-13 17:31:17,061 [ForkJoinPool-1-worker-1] INFO  ratis.OzoneManagerRatisServer (OzoneManagerRatisServer.java:<init>(169)) - Instantiating OM Ratis server with groupID: omServiceIdDefault and peers: localhost:15009
2025-09-13 17:31:17,065 [ForkJoinPool-1-worker-1] INFO  ratis.OzoneManagerStateMachine (OzoneManagerStateMachine.java:loadSnapshotInfoFromDB(628)) - TransactionInfo not found in OM DB.
2025-09-13 17:31:17,096 [ForkJoinPool-1-worker-1] INFO  grpc.GrpcConfigKeys (ConfUtils.java:logFallback(69)) - raft.grpc.admin.host = null (fallback to raft.grpc.server.host)
2025-09-13 17:31:17,096 [ForkJoinPool-1-worker-1] INFO  grpc.GrpcConfigKeys (ConfUtils.java:logFallback(69)) - raft.grpc.admin.port = 15009 (fallback to raft.grpc.server.port)
2025-09-13 17:31:17,096 [ForkJoinPool-1-worker-1] INFO  grpc.GrpcConfigKeys (ConfUtils.java:logFallback(69)) - raft.grpc.client.host = null (fallback to raft.grpc.server.host)
2025-09-13 17:31:17,096 [ForkJoinPool-1-worker-1] INFO  grpc.GrpcConfigKeys (ConfUtils.java:logFallback(69)) - raft.grpc.client.port = 15009 (fallback to raft.grpc.server.port)
2025-09-13 17:31:17,097 [ForkJoinPool-1-worker-1] INFO  grpc.GrpcConfigKeys (ConfUtils.java:logGet(62)) - raft.grpc.server.port = 15009 (custom)
2025-09-13 17:31:17,097 [ForkJoinPool-1-worker-1] INFO  server.GrpcServicesImpl (ConfUtils.java:logGet(62)) - raft.grpc.message.size.max = 5242880 (custom)
2025-09-13 17:31:17,097 [ForkJoinPool-1-worker-1] INFO  server.RaftServerConfigKeys (ConfUtils.java:logGet(62)) - raft.server.rpc.request.timeout = 3000ms (default)
2025-09-13 17:31:17,097 [ForkJoinPool-1-worker-1] INFO  server.RaftServerConfigKeys (ConfUtils.java:logGet(62)) - raft.server.log.appender.buffer.byte-limit = 4194304 (custom)
2025-09-13 17:31:17,098 [ForkJoinPool-1-worker-1] INFO  server.RaftServerConfigKeys (ConfUtils.java:logGet(62)) - raft.server.storage.dir = [/home/runner/work/ozone/ozone/hadoop-ozone/integration-test/target/test-dir/MiniOzoneClusterImpl-1331a795-ed08-415d-924a-7661a5cf51a5/om/ratis] (custom)
2025-09-13 17:31:17,099 [om1-groupManagement] INFO  server.RaftServer$Division (RaftServerImpl.java:<init>(268)) - om1: new RaftServerImpl for group-C5BA1605619E:[om1|localhost:15009] with OzoneManagerStateMachine:uninitialized
2025-09-13 17:31:17,099 [om1-groupManagement] INFO  server.RaftServerConfigKeys (ConfUtils.java:logGet(62)) - raft.server.rpc.timeout.min = 1s (custom)
2025-09-13 17:31:17,099 [om1-groupManagement] INFO  server.RaftServerConfigKeys (ConfUtils.java:logGet(62)) - raft.server.rpc.timeout.max = 1200ms (custom)
2025-09-13 17:31:17,100 [om1-groupManagement] INFO  server.RaftServer$Division (ServerState.java:<init>(114)) - om1@group-C5BA1605619E: ConfigurationManager, init=conf: {index: -1, cur=peers:[om1|localhost:15009]|listeners:[], old=null}, confs=<EMPTY_MAP>
2025-09-13 17:31:17,100 [om1-groupManagement] INFO  server.RaftServerConfigKeys (ConfUtils.java:logGet(62)) - raft.server.notification.no-leader.timeout = 120s (custom)
2025-09-13 17:31:17,100 [om1-groupManagement] INFO  server.RaftServerConfigKeys (ConfUtils.java:logGet(62)) - raft.server.retrycache.expirytime = 300s (custom)
2025-09-13 17:31:17,101 [ForkJoinPool-1-worker-1] INFO  server.RaftServer (RaftServerProxy.java:addNew(105)) - om1: addNew group-C5BA1605619E:[om1|localhost:15009] returns group-C5BA1605619E:java.util.concurrent.CompletableFuture@16c27f3e[Not completed]
2025-09-13 17:31:17,101 [ForkJoinPool-1-worker-1] INFO  om.OzoneManager (OzoneManager.java:initializeRatisServer(2338)) - OzoneManager Ratis server initialized at port 15009
2025-09-13 17:31:17,107 [ForkJoinPool-1-worker-1] INFO  om.OzoneManager (OzoneManager.java:getRpcServer(1390)) - Creating RPC Server
2025-09-13 17:31:17,928 [ForkJoinPool-1-worker-1] INFO  reflections.Reflections (Reflections.java:scan(219)) - Reflections took 788 ms to scan 24 urls, producing 62 keys and 7915 values
2025-09-13 17:31:18,108 [ForkJoinPool-1-worker-1] INFO  ipc.CallQueueManager (CallQueueManager.java:<init>(93)) - Using callQueue: class java.util.concurrent.LinkedBlockingQueue, queueCapacity: 2000, scheduler: class org.apache.hadoop.ipc.DefaultRpcScheduler, ipcBackoff: false, ipcFailOver: false.
2025-09-13 17:31:18,109 [ForkJoinPool-1-worker-1] INFO  ipc.Server (Server.java:<init>(1438)) - Listener at 127.0.0.1:15006
2025-09-13 17:31:18,109 [Socket Reader #1 for port 15006] INFO  ipc.Server (Server.java:run(1474)) - Starting Socket Reader #1 for port 15006
2025-09-13 17:31:18,109 [Socket Reader #2 for port 15006] INFO  ipc.Server (Server.java:run(1474)) - Starting Socket Reader #2 for port 15006
2025-09-13 17:31:18,110 [Socket Reader #3 for port 15006] INFO  ipc.Server (Server.java:run(1474)) - Starting Socket Reader #3 for port 15006
2025-09-13 17:31:18,110 [Socket Reader #4 for port 15006] INFO  ipc.Server (Server.java:run(1474)) - Starting Socket Reader #4 for port 15006
2025-09-13 17:31:18,111 [Socket Reader #5 for port 15006] INFO  ipc.Server (Server.java:run(1474)) - Starting Socket Reader #5 for port 15006
2025-09-13 17:31:18,111 [Socket Reader #6 for port 15006] INFO  ipc.Server (Server.java:run(1474)) - Starting Socket Reader #6 for port 15006
2025-09-13 17:31:18,111 [Socket Reader #7 for port 15006] INFO  ipc.Server (Server.java:run(1474)) - Starting Socket Reader #7 for port 15006
2025-09-13 17:31:18,112 [Socket Reader #8 for port 15006] INFO  ipc.Server (Server.java:run(1474)) - Starting Socket Reader #8 for port 15006
2025-09-13 17:31:18,112 [Socket Reader #9 for port 15006] INFO  ipc.Server (Server.java:run(1474)) - Starting Socket Reader #9 for port 15006
2025-09-13 17:31:18,113 [Socket Reader #10 for port 15006] INFO  ipc.Server (Server.java:run(1474)) - Starting Socket Reader #10 for port 15006
2025-09-13 17:31:18,137 [ForkJoinPool-1-worker-1] INFO  impl.MetricsSystemImpl (MetricsSystemImpl.java:init(158)) - OzoneManager metrics system started (again)
2025-09-13 17:31:18,153 [ForkJoinPool-1-worker-1] INFO  om.OzoneManager (OzoneManager.java:start(1822)) - OzoneManager RPC server is listening at localhost/127.0.0.1:15006
2025-09-13 17:31:18,153 [ForkJoinPool-1-worker-1] INFO  ratis.OzoneManagerRatisServer (OzoneManagerRatisServer.java:start(673)) - Starting OzoneManagerRatisServer om1 at port 15009
2025-09-13 17:31:18,154 [om1-impl-thread1] INFO  storage.RaftStorageDirectory (RaftStorageDirectoryImpl.java:analyzeStorage(138)) - The storage directory /home/runner/work/ozone/ozone/hadoop-ozone/integration-test/target/test-dir/MiniOzoneClusterImpl-1331a795-ed08-415d-924a-7661a5cf51a5/om/ratis/bf265839-605b-3f16-9796-c5ba1605619e does not exist. Creating ...
2025-09-13 17:31:18,157 [om1-impl-thread1] INFO  storage.RaftStorageDirectory (RaftStorageDirectoryImpl.java:tryLock(229)) - Lock on /home/runner/work/ozone/ozone/hadoop-ozone/integration-test/target/test-dir/MiniOzoneClusterImpl-1331a795-ed08-415d-924a-7661a5cf51a5/om/ratis/bf265839-605b-3f16-9796-c5ba1605619e/in_use.lock acquired by nodename 22846@localhost
2025-09-13 17:31:18,159 [om1-impl-thread1] INFO  storage.RaftStorage (RaftStorageImpl.java:format(98)) - Storage directory /home/runner/work/ozone/ozone/hadoop-ozone/integration-test/target/test-dir/MiniOzoneClusterImpl-1331a795-ed08-415d-924a-7661a5cf51a5/om/ratis/bf265839-605b-3f16-9796-c5ba1605619e has been successfully formatted.
2025-09-13 17:31:18,160 [om1-impl-thread1] INFO  ratis.OzoneManagerStateMachine (OzoneManagerStateMachine.java:lambda$0(138)) - om1: initialize group-C5BA1605619E with <INITIAL_VALUE>
2025-09-13 17:31:18,160 [om1-impl-thread1] INFO  server.RaftServerConfigKeys (ConfUtils.java:logGet(62)) - raft.server.log.appender.buffer.byte-limit = 4194304 (custom)
2025-09-13 17:31:18,163 [om1-impl-thread1] INFO  server.RaftServerConfigKeys (ConfUtils.java:logGet(62)) - raft.server.log.segment.size.max = 67108864 (custom)
2025-09-13 17:31:18,164 [om1-impl-thread1] INFO  server.RaftServerConfigKeys (ConfUtils.java:logGet(62)) - raft.server.log.appender.buffer.byte-limit = 4194304 (custom)
2025-09-13 17:31:18,165 [om1-impl-thread1] INFO  util.AwaitToRun (AwaitToRun.java:start(81)) - Thread[#463,om1@group-C5BA1605619E-cacheEviction-AwaitToRun,5,main] started
2025-09-13 17:31:18,165 [om1-impl-thread1] INFO  segmented.SegmentedRaftLogWorker (SegmentedRaftLogWorker.java:<init>(190)) - new om1@group-C5BA1605619E-SegmentedRaftLogWorker for RaftStorageImpl:Storage Directory /home/runner/work/ozone/ozone/hadoop-ozone/integration-test/target/test-dir/MiniOzoneClusterImpl-1331a795-ed08-415d-924a-7661a5cf51a5/om/ratis/bf265839-605b-3f16-9796-c5ba1605619e
2025-09-13 17:31:18,165 [om1-impl-thread1] INFO  server.RaftServerConfigKeys (ConfUtils.java:logGet(62)) - raft.server.log.segment.size.max = 67108864 (custom)
2025-09-13 17:31:18,166 [om1-impl-thread1] INFO  server.RaftServerConfigKeys (ConfUtils.java:logGet(62)) - raft.server.log.preallocated.size = 4194304 (custom)
2025-09-13 17:31:18,167 [om1-impl-thread1] INFO  server.RaftServerConfigKeys (ConfUtils.java:logGet(62)) - raft.server.log.write.buffer.size = 4194312 (custom)
2025-09-13 17:31:18,167 [om1-impl-thread1] INFO  server.RaftServerConfigKeys (ConfUtils.java:logGet(62)) - raft.server.log.appender.buffer.byte-limit = 4194304 (custom)
2025-09-13 17:31:18,168 [om1-impl-thread1] INFO  segmented.SegmentedRaftLogWorker (SegmentedRaftLogWorker.java:lambda$new$0(141)) - om1@group-C5BA1605619E-SegmentedRaftLogWorker: flushIndex: setUnconditionally 0 -> -1
2025-09-13 17:31:18,168 [om1-impl-thread1] INFO  segmented.SegmentedRaftLogWorker (SegmentedRaftLogWorker.java:lambda$new$0(141)) - om1@group-C5BA1605619E-SegmentedRaftLogWorker: safeCacheEvictIndex: setUnconditionally 0 -> -1
2025-09-13 17:31:18,169 [om1-impl-thread1] INFO  server.RaftServer$Division (RaftServerImpl.java:start(405)) - om1@group-C5BA1605619E: start as a follower, conf=conf: {index: -1, cur=peers:[om1|localhost:15009]|listeners:[], old=null}
2025-09-13 17:31:18,169 [om1-impl-thread1] INFO  server.RaftServer$Division (RaftServerImpl.java:setRole(392)) - om1@group-C5BA1605619E: changes role from      null to FOLLOWER at term 0 for startAsFollower
2025-09-13 17:31:18,169 [om1-impl-thread1] INFO  impl.RoleInfo (RoleInfo.java:updateAndGet(148)) - om1: start om1@group-C5BA1605619E-FollowerState
2025-09-13 17:31:18,170 [om1@group-C5BA1605619E-FollowerState] INFO  server.RaftServerConfigKeys (ConfUtils.java:logFallback(69)) - raft.server.rpc.first-election.timeout.min = 1s (fallback to raft.server.rpc.timeout.min)
2025-09-13 17:31:18,170 [om1@group-C5BA1605619E-FollowerState] INFO  server.RaftServerConfigKeys (ConfUtils.java:logFallback(69)) - raft.server.rpc.first-election.timeout.max = 1200ms (fallback to raft.server.rpc.timeout.max)
2025-09-13 17:31:18,171 [om1-impl-thread1] INFO  util.JmxRegister (JmxRegister.java:tryRegister(44)) - Successfully registered JMX Bean with object name Ratis:service=RaftServer,group=group-C5BA1605619E,id=om1
2025-09-13 17:31:18,172 [om1-impl-thread1] INFO  util.JmxRegister (JmxRegister.java:register(58)) - register mxBean class org.apache.ratis.server.impl.RaftServerJmxAdapter as Ratis:service=RaftServer,group=group-C5BA1605619E,id=om1
2025-09-13 17:31:18,172 [om1-impl-thread1] INFO  server.RaftServerConfigKeys (ConfUtils.java:logGet(62)) - raft.server.snapshot.auto.trigger.threshold = 400000 (default)
2025-09-13 17:31:18,173 [om1-impl-thread1] INFO  server.RaftServerConfigKeys (ConfUtils.java:logGet(62)) - raft.server.log.purge.upto.snapshot.index = true (custom)
2025-09-13 17:31:18,174 [om1-impl-thread1] INFO  server.RaftServer$Division (RaftServerImpl.java:start(419)) - om1@group-C5BA1605619E: Successfully started.
2025-09-13 17:31:18,174 [ForkJoinPool-1-worker-1] INFO  server.RaftServer (RaftServerProxy.java:startImpl(412)) - om1: start RPC server
2025-09-13 17:31:18,175 [ForkJoinPool-1-worker-1] INFO  server.GrpcServicesImpl (GrpcServicesImpl.java:startImpl(346)) - om1: GrpcServicesImpl started, listening on 15009
2025-09-13 17:31:18,175 [JvmPauseMonitor2] INFO  util.JvmPauseMonitor (JvmPauseMonitor.java:run(146)) - JvmPauseMonitor-om1: Started
2025-09-13 17:31:18,176 [ForkJoinPool-1-worker-1] INFO  om.OzoneManager (OzoneManager.java:start(1837)) - Version File has different layout version (8) than OM DB (null). That is expected if this OM has never been finalized to a newer layout version.
2025-09-13 17:31:18,189 [ForkJoinPool-1-worker-1] INFO  client.ScmTopologyClient (ScmTopologyClient.java:start(70)) - Initial network topology fetched from SCM: /.
2025-09-13 17:31:18,190 [ForkJoinPool-1-worker-1] INFO  net.NodeSchemaLoader (NodeSchemaLoader.java:loadSchemaFromFile(128)) - Loading schema from [jar:file:/home/runner/work/ozone/ozone/hadoop-hdds/common/target/hdds-common-2.1.0-SNAPSHOT.jar!/network-topology-default.xml]
2025-09-13 17:31:18,190 [ForkJoinPool-1-worker-1] INFO  net.NodeSchemaLoader (NodeSchemaLoader.java:loadSchema(175)) - Loading network topology layer schema file
2025-09-13 17:31:18,195 [ForkJoinPool-1-worker-1] INFO  utils.BackgroundService (BackgroundService.java:start(119)) - Starting service KeyDeletingService with interval 60000 milliseconds
2025-09-13 17:31:18,199 [ForkJoinPool-1-worker-1] INFO  utils.BackgroundService (BackgroundService.java:start(119)) - Starting service DirectoryDeletingService with interval 120000 milliseconds
2025-09-13 17:31:18,199 [ForkJoinPool-1-worker-1] INFO  utils.BackgroundService (BackgroundService.java:start(119)) - Starting service OpenKeyCleanupService with interval 86400000 milliseconds
2025-09-13 17:31:18,201 [ForkJoinPool-1-worker-1] INFO  utils.BackgroundService (BackgroundService.java:start(119)) - Starting service SstFilteringService with interval 60000 milliseconds
2025-09-13 17:31:18,203 [ForkJoinPool-1-worker-1] INFO  utils.BackgroundService (BackgroundService.java:start(119)) - Starting service SnapshotDeletingService with interval 30000 milliseconds
2025-09-13 17:31:18,204 [ForkJoinPool-1-worker-1] INFO  utils.BackgroundService (BackgroundService.java:start(119)) - Starting service MultipartUploadCleanupService with interval 86400000 milliseconds
2025-09-13 17:31:18,205 [ForkJoinPool-1-worker-1] INFO  http.BaseHttpServer (BaseHttpServer.java:newHttpServer2BuilderForOzone(227)) - Starting Web-server for ozoneManager at: http://0.0.0.0:15007
2025-09-13 17:31:18,205 [ForkJoinPool-1-worker-1] INFO  http.BaseHttpServer (BaseHttpServer.java:<init>(105)) - Hadoop Security Enabled: false Ozone Security Enabled: false Ozone HTTP Security Enabled: false 
2025-09-13 17:31:18,207 [ForkJoinPool-1-worker-1] WARN  server.AuthenticationFilter (AuthenticationFilter.java:constructSecretProvider(240)) - Unable to initialize FileSignerSecretProvider, falling back to use random secrets. Reason: Could not read signature secret file: /home/runner/hadoop-http-auth-signature-secret
2025-09-13 17:31:18,210 [ForkJoinPool-1-worker-1] INFO  http.HttpServer2 (HttpServer2.java:addGlobalFilter(1041)) - Added global filter 'safety' (class=org.apache.hadoop.hdds.server.http.HttpServer2$QuotingInputFilter)
2025-09-13 17:31:18,211 [ForkJoinPool-1-worker-1] INFO  http.HttpServer2 (HttpServer2.java:addFilter(1017)) - Added filter static_user_filter (class=org.apache.hadoop.http.lib.StaticUserWebFilter$StaticUserFilter) to context ozoneManager
2025-09-13 17:31:18,212 [ForkJoinPool-1-worker-1] INFO  http.HttpServer2 (HttpServer2.java:addFilter(1025)) - Added filter static_user_filter (class=org.apache.hadoop.http.lib.StaticUserWebFilter$StaticUserFilter) to context static
2025-09-13 17:31:18,212 [ForkJoinPool-1-worker-1] INFO  http.HttpServer2 (HttpServer2.java:addFilter(1025)) - Added filter static_user_filter (class=org.apache.hadoop.http.lib.StaticUserWebFilter$StaticUserFilter) to context logs
2025-09-13 17:31:18,212 [ForkJoinPool-1-worker-1] INFO  http.BaseHttpServer (BaseHttpServer.java:<init>(193)) - HTTP server of ozoneManager uses base directory /home/runner/work/ozone/ozone/hadoop-ozone/integration-test/target/test-dir/MiniOzoneClusterImpl-1331a795-ed08-415d-924a-7661a5cf51a5/scm/ozone-metadata/webserver
2025-09-13 17:31:18,215 [ForkJoinPool-1-worker-1] INFO  http.HttpServer2 (HttpServer2.java:bindListener(1241)) - Jetty bound to port 15007
2025-09-13 17:31:18,215 [ForkJoinPool-1-worker-1] INFO  server.Server (Server.java:doStart(375)) - jetty-9.4.58.v20250814; built: 2025-08-14T02:28:49.637Z; git: 8f1440587e9e4ae7db3d74cf205643f3d707148d; jvm 21.0.8+9-LTS
2025-09-13 17:31:18,216 [ForkJoinPool-1-worker-1] INFO  server.session (DefaultSessionIdManager.java:doStart(334)) - DefaultSessionIdManager workerName=node0
2025-09-13 17:31:18,216 [ForkJoinPool-1-worker-1] INFO  server.session (DefaultSessionIdManager.java:doStart(339)) - No SessionScavenger set, using defaults
2025-09-13 17:31:18,217 [ForkJoinPool-1-worker-1] INFO  server.session (HouseKeeper.java:startScavenging(132)) - node0 Scavenging every 600000ms
2025-09-13 17:31:18,218 [ForkJoinPool-1-worker-1] INFO  handler.ContextHandler (ContextHandler.java:doStart(921)) - Started o.e.j.s.ServletContextHandler@2705503b{logs,/logs,file:///home/runner/work/ozone/ozone/hadoop-ozone/integration-test/target/log,AVAILABLE}
2025-09-13 17:31:18,218 [ForkJoinPool-1-worker-1] INFO  handler.ContextHandler (ContextHandler.java:doStart(921)) - Started o.e.j.s.ServletContextHandler@fb9b815{static,/static,file:///home/runner/work/ozone/ozone/hadoop-ozone/integration-test/target/test-classes/webapps/static,AVAILABLE}
2025-09-13 17:31:18,227 [ForkJoinPool-1-worker-1] INFO  handler.ContextHandler (ContextHandler.java:doStart(921)) - Started o.e.j.w.WebAppContext@44e73b88{ozoneManager,/,file:///home/runner/work/ozone/ozone/hadoop-ozone/integration-test/target/test-classes/webapps/ozoneManager/,AVAILABLE}{file:/home/runner/work/ozone/ozone/hadoop-ozone/integration-test/target/test-classes/webapps/ozoneManager}
2025-09-13 17:31:18,227 [ForkJoinPool-1-worker-1] INFO  server.AbstractConnector (AbstractConnector.java:doStart(333)) - Started ServerConnector@74f472b6{HTTP/1.1, (http/1.1)}{0.0.0.0:15007}
2025-09-13 17:31:18,228 [ForkJoinPool-1-worker-1] INFO  server.Server (Server.java:doStart(415)) - Started @10812ms
2025-09-13 17:31:18,228 [ForkJoinPool-1-worker-1] WARN  impl.MetricsSystemImpl (MetricsSystemImpl.java:register(279)) - Sink prometheus already exists!
2025-09-13 17:31:18,228 [ForkJoinPool-1-worker-1] INFO  http.BaseHttpServer (BaseHttpServer.java:updateConnectorAddress(357)) - HTTP server of ozoneManager listening at http://localhost:15007
2025-09-13 17:31:18,228 [IPC Server Responder] INFO  ipc.Server (Server.java:run(1713)) - IPC Server Responder: starting
2025-09-13 17:31:18,229 [IPC Server listener on 15006] INFO  ipc.Server (Server.java:run(1553)) - IPC Server listener on 15006: starting
2025-09-13 17:31:18,231 [ForkJoinPool-1-worker-1] INFO  om.OzoneManager (OzoneManager.java:startTrashEmptier(2292)) - Trash Interval set to 0. Files deleted won't move to trash
2025-09-13 17:31:18,243 [ForkJoinPool-1-worker-1] INFO  db.CodecBuffer (CodecBuffer.java:set(85)) - Successfully set constructor to LeakDetector::newCodecBuffer: org.apache.hadoop.hdds.utils.db.CodecBuffer$$Lambda/0x00007f173481a3b0@68260d2c
2025-09-13 17:31:18,330 [ForkJoinPool-1-worker-1] WARN  dropwizard3.Dm3MetricRegistriesImpl (Dm3MetricRegistriesImpl.java:addReporterRegistration(114)) - New reporters are added after registries were created. Some metrics will be missing from the reporter. Please add reporter before adding any new registry.
2025-09-13 17:31:18,330 [ForkJoinPool-1-worker-1] WARN  dropwizard3.Dm3MetricRegistriesImpl (Dm3MetricRegistriesImpl.java:addReporterRegistration(114)) - New reporters are added after registries were created. Some metrics will be missing from the reporter. Please add reporter before adding any new registry.
2025-09-13 17:31:18,331 [ForkJoinPool-1-worker-1] INFO  impl.MetricsSystemImpl (MetricsSystemImpl.java:init(158)) - HddsDatanode metrics system started (again)
2025-09-13 17:31:18,352 [ForkJoinPool-1-worker-1] INFO  protocol.DatanodeDetails (DatanodeDetails.java:validateDatanodeIpAddress(199)) - Updating IP address of datanode 36d876fb-a458-4393-963b-58eeedb8ba95(localhost/null) to 127.0.0.1
2025-09-13 17:31:18,353 [ForkJoinPool-1-worker-1] INFO  ozone.HddsDatanodeService (HddsDatanodeService.java:start(236)) - HddsDatanodeService 36d876fb-a458-4393-963b-58eeedb8ba95(localhost/127.0.0.1)
2025-09-13 17:31:18,357 [ForkJoinPool-1-worker-1] INFO  upgrade.AbstractLayoutVersionManager (AbstractLayoutVersionManager.java:init(80)) - Initializing Layout version manager with metadata layout = WITNESSED_CONTAINER_DB_PROTO_VALUE (version = 9), software layout = WITNESSED_CONTAINER_DB_PROTO_VALUE (version = 9)
2025-09-13 17:31:18,359 [ForkJoinPool-1-worker-1] INFO  statemachine.DatanodeStateMachine (DatanodeStateMachine.java:getEndPointTaskThreadPoolSize(321)) - Datanode State Machine Task Thread Pool size 2
2025-09-13 17:31:18,403 [ForkJoinPool-1-worker-1] INFO  volume.HddsVolume (HddsVolume.java:<init>(162)) - HddsVolume: { id=DS-6109830f-b5fd-4b5d-b16c-4268b20b3584 dir=/home/runner/work/ozone/ozone/hadoop-ozone/integration-test/target/test-dir/MiniOzoneClusterImpl-1331a795-ed08-415d-924a-7661a5cf51a5/ozone-metadata/datanode-1/data-0/hdds type=DISK capacity=9222449699674390527 used=0 available=9222449699674390527 minFree=9222450130714624 committed=0 }
2025-09-13 17:31:18,403 [ForkJoinPool-1-worker-1] INFO  volume.MutableVolumeSet (MutableVolumeSet.java:initializeVolumeSet(175)) - Added Volume : /home/runner/work/ozone/ozone/hadoop-ozone/integration-test/target/test-dir/MiniOzoneClusterImpl-1331a795-ed08-415d-924a-7661a5cf51a5/ozone-metadata/datanode-1/data-0/hdds to VolumeSet
2025-09-13 17:31:18,407 [ForkJoinPool-1-worker-1] INFO  volume.MutableVolumeSet (MutableVolumeSet.java:initializeVolumeSet(175)) - Added Volume : /home/runner/work/ozone/ozone/hadoop-ozone/integration-test/target/test-dir/MiniOzoneClusterImpl-1331a795-ed08-415d-924a-7661a5cf51a5/ozone-metadata/datanode-1/ratis to VolumeSet
2025-09-13 17:31:18,412 [ForkJoinPool-1-worker-1] INFO  ozoneimpl.OzoneContainer (HddsVolumeUtil.java:loadAllHddsVolumeDbStore(102)) - Load 1 volumes DbStore cost: 1ms
2025-09-13 17:31:18,422 [ForkJoinPool-1-worker-1] WARN  db.DBStoreBuilder (DBStoreBuilder.java:getDBDirPath(158)) - ozone.scm.datanode.id.dir is not configured. We recommend adding this setting. Falling back to ozone.metadata.dirs instead.
2025-09-13 17:31:18,426 [ForkJoinPool-1-worker-1] WARN  db.DBStoreBuilder (DBStoreBuilder.java:getDBDirPath(158)) - ozone.scm.datanode.id.dir is not configured. We recommend adding this setting. Falling back to ozone.metadata.dirs instead.
2025-09-13 17:31:18,469 [ForkJoinPool-1-worker-1] INFO  impl.FilePerChunkStrategy (FilePerChunkStrategy.java:<init>(79)) - ozone.chunk.read.mapped.buffer.max.count is load with 0
2025-09-13 17:31:18,471 [ForkJoinPool-1-worker-1] INFO  impl.FilePerBlockStrategy (FilePerBlockStrategy.java:<init>(88)) - ozone.chunk.read.mapped.buffer.max.count is load with 0
2025-09-13 17:31:18,498 [ForkJoinPool-1-worker-1] INFO  audit.AuditLogger (AuditLogger.java:refreshDebugCmdSet(133)) - Refresh DebugCmdSet for DNAudit to [].
2025-09-13 17:31:18,509 [ForkJoinPool-1-worker-1] INFO  server.RaftServerConfigKeys (ConfUtils.java:logGet(62)) - raft.server.log.appender.buffer.byte-limit = 33554432 (custom)
2025-09-13 17:31:18,517 [ForkJoinPool-1-worker-1] INFO  grpc.GrpcConfigKeys (ConfUtils.java:logFallback(69)) - raft.grpc.admin.host = null (fallback to raft.grpc.server.host)
2025-09-13 17:31:18,517 [ForkJoinPool-1-worker-1] INFO  grpc.GrpcConfigKeys (ConfUtils.java:logGet(62)) - raft.grpc.admin.port = 15014 (custom)
2025-09-13 17:31:18,518 [ForkJoinPool-1-worker-1] INFO  grpc.GrpcConfigKeys (ConfUtils.java:logFallback(69)) - raft.grpc.client.host = null (fallback to raft.grpc.server.host)
2025-09-13 17:31:18,518 [ForkJoinPool-1-worker-1] INFO  grpc.GrpcConfigKeys (ConfUtils.java:logGet(62)) - raft.grpc.client.port = 15013 (custom)
2025-09-13 17:31:18,518 [ForkJoinPool-1-worker-1] INFO  grpc.GrpcConfigKeys (ConfUtils.java:logGet(62)) - raft.grpc.server.port = 15015 (custom)
2025-09-13 17:31:18,518 [ForkJoinPool-1-worker-1] INFO  server.GrpcServicesImpl (ConfUtils.java:logGet(62)) - raft.grpc.message.size.max = 34603008 (custom)
2025-09-13 17:31:18,518 [ForkJoinPool-1-worker-1] INFO  server.GrpcServicesImpl (ConfUtils.java:logGet(62)) - raft.grpc.flow.control.window = 5MB (=5242880) (custom)
2025-09-13 17:31:18,518 [ForkJoinPool-1-worker-1] INFO  server.RaftServerConfigKeys (ConfUtils.java:logGet(62)) - raft.server.log.appender.buffer.byte-limit = 33554432 (custom)
2025-09-13 17:31:18,520 [ForkJoinPool-1-worker-1] INFO  impl.DataStreamServerImpl (ConfUtils.java:logGet(62)) - raft.datastream.type = NETTY (custom)
2025-09-13 17:31:18,528 [ForkJoinPool-1-worker-1] INFO  server.RaftServerConfigKeys (ConfUtils.java:logGet(62)) - raft.server.data-stream.async.request.thread.pool.cached = false (default)
2025-09-13 17:31:18,528 [ForkJoinPool-1-worker-1] INFO  server.RaftServerConfigKeys (ConfUtils.java:logGet(62)) - raft.server.data-stream.async.request.thread.pool.size = 20 (custom)
2025-09-13 17:31:18,528 [ForkJoinPool-1-worker-1] INFO  server.RaftServerConfigKeys (ConfUtils.java:logGet(62)) - raft.server.data-stream.async.write.thread.pool.size = 16 (default)
2025-09-13 17:31:18,530 [ForkJoinPool-1-worker-1] INFO  netty.NettyConfigKeys$DataStream (ConfUtils.java:logGet(62)) - raft.netty.dataStream.server.channel.inactive.grace-period = 10min (default)
2025-09-13 17:31:18,531 [ForkJoinPool-1-worker-1] INFO  server.RaftServerConfigKeys (ConfUtils.java:logGet(62)) - raft.server.data-stream.client.pool.size = 10 (default)
2025-09-13 17:31:18,532 [ForkJoinPool-1-worker-1] INFO  netty.NettyConfigKeys$DataStream (ConfUtils.java:logGet(62)) - raft.netty.dataStream.server.use-epoll = true (default)
2025-09-13 17:31:18,532 [ForkJoinPool-1-worker-1] INFO  netty.NettyConfigKeys$DataStream (ConfUtils.java:logGet(62)) - raft.netty.dataStream.server.boss-group.size = 0 (default)
2025-09-13 17:31:18,533 [ForkJoinPool-1-worker-1] INFO  netty.NettyUtils (NettyUtils.java:newEventLoopGroup(74)) - Create EpollEventLoopGroup for 36d876fb-a458-4393-963b-58eeedb8ba95-NettyServerStreamRpc-bossGroup; Thread size is 0.
2025-09-13 17:31:18,534 [ForkJoinPool-1-worker-1] INFO  netty.NettyConfigKeys$DataStream (ConfUtils.java:logGet(62)) - raft.netty.dataStream.server.worker-group.size = 0 (default)
2025-09-13 17:31:18,534 [ForkJoinPool-1-worker-1] INFO  netty.NettyUtils (NettyUtils.java:newEventLoopGroup(74)) - Create EpollEventLoopGroup for 36d876fb-a458-4393-963b-58eeedb8ba95-NettyServerStreamRpc-workerGroup; Thread size is 0.
2025-09-13 17:31:18,535 [ForkJoinPool-1-worker-1] INFO  netty.NettyConfigKeys$DataStream (ConfUtils.java:logGet(62)) - raft.netty.dataStream.port = 15016 (custom)
2025-09-13 17:31:18,538 [ForkJoinPool-1-worker-1] INFO  server.RaftServerConfigKeys (ConfUtils.java:logGet(62)) - raft.server.storage.dir = [/home/runner/work/ozone/ozone/hadoop-ozone/integration-test/target/test-dir/MiniOzoneClusterImpl-1331a795-ed08-415d-924a-7661a5cf51a5/ozone-metadata/datanode-1/ratis] (custom)
2025-09-13 17:31:18,539 [36d876fb-a458-4393-963b-58eeedb8ba95-impl-thread1] INFO  server.RaftServer (RaftServerProxy.java:initGroupDir(270)) - 36d876fb-a458-4393-963b-58eeedb8ba95: found a subdirectory /home/runner/work/ozone/ozone/hadoop-ozone/integration-test/target/test-dir/MiniOzoneClusterImpl-1331a795-ed08-415d-924a-7661a5cf51a5/ozone-metadata/datanode-1/ratis/tmp
2025-09-13 17:31:18,539 [36d876fb-a458-4393-963b-58eeedb8ba95-impl-thread1] INFO  server.RaftServer (RaftServerProxy.java:initGroupDir(275)) - 36d876fb-a458-4393-963b-58eeedb8ba95: The directory /home/runner/work/ozone/ozone/hadoop-ozone/integration-test/target/test-dir/MiniOzoneClusterImpl-1331a795-ed08-415d-924a-7661a5cf51a5/ozone-metadata/datanode-1/ratis/tmp is not a group directory; ignoring it. 
2025-09-13 17:31:18,541 [ForkJoinPool-1-worker-1] INFO  replication.ReplicationServer (ReplicationServer.java:<init>(84)) - Initializing replication server with thread count = 10 queue length = 4096
2025-09-13 17:31:18,546 [36d876fb-a458-4393-963b-58eeedb8ba95-NettyServerStreamRpc-bossGroup--thread1] INFO  logging.LoggingHandler (AbstractInternalLogger.java:log(148)) - [id: 0x38d43c6c] REGISTERED
2025-09-13 17:31:18,547 [36d876fb-a458-4393-963b-58eeedb8ba95-NettyServerStreamRpc-bossGroup--thread1] INFO  logging.LoggingHandler (AbstractInternalLogger.java:log(148)) - [id: 0x38d43c6c] BIND: 0.0.0.0/0.0.0.0:15016
2025-09-13 17:31:18,547 [36d876fb-a458-4393-963b-58eeedb8ba95-NettyServerStreamRpc-bossGroup--thread1] INFO  logging.LoggingHandler (AbstractInternalLogger.java:log(148)) - [id: 0x38d43c6c, L:/0.0.0.0:15016] ACTIVE
2025-09-13 17:31:18,560 [ForkJoinPool-1-worker-1] INFO  server.XceiverServerGrpc (XceiverServerGrpc.java:<init>(130)) - GrpcServer channel type EpollServerSocketChannel
2025-09-13 17:31:18,583 [ForkJoinPool-1-worker-1] INFO  replication.ReplicationSupervisor (ReplicationSupervisor.java:build(169)) - Initializing replication supervisor with thread count = 10
2025-09-13 17:31:18,583 [ForkJoinPool-1-worker-1] INFO  replication.ReplicationSupervisor (ReplicationSupervisor.java:nodeStateUpdated(358)) - Node state updated to IN_SERVICE, scaling executor pool size to 10
2025-09-13 17:31:18,597 [ForkJoinPool-1-worker-1] INFO  lib.Interns (Interns.java:removeEldestEntry(50)) - Metrics intern cache overflow at 2011 for MetricsSystem={MetricsSystem=MetricsInfoImpl{name=MetricsSystem, description=MetricsSystem}, MetricsSystem record=MetricsInfoImpl{name=MetricsSystem, description=MetricsSystem record}}
2025-09-13 17:31:18,627 [ForkJoinPool-1-worker-1] INFO  http.BaseHttpServer (BaseHttpServer.java:newHttpServer2BuilderForOzone(227)) - Starting Web-server for hddsDatanode at: http://0.0.0.0:15010
2025-09-13 17:31:18,627 [ForkJoinPool-1-worker-1] INFO  http.BaseHttpServer (BaseHttpServer.java:<init>(105)) - Hadoop Security Enabled: false Ozone Security Enabled: false Ozone HTTP Security Enabled: false 
2025-09-13 17:31:18,629 [ForkJoinPool-1-worker-1] WARN  server.AuthenticationFilter (AuthenticationFilter.java:constructSecretProvider(240)) - Unable to initialize FileSignerSecretProvider, falling back to use random secrets. Reason: Could not read signature secret file: /home/runner/hadoop-http-auth-signature-secret
2025-09-13 17:31:18,632 [ForkJoinPool-1-worker-1] INFO  http.HttpServer2 (HttpServer2.java:addGlobalFilter(1041)) - Added global filter 'safety' (class=org.apache.hadoop.hdds.server.http.HttpServer2$QuotingInputFilter)
2025-09-13 17:31:18,634 [ForkJoinPool-1-worker-1] INFO  http.HttpServer2 (HttpServer2.java:addFilter(1017)) - Added filter static_user_filter (class=org.apache.hadoop.http.lib.StaticUserWebFilter$StaticUserFilter) to context hddsDatanode
2025-09-13 17:31:18,634 [ForkJoinPool-1-worker-1] INFO  http.HttpServer2 (HttpServer2.java:addFilter(1025)) - Added filter static_user_filter (class=org.apache.hadoop.http.lib.StaticUserWebFilter$StaticUserFilter) to context static
2025-09-13 17:31:18,634 [ForkJoinPool-1-worker-1] INFO  http.HttpServer2 (HttpServer2.java:addFilter(1025)) - Added filter static_user_filter (class=org.apache.hadoop.http.lib.StaticUserWebFilter$StaticUserFilter) to context logs
2025-09-13 17:31:18,635 [ForkJoinPool-1-worker-1] INFO  http.BaseHttpServer (BaseHttpServer.java:<init>(193)) - HTTP server of hddsDatanode uses base directory /home/runner/work/ozone/ozone/hadoop-ozone/integration-test/target/test-dir/MiniOzoneClusterImpl-1331a795-ed08-415d-924a-7661a5cf51a5/scm/ozone-metadata/webserver
2025-09-13 17:31:18,635 [ForkJoinPool-1-worker-1] INFO  http.HttpServer2 (HttpServer2.java:bindListener(1241)) - Jetty bound to port 15010
2025-09-13 17:31:18,635 [ForkJoinPool-1-worker-1] INFO  server.Server (Server.java:doStart(375)) - jetty-9.4.58.v20250814; built: 2025-08-14T02:28:49.637Z; git: 8f1440587e9e4ae7db3d74cf205643f3d707148d; jvm 21.0.8+9-LTS
2025-09-13 17:31:18,637 [ForkJoinPool-1-worker-1] INFO  server.session (DefaultSessionIdManager.java:doStart(334)) - DefaultSessionIdManager workerName=node0
2025-09-13 17:31:18,637 [ForkJoinPool-1-worker-1] INFO  server.session (DefaultSessionIdManager.java:doStart(339)) - No SessionScavenger set, using defaults
2025-09-13 17:31:18,637 [ForkJoinPool-1-worker-1] INFO  server.session (HouseKeeper.java:startScavenging(132)) - node0 Scavenging every 600000ms
2025-09-13 17:31:18,639 [ForkJoinPool-1-worker-1] INFO  handler.ContextHandler (ContextHandler.java:doStart(921)) - Started o.e.j.s.ServletContextHandler@1c4459aa{logs,/logs,file:///home/runner/work/ozone/ozone/hadoop-ozone/integration-test/target/log,AVAILABLE}
2025-09-13 17:31:18,639 [ForkJoinPool-1-worker-1] INFO  handler.ContextHandler (ContextHandler.java:doStart(921)) - Started o.e.j.s.ServletContextHandler@5b334fd3{static,/static,jar:file:/home/runner/work/ozone/ozone/hadoop-hdds/container-service/target/hdds-container-service-2.1.0-SNAPSHOT.jar!/webapps/static,AVAILABLE}
2025-09-13 17:31:18,821 [ForkJoinPool-1-worker-1] INFO  handler.ContextHandler (ContextHandler.java:doStart(921)) - Started o.e.j.w.WebAppContext@2943537b{hddsDatanode,/,file:///home/runner/work/ozone/ozone/hadoop-ozone/integration-test/target/test-dir/MiniOzoneClusterImpl-1331a795-ed08-415d-924a-7661a5cf51a5/scm/ozone-metadata/webserver/jetty-0_0_0_0-15010-hdds-container-service-2_1_0-SNAPSHOT_jar-_-any-17048119373984249720/webapp/,AVAILABLE}{jar:file:/home/runner/work/ozone/ozone/hadoop-hdds/container-service/target/hdds-container-service-2.1.0-SNAPSHOT.jar!/webapps/hddsDatanode}
2025-09-13 17:31:18,822 [ForkJoinPool-1-worker-1] INFO  server.AbstractConnector (AbstractConnector.java:doStart(333)) - Started ServerConnector@563b4990{HTTP/1.1, (http/1.1)}{0.0.0.0:15010}
2025-09-13 17:31:18,822 [ForkJoinPool-1-worker-1] INFO  server.Server (Server.java:doStart(415)) - Started @11407ms
2025-09-13 17:31:18,822 [ForkJoinPool-1-worker-1] WARN  impl.MetricsSystemImpl (MetricsSystemImpl.java:register(279)) - Sink prometheus already exists!
2025-09-13 17:31:18,823 [ForkJoinPool-1-worker-1] INFO  http.BaseHttpServer (BaseHttpServer.java:updateConnectorAddress(357)) - HTTP server of hddsDatanode listening at http://localhost:15010
2025-09-13 17:31:18,825 [ForkJoinPool-1-worker-1] INFO  ipc.CallQueueManager (CallQueueManager.java:<init>(93)) - Using callQueue: class java.util.concurrent.LinkedBlockingQueue, queueCapacity: 1000, scheduler: class org.apache.hadoop.ipc.DefaultRpcScheduler, ipcBackoff: false, ipcFailOver: false.
2025-09-13 17:31:18,826 [ForkJoinPool-1-worker-1] INFO  ipc.Server (Server.java:<init>(1438)) - Listener at 0.0.0.0:15011
2025-09-13 17:31:18,826 [Socket Reader #1 for port 15011] INFO  ipc.Server (Server.java:run(1474)) - Starting Socket Reader #1 for port 15011
2025-09-13 17:31:18,827 [Socket Reader #2 for port 15011] INFO  ipc.Server (Server.java:run(1474)) - Starting Socket Reader #2 for port 15011
2025-09-13 17:31:18,827 [Socket Reader #3 for port 15011] INFO  ipc.Server (Server.java:run(1474)) - Starting Socket Reader #3 for port 15011
2025-09-13 17:31:18,827 [Socket Reader #4 for port 15011] INFO  ipc.Server (Server.java:run(1474)) - Starting Socket Reader #4 for port 15011
2025-09-13 17:31:18,827 [Socket Reader #5 for port 15011] INFO  ipc.Server (Server.java:run(1474)) - Starting Socket Reader #5 for port 15011
2025-09-13 17:31:18,828 [Socket Reader #6 for port 15011] INFO  ipc.Server (Server.java:run(1474)) - Starting Socket Reader #6 for port 15011
2025-09-13 17:31:18,828 [Socket Reader #7 for port 15011] INFO  ipc.Server (Server.java:run(1474)) - Starting Socket Reader #7 for port 15011
2025-09-13 17:31:18,828 [Socket Reader #8 for port 15011] INFO  ipc.Server (Server.java:run(1474)) - Starting Socket Reader #8 for port 15011
2025-09-13 17:31:18,829 [Socket Reader #9 for port 15011] INFO  ipc.Server (Server.java:run(1474)) - Starting Socket Reader #9 for port 15011
2025-09-13 17:31:18,830 [Socket Reader #10 for port 15011] INFO  ipc.Server (Server.java:run(1474)) - Starting Socket Reader #10 for port 15011
2025-09-13 17:31:18,832 [ForkJoinPool-1-worker-1] INFO  ozone.HddsDatanodeService (HddsDatanodeService.java:start(333)) - Datanode start with admins: [admin, runner]
2025-09-13 17:31:18,832 [ForkJoinPool-1-worker-1] INFO  ozone.HddsDatanodeClientProtocolServer (HddsDatanodeClientProtocolServer.java:start(76)) - RPC server for Client /0.0.0.0:15011
2025-09-13 17:31:18,832 [IPC Server Responder] INFO  ipc.Server (Server.java:run(1713)) - IPC Server Responder: starting
2025-09-13 17:31:18,833 [IPC Server listener on 15011] INFO  ipc.Server (Server.java:run(1553)) - IPC Server listener on 15011: starting
2025-09-13 17:31:18,835 [ForkJoinPool-1-worker-1] WARN  dropwizard3.Dm3MetricRegistriesImpl (Dm3MetricRegistriesImpl.java:addReporterRegistration(114)) - New reporters are added after registries were created. Some metrics will be missing from the reporter. Please add reporter before adding any new registry.
2025-09-13 17:31:18,835 [ForkJoinPool-1-worker-1] WARN  dropwizard3.Dm3MetricRegistriesImpl (Dm3MetricRegistriesImpl.java:addReporterRegistration(114)) - New reporters are added after registries were created. Some metrics will be missing from the reporter. Please add reporter before adding any new registry.
2025-09-13 17:31:18,835 [ForkJoinPool-1-worker-1] INFO  impl.MetricsSystemImpl (MetricsSystemImpl.java:init(158)) - HddsDatanode metrics system started (again)
2025-09-13 17:31:18,838 [36d876fb-a458-4393-963b-58eeedb8ba95-DatanodeStateMachineDaemonThread] INFO  statemachine.DatanodeStateMachine (DatanodeStateMachine.java:startStateMachineThread(363)) - Ozone container server started.
2025-09-13 17:31:18,851 [ForkJoinPool-1-worker-1] INFO  protocol.DatanodeDetails (DatanodeDetails.java:validateDatanodeIpAddress(199)) - Updating IP address of datanode 9e23e878-9bb3-42b5-8b94-e0e229812e65(localhost/null) to 127.0.0.1
2025-09-13 17:31:18,852 [ForkJoinPool-1-worker-1] INFO  ozone.HddsDatanodeService (HddsDatanodeService.java:start(236)) - HddsDatanodeService 9e23e878-9bb3-42b5-8b94-e0e229812e65(localhost/127.0.0.1)
2025-09-13 17:31:18,859 [ForkJoinPool-1-worker-1] INFO  upgrade.AbstractLayoutVersionManager (AbstractLayoutVersionManager.java:init(80)) - Initializing Layout version manager with metadata layout = WITNESSED_CONTAINER_DB_PROTO_VALUE (version = 9), software layout = WITNESSED_CONTAINER_DB_PROTO_VALUE (version = 9)
2025-09-13 17:31:18,860 [ForkJoinPool-1-worker-1] INFO  statemachine.DatanodeStateMachine (DatanodeStateMachine.java:getEndPointTaskThreadPoolSize(321)) - Datanode State Machine Task Thread Pool size 2
2025-09-13 17:31:18,866 [ForkJoinPool-1-worker-1] INFO  volume.HddsVolume (HddsVolume.java:<init>(162)) - HddsVolume: { id=DS-83592185-90a8-4fef-83ac-08f3cf42c909 dir=/home/runner/work/ozone/ozone/hadoop-ozone/integration-test/target/test-dir/MiniOzoneClusterImpl-1331a795-ed08-415d-924a-7661a5cf51a5/ozone-metadata/datanode-2/data-0/hdds type=DISK capacity=9222449699674390527 used=0 available=9222449699674390527 minFree=9222450130714624 committed=0 }
2025-09-13 17:31:18,866 [ForkJoinPool-1-worker-1] INFO  volume.MutableVolumeSet (MutableVolumeSet.java:initializeVolumeSet(175)) - Added Volume : /home/runner/work/ozone/ozone/hadoop-ozone/integration-test/target/test-dir/MiniOzoneClusterImpl-1331a795-ed08-415d-924a-7661a5cf51a5/ozone-metadata/datanode-2/data-0/hdds to VolumeSet
2025-09-13 17:31:18,868 [ForkJoinPool-1-worker-1] INFO  volume.MutableVolumeSet (MutableVolumeSet.java:initializeVolumeSet(175)) - Added Volume : /home/runner/work/ozone/ozone/hadoop-ozone/integration-test/target/test-dir/MiniOzoneClusterImpl-1331a795-ed08-415d-924a-7661a5cf51a5/ozone-metadata/datanode-2/ratis to VolumeSet
2025-09-13 17:31:18,870 [ForkJoinPool-1-worker-1] INFO  ozoneimpl.OzoneContainer (HddsVolumeUtil.java:loadAllHddsVolumeDbStore(102)) - Load 1 volumes DbStore cost: 0ms
2025-09-13 17:31:18,871 [ForkJoinPool-1-worker-1] WARN  db.DBStoreBuilder (DBStoreBuilder.java:getDBDirPath(158)) - ozone.scm.datanode.id.dir is not configured. We recommend adding this setting. Falling back to ozone.metadata.dirs instead.
2025-09-13 17:31:18,873 [ForkJoinPool-1-worker-1] WARN  db.DBStoreBuilder (DBStoreBuilder.java:getDBDirPath(158)) - ozone.scm.datanode.id.dir is not configured. We recommend adding this setting. Falling back to ozone.metadata.dirs instead.
2025-09-13 17:31:18,895 [36d876fb-a458-4393-963b-58eeedb8ba95-DatanodeStateMachineTaskThread-0] INFO  datanode.InitDatanodeState (InitDatanodeState.java:persistContainerDatanodeDetails(139)) - DatanodeDetails is persisted to /home/runner/work/ozone/ozone/hadoop-ozone/integration-test/target/test-dir/MiniOzoneClusterImpl-1331a795-ed08-415d-924a-7661a5cf51a5/ozone-metadata/datanode-1/ozone-metadata/datanode.id
2025-09-13 17:31:18,905 [ForkJoinPool-1-worker-1] INFO  impl.FilePerChunkStrategy (FilePerChunkStrategy.java:<init>(79)) - ozone.chunk.read.mapped.buffer.max.count is load with 0
2025-09-13 17:31:18,906 [ForkJoinPool-1-worker-1] INFO  impl.FilePerBlockStrategy (FilePerBlockStrategy.java:<init>(88)) - ozone.chunk.read.mapped.buffer.max.count is load with 0
2025-09-13 17:31:18,907 [ForkJoinPool-1-worker-1] INFO  server.RaftServerConfigKeys (ConfUtils.java:logGet(62)) - raft.server.log.appender.buffer.byte-limit = 33554432 (custom)
2025-09-13 17:31:18,909 [ForkJoinPool-1-worker-1] INFO  grpc.GrpcConfigKeys (ConfUtils.java:logFallback(69)) - raft.grpc.admin.host = null (fallback to raft.grpc.server.host)
2025-09-13 17:31:18,909 [ForkJoinPool-1-worker-1] INFO  grpc.GrpcConfigKeys (ConfUtils.java:logGet(62)) - raft.grpc.admin.port = 15022 (custom)
2025-09-13 17:31:18,909 [ForkJoinPool-1-worker-1] INFO  grpc.GrpcConfigKeys (ConfUtils.java:logFallback(69)) - raft.grpc.client.host = null (fallback to raft.grpc.server.host)
2025-09-13 17:31:18,909 [ForkJoinPool-1-worker-1] INFO  grpc.GrpcConfigKeys (ConfUtils.java:logGet(62)) - raft.grpc.client.port = 15021 (custom)
2025-09-13 17:31:18,909 [ForkJoinPool-1-worker-1] INFO  grpc.GrpcConfigKeys (ConfUtils.java:logGet(62)) - raft.grpc.server.port = 15023 (custom)
2025-09-13 17:31:18,910 [ForkJoinPool-1-worker-1] INFO  server.GrpcServicesImpl (ConfUtils.java:logGet(62)) - raft.grpc.message.size.max = 34603008 (custom)
2025-09-13 17:31:18,910 [ForkJoinPool-1-worker-1] INFO  server.GrpcServicesImpl (ConfUtils.java:logGet(62)) - raft.grpc.flow.control.window = 5MB (=5242880) (custom)
2025-09-13 17:31:18,910 [ForkJoinPool-1-worker-1] INFO  server.RaftServerConfigKeys (ConfUtils.java:logGet(62)) - raft.server.log.appender.buffer.byte-limit = 33554432 (custom)
2025-09-13 17:31:18,912 [ForkJoinPool-1-worker-1] INFO  netty.NettyUtils (NettyUtils.java:newEventLoopGroup(74)) - Create EpollEventLoopGroup for 9e23e878-9bb3-42b5-8b94-e0e229812e65-NettyServerStreamRpc-bossGroup; Thread size is 0.
2025-09-13 17:31:18,912 [ForkJoinPool-1-worker-1] INFO  netty.NettyUtils (NettyUtils.java:newEventLoopGroup(74)) - Create EpollEventLoopGroup for 9e23e878-9bb3-42b5-8b94-e0e229812e65-NettyServerStreamRpc-workerGroup; Thread size is 0.
2025-09-13 17:31:18,913 [ForkJoinPool-1-worker-1] INFO  netty.NettyConfigKeys$DataStream (ConfUtils.java:logGet(62)) - raft.netty.dataStream.port = 15024 (custom)
2025-09-13 17:31:18,913 [ForkJoinPool-1-worker-1] INFO  server.RaftServerConfigKeys (ConfUtils.java:logGet(62)) - raft.server.storage.dir = [/home/runner/work/ozone/ozone/hadoop-ozone/integration-test/target/test-dir/MiniOzoneClusterImpl-1331a795-ed08-415d-924a-7661a5cf51a5/ozone-metadata/datanode-2/ratis] (custom)
2025-09-13 17:31:18,914 [9e23e878-9bb3-42b5-8b94-e0e229812e65-NettyServerStreamRpc-bossGroup--thread1] INFO  logging.LoggingHandler (AbstractInternalLogger.java:log(148)) - [id: 0x9f620686] REGISTERED
2025-09-13 17:31:18,914 [9e23e878-9bb3-42b5-8b94-e0e229812e65-NettyServerStreamRpc-bossGroup--thread1] INFO  logging.LoggingHandler (AbstractInternalLogger.java:log(148)) - [id: 0x9f620686] BIND: 0.0.0.0/0.0.0.0:15024
2025-09-13 17:31:18,914 [9e23e878-9bb3-42b5-8b94-e0e229812e65-impl-thread1] INFO  server.RaftServer (RaftServerProxy.java:initGroupDir(270)) - 9e23e878-9bb3-42b5-8b94-e0e229812e65: found a subdirectory /home/runner/work/ozone/ozone/hadoop-ozone/integration-test/target/test-dir/MiniOzoneClusterImpl-1331a795-ed08-415d-924a-7661a5cf51a5/ozone-metadata/datanode-2/ratis/tmp
2025-09-13 17:31:18,914 [9e23e878-9bb3-42b5-8b94-e0e229812e65-impl-thread1] INFO  server.RaftServer (RaftServerProxy.java:initGroupDir(275)) - 9e23e878-9bb3-42b5-8b94-e0e229812e65: The directory /home/runner/work/ozone/ozone/hadoop-ozone/integration-test/target/test-dir/MiniOzoneClusterImpl-1331a795-ed08-415d-924a-7661a5cf51a5/ozone-metadata/datanode-2/ratis/tmp is not a group directory; ignoring it. 
2025-09-13 17:31:18,914 [9e23e878-9bb3-42b5-8b94-e0e229812e65-NettyServerStreamRpc-bossGroup--thread1] INFO  logging.LoggingHandler (AbstractInternalLogger.java:log(148)) - [id: 0x9f620686, L:/0.0.0.0:15024] ACTIVE
2025-09-13 17:31:18,914 [ForkJoinPool-1-worker-1] INFO  replication.ReplicationServer (ReplicationServer.java:<init>(84)) - Initializing replication server with thread count = 10 queue length = 4096
2025-09-13 17:31:18,915 [ForkJoinPool-1-worker-1] INFO  server.XceiverServerGrpc (XceiverServerGrpc.java:<init>(130)) - GrpcServer channel type EpollServerSocketChannel
2025-09-13 17:31:18,918 [ForkJoinPool-1-worker-1] INFO  replication.ReplicationSupervisor (ReplicationSupervisor.java:build(169)) - Initializing replication supervisor with thread count = 10
2025-09-13 17:31:18,918 [ForkJoinPool-1-worker-1] INFO  replication.ReplicationSupervisor (ReplicationSupervisor.java:nodeStateUpdated(358)) - Node state updated to IN_SERVICE, scaling executor pool size to 10
2025-09-13 17:31:18,921 [ForkJoinPool-1-worker-1] INFO  http.BaseHttpServer (BaseHttpServer.java:newHttpServer2BuilderForOzone(227)) - Starting Web-server for hddsDatanode at: http://0.0.0.0:15018
2025-09-13 17:31:18,921 [ForkJoinPool-1-worker-1] INFO  http.BaseHttpServer (BaseHttpServer.java:<init>(105)) - Hadoop Security Enabled: false Ozone Security Enabled: false Ozone HTTP Security Enabled: false 
2025-09-13 17:31:18,923 [ForkJoinPool-1-worker-1] WARN  server.AuthenticationFilter (AuthenticationFilter.java:constructSecretProvider(240)) - Unable to initialize FileSignerSecretProvider, falling back to use random secrets. Reason: Could not read signature secret file: /home/runner/hadoop-http-auth-signature-secret
2025-09-13 17:31:18,925 [ForkJoinPool-1-worker-1] INFO  http.HttpServer2 (HttpServer2.java:addGlobalFilter(1041)) - Added global filter 'safety' (class=org.apache.hadoop.hdds.server.http.HttpServer2$QuotingInputFilter)
2025-09-13 17:31:18,927 [ForkJoinPool-1-worker-1] INFO  http.HttpServer2 (HttpServer2.java:addFilter(1017)) - Added filter static_user_filter (class=org.apache.hadoop.http.lib.StaticUserWebFilter$StaticUserFilter) to context hddsDatanode
2025-09-13 17:31:18,927 [ForkJoinPool-1-worker-1] INFO  http.HttpServer2 (HttpServer2.java:addFilter(1025)) - Added filter static_user_filter (class=org.apache.hadoop.http.lib.StaticUserWebFilter$StaticUserFilter) to context logs
2025-09-13 17:31:18,927 [ForkJoinPool-1-worker-1] INFO  http.HttpServer2 (HttpServer2.java:addFilter(1025)) - Added filter static_user_filter (class=org.apache.hadoop.http.lib.StaticUserWebFilter$StaticUserFilter) to context static
2025-09-13 17:31:18,927 [ForkJoinPool-1-worker-1] INFO  http.BaseHttpServer (BaseHttpServer.java:<init>(193)) - HTTP server of hddsDatanode uses base directory /home/runner/work/ozone/ozone/hadoop-ozone/integration-test/target/test-dir/MiniOzoneClusterImpl-1331a795-ed08-415d-924a-7661a5cf51a5/scm/ozone-metadata/webserver
2025-09-13 17:31:18,928 [ForkJoinPool-1-worker-1] INFO  http.HttpServer2 (HttpServer2.java:bindListener(1241)) - Jetty bound to port 15018
2025-09-13 17:31:18,928 [ForkJoinPool-1-worker-1] INFO  server.Server (Server.java:doStart(375)) - jetty-9.4.58.v20250814; built: 2025-08-14T02:28:49.637Z; git: 8f1440587e9e4ae7db3d74cf205643f3d707148d; jvm 21.0.8+9-LTS
2025-09-13 17:31:18,936 [ForkJoinPool-1-worker-1] INFO  server.session (DefaultSessionIdManager.java:doStart(334)) - DefaultSessionIdManager workerName=node0
2025-09-13 17:31:18,936 [ForkJoinPool-1-worker-1] INFO  server.session (DefaultSessionIdManager.java:doStart(339)) - No SessionScavenger set, using defaults
2025-09-13 17:31:18,936 [ForkJoinPool-1-worker-1] INFO  server.session (HouseKeeper.java:startScavenging(132)) - node0 Scavenging every 660000ms
2025-09-13 17:31:18,937 [ForkJoinPool-1-worker-1] INFO  handler.ContextHandler (ContextHandler.java:doStart(921)) - Started o.e.j.s.ServletContextHandler@3c081278{logs,/logs,file:///home/runner/work/ozone/ozone/hadoop-ozone/integration-test/target/log,AVAILABLE}
2025-09-13 17:31:18,938 [ForkJoinPool-1-worker-1] INFO  handler.ContextHandler (ContextHandler.java:doStart(921)) - Started o.e.j.s.ServletContextHandler@69a882ed{static,/static,jar:file:/home/runner/work/ozone/ozone/hadoop-hdds/container-service/target/hdds-container-service-2.1.0-SNAPSHOT.jar!/webapps/static,AVAILABLE}
2025-09-13 17:31:19,090 [ForkJoinPool-1-worker-1] INFO  handler.ContextHandler (ContextHandler.java:doStart(921)) - Started o.e.j.w.WebAppContext@6dfd8b79{hddsDatanode,/,file:///home/runner/work/ozone/ozone/hadoop-ozone/integration-test/target/test-dir/MiniOzoneClusterImpl-1331a795-ed08-415d-924a-7661a5cf51a5/scm/ozone-metadata/webserver/jetty-0_0_0_0-15018-hdds-container-service-2_1_0-SNAPSHOT_jar-_-any-3714384611295807072/webapp/,AVAILABLE}{jar:file:/home/runner/work/ozone/ozone/hadoop-hdds/container-service/target/hdds-container-service-2.1.0-SNAPSHOT.jar!/webapps/hddsDatanode}
2025-09-13 17:31:19,090 [ForkJoinPool-1-worker-1] INFO  server.AbstractConnector (AbstractConnector.java:doStart(333)) - Started ServerConnector@1f89878{HTTP/1.1, (http/1.1)}{0.0.0.0:15018}
2025-09-13 17:31:19,090 [ForkJoinPool-1-worker-1] INFO  server.Server (Server.java:doStart(415)) - Started @11675ms
2025-09-13 17:31:19,091 [ForkJoinPool-1-worker-1] WARN  impl.MetricsSystemImpl (MetricsSystemImpl.java:register(279)) - Sink prometheus already exists!
2025-09-13 17:31:19,091 [ForkJoinPool-1-worker-1] INFO  http.BaseHttpServer (BaseHttpServer.java:updateConnectorAddress(357)) - HTTP server of hddsDatanode listening at http://localhost:15018
2025-09-13 17:31:19,091 [ForkJoinPool-1-worker-1] INFO  ipc.CallQueueManager (CallQueueManager.java:<init>(93)) - Using callQueue: class java.util.concurrent.LinkedBlockingQueue, queueCapacity: 1000, scheduler: class org.apache.hadoop.ipc.DefaultRpcScheduler, ipcBackoff: false, ipcFailOver: false.
2025-09-13 17:31:19,092 [ForkJoinPool-1-worker-1] INFO  ipc.Server (Server.java:<init>(1438)) - Listener at 0.0.0.0:15019
2025-09-13 17:31:19,092 [Socket Reader #1 for port 15019] INFO  ipc.Server (Server.java:run(1474)) - Starting Socket Reader #1 for port 15019
2025-09-13 17:31:19,092 [Socket Reader #2 for port 15019] INFO  ipc.Server (Server.java:run(1474)) - Starting Socket Reader #2 for port 15019
2025-09-13 17:31:19,092 [Socket Reader #3 for port 15019] INFO  ipc.Server (Server.java:run(1474)) - Starting Socket Reader #3 for port 15019
2025-09-13 17:31:19,093 [Socket Reader #4 for port 15019] INFO  ipc.Server (Server.java:run(1474)) - Starting Socket Reader #4 for port 15019
2025-09-13 17:31:19,093 [Socket Reader #5 for port 15019] INFO  ipc.Server (Server.java:run(1474)) - Starting Socket Reader #5 for port 15019
2025-09-13 17:31:19,093 [Socket Reader #6 for port 15019] INFO  ipc.Server (Server.java:run(1474)) - Starting Socket Reader #6 for port 15019
2025-09-13 17:31:19,093 [Socket Reader #7 for port 15019] INFO  ipc.Server (Server.java:run(1474)) - Starting Socket Reader #7 for port 15019
2025-09-13 17:31:19,093 [Socket Reader #8 for port 15019] INFO  ipc.Server (Server.java:run(1474)) - Starting Socket Reader #8 for port 15019
2025-09-13 17:31:19,093 [Socket Reader #9 for port 15019] INFO  ipc.Server (Server.java:run(1474)) - Starting Socket Reader #9 for port 15019
2025-09-13 17:31:19,094 [Socket Reader #10 for port 15019] INFO  ipc.Server (Server.java:run(1474)) - Starting Socket Reader #10 for port 15019
2025-09-13 17:31:19,096 [ForkJoinPool-1-worker-1] INFO  ozone.HddsDatanodeService (HddsDatanodeService.java:start(333)) - Datanode start with admins: [admin, runner]
2025-09-13 17:31:19,096 [ForkJoinPool-1-worker-1] INFO  ozone.HddsDatanodeClientProtocolServer (HddsDatanodeClientProtocolServer.java:start(76)) - RPC server for Client /0.0.0.0:15019
2025-09-13 17:31:19,096 [IPC Server Responder] INFO  ipc.Server (Server.java:run(1713)) - IPC Server Responder: starting
2025-09-13 17:31:19,096 [IPC Server listener on 15019] INFO  ipc.Server (Server.java:run(1553)) - IPC Server listener on 15019: starting
2025-09-13 17:31:19,098 [ForkJoinPool-1-worker-1] WARN  dropwizard3.Dm3MetricRegistriesImpl (Dm3MetricRegistriesImpl.java:addReporterRegistration(114)) - New reporters are added after registries were created. Some metrics will be missing from the reporter. Please add reporter before adding any new registry.
2025-09-13 17:31:19,098 [ForkJoinPool-1-worker-1] WARN  dropwizard3.Dm3MetricRegistriesImpl (Dm3MetricRegistriesImpl.java:addReporterRegistration(114)) - New reporters are added after registries were created. Some metrics will be missing from the reporter. Please add reporter before adding any new registry.
2025-09-13 17:31:19,099 [ForkJoinPool-1-worker-1] INFO  impl.MetricsSystemImpl (MetricsSystemImpl.java:init(158)) - HddsDatanode metrics system started (again)
2025-09-13 17:31:19,100 [9e23e878-9bb3-42b5-8b94-e0e229812e65-DatanodeStateMachineDaemonThread] INFO  statemachine.DatanodeStateMachine (DatanodeStateMachine.java:startStateMachineThread(363)) - Ozone container server started.
2025-09-13 17:31:19,105 [9e23e878-9bb3-42b5-8b94-e0e229812e65-DatanodeStateMachineTaskThread-0] INFO  datanode.InitDatanodeState (InitDatanodeState.java:persistContainerDatanodeDetails(139)) - DatanodeDetails is persisted to /home/runner/work/ozone/ozone/hadoop-ozone/integration-test/target/test-dir/MiniOzoneClusterImpl-1331a795-ed08-415d-924a-7661a5cf51a5/ozone-metadata/datanode-2/ozone-metadata/datanode.id
2025-09-13 17:31:19,117 [ForkJoinPool-1-worker-1] INFO  protocol.DatanodeDetails (DatanodeDetails.java:validateDatanodeIpAddress(199)) - Updating IP address of datanode 13facd30-3950-4310-8b1a-93d004abbbdd(localhost/null) to 127.0.0.1
2025-09-13 17:31:19,117 [ForkJoinPool-1-worker-1] INFO  ozone.HddsDatanodeService (HddsDatanodeService.java:start(236)) - HddsDatanodeService 13facd30-3950-4310-8b1a-93d004abbbdd(localhost/127.0.0.1)
2025-09-13 17:31:19,120 [ForkJoinPool-1-worker-1] INFO  upgrade.AbstractLayoutVersionManager (AbstractLayoutVersionManager.java:init(80)) - Initializing Layout version manager with metadata layout = WITNESSED_CONTAINER_DB_PROTO_VALUE (version = 9), software layout = WITNESSED_CONTAINER_DB_PROTO_VALUE (version = 9)
2025-09-13 17:31:19,121 [ForkJoinPool-1-worker-1] INFO  statemachine.DatanodeStateMachine (DatanodeStateMachine.java:getEndPointTaskThreadPoolSize(321)) - Datanode State Machine Task Thread Pool size 2
2025-09-13 17:31:19,124 [ForkJoinPool-1-worker-1] INFO  volume.HddsVolume (HddsVolume.java:<init>(162)) - HddsVolume: { id=DS-a359c300-00d5-462a-9987-f74aa7a8462a dir=/home/runner/work/ozone/ozone/hadoop-ozone/integration-test/target/test-dir/MiniOzoneClusterImpl-1331a795-ed08-415d-924a-7661a5cf51a5/ozone-metadata/datanode-3/data-0/hdds type=DISK capacity=9222449699674390527 used=0 available=9222449699674390527 minFree=9222450130714624 committed=0 }
2025-09-13 17:31:19,124 [ForkJoinPool-1-worker-1] INFO  volume.MutableVolumeSet (MutableVolumeSet.java:initializeVolumeSet(175)) - Added Volume : /home/runner/work/ozone/ozone/hadoop-ozone/integration-test/target/test-dir/MiniOzoneClusterImpl-1331a795-ed08-415d-924a-7661a5cf51a5/ozone-metadata/datanode-3/data-0/hdds to VolumeSet
2025-09-13 17:31:19,126 [ForkJoinPool-1-worker-1] INFO  volume.MutableVolumeSet (MutableVolumeSet.java:initializeVolumeSet(175)) - Added Volume : /home/runner/work/ozone/ozone/hadoop-ozone/integration-test/target/test-dir/MiniOzoneClusterImpl-1331a795-ed08-415d-924a-7661a5cf51a5/ozone-metadata/datanode-3/ratis to VolumeSet
2025-09-13 17:31:19,127 [ForkJoinPool-1-worker-1] INFO  ozoneimpl.OzoneContainer (HddsVolumeUtil.java:loadAllHddsVolumeDbStore(102)) - Load 1 volumes DbStore cost: 0ms
2025-09-13 17:31:19,127 [ForkJoinPool-1-worker-1] WARN  db.DBStoreBuilder (DBStoreBuilder.java:getDBDirPath(158)) - ozone.scm.datanode.id.dir is not configured. We recommend adding this setting. Falling back to ozone.metadata.dirs instead.
2025-09-13 17:31:19,128 [ForkJoinPool-1-worker-1] WARN  db.DBStoreBuilder (DBStoreBuilder.java:getDBDirPath(158)) - ozone.scm.datanode.id.dir is not configured. We recommend adding this setting. Falling back to ozone.metadata.dirs instead.
2025-09-13 17:31:19,144 [ForkJoinPool-1-worker-1] INFO  impl.FilePerChunkStrategy (FilePerChunkStrategy.java:<init>(79)) - ozone.chunk.read.mapped.buffer.max.count is load with 0
2025-09-13 17:31:19,144 [ForkJoinPool-1-worker-1] INFO  impl.FilePerBlockStrategy (FilePerBlockStrategy.java:<init>(88)) - ozone.chunk.read.mapped.buffer.max.count is load with 0
2025-09-13 17:31:19,145 [ForkJoinPool-1-worker-1] INFO  server.RaftServerConfigKeys (ConfUtils.java:logGet(62)) - raft.server.log.appender.buffer.byte-limit = 33554432 (custom)
2025-09-13 17:31:19,147 [ForkJoinPool-1-worker-1] INFO  grpc.GrpcConfigKeys (ConfUtils.java:logFallback(69)) - raft.grpc.admin.host = null (fallback to raft.grpc.server.host)
2025-09-13 17:31:19,147 [ForkJoinPool-1-worker-1] INFO  grpc.GrpcConfigKeys (ConfUtils.java:logGet(62)) - raft.grpc.admin.port = 15030 (custom)
2025-09-13 17:31:19,147 [ForkJoinPool-1-worker-1] INFO  grpc.GrpcConfigKeys (ConfUtils.java:logFallback(69)) - raft.grpc.client.host = null (fallback to raft.grpc.server.host)
2025-09-13 17:31:19,147 [ForkJoinPool-1-worker-1] INFO  grpc.GrpcConfigKeys (ConfUtils.java:logGet(62)) - raft.grpc.client.port = 15029 (custom)
2025-09-13 17:31:19,147 [ForkJoinPool-1-worker-1] INFO  grpc.GrpcConfigKeys (ConfUtils.java:logGet(62)) - raft.grpc.server.port = 15031 (custom)
2025-09-13 17:31:19,148 [ForkJoinPool-1-worker-1] INFO  server.GrpcServicesImpl (ConfUtils.java:logGet(62)) - raft.grpc.message.size.max = 34603008 (custom)
2025-09-13 17:31:19,148 [ForkJoinPool-1-worker-1] INFO  server.GrpcServicesImpl (ConfUtils.java:logGet(62)) - raft.grpc.flow.control.window = 5MB (=5242880) (custom)
2025-09-13 17:31:19,148 [ForkJoinPool-1-worker-1] INFO  server.RaftServerConfigKeys (ConfUtils.java:logGet(62)) - raft.server.log.appender.buffer.byte-limit = 33554432 (custom)
2025-09-13 17:31:19,150 [ForkJoinPool-1-worker-1] INFO  netty.NettyUtils (NettyUtils.java:newEventLoopGroup(74)) - Create EpollEventLoopGroup for 13facd30-3950-4310-8b1a-93d004abbbdd-NettyServerStreamRpc-bossGroup; Thread size is 0.
2025-09-13 17:31:19,150 [ForkJoinPool-1-worker-1] INFO  netty.NettyUtils (NettyUtils.java:newEventLoopGroup(74)) - Create EpollEventLoopGroup for 13facd30-3950-4310-8b1a-93d004abbbdd-NettyServerStreamRpc-workerGroup; Thread size is 0.
2025-09-13 17:31:19,151 [ForkJoinPool-1-worker-1] INFO  netty.NettyConfigKeys$DataStream (ConfUtils.java:logGet(62)) - raft.netty.dataStream.port = 15032 (custom)
2025-09-13 17:31:19,151 [ForkJoinPool-1-worker-1] INFO  server.RaftServerConfigKeys (ConfUtils.java:logGet(62)) - raft.server.storage.dir = [/home/runner/work/ozone/ozone/hadoop-ozone/integration-test/target/test-dir/MiniOzoneClusterImpl-1331a795-ed08-415d-924a-7661a5cf51a5/ozone-metadata/datanode-3/ratis] (custom)
2025-09-13 17:31:19,152 [13facd30-3950-4310-8b1a-93d004abbbdd-NettyServerStreamRpc-bossGroup--thread1] INFO  logging.LoggingHandler (AbstractInternalLogger.java:log(148)) - [id: 0x0bdde5ec] REGISTERED
2025-09-13 17:31:19,152 [13facd30-3950-4310-8b1a-93d004abbbdd-NettyServerStreamRpc-bossGroup--thread1] INFO  logging.LoggingHandler (AbstractInternalLogger.java:log(148)) - [id: 0x0bdde5ec] BIND: 0.0.0.0/0.0.0.0:15032
2025-09-13 17:31:19,152 [13facd30-3950-4310-8b1a-93d004abbbdd-impl-thread1] INFO  server.RaftServer (RaftServerProxy.java:initGroupDir(270)) - 13facd30-3950-4310-8b1a-93d004abbbdd: found a subdirectory /home/runner/work/ozone/ozone/hadoop-ozone/integration-test/target/test-dir/MiniOzoneClusterImpl-1331a795-ed08-415d-924a-7661a5cf51a5/ozone-metadata/datanode-3/ratis/tmp
2025-09-13 17:31:19,152 [13facd30-3950-4310-8b1a-93d004abbbdd-NettyServerStreamRpc-bossGroup--thread1] INFO  logging.LoggingHandler (AbstractInternalLogger.java:log(148)) - [id: 0x0bdde5ec, L:/0.0.0.0:15032] ACTIVE
2025-09-13 17:31:19,152 [13facd30-3950-4310-8b1a-93d004abbbdd-impl-thread1] INFO  server.RaftServer (RaftServerProxy.java:initGroupDir(275)) - 13facd30-3950-4310-8b1a-93d004abbbdd: The directory /home/runner/work/ozone/ozone/hadoop-ozone/integration-test/target/test-dir/MiniOzoneClusterImpl-1331a795-ed08-415d-924a-7661a5cf51a5/ozone-metadata/datanode-3/ratis/tmp is not a group directory; ignoring it. 
2025-09-13 17:31:19,152 [ForkJoinPool-1-worker-1] INFO  replication.ReplicationServer (ReplicationServer.java:<init>(84)) - Initializing replication server with thread count = 10 queue length = 4096
2025-09-13 17:31:19,154 [ForkJoinPool-1-worker-1] INFO  server.XceiverServerGrpc (XceiverServerGrpc.java:<init>(130)) - GrpcServer channel type EpollServerSocketChannel
2025-09-13 17:31:19,155 [ForkJoinPool-1-worker-1] INFO  replication.ReplicationSupervisor (ReplicationSupervisor.java:build(169)) - Initializing replication supervisor with thread count = 10
2025-09-13 17:31:19,155 [ForkJoinPool-1-worker-1] INFO  replication.ReplicationSupervisor (ReplicationSupervisor.java:nodeStateUpdated(358)) - Node state updated to IN_SERVICE, scaling executor pool size to 10
2025-09-13 17:31:19,159 [ForkJoinPool-1-worker-1] INFO  http.BaseHttpServer (BaseHttpServer.java:newHttpServer2BuilderForOzone(227)) - Starting Web-server for hddsDatanode at: http://0.0.0.0:15026
2025-09-13 17:31:19,159 [ForkJoinPool-1-worker-1] INFO  http.BaseHttpServer (BaseHttpServer.java:<init>(105)) - Hadoop Security Enabled: false Ozone Security Enabled: false Ozone HTTP Security Enabled: false 
2025-09-13 17:31:19,161 [ForkJoinPool-1-worker-1] WARN  server.AuthenticationFilter (AuthenticationFilter.java:constructSecretProvider(240)) - Unable to initialize FileSignerSecretProvider, falling back to use random secrets. Reason: Could not read signature secret file: /home/runner/hadoop-http-auth-signature-secret
2025-09-13 17:31:19,164 [ForkJoinPool-1-worker-1] INFO  http.HttpServer2 (HttpServer2.java:addGlobalFilter(1041)) - Added global filter 'safety' (class=org.apache.hadoop.hdds.server.http.HttpServer2$QuotingInputFilter)
2025-09-13 17:31:19,166 [ForkJoinPool-1-worker-1] INFO  http.HttpServer2 (HttpServer2.java:addFilter(1017)) - Added filter static_user_filter (class=org.apache.hadoop.http.lib.StaticUserWebFilter$StaticUserFilter) to context hddsDatanode
2025-09-13 17:31:19,166 [ForkJoinPool-1-worker-1] INFO  http.HttpServer2 (HttpServer2.java:addFilter(1025)) - Added filter static_user_filter (class=org.apache.hadoop.http.lib.StaticUserWebFilter$StaticUserFilter) to context logs
2025-09-13 17:31:19,166 [ForkJoinPool-1-worker-1] INFO  http.HttpServer2 (HttpServer2.java:addFilter(1025)) - Added filter static_user_filter (class=org.apache.hadoop.http.lib.StaticUserWebFilter$StaticUserFilter) to context static
2025-09-13 17:31:19,166 [ForkJoinPool-1-worker-1] INFO  http.BaseHttpServer (BaseHttpServer.java:<init>(193)) - HTTP server of hddsDatanode uses base directory /home/runner/work/ozone/ozone/hadoop-ozone/integration-test/target/test-dir/MiniOzoneClusterImpl-1331a795-ed08-415d-924a-7661a5cf51a5/scm/ozone-metadata/webserver
2025-09-13 17:31:19,167 [ForkJoinPool-1-worker-1] INFO  http.HttpServer2 (HttpServer2.java:bindListener(1241)) - Jetty bound to port 15026
2025-09-13 17:31:19,167 [ForkJoinPool-1-worker-1] INFO  server.Server (Server.java:doStart(375)) - jetty-9.4.58.v20250814; built: 2025-08-14T02:28:49.637Z; git: 8f1440587e9e4ae7db3d74cf205643f3d707148d; jvm 21.0.8+9-LTS
2025-09-13 17:31:19,168 [ForkJoinPool-1-worker-1] INFO  server.session (DefaultSessionIdManager.java:doStart(334)) - DefaultSessionIdManager workerName=node0
2025-09-13 17:31:19,168 [ForkJoinPool-1-worker-1] INFO  server.session (DefaultSessionIdManager.java:doStart(339)) - No SessionScavenger set, using defaults
2025-09-13 17:31:19,169 [ForkJoinPool-1-worker-1] INFO  server.session (HouseKeeper.java:startScavenging(132)) - node0 Scavenging every 600000ms
2025-09-13 17:31:19,169 [ForkJoinPool-1-worker-1] INFO  handler.ContextHandler (ContextHandler.java:doStart(921)) - Started o.e.j.s.ServletContextHandler@e82ef23{logs,/logs,file:///home/runner/work/ozone/ozone/hadoop-ozone/integration-test/target/log,AVAILABLE}
2025-09-13 17:31:19,170 [ForkJoinPool-1-worker-1] INFO  handler.ContextHandler (ContextHandler.java:doStart(921)) - Started o.e.j.s.ServletContextHandler@48be72f9{static,/static,jar:file:/home/runner/work/ozone/ozone/hadoop-hdds/container-service/target/hdds-container-service-2.1.0-SNAPSHOT.jar!/webapps/static,AVAILABLE}
2025-09-13 17:31:19,233 [om1@group-C5BA1605619E-FollowerState] INFO  impl.FollowerState (FollowerState.java:runImpl(161)) - om1@group-C5BA1605619E-FollowerState: change to CANDIDATE, lastRpcElapsedTime:1063464994ns, electionTimeout:1062ms
2025-09-13 17:31:19,233 [om1@group-C5BA1605619E-FollowerState] INFO  impl.RoleInfo (RoleInfo.java:shutdownFollowerState(121)) - om1: shutdown om1@group-C5BA1605619E-FollowerState
2025-09-13 17:31:19,233 [om1@group-C5BA1605619E-FollowerState] INFO  server.RaftServer$Division (RaftServerImpl.java:setRole(392)) - om1@group-C5BA1605619E: changes role from  FOLLOWER to CANDIDATE at term 0 for changeToCandidate
2025-09-13 17:31:19,233 [om1@group-C5BA1605619E-FollowerState] INFO  impl.RoleInfo (RoleInfo.java:updateAndGet(148)) - om1: start om1@group-C5BA1605619E-LeaderElection3
2025-09-13 17:31:19,234 [om1@group-C5BA1605619E-LeaderElection3] INFO  impl.LeaderElection (LeaderElection.java:askForVotes(448)) - om1@group-C5BA1605619E-LeaderElection3 PRE_VOTE round 0: submit vote requests at term 0 for conf: {index: -1, cur=peers:[om1|localhost:15009]|listeners:[], old=null}
2025-09-13 17:31:19,235 [om1@group-C5BA1605619E-LeaderElection3] INFO  impl.LeaderElection (LeaderElection.java:askForVotes(450)) - om1@group-C5BA1605619E-LeaderElection3 PRE_VOTE round 0: result PASSED (term=0)
2025-09-13 17:31:19,237 [om1@group-C5BA1605619E-LeaderElection3] INFO  impl.LeaderElection (LeaderElection.java:askForVotes(448)) - om1@group-C5BA1605619E-LeaderElection3 ELECTION round 0: submit vote requests at term 1 for conf: {index: -1, cur=peers:[om1|localhost:15009]|listeners:[], old=null}
2025-09-13 17:31:19,237 [om1@group-C5BA1605619E-LeaderElection3] INFO  impl.LeaderElection (LeaderElection.java:askForVotes(450)) - om1@group-C5BA1605619E-LeaderElection3 ELECTION round 0: result PASSED (term=1)
2025-09-13 17:31:19,237 [om1@group-C5BA1605619E-LeaderElection3] INFO  impl.RoleInfo (RoleInfo.java:shutdownLeaderElection(141)) - om1: shutdown om1@group-C5BA1605619E-LeaderElection3
2025-09-13 17:31:19,237 [om1@group-C5BA1605619E-LeaderElection3] INFO  server.RaftServer$Division (RaftServerImpl.java:setRole(392)) - om1@group-C5BA1605619E: changes role from CANDIDATE to LEADER at term 1 for changeToLeader
2025-09-13 17:31:19,237 [om1@group-C5BA1605619E-LeaderElection3] INFO  server.RaftServerConfigKeys (ConfUtils.java:logFallback(69)) - raft.server.staging.timeout = 3600ms (fallback to raft.server.rpc.timeout.max)
2025-09-13 17:31:19,238 [om1@group-C5BA1605619E-LeaderElection3] INFO  server.RaftServerConfigKeys (ConfUtils.java:logGet(62)) - raft.server.write.byte-limit = 67108864 (custom)
2025-09-13 17:31:19,240 [om1@group-C5BA1605619E-LeaderElection3] INFO  impl.RoleInfo (RoleInfo.java:updateAndGet(148)) - om1: start om1@group-C5BA1605619E-LeaderStateImpl
2025-09-13 17:31:19,240 [om1@group-C5BA1605619E-LeaderElection3] INFO  server.RaftServer$Division (RaftServerImpl.java:setFirstElection(576)) - om1@group-C5BA1605619E: set firstElectionSinceStartup to false for becomeLeader
2025-09-13 17:31:19,242 [om1@group-C5BA1605619E-LeaderElection3] INFO  ratis.OzoneManagerStateMachine (OzoneManagerStateMachine.java:notifyLeaderChanged(174)) - om1@group-C5BA1605619E: leader changed to om1
2025-09-13 17:31:19,242 [om1@group-C5BA1605619E-LeaderElection3] INFO  server.RaftServer$Division (ServerState.java:setLeader(272)) - om1@group-C5BA1605619E: change Leader from null to om1 at term 1 for becomeLeader, leader elected after 2140ms
2025-09-13 17:31:19,242 [om1@group-C5BA1605619E-LeaderElection3] INFO  segmented.SegmentedRaftLogWorker (SegmentedRaftLogWorker.java:startLogSegment(440)) - om1@group-C5BA1605619E-SegmentedRaftLogWorker: Starting segment from index:0
2025-09-13 17:31:19,243 [om1@group-C5BA1605619E-LeaderElection3] INFO  server.RaftServer$Division (ServerState.java:setRaftConf(386)) - om1@group-C5BA1605619E: set configuration conf: {index: 0, cur=peers:[om1|localhost:15009]|listeners:[], old=null}
2025-09-13 17:31:19,244 [om1@group-C5BA1605619E-SegmentedRaftLogWorker] INFO  segmented.BufferedWriteChannel (BufferedWriteChannel.java:open(61)) - open log_inprogress_0 at position 0
2025-09-13 17:31:19,253 [om1@group-C5BA1605619E-SegmentedRaftLogWorker] INFO  segmented.SegmentedRaftLogWorker (SegmentedRaftLogWorker.java:execute(647)) - om1@group-C5BA1605619E-SegmentedRaftLogWorker: created new log segment /home/runner/work/ozone/ozone/hadoop-ozone/integration-test/target/test-dir/MiniOzoneClusterImpl-1331a795-ed08-415d-924a-7661a5cf51a5/om/ratis/bf265839-605b-3f16-9796-c5ba1605619e/current/log_inprogress_0
2025-09-13 17:31:19,257 [om1@group-C5BA1605619E-StateMachineUpdater] INFO  ratis.OzoneManagerStateMachine (OzoneManagerStateMachine.java:notifyConfigurationChanged(243)) - notifyConfigurationChanged from Ratis: term=1, index=0, New Peer list: om1(localhost:15009), New Listener list
2025-09-13 17:31:19,257 [om1@group-C5BA1605619E-StateMachineUpdater] INFO  server.RaftServer$Division (LeaderStateImpl.java:checkStartIndex(309)) - Leader om1@group-C5BA1605619E-LeaderStateImpl is ready since appliedIndex == startIndex == 0
2025-09-13 17:31:19,324 [ForkJoinPool-1-worker-1] INFO  handler.ContextHandler (ContextHandler.java:doStart(921)) - Started o.e.j.w.WebAppContext@2e1b1292{hddsDatanode,/,file:///home/runner/work/ozone/ozone/hadoop-ozone/integration-test/target/test-dir/MiniOzoneClusterImpl-1331a795-ed08-415d-924a-7661a5cf51a5/scm/ozone-metadata/webserver/jetty-0_0_0_0-15026-hdds-container-service-2_1_0-SNAPSHOT_jar-_-any-7130943237436197107/webapp/,AVAILABLE}{jar:file:/home/runner/work/ozone/ozone/hadoop-hdds/container-service/target/hdds-container-service-2.1.0-SNAPSHOT.jar!/webapps/hddsDatanode}
2025-09-13 17:31:19,325 [ForkJoinPool-1-worker-1] INFO  server.AbstractConnector (AbstractConnector.java:doStart(333)) - Started ServerConnector@ee22f3c{HTTP/1.1, (http/1.1)}{0.0.0.0:15026}
2025-09-13 17:31:19,325 [ForkJoinPool-1-worker-1] INFO  server.Server (Server.java:doStart(415)) - Started @11909ms
2025-09-13 17:31:19,325 [ForkJoinPool-1-worker-1] WARN  impl.MetricsSystemImpl (MetricsSystemImpl.java:register(279)) - Sink prometheus already exists!
2025-09-13 17:31:19,325 [ForkJoinPool-1-worker-1] INFO  http.BaseHttpServer (BaseHttpServer.java:updateConnectorAddress(357)) - HTTP server of hddsDatanode listening at http://localhost:15026
2025-09-13 17:31:19,326 [ForkJoinPool-1-worker-1] INFO  ipc.CallQueueManager (CallQueueManager.java:<init>(93)) - Using callQueue: class java.util.concurrent.LinkedBlockingQueue, queueCapacity: 1000, scheduler: class org.apache.hadoop.ipc.DefaultRpcScheduler, ipcBackoff: false, ipcFailOver: false.
2025-09-13 17:31:19,327 [ForkJoinPool-1-worker-1] INFO  ipc.Server (Server.java:<init>(1438)) - Listener at 0.0.0.0:15027
2025-09-13 17:31:19,327 [Socket Reader #1 for port 15027] INFO  ipc.Server (Server.java:run(1474)) - Starting Socket Reader #1 for port 15027
2025-09-13 17:31:19,327 [Socket Reader #2 for port 15027] INFO  ipc.Server (Server.java:run(1474)) - Starting Socket Reader #2 for port 15027
2025-09-13 17:31:19,327 [Socket Reader #3 for port 15027] INFO  ipc.Server (Server.java:run(1474)) - Starting Socket Reader #3 for port 15027
2025-09-13 17:31:19,328 [Socket Reader #4 for port 15027] INFO  ipc.Server (Server.java:run(1474)) - Starting Socket Reader #4 for port 15027
2025-09-13 17:31:19,328 [Socket Reader #5 for port 15027] INFO  ipc.Server (Server.java:run(1474)) - Starting Socket Reader #5 for port 15027
2025-09-13 17:31:19,329 [Socket Reader #6 for port 15027] INFO  ipc.Server (Server.java:run(1474)) - Starting Socket Reader #6 for port 15027
2025-09-13 17:31:19,329 [Socket Reader #7 for port 15027] INFO  ipc.Server (Server.java:run(1474)) - Starting Socket Reader #7 for port 15027
2025-09-13 17:31:19,330 [Socket Reader #8 for port 15027] INFO  ipc.Server (Server.java:run(1474)) - Starting Socket Reader #8 for port 15027
2025-09-13 17:31:19,330 [Socket Reader #9 for port 15027] INFO  ipc.Server (Server.java:run(1474)) - Starting Socket Reader #9 for port 15027
2025-09-13 17:31:19,330 [Socket Reader #10 for port 15027] INFO  ipc.Server (Server.java:run(1474)) - Starting Socket Reader #10 for port 15027
2025-09-13 17:31:19,333 [ForkJoinPool-1-worker-1] INFO  ozone.HddsDatanodeService (HddsDatanodeService.java:start(333)) - Datanode start with admins: [admin, runner]
2025-09-13 17:31:19,333 [ForkJoinPool-1-worker-1] INFO  ozone.HddsDatanodeClientProtocolServer (HddsDatanodeClientProtocolServer.java:start(76)) - RPC server for Client /0.0.0.0:15027
2025-09-13 17:31:19,334 [IPC Server Responder] INFO  ipc.Server (Server.java:run(1713)) - IPC Server Responder: starting
2025-09-13 17:31:19,334 [IPC Server listener on 15027] INFO  ipc.Server (Server.java:run(1553)) - IPC Server listener on 15027: starting
2025-09-13 17:31:19,336 [ForkJoinPool-1-worker-1] WARN  dropwizard3.Dm3MetricRegistriesImpl (Dm3MetricRegistriesImpl.java:addReporterRegistration(114)) - New reporters are added after registries were created. Some metrics will be missing from the reporter. Please add reporter before adding any new registry.
2025-09-13 17:31:19,336 [ForkJoinPool-1-worker-1] WARN  dropwizard3.Dm3MetricRegistriesImpl (Dm3MetricRegistriesImpl.java:addReporterRegistration(114)) - New reporters are added after registries were created. Some metrics will be missing from the reporter. Please add reporter before adding any new registry.
2025-09-13 17:31:19,336 [ForkJoinPool-1-worker-1] INFO  impl.MetricsSystemImpl (MetricsSystemImpl.java:init(158)) - HddsDatanode metrics system started (again)
2025-09-13 17:31:19,342 [13facd30-3950-4310-8b1a-93d004abbbdd-DatanodeStateMachineDaemonThread] INFO  statemachine.DatanodeStateMachine (DatanodeStateMachine.java:startStateMachineThread(363)) - Ozone container server started.
2025-09-13 17:31:19,352 [13facd30-3950-4310-8b1a-93d004abbbdd-DatanodeStateMachineTaskThread-0] INFO  datanode.InitDatanodeState (InitDatanodeState.java:persistContainerDatanodeDetails(139)) - DatanodeDetails is persisted to /home/runner/work/ozone/ozone/hadoop-ozone/integration-test/target/test-dir/MiniOzoneClusterImpl-1331a795-ed08-415d-924a-7661a5cf51a5/ozone-metadata/datanode-3/ozone-metadata/datanode.id
2025-09-13 17:31:19,359 [ForkJoinPool-1-worker-1] INFO  protocol.DatanodeDetails (DatanodeDetails.java:validateDatanodeIpAddress(199)) - Updating IP address of datanode beda0dcb-37da-4cca-bea2-e222cb1bc351(localhost/null) to 127.0.0.1
2025-09-13 17:31:19,360 [ForkJoinPool-1-worker-1] INFO  ozone.HddsDatanodeService (HddsDatanodeService.java:start(236)) - HddsDatanodeService beda0dcb-37da-4cca-bea2-e222cb1bc351(localhost/127.0.0.1)
2025-09-13 17:31:19,365 [ForkJoinPool-1-worker-1] INFO  upgrade.AbstractLayoutVersionManager (AbstractLayoutVersionManager.java:init(80)) - Initializing Layout version manager with metadata layout = WITNESSED_CONTAINER_DB_PROTO_VALUE (version = 9), software layout = WITNESSED_CONTAINER_DB_PROTO_VALUE (version = 9)
2025-09-13 17:31:19,366 [ForkJoinPool-1-worker-1] INFO  statemachine.DatanodeStateMachine (DatanodeStateMachine.java:getEndPointTaskThreadPoolSize(321)) - Datanode State Machine Task Thread Pool size 2
2025-09-13 17:31:19,371 [ForkJoinPool-1-worker-1] INFO  volume.HddsVolume (HddsVolume.java:<init>(162)) - HddsVolume: { id=DS-56572eb6-e512-4db6-9253-1cea4c19cd38 dir=/home/runner/work/ozone/ozone/hadoop-ozone/integration-test/target/test-dir/MiniOzoneClusterImpl-1331a795-ed08-415d-924a-7661a5cf51a5/ozone-metadata/datanode-4/data-0/hdds type=DISK capacity=9222449699674390527 used=0 available=9222449699674390527 minFree=9222450130714624 committed=0 }
2025-09-13 17:31:19,372 [ForkJoinPool-1-worker-1] INFO  volume.MutableVolumeSet (MutableVolumeSet.java:initializeVolumeSet(175)) - Added Volume : /home/runner/work/ozone/ozone/hadoop-ozone/integration-test/target/test-dir/MiniOzoneClusterImpl-1331a795-ed08-415d-924a-7661a5cf51a5/ozone-metadata/datanode-4/data-0/hdds to VolumeSet
2025-09-13 17:31:19,374 [ForkJoinPool-1-worker-1] INFO  volume.MutableVolumeSet (MutableVolumeSet.java:initializeVolumeSet(175)) - Added Volume : /home/runner/work/ozone/ozone/hadoop-ozone/integration-test/target/test-dir/MiniOzoneClusterImpl-1331a795-ed08-415d-924a-7661a5cf51a5/ozone-metadata/datanode-4/ratis to VolumeSet
2025-09-13 17:31:19,376 [ForkJoinPool-1-worker-1] INFO  ozoneimpl.OzoneContainer (HddsVolumeUtil.java:loadAllHddsVolumeDbStore(102)) - Load 1 volumes DbStore cost: 0ms
2025-09-13 17:31:19,377 [ForkJoinPool-1-worker-1] WARN  db.DBStoreBuilder (DBStoreBuilder.java:getDBDirPath(158)) - ozone.scm.datanode.id.dir is not configured. We recommend adding this setting. Falling back to ozone.metadata.dirs instead.
2025-09-13 17:31:19,379 [ForkJoinPool-1-worker-1] WARN  db.DBStoreBuilder (DBStoreBuilder.java:getDBDirPath(158)) - ozone.scm.datanode.id.dir is not configured. We recommend adding this setting. Falling back to ozone.metadata.dirs instead.
2025-09-13 17:31:19,402 [ForkJoinPool-1-worker-1] INFO  impl.FilePerChunkStrategy (FilePerChunkStrategy.java:<init>(79)) - ozone.chunk.read.mapped.buffer.max.count is load with 0
2025-09-13 17:31:19,402 [ForkJoinPool-1-worker-1] INFO  impl.FilePerBlockStrategy (FilePerBlockStrategy.java:<init>(88)) - ozone.chunk.read.mapped.buffer.max.count is load with 0
2025-09-13 17:31:19,404 [ForkJoinPool-1-worker-1] INFO  server.RaftServerConfigKeys (ConfUtils.java:logGet(62)) - raft.server.log.appender.buffer.byte-limit = 33554432 (custom)
2025-09-13 17:31:19,408 [ForkJoinPool-1-worker-1] INFO  grpc.GrpcConfigKeys (ConfUtils.java:logFallback(69)) - raft.grpc.admin.host = null (fallback to raft.grpc.server.host)
2025-09-13 17:31:19,408 [ForkJoinPool-1-worker-1] INFO  grpc.GrpcConfigKeys (ConfUtils.java:logGet(62)) - raft.grpc.admin.port = 15038 (custom)
2025-09-13 17:31:19,408 [ForkJoinPool-1-worker-1] INFO  grpc.GrpcConfigKeys (ConfUtils.java:logFallback(69)) - raft.grpc.client.host = null (fallback to raft.grpc.server.host)
2025-09-13 17:31:19,409 [ForkJoinPool-1-worker-1] INFO  grpc.GrpcConfigKeys (ConfUtils.java:logGet(62)) - raft.grpc.client.port = 15037 (custom)
2025-09-13 17:31:19,409 [ForkJoinPool-1-worker-1] INFO  grpc.GrpcConfigKeys (ConfUtils.java:logGet(62)) - raft.grpc.server.port = 15039 (custom)
2025-09-13 17:31:19,409 [ForkJoinPool-1-worker-1] INFO  server.GrpcServicesImpl (ConfUtils.java:logGet(62)) - raft.grpc.message.size.max = 34603008 (custom)
2025-09-13 17:31:19,410 [ForkJoinPool-1-worker-1] INFO  server.GrpcServicesImpl (ConfUtils.java:logGet(62)) - raft.grpc.flow.control.window = 5MB (=5242880) (custom)
2025-09-13 17:31:19,410 [ForkJoinPool-1-worker-1] INFO  server.RaftServerConfigKeys (ConfUtils.java:logGet(62)) - raft.server.log.appender.buffer.byte-limit = 33554432 (custom)
2025-09-13 17:31:19,413 [ForkJoinPool-1-worker-1] INFO  netty.NettyUtils (NettyUtils.java:newEventLoopGroup(74)) - Create EpollEventLoopGroup for beda0dcb-37da-4cca-bea2-e222cb1bc351-NettyServerStreamRpc-bossGroup; Thread size is 0.
2025-09-13 17:31:19,414 [ForkJoinPool-1-worker-1] INFO  netty.NettyUtils (NettyUtils.java:newEventLoopGroup(74)) - Create EpollEventLoopGroup for beda0dcb-37da-4cca-bea2-e222cb1bc351-NettyServerStreamRpc-workerGroup; Thread size is 0.
2025-09-13 17:31:19,414 [ForkJoinPool-1-worker-1] INFO  netty.NettyConfigKeys$DataStream (ConfUtils.java:logGet(62)) - raft.netty.dataStream.port = 15040 (custom)
2025-09-13 17:31:19,416 [beda0dcb-37da-4cca-bea2-e222cb1bc351-NettyServerStreamRpc-bossGroup--thread1] INFO  logging.LoggingHandler (AbstractInternalLogger.java:log(148)) - [id: 0xc12c1b20] REGISTERED
2025-09-13 17:31:19,416 [ForkJoinPool-1-worker-1] INFO  server.RaftServerConfigKeys (ConfUtils.java:logGet(62)) - raft.server.storage.dir = [/home/runner/work/ozone/ozone/hadoop-ozone/integration-test/target/test-dir/MiniOzoneClusterImpl-1331a795-ed08-415d-924a-7661a5cf51a5/ozone-metadata/datanode-4/ratis] (custom)
2025-09-13 17:31:19,416 [beda0dcb-37da-4cca-bea2-e222cb1bc351-NettyServerStreamRpc-bossGroup--thread1] INFO  logging.LoggingHandler (AbstractInternalLogger.java:log(148)) - [id: 0xc12c1b20] BIND: 0.0.0.0/0.0.0.0:15040
2025-09-13 17:31:19,416 [beda0dcb-37da-4cca-bea2-e222cb1bc351-NettyServerStreamRpc-bossGroup--thread1] INFO  logging.LoggingHandler (AbstractInternalLogger.java:log(148)) - [id: 0xc12c1b20, L:/0.0.0.0:15040] ACTIVE
2025-09-13 17:31:19,416 [beda0dcb-37da-4cca-bea2-e222cb1bc351-impl-thread1] INFO  server.RaftServer (RaftServerProxy.java:initGroupDir(270)) - beda0dcb-37da-4cca-bea2-e222cb1bc351: found a subdirectory /home/runner/work/ozone/ozone/hadoop-ozone/integration-test/target/test-dir/MiniOzoneClusterImpl-1331a795-ed08-415d-924a-7661a5cf51a5/ozone-metadata/datanode-4/ratis/tmp
2025-09-13 17:31:19,417 [beda0dcb-37da-4cca-bea2-e222cb1bc351-impl-thread1] INFO  server.RaftServer (RaftServerProxy.java:initGroupDir(275)) - beda0dcb-37da-4cca-bea2-e222cb1bc351: The directory /home/runner/work/ozone/ozone/hadoop-ozone/integration-test/target/test-dir/MiniOzoneClusterImpl-1331a795-ed08-415d-924a-7661a5cf51a5/ozone-metadata/datanode-4/ratis/tmp is not a group directory; ignoring it. 
2025-09-13 17:31:19,417 [ForkJoinPool-1-worker-1] INFO  replication.ReplicationServer (ReplicationServer.java:<init>(84)) - Initializing replication server with thread count = 10 queue length = 4096
2025-09-13 17:31:19,418 [ForkJoinPool-1-worker-1] INFO  server.XceiverServerGrpc (XceiverServerGrpc.java:<init>(130)) - GrpcServer channel type EpollServerSocketChannel
2025-09-13 17:31:19,420 [ForkJoinPool-1-worker-1] INFO  replication.ReplicationSupervisor (ReplicationSupervisor.java:build(169)) - Initializing replication supervisor with thread count = 10
2025-09-13 17:31:19,421 [ForkJoinPool-1-worker-1] INFO  replication.ReplicationSupervisor (ReplicationSupervisor.java:nodeStateUpdated(358)) - Node state updated to IN_SERVICE, scaling executor pool size to 10
2025-09-13 17:31:19,424 [ForkJoinPool-1-worker-1] INFO  http.BaseHttpServer (BaseHttpServer.java:newHttpServer2BuilderForOzone(227)) - Starting Web-server for hddsDatanode at: http://0.0.0.0:15034
2025-09-13 17:31:19,425 [ForkJoinPool-1-worker-1] INFO  http.BaseHttpServer (BaseHttpServer.java:<init>(105)) - Hadoop Security Enabled: false Ozone Security Enabled: false Ozone HTTP Security Enabled: false 
2025-09-13 17:31:19,427 [ForkJoinPool-1-worker-1] WARN  server.AuthenticationFilter (AuthenticationFilter.java:constructSecretProvider(240)) - Unable to initialize FileSignerSecretProvider, falling back to use random secrets. Reason: Could not read signature secret file: /home/runner/hadoop-http-auth-signature-secret
2025-09-13 17:31:19,430 [ForkJoinPool-1-worker-1] INFO  http.HttpServer2 (HttpServer2.java:addGlobalFilter(1041)) - Added global filter 'safety' (class=org.apache.hadoop.hdds.server.http.HttpServer2$QuotingInputFilter)
2025-09-13 17:31:19,432 [ForkJoinPool-1-worker-1] INFO  http.HttpServer2 (HttpServer2.java:addFilter(1017)) - Added filter static_user_filter (class=org.apache.hadoop.http.lib.StaticUserWebFilter$StaticUserFilter) to context hddsDatanode
2025-09-13 17:31:19,432 [ForkJoinPool-1-worker-1] INFO  http.HttpServer2 (HttpServer2.java:addFilter(1025)) - Added filter static_user_filter (class=org.apache.hadoop.http.lib.StaticUserWebFilter$StaticUserFilter) to context logs
2025-09-13 17:31:19,432 [ForkJoinPool-1-worker-1] INFO  http.HttpServer2 (HttpServer2.java:addFilter(1025)) - Added filter static_user_filter (class=org.apache.hadoop.http.lib.StaticUserWebFilter$StaticUserFilter) to context static
2025-09-13 17:31:19,433 [ForkJoinPool-1-worker-1] INFO  http.BaseHttpServer (BaseHttpServer.java:<init>(193)) - HTTP server of hddsDatanode uses base directory /home/runner/work/ozone/ozone/hadoop-ozone/integration-test/target/test-dir/MiniOzoneClusterImpl-1331a795-ed08-415d-924a-7661a5cf51a5/scm/ozone-metadata/webserver
2025-09-13 17:31:19,433 [ForkJoinPool-1-worker-1] INFO  http.HttpServer2 (HttpServer2.java:bindListener(1241)) - Jetty bound to port 15034
2025-09-13 17:31:19,433 [ForkJoinPool-1-worker-1] INFO  server.Server (Server.java:doStart(375)) - jetty-9.4.58.v20250814; built: 2025-08-14T02:28:49.637Z; git: 8f1440587e9e4ae7db3d74cf205643f3d707148d; jvm 21.0.8+9-LTS
2025-09-13 17:31:19,435 [ForkJoinPool-1-worker-1] INFO  server.session (DefaultSessionIdManager.java:doStart(334)) - DefaultSessionIdManager workerName=node0
2025-09-13 17:31:19,435 [ForkJoinPool-1-worker-1] INFO  server.session (DefaultSessionIdManager.java:doStart(339)) - No SessionScavenger set, using defaults
2025-09-13 17:31:19,435 [ForkJoinPool-1-worker-1] INFO  server.session (HouseKeeper.java:startScavenging(132)) - node0 Scavenging every 600000ms
2025-09-13 17:31:19,436 [ForkJoinPool-1-worker-1] INFO  handler.ContextHandler (ContextHandler.java:doStart(921)) - Started o.e.j.s.ServletContextHandler@248d101a{logs,/logs,file:///home/runner/work/ozone/ozone/hadoop-ozone/integration-test/target/log,AVAILABLE}
2025-09-13 17:31:19,437 [ForkJoinPool-1-worker-1] INFO  handler.ContextHandler (ContextHandler.java:doStart(921)) - Started o.e.j.s.ServletContextHandler@3b97f6e{static,/static,jar:file:/home/runner/work/ozone/ozone/hadoop-hdds/container-service/target/hdds-container-service-2.1.0-SNAPSHOT.jar!/webapps/static,AVAILABLE}
2025-09-13 17:31:19,460 [36d876fb-a458-4393-963b-58eeedb8ba95-EndpointStateMachineTaskThread-/0.0.0.0:15002-0 ] INFO  utils.DatanodeStoreCache (DatanodeStoreCache.java:addDB(70)) - Added db /home/runner/work/ozone/ozone/hadoop-ozone/integration-test/target/test-dir/MiniOzoneClusterImpl-1331a795-ed08-415d-924a-7661a5cf51a5/ozone-metadata/datanode-1/data-0/hdds/1331a795-ed08-415d-924a-7661a5cf51a5/DS-cef04933-4ce8-4840-b22e-4ad87088cbdd/container.db to cache
2025-09-13 17:31:19,461 [36d876fb-a458-4393-963b-58eeedb8ba95-EndpointStateMachineTaskThread-/0.0.0.0:15002-0 ] INFO  volume.HddsVolume (HddsVolume.java:createDbStore(576)) - SchemaV3 db is created and loaded at /home/runner/work/ozone/ozone/hadoop-ozone/integration-test/target/test-dir/MiniOzoneClusterImpl-1331a795-ed08-415d-924a-7661a5cf51a5/ozone-metadata/datanode-1/data-0/hdds/1331a795-ed08-415d-924a-7661a5cf51a5/DS-cef04933-4ce8-4840-b22e-4ad87088cbdd/container.db for volume DS-cef04933-4ce8-4840-b22e-4ad87088cbdd
2025-09-13 17:31:19,470 [36d876fb-a458-4393-963b-58eeedb8ba95-ContainerReader-0] INFO  ozoneimpl.ContainerReader (ContainerReader.java:readVolume(147)) - Start to verify containers on volume /home/runner/work/ozone/ozone/hadoop-ozone/integration-test/target/test-dir/MiniOzoneClusterImpl-1331a795-ed08-415d-924a-7661a5cf51a5/ozone-metadata/datanode-1/data-0/hdds
2025-09-13 17:31:19,470 [36d876fb-a458-4393-963b-58eeedb8ba95-ContainerReader-0] INFO  ozoneimpl.ContainerReader (ContainerReader.java:readVolume(177)) - Finish verifying containers on volume /home/runner/work/ozone/ozone/hadoop-ozone/integration-test/target/test-dir/MiniOzoneClusterImpl-1331a795-ed08-415d-924a-7661a5cf51a5/ozone-metadata/datanode-1/data-0/hdds
2025-09-13 17:31:19,471 [36d876fb-a458-4393-963b-58eeedb8ba95-EndpointStateMachineTaskThread-/0.0.0.0:15002-0 ] INFO  ozoneimpl.OzoneContainer (OzoneContainer.java:buildContainerSet(370)) - Build ContainerSet costs 0s
2025-09-13 17:31:19,472 [36d876fb-a458-4393-963b-58eeedb8ba95-EndpointStateMachineTaskThread-/0.0.0.0:15002-0 ] INFO  volume.ThrottledAsyncChecker (ThrottledAsyncChecker.java:schedule(138)) - Scheduling a check for /home/runner/work/ozone/ozone/hadoop-ozone/integration-test/target/test-dir/MiniOzoneClusterImpl-1331a795-ed08-415d-924a-7661a5cf51a5/ozone-metadata/datanode-1/data-0/hdds
2025-09-13 17:31:19,477 [36d876fb-a458-4393-963b-58eeedb8ba95-EndpointStateMachineTaskThread-/0.0.0.0:15002-0 ] INFO  volume.StorageVolumeChecker (StorageVolumeChecker.java:checkAllVolumes(231)) - Scheduled health check for volume /home/runner/work/ozone/ozone/hadoop-ozone/integration-test/target/test-dir/MiniOzoneClusterImpl-1331a795-ed08-415d-924a-7661a5cf51a5/ozone-metadata/datanode-1/data-0/hdds
2025-09-13 17:31:19,485 [36d876fb-a458-4393-963b-58eeedb8ba95-EndpointStateMachineTaskThread-/0.0.0.0:15002-0 ] INFO  volume.ThrottledAsyncChecker (ThrottledAsyncChecker.java:schedule(138)) - Scheduling a check for /home/runner/work/ozone/ozone/hadoop-ozone/integration-test/target/test-dir/MiniOzoneClusterImpl-1331a795-ed08-415d-924a-7661a5cf51a5/ozone-metadata/datanode-1/ratis
2025-09-13 17:31:19,486 [36d876fb-a458-4393-963b-58eeedb8ba95-EndpointStateMachineTaskThread-/0.0.0.0:15002-0 ] INFO  volume.StorageVolumeChecker (StorageVolumeChecker.java:checkAllVolumes(231)) - Scheduled health check for volume /home/runner/work/ozone/ozone/hadoop-ozone/integration-test/target/test-dir/MiniOzoneClusterImpl-1331a795-ed08-415d-924a-7661a5cf51a5/ozone-metadata/datanode-1/ratis
2025-09-13 17:31:19,487 [36d876fb-a458-4393-963b-58eeedb8ba95-EndpointStateMachineTaskThread-/0.0.0.0:15002-0 ] INFO  ozoneimpl.OzoneContainer (OzoneContainer.java:start(525)) - Attempting to start container services.
2025-09-13 17:31:19,491 [ContainerMetadataScanner] INFO  ozoneimpl.AbstractBackgroundContainerScanner (AbstractBackgroundContainerScanner.java:runIteration(89)) - Completed an iteration in 0 minutes. Number of iterations (since the data-node restart) : 1, Number of containers scanned in this iteration : 0, Number of unhealthy containers found in this iteration : 0
2025-09-13 17:31:19,496 [ContainerDataScanner(/home/runner/work/ozone/ozone/hadoop-ozone/integration-test/target/test-dir/MiniOzoneClusterImpl-1331a795-ed08-415d-924a-7661a5cf51a5/ozone-metadata/datanode-1/data-0/hdds)] INFO  ozoneimpl.AbstractBackgroundContainerScanner (AbstractBackgroundContainerScanner.java:runIteration(89)) - Completed an iteration in 0 minutes. Number of iterations (since the data-node restart) : 1, Number of containers scanned in this iteration : 0, Number of unhealthy containers found in this iteration : 0
2025-09-13 17:31:19,497 [36d876fb-a458-4393-963b-58eeedb8ba95-EndpointStateMachineTaskThread-/0.0.0.0:15002-0 ] INFO  replication.ReplicationServer (ReplicationServer.java:start(137)) - ReplicationServer is started using port 15017
2025-09-13 17:31:19,499 [36d876fb-a458-4393-963b-58eeedb8ba95-EndpointStateMachineTaskThread-/0.0.0.0:15002-0 ] INFO  ratis.XceiverServerRatis (XceiverServerRatis.java:start(560)) - Starting XceiverServerRatis(36d876fb-a458-4393-963b-58eeedb8ba95)
2025-09-13 17:31:19,500 [36d876fb-a458-4393-963b-58eeedb8ba95-EndpointStateMachineTaskThread-/0.0.0.0:15002-0 ] INFO  server.RaftServer (RaftServerProxy.java:startImpl(412)) - 36d876fb-a458-4393-963b-58eeedb8ba95: start RPC server
2025-09-13 17:31:19,501 [36d876fb-a458-4393-963b-58eeedb8ba95-EndpointStateMachineTaskThread-/0.0.0.0:15002-0 ] INFO  server.GrpcServicesImpl (GrpcServicesImpl.java:startImpl(346)) - 36d876fb-a458-4393-963b-58eeedb8ba95: GrpcServicesImpl started, listening on 15013
2025-09-13 17:31:19,504 [36d876fb-a458-4393-963b-58eeedb8ba95-EndpointStateMachineTaskThread-/0.0.0.0:15002-0 ] INFO  server.GrpcServicesImpl (GrpcServicesImpl.java:startImpl(346)) - 36d876fb-a458-4393-963b-58eeedb8ba95: GrpcServicesImpl started, listening on 15015
2025-09-13 17:31:19,504 [36d876fb-a458-4393-963b-58eeedb8ba95-EndpointStateMachineTaskThread-/0.0.0.0:15002-0 ] INFO  server.GrpcServicesImpl (GrpcServicesImpl.java:startImpl(346)) - 36d876fb-a458-4393-963b-58eeedb8ba95: GrpcServicesImpl started, listening on 15014
2025-09-13 17:31:19,506 [36d876fb-a458-4393-963b-58eeedb8ba95-EndpointStateMachineTaskThread-/0.0.0.0:15002-0 ] INFO  ratis.XceiverServerRatis (XceiverServerRatis.java:getRealPort(587)) - XceiverServerRatis(36d876fb-a458-4393-963b-58eeedb8ba95) is started using port RATIS=15013
2025-09-13 17:31:19,506 [36d876fb-a458-4393-963b-58eeedb8ba95-EndpointStateMachineTaskThread-/0.0.0.0:15002-0 ] INFO  ratis.XceiverServerRatis (XceiverServerRatis.java:getRealPort(587)) - XceiverServerRatis(36d876fb-a458-4393-963b-58eeedb8ba95) is started using port RATIS_ADMIN=15014
2025-09-13 17:31:19,506 [JvmPauseMonitor3] INFO  util.JvmPauseMonitor (JvmPauseMonitor.java:run(146)) - JvmPauseMonitor-36d876fb-a458-4393-963b-58eeedb8ba95: Started
2025-09-13 17:31:19,507 [36d876fb-a458-4393-963b-58eeedb8ba95-EndpointStateMachineTaskThread-/0.0.0.0:15002-0 ] INFO  ratis.XceiverServerRatis (XceiverServerRatis.java:getRealPort(587)) - XceiverServerRatis(36d876fb-a458-4393-963b-58eeedb8ba95) is started using port RATIS_SERVER=15015
2025-09-13 17:31:19,507 [36d876fb-a458-4393-963b-58eeedb8ba95-EndpointStateMachineTaskThread-/0.0.0.0:15002-0 ] INFO  ratis.XceiverServerRatis (XceiverServerRatis.java:getRealPort(587)) - XceiverServerRatis(36d876fb-a458-4393-963b-58eeedb8ba95) is started using port RATIS_DATASTREAM=15016
2025-09-13 17:31:19,509 [36d876fb-a458-4393-963b-58eeedb8ba95-EndpointStateMachineTaskThread-/0.0.0.0:15002-0 ] INFO  utils.BackgroundService (BackgroundService.java:start(119)) - Starting service BlockDeletingService with interval 60000 milliseconds
2025-09-13 17:31:19,509 [36d876fb-a458-4393-963b-58eeedb8ba95-EndpointStateMachineTaskThread-/0.0.0.0:15002-0 ] INFO  utils.BackgroundService (BackgroundService.java:start(119)) - Starting service StaleRecoveringContainerScrubbingService with interval 60000 milliseconds
2025-09-13 17:31:19,634 [ForkJoinPool-1-worker-1] INFO  handler.ContextHandler (ContextHandler.java:doStart(921)) - Started o.e.j.w.WebAppContext@5b4867c{hddsDatanode,/,file:///home/runner/work/ozone/ozone/hadoop-ozone/integration-test/target/test-dir/MiniOzoneClusterImpl-1331a795-ed08-415d-924a-7661a5cf51a5/scm/ozone-metadata/webserver/jetty-0_0_0_0-15034-hdds-container-service-2_1_0-SNAPSHOT_jar-_-any-1080458375999600747/webapp/,AVAILABLE}{jar:file:/home/runner/work/ozone/ozone/hadoop-hdds/container-service/target/hdds-container-service-2.1.0-SNAPSHOT.jar!/webapps/hddsDatanode}
2025-09-13 17:31:19,635 [ForkJoinPool-1-worker-1] INFO  server.AbstractConnector (AbstractConnector.java:doStart(333)) - Started ServerConnector@59cb9f56{HTTP/1.1, (http/1.1)}{0.0.0.0:15034}
2025-09-13 17:31:19,636 [ForkJoinPool-1-worker-1] INFO  server.Server (Server.java:doStart(415)) - Started @12220ms
2025-09-13 17:31:19,636 [ForkJoinPool-1-worker-1] WARN  impl.MetricsSystemImpl (MetricsSystemImpl.java:register(279)) - Sink prometheus already exists!
2025-09-13 17:31:19,636 [ForkJoinPool-1-worker-1] INFO  http.BaseHttpServer (BaseHttpServer.java:updateConnectorAddress(357)) - HTTP server of hddsDatanode listening at http://localhost:15034
2025-09-13 17:31:19,636 [ForkJoinPool-1-worker-1] INFO  ipc.CallQueueManager (CallQueueManager.java:<init>(93)) - Using callQueue: class java.util.concurrent.LinkedBlockingQueue, queueCapacity: 1000, scheduler: class org.apache.hadoop.ipc.DefaultRpcScheduler, ipcBackoff: false, ipcFailOver: false.
2025-09-13 17:31:19,637 [ForkJoinPool-1-worker-1] INFO  ipc.Server (Server.java:<init>(1438)) - Listener at 0.0.0.0:15035
2025-09-13 17:31:19,638 [Socket Reader #1 for port 15035] INFO  ipc.Server (Server.java:run(1474)) - Starting Socket Reader #1 for port 15035
2025-09-13 17:31:19,638 [Socket Reader #2 for port 15035] INFO  ipc.Server (Server.java:run(1474)) - Starting Socket Reader #2 for port 15035
2025-09-13 17:31:19,639 [Socket Reader #3 for port 15035] INFO  ipc.Server (Server.java:run(1474)) - Starting Socket Reader #3 for port 15035
2025-09-13 17:31:19,639 [Socket Reader #4 for port 15035] INFO  ipc.Server (Server.java:run(1474)) - Starting Socket Reader #4 for port 15035
2025-09-13 17:31:19,640 [Socket Reader #5 for port 15035] INFO  ipc.Server (Server.java:run(1474)) - Starting Socket Reader #5 for port 15035
2025-09-13 17:31:19,641 [Socket Reader #6 for port 15035] INFO  ipc.Server (Server.java:run(1474)) - Starting Socket Reader #6 for port 15035
2025-09-13 17:31:19,641 [Socket Reader #7 for port 15035] INFO  ipc.Server (Server.java:run(1474)) - Starting Socket Reader #7 for port 15035
2025-09-13 17:31:19,642 [Socket Reader #8 for port 15035] INFO  ipc.Server (Server.java:run(1474)) - Starting Socket Reader #8 for port 15035
2025-09-13 17:31:19,643 [Socket Reader #9 for port 15035] INFO  ipc.Server (Server.java:run(1474)) - Starting Socket Reader #9 for port 15035
2025-09-13 17:31:19,644 [Socket Reader #10 for port 15035] INFO  ipc.Server (Server.java:run(1474)) - Starting Socket Reader #10 for port 15035
2025-09-13 17:31:19,647 [ForkJoinPool-1-worker-1] INFO  ozone.HddsDatanodeService (HddsDatanodeService.java:start(333)) - Datanode start with admins: [admin, runner]
2025-09-13 17:31:19,647 [ForkJoinPool-1-worker-1] INFO  ozone.HddsDatanodeClientProtocolServer (HddsDatanodeClientProtocolServer.java:start(76)) - RPC server for Client /0.0.0.0:15035
2025-09-13 17:31:19,648 [IPC Server Responder] INFO  ipc.Server (Server.java:run(1713)) - IPC Server Responder: starting
2025-09-13 17:31:19,648 [IPC Server listener on 15035] INFO  ipc.Server (Server.java:run(1553)) - IPC Server listener on 15035: starting
2025-09-13 17:31:19,652 [ForkJoinPool-1-worker-1] WARN  dropwizard3.Dm3MetricRegistriesImpl (Dm3MetricRegistriesImpl.java:addReporterRegistration(114)) - New reporters are added after registries were created. Some metrics will be missing from the reporter. Please add reporter before adding any new registry.
2025-09-13 17:31:19,652 [ForkJoinPool-1-worker-1] WARN  dropwizard3.Dm3MetricRegistriesImpl (Dm3MetricRegistriesImpl.java:addReporterRegistration(114)) - New reporters are added after registries were created. Some metrics will be missing from the reporter. Please add reporter before adding any new registry.
2025-09-13 17:31:19,652 [ForkJoinPool-1-worker-1] INFO  impl.MetricsSystemImpl (MetricsSystemImpl.java:init(158)) - HddsDatanode metrics system started (again)
2025-09-13 17:31:19,654 [beda0dcb-37da-4cca-bea2-e222cb1bc351-DatanodeStateMachineDaemonThread] INFO  statemachine.DatanodeStateMachine (DatanodeStateMachine.java:startStateMachineThread(363)) - Ozone container server started.
2025-09-13 17:31:19,657 [9e23e878-9bb3-42b5-8b94-e0e229812e65-EndpointStateMachineTaskThread-/0.0.0.0:15002-0 ] INFO  utils.DatanodeStoreCache (DatanodeStoreCache.java:addDB(70)) - Added db /home/runner/work/ozone/ozone/hadoop-ozone/integration-test/target/test-dir/MiniOzoneClusterImpl-1331a795-ed08-415d-924a-7661a5cf51a5/ozone-metadata/datanode-2/data-0/hdds/1331a795-ed08-415d-924a-7661a5cf51a5/DS-ce29b877-3335-47dd-ae87-6ca9399c09a2/container.db to cache
2025-09-13 17:31:19,658 [9e23e878-9bb3-42b5-8b94-e0e229812e65-EndpointStateMachineTaskThread-/0.0.0.0:15002-0 ] INFO  volume.HddsVolume (HddsVolume.java:createDbStore(576)) - SchemaV3 db is created and loaded at /home/runner/work/ozone/ozone/hadoop-ozone/integration-test/target/test-dir/MiniOzoneClusterImpl-1331a795-ed08-415d-924a-7661a5cf51a5/ozone-metadata/datanode-2/data-0/hdds/1331a795-ed08-415d-924a-7661a5cf51a5/DS-ce29b877-3335-47dd-ae87-6ca9399c09a2/container.db for volume DS-ce29b877-3335-47dd-ae87-6ca9399c09a2
2025-09-13 17:31:19,662 [beda0dcb-37da-4cca-bea2-e222cb1bc351-DatanodeStateMachineTaskThread-0] INFO  datanode.InitDatanodeState (InitDatanodeState.java:persistContainerDatanodeDetails(139)) - DatanodeDetails is persisted to /home/runner/work/ozone/ozone/hadoop-ozone/integration-test/target/test-dir/MiniOzoneClusterImpl-1331a795-ed08-415d-924a-7661a5cf51a5/ozone-metadata/datanode-4/ozone-metadata/datanode.id
2025-09-13 17:31:19,664 [9e23e878-9bb3-42b5-8b94-e0e229812e65-ContainerReader-0] INFO  ozoneimpl.ContainerReader (ContainerReader.java:readVolume(147)) - Start to verify containers on volume /home/runner/work/ozone/ozone/hadoop-ozone/integration-test/target/test-dir/MiniOzoneClusterImpl-1331a795-ed08-415d-924a-7661a5cf51a5/ozone-metadata/datanode-2/data-0/hdds
2025-09-13 17:31:19,664 [9e23e878-9bb3-42b5-8b94-e0e229812e65-ContainerReader-0] INFO  ozoneimpl.ContainerReader (ContainerReader.java:readVolume(177)) - Finish verifying containers on volume /home/runner/work/ozone/ozone/hadoop-ozone/integration-test/target/test-dir/MiniOzoneClusterImpl-1331a795-ed08-415d-924a-7661a5cf51a5/ozone-metadata/datanode-2/data-0/hdds
2025-09-13 17:31:19,664 [9e23e878-9bb3-42b5-8b94-e0e229812e65-EndpointStateMachineTaskThread-/0.0.0.0:15002-0 ] INFO  ozoneimpl.OzoneContainer (OzoneContainer.java:buildContainerSet(370)) - Build ContainerSet costs 0s
2025-09-13 17:31:19,666 [9e23e878-9bb3-42b5-8b94-e0e229812e65-EndpointStateMachineTaskThread-/0.0.0.0:15002-0 ] INFO  volume.ThrottledAsyncChecker (ThrottledAsyncChecker.java:schedule(138)) - Scheduling a check for /home/runner/work/ozone/ozone/hadoop-ozone/integration-test/target/test-dir/MiniOzoneClusterImpl-1331a795-ed08-415d-924a-7661a5cf51a5/ozone-metadata/datanode-2/data-0/hdds
2025-09-13 17:31:19,667 [9e23e878-9bb3-42b5-8b94-e0e229812e65-EndpointStateMachineTaskThread-/0.0.0.0:15002-0 ] INFO  volume.StorageVolumeChecker (StorageVolumeChecker.java:checkAllVolumes(231)) - Scheduled health check for volume /home/runner/work/ozone/ozone/hadoop-ozone/integration-test/target/test-dir/MiniOzoneClusterImpl-1331a795-ed08-415d-924a-7661a5cf51a5/ozone-metadata/datanode-2/data-0/hdds
2025-09-13 17:31:19,671 [9e23e878-9bb3-42b5-8b94-e0e229812e65-EndpointStateMachineTaskThread-/0.0.0.0:15002-0 ] INFO  volume.ThrottledAsyncChecker (ThrottledAsyncChecker.java:schedule(138)) - Scheduling a check for /home/runner/work/ozone/ozone/hadoop-ozone/integration-test/target/test-dir/MiniOzoneClusterImpl-1331a795-ed08-415d-924a-7661a5cf51a5/ozone-metadata/datanode-2/ratis
2025-09-13 17:31:19,672 [9e23e878-9bb3-42b5-8b94-e0e229812e65-EndpointStateMachineTaskThread-/0.0.0.0:15002-0 ] INFO  volume.StorageVolumeChecker (StorageVolumeChecker.java:checkAllVolumes(231)) - Scheduled health check for volume /home/runner/work/ozone/ozone/hadoop-ozone/integration-test/target/test-dir/MiniOzoneClusterImpl-1331a795-ed08-415d-924a-7661a5cf51a5/ozone-metadata/datanode-2/ratis
2025-09-13 17:31:19,673 [9e23e878-9bb3-42b5-8b94-e0e229812e65-EndpointStateMachineTaskThread-/0.0.0.0:15002-0 ] INFO  ozoneimpl.OzoneContainer (OzoneContainer.java:start(525)) - Attempting to start container services.
2025-09-13 17:31:19,674 [ContainerMetadataScanner] INFO  ozoneimpl.AbstractBackgroundContainerScanner (AbstractBackgroundContainerScanner.java:runIteration(89)) - Completed an iteration in 0 minutes. Number of iterations (since the data-node restart) : 1, Number of containers scanned in this iteration : 0, Number of unhealthy containers found in this iteration : 0
2025-09-13 17:31:19,675 [ContainerDataScanner(/home/runner/work/ozone/ozone/hadoop-ozone/integration-test/target/test-dir/MiniOzoneClusterImpl-1331a795-ed08-415d-924a-7661a5cf51a5/ozone-metadata/datanode-2/data-0/hdds)] INFO  ozoneimpl.AbstractBackgroundContainerScanner (AbstractBackgroundContainerScanner.java:runIteration(89)) - Completed an iteration in 0 minutes. Number of iterations (since the data-node restart) : 1, Number of containers scanned in this iteration : 0, Number of unhealthy containers found in this iteration : 0
2025-09-13 17:31:19,676 [9e23e878-9bb3-42b5-8b94-e0e229812e65-EndpointStateMachineTaskThread-/0.0.0.0:15002-0 ] INFO  replication.ReplicationServer (ReplicationServer.java:start(137)) - ReplicationServer is started using port 15025
2025-09-13 17:31:19,676 [9e23e878-9bb3-42b5-8b94-e0e229812e65-EndpointStateMachineTaskThread-/0.0.0.0:15002-0 ] INFO  ratis.XceiverServerRatis (XceiverServerRatis.java:start(560)) - Starting XceiverServerRatis(9e23e878-9bb3-42b5-8b94-e0e229812e65)
2025-09-13 17:31:19,677 [9e23e878-9bb3-42b5-8b94-e0e229812e65-EndpointStateMachineTaskThread-/0.0.0.0:15002-0 ] INFO  server.RaftServer (RaftServerProxy.java:startImpl(412)) - 9e23e878-9bb3-42b5-8b94-e0e229812e65: start RPC server
2025-09-13 17:31:19,678 [9e23e878-9bb3-42b5-8b94-e0e229812e65-EndpointStateMachineTaskThread-/0.0.0.0:15002-0 ] INFO  server.GrpcServicesImpl (GrpcServicesImpl.java:startImpl(346)) - 9e23e878-9bb3-42b5-8b94-e0e229812e65: GrpcServicesImpl started, listening on 15021
2025-09-13 17:31:19,678 [9e23e878-9bb3-42b5-8b94-e0e229812e65-EndpointStateMachineTaskThread-/0.0.0.0:15002-0 ] INFO  server.GrpcServicesImpl (GrpcServicesImpl.java:startImpl(346)) - 9e23e878-9bb3-42b5-8b94-e0e229812e65: GrpcServicesImpl started, listening on 15023
2025-09-13 17:31:19,679 [9e23e878-9bb3-42b5-8b94-e0e229812e65-EndpointStateMachineTaskThread-/0.0.0.0:15002-0 ] INFO  server.GrpcServicesImpl (GrpcServicesImpl.java:startImpl(346)) - 9e23e878-9bb3-42b5-8b94-e0e229812e65: GrpcServicesImpl started, listening on 15022
2025-09-13 17:31:19,679 [9e23e878-9bb3-42b5-8b94-e0e229812e65-EndpointStateMachineTaskThread-/0.0.0.0:15002-0 ] INFO  ratis.XceiverServerRatis (XceiverServerRatis.java:getRealPort(587)) - XceiverServerRatis(9e23e878-9bb3-42b5-8b94-e0e229812e65) is started using port RATIS=15021
2025-09-13 17:31:19,679 [JvmPauseMonitor4] INFO  util.JvmPauseMonitor (JvmPauseMonitor.java:run(146)) - JvmPauseMonitor-9e23e878-9bb3-42b5-8b94-e0e229812e65: Started
2025-09-13 17:31:19,679 [9e23e878-9bb3-42b5-8b94-e0e229812e65-EndpointStateMachineTaskThread-/0.0.0.0:15002-0 ] INFO  ratis.XceiverServerRatis (XceiverServerRatis.java:getRealPort(587)) - XceiverServerRatis(9e23e878-9bb3-42b5-8b94-e0e229812e65) is started using port RATIS_ADMIN=15022
2025-09-13 17:31:19,679 [9e23e878-9bb3-42b5-8b94-e0e229812e65-EndpointStateMachineTaskThread-/0.0.0.0:15002-0 ] INFO  ratis.XceiverServerRatis (XceiverServerRatis.java:getRealPort(587)) - XceiverServerRatis(9e23e878-9bb3-42b5-8b94-e0e229812e65) is started using port RATIS_SERVER=15023
2025-09-13 17:31:19,679 [9e23e878-9bb3-42b5-8b94-e0e229812e65-EndpointStateMachineTaskThread-/0.0.0.0:15002-0 ] INFO  ratis.XceiverServerRatis (XceiverServerRatis.java:getRealPort(587)) - XceiverServerRatis(9e23e878-9bb3-42b5-8b94-e0e229812e65) is started using port RATIS_DATASTREAM=15024
2025-09-13 17:31:19,680 [9e23e878-9bb3-42b5-8b94-e0e229812e65-EndpointStateMachineTaskThread-/0.0.0.0:15002-0 ] INFO  utils.BackgroundService (BackgroundService.java:start(119)) - Starting service BlockDeletingService with interval 60000 milliseconds
2025-09-13 17:31:19,681 [9e23e878-9bb3-42b5-8b94-e0e229812e65-EndpointStateMachineTaskThread-/0.0.0.0:15002-0 ] INFO  utils.BackgroundService (BackgroundService.java:start(119)) - Starting service StaleRecoveringContainerScrubbingService with interval 60000 milliseconds
2025-09-13 17:31:19,682 [ForkJoinPool-1-worker-1] INFO  protocol.DatanodeDetails (DatanodeDetails.java:validateDatanodeIpAddress(199)) - Updating IP address of datanode e114cbd1-8f45-4cc5-a8b1-e2bd6cad48a0(localhost/null) to 127.0.0.1
2025-09-13 17:31:19,682 [ForkJoinPool-1-worker-1] INFO  ozone.HddsDatanodeService (HddsDatanodeService.java:start(236)) - HddsDatanodeService e114cbd1-8f45-4cc5-a8b1-e2bd6cad48a0(localhost/127.0.0.1)
2025-09-13 17:31:19,685 [ForkJoinPool-1-worker-1] INFO  upgrade.AbstractLayoutVersionManager (AbstractLayoutVersionManager.java:init(80)) - Initializing Layout version manager with metadata layout = WITNESSED_CONTAINER_DB_PROTO_VALUE (version = 9), software layout = WITNESSED_CONTAINER_DB_PROTO_VALUE (version = 9)
2025-09-13 17:31:19,686 [ForkJoinPool-1-worker-1] INFO  statemachine.DatanodeStateMachine (DatanodeStateMachine.java:getEndPointTaskThreadPoolSize(321)) - Datanode State Machine Task Thread Pool size 2
2025-09-13 17:31:19,690 [ForkJoinPool-1-worker-1] INFO  volume.HddsVolume (HddsVolume.java:<init>(162)) - HddsVolume: { id=DS-44f3c22b-829e-4dd3-b4f4-187c2064e005 dir=/home/runner/work/ozone/ozone/hadoop-ozone/integration-test/target/test-dir/MiniOzoneClusterImpl-1331a795-ed08-415d-924a-7661a5cf51a5/ozone-metadata/datanode-5/data-0/hdds type=DISK capacity=9222449699674390527 used=0 available=9222449699674390527 minFree=9222450130714624 committed=0 }
2025-09-13 17:31:19,691 [ForkJoinPool-1-worker-1] INFO  volume.MutableVolumeSet (MutableVolumeSet.java:initializeVolumeSet(175)) - Added Volume : /home/runner/work/ozone/ozone/hadoop-ozone/integration-test/target/test-dir/MiniOzoneClusterImpl-1331a795-ed08-415d-924a-7661a5cf51a5/ozone-metadata/datanode-5/data-0/hdds to VolumeSet
2025-09-13 17:31:19,692 [ForkJoinPool-1-worker-1] INFO  volume.MutableVolumeSet (MutableVolumeSet.java:initializeVolumeSet(175)) - Added Volume : /home/runner/work/ozone/ozone/hadoop-ozone/integration-test/target/test-dir/MiniOzoneClusterImpl-1331a795-ed08-415d-924a-7661a5cf51a5/ozone-metadata/datanode-5/ratis to VolumeSet
2025-09-13 17:31:19,693 [ForkJoinPool-1-worker-1] INFO  ozoneimpl.OzoneContainer (HddsVolumeUtil.java:loadAllHddsVolumeDbStore(102)) - Load 1 volumes DbStore cost: 0ms
2025-09-13 17:31:19,694 [ForkJoinPool-1-worker-1] WARN  db.DBStoreBuilder (DBStoreBuilder.java:getDBDirPath(158)) - ozone.scm.datanode.id.dir is not configured. We recommend adding this setting. Falling back to ozone.metadata.dirs instead.
2025-09-13 17:31:19,695 [ForkJoinPool-1-worker-1] WARN  db.DBStoreBuilder (DBStoreBuilder.java:getDBDirPath(158)) - ozone.scm.datanode.id.dir is not configured. We recommend adding this setting. Falling back to ozone.metadata.dirs instead.
2025-09-13 17:31:19,713 [ForkJoinPool-1-worker-1] INFO  impl.FilePerChunkStrategy (FilePerChunkStrategy.java:<init>(79)) - ozone.chunk.read.mapped.buffer.max.count is load with 0
2025-09-13 17:31:19,713 [ForkJoinPool-1-worker-1] INFO  impl.FilePerBlockStrategy (FilePerBlockStrategy.java:<init>(88)) - ozone.chunk.read.mapped.buffer.max.count is load with 0
2025-09-13 17:31:19,714 [ForkJoinPool-1-worker-1] INFO  server.RaftServerConfigKeys (ConfUtils.java:logGet(62)) - raft.server.log.appender.buffer.byte-limit = 33554432 (custom)
2025-09-13 17:31:19,716 [ForkJoinPool-1-worker-1] INFO  grpc.GrpcConfigKeys (ConfUtils.java:logFallback(69)) - raft.grpc.admin.host = null (fallback to raft.grpc.server.host)
2025-09-13 17:31:19,717 [ForkJoinPool-1-worker-1] INFO  grpc.GrpcConfigKeys (ConfUtils.java:logGet(62)) - raft.grpc.admin.port = 15046 (custom)
2025-09-13 17:31:19,717 [ForkJoinPool-1-worker-1] INFO  grpc.GrpcConfigKeys (ConfUtils.java:logFallback(69)) - raft.grpc.client.host = null (fallback to raft.grpc.server.host)
2025-09-13 17:31:19,717 [ForkJoinPool-1-worker-1] INFO  grpc.GrpcConfigKeys (ConfUtils.java:logGet(62)) - raft.grpc.client.port = 15045 (custom)
2025-09-13 17:31:19,717 [ForkJoinPool-1-worker-1] INFO  grpc.GrpcConfigKeys (ConfUtils.java:logGet(62)) - raft.grpc.server.port = 15047 (custom)
2025-09-13 17:31:19,717 [ForkJoinPool-1-worker-1] INFO  server.GrpcServicesImpl (ConfUtils.java:logGet(62)) - raft.grpc.message.size.max = 34603008 (custom)
2025-09-13 17:31:19,717 [ForkJoinPool-1-worker-1] INFO  server.GrpcServicesImpl (ConfUtils.java:logGet(62)) - raft.grpc.flow.control.window = 5MB (=5242880) (custom)
2025-09-13 17:31:19,717 [ForkJoinPool-1-worker-1] INFO  server.RaftServerConfigKeys (ConfUtils.java:logGet(62)) - raft.server.log.appender.buffer.byte-limit = 33554432 (custom)
2025-09-13 17:31:19,720 [ForkJoinPool-1-worker-1] INFO  netty.NettyUtils (NettyUtils.java:newEventLoopGroup(74)) - Create EpollEventLoopGroup for e114cbd1-8f45-4cc5-a8b1-e2bd6cad48a0-NettyServerStreamRpc-bossGroup; Thread size is 0.
2025-09-13 17:31:19,720 [ForkJoinPool-1-worker-1] INFO  netty.NettyUtils (NettyUtils.java:newEventLoopGroup(74)) - Create EpollEventLoopGroup for e114cbd1-8f45-4cc5-a8b1-e2bd6cad48a0-NettyServerStreamRpc-workerGroup; Thread size is 0.
2025-09-13 17:31:19,721 [ForkJoinPool-1-worker-1] INFO  netty.NettyConfigKeys$DataStream (ConfUtils.java:logGet(62)) - raft.netty.dataStream.port = 15048 (custom)
2025-09-13 17:31:19,722 [ForkJoinPool-1-worker-1] INFO  server.RaftServerConfigKeys (ConfUtils.java:logGet(62)) - raft.server.storage.dir = [/home/runner/work/ozone/ozone/hadoop-ozone/integration-test/target/test-dir/MiniOzoneClusterImpl-1331a795-ed08-415d-924a-7661a5cf51a5/ozone-metadata/datanode-5/ratis] (custom)
2025-09-13 17:31:19,723 [e114cbd1-8f45-4cc5-a8b1-e2bd6cad48a0-impl-thread1] INFO  server.RaftServer (RaftServerProxy.java:initGroupDir(270)) - e114cbd1-8f45-4cc5-a8b1-e2bd6cad48a0: found a subdirectory /home/runner/work/ozone/ozone/hadoop-ozone/integration-test/target/test-dir/MiniOzoneClusterImpl-1331a795-ed08-415d-924a-7661a5cf51a5/ozone-metadata/datanode-5/ratis/tmp
2025-09-13 17:31:19,723 [e114cbd1-8f45-4cc5-a8b1-e2bd6cad48a0-impl-thread1] INFO  server.RaftServer (RaftServerProxy.java:initGroupDir(275)) - e114cbd1-8f45-4cc5-a8b1-e2bd6cad48a0: The directory /home/runner/work/ozone/ozone/hadoop-ozone/integration-test/target/test-dir/MiniOzoneClusterImpl-1331a795-ed08-415d-924a-7661a5cf51a5/ozone-metadata/datanode-5/ratis/tmp is not a group directory; ignoring it. 
2025-09-13 17:31:19,723 [ForkJoinPool-1-worker-1] INFO  replication.ReplicationServer (ReplicationServer.java:<init>(84)) - Initializing replication server with thread count = 10 queue length = 4096
2025-09-13 17:31:19,723 [e114cbd1-8f45-4cc5-a8b1-e2bd6cad48a0-NettyServerStreamRpc-bossGroup--thread1] INFO  logging.LoggingHandler (AbstractInternalLogger.java:log(148)) - [id: 0xc59694c4] REGISTERED
2025-09-13 17:31:19,724 [e114cbd1-8f45-4cc5-a8b1-e2bd6cad48a0-NettyServerStreamRpc-bossGroup--thread1] INFO  logging.LoggingHandler (AbstractInternalLogger.java:log(148)) - [id: 0xc59694c4] BIND: 0.0.0.0/0.0.0.0:15048
2025-09-13 17:31:19,724 [e114cbd1-8f45-4cc5-a8b1-e2bd6cad48a0-NettyServerStreamRpc-bossGroup--thread1] INFO  logging.LoggingHandler (AbstractInternalLogger.java:log(148)) - [id: 0xc59694c4, L:/0.0.0.0:15048] ACTIVE
2025-09-13 17:31:19,724 [ForkJoinPool-1-worker-1] INFO  server.XceiverServerGrpc (XceiverServerGrpc.java:<init>(130)) - GrpcServer channel type EpollServerSocketChannel
2025-09-13 17:31:19,726 [ForkJoinPool-1-worker-1] INFO  replication.ReplicationSupervisor (ReplicationSupervisor.java:build(169)) - Initializing replication supervisor with thread count = 10
2025-09-13 17:31:19,726 [ForkJoinPool-1-worker-1] INFO  replication.ReplicationSupervisor (ReplicationSupervisor.java:nodeStateUpdated(358)) - Node state updated to IN_SERVICE, scaling executor pool size to 10
2025-09-13 17:31:19,731 [ForkJoinPool-1-worker-1] INFO  http.BaseHttpServer (BaseHttpServer.java:newHttpServer2BuilderForOzone(227)) - Starting Web-server for hddsDatanode at: http://0.0.0.0:15042
2025-09-13 17:31:19,731 [ForkJoinPool-1-worker-1] INFO  http.BaseHttpServer (BaseHttpServer.java:<init>(105)) - Hadoop Security Enabled: false Ozone Security Enabled: false Ozone HTTP Security Enabled: false 
2025-09-13 17:31:19,732 [ForkJoinPool-1-worker-1] WARN  server.AuthenticationFilter (AuthenticationFilter.java:constructSecretProvider(240)) - Unable to initialize FileSignerSecretProvider, falling back to use random secrets. Reason: Could not read signature secret file: /home/runner/hadoop-http-auth-signature-secret
2025-09-13 17:31:19,735 [ForkJoinPool-1-worker-1] INFO  http.HttpServer2 (HttpServer2.java:addGlobalFilter(1041)) - Added global filter 'safety' (class=org.apache.hadoop.hdds.server.http.HttpServer2$QuotingInputFilter)
2025-09-13 17:31:19,736 [ForkJoinPool-1-worker-1] INFO  http.HttpServer2 (HttpServer2.java:addFilter(1017)) - Added filter static_user_filter (class=org.apache.hadoop.http.lib.StaticUserWebFilter$StaticUserFilter) to context hddsDatanode
2025-09-13 17:31:19,736 [ForkJoinPool-1-worker-1] INFO  http.HttpServer2 (HttpServer2.java:addFilter(1025)) - Added filter static_user_filter (class=org.apache.hadoop.http.lib.StaticUserWebFilter$StaticUserFilter) to context logs
2025-09-13 17:31:19,737 [ForkJoinPool-1-worker-1] INFO  http.HttpServer2 (HttpServer2.java:addFilter(1025)) - Added filter static_user_filter (class=org.apache.hadoop.http.lib.StaticUserWebFilter$StaticUserFilter) to context static
2025-09-13 17:31:19,737 [ForkJoinPool-1-worker-1] INFO  http.BaseHttpServer (BaseHttpServer.java:<init>(193)) - HTTP server of hddsDatanode uses base directory /home/runner/work/ozone/ozone/hadoop-ozone/integration-test/target/test-dir/MiniOzoneClusterImpl-1331a795-ed08-415d-924a-7661a5cf51a5/scm/ozone-metadata/webserver
2025-09-13 17:31:19,738 [ForkJoinPool-1-worker-1] INFO  http.HttpServer2 (HttpServer2.java:bindListener(1241)) - Jetty bound to port 15042
2025-09-13 17:31:19,738 [ForkJoinPool-1-worker-1] INFO  server.Server (Server.java:doStart(375)) - jetty-9.4.58.v20250814; built: 2025-08-14T02:28:49.637Z; git: 8f1440587e9e4ae7db3d74cf205643f3d707148d; jvm 21.0.8+9-LTS
2025-09-13 17:31:19,739 [ForkJoinPool-1-worker-1] INFO  server.session (DefaultSessionIdManager.java:doStart(334)) - DefaultSessionIdManager workerName=node0
2025-09-13 17:31:19,739 [ForkJoinPool-1-worker-1] INFO  server.session (DefaultSessionIdManager.java:doStart(339)) - No SessionScavenger set, using defaults
2025-09-13 17:31:19,739 [ForkJoinPool-1-worker-1] INFO  server.session (HouseKeeper.java:startScavenging(132)) - node0 Scavenging every 600000ms
2025-09-13 17:31:19,740 [ForkJoinPool-1-worker-1] INFO  handler.ContextHandler (ContextHandler.java:doStart(921)) - Started o.e.j.s.ServletContextHandler@42838c91{logs,/logs,file:///home/runner/work/ozone/ozone/hadoop-ozone/integration-test/target/log,AVAILABLE}
2025-09-13 17:31:19,741 [ForkJoinPool-1-worker-1] INFO  handler.ContextHandler (ContextHandler.java:doStart(921)) - Started o.e.j.s.ServletContextHandler@e742ef7{static,/static,jar:file:/home/runner/work/ozone/ozone/hadoop-hdds/container-service/target/hdds-container-service-2.1.0-SNAPSHOT.jar!/webapps/static,AVAILABLE}
2025-09-13 17:31:19,873 [IPC Server handler 20 on default port 15002] INFO  net.NetworkTopologyImpl (NetworkTopologyImpl.java:add(133)) - Added a new node: /rack1/36d876fb-a458-4393-963b-58eeedb8ba95
2025-09-13 17:31:19,875 [IPC Server handler 20 on default port 15002] INFO  node.SCMNodeManager (SCMNodeManager.java:register(423)) - Registered datanode: 36d876fb-a458-4393-963b-58eeedb8ba95{ip: 127.0.0.1, host: localhost, ports: [HTTP=15010, CLIENT_RPC=15011, REPLICATION=15017, RATIS=15013, RATIS_ADMIN=15014, RATIS_SERVER=15015, RATIS_DATASTREAM=15016, STANDALONE=15012], networkLocation: /rack1, certSerialId: null, persistedOpState: null, persistedOpStateExpiryEpochSec: 0}
2025-09-13 17:31:19,876 [EventQueue-NewNodeForNewNodeHandler] INFO  pipeline.BackgroundPipelineCreator (BackgroundPipelineCreator.java:notifyEventTriggered(290)) - trigger a one-shot run on RatisPipelineUtilsThread.
2025-09-13 17:31:19,878 [EventQueue-NodeRegistrationContainerReportForDataNodeSafeModeRule] INFO  safemode.SCMSafeModeManager (DataNodeSafeModeRule.java:process(80)) - SCM in safe mode. 1 DataNodes registered, 3 required.
2025-09-13 17:31:19,878 [EventQueue-ContainerRegistrationReportForECContainerSafeModeRule] INFO  safemode.SCMSafeModeManager (SCMSafeModeManager.java:validateSafeModeExitRules(138)) - ECContainerSafeModeRule rule is successfully validated
2025-09-13 17:31:19,879 [EventQueue-ContainerRegistrationReportForRatisContainerSafeModeRule] INFO  safemode.SCMSafeModeManager (SCMSafeModeManager.java:validateSafeModeExitRules(138)) - RatisContainerSafeModeRule rule is successfully validated
2025-09-13 17:31:19,879 [EventQueue-PipelineReportForOneReplicaPipelineSafeModeRule] INFO  safemode.SCMSafeModeManager (SCMSafeModeManager.java:validateSafeModeExitRules(138)) - AtleastOneDatanodeReportedRule rule is successfully validated
2025-09-13 17:31:19,885 [RatisPipelineUtilsThread-0] INFO  pipeline.RatisPipelineProvider (RatisPipelineProvider.java:lambda$create$0(208)) - Sending CreatePipelineCommand for pipeline:Pipeline-5743d5ca-d5da-4592-97f7-b4189f5888a1 to datanode:36d876fb-a458-4393-963b-58eeedb8ba95(localhost/127.0.0.1)
2025-09-13 17:31:19,897 [13facd30-3950-4310-8b1a-93d004abbbdd-EndpointStateMachineTaskThread-/0.0.0.0:15002-0 ] INFO  utils.DatanodeStoreCache (DatanodeStoreCache.java:addDB(70)) - Added db /home/runner/work/ozone/ozone/hadoop-ozone/integration-test/target/test-dir/MiniOzoneClusterImpl-1331a795-ed08-415d-924a-7661a5cf51a5/ozone-metadata/datanode-3/data-0/hdds/1331a795-ed08-415d-924a-7661a5cf51a5/DS-7c74f027-72de-49ce-b83a-c2c2856c274d/container.db to cache
2025-09-13 17:31:19,897 [13facd30-3950-4310-8b1a-93d004abbbdd-EndpointStateMachineTaskThread-/0.0.0.0:15002-0 ] INFO  volume.HddsVolume (HddsVolume.java:createDbStore(576)) - SchemaV3 db is created and loaded at /home/runner/work/ozone/ozone/hadoop-ozone/integration-test/target/test-dir/MiniOzoneClusterImpl-1331a795-ed08-415d-924a-7661a5cf51a5/ozone-metadata/datanode-3/data-0/hdds/1331a795-ed08-415d-924a-7661a5cf51a5/DS-7c74f027-72de-49ce-b83a-c2c2856c274d/container.db for volume DS-7c74f027-72de-49ce-b83a-c2c2856c274d
2025-09-13 17:31:19,903 [ForkJoinPool-1-worker-1] INFO  handler.ContextHandler (ContextHandler.java:doStart(921)) - Started o.e.j.w.WebAppContext@47b377b6{hddsDatanode,/,file:///home/runner/work/ozone/ozone/hadoop-ozone/integration-test/target/test-dir/MiniOzoneClusterImpl-1331a795-ed08-415d-924a-7661a5cf51a5/scm/ozone-metadata/webserver/jetty-0_0_0_0-15042-hdds-container-service-2_1_0-SNAPSHOT_jar-_-any-9436552327317640298/webapp/,AVAILABLE}{jar:file:/home/runner/work/ozone/ozone/hadoop-hdds/container-service/target/hdds-container-service-2.1.0-SNAPSHOT.jar!/webapps/hddsDatanode}
2025-09-13 17:31:19,904 [ForkJoinPool-1-worker-1] INFO  server.AbstractConnector (AbstractConnector.java:doStart(333)) - Started ServerConnector@12f41dc7{HTTP/1.1, (http/1.1)}{0.0.0.0:15042}
2025-09-13 17:31:19,904 [ForkJoinPool-1-worker-1] INFO  server.Server (Server.java:doStart(415)) - Started @12489ms
2025-09-13 17:31:19,904 [13facd30-3950-4310-8b1a-93d004abbbdd-ContainerReader-0] INFO  ozoneimpl.ContainerReader (ContainerReader.java:readVolume(147)) - Start to verify containers on volume /home/runner/work/ozone/ozone/hadoop-ozone/integration-test/target/test-dir/MiniOzoneClusterImpl-1331a795-ed08-415d-924a-7661a5cf51a5/ozone-metadata/datanode-3/data-0/hdds
2025-09-13 17:31:19,905 [13facd30-3950-4310-8b1a-93d004abbbdd-ContainerReader-0] INFO  ozoneimpl.ContainerReader (ContainerReader.java:readVolume(177)) - Finish verifying containers on volume /home/runner/work/ozone/ozone/hadoop-ozone/integration-test/target/test-dir/MiniOzoneClusterImpl-1331a795-ed08-415d-924a-7661a5cf51a5/ozone-metadata/datanode-3/data-0/hdds
2025-09-13 17:31:19,904 [ForkJoinPool-1-worker-1] WARN  impl.MetricsSystemImpl (MetricsSystemImpl.java:register(279)) - Sink prometheus already exists!
2025-09-13 17:31:19,905 [13facd30-3950-4310-8b1a-93d004abbbdd-EndpointStateMachineTaskThread-/0.0.0.0:15002-0 ] INFO  ozoneimpl.OzoneContainer (OzoneContainer.java:buildContainerSet(370)) - Build ContainerSet costs 0s
2025-09-13 17:31:19,905 [ForkJoinPool-1-worker-1] INFO  http.BaseHttpServer (BaseHttpServer.java:updateConnectorAddress(357)) - HTTP server of hddsDatanode listening at http://localhost:15042
2025-09-13 17:31:19,905 [ForkJoinPool-1-worker-1] INFO  ipc.CallQueueManager (CallQueueManager.java:<init>(93)) - Using callQueue: class java.util.concurrent.LinkedBlockingQueue, queueCapacity: 1000, scheduler: class org.apache.hadoop.ipc.DefaultRpcScheduler, ipcBackoff: false, ipcFailOver: false.
2025-09-13 17:31:19,906 [ForkJoinPool-1-worker-1] INFO  ipc.Server (Server.java:<init>(1438)) - Listener at 0.0.0.0:15043
2025-09-13 17:31:19,907 [13facd30-3950-4310-8b1a-93d004abbbdd-EndpointStateMachineTaskThread-/0.0.0.0:15002-0 ] INFO  volume.ThrottledAsyncChecker (ThrottledAsyncChecker.java:schedule(138)) - Scheduling a check for /home/runner/work/ozone/ozone/hadoop-ozone/integration-test/target/test-dir/MiniOzoneClusterImpl-1331a795-ed08-415d-924a-7661a5cf51a5/ozone-metadata/datanode-3/data-0/hdds
2025-09-13 17:31:19,909 [13facd30-3950-4310-8b1a-93d004abbbdd-EndpointStateMachineTaskThread-/0.0.0.0:15002-0 ] INFO  volume.StorageVolumeChecker (StorageVolumeChecker.java:checkAllVolumes(231)) - Scheduled health check for volume /home/runner/work/ozone/ozone/hadoop-ozone/integration-test/target/test-dir/MiniOzoneClusterImpl-1331a795-ed08-415d-924a-7661a5cf51a5/ozone-metadata/datanode-3/data-0/hdds
2025-09-13 17:31:19,910 [Socket Reader #1 for port 15043] INFO  ipc.Server (Server.java:run(1474)) - Starting Socket Reader #1 for port 15043
2025-09-13 17:31:19,911 [Socket Reader #2 for port 15043] INFO  ipc.Server (Server.java:run(1474)) - Starting Socket Reader #2 for port 15043
2025-09-13 17:31:19,911 [Socket Reader #3 for port 15043] INFO  ipc.Server (Server.java:run(1474)) - Starting Socket Reader #3 for port 15043
2025-09-13 17:31:19,912 [Socket Reader #5 for port 15043] INFO  ipc.Server (Server.java:run(1474)) - Starting Socket Reader #5 for port 15043
2025-09-13 17:31:19,912 [Socket Reader #4 for port 15043] INFO  ipc.Server (Server.java:run(1474)) - Starting Socket Reader #4 for port 15043
2025-09-13 17:31:19,915 [13facd30-3950-4310-8b1a-93d004abbbdd-EndpointStateMachineTaskThread-/0.0.0.0:15002-0 ] INFO  volume.ThrottledAsyncChecker (ThrottledAsyncChecker.java:schedule(138)) - Scheduling a check for /home/runner/work/ozone/ozone/hadoop-ozone/integration-test/target/test-dir/MiniOzoneClusterImpl-1331a795-ed08-415d-924a-7661a5cf51a5/ozone-metadata/datanode-3/ratis
2025-09-13 17:31:19,915 [13facd30-3950-4310-8b1a-93d004abbbdd-EndpointStateMachineTaskThread-/0.0.0.0:15002-0 ] INFO  volume.StorageVolumeChecker (StorageVolumeChecker.java:checkAllVolumes(231)) - Scheduled health check for volume /home/runner/work/ozone/ozone/hadoop-ozone/integration-test/target/test-dir/MiniOzoneClusterImpl-1331a795-ed08-415d-924a-7661a5cf51a5/ozone-metadata/datanode-3/ratis
2025-09-13 17:31:19,915 [Socket Reader #6 for port 15043] INFO  ipc.Server (Server.java:run(1474)) - Starting Socket Reader #6 for port 15043
2025-09-13 17:31:19,916 [Socket Reader #7 for port 15043] INFO  ipc.Server (Server.java:run(1474)) - Starting Socket Reader #7 for port 15043
2025-09-13 17:31:19,917 [Socket Reader #9 for port 15043] INFO  ipc.Server (Server.java:run(1474)) - Starting Socket Reader #9 for port 15043
2025-09-13 17:31:19,917 [Socket Reader #8 for port 15043] INFO  ipc.Server (Server.java:run(1474)) - Starting Socket Reader #8 for port 15043
2025-09-13 17:31:19,917 [13facd30-3950-4310-8b1a-93d004abbbdd-EndpointStateMachineTaskThread-/0.0.0.0:15002-0 ] INFO  ozoneimpl.OzoneContainer (OzoneContainer.java:start(525)) - Attempting to start container services.
2025-09-13 17:31:19,918 [Socket Reader #10 for port 15043] INFO  ipc.Server (Server.java:run(1474)) - Starting Socket Reader #10 for port 15043
2025-09-13 17:31:19,918 [ContainerMetadataScanner] INFO  ozoneimpl.AbstractBackgroundContainerScanner (AbstractBackgroundContainerScanner.java:runIteration(89)) - Completed an iteration in 0 minutes. Number of iterations (since the data-node restart) : 1, Number of containers scanned in this iteration : 0, Number of unhealthy containers found in this iteration : 0
2025-09-13 17:31:19,920 [ContainerDataScanner(/home/runner/work/ozone/ozone/hadoop-ozone/integration-test/target/test-dir/MiniOzoneClusterImpl-1331a795-ed08-415d-924a-7661a5cf51a5/ozone-metadata/datanode-3/data-0/hdds)] INFO  ozoneimpl.AbstractBackgroundContainerScanner (AbstractBackgroundContainerScanner.java:runIteration(89)) - Completed an iteration in 0 minutes. Number of iterations (since the data-node restart) : 1, Number of containers scanned in this iteration : 0, Number of unhealthy containers found in this iteration : 0
2025-09-13 17:31:19,922 [ForkJoinPool-1-worker-1] INFO  ozone.HddsDatanodeService (HddsDatanodeService.java:start(333)) - Datanode start with admins: [admin, runner]
2025-09-13 17:31:19,922 [ForkJoinPool-1-worker-1] INFO  ozone.HddsDatanodeClientProtocolServer (HddsDatanodeClientProtocolServer.java:start(76)) - RPC server for Client /0.0.0.0:15043
2025-09-13 17:31:19,923 [IPC Server Responder] INFO  ipc.Server (Server.java:run(1713)) - IPC Server Responder: starting
2025-09-13 17:31:19,924 [13facd30-3950-4310-8b1a-93d004abbbdd-EndpointStateMachineTaskThread-/0.0.0.0:15002-0 ] INFO  replication.ReplicationServer (ReplicationServer.java:start(137)) - ReplicationServer is started using port 15033
2025-09-13 17:31:19,924 [13facd30-3950-4310-8b1a-93d004abbbdd-EndpointStateMachineTaskThread-/0.0.0.0:15002-0 ] INFO  ratis.XceiverServerRatis (XceiverServerRatis.java:start(560)) - Starting XceiverServerRatis(13facd30-3950-4310-8b1a-93d004abbbdd)
2025-09-13 17:31:19,924 [IPC Server listener on 15043] INFO  ipc.Server (Server.java:run(1553)) - IPC Server listener on 15043: starting
2025-09-13 17:31:19,926 [13facd30-3950-4310-8b1a-93d004abbbdd-EndpointStateMachineTaskThread-/0.0.0.0:15002-0 ] INFO  server.RaftServer (RaftServerProxy.java:startImpl(412)) - 13facd30-3950-4310-8b1a-93d004abbbdd: start RPC server
2025-09-13 17:31:19,926 [13facd30-3950-4310-8b1a-93d004abbbdd-EndpointStateMachineTaskThread-/0.0.0.0:15002-0 ] INFO  server.GrpcServicesImpl (GrpcServicesImpl.java:startImpl(346)) - 13facd30-3950-4310-8b1a-93d004abbbdd: GrpcServicesImpl started, listening on 15029
2025-09-13 17:31:19,927 [13facd30-3950-4310-8b1a-93d004abbbdd-EndpointStateMachineTaskThread-/0.0.0.0:15002-0 ] INFO  server.GrpcServicesImpl (GrpcServicesImpl.java:startImpl(346)) - 13facd30-3950-4310-8b1a-93d004abbbdd: GrpcServicesImpl started, listening on 15031
2025-09-13 17:31:19,927 [13facd30-3950-4310-8b1a-93d004abbbdd-EndpointStateMachineTaskThread-/0.0.0.0:15002-0 ] INFO  server.GrpcServicesImpl (GrpcServicesImpl.java:startImpl(346)) - 13facd30-3950-4310-8b1a-93d004abbbdd: GrpcServicesImpl started, listening on 15030
2025-09-13 17:31:19,928 [13facd30-3950-4310-8b1a-93d004abbbdd-EndpointStateMachineTaskThread-/0.0.0.0:15002-0 ] INFO  ratis.XceiverServerRatis (XceiverServerRatis.java:getRealPort(587)) - XceiverServerRatis(13facd30-3950-4310-8b1a-93d004abbbdd) is started using port RATIS=15029
2025-09-13 17:31:19,928 [ForkJoinPool-1-worker-1] WARN  dropwizard3.Dm3MetricRegistriesImpl (Dm3MetricRegistriesImpl.java:addReporterRegistration(114)) - New reporters are added after registries were created. Some metrics will be missing from the reporter. Please add reporter before adding any new registry.
2025-09-13 17:31:19,928 [ForkJoinPool-1-worker-1] WARN  dropwizard3.Dm3MetricRegistriesImpl (Dm3MetricRegistriesImpl.java:addReporterRegistration(114)) - New reporters are added after registries were created. Some metrics will be missing from the reporter. Please add reporter before adding any new registry.
2025-09-13 17:31:19,928 [ForkJoinPool-1-worker-1] INFO  impl.MetricsSystemImpl (MetricsSystemImpl.java:init(158)) - HddsDatanode metrics system started (again)
2025-09-13 17:31:19,929 [13facd30-3950-4310-8b1a-93d004abbbdd-EndpointStateMachineTaskThread-/0.0.0.0:15002-0 ] INFO  ratis.XceiverServerRatis (XceiverServerRatis.java:getRealPort(587)) - XceiverServerRatis(13facd30-3950-4310-8b1a-93d004abbbdd) is started using port RATIS_ADMIN=15030
2025-09-13 17:31:19,929 [13facd30-3950-4310-8b1a-93d004abbbdd-EndpointStateMachineTaskThread-/0.0.0.0:15002-0 ] INFO  ratis.XceiverServerRatis (XceiverServerRatis.java:getRealPort(587)) - XceiverServerRatis(13facd30-3950-4310-8b1a-93d004abbbdd) is started using port RATIS_SERVER=15031
2025-09-13 17:31:19,929 [13facd30-3950-4310-8b1a-93d004abbbdd-EndpointStateMachineTaskThread-/0.0.0.0:15002-0 ] INFO  ratis.XceiverServerRatis (XceiverServerRatis.java:getRealPort(587)) - XceiverServerRatis(13facd30-3950-4310-8b1a-93d004abbbdd) is started using port RATIS_DATASTREAM=15032
2025-09-13 17:31:19,929 [JvmPauseMonitor5] INFO  util.JvmPauseMonitor (JvmPauseMonitor.java:run(146)) - JvmPauseMonitor-13facd30-3950-4310-8b1a-93d004abbbdd: Started
2025-09-13 17:31:19,932 [13facd30-3950-4310-8b1a-93d004abbbdd-EndpointStateMachineTaskThread-/0.0.0.0:15002-0 ] INFO  utils.BackgroundService (BackgroundService.java:start(119)) - Starting service BlockDeletingService with interval 60000 milliseconds
2025-09-13 17:31:19,932 [e114cbd1-8f45-4cc5-a8b1-e2bd6cad48a0-DatanodeStateMachineDaemonThread] INFO  statemachine.DatanodeStateMachine (DatanodeStateMachine.java:startStateMachineThread(363)) - Ozone container server started.
2025-09-13 17:31:19,932 [13facd30-3950-4310-8b1a-93d004abbbdd-EndpointStateMachineTaskThread-/0.0.0.0:15002-0 ] INFO  utils.BackgroundService (BackgroundService.java:start(119)) - Starting service StaleRecoveringContainerScrubbingService with interval 60000 milliseconds
2025-09-13 17:31:19,937 [e114cbd1-8f45-4cc5-a8b1-e2bd6cad48a0-DatanodeStateMachineTaskThread-0] INFO  datanode.InitDatanodeState (InitDatanodeState.java:persistContainerDatanodeDetails(139)) - DatanodeDetails is persisted to /home/runner/work/ozone/ozone/hadoop-ozone/integration-test/target/test-dir/MiniOzoneClusterImpl-1331a795-ed08-415d-924a-7661a5cf51a5/ozone-metadata/datanode-5/ozone-metadata/datanode.id
2025-09-13 17:31:19,949 [ForkJoinPool-1-worker-1] INFO  protocol.DatanodeDetails (DatanodeDetails.java:validateDatanodeIpAddress(199)) - Updating IP address of datanode d3aade32-661d-499d-9068-ea1550ed8656(localhost/null) to 127.0.0.1
2025-09-13 17:31:19,949 [ForkJoinPool-1-worker-1] INFO  ozone.HddsDatanodeService (HddsDatanodeService.java:start(236)) - HddsDatanodeService d3aade32-661d-499d-9068-ea1550ed8656(localhost/127.0.0.1)
2025-09-13 17:31:19,952 [ForkJoinPool-1-worker-1] INFO  upgrade.AbstractLayoutVersionManager (AbstractLayoutVersionManager.java:init(80)) - Initializing Layout version manager with metadata layout = WITNESSED_CONTAINER_DB_PROTO_VALUE (version = 9), software layout = WITNESSED_CONTAINER_DB_PROTO_VALUE (version = 9)
2025-09-13 17:31:19,953 [ForkJoinPool-1-worker-1] INFO  statemachine.DatanodeStateMachine (DatanodeStateMachine.java:getEndPointTaskThreadPoolSize(321)) - Datanode State Machine Task Thread Pool size 2
2025-09-13 17:31:19,956 [ForkJoinPool-1-worker-1] INFO  volume.HddsVolume (HddsVolume.java:<init>(162)) - HddsVolume: { id=DS-b3940885-fc9e-4940-8192-5a108e3454f9 dir=/home/runner/work/ozone/ozone/hadoop-ozone/integration-test/target/test-dir/MiniOzoneClusterImpl-1331a795-ed08-415d-924a-7661a5cf51a5/ozone-metadata/datanode-6/data-0/hdds type=DISK capacity=9222449699674390527 used=0 available=9222449699674390527 minFree=9222450130714624 committed=0 }
2025-09-13 17:31:19,956 [ForkJoinPool-1-worker-1] INFO  volume.MutableVolumeSet (MutableVolumeSet.java:initializeVolumeSet(175)) - Added Volume : /home/runner/work/ozone/ozone/hadoop-ozone/integration-test/target/test-dir/MiniOzoneClusterImpl-1331a795-ed08-415d-924a-7661a5cf51a5/ozone-metadata/datanode-6/data-0/hdds to VolumeSet
2025-09-13 17:31:19,957 [22454e81-7bda-41d4-8b71-c0b680f2e12d@group-7661A5CF51A5-StateMachineUpdater] INFO  safemode.SCMSafeModeManager (SCMSafeModeManager.java:validateSafeModeExitRules(138)) - RatisContainerSafeModeRule rule is successfully validated
2025-09-13 17:31:19,958 [22454e81-7bda-41d4-8b71-c0b680f2e12d@group-7661A5CF51A5-StateMachineUpdater] INFO  safemode.HealthyPipelineSafeModeRule (HealthyPipelineSafeModeRule.java:initializeRule(228)) - Refreshed total pipeline count is 0, healthy pipeline threshold count is 1
2025-09-13 17:31:19,958 [22454e81-7bda-41d4-8b71-c0b680f2e12d@group-7661A5CF51A5-StateMachineUpdater] INFO  safemode.SCMSafeModeManager (SCMSafeModeManager.java:validateSafeModeExitRules(138)) - ECContainerSafeModeRule rule is successfully validated
2025-09-13 17:31:19,958 [22454e81-7bda-41d4-8b71-c0b680f2e12d@group-7661A5CF51A5-StateMachineUpdater] INFO  safemode.SCMSafeModeManager (SCMSafeModeManager.java:validateSafeModeExitRules(138)) - AtleastOneDatanodeReportedRule rule is successfully validated
2025-09-13 17:31:19,958 [ForkJoinPool-1-worker-1] INFO  volume.MutableVolumeSet (MutableVolumeSet.java:initializeVolumeSet(175)) - Added Volume : /home/runner/work/ozone/ozone/hadoop-ozone/integration-test/target/test-dir/MiniOzoneClusterImpl-1331a795-ed08-415d-924a-7661a5cf51a5/ozone-metadata/datanode-6/ratis to VolumeSet
2025-09-13 17:31:19,961 [ForkJoinPool-1-worker-1] INFO  ozoneimpl.OzoneContainer (HddsVolumeUtil.java:loadAllHddsVolumeDbStore(102)) - Load 1 volumes DbStore cost: 2ms
2025-09-13 17:31:19,961 [ForkJoinPool-1-worker-1] WARN  db.DBStoreBuilder (DBStoreBuilder.java:getDBDirPath(158)) - ozone.scm.datanode.id.dir is not configured. We recommend adding this setting. Falling back to ozone.metadata.dirs instead.
2025-09-13 17:31:19,962 [ForkJoinPool-1-worker-1] WARN  db.DBStoreBuilder (DBStoreBuilder.java:getDBDirPath(158)) - ozone.scm.datanode.id.dir is not configured. We recommend adding this setting. Falling back to ozone.metadata.dirs instead.
2025-09-13 17:31:19,962 [RatisPipelineUtilsThread-0] INFO  pipeline.BackgroundPipelineCreator (BackgroundPipelineCreator.java:createPipelines(246)) - Created new pipeline Pipeline{ Id: 5743d5ca-d5da-4592-97f7-b4189f5888a1, Nodes: [ {36d876fb-a458-4393-963b-58eeedb8ba95(localhost/127.0.0.1), ReplicaIndex: 0},], ReplicationConfig: RATIS/ONE, State:ALLOCATED, leaderId:, CreationTimestamp2025-09-13T17:31:19.885059997Z[Etc/UTC]}
2025-09-13 17:31:19,975 [ForkJoinPool-1-worker-1] INFO  impl.FilePerChunkStrategy (FilePerChunkStrategy.java:<init>(79)) - ozone.chunk.read.mapped.buffer.max.count is load with 0
2025-09-13 17:31:19,975 [ForkJoinPool-1-worker-1] INFO  impl.FilePerBlockStrategy (FilePerBlockStrategy.java:<init>(88)) - ozone.chunk.read.mapped.buffer.max.count is load with 0
2025-09-13 17:31:19,976 [ForkJoinPool-1-worker-1] INFO  server.RaftServerConfigKeys (ConfUtils.java:logGet(62)) - raft.server.log.appender.buffer.byte-limit = 33554432 (custom)
2025-09-13 17:31:19,978 [ForkJoinPool-1-worker-1] INFO  grpc.GrpcConfigKeys (ConfUtils.java:logFallback(69)) - raft.grpc.admin.host = null (fallback to raft.grpc.server.host)
2025-09-13 17:31:19,978 [ForkJoinPool-1-worker-1] INFO  grpc.GrpcConfigKeys (ConfUtils.java:logGet(62)) - raft.grpc.admin.port = 15054 (custom)
2025-09-13 17:31:19,978 [ForkJoinPool-1-worker-1] INFO  grpc.GrpcConfigKeys (ConfUtils.java:logFallback(69)) - raft.grpc.client.host = null (fallback to raft.grpc.server.host)
2025-09-13 17:31:19,978 [ForkJoinPool-1-worker-1] INFO  grpc.GrpcConfigKeys (ConfUtils.java:logGet(62)) - raft.grpc.client.port = 15053 (custom)
2025-09-13 17:31:19,978 [ForkJoinPool-1-worker-1] INFO  grpc.GrpcConfigKeys (ConfUtils.java:logGet(62)) - raft.grpc.server.port = 15055 (custom)
2025-09-13 17:31:19,978 [ForkJoinPool-1-worker-1] INFO  server.GrpcServicesImpl (ConfUtils.java:logGet(62)) - raft.grpc.message.size.max = 34603008 (custom)
2025-09-13 17:31:19,979 [ForkJoinPool-1-worker-1] INFO  server.GrpcServicesImpl (ConfUtils.java:logGet(62)) - raft.grpc.flow.control.window = 5MB (=5242880) (custom)
2025-09-13 17:31:19,979 [ForkJoinPool-1-worker-1] INFO  server.RaftServerConfigKeys (ConfUtils.java:logGet(62)) - raft.server.log.appender.buffer.byte-limit = 33554432 (custom)
2025-09-13 17:31:19,981 [ForkJoinPool-1-worker-1] INFO  netty.NettyUtils (NettyUtils.java:newEventLoopGroup(74)) - Create EpollEventLoopGroup for d3aade32-661d-499d-9068-ea1550ed8656-NettyServerStreamRpc-bossGroup; Thread size is 0.
2025-09-13 17:31:19,981 [ForkJoinPool-1-worker-1] INFO  netty.NettyUtils (NettyUtils.java:newEventLoopGroup(74)) - Create EpollEventLoopGroup for d3aade32-661d-499d-9068-ea1550ed8656-NettyServerStreamRpc-workerGroup; Thread size is 0.
2025-09-13 17:31:19,982 [ForkJoinPool-1-worker-1] INFO  netty.NettyConfigKeys$DataStream (ConfUtils.java:logGet(62)) - raft.netty.dataStream.port = 15056 (custom)
2025-09-13 17:31:19,982 [ForkJoinPool-1-worker-1] INFO  server.RaftServerConfigKeys (ConfUtils.java:logGet(62)) - raft.server.storage.dir = [/home/runner/work/ozone/ozone/hadoop-ozone/integration-test/target/test-dir/MiniOzoneClusterImpl-1331a795-ed08-415d-924a-7661a5cf51a5/ozone-metadata/datanode-6/ratis] (custom)
2025-09-13 17:31:19,983 [d3aade32-661d-499d-9068-ea1550ed8656-NettyServerStreamRpc-bossGroup--thread1] INFO  logging.LoggingHandler (AbstractInternalLogger.java:log(148)) - [id: 0x33605763] REGISTERED
2025-09-13 17:31:19,983 [d3aade32-661d-499d-9068-ea1550ed8656-NettyServerStreamRpc-bossGroup--thread1] INFO  logging.LoggingHandler (AbstractInternalLogger.java:log(148)) - [id: 0x33605763] BIND: 0.0.0.0/0.0.0.0:15056
2025-09-13 17:31:19,983 [d3aade32-661d-499d-9068-ea1550ed8656-NettyServerStreamRpc-bossGroup--thread1] INFO  logging.LoggingHandler (AbstractInternalLogger.java:log(148)) - [id: 0x33605763, L:/0.0.0.0:15056] ACTIVE
2025-09-13 17:31:19,983 [d3aade32-661d-499d-9068-ea1550ed8656-impl-thread1] INFO  server.RaftServer (RaftServerProxy.java:initGroupDir(270)) - d3aade32-661d-499d-9068-ea1550ed8656: found a subdirectory /home/runner/work/ozone/ozone/hadoop-ozone/integration-test/target/test-dir/MiniOzoneClusterImpl-1331a795-ed08-415d-924a-7661a5cf51a5/ozone-metadata/datanode-6/ratis/tmp
2025-09-13 17:31:19,983 [d3aade32-661d-499d-9068-ea1550ed8656-impl-thread1] INFO  server.RaftServer (RaftServerProxy.java:initGroupDir(275)) - d3aade32-661d-499d-9068-ea1550ed8656: The directory /home/runner/work/ozone/ozone/hadoop-ozone/integration-test/target/test-dir/MiniOzoneClusterImpl-1331a795-ed08-415d-924a-7661a5cf51a5/ozone-metadata/datanode-6/ratis/tmp is not a group directory; ignoring it. 
2025-09-13 17:31:19,984 [ForkJoinPool-1-worker-1] INFO  replication.ReplicationServer (ReplicationServer.java:<init>(84)) - Initializing replication server with thread count = 10 queue length = 4096
2025-09-13 17:31:19,985 [ForkJoinPool-1-worker-1] INFO  server.XceiverServerGrpc (XceiverServerGrpc.java:<init>(130)) - GrpcServer channel type EpollServerSocketChannel
2025-09-13 17:31:19,987 [ForkJoinPool-1-worker-1] INFO  replication.ReplicationSupervisor (ReplicationSupervisor.java:build(169)) - Initializing replication supervisor with thread count = 10
2025-09-13 17:31:19,987 [ForkJoinPool-1-worker-1] INFO  replication.ReplicationSupervisor (ReplicationSupervisor.java:nodeStateUpdated(358)) - Node state updated to IN_SERVICE, scaling executor pool size to 10
2025-09-13 17:31:19,990 [ForkJoinPool-1-worker-1] INFO  http.BaseHttpServer (BaseHttpServer.java:newHttpServer2BuilderForOzone(227)) - Starting Web-server for hddsDatanode at: http://0.0.0.0:15050
2025-09-13 17:31:19,990 [ForkJoinPool-1-worker-1] INFO  http.BaseHttpServer (BaseHttpServer.java:<init>(105)) - Hadoop Security Enabled: false Ozone Security Enabled: false Ozone HTTP Security Enabled: false 
2025-09-13 17:31:19,992 [ForkJoinPool-1-worker-1] WARN  server.AuthenticationFilter (AuthenticationFilter.java:constructSecretProvider(240)) - Unable to initialize FileSignerSecretProvider, falling back to use random secrets. Reason: Could not read signature secret file: /home/runner/hadoop-http-auth-signature-secret
2025-09-13 17:31:19,995 [ForkJoinPool-1-worker-1] INFO  http.HttpServer2 (HttpServer2.java:addGlobalFilter(1041)) - Added global filter 'safety' (class=org.apache.hadoop.hdds.server.http.HttpServer2$QuotingInputFilter)
2025-09-13 17:31:19,998 [ForkJoinPool-1-worker-1] INFO  http.HttpServer2 (HttpServer2.java:addFilter(1017)) - Added filter static_user_filter (class=org.apache.hadoop.http.lib.StaticUserWebFilter$StaticUserFilter) to context hddsDatanode
2025-09-13 17:31:19,998 [ForkJoinPool-1-worker-1] INFO  http.HttpServer2 (HttpServer2.java:addFilter(1025)) - Added filter static_user_filter (class=org.apache.hadoop.http.lib.StaticUserWebFilter$StaticUserFilter) to context static
2025-09-13 17:31:19,998 [ForkJoinPool-1-worker-1] INFO  http.HttpServer2 (HttpServer2.java:addFilter(1025)) - Added filter static_user_filter (class=org.apache.hadoop.http.lib.StaticUserWebFilter$StaticUserFilter) to context logs
2025-09-13 17:31:19,998 [ForkJoinPool-1-worker-1] INFO  http.BaseHttpServer (BaseHttpServer.java:<init>(193)) - HTTP server of hddsDatanode uses base directory /home/runner/work/ozone/ozone/hadoop-ozone/integration-test/target/test-dir/MiniOzoneClusterImpl-1331a795-ed08-415d-924a-7661a5cf51a5/scm/ozone-metadata/webserver
2025-09-13 17:31:19,998 [ForkJoinPool-1-worker-1] INFO  http.HttpServer2 (HttpServer2.java:bindListener(1241)) - Jetty bound to port 15050
2025-09-13 17:31:19,999 [ForkJoinPool-1-worker-1] INFO  server.Server (Server.java:doStart(375)) - jetty-9.4.58.v20250814; built: 2025-08-14T02:28:49.637Z; git: 8f1440587e9e4ae7db3d74cf205643f3d707148d; jvm 21.0.8+9-LTS
2025-09-13 17:31:20,001 [ForkJoinPool-1-worker-1] INFO  server.session (DefaultSessionIdManager.java:doStart(334)) - DefaultSessionIdManager workerName=node0
2025-09-13 17:31:20,002 [ForkJoinPool-1-worker-1] INFO  server.session (DefaultSessionIdManager.java:doStart(339)) - No SessionScavenger set, using defaults
2025-09-13 17:31:20,002 [ForkJoinPool-1-worker-1] INFO  server.session (HouseKeeper.java:startScavenging(132)) - node0 Scavenging every 660000ms
2025-09-13 17:31:20,003 [ForkJoinPool-1-worker-1] INFO  handler.ContextHandler (ContextHandler.java:doStart(921)) - Started o.e.j.s.ServletContextHandler@16cac612{logs,/logs,file:///home/runner/work/ozone/ozone/hadoop-ozone/integration-test/target/log,AVAILABLE}
2025-09-13 17:31:20,003 [ForkJoinPool-1-worker-1] INFO  handler.ContextHandler (ContextHandler.java:doStart(921)) - Started o.e.j.s.ServletContextHandler@4a774ea4{static,/static,jar:file:/home/runner/work/ozone/ozone/hadoop-hdds/container-service/target/hdds-container-service-2.1.0-SNAPSHOT.jar!/webapps/static,AVAILABLE}
2025-09-13 17:31:20,102 [IPC Server handler 9 on default port 15002] INFO  net.NetworkTopologyImpl (NetworkTopologyImpl.java:add(133)) - Added a new node: /rack1/9e23e878-9bb3-42b5-8b94-e0e229812e65
2025-09-13 17:31:20,103 [IPC Server handler 9 on default port 15002] INFO  node.SCMNodeManager (SCMNodeManager.java:register(423)) - Registered datanode: 9e23e878-9bb3-42b5-8b94-e0e229812e65{ip: 127.0.0.1, host: localhost, ports: [HTTP=15018, CLIENT_RPC=15019, REPLICATION=15025, RATIS=15021, RATIS_ADMIN=15022, RATIS_SERVER=15023, RATIS_DATASTREAM=15024, STANDALONE=15020], networkLocation: /rack1, certSerialId: null, persistedOpState: null, persistedOpStateExpiryEpochSec: 0}
2025-09-13 17:31:20,103 [EventQueue-PipelineReportForOneReplicaPipelineSafeModeRule] INFO  safemode.SCMSafeModeManager (SCMSafeModeManager.java:validateSafeModeExitRules(138)) - AtleastOneDatanodeReportedRule rule is successfully validated
2025-09-13 17:31:20,103 [EventQueue-NodeRegistrationContainerReportForDataNodeSafeModeRule] INFO  safemode.SCMSafeModeManager (DataNodeSafeModeRule.java:process(80)) - SCM in safe mode. 2 DataNodes registered, 3 required.
2025-09-13 17:31:20,103 [EventQueue-ContainerRegistrationReportForECContainerSafeModeRule] INFO  safemode.SCMSafeModeManager (SCMSafeModeManager.java:validateSafeModeExitRules(138)) - ECContainerSafeModeRule rule is successfully validated
2025-09-13 17:31:20,104 [EventQueue-ContainerRegistrationReportForRatisContainerSafeModeRule] INFO  safemode.SCMSafeModeManager (SCMSafeModeManager.java:validateSafeModeExitRules(138)) - RatisContainerSafeModeRule rule is successfully validated
2025-09-13 17:31:20,104 [EventQueue-NewNodeForNewNodeHandler] INFO  pipeline.BackgroundPipelineCreator (BackgroundPipelineCreator.java:notifyEventTriggered(290)) - trigger a one-shot run on RatisPipelineUtilsThread.
2025-09-13 17:31:20,105 [RatisPipelineUtilsThread-0] INFO  pipeline.RatisPipelineProvider (RatisPipelineProvider.java:lambda$create$0(208)) - Sending CreatePipelineCommand for pipeline:Pipeline-54881f30-52cb-4c23-b1bd-833cc251c4c4 to datanode:9e23e878-9bb3-42b5-8b94-e0e229812e65(localhost/127.0.0.1)
2025-09-13 17:31:20,109 [22454e81-7bda-41d4-8b71-c0b680f2e12d@group-7661A5CF51A5-StateMachineUpdater] INFO  safemode.SCMSafeModeManager (SCMSafeModeManager.java:validateSafeModeExitRules(138)) - RatisContainerSafeModeRule rule is successfully validated
2025-09-13 17:31:20,109 [22454e81-7bda-41d4-8b71-c0b680f2e12d@group-7661A5CF51A5-StateMachineUpdater] INFO  safemode.HealthyPipelineSafeModeRule (HealthyPipelineSafeModeRule.java:initializeRule(228)) - Refreshed total pipeline count is 0, healthy pipeline threshold count is 1
2025-09-13 17:31:20,110 [22454e81-7bda-41d4-8b71-c0b680f2e12d@group-7661A5CF51A5-StateMachineUpdater] INFO  safemode.SCMSafeModeManager (SCMSafeModeManager.java:validateSafeModeExitRules(138)) - ECContainerSafeModeRule rule is successfully validated
2025-09-13 17:31:20,110 [22454e81-7bda-41d4-8b71-c0b680f2e12d@group-7661A5CF51A5-StateMachineUpdater] INFO  safemode.SCMSafeModeManager (SCMSafeModeManager.java:validateSafeModeExitRules(138)) - AtleastOneDatanodeReportedRule rule is successfully validated
2025-09-13 17:31:20,110 [RatisPipelineUtilsThread-0] INFO  pipeline.BackgroundPipelineCreator (BackgroundPipelineCreator.java:createPipelines(246)) - Created new pipeline Pipeline{ Id: 54881f30-52cb-4c23-b1bd-833cc251c4c4, Nodes: [ {9e23e878-9bb3-42b5-8b94-e0e229812e65(localhost/127.0.0.1), ReplicaIndex: 0},], ReplicationConfig: RATIS/ONE, State:ALLOCATED, leaderId:, CreationTimestamp2025-09-13T17:31:20.105058220Z[Etc/UTC]}
2025-09-13 17:31:20,163 [ForkJoinPool-1-worker-1] INFO  handler.ContextHandler (ContextHandler.java:doStart(921)) - Started o.e.j.w.WebAppContext@63c60c8{hddsDatanode,/,file:///home/runner/work/ozone/ozone/hadoop-ozone/integration-test/target/test-dir/MiniOzoneClusterImpl-1331a795-ed08-415d-924a-7661a5cf51a5/scm/ozone-metadata/webserver/jetty-0_0_0_0-15050-hdds-container-service-2_1_0-SNAPSHOT_jar-_-any-8481287197245899140/webapp/,AVAILABLE}{jar:file:/home/runner/work/ozone/ozone/hadoop-hdds/container-service/target/hdds-container-service-2.1.0-SNAPSHOT.jar!/webapps/hddsDatanode}
2025-09-13 17:31:20,165 [ForkJoinPool-1-worker-1] INFO  server.AbstractConnector (AbstractConnector.java:doStart(333)) - Started ServerConnector@153da200{HTTP/1.1, (http/1.1)}{0.0.0.0:15050}
2025-09-13 17:31:20,165 [ForkJoinPool-1-worker-1] INFO  server.Server (Server.java:doStart(415)) - Started @12750ms
2025-09-13 17:31:20,166 [ForkJoinPool-1-worker-1] WARN  impl.MetricsSystemImpl (MetricsSystemImpl.java:register(279)) - Sink prometheus already exists!
2025-09-13 17:31:20,166 [ForkJoinPool-1-worker-1] INFO  http.BaseHttpServer (BaseHttpServer.java:updateConnectorAddress(357)) - HTTP server of hddsDatanode listening at http://localhost:15050
2025-09-13 17:31:20,166 [ForkJoinPool-1-worker-1] INFO  ipc.CallQueueManager (CallQueueManager.java:<init>(93)) - Using callQueue: class java.util.concurrent.LinkedBlockingQueue, queueCapacity: 1000, scheduler: class org.apache.hadoop.ipc.DefaultRpcScheduler, ipcBackoff: false, ipcFailOver: false.
2025-09-13 17:31:20,166 [ForkJoinPool-1-worker-1] INFO  ipc.Server (Server.java:<init>(1438)) - Listener at 0.0.0.0:15051
2025-09-13 17:31:20,167 [Socket Reader #1 for port 15051] INFO  ipc.Server (Server.java:run(1474)) - Starting Socket Reader #1 for port 15051
2025-09-13 17:31:20,168 [Socket Reader #3 for port 15051] INFO  ipc.Server (Server.java:run(1474)) - Starting Socket Reader #3 for port 15051
2025-09-13 17:31:20,168 [Socket Reader #2 for port 15051] INFO  ipc.Server (Server.java:run(1474)) - Starting Socket Reader #2 for port 15051
2025-09-13 17:31:20,168 [Socket Reader #4 for port 15051] INFO  ipc.Server (Server.java:run(1474)) - Starting Socket Reader #4 for port 15051
2025-09-13 17:31:20,169 [Socket Reader #5 for port 15051] INFO  ipc.Server (Server.java:run(1474)) - Starting Socket Reader #5 for port 15051
2025-09-13 17:31:20,169 [Socket Reader #6 for port 15051] INFO  ipc.Server (Server.java:run(1474)) - Starting Socket Reader #6 for port 15051
2025-09-13 17:31:20,171 [Socket Reader #8 for port 15051] INFO  ipc.Server (Server.java:run(1474)) - Starting Socket Reader #8 for port 15051
2025-09-13 17:31:20,171 [Socket Reader #7 for port 15051] INFO  ipc.Server (Server.java:run(1474)) - Starting Socket Reader #7 for port 15051
2025-09-13 17:31:20,172 [Socket Reader #9 for port 15051] INFO  ipc.Server (Server.java:run(1474)) - Starting Socket Reader #9 for port 15051
2025-09-13 17:31:20,172 [Socket Reader #10 for port 15051] INFO  ipc.Server (Server.java:run(1474)) - Starting Socket Reader #10 for port 15051
2025-09-13 17:31:20,175 [ForkJoinPool-1-worker-1] INFO  ozone.HddsDatanodeService (HddsDatanodeService.java:start(333)) - Datanode start with admins: [admin, runner]
2025-09-13 17:31:20,175 [ForkJoinPool-1-worker-1] INFO  ozone.HddsDatanodeClientProtocolServer (HddsDatanodeClientProtocolServer.java:start(76)) - RPC server for Client /0.0.0.0:15051
2025-09-13 17:31:20,176 [IPC Server Responder] INFO  ipc.Server (Server.java:run(1713)) - IPC Server Responder: starting
2025-09-13 17:31:20,177 [IPC Server listener on 15051] INFO  ipc.Server (Server.java:run(1553)) - IPC Server listener on 15051: starting
2025-09-13 17:31:20,182 [ForkJoinPool-1-worker-1] WARN  dropwizard3.Dm3MetricRegistriesImpl (Dm3MetricRegistriesImpl.java:addReporterRegistration(114)) - New reporters are added after registries were created. Some metrics will be missing from the reporter. Please add reporter before adding any new registry.
2025-09-13 17:31:20,182 [ForkJoinPool-1-worker-1] WARN  dropwizard3.Dm3MetricRegistriesImpl (Dm3MetricRegistriesImpl.java:addReporterRegistration(114)) - New reporters are added after registries were created. Some metrics will be missing from the reporter. Please add reporter before adding any new registry.
2025-09-13 17:31:20,182 [ForkJoinPool-1-worker-1] INFO  impl.MetricsSystemImpl (MetricsSystemImpl.java:init(158)) - HddsDatanode metrics system started (again)
2025-09-13 17:31:20,185 [d3aade32-661d-499d-9068-ea1550ed8656-DatanodeStateMachineDaemonThread] INFO  statemachine.DatanodeStateMachine (DatanodeStateMachine.java:startStateMachineThread(363)) - Ozone container server started.
2025-09-13 17:31:20,190 [d3aade32-661d-499d-9068-ea1550ed8656-DatanodeStateMachineTaskThread-0] INFO  datanode.InitDatanodeState (InitDatanodeState.java:persistContainerDatanodeDetails(139)) - DatanodeDetails is persisted to /home/runner/work/ozone/ozone/hadoop-ozone/integration-test/target/test-dir/MiniOzoneClusterImpl-1331a795-ed08-415d-924a-7661a5cf51a5/ozone-metadata/datanode-6/ozone-metadata/datanode.id
2025-09-13 17:31:20,205 [ForkJoinPool-1-worker-1] INFO  protocol.DatanodeDetails (DatanodeDetails.java:validateDatanodeIpAddress(199)) - Updating IP address of datanode 3dbe4e49-25e9-43f5-94e0-3ca31f2aaaf2(localhost/null) to 127.0.0.1
2025-09-13 17:31:20,205 [ForkJoinPool-1-worker-1] INFO  ozone.HddsDatanodeService (HddsDatanodeService.java:start(236)) - HddsDatanodeService 3dbe4e49-25e9-43f5-94e0-3ca31f2aaaf2(localhost/127.0.0.1)
2025-09-13 17:31:20,207 [beda0dcb-37da-4cca-bea2-e222cb1bc351-EndpointStateMachineTaskThread-/0.0.0.0:15002-0 ] INFO  utils.DatanodeStoreCache (DatanodeStoreCache.java:addDB(70)) - Added db /home/runner/work/ozone/ozone/hadoop-ozone/integration-test/target/test-dir/MiniOzoneClusterImpl-1331a795-ed08-415d-924a-7661a5cf51a5/ozone-metadata/datanode-4/data-0/hdds/1331a795-ed08-415d-924a-7661a5cf51a5/DS-e1c55588-49a5-4291-a123-18ab5048c25f/container.db to cache
2025-09-13 17:31:20,208 [beda0dcb-37da-4cca-bea2-e222cb1bc351-EndpointStateMachineTaskThread-/0.0.0.0:15002-0 ] INFO  volume.HddsVolume (HddsVolume.java:createDbStore(576)) - SchemaV3 db is created and loaded at /home/runner/work/ozone/ozone/hadoop-ozone/integration-test/target/test-dir/MiniOzoneClusterImpl-1331a795-ed08-415d-924a-7661a5cf51a5/ozone-metadata/datanode-4/data-0/hdds/1331a795-ed08-415d-924a-7661a5cf51a5/DS-e1c55588-49a5-4291-a123-18ab5048c25f/container.db for volume DS-e1c55588-49a5-4291-a123-18ab5048c25f
2025-09-13 17:31:20,209 [ForkJoinPool-1-worker-1] INFO  upgrade.AbstractLayoutVersionManager (AbstractLayoutVersionManager.java:init(80)) - Initializing Layout version manager with metadata layout = WITNESSED_CONTAINER_DB_PROTO_VALUE (version = 9), software layout = WITNESSED_CONTAINER_DB_PROTO_VALUE (version = 9)
2025-09-13 17:31:20,209 [ForkJoinPool-1-worker-1] INFO  statemachine.DatanodeStateMachine (DatanodeStateMachine.java:getEndPointTaskThreadPoolSize(321)) - Datanode State Machine Task Thread Pool size 2
2025-09-13 17:31:20,213 [beda0dcb-37da-4cca-bea2-e222cb1bc351-ContainerReader-0] INFO  ozoneimpl.ContainerReader (ContainerReader.java:readVolume(147)) - Start to verify containers on volume /home/runner/work/ozone/ozone/hadoop-ozone/integration-test/target/test-dir/MiniOzoneClusterImpl-1331a795-ed08-415d-924a-7661a5cf51a5/ozone-metadata/datanode-4/data-0/hdds
2025-09-13 17:31:20,214 [beda0dcb-37da-4cca-bea2-e222cb1bc351-ContainerReader-0] INFO  ozoneimpl.ContainerReader (ContainerReader.java:readVolume(177)) - Finish verifying containers on volume /home/runner/work/ozone/ozone/hadoop-ozone/integration-test/target/test-dir/MiniOzoneClusterImpl-1331a795-ed08-415d-924a-7661a5cf51a5/ozone-metadata/datanode-4/data-0/hdds
2025-09-13 17:31:20,214 [beda0dcb-37da-4cca-bea2-e222cb1bc351-EndpointStateMachineTaskThread-/0.0.0.0:15002-0 ] INFO  ozoneimpl.OzoneContainer (OzoneContainer.java:buildContainerSet(370)) - Build ContainerSet costs 0s
2025-09-13 17:31:20,214 [beda0dcb-37da-4cca-bea2-e222cb1bc351-EndpointStateMachineTaskThread-/0.0.0.0:15002-0 ] INFO  volume.ThrottledAsyncChecker (ThrottledAsyncChecker.java:schedule(138)) - Scheduling a check for /home/runner/work/ozone/ozone/hadoop-ozone/integration-test/target/test-dir/MiniOzoneClusterImpl-1331a795-ed08-415d-924a-7661a5cf51a5/ozone-metadata/datanode-4/data-0/hdds
2025-09-13 17:31:20,215 [ForkJoinPool-1-worker-1] INFO  volume.HddsVolume (HddsVolume.java:<init>(162)) - HddsVolume: { id=DS-585967f7-582a-4fb6-8a3e-64deff344213 dir=/home/runner/work/ozone/ozone/hadoop-ozone/integration-test/target/test-dir/MiniOzoneClusterImpl-1331a795-ed08-415d-924a-7661a5cf51a5/ozone-metadata/datanode-7/data-0/hdds type=DISK capacity=9222449699674390527 used=0 available=9222449699674390527 minFree=9222450130714624 committed=0 }
2025-09-13 17:31:20,215 [ForkJoinPool-1-worker-1] INFO  volume.MutableVolumeSet (MutableVolumeSet.java:initializeVolumeSet(175)) - Added Volume : /home/runner/work/ozone/ozone/hadoop-ozone/integration-test/target/test-dir/MiniOzoneClusterImpl-1331a795-ed08-415d-924a-7661a5cf51a5/ozone-metadata/datanode-7/data-0/hdds to VolumeSet
2025-09-13 17:31:20,215 [beda0dcb-37da-4cca-bea2-e222cb1bc351-EndpointStateMachineTaskThread-/0.0.0.0:15002-0 ] INFO  volume.StorageVolumeChecker (StorageVolumeChecker.java:checkAllVolumes(231)) - Scheduled health check for volume /home/runner/work/ozone/ozone/hadoop-ozone/integration-test/target/test-dir/MiniOzoneClusterImpl-1331a795-ed08-415d-924a-7661a5cf51a5/ozone-metadata/datanode-4/data-0/hdds
2025-09-13 17:31:20,216 [ForkJoinPool-1-worker-1] INFO  volume.MutableVolumeSet (MutableVolumeSet.java:initializeVolumeSet(175)) - Added Volume : /home/runner/work/ozone/ozone/hadoop-ozone/integration-test/target/test-dir/MiniOzoneClusterImpl-1331a795-ed08-415d-924a-7661a5cf51a5/ozone-metadata/datanode-7/ratis to VolumeSet
2025-09-13 17:31:20,217 [ForkJoinPool-1-worker-1] INFO  ozoneimpl.OzoneContainer (HddsVolumeUtil.java:loadAllHddsVolumeDbStore(102)) - Load 1 volumes DbStore cost: 0ms
2025-09-13 17:31:20,218 [ForkJoinPool-1-worker-1] WARN  db.DBStoreBuilder (DBStoreBuilder.java:getDBDirPath(158)) - ozone.scm.datanode.id.dir is not configured. We recommend adding this setting. Falling back to ozone.metadata.dirs instead.
2025-09-13 17:31:20,219 [ForkJoinPool-1-worker-1] WARN  db.DBStoreBuilder (DBStoreBuilder.java:getDBDirPath(158)) - ozone.scm.datanode.id.dir is not configured. We recommend adding this setting. Falling back to ozone.metadata.dirs instead.
2025-09-13 17:31:20,221 [beda0dcb-37da-4cca-bea2-e222cb1bc351-EndpointStateMachineTaskThread-/0.0.0.0:15002-0 ] INFO  volume.ThrottledAsyncChecker (ThrottledAsyncChecker.java:schedule(138)) - Scheduling a check for /home/runner/work/ozone/ozone/hadoop-ozone/integration-test/target/test-dir/MiniOzoneClusterImpl-1331a795-ed08-415d-924a-7661a5cf51a5/ozone-metadata/datanode-4/ratis
2025-09-13 17:31:20,222 [beda0dcb-37da-4cca-bea2-e222cb1bc351-EndpointStateMachineTaskThread-/0.0.0.0:15002-0 ] INFO  volume.StorageVolumeChecker (StorageVolumeChecker.java:checkAllVolumes(231)) - Scheduled health check for volume /home/runner/work/ozone/ozone/hadoop-ozone/integration-test/target/test-dir/MiniOzoneClusterImpl-1331a795-ed08-415d-924a-7661a5cf51a5/ozone-metadata/datanode-4/ratis
2025-09-13 17:31:20,223 [beda0dcb-37da-4cca-bea2-e222cb1bc351-EndpointStateMachineTaskThread-/0.0.0.0:15002-0 ] INFO  ozoneimpl.OzoneContainer (OzoneContainer.java:start(525)) - Attempting to start container services.
2025-09-13 17:31:20,224 [ContainerMetadataScanner] INFO  ozoneimpl.AbstractBackgroundContainerScanner (AbstractBackgroundContainerScanner.java:runIteration(89)) - Completed an iteration in 0 minutes. Number of iterations (since the data-node restart) : 1, Number of containers scanned in this iteration : 0, Number of unhealthy containers found in this iteration : 0
2025-09-13 17:31:20,224 [ContainerDataScanner(/home/runner/work/ozone/ozone/hadoop-ozone/integration-test/target/test-dir/MiniOzoneClusterImpl-1331a795-ed08-415d-924a-7661a5cf51a5/ozone-metadata/datanode-4/data-0/hdds)] INFO  ozoneimpl.AbstractBackgroundContainerScanner (AbstractBackgroundContainerScanner.java:runIteration(89)) - Completed an iteration in 0 minutes. Number of iterations (since the data-node restart) : 1, Number of containers scanned in this iteration : 0, Number of unhealthy containers found in this iteration : 0
2025-09-13 17:31:20,225 [beda0dcb-37da-4cca-bea2-e222cb1bc351-EndpointStateMachineTaskThread-/0.0.0.0:15002-0 ] INFO  replication.ReplicationServer (ReplicationServer.java:start(137)) - ReplicationServer is started using port 15041
2025-09-13 17:31:20,225 [beda0dcb-37da-4cca-bea2-e222cb1bc351-EndpointStateMachineTaskThread-/0.0.0.0:15002-0 ] INFO  ratis.XceiverServerRatis (XceiverServerRatis.java:start(560)) - Starting XceiverServerRatis(beda0dcb-37da-4cca-bea2-e222cb1bc351)
2025-09-13 17:31:20,226 [beda0dcb-37da-4cca-bea2-e222cb1bc351-EndpointStateMachineTaskThread-/0.0.0.0:15002-0 ] INFO  server.RaftServer (RaftServerProxy.java:startImpl(412)) - beda0dcb-37da-4cca-bea2-e222cb1bc351: start RPC server
2025-09-13 17:31:20,226 [beda0dcb-37da-4cca-bea2-e222cb1bc351-EndpointStateMachineTaskThread-/0.0.0.0:15002-0 ] INFO  server.GrpcServicesImpl (GrpcServicesImpl.java:startImpl(346)) - beda0dcb-37da-4cca-bea2-e222cb1bc351: GrpcServicesImpl started, listening on 15037
2025-09-13 17:31:20,227 [beda0dcb-37da-4cca-bea2-e222cb1bc351-EndpointStateMachineTaskThread-/0.0.0.0:15002-0 ] INFO  server.GrpcServicesImpl (GrpcServicesImpl.java:startImpl(346)) - beda0dcb-37da-4cca-bea2-e222cb1bc351: GrpcServicesImpl started, listening on 15039
2025-09-13 17:31:20,227 [beda0dcb-37da-4cca-bea2-e222cb1bc351-EndpointStateMachineTaskThread-/0.0.0.0:15002-0 ] INFO  server.GrpcServicesImpl (GrpcServicesImpl.java:startImpl(346)) - beda0dcb-37da-4cca-bea2-e222cb1bc351: GrpcServicesImpl started, listening on 15038
2025-09-13 17:31:20,228 [beda0dcb-37da-4cca-bea2-e222cb1bc351-EndpointStateMachineTaskThread-/0.0.0.0:15002-0 ] INFO  ratis.XceiverServerRatis (XceiverServerRatis.java:getRealPort(587)) - XceiverServerRatis(beda0dcb-37da-4cca-bea2-e222cb1bc351) is started using port RATIS=15037
2025-09-13 17:31:20,228 [JvmPauseMonitor6] INFO  util.JvmPauseMonitor (JvmPauseMonitor.java:run(146)) - JvmPauseMonitor-beda0dcb-37da-4cca-bea2-e222cb1bc351: Started
2025-09-13 17:31:20,228 [beda0dcb-37da-4cca-bea2-e222cb1bc351-EndpointStateMachineTaskThread-/0.0.0.0:15002-0 ] INFO  ratis.XceiverServerRatis (XceiverServerRatis.java:getRealPort(587)) - XceiverServerRatis(beda0dcb-37da-4cca-bea2-e222cb1bc351) is started using port RATIS_ADMIN=15038
2025-09-13 17:31:20,228 [beda0dcb-37da-4cca-bea2-e222cb1bc351-EndpointStateMachineTaskThread-/0.0.0.0:15002-0 ] INFO  ratis.XceiverServerRatis (XceiverServerRatis.java:getRealPort(587)) - XceiverServerRatis(beda0dcb-37da-4cca-bea2-e222cb1bc351) is started using port RATIS_SERVER=15039
2025-09-13 17:31:20,228 [beda0dcb-37da-4cca-bea2-e222cb1bc351-EndpointStateMachineTaskThread-/0.0.0.0:15002-0 ] INFO  ratis.XceiverServerRatis (XceiverServerRatis.java:getRealPort(587)) - XceiverServerRatis(beda0dcb-37da-4cca-bea2-e222cb1bc351) is started using port RATIS_DATASTREAM=15040
2025-09-13 17:31:20,229 [beda0dcb-37da-4cca-bea2-e222cb1bc351-EndpointStateMachineTaskThread-/0.0.0.0:15002-0 ] INFO  utils.BackgroundService (BackgroundService.java:start(119)) - Starting service BlockDeletingService with interval 60000 milliseconds
2025-09-13 17:31:20,230 [beda0dcb-37da-4cca-bea2-e222cb1bc351-EndpointStateMachineTaskThread-/0.0.0.0:15002-0 ] INFO  utils.BackgroundService (BackgroundService.java:start(119)) - Starting service StaleRecoveringContainerScrubbingService with interval 60000 milliseconds
2025-09-13 17:31:20,240 [ForkJoinPool-1-worker-1] INFO  impl.FilePerChunkStrategy (FilePerChunkStrategy.java:<init>(79)) - ozone.chunk.read.mapped.buffer.max.count is load with 0
2025-09-13 17:31:20,240 [ForkJoinPool-1-worker-1] INFO  impl.FilePerBlockStrategy (FilePerBlockStrategy.java:<init>(88)) - ozone.chunk.read.mapped.buffer.max.count is load with 0
2025-09-13 17:31:20,241 [ForkJoinPool-1-worker-1] INFO  server.RaftServerConfigKeys (ConfUtils.java:logGet(62)) - raft.server.log.appender.buffer.byte-limit = 33554432 (custom)
2025-09-13 17:31:20,242 [ForkJoinPool-1-worker-1] INFO  grpc.GrpcConfigKeys (ConfUtils.java:logFallback(69)) - raft.grpc.admin.host = null (fallback to raft.grpc.server.host)
2025-09-13 17:31:20,243 [ForkJoinPool-1-worker-1] INFO  grpc.GrpcConfigKeys (ConfUtils.java:logGet(62)) - raft.grpc.admin.port = 15062 (custom)
2025-09-13 17:31:20,243 [ForkJoinPool-1-worker-1] INFO  grpc.GrpcConfigKeys (ConfUtils.java:logFallback(69)) - raft.grpc.client.host = null (fallback to raft.grpc.server.host)
2025-09-13 17:31:20,243 [ForkJoinPool-1-worker-1] INFO  grpc.GrpcConfigKeys (ConfUtils.java:logGet(62)) - raft.grpc.client.port = 15061 (custom)
2025-09-13 17:31:20,243 [ForkJoinPool-1-worker-1] INFO  grpc.GrpcConfigKeys (ConfUtils.java:logGet(62)) - raft.grpc.server.port = 15063 (custom)
2025-09-13 17:31:20,243 [ForkJoinPool-1-worker-1] INFO  server.GrpcServicesImpl (ConfUtils.java:logGet(62)) - raft.grpc.message.size.max = 34603008 (custom)
2025-09-13 17:31:20,243 [ForkJoinPool-1-worker-1] INFO  server.GrpcServicesImpl (ConfUtils.java:logGet(62)) - raft.grpc.flow.control.window = 5MB (=5242880) (custom)
2025-09-13 17:31:20,243 [ForkJoinPool-1-worker-1] INFO  server.RaftServerConfigKeys (ConfUtils.java:logGet(62)) - raft.server.log.appender.buffer.byte-limit = 33554432 (custom)
2025-09-13 17:31:20,245 [ForkJoinPool-1-worker-1] INFO  netty.NettyUtils (NettyUtils.java:newEventLoopGroup(74)) - Create EpollEventLoopGroup for 3dbe4e49-25e9-43f5-94e0-3ca31f2aaaf2-NettyServerStreamRpc-bossGroup; Thread size is 0.
2025-09-13 17:31:20,245 [ForkJoinPool-1-worker-1] INFO  netty.NettyUtils (NettyUtils.java:newEventLoopGroup(74)) - Create EpollEventLoopGroup for 3dbe4e49-25e9-43f5-94e0-3ca31f2aaaf2-NettyServerStreamRpc-workerGroup; Thread size is 0.
2025-09-13 17:31:20,246 [ForkJoinPool-1-worker-1] INFO  netty.NettyConfigKeys$DataStream (ConfUtils.java:logGet(62)) - raft.netty.dataStream.port = 15064 (custom)
2025-09-13 17:31:20,246 [ForkJoinPool-1-worker-1] INFO  server.RaftServerConfigKeys (ConfUtils.java:logGet(62)) - raft.server.storage.dir = [/home/runner/work/ozone/ozone/hadoop-ozone/integration-test/target/test-dir/MiniOzoneClusterImpl-1331a795-ed08-415d-924a-7661a5cf51a5/ozone-metadata/datanode-7/ratis] (custom)
2025-09-13 17:31:20,247 [3dbe4e49-25e9-43f5-94e0-3ca31f2aaaf2-NettyServerStreamRpc-bossGroup--thread1] INFO  logging.LoggingHandler (AbstractInternalLogger.java:log(148)) - [id: 0x88dccc9a] REGISTERED
2025-09-13 17:31:20,247 [3dbe4e49-25e9-43f5-94e0-3ca31f2aaaf2-NettyServerStreamRpc-bossGroup--thread1] INFO  logging.LoggingHandler (AbstractInternalLogger.java:log(148)) - [id: 0x88dccc9a] BIND: 0.0.0.0/0.0.0.0:15064
2025-09-13 17:31:20,247 [3dbe4e49-25e9-43f5-94e0-3ca31f2aaaf2-impl-thread1] INFO  server.RaftServer (RaftServerProxy.java:initGroupDir(270)) - 3dbe4e49-25e9-43f5-94e0-3ca31f2aaaf2: found a subdirectory /home/runner/work/ozone/ozone/hadoop-ozone/integration-test/target/test-dir/MiniOzoneClusterImpl-1331a795-ed08-415d-924a-7661a5cf51a5/ozone-metadata/datanode-7/ratis/tmp
2025-09-13 17:31:20,247 [3dbe4e49-25e9-43f5-94e0-3ca31f2aaaf2-NettyServerStreamRpc-bossGroup--thread1] INFO  logging.LoggingHandler (AbstractInternalLogger.java:log(148)) - [id: 0x88dccc9a, L:/0.0.0.0:15064] ACTIVE
2025-09-13 17:31:20,247 [3dbe4e49-25e9-43f5-94e0-3ca31f2aaaf2-impl-thread1] INFO  server.RaftServer (RaftServerProxy.java:initGroupDir(275)) - 3dbe4e49-25e9-43f5-94e0-3ca31f2aaaf2: The directory /home/runner/work/ozone/ozone/hadoop-ozone/integration-test/target/test-dir/MiniOzoneClusterImpl-1331a795-ed08-415d-924a-7661a5cf51a5/ozone-metadata/datanode-7/ratis/tmp is not a group directory; ignoring it. 
2025-09-13 17:31:20,247 [ForkJoinPool-1-worker-1] INFO  replication.ReplicationServer (ReplicationServer.java:<init>(84)) - Initializing replication server with thread count = 10 queue length = 4096
2025-09-13 17:31:20,248 [ForkJoinPool-1-worker-1] INFO  server.XceiverServerGrpc (XceiverServerGrpc.java:<init>(130)) - GrpcServer channel type EpollServerSocketChannel
2025-09-13 17:31:20,254 [ForkJoinPool-1-worker-1] INFO  replication.ReplicationSupervisor (ReplicationSupervisor.java:build(169)) - Initializing replication supervisor with thread count = 10
2025-09-13 17:31:20,254 [ForkJoinPool-1-worker-1] INFO  replication.ReplicationSupervisor (ReplicationSupervisor.java:nodeStateUpdated(358)) - Node state updated to IN_SERVICE, scaling executor pool size to 10
2025-09-13 17:31:20,257 [ForkJoinPool-1-worker-1] INFO  http.BaseHttpServer (BaseHttpServer.java:newHttpServer2BuilderForOzone(227)) - Starting Web-server for hddsDatanode at: http://0.0.0.0:15058
2025-09-13 17:31:20,257 [ForkJoinPool-1-worker-1] INFO  http.BaseHttpServer (BaseHttpServer.java:<init>(105)) - Hadoop Security Enabled: false Ozone Security Enabled: false Ozone HTTP Security Enabled: false 
2025-09-13 17:31:20,266 [ForkJoinPool-1-worker-1] WARN  server.AuthenticationFilter (AuthenticationFilter.java:constructSecretProvider(240)) - Unable to initialize FileSignerSecretProvider, falling back to use random secrets. Reason: Could not read signature secret file: /home/runner/hadoop-http-auth-signature-secret
2025-09-13 17:31:20,268 [ForkJoinPool-1-worker-1] INFO  http.HttpServer2 (HttpServer2.java:addGlobalFilter(1041)) - Added global filter 'safety' (class=org.apache.hadoop.hdds.server.http.HttpServer2$QuotingInputFilter)
2025-09-13 17:31:20,271 [ForkJoinPool-1-worker-1] INFO  http.HttpServer2 (HttpServer2.java:addFilter(1017)) - Added filter static_user_filter (class=org.apache.hadoop.http.lib.StaticUserWebFilter$StaticUserFilter) to context hddsDatanode
2025-09-13 17:31:20,272 [ForkJoinPool-1-worker-1] INFO  http.HttpServer2 (HttpServer2.java:addFilter(1025)) - Added filter static_user_filter (class=org.apache.hadoop.http.lib.StaticUserWebFilter$StaticUserFilter) to context logs
2025-09-13 17:31:20,272 [ForkJoinPool-1-worker-1] INFO  http.HttpServer2 (HttpServer2.java:addFilter(1025)) - Added filter static_user_filter (class=org.apache.hadoop.http.lib.StaticUserWebFilter$StaticUserFilter) to context static
2025-09-13 17:31:20,281 [ForkJoinPool-1-worker-1] INFO  http.BaseHttpServer (BaseHttpServer.java:<init>(193)) - HTTP server of hddsDatanode uses base directory /home/runner/work/ozone/ozone/hadoop-ozone/integration-test/target/test-dir/MiniOzoneClusterImpl-1331a795-ed08-415d-924a-7661a5cf51a5/scm/ozone-metadata/webserver
2025-09-13 17:31:20,281 [ForkJoinPool-1-worker-1] INFO  http.HttpServer2 (HttpServer2.java:bindListener(1241)) - Jetty bound to port 15058
2025-09-13 17:31:20,282 [ForkJoinPool-1-worker-1] INFO  server.Server (Server.java:doStart(375)) - jetty-9.4.58.v20250814; built: 2025-08-14T02:28:49.637Z; git: 8f1440587e9e4ae7db3d74cf205643f3d707148d; jvm 21.0.8+9-LTS
2025-09-13 17:31:20,283 [ForkJoinPool-1-worker-1] INFO  server.session (DefaultSessionIdManager.java:doStart(334)) - DefaultSessionIdManager workerName=node0
2025-09-13 17:31:20,283 [ForkJoinPool-1-worker-1] INFO  server.session (DefaultSessionIdManager.java:doStart(339)) - No SessionScavenger set, using defaults
2025-09-13 17:31:20,283 [ForkJoinPool-1-worker-1] INFO  server.session (HouseKeeper.java:startScavenging(132)) - node0 Scavenging every 600000ms
2025-09-13 17:31:20,284 [ForkJoinPool-1-worker-1] INFO  handler.ContextHandler (ContextHandler.java:doStart(921)) - Started o.e.j.s.ServletContextHandler@f45a075{logs,/logs,file:///home/runner/work/ozone/ozone/hadoop-ozone/integration-test/target/log,AVAILABLE}
2025-09-13 17:31:20,285 [ForkJoinPool-1-worker-1] INFO  handler.ContextHandler (ContextHandler.java:doStart(921)) - Started o.e.j.s.ServletContextHandler@23f757e{static,/static,jar:file:/home/runner/work/ozone/ozone/hadoop-hdds/container-service/target/hdds-container-service-2.1.0-SNAPSHOT.jar!/webapps/static,AVAILABLE}
2025-09-13 17:31:20,346 [IPC Server handler 18 on default port 15002] INFO  net.NetworkTopologyImpl (NetworkTopologyImpl.java:add(133)) - Added a new node: /rack1/13facd30-3950-4310-8b1a-93d004abbbdd
2025-09-13 17:31:20,346 [IPC Server handler 18 on default port 15002] INFO  node.SCMNodeManager (SCMNodeManager.java:register(423)) - Registered datanode: 13facd30-3950-4310-8b1a-93d004abbbdd{ip: 127.0.0.1, host: localhost, ports: [HTTP=15026, CLIENT_RPC=15027, REPLICATION=15033, RATIS=15029, RATIS_ADMIN=15030, RATIS_SERVER=15031, RATIS_DATASTREAM=15032, STANDALONE=15028], networkLocation: /rack1, certSerialId: null, persistedOpState: null, persistedOpStateExpiryEpochSec: 0}
2025-09-13 17:31:20,346 [EventQueue-PipelineReportForOneReplicaPipelineSafeModeRule] INFO  safemode.SCMSafeModeManager (SCMSafeModeManager.java:validateSafeModeExitRules(138)) - AtleastOneDatanodeReportedRule rule is successfully validated
2025-09-13 17:31:20,347 [EventQueue-NewNodeForNewNodeHandler] INFO  pipeline.BackgroundPipelineCreator (BackgroundPipelineCreator.java:notifyEventTriggered(290)) - trigger a one-shot run on RatisPipelineUtilsThread.
2025-09-13 17:31:20,347 [EventQueue-NodeRegistrationContainerReportForDataNodeSafeModeRule] INFO  safemode.SCMSafeModeManager (DataNodeSafeModeRule.java:process(80)) - SCM in safe mode. 3 DataNodes registered, 3 required.
2025-09-13 17:31:20,347 [EventQueue-NodeRegistrationContainerReportForDataNodeSafeModeRule] INFO  safemode.SCMSafeModeManager (SCMSafeModeManager.java:validateSafeModeExitRules(138)) - DataNodeSafeModeRule rule is successfully validated
2025-09-13 17:31:20,347 [EventQueue-NodeRegistrationContainerReportForDataNodeSafeModeRule] INFO  safemode.SCMSafeModeManager (SCMSafeModeManager.java:validateSafeModeExitRules(151)) - All SCM safe mode pre check rules have passed
2025-09-13 17:31:20,347 [EventQueue-NodeRegistrationContainerReportForDataNodeSafeModeRule] INFO  ha.SCMContext (SCMContext.java:updateSafeModeStatus(224)) - Update SafeModeStatus from SafeModeStatus{safeModeStatus=true, preCheckPassed=false} to SafeModeStatus{safeModeStatus=true, preCheckPassed=true}.
2025-09-13 17:31:20,347 [EventQueue-NodeRegistrationContainerReportForDataNodeSafeModeRule] INFO  pipeline.BackgroundPipelineCreator (BackgroundPipelineCreator.java:notifyEventTriggered(290)) - trigger a one-shot run on RatisPipelineUtilsThread.
2025-09-13 17:31:20,347 [EventQueue-ContainerRegistrationReportForECContainerSafeModeRule] INFO  safemode.SCMSafeModeManager (SCMSafeModeManager.java:validateSafeModeExitRules(138)) - ECContainerSafeModeRule rule is successfully validated
2025-09-13 17:31:20,347 [EventQueue-ContainerRegistrationReportForRatisContainerSafeModeRule] INFO  safemode.SCMSafeModeManager (SCMSafeModeManager.java:validateSafeModeExitRules(138)) - RatisContainerSafeModeRule rule is successfully validated
2025-09-13 17:31:20,351 [RatisPipelineUtilsThread-0] INFO  pipeline.RatisPipelineProvider (RatisPipelineProvider.java:lambda$create$0(208)) - Sending CreatePipelineCommand for pipeline:Pipeline-f7fa2a76-8c89-4e33-b3f9-c6159b6e7e4c to datanode:13facd30-3950-4310-8b1a-93d004abbbdd(localhost/127.0.0.1)
2025-09-13 17:31:20,356 [22454e81-7bda-41d4-8b71-c0b680f2e12d@group-7661A5CF51A5-StateMachineUpdater] INFO  safemode.SCMSafeModeManager (SCMSafeModeManager.java:validateSafeModeExitRules(138)) - DataNodeSafeModeRule rule is successfully validated
2025-09-13 17:31:20,356 [22454e81-7bda-41d4-8b71-c0b680f2e12d@group-7661A5CF51A5-StateMachineUpdater] INFO  safemode.SCMSafeModeManager (SCMSafeModeManager.java:validateSafeModeExitRules(138)) - RatisContainerSafeModeRule rule is successfully validated
2025-09-13 17:31:20,356 [22454e81-7bda-41d4-8b71-c0b680f2e12d@group-7661A5CF51A5-StateMachineUpdater] INFO  safemode.HealthyPipelineSafeModeRule (HealthyPipelineSafeModeRule.java:initializeRule(228)) - Refreshed total pipeline count is 0, healthy pipeline threshold count is 1
2025-09-13 17:31:20,356 [22454e81-7bda-41d4-8b71-c0b680f2e12d@group-7661A5CF51A5-StateMachineUpdater] INFO  safemode.SCMSafeModeManager (SCMSafeModeManager.java:validateSafeModeExitRules(138)) - ECContainerSafeModeRule rule is successfully validated
2025-09-13 17:31:20,356 [22454e81-7bda-41d4-8b71-c0b680f2e12d@group-7661A5CF51A5-StateMachineUpdater] INFO  safemode.SCMSafeModeManager (SCMSafeModeManager.java:validateSafeModeExitRules(138)) - AtleastOneDatanodeReportedRule rule is successfully validated
2025-09-13 17:31:20,358 [RatisPipelineUtilsThread-0] INFO  pipeline.BackgroundPipelineCreator (BackgroundPipelineCreator.java:createPipelines(246)) - Created new pipeline Pipeline{ Id: f7fa2a76-8c89-4e33-b3f9-c6159b6e7e4c, Nodes: [ {13facd30-3950-4310-8b1a-93d004abbbdd(localhost/127.0.0.1), ReplicaIndex: 0},], ReplicationConfig: RATIS/ONE, State:ALLOCATED, leaderId:, CreationTimestamp2025-09-13T17:31:20.351315273Z[Etc/UTC]}
2025-09-13 17:31:20,361 [RatisPipelineUtilsThread-0] INFO  pipeline.RatisPipelineProvider (RatisPipelineProvider.java:lambda$create$0(208)) - Sending CreatePipelineCommand for pipeline:Pipeline-71f8f458-3dd2-4722-a002-d5d0288ce997 to datanode:13facd30-3950-4310-8b1a-93d004abbbdd(localhost/127.0.0.1)
2025-09-13 17:31:20,361 [RatisPipelineUtilsThread-0] INFO  pipeline.RatisPipelineProvider (RatisPipelineProvider.java:lambda$create$0(208)) - Sending CreatePipelineCommand for pipeline:Pipeline-71f8f458-3dd2-4722-a002-d5d0288ce997 to datanode:36d876fb-a458-4393-963b-58eeedb8ba95(localhost/127.0.0.1)
2025-09-13 17:31:20,361 [RatisPipelineUtilsThread-0] INFO  pipeline.RatisPipelineProvider (RatisPipelineProvider.java:lambda$create$0(208)) - Sending CreatePipelineCommand for pipeline:Pipeline-71f8f458-3dd2-4722-a002-d5d0288ce997 to datanode:9e23e878-9bb3-42b5-8b94-e0e229812e65(localhost/127.0.0.1)
2025-09-13 17:31:20,366 [22454e81-7bda-41d4-8b71-c0b680f2e12d@group-7661A5CF51A5-StateMachineUpdater] INFO  safemode.SCMSafeModeManager (SCMSafeModeManager.java:validateSafeModeExitRules(138)) - DataNodeSafeModeRule rule is successfully validated
2025-09-13 17:31:20,366 [22454e81-7bda-41d4-8b71-c0b680f2e12d@group-7661A5CF51A5-StateMachineUpdater] INFO  safemode.SCMSafeModeManager (SCMSafeModeManager.java:validateSafeModeExitRules(138)) - RatisContainerSafeModeRule rule is successfully validated
2025-09-13 17:31:20,366 [22454e81-7bda-41d4-8b71-c0b680f2e12d@group-7661A5CF51A5-StateMachineUpdater] INFO  safemode.HealthyPipelineSafeModeRule (HealthyPipelineSafeModeRule.java:initializeRule(228)) - Refreshed total pipeline count is 0, healthy pipeline threshold count is 1
2025-09-13 17:31:20,366 [22454e81-7bda-41d4-8b71-c0b680f2e12d@group-7661A5CF51A5-StateMachineUpdater] INFO  safemode.SCMSafeModeManager (SCMSafeModeManager.java:validateSafeModeExitRules(138)) - ECContainerSafeModeRule rule is successfully validated
2025-09-13 17:31:20,366 [22454e81-7bda-41d4-8b71-c0b680f2e12d@group-7661A5CF51A5-StateMachineUpdater] INFO  safemode.SCMSafeModeManager (SCMSafeModeManager.java:validateSafeModeExitRules(138)) - AtleastOneDatanodeReportedRule rule is successfully validated
2025-09-13 17:31:20,367 [RatisPipelineUtilsThread-0] INFO  pipeline.BackgroundPipelineCreator (BackgroundPipelineCreator.java:createPipelines(246)) - Created new pipeline Pipeline{ Id: 71f8f458-3dd2-4722-a002-d5d0288ce997, Nodes: [ {13facd30-3950-4310-8b1a-93d004abbbdd(localhost/127.0.0.1), ReplicaIndex: 0}, {36d876fb-a458-4393-963b-58eeedb8ba95(localhost/127.0.0.1), ReplicaIndex: 0}, {9e23e878-9bb3-42b5-8b94-e0e229812e65(localhost/127.0.0.1), ReplicaIndex: 0},], ReplicationConfig: RATIS/THREE, State:ALLOCATED, leaderId:, CreationTimestamp2025-09-13T17:31:20.361078460Z[Etc/UTC]}
2025-09-13 17:31:20,368 [RatisPipelineUtilsThread-0] INFO  pipeline.RatisPipelineProvider (RatisPipelineProvider.java:lambda$create$0(208)) - Sending CreatePipelineCommand for pipeline:Pipeline-59c25a4c-b008-4c23-bf2e-cf05563d4821 to datanode:13facd30-3950-4310-8b1a-93d004abbbdd(localhost/127.0.0.1)
2025-09-13 17:31:20,369 [RatisPipelineUtilsThread-0] INFO  pipeline.RatisPipelineProvider (RatisPipelineProvider.java:lambda$create$0(208)) - Sending CreatePipelineCommand for pipeline:Pipeline-59c25a4c-b008-4c23-bf2e-cf05563d4821 to datanode:36d876fb-a458-4393-963b-58eeedb8ba95(localhost/127.0.0.1)
2025-09-13 17:31:20,369 [RatisPipelineUtilsThread-0] INFO  pipeline.RatisPipelineProvider (RatisPipelineProvider.java:lambda$create$0(208)) - Sending CreatePipelineCommand for pipeline:Pipeline-59c25a4c-b008-4c23-bf2e-cf05563d4821 to datanode:9e23e878-9bb3-42b5-8b94-e0e229812e65(localhost/127.0.0.1)
2025-09-13 17:31:20,378 [22454e81-7bda-41d4-8b71-c0b680f2e12d@group-7661A5CF51A5-StateMachineUpdater] INFO  safemode.SCMSafeModeManager (SCMSafeModeManager.java:validateSafeModeExitRules(138)) - DataNodeSafeModeRule rule is successfully validated
2025-09-13 17:31:20,378 [22454e81-7bda-41d4-8b71-c0b680f2e12d@group-7661A5CF51A5-StateMachineUpdater] INFO  safemode.SCMSafeModeManager (SCMSafeModeManager.java:validateSafeModeExitRules(138)) - RatisContainerSafeModeRule rule is successfully validated
2025-09-13 17:31:20,378 [22454e81-7bda-41d4-8b71-c0b680f2e12d@group-7661A5CF51A5-StateMachineUpdater] INFO  safemode.HealthyPipelineSafeModeRule (HealthyPipelineSafeModeRule.java:initializeRule(228)) - Refreshed total pipeline count is 0, healthy pipeline threshold count is 1
2025-09-13 17:31:20,379 [22454e81-7bda-41d4-8b71-c0b680f2e12d@group-7661A5CF51A5-StateMachineUpdater] INFO  safemode.SCMSafeModeManager (SCMSafeModeManager.java:validateSafeModeExitRules(138)) - ECContainerSafeModeRule rule is successfully validated
2025-09-13 17:31:20,379 [22454e81-7bda-41d4-8b71-c0b680f2e12d@group-7661A5CF51A5-StateMachineUpdater] INFO  safemode.SCMSafeModeManager (SCMSafeModeManager.java:validateSafeModeExitRules(138)) - AtleastOneDatanodeReportedRule rule is successfully validated
2025-09-13 17:31:20,379 [RatisPipelineUtilsThread-0] INFO  pipeline.PipelineManagerImpl (PipelineManagerImpl.java:recordMetricsForPipeline(922)) - Pipeline-59c25a4c-b008-4c23-bf2e-cf05563d4821 and Pipeline-71f8f458-3dd2-4722-a002-d5d0288ce997 have exactly the same set of datanodes: [13facd30-3950-4310-8b1a-93d004abbbdd(localhost/127.0.0.1), 36d876fb-a458-4393-963b-58eeedb8ba95(localhost/127.0.0.1), 9e23e878-9bb3-42b5-8b94-e0e229812e65(localhost/127.0.0.1)]
2025-09-13 17:31:20,379 [RatisPipelineUtilsThread-0] INFO  pipeline.BackgroundPipelineCreator (BackgroundPipelineCreator.java:createPipelines(246)) - Created new pipeline Pipeline{ Id: 59c25a4c-b008-4c23-bf2e-cf05563d4821, Nodes: [ {13facd30-3950-4310-8b1a-93d004abbbdd(localhost/127.0.0.1), ReplicaIndex: 0}, {36d876fb-a458-4393-963b-58eeedb8ba95(localhost/127.0.0.1), ReplicaIndex: 0}, {9e23e878-9bb3-42b5-8b94-e0e229812e65(localhost/127.0.0.1), ReplicaIndex: 0},], ReplicationConfig: RATIS/THREE, State:ALLOCATED, leaderId:, CreationTimestamp2025-09-13T17:31:20.368596918Z[Etc/UTC]}
2025-09-13 17:31:20,452 [ForkJoinPool-1-worker-1] INFO  handler.ContextHandler (ContextHandler.java:doStart(921)) - Started o.e.j.w.WebAppContext@77279da5{hddsDatanode,/,file:///home/runner/work/ozone/ozone/hadoop-ozone/integration-test/target/test-dir/MiniOzoneClusterImpl-1331a795-ed08-415d-924a-7661a5cf51a5/scm/ozone-metadata/webserver/jetty-0_0_0_0-15058-hdds-container-service-2_1_0-SNAPSHOT_jar-_-any-16821941579785181288/webapp/,AVAILABLE}{jar:file:/home/runner/work/ozone/ozone/hadoop-hdds/container-service/target/hdds-container-service-2.1.0-SNAPSHOT.jar!/webapps/hddsDatanode}
2025-09-13 17:31:20,452 [ForkJoinPool-1-worker-1] INFO  server.AbstractConnector (AbstractConnector.java:doStart(333)) - Started ServerConnector@26b20cf0{HTTP/1.1, (http/1.1)}{0.0.0.0:15058}
2025-09-13 17:31:20,453 [ForkJoinPool-1-worker-1] INFO  server.Server (Server.java:doStart(415)) - Started @13037ms
2025-09-13 17:31:20,453 [ForkJoinPool-1-worker-1] WARN  impl.MetricsSystemImpl (MetricsSystemImpl.java:register(279)) - Sink prometheus already exists!
2025-09-13 17:31:20,453 [ForkJoinPool-1-worker-1] INFO  http.BaseHttpServer (BaseHttpServer.java:updateConnectorAddress(357)) - HTTP server of hddsDatanode listening at http://localhost:15058
2025-09-13 17:31:20,453 [ForkJoinPool-1-worker-1] INFO  ipc.CallQueueManager (CallQueueManager.java:<init>(93)) - Using callQueue: class java.util.concurrent.LinkedBlockingQueue, queueCapacity: 1000, scheduler: class org.apache.hadoop.ipc.DefaultRpcScheduler, ipcBackoff: false, ipcFailOver: false.
2025-09-13 17:31:20,453 [ForkJoinPool-1-worker-1] INFO  ipc.Server (Server.java:<init>(1438)) - Listener at 0.0.0.0:15059
2025-09-13 17:31:20,454 [Socket Reader #1 for port 15059] INFO  ipc.Server (Server.java:run(1474)) - Starting Socket Reader #1 for port 15059
2025-09-13 17:31:20,454 [Socket Reader #2 for port 15059] INFO  ipc.Server (Server.java:run(1474)) - Starting Socket Reader #2 for port 15059
2025-09-13 17:31:20,455 [Socket Reader #3 for port 15059] INFO  ipc.Server (Server.java:run(1474)) - Starting Socket Reader #3 for port 15059
2025-09-13 17:31:20,455 [Socket Reader #4 for port 15059] INFO  ipc.Server (Server.java:run(1474)) - Starting Socket Reader #4 for port 15059
2025-09-13 17:31:20,456 [Socket Reader #5 for port 15059] INFO  ipc.Server (Server.java:run(1474)) - Starting Socket Reader #5 for port 15059
2025-09-13 17:31:20,456 [Socket Reader #6 for port 15059] INFO  ipc.Server (Server.java:run(1474)) - Starting Socket Reader #6 for port 15059
2025-09-13 17:31:20,456 [Socket Reader #7 for port 15059] INFO  ipc.Server (Server.java:run(1474)) - Starting Socket Reader #7 for port 15059
2025-09-13 17:31:20,456 [Socket Reader #8 for port 15059] INFO  ipc.Server (Server.java:run(1474)) - Starting Socket Reader #8 for port 15059
2025-09-13 17:31:20,457 [Socket Reader #9 for port 15059] INFO  ipc.Server (Server.java:run(1474)) - Starting Socket Reader #9 for port 15059
2025-09-13 17:31:20,457 [Socket Reader #10 for port 15059] INFO  ipc.Server (Server.java:run(1474)) - Starting Socket Reader #10 for port 15059
2025-09-13 17:31:20,460 [ForkJoinPool-1-worker-1] INFO  ozone.HddsDatanodeService (HddsDatanodeService.java:start(333)) - Datanode start with admins: [admin, runner]
2025-09-13 17:31:20,460 [ForkJoinPool-1-worker-1] INFO  ozone.HddsDatanodeClientProtocolServer (HddsDatanodeClientProtocolServer.java:start(76)) - RPC server for Client /0.0.0.0:15059
2025-09-13 17:31:20,460 [IPC Server listener on 15059] INFO  ipc.Server (Server.java:run(1553)) - IPC Server listener on 15059: starting
2025-09-13 17:31:20,460 [IPC Server Responder] INFO  ipc.Server (Server.java:run(1713)) - IPC Server Responder: starting
2025-09-13 17:31:20,462 [ForkJoinPool-1-worker-1] WARN  dropwizard3.Dm3MetricRegistriesImpl (Dm3MetricRegistriesImpl.java:addReporterRegistration(114)) - New reporters are added after registries were created. Some metrics will be missing from the reporter. Please add reporter before adding any new registry.
2025-09-13 17:31:20,462 [ForkJoinPool-1-worker-1] WARN  dropwizard3.Dm3MetricRegistriesImpl (Dm3MetricRegistriesImpl.java:addReporterRegistration(114)) - New reporters are added after registries were created. Some metrics will be missing from the reporter. Please add reporter before adding any new registry.
2025-09-13 17:31:20,462 [ForkJoinPool-1-worker-1] INFO  impl.MetricsSystemImpl (MetricsSystemImpl.java:init(158)) - HddsDatanode metrics system started (again)
2025-09-13 17:31:20,463 [3dbe4e49-25e9-43f5-94e0-3ca31f2aaaf2-DatanodeStateMachineDaemonThread] INFO  statemachine.DatanodeStateMachine (DatanodeStateMachine.java:startStateMachineThread(363)) - Ozone container server started.
2025-09-13 17:31:20,468 [3dbe4e49-25e9-43f5-94e0-3ca31f2aaaf2-DatanodeStateMachineTaskThread-0] INFO  datanode.InitDatanodeState (InitDatanodeState.java:persistContainerDatanodeDetails(139)) - DatanodeDetails is persisted to /home/runner/work/ozone/ozone/hadoop-ozone/integration-test/target/test-dir/MiniOzoneClusterImpl-1331a795-ed08-415d-924a-7661a5cf51a5/ozone-metadata/datanode-7/ozone-metadata/datanode.id
2025-09-13 17:31:20,479 [e114cbd1-8f45-4cc5-a8b1-e2bd6cad48a0-EndpointStateMachineTaskThread-/0.0.0.0:15002-0 ] INFO  utils.DatanodeStoreCache (DatanodeStoreCache.java:addDB(70)) - Added db /home/runner/work/ozone/ozone/hadoop-ozone/integration-test/target/test-dir/MiniOzoneClusterImpl-1331a795-ed08-415d-924a-7661a5cf51a5/ozone-metadata/datanode-5/data-0/hdds/1331a795-ed08-415d-924a-7661a5cf51a5/DS-84acdda9-c348-442e-9156-67d0a73b2541/container.db to cache
2025-09-13 17:31:20,479 [e114cbd1-8f45-4cc5-a8b1-e2bd6cad48a0-EndpointStateMachineTaskThread-/0.0.0.0:15002-0 ] INFO  volume.HddsVolume (HddsVolume.java:createDbStore(576)) - SchemaV3 db is created and loaded at /home/runner/work/ozone/ozone/hadoop-ozone/integration-test/target/test-dir/MiniOzoneClusterImpl-1331a795-ed08-415d-924a-7661a5cf51a5/ozone-metadata/datanode-5/data-0/hdds/1331a795-ed08-415d-924a-7661a5cf51a5/DS-84acdda9-c348-442e-9156-67d0a73b2541/container.db for volume DS-84acdda9-c348-442e-9156-67d0a73b2541
2025-09-13 17:31:20,482 [e114cbd1-8f45-4cc5-a8b1-e2bd6cad48a0-ContainerReader-0] INFO  ozoneimpl.ContainerReader (ContainerReader.java:readVolume(147)) - Start to verify containers on volume /home/runner/work/ozone/ozone/hadoop-ozone/integration-test/target/test-dir/MiniOzoneClusterImpl-1331a795-ed08-415d-924a-7661a5cf51a5/ozone-metadata/datanode-5/data-0/hdds
2025-09-13 17:31:20,482 [e114cbd1-8f45-4cc5-a8b1-e2bd6cad48a0-ContainerReader-0] INFO  ozoneimpl.ContainerReader (ContainerReader.java:readVolume(177)) - Finish verifying containers on volume /home/runner/work/ozone/ozone/hadoop-ozone/integration-test/target/test-dir/MiniOzoneClusterImpl-1331a795-ed08-415d-924a-7661a5cf51a5/ozone-metadata/datanode-5/data-0/hdds
2025-09-13 17:31:20,483 [e114cbd1-8f45-4cc5-a8b1-e2bd6cad48a0-EndpointStateMachineTaskThread-/0.0.0.0:15002-0 ] INFO  ozoneimpl.OzoneContainer (OzoneContainer.java:buildContainerSet(370)) - Build ContainerSet costs 0s
2025-09-13 17:31:20,483 [e114cbd1-8f45-4cc5-a8b1-e2bd6cad48a0-EndpointStateMachineTaskThread-/0.0.0.0:15002-0 ] INFO  volume.ThrottledAsyncChecker (ThrottledAsyncChecker.java:schedule(138)) - Scheduling a check for /home/runner/work/ozone/ozone/hadoop-ozone/integration-test/target/test-dir/MiniOzoneClusterImpl-1331a795-ed08-415d-924a-7661a5cf51a5/ozone-metadata/datanode-5/data-0/hdds
2025-09-13 17:31:20,484 [e114cbd1-8f45-4cc5-a8b1-e2bd6cad48a0-EndpointStateMachineTaskThread-/0.0.0.0:15002-0 ] INFO  volume.StorageVolumeChecker (StorageVolumeChecker.java:checkAllVolumes(231)) - Scheduled health check for volume /home/runner/work/ozone/ozone/hadoop-ozone/integration-test/target/test-dir/MiniOzoneClusterImpl-1331a795-ed08-415d-924a-7661a5cf51a5/ozone-metadata/datanode-5/data-0/hdds
2025-09-13 17:31:20,486 [ForkJoinPool-1-worker-1] INFO  protocol.DatanodeDetails (DatanodeDetails.java:validateDatanodeIpAddress(199)) - Updating IP address of datanode 9b620cf5-1dd4-4083-97bd-ff44c8fea23e(localhost/null) to 127.0.0.1
2025-09-13 17:31:20,486 [ForkJoinPool-1-worker-1] INFO  ozone.HddsDatanodeService (HddsDatanodeService.java:start(236)) - HddsDatanodeService 9b620cf5-1dd4-4083-97bd-ff44c8fea23e(localhost/127.0.0.1)
2025-09-13 17:31:20,487 [e114cbd1-8f45-4cc5-a8b1-e2bd6cad48a0-EndpointStateMachineTaskThread-/0.0.0.0:15002-0 ] INFO  volume.ThrottledAsyncChecker (ThrottledAsyncChecker.java:schedule(138)) - Scheduling a check for /home/runner/work/ozone/ozone/hadoop-ozone/integration-test/target/test-dir/MiniOzoneClusterImpl-1331a795-ed08-415d-924a-7661a5cf51a5/ozone-metadata/datanode-5/ratis
2025-09-13 17:31:20,487 [e114cbd1-8f45-4cc5-a8b1-e2bd6cad48a0-EndpointStateMachineTaskThread-/0.0.0.0:15002-0 ] INFO  volume.StorageVolumeChecker (StorageVolumeChecker.java:checkAllVolumes(231)) - Scheduled health check for volume /home/runner/work/ozone/ozone/hadoop-ozone/integration-test/target/test-dir/MiniOzoneClusterImpl-1331a795-ed08-415d-924a-7661a5cf51a5/ozone-metadata/datanode-5/ratis
2025-09-13 17:31:20,488 [e114cbd1-8f45-4cc5-a8b1-e2bd6cad48a0-EndpointStateMachineTaskThread-/0.0.0.0:15002-0 ] INFO  ozoneimpl.OzoneContainer (OzoneContainer.java:start(525)) - Attempting to start container services.
2025-09-13 17:31:20,488 [ForkJoinPool-1-worker-1] INFO  upgrade.AbstractLayoutVersionManager (AbstractLayoutVersionManager.java:init(80)) - Initializing Layout version manager with metadata layout = WITNESSED_CONTAINER_DB_PROTO_VALUE (version = 9), software layout = WITNESSED_CONTAINER_DB_PROTO_VALUE (version = 9)
2025-09-13 17:31:20,489 [ForkJoinPool-1-worker-1] INFO  statemachine.DatanodeStateMachine (DatanodeStateMachine.java:getEndPointTaskThreadPoolSize(321)) - Datanode State Machine Task Thread Pool size 2
2025-09-13 17:31:20,489 [ContainerMetadataScanner] INFO  ozoneimpl.AbstractBackgroundContainerScanner (AbstractBackgroundContainerScanner.java:runIteration(89)) - Completed an iteration in 0 minutes. Number of iterations (since the data-node restart) : 1, Number of containers scanned in this iteration : 0, Number of unhealthy containers found in this iteration : 0
2025-09-13 17:31:20,489 [ContainerDataScanner(/home/runner/work/ozone/ozone/hadoop-ozone/integration-test/target/test-dir/MiniOzoneClusterImpl-1331a795-ed08-415d-924a-7661a5cf51a5/ozone-metadata/datanode-5/data-0/hdds)] INFO  ozoneimpl.AbstractBackgroundContainerScanner (AbstractBackgroundContainerScanner.java:runIteration(89)) - Completed an iteration in 0 minutes. Number of iterations (since the data-node restart) : 1, Number of containers scanned in this iteration : 0, Number of unhealthy containers found in this iteration : 0
2025-09-13 17:31:20,490 [e114cbd1-8f45-4cc5-a8b1-e2bd6cad48a0-EndpointStateMachineTaskThread-/0.0.0.0:15002-0 ] INFO  replication.ReplicationServer (ReplicationServer.java:start(137)) - ReplicationServer is started using port 15049
2025-09-13 17:31:20,490 [e114cbd1-8f45-4cc5-a8b1-e2bd6cad48a0-EndpointStateMachineTaskThread-/0.0.0.0:15002-0 ] INFO  ratis.XceiverServerRatis (XceiverServerRatis.java:start(560)) - Starting XceiverServerRatis(e114cbd1-8f45-4cc5-a8b1-e2bd6cad48a0)
2025-09-13 17:31:20,492 [e114cbd1-8f45-4cc5-a8b1-e2bd6cad48a0-EndpointStateMachineTaskThread-/0.0.0.0:15002-0 ] INFO  server.RaftServer (RaftServerProxy.java:startImpl(412)) - e114cbd1-8f45-4cc5-a8b1-e2bd6cad48a0: start RPC server
2025-09-13 17:31:20,492 [e114cbd1-8f45-4cc5-a8b1-e2bd6cad48a0-EndpointStateMachineTaskThread-/0.0.0.0:15002-0 ] INFO  server.GrpcServicesImpl (GrpcServicesImpl.java:startImpl(346)) - e114cbd1-8f45-4cc5-a8b1-e2bd6cad48a0: GrpcServicesImpl started, listening on 15045
2025-09-13 17:31:20,493 [ForkJoinPool-1-worker-1] INFO  volume.HddsVolume (HddsVolume.java:<init>(162)) - HddsVolume: { id=DS-e6730698-cf2d-4073-acc3-07ec72434925 dir=/home/runner/work/ozone/ozone/hadoop-ozone/integration-test/target/test-dir/MiniOzoneClusterImpl-1331a795-ed08-415d-924a-7661a5cf51a5/ozone-metadata/datanode-8/data-0/hdds type=DISK capacity=9222449699674390527 used=0 available=9222449699674390527 minFree=9222450130714624 committed=0 }
2025-09-13 17:31:20,493 [ForkJoinPool-1-worker-1] INFO  volume.MutableVolumeSet (MutableVolumeSet.java:initializeVolumeSet(175)) - Added Volume : /home/runner/work/ozone/ozone/hadoop-ozone/integration-test/target/test-dir/MiniOzoneClusterImpl-1331a795-ed08-415d-924a-7661a5cf51a5/ozone-metadata/datanode-8/data-0/hdds to VolumeSet
2025-09-13 17:31:20,493 [e114cbd1-8f45-4cc5-a8b1-e2bd6cad48a0-EndpointStateMachineTaskThread-/0.0.0.0:15002-0 ] INFO  server.GrpcServicesImpl (GrpcServicesImpl.java:startImpl(346)) - e114cbd1-8f45-4cc5-a8b1-e2bd6cad48a0: GrpcServicesImpl started, listening on 15047
2025-09-13 17:31:20,493 [e114cbd1-8f45-4cc5-a8b1-e2bd6cad48a0-EndpointStateMachineTaskThread-/0.0.0.0:15002-0 ] INFO  server.GrpcServicesImpl (GrpcServicesImpl.java:startImpl(346)) - e114cbd1-8f45-4cc5-a8b1-e2bd6cad48a0: GrpcServicesImpl started, listening on 15046
2025-09-13 17:31:20,494 [ForkJoinPool-1-worker-1] INFO  volume.MutableVolumeSet (MutableVolumeSet.java:initializeVolumeSet(175)) - Added Volume : /home/runner/work/ozone/ozone/hadoop-ozone/integration-test/target/test-dir/MiniOzoneClusterImpl-1331a795-ed08-415d-924a-7661a5cf51a5/ozone-metadata/datanode-8/ratis to VolumeSet
2025-09-13 17:31:20,495 [JvmPauseMonitor7] INFO  util.JvmPauseMonitor (JvmPauseMonitor.java:run(146)) - JvmPauseMonitor-e114cbd1-8f45-4cc5-a8b1-e2bd6cad48a0: Started
2025-09-13 17:31:20,495 [e114cbd1-8f45-4cc5-a8b1-e2bd6cad48a0-EndpointStateMachineTaskThread-/0.0.0.0:15002-0 ] INFO  ratis.XceiverServerRatis (XceiverServerRatis.java:getRealPort(587)) - XceiverServerRatis(e114cbd1-8f45-4cc5-a8b1-e2bd6cad48a0) is started using port RATIS=15045
2025-09-13 17:31:20,495 [e114cbd1-8f45-4cc5-a8b1-e2bd6cad48a0-EndpointStateMachineTaskThread-/0.0.0.0:15002-0 ] INFO  ratis.XceiverServerRatis (XceiverServerRatis.java:getRealPort(587)) - XceiverServerRatis(e114cbd1-8f45-4cc5-a8b1-e2bd6cad48a0) is started using port RATIS_ADMIN=15046
2025-09-13 17:31:20,495 [e114cbd1-8f45-4cc5-a8b1-e2bd6cad48a0-EndpointStateMachineTaskThread-/0.0.0.0:15002-0 ] INFO  ratis.XceiverServerRatis (XceiverServerRatis.java:getRealPort(587)) - XceiverServerRatis(e114cbd1-8f45-4cc5-a8b1-e2bd6cad48a0) is started using port RATIS_SERVER=15047
2025-09-13 17:31:20,495 [e114cbd1-8f45-4cc5-a8b1-e2bd6cad48a0-EndpointStateMachineTaskThread-/0.0.0.0:15002-0 ] INFO  ratis.XceiverServerRatis (XceiverServerRatis.java:getRealPort(587)) - XceiverServerRatis(e114cbd1-8f45-4cc5-a8b1-e2bd6cad48a0) is started using port RATIS_DATASTREAM=15048
2025-09-13 17:31:20,495 [ForkJoinPool-1-worker-1] INFO  ozoneimpl.OzoneContainer (HddsVolumeUtil.java:loadAllHddsVolumeDbStore(102)) - Load 1 volumes DbStore cost: 1ms
2025-09-13 17:31:20,496 [ForkJoinPool-1-worker-1] WARN  db.DBStoreBuilder (DBStoreBuilder.java:getDBDirPath(158)) - ozone.scm.datanode.id.dir is not configured. We recommend adding this setting. Falling back to ozone.metadata.dirs instead.
2025-09-13 17:31:20,497 [ForkJoinPool-1-worker-1] WARN  db.DBStoreBuilder (DBStoreBuilder.java:getDBDirPath(158)) - ozone.scm.datanode.id.dir is not configured. We recommend adding this setting. Falling back to ozone.metadata.dirs instead.
2025-09-13 17:31:20,497 [e114cbd1-8f45-4cc5-a8b1-e2bd6cad48a0-EndpointStateMachineTaskThread-/0.0.0.0:15002-0 ] INFO  utils.BackgroundService (BackgroundService.java:start(119)) - Starting service BlockDeletingService with interval 60000 milliseconds
2025-09-13 17:31:20,498 [e114cbd1-8f45-4cc5-a8b1-e2bd6cad48a0-EndpointStateMachineTaskThread-/0.0.0.0:15002-0 ] INFO  utils.BackgroundService (BackgroundService.java:start(119)) - Starting service StaleRecoveringContainerScrubbingService with interval 60000 milliseconds
2025-09-13 17:31:20,511 [ForkJoinPool-1-worker-1] INFO  impl.FilePerChunkStrategy (FilePerChunkStrategy.java:<init>(79)) - ozone.chunk.read.mapped.buffer.max.count is load with 0
2025-09-13 17:31:20,511 [ForkJoinPool-1-worker-1] INFO  impl.FilePerBlockStrategy (FilePerBlockStrategy.java:<init>(88)) - ozone.chunk.read.mapped.buffer.max.count is load with 0
2025-09-13 17:31:20,512 [ForkJoinPool-1-worker-1] INFO  server.RaftServerConfigKeys (ConfUtils.java:logGet(62)) - raft.server.log.appender.buffer.byte-limit = 33554432 (custom)
2025-09-13 17:31:20,514 [ForkJoinPool-1-worker-1] INFO  grpc.GrpcConfigKeys (ConfUtils.java:logFallback(69)) - raft.grpc.admin.host = null (fallback to raft.grpc.server.host)
2025-09-13 17:31:20,514 [ForkJoinPool-1-worker-1] INFO  grpc.GrpcConfigKeys (ConfUtils.java:logGet(62)) - raft.grpc.admin.port = 15070 (custom)
2025-09-13 17:31:20,514 [ForkJoinPool-1-worker-1] INFO  grpc.GrpcConfigKeys (ConfUtils.java:logFallback(69)) - raft.grpc.client.host = null (fallback to raft.grpc.server.host)
2025-09-13 17:31:20,514 [ForkJoinPool-1-worker-1] INFO  grpc.GrpcConfigKeys (ConfUtils.java:logGet(62)) - raft.grpc.client.port = 15069 (custom)
2025-09-13 17:31:20,514 [ForkJoinPool-1-worker-1] INFO  grpc.GrpcConfigKeys (ConfUtils.java:logGet(62)) - raft.grpc.server.port = 15071 (custom)
2025-09-13 17:31:20,514 [ForkJoinPool-1-worker-1] INFO  server.GrpcServicesImpl (ConfUtils.java:logGet(62)) - raft.grpc.message.size.max = 34603008 (custom)
2025-09-13 17:31:20,515 [ForkJoinPool-1-worker-1] INFO  server.GrpcServicesImpl (ConfUtils.java:logGet(62)) - raft.grpc.flow.control.window = 5MB (=5242880) (custom)
2025-09-13 17:31:20,515 [ForkJoinPool-1-worker-1] INFO  server.RaftServerConfigKeys (ConfUtils.java:logGet(62)) - raft.server.log.appender.buffer.byte-limit = 33554432 (custom)
2025-09-13 17:31:20,517 [ForkJoinPool-1-worker-1] INFO  netty.NettyUtils (NettyUtils.java:newEventLoopGroup(74)) - Create EpollEventLoopGroup for 9b620cf5-1dd4-4083-97bd-ff44c8fea23e-NettyServerStreamRpc-bossGroup; Thread size is 0.
2025-09-13 17:31:20,518 [ForkJoinPool-1-worker-1] INFO  netty.NettyUtils (NettyUtils.java:newEventLoopGroup(74)) - Create EpollEventLoopGroup for 9b620cf5-1dd4-4083-97bd-ff44c8fea23e-NettyServerStreamRpc-workerGroup; Thread size is 0.
2025-09-13 17:31:20,518 [ForkJoinPool-1-worker-1] INFO  netty.NettyConfigKeys$DataStream (ConfUtils.java:logGet(62)) - raft.netty.dataStream.port = 15072 (custom)
2025-09-13 17:31:20,519 [ForkJoinPool-1-worker-1] INFO  server.RaftServerConfigKeys (ConfUtils.java:logGet(62)) - raft.server.storage.dir = [/home/runner/work/ozone/ozone/hadoop-ozone/integration-test/target/test-dir/MiniOzoneClusterImpl-1331a795-ed08-415d-924a-7661a5cf51a5/ozone-metadata/datanode-8/ratis] (custom)
2025-09-13 17:31:20,519 [9b620cf5-1dd4-4083-97bd-ff44c8fea23e-NettyServerStreamRpc-bossGroup--thread1] INFO  logging.LoggingHandler (AbstractInternalLogger.java:log(148)) - [id: 0x5d86091a] REGISTERED
2025-09-13 17:31:20,519 [9b620cf5-1dd4-4083-97bd-ff44c8fea23e-impl-thread1] INFO  server.RaftServer (RaftServerProxy.java:initGroupDir(270)) - 9b620cf5-1dd4-4083-97bd-ff44c8fea23e: found a subdirectory /home/runner/work/ozone/ozone/hadoop-ozone/integration-test/target/test-dir/MiniOzoneClusterImpl-1331a795-ed08-415d-924a-7661a5cf51a5/ozone-metadata/datanode-8/ratis/tmp
2025-09-13 17:31:20,520 [9b620cf5-1dd4-4083-97bd-ff44c8fea23e-NettyServerStreamRpc-bossGroup--thread1] INFO  logging.LoggingHandler (AbstractInternalLogger.java:log(148)) - [id: 0x5d86091a] BIND: 0.0.0.0/0.0.0.0:15072
2025-09-13 17:31:20,520 [9b620cf5-1dd4-4083-97bd-ff44c8fea23e-NettyServerStreamRpc-bossGroup--thread1] INFO  logging.LoggingHandler (AbstractInternalLogger.java:log(148)) - [id: 0x5d86091a, L:/0.0.0.0:15072] ACTIVE
2025-09-13 17:31:20,520 [9b620cf5-1dd4-4083-97bd-ff44c8fea23e-impl-thread1] INFO  server.RaftServer (RaftServerProxy.java:initGroupDir(275)) - 9b620cf5-1dd4-4083-97bd-ff44c8fea23e: The directory /home/runner/work/ozone/ozone/hadoop-ozone/integration-test/target/test-dir/MiniOzoneClusterImpl-1331a795-ed08-415d-924a-7661a5cf51a5/ozone-metadata/datanode-8/ratis/tmp is not a group directory; ignoring it. 
2025-09-13 17:31:20,520 [ForkJoinPool-1-worker-1] INFO  replication.ReplicationServer (ReplicationServer.java:<init>(84)) - Initializing replication server with thread count = 10 queue length = 4096
2025-09-13 17:31:20,521 [ForkJoinPool-1-worker-1] INFO  server.XceiverServerGrpc (XceiverServerGrpc.java:<init>(130)) - GrpcServer channel type EpollServerSocketChannel
2025-09-13 17:31:20,523 [ForkJoinPool-1-worker-1] INFO  replication.ReplicationSupervisor (ReplicationSupervisor.java:build(169)) - Initializing replication supervisor with thread count = 10
2025-09-13 17:31:20,523 [ForkJoinPool-1-worker-1] INFO  replication.ReplicationSupervisor (ReplicationSupervisor.java:nodeStateUpdated(358)) - Node state updated to IN_SERVICE, scaling executor pool size to 10
2025-09-13 17:31:20,526 [ForkJoinPool-1-worker-1] INFO  http.BaseHttpServer (BaseHttpServer.java:newHttpServer2BuilderForOzone(227)) - Starting Web-server for hddsDatanode at: http://0.0.0.0:15066
2025-09-13 17:31:20,526 [ForkJoinPool-1-worker-1] INFO  http.BaseHttpServer (BaseHttpServer.java:<init>(105)) - Hadoop Security Enabled: false Ozone Security Enabled: false Ozone HTTP Security Enabled: false 
2025-09-13 17:31:20,527 [ForkJoinPool-1-worker-1] WARN  server.AuthenticationFilter (AuthenticationFilter.java:constructSecretProvider(240)) - Unable to initialize FileSignerSecretProvider, falling back to use random secrets. Reason: Could not read signature secret file: /home/runner/hadoop-http-auth-signature-secret
2025-09-13 17:31:20,530 [ForkJoinPool-1-worker-1] INFO  http.HttpServer2 (HttpServer2.java:addGlobalFilter(1041)) - Added global filter 'safety' (class=org.apache.hadoop.hdds.server.http.HttpServer2$QuotingInputFilter)
2025-09-13 17:31:20,531 [ForkJoinPool-1-worker-1] INFO  http.HttpServer2 (HttpServer2.java:addFilter(1017)) - Added filter static_user_filter (class=org.apache.hadoop.http.lib.StaticUserWebFilter$StaticUserFilter) to context hddsDatanode
2025-09-13 17:31:20,531 [ForkJoinPool-1-worker-1] INFO  http.HttpServer2 (HttpServer2.java:addFilter(1025)) - Added filter static_user_filter (class=org.apache.hadoop.http.lib.StaticUserWebFilter$StaticUserFilter) to context static
2025-09-13 17:31:20,531 [ForkJoinPool-1-worker-1] INFO  http.HttpServer2 (HttpServer2.java:addFilter(1025)) - Added filter static_user_filter (class=org.apache.hadoop.http.lib.StaticUserWebFilter$StaticUserFilter) to context logs
2025-09-13 17:31:20,532 [ForkJoinPool-1-worker-1] INFO  http.BaseHttpServer (BaseHttpServer.java:<init>(193)) - HTTP server of hddsDatanode uses base directory /home/runner/work/ozone/ozone/hadoop-ozone/integration-test/target/test-dir/MiniOzoneClusterImpl-1331a795-ed08-415d-924a-7661a5cf51a5/scm/ozone-metadata/webserver
2025-09-13 17:31:20,532 [ForkJoinPool-1-worker-1] INFO  http.HttpServer2 (HttpServer2.java:bindListener(1241)) - Jetty bound to port 15066
2025-09-13 17:31:20,532 [ForkJoinPool-1-worker-1] INFO  server.Server (Server.java:doStart(375)) - jetty-9.4.58.v20250814; built: 2025-08-14T02:28:49.637Z; git: 8f1440587e9e4ae7db3d74cf205643f3d707148d; jvm 21.0.8+9-LTS
2025-09-13 17:31:20,534 [ForkJoinPool-1-worker-1] INFO  server.session (DefaultSessionIdManager.java:doStart(334)) - DefaultSessionIdManager workerName=node0
2025-09-13 17:31:20,534 [ForkJoinPool-1-worker-1] INFO  server.session (DefaultSessionIdManager.java:doStart(339)) - No SessionScavenger set, using defaults
2025-09-13 17:31:20,534 [ForkJoinPool-1-worker-1] INFO  server.session (HouseKeeper.java:startScavenging(132)) - node0 Scavenging every 660000ms
2025-09-13 17:31:20,535 [ForkJoinPool-1-worker-1] INFO  handler.ContextHandler (ContextHandler.java:doStart(921)) - Started o.e.j.s.ServletContextHandler@7dff92b0{logs,/logs,file:///home/runner/work/ozone/ozone/hadoop-ozone/integration-test/target/log,AVAILABLE}
2025-09-13 17:31:20,535 [ForkJoinPool-1-worker-1] INFO  handler.ContextHandler (ContextHandler.java:doStart(921)) - Started o.e.j.s.ServletContextHandler@e8b9e1{static,/static,jar:file:/home/runner/work/ozone/ozone/hadoop-hdds/container-service/target/hdds-container-service-2.1.0-SNAPSHOT.jar!/webapps/static,AVAILABLE}
2025-09-13 17:31:20,658 [IPC Server handler 97 on default port 15002] INFO  net.NetworkTopologyImpl (NetworkTopologyImpl.java:add(133)) - Added a new node: /rack1/beda0dcb-37da-4cca-bea2-e222cb1bc351
2025-09-13 17:31:20,658 [IPC Server handler 97 on default port 15002] INFO  node.SCMNodeManager (SCMNodeManager.java:register(423)) - Registered datanode: beda0dcb-37da-4cca-bea2-e222cb1bc351{ip: 127.0.0.1, host: localhost, ports: [HTTP=15034, CLIENT_RPC=15035, REPLICATION=15041, RATIS=15037, RATIS_ADMIN=15038, RATIS_SERVER=15039, RATIS_DATASTREAM=15040, STANDALONE=15036], networkLocation: /rack1, certSerialId: null, persistedOpState: null, persistedOpStateExpiryEpochSec: 0}
2025-09-13 17:31:20,658 [EventQueue-PipelineReportForOneReplicaPipelineSafeModeRule] INFO  safemode.SCMSafeModeManager (SCMSafeModeManager.java:validateSafeModeExitRules(138)) - AtleastOneDatanodeReportedRule rule is successfully validated
2025-09-13 17:31:20,658 [EventQueue-NewNodeForNewNodeHandler] INFO  pipeline.BackgroundPipelineCreator (BackgroundPipelineCreator.java:notifyEventTriggered(290)) - trigger a one-shot run on RatisPipelineUtilsThread.
2025-09-13 17:31:20,659 [EventQueue-ContainerRegistrationReportForECContainerSafeModeRule] INFO  safemode.SCMSafeModeManager (SCMSafeModeManager.java:validateSafeModeExitRules(138)) - ECContainerSafeModeRule rule is successfully validated
2025-09-13 17:31:20,659 [RatisPipelineUtilsThread-0] INFO  pipeline.RatisPipelineProvider (RatisPipelineProvider.java:lambda$create$0(208)) - Sending CreatePipelineCommand for pipeline:Pipeline-07c43d0e-01cc-4cce-9f14-26ecf1d4e136 to datanode:beda0dcb-37da-4cca-bea2-e222cb1bc351(localhost/127.0.0.1)
2025-09-13 17:31:20,659 [EventQueue-ContainerRegistrationReportForRatisContainerSafeModeRule] INFO  safemode.SCMSafeModeManager (SCMSafeModeManager.java:validateSafeModeExitRules(138)) - RatisContainerSafeModeRule rule is successfully validated
2025-09-13 17:31:20,659 [EventQueue-NodeRegistrationContainerReportForDataNodeSafeModeRule] INFO  safemode.SCMSafeModeManager (SCMSafeModeManager.java:validateSafeModeExitRules(138)) - DataNodeSafeModeRule rule is successfully validated
2025-09-13 17:31:20,662 [22454e81-7bda-41d4-8b71-c0b680f2e12d@group-7661A5CF51A5-StateMachineUpdater] INFO  safemode.SCMSafeModeManager (SCMSafeModeManager.java:validateSafeModeExitRules(138)) - DataNodeSafeModeRule rule is successfully validated
2025-09-13 17:31:20,662 [22454e81-7bda-41d4-8b71-c0b680f2e12d@group-7661A5CF51A5-StateMachineUpdater] INFO  safemode.SCMSafeModeManager (SCMSafeModeManager.java:validateSafeModeExitRules(138)) - RatisContainerSafeModeRule rule is successfully validated
2025-09-13 17:31:20,662 [22454e81-7bda-41d4-8b71-c0b680f2e12d@group-7661A5CF51A5-StateMachineUpdater] INFO  safemode.HealthyPipelineSafeModeRule (HealthyPipelineSafeModeRule.java:initializeRule(228)) - Refreshed total pipeline count is 0, healthy pipeline threshold count is 1
2025-09-13 17:31:20,662 [22454e81-7bda-41d4-8b71-c0b680f2e12d@group-7661A5CF51A5-StateMachineUpdater] INFO  safemode.SCMSafeModeManager (SCMSafeModeManager.java:validateSafeModeExitRules(138)) - ECContainerSafeModeRule rule is successfully validated
2025-09-13 17:31:20,662 [22454e81-7bda-41d4-8b71-c0b680f2e12d@group-7661A5CF51A5-StateMachineUpdater] INFO  safemode.SCMSafeModeManager (SCMSafeModeManager.java:validateSafeModeExitRules(138)) - AtleastOneDatanodeReportedRule rule is successfully validated
2025-09-13 17:31:20,663 [RatisPipelineUtilsThread-0] INFO  pipeline.BackgroundPipelineCreator (BackgroundPipelineCreator.java:createPipelines(246)) - Created new pipeline Pipeline{ Id: 07c43d0e-01cc-4cce-9f14-26ecf1d4e136, Nodes: [ {beda0dcb-37da-4cca-bea2-e222cb1bc351(localhost/127.0.0.1), ReplicaIndex: 0},], ReplicationConfig: RATIS/ONE, State:ALLOCATED, leaderId:, CreationTimestamp2025-09-13T17:31:20.659320730Z[Etc/UTC]}
2025-09-13 17:31:20,683 [ForkJoinPool-1-worker-1] INFO  handler.ContextHandler (ContextHandler.java:doStart(921)) - Started o.e.j.w.WebAppContext@350ee850{hddsDatanode,/,file:///home/runner/work/ozone/ozone/hadoop-ozone/integration-test/target/test-dir/MiniOzoneClusterImpl-1331a795-ed08-415d-924a-7661a5cf51a5/scm/ozone-metadata/webserver/jetty-0_0_0_0-15066-hdds-container-service-2_1_0-SNAPSHOT_jar-_-any-14566172704275162314/webapp/,AVAILABLE}{jar:file:/home/runner/work/ozone/ozone/hadoop-hdds/container-service/target/hdds-container-service-2.1.0-SNAPSHOT.jar!/webapps/hddsDatanode}
2025-09-13 17:31:20,683 [ForkJoinPool-1-worker-1] INFO  server.AbstractConnector (AbstractConnector.java:doStart(333)) - Started ServerConnector@4e94b2ac{HTTP/1.1, (http/1.1)}{0.0.0.0:15066}
2025-09-13 17:31:20,683 [ForkJoinPool-1-worker-1] INFO  server.Server (Server.java:doStart(415)) - Started @13268ms
2025-09-13 17:31:20,683 [ForkJoinPool-1-worker-1] WARN  impl.MetricsSystemImpl (MetricsSystemImpl.java:register(279)) - Sink prometheus already exists!
2025-09-13 17:31:20,684 [ForkJoinPool-1-worker-1] INFO  http.BaseHttpServer (BaseHttpServer.java:updateConnectorAddress(357)) - HTTP server of hddsDatanode listening at http://localhost:15066
2025-09-13 17:31:20,684 [ForkJoinPool-1-worker-1] INFO  ipc.CallQueueManager (CallQueueManager.java:<init>(93)) - Using callQueue: class java.util.concurrent.LinkedBlockingQueue, queueCapacity: 1000, scheduler: class org.apache.hadoop.ipc.DefaultRpcScheduler, ipcBackoff: false, ipcFailOver: false.
2025-09-13 17:31:20,684 [ForkJoinPool-1-worker-1] INFO  ipc.Server (Server.java:<init>(1438)) - Listener at 0.0.0.0:15067
2025-09-13 17:31:20,685 [Socket Reader #1 for port 15067] INFO  ipc.Server (Server.java:run(1474)) - Starting Socket Reader #1 for port 15067
2025-09-13 17:31:20,685 [Socket Reader #2 for port 15067] INFO  ipc.Server (Server.java:run(1474)) - Starting Socket Reader #2 for port 15067
2025-09-13 17:31:20,685 [Socket Reader #3 for port 15067] INFO  ipc.Server (Server.java:run(1474)) - Starting Socket Reader #3 for port 15067
2025-09-13 17:31:20,685 [Socket Reader #4 for port 15067] INFO  ipc.Server (Server.java:run(1474)) - Starting Socket Reader #4 for port 15067
2025-09-13 17:31:20,686 [Socket Reader #5 for port 15067] INFO  ipc.Server (Server.java:run(1474)) - Starting Socket Reader #5 for port 15067
2025-09-13 17:31:20,686 [Socket Reader #6 for port 15067] INFO  ipc.Server (Server.java:run(1474)) - Starting Socket Reader #6 for port 15067
2025-09-13 17:31:20,686 [Socket Reader #7 for port 15067] INFO  ipc.Server (Server.java:run(1474)) - Starting Socket Reader #7 for port 15067
2025-09-13 17:31:20,686 [Socket Reader #8 for port 15067] INFO  ipc.Server (Server.java:run(1474)) - Starting Socket Reader #8 for port 15067
2025-09-13 17:31:20,686 [Socket Reader #9 for port 15067] INFO  ipc.Server (Server.java:run(1474)) - Starting Socket Reader #9 for port 15067
2025-09-13 17:31:20,687 [Socket Reader #10 for port 15067] INFO  ipc.Server (Server.java:run(1474)) - Starting Socket Reader #10 for port 15067
2025-09-13 17:31:20,689 [ForkJoinPool-1-worker-1] INFO  ozone.HddsDatanodeService (HddsDatanodeService.java:start(333)) - Datanode start with admins: [admin, runner]
2025-09-13 17:31:20,689 [ForkJoinPool-1-worker-1] INFO  ozone.HddsDatanodeClientProtocolServer (HddsDatanodeClientProtocolServer.java:start(76)) - RPC server for Client /0.0.0.0:15067
2025-09-13 17:31:20,689 [IPC Server Responder] INFO  ipc.Server (Server.java:run(1713)) - IPC Server Responder: starting
2025-09-13 17:31:20,690 [IPC Server listener on 15067] INFO  ipc.Server (Server.java:run(1553)) - IPC Server listener on 15067: starting
2025-09-13 17:31:20,691 [ForkJoinPool-1-worker-1] WARN  dropwizard3.Dm3MetricRegistriesImpl (Dm3MetricRegistriesImpl.java:addReporterRegistration(114)) - New reporters are added after registries were created. Some metrics will be missing from the reporter. Please add reporter before adding any new registry.
2025-09-13 17:31:20,691 [ForkJoinPool-1-worker-1] WARN  dropwizard3.Dm3MetricRegistriesImpl (Dm3MetricRegistriesImpl.java:addReporterRegistration(114)) - New reporters are added after registries were created. Some metrics will be missing from the reporter. Please add reporter before adding any new registry.
2025-09-13 17:31:20,692 [ForkJoinPool-1-worker-1] INFO  impl.MetricsSystemImpl (MetricsSystemImpl.java:init(158)) - HddsDatanode metrics system started (again)
2025-09-13 17:31:20,693 [9b620cf5-1dd4-4083-97bd-ff44c8fea23e-DatanodeStateMachineDaemonThread] INFO  statemachine.DatanodeStateMachine (DatanodeStateMachine.java:startStateMachineThread(363)) - Ozone container server started.
2025-09-13 17:31:20,697 [9b620cf5-1dd4-4083-97bd-ff44c8fea23e-DatanodeStateMachineTaskThread-0] INFO  datanode.InitDatanodeState (InitDatanodeState.java:persistContainerDatanodeDetails(139)) - DatanodeDetails is persisted to /home/runner/work/ozone/ozone/hadoop-ozone/integration-test/target/test-dir/MiniOzoneClusterImpl-1331a795-ed08-415d-924a-7661a5cf51a5/ozone-metadata/datanode-8/ozone-metadata/datanode.id
2025-09-13 17:31:20,710 [ForkJoinPool-1-worker-1] INFO  protocol.DatanodeDetails (DatanodeDetails.java:validateDatanodeIpAddress(199)) - Updating IP address of datanode 2f036b56-942d-42f4-908f-5b0be9aff918(localhost/null) to 127.0.0.1
2025-09-13 17:31:20,710 [ForkJoinPool-1-worker-1] INFO  ozone.HddsDatanodeService (HddsDatanodeService.java:start(236)) - HddsDatanodeService 2f036b56-942d-42f4-908f-5b0be9aff918(localhost/127.0.0.1)
2025-09-13 17:31:20,712 [ForkJoinPool-1-worker-1] INFO  upgrade.AbstractLayoutVersionManager (AbstractLayoutVersionManager.java:init(80)) - Initializing Layout version manager with metadata layout = WITNESSED_CONTAINER_DB_PROTO_VALUE (version = 9), software layout = WITNESSED_CONTAINER_DB_PROTO_VALUE (version = 9)
2025-09-13 17:31:20,713 [ForkJoinPool-1-worker-1] INFO  statemachine.DatanodeStateMachine (DatanodeStateMachine.java:getEndPointTaskThreadPoolSize(321)) - Datanode State Machine Task Thread Pool size 2
2025-09-13 17:31:20,716 [ForkJoinPool-1-worker-1] INFO  volume.HddsVolume (HddsVolume.java:<init>(162)) - HddsVolume: { id=DS-39ddd4e1-de0d-48d8-b3b6-a99525117a19 dir=/home/runner/work/ozone/ozone/hadoop-ozone/integration-test/target/test-dir/MiniOzoneClusterImpl-1331a795-ed08-415d-924a-7661a5cf51a5/ozone-metadata/datanode-9/data-0/hdds type=DISK capacity=9222449699674390527 used=0 available=9222449699674390527 minFree=9222450130714624 committed=0 }
2025-09-13 17:31:20,716 [ForkJoinPool-1-worker-1] INFO  volume.MutableVolumeSet (MutableVolumeSet.java:initializeVolumeSet(175)) - Added Volume : /home/runner/work/ozone/ozone/hadoop-ozone/integration-test/target/test-dir/MiniOzoneClusterImpl-1331a795-ed08-415d-924a-7661a5cf51a5/ozone-metadata/datanode-9/data-0/hdds to VolumeSet
2025-09-13 17:31:20,717 [ForkJoinPool-1-worker-1] INFO  volume.MutableVolumeSet (MutableVolumeSet.java:initializeVolumeSet(175)) - Added Volume : /home/runner/work/ozone/ozone/hadoop-ozone/integration-test/target/test-dir/MiniOzoneClusterImpl-1331a795-ed08-415d-924a-7661a5cf51a5/ozone-metadata/datanode-9/ratis to VolumeSet
2025-09-13 17:31:20,718 [ForkJoinPool-1-worker-1] INFO  ozoneimpl.OzoneContainer (HddsVolumeUtil.java:loadAllHddsVolumeDbStore(102)) - Load 1 volumes DbStore cost: 0ms
2025-09-13 17:31:20,718 [ForkJoinPool-1-worker-1] WARN  db.DBStoreBuilder (DBStoreBuilder.java:getDBDirPath(158)) - ozone.scm.datanode.id.dir is not configured. We recommend adding this setting. Falling back to ozone.metadata.dirs instead.
2025-09-13 17:31:20,719 [ForkJoinPool-1-worker-1] WARN  db.DBStoreBuilder (DBStoreBuilder.java:getDBDirPath(158)) - ozone.scm.datanode.id.dir is not configured. We recommend adding this setting. Falling back to ozone.metadata.dirs instead.
2025-09-13 17:31:20,723 [d3aade32-661d-499d-9068-ea1550ed8656-EndpointStateMachineTaskThread-/0.0.0.0:15002-0 ] INFO  utils.DatanodeStoreCache (DatanodeStoreCache.java:addDB(70)) - Added db /home/runner/work/ozone/ozone/hadoop-ozone/integration-test/target/test-dir/MiniOzoneClusterImpl-1331a795-ed08-415d-924a-7661a5cf51a5/ozone-metadata/datanode-6/data-0/hdds/1331a795-ed08-415d-924a-7661a5cf51a5/DS-22fb78ac-1833-44ab-8f02-751f4fb3033d/container.db to cache
2025-09-13 17:31:20,724 [d3aade32-661d-499d-9068-ea1550ed8656-EndpointStateMachineTaskThread-/0.0.0.0:15002-0 ] INFO  volume.HddsVolume (HddsVolume.java:createDbStore(576)) - SchemaV3 db is created and loaded at /home/runner/work/ozone/ozone/hadoop-ozone/integration-test/target/test-dir/MiniOzoneClusterImpl-1331a795-ed08-415d-924a-7661a5cf51a5/ozone-metadata/datanode-6/data-0/hdds/1331a795-ed08-415d-924a-7661a5cf51a5/DS-22fb78ac-1833-44ab-8f02-751f4fb3033d/container.db for volume DS-22fb78ac-1833-44ab-8f02-751f4fb3033d
2025-09-13 17:31:20,726 [d3aade32-661d-499d-9068-ea1550ed8656-ContainerReader-0] INFO  ozoneimpl.ContainerReader (ContainerReader.java:readVolume(147)) - Start to verify containers on volume /home/runner/work/ozone/ozone/hadoop-ozone/integration-test/target/test-dir/MiniOzoneClusterImpl-1331a795-ed08-415d-924a-7661a5cf51a5/ozone-metadata/datanode-6/data-0/hdds
2025-09-13 17:31:20,726 [d3aade32-661d-499d-9068-ea1550ed8656-ContainerReader-0] INFO  ozoneimpl.ContainerReader (ContainerReader.java:readVolume(177)) - Finish verifying containers on volume /home/runner/work/ozone/ozone/hadoop-ozone/integration-test/target/test-dir/MiniOzoneClusterImpl-1331a795-ed08-415d-924a-7661a5cf51a5/ozone-metadata/datanode-6/data-0/hdds
2025-09-13 17:31:20,727 [d3aade32-661d-499d-9068-ea1550ed8656-EndpointStateMachineTaskThread-/0.0.0.0:15002-0 ] INFO  ozoneimpl.OzoneContainer (OzoneContainer.java:buildContainerSet(370)) - Build ContainerSet costs 0s
2025-09-13 17:31:20,727 [d3aade32-661d-499d-9068-ea1550ed8656-EndpointStateMachineTaskThread-/0.0.0.0:15002-0 ] INFO  volume.ThrottledAsyncChecker (ThrottledAsyncChecker.java:schedule(138)) - Scheduling a check for /home/runner/work/ozone/ozone/hadoop-ozone/integration-test/target/test-dir/MiniOzoneClusterImpl-1331a795-ed08-415d-924a-7661a5cf51a5/ozone-metadata/datanode-6/data-0/hdds
2025-09-13 17:31:20,728 [d3aade32-661d-499d-9068-ea1550ed8656-EndpointStateMachineTaskThread-/0.0.0.0:15002-0 ] INFO  volume.StorageVolumeChecker (StorageVolumeChecker.java:checkAllVolumes(231)) - Scheduled health check for volume /home/runner/work/ozone/ozone/hadoop-ozone/integration-test/target/test-dir/MiniOzoneClusterImpl-1331a795-ed08-415d-924a-7661a5cf51a5/ozone-metadata/datanode-6/data-0/hdds
2025-09-13 17:31:20,734 [ForkJoinPool-1-worker-1] INFO  impl.FilePerChunkStrategy (FilePerChunkStrategy.java:<init>(79)) - ozone.chunk.read.mapped.buffer.max.count is load with 0
2025-09-13 17:31:20,734 [ForkJoinPool-1-worker-1] INFO  impl.FilePerBlockStrategy (FilePerBlockStrategy.java:<init>(88)) - ozone.chunk.read.mapped.buffer.max.count is load with 0
2025-09-13 17:31:20,734 [d3aade32-661d-499d-9068-ea1550ed8656-EndpointStateMachineTaskThread-/0.0.0.0:15002-0 ] INFO  volume.ThrottledAsyncChecker (ThrottledAsyncChecker.java:schedule(138)) - Scheduling a check for /home/runner/work/ozone/ozone/hadoop-ozone/integration-test/target/test-dir/MiniOzoneClusterImpl-1331a795-ed08-415d-924a-7661a5cf51a5/ozone-metadata/datanode-6/ratis
2025-09-13 17:31:20,735 [d3aade32-661d-499d-9068-ea1550ed8656-EndpointStateMachineTaskThread-/0.0.0.0:15002-0 ] INFO  volume.StorageVolumeChecker (StorageVolumeChecker.java:checkAllVolumes(231)) - Scheduled health check for volume /home/runner/work/ozone/ozone/hadoop-ozone/integration-test/target/test-dir/MiniOzoneClusterImpl-1331a795-ed08-415d-924a-7661a5cf51a5/ozone-metadata/datanode-6/ratis
2025-09-13 17:31:20,735 [ForkJoinPool-1-worker-1] INFO  server.RaftServerConfigKeys (ConfUtils.java:logGet(62)) - raft.server.log.appender.buffer.byte-limit = 33554432 (custom)
2025-09-13 17:31:20,736 [d3aade32-661d-499d-9068-ea1550ed8656-EndpointStateMachineTaskThread-/0.0.0.0:15002-0 ] INFO  ozoneimpl.OzoneContainer (OzoneContainer.java:start(525)) - Attempting to start container services.
2025-09-13 17:31:20,737 [ForkJoinPool-1-worker-1] INFO  grpc.GrpcConfigKeys (ConfUtils.java:logFallback(69)) - raft.grpc.admin.host = null (fallback to raft.grpc.server.host)
2025-09-13 17:31:20,737 [ForkJoinPool-1-worker-1] INFO  grpc.GrpcConfigKeys (ConfUtils.java:logGet(62)) - raft.grpc.admin.port = 15078 (custom)
2025-09-13 17:31:20,737 [ForkJoinPool-1-worker-1] INFO  grpc.GrpcConfigKeys (ConfUtils.java:logFallback(69)) - raft.grpc.client.host = null (fallback to raft.grpc.server.host)
2025-09-13 17:31:20,737 [ForkJoinPool-1-worker-1] INFO  grpc.GrpcConfigKeys (ConfUtils.java:logGet(62)) - raft.grpc.client.port = 15077 (custom)
2025-09-13 17:31:20,737 [ForkJoinPool-1-worker-1] INFO  grpc.GrpcConfigKeys (ConfUtils.java:logGet(62)) - raft.grpc.server.port = 15079 (custom)
2025-09-13 17:31:20,737 [ForkJoinPool-1-worker-1] INFO  server.GrpcServicesImpl (ConfUtils.java:logGet(62)) - raft.grpc.message.size.max = 34603008 (custom)
2025-09-13 17:31:20,737 [ForkJoinPool-1-worker-1] INFO  server.GrpcServicesImpl (ConfUtils.java:logGet(62)) - raft.grpc.flow.control.window = 5MB (=5242880) (custom)
2025-09-13 17:31:20,738 [ForkJoinPool-1-worker-1] INFO  server.RaftServerConfigKeys (ConfUtils.java:logGet(62)) - raft.server.log.appender.buffer.byte-limit = 33554432 (custom)
2025-09-13 17:31:20,738 [ContainerMetadataScanner] INFO  ozoneimpl.AbstractBackgroundContainerScanner (AbstractBackgroundContainerScanner.java:runIteration(89)) - Completed an iteration in 0 minutes. Number of iterations (since the data-node restart) : 1, Number of containers scanned in this iteration : 0, Number of unhealthy containers found in this iteration : 0
2025-09-13 17:31:20,739 [ContainerDataScanner(/home/runner/work/ozone/ozone/hadoop-ozone/integration-test/target/test-dir/MiniOzoneClusterImpl-1331a795-ed08-415d-924a-7661a5cf51a5/ozone-metadata/datanode-6/data-0/hdds)] INFO  ozoneimpl.AbstractBackgroundContainerScanner (AbstractBackgroundContainerScanner.java:runIteration(89)) - Completed an iteration in 0 minutes. Number of iterations (since the data-node restart) : 1, Number of containers scanned in this iteration : 0, Number of unhealthy containers found in this iteration : 0
2025-09-13 17:31:20,740 [ForkJoinPool-1-worker-1] INFO  netty.NettyUtils (NettyUtils.java:newEventLoopGroup(74)) - Create EpollEventLoopGroup for 2f036b56-942d-42f4-908f-5b0be9aff918-NettyServerStreamRpc-bossGroup; Thread size is 0.
2025-09-13 17:31:20,740 [ForkJoinPool-1-worker-1] INFO  netty.NettyUtils (NettyUtils.java:newEventLoopGroup(74)) - Create EpollEventLoopGroup for 2f036b56-942d-42f4-908f-5b0be9aff918-NettyServerStreamRpc-workerGroup; Thread size is 0.
2025-09-13 17:31:20,741 [d3aade32-661d-499d-9068-ea1550ed8656-EndpointStateMachineTaskThread-/0.0.0.0:15002-0 ] INFO  replication.ReplicationServer (ReplicationServer.java:start(137)) - ReplicationServer is started using port 15057
2025-09-13 17:31:20,741 [ForkJoinPool-1-worker-1] INFO  netty.NettyConfigKeys$DataStream (ConfUtils.java:logGet(62)) - raft.netty.dataStream.port = 15080 (custom)
2025-09-13 17:31:20,741 [d3aade32-661d-499d-9068-ea1550ed8656-EndpointStateMachineTaskThread-/0.0.0.0:15002-0 ] INFO  ratis.XceiverServerRatis (XceiverServerRatis.java:start(560)) - Starting XceiverServerRatis(d3aade32-661d-499d-9068-ea1550ed8656)
2025-09-13 17:31:20,742 [ForkJoinPool-1-worker-1] INFO  server.RaftServerConfigKeys (ConfUtils.java:logGet(62)) - raft.server.storage.dir = [/home/runner/work/ozone/ozone/hadoop-ozone/integration-test/target/test-dir/MiniOzoneClusterImpl-1331a795-ed08-415d-924a-7661a5cf51a5/ozone-metadata/datanode-9/ratis] (custom)
2025-09-13 17:31:20,742 [2f036b56-942d-42f4-908f-5b0be9aff918-NettyServerStreamRpc-bossGroup--thread1] INFO  logging.LoggingHandler (AbstractInternalLogger.java:log(148)) - [id: 0xece1e4ec] REGISTERED
2025-09-13 17:31:20,743 [2f036b56-942d-42f4-908f-5b0be9aff918-NettyServerStreamRpc-bossGroup--thread1] INFO  logging.LoggingHandler (AbstractInternalLogger.java:log(148)) - [id: 0xece1e4ec] BIND: 0.0.0.0/0.0.0.0:15080
2025-09-13 17:31:20,744 [2f036b56-942d-42f4-908f-5b0be9aff918-NettyServerStreamRpc-bossGroup--thread1] INFO  logging.LoggingHandler (AbstractInternalLogger.java:log(148)) - [id: 0xece1e4ec, L:/0.0.0.0:15080] ACTIVE
2025-09-13 17:31:20,745 [2f036b56-942d-42f4-908f-5b0be9aff918-impl-thread1] INFO  server.RaftServer (RaftServerProxy.java:initGroupDir(270)) - 2f036b56-942d-42f4-908f-5b0be9aff918: found a subdirectory /home/runner/work/ozone/ozone/hadoop-ozone/integration-test/target/test-dir/MiniOzoneClusterImpl-1331a795-ed08-415d-924a-7661a5cf51a5/ozone-metadata/datanode-9/ratis/tmp
2025-09-13 17:31:20,745 [2f036b56-942d-42f4-908f-5b0be9aff918-impl-thread1] INFO  server.RaftServer (RaftServerProxy.java:initGroupDir(275)) - 2f036b56-942d-42f4-908f-5b0be9aff918: The directory /home/runner/work/ozone/ozone/hadoop-ozone/integration-test/target/test-dir/MiniOzoneClusterImpl-1331a795-ed08-415d-924a-7661a5cf51a5/ozone-metadata/datanode-9/ratis/tmp is not a group directory; ignoring it. 
2025-09-13 17:31:20,745 [ForkJoinPool-1-worker-1] INFO  replication.ReplicationServer (ReplicationServer.java:<init>(84)) - Initializing replication server with thread count = 10 queue length = 4096
2025-09-13 17:31:20,746 [d3aade32-661d-499d-9068-ea1550ed8656-EndpointStateMachineTaskThread-/0.0.0.0:15002-0 ] INFO  server.RaftServer (RaftServerProxy.java:startImpl(412)) - d3aade32-661d-499d-9068-ea1550ed8656: start RPC server
2025-09-13 17:31:20,746 [ForkJoinPool-1-worker-1] INFO  server.XceiverServerGrpc (XceiverServerGrpc.java:<init>(130)) - GrpcServer channel type EpollServerSocketChannel
2025-09-13 17:31:20,746 [d3aade32-661d-499d-9068-ea1550ed8656-EndpointStateMachineTaskThread-/0.0.0.0:15002-0 ] INFO  server.GrpcServicesImpl (GrpcServicesImpl.java:startImpl(346)) - d3aade32-661d-499d-9068-ea1550ed8656: GrpcServicesImpl started, listening on 15053
2025-09-13 17:31:20,747 [d3aade32-661d-499d-9068-ea1550ed8656-EndpointStateMachineTaskThread-/0.0.0.0:15002-0 ] INFO  server.GrpcServicesImpl (GrpcServicesImpl.java:startImpl(346)) - d3aade32-661d-499d-9068-ea1550ed8656: GrpcServicesImpl started, listening on 15055
2025-09-13 17:31:20,747 [ForkJoinPool-1-worker-1] INFO  replication.ReplicationSupervisor (ReplicationSupervisor.java:build(169)) - Initializing replication supervisor with thread count = 10
2025-09-13 17:31:20,747 [ForkJoinPool-1-worker-1] INFO  replication.ReplicationSupervisor (ReplicationSupervisor.java:nodeStateUpdated(358)) - Node state updated to IN_SERVICE, scaling executor pool size to 10
2025-09-13 17:31:20,748 [d3aade32-661d-499d-9068-ea1550ed8656-EndpointStateMachineTaskThread-/0.0.0.0:15002-0 ] INFO  server.GrpcServicesImpl (GrpcServicesImpl.java:startImpl(346)) - d3aade32-661d-499d-9068-ea1550ed8656: GrpcServicesImpl started, listening on 15054
2025-09-13 17:31:20,749 [d3aade32-661d-499d-9068-ea1550ed8656-EndpointStateMachineTaskThread-/0.0.0.0:15002-0 ] INFO  ratis.XceiverServerRatis (XceiverServerRatis.java:getRealPort(587)) - XceiverServerRatis(d3aade32-661d-499d-9068-ea1550ed8656) is started using port RATIS=15053
2025-09-13 17:31:20,749 [d3aade32-661d-499d-9068-ea1550ed8656-EndpointStateMachineTaskThread-/0.0.0.0:15002-0 ] INFO  ratis.XceiverServerRatis (XceiverServerRatis.java:getRealPort(587)) - XceiverServerRatis(d3aade32-661d-499d-9068-ea1550ed8656) is started using port RATIS_ADMIN=15054
2025-09-13 17:31:20,749 [d3aade32-661d-499d-9068-ea1550ed8656-EndpointStateMachineTaskThread-/0.0.0.0:15002-0 ] INFO  ratis.XceiverServerRatis (XceiverServerRatis.java:getRealPort(587)) - XceiverServerRatis(d3aade32-661d-499d-9068-ea1550ed8656) is started using port RATIS_SERVER=15055
2025-09-13 17:31:20,749 [d3aade32-661d-499d-9068-ea1550ed8656-EndpointStateMachineTaskThread-/0.0.0.0:15002-0 ] INFO  ratis.XceiverServerRatis (XceiverServerRatis.java:getRealPort(587)) - XceiverServerRatis(d3aade32-661d-499d-9068-ea1550ed8656) is started using port RATIS_DATASTREAM=15056
2025-09-13 17:31:20,749 [JvmPauseMonitor8] INFO  util.JvmPauseMonitor (JvmPauseMonitor.java:run(146)) - JvmPauseMonitor-d3aade32-661d-499d-9068-ea1550ed8656: Started
2025-09-13 17:31:20,750 [d3aade32-661d-499d-9068-ea1550ed8656-EndpointStateMachineTaskThread-/0.0.0.0:15002-0 ] INFO  utils.BackgroundService (BackgroundService.java:start(119)) - Starting service BlockDeletingService with interval 60000 milliseconds
2025-09-13 17:31:20,751 [d3aade32-661d-499d-9068-ea1550ed8656-EndpointStateMachineTaskThread-/0.0.0.0:15002-0 ] INFO  utils.BackgroundService (BackgroundService.java:start(119)) - Starting service StaleRecoveringContainerScrubbingService with interval 60000 milliseconds
2025-09-13 17:31:20,751 [ForkJoinPool-1-worker-1] INFO  http.BaseHttpServer (BaseHttpServer.java:newHttpServer2BuilderForOzone(227)) - Starting Web-server for hddsDatanode at: http://0.0.0.0:15074
2025-09-13 17:31:20,752 [ForkJoinPool-1-worker-1] INFO  http.BaseHttpServer (BaseHttpServer.java:<init>(105)) - Hadoop Security Enabled: false Ozone Security Enabled: false Ozone HTTP Security Enabled: false 
2025-09-13 17:31:20,753 [ForkJoinPool-1-worker-1] WARN  server.AuthenticationFilter (AuthenticationFilter.java:constructSecretProvider(240)) - Unable to initialize FileSignerSecretProvider, falling back to use random secrets. Reason: Could not read signature secret file: /home/runner/hadoop-http-auth-signature-secret
2025-09-13 17:31:20,756 [ForkJoinPool-1-worker-1] INFO  http.HttpServer2 (HttpServer2.java:addGlobalFilter(1041)) - Added global filter 'safety' (class=org.apache.hadoop.hdds.server.http.HttpServer2$QuotingInputFilter)
2025-09-13 17:31:20,757 [ForkJoinPool-1-worker-1] INFO  http.HttpServer2 (HttpServer2.java:addFilter(1017)) - Added filter static_user_filter (class=org.apache.hadoop.http.lib.StaticUserWebFilter$StaticUserFilter) to context hddsDatanode
2025-09-13 17:31:20,758 [ForkJoinPool-1-worker-1] INFO  http.HttpServer2 (HttpServer2.java:addFilter(1025)) - Added filter static_user_filter (class=org.apache.hadoop.http.lib.StaticUserWebFilter$StaticUserFilter) to context static
2025-09-13 17:31:20,758 [ForkJoinPool-1-worker-1] INFO  http.HttpServer2 (HttpServer2.java:addFilter(1025)) - Added filter static_user_filter (class=org.apache.hadoop.http.lib.StaticUserWebFilter$StaticUserFilter) to context logs
2025-09-13 17:31:20,759 [ForkJoinPool-1-worker-1] INFO  http.BaseHttpServer (BaseHttpServer.java:<init>(193)) - HTTP server of hddsDatanode uses base directory /home/runner/work/ozone/ozone/hadoop-ozone/integration-test/target/test-dir/MiniOzoneClusterImpl-1331a795-ed08-415d-924a-7661a5cf51a5/scm/ozone-metadata/webserver
2025-09-13 17:31:20,759 [ForkJoinPool-1-worker-1] INFO  http.HttpServer2 (HttpServer2.java:bindListener(1241)) - Jetty bound to port 15074
2025-09-13 17:31:20,759 [ForkJoinPool-1-worker-1] INFO  server.Server (Server.java:doStart(375)) - jetty-9.4.58.v20250814; built: 2025-08-14T02:28:49.637Z; git: 8f1440587e9e4ae7db3d74cf205643f3d707148d; jvm 21.0.8+9-LTS
2025-09-13 17:31:20,761 [ForkJoinPool-1-worker-1] INFO  server.session (DefaultSessionIdManager.java:doStart(334)) - DefaultSessionIdManager workerName=node0
2025-09-13 17:31:20,761 [ForkJoinPool-1-worker-1] INFO  server.session (DefaultSessionIdManager.java:doStart(339)) - No SessionScavenger set, using defaults
2025-09-13 17:31:20,761 [ForkJoinPool-1-worker-1] INFO  server.session (HouseKeeper.java:startScavenging(132)) - node0 Scavenging every 600000ms
2025-09-13 17:31:20,761 [ForkJoinPool-1-worker-1] INFO  handler.ContextHandler (ContextHandler.java:doStart(921)) - Started o.e.j.s.ServletContextHandler@67a0a32d{logs,/logs,file:///home/runner/work/ozone/ozone/hadoop-ozone/integration-test/target/log,AVAILABLE}
2025-09-13 17:31:20,762 [ForkJoinPool-1-worker-1] INFO  handler.ContextHandler (ContextHandler.java:doStart(921)) - Started o.e.j.s.ServletContextHandler@94ccb60{static,/static,jar:file:/home/runner/work/ozone/ozone/hadoop-hdds/container-service/target/hdds-container-service-2.1.0-SNAPSHOT.jar!/webapps/static,AVAILABLE}
2025-09-13 17:31:20,915 [ForkJoinPool-1-worker-1] INFO  handler.ContextHandler (ContextHandler.java:doStart(921)) - Started o.e.j.w.WebAppContext@3c62b15a{hddsDatanode,/,file:///home/runner/work/ozone/ozone/hadoop-ozone/integration-test/target/test-dir/MiniOzoneClusterImpl-1331a795-ed08-415d-924a-7661a5cf51a5/scm/ozone-metadata/webserver/jetty-0_0_0_0-15074-hdds-container-service-2_1_0-SNAPSHOT_jar-_-any-11843174762203951259/webapp/,AVAILABLE}{jar:file:/home/runner/work/ozone/ozone/hadoop-hdds/container-service/target/hdds-container-service-2.1.0-SNAPSHOT.jar!/webapps/hddsDatanode}
2025-09-13 17:31:20,916 [ForkJoinPool-1-worker-1] INFO  server.AbstractConnector (AbstractConnector.java:doStart(333)) - Started ServerConnector@68ebb440{HTTP/1.1, (http/1.1)}{0.0.0.0:15074}
2025-09-13 17:31:20,916 [ForkJoinPool-1-worker-1] INFO  server.Server (Server.java:doStart(415)) - Started @13500ms
2025-09-13 17:31:20,916 [ForkJoinPool-1-worker-1] WARN  impl.MetricsSystemImpl (MetricsSystemImpl.java:register(279)) - Sink prometheus already exists!
2025-09-13 17:31:20,916 [ForkJoinPool-1-worker-1] INFO  http.BaseHttpServer (BaseHttpServer.java:updateConnectorAddress(357)) - HTTP server of hddsDatanode listening at http://localhost:15074
2025-09-13 17:31:20,917 [ForkJoinPool-1-worker-1] INFO  ipc.CallQueueManager (CallQueueManager.java:<init>(93)) - Using callQueue: class java.util.concurrent.LinkedBlockingQueue, queueCapacity: 1000, scheduler: class org.apache.hadoop.ipc.DefaultRpcScheduler, ipcBackoff: false, ipcFailOver: false.
2025-09-13 17:31:20,917 [ForkJoinPool-1-worker-1] INFO  ipc.Server (Server.java:<init>(1438)) - Listener at 0.0.0.0:15075
2025-09-13 17:31:20,917 [Socket Reader #1 for port 15075] INFO  ipc.Server (Server.java:run(1474)) - Starting Socket Reader #1 for port 15075
2025-09-13 17:31:20,917 [Socket Reader #2 for port 15075] INFO  ipc.Server (Server.java:run(1474)) - Starting Socket Reader #2 for port 15075
2025-09-13 17:31:20,918 [Socket Reader #3 for port 15075] INFO  ipc.Server (Server.java:run(1474)) - Starting Socket Reader #3 for port 15075
2025-09-13 17:31:20,918 [Socket Reader #4 for port 15075] INFO  ipc.Server (Server.java:run(1474)) - Starting Socket Reader #4 for port 15075
2025-09-13 17:31:20,918 [Socket Reader #5 for port 15075] INFO  ipc.Server (Server.java:run(1474)) - Starting Socket Reader #5 for port 15075
2025-09-13 17:31:20,918 [Socket Reader #6 for port 15075] INFO  ipc.Server (Server.java:run(1474)) - Starting Socket Reader #6 for port 15075
2025-09-13 17:31:20,918 [Socket Reader #7 for port 15075] INFO  ipc.Server (Server.java:run(1474)) - Starting Socket Reader #7 for port 15075
2025-09-13 17:31:20,918 [Socket Reader #8 for port 15075] INFO  ipc.Server (Server.java:run(1474)) - Starting Socket Reader #8 for port 15075
2025-09-13 17:31:20,919 [Socket Reader #9 for port 15075] INFO  ipc.Server (Server.java:run(1474)) - Starting Socket Reader #9 for port 15075
2025-09-13 17:31:20,919 [Socket Reader #10 for port 15075] INFO  ipc.Server (Server.java:run(1474)) - Starting Socket Reader #10 for port 15075
2025-09-13 17:31:20,920 [ForkJoinPool-1-worker-1] INFO  ozone.HddsDatanodeService (HddsDatanodeService.java:start(333)) - Datanode start with admins: [admin, runner]
2025-09-13 17:31:20,921 [ForkJoinPool-1-worker-1] INFO  ozone.HddsDatanodeClientProtocolServer (HddsDatanodeClientProtocolServer.java:start(76)) - RPC server for Client /0.0.0.0:15075
2025-09-13 17:31:20,921 [IPC Server Responder] INFO  ipc.Server (Server.java:run(1713)) - IPC Server Responder: starting
2025-09-13 17:31:20,921 [IPC Server listener on 15075] INFO  ipc.Server (Server.java:run(1553)) - IPC Server listener on 15075: starting
2025-09-13 17:31:20,922 [ForkJoinPool-1-worker-1] WARN  dropwizard3.Dm3MetricRegistriesImpl (Dm3MetricRegistriesImpl.java:addReporterRegistration(114)) - New reporters are added after registries were created. Some metrics will be missing from the reporter. Please add reporter before adding any new registry.
2025-09-13 17:31:20,922 [ForkJoinPool-1-worker-1] WARN  dropwizard3.Dm3MetricRegistriesImpl (Dm3MetricRegistriesImpl.java:addReporterRegistration(114)) - New reporters are added after registries were created. Some metrics will be missing from the reporter. Please add reporter before adding any new registry.
2025-09-13 17:31:20,922 [ForkJoinPool-1-worker-1] INFO  impl.MetricsSystemImpl (MetricsSystemImpl.java:init(158)) - HddsDatanode metrics system started (again)
2025-09-13 17:31:20,923 [2f036b56-942d-42f4-908f-5b0be9aff918-DatanodeStateMachineDaemonThread] INFO  statemachine.DatanodeStateMachine (DatanodeStateMachine.java:startStateMachineThread(363)) - Ozone container server started.
2025-09-13 17:31:20,928 [2f036b56-942d-42f4-908f-5b0be9aff918-DatanodeStateMachineTaskThread-0] INFO  datanode.InitDatanodeState (InitDatanodeState.java:persistContainerDatanodeDetails(139)) - DatanodeDetails is persisted to /home/runner/work/ozone/ozone/hadoop-ozone/integration-test/target/test-dir/MiniOzoneClusterImpl-1331a795-ed08-415d-924a-7661a5cf51a5/ozone-metadata/datanode-9/ozone-metadata/datanode.id
2025-09-13 17:31:20,934 [IPC Server handler 9 on default port 15002] INFO  net.NetworkTopologyImpl (NetworkTopologyImpl.java:add(133)) - Added a new node: /rack1/e114cbd1-8f45-4cc5-a8b1-e2bd6cad48a0
2025-09-13 17:31:20,934 [IPC Server handler 9 on default port 15002] INFO  node.SCMNodeManager (SCMNodeManager.java:register(423)) - Registered datanode: e114cbd1-8f45-4cc5-a8b1-e2bd6cad48a0{ip: 127.0.0.1, host: localhost, ports: [HTTP=15042, CLIENT_RPC=15043, REPLICATION=15049, RATIS=15045, RATIS_ADMIN=15046, RATIS_SERVER=15047, RATIS_DATASTREAM=15048, STANDALONE=15044], networkLocation: /rack1, certSerialId: null, persistedOpState: null, persistedOpStateExpiryEpochSec: 0}
2025-09-13 17:31:20,934 [EventQueue-PipelineReportForOneReplicaPipelineSafeModeRule] INFO  safemode.SCMSafeModeManager (SCMSafeModeManager.java:validateSafeModeExitRules(138)) - AtleastOneDatanodeReportedRule rule is successfully validated
2025-09-13 17:31:20,935 [EventQueue-NewNodeForNewNodeHandler] INFO  pipeline.BackgroundPipelineCreator (BackgroundPipelineCreator.java:notifyEventTriggered(290)) - trigger a one-shot run on RatisPipelineUtilsThread.
2025-09-13 17:31:20,935 [RatisPipelineUtilsThread-0] INFO  pipeline.RatisPipelineProvider (RatisPipelineProvider.java:lambda$create$0(208)) - Sending CreatePipelineCommand for pipeline:Pipeline-c7cd4f34-6e85-4800-ae3d-3d336bcefa21 to datanode:e114cbd1-8f45-4cc5-a8b1-e2bd6cad48a0(localhost/127.0.0.1)
2025-09-13 17:31:20,935 [EventQueue-NodeRegistrationContainerReportForDataNodeSafeModeRule] INFO  safemode.SCMSafeModeManager (SCMSafeModeManager.java:validateSafeModeExitRules(138)) - DataNodeSafeModeRule rule is successfully validated
2025-09-13 17:31:20,936 [EventQueue-ContainerRegistrationReportForRatisContainerSafeModeRule] INFO  safemode.SCMSafeModeManager (SCMSafeModeManager.java:validateSafeModeExitRules(138)) - RatisContainerSafeModeRule rule is successfully validated
2025-09-13 17:31:20,936 [EventQueue-ContainerRegistrationReportForECContainerSafeModeRule] INFO  safemode.SCMSafeModeManager (SCMSafeModeManager.java:validateSafeModeExitRules(138)) - ECContainerSafeModeRule rule is successfully validated
2025-09-13 17:31:20,938 [22454e81-7bda-41d4-8b71-c0b680f2e12d@group-7661A5CF51A5-StateMachineUpdater] INFO  safemode.SCMSafeModeManager (SCMSafeModeManager.java:validateSafeModeExitRules(138)) - DataNodeSafeModeRule rule is successfully validated
2025-09-13 17:31:20,938 [22454e81-7bda-41d4-8b71-c0b680f2e12d@group-7661A5CF51A5-StateMachineUpdater] INFO  safemode.SCMSafeModeManager (SCMSafeModeManager.java:validateSafeModeExitRules(138)) - RatisContainerSafeModeRule rule is successfully validated
2025-09-13 17:31:20,938 [22454e81-7bda-41d4-8b71-c0b680f2e12d@group-7661A5CF51A5-StateMachineUpdater] INFO  safemode.HealthyPipelineSafeModeRule (HealthyPipelineSafeModeRule.java:initializeRule(228)) - Refreshed total pipeline count is 0, healthy pipeline threshold count is 1
2025-09-13 17:31:20,938 [22454e81-7bda-41d4-8b71-c0b680f2e12d@group-7661A5CF51A5-StateMachineUpdater] INFO  safemode.SCMSafeModeManager (SCMSafeModeManager.java:validateSafeModeExitRules(138)) - ECContainerSafeModeRule rule is successfully validated
2025-09-13 17:31:20,938 [22454e81-7bda-41d4-8b71-c0b680f2e12d@group-7661A5CF51A5-StateMachineUpdater] INFO  safemode.SCMSafeModeManager (SCMSafeModeManager.java:validateSafeModeExitRules(138)) - AtleastOneDatanodeReportedRule rule is successfully validated
2025-09-13 17:31:20,939 [RatisPipelineUtilsThread-0] INFO  pipeline.BackgroundPipelineCreator (BackgroundPipelineCreator.java:createPipelines(246)) - Created new pipeline Pipeline{ Id: c7cd4f34-6e85-4800-ae3d-3d336bcefa21, Nodes: [ {e114cbd1-8f45-4cc5-a8b1-e2bd6cad48a0(localhost/127.0.0.1), ReplicaIndex: 0},], ReplicationConfig: RATIS/ONE, State:ALLOCATED, leaderId:, CreationTimestamp2025-09-13T17:31:20.935794762Z[Etc/UTC]}
2025-09-13 17:31:20,944 [ForkJoinPool-1-worker-1] INFO  protocol.DatanodeDetails (DatanodeDetails.java:validateDatanodeIpAddress(199)) - Updating IP address of datanode bc7810fa-01a5-4444-aa1e-be493a4a93df(localhost/null) to 127.0.0.1
2025-09-13 17:31:20,944 [ForkJoinPool-1-worker-1] INFO  ozone.HddsDatanodeService (HddsDatanodeService.java:start(236)) - HddsDatanodeService bc7810fa-01a5-4444-aa1e-be493a4a93df(localhost/127.0.0.1)
2025-09-13 17:31:20,946 [ForkJoinPool-1-worker-1] INFO  upgrade.AbstractLayoutVersionManager (AbstractLayoutVersionManager.java:init(80)) - Initializing Layout version manager with metadata layout = WITNESSED_CONTAINER_DB_PROTO_VALUE (version = 9), software layout = WITNESSED_CONTAINER_DB_PROTO_VALUE (version = 9)
2025-09-13 17:31:20,946 [ForkJoinPool-1-worker-1] INFO  statemachine.DatanodeStateMachine (DatanodeStateMachine.java:getEndPointTaskThreadPoolSize(321)) - Datanode State Machine Task Thread Pool size 2
2025-09-13 17:31:20,949 [ForkJoinPool-1-worker-1] INFO  volume.HddsVolume (HddsVolume.java:<init>(162)) - HddsVolume: { id=DS-87ccabf9-83bf-4bc8-9b5e-db8bb9a39b23 dir=/home/runner/work/ozone/ozone/hadoop-ozone/integration-test/target/test-dir/MiniOzoneClusterImpl-1331a795-ed08-415d-924a-7661a5cf51a5/ozone-metadata/datanode-10/data-0/hdds type=DISK capacity=9222449699674390527 used=0 available=9222449699674390527 minFree=9222450130714624 committed=0 }
2025-09-13 17:31:20,949 [ForkJoinPool-1-worker-1] INFO  volume.MutableVolumeSet (MutableVolumeSet.java:initializeVolumeSet(175)) - Added Volume : /home/runner/work/ozone/ozone/hadoop-ozone/integration-test/target/test-dir/MiniOzoneClusterImpl-1331a795-ed08-415d-924a-7661a5cf51a5/ozone-metadata/datanode-10/data-0/hdds to VolumeSet
2025-09-13 17:31:20,951 [ForkJoinPool-1-worker-1] INFO  volume.MutableVolumeSet (MutableVolumeSet.java:initializeVolumeSet(175)) - Added Volume : /home/runner/work/ozone/ozone/hadoop-ozone/integration-test/target/test-dir/MiniOzoneClusterImpl-1331a795-ed08-415d-924a-7661a5cf51a5/ozone-metadata/datanode-10/ratis to VolumeSet
2025-09-13 17:31:20,951 [ForkJoinPool-1-worker-1] INFO  ozoneimpl.OzoneContainer (HddsVolumeUtil.java:loadAllHddsVolumeDbStore(102)) - Load 1 volumes DbStore cost: 0ms
2025-09-13 17:31:20,951 [ForkJoinPool-1-worker-1] WARN  db.DBStoreBuilder (DBStoreBuilder.java:getDBDirPath(158)) - ozone.scm.datanode.id.dir is not configured. We recommend adding this setting. Falling back to ozone.metadata.dirs instead.
2025-09-13 17:31:20,952 [ForkJoinPool-1-worker-1] WARN  db.DBStoreBuilder (DBStoreBuilder.java:getDBDirPath(158)) - ozone.scm.datanode.id.dir is not configured. We recommend adding this setting. Falling back to ozone.metadata.dirs instead.
2025-09-13 17:31:20,964 [ForkJoinPool-1-worker-1] INFO  impl.FilePerChunkStrategy (FilePerChunkStrategy.java:<init>(79)) - ozone.chunk.read.mapped.buffer.max.count is load with 0
2025-09-13 17:31:20,964 [ForkJoinPool-1-worker-1] INFO  impl.FilePerBlockStrategy (FilePerBlockStrategy.java:<init>(88)) - ozone.chunk.read.mapped.buffer.max.count is load with 0
2025-09-13 17:31:20,965 [ForkJoinPool-1-worker-1] INFO  server.RaftServerConfigKeys (ConfUtils.java:logGet(62)) - raft.server.log.appender.buffer.byte-limit = 33554432 (custom)
2025-09-13 17:31:20,966 [ForkJoinPool-1-worker-1] INFO  grpc.GrpcConfigKeys (ConfUtils.java:logFallback(69)) - raft.grpc.admin.host = null (fallback to raft.grpc.server.host)
2025-09-13 17:31:20,966 [ForkJoinPool-1-worker-1] INFO  grpc.GrpcConfigKeys (ConfUtils.java:logGet(62)) - raft.grpc.admin.port = 15086 (custom)
2025-09-13 17:31:20,966 [ForkJoinPool-1-worker-1] INFO  grpc.GrpcConfigKeys (ConfUtils.java:logFallback(69)) - raft.grpc.client.host = null (fallback to raft.grpc.server.host)
2025-09-13 17:31:20,966 [ForkJoinPool-1-worker-1] INFO  grpc.GrpcConfigKeys (ConfUtils.java:logGet(62)) - raft.grpc.client.port = 15085 (custom)
2025-09-13 17:31:20,966 [ForkJoinPool-1-worker-1] INFO  grpc.GrpcConfigKeys (ConfUtils.java:logGet(62)) - raft.grpc.server.port = 15087 (custom)
2025-09-13 17:31:20,967 [ForkJoinPool-1-worker-1] INFO  server.GrpcServicesImpl (ConfUtils.java:logGet(62)) - raft.grpc.message.size.max = 34603008 (custom)
2025-09-13 17:31:20,967 [ForkJoinPool-1-worker-1] INFO  server.GrpcServicesImpl (ConfUtils.java:logGet(62)) - raft.grpc.flow.control.window = 5MB (=5242880) (custom)
2025-09-13 17:31:20,967 [ForkJoinPool-1-worker-1] INFO  server.RaftServerConfigKeys (ConfUtils.java:logGet(62)) - raft.server.log.appender.buffer.byte-limit = 33554432 (custom)
2025-09-13 17:31:20,969 [ForkJoinPool-1-worker-1] INFO  netty.NettyUtils (NettyUtils.java:newEventLoopGroup(74)) - Create EpollEventLoopGroup for bc7810fa-01a5-4444-aa1e-be493a4a93df-NettyServerStreamRpc-bossGroup; Thread size is 0.
2025-09-13 17:31:20,970 [ForkJoinPool-1-worker-1] INFO  netty.NettyUtils (NettyUtils.java:newEventLoopGroup(74)) - Create EpollEventLoopGroup for bc7810fa-01a5-4444-aa1e-be493a4a93df-NettyServerStreamRpc-workerGroup; Thread size is 0.
2025-09-13 17:31:20,970 [ForkJoinPool-1-worker-1] INFO  netty.NettyConfigKeys$DataStream (ConfUtils.java:logGet(62)) - raft.netty.dataStream.port = 15088 (custom)
2025-09-13 17:31:20,971 [ForkJoinPool-1-worker-1] INFO  server.RaftServerConfigKeys (ConfUtils.java:logGet(62)) - raft.server.storage.dir = [/home/runner/work/ozone/ozone/hadoop-ozone/integration-test/target/test-dir/MiniOzoneClusterImpl-1331a795-ed08-415d-924a-7661a5cf51a5/ozone-metadata/datanode-10/ratis] (custom)
2025-09-13 17:31:20,972 [bc7810fa-01a5-4444-aa1e-be493a4a93df-NettyServerStreamRpc-bossGroup--thread1] INFO  logging.LoggingHandler (AbstractInternalLogger.java:log(148)) - [id: 0x5e0b5cdf] REGISTERED
2025-09-13 17:31:20,972 [bc7810fa-01a5-4444-aa1e-be493a4a93df-NettyServerStreamRpc-bossGroup--thread1] INFO  logging.LoggingHandler (AbstractInternalLogger.java:log(148)) - [id: 0x5e0b5cdf] BIND: 0.0.0.0/0.0.0.0:15088
2025-09-13 17:31:20,972 [bc7810fa-01a5-4444-aa1e-be493a4a93df-impl-thread1] INFO  server.RaftServer (RaftServerProxy.java:initGroupDir(270)) - bc7810fa-01a5-4444-aa1e-be493a4a93df: found a subdirectory /home/runner/work/ozone/ozone/hadoop-ozone/integration-test/target/test-dir/MiniOzoneClusterImpl-1331a795-ed08-415d-924a-7661a5cf51a5/ozone-metadata/datanode-10/ratis/tmp
2025-09-13 17:31:20,972 [bc7810fa-01a5-4444-aa1e-be493a4a93df-NettyServerStreamRpc-bossGroup--thread1] INFO  logging.LoggingHandler (AbstractInternalLogger.java:log(148)) - [id: 0x5e0b5cdf, L:/0.0.0.0:15088] ACTIVE
2025-09-13 17:31:20,972 [bc7810fa-01a5-4444-aa1e-be493a4a93df-impl-thread1] INFO  server.RaftServer (RaftServerProxy.java:initGroupDir(275)) - bc7810fa-01a5-4444-aa1e-be493a4a93df: The directory /home/runner/work/ozone/ozone/hadoop-ozone/integration-test/target/test-dir/MiniOzoneClusterImpl-1331a795-ed08-415d-924a-7661a5cf51a5/ozone-metadata/datanode-10/ratis/tmp is not a group directory; ignoring it. 
2025-09-13 17:31:20,973 [ForkJoinPool-1-worker-1] INFO  replication.ReplicationServer (ReplicationServer.java:<init>(84)) - Initializing replication server with thread count = 10 queue length = 4096
2025-09-13 17:31:20,973 [ForkJoinPool-1-worker-1] INFO  server.XceiverServerGrpc (XceiverServerGrpc.java:<init>(130)) - GrpcServer channel type EpollServerSocketChannel
2025-09-13 17:31:20,975 [ForkJoinPool-1-worker-1] INFO  replication.ReplicationSupervisor (ReplicationSupervisor.java:build(169)) - Initializing replication supervisor with thread count = 10
2025-09-13 17:31:20,975 [ForkJoinPool-1-worker-1] INFO  replication.ReplicationSupervisor (ReplicationSupervisor.java:nodeStateUpdated(358)) - Node state updated to IN_SERVICE, scaling executor pool size to 10
2025-09-13 17:31:20,977 [ForkJoinPool-1-worker-1] INFO  http.BaseHttpServer (BaseHttpServer.java:newHttpServer2BuilderForOzone(227)) - Starting Web-server for hddsDatanode at: http://0.0.0.0:15082
2025-09-13 17:31:20,978 [ForkJoinPool-1-worker-1] INFO  http.BaseHttpServer (BaseHttpServer.java:<init>(105)) - Hadoop Security Enabled: false Ozone Security Enabled: false Ozone HTTP Security Enabled: false 
2025-09-13 17:31:20,979 [ForkJoinPool-1-worker-1] WARN  server.AuthenticationFilter (AuthenticationFilter.java:constructSecretProvider(240)) - Unable to initialize FileSignerSecretProvider, falling back to use random secrets. Reason: Could not read signature secret file: /home/runner/hadoop-http-auth-signature-secret
2025-09-13 17:31:20,981 [ForkJoinPool-1-worker-1] INFO  http.HttpServer2 (HttpServer2.java:addGlobalFilter(1041)) - Added global filter 'safety' (class=org.apache.hadoop.hdds.server.http.HttpServer2$QuotingInputFilter)
2025-09-13 17:31:20,983 [ForkJoinPool-1-worker-1] INFO  http.HttpServer2 (HttpServer2.java:addFilter(1017)) - Added filter static_user_filter (class=org.apache.hadoop.http.lib.StaticUserWebFilter$StaticUserFilter) to context hddsDatanode
2025-09-13 17:31:20,983 [ForkJoinPool-1-worker-1] INFO  http.HttpServer2 (HttpServer2.java:addFilter(1025)) - Added filter static_user_filter (class=org.apache.hadoop.http.lib.StaticUserWebFilter$StaticUserFilter) to context logs
2025-09-13 17:31:20,983 [ForkJoinPool-1-worker-1] INFO  http.HttpServer2 (HttpServer2.java:addFilter(1025)) - Added filter static_user_filter (class=org.apache.hadoop.http.lib.StaticUserWebFilter$StaticUserFilter) to context static
2025-09-13 17:31:20,983 [ForkJoinPool-1-worker-1] INFO  http.BaseHttpServer (BaseHttpServer.java:<init>(193)) - HTTP server of hddsDatanode uses base directory /home/runner/work/ozone/ozone/hadoop-ozone/integration-test/target/test-dir/MiniOzoneClusterImpl-1331a795-ed08-415d-924a-7661a5cf51a5/scm/ozone-metadata/webserver
2025-09-13 17:31:20,984 [ForkJoinPool-1-worker-1] INFO  http.HttpServer2 (HttpServer2.java:bindListener(1241)) - Jetty bound to port 15082
2025-09-13 17:31:20,984 [ForkJoinPool-1-worker-1] INFO  server.Server (Server.java:doStart(375)) - jetty-9.4.58.v20250814; built: 2025-08-14T02:28:49.637Z; git: 8f1440587e9e4ae7db3d74cf205643f3d707148d; jvm 21.0.8+9-LTS
2025-09-13 17:31:20,986 [ForkJoinPool-1-worker-1] INFO  server.session (DefaultSessionIdManager.java:doStart(334)) - DefaultSessionIdManager workerName=node0
2025-09-13 17:31:20,986 [ForkJoinPool-1-worker-1] INFO  server.session (DefaultSessionIdManager.java:doStart(339)) - No SessionScavenger set, using defaults
2025-09-13 17:31:20,986 [ForkJoinPool-1-worker-1] INFO  server.session (HouseKeeper.java:startScavenging(132)) - node0 Scavenging every 660000ms
2025-09-13 17:31:20,987 [ForkJoinPool-1-worker-1] INFO  handler.ContextHandler (ContextHandler.java:doStart(921)) - Started o.e.j.s.ServletContextHandler@26f9e62a{logs,/logs,file:///home/runner/work/ozone/ozone/hadoop-ozone/integration-test/target/log,AVAILABLE}
2025-09-13 17:31:20,987 [ForkJoinPool-1-worker-1] INFO  handler.ContextHandler (ContextHandler.java:doStart(921)) - Started o.e.j.s.ServletContextHandler@adcde51{static,/static,jar:file:/home/runner/work/ozone/ozone/hadoop-hdds/container-service/target/hdds-container-service-2.1.0-SNAPSHOT.jar!/webapps/static,AVAILABLE}
2025-09-13 17:31:21,002 [3dbe4e49-25e9-43f5-94e0-3ca31f2aaaf2-EndpointStateMachineTaskThread-/0.0.0.0:15002-0 ] INFO  utils.DatanodeStoreCache (DatanodeStoreCache.java:addDB(70)) - Added db /home/runner/work/ozone/ozone/hadoop-ozone/integration-test/target/test-dir/MiniOzoneClusterImpl-1331a795-ed08-415d-924a-7661a5cf51a5/ozone-metadata/datanode-7/data-0/hdds/1331a795-ed08-415d-924a-7661a5cf51a5/DS-63a6c3b7-4525-47d9-ad60-45ee0a1c7b71/container.db to cache
2025-09-13 17:31:21,002 [3dbe4e49-25e9-43f5-94e0-3ca31f2aaaf2-EndpointStateMachineTaskThread-/0.0.0.0:15002-0 ] INFO  volume.HddsVolume (HddsVolume.java:createDbStore(576)) - SchemaV3 db is created and loaded at /home/runner/work/ozone/ozone/hadoop-ozone/integration-test/target/test-dir/MiniOzoneClusterImpl-1331a795-ed08-415d-924a-7661a5cf51a5/ozone-metadata/datanode-7/data-0/hdds/1331a795-ed08-415d-924a-7661a5cf51a5/DS-63a6c3b7-4525-47d9-ad60-45ee0a1c7b71/container.db for volume DS-63a6c3b7-4525-47d9-ad60-45ee0a1c7b71
2025-09-13 17:31:21,004 [3dbe4e49-25e9-43f5-94e0-3ca31f2aaaf2-ContainerReader-0] INFO  ozoneimpl.ContainerReader (ContainerReader.java:readVolume(147)) - Start to verify containers on volume /home/runner/work/ozone/ozone/hadoop-ozone/integration-test/target/test-dir/MiniOzoneClusterImpl-1331a795-ed08-415d-924a-7661a5cf51a5/ozone-metadata/datanode-7/data-0/hdds
2025-09-13 17:31:21,005 [3dbe4e49-25e9-43f5-94e0-3ca31f2aaaf2-ContainerReader-0] INFO  ozoneimpl.ContainerReader (ContainerReader.java:readVolume(177)) - Finish verifying containers on volume /home/runner/work/ozone/ozone/hadoop-ozone/integration-test/target/test-dir/MiniOzoneClusterImpl-1331a795-ed08-415d-924a-7661a5cf51a5/ozone-metadata/datanode-7/data-0/hdds
2025-09-13 17:31:21,005 [3dbe4e49-25e9-43f5-94e0-3ca31f2aaaf2-EndpointStateMachineTaskThread-/0.0.0.0:15002-0 ] INFO  ozoneimpl.OzoneContainer (OzoneContainer.java:buildContainerSet(370)) - Build ContainerSet costs 0s
2025-09-13 17:31:21,005 [3dbe4e49-25e9-43f5-94e0-3ca31f2aaaf2-EndpointStateMachineTaskThread-/0.0.0.0:15002-0 ] INFO  volume.ThrottledAsyncChecker (ThrottledAsyncChecker.java:schedule(138)) - Scheduling a check for /home/runner/work/ozone/ozone/hadoop-ozone/integration-test/target/test-dir/MiniOzoneClusterImpl-1331a795-ed08-415d-924a-7661a5cf51a5/ozone-metadata/datanode-7/data-0/hdds
2025-09-13 17:31:21,006 [3dbe4e49-25e9-43f5-94e0-3ca31f2aaaf2-EndpointStateMachineTaskThread-/0.0.0.0:15002-0 ] INFO  volume.StorageVolumeChecker (StorageVolumeChecker.java:checkAllVolumes(231)) - Scheduled health check for volume /home/runner/work/ozone/ozone/hadoop-ozone/integration-test/target/test-dir/MiniOzoneClusterImpl-1331a795-ed08-415d-924a-7661a5cf51a5/ozone-metadata/datanode-7/data-0/hdds
2025-09-13 17:31:21,010 [3dbe4e49-25e9-43f5-94e0-3ca31f2aaaf2-EndpointStateMachineTaskThread-/0.0.0.0:15002-0 ] INFO  volume.ThrottledAsyncChecker (ThrottledAsyncChecker.java:schedule(138)) - Scheduling a check for /home/runner/work/ozone/ozone/hadoop-ozone/integration-test/target/test-dir/MiniOzoneClusterImpl-1331a795-ed08-415d-924a-7661a5cf51a5/ozone-metadata/datanode-7/ratis
2025-09-13 17:31:21,010 [3dbe4e49-25e9-43f5-94e0-3ca31f2aaaf2-EndpointStateMachineTaskThread-/0.0.0.0:15002-0 ] INFO  volume.StorageVolumeChecker (StorageVolumeChecker.java:checkAllVolumes(231)) - Scheduled health check for volume /home/runner/work/ozone/ozone/hadoop-ozone/integration-test/target/test-dir/MiniOzoneClusterImpl-1331a795-ed08-415d-924a-7661a5cf51a5/ozone-metadata/datanode-7/ratis
2025-09-13 17:31:21,011 [3dbe4e49-25e9-43f5-94e0-3ca31f2aaaf2-EndpointStateMachineTaskThread-/0.0.0.0:15002-0 ] INFO  ozoneimpl.OzoneContainer (OzoneContainer.java:start(525)) - Attempting to start container services.
2025-09-13 17:31:21,011 [ContainerMetadataScanner] INFO  ozoneimpl.AbstractBackgroundContainerScanner (AbstractBackgroundContainerScanner.java:runIteration(89)) - Completed an iteration in 0 minutes. Number of iterations (since the data-node restart) : 1, Number of containers scanned in this iteration : 0, Number of unhealthy containers found in this iteration : 0
2025-09-13 17:31:21,013 [ContainerDataScanner(/home/runner/work/ozone/ozone/hadoop-ozone/integration-test/target/test-dir/MiniOzoneClusterImpl-1331a795-ed08-415d-924a-7661a5cf51a5/ozone-metadata/datanode-7/data-0/hdds)] INFO  ozoneimpl.AbstractBackgroundContainerScanner (AbstractBackgroundContainerScanner.java:runIteration(89)) - Completed an iteration in 0 minutes. Number of iterations (since the data-node restart) : 1, Number of containers scanned in this iteration : 0, Number of unhealthy containers found in this iteration : 0
2025-09-13 17:31:21,014 [3dbe4e49-25e9-43f5-94e0-3ca31f2aaaf2-EndpointStateMachineTaskThread-/0.0.0.0:15002-0 ] INFO  replication.ReplicationServer (ReplicationServer.java:start(137)) - ReplicationServer is started using port 15065
2025-09-13 17:31:21,014 [3dbe4e49-25e9-43f5-94e0-3ca31f2aaaf2-EndpointStateMachineTaskThread-/0.0.0.0:15002-0 ] INFO  ratis.XceiverServerRatis (XceiverServerRatis.java:start(560)) - Starting XceiverServerRatis(3dbe4e49-25e9-43f5-94e0-3ca31f2aaaf2)
2025-09-13 17:31:21,016 [3dbe4e49-25e9-43f5-94e0-3ca31f2aaaf2-EndpointStateMachineTaskThread-/0.0.0.0:15002-0 ] INFO  server.RaftServer (RaftServerProxy.java:startImpl(412)) - 3dbe4e49-25e9-43f5-94e0-3ca31f2aaaf2: start RPC server
2025-09-13 17:31:21,017 [3dbe4e49-25e9-43f5-94e0-3ca31f2aaaf2-EndpointStateMachineTaskThread-/0.0.0.0:15002-0 ] INFO  server.GrpcServicesImpl (GrpcServicesImpl.java:startImpl(346)) - 3dbe4e49-25e9-43f5-94e0-3ca31f2aaaf2: GrpcServicesImpl started, listening on 15061
2025-09-13 17:31:21,017 [3dbe4e49-25e9-43f5-94e0-3ca31f2aaaf2-EndpointStateMachineTaskThread-/0.0.0.0:15002-0 ] INFO  server.GrpcServicesImpl (GrpcServicesImpl.java:startImpl(346)) - 3dbe4e49-25e9-43f5-94e0-3ca31f2aaaf2: GrpcServicesImpl started, listening on 15063
2025-09-13 17:31:21,018 [3dbe4e49-25e9-43f5-94e0-3ca31f2aaaf2-EndpointStateMachineTaskThread-/0.0.0.0:15002-0 ] INFO  server.GrpcServicesImpl (GrpcServicesImpl.java:startImpl(346)) - 3dbe4e49-25e9-43f5-94e0-3ca31f2aaaf2: GrpcServicesImpl started, listening on 15062
2025-09-13 17:31:21,019 [3dbe4e49-25e9-43f5-94e0-3ca31f2aaaf2-EndpointStateMachineTaskThread-/0.0.0.0:15002-0 ] INFO  ratis.XceiverServerRatis (XceiverServerRatis.java:getRealPort(587)) - XceiverServerRatis(3dbe4e49-25e9-43f5-94e0-3ca31f2aaaf2) is started using port RATIS=15061
2025-09-13 17:31:21,019 [3dbe4e49-25e9-43f5-94e0-3ca31f2aaaf2-EndpointStateMachineTaskThread-/0.0.0.0:15002-0 ] INFO  ratis.XceiverServerRatis (XceiverServerRatis.java:getRealPort(587)) - XceiverServerRatis(3dbe4e49-25e9-43f5-94e0-3ca31f2aaaf2) is started using port RATIS_ADMIN=15062
2025-09-13 17:31:21,019 [3dbe4e49-25e9-43f5-94e0-3ca31f2aaaf2-EndpointStateMachineTaskThread-/0.0.0.0:15002-0 ] INFO  ratis.XceiverServerRatis (XceiverServerRatis.java:getRealPort(587)) - XceiverServerRatis(3dbe4e49-25e9-43f5-94e0-3ca31f2aaaf2) is started using port RATIS_SERVER=15063
2025-09-13 17:31:21,020 [JvmPauseMonitor9] INFO  util.JvmPauseMonitor (JvmPauseMonitor.java:run(146)) - JvmPauseMonitor-3dbe4e49-25e9-43f5-94e0-3ca31f2aaaf2: Started
2025-09-13 17:31:21,020 [3dbe4e49-25e9-43f5-94e0-3ca31f2aaaf2-EndpointStateMachineTaskThread-/0.0.0.0:15002-0 ] INFO  ratis.XceiverServerRatis (XceiverServerRatis.java:getRealPort(587)) - XceiverServerRatis(3dbe4e49-25e9-43f5-94e0-3ca31f2aaaf2) is started using port RATIS_DATASTREAM=15064
2025-09-13 17:31:21,022 [3dbe4e49-25e9-43f5-94e0-3ca31f2aaaf2-EndpointStateMachineTaskThread-/0.0.0.0:15002-0 ] INFO  utils.BackgroundService (BackgroundService.java:start(119)) - Starting service BlockDeletingService with interval 60000 milliseconds
2025-09-13 17:31:21,022 [3dbe4e49-25e9-43f5-94e0-3ca31f2aaaf2-EndpointStateMachineTaskThread-/0.0.0.0:15002-0 ] INFO  utils.BackgroundService (BackgroundService.java:start(119)) - Starting service StaleRecoveringContainerScrubbingService with interval 60000 milliseconds
2025-09-13 17:31:21,141 [ForkJoinPool-1-worker-1] INFO  handler.ContextHandler (ContextHandler.java:doStart(921)) - Started o.e.j.w.WebAppContext@10848317{hddsDatanode,/,file:///home/runner/work/ozone/ozone/hadoop-ozone/integration-test/target/test-dir/MiniOzoneClusterImpl-1331a795-ed08-415d-924a-7661a5cf51a5/scm/ozone-metadata/webserver/jetty-0_0_0_0-15082-hdds-container-service-2_1_0-SNAPSHOT_jar-_-any-2704070890157232786/webapp/,AVAILABLE}{jar:file:/home/runner/work/ozone/ozone/hadoop-hdds/container-service/target/hdds-container-service-2.1.0-SNAPSHOT.jar!/webapps/hddsDatanode}
2025-09-13 17:31:21,142 [ForkJoinPool-1-worker-1] INFO  server.AbstractConnector (AbstractConnector.java:doStart(333)) - Started ServerConnector@7aa81d08{HTTP/1.1, (http/1.1)}{0.0.0.0:15082}
2025-09-13 17:31:21,142 [ForkJoinPool-1-worker-1] INFO  server.Server (Server.java:doStart(415)) - Started @13726ms
2025-09-13 17:31:21,142 [ForkJoinPool-1-worker-1] WARN  impl.MetricsSystemImpl (MetricsSystemImpl.java:register(279)) - Sink prometheus already exists!
2025-09-13 17:31:21,142 [ForkJoinPool-1-worker-1] INFO  http.BaseHttpServer (BaseHttpServer.java:updateConnectorAddress(357)) - HTTP server of hddsDatanode listening at http://localhost:15082
2025-09-13 17:31:21,142 [ForkJoinPool-1-worker-1] INFO  ipc.CallQueueManager (CallQueueManager.java:<init>(93)) - Using callQueue: class java.util.concurrent.LinkedBlockingQueue, queueCapacity: 1000, scheduler: class org.apache.hadoop.ipc.DefaultRpcScheduler, ipcBackoff: false, ipcFailOver: false.
2025-09-13 17:31:21,143 [ForkJoinPool-1-worker-1] INFO  ipc.Server (Server.java:<init>(1438)) - Listener at 0.0.0.0:15083
2025-09-13 17:31:21,143 [Socket Reader #1 for port 15083] INFO  ipc.Server (Server.java:run(1474)) - Starting Socket Reader #1 for port 15083
2025-09-13 17:31:21,143 [Socket Reader #2 for port 15083] INFO  ipc.Server (Server.java:run(1474)) - Starting Socket Reader #2 for port 15083
2025-09-13 17:31:21,143 [Socket Reader #3 for port 15083] INFO  ipc.Server (Server.java:run(1474)) - Starting Socket Reader #3 for port 15083
2025-09-13 17:31:21,143 [Socket Reader #4 for port 15083] INFO  ipc.Server (Server.java:run(1474)) - Starting Socket Reader #4 for port 15083
2025-09-13 17:31:21,144 [Socket Reader #5 for port 15083] INFO  ipc.Server (Server.java:run(1474)) - Starting Socket Reader #5 for port 15083
2025-09-13 17:31:21,144 [Socket Reader #6 for port 15083] INFO  ipc.Server (Server.java:run(1474)) - Starting Socket Reader #6 for port 15083
2025-09-13 17:31:21,144 [Socket Reader #7 for port 15083] INFO  ipc.Server (Server.java:run(1474)) - Starting Socket Reader #7 for port 15083
2025-09-13 17:31:21,144 [Socket Reader #8 for port 15083] INFO  ipc.Server (Server.java:run(1474)) - Starting Socket Reader #8 for port 15083
2025-09-13 17:31:21,144 [Socket Reader #9 for port 15083] INFO  ipc.Server (Server.java:run(1474)) - Starting Socket Reader #9 for port 15083
2025-09-13 17:31:21,144 [Socket Reader #10 for port 15083] INFO  ipc.Server (Server.java:run(1474)) - Starting Socket Reader #10 for port 15083
2025-09-13 17:31:21,146 [ForkJoinPool-1-worker-1] INFO  ozone.HddsDatanodeService (HddsDatanodeService.java:start(333)) - Datanode start with admins: [admin, runner]
2025-09-13 17:31:21,146 [ForkJoinPool-1-worker-1] INFO  ozone.HddsDatanodeClientProtocolServer (HddsDatanodeClientProtocolServer.java:start(76)) - RPC server for Client /0.0.0.0:15083
2025-09-13 17:31:21,147 [IPC Server Responder] INFO  ipc.Server (Server.java:run(1713)) - IPC Server Responder: starting
2025-09-13 17:31:21,147 [IPC Server listener on 15083] INFO  ipc.Server (Server.java:run(1553)) - IPC Server listener on 15083: starting
2025-09-13 17:31:21,150 [bc7810fa-01a5-4444-aa1e-be493a4a93df-DatanodeStateMachineDaemonThread] INFO  statemachine.DatanodeStateMachine (DatanodeStateMachine.java:startStateMachineThread(363)) - Ozone container server started.
2025-09-13 17:31:21,152 [ForkJoinPool-1-worker-1] INFO  ozone.MiniOzoneClusterImpl (MiniOzoneClusterImpl.java:lambda$waitForClusterToBeReady$0(181)) - Waiting for nodes to be ready. Got 5 of 10 DN Heartbeats.
2025-09-13 17:31:21,152 [ForkJoinPool-1-worker-1] INFO  ozone.MiniOzoneClusterImpl (MiniOzoneClusterImpl.java:lambda$waitForClusterToBeReady$0(184)) - Waiting for cluster to exit safe mode
2025-09-13 17:31:21,152 [ForkJoinPool-1-worker-1] INFO  ozone.MiniOzoneClusterImpl (MiniOzoneClusterImpl.java:lambda$waitForClusterToBeReady$0(186)) - SCM became leader
2025-09-13 17:31:21,154 [bc7810fa-01a5-4444-aa1e-be493a4a93df-DatanodeStateMachineTaskThread-0] INFO  datanode.InitDatanodeState (InitDatanodeState.java:persistContainerDatanodeDetails(139)) - DatanodeDetails is persisted to /home/runner/work/ozone/ozone/hadoop-ozone/integration-test/target/test-dir/MiniOzoneClusterImpl-1331a795-ed08-415d-924a-7661a5cf51a5/ozone-metadata/datanode-10/ozone-metadata/datanode.id
2025-09-13 17:31:21,186 [IPC Server handler 10 on default port 15002] INFO  net.NetworkTopologyImpl (NetworkTopologyImpl.java:add(133)) - Added a new node: /rack1/d3aade32-661d-499d-9068-ea1550ed8656
2025-09-13 17:31:21,186 [IPC Server handler 10 on default port 15002] INFO  node.SCMNodeManager (SCMNodeManager.java:register(423)) - Registered datanode: d3aade32-661d-499d-9068-ea1550ed8656{ip: 127.0.0.1, host: localhost, ports: [HTTP=15050, CLIENT_RPC=15051, REPLICATION=15057, RATIS=15053, RATIS_ADMIN=15054, RATIS_SERVER=15055, RATIS_DATASTREAM=15056, STANDALONE=15052], networkLocation: /rack1, certSerialId: null, persistedOpState: null, persistedOpStateExpiryEpochSec: 0}
2025-09-13 17:31:21,187 [EventQueue-NodeRegistrationContainerReportForDataNodeSafeModeRule] INFO  safemode.SCMSafeModeManager (SCMSafeModeManager.java:validateSafeModeExitRules(138)) - DataNodeSafeModeRule rule is successfully validated
2025-09-13 17:31:21,187 [EventQueue-NewNodeForNewNodeHandler] INFO  pipeline.BackgroundPipelineCreator (BackgroundPipelineCreator.java:notifyEventTriggered(290)) - trigger a one-shot run on RatisPipelineUtilsThread.
2025-09-13 17:31:21,187 [EventQueue-ContainerRegistrationReportForECContainerSafeModeRule] INFO  safemode.SCMSafeModeManager (SCMSafeModeManager.java:validateSafeModeExitRules(138)) - ECContainerSafeModeRule rule is successfully validated
2025-09-13 17:31:21,187 [EventQueue-PipelineReportForOneReplicaPipelineSafeModeRule] INFO  safemode.SCMSafeModeManager (SCMSafeModeManager.java:validateSafeModeExitRules(138)) - AtleastOneDatanodeReportedRule rule is successfully validated
2025-09-13 17:31:21,187 [EventQueue-ContainerRegistrationReportForRatisContainerSafeModeRule] INFO  safemode.SCMSafeModeManager (SCMSafeModeManager.java:validateSafeModeExitRules(138)) - RatisContainerSafeModeRule rule is successfully validated
2025-09-13 17:31:21,187 [RatisPipelineUtilsThread-0] INFO  pipeline.RatisPipelineProvider (RatisPipelineProvider.java:lambda$create$0(208)) - Sending CreatePipelineCommand for pipeline:Pipeline-de4f7cab-11b4-4055-aff7-a2cf3d226e33 to datanode:d3aade32-661d-499d-9068-ea1550ed8656(localhost/127.0.0.1)
2025-09-13 17:31:21,190 [22454e81-7bda-41d4-8b71-c0b680f2e12d@group-7661A5CF51A5-StateMachineUpdater] INFO  safemode.SCMSafeModeManager (SCMSafeModeManager.java:validateSafeModeExitRules(138)) - DataNodeSafeModeRule rule is successfully validated
2025-09-13 17:31:21,190 [22454e81-7bda-41d4-8b71-c0b680f2e12d@group-7661A5CF51A5-StateMachineUpdater] INFO  safemode.SCMSafeModeManager (SCMSafeModeManager.java:validateSafeModeExitRules(138)) - RatisContainerSafeModeRule rule is successfully validated
2025-09-13 17:31:21,190 [22454e81-7bda-41d4-8b71-c0b680f2e12d@group-7661A5CF51A5-StateMachineUpdater] INFO  safemode.HealthyPipelineSafeModeRule (HealthyPipelineSafeModeRule.java:initializeRule(228)) - Refreshed total pipeline count is 0, healthy pipeline threshold count is 1
2025-09-13 17:31:21,190 [22454e81-7bda-41d4-8b71-c0b680f2e12d@group-7661A5CF51A5-StateMachineUpdater] INFO  safemode.SCMSafeModeManager (SCMSafeModeManager.java:validateSafeModeExitRules(138)) - ECContainerSafeModeRule rule is successfully validated
2025-09-13 17:31:21,190 [22454e81-7bda-41d4-8b71-c0b680f2e12d@group-7661A5CF51A5-StateMachineUpdater] INFO  safemode.SCMSafeModeManager (SCMSafeModeManager.java:validateSafeModeExitRules(138)) - AtleastOneDatanodeReportedRule rule is successfully validated
2025-09-13 17:31:21,191 [RatisPipelineUtilsThread-0] INFO  pipeline.BackgroundPipelineCreator (BackgroundPipelineCreator.java:createPipelines(246)) - Created new pipeline Pipeline{ Id: de4f7cab-11b4-4055-aff7-a2cf3d226e33, Nodes: [ {d3aade32-661d-499d-9068-ea1550ed8656(localhost/127.0.0.1), ReplicaIndex: 0},], ReplicationConfig: RATIS/ONE, State:ALLOCATED, leaderId:, CreationTimestamp2025-09-13T17:31:21.187641535Z[Etc/UTC]}
2025-09-13 17:31:21,191 [RatisPipelineUtilsThread-0] INFO  pipeline.RatisPipelineProvider (RatisPipelineProvider.java:lambda$create$0(208)) - Sending CreatePipelineCommand for pipeline:Pipeline-79b5a704-a3b5-4a89-89e6-853f78db4750 to datanode:d3aade32-661d-499d-9068-ea1550ed8656(localhost/127.0.0.1)
2025-09-13 17:31:21,191 [RatisPipelineUtilsThread-0] INFO  pipeline.RatisPipelineProvider (RatisPipelineProvider.java:lambda$create$0(208)) - Sending CreatePipelineCommand for pipeline:Pipeline-79b5a704-a3b5-4a89-89e6-853f78db4750 to datanode:e114cbd1-8f45-4cc5-a8b1-e2bd6cad48a0(localhost/127.0.0.1)
2025-09-13 17:31:21,192 [RatisPipelineUtilsThread-0] INFO  pipeline.RatisPipelineProvider (RatisPipelineProvider.java:lambda$create$0(208)) - Sending CreatePipelineCommand for pipeline:Pipeline-79b5a704-a3b5-4a89-89e6-853f78db4750 to datanode:beda0dcb-37da-4cca-bea2-e222cb1bc351(localhost/127.0.0.1)
2025-09-13 17:31:21,194 [22454e81-7bda-41d4-8b71-c0b680f2e12d@group-7661A5CF51A5-StateMachineUpdater] INFO  safemode.SCMSafeModeManager (SCMSafeModeManager.java:validateSafeModeExitRules(138)) - DataNodeSafeModeRule rule is successfully validated
2025-09-13 17:31:21,194 [22454e81-7bda-41d4-8b71-c0b680f2e12d@group-7661A5CF51A5-StateMachineUpdater] INFO  safemode.SCMSafeModeManager (SCMSafeModeManager.java:validateSafeModeExitRules(138)) - RatisContainerSafeModeRule rule is successfully validated
2025-09-13 17:31:21,194 [22454e81-7bda-41d4-8b71-c0b680f2e12d@group-7661A5CF51A5-StateMachineUpdater] INFO  safemode.HealthyPipelineSafeModeRule (HealthyPipelineSafeModeRule.java:initializeRule(228)) - Refreshed total pipeline count is 0, healthy pipeline threshold count is 1
2025-09-13 17:31:21,194 [22454e81-7bda-41d4-8b71-c0b680f2e12d@group-7661A5CF51A5-StateMachineUpdater] INFO  safemode.SCMSafeModeManager (SCMSafeModeManager.java:validateSafeModeExitRules(138)) - ECContainerSafeModeRule rule is successfully validated
2025-09-13 17:31:21,194 [22454e81-7bda-41d4-8b71-c0b680f2e12d@group-7661A5CF51A5-StateMachineUpdater] INFO  safemode.SCMSafeModeManager (SCMSafeModeManager.java:validateSafeModeExitRules(138)) - AtleastOneDatanodeReportedRule rule is successfully validated
2025-09-13 17:31:21,194 [RatisPipelineUtilsThread-0] INFO  pipeline.BackgroundPipelineCreator (BackgroundPipelineCreator.java:createPipelines(246)) - Created new pipeline Pipeline{ Id: 79b5a704-a3b5-4a89-89e6-853f78db4750, Nodes: [ {d3aade32-661d-499d-9068-ea1550ed8656(localhost/127.0.0.1), ReplicaIndex: 0}, {e114cbd1-8f45-4cc5-a8b1-e2bd6cad48a0(localhost/127.0.0.1), ReplicaIndex: 0}, {beda0dcb-37da-4cca-bea2-e222cb1bc351(localhost/127.0.0.1), ReplicaIndex: 0},], ReplicationConfig: RATIS/THREE, State:ALLOCATED, leaderId:, CreationTimestamp2025-09-13T17:31:21.191792880Z[Etc/UTC]}
2025-09-13 17:31:21,196 [RatisPipelineUtilsThread-0] INFO  pipeline.RatisPipelineProvider (RatisPipelineProvider.java:lambda$create$0(208)) - Sending CreatePipelineCommand for pipeline:Pipeline-7755b6c1-031a-4d9a-a8c0-23d9289878c2 to datanode:d3aade32-661d-499d-9068-ea1550ed8656(localhost/127.0.0.1)
2025-09-13 17:31:21,196 [RatisPipelineUtilsThread-0] INFO  pipeline.RatisPipelineProvider (RatisPipelineProvider.java:lambda$create$0(208)) - Sending CreatePipelineCommand for pipeline:Pipeline-7755b6c1-031a-4d9a-a8c0-23d9289878c2 to datanode:beda0dcb-37da-4cca-bea2-e222cb1bc351(localhost/127.0.0.1)
2025-09-13 17:31:21,196 [RatisPipelineUtilsThread-0] INFO  pipeline.RatisPipelineProvider (RatisPipelineProvider.java:lambda$create$0(208)) - Sending CreatePipelineCommand for pipeline:Pipeline-7755b6c1-031a-4d9a-a8c0-23d9289878c2 to datanode:e114cbd1-8f45-4cc5-a8b1-e2bd6cad48a0(localhost/127.0.0.1)
2025-09-13 17:31:21,198 [22454e81-7bda-41d4-8b71-c0b680f2e12d@group-7661A5CF51A5-StateMachineUpdater] INFO  safemode.SCMSafeModeManager (SCMSafeModeManager.java:validateSafeModeExitRules(138)) - DataNodeSafeModeRule rule is successfully validated
2025-09-13 17:31:21,199 [22454e81-7bda-41d4-8b71-c0b680f2e12d@group-7661A5CF51A5-StateMachineUpdater] INFO  safemode.SCMSafeModeManager (SCMSafeModeManager.java:validateSafeModeExitRules(138)) - RatisContainerSafeModeRule rule is successfully validated
2025-09-13 17:31:21,199 [22454e81-7bda-41d4-8b71-c0b680f2e12d@group-7661A5CF51A5-StateMachineUpdater] INFO  safemode.HealthyPipelineSafeModeRule (HealthyPipelineSafeModeRule.java:initializeRule(228)) - Refreshed total pipeline count is 0, healthy pipeline threshold count is 1
2025-09-13 17:31:21,199 [22454e81-7bda-41d4-8b71-c0b680f2e12d@group-7661A5CF51A5-StateMachineUpdater] INFO  safemode.SCMSafeModeManager (SCMSafeModeManager.java:validateSafeModeExitRules(138)) - ECContainerSafeModeRule rule is successfully validated
2025-09-13 17:31:21,199 [22454e81-7bda-41d4-8b71-c0b680f2e12d@group-7661A5CF51A5-StateMachineUpdater] INFO  safemode.SCMSafeModeManager (SCMSafeModeManager.java:validateSafeModeExitRules(138)) - AtleastOneDatanodeReportedRule rule is successfully validated
2025-09-13 17:31:21,199 [RatisPipelineUtilsThread-0] INFO  pipeline.PipelineManagerImpl (PipelineManagerImpl.java:recordMetricsForPipeline(922)) - Pipeline-7755b6c1-031a-4d9a-a8c0-23d9289878c2 and Pipeline-79b5a704-a3b5-4a89-89e6-853f78db4750 have exactly the same set of datanodes: [d3aade32-661d-499d-9068-ea1550ed8656(localhost/127.0.0.1), beda0dcb-37da-4cca-bea2-e222cb1bc351(localhost/127.0.0.1), e114cbd1-8f45-4cc5-a8b1-e2bd6cad48a0(localhost/127.0.0.1)]
2025-09-13 17:31:21,199 [RatisPipelineUtilsThread-0] INFO  pipeline.BackgroundPipelineCreator (BackgroundPipelineCreator.java:createPipelines(246)) - Created new pipeline Pipeline{ Id: 7755b6c1-031a-4d9a-a8c0-23d9289878c2, Nodes: [ {d3aade32-661d-499d-9068-ea1550ed8656(localhost/127.0.0.1), ReplicaIndex: 0}, {beda0dcb-37da-4cca-bea2-e222cb1bc351(localhost/127.0.0.1), ReplicaIndex: 0}, {e114cbd1-8f45-4cc5-a8b1-e2bd6cad48a0(localhost/127.0.0.1), ReplicaIndex: 0},], ReplicationConfig: RATIS/THREE, State:ALLOCATED, leaderId:, CreationTimestamp2025-09-13T17:31:21.196096920Z[Etc/UTC]}
2025-09-13 17:31:21,221 [9b620cf5-1dd4-4083-97bd-ff44c8fea23e-EndpointStateMachineTaskThread-/0.0.0.0:15002-0 ] INFO  utils.DatanodeStoreCache (DatanodeStoreCache.java:addDB(70)) - Added db /home/runner/work/ozone/ozone/hadoop-ozone/integration-test/target/test-dir/MiniOzoneClusterImpl-1331a795-ed08-415d-924a-7661a5cf51a5/ozone-metadata/datanode-8/data-0/hdds/1331a795-ed08-415d-924a-7661a5cf51a5/DS-643ce4cb-c5d1-46d9-b647-00c002703750/container.db to cache
2025-09-13 17:31:21,221 [9b620cf5-1dd4-4083-97bd-ff44c8fea23e-EndpointStateMachineTaskThread-/0.0.0.0:15002-0 ] INFO  volume.HddsVolume (HddsVolume.java:createDbStore(576)) - SchemaV3 db is created and loaded at /home/runner/work/ozone/ozone/hadoop-ozone/integration-test/target/test-dir/MiniOzoneClusterImpl-1331a795-ed08-415d-924a-7661a5cf51a5/ozone-metadata/datanode-8/data-0/hdds/1331a795-ed08-415d-924a-7661a5cf51a5/DS-643ce4cb-c5d1-46d9-b647-00c002703750/container.db for volume DS-643ce4cb-c5d1-46d9-b647-00c002703750
2025-09-13 17:31:21,223 [9b620cf5-1dd4-4083-97bd-ff44c8fea23e-ContainerReader-0] INFO  ozoneimpl.ContainerReader (ContainerReader.java:readVolume(147)) - Start to verify containers on volume /home/runner/work/ozone/ozone/hadoop-ozone/integration-test/target/test-dir/MiniOzoneClusterImpl-1331a795-ed08-415d-924a-7661a5cf51a5/ozone-metadata/datanode-8/data-0/hdds
2025-09-13 17:31:21,223 [9b620cf5-1dd4-4083-97bd-ff44c8fea23e-ContainerReader-0] INFO  ozoneimpl.ContainerReader (ContainerReader.java:readVolume(177)) - Finish verifying containers on volume /home/runner/work/ozone/ozone/hadoop-ozone/integration-test/target/test-dir/MiniOzoneClusterImpl-1331a795-ed08-415d-924a-7661a5cf51a5/ozone-metadata/datanode-8/data-0/hdds
2025-09-13 17:31:21,223 [9b620cf5-1dd4-4083-97bd-ff44c8fea23e-EndpointStateMachineTaskThread-/0.0.0.0:15002-0 ] INFO  ozoneimpl.OzoneContainer (OzoneContainer.java:buildContainerSet(370)) - Build ContainerSet costs 0s
2025-09-13 17:31:21,224 [9b620cf5-1dd4-4083-97bd-ff44c8fea23e-EndpointStateMachineTaskThread-/0.0.0.0:15002-0 ] INFO  volume.ThrottledAsyncChecker (ThrottledAsyncChecker.java:schedule(138)) - Scheduling a check for /home/runner/work/ozone/ozone/hadoop-ozone/integration-test/target/test-dir/MiniOzoneClusterImpl-1331a795-ed08-415d-924a-7661a5cf51a5/ozone-metadata/datanode-8/data-0/hdds
2025-09-13 17:31:21,224 [9b620cf5-1dd4-4083-97bd-ff44c8fea23e-EndpointStateMachineTaskThread-/0.0.0.0:15002-0 ] INFO  volume.StorageVolumeChecker (StorageVolumeChecker.java:checkAllVolumes(231)) - Scheduled health check for volume /home/runner/work/ozone/ozone/hadoop-ozone/integration-test/target/test-dir/MiniOzoneClusterImpl-1331a795-ed08-415d-924a-7661a5cf51a5/ozone-metadata/datanode-8/data-0/hdds
2025-09-13 17:31:21,227 [9b620cf5-1dd4-4083-97bd-ff44c8fea23e-EndpointStateMachineTaskThread-/0.0.0.0:15002-0 ] INFO  volume.ThrottledAsyncChecker (ThrottledAsyncChecker.java:schedule(138)) - Scheduling a check for /home/runner/work/ozone/ozone/hadoop-ozone/integration-test/target/test-dir/MiniOzoneClusterImpl-1331a795-ed08-415d-924a-7661a5cf51a5/ozone-metadata/datanode-8/ratis
2025-09-13 17:31:21,227 [9b620cf5-1dd4-4083-97bd-ff44c8fea23e-EndpointStateMachineTaskThread-/0.0.0.0:15002-0 ] INFO  volume.StorageVolumeChecker (StorageVolumeChecker.java:checkAllVolumes(231)) - Scheduled health check for volume /home/runner/work/ozone/ozone/hadoop-ozone/integration-test/target/test-dir/MiniOzoneClusterImpl-1331a795-ed08-415d-924a-7661a5cf51a5/ozone-metadata/datanode-8/ratis
2025-09-13 17:31:21,228 [9b620cf5-1dd4-4083-97bd-ff44c8fea23e-EndpointStateMachineTaskThread-/0.0.0.0:15002-0 ] INFO  ozoneimpl.OzoneContainer (OzoneContainer.java:start(525)) - Attempting to start container services.
2025-09-13 17:31:21,228 [ContainerMetadataScanner] INFO  ozoneimpl.AbstractBackgroundContainerScanner (AbstractBackgroundContainerScanner.java:runIteration(89)) - Completed an iteration in 0 minutes. Number of iterations (since the data-node restart) : 1, Number of containers scanned in this iteration : 0, Number of unhealthy containers found in this iteration : 0
2025-09-13 17:31:21,229 [ContainerDataScanner(/home/runner/work/ozone/ozone/hadoop-ozone/integration-test/target/test-dir/MiniOzoneClusterImpl-1331a795-ed08-415d-924a-7661a5cf51a5/ozone-metadata/datanode-8/data-0/hdds)] INFO  ozoneimpl.AbstractBackgroundContainerScanner (AbstractBackgroundContainerScanner.java:runIteration(89)) - Completed an iteration in 0 minutes. Number of iterations (since the data-node restart) : 1, Number of containers scanned in this iteration : 0, Number of unhealthy containers found in this iteration : 0
2025-09-13 17:31:21,229 [9b620cf5-1dd4-4083-97bd-ff44c8fea23e-EndpointStateMachineTaskThread-/0.0.0.0:15002-0 ] INFO  replication.ReplicationServer (ReplicationServer.java:start(137)) - ReplicationServer is started using port 15073
2025-09-13 17:31:21,229 [9b620cf5-1dd4-4083-97bd-ff44c8fea23e-EndpointStateMachineTaskThread-/0.0.0.0:15002-0 ] INFO  ratis.XceiverServerRatis (XceiverServerRatis.java:start(560)) - Starting XceiverServerRatis(9b620cf5-1dd4-4083-97bd-ff44c8fea23e)
2025-09-13 17:31:21,230 [9b620cf5-1dd4-4083-97bd-ff44c8fea23e-EndpointStateMachineTaskThread-/0.0.0.0:15002-0 ] INFO  server.RaftServer (RaftServerProxy.java:startImpl(412)) - 9b620cf5-1dd4-4083-97bd-ff44c8fea23e: start RPC server
2025-09-13 17:31:21,230 [9b620cf5-1dd4-4083-97bd-ff44c8fea23e-EndpointStateMachineTaskThread-/0.0.0.0:15002-0 ] INFO  server.GrpcServicesImpl (GrpcServicesImpl.java:startImpl(346)) - 9b620cf5-1dd4-4083-97bd-ff44c8fea23e: GrpcServicesImpl started, listening on 15069
2025-09-13 17:31:21,231 [9b620cf5-1dd4-4083-97bd-ff44c8fea23e-EndpointStateMachineTaskThread-/0.0.0.0:15002-0 ] INFO  server.GrpcServicesImpl (GrpcServicesImpl.java:startImpl(346)) - 9b620cf5-1dd4-4083-97bd-ff44c8fea23e: GrpcServicesImpl started, listening on 15071
2025-09-13 17:31:21,231 [9b620cf5-1dd4-4083-97bd-ff44c8fea23e-EndpointStateMachineTaskThread-/0.0.0.0:15002-0 ] INFO  server.GrpcServicesImpl (GrpcServicesImpl.java:startImpl(346)) - 9b620cf5-1dd4-4083-97bd-ff44c8fea23e: GrpcServicesImpl started, listening on 15070
2025-09-13 17:31:21,231 [9b620cf5-1dd4-4083-97bd-ff44c8fea23e-EndpointStateMachineTaskThread-/0.0.0.0:15002-0 ] INFO  ratis.XceiverServerRatis (XceiverServerRatis.java:getRealPort(587)) - XceiverServerRatis(9b620cf5-1dd4-4083-97bd-ff44c8fea23e) is started using port RATIS=15069
2025-09-13 17:31:21,231 [9b620cf5-1dd4-4083-97bd-ff44c8fea23e-EndpointStateMachineTaskThread-/0.0.0.0:15002-0 ] INFO  ratis.XceiverServerRatis (XceiverServerRatis.java:getRealPort(587)) - XceiverServerRatis(9b620cf5-1dd4-4083-97bd-ff44c8fea23e) is started using port RATIS_ADMIN=15070
2025-09-13 17:31:21,232 [9b620cf5-1dd4-4083-97bd-ff44c8fea23e-EndpointStateMachineTaskThread-/0.0.0.0:15002-0 ] INFO  ratis.XceiverServerRatis (XceiverServerRatis.java:getRealPort(587)) - XceiverServerRatis(9b620cf5-1dd4-4083-97bd-ff44c8fea23e) is started using port RATIS_SERVER=15071
2025-09-13 17:31:21,231 [JvmPauseMonitor10] INFO  util.JvmPauseMonitor (JvmPauseMonitor.java:run(146)) - JvmPauseMonitor-9b620cf5-1dd4-4083-97bd-ff44c8fea23e: Started
2025-09-13 17:31:21,232 [9b620cf5-1dd4-4083-97bd-ff44c8fea23e-EndpointStateMachineTaskThread-/0.0.0.0:15002-0 ] INFO  ratis.XceiverServerRatis (XceiverServerRatis.java:getRealPort(587)) - XceiverServerRatis(9b620cf5-1dd4-4083-97bd-ff44c8fea23e) is started using port RATIS_DATASTREAM=15072
2025-09-13 17:31:21,232 [9b620cf5-1dd4-4083-97bd-ff44c8fea23e-EndpointStateMachineTaskThread-/0.0.0.0:15002-0 ] INFO  utils.BackgroundService (BackgroundService.java:start(119)) - Starting service BlockDeletingService with interval 60000 milliseconds
2025-09-13 17:31:21,232 [9b620cf5-1dd4-4083-97bd-ff44c8fea23e-EndpointStateMachineTaskThread-/0.0.0.0:15002-0 ] INFO  utils.BackgroundService (BackgroundService.java:start(119)) - Starting service StaleRecoveringContainerScrubbingService with interval 60000 milliseconds
2025-09-13 17:31:21,454 [2f036b56-942d-42f4-908f-5b0be9aff918-EndpointStateMachineTaskThread-/0.0.0.0:15002-0 ] INFO  utils.DatanodeStoreCache (DatanodeStoreCache.java:addDB(70)) - Added db /home/runner/work/ozone/ozone/hadoop-ozone/integration-test/target/test-dir/MiniOzoneClusterImpl-1331a795-ed08-415d-924a-7661a5cf51a5/ozone-metadata/datanode-9/data-0/hdds/1331a795-ed08-415d-924a-7661a5cf51a5/DS-8a555c84-68d0-42a4-8e7e-de18356c0fbd/container.db to cache
2025-09-13 17:31:21,454 [2f036b56-942d-42f4-908f-5b0be9aff918-EndpointStateMachineTaskThread-/0.0.0.0:15002-0 ] INFO  volume.HddsVolume (HddsVolume.java:createDbStore(576)) - SchemaV3 db is created and loaded at /home/runner/work/ozone/ozone/hadoop-ozone/integration-test/target/test-dir/MiniOzoneClusterImpl-1331a795-ed08-415d-924a-7661a5cf51a5/ozone-metadata/datanode-9/data-0/hdds/1331a795-ed08-415d-924a-7661a5cf51a5/DS-8a555c84-68d0-42a4-8e7e-de18356c0fbd/container.db for volume DS-8a555c84-68d0-42a4-8e7e-de18356c0fbd
2025-09-13 17:31:21,457 [2f036b56-942d-42f4-908f-5b0be9aff918-ContainerReader-0] INFO  ozoneimpl.ContainerReader (ContainerReader.java:readVolume(147)) - Start to verify containers on volume /home/runner/work/ozone/ozone/hadoop-ozone/integration-test/target/test-dir/MiniOzoneClusterImpl-1331a795-ed08-415d-924a-7661a5cf51a5/ozone-metadata/datanode-9/data-0/hdds
2025-09-13 17:31:21,457 [2f036b56-942d-42f4-908f-5b0be9aff918-ContainerReader-0] INFO  ozoneimpl.ContainerReader (ContainerReader.java:readVolume(177)) - Finish verifying containers on volume /home/runner/work/ozone/ozone/hadoop-ozone/integration-test/target/test-dir/MiniOzoneClusterImpl-1331a795-ed08-415d-924a-7661a5cf51a5/ozone-metadata/datanode-9/data-0/hdds
2025-09-13 17:31:21,457 [2f036b56-942d-42f4-908f-5b0be9aff918-EndpointStateMachineTaskThread-/0.0.0.0:15002-0 ] INFO  ozoneimpl.OzoneContainer (OzoneContainer.java:buildContainerSet(370)) - Build ContainerSet costs 0s
2025-09-13 17:31:21,457 [2f036b56-942d-42f4-908f-5b0be9aff918-EndpointStateMachineTaskThread-/0.0.0.0:15002-0 ] INFO  volume.ThrottledAsyncChecker (ThrottledAsyncChecker.java:schedule(138)) - Scheduling a check for /home/runner/work/ozone/ozone/hadoop-ozone/integration-test/target/test-dir/MiniOzoneClusterImpl-1331a795-ed08-415d-924a-7661a5cf51a5/ozone-metadata/datanode-9/data-0/hdds
2025-09-13 17:31:21,458 [2f036b56-942d-42f4-908f-5b0be9aff918-EndpointStateMachineTaskThread-/0.0.0.0:15002-0 ] INFO  volume.StorageVolumeChecker (StorageVolumeChecker.java:checkAllVolumes(231)) - Scheduled health check for volume /home/runner/work/ozone/ozone/hadoop-ozone/integration-test/target/test-dir/MiniOzoneClusterImpl-1331a795-ed08-415d-924a-7661a5cf51a5/ozone-metadata/datanode-9/data-0/hdds
2025-09-13 17:31:21,461 [2f036b56-942d-42f4-908f-5b0be9aff918-EndpointStateMachineTaskThread-/0.0.0.0:15002-0 ] INFO  volume.ThrottledAsyncChecker (ThrottledAsyncChecker.java:schedule(138)) - Scheduling a check for /home/runner/work/ozone/ozone/hadoop-ozone/integration-test/target/test-dir/MiniOzoneClusterImpl-1331a795-ed08-415d-924a-7661a5cf51a5/ozone-metadata/datanode-9/ratis
2025-09-13 17:31:21,461 [2f036b56-942d-42f4-908f-5b0be9aff918-EndpointStateMachineTaskThread-/0.0.0.0:15002-0 ] INFO  volume.StorageVolumeChecker (StorageVolumeChecker.java:checkAllVolumes(231)) - Scheduled health check for volume /home/runner/work/ozone/ozone/hadoop-ozone/integration-test/target/test-dir/MiniOzoneClusterImpl-1331a795-ed08-415d-924a-7661a5cf51a5/ozone-metadata/datanode-9/ratis
2025-09-13 17:31:21,462 [2f036b56-942d-42f4-908f-5b0be9aff918-EndpointStateMachineTaskThread-/0.0.0.0:15002-0 ] INFO  ozoneimpl.OzoneContainer (OzoneContainer.java:start(525)) - Attempting to start container services.
2025-09-13 17:31:21,462 [ContainerMetadataScanner] INFO  ozoneimpl.AbstractBackgroundContainerScanner (AbstractBackgroundContainerScanner.java:runIteration(89)) - Completed an iteration in 0 minutes. Number of iterations (since the data-node restart) : 1, Number of containers scanned in this iteration : 0, Number of unhealthy containers found in this iteration : 0
2025-09-13 17:31:21,462 [ContainerDataScanner(/home/runner/work/ozone/ozone/hadoop-ozone/integration-test/target/test-dir/MiniOzoneClusterImpl-1331a795-ed08-415d-924a-7661a5cf51a5/ozone-metadata/datanode-9/data-0/hdds)] INFO  ozoneimpl.AbstractBackgroundContainerScanner (AbstractBackgroundContainerScanner.java:runIteration(89)) - Completed an iteration in 0 minutes. Number of iterations (since the data-node restart) : 1, Number of containers scanned in this iteration : 0, Number of unhealthy containers found in this iteration : 0
2025-09-13 17:31:21,463 [2f036b56-942d-42f4-908f-5b0be9aff918-EndpointStateMachineTaskThread-/0.0.0.0:15002-0 ] INFO  replication.ReplicationServer (ReplicationServer.java:start(137)) - ReplicationServer is started using port 15081
2025-09-13 17:31:21,463 [2f036b56-942d-42f4-908f-5b0be9aff918-EndpointStateMachineTaskThread-/0.0.0.0:15002-0 ] INFO  ratis.XceiverServerRatis (XceiverServerRatis.java:start(560)) - Starting XceiverServerRatis(2f036b56-942d-42f4-908f-5b0be9aff918)
2025-09-13 17:31:21,464 [2f036b56-942d-42f4-908f-5b0be9aff918-EndpointStateMachineTaskThread-/0.0.0.0:15002-0 ] INFO  server.RaftServer (RaftServerProxy.java:startImpl(412)) - 2f036b56-942d-42f4-908f-5b0be9aff918: start RPC server
2025-09-13 17:31:21,465 [IPC Server handler 0 on default port 15002] INFO  net.NetworkTopologyImpl (NetworkTopologyImpl.java:add(133)) - Added a new node: /rack1/3dbe4e49-25e9-43f5-94e0-3ca31f2aaaf2
2025-09-13 17:31:21,465 [IPC Server handler 0 on default port 15002] INFO  node.SCMNodeManager (SCMNodeManager.java:register(423)) - Registered datanode: 3dbe4e49-25e9-43f5-94e0-3ca31f2aaaf2{ip: 127.0.0.1, host: localhost, ports: [HTTP=15058, CLIENT_RPC=15059, REPLICATION=15065, RATIS=15061, RATIS_ADMIN=15062, RATIS_SERVER=15063, RATIS_DATASTREAM=15064, STANDALONE=15060], networkLocation: /rack1, certSerialId: null, persistedOpState: null, persistedOpStateExpiryEpochSec: 0}
2025-09-13 17:31:21,465 [EventQueue-NewNodeForNewNodeHandler] INFO  pipeline.BackgroundPipelineCreator (BackgroundPipelineCreator.java:notifyEventTriggered(290)) - trigger a one-shot run on RatisPipelineUtilsThread.
2025-09-13 17:31:21,465 [EventQueue-ContainerRegistrationReportForECContainerSafeModeRule] INFO  safemode.SCMSafeModeManager (SCMSafeModeManager.java:validateSafeModeExitRules(138)) - ECContainerSafeModeRule rule is successfully validated
2025-09-13 17:31:21,465 [EventQueue-PipelineReportForOneReplicaPipelineSafeModeRule] INFO  safemode.SCMSafeModeManager (SCMSafeModeManager.java:validateSafeModeExitRules(138)) - AtleastOneDatanodeReportedRule rule is successfully validated
2025-09-13 17:31:21,465 [2f036b56-942d-42f4-908f-5b0be9aff918-EndpointStateMachineTaskThread-/0.0.0.0:15002-0 ] INFO  server.GrpcServicesImpl (GrpcServicesImpl.java:startImpl(346)) - 2f036b56-942d-42f4-908f-5b0be9aff918: GrpcServicesImpl started, listening on 15077
2025-09-13 17:31:21,466 [EventQueue-ContainerRegistrationReportForRatisContainerSafeModeRule] INFO  safemode.SCMSafeModeManager (SCMSafeModeManager.java:validateSafeModeExitRules(138)) - RatisContainerSafeModeRule rule is successfully validated
2025-09-13 17:31:21,466 [EventQueue-NodeRegistrationContainerReportForDataNodeSafeModeRule] INFO  safemode.SCMSafeModeManager (SCMSafeModeManager.java:validateSafeModeExitRules(138)) - DataNodeSafeModeRule rule is successfully validated
2025-09-13 17:31:21,466 [RatisPipelineUtilsThread-0] INFO  pipeline.RatisPipelineProvider (RatisPipelineProvider.java:lambda$create$0(208)) - Sending CreatePipelineCommand for pipeline:Pipeline-f5ff5807-9027-40e4-b9dd-7b0f0416234c to datanode:3dbe4e49-25e9-43f5-94e0-3ca31f2aaaf2(localhost/127.0.0.1)
2025-09-13 17:31:21,466 [2f036b56-942d-42f4-908f-5b0be9aff918-EndpointStateMachineTaskThread-/0.0.0.0:15002-0 ] INFO  server.GrpcServicesImpl (GrpcServicesImpl.java:startImpl(346)) - 2f036b56-942d-42f4-908f-5b0be9aff918: GrpcServicesImpl started, listening on 15079
2025-09-13 17:31:21,467 [2f036b56-942d-42f4-908f-5b0be9aff918-EndpointStateMachineTaskThread-/0.0.0.0:15002-0 ] INFO  server.GrpcServicesImpl (GrpcServicesImpl.java:startImpl(346)) - 2f036b56-942d-42f4-908f-5b0be9aff918: GrpcServicesImpl started, listening on 15078
2025-09-13 17:31:21,467 [2f036b56-942d-42f4-908f-5b0be9aff918-EndpointStateMachineTaskThread-/0.0.0.0:15002-0 ] INFO  ratis.XceiverServerRatis (XceiverServerRatis.java:getRealPort(587)) - XceiverServerRatis(2f036b56-942d-42f4-908f-5b0be9aff918) is started using port RATIS=15077
2025-09-13 17:31:21,467 [JvmPauseMonitor11] INFO  util.JvmPauseMonitor (JvmPauseMonitor.java:run(146)) - JvmPauseMonitor-2f036b56-942d-42f4-908f-5b0be9aff918: Started
2025-09-13 17:31:21,467 [2f036b56-942d-42f4-908f-5b0be9aff918-EndpointStateMachineTaskThread-/0.0.0.0:15002-0 ] INFO  ratis.XceiverServerRatis (XceiverServerRatis.java:getRealPort(587)) - XceiverServerRatis(2f036b56-942d-42f4-908f-5b0be9aff918) is started using port RATIS_ADMIN=15078
2025-09-13 17:31:21,467 [2f036b56-942d-42f4-908f-5b0be9aff918-EndpointStateMachineTaskThread-/0.0.0.0:15002-0 ] INFO  ratis.XceiverServerRatis (XceiverServerRatis.java:getRealPort(587)) - XceiverServerRatis(2f036b56-942d-42f4-908f-5b0be9aff918) is started using port RATIS_SERVER=15079
2025-09-13 17:31:21,467 [2f036b56-942d-42f4-908f-5b0be9aff918-EndpointStateMachineTaskThread-/0.0.0.0:15002-0 ] INFO  ratis.XceiverServerRatis (XceiverServerRatis.java:getRealPort(587)) - XceiverServerRatis(2f036b56-942d-42f4-908f-5b0be9aff918) is started using port RATIS_DATASTREAM=15080
2025-09-13 17:31:21,468 [2f036b56-942d-42f4-908f-5b0be9aff918-EndpointStateMachineTaskThread-/0.0.0.0:15002-0 ] INFO  utils.BackgroundService (BackgroundService.java:start(119)) - Starting service BlockDeletingService with interval 60000 milliseconds
2025-09-13 17:31:21,469 [2f036b56-942d-42f4-908f-5b0be9aff918-EndpointStateMachineTaskThread-/0.0.0.0:15002-0 ] INFO  utils.BackgroundService (BackgroundService.java:start(119)) - Starting service StaleRecoveringContainerScrubbingService with interval 60000 milliseconds
2025-09-13 17:31:21,473 [22454e81-7bda-41d4-8b71-c0b680f2e12d@group-7661A5CF51A5-StateMachineUpdater] INFO  safemode.SCMSafeModeManager (SCMSafeModeManager.java:validateSafeModeExitRules(138)) - DataNodeSafeModeRule rule is successfully validated
2025-09-13 17:31:21,473 [22454e81-7bda-41d4-8b71-c0b680f2e12d@group-7661A5CF51A5-StateMachineUpdater] INFO  safemode.SCMSafeModeManager (SCMSafeModeManager.java:validateSafeModeExitRules(138)) - RatisContainerSafeModeRule rule is successfully validated
2025-09-13 17:31:21,473 [22454e81-7bda-41d4-8b71-c0b680f2e12d@group-7661A5CF51A5-StateMachineUpdater] INFO  safemode.HealthyPipelineSafeModeRule (HealthyPipelineSafeModeRule.java:initializeRule(228)) - Refreshed total pipeline count is 0, healthy pipeline threshold count is 1
2025-09-13 17:31:21,473 [22454e81-7bda-41d4-8b71-c0b680f2e12d@group-7661A5CF51A5-StateMachineUpdater] INFO  safemode.SCMSafeModeManager (SCMSafeModeManager.java:validateSafeModeExitRules(138)) - ECContainerSafeModeRule rule is successfully validated
2025-09-13 17:31:21,473 [22454e81-7bda-41d4-8b71-c0b680f2e12d@group-7661A5CF51A5-StateMachineUpdater] INFO  safemode.SCMSafeModeManager (SCMSafeModeManager.java:validateSafeModeExitRules(138)) - AtleastOneDatanodeReportedRule rule is successfully validated
2025-09-13 17:31:21,473 [RatisPipelineUtilsThread-0] INFO  pipeline.BackgroundPipelineCreator (BackgroundPipelineCreator.java:createPipelines(246)) - Created new pipeline Pipeline{ Id: f5ff5807-9027-40e4-b9dd-7b0f0416234c, Nodes: [ {3dbe4e49-25e9-43f5-94e0-3ca31f2aaaf2(localhost/127.0.0.1), ReplicaIndex: 0},], ReplicationConfig: RATIS/ONE, State:ALLOCATED, leaderId:, CreationTimestamp2025-09-13T17:31:21.466710131Z[Etc/UTC]}
2025-09-13 17:31:21,677 [bc7810fa-01a5-4444-aa1e-be493a4a93df-EndpointStateMachineTaskThread-/0.0.0.0:15002-0 ] INFO  utils.DatanodeStoreCache (DatanodeStoreCache.java:addDB(70)) - Added db /home/runner/work/ozone/ozone/hadoop-ozone/integration-test/target/test-dir/MiniOzoneClusterImpl-1331a795-ed08-415d-924a-7661a5cf51a5/ozone-metadata/datanode-10/data-0/hdds/1331a795-ed08-415d-924a-7661a5cf51a5/DS-2f2d0a7f-394e-472e-bb26-a84cc7eb1472/container.db to cache
2025-09-13 17:31:21,677 [bc7810fa-01a5-4444-aa1e-be493a4a93df-EndpointStateMachineTaskThread-/0.0.0.0:15002-0 ] INFO  volume.HddsVolume (HddsVolume.java:createDbStore(576)) - SchemaV3 db is created and loaded at /home/runner/work/ozone/ozone/hadoop-ozone/integration-test/target/test-dir/MiniOzoneClusterImpl-1331a795-ed08-415d-924a-7661a5cf51a5/ozone-metadata/datanode-10/data-0/hdds/1331a795-ed08-415d-924a-7661a5cf51a5/DS-2f2d0a7f-394e-472e-bb26-a84cc7eb1472/container.db for volume DS-2f2d0a7f-394e-472e-bb26-a84cc7eb1472
2025-09-13 17:31:21,679 [bc7810fa-01a5-4444-aa1e-be493a4a93df-ContainerReader-0] INFO  ozoneimpl.ContainerReader (ContainerReader.java:readVolume(147)) - Start to verify containers on volume /home/runner/work/ozone/ozone/hadoop-ozone/integration-test/target/test-dir/MiniOzoneClusterImpl-1331a795-ed08-415d-924a-7661a5cf51a5/ozone-metadata/datanode-10/data-0/hdds
2025-09-13 17:31:21,679 [bc7810fa-01a5-4444-aa1e-be493a4a93df-ContainerReader-0] INFO  ozoneimpl.ContainerReader (ContainerReader.java:readVolume(177)) - Finish verifying containers on volume /home/runner/work/ozone/ozone/hadoop-ozone/integration-test/target/test-dir/MiniOzoneClusterImpl-1331a795-ed08-415d-924a-7661a5cf51a5/ozone-metadata/datanode-10/data-0/hdds
2025-09-13 17:31:21,679 [bc7810fa-01a5-4444-aa1e-be493a4a93df-EndpointStateMachineTaskThread-/0.0.0.0:15002-0 ] INFO  ozoneimpl.OzoneContainer (OzoneContainer.java:buildContainerSet(370)) - Build ContainerSet costs 0s
2025-09-13 17:31:21,679 [bc7810fa-01a5-4444-aa1e-be493a4a93df-EndpointStateMachineTaskThread-/0.0.0.0:15002-0 ] INFO  volume.ThrottledAsyncChecker (ThrottledAsyncChecker.java:schedule(138)) - Scheduling a check for /home/runner/work/ozone/ozone/hadoop-ozone/integration-test/target/test-dir/MiniOzoneClusterImpl-1331a795-ed08-415d-924a-7661a5cf51a5/ozone-metadata/datanode-10/data-0/hdds
2025-09-13 17:31:21,680 [bc7810fa-01a5-4444-aa1e-be493a4a93df-EndpointStateMachineTaskThread-/0.0.0.0:15002-0 ] INFO  volume.StorageVolumeChecker (StorageVolumeChecker.java:checkAllVolumes(231)) - Scheduled health check for volume /home/runner/work/ozone/ozone/hadoop-ozone/integration-test/target/test-dir/MiniOzoneClusterImpl-1331a795-ed08-415d-924a-7661a5cf51a5/ozone-metadata/datanode-10/data-0/hdds
2025-09-13 17:31:21,683 [bc7810fa-01a5-4444-aa1e-be493a4a93df-EndpointStateMachineTaskThread-/0.0.0.0:15002-0 ] INFO  volume.ThrottledAsyncChecker (ThrottledAsyncChecker.java:schedule(138)) - Scheduling a check for /home/runner/work/ozone/ozone/hadoop-ozone/integration-test/target/test-dir/MiniOzoneClusterImpl-1331a795-ed08-415d-924a-7661a5cf51a5/ozone-metadata/datanode-10/ratis
2025-09-13 17:31:21,683 [bc7810fa-01a5-4444-aa1e-be493a4a93df-EndpointStateMachineTaskThread-/0.0.0.0:15002-0 ] INFO  volume.StorageVolumeChecker (StorageVolumeChecker.java:checkAllVolumes(231)) - Scheduled health check for volume /home/runner/work/ozone/ozone/hadoop-ozone/integration-test/target/test-dir/MiniOzoneClusterImpl-1331a795-ed08-415d-924a-7661a5cf51a5/ozone-metadata/datanode-10/ratis
2025-09-13 17:31:21,684 [bc7810fa-01a5-4444-aa1e-be493a4a93df-EndpointStateMachineTaskThread-/0.0.0.0:15002-0 ] INFO  ozoneimpl.OzoneContainer (OzoneContainer.java:start(525)) - Attempting to start container services.
2025-09-13 17:31:21,684 [ContainerMetadataScanner] INFO  ozoneimpl.AbstractBackgroundContainerScanner (AbstractBackgroundContainerScanner.java:runIteration(89)) - Completed an iteration in 0 minutes. Number of iterations (since the data-node restart) : 1, Number of containers scanned in this iteration : 0, Number of unhealthy containers found in this iteration : 0
2025-09-13 17:31:21,684 [ContainerDataScanner(/home/runner/work/ozone/ozone/hadoop-ozone/integration-test/target/test-dir/MiniOzoneClusterImpl-1331a795-ed08-415d-924a-7661a5cf51a5/ozone-metadata/datanode-10/data-0/hdds)] INFO  ozoneimpl.AbstractBackgroundContainerScanner (AbstractBackgroundContainerScanner.java:runIteration(89)) - Completed an iteration in 0 minutes. Number of iterations (since the data-node restart) : 1, Number of containers scanned in this iteration : 0, Number of unhealthy containers found in this iteration : 0
2025-09-13 17:31:21,685 [bc7810fa-01a5-4444-aa1e-be493a4a93df-EndpointStateMachineTaskThread-/0.0.0.0:15002-0 ] INFO  replication.ReplicationServer (ReplicationServer.java:start(137)) - ReplicationServer is started using port 15089
2025-09-13 17:31:21,685 [bc7810fa-01a5-4444-aa1e-be493a4a93df-EndpointStateMachineTaskThread-/0.0.0.0:15002-0 ] INFO  ratis.XceiverServerRatis (XceiverServerRatis.java:start(560)) - Starting XceiverServerRatis(bc7810fa-01a5-4444-aa1e-be493a4a93df)
2025-09-13 17:31:21,686 [bc7810fa-01a5-4444-aa1e-be493a4a93df-EndpointStateMachineTaskThread-/0.0.0.0:15002-0 ] INFO  server.RaftServer (RaftServerProxy.java:startImpl(412)) - bc7810fa-01a5-4444-aa1e-be493a4a93df: start RPC server
2025-09-13 17:31:21,687 [bc7810fa-01a5-4444-aa1e-be493a4a93df-EndpointStateMachineTaskThread-/0.0.0.0:15002-0 ] INFO  server.GrpcServicesImpl (GrpcServicesImpl.java:startImpl(346)) - bc7810fa-01a5-4444-aa1e-be493a4a93df: GrpcServicesImpl started, listening on 15085
2025-09-13 17:31:21,688 [bc7810fa-01a5-4444-aa1e-be493a4a93df-EndpointStateMachineTaskThread-/0.0.0.0:15002-0 ] INFO  server.GrpcServicesImpl (GrpcServicesImpl.java:startImpl(346)) - bc7810fa-01a5-4444-aa1e-be493a4a93df: GrpcServicesImpl started, listening on 15087
2025-09-13 17:31:21,688 [bc7810fa-01a5-4444-aa1e-be493a4a93df-EndpointStateMachineTaskThread-/0.0.0.0:15002-0 ] INFO  server.GrpcServicesImpl (GrpcServicesImpl.java:startImpl(346)) - bc7810fa-01a5-4444-aa1e-be493a4a93df: GrpcServicesImpl started, listening on 15086
2025-09-13 17:31:21,688 [bc7810fa-01a5-4444-aa1e-be493a4a93df-EndpointStateMachineTaskThread-/0.0.0.0:15002-0 ] INFO  ratis.XceiverServerRatis (XceiverServerRatis.java:getRealPort(587)) - XceiverServerRatis(bc7810fa-01a5-4444-aa1e-be493a4a93df) is started using port RATIS=15085
2025-09-13 17:31:21,688 [bc7810fa-01a5-4444-aa1e-be493a4a93df-EndpointStateMachineTaskThread-/0.0.0.0:15002-0 ] INFO  ratis.XceiverServerRatis (XceiverServerRatis.java:getRealPort(587)) - XceiverServerRatis(bc7810fa-01a5-4444-aa1e-be493a4a93df) is started using port RATIS_ADMIN=15086
2025-09-13 17:31:21,688 [bc7810fa-01a5-4444-aa1e-be493a4a93df-EndpointStateMachineTaskThread-/0.0.0.0:15002-0 ] INFO  ratis.XceiverServerRatis (XceiverServerRatis.java:getRealPort(587)) - XceiverServerRatis(bc7810fa-01a5-4444-aa1e-be493a4a93df) is started using port RATIS_SERVER=15087
2025-09-13 17:31:21,688 [bc7810fa-01a5-4444-aa1e-be493a4a93df-EndpointStateMachineTaskThread-/0.0.0.0:15002-0 ] INFO  ratis.XceiverServerRatis (XceiverServerRatis.java:getRealPort(587)) - XceiverServerRatis(bc7810fa-01a5-4444-aa1e-be493a4a93df) is started using port RATIS_DATASTREAM=15088
2025-09-13 17:31:21,688 [JvmPauseMonitor12] INFO  util.JvmPauseMonitor (JvmPauseMonitor.java:run(146)) - JvmPauseMonitor-bc7810fa-01a5-4444-aa1e-be493a4a93df: Started
2025-09-13 17:31:21,690 [bc7810fa-01a5-4444-aa1e-be493a4a93df-EndpointStateMachineTaskThread-/0.0.0.0:15002-0 ] INFO  utils.BackgroundService (BackgroundService.java:start(119)) - Starting service BlockDeletingService with interval 60000 milliseconds
2025-09-13 17:31:21,690 [bc7810fa-01a5-4444-aa1e-be493a4a93df-EndpointStateMachineTaskThread-/0.0.0.0:15002-0 ] INFO  utils.BackgroundService (BackgroundService.java:start(119)) - Starting service StaleRecoveringContainerScrubbingService with interval 60000 milliseconds
2025-09-13 17:31:21,694 [IPC Server handler 20 on default port 15002] INFO  net.NetworkTopologyImpl (NetworkTopologyImpl.java:add(133)) - Added a new node: /rack1/9b620cf5-1dd4-4083-97bd-ff44c8fea23e
2025-09-13 17:31:21,695 [IPC Server handler 20 on default port 15002] INFO  node.SCMNodeManager (SCMNodeManager.java:register(423)) - Registered datanode: 9b620cf5-1dd4-4083-97bd-ff44c8fea23e{ip: 127.0.0.1, host: localhost, ports: [HTTP=15066, CLIENT_RPC=15067, REPLICATION=15073, RATIS=15069, RATIS_ADMIN=15070, RATIS_SERVER=15071, RATIS_DATASTREAM=15072, STANDALONE=15068], networkLocation: /rack1, certSerialId: null, persistedOpState: null, persistedOpStateExpiryEpochSec: 0}
2025-09-13 17:31:21,695 [EventQueue-NodeRegistrationContainerReportForDataNodeSafeModeRule] INFO  safemode.SCMSafeModeManager (SCMSafeModeManager.java:validateSafeModeExitRules(138)) - DataNodeSafeModeRule rule is successfully validated
2025-09-13 17:31:21,695 [EventQueue-NewNodeForNewNodeHandler] INFO  pipeline.BackgroundPipelineCreator (BackgroundPipelineCreator.java:notifyEventTriggered(290)) - trigger a one-shot run on RatisPipelineUtilsThread.
2025-09-13 17:31:21,695 [EventQueue-ContainerRegistrationReportForECContainerSafeModeRule] INFO  safemode.SCMSafeModeManager (SCMSafeModeManager.java:validateSafeModeExitRules(138)) - ECContainerSafeModeRule rule is successfully validated
2025-09-13 17:31:21,695 [EventQueue-ContainerRegistrationReportForRatisContainerSafeModeRule] INFO  safemode.SCMSafeModeManager (SCMSafeModeManager.java:validateSafeModeExitRules(138)) - RatisContainerSafeModeRule rule is successfully validated
2025-09-13 17:31:21,695 [EventQueue-PipelineReportForOneReplicaPipelineSafeModeRule] INFO  safemode.SCMSafeModeManager (SCMSafeModeManager.java:validateSafeModeExitRules(138)) - AtleastOneDatanodeReportedRule rule is successfully validated
2025-09-13 17:31:21,695 [RatisPipelineUtilsThread-0] INFO  pipeline.RatisPipelineProvider (RatisPipelineProvider.java:lambda$create$0(208)) - Sending CreatePipelineCommand for pipeline:Pipeline-a81cafae-b4cb-4fcb-a31e-724fd22aae0d to datanode:9b620cf5-1dd4-4083-97bd-ff44c8fea23e(localhost/127.0.0.1)
2025-09-13 17:31:21,698 [22454e81-7bda-41d4-8b71-c0b680f2e12d@group-7661A5CF51A5-StateMachineUpdater] INFO  safemode.SCMSafeModeManager (SCMSafeModeManager.java:validateSafeModeExitRules(138)) - DataNodeSafeModeRule rule is successfully validated
2025-09-13 17:31:21,698 [22454e81-7bda-41d4-8b71-c0b680f2e12d@group-7661A5CF51A5-StateMachineUpdater] INFO  safemode.SCMSafeModeManager (SCMSafeModeManager.java:validateSafeModeExitRules(138)) - RatisContainerSafeModeRule rule is successfully validated
2025-09-13 17:31:21,698 [22454e81-7bda-41d4-8b71-c0b680f2e12d@group-7661A5CF51A5-StateMachineUpdater] INFO  safemode.HealthyPipelineSafeModeRule (HealthyPipelineSafeModeRule.java:initializeRule(228)) - Refreshed total pipeline count is 0, healthy pipeline threshold count is 1
2025-09-13 17:31:21,698 [22454e81-7bda-41d4-8b71-c0b680f2e12d@group-7661A5CF51A5-StateMachineUpdater] INFO  safemode.SCMSafeModeManager (SCMSafeModeManager.java:validateSafeModeExitRules(138)) - ECContainerSafeModeRule rule is successfully validated
2025-09-13 17:31:21,698 [22454e81-7bda-41d4-8b71-c0b680f2e12d@group-7661A5CF51A5-StateMachineUpdater] INFO  safemode.SCMSafeModeManager (SCMSafeModeManager.java:validateSafeModeExitRules(138)) - AtleastOneDatanodeReportedRule rule is successfully validated
2025-09-13 17:31:21,698 [RatisPipelineUtilsThread-0] INFO  pipeline.BackgroundPipelineCreator (BackgroundPipelineCreator.java:createPipelines(246)) - Created new pipeline Pipeline{ Id: a81cafae-b4cb-4fcb-a31e-724fd22aae0d, Nodes: [ {9b620cf5-1dd4-4083-97bd-ff44c8fea23e(localhost/127.0.0.1), ReplicaIndex: 0},], ReplicationConfig: RATIS/ONE, State:ALLOCATED, leaderId:, CreationTimestamp2025-09-13T17:31:21.695868039Z[Etc/UTC]}
2025-09-13 17:31:21,925 [IPC Server handler 13 on default port 15002] INFO  net.NetworkTopologyImpl (NetworkTopologyImpl.java:add(133)) - Added a new node: /rack1/2f036b56-942d-42f4-908f-5b0be9aff918
2025-09-13 17:31:21,925 [IPC Server handler 13 on default port 15002] INFO  node.SCMNodeManager (SCMNodeManager.java:register(423)) - Registered datanode: 2f036b56-942d-42f4-908f-5b0be9aff918{ip: 127.0.0.1, host: localhost, ports: [HTTP=15074, CLIENT_RPC=15075, REPLICATION=15081, RATIS=15077, RATIS_ADMIN=15078, RATIS_SERVER=15079, RATIS_DATASTREAM=15080, STANDALONE=15076], networkLocation: /rack1, certSerialId: null, persistedOpState: null, persistedOpStateExpiryEpochSec: 0}
2025-09-13 17:31:21,926 [EventQueue-NewNodeForNewNodeHandler] INFO  pipeline.BackgroundPipelineCreator (BackgroundPipelineCreator.java:notifyEventTriggered(290)) - trigger a one-shot run on RatisPipelineUtilsThread.
2025-09-13 17:31:21,926 [EventQueue-NodeRegistrationContainerReportForDataNodeSafeModeRule] INFO  safemode.SCMSafeModeManager (SCMSafeModeManager.java:validateSafeModeExitRules(138)) - DataNodeSafeModeRule rule is successfully validated
2025-09-13 17:31:21,926 [EventQueue-PipelineReportForOneReplicaPipelineSafeModeRule] INFO  safemode.SCMSafeModeManager (SCMSafeModeManager.java:validateSafeModeExitRules(138)) - AtleastOneDatanodeReportedRule rule is successfully validated
2025-09-13 17:31:21,926 [EventQueue-ContainerRegistrationReportForECContainerSafeModeRule] INFO  safemode.SCMSafeModeManager (SCMSafeModeManager.java:validateSafeModeExitRules(138)) - ECContainerSafeModeRule rule is successfully validated
2025-09-13 17:31:21,926 [EventQueue-ContainerRegistrationReportForRatisContainerSafeModeRule] INFO  safemode.SCMSafeModeManager (SCMSafeModeManager.java:validateSafeModeExitRules(138)) - RatisContainerSafeModeRule rule is successfully validated
2025-09-13 17:31:21,926 [RatisPipelineUtilsThread-0] INFO  pipeline.RatisPipelineProvider (RatisPipelineProvider.java:lambda$create$0(208)) - Sending CreatePipelineCommand for pipeline:Pipeline-5d67dbf1-7614-46d7-97b5-ba744b40fd77 to datanode:2f036b56-942d-42f4-908f-5b0be9aff918(localhost/127.0.0.1)
2025-09-13 17:31:21,929 [22454e81-7bda-41d4-8b71-c0b680f2e12d@group-7661A5CF51A5-StateMachineUpdater] INFO  safemode.SCMSafeModeManager (SCMSafeModeManager.java:validateSafeModeExitRules(138)) - DataNodeSafeModeRule rule is successfully validated
2025-09-13 17:31:21,929 [22454e81-7bda-41d4-8b71-c0b680f2e12d@group-7661A5CF51A5-StateMachineUpdater] INFO  safemode.SCMSafeModeManager (SCMSafeModeManager.java:validateSafeModeExitRules(138)) - RatisContainerSafeModeRule rule is successfully validated
2025-09-13 17:31:21,929 [22454e81-7bda-41d4-8b71-c0b680f2e12d@group-7661A5CF51A5-StateMachineUpdater] INFO  safemode.HealthyPipelineSafeModeRule (HealthyPipelineSafeModeRule.java:initializeRule(228)) - Refreshed total pipeline count is 0, healthy pipeline threshold count is 1
2025-09-13 17:31:21,929 [22454e81-7bda-41d4-8b71-c0b680f2e12d@group-7661A5CF51A5-StateMachineUpdater] INFO  safemode.SCMSafeModeManager (SCMSafeModeManager.java:validateSafeModeExitRules(138)) - ECContainerSafeModeRule rule is successfully validated
2025-09-13 17:31:21,929 [22454e81-7bda-41d4-8b71-c0b680f2e12d@group-7661A5CF51A5-StateMachineUpdater] INFO  safemode.SCMSafeModeManager (SCMSafeModeManager.java:validateSafeModeExitRules(138)) - AtleastOneDatanodeReportedRule rule is successfully validated
2025-09-13 17:31:21,929 [RatisPipelineUtilsThread-0] INFO  pipeline.BackgroundPipelineCreator (BackgroundPipelineCreator.java:createPipelines(246)) - Created new pipeline Pipeline{ Id: 5d67dbf1-7614-46d7-97b5-ba744b40fd77, Nodes: [ {2f036b56-942d-42f4-908f-5b0be9aff918(localhost/127.0.0.1), ReplicaIndex: 0},], ReplicationConfig: RATIS/ONE, State:ALLOCATED, leaderId:, CreationTimestamp2025-09-13T17:31:21.926934444Z[Etc/UTC]}
2025-09-13 17:31:21,930 [RatisPipelineUtilsThread-0] INFO  pipeline.RatisPipelineProvider (RatisPipelineProvider.java:lambda$create$0(208)) - Sending CreatePipelineCommand for pipeline:Pipeline-0ca82692-2fba-4cdd-8f6b-3debd952707a to datanode:3dbe4e49-25e9-43f5-94e0-3ca31f2aaaf2(localhost/127.0.0.1)
2025-09-13 17:31:21,930 [RatisPipelineUtilsThread-0] INFO  pipeline.RatisPipelineProvider (RatisPipelineProvider.java:lambda$create$0(208)) - Sending CreatePipelineCommand for pipeline:Pipeline-0ca82692-2fba-4cdd-8f6b-3debd952707a to datanode:9b620cf5-1dd4-4083-97bd-ff44c8fea23e(localhost/127.0.0.1)
2025-09-13 17:31:21,930 [RatisPipelineUtilsThread-0] INFO  pipeline.RatisPipelineProvider (RatisPipelineProvider.java:lambda$create$0(208)) - Sending CreatePipelineCommand for pipeline:Pipeline-0ca82692-2fba-4cdd-8f6b-3debd952707a to datanode:2f036b56-942d-42f4-908f-5b0be9aff918(localhost/127.0.0.1)
2025-09-13 17:31:21,932 [22454e81-7bda-41d4-8b71-c0b680f2e12d@group-7661A5CF51A5-StateMachineUpdater] INFO  safemode.SCMSafeModeManager (SCMSafeModeManager.java:validateSafeModeExitRules(138)) - DataNodeSafeModeRule rule is successfully validated
2025-09-13 17:31:21,932 [22454e81-7bda-41d4-8b71-c0b680f2e12d@group-7661A5CF51A5-StateMachineUpdater] INFO  safemode.SCMSafeModeManager (SCMSafeModeManager.java:validateSafeModeExitRules(138)) - RatisContainerSafeModeRule rule is successfully validated
2025-09-13 17:31:21,932 [22454e81-7bda-41d4-8b71-c0b680f2e12d@group-7661A5CF51A5-StateMachineUpdater] INFO  safemode.HealthyPipelineSafeModeRule (HealthyPipelineSafeModeRule.java:initializeRule(228)) - Refreshed total pipeline count is 0, healthy pipeline threshold count is 1
2025-09-13 17:31:21,932 [22454e81-7bda-41d4-8b71-c0b680f2e12d@group-7661A5CF51A5-StateMachineUpdater] INFO  safemode.SCMSafeModeManager (SCMSafeModeManager.java:validateSafeModeExitRules(138)) - ECContainerSafeModeRule rule is successfully validated
2025-09-13 17:31:21,932 [22454e81-7bda-41d4-8b71-c0b680f2e12d@group-7661A5CF51A5-StateMachineUpdater] INFO  safemode.SCMSafeModeManager (SCMSafeModeManager.java:validateSafeModeExitRules(138)) - AtleastOneDatanodeReportedRule rule is successfully validated
2025-09-13 17:31:21,933 [RatisPipelineUtilsThread-0] INFO  pipeline.BackgroundPipelineCreator (BackgroundPipelineCreator.java:createPipelines(246)) - Created new pipeline Pipeline{ Id: 0ca82692-2fba-4cdd-8f6b-3debd952707a, Nodes: [ {3dbe4e49-25e9-43f5-94e0-3ca31f2aaaf2(localhost/127.0.0.1), ReplicaIndex: 0}, {9b620cf5-1dd4-4083-97bd-ff44c8fea23e(localhost/127.0.0.1), ReplicaIndex: 0}, {2f036b56-942d-42f4-908f-5b0be9aff918(localhost/127.0.0.1), ReplicaIndex: 0},], ReplicationConfig: RATIS/THREE, State:ALLOCATED, leaderId:, CreationTimestamp2025-09-13T17:31:21.930641249Z[Etc/UTC]}
2025-09-13 17:31:21,934 [RatisPipelineUtilsThread-0] INFO  pipeline.RatisPipelineProvider (RatisPipelineProvider.java:lambda$create$0(208)) - Sending CreatePipelineCommand for pipeline:Pipeline-04878825-8370-49d4-b879-a8d25c85fdcf to datanode:3dbe4e49-25e9-43f5-94e0-3ca31f2aaaf2(localhost/127.0.0.1)
2025-09-13 17:31:21,934 [RatisPipelineUtilsThread-0] INFO  pipeline.RatisPipelineProvider (RatisPipelineProvider.java:lambda$create$0(208)) - Sending CreatePipelineCommand for pipeline:Pipeline-04878825-8370-49d4-b879-a8d25c85fdcf to datanode:9b620cf5-1dd4-4083-97bd-ff44c8fea23e(localhost/127.0.0.1)
2025-09-13 17:31:21,934 [RatisPipelineUtilsThread-0] INFO  pipeline.RatisPipelineProvider (RatisPipelineProvider.java:lambda$create$0(208)) - Sending CreatePipelineCommand for pipeline:Pipeline-04878825-8370-49d4-b879-a8d25c85fdcf to datanode:2f036b56-942d-42f4-908f-5b0be9aff918(localhost/127.0.0.1)
2025-09-13 17:31:21,936 [22454e81-7bda-41d4-8b71-c0b680f2e12d@group-7661A5CF51A5-StateMachineUpdater] INFO  safemode.SCMSafeModeManager (SCMSafeModeManager.java:validateSafeModeExitRules(138)) - DataNodeSafeModeRule rule is successfully validated
2025-09-13 17:31:21,936 [22454e81-7bda-41d4-8b71-c0b680f2e12d@group-7661A5CF51A5-StateMachineUpdater] INFO  safemode.SCMSafeModeManager (SCMSafeModeManager.java:validateSafeModeExitRules(138)) - RatisContainerSafeModeRule rule is successfully validated
2025-09-13 17:31:21,936 [22454e81-7bda-41d4-8b71-c0b680f2e12d@group-7661A5CF51A5-StateMachineUpdater] INFO  safemode.HealthyPipelineSafeModeRule (HealthyPipelineSafeModeRule.java:initializeRule(228)) - Refreshed total pipeline count is 0, healthy pipeline threshold count is 1
2025-09-13 17:31:21,936 [22454e81-7bda-41d4-8b71-c0b680f2e12d@group-7661A5CF51A5-StateMachineUpdater] INFO  safemode.SCMSafeModeManager (SCMSafeModeManager.java:validateSafeModeExitRules(138)) - ECContainerSafeModeRule rule is successfully validated
2025-09-13 17:31:21,936 [22454e81-7bda-41d4-8b71-c0b680f2e12d@group-7661A5CF51A5-StateMachineUpdater] INFO  safemode.SCMSafeModeManager (SCMSafeModeManager.java:validateSafeModeExitRules(138)) - AtleastOneDatanodeReportedRule rule is successfully validated
2025-09-13 17:31:21,936 [RatisPipelineUtilsThread-0] INFO  pipeline.PipelineManagerImpl (PipelineManagerImpl.java:recordMetricsForPipeline(922)) - Pipeline-04878825-8370-49d4-b879-a8d25c85fdcf and Pipeline-0ca82692-2fba-4cdd-8f6b-3debd952707a have exactly the same set of datanodes: [3dbe4e49-25e9-43f5-94e0-3ca31f2aaaf2(localhost/127.0.0.1), 9b620cf5-1dd4-4083-97bd-ff44c8fea23e(localhost/127.0.0.1), 2f036b56-942d-42f4-908f-5b0be9aff918(localhost/127.0.0.1)]
2025-09-13 17:31:21,936 [RatisPipelineUtilsThread-0] INFO  pipeline.BackgroundPipelineCreator (BackgroundPipelineCreator.java:createPipelines(246)) - Created new pipeline Pipeline{ Id: 04878825-8370-49d4-b879-a8d25c85fdcf, Nodes: [ {3dbe4e49-25e9-43f5-94e0-3ca31f2aaaf2(localhost/127.0.0.1), ReplicaIndex: 0}, {9b620cf5-1dd4-4083-97bd-ff44c8fea23e(localhost/127.0.0.1), ReplicaIndex: 0}, {2f036b56-942d-42f4-908f-5b0be9aff918(localhost/127.0.0.1), ReplicaIndex: 0},], ReplicationConfig: RATIS/THREE, State:ALLOCATED, leaderId:, CreationTimestamp2025-09-13T17:31:21.934137904Z[Etc/UTC]}
2025-09-13 17:31:22,151 [IPC Server handler 10 on default port 15002] INFO  net.NetworkTopologyImpl (NetworkTopologyImpl.java:add(133)) - Added a new node: /rack1/bc7810fa-01a5-4444-aa1e-be493a4a93df
2025-09-13 17:31:22,152 [IPC Server handler 10 on default port 15002] INFO  node.SCMNodeManager (SCMNodeManager.java:register(423)) - Registered datanode: bc7810fa-01a5-4444-aa1e-be493a4a93df{ip: 127.0.0.1, host: localhost, ports: [HTTP=15082, CLIENT_RPC=15083, REPLICATION=15089, RATIS=15085, RATIS_ADMIN=15086, RATIS_SERVER=15087, RATIS_DATASTREAM=15088, STANDALONE=15084], networkLocation: /rack1, certSerialId: null, persistedOpState: null, persistedOpStateExpiryEpochSec: 0}
2025-09-13 17:31:22,152 [EventQueue-NodeRegistrationContainerReportForDataNodeSafeModeRule] INFO  safemode.SCMSafeModeManager (SCMSafeModeManager.java:validateSafeModeExitRules(138)) - DataNodeSafeModeRule rule is successfully validated
2025-09-13 17:31:22,152 [EventQueue-NewNodeForNewNodeHandler] INFO  pipeline.BackgroundPipelineCreator (BackgroundPipelineCreator.java:notifyEventTriggered(290)) - trigger a one-shot run on RatisPipelineUtilsThread.
2025-09-13 17:31:22,152 [EventQueue-ContainerRegistrationReportForECContainerSafeModeRule] INFO  safemode.SCMSafeModeManager (SCMSafeModeManager.java:validateSafeModeExitRules(138)) - ECContainerSafeModeRule rule is successfully validated
2025-09-13 17:31:22,152 [EventQueue-PipelineReportForOneReplicaPipelineSafeModeRule] INFO  safemode.SCMSafeModeManager (SCMSafeModeManager.java:validateSafeModeExitRules(138)) - AtleastOneDatanodeReportedRule rule is successfully validated
2025-09-13 17:31:22,152 [EventQueue-ContainerRegistrationReportForRatisContainerSafeModeRule] INFO  safemode.SCMSafeModeManager (SCMSafeModeManager.java:validateSafeModeExitRules(138)) - RatisContainerSafeModeRule rule is successfully validated
2025-09-13 17:31:22,153 [RatisPipelineUtilsThread-0] INFO  pipeline.RatisPipelineProvider (RatisPipelineProvider.java:lambda$create$0(208)) - Sending CreatePipelineCommand for pipeline:Pipeline-fddb1414-a33a-4ec7-a763-aeea5324667a to datanode:bc7810fa-01a5-4444-aa1e-be493a4a93df(localhost/127.0.0.1)
2025-09-13 17:31:22,153 [ForkJoinPool-1-worker-1] INFO  ozone.MiniOzoneClusterImpl (MiniOzoneClusterImpl.java:lambda$waitForClusterToBeReady$0(181)) - Nodes are ready. Got 10 of 10 DN Heartbeats.
2025-09-13 17:31:22,153 [ForkJoinPool-1-worker-1] INFO  ozone.MiniOzoneClusterImpl (MiniOzoneClusterImpl.java:lambda$waitForClusterToBeReady$0(184)) - Waiting for cluster to exit safe mode
2025-09-13 17:31:22,153 [ForkJoinPool-1-worker-1] INFO  ozone.MiniOzoneClusterImpl (MiniOzoneClusterImpl.java:lambda$waitForClusterToBeReady$0(186)) - SCM became leader
2025-09-13 17:31:22,155 [22454e81-7bda-41d4-8b71-c0b680f2e12d@group-7661A5CF51A5-StateMachineUpdater] INFO  safemode.SCMSafeModeManager (SCMSafeModeManager.java:validateSafeModeExitRules(138)) - DataNodeSafeModeRule rule is successfully validated
2025-09-13 17:31:22,155 [22454e81-7bda-41d4-8b71-c0b680f2e12d@group-7661A5CF51A5-StateMachineUpdater] INFO  safemode.SCMSafeModeManager (SCMSafeModeManager.java:validateSafeModeExitRules(138)) - RatisContainerSafeModeRule rule is successfully validated
2025-09-13 17:31:22,155 [22454e81-7bda-41d4-8b71-c0b680f2e12d@group-7661A5CF51A5-StateMachineUpdater] INFO  safemode.HealthyPipelineSafeModeRule (HealthyPipelineSafeModeRule.java:initializeRule(228)) - Refreshed total pipeline count is 0, healthy pipeline threshold count is 1
2025-09-13 17:31:22,155 [22454e81-7bda-41d4-8b71-c0b680f2e12d@group-7661A5CF51A5-StateMachineUpdater] INFO  safemode.SCMSafeModeManager (SCMSafeModeManager.java:validateSafeModeExitRules(138)) - ECContainerSafeModeRule rule is successfully validated
2025-09-13 17:31:22,155 [22454e81-7bda-41d4-8b71-c0b680f2e12d@group-7661A5CF51A5-StateMachineUpdater] INFO  safemode.SCMSafeModeManager (SCMSafeModeManager.java:validateSafeModeExitRules(138)) - AtleastOneDatanodeReportedRule rule is successfully validated
2025-09-13 17:31:22,155 [RatisPipelineUtilsThread-0] INFO  pipeline.BackgroundPipelineCreator (BackgroundPipelineCreator.java:createPipelines(246)) - Created new pipeline Pipeline{ Id: fddb1414-a33a-4ec7-a763-aeea5324667a, Nodes: [ {bc7810fa-01a5-4444-aa1e-be493a4a93df(localhost/127.0.0.1), ReplicaIndex: 0},], ReplicationConfig: RATIS/ONE, State:ALLOCATED, leaderId:, CreationTimestamp2025-09-13T17:31:22.153152664Z[Etc/UTC]}
2025-09-13 17:31:22,175 [beda0dcb-37da-4cca-bea2-e222cb1bc351-CreatePipelineCommandHandlerThread-0] INFO  server.RaftServer (RaftServerProxy.java:addNew(105)) - beda0dcb-37da-4cca-bea2-e222cb1bc351: addNew group-26ECF1D4E136:[beda0dcb-37da-4cca-bea2-e222cb1bc351|127.0.0.1:15039] returns group-26ECF1D4E136:java.util.concurrent.CompletableFuture@1faeb537[Not completed]
2025-09-13 17:31:22,181 [beda0dcb-37da-4cca-bea2-e222cb1bc351-groupManagement] INFO  server.RaftServer$Division (RaftServerImpl.java:<init>(268)) - beda0dcb-37da-4cca-bea2-e222cb1bc351: new RaftServerImpl for group-26ECF1D4E136:[beda0dcb-37da-4cca-bea2-e222cb1bc351|127.0.0.1:15039] with ContainerStateMachine:uninitialized
2025-09-13 17:31:22,181 [beda0dcb-37da-4cca-bea2-e222cb1bc351-groupManagement] INFO  server.RaftServerConfigKeys (ConfUtils.java:logGet(62)) - raft.server.rpc.slowness.timeout = 300000ms (custom)
2025-09-13 17:31:22,181 [beda0dcb-37da-4cca-bea2-e222cb1bc351-groupManagement] INFO  server.RaftServer$Division (ServerState.java:<init>(114)) - beda0dcb-37da-4cca-bea2-e222cb1bc351@group-26ECF1D4E136: ConfigurationManager, init=conf: {index: -1, cur=peers:[beda0dcb-37da-4cca-bea2-e222cb1bc351|127.0.0.1:15039]|listeners:[], old=null}, confs=<EMPTY_MAP>
2025-09-13 17:31:22,181 [beda0dcb-37da-4cca-bea2-e222cb1bc351-groupManagement] INFO  server.RaftServerConfigKeys (ConfUtils.java:logGet(62)) - raft.server.notification.no-leader.timeout = 300000ms (custom)
2025-09-13 17:31:22,181 [beda0dcb-37da-4cca-bea2-e222cb1bc351-groupManagement] INFO  server.RaftServerConfigKeys (ConfUtils.java:logGet(62)) - raft.server.retrycache.expirytime = 600000ms (custom)
2025-09-13 17:31:22,193 [beda0dcb-37da-4cca-bea2-e222cb1bc351-groupManagement] INFO  server.RaftServerConfigKeys (ConfUtils.java:logGet(62)) - raft.server.storage.dir = [/home/runner/work/ozone/ozone/hadoop-ozone/integration-test/target/test-dir/MiniOzoneClusterImpl-1331a795-ed08-415d-924a-7661a5cf51a5/ozone-metadata/datanode-4/ratis] (custom)
2025-09-13 17:31:22,193 [beda0dcb-37da-4cca-bea2-e222cb1bc351-groupManagement] INFO  storage.RaftStorageDirectory (RaftStorageDirectoryImpl.java:analyzeStorage(138)) - The storage directory /home/runner/work/ozone/ozone/hadoop-ozone/integration-test/target/test-dir/MiniOzoneClusterImpl-1331a795-ed08-415d-924a-7661a5cf51a5/ozone-metadata/datanode-4/ratis/07c43d0e-01cc-4cce-9f14-26ecf1d4e136 does not exist. Creating ...
2025-09-13 17:31:22,194 [beda0dcb-37da-4cca-bea2-e222cb1bc351-groupManagement] INFO  storage.RaftStorageDirectory (RaftStorageDirectoryImpl.java:tryLock(229)) - Lock on /home/runner/work/ozone/ozone/hadoop-ozone/integration-test/target/test-dir/MiniOzoneClusterImpl-1331a795-ed08-415d-924a-7661a5cf51a5/ozone-metadata/datanode-4/ratis/07c43d0e-01cc-4cce-9f14-26ecf1d4e136/in_use.lock acquired by nodename 22846@localhost
2025-09-13 17:31:22,195 [beda0dcb-37da-4cca-bea2-e222cb1bc351-groupManagement] INFO  storage.RaftStorage (RaftStorageImpl.java:format(98)) - Storage directory /home/runner/work/ozone/ozone/hadoop-ozone/integration-test/target/test-dir/MiniOzoneClusterImpl-1331a795-ed08-415d-924a-7661a5cf51a5/ozone-metadata/datanode-4/ratis/07c43d0e-01cc-4cce-9f14-26ecf1d4e136 has been successfully formatted.
2025-09-13 17:31:22,198 [beda0dcb-37da-4cca-bea2-e222cb1bc351-groupManagement] INFO  ratis.ContainerStateMachine (ContainerStateMachine.java:initialize(339)) - beda0dcb-37da-4cca-bea2-e222cb1bc351: initialize group-26ECF1D4E136
2025-09-13 17:31:22,198 [beda0dcb-37da-4cca-bea2-e222cb1bc351-groupManagement] INFO  ratis.ContainerStateMachine (ContainerStateMachine.java:loadSnapshot(347)) - group-26ECF1D4E136: The snapshot info is null. Setting the last applied index to:<INITIAL_VALUE>
2025-09-13 17:31:22,198 [beda0dcb-37da-4cca-bea2-e222cb1bc351-groupManagement] INFO  server.RaftServerConfigKeys (ConfUtils.java:logGet(62)) - raft.server.log.appender.buffer.byte-limit = 33554432 (custom)
2025-09-13 17:31:22,202 [beda0dcb-37da-4cca-bea2-e222cb1bc351-groupManagement] INFO  server.RaftServerConfigKeys (ConfUtils.java:logGet(62)) - raft.server.log.segment.size.max = 67108864 (custom)
2025-09-13 17:31:22,203 [beda0dcb-37da-4cca-bea2-e222cb1bc351-groupManagement] INFO  server.RaftServerConfigKeys (ConfUtils.java:logGet(62)) - raft.server.log.appender.buffer.byte-limit = 33554432 (custom)
2025-09-13 17:31:22,203 [beda0dcb-37da-4cca-bea2-e222cb1bc351-groupManagement] INFO  util.AwaitToRun (AwaitToRun.java:start(81)) - Thread[#1171,beda0dcb-37da-4cca-bea2-e222cb1bc351@group-26ECF1D4E136-cacheEviction-AwaitToRun,5,main] started
2025-09-13 17:31:22,203 [beda0dcb-37da-4cca-bea2-e222cb1bc351-groupManagement] INFO  segmented.SegmentedRaftLogWorker (SegmentedRaftLogWorker.java:<init>(190)) - new beda0dcb-37da-4cca-bea2-e222cb1bc351@group-26ECF1D4E136-SegmentedRaftLogWorker for RaftStorageImpl:Storage Directory /home/runner/work/ozone/ozone/hadoop-ozone/integration-test/target/test-dir/MiniOzoneClusterImpl-1331a795-ed08-415d-924a-7661a5cf51a5/ozone-metadata/datanode-4/ratis/07c43d0e-01cc-4cce-9f14-26ecf1d4e136
2025-09-13 17:31:22,203 [beda0dcb-37da-4cca-bea2-e222cb1bc351-groupManagement] INFO  server.RaftServerConfigKeys (ConfUtils.java:logGet(62)) - raft.server.log.queue.byte-limit = 4294967296 (custom)
2025-09-13 17:31:22,204 [beda0dcb-37da-4cca-bea2-e222cb1bc351-groupManagement] INFO  server.RaftServerConfigKeys (ConfUtils.java:logGet(62)) - raft.server.log.queue.element-limit = 1024 (custom)
2025-09-13 17:31:22,204 [beda0dcb-37da-4cca-bea2-e222cb1bc351-groupManagement] INFO  server.RaftServerConfigKeys (ConfUtils.java:logGet(62)) - raft.server.log.segment.size.max = 67108864 (custom)
2025-09-13 17:31:22,204 [beda0dcb-37da-4cca-bea2-e222cb1bc351-groupManagement] INFO  server.RaftServerConfigKeys (ConfUtils.java:logGet(62)) - raft.server.log.preallocated.size = 4194304 (custom)
2025-09-13 17:31:22,204 [beda0dcb-37da-4cca-bea2-e222cb1bc351-groupManagement] INFO  server.RaftServerConfigKeys (ConfUtils.java:logGet(62)) - raft.server.log.statemachine.data.sync.timeout.retry = 30 (custom)
2025-09-13 17:31:22,205 [beda0dcb-37da-4cca-bea2-e222cb1bc351-groupManagement] INFO  server.RaftServerConfigKeys (ConfUtils.java:logGet(62)) - raft.server.log.write.buffer.size = 33554440 (custom)
2025-09-13 17:31:22,210 [beda0dcb-37da-4cca-bea2-e222cb1bc351-groupManagement] INFO  server.RaftServerConfigKeys (ConfUtils.java:logGet(62)) - raft.server.log.appender.buffer.byte-limit = 33554432 (custom)
2025-09-13 17:31:22,210 [beda0dcb-37da-4cca-bea2-e222cb1bc351-groupManagement] INFO  server.RaftServerConfigKeys (ConfUtils.java:logGet(62)) - raft.server.log.statemachine.data.caching.enabled = true (custom)
2025-09-13 17:31:22,210 [beda0dcb-37da-4cca-bea2-e222cb1bc351-groupManagement] INFO  segmented.SegmentedRaftLogWorker (SegmentedRaftLogWorker.java:lambda$new$0(141)) - beda0dcb-37da-4cca-bea2-e222cb1bc351@group-26ECF1D4E136-SegmentedRaftLogWorker: flushIndex: setUnconditionally 0 -> -1
2025-09-13 17:31:22,211 [beda0dcb-37da-4cca-bea2-e222cb1bc351-groupManagement] INFO  segmented.SegmentedRaftLogWorker (SegmentedRaftLogWorker.java:lambda$new$0(141)) - beda0dcb-37da-4cca-bea2-e222cb1bc351@group-26ECF1D4E136-SegmentedRaftLogWorker: safeCacheEvictIndex: setUnconditionally 0 -> -1
2025-09-13 17:31:22,211 [beda0dcb-37da-4cca-bea2-e222cb1bc351-groupManagement] INFO  server.RaftServer$Division (RaftServerImpl.java:start(405)) - beda0dcb-37da-4cca-bea2-e222cb1bc351@group-26ECF1D4E136: start as a follower, conf=conf: {index: -1, cur=peers:[beda0dcb-37da-4cca-bea2-e222cb1bc351|127.0.0.1:15039]|listeners:[], old=null}
2025-09-13 17:31:22,211 [beda0dcb-37da-4cca-bea2-e222cb1bc351-groupManagement] INFO  server.RaftServer$Division (RaftServerImpl.java:setRole(392)) - beda0dcb-37da-4cca-bea2-e222cb1bc351@group-26ECF1D4E136: changes role from      null to FOLLOWER at term 0 for startAsFollower
2025-09-13 17:31:22,211 [beda0dcb-37da-4cca-bea2-e222cb1bc351-groupManagement] INFO  impl.RoleInfo (RoleInfo.java:updateAndGet(148)) - beda0dcb-37da-4cca-bea2-e222cb1bc351: start beda0dcb-37da-4cca-bea2-e222cb1bc351@group-26ECF1D4E136-FollowerState
2025-09-13 17:31:22,212 [beda0dcb-37da-4cca-bea2-e222cb1bc351-groupManagement] INFO  util.JmxRegister (JmxRegister.java:tryRegister(44)) - Successfully registered JMX Bean with object name Ratis:service=RaftServer,group=group-26ECF1D4E136,id=beda0dcb-37da-4cca-bea2-e222cb1bc351
2025-09-13 17:31:22,212 [beda0dcb-37da-4cca-bea2-e222cb1bc351-groupManagement] INFO  util.JmxRegister (JmxRegister.java:register(58)) - register mxBean class org.apache.ratis.server.impl.RaftServerJmxAdapter as Ratis:service=RaftServer,group=group-26ECF1D4E136,id=beda0dcb-37da-4cca-bea2-e222cb1bc351
2025-09-13 17:31:22,212 [beda0dcb-37da-4cca-bea2-e222cb1bc351-groupManagement] INFO  server.RaftServerConfigKeys (ConfUtils.java:logGet(62)) - raft.server.snapshot.auto.trigger.threshold = 100000 (custom)
2025-09-13 17:31:22,212 [beda0dcb-37da-4cca-bea2-e222cb1bc351-groupManagement] INFO  server.RaftServerConfigKeys (ConfUtils.java:logGet(62)) - raft.server.snapshot.retention.file.num = 5 (custom)
2025-09-13 17:31:22,212 [beda0dcb-37da-4cca-bea2-e222cb1bc351-groupManagement] INFO  server.RaftServerConfigKeys (ConfUtils.java:logGet(62)) - raft.server.log.purge.upto.snapshot.index = false (default)
2025-09-13 17:31:22,213 [EventQueue-PipelineReportForOneReplicaPipelineSafeModeRule] INFO  safemode.SCMSafeModeManager (SCMSafeModeManager.java:validateSafeModeExitRules(138)) - AtleastOneDatanodeReportedRule rule is successfully validated
2025-09-13 17:31:22,214 [beda0dcb-37da-4cca-bea2-e222cb1bc351-groupManagement] INFO  server.RaftServer$Division (RaftServerImpl.java:start(419)) - beda0dcb-37da-4cca-bea2-e222cb1bc351@group-26ECF1D4E136: Successfully started.
2025-09-13 17:31:22,215 [beda0dcb-37da-4cca-bea2-e222cb1bc351-CreatePipelineCommandHandlerThread-0] INFO  ratis.XceiverServerRatis (XceiverServerRatis.java:addGroup(831)) - Created group Pipeline-07c43d0e-01cc-4cce-9f14-26ecf1d4e136
2025-09-13 17:31:22,216 [beda0dcb-37da-4cca-bea2-e222cb1bc351-CreatePipelineCommandHandlerThread-0] INFO  commandhandler.CreatePipelineCommandHandler (CreatePipelineCommandHandler.java:lambda$handle$2(141)) - Created Pipeline RATIS ONE Pipeline-07c43d0e-01cc-4cce-9f14-26ecf1d4e136.
2025-09-13 17:31:22,217 [22454e81-7bda-41d4-8b71-c0b680f2e12d@group-7661A5CF51A5-StateMachineUpdater] INFO  safemode.SCMSafeModeManager (SCMSafeModeManager.java:validateSafeModeExitRules(138)) - DataNodeSafeModeRule rule is successfully validated
2025-09-13 17:31:22,217 [22454e81-7bda-41d4-8b71-c0b680f2e12d@group-7661A5CF51A5-StateMachineUpdater] INFO  safemode.SCMSafeModeManager (SCMSafeModeManager.java:validateSafeModeExitRules(138)) - RatisContainerSafeModeRule rule is successfully validated
2025-09-13 17:31:22,217 [22454e81-7bda-41d4-8b71-c0b680f2e12d@group-7661A5CF51A5-StateMachineUpdater] INFO  safemode.HealthyPipelineSafeModeRule (HealthyPipelineSafeModeRule.java:initializeRule(228)) - Refreshed total pipeline count is 0, healthy pipeline threshold count is 1
2025-09-13 17:31:22,217 [22454e81-7bda-41d4-8b71-c0b680f2e12d@group-7661A5CF51A5-StateMachineUpdater] INFO  safemode.SCMSafeModeManager (SCMSafeModeManager.java:validateSafeModeExitRules(138)) - ECContainerSafeModeRule rule is successfully validated
2025-09-13 17:31:22,217 [22454e81-7bda-41d4-8b71-c0b680f2e12d@group-7661A5CF51A5-StateMachineUpdater] INFO  safemode.SCMSafeModeManager (SCMSafeModeManager.java:validateSafeModeExitRules(138)) - AtleastOneDatanodeReportedRule rule is successfully validated
2025-09-13 17:31:22,218 [EventQueue-PipelineReportForPipelineReportHandler] INFO  pipeline.PipelineReportHandler (PipelineReportHandler.java:processPipelineReport(132)) - Opened pipeline Pipeline-07c43d0e-01cc-4cce-9f14-26ecf1d4e136
2025-09-13 17:31:22,340 [36d876fb-a458-4393-963b-58eeedb8ba95-CreatePipelineCommandHandlerThread-0] INFO  server.RaftServer (RaftServerProxy.java:addNew(105)) - 36d876fb-a458-4393-963b-58eeedb8ba95: addNew group-B4189F5888A1:[36d876fb-a458-4393-963b-58eeedb8ba95|127.0.0.1:15015] returns group-B4189F5888A1:java.util.concurrent.CompletableFuture@778fdaf5[Not completed]
2025-09-13 17:31:22,341 [36d876fb-a458-4393-963b-58eeedb8ba95-groupManagement] INFO  server.RaftServer$Division (RaftServerImpl.java:<init>(268)) - 36d876fb-a458-4393-963b-58eeedb8ba95: new RaftServerImpl for group-B4189F5888A1:[36d876fb-a458-4393-963b-58eeedb8ba95|127.0.0.1:15015] with ContainerStateMachine:uninitialized
2025-09-13 17:31:22,342 [36d876fb-a458-4393-963b-58eeedb8ba95-groupManagement] INFO  server.RaftServer$Division (ServerState.java:<init>(114)) - 36d876fb-a458-4393-963b-58eeedb8ba95@group-B4189F5888A1: ConfigurationManager, init=conf: {index: -1, cur=peers:[36d876fb-a458-4393-963b-58eeedb8ba95|127.0.0.1:15015]|listeners:[], old=null}, confs=<EMPTY_MAP>
2025-09-13 17:31:22,348 [36d876fb-a458-4393-963b-58eeedb8ba95-groupManagement] INFO  server.RaftServerConfigKeys (ConfUtils.java:logGet(62)) - raft.server.storage.dir = [/home/runner/work/ozone/ozone/hadoop-ozone/integration-test/target/test-dir/MiniOzoneClusterImpl-1331a795-ed08-415d-924a-7661a5cf51a5/ozone-metadata/datanode-1/ratis] (custom)
2025-09-13 17:31:22,348 [36d876fb-a458-4393-963b-58eeedb8ba95-groupManagement] INFO  storage.RaftStorageDirectory (RaftStorageDirectoryImpl.java:analyzeStorage(138)) - The storage directory /home/runner/work/ozone/ozone/hadoop-ozone/integration-test/target/test-dir/MiniOzoneClusterImpl-1331a795-ed08-415d-924a-7661a5cf51a5/ozone-metadata/datanode-1/ratis/5743d5ca-d5da-4592-97f7-b4189f5888a1 does not exist. Creating ...
2025-09-13 17:31:22,349 [36d876fb-a458-4393-963b-58eeedb8ba95-groupManagement] INFO  storage.RaftStorageDirectory (RaftStorageDirectoryImpl.java:tryLock(229)) - Lock on /home/runner/work/ozone/ozone/hadoop-ozone/integration-test/target/test-dir/MiniOzoneClusterImpl-1331a795-ed08-415d-924a-7661a5cf51a5/ozone-metadata/datanode-1/ratis/5743d5ca-d5da-4592-97f7-b4189f5888a1/in_use.lock acquired by nodename 22846@localhost
2025-09-13 17:31:22,350 [36d876fb-a458-4393-963b-58eeedb8ba95-groupManagement] INFO  storage.RaftStorage (RaftStorageImpl.java:format(98)) - Storage directory /home/runner/work/ozone/ozone/hadoop-ozone/integration-test/target/test-dir/MiniOzoneClusterImpl-1331a795-ed08-415d-924a-7661a5cf51a5/ozone-metadata/datanode-1/ratis/5743d5ca-d5da-4592-97f7-b4189f5888a1 has been successfully formatted.
2025-09-13 17:31:22,351 [36d876fb-a458-4393-963b-58eeedb8ba95-groupManagement] INFO  ratis.ContainerStateMachine (ContainerStateMachine.java:initialize(339)) - 36d876fb-a458-4393-963b-58eeedb8ba95: initialize group-B4189F5888A1
2025-09-13 17:31:22,351 [36d876fb-a458-4393-963b-58eeedb8ba95-groupManagement] INFO  ratis.ContainerStateMachine (ContainerStateMachine.java:loadSnapshot(347)) - group-B4189F5888A1: The snapshot info is null. Setting the last applied index to:<INITIAL_VALUE>
2025-09-13 17:31:22,351 [36d876fb-a458-4393-963b-58eeedb8ba95-groupManagement] INFO  server.RaftServerConfigKeys (ConfUtils.java:logGet(62)) - raft.server.log.appender.buffer.byte-limit = 33554432 (custom)
2025-09-13 17:31:22,352 [EventQueue-PipelineReportForOneReplicaPipelineSafeModeRule] INFO  safemode.SCMSafeModeManager (SCMSafeModeManager.java:validateSafeModeExitRules(138)) - AtleastOneDatanodeReportedRule rule is successfully validated
2025-09-13 17:31:22,354 [36d876fb-a458-4393-963b-58eeedb8ba95-groupManagement] INFO  server.RaftServerConfigKeys (ConfUtils.java:logGet(62)) - raft.server.log.segment.size.max = 67108864 (custom)
2025-09-13 17:31:22,355 [36d876fb-a458-4393-963b-58eeedb8ba95-groupManagement] INFO  server.RaftServerConfigKeys (ConfUtils.java:logGet(62)) - raft.server.log.appender.buffer.byte-limit = 33554432 (custom)
2025-09-13 17:31:22,355 [36d876fb-a458-4393-963b-58eeedb8ba95-groupManagement] INFO  util.AwaitToRun (AwaitToRun.java:start(81)) - Thread[#1178,36d876fb-a458-4393-963b-58eeedb8ba95@group-B4189F5888A1-cacheEviction-AwaitToRun,5,main] started
2025-09-13 17:31:22,355 [36d876fb-a458-4393-963b-58eeedb8ba95-groupManagement] INFO  segmented.SegmentedRaftLogWorker (SegmentedRaftLogWorker.java:<init>(190)) - new 36d876fb-a458-4393-963b-58eeedb8ba95@group-B4189F5888A1-SegmentedRaftLogWorker for RaftStorageImpl:Storage Directory /home/runner/work/ozone/ozone/hadoop-ozone/integration-test/target/test-dir/MiniOzoneClusterImpl-1331a795-ed08-415d-924a-7661a5cf51a5/ozone-metadata/datanode-1/ratis/5743d5ca-d5da-4592-97f7-b4189f5888a1
2025-09-13 17:31:22,355 [36d876fb-a458-4393-963b-58eeedb8ba95-groupManagement] INFO  server.RaftServerConfigKeys (ConfUtils.java:logGet(62)) - raft.server.log.queue.byte-limit = 4294967296 (custom)
2025-09-13 17:31:22,355 [36d876fb-a458-4393-963b-58eeedb8ba95-groupManagement] INFO  server.RaftServerConfigKeys (ConfUtils.java:logGet(62)) - raft.server.log.segment.size.max = 67108864 (custom)
2025-09-13 17:31:22,355 [36d876fb-a458-4393-963b-58eeedb8ba95-groupManagement] INFO  server.RaftServerConfigKeys (ConfUtils.java:logGet(62)) - raft.server.log.preallocated.size = 4194304 (custom)
2025-09-13 17:31:22,355 [22454e81-7bda-41d4-8b71-c0b680f2e12d@group-7661A5CF51A5-StateMachineUpdater] INFO  safemode.SCMSafeModeManager (SCMSafeModeManager.java:validateSafeModeExitRules(138)) - DataNodeSafeModeRule rule is successfully validated
2025-09-13 17:31:22,355 [22454e81-7bda-41d4-8b71-c0b680f2e12d@group-7661A5CF51A5-StateMachineUpdater] INFO  safemode.SCMSafeModeManager (SCMSafeModeManager.java:validateSafeModeExitRules(138)) - RatisContainerSafeModeRule rule is successfully validated
2025-09-13 17:31:22,355 [22454e81-7bda-41d4-8b71-c0b680f2e12d@group-7661A5CF51A5-StateMachineUpdater] INFO  safemode.HealthyPipelineSafeModeRule (HealthyPipelineSafeModeRule.java:initializeRule(228)) - Refreshed total pipeline count is 0, healthy pipeline threshold count is 1
2025-09-13 17:31:22,356 [36d876fb-a458-4393-963b-58eeedb8ba95-groupManagement] INFO  server.RaftServerConfigKeys (ConfUtils.java:logGet(62)) - raft.server.log.write.buffer.size = 33554440 (custom)
2025-09-13 17:31:22,356 [22454e81-7bda-41d4-8b71-c0b680f2e12d@group-7661A5CF51A5-StateMachineUpdater] INFO  safemode.SCMSafeModeManager (SCMSafeModeManager.java:validateSafeModeExitRules(138)) - ECContainerSafeModeRule rule is successfully validated
2025-09-13 17:31:22,356 [22454e81-7bda-41d4-8b71-c0b680f2e12d@group-7661A5CF51A5-StateMachineUpdater] INFO  safemode.SCMSafeModeManager (SCMSafeModeManager.java:validateSafeModeExitRules(138)) - AtleastOneDatanodeReportedRule rule is successfully validated
2025-09-13 17:31:22,356 [EventQueue-PipelineReportForPipelineReportHandler] INFO  pipeline.PipelineReportHandler (PipelineReportHandler.java:processPipelineReport(132)) - Opened pipeline Pipeline-5743d5ca-d5da-4592-97f7-b4189f5888a1
2025-09-13 17:31:22,361 [36d876fb-a458-4393-963b-58eeedb8ba95-groupManagement] INFO  server.RaftServerConfigKeys (ConfUtils.java:logGet(62)) - raft.server.log.appender.buffer.byte-limit = 33554432 (custom)
2025-09-13 17:31:22,361 [36d876fb-a458-4393-963b-58eeedb8ba95-groupManagement] INFO  segmented.SegmentedRaftLogWorker (SegmentedRaftLogWorker.java:lambda$new$0(141)) - 36d876fb-a458-4393-963b-58eeedb8ba95@group-B4189F5888A1-SegmentedRaftLogWorker: flushIndex: setUnconditionally 0 -> -1
2025-09-13 17:31:22,361 [36d876fb-a458-4393-963b-58eeedb8ba95-groupManagement] INFO  segmented.SegmentedRaftLogWorker (SegmentedRaftLogWorker.java:lambda$new$0(141)) - 36d876fb-a458-4393-963b-58eeedb8ba95@group-B4189F5888A1-SegmentedRaftLogWorker: safeCacheEvictIndex: setUnconditionally 0 -> -1
2025-09-13 17:31:22,362 [36d876fb-a458-4393-963b-58eeedb8ba95-groupManagement] INFO  server.RaftServer$Division (RaftServerImpl.java:start(405)) - 36d876fb-a458-4393-963b-58eeedb8ba95@group-B4189F5888A1: start as a follower, conf=conf: {index: -1, cur=peers:[36d876fb-a458-4393-963b-58eeedb8ba95|127.0.0.1:15015]|listeners:[], old=null}
2025-09-13 17:31:22,362 [36d876fb-a458-4393-963b-58eeedb8ba95-groupManagement] INFO  server.RaftServer$Division (RaftServerImpl.java:setRole(392)) - 36d876fb-a458-4393-963b-58eeedb8ba95@group-B4189F5888A1: changes role from      null to FOLLOWER at term 0 for startAsFollower
2025-09-13 17:31:22,362 [36d876fb-a458-4393-963b-58eeedb8ba95-groupManagement] INFO  impl.RoleInfo (RoleInfo.java:updateAndGet(148)) - 36d876fb-a458-4393-963b-58eeedb8ba95: start 36d876fb-a458-4393-963b-58eeedb8ba95@group-B4189F5888A1-FollowerState
2025-09-13 17:31:22,362 [36d876fb-a458-4393-963b-58eeedb8ba95-groupManagement] INFO  util.JmxRegister (JmxRegister.java:tryRegister(44)) - Successfully registered JMX Bean with object name Ratis:service=RaftServer,group=group-B4189F5888A1,id=36d876fb-a458-4393-963b-58eeedb8ba95
2025-09-13 17:31:22,362 [36d876fb-a458-4393-963b-58eeedb8ba95-groupManagement] INFO  util.JmxRegister (JmxRegister.java:register(58)) - register mxBean class org.apache.ratis.server.impl.RaftServerJmxAdapter as Ratis:service=RaftServer,group=group-B4189F5888A1,id=36d876fb-a458-4393-963b-58eeedb8ba95
2025-09-13 17:31:22,363 [36d876fb-a458-4393-963b-58eeedb8ba95-groupManagement] INFO  server.RaftServer$Division (RaftServerImpl.java:start(419)) - 36d876fb-a458-4393-963b-58eeedb8ba95@group-B4189F5888A1: Successfully started.
2025-09-13 17:31:22,364 [36d876fb-a458-4393-963b-58eeedb8ba95-CreatePipelineCommandHandlerThread-0] INFO  ratis.XceiverServerRatis (XceiverServerRatis.java:addGroup(831)) - Created group Pipeline-5743d5ca-d5da-4592-97f7-b4189f5888a1
2025-09-13 17:31:22,364 [36d876fb-a458-4393-963b-58eeedb8ba95-CreatePipelineCommandHandlerThread-0] INFO  commandhandler.CreatePipelineCommandHandler (CreatePipelineCommandHandler.java:lambda$handle$2(141)) - Created Pipeline RATIS ONE Pipeline-5743d5ca-d5da-4592-97f7-b4189f5888a1.
2025-09-13 17:31:22,364 [36d876fb-a458-4393-963b-58eeedb8ba95-CreatePipelineCommandHandlerThread-0] INFO  server.RaftServer (RaftServerProxy.java:addNew(105)) - 36d876fb-a458-4393-963b-58eeedb8ba95: addNew group-D5D0288CE997:[9e23e878-9bb3-42b5-8b94-e0e229812e65|127.0.0.1:15023, 13facd30-3950-4310-8b1a-93d004abbbdd|127.0.0.1:15031, 36d876fb-a458-4393-963b-58eeedb8ba95|127.0.0.1:15015] returns group-D5D0288CE997:java.util.concurrent.CompletableFuture@6626d50d[Not completed]
2025-09-13 17:31:22,366 [36d876fb-a458-4393-963b-58eeedb8ba95-groupManagement] INFO  server.RaftServer$Division (RaftServerImpl.java:<init>(268)) - 36d876fb-a458-4393-963b-58eeedb8ba95: new RaftServerImpl for group-D5D0288CE997:[9e23e878-9bb3-42b5-8b94-e0e229812e65|127.0.0.1:15023, 13facd30-3950-4310-8b1a-93d004abbbdd|127.0.0.1:15031, 36d876fb-a458-4393-963b-58eeedb8ba95|127.0.0.1:15015] with ContainerStateMachine:uninitialized
2025-09-13 17:31:22,366 [36d876fb-a458-4393-963b-58eeedb8ba95-groupManagement] INFO  server.RaftServer$Division (ServerState.java:<init>(114)) - 36d876fb-a458-4393-963b-58eeedb8ba95@group-D5D0288CE997: ConfigurationManager, init=conf: {index: -1, cur=peers:[9e23e878-9bb3-42b5-8b94-e0e229812e65|127.0.0.1:15023, 13facd30-3950-4310-8b1a-93d004abbbdd|127.0.0.1:15031, 36d876fb-a458-4393-963b-58eeedb8ba95|127.0.0.1:15015]|listeners:[], old=null}, confs=<EMPTY_MAP>
2025-09-13 17:31:22,372 [36d876fb-a458-4393-963b-58eeedb8ba95-groupManagement] INFO  storage.RaftStorageDirectory (RaftStorageDirectoryImpl.java:analyzeStorage(138)) - The storage directory /home/runner/work/ozone/ozone/hadoop-ozone/integration-test/target/test-dir/MiniOzoneClusterImpl-1331a795-ed08-415d-924a-7661a5cf51a5/ozone-metadata/datanode-1/ratis/71f8f458-3dd2-4722-a002-d5d0288ce997 does not exist. Creating ...
2025-09-13 17:31:22,373 [36d876fb-a458-4393-963b-58eeedb8ba95-groupManagement] INFO  storage.RaftStorageDirectory (RaftStorageDirectoryImpl.java:tryLock(229)) - Lock on /home/runner/work/ozone/ozone/hadoop-ozone/integration-test/target/test-dir/MiniOzoneClusterImpl-1331a795-ed08-415d-924a-7661a5cf51a5/ozone-metadata/datanode-1/ratis/71f8f458-3dd2-4722-a002-d5d0288ce997/in_use.lock acquired by nodename 22846@localhost
2025-09-13 17:31:22,374 [36d876fb-a458-4393-963b-58eeedb8ba95-groupManagement] INFO  storage.RaftStorage (RaftStorageImpl.java:format(98)) - Storage directory /home/runner/work/ozone/ozone/hadoop-ozone/integration-test/target/test-dir/MiniOzoneClusterImpl-1331a795-ed08-415d-924a-7661a5cf51a5/ozone-metadata/datanode-1/ratis/71f8f458-3dd2-4722-a002-d5d0288ce997 has been successfully formatted.
2025-09-13 17:31:22,375 [36d876fb-a458-4393-963b-58eeedb8ba95-groupManagement] INFO  ratis.ContainerStateMachine (ContainerStateMachine.java:initialize(339)) - 36d876fb-a458-4393-963b-58eeedb8ba95: initialize group-D5D0288CE997
2025-09-13 17:31:22,375 [36d876fb-a458-4393-963b-58eeedb8ba95-groupManagement] INFO  ratis.ContainerStateMachine (ContainerStateMachine.java:loadSnapshot(347)) - group-D5D0288CE997: The snapshot info is null. Setting the last applied index to:<INITIAL_VALUE>
2025-09-13 17:31:22,375 [36d876fb-a458-4393-963b-58eeedb8ba95-groupManagement] INFO  server.RaftServerConfigKeys (ConfUtils.java:logGet(62)) - raft.server.log.appender.buffer.byte-limit = 33554432 (custom)
2025-09-13 17:31:22,377 [EventQueue-PipelineReportForOneReplicaPipelineSafeModeRule] INFO  safemode.SCMSafeModeManager (SCMSafeModeManager.java:validateSafeModeExitRules(138)) - AtleastOneDatanodeReportedRule rule is successfully validated
2025-09-13 17:31:22,378 [36d876fb-a458-4393-963b-58eeedb8ba95-groupManagement] INFO  server.RaftServerConfigKeys (ConfUtils.java:logGet(62)) - raft.server.log.segment.size.max = 67108864 (custom)
2025-09-13 17:31:22,379 [36d876fb-a458-4393-963b-58eeedb8ba95-groupManagement] INFO  server.RaftServerConfigKeys (ConfUtils.java:logGet(62)) - raft.server.log.appender.buffer.byte-limit = 33554432 (custom)
2025-09-13 17:31:22,379 [36d876fb-a458-4393-963b-58eeedb8ba95-groupManagement] INFO  util.AwaitToRun (AwaitToRun.java:start(81)) - Thread[#1182,36d876fb-a458-4393-963b-58eeedb8ba95@group-D5D0288CE997-cacheEviction-AwaitToRun,5,main] started
2025-09-13 17:31:22,379 [36d876fb-a458-4393-963b-58eeedb8ba95-groupManagement] INFO  segmented.SegmentedRaftLogWorker (SegmentedRaftLogWorker.java:<init>(190)) - new 36d876fb-a458-4393-963b-58eeedb8ba95@group-D5D0288CE997-SegmentedRaftLogWorker for RaftStorageImpl:Storage Directory /home/runner/work/ozone/ozone/hadoop-ozone/integration-test/target/test-dir/MiniOzoneClusterImpl-1331a795-ed08-415d-924a-7661a5cf51a5/ozone-metadata/datanode-1/ratis/71f8f458-3dd2-4722-a002-d5d0288ce997
2025-09-13 17:31:22,379 [36d876fb-a458-4393-963b-58eeedb8ba95-groupManagement] INFO  server.RaftServerConfigKeys (ConfUtils.java:logGet(62)) - raft.server.log.queue.byte-limit = 4294967296 (custom)
2025-09-13 17:31:22,379 [36d876fb-a458-4393-963b-58eeedb8ba95-groupManagement] INFO  server.RaftServerConfigKeys (ConfUtils.java:logGet(62)) - raft.server.log.segment.size.max = 67108864 (custom)
2025-09-13 17:31:22,379 [36d876fb-a458-4393-963b-58eeedb8ba95-groupManagement] INFO  server.RaftServerConfigKeys (ConfUtils.java:logGet(62)) - raft.server.log.preallocated.size = 4194304 (custom)
2025-09-13 17:31:22,380 [36d876fb-a458-4393-963b-58eeedb8ba95-groupManagement] INFO  server.RaftServerConfigKeys (ConfUtils.java:logGet(62)) - raft.server.log.write.buffer.size = 33554440 (custom)
2025-09-13 17:31:22,385 [36d876fb-a458-4393-963b-58eeedb8ba95-groupManagement] INFO  server.RaftServerConfigKeys (ConfUtils.java:logGet(62)) - raft.server.log.appender.buffer.byte-limit = 33554432 (custom)
2025-09-13 17:31:22,386 [36d876fb-a458-4393-963b-58eeedb8ba95-groupManagement] INFO  segmented.SegmentedRaftLogWorker (SegmentedRaftLogWorker.java:lambda$new$0(141)) - 36d876fb-a458-4393-963b-58eeedb8ba95@group-D5D0288CE997-SegmentedRaftLogWorker: flushIndex: setUnconditionally 0 -> -1
2025-09-13 17:31:22,386 [36d876fb-a458-4393-963b-58eeedb8ba95-groupManagement] INFO  segmented.SegmentedRaftLogWorker (SegmentedRaftLogWorker.java:lambda$new$0(141)) - 36d876fb-a458-4393-963b-58eeedb8ba95@group-D5D0288CE997-SegmentedRaftLogWorker: safeCacheEvictIndex: setUnconditionally 0 -> -1
2025-09-13 17:31:22,386 [36d876fb-a458-4393-963b-58eeedb8ba95-groupManagement] INFO  server.RaftServer$Division (RaftServerImpl.java:start(405)) - 36d876fb-a458-4393-963b-58eeedb8ba95@group-D5D0288CE997: start as a follower, conf=conf: {index: -1, cur=peers:[9e23e878-9bb3-42b5-8b94-e0e229812e65|127.0.0.1:15023, 13facd30-3950-4310-8b1a-93d004abbbdd|127.0.0.1:15031, 36d876fb-a458-4393-963b-58eeedb8ba95|127.0.0.1:15015]|listeners:[], old=null}
2025-09-13 17:31:22,386 [36d876fb-a458-4393-963b-58eeedb8ba95-groupManagement] INFO  server.RaftServer$Division (RaftServerImpl.java:setRole(392)) - 36d876fb-a458-4393-963b-58eeedb8ba95@group-D5D0288CE997: changes role from      null to FOLLOWER at term 0 for startAsFollower
2025-09-13 17:31:22,386 [36d876fb-a458-4393-963b-58eeedb8ba95-groupManagement] INFO  impl.RoleInfo (RoleInfo.java:updateAndGet(148)) - 36d876fb-a458-4393-963b-58eeedb8ba95: start 36d876fb-a458-4393-963b-58eeedb8ba95@group-D5D0288CE997-FollowerState
2025-09-13 17:31:22,387 [36d876fb-a458-4393-963b-58eeedb8ba95-groupManagement] INFO  util.JmxRegister (JmxRegister.java:tryRegister(44)) - Successfully registered JMX Bean with object name Ratis:service=RaftServer,group=group-D5D0288CE997,id=36d876fb-a458-4393-963b-58eeedb8ba95
2025-09-13 17:31:22,387 [36d876fb-a458-4393-963b-58eeedb8ba95-groupManagement] INFO  util.JmxRegister (JmxRegister.java:register(58)) - register mxBean class org.apache.ratis.server.impl.RaftServerJmxAdapter as Ratis:service=RaftServer,group=group-D5D0288CE997,id=36d876fb-a458-4393-963b-58eeedb8ba95
2025-09-13 17:31:22,388 [36d876fb-a458-4393-963b-58eeedb8ba95-groupManagement] INFO  server.RaftServer$Division (RaftServerImpl.java:start(419)) - 36d876fb-a458-4393-963b-58eeedb8ba95@group-D5D0288CE997: Successfully started.
2025-09-13 17:31:22,388 [36d876fb-a458-4393-963b-58eeedb8ba95-CreatePipelineCommandHandlerThread-0] INFO  ratis.XceiverServerRatis (XceiverServerRatis.java:addGroup(831)) - Created group Pipeline-71f8f458-3dd2-4722-a002-d5d0288ce997
2025-09-13 17:31:22,435 [e114cbd1-8f45-4cc5-a8b1-e2bd6cad48a0-CreatePipelineCommandHandlerThread-0] INFO  server.RaftServer (RaftServerProxy.java:addNew(105)) - e114cbd1-8f45-4cc5-a8b1-e2bd6cad48a0: addNew group-3D336BCEFA21:[e114cbd1-8f45-4cc5-a8b1-e2bd6cad48a0|127.0.0.1:15047] returns group-3D336BCEFA21:java.util.concurrent.CompletableFuture@41a35db3[Not completed]
2025-09-13 17:31:22,437 [e114cbd1-8f45-4cc5-a8b1-e2bd6cad48a0-groupManagement] INFO  server.RaftServer$Division (RaftServerImpl.java:<init>(268)) - e114cbd1-8f45-4cc5-a8b1-e2bd6cad48a0: new RaftServerImpl for group-3D336BCEFA21:[e114cbd1-8f45-4cc5-a8b1-e2bd6cad48a0|127.0.0.1:15047] with ContainerStateMachine:uninitialized
2025-09-13 17:31:22,437 [e114cbd1-8f45-4cc5-a8b1-e2bd6cad48a0-groupManagement] INFO  server.RaftServer$Division (ServerState.java:<init>(114)) - e114cbd1-8f45-4cc5-a8b1-e2bd6cad48a0@group-3D336BCEFA21: ConfigurationManager, init=conf: {index: -1, cur=peers:[e114cbd1-8f45-4cc5-a8b1-e2bd6cad48a0|127.0.0.1:15047]|listeners:[], old=null}, confs=<EMPTY_MAP>
2025-09-13 17:31:22,445 [e114cbd1-8f45-4cc5-a8b1-e2bd6cad48a0-groupManagement] INFO  server.RaftServerConfigKeys (ConfUtils.java:logGet(62)) - raft.server.storage.dir = [/home/runner/work/ozone/ozone/hadoop-ozone/integration-test/target/test-dir/MiniOzoneClusterImpl-1331a795-ed08-415d-924a-7661a5cf51a5/ozone-metadata/datanode-5/ratis] (custom)
2025-09-13 17:31:22,445 [e114cbd1-8f45-4cc5-a8b1-e2bd6cad48a0-groupManagement] INFO  storage.RaftStorageDirectory (RaftStorageDirectoryImpl.java:analyzeStorage(138)) - The storage directory /home/runner/work/ozone/ozone/hadoop-ozone/integration-test/target/test-dir/MiniOzoneClusterImpl-1331a795-ed08-415d-924a-7661a5cf51a5/ozone-metadata/datanode-5/ratis/c7cd4f34-6e85-4800-ae3d-3d336bcefa21 does not exist. Creating ...
2025-09-13 17:31:22,446 [e114cbd1-8f45-4cc5-a8b1-e2bd6cad48a0-groupManagement] INFO  storage.RaftStorageDirectory (RaftStorageDirectoryImpl.java:tryLock(229)) - Lock on /home/runner/work/ozone/ozone/hadoop-ozone/integration-test/target/test-dir/MiniOzoneClusterImpl-1331a795-ed08-415d-924a-7661a5cf51a5/ozone-metadata/datanode-5/ratis/c7cd4f34-6e85-4800-ae3d-3d336bcefa21/in_use.lock acquired by nodename 22846@localhost
2025-09-13 17:31:22,447 [e114cbd1-8f45-4cc5-a8b1-e2bd6cad48a0-groupManagement] INFO  storage.RaftStorage (RaftStorageImpl.java:format(98)) - Storage directory /home/runner/work/ozone/ozone/hadoop-ozone/integration-test/target/test-dir/MiniOzoneClusterImpl-1331a795-ed08-415d-924a-7661a5cf51a5/ozone-metadata/datanode-5/ratis/c7cd4f34-6e85-4800-ae3d-3d336bcefa21 has been successfully formatted.
2025-09-13 17:31:22,447 [e114cbd1-8f45-4cc5-a8b1-e2bd6cad48a0-groupManagement] INFO  ratis.ContainerStateMachine (ContainerStateMachine.java:initialize(339)) - e114cbd1-8f45-4cc5-a8b1-e2bd6cad48a0: initialize group-3D336BCEFA21
2025-09-13 17:31:22,447 [e114cbd1-8f45-4cc5-a8b1-e2bd6cad48a0-groupManagement] INFO  ratis.ContainerStateMachine (ContainerStateMachine.java:loadSnapshot(347)) - group-3D336BCEFA21: The snapshot info is null. Setting the last applied index to:<INITIAL_VALUE>
2025-09-13 17:31:22,447 [e114cbd1-8f45-4cc5-a8b1-e2bd6cad48a0-groupManagement] INFO  server.RaftServerConfigKeys (ConfUtils.java:logGet(62)) - raft.server.log.appender.buffer.byte-limit = 33554432 (custom)
2025-09-13 17:31:22,450 [EventQueue-PipelineReportForOneReplicaPipelineSafeModeRule] INFO  safemode.SCMSafeModeManager (SCMSafeModeManager.java:validateSafeModeExitRules(138)) - AtleastOneDatanodeReportedRule rule is successfully validated
2025-09-13 17:31:22,452 [22454e81-7bda-41d4-8b71-c0b680f2e12d@group-7661A5CF51A5-StateMachineUpdater] INFO  safemode.SCMSafeModeManager (SCMSafeModeManager.java:validateSafeModeExitRules(138)) - DataNodeSafeModeRule rule is successfully validated
2025-09-13 17:31:22,452 [e114cbd1-8f45-4cc5-a8b1-e2bd6cad48a0-groupManagement] INFO  server.RaftServerConfigKeys (ConfUtils.java:logGet(62)) - raft.server.log.segment.size.max = 67108864 (custom)
2025-09-13 17:31:22,453 [22454e81-7bda-41d4-8b71-c0b680f2e12d@group-7661A5CF51A5-StateMachineUpdater] INFO  safemode.SCMSafeModeManager (SCMSafeModeManager.java:validateSafeModeExitRules(138)) - RatisContainerSafeModeRule rule is successfully validated
2025-09-13 17:31:22,453 [22454e81-7bda-41d4-8b71-c0b680f2e12d@group-7661A5CF51A5-StateMachineUpdater] INFO  safemode.HealthyPipelineSafeModeRule (HealthyPipelineSafeModeRule.java:initializeRule(228)) - Refreshed total pipeline count is 0, healthy pipeline threshold count is 1
2025-09-13 17:31:22,453 [22454e81-7bda-41d4-8b71-c0b680f2e12d@group-7661A5CF51A5-StateMachineUpdater] INFO  safemode.SCMSafeModeManager (SCMSafeModeManager.java:validateSafeModeExitRules(138)) - ECContainerSafeModeRule rule is successfully validated
2025-09-13 17:31:22,453 [22454e81-7bda-41d4-8b71-c0b680f2e12d@group-7661A5CF51A5-StateMachineUpdater] INFO  safemode.SCMSafeModeManager (SCMSafeModeManager.java:validateSafeModeExitRules(138)) - AtleastOneDatanodeReportedRule rule is successfully validated
2025-09-13 17:31:22,453 [EventQueue-PipelineReportForPipelineReportHandler] INFO  pipeline.PipelineReportHandler (PipelineReportHandler.java:processPipelineReport(132)) - Opened pipeline Pipeline-c7cd4f34-6e85-4800-ae3d-3d336bcefa21
2025-09-13 17:31:22,453 [e114cbd1-8f45-4cc5-a8b1-e2bd6cad48a0-groupManagement] INFO  server.RaftServerConfigKeys (ConfUtils.java:logGet(62)) - raft.server.log.appender.buffer.byte-limit = 33554432 (custom)
2025-09-13 17:31:22,454 [e114cbd1-8f45-4cc5-a8b1-e2bd6cad48a0-groupManagement] INFO  util.AwaitToRun (AwaitToRun.java:start(81)) - Thread[#1188,e114cbd1-8f45-4cc5-a8b1-e2bd6cad48a0@group-3D336BCEFA21-cacheEviction-AwaitToRun,5,main] started
2025-09-13 17:31:22,454 [e114cbd1-8f45-4cc5-a8b1-e2bd6cad48a0-groupManagement] INFO  segmented.SegmentedRaftLogWorker (SegmentedRaftLogWorker.java:<init>(190)) - new e114cbd1-8f45-4cc5-a8b1-e2bd6cad48a0@group-3D336BCEFA21-SegmentedRaftLogWorker for RaftStorageImpl:Storage Directory /home/runner/work/ozone/ozone/hadoop-ozone/integration-test/target/test-dir/MiniOzoneClusterImpl-1331a795-ed08-415d-924a-7661a5cf51a5/ozone-metadata/datanode-5/ratis/c7cd4f34-6e85-4800-ae3d-3d336bcefa21
2025-09-13 17:31:22,454 [e114cbd1-8f45-4cc5-a8b1-e2bd6cad48a0-groupManagement] INFO  server.RaftServerConfigKeys (ConfUtils.java:logGet(62)) - raft.server.log.queue.byte-limit = 4294967296 (custom)
2025-09-13 17:31:22,454 [e114cbd1-8f45-4cc5-a8b1-e2bd6cad48a0-groupManagement] INFO  server.RaftServerConfigKeys (ConfUtils.java:logGet(62)) - raft.server.log.segment.size.max = 67108864 (custom)
2025-09-13 17:31:22,454 [e114cbd1-8f45-4cc5-a8b1-e2bd6cad48a0-groupManagement] INFO  server.RaftServerConfigKeys (ConfUtils.java:logGet(62)) - raft.server.log.preallocated.size = 4194304 (custom)
2025-09-13 17:31:22,455 [e114cbd1-8f45-4cc5-a8b1-e2bd6cad48a0-groupManagement] INFO  server.RaftServerConfigKeys (ConfUtils.java:logGet(62)) - raft.server.log.write.buffer.size = 33554440 (custom)
2025-09-13 17:31:22,461 [e114cbd1-8f45-4cc5-a8b1-e2bd6cad48a0-groupManagement] INFO  server.RaftServerConfigKeys (ConfUtils.java:logGet(62)) - raft.server.log.appender.buffer.byte-limit = 33554432 (custom)
2025-09-13 17:31:22,461 [e114cbd1-8f45-4cc5-a8b1-e2bd6cad48a0-groupManagement] INFO  segmented.SegmentedRaftLogWorker (SegmentedRaftLogWorker.java:lambda$new$0(141)) - e114cbd1-8f45-4cc5-a8b1-e2bd6cad48a0@group-3D336BCEFA21-SegmentedRaftLogWorker: flushIndex: setUnconditionally 0 -> -1
2025-09-13 17:31:22,461 [e114cbd1-8f45-4cc5-a8b1-e2bd6cad48a0-groupManagement] INFO  segmented.SegmentedRaftLogWorker (SegmentedRaftLogWorker.java:lambda$new$0(141)) - e114cbd1-8f45-4cc5-a8b1-e2bd6cad48a0@group-3D336BCEFA21-SegmentedRaftLogWorker: safeCacheEvictIndex: setUnconditionally 0 -> -1
2025-09-13 17:31:22,462 [e114cbd1-8f45-4cc5-a8b1-e2bd6cad48a0-groupManagement] INFO  server.RaftServer$Division (RaftServerImpl.java:start(405)) - e114cbd1-8f45-4cc5-a8b1-e2bd6cad48a0@group-3D336BCEFA21: start as a follower, conf=conf: {index: -1, cur=peers:[e114cbd1-8f45-4cc5-a8b1-e2bd6cad48a0|127.0.0.1:15047]|listeners:[], old=null}
2025-09-13 17:31:22,462 [e114cbd1-8f45-4cc5-a8b1-e2bd6cad48a0-groupManagement] INFO  server.RaftServer$Division (RaftServerImpl.java:setRole(392)) - e114cbd1-8f45-4cc5-a8b1-e2bd6cad48a0@group-3D336BCEFA21: changes role from      null to FOLLOWER at term 0 for startAsFollower
2025-09-13 17:31:22,462 [e114cbd1-8f45-4cc5-a8b1-e2bd6cad48a0-groupManagement] INFO  impl.RoleInfo (RoleInfo.java:updateAndGet(148)) - e114cbd1-8f45-4cc5-a8b1-e2bd6cad48a0: start e114cbd1-8f45-4cc5-a8b1-e2bd6cad48a0@group-3D336BCEFA21-FollowerState
2025-09-13 17:31:22,462 [e114cbd1-8f45-4cc5-a8b1-e2bd6cad48a0-groupManagement] INFO  util.JmxRegister (JmxRegister.java:tryRegister(44)) - Successfully registered JMX Bean with object name Ratis:service=RaftServer,group=group-3D336BCEFA21,id=e114cbd1-8f45-4cc5-a8b1-e2bd6cad48a0
2025-09-13 17:31:22,462 [e114cbd1-8f45-4cc5-a8b1-e2bd6cad48a0-groupManagement] INFO  util.JmxRegister (JmxRegister.java:register(58)) - register mxBean class org.apache.ratis.server.impl.RaftServerJmxAdapter as Ratis:service=RaftServer,group=group-3D336BCEFA21,id=e114cbd1-8f45-4cc5-a8b1-e2bd6cad48a0
2025-09-13 17:31:22,463 [e114cbd1-8f45-4cc5-a8b1-e2bd6cad48a0-groupManagement] INFO  server.RaftServer$Division (RaftServerImpl.java:start(419)) - e114cbd1-8f45-4cc5-a8b1-e2bd6cad48a0@group-3D336BCEFA21: Successfully started.
2025-09-13 17:31:22,464 [e114cbd1-8f45-4cc5-a8b1-e2bd6cad48a0-CreatePipelineCommandHandlerThread-0] INFO  ratis.XceiverServerRatis (XceiverServerRatis.java:addGroup(831)) - Created group Pipeline-c7cd4f34-6e85-4800-ae3d-3d336bcefa21
2025-09-13 17:31:22,464 [e114cbd1-8f45-4cc5-a8b1-e2bd6cad48a0-CreatePipelineCommandHandlerThread-0] INFO  commandhandler.CreatePipelineCommandHandler (CreatePipelineCommandHandler.java:lambda$handle$2(141)) - Created Pipeline RATIS ONE Pipeline-c7cd4f34-6e85-4800-ae3d-3d336bcefa21.
2025-09-13 17:31:22,464 [e114cbd1-8f45-4cc5-a8b1-e2bd6cad48a0-CreatePipelineCommandHandlerThread-0] INFO  server.RaftServer (RaftServerProxy.java:addNew(105)) - e114cbd1-8f45-4cc5-a8b1-e2bd6cad48a0: addNew group-853F78DB4750:[d3aade32-661d-499d-9068-ea1550ed8656|127.0.0.1:15055, beda0dcb-37da-4cca-bea2-e222cb1bc351|127.0.0.1:15039, e114cbd1-8f45-4cc5-a8b1-e2bd6cad48a0|127.0.0.1:15047] returns group-853F78DB4750:java.util.concurrent.CompletableFuture@278ed94[Not completed]
2025-09-13 17:31:22,466 [e114cbd1-8f45-4cc5-a8b1-e2bd6cad48a0-groupManagement] INFO  server.RaftServer$Division (RaftServerImpl.java:<init>(268)) - e114cbd1-8f45-4cc5-a8b1-e2bd6cad48a0: new RaftServerImpl for group-853F78DB4750:[d3aade32-661d-499d-9068-ea1550ed8656|127.0.0.1:15055, beda0dcb-37da-4cca-bea2-e222cb1bc351|127.0.0.1:15039, e114cbd1-8f45-4cc5-a8b1-e2bd6cad48a0|127.0.0.1:15047] with ContainerStateMachine:uninitialized
2025-09-13 17:31:22,466 [e114cbd1-8f45-4cc5-a8b1-e2bd6cad48a0-groupManagement] INFO  server.RaftServer$Division (ServerState.java:<init>(114)) - e114cbd1-8f45-4cc5-a8b1-e2bd6cad48a0@group-853F78DB4750: ConfigurationManager, init=conf: {index: -1, cur=peers:[d3aade32-661d-499d-9068-ea1550ed8656|127.0.0.1:15055, beda0dcb-37da-4cca-bea2-e222cb1bc351|127.0.0.1:15039, e114cbd1-8f45-4cc5-a8b1-e2bd6cad48a0|127.0.0.1:15047]|listeners:[], old=null}, confs=<EMPTY_MAP>
2025-09-13 17:31:22,471 [e114cbd1-8f45-4cc5-a8b1-e2bd6cad48a0-groupManagement] INFO  storage.RaftStorageDirectory (RaftStorageDirectoryImpl.java:analyzeStorage(138)) - The storage directory /home/runner/work/ozone/ozone/hadoop-ozone/integration-test/target/test-dir/MiniOzoneClusterImpl-1331a795-ed08-415d-924a-7661a5cf51a5/ozone-metadata/datanode-5/ratis/79b5a704-a3b5-4a89-89e6-853f78db4750 does not exist. Creating ...
2025-09-13 17:31:22,473 [e114cbd1-8f45-4cc5-a8b1-e2bd6cad48a0-groupManagement] INFO  storage.RaftStorageDirectory (RaftStorageDirectoryImpl.java:tryLock(229)) - Lock on /home/runner/work/ozone/ozone/hadoop-ozone/integration-test/target/test-dir/MiniOzoneClusterImpl-1331a795-ed08-415d-924a-7661a5cf51a5/ozone-metadata/datanode-5/ratis/79b5a704-a3b5-4a89-89e6-853f78db4750/in_use.lock acquired by nodename 22846@localhost
2025-09-13 17:31:22,474 [e114cbd1-8f45-4cc5-a8b1-e2bd6cad48a0-groupManagement] INFO  storage.RaftStorage (RaftStorageImpl.java:format(98)) - Storage directory /home/runner/work/ozone/ozone/hadoop-ozone/integration-test/target/test-dir/MiniOzoneClusterImpl-1331a795-ed08-415d-924a-7661a5cf51a5/ozone-metadata/datanode-5/ratis/79b5a704-a3b5-4a89-89e6-853f78db4750 has been successfully formatted.
2025-09-13 17:31:22,475 [e114cbd1-8f45-4cc5-a8b1-e2bd6cad48a0-groupManagement] INFO  ratis.ContainerStateMachine (ContainerStateMachine.java:initialize(339)) - e114cbd1-8f45-4cc5-a8b1-e2bd6cad48a0: initialize group-853F78DB4750
2025-09-13 17:31:22,475 [e114cbd1-8f45-4cc5-a8b1-e2bd6cad48a0-groupManagement] INFO  ratis.ContainerStateMachine (ContainerStateMachine.java:loadSnapshot(347)) - group-853F78DB4750: The snapshot info is null. Setting the last applied index to:<INITIAL_VALUE>
2025-09-13 17:31:22,475 [e114cbd1-8f45-4cc5-a8b1-e2bd6cad48a0-groupManagement] INFO  server.RaftServerConfigKeys (ConfUtils.java:logGet(62)) - raft.server.log.appender.buffer.byte-limit = 33554432 (custom)
2025-09-13 17:31:22,478 [EventQueue-PipelineReportForOneReplicaPipelineSafeModeRule] INFO  safemode.SCMSafeModeManager (SCMSafeModeManager.java:validateSafeModeExitRules(138)) - AtleastOneDatanodeReportedRule rule is successfully validated
2025-09-13 17:31:22,479 [e114cbd1-8f45-4cc5-a8b1-e2bd6cad48a0-groupManagement] INFO  server.RaftServerConfigKeys (ConfUtils.java:logGet(62)) - raft.server.log.segment.size.max = 67108864 (custom)
2025-09-13 17:31:22,481 [e114cbd1-8f45-4cc5-a8b1-e2bd6cad48a0-groupManagement] INFO  server.RaftServerConfigKeys (ConfUtils.java:logGet(62)) - raft.server.log.appender.buffer.byte-limit = 33554432 (custom)
2025-09-13 17:31:22,482 [e114cbd1-8f45-4cc5-a8b1-e2bd6cad48a0-groupManagement] INFO  util.AwaitToRun (AwaitToRun.java:start(81)) - Thread[#1192,e114cbd1-8f45-4cc5-a8b1-e2bd6cad48a0@group-853F78DB4750-cacheEviction-AwaitToRun,5,main] started
2025-09-13 17:31:22,482 [e114cbd1-8f45-4cc5-a8b1-e2bd6cad48a0-groupManagement] INFO  segmented.SegmentedRaftLogWorker (SegmentedRaftLogWorker.java:<init>(190)) - new e114cbd1-8f45-4cc5-a8b1-e2bd6cad48a0@group-853F78DB4750-SegmentedRaftLogWorker for RaftStorageImpl:Storage Directory /home/runner/work/ozone/ozone/hadoop-ozone/integration-test/target/test-dir/MiniOzoneClusterImpl-1331a795-ed08-415d-924a-7661a5cf51a5/ozone-metadata/datanode-5/ratis/79b5a704-a3b5-4a89-89e6-853f78db4750
2025-09-13 17:31:22,482 [e114cbd1-8f45-4cc5-a8b1-e2bd6cad48a0-groupManagement] INFO  server.RaftServerConfigKeys (ConfUtils.java:logGet(62)) - raft.server.log.queue.byte-limit = 4294967296 (custom)
2025-09-13 17:31:22,482 [e114cbd1-8f45-4cc5-a8b1-e2bd6cad48a0-groupManagement] INFO  server.RaftServerConfigKeys (ConfUtils.java:logGet(62)) - raft.server.log.segment.size.max = 67108864 (custom)
2025-09-13 17:31:22,483 [e114cbd1-8f45-4cc5-a8b1-e2bd6cad48a0-groupManagement] INFO  server.RaftServerConfigKeys (ConfUtils.java:logGet(62)) - raft.server.log.preallocated.size = 4194304 (custom)
2025-09-13 17:31:22,483 [e114cbd1-8f45-4cc5-a8b1-e2bd6cad48a0-groupManagement] INFO  server.RaftServerConfigKeys (ConfUtils.java:logGet(62)) - raft.server.log.write.buffer.size = 33554440 (custom)
2025-09-13 17:31:22,489 [e114cbd1-8f45-4cc5-a8b1-e2bd6cad48a0-groupManagement] INFO  server.RaftServerConfigKeys (ConfUtils.java:logGet(62)) - raft.server.log.appender.buffer.byte-limit = 33554432 (custom)
2025-09-13 17:31:22,490 [e114cbd1-8f45-4cc5-a8b1-e2bd6cad48a0-groupManagement] INFO  segmented.SegmentedRaftLogWorker (SegmentedRaftLogWorker.java:lambda$new$0(141)) - e114cbd1-8f45-4cc5-a8b1-e2bd6cad48a0@group-853F78DB4750-SegmentedRaftLogWorker: flushIndex: setUnconditionally 0 -> -1
2025-09-13 17:31:22,490 [e114cbd1-8f45-4cc5-a8b1-e2bd6cad48a0-groupManagement] INFO  segmented.SegmentedRaftLogWorker (SegmentedRaftLogWorker.java:lambda$new$0(141)) - e114cbd1-8f45-4cc5-a8b1-e2bd6cad48a0@group-853F78DB4750-SegmentedRaftLogWorker: safeCacheEvictIndex: setUnconditionally 0 -> -1
2025-09-13 17:31:22,490 [e114cbd1-8f45-4cc5-a8b1-e2bd6cad48a0-groupManagement] INFO  server.RaftServer$Division (RaftServerImpl.java:start(405)) - e114cbd1-8f45-4cc5-a8b1-e2bd6cad48a0@group-853F78DB4750: start as a follower, conf=conf: {index: -1, cur=peers:[d3aade32-661d-499d-9068-ea1550ed8656|127.0.0.1:15055, beda0dcb-37da-4cca-bea2-e222cb1bc351|127.0.0.1:15039, e114cbd1-8f45-4cc5-a8b1-e2bd6cad48a0|127.0.0.1:15047]|listeners:[], old=null}
2025-09-13 17:31:22,490 [e114cbd1-8f45-4cc5-a8b1-e2bd6cad48a0-groupManagement] INFO  server.RaftServer$Division (RaftServerImpl.java:setRole(392)) - e114cbd1-8f45-4cc5-a8b1-e2bd6cad48a0@group-853F78DB4750: changes role from      null to FOLLOWER at term 0 for startAsFollower
2025-09-13 17:31:22,491 [e114cbd1-8f45-4cc5-a8b1-e2bd6cad48a0-groupManagement] INFO  impl.RoleInfo (RoleInfo.java:updateAndGet(148)) - e114cbd1-8f45-4cc5-a8b1-e2bd6cad48a0: start e114cbd1-8f45-4cc5-a8b1-e2bd6cad48a0@group-853F78DB4750-FollowerState
2025-09-13 17:31:22,491 [e114cbd1-8f45-4cc5-a8b1-e2bd6cad48a0-groupManagement] INFO  util.JmxRegister (JmxRegister.java:tryRegister(44)) - Successfully registered JMX Bean with object name Ratis:service=RaftServer,group=group-853F78DB4750,id=e114cbd1-8f45-4cc5-a8b1-e2bd6cad48a0
2025-09-13 17:31:22,491 [e114cbd1-8f45-4cc5-a8b1-e2bd6cad48a0-groupManagement] INFO  util.JmxRegister (JmxRegister.java:register(58)) - register mxBean class org.apache.ratis.server.impl.RaftServerJmxAdapter as Ratis:service=RaftServer,group=group-853F78DB4750,id=e114cbd1-8f45-4cc5-a8b1-e2bd6cad48a0
2025-09-13 17:31:22,493 [e114cbd1-8f45-4cc5-a8b1-e2bd6cad48a0-groupManagement] INFO  server.RaftServer$Division (RaftServerImpl.java:start(419)) - e114cbd1-8f45-4cc5-a8b1-e2bd6cad48a0@group-853F78DB4750: Successfully started.
2025-09-13 17:31:22,493 [e114cbd1-8f45-4cc5-a8b1-e2bd6cad48a0-CreatePipelineCommandHandlerThread-0] INFO  ratis.XceiverServerRatis (XceiverServerRatis.java:addGroup(831)) - Created group Pipeline-79b5a704-a3b5-4a89-89e6-853f78db4750
2025-09-13 17:31:22,604 [9e23e878-9bb3-42b5-8b94-e0e229812e65-CreatePipelineCommandHandlerThread-0] INFO  server.RaftServer (RaftServerProxy.java:addNew(105)) - 9e23e878-9bb3-42b5-8b94-e0e229812e65: addNew group-833CC251C4C4:[9e23e878-9bb3-42b5-8b94-e0e229812e65|127.0.0.1:15023] returns group-833CC251C4C4:java.util.concurrent.CompletableFuture@57d07b7d[Not completed]
2025-09-13 17:31:22,605 [9e23e878-9bb3-42b5-8b94-e0e229812e65-groupManagement] INFO  server.RaftServer$Division (RaftServerImpl.java:<init>(268)) - 9e23e878-9bb3-42b5-8b94-e0e229812e65: new RaftServerImpl for group-833CC251C4C4:[9e23e878-9bb3-42b5-8b94-e0e229812e65|127.0.0.1:15023] with ContainerStateMachine:uninitialized
2025-09-13 17:31:22,605 [9e23e878-9bb3-42b5-8b94-e0e229812e65-groupManagement] INFO  server.RaftServer$Division (ServerState.java:<init>(114)) - 9e23e878-9bb3-42b5-8b94-e0e229812e65@group-833CC251C4C4: ConfigurationManager, init=conf: {index: -1, cur=peers:[9e23e878-9bb3-42b5-8b94-e0e229812e65|127.0.0.1:15023]|listeners:[], old=null}, confs=<EMPTY_MAP>
2025-09-13 17:31:22,613 [9e23e878-9bb3-42b5-8b94-e0e229812e65-groupManagement] INFO  server.RaftServerConfigKeys (ConfUtils.java:logGet(62)) - raft.server.storage.dir = [/home/runner/work/ozone/ozone/hadoop-ozone/integration-test/target/test-dir/MiniOzoneClusterImpl-1331a795-ed08-415d-924a-7661a5cf51a5/ozone-metadata/datanode-2/ratis] (custom)
2025-09-13 17:31:22,613 [9e23e878-9bb3-42b5-8b94-e0e229812e65-groupManagement] INFO  storage.RaftStorageDirectory (RaftStorageDirectoryImpl.java:analyzeStorage(138)) - The storage directory /home/runner/work/ozone/ozone/hadoop-ozone/integration-test/target/test-dir/MiniOzoneClusterImpl-1331a795-ed08-415d-924a-7661a5cf51a5/ozone-metadata/datanode-2/ratis/54881f30-52cb-4c23-b1bd-833cc251c4c4 does not exist. Creating ...
2025-09-13 17:31:22,618 [9e23e878-9bb3-42b5-8b94-e0e229812e65-groupManagement] INFO  storage.RaftStorageDirectory (RaftStorageDirectoryImpl.java:tryLock(229)) - Lock on /home/runner/work/ozone/ozone/hadoop-ozone/integration-test/target/test-dir/MiniOzoneClusterImpl-1331a795-ed08-415d-924a-7661a5cf51a5/ozone-metadata/datanode-2/ratis/54881f30-52cb-4c23-b1bd-833cc251c4c4/in_use.lock acquired by nodename 22846@localhost
2025-09-13 17:31:22,619 [9e23e878-9bb3-42b5-8b94-e0e229812e65-groupManagement] INFO  storage.RaftStorage (RaftStorageImpl.java:format(98)) - Storage directory /home/runner/work/ozone/ozone/hadoop-ozone/integration-test/target/test-dir/MiniOzoneClusterImpl-1331a795-ed08-415d-924a-7661a5cf51a5/ozone-metadata/datanode-2/ratis/54881f30-52cb-4c23-b1bd-833cc251c4c4 has been successfully formatted.
2025-09-13 17:31:22,620 [9e23e878-9bb3-42b5-8b94-e0e229812e65-groupManagement] INFO  ratis.ContainerStateMachine (ContainerStateMachine.java:initialize(339)) - 9e23e878-9bb3-42b5-8b94-e0e229812e65: initialize group-833CC251C4C4
2025-09-13 17:31:22,620 [9e23e878-9bb3-42b5-8b94-e0e229812e65-groupManagement] INFO  ratis.ContainerStateMachine (ContainerStateMachine.java:loadSnapshot(347)) - group-833CC251C4C4: The snapshot info is null. Setting the last applied index to:<INITIAL_VALUE>
2025-09-13 17:31:22,620 [9e23e878-9bb3-42b5-8b94-e0e229812e65-groupManagement] INFO  server.RaftServerConfigKeys (ConfUtils.java:logGet(62)) - raft.server.log.appender.buffer.byte-limit = 33554432 (custom)
2025-09-13 17:31:22,627 [EventQueue-PipelineReportForOneReplicaPipelineSafeModeRule] INFO  safemode.SCMSafeModeManager (SCMSafeModeManager.java:validateSafeModeExitRules(138)) - AtleastOneDatanodeReportedRule rule is successfully validated
2025-09-13 17:31:22,628 [9e23e878-9bb3-42b5-8b94-e0e229812e65-groupManagement] INFO  server.RaftServerConfigKeys (ConfUtils.java:logGet(62)) - raft.server.log.segment.size.max = 67108864 (custom)
2025-09-13 17:31:22,628 [9e23e878-9bb3-42b5-8b94-e0e229812e65-groupManagement] INFO  server.RaftServerConfigKeys (ConfUtils.java:logGet(62)) - raft.server.log.appender.buffer.byte-limit = 33554432 (custom)
2025-09-13 17:31:22,630 [22454e81-7bda-41d4-8b71-c0b680f2e12d@group-7661A5CF51A5-StateMachineUpdater] INFO  safemode.SCMSafeModeManager (SCMSafeModeManager.java:validateSafeModeExitRules(138)) - DataNodeSafeModeRule rule is successfully validated
2025-09-13 17:31:22,630 [22454e81-7bda-41d4-8b71-c0b680f2e12d@group-7661A5CF51A5-StateMachineUpdater] INFO  safemode.SCMSafeModeManager (SCMSafeModeManager.java:validateSafeModeExitRules(138)) - RatisContainerSafeModeRule rule is successfully validated
2025-09-13 17:31:22,630 [22454e81-7bda-41d4-8b71-c0b680f2e12d@group-7661A5CF51A5-StateMachineUpdater] INFO  safemode.HealthyPipelineSafeModeRule (HealthyPipelineSafeModeRule.java:initializeRule(228)) - Refreshed total pipeline count is 0, healthy pipeline threshold count is 1
2025-09-13 17:31:22,630 [22454e81-7bda-41d4-8b71-c0b680f2e12d@group-7661A5CF51A5-StateMachineUpdater] INFO  safemode.SCMSafeModeManager (SCMSafeModeManager.java:validateSafeModeExitRules(138)) - ECContainerSafeModeRule rule is successfully validated
2025-09-13 17:31:22,630 [22454e81-7bda-41d4-8b71-c0b680f2e12d@group-7661A5CF51A5-StateMachineUpdater] INFO  safemode.SCMSafeModeManager (SCMSafeModeManager.java:validateSafeModeExitRules(138)) - AtleastOneDatanodeReportedRule rule is successfully validated
2025-09-13 17:31:22,631 [9e23e878-9bb3-42b5-8b94-e0e229812e65-groupManagement] INFO  util.AwaitToRun (AwaitToRun.java:start(81)) - Thread[#1204,9e23e878-9bb3-42b5-8b94-e0e229812e65@group-833CC251C4C4-cacheEviction-AwaitToRun,5,main] started
2025-09-13 17:31:22,631 [EventQueue-PipelineReportForPipelineReportHandler] INFO  pipeline.PipelineReportHandler (PipelineReportHandler.java:processPipelineReport(132)) - Opened pipeline Pipeline-54881f30-52cb-4c23-b1bd-833cc251c4c4
2025-09-13 17:31:22,631 [9e23e878-9bb3-42b5-8b94-e0e229812e65-groupManagement] INFO  segmented.SegmentedRaftLogWorker (SegmentedRaftLogWorker.java:<init>(190)) - new 9e23e878-9bb3-42b5-8b94-e0e229812e65@group-833CC251C4C4-SegmentedRaftLogWorker for RaftStorageImpl:Storage Directory /home/runner/work/ozone/ozone/hadoop-ozone/integration-test/target/test-dir/MiniOzoneClusterImpl-1331a795-ed08-415d-924a-7661a5cf51a5/ozone-metadata/datanode-2/ratis/54881f30-52cb-4c23-b1bd-833cc251c4c4
2025-09-13 17:31:22,631 [9e23e878-9bb3-42b5-8b94-e0e229812e65-groupManagement] INFO  server.RaftServerConfigKeys (ConfUtils.java:logGet(62)) - raft.server.log.queue.byte-limit = 4294967296 (custom)
2025-09-13 17:31:22,631 [9e23e878-9bb3-42b5-8b94-e0e229812e65-groupManagement] INFO  server.RaftServerConfigKeys (ConfUtils.java:logGet(62)) - raft.server.log.segment.size.max = 67108864 (custom)
2025-09-13 17:31:22,632 [9e23e878-9bb3-42b5-8b94-e0e229812e65-groupManagement] INFO  server.RaftServerConfigKeys (ConfUtils.java:logGet(62)) - raft.server.log.preallocated.size = 4194304 (custom)
2025-09-13 17:31:22,632 [9e23e878-9bb3-42b5-8b94-e0e229812e65-groupManagement] INFO  server.RaftServerConfigKeys (ConfUtils.java:logGet(62)) - raft.server.log.write.buffer.size = 33554440 (custom)
2025-09-13 17:31:22,639 [9e23e878-9bb3-42b5-8b94-e0e229812e65-groupManagement] INFO  server.RaftServerConfigKeys (ConfUtils.java:logGet(62)) - raft.server.log.appender.buffer.byte-limit = 33554432 (custom)
2025-09-13 17:31:22,639 [9e23e878-9bb3-42b5-8b94-e0e229812e65-groupManagement] INFO  segmented.SegmentedRaftLogWorker (SegmentedRaftLogWorker.java:lambda$new$0(141)) - 9e23e878-9bb3-42b5-8b94-e0e229812e65@group-833CC251C4C4-SegmentedRaftLogWorker: flushIndex: setUnconditionally 0 -> -1
2025-09-13 17:31:22,639 [9e23e878-9bb3-42b5-8b94-e0e229812e65-groupManagement] INFO  segmented.SegmentedRaftLogWorker (SegmentedRaftLogWorker.java:lambda$new$0(141)) - 9e23e878-9bb3-42b5-8b94-e0e229812e65@group-833CC251C4C4-SegmentedRaftLogWorker: safeCacheEvictIndex: setUnconditionally 0 -> -1
2025-09-13 17:31:22,640 [9e23e878-9bb3-42b5-8b94-e0e229812e65-groupManagement] INFO  server.RaftServer$Division (RaftServerImpl.java:start(405)) - 9e23e878-9bb3-42b5-8b94-e0e229812e65@group-833CC251C4C4: start as a follower, conf=conf: {index: -1, cur=peers:[9e23e878-9bb3-42b5-8b94-e0e229812e65|127.0.0.1:15023]|listeners:[], old=null}
2025-09-13 17:31:22,641 [9e23e878-9bb3-42b5-8b94-e0e229812e65-groupManagement] INFO  server.RaftServer$Division (RaftServerImpl.java:setRole(392)) - 9e23e878-9bb3-42b5-8b94-e0e229812e65@group-833CC251C4C4: changes role from      null to FOLLOWER at term 0 for startAsFollower
2025-09-13 17:31:22,641 [9e23e878-9bb3-42b5-8b94-e0e229812e65-groupManagement] INFO  impl.RoleInfo (RoleInfo.java:updateAndGet(148)) - 9e23e878-9bb3-42b5-8b94-e0e229812e65: start 9e23e878-9bb3-42b5-8b94-e0e229812e65@group-833CC251C4C4-FollowerState
2025-09-13 17:31:22,641 [9e23e878-9bb3-42b5-8b94-e0e229812e65-groupManagement] INFO  util.JmxRegister (JmxRegister.java:tryRegister(44)) - Successfully registered JMX Bean with object name Ratis:service=RaftServer,group=group-833CC251C4C4,id=9e23e878-9bb3-42b5-8b94-e0e229812e65
2025-09-13 17:31:22,641 [9e23e878-9bb3-42b5-8b94-e0e229812e65-groupManagement] INFO  util.JmxRegister (JmxRegister.java:register(58)) - register mxBean class org.apache.ratis.server.impl.RaftServerJmxAdapter as Ratis:service=RaftServer,group=group-833CC251C4C4,id=9e23e878-9bb3-42b5-8b94-e0e229812e65
2025-09-13 17:31:22,643 [9e23e878-9bb3-42b5-8b94-e0e229812e65-groupManagement] INFO  server.RaftServer$Division (RaftServerImpl.java:start(419)) - 9e23e878-9bb3-42b5-8b94-e0e229812e65@group-833CC251C4C4: Successfully started.
2025-09-13 17:31:22,643 [9e23e878-9bb3-42b5-8b94-e0e229812e65-CreatePipelineCommandHandlerThread-0] INFO  ratis.XceiverServerRatis (XceiverServerRatis.java:addGroup(831)) - Created group Pipeline-54881f30-52cb-4c23-b1bd-833cc251c4c4
2025-09-13 17:31:22,643 [9e23e878-9bb3-42b5-8b94-e0e229812e65-CreatePipelineCommandHandlerThread-0] INFO  commandhandler.CreatePipelineCommandHandler (CreatePipelineCommandHandler.java:lambda$handle$2(141)) - Created Pipeline RATIS ONE Pipeline-54881f30-52cb-4c23-b1bd-833cc251c4c4.
2025-09-13 17:31:22,644 [9e23e878-9bb3-42b5-8b94-e0e229812e65-CreatePipelineCommandHandlerThread-0] INFO  server.RaftServer (RaftServerProxy.java:addNew(105)) - 9e23e878-9bb3-42b5-8b94-e0e229812e65: addNew group-D5D0288CE997:[9e23e878-9bb3-42b5-8b94-e0e229812e65|127.0.0.1:15023, 13facd30-3950-4310-8b1a-93d004abbbdd|127.0.0.1:15031, 36d876fb-a458-4393-963b-58eeedb8ba95|127.0.0.1:15015] returns group-D5D0288CE997:java.util.concurrent.CompletableFuture@1bd7beb0[Not completed]
2025-09-13 17:31:22,646 [9e23e878-9bb3-42b5-8b94-e0e229812e65-groupManagement] INFO  server.RaftServer$Division (RaftServerImpl.java:<init>(268)) - 9e23e878-9bb3-42b5-8b94-e0e229812e65: new RaftServerImpl for group-D5D0288CE997:[9e23e878-9bb3-42b5-8b94-e0e229812e65|127.0.0.1:15023, 13facd30-3950-4310-8b1a-93d004abbbdd|127.0.0.1:15031, 36d876fb-a458-4393-963b-58eeedb8ba95|127.0.0.1:15015] with ContainerStateMachine:uninitialized
2025-09-13 17:31:22,646 [9e23e878-9bb3-42b5-8b94-e0e229812e65-groupManagement] INFO  server.RaftServer$Division (ServerState.java:<init>(114)) - 9e23e878-9bb3-42b5-8b94-e0e229812e65@group-D5D0288CE997: ConfigurationManager, init=conf: {index: -1, cur=peers:[9e23e878-9bb3-42b5-8b94-e0e229812e65|127.0.0.1:15023, 13facd30-3950-4310-8b1a-93d004abbbdd|127.0.0.1:15031, 36d876fb-a458-4393-963b-58eeedb8ba95|127.0.0.1:15015]|listeners:[], old=null}, confs=<EMPTY_MAP>
2025-09-13 17:31:22,666 [9e23e878-9bb3-42b5-8b94-e0e229812e65-groupManagement] INFO  storage.RaftStorageDirectory (RaftStorageDirectoryImpl.java:analyzeStorage(138)) - The storage directory /home/runner/work/ozone/ozone/hadoop-ozone/integration-test/target/test-dir/MiniOzoneClusterImpl-1331a795-ed08-415d-924a-7661a5cf51a5/ozone-metadata/datanode-2/ratis/71f8f458-3dd2-4722-a002-d5d0288ce997 does not exist. Creating ...
2025-09-13 17:31:22,670 [9e23e878-9bb3-42b5-8b94-e0e229812e65-groupManagement] INFO  storage.RaftStorageDirectory (RaftStorageDirectoryImpl.java:tryLock(229)) - Lock on /home/runner/work/ozone/ozone/hadoop-ozone/integration-test/target/test-dir/MiniOzoneClusterImpl-1331a795-ed08-415d-924a-7661a5cf51a5/ozone-metadata/datanode-2/ratis/71f8f458-3dd2-4722-a002-d5d0288ce997/in_use.lock acquired by nodename 22846@localhost
2025-09-13 17:31:22,672 [9e23e878-9bb3-42b5-8b94-e0e229812e65-groupManagement] INFO  storage.RaftStorage (RaftStorageImpl.java:format(98)) - Storage directory /home/runner/work/ozone/ozone/hadoop-ozone/integration-test/target/test-dir/MiniOzoneClusterImpl-1331a795-ed08-415d-924a-7661a5cf51a5/ozone-metadata/datanode-2/ratis/71f8f458-3dd2-4722-a002-d5d0288ce997 has been successfully formatted.
2025-09-13 17:31:22,672 [9e23e878-9bb3-42b5-8b94-e0e229812e65-groupManagement] INFO  ratis.ContainerStateMachine (ContainerStateMachine.java:initialize(339)) - 9e23e878-9bb3-42b5-8b94-e0e229812e65: initialize group-D5D0288CE997
2025-09-13 17:31:22,672 [9e23e878-9bb3-42b5-8b94-e0e229812e65-groupManagement] INFO  ratis.ContainerStateMachine (ContainerStateMachine.java:loadSnapshot(347)) - group-D5D0288CE997: The snapshot info is null. Setting the last applied index to:<INITIAL_VALUE>
2025-09-13 17:31:22,673 [9e23e878-9bb3-42b5-8b94-e0e229812e65-groupManagement] INFO  server.RaftServerConfigKeys (ConfUtils.java:logGet(62)) - raft.server.log.appender.buffer.byte-limit = 33554432 (custom)
2025-09-13 17:31:22,680 [9e23e878-9bb3-42b5-8b94-e0e229812e65-groupManagement] INFO  server.RaftServerConfigKeys (ConfUtils.java:logGet(62)) - raft.server.log.segment.size.max = 67108864 (custom)
2025-09-13 17:31:22,680 [EventQueue-PipelineReportForOneReplicaPipelineSafeModeRule] INFO  safemode.SCMSafeModeManager (SCMSafeModeManager.java:validateSafeModeExitRules(138)) - AtleastOneDatanodeReportedRule rule is successfully validated
2025-09-13 17:31:22,680 [9e23e878-9bb3-42b5-8b94-e0e229812e65-groupManagement] INFO  server.RaftServerConfigKeys (ConfUtils.java:logGet(62)) - raft.server.log.appender.buffer.byte-limit = 33554432 (custom)
2025-09-13 17:31:22,681 [9e23e878-9bb3-42b5-8b94-e0e229812e65-groupManagement] INFO  util.AwaitToRun (AwaitToRun.java:start(81)) - Thread[#1208,9e23e878-9bb3-42b5-8b94-e0e229812e65@group-D5D0288CE997-cacheEviction-AwaitToRun,5,main] started
2025-09-13 17:31:22,681 [9e23e878-9bb3-42b5-8b94-e0e229812e65-groupManagement] INFO  segmented.SegmentedRaftLogWorker (SegmentedRaftLogWorker.java:<init>(190)) - new 9e23e878-9bb3-42b5-8b94-e0e229812e65@group-D5D0288CE997-SegmentedRaftLogWorker for RaftStorageImpl:Storage Directory /home/runner/work/ozone/ozone/hadoop-ozone/integration-test/target/test-dir/MiniOzoneClusterImpl-1331a795-ed08-415d-924a-7661a5cf51a5/ozone-metadata/datanode-2/ratis/71f8f458-3dd2-4722-a002-d5d0288ce997
2025-09-13 17:31:22,681 [9e23e878-9bb3-42b5-8b94-e0e229812e65-groupManagement] INFO  server.RaftServerConfigKeys (ConfUtils.java:logGet(62)) - raft.server.log.queue.byte-limit = 4294967296 (custom)
2025-09-13 17:31:22,681 [9e23e878-9bb3-42b5-8b94-e0e229812e65-groupManagement] INFO  server.RaftServerConfigKeys (ConfUtils.java:logGet(62)) - raft.server.log.segment.size.max = 67108864 (custom)
2025-09-13 17:31:22,681 [9e23e878-9bb3-42b5-8b94-e0e229812e65-groupManagement] INFO  server.RaftServerConfigKeys (ConfUtils.java:logGet(62)) - raft.server.log.preallocated.size = 4194304 (custom)
2025-09-13 17:31:22,682 [9e23e878-9bb3-42b5-8b94-e0e229812e65-groupManagement] INFO  server.RaftServerConfigKeys (ConfUtils.java:logGet(62)) - raft.server.log.write.buffer.size = 33554440 (custom)
2025-09-13 17:31:22,689 [9e23e878-9bb3-42b5-8b94-e0e229812e65-groupManagement] INFO  server.RaftServerConfigKeys (ConfUtils.java:logGet(62)) - raft.server.log.appender.buffer.byte-limit = 33554432 (custom)
2025-09-13 17:31:22,689 [9e23e878-9bb3-42b5-8b94-e0e229812e65-groupManagement] INFO  segmented.SegmentedRaftLogWorker (SegmentedRaftLogWorker.java:lambda$new$0(141)) - 9e23e878-9bb3-42b5-8b94-e0e229812e65@group-D5D0288CE997-SegmentedRaftLogWorker: flushIndex: setUnconditionally 0 -> -1
2025-09-13 17:31:22,689 [9e23e878-9bb3-42b5-8b94-e0e229812e65-groupManagement] INFO  segmented.SegmentedRaftLogWorker (SegmentedRaftLogWorker.java:lambda$new$0(141)) - 9e23e878-9bb3-42b5-8b94-e0e229812e65@group-D5D0288CE997-SegmentedRaftLogWorker: safeCacheEvictIndex: setUnconditionally 0 -> -1
2025-09-13 17:31:22,690 [9e23e878-9bb3-42b5-8b94-e0e229812e65-groupManagement] INFO  server.RaftServer$Division (RaftServerImpl.java:start(405)) - 9e23e878-9bb3-42b5-8b94-e0e229812e65@group-D5D0288CE997: start as a follower, conf=conf: {index: -1, cur=peers:[9e23e878-9bb3-42b5-8b94-e0e229812e65|127.0.0.1:15023, 13facd30-3950-4310-8b1a-93d004abbbdd|127.0.0.1:15031, 36d876fb-a458-4393-963b-58eeedb8ba95|127.0.0.1:15015]|listeners:[], old=null}
2025-09-13 17:31:22,690 [9e23e878-9bb3-42b5-8b94-e0e229812e65-groupManagement] INFO  server.RaftServer$Division (RaftServerImpl.java:setRole(392)) - 9e23e878-9bb3-42b5-8b94-e0e229812e65@group-D5D0288CE997: changes role from      null to FOLLOWER at term 0 for startAsFollower
2025-09-13 17:31:22,691 [9e23e878-9bb3-42b5-8b94-e0e229812e65-groupManagement] INFO  impl.RoleInfo (RoleInfo.java:updateAndGet(148)) - 9e23e878-9bb3-42b5-8b94-e0e229812e65: start 9e23e878-9bb3-42b5-8b94-e0e229812e65@group-D5D0288CE997-FollowerState
2025-09-13 17:31:22,691 [9e23e878-9bb3-42b5-8b94-e0e229812e65-groupManagement] INFO  util.JmxRegister (JmxRegister.java:tryRegister(44)) - Successfully registered JMX Bean with object name Ratis:service=RaftServer,group=group-D5D0288CE997,id=9e23e878-9bb3-42b5-8b94-e0e229812e65
2025-09-13 17:31:22,692 [9e23e878-9bb3-42b5-8b94-e0e229812e65-groupManagement] INFO  util.JmxRegister (JmxRegister.java:register(58)) - register mxBean class org.apache.ratis.server.impl.RaftServerJmxAdapter as Ratis:service=RaftServer,group=group-D5D0288CE997,id=9e23e878-9bb3-42b5-8b94-e0e229812e65
2025-09-13 17:31:22,693 [9e23e878-9bb3-42b5-8b94-e0e229812e65-groupManagement] INFO  server.RaftServer$Division (RaftServerImpl.java:start(419)) - 9e23e878-9bb3-42b5-8b94-e0e229812e65@group-D5D0288CE997: Successfully started.
2025-09-13 17:31:22,693 [9e23e878-9bb3-42b5-8b94-e0e229812e65-CreatePipelineCommandHandlerThread-0] INFO  ratis.XceiverServerRatis (XceiverServerRatis.java:addGroup(831)) - Created group Pipeline-71f8f458-3dd2-4722-a002-d5d0288ce997
2025-09-13 17:31:22,731 [grpc-default-executor-2] INFO  server.RaftServer (RaftServerProxy.java:addNew(105)) - 13facd30-3950-4310-8b1a-93d004abbbdd: addNew group-D5D0288CE997:[9e23e878-9bb3-42b5-8b94-e0e229812e65|127.0.0.1:15023, 13facd30-3950-4310-8b1a-93d004abbbdd|127.0.0.1:15031, 36d876fb-a458-4393-963b-58eeedb8ba95|127.0.0.1:15015] returns group-D5D0288CE997:java.util.concurrent.CompletableFuture@97acd0a[Not completed]
2025-09-13 17:31:22,732 [grpc-default-executor-0] WARN  server.GrpcAdminProtocolService (GrpcAdminProtocolService.java:lambda$groupManagement$1(53)) - Failed groupManagement: GROUPADD, GroupManagementRequest:client-DFE53A87D5AF->13facd30-3950-4310-8b1a-93d004abbbdd@group-D5D0288CE997, cid=1, seq=null, RW, null, Add:group-D5D0288CE997:[9e23e878-9bb3-42b5-8b94-e0e229812e65|127.0.0.1:15023, 13facd30-3950-4310-8b1a-93d004abbbdd|127.0.0.1:15031, 36d876fb-a458-4393-963b-58eeedb8ba95|127.0.0.1:15015]
java.util.concurrent.CompletionException: org.apache.ratis.protocol.exceptions.AlreadyExistsException: 13facd30-3950-4310-8b1a-93d004abbbdd: Failed to add group-D5D0288CE997:[9e23e878-9bb3-42b5-8b94-e0e229812e65|127.0.0.1:15023, 13facd30-3950-4310-8b1a-93d004abbbdd|127.0.0.1:15031, 36d876fb-a458-4393-963b-58eeedb8ba95|127.0.0.1:15015] since the group already exists in the map.
	at java.base/java.util.concurrent.CompletableFuture.encodeThrowable(CompletableFuture.java:332)
	at java.base/java.util.concurrent.CompletableFuture.uniApplyNow(CompletableFuture.java:674)
	at java.base/java.util.concurrent.CompletableFuture.uniApplyStage(CompletableFuture.java:662)
	at java.base/java.util.concurrent.CompletableFuture.thenApplyAsync(CompletableFuture.java:2210)
	at org.apache.ratis.server.impl.RaftServerProxy.groupAddAsync(RaftServerProxy.java:513)
	at org.apache.ratis.server.impl.RaftServerProxy.groupManagementAsync(RaftServerProxy.java:495)
	at org.apache.ratis.grpc.server.GrpcAdminProtocolService.lambda$groupManagement$0(GrpcAdminProtocolService.java:51)
	at org.apache.ratis.grpc.GrpcUtil.asyncCall(GrpcUtil.java:172)
	at org.apache.ratis.grpc.server.GrpcAdminProtocolService.groupManagement(GrpcAdminProtocolService.java:51)
	at org.apache.ratis.proto.grpc.AdminProtocolServiceGrpc$MethodHandlers.invoke(AdminProtocolServiceGrpc.java:701)
	at org.apache.ratis.thirdparty.io.grpc.stub.ServerCalls$UnaryServerCallHandler$UnaryServerCallListener.onHalfClose(ServerCalls.java:182)
	at org.apache.ratis.thirdparty.io.grpc.internal.ServerCallImpl$ServerStreamListenerImpl.halfClosed(ServerCallImpl.java:356)
	at org.apache.ratis.thirdparty.io.grpc.internal.ServerImpl$JumpToApplicationThreadServerStreamListener$1HalfClosed.runInContext(ServerImpl.java:861)
	at org.apache.ratis.thirdparty.io.grpc.internal.ContextRunnable.run(ContextRunnable.java:37)
	at org.apache.ratis.thirdparty.io.grpc.internal.SerializingExecutor.run(SerializingExecutor.java:133)
	at java.base/java.util.concurrent.ThreadPoolExecutor.runWorker(ThreadPoolExecutor.java:1144)
	at java.base/java.util.concurrent.ThreadPoolExecutor$Worker.run(ThreadPoolExecutor.java:642)
	at java.base/java.lang.Thread.run(Thread.java:1583)
Caused by: org.apache.ratis.protocol.exceptions.AlreadyExistsException: 13facd30-3950-4310-8b1a-93d004abbbdd: Failed to add group-D5D0288CE997:[9e23e878-9bb3-42b5-8b94-e0e229812e65|127.0.0.1:15023, 13facd30-3950-4310-8b1a-93d004abbbdd|127.0.0.1:15031, 36d876fb-a458-4393-963b-58eeedb8ba95|127.0.0.1:15015] since the group already exists in the map.
	at org.apache.ratis.server.impl.RaftServerProxy$ImplMap.addNew(RaftServerProxy.java:99)
	at org.apache.ratis.server.impl.RaftServerProxy.groupAddAsync(RaftServerProxy.java:512)
	... 13 more
2025-09-13 17:31:22,732 [grpc-default-executor-1] INFO  server.RaftServer (RaftServerProxy.java:addNew(105)) - d3aade32-661d-499d-9068-ea1550ed8656: addNew group-853F78DB4750:[d3aade32-661d-499d-9068-ea1550ed8656|127.0.0.1:15055, beda0dcb-37da-4cca-bea2-e222cb1bc351|127.0.0.1:15039, e114cbd1-8f45-4cc5-a8b1-e2bd6cad48a0|127.0.0.1:15047] returns group-853F78DB4750:java.util.concurrent.CompletableFuture@5c9ce65c[Not completed]
2025-09-13 17:31:22,735 [d3aade32-661d-499d-9068-ea1550ed8656-groupManagement] INFO  server.RaftServer$Division (RaftServerImpl.java:<init>(268)) - d3aade32-661d-499d-9068-ea1550ed8656: new RaftServerImpl for group-853F78DB4750:[d3aade32-661d-499d-9068-ea1550ed8656|127.0.0.1:15055, beda0dcb-37da-4cca-bea2-e222cb1bc351|127.0.0.1:15039, e114cbd1-8f45-4cc5-a8b1-e2bd6cad48a0|127.0.0.1:15047] with ContainerStateMachine:uninitialized
2025-09-13 17:31:22,737 [d3aade32-661d-499d-9068-ea1550ed8656-groupManagement] INFO  server.RaftServer$Division (ServerState.java:<init>(114)) - d3aade32-661d-499d-9068-ea1550ed8656@group-853F78DB4750: ConfigurationManager, init=conf: {index: -1, cur=peers:[d3aade32-661d-499d-9068-ea1550ed8656|127.0.0.1:15055, beda0dcb-37da-4cca-bea2-e222cb1bc351|127.0.0.1:15039, e114cbd1-8f45-4cc5-a8b1-e2bd6cad48a0|127.0.0.1:15047]|listeners:[], old=null}, confs=<EMPTY_MAP>
2025-09-13 17:31:22,736 [13facd30-3950-4310-8b1a-93d004abbbdd-groupManagement] INFO  server.RaftServer$Division (RaftServerImpl.java:<init>(268)) - 13facd30-3950-4310-8b1a-93d004abbbdd: new RaftServerImpl for group-D5D0288CE997:[9e23e878-9bb3-42b5-8b94-e0e229812e65|127.0.0.1:15023, 13facd30-3950-4310-8b1a-93d004abbbdd|127.0.0.1:15031, 36d876fb-a458-4393-963b-58eeedb8ba95|127.0.0.1:15015] with ContainerStateMachine:uninitialized
2025-09-13 17:31:22,737 [13facd30-3950-4310-8b1a-93d004abbbdd-groupManagement] INFO  server.RaftServer$Division (ServerState.java:<init>(114)) - 13facd30-3950-4310-8b1a-93d004abbbdd@group-D5D0288CE997: ConfigurationManager, init=conf: {index: -1, cur=peers:[9e23e878-9bb3-42b5-8b94-e0e229812e65|127.0.0.1:15023, 13facd30-3950-4310-8b1a-93d004abbbdd|127.0.0.1:15031, 36d876fb-a458-4393-963b-58eeedb8ba95|127.0.0.1:15015]|listeners:[], old=null}, confs=<EMPTY_MAP>
2025-09-13 17:31:22,753 [13facd30-3950-4310-8b1a-93d004abbbdd-groupManagement] INFO  server.RaftServerConfigKeys (ConfUtils.java:logGet(62)) - raft.server.storage.dir = [/home/runner/work/ozone/ozone/hadoop-ozone/integration-test/target/test-dir/MiniOzoneClusterImpl-1331a795-ed08-415d-924a-7661a5cf51a5/ozone-metadata/datanode-3/ratis] (custom)
2025-09-13 17:31:22,753 [13facd30-3950-4310-8b1a-93d004abbbdd-groupManagement] INFO  storage.RaftStorageDirectory (RaftStorageDirectoryImpl.java:analyzeStorage(138)) - The storage directory /home/runner/work/ozone/ozone/hadoop-ozone/integration-test/target/test-dir/MiniOzoneClusterImpl-1331a795-ed08-415d-924a-7661a5cf51a5/ozone-metadata/datanode-3/ratis/71f8f458-3dd2-4722-a002-d5d0288ce997 does not exist. Creating ...
2025-09-13 17:31:22,755 [d3aade32-661d-499d-9068-ea1550ed8656-groupManagement] INFO  server.RaftServerConfigKeys (ConfUtils.java:logGet(62)) - raft.server.storage.dir = [/home/runner/work/ozone/ozone/hadoop-ozone/integration-test/target/test-dir/MiniOzoneClusterImpl-1331a795-ed08-415d-924a-7661a5cf51a5/ozone-metadata/datanode-6/ratis] (custom)
2025-09-13 17:31:22,755 [d3aade32-661d-499d-9068-ea1550ed8656-groupManagement] INFO  storage.RaftStorageDirectory (RaftStorageDirectoryImpl.java:analyzeStorage(138)) - The storage directory /home/runner/work/ozone/ozone/hadoop-ozone/integration-test/target/test-dir/MiniOzoneClusterImpl-1331a795-ed08-415d-924a-7661a5cf51a5/ozone-metadata/datanode-6/ratis/79b5a704-a3b5-4a89-89e6-853f78db4750 does not exist. Creating ...
2025-09-13 17:31:22,758 [d3aade32-661d-499d-9068-ea1550ed8656-groupManagement] INFO  storage.RaftStorageDirectory (RaftStorageDirectoryImpl.java:tryLock(229)) - Lock on /home/runner/work/ozone/ozone/hadoop-ozone/integration-test/target/test-dir/MiniOzoneClusterImpl-1331a795-ed08-415d-924a-7661a5cf51a5/ozone-metadata/datanode-6/ratis/79b5a704-a3b5-4a89-89e6-853f78db4750/in_use.lock acquired by nodename 22846@localhost
2025-09-13 17:31:22,758 [13facd30-3950-4310-8b1a-93d004abbbdd-groupManagement] INFO  storage.RaftStorageDirectory (RaftStorageDirectoryImpl.java:tryLock(229)) - Lock on /home/runner/work/ozone/ozone/hadoop-ozone/integration-test/target/test-dir/MiniOzoneClusterImpl-1331a795-ed08-415d-924a-7661a5cf51a5/ozone-metadata/datanode-3/ratis/71f8f458-3dd2-4722-a002-d5d0288ce997/in_use.lock acquired by nodename 22846@localhost
2025-09-13 17:31:22,767 [13facd30-3950-4310-8b1a-93d004abbbdd-groupManagement] INFO  storage.RaftStorage (RaftStorageImpl.java:format(98)) - Storage directory /home/runner/work/ozone/ozone/hadoop-ozone/integration-test/target/test-dir/MiniOzoneClusterImpl-1331a795-ed08-415d-924a-7661a5cf51a5/ozone-metadata/datanode-3/ratis/71f8f458-3dd2-4722-a002-d5d0288ce997 has been successfully formatted.
2025-09-13 17:31:22,771 [13facd30-3950-4310-8b1a-93d004abbbdd-groupManagement] INFO  ratis.ContainerStateMachine (ContainerStateMachine.java:initialize(339)) - 13facd30-3950-4310-8b1a-93d004abbbdd: initialize group-D5D0288CE997
2025-09-13 17:31:22,771 [13facd30-3950-4310-8b1a-93d004abbbdd-groupManagement] INFO  ratis.ContainerStateMachine (ContainerStateMachine.java:loadSnapshot(347)) - group-D5D0288CE997: The snapshot info is null. Setting the last applied index to:<INITIAL_VALUE>
2025-09-13 17:31:22,771 [13facd30-3950-4310-8b1a-93d004abbbdd-groupManagement] INFO  server.RaftServerConfigKeys (ConfUtils.java:logGet(62)) - raft.server.log.appender.buffer.byte-limit = 33554432 (custom)
2025-09-13 17:31:22,767 [d3aade32-661d-499d-9068-ea1550ed8656-groupManagement] INFO  storage.RaftStorage (RaftStorageImpl.java:format(98)) - Storage directory /home/runner/work/ozone/ozone/hadoop-ozone/integration-test/target/test-dir/MiniOzoneClusterImpl-1331a795-ed08-415d-924a-7661a5cf51a5/ozone-metadata/datanode-6/ratis/79b5a704-a3b5-4a89-89e6-853f78db4750 has been successfully formatted.
2025-09-13 17:31:22,772 [d3aade32-661d-499d-9068-ea1550ed8656-groupManagement] INFO  ratis.ContainerStateMachine (ContainerStateMachine.java:initialize(339)) - d3aade32-661d-499d-9068-ea1550ed8656: initialize group-853F78DB4750
2025-09-13 17:31:22,773 [d3aade32-661d-499d-9068-ea1550ed8656-groupManagement] INFO  ratis.ContainerStateMachine (ContainerStateMachine.java:loadSnapshot(347)) - group-853F78DB4750: The snapshot info is null. Setting the last applied index to:<INITIAL_VALUE>
2025-09-13 17:31:22,773 [d3aade32-661d-499d-9068-ea1550ed8656-groupManagement] INFO  server.RaftServerConfigKeys (ConfUtils.java:logGet(62)) - raft.server.log.appender.buffer.byte-limit = 33554432 (custom)
2025-09-13 17:31:22,777 [EventQueue-PipelineReportForOneReplicaPipelineSafeModeRule] INFO  safemode.SCMSafeModeManager (SCMSafeModeManager.java:validateSafeModeExitRules(138)) - AtleastOneDatanodeReportedRule rule is successfully validated
2025-09-13 17:31:22,780 [EventQueue-PipelineReportForOneReplicaPipelineSafeModeRule] INFO  safemode.SCMSafeModeManager (SCMSafeModeManager.java:validateSafeModeExitRules(138)) - AtleastOneDatanodeReportedRule rule is successfully validated
2025-09-13 17:31:22,780 [d3aade32-661d-499d-9068-ea1550ed8656-groupManagement] INFO  server.RaftServerConfigKeys (ConfUtils.java:logGet(62)) - raft.server.log.segment.size.max = 67108864 (custom)
2025-09-13 17:31:22,781 [d3aade32-661d-499d-9068-ea1550ed8656-groupManagement] INFO  server.RaftServerConfigKeys (ConfUtils.java:logGet(62)) - raft.server.log.appender.buffer.byte-limit = 33554432 (custom)
2025-09-13 17:31:22,782 [13facd30-3950-4310-8b1a-93d004abbbdd-groupManagement] INFO  server.RaftServerConfigKeys (ConfUtils.java:logGet(62)) - raft.server.log.segment.size.max = 67108864 (custom)
2025-09-13 17:31:22,785 [13facd30-3950-4310-8b1a-93d004abbbdd-groupManagement] INFO  server.RaftServerConfigKeys (ConfUtils.java:logGet(62)) - raft.server.log.appender.buffer.byte-limit = 33554432 (custom)
2025-09-13 17:31:22,785 [d3aade32-661d-499d-9068-ea1550ed8656-groupManagement] INFO  util.AwaitToRun (AwaitToRun.java:start(81)) - Thread[#1215,d3aade32-661d-499d-9068-ea1550ed8656@group-853F78DB4750-cacheEviction-AwaitToRun,5,main] started
2025-09-13 17:31:22,785 [d3aade32-661d-499d-9068-ea1550ed8656-groupManagement] INFO  segmented.SegmentedRaftLogWorker (SegmentedRaftLogWorker.java:<init>(190)) - new d3aade32-661d-499d-9068-ea1550ed8656@group-853F78DB4750-SegmentedRaftLogWorker for RaftStorageImpl:Storage Directory /home/runner/work/ozone/ozone/hadoop-ozone/integration-test/target/test-dir/MiniOzoneClusterImpl-1331a795-ed08-415d-924a-7661a5cf51a5/ozone-metadata/datanode-6/ratis/79b5a704-a3b5-4a89-89e6-853f78db4750
2025-09-13 17:31:22,785 [d3aade32-661d-499d-9068-ea1550ed8656-groupManagement] INFO  server.RaftServerConfigKeys (ConfUtils.java:logGet(62)) - raft.server.log.queue.byte-limit = 4294967296 (custom)
2025-09-13 17:31:22,785 [d3aade32-661d-499d-9068-ea1550ed8656-groupManagement] INFO  server.RaftServerConfigKeys (ConfUtils.java:logGet(62)) - raft.server.log.segment.size.max = 67108864 (custom)
2025-09-13 17:31:22,785 [d3aade32-661d-499d-9068-ea1550ed8656-groupManagement] INFO  server.RaftServerConfigKeys (ConfUtils.java:logGet(62)) - raft.server.log.preallocated.size = 4194304 (custom)
2025-09-13 17:31:22,786 [d3aade32-661d-499d-9068-ea1550ed8656-groupManagement] INFO  server.RaftServerConfigKeys (ConfUtils.java:logGet(62)) - raft.server.log.write.buffer.size = 33554440 (custom)
2025-09-13 17:31:22,787 [13facd30-3950-4310-8b1a-93d004abbbdd-groupManagement] INFO  util.AwaitToRun (AwaitToRun.java:start(81)) - Thread[#1216,13facd30-3950-4310-8b1a-93d004abbbdd@group-D5D0288CE997-cacheEviction-AwaitToRun,5,main] started
2025-09-13 17:31:22,787 [13facd30-3950-4310-8b1a-93d004abbbdd-groupManagement] INFO  segmented.SegmentedRaftLogWorker (SegmentedRaftLogWorker.java:<init>(190)) - new 13facd30-3950-4310-8b1a-93d004abbbdd@group-D5D0288CE997-SegmentedRaftLogWorker for RaftStorageImpl:Storage Directory /home/runner/work/ozone/ozone/hadoop-ozone/integration-test/target/test-dir/MiniOzoneClusterImpl-1331a795-ed08-415d-924a-7661a5cf51a5/ozone-metadata/datanode-3/ratis/71f8f458-3dd2-4722-a002-d5d0288ce997
2025-09-13 17:31:22,787 [13facd30-3950-4310-8b1a-93d004abbbdd-groupManagement] INFO  server.RaftServerConfigKeys (ConfUtils.java:logGet(62)) - raft.server.log.queue.byte-limit = 4294967296 (custom)
2025-09-13 17:31:22,787 [13facd30-3950-4310-8b1a-93d004abbbdd-groupManagement] INFO  server.RaftServerConfigKeys (ConfUtils.java:logGet(62)) - raft.server.log.segment.size.max = 67108864 (custom)
2025-09-13 17:31:22,787 [13facd30-3950-4310-8b1a-93d004abbbdd-groupManagement] INFO  server.RaftServerConfigKeys (ConfUtils.java:logGet(62)) - raft.server.log.preallocated.size = 4194304 (custom)
2025-09-13 17:31:22,789 [13facd30-3950-4310-8b1a-93d004abbbdd-groupManagement] INFO  server.RaftServerConfigKeys (ConfUtils.java:logGet(62)) - raft.server.log.write.buffer.size = 33554440 (custom)
2025-09-13 17:31:22,795 [13facd30-3950-4310-8b1a-93d004abbbdd-groupManagement] INFO  server.RaftServerConfigKeys (ConfUtils.java:logGet(62)) - raft.server.log.appender.buffer.byte-limit = 33554432 (custom)
2025-09-13 17:31:22,796 [13facd30-3950-4310-8b1a-93d004abbbdd-groupManagement] INFO  segmented.SegmentedRaftLogWorker (SegmentedRaftLogWorker.java:lambda$new$0(141)) - 13facd30-3950-4310-8b1a-93d004abbbdd@group-D5D0288CE997-SegmentedRaftLogWorker: flushIndex: setUnconditionally 0 -> -1
2025-09-13 17:31:22,796 [13facd30-3950-4310-8b1a-93d004abbbdd-groupManagement] INFO  segmented.SegmentedRaftLogWorker (SegmentedRaftLogWorker.java:lambda$new$0(141)) - 13facd30-3950-4310-8b1a-93d004abbbdd@group-D5D0288CE997-SegmentedRaftLogWorker: safeCacheEvictIndex: setUnconditionally 0 -> -1
2025-09-13 17:31:22,796 [13facd30-3950-4310-8b1a-93d004abbbdd-groupManagement] INFO  server.RaftServer$Division (RaftServerImpl.java:start(405)) - 13facd30-3950-4310-8b1a-93d004abbbdd@group-D5D0288CE997: start as a follower, conf=conf: {index: -1, cur=peers:[9e23e878-9bb3-42b5-8b94-e0e229812e65|127.0.0.1:15023, 13facd30-3950-4310-8b1a-93d004abbbdd|127.0.0.1:15031, 36d876fb-a458-4393-963b-58eeedb8ba95|127.0.0.1:15015]|listeners:[], old=null}
2025-09-13 17:31:22,796 [13facd30-3950-4310-8b1a-93d004abbbdd-groupManagement] INFO  server.RaftServer$Division (RaftServerImpl.java:setRole(392)) - 13facd30-3950-4310-8b1a-93d004abbbdd@group-D5D0288CE997: changes role from      null to FOLLOWER at term 0 for startAsFollower
2025-09-13 17:31:22,796 [13facd30-3950-4310-8b1a-93d004abbbdd-groupManagement] INFO  impl.RoleInfo (RoleInfo.java:updateAndGet(148)) - 13facd30-3950-4310-8b1a-93d004abbbdd: start 13facd30-3950-4310-8b1a-93d004abbbdd@group-D5D0288CE997-FollowerState
2025-09-13 17:31:22,797 [13facd30-3950-4310-8b1a-93d004abbbdd-groupManagement] INFO  util.JmxRegister (JmxRegister.java:tryRegister(44)) - Successfully registered JMX Bean with object name Ratis:service=RaftServer,group=group-D5D0288CE997,id=13facd30-3950-4310-8b1a-93d004abbbdd
2025-09-13 17:31:22,797 [d3aade32-661d-499d-9068-ea1550ed8656-groupManagement] INFO  server.RaftServerConfigKeys (ConfUtils.java:logGet(62)) - raft.server.log.appender.buffer.byte-limit = 33554432 (custom)
2025-09-13 17:31:22,797 [13facd30-3950-4310-8b1a-93d004abbbdd-groupManagement] INFO  util.JmxRegister (JmxRegister.java:register(58)) - register mxBean class org.apache.ratis.server.impl.RaftServerJmxAdapter as Ratis:service=RaftServer,group=group-D5D0288CE997,id=13facd30-3950-4310-8b1a-93d004abbbdd
2025-09-13 17:31:22,797 [d3aade32-661d-499d-9068-ea1550ed8656-groupManagement] INFO  segmented.SegmentedRaftLogWorker (SegmentedRaftLogWorker.java:lambda$new$0(141)) - d3aade32-661d-499d-9068-ea1550ed8656@group-853F78DB4750-SegmentedRaftLogWorker: flushIndex: setUnconditionally 0 -> -1
2025-09-13 17:31:22,797 [d3aade32-661d-499d-9068-ea1550ed8656-groupManagement] INFO  segmented.SegmentedRaftLogWorker (SegmentedRaftLogWorker.java:lambda$new$0(141)) - d3aade32-661d-499d-9068-ea1550ed8656@group-853F78DB4750-SegmentedRaftLogWorker: safeCacheEvictIndex: setUnconditionally 0 -> -1
2025-09-13 17:31:22,798 [d3aade32-661d-499d-9068-ea1550ed8656-groupManagement] INFO  server.RaftServer$Division (RaftServerImpl.java:start(405)) - d3aade32-661d-499d-9068-ea1550ed8656@group-853F78DB4750: start as a follower, conf=conf: {index: -1, cur=peers:[d3aade32-661d-499d-9068-ea1550ed8656|127.0.0.1:15055, beda0dcb-37da-4cca-bea2-e222cb1bc351|127.0.0.1:15039, e114cbd1-8f45-4cc5-a8b1-e2bd6cad48a0|127.0.0.1:15047]|listeners:[], old=null}
2025-09-13 17:31:22,799 [d3aade32-661d-499d-9068-ea1550ed8656-groupManagement] INFO  server.RaftServer$Division (RaftServerImpl.java:setRole(392)) - d3aade32-661d-499d-9068-ea1550ed8656@group-853F78DB4750: changes role from      null to FOLLOWER at term 0 for startAsFollower
2025-09-13 17:31:22,799 [d3aade32-661d-499d-9068-ea1550ed8656-groupManagement] INFO  impl.RoleInfo (RoleInfo.java:updateAndGet(148)) - d3aade32-661d-499d-9068-ea1550ed8656: start d3aade32-661d-499d-9068-ea1550ed8656@group-853F78DB4750-FollowerState
2025-09-13 17:31:22,800 [13facd30-3950-4310-8b1a-93d004abbbdd-groupManagement] INFO  server.RaftServer$Division (RaftServerImpl.java:start(419)) - 13facd30-3950-4310-8b1a-93d004abbbdd@group-D5D0288CE997: Successfully started.
2025-09-13 17:31:22,804 [d3aade32-661d-499d-9068-ea1550ed8656-groupManagement] INFO  util.JmxRegister (JmxRegister.java:tryRegister(44)) - Successfully registered JMX Bean with object name Ratis:service=RaftServer,group=group-853F78DB4750,id=d3aade32-661d-499d-9068-ea1550ed8656
2025-09-13 17:31:22,804 [d3aade32-661d-499d-9068-ea1550ed8656-groupManagement] INFO  util.JmxRegister (JmxRegister.java:register(58)) - register mxBean class org.apache.ratis.server.impl.RaftServerJmxAdapter as Ratis:service=RaftServer,group=group-853F78DB4750,id=d3aade32-661d-499d-9068-ea1550ed8656
2025-09-13 17:31:22,806 [d3aade32-661d-499d-9068-ea1550ed8656-groupManagement] INFO  server.RaftServer$Division (RaftServerImpl.java:start(419)) - d3aade32-661d-499d-9068-ea1550ed8656@group-853F78DB4750: Successfully started.
2025-09-13 17:31:22,829 [grpc-default-executor-0] WARN  server.GrpcAdminProtocolService (GrpcAdminProtocolService.java:lambda$groupManagement$1(53)) - Failed groupManagement: GROUPADD, GroupManagementRequest:client-4D09F94F1CB4->9e23e878-9bb3-42b5-8b94-e0e229812e65@group-D5D0288CE997, cid=4, seq=null, RW, null, Add:group-D5D0288CE997:[9e23e878-9bb3-42b5-8b94-e0e229812e65|127.0.0.1:15023, 13facd30-3950-4310-8b1a-93d004abbbdd|127.0.0.1:15031, 36d876fb-a458-4393-963b-58eeedb8ba95|127.0.0.1:15015]
java.util.concurrent.CompletionException: org.apache.ratis.protocol.exceptions.AlreadyExistsException: 9e23e878-9bb3-42b5-8b94-e0e229812e65: Failed to add group-D5D0288CE997:[9e23e878-9bb3-42b5-8b94-e0e229812e65|127.0.0.1:15023, 13facd30-3950-4310-8b1a-93d004abbbdd|127.0.0.1:15031, 36d876fb-a458-4393-963b-58eeedb8ba95|127.0.0.1:15015] since the group already exists in the map.
	at java.base/java.util.concurrent.CompletableFuture.encodeThrowable(CompletableFuture.java:332)
	at java.base/java.util.concurrent.CompletableFuture.uniApplyNow(CompletableFuture.java:674)
	at java.base/java.util.concurrent.CompletableFuture.uniApplyStage(CompletableFuture.java:662)
	at java.base/java.util.concurrent.CompletableFuture.thenApplyAsync(CompletableFuture.java:2210)
	at org.apache.ratis.server.impl.RaftServerProxy.groupAddAsync(RaftServerProxy.java:513)
	at org.apache.ratis.server.impl.RaftServerProxy.groupManagementAsync(RaftServerProxy.java:495)
	at org.apache.ratis.grpc.server.GrpcAdminProtocolService.lambda$groupManagement$0(GrpcAdminProtocolService.java:51)
	at org.apache.ratis.grpc.GrpcUtil.asyncCall(GrpcUtil.java:172)
	at org.apache.ratis.grpc.server.GrpcAdminProtocolService.groupManagement(GrpcAdminProtocolService.java:51)
	at org.apache.ratis.proto.grpc.AdminProtocolServiceGrpc$MethodHandlers.invoke(AdminProtocolServiceGrpc.java:701)
	at org.apache.ratis.thirdparty.io.grpc.stub.ServerCalls$UnaryServerCallHandler$UnaryServerCallListener.onHalfClose(ServerCalls.java:182)
	at org.apache.ratis.thirdparty.io.grpc.internal.ServerCallImpl$ServerStreamListenerImpl.halfClosed(ServerCallImpl.java:356)
	at org.apache.ratis.thirdparty.io.grpc.internal.ServerImpl$JumpToApplicationThreadServerStreamListener$1HalfClosed.runInContext(ServerImpl.java:861)
	at org.apache.ratis.thirdparty.io.grpc.internal.ContextRunnable.run(ContextRunnable.java:37)
	at org.apache.ratis.thirdparty.io.grpc.internal.SerializingExecutor.run(SerializingExecutor.java:133)
	at java.base/java.util.concurrent.ThreadPoolExecutor.runWorker(ThreadPoolExecutor.java:1144)
	at java.base/java.util.concurrent.ThreadPoolExecutor$Worker.run(ThreadPoolExecutor.java:642)
	at java.base/java.lang.Thread.run(Thread.java:1583)
Caused by: org.apache.ratis.protocol.exceptions.AlreadyExistsException: 9e23e878-9bb3-42b5-8b94-e0e229812e65: Failed to add group-D5D0288CE997:[9e23e878-9bb3-42b5-8b94-e0e229812e65|127.0.0.1:15023, 13facd30-3950-4310-8b1a-93d004abbbdd|127.0.0.1:15031, 36d876fb-a458-4393-963b-58eeedb8ba95|127.0.0.1:15015] since the group already exists in the map.
	at org.apache.ratis.server.impl.RaftServerProxy$ImplMap.addNew(RaftServerProxy.java:99)
	at org.apache.ratis.server.impl.RaftServerProxy.groupAddAsync(RaftServerProxy.java:512)
	... 13 more
2025-09-13 17:31:22,841 [36d876fb-a458-4393-963b-58eeedb8ba95-CreatePipelineCommandHandlerThread-0] INFO  commandhandler.CreatePipelineCommandHandler (CreatePipelineCommandHandler.java:lambda$handle$2(141)) - Created Pipeline RATIS THREE Pipeline-71f8f458-3dd2-4722-a002-d5d0288ce997.
2025-09-13 17:31:22,842 [36d876fb-a458-4393-963b-58eeedb8ba95-CreatePipelineCommandHandlerThread-0] INFO  server.RaftServer (RaftServerProxy.java:addNew(105)) - 36d876fb-a458-4393-963b-58eeedb8ba95: addNew group-CF05563D4821:[9e23e878-9bb3-42b5-8b94-e0e229812e65|127.0.0.1:15023, 13facd30-3950-4310-8b1a-93d004abbbdd|127.0.0.1:15031, 36d876fb-a458-4393-963b-58eeedb8ba95|127.0.0.1:15015] returns group-CF05563D4821:java.util.concurrent.CompletableFuture@1824432[Not completed]
2025-09-13 17:31:22,843 [grpc-default-executor-0] INFO  server.RaftServer (RaftServerProxy.java:addNew(105)) - beda0dcb-37da-4cca-bea2-e222cb1bc351: addNew group-853F78DB4750:[d3aade32-661d-499d-9068-ea1550ed8656|127.0.0.1:15055, beda0dcb-37da-4cca-bea2-e222cb1bc351|127.0.0.1:15039, e114cbd1-8f45-4cc5-a8b1-e2bd6cad48a0|127.0.0.1:15047] returns group-853F78DB4750:java.util.concurrent.CompletableFuture@38cd0c12[Not completed]
2025-09-13 17:31:22,844 [13facd30-3950-4310-8b1a-93d004abbbdd-CreatePipelineCommandHandlerThread-0] INFO  server.RaftServer (RaftServerProxy.java:addNew(105)) - 13facd30-3950-4310-8b1a-93d004abbbdd: addNew group-C6159B6E7E4C:[13facd30-3950-4310-8b1a-93d004abbbdd|127.0.0.1:15031] returns group-C6159B6E7E4C:java.util.concurrent.CompletableFuture@1bc193d2[Not completed]
2025-09-13 17:31:22,848 [grpc-default-executor-0] WARN  server.GrpcAdminProtocolService (GrpcAdminProtocolService.java:lambda$groupManagement$1(53)) - Failed groupManagement: GROUPADD, GroupManagementRequest:client-22046D2AD1ED->36d876fb-a458-4393-963b-58eeedb8ba95@group-D5D0288CE997, cid=6, seq=null, RW, null, Add:group-D5D0288CE997:[9e23e878-9bb3-42b5-8b94-e0e229812e65|127.0.0.1:15023, 13facd30-3950-4310-8b1a-93d004abbbdd|127.0.0.1:15031, 36d876fb-a458-4393-963b-58eeedb8ba95|127.0.0.1:15015]
java.util.concurrent.CompletionException: org.apache.ratis.protocol.exceptions.AlreadyExistsException: 36d876fb-a458-4393-963b-58eeedb8ba95: Failed to add group-D5D0288CE997:[9e23e878-9bb3-42b5-8b94-e0e229812e65|127.0.0.1:15023, 13facd30-3950-4310-8b1a-93d004abbbdd|127.0.0.1:15031, 36d876fb-a458-4393-963b-58eeedb8ba95|127.0.0.1:15015] since the group already exists in the map.
	at java.base/java.util.concurrent.CompletableFuture.encodeThrowable(CompletableFuture.java:332)
	at java.base/java.util.concurrent.CompletableFuture.uniApplyNow(CompletableFuture.java:674)
	at java.base/java.util.concurrent.CompletableFuture.uniApplyStage(CompletableFuture.java:662)
	at java.base/java.util.concurrent.CompletableFuture.thenApplyAsync(CompletableFuture.java:2210)
	at org.apache.ratis.server.impl.RaftServerProxy.groupAddAsync(RaftServerProxy.java:513)
	at org.apache.ratis.server.impl.RaftServerProxy.groupManagementAsync(RaftServerProxy.java:495)
	at org.apache.ratis.grpc.server.GrpcAdminProtocolService.lambda$groupManagement$0(GrpcAdminProtocolService.java:51)
	at org.apache.ratis.grpc.GrpcUtil.asyncCall(GrpcUtil.java:172)
	at org.apache.ratis.grpc.server.GrpcAdminProtocolService.groupManagement(GrpcAdminProtocolService.java:51)
	at org.apache.ratis.proto.grpc.AdminProtocolServiceGrpc$MethodHandlers.invoke(AdminProtocolServiceGrpc.java:701)
	at org.apache.ratis.thirdparty.io.grpc.stub.ServerCalls$UnaryServerCallHandler$UnaryServerCallListener.onHalfClose(ServerCalls.java:182)
	at org.apache.ratis.thirdparty.io.grpc.internal.ServerCallImpl$ServerStreamListenerImpl.halfClosed(ServerCallImpl.java:356)
	at org.apache.ratis.thirdparty.io.grpc.internal.ServerImpl$JumpToApplicationThreadServerStreamListener$1HalfClosed.runInContext(ServerImpl.java:861)
	at org.apache.ratis.thirdparty.io.grpc.internal.ContextRunnable.run(ContextRunnable.java:37)
	at org.apache.ratis.thirdparty.io.grpc.internal.SerializingExecutor.run(SerializingExecutor.java:133)
	at java.base/java.util.concurrent.ThreadPoolExecutor.runWorker(ThreadPoolExecutor.java:1144)
	at java.base/java.util.concurrent.ThreadPoolExecutor$Worker.run(ThreadPoolExecutor.java:642)
	at java.base/java.lang.Thread.run(Thread.java:1583)
Caused by: org.apache.ratis.protocol.exceptions.AlreadyExistsException: 36d876fb-a458-4393-963b-58eeedb8ba95: Failed to add group-D5D0288CE997:[9e23e878-9bb3-42b5-8b94-e0e229812e65|127.0.0.1:15023, 13facd30-3950-4310-8b1a-93d004abbbdd|127.0.0.1:15031, 36d876fb-a458-4393-963b-58eeedb8ba95|127.0.0.1:15015] since the group already exists in the map.
	at org.apache.ratis.server.impl.RaftServerProxy$ImplMap.addNew(RaftServerProxy.java:99)
	at org.apache.ratis.server.impl.RaftServerProxy.groupAddAsync(RaftServerProxy.java:512)
	... 13 more
2025-09-13 17:31:22,850 [13facd30-3950-4310-8b1a-93d004abbbdd-groupManagement] INFO  server.RaftServer$Division (RaftServerImpl.java:<init>(268)) - 13facd30-3950-4310-8b1a-93d004abbbdd: new RaftServerImpl for group-C6159B6E7E4C:[13facd30-3950-4310-8b1a-93d004abbbdd|127.0.0.1:15031] with ContainerStateMachine:uninitialized
2025-09-13 17:31:22,850 [beda0dcb-37da-4cca-bea2-e222cb1bc351-groupManagement] INFO  server.RaftServer$Division (RaftServerImpl.java:<init>(268)) - beda0dcb-37da-4cca-bea2-e222cb1bc351: new RaftServerImpl for group-853F78DB4750:[d3aade32-661d-499d-9068-ea1550ed8656|127.0.0.1:15055, beda0dcb-37da-4cca-bea2-e222cb1bc351|127.0.0.1:15039, e114cbd1-8f45-4cc5-a8b1-e2bd6cad48a0|127.0.0.1:15047] with ContainerStateMachine:uninitialized
2025-09-13 17:31:22,850 [beda0dcb-37da-4cca-bea2-e222cb1bc351-groupManagement] INFO  server.RaftServer$Division (ServerState.java:<init>(114)) - beda0dcb-37da-4cca-bea2-e222cb1bc351@group-853F78DB4750: ConfigurationManager, init=conf: {index: -1, cur=peers:[d3aade32-661d-499d-9068-ea1550ed8656|127.0.0.1:15055, beda0dcb-37da-4cca-bea2-e222cb1bc351|127.0.0.1:15039, e114cbd1-8f45-4cc5-a8b1-e2bd6cad48a0|127.0.0.1:15047]|listeners:[], old=null}, confs=<EMPTY_MAP>
2025-09-13 17:31:22,851 [36d876fb-a458-4393-963b-58eeedb8ba95-groupManagement] INFO  server.RaftServer$Division (RaftServerImpl.java:<init>(268)) - 36d876fb-a458-4393-963b-58eeedb8ba95: new RaftServerImpl for group-CF05563D4821:[9e23e878-9bb3-42b5-8b94-e0e229812e65|127.0.0.1:15023, 13facd30-3950-4310-8b1a-93d004abbbdd|127.0.0.1:15031, 36d876fb-a458-4393-963b-58eeedb8ba95|127.0.0.1:15015] with ContainerStateMachine:uninitialized
2025-09-13 17:31:22,851 [36d876fb-a458-4393-963b-58eeedb8ba95-groupManagement] INFO  server.RaftServer$Division (ServerState.java:<init>(114)) - 36d876fb-a458-4393-963b-58eeedb8ba95@group-CF05563D4821: ConfigurationManager, init=conf: {index: -1, cur=peers:[9e23e878-9bb3-42b5-8b94-e0e229812e65|127.0.0.1:15023, 13facd30-3950-4310-8b1a-93d004abbbdd|127.0.0.1:15031, 36d876fb-a458-4393-963b-58eeedb8ba95|127.0.0.1:15015]|listeners:[], old=null}, confs=<EMPTY_MAP>
2025-09-13 17:31:22,850 [13facd30-3950-4310-8b1a-93d004abbbdd-groupManagement] INFO  server.RaftServer$Division (ServerState.java:<init>(114)) - 13facd30-3950-4310-8b1a-93d004abbbdd@group-C6159B6E7E4C: ConfigurationManager, init=conf: {index: -1, cur=peers:[13facd30-3950-4310-8b1a-93d004abbbdd|127.0.0.1:15031]|listeners:[], old=null}, confs=<EMPTY_MAP>
2025-09-13 17:31:22,861 [9e23e878-9bb3-42b5-8b94-e0e229812e65-CreatePipelineCommandHandlerThread-0] INFO  commandhandler.CreatePipelineCommandHandler (CreatePipelineCommandHandler.java:lambda$handle$2(141)) - Created Pipeline RATIS THREE Pipeline-71f8f458-3dd2-4722-a002-d5d0288ce997.
2025-09-13 17:31:22,862 [9e23e878-9bb3-42b5-8b94-e0e229812e65-CreatePipelineCommandHandlerThread-0] INFO  server.RaftServer (RaftServerProxy.java:addNew(105)) - 9e23e878-9bb3-42b5-8b94-e0e229812e65: addNew group-CF05563D4821:[9e23e878-9bb3-42b5-8b94-e0e229812e65|127.0.0.1:15023, 13facd30-3950-4310-8b1a-93d004abbbdd|127.0.0.1:15031, 36d876fb-a458-4393-963b-58eeedb8ba95|127.0.0.1:15015] returns group-CF05563D4821:java.util.concurrent.CompletableFuture@59dd41a8[Not completed]
2025-09-13 17:31:22,864 [9e23e878-9bb3-42b5-8b94-e0e229812e65-groupManagement] INFO  server.RaftServer$Division (RaftServerImpl.java:<init>(268)) - 9e23e878-9bb3-42b5-8b94-e0e229812e65: new RaftServerImpl for group-CF05563D4821:[9e23e878-9bb3-42b5-8b94-e0e229812e65|127.0.0.1:15023, 13facd30-3950-4310-8b1a-93d004abbbdd|127.0.0.1:15031, 36d876fb-a458-4393-963b-58eeedb8ba95|127.0.0.1:15015] with ContainerStateMachine:uninitialized
2025-09-13 17:31:22,866 [9e23e878-9bb3-42b5-8b94-e0e229812e65-groupManagement] INFO  server.RaftServer$Division (ServerState.java:<init>(114)) - 9e23e878-9bb3-42b5-8b94-e0e229812e65@group-CF05563D4821: ConfigurationManager, init=conf: {index: -1, cur=peers:[9e23e878-9bb3-42b5-8b94-e0e229812e65|127.0.0.1:15023, 13facd30-3950-4310-8b1a-93d004abbbdd|127.0.0.1:15031, 36d876fb-a458-4393-963b-58eeedb8ba95|127.0.0.1:15015]|listeners:[], old=null}, confs=<EMPTY_MAP>
2025-09-13 17:31:22,880 [13facd30-3950-4310-8b1a-93d004abbbdd-groupManagement] INFO  server.RaftServerConfigKeys (ConfUtils.java:logGet(62)) - raft.server.storage.dir = [/home/runner/work/ozone/ozone/hadoop-ozone/integration-test/target/test-dir/MiniOzoneClusterImpl-1331a795-ed08-415d-924a-7661a5cf51a5/ozone-metadata/datanode-3/ratis] (custom)
2025-09-13 17:31:22,880 [36d876fb-a458-4393-963b-58eeedb8ba95-groupManagement] INFO  server.RaftServerConfigKeys (ConfUtils.java:logGet(62)) - raft.server.storage.dir = [/home/runner/work/ozone/ozone/hadoop-ozone/integration-test/target/test-dir/MiniOzoneClusterImpl-1331a795-ed08-415d-924a-7661a5cf51a5/ozone-metadata/datanode-1/ratis] (custom)
2025-09-13 17:31:22,881 [36d876fb-a458-4393-963b-58eeedb8ba95-groupManagement] INFO  storage.RaftStorageDirectory (RaftStorageDirectoryImpl.java:analyzeStorage(138)) - The storage directory /home/runner/work/ozone/ozone/hadoop-ozone/integration-test/target/test-dir/MiniOzoneClusterImpl-1331a795-ed08-415d-924a-7661a5cf51a5/ozone-metadata/datanode-1/ratis/59c25a4c-b008-4c23-bf2e-cf05563d4821 does not exist. Creating ...
2025-09-13 17:31:22,881 [13facd30-3950-4310-8b1a-93d004abbbdd-groupManagement] INFO  storage.RaftStorageDirectory (RaftStorageDirectoryImpl.java:analyzeStorage(138)) - The storage directory /home/runner/work/ozone/ozone/hadoop-ozone/integration-test/target/test-dir/MiniOzoneClusterImpl-1331a795-ed08-415d-924a-7661a5cf51a5/ozone-metadata/datanode-3/ratis/f7fa2a76-8c89-4e33-b3f9-c6159b6e7e4c does not exist. Creating ...
2025-09-13 17:31:22,883 [36d876fb-a458-4393-963b-58eeedb8ba95-groupManagement] INFO  storage.RaftStorageDirectory (RaftStorageDirectoryImpl.java:tryLock(229)) - Lock on /home/runner/work/ozone/ozone/hadoop-ozone/integration-test/target/test-dir/MiniOzoneClusterImpl-1331a795-ed08-415d-924a-7661a5cf51a5/ozone-metadata/datanode-1/ratis/59c25a4c-b008-4c23-bf2e-cf05563d4821/in_use.lock acquired by nodename 22846@localhost
2025-09-13 17:31:22,883 [13facd30-3950-4310-8b1a-93d004abbbdd-groupManagement] INFO  storage.RaftStorageDirectory (RaftStorageDirectoryImpl.java:tryLock(229)) - Lock on /home/runner/work/ozone/ozone/hadoop-ozone/integration-test/target/test-dir/MiniOzoneClusterImpl-1331a795-ed08-415d-924a-7661a5cf51a5/ozone-metadata/datanode-3/ratis/f7fa2a76-8c89-4e33-b3f9-c6159b6e7e4c/in_use.lock acquired by nodename 22846@localhost
2025-09-13 17:31:22,885 [36d876fb-a458-4393-963b-58eeedb8ba95-groupManagement] INFO  storage.RaftStorage (RaftStorageImpl.java:format(98)) - Storage directory /home/runner/work/ozone/ozone/hadoop-ozone/integration-test/target/test-dir/MiniOzoneClusterImpl-1331a795-ed08-415d-924a-7661a5cf51a5/ozone-metadata/datanode-1/ratis/59c25a4c-b008-4c23-bf2e-cf05563d4821 has been successfully formatted.
2025-09-13 17:31:22,885 [13facd30-3950-4310-8b1a-93d004abbbdd-groupManagement] INFO  storage.RaftStorage (RaftStorageImpl.java:format(98)) - Storage directory /home/runner/work/ozone/ozone/hadoop-ozone/integration-test/target/test-dir/MiniOzoneClusterImpl-1331a795-ed08-415d-924a-7661a5cf51a5/ozone-metadata/datanode-3/ratis/f7fa2a76-8c89-4e33-b3f9-c6159b6e7e4c has been successfully formatted.
2025-09-13 17:31:22,886 [36d876fb-a458-4393-963b-58eeedb8ba95-groupManagement] INFO  ratis.ContainerStateMachine (ContainerStateMachine.java:initialize(339)) - 36d876fb-a458-4393-963b-58eeedb8ba95: initialize group-CF05563D4821
2025-09-13 17:31:22,886 [9e23e878-9bb3-42b5-8b94-e0e229812e65-groupManagement] INFO  server.RaftServerConfigKeys (ConfUtils.java:logGet(62)) - raft.server.storage.dir = [/home/runner/work/ozone/ozone/hadoop-ozone/integration-test/target/test-dir/MiniOzoneClusterImpl-1331a795-ed08-415d-924a-7661a5cf51a5/ozone-metadata/datanode-2/ratis] (custom)
2025-09-13 17:31:22,886 [beda0dcb-37da-4cca-bea2-e222cb1bc351-groupManagement] INFO  server.RaftServerConfigKeys (ConfUtils.java:logGet(62)) - raft.server.storage.dir = [/home/runner/work/ozone/ozone/hadoop-ozone/integration-test/target/test-dir/MiniOzoneClusterImpl-1331a795-ed08-415d-924a-7661a5cf51a5/ozone-metadata/datanode-4/ratis] (custom)
2025-09-13 17:31:22,887 [beda0dcb-37da-4cca-bea2-e222cb1bc351-groupManagement] INFO  storage.RaftStorageDirectory (RaftStorageDirectoryImpl.java:analyzeStorage(138)) - The storage directory /home/runner/work/ozone/ozone/hadoop-ozone/integration-test/target/test-dir/MiniOzoneClusterImpl-1331a795-ed08-415d-924a-7661a5cf51a5/ozone-metadata/datanode-4/ratis/79b5a704-a3b5-4a89-89e6-853f78db4750 does not exist. Creating ...
2025-09-13 17:31:22,886 [13facd30-3950-4310-8b1a-93d004abbbdd-groupManagement] INFO  ratis.ContainerStateMachine (ContainerStateMachine.java:initialize(339)) - 13facd30-3950-4310-8b1a-93d004abbbdd: initialize group-C6159B6E7E4C
2025-09-13 17:31:22,887 [9e23e878-9bb3-42b5-8b94-e0e229812e65-groupManagement] INFO  storage.RaftStorageDirectory (RaftStorageDirectoryImpl.java:analyzeStorage(138)) - The storage directory /home/runner/work/ozone/ozone/hadoop-ozone/integration-test/target/test-dir/MiniOzoneClusterImpl-1331a795-ed08-415d-924a-7661a5cf51a5/ozone-metadata/datanode-2/ratis/59c25a4c-b008-4c23-bf2e-cf05563d4821 does not exist. Creating ...
2025-09-13 17:31:22,886 [36d876fb-a458-4393-963b-58eeedb8ba95-groupManagement] INFO  ratis.ContainerStateMachine (ContainerStateMachine.java:loadSnapshot(347)) - group-CF05563D4821: The snapshot info is null. Setting the last applied index to:<INITIAL_VALUE>
2025-09-13 17:31:22,887 [36d876fb-a458-4393-963b-58eeedb8ba95-groupManagement] INFO  server.RaftServerConfigKeys (ConfUtils.java:logGet(62)) - raft.server.log.appender.buffer.byte-limit = 33554432 (custom)
2025-09-13 17:31:22,889 [13facd30-3950-4310-8b1a-93d004abbbdd-groupManagement] INFO  ratis.ContainerStateMachine (ContainerStateMachine.java:loadSnapshot(347)) - group-C6159B6E7E4C: The snapshot info is null. Setting the last applied index to:<INITIAL_VALUE>
2025-09-13 17:31:22,889 [beda0dcb-37da-4cca-bea2-e222cb1bc351-groupManagement] INFO  storage.RaftStorageDirectory (RaftStorageDirectoryImpl.java:tryLock(229)) - Lock on /home/runner/work/ozone/ozone/hadoop-ozone/integration-test/target/test-dir/MiniOzoneClusterImpl-1331a795-ed08-415d-924a-7661a5cf51a5/ozone-metadata/datanode-4/ratis/79b5a704-a3b5-4a89-89e6-853f78db4750/in_use.lock acquired by nodename 22846@localhost
2025-09-13 17:31:22,889 [13facd30-3950-4310-8b1a-93d004abbbdd-groupManagement] INFO  server.RaftServerConfigKeys (ConfUtils.java:logGet(62)) - raft.server.log.appender.buffer.byte-limit = 33554432 (custom)
2025-09-13 17:31:22,890 [9e23e878-9bb3-42b5-8b94-e0e229812e65-groupManagement] INFO  storage.RaftStorageDirectory (RaftStorageDirectoryImpl.java:tryLock(229)) - Lock on /home/runner/work/ozone/ozone/hadoop-ozone/integration-test/target/test-dir/MiniOzoneClusterImpl-1331a795-ed08-415d-924a-7661a5cf51a5/ozone-metadata/datanode-2/ratis/59c25a4c-b008-4c23-bf2e-cf05563d4821/in_use.lock acquired by nodename 22846@localhost
2025-09-13 17:31:22,890 [EventQueue-PipelineReportForOneReplicaPipelineSafeModeRule] INFO  safemode.SCMSafeModeManager (SCMSafeModeManager.java:validateSafeModeExitRules(138)) - AtleastOneDatanodeReportedRule rule is successfully validated
2025-09-13 17:31:22,891 [beda0dcb-37da-4cca-bea2-e222cb1bc351-groupManagement] INFO  storage.RaftStorage (RaftStorageImpl.java:format(98)) - Storage directory /home/runner/work/ozone/ozone/hadoop-ozone/integration-test/target/test-dir/MiniOzoneClusterImpl-1331a795-ed08-415d-924a-7661a5cf51a5/ozone-metadata/datanode-4/ratis/79b5a704-a3b5-4a89-89e6-853f78db4750 has been successfully formatted.
2025-09-13 17:31:22,892 [9e23e878-9bb3-42b5-8b94-e0e229812e65-groupManagement] INFO  storage.RaftStorage (RaftStorageImpl.java:format(98)) - Storage directory /home/runner/work/ozone/ozone/hadoop-ozone/integration-test/target/test-dir/MiniOzoneClusterImpl-1331a795-ed08-415d-924a-7661a5cf51a5/ozone-metadata/datanode-2/ratis/59c25a4c-b008-4c23-bf2e-cf05563d4821 has been successfully formatted.
2025-09-13 17:31:22,892 [9e23e878-9bb3-42b5-8b94-e0e229812e65-groupManagement] INFO  ratis.ContainerStateMachine (ContainerStateMachine.java:initialize(339)) - 9e23e878-9bb3-42b5-8b94-e0e229812e65: initialize group-CF05563D4821
2025-09-13 17:31:22,892 [9e23e878-9bb3-42b5-8b94-e0e229812e65-groupManagement] INFO  ratis.ContainerStateMachine (ContainerStateMachine.java:loadSnapshot(347)) - group-CF05563D4821: The snapshot info is null. Setting the last applied index to:<INITIAL_VALUE>
2025-09-13 17:31:22,892 [9e23e878-9bb3-42b5-8b94-e0e229812e65-groupManagement] INFO  server.RaftServerConfigKeys (ConfUtils.java:logGet(62)) - raft.server.log.appender.buffer.byte-limit = 33554432 (custom)
2025-09-13 17:31:22,893 [36d876fb-a458-4393-963b-58eeedb8ba95-groupManagement] INFO  server.RaftServerConfigKeys (ConfUtils.java:logGet(62)) - raft.server.log.segment.size.max = 67108864 (custom)
2025-09-13 17:31:22,892 [beda0dcb-37da-4cca-bea2-e222cb1bc351-groupManagement] INFO  ratis.ContainerStateMachine (ContainerStateMachine.java:initialize(339)) - beda0dcb-37da-4cca-bea2-e222cb1bc351: initialize group-853F78DB4750
2025-09-13 17:31:22,894 [beda0dcb-37da-4cca-bea2-e222cb1bc351-groupManagement] INFO  ratis.ContainerStateMachine (ContainerStateMachine.java:loadSnapshot(347)) - group-853F78DB4750: The snapshot info is null. Setting the last applied index to:<INITIAL_VALUE>
2025-09-13 17:31:22,894 [36d876fb-a458-4393-963b-58eeedb8ba95-groupManagement] INFO  server.RaftServerConfigKeys (ConfUtils.java:logGet(62)) - raft.server.log.appender.buffer.byte-limit = 33554432 (custom)
2025-09-13 17:31:22,894 [beda0dcb-37da-4cca-bea2-e222cb1bc351-groupManagement] INFO  server.RaftServerConfigKeys (ConfUtils.java:logGet(62)) - raft.server.log.appender.buffer.byte-limit = 33554432 (custom)
2025-09-13 17:31:22,895 [13facd30-3950-4310-8b1a-93d004abbbdd-groupManagement] INFO  server.RaftServerConfigKeys (ConfUtils.java:logGet(62)) - raft.server.log.segment.size.max = 67108864 (custom)
2025-09-13 17:31:22,895 [EventQueue-PipelineReportForOneReplicaPipelineSafeModeRule] INFO  safemode.SCMSafeModeManager (SCMSafeModeManager.java:validateSafeModeExitRules(138)) - AtleastOneDatanodeReportedRule rule is successfully validated
2025-09-13 17:31:22,896 [13facd30-3950-4310-8b1a-93d004abbbdd-groupManagement] INFO  server.RaftServerConfigKeys (ConfUtils.java:logGet(62)) - raft.server.log.appender.buffer.byte-limit = 33554432 (custom)
2025-09-13 17:31:22,897 [36d876fb-a458-4393-963b-58eeedb8ba95-groupManagement] INFO  util.AwaitToRun (AwaitToRun.java:start(81)) - Thread[#1239,36d876fb-a458-4393-963b-58eeedb8ba95@group-CF05563D4821-cacheEviction-AwaitToRun,5,main] started
2025-09-13 17:31:22,897 [36d876fb-a458-4393-963b-58eeedb8ba95-groupManagement] INFO  segmented.SegmentedRaftLogWorker (SegmentedRaftLogWorker.java:<init>(190)) - new 36d876fb-a458-4393-963b-58eeedb8ba95@group-CF05563D4821-SegmentedRaftLogWorker for RaftStorageImpl:Storage Directory /home/runner/work/ozone/ozone/hadoop-ozone/integration-test/target/test-dir/MiniOzoneClusterImpl-1331a795-ed08-415d-924a-7661a5cf51a5/ozone-metadata/datanode-1/ratis/59c25a4c-b008-4c23-bf2e-cf05563d4821
2025-09-13 17:31:22,897 [36d876fb-a458-4393-963b-58eeedb8ba95-groupManagement] INFO  server.RaftServerConfigKeys (ConfUtils.java:logGet(62)) - raft.server.log.queue.byte-limit = 4294967296 (custom)
2025-09-13 17:31:22,897 [36d876fb-a458-4393-963b-58eeedb8ba95-groupManagement] INFO  server.RaftServerConfigKeys (ConfUtils.java:logGet(62)) - raft.server.log.segment.size.max = 67108864 (custom)
2025-09-13 17:31:22,897 [36d876fb-a458-4393-963b-58eeedb8ba95-groupManagement] INFO  server.RaftServerConfigKeys (ConfUtils.java:logGet(62)) - raft.server.log.preallocated.size = 4194304 (custom)
2025-09-13 17:31:22,898 [36d876fb-a458-4393-963b-58eeedb8ba95-groupManagement] INFO  server.RaftServerConfigKeys (ConfUtils.java:logGet(62)) - raft.server.log.write.buffer.size = 33554440 (custom)
2025-09-13 17:31:22,900 [22454e81-7bda-41d4-8b71-c0b680f2e12d@group-7661A5CF51A5-StateMachineUpdater] INFO  safemode.SCMSafeModeManager (SCMSafeModeManager.java:validateSafeModeExitRules(138)) - DataNodeSafeModeRule rule is successfully validated
2025-09-13 17:31:22,900 [EventQueue-PipelineReportForOneReplicaPipelineSafeModeRule] INFO  safemode.SCMSafeModeManager (SCMSafeModeManager.java:validateSafeModeExitRules(138)) - AtleastOneDatanodeReportedRule rule is successfully validated
2025-09-13 17:31:22,900 [EventQueue-PipelineReportForOneReplicaPipelineSafeModeRule] INFO  safemode.SCMSafeModeManager (SCMSafeModeManager.java:validateSafeModeExitRules(138)) - AtleastOneDatanodeReportedRule rule is successfully validated
2025-09-13 17:31:22,900 [13facd30-3950-4310-8b1a-93d004abbbdd-groupManagement] INFO  util.AwaitToRun (AwaitToRun.java:start(81)) - Thread[#1240,13facd30-3950-4310-8b1a-93d004abbbdd@group-C6159B6E7E4C-cacheEviction-AwaitToRun,5,main] started
2025-09-13 17:31:22,900 [13facd30-3950-4310-8b1a-93d004abbbdd-groupManagement] INFO  segmented.SegmentedRaftLogWorker (SegmentedRaftLogWorker.java:<init>(190)) - new 13facd30-3950-4310-8b1a-93d004abbbdd@group-C6159B6E7E4C-SegmentedRaftLogWorker for RaftStorageImpl:Storage Directory /home/runner/work/ozone/ozone/hadoop-ozone/integration-test/target/test-dir/MiniOzoneClusterImpl-1331a795-ed08-415d-924a-7661a5cf51a5/ozone-metadata/datanode-3/ratis/f7fa2a76-8c89-4e33-b3f9-c6159b6e7e4c
2025-09-13 17:31:22,900 [13facd30-3950-4310-8b1a-93d004abbbdd-groupManagement] INFO  server.RaftServerConfigKeys (ConfUtils.java:logGet(62)) - raft.server.log.queue.byte-limit = 4294967296 (custom)
2025-09-13 17:31:22,900 [13facd30-3950-4310-8b1a-93d004abbbdd-groupManagement] INFO  server.RaftServerConfigKeys (ConfUtils.java:logGet(62)) - raft.server.log.segment.size.max = 67108864 (custom)
2025-09-13 17:31:22,900 [13facd30-3950-4310-8b1a-93d004abbbdd-groupManagement] INFO  server.RaftServerConfigKeys (ConfUtils.java:logGet(62)) - raft.server.log.preallocated.size = 4194304 (custom)
2025-09-13 17:31:22,900 [22454e81-7bda-41d4-8b71-c0b680f2e12d@group-7661A5CF51A5-StateMachineUpdater] INFO  safemode.SCMSafeModeManager (SCMSafeModeManager.java:validateSafeModeExitRules(138)) - RatisContainerSafeModeRule rule is successfully validated
2025-09-13 17:31:22,901 [22454e81-7bda-41d4-8b71-c0b680f2e12d@group-7661A5CF51A5-StateMachineUpdater] INFO  safemode.HealthyPipelineSafeModeRule (HealthyPipelineSafeModeRule.java:initializeRule(228)) - Refreshed total pipeline count is 0, healthy pipeline threshold count is 1
2025-09-13 17:31:22,901 [22454e81-7bda-41d4-8b71-c0b680f2e12d@group-7661A5CF51A5-StateMachineUpdater] INFO  safemode.SCMSafeModeManager (SCMSafeModeManager.java:validateSafeModeExitRules(138)) - ECContainerSafeModeRule rule is successfully validated
2025-09-13 17:31:22,901 [22454e81-7bda-41d4-8b71-c0b680f2e12d@group-7661A5CF51A5-StateMachineUpdater] INFO  safemode.SCMSafeModeManager (SCMSafeModeManager.java:validateSafeModeExitRules(138)) - AtleastOneDatanodeReportedRule rule is successfully validated
2025-09-13 17:31:22,901 [EventQueue-PipelineReportForPipelineReportHandler] INFO  pipeline.PipelineReportHandler (PipelineReportHandler.java:processPipelineReport(132)) - Opened pipeline Pipeline-f7fa2a76-8c89-4e33-b3f9-c6159b6e7e4c
2025-09-13 17:31:22,904 [13facd30-3950-4310-8b1a-93d004abbbdd-groupManagement] INFO  server.RaftServerConfigKeys (ConfUtils.java:logGet(62)) - raft.server.log.write.buffer.size = 33554440 (custom)
2025-09-13 17:31:22,905 [9e23e878-9bb3-42b5-8b94-e0e229812e65-groupManagement] INFO  server.RaftServerConfigKeys (ConfUtils.java:logGet(62)) - raft.server.log.segment.size.max = 67108864 (custom)
2025-09-13 17:31:22,907 [beda0dcb-37da-4cca-bea2-e222cb1bc351-groupManagement] INFO  server.RaftServerConfigKeys (ConfUtils.java:logGet(62)) - raft.server.log.segment.size.max = 67108864 (custom)
2025-09-13 17:31:22,908 [beda0dcb-37da-4cca-bea2-e222cb1bc351-groupManagement] INFO  server.RaftServerConfigKeys (ConfUtils.java:logGet(62)) - raft.server.log.appender.buffer.byte-limit = 33554432 (custom)
2025-09-13 17:31:22,908 [9e23e878-9bb3-42b5-8b94-e0e229812e65-groupManagement] INFO  server.RaftServerConfigKeys (ConfUtils.java:logGet(62)) - raft.server.log.appender.buffer.byte-limit = 33554432 (custom)
2025-09-13 17:31:22,909 [36d876fb-a458-4393-963b-58eeedb8ba95-groupManagement] INFO  server.RaftServerConfigKeys (ConfUtils.java:logGet(62)) - raft.server.log.appender.buffer.byte-limit = 33554432 (custom)
2025-09-13 17:31:22,910 [36d876fb-a458-4393-963b-58eeedb8ba95-groupManagement] INFO  segmented.SegmentedRaftLogWorker (SegmentedRaftLogWorker.java:lambda$new$0(141)) - 36d876fb-a458-4393-963b-58eeedb8ba95@group-CF05563D4821-SegmentedRaftLogWorker: flushIndex: setUnconditionally 0 -> -1
2025-09-13 17:31:22,910 [36d876fb-a458-4393-963b-58eeedb8ba95-groupManagement] INFO  segmented.SegmentedRaftLogWorker (SegmentedRaftLogWorker.java:lambda$new$0(141)) - 36d876fb-a458-4393-963b-58eeedb8ba95@group-CF05563D4821-SegmentedRaftLogWorker: safeCacheEvictIndex: setUnconditionally 0 -> -1
2025-09-13 17:31:22,911 [9e23e878-9bb3-42b5-8b94-e0e229812e65-groupManagement] INFO  util.AwaitToRun (AwaitToRun.java:start(81)) - Thread[#1241,9e23e878-9bb3-42b5-8b94-e0e229812e65@group-CF05563D4821-cacheEviction-AwaitToRun,5,main] started
2025-09-13 17:31:22,911 [9e23e878-9bb3-42b5-8b94-e0e229812e65-groupManagement] INFO  segmented.SegmentedRaftLogWorker (SegmentedRaftLogWorker.java:<init>(190)) - new 9e23e878-9bb3-42b5-8b94-e0e229812e65@group-CF05563D4821-SegmentedRaftLogWorker for RaftStorageImpl:Storage Directory /home/runner/work/ozone/ozone/hadoop-ozone/integration-test/target/test-dir/MiniOzoneClusterImpl-1331a795-ed08-415d-924a-7661a5cf51a5/ozone-metadata/datanode-2/ratis/59c25a4c-b008-4c23-bf2e-cf05563d4821
2025-09-13 17:31:22,911 [9e23e878-9bb3-42b5-8b94-e0e229812e65-groupManagement] INFO  server.RaftServerConfigKeys (ConfUtils.java:logGet(62)) - raft.server.log.queue.byte-limit = 4294967296 (custom)
2025-09-13 17:31:22,911 [9e23e878-9bb3-42b5-8b94-e0e229812e65-groupManagement] INFO  server.RaftServerConfigKeys (ConfUtils.java:logGet(62)) - raft.server.log.segment.size.max = 67108864 (custom)
2025-09-13 17:31:22,911 [9e23e878-9bb3-42b5-8b94-e0e229812e65-groupManagement] INFO  server.RaftServerConfigKeys (ConfUtils.java:logGet(62)) - raft.server.log.preallocated.size = 4194304 (custom)
2025-09-13 17:31:22,912 [beda0dcb-37da-4cca-bea2-e222cb1bc351-groupManagement] INFO  util.AwaitToRun (AwaitToRun.java:start(81)) - Thread[#1242,beda0dcb-37da-4cca-bea2-e222cb1bc351@group-853F78DB4750-cacheEviction-AwaitToRun,5,main] started
2025-09-13 17:31:22,912 [beda0dcb-37da-4cca-bea2-e222cb1bc351-groupManagement] INFO  segmented.SegmentedRaftLogWorker (SegmentedRaftLogWorker.java:<init>(190)) - new beda0dcb-37da-4cca-bea2-e222cb1bc351@group-853F78DB4750-SegmentedRaftLogWorker for RaftStorageImpl:Storage Directory /home/runner/work/ozone/ozone/hadoop-ozone/integration-test/target/test-dir/MiniOzoneClusterImpl-1331a795-ed08-415d-924a-7661a5cf51a5/ozone-metadata/datanode-4/ratis/79b5a704-a3b5-4a89-89e6-853f78db4750
2025-09-13 17:31:22,912 [beda0dcb-37da-4cca-bea2-e222cb1bc351-groupManagement] INFO  server.RaftServerConfigKeys (ConfUtils.java:logGet(62)) - raft.server.log.queue.byte-limit = 4294967296 (custom)
2025-09-13 17:31:22,912 [beda0dcb-37da-4cca-bea2-e222cb1bc351-groupManagement] INFO  server.RaftServerConfigKeys (ConfUtils.java:logGet(62)) - raft.server.log.segment.size.max = 67108864 (custom)
2025-09-13 17:31:22,912 [beda0dcb-37da-4cca-bea2-e222cb1bc351-groupManagement] INFO  server.RaftServerConfigKeys (ConfUtils.java:logGet(62)) - raft.server.log.preallocated.size = 4194304 (custom)
2025-09-13 17:31:22,912 [9e23e878-9bb3-42b5-8b94-e0e229812e65-groupManagement] INFO  server.RaftServerConfigKeys (ConfUtils.java:logGet(62)) - raft.server.log.write.buffer.size = 33554440 (custom)
2025-09-13 17:31:22,913 [beda0dcb-37da-4cca-bea2-e222cb1bc351-groupManagement] INFO  server.RaftServerConfigKeys (ConfUtils.java:logGet(62)) - raft.server.log.write.buffer.size = 33554440 (custom)
2025-09-13 17:31:22,913 [36d876fb-a458-4393-963b-58eeedb8ba95-groupManagement] INFO  server.RaftServer$Division (RaftServerImpl.java:start(405)) - 36d876fb-a458-4393-963b-58eeedb8ba95@group-CF05563D4821: start as a follower, conf=conf: {index: -1, cur=peers:[9e23e878-9bb3-42b5-8b94-e0e229812e65|127.0.0.1:15023, 13facd30-3950-4310-8b1a-93d004abbbdd|127.0.0.1:15031, 36d876fb-a458-4393-963b-58eeedb8ba95|127.0.0.1:15015]|listeners:[], old=null}
2025-09-13 17:31:22,914 [36d876fb-a458-4393-963b-58eeedb8ba95-groupManagement] INFO  server.RaftServer$Division (RaftServerImpl.java:setRole(392)) - 36d876fb-a458-4393-963b-58eeedb8ba95@group-CF05563D4821: changes role from      null to FOLLOWER at term 0 for startAsFollower
2025-09-13 17:31:22,914 [36d876fb-a458-4393-963b-58eeedb8ba95-groupManagement] INFO  impl.RoleInfo (RoleInfo.java:updateAndGet(148)) - 36d876fb-a458-4393-963b-58eeedb8ba95: start 36d876fb-a458-4393-963b-58eeedb8ba95@group-CF05563D4821-FollowerState
2025-09-13 17:31:22,914 [13facd30-3950-4310-8b1a-93d004abbbdd-groupManagement] INFO  server.RaftServerConfigKeys (ConfUtils.java:logGet(62)) - raft.server.log.appender.buffer.byte-limit = 33554432 (custom)
2025-09-13 17:31:22,914 [13facd30-3950-4310-8b1a-93d004abbbdd-groupManagement] INFO  segmented.SegmentedRaftLogWorker (SegmentedRaftLogWorker.java:lambda$new$0(141)) - 13facd30-3950-4310-8b1a-93d004abbbdd@group-C6159B6E7E4C-SegmentedRaftLogWorker: flushIndex: setUnconditionally 0 -> -1
2025-09-13 17:31:22,914 [13facd30-3950-4310-8b1a-93d004abbbdd-groupManagement] INFO  segmented.SegmentedRaftLogWorker (SegmentedRaftLogWorker.java:lambda$new$0(141)) - 13facd30-3950-4310-8b1a-93d004abbbdd@group-C6159B6E7E4C-SegmentedRaftLogWorker: safeCacheEvictIndex: setUnconditionally 0 -> -1
2025-09-13 17:31:22,916 [36d876fb-a458-4393-963b-58eeedb8ba95-groupManagement] INFO  util.JmxRegister (JmxRegister.java:tryRegister(44)) - Successfully registered JMX Bean with object name Ratis:service=RaftServer,group=group-CF05563D4821,id=36d876fb-a458-4393-963b-58eeedb8ba95
2025-09-13 17:31:22,916 [36d876fb-a458-4393-963b-58eeedb8ba95-groupManagement] INFO  util.JmxRegister (JmxRegister.java:register(58)) - register mxBean class org.apache.ratis.server.impl.RaftServerJmxAdapter as Ratis:service=RaftServer,group=group-CF05563D4821,id=36d876fb-a458-4393-963b-58eeedb8ba95
2025-09-13 17:31:22,918 [13facd30-3950-4310-8b1a-93d004abbbdd-groupManagement] INFO  server.RaftServer$Division (RaftServerImpl.java:start(405)) - 13facd30-3950-4310-8b1a-93d004abbbdd@group-C6159B6E7E4C: start as a follower, conf=conf: {index: -1, cur=peers:[13facd30-3950-4310-8b1a-93d004abbbdd|127.0.0.1:15031]|listeners:[], old=null}
2025-09-13 17:31:22,918 [13facd30-3950-4310-8b1a-93d004abbbdd-groupManagement] INFO  server.RaftServer$Division (RaftServerImpl.java:setRole(392)) - 13facd30-3950-4310-8b1a-93d004abbbdd@group-C6159B6E7E4C: changes role from      null to FOLLOWER at term 0 for startAsFollower
2025-09-13 17:31:22,918 [36d876fb-a458-4393-963b-58eeedb8ba95-groupManagement] INFO  server.RaftServer$Division (RaftServerImpl.java:start(419)) - 36d876fb-a458-4393-963b-58eeedb8ba95@group-CF05563D4821: Successfully started.
2025-09-13 17:31:22,918 [13facd30-3950-4310-8b1a-93d004abbbdd-groupManagement] INFO  impl.RoleInfo (RoleInfo.java:updateAndGet(148)) - 13facd30-3950-4310-8b1a-93d004abbbdd: start 13facd30-3950-4310-8b1a-93d004abbbdd@group-C6159B6E7E4C-FollowerState
2025-09-13 17:31:22,919 [36d876fb-a458-4393-963b-58eeedb8ba95-CreatePipelineCommandHandlerThread-0] INFO  ratis.XceiverServerRatis (XceiverServerRatis.java:addGroup(831)) - Created group Pipeline-59c25a4c-b008-4c23-bf2e-cf05563d4821
2025-09-13 17:31:22,920 [13facd30-3950-4310-8b1a-93d004abbbdd-groupManagement] INFO  util.JmxRegister (JmxRegister.java:tryRegister(44)) - Successfully registered JMX Bean with object name Ratis:service=RaftServer,group=group-C6159B6E7E4C,id=13facd30-3950-4310-8b1a-93d004abbbdd
2025-09-13 17:31:22,920 [13facd30-3950-4310-8b1a-93d004abbbdd-groupManagement] INFO  util.JmxRegister (JmxRegister.java:register(58)) - register mxBean class org.apache.ratis.server.impl.RaftServerJmxAdapter as Ratis:service=RaftServer,group=group-C6159B6E7E4C,id=13facd30-3950-4310-8b1a-93d004abbbdd
2025-09-13 17:31:22,924 [13facd30-3950-4310-8b1a-93d004abbbdd-groupManagement] INFO  server.RaftServer$Division (RaftServerImpl.java:start(419)) - 13facd30-3950-4310-8b1a-93d004abbbdd@group-C6159B6E7E4C: Successfully started.
2025-09-13 17:31:22,924 [9e23e878-9bb3-42b5-8b94-e0e229812e65-groupManagement] INFO  server.RaftServerConfigKeys (ConfUtils.java:logGet(62)) - raft.server.log.appender.buffer.byte-limit = 33554432 (custom)
2025-09-13 17:31:22,925 [9e23e878-9bb3-42b5-8b94-e0e229812e65-groupManagement] INFO  segmented.SegmentedRaftLogWorker (SegmentedRaftLogWorker.java:lambda$new$0(141)) - 9e23e878-9bb3-42b5-8b94-e0e229812e65@group-CF05563D4821-SegmentedRaftLogWorker: flushIndex: setUnconditionally 0 -> -1
2025-09-13 17:31:22,926 [9e23e878-9bb3-42b5-8b94-e0e229812e65-groupManagement] INFO  segmented.SegmentedRaftLogWorker (SegmentedRaftLogWorker.java:lambda$new$0(141)) - 9e23e878-9bb3-42b5-8b94-e0e229812e65@group-CF05563D4821-SegmentedRaftLogWorker: safeCacheEvictIndex: setUnconditionally 0 -> -1
2025-09-13 17:31:22,926 [9e23e878-9bb3-42b5-8b94-e0e229812e65-groupManagement] INFO  server.RaftServer$Division (RaftServerImpl.java:start(405)) - 9e23e878-9bb3-42b5-8b94-e0e229812e65@group-CF05563D4821: start as a follower, conf=conf: {index: -1, cur=peers:[9e23e878-9bb3-42b5-8b94-e0e229812e65|127.0.0.1:15023, 13facd30-3950-4310-8b1a-93d004abbbdd|127.0.0.1:15031, 36d876fb-a458-4393-963b-58eeedb8ba95|127.0.0.1:15015]|listeners:[], old=null}
2025-09-13 17:31:22,926 [9e23e878-9bb3-42b5-8b94-e0e229812e65-groupManagement] INFO  server.RaftServer$Division (RaftServerImpl.java:setRole(392)) - 9e23e878-9bb3-42b5-8b94-e0e229812e65@group-CF05563D4821: changes role from      null to FOLLOWER at term 0 for startAsFollower
2025-09-13 17:31:22,926 [9e23e878-9bb3-42b5-8b94-e0e229812e65-groupManagement] INFO  impl.RoleInfo (RoleInfo.java:updateAndGet(148)) - 9e23e878-9bb3-42b5-8b94-e0e229812e65: start 9e23e878-9bb3-42b5-8b94-e0e229812e65@group-CF05563D4821-FollowerState
2025-09-13 17:31:22,926 [13facd30-3950-4310-8b1a-93d004abbbdd-CreatePipelineCommandHandlerThread-0] INFO  ratis.XceiverServerRatis (XceiverServerRatis.java:addGroup(831)) - Created group Pipeline-f7fa2a76-8c89-4e33-b3f9-c6159b6e7e4c
2025-09-13 17:31:22,926 [13facd30-3950-4310-8b1a-93d004abbbdd-CreatePipelineCommandHandlerThread-0] INFO  commandhandler.CreatePipelineCommandHandler (CreatePipelineCommandHandler.java:lambda$handle$2(141)) - Created Pipeline RATIS ONE Pipeline-f7fa2a76-8c89-4e33-b3f9-c6159b6e7e4c.
2025-09-13 17:31:22,926 [beda0dcb-37da-4cca-bea2-e222cb1bc351-groupManagement] INFO  server.RaftServerConfigKeys (ConfUtils.java:logGet(62)) - raft.server.log.appender.buffer.byte-limit = 33554432 (custom)
2025-09-13 17:31:22,927 [beda0dcb-37da-4cca-bea2-e222cb1bc351-groupManagement] INFO  segmented.SegmentedRaftLogWorker (SegmentedRaftLogWorker.java:lambda$new$0(141)) - beda0dcb-37da-4cca-bea2-e222cb1bc351@group-853F78DB4750-SegmentedRaftLogWorker: flushIndex: setUnconditionally 0 -> -1
2025-09-13 17:31:22,927 [beda0dcb-37da-4cca-bea2-e222cb1bc351-groupManagement] INFO  segmented.SegmentedRaftLogWorker (SegmentedRaftLogWorker.java:lambda$new$0(141)) - beda0dcb-37da-4cca-bea2-e222cb1bc351@group-853F78DB4750-SegmentedRaftLogWorker: safeCacheEvictIndex: setUnconditionally 0 -> -1
2025-09-13 17:31:22,927 [9e23e878-9bb3-42b5-8b94-e0e229812e65-groupManagement] INFO  util.JmxRegister (JmxRegister.java:tryRegister(44)) - Successfully registered JMX Bean with object name Ratis:service=RaftServer,group=group-CF05563D4821,id=9e23e878-9bb3-42b5-8b94-e0e229812e65
2025-09-13 17:31:22,927 [9e23e878-9bb3-42b5-8b94-e0e229812e65-groupManagement] INFO  util.JmxRegister (JmxRegister.java:register(58)) - register mxBean class org.apache.ratis.server.impl.RaftServerJmxAdapter as Ratis:service=RaftServer,group=group-CF05563D4821,id=9e23e878-9bb3-42b5-8b94-e0e229812e65
2025-09-13 17:31:22,930 [13facd30-3950-4310-8b1a-93d004abbbdd-groupManagement] INFO  server.RaftServer$Division (RaftServerImpl.java:<init>(268)) - 13facd30-3950-4310-8b1a-93d004abbbdd: new RaftServerImpl for group-CF05563D4821:[9e23e878-9bb3-42b5-8b94-e0e229812e65|127.0.0.1:15023, 13facd30-3950-4310-8b1a-93d004abbbdd|127.0.0.1:15031, 36d876fb-a458-4393-963b-58eeedb8ba95|127.0.0.1:15015] with ContainerStateMachine:uninitialized
2025-09-13 17:31:22,930 [13facd30-3950-4310-8b1a-93d004abbbdd-groupManagement] INFO  server.RaftServer$Division (ServerState.java:<init>(114)) - 13facd30-3950-4310-8b1a-93d004abbbdd@group-CF05563D4821: ConfigurationManager, init=conf: {index: -1, cur=peers:[9e23e878-9bb3-42b5-8b94-e0e229812e65|127.0.0.1:15023, 13facd30-3950-4310-8b1a-93d004abbbdd|127.0.0.1:15031, 36d876fb-a458-4393-963b-58eeedb8ba95|127.0.0.1:15015]|listeners:[], old=null}, confs=<EMPTY_MAP>
2025-09-13 17:31:22,927 [13facd30-3950-4310-8b1a-93d004abbbdd-CreatePipelineCommandHandlerThread-0] INFO  server.RaftServer (RaftServerProxy.java:addNew(105)) - 13facd30-3950-4310-8b1a-93d004abbbdd: addNew group-CF05563D4821:[9e23e878-9bb3-42b5-8b94-e0e229812e65|127.0.0.1:15023, 13facd30-3950-4310-8b1a-93d004abbbdd|127.0.0.1:15031, 36d876fb-a458-4393-963b-58eeedb8ba95|127.0.0.1:15015] returns group-CF05563D4821:java.util.concurrent.CompletableFuture@15066eda[Not completed]
2025-09-13 17:31:22,932 [9e23e878-9bb3-42b5-8b94-e0e229812e65-groupManagement] INFO  server.RaftServer$Division (RaftServerImpl.java:start(419)) - 9e23e878-9bb3-42b5-8b94-e0e229812e65@group-CF05563D4821: Successfully started.
2025-09-13 17:31:22,933 [beda0dcb-37da-4cca-bea2-e222cb1bc351-groupManagement] INFO  server.RaftServer$Division (RaftServerImpl.java:start(405)) - beda0dcb-37da-4cca-bea2-e222cb1bc351@group-853F78DB4750: start as a follower, conf=conf: {index: -1, cur=peers:[d3aade32-661d-499d-9068-ea1550ed8656|127.0.0.1:15055, beda0dcb-37da-4cca-bea2-e222cb1bc351|127.0.0.1:15039, e114cbd1-8f45-4cc5-a8b1-e2bd6cad48a0|127.0.0.1:15047]|listeners:[], old=null}
2025-09-13 17:31:22,933 [beda0dcb-37da-4cca-bea2-e222cb1bc351-groupManagement] INFO  server.RaftServer$Division (RaftServerImpl.java:setRole(392)) - beda0dcb-37da-4cca-bea2-e222cb1bc351@group-853F78DB4750: changes role from      null to FOLLOWER at term 0 for startAsFollower
2025-09-13 17:31:22,933 [beda0dcb-37da-4cca-bea2-e222cb1bc351-groupManagement] INFO  impl.RoleInfo (RoleInfo.java:updateAndGet(148)) - beda0dcb-37da-4cca-bea2-e222cb1bc351: start beda0dcb-37da-4cca-bea2-e222cb1bc351@group-853F78DB4750-FollowerState
2025-09-13 17:31:22,933 [beda0dcb-37da-4cca-bea2-e222cb1bc351-groupManagement] INFO  util.JmxRegister (JmxRegister.java:tryRegister(44)) - Successfully registered JMX Bean with object name Ratis:service=RaftServer,group=group-853F78DB4750,id=beda0dcb-37da-4cca-bea2-e222cb1bc351
2025-09-13 17:31:22,933 [beda0dcb-37da-4cca-bea2-e222cb1bc351-groupManagement] INFO  util.JmxRegister (JmxRegister.java:register(58)) - register mxBean class org.apache.ratis.server.impl.RaftServerJmxAdapter as Ratis:service=RaftServer,group=group-853F78DB4750,id=beda0dcb-37da-4cca-bea2-e222cb1bc351
2025-09-13 17:31:22,934 [9e23e878-9bb3-42b5-8b94-e0e229812e65-CreatePipelineCommandHandlerThread-0] INFO  ratis.XceiverServerRatis (XceiverServerRatis.java:addGroup(831)) - Created group Pipeline-59c25a4c-b008-4c23-bf2e-cf05563d4821
2025-09-13 17:31:22,935 [grpc-default-executor-0] WARN  server.GrpcAdminProtocolService (GrpcAdminProtocolService.java:lambda$groupManagement$1(53)) - Failed groupManagement: GROUPADD, GroupManagementRequest:client-DF2141B3BF25->13facd30-3950-4310-8b1a-93d004abbbdd@group-CF05563D4821, cid=7, seq=null, RW, null, Add:group-CF05563D4821:[9e23e878-9bb3-42b5-8b94-e0e229812e65|127.0.0.1:15023, 13facd30-3950-4310-8b1a-93d004abbbdd|127.0.0.1:15031, 36d876fb-a458-4393-963b-58eeedb8ba95|127.0.0.1:15015]
java.util.concurrent.CompletionException: org.apache.ratis.protocol.exceptions.AlreadyExistsException: 13facd30-3950-4310-8b1a-93d004abbbdd: Failed to add group-CF05563D4821:[9e23e878-9bb3-42b5-8b94-e0e229812e65|127.0.0.1:15023, 13facd30-3950-4310-8b1a-93d004abbbdd|127.0.0.1:15031, 36d876fb-a458-4393-963b-58eeedb8ba95|127.0.0.1:15015] since the group already exists in the map.
	at java.base/java.util.concurrent.CompletableFuture.encodeThrowable(CompletableFuture.java:332)
	at java.base/java.util.concurrent.CompletableFuture.uniApplyNow(CompletableFuture.java:674)
	at java.base/java.util.concurrent.CompletableFuture.uniApplyStage(CompletableFuture.java:662)
	at java.base/java.util.concurrent.CompletableFuture.thenApplyAsync(CompletableFuture.java:2210)
	at org.apache.ratis.server.impl.RaftServerProxy.groupAddAsync(RaftServerProxy.java:513)
	at org.apache.ratis.server.impl.RaftServerProxy.groupManagementAsync(RaftServerProxy.java:495)
	at org.apache.ratis.grpc.server.GrpcAdminProtocolService.lambda$groupManagement$0(GrpcAdminProtocolService.java:51)
	at org.apache.ratis.grpc.GrpcUtil.asyncCall(GrpcUtil.java:172)
	at org.apache.ratis.grpc.server.GrpcAdminProtocolService.groupManagement(GrpcAdminProtocolService.java:51)
	at org.apache.ratis.proto.grpc.AdminProtocolServiceGrpc$MethodHandlers.invoke(AdminProtocolServiceGrpc.java:701)
	at org.apache.ratis.thirdparty.io.grpc.stub.ServerCalls$UnaryServerCallHandler$UnaryServerCallListener.onHalfClose(ServerCalls.java:182)
	at org.apache.ratis.thirdparty.io.grpc.internal.ServerCallImpl$ServerStreamListenerImpl.halfClosed(ServerCallImpl.java:356)
	at org.apache.ratis.thirdparty.io.grpc.internal.ServerImpl$JumpToApplicationThreadServerStreamListener$1HalfClosed.runInContext(ServerImpl.java:861)
	at org.apache.ratis.thirdparty.io.grpc.internal.ContextRunnable.run(ContextRunnable.java:37)
	at org.apache.ratis.thirdparty.io.grpc.internal.SerializingExecutor.run(SerializingExecutor.java:133)
	at java.base/java.util.concurrent.ThreadPoolExecutor.runWorker(ThreadPoolExecutor.java:1144)
	at java.base/java.util.concurrent.ThreadPoolExecutor$Worker.run(ThreadPoolExecutor.java:642)
	at java.base/java.lang.Thread.run(Thread.java:1583)
Caused by: org.apache.ratis.protocol.exceptions.AlreadyExistsException: 13facd30-3950-4310-8b1a-93d004abbbdd: Failed to add group-CF05563D4821:[9e23e878-9bb3-42b5-8b94-e0e229812e65|127.0.0.1:15023, 13facd30-3950-4310-8b1a-93d004abbbdd|127.0.0.1:15031, 36d876fb-a458-4393-963b-58eeedb8ba95|127.0.0.1:15015] since the group already exists in the map.
	at org.apache.ratis.server.impl.RaftServerProxy$ImplMap.addNew(RaftServerProxy.java:99)
	at org.apache.ratis.server.impl.RaftServerProxy.groupAddAsync(RaftServerProxy.java:512)
	... 13 more
2025-09-13 17:31:22,937 [beda0dcb-37da-4cca-bea2-e222cb1bc351-groupManagement] INFO  server.RaftServer$Division (RaftServerImpl.java:start(419)) - beda0dcb-37da-4cca-bea2-e222cb1bc351@group-853F78DB4750: Successfully started.
2025-09-13 17:31:22,942 [13facd30-3950-4310-8b1a-93d004abbbdd-groupManagement] INFO  server.RaftServerConfigKeys (ConfUtils.java:logGet(62)) - raft.server.storage.dir = [/home/runner/work/ozone/ozone/hadoop-ozone/integration-test/target/test-dir/MiniOzoneClusterImpl-1331a795-ed08-415d-924a-7661a5cf51a5/ozone-metadata/datanode-3/ratis] (custom)
2025-09-13 17:31:22,942 [13facd30-3950-4310-8b1a-93d004abbbdd-groupManagement] INFO  storage.RaftStorageDirectory (RaftStorageDirectoryImpl.java:analyzeStorage(138)) - The storage directory /home/runner/work/ozone/ozone/hadoop-ozone/integration-test/target/test-dir/MiniOzoneClusterImpl-1331a795-ed08-415d-924a-7661a5cf51a5/ozone-metadata/datanode-3/ratis/59c25a4c-b008-4c23-bf2e-cf05563d4821 does not exist. Creating ...
2025-09-13 17:31:22,944 [13facd30-3950-4310-8b1a-93d004abbbdd-groupManagement] INFO  storage.RaftStorageDirectory (RaftStorageDirectoryImpl.java:tryLock(229)) - Lock on /home/runner/work/ozone/ozone/hadoop-ozone/integration-test/target/test-dir/MiniOzoneClusterImpl-1331a795-ed08-415d-924a-7661a5cf51a5/ozone-metadata/datanode-3/ratis/59c25a4c-b008-4c23-bf2e-cf05563d4821/in_use.lock acquired by nodename 22846@localhost
2025-09-13 17:31:22,946 [e114cbd1-8f45-4cc5-a8b1-e2bd6cad48a0-CreatePipelineCommandHandlerThread-0] INFO  commandhandler.CreatePipelineCommandHandler (CreatePipelineCommandHandler.java:lambda$handle$2(141)) - Created Pipeline RATIS THREE Pipeline-79b5a704-a3b5-4a89-89e6-853f78db4750.
2025-09-13 17:31:22,947 [13facd30-3950-4310-8b1a-93d004abbbdd-groupManagement] INFO  storage.RaftStorage (RaftStorageImpl.java:format(98)) - Storage directory /home/runner/work/ozone/ozone/hadoop-ozone/integration-test/target/test-dir/MiniOzoneClusterImpl-1331a795-ed08-415d-924a-7661a5cf51a5/ozone-metadata/datanode-3/ratis/59c25a4c-b008-4c23-bf2e-cf05563d4821 has been successfully formatted.
2025-09-13 17:31:22,947 [e114cbd1-8f45-4cc5-a8b1-e2bd6cad48a0-CreatePipelineCommandHandlerThread-0] INFO  server.RaftServer (RaftServerProxy.java:addNew(105)) - e114cbd1-8f45-4cc5-a8b1-e2bd6cad48a0: addNew group-23D9289878C2:[d3aade32-661d-499d-9068-ea1550ed8656|127.0.0.1:15055, beda0dcb-37da-4cca-bea2-e222cb1bc351|127.0.0.1:15039, e114cbd1-8f45-4cc5-a8b1-e2bd6cad48a0|127.0.0.1:15047] returns group-23D9289878C2:java.util.concurrent.CompletableFuture@2f7a7f9a[Not completed]
2025-09-13 17:31:22,947 [13facd30-3950-4310-8b1a-93d004abbbdd-groupManagement] INFO  ratis.ContainerStateMachine (ContainerStateMachine.java:initialize(339)) - 13facd30-3950-4310-8b1a-93d004abbbdd: initialize group-CF05563D4821
2025-09-13 17:31:22,947 [13facd30-3950-4310-8b1a-93d004abbbdd-groupManagement] INFO  ratis.ContainerStateMachine (ContainerStateMachine.java:loadSnapshot(347)) - group-CF05563D4821: The snapshot info is null. Setting the last applied index to:<INITIAL_VALUE>
2025-09-13 17:31:22,947 [13facd30-3950-4310-8b1a-93d004abbbdd-groupManagement] INFO  server.RaftServerConfigKeys (ConfUtils.java:logGet(62)) - raft.server.log.appender.buffer.byte-limit = 33554432 (custom)
2025-09-13 17:31:22,951 [EventQueue-PipelineReportForOneReplicaPipelineSafeModeRule] INFO  safemode.SCMSafeModeManager (SCMSafeModeManager.java:validateSafeModeExitRules(138)) - AtleastOneDatanodeReportedRule rule is successfully validated
2025-09-13 17:31:22,952 [grpc-default-executor-0] WARN  server.GrpcAdminProtocolService (GrpcAdminProtocolService.java:lambda$groupManagement$1(53)) - Failed groupManagement: GROUPADD, GroupManagementRequest:client-D971DD8E34D9->13facd30-3950-4310-8b1a-93d004abbbdd@group-CF05563D4821, cid=8, seq=null, RW, null, Add:group-CF05563D4821:[9e23e878-9bb3-42b5-8b94-e0e229812e65|127.0.0.1:15023, 13facd30-3950-4310-8b1a-93d004abbbdd|127.0.0.1:15031, 36d876fb-a458-4393-963b-58eeedb8ba95|127.0.0.1:15015]
java.util.concurrent.CompletionException: org.apache.ratis.protocol.exceptions.AlreadyExistsException: 13facd30-3950-4310-8b1a-93d004abbbdd: Failed to add group-CF05563D4821:[9e23e878-9bb3-42b5-8b94-e0e229812e65|127.0.0.1:15023, 13facd30-3950-4310-8b1a-93d004abbbdd|127.0.0.1:15031, 36d876fb-a458-4393-963b-58eeedb8ba95|127.0.0.1:15015] since the group already exists in the map.
	at java.base/java.util.concurrent.CompletableFuture.encodeThrowable(CompletableFuture.java:332)
	at java.base/java.util.concurrent.CompletableFuture.uniApplyNow(CompletableFuture.java:674)
	at java.base/java.util.concurrent.CompletableFuture.uniApplyStage(CompletableFuture.java:662)
	at java.base/java.util.concurrent.CompletableFuture.thenApplyAsync(CompletableFuture.java:2210)
	at org.apache.ratis.server.impl.RaftServerProxy.groupAddAsync(RaftServerProxy.java:513)
	at org.apache.ratis.server.impl.RaftServerProxy.groupManagementAsync(RaftServerProxy.java:495)
	at org.apache.ratis.grpc.server.GrpcAdminProtocolService.lambda$groupManagement$0(GrpcAdminProtocolService.java:51)
	at org.apache.ratis.grpc.GrpcUtil.asyncCall(GrpcUtil.java:172)
	at org.apache.ratis.grpc.server.GrpcAdminProtocolService.groupManagement(GrpcAdminProtocolService.java:51)
	at org.apache.ratis.proto.grpc.AdminProtocolServiceGrpc$MethodHandlers.invoke(AdminProtocolServiceGrpc.java:701)
	at org.apache.ratis.thirdparty.io.grpc.stub.ServerCalls$UnaryServerCallHandler$UnaryServerCallListener.onHalfClose(ServerCalls.java:182)
	at org.apache.ratis.thirdparty.io.grpc.internal.ServerCallImpl$ServerStreamListenerImpl.halfClosed(ServerCallImpl.java:356)
	at org.apache.ratis.thirdparty.io.grpc.internal.ServerImpl$JumpToApplicationThreadServerStreamListener$1HalfClosed.runInContext(ServerImpl.java:861)
	at org.apache.ratis.thirdparty.io.grpc.internal.ContextRunnable.run(ContextRunnable.java:37)
	at org.apache.ratis.thirdparty.io.grpc.internal.SerializingExecutor.run(SerializingExecutor.java:133)
	at java.base/java.util.concurrent.ThreadPoolExecutor.runWorker(ThreadPoolExecutor.java:1144)
	at java.base/java.util.concurrent.ThreadPoolExecutor$Worker.run(ThreadPoolExecutor.java:642)
	at java.base/java.lang.Thread.run(Thread.java:1583)
Caused by: org.apache.ratis.protocol.exceptions.AlreadyExistsException: 13facd30-3950-4310-8b1a-93d004abbbdd: Failed to add group-CF05563D4821:[9e23e878-9bb3-42b5-8b94-e0e229812e65|127.0.0.1:15023, 13facd30-3950-4310-8b1a-93d004abbbdd|127.0.0.1:15031, 36d876fb-a458-4393-963b-58eeedb8ba95|127.0.0.1:15015] since the group already exists in the map.
	at org.apache.ratis.server.impl.RaftServerProxy$ImplMap.addNew(RaftServerProxy.java:99)
	at org.apache.ratis.server.impl.RaftServerProxy.groupAddAsync(RaftServerProxy.java:512)
	... 13 more
2025-09-13 17:31:22,952 [e114cbd1-8f45-4cc5-a8b1-e2bd6cad48a0-groupManagement] INFO  server.RaftServer$Division (RaftServerImpl.java:<init>(268)) - e114cbd1-8f45-4cc5-a8b1-e2bd6cad48a0: new RaftServerImpl for group-23D9289878C2:[d3aade32-661d-499d-9068-ea1550ed8656|127.0.0.1:15055, beda0dcb-37da-4cca-bea2-e222cb1bc351|127.0.0.1:15039, e114cbd1-8f45-4cc5-a8b1-e2bd6cad48a0|127.0.0.1:15047] with ContainerStateMachine:uninitialized
2025-09-13 17:31:22,955 [e114cbd1-8f45-4cc5-a8b1-e2bd6cad48a0-groupManagement] INFO  server.RaftServer$Division (ServerState.java:<init>(114)) - e114cbd1-8f45-4cc5-a8b1-e2bd6cad48a0@group-23D9289878C2: ConfigurationManager, init=conf: {index: -1, cur=peers:[d3aade32-661d-499d-9068-ea1550ed8656|127.0.0.1:15055, beda0dcb-37da-4cca-bea2-e222cb1bc351|127.0.0.1:15039, e114cbd1-8f45-4cc5-a8b1-e2bd6cad48a0|127.0.0.1:15047]|listeners:[], old=null}, confs=<EMPTY_MAP>
2025-09-13 17:31:22,956 [13facd30-3950-4310-8b1a-93d004abbbdd-groupManagement] INFO  server.RaftServerConfigKeys (ConfUtils.java:logGet(62)) - raft.server.log.segment.size.max = 67108864 (custom)
2025-09-13 17:31:22,957 [13facd30-3950-4310-8b1a-93d004abbbdd-groupManagement] INFO  server.RaftServerConfigKeys (ConfUtils.java:logGet(62)) - raft.server.log.appender.buffer.byte-limit = 33554432 (custom)
2025-09-13 17:31:22,958 [13facd30-3950-4310-8b1a-93d004abbbdd-groupManagement] INFO  util.AwaitToRun (AwaitToRun.java:start(81)) - Thread[#1261,13facd30-3950-4310-8b1a-93d004abbbdd@group-CF05563D4821-cacheEviction-AwaitToRun,5,main] started
2025-09-13 17:31:22,958 [13facd30-3950-4310-8b1a-93d004abbbdd-groupManagement] INFO  segmented.SegmentedRaftLogWorker (SegmentedRaftLogWorker.java:<init>(190)) - new 13facd30-3950-4310-8b1a-93d004abbbdd@group-CF05563D4821-SegmentedRaftLogWorker for RaftStorageImpl:Storage Directory /home/runner/work/ozone/ozone/hadoop-ozone/integration-test/target/test-dir/MiniOzoneClusterImpl-1331a795-ed08-415d-924a-7661a5cf51a5/ozone-metadata/datanode-3/ratis/59c25a4c-b008-4c23-bf2e-cf05563d4821
2025-09-13 17:31:22,958 [13facd30-3950-4310-8b1a-93d004abbbdd-groupManagement] INFO  server.RaftServerConfigKeys (ConfUtils.java:logGet(62)) - raft.server.log.queue.byte-limit = 4294967296 (custom)
2025-09-13 17:31:22,958 [13facd30-3950-4310-8b1a-93d004abbbdd-groupManagement] INFO  server.RaftServerConfigKeys (ConfUtils.java:logGet(62)) - raft.server.log.segment.size.max = 67108864 (custom)
2025-09-13 17:31:22,958 [13facd30-3950-4310-8b1a-93d004abbbdd-groupManagement] INFO  server.RaftServerConfigKeys (ConfUtils.java:logGet(62)) - raft.server.log.preallocated.size = 4194304 (custom)
2025-09-13 17:31:22,961 [13facd30-3950-4310-8b1a-93d004abbbdd-groupManagement] INFO  server.RaftServerConfigKeys (ConfUtils.java:logGet(62)) - raft.server.log.write.buffer.size = 33554440 (custom)
2025-09-13 17:31:22,967 [13facd30-3950-4310-8b1a-93d004abbbdd-groupManagement] INFO  server.RaftServerConfigKeys (ConfUtils.java:logGet(62)) - raft.server.log.appender.buffer.byte-limit = 33554432 (custom)
2025-09-13 17:31:22,968 [13facd30-3950-4310-8b1a-93d004abbbdd-groupManagement] INFO  segmented.SegmentedRaftLogWorker (SegmentedRaftLogWorker.java:lambda$new$0(141)) - 13facd30-3950-4310-8b1a-93d004abbbdd@group-CF05563D4821-SegmentedRaftLogWorker: flushIndex: setUnconditionally 0 -> -1
2025-09-13 17:31:22,968 [13facd30-3950-4310-8b1a-93d004abbbdd-groupManagement] INFO  segmented.SegmentedRaftLogWorker (SegmentedRaftLogWorker.java:lambda$new$0(141)) - 13facd30-3950-4310-8b1a-93d004abbbdd@group-CF05563D4821-SegmentedRaftLogWorker: safeCacheEvictIndex: setUnconditionally 0 -> -1
2025-09-13 17:31:22,970 [grpc-default-executor-0] WARN  server.GrpcAdminProtocolService (GrpcAdminProtocolService.java:lambda$groupManagement$1(53)) - Failed groupManagement: GROUPADD, GroupManagementRequest:client-D170C6D4A2E7->9e23e878-9bb3-42b5-8b94-e0e229812e65@group-CF05563D4821, cid=9, seq=null, RW, null, Add:group-CF05563D4821:[9e23e878-9bb3-42b5-8b94-e0e229812e65|127.0.0.1:15023, 13facd30-3950-4310-8b1a-93d004abbbdd|127.0.0.1:15031, 36d876fb-a458-4393-963b-58eeedb8ba95|127.0.0.1:15015]
java.util.concurrent.CompletionException: org.apache.ratis.protocol.exceptions.AlreadyExistsException: 9e23e878-9bb3-42b5-8b94-e0e229812e65: Failed to add group-CF05563D4821:[9e23e878-9bb3-42b5-8b94-e0e229812e65|127.0.0.1:15023, 13facd30-3950-4310-8b1a-93d004abbbdd|127.0.0.1:15031, 36d876fb-a458-4393-963b-58eeedb8ba95|127.0.0.1:15015] since the group already exists in the map.
	at java.base/java.util.concurrent.CompletableFuture.encodeThrowable(CompletableFuture.java:332)
	at java.base/java.util.concurrent.CompletableFuture.uniApplyNow(CompletableFuture.java:674)
	at java.base/java.util.concurrent.CompletableFuture.uniApplyStage(CompletableFuture.java:662)
	at java.base/java.util.concurrent.CompletableFuture.thenApplyAsync(CompletableFuture.java:2210)
	at org.apache.ratis.server.impl.RaftServerProxy.groupAddAsync(RaftServerProxy.java:513)
	at org.apache.ratis.server.impl.RaftServerProxy.groupManagementAsync(RaftServerProxy.java:495)
	at org.apache.ratis.grpc.server.GrpcAdminProtocolService.lambda$groupManagement$0(GrpcAdminProtocolService.java:51)
	at org.apache.ratis.grpc.GrpcUtil.asyncCall(GrpcUtil.java:172)
	at org.apache.ratis.grpc.server.GrpcAdminProtocolService.groupManagement(GrpcAdminProtocolService.java:51)
	at org.apache.ratis.proto.grpc.AdminProtocolServiceGrpc$MethodHandlers.invoke(AdminProtocolServiceGrpc.java:701)
	at org.apache.ratis.thirdparty.io.grpc.stub.ServerCalls$UnaryServerCallHandler$UnaryServerCallListener.onHalfClose(ServerCalls.java:182)
	at org.apache.ratis.thirdparty.io.grpc.internal.ServerCallImpl$ServerStreamListenerImpl.halfClosed(ServerCallImpl.java:356)
	at org.apache.ratis.thirdparty.io.grpc.internal.ServerImpl$JumpToApplicationThreadServerStreamListener$1HalfClosed.runInContext(ServerImpl.java:861)
	at org.apache.ratis.thirdparty.io.grpc.internal.ContextRunnable.run(ContextRunnable.java:37)
	at org.apache.ratis.thirdparty.io.grpc.internal.SerializingExecutor.run(SerializingExecutor.java:133)
	at java.base/java.util.concurrent.ThreadPoolExecutor.runWorker(ThreadPoolExecutor.java:1144)
	at java.base/java.util.concurrent.ThreadPoolExecutor$Worker.run(ThreadPoolExecutor.java:642)
	at java.base/java.lang.Thread.run(Thread.java:1583)
Caused by: org.apache.ratis.protocol.exceptions.AlreadyExistsException: 9e23e878-9bb3-42b5-8b94-e0e229812e65: Failed to add group-CF05563D4821:[9e23e878-9bb3-42b5-8b94-e0e229812e65|127.0.0.1:15023, 13facd30-3950-4310-8b1a-93d004abbbdd|127.0.0.1:15031, 36d876fb-a458-4393-963b-58eeedb8ba95|127.0.0.1:15015] since the group already exists in the map.
	at org.apache.ratis.server.impl.RaftServerProxy$ImplMap.addNew(RaftServerProxy.java:99)
	at org.apache.ratis.server.impl.RaftServerProxy.groupAddAsync(RaftServerProxy.java:512)
	... 13 more
2025-09-13 17:31:22,971 [13facd30-3950-4310-8b1a-93d004abbbdd-groupManagement] INFO  server.RaftServer$Division (RaftServerImpl.java:start(405)) - 13facd30-3950-4310-8b1a-93d004abbbdd@group-CF05563D4821: start as a follower, conf=conf: {index: -1, cur=peers:[9e23e878-9bb3-42b5-8b94-e0e229812e65|127.0.0.1:15023, 13facd30-3950-4310-8b1a-93d004abbbdd|127.0.0.1:15031, 36d876fb-a458-4393-963b-58eeedb8ba95|127.0.0.1:15015]|listeners:[], old=null}
2025-09-13 17:31:22,971 [13facd30-3950-4310-8b1a-93d004abbbdd-groupManagement] INFO  server.RaftServer$Division (RaftServerImpl.java:setRole(392)) - 13facd30-3950-4310-8b1a-93d004abbbdd@group-CF05563D4821: changes role from      null to FOLLOWER at term 0 for startAsFollower
2025-09-13 17:31:22,971 [13facd30-3950-4310-8b1a-93d004abbbdd-groupManagement] INFO  impl.RoleInfo (RoleInfo.java:updateAndGet(148)) - 13facd30-3950-4310-8b1a-93d004abbbdd: start 13facd30-3950-4310-8b1a-93d004abbbdd@group-CF05563D4821-FollowerState
2025-09-13 17:31:22,972 [13facd30-3950-4310-8b1a-93d004abbbdd-groupManagement] INFO  util.JmxRegister (JmxRegister.java:tryRegister(44)) - Successfully registered JMX Bean with object name Ratis:service=RaftServer,group=group-CF05563D4821,id=13facd30-3950-4310-8b1a-93d004abbbdd
2025-09-13 17:31:22,972 [13facd30-3950-4310-8b1a-93d004abbbdd-groupManagement] INFO  util.JmxRegister (JmxRegister.java:register(58)) - register mxBean class org.apache.ratis.server.impl.RaftServerJmxAdapter as Ratis:service=RaftServer,group=group-CF05563D4821,id=13facd30-3950-4310-8b1a-93d004abbbdd
2025-09-13 17:31:22,974 [e114cbd1-8f45-4cc5-a8b1-e2bd6cad48a0-groupManagement] INFO  server.RaftServerConfigKeys (ConfUtils.java:logGet(62)) - raft.server.storage.dir = [/home/runner/work/ozone/ozone/hadoop-ozone/integration-test/target/test-dir/MiniOzoneClusterImpl-1331a795-ed08-415d-924a-7661a5cf51a5/ozone-metadata/datanode-5/ratis] (custom)
2025-09-13 17:31:22,974 [e114cbd1-8f45-4cc5-a8b1-e2bd6cad48a0-groupManagement] INFO  storage.RaftStorageDirectory (RaftStorageDirectoryImpl.java:analyzeStorage(138)) - The storage directory /home/runner/work/ozone/ozone/hadoop-ozone/integration-test/target/test-dir/MiniOzoneClusterImpl-1331a795-ed08-415d-924a-7661a5cf51a5/ozone-metadata/datanode-5/ratis/7755b6c1-031a-4d9a-a8c0-23d9289878c2 does not exist. Creating ...
2025-09-13 17:31:22,976 [e114cbd1-8f45-4cc5-a8b1-e2bd6cad48a0-groupManagement] INFO  storage.RaftStorageDirectory (RaftStorageDirectoryImpl.java:tryLock(229)) - Lock on /home/runner/work/ozone/ozone/hadoop-ozone/integration-test/target/test-dir/MiniOzoneClusterImpl-1331a795-ed08-415d-924a-7661a5cf51a5/ozone-metadata/datanode-5/ratis/7755b6c1-031a-4d9a-a8c0-23d9289878c2/in_use.lock acquired by nodename 22846@localhost
2025-09-13 17:31:22,976 [13facd30-3950-4310-8b1a-93d004abbbdd-groupManagement] INFO  server.RaftServer$Division (RaftServerImpl.java:start(419)) - 13facd30-3950-4310-8b1a-93d004abbbdd@group-CF05563D4821: Successfully started.
2025-09-13 17:31:22,977 [13facd30-3950-4310-8b1a-93d004abbbdd-CreatePipelineCommandHandlerThread-0] INFO  ratis.XceiverServerRatis (XceiverServerRatis.java:addGroup(831)) - Created group Pipeline-59c25a4c-b008-4c23-bf2e-cf05563d4821
2025-09-13 17:31:22,978 [e114cbd1-8f45-4cc5-a8b1-e2bd6cad48a0-groupManagement] INFO  storage.RaftStorage (RaftStorageImpl.java:format(98)) - Storage directory /home/runner/work/ozone/ozone/hadoop-ozone/integration-test/target/test-dir/MiniOzoneClusterImpl-1331a795-ed08-415d-924a-7661a5cf51a5/ozone-metadata/datanode-5/ratis/7755b6c1-031a-4d9a-a8c0-23d9289878c2 has been successfully formatted.
2025-09-13 17:31:22,980 [e114cbd1-8f45-4cc5-a8b1-e2bd6cad48a0-groupManagement] INFO  ratis.ContainerStateMachine (ContainerStateMachine.java:initialize(339)) - e114cbd1-8f45-4cc5-a8b1-e2bd6cad48a0: initialize group-23D9289878C2
2025-09-13 17:31:22,980 [e114cbd1-8f45-4cc5-a8b1-e2bd6cad48a0-groupManagement] INFO  ratis.ContainerStateMachine (ContainerStateMachine.java:loadSnapshot(347)) - group-23D9289878C2: The snapshot info is null. Setting the last applied index to:<INITIAL_VALUE>
2025-09-13 17:31:22,980 [e114cbd1-8f45-4cc5-a8b1-e2bd6cad48a0-groupManagement] INFO  server.RaftServerConfigKeys (ConfUtils.java:logGet(62)) - raft.server.log.appender.buffer.byte-limit = 33554432 (custom)
2025-09-13 17:31:22,981 [36d876fb-a458-4393-963b-58eeedb8ba95-CreatePipelineCommandHandlerThread-0] INFO  commandhandler.CreatePipelineCommandHandler (CreatePipelineCommandHandler.java:lambda$handle$2(141)) - Created Pipeline RATIS THREE Pipeline-59c25a4c-b008-4c23-bf2e-cf05563d4821.
2025-09-13 17:31:22,983 [EventQueue-PipelineReportForOneReplicaPipelineSafeModeRule] INFO  safemode.SCMSafeModeManager (SCMSafeModeManager.java:validateSafeModeExitRules(138)) - AtleastOneDatanodeReportedRule rule is successfully validated
2025-09-13 17:31:22,985 [e114cbd1-8f45-4cc5-a8b1-e2bd6cad48a0-groupManagement] INFO  server.RaftServerConfigKeys (ConfUtils.java:logGet(62)) - raft.server.log.segment.size.max = 67108864 (custom)
2025-09-13 17:31:22,986 [e114cbd1-8f45-4cc5-a8b1-e2bd6cad48a0-groupManagement] INFO  server.RaftServerConfigKeys (ConfUtils.java:logGet(62)) - raft.server.log.appender.buffer.byte-limit = 33554432 (custom)
2025-09-13 17:31:22,986 [e114cbd1-8f45-4cc5-a8b1-e2bd6cad48a0-groupManagement] INFO  util.AwaitToRun (AwaitToRun.java:start(81)) - Thread[#1271,e114cbd1-8f45-4cc5-a8b1-e2bd6cad48a0@group-23D9289878C2-cacheEviction-AwaitToRun,5,main] started
2025-09-13 17:31:22,986 [e114cbd1-8f45-4cc5-a8b1-e2bd6cad48a0-groupManagement] INFO  segmented.SegmentedRaftLogWorker (SegmentedRaftLogWorker.java:<init>(190)) - new e114cbd1-8f45-4cc5-a8b1-e2bd6cad48a0@group-23D9289878C2-SegmentedRaftLogWorker for RaftStorageImpl:Storage Directory /home/runner/work/ozone/ozone/hadoop-ozone/integration-test/target/test-dir/MiniOzoneClusterImpl-1331a795-ed08-415d-924a-7661a5cf51a5/ozone-metadata/datanode-5/ratis/7755b6c1-031a-4d9a-a8c0-23d9289878c2
2025-09-13 17:31:22,986 [e114cbd1-8f45-4cc5-a8b1-e2bd6cad48a0-groupManagement] INFO  server.RaftServerConfigKeys (ConfUtils.java:logGet(62)) - raft.server.log.queue.byte-limit = 4294967296 (custom)
2025-09-13 17:31:22,986 [e114cbd1-8f45-4cc5-a8b1-e2bd6cad48a0-groupManagement] INFO  server.RaftServerConfigKeys (ConfUtils.java:logGet(62)) - raft.server.log.segment.size.max = 67108864 (custom)
2025-09-13 17:31:22,986 [e114cbd1-8f45-4cc5-a8b1-e2bd6cad48a0-groupManagement] INFO  server.RaftServerConfigKeys (ConfUtils.java:logGet(62)) - raft.server.log.preallocated.size = 4194304 (custom)
2025-09-13 17:31:22,987 [e114cbd1-8f45-4cc5-a8b1-e2bd6cad48a0-groupManagement] INFO  server.RaftServerConfigKeys (ConfUtils.java:logGet(62)) - raft.server.log.write.buffer.size = 33554440 (custom)
2025-09-13 17:31:22,991 [grpc-default-executor-0] WARN  server.GrpcAdminProtocolService (GrpcAdminProtocolService.java:lambda$groupManagement$1(53)) - Failed groupManagement: GROUPADD, GroupManagementRequest:client-DC201169BDDC->36d876fb-a458-4393-963b-58eeedb8ba95@group-CF05563D4821, cid=10, seq=null, RW, null, Add:group-CF05563D4821:[9e23e878-9bb3-42b5-8b94-e0e229812e65|127.0.0.1:15023, 13facd30-3950-4310-8b1a-93d004abbbdd|127.0.0.1:15031, 36d876fb-a458-4393-963b-58eeedb8ba95|127.0.0.1:15015]
java.util.concurrent.CompletionException: org.apache.ratis.protocol.exceptions.AlreadyExistsException: 36d876fb-a458-4393-963b-58eeedb8ba95: Failed to add group-CF05563D4821:[9e23e878-9bb3-42b5-8b94-e0e229812e65|127.0.0.1:15023, 13facd30-3950-4310-8b1a-93d004abbbdd|127.0.0.1:15031, 36d876fb-a458-4393-963b-58eeedb8ba95|127.0.0.1:15015] since the group already exists in the map.
	at java.base/java.util.concurrent.CompletableFuture.encodeThrowable(CompletableFuture.java:332)
	at java.base/java.util.concurrent.CompletableFuture.uniApplyNow(CompletableFuture.java:674)
	at java.base/java.util.concurrent.CompletableFuture.uniApplyStage(CompletableFuture.java:662)
	at java.base/java.util.concurrent.CompletableFuture.thenApplyAsync(CompletableFuture.java:2210)
	at org.apache.ratis.server.impl.RaftServerProxy.groupAddAsync(RaftServerProxy.java:513)
	at org.apache.ratis.server.impl.RaftServerProxy.groupManagementAsync(RaftServerProxy.java:495)
	at org.apache.ratis.grpc.server.GrpcAdminProtocolService.lambda$groupManagement$0(GrpcAdminProtocolService.java:51)
	at org.apache.ratis.grpc.GrpcUtil.asyncCall(GrpcUtil.java:172)
	at org.apache.ratis.grpc.server.GrpcAdminProtocolService.groupManagement(GrpcAdminProtocolService.java:51)
	at org.apache.ratis.proto.grpc.AdminProtocolServiceGrpc$MethodHandlers.invoke(AdminProtocolServiceGrpc.java:701)
	at org.apache.ratis.thirdparty.io.grpc.stub.ServerCalls$UnaryServerCallHandler$UnaryServerCallListener.onHalfClose(ServerCalls.java:182)
	at org.apache.ratis.thirdparty.io.grpc.internal.ServerCallImpl$ServerStreamListenerImpl.halfClosed(ServerCallImpl.java:356)
	at org.apache.ratis.thirdparty.io.grpc.internal.ServerImpl$JumpToApplicationThreadServerStreamListener$1HalfClosed.runInContext(ServerImpl.java:861)
	at org.apache.ratis.thirdparty.io.grpc.internal.ContextRunnable.run(ContextRunnable.java:37)
	at org.apache.ratis.thirdparty.io.grpc.internal.SerializingExecutor.run(SerializingExecutor.java:133)
	at java.base/java.util.concurrent.ThreadPoolExecutor.runWorker(ThreadPoolExecutor.java:1144)
	at java.base/java.util.concurrent.ThreadPoolExecutor$Worker.run(ThreadPoolExecutor.java:642)
	at java.base/java.lang.Thread.run(Thread.java:1583)
Caused by: org.apache.ratis.protocol.exceptions.AlreadyExistsException: 36d876fb-a458-4393-963b-58eeedb8ba95: Failed to add group-CF05563D4821:[9e23e878-9bb3-42b5-8b94-e0e229812e65|127.0.0.1:15023, 13facd30-3950-4310-8b1a-93d004abbbdd|127.0.0.1:15031, 36d876fb-a458-4393-963b-58eeedb8ba95|127.0.0.1:15015] since the group already exists in the map.
	at org.apache.ratis.server.impl.RaftServerProxy$ImplMap.addNew(RaftServerProxy.java:99)
	at org.apache.ratis.server.impl.RaftServerProxy.groupAddAsync(RaftServerProxy.java:512)
	... 13 more
2025-09-13 17:31:22,993 [e114cbd1-8f45-4cc5-a8b1-e2bd6cad48a0-groupManagement] INFO  server.RaftServerConfigKeys (ConfUtils.java:logGet(62)) - raft.server.log.appender.buffer.byte-limit = 33554432 (custom)
2025-09-13 17:31:22,993 [e114cbd1-8f45-4cc5-a8b1-e2bd6cad48a0-groupManagement] INFO  segmented.SegmentedRaftLogWorker (SegmentedRaftLogWorker.java:lambda$new$0(141)) - e114cbd1-8f45-4cc5-a8b1-e2bd6cad48a0@group-23D9289878C2-SegmentedRaftLogWorker: flushIndex: setUnconditionally 0 -> -1
2025-09-13 17:31:22,993 [e114cbd1-8f45-4cc5-a8b1-e2bd6cad48a0-groupManagement] INFO  segmented.SegmentedRaftLogWorker (SegmentedRaftLogWorker.java:lambda$new$0(141)) - e114cbd1-8f45-4cc5-a8b1-e2bd6cad48a0@group-23D9289878C2-SegmentedRaftLogWorker: safeCacheEvictIndex: setUnconditionally 0 -> -1
2025-09-13 17:31:22,995 [grpc-default-executor-1] WARN  server.GrpcAdminProtocolService (GrpcAdminProtocolService.java:lambda$groupManagement$1(53)) - Failed groupManagement: GROUPADD, GroupManagementRequest:client-8A4D7CE99AE4->36d876fb-a458-4393-963b-58eeedb8ba95@group-CF05563D4821, cid=11, seq=null, RW, null, Add:group-CF05563D4821:[9e23e878-9bb3-42b5-8b94-e0e229812e65|127.0.0.1:15023, 13facd30-3950-4310-8b1a-93d004abbbdd|127.0.0.1:15031, 36d876fb-a458-4393-963b-58eeedb8ba95|127.0.0.1:15015]
java.util.concurrent.CompletionException: org.apache.ratis.protocol.exceptions.AlreadyExistsException: 36d876fb-a458-4393-963b-58eeedb8ba95: Failed to add group-CF05563D4821:[9e23e878-9bb3-42b5-8b94-e0e229812e65|127.0.0.1:15023, 13facd30-3950-4310-8b1a-93d004abbbdd|127.0.0.1:15031, 36d876fb-a458-4393-963b-58eeedb8ba95|127.0.0.1:15015] since the group already exists in the map.
	at java.base/java.util.concurrent.CompletableFuture.encodeThrowable(CompletableFuture.java:332)
	at java.base/java.util.concurrent.CompletableFuture.uniApplyNow(CompletableFuture.java:674)
	at java.base/java.util.concurrent.CompletableFuture.uniApplyStage(CompletableFuture.java:662)
	at java.base/java.util.concurrent.CompletableFuture.thenApplyAsync(CompletableFuture.java:2210)
	at org.apache.ratis.server.impl.RaftServerProxy.groupAddAsync(RaftServerProxy.java:513)
	at org.apache.ratis.server.impl.RaftServerProxy.groupManagementAsync(RaftServerProxy.java:495)
	at org.apache.ratis.grpc.server.GrpcAdminProtocolService.lambda$groupManagement$0(GrpcAdminProtocolService.java:51)
	at org.apache.ratis.grpc.GrpcUtil.asyncCall(GrpcUtil.java:172)
	at org.apache.ratis.grpc.server.GrpcAdminProtocolService.groupManagement(GrpcAdminProtocolService.java:51)
	at org.apache.ratis.proto.grpc.AdminProtocolServiceGrpc$MethodHandlers.invoke(AdminProtocolServiceGrpc.java:701)
	at org.apache.ratis.thirdparty.io.grpc.stub.ServerCalls$UnaryServerCallHandler$UnaryServerCallListener.onHalfClose(ServerCalls.java:182)
	at org.apache.ratis.thirdparty.io.grpc.internal.ServerCallImpl$ServerStreamListenerImpl.halfClosed(ServerCallImpl.java:356)
	at org.apache.ratis.thirdparty.io.grpc.internal.ServerImpl$JumpToApplicationThreadServerStreamListener$1HalfClosed.runInContext(ServerImpl.java:861)
	at org.apache.ratis.thirdparty.io.grpc.internal.ContextRunnable.run(ContextRunnable.java:37)
	at org.apache.ratis.thirdparty.io.grpc.internal.SerializingExecutor.run(SerializingExecutor.java:133)
	at java.base/java.util.concurrent.ThreadPoolExecutor.runWorker(ThreadPoolExecutor.java:1144)
	at java.base/java.util.concurrent.ThreadPoolExecutor$Worker.run(ThreadPoolExecutor.java:642)
	at java.base/java.lang.Thread.run(Thread.java:1583)
Caused by: org.apache.ratis.protocol.exceptions.AlreadyExistsException: 36d876fb-a458-4393-963b-58eeedb8ba95: Failed to add group-CF05563D4821:[9e23e878-9bb3-42b5-8b94-e0e229812e65|127.0.0.1:15023, 13facd30-3950-4310-8b1a-93d004abbbdd|127.0.0.1:15031, 36d876fb-a458-4393-963b-58eeedb8ba95|127.0.0.1:15015] since the group already exists in the map.
	at org.apache.ratis.server.impl.RaftServerProxy$ImplMap.addNew(RaftServerProxy.java:99)
	at org.apache.ratis.server.impl.RaftServerProxy.groupAddAsync(RaftServerProxy.java:512)
	... 13 more
2025-09-13 17:31:22,995 [e114cbd1-8f45-4cc5-a8b1-e2bd6cad48a0-groupManagement] INFO  server.RaftServer$Division (RaftServerImpl.java:start(405)) - e114cbd1-8f45-4cc5-a8b1-e2bd6cad48a0@group-23D9289878C2: start as a follower, conf=conf: {index: -1, cur=peers:[d3aade32-661d-499d-9068-ea1550ed8656|127.0.0.1:15055, beda0dcb-37da-4cca-bea2-e222cb1bc351|127.0.0.1:15039, e114cbd1-8f45-4cc5-a8b1-e2bd6cad48a0|127.0.0.1:15047]|listeners:[], old=null}
2025-09-13 17:31:22,995 [e114cbd1-8f45-4cc5-a8b1-e2bd6cad48a0-groupManagement] INFO  server.RaftServer$Division (RaftServerImpl.java:setRole(392)) - e114cbd1-8f45-4cc5-a8b1-e2bd6cad48a0@group-23D9289878C2: changes role from      null to FOLLOWER at term 0 for startAsFollower
2025-09-13 17:31:22,995 [e114cbd1-8f45-4cc5-a8b1-e2bd6cad48a0-groupManagement] INFO  impl.RoleInfo (RoleInfo.java:updateAndGet(148)) - e114cbd1-8f45-4cc5-a8b1-e2bd6cad48a0: start e114cbd1-8f45-4cc5-a8b1-e2bd6cad48a0@group-23D9289878C2-FollowerState
2025-09-13 17:31:22,995 [e114cbd1-8f45-4cc5-a8b1-e2bd6cad48a0-groupManagement] INFO  util.JmxRegister (JmxRegister.java:tryRegister(44)) - Successfully registered JMX Bean with object name Ratis:service=RaftServer,group=group-23D9289878C2,id=e114cbd1-8f45-4cc5-a8b1-e2bd6cad48a0
2025-09-13 17:31:22,995 [e114cbd1-8f45-4cc5-a8b1-e2bd6cad48a0-groupManagement] INFO  util.JmxRegister (JmxRegister.java:register(58)) - register mxBean class org.apache.ratis.server.impl.RaftServerJmxAdapter as Ratis:service=RaftServer,group=group-23D9289878C2,id=e114cbd1-8f45-4cc5-a8b1-e2bd6cad48a0
2025-09-13 17:31:22,997 [e114cbd1-8f45-4cc5-a8b1-e2bd6cad48a0-groupManagement] INFO  server.RaftServer$Division (RaftServerImpl.java:start(419)) - e114cbd1-8f45-4cc5-a8b1-e2bd6cad48a0@group-23D9289878C2: Successfully started.
2025-09-13 17:31:22,997 [e114cbd1-8f45-4cc5-a8b1-e2bd6cad48a0-CreatePipelineCommandHandlerThread-0] INFO  ratis.XceiverServerRatis (XceiverServerRatis.java:addGroup(831)) - Created group Pipeline-7755b6c1-031a-4d9a-a8c0-23d9289878c2
2025-09-13 17:31:23,007 [grpc-default-executor-0] INFO  server.RaftServer (RaftServerProxy.java:addNew(105)) - d3aade32-661d-499d-9068-ea1550ed8656: addNew group-23D9289878C2:[d3aade32-661d-499d-9068-ea1550ed8656|127.0.0.1:15055, beda0dcb-37da-4cca-bea2-e222cb1bc351|127.0.0.1:15039, e114cbd1-8f45-4cc5-a8b1-e2bd6cad48a0|127.0.0.1:15047] returns group-23D9289878C2:java.util.concurrent.CompletableFuture@31af0f56[Not completed]
2025-09-13 17:31:23,007 [9e23e878-9bb3-42b5-8b94-e0e229812e65-CreatePipelineCommandHandlerThread-0] INFO  commandhandler.CreatePipelineCommandHandler (CreatePipelineCommandHandler.java:lambda$handle$2(141)) - Created Pipeline RATIS THREE Pipeline-59c25a4c-b008-4c23-bf2e-cf05563d4821.
2025-09-13 17:31:23,009 [d3aade32-661d-499d-9068-ea1550ed8656-groupManagement] INFO  server.RaftServer$Division (RaftServerImpl.java:<init>(268)) - d3aade32-661d-499d-9068-ea1550ed8656: new RaftServerImpl for group-23D9289878C2:[d3aade32-661d-499d-9068-ea1550ed8656|127.0.0.1:15055, beda0dcb-37da-4cca-bea2-e222cb1bc351|127.0.0.1:15039, e114cbd1-8f45-4cc5-a8b1-e2bd6cad48a0|127.0.0.1:15047] with ContainerStateMachine:uninitialized
2025-09-13 17:31:23,009 [d3aade32-661d-499d-9068-ea1550ed8656-groupManagement] INFO  server.RaftServer$Division (ServerState.java:<init>(114)) - d3aade32-661d-499d-9068-ea1550ed8656@group-23D9289878C2: ConfigurationManager, init=conf: {index: -1, cur=peers:[d3aade32-661d-499d-9068-ea1550ed8656|127.0.0.1:15055, beda0dcb-37da-4cca-bea2-e222cb1bc351|127.0.0.1:15039, e114cbd1-8f45-4cc5-a8b1-e2bd6cad48a0|127.0.0.1:15047]|listeners:[], old=null}, confs=<EMPTY_MAP>
2025-09-13 17:31:23,013 [grpc-default-executor-0] WARN  server.GrpcAdminProtocolService (GrpcAdminProtocolService.java:lambda$groupManagement$1(53)) - Failed groupManagement: GROUPADD, GroupManagementRequest:client-29DC2FA61D5B->9e23e878-9bb3-42b5-8b94-e0e229812e65@group-CF05563D4821, cid=13, seq=null, RW, null, Add:group-CF05563D4821:[9e23e878-9bb3-42b5-8b94-e0e229812e65|127.0.0.1:15023, 13facd30-3950-4310-8b1a-93d004abbbdd|127.0.0.1:15031, 36d876fb-a458-4393-963b-58eeedb8ba95|127.0.0.1:15015]
java.util.concurrent.CompletionException: org.apache.ratis.protocol.exceptions.AlreadyExistsException: 9e23e878-9bb3-42b5-8b94-e0e229812e65: Failed to add group-CF05563D4821:[9e23e878-9bb3-42b5-8b94-e0e229812e65|127.0.0.1:15023, 13facd30-3950-4310-8b1a-93d004abbbdd|127.0.0.1:15031, 36d876fb-a458-4393-963b-58eeedb8ba95|127.0.0.1:15015] since the group already exists in the map.
	at java.base/java.util.concurrent.CompletableFuture.encodeThrowable(CompletableFuture.java:332)
	at java.base/java.util.concurrent.CompletableFuture.uniApplyNow(CompletableFuture.java:674)
	at java.base/java.util.concurrent.CompletableFuture.uniApplyStage(CompletableFuture.java:662)
	at java.base/java.util.concurrent.CompletableFuture.thenApplyAsync(CompletableFuture.java:2210)
	at org.apache.ratis.server.impl.RaftServerProxy.groupAddAsync(RaftServerProxy.java:513)
	at org.apache.ratis.server.impl.RaftServerProxy.groupManagementAsync(RaftServerProxy.java:495)
	at org.apache.ratis.grpc.server.GrpcAdminProtocolService.lambda$groupManagement$0(GrpcAdminProtocolService.java:51)
	at org.apache.ratis.grpc.GrpcUtil.asyncCall(GrpcUtil.java:172)
	at org.apache.ratis.grpc.server.GrpcAdminProtocolService.groupManagement(GrpcAdminProtocolService.java:51)
	at org.apache.ratis.proto.grpc.AdminProtocolServiceGrpc$MethodHandlers.invoke(AdminProtocolServiceGrpc.java:701)
	at org.apache.ratis.thirdparty.io.grpc.stub.ServerCalls$UnaryServerCallHandler$UnaryServerCallListener.onHalfClose(ServerCalls.java:182)
	at org.apache.ratis.thirdparty.io.grpc.internal.ServerCallImpl$ServerStreamListenerImpl.halfClosed(ServerCallImpl.java:356)
	at org.apache.ratis.thirdparty.io.grpc.internal.ServerImpl$JumpToApplicationThreadServerStreamListener$1HalfClosed.runInContext(ServerImpl.java:861)
	at org.apache.ratis.thirdparty.io.grpc.internal.ContextRunnable.run(ContextRunnable.java:37)
	at org.apache.ratis.thirdparty.io.grpc.internal.SerializingExecutor.run(SerializingExecutor.java:133)
	at java.base/java.util.concurrent.ThreadPoolExecutor.runWorker(ThreadPoolExecutor.java:1144)
	at java.base/java.util.concurrent.ThreadPoolExecutor$Worker.run(ThreadPoolExecutor.java:642)
	at java.base/java.lang.Thread.run(Thread.java:1583)
Caused by: org.apache.ratis.protocol.exceptions.AlreadyExistsException: 9e23e878-9bb3-42b5-8b94-e0e229812e65: Failed to add group-CF05563D4821:[9e23e878-9bb3-42b5-8b94-e0e229812e65|127.0.0.1:15023, 13facd30-3950-4310-8b1a-93d004abbbdd|127.0.0.1:15031, 36d876fb-a458-4393-963b-58eeedb8ba95|127.0.0.1:15015] since the group already exists in the map.
	at org.apache.ratis.server.impl.RaftServerProxy$ImplMap.addNew(RaftServerProxy.java:99)
	at org.apache.ratis.server.impl.RaftServerProxy.groupAddAsync(RaftServerProxy.java:512)
	... 13 more
2025-09-13 17:31:23,015 [d3aade32-661d-499d-9068-ea1550ed8656-groupManagement] INFO  server.RaftServerConfigKeys (ConfUtils.java:logGet(62)) - raft.server.storage.dir = [/home/runner/work/ozone/ozone/hadoop-ozone/integration-test/target/test-dir/MiniOzoneClusterImpl-1331a795-ed08-415d-924a-7661a5cf51a5/ozone-metadata/datanode-6/ratis] (custom)
2025-09-13 17:31:23,015 [d3aade32-661d-499d-9068-ea1550ed8656-groupManagement] INFO  storage.RaftStorageDirectory (RaftStorageDirectoryImpl.java:analyzeStorage(138)) - The storage directory /home/runner/work/ozone/ozone/hadoop-ozone/integration-test/target/test-dir/MiniOzoneClusterImpl-1331a795-ed08-415d-924a-7661a5cf51a5/ozone-metadata/datanode-6/ratis/7755b6c1-031a-4d9a-a8c0-23d9289878c2 does not exist. Creating ...
2025-09-13 17:31:23,016 [d3aade32-661d-499d-9068-ea1550ed8656-groupManagement] INFO  storage.RaftStorageDirectory (RaftStorageDirectoryImpl.java:tryLock(229)) - Lock on /home/runner/work/ozone/ozone/hadoop-ozone/integration-test/target/test-dir/MiniOzoneClusterImpl-1331a795-ed08-415d-924a-7661a5cf51a5/ozone-metadata/datanode-6/ratis/7755b6c1-031a-4d9a-a8c0-23d9289878c2/in_use.lock acquired by nodename 22846@localhost
2025-09-13 17:31:23,018 [d3aade32-661d-499d-9068-ea1550ed8656-groupManagement] INFO  storage.RaftStorage (RaftStorageImpl.java:format(98)) - Storage directory /home/runner/work/ozone/ozone/hadoop-ozone/integration-test/target/test-dir/MiniOzoneClusterImpl-1331a795-ed08-415d-924a-7661a5cf51a5/ozone-metadata/datanode-6/ratis/7755b6c1-031a-4d9a-a8c0-23d9289878c2 has been successfully formatted.
2025-09-13 17:31:23,019 [d3aade32-661d-499d-9068-ea1550ed8656-groupManagement] INFO  ratis.ContainerStateMachine (ContainerStateMachine.java:initialize(339)) - d3aade32-661d-499d-9068-ea1550ed8656: initialize group-23D9289878C2
2025-09-13 17:31:23,019 [d3aade32-661d-499d-9068-ea1550ed8656-groupManagement] INFO  ratis.ContainerStateMachine (ContainerStateMachine.java:loadSnapshot(347)) - group-23D9289878C2: The snapshot info is null. Setting the last applied index to:<INITIAL_VALUE>
2025-09-13 17:31:23,019 [d3aade32-661d-499d-9068-ea1550ed8656-groupManagement] INFO  server.RaftServerConfigKeys (ConfUtils.java:logGet(62)) - raft.server.log.appender.buffer.byte-limit = 33554432 (custom)
2025-09-13 17:31:23,021 [d3aade32-661d-499d-9068-ea1550ed8656-groupManagement] INFO  server.RaftServerConfigKeys (ConfUtils.java:logGet(62)) - raft.server.log.segment.size.max = 67108864 (custom)
2025-09-13 17:31:23,023 [EventQueue-PipelineReportForOneReplicaPipelineSafeModeRule] INFO  safemode.SCMSafeModeManager (SCMSafeModeManager.java:validateSafeModeExitRules(138)) - AtleastOneDatanodeReportedRule rule is successfully validated
2025-09-13 17:31:23,022 [13facd30-3950-4310-8b1a-93d004abbbdd-CreatePipelineCommandHandlerThread-0] INFO  commandhandler.CreatePipelineCommandHandler (CreatePipelineCommandHandler.java:lambda$handle$2(141)) - Created Pipeline RATIS THREE Pipeline-59c25a4c-b008-4c23-bf2e-cf05563d4821.
2025-09-13 17:31:23,024 [d3aade32-661d-499d-9068-ea1550ed8656-groupManagement] INFO  server.RaftServerConfigKeys (ConfUtils.java:logGet(62)) - raft.server.log.appender.buffer.byte-limit = 33554432 (custom)
2025-09-13 17:31:23,024 [d3aade32-661d-499d-9068-ea1550ed8656-groupManagement] INFO  util.AwaitToRun (AwaitToRun.java:start(81)) - Thread[#1284,d3aade32-661d-499d-9068-ea1550ed8656@group-23D9289878C2-cacheEviction-AwaitToRun,5,main] started
2025-09-13 17:31:23,024 [d3aade32-661d-499d-9068-ea1550ed8656-groupManagement] INFO  segmented.SegmentedRaftLogWorker (SegmentedRaftLogWorker.java:<init>(190)) - new d3aade32-661d-499d-9068-ea1550ed8656@group-23D9289878C2-SegmentedRaftLogWorker for RaftStorageImpl:Storage Directory /home/runner/work/ozone/ozone/hadoop-ozone/integration-test/target/test-dir/MiniOzoneClusterImpl-1331a795-ed08-415d-924a-7661a5cf51a5/ozone-metadata/datanode-6/ratis/7755b6c1-031a-4d9a-a8c0-23d9289878c2
2025-09-13 17:31:23,024 [d3aade32-661d-499d-9068-ea1550ed8656-groupManagement] INFO  server.RaftServerConfigKeys (ConfUtils.java:logGet(62)) - raft.server.log.queue.byte-limit = 4294967296 (custom)
2025-09-13 17:31:23,024 [d3aade32-661d-499d-9068-ea1550ed8656-groupManagement] INFO  server.RaftServerConfigKeys (ConfUtils.java:logGet(62)) - raft.server.log.segment.size.max = 67108864 (custom)
2025-09-13 17:31:23,025 [d3aade32-661d-499d-9068-ea1550ed8656-groupManagement] INFO  server.RaftServerConfigKeys (ConfUtils.java:logGet(62)) - raft.server.log.preallocated.size = 4194304 (custom)
2025-09-13 17:31:23,025 [d3aade32-661d-499d-9068-ea1550ed8656-groupManagement] INFO  server.RaftServerConfigKeys (ConfUtils.java:logGet(62)) - raft.server.log.write.buffer.size = 33554440 (custom)
2025-09-13 17:31:23,030 [d3aade32-661d-499d-9068-ea1550ed8656-groupManagement] INFO  server.RaftServerConfigKeys (ConfUtils.java:logGet(62)) - raft.server.log.appender.buffer.byte-limit = 33554432 (custom)
2025-09-13 17:31:23,031 [d3aade32-661d-499d-9068-ea1550ed8656-groupManagement] INFO  segmented.SegmentedRaftLogWorker (SegmentedRaftLogWorker.java:lambda$new$0(141)) - d3aade32-661d-499d-9068-ea1550ed8656@group-23D9289878C2-SegmentedRaftLogWorker: flushIndex: setUnconditionally 0 -> -1
2025-09-13 17:31:23,031 [d3aade32-661d-499d-9068-ea1550ed8656-groupManagement] INFO  segmented.SegmentedRaftLogWorker (SegmentedRaftLogWorker.java:lambda$new$0(141)) - d3aade32-661d-499d-9068-ea1550ed8656@group-23D9289878C2-SegmentedRaftLogWorker: safeCacheEvictIndex: setUnconditionally 0 -> -1
2025-09-13 17:31:23,031 [d3aade32-661d-499d-9068-ea1550ed8656-groupManagement] INFO  server.RaftServer$Division (RaftServerImpl.java:start(405)) - d3aade32-661d-499d-9068-ea1550ed8656@group-23D9289878C2: start as a follower, conf=conf: {index: -1, cur=peers:[d3aade32-661d-499d-9068-ea1550ed8656|127.0.0.1:15055, beda0dcb-37da-4cca-bea2-e222cb1bc351|127.0.0.1:15039, e114cbd1-8f45-4cc5-a8b1-e2bd6cad48a0|127.0.0.1:15047]|listeners:[], old=null}
2025-09-13 17:31:23,031 [d3aade32-661d-499d-9068-ea1550ed8656-groupManagement] INFO  server.RaftServer$Division (RaftServerImpl.java:setRole(392)) - d3aade32-661d-499d-9068-ea1550ed8656@group-23D9289878C2: changes role from      null to FOLLOWER at term 0 for startAsFollower
2025-09-13 17:31:23,031 [d3aade32-661d-499d-9068-ea1550ed8656-groupManagement] INFO  impl.RoleInfo (RoleInfo.java:updateAndGet(148)) - d3aade32-661d-499d-9068-ea1550ed8656: start d3aade32-661d-499d-9068-ea1550ed8656@group-23D9289878C2-FollowerState
2025-09-13 17:31:23,032 [d3aade32-661d-499d-9068-ea1550ed8656-groupManagement] INFO  util.JmxRegister (JmxRegister.java:tryRegister(44)) - Successfully registered JMX Bean with object name Ratis:service=RaftServer,group=group-23D9289878C2,id=d3aade32-661d-499d-9068-ea1550ed8656
2025-09-13 17:31:23,032 [d3aade32-661d-499d-9068-ea1550ed8656-groupManagement] INFO  util.JmxRegister (JmxRegister.java:register(58)) - register mxBean class org.apache.ratis.server.impl.RaftServerJmxAdapter as Ratis:service=RaftServer,group=group-23D9289878C2,id=d3aade32-661d-499d-9068-ea1550ed8656
2025-09-13 17:31:23,033 [d3aade32-661d-499d-9068-ea1550ed8656-groupManagement] INFO  server.RaftServer$Division (RaftServerImpl.java:start(419)) - d3aade32-661d-499d-9068-ea1550ed8656@group-23D9289878C2: Successfully started.
2025-09-13 17:31:23,047 [beda0dcb-37da-4cca-bea2-e222cb1bc351-groupManagement] INFO  server.RaftServer$Division (RaftServerImpl.java:<init>(268)) - beda0dcb-37da-4cca-bea2-e222cb1bc351: new RaftServerImpl for group-23D9289878C2:[d3aade32-661d-499d-9068-ea1550ed8656|127.0.0.1:15055, beda0dcb-37da-4cca-bea2-e222cb1bc351|127.0.0.1:15039, e114cbd1-8f45-4cc5-a8b1-e2bd6cad48a0|127.0.0.1:15047] with ContainerStateMachine:uninitialized
2025-09-13 17:31:23,047 [beda0dcb-37da-4cca-bea2-e222cb1bc351-groupManagement] INFO  server.RaftServer$Division (ServerState.java:<init>(114)) - beda0dcb-37da-4cca-bea2-e222cb1bc351@group-23D9289878C2: ConfigurationManager, init=conf: {index: -1, cur=peers:[d3aade32-661d-499d-9068-ea1550ed8656|127.0.0.1:15055, beda0dcb-37da-4cca-bea2-e222cb1bc351|127.0.0.1:15039, e114cbd1-8f45-4cc5-a8b1-e2bd6cad48a0|127.0.0.1:15047]|listeners:[], old=null}, confs=<EMPTY_MAP>
2025-09-13 17:31:23,048 [grpc-default-executor-0] INFO  server.RaftServer (RaftServerProxy.java:addNew(105)) - beda0dcb-37da-4cca-bea2-e222cb1bc351: addNew group-23D9289878C2:[d3aade32-661d-499d-9068-ea1550ed8656|127.0.0.1:15055, beda0dcb-37da-4cca-bea2-e222cb1bc351|127.0.0.1:15039, e114cbd1-8f45-4cc5-a8b1-e2bd6cad48a0|127.0.0.1:15047] returns group-23D9289878C2:java.util.concurrent.CompletableFuture@3995e9db[Not completed]
2025-09-13 17:31:23,052 [beda0dcb-37da-4cca-bea2-e222cb1bc351-groupManagement] INFO  server.RaftServerConfigKeys (ConfUtils.java:logGet(62)) - raft.server.storage.dir = [/home/runner/work/ozone/ozone/hadoop-ozone/integration-test/target/test-dir/MiniOzoneClusterImpl-1331a795-ed08-415d-924a-7661a5cf51a5/ozone-metadata/datanode-4/ratis] (custom)
2025-09-13 17:31:23,053 [beda0dcb-37da-4cca-bea2-e222cb1bc351-groupManagement] INFO  storage.RaftStorageDirectory (RaftStorageDirectoryImpl.java:analyzeStorage(138)) - The storage directory /home/runner/work/ozone/ozone/hadoop-ozone/integration-test/target/test-dir/MiniOzoneClusterImpl-1331a795-ed08-415d-924a-7661a5cf51a5/ozone-metadata/datanode-4/ratis/7755b6c1-031a-4d9a-a8c0-23d9289878c2 does not exist. Creating ...
2025-09-13 17:31:23,054 [beda0dcb-37da-4cca-bea2-e222cb1bc351-groupManagement] INFO  storage.RaftStorageDirectory (RaftStorageDirectoryImpl.java:tryLock(229)) - Lock on /home/runner/work/ozone/ozone/hadoop-ozone/integration-test/target/test-dir/MiniOzoneClusterImpl-1331a795-ed08-415d-924a-7661a5cf51a5/ozone-metadata/datanode-4/ratis/7755b6c1-031a-4d9a-a8c0-23d9289878c2/in_use.lock acquired by nodename 22846@localhost
2025-09-13 17:31:23,056 [beda0dcb-37da-4cca-bea2-e222cb1bc351-groupManagement] INFO  storage.RaftStorage (RaftStorageImpl.java:format(98)) - Storage directory /home/runner/work/ozone/ozone/hadoop-ozone/integration-test/target/test-dir/MiniOzoneClusterImpl-1331a795-ed08-415d-924a-7661a5cf51a5/ozone-metadata/datanode-4/ratis/7755b6c1-031a-4d9a-a8c0-23d9289878c2 has been successfully formatted.
2025-09-13 17:31:23,057 [beda0dcb-37da-4cca-bea2-e222cb1bc351-groupManagement] INFO  ratis.ContainerStateMachine (ContainerStateMachine.java:initialize(339)) - beda0dcb-37da-4cca-bea2-e222cb1bc351: initialize group-23D9289878C2
2025-09-13 17:31:23,058 [beda0dcb-37da-4cca-bea2-e222cb1bc351-groupManagement] INFO  ratis.ContainerStateMachine (ContainerStateMachine.java:loadSnapshot(347)) - group-23D9289878C2: The snapshot info is null. Setting the last applied index to:<INITIAL_VALUE>
2025-09-13 17:31:23,058 [beda0dcb-37da-4cca-bea2-e222cb1bc351-groupManagement] INFO  server.RaftServerConfigKeys (ConfUtils.java:logGet(62)) - raft.server.log.appender.buffer.byte-limit = 33554432 (custom)
2025-09-13 17:31:23,060 [beda0dcb-37da-4cca-bea2-e222cb1bc351-groupManagement] INFO  server.RaftServerConfigKeys (ConfUtils.java:logGet(62)) - raft.server.log.segment.size.max = 67108864 (custom)
2025-09-13 17:31:23,061 [EventQueue-PipelineReportForOneReplicaPipelineSafeModeRule] INFO  safemode.SCMSafeModeManager (SCMSafeModeManager.java:validateSafeModeExitRules(138)) - AtleastOneDatanodeReportedRule rule is successfully validated
2025-09-13 17:31:23,063 [beda0dcb-37da-4cca-bea2-e222cb1bc351-groupManagement] INFO  server.RaftServerConfigKeys (ConfUtils.java:logGet(62)) - raft.server.log.appender.buffer.byte-limit = 33554432 (custom)
2025-09-13 17:31:23,063 [beda0dcb-37da-4cca-bea2-e222cb1bc351-groupManagement] INFO  util.AwaitToRun (AwaitToRun.java:start(81)) - Thread[#1291,beda0dcb-37da-4cca-bea2-e222cb1bc351@group-23D9289878C2-cacheEviction-AwaitToRun,5,main] started
2025-09-13 17:31:23,063 [beda0dcb-37da-4cca-bea2-e222cb1bc351-groupManagement] INFO  segmented.SegmentedRaftLogWorker (SegmentedRaftLogWorker.java:<init>(190)) - new beda0dcb-37da-4cca-bea2-e222cb1bc351@group-23D9289878C2-SegmentedRaftLogWorker for RaftStorageImpl:Storage Directory /home/runner/work/ozone/ozone/hadoop-ozone/integration-test/target/test-dir/MiniOzoneClusterImpl-1331a795-ed08-415d-924a-7661a5cf51a5/ozone-metadata/datanode-4/ratis/7755b6c1-031a-4d9a-a8c0-23d9289878c2
2025-09-13 17:31:23,064 [beda0dcb-37da-4cca-bea2-e222cb1bc351-groupManagement] INFO  server.RaftServerConfigKeys (ConfUtils.java:logGet(62)) - raft.server.log.queue.byte-limit = 4294967296 (custom)
2025-09-13 17:31:23,064 [beda0dcb-37da-4cca-bea2-e222cb1bc351-groupManagement] INFO  server.RaftServerConfigKeys (ConfUtils.java:logGet(62)) - raft.server.log.segment.size.max = 67108864 (custom)
2025-09-13 17:31:23,064 [beda0dcb-37da-4cca-bea2-e222cb1bc351-groupManagement] INFO  server.RaftServerConfigKeys (ConfUtils.java:logGet(62)) - raft.server.log.preallocated.size = 4194304 (custom)
2025-09-13 17:31:23,064 [beda0dcb-37da-4cca-bea2-e222cb1bc351-groupManagement] INFO  server.RaftServerConfigKeys (ConfUtils.java:logGet(62)) - raft.server.log.write.buffer.size = 33554440 (custom)
2025-09-13 17:31:23,070 [beda0dcb-37da-4cca-bea2-e222cb1bc351-groupManagement] INFO  server.RaftServerConfigKeys (ConfUtils.java:logGet(62)) - raft.server.log.appender.buffer.byte-limit = 33554432 (custom)
2025-09-13 17:31:23,071 [beda0dcb-37da-4cca-bea2-e222cb1bc351-groupManagement] INFO  segmented.SegmentedRaftLogWorker (SegmentedRaftLogWorker.java:lambda$new$0(141)) - beda0dcb-37da-4cca-bea2-e222cb1bc351@group-23D9289878C2-SegmentedRaftLogWorker: flushIndex: setUnconditionally 0 -> -1
2025-09-13 17:31:23,071 [beda0dcb-37da-4cca-bea2-e222cb1bc351-groupManagement] INFO  segmented.SegmentedRaftLogWorker (SegmentedRaftLogWorker.java:lambda$new$0(141)) - beda0dcb-37da-4cca-bea2-e222cb1bc351@group-23D9289878C2-SegmentedRaftLogWorker: safeCacheEvictIndex: setUnconditionally 0 -> -1
2025-09-13 17:31:23,071 [beda0dcb-37da-4cca-bea2-e222cb1bc351-groupManagement] INFO  server.RaftServer$Division (RaftServerImpl.java:start(405)) - beda0dcb-37da-4cca-bea2-e222cb1bc351@group-23D9289878C2: start as a follower, conf=conf: {index: -1, cur=peers:[d3aade32-661d-499d-9068-ea1550ed8656|127.0.0.1:15055, beda0dcb-37da-4cca-bea2-e222cb1bc351|127.0.0.1:15039, e114cbd1-8f45-4cc5-a8b1-e2bd6cad48a0|127.0.0.1:15047]|listeners:[], old=null}
2025-09-13 17:31:23,071 [beda0dcb-37da-4cca-bea2-e222cb1bc351-groupManagement] INFO  server.RaftServer$Division (RaftServerImpl.java:setRole(392)) - beda0dcb-37da-4cca-bea2-e222cb1bc351@group-23D9289878C2: changes role from      null to FOLLOWER at term 0 for startAsFollower
2025-09-13 17:31:23,071 [beda0dcb-37da-4cca-bea2-e222cb1bc351-groupManagement] INFO  impl.RoleInfo (RoleInfo.java:updateAndGet(148)) - beda0dcb-37da-4cca-bea2-e222cb1bc351: start beda0dcb-37da-4cca-bea2-e222cb1bc351@group-23D9289878C2-FollowerState
2025-09-13 17:31:23,072 [beda0dcb-37da-4cca-bea2-e222cb1bc351-groupManagement] INFO  util.JmxRegister (JmxRegister.java:tryRegister(44)) - Successfully registered JMX Bean with object name Ratis:service=RaftServer,group=group-23D9289878C2,id=beda0dcb-37da-4cca-bea2-e222cb1bc351
2025-09-13 17:31:23,072 [beda0dcb-37da-4cca-bea2-e222cb1bc351-groupManagement] INFO  util.JmxRegister (JmxRegister.java:register(58)) - register mxBean class org.apache.ratis.server.impl.RaftServerJmxAdapter as Ratis:service=RaftServer,group=group-23D9289878C2,id=beda0dcb-37da-4cca-bea2-e222cb1bc351
2025-09-13 17:31:23,073 [beda0dcb-37da-4cca-bea2-e222cb1bc351-groupManagement] INFO  server.RaftServer$Division (RaftServerImpl.java:start(419)) - beda0dcb-37da-4cca-bea2-e222cb1bc351@group-23D9289878C2: Successfully started.
2025-09-13 17:31:23,077 [e114cbd1-8f45-4cc5-a8b1-e2bd6cad48a0-CreatePipelineCommandHandlerThread-0] INFO  commandhandler.CreatePipelineCommandHandler (CreatePipelineCommandHandler.java:lambda$handle$2(141)) - Created Pipeline RATIS THREE Pipeline-7755b6c1-031a-4d9a-a8c0-23d9289878c2.
2025-09-13 17:31:23,153 [ForkJoinPool-1-worker-1] INFO  ozone.MiniOzoneClusterImpl (MiniOzoneClusterImpl.java:lambda$waitForClusterToBeReady$0(181)) - Nodes are ready. Got 10 of 10 DN Heartbeats.
2025-09-13 17:31:23,154 [ForkJoinPool-1-worker-1] INFO  ozone.MiniOzoneClusterImpl (MiniOzoneClusterImpl.java:lambda$waitForClusterToBeReady$0(184)) - Waiting for cluster to exit safe mode
2025-09-13 17:31:23,154 [ForkJoinPool-1-worker-1] INFO  ozone.MiniOzoneClusterImpl (MiniOzoneClusterImpl.java:lambda$waitForClusterToBeReady$0(186)) - SCM became leader
2025-09-13 17:31:23,302 [beda0dcb-37da-4cca-bea2-e222cb1bc351@group-26ECF1D4E136-FollowerState] INFO  impl.FollowerState (FollowerState.java:runImpl(161)) - beda0dcb-37da-4cca-bea2-e222cb1bc351@group-26ECF1D4E136-FollowerState: change to CANDIDATE, lastRpcElapsedTime:1090510742ns, electionTimeout:1090ms
2025-09-13 17:31:23,302 [beda0dcb-37da-4cca-bea2-e222cb1bc351@group-26ECF1D4E136-FollowerState] INFO  impl.RoleInfo (RoleInfo.java:shutdownFollowerState(121)) - beda0dcb-37da-4cca-bea2-e222cb1bc351: shutdown beda0dcb-37da-4cca-bea2-e222cb1bc351@group-26ECF1D4E136-FollowerState
2025-09-13 17:31:23,302 [beda0dcb-37da-4cca-bea2-e222cb1bc351@group-26ECF1D4E136-FollowerState] INFO  server.RaftServer$Division (RaftServerImpl.java:setRole(392)) - beda0dcb-37da-4cca-bea2-e222cb1bc351@group-26ECF1D4E136: changes role from  FOLLOWER to CANDIDATE at term 0 for changeToCandidate
2025-09-13 17:31:23,302 [beda0dcb-37da-4cca-bea2-e222cb1bc351@group-26ECF1D4E136-FollowerState] INFO  impl.RoleInfo (RoleInfo.java:updateAndGet(148)) - beda0dcb-37da-4cca-bea2-e222cb1bc351: start beda0dcb-37da-4cca-bea2-e222cb1bc351@group-26ECF1D4E136-LeaderElection4
2025-09-13 17:31:23,303 [beda0dcb-37da-4cca-bea2-e222cb1bc351@group-26ECF1D4E136-LeaderElection4] INFO  impl.LeaderElection (LeaderElection.java:askForVotes(448)) - beda0dcb-37da-4cca-bea2-e222cb1bc351@group-26ECF1D4E136-LeaderElection4 PRE_VOTE round 0: submit vote requests at term 0 for conf: {index: -1, cur=peers:[beda0dcb-37da-4cca-bea2-e222cb1bc351|127.0.0.1:15039]|listeners:[], old=null}
2025-09-13 17:31:23,303 [beda0dcb-37da-4cca-bea2-e222cb1bc351@group-26ECF1D4E136-LeaderElection4] INFO  impl.LeaderElection (LeaderElection.java:askForVotes(450)) - beda0dcb-37da-4cca-bea2-e222cb1bc351@group-26ECF1D4E136-LeaderElection4 PRE_VOTE round 0: result PASSED (term=0)
2025-09-13 17:31:23,304 [beda0dcb-37da-4cca-bea2-e222cb1bc351@group-26ECF1D4E136-LeaderElection4] INFO  impl.LeaderElection (LeaderElection.java:askForVotes(448)) - beda0dcb-37da-4cca-bea2-e222cb1bc351@group-26ECF1D4E136-LeaderElection4 ELECTION round 0: submit vote requests at term 1 for conf: {index: -1, cur=peers:[beda0dcb-37da-4cca-bea2-e222cb1bc351|127.0.0.1:15039]|listeners:[], old=null}
2025-09-13 17:31:23,304 [beda0dcb-37da-4cca-bea2-e222cb1bc351@group-26ECF1D4E136-LeaderElection4] INFO  impl.LeaderElection (LeaderElection.java:askForVotes(450)) - beda0dcb-37da-4cca-bea2-e222cb1bc351@group-26ECF1D4E136-LeaderElection4 ELECTION round 0: result PASSED (term=1)
2025-09-13 17:31:23,304 [beda0dcb-37da-4cca-bea2-e222cb1bc351@group-26ECF1D4E136-LeaderElection4] INFO  impl.RoleInfo (RoleInfo.java:shutdownLeaderElection(141)) - beda0dcb-37da-4cca-bea2-e222cb1bc351: shutdown beda0dcb-37da-4cca-bea2-e222cb1bc351@group-26ECF1D4E136-LeaderElection4
2025-09-13 17:31:23,304 [beda0dcb-37da-4cca-bea2-e222cb1bc351@group-26ECF1D4E136-LeaderElection4] INFO  server.RaftServer$Division (RaftServerImpl.java:setRole(392)) - beda0dcb-37da-4cca-bea2-e222cb1bc351@group-26ECF1D4E136: changes role from CANDIDATE to LEADER at term 1 for changeToLeader
2025-09-13 17:31:23,304 [beda0dcb-37da-4cca-bea2-e222cb1bc351@group-26ECF1D4E136-LeaderElection4] INFO  server.RaftServerConfigKeys (ConfUtils.java:logFallback(69)) - raft.server.staging.timeout = 3600ms (fallback to raft.server.rpc.timeout.max)
2025-09-13 17:31:23,304 [beda0dcb-37da-4cca-bea2-e222cb1bc351@group-26ECF1D4E136-LeaderElection4] INFO  server.RaftServerConfigKeys (ConfUtils.java:logGet(62)) - raft.server.write.element-limit = 1024 (custom)
2025-09-13 17:31:23,305 [beda0dcb-37da-4cca-bea2-e222cb1bc351@group-26ECF1D4E136-LeaderElection4] INFO  server.RaftServerConfigKeys (ConfUtils.java:logGet(62)) - raft.server.write.byte-limit = 1024 M (=1073741824) (custom)
2025-09-13 17:31:23,305 [beda0dcb-37da-4cca-bea2-e222cb1bc351@group-26ECF1D4E136-LeaderElection4] INFO  server.RaftServerConfigKeys (ConfUtils.java:logGet(62)) - raft.server.watch.timeout = 3000ms (custom)
2025-09-13 17:31:23,305 [beda0dcb-37da-4cca-bea2-e222cb1bc351@group-26ECF1D4E136-LeaderElection4] INFO  server.RaftServerConfigKeys (ConfUtils.java:logGet(62)) - raft.server.log.log-metadata.enabled = true (default)
2025-09-13 17:31:23,306 [beda0dcb-37da-4cca-bea2-e222cb1bc351@group-26ECF1D4E136-LeaderElection4] INFO  impl.RoleInfo (RoleInfo.java:updateAndGet(148)) - beda0dcb-37da-4cca-bea2-e222cb1bc351: start beda0dcb-37da-4cca-bea2-e222cb1bc351@group-26ECF1D4E136-LeaderStateImpl
2025-09-13 17:31:23,306 [beda0dcb-37da-4cca-bea2-e222cb1bc351@group-26ECF1D4E136-LeaderElection4] INFO  server.RaftServer$Division (RaftServerImpl.java:setFirstElection(576)) - beda0dcb-37da-4cca-bea2-e222cb1bc351@group-26ECF1D4E136: set firstElectionSinceStartup to false for becomeLeader
2025-09-13 17:31:23,306 [beda0dcb-37da-4cca-bea2-e222cb1bc351@group-26ECF1D4E136-LeaderElection4] INFO  ratis.XceiverServerRatis (XceiverServerRatis.java:handleLeaderChangedNotification(932)) - Leader change notification received for group: group-26ECF1D4E136 with new leaderId: beda0dcb-37da-4cca-bea2-e222cb1bc351
2025-09-13 17:31:23,306 [beda0dcb-37da-4cca-bea2-e222cb1bc351@group-26ECF1D4E136-LeaderElection4] INFO  server.RaftServer$Division (ServerState.java:setLeader(272)) - beda0dcb-37da-4cca-bea2-e222cb1bc351@group-26ECF1D4E136: change Leader from null to beda0dcb-37da-4cca-bea2-e222cb1bc351 at term 1 for becomeLeader, leader elected after 1124ms
2025-09-13 17:31:23,307 [beda0dcb-37da-4cca-bea2-e222cb1bc351@group-26ECF1D4E136-LeaderElection4] INFO  segmented.SegmentedRaftLogWorker (SegmentedRaftLogWorker.java:startLogSegment(440)) - beda0dcb-37da-4cca-bea2-e222cb1bc351@group-26ECF1D4E136-SegmentedRaftLogWorker: Starting segment from index:0
2025-09-13 17:31:23,307 [beda0dcb-37da-4cca-bea2-e222cb1bc351@group-26ECF1D4E136-LeaderElection4] INFO  server.RaftServer$Division (ServerState.java:setRaftConf(386)) - beda0dcb-37da-4cca-bea2-e222cb1bc351@group-26ECF1D4E136: set configuration conf: {index: 0, cur=peers:[beda0dcb-37da-4cca-bea2-e222cb1bc351|127.0.0.1:15039]|listeners:[], old=null}
2025-09-13 17:31:23,307 [beda0dcb-37da-4cca-bea2-e222cb1bc351@group-26ECF1D4E136-SegmentedRaftLogWorker] INFO  segmented.BufferedWriteChannel (BufferedWriteChannel.java:open(61)) - open log_inprogress_0 at position 0
2025-09-13 17:31:23,309 [EventQueue-PipelineReportForOneReplicaPipelineSafeModeRule] INFO  safemode.SCMSafeModeManager (SCMSafeModeManager.java:validateSafeModeExitRules(138)) - AtleastOneDatanodeReportedRule rule is successfully validated
2025-09-13 17:31:23,314 [beda0dcb-37da-4cca-bea2-e222cb1bc351@group-26ECF1D4E136-SegmentedRaftLogWorker] INFO  segmented.SegmentedRaftLogWorker (SegmentedRaftLogWorker.java:execute(647)) - beda0dcb-37da-4cca-bea2-e222cb1bc351@group-26ECF1D4E136-SegmentedRaftLogWorker: created new log segment /home/runner/work/ozone/ozone/hadoop-ozone/integration-test/target/test-dir/MiniOzoneClusterImpl-1331a795-ed08-415d-924a-7661a5cf51a5/ozone-metadata/datanode-4/ratis/07c43d0e-01cc-4cce-9f14-26ecf1d4e136/current/log_inprogress_0
2025-09-13 17:31:23,316 [beda0dcb-37da-4cca-bea2-e222cb1bc351@group-26ECF1D4E136-StateMachineUpdater] INFO  server.RaftServer$Division (LeaderStateImpl.java:checkStartIndex(309)) - Leader beda0dcb-37da-4cca-bea2-e222cb1bc351@group-26ECF1D4E136-LeaderStateImpl is ready since appliedIndex == startIndex == 0
2025-09-13 17:31:23,412 [36d876fb-a458-4393-963b-58eeedb8ba95@group-D5D0288CE997-FollowerState] INFO  impl.FollowerState (FollowerState.java:runImpl(161)) - 36d876fb-a458-4393-963b-58eeedb8ba95@group-D5D0288CE997-FollowerState: change to CANDIDATE, lastRpcElapsedTime:1025409321ns, electionTimeout:1025ms
2025-09-13 17:31:23,412 [36d876fb-a458-4393-963b-58eeedb8ba95@group-D5D0288CE997-FollowerState] INFO  impl.RoleInfo (RoleInfo.java:shutdownFollowerState(121)) - 36d876fb-a458-4393-963b-58eeedb8ba95: shutdown 36d876fb-a458-4393-963b-58eeedb8ba95@group-D5D0288CE997-FollowerState
2025-09-13 17:31:23,412 [36d876fb-a458-4393-963b-58eeedb8ba95@group-D5D0288CE997-FollowerState] INFO  server.RaftServer$Division (RaftServerImpl.java:setRole(392)) - 36d876fb-a458-4393-963b-58eeedb8ba95@group-D5D0288CE997: changes role from  FOLLOWER to CANDIDATE at term 0 for changeToCandidate
2025-09-13 17:31:23,412 [36d876fb-a458-4393-963b-58eeedb8ba95@group-D5D0288CE997-FollowerState] INFO  impl.RoleInfo (RoleInfo.java:updateAndGet(148)) - 36d876fb-a458-4393-963b-58eeedb8ba95: start 36d876fb-a458-4393-963b-58eeedb8ba95@group-D5D0288CE997-LeaderElection5
2025-09-13 17:31:23,412 [36d876fb-a458-4393-963b-58eeedb8ba95@group-D5D0288CE997-LeaderElection5] INFO  impl.LeaderElection (LeaderElection.java:askForVotes(448)) - 36d876fb-a458-4393-963b-58eeedb8ba95@group-D5D0288CE997-LeaderElection5 PRE_VOTE round 0: submit vote requests at term 0 for conf: {index: -1, cur=peers:[9e23e878-9bb3-42b5-8b94-e0e229812e65|127.0.0.1:15023, 13facd30-3950-4310-8b1a-93d004abbbdd|127.0.0.1:15031, 36d876fb-a458-4393-963b-58eeedb8ba95|127.0.0.1:15015]|listeners:[], old=null}
2025-09-13 17:31:23,415 [36d876fb-a458-4393-963b-58eeedb8ba95@group-D5D0288CE997-LeaderElection5-1] INFO  server.GrpcServerProtocolClient (GrpcServerProtocolClient.java:<init>(65)) - Build channel for 9e23e878-9bb3-42b5-8b94-e0e229812e65|127.0.0.1:15023
2025-09-13 17:31:23,415 [36d876fb-a458-4393-963b-58eeedb8ba95@group-D5D0288CE997-LeaderElection5-2] INFO  server.GrpcServerProtocolClient (GrpcServerProtocolClient.java:<init>(65)) - Build channel for 13facd30-3950-4310-8b1a-93d004abbbdd|127.0.0.1:15031
2025-09-13 17:31:23,422 [grpc-default-executor-1] INFO  server.RaftServer$Division (RaftServerImpl.java:requestVote(1421)) - 13facd30-3950-4310-8b1a-93d004abbbdd@group-D5D0288CE997: receive requestVote(PRE_VOTE, 36d876fb-a458-4393-963b-58eeedb8ba95, group-D5D0288CE997, 0, <PROTO_DEFAULT>)
2025-09-13 17:31:23,422 [grpc-default-executor-0] INFO  server.RaftServer$Division (RaftServerImpl.java:requestVote(1421)) - 9e23e878-9bb3-42b5-8b94-e0e229812e65@group-D5D0288CE997: receive requestVote(PRE_VOTE, 36d876fb-a458-4393-963b-58eeedb8ba95, group-D5D0288CE997, 0, <PROTO_DEFAULT>)
2025-09-13 17:31:23,424 [grpc-default-executor-1] INFO  impl.VoteContext (VoteContext.java:log(49)) - 13facd30-3950-4310-8b1a-93d004abbbdd@group-D5D0288CE997-FOLLOWER: accept PRE_VOTE from 36d876fb-a458-4393-963b-58eeedb8ba95: our priority 0 <= candidate's priority 1
2025-09-13 17:31:23,424 [grpc-default-executor-0] INFO  impl.VoteContext (VoteContext.java:log(49)) - 9e23e878-9bb3-42b5-8b94-e0e229812e65@group-D5D0288CE997-FOLLOWER: accept PRE_VOTE from 36d876fb-a458-4393-963b-58eeedb8ba95: our priority 0 <= candidate's priority 1
2025-09-13 17:31:23,425 [2f036b56-942d-42f4-908f-5b0be9aff918-CreatePipelineCommandHandlerThread-0] INFO  server.RaftServer (RaftServerProxy.java:addNew(105)) - 2f036b56-942d-42f4-908f-5b0be9aff918: addNew group-BA744B40FD77:[2f036b56-942d-42f4-908f-5b0be9aff918|127.0.0.1:15079] returns group-BA744B40FD77:java.util.concurrent.CompletableFuture@26d0115c[Not completed]
2025-09-13 17:31:23,427 [grpc-default-executor-1] INFO  server.RaftServer$Division (RaftServerImpl.java:requestVote(1455)) - 13facd30-3950-4310-8b1a-93d004abbbdd@group-D5D0288CE997 replies to PRE_VOTE vote request: 36d876fb-a458-4393-963b-58eeedb8ba95<-13facd30-3950-4310-8b1a-93d004abbbdd#0:OK-t0-last:<INITIAL_VALUE>. Peer's state: 13facd30-3950-4310-8b1a-93d004abbbdd@group-D5D0288CE997:t0, leader=null, voted=, raftlog=Memoized:13facd30-3950-4310-8b1a-93d004abbbdd@group-D5D0288CE997-SegmentedRaftLog:OPENED:c-1:lastnull, conf=conf: {index: -1, cur=peers:[9e23e878-9bb3-42b5-8b94-e0e229812e65|127.0.0.1:15023, 13facd30-3950-4310-8b1a-93d004abbbdd|127.0.0.1:15031, 36d876fb-a458-4393-963b-58eeedb8ba95|127.0.0.1:15015]|listeners:[], old=null}
2025-09-13 17:31:23,427 [2f036b56-942d-42f4-908f-5b0be9aff918-groupManagement] INFO  server.RaftServer$Division (RaftServerImpl.java:<init>(268)) - 2f036b56-942d-42f4-908f-5b0be9aff918: new RaftServerImpl for group-BA744B40FD77:[2f036b56-942d-42f4-908f-5b0be9aff918|127.0.0.1:15079] with ContainerStateMachine:uninitialized
2025-09-13 17:31:23,427 [2f036b56-942d-42f4-908f-5b0be9aff918-groupManagement] INFO  server.RaftServer$Division (ServerState.java:<init>(114)) - 2f036b56-942d-42f4-908f-5b0be9aff918@group-BA744B40FD77: ConfigurationManager, init=conf: {index: -1, cur=peers:[2f036b56-942d-42f4-908f-5b0be9aff918|127.0.0.1:15079]|listeners:[], old=null}, confs=<EMPTY_MAP>
2025-09-13 17:31:23,427 [grpc-default-executor-0] INFO  server.RaftServer$Division (RaftServerImpl.java:requestVote(1455)) - 9e23e878-9bb3-42b5-8b94-e0e229812e65@group-D5D0288CE997 replies to PRE_VOTE vote request: 36d876fb-a458-4393-963b-58eeedb8ba95<-9e23e878-9bb3-42b5-8b94-e0e229812e65#0:OK-t0-last:<INITIAL_VALUE>. Peer's state: 9e23e878-9bb3-42b5-8b94-e0e229812e65@group-D5D0288CE997:t0, leader=null, voted=, raftlog=Memoized:9e23e878-9bb3-42b5-8b94-e0e229812e65@group-D5D0288CE997-SegmentedRaftLog:OPENED:c-1:lastnull, conf=conf: {index: -1, cur=peers:[9e23e878-9bb3-42b5-8b94-e0e229812e65|127.0.0.1:15023, 13facd30-3950-4310-8b1a-93d004abbbdd|127.0.0.1:15031, 36d876fb-a458-4393-963b-58eeedb8ba95|127.0.0.1:15015]|listeners:[], old=null}
2025-09-13 17:31:23,430 [36d876fb-a458-4393-963b-58eeedb8ba95@group-D5D0288CE997-LeaderElection5] INFO  impl.LeaderElection (LeaderElection.java:logAndReturn(206)) - 36d876fb-a458-4393-963b-58eeedb8ba95@group-D5D0288CE997-LeaderElection5: PRE_VOTE PASSED received 1 response(s) and 0 exception(s):
2025-09-13 17:31:23,430 [36d876fb-a458-4393-963b-58eeedb8ba95@group-D5D0288CE997-LeaderElection5] INFO  impl.LeaderElection (LeaderElection.java:logAndReturn(210)) -   Response 0: 36d876fb-a458-4393-963b-58eeedb8ba95<-13facd30-3950-4310-8b1a-93d004abbbdd#0:OK-t0-last:<INITIAL_VALUE>
2025-09-13 17:31:23,430 [36d876fb-a458-4393-963b-58eeedb8ba95@group-D5D0288CE997-LeaderElection5] INFO  impl.LeaderElection (LeaderElection.java:askForVotes(450)) - 36d876fb-a458-4393-963b-58eeedb8ba95@group-D5D0288CE997-LeaderElection5 PRE_VOTE round 0: result PASSED
2025-09-13 17:31:23,432 [36d876fb-a458-4393-963b-58eeedb8ba95@group-D5D0288CE997-LeaderElection5] INFO  impl.LeaderElection (LeaderElection.java:askForVotes(448)) - 36d876fb-a458-4393-963b-58eeedb8ba95@group-D5D0288CE997-LeaderElection5 ELECTION round 0: submit vote requests at term 1 for conf: {index: -1, cur=peers:[9e23e878-9bb3-42b5-8b94-e0e229812e65|127.0.0.1:15023, 13facd30-3950-4310-8b1a-93d004abbbdd|127.0.0.1:15031, 36d876fb-a458-4393-963b-58eeedb8ba95|127.0.0.1:15015]|listeners:[], old=null}
2025-09-13 17:31:23,435 [2f036b56-942d-42f4-908f-5b0be9aff918-groupManagement] INFO  server.RaftServerConfigKeys (ConfUtils.java:logGet(62)) - raft.server.storage.dir = [/home/runner/work/ozone/ozone/hadoop-ozone/integration-test/target/test-dir/MiniOzoneClusterImpl-1331a795-ed08-415d-924a-7661a5cf51a5/ozone-metadata/datanode-9/ratis] (custom)
2025-09-13 17:31:23,435 [2f036b56-942d-42f4-908f-5b0be9aff918-groupManagement] INFO  storage.RaftStorageDirectory (RaftStorageDirectoryImpl.java:analyzeStorage(138)) - The storage directory /home/runner/work/ozone/ozone/hadoop-ozone/integration-test/target/test-dir/MiniOzoneClusterImpl-1331a795-ed08-415d-924a-7661a5cf51a5/ozone-metadata/datanode-9/ratis/5d67dbf1-7614-46d7-97b5-ba744b40fd77 does not exist. Creating ...
2025-09-13 17:31:23,437 [2f036b56-942d-42f4-908f-5b0be9aff918-groupManagement] INFO  storage.RaftStorageDirectory (RaftStorageDirectoryImpl.java:tryLock(229)) - Lock on /home/runner/work/ozone/ozone/hadoop-ozone/integration-test/target/test-dir/MiniOzoneClusterImpl-1331a795-ed08-415d-924a-7661a5cf51a5/ozone-metadata/datanode-9/ratis/5d67dbf1-7614-46d7-97b5-ba744b40fd77/in_use.lock acquired by nodename 22846@localhost
2025-09-13 17:31:23,438 [grpc-default-executor-0] INFO  server.RaftServer$Division (RaftServerImpl.java:requestVote(1421)) - 13facd30-3950-4310-8b1a-93d004abbbdd@group-D5D0288CE997: receive requestVote(ELECTION, 36d876fb-a458-4393-963b-58eeedb8ba95, group-D5D0288CE997, 1, <PROTO_DEFAULT>)
2025-09-13 17:31:23,438 [grpc-default-executor-0] INFO  impl.VoteContext (VoteContext.java:log(49)) - 13facd30-3950-4310-8b1a-93d004abbbdd@group-D5D0288CE997-FOLLOWER: accept ELECTION from 36d876fb-a458-4393-963b-58eeedb8ba95: our priority 0 <= candidate's priority 1
2025-09-13 17:31:23,438 [grpc-default-executor-0] INFO  server.RaftServer$Division (RaftServerImpl.java:setRole(392)) - 13facd30-3950-4310-8b1a-93d004abbbdd@group-D5D0288CE997: changes role from  FOLLOWER to FOLLOWER at term 0 for candidate:36d876fb-a458-4393-963b-58eeedb8ba95
2025-09-13 17:31:23,438 [grpc-default-executor-0] INFO  impl.RoleInfo (RoleInfo.java:shutdownFollowerState(121)) - 13facd30-3950-4310-8b1a-93d004abbbdd: shutdown 13facd30-3950-4310-8b1a-93d004abbbdd@group-D5D0288CE997-FollowerState
2025-09-13 17:31:23,439 [grpc-default-executor-0] INFO  impl.RoleInfo (RoleInfo.java:updateAndGet(148)) - 13facd30-3950-4310-8b1a-93d004abbbdd: start 13facd30-3950-4310-8b1a-93d004abbbdd@group-D5D0288CE997-FollowerState
2025-09-13 17:31:23,439 [13facd30-3950-4310-8b1a-93d004abbbdd@group-D5D0288CE997-FollowerState] INFO  impl.FollowerState (FollowerState.java:runImpl(170)) - 13facd30-3950-4310-8b1a-93d004abbbdd@group-D5D0288CE997-FollowerState was interrupted
2025-09-13 17:31:23,439 [2f036b56-942d-42f4-908f-5b0be9aff918-groupManagement] INFO  storage.RaftStorage (RaftStorageImpl.java:format(98)) - Storage directory /home/runner/work/ozone/ozone/hadoop-ozone/integration-test/target/test-dir/MiniOzoneClusterImpl-1331a795-ed08-415d-924a-7661a5cf51a5/ozone-metadata/datanode-9/ratis/5d67dbf1-7614-46d7-97b5-ba744b40fd77 has been successfully formatted.
2025-09-13 17:31:23,440 [2f036b56-942d-42f4-908f-5b0be9aff918-groupManagement] INFO  ratis.ContainerStateMachine (ContainerStateMachine.java:initialize(339)) - 2f036b56-942d-42f4-908f-5b0be9aff918: initialize group-BA744B40FD77
2025-09-13 17:31:23,440 [2f036b56-942d-42f4-908f-5b0be9aff918-groupManagement] INFO  ratis.ContainerStateMachine (ContainerStateMachine.java:loadSnapshot(347)) - group-BA744B40FD77: The snapshot info is null. Setting the last applied index to:<INITIAL_VALUE>
2025-09-13 17:31:23,440 [2f036b56-942d-42f4-908f-5b0be9aff918-groupManagement] INFO  server.RaftServerConfigKeys (ConfUtils.java:logGet(62)) - raft.server.log.appender.buffer.byte-limit = 33554432 (custom)
2025-09-13 17:31:23,441 [grpc-default-executor-0] INFO  server.RaftServer$Division (RaftServerImpl.java:setFirstElection(576)) - 13facd30-3950-4310-8b1a-93d004abbbdd@group-D5D0288CE997: set firstElectionSinceStartup to false for candidate:36d876fb-a458-4393-963b-58eeedb8ba95
2025-09-13 17:31:23,441 [grpc-default-executor-1] INFO  server.RaftServer$Division (RaftServerImpl.java:requestVote(1421)) - 9e23e878-9bb3-42b5-8b94-e0e229812e65@group-D5D0288CE997: receive requestVote(ELECTION, 36d876fb-a458-4393-963b-58eeedb8ba95, group-D5D0288CE997, 1, <PROTO_DEFAULT>)
2025-09-13 17:31:23,441 [grpc-default-executor-1] INFO  impl.VoteContext (VoteContext.java:log(49)) - 9e23e878-9bb3-42b5-8b94-e0e229812e65@group-D5D0288CE997-FOLLOWER: accept ELECTION from 36d876fb-a458-4393-963b-58eeedb8ba95: our priority 0 <= candidate's priority 1
2025-09-13 17:31:23,441 [grpc-default-executor-1] INFO  server.RaftServer$Division (RaftServerImpl.java:setRole(392)) - 9e23e878-9bb3-42b5-8b94-e0e229812e65@group-D5D0288CE997: changes role from  FOLLOWER to FOLLOWER at term 0 for candidate:36d876fb-a458-4393-963b-58eeedb8ba95
2025-09-13 17:31:23,441 [grpc-default-executor-1] INFO  impl.RoleInfo (RoleInfo.java:shutdownFollowerState(121)) - 9e23e878-9bb3-42b5-8b94-e0e229812e65: shutdown 9e23e878-9bb3-42b5-8b94-e0e229812e65@group-D5D0288CE997-FollowerState
2025-09-13 17:31:23,441 [grpc-default-executor-1] INFO  impl.RoleInfo (RoleInfo.java:updateAndGet(148)) - 9e23e878-9bb3-42b5-8b94-e0e229812e65: start 9e23e878-9bb3-42b5-8b94-e0e229812e65@group-D5D0288CE997-FollowerState
2025-09-13 17:31:23,441 [EventQueue-PipelineReportForOneReplicaPipelineSafeModeRule] INFO  safemode.SCMSafeModeManager (SCMSafeModeManager.java:validateSafeModeExitRules(138)) - AtleastOneDatanodeReportedRule rule is successfully validated
2025-09-13 17:31:23,441 [9e23e878-9bb3-42b5-8b94-e0e229812e65@group-D5D0288CE997-FollowerState] INFO  impl.FollowerState (FollowerState.java:runImpl(170)) - 9e23e878-9bb3-42b5-8b94-e0e229812e65@group-D5D0288CE997-FollowerState was interrupted
2025-09-13 17:31:23,442 [grpc-default-executor-1] INFO  server.RaftServer$Division (RaftServerImpl.java:setFirstElection(576)) - 9e23e878-9bb3-42b5-8b94-e0e229812e65@group-D5D0288CE997: set firstElectionSinceStartup to false for candidate:36d876fb-a458-4393-963b-58eeedb8ba95
2025-09-13 17:31:23,445 [grpc-default-executor-0] INFO  server.RaftServer$Division (RaftServerImpl.java:requestVote(1455)) - 13facd30-3950-4310-8b1a-93d004abbbdd@group-D5D0288CE997 replies to ELECTION vote request: 36d876fb-a458-4393-963b-58eeedb8ba95<-13facd30-3950-4310-8b1a-93d004abbbdd#0:OK-t1-last:<INITIAL_VALUE>. Peer's state: 13facd30-3950-4310-8b1a-93d004abbbdd@group-D5D0288CE997:t1, leader=null, voted=36d876fb-a458-4393-963b-58eeedb8ba95, raftlog=Memoized:13facd30-3950-4310-8b1a-93d004abbbdd@group-D5D0288CE997-SegmentedRaftLog:OPENED:c-1:lastnull, conf=conf: {index: -1, cur=peers:[9e23e878-9bb3-42b5-8b94-e0e229812e65|127.0.0.1:15023, 13facd30-3950-4310-8b1a-93d004abbbdd|127.0.0.1:15031, 36d876fb-a458-4393-963b-58eeedb8ba95|127.0.0.1:15015]|listeners:[], old=null}
2025-09-13 17:31:23,445 [grpc-default-executor-1] INFO  server.RaftServer$Division (RaftServerImpl.java:requestVote(1455)) - 9e23e878-9bb3-42b5-8b94-e0e229812e65@group-D5D0288CE997 replies to ELECTION vote request: 36d876fb-a458-4393-963b-58eeedb8ba95<-9e23e878-9bb3-42b5-8b94-e0e229812e65#0:OK-t1-last:<INITIAL_VALUE>. Peer's state: 9e23e878-9bb3-42b5-8b94-e0e229812e65@group-D5D0288CE997:t1, leader=null, voted=36d876fb-a458-4393-963b-58eeedb8ba95, raftlog=Memoized:9e23e878-9bb3-42b5-8b94-e0e229812e65@group-D5D0288CE997-SegmentedRaftLog:OPENED:c-1:lastnull, conf=conf: {index: -1, cur=peers:[9e23e878-9bb3-42b5-8b94-e0e229812e65|127.0.0.1:15023, 13facd30-3950-4310-8b1a-93d004abbbdd|127.0.0.1:15031, 36d876fb-a458-4393-963b-58eeedb8ba95|127.0.0.1:15015]|listeners:[], old=null}
2025-09-13 17:31:23,445 [22454e81-7bda-41d4-8b71-c0b680f2e12d@group-7661A5CF51A5-StateMachineUpdater] INFO  safemode.SCMSafeModeManager (SCMSafeModeManager.java:validateSafeModeExitRules(138)) - DataNodeSafeModeRule rule is successfully validated
2025-09-13 17:31:23,446 [22454e81-7bda-41d4-8b71-c0b680f2e12d@group-7661A5CF51A5-StateMachineUpdater] INFO  safemode.SCMSafeModeManager (SCMSafeModeManager.java:validateSafeModeExitRules(138)) - RatisContainerSafeModeRule rule is successfully validated
2025-09-13 17:31:23,446 [22454e81-7bda-41d4-8b71-c0b680f2e12d@group-7661A5CF51A5-StateMachineUpdater] INFO  safemode.HealthyPipelineSafeModeRule (HealthyPipelineSafeModeRule.java:initializeRule(228)) - Refreshed total pipeline count is 0, healthy pipeline threshold count is 1
2025-09-13 17:31:23,446 [36d876fb-a458-4393-963b-58eeedb8ba95@group-B4189F5888A1-FollowerState] INFO  impl.FollowerState (FollowerState.java:runImpl(161)) - 36d876fb-a458-4393-963b-58eeedb8ba95@group-B4189F5888A1-FollowerState: change to CANDIDATE, lastRpcElapsedTime:1083891847ns, electionTimeout:1083ms
2025-09-13 17:31:23,446 [22454e81-7bda-41d4-8b71-c0b680f2e12d@group-7661A5CF51A5-StateMachineUpdater] INFO  safemode.SCMSafeModeManager (SCMSafeModeManager.java:validateSafeModeExitRules(138)) - ECContainerSafeModeRule rule is successfully validated
2025-09-13 17:31:23,446 [22454e81-7bda-41d4-8b71-c0b680f2e12d@group-7661A5CF51A5-StateMachineUpdater] INFO  safemode.SCMSafeModeManager (SCMSafeModeManager.java:validateSafeModeExitRules(138)) - AtleastOneDatanodeReportedRule rule is successfully validated
2025-09-13 17:31:23,446 [2f036b56-942d-42f4-908f-5b0be9aff918-groupManagement] INFO  server.RaftServerConfigKeys (ConfUtils.java:logGet(62)) - raft.server.log.segment.size.max = 67108864 (custom)
2025-09-13 17:31:23,446 [36d876fb-a458-4393-963b-58eeedb8ba95@group-B4189F5888A1-FollowerState] INFO  impl.RoleInfo (RoleInfo.java:shutdownFollowerState(121)) - 36d876fb-a458-4393-963b-58eeedb8ba95: shutdown 36d876fb-a458-4393-963b-58eeedb8ba95@group-B4189F5888A1-FollowerState
2025-09-13 17:31:23,446 [EventQueue-PipelineReportForPipelineReportHandler] INFO  pipeline.PipelineReportHandler (PipelineReportHandler.java:processPipelineReport(132)) - Opened pipeline Pipeline-5d67dbf1-7614-46d7-97b5-ba744b40fd77
2025-09-13 17:31:23,447 [36d876fb-a458-4393-963b-58eeedb8ba95@group-B4189F5888A1-FollowerState] INFO  server.RaftServer$Division (RaftServerImpl.java:setRole(392)) - 36d876fb-a458-4393-963b-58eeedb8ba95@group-B4189F5888A1: changes role from  FOLLOWER to CANDIDATE at term 0 for changeToCandidate
2025-09-13 17:31:23,447 [2f036b56-942d-42f4-908f-5b0be9aff918-groupManagement] INFO  server.RaftServerConfigKeys (ConfUtils.java:logGet(62)) - raft.server.log.appender.buffer.byte-limit = 33554432 (custom)
2025-09-13 17:31:23,447 [36d876fb-a458-4393-963b-58eeedb8ba95@group-B4189F5888A1-FollowerState] INFO  impl.RoleInfo (RoleInfo.java:updateAndGet(148)) - 36d876fb-a458-4393-963b-58eeedb8ba95: start 36d876fb-a458-4393-963b-58eeedb8ba95@group-B4189F5888A1-LeaderElection6
2025-09-13 17:31:23,448 [36d876fb-a458-4393-963b-58eeedb8ba95@group-D5D0288CE997-LeaderElection5] INFO  impl.LeaderElection (LeaderElection.java:logAndReturn(206)) - 36d876fb-a458-4393-963b-58eeedb8ba95@group-D5D0288CE997-LeaderElection5: ELECTION PASSED received 1 response(s) and 0 exception(s):
2025-09-13 17:31:23,448 [36d876fb-a458-4393-963b-58eeedb8ba95@group-D5D0288CE997-LeaderElection5] INFO  impl.LeaderElection (LeaderElection.java:logAndReturn(210)) -   Response 0: 36d876fb-a458-4393-963b-58eeedb8ba95<-9e23e878-9bb3-42b5-8b94-e0e229812e65#0:OK-t1-last:<INITIAL_VALUE>
2025-09-13 17:31:23,448 [2f036b56-942d-42f4-908f-5b0be9aff918-groupManagement] INFO  util.AwaitToRun (AwaitToRun.java:start(81)) - Thread[#1310,2f036b56-942d-42f4-908f-5b0be9aff918@group-BA744B40FD77-cacheEviction-AwaitToRun,5,main] started
2025-09-13 17:31:23,448 [2f036b56-942d-42f4-908f-5b0be9aff918-groupManagement] INFO  segmented.SegmentedRaftLogWorker (SegmentedRaftLogWorker.java:<init>(190)) - new 2f036b56-942d-42f4-908f-5b0be9aff918@group-BA744B40FD77-SegmentedRaftLogWorker for RaftStorageImpl:Storage Directory /home/runner/work/ozone/ozone/hadoop-ozone/integration-test/target/test-dir/MiniOzoneClusterImpl-1331a795-ed08-415d-924a-7661a5cf51a5/ozone-metadata/datanode-9/ratis/5d67dbf1-7614-46d7-97b5-ba744b40fd77
2025-09-13 17:31:23,448 [2f036b56-942d-42f4-908f-5b0be9aff918-groupManagement] INFO  server.RaftServerConfigKeys (ConfUtils.java:logGet(62)) - raft.server.log.queue.byte-limit = 4294967296 (custom)
2025-09-13 17:31:23,448 [2f036b56-942d-42f4-908f-5b0be9aff918-groupManagement] INFO  server.RaftServerConfigKeys (ConfUtils.java:logGet(62)) - raft.server.log.segment.size.max = 67108864 (custom)
2025-09-13 17:31:23,448 [2f036b56-942d-42f4-908f-5b0be9aff918-groupManagement] INFO  server.RaftServerConfigKeys (ConfUtils.java:logGet(62)) - raft.server.log.preallocated.size = 4194304 (custom)
2025-09-13 17:31:23,449 [2f036b56-942d-42f4-908f-5b0be9aff918-groupManagement] INFO  server.RaftServerConfigKeys (ConfUtils.java:logGet(62)) - raft.server.log.write.buffer.size = 33554440 (custom)
2025-09-13 17:31:23,449 [36d876fb-a458-4393-963b-58eeedb8ba95@group-D5D0288CE997-LeaderElection5] INFO  impl.LeaderElection (LeaderElection.java:askForVotes(450)) - 36d876fb-a458-4393-963b-58eeedb8ba95@group-D5D0288CE997-LeaderElection5 ELECTION round 0: result PASSED
2025-09-13 17:31:23,449 [36d876fb-a458-4393-963b-58eeedb8ba95@group-D5D0288CE997-LeaderElection5] INFO  impl.RoleInfo (RoleInfo.java:shutdownLeaderElection(141)) - 36d876fb-a458-4393-963b-58eeedb8ba95: shutdown 36d876fb-a458-4393-963b-58eeedb8ba95@group-D5D0288CE997-LeaderElection5
2025-09-13 17:31:23,449 [36d876fb-a458-4393-963b-58eeedb8ba95@group-D5D0288CE997-LeaderElection5] INFO  server.RaftServer$Division (RaftServerImpl.java:setRole(392)) - 36d876fb-a458-4393-963b-58eeedb8ba95@group-D5D0288CE997: changes role from CANDIDATE to LEADER at term 1 for changeToLeader
2025-09-13 17:31:23,449 [36d876fb-a458-4393-963b-58eeedb8ba95@group-D5D0288CE997-LeaderElection5] INFO  server.RaftServerConfigKeys (ConfUtils.java:logFallback(69)) - raft.server.staging.timeout = 3600ms (fallback to raft.server.rpc.timeout.max)
2025-09-13 17:31:23,450 [36d876fb-a458-4393-963b-58eeedb8ba95@group-D5D0288CE997-LeaderElection5] INFO  server.RaftServerConfigKeys (ConfUtils.java:logGet(62)) - raft.server.write.byte-limit = 1024 M (=1073741824) (custom)
2025-09-13 17:31:23,450 [36d876fb-a458-4393-963b-58eeedb8ba95@group-B4189F5888A1-LeaderElection6] INFO  impl.LeaderElection (LeaderElection.java:askForVotes(448)) - 36d876fb-a458-4393-963b-58eeedb8ba95@group-B4189F5888A1-LeaderElection6 PRE_VOTE round 0: submit vote requests at term 0 for conf: {index: -1, cur=peers:[36d876fb-a458-4393-963b-58eeedb8ba95|127.0.0.1:15015]|listeners:[], old=null}
2025-09-13 17:31:23,450 [36d876fb-a458-4393-963b-58eeedb8ba95@group-B4189F5888A1-LeaderElection6] INFO  impl.LeaderElection (LeaderElection.java:askForVotes(450)) - 36d876fb-a458-4393-963b-58eeedb8ba95@group-B4189F5888A1-LeaderElection6 PRE_VOTE round 0: result PASSED (term=0)
2025-09-13 17:31:23,451 [36d876fb-a458-4393-963b-58eeedb8ba95@group-B4189F5888A1-LeaderElection6] INFO  impl.LeaderElection (LeaderElection.java:askForVotes(448)) - 36d876fb-a458-4393-963b-58eeedb8ba95@group-B4189F5888A1-LeaderElection6 ELECTION round 0: submit vote requests at term 1 for conf: {index: -1, cur=peers:[36d876fb-a458-4393-963b-58eeedb8ba95|127.0.0.1:15015]|listeners:[], old=null}
2025-09-13 17:31:23,451 [36d876fb-a458-4393-963b-58eeedb8ba95@group-B4189F5888A1-LeaderElection6] INFO  impl.LeaderElection (LeaderElection.java:askForVotes(450)) - 36d876fb-a458-4393-963b-58eeedb8ba95@group-B4189F5888A1-LeaderElection6 ELECTION round 0: result PASSED (term=1)
2025-09-13 17:31:23,451 [36d876fb-a458-4393-963b-58eeedb8ba95@group-B4189F5888A1-LeaderElection6] INFO  impl.RoleInfo (RoleInfo.java:shutdownLeaderElection(141)) - 36d876fb-a458-4393-963b-58eeedb8ba95: shutdown 36d876fb-a458-4393-963b-58eeedb8ba95@group-B4189F5888A1-LeaderElection6
2025-09-13 17:31:23,451 [36d876fb-a458-4393-963b-58eeedb8ba95@group-B4189F5888A1-LeaderElection6] INFO  server.RaftServer$Division (RaftServerImpl.java:setRole(392)) - 36d876fb-a458-4393-963b-58eeedb8ba95@group-B4189F5888A1: changes role from CANDIDATE to LEADER at term 1 for changeToLeader
2025-09-13 17:31:23,451 [36d876fb-a458-4393-963b-58eeedb8ba95@group-B4189F5888A1-LeaderElection6] INFO  server.RaftServerConfigKeys (ConfUtils.java:logFallback(69)) - raft.server.staging.timeout = 3600ms (fallback to raft.server.rpc.timeout.max)
2025-09-13 17:31:23,452 [36d876fb-a458-4393-963b-58eeedb8ba95@group-B4189F5888A1-LeaderElection6] INFO  server.RaftServerConfigKeys (ConfUtils.java:logGet(62)) - raft.server.write.byte-limit = 1024 M (=1073741824) (custom)
2025-09-13 17:31:23,454 [36d876fb-a458-4393-963b-58eeedb8ba95@group-B4189F5888A1-LeaderElection6] INFO  impl.RoleInfo (RoleInfo.java:updateAndGet(148)) - 36d876fb-a458-4393-963b-58eeedb8ba95: start 36d876fb-a458-4393-963b-58eeedb8ba95@group-B4189F5888A1-LeaderStateImpl
2025-09-13 17:31:23,454 [36d876fb-a458-4393-963b-58eeedb8ba95@group-B4189F5888A1-LeaderElection6] INFO  server.RaftServer$Division (RaftServerImpl.java:setFirstElection(576)) - 36d876fb-a458-4393-963b-58eeedb8ba95@group-B4189F5888A1: set firstElectionSinceStartup to false for becomeLeader
2025-09-13 17:31:23,454 [36d876fb-a458-4393-963b-58eeedb8ba95@group-B4189F5888A1-LeaderElection6] INFO  ratis.XceiverServerRatis (XceiverServerRatis.java:handleLeaderChangedNotification(932)) - Leader change notification received for group: group-B4189F5888A1 with new leaderId: 36d876fb-a458-4393-963b-58eeedb8ba95
2025-09-13 17:31:23,454 [36d876fb-a458-4393-963b-58eeedb8ba95@group-B4189F5888A1-LeaderElection6] INFO  server.RaftServer$Division (ServerState.java:setLeader(272)) - 36d876fb-a458-4393-963b-58eeedb8ba95@group-B4189F5888A1: change Leader from null to 36d876fb-a458-4393-963b-58eeedb8ba95 at term 1 for becomeLeader, leader elected after 1112ms
2025-09-13 17:31:23,454 [36d876fb-a458-4393-963b-58eeedb8ba95@group-B4189F5888A1-LeaderElection6] INFO  segmented.SegmentedRaftLogWorker (SegmentedRaftLogWorker.java:startLogSegment(440)) - 36d876fb-a458-4393-963b-58eeedb8ba95@group-B4189F5888A1-SegmentedRaftLogWorker: Starting segment from index:0
2025-09-13 17:31:23,455 [36d876fb-a458-4393-963b-58eeedb8ba95@group-B4189F5888A1-LeaderElection6] INFO  server.RaftServer$Division (ServerState.java:setRaftConf(386)) - 36d876fb-a458-4393-963b-58eeedb8ba95@group-B4189F5888A1: set configuration conf: {index: 0, cur=peers:[36d876fb-a458-4393-963b-58eeedb8ba95|127.0.0.1:15015]|listeners:[], old=null}
2025-09-13 17:31:23,456 [36d876fb-a458-4393-963b-58eeedb8ba95@group-B4189F5888A1-SegmentedRaftLogWorker] INFO  segmented.BufferedWriteChannel (BufferedWriteChannel.java:open(61)) - open log_inprogress_0 at position 0
2025-09-13 17:31:23,459 [EventQueue-PipelineReportForOneReplicaPipelineSafeModeRule] INFO  safemode.SCMSafeModeManager (SCMSafeModeManager.java:validateSafeModeExitRules(138)) - AtleastOneDatanodeReportedRule rule is successfully validated
2025-09-13 17:31:23,462 [36d876fb-a458-4393-963b-58eeedb8ba95@group-D5D0288CE997-LeaderElection5] INFO  server.RaftServerConfigKeys (ConfUtils.java:logGet(62)) - raft.server.log.appender.snapshot.chunk.size.max = 16MB (=16777216) (default)
2025-09-13 17:31:23,462 [36d876fb-a458-4393-963b-58eeedb8ba95@group-D5D0288CE997-LeaderElection5] INFO  server.RaftServerConfigKeys (ConfUtils.java:logGet(62)) - raft.server.log.appender.buffer.byte-limit = 33554432 (custom)
2025-09-13 17:31:23,462 [36d876fb-a458-4393-963b-58eeedb8ba95@group-D5D0288CE997-LeaderElection5] INFO  server.RaftServerConfigKeys (ConfUtils.java:logGet(62)) - raft.server.log.appender.buffer.element-limit = 1024 (custom)
2025-09-13 17:31:23,464 [36d876fb-a458-4393-963b-58eeedb8ba95@group-D5D0288CE997-LeaderElection5] INFO  server.RaftServerConfigKeys (ConfUtils.java:logGet(62)) - raft.server.log.appender.wait-time.min = 0ms (custom)
2025-09-13 17:31:23,464 [2f036b56-942d-42f4-908f-5b0be9aff918-groupManagement] INFO  server.RaftServerConfigKeys (ConfUtils.java:logGet(62)) - raft.server.log.appender.buffer.byte-limit = 33554432 (custom)
2025-09-13 17:31:23,464 [36d876fb-a458-4393-963b-58eeedb8ba95@group-B4189F5888A1-SegmentedRaftLogWorker] INFO  segmented.SegmentedRaftLogWorker (SegmentedRaftLogWorker.java:execute(647)) - 36d876fb-a458-4393-963b-58eeedb8ba95@group-B4189F5888A1-SegmentedRaftLogWorker: created new log segment /home/runner/work/ozone/ozone/hadoop-ozone/integration-test/target/test-dir/MiniOzoneClusterImpl-1331a795-ed08-415d-924a-7661a5cf51a5/ozone-metadata/datanode-1/ratis/5743d5ca-d5da-4592-97f7-b4189f5888a1/current/log_inprogress_0
2025-09-13 17:31:23,464 [2f036b56-942d-42f4-908f-5b0be9aff918-groupManagement] INFO  segmented.SegmentedRaftLogWorker (SegmentedRaftLogWorker.java:lambda$new$0(141)) - 2f036b56-942d-42f4-908f-5b0be9aff918@group-BA744B40FD77-SegmentedRaftLogWorker: flushIndex: setUnconditionally 0 -> -1
2025-09-13 17:31:23,465 [2f036b56-942d-42f4-908f-5b0be9aff918-groupManagement] INFO  segmented.SegmentedRaftLogWorker (SegmentedRaftLogWorker.java:lambda$new$0(141)) - 2f036b56-942d-42f4-908f-5b0be9aff918@group-BA744B40FD77-SegmentedRaftLogWorker: safeCacheEvictIndex: setUnconditionally 0 -> -1
2025-09-13 17:31:23,465 [2f036b56-942d-42f4-908f-5b0be9aff918-groupManagement] INFO  server.RaftServer$Division (RaftServerImpl.java:start(405)) - 2f036b56-942d-42f4-908f-5b0be9aff918@group-BA744B40FD77: start as a follower, conf=conf: {index: -1, cur=peers:[2f036b56-942d-42f4-908f-5b0be9aff918|127.0.0.1:15079]|listeners:[], old=null}
2025-09-13 17:31:23,465 [2f036b56-942d-42f4-908f-5b0be9aff918-groupManagement] INFO  server.RaftServer$Division (RaftServerImpl.java:setRole(392)) - 2f036b56-942d-42f4-908f-5b0be9aff918@group-BA744B40FD77: changes role from      null to FOLLOWER at term 0 for startAsFollower
2025-09-13 17:31:23,465 [2f036b56-942d-42f4-908f-5b0be9aff918-groupManagement] INFO  impl.RoleInfo (RoleInfo.java:updateAndGet(148)) - 2f036b56-942d-42f4-908f-5b0be9aff918: start 2f036b56-942d-42f4-908f-5b0be9aff918@group-BA744B40FD77-FollowerState
2025-09-13 17:31:23,465 [2f036b56-942d-42f4-908f-5b0be9aff918-groupManagement] INFO  util.JmxRegister (JmxRegister.java:tryRegister(44)) - Successfully registered JMX Bean with object name Ratis:service=RaftServer,group=group-BA744B40FD77,id=2f036b56-942d-42f4-908f-5b0be9aff918
2025-09-13 17:31:23,465 [2f036b56-942d-42f4-908f-5b0be9aff918-groupManagement] INFO  util.JmxRegister (JmxRegister.java:register(58)) - register mxBean class org.apache.ratis.server.impl.RaftServerJmxAdapter as Ratis:service=RaftServer,group=group-BA744B40FD77,id=2f036b56-942d-42f4-908f-5b0be9aff918
2025-09-13 17:31:23,466 [36d876fb-a458-4393-963b-58eeedb8ba95@group-D5D0288CE997-LeaderElection5] INFO  grpc.GrpcConfigKeys (ConfUtils.java:logGet(62)) - raft.grpc.server.leader.outstanding.appends.max = 8 (default)
2025-09-13 17:31:23,466 [36d876fb-a458-4393-963b-58eeedb8ba95@group-D5D0288CE997-LeaderElection5] INFO  grpc.GrpcConfigKeys (ConfUtils.java:logGet(62)) - raft.grpc.server.install_snapshot.request.element-limit = 8 (default)
2025-09-13 17:31:23,466 [36d876fb-a458-4393-963b-58eeedb8ba95@group-D5D0288CE997-LeaderElection5] INFO  grpc.GrpcConfigKeys (ConfUtils.java:logGet(62)) - raft.grpc.server.install_snapshot.request.timeout = 3000ms (default)
2025-09-13 17:31:23,466 [36d876fb-a458-4393-963b-58eeedb8ba95@group-D5D0288CE997-LeaderElection5] INFO  grpc.GrpcConfigKeys (ConfUtils.java:logGet(62)) - raft.grpc.server.log-message.batch.duration = 5s (default)
2025-09-13 17:31:23,467 [2f036b56-942d-42f4-908f-5b0be9aff918-groupManagement] INFO  server.RaftServer$Division (RaftServerImpl.java:start(419)) - 2f036b56-942d-42f4-908f-5b0be9aff918@group-BA744B40FD77: Successfully started.
2025-09-13 17:31:23,467 [2f036b56-942d-42f4-908f-5b0be9aff918-CreatePipelineCommandHandlerThread-0] INFO  ratis.XceiverServerRatis (XceiverServerRatis.java:addGroup(831)) - Created group Pipeline-5d67dbf1-7614-46d7-97b5-ba744b40fd77
2025-09-13 17:31:23,467 [2f036b56-942d-42f4-908f-5b0be9aff918-CreatePipelineCommandHandlerThread-0] INFO  commandhandler.CreatePipelineCommandHandler (CreatePipelineCommandHandler.java:lambda$handle$2(141)) - Created Pipeline RATIS ONE Pipeline-5d67dbf1-7614-46d7-97b5-ba744b40fd77.
2025-09-13 17:31:23,468 [2f036b56-942d-42f4-908f-5b0be9aff918-CreatePipelineCommandHandlerThread-0] INFO  server.RaftServer (RaftServerProxy.java:addNew(105)) - 2f036b56-942d-42f4-908f-5b0be9aff918: addNew group-3DEBD952707A:[3dbe4e49-25e9-43f5-94e0-3ca31f2aaaf2|127.0.0.1:15063, 9b620cf5-1dd4-4083-97bd-ff44c8fea23e|127.0.0.1:15071, 2f036b56-942d-42f4-908f-5b0be9aff918|127.0.0.1:15079] returns group-3DEBD952707A:java.util.concurrent.CompletableFuture@188516cc[Not completed]
2025-09-13 17:31:23,469 [2f036b56-942d-42f4-908f-5b0be9aff918-groupManagement] INFO  server.RaftServer$Division (RaftServerImpl.java:<init>(268)) - 2f036b56-942d-42f4-908f-5b0be9aff918: new RaftServerImpl for group-3DEBD952707A:[3dbe4e49-25e9-43f5-94e0-3ca31f2aaaf2|127.0.0.1:15063, 9b620cf5-1dd4-4083-97bd-ff44c8fea23e|127.0.0.1:15071, 2f036b56-942d-42f4-908f-5b0be9aff918|127.0.0.1:15079] with ContainerStateMachine:uninitialized
2025-09-13 17:31:23,470 [2f036b56-942d-42f4-908f-5b0be9aff918-groupManagement] INFO  server.RaftServer$Division (ServerState.java:<init>(114)) - 2f036b56-942d-42f4-908f-5b0be9aff918@group-3DEBD952707A: ConfigurationManager, init=conf: {index: -1, cur=peers:[3dbe4e49-25e9-43f5-94e0-3ca31f2aaaf2|127.0.0.1:15063, 9b620cf5-1dd4-4083-97bd-ff44c8fea23e|127.0.0.1:15071, 2f036b56-942d-42f4-908f-5b0be9aff918|127.0.0.1:15079]|listeners:[], old=null}, confs=<EMPTY_MAP>
2025-09-13 17:31:23,472 [36d876fb-a458-4393-963b-58eeedb8ba95@group-B4189F5888A1-StateMachineUpdater] INFO  server.RaftServer$Division (LeaderStateImpl.java:checkStartIndex(309)) - Leader 36d876fb-a458-4393-963b-58eeedb8ba95@group-B4189F5888A1-LeaderStateImpl is ready since appliedIndex == startIndex == 0
2025-09-13 17:31:23,474 [e114cbd1-8f45-4cc5-a8b1-e2bd6cad48a0@group-3D336BCEFA21-FollowerState] INFO  impl.FollowerState (FollowerState.java:runImpl(161)) - e114cbd1-8f45-4cc5-a8b1-e2bd6cad48a0@group-3D336BCEFA21-FollowerState: change to CANDIDATE, lastRpcElapsedTime:1012467186ns, electionTimeout:1012ms
2025-09-13 17:31:23,474 [e114cbd1-8f45-4cc5-a8b1-e2bd6cad48a0@group-3D336BCEFA21-FollowerState] INFO  impl.RoleInfo (RoleInfo.java:shutdownFollowerState(121)) - e114cbd1-8f45-4cc5-a8b1-e2bd6cad48a0: shutdown e114cbd1-8f45-4cc5-a8b1-e2bd6cad48a0@group-3D336BCEFA21-FollowerState
2025-09-13 17:31:23,474 [e114cbd1-8f45-4cc5-a8b1-e2bd6cad48a0@group-3D336BCEFA21-FollowerState] INFO  server.RaftServer$Division (RaftServerImpl.java:setRole(392)) - e114cbd1-8f45-4cc5-a8b1-e2bd6cad48a0@group-3D336BCEFA21: changes role from  FOLLOWER to CANDIDATE at term 0 for changeToCandidate
2025-09-13 17:31:23,475 [e114cbd1-8f45-4cc5-a8b1-e2bd6cad48a0@group-3D336BCEFA21-FollowerState] INFO  impl.RoleInfo (RoleInfo.java:updateAndGet(148)) - e114cbd1-8f45-4cc5-a8b1-e2bd6cad48a0: start e114cbd1-8f45-4cc5-a8b1-e2bd6cad48a0@group-3D336BCEFA21-LeaderElection7
2025-09-13 17:31:23,475 [36d876fb-a458-4393-963b-58eeedb8ba95@group-D5D0288CE997-LeaderElection5] INFO  server.RaftServerConfigKeys (ConfUtils.java:logGet(62)) - raft.server.log.appender.buffer.byte-limit = 33554432 (custom)
2025-09-13 17:31:23,475 [e114cbd1-8f45-4cc5-a8b1-e2bd6cad48a0@group-3D336BCEFA21-LeaderElection7] INFO  impl.LeaderElection (LeaderElection.java:askForVotes(448)) - e114cbd1-8f45-4cc5-a8b1-e2bd6cad48a0@group-3D336BCEFA21-LeaderElection7 PRE_VOTE round 0: submit vote requests at term 0 for conf: {index: -1, cur=peers:[e114cbd1-8f45-4cc5-a8b1-e2bd6cad48a0|127.0.0.1:15047]|listeners:[], old=null}
2025-09-13 17:31:23,475 [e114cbd1-8f45-4cc5-a8b1-e2bd6cad48a0@group-3D336BCEFA21-LeaderElection7] INFO  impl.LeaderElection (LeaderElection.java:askForVotes(450)) - e114cbd1-8f45-4cc5-a8b1-e2bd6cad48a0@group-3D336BCEFA21-LeaderElection7 PRE_VOTE round 0: result PASSED (term=0)
2025-09-13 17:31:23,477 [36d876fb-a458-4393-963b-58eeedb8ba95@group-D5D0288CE997-LeaderElection5] INFO  impl.RoleInfo (RoleInfo.java:updateAndGet(148)) - 36d876fb-a458-4393-963b-58eeedb8ba95: start 36d876fb-a458-4393-963b-58eeedb8ba95@group-D5D0288CE997-LeaderStateImpl
2025-09-13 17:31:23,477 [36d876fb-a458-4393-963b-58eeedb8ba95@group-D5D0288CE997-LeaderElection5] INFO  server.RaftServer$Division (RaftServerImpl.java:setFirstElection(576)) - 36d876fb-a458-4393-963b-58eeedb8ba95@group-D5D0288CE997: set firstElectionSinceStartup to false for becomeLeader
2025-09-13 17:31:23,477 [36d876fb-a458-4393-963b-58eeedb8ba95@group-D5D0288CE997-LeaderElection5] INFO  ratis.XceiverServerRatis (XceiverServerRatis.java:handleLeaderChangedNotification(932)) - Leader change notification received for group: group-D5D0288CE997 with new leaderId: 36d876fb-a458-4393-963b-58eeedb8ba95
2025-09-13 17:31:23,477 [36d876fb-a458-4393-963b-58eeedb8ba95@group-D5D0288CE997-LeaderElection5] INFO  server.RaftServer$Division (ServerState.java:setLeader(272)) - 36d876fb-a458-4393-963b-58eeedb8ba95@group-D5D0288CE997: change Leader from null to 36d876fb-a458-4393-963b-58eeedb8ba95 at term 1 for becomeLeader, leader elected after 1111ms
2025-09-13 17:31:23,478 [36d876fb-a458-4393-963b-58eeedb8ba95@group-D5D0288CE997-LeaderElection5] INFO  segmented.SegmentedRaftLogWorker (SegmentedRaftLogWorker.java:startLogSegment(440)) - 36d876fb-a458-4393-963b-58eeedb8ba95@group-D5D0288CE997-SegmentedRaftLogWorker: Starting segment from index:0
2025-09-13 17:31:23,479 [e114cbd1-8f45-4cc5-a8b1-e2bd6cad48a0@group-3D336BCEFA21-LeaderElection7] INFO  impl.LeaderElection (LeaderElection.java:askForVotes(448)) - e114cbd1-8f45-4cc5-a8b1-e2bd6cad48a0@group-3D336BCEFA21-LeaderElection7 ELECTION round 0: submit vote requests at term 1 for conf: {index: -1, cur=peers:[e114cbd1-8f45-4cc5-a8b1-e2bd6cad48a0|127.0.0.1:15047]|listeners:[], old=null}
2025-09-13 17:31:23,479 [e114cbd1-8f45-4cc5-a8b1-e2bd6cad48a0@group-3D336BCEFA21-LeaderElection7] INFO  impl.LeaderElection (LeaderElection.java:askForVotes(450)) - e114cbd1-8f45-4cc5-a8b1-e2bd6cad48a0@group-3D336BCEFA21-LeaderElection7 ELECTION round 0: result PASSED (term=1)
2025-09-13 17:31:23,479 [e114cbd1-8f45-4cc5-a8b1-e2bd6cad48a0@group-3D336BCEFA21-LeaderElection7] INFO  impl.RoleInfo (RoleInfo.java:shutdownLeaderElection(141)) - e114cbd1-8f45-4cc5-a8b1-e2bd6cad48a0: shutdown e114cbd1-8f45-4cc5-a8b1-e2bd6cad48a0@group-3D336BCEFA21-LeaderElection7
2025-09-13 17:31:23,479 [e114cbd1-8f45-4cc5-a8b1-e2bd6cad48a0@group-3D336BCEFA21-LeaderElection7] INFO  server.RaftServer$Division (RaftServerImpl.java:setRole(392)) - e114cbd1-8f45-4cc5-a8b1-e2bd6cad48a0@group-3D336BCEFA21: changes role from CANDIDATE to LEADER at term 1 for changeToLeader
2025-09-13 17:31:23,479 [e114cbd1-8f45-4cc5-a8b1-e2bd6cad48a0@group-3D336BCEFA21-LeaderElection7] INFO  server.RaftServerConfigKeys (ConfUtils.java:logFallback(69)) - raft.server.staging.timeout = 3600ms (fallback to raft.server.rpc.timeout.max)
2025-09-13 17:31:23,479 [36d876fb-a458-4393-963b-58eeedb8ba95@group-D5D0288CE997-LeaderElection5] INFO  server.RaftServer$Division (ServerState.java:setRaftConf(386)) - 36d876fb-a458-4393-963b-58eeedb8ba95@group-D5D0288CE997: set configuration conf: {index: 0, cur=peers:[9e23e878-9bb3-42b5-8b94-e0e229812e65|127.0.0.1:15023, 13facd30-3950-4310-8b1a-93d004abbbdd|127.0.0.1:15031, 36d876fb-a458-4393-963b-58eeedb8ba95|127.0.0.1:15015]|listeners:[], old=null}
2025-09-13 17:31:23,480 [36d876fb-a458-4393-963b-58eeedb8ba95@group-D5D0288CE997-SegmentedRaftLogWorker] INFO  segmented.BufferedWriteChannel (BufferedWriteChannel.java:open(61)) - open log_inprogress_0 at position 0
2025-09-13 17:31:23,480 [e114cbd1-8f45-4cc5-a8b1-e2bd6cad48a0@group-3D336BCEFA21-LeaderElection7] INFO  server.RaftServerConfigKeys (ConfUtils.java:logGet(62)) - raft.server.write.byte-limit = 1024 M (=1073741824) (custom)
2025-09-13 17:31:23,480 [2f036b56-942d-42f4-908f-5b0be9aff918-groupManagement] INFO  storage.RaftStorageDirectory (RaftStorageDirectoryImpl.java:analyzeStorage(138)) - The storage directory /home/runner/work/ozone/ozone/hadoop-ozone/integration-test/target/test-dir/MiniOzoneClusterImpl-1331a795-ed08-415d-924a-7661a5cf51a5/ozone-metadata/datanode-9/ratis/0ca82692-2fba-4cdd-8f6b-3debd952707a does not exist. Creating ...
2025-09-13 17:31:23,482 [EventQueue-PipelineReportForOneReplicaPipelineSafeModeRule] INFO  safemode.SCMSafeModeManager (SCMSafeModeManager.java:validateSafeModeExitRules(138)) - AtleastOneDatanodeReportedRule rule is successfully validated
2025-09-13 17:31:23,482 [e114cbd1-8f45-4cc5-a8b1-e2bd6cad48a0@group-3D336BCEFA21-LeaderElection7] INFO  impl.RoleInfo (RoleInfo.java:updateAndGet(148)) - e114cbd1-8f45-4cc5-a8b1-e2bd6cad48a0: start e114cbd1-8f45-4cc5-a8b1-e2bd6cad48a0@group-3D336BCEFA21-LeaderStateImpl
2025-09-13 17:31:23,483 [e114cbd1-8f45-4cc5-a8b1-e2bd6cad48a0@group-3D336BCEFA21-LeaderElection7] INFO  server.RaftServer$Division (RaftServerImpl.java:setFirstElection(576)) - e114cbd1-8f45-4cc5-a8b1-e2bd6cad48a0@group-3D336BCEFA21: set firstElectionSinceStartup to false for becomeLeader
2025-09-13 17:31:23,483 [e114cbd1-8f45-4cc5-a8b1-e2bd6cad48a0@group-3D336BCEFA21-LeaderElection7] INFO  ratis.XceiverServerRatis (XceiverServerRatis.java:handleLeaderChangedNotification(932)) - Leader change notification received for group: group-3D336BCEFA21 with new leaderId: e114cbd1-8f45-4cc5-a8b1-e2bd6cad48a0
2025-09-13 17:31:23,485 [e114cbd1-8f45-4cc5-a8b1-e2bd6cad48a0@group-3D336BCEFA21-LeaderElection7] INFO  server.RaftServer$Division (ServerState.java:setLeader(272)) - e114cbd1-8f45-4cc5-a8b1-e2bd6cad48a0@group-3D336BCEFA21: change Leader from null to e114cbd1-8f45-4cc5-a8b1-e2bd6cad48a0 at term 1 for becomeLeader, leader elected after 1045ms
2025-09-13 17:31:23,486 [2f036b56-942d-42f4-908f-5b0be9aff918-groupManagement] INFO  storage.RaftStorageDirectory (RaftStorageDirectoryImpl.java:tryLock(229)) - Lock on /home/runner/work/ozone/ozone/hadoop-ozone/integration-test/target/test-dir/MiniOzoneClusterImpl-1331a795-ed08-415d-924a-7661a5cf51a5/ozone-metadata/datanode-9/ratis/0ca82692-2fba-4cdd-8f6b-3debd952707a/in_use.lock acquired by nodename 22846@localhost
2025-09-13 17:31:23,486 [e114cbd1-8f45-4cc5-a8b1-e2bd6cad48a0@group-3D336BCEFA21-LeaderElection7] INFO  segmented.SegmentedRaftLogWorker (SegmentedRaftLogWorker.java:startLogSegment(440)) - e114cbd1-8f45-4cc5-a8b1-e2bd6cad48a0@group-3D336BCEFA21-SegmentedRaftLogWorker: Starting segment from index:0
2025-09-13 17:31:23,487 [EventQueue-PipelineReportForOneReplicaPipelineSafeModeRule] INFO  safemode.SCMSafeModeManager (SCMSafeModeManager.java:validateSafeModeExitRules(138)) - AtleastOneDatanodeReportedRule rule is successfully validated
2025-09-13 17:31:23,487 [e114cbd1-8f45-4cc5-a8b1-e2bd6cad48a0@group-3D336BCEFA21-LeaderElection7] INFO  server.RaftServer$Division (ServerState.java:setRaftConf(386)) - e114cbd1-8f45-4cc5-a8b1-e2bd6cad48a0@group-3D336BCEFA21: set configuration conf: {index: 0, cur=peers:[e114cbd1-8f45-4cc5-a8b1-e2bd6cad48a0|127.0.0.1:15047]|listeners:[], old=null}
2025-09-13 17:31:23,487 [e114cbd1-8f45-4cc5-a8b1-e2bd6cad48a0@group-3D336BCEFA21-SegmentedRaftLogWorker] INFO  segmented.BufferedWriteChannel (BufferedWriteChannel.java:open(61)) - open log_inprogress_0 at position 0
2025-09-13 17:31:23,488 [36d876fb-a458-4393-963b-58eeedb8ba95@group-D5D0288CE997-SegmentedRaftLogWorker] INFO  segmented.SegmentedRaftLogWorker (SegmentedRaftLogWorker.java:execute(647)) - 36d876fb-a458-4393-963b-58eeedb8ba95@group-D5D0288CE997-SegmentedRaftLogWorker: created new log segment /home/runner/work/ozone/ozone/hadoop-ozone/integration-test/target/test-dir/MiniOzoneClusterImpl-1331a795-ed08-415d-924a-7661a5cf51a5/ozone-metadata/datanode-1/ratis/71f8f458-3dd2-4722-a002-d5d0288ce997/current/log_inprogress_0
2025-09-13 17:31:23,488 [2f036b56-942d-42f4-908f-5b0be9aff918-groupManagement] INFO  storage.RaftStorage (RaftStorageImpl.java:format(98)) - Storage directory /home/runner/work/ozone/ozone/hadoop-ozone/integration-test/target/test-dir/MiniOzoneClusterImpl-1331a795-ed08-415d-924a-7661a5cf51a5/ozone-metadata/datanode-9/ratis/0ca82692-2fba-4cdd-8f6b-3debd952707a has been successfully formatted.
2025-09-13 17:31:23,488 [2f036b56-942d-42f4-908f-5b0be9aff918-groupManagement] INFO  ratis.ContainerStateMachine (ContainerStateMachine.java:initialize(339)) - 2f036b56-942d-42f4-908f-5b0be9aff918: initialize group-3DEBD952707A
2025-09-13 17:31:23,489 [2f036b56-942d-42f4-908f-5b0be9aff918-groupManagement] INFO  ratis.ContainerStateMachine (ContainerStateMachine.java:loadSnapshot(347)) - group-3DEBD952707A: The snapshot info is null. Setting the last applied index to:<INITIAL_VALUE>
2025-09-13 17:31:23,489 [2f036b56-942d-42f4-908f-5b0be9aff918-groupManagement] INFO  server.RaftServerConfigKeys (ConfUtils.java:logGet(62)) - raft.server.log.appender.buffer.byte-limit = 33554432 (custom)
2025-09-13 17:31:23,491 [2f036b56-942d-42f4-908f-5b0be9aff918-groupManagement] INFO  server.RaftServerConfigKeys (ConfUtils.java:logGet(62)) - raft.server.log.segment.size.max = 67108864 (custom)
2025-09-13 17:31:23,492 [2f036b56-942d-42f4-908f-5b0be9aff918-groupManagement] INFO  server.RaftServerConfigKeys (ConfUtils.java:logGet(62)) - raft.server.log.appender.buffer.byte-limit = 33554432 (custom)
2025-09-13 17:31:23,489 [22454e81-7bda-41d4-8b71-c0b680f2e12d@group-7661A5CF51A5-StateMachineUpdater] INFO  safemode.SCMSafeModeManager (SCMSafeModeManager.java:validateSafeModeExitRules(138)) - DataNodeSafeModeRule rule is successfully validated
2025-09-13 17:31:23,492 [22454e81-7bda-41d4-8b71-c0b680f2e12d@group-7661A5CF51A5-StateMachineUpdater] INFO  safemode.SCMSafeModeManager (SCMSafeModeManager.java:validateSafeModeExitRules(138)) - RatisContainerSafeModeRule rule is successfully validated
2025-09-13 17:31:23,492 [22454e81-7bda-41d4-8b71-c0b680f2e12d@group-7661A5CF51A5-StateMachineUpdater] INFO  safemode.HealthyPipelineSafeModeRule (HealthyPipelineSafeModeRule.java:initializeRule(228)) - Refreshed total pipeline count is 1, healthy pipeline threshold count is 1
2025-09-13 17:31:23,493 [22454e81-7bda-41d4-8b71-c0b680f2e12d@group-7661A5CF51A5-StateMachineUpdater] INFO  safemode.SCMSafeModeManager (SCMSafeModeManager.java:validateSafeModeExitRules(138)) - ECContainerSafeModeRule rule is successfully validated
2025-09-13 17:31:23,493 [22454e81-7bda-41d4-8b71-c0b680f2e12d@group-7661A5CF51A5-StateMachineUpdater] INFO  safemode.SCMSafeModeManager (SCMSafeModeManager.java:validateSafeModeExitRules(138)) - AtleastOneDatanodeReportedRule rule is successfully validated
2025-09-13 17:31:23,493 [EventQueue-PipelineReportForPipelineReportHandler] INFO  pipeline.PipelineReportHandler (PipelineReportHandler.java:processPipelineReport(132)) - Opened pipeline Pipeline-71f8f458-3dd2-4722-a002-d5d0288ce997
2025-09-13 17:31:23,493 [EventQueue-OpenPipelineForHealthyPipelineSafeModeRule] INFO  safemode.SCMSafeModeManager (HealthyPipelineSafeModeRule.java:process(196)) - SCM in safe mode. Healthy pipelines reported count is 1, required healthy pipeline reported count is 1
2025-09-13 17:31:23,493 [EventQueue-OpenPipelineForHealthyPipelineSafeModeRule] INFO  safemode.SCMSafeModeManager (SCMSafeModeManager.java:validateSafeModeExitRules(138)) - HealthyPipelineSafeModeRule rule is successfully validated
2025-09-13 17:31:23,493 [EventQueue-OpenPipelineForHealthyPipelineSafeModeRule] INFO  safemode.SCMSafeModeManager (SCMSafeModeManager.java:validateSafeModeExitRules(158)) - ScmSafeModeManager, all rules are successfully validated
2025-09-13 17:31:23,493 [EventQueue-OpenPipelineForHealthyPipelineSafeModeRule] INFO  safemode.SCMSafeModeManager (SCMSafeModeManager.java:validateSafeModeExitRules(159)) - SCM exiting safe mode.
2025-09-13 17:31:23,493 [EventQueue-OpenPipelineForHealthyPipelineSafeModeRule] INFO  ha.SCMContext (SCMContext.java:updateSafeModeStatus(224)) - Update SafeModeStatus from SafeModeStatus{safeModeStatus=true, preCheckPassed=true} to SafeModeStatus{safeModeStatus=false, preCheckPassed=true}.
2025-09-13 17:31:23,494 [EventQueue-OpenPipelineForHealthyPipelineSafeModeRule] INFO  BackgroundPipelineScrubber (BackgroundSCMService.java:notifyStatusChanged(78)) - Service BackgroundPipelineScrubber transitions to RUNNING.
2025-09-13 17:31:23,494 [EventQueue-OpenPipelineForHealthyPipelineSafeModeRule] INFO  ExpiredContainerReplicaOpScrubber (BackgroundSCMService.java:notifyStatusChanged(78)) - Service ExpiredContainerReplicaOpScrubber transitions to RUNNING.
2025-09-13 17:31:23,494 [EventQueue-OpenPipelineForHealthyPipelineSafeModeRule] INFO  block.SCMBlockDeletingService (SCMBlockDeletingService.java:notifyStatusChanged(265)) - notifyStatusChanged:RUNNING
2025-09-13 17:31:23,494 [EventQueue-OpenPipelineForHealthyPipelineSafeModeRule] INFO  replication.ReplicationManager (ReplicationManager.java:notifyStatusChanged(1389)) - Service ReplicationManager transitions to RUNNING.
2025-09-13 17:31:23,495 [2f036b56-942d-42f4-908f-5b0be9aff918-groupManagement] INFO  util.AwaitToRun (AwaitToRun.java:start(81)) - Thread[#1320,2f036b56-942d-42f4-908f-5b0be9aff918@group-3DEBD952707A-cacheEviction-AwaitToRun,5,main] started
2025-09-13 17:31:23,495 [2f036b56-942d-42f4-908f-5b0be9aff918-groupManagement] INFO  segmented.SegmentedRaftLogWorker (SegmentedRaftLogWorker.java:<init>(190)) - new 2f036b56-942d-42f4-908f-5b0be9aff918@group-3DEBD952707A-SegmentedRaftLogWorker for RaftStorageImpl:Storage Directory /home/runner/work/ozone/ozone/hadoop-ozone/integration-test/target/test-dir/MiniOzoneClusterImpl-1331a795-ed08-415d-924a-7661a5cf51a5/ozone-metadata/datanode-9/ratis/0ca82692-2fba-4cdd-8f6b-3debd952707a
2025-09-13 17:31:23,495 [2f036b56-942d-42f4-908f-5b0be9aff918-groupManagement] INFO  server.RaftServerConfigKeys (ConfUtils.java:logGet(62)) - raft.server.log.queue.byte-limit = 4294967296 (custom)
2025-09-13 17:31:23,496 [2f036b56-942d-42f4-908f-5b0be9aff918-groupManagement] INFO  server.RaftServerConfigKeys (ConfUtils.java:logGet(62)) - raft.server.log.segment.size.max = 67108864 (custom)
2025-09-13 17:31:23,496 [2f036b56-942d-42f4-908f-5b0be9aff918-groupManagement] INFO  server.RaftServerConfigKeys (ConfUtils.java:logGet(62)) - raft.server.log.preallocated.size = 4194304 (custom)
2025-09-13 17:31:23,496 [2f036b56-942d-42f4-908f-5b0be9aff918-groupManagement] INFO  server.RaftServerConfigKeys (ConfUtils.java:logGet(62)) - raft.server.log.write.buffer.size = 33554440 (custom)
2025-09-13 17:31:23,502 [2f036b56-942d-42f4-908f-5b0be9aff918-groupManagement] INFO  server.RaftServerConfigKeys (ConfUtils.java:logGet(62)) - raft.server.log.appender.buffer.byte-limit = 33554432 (custom)
2025-09-13 17:31:23,503 [2f036b56-942d-42f4-908f-5b0be9aff918-groupManagement] INFO  segmented.SegmentedRaftLogWorker (SegmentedRaftLogWorker.java:lambda$new$0(141)) - 2f036b56-942d-42f4-908f-5b0be9aff918@group-3DEBD952707A-SegmentedRaftLogWorker: flushIndex: setUnconditionally 0 -> -1
2025-09-13 17:31:23,503 [2f036b56-942d-42f4-908f-5b0be9aff918-groupManagement] INFO  segmented.SegmentedRaftLogWorker (SegmentedRaftLogWorker.java:lambda$new$0(141)) - 2f036b56-942d-42f4-908f-5b0be9aff918@group-3DEBD952707A-SegmentedRaftLogWorker: safeCacheEvictIndex: setUnconditionally 0 -> -1
2025-09-13 17:31:23,503 [2f036b56-942d-42f4-908f-5b0be9aff918-groupManagement] INFO  server.RaftServer$Division (RaftServerImpl.java:start(405)) - 2f036b56-942d-42f4-908f-5b0be9aff918@group-3DEBD952707A: start as a follower, conf=conf: {index: -1, cur=peers:[3dbe4e49-25e9-43f5-94e0-3ca31f2aaaf2|127.0.0.1:15063, 9b620cf5-1dd4-4083-97bd-ff44c8fea23e|127.0.0.1:15071, 2f036b56-942d-42f4-908f-5b0be9aff918|127.0.0.1:15079]|listeners:[], old=null}
2025-09-13 17:31:23,503 [2f036b56-942d-42f4-908f-5b0be9aff918-groupManagement] INFO  server.RaftServer$Division (RaftServerImpl.java:setRole(392)) - 2f036b56-942d-42f4-908f-5b0be9aff918@group-3DEBD952707A: changes role from      null to FOLLOWER at term 0 for startAsFollower
2025-09-13 17:31:23,503 [2f036b56-942d-42f4-908f-5b0be9aff918-groupManagement] INFO  impl.RoleInfo (RoleInfo.java:updateAndGet(148)) - 2f036b56-942d-42f4-908f-5b0be9aff918: start 2f036b56-942d-42f4-908f-5b0be9aff918@group-3DEBD952707A-FollowerState
2025-09-13 17:31:23,504 [2f036b56-942d-42f4-908f-5b0be9aff918-groupManagement] INFO  util.JmxRegister (JmxRegister.java:tryRegister(44)) - Successfully registered JMX Bean with object name Ratis:service=RaftServer,group=group-3DEBD952707A,id=2f036b56-942d-42f4-908f-5b0be9aff918
2025-09-13 17:31:23,505 [2f036b56-942d-42f4-908f-5b0be9aff918-groupManagement] INFO  util.JmxRegister (JmxRegister.java:register(58)) - register mxBean class org.apache.ratis.server.impl.RaftServerJmxAdapter as Ratis:service=RaftServer,group=group-3DEBD952707A,id=2f036b56-942d-42f4-908f-5b0be9aff918
2025-09-13 17:31:23,507 [2f036b56-942d-42f4-908f-5b0be9aff918-groupManagement] INFO  server.RaftServer$Division (RaftServerImpl.java:start(419)) - 2f036b56-942d-42f4-908f-5b0be9aff918@group-3DEBD952707A: Successfully started.
2025-09-13 17:31:23,508 [2f036b56-942d-42f4-908f-5b0be9aff918-CreatePipelineCommandHandlerThread-0] INFO  ratis.XceiverServerRatis (XceiverServerRatis.java:addGroup(831)) - Created group Pipeline-0ca82692-2fba-4cdd-8f6b-3debd952707a
2025-09-13 17:31:23,512 [e114cbd1-8f45-4cc5-a8b1-e2bd6cad48a0@group-3D336BCEFA21-SegmentedRaftLogWorker] INFO  segmented.SegmentedRaftLogWorker (SegmentedRaftLogWorker.java:execute(647)) - e114cbd1-8f45-4cc5-a8b1-e2bd6cad48a0@group-3D336BCEFA21-SegmentedRaftLogWorker: created new log segment /home/runner/work/ozone/ozone/hadoop-ozone/integration-test/target/test-dir/MiniOzoneClusterImpl-1331a795-ed08-415d-924a-7661a5cf51a5/ozone-metadata/datanode-5/ratis/c7cd4f34-6e85-4800-ae3d-3d336bcefa21/current/log_inprogress_0
2025-09-13 17:31:23,513 [grpc-default-executor-1] INFO  ratis.XceiverServerRatis (XceiverServerRatis.java:handleLeaderChangedNotification(932)) - Leader change notification received for group: group-D5D0288CE997 with new leaderId: 36d876fb-a458-4393-963b-58eeedb8ba95
2025-09-13 17:31:23,518 [grpc-default-executor-1] INFO  server.RaftServer$Division (ServerState.java:setLeader(272)) - 9e23e878-9bb3-42b5-8b94-e0e229812e65@group-D5D0288CE997: change Leader from null to 36d876fb-a458-4393-963b-58eeedb8ba95 at term 1 for appendEntries, leader elected after 867ms
2025-09-13 17:31:23,518 [grpc-default-executor-3] INFO  ratis.XceiverServerRatis (XceiverServerRatis.java:handleLeaderChangedNotification(932)) - Leader change notification received for group: group-D5D0288CE997 with new leaderId: 36d876fb-a458-4393-963b-58eeedb8ba95
2025-09-13 17:31:23,518 [grpc-default-executor-3] INFO  server.RaftServer$Division (ServerState.java:setLeader(272)) - 13facd30-3950-4310-8b1a-93d004abbbdd@group-D5D0288CE997: change Leader from null to 36d876fb-a458-4393-963b-58eeedb8ba95 at term 1 for appendEntries, leader elected after 780ms
2025-09-13 17:31:23,517 [EventQueue-OpenPipelineForHealthyPipelineSafeModeRule] WARN  balancer.ContainerBalancer (ContainerBalancer.java:shouldRun(136)) - Could not find persisted configuration for ContainerBalancer when checking if ContainerBalancer should run. ContainerBalancer should not run now.
2025-09-13 17:31:23,520 [EventQueue-OpenPipelineForHealthyPipelineSafeModeRule] INFO  SCMHATransactionMonitor (BackgroundSCMService.java:notifyStatusChanged(78)) - Service SCMHATransactionMonitor transitions to RUNNING.
2025-09-13 17:31:23,520 [e114cbd1-8f45-4cc5-a8b1-e2bd6cad48a0@group-3D336BCEFA21-StateMachineUpdater] INFO  server.RaftServer$Division (LeaderStateImpl.java:checkStartIndex(309)) - Leader e114cbd1-8f45-4cc5-a8b1-e2bd6cad48a0@group-3D336BCEFA21-LeaderStateImpl is ready since appliedIndex == startIndex == 0
2025-09-13 17:31:23,526 [grpc-default-executor-4] INFO  server.RaftServer$Division (ServerState.java:setRaftConf(386)) - 9e23e878-9bb3-42b5-8b94-e0e229812e65@group-D5D0288CE997: set configuration conf: {index: 0, cur=peers:[9e23e878-9bb3-42b5-8b94-e0e229812e65|127.0.0.1:15023, 13facd30-3950-4310-8b1a-93d004abbbdd|127.0.0.1:15031, 36d876fb-a458-4393-963b-58eeedb8ba95|127.0.0.1:15015]|listeners:[], old=null}
2025-09-13 17:31:23,527 [grpc-default-executor-1] INFO  server.RaftServer$Division (ServerState.java:setRaftConf(386)) - 13facd30-3950-4310-8b1a-93d004abbbdd@group-D5D0288CE997: set configuration conf: {index: 0, cur=peers:[9e23e878-9bb3-42b5-8b94-e0e229812e65|127.0.0.1:15023, 13facd30-3950-4310-8b1a-93d004abbbdd|127.0.0.1:15031, 36d876fb-a458-4393-963b-58eeedb8ba95|127.0.0.1:15015]|listeners:[], old=null}
2025-09-13 17:31:23,530 [e114cbd1-8f45-4cc5-a8b1-e2bd6cad48a0@group-853F78DB4750-FollowerState] INFO  impl.FollowerState (FollowerState.java:runImpl(161)) - e114cbd1-8f45-4cc5-a8b1-e2bd6cad48a0@group-853F78DB4750-FollowerState: change to CANDIDATE, lastRpcElapsedTime:1039756978ns, electionTimeout:1038ms
2025-09-13 17:31:23,530 [e114cbd1-8f45-4cc5-a8b1-e2bd6cad48a0@group-853F78DB4750-FollowerState] INFO  impl.RoleInfo (RoleInfo.java:shutdownFollowerState(121)) - e114cbd1-8f45-4cc5-a8b1-e2bd6cad48a0: shutdown e114cbd1-8f45-4cc5-a8b1-e2bd6cad48a0@group-853F78DB4750-FollowerState
2025-09-13 17:31:23,530 [e114cbd1-8f45-4cc5-a8b1-e2bd6cad48a0@group-853F78DB4750-FollowerState] INFO  server.RaftServer$Division (RaftServerImpl.java:setRole(392)) - e114cbd1-8f45-4cc5-a8b1-e2bd6cad48a0@group-853F78DB4750: changes role from  FOLLOWER to CANDIDATE at term 0 for changeToCandidate
2025-09-13 17:31:23,531 [e114cbd1-8f45-4cc5-a8b1-e2bd6cad48a0@group-853F78DB4750-FollowerState] INFO  impl.RoleInfo (RoleInfo.java:updateAndGet(148)) - e114cbd1-8f45-4cc5-a8b1-e2bd6cad48a0: start e114cbd1-8f45-4cc5-a8b1-e2bd6cad48a0@group-853F78DB4750-LeaderElection8
2025-09-13 17:31:23,531 [grpc-default-executor-1] INFO  segmented.SegmentedRaftLogWorker (SegmentedRaftLogWorker.java:startLogSegment(440)) - 13facd30-3950-4310-8b1a-93d004abbbdd@group-D5D0288CE997-SegmentedRaftLogWorker: Starting segment from index:0
2025-09-13 17:31:23,533 [13facd30-3950-4310-8b1a-93d004abbbdd@group-D5D0288CE997-SegmentedRaftLogWorker] INFO  segmented.BufferedWriteChannel (BufferedWriteChannel.java:open(61)) - open log_inprogress_0 at position 0
2025-09-13 17:31:23,534 [grpc-default-executor-4] INFO  segmented.SegmentedRaftLogWorker (SegmentedRaftLogWorker.java:startLogSegment(440)) - 9e23e878-9bb3-42b5-8b94-e0e229812e65@group-D5D0288CE997-SegmentedRaftLogWorker: Starting segment from index:0
2025-09-13 17:31:23,534 [e114cbd1-8f45-4cc5-a8b1-e2bd6cad48a0@group-853F78DB4750-LeaderElection8] INFO  impl.LeaderElection (LeaderElection.java:askForVotes(448)) - e114cbd1-8f45-4cc5-a8b1-e2bd6cad48a0@group-853F78DB4750-LeaderElection8 PRE_VOTE round 0: submit vote requests at term 0 for conf: {index: -1, cur=peers:[d3aade32-661d-499d-9068-ea1550ed8656|127.0.0.1:15055, beda0dcb-37da-4cca-bea2-e222cb1bc351|127.0.0.1:15039, e114cbd1-8f45-4cc5-a8b1-e2bd6cad48a0|127.0.0.1:15047]|listeners:[], old=null}
2025-09-13 17:31:23,534 [9e23e878-9bb3-42b5-8b94-e0e229812e65@group-D5D0288CE997-SegmentedRaftLogWorker] INFO  segmented.BufferedWriteChannel (BufferedWriteChannel.java:open(61)) - open log_inprogress_0 at position 0
2025-09-13 17:31:23,535 [grpc-default-executor-0] INFO  server.RaftServer (RaftServerProxy.java:addNew(105)) - 3dbe4e49-25e9-43f5-94e0-3ca31f2aaaf2: addNew group-3DEBD952707A:[3dbe4e49-25e9-43f5-94e0-3ca31f2aaaf2|127.0.0.1:15063, 9b620cf5-1dd4-4083-97bd-ff44c8fea23e|127.0.0.1:15071, 2f036b56-942d-42f4-908f-5b0be9aff918|127.0.0.1:15079] returns group-3DEBD952707A:java.util.concurrent.CompletableFuture@20dfaa9b[Not completed]
2025-09-13 17:31:23,539 [e114cbd1-8f45-4cc5-a8b1-e2bd6cad48a0@group-853F78DB4750-LeaderElection8-1] INFO  server.GrpcServerProtocolClient (GrpcServerProtocolClient.java:<init>(65)) - Build channel for d3aade32-661d-499d-9068-ea1550ed8656|127.0.0.1:15055
2025-09-13 17:31:23,540 [e114cbd1-8f45-4cc5-a8b1-e2bd6cad48a0@group-853F78DB4750-LeaderElection8-2] INFO  server.GrpcServerProtocolClient (GrpcServerProtocolClient.java:<init>(65)) - Build channel for beda0dcb-37da-4cca-bea2-e222cb1bc351|127.0.0.1:15039
2025-09-13 17:31:23,547 [grpc-default-executor-3] INFO  server.RaftServer$Division (RaftServerImpl.java:requestVote(1421)) - beda0dcb-37da-4cca-bea2-e222cb1bc351@group-853F78DB4750: receive requestVote(PRE_VOTE, e114cbd1-8f45-4cc5-a8b1-e2bd6cad48a0, group-853F78DB4750, 0, <PROTO_DEFAULT>)
2025-09-13 17:31:23,548 [grpc-default-executor-3] INFO  impl.VoteContext (VoteContext.java:log(49)) - beda0dcb-37da-4cca-bea2-e222cb1bc351@group-853F78DB4750-FOLLOWER: accept PRE_VOTE from e114cbd1-8f45-4cc5-a8b1-e2bd6cad48a0: our priority 0 <= candidate's priority 1
2025-09-13 17:31:23,549 [9e23e878-9bb3-42b5-8b94-e0e229812e65@group-D5D0288CE997-SegmentedRaftLogWorker] INFO  segmented.SegmentedRaftLogWorker (SegmentedRaftLogWorker.java:execute(647)) - 9e23e878-9bb3-42b5-8b94-e0e229812e65@group-D5D0288CE997-SegmentedRaftLogWorker: created new log segment /home/runner/work/ozone/ozone/hadoop-ozone/integration-test/target/test-dir/MiniOzoneClusterImpl-1331a795-ed08-415d-924a-7661a5cf51a5/ozone-metadata/datanode-2/ratis/71f8f458-3dd2-4722-a002-d5d0288ce997/current/log_inprogress_0
2025-09-13 17:31:23,549 [grpc-default-executor-3] INFO  server.RaftServer$Division (RaftServerImpl.java:requestVote(1455)) - beda0dcb-37da-4cca-bea2-e222cb1bc351@group-853F78DB4750 replies to PRE_VOTE vote request: e114cbd1-8f45-4cc5-a8b1-e2bd6cad48a0<-beda0dcb-37da-4cca-bea2-e222cb1bc351#0:OK-t0-last:<INITIAL_VALUE>. Peer's state: beda0dcb-37da-4cca-bea2-e222cb1bc351@group-853F78DB4750:t0, leader=null, voted=, raftlog=Memoized:beda0dcb-37da-4cca-bea2-e222cb1bc351@group-853F78DB4750-SegmentedRaftLog:OPENED:c-1:lastnull, conf=conf: {index: -1, cur=peers:[d3aade32-661d-499d-9068-ea1550ed8656|127.0.0.1:15055, beda0dcb-37da-4cca-bea2-e222cb1bc351|127.0.0.1:15039, e114cbd1-8f45-4cc5-a8b1-e2bd6cad48a0|127.0.0.1:15047]|listeners:[], old=null}
2025-09-13 17:31:23,553 [e114cbd1-8f45-4cc5-a8b1-e2bd6cad48a0@group-853F78DB4750-LeaderElection8] INFO  impl.LeaderElection (LeaderElection.java:logAndReturn(206)) - e114cbd1-8f45-4cc5-a8b1-e2bd6cad48a0@group-853F78DB4750-LeaderElection8: PRE_VOTE PASSED received 1 response(s) and 0 exception(s):
2025-09-13 17:31:23,553 [e114cbd1-8f45-4cc5-a8b1-e2bd6cad48a0@group-853F78DB4750-LeaderElection8] INFO  impl.LeaderElection (LeaderElection.java:logAndReturn(210)) -   Response 0: e114cbd1-8f45-4cc5-a8b1-e2bd6cad48a0<-beda0dcb-37da-4cca-bea2-e222cb1bc351#0:OK-t0-last:<INITIAL_VALUE>
2025-09-13 17:31:23,553 [e114cbd1-8f45-4cc5-a8b1-e2bd6cad48a0@group-853F78DB4750-LeaderElection8] INFO  impl.LeaderElection (LeaderElection.java:askForVotes(450)) - e114cbd1-8f45-4cc5-a8b1-e2bd6cad48a0@group-853F78DB4750-LeaderElection8 PRE_VOTE round 0: result PASSED
2025-09-13 17:31:23,556 [36d876fb-a458-4393-963b-58eeedb8ba95@group-D5D0288CE997-StateMachineUpdater] INFO  server.RaftServer$Division (LeaderStateImpl.java:checkStartIndex(309)) - Leader 36d876fb-a458-4393-963b-58eeedb8ba95@group-D5D0288CE997-LeaderStateImpl is ready since appliedIndex == startIndex == 0
2025-09-13 17:31:23,556 [13facd30-3950-4310-8b1a-93d004abbbdd@group-D5D0288CE997-SegmentedRaftLogWorker] INFO  segmented.SegmentedRaftLogWorker (SegmentedRaftLogWorker.java:execute(647)) - 13facd30-3950-4310-8b1a-93d004abbbdd@group-D5D0288CE997-SegmentedRaftLogWorker: created new log segment /home/runner/work/ozone/ozone/hadoop-ozone/integration-test/target/test-dir/MiniOzoneClusterImpl-1331a795-ed08-415d-924a-7661a5cf51a5/ozone-metadata/datanode-3/ratis/71f8f458-3dd2-4722-a002-d5d0288ce997/current/log_inprogress_0
2025-09-13 17:31:23,557 [grpc-default-executor-3] INFO  server.RaftServer$Division (RaftServerImpl.java:requestVote(1421)) - d3aade32-661d-499d-9068-ea1550ed8656@group-853F78DB4750: receive requestVote(PRE_VOTE, e114cbd1-8f45-4cc5-a8b1-e2bd6cad48a0, group-853F78DB4750, 0, <PROTO_DEFAULT>)
2025-09-13 17:31:23,557 [grpc-default-executor-3] INFO  impl.VoteContext (VoteContext.java:log(49)) - d3aade32-661d-499d-9068-ea1550ed8656@group-853F78DB4750-FOLLOWER: accept PRE_VOTE from e114cbd1-8f45-4cc5-a8b1-e2bd6cad48a0: our priority 0 <= candidate's priority 1
2025-09-13 17:31:23,557 [grpc-default-executor-3] INFO  server.RaftServer$Division (RaftServerImpl.java:requestVote(1455)) - d3aade32-661d-499d-9068-ea1550ed8656@group-853F78DB4750 replies to PRE_VOTE vote request: e114cbd1-8f45-4cc5-a8b1-e2bd6cad48a0<-d3aade32-661d-499d-9068-ea1550ed8656#0:OK-t0-last:<INITIAL_VALUE>. Peer's state: d3aade32-661d-499d-9068-ea1550ed8656@group-853F78DB4750:t0, leader=null, voted=, raftlog=Memoized:d3aade32-661d-499d-9068-ea1550ed8656@group-853F78DB4750-SegmentedRaftLog:OPENED:c-1:lastnull, conf=conf: {index: -1, cur=peers:[d3aade32-661d-499d-9068-ea1550ed8656|127.0.0.1:15055, beda0dcb-37da-4cca-bea2-e222cb1bc351|127.0.0.1:15039, e114cbd1-8f45-4cc5-a8b1-e2bd6cad48a0|127.0.0.1:15047]|listeners:[], old=null}
2025-09-13 17:31:23,558 [e114cbd1-8f45-4cc5-a8b1-e2bd6cad48a0@group-853F78DB4750-LeaderElection8] INFO  impl.LeaderElection (LeaderElection.java:askForVotes(448)) - e114cbd1-8f45-4cc5-a8b1-e2bd6cad48a0@group-853F78DB4750-LeaderElection8 ELECTION round 0: submit vote requests at term 1 for conf: {index: -1, cur=peers:[d3aade32-661d-499d-9068-ea1550ed8656|127.0.0.1:15055, beda0dcb-37da-4cca-bea2-e222cb1bc351|127.0.0.1:15039, e114cbd1-8f45-4cc5-a8b1-e2bd6cad48a0|127.0.0.1:15047]|listeners:[], old=null}
2025-09-13 17:31:23,563 [grpc-default-executor-0] INFO  server.RaftServer$Division (RaftServerImpl.java:requestVote(1421)) - d3aade32-661d-499d-9068-ea1550ed8656@group-853F78DB4750: receive requestVote(ELECTION, e114cbd1-8f45-4cc5-a8b1-e2bd6cad48a0, group-853F78DB4750, 1, <PROTO_DEFAULT>)
2025-09-13 17:31:23,563 [grpc-default-executor-0] INFO  impl.VoteContext (VoteContext.java:log(49)) - d3aade32-661d-499d-9068-ea1550ed8656@group-853F78DB4750-FOLLOWER: accept ELECTION from e114cbd1-8f45-4cc5-a8b1-e2bd6cad48a0: our priority 0 <= candidate's priority 1
2025-09-13 17:31:23,563 [grpc-default-executor-0] INFO  server.RaftServer$Division (RaftServerImpl.java:setRole(392)) - d3aade32-661d-499d-9068-ea1550ed8656@group-853F78DB4750: changes role from  FOLLOWER to FOLLOWER at term 0 for candidate:e114cbd1-8f45-4cc5-a8b1-e2bd6cad48a0
2025-09-13 17:31:23,564 [grpc-default-executor-0] INFO  impl.RoleInfo (RoleInfo.java:shutdownFollowerState(121)) - d3aade32-661d-499d-9068-ea1550ed8656: shutdown d3aade32-661d-499d-9068-ea1550ed8656@group-853F78DB4750-FollowerState
2025-09-13 17:31:23,564 [grpc-default-executor-0] INFO  impl.RoleInfo (RoleInfo.java:updateAndGet(148)) - d3aade32-661d-499d-9068-ea1550ed8656: start d3aade32-661d-499d-9068-ea1550ed8656@group-853F78DB4750-FollowerState
2025-09-13 17:31:23,565 [grpc-default-executor-0] INFO  server.RaftServer$Division (RaftServerImpl.java:setFirstElection(576)) - d3aade32-661d-499d-9068-ea1550ed8656@group-853F78DB4750: set firstElectionSinceStartup to false for candidate:e114cbd1-8f45-4cc5-a8b1-e2bd6cad48a0
2025-09-13 17:31:23,567 [d3aade32-661d-499d-9068-ea1550ed8656@group-853F78DB4750-FollowerState] INFO  impl.FollowerState (FollowerState.java:runImpl(170)) - d3aade32-661d-499d-9068-ea1550ed8656@group-853F78DB4750-FollowerState was interrupted
2025-09-13 17:31:23,567 [grpc-default-executor-3] INFO  server.RaftServer$Division (RaftServerImpl.java:requestVote(1421)) - beda0dcb-37da-4cca-bea2-e222cb1bc351@group-853F78DB4750: receive requestVote(ELECTION, e114cbd1-8f45-4cc5-a8b1-e2bd6cad48a0, group-853F78DB4750, 1, <PROTO_DEFAULT>)
2025-09-13 17:31:23,567 [grpc-default-executor-3] INFO  impl.VoteContext (VoteContext.java:log(49)) - beda0dcb-37da-4cca-bea2-e222cb1bc351@group-853F78DB4750-FOLLOWER: accept ELECTION from e114cbd1-8f45-4cc5-a8b1-e2bd6cad48a0: our priority 0 <= candidate's priority 1
2025-09-13 17:31:23,568 [grpc-default-executor-3] INFO  server.RaftServer$Division (RaftServerImpl.java:setRole(392)) - beda0dcb-37da-4cca-bea2-e222cb1bc351@group-853F78DB4750: changes role from  FOLLOWER to FOLLOWER at term 0 for candidate:e114cbd1-8f45-4cc5-a8b1-e2bd6cad48a0
2025-09-13 17:31:23,568 [grpc-default-executor-3] INFO  impl.RoleInfo (RoleInfo.java:shutdownFollowerState(121)) - beda0dcb-37da-4cca-bea2-e222cb1bc351: shutdown beda0dcb-37da-4cca-bea2-e222cb1bc351@group-853F78DB4750-FollowerState
2025-09-13 17:31:23,568 [grpc-default-executor-3] INFO  impl.RoleInfo (RoleInfo.java:updateAndGet(148)) - beda0dcb-37da-4cca-bea2-e222cb1bc351: start beda0dcb-37da-4cca-bea2-e222cb1bc351@group-853F78DB4750-FollowerState
2025-09-13 17:31:23,568 [grpc-default-executor-0] INFO  server.RaftServer$Division (RaftServerImpl.java:requestVote(1455)) - d3aade32-661d-499d-9068-ea1550ed8656@group-853F78DB4750 replies to ELECTION vote request: e114cbd1-8f45-4cc5-a8b1-e2bd6cad48a0<-d3aade32-661d-499d-9068-ea1550ed8656#0:OK-t1-last:<INITIAL_VALUE>. Peer's state: d3aade32-661d-499d-9068-ea1550ed8656@group-853F78DB4750:t1, leader=null, voted=e114cbd1-8f45-4cc5-a8b1-e2bd6cad48a0, raftlog=Memoized:d3aade32-661d-499d-9068-ea1550ed8656@group-853F78DB4750-SegmentedRaftLog:OPENED:c-1:lastnull, conf=conf: {index: -1, cur=peers:[d3aade32-661d-499d-9068-ea1550ed8656|127.0.0.1:15055, beda0dcb-37da-4cca-bea2-e222cb1bc351|127.0.0.1:15039, e114cbd1-8f45-4cc5-a8b1-e2bd6cad48a0|127.0.0.1:15047]|listeners:[], old=null}
2025-09-13 17:31:23,568 [beda0dcb-37da-4cca-bea2-e222cb1bc351@group-853F78DB4750-FollowerState] INFO  impl.FollowerState (FollowerState.java:runImpl(170)) - beda0dcb-37da-4cca-bea2-e222cb1bc351@group-853F78DB4750-FollowerState was interrupted
2025-09-13 17:31:23,568 [grpc-default-executor-3] INFO  server.RaftServer$Division (RaftServerImpl.java:setFirstElection(576)) - beda0dcb-37da-4cca-bea2-e222cb1bc351@group-853F78DB4750: set firstElectionSinceStartup to false for candidate:e114cbd1-8f45-4cc5-a8b1-e2bd6cad48a0
2025-09-13 17:31:23,570 [grpc-default-executor-3] INFO  server.RaftServer$Division (RaftServerImpl.java:requestVote(1455)) - beda0dcb-37da-4cca-bea2-e222cb1bc351@group-853F78DB4750 replies to ELECTION vote request: e114cbd1-8f45-4cc5-a8b1-e2bd6cad48a0<-beda0dcb-37da-4cca-bea2-e222cb1bc351#0:OK-t1-last:<INITIAL_VALUE>. Peer's state: beda0dcb-37da-4cca-bea2-e222cb1bc351@group-853F78DB4750:t1, leader=null, voted=e114cbd1-8f45-4cc5-a8b1-e2bd6cad48a0, raftlog=Memoized:beda0dcb-37da-4cca-bea2-e222cb1bc351@group-853F78DB4750-SegmentedRaftLog:OPENED:c-1:lastnull, conf=conf: {index: -1, cur=peers:[d3aade32-661d-499d-9068-ea1550ed8656|127.0.0.1:15055, beda0dcb-37da-4cca-bea2-e222cb1bc351|127.0.0.1:15039, e114cbd1-8f45-4cc5-a8b1-e2bd6cad48a0|127.0.0.1:15047]|listeners:[], old=null}
2025-09-13 17:31:23,571 [3dbe4e49-25e9-43f5-94e0-3ca31f2aaaf2-groupManagement] INFO  server.RaftServer$Division (RaftServerImpl.java:<init>(268)) - 3dbe4e49-25e9-43f5-94e0-3ca31f2aaaf2: new RaftServerImpl for group-3DEBD952707A:[3dbe4e49-25e9-43f5-94e0-3ca31f2aaaf2|127.0.0.1:15063, 9b620cf5-1dd4-4083-97bd-ff44c8fea23e|127.0.0.1:15071, 2f036b56-942d-42f4-908f-5b0be9aff918|127.0.0.1:15079] with ContainerStateMachine:uninitialized
2025-09-13 17:31:23,571 [3dbe4e49-25e9-43f5-94e0-3ca31f2aaaf2-groupManagement] INFO  server.RaftServer$Division (ServerState.java:<init>(114)) - 3dbe4e49-25e9-43f5-94e0-3ca31f2aaaf2@group-3DEBD952707A: ConfigurationManager, init=conf: {index: -1, cur=peers:[3dbe4e49-25e9-43f5-94e0-3ca31f2aaaf2|127.0.0.1:15063, 9b620cf5-1dd4-4083-97bd-ff44c8fea23e|127.0.0.1:15071, 2f036b56-942d-42f4-908f-5b0be9aff918|127.0.0.1:15079]|listeners:[], old=null}, confs=<EMPTY_MAP>
2025-09-13 17:31:23,572 [e114cbd1-8f45-4cc5-a8b1-e2bd6cad48a0@group-853F78DB4750-LeaderElection8] INFO  impl.LeaderElection (LeaderElection.java:logAndReturn(206)) - e114cbd1-8f45-4cc5-a8b1-e2bd6cad48a0@group-853F78DB4750-LeaderElection8: ELECTION PASSED received 1 response(s) and 0 exception(s):
2025-09-13 17:31:23,572 [e114cbd1-8f45-4cc5-a8b1-e2bd6cad48a0@group-853F78DB4750-LeaderElection8] INFO  impl.LeaderElection (LeaderElection.java:logAndReturn(210)) -   Response 0: e114cbd1-8f45-4cc5-a8b1-e2bd6cad48a0<-d3aade32-661d-499d-9068-ea1550ed8656#0:OK-t1-last:<INITIAL_VALUE>
2025-09-13 17:31:23,572 [e114cbd1-8f45-4cc5-a8b1-e2bd6cad48a0@group-853F78DB4750-LeaderElection8] INFO  impl.LeaderElection (LeaderElection.java:askForVotes(450)) - e114cbd1-8f45-4cc5-a8b1-e2bd6cad48a0@group-853F78DB4750-LeaderElection8 ELECTION round 0: result PASSED
2025-09-13 17:31:23,572 [e114cbd1-8f45-4cc5-a8b1-e2bd6cad48a0@group-853F78DB4750-LeaderElection8] INFO  impl.RoleInfo (RoleInfo.java:shutdownLeaderElection(141)) - e114cbd1-8f45-4cc5-a8b1-e2bd6cad48a0: shutdown e114cbd1-8f45-4cc5-a8b1-e2bd6cad48a0@group-853F78DB4750-LeaderElection8
2025-09-13 17:31:23,572 [e114cbd1-8f45-4cc5-a8b1-e2bd6cad48a0@group-853F78DB4750-LeaderElection8] INFO  server.RaftServer$Division (RaftServerImpl.java:setRole(392)) - e114cbd1-8f45-4cc5-a8b1-e2bd6cad48a0@group-853F78DB4750: changes role from CANDIDATE to LEADER at term 1 for changeToLeader
2025-09-13 17:31:23,573 [e114cbd1-8f45-4cc5-a8b1-e2bd6cad48a0@group-853F78DB4750-LeaderElection8] INFO  server.RaftServerConfigKeys (ConfUtils.java:logFallback(69)) - raft.server.staging.timeout = 3600ms (fallback to raft.server.rpc.timeout.max)
2025-09-13 17:31:23,573 [e114cbd1-8f45-4cc5-a8b1-e2bd6cad48a0@group-853F78DB4750-LeaderElection8] INFO  server.RaftServerConfigKeys (ConfUtils.java:logGet(62)) - raft.server.write.byte-limit = 1024 M (=1073741824) (custom)
2025-09-13 17:31:23,578 [e114cbd1-8f45-4cc5-a8b1-e2bd6cad48a0@group-853F78DB4750-LeaderElection8] INFO  server.RaftServerConfigKeys (ConfUtils.java:logGet(62)) - raft.server.log.appender.buffer.byte-limit = 33554432 (custom)
2025-09-13 17:31:23,581 [e114cbd1-8f45-4cc5-a8b1-e2bd6cad48a0@group-853F78DB4750-LeaderElection8] INFO  server.RaftServerConfigKeys (ConfUtils.java:logGet(62)) - raft.server.log.appender.buffer.byte-limit = 33554432 (custom)
2025-09-13 17:31:23,581 [e114cbd1-8f45-4cc5-a8b1-e2bd6cad48a0@group-853F78DB4750-LeaderElection8] INFO  impl.RoleInfo (RoleInfo.java:updateAndGet(148)) - e114cbd1-8f45-4cc5-a8b1-e2bd6cad48a0: start e114cbd1-8f45-4cc5-a8b1-e2bd6cad48a0@group-853F78DB4750-LeaderStateImpl
2025-09-13 17:31:23,581 [e114cbd1-8f45-4cc5-a8b1-e2bd6cad48a0@group-853F78DB4750-LeaderElection8] INFO  server.RaftServer$Division (RaftServerImpl.java:setFirstElection(576)) - e114cbd1-8f45-4cc5-a8b1-e2bd6cad48a0@group-853F78DB4750: set firstElectionSinceStartup to false for becomeLeader
2025-09-13 17:31:23,581 [e114cbd1-8f45-4cc5-a8b1-e2bd6cad48a0@group-853F78DB4750-LeaderElection8] INFO  ratis.XceiverServerRatis (XceiverServerRatis.java:handleLeaderChangedNotification(932)) - Leader change notification received for group: group-853F78DB4750 with new leaderId: e114cbd1-8f45-4cc5-a8b1-e2bd6cad48a0
2025-09-13 17:31:23,583 [e114cbd1-8f45-4cc5-a8b1-e2bd6cad48a0@group-853F78DB4750-LeaderElection8] INFO  server.RaftServer$Division (ServerState.java:setLeader(272)) - e114cbd1-8f45-4cc5-a8b1-e2bd6cad48a0@group-853F78DB4750: change Leader from null to e114cbd1-8f45-4cc5-a8b1-e2bd6cad48a0 at term 1 for becomeLeader, leader elected after 1114ms
2025-09-13 17:31:23,584 [3dbe4e49-25e9-43f5-94e0-3ca31f2aaaf2-groupManagement] INFO  server.RaftServerConfigKeys (ConfUtils.java:logGet(62)) - raft.server.storage.dir = [/home/runner/work/ozone/ozone/hadoop-ozone/integration-test/target/test-dir/MiniOzoneClusterImpl-1331a795-ed08-415d-924a-7661a5cf51a5/ozone-metadata/datanode-7/ratis] (custom)
2025-09-13 17:31:23,584 [3dbe4e49-25e9-43f5-94e0-3ca31f2aaaf2-groupManagement] INFO  storage.RaftStorageDirectory (RaftStorageDirectoryImpl.java:analyzeStorage(138)) - The storage directory /home/runner/work/ozone/ozone/hadoop-ozone/integration-test/target/test-dir/MiniOzoneClusterImpl-1331a795-ed08-415d-924a-7661a5cf51a5/ozone-metadata/datanode-7/ratis/0ca82692-2fba-4cdd-8f6b-3debd952707a does not exist. Creating ...
2025-09-13 17:31:23,585 [e114cbd1-8f45-4cc5-a8b1-e2bd6cad48a0@group-853F78DB4750-LeaderElection8] INFO  segmented.SegmentedRaftLogWorker (SegmentedRaftLogWorker.java:startLogSegment(440)) - e114cbd1-8f45-4cc5-a8b1-e2bd6cad48a0@group-853F78DB4750-SegmentedRaftLogWorker: Starting segment from index:0
2025-09-13 17:31:23,585 [e114cbd1-8f45-4cc5-a8b1-e2bd6cad48a0@group-853F78DB4750-SegmentedRaftLogWorker] INFO  segmented.BufferedWriteChannel (BufferedWriteChannel.java:open(61)) - open log_inprogress_0 at position 0
2025-09-13 17:31:23,586 [3dbe4e49-25e9-43f5-94e0-3ca31f2aaaf2-groupManagement] INFO  storage.RaftStorageDirectory (RaftStorageDirectoryImpl.java:tryLock(229)) - Lock on /home/runner/work/ozone/ozone/hadoop-ozone/integration-test/target/test-dir/MiniOzoneClusterImpl-1331a795-ed08-415d-924a-7661a5cf51a5/ozone-metadata/datanode-7/ratis/0ca82692-2fba-4cdd-8f6b-3debd952707a/in_use.lock acquired by nodename 22846@localhost
2025-09-13 17:31:23,586 [e114cbd1-8f45-4cc5-a8b1-e2bd6cad48a0@group-853F78DB4750-LeaderElection8] INFO  server.RaftServer$Division (ServerState.java:setRaftConf(386)) - e114cbd1-8f45-4cc5-a8b1-e2bd6cad48a0@group-853F78DB4750: set configuration conf: {index: 0, cur=peers:[d3aade32-661d-499d-9068-ea1550ed8656|127.0.0.1:15055, beda0dcb-37da-4cca-bea2-e222cb1bc351|127.0.0.1:15039, e114cbd1-8f45-4cc5-a8b1-e2bd6cad48a0|127.0.0.1:15047]|listeners:[], old=null}
2025-09-13 17:31:23,587 [3dbe4e49-25e9-43f5-94e0-3ca31f2aaaf2-groupManagement] INFO  storage.RaftStorage (RaftStorageImpl.java:format(98)) - Storage directory /home/runner/work/ozone/ozone/hadoop-ozone/integration-test/target/test-dir/MiniOzoneClusterImpl-1331a795-ed08-415d-924a-7661a5cf51a5/ozone-metadata/datanode-7/ratis/0ca82692-2fba-4cdd-8f6b-3debd952707a has been successfully formatted.
2025-09-13 17:31:23,587 [3dbe4e49-25e9-43f5-94e0-3ca31f2aaaf2-groupManagement] INFO  ratis.ContainerStateMachine (ContainerStateMachine.java:initialize(339)) - 3dbe4e49-25e9-43f5-94e0-3ca31f2aaaf2: initialize group-3DEBD952707A
2025-09-13 17:31:23,587 [3dbe4e49-25e9-43f5-94e0-3ca31f2aaaf2-groupManagement] INFO  ratis.ContainerStateMachine (ContainerStateMachine.java:loadSnapshot(347)) - group-3DEBD952707A: The snapshot info is null. Setting the last applied index to:<INITIAL_VALUE>
2025-09-13 17:31:23,588 [3dbe4e49-25e9-43f5-94e0-3ca31f2aaaf2-groupManagement] INFO  server.RaftServerConfigKeys (ConfUtils.java:logGet(62)) - raft.server.log.appender.buffer.byte-limit = 33554432 (custom)
2025-09-13 17:31:23,591 [EventQueue-PipelineReportForPipelineReportHandler] INFO  pipeline.PipelineReportHandler (PipelineReportHandler.java:processPipelineReport(132)) - Opened pipeline Pipeline-79b5a704-a3b5-4a89-89e6-853f78db4750
2025-09-13 17:31:23,596 [e114cbd1-8f45-4cc5-a8b1-e2bd6cad48a0@group-853F78DB4750-SegmentedRaftLogWorker] INFO  segmented.SegmentedRaftLogWorker (SegmentedRaftLogWorker.java:execute(647)) - e114cbd1-8f45-4cc5-a8b1-e2bd6cad48a0@group-853F78DB4750-SegmentedRaftLogWorker: created new log segment /home/runner/work/ozone/ozone/hadoop-ozone/integration-test/target/test-dir/MiniOzoneClusterImpl-1331a795-ed08-415d-924a-7661a5cf51a5/ozone-metadata/datanode-5/ratis/79b5a704-a3b5-4a89-89e6-853f78db4750/current/log_inprogress_0
2025-09-13 17:31:23,599 [grpc-default-executor-3] INFO  ratis.XceiverServerRatis (XceiverServerRatis.java:handleLeaderChangedNotification(932)) - Leader change notification received for group: group-853F78DB4750 with new leaderId: e114cbd1-8f45-4cc5-a8b1-e2bd6cad48a0
2025-09-13 17:31:23,599 [grpc-default-executor-3] INFO  server.RaftServer$Division (ServerState.java:setLeader(272)) - beda0dcb-37da-4cca-bea2-e222cb1bc351@group-853F78DB4750: change Leader from null to e114cbd1-8f45-4cc5-a8b1-e2bd6cad48a0 at term 1 for appendEntries, leader elected after 748ms
2025-09-13 17:31:23,602 [3dbe4e49-25e9-43f5-94e0-3ca31f2aaaf2-groupManagement] INFO  server.RaftServerConfigKeys (ConfUtils.java:logGet(62)) - raft.server.log.segment.size.max = 67108864 (custom)
2025-09-13 17:31:23,603 [3dbe4e49-25e9-43f5-94e0-3ca31f2aaaf2-groupManagement] INFO  server.RaftServerConfigKeys (ConfUtils.java:logGet(62)) - raft.server.log.appender.buffer.byte-limit = 33554432 (custom)
2025-09-13 17:31:23,602 [grpc-default-executor-1] INFO  server.RaftServer$Division (ServerState.java:setRaftConf(386)) - beda0dcb-37da-4cca-bea2-e222cb1bc351@group-853F78DB4750: set configuration conf: {index: 0, cur=peers:[d3aade32-661d-499d-9068-ea1550ed8656|127.0.0.1:15055, beda0dcb-37da-4cca-bea2-e222cb1bc351|127.0.0.1:15039, e114cbd1-8f45-4cc5-a8b1-e2bd6cad48a0|127.0.0.1:15047]|listeners:[], old=null}
2025-09-13 17:31:23,604 [grpc-default-executor-1] INFO  segmented.SegmentedRaftLogWorker (SegmentedRaftLogWorker.java:startLogSegment(440)) - beda0dcb-37da-4cca-bea2-e222cb1bc351@group-853F78DB4750-SegmentedRaftLogWorker: Starting segment from index:0
2025-09-13 17:31:23,604 [beda0dcb-37da-4cca-bea2-e222cb1bc351@group-853F78DB4750-SegmentedRaftLogWorker] INFO  segmented.BufferedWriteChannel (BufferedWriteChannel.java:open(61)) - open log_inprogress_0 at position 0
2025-09-13 17:31:23,604 [3dbe4e49-25e9-43f5-94e0-3ca31f2aaaf2-groupManagement] INFO  util.AwaitToRun (AwaitToRun.java:start(81)) - Thread[#1347,3dbe4e49-25e9-43f5-94e0-3ca31f2aaaf2@group-3DEBD952707A-cacheEviction-AwaitToRun,5,main] started
2025-09-13 17:31:23,604 [3dbe4e49-25e9-43f5-94e0-3ca31f2aaaf2-groupManagement] INFO  segmented.SegmentedRaftLogWorker (SegmentedRaftLogWorker.java:<init>(190)) - new 3dbe4e49-25e9-43f5-94e0-3ca31f2aaaf2@group-3DEBD952707A-SegmentedRaftLogWorker for RaftStorageImpl:Storage Directory /home/runner/work/ozone/ozone/hadoop-ozone/integration-test/target/test-dir/MiniOzoneClusterImpl-1331a795-ed08-415d-924a-7661a5cf51a5/ozone-metadata/datanode-7/ratis/0ca82692-2fba-4cdd-8f6b-3debd952707a
2025-09-13 17:31:23,604 [3dbe4e49-25e9-43f5-94e0-3ca31f2aaaf2-groupManagement] INFO  server.RaftServerConfigKeys (ConfUtils.java:logGet(62)) - raft.server.log.queue.byte-limit = 4294967296 (custom)
2025-09-13 17:31:23,604 [3dbe4e49-25e9-43f5-94e0-3ca31f2aaaf2-groupManagement] INFO  server.RaftServerConfigKeys (ConfUtils.java:logGet(62)) - raft.server.log.segment.size.max = 67108864 (custom)
2025-09-13 17:31:23,605 [3dbe4e49-25e9-43f5-94e0-3ca31f2aaaf2-groupManagement] INFO  server.RaftServerConfigKeys (ConfUtils.java:logGet(62)) - raft.server.log.preallocated.size = 4194304 (custom)
2025-09-13 17:31:23,605 [3dbe4e49-25e9-43f5-94e0-3ca31f2aaaf2-groupManagement] INFO  server.RaftServerConfigKeys (ConfUtils.java:logGet(62)) - raft.server.log.write.buffer.size = 33554440 (custom)
2025-09-13 17:31:23,606 [grpc-default-executor-3] INFO  ratis.XceiverServerRatis (XceiverServerRatis.java:handleLeaderChangedNotification(932)) - Leader change notification received for group: group-853F78DB4750 with new leaderId: e114cbd1-8f45-4cc5-a8b1-e2bd6cad48a0
2025-09-13 17:31:23,606 [grpc-default-executor-3] INFO  server.RaftServer$Division (ServerState.java:setLeader(272)) - d3aade32-661d-499d-9068-ea1550ed8656@group-853F78DB4750: change Leader from null to e114cbd1-8f45-4cc5-a8b1-e2bd6cad48a0 at term 1 for appendEntries, leader elected after 868ms
2025-09-13 17:31:23,607 [grpc-default-executor-2] INFO  server.RaftServer$Division (ServerState.java:setRaftConf(386)) - d3aade32-661d-499d-9068-ea1550ed8656@group-853F78DB4750: set configuration conf: {index: 0, cur=peers:[d3aade32-661d-499d-9068-ea1550ed8656|127.0.0.1:15055, beda0dcb-37da-4cca-bea2-e222cb1bc351|127.0.0.1:15039, e114cbd1-8f45-4cc5-a8b1-e2bd6cad48a0|127.0.0.1:15047]|listeners:[], old=null}
2025-09-13 17:31:23,607 [grpc-default-executor-2] INFO  segmented.SegmentedRaftLogWorker (SegmentedRaftLogWorker.java:startLogSegment(440)) - d3aade32-661d-499d-9068-ea1550ed8656@group-853F78DB4750-SegmentedRaftLogWorker: Starting segment from index:0
2025-09-13 17:31:23,608 [d3aade32-661d-499d-9068-ea1550ed8656@group-853F78DB4750-SegmentedRaftLogWorker] INFO  segmented.BufferedWriteChannel (BufferedWriteChannel.java:open(61)) - open log_inprogress_0 at position 0
2025-09-13 17:31:23,618 [3dbe4e49-25e9-43f5-94e0-3ca31f2aaaf2-groupManagement] INFO  server.RaftServerConfigKeys (ConfUtils.java:logGet(62)) - raft.server.log.appender.buffer.byte-limit = 33554432 (custom)
2025-09-13 17:31:23,619 [3dbe4e49-25e9-43f5-94e0-3ca31f2aaaf2-groupManagement] INFO  segmented.SegmentedRaftLogWorker (SegmentedRaftLogWorker.java:lambda$new$0(141)) - 3dbe4e49-25e9-43f5-94e0-3ca31f2aaaf2@group-3DEBD952707A-SegmentedRaftLogWorker: flushIndex: setUnconditionally 0 -> -1
2025-09-13 17:31:23,629 [d3aade32-661d-499d-9068-ea1550ed8656@group-853F78DB4750-SegmentedRaftLogWorker] INFO  segmented.SegmentedRaftLogWorker (SegmentedRaftLogWorker.java:execute(647)) - d3aade32-661d-499d-9068-ea1550ed8656@group-853F78DB4750-SegmentedRaftLogWorker: created new log segment /home/runner/work/ozone/ozone/hadoop-ozone/integration-test/target/test-dir/MiniOzoneClusterImpl-1331a795-ed08-415d-924a-7661a5cf51a5/ozone-metadata/datanode-6/ratis/79b5a704-a3b5-4a89-89e6-853f78db4750/current/log_inprogress_0
2025-09-13 17:31:23,629 [beda0dcb-37da-4cca-bea2-e222cb1bc351@group-853F78DB4750-SegmentedRaftLogWorker] INFO  segmented.SegmentedRaftLogWorker (SegmentedRaftLogWorker.java:execute(647)) - beda0dcb-37da-4cca-bea2-e222cb1bc351@group-853F78DB4750-SegmentedRaftLogWorker: created new log segment /home/runner/work/ozone/ozone/hadoop-ozone/integration-test/target/test-dir/MiniOzoneClusterImpl-1331a795-ed08-415d-924a-7661a5cf51a5/ozone-metadata/datanode-4/ratis/79b5a704-a3b5-4a89-89e6-853f78db4750/current/log_inprogress_0
2025-09-13 17:31:23,629 [3dbe4e49-25e9-43f5-94e0-3ca31f2aaaf2-groupManagement] INFO  segmented.SegmentedRaftLogWorker (SegmentedRaftLogWorker.java:lambda$new$0(141)) - 3dbe4e49-25e9-43f5-94e0-3ca31f2aaaf2@group-3DEBD952707A-SegmentedRaftLogWorker: safeCacheEvictIndex: setUnconditionally 0 -> -1
2025-09-13 17:31:23,631 [3dbe4e49-25e9-43f5-94e0-3ca31f2aaaf2-groupManagement] INFO  server.RaftServer$Division (RaftServerImpl.java:start(405)) - 3dbe4e49-25e9-43f5-94e0-3ca31f2aaaf2@group-3DEBD952707A: start as a follower, conf=conf: {index: -1, cur=peers:[3dbe4e49-25e9-43f5-94e0-3ca31f2aaaf2|127.0.0.1:15063, 9b620cf5-1dd4-4083-97bd-ff44c8fea23e|127.0.0.1:15071, 2f036b56-942d-42f4-908f-5b0be9aff918|127.0.0.1:15079]|listeners:[], old=null}
2025-09-13 17:31:23,631 [3dbe4e49-25e9-43f5-94e0-3ca31f2aaaf2-groupManagement] INFO  server.RaftServer$Division (RaftServerImpl.java:setRole(392)) - 3dbe4e49-25e9-43f5-94e0-3ca31f2aaaf2@group-3DEBD952707A: changes role from      null to FOLLOWER at term 0 for startAsFollower
2025-09-13 17:31:23,632 [3dbe4e49-25e9-43f5-94e0-3ca31f2aaaf2-groupManagement] INFO  impl.RoleInfo (RoleInfo.java:updateAndGet(148)) - 3dbe4e49-25e9-43f5-94e0-3ca31f2aaaf2: start 3dbe4e49-25e9-43f5-94e0-3ca31f2aaaf2@group-3DEBD952707A-FollowerState
2025-09-13 17:31:23,633 [3dbe4e49-25e9-43f5-94e0-3ca31f2aaaf2-groupManagement] INFO  util.JmxRegister (JmxRegister.java:tryRegister(44)) - Successfully registered JMX Bean with object name Ratis:service=RaftServer,group=group-3DEBD952707A,id=3dbe4e49-25e9-43f5-94e0-3ca31f2aaaf2
2025-09-13 17:31:23,633 [3dbe4e49-25e9-43f5-94e0-3ca31f2aaaf2-groupManagement] INFO  util.JmxRegister (JmxRegister.java:register(58)) - register mxBean class org.apache.ratis.server.impl.RaftServerJmxAdapter as Ratis:service=RaftServer,group=group-3DEBD952707A,id=3dbe4e49-25e9-43f5-94e0-3ca31f2aaaf2
2025-09-13 17:31:23,634 [3dbe4e49-25e9-43f5-94e0-3ca31f2aaaf2-groupManagement] INFO  server.RaftServer$Division (RaftServerImpl.java:start(419)) - 3dbe4e49-25e9-43f5-94e0-3ca31f2aaaf2@group-3DEBD952707A: Successfully started.
2025-09-13 17:31:23,636 [e114cbd1-8f45-4cc5-a8b1-e2bd6cad48a0@group-853F78DB4750-StateMachineUpdater] INFO  server.RaftServer$Division (LeaderStateImpl.java:checkStartIndex(309)) - Leader e114cbd1-8f45-4cc5-a8b1-e2bd6cad48a0@group-853F78DB4750-LeaderStateImpl is ready since appliedIndex == startIndex == 0
2025-09-13 17:31:23,648 [grpc-default-executor-1] INFO  server.RaftServer (RaftServerProxy.java:addNew(105)) - 9b620cf5-1dd4-4083-97bd-ff44c8fea23e: addNew group-3DEBD952707A:[3dbe4e49-25e9-43f5-94e0-3ca31f2aaaf2|127.0.0.1:15063, 9b620cf5-1dd4-4083-97bd-ff44c8fea23e|127.0.0.1:15071, 2f036b56-942d-42f4-908f-5b0be9aff918|127.0.0.1:15079] returns group-3DEBD952707A:java.util.concurrent.CompletableFuture@3d0af659[Not completed]
2025-09-13 17:31:23,651 [9b620cf5-1dd4-4083-97bd-ff44c8fea23e-groupManagement] INFO  server.RaftServer$Division (RaftServerImpl.java:<init>(268)) - 9b620cf5-1dd4-4083-97bd-ff44c8fea23e: new RaftServerImpl for group-3DEBD952707A:[3dbe4e49-25e9-43f5-94e0-3ca31f2aaaf2|127.0.0.1:15063, 9b620cf5-1dd4-4083-97bd-ff44c8fea23e|127.0.0.1:15071, 2f036b56-942d-42f4-908f-5b0be9aff918|127.0.0.1:15079] with ContainerStateMachine:uninitialized
2025-09-13 17:31:23,651 [9b620cf5-1dd4-4083-97bd-ff44c8fea23e-groupManagement] INFO  server.RaftServer$Division (ServerState.java:<init>(114)) - 9b620cf5-1dd4-4083-97bd-ff44c8fea23e@group-3DEBD952707A: ConfigurationManager, init=conf: {index: -1, cur=peers:[3dbe4e49-25e9-43f5-94e0-3ca31f2aaaf2|127.0.0.1:15063, 9b620cf5-1dd4-4083-97bd-ff44c8fea23e|127.0.0.1:15071, 2f036b56-942d-42f4-908f-5b0be9aff918|127.0.0.1:15079]|listeners:[], old=null}, confs=<EMPTY_MAP>
2025-09-13 17:31:23,658 [9b620cf5-1dd4-4083-97bd-ff44c8fea23e-groupManagement] INFO  server.RaftServerConfigKeys (ConfUtils.java:logGet(62)) - raft.server.storage.dir = [/home/runner/work/ozone/ozone/hadoop-ozone/integration-test/target/test-dir/MiniOzoneClusterImpl-1331a795-ed08-415d-924a-7661a5cf51a5/ozone-metadata/datanode-8/ratis] (custom)
2025-09-13 17:31:23,658 [9b620cf5-1dd4-4083-97bd-ff44c8fea23e-groupManagement] INFO  storage.RaftStorageDirectory (RaftStorageDirectoryImpl.java:analyzeStorage(138)) - The storage directory /home/runner/work/ozone/ozone/hadoop-ozone/integration-test/target/test-dir/MiniOzoneClusterImpl-1331a795-ed08-415d-924a-7661a5cf51a5/ozone-metadata/datanode-8/ratis/0ca82692-2fba-4cdd-8f6b-3debd952707a does not exist. Creating ...
2025-09-13 17:31:23,659 [9b620cf5-1dd4-4083-97bd-ff44c8fea23e-groupManagement] INFO  storage.RaftStorageDirectory (RaftStorageDirectoryImpl.java:tryLock(229)) - Lock on /home/runner/work/ozone/ozone/hadoop-ozone/integration-test/target/test-dir/MiniOzoneClusterImpl-1331a795-ed08-415d-924a-7661a5cf51a5/ozone-metadata/datanode-8/ratis/0ca82692-2fba-4cdd-8f6b-3debd952707a/in_use.lock acquired by nodename 22846@localhost
2025-09-13 17:31:23,662 [9b620cf5-1dd4-4083-97bd-ff44c8fea23e-groupManagement] INFO  storage.RaftStorage (RaftStorageImpl.java:format(98)) - Storage directory /home/runner/work/ozone/ozone/hadoop-ozone/integration-test/target/test-dir/MiniOzoneClusterImpl-1331a795-ed08-415d-924a-7661a5cf51a5/ozone-metadata/datanode-8/ratis/0ca82692-2fba-4cdd-8f6b-3debd952707a has been successfully formatted.
2025-09-13 17:31:23,662 [9b620cf5-1dd4-4083-97bd-ff44c8fea23e-groupManagement] INFO  ratis.ContainerStateMachine (ContainerStateMachine.java:initialize(339)) - 9b620cf5-1dd4-4083-97bd-ff44c8fea23e: initialize group-3DEBD952707A
2025-09-13 17:31:23,662 [9b620cf5-1dd4-4083-97bd-ff44c8fea23e-groupManagement] INFO  ratis.ContainerStateMachine (ContainerStateMachine.java:loadSnapshot(347)) - group-3DEBD952707A: The snapshot info is null. Setting the last applied index to:<INITIAL_VALUE>
2025-09-13 17:31:23,663 [9b620cf5-1dd4-4083-97bd-ff44c8fea23e-groupManagement] INFO  server.RaftServerConfigKeys (ConfUtils.java:logGet(62)) - raft.server.log.appender.buffer.byte-limit = 33554432 (custom)
2025-09-13 17:31:23,665 [9b620cf5-1dd4-4083-97bd-ff44c8fea23e-groupManagement] INFO  server.RaftServerConfigKeys (ConfUtils.java:logGet(62)) - raft.server.log.segment.size.max = 67108864 (custom)
2025-09-13 17:31:23,666 [9b620cf5-1dd4-4083-97bd-ff44c8fea23e-groupManagement] INFO  server.RaftServerConfigKeys (ConfUtils.java:logGet(62)) - raft.server.log.appender.buffer.byte-limit = 33554432 (custom)
2025-09-13 17:31:23,666 [9b620cf5-1dd4-4083-97bd-ff44c8fea23e-groupManagement] INFO  util.AwaitToRun (AwaitToRun.java:start(81)) - Thread[#1357,9b620cf5-1dd4-4083-97bd-ff44c8fea23e@group-3DEBD952707A-cacheEviction-AwaitToRun,5,main] started
2025-09-13 17:31:23,667 [9b620cf5-1dd4-4083-97bd-ff44c8fea23e-groupManagement] INFO  segmented.SegmentedRaftLogWorker (SegmentedRaftLogWorker.java:<init>(190)) - new 9b620cf5-1dd4-4083-97bd-ff44c8fea23e@group-3DEBD952707A-SegmentedRaftLogWorker for RaftStorageImpl:Storage Directory /home/runner/work/ozone/ozone/hadoop-ozone/integration-test/target/test-dir/MiniOzoneClusterImpl-1331a795-ed08-415d-924a-7661a5cf51a5/ozone-metadata/datanode-8/ratis/0ca82692-2fba-4cdd-8f6b-3debd952707a
2025-09-13 17:31:23,667 [9b620cf5-1dd4-4083-97bd-ff44c8fea23e-groupManagement] INFO  server.RaftServerConfigKeys (ConfUtils.java:logGet(62)) - raft.server.log.queue.byte-limit = 4294967296 (custom)
2025-09-13 17:31:23,667 [9b620cf5-1dd4-4083-97bd-ff44c8fea23e-groupManagement] INFO  server.RaftServerConfigKeys (ConfUtils.java:logGet(62)) - raft.server.log.segment.size.max = 67108864 (custom)
2025-09-13 17:31:23,667 [9b620cf5-1dd4-4083-97bd-ff44c8fea23e-groupManagement] INFO  server.RaftServerConfigKeys (ConfUtils.java:logGet(62)) - raft.server.log.preallocated.size = 4194304 (custom)
2025-09-13 17:31:23,668 [9b620cf5-1dd4-4083-97bd-ff44c8fea23e-groupManagement] INFO  server.RaftServerConfigKeys (ConfUtils.java:logGet(62)) - raft.server.log.write.buffer.size = 33554440 (custom)
2025-09-13 17:31:23,675 [9b620cf5-1dd4-4083-97bd-ff44c8fea23e-groupManagement] INFO  server.RaftServerConfigKeys (ConfUtils.java:logGet(62)) - raft.server.log.appender.buffer.byte-limit = 33554432 (custom)
2025-09-13 17:31:23,675 [9b620cf5-1dd4-4083-97bd-ff44c8fea23e-groupManagement] INFO  segmented.SegmentedRaftLogWorker (SegmentedRaftLogWorker.java:lambda$new$0(141)) - 9b620cf5-1dd4-4083-97bd-ff44c8fea23e@group-3DEBD952707A-SegmentedRaftLogWorker: flushIndex: setUnconditionally 0 -> -1
2025-09-13 17:31:23,675 [9b620cf5-1dd4-4083-97bd-ff44c8fea23e-groupManagement] INFO  segmented.SegmentedRaftLogWorker (SegmentedRaftLogWorker.java:lambda$new$0(141)) - 9b620cf5-1dd4-4083-97bd-ff44c8fea23e@group-3DEBD952707A-SegmentedRaftLogWorker: safeCacheEvictIndex: setUnconditionally 0 -> -1
2025-09-13 17:31:23,676 [9b620cf5-1dd4-4083-97bd-ff44c8fea23e-groupManagement] INFO  server.RaftServer$Division (RaftServerImpl.java:start(405)) - 9b620cf5-1dd4-4083-97bd-ff44c8fea23e@group-3DEBD952707A: start as a follower, conf=conf: {index: -1, cur=peers:[3dbe4e49-25e9-43f5-94e0-3ca31f2aaaf2|127.0.0.1:15063, 9b620cf5-1dd4-4083-97bd-ff44c8fea23e|127.0.0.1:15071, 2f036b56-942d-42f4-908f-5b0be9aff918|127.0.0.1:15079]|listeners:[], old=null}
2025-09-13 17:31:23,676 [9b620cf5-1dd4-4083-97bd-ff44c8fea23e-groupManagement] INFO  server.RaftServer$Division (RaftServerImpl.java:setRole(392)) - 9b620cf5-1dd4-4083-97bd-ff44c8fea23e@group-3DEBD952707A: changes role from      null to FOLLOWER at term 0 for startAsFollower
2025-09-13 17:31:23,676 [9b620cf5-1dd4-4083-97bd-ff44c8fea23e-groupManagement] INFO  impl.RoleInfo (RoleInfo.java:updateAndGet(148)) - 9b620cf5-1dd4-4083-97bd-ff44c8fea23e: start 9b620cf5-1dd4-4083-97bd-ff44c8fea23e@group-3DEBD952707A-FollowerState
2025-09-13 17:31:23,677 [9b620cf5-1dd4-4083-97bd-ff44c8fea23e-groupManagement] INFO  util.JmxRegister (JmxRegister.java:tryRegister(44)) - Successfully registered JMX Bean with object name Ratis:service=RaftServer,group=group-3DEBD952707A,id=9b620cf5-1dd4-4083-97bd-ff44c8fea23e
2025-09-13 17:31:23,677 [9b620cf5-1dd4-4083-97bd-ff44c8fea23e-groupManagement] INFO  util.JmxRegister (JmxRegister.java:register(58)) - register mxBean class org.apache.ratis.server.impl.RaftServerJmxAdapter as Ratis:service=RaftServer,group=group-3DEBD952707A,id=9b620cf5-1dd4-4083-97bd-ff44c8fea23e
2025-09-13 17:31:23,678 [9b620cf5-1dd4-4083-97bd-ff44c8fea23e-groupManagement] INFO  server.RaftServer$Division (RaftServerImpl.java:start(419)) - 9b620cf5-1dd4-4083-97bd-ff44c8fea23e@group-3DEBD952707A: Successfully started.
2025-09-13 17:31:23,685 [2f036b56-942d-42f4-908f-5b0be9aff918-CreatePipelineCommandHandlerThread-0] INFO  commandhandler.CreatePipelineCommandHandler (CreatePipelineCommandHandler.java:lambda$handle$2(141)) - Created Pipeline RATIS THREE Pipeline-0ca82692-2fba-4cdd-8f6b-3debd952707a.
2025-09-13 17:31:23,686 [2f036b56-942d-42f4-908f-5b0be9aff918-CreatePipelineCommandHandlerThread-0] INFO  server.RaftServer (RaftServerProxy.java:addNew(105)) - 2f036b56-942d-42f4-908f-5b0be9aff918: addNew group-A8D25C85FDCF:[3dbe4e49-25e9-43f5-94e0-3ca31f2aaaf2|127.0.0.1:15063, 9b620cf5-1dd4-4083-97bd-ff44c8fea23e|127.0.0.1:15071, 2f036b56-942d-42f4-908f-5b0be9aff918|127.0.0.1:15079] returns group-A8D25C85FDCF:java.util.concurrent.CompletableFuture@7bb89c4a[Not completed]
2025-09-13 17:31:23,687 [d3aade32-661d-499d-9068-ea1550ed8656-CreatePipelineCommandHandlerThread-0] INFO  server.RaftServer (RaftServerProxy.java:addNew(105)) - d3aade32-661d-499d-9068-ea1550ed8656: addNew group-A2CF3D226E33:[d3aade32-661d-499d-9068-ea1550ed8656|127.0.0.1:15055] returns group-A2CF3D226E33:java.util.concurrent.CompletableFuture@3dd0667a[Not completed]
2025-09-13 17:31:23,689 [2f036b56-942d-42f4-908f-5b0be9aff918-groupManagement] INFO  server.RaftServer$Division (RaftServerImpl.java:<init>(268)) - 2f036b56-942d-42f4-908f-5b0be9aff918: new RaftServerImpl for group-A8D25C85FDCF:[3dbe4e49-25e9-43f5-94e0-3ca31f2aaaf2|127.0.0.1:15063, 9b620cf5-1dd4-4083-97bd-ff44c8fea23e|127.0.0.1:15071, 2f036b56-942d-42f4-908f-5b0be9aff918|127.0.0.1:15079] with ContainerStateMachine:uninitialized
2025-09-13 17:31:23,690 [2f036b56-942d-42f4-908f-5b0be9aff918-groupManagement] INFO  server.RaftServer$Division (ServerState.java:<init>(114)) - 2f036b56-942d-42f4-908f-5b0be9aff918@group-A8D25C85FDCF: ConfigurationManager, init=conf: {index: -1, cur=peers:[3dbe4e49-25e9-43f5-94e0-3ca31f2aaaf2|127.0.0.1:15063, 9b620cf5-1dd4-4083-97bd-ff44c8fea23e|127.0.0.1:15071, 2f036b56-942d-42f4-908f-5b0be9aff918|127.0.0.1:15079]|listeners:[], old=null}, confs=<EMPTY_MAP>
2025-09-13 17:31:23,690 [d3aade32-661d-499d-9068-ea1550ed8656-groupManagement] INFO  server.RaftServer$Division (RaftServerImpl.java:<init>(268)) - d3aade32-661d-499d-9068-ea1550ed8656: new RaftServerImpl for group-A2CF3D226E33:[d3aade32-661d-499d-9068-ea1550ed8656|127.0.0.1:15055] with ContainerStateMachine:uninitialized
2025-09-13 17:31:23,690 [d3aade32-661d-499d-9068-ea1550ed8656-groupManagement] INFO  server.RaftServer$Division (ServerState.java:<init>(114)) - d3aade32-661d-499d-9068-ea1550ed8656@group-A2CF3D226E33: ConfigurationManager, init=conf: {index: -1, cur=peers:[d3aade32-661d-499d-9068-ea1550ed8656|127.0.0.1:15055]|listeners:[], old=null}, confs=<EMPTY_MAP>
2025-09-13 17:31:23,706 [d3aade32-661d-499d-9068-ea1550ed8656-groupManagement] INFO  server.RaftServerConfigKeys (ConfUtils.java:logGet(62)) - raft.server.storage.dir = [/home/runner/work/ozone/ozone/hadoop-ozone/integration-test/target/test-dir/MiniOzoneClusterImpl-1331a795-ed08-415d-924a-7661a5cf51a5/ozone-metadata/datanode-6/ratis] (custom)
2025-09-13 17:31:23,706 [d3aade32-661d-499d-9068-ea1550ed8656-groupManagement] INFO  storage.RaftStorageDirectory (RaftStorageDirectoryImpl.java:analyzeStorage(138)) - The storage directory /home/runner/work/ozone/ozone/hadoop-ozone/integration-test/target/test-dir/MiniOzoneClusterImpl-1331a795-ed08-415d-924a-7661a5cf51a5/ozone-metadata/datanode-6/ratis/de4f7cab-11b4-4055-aff7-a2cf3d226e33 does not exist. Creating ...
2025-09-13 17:31:23,706 [2f036b56-942d-42f4-908f-5b0be9aff918-groupManagement] INFO  server.RaftServerConfigKeys (ConfUtils.java:logGet(62)) - raft.server.storage.dir = [/home/runner/work/ozone/ozone/hadoop-ozone/integration-test/target/test-dir/MiniOzoneClusterImpl-1331a795-ed08-415d-924a-7661a5cf51a5/ozone-metadata/datanode-9/ratis] (custom)
2025-09-13 17:31:23,707 [2f036b56-942d-42f4-908f-5b0be9aff918-groupManagement] INFO  storage.RaftStorageDirectory (RaftStorageDirectoryImpl.java:analyzeStorage(138)) - The storage directory /home/runner/work/ozone/ozone/hadoop-ozone/integration-test/target/test-dir/MiniOzoneClusterImpl-1331a795-ed08-415d-924a-7661a5cf51a5/ozone-metadata/datanode-9/ratis/04878825-8370-49d4-b879-a8d25c85fdcf does not exist. Creating ...
2025-09-13 17:31:23,709 [d3aade32-661d-499d-9068-ea1550ed8656-groupManagement] INFO  storage.RaftStorageDirectory (RaftStorageDirectoryImpl.java:tryLock(229)) - Lock on /home/runner/work/ozone/ozone/hadoop-ozone/integration-test/target/test-dir/MiniOzoneClusterImpl-1331a795-ed08-415d-924a-7661a5cf51a5/ozone-metadata/datanode-6/ratis/de4f7cab-11b4-4055-aff7-a2cf3d226e33/in_use.lock acquired by nodename 22846@localhost
2025-09-13 17:31:23,709 [2f036b56-942d-42f4-908f-5b0be9aff918-groupManagement] INFO  storage.RaftStorageDirectory (RaftStorageDirectoryImpl.java:tryLock(229)) - Lock on /home/runner/work/ozone/ozone/hadoop-ozone/integration-test/target/test-dir/MiniOzoneClusterImpl-1331a795-ed08-415d-924a-7661a5cf51a5/ozone-metadata/datanode-9/ratis/04878825-8370-49d4-b879-a8d25c85fdcf/in_use.lock acquired by nodename 22846@localhost
2025-09-13 17:31:23,714 [2f036b56-942d-42f4-908f-5b0be9aff918-groupManagement] INFO  storage.RaftStorage (RaftStorageImpl.java:format(98)) - Storage directory /home/runner/work/ozone/ozone/hadoop-ozone/integration-test/target/test-dir/MiniOzoneClusterImpl-1331a795-ed08-415d-924a-7661a5cf51a5/ozone-metadata/datanode-9/ratis/04878825-8370-49d4-b879-a8d25c85fdcf has been successfully formatted.
2025-09-13 17:31:23,715 [d3aade32-661d-499d-9068-ea1550ed8656-groupManagement] INFO  storage.RaftStorage (RaftStorageImpl.java:format(98)) - Storage directory /home/runner/work/ozone/ozone/hadoop-ozone/integration-test/target/test-dir/MiniOzoneClusterImpl-1331a795-ed08-415d-924a-7661a5cf51a5/ozone-metadata/datanode-6/ratis/de4f7cab-11b4-4055-aff7-a2cf3d226e33 has been successfully formatted.
2025-09-13 17:31:23,715 [d3aade32-661d-499d-9068-ea1550ed8656-groupManagement] INFO  ratis.ContainerStateMachine (ContainerStateMachine.java:initialize(339)) - d3aade32-661d-499d-9068-ea1550ed8656: initialize group-A2CF3D226E33
2025-09-13 17:31:23,715 [d3aade32-661d-499d-9068-ea1550ed8656-groupManagement] INFO  ratis.ContainerStateMachine (ContainerStateMachine.java:loadSnapshot(347)) - group-A2CF3D226E33: The snapshot info is null. Setting the last applied index to:<INITIAL_VALUE>
2025-09-13 17:31:23,715 [d3aade32-661d-499d-9068-ea1550ed8656-groupManagement] INFO  server.RaftServerConfigKeys (ConfUtils.java:logGet(62)) - raft.server.log.appender.buffer.byte-limit = 33554432 (custom)
2025-09-13 17:31:23,716 [2f036b56-942d-42f4-908f-5b0be9aff918-groupManagement] INFO  ratis.ContainerStateMachine (ContainerStateMachine.java:initialize(339)) - 2f036b56-942d-42f4-908f-5b0be9aff918: initialize group-A8D25C85FDCF
2025-09-13 17:31:23,716 [2f036b56-942d-42f4-908f-5b0be9aff918-groupManagement] INFO  ratis.ContainerStateMachine (ContainerStateMachine.java:loadSnapshot(347)) - group-A8D25C85FDCF: The snapshot info is null. Setting the last applied index to:<INITIAL_VALUE>
2025-09-13 17:31:23,716 [2f036b56-942d-42f4-908f-5b0be9aff918-groupManagement] INFO  server.RaftServerConfigKeys (ConfUtils.java:logGet(62)) - raft.server.log.appender.buffer.byte-limit = 33554432 (custom)
2025-09-13 17:31:23,721 [2f036b56-942d-42f4-908f-5b0be9aff918-groupManagement] INFO  server.RaftServerConfigKeys (ConfUtils.java:logGet(62)) - raft.server.log.segment.size.max = 67108864 (custom)
2025-09-13 17:31:23,724 [EventQueue-PipelineReportForPipelineReportHandler] INFO  pipeline.PipelineReportHandler (PipelineReportHandler.java:processPipelineReport(132)) - Opened pipeline Pipeline-de4f7cab-11b4-4055-aff7-a2cf3d226e33
2025-09-13 17:31:23,724 [2f036b56-942d-42f4-908f-5b0be9aff918-groupManagement] INFO  server.RaftServerConfigKeys (ConfUtils.java:logGet(62)) - raft.server.log.appender.buffer.byte-limit = 33554432 (custom)
2025-09-13 17:31:23,725 [2f036b56-942d-42f4-908f-5b0be9aff918-groupManagement] INFO  util.AwaitToRun (AwaitToRun.java:start(81)) - Thread[#1365,2f036b56-942d-42f4-908f-5b0be9aff918@group-A8D25C85FDCF-cacheEviction-AwaitToRun,5,main] started
2025-09-13 17:31:23,725 [2f036b56-942d-42f4-908f-5b0be9aff918-groupManagement] INFO  segmented.SegmentedRaftLogWorker (SegmentedRaftLogWorker.java:<init>(190)) - new 2f036b56-942d-42f4-908f-5b0be9aff918@group-A8D25C85FDCF-SegmentedRaftLogWorker for RaftStorageImpl:Storage Directory /home/runner/work/ozone/ozone/hadoop-ozone/integration-test/target/test-dir/MiniOzoneClusterImpl-1331a795-ed08-415d-924a-7661a5cf51a5/ozone-metadata/datanode-9/ratis/04878825-8370-49d4-b879-a8d25c85fdcf
2025-09-13 17:31:23,726 [2f036b56-942d-42f4-908f-5b0be9aff918-groupManagement] INFO  server.RaftServerConfigKeys (ConfUtils.java:logGet(62)) - raft.server.log.queue.byte-limit = 4294967296 (custom)
2025-09-13 17:31:23,726 [2f036b56-942d-42f4-908f-5b0be9aff918-groupManagement] INFO  server.RaftServerConfigKeys (ConfUtils.java:logGet(62)) - raft.server.log.segment.size.max = 67108864 (custom)
2025-09-13 17:31:23,727 [2f036b56-942d-42f4-908f-5b0be9aff918-groupManagement] INFO  server.RaftServerConfigKeys (ConfUtils.java:logGet(62)) - raft.server.log.preallocated.size = 4194304 (custom)
2025-09-13 17:31:23,727 [2f036b56-942d-42f4-908f-5b0be9aff918-groupManagement] INFO  server.RaftServerConfigKeys (ConfUtils.java:logGet(62)) - raft.server.log.write.buffer.size = 33554440 (custom)
2025-09-13 17:31:23,723 [d3aade32-661d-499d-9068-ea1550ed8656-groupManagement] INFO  server.RaftServerConfigKeys (ConfUtils.java:logGet(62)) - raft.server.log.segment.size.max = 67108864 (custom)
2025-09-13 17:31:23,730 [d3aade32-661d-499d-9068-ea1550ed8656-groupManagement] INFO  server.RaftServerConfigKeys (ConfUtils.java:logGet(62)) - raft.server.log.appender.buffer.byte-limit = 33554432 (custom)
2025-09-13 17:31:23,731 [d3aade32-661d-499d-9068-ea1550ed8656-groupManagement] INFO  util.AwaitToRun (AwaitToRun.java:start(81)) - Thread[#1366,d3aade32-661d-499d-9068-ea1550ed8656@group-A2CF3D226E33-cacheEviction-AwaitToRun,5,main] started
2025-09-13 17:31:23,732 [d3aade32-661d-499d-9068-ea1550ed8656-groupManagement] INFO  segmented.SegmentedRaftLogWorker (SegmentedRaftLogWorker.java:<init>(190)) - new d3aade32-661d-499d-9068-ea1550ed8656@group-A2CF3D226E33-SegmentedRaftLogWorker for RaftStorageImpl:Storage Directory /home/runner/work/ozone/ozone/hadoop-ozone/integration-test/target/test-dir/MiniOzoneClusterImpl-1331a795-ed08-415d-924a-7661a5cf51a5/ozone-metadata/datanode-6/ratis/de4f7cab-11b4-4055-aff7-a2cf3d226e33
2025-09-13 17:31:23,733 [d3aade32-661d-499d-9068-ea1550ed8656-groupManagement] INFO  server.RaftServerConfigKeys (ConfUtils.java:logGet(62)) - raft.server.log.queue.byte-limit = 4294967296 (custom)
2025-09-13 17:31:23,733 [d3aade32-661d-499d-9068-ea1550ed8656-groupManagement] INFO  server.RaftServerConfigKeys (ConfUtils.java:logGet(62)) - raft.server.log.segment.size.max = 67108864 (custom)
2025-09-13 17:31:23,733 [d3aade32-661d-499d-9068-ea1550ed8656-groupManagement] INFO  server.RaftServerConfigKeys (ConfUtils.java:logGet(62)) - raft.server.log.preallocated.size = 4194304 (custom)
2025-09-13 17:31:23,733 [d3aade32-661d-499d-9068-ea1550ed8656-groupManagement] INFO  server.RaftServerConfigKeys (ConfUtils.java:logGet(62)) - raft.server.log.write.buffer.size = 33554440 (custom)
2025-09-13 17:31:23,744 [2f036b56-942d-42f4-908f-5b0be9aff918-groupManagement] INFO  server.RaftServerConfigKeys (ConfUtils.java:logGet(62)) - raft.server.log.appender.buffer.byte-limit = 33554432 (custom)
2025-09-13 17:31:23,745 [2f036b56-942d-42f4-908f-5b0be9aff918-groupManagement] INFO  segmented.SegmentedRaftLogWorker (SegmentedRaftLogWorker.java:lambda$new$0(141)) - 2f036b56-942d-42f4-908f-5b0be9aff918@group-A8D25C85FDCF-SegmentedRaftLogWorker: flushIndex: setUnconditionally 0 -> -1
2025-09-13 17:31:23,745 [2f036b56-942d-42f4-908f-5b0be9aff918-groupManagement] INFO  segmented.SegmentedRaftLogWorker (SegmentedRaftLogWorker.java:lambda$new$0(141)) - 2f036b56-942d-42f4-908f-5b0be9aff918@group-A8D25C85FDCF-SegmentedRaftLogWorker: safeCacheEvictIndex: setUnconditionally 0 -> -1
2025-09-13 17:31:23,745 [2f036b56-942d-42f4-908f-5b0be9aff918-groupManagement] INFO  server.RaftServer$Division (RaftServerImpl.java:start(405)) - 2f036b56-942d-42f4-908f-5b0be9aff918@group-A8D25C85FDCF: start as a follower, conf=conf: {index: -1, cur=peers:[3dbe4e49-25e9-43f5-94e0-3ca31f2aaaf2|127.0.0.1:15063, 9b620cf5-1dd4-4083-97bd-ff44c8fea23e|127.0.0.1:15071, 2f036b56-942d-42f4-908f-5b0be9aff918|127.0.0.1:15079]|listeners:[], old=null}
2025-09-13 17:31:23,745 [d3aade32-661d-499d-9068-ea1550ed8656-groupManagement] INFO  server.RaftServerConfigKeys (ConfUtils.java:logGet(62)) - raft.server.log.appender.buffer.byte-limit = 33554432 (custom)
2025-09-13 17:31:23,745 [2f036b56-942d-42f4-908f-5b0be9aff918-groupManagement] INFO  server.RaftServer$Division (RaftServerImpl.java:setRole(392)) - 2f036b56-942d-42f4-908f-5b0be9aff918@group-A8D25C85FDCF: changes role from      null to FOLLOWER at term 0 for startAsFollower
2025-09-13 17:31:23,745 [2f036b56-942d-42f4-908f-5b0be9aff918-groupManagement] INFO  impl.RoleInfo (RoleInfo.java:updateAndGet(148)) - 2f036b56-942d-42f4-908f-5b0be9aff918: start 2f036b56-942d-42f4-908f-5b0be9aff918@group-A8D25C85FDCF-FollowerState
2025-09-13 17:31:23,746 [2f036b56-942d-42f4-908f-5b0be9aff918-groupManagement] INFO  util.JmxRegister (JmxRegister.java:tryRegister(44)) - Successfully registered JMX Bean with object name Ratis:service=RaftServer,group=group-A8D25C85FDCF,id=2f036b56-942d-42f4-908f-5b0be9aff918
2025-09-13 17:31:23,746 [2f036b56-942d-42f4-908f-5b0be9aff918-groupManagement] INFO  util.JmxRegister (JmxRegister.java:register(58)) - register mxBean class org.apache.ratis.server.impl.RaftServerJmxAdapter as Ratis:service=RaftServer,group=group-A8D25C85FDCF,id=2f036b56-942d-42f4-908f-5b0be9aff918
2025-09-13 17:31:23,746 [d3aade32-661d-499d-9068-ea1550ed8656-groupManagement] INFO  segmented.SegmentedRaftLogWorker (SegmentedRaftLogWorker.java:lambda$new$0(141)) - d3aade32-661d-499d-9068-ea1550ed8656@group-A2CF3D226E33-SegmentedRaftLogWorker: flushIndex: setUnconditionally 0 -> -1
2025-09-13 17:31:23,747 [d3aade32-661d-499d-9068-ea1550ed8656-groupManagement] INFO  segmented.SegmentedRaftLogWorker (SegmentedRaftLogWorker.java:lambda$new$0(141)) - d3aade32-661d-499d-9068-ea1550ed8656@group-A2CF3D226E33-SegmentedRaftLogWorker: safeCacheEvictIndex: setUnconditionally 0 -> -1
2025-09-13 17:31:23,748 [d3aade32-661d-499d-9068-ea1550ed8656-groupManagement] INFO  server.RaftServer$Division (RaftServerImpl.java:start(405)) - d3aade32-661d-499d-9068-ea1550ed8656@group-A2CF3D226E33: start as a follower, conf=conf: {index: -1, cur=peers:[d3aade32-661d-499d-9068-ea1550ed8656|127.0.0.1:15055]|listeners:[], old=null}
2025-09-13 17:31:23,748 [d3aade32-661d-499d-9068-ea1550ed8656-groupManagement] INFO  server.RaftServer$Division (RaftServerImpl.java:setRole(392)) - d3aade32-661d-499d-9068-ea1550ed8656@group-A2CF3D226E33: changes role from      null to FOLLOWER at term 0 for startAsFollower
2025-09-13 17:31:23,748 [d3aade32-661d-499d-9068-ea1550ed8656-groupManagement] INFO  impl.RoleInfo (RoleInfo.java:updateAndGet(148)) - d3aade32-661d-499d-9068-ea1550ed8656: start d3aade32-661d-499d-9068-ea1550ed8656@group-A2CF3D226E33-FollowerState
2025-09-13 17:31:23,749 [d3aade32-661d-499d-9068-ea1550ed8656-groupManagement] INFO  util.JmxRegister (JmxRegister.java:tryRegister(44)) - Successfully registered JMX Bean with object name Ratis:service=RaftServer,group=group-A2CF3D226E33,id=d3aade32-661d-499d-9068-ea1550ed8656
2025-09-13 17:31:23,749 [d3aade32-661d-499d-9068-ea1550ed8656-groupManagement] INFO  util.JmxRegister (JmxRegister.java:register(58)) - register mxBean class org.apache.ratis.server.impl.RaftServerJmxAdapter as Ratis:service=RaftServer,group=group-A2CF3D226E33,id=d3aade32-661d-499d-9068-ea1550ed8656
2025-09-13 17:31:23,750 [2f036b56-942d-42f4-908f-5b0be9aff918-groupManagement] INFO  server.RaftServer$Division (RaftServerImpl.java:start(419)) - 2f036b56-942d-42f4-908f-5b0be9aff918@group-A8D25C85FDCF: Successfully started.
2025-09-13 17:31:23,750 [2f036b56-942d-42f4-908f-5b0be9aff918-CreatePipelineCommandHandlerThread-0] INFO  ratis.XceiverServerRatis (XceiverServerRatis.java:addGroup(831)) - Created group Pipeline-04878825-8370-49d4-b879-a8d25c85fdcf
2025-09-13 17:31:23,751 [d3aade32-661d-499d-9068-ea1550ed8656-groupManagement] INFO  server.RaftServer$Division (RaftServerImpl.java:start(419)) - d3aade32-661d-499d-9068-ea1550ed8656@group-A2CF3D226E33: Successfully started.
2025-09-13 17:31:23,752 [d3aade32-661d-499d-9068-ea1550ed8656-CreatePipelineCommandHandlerThread-0] INFO  ratis.XceiverServerRatis (XceiverServerRatis.java:addGroup(831)) - Created group Pipeline-de4f7cab-11b4-4055-aff7-a2cf3d226e33
2025-09-13 17:31:23,752 [d3aade32-661d-499d-9068-ea1550ed8656-CreatePipelineCommandHandlerThread-0] INFO  commandhandler.CreatePipelineCommandHandler (CreatePipelineCommandHandler.java:lambda$handle$2(141)) - Created Pipeline RATIS ONE Pipeline-de4f7cab-11b4-4055-aff7-a2cf3d226e33.
2025-09-13 17:31:23,760 [grpc-default-executor-1] INFO  server.RaftServer (RaftServerProxy.java:addNew(105)) - 3dbe4e49-25e9-43f5-94e0-3ca31f2aaaf2: addNew group-A8D25C85FDCF:[3dbe4e49-25e9-43f5-94e0-3ca31f2aaaf2|127.0.0.1:15063, 9b620cf5-1dd4-4083-97bd-ff44c8fea23e|127.0.0.1:15071, 2f036b56-942d-42f4-908f-5b0be9aff918|127.0.0.1:15079] returns group-A8D25C85FDCF:java.util.concurrent.CompletableFuture@28702c88[Not completed]
2025-09-13 17:31:23,762 [3dbe4e49-25e9-43f5-94e0-3ca31f2aaaf2-groupManagement] INFO  server.RaftServer$Division (RaftServerImpl.java:<init>(268)) - 3dbe4e49-25e9-43f5-94e0-3ca31f2aaaf2: new RaftServerImpl for group-A8D25C85FDCF:[3dbe4e49-25e9-43f5-94e0-3ca31f2aaaf2|127.0.0.1:15063, 9b620cf5-1dd4-4083-97bd-ff44c8fea23e|127.0.0.1:15071, 2f036b56-942d-42f4-908f-5b0be9aff918|127.0.0.1:15079] with ContainerStateMachine:uninitialized
2025-09-13 17:31:23,762 [3dbe4e49-25e9-43f5-94e0-3ca31f2aaaf2-groupManagement] INFO  server.RaftServer$Division (ServerState.java:<init>(114)) - 3dbe4e49-25e9-43f5-94e0-3ca31f2aaaf2@group-A8D25C85FDCF: ConfigurationManager, init=conf: {index: -1, cur=peers:[3dbe4e49-25e9-43f5-94e0-3ca31f2aaaf2|127.0.0.1:15063, 9b620cf5-1dd4-4083-97bd-ff44c8fea23e|127.0.0.1:15071, 2f036b56-942d-42f4-908f-5b0be9aff918|127.0.0.1:15079]|listeners:[], old=null}, confs=<EMPTY_MAP>
2025-09-13 17:31:23,768 [3dbe4e49-25e9-43f5-94e0-3ca31f2aaaf2-groupManagement] INFO  server.RaftServerConfigKeys (ConfUtils.java:logGet(62)) - raft.server.storage.dir = [/home/runner/work/ozone/ozone/hadoop-ozone/integration-test/target/test-dir/MiniOzoneClusterImpl-1331a795-ed08-415d-924a-7661a5cf51a5/ozone-metadata/datanode-7/ratis] (custom)
2025-09-13 17:31:23,769 [3dbe4e49-25e9-43f5-94e0-3ca31f2aaaf2-groupManagement] INFO  storage.RaftStorageDirectory (RaftStorageDirectoryImpl.java:analyzeStorage(138)) - The storage directory /home/runner/work/ozone/ozone/hadoop-ozone/integration-test/target/test-dir/MiniOzoneClusterImpl-1331a795-ed08-415d-924a-7661a5cf51a5/ozone-metadata/datanode-7/ratis/04878825-8370-49d4-b879-a8d25c85fdcf does not exist. Creating ...
2025-09-13 17:31:23,770 [3dbe4e49-25e9-43f5-94e0-3ca31f2aaaf2-groupManagement] INFO  storage.RaftStorageDirectory (RaftStorageDirectoryImpl.java:tryLock(229)) - Lock on /home/runner/work/ozone/ozone/hadoop-ozone/integration-test/target/test-dir/MiniOzoneClusterImpl-1331a795-ed08-415d-924a-7661a5cf51a5/ozone-metadata/datanode-7/ratis/04878825-8370-49d4-b879-a8d25c85fdcf/in_use.lock acquired by nodename 22846@localhost
2025-09-13 17:31:23,771 [3dbe4e49-25e9-43f5-94e0-3ca31f2aaaf2-groupManagement] INFO  storage.RaftStorage (RaftStorageImpl.java:format(98)) - Storage directory /home/runner/work/ozone/ozone/hadoop-ozone/integration-test/target/test-dir/MiniOzoneClusterImpl-1331a795-ed08-415d-924a-7661a5cf51a5/ozone-metadata/datanode-7/ratis/04878825-8370-49d4-b879-a8d25c85fdcf has been successfully formatted.
2025-09-13 17:31:23,772 [3dbe4e49-25e9-43f5-94e0-3ca31f2aaaf2-groupManagement] INFO  ratis.ContainerStateMachine (ContainerStateMachine.java:initialize(339)) - 3dbe4e49-25e9-43f5-94e0-3ca31f2aaaf2: initialize group-A8D25C85FDCF
2025-09-13 17:31:23,772 [3dbe4e49-25e9-43f5-94e0-3ca31f2aaaf2-groupManagement] INFO  ratis.ContainerStateMachine (ContainerStateMachine.java:loadSnapshot(347)) - group-A8D25C85FDCF: The snapshot info is null. Setting the last applied index to:<INITIAL_VALUE>
2025-09-13 17:31:23,772 [3dbe4e49-25e9-43f5-94e0-3ca31f2aaaf2-groupManagement] INFO  server.RaftServerConfigKeys (ConfUtils.java:logGet(62)) - raft.server.log.appender.buffer.byte-limit = 33554432 (custom)
2025-09-13 17:31:23,775 [3dbe4e49-25e9-43f5-94e0-3ca31f2aaaf2-groupManagement] INFO  server.RaftServerConfigKeys (ConfUtils.java:logGet(62)) - raft.server.log.segment.size.max = 67108864 (custom)
2025-09-13 17:31:23,776 [3dbe4e49-25e9-43f5-94e0-3ca31f2aaaf2-groupManagement] INFO  server.RaftServerConfigKeys (ConfUtils.java:logGet(62)) - raft.server.log.appender.buffer.byte-limit = 33554432 (custom)
2025-09-13 17:31:23,777 [3dbe4e49-25e9-43f5-94e0-3ca31f2aaaf2-groupManagement] INFO  util.AwaitToRun (AwaitToRun.java:start(81)) - Thread[#1373,3dbe4e49-25e9-43f5-94e0-3ca31f2aaaf2@group-A8D25C85FDCF-cacheEviction-AwaitToRun,5,main] started
2025-09-13 17:31:23,777 [3dbe4e49-25e9-43f5-94e0-3ca31f2aaaf2-groupManagement] INFO  segmented.SegmentedRaftLogWorker (SegmentedRaftLogWorker.java:<init>(190)) - new 3dbe4e49-25e9-43f5-94e0-3ca31f2aaaf2@group-A8D25C85FDCF-SegmentedRaftLogWorker for RaftStorageImpl:Storage Directory /home/runner/work/ozone/ozone/hadoop-ozone/integration-test/target/test-dir/MiniOzoneClusterImpl-1331a795-ed08-415d-924a-7661a5cf51a5/ozone-metadata/datanode-7/ratis/04878825-8370-49d4-b879-a8d25c85fdcf
2025-09-13 17:31:23,778 [3dbe4e49-25e9-43f5-94e0-3ca31f2aaaf2-groupManagement] INFO  server.RaftServerConfigKeys (ConfUtils.java:logGet(62)) - raft.server.log.queue.byte-limit = 4294967296 (custom)
2025-09-13 17:31:23,778 [3dbe4e49-25e9-43f5-94e0-3ca31f2aaaf2-groupManagement] INFO  server.RaftServerConfigKeys (ConfUtils.java:logGet(62)) - raft.server.log.segment.size.max = 67108864 (custom)
2025-09-13 17:31:23,778 [3dbe4e49-25e9-43f5-94e0-3ca31f2aaaf2-groupManagement] INFO  server.RaftServerConfigKeys (ConfUtils.java:logGet(62)) - raft.server.log.preallocated.size = 4194304 (custom)
2025-09-13 17:31:23,778 [3dbe4e49-25e9-43f5-94e0-3ca31f2aaaf2-groupManagement] INFO  server.RaftServerConfigKeys (ConfUtils.java:logGet(62)) - raft.server.log.write.buffer.size = 33554440 (custom)
2025-09-13 17:31:23,785 [3dbe4e49-25e9-43f5-94e0-3ca31f2aaaf2-groupManagement] INFO  server.RaftServerConfigKeys (ConfUtils.java:logGet(62)) - raft.server.log.appender.buffer.byte-limit = 33554432 (custom)
2025-09-13 17:31:23,785 [3dbe4e49-25e9-43f5-94e0-3ca31f2aaaf2-groupManagement] INFO  segmented.SegmentedRaftLogWorker (SegmentedRaftLogWorker.java:lambda$new$0(141)) - 3dbe4e49-25e9-43f5-94e0-3ca31f2aaaf2@group-A8D25C85FDCF-SegmentedRaftLogWorker: flushIndex: setUnconditionally 0 -> -1
2025-09-13 17:31:23,786 [3dbe4e49-25e9-43f5-94e0-3ca31f2aaaf2-groupManagement] INFO  segmented.SegmentedRaftLogWorker (SegmentedRaftLogWorker.java:lambda$new$0(141)) - 3dbe4e49-25e9-43f5-94e0-3ca31f2aaaf2@group-A8D25C85FDCF-SegmentedRaftLogWorker: safeCacheEvictIndex: setUnconditionally 0 -> -1
2025-09-13 17:31:23,787 [3dbe4e49-25e9-43f5-94e0-3ca31f2aaaf2-groupManagement] INFO  server.RaftServer$Division (RaftServerImpl.java:start(405)) - 3dbe4e49-25e9-43f5-94e0-3ca31f2aaaf2@group-A8D25C85FDCF: start as a follower, conf=conf: {index: -1, cur=peers:[3dbe4e49-25e9-43f5-94e0-3ca31f2aaaf2|127.0.0.1:15063, 9b620cf5-1dd4-4083-97bd-ff44c8fea23e|127.0.0.1:15071, 2f036b56-942d-42f4-908f-5b0be9aff918|127.0.0.1:15079]|listeners:[], old=null}
2025-09-13 17:31:23,787 [3dbe4e49-25e9-43f5-94e0-3ca31f2aaaf2-groupManagement] INFO  server.RaftServer$Division (RaftServerImpl.java:setRole(392)) - 3dbe4e49-25e9-43f5-94e0-3ca31f2aaaf2@group-A8D25C85FDCF: changes role from      null to FOLLOWER at term 0 for startAsFollower
2025-09-13 17:31:23,787 [3dbe4e49-25e9-43f5-94e0-3ca31f2aaaf2-groupManagement] INFO  impl.RoleInfo (RoleInfo.java:updateAndGet(148)) - 3dbe4e49-25e9-43f5-94e0-3ca31f2aaaf2: start 3dbe4e49-25e9-43f5-94e0-3ca31f2aaaf2@group-A8D25C85FDCF-FollowerState
2025-09-13 17:31:23,788 [3dbe4e49-25e9-43f5-94e0-3ca31f2aaaf2-groupManagement] INFO  util.JmxRegister (JmxRegister.java:tryRegister(44)) - Successfully registered JMX Bean with object name Ratis:service=RaftServer,group=group-A8D25C85FDCF,id=3dbe4e49-25e9-43f5-94e0-3ca31f2aaaf2
2025-09-13 17:31:23,788 [3dbe4e49-25e9-43f5-94e0-3ca31f2aaaf2-groupManagement] INFO  util.JmxRegister (JmxRegister.java:register(58)) - register mxBean class org.apache.ratis.server.impl.RaftServerJmxAdapter as Ratis:service=RaftServer,group=group-A8D25C85FDCF,id=3dbe4e49-25e9-43f5-94e0-3ca31f2aaaf2
2025-09-13 17:31:23,789 [3dbe4e49-25e9-43f5-94e0-3ca31f2aaaf2-groupManagement] INFO  server.RaftServer$Division (RaftServerImpl.java:start(419)) - 3dbe4e49-25e9-43f5-94e0-3ca31f2aaaf2@group-A8D25C85FDCF: Successfully started.
2025-09-13 17:31:23,800 [grpc-default-executor-1] INFO  server.RaftServer (RaftServerProxy.java:addNew(105)) - 9b620cf5-1dd4-4083-97bd-ff44c8fea23e: addNew group-A8D25C85FDCF:[3dbe4e49-25e9-43f5-94e0-3ca31f2aaaf2|127.0.0.1:15063, 9b620cf5-1dd4-4083-97bd-ff44c8fea23e|127.0.0.1:15071, 2f036b56-942d-42f4-908f-5b0be9aff918|127.0.0.1:15079] returns group-A8D25C85FDCF:java.util.concurrent.CompletableFuture@70cc29c3[Not completed]
2025-09-13 17:31:23,803 [9b620cf5-1dd4-4083-97bd-ff44c8fea23e-groupManagement] INFO  server.RaftServer$Division (RaftServerImpl.java:<init>(268)) - 9b620cf5-1dd4-4083-97bd-ff44c8fea23e: new RaftServerImpl for group-A8D25C85FDCF:[3dbe4e49-25e9-43f5-94e0-3ca31f2aaaf2|127.0.0.1:15063, 9b620cf5-1dd4-4083-97bd-ff44c8fea23e|127.0.0.1:15071, 2f036b56-942d-42f4-908f-5b0be9aff918|127.0.0.1:15079] with ContainerStateMachine:uninitialized
2025-09-13 17:31:23,803 [9b620cf5-1dd4-4083-97bd-ff44c8fea23e-groupManagement] INFO  server.RaftServer$Division (ServerState.java:<init>(114)) - 9b620cf5-1dd4-4083-97bd-ff44c8fea23e@group-A8D25C85FDCF: ConfigurationManager, init=conf: {index: -1, cur=peers:[3dbe4e49-25e9-43f5-94e0-3ca31f2aaaf2|127.0.0.1:15063, 9b620cf5-1dd4-4083-97bd-ff44c8fea23e|127.0.0.1:15071, 2f036b56-942d-42f4-908f-5b0be9aff918|127.0.0.1:15079]|listeners:[], old=null}, confs=<EMPTY_MAP>
2025-09-13 17:31:23,808 [9b620cf5-1dd4-4083-97bd-ff44c8fea23e-groupManagement] INFO  server.RaftServerConfigKeys (ConfUtils.java:logGet(62)) - raft.server.storage.dir = [/home/runner/work/ozone/ozone/hadoop-ozone/integration-test/target/test-dir/MiniOzoneClusterImpl-1331a795-ed08-415d-924a-7661a5cf51a5/ozone-metadata/datanode-8/ratis] (custom)
2025-09-13 17:31:23,808 [9b620cf5-1dd4-4083-97bd-ff44c8fea23e-groupManagement] INFO  storage.RaftStorageDirectory (RaftStorageDirectoryImpl.java:analyzeStorage(138)) - The storage directory /home/runner/work/ozone/ozone/hadoop-ozone/integration-test/target/test-dir/MiniOzoneClusterImpl-1331a795-ed08-415d-924a-7661a5cf51a5/ozone-metadata/datanode-8/ratis/04878825-8370-49d4-b879-a8d25c85fdcf does not exist. Creating ...
2025-09-13 17:31:23,809 [9b620cf5-1dd4-4083-97bd-ff44c8fea23e-groupManagement] INFO  storage.RaftStorageDirectory (RaftStorageDirectoryImpl.java:tryLock(229)) - Lock on /home/runner/work/ozone/ozone/hadoop-ozone/integration-test/target/test-dir/MiniOzoneClusterImpl-1331a795-ed08-415d-924a-7661a5cf51a5/ozone-metadata/datanode-8/ratis/04878825-8370-49d4-b879-a8d25c85fdcf/in_use.lock acquired by nodename 22846@localhost
2025-09-13 17:31:23,810 [9b620cf5-1dd4-4083-97bd-ff44c8fea23e-groupManagement] INFO  storage.RaftStorage (RaftStorageImpl.java:format(98)) - Storage directory /home/runner/work/ozone/ozone/hadoop-ozone/integration-test/target/test-dir/MiniOzoneClusterImpl-1331a795-ed08-415d-924a-7661a5cf51a5/ozone-metadata/datanode-8/ratis/04878825-8370-49d4-b879-a8d25c85fdcf has been successfully formatted.
2025-09-13 17:31:23,811 [9b620cf5-1dd4-4083-97bd-ff44c8fea23e-groupManagement] INFO  ratis.ContainerStateMachine (ContainerStateMachine.java:initialize(339)) - 9b620cf5-1dd4-4083-97bd-ff44c8fea23e: initialize group-A8D25C85FDCF
2025-09-13 17:31:23,811 [9b620cf5-1dd4-4083-97bd-ff44c8fea23e-groupManagement] INFO  ratis.ContainerStateMachine (ContainerStateMachine.java:loadSnapshot(347)) - group-A8D25C85FDCF: The snapshot info is null. Setting the last applied index to:<INITIAL_VALUE>
2025-09-13 17:31:23,811 [9b620cf5-1dd4-4083-97bd-ff44c8fea23e-groupManagement] INFO  server.RaftServerConfigKeys (ConfUtils.java:logGet(62)) - raft.server.log.appender.buffer.byte-limit = 33554432 (custom)
2025-09-13 17:31:23,815 [9b620cf5-1dd4-4083-97bd-ff44c8fea23e-groupManagement] INFO  server.RaftServerConfigKeys (ConfUtils.java:logGet(62)) - raft.server.log.segment.size.max = 67108864 (custom)
2025-09-13 17:31:23,815 [9b620cf5-1dd4-4083-97bd-ff44c8fea23e-groupManagement] INFO  server.RaftServerConfigKeys (ConfUtils.java:logGet(62)) - raft.server.log.appender.buffer.byte-limit = 33554432 (custom)
2025-09-13 17:31:23,815 [9b620cf5-1dd4-4083-97bd-ff44c8fea23e-groupManagement] INFO  util.AwaitToRun (AwaitToRun.java:start(81)) - Thread[#1380,9b620cf5-1dd4-4083-97bd-ff44c8fea23e@group-A8D25C85FDCF-cacheEviction-AwaitToRun,5,main] started
2025-09-13 17:31:23,815 [9b620cf5-1dd4-4083-97bd-ff44c8fea23e-groupManagement] INFO  segmented.SegmentedRaftLogWorker (SegmentedRaftLogWorker.java:<init>(190)) - new 9b620cf5-1dd4-4083-97bd-ff44c8fea23e@group-A8D25C85FDCF-SegmentedRaftLogWorker for RaftStorageImpl:Storage Directory /home/runner/work/ozone/ozone/hadoop-ozone/integration-test/target/test-dir/MiniOzoneClusterImpl-1331a795-ed08-415d-924a-7661a5cf51a5/ozone-metadata/datanode-8/ratis/04878825-8370-49d4-b879-a8d25c85fdcf
2025-09-13 17:31:23,815 [9b620cf5-1dd4-4083-97bd-ff44c8fea23e-groupManagement] INFO  server.RaftServerConfigKeys (ConfUtils.java:logGet(62)) - raft.server.log.queue.byte-limit = 4294967296 (custom)
2025-09-13 17:31:23,816 [9b620cf5-1dd4-4083-97bd-ff44c8fea23e-groupManagement] INFO  server.RaftServerConfigKeys (ConfUtils.java:logGet(62)) - raft.server.log.segment.size.max = 67108864 (custom)
2025-09-13 17:31:23,816 [9b620cf5-1dd4-4083-97bd-ff44c8fea23e-groupManagement] INFO  server.RaftServerConfigKeys (ConfUtils.java:logGet(62)) - raft.server.log.preallocated.size = 4194304 (custom)
2025-09-13 17:31:23,816 [9b620cf5-1dd4-4083-97bd-ff44c8fea23e-groupManagement] INFO  server.RaftServerConfigKeys (ConfUtils.java:logGet(62)) - raft.server.log.write.buffer.size = 33554440 (custom)
2025-09-13 17:31:23,822 [9b620cf5-1dd4-4083-97bd-ff44c8fea23e-groupManagement] INFO  server.RaftServerConfigKeys (ConfUtils.java:logGet(62)) - raft.server.log.appender.buffer.byte-limit = 33554432 (custom)
2025-09-13 17:31:23,823 [9b620cf5-1dd4-4083-97bd-ff44c8fea23e-groupManagement] INFO  segmented.SegmentedRaftLogWorker (SegmentedRaftLogWorker.java:lambda$new$0(141)) - 9b620cf5-1dd4-4083-97bd-ff44c8fea23e@group-A8D25C85FDCF-SegmentedRaftLogWorker: flushIndex: setUnconditionally 0 -> -1
2025-09-13 17:31:23,823 [9b620cf5-1dd4-4083-97bd-ff44c8fea23e-groupManagement] INFO  segmented.SegmentedRaftLogWorker (SegmentedRaftLogWorker.java:lambda$new$0(141)) - 9b620cf5-1dd4-4083-97bd-ff44c8fea23e@group-A8D25C85FDCF-SegmentedRaftLogWorker: safeCacheEvictIndex: setUnconditionally 0 -> -1
2025-09-13 17:31:23,823 [9b620cf5-1dd4-4083-97bd-ff44c8fea23e-groupManagement] INFO  server.RaftServer$Division (RaftServerImpl.java:start(405)) - 9b620cf5-1dd4-4083-97bd-ff44c8fea23e@group-A8D25C85FDCF: start as a follower, conf=conf: {index: -1, cur=peers:[3dbe4e49-25e9-43f5-94e0-3ca31f2aaaf2|127.0.0.1:15063, 9b620cf5-1dd4-4083-97bd-ff44c8fea23e|127.0.0.1:15071, 2f036b56-942d-42f4-908f-5b0be9aff918|127.0.0.1:15079]|listeners:[], old=null}
2025-09-13 17:31:23,823 [9b620cf5-1dd4-4083-97bd-ff44c8fea23e-groupManagement] INFO  server.RaftServer$Division (RaftServerImpl.java:setRole(392)) - 9b620cf5-1dd4-4083-97bd-ff44c8fea23e@group-A8D25C85FDCF: changes role from      null to FOLLOWER at term 0 for startAsFollower
2025-09-13 17:31:23,824 [9b620cf5-1dd4-4083-97bd-ff44c8fea23e-groupManagement] INFO  impl.RoleInfo (RoleInfo.java:updateAndGet(148)) - 9b620cf5-1dd4-4083-97bd-ff44c8fea23e: start 9b620cf5-1dd4-4083-97bd-ff44c8fea23e@group-A8D25C85FDCF-FollowerState
2025-09-13 17:31:23,824 [9b620cf5-1dd4-4083-97bd-ff44c8fea23e-groupManagement] INFO  util.JmxRegister (JmxRegister.java:tryRegister(44)) - Successfully registered JMX Bean with object name Ratis:service=RaftServer,group=group-A8D25C85FDCF,id=9b620cf5-1dd4-4083-97bd-ff44c8fea23e
2025-09-13 17:31:23,824 [9b620cf5-1dd4-4083-97bd-ff44c8fea23e-groupManagement] INFO  util.JmxRegister (JmxRegister.java:register(58)) - register mxBean class org.apache.ratis.server.impl.RaftServerJmxAdapter as Ratis:service=RaftServer,group=group-A8D25C85FDCF,id=9b620cf5-1dd4-4083-97bd-ff44c8fea23e
2025-09-13 17:31:23,825 [9b620cf5-1dd4-4083-97bd-ff44c8fea23e-groupManagement] INFO  server.RaftServer$Division (RaftServerImpl.java:start(419)) - 9b620cf5-1dd4-4083-97bd-ff44c8fea23e@group-A8D25C85FDCF: Successfully started.
2025-09-13 17:31:23,829 [2f036b56-942d-42f4-908f-5b0be9aff918-CreatePipelineCommandHandlerThread-0] INFO  commandhandler.CreatePipelineCommandHandler (CreatePipelineCommandHandler.java:lambda$handle$2(141)) - Created Pipeline RATIS THREE Pipeline-04878825-8370-49d4-b879-a8d25c85fdcf.
2025-09-13 17:31:23,834 [9e23e878-9bb3-42b5-8b94-e0e229812e65@group-833CC251C4C4-FollowerState] INFO  impl.FollowerState (FollowerState.java:runImpl(161)) - 9e23e878-9bb3-42b5-8b94-e0e229812e65@group-833CC251C4C4-FollowerState: change to CANDIDATE, lastRpcElapsedTime:1193185875ns, electionTimeout:1192ms
2025-09-13 17:31:23,834 [9e23e878-9bb3-42b5-8b94-e0e229812e65@group-833CC251C4C4-FollowerState] INFO  impl.RoleInfo (RoleInfo.java:shutdownFollowerState(121)) - 9e23e878-9bb3-42b5-8b94-e0e229812e65: shutdown 9e23e878-9bb3-42b5-8b94-e0e229812e65@group-833CC251C4C4-FollowerState
2025-09-13 17:31:23,834 [9e23e878-9bb3-42b5-8b94-e0e229812e65@group-833CC251C4C4-FollowerState] INFO  server.RaftServer$Division (RaftServerImpl.java:setRole(392)) - 9e23e878-9bb3-42b5-8b94-e0e229812e65@group-833CC251C4C4: changes role from  FOLLOWER to CANDIDATE at term 0 for changeToCandidate
2025-09-13 17:31:23,834 [9e23e878-9bb3-42b5-8b94-e0e229812e65@group-833CC251C4C4-FollowerState] INFO  impl.RoleInfo (RoleInfo.java:updateAndGet(148)) - 9e23e878-9bb3-42b5-8b94-e0e229812e65: start 9e23e878-9bb3-42b5-8b94-e0e229812e65@group-833CC251C4C4-LeaderElection9
2025-09-13 17:31:23,835 [9e23e878-9bb3-42b5-8b94-e0e229812e65@group-833CC251C4C4-LeaderElection9] INFO  impl.LeaderElection (LeaderElection.java:askForVotes(448)) - 9e23e878-9bb3-42b5-8b94-e0e229812e65@group-833CC251C4C4-LeaderElection9 PRE_VOTE round 0: submit vote requests at term 0 for conf: {index: -1, cur=peers:[9e23e878-9bb3-42b5-8b94-e0e229812e65|127.0.0.1:15023]|listeners:[], old=null}
2025-09-13 17:31:23,835 [9e23e878-9bb3-42b5-8b94-e0e229812e65@group-833CC251C4C4-LeaderElection9] INFO  impl.LeaderElection (LeaderElection.java:askForVotes(450)) - 9e23e878-9bb3-42b5-8b94-e0e229812e65@group-833CC251C4C4-LeaderElection9 PRE_VOTE round 0: result PASSED (term=0)
2025-09-13 17:31:23,837 [9e23e878-9bb3-42b5-8b94-e0e229812e65@group-833CC251C4C4-LeaderElection9] INFO  impl.LeaderElection (LeaderElection.java:askForVotes(448)) - 9e23e878-9bb3-42b5-8b94-e0e229812e65@group-833CC251C4C4-LeaderElection9 ELECTION round 0: submit vote requests at term 1 for conf: {index: -1, cur=peers:[9e23e878-9bb3-42b5-8b94-e0e229812e65|127.0.0.1:15023]|listeners:[], old=null}
2025-09-13 17:31:23,837 [9e23e878-9bb3-42b5-8b94-e0e229812e65@group-833CC251C4C4-LeaderElection9] INFO  impl.LeaderElection (LeaderElection.java:askForVotes(450)) - 9e23e878-9bb3-42b5-8b94-e0e229812e65@group-833CC251C4C4-LeaderElection9 ELECTION round 0: result PASSED (term=1)
2025-09-13 17:31:23,837 [9e23e878-9bb3-42b5-8b94-e0e229812e65@group-833CC251C4C4-LeaderElection9] INFO  impl.RoleInfo (RoleInfo.java:shutdownLeaderElection(141)) - 9e23e878-9bb3-42b5-8b94-e0e229812e65: shutdown 9e23e878-9bb3-42b5-8b94-e0e229812e65@group-833CC251C4C4-LeaderElection9
2025-09-13 17:31:23,837 [9e23e878-9bb3-42b5-8b94-e0e229812e65@group-833CC251C4C4-LeaderElection9] INFO  server.RaftServer$Division (RaftServerImpl.java:setRole(392)) - 9e23e878-9bb3-42b5-8b94-e0e229812e65@group-833CC251C4C4: changes role from CANDIDATE to LEADER at term 1 for changeToLeader
2025-09-13 17:31:23,837 [9e23e878-9bb3-42b5-8b94-e0e229812e65@group-833CC251C4C4-LeaderElection9] INFO  server.RaftServerConfigKeys (ConfUtils.java:logFallback(69)) - raft.server.staging.timeout = 3600ms (fallback to raft.server.rpc.timeout.max)
2025-09-13 17:31:23,837 [9e23e878-9bb3-42b5-8b94-e0e229812e65@group-833CC251C4C4-LeaderElection9] INFO  server.RaftServerConfigKeys (ConfUtils.java:logGet(62)) - raft.server.write.byte-limit = 1024 M (=1073741824) (custom)
2025-09-13 17:31:23,838 [9e23e878-9bb3-42b5-8b94-e0e229812e65@group-833CC251C4C4-LeaderElection9] INFO  impl.RoleInfo (RoleInfo.java:updateAndGet(148)) - 9e23e878-9bb3-42b5-8b94-e0e229812e65: start 9e23e878-9bb3-42b5-8b94-e0e229812e65@group-833CC251C4C4-LeaderStateImpl
2025-09-13 17:31:23,838 [9e23e878-9bb3-42b5-8b94-e0e229812e65@group-833CC251C4C4-LeaderElection9] INFO  server.RaftServer$Division (RaftServerImpl.java:setFirstElection(576)) - 9e23e878-9bb3-42b5-8b94-e0e229812e65@group-833CC251C4C4: set firstElectionSinceStartup to false for becomeLeader
2025-09-13 17:31:23,838 [9e23e878-9bb3-42b5-8b94-e0e229812e65@group-833CC251C4C4-LeaderElection9] INFO  ratis.XceiverServerRatis (XceiverServerRatis.java:handleLeaderChangedNotification(932)) - Leader change notification received for group: group-833CC251C4C4 with new leaderId: 9e23e878-9bb3-42b5-8b94-e0e229812e65
2025-09-13 17:31:23,839 [9e23e878-9bb3-42b5-8b94-e0e229812e65@group-833CC251C4C4-LeaderElection9] INFO  server.RaftServer$Division (ServerState.java:setLeader(272)) - 9e23e878-9bb3-42b5-8b94-e0e229812e65@group-833CC251C4C4: change Leader from null to 9e23e878-9bb3-42b5-8b94-e0e229812e65 at term 1 for becomeLeader, leader elected after 1233ms
2025-09-13 17:31:23,839 [9e23e878-9bb3-42b5-8b94-e0e229812e65@group-833CC251C4C4-LeaderElection9] INFO  segmented.SegmentedRaftLogWorker (SegmentedRaftLogWorker.java:startLogSegment(440)) - 9e23e878-9bb3-42b5-8b94-e0e229812e65@group-833CC251C4C4-SegmentedRaftLogWorker: Starting segment from index:0
2025-09-13 17:31:23,840 [9e23e878-9bb3-42b5-8b94-e0e229812e65@group-833CC251C4C4-LeaderElection9] INFO  server.RaftServer$Division (ServerState.java:setRaftConf(386)) - 9e23e878-9bb3-42b5-8b94-e0e229812e65@group-833CC251C4C4: set configuration conf: {index: 0, cur=peers:[9e23e878-9bb3-42b5-8b94-e0e229812e65|127.0.0.1:15023]|listeners:[], old=null}
2025-09-13 17:31:23,841 [9e23e878-9bb3-42b5-8b94-e0e229812e65@group-833CC251C4C4-SegmentedRaftLogWorker] INFO  segmented.BufferedWriteChannel (BufferedWriteChannel.java:open(61)) - open log_inprogress_0 at position 0
2025-09-13 17:31:23,848 [9e23e878-9bb3-42b5-8b94-e0e229812e65@group-833CC251C4C4-SegmentedRaftLogWorker] INFO  segmented.SegmentedRaftLogWorker (SegmentedRaftLogWorker.java:execute(647)) - 9e23e878-9bb3-42b5-8b94-e0e229812e65@group-833CC251C4C4-SegmentedRaftLogWorker: created new log segment /home/runner/work/ozone/ozone/hadoop-ozone/integration-test/target/test-dir/MiniOzoneClusterImpl-1331a795-ed08-415d-924a-7661a5cf51a5/ozone-metadata/datanode-2/ratis/54881f30-52cb-4c23-b1bd-833cc251c4c4/current/log_inprogress_0
2025-09-13 17:31:23,849 [9e23e878-9bb3-42b5-8b94-e0e229812e65@group-833CC251C4C4-StateMachineUpdater] INFO  server.RaftServer$Division (LeaderStateImpl.java:checkStartIndex(309)) - Leader 9e23e878-9bb3-42b5-8b94-e0e229812e65@group-833CC251C4C4-LeaderStateImpl is ready since appliedIndex == startIndex == 0
2025-09-13 17:31:23,938 [13facd30-3950-4310-8b1a-93d004abbbdd@group-C6159B6E7E4C-FollowerState] INFO  impl.FollowerState (FollowerState.java:runImpl(161)) - 13facd30-3950-4310-8b1a-93d004abbbdd@group-C6159B6E7E4C-FollowerState: change to CANDIDATE, lastRpcElapsedTime:1019417496ns, electionTimeout:1018ms
2025-09-13 17:31:23,938 [13facd30-3950-4310-8b1a-93d004abbbdd@group-C6159B6E7E4C-FollowerState] INFO  impl.RoleInfo (RoleInfo.java:shutdownFollowerState(121)) - 13facd30-3950-4310-8b1a-93d004abbbdd: shutdown 13facd30-3950-4310-8b1a-93d004abbbdd@group-C6159B6E7E4C-FollowerState
2025-09-13 17:31:23,938 [13facd30-3950-4310-8b1a-93d004abbbdd@group-C6159B6E7E4C-FollowerState] INFO  server.RaftServer$Division (RaftServerImpl.java:setRole(392)) - 13facd30-3950-4310-8b1a-93d004abbbdd@group-C6159B6E7E4C: changes role from  FOLLOWER to CANDIDATE at term 0 for changeToCandidate
2025-09-13 17:31:23,938 [13facd30-3950-4310-8b1a-93d004abbbdd@group-C6159B6E7E4C-FollowerState] INFO  impl.RoleInfo (RoleInfo.java:updateAndGet(148)) - 13facd30-3950-4310-8b1a-93d004abbbdd: start 13facd30-3950-4310-8b1a-93d004abbbdd@group-C6159B6E7E4C-LeaderElection10
2025-09-13 17:31:23,939 [13facd30-3950-4310-8b1a-93d004abbbdd@group-C6159B6E7E4C-LeaderElection10] INFO  impl.LeaderElection (LeaderElection.java:askForVotes(448)) - 13facd30-3950-4310-8b1a-93d004abbbdd@group-C6159B6E7E4C-LeaderElection10 PRE_VOTE round 0: submit vote requests at term 0 for conf: {index: -1, cur=peers:[13facd30-3950-4310-8b1a-93d004abbbdd|127.0.0.1:15031]|listeners:[], old=null}
2025-09-13 17:31:23,939 [13facd30-3950-4310-8b1a-93d004abbbdd@group-C6159B6E7E4C-LeaderElection10] INFO  impl.LeaderElection (LeaderElection.java:askForVotes(450)) - 13facd30-3950-4310-8b1a-93d004abbbdd@group-C6159B6E7E4C-LeaderElection10 PRE_VOTE round 0: result PASSED (term=0)
2025-09-13 17:31:23,942 [13facd30-3950-4310-8b1a-93d004abbbdd@group-C6159B6E7E4C-LeaderElection10] INFO  impl.LeaderElection (LeaderElection.java:askForVotes(448)) - 13facd30-3950-4310-8b1a-93d004abbbdd@group-C6159B6E7E4C-LeaderElection10 ELECTION round 0: submit vote requests at term 1 for conf: {index: -1, cur=peers:[13facd30-3950-4310-8b1a-93d004abbbdd|127.0.0.1:15031]|listeners:[], old=null}
2025-09-13 17:31:23,942 [13facd30-3950-4310-8b1a-93d004abbbdd@group-C6159B6E7E4C-LeaderElection10] INFO  impl.LeaderElection (LeaderElection.java:askForVotes(450)) - 13facd30-3950-4310-8b1a-93d004abbbdd@group-C6159B6E7E4C-LeaderElection10 ELECTION round 0: result PASSED (term=1)
2025-09-13 17:31:23,942 [13facd30-3950-4310-8b1a-93d004abbbdd@group-C6159B6E7E4C-LeaderElection10] INFO  impl.RoleInfo (RoleInfo.java:shutdownLeaderElection(141)) - 13facd30-3950-4310-8b1a-93d004abbbdd: shutdown 13facd30-3950-4310-8b1a-93d004abbbdd@group-C6159B6E7E4C-LeaderElection10
2025-09-13 17:31:23,942 [13facd30-3950-4310-8b1a-93d004abbbdd@group-C6159B6E7E4C-LeaderElection10] INFO  server.RaftServer$Division (RaftServerImpl.java:setRole(392)) - 13facd30-3950-4310-8b1a-93d004abbbdd@group-C6159B6E7E4C: changes role from CANDIDATE to LEADER at term 1 for changeToLeader
2025-09-13 17:31:23,942 [13facd30-3950-4310-8b1a-93d004abbbdd@group-C6159B6E7E4C-LeaderElection10] INFO  server.RaftServerConfigKeys (ConfUtils.java:logFallback(69)) - raft.server.staging.timeout = 3600ms (fallback to raft.server.rpc.timeout.max)
2025-09-13 17:31:23,942 [13facd30-3950-4310-8b1a-93d004abbbdd@group-C6159B6E7E4C-LeaderElection10] INFO  server.RaftServerConfigKeys (ConfUtils.java:logGet(62)) - raft.server.write.byte-limit = 1024 M (=1073741824) (custom)
2025-09-13 17:31:23,943 [13facd30-3950-4310-8b1a-93d004abbbdd@group-C6159B6E7E4C-LeaderElection10] INFO  impl.RoleInfo (RoleInfo.java:updateAndGet(148)) - 13facd30-3950-4310-8b1a-93d004abbbdd: start 13facd30-3950-4310-8b1a-93d004abbbdd@group-C6159B6E7E4C-LeaderStateImpl
2025-09-13 17:31:23,943 [13facd30-3950-4310-8b1a-93d004abbbdd@group-C6159B6E7E4C-LeaderElection10] INFO  server.RaftServer$Division (RaftServerImpl.java:setFirstElection(576)) - 13facd30-3950-4310-8b1a-93d004abbbdd@group-C6159B6E7E4C: set firstElectionSinceStartup to false for becomeLeader
2025-09-13 17:31:23,943 [13facd30-3950-4310-8b1a-93d004abbbdd@group-C6159B6E7E4C-LeaderElection10] INFO  ratis.XceiverServerRatis (XceiverServerRatis.java:handleLeaderChangedNotification(932)) - Leader change notification received for group: group-C6159B6E7E4C with new leaderId: 13facd30-3950-4310-8b1a-93d004abbbdd
2025-09-13 17:31:23,944 [13facd30-3950-4310-8b1a-93d004abbbdd@group-C6159B6E7E4C-LeaderElection10] INFO  server.RaftServer$Division (ServerState.java:setLeader(272)) - 13facd30-3950-4310-8b1a-93d004abbbdd@group-C6159B6E7E4C: change Leader from null to 13facd30-3950-4310-8b1a-93d004abbbdd at term 1 for becomeLeader, leader elected after 1090ms
2025-09-13 17:31:23,944 [13facd30-3950-4310-8b1a-93d004abbbdd@group-C6159B6E7E4C-LeaderElection10] INFO  segmented.SegmentedRaftLogWorker (SegmentedRaftLogWorker.java:startLogSegment(440)) - 13facd30-3950-4310-8b1a-93d004abbbdd@group-C6159B6E7E4C-SegmentedRaftLogWorker: Starting segment from index:0
2025-09-13 17:31:23,944 [13facd30-3950-4310-8b1a-93d004abbbdd@group-C6159B6E7E4C-SegmentedRaftLogWorker] INFO  segmented.BufferedWriteChannel (BufferedWriteChannel.java:open(61)) - open log_inprogress_0 at position 0
2025-09-13 17:31:23,945 [13facd30-3950-4310-8b1a-93d004abbbdd@group-C6159B6E7E4C-LeaderElection10] INFO  server.RaftServer$Division (ServerState.java:setRaftConf(386)) - 13facd30-3950-4310-8b1a-93d004abbbdd@group-C6159B6E7E4C: set configuration conf: {index: 0, cur=peers:[13facd30-3950-4310-8b1a-93d004abbbdd|127.0.0.1:15031]|listeners:[], old=null}
2025-09-13 17:31:23,950 [13facd30-3950-4310-8b1a-93d004abbbdd@group-C6159B6E7E4C-SegmentedRaftLogWorker] INFO  segmented.SegmentedRaftLogWorker (SegmentedRaftLogWorker.java:execute(647)) - 13facd30-3950-4310-8b1a-93d004abbbdd@group-C6159B6E7E4C-SegmentedRaftLogWorker: created new log segment /home/runner/work/ozone/ozone/hadoop-ozone/integration-test/target/test-dir/MiniOzoneClusterImpl-1331a795-ed08-415d-924a-7661a5cf51a5/ozone-metadata/datanode-3/ratis/f7fa2a76-8c89-4e33-b3f9-c6159b6e7e4c/current/log_inprogress_0
2025-09-13 17:31:23,952 [13facd30-3950-4310-8b1a-93d004abbbdd@group-C6159B6E7E4C-StateMachineUpdater] INFO  server.RaftServer$Division (LeaderStateImpl.java:checkStartIndex(309)) - Leader 13facd30-3950-4310-8b1a-93d004abbbdd@group-C6159B6E7E4C-LeaderStateImpl is ready since appliedIndex == startIndex == 0
2025-09-13 17:31:23,963 [3dbe4e49-25e9-43f5-94e0-3ca31f2aaaf2-CreatePipelineCommandHandlerThread-0] INFO  server.RaftServer (RaftServerProxy.java:addNew(105)) - 3dbe4e49-25e9-43f5-94e0-3ca31f2aaaf2: addNew group-7B0F0416234C:[3dbe4e49-25e9-43f5-94e0-3ca31f2aaaf2|127.0.0.1:15063] returns group-7B0F0416234C:java.util.concurrent.CompletableFuture@64ef079a[Not completed]
2025-09-13 17:31:23,963 [36d876fb-a458-4393-963b-58eeedb8ba95@group-CF05563D4821-FollowerState] INFO  impl.FollowerState (FollowerState.java:runImpl(161)) - 36d876fb-a458-4393-963b-58eeedb8ba95@group-CF05563D4821-FollowerState: change to CANDIDATE, lastRpcElapsedTime:1049807237ns, electionTimeout:1047ms
2025-09-13 17:31:23,963 [36d876fb-a458-4393-963b-58eeedb8ba95@group-CF05563D4821-FollowerState] INFO  impl.RoleInfo (RoleInfo.java:shutdownFollowerState(121)) - 36d876fb-a458-4393-963b-58eeedb8ba95: shutdown 36d876fb-a458-4393-963b-58eeedb8ba95@group-CF05563D4821-FollowerState
2025-09-13 17:31:23,964 [36d876fb-a458-4393-963b-58eeedb8ba95@group-CF05563D4821-FollowerState] INFO  server.RaftServer$Division (RaftServerImpl.java:setRole(392)) - 36d876fb-a458-4393-963b-58eeedb8ba95@group-CF05563D4821: changes role from  FOLLOWER to CANDIDATE at term 0 for changeToCandidate
2025-09-13 17:31:23,964 [36d876fb-a458-4393-963b-58eeedb8ba95@group-CF05563D4821-FollowerState] INFO  impl.RoleInfo (RoleInfo.java:updateAndGet(148)) - 36d876fb-a458-4393-963b-58eeedb8ba95: start 36d876fb-a458-4393-963b-58eeedb8ba95@group-CF05563D4821-LeaderElection11
2025-09-13 17:31:23,964 [3dbe4e49-25e9-43f5-94e0-3ca31f2aaaf2-groupManagement] INFO  server.RaftServer$Division (RaftServerImpl.java:<init>(268)) - 3dbe4e49-25e9-43f5-94e0-3ca31f2aaaf2: new RaftServerImpl for group-7B0F0416234C:[3dbe4e49-25e9-43f5-94e0-3ca31f2aaaf2|127.0.0.1:15063] with ContainerStateMachine:uninitialized
2025-09-13 17:31:23,964 [3dbe4e49-25e9-43f5-94e0-3ca31f2aaaf2-groupManagement] INFO  server.RaftServer$Division (ServerState.java:<init>(114)) - 3dbe4e49-25e9-43f5-94e0-3ca31f2aaaf2@group-7B0F0416234C: ConfigurationManager, init=conf: {index: -1, cur=peers:[3dbe4e49-25e9-43f5-94e0-3ca31f2aaaf2|127.0.0.1:15063]|listeners:[], old=null}, confs=<EMPTY_MAP>
2025-09-13 17:31:23,965 [36d876fb-a458-4393-963b-58eeedb8ba95@group-CF05563D4821-LeaderElection11] INFO  impl.LeaderElection (LeaderElection.java:askForVotes(448)) - 36d876fb-a458-4393-963b-58eeedb8ba95@group-CF05563D4821-LeaderElection11 PRE_VOTE round 0: submit vote requests at term 0 for conf: {index: -1, cur=peers:[9e23e878-9bb3-42b5-8b94-e0e229812e65|127.0.0.1:15023, 13facd30-3950-4310-8b1a-93d004abbbdd|127.0.0.1:15031, 36d876fb-a458-4393-963b-58eeedb8ba95|127.0.0.1:15015]|listeners:[], old=null}
2025-09-13 17:31:23,969 [grpc-default-executor-1] INFO  server.RaftServer$Division (RaftServerImpl.java:requestVote(1421)) - 9e23e878-9bb3-42b5-8b94-e0e229812e65@group-CF05563D4821: receive requestVote(PRE_VOTE, 36d876fb-a458-4393-963b-58eeedb8ba95, group-CF05563D4821, 0, <PROTO_DEFAULT>)
2025-09-13 17:31:23,969 [grpc-default-executor-1] INFO  impl.VoteContext (VoteContext.java:log(49)) - 9e23e878-9bb3-42b5-8b94-e0e229812e65@group-CF05563D4821-FOLLOWER: accept PRE_VOTE from 36d876fb-a458-4393-963b-58eeedb8ba95: our priority 0 <= candidate's priority 0
2025-09-13 17:31:23,969 [grpc-default-executor-1] INFO  server.RaftServer$Division (RaftServerImpl.java:requestVote(1455)) - 9e23e878-9bb3-42b5-8b94-e0e229812e65@group-CF05563D4821 replies to PRE_VOTE vote request: 36d876fb-a458-4393-963b-58eeedb8ba95<-9e23e878-9bb3-42b5-8b94-e0e229812e65#0:OK-t0-last:<INITIAL_VALUE>. Peer's state: 9e23e878-9bb3-42b5-8b94-e0e229812e65@group-CF05563D4821:t0, leader=null, voted=, raftlog=Memoized:9e23e878-9bb3-42b5-8b94-e0e229812e65@group-CF05563D4821-SegmentedRaftLog:OPENED:c-1:lastnull, conf=conf: {index: -1, cur=peers:[9e23e878-9bb3-42b5-8b94-e0e229812e65|127.0.0.1:15023, 13facd30-3950-4310-8b1a-93d004abbbdd|127.0.0.1:15031, 36d876fb-a458-4393-963b-58eeedb8ba95|127.0.0.1:15015]|listeners:[], old=null}
2025-09-13 17:31:23,969 [3dbe4e49-25e9-43f5-94e0-3ca31f2aaaf2-groupManagement] INFO  server.RaftServerConfigKeys (ConfUtils.java:logGet(62)) - raft.server.storage.dir = [/home/runner/work/ozone/ozone/hadoop-ozone/integration-test/target/test-dir/MiniOzoneClusterImpl-1331a795-ed08-415d-924a-7661a5cf51a5/ozone-metadata/datanode-7/ratis] (custom)
2025-09-13 17:31:23,970 [3dbe4e49-25e9-43f5-94e0-3ca31f2aaaf2-groupManagement] INFO  storage.RaftStorageDirectory (RaftStorageDirectoryImpl.java:analyzeStorage(138)) - The storage directory /home/runner/work/ozone/ozone/hadoop-ozone/integration-test/target/test-dir/MiniOzoneClusterImpl-1331a795-ed08-415d-924a-7661a5cf51a5/ozone-metadata/datanode-7/ratis/f5ff5807-9027-40e4-b9dd-7b0f0416234c does not exist. Creating ...
2025-09-13 17:31:23,970 [grpc-default-executor-3] INFO  server.RaftServer$Division (RaftServerImpl.java:requestVote(1421)) - 13facd30-3950-4310-8b1a-93d004abbbdd@group-CF05563D4821: receive requestVote(PRE_VOTE, 36d876fb-a458-4393-963b-58eeedb8ba95, group-CF05563D4821, 0, <PROTO_DEFAULT>)
2025-09-13 17:31:23,970 [grpc-default-executor-3] INFO  impl.VoteContext (VoteContext.java:log(49)) - 13facd30-3950-4310-8b1a-93d004abbbdd@group-CF05563D4821-FOLLOWER: reject PRE_VOTE from 36d876fb-a458-4393-963b-58eeedb8ba95: our priority 1 > candidate's priority 0
2025-09-13 17:31:23,971 [grpc-default-executor-3] INFO  server.RaftServer$Division (RaftServerImpl.java:requestVote(1455)) - 13facd30-3950-4310-8b1a-93d004abbbdd@group-CF05563D4821 replies to PRE_VOTE vote request: 36d876fb-a458-4393-963b-58eeedb8ba95<-13facd30-3950-4310-8b1a-93d004abbbdd#0:FAIL-t0-last:<INITIAL_VALUE>. Peer's state: 13facd30-3950-4310-8b1a-93d004abbbdd@group-CF05563D4821:t0, leader=null, voted=, raftlog=Memoized:13facd30-3950-4310-8b1a-93d004abbbdd@group-CF05563D4821-SegmentedRaftLog:OPENED:c-1:lastnull, conf=conf: {index: -1, cur=peers:[9e23e878-9bb3-42b5-8b94-e0e229812e65|127.0.0.1:15023, 13facd30-3950-4310-8b1a-93d004abbbdd|127.0.0.1:15031, 36d876fb-a458-4393-963b-58eeedb8ba95|127.0.0.1:15015]|listeners:[], old=null}
2025-09-13 17:31:23,971 [3dbe4e49-25e9-43f5-94e0-3ca31f2aaaf2-groupManagement] INFO  storage.RaftStorageDirectory (RaftStorageDirectoryImpl.java:tryLock(229)) - Lock on /home/runner/work/ozone/ozone/hadoop-ozone/integration-test/target/test-dir/MiniOzoneClusterImpl-1331a795-ed08-415d-924a-7661a5cf51a5/ozone-metadata/datanode-7/ratis/f5ff5807-9027-40e4-b9dd-7b0f0416234c/in_use.lock acquired by nodename 22846@localhost
2025-09-13 17:31:23,973 [3dbe4e49-25e9-43f5-94e0-3ca31f2aaaf2-groupManagement] INFO  storage.RaftStorage (RaftStorageImpl.java:format(98)) - Storage directory /home/runner/work/ozone/ozone/hadoop-ozone/integration-test/target/test-dir/MiniOzoneClusterImpl-1331a795-ed08-415d-924a-7661a5cf51a5/ozone-metadata/datanode-7/ratis/f5ff5807-9027-40e4-b9dd-7b0f0416234c has been successfully formatted.
2025-09-13 17:31:23,974 [36d876fb-a458-4393-963b-58eeedb8ba95@group-CF05563D4821-LeaderElection11] INFO  impl.LeaderElection (LeaderElection.java:logAndReturn(206)) - 36d876fb-a458-4393-963b-58eeedb8ba95@group-CF05563D4821-LeaderElection11: PRE_VOTE REJECTED received 1 response(s) and 0 exception(s):
2025-09-13 17:31:23,974 [36d876fb-a458-4393-963b-58eeedb8ba95@group-CF05563D4821-LeaderElection11] INFO  impl.LeaderElection (LeaderElection.java:logAndReturn(210)) -   Response 0: 36d876fb-a458-4393-963b-58eeedb8ba95<-13facd30-3950-4310-8b1a-93d004abbbdd#0:FAIL-t0-last:<INITIAL_VALUE>
2025-09-13 17:31:23,974 [36d876fb-a458-4393-963b-58eeedb8ba95@group-CF05563D4821-LeaderElection11] INFO  impl.LeaderElection (LeaderElection.java:askForVotes(450)) - 36d876fb-a458-4393-963b-58eeedb8ba95@group-CF05563D4821-LeaderElection11 PRE_VOTE round 0: result REJECTED
2025-09-13 17:31:23,974 [3dbe4e49-25e9-43f5-94e0-3ca31f2aaaf2-groupManagement] INFO  ratis.ContainerStateMachine (ContainerStateMachine.java:initialize(339)) - 3dbe4e49-25e9-43f5-94e0-3ca31f2aaaf2: initialize group-7B0F0416234C
2025-09-13 17:31:23,974 [3dbe4e49-25e9-43f5-94e0-3ca31f2aaaf2-groupManagement] INFO  ratis.ContainerStateMachine (ContainerStateMachine.java:loadSnapshot(347)) - group-7B0F0416234C: The snapshot info is null. Setting the last applied index to:<INITIAL_VALUE>
2025-09-13 17:31:23,975 [3dbe4e49-25e9-43f5-94e0-3ca31f2aaaf2-groupManagement] INFO  server.RaftServerConfigKeys (ConfUtils.java:logGet(62)) - raft.server.log.appender.buffer.byte-limit = 33554432 (custom)
2025-09-13 17:31:23,974 [36d876fb-a458-4393-963b-58eeedb8ba95@group-CF05563D4821-LeaderElection11] INFO  server.RaftServer$Division (RaftServerImpl.java:setRole(392)) - 36d876fb-a458-4393-963b-58eeedb8ba95@group-CF05563D4821: changes role from CANDIDATE to FOLLOWER at term 0 for REJECTED
2025-09-13 17:31:23,976 [36d876fb-a458-4393-963b-58eeedb8ba95@group-CF05563D4821-LeaderElection11] INFO  impl.RoleInfo (RoleInfo.java:shutdownLeaderElection(141)) - 36d876fb-a458-4393-963b-58eeedb8ba95: shutdown 36d876fb-a458-4393-963b-58eeedb8ba95@group-CF05563D4821-LeaderElection11
2025-09-13 17:31:23,976 [36d876fb-a458-4393-963b-58eeedb8ba95@group-CF05563D4821-LeaderElection11] INFO  impl.RoleInfo (RoleInfo.java:updateAndGet(148)) - 36d876fb-a458-4393-963b-58eeedb8ba95: start 36d876fb-a458-4393-963b-58eeedb8ba95@group-CF05563D4821-FollowerState
2025-09-13 17:31:23,978 [36d876fb-a458-4393-963b-58eeedb8ba95@group-CF05563D4821-LeaderElection11] INFO  server.RaftServer$Division (RaftServerImpl.java:setFirstElection(576)) - 36d876fb-a458-4393-963b-58eeedb8ba95@group-CF05563D4821: set firstElectionSinceStartup to false for REJECTED
2025-09-13 17:31:23,978 [3dbe4e49-25e9-43f5-94e0-3ca31f2aaaf2-groupManagement] INFO  server.RaftServerConfigKeys (ConfUtils.java:logGet(62)) - raft.server.log.segment.size.max = 67108864 (custom)
2025-09-13 17:31:23,979 [3dbe4e49-25e9-43f5-94e0-3ca31f2aaaf2-groupManagement] INFO  server.RaftServerConfigKeys (ConfUtils.java:logGet(62)) - raft.server.log.appender.buffer.byte-limit = 33554432 (custom)
2025-09-13 17:31:23,980 [3dbe4e49-25e9-43f5-94e0-3ca31f2aaaf2-groupManagement] INFO  util.AwaitToRun (AwaitToRun.java:start(81)) - Thread[#1396,3dbe4e49-25e9-43f5-94e0-3ca31f2aaaf2@group-7B0F0416234C-cacheEviction-AwaitToRun,5,main] started
2025-09-13 17:31:23,980 [3dbe4e49-25e9-43f5-94e0-3ca31f2aaaf2-groupManagement] INFO  segmented.SegmentedRaftLogWorker (SegmentedRaftLogWorker.java:<init>(190)) - new 3dbe4e49-25e9-43f5-94e0-3ca31f2aaaf2@group-7B0F0416234C-SegmentedRaftLogWorker for RaftStorageImpl:Storage Directory /home/runner/work/ozone/ozone/hadoop-ozone/integration-test/target/test-dir/MiniOzoneClusterImpl-1331a795-ed08-415d-924a-7661a5cf51a5/ozone-metadata/datanode-7/ratis/f5ff5807-9027-40e4-b9dd-7b0f0416234c
2025-09-13 17:31:23,980 [3dbe4e49-25e9-43f5-94e0-3ca31f2aaaf2-groupManagement] INFO  server.RaftServerConfigKeys (ConfUtils.java:logGet(62)) - raft.server.log.queue.byte-limit = 4294967296 (custom)
2025-09-13 17:31:23,980 [3dbe4e49-25e9-43f5-94e0-3ca31f2aaaf2-groupManagement] INFO  server.RaftServerConfigKeys (ConfUtils.java:logGet(62)) - raft.server.log.segment.size.max = 67108864 (custom)
2025-09-13 17:31:23,980 [3dbe4e49-25e9-43f5-94e0-3ca31f2aaaf2-groupManagement] INFO  server.RaftServerConfigKeys (ConfUtils.java:logGet(62)) - raft.server.log.preallocated.size = 4194304 (custom)
2025-09-13 17:31:23,980 [EventQueue-PipelineReportForPipelineReportHandler] INFO  pipeline.PipelineReportHandler (PipelineReportHandler.java:processPipelineReport(132)) - Opened pipeline Pipeline-f5ff5807-9027-40e4-b9dd-7b0f0416234c
2025-09-13 17:31:23,980 [3dbe4e49-25e9-43f5-94e0-3ca31f2aaaf2-groupManagement] INFO  server.RaftServerConfigKeys (ConfUtils.java:logGet(62)) - raft.server.log.write.buffer.size = 33554440 (custom)
2025-09-13 17:31:23,986 [3dbe4e49-25e9-43f5-94e0-3ca31f2aaaf2-groupManagement] INFO  server.RaftServerConfigKeys (ConfUtils.java:logGet(62)) - raft.server.log.appender.buffer.byte-limit = 33554432 (custom)
2025-09-13 17:31:23,987 [3dbe4e49-25e9-43f5-94e0-3ca31f2aaaf2-groupManagement] INFO  segmented.SegmentedRaftLogWorker (SegmentedRaftLogWorker.java:lambda$new$0(141)) - 3dbe4e49-25e9-43f5-94e0-3ca31f2aaaf2@group-7B0F0416234C-SegmentedRaftLogWorker: flushIndex: setUnconditionally 0 -> -1
2025-09-13 17:31:23,987 [3dbe4e49-25e9-43f5-94e0-3ca31f2aaaf2-groupManagement] INFO  segmented.SegmentedRaftLogWorker (SegmentedRaftLogWorker.java:lambda$new$0(141)) - 3dbe4e49-25e9-43f5-94e0-3ca31f2aaaf2@group-7B0F0416234C-SegmentedRaftLogWorker: safeCacheEvictIndex: setUnconditionally 0 -> -1
2025-09-13 17:31:23,987 [3dbe4e49-25e9-43f5-94e0-3ca31f2aaaf2-groupManagement] INFO  server.RaftServer$Division (RaftServerImpl.java:start(405)) - 3dbe4e49-25e9-43f5-94e0-3ca31f2aaaf2@group-7B0F0416234C: start as a follower, conf=conf: {index: -1, cur=peers:[3dbe4e49-25e9-43f5-94e0-3ca31f2aaaf2|127.0.0.1:15063]|listeners:[], old=null}
2025-09-13 17:31:23,987 [3dbe4e49-25e9-43f5-94e0-3ca31f2aaaf2-groupManagement] INFO  server.RaftServer$Division (RaftServerImpl.java:setRole(392)) - 3dbe4e49-25e9-43f5-94e0-3ca31f2aaaf2@group-7B0F0416234C: changes role from      null to FOLLOWER at term 0 for startAsFollower
2025-09-13 17:31:23,987 [3dbe4e49-25e9-43f5-94e0-3ca31f2aaaf2-groupManagement] INFO  impl.RoleInfo (RoleInfo.java:updateAndGet(148)) - 3dbe4e49-25e9-43f5-94e0-3ca31f2aaaf2: start 3dbe4e49-25e9-43f5-94e0-3ca31f2aaaf2@group-7B0F0416234C-FollowerState
2025-09-13 17:31:23,988 [3dbe4e49-25e9-43f5-94e0-3ca31f2aaaf2-groupManagement] INFO  util.JmxRegister (JmxRegister.java:tryRegister(44)) - Successfully registered JMX Bean with object name Ratis:service=RaftServer,group=group-7B0F0416234C,id=3dbe4e49-25e9-43f5-94e0-3ca31f2aaaf2
2025-09-13 17:31:23,988 [3dbe4e49-25e9-43f5-94e0-3ca31f2aaaf2-groupManagement] INFO  util.JmxRegister (JmxRegister.java:register(58)) - register mxBean class org.apache.ratis.server.impl.RaftServerJmxAdapter as Ratis:service=RaftServer,group=group-7B0F0416234C,id=3dbe4e49-25e9-43f5-94e0-3ca31f2aaaf2
2025-09-13 17:31:23,989 [3dbe4e49-25e9-43f5-94e0-3ca31f2aaaf2-groupManagement] INFO  server.RaftServer$Division (RaftServerImpl.java:start(419)) - 3dbe4e49-25e9-43f5-94e0-3ca31f2aaaf2@group-7B0F0416234C: Successfully started.
2025-09-13 17:31:23,989 [3dbe4e49-25e9-43f5-94e0-3ca31f2aaaf2-CreatePipelineCommandHandlerThread-0] INFO  ratis.XceiverServerRatis (XceiverServerRatis.java:addGroup(831)) - Created group Pipeline-f5ff5807-9027-40e4-b9dd-7b0f0416234c
2025-09-13 17:31:23,990 [3dbe4e49-25e9-43f5-94e0-3ca31f2aaaf2-CreatePipelineCommandHandlerThread-0] INFO  commandhandler.CreatePipelineCommandHandler (CreatePipelineCommandHandler.java:lambda$handle$2(141)) - Created Pipeline RATIS ONE Pipeline-f5ff5807-9027-40e4-b9dd-7b0f0416234c.
2025-09-13 17:31:24,030 [e114cbd1-8f45-4cc5-a8b1-e2bd6cad48a0@group-23D9289878C2-FollowerState] INFO  impl.FollowerState (FollowerState.java:runImpl(161)) - e114cbd1-8f45-4cc5-a8b1-e2bd6cad48a0@group-23D9289878C2-FollowerState: change to CANDIDATE, lastRpcElapsedTime:1034416961ns, electionTimeout:1033ms
2025-09-13 17:31:24,030 [e114cbd1-8f45-4cc5-a8b1-e2bd6cad48a0@group-23D9289878C2-FollowerState] INFO  impl.RoleInfo (RoleInfo.java:shutdownFollowerState(121)) - e114cbd1-8f45-4cc5-a8b1-e2bd6cad48a0: shutdown e114cbd1-8f45-4cc5-a8b1-e2bd6cad48a0@group-23D9289878C2-FollowerState
2025-09-13 17:31:24,030 [e114cbd1-8f45-4cc5-a8b1-e2bd6cad48a0@group-23D9289878C2-FollowerState] INFO  server.RaftServer$Division (RaftServerImpl.java:setRole(392)) - e114cbd1-8f45-4cc5-a8b1-e2bd6cad48a0@group-23D9289878C2: changes role from  FOLLOWER to CANDIDATE at term 0 for changeToCandidate
2025-09-13 17:31:24,030 [e114cbd1-8f45-4cc5-a8b1-e2bd6cad48a0@group-23D9289878C2-FollowerState] INFO  impl.RoleInfo (RoleInfo.java:updateAndGet(148)) - e114cbd1-8f45-4cc5-a8b1-e2bd6cad48a0: start e114cbd1-8f45-4cc5-a8b1-e2bd6cad48a0@group-23D9289878C2-LeaderElection12
2025-09-13 17:31:24,031 [e114cbd1-8f45-4cc5-a8b1-e2bd6cad48a0@group-23D9289878C2-LeaderElection12] INFO  impl.LeaderElection (LeaderElection.java:askForVotes(448)) - e114cbd1-8f45-4cc5-a8b1-e2bd6cad48a0@group-23D9289878C2-LeaderElection12 PRE_VOTE round 0: submit vote requests at term 0 for conf: {index: -1, cur=peers:[d3aade32-661d-499d-9068-ea1550ed8656|127.0.0.1:15055, beda0dcb-37da-4cca-bea2-e222cb1bc351|127.0.0.1:15039, e114cbd1-8f45-4cc5-a8b1-e2bd6cad48a0|127.0.0.1:15047]|listeners:[], old=null}
2025-09-13 17:31:24,034 [grpc-default-executor-1] INFO  server.RaftServer$Division (RaftServerImpl.java:requestVote(1421)) - d3aade32-661d-499d-9068-ea1550ed8656@group-23D9289878C2: receive requestVote(PRE_VOTE, e114cbd1-8f45-4cc5-a8b1-e2bd6cad48a0, group-23D9289878C2, 0, <PROTO_DEFAULT>)
2025-09-13 17:31:24,034 [grpc-default-executor-1] INFO  impl.VoteContext (VoteContext.java:log(49)) - d3aade32-661d-499d-9068-ea1550ed8656@group-23D9289878C2-FOLLOWER: accept PRE_VOTE from e114cbd1-8f45-4cc5-a8b1-e2bd6cad48a0: our priority 0 <= candidate's priority 0
2025-09-13 17:31:24,034 [grpc-default-executor-1] INFO  server.RaftServer$Division (RaftServerImpl.java:requestVote(1455)) - d3aade32-661d-499d-9068-ea1550ed8656@group-23D9289878C2 replies to PRE_VOTE vote request: e114cbd1-8f45-4cc5-a8b1-e2bd6cad48a0<-d3aade32-661d-499d-9068-ea1550ed8656#0:OK-t0-last:<INITIAL_VALUE>. Peer's state: d3aade32-661d-499d-9068-ea1550ed8656@group-23D9289878C2:t0, leader=null, voted=, raftlog=Memoized:d3aade32-661d-499d-9068-ea1550ed8656@group-23D9289878C2-SegmentedRaftLog:OPENED:c-1:lastnull, conf=conf: {index: -1, cur=peers:[d3aade32-661d-499d-9068-ea1550ed8656|127.0.0.1:15055, beda0dcb-37da-4cca-bea2-e222cb1bc351|127.0.0.1:15039, e114cbd1-8f45-4cc5-a8b1-e2bd6cad48a0|127.0.0.1:15047]|listeners:[], old=null}
2025-09-13 17:31:24,036 [grpc-default-executor-1] INFO  server.RaftServer$Division (RaftServerImpl.java:requestVote(1421)) - beda0dcb-37da-4cca-bea2-e222cb1bc351@group-23D9289878C2: receive requestVote(PRE_VOTE, e114cbd1-8f45-4cc5-a8b1-e2bd6cad48a0, group-23D9289878C2, 0, <PROTO_DEFAULT>)
2025-09-13 17:31:24,036 [grpc-default-executor-1] INFO  impl.VoteContext (VoteContext.java:log(49)) - beda0dcb-37da-4cca-bea2-e222cb1bc351@group-23D9289878C2-FOLLOWER: reject PRE_VOTE from e114cbd1-8f45-4cc5-a8b1-e2bd6cad48a0: our priority 1 > candidate's priority 0
2025-09-13 17:31:24,037 [grpc-default-executor-1] INFO  server.RaftServer$Division (RaftServerImpl.java:requestVote(1455)) - beda0dcb-37da-4cca-bea2-e222cb1bc351@group-23D9289878C2 replies to PRE_VOTE vote request: e114cbd1-8f45-4cc5-a8b1-e2bd6cad48a0<-beda0dcb-37da-4cca-bea2-e222cb1bc351#0:FAIL-t0-last:<INITIAL_VALUE>. Peer's state: beda0dcb-37da-4cca-bea2-e222cb1bc351@group-23D9289878C2:t0, leader=null, voted=, raftlog=Memoized:beda0dcb-37da-4cca-bea2-e222cb1bc351@group-23D9289878C2-SegmentedRaftLog:OPENED:c-1:lastnull, conf=conf: {index: -1, cur=peers:[d3aade32-661d-499d-9068-ea1550ed8656|127.0.0.1:15055, beda0dcb-37da-4cca-bea2-e222cb1bc351|127.0.0.1:15039, e114cbd1-8f45-4cc5-a8b1-e2bd6cad48a0|127.0.0.1:15047]|listeners:[], old=null}
2025-09-13 17:31:24,038 [e114cbd1-8f45-4cc5-a8b1-e2bd6cad48a0@group-23D9289878C2-LeaderElection12] INFO  impl.LeaderElection (LeaderElection.java:logAndReturn(206)) - e114cbd1-8f45-4cc5-a8b1-e2bd6cad48a0@group-23D9289878C2-LeaderElection12: PRE_VOTE REJECTED received 2 response(s) and 0 exception(s):
2025-09-13 17:31:24,039 [e114cbd1-8f45-4cc5-a8b1-e2bd6cad48a0@group-23D9289878C2-LeaderElection12] INFO  impl.LeaderElection (LeaderElection.java:logAndReturn(210)) -   Response 0: e114cbd1-8f45-4cc5-a8b1-e2bd6cad48a0<-d3aade32-661d-499d-9068-ea1550ed8656#0:OK-t0-last:<INITIAL_VALUE>
2025-09-13 17:31:24,039 [e114cbd1-8f45-4cc5-a8b1-e2bd6cad48a0@group-23D9289878C2-LeaderElection12] INFO  impl.LeaderElection (LeaderElection.java:logAndReturn(210)) -   Response 1: e114cbd1-8f45-4cc5-a8b1-e2bd6cad48a0<-beda0dcb-37da-4cca-bea2-e222cb1bc351#0:FAIL-t0-last:<INITIAL_VALUE>
2025-09-13 17:31:24,039 [e114cbd1-8f45-4cc5-a8b1-e2bd6cad48a0@group-23D9289878C2-LeaderElection12] INFO  impl.LeaderElection (LeaderElection.java:askForVotes(450)) - e114cbd1-8f45-4cc5-a8b1-e2bd6cad48a0@group-23D9289878C2-LeaderElection12 PRE_VOTE round 0: result REJECTED
2025-09-13 17:31:24,039 [e114cbd1-8f45-4cc5-a8b1-e2bd6cad48a0@group-23D9289878C2-LeaderElection12] INFO  server.RaftServer$Division (RaftServerImpl.java:setRole(392)) - e114cbd1-8f45-4cc5-a8b1-e2bd6cad48a0@group-23D9289878C2: changes role from CANDIDATE to FOLLOWER at term 0 for REJECTED
2025-09-13 17:31:24,039 [e114cbd1-8f45-4cc5-a8b1-e2bd6cad48a0@group-23D9289878C2-LeaderElection12] INFO  impl.RoleInfo (RoleInfo.java:shutdownLeaderElection(141)) - e114cbd1-8f45-4cc5-a8b1-e2bd6cad48a0: shutdown e114cbd1-8f45-4cc5-a8b1-e2bd6cad48a0@group-23D9289878C2-LeaderElection12
2025-09-13 17:31:24,039 [e114cbd1-8f45-4cc5-a8b1-e2bd6cad48a0@group-23D9289878C2-LeaderElection12] INFO  impl.RoleInfo (RoleInfo.java:updateAndGet(148)) - e114cbd1-8f45-4cc5-a8b1-e2bd6cad48a0: start e114cbd1-8f45-4cc5-a8b1-e2bd6cad48a0@group-23D9289878C2-FollowerState
2025-09-13 17:31:24,040 [e114cbd1-8f45-4cc5-a8b1-e2bd6cad48a0@group-23D9289878C2-LeaderElection12] INFO  server.RaftServer$Division (RaftServerImpl.java:setFirstElection(576)) - e114cbd1-8f45-4cc5-a8b1-e2bd6cad48a0@group-23D9289878C2: set firstElectionSinceStartup to false for REJECTED
2025-09-13 17:31:24,131 [beda0dcb-37da-4cca-bea2-e222cb1bc351@group-23D9289878C2-FollowerState] INFO  impl.FollowerState (FollowerState.java:runImpl(161)) - beda0dcb-37da-4cca-bea2-e222cb1bc351@group-23D9289878C2-FollowerState: change to CANDIDATE, lastRpcElapsedTime:1059369488ns, electionTimeout:1058ms
2025-09-13 17:31:24,131 [beda0dcb-37da-4cca-bea2-e222cb1bc351@group-23D9289878C2-FollowerState] INFO  impl.RoleInfo (RoleInfo.java:shutdownFollowerState(121)) - beda0dcb-37da-4cca-bea2-e222cb1bc351: shutdown beda0dcb-37da-4cca-bea2-e222cb1bc351@group-23D9289878C2-FollowerState
2025-09-13 17:31:24,131 [beda0dcb-37da-4cca-bea2-e222cb1bc351@group-23D9289878C2-FollowerState] INFO  server.RaftServer$Division (RaftServerImpl.java:setRole(392)) - beda0dcb-37da-4cca-bea2-e222cb1bc351@group-23D9289878C2: changes role from  FOLLOWER to CANDIDATE at term 0 for changeToCandidate
2025-09-13 17:31:24,131 [beda0dcb-37da-4cca-bea2-e222cb1bc351@group-23D9289878C2-FollowerState] INFO  impl.RoleInfo (RoleInfo.java:updateAndGet(148)) - beda0dcb-37da-4cca-bea2-e222cb1bc351: start beda0dcb-37da-4cca-bea2-e222cb1bc351@group-23D9289878C2-LeaderElection13
2025-09-13 17:31:24,131 [beda0dcb-37da-4cca-bea2-e222cb1bc351@group-23D9289878C2-LeaderElection13] INFO  impl.LeaderElection (LeaderElection.java:askForVotes(448)) - beda0dcb-37da-4cca-bea2-e222cb1bc351@group-23D9289878C2-LeaderElection13 PRE_VOTE round 0: submit vote requests at term 0 for conf: {index: -1, cur=peers:[d3aade32-661d-499d-9068-ea1550ed8656|127.0.0.1:15055, beda0dcb-37da-4cca-bea2-e222cb1bc351|127.0.0.1:15039, e114cbd1-8f45-4cc5-a8b1-e2bd6cad48a0|127.0.0.1:15047]|listeners:[], old=null}
2025-09-13 17:31:24,132 [beda0dcb-37da-4cca-bea2-e222cb1bc351@group-23D9289878C2-LeaderElection13-1] INFO  server.GrpcServerProtocolClient (GrpcServerProtocolClient.java:<init>(65)) - Build channel for d3aade32-661d-499d-9068-ea1550ed8656|127.0.0.1:15055
2025-09-13 17:31:24,132 [beda0dcb-37da-4cca-bea2-e222cb1bc351@group-23D9289878C2-LeaderElection13-2] INFO  server.GrpcServerProtocolClient (GrpcServerProtocolClient.java:<init>(65)) - Build channel for e114cbd1-8f45-4cc5-a8b1-e2bd6cad48a0|127.0.0.1:15047
2025-09-13 17:31:24,132 [13facd30-3950-4310-8b1a-93d004abbbdd@group-CF05563D4821-FollowerState] INFO  impl.FollowerState (FollowerState.java:runImpl(161)) - 13facd30-3950-4310-8b1a-93d004abbbdd@group-CF05563D4821-FollowerState: change to CANDIDATE, lastRpcElapsedTime:1161550391ns, electionTimeout:1160ms
2025-09-13 17:31:24,133 [13facd30-3950-4310-8b1a-93d004abbbdd@group-CF05563D4821-FollowerState] INFO  impl.RoleInfo (RoleInfo.java:shutdownFollowerState(121)) - 13facd30-3950-4310-8b1a-93d004abbbdd: shutdown 13facd30-3950-4310-8b1a-93d004abbbdd@group-CF05563D4821-FollowerState
2025-09-13 17:31:24,133 [13facd30-3950-4310-8b1a-93d004abbbdd@group-CF05563D4821-FollowerState] INFO  server.RaftServer$Division (RaftServerImpl.java:setRole(392)) - 13facd30-3950-4310-8b1a-93d004abbbdd@group-CF05563D4821: changes role from  FOLLOWER to CANDIDATE at term 0 for changeToCandidate
2025-09-13 17:31:24,133 [13facd30-3950-4310-8b1a-93d004abbbdd@group-CF05563D4821-FollowerState] INFO  impl.RoleInfo (RoleInfo.java:updateAndGet(148)) - 13facd30-3950-4310-8b1a-93d004abbbdd: start 13facd30-3950-4310-8b1a-93d004abbbdd@group-CF05563D4821-LeaderElection14
2025-09-13 17:31:24,134 [13facd30-3950-4310-8b1a-93d004abbbdd@group-CF05563D4821-LeaderElection14] INFO  impl.LeaderElection (LeaderElection.java:askForVotes(448)) - 13facd30-3950-4310-8b1a-93d004abbbdd@group-CF05563D4821-LeaderElection14 PRE_VOTE round 0: submit vote requests at term 0 for conf: {index: -1, cur=peers:[9e23e878-9bb3-42b5-8b94-e0e229812e65|127.0.0.1:15023, 13facd30-3950-4310-8b1a-93d004abbbdd|127.0.0.1:15031, 36d876fb-a458-4393-963b-58eeedb8ba95|127.0.0.1:15015]|listeners:[], old=null}
2025-09-13 17:31:24,134 [13facd30-3950-4310-8b1a-93d004abbbdd@group-CF05563D4821-LeaderElection14-1] INFO  server.GrpcServerProtocolClient (GrpcServerProtocolClient.java:<init>(65)) - Build channel for 9e23e878-9bb3-42b5-8b94-e0e229812e65|127.0.0.1:15023
2025-09-13 17:31:24,135 [13facd30-3950-4310-8b1a-93d004abbbdd@group-CF05563D4821-LeaderElection14-2] INFO  server.GrpcServerProtocolClient (GrpcServerProtocolClient.java:<init>(65)) - Build channel for 36d876fb-a458-4393-963b-58eeedb8ba95|127.0.0.1:15015
2025-09-13 17:31:24,139 [grpc-default-executor-3] INFO  server.RaftServer$Division (RaftServerImpl.java:requestVote(1421)) - d3aade32-661d-499d-9068-ea1550ed8656@group-23D9289878C2: receive requestVote(PRE_VOTE, beda0dcb-37da-4cca-bea2-e222cb1bc351, group-23D9289878C2, 0, <PROTO_DEFAULT>)
2025-09-13 17:31:24,140 [grpc-default-executor-3] INFO  impl.VoteContext (VoteContext.java:log(49)) - d3aade32-661d-499d-9068-ea1550ed8656@group-23D9289878C2-FOLLOWER: accept PRE_VOTE from beda0dcb-37da-4cca-bea2-e222cb1bc351: our priority 0 <= candidate's priority 1
2025-09-13 17:31:24,140 [grpc-default-executor-3] INFO  server.RaftServer$Division (RaftServerImpl.java:requestVote(1455)) - d3aade32-661d-499d-9068-ea1550ed8656@group-23D9289878C2 replies to PRE_VOTE vote request: beda0dcb-37da-4cca-bea2-e222cb1bc351<-d3aade32-661d-499d-9068-ea1550ed8656#0:OK-t0-last:<INITIAL_VALUE>. Peer's state: d3aade32-661d-499d-9068-ea1550ed8656@group-23D9289878C2:t0, leader=null, voted=, raftlog=Memoized:d3aade32-661d-499d-9068-ea1550ed8656@group-23D9289878C2-SegmentedRaftLog:OPENED:c-1:lastnull, conf=conf: {index: -1, cur=peers:[d3aade32-661d-499d-9068-ea1550ed8656|127.0.0.1:15055, beda0dcb-37da-4cca-bea2-e222cb1bc351|127.0.0.1:15039, e114cbd1-8f45-4cc5-a8b1-e2bd6cad48a0|127.0.0.1:15047]|listeners:[], old=null}
2025-09-13 17:31:24,141 [grpc-default-executor-2] INFO  server.RaftServer$Division (RaftServerImpl.java:requestVote(1421)) - e114cbd1-8f45-4cc5-a8b1-e2bd6cad48a0@group-23D9289878C2: receive requestVote(PRE_VOTE, beda0dcb-37da-4cca-bea2-e222cb1bc351, group-23D9289878C2, 0, <PROTO_DEFAULT>)
2025-09-13 17:31:24,141 [grpc-default-executor-2] INFO  impl.VoteContext (VoteContext.java:log(49)) - e114cbd1-8f45-4cc5-a8b1-e2bd6cad48a0@group-23D9289878C2-FOLLOWER: accept PRE_VOTE from beda0dcb-37da-4cca-bea2-e222cb1bc351: our priority 0 <= candidate's priority 1
2025-09-13 17:31:24,141 [grpc-default-executor-2] INFO  server.RaftServer$Division (RaftServerImpl.java:requestVote(1455)) - e114cbd1-8f45-4cc5-a8b1-e2bd6cad48a0@group-23D9289878C2 replies to PRE_VOTE vote request: beda0dcb-37da-4cca-bea2-e222cb1bc351<-e114cbd1-8f45-4cc5-a8b1-e2bd6cad48a0#0:OK-t0-last:<INITIAL_VALUE>. Peer's state: e114cbd1-8f45-4cc5-a8b1-e2bd6cad48a0@group-23D9289878C2:t0, leader=null, voted=, raftlog=Memoized:e114cbd1-8f45-4cc5-a8b1-e2bd6cad48a0@group-23D9289878C2-SegmentedRaftLog:OPENED:c-1:lastnull, conf=conf: {index: -1, cur=peers:[d3aade32-661d-499d-9068-ea1550ed8656|127.0.0.1:15055, beda0dcb-37da-4cca-bea2-e222cb1bc351|127.0.0.1:15039, e114cbd1-8f45-4cc5-a8b1-e2bd6cad48a0|127.0.0.1:15047]|listeners:[], old=null}
2025-09-13 17:31:24,142 [beda0dcb-37da-4cca-bea2-e222cb1bc351@group-23D9289878C2-LeaderElection13] INFO  impl.LeaderElection (LeaderElection.java:logAndReturn(206)) - beda0dcb-37da-4cca-bea2-e222cb1bc351@group-23D9289878C2-LeaderElection13: PRE_VOTE PASSED received 1 response(s) and 0 exception(s):
2025-09-13 17:31:24,142 [beda0dcb-37da-4cca-bea2-e222cb1bc351@group-23D9289878C2-LeaderElection13] INFO  impl.LeaderElection (LeaderElection.java:logAndReturn(210)) -   Response 0: beda0dcb-37da-4cca-bea2-e222cb1bc351<-d3aade32-661d-499d-9068-ea1550ed8656#0:OK-t0-last:<INITIAL_VALUE>
2025-09-13 17:31:24,143 [beda0dcb-37da-4cca-bea2-e222cb1bc351@group-23D9289878C2-LeaderElection13] INFO  impl.LeaderElection (LeaderElection.java:askForVotes(450)) - beda0dcb-37da-4cca-bea2-e222cb1bc351@group-23D9289878C2-LeaderElection13 PRE_VOTE round 0: result PASSED
2025-09-13 17:31:24,143 [grpc-default-executor-3] INFO  server.RaftServer$Division (RaftServerImpl.java:requestVote(1421)) - 9e23e878-9bb3-42b5-8b94-e0e229812e65@group-CF05563D4821: receive requestVote(PRE_VOTE, 13facd30-3950-4310-8b1a-93d004abbbdd, group-CF05563D4821, 0, <PROTO_DEFAULT>)
2025-09-13 17:31:24,143 [grpc-default-executor-3] INFO  impl.VoteContext (VoteContext.java:log(49)) - 9e23e878-9bb3-42b5-8b94-e0e229812e65@group-CF05563D4821-FOLLOWER: accept PRE_VOTE from 13facd30-3950-4310-8b1a-93d004abbbdd: our priority 0 <= candidate's priority 1
2025-09-13 17:31:24,143 [grpc-default-executor-3] INFO  server.RaftServer$Division (RaftServerImpl.java:requestVote(1455)) - 9e23e878-9bb3-42b5-8b94-e0e229812e65@group-CF05563D4821 replies to PRE_VOTE vote request: 13facd30-3950-4310-8b1a-93d004abbbdd<-9e23e878-9bb3-42b5-8b94-e0e229812e65#0:OK-t0-last:<INITIAL_VALUE>. Peer's state: 9e23e878-9bb3-42b5-8b94-e0e229812e65@group-CF05563D4821:t0, leader=null, voted=, raftlog=Memoized:9e23e878-9bb3-42b5-8b94-e0e229812e65@group-CF05563D4821-SegmentedRaftLog:OPENED:c-1:lastnull, conf=conf: {index: -1, cur=peers:[9e23e878-9bb3-42b5-8b94-e0e229812e65|127.0.0.1:15023, 13facd30-3950-4310-8b1a-93d004abbbdd|127.0.0.1:15031, 36d876fb-a458-4393-963b-58eeedb8ba95|127.0.0.1:15015]|listeners:[], old=null}
2025-09-13 17:31:24,144 [grpc-default-executor-1] INFO  server.RaftServer$Division (RaftServerImpl.java:requestVote(1421)) - 36d876fb-a458-4393-963b-58eeedb8ba95@group-CF05563D4821: receive requestVote(PRE_VOTE, 13facd30-3950-4310-8b1a-93d004abbbdd, group-CF05563D4821, 0, <PROTO_DEFAULT>)
2025-09-13 17:31:24,144 [grpc-default-executor-1] INFO  impl.VoteContext (VoteContext.java:log(49)) - 36d876fb-a458-4393-963b-58eeedb8ba95@group-CF05563D4821-FOLLOWER: accept PRE_VOTE from 13facd30-3950-4310-8b1a-93d004abbbdd: our priority 0 <= candidate's priority 1
2025-09-13 17:31:24,144 [beda0dcb-37da-4cca-bea2-e222cb1bc351@group-23D9289878C2-LeaderElection13] INFO  impl.LeaderElection (LeaderElection.java:askForVotes(448)) - beda0dcb-37da-4cca-bea2-e222cb1bc351@group-23D9289878C2-LeaderElection13 ELECTION round 0: submit vote requests at term 1 for conf: {index: -1, cur=peers:[d3aade32-661d-499d-9068-ea1550ed8656|127.0.0.1:15055, beda0dcb-37da-4cca-bea2-e222cb1bc351|127.0.0.1:15039, e114cbd1-8f45-4cc5-a8b1-e2bd6cad48a0|127.0.0.1:15047]|listeners:[], old=null}
2025-09-13 17:31:24,145 [grpc-default-executor-1] INFO  server.RaftServer$Division (RaftServerImpl.java:requestVote(1455)) - 36d876fb-a458-4393-963b-58eeedb8ba95@group-CF05563D4821 replies to PRE_VOTE vote request: 13facd30-3950-4310-8b1a-93d004abbbdd<-36d876fb-a458-4393-963b-58eeedb8ba95#0:OK-t0-last:<INITIAL_VALUE>. Peer's state: 36d876fb-a458-4393-963b-58eeedb8ba95@group-CF05563D4821:t0, leader=null, voted=, raftlog=Memoized:36d876fb-a458-4393-963b-58eeedb8ba95@group-CF05563D4821-SegmentedRaftLog:OPENED:c-1:lastnull, conf=conf: {index: -1, cur=peers:[9e23e878-9bb3-42b5-8b94-e0e229812e65|127.0.0.1:15023, 13facd30-3950-4310-8b1a-93d004abbbdd|127.0.0.1:15031, 36d876fb-a458-4393-963b-58eeedb8ba95|127.0.0.1:15015]|listeners:[], old=null}
2025-09-13 17:31:24,147 [13facd30-3950-4310-8b1a-93d004abbbdd@group-CF05563D4821-LeaderElection14] INFO  impl.LeaderElection (LeaderElection.java:logAndReturn(206)) - 13facd30-3950-4310-8b1a-93d004abbbdd@group-CF05563D4821-LeaderElection14: PRE_VOTE PASSED received 1 response(s) and 0 exception(s):
2025-09-13 17:31:24,147 [13facd30-3950-4310-8b1a-93d004abbbdd@group-CF05563D4821-LeaderElection14] INFO  impl.LeaderElection (LeaderElection.java:logAndReturn(210)) -   Response 0: 13facd30-3950-4310-8b1a-93d004abbbdd<-9e23e878-9bb3-42b5-8b94-e0e229812e65#0:OK-t0-last:<INITIAL_VALUE>
2025-09-13 17:31:24,147 [13facd30-3950-4310-8b1a-93d004abbbdd@group-CF05563D4821-LeaderElection14] INFO  impl.LeaderElection (LeaderElection.java:askForVotes(450)) - 13facd30-3950-4310-8b1a-93d004abbbdd@group-CF05563D4821-LeaderElection14 PRE_VOTE round 0: result PASSED
2025-09-13 17:31:24,147 [grpc-default-executor-3] INFO  server.RaftServer$Division (RaftServerImpl.java:requestVote(1421)) - d3aade32-661d-499d-9068-ea1550ed8656@group-23D9289878C2: receive requestVote(ELECTION, beda0dcb-37da-4cca-bea2-e222cb1bc351, group-23D9289878C2, 1, <PROTO_DEFAULT>)
2025-09-13 17:31:24,148 [grpc-default-executor-3] INFO  impl.VoteContext (VoteContext.java:log(49)) - d3aade32-661d-499d-9068-ea1550ed8656@group-23D9289878C2-FOLLOWER: accept ELECTION from beda0dcb-37da-4cca-bea2-e222cb1bc351: our priority 0 <= candidate's priority 1
2025-09-13 17:31:24,148 [grpc-default-executor-3] INFO  server.RaftServer$Division (RaftServerImpl.java:setRole(392)) - d3aade32-661d-499d-9068-ea1550ed8656@group-23D9289878C2: changes role from  FOLLOWER to FOLLOWER at term 0 for candidate:beda0dcb-37da-4cca-bea2-e222cb1bc351
2025-09-13 17:31:24,148 [grpc-default-executor-3] INFO  impl.RoleInfo (RoleInfo.java:shutdownFollowerState(121)) - d3aade32-661d-499d-9068-ea1550ed8656: shutdown d3aade32-661d-499d-9068-ea1550ed8656@group-23D9289878C2-FollowerState
2025-09-13 17:31:24,148 [grpc-default-executor-3] INFO  impl.RoleInfo (RoleInfo.java:updateAndGet(148)) - d3aade32-661d-499d-9068-ea1550ed8656: start d3aade32-661d-499d-9068-ea1550ed8656@group-23D9289878C2-FollowerState
2025-09-13 17:31:24,148 [d3aade32-661d-499d-9068-ea1550ed8656@group-23D9289878C2-FollowerState] INFO  impl.FollowerState (FollowerState.java:runImpl(170)) - d3aade32-661d-499d-9068-ea1550ed8656@group-23D9289878C2-FollowerState was interrupted
2025-09-13 17:31:24,148 [grpc-default-executor-1] INFO  server.RaftServer$Division (RaftServerImpl.java:requestVote(1421)) - e114cbd1-8f45-4cc5-a8b1-e2bd6cad48a0@group-23D9289878C2: receive requestVote(ELECTION, beda0dcb-37da-4cca-bea2-e222cb1bc351, group-23D9289878C2, 1, <PROTO_DEFAULT>)
2025-09-13 17:31:24,148 [grpc-default-executor-1] INFO  impl.VoteContext (VoteContext.java:log(49)) - e114cbd1-8f45-4cc5-a8b1-e2bd6cad48a0@group-23D9289878C2-FOLLOWER: accept ELECTION from beda0dcb-37da-4cca-bea2-e222cb1bc351: our priority 0 <= candidate's priority 1
2025-09-13 17:31:24,148 [grpc-default-executor-1] INFO  server.RaftServer$Division (RaftServerImpl.java:setRole(392)) - e114cbd1-8f45-4cc5-a8b1-e2bd6cad48a0@group-23D9289878C2: changes role from  FOLLOWER to FOLLOWER at term 0 for candidate:beda0dcb-37da-4cca-bea2-e222cb1bc351
2025-09-13 17:31:24,148 [grpc-default-executor-1] INFO  impl.RoleInfo (RoleInfo.java:shutdownFollowerState(121)) - e114cbd1-8f45-4cc5-a8b1-e2bd6cad48a0: shutdown e114cbd1-8f45-4cc5-a8b1-e2bd6cad48a0@group-23D9289878C2-FollowerState
2025-09-13 17:31:24,149 [grpc-default-executor-1] INFO  impl.RoleInfo (RoleInfo.java:updateAndGet(148)) - e114cbd1-8f45-4cc5-a8b1-e2bd6cad48a0: start e114cbd1-8f45-4cc5-a8b1-e2bd6cad48a0@group-23D9289878C2-FollowerState
2025-09-13 17:31:24,149 [e114cbd1-8f45-4cc5-a8b1-e2bd6cad48a0@group-23D9289878C2-FollowerState] INFO  impl.FollowerState (FollowerState.java:runImpl(170)) - e114cbd1-8f45-4cc5-a8b1-e2bd6cad48a0@group-23D9289878C2-FollowerState was interrupted
2025-09-13 17:31:24,148 [grpc-default-executor-3] INFO  server.RaftServer$Division (RaftServerImpl.java:setFirstElection(576)) - d3aade32-661d-499d-9068-ea1550ed8656@group-23D9289878C2: set firstElectionSinceStartup to false for candidate:beda0dcb-37da-4cca-bea2-e222cb1bc351
2025-09-13 17:31:24,150 [13facd30-3950-4310-8b1a-93d004abbbdd@group-CF05563D4821-LeaderElection14] INFO  impl.LeaderElection (LeaderElection.java:askForVotes(448)) - 13facd30-3950-4310-8b1a-93d004abbbdd@group-CF05563D4821-LeaderElection14 ELECTION round 0: submit vote requests at term 1 for conf: {index: -1, cur=peers:[9e23e878-9bb3-42b5-8b94-e0e229812e65|127.0.0.1:15023, 13facd30-3950-4310-8b1a-93d004abbbdd|127.0.0.1:15031, 36d876fb-a458-4393-963b-58eeedb8ba95|127.0.0.1:15015]|listeners:[], old=null}
2025-09-13 17:31:24,152 [grpc-default-executor-3] INFO  server.RaftServer$Division (RaftServerImpl.java:requestVote(1455)) - d3aade32-661d-499d-9068-ea1550ed8656@group-23D9289878C2 replies to ELECTION vote request: beda0dcb-37da-4cca-bea2-e222cb1bc351<-d3aade32-661d-499d-9068-ea1550ed8656#0:OK-t1-last:<INITIAL_VALUE>. Peer's state: d3aade32-661d-499d-9068-ea1550ed8656@group-23D9289878C2:t1, leader=null, voted=beda0dcb-37da-4cca-bea2-e222cb1bc351, raftlog=Memoized:d3aade32-661d-499d-9068-ea1550ed8656@group-23D9289878C2-SegmentedRaftLog:OPENED:c-1:lastnull, conf=conf: {index: -1, cur=peers:[d3aade32-661d-499d-9068-ea1550ed8656|127.0.0.1:15055, beda0dcb-37da-4cca-bea2-e222cb1bc351|127.0.0.1:15039, e114cbd1-8f45-4cc5-a8b1-e2bd6cad48a0|127.0.0.1:15047]|listeners:[], old=null}
2025-09-13 17:31:24,152 [grpc-default-executor-1] INFO  server.RaftServer$Division (RaftServerImpl.java:requestVote(1455)) - e114cbd1-8f45-4cc5-a8b1-e2bd6cad48a0@group-23D9289878C2 replies to ELECTION vote request: beda0dcb-37da-4cca-bea2-e222cb1bc351<-e114cbd1-8f45-4cc5-a8b1-e2bd6cad48a0#0:OK-t1-last:<INITIAL_VALUE>. Peer's state: e114cbd1-8f45-4cc5-a8b1-e2bd6cad48a0@group-23D9289878C2:t1, leader=null, voted=beda0dcb-37da-4cca-bea2-e222cb1bc351, raftlog=Memoized:e114cbd1-8f45-4cc5-a8b1-e2bd6cad48a0@group-23D9289878C2-SegmentedRaftLog:OPENED:c-1:lastnull, conf=conf: {index: -1, cur=peers:[d3aade32-661d-499d-9068-ea1550ed8656|127.0.0.1:15055, beda0dcb-37da-4cca-bea2-e222cb1bc351|127.0.0.1:15039, e114cbd1-8f45-4cc5-a8b1-e2bd6cad48a0|127.0.0.1:15047]|listeners:[], old=null}
2025-09-13 17:31:24,153 [beda0dcb-37da-4cca-bea2-e222cb1bc351@group-23D9289878C2-LeaderElection13] INFO  impl.LeaderElection (LeaderElection.java:logAndReturn(206)) - beda0dcb-37da-4cca-bea2-e222cb1bc351@group-23D9289878C2-LeaderElection13: ELECTION PASSED received 1 response(s) and 0 exception(s):
2025-09-13 17:31:24,153 [beda0dcb-37da-4cca-bea2-e222cb1bc351@group-23D9289878C2-LeaderElection13] INFO  impl.LeaderElection (LeaderElection.java:logAndReturn(210)) -   Response 0: beda0dcb-37da-4cca-bea2-e222cb1bc351<-d3aade32-661d-499d-9068-ea1550ed8656#0:OK-t1-last:<INITIAL_VALUE>
2025-09-13 17:31:24,153 [beda0dcb-37da-4cca-bea2-e222cb1bc351@group-23D9289878C2-LeaderElection13] INFO  impl.LeaderElection (LeaderElection.java:askForVotes(450)) - beda0dcb-37da-4cca-bea2-e222cb1bc351@group-23D9289878C2-LeaderElection13 ELECTION round 0: result PASSED
2025-09-13 17:31:24,153 [beda0dcb-37da-4cca-bea2-e222cb1bc351@group-23D9289878C2-LeaderElection13] INFO  impl.RoleInfo (RoleInfo.java:shutdownLeaderElection(141)) - beda0dcb-37da-4cca-bea2-e222cb1bc351: shutdown beda0dcb-37da-4cca-bea2-e222cb1bc351@group-23D9289878C2-LeaderElection13
2025-09-13 17:31:24,153 [beda0dcb-37da-4cca-bea2-e222cb1bc351@group-23D9289878C2-LeaderElection13] INFO  server.RaftServer$Division (RaftServerImpl.java:setRole(392)) - beda0dcb-37da-4cca-bea2-e222cb1bc351@group-23D9289878C2: changes role from CANDIDATE to LEADER at term 1 for changeToLeader
2025-09-13 17:31:24,154 [beda0dcb-37da-4cca-bea2-e222cb1bc351@group-23D9289878C2-LeaderElection13] INFO  server.RaftServerConfigKeys (ConfUtils.java:logFallback(69)) - raft.server.staging.timeout = 3600ms (fallback to raft.server.rpc.timeout.max)
2025-09-13 17:31:24,154 [beda0dcb-37da-4cca-bea2-e222cb1bc351@group-23D9289878C2-LeaderElection13] INFO  server.RaftServerConfigKeys (ConfUtils.java:logGet(62)) - raft.server.write.byte-limit = 1024 M (=1073741824) (custom)
2025-09-13 17:31:24,154 [grpc-default-executor-3] INFO  server.RaftServer$Division (RaftServerImpl.java:requestVote(1421)) - 9e23e878-9bb3-42b5-8b94-e0e229812e65@group-CF05563D4821: receive requestVote(ELECTION, 13facd30-3950-4310-8b1a-93d004abbbdd, group-CF05563D4821, 1, <PROTO_DEFAULT>)
2025-09-13 17:31:24,154 [grpc-default-executor-3] INFO  impl.VoteContext (VoteContext.java:log(49)) - 9e23e878-9bb3-42b5-8b94-e0e229812e65@group-CF05563D4821-FOLLOWER: accept ELECTION from 13facd30-3950-4310-8b1a-93d004abbbdd: our priority 0 <= candidate's priority 1
2025-09-13 17:31:24,154 [grpc-default-executor-3] INFO  server.RaftServer$Division (RaftServerImpl.java:setRole(392)) - 9e23e878-9bb3-42b5-8b94-e0e229812e65@group-CF05563D4821: changes role from  FOLLOWER to FOLLOWER at term 0 for candidate:13facd30-3950-4310-8b1a-93d004abbbdd
2025-09-13 17:31:24,154 [grpc-default-executor-3] INFO  impl.RoleInfo (RoleInfo.java:shutdownFollowerState(121)) - 9e23e878-9bb3-42b5-8b94-e0e229812e65: shutdown 9e23e878-9bb3-42b5-8b94-e0e229812e65@group-CF05563D4821-FollowerState
2025-09-13 17:31:24,154 [grpc-default-executor-3] INFO  impl.RoleInfo (RoleInfo.java:updateAndGet(148)) - 9e23e878-9bb3-42b5-8b94-e0e229812e65: start 9e23e878-9bb3-42b5-8b94-e0e229812e65@group-CF05563D4821-FollowerState
2025-09-13 17:31:24,155 [9e23e878-9bb3-42b5-8b94-e0e229812e65@group-CF05563D4821-FollowerState] INFO  impl.FollowerState (FollowerState.java:runImpl(170)) - 9e23e878-9bb3-42b5-8b94-e0e229812e65@group-CF05563D4821-FollowerState was interrupted
2025-09-13 17:31:24,155 [grpc-default-executor-1] INFO  server.RaftServer$Division (RaftServerImpl.java:requestVote(1421)) - 36d876fb-a458-4393-963b-58eeedb8ba95@group-CF05563D4821: receive requestVote(ELECTION, 13facd30-3950-4310-8b1a-93d004abbbdd, group-CF05563D4821, 1, <PROTO_DEFAULT>)
2025-09-13 17:31:24,155 [grpc-default-executor-1] INFO  impl.VoteContext (VoteContext.java:log(49)) - 36d876fb-a458-4393-963b-58eeedb8ba95@group-CF05563D4821-FOLLOWER: accept ELECTION from 13facd30-3950-4310-8b1a-93d004abbbdd: our priority 0 <= candidate's priority 1
2025-09-13 17:31:24,155 [grpc-default-executor-1] INFO  server.RaftServer$Division (RaftServerImpl.java:setRole(392)) - 36d876fb-a458-4393-963b-58eeedb8ba95@group-CF05563D4821: changes role from  FOLLOWER to FOLLOWER at term 0 for candidate:13facd30-3950-4310-8b1a-93d004abbbdd
2025-09-13 17:31:24,155 [grpc-default-executor-1] INFO  impl.RoleInfo (RoleInfo.java:shutdownFollowerState(121)) - 36d876fb-a458-4393-963b-58eeedb8ba95: shutdown 36d876fb-a458-4393-963b-58eeedb8ba95@group-CF05563D4821-FollowerState
2025-09-13 17:31:24,155 [grpc-default-executor-1] INFO  impl.RoleInfo (RoleInfo.java:updateAndGet(148)) - 36d876fb-a458-4393-963b-58eeedb8ba95: start 36d876fb-a458-4393-963b-58eeedb8ba95@group-CF05563D4821-FollowerState
2025-09-13 17:31:24,155 [ForkJoinPool-1-worker-1] INFO  ozone.MiniOzoneClusterImpl (MiniOzoneClusterImpl.java:lambda$waitForClusterToBeReady$0(181)) - Nodes are ready. Got 10 of 10 DN Heartbeats.
2025-09-13 17:31:24,155 [ForkJoinPool-1-worker-1] INFO  ozone.MiniOzoneClusterImpl (MiniOzoneClusterImpl.java:lambda$waitForClusterToBeReady$0(184)) - Cluster exits safe mode
2025-09-13 17:31:24,156 [ForkJoinPool-1-worker-1] INFO  ozone.MiniOzoneClusterImpl (MiniOzoneClusterImpl.java:lambda$waitForClusterToBeReady$0(186)) - SCM became leader
2025-09-13 17:31:24,156 [beda0dcb-37da-4cca-bea2-e222cb1bc351@group-23D9289878C2-LeaderElection13] INFO  server.RaftServerConfigKeys (ConfUtils.java:logGet(62)) - raft.server.log.appender.buffer.byte-limit = 33554432 (custom)
2025-09-13 17:31:24,158 [beda0dcb-37da-4cca-bea2-e222cb1bc351@group-23D9289878C2-LeaderElection13] INFO  server.RaftServerConfigKeys (ConfUtils.java:logGet(62)) - raft.server.log.appender.buffer.byte-limit = 33554432 (custom)
2025-09-13 17:31:24,158 [beda0dcb-37da-4cca-bea2-e222cb1bc351@group-23D9289878C2-LeaderElection13] INFO  impl.RoleInfo (RoleInfo.java:updateAndGet(148)) - beda0dcb-37da-4cca-bea2-e222cb1bc351: start beda0dcb-37da-4cca-bea2-e222cb1bc351@group-23D9289878C2-LeaderStateImpl
2025-09-13 17:31:24,158 [beda0dcb-37da-4cca-bea2-e222cb1bc351@group-23D9289878C2-LeaderElection13] INFO  server.RaftServer$Division (RaftServerImpl.java:setFirstElection(576)) - beda0dcb-37da-4cca-bea2-e222cb1bc351@group-23D9289878C2: set firstElectionSinceStartup to false for becomeLeader
2025-09-13 17:31:24,158 [beda0dcb-37da-4cca-bea2-e222cb1bc351@group-23D9289878C2-LeaderElection13] INFO  ratis.XceiverServerRatis (XceiverServerRatis.java:handleLeaderChangedNotification(932)) - Leader change notification received for group: group-23D9289878C2 with new leaderId: beda0dcb-37da-4cca-bea2-e222cb1bc351
2025-09-13 17:31:24,158 [beda0dcb-37da-4cca-bea2-e222cb1bc351@group-23D9289878C2-LeaderElection13] INFO  server.RaftServer$Division (ServerState.java:setLeader(272)) - beda0dcb-37da-4cca-bea2-e222cb1bc351@group-23D9289878C2: change Leader from null to beda0dcb-37da-4cca-bea2-e222cb1bc351 at term 1 for becomeLeader, leader elected after 1110ms
2025-09-13 17:31:24,159 [beda0dcb-37da-4cca-bea2-e222cb1bc351@group-23D9289878C2-LeaderElection13] INFO  segmented.SegmentedRaftLogWorker (SegmentedRaftLogWorker.java:startLogSegment(440)) - beda0dcb-37da-4cca-bea2-e222cb1bc351@group-23D9289878C2-SegmentedRaftLogWorker: Starting segment from index:0
2025-09-13 17:31:24,159 [beda0dcb-37da-4cca-bea2-e222cb1bc351@group-23D9289878C2-SegmentedRaftLogWorker] INFO  segmented.BufferedWriteChannel (BufferedWriteChannel.java:open(61)) - open log_inprogress_0 at position 0
2025-09-13 17:31:24,160 [beda0dcb-37da-4cca-bea2-e222cb1bc351@group-23D9289878C2-LeaderElection13] INFO  server.RaftServer$Division (ServerState.java:setRaftConf(386)) - beda0dcb-37da-4cca-bea2-e222cb1bc351@group-23D9289878C2: set configuration conf: {index: 0, cur=peers:[d3aade32-661d-499d-9068-ea1550ed8656|127.0.0.1:15055, beda0dcb-37da-4cca-bea2-e222cb1bc351|127.0.0.1:15039, e114cbd1-8f45-4cc5-a8b1-e2bd6cad48a0|127.0.0.1:15047]|listeners:[], old=null}
2025-09-13 17:31:24,160 [grpc-default-executor-3] INFO  server.RaftServer$Division (RaftServerImpl.java:setFirstElection(576)) - 9e23e878-9bb3-42b5-8b94-e0e229812e65@group-CF05563D4821: set firstElectionSinceStartup to false for candidate:13facd30-3950-4310-8b1a-93d004abbbdd
2025-09-13 17:31:24,160 [36d876fb-a458-4393-963b-58eeedb8ba95@group-CF05563D4821-FollowerState] INFO  impl.FollowerState (FollowerState.java:runImpl(170)) - 36d876fb-a458-4393-963b-58eeedb8ba95@group-CF05563D4821-FollowerState was interrupted
2025-09-13 17:31:24,166 [EventQueue-PipelineReportForPipelineReportHandler] INFO  pipeline.PipelineReportHandler (PipelineReportHandler.java:processPipelineReport(132)) - Opened pipeline Pipeline-7755b6c1-031a-4d9a-a8c0-23d9289878c2
2025-09-13 17:31:24,169 [grpc-default-executor-3] INFO  server.RaftServer$Division (RaftServerImpl.java:requestVote(1455)) - 9e23e878-9bb3-42b5-8b94-e0e229812e65@group-CF05563D4821 replies to ELECTION vote request: 13facd30-3950-4310-8b1a-93d004abbbdd<-9e23e878-9bb3-42b5-8b94-e0e229812e65#0:OK-t1-last:<INITIAL_VALUE>. Peer's state: 9e23e878-9bb3-42b5-8b94-e0e229812e65@group-CF05563D4821:t1, leader=null, voted=13facd30-3950-4310-8b1a-93d004abbbdd, raftlog=Memoized:9e23e878-9bb3-42b5-8b94-e0e229812e65@group-CF05563D4821-SegmentedRaftLog:OPENED:c-1:lastnull, conf=conf: {index: -1, cur=peers:[9e23e878-9bb3-42b5-8b94-e0e229812e65|127.0.0.1:15023, 13facd30-3950-4310-8b1a-93d004abbbdd|127.0.0.1:15031, 36d876fb-a458-4393-963b-58eeedb8ba95|127.0.0.1:15015]|listeners:[], old=null}
2025-09-13 17:31:24,169 [grpc-default-executor-1] INFO  server.RaftServer$Division (RaftServerImpl.java:requestVote(1455)) - 36d876fb-a458-4393-963b-58eeedb8ba95@group-CF05563D4821 replies to ELECTION vote request: 13facd30-3950-4310-8b1a-93d004abbbdd<-36d876fb-a458-4393-963b-58eeedb8ba95#0:OK-t1-last:<INITIAL_VALUE>. Peer's state: 36d876fb-a458-4393-963b-58eeedb8ba95@group-CF05563D4821:t1, leader=null, voted=13facd30-3950-4310-8b1a-93d004abbbdd, raftlog=Memoized:36d876fb-a458-4393-963b-58eeedb8ba95@group-CF05563D4821-SegmentedRaftLog:OPENED:c-1:lastnull, conf=conf: {index: -1, cur=peers:[9e23e878-9bb3-42b5-8b94-e0e229812e65|127.0.0.1:15023, 13facd30-3950-4310-8b1a-93d004abbbdd|127.0.0.1:15031, 36d876fb-a458-4393-963b-58eeedb8ba95|127.0.0.1:15015]|listeners:[], old=null}
2025-09-13 17:31:24,170 [beda0dcb-37da-4cca-bea2-e222cb1bc351@group-23D9289878C2-SegmentedRaftLogWorker] INFO  segmented.SegmentedRaftLogWorker (SegmentedRaftLogWorker.java:execute(647)) - beda0dcb-37da-4cca-bea2-e222cb1bc351@group-23D9289878C2-SegmentedRaftLogWorker: created new log segment /home/runner/work/ozone/ozone/hadoop-ozone/integration-test/target/test-dir/MiniOzoneClusterImpl-1331a795-ed08-415d-924a-7661a5cf51a5/ozone-metadata/datanode-4/ratis/7755b6c1-031a-4d9a-a8c0-23d9289878c2/current/log_inprogress_0
2025-09-13 17:31:24,171 [13facd30-3950-4310-8b1a-93d004abbbdd@group-CF05563D4821-LeaderElection14] INFO  impl.LeaderElection (LeaderElection.java:logAndReturn(206)) - 13facd30-3950-4310-8b1a-93d004abbbdd@group-CF05563D4821-LeaderElection14: ELECTION PASSED received 1 response(s) and 0 exception(s):
2025-09-13 17:31:24,173 [13facd30-3950-4310-8b1a-93d004abbbdd@group-CF05563D4821-LeaderElection14] INFO  impl.LeaderElection (LeaderElection.java:logAndReturn(210)) -   Response 0: 13facd30-3950-4310-8b1a-93d004abbbdd<-36d876fb-a458-4393-963b-58eeedb8ba95#0:OK-t1-last:<INITIAL_VALUE>
2025-09-13 17:31:24,173 [13facd30-3950-4310-8b1a-93d004abbbdd@group-CF05563D4821-LeaderElection14] INFO  impl.LeaderElection (LeaderElection.java:askForVotes(450)) - 13facd30-3950-4310-8b1a-93d004abbbdd@group-CF05563D4821-LeaderElection14 ELECTION round 0: result PASSED
2025-09-13 17:31:24,174 [13facd30-3950-4310-8b1a-93d004abbbdd@group-CF05563D4821-LeaderElection14] INFO  impl.RoleInfo (RoleInfo.java:shutdownLeaderElection(141)) - 13facd30-3950-4310-8b1a-93d004abbbdd: shutdown 13facd30-3950-4310-8b1a-93d004abbbdd@group-CF05563D4821-LeaderElection14
2025-09-13 17:31:24,174 [13facd30-3950-4310-8b1a-93d004abbbdd@group-CF05563D4821-LeaderElection14] INFO  server.RaftServer$Division (RaftServerImpl.java:setRole(392)) - 13facd30-3950-4310-8b1a-93d004abbbdd@group-CF05563D4821: changes role from CANDIDATE to LEADER at term 1 for changeToLeader
2025-09-13 17:31:24,175 [13facd30-3950-4310-8b1a-93d004abbbdd@group-CF05563D4821-LeaderElection14] INFO  server.RaftServerConfigKeys (ConfUtils.java:logFallback(69)) - raft.server.staging.timeout = 3600ms (fallback to raft.server.rpc.timeout.max)
2025-09-13 17:31:24,176 [13facd30-3950-4310-8b1a-93d004abbbdd@group-CF05563D4821-LeaderElection14] INFO  server.RaftServerConfigKeys (ConfUtils.java:logGet(62)) - raft.server.write.byte-limit = 1024 M (=1073741824) (custom)
2025-09-13 17:31:24,180 [grpc-default-executor-0] INFO  ratis.XceiverServerRatis (XceiverServerRatis.java:handleLeaderChangedNotification(932)) - Leader change notification received for group: group-23D9289878C2 with new leaderId: beda0dcb-37da-4cca-bea2-e222cb1bc351
2025-09-13 17:31:24,181 [grpc-default-executor-0] INFO  server.RaftServer$Division (ServerState.java:setLeader(272)) - e114cbd1-8f45-4cc5-a8b1-e2bd6cad48a0@group-23D9289878C2: change Leader from null to beda0dcb-37da-4cca-bea2-e222cb1bc351 at term 1 for appendEntries, leader elected after 1224ms
2025-09-13 17:31:24,181 [grpc-default-executor-1] INFO  ratis.XceiverServerRatis (XceiverServerRatis.java:handleLeaderChangedNotification(932)) - Leader change notification received for group: group-23D9289878C2 with new leaderId: beda0dcb-37da-4cca-bea2-e222cb1bc351
2025-09-13 17:31:24,182 [grpc-default-executor-1] INFO  server.RaftServer$Division (ServerState.java:setLeader(272)) - d3aade32-661d-499d-9068-ea1550ed8656@group-23D9289878C2: change Leader from null to beda0dcb-37da-4cca-bea2-e222cb1bc351 at term 1 for appendEntries, leader elected after 1171ms
2025-09-13 17:31:24,183 [grpc-default-executor-3] INFO  server.RaftServer$Division (ServerState.java:setRaftConf(386)) - d3aade32-661d-499d-9068-ea1550ed8656@group-23D9289878C2: set configuration conf: {index: 0, cur=peers:[d3aade32-661d-499d-9068-ea1550ed8656|127.0.0.1:15055, beda0dcb-37da-4cca-bea2-e222cb1bc351|127.0.0.1:15039, e114cbd1-8f45-4cc5-a8b1-e2bd6cad48a0|127.0.0.1:15047]|listeners:[], old=null}
2025-09-13 17:31:24,183 [grpc-default-executor-3] INFO  segmented.SegmentedRaftLogWorker (SegmentedRaftLogWorker.java:startLogSegment(440)) - d3aade32-661d-499d-9068-ea1550ed8656@group-23D9289878C2-SegmentedRaftLogWorker: Starting segment from index:0
2025-09-13 17:31:24,182 [13facd30-3950-4310-8b1a-93d004abbbdd@group-CF05563D4821-LeaderElection14] INFO  server.RaftServerConfigKeys (ConfUtils.java:logGet(62)) - raft.server.log.appender.buffer.byte-limit = 33554432 (custom)
2025-09-13 17:31:24,183 [grpc-default-executor-4] INFO  server.RaftServer$Division (ServerState.java:setRaftConf(386)) - e114cbd1-8f45-4cc5-a8b1-e2bd6cad48a0@group-23D9289878C2: set configuration conf: {index: 0, cur=peers:[d3aade32-661d-499d-9068-ea1550ed8656|127.0.0.1:15055, beda0dcb-37da-4cca-bea2-e222cb1bc351|127.0.0.1:15039, e114cbd1-8f45-4cc5-a8b1-e2bd6cad48a0|127.0.0.1:15047]|listeners:[], old=null}
2025-09-13 17:31:24,185 [d3aade32-661d-499d-9068-ea1550ed8656@group-23D9289878C2-SegmentedRaftLogWorker] INFO  segmented.BufferedWriteChannel (BufferedWriteChannel.java:open(61)) - open log_inprogress_0 at position 0
2025-09-13 17:31:24,186 [grpc-default-executor-4] INFO  segmented.SegmentedRaftLogWorker (SegmentedRaftLogWorker.java:startLogSegment(440)) - e114cbd1-8f45-4cc5-a8b1-e2bd6cad48a0@group-23D9289878C2-SegmentedRaftLogWorker: Starting segment from index:0
2025-09-13 17:31:24,186 [e114cbd1-8f45-4cc5-a8b1-e2bd6cad48a0@group-23D9289878C2-SegmentedRaftLogWorker] INFO  segmented.BufferedWriteChannel (BufferedWriteChannel.java:open(61)) - open log_inprogress_0 at position 0
2025-09-13 17:31:24,189 [13facd30-3950-4310-8b1a-93d004abbbdd@group-CF05563D4821-LeaderElection14] INFO  server.RaftServerConfigKeys (ConfUtils.java:logGet(62)) - raft.server.log.appender.buffer.byte-limit = 33554432 (custom)
2025-09-13 17:31:24,190 [13facd30-3950-4310-8b1a-93d004abbbdd@group-CF05563D4821-LeaderElection14] INFO  impl.RoleInfo (RoleInfo.java:updateAndGet(148)) - 13facd30-3950-4310-8b1a-93d004abbbdd: start 13facd30-3950-4310-8b1a-93d004abbbdd@group-CF05563D4821-LeaderStateImpl
2025-09-13 17:31:24,190 [13facd30-3950-4310-8b1a-93d004abbbdd@group-CF05563D4821-LeaderElection14] INFO  server.RaftServer$Division (RaftServerImpl.java:setFirstElection(576)) - 13facd30-3950-4310-8b1a-93d004abbbdd@group-CF05563D4821: set firstElectionSinceStartup to false for becomeLeader
2025-09-13 17:31:24,190 [13facd30-3950-4310-8b1a-93d004abbbdd@group-CF05563D4821-LeaderElection14] INFO  ratis.XceiverServerRatis (XceiverServerRatis.java:handleLeaderChangedNotification(932)) - Leader change notification received for group: group-CF05563D4821 with new leaderId: 13facd30-3950-4310-8b1a-93d004abbbdd
2025-09-13 17:31:24,191 [13facd30-3950-4310-8b1a-93d004abbbdd@group-CF05563D4821-LeaderElection14] INFO  server.RaftServer$Division (ServerState.java:setLeader(272)) - 13facd30-3950-4310-8b1a-93d004abbbdd@group-CF05563D4821: change Leader from null to 13facd30-3950-4310-8b1a-93d004abbbdd at term 1 for becomeLeader, leader elected after 1260ms
2025-09-13 17:31:24,192 [13facd30-3950-4310-8b1a-93d004abbbdd@group-CF05563D4821-LeaderElection14] INFO  segmented.SegmentedRaftLogWorker (SegmentedRaftLogWorker.java:startLogSegment(440)) - 13facd30-3950-4310-8b1a-93d004abbbdd@group-CF05563D4821-SegmentedRaftLogWorker: Starting segment from index:0
2025-09-13 17:31:24,192 [13facd30-3950-4310-8b1a-93d004abbbdd@group-CF05563D4821-LeaderElection14] INFO  server.RaftServer$Division (ServerState.java:setRaftConf(386)) - 13facd30-3950-4310-8b1a-93d004abbbdd@group-CF05563D4821: set configuration conf: {index: 0, cur=peers:[9e23e878-9bb3-42b5-8b94-e0e229812e65|127.0.0.1:15023, 13facd30-3950-4310-8b1a-93d004abbbdd|127.0.0.1:15031, 36d876fb-a458-4393-963b-58eeedb8ba95|127.0.0.1:15015]|listeners:[], old=null}
2025-09-13 17:31:24,192 [13facd30-3950-4310-8b1a-93d004abbbdd@group-CF05563D4821-SegmentedRaftLogWorker] INFO  segmented.BufferedWriteChannel (BufferedWriteChannel.java:open(61)) - open log_inprogress_0 at position 0
2025-09-13 17:31:24,197 [9b620cf5-1dd4-4083-97bd-ff44c8fea23e-CreatePipelineCommandHandlerThread-0] INFO  server.RaftServer (RaftServerProxy.java:addNew(105)) - 9b620cf5-1dd4-4083-97bd-ff44c8fea23e: addNew group-724FD22AAE0D:[9b620cf5-1dd4-4083-97bd-ff44c8fea23e|127.0.0.1:15071] returns group-724FD22AAE0D:java.util.concurrent.CompletableFuture@7c562c0a[Not completed]
2025-09-13 17:31:24,198 [e114cbd1-8f45-4cc5-a8b1-e2bd6cad48a0@group-23D9289878C2-SegmentedRaftLogWorker] INFO  segmented.SegmentedRaftLogWorker (SegmentedRaftLogWorker.java:execute(647)) - e114cbd1-8f45-4cc5-a8b1-e2bd6cad48a0@group-23D9289878C2-SegmentedRaftLogWorker: created new log segment /home/runner/work/ozone/ozone/hadoop-ozone/integration-test/target/test-dir/MiniOzoneClusterImpl-1331a795-ed08-415d-924a-7661a5cf51a5/ozone-metadata/datanode-5/ratis/7755b6c1-031a-4d9a-a8c0-23d9289878c2/current/log_inprogress_0
2025-09-13 17:31:24,199 [d3aade32-661d-499d-9068-ea1550ed8656@group-23D9289878C2-SegmentedRaftLogWorker] INFO  segmented.SegmentedRaftLogWorker (SegmentedRaftLogWorker.java:execute(647)) - d3aade32-661d-499d-9068-ea1550ed8656@group-23D9289878C2-SegmentedRaftLogWorker: created new log segment /home/runner/work/ozone/ozone/hadoop-ozone/integration-test/target/test-dir/MiniOzoneClusterImpl-1331a795-ed08-415d-924a-7661a5cf51a5/ozone-metadata/datanode-6/ratis/7755b6c1-031a-4d9a-a8c0-23d9289878c2/current/log_inprogress_0
2025-09-13 17:31:24,201 [9b620cf5-1dd4-4083-97bd-ff44c8fea23e-groupManagement] INFO  server.RaftServer$Division (RaftServerImpl.java:<init>(268)) - 9b620cf5-1dd4-4083-97bd-ff44c8fea23e: new RaftServerImpl for group-724FD22AAE0D:[9b620cf5-1dd4-4083-97bd-ff44c8fea23e|127.0.0.1:15071] with ContainerStateMachine:uninitialized
2025-09-13 17:31:24,201 [9b620cf5-1dd4-4083-97bd-ff44c8fea23e-groupManagement] INFO  server.RaftServer$Division (ServerState.java:<init>(114)) - 9b620cf5-1dd4-4083-97bd-ff44c8fea23e@group-724FD22AAE0D: ConfigurationManager, init=conf: {index: -1, cur=peers:[9b620cf5-1dd4-4083-97bd-ff44c8fea23e|127.0.0.1:15071]|listeners:[], old=null}, confs=<EMPTY_MAP>
2025-09-13 17:31:24,202 [EventQueue-PipelineReportForPipelineReportHandler] INFO  pipeline.PipelineReportHandler (PipelineReportHandler.java:processPipelineReport(132)) - Opened pipeline Pipeline-59c25a4c-b008-4c23-bf2e-cf05563d4821
2025-09-13 17:31:24,208 [grpc-default-executor-4] INFO  ratis.XceiverServerRatis (XceiverServerRatis.java:handleLeaderChangedNotification(932)) - Leader change notification received for group: group-CF05563D4821 with new leaderId: 13facd30-3950-4310-8b1a-93d004abbbdd
2025-09-13 17:31:24,208 [grpc-default-executor-4] INFO  server.RaftServer$Division (ServerState.java:setLeader(272)) - 9e23e878-9bb3-42b5-8b94-e0e229812e65@group-CF05563D4821: change Leader from null to 13facd30-3950-4310-8b1a-93d004abbbdd at term 1 for appendEntries, leader elected after 1342ms
2025-09-13 17:31:24,211 [beda0dcb-37da-4cca-bea2-e222cb1bc351@group-23D9289878C2-StateMachineUpdater] INFO  server.RaftServer$Division (LeaderStateImpl.java:checkStartIndex(309)) - Leader beda0dcb-37da-4cca-bea2-e222cb1bc351@group-23D9289878C2-LeaderStateImpl is ready since appliedIndex == startIndex == 0
2025-09-13 17:31:24,213 [grpc-default-executor-4] INFO  server.RaftServer$Division (ServerState.java:setRaftConf(386)) - 9e23e878-9bb3-42b5-8b94-e0e229812e65@group-CF05563D4821: set configuration conf: {index: 0, cur=peers:[9e23e878-9bb3-42b5-8b94-e0e229812e65|127.0.0.1:15023, 13facd30-3950-4310-8b1a-93d004abbbdd|127.0.0.1:15031, 36d876fb-a458-4393-963b-58eeedb8ba95|127.0.0.1:15015]|listeners:[], old=null}
2025-09-13 17:31:24,214 [grpc-default-executor-4] INFO  segmented.SegmentedRaftLogWorker (SegmentedRaftLogWorker.java:startLogSegment(440)) - 9e23e878-9bb3-42b5-8b94-e0e229812e65@group-CF05563D4821-SegmentedRaftLogWorker: Starting segment from index:0
2025-09-13 17:31:24,214 [9b620cf5-1dd4-4083-97bd-ff44c8fea23e-groupManagement] INFO  server.RaftServerConfigKeys (ConfUtils.java:logGet(62)) - raft.server.storage.dir = [/home/runner/work/ozone/ozone/hadoop-ozone/integration-test/target/test-dir/MiniOzoneClusterImpl-1331a795-ed08-415d-924a-7661a5cf51a5/ozone-metadata/datanode-8/ratis] (custom)
2025-09-13 17:31:24,213 [grpc-default-executor-5] INFO  ratis.XceiverServerRatis (XceiverServerRatis.java:handleLeaderChangedNotification(932)) - Leader change notification received for group: group-CF05563D4821 with new leaderId: 13facd30-3950-4310-8b1a-93d004abbbdd
2025-09-13 17:31:24,215 [grpc-default-executor-5] INFO  server.RaftServer$Division (ServerState.java:setLeader(272)) - 36d876fb-a458-4393-963b-58eeedb8ba95@group-CF05563D4821: change Leader from null to 13facd30-3950-4310-8b1a-93d004abbbdd at term 1 for appendEntries, leader elected after 1362ms
2025-09-13 17:31:24,215 [9e23e878-9bb3-42b5-8b94-e0e229812e65@group-CF05563D4821-SegmentedRaftLogWorker] INFO  segmented.BufferedWriteChannel (BufferedWriteChannel.java:open(61)) - open log_inprogress_0 at position 0
2025-09-13 17:31:24,217 [grpc-default-executor-4] INFO  server.RaftServer$Division (ServerState.java:setRaftConf(386)) - 36d876fb-a458-4393-963b-58eeedb8ba95@group-CF05563D4821: set configuration conf: {index: 0, cur=peers:[9e23e878-9bb3-42b5-8b94-e0e229812e65|127.0.0.1:15023, 13facd30-3950-4310-8b1a-93d004abbbdd|127.0.0.1:15031, 36d876fb-a458-4393-963b-58eeedb8ba95|127.0.0.1:15015]|listeners:[], old=null}
2025-09-13 17:31:24,217 [grpc-default-executor-4] INFO  segmented.SegmentedRaftLogWorker (SegmentedRaftLogWorker.java:startLogSegment(440)) - 36d876fb-a458-4393-963b-58eeedb8ba95@group-CF05563D4821-SegmentedRaftLogWorker: Starting segment from index:0
2025-09-13 17:31:24,215 [9b620cf5-1dd4-4083-97bd-ff44c8fea23e-groupManagement] INFO  storage.RaftStorageDirectory (RaftStorageDirectoryImpl.java:analyzeStorage(138)) - The storage directory /home/runner/work/ozone/ozone/hadoop-ozone/integration-test/target/test-dir/MiniOzoneClusterImpl-1331a795-ed08-415d-924a-7661a5cf51a5/ozone-metadata/datanode-8/ratis/a81cafae-b4cb-4fcb-a31e-724fd22aae0d does not exist. Creating ...
2025-09-13 17:31:24,217 [13facd30-3950-4310-8b1a-93d004abbbdd@group-CF05563D4821-SegmentedRaftLogWorker] INFO  segmented.SegmentedRaftLogWorker (SegmentedRaftLogWorker.java:execute(647)) - 13facd30-3950-4310-8b1a-93d004abbbdd@group-CF05563D4821-SegmentedRaftLogWorker: created new log segment /home/runner/work/ozone/ozone/hadoop-ozone/integration-test/target/test-dir/MiniOzoneClusterImpl-1331a795-ed08-415d-924a-7661a5cf51a5/ozone-metadata/datanode-3/ratis/59c25a4c-b008-4c23-bf2e-cf05563d4821/current/log_inprogress_0
2025-09-13 17:31:24,218 [36d876fb-a458-4393-963b-58eeedb8ba95@group-CF05563D4821-SegmentedRaftLogWorker] INFO  segmented.BufferedWriteChannel (BufferedWriteChannel.java:open(61)) - open log_inprogress_0 at position 0
2025-09-13 17:31:24,220 [9b620cf5-1dd4-4083-97bd-ff44c8fea23e-groupManagement] INFO  storage.RaftStorageDirectory (RaftStorageDirectoryImpl.java:tryLock(229)) - Lock on /home/runner/work/ozone/ozone/hadoop-ozone/integration-test/target/test-dir/MiniOzoneClusterImpl-1331a795-ed08-415d-924a-7661a5cf51a5/ozone-metadata/datanode-8/ratis/a81cafae-b4cb-4fcb-a31e-724fd22aae0d/in_use.lock acquired by nodename 22846@localhost
2025-09-13 17:31:24,223 [9b620cf5-1dd4-4083-97bd-ff44c8fea23e-groupManagement] INFO  storage.RaftStorage (RaftStorageImpl.java:format(98)) - Storage directory /home/runner/work/ozone/ozone/hadoop-ozone/integration-test/target/test-dir/MiniOzoneClusterImpl-1331a795-ed08-415d-924a-7661a5cf51a5/ozone-metadata/datanode-8/ratis/a81cafae-b4cb-4fcb-a31e-724fd22aae0d has been successfully formatted.
2025-09-13 17:31:24,224 [9b620cf5-1dd4-4083-97bd-ff44c8fea23e-groupManagement] INFO  ratis.ContainerStateMachine (ContainerStateMachine.java:initialize(339)) - 9b620cf5-1dd4-4083-97bd-ff44c8fea23e: initialize group-724FD22AAE0D
2025-09-13 17:31:24,224 [9b620cf5-1dd4-4083-97bd-ff44c8fea23e-groupManagement] INFO  ratis.ContainerStateMachine (ContainerStateMachine.java:loadSnapshot(347)) - group-724FD22AAE0D: The snapshot info is null. Setting the last applied index to:<INITIAL_VALUE>
2025-09-13 17:31:24,224 [9b620cf5-1dd4-4083-97bd-ff44c8fea23e-groupManagement] INFO  server.RaftServerConfigKeys (ConfUtils.java:logGet(62)) - raft.server.log.appender.buffer.byte-limit = 33554432 (custom)
2025-09-13 17:31:24,228 [9b620cf5-1dd4-4083-97bd-ff44c8fea23e-groupManagement] INFO  server.RaftServerConfigKeys (ConfUtils.java:logGet(62)) - raft.server.log.segment.size.max = 67108864 (custom)
2025-09-13 17:31:24,228 [9b620cf5-1dd4-4083-97bd-ff44c8fea23e-groupManagement] INFO  server.RaftServerConfigKeys (ConfUtils.java:logGet(62)) - raft.server.log.appender.buffer.byte-limit = 33554432 (custom)
2025-09-13 17:31:24,228 [9b620cf5-1dd4-4083-97bd-ff44c8fea23e-groupManagement] INFO  util.AwaitToRun (AwaitToRun.java:start(81)) - Thread[#1431,9b620cf5-1dd4-4083-97bd-ff44c8fea23e@group-724FD22AAE0D-cacheEviction-AwaitToRun,5,main] started
2025-09-13 17:31:24,228 [9b620cf5-1dd4-4083-97bd-ff44c8fea23e-groupManagement] INFO  segmented.SegmentedRaftLogWorker (SegmentedRaftLogWorker.java:<init>(190)) - new 9b620cf5-1dd4-4083-97bd-ff44c8fea23e@group-724FD22AAE0D-SegmentedRaftLogWorker for RaftStorageImpl:Storage Directory /home/runner/work/ozone/ozone/hadoop-ozone/integration-test/target/test-dir/MiniOzoneClusterImpl-1331a795-ed08-415d-924a-7661a5cf51a5/ozone-metadata/datanode-8/ratis/a81cafae-b4cb-4fcb-a31e-724fd22aae0d
2025-09-13 17:31:24,228 [9b620cf5-1dd4-4083-97bd-ff44c8fea23e-groupManagement] INFO  server.RaftServerConfigKeys (ConfUtils.java:logGet(62)) - raft.server.log.queue.byte-limit = 4294967296 (custom)
2025-09-13 17:31:24,229 [9b620cf5-1dd4-4083-97bd-ff44c8fea23e-groupManagement] INFO  server.RaftServerConfigKeys (ConfUtils.java:logGet(62)) - raft.server.log.segment.size.max = 67108864 (custom)
2025-09-13 17:31:24,229 [9b620cf5-1dd4-4083-97bd-ff44c8fea23e-groupManagement] INFO  server.RaftServerConfigKeys (ConfUtils.java:logGet(62)) - raft.server.log.preallocated.size = 4194304 (custom)
2025-09-13 17:31:24,229 [9b620cf5-1dd4-4083-97bd-ff44c8fea23e-groupManagement] INFO  server.RaftServerConfigKeys (ConfUtils.java:logGet(62)) - raft.server.log.write.buffer.size = 33554440 (custom)
2025-09-13 17:31:24,230 [36d876fb-a458-4393-963b-58eeedb8ba95@group-CF05563D4821-SegmentedRaftLogWorker] INFO  segmented.SegmentedRaftLogWorker (SegmentedRaftLogWorker.java:execute(647)) - 36d876fb-a458-4393-963b-58eeedb8ba95@group-CF05563D4821-SegmentedRaftLogWorker: created new log segment /home/runner/work/ozone/ozone/hadoop-ozone/integration-test/target/test-dir/MiniOzoneClusterImpl-1331a795-ed08-415d-924a-7661a5cf51a5/ozone-metadata/datanode-1/ratis/59c25a4c-b008-4c23-bf2e-cf05563d4821/current/log_inprogress_0
2025-09-13 17:31:24,230 [9e23e878-9bb3-42b5-8b94-e0e229812e65@group-CF05563D4821-SegmentedRaftLogWorker] INFO  segmented.SegmentedRaftLogWorker (SegmentedRaftLogWorker.java:execute(647)) - 9e23e878-9bb3-42b5-8b94-e0e229812e65@group-CF05563D4821-SegmentedRaftLogWorker: created new log segment /home/runner/work/ozone/ozone/hadoop-ozone/integration-test/target/test-dir/MiniOzoneClusterImpl-1331a795-ed08-415d-924a-7661a5cf51a5/ozone-metadata/datanode-2/ratis/59c25a4c-b008-4c23-bf2e-cf05563d4821/current/log_inprogress_0
2025-09-13 17:31:24,238 [EventQueue-PipelineReportForPipelineReportHandler] INFO  pipeline.PipelineReportHandler (PipelineReportHandler.java:processPipelineReport(132)) - Opened pipeline Pipeline-a81cafae-b4cb-4fcb-a31e-724fd22aae0d
2025-09-13 17:31:24,240 [13facd30-3950-4310-8b1a-93d004abbbdd@group-CF05563D4821-StateMachineUpdater] INFO  server.RaftServer$Division (LeaderStateImpl.java:checkStartIndex(309)) - Leader 13facd30-3950-4310-8b1a-93d004abbbdd@group-CF05563D4821-LeaderStateImpl is ready since appliedIndex == startIndex == 0
2025-09-13 17:31:24,240 [9b620cf5-1dd4-4083-97bd-ff44c8fea23e-groupManagement] INFO  server.RaftServerConfigKeys (ConfUtils.java:logGet(62)) - raft.server.log.appender.buffer.byte-limit = 33554432 (custom)
2025-09-13 17:31:24,241 [9b620cf5-1dd4-4083-97bd-ff44c8fea23e-groupManagement] INFO  segmented.SegmentedRaftLogWorker (SegmentedRaftLogWorker.java:lambda$new$0(141)) - 9b620cf5-1dd4-4083-97bd-ff44c8fea23e@group-724FD22AAE0D-SegmentedRaftLogWorker: flushIndex: setUnconditionally 0 -> -1
2025-09-13 17:31:24,242 [9b620cf5-1dd4-4083-97bd-ff44c8fea23e-groupManagement] INFO  segmented.SegmentedRaftLogWorker (SegmentedRaftLogWorker.java:lambda$new$0(141)) - 9b620cf5-1dd4-4083-97bd-ff44c8fea23e@group-724FD22AAE0D-SegmentedRaftLogWorker: safeCacheEvictIndex: setUnconditionally 0 -> -1
2025-09-13 17:31:24,242 [9b620cf5-1dd4-4083-97bd-ff44c8fea23e-groupManagement] INFO  server.RaftServer$Division (RaftServerImpl.java:start(405)) - 9b620cf5-1dd4-4083-97bd-ff44c8fea23e@group-724FD22AAE0D: start as a follower, conf=conf: {index: -1, cur=peers:[9b620cf5-1dd4-4083-97bd-ff44c8fea23e|127.0.0.1:15071]|listeners:[], old=null}
2025-09-13 17:31:24,243 [9b620cf5-1dd4-4083-97bd-ff44c8fea23e-groupManagement] INFO  server.RaftServer$Division (RaftServerImpl.java:setRole(392)) - 9b620cf5-1dd4-4083-97bd-ff44c8fea23e@group-724FD22AAE0D: changes role from      null to FOLLOWER at term 0 for startAsFollower
2025-09-13 17:31:24,243 [9b620cf5-1dd4-4083-97bd-ff44c8fea23e-groupManagement] INFO  impl.RoleInfo (RoleInfo.java:updateAndGet(148)) - 9b620cf5-1dd4-4083-97bd-ff44c8fea23e: start 9b620cf5-1dd4-4083-97bd-ff44c8fea23e@group-724FD22AAE0D-FollowerState
2025-09-13 17:31:24,244 [9b620cf5-1dd4-4083-97bd-ff44c8fea23e-groupManagement] INFO  util.JmxRegister (JmxRegister.java:tryRegister(44)) - Successfully registered JMX Bean with object name Ratis:service=RaftServer,group=group-724FD22AAE0D,id=9b620cf5-1dd4-4083-97bd-ff44c8fea23e
2025-09-13 17:31:24,244 [9b620cf5-1dd4-4083-97bd-ff44c8fea23e-groupManagement] INFO  util.JmxRegister (JmxRegister.java:register(58)) - register mxBean class org.apache.ratis.server.impl.RaftServerJmxAdapter as Ratis:service=RaftServer,group=group-724FD22AAE0D,id=9b620cf5-1dd4-4083-97bd-ff44c8fea23e
2025-09-13 17:31:24,245 [9b620cf5-1dd4-4083-97bd-ff44c8fea23e-groupManagement] INFO  server.RaftServer$Division (RaftServerImpl.java:start(419)) - 9b620cf5-1dd4-4083-97bd-ff44c8fea23e@group-724FD22AAE0D: Successfully started.
2025-09-13 17:31:24,246 [9b620cf5-1dd4-4083-97bd-ff44c8fea23e-CreatePipelineCommandHandlerThread-0] INFO  ratis.XceiverServerRatis (XceiverServerRatis.java:addGroup(831)) - Created group Pipeline-a81cafae-b4cb-4fcb-a31e-724fd22aae0d
2025-09-13 17:31:24,246 [9b620cf5-1dd4-4083-97bd-ff44c8fea23e-CreatePipelineCommandHandlerThread-0] INFO  commandhandler.CreatePipelineCommandHandler (CreatePipelineCommandHandler.java:lambda$handle$2(141)) - Created Pipeline RATIS ONE Pipeline-a81cafae-b4cb-4fcb-a31e-724fd22aae0d.
2025-09-13 17:31:24,547 [2f036b56-942d-42f4-908f-5b0be9aff918@group-3DEBD952707A-FollowerState] INFO  impl.FollowerState (FollowerState.java:runImpl(161)) - 2f036b56-942d-42f4-908f-5b0be9aff918@group-3DEBD952707A-FollowerState: change to CANDIDATE, lastRpcElapsedTime:1043087670ns, electionTimeout:1042ms
2025-09-13 17:31:24,547 [2f036b56-942d-42f4-908f-5b0be9aff918@group-3DEBD952707A-FollowerState] INFO  impl.RoleInfo (RoleInfo.java:shutdownFollowerState(121)) - 2f036b56-942d-42f4-908f-5b0be9aff918: shutdown 2f036b56-942d-42f4-908f-5b0be9aff918@group-3DEBD952707A-FollowerState
2025-09-13 17:31:24,547 [2f036b56-942d-42f4-908f-5b0be9aff918@group-3DEBD952707A-FollowerState] INFO  server.RaftServer$Division (RaftServerImpl.java:setRole(392)) - 2f036b56-942d-42f4-908f-5b0be9aff918@group-3DEBD952707A: changes role from  FOLLOWER to CANDIDATE at term 0 for changeToCandidate
2025-09-13 17:31:24,548 [2f036b56-942d-42f4-908f-5b0be9aff918@group-3DEBD952707A-FollowerState] INFO  impl.RoleInfo (RoleInfo.java:updateAndGet(148)) - 2f036b56-942d-42f4-908f-5b0be9aff918: start 2f036b56-942d-42f4-908f-5b0be9aff918@group-3DEBD952707A-LeaderElection15
2025-09-13 17:31:24,548 [2f036b56-942d-42f4-908f-5b0be9aff918@group-3DEBD952707A-LeaderElection15] INFO  impl.LeaderElection (LeaderElection.java:askForVotes(448)) - 2f036b56-942d-42f4-908f-5b0be9aff918@group-3DEBD952707A-LeaderElection15 PRE_VOTE round 0: submit vote requests at term 0 for conf: {index: -1, cur=peers:[3dbe4e49-25e9-43f5-94e0-3ca31f2aaaf2|127.0.0.1:15063, 9b620cf5-1dd4-4083-97bd-ff44c8fea23e|127.0.0.1:15071, 2f036b56-942d-42f4-908f-5b0be9aff918|127.0.0.1:15079]|listeners:[], old=null}
2025-09-13 17:31:24,549 [2f036b56-942d-42f4-908f-5b0be9aff918@group-3DEBD952707A-LeaderElection15-1] INFO  server.GrpcServerProtocolClient (GrpcServerProtocolClient.java:<init>(65)) - Build channel for 3dbe4e49-25e9-43f5-94e0-3ca31f2aaaf2|127.0.0.1:15063
2025-09-13 17:31:24,549 [2f036b56-942d-42f4-908f-5b0be9aff918@group-3DEBD952707A-LeaderElection15-2] INFO  server.GrpcServerProtocolClient (GrpcServerProtocolClient.java:<init>(65)) - Build channel for 9b620cf5-1dd4-4083-97bd-ff44c8fea23e|127.0.0.1:15071
2025-09-13 17:31:24,557 [grpc-default-executor-5] INFO  server.RaftServer$Division (RaftServerImpl.java:requestVote(1421)) - 3dbe4e49-25e9-43f5-94e0-3ca31f2aaaf2@group-3DEBD952707A: receive requestVote(PRE_VOTE, 2f036b56-942d-42f4-908f-5b0be9aff918, group-3DEBD952707A, 0, <PROTO_DEFAULT>)
2025-09-13 17:31:24,557 [grpc-default-executor-5] INFO  impl.VoteContext (VoteContext.java:log(49)) - 3dbe4e49-25e9-43f5-94e0-3ca31f2aaaf2@group-3DEBD952707A-FOLLOWER: reject PRE_VOTE from 2f036b56-942d-42f4-908f-5b0be9aff918: our priority 1 > candidate's priority 0
2025-09-13 17:31:24,557 [grpc-default-executor-4] INFO  server.RaftServer$Division (RaftServerImpl.java:requestVote(1421)) - 9b620cf5-1dd4-4083-97bd-ff44c8fea23e@group-3DEBD952707A: receive requestVote(PRE_VOTE, 2f036b56-942d-42f4-908f-5b0be9aff918, group-3DEBD952707A, 0, <PROTO_DEFAULT>)
2025-09-13 17:31:24,557 [grpc-default-executor-4] INFO  impl.VoteContext (VoteContext.java:log(49)) - 9b620cf5-1dd4-4083-97bd-ff44c8fea23e@group-3DEBD952707A-FOLLOWER: accept PRE_VOTE from 2f036b56-942d-42f4-908f-5b0be9aff918: our priority 0 <= candidate's priority 0
2025-09-13 17:31:24,557 [grpc-default-executor-4] INFO  server.RaftServer$Division (RaftServerImpl.java:requestVote(1455)) - 9b620cf5-1dd4-4083-97bd-ff44c8fea23e@group-3DEBD952707A replies to PRE_VOTE vote request: 2f036b56-942d-42f4-908f-5b0be9aff918<-9b620cf5-1dd4-4083-97bd-ff44c8fea23e#0:OK-t0-last:<INITIAL_VALUE>. Peer's state: 9b620cf5-1dd4-4083-97bd-ff44c8fea23e@group-3DEBD952707A:t0, leader=null, voted=, raftlog=Memoized:9b620cf5-1dd4-4083-97bd-ff44c8fea23e@group-3DEBD952707A-SegmentedRaftLog:OPENED:c-1:lastnull, conf=conf: {index: -1, cur=peers:[3dbe4e49-25e9-43f5-94e0-3ca31f2aaaf2|127.0.0.1:15063, 9b620cf5-1dd4-4083-97bd-ff44c8fea23e|127.0.0.1:15071, 2f036b56-942d-42f4-908f-5b0be9aff918|127.0.0.1:15079]|listeners:[], old=null}
2025-09-13 17:31:24,558 [grpc-default-executor-5] INFO  server.RaftServer$Division (RaftServerImpl.java:requestVote(1455)) - 3dbe4e49-25e9-43f5-94e0-3ca31f2aaaf2@group-3DEBD952707A replies to PRE_VOTE vote request: 2f036b56-942d-42f4-908f-5b0be9aff918<-3dbe4e49-25e9-43f5-94e0-3ca31f2aaaf2#0:FAIL-t0-last:<INITIAL_VALUE>. Peer's state: 3dbe4e49-25e9-43f5-94e0-3ca31f2aaaf2@group-3DEBD952707A:t0, leader=null, voted=, raftlog=Memoized:3dbe4e49-25e9-43f5-94e0-3ca31f2aaaf2@group-3DEBD952707A-SegmentedRaftLog:OPENED:c-1:lastnull, conf=conf: {index: -1, cur=peers:[3dbe4e49-25e9-43f5-94e0-3ca31f2aaaf2|127.0.0.1:15063, 9b620cf5-1dd4-4083-97bd-ff44c8fea23e|127.0.0.1:15071, 2f036b56-942d-42f4-908f-5b0be9aff918|127.0.0.1:15079]|listeners:[], old=null}
2025-09-13 17:31:24,559 [2f036b56-942d-42f4-908f-5b0be9aff918@group-3DEBD952707A-LeaderElection15] INFO  impl.LeaderElection (LeaderElection.java:logAndReturn(206)) - 2f036b56-942d-42f4-908f-5b0be9aff918@group-3DEBD952707A-LeaderElection15: PRE_VOTE REJECTED received 1 response(s) and 0 exception(s):
2025-09-13 17:31:24,559 [2f036b56-942d-42f4-908f-5b0be9aff918@group-3DEBD952707A-LeaderElection15] INFO  impl.LeaderElection (LeaderElection.java:logAndReturn(210)) -   Response 0: 2f036b56-942d-42f4-908f-5b0be9aff918<-3dbe4e49-25e9-43f5-94e0-3ca31f2aaaf2#0:FAIL-t0-last:<INITIAL_VALUE>
2025-09-13 17:31:24,559 [2f036b56-942d-42f4-908f-5b0be9aff918@group-3DEBD952707A-LeaderElection15] INFO  impl.LeaderElection (LeaderElection.java:askForVotes(450)) - 2f036b56-942d-42f4-908f-5b0be9aff918@group-3DEBD952707A-LeaderElection15 PRE_VOTE round 0: result REJECTED
2025-09-13 17:31:24,560 [2f036b56-942d-42f4-908f-5b0be9aff918@group-3DEBD952707A-LeaderElection15] INFO  server.RaftServer$Division (RaftServerImpl.java:setRole(392)) - 2f036b56-942d-42f4-908f-5b0be9aff918@group-3DEBD952707A: changes role from CANDIDATE to FOLLOWER at term 0 for REJECTED
2025-09-13 17:31:24,560 [2f036b56-942d-42f4-908f-5b0be9aff918@group-3DEBD952707A-LeaderElection15] INFO  impl.RoleInfo (RoleInfo.java:shutdownLeaderElection(141)) - 2f036b56-942d-42f4-908f-5b0be9aff918: shutdown 2f036b56-942d-42f4-908f-5b0be9aff918@group-3DEBD952707A-LeaderElection15
2025-09-13 17:31:24,560 [2f036b56-942d-42f4-908f-5b0be9aff918@group-3DEBD952707A-LeaderElection15] INFO  impl.RoleInfo (RoleInfo.java:updateAndGet(148)) - 2f036b56-942d-42f4-908f-5b0be9aff918: start 2f036b56-942d-42f4-908f-5b0be9aff918@group-3DEBD952707A-FollowerState
2025-09-13 17:31:24,560 [2f036b56-942d-42f4-908f-5b0be9aff918@group-BA744B40FD77-FollowerState] INFO  impl.FollowerState (FollowerState.java:runImpl(161)) - 2f036b56-942d-42f4-908f-5b0be9aff918@group-BA744B40FD77-FollowerState: change to CANDIDATE, lastRpcElapsedTime:1094758068ns, electionTimeout:1094ms
2025-09-13 17:31:24,560 [2f036b56-942d-42f4-908f-5b0be9aff918@group-BA744B40FD77-FollowerState] INFO  impl.RoleInfo (RoleInfo.java:shutdownFollowerState(121)) - 2f036b56-942d-42f4-908f-5b0be9aff918: shutdown 2f036b56-942d-42f4-908f-5b0be9aff918@group-BA744B40FD77-FollowerState
2025-09-13 17:31:24,560 [2f036b56-942d-42f4-908f-5b0be9aff918@group-BA744B40FD77-FollowerState] INFO  server.RaftServer$Division (RaftServerImpl.java:setRole(392)) - 2f036b56-942d-42f4-908f-5b0be9aff918@group-BA744B40FD77: changes role from  FOLLOWER to CANDIDATE at term 0 for changeToCandidate
2025-09-13 17:31:24,560 [2f036b56-942d-42f4-908f-5b0be9aff918@group-BA744B40FD77-FollowerState] INFO  impl.RoleInfo (RoleInfo.java:updateAndGet(148)) - 2f036b56-942d-42f4-908f-5b0be9aff918: start 2f036b56-942d-42f4-908f-5b0be9aff918@group-BA744B40FD77-LeaderElection16
2025-09-13 17:31:24,560 [2f036b56-942d-42f4-908f-5b0be9aff918@group-3DEBD952707A-LeaderElection15] INFO  server.RaftServer$Division (RaftServerImpl.java:setFirstElection(576)) - 2f036b56-942d-42f4-908f-5b0be9aff918@group-3DEBD952707A: set firstElectionSinceStartup to false for REJECTED
2025-09-13 17:31:24,562 [2f036b56-942d-42f4-908f-5b0be9aff918@group-BA744B40FD77-LeaderElection16] INFO  impl.LeaderElection (LeaderElection.java:askForVotes(448)) - 2f036b56-942d-42f4-908f-5b0be9aff918@group-BA744B40FD77-LeaderElection16 PRE_VOTE round 0: submit vote requests at term 0 for conf: {index: -1, cur=peers:[2f036b56-942d-42f4-908f-5b0be9aff918|127.0.0.1:15079]|listeners:[], old=null}
2025-09-13 17:31:24,562 [2f036b56-942d-42f4-908f-5b0be9aff918@group-BA744B40FD77-LeaderElection16] INFO  impl.LeaderElection (LeaderElection.java:askForVotes(450)) - 2f036b56-942d-42f4-908f-5b0be9aff918@group-BA744B40FD77-LeaderElection16 PRE_VOTE round 0: result PASSED (term=0)
2025-09-13 17:31:24,566 [2f036b56-942d-42f4-908f-5b0be9aff918@group-BA744B40FD77-LeaderElection16] INFO  impl.LeaderElection (LeaderElection.java:askForVotes(448)) - 2f036b56-942d-42f4-908f-5b0be9aff918@group-BA744B40FD77-LeaderElection16 ELECTION round 0: submit vote requests at term 1 for conf: {index: -1, cur=peers:[2f036b56-942d-42f4-908f-5b0be9aff918|127.0.0.1:15079]|listeners:[], old=null}
2025-09-13 17:31:24,566 [2f036b56-942d-42f4-908f-5b0be9aff918@group-BA744B40FD77-LeaderElection16] INFO  impl.LeaderElection (LeaderElection.java:askForVotes(450)) - 2f036b56-942d-42f4-908f-5b0be9aff918@group-BA744B40FD77-LeaderElection16 ELECTION round 0: result PASSED (term=1)
2025-09-13 17:31:24,567 [2f036b56-942d-42f4-908f-5b0be9aff918@group-BA744B40FD77-LeaderElection16] INFO  impl.RoleInfo (RoleInfo.java:shutdownLeaderElection(141)) - 2f036b56-942d-42f4-908f-5b0be9aff918: shutdown 2f036b56-942d-42f4-908f-5b0be9aff918@group-BA744B40FD77-LeaderElection16
2025-09-13 17:31:24,567 [2f036b56-942d-42f4-908f-5b0be9aff918@group-BA744B40FD77-LeaderElection16] INFO  server.RaftServer$Division (RaftServerImpl.java:setRole(392)) - 2f036b56-942d-42f4-908f-5b0be9aff918@group-BA744B40FD77: changes role from CANDIDATE to LEADER at term 1 for changeToLeader
2025-09-13 17:31:24,567 [2f036b56-942d-42f4-908f-5b0be9aff918@group-BA744B40FD77-LeaderElection16] INFO  server.RaftServerConfigKeys (ConfUtils.java:logFallback(69)) - raft.server.staging.timeout = 3600ms (fallback to raft.server.rpc.timeout.max)
2025-09-13 17:31:24,567 [2f036b56-942d-42f4-908f-5b0be9aff918@group-BA744B40FD77-LeaderElection16] INFO  server.RaftServerConfigKeys (ConfUtils.java:logGet(62)) - raft.server.write.byte-limit = 1024 M (=1073741824) (custom)
2025-09-13 17:31:24,568 [2f036b56-942d-42f4-908f-5b0be9aff918@group-BA744B40FD77-LeaderElection16] INFO  impl.RoleInfo (RoleInfo.java:updateAndGet(148)) - 2f036b56-942d-42f4-908f-5b0be9aff918: start 2f036b56-942d-42f4-908f-5b0be9aff918@group-BA744B40FD77-LeaderStateImpl
2025-09-13 17:31:24,569 [2f036b56-942d-42f4-908f-5b0be9aff918@group-BA744B40FD77-LeaderElection16] INFO  server.RaftServer$Division (RaftServerImpl.java:setFirstElection(576)) - 2f036b56-942d-42f4-908f-5b0be9aff918@group-BA744B40FD77: set firstElectionSinceStartup to false for becomeLeader
2025-09-13 17:31:24,569 [2f036b56-942d-42f4-908f-5b0be9aff918@group-BA744B40FD77-LeaderElection16] INFO  ratis.XceiverServerRatis (XceiverServerRatis.java:handleLeaderChangedNotification(932)) - Leader change notification received for group: group-BA744B40FD77 with new leaderId: 2f036b56-942d-42f4-908f-5b0be9aff918
2025-09-13 17:31:24,569 [2f036b56-942d-42f4-908f-5b0be9aff918@group-BA744B40FD77-LeaderElection16] INFO  server.RaftServer$Division (ServerState.java:setLeader(272)) - 2f036b56-942d-42f4-908f-5b0be9aff918@group-BA744B40FD77: change Leader from null to 2f036b56-942d-42f4-908f-5b0be9aff918 at term 1 for becomeLeader, leader elected after 1141ms
2025-09-13 17:31:24,569 [2f036b56-942d-42f4-908f-5b0be9aff918@group-BA744B40FD77-LeaderElection16] INFO  segmented.SegmentedRaftLogWorker (SegmentedRaftLogWorker.java:startLogSegment(440)) - 2f036b56-942d-42f4-908f-5b0be9aff918@group-BA744B40FD77-SegmentedRaftLogWorker: Starting segment from index:0
2025-09-13 17:31:24,569 [2f036b56-942d-42f4-908f-5b0be9aff918@group-BA744B40FD77-LeaderElection16] INFO  server.RaftServer$Division (ServerState.java:setRaftConf(386)) - 2f036b56-942d-42f4-908f-5b0be9aff918@group-BA744B40FD77: set configuration conf: {index: 0, cur=peers:[2f036b56-942d-42f4-908f-5b0be9aff918|127.0.0.1:15079]|listeners:[], old=null}
2025-09-13 17:31:24,570 [2f036b56-942d-42f4-908f-5b0be9aff918@group-BA744B40FD77-SegmentedRaftLogWorker] INFO  segmented.BufferedWriteChannel (BufferedWriteChannel.java:open(61)) - open log_inprogress_0 at position 0
2025-09-13 17:31:24,577 [2f036b56-942d-42f4-908f-5b0be9aff918@group-BA744B40FD77-SegmentedRaftLogWorker] INFO  segmented.SegmentedRaftLogWorker (SegmentedRaftLogWorker.java:execute(647)) - 2f036b56-942d-42f4-908f-5b0be9aff918@group-BA744B40FD77-SegmentedRaftLogWorker: created new log segment /home/runner/work/ozone/ozone/hadoop-ozone/integration-test/target/test-dir/MiniOzoneClusterImpl-1331a795-ed08-415d-924a-7661a5cf51a5/ozone-metadata/datanode-9/ratis/5d67dbf1-7614-46d7-97b5-ba744b40fd77/current/log_inprogress_0
2025-09-13 17:31:24,579 [2f036b56-942d-42f4-908f-5b0be9aff918@group-BA744B40FD77-StateMachineUpdater] INFO  server.RaftServer$Division (LeaderStateImpl.java:checkStartIndex(309)) - Leader 2f036b56-942d-42f4-908f-5b0be9aff918@group-BA744B40FD77-LeaderStateImpl is ready since appliedIndex == startIndex == 0
2025-09-13 17:31:24,637 [ForkJoinPool-1-worker-1] INFO  rpc.RpcClient (RpcClient.java:createVolume(461)) - Creating Volume: datanodefailurehandlingtest, with runner as owner and space quota set to -1 bytes, counts quota set to -1
2025-09-13 17:31:24,650 [bc7810fa-01a5-4444-aa1e-be493a4a93df-CreatePipelineCommandHandlerThread-0] INFO  server.RaftServer (RaftServerProxy.java:addNew(105)) - bc7810fa-01a5-4444-aa1e-be493a4a93df: addNew group-AEEA5324667A:[bc7810fa-01a5-4444-aa1e-be493a4a93df|127.0.0.1:15087] returns group-AEEA5324667A:java.util.concurrent.CompletableFuture@4e4df8fc[Not completed]
2025-09-13 17:31:24,650 [om1-OMStateMachineApplyTransactionThread - 0] INFO  volume.OMVolumeCreateRequest (OMVolumeCreateRequest.java:validateAndUpdateCache(203)) - created volume:datanodefailurehandlingtest for user:runner
2025-09-13 17:31:24,652 [bc7810fa-01a5-4444-aa1e-be493a4a93df-groupManagement] INFO  server.RaftServer$Division (RaftServerImpl.java:<init>(268)) - bc7810fa-01a5-4444-aa1e-be493a4a93df: new RaftServerImpl for group-AEEA5324667A:[bc7810fa-01a5-4444-aa1e-be493a4a93df|127.0.0.1:15087] with ContainerStateMachine:uninitialized
2025-09-13 17:31:24,653 [bc7810fa-01a5-4444-aa1e-be493a4a93df-groupManagement] INFO  server.RaftServer$Division (ServerState.java:<init>(114)) - bc7810fa-01a5-4444-aa1e-be493a4a93df@group-AEEA5324667A: ConfigurationManager, init=conf: {index: -1, cur=peers:[bc7810fa-01a5-4444-aa1e-be493a4a93df|127.0.0.1:15087]|listeners:[], old=null}, confs=<EMPTY_MAP>
2025-09-13 17:31:24,657 [bc7810fa-01a5-4444-aa1e-be493a4a93df-groupManagement] INFO  server.RaftServerConfigKeys (ConfUtils.java:logGet(62)) - raft.server.storage.dir = [/home/runner/work/ozone/ozone/hadoop-ozone/integration-test/target/test-dir/MiniOzoneClusterImpl-1331a795-ed08-415d-924a-7661a5cf51a5/ozone-metadata/datanode-10/ratis] (custom)
2025-09-13 17:31:24,657 [bc7810fa-01a5-4444-aa1e-be493a4a93df-groupManagement] INFO  storage.RaftStorageDirectory (RaftStorageDirectoryImpl.java:analyzeStorage(138)) - The storage directory /home/runner/work/ozone/ozone/hadoop-ozone/integration-test/target/test-dir/MiniOzoneClusterImpl-1331a795-ed08-415d-924a-7661a5cf51a5/ozone-metadata/datanode-10/ratis/fddb1414-a33a-4ec7-a763-aeea5324667a does not exist. Creating ...
2025-09-13 17:31:24,659 [bc7810fa-01a5-4444-aa1e-be493a4a93df-groupManagement] INFO  storage.RaftStorageDirectory (RaftStorageDirectoryImpl.java:tryLock(229)) - Lock on /home/runner/work/ozone/ozone/hadoop-ozone/integration-test/target/test-dir/MiniOzoneClusterImpl-1331a795-ed08-415d-924a-7661a5cf51a5/ozone-metadata/datanode-10/ratis/fddb1414-a33a-4ec7-a763-aeea5324667a/in_use.lock acquired by nodename 22846@localhost
2025-09-13 17:31:24,660 [bc7810fa-01a5-4444-aa1e-be493a4a93df-groupManagement] INFO  storage.RaftStorage (RaftStorageImpl.java:format(98)) - Storage directory /home/runner/work/ozone/ozone/hadoop-ozone/integration-test/target/test-dir/MiniOzoneClusterImpl-1331a795-ed08-415d-924a-7661a5cf51a5/ozone-metadata/datanode-10/ratis/fddb1414-a33a-4ec7-a763-aeea5324667a has been successfully formatted.
2025-09-13 17:31:24,660 [bc7810fa-01a5-4444-aa1e-be493a4a93df-groupManagement] INFO  ratis.ContainerStateMachine (ContainerStateMachine.java:initialize(339)) - bc7810fa-01a5-4444-aa1e-be493a4a93df: initialize group-AEEA5324667A
2025-09-13 17:31:24,660 [bc7810fa-01a5-4444-aa1e-be493a4a93df-groupManagement] INFO  ratis.ContainerStateMachine (ContainerStateMachine.java:loadSnapshot(347)) - group-AEEA5324667A: The snapshot info is null. Setting the last applied index to:<INITIAL_VALUE>
2025-09-13 17:31:24,660 [bc7810fa-01a5-4444-aa1e-be493a4a93df-groupManagement] INFO  server.RaftServerConfigKeys (ConfUtils.java:logGet(62)) - raft.server.log.appender.buffer.byte-limit = 33554432 (custom)
2025-09-13 17:31:24,663 [bc7810fa-01a5-4444-aa1e-be493a4a93df-groupManagement] INFO  server.RaftServerConfigKeys (ConfUtils.java:logGet(62)) - raft.server.log.segment.size.max = 67108864 (custom)
2025-09-13 17:31:24,663 [bc7810fa-01a5-4444-aa1e-be493a4a93df-groupManagement] INFO  server.RaftServerConfigKeys (ConfUtils.java:logGet(62)) - raft.server.log.appender.buffer.byte-limit = 33554432 (custom)
2025-09-13 17:31:24,664 [bc7810fa-01a5-4444-aa1e-be493a4a93df-groupManagement] INFO  util.AwaitToRun (AwaitToRun.java:start(81)) - Thread[#1447,bc7810fa-01a5-4444-aa1e-be493a4a93df@group-AEEA5324667A-cacheEviction-AwaitToRun,5,main] started
2025-09-13 17:31:24,665 [bc7810fa-01a5-4444-aa1e-be493a4a93df-groupManagement] INFO  segmented.SegmentedRaftLogWorker (SegmentedRaftLogWorker.java:<init>(190)) - new bc7810fa-01a5-4444-aa1e-be493a4a93df@group-AEEA5324667A-SegmentedRaftLogWorker for RaftStorageImpl:Storage Directory /home/runner/work/ozone/ozone/hadoop-ozone/integration-test/target/test-dir/MiniOzoneClusterImpl-1331a795-ed08-415d-924a-7661a5cf51a5/ozone-metadata/datanode-10/ratis/fddb1414-a33a-4ec7-a763-aeea5324667a
2025-09-13 17:31:24,665 [bc7810fa-01a5-4444-aa1e-be493a4a93df-groupManagement] INFO  server.RaftServerConfigKeys (ConfUtils.java:logGet(62)) - raft.server.log.queue.byte-limit = 4294967296 (custom)
2025-09-13 17:31:24,665 [bc7810fa-01a5-4444-aa1e-be493a4a93df-groupManagement] INFO  server.RaftServerConfigKeys (ConfUtils.java:logGet(62)) - raft.server.log.segment.size.max = 67108864 (custom)
2025-09-13 17:31:24,665 [bc7810fa-01a5-4444-aa1e-be493a4a93df-groupManagement] INFO  server.RaftServerConfigKeys (ConfUtils.java:logGet(62)) - raft.server.log.preallocated.size = 4194304 (custom)
2025-09-13 17:31:24,665 [bc7810fa-01a5-4444-aa1e-be493a4a93df-groupManagement] INFO  server.RaftServerConfigKeys (ConfUtils.java:logGet(62)) - raft.server.log.write.buffer.size = 33554440 (custom)
2025-09-13 17:31:24,666 [ForkJoinPool-1-worker-1] INFO  rpc.RpcClient (RpcClient.java:createBucket(686)) - Creating Bucket: datanodefailurehandlingtest/datanodefailurehandlingtest, with server-side default bucket layout, runner as owner, Versioning false, Storage Type set to DISK and Encryption set to false, Replication Type set to server-side default replication type, Namespace Quota set to -1, Space Quota set to -1 
2025-09-13 17:31:24,667 [EventQueue-PipelineReportForPipelineReportHandler] INFO  pipeline.PipelineReportHandler (PipelineReportHandler.java:processPipelineReport(132)) - Opened pipeline Pipeline-fddb1414-a33a-4ec7-a763-aeea5324667a
2025-09-13 17:31:24,671 [bc7810fa-01a5-4444-aa1e-be493a4a93df-groupManagement] INFO  server.RaftServerConfigKeys (ConfUtils.java:logGet(62)) - raft.server.log.appender.buffer.byte-limit = 33554432 (custom)
2025-09-13 17:31:24,671 [bc7810fa-01a5-4444-aa1e-be493a4a93df-groupManagement] INFO  segmented.SegmentedRaftLogWorker (SegmentedRaftLogWorker.java:lambda$new$0(141)) - bc7810fa-01a5-4444-aa1e-be493a4a93df@group-AEEA5324667A-SegmentedRaftLogWorker: flushIndex: setUnconditionally 0 -> -1
2025-09-13 17:31:24,672 [bc7810fa-01a5-4444-aa1e-be493a4a93df-groupManagement] INFO  segmented.SegmentedRaftLogWorker (SegmentedRaftLogWorker.java:lambda$new$0(141)) - bc7810fa-01a5-4444-aa1e-be493a4a93df@group-AEEA5324667A-SegmentedRaftLogWorker: safeCacheEvictIndex: setUnconditionally 0 -> -1
2025-09-13 17:31:24,672 [bc7810fa-01a5-4444-aa1e-be493a4a93df-groupManagement] INFO  server.RaftServer$Division (RaftServerImpl.java:start(405)) - bc7810fa-01a5-4444-aa1e-be493a4a93df@group-AEEA5324667A: start as a follower, conf=conf: {index: -1, cur=peers:[bc7810fa-01a5-4444-aa1e-be493a4a93df|127.0.0.1:15087]|listeners:[], old=null}
2025-09-13 17:31:24,672 [bc7810fa-01a5-4444-aa1e-be493a4a93df-groupManagement] INFO  server.RaftServer$Division (RaftServerImpl.java:setRole(392)) - bc7810fa-01a5-4444-aa1e-be493a4a93df@group-AEEA5324667A: changes role from      null to FOLLOWER at term 0 for startAsFollower
2025-09-13 17:31:24,673 [bc7810fa-01a5-4444-aa1e-be493a4a93df-groupManagement] INFO  impl.RoleInfo (RoleInfo.java:updateAndGet(148)) - bc7810fa-01a5-4444-aa1e-be493a4a93df: start bc7810fa-01a5-4444-aa1e-be493a4a93df@group-AEEA5324667A-FollowerState
2025-09-13 17:31:24,673 [bc7810fa-01a5-4444-aa1e-be493a4a93df-groupManagement] INFO  util.JmxRegister (JmxRegister.java:tryRegister(44)) - Successfully registered JMX Bean with object name Ratis:service=RaftServer,group=group-AEEA5324667A,id=bc7810fa-01a5-4444-aa1e-be493a4a93df
2025-09-13 17:31:24,673 [bc7810fa-01a5-4444-aa1e-be493a4a93df-groupManagement] INFO  util.JmxRegister (JmxRegister.java:register(58)) - register mxBean class org.apache.ratis.server.impl.RaftServerJmxAdapter as Ratis:service=RaftServer,group=group-AEEA5324667A,id=bc7810fa-01a5-4444-aa1e-be493a4a93df
2025-09-13 17:31:24,674 [bc7810fa-01a5-4444-aa1e-be493a4a93df-groupManagement] INFO  server.RaftServer$Division (RaftServerImpl.java:start(419)) - bc7810fa-01a5-4444-aa1e-be493a4a93df@group-AEEA5324667A: Successfully started.
2025-09-13 17:31:24,675 [bc7810fa-01a5-4444-aa1e-be493a4a93df-CreatePipelineCommandHandlerThread-0] INFO  ratis.XceiverServerRatis (XceiverServerRatis.java:addGroup(831)) - Created group Pipeline-fddb1414-a33a-4ec7-a763-aeea5324667a
2025-09-13 17:31:24,675 [bc7810fa-01a5-4444-aa1e-be493a4a93df-CreatePipelineCommandHandlerThread-0] INFO  commandhandler.CreatePipelineCommandHandler (CreatePipelineCommandHandler.java:lambda$handle$2(141)) - Created Pipeline RATIS ONE Pipeline-fddb1414-a33a-4ec7-a763-aeea5324667a.
2025-09-13 17:31:24,679 [om1-OMStateMachineApplyTransactionThread - 0] INFO  bucket.OMBucketCreateRequest (OMBucketCreateRequest.java:validateAndUpdateCache(292)) - created bucket: datanodefailurehandlingtest of layout FILE_SYSTEM_OPTIMIZED in volume: datanodefailurehandlingtest
2025-09-13 17:31:24,741 [IPC Server handler 0 on default port 15001] INFO  ha.SequenceIdGenerator (SequenceIdGenerator.java:getNextId(135)) - Allocate a batch for containerId, change lastId from 0 to 1000.
2025-09-13 17:31:24,750 [22454e81-7bda-41d4-8b71-c0b680f2e12d@group-7661A5CF51A5-StateMachineUpdater] WARN  ha.SequenceIdGenerator (SequenceIdGenerator.java:allocateBatch(248)) - Failed to allocate a batch for localId, expected lastId is 0, actual lastId is 115816896921600000.
2025-09-13 17:31:24,752 [IPC Server handler 0 on default port 15001] INFO  ha.SequenceIdGenerator (SequenceIdGenerator.java:getNextId(135)) - Allocate a batch for localId, change lastId from 115816896921600000 to 115816896921601000.
2025-09-13 17:31:24,753 [d3aade32-661d-499d-9068-ea1550ed8656@group-A2CF3D226E33-FollowerState] INFO  impl.FollowerState (FollowerState.java:runImpl(161)) - d3aade32-661d-499d-9068-ea1550ed8656@group-A2CF3D226E33-FollowerState: change to CANDIDATE, lastRpcElapsedTime:1005077721ns, electionTimeout:1004ms
2025-09-13 17:31:24,753 [d3aade32-661d-499d-9068-ea1550ed8656@group-A2CF3D226E33-FollowerState] INFO  impl.RoleInfo (RoleInfo.java:shutdownFollowerState(121)) - d3aade32-661d-499d-9068-ea1550ed8656: shutdown d3aade32-661d-499d-9068-ea1550ed8656@group-A2CF3D226E33-FollowerState
2025-09-13 17:31:24,753 [d3aade32-661d-499d-9068-ea1550ed8656@group-A2CF3D226E33-FollowerState] INFO  server.RaftServer$Division (RaftServerImpl.java:setRole(392)) - d3aade32-661d-499d-9068-ea1550ed8656@group-A2CF3D226E33: changes role from  FOLLOWER to CANDIDATE at term 0 for changeToCandidate
2025-09-13 17:31:24,753 [d3aade32-661d-499d-9068-ea1550ed8656@group-A2CF3D226E33-FollowerState] INFO  impl.RoleInfo (RoleInfo.java:updateAndGet(148)) - d3aade32-661d-499d-9068-ea1550ed8656: start d3aade32-661d-499d-9068-ea1550ed8656@group-A2CF3D226E33-LeaderElection17
2025-09-13 17:31:24,754 [d3aade32-661d-499d-9068-ea1550ed8656@group-A2CF3D226E33-LeaderElection17] INFO  impl.LeaderElection (LeaderElection.java:askForVotes(448)) - d3aade32-661d-499d-9068-ea1550ed8656@group-A2CF3D226E33-LeaderElection17 PRE_VOTE round 0: submit vote requests at term 0 for conf: {index: -1, cur=peers:[d3aade32-661d-499d-9068-ea1550ed8656|127.0.0.1:15055]|listeners:[], old=null}
2025-09-13 17:31:24,754 [d3aade32-661d-499d-9068-ea1550ed8656@group-A2CF3D226E33-LeaderElection17] INFO  impl.LeaderElection (LeaderElection.java:askForVotes(450)) - d3aade32-661d-499d-9068-ea1550ed8656@group-A2CF3D226E33-LeaderElection17 PRE_VOTE round 0: result PASSED (term=0)
2025-09-13 17:31:24,756 [d3aade32-661d-499d-9068-ea1550ed8656@group-A2CF3D226E33-LeaderElection17] INFO  impl.LeaderElection (LeaderElection.java:askForVotes(448)) - d3aade32-661d-499d-9068-ea1550ed8656@group-A2CF3D226E33-LeaderElection17 ELECTION round 0: submit vote requests at term 1 for conf: {index: -1, cur=peers:[d3aade32-661d-499d-9068-ea1550ed8656|127.0.0.1:15055]|listeners:[], old=null}
2025-09-13 17:31:24,756 [d3aade32-661d-499d-9068-ea1550ed8656@group-A2CF3D226E33-LeaderElection17] INFO  impl.LeaderElection (LeaderElection.java:askForVotes(450)) - d3aade32-661d-499d-9068-ea1550ed8656@group-A2CF3D226E33-LeaderElection17 ELECTION round 0: result PASSED (term=1)
2025-09-13 17:31:24,756 [d3aade32-661d-499d-9068-ea1550ed8656@group-A2CF3D226E33-LeaderElection17] INFO  impl.RoleInfo (RoleInfo.java:shutdownLeaderElection(141)) - d3aade32-661d-499d-9068-ea1550ed8656: shutdown d3aade32-661d-499d-9068-ea1550ed8656@group-A2CF3D226E33-LeaderElection17
2025-09-13 17:31:24,756 [d3aade32-661d-499d-9068-ea1550ed8656@group-A2CF3D226E33-LeaderElection17] INFO  server.RaftServer$Division (RaftServerImpl.java:setRole(392)) - d3aade32-661d-499d-9068-ea1550ed8656@group-A2CF3D226E33: changes role from CANDIDATE to LEADER at term 1 for changeToLeader
2025-09-13 17:31:24,756 [d3aade32-661d-499d-9068-ea1550ed8656@group-A2CF3D226E33-LeaderElection17] INFO  server.RaftServerConfigKeys (ConfUtils.java:logFallback(69)) - raft.server.staging.timeout = 3600ms (fallback to raft.server.rpc.timeout.max)
2025-09-13 17:31:24,757 [d3aade32-661d-499d-9068-ea1550ed8656@group-A2CF3D226E33-LeaderElection17] INFO  server.RaftServerConfigKeys (ConfUtils.java:logGet(62)) - raft.server.write.byte-limit = 1024 M (=1073741824) (custom)
2025-09-13 17:31:24,758 [d3aade32-661d-499d-9068-ea1550ed8656@group-A2CF3D226E33-LeaderElection17] INFO  impl.RoleInfo (RoleInfo.java:updateAndGet(148)) - d3aade32-661d-499d-9068-ea1550ed8656: start d3aade32-661d-499d-9068-ea1550ed8656@group-A2CF3D226E33-LeaderStateImpl
2025-09-13 17:31:24,758 [d3aade32-661d-499d-9068-ea1550ed8656@group-A2CF3D226E33-LeaderElection17] INFO  server.RaftServer$Division (RaftServerImpl.java:setFirstElection(576)) - d3aade32-661d-499d-9068-ea1550ed8656@group-A2CF3D226E33: set firstElectionSinceStartup to false for becomeLeader
2025-09-13 17:31:24,758 [d3aade32-661d-499d-9068-ea1550ed8656@group-A2CF3D226E33-LeaderElection17] INFO  ratis.XceiverServerRatis (XceiverServerRatis.java:handleLeaderChangedNotification(932)) - Leader change notification received for group: group-A2CF3D226E33 with new leaderId: d3aade32-661d-499d-9068-ea1550ed8656
2025-09-13 17:31:24,758 [d3aade32-661d-499d-9068-ea1550ed8656@group-A2CF3D226E33-LeaderElection17] INFO  server.RaftServer$Division (ServerState.java:setLeader(272)) - d3aade32-661d-499d-9068-ea1550ed8656@group-A2CF3D226E33: change Leader from null to d3aade32-661d-499d-9068-ea1550ed8656 at term 1 for becomeLeader, leader elected after 1067ms
2025-09-13 17:31:24,758 [d3aade32-661d-499d-9068-ea1550ed8656@group-A2CF3D226E33-LeaderElection17] INFO  segmented.SegmentedRaftLogWorker (SegmentedRaftLogWorker.java:startLogSegment(440)) - d3aade32-661d-499d-9068-ea1550ed8656@group-A2CF3D226E33-SegmentedRaftLogWorker: Starting segment from index:0
2025-09-13 17:31:24,759 [d3aade32-661d-499d-9068-ea1550ed8656@group-A2CF3D226E33-LeaderElection17] INFO  server.RaftServer$Division (ServerState.java:setRaftConf(386)) - d3aade32-661d-499d-9068-ea1550ed8656@group-A2CF3D226E33: set configuration conf: {index: 0, cur=peers:[d3aade32-661d-499d-9068-ea1550ed8656|127.0.0.1:15055]|listeners:[], old=null}
2025-09-13 17:31:24,759 [d3aade32-661d-499d-9068-ea1550ed8656@group-A2CF3D226E33-SegmentedRaftLogWorker] INFO  segmented.BufferedWriteChannel (BufferedWriteChannel.java:open(61)) - open log_inprogress_0 at position 0
2025-09-13 17:31:24,766 [d3aade32-661d-499d-9068-ea1550ed8656@group-A2CF3D226E33-SegmentedRaftLogWorker] INFO  segmented.SegmentedRaftLogWorker (SegmentedRaftLogWorker.java:execute(647)) - d3aade32-661d-499d-9068-ea1550ed8656@group-A2CF3D226E33-SegmentedRaftLogWorker: created new log segment /home/runner/work/ozone/ozone/hadoop-ozone/integration-test/target/test-dir/MiniOzoneClusterImpl-1331a795-ed08-415d-924a-7661a5cf51a5/ozone-metadata/datanode-6/ratis/de4f7cab-11b4-4055-aff7-a2cf3d226e33/current/log_inprogress_0
2025-09-13 17:31:24,768 [d3aade32-661d-499d-9068-ea1550ed8656@group-A2CF3D226E33-StateMachineUpdater] INFO  server.RaftServer$Division (LeaderStateImpl.java:checkStartIndex(309)) - Leader d3aade32-661d-499d-9068-ea1550ed8656@group-A2CF3D226E33-LeaderStateImpl is ready since appliedIndex == startIndex == 0
2025-09-13 17:31:24,777 [3dbe4e49-25e9-43f5-94e0-3ca31f2aaaf2@group-3DEBD952707A-FollowerState] INFO  impl.FollowerState (FollowerState.java:runImpl(161)) - 3dbe4e49-25e9-43f5-94e0-3ca31f2aaaf2@group-3DEBD952707A-FollowerState: change to CANDIDATE, lastRpcElapsedTime:1145587900ns, electionTimeout:1144ms
2025-09-13 17:31:24,778 [3dbe4e49-25e9-43f5-94e0-3ca31f2aaaf2@group-3DEBD952707A-FollowerState] INFO  impl.RoleInfo (RoleInfo.java:shutdownFollowerState(121)) - 3dbe4e49-25e9-43f5-94e0-3ca31f2aaaf2: shutdown 3dbe4e49-25e9-43f5-94e0-3ca31f2aaaf2@group-3DEBD952707A-FollowerState
2025-09-13 17:31:24,778 [3dbe4e49-25e9-43f5-94e0-3ca31f2aaaf2@group-3DEBD952707A-FollowerState] INFO  server.RaftServer$Division (RaftServerImpl.java:setRole(392)) - 3dbe4e49-25e9-43f5-94e0-3ca31f2aaaf2@group-3DEBD952707A: changes role from  FOLLOWER to CANDIDATE at term 0 for changeToCandidate
2025-09-13 17:31:24,778 [3dbe4e49-25e9-43f5-94e0-3ca31f2aaaf2@group-3DEBD952707A-FollowerState] INFO  impl.RoleInfo (RoleInfo.java:updateAndGet(148)) - 3dbe4e49-25e9-43f5-94e0-3ca31f2aaaf2: start 3dbe4e49-25e9-43f5-94e0-3ca31f2aaaf2@group-3DEBD952707A-LeaderElection18
2025-09-13 17:31:24,778 [3dbe4e49-25e9-43f5-94e0-3ca31f2aaaf2@group-3DEBD952707A-LeaderElection18] INFO  impl.LeaderElection (LeaderElection.java:askForVotes(448)) - 3dbe4e49-25e9-43f5-94e0-3ca31f2aaaf2@group-3DEBD952707A-LeaderElection18 PRE_VOTE round 0: submit vote requests at term 0 for conf: {index: -1, cur=peers:[3dbe4e49-25e9-43f5-94e0-3ca31f2aaaf2|127.0.0.1:15063, 9b620cf5-1dd4-4083-97bd-ff44c8fea23e|127.0.0.1:15071, 2f036b56-942d-42f4-908f-5b0be9aff918|127.0.0.1:15079]|listeners:[], old=null}
2025-09-13 17:31:24,779 [3dbe4e49-25e9-43f5-94e0-3ca31f2aaaf2@group-3DEBD952707A-LeaderElection18-1] INFO  server.GrpcServerProtocolClient (GrpcServerProtocolClient.java:<init>(65)) - Build channel for 9b620cf5-1dd4-4083-97bd-ff44c8fea23e|127.0.0.1:15071
2025-09-13 17:31:24,781 [3dbe4e49-25e9-43f5-94e0-3ca31f2aaaf2@group-3DEBD952707A-LeaderElection18-2] INFO  server.GrpcServerProtocolClient (GrpcServerProtocolClient.java:<init>(65)) - Build channel for 2f036b56-942d-42f4-908f-5b0be9aff918|127.0.0.1:15079
2025-09-13 17:31:24,788 [grpc-default-executor-5] INFO  server.RaftServer$Division (RaftServerImpl.java:requestVote(1421)) - 9b620cf5-1dd4-4083-97bd-ff44c8fea23e@group-3DEBD952707A: receive requestVote(PRE_VOTE, 3dbe4e49-25e9-43f5-94e0-3ca31f2aaaf2, group-3DEBD952707A, 0, <PROTO_DEFAULT>)
2025-09-13 17:31:24,789 [grpc-default-executor-5] INFO  impl.VoteContext (VoteContext.java:log(49)) - 9b620cf5-1dd4-4083-97bd-ff44c8fea23e@group-3DEBD952707A-FOLLOWER: accept PRE_VOTE from 3dbe4e49-25e9-43f5-94e0-3ca31f2aaaf2: our priority 0 <= candidate's priority 1
2025-09-13 17:31:24,789 [grpc-default-executor-5] INFO  server.RaftServer$Division (RaftServerImpl.java:requestVote(1455)) - 9b620cf5-1dd4-4083-97bd-ff44c8fea23e@group-3DEBD952707A replies to PRE_VOTE vote request: 3dbe4e49-25e9-43f5-94e0-3ca31f2aaaf2<-9b620cf5-1dd4-4083-97bd-ff44c8fea23e#0:OK-t0-last:<INITIAL_VALUE>. Peer's state: 9b620cf5-1dd4-4083-97bd-ff44c8fea23e@group-3DEBD952707A:t0, leader=null, voted=, raftlog=Memoized:9b620cf5-1dd4-4083-97bd-ff44c8fea23e@group-3DEBD952707A-SegmentedRaftLog:OPENED:c-1:lastnull, conf=conf: {index: -1, cur=peers:[3dbe4e49-25e9-43f5-94e0-3ca31f2aaaf2|127.0.0.1:15063, 9b620cf5-1dd4-4083-97bd-ff44c8fea23e|127.0.0.1:15071, 2f036b56-942d-42f4-908f-5b0be9aff918|127.0.0.1:15079]|listeners:[], old=null}
2025-09-13 17:31:24,791 [3dbe4e49-25e9-43f5-94e0-3ca31f2aaaf2@group-3DEBD952707A-LeaderElection18] INFO  impl.LeaderElection (LeaderElection.java:logAndReturn(206)) - 3dbe4e49-25e9-43f5-94e0-3ca31f2aaaf2@group-3DEBD952707A-LeaderElection18: PRE_VOTE PASSED received 1 response(s) and 0 exception(s):
2025-09-13 17:31:24,791 [3dbe4e49-25e9-43f5-94e0-3ca31f2aaaf2@group-3DEBD952707A-LeaderElection18] INFO  impl.LeaderElection (LeaderElection.java:logAndReturn(210)) -   Response 0: 3dbe4e49-25e9-43f5-94e0-3ca31f2aaaf2<-9b620cf5-1dd4-4083-97bd-ff44c8fea23e#0:OK-t0-last:<INITIAL_VALUE>
2025-09-13 17:31:24,791 [3dbe4e49-25e9-43f5-94e0-3ca31f2aaaf2@group-3DEBD952707A-LeaderElection18] INFO  impl.LeaderElection (LeaderElection.java:askForVotes(450)) - 3dbe4e49-25e9-43f5-94e0-3ca31f2aaaf2@group-3DEBD952707A-LeaderElection18 PRE_VOTE round 0: result PASSED
2025-09-13 17:31:24,792 [3dbe4e49-25e9-43f5-94e0-3ca31f2aaaf2@group-A8D25C85FDCF-FollowerState] INFO  impl.FollowerState (FollowerState.java:runImpl(161)) - 3dbe4e49-25e9-43f5-94e0-3ca31f2aaaf2@group-A8D25C85FDCF-FollowerState: change to CANDIDATE, lastRpcElapsedTime:1004932468ns, electionTimeout:1004ms
2025-09-13 17:31:24,792 [3dbe4e49-25e9-43f5-94e0-3ca31f2aaaf2@group-A8D25C85FDCF-FollowerState] INFO  impl.RoleInfo (RoleInfo.java:shutdownFollowerState(121)) - 3dbe4e49-25e9-43f5-94e0-3ca31f2aaaf2: shutdown 3dbe4e49-25e9-43f5-94e0-3ca31f2aaaf2@group-A8D25C85FDCF-FollowerState
2025-09-13 17:31:24,792 [3dbe4e49-25e9-43f5-94e0-3ca31f2aaaf2@group-A8D25C85FDCF-FollowerState] INFO  server.RaftServer$Division (RaftServerImpl.java:setRole(392)) - 3dbe4e49-25e9-43f5-94e0-3ca31f2aaaf2@group-A8D25C85FDCF: changes role from  FOLLOWER to CANDIDATE at term 0 for changeToCandidate
2025-09-13 17:31:24,792 [3dbe4e49-25e9-43f5-94e0-3ca31f2aaaf2@group-A8D25C85FDCF-FollowerState] INFO  impl.RoleInfo (RoleInfo.java:updateAndGet(148)) - 3dbe4e49-25e9-43f5-94e0-3ca31f2aaaf2: start 3dbe4e49-25e9-43f5-94e0-3ca31f2aaaf2@group-A8D25C85FDCF-LeaderElection19
2025-09-13 17:31:24,793 [3dbe4e49-25e9-43f5-94e0-3ca31f2aaaf2@group-A8D25C85FDCF-LeaderElection19] INFO  impl.LeaderElection (LeaderElection.java:askForVotes(448)) - 3dbe4e49-25e9-43f5-94e0-3ca31f2aaaf2@group-A8D25C85FDCF-LeaderElection19 PRE_VOTE round 0: submit vote requests at term 0 for conf: {index: -1, cur=peers:[3dbe4e49-25e9-43f5-94e0-3ca31f2aaaf2|127.0.0.1:15063, 9b620cf5-1dd4-4083-97bd-ff44c8fea23e|127.0.0.1:15071, 2f036b56-942d-42f4-908f-5b0be9aff918|127.0.0.1:15079]|listeners:[], old=null}
2025-09-13 17:31:24,793 [3dbe4e49-25e9-43f5-94e0-3ca31f2aaaf2@group-3DEBD952707A-LeaderElection18] INFO  impl.LeaderElection (LeaderElection.java:askForVotes(448)) - 3dbe4e49-25e9-43f5-94e0-3ca31f2aaaf2@group-3DEBD952707A-LeaderElection18 ELECTION round 0: submit vote requests at term 1 for conf: {index: -1, cur=peers:[3dbe4e49-25e9-43f5-94e0-3ca31f2aaaf2|127.0.0.1:15063, 9b620cf5-1dd4-4083-97bd-ff44c8fea23e|127.0.0.1:15071, 2f036b56-942d-42f4-908f-5b0be9aff918|127.0.0.1:15079]|listeners:[], old=null}
2025-09-13 17:31:24,799 [grpc-default-executor-4] INFO  server.RaftServer$Division (RaftServerImpl.java:requestVote(1421)) - 9b620cf5-1dd4-4083-97bd-ff44c8fea23e@group-3DEBD952707A: receive requestVote(ELECTION, 3dbe4e49-25e9-43f5-94e0-3ca31f2aaaf2, group-3DEBD952707A, 1, <PROTO_DEFAULT>)
2025-09-13 17:31:24,799 [grpc-default-executor-4] INFO  impl.VoteContext (VoteContext.java:log(49)) - 9b620cf5-1dd4-4083-97bd-ff44c8fea23e@group-3DEBD952707A-FOLLOWER: accept ELECTION from 3dbe4e49-25e9-43f5-94e0-3ca31f2aaaf2: our priority 0 <= candidate's priority 1
2025-09-13 17:31:24,799 [grpc-default-executor-4] INFO  server.RaftServer$Division (RaftServerImpl.java:setRole(392)) - 9b620cf5-1dd4-4083-97bd-ff44c8fea23e@group-3DEBD952707A: changes role from  FOLLOWER to FOLLOWER at term 0 for candidate:3dbe4e49-25e9-43f5-94e0-3ca31f2aaaf2
2025-09-13 17:31:24,799 [grpc-default-executor-4] INFO  impl.RoleInfo (RoleInfo.java:shutdownFollowerState(121)) - 9b620cf5-1dd4-4083-97bd-ff44c8fea23e: shutdown 9b620cf5-1dd4-4083-97bd-ff44c8fea23e@group-3DEBD952707A-FollowerState
2025-09-13 17:31:24,799 [grpc-default-executor-1] INFO  server.RaftServer$Division (RaftServerImpl.java:requestVote(1421)) - 2f036b56-942d-42f4-908f-5b0be9aff918@group-A8D25C85FDCF: receive requestVote(PRE_VOTE, 3dbe4e49-25e9-43f5-94e0-3ca31f2aaaf2, group-A8D25C85FDCF, 0, <PROTO_DEFAULT>)
2025-09-13 17:31:24,800 [grpc-default-executor-1] INFO  impl.VoteContext (VoteContext.java:log(49)) - 2f036b56-942d-42f4-908f-5b0be9aff918@group-A8D25C85FDCF-FOLLOWER: accept PRE_VOTE from 3dbe4e49-25e9-43f5-94e0-3ca31f2aaaf2: our priority 0 <= candidate's priority 0
2025-09-13 17:31:24,800 [9b620cf5-1dd4-4083-97bd-ff44c8fea23e@group-3DEBD952707A-FollowerState] INFO  impl.FollowerState (FollowerState.java:runImpl(170)) - 9b620cf5-1dd4-4083-97bd-ff44c8fea23e@group-3DEBD952707A-FollowerState was interrupted
2025-09-13 17:31:24,800 [grpc-default-executor-4] INFO  impl.RoleInfo (RoleInfo.java:updateAndGet(148)) - 9b620cf5-1dd4-4083-97bd-ff44c8fea23e: start 9b620cf5-1dd4-4083-97bd-ff44c8fea23e@group-3DEBD952707A-FollowerState
2025-09-13 17:31:24,799 [grpc-default-executor-0] INFO  server.RaftServer$Division (RaftServerImpl.java:requestVote(1421)) - 2f036b56-942d-42f4-908f-5b0be9aff918@group-3DEBD952707A: receive requestVote(ELECTION, 3dbe4e49-25e9-43f5-94e0-3ca31f2aaaf2, group-3DEBD952707A, 1, <PROTO_DEFAULT>)
2025-09-13 17:31:24,800 [grpc-default-executor-0] INFO  impl.VoteContext (VoteContext.java:log(49)) - 2f036b56-942d-42f4-908f-5b0be9aff918@group-3DEBD952707A-FOLLOWER: accept ELECTION from 3dbe4e49-25e9-43f5-94e0-3ca31f2aaaf2: our priority 0 <= candidate's priority 1
2025-09-13 17:31:24,800 [grpc-default-executor-0] INFO  server.RaftServer$Division (RaftServerImpl.java:setRole(392)) - 2f036b56-942d-42f4-908f-5b0be9aff918@group-3DEBD952707A: changes role from  FOLLOWER to FOLLOWER at term 0 for candidate:3dbe4e49-25e9-43f5-94e0-3ca31f2aaaf2
2025-09-13 17:31:24,800 [grpc-default-executor-0] INFO  impl.RoleInfo (RoleInfo.java:shutdownFollowerState(121)) - 2f036b56-942d-42f4-908f-5b0be9aff918: shutdown 2f036b56-942d-42f4-908f-5b0be9aff918@group-3DEBD952707A-FollowerState
2025-09-13 17:31:24,801 [grpc-default-executor-0] INFO  impl.RoleInfo (RoleInfo.java:updateAndGet(148)) - 2f036b56-942d-42f4-908f-5b0be9aff918: start 2f036b56-942d-42f4-908f-5b0be9aff918@group-3DEBD952707A-FollowerState
2025-09-13 17:31:24,800 [grpc-default-executor-5] INFO  server.RaftServer$Division (RaftServerImpl.java:requestVote(1421)) - 9b620cf5-1dd4-4083-97bd-ff44c8fea23e@group-A8D25C85FDCF: receive requestVote(PRE_VOTE, 3dbe4e49-25e9-43f5-94e0-3ca31f2aaaf2, group-A8D25C85FDCF, 0, <PROTO_DEFAULT>)
2025-09-13 17:31:24,801 [grpc-default-executor-5] INFO  impl.VoteContext (VoteContext.java:log(49)) - 9b620cf5-1dd4-4083-97bd-ff44c8fea23e@group-A8D25C85FDCF-FOLLOWER: reject PRE_VOTE from 3dbe4e49-25e9-43f5-94e0-3ca31f2aaaf2: our priority 1 > candidate's priority 0
2025-09-13 17:31:24,800 [grpc-default-executor-1] INFO  server.RaftServer$Division (RaftServerImpl.java:requestVote(1455)) - 2f036b56-942d-42f4-908f-5b0be9aff918@group-A8D25C85FDCF replies to PRE_VOTE vote request: 3dbe4e49-25e9-43f5-94e0-3ca31f2aaaf2<-2f036b56-942d-42f4-908f-5b0be9aff918#0:OK-t0-last:<INITIAL_VALUE>. Peer's state: 2f036b56-942d-42f4-908f-5b0be9aff918@group-A8D25C85FDCF:t0, leader=null, voted=, raftlog=Memoized:2f036b56-942d-42f4-908f-5b0be9aff918@group-A8D25C85FDCF-SegmentedRaftLog:OPENED:c-1:lastnull, conf=conf: {index: -1, cur=peers:[3dbe4e49-25e9-43f5-94e0-3ca31f2aaaf2|127.0.0.1:15063, 9b620cf5-1dd4-4083-97bd-ff44c8fea23e|127.0.0.1:15071, 2f036b56-942d-42f4-908f-5b0be9aff918|127.0.0.1:15079]|listeners:[], old=null}
2025-09-13 17:31:24,801 [2f036b56-942d-42f4-908f-5b0be9aff918@group-3DEBD952707A-FollowerState] INFO  impl.FollowerState (FollowerState.java:runImpl(170)) - 2f036b56-942d-42f4-908f-5b0be9aff918@group-3DEBD952707A-FollowerState was interrupted
2025-09-13 17:31:24,802 [grpc-default-executor-5] INFO  server.RaftServer$Division (RaftServerImpl.java:requestVote(1455)) - 9b620cf5-1dd4-4083-97bd-ff44c8fea23e@group-A8D25C85FDCF replies to PRE_VOTE vote request: 3dbe4e49-25e9-43f5-94e0-3ca31f2aaaf2<-9b620cf5-1dd4-4083-97bd-ff44c8fea23e#0:FAIL-t0-last:<INITIAL_VALUE>. Peer's state: 9b620cf5-1dd4-4083-97bd-ff44c8fea23e@group-A8D25C85FDCF:t0, leader=null, voted=, raftlog=Memoized:9b620cf5-1dd4-4083-97bd-ff44c8fea23e@group-A8D25C85FDCF-SegmentedRaftLog:OPENED:c-1:lastnull, conf=conf: {index: -1, cur=peers:[3dbe4e49-25e9-43f5-94e0-3ca31f2aaaf2|127.0.0.1:15063, 9b620cf5-1dd4-4083-97bd-ff44c8fea23e|127.0.0.1:15071, 2f036b56-942d-42f4-908f-5b0be9aff918|127.0.0.1:15079]|listeners:[], old=null}
2025-09-13 17:31:24,802 [grpc-default-executor-4] INFO  server.RaftServer$Division (RaftServerImpl.java:setFirstElection(576)) - 9b620cf5-1dd4-4083-97bd-ff44c8fea23e@group-3DEBD952707A: set firstElectionSinceStartup to false for candidate:3dbe4e49-25e9-43f5-94e0-3ca31f2aaaf2
2025-09-13 17:31:24,803 [3dbe4e49-25e9-43f5-94e0-3ca31f2aaaf2@group-A8D25C85FDCF-LeaderElection19] INFO  impl.LeaderElection (LeaderElection.java:logAndReturn(206)) - 3dbe4e49-25e9-43f5-94e0-3ca31f2aaaf2@group-A8D25C85FDCF-LeaderElection19: PRE_VOTE REJECTED received 1 response(s) and 0 exception(s):
2025-09-13 17:31:24,803 [3dbe4e49-25e9-43f5-94e0-3ca31f2aaaf2@group-A8D25C85FDCF-LeaderElection19] INFO  impl.LeaderElection (LeaderElection.java:logAndReturn(210)) -   Response 0: 3dbe4e49-25e9-43f5-94e0-3ca31f2aaaf2<-9b620cf5-1dd4-4083-97bd-ff44c8fea23e#0:FAIL-t0-last:<INITIAL_VALUE>
2025-09-13 17:31:24,804 [3dbe4e49-25e9-43f5-94e0-3ca31f2aaaf2@group-A8D25C85FDCF-LeaderElection19] INFO  impl.LeaderElection (LeaderElection.java:askForVotes(450)) - 3dbe4e49-25e9-43f5-94e0-3ca31f2aaaf2@group-A8D25C85FDCF-LeaderElection19 PRE_VOTE round 0: result REJECTED
2025-09-13 17:31:24,805 [3dbe4e49-25e9-43f5-94e0-3ca31f2aaaf2@group-A8D25C85FDCF-LeaderElection19] INFO  server.RaftServer$Division (RaftServerImpl.java:setRole(392)) - 3dbe4e49-25e9-43f5-94e0-3ca31f2aaaf2@group-A8D25C85FDCF: changes role from CANDIDATE to FOLLOWER at term 0 for REJECTED
2025-09-13 17:31:24,805 [3dbe4e49-25e9-43f5-94e0-3ca31f2aaaf2@group-A8D25C85FDCF-LeaderElection19] INFO  impl.RoleInfo (RoleInfo.java:shutdownLeaderElection(141)) - 3dbe4e49-25e9-43f5-94e0-3ca31f2aaaf2: shutdown 3dbe4e49-25e9-43f5-94e0-3ca31f2aaaf2@group-A8D25C85FDCF-LeaderElection19
2025-09-13 17:31:24,805 [3dbe4e49-25e9-43f5-94e0-3ca31f2aaaf2@group-A8D25C85FDCF-LeaderElection19] INFO  impl.RoleInfo (RoleInfo.java:updateAndGet(148)) - 3dbe4e49-25e9-43f5-94e0-3ca31f2aaaf2: start 3dbe4e49-25e9-43f5-94e0-3ca31f2aaaf2@group-A8D25C85FDCF-FollowerState
2025-09-13 17:31:24,805 [3dbe4e49-25e9-43f5-94e0-3ca31f2aaaf2@group-A8D25C85FDCF-LeaderElection19] INFO  server.RaftServer$Division (RaftServerImpl.java:setFirstElection(576)) - 3dbe4e49-25e9-43f5-94e0-3ca31f2aaaf2@group-A8D25C85FDCF: set firstElectionSinceStartup to false for REJECTED
2025-09-13 17:31:24,806 [grpc-default-executor-4] INFO  server.RaftServer$Division (RaftServerImpl.java:requestVote(1455)) - 9b620cf5-1dd4-4083-97bd-ff44c8fea23e@group-3DEBD952707A replies to ELECTION vote request: 3dbe4e49-25e9-43f5-94e0-3ca31f2aaaf2<-9b620cf5-1dd4-4083-97bd-ff44c8fea23e#0:OK-t1-last:<INITIAL_VALUE>. Peer's state: 9b620cf5-1dd4-4083-97bd-ff44c8fea23e@group-3DEBD952707A:t1, leader=null, voted=3dbe4e49-25e9-43f5-94e0-3ca31f2aaaf2, raftlog=Memoized:9b620cf5-1dd4-4083-97bd-ff44c8fea23e@group-3DEBD952707A-SegmentedRaftLog:OPENED:c-1:lastnull, conf=conf: {index: -1, cur=peers:[3dbe4e49-25e9-43f5-94e0-3ca31f2aaaf2|127.0.0.1:15063, 9b620cf5-1dd4-4083-97bd-ff44c8fea23e|127.0.0.1:15071, 2f036b56-942d-42f4-908f-5b0be9aff918|127.0.0.1:15079]|listeners:[], old=null}
2025-09-13 17:31:24,807 [grpc-default-executor-0] INFO  server.RaftServer$Division (RaftServerImpl.java:requestVote(1455)) - 2f036b56-942d-42f4-908f-5b0be9aff918@group-3DEBD952707A replies to ELECTION vote request: 3dbe4e49-25e9-43f5-94e0-3ca31f2aaaf2<-2f036b56-942d-42f4-908f-5b0be9aff918#0:OK-t1-last:<INITIAL_VALUE>. Peer's state: 2f036b56-942d-42f4-908f-5b0be9aff918@group-3DEBD952707A:t1, leader=null, voted=3dbe4e49-25e9-43f5-94e0-3ca31f2aaaf2, raftlog=Memoized:2f036b56-942d-42f4-908f-5b0be9aff918@group-3DEBD952707A-SegmentedRaftLog:OPENED:c-1:lastnull, conf=conf: {index: -1, cur=peers:[3dbe4e49-25e9-43f5-94e0-3ca31f2aaaf2|127.0.0.1:15063, 9b620cf5-1dd4-4083-97bd-ff44c8fea23e|127.0.0.1:15071, 2f036b56-942d-42f4-908f-5b0be9aff918|127.0.0.1:15079]|listeners:[], old=null}
2025-09-13 17:31:24,808 [3dbe4e49-25e9-43f5-94e0-3ca31f2aaaf2@group-3DEBD952707A-LeaderElection18] INFO  impl.LeaderElection (LeaderElection.java:logAndReturn(206)) - 3dbe4e49-25e9-43f5-94e0-3ca31f2aaaf2@group-3DEBD952707A-LeaderElection18: ELECTION PASSED received 1 response(s) and 0 exception(s):
2025-09-13 17:31:24,809 [3dbe4e49-25e9-43f5-94e0-3ca31f2aaaf2@group-3DEBD952707A-LeaderElection18] INFO  impl.LeaderElection (LeaderElection.java:logAndReturn(210)) -   Response 0: 3dbe4e49-25e9-43f5-94e0-3ca31f2aaaf2<-9b620cf5-1dd4-4083-97bd-ff44c8fea23e#0:OK-t1-last:<INITIAL_VALUE>
2025-09-13 17:31:24,809 [3dbe4e49-25e9-43f5-94e0-3ca31f2aaaf2@group-3DEBD952707A-LeaderElection18] INFO  impl.LeaderElection (LeaderElection.java:askForVotes(450)) - 3dbe4e49-25e9-43f5-94e0-3ca31f2aaaf2@group-3DEBD952707A-LeaderElection18 ELECTION round 0: result PASSED
2025-09-13 17:31:24,809 [3dbe4e49-25e9-43f5-94e0-3ca31f2aaaf2@group-3DEBD952707A-LeaderElection18] INFO  impl.RoleInfo (RoleInfo.java:shutdownLeaderElection(141)) - 3dbe4e49-25e9-43f5-94e0-3ca31f2aaaf2: shutdown 3dbe4e49-25e9-43f5-94e0-3ca31f2aaaf2@group-3DEBD952707A-LeaderElection18
2025-09-13 17:31:24,809 [3dbe4e49-25e9-43f5-94e0-3ca31f2aaaf2@group-3DEBD952707A-LeaderElection18] INFO  server.RaftServer$Division (RaftServerImpl.java:setRole(392)) - 3dbe4e49-25e9-43f5-94e0-3ca31f2aaaf2@group-3DEBD952707A: changes role from CANDIDATE to LEADER at term 1 for changeToLeader
2025-09-13 17:31:24,809 [3dbe4e49-25e9-43f5-94e0-3ca31f2aaaf2@group-3DEBD952707A-LeaderElection18] INFO  server.RaftServerConfigKeys (ConfUtils.java:logFallback(69)) - raft.server.staging.timeout = 3600ms (fallback to raft.server.rpc.timeout.max)
2025-09-13 17:31:24,810 [3dbe4e49-25e9-43f5-94e0-3ca31f2aaaf2@group-3DEBD952707A-LeaderElection18] INFO  server.RaftServerConfigKeys (ConfUtils.java:logGet(62)) - raft.server.write.byte-limit = 1024 M (=1073741824) (custom)
2025-09-13 17:31:24,814 [3dbe4e49-25e9-43f5-94e0-3ca31f2aaaf2@group-3DEBD952707A-LeaderElection18] INFO  server.RaftServerConfigKeys (ConfUtils.java:logGet(62)) - raft.server.log.appender.buffer.byte-limit = 33554432 (custom)
2025-09-13 17:31:24,816 [3dbe4e49-25e9-43f5-94e0-3ca31f2aaaf2@group-3DEBD952707A-LeaderElection18] INFO  server.RaftServerConfigKeys (ConfUtils.java:logGet(62)) - raft.server.log.appender.buffer.byte-limit = 33554432 (custom)
2025-09-13 17:31:24,816 [3dbe4e49-25e9-43f5-94e0-3ca31f2aaaf2@group-3DEBD952707A-LeaderElection18] INFO  impl.RoleInfo (RoleInfo.java:updateAndGet(148)) - 3dbe4e49-25e9-43f5-94e0-3ca31f2aaaf2: start 3dbe4e49-25e9-43f5-94e0-3ca31f2aaaf2@group-3DEBD952707A-LeaderStateImpl
2025-09-13 17:31:24,816 [3dbe4e49-25e9-43f5-94e0-3ca31f2aaaf2@group-3DEBD952707A-LeaderElection18] INFO  server.RaftServer$Division (RaftServerImpl.java:setFirstElection(576)) - 3dbe4e49-25e9-43f5-94e0-3ca31f2aaaf2@group-3DEBD952707A: set firstElectionSinceStartup to false for becomeLeader
2025-09-13 17:31:24,817 [3dbe4e49-25e9-43f5-94e0-3ca31f2aaaf2@group-3DEBD952707A-LeaderElection18] INFO  ratis.XceiverServerRatis (XceiverServerRatis.java:handleLeaderChangedNotification(932)) - Leader change notification received for group: group-3DEBD952707A with new leaderId: 3dbe4e49-25e9-43f5-94e0-3ca31f2aaaf2
2025-09-13 17:31:24,817 [3dbe4e49-25e9-43f5-94e0-3ca31f2aaaf2@group-3DEBD952707A-LeaderElection18] INFO  server.RaftServer$Division (ServerState.java:setLeader(272)) - 3dbe4e49-25e9-43f5-94e0-3ca31f2aaaf2@group-3DEBD952707A: change Leader from null to 3dbe4e49-25e9-43f5-94e0-3ca31f2aaaf2 at term 1 for becomeLeader, leader elected after 1245ms
2025-09-13 17:31:24,817 [3dbe4e49-25e9-43f5-94e0-3ca31f2aaaf2@group-3DEBD952707A-LeaderElection18] INFO  segmented.SegmentedRaftLogWorker (SegmentedRaftLogWorker.java:startLogSegment(440)) - 3dbe4e49-25e9-43f5-94e0-3ca31f2aaaf2@group-3DEBD952707A-SegmentedRaftLogWorker: Starting segment from index:0
2025-09-13 17:31:24,817 [3dbe4e49-25e9-43f5-94e0-3ca31f2aaaf2@group-3DEBD952707A-LeaderElection18] INFO  server.RaftServer$Division (ServerState.java:setRaftConf(386)) - 3dbe4e49-25e9-43f5-94e0-3ca31f2aaaf2@group-3DEBD952707A: set configuration conf: {index: 0, cur=peers:[3dbe4e49-25e9-43f5-94e0-3ca31f2aaaf2|127.0.0.1:15063, 9b620cf5-1dd4-4083-97bd-ff44c8fea23e|127.0.0.1:15071, 2f036b56-942d-42f4-908f-5b0be9aff918|127.0.0.1:15079]|listeners:[], old=null}
2025-09-13 17:31:24,818 [3dbe4e49-25e9-43f5-94e0-3ca31f2aaaf2@group-3DEBD952707A-SegmentedRaftLogWorker] INFO  segmented.BufferedWriteChannel (BufferedWriteChannel.java:open(61)) - open log_inprogress_0 at position 0
2025-09-13 17:31:24,821 [EventQueue-PipelineReportForPipelineReportHandler] INFO  pipeline.PipelineReportHandler (PipelineReportHandler.java:processPipelineReport(132)) - Opened pipeline Pipeline-0ca82692-2fba-4cdd-8f6b-3debd952707a
2025-09-13 17:31:24,830 [grpc-default-executor-5] INFO  ratis.XceiverServerRatis (XceiverServerRatis.java:handleLeaderChangedNotification(932)) - Leader change notification received for group: group-3DEBD952707A with new leaderId: 3dbe4e49-25e9-43f5-94e0-3ca31f2aaaf2
2025-09-13 17:31:24,831 [grpc-default-executor-5] INFO  server.RaftServer$Division (ServerState.java:setLeader(272)) - 9b620cf5-1dd4-4083-97bd-ff44c8fea23e@group-3DEBD952707A: change Leader from null to 3dbe4e49-25e9-43f5-94e0-3ca31f2aaaf2 at term 1 for appendEntries, leader elected after 1179ms
2025-09-13 17:31:24,831 [3dbe4e49-25e9-43f5-94e0-3ca31f2aaaf2@group-3DEBD952707A-SegmentedRaftLogWorker] INFO  segmented.SegmentedRaftLogWorker (SegmentedRaftLogWorker.java:execute(647)) - 3dbe4e49-25e9-43f5-94e0-3ca31f2aaaf2@group-3DEBD952707A-SegmentedRaftLogWorker: created new log segment /home/runner/work/ozone/ozone/hadoop-ozone/integration-test/target/test-dir/MiniOzoneClusterImpl-1331a795-ed08-415d-924a-7661a5cf51a5/ozone-metadata/datanode-7/ratis/0ca82692-2fba-4cdd-8f6b-3debd952707a/current/log_inprogress_0
2025-09-13 17:31:24,832 [grpc-default-executor-4] INFO  server.RaftServer$Division (ServerState.java:setRaftConf(386)) - 9b620cf5-1dd4-4083-97bd-ff44c8fea23e@group-3DEBD952707A: set configuration conf: {index: 0, cur=peers:[3dbe4e49-25e9-43f5-94e0-3ca31f2aaaf2|127.0.0.1:15063, 9b620cf5-1dd4-4083-97bd-ff44c8fea23e|127.0.0.1:15071, 2f036b56-942d-42f4-908f-5b0be9aff918|127.0.0.1:15079]|listeners:[], old=null}
2025-09-13 17:31:24,833 [grpc-default-executor-4] INFO  segmented.SegmentedRaftLogWorker (SegmentedRaftLogWorker.java:startLogSegment(440)) - 9b620cf5-1dd4-4083-97bd-ff44c8fea23e@group-3DEBD952707A-SegmentedRaftLogWorker: Starting segment from index:0
2025-09-13 17:31:24,834 [grpc-default-executor-0] INFO  ratis.XceiverServerRatis (XceiverServerRatis.java:handleLeaderChangedNotification(932)) - Leader change notification received for group: group-3DEBD952707A with new leaderId: 3dbe4e49-25e9-43f5-94e0-3ca31f2aaaf2
2025-09-13 17:31:24,834 [grpc-default-executor-0] INFO  server.RaftServer$Division (ServerState.java:setLeader(272)) - 2f036b56-942d-42f4-908f-5b0be9aff918@group-3DEBD952707A: change Leader from null to 3dbe4e49-25e9-43f5-94e0-3ca31f2aaaf2 at term 1 for appendEntries, leader elected after 1364ms
2025-09-13 17:31:24,834 [9b620cf5-1dd4-4083-97bd-ff44c8fea23e@group-3DEBD952707A-SegmentedRaftLogWorker] INFO  segmented.BufferedWriteChannel (BufferedWriteChannel.java:open(61)) - open log_inprogress_0 at position 0
2025-09-13 17:31:24,836 [grpc-default-executor-4] INFO  server.RaftServer$Division (ServerState.java:setRaftConf(386)) - 2f036b56-942d-42f4-908f-5b0be9aff918@group-3DEBD952707A: set configuration conf: {index: 0, cur=peers:[3dbe4e49-25e9-43f5-94e0-3ca31f2aaaf2|127.0.0.1:15063, 9b620cf5-1dd4-4083-97bd-ff44c8fea23e|127.0.0.1:15071, 2f036b56-942d-42f4-908f-5b0be9aff918|127.0.0.1:15079]|listeners:[], old=null}
2025-09-13 17:31:24,837 [grpc-default-executor-4] INFO  segmented.SegmentedRaftLogWorker (SegmentedRaftLogWorker.java:startLogSegment(440)) - 2f036b56-942d-42f4-908f-5b0be9aff918@group-3DEBD952707A-SegmentedRaftLogWorker: Starting segment from index:0
2025-09-13 17:31:24,838 [2f036b56-942d-42f4-908f-5b0be9aff918@group-3DEBD952707A-SegmentedRaftLogWorker] INFO  segmented.BufferedWriteChannel (BufferedWriteChannel.java:open(61)) - open log_inprogress_0 at position 0
2025-09-13 17:31:24,844 [9b620cf5-1dd4-4083-97bd-ff44c8fea23e@group-3DEBD952707A-SegmentedRaftLogWorker] INFO  segmented.SegmentedRaftLogWorker (SegmentedRaftLogWorker.java:execute(647)) - 9b620cf5-1dd4-4083-97bd-ff44c8fea23e@group-3DEBD952707A-SegmentedRaftLogWorker: created new log segment /home/runner/work/ozone/ozone/hadoop-ozone/integration-test/target/test-dir/MiniOzoneClusterImpl-1331a795-ed08-415d-924a-7661a5cf51a5/ozone-metadata/datanode-8/ratis/0ca82692-2fba-4cdd-8f6b-3debd952707a/current/log_inprogress_0
2025-09-13 17:31:24,849 [ForkJoinPool-1-worker-1] INFO  impl.MetricsSystemImpl (MetricsSystemImpl.java:init(158)) - XceiverClientMetrics metrics system started (again)
2025-09-13 17:31:24,852 [2f036b56-942d-42f4-908f-5b0be9aff918@group-3DEBD952707A-SegmentedRaftLogWorker] INFO  segmented.SegmentedRaftLogWorker (SegmentedRaftLogWorker.java:execute(647)) - 2f036b56-942d-42f4-908f-5b0be9aff918@group-3DEBD952707A-SegmentedRaftLogWorker: created new log segment /home/runner/work/ozone/ozone/hadoop-ozone/integration-test/target/test-dir/MiniOzoneClusterImpl-1331a795-ed08-415d-924a-7661a5cf51a5/ozone-metadata/datanode-9/ratis/0ca82692-2fba-4cdd-8f6b-3debd952707a/current/log_inprogress_0
2025-09-13 17:31:24,852 [3dbe4e49-25e9-43f5-94e0-3ca31f2aaaf2@group-3DEBD952707A-StateMachineUpdater] INFO  server.RaftServer$Division (LeaderStateImpl.java:checkStartIndex(309)) - Leader 3dbe4e49-25e9-43f5-94e0-3ca31f2aaaf2@group-3DEBD952707A-LeaderStateImpl is ready since appliedIndex == startIndex == 0
2025-09-13 17:31:24,942 [9b620cf5-1dd4-4083-97bd-ff44c8fea23e@group-A8D25C85FDCF-FollowerState] INFO  impl.FollowerState (FollowerState.java:runImpl(161)) - 9b620cf5-1dd4-4083-97bd-ff44c8fea23e@group-A8D25C85FDCF-FollowerState: change to CANDIDATE, lastRpcElapsedTime:1118667356ns, electionTimeout:1118ms
2025-09-13 17:31:24,943 [9b620cf5-1dd4-4083-97bd-ff44c8fea23e@group-A8D25C85FDCF-FollowerState] INFO  impl.RoleInfo (RoleInfo.java:shutdownFollowerState(121)) - 9b620cf5-1dd4-4083-97bd-ff44c8fea23e: shutdown 9b620cf5-1dd4-4083-97bd-ff44c8fea23e@group-A8D25C85FDCF-FollowerState
2025-09-13 17:31:24,943 [9b620cf5-1dd4-4083-97bd-ff44c8fea23e@group-A8D25C85FDCF-FollowerState] INFO  server.RaftServer$Division (RaftServerImpl.java:setRole(392)) - 9b620cf5-1dd4-4083-97bd-ff44c8fea23e@group-A8D25C85FDCF: changes role from  FOLLOWER to CANDIDATE at term 0 for changeToCandidate
2025-09-13 17:31:24,943 [9b620cf5-1dd4-4083-97bd-ff44c8fea23e@group-A8D25C85FDCF-FollowerState] INFO  impl.RoleInfo (RoleInfo.java:updateAndGet(148)) - 9b620cf5-1dd4-4083-97bd-ff44c8fea23e: start 9b620cf5-1dd4-4083-97bd-ff44c8fea23e@group-A8D25C85FDCF-LeaderElection20
2025-09-13 17:31:24,944 [9b620cf5-1dd4-4083-97bd-ff44c8fea23e@group-A8D25C85FDCF-LeaderElection20] INFO  impl.LeaderElection (LeaderElection.java:askForVotes(448)) - 9b620cf5-1dd4-4083-97bd-ff44c8fea23e@group-A8D25C85FDCF-LeaderElection20 PRE_VOTE round 0: submit vote requests at term 0 for conf: {index: -1, cur=peers:[3dbe4e49-25e9-43f5-94e0-3ca31f2aaaf2|127.0.0.1:15063, 9b620cf5-1dd4-4083-97bd-ff44c8fea23e|127.0.0.1:15071, 2f036b56-942d-42f4-908f-5b0be9aff918|127.0.0.1:15079]|listeners:[], old=null}
2025-09-13 17:31:24,948 [9b620cf5-1dd4-4083-97bd-ff44c8fea23e@group-A8D25C85FDCF-LeaderElection20-2] INFO  server.GrpcServerProtocolClient (GrpcServerProtocolClient.java:<init>(65)) - Build channel for 2f036b56-942d-42f4-908f-5b0be9aff918|127.0.0.1:15079
2025-09-13 17:31:24,948 [9b620cf5-1dd4-4083-97bd-ff44c8fea23e@group-A8D25C85FDCF-LeaderElection20-1] INFO  server.GrpcServerProtocolClient (GrpcServerProtocolClient.java:<init>(65)) - Build channel for 3dbe4e49-25e9-43f5-94e0-3ca31f2aaaf2|127.0.0.1:15063
2025-09-13 17:31:24,954 [grpc-default-executor-5] INFO  server.RaftServer$Division (RaftServerImpl.java:requestVote(1421)) - 3dbe4e49-25e9-43f5-94e0-3ca31f2aaaf2@group-A8D25C85FDCF: receive requestVote(PRE_VOTE, 9b620cf5-1dd4-4083-97bd-ff44c8fea23e, group-A8D25C85FDCF, 0, <PROTO_DEFAULT>)
2025-09-13 17:31:24,954 [grpc-default-executor-5] INFO  impl.VoteContext (VoteContext.java:log(49)) - 3dbe4e49-25e9-43f5-94e0-3ca31f2aaaf2@group-A8D25C85FDCF-FOLLOWER: accept PRE_VOTE from 9b620cf5-1dd4-4083-97bd-ff44c8fea23e: our priority 0 <= candidate's priority 1
2025-09-13 17:31:24,955 [grpc-default-executor-5] INFO  server.RaftServer$Division (RaftServerImpl.java:requestVote(1455)) - 3dbe4e49-25e9-43f5-94e0-3ca31f2aaaf2@group-A8D25C85FDCF replies to PRE_VOTE vote request: 9b620cf5-1dd4-4083-97bd-ff44c8fea23e<-3dbe4e49-25e9-43f5-94e0-3ca31f2aaaf2#0:OK-t0-last:<INITIAL_VALUE>. Peer's state: 3dbe4e49-25e9-43f5-94e0-3ca31f2aaaf2@group-A8D25C85FDCF:t0, leader=null, voted=, raftlog=Memoized:3dbe4e49-25e9-43f5-94e0-3ca31f2aaaf2@group-A8D25C85FDCF-SegmentedRaftLog:OPENED:c-1:lastnull, conf=conf: {index: -1, cur=peers:[3dbe4e49-25e9-43f5-94e0-3ca31f2aaaf2|127.0.0.1:15063, 9b620cf5-1dd4-4083-97bd-ff44c8fea23e|127.0.0.1:15071, 2f036b56-942d-42f4-908f-5b0be9aff918|127.0.0.1:15079]|listeners:[], old=null}
2025-09-13 17:31:24,955 [grpc-default-executor-4] INFO  server.RaftServer$Division (RaftServerImpl.java:requestVote(1421)) - 2f036b56-942d-42f4-908f-5b0be9aff918@group-A8D25C85FDCF: receive requestVote(PRE_VOTE, 9b620cf5-1dd4-4083-97bd-ff44c8fea23e, group-A8D25C85FDCF, 0, <PROTO_DEFAULT>)
2025-09-13 17:31:24,955 [grpc-default-executor-4] INFO  impl.VoteContext (VoteContext.java:log(49)) - 2f036b56-942d-42f4-908f-5b0be9aff918@group-A8D25C85FDCF-FOLLOWER: accept PRE_VOTE from 9b620cf5-1dd4-4083-97bd-ff44c8fea23e: our priority 0 <= candidate's priority 1
2025-09-13 17:31:24,955 [grpc-default-executor-4] INFO  server.RaftServer$Division (RaftServerImpl.java:requestVote(1455)) - 2f036b56-942d-42f4-908f-5b0be9aff918@group-A8D25C85FDCF replies to PRE_VOTE vote request: 9b620cf5-1dd4-4083-97bd-ff44c8fea23e<-2f036b56-942d-42f4-908f-5b0be9aff918#0:OK-t0-last:<INITIAL_VALUE>. Peer's state: 2f036b56-942d-42f4-908f-5b0be9aff918@group-A8D25C85FDCF:t0, leader=null, voted=, raftlog=Memoized:2f036b56-942d-42f4-908f-5b0be9aff918@group-A8D25C85FDCF-SegmentedRaftLog:OPENED:c-1:lastnull, conf=conf: {index: -1, cur=peers:[3dbe4e49-25e9-43f5-94e0-3ca31f2aaaf2|127.0.0.1:15063, 9b620cf5-1dd4-4083-97bd-ff44c8fea23e|127.0.0.1:15071, 2f036b56-942d-42f4-908f-5b0be9aff918|127.0.0.1:15079]|listeners:[], old=null}
2025-09-13 17:31:24,957 [9b620cf5-1dd4-4083-97bd-ff44c8fea23e@group-A8D25C85FDCF-LeaderElection20] INFO  impl.LeaderElection (LeaderElection.java:logAndReturn(206)) - 9b620cf5-1dd4-4083-97bd-ff44c8fea23e@group-A8D25C85FDCF-LeaderElection20: PRE_VOTE PASSED received 1 response(s) and 0 exception(s):
2025-09-13 17:31:24,957 [9b620cf5-1dd4-4083-97bd-ff44c8fea23e@group-A8D25C85FDCF-LeaderElection20] INFO  impl.LeaderElection (LeaderElection.java:logAndReturn(210)) -   Response 0: 9b620cf5-1dd4-4083-97bd-ff44c8fea23e<-2f036b56-942d-42f4-908f-5b0be9aff918#0:OK-t0-last:<INITIAL_VALUE>
2025-09-13 17:31:24,957 [9b620cf5-1dd4-4083-97bd-ff44c8fea23e@group-A8D25C85FDCF-LeaderElection20] INFO  impl.LeaderElection (LeaderElection.java:askForVotes(450)) - 9b620cf5-1dd4-4083-97bd-ff44c8fea23e@group-A8D25C85FDCF-LeaderElection20 PRE_VOTE round 0: result PASSED
2025-09-13 17:31:24,960 [9b620cf5-1dd4-4083-97bd-ff44c8fea23e@group-A8D25C85FDCF-LeaderElection20] INFO  impl.LeaderElection (LeaderElection.java:askForVotes(448)) - 9b620cf5-1dd4-4083-97bd-ff44c8fea23e@group-A8D25C85FDCF-LeaderElection20 ELECTION round 0: submit vote requests at term 1 for conf: {index: -1, cur=peers:[3dbe4e49-25e9-43f5-94e0-3ca31f2aaaf2|127.0.0.1:15063, 9b620cf5-1dd4-4083-97bd-ff44c8fea23e|127.0.0.1:15071, 2f036b56-942d-42f4-908f-5b0be9aff918|127.0.0.1:15079]|listeners:[], old=null}
2025-09-13 17:31:24,962 [grpc-default-executor-4] INFO  server.RaftServer$Division (RaftServerImpl.java:requestVote(1421)) - 3dbe4e49-25e9-43f5-94e0-3ca31f2aaaf2@group-A8D25C85FDCF: receive requestVote(ELECTION, 9b620cf5-1dd4-4083-97bd-ff44c8fea23e, group-A8D25C85FDCF, 1, <PROTO_DEFAULT>)
2025-09-13 17:31:24,962 [grpc-default-executor-4] INFO  impl.VoteContext (VoteContext.java:log(49)) - 3dbe4e49-25e9-43f5-94e0-3ca31f2aaaf2@group-A8D25C85FDCF-FOLLOWER: accept ELECTION from 9b620cf5-1dd4-4083-97bd-ff44c8fea23e: our priority 0 <= candidate's priority 1
2025-09-13 17:31:24,962 [grpc-default-executor-4] INFO  server.RaftServer$Division (RaftServerImpl.java:setRole(392)) - 3dbe4e49-25e9-43f5-94e0-3ca31f2aaaf2@group-A8D25C85FDCF: changes role from  FOLLOWER to FOLLOWER at term 0 for candidate:9b620cf5-1dd4-4083-97bd-ff44c8fea23e
2025-09-13 17:31:24,962 [grpc-default-executor-4] INFO  impl.RoleInfo (RoleInfo.java:shutdownFollowerState(121)) - 3dbe4e49-25e9-43f5-94e0-3ca31f2aaaf2: shutdown 3dbe4e49-25e9-43f5-94e0-3ca31f2aaaf2@group-A8D25C85FDCF-FollowerState
2025-09-13 17:31:24,963 [grpc-default-executor-4] INFO  impl.RoleInfo (RoleInfo.java:updateAndGet(148)) - 3dbe4e49-25e9-43f5-94e0-3ca31f2aaaf2: start 3dbe4e49-25e9-43f5-94e0-3ca31f2aaaf2@group-A8D25C85FDCF-FollowerState
2025-09-13 17:31:24,964 [3dbe4e49-25e9-43f5-94e0-3ca31f2aaaf2@group-A8D25C85FDCF-FollowerState] INFO  impl.FollowerState (FollowerState.java:runImpl(170)) - 3dbe4e49-25e9-43f5-94e0-3ca31f2aaaf2@group-A8D25C85FDCF-FollowerState was interrupted
2025-09-13 17:31:24,965 [grpc-default-executor-5] INFO  server.RaftServer$Division (RaftServerImpl.java:requestVote(1421)) - 2f036b56-942d-42f4-908f-5b0be9aff918@group-A8D25C85FDCF: receive requestVote(ELECTION, 9b620cf5-1dd4-4083-97bd-ff44c8fea23e, group-A8D25C85FDCF, 1, <PROTO_DEFAULT>)
2025-09-13 17:31:24,965 [grpc-default-executor-5] INFO  impl.VoteContext (VoteContext.java:log(49)) - 2f036b56-942d-42f4-908f-5b0be9aff918@group-A8D25C85FDCF-FOLLOWER: accept ELECTION from 9b620cf5-1dd4-4083-97bd-ff44c8fea23e: our priority 0 <= candidate's priority 1
2025-09-13 17:31:24,965 [grpc-default-executor-5] INFO  server.RaftServer$Division (RaftServerImpl.java:setRole(392)) - 2f036b56-942d-42f4-908f-5b0be9aff918@group-A8D25C85FDCF: changes role from  FOLLOWER to FOLLOWER at term 0 for candidate:9b620cf5-1dd4-4083-97bd-ff44c8fea23e
2025-09-13 17:31:24,966 [grpc-default-executor-5] INFO  impl.RoleInfo (RoleInfo.java:shutdownFollowerState(121)) - 2f036b56-942d-42f4-908f-5b0be9aff918: shutdown 2f036b56-942d-42f4-908f-5b0be9aff918@group-A8D25C85FDCF-FollowerState
2025-09-13 17:31:24,966 [grpc-default-executor-5] INFO  impl.RoleInfo (RoleInfo.java:updateAndGet(148)) - 2f036b56-942d-42f4-908f-5b0be9aff918: start 2f036b56-942d-42f4-908f-5b0be9aff918@group-A8D25C85FDCF-FollowerState
2025-09-13 17:31:24,966 [2f036b56-942d-42f4-908f-5b0be9aff918@group-A8D25C85FDCF-FollowerState] INFO  impl.FollowerState (FollowerState.java:runImpl(170)) - 2f036b56-942d-42f4-908f-5b0be9aff918@group-A8D25C85FDCF-FollowerState was interrupted
2025-09-13 17:31:24,967 [grpc-default-executor-4] INFO  server.RaftServer$Division (RaftServerImpl.java:requestVote(1455)) - 3dbe4e49-25e9-43f5-94e0-3ca31f2aaaf2@group-A8D25C85FDCF replies to ELECTION vote request: 9b620cf5-1dd4-4083-97bd-ff44c8fea23e<-3dbe4e49-25e9-43f5-94e0-3ca31f2aaaf2#0:OK-t1-last:<INITIAL_VALUE>. Peer's state: 3dbe4e49-25e9-43f5-94e0-3ca31f2aaaf2@group-A8D25C85FDCF:t1, leader=null, voted=9b620cf5-1dd4-4083-97bd-ff44c8fea23e, raftlog=Memoized:3dbe4e49-25e9-43f5-94e0-3ca31f2aaaf2@group-A8D25C85FDCF-SegmentedRaftLog:OPENED:c-1:lastnull, conf=conf: {index: -1, cur=peers:[3dbe4e49-25e9-43f5-94e0-3ca31f2aaaf2|127.0.0.1:15063, 9b620cf5-1dd4-4083-97bd-ff44c8fea23e|127.0.0.1:15071, 2f036b56-942d-42f4-908f-5b0be9aff918|127.0.0.1:15079]|listeners:[], old=null}
2025-09-13 17:31:24,968 [grpc-default-executor-5] INFO  server.RaftServer$Division (RaftServerImpl.java:setFirstElection(576)) - 2f036b56-942d-42f4-908f-5b0be9aff918@group-A8D25C85FDCF: set firstElectionSinceStartup to false for candidate:9b620cf5-1dd4-4083-97bd-ff44c8fea23e
2025-09-13 17:31:24,969 [grpc-default-executor-5] INFO  server.RaftServer$Division (RaftServerImpl.java:requestVote(1455)) - 2f036b56-942d-42f4-908f-5b0be9aff918@group-A8D25C85FDCF replies to ELECTION vote request: 9b620cf5-1dd4-4083-97bd-ff44c8fea23e<-2f036b56-942d-42f4-908f-5b0be9aff918#0:OK-t1-last:<INITIAL_VALUE>. Peer's state: 2f036b56-942d-42f4-908f-5b0be9aff918@group-A8D25C85FDCF:t1, leader=null, voted=9b620cf5-1dd4-4083-97bd-ff44c8fea23e, raftlog=Memoized:2f036b56-942d-42f4-908f-5b0be9aff918@group-A8D25C85FDCF-SegmentedRaftLog:OPENED:c-1:lastnull, conf=conf: {index: -1, cur=peers:[3dbe4e49-25e9-43f5-94e0-3ca31f2aaaf2|127.0.0.1:15063, 9b620cf5-1dd4-4083-97bd-ff44c8fea23e|127.0.0.1:15071, 2f036b56-942d-42f4-908f-5b0be9aff918|127.0.0.1:15079]|listeners:[], old=null}
2025-09-13 17:31:24,971 [9b620cf5-1dd4-4083-97bd-ff44c8fea23e@group-A8D25C85FDCF-LeaderElection20] INFO  impl.LeaderElection (LeaderElection.java:logAndReturn(206)) - 9b620cf5-1dd4-4083-97bd-ff44c8fea23e@group-A8D25C85FDCF-LeaderElection20: ELECTION PASSED received 1 response(s) and 0 exception(s):
2025-09-13 17:31:24,971 [9b620cf5-1dd4-4083-97bd-ff44c8fea23e@group-A8D25C85FDCF-LeaderElection20] INFO  impl.LeaderElection (LeaderElection.java:logAndReturn(210)) -   Response 0: 9b620cf5-1dd4-4083-97bd-ff44c8fea23e<-2f036b56-942d-42f4-908f-5b0be9aff918#0:OK-t1-last:<INITIAL_VALUE>
2025-09-13 17:31:24,971 [9b620cf5-1dd4-4083-97bd-ff44c8fea23e@group-A8D25C85FDCF-LeaderElection20] INFO  impl.LeaderElection (LeaderElection.java:askForVotes(450)) - 9b620cf5-1dd4-4083-97bd-ff44c8fea23e@group-A8D25C85FDCF-LeaderElection20 ELECTION round 0: result PASSED
2025-09-13 17:31:24,971 [9b620cf5-1dd4-4083-97bd-ff44c8fea23e@group-A8D25C85FDCF-LeaderElection20] INFO  impl.RoleInfo (RoleInfo.java:shutdownLeaderElection(141)) - 9b620cf5-1dd4-4083-97bd-ff44c8fea23e: shutdown 9b620cf5-1dd4-4083-97bd-ff44c8fea23e@group-A8D25C85FDCF-LeaderElection20
2025-09-13 17:31:24,972 [9b620cf5-1dd4-4083-97bd-ff44c8fea23e@group-A8D25C85FDCF-LeaderElection20] INFO  server.RaftServer$Division (RaftServerImpl.java:setRole(392)) - 9b620cf5-1dd4-4083-97bd-ff44c8fea23e@group-A8D25C85FDCF: changes role from CANDIDATE to LEADER at term 1 for changeToLeader
2025-09-13 17:31:24,972 [9b620cf5-1dd4-4083-97bd-ff44c8fea23e@group-A8D25C85FDCF-LeaderElection20] INFO  server.RaftServerConfigKeys (ConfUtils.java:logFallback(69)) - raft.server.staging.timeout = 3600ms (fallback to raft.server.rpc.timeout.max)
2025-09-13 17:31:24,972 [9b620cf5-1dd4-4083-97bd-ff44c8fea23e@group-A8D25C85FDCF-LeaderElection20] INFO  server.RaftServerConfigKeys (ConfUtils.java:logGet(62)) - raft.server.write.byte-limit = 1024 M (=1073741824) (custom)
2025-09-13 17:31:24,975 [9b620cf5-1dd4-4083-97bd-ff44c8fea23e@group-A8D25C85FDCF-LeaderElection20] INFO  server.RaftServerConfigKeys (ConfUtils.java:logGet(62)) - raft.server.log.appender.buffer.byte-limit = 33554432 (custom)
2025-09-13 17:31:24,977 [9b620cf5-1dd4-4083-97bd-ff44c8fea23e@group-A8D25C85FDCF-LeaderElection20] INFO  server.RaftServerConfigKeys (ConfUtils.java:logGet(62)) - raft.server.log.appender.buffer.byte-limit = 33554432 (custom)
2025-09-13 17:31:24,977 [9b620cf5-1dd4-4083-97bd-ff44c8fea23e@group-A8D25C85FDCF-LeaderElection20] INFO  impl.RoleInfo (RoleInfo.java:updateAndGet(148)) - 9b620cf5-1dd4-4083-97bd-ff44c8fea23e: start 9b620cf5-1dd4-4083-97bd-ff44c8fea23e@group-A8D25C85FDCF-LeaderStateImpl
2025-09-13 17:31:24,977 [9b620cf5-1dd4-4083-97bd-ff44c8fea23e@group-A8D25C85FDCF-LeaderElection20] INFO  server.RaftServer$Division (RaftServerImpl.java:setFirstElection(576)) - 9b620cf5-1dd4-4083-97bd-ff44c8fea23e@group-A8D25C85FDCF: set firstElectionSinceStartup to false for becomeLeader
2025-09-13 17:31:24,977 [9b620cf5-1dd4-4083-97bd-ff44c8fea23e@group-A8D25C85FDCF-LeaderElection20] INFO  ratis.XceiverServerRatis (XceiverServerRatis.java:handleLeaderChangedNotification(932)) - Leader change notification received for group: group-A8D25C85FDCF with new leaderId: 9b620cf5-1dd4-4083-97bd-ff44c8fea23e
2025-09-13 17:31:24,977 [9b620cf5-1dd4-4083-97bd-ff44c8fea23e@group-A8D25C85FDCF-LeaderElection20] INFO  server.RaftServer$Division (ServerState.java:setLeader(272)) - 9b620cf5-1dd4-4083-97bd-ff44c8fea23e@group-A8D25C85FDCF: change Leader from null to 9b620cf5-1dd4-4083-97bd-ff44c8fea23e at term 1 for becomeLeader, leader elected after 1174ms
2025-09-13 17:31:24,978 [9b620cf5-1dd4-4083-97bd-ff44c8fea23e@group-A8D25C85FDCF-LeaderElection20] INFO  segmented.SegmentedRaftLogWorker (SegmentedRaftLogWorker.java:startLogSegment(440)) - 9b620cf5-1dd4-4083-97bd-ff44c8fea23e@group-A8D25C85FDCF-SegmentedRaftLogWorker: Starting segment from index:0
2025-09-13 17:31:24,978 [9b620cf5-1dd4-4083-97bd-ff44c8fea23e@group-A8D25C85FDCF-SegmentedRaftLogWorker] INFO  segmented.BufferedWriteChannel (BufferedWriteChannel.java:open(61)) - open log_inprogress_0 at position 0
2025-09-13 17:31:24,981 [9b620cf5-1dd4-4083-97bd-ff44c8fea23e@group-A8D25C85FDCF-LeaderElection20] INFO  server.RaftServer$Division (ServerState.java:setRaftConf(386)) - 9b620cf5-1dd4-4083-97bd-ff44c8fea23e@group-A8D25C85FDCF: set configuration conf: {index: 0, cur=peers:[3dbe4e49-25e9-43f5-94e0-3ca31f2aaaf2|127.0.0.1:15063, 9b620cf5-1dd4-4083-97bd-ff44c8fea23e|127.0.0.1:15071, 2f036b56-942d-42f4-908f-5b0be9aff918|127.0.0.1:15079]|listeners:[], old=null}
2025-09-13 17:31:24,986 [9b620cf5-1dd4-4083-97bd-ff44c8fea23e@group-A8D25C85FDCF-SegmentedRaftLogWorker] INFO  segmented.SegmentedRaftLogWorker (SegmentedRaftLogWorker.java:execute(647)) - 9b620cf5-1dd4-4083-97bd-ff44c8fea23e@group-A8D25C85FDCF-SegmentedRaftLogWorker: created new log segment /home/runner/work/ozone/ozone/hadoop-ozone/integration-test/target/test-dir/MiniOzoneClusterImpl-1331a795-ed08-415d-924a-7661a5cf51a5/ozone-metadata/datanode-8/ratis/04878825-8370-49d4-b879-a8d25c85fdcf/current/log_inprogress_0
2025-09-13 17:31:24,991 [EventQueue-PipelineReportForPipelineReportHandler] INFO  pipeline.PipelineReportHandler (PipelineReportHandler.java:processPipelineReport(132)) - Opened pipeline Pipeline-04878825-8370-49d4-b879-a8d25c85fdcf
2025-09-13 17:31:24,992 [grpc-default-executor-1] INFO  ratis.XceiverServerRatis (XceiverServerRatis.java:handleLeaderChangedNotification(932)) - Leader change notification received for group: group-A8D25C85FDCF with new leaderId: 9b620cf5-1dd4-4083-97bd-ff44c8fea23e
2025-09-13 17:31:24,992 [grpc-default-executor-1] INFO  server.RaftServer$Division (ServerState.java:setLeader(272)) - 2f036b56-942d-42f4-908f-5b0be9aff918@group-A8D25C85FDCF: change Leader from null to 9b620cf5-1dd4-4083-97bd-ff44c8fea23e at term 1 for appendEntries, leader elected after 1302ms
2025-09-13 17:31:24,993 [grpc-default-executor-3] INFO  ratis.XceiverServerRatis (XceiverServerRatis.java:handleLeaderChangedNotification(932)) - Leader change notification received for group: group-A8D25C85FDCF with new leaderId: 9b620cf5-1dd4-4083-97bd-ff44c8fea23e
2025-09-13 17:31:24,993 [grpc-default-executor-3] INFO  server.RaftServer$Division (ServerState.java:setLeader(272)) - 3dbe4e49-25e9-43f5-94e0-3ca31f2aaaf2@group-A8D25C85FDCF: change Leader from null to 9b620cf5-1dd4-4083-97bd-ff44c8fea23e at term 1 for appendEntries, leader elected after 1230ms
2025-09-13 17:31:24,995 [grpc-default-executor-3] INFO  server.RaftServer$Division (ServerState.java:setRaftConf(386)) - 3dbe4e49-25e9-43f5-94e0-3ca31f2aaaf2@group-A8D25C85FDCF: set configuration conf: {index: 0, cur=peers:[3dbe4e49-25e9-43f5-94e0-3ca31f2aaaf2|127.0.0.1:15063, 9b620cf5-1dd4-4083-97bd-ff44c8fea23e|127.0.0.1:15071, 2f036b56-942d-42f4-908f-5b0be9aff918|127.0.0.1:15079]|listeners:[], old=null}
2025-09-13 17:31:24,996 [grpc-default-executor-3] INFO  segmented.SegmentedRaftLogWorker (SegmentedRaftLogWorker.java:startLogSegment(440)) - 3dbe4e49-25e9-43f5-94e0-3ca31f2aaaf2@group-A8D25C85FDCF-SegmentedRaftLogWorker: Starting segment from index:0
2025-09-13 17:31:24,996 [3dbe4e49-25e9-43f5-94e0-3ca31f2aaaf2@group-A8D25C85FDCF-SegmentedRaftLogWorker] INFO  segmented.BufferedWriteChannel (BufferedWriteChannel.java:open(61)) - open log_inprogress_0 at position 0
2025-09-13 17:31:24,996 [grpc-default-executor-0] INFO  server.RaftServer$Division (ServerState.java:setRaftConf(386)) - 2f036b56-942d-42f4-908f-5b0be9aff918@group-A8D25C85FDCF: set configuration conf: {index: 0, cur=peers:[3dbe4e49-25e9-43f5-94e0-3ca31f2aaaf2|127.0.0.1:15063, 9b620cf5-1dd4-4083-97bd-ff44c8fea23e|127.0.0.1:15071, 2f036b56-942d-42f4-908f-5b0be9aff918|127.0.0.1:15079]|listeners:[], old=null}
2025-09-13 17:31:24,999 [grpc-default-executor-0] INFO  segmented.SegmentedRaftLogWorker (SegmentedRaftLogWorker.java:startLogSegment(440)) - 2f036b56-942d-42f4-908f-5b0be9aff918@group-A8D25C85FDCF-SegmentedRaftLogWorker: Starting segment from index:0
2025-09-13 17:31:24,999 [2f036b56-942d-42f4-908f-5b0be9aff918@group-A8D25C85FDCF-SegmentedRaftLogWorker] INFO  segmented.BufferedWriteChannel (BufferedWriteChannel.java:open(61)) - open log_inprogress_0 at position 0
2025-09-13 17:31:25,005 [3dbe4e49-25e9-43f5-94e0-3ca31f2aaaf2@group-A8D25C85FDCF-SegmentedRaftLogWorker] INFO  segmented.SegmentedRaftLogWorker (SegmentedRaftLogWorker.java:execute(647)) - 3dbe4e49-25e9-43f5-94e0-3ca31f2aaaf2@group-A8D25C85FDCF-SegmentedRaftLogWorker: created new log segment /home/runner/work/ozone/ozone/hadoop-ozone/integration-test/target/test-dir/MiniOzoneClusterImpl-1331a795-ed08-415d-924a-7661a5cf51a5/ozone-metadata/datanode-7/ratis/04878825-8370-49d4-b879-a8d25c85fdcf/current/log_inprogress_0
2025-09-13 17:31:25,006 [2f036b56-942d-42f4-908f-5b0be9aff918@group-A8D25C85FDCF-SegmentedRaftLogWorker] INFO  segmented.SegmentedRaftLogWorker (SegmentedRaftLogWorker.java:execute(647)) - 2f036b56-942d-42f4-908f-5b0be9aff918@group-A8D25C85FDCF-SegmentedRaftLogWorker: created new log segment /home/runner/work/ozone/ozone/hadoop-ozone/integration-test/target/test-dir/MiniOzoneClusterImpl-1331a795-ed08-415d-924a-7661a5cf51a5/ozone-metadata/datanode-9/ratis/04878825-8370-49d4-b879-a8d25c85fdcf/current/log_inprogress_0
2025-09-13 17:31:25,011 [9b620cf5-1dd4-4083-97bd-ff44c8fea23e@group-A8D25C85FDCF-StateMachineUpdater] INFO  server.RaftServer$Division (LeaderStateImpl.java:checkStartIndex(309)) - Leader 9b620cf5-1dd4-4083-97bd-ff44c8fea23e@group-A8D25C85FDCF-LeaderStateImpl is ready since appliedIndex == startIndex == 0
2025-09-13 17:31:25,127 [3dbe4e49-25e9-43f5-94e0-3ca31f2aaaf2@group-7B0F0416234C-FollowerState] INFO  impl.FollowerState (FollowerState.java:runImpl(161)) - 3dbe4e49-25e9-43f5-94e0-3ca31f2aaaf2@group-7B0F0416234C-FollowerState: change to CANDIDATE, lastRpcElapsedTime:1140250707ns, electionTimeout:1139ms
2025-09-13 17:31:25,128 [3dbe4e49-25e9-43f5-94e0-3ca31f2aaaf2@group-7B0F0416234C-FollowerState] INFO  impl.RoleInfo (RoleInfo.java:shutdownFollowerState(121)) - 3dbe4e49-25e9-43f5-94e0-3ca31f2aaaf2: shutdown 3dbe4e49-25e9-43f5-94e0-3ca31f2aaaf2@group-7B0F0416234C-FollowerState
2025-09-13 17:31:25,128 [3dbe4e49-25e9-43f5-94e0-3ca31f2aaaf2@group-7B0F0416234C-FollowerState] INFO  server.RaftServer$Division (RaftServerImpl.java:setRole(392)) - 3dbe4e49-25e9-43f5-94e0-3ca31f2aaaf2@group-7B0F0416234C: changes role from  FOLLOWER to CANDIDATE at term 0 for changeToCandidate
2025-09-13 17:31:25,128 [3dbe4e49-25e9-43f5-94e0-3ca31f2aaaf2@group-7B0F0416234C-FollowerState] INFO  impl.RoleInfo (RoleInfo.java:updateAndGet(148)) - 3dbe4e49-25e9-43f5-94e0-3ca31f2aaaf2: start 3dbe4e49-25e9-43f5-94e0-3ca31f2aaaf2@group-7B0F0416234C-LeaderElection21
2025-09-13 17:31:25,129 [3dbe4e49-25e9-43f5-94e0-3ca31f2aaaf2@group-7B0F0416234C-LeaderElection21] INFO  impl.LeaderElection (LeaderElection.java:askForVotes(448)) - 3dbe4e49-25e9-43f5-94e0-3ca31f2aaaf2@group-7B0F0416234C-LeaderElection21 PRE_VOTE round 0: submit vote requests at term 0 for conf: {index: -1, cur=peers:[3dbe4e49-25e9-43f5-94e0-3ca31f2aaaf2|127.0.0.1:15063]|listeners:[], old=null}
2025-09-13 17:31:25,129 [3dbe4e49-25e9-43f5-94e0-3ca31f2aaaf2@group-7B0F0416234C-LeaderElection21] INFO  impl.LeaderElection (LeaderElection.java:askForVotes(450)) - 3dbe4e49-25e9-43f5-94e0-3ca31f2aaaf2@group-7B0F0416234C-LeaderElection21 PRE_VOTE round 0: result PASSED (term=0)
2025-09-13 17:31:25,131 [3dbe4e49-25e9-43f5-94e0-3ca31f2aaaf2@group-7B0F0416234C-LeaderElection21] INFO  impl.LeaderElection (LeaderElection.java:askForVotes(448)) - 3dbe4e49-25e9-43f5-94e0-3ca31f2aaaf2@group-7B0F0416234C-LeaderElection21 ELECTION round 0: submit vote requests at term 1 for conf: {index: -1, cur=peers:[3dbe4e49-25e9-43f5-94e0-3ca31f2aaaf2|127.0.0.1:15063]|listeners:[], old=null}
2025-09-13 17:31:25,131 [3dbe4e49-25e9-43f5-94e0-3ca31f2aaaf2@group-7B0F0416234C-LeaderElection21] INFO  impl.LeaderElection (LeaderElection.java:askForVotes(450)) - 3dbe4e49-25e9-43f5-94e0-3ca31f2aaaf2@group-7B0F0416234C-LeaderElection21 ELECTION round 0: result PASSED (term=1)
2025-09-13 17:31:25,131 [3dbe4e49-25e9-43f5-94e0-3ca31f2aaaf2@group-7B0F0416234C-LeaderElection21] INFO  impl.RoleInfo (RoleInfo.java:shutdownLeaderElection(141)) - 3dbe4e49-25e9-43f5-94e0-3ca31f2aaaf2: shutdown 3dbe4e49-25e9-43f5-94e0-3ca31f2aaaf2@group-7B0F0416234C-LeaderElection21
2025-09-13 17:31:25,131 [3dbe4e49-25e9-43f5-94e0-3ca31f2aaaf2@group-7B0F0416234C-LeaderElection21] INFO  server.RaftServer$Division (RaftServerImpl.java:setRole(392)) - 3dbe4e49-25e9-43f5-94e0-3ca31f2aaaf2@group-7B0F0416234C: changes role from CANDIDATE to LEADER at term 1 for changeToLeader
2025-09-13 17:31:25,131 [3dbe4e49-25e9-43f5-94e0-3ca31f2aaaf2@group-7B0F0416234C-LeaderElection21] INFO  server.RaftServerConfigKeys (ConfUtils.java:logFallback(69)) - raft.server.staging.timeout = 3600ms (fallback to raft.server.rpc.timeout.max)
2025-09-13 17:31:25,131 [3dbe4e49-25e9-43f5-94e0-3ca31f2aaaf2@group-7B0F0416234C-LeaderElection21] INFO  server.RaftServerConfigKeys (ConfUtils.java:logGet(62)) - raft.server.write.byte-limit = 1024 M (=1073741824) (custom)
2025-09-13 17:31:25,132 [3dbe4e49-25e9-43f5-94e0-3ca31f2aaaf2@group-7B0F0416234C-LeaderElection21] INFO  impl.RoleInfo (RoleInfo.java:updateAndGet(148)) - 3dbe4e49-25e9-43f5-94e0-3ca31f2aaaf2: start 3dbe4e49-25e9-43f5-94e0-3ca31f2aaaf2@group-7B0F0416234C-LeaderStateImpl
2025-09-13 17:31:25,132 [3dbe4e49-25e9-43f5-94e0-3ca31f2aaaf2@group-7B0F0416234C-LeaderElection21] INFO  server.RaftServer$Division (RaftServerImpl.java:setFirstElection(576)) - 3dbe4e49-25e9-43f5-94e0-3ca31f2aaaf2@group-7B0F0416234C: set firstElectionSinceStartup to false for becomeLeader
2025-09-13 17:31:25,132 [3dbe4e49-25e9-43f5-94e0-3ca31f2aaaf2@group-7B0F0416234C-LeaderElection21] INFO  ratis.XceiverServerRatis (XceiverServerRatis.java:handleLeaderChangedNotification(932)) - Leader change notification received for group: group-7B0F0416234C with new leaderId: 3dbe4e49-25e9-43f5-94e0-3ca31f2aaaf2
2025-09-13 17:31:25,134 [3dbe4e49-25e9-43f5-94e0-3ca31f2aaaf2@group-7B0F0416234C-LeaderElection21] INFO  server.RaftServer$Division (ServerState.java:setLeader(272)) - 3dbe4e49-25e9-43f5-94e0-3ca31f2aaaf2@group-7B0F0416234C: change Leader from null to 3dbe4e49-25e9-43f5-94e0-3ca31f2aaaf2 at term 1 for becomeLeader, leader elected after 1167ms
2025-09-13 17:31:25,135 [3dbe4e49-25e9-43f5-94e0-3ca31f2aaaf2@group-7B0F0416234C-LeaderElection21] INFO  segmented.SegmentedRaftLogWorker (SegmentedRaftLogWorker.java:startLogSegment(440)) - 3dbe4e49-25e9-43f5-94e0-3ca31f2aaaf2@group-7B0F0416234C-SegmentedRaftLogWorker: Starting segment from index:0
2025-09-13 17:31:25,135 [3dbe4e49-25e9-43f5-94e0-3ca31f2aaaf2@group-7B0F0416234C-LeaderElection21] INFO  server.RaftServer$Division (ServerState.java:setRaftConf(386)) - 3dbe4e49-25e9-43f5-94e0-3ca31f2aaaf2@group-7B0F0416234C: set configuration conf: {index: 0, cur=peers:[3dbe4e49-25e9-43f5-94e0-3ca31f2aaaf2|127.0.0.1:15063]|listeners:[], old=null}
2025-09-13 17:31:25,135 [3dbe4e49-25e9-43f5-94e0-3ca31f2aaaf2@group-7B0F0416234C-SegmentedRaftLogWorker] INFO  segmented.BufferedWriteChannel (BufferedWriteChannel.java:open(61)) - open log_inprogress_0 at position 0
2025-09-13 17:31:25,139 [ForkJoinPool-1-worker-1] INFO  ozoneimpl.OzoneContainer (OzoneContainer.java:stop(549)) - Attempting to stop container services.
2025-09-13 17:31:25,140 [ContainerMetadataScanner] WARN  ozoneimpl.AbstractBackgroundContainerScanner (AbstractBackgroundContainerScanner.java:handleRemainingSleep(136)) - Background container scan was interrupted.
2025-09-13 17:31:25,140 [ContainerMetadataScanner] INFO  ozoneimpl.AbstractBackgroundContainerScanner (AbstractBackgroundContainerScanner.java:run(63)) - org.apache.hadoop.ozone.container.ozoneimpl.BackgroundContainerMetadataScanner@1ff2b73e exiting.
2025-09-13 17:31:25,141 [ForkJoinPool-1-worker-1] INFO  ozoneimpl.BackgroundContainerDataScanner (BackgroundContainerDataScanner.java:shutdown(87)) - ContainerDataScanner(/home/runner/work/ozone/ozone/hadoop-ozone/integration-test/target/test-dir/MiniOzoneClusterImpl-1331a795-ed08-415d-924a-7661a5cf51a5/ozone-metadata/datanode-6/data-0/hdds) is shutting down. 
2025-09-13 17:31:25,141 [ContainerDataScanner(/home/runner/work/ozone/ozone/hadoop-ozone/integration-test/target/test-dir/MiniOzoneClusterImpl-1331a795-ed08-415d-924a-7661a5cf51a5/ozone-metadata/datanode-6/data-0/hdds)] WARN  ozoneimpl.AbstractBackgroundContainerScanner (AbstractBackgroundContainerScanner.java:handleRemainingSleep(136)) - Background container scan was interrupted.
2025-09-13 17:31:25,142 [ContainerDataScanner(/home/runner/work/ozone/ozone/hadoop-ozone/integration-test/target/test-dir/MiniOzoneClusterImpl-1331a795-ed08-415d-924a-7661a5cf51a5/ozone-metadata/datanode-6/data-0/hdds)] INFO  ozoneimpl.AbstractBackgroundContainerScanner (AbstractBackgroundContainerScanner.java:run(63)) - ContainerDataScanner(/home/runner/work/ozone/ozone/hadoop-ozone/integration-test/target/test-dir/MiniOzoneClusterImpl-1331a795-ed08-415d-924a-7661a5cf51a5/ozone-metadata/datanode-6/data-0/hdds, DS-22fb78ac-1833-44ab-8f02-751f4fb3033d) exiting.
2025-09-13 17:31:25,144 [ForkJoinPool-1-worker-1] INFO  ozoneimpl.OnDemandContainerScanner (OnDemandContainerScanner.java:shutdown(141)) - On-demand container scanner is shutting down.
2025-09-13 17:31:25,150 [ForkJoinPool-1-worker-1] INFO  ratis.XceiverServerRatis (XceiverServerRatis.java:stop(595)) - Closing XceiverServerRatis(d3aade32-661d-499d-9068-ea1550ed8656)
2025-09-13 17:31:25,150 [ForkJoinPool-1-worker-1] INFO  server.RaftServer (RaftServerProxy.java:lambda$close$9(422)) - d3aade32-661d-499d-9068-ea1550ed8656: close
2025-09-13 17:31:25,151 [d3aade32-661d-499d-9068-ea1550ed8656-impl-thread1] INFO  server.RaftServer$Division (RaftServerImpl.java:lambda$close$1(527)) - d3aade32-661d-499d-9068-ea1550ed8656@group-23D9289878C2: shutdown
2025-09-13 17:31:25,151 [d3aade32-661d-499d-9068-ea1550ed8656-impl-thread1] INFO  util.JmxRegister (JmxRegister.java:unregister(74)) - Successfully un-registered JMX Bean with object name Ratis:service=RaftServer,group=group-23D9289878C2,id=d3aade32-661d-499d-9068-ea1550ed8656
2025-09-13 17:31:25,151 [d3aade32-661d-499d-9068-ea1550ed8656-impl-thread1] INFO  impl.RoleInfo (RoleInfo.java:shutdownFollowerState(121)) - d3aade32-661d-499d-9068-ea1550ed8656: shutdown d3aade32-661d-499d-9068-ea1550ed8656@group-23D9289878C2-FollowerState
2025-09-13 17:31:25,152 [d3aade32-661d-499d-9068-ea1550ed8656@group-23D9289878C2-FollowerState] INFO  impl.FollowerState (FollowerState.java:runImpl(170)) - d3aade32-661d-499d-9068-ea1550ed8656@group-23D9289878C2-FollowerState was interrupted
2025-09-13 17:31:25,151 [ForkJoinPool-1-worker-1] INFO  server.GrpcServicesImpl (GrpcServicesImpl.java:closeImpl(355)) - d3aade32-661d-499d-9068-ea1550ed8656: shutdown server org.apache.ratis.grpc.server.GrpcClientProtocolService now
2025-09-13 17:31:25,151 [d3aade32-661d-499d-9068-ea1550ed8656-impl-thread2] INFO  server.RaftServer$Division (RaftServerImpl.java:lambda$close$1(527)) - d3aade32-661d-499d-9068-ea1550ed8656@group-A2CF3D226E33: shutdown
2025-09-13 17:31:25,152 [d3aade32-661d-499d-9068-ea1550ed8656-impl-thread2] INFO  util.JmxRegister (JmxRegister.java:unregister(74)) - Successfully un-registered JMX Bean with object name Ratis:service=RaftServer,group=group-A2CF3D226E33,id=d3aade32-661d-499d-9068-ea1550ed8656
2025-09-13 17:31:25,152 [d3aade32-661d-499d-9068-ea1550ed8656-impl-thread2] INFO  impl.RoleInfo (RoleInfo.java:shutdownLeaderState(103)) - d3aade32-661d-499d-9068-ea1550ed8656: shutdown d3aade32-661d-499d-9068-ea1550ed8656@group-A2CF3D226E33-LeaderStateImpl
2025-09-13 17:31:25,153 [d3aade32-661d-499d-9068-ea1550ed8656-impl-thread2] INFO  impl.PendingRequests (PendingRequests.java:sendNotLeaderResponses(287)) - d3aade32-661d-499d-9068-ea1550ed8656@group-A2CF3D226E33-PendingRequests: sendNotLeaderResponses
2025-09-13 17:31:25,152 [d3aade32-661d-499d-9068-ea1550ed8656-impl-thread1] INFO  impl.StateMachineUpdater (StateMachineUpdater.java:stopAndJoin(163)) - d3aade32-661d-499d-9068-ea1550ed8656@group-23D9289878C2-StateMachineUpdater: set stopIndex = 2
2025-09-13 17:31:25,151 [d3aade32-661d-499d-9068-ea1550ed8656-impl-thread3] INFO  server.RaftServer$Division (RaftServerImpl.java:lambda$close$1(527)) - d3aade32-661d-499d-9068-ea1550ed8656@group-853F78DB4750: shutdown
2025-09-13 17:31:25,154 [d3aade32-661d-499d-9068-ea1550ed8656-impl-thread3] INFO  util.JmxRegister (JmxRegister.java:unregister(74)) - Successfully un-registered JMX Bean with object name Ratis:service=RaftServer,group=group-853F78DB4750,id=d3aade32-661d-499d-9068-ea1550ed8656
2025-09-13 17:31:25,154 [d3aade32-661d-499d-9068-ea1550ed8656-impl-thread3] INFO  impl.RoleInfo (RoleInfo.java:shutdownFollowerState(121)) - d3aade32-661d-499d-9068-ea1550ed8656: shutdown d3aade32-661d-499d-9068-ea1550ed8656@group-853F78DB4750-FollowerState
2025-09-13 17:31:25,154 [d3aade32-661d-499d-9068-ea1550ed8656-impl-thread3] INFO  impl.StateMachineUpdater (StateMachineUpdater.java:stopAndJoin(163)) - d3aade32-661d-499d-9068-ea1550ed8656@group-853F78DB4750-StateMachineUpdater: set stopIndex = 0
2025-09-13 17:31:25,155 [d3aade32-661d-499d-9068-ea1550ed8656@group-853F78DB4750-StateMachineUpdater] INFO  ratis.ContainerStateMachine (ContainerStateMachine.java:takeSnapshot(427)) - group-853F78DB4750: Taking a snapshot at:(t:1, i:0) file /home/runner/work/ozone/ozone/hadoop-ozone/integration-test/target/test-dir/MiniOzoneClusterImpl-1331a795-ed08-415d-924a-7661a5cf51a5/ozone-metadata/datanode-6/ratis/79b5a704-a3b5-4a89-89e6-853f78db4750/sm/snapshot.1_0
2025-09-13 17:31:25,155 [ForkJoinPool-1-worker-1] INFO  server.GrpcServicesImpl (GrpcServicesImpl.java:closeImpl(364)) - d3aade32-661d-499d-9068-ea1550ed8656: shutdown server org.apache.ratis.grpc.server.GrpcClientProtocolService successfully
2025-09-13 17:31:25,155 [ForkJoinPool-1-worker-1] INFO  server.GrpcServicesImpl (GrpcServicesImpl.java:closeImpl(355)) - d3aade32-661d-499d-9068-ea1550ed8656: shutdown server GrpcServerProtocolService now
2025-09-13 17:31:25,156 [d3aade32-661d-499d-9068-ea1550ed8656-impl-thread2] INFO  impl.StateMachineUpdater (StateMachineUpdater.java:stopAndJoin(163)) - d3aade32-661d-499d-9068-ea1550ed8656@group-A2CF3D226E33-StateMachineUpdater: set stopIndex = 0
2025-09-13 17:31:25,156 [3dbe4e49-25e9-43f5-94e0-3ca31f2aaaf2@group-7B0F0416234C-SegmentedRaftLogWorker] INFO  segmented.SegmentedRaftLogWorker (SegmentedRaftLogWorker.java:execute(647)) - 3dbe4e49-25e9-43f5-94e0-3ca31f2aaaf2@group-7B0F0416234C-SegmentedRaftLogWorker: created new log segment /home/runner/work/ozone/ozone/hadoop-ozone/integration-test/target/test-dir/MiniOzoneClusterImpl-1331a795-ed08-415d-924a-7661a5cf51a5/ozone-metadata/datanode-7/ratis/f5ff5807-9027-40e4-b9dd-7b0f0416234c/current/log_inprogress_0
2025-09-13 17:31:25,156 [d3aade32-661d-499d-9068-ea1550ed8656@group-A2CF3D226E33-StateMachineUpdater] INFO  ratis.ContainerStateMachine (ContainerStateMachine.java:takeSnapshot(427)) - group-A2CF3D226E33: Taking a snapshot at:(t:1, i:0) file /home/runner/work/ozone/ozone/hadoop-ozone/integration-test/target/test-dir/MiniOzoneClusterImpl-1331a795-ed08-415d-924a-7661a5cf51a5/ozone-metadata/datanode-6/ratis/de4f7cab-11b4-4055-aff7-a2cf3d226e33/sm/snapshot.1_0
2025-09-13 17:31:25,157 [d3aade32-661d-499d-9068-ea1550ed8656@group-23D9289878C2-StateMachineUpdater] INFO  ratis.ContainerStateMachine (ContainerStateMachine.java:takeSnapshot(427)) - group-23D9289878C2: Taking a snapshot at:(t:1, i:2) file /home/runner/work/ozone/ozone/hadoop-ozone/integration-test/target/test-dir/MiniOzoneClusterImpl-1331a795-ed08-415d-924a-7661a5cf51a5/ozone-metadata/datanode-6/ratis/7755b6c1-031a-4d9a-a8c0-23d9289878c2/sm/snapshot.1_2
2025-09-13 17:31:25,158 [3dbe4e49-25e9-43f5-94e0-3ca31f2aaaf2@group-7B0F0416234C-StateMachineUpdater] INFO  server.RaftServer$Division (LeaderStateImpl.java:checkStartIndex(309)) - Leader 3dbe4e49-25e9-43f5-94e0-3ca31f2aaaf2@group-7B0F0416234C-LeaderStateImpl is ready since appliedIndex == startIndex == 0
2025-09-13 17:31:25,159 [d3aade32-661d-499d-9068-ea1550ed8656@group-853F78DB4750-FollowerState] INFO  impl.FollowerState (FollowerState.java:runImpl(170)) - d3aade32-661d-499d-9068-ea1550ed8656@group-853F78DB4750-FollowerState was interrupted
2025-09-13 17:31:25,167 [grpc-default-executor-0] WARN  server.GrpcServerProtocolService (LogUtils.java:warn(127)) - d3aade32-661d-499d-9068-ea1550ed8656: APPEND_ENTRIES onError, lastRequest: null: org.apache.ratis.thirdparty.io.grpc.StatusRuntimeException: CANCELLED: client cancelled
2025-09-13 17:31:25,168 [grpc-default-executor-1] WARN  server.GrpcServerProtocolService (LogUtils.java:warn(127)) - d3aade32-661d-499d-9068-ea1550ed8656: APPEND_ENTRIES onError, lastRequest: beda0dcb-37da-4cca-bea2-e222cb1bc351->d3aade32-661d-499d-9068-ea1550ed8656#9-t1,previous=(t:1, i:3),leaderCommit=2,initializing? false,entries: size=1, first=(t:1, i:4), METADATAENTRY(c:2): org.apache.ratis.thirdparty.io.grpc.StatusRuntimeException: CANCELLED: client cancelled
2025-09-13 17:31:25,168 [ForkJoinPool-1-worker-1] INFO  server.GrpcServicesImpl (GrpcServicesImpl.java:closeImpl(364)) - d3aade32-661d-499d-9068-ea1550ed8656: shutdown server GrpcServerProtocolService successfully
2025-09-13 17:31:25,168 [grpc-default-executor-2] WARN  server.GrpcServerProtocolService (LogUtils.java:warn(127)) - d3aade32-661d-499d-9068-ea1550ed8656: APPEND_ENTRIES onError, lastRequest: null: org.apache.ratis.thirdparty.io.grpc.StatusRuntimeException: CANCELLED: client cancelled
2025-09-13 17:31:25,168 [ForkJoinPool-1-worker-1] INFO  server.GrpcServicesImpl (GrpcServicesImpl.java:closeImpl(355)) - d3aade32-661d-499d-9068-ea1550ed8656: shutdown server org.apache.ratis.grpc.server.GrpcAdminProtocolService now
2025-09-13 17:31:25,169 [ForkJoinPool-1-worker-1] INFO  server.GrpcServicesImpl (GrpcServicesImpl.java:closeImpl(364)) - d3aade32-661d-499d-9068-ea1550ed8656: shutdown server org.apache.ratis.grpc.server.GrpcAdminProtocolService successfully
2025-09-13 17:31:25,173 [grpc-default-executor-1] WARN  server.GrpcLogAppender (LogUtils.java:warn(127)) - beda0dcb-37da-4cca-bea2-e222cb1bc351@group-23D9289878C2->d3aade32-661d-499d-9068-ea1550ed8656-AppendLogResponseHandler: Failed appendEntries: org.apache.ratis.thirdparty.io.grpc.StatusRuntimeException: CANCELLED: RST_STREAM closed stream. HTTP/2 error code: CANCEL
2025-09-13 17:31:25,174 [grpc-default-executor-0] WARN  server.GrpcLogAppender (LogUtils.java:warn(127)) - e114cbd1-8f45-4cc5-a8b1-e2bd6cad48a0@group-853F78DB4750->d3aade32-661d-499d-9068-ea1550ed8656-AppendLogResponseHandler: Failed appendEntries: org.apache.ratis.thirdparty.io.grpc.StatusRuntimeException: CANCELLED: RST_STREAM closed stream. HTTP/2 error code: CANCEL
2025-09-13 17:31:25,177 [grpc-default-executor-0] WARN  server.GrpcLogAppender (GrpcLogAppender.java:lambda$resetClient$1(228)) - e114cbd1-8f45-4cc5-a8b1-e2bd6cad48a0@group-853F78DB4750->d3aade32-661d-499d-9068-ea1550ed8656-GrpcLogAppender: Follower failed (request=null, errorCount=1); keep nextIndex (1) unchanged and retry.
2025-09-13 17:31:25,178 [grpc-default-executor-1] WARN  server.GrpcLogAppender (GrpcLogAppender.java:lambda$resetClient$1(228)) - beda0dcb-37da-4cca-bea2-e222cb1bc351@group-23D9289878C2->d3aade32-661d-499d-9068-ea1550ed8656-GrpcLogAppender: Follower failed (request=null, errorCount=1); keep nextIndex (5) unchanged and retry.
2025-09-13 17:31:25,185 [d3aade32-661d-499d-9068-ea1550ed8656-NettyServerStreamRpc-bossGroup--thread1] INFO  logging.LoggingHandler (AbstractInternalLogger.java:log(148)) - [id: 0x33605763, L:/0.0.0.0:15056] CLOSE
2025-09-13 17:31:25,185 [d3aade32-661d-499d-9068-ea1550ed8656-NettyServerStreamRpc-bossGroup--thread1] INFO  logging.LoggingHandler (AbstractInternalLogger.java:log(148)) - [id: 0x33605763, L:/0.0.0.0:15056] INACTIVE
2025-09-13 17:31:25,185 [d3aade32-661d-499d-9068-ea1550ed8656-NettyServerStreamRpc-bossGroup--thread1] INFO  logging.LoggingHandler (AbstractInternalLogger.java:log(148)) - [id: 0x33605763, L:/0.0.0.0:15056] UNREGISTERED
2025-09-13 17:31:25,231 [grpc-default-executor-3] WARN  server.GrpcServerProtocolService (LogUtils.java:warn(127)) - d3aade32-661d-499d-9068-ea1550ed8656: APPEND_ENTRIES onError, lastRequest: e114cbd1-8f45-4cc5-a8b1-e2bd6cad48a0->d3aade32-661d-499d-9068-ea1550ed8656#1-t1,previous=<PROTO_DEFAULT>,leaderCommit=-1,initializing? false,entries: size=1, first=(t:1, i:0), CONFIGURATIONENTRY(current:id:"d3aade32-661d-499d-9068-ea1550ed8656"address:"127.0.0.1:15055"dataStreamAddress:"127.0.0.1:15056"clientAddress:"127.0.0.1:15053"adminAddress:"127.0.0.1:15054"startupRole:FOLLOWER, id:"beda0dcb-37da-4cca-bea2-e222cb1bc351"address:"127.0.0.1:15039"dataStreamAddress:"127.0.0.1:15040"clientAddress:"127.0.0.1:15037"adminAddress:"127.0.0.1:15038"startupRole:FOLLOWER, id:"e114cbd1-8f45-4cc5-a8b1-e2bd6cad48a0"address:"127.0.0.1:15047"priority:1dataStreamAddress:"127.0.0.1:15048"clientAddress:"127.0.0.1:15045"adminAddress:"127.0.0.1:15046"startupRole:FOLLOWER, old:): org.apache.ratis.thirdparty.io.grpc.StatusRuntimeException: CANCELLED: client cancelled
2025-09-13 17:31:25,232 [d3aade32-661d-499d-9068-ea1550ed8656@group-A2CF3D226E33-StateMachineUpdater] INFO  ratis.ContainerStateMachine (ContainerStateMachine.java:takeSnapshot(436)) - group-A2CF3D226E33: Finished taking a snapshot at:(t:1, i:0) file:/home/runner/work/ozone/ozone/hadoop-ozone/integration-test/target/test-dir/MiniOzoneClusterImpl-1331a795-ed08-415d-924a-7661a5cf51a5/ozone-metadata/datanode-6/ratis/de4f7cab-11b4-4055-aff7-a2cf3d226e33/sm/snapshot.1_0 took: 76 ms
2025-09-13 17:31:25,232 [d3aade32-661d-499d-9068-ea1550ed8656@group-853F78DB4750-StateMachineUpdater] INFO  ratis.ContainerStateMachine (ContainerStateMachine.java:takeSnapshot(436)) - group-853F78DB4750: Finished taking a snapshot at:(t:1, i:0) file:/home/runner/work/ozone/ozone/hadoop-ozone/integration-test/target/test-dir/MiniOzoneClusterImpl-1331a795-ed08-415d-924a-7661a5cf51a5/ozone-metadata/datanode-6/ratis/79b5a704-a3b5-4a89-89e6-853f78db4750/sm/snapshot.1_0 took: 78 ms
2025-09-13 17:31:25,233 [d3aade32-661d-499d-9068-ea1550ed8656@group-A2CF3D226E33-StateMachineUpdater] INFO  impl.StateMachineUpdater (StateMachineUpdater.java:takeSnapshot(307)) - d3aade32-661d-499d-9068-ea1550ed8656@group-A2CF3D226E33-StateMachineUpdater: Took a snapshot at index 0
2025-09-13 17:31:25,233 [d3aade32-661d-499d-9068-ea1550ed8656@group-853F78DB4750-StateMachineUpdater] INFO  impl.StateMachineUpdater (StateMachineUpdater.java:takeSnapshot(307)) - d3aade32-661d-499d-9068-ea1550ed8656@group-853F78DB4750-StateMachineUpdater: Took a snapshot at index 0
2025-09-13 17:31:25,233 [d3aade32-661d-499d-9068-ea1550ed8656@group-853F78DB4750-StateMachineUpdater] INFO  impl.StateMachineUpdater (StateMachineUpdater.java:lambda$new$0(101)) - d3aade32-661d-499d-9068-ea1550ed8656@group-853F78DB4750-StateMachineUpdater: snapshotIndex: updateIncreasingly -1 -> 0
2025-09-13 17:31:25,233 [d3aade32-661d-499d-9068-ea1550ed8656@group-A2CF3D226E33-StateMachineUpdater] INFO  impl.StateMachineUpdater (StateMachineUpdater.java:lambda$new$0(101)) - d3aade32-661d-499d-9068-ea1550ed8656@group-A2CF3D226E33-StateMachineUpdater: snapshotIndex: updateIncreasingly -1 -> 0
2025-09-13 17:31:25,234 [d3aade32-661d-499d-9068-ea1550ed8656@group-853F78DB4750-StateMachineUpdater] INFO  impl.StateMachineUpdater (StateMachineUpdater.java:stop(140)) - d3aade32-661d-499d-9068-ea1550ed8656@group-853F78DB4750-StateMachineUpdater: closing ContainerStateMachine, lastApplied=(t:1, i:0)
2025-09-13 17:31:25,234 [d3aade32-661d-499d-9068-ea1550ed8656@group-853F78DB4750-cacheEviction-AwaitToRun] INFO  util.AwaitToRun (AwaitToRun.java:run(49)) - d3aade32-661d-499d-9068-ea1550ed8656@group-853F78DB4750-cacheEviction-AwaitToRun-AwaitForSignal is interrupted
2025-09-13 17:31:25,235 [d3aade32-661d-499d-9068-ea1550ed8656@group-A2CF3D226E33-StateMachineUpdater] INFO  impl.StateMachineUpdater (StateMachineUpdater.java:stop(140)) - d3aade32-661d-499d-9068-ea1550ed8656@group-A2CF3D226E33-StateMachineUpdater: closing ContainerStateMachine, lastApplied=(t:1, i:0)
2025-09-13 17:31:25,235 [d3aade32-661d-499d-9068-ea1550ed8656@group-A2CF3D226E33-cacheEviction-AwaitToRun] INFO  util.AwaitToRun (AwaitToRun.java:run(49)) - d3aade32-661d-499d-9068-ea1550ed8656@group-A2CF3D226E33-cacheEviction-AwaitToRun-AwaitForSignal is interrupted
2025-09-13 17:31:25,236 [d3aade32-661d-499d-9068-ea1550ed8656@group-23D9289878C2-StateMachineUpdater] INFO  ratis.ContainerStateMachine (ContainerStateMachine.java:takeSnapshot(436)) - group-23D9289878C2: Finished taking a snapshot at:(t:1, i:2) file:/home/runner/work/ozone/ozone/hadoop-ozone/integration-test/target/test-dir/MiniOzoneClusterImpl-1331a795-ed08-415d-924a-7661a5cf51a5/ozone-metadata/datanode-6/ratis/7755b6c1-031a-4d9a-a8c0-23d9289878c2/sm/snapshot.1_2 took: 78 ms
2025-09-13 17:31:25,236 [d3aade32-661d-499d-9068-ea1550ed8656@group-23D9289878C2-StateMachineUpdater] INFO  impl.StateMachineUpdater (StateMachineUpdater.java:takeSnapshot(307)) - d3aade32-661d-499d-9068-ea1550ed8656@group-23D9289878C2-StateMachineUpdater: Took a snapshot at index 2
2025-09-13 17:31:25,236 [d3aade32-661d-499d-9068-ea1550ed8656@group-23D9289878C2-StateMachineUpdater] INFO  impl.StateMachineUpdater (StateMachineUpdater.java:lambda$new$0(101)) - d3aade32-661d-499d-9068-ea1550ed8656@group-23D9289878C2-StateMachineUpdater: snapshotIndex: updateIncreasingly -1 -> 2
2025-09-13 17:31:25,236 [d3aade32-661d-499d-9068-ea1550ed8656@group-23D9289878C2-StateMachineUpdater] INFO  impl.StateMachineUpdater (StateMachineUpdater.java:stop(140)) - d3aade32-661d-499d-9068-ea1550ed8656@group-23D9289878C2-StateMachineUpdater: closing ContainerStateMachine, lastApplied=(t:1, i:2)
2025-09-13 17:31:25,236 [d3aade32-661d-499d-9068-ea1550ed8656@group-23D9289878C2-cacheEviction-AwaitToRun] INFO  util.AwaitToRun (AwaitToRun.java:run(49)) - d3aade32-661d-499d-9068-ea1550ed8656@group-23D9289878C2-cacheEviction-AwaitToRun-AwaitForSignal is interrupted
2025-09-13 17:31:25,363 [9b620cf5-1dd4-4083-97bd-ff44c8fea23e@group-724FD22AAE0D-FollowerState] INFO  impl.FollowerState (FollowerState.java:runImpl(161)) - 9b620cf5-1dd4-4083-97bd-ff44c8fea23e@group-724FD22AAE0D-FollowerState: change to CANDIDATE, lastRpcElapsedTime:1120255041ns, electionTimeout:1119ms
2025-09-13 17:31:25,363 [9b620cf5-1dd4-4083-97bd-ff44c8fea23e@group-724FD22AAE0D-FollowerState] INFO  impl.RoleInfo (RoleInfo.java:shutdownFollowerState(121)) - 9b620cf5-1dd4-4083-97bd-ff44c8fea23e: shutdown 9b620cf5-1dd4-4083-97bd-ff44c8fea23e@group-724FD22AAE0D-FollowerState
2025-09-13 17:31:25,363 [9b620cf5-1dd4-4083-97bd-ff44c8fea23e@group-724FD22AAE0D-FollowerState] INFO  server.RaftServer$Division (RaftServerImpl.java:setRole(392)) - 9b620cf5-1dd4-4083-97bd-ff44c8fea23e@group-724FD22AAE0D: changes role from  FOLLOWER to CANDIDATE at term 0 for changeToCandidate
2025-09-13 17:31:25,364 [9b620cf5-1dd4-4083-97bd-ff44c8fea23e@group-724FD22AAE0D-FollowerState] INFO  impl.RoleInfo (RoleInfo.java:updateAndGet(148)) - 9b620cf5-1dd4-4083-97bd-ff44c8fea23e: start 9b620cf5-1dd4-4083-97bd-ff44c8fea23e@group-724FD22AAE0D-LeaderElection22
2025-09-13 17:31:25,364 [9b620cf5-1dd4-4083-97bd-ff44c8fea23e@group-724FD22AAE0D-LeaderElection22] INFO  impl.LeaderElection (LeaderElection.java:askForVotes(448)) - 9b620cf5-1dd4-4083-97bd-ff44c8fea23e@group-724FD22AAE0D-LeaderElection22 PRE_VOTE round 0: submit vote requests at term 0 for conf: {index: -1, cur=peers:[9b620cf5-1dd4-4083-97bd-ff44c8fea23e|127.0.0.1:15071]|listeners:[], old=null}
2025-09-13 17:31:25,364 [9b620cf5-1dd4-4083-97bd-ff44c8fea23e@group-724FD22AAE0D-LeaderElection22] INFO  impl.LeaderElection (LeaderElection.java:askForVotes(450)) - 9b620cf5-1dd4-4083-97bd-ff44c8fea23e@group-724FD22AAE0D-LeaderElection22 PRE_VOTE round 0: result PASSED (term=0)
2025-09-13 17:31:25,365 [9b620cf5-1dd4-4083-97bd-ff44c8fea23e@group-724FD22AAE0D-LeaderElection22] INFO  impl.LeaderElection (LeaderElection.java:askForVotes(448)) - 9b620cf5-1dd4-4083-97bd-ff44c8fea23e@group-724FD22AAE0D-LeaderElection22 ELECTION round 0: submit vote requests at term 1 for conf: {index: -1, cur=peers:[9b620cf5-1dd4-4083-97bd-ff44c8fea23e|127.0.0.1:15071]|listeners:[], old=null}
2025-09-13 17:31:25,365 [9b620cf5-1dd4-4083-97bd-ff44c8fea23e@group-724FD22AAE0D-LeaderElection22] INFO  impl.LeaderElection (LeaderElection.java:askForVotes(450)) - 9b620cf5-1dd4-4083-97bd-ff44c8fea23e@group-724FD22AAE0D-LeaderElection22 ELECTION round 0: result PASSED (term=1)
2025-09-13 17:31:25,365 [9b620cf5-1dd4-4083-97bd-ff44c8fea23e@group-724FD22AAE0D-LeaderElection22] INFO  impl.RoleInfo (RoleInfo.java:shutdownLeaderElection(141)) - 9b620cf5-1dd4-4083-97bd-ff44c8fea23e: shutdown 9b620cf5-1dd4-4083-97bd-ff44c8fea23e@group-724FD22AAE0D-LeaderElection22
2025-09-13 17:31:25,365 [9b620cf5-1dd4-4083-97bd-ff44c8fea23e@group-724FD22AAE0D-LeaderElection22] INFO  server.RaftServer$Division (RaftServerImpl.java:setRole(392)) - 9b620cf5-1dd4-4083-97bd-ff44c8fea23e@group-724FD22AAE0D: changes role from CANDIDATE to LEADER at term 1 for changeToLeader
2025-09-13 17:31:25,365 [9b620cf5-1dd4-4083-97bd-ff44c8fea23e@group-724FD22AAE0D-LeaderElection22] INFO  server.RaftServerConfigKeys (ConfUtils.java:logFallback(69)) - raft.server.staging.timeout = 3600ms (fallback to raft.server.rpc.timeout.max)
2025-09-13 17:31:25,366 [9b620cf5-1dd4-4083-97bd-ff44c8fea23e@group-724FD22AAE0D-LeaderElection22] INFO  server.RaftServerConfigKeys (ConfUtils.java:logGet(62)) - raft.server.write.byte-limit = 1024 M (=1073741824) (custom)
2025-09-13 17:31:25,366 [9b620cf5-1dd4-4083-97bd-ff44c8fea23e@group-724FD22AAE0D-LeaderElection22] INFO  impl.RoleInfo (RoleInfo.java:updateAndGet(148)) - 9b620cf5-1dd4-4083-97bd-ff44c8fea23e: start 9b620cf5-1dd4-4083-97bd-ff44c8fea23e@group-724FD22AAE0D-LeaderStateImpl
2025-09-13 17:31:25,366 [9b620cf5-1dd4-4083-97bd-ff44c8fea23e@group-724FD22AAE0D-LeaderElection22] INFO  server.RaftServer$Division (RaftServerImpl.java:setFirstElection(576)) - 9b620cf5-1dd4-4083-97bd-ff44c8fea23e@group-724FD22AAE0D: set firstElectionSinceStartup to false for becomeLeader
2025-09-13 17:31:25,366 [9b620cf5-1dd4-4083-97bd-ff44c8fea23e@group-724FD22AAE0D-LeaderElection22] INFO  ratis.XceiverServerRatis (XceiverServerRatis.java:handleLeaderChangedNotification(932)) - Leader change notification received for group: group-724FD22AAE0D with new leaderId: 9b620cf5-1dd4-4083-97bd-ff44c8fea23e
2025-09-13 17:31:25,366 [9b620cf5-1dd4-4083-97bd-ff44c8fea23e@group-724FD22AAE0D-LeaderElection22] INFO  server.RaftServer$Division (ServerState.java:setLeader(272)) - 9b620cf5-1dd4-4083-97bd-ff44c8fea23e@group-724FD22AAE0D: change Leader from null to 9b620cf5-1dd4-4083-97bd-ff44c8fea23e at term 1 for becomeLeader, leader elected after 1164ms
2025-09-13 17:31:25,367 [9b620cf5-1dd4-4083-97bd-ff44c8fea23e@group-724FD22AAE0D-LeaderElection22] INFO  segmented.SegmentedRaftLogWorker (SegmentedRaftLogWorker.java:startLogSegment(440)) - 9b620cf5-1dd4-4083-97bd-ff44c8fea23e@group-724FD22AAE0D-SegmentedRaftLogWorker: Starting segment from index:0
2025-09-13 17:31:25,367 [9b620cf5-1dd4-4083-97bd-ff44c8fea23e@group-724FD22AAE0D-LeaderElection22] INFO  server.RaftServer$Division (ServerState.java:setRaftConf(386)) - 9b620cf5-1dd4-4083-97bd-ff44c8fea23e@group-724FD22AAE0D: set configuration conf: {index: 0, cur=peers:[9b620cf5-1dd4-4083-97bd-ff44c8fea23e|127.0.0.1:15071]|listeners:[], old=null}
2025-09-13 17:31:25,368 [9b620cf5-1dd4-4083-97bd-ff44c8fea23e@group-724FD22AAE0D-SegmentedRaftLogWorker] INFO  segmented.BufferedWriteChannel (BufferedWriteChannel.java:open(61)) - open log_inprogress_0 at position 0
2025-09-13 17:31:25,373 [9b620cf5-1dd4-4083-97bd-ff44c8fea23e@group-724FD22AAE0D-SegmentedRaftLogWorker] INFO  segmented.SegmentedRaftLogWorker (SegmentedRaftLogWorker.java:execute(647)) - 9b620cf5-1dd4-4083-97bd-ff44c8fea23e@group-724FD22AAE0D-SegmentedRaftLogWorker: created new log segment /home/runner/work/ozone/ozone/hadoop-ozone/integration-test/target/test-dir/MiniOzoneClusterImpl-1331a795-ed08-415d-924a-7661a5cf51a5/ozone-metadata/datanode-8/ratis/a81cafae-b4cb-4fcb-a31e-724fd22aae0d/current/log_inprogress_0
2025-09-13 17:31:25,375 [9b620cf5-1dd4-4083-97bd-ff44c8fea23e@group-724FD22AAE0D-StateMachineUpdater] INFO  server.RaftServer$Division (LeaderStateImpl.java:checkStartIndex(309)) - Leader 9b620cf5-1dd4-4083-97bd-ff44c8fea23e@group-724FD22AAE0D-LeaderStateImpl is ready since appliedIndex == startIndex == 0
2025-09-13 17:31:25,632 [d3aade32-661d-499d-9068-ea1550ed8656-impl-thread3] INFO  segmented.SegmentedRaftLogWorker (SegmentedRaftLogWorker.java:close(254)) - d3aade32-661d-499d-9068-ea1550ed8656@group-853F78DB4750-SegmentedRaftLogWorker close()
2025-09-13 17:31:25,633 [d3aade32-661d-499d-9068-ea1550ed8656-impl-thread3] INFO  ratis.ContainerStateMachine (ContainerStateMachine.java:notifyServerShutdown(1038)) - group-853F78DB4750 is closed by HddsDatanodeService
2025-09-13 17:31:25,768 [d3aade32-661d-499d-9068-ea1550ed8656-impl-thread2] INFO  segmented.SegmentedRaftLogWorker (SegmentedRaftLogWorker.java:close(254)) - d3aade32-661d-499d-9068-ea1550ed8656@group-A2CF3D226E33-SegmentedRaftLogWorker close()
2025-09-13 17:31:25,769 [d3aade32-661d-499d-9068-ea1550ed8656-impl-thread2] INFO  ratis.ContainerStateMachine (ContainerStateMachine.java:notifyServerShutdown(1038)) - group-A2CF3D226E33 is closed by HddsDatanodeService
2025-09-13 17:31:25,832 [bc7810fa-01a5-4444-aa1e-be493a4a93df@group-AEEA5324667A-FollowerState] INFO  impl.FollowerState (FollowerState.java:runImpl(161)) - bc7810fa-01a5-4444-aa1e-be493a4a93df@group-AEEA5324667A-FollowerState: change to CANDIDATE, lastRpcElapsedTime:1159703724ns, electionTimeout:1159ms
2025-09-13 17:31:25,832 [bc7810fa-01a5-4444-aa1e-be493a4a93df@group-AEEA5324667A-FollowerState] INFO  impl.RoleInfo (RoleInfo.java:shutdownFollowerState(121)) - bc7810fa-01a5-4444-aa1e-be493a4a93df: shutdown bc7810fa-01a5-4444-aa1e-be493a4a93df@group-AEEA5324667A-FollowerState
2025-09-13 17:31:25,832 [bc7810fa-01a5-4444-aa1e-be493a4a93df@group-AEEA5324667A-FollowerState] INFO  server.RaftServer$Division (RaftServerImpl.java:setRole(392)) - bc7810fa-01a5-4444-aa1e-be493a4a93df@group-AEEA5324667A: changes role from  FOLLOWER to CANDIDATE at term 0 for changeToCandidate
2025-09-13 17:31:25,833 [bc7810fa-01a5-4444-aa1e-be493a4a93df@group-AEEA5324667A-FollowerState] INFO  impl.RoleInfo (RoleInfo.java:updateAndGet(148)) - bc7810fa-01a5-4444-aa1e-be493a4a93df: start bc7810fa-01a5-4444-aa1e-be493a4a93df@group-AEEA5324667A-LeaderElection23
2025-09-13 17:31:25,833 [bc7810fa-01a5-4444-aa1e-be493a4a93df@group-AEEA5324667A-LeaderElection23] INFO  impl.LeaderElection (LeaderElection.java:askForVotes(448)) - bc7810fa-01a5-4444-aa1e-be493a4a93df@group-AEEA5324667A-LeaderElection23 PRE_VOTE round 0: submit vote requests at term 0 for conf: {index: -1, cur=peers:[bc7810fa-01a5-4444-aa1e-be493a4a93df|127.0.0.1:15087]|listeners:[], old=null}
2025-09-13 17:31:25,833 [bc7810fa-01a5-4444-aa1e-be493a4a93df@group-AEEA5324667A-LeaderElection23] INFO  impl.LeaderElection (LeaderElection.java:askForVotes(450)) - bc7810fa-01a5-4444-aa1e-be493a4a93df@group-AEEA5324667A-LeaderElection23 PRE_VOTE round 0: result PASSED (term=0)
2025-09-13 17:31:25,834 [bc7810fa-01a5-4444-aa1e-be493a4a93df@group-AEEA5324667A-LeaderElection23] INFO  impl.LeaderElection (LeaderElection.java:askForVotes(448)) - bc7810fa-01a5-4444-aa1e-be493a4a93df@group-AEEA5324667A-LeaderElection23 ELECTION round 0: submit vote requests at term 1 for conf: {index: -1, cur=peers:[bc7810fa-01a5-4444-aa1e-be493a4a93df|127.0.0.1:15087]|listeners:[], old=null}
2025-09-13 17:31:25,834 [bc7810fa-01a5-4444-aa1e-be493a4a93df@group-AEEA5324667A-LeaderElection23] INFO  impl.LeaderElection (LeaderElection.java:askForVotes(450)) - bc7810fa-01a5-4444-aa1e-be493a4a93df@group-AEEA5324667A-LeaderElection23 ELECTION round 0: result PASSED (term=1)
2025-09-13 17:31:25,834 [bc7810fa-01a5-4444-aa1e-be493a4a93df@group-AEEA5324667A-LeaderElection23] INFO  impl.RoleInfo (RoleInfo.java:shutdownLeaderElection(141)) - bc7810fa-01a5-4444-aa1e-be493a4a93df: shutdown bc7810fa-01a5-4444-aa1e-be493a4a93df@group-AEEA5324667A-LeaderElection23
2025-09-13 17:31:25,834 [bc7810fa-01a5-4444-aa1e-be493a4a93df@group-AEEA5324667A-LeaderElection23] INFO  server.RaftServer$Division (RaftServerImpl.java:setRole(392)) - bc7810fa-01a5-4444-aa1e-be493a4a93df@group-AEEA5324667A: changes role from CANDIDATE to LEADER at term 1 for changeToLeader
2025-09-13 17:31:25,835 [bc7810fa-01a5-4444-aa1e-be493a4a93df@group-AEEA5324667A-LeaderElection23] INFO  server.RaftServerConfigKeys (ConfUtils.java:logFallback(69)) - raft.server.staging.timeout = 3600ms (fallback to raft.server.rpc.timeout.max)
2025-09-13 17:31:25,835 [bc7810fa-01a5-4444-aa1e-be493a4a93df@group-AEEA5324667A-LeaderElection23] INFO  server.RaftServerConfigKeys (ConfUtils.java:logGet(62)) - raft.server.write.byte-limit = 1024 M (=1073741824) (custom)
2025-09-13 17:31:25,836 [bc7810fa-01a5-4444-aa1e-be493a4a93df@group-AEEA5324667A-LeaderElection23] INFO  impl.RoleInfo (RoleInfo.java:updateAndGet(148)) - bc7810fa-01a5-4444-aa1e-be493a4a93df: start bc7810fa-01a5-4444-aa1e-be493a4a93df@group-AEEA5324667A-LeaderStateImpl
2025-09-13 17:31:25,836 [bc7810fa-01a5-4444-aa1e-be493a4a93df@group-AEEA5324667A-LeaderElection23] INFO  server.RaftServer$Division (RaftServerImpl.java:setFirstElection(576)) - bc7810fa-01a5-4444-aa1e-be493a4a93df@group-AEEA5324667A: set firstElectionSinceStartup to false for becomeLeader
2025-09-13 17:31:25,836 [bc7810fa-01a5-4444-aa1e-be493a4a93df@group-AEEA5324667A-LeaderElection23] INFO  ratis.XceiverServerRatis (XceiverServerRatis.java:handleLeaderChangedNotification(932)) - Leader change notification received for group: group-AEEA5324667A with new leaderId: bc7810fa-01a5-4444-aa1e-be493a4a93df
2025-09-13 17:31:25,836 [bc7810fa-01a5-4444-aa1e-be493a4a93df@group-AEEA5324667A-LeaderElection23] INFO  server.RaftServer$Division (ServerState.java:setLeader(272)) - bc7810fa-01a5-4444-aa1e-be493a4a93df@group-AEEA5324667A: change Leader from null to bc7810fa-01a5-4444-aa1e-be493a4a93df at term 1 for becomeLeader, leader elected after 1182ms
2025-09-13 17:31:25,836 [bc7810fa-01a5-4444-aa1e-be493a4a93df@group-AEEA5324667A-LeaderElection23] INFO  segmented.SegmentedRaftLogWorker (SegmentedRaftLogWorker.java:startLogSegment(440)) - bc7810fa-01a5-4444-aa1e-be493a4a93df@group-AEEA5324667A-SegmentedRaftLogWorker: Starting segment from index:0
2025-09-13 17:31:25,836 [bc7810fa-01a5-4444-aa1e-be493a4a93df@group-AEEA5324667A-LeaderElection23] INFO  server.RaftServer$Division (ServerState.java:setRaftConf(386)) - bc7810fa-01a5-4444-aa1e-be493a4a93df@group-AEEA5324667A: set configuration conf: {index: 0, cur=peers:[bc7810fa-01a5-4444-aa1e-be493a4a93df|127.0.0.1:15087]|listeners:[], old=null}
2025-09-13 17:31:25,837 [bc7810fa-01a5-4444-aa1e-be493a4a93df@group-AEEA5324667A-SegmentedRaftLogWorker] INFO  segmented.BufferedWriteChannel (BufferedWriteChannel.java:open(61)) - open log_inprogress_0 at position 0
2025-09-13 17:31:25,843 [bc7810fa-01a5-4444-aa1e-be493a4a93df@group-AEEA5324667A-SegmentedRaftLogWorker] INFO  segmented.SegmentedRaftLogWorker (SegmentedRaftLogWorker.java:execute(647)) - bc7810fa-01a5-4444-aa1e-be493a4a93df@group-AEEA5324667A-SegmentedRaftLogWorker: created new log segment /home/runner/work/ozone/ozone/hadoop-ozone/integration-test/target/test-dir/MiniOzoneClusterImpl-1331a795-ed08-415d-924a-7661a5cf51a5/ozone-metadata/datanode-10/ratis/fddb1414-a33a-4ec7-a763-aeea5324667a/current/log_inprogress_0
2025-09-13 17:31:25,845 [bc7810fa-01a5-4444-aa1e-be493a4a93df@group-AEEA5324667A-StateMachineUpdater] INFO  server.RaftServer$Division (LeaderStateImpl.java:checkStartIndex(309)) - Leader bc7810fa-01a5-4444-aa1e-be493a4a93df@group-AEEA5324667A-LeaderStateImpl is ready since appliedIndex == startIndex == 0
2025-09-13 17:31:26,112 [d3aade32-661d-499d-9068-ea1550ed8656-impl-thread1] INFO  segmented.SegmentedRaftLogWorker (SegmentedRaftLogWorker.java:close(254)) - d3aade32-661d-499d-9068-ea1550ed8656@group-23D9289878C2-SegmentedRaftLogWorker close()
2025-09-13 17:31:26,112 [d3aade32-661d-499d-9068-ea1550ed8656-impl-thread1] INFO  ratis.ContainerStateMachine (ContainerStateMachine.java:notifyServerShutdown(1038)) - group-23D9289878C2 is closed by HddsDatanodeService
2025-09-13 17:31:26,113 [JvmPauseMonitor8] INFO  util.JvmPauseMonitor (JvmPauseMonitor.java:run(152)) - JvmPauseMonitor-d3aade32-661d-499d-9068-ea1550ed8656: Stopped
2025-09-13 17:31:28,123 [ForkJoinPool-1-worker-1] INFO  utils.DatanodeStoreCache (DatanodeStoreCache.java:shutdownCache(110)) - Skip clearing cache in mini cluster mode. Entries left: [/home/runner/work/ozone/ozone/hadoop-ozone/integration-test/target/test-dir/MiniOzoneClusterImpl-1331a795-ed08-415d-924a-7661a5cf51a5/ozone-metadata/datanode-1/data-0/hdds/1331a795-ed08-415d-924a-7661a5cf51a5/DS-cef04933-4ce8-4840-b22e-4ad87088cbdd/container.db, /home/runner/work/ozone/ozone/hadoop-ozone/integration-test/target/test-dir/MiniOzoneClusterImpl-1331a795-ed08-415d-924a-7661a5cf51a5/ozone-metadata/datanode-10/data-0/hdds/1331a795-ed08-415d-924a-7661a5cf51a5/DS-2f2d0a7f-394e-472e-bb26-a84cc7eb1472/container.db, /home/runner/work/ozone/ozone/hadoop-ozone/integration-test/target/test-dir/MiniOzoneClusterImpl-1331a795-ed08-415d-924a-7661a5cf51a5/ozone-metadata/datanode-2/data-0/hdds/1331a795-ed08-415d-924a-7661a5cf51a5/DS-ce29b877-3335-47dd-ae87-6ca9399c09a2/container.db, /home/runner/work/ozone/ozone/hadoop-ozone/integration-test/target/test-dir/MiniOzoneClusterImpl-1331a795-ed08-415d-924a-7661a5cf51a5/ozone-metadata/datanode-3/data-0/hdds/1331a795-ed08-415d-924a-7661a5cf51a5/DS-7c74f027-72de-49ce-b83a-c2c2856c274d/container.db, /home/runner/work/ozone/ozone/hadoop-ozone/integration-test/target/test-dir/MiniOzoneClusterImpl-1331a795-ed08-415d-924a-7661a5cf51a5/ozone-metadata/datanode-4/data-0/hdds/1331a795-ed08-415d-924a-7661a5cf51a5/DS-e1c55588-49a5-4291-a123-18ab5048c25f/container.db, /home/runner/work/ozone/ozone/hadoop-ozone/integration-test/target/test-dir/MiniOzoneClusterImpl-1331a795-ed08-415d-924a-7661a5cf51a5/ozone-metadata/datanode-5/data-0/hdds/1331a795-ed08-415d-924a-7661a5cf51a5/DS-84acdda9-c348-442e-9156-67d0a73b2541/container.db, /home/runner/work/ozone/ozone/hadoop-ozone/integration-test/target/test-dir/MiniOzoneClusterImpl-1331a795-ed08-415d-924a-7661a5cf51a5/ozone-metadata/datanode-6/data-0/hdds/1331a795-ed08-415d-924a-7661a5cf51a5/DS-22fb78ac-1833-44ab-8f02-751f4fb3033d/container.db, /home/runner/work/ozone/ozone/hadoop-ozone/integration-test/target/test-dir/MiniOzoneClusterImpl-1331a795-ed08-415d-924a-7661a5cf51a5/ozone-metadata/datanode-7/data-0/hdds/1331a795-ed08-415d-924a-7661a5cf51a5/DS-63a6c3b7-4525-47d9-ad60-45ee0a1c7b71/container.db, /home/runner/work/ozone/ozone/hadoop-ozone/integration-test/target/test-dir/MiniOzoneClusterImpl-1331a795-ed08-415d-924a-7661a5cf51a5/ozone-metadata/datanode-8/data-0/hdds/1331a795-ed08-415d-924a-7661a5cf51a5/DS-643ce4cb-c5d1-46d9-b647-00c002703750/container.db, /home/runner/work/ozone/ozone/hadoop-ozone/integration-test/target/test-dir/MiniOzoneClusterImpl-1331a795-ed08-415d-924a-7661a5cf51a5/ozone-metadata/datanode-9/data-0/hdds/1331a795-ed08-415d-924a-7661a5cf51a5/DS-8a555c84-68d0-42a4-8e7e-de18356c0fbd/container.db]
2025-09-13 17:31:28,126 [ForkJoinPool-1-worker-1] INFO  utils.DatanodeStoreCache (DatanodeStoreCache.java:removeDB(104)) - Removed db /home/runner/work/ozone/ozone/hadoop-ozone/integration-test/target/test-dir/MiniOzoneClusterImpl-1331a795-ed08-415d-924a-7661a5cf51a5/ozone-metadata/datanode-6/data-0/hdds/1331a795-ed08-415d-924a-7661a5cf51a5/DS-22fb78ac-1833-44ab-8f02-751f4fb3033d/container.db from cache
2025-09-13 17:31:28,126 [ForkJoinPool-1-worker-1] INFO  volume.HddsVolume (HddsVolume.java:closeDbStore(609)) - SchemaV3 db is stopped at /home/runner/work/ozone/ozone/hadoop-ozone/integration-test/target/test-dir/MiniOzoneClusterImpl-1331a795-ed08-415d-924a-7661a5cf51a5/ozone-metadata/datanode-6/data-0/hdds/1331a795-ed08-415d-924a-7661a5cf51a5/DS-22fb78ac-1833-44ab-8f02-751f4fb3033d/container.db for volume DS-22fb78ac-1833-44ab-8f02-751f4fb3033d
2025-09-13 17:31:28,127 [ForkJoinPool-1-worker-1] INFO  utils.BackgroundService (BackgroundService.java:shutdown(195)) - Shutting down service BlockDeletingService
2025-09-13 17:31:28,128 [ForkJoinPool-1-worker-1] INFO  utils.BackgroundService (BackgroundService.java:shutdown(195)) - Shutting down service StaleRecoveringContainerScrubbingService
2025-09-13 17:31:28,129 [ForkJoinPool-1-worker-1] INFO  statemachine.DatanodeStateMachine (DatanodeStateMachine.java:stopDaemon(654)) - Ozone container server stopped.
2025-09-13 17:31:28,144 [ForkJoinPool-1-worker-1] INFO  handler.ContextHandler (ContextHandler.java:doStop(1159)) - Stopped o.e.j.w.WebAppContext@63c60c8{hddsDatanode,/,null,STOPPED}{jar:file:/home/runner/work/ozone/ozone/hadoop-hdds/container-service/target/hdds-container-service-2.1.0-SNAPSHOT.jar!/webapps/hddsDatanode}
2025-09-13 17:31:28,146 [ForkJoinPool-1-worker-1] INFO  server.AbstractConnector (AbstractConnector.java:doStop(383)) - Stopped ServerConnector@153da200{HTTP/1.1, (http/1.1)}{0.0.0.0:15050}
2025-09-13 17:31:28,147 [ForkJoinPool-1-worker-1] INFO  server.session (HouseKeeper.java:stopScavenging(149)) - node0 Stopped scavenging
2025-09-13 17:31:28,147 [ForkJoinPool-1-worker-1] INFO  handler.ContextHandler (ContextHandler.java:doStop(1159)) - Stopped o.e.j.s.ServletContextHandler@4a774ea4{static,/static,jar:file:/home/runner/work/ozone/ozone/hadoop-hdds/container-service/target/hdds-container-service-2.1.0-SNAPSHOT.jar!/webapps/static,STOPPED}
2025-09-13 17:31:28,147 [ForkJoinPool-1-worker-1] INFO  handler.ContextHandler (ContextHandler.java:doStop(1159)) - Stopped o.e.j.s.ServletContextHandler@16cac612{logs,/logs,file:///home/runner/work/ozone/ozone/hadoop-ozone/integration-test/target/log,STOPPED}
2025-09-13 17:31:28,148 [ForkJoinPool-1-worker-1] INFO  ozone.HddsDatanodeClientProtocolServer (HddsDatanodeClientProtocolServer.java:stop(82)) - Stopping the RPC server for Client Protocol
2025-09-13 17:31:28,149 [ForkJoinPool-1-worker-1] INFO  ipc.Server (Server.java:stop(3697)) - Stopping server on 15051
2025-09-13 17:31:28,151 [IPC Server listener on 15051] INFO  ipc.Server (Server.java:run(1585)) - Stopping IPC Server listener on 15051
2025-09-13 17:31:28,151 [IPC Server Responder] INFO  ipc.Server (Server.java:run(1718)) - Stopping IPC Server Responder
2025-09-13 17:31:28,153 [ForkJoinPool-1-worker-1] INFO  ozoneimpl.OzoneContainer (OzoneContainer.java:stop(549)) - Attempting to stop container services.
2025-09-13 17:31:28,153 [ContainerMetadataScanner] WARN  ozoneimpl.AbstractBackgroundContainerScanner (AbstractBackgroundContainerScanner.java:handleRemainingSleep(136)) - Background container scan was interrupted.
2025-09-13 17:31:28,153 [ContainerMetadataScanner] INFO  ozoneimpl.AbstractBackgroundContainerScanner (AbstractBackgroundContainerScanner.java:run(63)) - org.apache.hadoop.ozone.container.ozoneimpl.BackgroundContainerMetadataScanner@75ac29fc exiting.
2025-09-13 17:31:28,153 [ForkJoinPool-1-worker-1] INFO  ozoneimpl.BackgroundContainerDataScanner (BackgroundContainerDataScanner.java:shutdown(87)) - ContainerDataScanner(/home/runner/work/ozone/ozone/hadoop-ozone/integration-test/target/test-dir/MiniOzoneClusterImpl-1331a795-ed08-415d-924a-7661a5cf51a5/ozone-metadata/datanode-4/data-0/hdds) is shutting down. 
2025-09-13 17:31:28,153 [ContainerDataScanner(/home/runner/work/ozone/ozone/hadoop-ozone/integration-test/target/test-dir/MiniOzoneClusterImpl-1331a795-ed08-415d-924a-7661a5cf51a5/ozone-metadata/datanode-4/data-0/hdds)] WARN  ozoneimpl.AbstractBackgroundContainerScanner (AbstractBackgroundContainerScanner.java:handleRemainingSleep(136)) - Background container scan was interrupted.
2025-09-13 17:31:28,153 [ContainerDataScanner(/home/runner/work/ozone/ozone/hadoop-ozone/integration-test/target/test-dir/MiniOzoneClusterImpl-1331a795-ed08-415d-924a-7661a5cf51a5/ozone-metadata/datanode-4/data-0/hdds)] INFO  ozoneimpl.AbstractBackgroundContainerScanner (AbstractBackgroundContainerScanner.java:run(63)) - ContainerDataScanner(/home/runner/work/ozone/ozone/hadoop-ozone/integration-test/target/test-dir/MiniOzoneClusterImpl-1331a795-ed08-415d-924a-7661a5cf51a5/ozone-metadata/datanode-4/data-0/hdds, DS-e1c55588-49a5-4291-a123-18ab5048c25f) exiting.
2025-09-13 17:31:28,154 [ForkJoinPool-1-worker-1] INFO  ozoneimpl.OnDemandContainerScanner (OnDemandContainerScanner.java:shutdown(141)) - On-demand container scanner is shutting down.
2025-09-13 17:31:28,154 [ForkJoinPool-1-worker-1] INFO  ratis.XceiverServerRatis (XceiverServerRatis.java:stop(595)) - Closing XceiverServerRatis(beda0dcb-37da-4cca-bea2-e222cb1bc351)
2025-09-13 17:31:28,154 [ForkJoinPool-1-worker-1] INFO  server.RaftServer (RaftServerProxy.java:lambda$close$9(422)) - beda0dcb-37da-4cca-bea2-e222cb1bc351: close
2025-09-13 17:31:28,154 [beda0dcb-37da-4cca-bea2-e222cb1bc351-impl-thread1] INFO  server.RaftServer$Division (RaftServerImpl.java:lambda$close$1(527)) - beda0dcb-37da-4cca-bea2-e222cb1bc351@group-26ECF1D4E136: shutdown
2025-09-13 17:31:28,155 [beda0dcb-37da-4cca-bea2-e222cb1bc351-impl-thread1] INFO  util.JmxRegister (JmxRegister.java:unregister(74)) - Successfully un-registered JMX Bean with object name Ratis:service=RaftServer,group=group-26ECF1D4E136,id=beda0dcb-37da-4cca-bea2-e222cb1bc351
2025-09-13 17:31:28,155 [beda0dcb-37da-4cca-bea2-e222cb1bc351-impl-thread1] INFO  impl.RoleInfo (RoleInfo.java:shutdownLeaderState(103)) - beda0dcb-37da-4cca-bea2-e222cb1bc351: shutdown beda0dcb-37da-4cca-bea2-e222cb1bc351@group-26ECF1D4E136-LeaderStateImpl
2025-09-13 17:31:28,155 [beda0dcb-37da-4cca-bea2-e222cb1bc351-impl-thread1] INFO  impl.PendingRequests (PendingRequests.java:sendNotLeaderResponses(287)) - beda0dcb-37da-4cca-bea2-e222cb1bc351@group-26ECF1D4E136-PendingRequests: sendNotLeaderResponses
2025-09-13 17:31:28,155 [beda0dcb-37da-4cca-bea2-e222cb1bc351-impl-thread3] INFO  server.RaftServer$Division (RaftServerImpl.java:lambda$close$1(527)) - beda0dcb-37da-4cca-bea2-e222cb1bc351@group-853F78DB4750: shutdown
2025-09-13 17:31:28,155 [beda0dcb-37da-4cca-bea2-e222cb1bc351-impl-thread3] INFO  util.JmxRegister (JmxRegister.java:unregister(74)) - Successfully un-registered JMX Bean with object name Ratis:service=RaftServer,group=group-853F78DB4750,id=beda0dcb-37da-4cca-bea2-e222cb1bc351
2025-09-13 17:31:28,155 [beda0dcb-37da-4cca-bea2-e222cb1bc351-impl-thread3] INFO  impl.RoleInfo (RoleInfo.java:shutdownFollowerState(121)) - beda0dcb-37da-4cca-bea2-e222cb1bc351: shutdown beda0dcb-37da-4cca-bea2-e222cb1bc351@group-853F78DB4750-FollowerState
2025-09-13 17:31:28,155 [beda0dcb-37da-4cca-bea2-e222cb1bc351-impl-thread3] INFO  impl.StateMachineUpdater (StateMachineUpdater.java:stopAndJoin(163)) - beda0dcb-37da-4cca-bea2-e222cb1bc351@group-853F78DB4750-StateMachineUpdater: set stopIndex = 0
2025-09-13 17:31:28,155 [ForkJoinPool-1-worker-1] INFO  server.GrpcServicesImpl (GrpcServicesImpl.java:closeImpl(355)) - beda0dcb-37da-4cca-bea2-e222cb1bc351: shutdown server org.apache.ratis.grpc.server.GrpcClientProtocolService now
2025-09-13 17:31:28,155 [beda0dcb-37da-4cca-bea2-e222cb1bc351@group-853F78DB4750-StateMachineUpdater] INFO  ratis.ContainerStateMachine (ContainerStateMachine.java:takeSnapshot(427)) - group-853F78DB4750: Taking a snapshot at:(t:1, i:0) file /home/runner/work/ozone/ozone/hadoop-ozone/integration-test/target/test-dir/MiniOzoneClusterImpl-1331a795-ed08-415d-924a-7661a5cf51a5/ozone-metadata/datanode-4/ratis/79b5a704-a3b5-4a89-89e6-853f78db4750/sm/snapshot.1_0
2025-09-13 17:31:28,156 [beda0dcb-37da-4cca-bea2-e222cb1bc351@group-853F78DB4750-FollowerState] INFO  impl.FollowerState (FollowerState.java:runImpl(170)) - beda0dcb-37da-4cca-bea2-e222cb1bc351@group-853F78DB4750-FollowerState was interrupted
2025-09-13 17:31:28,155 [beda0dcb-37da-4cca-bea2-e222cb1bc351-impl-thread2] INFO  server.RaftServer$Division (RaftServerImpl.java:lambda$close$1(527)) - beda0dcb-37da-4cca-bea2-e222cb1bc351@group-23D9289878C2: shutdown
2025-09-13 17:31:28,157 [Thread-1062] INFO  server.GrpcServerProtocolClient (GrpcServerProtocolClient.java:close(105)) - e114cbd1-8f45-4cc5-a8b1-e2bd6cad48a0 Close channels
2025-09-13 17:31:28,157 [Thread-1060] INFO  server.GrpcServerProtocolClient (GrpcServerProtocolClient.java:close(105)) - d3aade32-661d-499d-9068-ea1550ed8656 Close channels
2025-09-13 17:31:28,157 [beda0dcb-37da-4cca-bea2-e222cb1bc351@group-853F78DB4750-StateMachineUpdater] INFO  ratis.ContainerStateMachine (ContainerStateMachine.java:takeSnapshot(436)) - group-853F78DB4750: Finished taking a snapshot at:(t:1, i:0) file:/home/runner/work/ozone/ozone/hadoop-ozone/integration-test/target/test-dir/MiniOzoneClusterImpl-1331a795-ed08-415d-924a-7661a5cf51a5/ozone-metadata/datanode-4/ratis/79b5a704-a3b5-4a89-89e6-853f78db4750/sm/snapshot.1_0 took: 1 ms
2025-09-13 17:31:28,157 [beda0dcb-37da-4cca-bea2-e222cb1bc351@group-853F78DB4750-StateMachineUpdater] INFO  impl.StateMachineUpdater (StateMachineUpdater.java:takeSnapshot(307)) - beda0dcb-37da-4cca-bea2-e222cb1bc351@group-853F78DB4750-StateMachineUpdater: Took a snapshot at index 0
2025-09-13 17:31:28,158 [beda0dcb-37da-4cca-bea2-e222cb1bc351@group-853F78DB4750-StateMachineUpdater] INFO  impl.StateMachineUpdater (StateMachineUpdater.java:lambda$new$0(101)) - beda0dcb-37da-4cca-bea2-e222cb1bc351@group-853F78DB4750-StateMachineUpdater: snapshotIndex: updateIncreasingly -1 -> 0
2025-09-13 17:31:28,158 [beda0dcb-37da-4cca-bea2-e222cb1bc351@group-853F78DB4750-StateMachineUpdater] INFO  impl.StateMachineUpdater (StateMachineUpdater.java:stop(140)) - beda0dcb-37da-4cca-bea2-e222cb1bc351@group-853F78DB4750-StateMachineUpdater: closing ContainerStateMachine, lastApplied=(t:1, i:0)
2025-09-13 17:31:28,158 [beda0dcb-37da-4cca-bea2-e222cb1bc351@group-853F78DB4750-cacheEviction-AwaitToRun] INFO  util.AwaitToRun (AwaitToRun.java:run(49)) - beda0dcb-37da-4cca-bea2-e222cb1bc351@group-853F78DB4750-cacheEviction-AwaitToRun-AwaitForSignal is interrupted
2025-09-13 17:31:28,158 [beda0dcb-37da-4cca-bea2-e222cb1bc351-impl-thread2] INFO  util.JmxRegister (JmxRegister.java:unregister(74)) - Successfully un-registered JMX Bean with object name Ratis:service=RaftServer,group=group-23D9289878C2,id=beda0dcb-37da-4cca-bea2-e222cb1bc351
2025-09-13 17:31:28,158 [beda0dcb-37da-4cca-bea2-e222cb1bc351-impl-thread2] INFO  impl.RoleInfo (RoleInfo.java:shutdownLeaderState(103)) - beda0dcb-37da-4cca-bea2-e222cb1bc351: shutdown beda0dcb-37da-4cca-bea2-e222cb1bc351@group-23D9289878C2-LeaderStateImpl
2025-09-13 17:31:28,158 [grpc-default-executor-0] WARN  server.GrpcClientProtocolService (LogUtils.java:warn(127)) - 0-OrderedRequestStreamObserver0: onError: org.apache.ratis.thirdparty.io.grpc.StatusRuntimeException: CANCELLED: client cancelled
2025-09-13 17:31:28,159 [beda0dcb-37da-4cca-bea2-e222cb1bc351-impl-thread2] INFO  impl.PendingRequests (PendingRequests.java:sendNotLeaderResponses(287)) - beda0dcb-37da-4cca-bea2-e222cb1bc351@group-23D9289878C2-PendingRequests: sendNotLeaderResponses
2025-09-13 17:31:28,158 [beda0dcb-37da-4cca-bea2-e222cb1bc351@group-23D9289878C2->d3aade32-661d-499d-9068-ea1550ed8656-GrpcLogAppender-LogAppenderDaemon] WARN  server.GrpcLogAppender (GrpcLogAppender.java:mayWait(300)) - beda0dcb-37da-4cca-bea2-e222cb1bc351@group-23D9289878C2->d3aade32-661d-499d-9068-ea1550ed8656-GrpcLogAppender: Wait interrupted by java.lang.InterruptedException
2025-09-13 17:31:28,160 [beda0dcb-37da-4cca-bea2-e222cb1bc351-impl-thread1] INFO  impl.StateMachineUpdater (StateMachineUpdater.java:stopAndJoin(163)) - beda0dcb-37da-4cca-bea2-e222cb1bc351@group-26ECF1D4E136-StateMachineUpdater: set stopIndex = 0
2025-09-13 17:31:28,160 [beda0dcb-37da-4cca-bea2-e222cb1bc351@group-26ECF1D4E136-StateMachineUpdater] INFO  ratis.ContainerStateMachine (ContainerStateMachine.java:takeSnapshot(427)) - group-26ECF1D4E136: Taking a snapshot at:(t:1, i:0) file /home/runner/work/ozone/ozone/hadoop-ozone/integration-test/target/test-dir/MiniOzoneClusterImpl-1331a795-ed08-415d-924a-7661a5cf51a5/ozone-metadata/datanode-4/ratis/07c43d0e-01cc-4cce-9f14-26ecf1d4e136/sm/snapshot.1_0
2025-09-13 17:31:28,160 [beda0dcb-37da-4cca-bea2-e222cb1bc351@group-23D9289878C2->e114cbd1-8f45-4cc5-a8b1-e2bd6cad48a0-GrpcLogAppender-LogAppenderDaemon] WARN  server.GrpcLogAppender (GrpcLogAppender.java:mayWait(300)) - beda0dcb-37da-4cca-bea2-e222cb1bc351@group-23D9289878C2->e114cbd1-8f45-4cc5-a8b1-e2bd6cad48a0-GrpcLogAppender: Wait interrupted by java.lang.InterruptedException
2025-09-13 17:31:28,161 [grpc-default-executor-3] ERROR server.RaftServer$Division (RaftServerImpl.java:appendEntriesAsync(1495)) - beda0dcb-37da-4cca-bea2-e222cb1bc351@group-853F78DB4750: Failed appendEntries* e114cbd1-8f45-4cc5-a8b1-e2bd6cad48a0->beda0dcb-37da-4cca-bea2-e222cb1bc351#12-t1,previous=(t:1, i:0),leaderCommit=0,initializing? false,HEARTBEAT
org.apache.ratis.protocol.exceptions.ServerNotReadyException: beda0dcb-37da-4cca-bea2-e222cb1bc351@group-853F78DB4750 is not in [STARTING, RUNNING]: current state is CLOSING
	at org.apache.ratis.server.impl.RaftServerImpl.lambda$assertLifeCycleState$7(RaftServerImpl.java:809)
	at org.apache.ratis.util.LifeCycle.assertCurrentState(LifeCycle.java:260)
	at org.apache.ratis.server.impl.RaftServerImpl.assertLifeCycleState(RaftServerImpl.java:808)
	at org.apache.ratis.server.impl.RaftServerImpl.appendEntriesAsync(RaftServerImpl.java:1486)
	at org.apache.ratis.server.impl.RaftServerProxy.lambda$null$28(RaftServerProxy.java:652)
	at org.apache.ratis.util.JavaUtils.callAsUnchecked(JavaUtils.java:118)
	at org.apache.ratis.server.impl.RaftServerProxy.lambda$appendEntriesAsync$29(RaftServerProxy.java:651)
	at java.base/java.util.concurrent.CompletableFuture.uniComposeStage(CompletableFuture.java:1187)
	at java.base/java.util.concurrent.CompletableFuture.thenCompose(CompletableFuture.java:2341)
	at org.apache.ratis.server.impl.RaftServerProxy.appendEntriesAsync(RaftServerProxy.java:651)
	at org.apache.ratis.grpc.server.GrpcServerProtocolService$1.process(GrpcServerProtocolService.java:245)
	at org.apache.ratis.grpc.server.GrpcServerProtocolService$1.process(GrpcServerProtocolService.java:242)
	at org.apache.ratis.grpc.server.GrpcServerProtocolService$ServerRequestStreamObserver.onNext(GrpcServerProtocolService.java:137)
	at org.apache.ratis.thirdparty.io.grpc.stub.ServerCalls$StreamingServerCallHandler$StreamingServerCallListener.onMessage(ServerCalls.java:262)
	at org.apache.ratis.thirdparty.io.grpc.internal.ServerCallImpl$ServerStreamListenerImpl.messagesAvailableInternal(ServerCallImpl.java:334)
	at org.apache.ratis.thirdparty.io.grpc.internal.ServerCallImpl$ServerStreamListenerImpl.messagesAvailable(ServerCallImpl.java:319)
	at org.apache.ratis.thirdparty.io.grpc.internal.ServerImpl$JumpToApplicationThreadServerStreamListener$1MessagesAvailable.runInContext(ServerImpl.java:834)
	at org.apache.ratis.thirdparty.io.grpc.internal.ContextRunnable.run(ContextRunnable.java:37)
	at org.apache.ratis.thirdparty.io.grpc.internal.SerializingExecutor.run(SerializingExecutor.java:133)
	at java.base/java.util.concurrent.ThreadPoolExecutor.runWorker(ThreadPoolExecutor.java:1144)
	at java.base/java.util.concurrent.ThreadPoolExecutor$Worker.run(ThreadPoolExecutor.java:642)
	at java.base/java.lang.Thread.run(Thread.java:1583)
2025-09-13 17:31:28,161 [beda0dcb-37da-4cca-bea2-e222cb1bc351@group-26ECF1D4E136-StateMachineUpdater] INFO  ratis.ContainerStateMachine (ContainerStateMachine.java:takeSnapshot(436)) - group-26ECF1D4E136: Finished taking a snapshot at:(t:1, i:0) file:/home/runner/work/ozone/ozone/hadoop-ozone/integration-test/target/test-dir/MiniOzoneClusterImpl-1331a795-ed08-415d-924a-7661a5cf51a5/ozone-metadata/datanode-4/ratis/07c43d0e-01cc-4cce-9f14-26ecf1d4e136/sm/snapshot.1_0 took: 1 ms
2025-09-13 17:31:28,162 [beda0dcb-37da-4cca-bea2-e222cb1bc351@group-26ECF1D4E136-StateMachineUpdater] INFO  impl.StateMachineUpdater (StateMachineUpdater.java:takeSnapshot(307)) - beda0dcb-37da-4cca-bea2-e222cb1bc351@group-26ECF1D4E136-StateMachineUpdater: Took a snapshot at index 0
2025-09-13 17:31:28,162 [beda0dcb-37da-4cca-bea2-e222cb1bc351@group-26ECF1D4E136-StateMachineUpdater] INFO  impl.StateMachineUpdater (StateMachineUpdater.java:lambda$new$0(101)) - beda0dcb-37da-4cca-bea2-e222cb1bc351@group-26ECF1D4E136-StateMachineUpdater: snapshotIndex: updateIncreasingly -1 -> 0
2025-09-13 17:31:28,162 [beda0dcb-37da-4cca-bea2-e222cb1bc351@group-23D9289878C2-StateMachineUpdater] INFO  ratis.ContainerStateMachine (ContainerStateMachine.java:takeSnapshot(427)) - group-23D9289878C2: Taking a snapshot at:(t:1, i:4) file /home/runner/work/ozone/ozone/hadoop-ozone/integration-test/target/test-dir/MiniOzoneClusterImpl-1331a795-ed08-415d-924a-7661a5cf51a5/ozone-metadata/datanode-4/ratis/7755b6c1-031a-4d9a-a8c0-23d9289878c2/sm/snapshot.1_4
2025-09-13 17:31:28,162 [beda0dcb-37da-4cca-bea2-e222cb1bc351-impl-thread2] INFO  impl.StateMachineUpdater (StateMachineUpdater.java:stopAndJoin(163)) - beda0dcb-37da-4cca-bea2-e222cb1bc351@group-23D9289878C2-StateMachineUpdater: set stopIndex = 4
2025-09-13 17:31:28,162 [beda0dcb-37da-4cca-bea2-e222cb1bc351@group-26ECF1D4E136-StateMachineUpdater] INFO  impl.StateMachineUpdater (StateMachineUpdater.java:stop(140)) - beda0dcb-37da-4cca-bea2-e222cb1bc351@group-26ECF1D4E136-StateMachineUpdater: closing ContainerStateMachine, lastApplied=(t:1, i:0)
2025-09-13 17:31:28,163 [beda0dcb-37da-4cca-bea2-e222cb1bc351@group-26ECF1D4E136-cacheEviction-AwaitToRun] INFO  util.AwaitToRun (AwaitToRun.java:run(49)) - beda0dcb-37da-4cca-bea2-e222cb1bc351@group-26ECF1D4E136-cacheEviction-AwaitToRun-AwaitForSignal is interrupted
2025-09-13 17:31:28,164 [grpc-default-executor-1] INFO  server.GrpcServerProtocolService (GrpcServerProtocolService.java:lambda$onCompleted$6(171)) - e114cbd1-8f45-4cc5-a8b1-e2bd6cad48a0: Completed APPEND_ENTRIES, lastRequest: beda0dcb-37da-4cca-bea2-e222cb1bc351->e114cbd1-8f45-4cc5-a8b1-e2bd6cad48a0#9-t1,previous=(t:1, i:3),leaderCommit=2,initializing? false,entries: size=1, first=(t:1, i:4), METADATAENTRY(c:2) 
2025-09-13 17:31:28,165 [grpc-default-executor-3] INFO  server.GrpcLogAppender (GrpcLogAppender.java:onCompleted(558)) - beda0dcb-37da-4cca-bea2-e222cb1bc351@group-23D9289878C2->e114cbd1-8f45-4cc5-a8b1-e2bd6cad48a0-AppendLogResponseHandler: follower responses appendEntries COMPLETED
2025-09-13 17:31:28,165 [grpc-default-executor-3] WARN  server.GrpcLogAppender (GrpcLogAppender.java:resetClient(237)) - beda0dcb-37da-4cca-bea2-e222cb1bc351@group-23D9289878C2->e114cbd1-8f45-4cc5-a8b1-e2bd6cad48a0-GrpcLogAppender: Failed to getClient for e114cbd1-8f45-4cc5-a8b1-e2bd6cad48a0
org.apache.ratis.protocol.exceptions.AlreadyClosedException: beda0dcb-37da-4cca-bea2-e222cb1bc351 is already CLOSED
	at org.apache.ratis.util.PeerProxyMap$PeerAndProxy.getProxy(PeerProxyMap.java:67)
	at org.apache.ratis.util.PeerProxyMap.getProxy(PeerProxyMap.java:124)
	at org.apache.ratis.grpc.server.GrpcLogAppender.getClient(GrpcLogAppender.java:207)
	at org.apache.ratis.grpc.server.GrpcLogAppender.resetClient(GrpcLogAppender.java:212)
	at org.apache.ratis.grpc.server.GrpcLogAppender.access$800(GrpcLogAppender.java:70)
	at org.apache.ratis.grpc.server.GrpcLogAppender$AppendLogResponseHandler.onCompleted(GrpcLogAppender.java:559)
	at org.apache.ratis.thirdparty.io.grpc.stub.ClientCalls$StreamObserverToCallListenerAdapter.onClose(ClientCalls.java:562)
	at org.apache.ratis.thirdparty.io.grpc.internal.ClientCallImpl.closeObserver(ClientCallImpl.java:565)
	at org.apache.ratis.thirdparty.io.grpc.internal.ClientCallImpl.access$100(ClientCallImpl.java:72)
	at org.apache.ratis.thirdparty.io.grpc.internal.ClientCallImpl$ClientStreamListenerImpl$1StreamClosed.runInternal(ClientCallImpl.java:733)
	at org.apache.ratis.thirdparty.io.grpc.internal.ClientCallImpl$ClientStreamListenerImpl$1StreamClosed.runInContext(ClientCallImpl.java:714)
	at org.apache.ratis.thirdparty.io.grpc.internal.ContextRunnable.run(ContextRunnable.java:37)
	at org.apache.ratis.thirdparty.io.grpc.internal.SerializingExecutor.run(SerializingExecutor.java:133)
	at java.base/java.util.concurrent.ThreadPoolExecutor.runWorker(ThreadPoolExecutor.java:1144)
	at java.base/java.util.concurrent.ThreadPoolExecutor$Worker.run(ThreadPoolExecutor.java:642)
	at java.base/java.lang.Thread.run(Thread.java:1583)
2025-09-13 17:31:28,166 [beda0dcb-37da-4cca-bea2-e222cb1bc351@group-23D9289878C2-StateMachineUpdater] INFO  ratis.ContainerStateMachine (ContainerStateMachine.java:takeSnapshot(436)) - group-23D9289878C2: Finished taking a snapshot at:(t:1, i:4) file:/home/runner/work/ozone/ozone/hadoop-ozone/integration-test/target/test-dir/MiniOzoneClusterImpl-1331a795-ed08-415d-924a-7661a5cf51a5/ozone-metadata/datanode-4/ratis/7755b6c1-031a-4d9a-a8c0-23d9289878c2/sm/snapshot.1_4 took: 3 ms
2025-09-13 17:31:28,166 [beda0dcb-37da-4cca-bea2-e222cb1bc351@group-23D9289878C2-StateMachineUpdater] INFO  impl.StateMachineUpdater (StateMachineUpdater.java:takeSnapshot(307)) - beda0dcb-37da-4cca-bea2-e222cb1bc351@group-23D9289878C2-StateMachineUpdater: Took a snapshot at index 4
2025-09-13 17:31:28,166 [beda0dcb-37da-4cca-bea2-e222cb1bc351@group-23D9289878C2-StateMachineUpdater] INFO  impl.StateMachineUpdater (StateMachineUpdater.java:lambda$new$0(101)) - beda0dcb-37da-4cca-bea2-e222cb1bc351@group-23D9289878C2-StateMachineUpdater: snapshotIndex: updateIncreasingly -1 -> 4
2025-09-13 17:31:28,166 [beda0dcb-37da-4cca-bea2-e222cb1bc351@group-23D9289878C2-StateMachineUpdater] INFO  impl.StateMachineUpdater (StateMachineUpdater.java:stop(140)) - beda0dcb-37da-4cca-bea2-e222cb1bc351@group-23D9289878C2-StateMachineUpdater: closing ContainerStateMachine, lastApplied=(t:1, i:4)
2025-09-13 17:31:28,167 [beda0dcb-37da-4cca-bea2-e222cb1bc351@group-23D9289878C2-cacheEviction-AwaitToRun] INFO  util.AwaitToRun (AwaitToRun.java:run(49)) - beda0dcb-37da-4cca-bea2-e222cb1bc351@group-23D9289878C2-cacheEviction-AwaitToRun-AwaitForSignal is interrupted
2025-09-13 17:31:28,167 [grpc-default-executor-0] INFO  server.GrpcServerProtocolService (GrpcServerProtocolService.java:lambda$null$7(175)) - e114cbd1-8f45-4cc5-a8b1-e2bd6cad48a0: Completed APPEND_ENTRIES, lastReply: serverReply {
  requestorId: "beda0dcb-37da-4cca-bea2-e222cb1bc351"
  replyId: "e114cbd1-8f45-4cc5-a8b1-e2bd6cad48a0"
  raftGroupId {
    id: "wU\266\301\003\032M\232\250\300#\331(\230x\302"
  }
  callId: 19
  success: true
}
term: 1
nextIndex: 5
followerCommit: 4
matchIndex: 18446744073709551615
isHearbeat: true
 
2025-09-13 17:31:28,168 [grpc-default-executor-0] INFO  server.GrpcLogAppender (GrpcLogAppender.java:onCompleted(558)) - beda0dcb-37da-4cca-bea2-e222cb1bc351@group-23D9289878C2->e114cbd1-8f45-4cc5-a8b1-e2bd6cad48a0-AppendLogResponseHandler: follower responses appendEntries COMPLETED
2025-09-13 17:31:28,168 [grpc-default-executor-0] WARN  server.GrpcLogAppender (GrpcLogAppender.java:resetClient(237)) - beda0dcb-37da-4cca-bea2-e222cb1bc351@group-23D9289878C2->e114cbd1-8f45-4cc5-a8b1-e2bd6cad48a0-GrpcLogAppender: Failed to getClient for e114cbd1-8f45-4cc5-a8b1-e2bd6cad48a0
org.apache.ratis.protocol.exceptions.AlreadyClosedException: beda0dcb-37da-4cca-bea2-e222cb1bc351 is already CLOSED
	at org.apache.ratis.util.PeerProxyMap$PeerAndProxy.getProxy(PeerProxyMap.java:67)
	at org.apache.ratis.util.PeerProxyMap.getProxy(PeerProxyMap.java:124)
	at org.apache.ratis.grpc.server.GrpcLogAppender.getClient(GrpcLogAppender.java:207)
	at org.apache.ratis.grpc.server.GrpcLogAppender.resetClient(GrpcLogAppender.java:212)
	at org.apache.ratis.grpc.server.GrpcLogAppender.access$800(GrpcLogAppender.java:70)
	at org.apache.ratis.grpc.server.GrpcLogAppender$AppendLogResponseHandler.onCompleted(GrpcLogAppender.java:559)
	at org.apache.ratis.thirdparty.io.grpc.stub.ClientCalls$StreamObserverToCallListenerAdapter.onClose(ClientCalls.java:562)
	at org.apache.ratis.thirdparty.io.grpc.internal.DelayedClientCall$DelayedListener$3.run(DelayedClientCall.java:489)
	at org.apache.ratis.thirdparty.io.grpc.internal.DelayedClientCall$DelayedListener.delayOrExecute(DelayedClientCall.java:453)
	at org.apache.ratis.thirdparty.io.grpc.internal.DelayedClientCall$DelayedListener.onClose(DelayedClientCall.java:486)
	at org.apache.ratis.thirdparty.io.grpc.internal.ClientCallImpl.closeObserver(ClientCallImpl.java:565)
	at org.apache.ratis.thirdparty.io.grpc.internal.ClientCallImpl.access$100(ClientCallImpl.java:72)
	at org.apache.ratis.thirdparty.io.grpc.internal.ClientCallImpl$ClientStreamListenerImpl$1StreamClosed.runInternal(ClientCallImpl.java:733)
	at org.apache.ratis.thirdparty.io.grpc.internal.ClientCallImpl$ClientStreamListenerImpl$1StreamClosed.runInContext(ClientCallImpl.java:714)
	at org.apache.ratis.thirdparty.io.grpc.internal.ContextRunnable.run(ContextRunnable.java:37)
	at org.apache.ratis.thirdparty.io.grpc.internal.SerializingExecutor.run(SerializingExecutor.java:133)
	at java.base/java.util.concurrent.ThreadPoolExecutor.runWorker(ThreadPoolExecutor.java:1144)
	at java.base/java.util.concurrent.ThreadPoolExecutor$Worker.run(ThreadPoolExecutor.java:642)
	at java.base/java.lang.Thread.run(Thread.java:1583)
2025-09-13 17:31:28,168 [ForkJoinPool-1-worker-1] INFO  server.GrpcServicesImpl (GrpcServicesImpl.java:closeImpl(364)) - beda0dcb-37da-4cca-bea2-e222cb1bc351: shutdown server org.apache.ratis.grpc.server.GrpcClientProtocolService successfully
2025-09-13 17:31:28,168 [ForkJoinPool-1-worker-1] INFO  server.GrpcServicesImpl (GrpcServicesImpl.java:closeImpl(355)) - beda0dcb-37da-4cca-bea2-e222cb1bc351: shutdown server GrpcServerProtocolService now
2025-09-13 17:31:28,170 [grpc-default-executor-0] WARN  server.GrpcLogAppender (LogUtils.java:warn(127)) - e114cbd1-8f45-4cc5-a8b1-e2bd6cad48a0@group-853F78DB4750->beda0dcb-37da-4cca-bea2-e222cb1bc351-AppendLogResponseHandler: Failed appendEntries: org.apache.ratis.thirdparty.io.grpc.StatusRuntimeException: CANCELLED: RST_STREAM closed stream. HTTP/2 error code: CANCEL
2025-09-13 17:31:28,171 [grpc-default-executor-0] WARN  server.GrpcLogAppender (GrpcLogAppender.java:lambda$resetClient$1(228)) - e114cbd1-8f45-4cc5-a8b1-e2bd6cad48a0@group-853F78DB4750->beda0dcb-37da-4cca-bea2-e222cb1bc351-GrpcLogAppender: Follower failed (request=null, errorCount=1); keep nextIndex (1) unchanged and retry.
2025-09-13 17:31:28,170 [grpc-default-executor-3] WARN  server.GrpcServerProtocolService (LogUtils.java:warn(127)) - beda0dcb-37da-4cca-bea2-e222cb1bc351: APPEND_ENTRIES onError, lastRequest: e114cbd1-8f45-4cc5-a8b1-e2bd6cad48a0->beda0dcb-37da-4cca-bea2-e222cb1bc351#1-t1,previous=<PROTO_DEFAULT>,leaderCommit=-1,initializing? false,entries: size=1, first=(t:1, i:0), CONFIGURATIONENTRY(current:id:"d3aade32-661d-499d-9068-ea1550ed8656"address:"127.0.0.1:15055"dataStreamAddress:"127.0.0.1:15056"clientAddress:"127.0.0.1:15053"adminAddress:"127.0.0.1:15054"startupRole:FOLLOWER, id:"beda0dcb-37da-4cca-bea2-e222cb1bc351"address:"127.0.0.1:15039"dataStreamAddress:"127.0.0.1:15040"clientAddress:"127.0.0.1:15037"adminAddress:"127.0.0.1:15038"startupRole:FOLLOWER, id:"e114cbd1-8f45-4cc5-a8b1-e2bd6cad48a0"address:"127.0.0.1:15047"priority:1dataStreamAddress:"127.0.0.1:15048"clientAddress:"127.0.0.1:15045"adminAddress:"127.0.0.1:15046"startupRole:FOLLOWER, old:): org.apache.ratis.thirdparty.io.grpc.StatusRuntimeException: CANCELLED: client cancelled
2025-09-13 17:31:28,171 [grpc-default-executor-3] WARN  server.GrpcServerProtocolService (LogUtils.java:warn(127)) - beda0dcb-37da-4cca-bea2-e222cb1bc351: APPEND_ENTRIES onError, lastRequest: null: org.apache.ratis.thirdparty.io.grpc.StatusRuntimeException: CANCELLED: client cancelled
2025-09-13 17:31:28,171 [ForkJoinPool-1-worker-1] INFO  server.GrpcServicesImpl (GrpcServicesImpl.java:closeImpl(364)) - beda0dcb-37da-4cca-bea2-e222cb1bc351: shutdown server GrpcServerProtocolService successfully
2025-09-13 17:31:28,171 [ForkJoinPool-1-worker-1] INFO  server.GrpcServicesImpl (GrpcServicesImpl.java:closeImpl(355)) - beda0dcb-37da-4cca-bea2-e222cb1bc351: shutdown server org.apache.ratis.grpc.server.GrpcAdminProtocolService now
2025-09-13 17:31:28,173 [ForkJoinPool-1-worker-1] INFO  server.GrpcServicesImpl (GrpcServicesImpl.java:closeImpl(364)) - beda0dcb-37da-4cca-bea2-e222cb1bc351: shutdown server org.apache.ratis.grpc.server.GrpcAdminProtocolService successfully
2025-09-13 17:31:28,178 [beda0dcb-37da-4cca-bea2-e222cb1bc351-NettyServerStreamRpc-bossGroup--thread1] INFO  logging.LoggingHandler (AbstractInternalLogger.java:log(148)) - [id: 0xc12c1b20, L:/0.0.0.0:15040] CLOSE
2025-09-13 17:31:28,178 [beda0dcb-37da-4cca-bea2-e222cb1bc351-NettyServerStreamRpc-bossGroup--thread1] INFO  logging.LoggingHandler (AbstractInternalLogger.java:log(148)) - [id: 0xc12c1b20, L:/0.0.0.0:15040] INACTIVE
2025-09-13 17:31:28,178 [beda0dcb-37da-4cca-bea2-e222cb1bc351-NettyServerStreamRpc-bossGroup--thread1] INFO  logging.LoggingHandler (AbstractInternalLogger.java:log(148)) - [id: 0xc12c1b20, L:/0.0.0.0:15040] UNREGISTERED
2025-09-13 17:31:28,318 [beda0dcb-37da-4cca-bea2-e222cb1bc351-impl-thread1] INFO  segmented.SegmentedRaftLogWorker (SegmentedRaftLogWorker.java:close(254)) - beda0dcb-37da-4cca-bea2-e222cb1bc351@group-26ECF1D4E136-SegmentedRaftLogWorker close()
2025-09-13 17:31:28,318 [beda0dcb-37da-4cca-bea2-e222cb1bc351-impl-thread1] INFO  ratis.ContainerStateMachine (ContainerStateMachine.java:notifyServerShutdown(1038)) - group-26ECF1D4E136 is closed by HddsDatanodeService
2025-09-13 17:31:28,634 [beda0dcb-37da-4cca-bea2-e222cb1bc351-impl-thread3] INFO  segmented.SegmentedRaftLogWorker (SegmentedRaftLogWorker.java:close(254)) - beda0dcb-37da-4cca-bea2-e222cb1bc351@group-853F78DB4750-SegmentedRaftLogWorker close()
2025-09-13 17:31:28,634 [beda0dcb-37da-4cca-bea2-e222cb1bc351-impl-thread3] INFO  ratis.ContainerStateMachine (ContainerStateMachine.java:notifyServerShutdown(1038)) - group-853F78DB4750 is closed by HddsDatanodeService
2025-09-13 17:31:29,111 [beda0dcb-37da-4cca-bea2-e222cb1bc351-impl-thread2] INFO  segmented.SegmentedRaftLogWorker (SegmentedRaftLogWorker.java:close(254)) - beda0dcb-37da-4cca-bea2-e222cb1bc351@group-23D9289878C2-SegmentedRaftLogWorker close()
2025-09-13 17:31:29,111 [beda0dcb-37da-4cca-bea2-e222cb1bc351-impl-thread2] INFO  ratis.ContainerStateMachine (ContainerStateMachine.java:notifyServerShutdown(1038)) - group-23D9289878C2 is closed by HddsDatanodeService
2025-09-13 17:31:29,111 [JvmPauseMonitor6] INFO  util.JvmPauseMonitor (JvmPauseMonitor.java:run(152)) - JvmPauseMonitor-beda0dcb-37da-4cca-bea2-e222cb1bc351: Stopped
2025-09-13 17:31:29,593 [e114cbd1-8f45-4cc5-a8b1-e2bd6cad48a0@group-23D9289878C2-FollowerState] INFO  impl.FollowerState (FollowerState.java:runImpl(161)) - e114cbd1-8f45-4cc5-a8b1-e2bd6cad48a0@group-23D9289878C2-FollowerState: change to CANDIDATE, lastRpcElapsedTime:1463504114ns, electionTimeout:1068ms
2025-09-13 17:31:29,593 [e114cbd1-8f45-4cc5-a8b1-e2bd6cad48a0@group-23D9289878C2-FollowerState] INFO  impl.RoleInfo (RoleInfo.java:shutdownFollowerState(121)) - e114cbd1-8f45-4cc5-a8b1-e2bd6cad48a0: shutdown e114cbd1-8f45-4cc5-a8b1-e2bd6cad48a0@group-23D9289878C2-FollowerState
2025-09-13 17:31:29,593 [e114cbd1-8f45-4cc5-a8b1-e2bd6cad48a0@group-23D9289878C2-FollowerState] INFO  server.RaftServer$Division (RaftServerImpl.java:setRole(392)) - e114cbd1-8f45-4cc5-a8b1-e2bd6cad48a0@group-23D9289878C2: changes role from  FOLLOWER to CANDIDATE at term 1 for changeToCandidate
2025-09-13 17:31:29,593 [e114cbd1-8f45-4cc5-a8b1-e2bd6cad48a0@group-23D9289878C2-FollowerState] INFO  impl.RoleInfo (RoleInfo.java:updateAndGet(148)) - e114cbd1-8f45-4cc5-a8b1-e2bd6cad48a0: start e114cbd1-8f45-4cc5-a8b1-e2bd6cad48a0@group-23D9289878C2-LeaderElection24
2025-09-13 17:31:29,594 [e114cbd1-8f45-4cc5-a8b1-e2bd6cad48a0@group-23D9289878C2-LeaderElection24] INFO  server.RaftServer$Division (ServerState.java:setLeader(272)) - e114cbd1-8f45-4cc5-a8b1-e2bd6cad48a0@group-23D9289878C2: change Leader from beda0dcb-37da-4cca-bea2-e222cb1bc351 to null at term 1 for PRE_VOTE
2025-09-13 17:31:29,594 [e114cbd1-8f45-4cc5-a8b1-e2bd6cad48a0@group-23D9289878C2-LeaderElection24] INFO  impl.LeaderElection (LeaderElection.java:askForVotes(448)) - e114cbd1-8f45-4cc5-a8b1-e2bd6cad48a0@group-23D9289878C2-LeaderElection24 PRE_VOTE round 0: submit vote requests at term 1 for conf: {index: 0, cur=peers:[d3aade32-661d-499d-9068-ea1550ed8656|127.0.0.1:15055, beda0dcb-37da-4cca-bea2-e222cb1bc351|127.0.0.1:15039, e114cbd1-8f45-4cc5-a8b1-e2bd6cad48a0|127.0.0.1:15047]|listeners:[], old=null}
2025-09-13 17:31:29,595 [e114cbd1-8f45-4cc5-a8b1-e2bd6cad48a0@group-23D9289878C2-LeaderElection24] INFO  impl.LeaderElection (LogUtils.java:infoOrTrace(142)) - e114cbd1-8f45-4cc5-a8b1-e2bd6cad48a0@group-23D9289878C2-LeaderElection24 got exception when requesting votes: java.util.concurrent.ExecutionException: org.apache.ratis.thirdparty.io.grpc.StatusRuntimeException: UNAVAILABLE: io exception
2025-09-13 17:31:29,595 [e114cbd1-8f45-4cc5-a8b1-e2bd6cad48a0@group-23D9289878C2-LeaderElection24] INFO  impl.LeaderElection (LogUtils.java:infoOrTrace(142)) - e114cbd1-8f45-4cc5-a8b1-e2bd6cad48a0@group-23D9289878C2-LeaderElection24 got exception when requesting votes: java.util.concurrent.ExecutionException: org.apache.ratis.thirdparty.io.grpc.StatusRuntimeException: UNAVAILABLE: io exception
2025-09-13 17:31:29,595 [e114cbd1-8f45-4cc5-a8b1-e2bd6cad48a0@group-23D9289878C2-LeaderElection24] INFO  impl.LeaderElection (LeaderElection.java:logAndReturn(206)) - e114cbd1-8f45-4cc5-a8b1-e2bd6cad48a0@group-23D9289878C2-LeaderElection24: PRE_VOTE REJECTED received 0 response(s) and 2 exception(s):
2025-09-13 17:31:29,595 [e114cbd1-8f45-4cc5-a8b1-e2bd6cad48a0@group-23D9289878C2-LeaderElection24] INFO  impl.LeaderElection (LogUtils.java:infoOrTrace(142)) -   Exception 0: java.util.concurrent.ExecutionException: org.apache.ratis.thirdparty.io.grpc.StatusRuntimeException: UNAVAILABLE: io exception
2025-09-13 17:31:29,595 [e114cbd1-8f45-4cc5-a8b1-e2bd6cad48a0@group-23D9289878C2-LeaderElection24] INFO  impl.LeaderElection (LogUtils.java:infoOrTrace(142)) -   Exception 1: java.util.concurrent.ExecutionException: org.apache.ratis.thirdparty.io.grpc.StatusRuntimeException: UNAVAILABLE: io exception
2025-09-13 17:31:29,595 [e114cbd1-8f45-4cc5-a8b1-e2bd6cad48a0@group-23D9289878C2-LeaderElection24] INFO  impl.LeaderElection (LeaderElection.java:askForVotes(450)) - e114cbd1-8f45-4cc5-a8b1-e2bd6cad48a0@group-23D9289878C2-LeaderElection24 PRE_VOTE round 0: result REJECTED
2025-09-13 17:31:29,595 [e114cbd1-8f45-4cc5-a8b1-e2bd6cad48a0@group-23D9289878C2-LeaderElection24] INFO  server.RaftServer$Division (RaftServerImpl.java:setRole(392)) - e114cbd1-8f45-4cc5-a8b1-e2bd6cad48a0@group-23D9289878C2: changes role from CANDIDATE to FOLLOWER at term 1 for REJECTED
2025-09-13 17:31:29,595 [e114cbd1-8f45-4cc5-a8b1-e2bd6cad48a0@group-23D9289878C2-LeaderElection24] INFO  impl.RoleInfo (RoleInfo.java:shutdownLeaderElection(141)) - e114cbd1-8f45-4cc5-a8b1-e2bd6cad48a0: shutdown e114cbd1-8f45-4cc5-a8b1-e2bd6cad48a0@group-23D9289878C2-LeaderElection24
2025-09-13 17:31:29,595 [e114cbd1-8f45-4cc5-a8b1-e2bd6cad48a0@group-23D9289878C2-LeaderElection24] INFO  impl.RoleInfo (RoleInfo.java:updateAndGet(148)) - e114cbd1-8f45-4cc5-a8b1-e2bd6cad48a0: start e114cbd1-8f45-4cc5-a8b1-e2bd6cad48a0@group-23D9289878C2-FollowerState
2025-09-13 17:31:29,635 [e114cbd1-8f45-4cc5-a8b1-e2bd6cad48a0@group-853F78DB4750-LeaderStateImpl] WARN  server.RaftServer$Division (LeaderStateImpl.java:checkLeadership(1121)) - e114cbd1-8f45-4cc5-a8b1-e2bd6cad48a0@group-853F78DB4750-LeaderStateImpl: Lost leadership on term: 1. Election timeout: 1200ms. In charge for: 6062ms. Conf: conf: {index: 0, cur=peers:[d3aade32-661d-499d-9068-ea1550ed8656|127.0.0.1:15055, beda0dcb-37da-4cca-bea2-e222cb1bc351|127.0.0.1:15039, e114cbd1-8f45-4cc5-a8b1-e2bd6cad48a0|127.0.0.1:15047]|listeners:[], old=null}
2025-09-13 17:31:29,635 [e114cbd1-8f45-4cc5-a8b1-e2bd6cad48a0@group-853F78DB4750-LeaderStateImpl] WARN  server.RaftServer$Division (LeaderStateImpl.java:lambda$checkLeadership$20(1125)) - Follower e114cbd1-8f45-4cc5-a8b1-e2bd6cad48a0@group-853F78DB4750->d3aade32-661d-499d-9068-ea1550ed8656(c0,m0,n1, caughtUp=true, lastRpcSendTime=888, lastRpcResponseTime=4486)
2025-09-13 17:31:29,635 [e114cbd1-8f45-4cc5-a8b1-e2bd6cad48a0@group-853F78DB4750-LeaderStateImpl] WARN  server.RaftServer$Division (LeaderStateImpl.java:lambda$checkLeadership$20(1125)) - Follower e114cbd1-8f45-4cc5-a8b1-e2bd6cad48a0@group-853F78DB4750->beda0dcb-37da-4cca-bea2-e222cb1bc351(c0,m0,n1, caughtUp=true, lastRpcSendTime=217, lastRpcResponseTime=1980)
2025-09-13 17:31:29,636 [e114cbd1-8f45-4cc5-a8b1-e2bd6cad48a0@group-853F78DB4750-LeaderStateImpl] INFO  server.RaftServer$Division (RaftServerImpl.java:setRole(392)) - e114cbd1-8f45-4cc5-a8b1-e2bd6cad48a0@group-853F78DB4750: changes role from    LEADER to FOLLOWER at term 1 for StepDownReason:LOST_MAJORITY_HEARTBEATS
2025-09-13 17:31:29,636 [e114cbd1-8f45-4cc5-a8b1-e2bd6cad48a0@group-853F78DB4750-LeaderStateImpl] INFO  impl.RoleInfo (RoleInfo.java:shutdownLeaderState(103)) - e114cbd1-8f45-4cc5-a8b1-e2bd6cad48a0: shutdown e114cbd1-8f45-4cc5-a8b1-e2bd6cad48a0@group-853F78DB4750-LeaderStateImpl
2025-09-13 17:31:29,636 [e114cbd1-8f45-4cc5-a8b1-e2bd6cad48a0@group-853F78DB4750->d3aade32-661d-499d-9068-ea1550ed8656-GrpcLogAppender-LogAppenderDaemon] WARN  server.GrpcLogAppender (GrpcLogAppender.java:mayWait(300)) - e114cbd1-8f45-4cc5-a8b1-e2bd6cad48a0@group-853F78DB4750->d3aade32-661d-499d-9068-ea1550ed8656-GrpcLogAppender: Wait interrupted by java.lang.InterruptedException
2025-09-13 17:31:29,636 [e114cbd1-8f45-4cc5-a8b1-e2bd6cad48a0@group-853F78DB4750-LeaderStateImpl] INFO  impl.PendingRequests (PendingRequests.java:sendNotLeaderResponses(287)) - e114cbd1-8f45-4cc5-a8b1-e2bd6cad48a0@group-853F78DB4750-PendingRequests: sendNotLeaderResponses
2025-09-13 17:31:29,636 [e114cbd1-8f45-4cc5-a8b1-e2bd6cad48a0@group-853F78DB4750->beda0dcb-37da-4cca-bea2-e222cb1bc351-GrpcLogAppender-LogAppenderDaemon] WARN  server.GrpcLogAppender (GrpcLogAppender.java:mayWait(300)) - e114cbd1-8f45-4cc5-a8b1-e2bd6cad48a0@group-853F78DB4750->beda0dcb-37da-4cca-bea2-e222cb1bc351-GrpcLogAppender: Wait interrupted by java.lang.InterruptedException
2025-09-13 17:31:29,637 [e114cbd1-8f45-4cc5-a8b1-e2bd6cad48a0@group-853F78DB4750-LeaderStateImpl] INFO  server.RaftServer$Division (ServerState.java:setLeader(272)) - e114cbd1-8f45-4cc5-a8b1-e2bd6cad48a0@group-853F78DB4750: change Leader from e114cbd1-8f45-4cc5-a8b1-e2bd6cad48a0 to null at term 1 for StepDownReason:LOST_MAJORITY_HEARTBEATS
2025-09-13 17:31:29,637 [e114cbd1-8f45-4cc5-a8b1-e2bd6cad48a0@group-853F78DB4750-LeaderStateImpl] INFO  impl.RoleInfo (RoleInfo.java:updateAndGet(148)) - e114cbd1-8f45-4cc5-a8b1-e2bd6cad48a0: start e114cbd1-8f45-4cc5-a8b1-e2bd6cad48a0@group-853F78DB4750-FollowerState
2025-09-13 17:31:30,175 [timer5] WARN  server.GrpcLogAppender (LogUtils.java:warn(127)) - e114cbd1-8f45-4cc5-a8b1-e2bd6cad48a0@group-853F78DB4750->d3aade32-661d-499d-9068-ea1550ed8656-AppendLogResponseHandler: Failed appendEntries (Repeated 18 times in the last 5.002s): org.apache.ratis.thirdparty.io.grpc.StatusRuntimeException: UNAVAILABLE: io exception
  Caused by: org.apache.ratis.thirdparty.io.netty.channel.AbstractChannel$AnnotatedConnectException: finishConnect(..) failed: Connection refused: /127.0.0.1:15055
  Caused by: java.net.ConnectException: finishConnect(..) failed: Connection refused
2025-09-13 17:31:30,175 [timer4] WARN  server.GrpcLogAppender (LogUtils.java:warn(127)) - beda0dcb-37da-4cca-bea2-e222cb1bc351@group-23D9289878C2->d3aade32-661d-499d-9068-ea1550ed8656-AppendLogResponseHandler: Failed appendEntries (Repeated 14 times in the last 5.001s): org.apache.ratis.thirdparty.io.grpc.StatusRuntimeException: UNAVAILABLE: io exception
  Caused by: org.apache.ratis.thirdparty.io.netty.channel.AbstractChannel$AnnotatedConnectException: finishConnect(..) failed: Connection refused: /127.0.0.1:15055
  Caused by: java.net.ConnectException: finishConnect(..) failed: Connection refused
2025-09-13 17:31:30,178 [timer6] WARN  server.GrpcLogAppender (GrpcLogAppender.java:lambda$resetClient$1(228)) - e114cbd1-8f45-4cc5-a8b1-e2bd6cad48a0@group-853F78DB4750->d3aade32-661d-499d-9068-ea1550ed8656-GrpcLogAppender: Follower failed (request=null, errorCount=18); keep nextIndex (1) unchanged and retry. (Repeated 18 times in the last 5.001s)
2025-09-13 17:31:30,179 [timer7] WARN  server.GrpcLogAppender (GrpcLogAppender.java:lambda$resetClient$1(228)) - beda0dcb-37da-4cca-bea2-e222cb1bc351@group-23D9289878C2->d3aade32-661d-499d-9068-ea1550ed8656-GrpcLogAppender: Follower failed (request=null, errorCount=14); keep nextIndex (5) unchanged and retry. (Repeated 14 times in the last 5.001s)
2025-09-13 17:31:30,709 [e114cbd1-8f45-4cc5-a8b1-e2bd6cad48a0@group-23D9289878C2-FollowerState] INFO  impl.FollowerState (FollowerState.java:runImpl(161)) - e114cbd1-8f45-4cc5-a8b1-e2bd6cad48a0@group-23D9289878C2-FollowerState: change to CANDIDATE, lastRpcElapsedTime:1113268316ns, electionTimeout:1113ms
2025-09-13 17:31:30,709 [e114cbd1-8f45-4cc5-a8b1-e2bd6cad48a0@group-23D9289878C2-FollowerState] INFO  impl.RoleInfo (RoleInfo.java:shutdownFollowerState(121)) - e114cbd1-8f45-4cc5-a8b1-e2bd6cad48a0: shutdown e114cbd1-8f45-4cc5-a8b1-e2bd6cad48a0@group-23D9289878C2-FollowerState
2025-09-13 17:31:30,709 [e114cbd1-8f45-4cc5-a8b1-e2bd6cad48a0@group-23D9289878C2-FollowerState] INFO  server.RaftServer$Division (RaftServerImpl.java:setRole(392)) - e114cbd1-8f45-4cc5-a8b1-e2bd6cad48a0@group-23D9289878C2: changes role from  FOLLOWER to CANDIDATE at term 1 for changeToCandidate
2025-09-13 17:31:30,709 [e114cbd1-8f45-4cc5-a8b1-e2bd6cad48a0@group-23D9289878C2-FollowerState] INFO  impl.RoleInfo (RoleInfo.java:updateAndGet(148)) - e114cbd1-8f45-4cc5-a8b1-e2bd6cad48a0: start e114cbd1-8f45-4cc5-a8b1-e2bd6cad48a0@group-23D9289878C2-LeaderElection25
2025-09-13 17:31:30,709 [e114cbd1-8f45-4cc5-a8b1-e2bd6cad48a0@group-23D9289878C2-LeaderElection25] INFO  impl.LeaderElection (LeaderElection.java:askForVotes(448)) - e114cbd1-8f45-4cc5-a8b1-e2bd6cad48a0@group-23D9289878C2-LeaderElection25 PRE_VOTE round 0: submit vote requests at term 1 for conf: {index: 0, cur=peers:[d3aade32-661d-499d-9068-ea1550ed8656|127.0.0.1:15055, beda0dcb-37da-4cca-bea2-e222cb1bc351|127.0.0.1:15039, e114cbd1-8f45-4cc5-a8b1-e2bd6cad48a0|127.0.0.1:15047]|listeners:[], old=null}
2025-09-13 17:31:30,710 [e114cbd1-8f45-4cc5-a8b1-e2bd6cad48a0@group-23D9289878C2-LeaderElection25] INFO  impl.LeaderElection (LogUtils.java:infoOrTrace(142)) - e114cbd1-8f45-4cc5-a8b1-e2bd6cad48a0@group-23D9289878C2-LeaderElection25 got exception when requesting votes: java.util.concurrent.ExecutionException: org.apache.ratis.thirdparty.io.grpc.StatusRuntimeException: UNAVAILABLE: io exception
2025-09-13 17:31:30,710 [e114cbd1-8f45-4cc5-a8b1-e2bd6cad48a0@group-23D9289878C2-LeaderElection25] INFO  impl.LeaderElection (LogUtils.java:infoOrTrace(142)) - e114cbd1-8f45-4cc5-a8b1-e2bd6cad48a0@group-23D9289878C2-LeaderElection25 got exception when requesting votes: java.util.concurrent.ExecutionException: org.apache.ratis.thirdparty.io.grpc.StatusRuntimeException: UNAVAILABLE: io exception
2025-09-13 17:31:30,710 [e114cbd1-8f45-4cc5-a8b1-e2bd6cad48a0@group-23D9289878C2-LeaderElection25] INFO  impl.LeaderElection (LeaderElection.java:logAndReturn(206)) - e114cbd1-8f45-4cc5-a8b1-e2bd6cad48a0@group-23D9289878C2-LeaderElection25: PRE_VOTE REJECTED received 0 response(s) and 2 exception(s):
2025-09-13 17:31:30,710 [e114cbd1-8f45-4cc5-a8b1-e2bd6cad48a0@group-23D9289878C2-LeaderElection25] INFO  impl.LeaderElection (LogUtils.java:infoOrTrace(142)) -   Exception 0: java.util.concurrent.ExecutionException: org.apache.ratis.thirdparty.io.grpc.StatusRuntimeException: UNAVAILABLE: io exception
2025-09-13 17:31:30,710 [e114cbd1-8f45-4cc5-a8b1-e2bd6cad48a0@group-23D9289878C2-LeaderElection25] INFO  impl.LeaderElection (LogUtils.java:infoOrTrace(142)) -   Exception 1: java.util.concurrent.ExecutionException: org.apache.ratis.thirdparty.io.grpc.StatusRuntimeException: UNAVAILABLE: io exception
2025-09-13 17:31:30,710 [e114cbd1-8f45-4cc5-a8b1-e2bd6cad48a0@group-23D9289878C2-LeaderElection25] INFO  impl.LeaderElection (LeaderElection.java:askForVotes(450)) - e114cbd1-8f45-4cc5-a8b1-e2bd6cad48a0@group-23D9289878C2-LeaderElection25 PRE_VOTE round 0: result REJECTED
2025-09-13 17:31:30,710 [e114cbd1-8f45-4cc5-a8b1-e2bd6cad48a0@group-23D9289878C2-LeaderElection25] INFO  server.RaftServer$Division (RaftServerImpl.java:setRole(392)) - e114cbd1-8f45-4cc5-a8b1-e2bd6cad48a0@group-23D9289878C2: changes role from CANDIDATE to FOLLOWER at term 1 for REJECTED
2025-09-13 17:31:30,710 [e114cbd1-8f45-4cc5-a8b1-e2bd6cad48a0@group-23D9289878C2-LeaderElection25] INFO  impl.RoleInfo (RoleInfo.java:shutdownLeaderElection(141)) - e114cbd1-8f45-4cc5-a8b1-e2bd6cad48a0: shutdown e114cbd1-8f45-4cc5-a8b1-e2bd6cad48a0@group-23D9289878C2-LeaderElection25
2025-09-13 17:31:30,710 [e114cbd1-8f45-4cc5-a8b1-e2bd6cad48a0@group-23D9289878C2-LeaderElection25] INFO  impl.RoleInfo (RoleInfo.java:updateAndGet(148)) - e114cbd1-8f45-4cc5-a8b1-e2bd6cad48a0: start e114cbd1-8f45-4cc5-a8b1-e2bd6cad48a0@group-23D9289878C2-FollowerState
2025-09-13 17:31:30,722 [e114cbd1-8f45-4cc5-a8b1-e2bd6cad48a0@group-853F78DB4750-FollowerState] INFO  impl.FollowerState (FollowerState.java:lostMajorityHeartbeatsRecently(113)) - e114cbd1-8f45-4cc5-a8b1-e2bd6cad48a0@group-853F78DB4750-FollowerState: Skipping leader election since it stepped down recently (elapsed = 1085ms < waitTime = 10s)
2025-09-13 17:31:31,114 [ForkJoinPool-1-worker-1] INFO  utils.DatanodeStoreCache (DatanodeStoreCache.java:shutdownCache(110)) - Skip clearing cache in mini cluster mode. Entries left: [/home/runner/work/ozone/ozone/hadoop-ozone/integration-test/target/test-dir/MiniOzoneClusterImpl-1331a795-ed08-415d-924a-7661a5cf51a5/ozone-metadata/datanode-1/data-0/hdds/1331a795-ed08-415d-924a-7661a5cf51a5/DS-cef04933-4ce8-4840-b22e-4ad87088cbdd/container.db, /home/runner/work/ozone/ozone/hadoop-ozone/integration-test/target/test-dir/MiniOzoneClusterImpl-1331a795-ed08-415d-924a-7661a5cf51a5/ozone-metadata/datanode-10/data-0/hdds/1331a795-ed08-415d-924a-7661a5cf51a5/DS-2f2d0a7f-394e-472e-bb26-a84cc7eb1472/container.db, /home/runner/work/ozone/ozone/hadoop-ozone/integration-test/target/test-dir/MiniOzoneClusterImpl-1331a795-ed08-415d-924a-7661a5cf51a5/ozone-metadata/datanode-2/data-0/hdds/1331a795-ed08-415d-924a-7661a5cf51a5/DS-ce29b877-3335-47dd-ae87-6ca9399c09a2/container.db, /home/runner/work/ozone/ozone/hadoop-ozone/integration-test/target/test-dir/MiniOzoneClusterImpl-1331a795-ed08-415d-924a-7661a5cf51a5/ozone-metadata/datanode-3/data-0/hdds/1331a795-ed08-415d-924a-7661a5cf51a5/DS-7c74f027-72de-49ce-b83a-c2c2856c274d/container.db, /home/runner/work/ozone/ozone/hadoop-ozone/integration-test/target/test-dir/MiniOzoneClusterImpl-1331a795-ed08-415d-924a-7661a5cf51a5/ozone-metadata/datanode-4/data-0/hdds/1331a795-ed08-415d-924a-7661a5cf51a5/DS-e1c55588-49a5-4291-a123-18ab5048c25f/container.db, /home/runner/work/ozone/ozone/hadoop-ozone/integration-test/target/test-dir/MiniOzoneClusterImpl-1331a795-ed08-415d-924a-7661a5cf51a5/ozone-metadata/datanode-5/data-0/hdds/1331a795-ed08-415d-924a-7661a5cf51a5/DS-84acdda9-c348-442e-9156-67d0a73b2541/container.db, /home/runner/work/ozone/ozone/hadoop-ozone/integration-test/target/test-dir/MiniOzoneClusterImpl-1331a795-ed08-415d-924a-7661a5cf51a5/ozone-metadata/datanode-7/data-0/hdds/1331a795-ed08-415d-924a-7661a5cf51a5/DS-63a6c3b7-4525-47d9-ad60-45ee0a1c7b71/container.db, /home/runner/work/ozone/ozone/hadoop-ozone/integration-test/target/test-dir/MiniOzoneClusterImpl-1331a795-ed08-415d-924a-7661a5cf51a5/ozone-metadata/datanode-8/data-0/hdds/1331a795-ed08-415d-924a-7661a5cf51a5/DS-643ce4cb-c5d1-46d9-b647-00c002703750/container.db, /home/runner/work/ozone/ozone/hadoop-ozone/integration-test/target/test-dir/MiniOzoneClusterImpl-1331a795-ed08-415d-924a-7661a5cf51a5/ozone-metadata/datanode-9/data-0/hdds/1331a795-ed08-415d-924a-7661a5cf51a5/DS-8a555c84-68d0-42a4-8e7e-de18356c0fbd/container.db]
2025-09-13 17:31:31,115 [ForkJoinPool-1-worker-1] INFO  utils.DatanodeStoreCache (DatanodeStoreCache.java:removeDB(104)) - Removed db /home/runner/work/ozone/ozone/hadoop-ozone/integration-test/target/test-dir/MiniOzoneClusterImpl-1331a795-ed08-415d-924a-7661a5cf51a5/ozone-metadata/datanode-4/data-0/hdds/1331a795-ed08-415d-924a-7661a5cf51a5/DS-e1c55588-49a5-4291-a123-18ab5048c25f/container.db from cache
2025-09-13 17:31:31,115 [ForkJoinPool-1-worker-1] INFO  volume.HddsVolume (HddsVolume.java:closeDbStore(609)) - SchemaV3 db is stopped at /home/runner/work/ozone/ozone/hadoop-ozone/integration-test/target/test-dir/MiniOzoneClusterImpl-1331a795-ed08-415d-924a-7661a5cf51a5/ozone-metadata/datanode-4/data-0/hdds/1331a795-ed08-415d-924a-7661a5cf51a5/DS-e1c55588-49a5-4291-a123-18ab5048c25f/container.db for volume DS-e1c55588-49a5-4291-a123-18ab5048c25f
2025-09-13 17:31:31,116 [ForkJoinPool-1-worker-1] INFO  utils.BackgroundService (BackgroundService.java:shutdown(195)) - Shutting down service BlockDeletingService
2025-09-13 17:31:31,116 [ForkJoinPool-1-worker-1] INFO  utils.BackgroundService (BackgroundService.java:shutdown(195)) - Shutting down service StaleRecoveringContainerScrubbingService
2025-09-13 17:31:31,118 [ForkJoinPool-1-worker-1] INFO  statemachine.DatanodeStateMachine (DatanodeStateMachine.java:stopDaemon(654)) - Ozone container server stopped.
2025-09-13 17:31:31,136 [ForkJoinPool-1-worker-1] INFO  handler.ContextHandler (ContextHandler.java:doStop(1159)) - Stopped o.e.j.w.WebAppContext@5b4867c{hddsDatanode,/,null,STOPPED}{jar:file:/home/runner/work/ozone/ozone/hadoop-hdds/container-service/target/hdds-container-service-2.1.0-SNAPSHOT.jar!/webapps/hddsDatanode}
2025-09-13 17:31:31,136 [ForkJoinPool-1-worker-1] INFO  server.AbstractConnector (AbstractConnector.java:doStop(383)) - Stopped ServerConnector@59cb9f56{HTTP/1.1, (http/1.1)}{0.0.0.0:15034}
2025-09-13 17:31:31,136 [ForkJoinPool-1-worker-1] INFO  server.session (HouseKeeper.java:stopScavenging(149)) - node0 Stopped scavenging
2025-09-13 17:31:31,137 [ForkJoinPool-1-worker-1] INFO  handler.ContextHandler (ContextHandler.java:doStop(1159)) - Stopped o.e.j.s.ServletContextHandler@3b97f6e{static,/static,jar:file:/home/runner/work/ozone/ozone/hadoop-hdds/container-service/target/hdds-container-service-2.1.0-SNAPSHOT.jar!/webapps/static,STOPPED}
2025-09-13 17:31:31,137 [ForkJoinPool-1-worker-1] INFO  handler.ContextHandler (ContextHandler.java:doStop(1159)) - Stopped o.e.j.s.ServletContextHandler@248d101a{logs,/logs,file:///home/runner/work/ozone/ozone/hadoop-ozone/integration-test/target/log,STOPPED}
2025-09-13 17:31:31,138 [ForkJoinPool-1-worker-1] INFO  ozone.HddsDatanodeClientProtocolServer (HddsDatanodeClientProtocolServer.java:stop(82)) - Stopping the RPC server for Client Protocol
2025-09-13 17:31:31,138 [ForkJoinPool-1-worker-1] INFO  ipc.Server (Server.java:stop(3697)) - Stopping server on 15035
2025-09-13 17:31:31,139 [IPC Server listener on 15035] INFO  ipc.Server (Server.java:run(1585)) - Stopping IPC Server listener on 15035
2025-09-13 17:31:31,140 [IPC Server Responder] INFO  ipc.Server (Server.java:run(1718)) - Stopping IPC Server Responder
2025-09-13 17:31:31,166 [ForkJoinPool-1-worker-1] ERROR impl.OrderedAsync (OrderedAsync.java:lambda$null$6(215)) -  client-BBD0EFB882BC: Failed* RaftClientRequest:client-BBD0EFB882BC->beda0dcb-37da-4cca-bea2-e222cb1bc351@group-23D9289878C2, cid=22, seq=4, RW, cmdType: WriteChunk
traceID: ""
containerID: 1
datanodeUuid: "d3aade32-661d-499d-9068-ea1550ed8656"
writeChunk {
  blockID {
    containerID: 1
    localID: 115816896921600001
    blockCommitSequenceId: 2
    replicaIndex: 0
  }
  chunkData {
    chunkName: "115816896921600001_chunk_2"
    offset: 1048576
    len: 1048576
    checksumData {
      type: CRC32
      bytesPerChecksum: 16384
      checksums: "\326\360U\321"
      checksums: "\326\360U\321"
      checksums: "\326\360U\321"
      checksums: "\326\360U\321"
      checksums: "\326\360U\321"
      checksums: "\326\360U\321"
      checksums: "\326\360U\321"
      checksums: "\326\360U\321"
      checksums: "\326\360U\321"
      checksums: "\326\360U\321"
      checksums: "\326\360U\321"
      checksums: "\326\360U\321"
      checksums: "\326\360U\321"
      checksums: "\326\360U\321"
      checksums: "\326\360U\321"
      checksums: "\326\360U\321"
      checksums: "\326\360U\321"
      checksums: "\326\360U\321"
      checksums: "\326\360U\321"
      checksums: "\326\360U\321"
      checksums: "\326\360U\321"
      checksums: "\326\360U\321"
      checksums: "\326\360U\321"
      checksums: "\326\360U\321"
      checksums: "\326\360U\321"
      checksums: "\326\360U\321"
      checksums: "\326\360U\321"
      checksums: "\326\360U\321"
      checksums: "\326\360U\321"
      checksums: "\326\360U\321"
      checksums: "\326\360U\321"
      checksums: "\326\360U\321"
      checksums: "\326\360U\321"
      checksums: "\326\360U\321"
      checksums: "\326\360U\321"
      checksums: "\326\360U\321"
      checksums: "\326\360U\321"
      checksums: "\326\360U\321"
      checksums: "\326\360U\321"
      checksums: "\326\360U\321"
      checksums: "\326\360U\321"
      checksums: "\326\360U\321"
      checksums: "\326\360U\321"
      checksums: "\326\360U\321"
      checksums: "\326\360U\321"
      checksums: "\326\360U\321"
      checksums: "\326\360U\321"
      checksums: "\326\360U\321"
      checksums: "\326\360U\321"
      checksums: "\326\360U\321"
      checksums: "\326\360U\321"
      checksums: "\326\360U\321"
      checksums: "\326\360U\321"
      checksums: "\326\360U\321"
      checksums: "\326\360U\321"
      checksums: "\326\360U\321"
      checksums: "\326\360U\321"
      checksums: "\326\360U\321"
      checksums: "\326\360U\321"
      checksums: "\326\360U\321"
      checksums: "\326\360U\321"
      checksums: "\326\360U\321"
      checksums: "\326\360U\321"
      checksums: "\277r/p"
    }
  }
}
version: 3
, data.size=1048576
java.util.concurrent.CompletionException: org.apache.ratis.protocol.exceptions.AlreadyClosedException: client-BBD0EFB882BC->beda0dcb-37da-4cca-bea2-e222cb1bc351 is closed.
	at java.base/java.util.concurrent.CompletableFuture.encodeThrowable(CompletableFuture.java:332)
	at java.base/java.util.concurrent.CompletableFuture.uniAcceptNow(CompletableFuture.java:747)
	at java.base/java.util.concurrent.CompletableFuture.uniAcceptStage(CompletableFuture.java:735)
	at java.base/java.util.concurrent.CompletableFuture.thenAccept(CompletableFuture.java:2214)
	at org.apache.ratis.client.impl.OrderedAsync.sendRequestWithRetry(OrderedAsync.java:206)
	at org.apache.ratis.util.SlidingWindow$Client.sendOrDelayRequest(SlidingWindow.java:306)
	at org.apache.ratis.util.SlidingWindow$Client.submitNewRequest(SlidingWindow.java:294)
	at org.apache.ratis.client.impl.OrderedAsync.send(OrderedAsync.java:173)
	at org.apache.ratis.client.impl.AsyncImpl.send(AsyncImpl.java:41)
	at org.apache.ratis.client.impl.AsyncImpl.send(AsyncImpl.java:46)
	at org.apache.ratis.client.api.AsyncApi.send(AsyncApi.java:46)
	at org.apache.hadoop.hdds.scm.XceiverClientRatis.lambda$sendRequestAsync$3(XceiverClientRatis.java:270)
	at org.apache.hadoop.hdds.tracing.TracingUtil.executeInSpan(TracingUtil.java:167)
	at org.apache.hadoop.hdds.tracing.TracingUtil.executeInNewSpan(TracingUtil.java:157)
	at org.apache.hadoop.hdds.scm.XceiverClientRatis.sendRequestAsync(XceiverClientRatis.java:255)
	at org.apache.hadoop.hdds.scm.XceiverClientRatis.sendCommandAsync(XceiverClientRatis.java:368)
	at org.apache.hadoop.hdds.scm.storage.ContainerProtocolCalls.writeChunkAsync(ContainerProtocolCalls.java:476)
	at org.apache.hadoop.hdds.scm.storage.BlockOutputStream.writeChunkToContainer(BlockOutputStream.java:965)
	at org.apache.hadoop.hdds.scm.storage.BlockOutputStream.writeChunk(BlockOutputStream.java:663)
	at org.apache.hadoop.hdds.scm.storage.BlockOutputStream.writeChunkIfNeeded(BlockOutputStream.java:363)
	at org.apache.hadoop.hdds.scm.storage.BlockOutputStream.write(BlockOutputStream.java:389)
	at org.apache.hadoop.ozone.client.io.BlockOutputStreamEntry.write(BlockOutputStreamEntry.java:183)
	at org.apache.hadoop.ozone.client.io.KeyOutputStream.writeToOutputStream(KeyOutputStream.java:298)
	at org.apache.hadoop.ozone.client.io.KeyOutputStream.handleWrite(KeyOutputStream.java:274)
	at org.apache.hadoop.ozone.client.io.KeyOutputStream.lambda$write$1(KeyOutputStream.java:240)
	at org.apache.hadoop.ozone.client.io.KeyOutputStream.doInWriteLock(KeyOutputStream.java:251)
	at org.apache.hadoop.ozone.client.io.KeyOutputStream.write(KeyOutputStream.java:239)
	at org.apache.hadoop.ozone.client.io.OzoneOutputStream.write(OzoneOutputStream.java:93)
	at java.base/java.io.OutputStream.write(OutputStream.java:124)
	at org.apache.hadoop.ozone.client.rpc.TestFailureHandlingByClient.testPipelineExclusionWithPipelineFailure(TestFailureHandlingByClient.java:530)
	at java.base/jdk.internal.reflect.DirectMethodHandleAccessor.invoke(DirectMethodHandleAccessor.java:103)
	at java.base/java.lang.reflect.Method.invoke(Method.java:580)
	at org.junit.platform.commons.util.ReflectionUtils.invokeMethod(ReflectionUtils.java:787)
	at org.junit.platform.commons.support.ReflectionSupport.invokeMethod(ReflectionSupport.java:478)
	at org.junit.jupiter.engine.execution.MethodInvocation.proceed(MethodInvocation.java:60)
	at org.junit.jupiter.engine.execution.InvocationInterceptorChain$ValidatingInvocation.proceed(InvocationInterceptorChain.java:131)
	at org.junit.jupiter.engine.extension.SameThreadTimeoutInvocation.proceed(SameThreadTimeoutInvocation.java:49)
	at org.junit.jupiter.engine.extension.TimeoutExtension.intercept(TimeoutExtension.java:161)
	at org.junit.jupiter.engine.extension.TimeoutExtension.interceptTestableMethod(TimeoutExtension.java:152)
	at org.junit.jupiter.engine.extension.TimeoutExtension.interceptTestMethod(TimeoutExtension.java:91)
	at org.junit.jupiter.engine.execution.InterceptingExecutableInvoker$ReflectiveInterceptorCall.lambda$ofVoidMethod$0(InterceptingExecutableInvoker.java:112)
	at org.junit.jupiter.engine.execution.InterceptingExecutableInvoker.lambda$invoke$0(InterceptingExecutableInvoker.java:94)
	at org.junit.jupiter.engine.execution.InvocationInterceptorChain$InterceptedInvocation.proceed(InvocationInterceptorChain.java:106)
	at org.junit.jupiter.engine.execution.InvocationInterceptorChain.proceed(InvocationInterceptorChain.java:64)
	at org.junit.jupiter.engine.execution.InvocationInterceptorChain.chainAndInvoke(InvocationInterceptorChain.java:45)
	at org.junit.jupiter.engine.execution.InvocationInterceptorChain.invoke(InvocationInterceptorChain.java:37)
	at org.junit.jupiter.engine.execution.InterceptingExecutableInvoker.invoke(InterceptingExecutableInvoker.java:93)
	at org.junit.jupiter.engine.execution.InterceptingExecutableInvoker.invoke(InterceptingExecutableInvoker.java:87)
	at org.junit.jupiter.engine.descriptor.TestMethodTestDescriptor.lambda$invokeTestMethod$4(TestMethodTestDescriptor.java:221)
	at org.junit.platform.engine.support.hierarchical.ThrowableCollector.execute(ThrowableCollector.java:73)
	at org.junit.jupiter.engine.descriptor.TestMethodTestDescriptor.invokeTestMethod(TestMethodTestDescriptor.java:217)
	at org.junit.jupiter.engine.descriptor.TestMethodTestDescriptor.execute(TestMethodTestDescriptor.java:159)
	at org.junit.jupiter.engine.descriptor.TestMethodTestDescriptor.execute(TestMethodTestDescriptor.java:70)
	at org.junit.platform.engine.support.hierarchical.NodeTestTask.lambda$executeRecursively$6(NodeTestTask.java:157)
	at org.junit.platform.engine.support.hierarchical.ThrowableCollector.execute(ThrowableCollector.java:73)
	at org.junit.platform.engine.support.hierarchical.NodeTestTask.lambda$executeRecursively$8(NodeTestTask.java:147)
	at org.junit.platform.engine.support.hierarchical.Node.around(Node.java:137)
	at org.junit.platform.engine.support.hierarchical.NodeTestTask.lambda$executeRecursively$9(NodeTestTask.java:145)
	at org.junit.platform.engine.support.hierarchical.ThrowableCollector.execute(ThrowableCollector.java:73)
	at org.junit.platform.engine.support.hierarchical.NodeTestTask.executeRecursively(NodeTestTask.java:144)
	at org.junit.platform.engine.support.hierarchical.NodeTestTask.execute(NodeTestTask.java:101)
	at org.junit.platform.engine.support.hierarchical.ForkJoinPoolHierarchicalTestExecutorService$ExclusiveTask.exec(ForkJoinPoolHierarchicalTestExecutorService.java:274)
	at org.junit.platform.engine.support.hierarchical.ForkJoinPoolHierarchicalTestExecutorService$ExclusiveTask.execSync(ForkJoinPoolHierarchicalTestExecutorService.java:247)
	at org.junit.platform.engine.support.hierarchical.ForkJoinPoolHierarchicalTestExecutorService.executeSync(ForkJoinPoolHierarchicalTestExecutorService.java:194)
	at org.junit.platform.engine.support.hierarchical.ForkJoinPoolHierarchicalTestExecutorService.invokeAll(ForkJoinPoolHierarchicalTestExecutorService.java:166)
	at org.junit.platform.engine.support.hierarchical.NodeTestTask.lambda$executeRecursively$6(NodeTestTask.java:161)
	at org.junit.platform.engine.support.hierarchical.ThrowableCollector.execute(ThrowableCollector.java:73)
	at org.junit.platform.engine.support.hierarchical.NodeTestTask.lambda$executeRecursively$8(NodeTestTask.java:147)
	at org.junit.platform.engine.support.hierarchical.Node.around(Node.java:137)
	at org.junit.platform.engine.support.hierarchical.NodeTestTask.lambda$executeRecursively$9(NodeTestTask.java:145)
	at org.junit.platform.engine.support.hierarchical.ThrowableCollector.execute(ThrowableCollector.java:73)
	at org.junit.platform.engine.support.hierarchical.NodeTestTask.executeRecursively(NodeTestTask.java:144)
	at org.junit.platform.engine.support.hierarchical.NodeTestTask.execute(NodeTestTask.java:101)
	at org.junit.platform.engine.support.hierarchical.ForkJoinPoolHierarchicalTestExecutorService$ExclusiveTask.exec(ForkJoinPoolHierarchicalTestExecutorService.java:274)
	at org.junit.platform.engine.support.hierarchical.ForkJoinPoolHierarchicalTestExecutorService$ExclusiveTask.execSync(ForkJoinPoolHierarchicalTestExecutorService.java:247)
	at org.junit.platform.engine.support.hierarchical.ForkJoinPoolHierarchicalTestExecutorService.invokeAll(ForkJoinPoolHierarchicalTestExecutorService.java:159)
	at org.junit.platform.engine.support.hierarchical.NodeTestTask.lambda$executeRecursively$6(NodeTestTask.java:161)
	at org.junit.platform.engine.support.hierarchical.ThrowableCollector.execute(ThrowableCollector.java:73)
	at org.junit.platform.engine.support.hierarchical.NodeTestTask.lambda$executeRecursively$8(NodeTestTask.java:147)
	at org.junit.platform.engine.support.hierarchical.Node.around(Node.java:137)
	at org.junit.platform.engine.support.hierarchical.NodeTestTask.lambda$executeRecursively$9(NodeTestTask.java:145)
	at org.junit.platform.engine.support.hierarchical.ThrowableCollector.execute(ThrowableCollector.java:73)
	at org.junit.platform.engine.support.hierarchical.NodeTestTask.executeRecursively(NodeTestTask.java:144)
	at org.junit.platform.engine.support.hierarchical.NodeTestTask.execute(NodeTestTask.java:101)
	at org.junit.platform.engine.support.hierarchical.ForkJoinPoolHierarchicalTestExecutorService$ExclusiveTask.exec(ForkJoinPoolHierarchicalTestExecutorService.java:274)
	at java.base/java.util.concurrent.ForkJoinTask.doExec(ForkJoinTask.java:387)
	at java.base/java.util.concurrent.ForkJoinPool$WorkQueue.topLevelExec(ForkJoinPool.java:1312)
	at java.base/java.util.concurrent.ForkJoinPool.scan(ForkJoinPool.java:1843)
	at java.base/java.util.concurrent.ForkJoinPool.runWorker(ForkJoinPool.java:1808)
	at java.base/java.util.concurrent.ForkJoinWorkerThread.run(ForkJoinWorkerThread.java:188)
Caused by: org.apache.ratis.protocol.exceptions.AlreadyClosedException: client-BBD0EFB882BC->beda0dcb-37da-4cca-bea2-e222cb1bc351 is closed.
	at org.apache.ratis.grpc.client.GrpcClientProtocolClient$AsyncStreamObservers.onNext(GrpcClientProtocolClient.java:352)
	at org.apache.ratis.grpc.client.GrpcClientRpc.sendRequestAsync(GrpcClientRpc.java:71)
	... 86 more
2025-09-13 17:31:31,854 [e114cbd1-8f45-4cc5-a8b1-e2bd6cad48a0@group-23D9289878C2-FollowerState] INFO  impl.FollowerState (FollowerState.java:runImpl(161)) - e114cbd1-8f45-4cc5-a8b1-e2bd6cad48a0@group-23D9289878C2-FollowerState: change to CANDIDATE, lastRpcElapsedTime:1143380262ns, electionTimeout:1143ms
2025-09-13 17:31:31,854 [e114cbd1-8f45-4cc5-a8b1-e2bd6cad48a0@group-23D9289878C2-FollowerState] INFO  impl.RoleInfo (RoleInfo.java:shutdownFollowerState(121)) - e114cbd1-8f45-4cc5-a8b1-e2bd6cad48a0: shutdown e114cbd1-8f45-4cc5-a8b1-e2bd6cad48a0@group-23D9289878C2-FollowerState
2025-09-13 17:31:31,854 [e114cbd1-8f45-4cc5-a8b1-e2bd6cad48a0@group-23D9289878C2-FollowerState] INFO  server.RaftServer$Division (RaftServerImpl.java:setRole(392)) - e114cbd1-8f45-4cc5-a8b1-e2bd6cad48a0@group-23D9289878C2: changes role from  FOLLOWER to CANDIDATE at term 1 for changeToCandidate
2025-09-13 17:31:31,854 [e114cbd1-8f45-4cc5-a8b1-e2bd6cad48a0@group-23D9289878C2-FollowerState] INFO  impl.RoleInfo (RoleInfo.java:updateAndGet(148)) - e114cbd1-8f45-4cc5-a8b1-e2bd6cad48a0: start e114cbd1-8f45-4cc5-a8b1-e2bd6cad48a0@group-23D9289878C2-LeaderElection26
2025-09-13 17:31:31,854 [e114cbd1-8f45-4cc5-a8b1-e2bd6cad48a0@group-23D9289878C2-LeaderElection26] INFO  impl.LeaderElection (LeaderElection.java:askForVotes(448)) - e114cbd1-8f45-4cc5-a8b1-e2bd6cad48a0@group-23D9289878C2-LeaderElection26 PRE_VOTE round 0: submit vote requests at term 1 for conf: {index: 0, cur=peers:[d3aade32-661d-499d-9068-ea1550ed8656|127.0.0.1:15055, beda0dcb-37da-4cca-bea2-e222cb1bc351|127.0.0.1:15039, e114cbd1-8f45-4cc5-a8b1-e2bd6cad48a0|127.0.0.1:15047]|listeners:[], old=null}
2025-09-13 17:31:31,855 [e114cbd1-8f45-4cc5-a8b1-e2bd6cad48a0@group-23D9289878C2-LeaderElection26] INFO  impl.LeaderElection (LogUtils.java:infoOrTrace(142)) - e114cbd1-8f45-4cc5-a8b1-e2bd6cad48a0@group-23D9289878C2-LeaderElection26 got exception when requesting votes: java.util.concurrent.ExecutionException: org.apache.ratis.thirdparty.io.grpc.StatusRuntimeException: UNAVAILABLE: io exception
2025-09-13 17:31:31,855 [e114cbd1-8f45-4cc5-a8b1-e2bd6cad48a0@group-23D9289878C2-LeaderElection26] INFO  impl.LeaderElection (LogUtils.java:infoOrTrace(142)) - e114cbd1-8f45-4cc5-a8b1-e2bd6cad48a0@group-23D9289878C2-LeaderElection26 got exception when requesting votes: java.util.concurrent.ExecutionException: org.apache.ratis.thirdparty.io.grpc.StatusRuntimeException: UNAVAILABLE: io exception
2025-09-13 17:31:31,855 [e114cbd1-8f45-4cc5-a8b1-e2bd6cad48a0@group-23D9289878C2-LeaderElection26] INFO  impl.LeaderElection (LeaderElection.java:logAndReturn(206)) - e114cbd1-8f45-4cc5-a8b1-e2bd6cad48a0@group-23D9289878C2-LeaderElection26: PRE_VOTE REJECTED received 0 response(s) and 2 exception(s):
2025-09-13 17:31:31,855 [e114cbd1-8f45-4cc5-a8b1-e2bd6cad48a0@group-23D9289878C2-LeaderElection26] INFO  impl.LeaderElection (LogUtils.java:infoOrTrace(142)) -   Exception 0: java.util.concurrent.ExecutionException: org.apache.ratis.thirdparty.io.grpc.StatusRuntimeException: UNAVAILABLE: io exception
2025-09-13 17:31:31,855 [e114cbd1-8f45-4cc5-a8b1-e2bd6cad48a0@group-23D9289878C2-LeaderElection26] INFO  impl.LeaderElection (LogUtils.java:infoOrTrace(142)) -   Exception 1: java.util.concurrent.ExecutionException: org.apache.ratis.thirdparty.io.grpc.StatusRuntimeException: UNAVAILABLE: io exception
2025-09-13 17:31:31,855 [e114cbd1-8f45-4cc5-a8b1-e2bd6cad48a0@group-23D9289878C2-LeaderElection26] INFO  impl.LeaderElection (LeaderElection.java:askForVotes(450)) - e114cbd1-8f45-4cc5-a8b1-e2bd6cad48a0@group-23D9289878C2-LeaderElection26 PRE_VOTE round 0: result REJECTED
2025-09-13 17:31:31,856 [e114cbd1-8f45-4cc5-a8b1-e2bd6cad48a0@group-23D9289878C2-LeaderElection26] INFO  server.RaftServer$Division (RaftServerImpl.java:setRole(392)) - e114cbd1-8f45-4cc5-a8b1-e2bd6cad48a0@group-23D9289878C2: changes role from CANDIDATE to FOLLOWER at term 1 for REJECTED
2025-09-13 17:31:31,856 [e114cbd1-8f45-4cc5-a8b1-e2bd6cad48a0@group-23D9289878C2-LeaderElection26] INFO  impl.RoleInfo (RoleInfo.java:shutdownLeaderElection(141)) - e114cbd1-8f45-4cc5-a8b1-e2bd6cad48a0: shutdown e114cbd1-8f45-4cc5-a8b1-e2bd6cad48a0@group-23D9289878C2-LeaderElection26
2025-09-13 17:31:31,856 [e114cbd1-8f45-4cc5-a8b1-e2bd6cad48a0@group-23D9289878C2-LeaderElection26] INFO  impl.RoleInfo (RoleInfo.java:updateAndGet(148)) - e114cbd1-8f45-4cc5-a8b1-e2bd6cad48a0: start e114cbd1-8f45-4cc5-a8b1-e2bd6cad48a0@group-23D9289878C2-FollowerState
2025-09-13 17:31:31,867 [e114cbd1-8f45-4cc5-a8b1-e2bd6cad48a0@group-853F78DB4750-FollowerState] INFO  impl.FollowerState (FollowerState.java:lostMajorityHeartbeatsRecently(113)) - e114cbd1-8f45-4cc5-a8b1-e2bd6cad48a0@group-853F78DB4750-FollowerState: Skipping leader election since it stepped down recently (elapsed = 2230ms < waitTime = 10s)
2025-09-13 17:31:32,877 [e114cbd1-8f45-4cc5-a8b1-e2bd6cad48a0@group-23D9289878C2-FollowerState] INFO  impl.FollowerState (FollowerState.java:runImpl(161)) - e114cbd1-8f45-4cc5-a8b1-e2bd6cad48a0@group-23D9289878C2-FollowerState: change to CANDIDATE, lastRpcElapsedTime:1021276976ns, electionTimeout:1021ms
2025-09-13 17:31:32,877 [e114cbd1-8f45-4cc5-a8b1-e2bd6cad48a0@group-23D9289878C2-FollowerState] INFO  impl.RoleInfo (RoleInfo.java:shutdownFollowerState(121)) - e114cbd1-8f45-4cc5-a8b1-e2bd6cad48a0: shutdown e114cbd1-8f45-4cc5-a8b1-e2bd6cad48a0@group-23D9289878C2-FollowerState
2025-09-13 17:31:32,877 [e114cbd1-8f45-4cc5-a8b1-e2bd6cad48a0@group-23D9289878C2-FollowerState] INFO  server.RaftServer$Division (RaftServerImpl.java:setRole(392)) - e114cbd1-8f45-4cc5-a8b1-e2bd6cad48a0@group-23D9289878C2: changes role from  FOLLOWER to CANDIDATE at term 1 for changeToCandidate
2025-09-13 17:31:32,877 [e114cbd1-8f45-4cc5-a8b1-e2bd6cad48a0@group-23D9289878C2-FollowerState] INFO  impl.RoleInfo (RoleInfo.java:updateAndGet(148)) - e114cbd1-8f45-4cc5-a8b1-e2bd6cad48a0: start e114cbd1-8f45-4cc5-a8b1-e2bd6cad48a0@group-23D9289878C2-LeaderElection27
2025-09-13 17:31:32,878 [e114cbd1-8f45-4cc5-a8b1-e2bd6cad48a0@group-23D9289878C2-LeaderElection27] INFO  impl.LeaderElection (LeaderElection.java:askForVotes(448)) - e114cbd1-8f45-4cc5-a8b1-e2bd6cad48a0@group-23D9289878C2-LeaderElection27 PRE_VOTE round 0: submit vote requests at term 1 for conf: {index: 0, cur=peers:[d3aade32-661d-499d-9068-ea1550ed8656|127.0.0.1:15055, beda0dcb-37da-4cca-bea2-e222cb1bc351|127.0.0.1:15039, e114cbd1-8f45-4cc5-a8b1-e2bd6cad48a0|127.0.0.1:15047]|listeners:[], old=null}
2025-09-13 17:31:32,878 [e114cbd1-8f45-4cc5-a8b1-e2bd6cad48a0@group-23D9289878C2-LeaderElection27] INFO  impl.LeaderElection (LogUtils.java:infoOrTrace(142)) - e114cbd1-8f45-4cc5-a8b1-e2bd6cad48a0@group-23D9289878C2-LeaderElection27 got exception when requesting votes: java.util.concurrent.ExecutionException: org.apache.ratis.thirdparty.io.grpc.StatusRuntimeException: UNAVAILABLE: io exception
2025-09-13 17:31:32,878 [e114cbd1-8f45-4cc5-a8b1-e2bd6cad48a0@group-23D9289878C2-LeaderElection27] INFO  impl.LeaderElection (LogUtils.java:infoOrTrace(142)) - e114cbd1-8f45-4cc5-a8b1-e2bd6cad48a0@group-23D9289878C2-LeaderElection27 got exception when requesting votes: java.util.concurrent.ExecutionException: org.apache.ratis.thirdparty.io.grpc.StatusRuntimeException: UNAVAILABLE: io exception
2025-09-13 17:31:32,878 [e114cbd1-8f45-4cc5-a8b1-e2bd6cad48a0@group-23D9289878C2-LeaderElection27] INFO  impl.LeaderElection (LeaderElection.java:logAndReturn(206)) - e114cbd1-8f45-4cc5-a8b1-e2bd6cad48a0@group-23D9289878C2-LeaderElection27: PRE_VOTE REJECTED received 0 response(s) and 2 exception(s):
2025-09-13 17:31:32,879 [e114cbd1-8f45-4cc5-a8b1-e2bd6cad48a0@group-23D9289878C2-LeaderElection27] INFO  impl.LeaderElection (LogUtils.java:infoOrTrace(142)) -   Exception 0: java.util.concurrent.ExecutionException: org.apache.ratis.thirdparty.io.grpc.StatusRuntimeException: UNAVAILABLE: io exception
2025-09-13 17:31:32,879 [e114cbd1-8f45-4cc5-a8b1-e2bd6cad48a0@group-23D9289878C2-LeaderElection27] INFO  impl.LeaderElection (LogUtils.java:infoOrTrace(142)) -   Exception 1: java.util.concurrent.ExecutionException: org.apache.ratis.thirdparty.io.grpc.StatusRuntimeException: UNAVAILABLE: io exception
2025-09-13 17:31:32,879 [e114cbd1-8f45-4cc5-a8b1-e2bd6cad48a0@group-23D9289878C2-LeaderElection27] INFO  impl.LeaderElection (LeaderElection.java:askForVotes(450)) - e114cbd1-8f45-4cc5-a8b1-e2bd6cad48a0@group-23D9289878C2-LeaderElection27 PRE_VOTE round 0: result REJECTED
2025-09-13 17:31:32,879 [e114cbd1-8f45-4cc5-a8b1-e2bd6cad48a0@group-23D9289878C2-LeaderElection27] INFO  server.RaftServer$Division (RaftServerImpl.java:setRole(392)) - e114cbd1-8f45-4cc5-a8b1-e2bd6cad48a0@group-23D9289878C2: changes role from CANDIDATE to FOLLOWER at term 1 for REJECTED
2025-09-13 17:31:32,879 [e114cbd1-8f45-4cc5-a8b1-e2bd6cad48a0@group-23D9289878C2-LeaderElection27] INFO  impl.RoleInfo (RoleInfo.java:shutdownLeaderElection(141)) - e114cbd1-8f45-4cc5-a8b1-e2bd6cad48a0: shutdown e114cbd1-8f45-4cc5-a8b1-e2bd6cad48a0@group-23D9289878C2-LeaderElection27
2025-09-13 17:31:32,879 [e114cbd1-8f45-4cc5-a8b1-e2bd6cad48a0@group-23D9289878C2-LeaderElection27] INFO  impl.RoleInfo (RoleInfo.java:updateAndGet(148)) - e114cbd1-8f45-4cc5-a8b1-e2bd6cad48a0: start e114cbd1-8f45-4cc5-a8b1-e2bd6cad48a0@group-23D9289878C2-FollowerState
2025-09-13 17:31:33,034 [e114cbd1-8f45-4cc5-a8b1-e2bd6cad48a0@group-853F78DB4750-FollowerState] INFO  impl.FollowerState (FollowerState.java:lostMajorityHeartbeatsRecently(113)) - e114cbd1-8f45-4cc5-a8b1-e2bd6cad48a0@group-853F78DB4750-FollowerState: Skipping leader election since it stepped down recently (elapsed = 3396ms < waitTime = 10s)
2025-09-13 17:31:33,164 [timer6] INFO  server.GrpcServerProtocolService (GrpcServerProtocolService.java:lambda$onCompleted$6(171)) - e114cbd1-8f45-4cc5-a8b1-e2bd6cad48a0: Completed APPEND_ENTRIES, lastRequest: null  (Repeated 2 times in the last 5.001s)
2025-09-13 17:31:33,167 [timer7] INFO  server.GrpcServerProtocolService (GrpcServerProtocolService.java:lambda$null$7(175)) - e114cbd1-8f45-4cc5-a8b1-e2bd6cad48a0: Completed APPEND_ENTRIES, lastReply: null  (Repeated 2 times in the last 5.003s)
2025-09-13 17:31:33,170 [timer0] WARN  server.GrpcLogAppender (LogUtils.java:warn(127)) - e114cbd1-8f45-4cc5-a8b1-e2bd6cad48a0@group-853F78DB4750->beda0dcb-37da-4cca-bea2-e222cb1bc351-AppendLogResponseHandler: Failed appendEntries (Repeated 12 times in the last 5.001s): org.apache.ratis.thirdparty.io.grpc.StatusRuntimeException: UNAVAILABLE: io exception
  Caused by: org.apache.ratis.thirdparty.io.netty.channel.AbstractChannel$AnnotatedConnectException: finishConnect(..) failed: Connection refused: /127.0.0.1:15039
  Caused by: java.net.ConnectException: finishConnect(..) failed: Connection refused
2025-09-13 17:31:33,171 [timer1] WARN  server.GrpcLogAppender (GrpcLogAppender.java:lambda$resetClient$1(228)) - e114cbd1-8f45-4cc5-a8b1-e2bd6cad48a0@group-853F78DB4750->beda0dcb-37da-4cca-bea2-e222cb1bc351-GrpcLogAppender: Follower failed (request=null, errorCount=12); keep nextIndex (1) unchanged and retry. (Repeated 12 times in the last 5.001s)
2025-09-13 17:31:33,887 [e114cbd1-8f45-4cc5-a8b1-e2bd6cad48a0@group-23D9289878C2-FollowerState] INFO  impl.FollowerState (FollowerState.java:runImpl(161)) - e114cbd1-8f45-4cc5-a8b1-e2bd6cad48a0@group-23D9289878C2-FollowerState: change to CANDIDATE, lastRpcElapsedTime:1008590864ns, electionTimeout:1008ms
2025-09-13 17:31:33,888 [e114cbd1-8f45-4cc5-a8b1-e2bd6cad48a0@group-23D9289878C2-FollowerState] INFO  impl.RoleInfo (RoleInfo.java:shutdownFollowerState(121)) - e114cbd1-8f45-4cc5-a8b1-e2bd6cad48a0: shutdown e114cbd1-8f45-4cc5-a8b1-e2bd6cad48a0@group-23D9289878C2-FollowerState
2025-09-13 17:31:33,888 [e114cbd1-8f45-4cc5-a8b1-e2bd6cad48a0@group-23D9289878C2-FollowerState] INFO  server.RaftServer$Division (RaftServerImpl.java:setRole(392)) - e114cbd1-8f45-4cc5-a8b1-e2bd6cad48a0@group-23D9289878C2: changes role from  FOLLOWER to CANDIDATE at term 1 for changeToCandidate
2025-09-13 17:31:33,888 [e114cbd1-8f45-4cc5-a8b1-e2bd6cad48a0@group-23D9289878C2-FollowerState] INFO  impl.RoleInfo (RoleInfo.java:updateAndGet(148)) - e114cbd1-8f45-4cc5-a8b1-e2bd6cad48a0: start e114cbd1-8f45-4cc5-a8b1-e2bd6cad48a0@group-23D9289878C2-LeaderElection28
2025-09-13 17:31:33,888 [e114cbd1-8f45-4cc5-a8b1-e2bd6cad48a0@group-23D9289878C2-LeaderElection28] INFO  impl.LeaderElection (LeaderElection.java:askForVotes(448)) - e114cbd1-8f45-4cc5-a8b1-e2bd6cad48a0@group-23D9289878C2-LeaderElection28 PRE_VOTE round 0: submit vote requests at term 1 for conf: {index: 0, cur=peers:[d3aade32-661d-499d-9068-ea1550ed8656|127.0.0.1:15055, beda0dcb-37da-4cca-bea2-e222cb1bc351|127.0.0.1:15039, e114cbd1-8f45-4cc5-a8b1-e2bd6cad48a0|127.0.0.1:15047]|listeners:[], old=null}
2025-09-13 17:31:33,889 [e114cbd1-8f45-4cc5-a8b1-e2bd6cad48a0@group-23D9289878C2-LeaderElection28] INFO  impl.LeaderElection (LogUtils.java:infoOrTrace(142)) - e114cbd1-8f45-4cc5-a8b1-e2bd6cad48a0@group-23D9289878C2-LeaderElection28 got exception when requesting votes: java.util.concurrent.ExecutionException: org.apache.ratis.thirdparty.io.grpc.StatusRuntimeException: UNAVAILABLE: io exception
2025-09-13 17:31:33,889 [e114cbd1-8f45-4cc5-a8b1-e2bd6cad48a0@group-23D9289878C2-LeaderElection28] INFO  impl.LeaderElection (LogUtils.java:infoOrTrace(142)) - e114cbd1-8f45-4cc5-a8b1-e2bd6cad48a0@group-23D9289878C2-LeaderElection28 got exception when requesting votes: java.util.concurrent.ExecutionException: org.apache.ratis.thirdparty.io.grpc.StatusRuntimeException: UNAVAILABLE: io exception
2025-09-13 17:31:33,889 [e114cbd1-8f45-4cc5-a8b1-e2bd6cad48a0@group-23D9289878C2-LeaderElection28] INFO  impl.LeaderElection (LeaderElection.java:logAndReturn(206)) - e114cbd1-8f45-4cc5-a8b1-e2bd6cad48a0@group-23D9289878C2-LeaderElection28: PRE_VOTE REJECTED received 0 response(s) and 2 exception(s):
2025-09-13 17:31:33,889 [e114cbd1-8f45-4cc5-a8b1-e2bd6cad48a0@group-23D9289878C2-LeaderElection28] INFO  impl.LeaderElection (LogUtils.java:infoOrTrace(142)) -   Exception 0: java.util.concurrent.ExecutionException: org.apache.ratis.thirdparty.io.grpc.StatusRuntimeException: UNAVAILABLE: io exception
2025-09-13 17:31:33,889 [e114cbd1-8f45-4cc5-a8b1-e2bd6cad48a0@group-23D9289878C2-LeaderElection28] INFO  impl.LeaderElection (LogUtils.java:infoOrTrace(142)) -   Exception 1: java.util.concurrent.ExecutionException: org.apache.ratis.thirdparty.io.grpc.StatusRuntimeException: UNAVAILABLE: io exception
2025-09-13 17:31:33,889 [e114cbd1-8f45-4cc5-a8b1-e2bd6cad48a0@group-23D9289878C2-LeaderElection28] INFO  impl.LeaderElection (LeaderElection.java:askForVotes(450)) - e114cbd1-8f45-4cc5-a8b1-e2bd6cad48a0@group-23D9289878C2-LeaderElection28 PRE_VOTE round 0: result REJECTED
2025-09-13 17:31:33,889 [e114cbd1-8f45-4cc5-a8b1-e2bd6cad48a0@group-23D9289878C2-LeaderElection28] INFO  server.RaftServer$Division (RaftServerImpl.java:setRole(392)) - e114cbd1-8f45-4cc5-a8b1-e2bd6cad48a0@group-23D9289878C2: changes role from CANDIDATE to FOLLOWER at term 1 for REJECTED
2025-09-13 17:31:33,889 [e114cbd1-8f45-4cc5-a8b1-e2bd6cad48a0@group-23D9289878C2-LeaderElection28] INFO  impl.RoleInfo (RoleInfo.java:shutdownLeaderElection(141)) - e114cbd1-8f45-4cc5-a8b1-e2bd6cad48a0: shutdown e114cbd1-8f45-4cc5-a8b1-e2bd6cad48a0@group-23D9289878C2-LeaderElection28
2025-09-13 17:31:33,889 [e114cbd1-8f45-4cc5-a8b1-e2bd6cad48a0@group-23D9289878C2-LeaderElection28] INFO  impl.RoleInfo (RoleInfo.java:updateAndGet(148)) - e114cbd1-8f45-4cc5-a8b1-e2bd6cad48a0: start e114cbd1-8f45-4cc5-a8b1-e2bd6cad48a0@group-23D9289878C2-FollowerState
2025-09-13 17:31:34,228 [e114cbd1-8f45-4cc5-a8b1-e2bd6cad48a0@group-853F78DB4750-FollowerState] INFO  impl.FollowerState (FollowerState.java:lostMajorityHeartbeatsRecently(113)) - e114cbd1-8f45-4cc5-a8b1-e2bd6cad48a0@group-853F78DB4750-FollowerState: Skipping leader election since it stepped down recently (elapsed = 4590ms < waitTime = 10s)
2025-09-13 17:31:34,964 [grpc-default-executor-0] ERROR impl.OrderedAsync (OrderedAsync.java:lambda$null$6(215)) -  client-BBD0EFB882BC: Failed* RaftClientRequest:client-BBD0EFB882BC->d3aade32-661d-499d-9068-ea1550ed8656@group-23D9289878C2, cid=22, seq=4*, RW, cmdType: WriteChunk
traceID: ""
containerID: 1
datanodeUuid: "d3aade32-661d-499d-9068-ea1550ed8656"
writeChunk {
  blockID {
    containerID: 1
    localID: 115816896921600001
    blockCommitSequenceId: 2
    replicaIndex: 0
  }
  chunkData {
    chunkName: "115816896921600001_chunk_2"
    offset: 1048576
    len: 1048576
    checksumData {
      type: CRC32
      bytesPerChecksum: 16384
      checksums: "\326\360U\321"
      checksums: "\326\360U\321"
      checksums: "\326\360U\321"
      checksums: "\326\360U\321"
      checksums: "\326\360U\321"
      checksums: "\326\360U\321"
      checksums: "\326\360U\321"
      checksums: "\326\360U\321"
      checksums: "\326\360U\321"
      checksums: "\326\360U\321"
      checksums: "\326\360U\321"
      checksums: "\326\360U\321"
      checksums: "\326\360U\321"
      checksums: "\326\360U\321"
      checksums: "\326\360U\321"
      checksums: "\326\360U\321"
      checksums: "\326\360U\321"
      checksums: "\326\360U\321"
      checksums: "\326\360U\321"
      checksums: "\326\360U\321"
      checksums: "\326\360U\321"
      checksums: "\326\360U\321"
      checksums: "\326\360U\321"
      checksums: "\326\360U\321"
      checksums: "\326\360U\321"
      checksums: "\326\360U\321"
      checksums: "\326\360U\321"
      checksums: "\326\360U\321"
      checksums: "\326\360U\321"
      checksums: "\326\360U\321"
      checksums: "\326\360U\321"
      checksums: "\326\360U\321"
      checksums: "\326\360U\321"
      checksums: "\326\360U\321"
      checksums: "\326\360U\321"
      checksums: "\326\360U\321"
      checksums: "\326\360U\321"
      checksums: "\326\360U\321"
      checksums: "\326\360U\321"
      checksums: "\326\360U\321"
      checksums: "\326\360U\321"
      checksums: "\326\360U\321"
      checksums: "\326\360U\321"
      checksums: "\326\360U\321"
      checksums: "\326\360U\321"
      checksums: "\326\360U\321"
      checksums: "\326\360U\321"
      checksums: "\326\360U\321"
      checksums: "\326\360U\321"
      checksums: "\326\360U\321"
      checksums: "\326\360U\321"
      checksums: "\326\360U\321"
      checksums: "\326\360U\321"
      checksums: "\326\360U\321"
      checksums: "\326\360U\321"
      checksums: "\326\360U\321"
      checksums: "\326\360U\321"
      checksums: "\326\360U\321"
      checksums: "\326\360U\321"
      checksums: "\326\360U\321"
      checksums: "\326\360U\321"
      checksums: "\326\360U\321"
      checksums: "\326\360U\321"
      checksums: "\277r/p"
    }
  }
}
version: 3
, data.size=1048576
java.util.concurrent.CompletionException: java.io.IOException: org.apache.ratis.thirdparty.io.grpc.StatusRuntimeException: UNAVAILABLE: io exception
	at java.base/java.util.concurrent.CompletableFuture.encodeThrowable(CompletableFuture.java:332)
	at java.base/java.util.concurrent.CompletableFuture.completeThrowable(CompletableFuture.java:347)
	at java.base/java.util.concurrent.CompletableFuture$UniAccept.tryFire(CompletableFuture.java:708)
	at java.base/java.util.concurrent.CompletableFuture.postComplete(CompletableFuture.java:510)
	at java.base/java.util.concurrent.CompletableFuture.completeExceptionally(CompletableFuture.java:2194)
	at org.apache.ratis.grpc.client.GrpcClientProtocolClient$AsyncStreamObservers.completeReplyExceptionally(GrpcClientProtocolClient.java:397)
	at org.apache.ratis.grpc.client.GrpcClientProtocolClient$AsyncStreamObservers.access$000(GrpcClientProtocolClient.java:303)
	at org.apache.ratis.grpc.client.GrpcClientProtocolClient$AsyncStreamObservers$1.onError(GrpcClientProtocolClient.java:334)
	at org.apache.ratis.thirdparty.io.grpc.stub.ClientCalls$StreamObserverToCallListenerAdapter.onClose(ClientCalls.java:564)
	at org.apache.ratis.thirdparty.io.grpc.PartialForwardingClientCallListener.onClose(PartialForwardingClientCallListener.java:39)
	at org.apache.ratis.thirdparty.io.grpc.ForwardingClientCallListener.onClose(ForwardingClientCallListener.java:23)
	at org.apache.ratis.grpc.metrics.intercept.client.MetricClientCallListener.onClose(MetricClientCallListener.java:47)
	at org.apache.ratis.thirdparty.io.grpc.internal.ClientCallImpl.closeObserver(ClientCallImpl.java:565)
	at org.apache.ratis.thirdparty.io.grpc.internal.ClientCallImpl.access$100(ClientCallImpl.java:72)
	at org.apache.ratis.thirdparty.io.grpc.internal.ClientCallImpl$ClientStreamListenerImpl$1StreamClosed.runInternal(ClientCallImpl.java:733)
	at org.apache.ratis.thirdparty.io.grpc.internal.ClientCallImpl$ClientStreamListenerImpl$1StreamClosed.runInContext(ClientCallImpl.java:714)
	at org.apache.ratis.thirdparty.io.grpc.internal.ContextRunnable.run(ContextRunnable.java:37)
	at org.apache.ratis.thirdparty.io.grpc.internal.SerializingExecutor.run(SerializingExecutor.java:133)
	at java.base/java.util.concurrent.ThreadPoolExecutor.runWorker(ThreadPoolExecutor.java:1144)
	at java.base/java.util.concurrent.ThreadPoolExecutor$Worker.run(ThreadPoolExecutor.java:642)
	at java.base/java.lang.Thread.run(Thread.java:1583)
Caused by: java.io.IOException: org.apache.ratis.thirdparty.io.grpc.StatusRuntimeException: UNAVAILABLE: io exception
	at org.apache.ratis.grpc.GrpcUtil.unwrapException(GrpcUtil.java:99)
	at org.apache.ratis.grpc.GrpcUtil.unwrapIOException(GrpcUtil.java:159)
	at org.apache.ratis.grpc.client.GrpcClientProtocolClient$AsyncStreamObservers$1.onError(GrpcClientProtocolClient.java:333)
	... 13 more
Caused by: org.apache.ratis.thirdparty.io.grpc.StatusRuntimeException: UNAVAILABLE: io exception
	at org.apache.ratis.thirdparty.io.grpc.Status.asRuntimeException(Status.java:532)
	... 13 more
Caused by: org.apache.ratis.thirdparty.io.netty.channel.AbstractChannel$AnnotatedConnectException: finishConnect(..) failed: Connection refused: /127.0.0.1:15053
Caused by: java.net.ConnectException: finishConnect(..) failed: Connection refused
	at org.apache.ratis.thirdparty.io.netty.channel.unix.Errors.newConnectException0(Errors.java:166)
	at org.apache.ratis.thirdparty.io.netty.channel.unix.Errors.handleConnectErrno(Errors.java:131)
	at org.apache.ratis.thirdparty.io.netty.channel.unix.Socket.finishConnect(Socket.java:359)
	at org.apache.ratis.thirdparty.io.netty.channel.epoll.AbstractEpollChannel$AbstractEpollUnsafe.doFinishConnect(AbstractEpollChannel.java:715)
	at org.apache.ratis.thirdparty.io.netty.channel.epoll.AbstractEpollChannel$AbstractEpollUnsafe.finishConnect(AbstractEpollChannel.java:692)
	at org.apache.ratis.thirdparty.io.netty.channel.epoll.AbstractEpollChannel$AbstractEpollUnsafe.epollOutReady(AbstractEpollChannel.java:567)
	at org.apache.ratis.thirdparty.io.netty.channel.epoll.EpollEventLoop.processReady(EpollEventLoop.java:491)
	at org.apache.ratis.thirdparty.io.netty.channel.epoll.EpollEventLoop.run(EpollEventLoop.java:399)
	at org.apache.ratis.thirdparty.io.netty.util.concurrent.SingleThreadEventExecutor$4.run(SingleThreadEventExecutor.java:998)
	at org.apache.ratis.thirdparty.io.netty.util.internal.ThreadExecutorMap$2.run(ThreadExecutorMap.java:74)
	at org.apache.ratis.thirdparty.io.netty.util.concurrent.FastThreadLocalRunnable.run(FastThreadLocalRunnable.java:30)
	at java.base/java.lang.Thread.run(Thread.java:1583)
2025-09-13 17:31:35,024 [e114cbd1-8f45-4cc5-a8b1-e2bd6cad48a0@group-23D9289878C2-FollowerState] INFO  impl.FollowerState (FollowerState.java:runImpl(161)) - e114cbd1-8f45-4cc5-a8b1-e2bd6cad48a0@group-23D9289878C2-FollowerState: change to CANDIDATE, lastRpcElapsedTime:1135282796ns, electionTimeout:1135ms
2025-09-13 17:31:35,025 [e114cbd1-8f45-4cc5-a8b1-e2bd6cad48a0@group-23D9289878C2-FollowerState] INFO  impl.RoleInfo (RoleInfo.java:shutdownFollowerState(121)) - e114cbd1-8f45-4cc5-a8b1-e2bd6cad48a0: shutdown e114cbd1-8f45-4cc5-a8b1-e2bd6cad48a0@group-23D9289878C2-FollowerState
2025-09-13 17:31:35,025 [e114cbd1-8f45-4cc5-a8b1-e2bd6cad48a0@group-23D9289878C2-FollowerState] INFO  server.RaftServer$Division (RaftServerImpl.java:setRole(392)) - e114cbd1-8f45-4cc5-a8b1-e2bd6cad48a0@group-23D9289878C2: changes role from  FOLLOWER to CANDIDATE at term 1 for changeToCandidate
2025-09-13 17:31:35,025 [e114cbd1-8f45-4cc5-a8b1-e2bd6cad48a0@group-23D9289878C2-FollowerState] INFO  impl.RoleInfo (RoleInfo.java:updateAndGet(148)) - e114cbd1-8f45-4cc5-a8b1-e2bd6cad48a0: start e114cbd1-8f45-4cc5-a8b1-e2bd6cad48a0@group-23D9289878C2-LeaderElection29
2025-09-13 17:31:35,025 [e114cbd1-8f45-4cc5-a8b1-e2bd6cad48a0@group-23D9289878C2-LeaderElection29] INFO  impl.LeaderElection (LeaderElection.java:askForVotes(448)) - e114cbd1-8f45-4cc5-a8b1-e2bd6cad48a0@group-23D9289878C2-LeaderElection29 PRE_VOTE round 0: submit vote requests at term 1 for conf: {index: 0, cur=peers:[d3aade32-661d-499d-9068-ea1550ed8656|127.0.0.1:15055, beda0dcb-37da-4cca-bea2-e222cb1bc351|127.0.0.1:15039, e114cbd1-8f45-4cc5-a8b1-e2bd6cad48a0|127.0.0.1:15047]|listeners:[], old=null}
2025-09-13 17:31:35,026 [e114cbd1-8f45-4cc5-a8b1-e2bd6cad48a0@group-23D9289878C2-LeaderElection29] INFO  impl.LeaderElection (LogUtils.java:infoOrTrace(142)) - e114cbd1-8f45-4cc5-a8b1-e2bd6cad48a0@group-23D9289878C2-LeaderElection29 got exception when requesting votes: java.util.concurrent.ExecutionException: org.apache.ratis.thirdparty.io.grpc.StatusRuntimeException: UNAVAILABLE: io exception
2025-09-13 17:31:35,026 [e114cbd1-8f45-4cc5-a8b1-e2bd6cad48a0@group-23D9289878C2-LeaderElection29] INFO  impl.LeaderElection (LogUtils.java:infoOrTrace(142)) - e114cbd1-8f45-4cc5-a8b1-e2bd6cad48a0@group-23D9289878C2-LeaderElection29 got exception when requesting votes: java.util.concurrent.ExecutionException: org.apache.ratis.thirdparty.io.grpc.StatusRuntimeException: UNAVAILABLE: io exception
2025-09-13 17:31:35,026 [e114cbd1-8f45-4cc5-a8b1-e2bd6cad48a0@group-23D9289878C2-LeaderElection29] INFO  impl.LeaderElection (LeaderElection.java:logAndReturn(206)) - e114cbd1-8f45-4cc5-a8b1-e2bd6cad48a0@group-23D9289878C2-LeaderElection29: PRE_VOTE REJECTED received 0 response(s) and 2 exception(s):
2025-09-13 17:31:35,026 [e114cbd1-8f45-4cc5-a8b1-e2bd6cad48a0@group-23D9289878C2-LeaderElection29] INFO  impl.LeaderElection (LogUtils.java:infoOrTrace(142)) -   Exception 0: java.util.concurrent.ExecutionException: org.apache.ratis.thirdparty.io.grpc.StatusRuntimeException: UNAVAILABLE: io exception
2025-09-13 17:31:35,026 [e114cbd1-8f45-4cc5-a8b1-e2bd6cad48a0@group-23D9289878C2-LeaderElection29] INFO  impl.LeaderElection (LogUtils.java:infoOrTrace(142)) -   Exception 1: java.util.concurrent.ExecutionException: org.apache.ratis.thirdparty.io.grpc.StatusRuntimeException: UNAVAILABLE: io exception
2025-09-13 17:31:35,026 [e114cbd1-8f45-4cc5-a8b1-e2bd6cad48a0@group-23D9289878C2-LeaderElection29] INFO  impl.LeaderElection (LeaderElection.java:askForVotes(450)) - e114cbd1-8f45-4cc5-a8b1-e2bd6cad48a0@group-23D9289878C2-LeaderElection29 PRE_VOTE round 0: result REJECTED
2025-09-13 17:31:35,026 [e114cbd1-8f45-4cc5-a8b1-e2bd6cad48a0@group-23D9289878C2-LeaderElection29] INFO  server.RaftServer$Division (RaftServerImpl.java:setRole(392)) - e114cbd1-8f45-4cc5-a8b1-e2bd6cad48a0@group-23D9289878C2: changes role from CANDIDATE to FOLLOWER at term 1 for REJECTED
2025-09-13 17:31:35,026 [e114cbd1-8f45-4cc5-a8b1-e2bd6cad48a0@group-23D9289878C2-LeaderElection29] INFO  impl.RoleInfo (RoleInfo.java:shutdownLeaderElection(141)) - e114cbd1-8f45-4cc5-a8b1-e2bd6cad48a0: shutdown e114cbd1-8f45-4cc5-a8b1-e2bd6cad48a0@group-23D9289878C2-LeaderElection29
2025-09-13 17:31:35,026 [e114cbd1-8f45-4cc5-a8b1-e2bd6cad48a0@group-23D9289878C2-LeaderElection29] INFO  impl.RoleInfo (RoleInfo.java:updateAndGet(148)) - e114cbd1-8f45-4cc5-a8b1-e2bd6cad48a0: start e114cbd1-8f45-4cc5-a8b1-e2bd6cad48a0@group-23D9289878C2-FollowerState
2025-09-13 17:31:35,249 [e114cbd1-8f45-4cc5-a8b1-e2bd6cad48a0@group-853F78DB4750-FollowerState] INFO  impl.FollowerState (FollowerState.java:lostMajorityHeartbeatsRecently(113)) - e114cbd1-8f45-4cc5-a8b1-e2bd6cad48a0@group-853F78DB4750-FollowerState: Skipping leader election since it stepped down recently (elapsed = 5612ms < waitTime = 10s)
2025-09-13 17:31:36,060 [e114cbd1-8f45-4cc5-a8b1-e2bd6cad48a0@group-23D9289878C2-FollowerState] INFO  impl.FollowerState (FollowerState.java:runImpl(161)) - e114cbd1-8f45-4cc5-a8b1-e2bd6cad48a0@group-23D9289878C2-FollowerState: change to CANDIDATE, lastRpcElapsedTime:1033554701ns, electionTimeout:1033ms
2025-09-13 17:31:36,060 [e114cbd1-8f45-4cc5-a8b1-e2bd6cad48a0@group-23D9289878C2-FollowerState] INFO  impl.RoleInfo (RoleInfo.java:shutdownFollowerState(121)) - e114cbd1-8f45-4cc5-a8b1-e2bd6cad48a0: shutdown e114cbd1-8f45-4cc5-a8b1-e2bd6cad48a0@group-23D9289878C2-FollowerState
2025-09-13 17:31:36,060 [e114cbd1-8f45-4cc5-a8b1-e2bd6cad48a0@group-23D9289878C2-FollowerState] INFO  server.RaftServer$Division (RaftServerImpl.java:setRole(392)) - e114cbd1-8f45-4cc5-a8b1-e2bd6cad48a0@group-23D9289878C2: changes role from  FOLLOWER to CANDIDATE at term 1 for changeToCandidate
2025-09-13 17:31:36,060 [e114cbd1-8f45-4cc5-a8b1-e2bd6cad48a0@group-23D9289878C2-FollowerState] INFO  impl.RoleInfo (RoleInfo.java:updateAndGet(148)) - e114cbd1-8f45-4cc5-a8b1-e2bd6cad48a0: start e114cbd1-8f45-4cc5-a8b1-e2bd6cad48a0@group-23D9289878C2-LeaderElection30
2025-09-13 17:31:36,060 [e114cbd1-8f45-4cc5-a8b1-e2bd6cad48a0@group-23D9289878C2-LeaderElection30] INFO  impl.LeaderElection (LeaderElection.java:askForVotes(448)) - e114cbd1-8f45-4cc5-a8b1-e2bd6cad48a0@group-23D9289878C2-LeaderElection30 PRE_VOTE round 0: submit vote requests at term 1 for conf: {index: 0, cur=peers:[d3aade32-661d-499d-9068-ea1550ed8656|127.0.0.1:15055, beda0dcb-37da-4cca-bea2-e222cb1bc351|127.0.0.1:15039, e114cbd1-8f45-4cc5-a8b1-e2bd6cad48a0|127.0.0.1:15047]|listeners:[], old=null}
2025-09-13 17:31:36,061 [e114cbd1-8f45-4cc5-a8b1-e2bd6cad48a0@group-23D9289878C2-LeaderElection30] INFO  impl.LeaderElection (LogUtils.java:infoOrTrace(142)) - e114cbd1-8f45-4cc5-a8b1-e2bd6cad48a0@group-23D9289878C2-LeaderElection30 got exception when requesting votes: java.util.concurrent.ExecutionException: org.apache.ratis.thirdparty.io.grpc.StatusRuntimeException: UNAVAILABLE: io exception
2025-09-13 17:31:36,061 [e114cbd1-8f45-4cc5-a8b1-e2bd6cad48a0@group-23D9289878C2-LeaderElection30] INFO  impl.LeaderElection (LogUtils.java:infoOrTrace(142)) - e114cbd1-8f45-4cc5-a8b1-e2bd6cad48a0@group-23D9289878C2-LeaderElection30 got exception when requesting votes: java.util.concurrent.ExecutionException: org.apache.ratis.thirdparty.io.grpc.StatusRuntimeException: UNAVAILABLE: io exception
2025-09-13 17:31:36,061 [e114cbd1-8f45-4cc5-a8b1-e2bd6cad48a0@group-23D9289878C2-LeaderElection30] INFO  impl.LeaderElection (LeaderElection.java:logAndReturn(206)) - e114cbd1-8f45-4cc5-a8b1-e2bd6cad48a0@group-23D9289878C2-LeaderElection30: PRE_VOTE REJECTED received 0 response(s) and 2 exception(s):
2025-09-13 17:31:36,061 [e114cbd1-8f45-4cc5-a8b1-e2bd6cad48a0@group-23D9289878C2-LeaderElection30] INFO  impl.LeaderElection (LogUtils.java:infoOrTrace(142)) -   Exception 0: java.util.concurrent.ExecutionException: org.apache.ratis.thirdparty.io.grpc.StatusRuntimeException: UNAVAILABLE: io exception
2025-09-13 17:31:36,061 [e114cbd1-8f45-4cc5-a8b1-e2bd6cad48a0@group-23D9289878C2-LeaderElection30] INFO  impl.LeaderElection (LogUtils.java:infoOrTrace(142)) -   Exception 1: java.util.concurrent.ExecutionException: org.apache.ratis.thirdparty.io.grpc.StatusRuntimeException: UNAVAILABLE: io exception
2025-09-13 17:31:36,061 [e114cbd1-8f45-4cc5-a8b1-e2bd6cad48a0@group-23D9289878C2-LeaderElection30] INFO  impl.LeaderElection (LeaderElection.java:askForVotes(450)) - e114cbd1-8f45-4cc5-a8b1-e2bd6cad48a0@group-23D9289878C2-LeaderElection30 PRE_VOTE round 0: result REJECTED
2025-09-13 17:31:36,061 [e114cbd1-8f45-4cc5-a8b1-e2bd6cad48a0@group-23D9289878C2-LeaderElection30] INFO  server.RaftServer$Division (RaftServerImpl.java:setRole(392)) - e114cbd1-8f45-4cc5-a8b1-e2bd6cad48a0@group-23D9289878C2: changes role from CANDIDATE to FOLLOWER at term 1 for REJECTED
2025-09-13 17:31:36,061 [e114cbd1-8f45-4cc5-a8b1-e2bd6cad48a0@group-23D9289878C2-LeaderElection30] INFO  impl.RoleInfo (RoleInfo.java:shutdownLeaderElection(141)) - e114cbd1-8f45-4cc5-a8b1-e2bd6cad48a0: shutdown e114cbd1-8f45-4cc5-a8b1-e2bd6cad48a0@group-23D9289878C2-LeaderElection30
2025-09-13 17:31:36,061 [e114cbd1-8f45-4cc5-a8b1-e2bd6cad48a0@group-23D9289878C2-LeaderElection30] INFO  impl.RoleInfo (RoleInfo.java:updateAndGet(148)) - e114cbd1-8f45-4cc5-a8b1-e2bd6cad48a0: start e114cbd1-8f45-4cc5-a8b1-e2bd6cad48a0@group-23D9289878C2-FollowerState
2025-09-13 17:31:36,258 [e114cbd1-8f45-4cc5-a8b1-e2bd6cad48a0@group-853F78DB4750-FollowerState] INFO  impl.FollowerState (FollowerState.java:lostMajorityHeartbeatsRecently(113)) - e114cbd1-8f45-4cc5-a8b1-e2bd6cad48a0@group-853F78DB4750-FollowerState: Skipping leader election since it stepped down recently (elapsed = 6621ms < waitTime = 10s)
2025-09-13 17:31:37,145 [e114cbd1-8f45-4cc5-a8b1-e2bd6cad48a0@group-23D9289878C2-FollowerState] INFO  impl.FollowerState (FollowerState.java:runImpl(161)) - e114cbd1-8f45-4cc5-a8b1-e2bd6cad48a0@group-23D9289878C2-FollowerState: change to CANDIDATE, lastRpcElapsedTime:1083421622ns, electionTimeout:1083ms
2025-09-13 17:31:37,145 [e114cbd1-8f45-4cc5-a8b1-e2bd6cad48a0@group-23D9289878C2-FollowerState] INFO  impl.RoleInfo (RoleInfo.java:shutdownFollowerState(121)) - e114cbd1-8f45-4cc5-a8b1-e2bd6cad48a0: shutdown e114cbd1-8f45-4cc5-a8b1-e2bd6cad48a0@group-23D9289878C2-FollowerState
2025-09-13 17:31:37,145 [e114cbd1-8f45-4cc5-a8b1-e2bd6cad48a0@group-23D9289878C2-FollowerState] INFO  server.RaftServer$Division (RaftServerImpl.java:setRole(392)) - e114cbd1-8f45-4cc5-a8b1-e2bd6cad48a0@group-23D9289878C2: changes role from  FOLLOWER to CANDIDATE at term 1 for changeToCandidate
2025-09-13 17:31:37,145 [e114cbd1-8f45-4cc5-a8b1-e2bd6cad48a0@group-23D9289878C2-FollowerState] INFO  impl.RoleInfo (RoleInfo.java:updateAndGet(148)) - e114cbd1-8f45-4cc5-a8b1-e2bd6cad48a0: start e114cbd1-8f45-4cc5-a8b1-e2bd6cad48a0@group-23D9289878C2-LeaderElection31
2025-09-13 17:31:37,145 [e114cbd1-8f45-4cc5-a8b1-e2bd6cad48a0@group-23D9289878C2-LeaderElection31] INFO  impl.LeaderElection (LeaderElection.java:askForVotes(448)) - e114cbd1-8f45-4cc5-a8b1-e2bd6cad48a0@group-23D9289878C2-LeaderElection31 PRE_VOTE round 0: submit vote requests at term 1 for conf: {index: 0, cur=peers:[d3aade32-661d-499d-9068-ea1550ed8656|127.0.0.1:15055, beda0dcb-37da-4cca-bea2-e222cb1bc351|127.0.0.1:15039, e114cbd1-8f45-4cc5-a8b1-e2bd6cad48a0|127.0.0.1:15047]|listeners:[], old=null}
2025-09-13 17:31:37,146 [e114cbd1-8f45-4cc5-a8b1-e2bd6cad48a0@group-23D9289878C2-LeaderElection31] INFO  impl.LeaderElection (LogUtils.java:infoOrTrace(142)) - e114cbd1-8f45-4cc5-a8b1-e2bd6cad48a0@group-23D9289878C2-LeaderElection31 got exception when requesting votes: java.util.concurrent.ExecutionException: org.apache.ratis.thirdparty.io.grpc.StatusRuntimeException: UNAVAILABLE: io exception
2025-09-13 17:31:37,146 [e114cbd1-8f45-4cc5-a8b1-e2bd6cad48a0@group-23D9289878C2-LeaderElection31] INFO  impl.LeaderElection (LogUtils.java:infoOrTrace(142)) - e114cbd1-8f45-4cc5-a8b1-e2bd6cad48a0@group-23D9289878C2-LeaderElection31 got exception when requesting votes: java.util.concurrent.ExecutionException: org.apache.ratis.thirdparty.io.grpc.StatusRuntimeException: UNAVAILABLE: io exception
2025-09-13 17:31:37,146 [e114cbd1-8f45-4cc5-a8b1-e2bd6cad48a0@group-23D9289878C2-LeaderElection31] INFO  impl.LeaderElection (LeaderElection.java:logAndReturn(206)) - e114cbd1-8f45-4cc5-a8b1-e2bd6cad48a0@group-23D9289878C2-LeaderElection31: PRE_VOTE REJECTED received 0 response(s) and 2 exception(s):
2025-09-13 17:31:37,147 [e114cbd1-8f45-4cc5-a8b1-e2bd6cad48a0@group-23D9289878C2-LeaderElection31] INFO  impl.LeaderElection (LogUtils.java:infoOrTrace(142)) -   Exception 0: java.util.concurrent.ExecutionException: org.apache.ratis.thirdparty.io.grpc.StatusRuntimeException: UNAVAILABLE: io exception
2025-09-13 17:31:37,147 [e114cbd1-8f45-4cc5-a8b1-e2bd6cad48a0@group-23D9289878C2-LeaderElection31] INFO  impl.LeaderElection (LogUtils.java:infoOrTrace(142)) -   Exception 1: java.util.concurrent.ExecutionException: org.apache.ratis.thirdparty.io.grpc.StatusRuntimeException: UNAVAILABLE: io exception
2025-09-13 17:31:37,147 [e114cbd1-8f45-4cc5-a8b1-e2bd6cad48a0@group-23D9289878C2-LeaderElection31] INFO  impl.LeaderElection (LeaderElection.java:askForVotes(450)) - e114cbd1-8f45-4cc5-a8b1-e2bd6cad48a0@group-23D9289878C2-LeaderElection31 PRE_VOTE round 0: result REJECTED
2025-09-13 17:31:37,147 [e114cbd1-8f45-4cc5-a8b1-e2bd6cad48a0@group-23D9289878C2-LeaderElection31] INFO  server.RaftServer$Division (RaftServerImpl.java:setRole(392)) - e114cbd1-8f45-4cc5-a8b1-e2bd6cad48a0@group-23D9289878C2: changes role from CANDIDATE to FOLLOWER at term 1 for REJECTED
2025-09-13 17:31:37,147 [e114cbd1-8f45-4cc5-a8b1-e2bd6cad48a0@group-23D9289878C2-LeaderElection31] INFO  impl.RoleInfo (RoleInfo.java:shutdownLeaderElection(141)) - e114cbd1-8f45-4cc5-a8b1-e2bd6cad48a0: shutdown e114cbd1-8f45-4cc5-a8b1-e2bd6cad48a0@group-23D9289878C2-LeaderElection31
2025-09-13 17:31:37,147 [e114cbd1-8f45-4cc5-a8b1-e2bd6cad48a0@group-23D9289878C2-LeaderElection31] INFO  impl.RoleInfo (RoleInfo.java:updateAndGet(148)) - e114cbd1-8f45-4cc5-a8b1-e2bd6cad48a0: start e114cbd1-8f45-4cc5-a8b1-e2bd6cad48a0@group-23D9289878C2-FollowerState
2025-09-13 17:31:37,457 [e114cbd1-8f45-4cc5-a8b1-e2bd6cad48a0@group-853F78DB4750-FollowerState] INFO  impl.FollowerState (FollowerState.java:lostMajorityHeartbeatsRecently(113)) - e114cbd1-8f45-4cc5-a8b1-e2bd6cad48a0@group-853F78DB4750-FollowerState: Skipping leader election since it stepped down recently (elapsed = 7819ms < waitTime = 10s)
2025-09-13 17:31:38,272 [e114cbd1-8f45-4cc5-a8b1-e2bd6cad48a0@group-23D9289878C2-FollowerState] INFO  impl.FollowerState (FollowerState.java:runImpl(161)) - e114cbd1-8f45-4cc5-a8b1-e2bd6cad48a0@group-23D9289878C2-FollowerState: change to CANDIDATE, lastRpcElapsedTime:1125334662ns, electionTimeout:1125ms
2025-09-13 17:31:38,272 [e114cbd1-8f45-4cc5-a8b1-e2bd6cad48a0@group-23D9289878C2-FollowerState] INFO  impl.RoleInfo (RoleInfo.java:shutdownFollowerState(121)) - e114cbd1-8f45-4cc5-a8b1-e2bd6cad48a0: shutdown e114cbd1-8f45-4cc5-a8b1-e2bd6cad48a0@group-23D9289878C2-FollowerState
2025-09-13 17:31:38,272 [e114cbd1-8f45-4cc5-a8b1-e2bd6cad48a0@group-23D9289878C2-FollowerState] INFO  server.RaftServer$Division (RaftServerImpl.java:setRole(392)) - e114cbd1-8f45-4cc5-a8b1-e2bd6cad48a0@group-23D9289878C2: changes role from  FOLLOWER to CANDIDATE at term 1 for changeToCandidate
2025-09-13 17:31:38,272 [e114cbd1-8f45-4cc5-a8b1-e2bd6cad48a0@group-23D9289878C2-FollowerState] INFO  impl.RoleInfo (RoleInfo.java:updateAndGet(148)) - e114cbd1-8f45-4cc5-a8b1-e2bd6cad48a0: start e114cbd1-8f45-4cc5-a8b1-e2bd6cad48a0@group-23D9289878C2-LeaderElection32
2025-09-13 17:31:38,273 [e114cbd1-8f45-4cc5-a8b1-e2bd6cad48a0@group-23D9289878C2-LeaderElection32] INFO  impl.LeaderElection (LeaderElection.java:askForVotes(448)) - e114cbd1-8f45-4cc5-a8b1-e2bd6cad48a0@group-23D9289878C2-LeaderElection32 PRE_VOTE round 0: submit vote requests at term 1 for conf: {index: 0, cur=peers:[d3aade32-661d-499d-9068-ea1550ed8656|127.0.0.1:15055, beda0dcb-37da-4cca-bea2-e222cb1bc351|127.0.0.1:15039, e114cbd1-8f45-4cc5-a8b1-e2bd6cad48a0|127.0.0.1:15047]|listeners:[], old=null}
2025-09-13 17:31:38,273 [e114cbd1-8f45-4cc5-a8b1-e2bd6cad48a0@group-23D9289878C2-LeaderElection32] INFO  impl.LeaderElection (LogUtils.java:infoOrTrace(142)) - e114cbd1-8f45-4cc5-a8b1-e2bd6cad48a0@group-23D9289878C2-LeaderElection32 got exception when requesting votes: java.util.concurrent.ExecutionException: org.apache.ratis.thirdparty.io.grpc.StatusRuntimeException: UNAVAILABLE: io exception
2025-09-13 17:31:38,273 [e114cbd1-8f45-4cc5-a8b1-e2bd6cad48a0@group-23D9289878C2-LeaderElection32] INFO  impl.LeaderElection (LogUtils.java:infoOrTrace(142)) - e114cbd1-8f45-4cc5-a8b1-e2bd6cad48a0@group-23D9289878C2-LeaderElection32 got exception when requesting votes: java.util.concurrent.ExecutionException: org.apache.ratis.thirdparty.io.grpc.StatusRuntimeException: UNAVAILABLE: io exception
2025-09-13 17:31:38,274 [e114cbd1-8f45-4cc5-a8b1-e2bd6cad48a0@group-23D9289878C2-LeaderElection32] INFO  impl.LeaderElection (LeaderElection.java:logAndReturn(206)) - e114cbd1-8f45-4cc5-a8b1-e2bd6cad48a0@group-23D9289878C2-LeaderElection32: PRE_VOTE REJECTED received 0 response(s) and 2 exception(s):
2025-09-13 17:31:38,274 [e114cbd1-8f45-4cc5-a8b1-e2bd6cad48a0@group-23D9289878C2-LeaderElection32] INFO  impl.LeaderElection (LogUtils.java:infoOrTrace(142)) -   Exception 0: java.util.concurrent.ExecutionException: org.apache.ratis.thirdparty.io.grpc.StatusRuntimeException: UNAVAILABLE: io exception
2025-09-13 17:31:38,274 [e114cbd1-8f45-4cc5-a8b1-e2bd6cad48a0@group-23D9289878C2-LeaderElection32] INFO  impl.LeaderElection (LogUtils.java:infoOrTrace(142)) -   Exception 1: java.util.concurrent.ExecutionException: org.apache.ratis.thirdparty.io.grpc.StatusRuntimeException: UNAVAILABLE: io exception
2025-09-13 17:31:38,274 [e114cbd1-8f45-4cc5-a8b1-e2bd6cad48a0@group-23D9289878C2-LeaderElection32] INFO  impl.LeaderElection (LeaderElection.java:askForVotes(450)) - e114cbd1-8f45-4cc5-a8b1-e2bd6cad48a0@group-23D9289878C2-LeaderElection32 PRE_VOTE round 0: result REJECTED
2025-09-13 17:31:38,274 [e114cbd1-8f45-4cc5-a8b1-e2bd6cad48a0@group-23D9289878C2-LeaderElection32] INFO  server.RaftServer$Division (RaftServerImpl.java:setRole(392)) - e114cbd1-8f45-4cc5-a8b1-e2bd6cad48a0@group-23D9289878C2: changes role from CANDIDATE to FOLLOWER at term 1 for REJECTED
2025-09-13 17:31:38,274 [e114cbd1-8f45-4cc5-a8b1-e2bd6cad48a0@group-23D9289878C2-LeaderElection32] INFO  impl.RoleInfo (RoleInfo.java:shutdownLeaderElection(141)) - e114cbd1-8f45-4cc5-a8b1-e2bd6cad48a0: shutdown e114cbd1-8f45-4cc5-a8b1-e2bd6cad48a0@group-23D9289878C2-LeaderElection32
2025-09-13 17:31:38,274 [e114cbd1-8f45-4cc5-a8b1-e2bd6cad48a0@group-23D9289878C2-LeaderElection32] INFO  impl.RoleInfo (RoleInfo.java:updateAndGet(148)) - e114cbd1-8f45-4cc5-a8b1-e2bd6cad48a0: start e114cbd1-8f45-4cc5-a8b1-e2bd6cad48a0@group-23D9289878C2-FollowerState
2025-09-13 17:31:38,633 [e114cbd1-8f45-4cc5-a8b1-e2bd6cad48a0@group-853F78DB4750-FollowerState] INFO  impl.FollowerState (FollowerState.java:lostMajorityHeartbeatsRecently(113)) - e114cbd1-8f45-4cc5-a8b1-e2bd6cad48a0@group-853F78DB4750-FollowerState: Skipping leader election since it stepped down recently (elapsed = 8995ms < waitTime = 10s)
2025-09-13 17:31:39,332 [e114cbd1-8f45-4cc5-a8b1-e2bd6cad48a0@group-23D9289878C2-FollowerState] INFO  impl.FollowerState (FollowerState.java:runImpl(161)) - e114cbd1-8f45-4cc5-a8b1-e2bd6cad48a0@group-23D9289878C2-FollowerState: change to CANDIDATE, lastRpcElapsedTime:1058297479ns, electionTimeout:1058ms
2025-09-13 17:31:39,332 [e114cbd1-8f45-4cc5-a8b1-e2bd6cad48a0@group-23D9289878C2-FollowerState] INFO  impl.RoleInfo (RoleInfo.java:shutdownFollowerState(121)) - e114cbd1-8f45-4cc5-a8b1-e2bd6cad48a0: shutdown e114cbd1-8f45-4cc5-a8b1-e2bd6cad48a0@group-23D9289878C2-FollowerState
2025-09-13 17:31:39,332 [e114cbd1-8f45-4cc5-a8b1-e2bd6cad48a0@group-23D9289878C2-FollowerState] INFO  server.RaftServer$Division (RaftServerImpl.java:setRole(392)) - e114cbd1-8f45-4cc5-a8b1-e2bd6cad48a0@group-23D9289878C2: changes role from  FOLLOWER to CANDIDATE at term 1 for changeToCandidate
2025-09-13 17:31:39,333 [e114cbd1-8f45-4cc5-a8b1-e2bd6cad48a0@group-23D9289878C2-FollowerState] INFO  impl.RoleInfo (RoleInfo.java:updateAndGet(148)) - e114cbd1-8f45-4cc5-a8b1-e2bd6cad48a0: start e114cbd1-8f45-4cc5-a8b1-e2bd6cad48a0@group-23D9289878C2-LeaderElection33
2025-09-13 17:31:39,333 [e114cbd1-8f45-4cc5-a8b1-e2bd6cad48a0@group-23D9289878C2-LeaderElection33] INFO  impl.LeaderElection (LeaderElection.java:askForVotes(448)) - e114cbd1-8f45-4cc5-a8b1-e2bd6cad48a0@group-23D9289878C2-LeaderElection33 PRE_VOTE round 0: submit vote requests at term 1 for conf: {index: 0, cur=peers:[d3aade32-661d-499d-9068-ea1550ed8656|127.0.0.1:15055, beda0dcb-37da-4cca-bea2-e222cb1bc351|127.0.0.1:15039, e114cbd1-8f45-4cc5-a8b1-e2bd6cad48a0|127.0.0.1:15047]|listeners:[], old=null}
2025-09-13 17:31:39,333 [e114cbd1-8f45-4cc5-a8b1-e2bd6cad48a0@group-23D9289878C2-LeaderElection33] INFO  impl.LeaderElection (LogUtils.java:infoOrTrace(142)) - e114cbd1-8f45-4cc5-a8b1-e2bd6cad48a0@group-23D9289878C2-LeaderElection33 got exception when requesting votes: java.util.concurrent.ExecutionException: org.apache.ratis.thirdparty.io.grpc.StatusRuntimeException: UNAVAILABLE: io exception
2025-09-13 17:31:39,333 [e114cbd1-8f45-4cc5-a8b1-e2bd6cad48a0@group-23D9289878C2-LeaderElection33] INFO  impl.LeaderElection (LogUtils.java:infoOrTrace(142)) - e114cbd1-8f45-4cc5-a8b1-e2bd6cad48a0@group-23D9289878C2-LeaderElection33 got exception when requesting votes: java.util.concurrent.ExecutionException: org.apache.ratis.thirdparty.io.grpc.StatusRuntimeException: UNAVAILABLE: io exception
2025-09-13 17:31:39,334 [e114cbd1-8f45-4cc5-a8b1-e2bd6cad48a0@group-23D9289878C2-LeaderElection33] INFO  impl.LeaderElection (LeaderElection.java:logAndReturn(206)) - e114cbd1-8f45-4cc5-a8b1-e2bd6cad48a0@group-23D9289878C2-LeaderElection33: PRE_VOTE REJECTED received 0 response(s) and 2 exception(s):
2025-09-13 17:31:39,334 [e114cbd1-8f45-4cc5-a8b1-e2bd6cad48a0@group-23D9289878C2-LeaderElection33] INFO  impl.LeaderElection (LogUtils.java:infoOrTrace(142)) -   Exception 0: java.util.concurrent.ExecutionException: org.apache.ratis.thirdparty.io.grpc.StatusRuntimeException: UNAVAILABLE: io exception
2025-09-13 17:31:39,334 [e114cbd1-8f45-4cc5-a8b1-e2bd6cad48a0@group-23D9289878C2-LeaderElection33] INFO  impl.LeaderElection (LogUtils.java:infoOrTrace(142)) -   Exception 1: java.util.concurrent.ExecutionException: org.apache.ratis.thirdparty.io.grpc.StatusRuntimeException: UNAVAILABLE: io exception
2025-09-13 17:31:39,334 [e114cbd1-8f45-4cc5-a8b1-e2bd6cad48a0@group-23D9289878C2-LeaderElection33] INFO  impl.LeaderElection (LeaderElection.java:askForVotes(450)) - e114cbd1-8f45-4cc5-a8b1-e2bd6cad48a0@group-23D9289878C2-LeaderElection33 PRE_VOTE round 0: result REJECTED
2025-09-13 17:31:39,334 [e114cbd1-8f45-4cc5-a8b1-e2bd6cad48a0@group-23D9289878C2-LeaderElection33] INFO  server.RaftServer$Division (RaftServerImpl.java:setRole(392)) - e114cbd1-8f45-4cc5-a8b1-e2bd6cad48a0@group-23D9289878C2: changes role from CANDIDATE to FOLLOWER at term 1 for REJECTED
2025-09-13 17:31:39,334 [e114cbd1-8f45-4cc5-a8b1-e2bd6cad48a0@group-23D9289878C2-LeaderElection33] INFO  impl.RoleInfo (RoleInfo.java:shutdownLeaderElection(141)) - e114cbd1-8f45-4cc5-a8b1-e2bd6cad48a0: shutdown e114cbd1-8f45-4cc5-a8b1-e2bd6cad48a0@group-23D9289878C2-LeaderElection33
2025-09-13 17:31:39,334 [e114cbd1-8f45-4cc5-a8b1-e2bd6cad48a0@group-23D9289878C2-LeaderElection33] INFO  impl.RoleInfo (RoleInfo.java:updateAndGet(148)) - e114cbd1-8f45-4cc5-a8b1-e2bd6cad48a0: start e114cbd1-8f45-4cc5-a8b1-e2bd6cad48a0@group-23D9289878C2-FollowerState
2025-09-13 17:31:39,730 [e114cbd1-8f45-4cc5-a8b1-e2bd6cad48a0@group-853F78DB4750-FollowerState] INFO  impl.FollowerState (FollowerState.java:runImpl(161)) - e114cbd1-8f45-4cc5-a8b1-e2bd6cad48a0@group-853F78DB4750-FollowerState: change to CANDIDATE, lastRpcElapsedTime:10092850245ns, electionTimeout:1097ms
2025-09-13 17:31:39,730 [e114cbd1-8f45-4cc5-a8b1-e2bd6cad48a0@group-853F78DB4750-FollowerState] INFO  impl.RoleInfo (RoleInfo.java:shutdownFollowerState(121)) - e114cbd1-8f45-4cc5-a8b1-e2bd6cad48a0: shutdown e114cbd1-8f45-4cc5-a8b1-e2bd6cad48a0@group-853F78DB4750-FollowerState
2025-09-13 17:31:39,730 [e114cbd1-8f45-4cc5-a8b1-e2bd6cad48a0@group-853F78DB4750-FollowerState] INFO  server.RaftServer$Division (RaftServerImpl.java:setRole(392)) - e114cbd1-8f45-4cc5-a8b1-e2bd6cad48a0@group-853F78DB4750: changes role from  FOLLOWER to CANDIDATE at term 1 for changeToCandidate
2025-09-13 17:31:39,730 [e114cbd1-8f45-4cc5-a8b1-e2bd6cad48a0@group-853F78DB4750-FollowerState] INFO  impl.RoleInfo (RoleInfo.java:updateAndGet(148)) - e114cbd1-8f45-4cc5-a8b1-e2bd6cad48a0: start e114cbd1-8f45-4cc5-a8b1-e2bd6cad48a0@group-853F78DB4750-LeaderElection34
2025-09-13 17:31:39,731 [e114cbd1-8f45-4cc5-a8b1-e2bd6cad48a0@group-853F78DB4750-LeaderElection34] INFO  impl.LeaderElection (LeaderElection.java:askForVotes(448)) - e114cbd1-8f45-4cc5-a8b1-e2bd6cad48a0@group-853F78DB4750-LeaderElection34 PRE_VOTE round 0: submit vote requests at term 1 for conf: {index: 0, cur=peers:[d3aade32-661d-499d-9068-ea1550ed8656|127.0.0.1:15055, beda0dcb-37da-4cca-bea2-e222cb1bc351|127.0.0.1:15039, e114cbd1-8f45-4cc5-a8b1-e2bd6cad48a0|127.0.0.1:15047]|listeners:[], old=null}
2025-09-13 17:31:39,731 [e114cbd1-8f45-4cc5-a8b1-e2bd6cad48a0@group-853F78DB4750-LeaderElection34] INFO  impl.LeaderElection (LogUtils.java:infoOrTrace(142)) - e114cbd1-8f45-4cc5-a8b1-e2bd6cad48a0@group-853F78DB4750-LeaderElection34 got exception when requesting votes: java.util.concurrent.ExecutionException: org.apache.ratis.thirdparty.io.grpc.StatusRuntimeException: UNAVAILABLE: io exception
2025-09-13 17:31:39,731 [e114cbd1-8f45-4cc5-a8b1-e2bd6cad48a0@group-853F78DB4750-LeaderElection34] INFO  impl.LeaderElection (LogUtils.java:infoOrTrace(142)) - e114cbd1-8f45-4cc5-a8b1-e2bd6cad48a0@group-853F78DB4750-LeaderElection34 got exception when requesting votes: java.util.concurrent.ExecutionException: org.apache.ratis.thirdparty.io.grpc.StatusRuntimeException: UNAVAILABLE: io exception
2025-09-13 17:31:39,731 [e114cbd1-8f45-4cc5-a8b1-e2bd6cad48a0@group-853F78DB4750-LeaderElection34] INFO  impl.LeaderElection (LeaderElection.java:logAndReturn(206)) - e114cbd1-8f45-4cc5-a8b1-e2bd6cad48a0@group-853F78DB4750-LeaderElection34: PRE_VOTE REJECTED received 0 response(s) and 2 exception(s):
2025-09-13 17:31:39,731 [e114cbd1-8f45-4cc5-a8b1-e2bd6cad48a0@group-853F78DB4750-LeaderElection34] INFO  impl.LeaderElection (LogUtils.java:infoOrTrace(142)) -   Exception 0: java.util.concurrent.ExecutionException: org.apache.ratis.thirdparty.io.grpc.StatusRuntimeException: UNAVAILABLE: io exception
2025-09-13 17:31:39,731 [e114cbd1-8f45-4cc5-a8b1-e2bd6cad48a0@group-853F78DB4750-LeaderElection34] INFO  impl.LeaderElection (LogUtils.java:infoOrTrace(142)) -   Exception 1: java.util.concurrent.ExecutionException: org.apache.ratis.thirdparty.io.grpc.StatusRuntimeException: UNAVAILABLE: io exception
2025-09-13 17:31:39,732 [e114cbd1-8f45-4cc5-a8b1-e2bd6cad48a0@group-853F78DB4750-LeaderElection34] INFO  impl.LeaderElection (LeaderElection.java:askForVotes(450)) - e114cbd1-8f45-4cc5-a8b1-e2bd6cad48a0@group-853F78DB4750-LeaderElection34 PRE_VOTE round 0: result REJECTED
2025-09-13 17:31:39,732 [e114cbd1-8f45-4cc5-a8b1-e2bd6cad48a0@group-853F78DB4750-LeaderElection34] INFO  server.RaftServer$Division (RaftServerImpl.java:setRole(392)) - e114cbd1-8f45-4cc5-a8b1-e2bd6cad48a0@group-853F78DB4750: changes role from CANDIDATE to FOLLOWER at term 1 for REJECTED
2025-09-13 17:31:39,732 [e114cbd1-8f45-4cc5-a8b1-e2bd6cad48a0@group-853F78DB4750-LeaderElection34] INFO  impl.RoleInfo (RoleInfo.java:shutdownLeaderElection(141)) - e114cbd1-8f45-4cc5-a8b1-e2bd6cad48a0: shutdown e114cbd1-8f45-4cc5-a8b1-e2bd6cad48a0@group-853F78DB4750-LeaderElection34
2025-09-13 17:31:39,732 [e114cbd1-8f45-4cc5-a8b1-e2bd6cad48a0@group-853F78DB4750-LeaderElection34] INFO  impl.RoleInfo (RoleInfo.java:updateAndGet(148)) - e114cbd1-8f45-4cc5-a8b1-e2bd6cad48a0: start e114cbd1-8f45-4cc5-a8b1-e2bd6cad48a0@group-853F78DB4750-FollowerState
2025-09-13 17:31:39,966 [timer3] ERROR impl.OrderedAsync (OrderedAsync.java:lambda$null$6(215)) -  (Repeated 2 times in the last 5.002s) client-BBD0EFB882BC: Failed* RaftClientRequest:client-BBD0EFB882BC->beda0dcb-37da-4cca-bea2-e222cb1bc351@group-23D9289878C2, cid=22, seq=4*, RW, cmdType: WriteChunk
traceID: ""
containerID: 1
datanodeUuid: "d3aade32-661d-499d-9068-ea1550ed8656"
writeChunk {
  blockID {
    containerID: 1
    localID: 115816896921600001
    blockCommitSequenceId: 2
    replicaIndex: 0
  }
  chunkData {
    chunkName: "115816896921600001_chunk_2"
    offset: 1048576
    len: 1048576
    checksumData {
      type: CRC32
      bytesPerChecksum: 16384
      checksums: "\326\360U\321"
      checksums: "\326\360U\321"
      checksums: "\326\360U\321"
      checksums: "\326\360U\321"
      checksums: "\326\360U\321"
      checksums: "\326\360U\321"
      checksums: "\326\360U\321"
      checksums: "\326\360U\321"
      checksums: "\326\360U\321"
      checksums: "\326\360U\321"
      checksums: "\326\360U\321"
      checksums: "\326\360U\321"
      checksums: "\326\360U\321"
      checksums: "\326\360U\321"
      checksums: "\326\360U\321"
      checksums: "\326\360U\321"
      checksums: "\326\360U\321"
      checksums: "\326\360U\321"
      checksums: "\326\360U\321"
      checksums: "\326\360U\321"
      checksums: "\326\360U\321"
      checksums: "\326\360U\321"
      checksums: "\326\360U\321"
      checksums: "\326\360U\321"
      checksums: "\326\360U\321"
      checksums: "\326\360U\321"
      checksums: "\326\360U\321"
      checksums: "\326\360U\321"
      checksums: "\326\360U\321"
      checksums: "\326\360U\321"
      checksums: "\326\360U\321"
      checksums: "\326\360U\321"
      checksums: "\326\360U\321"
      checksums: "\326\360U\321"
      checksums: "\326\360U\321"
      checksums: "\326\360U\321"
      checksums: "\326\360U\321"
      checksums: "\326\360U\321"
      checksums: "\326\360U\321"
      checksums: "\326\360U\321"
      checksums: "\326\360U\321"
      checksums: "\326\360U\321"
      checksums: "\326\360U\321"
      checksums: "\326\360U\321"
      checksums: "\326\360U\321"
      checksums: "\326\360U\321"
      checksums: "\326\360U\321"
      checksums: "\326\360U\321"
      checksums: "\326\360U\321"
      checksums: "\326\360U\321"
      checksums: "\326\360U\321"
      checksums: "\326\360U\321"
      checksums: "\326\360U\321"
      checksums: "\326\360U\321"
      checksums: "\326\360U\321"
      checksums: "\326\360U\321"
      checksums: "\326\360U\321"
      checksums: "\326\360U\321"
      checksums: "\326\360U\321"
      checksums: "\326\360U\321"
      checksums: "\326\360U\321"
      checksums: "\326\360U\321"
      checksums: "\326\360U\321"
      checksums: "\277r/p"
    }
  }
}
version: 3
, data.size=1048576
java.util.concurrent.CompletionException: java.io.IOException: org.apache.ratis.thirdparty.io.grpc.StatusRuntimeException: UNAVAILABLE: io exception
	at java.base/java.util.concurrent.CompletableFuture.encodeThrowable(CompletableFuture.java:332)
	at java.base/java.util.concurrent.CompletableFuture.completeThrowable(CompletableFuture.java:347)
	at java.base/java.util.concurrent.CompletableFuture$UniAccept.tryFire(CompletableFuture.java:708)
	at java.base/java.util.concurrent.CompletableFuture.postComplete(CompletableFuture.java:510)
	at java.base/java.util.concurrent.CompletableFuture.completeExceptionally(CompletableFuture.java:2194)
	at org.apache.ratis.grpc.client.GrpcClientProtocolClient$AsyncStreamObservers.completeReplyExceptionally(GrpcClientProtocolClient.java:397)
	at org.apache.ratis.grpc.client.GrpcClientProtocolClient$AsyncStreamObservers.access$000(GrpcClientProtocolClient.java:303)
	at org.apache.ratis.grpc.client.GrpcClientProtocolClient$AsyncStreamObservers$1.onError(GrpcClientProtocolClient.java:334)
	at org.apache.ratis.thirdparty.io.grpc.stub.ClientCalls$StreamObserverToCallListenerAdapter.onClose(ClientCalls.java:564)
	at org.apache.ratis.thirdparty.io.grpc.PartialForwardingClientCallListener.onClose(PartialForwardingClientCallListener.java:39)
	at org.apache.ratis.thirdparty.io.grpc.ForwardingClientCallListener.onClose(ForwardingClientCallListener.java:23)
	at org.apache.ratis.grpc.metrics.intercept.client.MetricClientCallListener.onClose(MetricClientCallListener.java:47)
	at org.apache.ratis.thirdparty.io.grpc.internal.ClientCallImpl.closeObserver(ClientCallImpl.java:565)
	at org.apache.ratis.thirdparty.io.grpc.internal.ClientCallImpl.access$100(ClientCallImpl.java:72)
	at org.apache.ratis.thirdparty.io.grpc.internal.ClientCallImpl$ClientStreamListenerImpl$1StreamClosed.runInternal(ClientCallImpl.java:733)
	at org.apache.ratis.thirdparty.io.grpc.internal.ClientCallImpl$ClientStreamListenerImpl$1StreamClosed.runInContext(ClientCallImpl.java:714)
	at org.apache.ratis.thirdparty.io.grpc.internal.ContextRunnable.run(ContextRunnable.java:37)
	at org.apache.ratis.thirdparty.io.grpc.internal.SerializingExecutor.run(SerializingExecutor.java:133)
	at java.base/java.util.concurrent.ThreadPoolExecutor.runWorker(ThreadPoolExecutor.java:1144)
	at java.base/java.util.concurrent.ThreadPoolExecutor$Worker.run(ThreadPoolExecutor.java:642)
	at java.base/java.lang.Thread.run(Thread.java:1583)
Caused by: java.io.IOException: org.apache.ratis.thirdparty.io.grpc.StatusRuntimeException: UNAVAILABLE: io exception
	at org.apache.ratis.grpc.GrpcUtil.unwrapException(GrpcUtil.java:99)
	at org.apache.ratis.grpc.GrpcUtil.unwrapIOException(GrpcUtil.java:159)
	at org.apache.ratis.grpc.client.GrpcClientProtocolClient$AsyncStreamObservers$1.onError(GrpcClientProtocolClient.java:333)
	... 13 more
Caused by: org.apache.ratis.thirdparty.io.grpc.StatusRuntimeException: UNAVAILABLE: io exception
	at org.apache.ratis.thirdparty.io.grpc.Status.asRuntimeException(Status.java:532)
	... 13 more
Caused by: org.apache.ratis.thirdparty.io.netty.channel.AbstractChannel$AnnotatedConnectException: finishConnect(..) failed: Connection refused: /127.0.0.1:15037
Caused by: java.net.ConnectException: finishConnect(..) failed: Connection refused
	at org.apache.ratis.thirdparty.io.netty.channel.unix.Errors.newConnectException0(Errors.java:166)
	at org.apache.ratis.thirdparty.io.netty.channel.unix.Errors.handleConnectErrno(Errors.java:131)
	at org.apache.ratis.thirdparty.io.netty.channel.unix.Socket.finishConnect(Socket.java:359)
	at org.apache.ratis.thirdparty.io.netty.channel.epoll.AbstractEpollChannel$AbstractEpollUnsafe.doFinishConnect(AbstractEpollChannel.java:715)
	at org.apache.ratis.thirdparty.io.netty.channel.epoll.AbstractEpollChannel$AbstractEpollUnsafe.finishConnect(AbstractEpollChannel.java:692)
	at org.apache.ratis.thirdparty.io.netty.channel.epoll.AbstractEpollChannel$AbstractEpollUnsafe.epollOutReady(AbstractEpollChannel.java:567)
	at org.apache.ratis.thirdparty.io.netty.channel.epoll.EpollEventLoop.processReady(EpollEventLoop.java:491)
	at org.apache.ratis.thirdparty.io.netty.channel.epoll.EpollEventLoop.run(EpollEventLoop.java:399)
	at org.apache.ratis.thirdparty.io.netty.util.concurrent.SingleThreadEventExecutor$4.run(SingleThreadEventExecutor.java:998)
	at org.apache.ratis.thirdparty.io.netty.util.internal.ThreadExecutorMap$2.run(ThreadExecutorMap.java:74)
	at org.apache.ratis.thirdparty.io.netty.util.concurrent.FastThreadLocalRunnable.run(FastThreadLocalRunnable.java:30)
	at java.base/java.lang.Thread.run(Thread.java:1583)
2025-09-13 17:31:40,399 [e114cbd1-8f45-4cc5-a8b1-e2bd6cad48a0@group-23D9289878C2-FollowerState] INFO  impl.FollowerState (FollowerState.java:runImpl(161)) - e114cbd1-8f45-4cc5-a8b1-e2bd6cad48a0@group-23D9289878C2-FollowerState: change to CANDIDATE, lastRpcElapsedTime:1065332641ns, electionTimeout:1065ms
2025-09-13 17:31:40,399 [e114cbd1-8f45-4cc5-a8b1-e2bd6cad48a0@group-23D9289878C2-FollowerState] INFO  impl.RoleInfo (RoleInfo.java:shutdownFollowerState(121)) - e114cbd1-8f45-4cc5-a8b1-e2bd6cad48a0: shutdown e114cbd1-8f45-4cc5-a8b1-e2bd6cad48a0@group-23D9289878C2-FollowerState
2025-09-13 17:31:40,399 [e114cbd1-8f45-4cc5-a8b1-e2bd6cad48a0@group-23D9289878C2-FollowerState] INFO  server.RaftServer$Division (RaftServerImpl.java:setRole(392)) - e114cbd1-8f45-4cc5-a8b1-e2bd6cad48a0@group-23D9289878C2: changes role from  FOLLOWER to CANDIDATE at term 1 for changeToCandidate
2025-09-13 17:31:40,400 [e114cbd1-8f45-4cc5-a8b1-e2bd6cad48a0@group-23D9289878C2-FollowerState] INFO  impl.RoleInfo (RoleInfo.java:updateAndGet(148)) - e114cbd1-8f45-4cc5-a8b1-e2bd6cad48a0: start e114cbd1-8f45-4cc5-a8b1-e2bd6cad48a0@group-23D9289878C2-LeaderElection35
2025-09-13 17:31:40,400 [e114cbd1-8f45-4cc5-a8b1-e2bd6cad48a0@group-23D9289878C2-LeaderElection35] INFO  impl.LeaderElection (LeaderElection.java:askForVotes(448)) - e114cbd1-8f45-4cc5-a8b1-e2bd6cad48a0@group-23D9289878C2-LeaderElection35 PRE_VOTE round 0: submit vote requests at term 1 for conf: {index: 0, cur=peers:[d3aade32-661d-499d-9068-ea1550ed8656|127.0.0.1:15055, beda0dcb-37da-4cca-bea2-e222cb1bc351|127.0.0.1:15039, e114cbd1-8f45-4cc5-a8b1-e2bd6cad48a0|127.0.0.1:15047]|listeners:[], old=null}
2025-09-13 17:31:40,400 [e114cbd1-8f45-4cc5-a8b1-e2bd6cad48a0@group-23D9289878C2-LeaderElection35] INFO  impl.LeaderElection (LogUtils.java:infoOrTrace(142)) - e114cbd1-8f45-4cc5-a8b1-e2bd6cad48a0@group-23D9289878C2-LeaderElection35 got exception when requesting votes: java.util.concurrent.ExecutionException: org.apache.ratis.thirdparty.io.grpc.StatusRuntimeException: UNAVAILABLE: io exception
2025-09-13 17:31:40,401 [e114cbd1-8f45-4cc5-a8b1-e2bd6cad48a0@group-23D9289878C2-LeaderElection35] INFO  impl.LeaderElection (LogUtils.java:infoOrTrace(142)) - e114cbd1-8f45-4cc5-a8b1-e2bd6cad48a0@group-23D9289878C2-LeaderElection35 got exception when requesting votes: java.util.concurrent.ExecutionException: org.apache.ratis.thirdparty.io.grpc.StatusRuntimeException: UNAVAILABLE: io exception
2025-09-13 17:31:40,401 [e114cbd1-8f45-4cc5-a8b1-e2bd6cad48a0@group-23D9289878C2-LeaderElection35] INFO  impl.LeaderElection (LeaderElection.java:logAndReturn(206)) - e114cbd1-8f45-4cc5-a8b1-e2bd6cad48a0@group-23D9289878C2-LeaderElection35: PRE_VOTE REJECTED received 0 response(s) and 2 exception(s):
2025-09-13 17:31:40,401 [e114cbd1-8f45-4cc5-a8b1-e2bd6cad48a0@group-23D9289878C2-LeaderElection35] INFO  impl.LeaderElection (LogUtils.java:infoOrTrace(142)) -   Exception 0: java.util.concurrent.ExecutionException: org.apache.ratis.thirdparty.io.grpc.StatusRuntimeException: UNAVAILABLE: io exception
2025-09-13 17:31:40,401 [e114cbd1-8f45-4cc5-a8b1-e2bd6cad48a0@group-23D9289878C2-LeaderElection35] INFO  impl.LeaderElection (LogUtils.java:infoOrTrace(142)) -   Exception 1: java.util.concurrent.ExecutionException: org.apache.ratis.thirdparty.io.grpc.StatusRuntimeException: UNAVAILABLE: io exception
2025-09-13 17:31:40,401 [e114cbd1-8f45-4cc5-a8b1-e2bd6cad48a0@group-23D9289878C2-LeaderElection35] INFO  impl.LeaderElection (LeaderElection.java:askForVotes(450)) - e114cbd1-8f45-4cc5-a8b1-e2bd6cad48a0@group-23D9289878C2-LeaderElection35 PRE_VOTE round 0: result REJECTED
2025-09-13 17:31:40,401 [e114cbd1-8f45-4cc5-a8b1-e2bd6cad48a0@group-23D9289878C2-LeaderElection35] INFO  server.RaftServer$Division (RaftServerImpl.java:setRole(392)) - e114cbd1-8f45-4cc5-a8b1-e2bd6cad48a0@group-23D9289878C2: changes role from CANDIDATE to FOLLOWER at term 1 for REJECTED
2025-09-13 17:31:40,401 [e114cbd1-8f45-4cc5-a8b1-e2bd6cad48a0@group-23D9289878C2-LeaderElection35] INFO  impl.RoleInfo (RoleInfo.java:shutdownLeaderElection(141)) - e114cbd1-8f45-4cc5-a8b1-e2bd6cad48a0: shutdown e114cbd1-8f45-4cc5-a8b1-e2bd6cad48a0@group-23D9289878C2-LeaderElection35
2025-09-13 17:31:40,401 [e114cbd1-8f45-4cc5-a8b1-e2bd6cad48a0@group-23D9289878C2-LeaderElection35] INFO  impl.RoleInfo (RoleInfo.java:updateAndGet(148)) - e114cbd1-8f45-4cc5-a8b1-e2bd6cad48a0: start e114cbd1-8f45-4cc5-a8b1-e2bd6cad48a0@group-23D9289878C2-FollowerState
2025-09-13 17:31:40,837 [e114cbd1-8f45-4cc5-a8b1-e2bd6cad48a0@group-853F78DB4750-FollowerState] INFO  impl.FollowerState (FollowerState.java:runImpl(161)) - e114cbd1-8f45-4cc5-a8b1-e2bd6cad48a0@group-853F78DB4750-FollowerState: change to CANDIDATE, lastRpcElapsedTime:1105719430ns, electionTimeout:1105ms
2025-09-13 17:31:40,838 [e114cbd1-8f45-4cc5-a8b1-e2bd6cad48a0@group-853F78DB4750-FollowerState] INFO  impl.RoleInfo (RoleInfo.java:shutdownFollowerState(121)) - e114cbd1-8f45-4cc5-a8b1-e2bd6cad48a0: shutdown e114cbd1-8f45-4cc5-a8b1-e2bd6cad48a0@group-853F78DB4750-FollowerState
2025-09-13 17:31:40,838 [e114cbd1-8f45-4cc5-a8b1-e2bd6cad48a0@group-853F78DB4750-FollowerState] INFO  server.RaftServer$Division (RaftServerImpl.java:setRole(392)) - e114cbd1-8f45-4cc5-a8b1-e2bd6cad48a0@group-853F78DB4750: changes role from  FOLLOWER to CANDIDATE at term 1 for changeToCandidate
2025-09-13 17:31:40,838 [e114cbd1-8f45-4cc5-a8b1-e2bd6cad48a0@group-853F78DB4750-FollowerState] INFO  impl.RoleInfo (RoleInfo.java:updateAndGet(148)) - e114cbd1-8f45-4cc5-a8b1-e2bd6cad48a0: start e114cbd1-8f45-4cc5-a8b1-e2bd6cad48a0@group-853F78DB4750-LeaderElection36
2025-09-13 17:31:40,838 [e114cbd1-8f45-4cc5-a8b1-e2bd6cad48a0@group-853F78DB4750-LeaderElection36] INFO  impl.LeaderElection (LeaderElection.java:askForVotes(448)) - e114cbd1-8f45-4cc5-a8b1-e2bd6cad48a0@group-853F78DB4750-LeaderElection36 PRE_VOTE round 0: submit vote requests at term 1 for conf: {index: 0, cur=peers:[d3aade32-661d-499d-9068-ea1550ed8656|127.0.0.1:15055, beda0dcb-37da-4cca-bea2-e222cb1bc351|127.0.0.1:15039, e114cbd1-8f45-4cc5-a8b1-e2bd6cad48a0|127.0.0.1:15047]|listeners:[], old=null}
2025-09-13 17:31:40,839 [e114cbd1-8f45-4cc5-a8b1-e2bd6cad48a0@group-853F78DB4750-LeaderElection36] INFO  impl.LeaderElection (LogUtils.java:infoOrTrace(142)) - e114cbd1-8f45-4cc5-a8b1-e2bd6cad48a0@group-853F78DB4750-LeaderElection36 got exception when requesting votes: java.util.concurrent.ExecutionException: org.apache.ratis.thirdparty.io.grpc.StatusRuntimeException: UNAVAILABLE: io exception
2025-09-13 17:31:40,839 [e114cbd1-8f45-4cc5-a8b1-e2bd6cad48a0@group-853F78DB4750-LeaderElection36] INFO  impl.LeaderElection (LogUtils.java:infoOrTrace(142)) - e114cbd1-8f45-4cc5-a8b1-e2bd6cad48a0@group-853F78DB4750-LeaderElection36 got exception when requesting votes: java.util.concurrent.ExecutionException: org.apache.ratis.thirdparty.io.grpc.StatusRuntimeException: UNAVAILABLE: io exception
2025-09-13 17:31:40,839 [e114cbd1-8f45-4cc5-a8b1-e2bd6cad48a0@group-853F78DB4750-LeaderElection36] INFO  impl.LeaderElection (LeaderElection.java:logAndReturn(206)) - e114cbd1-8f45-4cc5-a8b1-e2bd6cad48a0@group-853F78DB4750-LeaderElection36: PRE_VOTE REJECTED received 0 response(s) and 2 exception(s):
2025-09-13 17:31:40,839 [e114cbd1-8f45-4cc5-a8b1-e2bd6cad48a0@group-853F78DB4750-LeaderElection36] INFO  impl.LeaderElection (LogUtils.java:infoOrTrace(142)) -   Exception 0: java.util.concurrent.ExecutionException: org.apache.ratis.thirdparty.io.grpc.StatusRuntimeException: UNAVAILABLE: io exception
2025-09-13 17:31:40,839 [e114cbd1-8f45-4cc5-a8b1-e2bd6cad48a0@group-853F78DB4750-LeaderElection36] INFO  impl.LeaderElection (LogUtils.java:infoOrTrace(142)) -   Exception 1: java.util.concurrent.ExecutionException: org.apache.ratis.thirdparty.io.grpc.StatusRuntimeException: UNAVAILABLE: io exception
2025-09-13 17:31:40,839 [e114cbd1-8f45-4cc5-a8b1-e2bd6cad48a0@group-853F78DB4750-LeaderElection36] INFO  impl.LeaderElection (LeaderElection.java:askForVotes(450)) - e114cbd1-8f45-4cc5-a8b1-e2bd6cad48a0@group-853F78DB4750-LeaderElection36 PRE_VOTE round 0: result REJECTED
2025-09-13 17:31:40,839 [e114cbd1-8f45-4cc5-a8b1-e2bd6cad48a0@group-853F78DB4750-LeaderElection36] INFO  server.RaftServer$Division (RaftServerImpl.java:setRole(392)) - e114cbd1-8f45-4cc5-a8b1-e2bd6cad48a0@group-853F78DB4750: changes role from CANDIDATE to FOLLOWER at term 1 for REJECTED
2025-09-13 17:31:40,839 [e114cbd1-8f45-4cc5-a8b1-e2bd6cad48a0@group-853F78DB4750-LeaderElection36] INFO  impl.RoleInfo (RoleInfo.java:shutdownLeaderElection(141)) - e114cbd1-8f45-4cc5-a8b1-e2bd6cad48a0: shutdown e114cbd1-8f45-4cc5-a8b1-e2bd6cad48a0@group-853F78DB4750-LeaderElection36
2025-09-13 17:31:40,839 [e114cbd1-8f45-4cc5-a8b1-e2bd6cad48a0@group-853F78DB4750-LeaderElection36] INFO  impl.RoleInfo (RoleInfo.java:updateAndGet(148)) - e114cbd1-8f45-4cc5-a8b1-e2bd6cad48a0: start e114cbd1-8f45-4cc5-a8b1-e2bd6cad48a0@group-853F78DB4750-FollowerState
2025-09-13 17:31:41,515 [e114cbd1-8f45-4cc5-a8b1-e2bd6cad48a0@group-23D9289878C2-FollowerState] INFO  impl.FollowerState (FollowerState.java:runImpl(161)) - e114cbd1-8f45-4cc5-a8b1-e2bd6cad48a0@group-23D9289878C2-FollowerState: change to CANDIDATE, lastRpcElapsedTime:1114388811ns, electionTimeout:1114ms
2025-09-13 17:31:41,515 [e114cbd1-8f45-4cc5-a8b1-e2bd6cad48a0@group-23D9289878C2-FollowerState] INFO  impl.RoleInfo (RoleInfo.java:shutdownFollowerState(121)) - e114cbd1-8f45-4cc5-a8b1-e2bd6cad48a0: shutdown e114cbd1-8f45-4cc5-a8b1-e2bd6cad48a0@group-23D9289878C2-FollowerState
2025-09-13 17:31:41,516 [e114cbd1-8f45-4cc5-a8b1-e2bd6cad48a0@group-23D9289878C2-FollowerState] INFO  server.RaftServer$Division (RaftServerImpl.java:setRole(392)) - e114cbd1-8f45-4cc5-a8b1-e2bd6cad48a0@group-23D9289878C2: changes role from  FOLLOWER to CANDIDATE at term 1 for changeToCandidate
2025-09-13 17:31:41,516 [e114cbd1-8f45-4cc5-a8b1-e2bd6cad48a0@group-23D9289878C2-FollowerState] INFO  impl.RoleInfo (RoleInfo.java:updateAndGet(148)) - e114cbd1-8f45-4cc5-a8b1-e2bd6cad48a0: start e114cbd1-8f45-4cc5-a8b1-e2bd6cad48a0@group-23D9289878C2-LeaderElection37
2025-09-13 17:31:41,516 [e114cbd1-8f45-4cc5-a8b1-e2bd6cad48a0@group-23D9289878C2-LeaderElection37] INFO  impl.LeaderElection (LeaderElection.java:askForVotes(448)) - e114cbd1-8f45-4cc5-a8b1-e2bd6cad48a0@group-23D9289878C2-LeaderElection37 PRE_VOTE round 0: submit vote requests at term 1 for conf: {index: 0, cur=peers:[d3aade32-661d-499d-9068-ea1550ed8656|127.0.0.1:15055, beda0dcb-37da-4cca-bea2-e222cb1bc351|127.0.0.1:15039, e114cbd1-8f45-4cc5-a8b1-e2bd6cad48a0|127.0.0.1:15047]|listeners:[], old=null}
2025-09-13 17:31:41,517 [e114cbd1-8f45-4cc5-a8b1-e2bd6cad48a0@group-23D9289878C2-LeaderElection37] INFO  impl.LeaderElection (LogUtils.java:infoOrTrace(142)) - e114cbd1-8f45-4cc5-a8b1-e2bd6cad48a0@group-23D9289878C2-LeaderElection37 got exception when requesting votes: java.util.concurrent.ExecutionException: org.apache.ratis.thirdparty.io.grpc.StatusRuntimeException: UNAVAILABLE: io exception
2025-09-13 17:31:41,517 [e114cbd1-8f45-4cc5-a8b1-e2bd6cad48a0@group-23D9289878C2-LeaderElection37] INFO  impl.LeaderElection (LogUtils.java:infoOrTrace(142)) - e114cbd1-8f45-4cc5-a8b1-e2bd6cad48a0@group-23D9289878C2-LeaderElection37 got exception when requesting votes: java.util.concurrent.ExecutionException: org.apache.ratis.thirdparty.io.grpc.StatusRuntimeException: UNAVAILABLE: io exception
2025-09-13 17:31:41,517 [e114cbd1-8f45-4cc5-a8b1-e2bd6cad48a0@group-23D9289878C2-LeaderElection37] INFO  impl.LeaderElection (LeaderElection.java:logAndReturn(206)) - e114cbd1-8f45-4cc5-a8b1-e2bd6cad48a0@group-23D9289878C2-LeaderElection37: PRE_VOTE REJECTED received 0 response(s) and 2 exception(s):
2025-09-13 17:31:41,517 [e114cbd1-8f45-4cc5-a8b1-e2bd6cad48a0@group-23D9289878C2-LeaderElection37] INFO  impl.LeaderElection (LogUtils.java:infoOrTrace(142)) -   Exception 0: java.util.concurrent.ExecutionException: org.apache.ratis.thirdparty.io.grpc.StatusRuntimeException: UNAVAILABLE: io exception
2025-09-13 17:31:41,517 [e114cbd1-8f45-4cc5-a8b1-e2bd6cad48a0@group-23D9289878C2-LeaderElection37] INFO  impl.LeaderElection (LogUtils.java:infoOrTrace(142)) -   Exception 1: java.util.concurrent.ExecutionException: org.apache.ratis.thirdparty.io.grpc.StatusRuntimeException: UNAVAILABLE: io exception
2025-09-13 17:31:41,517 [e114cbd1-8f45-4cc5-a8b1-e2bd6cad48a0@group-23D9289878C2-LeaderElection37] INFO  impl.LeaderElection (LeaderElection.java:askForVotes(450)) - e114cbd1-8f45-4cc5-a8b1-e2bd6cad48a0@group-23D9289878C2-LeaderElection37 PRE_VOTE round 0: result REJECTED
2025-09-13 17:31:41,517 [e114cbd1-8f45-4cc5-a8b1-e2bd6cad48a0@group-23D9289878C2-LeaderElection37] INFO  server.RaftServer$Division (RaftServerImpl.java:setRole(392)) - e114cbd1-8f45-4cc5-a8b1-e2bd6cad48a0@group-23D9289878C2: changes role from CANDIDATE to FOLLOWER at term 1 for REJECTED
2025-09-13 17:31:41,517 [e114cbd1-8f45-4cc5-a8b1-e2bd6cad48a0@group-23D9289878C2-LeaderElection37] INFO  impl.RoleInfo (RoleInfo.java:shutdownLeaderElection(141)) - e114cbd1-8f45-4cc5-a8b1-e2bd6cad48a0: shutdown e114cbd1-8f45-4cc5-a8b1-e2bd6cad48a0@group-23D9289878C2-LeaderElection37
2025-09-13 17:31:41,517 [e114cbd1-8f45-4cc5-a8b1-e2bd6cad48a0@group-23D9289878C2-LeaderElection37] INFO  impl.RoleInfo (RoleInfo.java:updateAndGet(148)) - e114cbd1-8f45-4cc5-a8b1-e2bd6cad48a0: start e114cbd1-8f45-4cc5-a8b1-e2bd6cad48a0@group-23D9289878C2-FollowerState
2025-09-13 17:31:41,880 [e114cbd1-8f45-4cc5-a8b1-e2bd6cad48a0@group-853F78DB4750-FollowerState] INFO  impl.FollowerState (FollowerState.java:runImpl(161)) - e114cbd1-8f45-4cc5-a8b1-e2bd6cad48a0@group-853F78DB4750-FollowerState: change to CANDIDATE, lastRpcElapsedTime:1040307679ns, electionTimeout:1040ms
2025-09-13 17:31:41,880 [e114cbd1-8f45-4cc5-a8b1-e2bd6cad48a0@group-853F78DB4750-FollowerState] INFO  impl.RoleInfo (RoleInfo.java:shutdownFollowerState(121)) - e114cbd1-8f45-4cc5-a8b1-e2bd6cad48a0: shutdown e114cbd1-8f45-4cc5-a8b1-e2bd6cad48a0@group-853F78DB4750-FollowerState
2025-09-13 17:31:41,880 [e114cbd1-8f45-4cc5-a8b1-e2bd6cad48a0@group-853F78DB4750-FollowerState] INFO  server.RaftServer$Division (RaftServerImpl.java:setRole(392)) - e114cbd1-8f45-4cc5-a8b1-e2bd6cad48a0@group-853F78DB4750: changes role from  FOLLOWER to CANDIDATE at term 1 for changeToCandidate
2025-09-13 17:31:41,880 [e114cbd1-8f45-4cc5-a8b1-e2bd6cad48a0@group-853F78DB4750-FollowerState] INFO  impl.RoleInfo (RoleInfo.java:updateAndGet(148)) - e114cbd1-8f45-4cc5-a8b1-e2bd6cad48a0: start e114cbd1-8f45-4cc5-a8b1-e2bd6cad48a0@group-853F78DB4750-LeaderElection38
2025-09-13 17:31:41,880 [e114cbd1-8f45-4cc5-a8b1-e2bd6cad48a0@group-853F78DB4750-LeaderElection38] INFO  impl.LeaderElection (LeaderElection.java:askForVotes(448)) - e114cbd1-8f45-4cc5-a8b1-e2bd6cad48a0@group-853F78DB4750-LeaderElection38 PRE_VOTE round 0: submit vote requests at term 1 for conf: {index: 0, cur=peers:[d3aade32-661d-499d-9068-ea1550ed8656|127.0.0.1:15055, beda0dcb-37da-4cca-bea2-e222cb1bc351|127.0.0.1:15039, e114cbd1-8f45-4cc5-a8b1-e2bd6cad48a0|127.0.0.1:15047]|listeners:[], old=null}
2025-09-13 17:31:41,881 [e114cbd1-8f45-4cc5-a8b1-e2bd6cad48a0@group-853F78DB4750-LeaderElection38] INFO  impl.LeaderElection (LogUtils.java:infoOrTrace(142)) - e114cbd1-8f45-4cc5-a8b1-e2bd6cad48a0@group-853F78DB4750-LeaderElection38 got exception when requesting votes: java.util.concurrent.ExecutionException: org.apache.ratis.thirdparty.io.grpc.StatusRuntimeException: UNAVAILABLE: io exception
2025-09-13 17:31:41,881 [e114cbd1-8f45-4cc5-a8b1-e2bd6cad48a0@group-853F78DB4750-LeaderElection38] INFO  impl.LeaderElection (LogUtils.java:infoOrTrace(142)) - e114cbd1-8f45-4cc5-a8b1-e2bd6cad48a0@group-853F78DB4750-LeaderElection38 got exception when requesting votes: java.util.concurrent.ExecutionException: org.apache.ratis.thirdparty.io.grpc.StatusRuntimeException: UNAVAILABLE: io exception
2025-09-13 17:31:41,881 [e114cbd1-8f45-4cc5-a8b1-e2bd6cad48a0@group-853F78DB4750-LeaderElection38] INFO  impl.LeaderElection (LeaderElection.java:logAndReturn(206)) - e114cbd1-8f45-4cc5-a8b1-e2bd6cad48a0@group-853F78DB4750-LeaderElection38: PRE_VOTE REJECTED received 0 response(s) and 2 exception(s):
2025-09-13 17:31:41,881 [e114cbd1-8f45-4cc5-a8b1-e2bd6cad48a0@group-853F78DB4750-LeaderElection38] INFO  impl.LeaderElection (LogUtils.java:infoOrTrace(142)) -   Exception 0: java.util.concurrent.ExecutionException: org.apache.ratis.thirdparty.io.grpc.StatusRuntimeException: UNAVAILABLE: io exception
2025-09-13 17:31:41,881 [e114cbd1-8f45-4cc5-a8b1-e2bd6cad48a0@group-853F78DB4750-LeaderElection38] INFO  impl.LeaderElection (LogUtils.java:infoOrTrace(142)) -   Exception 1: java.util.concurrent.ExecutionException: org.apache.ratis.thirdparty.io.grpc.StatusRuntimeException: UNAVAILABLE: io exception
2025-09-13 17:31:41,881 [e114cbd1-8f45-4cc5-a8b1-e2bd6cad48a0@group-853F78DB4750-LeaderElection38] INFO  impl.LeaderElection (LeaderElection.java:askForVotes(450)) - e114cbd1-8f45-4cc5-a8b1-e2bd6cad48a0@group-853F78DB4750-LeaderElection38 PRE_VOTE round 0: result REJECTED
2025-09-13 17:31:41,881 [e114cbd1-8f45-4cc5-a8b1-e2bd6cad48a0@group-853F78DB4750-LeaderElection38] INFO  server.RaftServer$Division (RaftServerImpl.java:setRole(392)) - e114cbd1-8f45-4cc5-a8b1-e2bd6cad48a0@group-853F78DB4750: changes role from CANDIDATE to FOLLOWER at term 1 for REJECTED
2025-09-13 17:31:41,881 [e114cbd1-8f45-4cc5-a8b1-e2bd6cad48a0@group-853F78DB4750-LeaderElection38] INFO  impl.RoleInfo (RoleInfo.java:shutdownLeaderElection(141)) - e114cbd1-8f45-4cc5-a8b1-e2bd6cad48a0: shutdown e114cbd1-8f45-4cc5-a8b1-e2bd6cad48a0@group-853F78DB4750-LeaderElection38
2025-09-13 17:31:41,881 [e114cbd1-8f45-4cc5-a8b1-e2bd6cad48a0@group-853F78DB4750-LeaderElection38] INFO  impl.RoleInfo (RoleInfo.java:updateAndGet(148)) - e114cbd1-8f45-4cc5-a8b1-e2bd6cad48a0: start e114cbd1-8f45-4cc5-a8b1-e2bd6cad48a0@group-853F78DB4750-FollowerState
2025-09-13 17:31:42,590 [e114cbd1-8f45-4cc5-a8b1-e2bd6cad48a0@group-23D9289878C2-FollowerState] INFO  impl.FollowerState (FollowerState.java:runImpl(161)) - e114cbd1-8f45-4cc5-a8b1-e2bd6cad48a0@group-23D9289878C2-FollowerState: change to CANDIDATE, lastRpcElapsedTime:1072328271ns, electionTimeout:1072ms
2025-09-13 17:31:42,590 [e114cbd1-8f45-4cc5-a8b1-e2bd6cad48a0@group-23D9289878C2-FollowerState] INFO  impl.RoleInfo (RoleInfo.java:shutdownFollowerState(121)) - e114cbd1-8f45-4cc5-a8b1-e2bd6cad48a0: shutdown e114cbd1-8f45-4cc5-a8b1-e2bd6cad48a0@group-23D9289878C2-FollowerState
2025-09-13 17:31:42,590 [e114cbd1-8f45-4cc5-a8b1-e2bd6cad48a0@group-23D9289878C2-FollowerState] INFO  server.RaftServer$Division (RaftServerImpl.java:setRole(392)) - e114cbd1-8f45-4cc5-a8b1-e2bd6cad48a0@group-23D9289878C2: changes role from  FOLLOWER to CANDIDATE at term 1 for changeToCandidate
2025-09-13 17:31:42,590 [e114cbd1-8f45-4cc5-a8b1-e2bd6cad48a0@group-23D9289878C2-FollowerState] INFO  impl.RoleInfo (RoleInfo.java:updateAndGet(148)) - e114cbd1-8f45-4cc5-a8b1-e2bd6cad48a0: start e114cbd1-8f45-4cc5-a8b1-e2bd6cad48a0@group-23D9289878C2-LeaderElection39
2025-09-13 17:31:42,590 [e114cbd1-8f45-4cc5-a8b1-e2bd6cad48a0@group-23D9289878C2-LeaderElection39] INFO  impl.LeaderElection (LeaderElection.java:askForVotes(448)) - e114cbd1-8f45-4cc5-a8b1-e2bd6cad48a0@group-23D9289878C2-LeaderElection39 PRE_VOTE round 0: submit vote requests at term 1 for conf: {index: 0, cur=peers:[d3aade32-661d-499d-9068-ea1550ed8656|127.0.0.1:15055, beda0dcb-37da-4cca-bea2-e222cb1bc351|127.0.0.1:15039, e114cbd1-8f45-4cc5-a8b1-e2bd6cad48a0|127.0.0.1:15047]|listeners:[], old=null}
2025-09-13 17:31:42,591 [e114cbd1-8f45-4cc5-a8b1-e2bd6cad48a0@group-23D9289878C2-LeaderElection39] INFO  impl.LeaderElection (LogUtils.java:infoOrTrace(142)) - e114cbd1-8f45-4cc5-a8b1-e2bd6cad48a0@group-23D9289878C2-LeaderElection39 got exception when requesting votes: java.util.concurrent.ExecutionException: org.apache.ratis.thirdparty.io.grpc.StatusRuntimeException: UNAVAILABLE: io exception
2025-09-13 17:31:42,591 [e114cbd1-8f45-4cc5-a8b1-e2bd6cad48a0@group-23D9289878C2-LeaderElection39] INFO  impl.LeaderElection (LogUtils.java:infoOrTrace(142)) - e114cbd1-8f45-4cc5-a8b1-e2bd6cad48a0@group-23D9289878C2-LeaderElection39 got exception when requesting votes: java.util.concurrent.ExecutionException: org.apache.ratis.thirdparty.io.grpc.StatusRuntimeException: UNAVAILABLE: io exception
2025-09-13 17:31:42,591 [e114cbd1-8f45-4cc5-a8b1-e2bd6cad48a0@group-23D9289878C2-LeaderElection39] INFO  impl.LeaderElection (LeaderElection.java:logAndReturn(206)) - e114cbd1-8f45-4cc5-a8b1-e2bd6cad48a0@group-23D9289878C2-LeaderElection39: PRE_VOTE REJECTED received 0 response(s) and 2 exception(s):
2025-09-13 17:31:42,591 [e114cbd1-8f45-4cc5-a8b1-e2bd6cad48a0@group-23D9289878C2-LeaderElection39] INFO  impl.LeaderElection (LogUtils.java:infoOrTrace(142)) -   Exception 0: java.util.concurrent.ExecutionException: org.apache.ratis.thirdparty.io.grpc.StatusRuntimeException: UNAVAILABLE: io exception
2025-09-13 17:31:42,591 [e114cbd1-8f45-4cc5-a8b1-e2bd6cad48a0@group-23D9289878C2-LeaderElection39] INFO  impl.LeaderElection (LogUtils.java:infoOrTrace(142)) -   Exception 1: java.util.concurrent.ExecutionException: org.apache.ratis.thirdparty.io.grpc.StatusRuntimeException: UNAVAILABLE: io exception
2025-09-13 17:31:42,591 [e114cbd1-8f45-4cc5-a8b1-e2bd6cad48a0@group-23D9289878C2-LeaderElection39] INFO  impl.LeaderElection (LeaderElection.java:askForVotes(450)) - e114cbd1-8f45-4cc5-a8b1-e2bd6cad48a0@group-23D9289878C2-LeaderElection39 PRE_VOTE round 0: result REJECTED
2025-09-13 17:31:42,591 [e114cbd1-8f45-4cc5-a8b1-e2bd6cad48a0@group-23D9289878C2-LeaderElection39] INFO  server.RaftServer$Division (RaftServerImpl.java:setRole(392)) - e114cbd1-8f45-4cc5-a8b1-e2bd6cad48a0@group-23D9289878C2: changes role from CANDIDATE to FOLLOWER at term 1 for REJECTED
2025-09-13 17:31:42,591 [e114cbd1-8f45-4cc5-a8b1-e2bd6cad48a0@group-23D9289878C2-LeaderElection39] INFO  impl.RoleInfo (RoleInfo.java:shutdownLeaderElection(141)) - e114cbd1-8f45-4cc5-a8b1-e2bd6cad48a0: shutdown e114cbd1-8f45-4cc5-a8b1-e2bd6cad48a0@group-23D9289878C2-LeaderElection39
2025-09-13 17:31:42,591 [e114cbd1-8f45-4cc5-a8b1-e2bd6cad48a0@group-23D9289878C2-LeaderElection39] INFO  impl.RoleInfo (RoleInfo.java:updateAndGet(148)) - e114cbd1-8f45-4cc5-a8b1-e2bd6cad48a0: start e114cbd1-8f45-4cc5-a8b1-e2bd6cad48a0@group-23D9289878C2-FollowerState
2025-09-13 17:31:42,927 [e114cbd1-8f45-4cc5-a8b1-e2bd6cad48a0@group-853F78DB4750-FollowerState] INFO  impl.FollowerState (FollowerState.java:runImpl(161)) - e114cbd1-8f45-4cc5-a8b1-e2bd6cad48a0@group-853F78DB4750-FollowerState: change to CANDIDATE, lastRpcElapsedTime:1045380027ns, electionTimeout:1045ms
2025-09-13 17:31:42,927 [e114cbd1-8f45-4cc5-a8b1-e2bd6cad48a0@group-853F78DB4750-FollowerState] INFO  impl.RoleInfo (RoleInfo.java:shutdownFollowerState(121)) - e114cbd1-8f45-4cc5-a8b1-e2bd6cad48a0: shutdown e114cbd1-8f45-4cc5-a8b1-e2bd6cad48a0@group-853F78DB4750-FollowerState
2025-09-13 17:31:42,927 [e114cbd1-8f45-4cc5-a8b1-e2bd6cad48a0@group-853F78DB4750-FollowerState] INFO  server.RaftServer$Division (RaftServerImpl.java:setRole(392)) - e114cbd1-8f45-4cc5-a8b1-e2bd6cad48a0@group-853F78DB4750: changes role from  FOLLOWER to CANDIDATE at term 1 for changeToCandidate
2025-09-13 17:31:42,927 [e114cbd1-8f45-4cc5-a8b1-e2bd6cad48a0@group-853F78DB4750-FollowerState] INFO  impl.RoleInfo (RoleInfo.java:updateAndGet(148)) - e114cbd1-8f45-4cc5-a8b1-e2bd6cad48a0: start e114cbd1-8f45-4cc5-a8b1-e2bd6cad48a0@group-853F78DB4750-LeaderElection40
2025-09-13 17:31:42,927 [e114cbd1-8f45-4cc5-a8b1-e2bd6cad48a0@group-853F78DB4750-LeaderElection40] INFO  impl.LeaderElection (LeaderElection.java:askForVotes(448)) - e114cbd1-8f45-4cc5-a8b1-e2bd6cad48a0@group-853F78DB4750-LeaderElection40 PRE_VOTE round 0: submit vote requests at term 1 for conf: {index: 0, cur=peers:[d3aade32-661d-499d-9068-ea1550ed8656|127.0.0.1:15055, beda0dcb-37da-4cca-bea2-e222cb1bc351|127.0.0.1:15039, e114cbd1-8f45-4cc5-a8b1-e2bd6cad48a0|127.0.0.1:15047]|listeners:[], old=null}
2025-09-13 17:31:42,928 [e114cbd1-8f45-4cc5-a8b1-e2bd6cad48a0@group-853F78DB4750-LeaderElection40] INFO  impl.LeaderElection (LogUtils.java:infoOrTrace(142)) - e114cbd1-8f45-4cc5-a8b1-e2bd6cad48a0@group-853F78DB4750-LeaderElection40 got exception when requesting votes: java.util.concurrent.ExecutionException: org.apache.ratis.thirdparty.io.grpc.StatusRuntimeException: UNAVAILABLE: io exception
2025-09-13 17:31:42,928 [e114cbd1-8f45-4cc5-a8b1-e2bd6cad48a0@group-853F78DB4750-LeaderElection40] INFO  impl.LeaderElection (LogUtils.java:infoOrTrace(142)) - e114cbd1-8f45-4cc5-a8b1-e2bd6cad48a0@group-853F78DB4750-LeaderElection40 got exception when requesting votes: java.util.concurrent.ExecutionException: org.apache.ratis.thirdparty.io.grpc.StatusRuntimeException: UNAVAILABLE: io exception
2025-09-13 17:31:42,928 [e114cbd1-8f45-4cc5-a8b1-e2bd6cad48a0@group-853F78DB4750-LeaderElection40] INFO  impl.LeaderElection (LeaderElection.java:logAndReturn(206)) - e114cbd1-8f45-4cc5-a8b1-e2bd6cad48a0@group-853F78DB4750-LeaderElection40: PRE_VOTE REJECTED received 0 response(s) and 2 exception(s):
2025-09-13 17:31:42,928 [e114cbd1-8f45-4cc5-a8b1-e2bd6cad48a0@group-853F78DB4750-LeaderElection40] INFO  impl.LeaderElection (LogUtils.java:infoOrTrace(142)) -   Exception 0: java.util.concurrent.ExecutionException: org.apache.ratis.thirdparty.io.grpc.StatusRuntimeException: UNAVAILABLE: io exception
2025-09-13 17:31:42,928 [e114cbd1-8f45-4cc5-a8b1-e2bd6cad48a0@group-853F78DB4750-LeaderElection40] INFO  impl.LeaderElection (LogUtils.java:infoOrTrace(142)) -   Exception 1: java.util.concurrent.ExecutionException: org.apache.ratis.thirdparty.io.grpc.StatusRuntimeException: UNAVAILABLE: io exception
2025-09-13 17:31:42,928 [e114cbd1-8f45-4cc5-a8b1-e2bd6cad48a0@group-853F78DB4750-LeaderElection40] INFO  impl.LeaderElection (LeaderElection.java:askForVotes(450)) - e114cbd1-8f45-4cc5-a8b1-e2bd6cad48a0@group-853F78DB4750-LeaderElection40 PRE_VOTE round 0: result REJECTED
2025-09-13 17:31:42,928 [e114cbd1-8f45-4cc5-a8b1-e2bd6cad48a0@group-853F78DB4750-LeaderElection40] INFO  server.RaftServer$Division (RaftServerImpl.java:setRole(392)) - e114cbd1-8f45-4cc5-a8b1-e2bd6cad48a0@group-853F78DB4750: changes role from CANDIDATE to FOLLOWER at term 1 for REJECTED
2025-09-13 17:31:42,929 [e114cbd1-8f45-4cc5-a8b1-e2bd6cad48a0@group-853F78DB4750-LeaderElection40] INFO  impl.RoleInfo (RoleInfo.java:shutdownLeaderElection(141)) - e114cbd1-8f45-4cc5-a8b1-e2bd6cad48a0: shutdown e114cbd1-8f45-4cc5-a8b1-e2bd6cad48a0@group-853F78DB4750-LeaderElection40
2025-09-13 17:31:42,929 [e114cbd1-8f45-4cc5-a8b1-e2bd6cad48a0@group-853F78DB4750-LeaderElection40] INFO  impl.RoleInfo (RoleInfo.java:updateAndGet(148)) - e114cbd1-8f45-4cc5-a8b1-e2bd6cad48a0: start e114cbd1-8f45-4cc5-a8b1-e2bd6cad48a0@group-853F78DB4750-FollowerState
2025-09-13 17:31:43,594 [grpc-default-executor-3] ERROR impl.OrderedAsync (OrderedAsync.java:lambda$null$6(215)) -  client-BBD0EFB882BC: Failed* RaftClientRequest:client-BBD0EFB882BC->d3aade32-661d-499d-9068-ea1550ed8656@group-23D9289878C2, cid=22, seq=4*, RW, cmdType: WriteChunk
traceID: ""
containerID: 1
datanodeUuid: "d3aade32-661d-499d-9068-ea1550ed8656"
writeChunk {
  blockID {
    containerID: 1
    localID: 115816896921600001
    blockCommitSequenceId: 2
    replicaIndex: 0
  }
  chunkData {
    chunkName: "115816896921600001_chunk_2"
    offset: 1048576
    len: 1048576
    checksumData {
      type: CRC32
      bytesPerChecksum: 16384
      checksums: "\326\360U\321"
      checksums: "\326\360U\321"
      checksums: "\326\360U\321"
      checksums: "\326\360U\321"
      checksums: "\326\360U\321"
      checksums: "\326\360U\321"
      checksums: "\326\360U\321"
      checksums: "\326\360U\321"
      checksums: "\326\360U\321"
      checksums: "\326\360U\321"
      checksums: "\326\360U\321"
      checksums: "\326\360U\321"
      checksums: "\326\360U\321"
      checksums: "\326\360U\321"
      checksums: "\326\360U\321"
      checksums: "\326\360U\321"
      checksums: "\326\360U\321"
      checksums: "\326\360U\321"
      checksums: "\326\360U\321"
      checksums: "\326\360U\321"
      checksums: "\326\360U\321"
      checksums: "\326\360U\321"
      checksums: "\326\360U\321"
      checksums: "\326\360U\321"
      checksums: "\326\360U\321"
      checksums: "\326\360U\321"
      checksums: "\326\360U\321"
      checksums: "\326\360U\321"
      checksums: "\326\360U\321"
      checksums: "\326\360U\321"
      checksums: "\326\360U\321"
      checksums: "\326\360U\321"
      checksums: "\326\360U\321"
      checksums: "\326\360U\321"
      checksums: "\326\360U\321"
      checksums: "\326\360U\321"
      checksums: "\326\360U\321"
      checksums: "\326\360U\321"
      checksums: "\326\360U\321"
      checksums: "\326\360U\321"
      checksums: "\326\360U\321"
      checksums: "\326\360U\321"
      checksums: "\326\360U\321"
      checksums: "\326\360U\321"
      checksums: "\326\360U\321"
      checksums: "\326\360U\321"
      checksums: "\326\360U\321"
      checksums: "\326\360U\321"
      checksums: "\326\360U\321"
      checksums: "\326\360U\321"
      checksums: "\326\360U\321"
      checksums: "\326\360U\321"
      checksums: "\326\360U\321"
      checksums: "\326\360U\321"
      checksums: "\326\360U\321"
      checksums: "\326\360U\321"
      checksums: "\326\360U\321"
      checksums: "\326\360U\321"
      checksums: "\326\360U\321"
      checksums: "\326\360U\321"
      checksums: "\326\360U\321"
      checksums: "\326\360U\321"
      checksums: "\326\360U\321"
      checksums: "\277r/p"
    }
  }
}
version: 3
, data.size=1048576
java.util.concurrent.CompletionException: java.io.IOException: org.apache.ratis.thirdparty.io.grpc.StatusRuntimeException: UNAVAILABLE: io exception
	at java.base/java.util.concurrent.CompletableFuture.encodeThrowable(CompletableFuture.java:332)
	at java.base/java.util.concurrent.CompletableFuture.completeThrowable(CompletableFuture.java:347)
	at java.base/java.util.concurrent.CompletableFuture$UniAccept.tryFire(CompletableFuture.java:708)
	at java.base/java.util.concurrent.CompletableFuture.postComplete(CompletableFuture.java:510)
	at java.base/java.util.concurrent.CompletableFuture.completeExceptionally(CompletableFuture.java:2194)
	at org.apache.ratis.grpc.client.GrpcClientProtocolClient$AsyncStreamObservers.completeReplyExceptionally(GrpcClientProtocolClient.java:397)
	at org.apache.ratis.grpc.client.GrpcClientProtocolClient$AsyncStreamObservers.access$000(GrpcClientProtocolClient.java:303)
	at org.apache.ratis.grpc.client.GrpcClientProtocolClient$AsyncStreamObservers$1.onError(GrpcClientProtocolClient.java:334)
	at org.apache.ratis.thirdparty.io.grpc.stub.ClientCalls$StreamObserverToCallListenerAdapter.onClose(ClientCalls.java:564)
	at org.apache.ratis.thirdparty.io.grpc.PartialForwardingClientCallListener.onClose(PartialForwardingClientCallListener.java:39)
	at org.apache.ratis.thirdparty.io.grpc.ForwardingClientCallListener.onClose(ForwardingClientCallListener.java:23)
	at org.apache.ratis.grpc.metrics.intercept.client.MetricClientCallListener.onClose(MetricClientCallListener.java:47)
	at org.apache.ratis.thirdparty.io.grpc.internal.DelayedClientCall$DelayedListener$3.run(DelayedClientCall.java:489)
	at org.apache.ratis.thirdparty.io.grpc.internal.DelayedClientCall$DelayedListener.delayOrExecute(DelayedClientCall.java:453)
	at org.apache.ratis.thirdparty.io.grpc.internal.DelayedClientCall$DelayedListener.onClose(DelayedClientCall.java:486)
	at org.apache.ratis.thirdparty.io.grpc.internal.ClientCallImpl.closeObserver(ClientCallImpl.java:565)
	at org.apache.ratis.thirdparty.io.grpc.internal.ClientCallImpl.access$100(ClientCallImpl.java:72)
	at org.apache.ratis.thirdparty.io.grpc.internal.ClientCallImpl$ClientStreamListenerImpl$1StreamClosed.runInternal(ClientCallImpl.java:733)
	at org.apache.ratis.thirdparty.io.grpc.internal.ClientCallImpl$ClientStreamListenerImpl$1StreamClosed.runInContext(ClientCallImpl.java:714)
	at org.apache.ratis.thirdparty.io.grpc.internal.ContextRunnable.run(ContextRunnable.java:37)
	at org.apache.ratis.thirdparty.io.grpc.internal.SerializingExecutor.run(SerializingExecutor.java:133)
	at java.base/java.util.concurrent.ThreadPoolExecutor.runWorker(ThreadPoolExecutor.java:1144)
	at java.base/java.util.concurrent.ThreadPoolExecutor$Worker.run(ThreadPoolExecutor.java:642)
	at java.base/java.lang.Thread.run(Thread.java:1583)
Caused by: java.io.IOException: org.apache.ratis.thirdparty.io.grpc.StatusRuntimeException: UNAVAILABLE: io exception
	at org.apache.ratis.grpc.GrpcUtil.unwrapException(GrpcUtil.java:99)
	at org.apache.ratis.grpc.GrpcUtil.unwrapIOException(GrpcUtil.java:159)
	at org.apache.ratis.grpc.client.GrpcClientProtocolClient$AsyncStreamObservers$1.onError(GrpcClientProtocolClient.java:333)
	... 16 more
Caused by: org.apache.ratis.thirdparty.io.grpc.StatusRuntimeException: UNAVAILABLE: io exception
	at org.apache.ratis.thirdparty.io.grpc.Status.asRuntimeException(Status.java:532)
	... 16 more
Caused by: org.apache.ratis.thirdparty.io.netty.channel.AbstractChannel$AnnotatedConnectException: finishConnect(..) failed: Connection refused: /127.0.0.1:15053
Caused by: java.net.ConnectException: finishConnect(..) failed: Connection refused
	at org.apache.ratis.thirdparty.io.netty.channel.unix.Errors.newConnectException0(Errors.java:166)
	at org.apache.ratis.thirdparty.io.netty.channel.unix.Errors.handleConnectErrno(Errors.java:131)
	at org.apache.ratis.thirdparty.io.netty.channel.unix.Socket.finishConnect(Socket.java:359)
	at org.apache.ratis.thirdparty.io.netty.channel.epoll.AbstractEpollChannel$AbstractEpollUnsafe.doFinishConnect(AbstractEpollChannel.java:715)
	at org.apache.ratis.thirdparty.io.netty.channel.epoll.AbstractEpollChannel$AbstractEpollUnsafe.finishConnect(AbstractEpollChannel.java:692)
	at org.apache.ratis.thirdparty.io.netty.channel.epoll.AbstractEpollChannel$AbstractEpollUnsafe.epollOutReady(AbstractEpollChannel.java:567)
	at org.apache.ratis.thirdparty.io.netty.channel.epoll.EpollEventLoop.processReady(EpollEventLoop.java:491)
	at org.apache.ratis.thirdparty.io.netty.channel.epoll.EpollEventLoop.run(EpollEventLoop.java:399)
	at org.apache.ratis.thirdparty.io.netty.util.concurrent.SingleThreadEventExecutor$4.run(SingleThreadEventExecutor.java:998)
	at org.apache.ratis.thirdparty.io.netty.util.internal.ThreadExecutorMap$2.run(ThreadExecutorMap.java:74)
	at org.apache.ratis.thirdparty.io.netty.util.concurrent.FastThreadLocalRunnable.run(FastThreadLocalRunnable.java:30)
	at java.base/java.lang.Thread.run(Thread.java:1583)
2025-09-13 17:31:43,727 [e114cbd1-8f45-4cc5-a8b1-e2bd6cad48a0@group-23D9289878C2-FollowerState] INFO  impl.FollowerState (FollowerState.java:runImpl(161)) - e114cbd1-8f45-4cc5-a8b1-e2bd6cad48a0@group-23D9289878C2-FollowerState: change to CANDIDATE, lastRpcElapsedTime:1135263298ns, electionTimeout:1135ms
2025-09-13 17:31:43,727 [e114cbd1-8f45-4cc5-a8b1-e2bd6cad48a0@group-23D9289878C2-FollowerState] INFO  impl.RoleInfo (RoleInfo.java:shutdownFollowerState(121)) - e114cbd1-8f45-4cc5-a8b1-e2bd6cad48a0: shutdown e114cbd1-8f45-4cc5-a8b1-e2bd6cad48a0@group-23D9289878C2-FollowerState
2025-09-13 17:31:43,727 [e114cbd1-8f45-4cc5-a8b1-e2bd6cad48a0@group-23D9289878C2-FollowerState] INFO  server.RaftServer$Division (RaftServerImpl.java:setRole(392)) - e114cbd1-8f45-4cc5-a8b1-e2bd6cad48a0@group-23D9289878C2: changes role from  FOLLOWER to CANDIDATE at term 1 for changeToCandidate
2025-09-13 17:31:43,727 [e114cbd1-8f45-4cc5-a8b1-e2bd6cad48a0@group-23D9289878C2-FollowerState] INFO  impl.RoleInfo (RoleInfo.java:updateAndGet(148)) - e114cbd1-8f45-4cc5-a8b1-e2bd6cad48a0: start e114cbd1-8f45-4cc5-a8b1-e2bd6cad48a0@group-23D9289878C2-LeaderElection41
2025-09-13 17:31:43,727 [e114cbd1-8f45-4cc5-a8b1-e2bd6cad48a0@group-23D9289878C2-LeaderElection41] INFO  impl.LeaderElection (LeaderElection.java:askForVotes(448)) - e114cbd1-8f45-4cc5-a8b1-e2bd6cad48a0@group-23D9289878C2-LeaderElection41 PRE_VOTE round 0: submit vote requests at term 1 for conf: {index: 0, cur=peers:[d3aade32-661d-499d-9068-ea1550ed8656|127.0.0.1:15055, beda0dcb-37da-4cca-bea2-e222cb1bc351|127.0.0.1:15039, e114cbd1-8f45-4cc5-a8b1-e2bd6cad48a0|127.0.0.1:15047]|listeners:[], old=null}
2025-09-13 17:31:43,728 [e114cbd1-8f45-4cc5-a8b1-e2bd6cad48a0@group-23D9289878C2-LeaderElection41] INFO  impl.LeaderElection (LogUtils.java:infoOrTrace(142)) - e114cbd1-8f45-4cc5-a8b1-e2bd6cad48a0@group-23D9289878C2-LeaderElection41 got exception when requesting votes: java.util.concurrent.ExecutionException: org.apache.ratis.thirdparty.io.grpc.StatusRuntimeException: UNAVAILABLE: io exception
2025-09-13 17:31:43,728 [e114cbd1-8f45-4cc5-a8b1-e2bd6cad48a0@group-23D9289878C2-LeaderElection41] INFO  impl.LeaderElection (LogUtils.java:infoOrTrace(142)) - e114cbd1-8f45-4cc5-a8b1-e2bd6cad48a0@group-23D9289878C2-LeaderElection41 got exception when requesting votes: java.util.concurrent.ExecutionException: org.apache.ratis.thirdparty.io.grpc.StatusRuntimeException: UNAVAILABLE: io exception
2025-09-13 17:31:43,728 [e114cbd1-8f45-4cc5-a8b1-e2bd6cad48a0@group-23D9289878C2-LeaderElection41] INFO  impl.LeaderElection (LeaderElection.java:logAndReturn(206)) - e114cbd1-8f45-4cc5-a8b1-e2bd6cad48a0@group-23D9289878C2-LeaderElection41: PRE_VOTE REJECTED received 0 response(s) and 2 exception(s):
2025-09-13 17:31:43,729 [e114cbd1-8f45-4cc5-a8b1-e2bd6cad48a0@group-23D9289878C2-LeaderElection41] INFO  impl.LeaderElection (LogUtils.java:infoOrTrace(142)) -   Exception 0: java.util.concurrent.ExecutionException: org.apache.ratis.thirdparty.io.grpc.StatusRuntimeException: UNAVAILABLE: io exception
2025-09-13 17:31:43,729 [e114cbd1-8f45-4cc5-a8b1-e2bd6cad48a0@group-23D9289878C2-LeaderElection41] INFO  impl.LeaderElection (LogUtils.java:infoOrTrace(142)) -   Exception 1: java.util.concurrent.ExecutionException: org.apache.ratis.thirdparty.io.grpc.StatusRuntimeException: UNAVAILABLE: io exception
2025-09-13 17:31:43,729 [e114cbd1-8f45-4cc5-a8b1-e2bd6cad48a0@group-23D9289878C2-LeaderElection41] INFO  impl.LeaderElection (LeaderElection.java:askForVotes(450)) - e114cbd1-8f45-4cc5-a8b1-e2bd6cad48a0@group-23D9289878C2-LeaderElection41 PRE_VOTE round 0: result REJECTED
2025-09-13 17:31:43,729 [e114cbd1-8f45-4cc5-a8b1-e2bd6cad48a0@group-23D9289878C2-LeaderElection41] INFO  server.RaftServer$Division (RaftServerImpl.java:setRole(392)) - e114cbd1-8f45-4cc5-a8b1-e2bd6cad48a0@group-23D9289878C2: changes role from CANDIDATE to FOLLOWER at term 1 for REJECTED
2025-09-13 17:31:43,729 [e114cbd1-8f45-4cc5-a8b1-e2bd6cad48a0@group-23D9289878C2-LeaderElection41] INFO  impl.RoleInfo (RoleInfo.java:shutdownLeaderElection(141)) - e114cbd1-8f45-4cc5-a8b1-e2bd6cad48a0: shutdown e114cbd1-8f45-4cc5-a8b1-e2bd6cad48a0@group-23D9289878C2-LeaderElection41
2025-09-13 17:31:43,729 [e114cbd1-8f45-4cc5-a8b1-e2bd6cad48a0@group-23D9289878C2-LeaderElection41] INFO  impl.RoleInfo (RoleInfo.java:updateAndGet(148)) - e114cbd1-8f45-4cc5-a8b1-e2bd6cad48a0: start e114cbd1-8f45-4cc5-a8b1-e2bd6cad48a0@group-23D9289878C2-FollowerState
2025-09-13 17:31:43,998 [e114cbd1-8f45-4cc5-a8b1-e2bd6cad48a0@group-853F78DB4750-FollowerState] INFO  impl.FollowerState (FollowerState.java:runImpl(161)) - e114cbd1-8f45-4cc5-a8b1-e2bd6cad48a0@group-853F78DB4750-FollowerState: change to CANDIDATE, lastRpcElapsedTime:1069458444ns, electionTimeout:1069ms
2025-09-13 17:31:43,998 [e114cbd1-8f45-4cc5-a8b1-e2bd6cad48a0@group-853F78DB4750-FollowerState] INFO  impl.RoleInfo (RoleInfo.java:shutdownFollowerState(121)) - e114cbd1-8f45-4cc5-a8b1-e2bd6cad48a0: shutdown e114cbd1-8f45-4cc5-a8b1-e2bd6cad48a0@group-853F78DB4750-FollowerState
2025-09-13 17:31:43,998 [e114cbd1-8f45-4cc5-a8b1-e2bd6cad48a0@group-853F78DB4750-FollowerState] INFO  server.RaftServer$Division (RaftServerImpl.java:setRole(392)) - e114cbd1-8f45-4cc5-a8b1-e2bd6cad48a0@group-853F78DB4750: changes role from  FOLLOWER to CANDIDATE at term 1 for changeToCandidate
2025-09-13 17:31:43,998 [e114cbd1-8f45-4cc5-a8b1-e2bd6cad48a0@group-853F78DB4750-FollowerState] INFO  impl.RoleInfo (RoleInfo.java:updateAndGet(148)) - e114cbd1-8f45-4cc5-a8b1-e2bd6cad48a0: start e114cbd1-8f45-4cc5-a8b1-e2bd6cad48a0@group-853F78DB4750-LeaderElection42
2025-09-13 17:31:43,999 [e114cbd1-8f45-4cc5-a8b1-e2bd6cad48a0@group-853F78DB4750-LeaderElection42] INFO  impl.LeaderElection (LeaderElection.java:askForVotes(448)) - e114cbd1-8f45-4cc5-a8b1-e2bd6cad48a0@group-853F78DB4750-LeaderElection42 PRE_VOTE round 0: submit vote requests at term 1 for conf: {index: 0, cur=peers:[d3aade32-661d-499d-9068-ea1550ed8656|127.0.0.1:15055, beda0dcb-37da-4cca-bea2-e222cb1bc351|127.0.0.1:15039, e114cbd1-8f45-4cc5-a8b1-e2bd6cad48a0|127.0.0.1:15047]|listeners:[], old=null}
2025-09-13 17:31:43,999 [e114cbd1-8f45-4cc5-a8b1-e2bd6cad48a0@group-853F78DB4750-LeaderElection42] INFO  impl.LeaderElection (LogUtils.java:infoOrTrace(142)) - e114cbd1-8f45-4cc5-a8b1-e2bd6cad48a0@group-853F78DB4750-LeaderElection42 got exception when requesting votes: java.util.concurrent.ExecutionException: org.apache.ratis.thirdparty.io.grpc.StatusRuntimeException: UNAVAILABLE: io exception
2025-09-13 17:31:43,999 [e114cbd1-8f45-4cc5-a8b1-e2bd6cad48a0@group-853F78DB4750-LeaderElection42] INFO  impl.LeaderElection (LogUtils.java:infoOrTrace(142)) - e114cbd1-8f45-4cc5-a8b1-e2bd6cad48a0@group-853F78DB4750-LeaderElection42 got exception when requesting votes: java.util.concurrent.ExecutionException: org.apache.ratis.thirdparty.io.grpc.StatusRuntimeException: UNAVAILABLE: io exception
2025-09-13 17:31:43,999 [e114cbd1-8f45-4cc5-a8b1-e2bd6cad48a0@group-853F78DB4750-LeaderElection42] INFO  impl.LeaderElection (LeaderElection.java:logAndReturn(206)) - e114cbd1-8f45-4cc5-a8b1-e2bd6cad48a0@group-853F78DB4750-LeaderElection42: PRE_VOTE REJECTED received 0 response(s) and 2 exception(s):
2025-09-13 17:31:43,999 [e114cbd1-8f45-4cc5-a8b1-e2bd6cad48a0@group-853F78DB4750-LeaderElection42] INFO  impl.LeaderElection (LogUtils.java:infoOrTrace(142)) -   Exception 0: java.util.concurrent.ExecutionException: org.apache.ratis.thirdparty.io.grpc.StatusRuntimeException: UNAVAILABLE: io exception
2025-09-13 17:31:43,999 [e114cbd1-8f45-4cc5-a8b1-e2bd6cad48a0@group-853F78DB4750-LeaderElection42] INFO  impl.LeaderElection (LogUtils.java:infoOrTrace(142)) -   Exception 1: java.util.concurrent.ExecutionException: org.apache.ratis.thirdparty.io.grpc.StatusRuntimeException: UNAVAILABLE: io exception
2025-09-13 17:31:44,000 [e114cbd1-8f45-4cc5-a8b1-e2bd6cad48a0@group-853F78DB4750-LeaderElection42] INFO  impl.LeaderElection (LeaderElection.java:askForVotes(450)) - e114cbd1-8f45-4cc5-a8b1-e2bd6cad48a0@group-853F78DB4750-LeaderElection42 PRE_VOTE round 0: result REJECTED
2025-09-13 17:31:44,000 [e114cbd1-8f45-4cc5-a8b1-e2bd6cad48a0@group-853F78DB4750-LeaderElection42] INFO  server.RaftServer$Division (RaftServerImpl.java:setRole(392)) - e114cbd1-8f45-4cc5-a8b1-e2bd6cad48a0@group-853F78DB4750: changes role from CANDIDATE to FOLLOWER at term 1 for REJECTED
2025-09-13 17:31:44,000 [e114cbd1-8f45-4cc5-a8b1-e2bd6cad48a0@group-853F78DB4750-LeaderElection42] INFO  impl.RoleInfo (RoleInfo.java:shutdownLeaderElection(141)) - e114cbd1-8f45-4cc5-a8b1-e2bd6cad48a0: shutdown e114cbd1-8f45-4cc5-a8b1-e2bd6cad48a0@group-853F78DB4750-LeaderElection42
2025-09-13 17:31:44,000 [e114cbd1-8f45-4cc5-a8b1-e2bd6cad48a0@group-853F78DB4750-LeaderElection42] INFO  impl.RoleInfo (RoleInfo.java:updateAndGet(148)) - e114cbd1-8f45-4cc5-a8b1-e2bd6cad48a0: start e114cbd1-8f45-4cc5-a8b1-e2bd6cad48a0@group-853F78DB4750-FollowerState
2025-09-13 17:31:44,909 [e114cbd1-8f45-4cc5-a8b1-e2bd6cad48a0@group-23D9289878C2-FollowerState] INFO  impl.FollowerState (FollowerState.java:runImpl(161)) - e114cbd1-8f45-4cc5-a8b1-e2bd6cad48a0@group-23D9289878C2-FollowerState: change to CANDIDATE, lastRpcElapsedTime:1180366469ns, electionTimeout:1180ms
2025-09-13 17:31:44,909 [e114cbd1-8f45-4cc5-a8b1-e2bd6cad48a0@group-23D9289878C2-FollowerState] INFO  impl.RoleInfo (RoleInfo.java:shutdownFollowerState(121)) - e114cbd1-8f45-4cc5-a8b1-e2bd6cad48a0: shutdown e114cbd1-8f45-4cc5-a8b1-e2bd6cad48a0@group-23D9289878C2-FollowerState
2025-09-13 17:31:44,909 [e114cbd1-8f45-4cc5-a8b1-e2bd6cad48a0@group-23D9289878C2-FollowerState] INFO  server.RaftServer$Division (RaftServerImpl.java:setRole(392)) - e114cbd1-8f45-4cc5-a8b1-e2bd6cad48a0@group-23D9289878C2: changes role from  FOLLOWER to CANDIDATE at term 1 for changeToCandidate
2025-09-13 17:31:44,909 [e114cbd1-8f45-4cc5-a8b1-e2bd6cad48a0@group-23D9289878C2-FollowerState] INFO  impl.RoleInfo (RoleInfo.java:updateAndGet(148)) - e114cbd1-8f45-4cc5-a8b1-e2bd6cad48a0: start e114cbd1-8f45-4cc5-a8b1-e2bd6cad48a0@group-23D9289878C2-LeaderElection43
2025-09-13 17:31:44,910 [e114cbd1-8f45-4cc5-a8b1-e2bd6cad48a0@group-23D9289878C2-LeaderElection43] INFO  impl.LeaderElection (LeaderElection.java:askForVotes(448)) - e114cbd1-8f45-4cc5-a8b1-e2bd6cad48a0@group-23D9289878C2-LeaderElection43 PRE_VOTE round 0: submit vote requests at term 1 for conf: {index: 0, cur=peers:[d3aade32-661d-499d-9068-ea1550ed8656|127.0.0.1:15055, beda0dcb-37da-4cca-bea2-e222cb1bc351|127.0.0.1:15039, e114cbd1-8f45-4cc5-a8b1-e2bd6cad48a0|127.0.0.1:15047]|listeners:[], old=null}
2025-09-13 17:31:44,910 [e114cbd1-8f45-4cc5-a8b1-e2bd6cad48a0@group-23D9289878C2-LeaderElection43] INFO  impl.LeaderElection (LogUtils.java:infoOrTrace(142)) - e114cbd1-8f45-4cc5-a8b1-e2bd6cad48a0@group-23D9289878C2-LeaderElection43 got exception when requesting votes: java.util.concurrent.ExecutionException: org.apache.ratis.thirdparty.io.grpc.StatusRuntimeException: UNAVAILABLE: io exception
2025-09-13 17:31:44,910 [e114cbd1-8f45-4cc5-a8b1-e2bd6cad48a0@group-23D9289878C2-LeaderElection43] INFO  impl.LeaderElection (LogUtils.java:infoOrTrace(142)) - e114cbd1-8f45-4cc5-a8b1-e2bd6cad48a0@group-23D9289878C2-LeaderElection43 got exception when requesting votes: java.util.concurrent.ExecutionException: org.apache.ratis.thirdparty.io.grpc.StatusRuntimeException: UNAVAILABLE: io exception
2025-09-13 17:31:44,911 [e114cbd1-8f45-4cc5-a8b1-e2bd6cad48a0@group-23D9289878C2-LeaderElection43] INFO  impl.LeaderElection (LeaderElection.java:logAndReturn(206)) - e114cbd1-8f45-4cc5-a8b1-e2bd6cad48a0@group-23D9289878C2-LeaderElection43: PRE_VOTE REJECTED received 0 response(s) and 2 exception(s):
2025-09-13 17:31:44,911 [e114cbd1-8f45-4cc5-a8b1-e2bd6cad48a0@group-23D9289878C2-LeaderElection43] INFO  impl.LeaderElection (LogUtils.java:infoOrTrace(142)) -   Exception 0: java.util.concurrent.ExecutionException: org.apache.ratis.thirdparty.io.grpc.StatusRuntimeException: UNAVAILABLE: io exception
2025-09-13 17:31:44,911 [e114cbd1-8f45-4cc5-a8b1-e2bd6cad48a0@group-23D9289878C2-LeaderElection43] INFO  impl.LeaderElection (LogUtils.java:infoOrTrace(142)) -   Exception 1: java.util.concurrent.ExecutionException: org.apache.ratis.thirdparty.io.grpc.StatusRuntimeException: UNAVAILABLE: io exception
2025-09-13 17:31:44,911 [e114cbd1-8f45-4cc5-a8b1-e2bd6cad48a0@group-23D9289878C2-LeaderElection43] INFO  impl.LeaderElection (LeaderElection.java:askForVotes(450)) - e114cbd1-8f45-4cc5-a8b1-e2bd6cad48a0@group-23D9289878C2-LeaderElection43 PRE_VOTE round 0: result REJECTED
2025-09-13 17:31:44,911 [e114cbd1-8f45-4cc5-a8b1-e2bd6cad48a0@group-23D9289878C2-LeaderElection43] INFO  server.RaftServer$Division (RaftServerImpl.java:setRole(392)) - e114cbd1-8f45-4cc5-a8b1-e2bd6cad48a0@group-23D9289878C2: changes role from CANDIDATE to FOLLOWER at term 1 for REJECTED
2025-09-13 17:31:44,911 [e114cbd1-8f45-4cc5-a8b1-e2bd6cad48a0@group-23D9289878C2-LeaderElection43] INFO  impl.RoleInfo (RoleInfo.java:shutdownLeaderElection(141)) - e114cbd1-8f45-4cc5-a8b1-e2bd6cad48a0: shutdown e114cbd1-8f45-4cc5-a8b1-e2bd6cad48a0@group-23D9289878C2-LeaderElection43
2025-09-13 17:31:44,911 [e114cbd1-8f45-4cc5-a8b1-e2bd6cad48a0@group-23D9289878C2-LeaderElection43] INFO  impl.RoleInfo (RoleInfo.java:updateAndGet(148)) - e114cbd1-8f45-4cc5-a8b1-e2bd6cad48a0: start e114cbd1-8f45-4cc5-a8b1-e2bd6cad48a0@group-23D9289878C2-FollowerState
2025-09-13 17:31:45,109 [e114cbd1-8f45-4cc5-a8b1-e2bd6cad48a0@group-853F78DB4750-FollowerState] INFO  impl.FollowerState (FollowerState.java:runImpl(161)) - e114cbd1-8f45-4cc5-a8b1-e2bd6cad48a0@group-853F78DB4750-FollowerState: change to CANDIDATE, lastRpcElapsedTime:1109316145ns, electionTimeout:1109ms
2025-09-13 17:31:45,109 [e114cbd1-8f45-4cc5-a8b1-e2bd6cad48a0@group-853F78DB4750-FollowerState] INFO  impl.RoleInfo (RoleInfo.java:shutdownFollowerState(121)) - e114cbd1-8f45-4cc5-a8b1-e2bd6cad48a0: shutdown e114cbd1-8f45-4cc5-a8b1-e2bd6cad48a0@group-853F78DB4750-FollowerState
2025-09-13 17:31:45,109 [e114cbd1-8f45-4cc5-a8b1-e2bd6cad48a0@group-853F78DB4750-FollowerState] INFO  server.RaftServer$Division (RaftServerImpl.java:setRole(392)) - e114cbd1-8f45-4cc5-a8b1-e2bd6cad48a0@group-853F78DB4750: changes role from  FOLLOWER to CANDIDATE at term 1 for changeToCandidate
2025-09-13 17:31:45,109 [e114cbd1-8f45-4cc5-a8b1-e2bd6cad48a0@group-853F78DB4750-FollowerState] INFO  impl.RoleInfo (RoleInfo.java:updateAndGet(148)) - e114cbd1-8f45-4cc5-a8b1-e2bd6cad48a0: start e114cbd1-8f45-4cc5-a8b1-e2bd6cad48a0@group-853F78DB4750-LeaderElection44
2025-09-13 17:31:45,110 [e114cbd1-8f45-4cc5-a8b1-e2bd6cad48a0@group-853F78DB4750-LeaderElection44] INFO  impl.LeaderElection (LeaderElection.java:askForVotes(448)) - e114cbd1-8f45-4cc5-a8b1-e2bd6cad48a0@group-853F78DB4750-LeaderElection44 PRE_VOTE round 0: submit vote requests at term 1 for conf: {index: 0, cur=peers:[d3aade32-661d-499d-9068-ea1550ed8656|127.0.0.1:15055, beda0dcb-37da-4cca-bea2-e222cb1bc351|127.0.0.1:15039, e114cbd1-8f45-4cc5-a8b1-e2bd6cad48a0|127.0.0.1:15047]|listeners:[], old=null}
2025-09-13 17:31:45,110 [e114cbd1-8f45-4cc5-a8b1-e2bd6cad48a0@group-853F78DB4750-LeaderElection44] INFO  impl.LeaderElection (LogUtils.java:infoOrTrace(142)) - e114cbd1-8f45-4cc5-a8b1-e2bd6cad48a0@group-853F78DB4750-LeaderElection44 got exception when requesting votes: java.util.concurrent.ExecutionException: org.apache.ratis.thirdparty.io.grpc.StatusRuntimeException: UNAVAILABLE: io exception
2025-09-13 17:31:45,110 [e114cbd1-8f45-4cc5-a8b1-e2bd6cad48a0@group-853F78DB4750-LeaderElection44] INFO  impl.LeaderElection (LogUtils.java:infoOrTrace(142)) - e114cbd1-8f45-4cc5-a8b1-e2bd6cad48a0@group-853F78DB4750-LeaderElection44 got exception when requesting votes: java.util.concurrent.ExecutionException: org.apache.ratis.thirdparty.io.grpc.StatusRuntimeException: UNAVAILABLE: io exception
2025-09-13 17:31:45,110 [e114cbd1-8f45-4cc5-a8b1-e2bd6cad48a0@group-853F78DB4750-LeaderElection44] INFO  impl.LeaderElection (LeaderElection.java:logAndReturn(206)) - e114cbd1-8f45-4cc5-a8b1-e2bd6cad48a0@group-853F78DB4750-LeaderElection44: PRE_VOTE REJECTED received 0 response(s) and 2 exception(s):
2025-09-13 17:31:45,110 [e114cbd1-8f45-4cc5-a8b1-e2bd6cad48a0@group-853F78DB4750-LeaderElection44] INFO  impl.LeaderElection (LogUtils.java:infoOrTrace(142)) -   Exception 0: java.util.concurrent.ExecutionException: org.apache.ratis.thirdparty.io.grpc.StatusRuntimeException: UNAVAILABLE: io exception
2025-09-13 17:31:45,110 [e114cbd1-8f45-4cc5-a8b1-e2bd6cad48a0@group-853F78DB4750-LeaderElection44] INFO  impl.LeaderElection (LogUtils.java:infoOrTrace(142)) -   Exception 1: java.util.concurrent.ExecutionException: org.apache.ratis.thirdparty.io.grpc.StatusRuntimeException: UNAVAILABLE: io exception
2025-09-13 17:31:45,110 [e114cbd1-8f45-4cc5-a8b1-e2bd6cad48a0@group-853F78DB4750-LeaderElection44] INFO  impl.LeaderElection (LeaderElection.java:askForVotes(450)) - e114cbd1-8f45-4cc5-a8b1-e2bd6cad48a0@group-853F78DB4750-LeaderElection44 PRE_VOTE round 0: result REJECTED
2025-09-13 17:31:45,111 [e114cbd1-8f45-4cc5-a8b1-e2bd6cad48a0@group-853F78DB4750-LeaderElection44] INFO  server.RaftServer$Division (RaftServerImpl.java:setRole(392)) - e114cbd1-8f45-4cc5-a8b1-e2bd6cad48a0@group-853F78DB4750: changes role from CANDIDATE to FOLLOWER at term 1 for REJECTED
2025-09-13 17:31:45,111 [e114cbd1-8f45-4cc5-a8b1-e2bd6cad48a0@group-853F78DB4750-LeaderElection44] INFO  impl.RoleInfo (RoleInfo.java:shutdownLeaderElection(141)) - e114cbd1-8f45-4cc5-a8b1-e2bd6cad48a0: shutdown e114cbd1-8f45-4cc5-a8b1-e2bd6cad48a0@group-853F78DB4750-LeaderElection44
2025-09-13 17:31:45,111 [e114cbd1-8f45-4cc5-a8b1-e2bd6cad48a0@group-853F78DB4750-LeaderElection44] INFO  impl.RoleInfo (RoleInfo.java:updateAndGet(148)) - e114cbd1-8f45-4cc5-a8b1-e2bd6cad48a0: start e114cbd1-8f45-4cc5-a8b1-e2bd6cad48a0@group-853F78DB4750-FollowerState
2025-09-13 17:31:45,942 [e114cbd1-8f45-4cc5-a8b1-e2bd6cad48a0@group-23D9289878C2-FollowerState] INFO  impl.FollowerState (FollowerState.java:runImpl(161)) - e114cbd1-8f45-4cc5-a8b1-e2bd6cad48a0@group-23D9289878C2-FollowerState: change to CANDIDATE, lastRpcElapsedTime:1031248048ns, electionTimeout:1031ms
2025-09-13 17:31:45,942 [e114cbd1-8f45-4cc5-a8b1-e2bd6cad48a0@group-23D9289878C2-FollowerState] INFO  impl.RoleInfo (RoleInfo.java:shutdownFollowerState(121)) - e114cbd1-8f45-4cc5-a8b1-e2bd6cad48a0: shutdown e114cbd1-8f45-4cc5-a8b1-e2bd6cad48a0@group-23D9289878C2-FollowerState
2025-09-13 17:31:45,942 [e114cbd1-8f45-4cc5-a8b1-e2bd6cad48a0@group-23D9289878C2-FollowerState] INFO  server.RaftServer$Division (RaftServerImpl.java:setRole(392)) - e114cbd1-8f45-4cc5-a8b1-e2bd6cad48a0@group-23D9289878C2: changes role from  FOLLOWER to CANDIDATE at term 1 for changeToCandidate
2025-09-13 17:31:45,942 [e114cbd1-8f45-4cc5-a8b1-e2bd6cad48a0@group-23D9289878C2-FollowerState] INFO  impl.RoleInfo (RoleInfo.java:updateAndGet(148)) - e114cbd1-8f45-4cc5-a8b1-e2bd6cad48a0: start e114cbd1-8f45-4cc5-a8b1-e2bd6cad48a0@group-23D9289878C2-LeaderElection45
2025-09-13 17:31:45,943 [e114cbd1-8f45-4cc5-a8b1-e2bd6cad48a0@group-23D9289878C2-LeaderElection45] INFO  impl.LeaderElection (LeaderElection.java:askForVotes(448)) - e114cbd1-8f45-4cc5-a8b1-e2bd6cad48a0@group-23D9289878C2-LeaderElection45 PRE_VOTE round 0: submit vote requests at term 1 for conf: {index: 0, cur=peers:[d3aade32-661d-499d-9068-ea1550ed8656|127.0.0.1:15055, beda0dcb-37da-4cca-bea2-e222cb1bc351|127.0.0.1:15039, e114cbd1-8f45-4cc5-a8b1-e2bd6cad48a0|127.0.0.1:15047]|listeners:[], old=null}
2025-09-13 17:31:45,943 [e114cbd1-8f45-4cc5-a8b1-e2bd6cad48a0@group-23D9289878C2-LeaderElection45] INFO  impl.LeaderElection (LogUtils.java:infoOrTrace(142)) - e114cbd1-8f45-4cc5-a8b1-e2bd6cad48a0@group-23D9289878C2-LeaderElection45 got exception when requesting votes: java.util.concurrent.ExecutionException: org.apache.ratis.thirdparty.io.grpc.StatusRuntimeException: UNAVAILABLE: io exception
2025-09-13 17:31:45,943 [e114cbd1-8f45-4cc5-a8b1-e2bd6cad48a0@group-23D9289878C2-LeaderElection45] INFO  impl.LeaderElection (LogUtils.java:infoOrTrace(142)) - e114cbd1-8f45-4cc5-a8b1-e2bd6cad48a0@group-23D9289878C2-LeaderElection45 got exception when requesting votes: java.util.concurrent.ExecutionException: org.apache.ratis.thirdparty.io.grpc.StatusRuntimeException: UNAVAILABLE: io exception
2025-09-13 17:31:45,943 [e114cbd1-8f45-4cc5-a8b1-e2bd6cad48a0@group-23D9289878C2-LeaderElection45] INFO  impl.LeaderElection (LeaderElection.java:logAndReturn(206)) - e114cbd1-8f45-4cc5-a8b1-e2bd6cad48a0@group-23D9289878C2-LeaderElection45: PRE_VOTE REJECTED received 0 response(s) and 2 exception(s):
2025-09-13 17:31:45,944 [e114cbd1-8f45-4cc5-a8b1-e2bd6cad48a0@group-23D9289878C2-LeaderElection45] INFO  impl.LeaderElection (LogUtils.java:infoOrTrace(142)) -   Exception 0: java.util.concurrent.ExecutionException: org.apache.ratis.thirdparty.io.grpc.StatusRuntimeException: UNAVAILABLE: io exception
2025-09-13 17:31:45,944 [e114cbd1-8f45-4cc5-a8b1-e2bd6cad48a0@group-23D9289878C2-LeaderElection45] INFO  impl.LeaderElection (LogUtils.java:infoOrTrace(142)) -   Exception 1: java.util.concurrent.ExecutionException: org.apache.ratis.thirdparty.io.grpc.StatusRuntimeException: UNAVAILABLE: io exception
2025-09-13 17:31:45,944 [e114cbd1-8f45-4cc5-a8b1-e2bd6cad48a0@group-23D9289878C2-LeaderElection45] INFO  impl.LeaderElection (LeaderElection.java:askForVotes(450)) - e114cbd1-8f45-4cc5-a8b1-e2bd6cad48a0@group-23D9289878C2-LeaderElection45 PRE_VOTE round 0: result REJECTED
2025-09-13 17:31:45,944 [e114cbd1-8f45-4cc5-a8b1-e2bd6cad48a0@group-23D9289878C2-LeaderElection45] INFO  server.RaftServer$Division (RaftServerImpl.java:setRole(392)) - e114cbd1-8f45-4cc5-a8b1-e2bd6cad48a0@group-23D9289878C2: changes role from CANDIDATE to FOLLOWER at term 1 for REJECTED
2025-09-13 17:31:45,944 [e114cbd1-8f45-4cc5-a8b1-e2bd6cad48a0@group-23D9289878C2-LeaderElection45] INFO  impl.RoleInfo (RoleInfo.java:shutdownLeaderElection(141)) - e114cbd1-8f45-4cc5-a8b1-e2bd6cad48a0: shutdown e114cbd1-8f45-4cc5-a8b1-e2bd6cad48a0@group-23D9289878C2-LeaderElection45
2025-09-13 17:31:45,944 [e114cbd1-8f45-4cc5-a8b1-e2bd6cad48a0@group-23D9289878C2-LeaderElection45] INFO  impl.RoleInfo (RoleInfo.java:updateAndGet(148)) - e114cbd1-8f45-4cc5-a8b1-e2bd6cad48a0: start e114cbd1-8f45-4cc5-a8b1-e2bd6cad48a0@group-23D9289878C2-FollowerState
2025-09-13 17:31:46,150 [e114cbd1-8f45-4cc5-a8b1-e2bd6cad48a0@group-853F78DB4750-FollowerState] INFO  impl.FollowerState (FollowerState.java:runImpl(161)) - e114cbd1-8f45-4cc5-a8b1-e2bd6cad48a0@group-853F78DB4750-FollowerState: change to CANDIDATE, lastRpcElapsedTime:1039323205ns, electionTimeout:1039ms
2025-09-13 17:31:46,150 [e114cbd1-8f45-4cc5-a8b1-e2bd6cad48a0@group-853F78DB4750-FollowerState] INFO  impl.RoleInfo (RoleInfo.java:shutdownFollowerState(121)) - e114cbd1-8f45-4cc5-a8b1-e2bd6cad48a0: shutdown e114cbd1-8f45-4cc5-a8b1-e2bd6cad48a0@group-853F78DB4750-FollowerState
2025-09-13 17:31:46,150 [e114cbd1-8f45-4cc5-a8b1-e2bd6cad48a0@group-853F78DB4750-FollowerState] INFO  server.RaftServer$Division (RaftServerImpl.java:setRole(392)) - e114cbd1-8f45-4cc5-a8b1-e2bd6cad48a0@group-853F78DB4750: changes role from  FOLLOWER to CANDIDATE at term 1 for changeToCandidate
2025-09-13 17:31:46,150 [e114cbd1-8f45-4cc5-a8b1-e2bd6cad48a0@group-853F78DB4750-FollowerState] INFO  impl.RoleInfo (RoleInfo.java:updateAndGet(148)) - e114cbd1-8f45-4cc5-a8b1-e2bd6cad48a0: start e114cbd1-8f45-4cc5-a8b1-e2bd6cad48a0@group-853F78DB4750-LeaderElection46
2025-09-13 17:31:46,151 [e114cbd1-8f45-4cc5-a8b1-e2bd6cad48a0@group-853F78DB4750-LeaderElection46] INFO  impl.LeaderElection (LeaderElection.java:askForVotes(448)) - e114cbd1-8f45-4cc5-a8b1-e2bd6cad48a0@group-853F78DB4750-LeaderElection46 PRE_VOTE round 0: submit vote requests at term 1 for conf: {index: 0, cur=peers:[d3aade32-661d-499d-9068-ea1550ed8656|127.0.0.1:15055, beda0dcb-37da-4cca-bea2-e222cb1bc351|127.0.0.1:15039, e114cbd1-8f45-4cc5-a8b1-e2bd6cad48a0|127.0.0.1:15047]|listeners:[], old=null}
2025-09-13 17:31:46,151 [e114cbd1-8f45-4cc5-a8b1-e2bd6cad48a0@group-853F78DB4750-LeaderElection46] INFO  impl.LeaderElection (LogUtils.java:infoOrTrace(142)) - e114cbd1-8f45-4cc5-a8b1-e2bd6cad48a0@group-853F78DB4750-LeaderElection46 got exception when requesting votes: java.util.concurrent.ExecutionException: org.apache.ratis.thirdparty.io.grpc.StatusRuntimeException: UNAVAILABLE: io exception
2025-09-13 17:31:46,151 [e114cbd1-8f45-4cc5-a8b1-e2bd6cad48a0@group-853F78DB4750-LeaderElection46] INFO  impl.LeaderElection (LogUtils.java:infoOrTrace(142)) - e114cbd1-8f45-4cc5-a8b1-e2bd6cad48a0@group-853F78DB4750-LeaderElection46 got exception when requesting votes: java.util.concurrent.ExecutionException: org.apache.ratis.thirdparty.io.grpc.StatusRuntimeException: UNAVAILABLE: io exception
2025-09-13 17:31:46,151 [e114cbd1-8f45-4cc5-a8b1-e2bd6cad48a0@group-853F78DB4750-LeaderElection46] INFO  impl.LeaderElection (LeaderElection.java:logAndReturn(206)) - e114cbd1-8f45-4cc5-a8b1-e2bd6cad48a0@group-853F78DB4750-LeaderElection46: PRE_VOTE REJECTED received 0 response(s) and 2 exception(s):
2025-09-13 17:31:46,151 [e114cbd1-8f45-4cc5-a8b1-e2bd6cad48a0@group-853F78DB4750-LeaderElection46] INFO  impl.LeaderElection (LogUtils.java:infoOrTrace(142)) -   Exception 0: java.util.concurrent.ExecutionException: org.apache.ratis.thirdparty.io.grpc.StatusRuntimeException: UNAVAILABLE: io exception
2025-09-13 17:31:46,151 [e114cbd1-8f45-4cc5-a8b1-e2bd6cad48a0@group-853F78DB4750-LeaderElection46] INFO  impl.LeaderElection (LogUtils.java:infoOrTrace(142)) -   Exception 1: java.util.concurrent.ExecutionException: org.apache.ratis.thirdparty.io.grpc.StatusRuntimeException: UNAVAILABLE: io exception
2025-09-13 17:31:46,151 [e114cbd1-8f45-4cc5-a8b1-e2bd6cad48a0@group-853F78DB4750-LeaderElection46] INFO  impl.LeaderElection (LeaderElection.java:askForVotes(450)) - e114cbd1-8f45-4cc5-a8b1-e2bd6cad48a0@group-853F78DB4750-LeaderElection46 PRE_VOTE round 0: result REJECTED
2025-09-13 17:31:46,151 [e114cbd1-8f45-4cc5-a8b1-e2bd6cad48a0@group-853F78DB4750-LeaderElection46] INFO  server.RaftServer$Division (RaftServerImpl.java:setRole(392)) - e114cbd1-8f45-4cc5-a8b1-e2bd6cad48a0@group-853F78DB4750: changes role from CANDIDATE to FOLLOWER at term 1 for REJECTED
2025-09-13 17:31:46,151 [e114cbd1-8f45-4cc5-a8b1-e2bd6cad48a0@group-853F78DB4750-LeaderElection46] INFO  impl.RoleInfo (RoleInfo.java:shutdownLeaderElection(141)) - e114cbd1-8f45-4cc5-a8b1-e2bd6cad48a0: shutdown e114cbd1-8f45-4cc5-a8b1-e2bd6cad48a0@group-853F78DB4750-LeaderElection46
2025-09-13 17:31:46,151 [e114cbd1-8f45-4cc5-a8b1-e2bd6cad48a0@group-853F78DB4750-LeaderElection46] INFO  impl.RoleInfo (RoleInfo.java:updateAndGet(148)) - e114cbd1-8f45-4cc5-a8b1-e2bd6cad48a0: start e114cbd1-8f45-4cc5-a8b1-e2bd6cad48a0@group-853F78DB4750-FollowerState
2025-09-13 17:31:46,392 [grpc-default-executor-1] ERROR impl.OrderedAsync (OrderedAsync.java:lambda$null$6(215)) -  client-BBD0EFB882BC: Failed* RaftClientRequest:client-BBD0EFB882BC->e114cbd1-8f45-4cc5-a8b1-e2bd6cad48a0@group-23D9289878C2, cid=22, seq=4*, RW, cmdType: WriteChunk
traceID: ""
containerID: 1
datanodeUuid: "d3aade32-661d-499d-9068-ea1550ed8656"
writeChunk {
  blockID {
    containerID: 1
    localID: 115816896921600001
    blockCommitSequenceId: 2
    replicaIndex: 0
  }
  chunkData {
    chunkName: "115816896921600001_chunk_2"
    offset: 1048576
    len: 1048576
    checksumData {
      type: CRC32
      bytesPerChecksum: 16384
      checksums: "\326\360U\321"
      checksums: "\326\360U\321"
      checksums: "\326\360U\321"
      checksums: "\326\360U\321"
      checksums: "\326\360U\321"
      checksums: "\326\360U\321"
      checksums: "\326\360U\321"
      checksums: "\326\360U\321"
      checksums: "\326\360U\321"
      checksums: "\326\360U\321"
      checksums: "\326\360U\321"
      checksums: "\326\360U\321"
      checksums: "\326\360U\321"
      checksums: "\326\360U\321"
      checksums: "\326\360U\321"
      checksums: "\326\360U\321"
      checksums: "\326\360U\321"
      checksums: "\326\360U\321"
      checksums: "\326\360U\321"
      checksums: "\326\360U\321"
      checksums: "\326\360U\321"
      checksums: "\326\360U\321"
      checksums: "\326\360U\321"
      checksums: "\326\360U\321"
      checksums: "\326\360U\321"
      checksums: "\326\360U\321"
      checksums: "\326\360U\321"
      checksums: "\326\360U\321"
      checksums: "\326\360U\321"
      checksums: "\326\360U\321"
      checksums: "\326\360U\321"
      checksums: "\326\360U\321"
      checksums: "\326\360U\321"
      checksums: "\326\360U\321"
      checksums: "\326\360U\321"
      checksums: "\326\360U\321"
      checksums: "\326\360U\321"
      checksums: "\326\360U\321"
      checksums: "\326\360U\321"
      checksums: "\326\360U\321"
      checksums: "\326\360U\321"
      checksums: "\326\360U\321"
      checksums: "\326\360U\321"
      checksums: "\326\360U\321"
      checksums: "\326\360U\321"
      checksums: "\326\360U\321"
      checksums: "\326\360U\321"
      checksums: "\326\360U\321"
      checksums: "\326\360U\321"
      checksums: "\326\360U\321"
      checksums: "\326\360U\321"
      checksums: "\326\360U\321"
      checksums: "\326\360U\321"
      checksums: "\326\360U\321"
      checksums: "\326\360U\321"
      checksums: "\326\360U\321"
      checksums: "\326\360U\321"
      checksums: "\326\360U\321"
      checksums: "\326\360U\321"
      checksums: "\326\360U\321"
      checksums: "\326\360U\321"
      checksums: "\326\360U\321"
      checksums: "\326\360U\321"
      checksums: "\277r/p"
    }
  }
}
version: 3
, data.size=1048576
java.util.concurrent.CompletionException: org.apache.ratis.protocol.exceptions.NotLeaderException: Server e114cbd1-8f45-4cc5-a8b1-e2bd6cad48a0@group-23D9289878C2 is not the leader
	at java.base/java.util.concurrent.CompletableFuture.encodeThrowable(CompletableFuture.java:332)
	at java.base/java.util.concurrent.CompletableFuture.completeThrowable(CompletableFuture.java:347)
	at java.base/java.util.concurrent.CompletableFuture$UniAccept.tryFire(CompletableFuture.java:708)
	at java.base/java.util.concurrent.CompletableFuture.postComplete(CompletableFuture.java:510)
	at java.base/java.util.concurrent.CompletableFuture.completeExceptionally(CompletableFuture.java:2194)
	at org.apache.ratis.grpc.client.GrpcClientProtocolClient$AsyncStreamObservers.completeReplyExceptionally(GrpcClientProtocolClient.java:397)
	at org.apache.ratis.grpc.client.GrpcClientProtocolClient$AsyncStreamObservers.access$000(GrpcClientProtocolClient.java:303)
	at org.apache.ratis.grpc.client.GrpcClientProtocolClient$AsyncStreamObservers$1.onNext(GrpcClientProtocolClient.java:317)
	at org.apache.ratis.grpc.client.GrpcClientProtocolClient$AsyncStreamObservers$1.onNext(GrpcClientProtocolClient.java:308)
	at org.apache.ratis.thirdparty.io.grpc.stub.ClientCalls$StreamObserverToCallListenerAdapter.onMessage(ClientCalls.java:551)
	at org.apache.ratis.thirdparty.io.grpc.ForwardingClientCallListener.onMessage(ForwardingClientCallListener.java:33)
	at org.apache.ratis.thirdparty.io.grpc.internal.ClientCallImpl$ClientStreamListenerImpl$1MessagesAvailable.runInternal(ClientCallImpl.java:661)
	at org.apache.ratis.thirdparty.io.grpc.internal.ClientCallImpl$ClientStreamListenerImpl$1MessagesAvailable.runInContext(ClientCallImpl.java:648)
	at org.apache.ratis.thirdparty.io.grpc.internal.ContextRunnable.run(ContextRunnable.java:37)
	at org.apache.ratis.thirdparty.io.grpc.internal.SerializingExecutor.run(SerializingExecutor.java:133)
	at java.base/java.util.concurrent.ThreadPoolExecutor.runWorker(ThreadPoolExecutor.java:1144)
	at java.base/java.util.concurrent.ThreadPoolExecutor$Worker.run(ThreadPoolExecutor.java:642)
	at java.base/java.lang.Thread.run(Thread.java:1583)
Caused by: org.apache.ratis.protocol.exceptions.NotLeaderException: Server e114cbd1-8f45-4cc5-a8b1-e2bd6cad48a0@group-23D9289878C2 is not the leader
	at org.apache.ratis.client.impl.ClientProtoUtils.toRaftClientReply(ClientProtoUtils.java:402)
	at org.apache.ratis.grpc.client.GrpcClientProtocolClient$AsyncStreamObservers$1.onNext(GrpcClientProtocolClient.java:313)
	... 10 more
2025-09-13 17:31:47,102 [e114cbd1-8f45-4cc5-a8b1-e2bd6cad48a0@group-23D9289878C2-FollowerState] INFO  impl.FollowerState (FollowerState.java:runImpl(161)) - e114cbd1-8f45-4cc5-a8b1-e2bd6cad48a0@group-23D9289878C2-FollowerState: change to CANDIDATE, lastRpcElapsedTime:1158405963ns, electionTimeout:1158ms
2025-09-13 17:31:47,102 [e114cbd1-8f45-4cc5-a8b1-e2bd6cad48a0@group-23D9289878C2-FollowerState] INFO  impl.RoleInfo (RoleInfo.java:shutdownFollowerState(121)) - e114cbd1-8f45-4cc5-a8b1-e2bd6cad48a0: shutdown e114cbd1-8f45-4cc5-a8b1-e2bd6cad48a0@group-23D9289878C2-FollowerState
2025-09-13 17:31:47,102 [e114cbd1-8f45-4cc5-a8b1-e2bd6cad48a0@group-23D9289878C2-FollowerState] INFO  server.RaftServer$Division (RaftServerImpl.java:setRole(392)) - e114cbd1-8f45-4cc5-a8b1-e2bd6cad48a0@group-23D9289878C2: changes role from  FOLLOWER to CANDIDATE at term 1 for changeToCandidate
2025-09-13 17:31:47,103 [e114cbd1-8f45-4cc5-a8b1-e2bd6cad48a0@group-23D9289878C2-FollowerState] INFO  impl.RoleInfo (RoleInfo.java:updateAndGet(148)) - e114cbd1-8f45-4cc5-a8b1-e2bd6cad48a0: start e114cbd1-8f45-4cc5-a8b1-e2bd6cad48a0@group-23D9289878C2-LeaderElection47
2025-09-13 17:31:47,103 [e114cbd1-8f45-4cc5-a8b1-e2bd6cad48a0@group-23D9289878C2-LeaderElection47] INFO  impl.LeaderElection (LeaderElection.java:askForVotes(448)) - e114cbd1-8f45-4cc5-a8b1-e2bd6cad48a0@group-23D9289878C2-LeaderElection47 PRE_VOTE round 0: submit vote requests at term 1 for conf: {index: 0, cur=peers:[d3aade32-661d-499d-9068-ea1550ed8656|127.0.0.1:15055, beda0dcb-37da-4cca-bea2-e222cb1bc351|127.0.0.1:15039, e114cbd1-8f45-4cc5-a8b1-e2bd6cad48a0|127.0.0.1:15047]|listeners:[], old=null}
2025-09-13 17:31:47,104 [e114cbd1-8f45-4cc5-a8b1-e2bd6cad48a0@group-23D9289878C2-LeaderElection47] INFO  impl.LeaderElection (LogUtils.java:infoOrTrace(142)) - e114cbd1-8f45-4cc5-a8b1-e2bd6cad48a0@group-23D9289878C2-LeaderElection47 got exception when requesting votes: java.util.concurrent.ExecutionException: org.apache.ratis.thirdparty.io.grpc.StatusRuntimeException: UNAVAILABLE: io exception
2025-09-13 17:31:47,104 [e114cbd1-8f45-4cc5-a8b1-e2bd6cad48a0@group-23D9289878C2-LeaderElection47] INFO  impl.LeaderElection (LogUtils.java:infoOrTrace(142)) - e114cbd1-8f45-4cc5-a8b1-e2bd6cad48a0@group-23D9289878C2-LeaderElection47 got exception when requesting votes: java.util.concurrent.ExecutionException: org.apache.ratis.thirdparty.io.grpc.StatusRuntimeException: UNAVAILABLE: io exception
2025-09-13 17:31:47,104 [e114cbd1-8f45-4cc5-a8b1-e2bd6cad48a0@group-23D9289878C2-LeaderElection47] INFO  impl.LeaderElection (LeaderElection.java:logAndReturn(206)) - e114cbd1-8f45-4cc5-a8b1-e2bd6cad48a0@group-23D9289878C2-LeaderElection47: PRE_VOTE REJECTED received 0 response(s) and 2 exception(s):
2025-09-13 17:31:47,104 [e114cbd1-8f45-4cc5-a8b1-e2bd6cad48a0@group-23D9289878C2-LeaderElection47] INFO  impl.LeaderElection (LogUtils.java:infoOrTrace(142)) -   Exception 0: java.util.concurrent.ExecutionException: org.apache.ratis.thirdparty.io.grpc.StatusRuntimeException: UNAVAILABLE: io exception
2025-09-13 17:31:47,104 [e114cbd1-8f45-4cc5-a8b1-e2bd6cad48a0@group-23D9289878C2-LeaderElection47] INFO  impl.LeaderElection (LogUtils.java:infoOrTrace(142)) -   Exception 1: java.util.concurrent.ExecutionException: org.apache.ratis.thirdparty.io.grpc.StatusRuntimeException: UNAVAILABLE: io exception
2025-09-13 17:31:47,104 [e114cbd1-8f45-4cc5-a8b1-e2bd6cad48a0@group-23D9289878C2-LeaderElection47] INFO  impl.LeaderElection (LeaderElection.java:askForVotes(450)) - e114cbd1-8f45-4cc5-a8b1-e2bd6cad48a0@group-23D9289878C2-LeaderElection47 PRE_VOTE round 0: result REJECTED
2025-09-13 17:31:47,104 [e114cbd1-8f45-4cc5-a8b1-e2bd6cad48a0@group-23D9289878C2-LeaderElection47] INFO  server.RaftServer$Division (RaftServerImpl.java:setRole(392)) - e114cbd1-8f45-4cc5-a8b1-e2bd6cad48a0@group-23D9289878C2: changes role from CANDIDATE to FOLLOWER at term 1 for REJECTED
2025-09-13 17:31:47,104 [e114cbd1-8f45-4cc5-a8b1-e2bd6cad48a0@group-23D9289878C2-LeaderElection47] INFO  impl.RoleInfo (RoleInfo.java:shutdownLeaderElection(141)) - e114cbd1-8f45-4cc5-a8b1-e2bd6cad48a0: shutdown e114cbd1-8f45-4cc5-a8b1-e2bd6cad48a0@group-23D9289878C2-LeaderElection47
2025-09-13 17:31:47,104 [e114cbd1-8f45-4cc5-a8b1-e2bd6cad48a0@group-23D9289878C2-LeaderElection47] INFO  impl.RoleInfo (RoleInfo.java:updateAndGet(148)) - e114cbd1-8f45-4cc5-a8b1-e2bd6cad48a0: start e114cbd1-8f45-4cc5-a8b1-e2bd6cad48a0@group-23D9289878C2-FollowerState
2025-09-13 17:31:47,152 [e114cbd1-8f45-4cc5-a8b1-e2bd6cad48a0@group-853F78DB4750-FollowerState] INFO  impl.FollowerState (FollowerState.java:runImpl(161)) - e114cbd1-8f45-4cc5-a8b1-e2bd6cad48a0@group-853F78DB4750-FollowerState: change to CANDIDATE, lastRpcElapsedTime:1000265448ns, electionTimeout:1000ms
2025-09-13 17:31:47,152 [e114cbd1-8f45-4cc5-a8b1-e2bd6cad48a0@group-853F78DB4750-FollowerState] INFO  impl.RoleInfo (RoleInfo.java:shutdownFollowerState(121)) - e114cbd1-8f45-4cc5-a8b1-e2bd6cad48a0: shutdown e114cbd1-8f45-4cc5-a8b1-e2bd6cad48a0@group-853F78DB4750-FollowerState
2025-09-13 17:31:47,152 [e114cbd1-8f45-4cc5-a8b1-e2bd6cad48a0@group-853F78DB4750-FollowerState] INFO  server.RaftServer$Division (RaftServerImpl.java:setRole(392)) - e114cbd1-8f45-4cc5-a8b1-e2bd6cad48a0@group-853F78DB4750: changes role from  FOLLOWER to CANDIDATE at term 1 for changeToCandidate
2025-09-13 17:31:47,152 [e114cbd1-8f45-4cc5-a8b1-e2bd6cad48a0@group-853F78DB4750-FollowerState] INFO  impl.RoleInfo (RoleInfo.java:updateAndGet(148)) - e114cbd1-8f45-4cc5-a8b1-e2bd6cad48a0: start e114cbd1-8f45-4cc5-a8b1-e2bd6cad48a0@group-853F78DB4750-LeaderElection48
2025-09-13 17:31:47,153 [e114cbd1-8f45-4cc5-a8b1-e2bd6cad48a0@group-853F78DB4750-LeaderElection48] INFO  impl.LeaderElection (LeaderElection.java:askForVotes(448)) - e114cbd1-8f45-4cc5-a8b1-e2bd6cad48a0@group-853F78DB4750-LeaderElection48 PRE_VOTE round 0: submit vote requests at term 1 for conf: {index: 0, cur=peers:[d3aade32-661d-499d-9068-ea1550ed8656|127.0.0.1:15055, beda0dcb-37da-4cca-bea2-e222cb1bc351|127.0.0.1:15039, e114cbd1-8f45-4cc5-a8b1-e2bd6cad48a0|127.0.0.1:15047]|listeners:[], old=null}
2025-09-13 17:31:47,153 [e114cbd1-8f45-4cc5-a8b1-e2bd6cad48a0@group-853F78DB4750-LeaderElection48] INFO  impl.LeaderElection (LogUtils.java:infoOrTrace(142)) - e114cbd1-8f45-4cc5-a8b1-e2bd6cad48a0@group-853F78DB4750-LeaderElection48 got exception when requesting votes: java.util.concurrent.ExecutionException: org.apache.ratis.thirdparty.io.grpc.StatusRuntimeException: UNAVAILABLE: io exception
2025-09-13 17:31:47,153 [e114cbd1-8f45-4cc5-a8b1-e2bd6cad48a0@group-853F78DB4750-LeaderElection48] INFO  impl.LeaderElection (LogUtils.java:infoOrTrace(142)) - e114cbd1-8f45-4cc5-a8b1-e2bd6cad48a0@group-853F78DB4750-LeaderElection48 got exception when requesting votes: java.util.concurrent.ExecutionException: org.apache.ratis.thirdparty.io.grpc.StatusRuntimeException: UNAVAILABLE: io exception
2025-09-13 17:31:47,153 [e114cbd1-8f45-4cc5-a8b1-e2bd6cad48a0@group-853F78DB4750-LeaderElection48] INFO  impl.LeaderElection (LeaderElection.java:logAndReturn(206)) - e114cbd1-8f45-4cc5-a8b1-e2bd6cad48a0@group-853F78DB4750-LeaderElection48: PRE_VOTE REJECTED received 0 response(s) and 2 exception(s):
2025-09-13 17:31:47,153 [e114cbd1-8f45-4cc5-a8b1-e2bd6cad48a0@group-853F78DB4750-LeaderElection48] INFO  impl.LeaderElection (LogUtils.java:infoOrTrace(142)) -   Exception 0: java.util.concurrent.ExecutionException: org.apache.ratis.thirdparty.io.grpc.StatusRuntimeException: UNAVAILABLE: io exception
2025-09-13 17:31:47,153 [e114cbd1-8f45-4cc5-a8b1-e2bd6cad48a0@group-853F78DB4750-LeaderElection48] INFO  impl.LeaderElection (LogUtils.java:infoOrTrace(142)) -   Exception 1: java.util.concurrent.ExecutionException: org.apache.ratis.thirdparty.io.grpc.StatusRuntimeException: UNAVAILABLE: io exception
2025-09-13 17:31:47,154 [e114cbd1-8f45-4cc5-a8b1-e2bd6cad48a0@group-853F78DB4750-LeaderElection48] INFO  impl.LeaderElection (LeaderElection.java:askForVotes(450)) - e114cbd1-8f45-4cc5-a8b1-e2bd6cad48a0@group-853F78DB4750-LeaderElection48 PRE_VOTE round 0: result REJECTED
2025-09-13 17:31:47,154 [e114cbd1-8f45-4cc5-a8b1-e2bd6cad48a0@group-853F78DB4750-LeaderElection48] INFO  server.RaftServer$Division (RaftServerImpl.java:setRole(392)) - e114cbd1-8f45-4cc5-a8b1-e2bd6cad48a0@group-853F78DB4750: changes role from CANDIDATE to FOLLOWER at term 1 for REJECTED
2025-09-13 17:31:47,154 [e114cbd1-8f45-4cc5-a8b1-e2bd6cad48a0@group-853F78DB4750-LeaderElection48] INFO  impl.RoleInfo (RoleInfo.java:shutdownLeaderElection(141)) - e114cbd1-8f45-4cc5-a8b1-e2bd6cad48a0: shutdown e114cbd1-8f45-4cc5-a8b1-e2bd6cad48a0@group-853F78DB4750-LeaderElection48
2025-09-13 17:31:47,154 [e114cbd1-8f45-4cc5-a8b1-e2bd6cad48a0@group-853F78DB4750-LeaderElection48] INFO  impl.RoleInfo (RoleInfo.java:updateAndGet(148)) - e114cbd1-8f45-4cc5-a8b1-e2bd6cad48a0: start e114cbd1-8f45-4cc5-a8b1-e2bd6cad48a0@group-853F78DB4750-FollowerState
2025-09-13 17:31:48,211 [e114cbd1-8f45-4cc5-a8b1-e2bd6cad48a0@group-23D9289878C2-FollowerState] INFO  impl.FollowerState (FollowerState.java:runImpl(161)) - e114cbd1-8f45-4cc5-a8b1-e2bd6cad48a0@group-23D9289878C2-FollowerState: change to CANDIDATE, lastRpcElapsedTime:1106438147ns, electionTimeout:1106ms
2025-09-13 17:31:48,211 [e114cbd1-8f45-4cc5-a8b1-e2bd6cad48a0@group-23D9289878C2-FollowerState] INFO  impl.RoleInfo (RoleInfo.java:shutdownFollowerState(121)) - e114cbd1-8f45-4cc5-a8b1-e2bd6cad48a0: shutdown e114cbd1-8f45-4cc5-a8b1-e2bd6cad48a0@group-23D9289878C2-FollowerState
2025-09-13 17:31:48,211 [e114cbd1-8f45-4cc5-a8b1-e2bd6cad48a0@group-23D9289878C2-FollowerState] INFO  server.RaftServer$Division (RaftServerImpl.java:setRole(392)) - e114cbd1-8f45-4cc5-a8b1-e2bd6cad48a0@group-23D9289878C2: changes role from  FOLLOWER to CANDIDATE at term 1 for changeToCandidate
2025-09-13 17:31:48,211 [e114cbd1-8f45-4cc5-a8b1-e2bd6cad48a0@group-23D9289878C2-FollowerState] INFO  impl.RoleInfo (RoleInfo.java:updateAndGet(148)) - e114cbd1-8f45-4cc5-a8b1-e2bd6cad48a0: start e114cbd1-8f45-4cc5-a8b1-e2bd6cad48a0@group-23D9289878C2-LeaderElection49
2025-09-13 17:31:48,211 [e114cbd1-8f45-4cc5-a8b1-e2bd6cad48a0@group-23D9289878C2-LeaderElection49] INFO  impl.LeaderElection (LeaderElection.java:askForVotes(448)) - e114cbd1-8f45-4cc5-a8b1-e2bd6cad48a0@group-23D9289878C2-LeaderElection49 PRE_VOTE round 0: submit vote requests at term 1 for conf: {index: 0, cur=peers:[d3aade32-661d-499d-9068-ea1550ed8656|127.0.0.1:15055, beda0dcb-37da-4cca-bea2-e222cb1bc351|127.0.0.1:15039, e114cbd1-8f45-4cc5-a8b1-e2bd6cad48a0|127.0.0.1:15047]|listeners:[], old=null}
2025-09-13 17:31:48,212 [e114cbd1-8f45-4cc5-a8b1-e2bd6cad48a0@group-23D9289878C2-LeaderElection49] INFO  impl.LeaderElection (LogUtils.java:infoOrTrace(142)) - e114cbd1-8f45-4cc5-a8b1-e2bd6cad48a0@group-23D9289878C2-LeaderElection49 got exception when requesting votes: java.util.concurrent.ExecutionException: org.apache.ratis.thirdparty.io.grpc.StatusRuntimeException: UNAVAILABLE: io exception
2025-09-13 17:31:48,212 [e114cbd1-8f45-4cc5-a8b1-e2bd6cad48a0@group-23D9289878C2-LeaderElection49] INFO  impl.LeaderElection (LogUtils.java:infoOrTrace(142)) - e114cbd1-8f45-4cc5-a8b1-e2bd6cad48a0@group-23D9289878C2-LeaderElection49 got exception when requesting votes: java.util.concurrent.ExecutionException: org.apache.ratis.thirdparty.io.grpc.StatusRuntimeException: UNAVAILABLE: io exception
2025-09-13 17:31:48,212 [e114cbd1-8f45-4cc5-a8b1-e2bd6cad48a0@group-23D9289878C2-LeaderElection49] INFO  impl.LeaderElection (LeaderElection.java:logAndReturn(206)) - e114cbd1-8f45-4cc5-a8b1-e2bd6cad48a0@group-23D9289878C2-LeaderElection49: PRE_VOTE REJECTED received 0 response(s) and 2 exception(s):
2025-09-13 17:31:48,212 [e114cbd1-8f45-4cc5-a8b1-e2bd6cad48a0@group-23D9289878C2-LeaderElection49] INFO  impl.LeaderElection (LogUtils.java:infoOrTrace(142)) -   Exception 0: java.util.concurrent.ExecutionException: org.apache.ratis.thirdparty.io.grpc.StatusRuntimeException: UNAVAILABLE: io exception
2025-09-13 17:31:48,212 [e114cbd1-8f45-4cc5-a8b1-e2bd6cad48a0@group-23D9289878C2-LeaderElection49] INFO  impl.LeaderElection (LogUtils.java:infoOrTrace(142)) -   Exception 1: java.util.concurrent.ExecutionException: org.apache.ratis.thirdparty.io.grpc.StatusRuntimeException: UNAVAILABLE: io exception
2025-09-13 17:31:48,212 [e114cbd1-8f45-4cc5-a8b1-e2bd6cad48a0@group-23D9289878C2-LeaderElection49] INFO  impl.LeaderElection (LeaderElection.java:askForVotes(450)) - e114cbd1-8f45-4cc5-a8b1-e2bd6cad48a0@group-23D9289878C2-LeaderElection49 PRE_VOTE round 0: result REJECTED
2025-09-13 17:31:48,212 [e114cbd1-8f45-4cc5-a8b1-e2bd6cad48a0@group-23D9289878C2-LeaderElection49] INFO  server.RaftServer$Division (RaftServerImpl.java:setRole(392)) - e114cbd1-8f45-4cc5-a8b1-e2bd6cad48a0@group-23D9289878C2: changes role from CANDIDATE to FOLLOWER at term 1 for REJECTED
2025-09-13 17:31:48,212 [e114cbd1-8f45-4cc5-a8b1-e2bd6cad48a0@group-23D9289878C2-LeaderElection49] INFO  impl.RoleInfo (RoleInfo.java:shutdownLeaderElection(141)) - e114cbd1-8f45-4cc5-a8b1-e2bd6cad48a0: shutdown e114cbd1-8f45-4cc5-a8b1-e2bd6cad48a0@group-23D9289878C2-LeaderElection49
2025-09-13 17:31:48,212 [e114cbd1-8f45-4cc5-a8b1-e2bd6cad48a0@group-23D9289878C2-LeaderElection49] INFO  impl.RoleInfo (RoleInfo.java:updateAndGet(148)) - e114cbd1-8f45-4cc5-a8b1-e2bd6cad48a0: start e114cbd1-8f45-4cc5-a8b1-e2bd6cad48a0@group-23D9289878C2-FollowerState
2025-09-13 17:31:48,271 [e114cbd1-8f45-4cc5-a8b1-e2bd6cad48a0@group-853F78DB4750-FollowerState] INFO  impl.FollowerState (FollowerState.java:runImpl(161)) - e114cbd1-8f45-4cc5-a8b1-e2bd6cad48a0@group-853F78DB4750-FollowerState: change to CANDIDATE, lastRpcElapsedTime:1117315746ns, electionTimeout:1117ms
2025-09-13 17:31:48,271 [e114cbd1-8f45-4cc5-a8b1-e2bd6cad48a0@group-853F78DB4750-FollowerState] INFO  impl.RoleInfo (RoleInfo.java:shutdownFollowerState(121)) - e114cbd1-8f45-4cc5-a8b1-e2bd6cad48a0: shutdown e114cbd1-8f45-4cc5-a8b1-e2bd6cad48a0@group-853F78DB4750-FollowerState
2025-09-13 17:31:48,271 [e114cbd1-8f45-4cc5-a8b1-e2bd6cad48a0@group-853F78DB4750-FollowerState] INFO  server.RaftServer$Division (RaftServerImpl.java:setRole(392)) - e114cbd1-8f45-4cc5-a8b1-e2bd6cad48a0@group-853F78DB4750: changes role from  FOLLOWER to CANDIDATE at term 1 for changeToCandidate
2025-09-13 17:31:48,271 [e114cbd1-8f45-4cc5-a8b1-e2bd6cad48a0@group-853F78DB4750-FollowerState] INFO  impl.RoleInfo (RoleInfo.java:updateAndGet(148)) - e114cbd1-8f45-4cc5-a8b1-e2bd6cad48a0: start e114cbd1-8f45-4cc5-a8b1-e2bd6cad48a0@group-853F78DB4750-LeaderElection50
2025-09-13 17:31:48,272 [e114cbd1-8f45-4cc5-a8b1-e2bd6cad48a0@group-853F78DB4750-LeaderElection50] INFO  impl.LeaderElection (LeaderElection.java:askForVotes(448)) - e114cbd1-8f45-4cc5-a8b1-e2bd6cad48a0@group-853F78DB4750-LeaderElection50 PRE_VOTE round 0: submit vote requests at term 1 for conf: {index: 0, cur=peers:[d3aade32-661d-499d-9068-ea1550ed8656|127.0.0.1:15055, beda0dcb-37da-4cca-bea2-e222cb1bc351|127.0.0.1:15039, e114cbd1-8f45-4cc5-a8b1-e2bd6cad48a0|127.0.0.1:15047]|listeners:[], old=null}
2025-09-13 17:31:48,272 [e114cbd1-8f45-4cc5-a8b1-e2bd6cad48a0@group-853F78DB4750-LeaderElection50] INFO  impl.LeaderElection (LogUtils.java:infoOrTrace(142)) - e114cbd1-8f45-4cc5-a8b1-e2bd6cad48a0@group-853F78DB4750-LeaderElection50 got exception when requesting votes: java.util.concurrent.ExecutionException: org.apache.ratis.thirdparty.io.grpc.StatusRuntimeException: UNAVAILABLE: io exception
2025-09-13 17:31:48,272 [e114cbd1-8f45-4cc5-a8b1-e2bd6cad48a0@group-853F78DB4750-LeaderElection50] INFO  impl.LeaderElection (LogUtils.java:infoOrTrace(142)) - e114cbd1-8f45-4cc5-a8b1-e2bd6cad48a0@group-853F78DB4750-LeaderElection50 got exception when requesting votes: java.util.concurrent.ExecutionException: org.apache.ratis.thirdparty.io.grpc.StatusRuntimeException: UNAVAILABLE: io exception
2025-09-13 17:31:48,272 [e114cbd1-8f45-4cc5-a8b1-e2bd6cad48a0@group-853F78DB4750-LeaderElection50] INFO  impl.LeaderElection (LeaderElection.java:logAndReturn(206)) - e114cbd1-8f45-4cc5-a8b1-e2bd6cad48a0@group-853F78DB4750-LeaderElection50: PRE_VOTE REJECTED received 0 response(s) and 2 exception(s):
2025-09-13 17:31:48,272 [e114cbd1-8f45-4cc5-a8b1-e2bd6cad48a0@group-853F78DB4750-LeaderElection50] INFO  impl.LeaderElection (LogUtils.java:infoOrTrace(142)) -   Exception 0: java.util.concurrent.ExecutionException: org.apache.ratis.thirdparty.io.grpc.StatusRuntimeException: UNAVAILABLE: io exception
2025-09-13 17:31:48,272 [e114cbd1-8f45-4cc5-a8b1-e2bd6cad48a0@group-853F78DB4750-LeaderElection50] INFO  impl.LeaderElection (LogUtils.java:infoOrTrace(142)) -   Exception 1: java.util.concurrent.ExecutionException: org.apache.ratis.thirdparty.io.grpc.StatusRuntimeException: UNAVAILABLE: io exception
2025-09-13 17:31:48,272 [e114cbd1-8f45-4cc5-a8b1-e2bd6cad48a0@group-853F78DB4750-LeaderElection50] INFO  impl.LeaderElection (LeaderElection.java:askForVotes(450)) - e114cbd1-8f45-4cc5-a8b1-e2bd6cad48a0@group-853F78DB4750-LeaderElection50 PRE_VOTE round 0: result REJECTED
2025-09-13 17:31:48,272 [e114cbd1-8f45-4cc5-a8b1-e2bd6cad48a0@group-853F78DB4750-LeaderElection50] INFO  server.RaftServer$Division (RaftServerImpl.java:setRole(392)) - e114cbd1-8f45-4cc5-a8b1-e2bd6cad48a0@group-853F78DB4750: changes role from CANDIDATE to FOLLOWER at term 1 for REJECTED
2025-09-13 17:31:48,272 [e114cbd1-8f45-4cc5-a8b1-e2bd6cad48a0@group-853F78DB4750-LeaderElection50] INFO  impl.RoleInfo (RoleInfo.java:shutdownLeaderElection(141)) - e114cbd1-8f45-4cc5-a8b1-e2bd6cad48a0: shutdown e114cbd1-8f45-4cc5-a8b1-e2bd6cad48a0@group-853F78DB4750-LeaderElection50
2025-09-13 17:31:48,273 [e114cbd1-8f45-4cc5-a8b1-e2bd6cad48a0@group-853F78DB4750-LeaderElection50] INFO  impl.RoleInfo (RoleInfo.java:updateAndGet(148)) - e114cbd1-8f45-4cc5-a8b1-e2bd6cad48a0: start e114cbd1-8f45-4cc5-a8b1-e2bd6cad48a0@group-853F78DB4750-FollowerState
2025-09-13 17:31:49,285 [e114cbd1-8f45-4cc5-a8b1-e2bd6cad48a0@group-23D9289878C2-FollowerState] INFO  impl.FollowerState (FollowerState.java:runImpl(161)) - e114cbd1-8f45-4cc5-a8b1-e2bd6cad48a0@group-23D9289878C2-FollowerState: change to CANDIDATE, lastRpcElapsedTime:1072356298ns, electionTimeout:1072ms
2025-09-13 17:31:49,285 [e114cbd1-8f45-4cc5-a8b1-e2bd6cad48a0@group-23D9289878C2-FollowerState] INFO  impl.RoleInfo (RoleInfo.java:shutdownFollowerState(121)) - e114cbd1-8f45-4cc5-a8b1-e2bd6cad48a0: shutdown e114cbd1-8f45-4cc5-a8b1-e2bd6cad48a0@group-23D9289878C2-FollowerState
2025-09-13 17:31:49,285 [e114cbd1-8f45-4cc5-a8b1-e2bd6cad48a0@group-23D9289878C2-FollowerState] INFO  server.RaftServer$Division (RaftServerImpl.java:setRole(392)) - e114cbd1-8f45-4cc5-a8b1-e2bd6cad48a0@group-23D9289878C2: changes role from  FOLLOWER to CANDIDATE at term 1 for changeToCandidate
2025-09-13 17:31:49,285 [e114cbd1-8f45-4cc5-a8b1-e2bd6cad48a0@group-23D9289878C2-FollowerState] INFO  impl.RoleInfo (RoleInfo.java:updateAndGet(148)) - e114cbd1-8f45-4cc5-a8b1-e2bd6cad48a0: start e114cbd1-8f45-4cc5-a8b1-e2bd6cad48a0@group-23D9289878C2-LeaderElection51
2025-09-13 17:31:49,285 [e114cbd1-8f45-4cc5-a8b1-e2bd6cad48a0@group-23D9289878C2-LeaderElection51] INFO  impl.LeaderElection (LeaderElection.java:askForVotes(448)) - e114cbd1-8f45-4cc5-a8b1-e2bd6cad48a0@group-23D9289878C2-LeaderElection51 PRE_VOTE round 0: submit vote requests at term 1 for conf: {index: 0, cur=peers:[d3aade32-661d-499d-9068-ea1550ed8656|127.0.0.1:15055, beda0dcb-37da-4cca-bea2-e222cb1bc351|127.0.0.1:15039, e114cbd1-8f45-4cc5-a8b1-e2bd6cad48a0|127.0.0.1:15047]|listeners:[], old=null}
2025-09-13 17:31:49,286 [e114cbd1-8f45-4cc5-a8b1-e2bd6cad48a0@group-23D9289878C2-LeaderElection51] INFO  impl.LeaderElection (LogUtils.java:infoOrTrace(142)) - e114cbd1-8f45-4cc5-a8b1-e2bd6cad48a0@group-23D9289878C2-LeaderElection51 got exception when requesting votes: java.util.concurrent.ExecutionException: org.apache.ratis.thirdparty.io.grpc.StatusRuntimeException: UNAVAILABLE: io exception
2025-09-13 17:31:49,286 [e114cbd1-8f45-4cc5-a8b1-e2bd6cad48a0@group-23D9289878C2-LeaderElection51] INFO  impl.LeaderElection (LogUtils.java:infoOrTrace(142)) - e114cbd1-8f45-4cc5-a8b1-e2bd6cad48a0@group-23D9289878C2-LeaderElection51 got exception when requesting votes: java.util.concurrent.ExecutionException: org.apache.ratis.thirdparty.io.grpc.StatusRuntimeException: UNAVAILABLE: io exception
2025-09-13 17:31:49,286 [e114cbd1-8f45-4cc5-a8b1-e2bd6cad48a0@group-23D9289878C2-LeaderElection51] INFO  impl.LeaderElection (LeaderElection.java:logAndReturn(206)) - e114cbd1-8f45-4cc5-a8b1-e2bd6cad48a0@group-23D9289878C2-LeaderElection51: PRE_VOTE REJECTED received 0 response(s) and 2 exception(s):
2025-09-13 17:31:49,286 [e114cbd1-8f45-4cc5-a8b1-e2bd6cad48a0@group-23D9289878C2-LeaderElection51] INFO  impl.LeaderElection (LogUtils.java:infoOrTrace(142)) -   Exception 0: java.util.concurrent.ExecutionException: org.apache.ratis.thirdparty.io.grpc.StatusRuntimeException: UNAVAILABLE: io exception
2025-09-13 17:31:49,286 [e114cbd1-8f45-4cc5-a8b1-e2bd6cad48a0@group-23D9289878C2-LeaderElection51] INFO  impl.LeaderElection (LogUtils.java:infoOrTrace(142)) -   Exception 1: java.util.concurrent.ExecutionException: org.apache.ratis.thirdparty.io.grpc.StatusRuntimeException: UNAVAILABLE: io exception
2025-09-13 17:31:49,286 [e114cbd1-8f45-4cc5-a8b1-e2bd6cad48a0@group-23D9289878C2-LeaderElection51] INFO  impl.LeaderElection (LeaderElection.java:askForVotes(450)) - e114cbd1-8f45-4cc5-a8b1-e2bd6cad48a0@group-23D9289878C2-LeaderElection51 PRE_VOTE round 0: result REJECTED
2025-09-13 17:31:49,286 [e114cbd1-8f45-4cc5-a8b1-e2bd6cad48a0@group-23D9289878C2-LeaderElection51] INFO  server.RaftServer$Division (RaftServerImpl.java:setRole(392)) - e114cbd1-8f45-4cc5-a8b1-e2bd6cad48a0@group-23D9289878C2: changes role from CANDIDATE to FOLLOWER at term 1 for REJECTED
2025-09-13 17:31:49,286 [e114cbd1-8f45-4cc5-a8b1-e2bd6cad48a0@group-23D9289878C2-LeaderElection51] INFO  impl.RoleInfo (RoleInfo.java:shutdownLeaderElection(141)) - e114cbd1-8f45-4cc5-a8b1-e2bd6cad48a0: shutdown e114cbd1-8f45-4cc5-a8b1-e2bd6cad48a0@group-23D9289878C2-LeaderElection51
2025-09-13 17:31:49,286 [e114cbd1-8f45-4cc5-a8b1-e2bd6cad48a0@group-23D9289878C2-LeaderElection51] INFO  impl.RoleInfo (RoleInfo.java:updateAndGet(148)) - e114cbd1-8f45-4cc5-a8b1-e2bd6cad48a0: start e114cbd1-8f45-4cc5-a8b1-e2bd6cad48a0@group-23D9289878C2-FollowerState
2025-09-13 17:31:49,341 [e114cbd1-8f45-4cc5-a8b1-e2bd6cad48a0@group-853F78DB4750-FollowerState] INFO  impl.FollowerState (FollowerState.java:runImpl(161)) - e114cbd1-8f45-4cc5-a8b1-e2bd6cad48a0@group-853F78DB4750-FollowerState: change to CANDIDATE, lastRpcElapsedTime:1068292263ns, electionTimeout:1068ms
2025-09-13 17:31:49,341 [e114cbd1-8f45-4cc5-a8b1-e2bd6cad48a0@group-853F78DB4750-FollowerState] INFO  impl.RoleInfo (RoleInfo.java:shutdownFollowerState(121)) - e114cbd1-8f45-4cc5-a8b1-e2bd6cad48a0: shutdown e114cbd1-8f45-4cc5-a8b1-e2bd6cad48a0@group-853F78DB4750-FollowerState
2025-09-13 17:31:49,341 [e114cbd1-8f45-4cc5-a8b1-e2bd6cad48a0@group-853F78DB4750-FollowerState] INFO  server.RaftServer$Division (RaftServerImpl.java:setRole(392)) - e114cbd1-8f45-4cc5-a8b1-e2bd6cad48a0@group-853F78DB4750: changes role from  FOLLOWER to CANDIDATE at term 1 for changeToCandidate
2025-09-13 17:31:49,341 [e114cbd1-8f45-4cc5-a8b1-e2bd6cad48a0@group-853F78DB4750-FollowerState] INFO  impl.RoleInfo (RoleInfo.java:updateAndGet(148)) - e114cbd1-8f45-4cc5-a8b1-e2bd6cad48a0: start e114cbd1-8f45-4cc5-a8b1-e2bd6cad48a0@group-853F78DB4750-LeaderElection52
2025-09-13 17:31:49,341 [e114cbd1-8f45-4cc5-a8b1-e2bd6cad48a0@group-853F78DB4750-LeaderElection52] INFO  impl.LeaderElection (LeaderElection.java:askForVotes(448)) - e114cbd1-8f45-4cc5-a8b1-e2bd6cad48a0@group-853F78DB4750-LeaderElection52 PRE_VOTE round 0: submit vote requests at term 1 for conf: {index: 0, cur=peers:[d3aade32-661d-499d-9068-ea1550ed8656|127.0.0.1:15055, beda0dcb-37da-4cca-bea2-e222cb1bc351|127.0.0.1:15039, e114cbd1-8f45-4cc5-a8b1-e2bd6cad48a0|127.0.0.1:15047]|listeners:[], old=null}
2025-09-13 17:31:49,342 [e114cbd1-8f45-4cc5-a8b1-e2bd6cad48a0@group-853F78DB4750-LeaderElection52] INFO  impl.LeaderElection (LogUtils.java:infoOrTrace(142)) - e114cbd1-8f45-4cc5-a8b1-e2bd6cad48a0@group-853F78DB4750-LeaderElection52 got exception when requesting votes: java.util.concurrent.ExecutionException: org.apache.ratis.thirdparty.io.grpc.StatusRuntimeException: UNAVAILABLE: io exception
2025-09-13 17:31:49,342 [e114cbd1-8f45-4cc5-a8b1-e2bd6cad48a0@group-853F78DB4750-LeaderElection52] INFO  impl.LeaderElection (LogUtils.java:infoOrTrace(142)) - e114cbd1-8f45-4cc5-a8b1-e2bd6cad48a0@group-853F78DB4750-LeaderElection52 got exception when requesting votes: java.util.concurrent.ExecutionException: org.apache.ratis.thirdparty.io.grpc.StatusRuntimeException: UNAVAILABLE: io exception
2025-09-13 17:31:49,342 [e114cbd1-8f45-4cc5-a8b1-e2bd6cad48a0@group-853F78DB4750-LeaderElection52] INFO  impl.LeaderElection (LeaderElection.java:logAndReturn(206)) - e114cbd1-8f45-4cc5-a8b1-e2bd6cad48a0@group-853F78DB4750-LeaderElection52: PRE_VOTE REJECTED received 0 response(s) and 2 exception(s):
2025-09-13 17:31:49,342 [e114cbd1-8f45-4cc5-a8b1-e2bd6cad48a0@group-853F78DB4750-LeaderElection52] INFO  impl.LeaderElection (LogUtils.java:infoOrTrace(142)) -   Exception 0: java.util.concurrent.ExecutionException: org.apache.ratis.thirdparty.io.grpc.StatusRuntimeException: UNAVAILABLE: io exception
2025-09-13 17:31:49,342 [e114cbd1-8f45-4cc5-a8b1-e2bd6cad48a0@group-853F78DB4750-LeaderElection52] INFO  impl.LeaderElection (LogUtils.java:infoOrTrace(142)) -   Exception 1: java.util.concurrent.ExecutionException: org.apache.ratis.thirdparty.io.grpc.StatusRuntimeException: UNAVAILABLE: io exception
2025-09-13 17:31:49,342 [e114cbd1-8f45-4cc5-a8b1-e2bd6cad48a0@group-853F78DB4750-LeaderElection52] INFO  impl.LeaderElection (LeaderElection.java:askForVotes(450)) - e114cbd1-8f45-4cc5-a8b1-e2bd6cad48a0@group-853F78DB4750-LeaderElection52 PRE_VOTE round 0: result REJECTED
2025-09-13 17:31:49,342 [e114cbd1-8f45-4cc5-a8b1-e2bd6cad48a0@group-853F78DB4750-LeaderElection52] INFO  server.RaftServer$Division (RaftServerImpl.java:setRole(392)) - e114cbd1-8f45-4cc5-a8b1-e2bd6cad48a0@group-853F78DB4750: changes role from CANDIDATE to FOLLOWER at term 1 for REJECTED
2025-09-13 17:31:49,342 [e114cbd1-8f45-4cc5-a8b1-e2bd6cad48a0@group-853F78DB4750-LeaderElection52] INFO  impl.RoleInfo (RoleInfo.java:shutdownLeaderElection(141)) - e114cbd1-8f45-4cc5-a8b1-e2bd6cad48a0: shutdown e114cbd1-8f45-4cc5-a8b1-e2bd6cad48a0@group-853F78DB4750-LeaderElection52
2025-09-13 17:31:49,342 [e114cbd1-8f45-4cc5-a8b1-e2bd6cad48a0@group-853F78DB4750-LeaderElection52] INFO  impl.RoleInfo (RoleInfo.java:updateAndGet(148)) - e114cbd1-8f45-4cc5-a8b1-e2bd6cad48a0: start e114cbd1-8f45-4cc5-a8b1-e2bd6cad48a0@group-853F78DB4750-FollowerState
2025-09-13 17:31:50,473 [e114cbd1-8f45-4cc5-a8b1-e2bd6cad48a0@group-23D9289878C2-FollowerState] INFO  impl.FollowerState (FollowerState.java:runImpl(161)) - e114cbd1-8f45-4cc5-a8b1-e2bd6cad48a0@group-23D9289878C2-FollowerState: change to CANDIDATE, lastRpcElapsedTime:1186311919ns, electionTimeout:1186ms
2025-09-13 17:31:50,473 [e114cbd1-8f45-4cc5-a8b1-e2bd6cad48a0@group-23D9289878C2-FollowerState] INFO  impl.RoleInfo (RoleInfo.java:shutdownFollowerState(121)) - e114cbd1-8f45-4cc5-a8b1-e2bd6cad48a0: shutdown e114cbd1-8f45-4cc5-a8b1-e2bd6cad48a0@group-23D9289878C2-FollowerState
2025-09-13 17:31:50,473 [e114cbd1-8f45-4cc5-a8b1-e2bd6cad48a0@group-23D9289878C2-FollowerState] INFO  server.RaftServer$Division (RaftServerImpl.java:setRole(392)) - e114cbd1-8f45-4cc5-a8b1-e2bd6cad48a0@group-23D9289878C2: changes role from  FOLLOWER to CANDIDATE at term 1 for changeToCandidate
2025-09-13 17:31:50,473 [e114cbd1-8f45-4cc5-a8b1-e2bd6cad48a0@group-23D9289878C2-FollowerState] INFO  impl.RoleInfo (RoleInfo.java:updateAndGet(148)) - e114cbd1-8f45-4cc5-a8b1-e2bd6cad48a0: start e114cbd1-8f45-4cc5-a8b1-e2bd6cad48a0@group-23D9289878C2-LeaderElection53
2025-09-13 17:31:50,473 [e114cbd1-8f45-4cc5-a8b1-e2bd6cad48a0@group-23D9289878C2-LeaderElection53] INFO  impl.LeaderElection (LeaderElection.java:askForVotes(448)) - e114cbd1-8f45-4cc5-a8b1-e2bd6cad48a0@group-23D9289878C2-LeaderElection53 PRE_VOTE round 0: submit vote requests at term 1 for conf: {index: 0, cur=peers:[d3aade32-661d-499d-9068-ea1550ed8656|127.0.0.1:15055, beda0dcb-37da-4cca-bea2-e222cb1bc351|127.0.0.1:15039, e114cbd1-8f45-4cc5-a8b1-e2bd6cad48a0|127.0.0.1:15047]|listeners:[], old=null}
2025-09-13 17:31:50,474 [e114cbd1-8f45-4cc5-a8b1-e2bd6cad48a0@group-23D9289878C2-LeaderElection53] INFO  impl.LeaderElection (LogUtils.java:infoOrTrace(142)) - e114cbd1-8f45-4cc5-a8b1-e2bd6cad48a0@group-23D9289878C2-LeaderElection53 got exception when requesting votes: java.util.concurrent.ExecutionException: org.apache.ratis.thirdparty.io.grpc.StatusRuntimeException: UNAVAILABLE: io exception
2025-09-13 17:31:50,474 [e114cbd1-8f45-4cc5-a8b1-e2bd6cad48a0@group-23D9289878C2-LeaderElection53] INFO  impl.LeaderElection (LogUtils.java:infoOrTrace(142)) - e114cbd1-8f45-4cc5-a8b1-e2bd6cad48a0@group-23D9289878C2-LeaderElection53 got exception when requesting votes: java.util.concurrent.ExecutionException: org.apache.ratis.thirdparty.io.grpc.StatusRuntimeException: UNAVAILABLE: io exception
2025-09-13 17:31:50,474 [e114cbd1-8f45-4cc5-a8b1-e2bd6cad48a0@group-23D9289878C2-LeaderElection53] INFO  impl.LeaderElection (LeaderElection.java:logAndReturn(206)) - e114cbd1-8f45-4cc5-a8b1-e2bd6cad48a0@group-23D9289878C2-LeaderElection53: PRE_VOTE REJECTED received 0 response(s) and 2 exception(s):
2025-09-13 17:31:50,474 [e114cbd1-8f45-4cc5-a8b1-e2bd6cad48a0@group-23D9289878C2-LeaderElection53] INFO  impl.LeaderElection (LogUtils.java:infoOrTrace(142)) -   Exception 0: java.util.concurrent.ExecutionException: org.apache.ratis.thirdparty.io.grpc.StatusRuntimeException: UNAVAILABLE: io exception
2025-09-13 17:31:50,474 [e114cbd1-8f45-4cc5-a8b1-e2bd6cad48a0@group-23D9289878C2-LeaderElection53] INFO  impl.LeaderElection (LogUtils.java:infoOrTrace(142)) -   Exception 1: java.util.concurrent.ExecutionException: org.apache.ratis.thirdparty.io.grpc.StatusRuntimeException: UNAVAILABLE: io exception
2025-09-13 17:31:50,474 [e114cbd1-8f45-4cc5-a8b1-e2bd6cad48a0@group-23D9289878C2-LeaderElection53] INFO  impl.LeaderElection (LeaderElection.java:askForVotes(450)) - e114cbd1-8f45-4cc5-a8b1-e2bd6cad48a0@group-23D9289878C2-LeaderElection53 PRE_VOTE round 0: result REJECTED
2025-09-13 17:31:50,474 [e114cbd1-8f45-4cc5-a8b1-e2bd6cad48a0@group-23D9289878C2-LeaderElection53] INFO  server.RaftServer$Division (RaftServerImpl.java:setRole(392)) - e114cbd1-8f45-4cc5-a8b1-e2bd6cad48a0@group-23D9289878C2: changes role from CANDIDATE to FOLLOWER at term 1 for REJECTED
2025-09-13 17:31:50,474 [e114cbd1-8f45-4cc5-a8b1-e2bd6cad48a0@group-23D9289878C2-LeaderElection53] INFO  impl.RoleInfo (RoleInfo.java:shutdownLeaderElection(141)) - e114cbd1-8f45-4cc5-a8b1-e2bd6cad48a0: shutdown e114cbd1-8f45-4cc5-a8b1-e2bd6cad48a0@group-23D9289878C2-LeaderElection53
2025-09-13 17:31:50,474 [e114cbd1-8f45-4cc5-a8b1-e2bd6cad48a0@group-23D9289878C2-LeaderElection53] INFO  impl.RoleInfo (RoleInfo.java:updateAndGet(148)) - e114cbd1-8f45-4cc5-a8b1-e2bd6cad48a0: start e114cbd1-8f45-4cc5-a8b1-e2bd6cad48a0@group-23D9289878C2-FollowerState
2025-09-13 17:31:50,485 [e114cbd1-8f45-4cc5-a8b1-e2bd6cad48a0@group-853F78DB4750-FollowerState] INFO  impl.FollowerState (FollowerState.java:runImpl(161)) - e114cbd1-8f45-4cc5-a8b1-e2bd6cad48a0@group-853F78DB4750-FollowerState: change to CANDIDATE, lastRpcElapsedTime:1143275250ns, electionTimeout:1143ms
2025-09-13 17:31:50,486 [e114cbd1-8f45-4cc5-a8b1-e2bd6cad48a0@group-853F78DB4750-FollowerState] INFO  impl.RoleInfo (RoleInfo.java:shutdownFollowerState(121)) - e114cbd1-8f45-4cc5-a8b1-e2bd6cad48a0: shutdown e114cbd1-8f45-4cc5-a8b1-e2bd6cad48a0@group-853F78DB4750-FollowerState
2025-09-13 17:31:50,486 [e114cbd1-8f45-4cc5-a8b1-e2bd6cad48a0@group-853F78DB4750-FollowerState] INFO  server.RaftServer$Division (RaftServerImpl.java:setRole(392)) - e114cbd1-8f45-4cc5-a8b1-e2bd6cad48a0@group-853F78DB4750: changes role from  FOLLOWER to CANDIDATE at term 1 for changeToCandidate
2025-09-13 17:31:50,486 [e114cbd1-8f45-4cc5-a8b1-e2bd6cad48a0@group-853F78DB4750-FollowerState] INFO  impl.RoleInfo (RoleInfo.java:updateAndGet(148)) - e114cbd1-8f45-4cc5-a8b1-e2bd6cad48a0: start e114cbd1-8f45-4cc5-a8b1-e2bd6cad48a0@group-853F78DB4750-LeaderElection54
2025-09-13 17:31:50,486 [e114cbd1-8f45-4cc5-a8b1-e2bd6cad48a0@group-853F78DB4750-LeaderElection54] INFO  impl.LeaderElection (LeaderElection.java:askForVotes(448)) - e114cbd1-8f45-4cc5-a8b1-e2bd6cad48a0@group-853F78DB4750-LeaderElection54 PRE_VOTE round 0: submit vote requests at term 1 for conf: {index: 0, cur=peers:[d3aade32-661d-499d-9068-ea1550ed8656|127.0.0.1:15055, beda0dcb-37da-4cca-bea2-e222cb1bc351|127.0.0.1:15039, e114cbd1-8f45-4cc5-a8b1-e2bd6cad48a0|127.0.0.1:15047]|listeners:[], old=null}
2025-09-13 17:31:50,486 [e114cbd1-8f45-4cc5-a8b1-e2bd6cad48a0@group-853F78DB4750-LeaderElection54] INFO  impl.LeaderElection (LogUtils.java:infoOrTrace(142)) - e114cbd1-8f45-4cc5-a8b1-e2bd6cad48a0@group-853F78DB4750-LeaderElection54 got exception when requesting votes: java.util.concurrent.ExecutionException: org.apache.ratis.thirdparty.io.grpc.StatusRuntimeException: UNAVAILABLE: io exception
2025-09-13 17:31:50,486 [e114cbd1-8f45-4cc5-a8b1-e2bd6cad48a0@group-853F78DB4750-LeaderElection54] INFO  impl.LeaderElection (LogUtils.java:infoOrTrace(142)) - e114cbd1-8f45-4cc5-a8b1-e2bd6cad48a0@group-853F78DB4750-LeaderElection54 got exception when requesting votes: java.util.concurrent.ExecutionException: org.apache.ratis.thirdparty.io.grpc.StatusRuntimeException: UNAVAILABLE: io exception
2025-09-13 17:31:50,487 [e114cbd1-8f45-4cc5-a8b1-e2bd6cad48a0@group-853F78DB4750-LeaderElection54] INFO  impl.LeaderElection (LeaderElection.java:logAndReturn(206)) - e114cbd1-8f45-4cc5-a8b1-e2bd6cad48a0@group-853F78DB4750-LeaderElection54: PRE_VOTE REJECTED received 0 response(s) and 2 exception(s):
2025-09-13 17:31:50,487 [e114cbd1-8f45-4cc5-a8b1-e2bd6cad48a0@group-853F78DB4750-LeaderElection54] INFO  impl.LeaderElection (LogUtils.java:infoOrTrace(142)) -   Exception 0: java.util.concurrent.ExecutionException: org.apache.ratis.thirdparty.io.grpc.StatusRuntimeException: UNAVAILABLE: io exception
2025-09-13 17:31:50,487 [e114cbd1-8f45-4cc5-a8b1-e2bd6cad48a0@group-853F78DB4750-LeaderElection54] INFO  impl.LeaderElection (LogUtils.java:infoOrTrace(142)) -   Exception 1: java.util.concurrent.ExecutionException: org.apache.ratis.thirdparty.io.grpc.StatusRuntimeException: UNAVAILABLE: io exception
2025-09-13 17:31:50,487 [e114cbd1-8f45-4cc5-a8b1-e2bd6cad48a0@group-853F78DB4750-LeaderElection54] INFO  impl.LeaderElection (LeaderElection.java:askForVotes(450)) - e114cbd1-8f45-4cc5-a8b1-e2bd6cad48a0@group-853F78DB4750-LeaderElection54 PRE_VOTE round 0: result REJECTED
2025-09-13 17:31:50,487 [e114cbd1-8f45-4cc5-a8b1-e2bd6cad48a0@group-853F78DB4750-LeaderElection54] INFO  server.RaftServer$Division (RaftServerImpl.java:setRole(392)) - e114cbd1-8f45-4cc5-a8b1-e2bd6cad48a0@group-853F78DB4750: changes role from CANDIDATE to FOLLOWER at term 1 for REJECTED
2025-09-13 17:31:50,487 [e114cbd1-8f45-4cc5-a8b1-e2bd6cad48a0@group-853F78DB4750-LeaderElection54] INFO  impl.RoleInfo (RoleInfo.java:shutdownLeaderElection(141)) - e114cbd1-8f45-4cc5-a8b1-e2bd6cad48a0: shutdown e114cbd1-8f45-4cc5-a8b1-e2bd6cad48a0@group-853F78DB4750-LeaderElection54
2025-09-13 17:31:50,487 [e114cbd1-8f45-4cc5-a8b1-e2bd6cad48a0@group-853F78DB4750-LeaderElection54] INFO  impl.RoleInfo (RoleInfo.java:updateAndGet(148)) - e114cbd1-8f45-4cc5-a8b1-e2bd6cad48a0: start e114cbd1-8f45-4cc5-a8b1-e2bd6cad48a0@group-853F78DB4750-FollowerState
2025-09-13 17:31:51,544 [e114cbd1-8f45-4cc5-a8b1-e2bd6cad48a0@group-23D9289878C2-FollowerState] INFO  impl.FollowerState (FollowerState.java:runImpl(161)) - e114cbd1-8f45-4cc5-a8b1-e2bd6cad48a0@group-23D9289878C2-FollowerState: change to CANDIDATE, lastRpcElapsedTime:1070278004ns, electionTimeout:1070ms
2025-09-13 17:31:51,545 [e114cbd1-8f45-4cc5-a8b1-e2bd6cad48a0@group-23D9289878C2-FollowerState] INFO  impl.RoleInfo (RoleInfo.java:shutdownFollowerState(121)) - e114cbd1-8f45-4cc5-a8b1-e2bd6cad48a0: shutdown e114cbd1-8f45-4cc5-a8b1-e2bd6cad48a0@group-23D9289878C2-FollowerState
2025-09-13 17:31:51,545 [e114cbd1-8f45-4cc5-a8b1-e2bd6cad48a0@group-23D9289878C2-FollowerState] INFO  server.RaftServer$Division (RaftServerImpl.java:setRole(392)) - e114cbd1-8f45-4cc5-a8b1-e2bd6cad48a0@group-23D9289878C2: changes role from  FOLLOWER to CANDIDATE at term 1 for changeToCandidate
2025-09-13 17:31:51,545 [e114cbd1-8f45-4cc5-a8b1-e2bd6cad48a0@group-23D9289878C2-FollowerState] INFO  impl.RoleInfo (RoleInfo.java:updateAndGet(148)) - e114cbd1-8f45-4cc5-a8b1-e2bd6cad48a0: start e114cbd1-8f45-4cc5-a8b1-e2bd6cad48a0@group-23D9289878C2-LeaderElection55
2025-09-13 17:31:51,545 [e114cbd1-8f45-4cc5-a8b1-e2bd6cad48a0@group-23D9289878C2-LeaderElection55] INFO  impl.LeaderElection (LeaderElection.java:askForVotes(448)) - e114cbd1-8f45-4cc5-a8b1-e2bd6cad48a0@group-23D9289878C2-LeaderElection55 PRE_VOTE round 0: submit vote requests at term 1 for conf: {index: 0, cur=peers:[d3aade32-661d-499d-9068-ea1550ed8656|127.0.0.1:15055, beda0dcb-37da-4cca-bea2-e222cb1bc351|127.0.0.1:15039, e114cbd1-8f45-4cc5-a8b1-e2bd6cad48a0|127.0.0.1:15047]|listeners:[], old=null}
2025-09-13 17:31:51,546 [e114cbd1-8f45-4cc5-a8b1-e2bd6cad48a0@group-23D9289878C2-LeaderElection55] INFO  impl.LeaderElection (LogUtils.java:infoOrTrace(142)) - e114cbd1-8f45-4cc5-a8b1-e2bd6cad48a0@group-23D9289878C2-LeaderElection55 got exception when requesting votes: java.util.concurrent.ExecutionException: org.apache.ratis.thirdparty.io.grpc.StatusRuntimeException: UNAVAILABLE: io exception
2025-09-13 17:31:51,546 [e114cbd1-8f45-4cc5-a8b1-e2bd6cad48a0@group-23D9289878C2-LeaderElection55] INFO  impl.LeaderElection (LogUtils.java:infoOrTrace(142)) - e114cbd1-8f45-4cc5-a8b1-e2bd6cad48a0@group-23D9289878C2-LeaderElection55 got exception when requesting votes: java.util.concurrent.ExecutionException: org.apache.ratis.thirdparty.io.grpc.StatusRuntimeException: UNAVAILABLE: io exception
2025-09-13 17:31:51,546 [e114cbd1-8f45-4cc5-a8b1-e2bd6cad48a0@group-23D9289878C2-LeaderElection55] INFO  impl.LeaderElection (LeaderElection.java:logAndReturn(206)) - e114cbd1-8f45-4cc5-a8b1-e2bd6cad48a0@group-23D9289878C2-LeaderElection55: PRE_VOTE REJECTED received 0 response(s) and 2 exception(s):
2025-09-13 17:31:51,546 [e114cbd1-8f45-4cc5-a8b1-e2bd6cad48a0@group-23D9289878C2-LeaderElection55] INFO  impl.LeaderElection (LogUtils.java:infoOrTrace(142)) -   Exception 0: java.util.concurrent.ExecutionException: org.apache.ratis.thirdparty.io.grpc.StatusRuntimeException: UNAVAILABLE: io exception
2025-09-13 17:31:51,546 [e114cbd1-8f45-4cc5-a8b1-e2bd6cad48a0@group-23D9289878C2-LeaderElection55] INFO  impl.LeaderElection (LogUtils.java:infoOrTrace(142)) -   Exception 1: java.util.concurrent.ExecutionException: org.apache.ratis.thirdparty.io.grpc.StatusRuntimeException: UNAVAILABLE: io exception
2025-09-13 17:31:51,546 [e114cbd1-8f45-4cc5-a8b1-e2bd6cad48a0@group-23D9289878C2-LeaderElection55] INFO  impl.LeaderElection (LeaderElection.java:askForVotes(450)) - e114cbd1-8f45-4cc5-a8b1-e2bd6cad48a0@group-23D9289878C2-LeaderElection55 PRE_VOTE round 0: result REJECTED
2025-09-13 17:31:51,546 [e114cbd1-8f45-4cc5-a8b1-e2bd6cad48a0@group-23D9289878C2-LeaderElection55] INFO  server.RaftServer$Division (RaftServerImpl.java:setRole(392)) - e114cbd1-8f45-4cc5-a8b1-e2bd6cad48a0@group-23D9289878C2: changes role from CANDIDATE to FOLLOWER at term 1 for REJECTED
2025-09-13 17:31:51,546 [e114cbd1-8f45-4cc5-a8b1-e2bd6cad48a0@group-23D9289878C2-LeaderElection55] INFO  impl.RoleInfo (RoleInfo.java:shutdownLeaderElection(141)) - e114cbd1-8f45-4cc5-a8b1-e2bd6cad48a0: shutdown e114cbd1-8f45-4cc5-a8b1-e2bd6cad48a0@group-23D9289878C2-LeaderElection55
2025-09-13 17:31:51,546 [e114cbd1-8f45-4cc5-a8b1-e2bd6cad48a0@group-23D9289878C2-LeaderElection55] INFO  impl.RoleInfo (RoleInfo.java:updateAndGet(148)) - e114cbd1-8f45-4cc5-a8b1-e2bd6cad48a0: start e114cbd1-8f45-4cc5-a8b1-e2bd6cad48a0@group-23D9289878C2-FollowerState
2025-09-13 17:31:51,619 [e114cbd1-8f45-4cc5-a8b1-e2bd6cad48a0@group-853F78DB4750-FollowerState] INFO  impl.FollowerState (FollowerState.java:runImpl(161)) - e114cbd1-8f45-4cc5-a8b1-e2bd6cad48a0@group-853F78DB4750-FollowerState: change to CANDIDATE, lastRpcElapsedTime:1132529044ns, electionTimeout:1132ms
2025-09-13 17:31:51,619 [e114cbd1-8f45-4cc5-a8b1-e2bd6cad48a0@group-853F78DB4750-FollowerState] INFO  impl.RoleInfo (RoleInfo.java:shutdownFollowerState(121)) - e114cbd1-8f45-4cc5-a8b1-e2bd6cad48a0: shutdown e114cbd1-8f45-4cc5-a8b1-e2bd6cad48a0@group-853F78DB4750-FollowerState
2025-09-13 17:31:51,620 [e114cbd1-8f45-4cc5-a8b1-e2bd6cad48a0@group-853F78DB4750-FollowerState] INFO  server.RaftServer$Division (RaftServerImpl.java:setRole(392)) - e114cbd1-8f45-4cc5-a8b1-e2bd6cad48a0@group-853F78DB4750: changes role from  FOLLOWER to CANDIDATE at term 1 for changeToCandidate
2025-09-13 17:31:51,620 [e114cbd1-8f45-4cc5-a8b1-e2bd6cad48a0@group-853F78DB4750-FollowerState] INFO  impl.RoleInfo (RoleInfo.java:updateAndGet(148)) - e114cbd1-8f45-4cc5-a8b1-e2bd6cad48a0: start e114cbd1-8f45-4cc5-a8b1-e2bd6cad48a0@group-853F78DB4750-LeaderElection56
2025-09-13 17:31:51,620 [e114cbd1-8f45-4cc5-a8b1-e2bd6cad48a0@group-853F78DB4750-LeaderElection56] INFO  impl.LeaderElection (LeaderElection.java:askForVotes(448)) - e114cbd1-8f45-4cc5-a8b1-e2bd6cad48a0@group-853F78DB4750-LeaderElection56 PRE_VOTE round 0: submit vote requests at term 1 for conf: {index: 0, cur=peers:[d3aade32-661d-499d-9068-ea1550ed8656|127.0.0.1:15055, beda0dcb-37da-4cca-bea2-e222cb1bc351|127.0.0.1:15039, e114cbd1-8f45-4cc5-a8b1-e2bd6cad48a0|127.0.0.1:15047]|listeners:[], old=null}
2025-09-13 17:31:51,621 [e114cbd1-8f45-4cc5-a8b1-e2bd6cad48a0@group-853F78DB4750-LeaderElection56] INFO  impl.LeaderElection (LogUtils.java:infoOrTrace(142)) - e114cbd1-8f45-4cc5-a8b1-e2bd6cad48a0@group-853F78DB4750-LeaderElection56 got exception when requesting votes: java.util.concurrent.ExecutionException: org.apache.ratis.thirdparty.io.grpc.StatusRuntimeException: UNAVAILABLE: io exception
2025-09-13 17:31:51,621 [e114cbd1-8f45-4cc5-a8b1-e2bd6cad48a0@group-853F78DB4750-LeaderElection56] INFO  impl.LeaderElection (LogUtils.java:infoOrTrace(142)) - e114cbd1-8f45-4cc5-a8b1-e2bd6cad48a0@group-853F78DB4750-LeaderElection56 got exception when requesting votes: java.util.concurrent.ExecutionException: org.apache.ratis.thirdparty.io.grpc.StatusRuntimeException: UNAVAILABLE: io exception
2025-09-13 17:31:51,621 [e114cbd1-8f45-4cc5-a8b1-e2bd6cad48a0@group-853F78DB4750-LeaderElection56] INFO  impl.LeaderElection (LeaderElection.java:logAndReturn(206)) - e114cbd1-8f45-4cc5-a8b1-e2bd6cad48a0@group-853F78DB4750-LeaderElection56: PRE_VOTE REJECTED received 0 response(s) and 2 exception(s):
2025-09-13 17:31:51,621 [e114cbd1-8f45-4cc5-a8b1-e2bd6cad48a0@group-853F78DB4750-LeaderElection56] INFO  impl.LeaderElection (LogUtils.java:infoOrTrace(142)) -   Exception 0: java.util.concurrent.ExecutionException: org.apache.ratis.thirdparty.io.grpc.StatusRuntimeException: UNAVAILABLE: io exception
2025-09-13 17:31:51,621 [e114cbd1-8f45-4cc5-a8b1-e2bd6cad48a0@group-853F78DB4750-LeaderElection56] INFO  impl.LeaderElection (LogUtils.java:infoOrTrace(142)) -   Exception 1: java.util.concurrent.ExecutionException: org.apache.ratis.thirdparty.io.grpc.StatusRuntimeException: UNAVAILABLE: io exception
2025-09-13 17:31:51,621 [e114cbd1-8f45-4cc5-a8b1-e2bd6cad48a0@group-853F78DB4750-LeaderElection56] INFO  impl.LeaderElection (LeaderElection.java:askForVotes(450)) - e114cbd1-8f45-4cc5-a8b1-e2bd6cad48a0@group-853F78DB4750-LeaderElection56 PRE_VOTE round 0: result REJECTED
2025-09-13 17:31:51,621 [e114cbd1-8f45-4cc5-a8b1-e2bd6cad48a0@group-853F78DB4750-LeaderElection56] INFO  server.RaftServer$Division (RaftServerImpl.java:setRole(392)) - e114cbd1-8f45-4cc5-a8b1-e2bd6cad48a0@group-853F78DB4750: changes role from CANDIDATE to FOLLOWER at term 1 for REJECTED
2025-09-13 17:31:51,621 [e114cbd1-8f45-4cc5-a8b1-e2bd6cad48a0@group-853F78DB4750-LeaderElection56] INFO  impl.RoleInfo (RoleInfo.java:shutdownLeaderElection(141)) - e114cbd1-8f45-4cc5-a8b1-e2bd6cad48a0: shutdown e114cbd1-8f45-4cc5-a8b1-e2bd6cad48a0@group-853F78DB4750-LeaderElection56
2025-09-13 17:31:51,621 [e114cbd1-8f45-4cc5-a8b1-e2bd6cad48a0@group-853F78DB4750-LeaderElection56] INFO  impl.RoleInfo (RoleInfo.java:updateAndGet(148)) - e114cbd1-8f45-4cc5-a8b1-e2bd6cad48a0: start e114cbd1-8f45-4cc5-a8b1-e2bd6cad48a0@group-853F78DB4750-FollowerState
2025-09-13 17:31:52,601 [e114cbd1-8f45-4cc5-a8b1-e2bd6cad48a0@group-23D9289878C2-FollowerState] INFO  impl.FollowerState (FollowerState.java:runImpl(161)) - e114cbd1-8f45-4cc5-a8b1-e2bd6cad48a0@group-23D9289878C2-FollowerState: change to CANDIDATE, lastRpcElapsedTime:1055333235ns, electionTimeout:1055ms
2025-09-13 17:31:52,602 [e114cbd1-8f45-4cc5-a8b1-e2bd6cad48a0@group-23D9289878C2-FollowerState] INFO  impl.RoleInfo (RoleInfo.java:shutdownFollowerState(121)) - e114cbd1-8f45-4cc5-a8b1-e2bd6cad48a0: shutdown e114cbd1-8f45-4cc5-a8b1-e2bd6cad48a0@group-23D9289878C2-FollowerState
2025-09-13 17:31:52,602 [e114cbd1-8f45-4cc5-a8b1-e2bd6cad48a0@group-23D9289878C2-FollowerState] INFO  server.RaftServer$Division (RaftServerImpl.java:setRole(392)) - e114cbd1-8f45-4cc5-a8b1-e2bd6cad48a0@group-23D9289878C2: changes role from  FOLLOWER to CANDIDATE at term 1 for changeToCandidate
2025-09-13 17:31:52,602 [e114cbd1-8f45-4cc5-a8b1-e2bd6cad48a0@group-23D9289878C2-FollowerState] INFO  impl.RoleInfo (RoleInfo.java:updateAndGet(148)) - e114cbd1-8f45-4cc5-a8b1-e2bd6cad48a0: start e114cbd1-8f45-4cc5-a8b1-e2bd6cad48a0@group-23D9289878C2-LeaderElection57
2025-09-13 17:31:52,602 [e114cbd1-8f45-4cc5-a8b1-e2bd6cad48a0@group-23D9289878C2-LeaderElection57] INFO  impl.LeaderElection (LeaderElection.java:askForVotes(448)) - e114cbd1-8f45-4cc5-a8b1-e2bd6cad48a0@group-23D9289878C2-LeaderElection57 PRE_VOTE round 0: submit vote requests at term 1 for conf: {index: 0, cur=peers:[d3aade32-661d-499d-9068-ea1550ed8656|127.0.0.1:15055, beda0dcb-37da-4cca-bea2-e222cb1bc351|127.0.0.1:15039, e114cbd1-8f45-4cc5-a8b1-e2bd6cad48a0|127.0.0.1:15047]|listeners:[], old=null}
2025-09-13 17:31:52,603 [e114cbd1-8f45-4cc5-a8b1-e2bd6cad48a0@group-23D9289878C2-LeaderElection57] INFO  impl.LeaderElection (LogUtils.java:infoOrTrace(142)) - e114cbd1-8f45-4cc5-a8b1-e2bd6cad48a0@group-23D9289878C2-LeaderElection57 got exception when requesting votes: java.util.concurrent.ExecutionException: org.apache.ratis.thirdparty.io.grpc.StatusRuntimeException: UNAVAILABLE: io exception
2025-09-13 17:31:52,603 [e114cbd1-8f45-4cc5-a8b1-e2bd6cad48a0@group-23D9289878C2-LeaderElection57] INFO  impl.LeaderElection (LogUtils.java:infoOrTrace(142)) - e114cbd1-8f45-4cc5-a8b1-e2bd6cad48a0@group-23D9289878C2-LeaderElection57 got exception when requesting votes: java.util.concurrent.ExecutionException: org.apache.ratis.thirdparty.io.grpc.StatusRuntimeException: UNAVAILABLE: io exception
2025-09-13 17:31:52,603 [e114cbd1-8f45-4cc5-a8b1-e2bd6cad48a0@group-23D9289878C2-LeaderElection57] INFO  impl.LeaderElection (LeaderElection.java:logAndReturn(206)) - e114cbd1-8f45-4cc5-a8b1-e2bd6cad48a0@group-23D9289878C2-LeaderElection57: PRE_VOTE REJECTED received 0 response(s) and 2 exception(s):
2025-09-13 17:31:52,603 [e114cbd1-8f45-4cc5-a8b1-e2bd6cad48a0@group-23D9289878C2-LeaderElection57] INFO  impl.LeaderElection (LogUtils.java:infoOrTrace(142)) -   Exception 0: java.util.concurrent.ExecutionException: org.apache.ratis.thirdparty.io.grpc.StatusRuntimeException: UNAVAILABLE: io exception
2025-09-13 17:31:52,603 [e114cbd1-8f45-4cc5-a8b1-e2bd6cad48a0@group-23D9289878C2-LeaderElection57] INFO  impl.LeaderElection (LogUtils.java:infoOrTrace(142)) -   Exception 1: java.util.concurrent.ExecutionException: org.apache.ratis.thirdparty.io.grpc.StatusRuntimeException: UNAVAILABLE: io exception
2025-09-13 17:31:52,603 [e114cbd1-8f45-4cc5-a8b1-e2bd6cad48a0@group-23D9289878C2-LeaderElection57] INFO  impl.LeaderElection (LeaderElection.java:askForVotes(450)) - e114cbd1-8f45-4cc5-a8b1-e2bd6cad48a0@group-23D9289878C2-LeaderElection57 PRE_VOTE round 0: result REJECTED
2025-09-13 17:31:52,603 [e114cbd1-8f45-4cc5-a8b1-e2bd6cad48a0@group-23D9289878C2-LeaderElection57] INFO  server.RaftServer$Division (RaftServerImpl.java:setRole(392)) - e114cbd1-8f45-4cc5-a8b1-e2bd6cad48a0@group-23D9289878C2: changes role from CANDIDATE to FOLLOWER at term 1 for REJECTED
2025-09-13 17:31:52,603 [e114cbd1-8f45-4cc5-a8b1-e2bd6cad48a0@group-23D9289878C2-LeaderElection57] INFO  impl.RoleInfo (RoleInfo.java:shutdownLeaderElection(141)) - e114cbd1-8f45-4cc5-a8b1-e2bd6cad48a0: shutdown e114cbd1-8f45-4cc5-a8b1-e2bd6cad48a0@group-23D9289878C2-LeaderElection57
2025-09-13 17:31:52,603 [e114cbd1-8f45-4cc5-a8b1-e2bd6cad48a0@group-23D9289878C2-LeaderElection57] INFO  impl.RoleInfo (RoleInfo.java:updateAndGet(148)) - e114cbd1-8f45-4cc5-a8b1-e2bd6cad48a0: start e114cbd1-8f45-4cc5-a8b1-e2bd6cad48a0@group-23D9289878C2-FollowerState
2025-09-13 17:31:52,721 [grpc-default-executor-0] ERROR impl.OrderedAsync (OrderedAsync.java:lambda$null$6(215)) -  client-BBD0EFB882BC: Failed* RaftClientRequest:client-BBD0EFB882BC->beda0dcb-37da-4cca-bea2-e222cb1bc351@group-23D9289878C2, cid=22, seq=4*, RW, cmdType: WriteChunk
traceID: ""
containerID: 1
datanodeUuid: "d3aade32-661d-499d-9068-ea1550ed8656"
writeChunk {
  blockID {
    containerID: 1
    localID: 115816896921600001
    blockCommitSequenceId: 2
    replicaIndex: 0
  }
  chunkData {
    chunkName: "115816896921600001_chunk_2"
    offset: 1048576
    len: 1048576
    checksumData {
      type: CRC32
      bytesPerChecksum: 16384
      checksums: "\326\360U\321"
      checksums: "\326\360U\321"
      checksums: "\326\360U\321"
      checksums: "\326\360U\321"
      checksums: "\326\360U\321"
      checksums: "\326\360U\321"
      checksums: "\326\360U\321"
      checksums: "\326\360U\321"
      checksums: "\326\360U\321"
      checksums: "\326\360U\321"
      checksums: "\326\360U\321"
      checksums: "\326\360U\321"
      checksums: "\326\360U\321"
      checksums: "\326\360U\321"
      checksums: "\326\360U\321"
      checksums: "\326\360U\321"
      checksums: "\326\360U\321"
      checksums: "\326\360U\321"
      checksums: "\326\360U\321"
      checksums: "\326\360U\321"
      checksums: "\326\360U\321"
      checksums: "\326\360U\321"
      checksums: "\326\360U\321"
      checksums: "\326\360U\321"
      checksums: "\326\360U\321"
      checksums: "\326\360U\321"
      checksums: "\326\360U\321"
      checksums: "\326\360U\321"
      checksums: "\326\360U\321"
      checksums: "\326\360U\321"
      checksums: "\326\360U\321"
      checksums: "\326\360U\321"
      checksums: "\326\360U\321"
      checksums: "\326\360U\321"
      checksums: "\326\360U\321"
      checksums: "\326\360U\321"
      checksums: "\326\360U\321"
      checksums: "\326\360U\321"
      checksums: "\326\360U\321"
      checksums: "\326\360U\321"
      checksums: "\326\360U\321"
      checksums: "\326\360U\321"
      checksums: "\326\360U\321"
      checksums: "\326\360U\321"
      checksums: "\326\360U\321"
      checksums: "\326\360U\321"
      checksums: "\326\360U\321"
      checksums: "\326\360U\321"
      checksums: "\326\360U\321"
      checksums: "\326\360U\321"
      checksums: "\326\360U\321"
      checksums: "\326\360U\321"
      checksums: "\326\360U\321"
      checksums: "\326\360U\321"
      checksums: "\326\360U\321"
      checksums: "\326\360U\321"
      checksums: "\326\360U\321"
      checksums: "\326\360U\321"
      checksums: "\326\360U\321"
      checksums: "\326\360U\321"
      checksums: "\326\360U\321"
      checksums: "\326\360U\321"
      checksums: "\326\360U\321"
      checksums: "\277r/p"
    }
  }
}
version: 3
, data.size=1048576
java.util.concurrent.CompletionException: java.io.IOException: org.apache.ratis.thirdparty.io.grpc.StatusRuntimeException: UNAVAILABLE: io exception
	at java.base/java.util.concurrent.CompletableFuture.encodeThrowable(CompletableFuture.java:332)
	at java.base/java.util.concurrent.CompletableFuture.completeThrowable(CompletableFuture.java:347)
	at java.base/java.util.concurrent.CompletableFuture$UniAccept.tryFire(CompletableFuture.java:708)
	at java.base/java.util.concurrent.CompletableFuture.postComplete(CompletableFuture.java:510)
	at java.base/java.util.concurrent.CompletableFuture.completeExceptionally(CompletableFuture.java:2194)
	at org.apache.ratis.grpc.client.GrpcClientProtocolClient$AsyncStreamObservers.completeReplyExceptionally(GrpcClientProtocolClient.java:397)
	at org.apache.ratis.grpc.client.GrpcClientProtocolClient$AsyncStreamObservers.access$000(GrpcClientProtocolClient.java:303)
	at org.apache.ratis.grpc.client.GrpcClientProtocolClient$AsyncStreamObservers$1.onError(GrpcClientProtocolClient.java:334)
	at org.apache.ratis.thirdparty.io.grpc.stub.ClientCalls$StreamObserverToCallListenerAdapter.onClose(ClientCalls.java:564)
	at org.apache.ratis.thirdparty.io.grpc.PartialForwardingClientCallListener.onClose(PartialForwardingClientCallListener.java:39)
	at org.apache.ratis.thirdparty.io.grpc.ForwardingClientCallListener.onClose(ForwardingClientCallListener.java:23)
	at org.apache.ratis.grpc.metrics.intercept.client.MetricClientCallListener.onClose(MetricClientCallListener.java:47)
	at org.apache.ratis.thirdparty.io.grpc.internal.ClientCallImpl.closeObserver(ClientCallImpl.java:565)
	at org.apache.ratis.thirdparty.io.grpc.internal.ClientCallImpl.access$100(ClientCallImpl.java:72)
	at org.apache.ratis.thirdparty.io.grpc.internal.ClientCallImpl$ClientStreamListenerImpl$1StreamClosed.runInternal(ClientCallImpl.java:733)
	at org.apache.ratis.thirdparty.io.grpc.internal.ClientCallImpl$ClientStreamListenerImpl$1StreamClosed.runInContext(ClientCallImpl.java:714)
	at org.apache.ratis.thirdparty.io.grpc.internal.ContextRunnable.run(ContextRunnable.java:37)
	at org.apache.ratis.thirdparty.io.grpc.internal.SerializingExecutor.run(SerializingExecutor.java:133)
	at java.base/java.util.concurrent.ThreadPoolExecutor.runWorker(ThreadPoolExecutor.java:1144)
	at java.base/java.util.concurrent.ThreadPoolExecutor$Worker.run(ThreadPoolExecutor.java:642)
	at java.base/java.lang.Thread.run(Thread.java:1583)
Caused by: java.io.IOException: org.apache.ratis.thirdparty.io.grpc.StatusRuntimeException: UNAVAILABLE: io exception
	at org.apache.ratis.grpc.GrpcUtil.unwrapException(GrpcUtil.java:99)
	at org.apache.ratis.grpc.GrpcUtil.unwrapIOException(GrpcUtil.java:159)
	at org.apache.ratis.grpc.client.GrpcClientProtocolClient$AsyncStreamObservers$1.onError(GrpcClientProtocolClient.java:333)
	... 13 more
Caused by: org.apache.ratis.thirdparty.io.grpc.StatusRuntimeException: UNAVAILABLE: io exception
	at org.apache.ratis.thirdparty.io.grpc.Status.asRuntimeException(Status.java:532)
	... 13 more
Caused by: org.apache.ratis.thirdparty.io.netty.channel.AbstractChannel$AnnotatedConnectException: finishConnect(..) failed: Connection refused: /127.0.0.1:15037
Caused by: java.net.ConnectException: finishConnect(..) failed: Connection refused
	at org.apache.ratis.thirdparty.io.netty.channel.unix.Errors.newConnectException0(Errors.java:166)
	at org.apache.ratis.thirdparty.io.netty.channel.unix.Errors.handleConnectErrno(Errors.java:131)
	at org.apache.ratis.thirdparty.io.netty.channel.unix.Socket.finishConnect(Socket.java:359)
	at org.apache.ratis.thirdparty.io.netty.channel.epoll.AbstractEpollChannel$AbstractEpollUnsafe.doFinishConnect(AbstractEpollChannel.java:715)
	at org.apache.ratis.thirdparty.io.netty.channel.epoll.AbstractEpollChannel$AbstractEpollUnsafe.finishConnect(AbstractEpollChannel.java:692)
	at org.apache.ratis.thirdparty.io.netty.channel.epoll.AbstractEpollChannel$AbstractEpollUnsafe.epollOutReady(AbstractEpollChannel.java:567)
	at org.apache.ratis.thirdparty.io.netty.channel.epoll.EpollEventLoop.processReady(EpollEventLoop.java:491)
	at org.apache.ratis.thirdparty.io.netty.channel.epoll.EpollEventLoop.run(EpollEventLoop.java:399)
	at org.apache.ratis.thirdparty.io.netty.util.concurrent.SingleThreadEventExecutor$4.run(SingleThreadEventExecutor.java:998)
	at org.apache.ratis.thirdparty.io.netty.util.internal.ThreadExecutorMap$2.run(ThreadExecutorMap.java:74)
	at org.apache.ratis.thirdparty.io.netty.util.concurrent.FastThreadLocalRunnable.run(FastThreadLocalRunnable.java:30)
	at java.base/java.lang.Thread.run(Thread.java:1583)
2025-09-13 17:31:52,790 [e114cbd1-8f45-4cc5-a8b1-e2bd6cad48a0@group-853F78DB4750-FollowerState] INFO  impl.FollowerState (FollowerState.java:runImpl(161)) - e114cbd1-8f45-4cc5-a8b1-e2bd6cad48a0@group-853F78DB4750-FollowerState: change to CANDIDATE, lastRpcElapsedTime:1168477695ns, electionTimeout:1168ms
2025-09-13 17:31:52,790 [e114cbd1-8f45-4cc5-a8b1-e2bd6cad48a0@group-853F78DB4750-FollowerState] INFO  impl.RoleInfo (RoleInfo.java:shutdownFollowerState(121)) - e114cbd1-8f45-4cc5-a8b1-e2bd6cad48a0: shutdown e114cbd1-8f45-4cc5-a8b1-e2bd6cad48a0@group-853F78DB4750-FollowerState
2025-09-13 17:31:52,790 [e114cbd1-8f45-4cc5-a8b1-e2bd6cad48a0@group-853F78DB4750-FollowerState] INFO  server.RaftServer$Division (RaftServerImpl.java:setRole(392)) - e114cbd1-8f45-4cc5-a8b1-e2bd6cad48a0@group-853F78DB4750: changes role from  FOLLOWER to CANDIDATE at term 1 for changeToCandidate
2025-09-13 17:31:52,790 [e114cbd1-8f45-4cc5-a8b1-e2bd6cad48a0@group-853F78DB4750-FollowerState] INFO  impl.RoleInfo (RoleInfo.java:updateAndGet(148)) - e114cbd1-8f45-4cc5-a8b1-e2bd6cad48a0: start e114cbd1-8f45-4cc5-a8b1-e2bd6cad48a0@group-853F78DB4750-LeaderElection58
2025-09-13 17:31:52,790 [e114cbd1-8f45-4cc5-a8b1-e2bd6cad48a0@group-853F78DB4750-LeaderElection58] INFO  impl.LeaderElection (LeaderElection.java:askForVotes(448)) - e114cbd1-8f45-4cc5-a8b1-e2bd6cad48a0@group-853F78DB4750-LeaderElection58 PRE_VOTE round 0: submit vote requests at term 1 for conf: {index: 0, cur=peers:[d3aade32-661d-499d-9068-ea1550ed8656|127.0.0.1:15055, beda0dcb-37da-4cca-bea2-e222cb1bc351|127.0.0.1:15039, e114cbd1-8f45-4cc5-a8b1-e2bd6cad48a0|127.0.0.1:15047]|listeners:[], old=null}
2025-09-13 17:31:52,791 [e114cbd1-8f45-4cc5-a8b1-e2bd6cad48a0@group-853F78DB4750-LeaderElection58] INFO  impl.LeaderElection (LogUtils.java:infoOrTrace(142)) - e114cbd1-8f45-4cc5-a8b1-e2bd6cad48a0@group-853F78DB4750-LeaderElection58 got exception when requesting votes: java.util.concurrent.ExecutionException: org.apache.ratis.thirdparty.io.grpc.StatusRuntimeException: UNAVAILABLE: io exception
2025-09-13 17:31:52,791 [e114cbd1-8f45-4cc5-a8b1-e2bd6cad48a0@group-853F78DB4750-LeaderElection58] INFO  impl.LeaderElection (LogUtils.java:infoOrTrace(142)) - e114cbd1-8f45-4cc5-a8b1-e2bd6cad48a0@group-853F78DB4750-LeaderElection58 got exception when requesting votes: java.util.concurrent.ExecutionException: org.apache.ratis.thirdparty.io.grpc.StatusRuntimeException: UNAVAILABLE: io exception
2025-09-13 17:31:52,791 [e114cbd1-8f45-4cc5-a8b1-e2bd6cad48a0@group-853F78DB4750-LeaderElection58] INFO  impl.LeaderElection (LeaderElection.java:logAndReturn(206)) - e114cbd1-8f45-4cc5-a8b1-e2bd6cad48a0@group-853F78DB4750-LeaderElection58: PRE_VOTE REJECTED received 0 response(s) and 2 exception(s):
2025-09-13 17:31:52,791 [e114cbd1-8f45-4cc5-a8b1-e2bd6cad48a0@group-853F78DB4750-LeaderElection58] INFO  impl.LeaderElection (LogUtils.java:infoOrTrace(142)) -   Exception 0: java.util.concurrent.ExecutionException: org.apache.ratis.thirdparty.io.grpc.StatusRuntimeException: UNAVAILABLE: io exception
2025-09-13 17:31:52,791 [e114cbd1-8f45-4cc5-a8b1-e2bd6cad48a0@group-853F78DB4750-LeaderElection58] INFO  impl.LeaderElection (LogUtils.java:infoOrTrace(142)) -   Exception 1: java.util.concurrent.ExecutionException: org.apache.ratis.thirdparty.io.grpc.StatusRuntimeException: UNAVAILABLE: io exception
2025-09-13 17:31:52,792 [e114cbd1-8f45-4cc5-a8b1-e2bd6cad48a0@group-853F78DB4750-LeaderElection58] INFO  impl.LeaderElection (LeaderElection.java:askForVotes(450)) - e114cbd1-8f45-4cc5-a8b1-e2bd6cad48a0@group-853F78DB4750-LeaderElection58 PRE_VOTE round 0: result REJECTED
2025-09-13 17:31:52,792 [e114cbd1-8f45-4cc5-a8b1-e2bd6cad48a0@group-853F78DB4750-LeaderElection58] INFO  server.RaftServer$Division (RaftServerImpl.java:setRole(392)) - e114cbd1-8f45-4cc5-a8b1-e2bd6cad48a0@group-853F78DB4750: changes role from CANDIDATE to FOLLOWER at term 1 for REJECTED
2025-09-13 17:31:52,792 [e114cbd1-8f45-4cc5-a8b1-e2bd6cad48a0@group-853F78DB4750-LeaderElection58] INFO  impl.RoleInfo (RoleInfo.java:shutdownLeaderElection(141)) - e114cbd1-8f45-4cc5-a8b1-e2bd6cad48a0: shutdown e114cbd1-8f45-4cc5-a8b1-e2bd6cad48a0@group-853F78DB4750-LeaderElection58
2025-09-13 17:31:52,792 [e114cbd1-8f45-4cc5-a8b1-e2bd6cad48a0@group-853F78DB4750-LeaderElection58] INFO  impl.RoleInfo (RoleInfo.java:updateAndGet(148)) - e114cbd1-8f45-4cc5-a8b1-e2bd6cad48a0: start e114cbd1-8f45-4cc5-a8b1-e2bd6cad48a0@group-853F78DB4750-FollowerState
2025-09-13 17:31:53,672 [e114cbd1-8f45-4cc5-a8b1-e2bd6cad48a0@group-23D9289878C2-FollowerState] INFO  impl.FollowerState (FollowerState.java:runImpl(161)) - e114cbd1-8f45-4cc5-a8b1-e2bd6cad48a0@group-23D9289878C2-FollowerState: change to CANDIDATE, lastRpcElapsedTime:1068325890ns, electionTimeout:1068ms
2025-09-13 17:31:53,672 [e114cbd1-8f45-4cc5-a8b1-e2bd6cad48a0@group-23D9289878C2-FollowerState] INFO  impl.RoleInfo (RoleInfo.java:shutdownFollowerState(121)) - e114cbd1-8f45-4cc5-a8b1-e2bd6cad48a0: shutdown e114cbd1-8f45-4cc5-a8b1-e2bd6cad48a0@group-23D9289878C2-FollowerState
2025-09-13 17:31:53,672 [e114cbd1-8f45-4cc5-a8b1-e2bd6cad48a0@group-23D9289878C2-FollowerState] INFO  server.RaftServer$Division (RaftServerImpl.java:setRole(392)) - e114cbd1-8f45-4cc5-a8b1-e2bd6cad48a0@group-23D9289878C2: changes role from  FOLLOWER to CANDIDATE at term 1 for changeToCandidate
2025-09-13 17:31:53,672 [e114cbd1-8f45-4cc5-a8b1-e2bd6cad48a0@group-23D9289878C2-FollowerState] INFO  impl.RoleInfo (RoleInfo.java:updateAndGet(148)) - e114cbd1-8f45-4cc5-a8b1-e2bd6cad48a0: start e114cbd1-8f45-4cc5-a8b1-e2bd6cad48a0@group-23D9289878C2-LeaderElection59
2025-09-13 17:31:53,672 [e114cbd1-8f45-4cc5-a8b1-e2bd6cad48a0@group-23D9289878C2-LeaderElection59] INFO  impl.LeaderElection (LeaderElection.java:askForVotes(448)) - e114cbd1-8f45-4cc5-a8b1-e2bd6cad48a0@group-23D9289878C2-LeaderElection59 PRE_VOTE round 0: submit vote requests at term 1 for conf: {index: 0, cur=peers:[d3aade32-661d-499d-9068-ea1550ed8656|127.0.0.1:15055, beda0dcb-37da-4cca-bea2-e222cb1bc351|127.0.0.1:15039, e114cbd1-8f45-4cc5-a8b1-e2bd6cad48a0|127.0.0.1:15047]|listeners:[], old=null}
2025-09-13 17:31:53,673 [e114cbd1-8f45-4cc5-a8b1-e2bd6cad48a0@group-23D9289878C2-LeaderElection59] INFO  impl.LeaderElection (LogUtils.java:infoOrTrace(142)) - e114cbd1-8f45-4cc5-a8b1-e2bd6cad48a0@group-23D9289878C2-LeaderElection59 got exception when requesting votes: java.util.concurrent.ExecutionException: org.apache.ratis.thirdparty.io.grpc.StatusRuntimeException: UNAVAILABLE: io exception
2025-09-13 17:31:53,673 [e114cbd1-8f45-4cc5-a8b1-e2bd6cad48a0@group-23D9289878C2-LeaderElection59] INFO  impl.LeaderElection (LogUtils.java:infoOrTrace(142)) - e114cbd1-8f45-4cc5-a8b1-e2bd6cad48a0@group-23D9289878C2-LeaderElection59 got exception when requesting votes: java.util.concurrent.ExecutionException: org.apache.ratis.thirdparty.io.grpc.StatusRuntimeException: UNAVAILABLE: io exception
2025-09-13 17:31:53,673 [e114cbd1-8f45-4cc5-a8b1-e2bd6cad48a0@group-23D9289878C2-LeaderElection59] INFO  impl.LeaderElection (LeaderElection.java:logAndReturn(206)) - e114cbd1-8f45-4cc5-a8b1-e2bd6cad48a0@group-23D9289878C2-LeaderElection59: PRE_VOTE REJECTED received 0 response(s) and 2 exception(s):
2025-09-13 17:31:53,673 [e114cbd1-8f45-4cc5-a8b1-e2bd6cad48a0@group-23D9289878C2-LeaderElection59] INFO  impl.LeaderElection (LogUtils.java:infoOrTrace(142)) -   Exception 0: java.util.concurrent.ExecutionException: org.apache.ratis.thirdparty.io.grpc.StatusRuntimeException: UNAVAILABLE: io exception
2025-09-13 17:31:53,673 [e114cbd1-8f45-4cc5-a8b1-e2bd6cad48a0@group-23D9289878C2-LeaderElection59] INFO  impl.LeaderElection (LogUtils.java:infoOrTrace(142)) -   Exception 1: java.util.concurrent.ExecutionException: org.apache.ratis.thirdparty.io.grpc.StatusRuntimeException: UNAVAILABLE: io exception
2025-09-13 17:31:53,673 [e114cbd1-8f45-4cc5-a8b1-e2bd6cad48a0@group-23D9289878C2-LeaderElection59] INFO  impl.LeaderElection (LeaderElection.java:askForVotes(450)) - e114cbd1-8f45-4cc5-a8b1-e2bd6cad48a0@group-23D9289878C2-LeaderElection59 PRE_VOTE round 0: result REJECTED
2025-09-13 17:31:53,673 [e114cbd1-8f45-4cc5-a8b1-e2bd6cad48a0@group-23D9289878C2-LeaderElection59] INFO  server.RaftServer$Division (RaftServerImpl.java:setRole(392)) - e114cbd1-8f45-4cc5-a8b1-e2bd6cad48a0@group-23D9289878C2: changes role from CANDIDATE to FOLLOWER at term 1 for REJECTED
2025-09-13 17:31:53,673 [e114cbd1-8f45-4cc5-a8b1-e2bd6cad48a0@group-23D9289878C2-LeaderElection59] INFO  impl.RoleInfo (RoleInfo.java:shutdownLeaderElection(141)) - e114cbd1-8f45-4cc5-a8b1-e2bd6cad48a0: shutdown e114cbd1-8f45-4cc5-a8b1-e2bd6cad48a0@group-23D9289878C2-LeaderElection59
2025-09-13 17:31:53,673 [e114cbd1-8f45-4cc5-a8b1-e2bd6cad48a0@group-23D9289878C2-LeaderElection59] INFO  impl.RoleInfo (RoleInfo.java:updateAndGet(148)) - e114cbd1-8f45-4cc5-a8b1-e2bd6cad48a0: start e114cbd1-8f45-4cc5-a8b1-e2bd6cad48a0@group-23D9289878C2-FollowerState
2025-09-13 17:31:53,843 [e114cbd1-8f45-4cc5-a8b1-e2bd6cad48a0@group-853F78DB4750-FollowerState] INFO  impl.FollowerState (FollowerState.java:runImpl(161)) - e114cbd1-8f45-4cc5-a8b1-e2bd6cad48a0@group-853F78DB4750-FollowerState: change to CANDIDATE, lastRpcElapsedTime:1051265786ns, electionTimeout:1051ms
2025-09-13 17:31:53,843 [e114cbd1-8f45-4cc5-a8b1-e2bd6cad48a0@group-853F78DB4750-FollowerState] INFO  impl.RoleInfo (RoleInfo.java:shutdownFollowerState(121)) - e114cbd1-8f45-4cc5-a8b1-e2bd6cad48a0: shutdown e114cbd1-8f45-4cc5-a8b1-e2bd6cad48a0@group-853F78DB4750-FollowerState
2025-09-13 17:31:53,843 [e114cbd1-8f45-4cc5-a8b1-e2bd6cad48a0@group-853F78DB4750-FollowerState] INFO  server.RaftServer$Division (RaftServerImpl.java:setRole(392)) - e114cbd1-8f45-4cc5-a8b1-e2bd6cad48a0@group-853F78DB4750: changes role from  FOLLOWER to CANDIDATE at term 1 for changeToCandidate
2025-09-13 17:31:53,843 [e114cbd1-8f45-4cc5-a8b1-e2bd6cad48a0@group-853F78DB4750-FollowerState] INFO  impl.RoleInfo (RoleInfo.java:updateAndGet(148)) - e114cbd1-8f45-4cc5-a8b1-e2bd6cad48a0: start e114cbd1-8f45-4cc5-a8b1-e2bd6cad48a0@group-853F78DB4750-LeaderElection60
2025-09-13 17:31:53,844 [e114cbd1-8f45-4cc5-a8b1-e2bd6cad48a0@group-853F78DB4750-LeaderElection60] INFO  impl.LeaderElection (LeaderElection.java:askForVotes(448)) - e114cbd1-8f45-4cc5-a8b1-e2bd6cad48a0@group-853F78DB4750-LeaderElection60 PRE_VOTE round 0: submit vote requests at term 1 for conf: {index: 0, cur=peers:[d3aade32-661d-499d-9068-ea1550ed8656|127.0.0.1:15055, beda0dcb-37da-4cca-bea2-e222cb1bc351|127.0.0.1:15039, e114cbd1-8f45-4cc5-a8b1-e2bd6cad48a0|127.0.0.1:15047]|listeners:[], old=null}
2025-09-13 17:31:53,844 [e114cbd1-8f45-4cc5-a8b1-e2bd6cad48a0@group-853F78DB4750-LeaderElection60] INFO  impl.LeaderElection (LogUtils.java:infoOrTrace(142)) - e114cbd1-8f45-4cc5-a8b1-e2bd6cad48a0@group-853F78DB4750-LeaderElection60 got exception when requesting votes: java.util.concurrent.ExecutionException: org.apache.ratis.thirdparty.io.grpc.StatusRuntimeException: UNAVAILABLE: io exception
2025-09-13 17:31:53,844 [e114cbd1-8f45-4cc5-a8b1-e2bd6cad48a0@group-853F78DB4750-LeaderElection60] INFO  impl.LeaderElection (LogUtils.java:infoOrTrace(142)) - e114cbd1-8f45-4cc5-a8b1-e2bd6cad48a0@group-853F78DB4750-LeaderElection60 got exception when requesting votes: java.util.concurrent.ExecutionException: org.apache.ratis.thirdparty.io.grpc.StatusRuntimeException: UNAVAILABLE: io exception
2025-09-13 17:31:53,844 [e114cbd1-8f45-4cc5-a8b1-e2bd6cad48a0@group-853F78DB4750-LeaderElection60] INFO  impl.LeaderElection (LeaderElection.java:logAndReturn(206)) - e114cbd1-8f45-4cc5-a8b1-e2bd6cad48a0@group-853F78DB4750-LeaderElection60: PRE_VOTE REJECTED received 0 response(s) and 2 exception(s):
2025-09-13 17:31:53,844 [e114cbd1-8f45-4cc5-a8b1-e2bd6cad48a0@group-853F78DB4750-LeaderElection60] INFO  impl.LeaderElection (LogUtils.java:infoOrTrace(142)) -   Exception 0: java.util.concurrent.ExecutionException: org.apache.ratis.thirdparty.io.grpc.StatusRuntimeException: UNAVAILABLE: io exception
2025-09-13 17:31:53,844 [e114cbd1-8f45-4cc5-a8b1-e2bd6cad48a0@group-853F78DB4750-LeaderElection60] INFO  impl.LeaderElection (LogUtils.java:infoOrTrace(142)) -   Exception 1: java.util.concurrent.ExecutionException: org.apache.ratis.thirdparty.io.grpc.StatusRuntimeException: UNAVAILABLE: io exception
2025-09-13 17:31:53,844 [e114cbd1-8f45-4cc5-a8b1-e2bd6cad48a0@group-853F78DB4750-LeaderElection60] INFO  impl.LeaderElection (LeaderElection.java:askForVotes(450)) - e114cbd1-8f45-4cc5-a8b1-e2bd6cad48a0@group-853F78DB4750-LeaderElection60 PRE_VOTE round 0: result REJECTED
2025-09-13 17:31:53,845 [e114cbd1-8f45-4cc5-a8b1-e2bd6cad48a0@group-853F78DB4750-LeaderElection60] INFO  server.RaftServer$Division (RaftServerImpl.java:setRole(392)) - e114cbd1-8f45-4cc5-a8b1-e2bd6cad48a0@group-853F78DB4750: changes role from CANDIDATE to FOLLOWER at term 1 for REJECTED
2025-09-13 17:31:53,845 [e114cbd1-8f45-4cc5-a8b1-e2bd6cad48a0@group-853F78DB4750-LeaderElection60] INFO  impl.RoleInfo (RoleInfo.java:shutdownLeaderElection(141)) - e114cbd1-8f45-4cc5-a8b1-e2bd6cad48a0: shutdown e114cbd1-8f45-4cc5-a8b1-e2bd6cad48a0@group-853F78DB4750-LeaderElection60
2025-09-13 17:31:53,845 [e114cbd1-8f45-4cc5-a8b1-e2bd6cad48a0@group-853F78DB4750-LeaderElection60] INFO  impl.RoleInfo (RoleInfo.java:updateAndGet(148)) - e114cbd1-8f45-4cc5-a8b1-e2bd6cad48a0: start e114cbd1-8f45-4cc5-a8b1-e2bd6cad48a0@group-853F78DB4750-FollowerState
2025-09-13 17:31:54,841 [e114cbd1-8f45-4cc5-a8b1-e2bd6cad48a0@group-23D9289878C2-FollowerState] INFO  impl.FollowerState (FollowerState.java:runImpl(161)) - e114cbd1-8f45-4cc5-a8b1-e2bd6cad48a0@group-23D9289878C2-FollowerState: change to CANDIDATE, lastRpcElapsedTime:1167441751ns, electionTimeout:1167ms
2025-09-13 17:31:54,841 [e114cbd1-8f45-4cc5-a8b1-e2bd6cad48a0@group-23D9289878C2-FollowerState] INFO  impl.RoleInfo (RoleInfo.java:shutdownFollowerState(121)) - e114cbd1-8f45-4cc5-a8b1-e2bd6cad48a0: shutdown e114cbd1-8f45-4cc5-a8b1-e2bd6cad48a0@group-23D9289878C2-FollowerState
2025-09-13 17:31:54,841 [e114cbd1-8f45-4cc5-a8b1-e2bd6cad48a0@group-23D9289878C2-FollowerState] INFO  server.RaftServer$Division (RaftServerImpl.java:setRole(392)) - e114cbd1-8f45-4cc5-a8b1-e2bd6cad48a0@group-23D9289878C2: changes role from  FOLLOWER to CANDIDATE at term 1 for changeToCandidate
2025-09-13 17:31:54,841 [e114cbd1-8f45-4cc5-a8b1-e2bd6cad48a0@group-23D9289878C2-FollowerState] INFO  impl.RoleInfo (RoleInfo.java:updateAndGet(148)) - e114cbd1-8f45-4cc5-a8b1-e2bd6cad48a0: start e114cbd1-8f45-4cc5-a8b1-e2bd6cad48a0@group-23D9289878C2-LeaderElection61
2025-09-13 17:31:54,841 [e114cbd1-8f45-4cc5-a8b1-e2bd6cad48a0@group-23D9289878C2-LeaderElection61] INFO  impl.LeaderElection (LeaderElection.java:askForVotes(448)) - e114cbd1-8f45-4cc5-a8b1-e2bd6cad48a0@group-23D9289878C2-LeaderElection61 PRE_VOTE round 0: submit vote requests at term 1 for conf: {index: 0, cur=peers:[d3aade32-661d-499d-9068-ea1550ed8656|127.0.0.1:15055, beda0dcb-37da-4cca-bea2-e222cb1bc351|127.0.0.1:15039, e114cbd1-8f45-4cc5-a8b1-e2bd6cad48a0|127.0.0.1:15047]|listeners:[], old=null}
2025-09-13 17:31:54,842 [e114cbd1-8f45-4cc5-a8b1-e2bd6cad48a0@group-23D9289878C2-LeaderElection61] INFO  impl.LeaderElection (LogUtils.java:infoOrTrace(142)) - e114cbd1-8f45-4cc5-a8b1-e2bd6cad48a0@group-23D9289878C2-LeaderElection61 got exception when requesting votes: java.util.concurrent.ExecutionException: org.apache.ratis.thirdparty.io.grpc.StatusRuntimeException: UNAVAILABLE: io exception
2025-09-13 17:31:54,842 [e114cbd1-8f45-4cc5-a8b1-e2bd6cad48a0@group-23D9289878C2-LeaderElection61] INFO  impl.LeaderElection (LogUtils.java:infoOrTrace(142)) - e114cbd1-8f45-4cc5-a8b1-e2bd6cad48a0@group-23D9289878C2-LeaderElection61 got exception when requesting votes: java.util.concurrent.ExecutionException: org.apache.ratis.thirdparty.io.grpc.StatusRuntimeException: UNAVAILABLE: io exception
2025-09-13 17:31:54,842 [e114cbd1-8f45-4cc5-a8b1-e2bd6cad48a0@group-23D9289878C2-LeaderElection61] INFO  impl.LeaderElection (LeaderElection.java:logAndReturn(206)) - e114cbd1-8f45-4cc5-a8b1-e2bd6cad48a0@group-23D9289878C2-LeaderElection61: PRE_VOTE REJECTED received 0 response(s) and 2 exception(s):
2025-09-13 17:31:54,842 [e114cbd1-8f45-4cc5-a8b1-e2bd6cad48a0@group-23D9289878C2-LeaderElection61] INFO  impl.LeaderElection (LogUtils.java:infoOrTrace(142)) -   Exception 0: java.util.concurrent.ExecutionException: org.apache.ratis.thirdparty.io.grpc.StatusRuntimeException: UNAVAILABLE: io exception
2025-09-13 17:31:54,842 [e114cbd1-8f45-4cc5-a8b1-e2bd6cad48a0@group-23D9289878C2-LeaderElection61] INFO  impl.LeaderElection (LogUtils.java:infoOrTrace(142)) -   Exception 1: java.util.concurrent.ExecutionException: org.apache.ratis.thirdparty.io.grpc.StatusRuntimeException: UNAVAILABLE: io exception
2025-09-13 17:31:54,842 [e114cbd1-8f45-4cc5-a8b1-e2bd6cad48a0@group-23D9289878C2-LeaderElection61] INFO  impl.LeaderElection (LeaderElection.java:askForVotes(450)) - e114cbd1-8f45-4cc5-a8b1-e2bd6cad48a0@group-23D9289878C2-LeaderElection61 PRE_VOTE round 0: result REJECTED
2025-09-13 17:31:54,842 [e114cbd1-8f45-4cc5-a8b1-e2bd6cad48a0@group-23D9289878C2-LeaderElection61] INFO  server.RaftServer$Division (RaftServerImpl.java:setRole(392)) - e114cbd1-8f45-4cc5-a8b1-e2bd6cad48a0@group-23D9289878C2: changes role from CANDIDATE to FOLLOWER at term 1 for REJECTED
2025-09-13 17:31:54,842 [e114cbd1-8f45-4cc5-a8b1-e2bd6cad48a0@group-23D9289878C2-LeaderElection61] INFO  impl.RoleInfo (RoleInfo.java:shutdownLeaderElection(141)) - e114cbd1-8f45-4cc5-a8b1-e2bd6cad48a0: shutdown e114cbd1-8f45-4cc5-a8b1-e2bd6cad48a0@group-23D9289878C2-LeaderElection61
2025-09-13 17:31:54,842 [e114cbd1-8f45-4cc5-a8b1-e2bd6cad48a0@group-23D9289878C2-LeaderElection61] INFO  impl.RoleInfo (RoleInfo.java:updateAndGet(148)) - e114cbd1-8f45-4cc5-a8b1-e2bd6cad48a0: start e114cbd1-8f45-4cc5-a8b1-e2bd6cad48a0@group-23D9289878C2-FollowerState
2025-09-13 17:31:55,021 [e114cbd1-8f45-4cc5-a8b1-e2bd6cad48a0@group-853F78DB4750-FollowerState] INFO  impl.FollowerState (FollowerState.java:runImpl(161)) - e114cbd1-8f45-4cc5-a8b1-e2bd6cad48a0@group-853F78DB4750-FollowerState: change to CANDIDATE, lastRpcElapsedTime:1176270370ns, electionTimeout:1176ms
2025-09-13 17:31:55,021 [e114cbd1-8f45-4cc5-a8b1-e2bd6cad48a0@group-853F78DB4750-FollowerState] INFO  impl.RoleInfo (RoleInfo.java:shutdownFollowerState(121)) - e114cbd1-8f45-4cc5-a8b1-e2bd6cad48a0: shutdown e114cbd1-8f45-4cc5-a8b1-e2bd6cad48a0@group-853F78DB4750-FollowerState
2025-09-13 17:31:55,021 [e114cbd1-8f45-4cc5-a8b1-e2bd6cad48a0@group-853F78DB4750-FollowerState] INFO  server.RaftServer$Division (RaftServerImpl.java:setRole(392)) - e114cbd1-8f45-4cc5-a8b1-e2bd6cad48a0@group-853F78DB4750: changes role from  FOLLOWER to CANDIDATE at term 1 for changeToCandidate
2025-09-13 17:31:55,021 [e114cbd1-8f45-4cc5-a8b1-e2bd6cad48a0@group-853F78DB4750-FollowerState] INFO  impl.RoleInfo (RoleInfo.java:updateAndGet(148)) - e114cbd1-8f45-4cc5-a8b1-e2bd6cad48a0: start e114cbd1-8f45-4cc5-a8b1-e2bd6cad48a0@group-853F78DB4750-LeaderElection62
2025-09-13 17:31:55,021 [e114cbd1-8f45-4cc5-a8b1-e2bd6cad48a0@group-853F78DB4750-LeaderElection62] INFO  impl.LeaderElection (LeaderElection.java:askForVotes(448)) - e114cbd1-8f45-4cc5-a8b1-e2bd6cad48a0@group-853F78DB4750-LeaderElection62 PRE_VOTE round 0: submit vote requests at term 1 for conf: {index: 0, cur=peers:[d3aade32-661d-499d-9068-ea1550ed8656|127.0.0.1:15055, beda0dcb-37da-4cca-bea2-e222cb1bc351|127.0.0.1:15039, e114cbd1-8f45-4cc5-a8b1-e2bd6cad48a0|127.0.0.1:15047]|listeners:[], old=null}
2025-09-13 17:31:55,022 [e114cbd1-8f45-4cc5-a8b1-e2bd6cad48a0@group-853F78DB4750-LeaderElection62] INFO  impl.LeaderElection (LogUtils.java:infoOrTrace(142)) - e114cbd1-8f45-4cc5-a8b1-e2bd6cad48a0@group-853F78DB4750-LeaderElection62 got exception when requesting votes: java.util.concurrent.ExecutionException: org.apache.ratis.thirdparty.io.grpc.StatusRuntimeException: UNAVAILABLE: io exception
2025-09-13 17:31:55,022 [e114cbd1-8f45-4cc5-a8b1-e2bd6cad48a0@group-853F78DB4750-LeaderElection62] INFO  impl.LeaderElection (LogUtils.java:infoOrTrace(142)) - e114cbd1-8f45-4cc5-a8b1-e2bd6cad48a0@group-853F78DB4750-LeaderElection62 got exception when requesting votes: java.util.concurrent.ExecutionException: org.apache.ratis.thirdparty.io.grpc.StatusRuntimeException: UNAVAILABLE: io exception
2025-09-13 17:31:55,022 [e114cbd1-8f45-4cc5-a8b1-e2bd6cad48a0@group-853F78DB4750-LeaderElection62] INFO  impl.LeaderElection (LeaderElection.java:logAndReturn(206)) - e114cbd1-8f45-4cc5-a8b1-e2bd6cad48a0@group-853F78DB4750-LeaderElection62: PRE_VOTE REJECTED received 0 response(s) and 2 exception(s):
2025-09-13 17:31:55,022 [e114cbd1-8f45-4cc5-a8b1-e2bd6cad48a0@group-853F78DB4750-LeaderElection62] INFO  impl.LeaderElection (LogUtils.java:infoOrTrace(142)) -   Exception 0: java.util.concurrent.ExecutionException: org.apache.ratis.thirdparty.io.grpc.StatusRuntimeException: UNAVAILABLE: io exception
2025-09-13 17:31:55,022 [e114cbd1-8f45-4cc5-a8b1-e2bd6cad48a0@group-853F78DB4750-LeaderElection62] INFO  impl.LeaderElection (LogUtils.java:infoOrTrace(142)) -   Exception 1: java.util.concurrent.ExecutionException: org.apache.ratis.thirdparty.io.grpc.StatusRuntimeException: UNAVAILABLE: io exception
2025-09-13 17:31:55,022 [e114cbd1-8f45-4cc5-a8b1-e2bd6cad48a0@group-853F78DB4750-LeaderElection62] INFO  impl.LeaderElection (LeaderElection.java:askForVotes(450)) - e114cbd1-8f45-4cc5-a8b1-e2bd6cad48a0@group-853F78DB4750-LeaderElection62 PRE_VOTE round 0: result REJECTED
2025-09-13 17:31:55,022 [e114cbd1-8f45-4cc5-a8b1-e2bd6cad48a0@group-853F78DB4750-LeaderElection62] INFO  server.RaftServer$Division (RaftServerImpl.java:setRole(392)) - e114cbd1-8f45-4cc5-a8b1-e2bd6cad48a0@group-853F78DB4750: changes role from CANDIDATE to FOLLOWER at term 1 for REJECTED
2025-09-13 17:31:55,022 [e114cbd1-8f45-4cc5-a8b1-e2bd6cad48a0@group-853F78DB4750-LeaderElection62] INFO  impl.RoleInfo (RoleInfo.java:shutdownLeaderElection(141)) - e114cbd1-8f45-4cc5-a8b1-e2bd6cad48a0: shutdown e114cbd1-8f45-4cc5-a8b1-e2bd6cad48a0@group-853F78DB4750-LeaderElection62
2025-09-13 17:31:55,022 [e114cbd1-8f45-4cc5-a8b1-e2bd6cad48a0@group-853F78DB4750-LeaderElection62] INFO  impl.RoleInfo (RoleInfo.java:updateAndGet(148)) - e114cbd1-8f45-4cc5-a8b1-e2bd6cad48a0: start e114cbd1-8f45-4cc5-a8b1-e2bd6cad48a0@group-853F78DB4750-FollowerState
2025-09-13 17:31:55,973 [e114cbd1-8f45-4cc5-a8b1-e2bd6cad48a0@group-23D9289878C2-FollowerState] INFO  impl.FollowerState (FollowerState.java:runImpl(161)) - e114cbd1-8f45-4cc5-a8b1-e2bd6cad48a0@group-23D9289878C2-FollowerState: change to CANDIDATE, lastRpcElapsedTime:1130464271ns, electionTimeout:1130ms
2025-09-13 17:31:55,973 [e114cbd1-8f45-4cc5-a8b1-e2bd6cad48a0@group-23D9289878C2-FollowerState] INFO  impl.RoleInfo (RoleInfo.java:shutdownFollowerState(121)) - e114cbd1-8f45-4cc5-a8b1-e2bd6cad48a0: shutdown e114cbd1-8f45-4cc5-a8b1-e2bd6cad48a0@group-23D9289878C2-FollowerState
2025-09-13 17:31:55,973 [e114cbd1-8f45-4cc5-a8b1-e2bd6cad48a0@group-23D9289878C2-FollowerState] INFO  server.RaftServer$Division (RaftServerImpl.java:setRole(392)) - e114cbd1-8f45-4cc5-a8b1-e2bd6cad48a0@group-23D9289878C2: changes role from  FOLLOWER to CANDIDATE at term 1 for changeToCandidate
2025-09-13 17:31:55,973 [e114cbd1-8f45-4cc5-a8b1-e2bd6cad48a0@group-23D9289878C2-FollowerState] INFO  impl.RoleInfo (RoleInfo.java:updateAndGet(148)) - e114cbd1-8f45-4cc5-a8b1-e2bd6cad48a0: start e114cbd1-8f45-4cc5-a8b1-e2bd6cad48a0@group-23D9289878C2-LeaderElection63
2025-09-13 17:31:55,973 [e114cbd1-8f45-4cc5-a8b1-e2bd6cad48a0@group-23D9289878C2-LeaderElection63] INFO  impl.LeaderElection (LeaderElection.java:askForVotes(448)) - e114cbd1-8f45-4cc5-a8b1-e2bd6cad48a0@group-23D9289878C2-LeaderElection63 PRE_VOTE round 0: submit vote requests at term 1 for conf: {index: 0, cur=peers:[d3aade32-661d-499d-9068-ea1550ed8656|127.0.0.1:15055, beda0dcb-37da-4cca-bea2-e222cb1bc351|127.0.0.1:15039, e114cbd1-8f45-4cc5-a8b1-e2bd6cad48a0|127.0.0.1:15047]|listeners:[], old=null}
2025-09-13 17:31:55,974 [e114cbd1-8f45-4cc5-a8b1-e2bd6cad48a0@group-23D9289878C2-LeaderElection63] INFO  impl.LeaderElection (LogUtils.java:infoOrTrace(142)) - e114cbd1-8f45-4cc5-a8b1-e2bd6cad48a0@group-23D9289878C2-LeaderElection63 got exception when requesting votes: java.util.concurrent.ExecutionException: org.apache.ratis.thirdparty.io.grpc.StatusRuntimeException: UNAVAILABLE: io exception
2025-09-13 17:31:55,974 [e114cbd1-8f45-4cc5-a8b1-e2bd6cad48a0@group-23D9289878C2-LeaderElection63] INFO  impl.LeaderElection (LogUtils.java:infoOrTrace(142)) - e114cbd1-8f45-4cc5-a8b1-e2bd6cad48a0@group-23D9289878C2-LeaderElection63 got exception when requesting votes: java.util.concurrent.ExecutionException: org.apache.ratis.thirdparty.io.grpc.StatusRuntimeException: UNAVAILABLE: io exception
2025-09-13 17:31:55,974 [e114cbd1-8f45-4cc5-a8b1-e2bd6cad48a0@group-23D9289878C2-LeaderElection63] INFO  impl.LeaderElection (LeaderElection.java:logAndReturn(206)) - e114cbd1-8f45-4cc5-a8b1-e2bd6cad48a0@group-23D9289878C2-LeaderElection63: PRE_VOTE REJECTED received 0 response(s) and 2 exception(s):
2025-09-13 17:31:55,974 [e114cbd1-8f45-4cc5-a8b1-e2bd6cad48a0@group-23D9289878C2-LeaderElection63] INFO  impl.LeaderElection (LogUtils.java:infoOrTrace(142)) -   Exception 0: java.util.concurrent.ExecutionException: org.apache.ratis.thirdparty.io.grpc.StatusRuntimeException: UNAVAILABLE: io exception
2025-09-13 17:31:55,974 [e114cbd1-8f45-4cc5-a8b1-e2bd6cad48a0@group-23D9289878C2-LeaderElection63] INFO  impl.LeaderElection (LogUtils.java:infoOrTrace(142)) -   Exception 1: java.util.concurrent.ExecutionException: org.apache.ratis.thirdparty.io.grpc.StatusRuntimeException: UNAVAILABLE: io exception
2025-09-13 17:31:55,974 [e114cbd1-8f45-4cc5-a8b1-e2bd6cad48a0@group-23D9289878C2-LeaderElection63] INFO  impl.LeaderElection (LeaderElection.java:askForVotes(450)) - e114cbd1-8f45-4cc5-a8b1-e2bd6cad48a0@group-23D9289878C2-LeaderElection63 PRE_VOTE round 0: result REJECTED
2025-09-13 17:31:55,974 [e114cbd1-8f45-4cc5-a8b1-e2bd6cad48a0@group-23D9289878C2-LeaderElection63] INFO  server.RaftServer$Division (RaftServerImpl.java:setRole(392)) - e114cbd1-8f45-4cc5-a8b1-e2bd6cad48a0@group-23D9289878C2: changes role from CANDIDATE to FOLLOWER at term 1 for REJECTED
2025-09-13 17:31:55,974 [e114cbd1-8f45-4cc5-a8b1-e2bd6cad48a0@group-23D9289878C2-LeaderElection63] INFO  impl.RoleInfo (RoleInfo.java:shutdownLeaderElection(141)) - e114cbd1-8f45-4cc5-a8b1-e2bd6cad48a0: shutdown e114cbd1-8f45-4cc5-a8b1-e2bd6cad48a0@group-23D9289878C2-LeaderElection63
2025-09-13 17:31:55,974 [e114cbd1-8f45-4cc5-a8b1-e2bd6cad48a0@group-23D9289878C2-LeaderElection63] INFO  impl.RoleInfo (RoleInfo.java:updateAndGet(148)) - e114cbd1-8f45-4cc5-a8b1-e2bd6cad48a0: start e114cbd1-8f45-4cc5-a8b1-e2bd6cad48a0@group-23D9289878C2-FollowerState
2025-09-13 17:31:56,037 [e114cbd1-8f45-4cc5-a8b1-e2bd6cad48a0@group-853F78DB4750-FollowerState] INFO  impl.FollowerState (FollowerState.java:runImpl(161)) - e114cbd1-8f45-4cc5-a8b1-e2bd6cad48a0@group-853F78DB4750-FollowerState: change to CANDIDATE, lastRpcElapsedTime:1014325144ns, electionTimeout:1014ms
2025-09-13 17:31:56,037 [e114cbd1-8f45-4cc5-a8b1-e2bd6cad48a0@group-853F78DB4750-FollowerState] INFO  impl.RoleInfo (RoleInfo.java:shutdownFollowerState(121)) - e114cbd1-8f45-4cc5-a8b1-e2bd6cad48a0: shutdown e114cbd1-8f45-4cc5-a8b1-e2bd6cad48a0@group-853F78DB4750-FollowerState
2025-09-13 17:31:56,037 [e114cbd1-8f45-4cc5-a8b1-e2bd6cad48a0@group-853F78DB4750-FollowerState] INFO  server.RaftServer$Division (RaftServerImpl.java:setRole(392)) - e114cbd1-8f45-4cc5-a8b1-e2bd6cad48a0@group-853F78DB4750: changes role from  FOLLOWER to CANDIDATE at term 1 for changeToCandidate
2025-09-13 17:31:56,037 [e114cbd1-8f45-4cc5-a8b1-e2bd6cad48a0@group-853F78DB4750-FollowerState] INFO  impl.RoleInfo (RoleInfo.java:updateAndGet(148)) - e114cbd1-8f45-4cc5-a8b1-e2bd6cad48a0: start e114cbd1-8f45-4cc5-a8b1-e2bd6cad48a0@group-853F78DB4750-LeaderElection64
2025-09-13 17:31:56,037 [e114cbd1-8f45-4cc5-a8b1-e2bd6cad48a0@group-853F78DB4750-LeaderElection64] INFO  impl.LeaderElection (LeaderElection.java:askForVotes(448)) - e114cbd1-8f45-4cc5-a8b1-e2bd6cad48a0@group-853F78DB4750-LeaderElection64 PRE_VOTE round 0: submit vote requests at term 1 for conf: {index: 0, cur=peers:[d3aade32-661d-499d-9068-ea1550ed8656|127.0.0.1:15055, beda0dcb-37da-4cca-bea2-e222cb1bc351|127.0.0.1:15039, e114cbd1-8f45-4cc5-a8b1-e2bd6cad48a0|127.0.0.1:15047]|listeners:[], old=null}
2025-09-13 17:31:56,037 [e114cbd1-8f45-4cc5-a8b1-e2bd6cad48a0@group-853F78DB4750-LeaderElection64] INFO  impl.LeaderElection (LogUtils.java:infoOrTrace(142)) - e114cbd1-8f45-4cc5-a8b1-e2bd6cad48a0@group-853F78DB4750-LeaderElection64 got exception when requesting votes: java.util.concurrent.ExecutionException: org.apache.ratis.thirdparty.io.grpc.StatusRuntimeException: UNAVAILABLE: io exception
2025-09-13 17:31:56,038 [e114cbd1-8f45-4cc5-a8b1-e2bd6cad48a0@group-853F78DB4750-LeaderElection64] INFO  impl.LeaderElection (LogUtils.java:infoOrTrace(142)) - e114cbd1-8f45-4cc5-a8b1-e2bd6cad48a0@group-853F78DB4750-LeaderElection64 got exception when requesting votes: java.util.concurrent.ExecutionException: org.apache.ratis.thirdparty.io.grpc.StatusRuntimeException: UNAVAILABLE: io exception
2025-09-13 17:31:56,038 [e114cbd1-8f45-4cc5-a8b1-e2bd6cad48a0@group-853F78DB4750-LeaderElection64] INFO  impl.LeaderElection (LeaderElection.java:logAndReturn(206)) - e114cbd1-8f45-4cc5-a8b1-e2bd6cad48a0@group-853F78DB4750-LeaderElection64: PRE_VOTE REJECTED received 0 response(s) and 2 exception(s):
2025-09-13 17:31:56,038 [e114cbd1-8f45-4cc5-a8b1-e2bd6cad48a0@group-853F78DB4750-LeaderElection64] INFO  impl.LeaderElection (LogUtils.java:infoOrTrace(142)) -   Exception 0: java.util.concurrent.ExecutionException: org.apache.ratis.thirdparty.io.grpc.StatusRuntimeException: UNAVAILABLE: io exception
2025-09-13 17:31:56,038 [e114cbd1-8f45-4cc5-a8b1-e2bd6cad48a0@group-853F78DB4750-LeaderElection64] INFO  impl.LeaderElection (LogUtils.java:infoOrTrace(142)) -   Exception 1: java.util.concurrent.ExecutionException: org.apache.ratis.thirdparty.io.grpc.StatusRuntimeException: UNAVAILABLE: io exception
2025-09-13 17:31:56,038 [e114cbd1-8f45-4cc5-a8b1-e2bd6cad48a0@group-853F78DB4750-LeaderElection64] INFO  impl.LeaderElection (LeaderElection.java:askForVotes(450)) - e114cbd1-8f45-4cc5-a8b1-e2bd6cad48a0@group-853F78DB4750-LeaderElection64 PRE_VOTE round 0: result REJECTED
2025-09-13 17:31:56,038 [e114cbd1-8f45-4cc5-a8b1-e2bd6cad48a0@group-853F78DB4750-LeaderElection64] INFO  server.RaftServer$Division (RaftServerImpl.java:setRole(392)) - e114cbd1-8f45-4cc5-a8b1-e2bd6cad48a0@group-853F78DB4750: changes role from CANDIDATE to FOLLOWER at term 1 for REJECTED
2025-09-13 17:31:56,038 [e114cbd1-8f45-4cc5-a8b1-e2bd6cad48a0@group-853F78DB4750-LeaderElection64] INFO  impl.RoleInfo (RoleInfo.java:shutdownLeaderElection(141)) - e114cbd1-8f45-4cc5-a8b1-e2bd6cad48a0: shutdown e114cbd1-8f45-4cc5-a8b1-e2bd6cad48a0@group-853F78DB4750-LeaderElection64
2025-09-13 17:31:56,038 [e114cbd1-8f45-4cc5-a8b1-e2bd6cad48a0@group-853F78DB4750-LeaderElection64] INFO  impl.RoleInfo (RoleInfo.java:updateAndGet(148)) - e114cbd1-8f45-4cc5-a8b1-e2bd6cad48a0: start e114cbd1-8f45-4cc5-a8b1-e2bd6cad48a0@group-853F78DB4750-FollowerState
2025-09-13 17:31:57,001 [e114cbd1-8f45-4cc5-a8b1-e2bd6cad48a0@group-23D9289878C2-FollowerState] INFO  impl.FollowerState (FollowerState.java:runImpl(161)) - e114cbd1-8f45-4cc5-a8b1-e2bd6cad48a0@group-23D9289878C2-FollowerState: change to CANDIDATE, lastRpcElapsedTime:1026300335ns, electionTimeout:1026ms
2025-09-13 17:31:57,001 [e114cbd1-8f45-4cc5-a8b1-e2bd6cad48a0@group-23D9289878C2-FollowerState] INFO  impl.RoleInfo (RoleInfo.java:shutdownFollowerState(121)) - e114cbd1-8f45-4cc5-a8b1-e2bd6cad48a0: shutdown e114cbd1-8f45-4cc5-a8b1-e2bd6cad48a0@group-23D9289878C2-FollowerState
2025-09-13 17:31:57,001 [e114cbd1-8f45-4cc5-a8b1-e2bd6cad48a0@group-23D9289878C2-FollowerState] INFO  server.RaftServer$Division (RaftServerImpl.java:setRole(392)) - e114cbd1-8f45-4cc5-a8b1-e2bd6cad48a0@group-23D9289878C2: changes role from  FOLLOWER to CANDIDATE at term 1 for changeToCandidate
2025-09-13 17:31:57,001 [e114cbd1-8f45-4cc5-a8b1-e2bd6cad48a0@group-23D9289878C2-FollowerState] INFO  impl.RoleInfo (RoleInfo.java:updateAndGet(148)) - e114cbd1-8f45-4cc5-a8b1-e2bd6cad48a0: start e114cbd1-8f45-4cc5-a8b1-e2bd6cad48a0@group-23D9289878C2-LeaderElection65
2025-09-13 17:31:57,001 [e114cbd1-8f45-4cc5-a8b1-e2bd6cad48a0@group-23D9289878C2-LeaderElection65] INFO  impl.LeaderElection (LeaderElection.java:askForVotes(448)) - e114cbd1-8f45-4cc5-a8b1-e2bd6cad48a0@group-23D9289878C2-LeaderElection65 PRE_VOTE round 0: submit vote requests at term 1 for conf: {index: 0, cur=peers:[d3aade32-661d-499d-9068-ea1550ed8656|127.0.0.1:15055, beda0dcb-37da-4cca-bea2-e222cb1bc351|127.0.0.1:15039, e114cbd1-8f45-4cc5-a8b1-e2bd6cad48a0|127.0.0.1:15047]|listeners:[], old=null}
2025-09-13 17:31:57,002 [e114cbd1-8f45-4cc5-a8b1-e2bd6cad48a0@group-23D9289878C2-LeaderElection65] INFO  impl.LeaderElection (LogUtils.java:infoOrTrace(142)) - e114cbd1-8f45-4cc5-a8b1-e2bd6cad48a0@group-23D9289878C2-LeaderElection65 got exception when requesting votes: java.util.concurrent.ExecutionException: org.apache.ratis.thirdparty.io.grpc.StatusRuntimeException: UNAVAILABLE: io exception
2025-09-13 17:31:57,002 [e114cbd1-8f45-4cc5-a8b1-e2bd6cad48a0@group-23D9289878C2-LeaderElection65] INFO  impl.LeaderElection (LogUtils.java:infoOrTrace(142)) - e114cbd1-8f45-4cc5-a8b1-e2bd6cad48a0@group-23D9289878C2-LeaderElection65 got exception when requesting votes: java.util.concurrent.ExecutionException: org.apache.ratis.thirdparty.io.grpc.StatusRuntimeException: UNAVAILABLE: io exception
2025-09-13 17:31:57,002 [e114cbd1-8f45-4cc5-a8b1-e2bd6cad48a0@group-23D9289878C2-LeaderElection65] INFO  impl.LeaderElection (LeaderElection.java:logAndReturn(206)) - e114cbd1-8f45-4cc5-a8b1-e2bd6cad48a0@group-23D9289878C2-LeaderElection65: PRE_VOTE REJECTED received 0 response(s) and 2 exception(s):
2025-09-13 17:31:57,002 [e114cbd1-8f45-4cc5-a8b1-e2bd6cad48a0@group-23D9289878C2-LeaderElection65] INFO  impl.LeaderElection (LogUtils.java:infoOrTrace(142)) -   Exception 0: java.util.concurrent.ExecutionException: org.apache.ratis.thirdparty.io.grpc.StatusRuntimeException: UNAVAILABLE: io exception
2025-09-13 17:31:57,002 [e114cbd1-8f45-4cc5-a8b1-e2bd6cad48a0@group-23D9289878C2-LeaderElection65] INFO  impl.LeaderElection (LogUtils.java:infoOrTrace(142)) -   Exception 1: java.util.concurrent.ExecutionException: org.apache.ratis.thirdparty.io.grpc.StatusRuntimeException: UNAVAILABLE: io exception
2025-09-13 17:31:57,002 [e114cbd1-8f45-4cc5-a8b1-e2bd6cad48a0@group-23D9289878C2-LeaderElection65] INFO  impl.LeaderElection (LeaderElection.java:askForVotes(450)) - e114cbd1-8f45-4cc5-a8b1-e2bd6cad48a0@group-23D9289878C2-LeaderElection65 PRE_VOTE round 0: result REJECTED
2025-09-13 17:31:57,002 [e114cbd1-8f45-4cc5-a8b1-e2bd6cad48a0@group-23D9289878C2-LeaderElection65] INFO  server.RaftServer$Division (RaftServerImpl.java:setRole(392)) - e114cbd1-8f45-4cc5-a8b1-e2bd6cad48a0@group-23D9289878C2: changes role from CANDIDATE to FOLLOWER at term 1 for REJECTED
2025-09-13 17:31:57,002 [e114cbd1-8f45-4cc5-a8b1-e2bd6cad48a0@group-23D9289878C2-LeaderElection65] INFO  impl.RoleInfo (RoleInfo.java:shutdownLeaderElection(141)) - e114cbd1-8f45-4cc5-a8b1-e2bd6cad48a0: shutdown e114cbd1-8f45-4cc5-a8b1-e2bd6cad48a0@group-23D9289878C2-LeaderElection65
2025-09-13 17:31:57,002 [e114cbd1-8f45-4cc5-a8b1-e2bd6cad48a0@group-23D9289878C2-LeaderElection65] INFO  impl.RoleInfo (RoleInfo.java:updateAndGet(148)) - e114cbd1-8f45-4cc5-a8b1-e2bd6cad48a0: start e114cbd1-8f45-4cc5-a8b1-e2bd6cad48a0@group-23D9289878C2-FollowerState
2025-09-13 17:31:57,065 [e114cbd1-8f45-4cc5-a8b1-e2bd6cad48a0@group-853F78DB4750-FollowerState] INFO  impl.FollowerState (FollowerState.java:runImpl(161)) - e114cbd1-8f45-4cc5-a8b1-e2bd6cad48a0@group-853F78DB4750-FollowerState: change to CANDIDATE, lastRpcElapsedTime:1027334610ns, electionTimeout:1027ms
2025-09-13 17:31:57,065 [e114cbd1-8f45-4cc5-a8b1-e2bd6cad48a0@group-853F78DB4750-FollowerState] INFO  impl.RoleInfo (RoleInfo.java:shutdownFollowerState(121)) - e114cbd1-8f45-4cc5-a8b1-e2bd6cad48a0: shutdown e114cbd1-8f45-4cc5-a8b1-e2bd6cad48a0@group-853F78DB4750-FollowerState
2025-09-13 17:31:57,065 [e114cbd1-8f45-4cc5-a8b1-e2bd6cad48a0@group-853F78DB4750-FollowerState] INFO  server.RaftServer$Division (RaftServerImpl.java:setRole(392)) - e114cbd1-8f45-4cc5-a8b1-e2bd6cad48a0@group-853F78DB4750: changes role from  FOLLOWER to CANDIDATE at term 1 for changeToCandidate
2025-09-13 17:31:57,065 [e114cbd1-8f45-4cc5-a8b1-e2bd6cad48a0@group-853F78DB4750-FollowerState] INFO  impl.RoleInfo (RoleInfo.java:updateAndGet(148)) - e114cbd1-8f45-4cc5-a8b1-e2bd6cad48a0: start e114cbd1-8f45-4cc5-a8b1-e2bd6cad48a0@group-853F78DB4750-LeaderElection66
2025-09-13 17:31:57,066 [e114cbd1-8f45-4cc5-a8b1-e2bd6cad48a0@group-853F78DB4750-LeaderElection66] INFO  impl.LeaderElection (LeaderElection.java:askForVotes(448)) - e114cbd1-8f45-4cc5-a8b1-e2bd6cad48a0@group-853F78DB4750-LeaderElection66 PRE_VOTE round 0: submit vote requests at term 1 for conf: {index: 0, cur=peers:[d3aade32-661d-499d-9068-ea1550ed8656|127.0.0.1:15055, beda0dcb-37da-4cca-bea2-e222cb1bc351|127.0.0.1:15039, e114cbd1-8f45-4cc5-a8b1-e2bd6cad48a0|127.0.0.1:15047]|listeners:[], old=null}
2025-09-13 17:31:57,066 [e114cbd1-8f45-4cc5-a8b1-e2bd6cad48a0@group-853F78DB4750-LeaderElection66] INFO  impl.LeaderElection (LogUtils.java:infoOrTrace(142)) - e114cbd1-8f45-4cc5-a8b1-e2bd6cad48a0@group-853F78DB4750-LeaderElection66 got exception when requesting votes: java.util.concurrent.ExecutionException: org.apache.ratis.thirdparty.io.grpc.StatusRuntimeException: UNAVAILABLE: io exception
2025-09-13 17:31:57,066 [e114cbd1-8f45-4cc5-a8b1-e2bd6cad48a0@group-853F78DB4750-LeaderElection66] INFO  impl.LeaderElection (LogUtils.java:infoOrTrace(142)) - e114cbd1-8f45-4cc5-a8b1-e2bd6cad48a0@group-853F78DB4750-LeaderElection66 got exception when requesting votes: java.util.concurrent.ExecutionException: org.apache.ratis.thirdparty.io.grpc.StatusRuntimeException: UNAVAILABLE: io exception
2025-09-13 17:31:57,066 [e114cbd1-8f45-4cc5-a8b1-e2bd6cad48a0@group-853F78DB4750-LeaderElection66] INFO  impl.LeaderElection (LeaderElection.java:logAndReturn(206)) - e114cbd1-8f45-4cc5-a8b1-e2bd6cad48a0@group-853F78DB4750-LeaderElection66: PRE_VOTE REJECTED received 0 response(s) and 2 exception(s):
2025-09-13 17:31:57,066 [e114cbd1-8f45-4cc5-a8b1-e2bd6cad48a0@group-853F78DB4750-LeaderElection66] INFO  impl.LeaderElection (LogUtils.java:infoOrTrace(142)) -   Exception 0: java.util.concurrent.ExecutionException: org.apache.ratis.thirdparty.io.grpc.StatusRuntimeException: UNAVAILABLE: io exception
2025-09-13 17:31:57,066 [e114cbd1-8f45-4cc5-a8b1-e2bd6cad48a0@group-853F78DB4750-LeaderElection66] INFO  impl.LeaderElection (LogUtils.java:infoOrTrace(142)) -   Exception 1: java.util.concurrent.ExecutionException: org.apache.ratis.thirdparty.io.grpc.StatusRuntimeException: UNAVAILABLE: io exception
2025-09-13 17:31:57,066 [e114cbd1-8f45-4cc5-a8b1-e2bd6cad48a0@group-853F78DB4750-LeaderElection66] INFO  impl.LeaderElection (LeaderElection.java:askForVotes(450)) - e114cbd1-8f45-4cc5-a8b1-e2bd6cad48a0@group-853F78DB4750-LeaderElection66 PRE_VOTE round 0: result REJECTED
2025-09-13 17:31:57,066 [e114cbd1-8f45-4cc5-a8b1-e2bd6cad48a0@group-853F78DB4750-LeaderElection66] INFO  server.RaftServer$Division (RaftServerImpl.java:setRole(392)) - e114cbd1-8f45-4cc5-a8b1-e2bd6cad48a0@group-853F78DB4750: changes role from CANDIDATE to FOLLOWER at term 1 for REJECTED
2025-09-13 17:31:57,066 [e114cbd1-8f45-4cc5-a8b1-e2bd6cad48a0@group-853F78DB4750-LeaderElection66] INFO  impl.RoleInfo (RoleInfo.java:shutdownLeaderElection(141)) - e114cbd1-8f45-4cc5-a8b1-e2bd6cad48a0: shutdown e114cbd1-8f45-4cc5-a8b1-e2bd6cad48a0@group-853F78DB4750-LeaderElection66
2025-09-13 17:31:57,067 [e114cbd1-8f45-4cc5-a8b1-e2bd6cad48a0@group-853F78DB4750-LeaderElection66] INFO  impl.RoleInfo (RoleInfo.java:updateAndGet(148)) - e114cbd1-8f45-4cc5-a8b1-e2bd6cad48a0: start e114cbd1-8f45-4cc5-a8b1-e2bd6cad48a0@group-853F78DB4750-FollowerState
2025-09-13 17:31:57,849 [grpc-default-executor-0] ERROR impl.OrderedAsync (OrderedAsync.java:lambda$null$6(215)) -  client-BBD0EFB882BC: Failed* RaftClientRequest:client-BBD0EFB882BC->e114cbd1-8f45-4cc5-a8b1-e2bd6cad48a0@group-23D9289878C2, cid=22, seq=4*, RW, cmdType: WriteChunk
traceID: ""
containerID: 1
datanodeUuid: "d3aade32-661d-499d-9068-ea1550ed8656"
writeChunk {
  blockID {
    containerID: 1
    localID: 115816896921600001
    blockCommitSequenceId: 2
    replicaIndex: 0
  }
  chunkData {
    chunkName: "115816896921600001_chunk_2"
    offset: 1048576
    len: 1048576
    checksumData {
      type: CRC32
      bytesPerChecksum: 16384
      checksums: "\326\360U\321"
      checksums: "\326\360U\321"
      checksums: "\326\360U\321"
      checksums: "\326\360U\321"
      checksums: "\326\360U\321"
      checksums: "\326\360U\321"
      checksums: "\326\360U\321"
      checksums: "\326\360U\321"
      checksums: "\326\360U\321"
      checksums: "\326\360U\321"
      checksums: "\326\360U\321"
      checksums: "\326\360U\321"
      checksums: "\326\360U\321"
      checksums: "\326\360U\321"
      checksums: "\326\360U\321"
      checksums: "\326\360U\321"
      checksums: "\326\360U\321"
      checksums: "\326\360U\321"
      checksums: "\326\360U\321"
      checksums: "\326\360U\321"
      checksums: "\326\360U\321"
      checksums: "\326\360U\321"
      checksums: "\326\360U\321"
      checksums: "\326\360U\321"
      checksums: "\326\360U\321"
      checksums: "\326\360U\321"
      checksums: "\326\360U\321"
      checksums: "\326\360U\321"
      checksums: "\326\360U\321"
      checksums: "\326\360U\321"
      checksums: "\326\360U\321"
      checksums: "\326\360U\321"
      checksums: "\326\360U\321"
      checksums: "\326\360U\321"
      checksums: "\326\360U\321"
      checksums: "\326\360U\321"
      checksums: "\326\360U\321"
      checksums: "\326\360U\321"
      checksums: "\326\360U\321"
      checksums: "\326\360U\321"
      checksums: "\326\360U\321"
      checksums: "\326\360U\321"
      checksums: "\326\360U\321"
      checksums: "\326\360U\321"
      checksums: "\326\360U\321"
      checksums: "\326\360U\321"
      checksums: "\326\360U\321"
      checksums: "\326\360U\321"
      checksums: "\326\360U\321"
      checksums: "\326\360U\321"
      checksums: "\326\360U\321"
      checksums: "\326\360U\321"
      checksums: "\326\360U\321"
      checksums: "\326\360U\321"
      checksums: "\326\360U\321"
      checksums: "\326\360U\321"
      checksums: "\326\360U\321"
      checksums: "\326\360U\321"
      checksums: "\326\360U\321"
      checksums: "\326\360U\321"
      checksums: "\326\360U\321"
      checksums: "\326\360U\321"
      checksums: "\326\360U\321"
      checksums: "\277r/p"
    }
  }
}
version: 3
, data.size=1048576
java.util.concurrent.CompletionException: org.apache.ratis.protocol.exceptions.NotLeaderException: Server e114cbd1-8f45-4cc5-a8b1-e2bd6cad48a0@group-23D9289878C2 is not the leader
	at java.base/java.util.concurrent.CompletableFuture.encodeThrowable(CompletableFuture.java:332)
	at java.base/java.util.concurrent.CompletableFuture.completeThrowable(CompletableFuture.java:347)
	at java.base/java.util.concurrent.CompletableFuture$UniAccept.tryFire(CompletableFuture.java:708)
	at java.base/java.util.concurrent.CompletableFuture.postComplete(CompletableFuture.java:510)
	at java.base/java.util.concurrent.CompletableFuture.completeExceptionally(CompletableFuture.java:2194)
	at org.apache.ratis.grpc.client.GrpcClientProtocolClient$AsyncStreamObservers.completeReplyExceptionally(GrpcClientProtocolClient.java:397)
	at org.apache.ratis.grpc.client.GrpcClientProtocolClient$AsyncStreamObservers.access$000(GrpcClientProtocolClient.java:303)
	at org.apache.ratis.grpc.client.GrpcClientProtocolClient$AsyncStreamObservers$1.onNext(GrpcClientProtocolClient.java:317)
	at org.apache.ratis.grpc.client.GrpcClientProtocolClient$AsyncStreamObservers$1.onNext(GrpcClientProtocolClient.java:308)
	at org.apache.ratis.thirdparty.io.grpc.stub.ClientCalls$StreamObserverToCallListenerAdapter.onMessage(ClientCalls.java:551)
	at org.apache.ratis.thirdparty.io.grpc.ForwardingClientCallListener.onMessage(ForwardingClientCallListener.java:33)
	at org.apache.ratis.thirdparty.io.grpc.internal.ClientCallImpl$ClientStreamListenerImpl$1MessagesAvailable.runInternal(ClientCallImpl.java:661)
	at org.apache.ratis.thirdparty.io.grpc.internal.ClientCallImpl$ClientStreamListenerImpl$1MessagesAvailable.runInContext(ClientCallImpl.java:648)
	at org.apache.ratis.thirdparty.io.grpc.internal.ContextRunnable.run(ContextRunnable.java:37)
	at org.apache.ratis.thirdparty.io.grpc.internal.SerializingExecutor.run(SerializingExecutor.java:133)
	at java.base/java.util.concurrent.ThreadPoolExecutor.runWorker(ThreadPoolExecutor.java:1144)
	at java.base/java.util.concurrent.ThreadPoolExecutor$Worker.run(ThreadPoolExecutor.java:642)
	at java.base/java.lang.Thread.run(Thread.java:1583)
Caused by: org.apache.ratis.protocol.exceptions.NotLeaderException: Server e114cbd1-8f45-4cc5-a8b1-e2bd6cad48a0@group-23D9289878C2 is not the leader
	at org.apache.ratis.client.impl.ClientProtoUtils.toRaftClientReply(ClientProtoUtils.java:402)
	at org.apache.ratis.grpc.client.GrpcClientProtocolClient$AsyncStreamObservers$1.onNext(GrpcClientProtocolClient.java:313)
	... 10 more
2025-09-13 17:31:58,197 [e114cbd1-8f45-4cc5-a8b1-e2bd6cad48a0@group-23D9289878C2-FollowerState] INFO  impl.FollowerState (FollowerState.java:runImpl(161)) - e114cbd1-8f45-4cc5-a8b1-e2bd6cad48a0@group-23D9289878C2-FollowerState: change to CANDIDATE, lastRpcElapsedTime:1194365931ns, electionTimeout:1194ms
2025-09-13 17:31:58,197 [e114cbd1-8f45-4cc5-a8b1-e2bd6cad48a0@group-23D9289878C2-FollowerState] INFO  impl.RoleInfo (RoleInfo.java:shutdownFollowerState(121)) - e114cbd1-8f45-4cc5-a8b1-e2bd6cad48a0: shutdown e114cbd1-8f45-4cc5-a8b1-e2bd6cad48a0@group-23D9289878C2-FollowerState
2025-09-13 17:31:58,197 [e114cbd1-8f45-4cc5-a8b1-e2bd6cad48a0@group-23D9289878C2-FollowerState] INFO  server.RaftServer$Division (RaftServerImpl.java:setRole(392)) - e114cbd1-8f45-4cc5-a8b1-e2bd6cad48a0@group-23D9289878C2: changes role from  FOLLOWER to CANDIDATE at term 1 for changeToCandidate
2025-09-13 17:31:58,197 [e114cbd1-8f45-4cc5-a8b1-e2bd6cad48a0@group-23D9289878C2-FollowerState] INFO  impl.RoleInfo (RoleInfo.java:updateAndGet(148)) - e114cbd1-8f45-4cc5-a8b1-e2bd6cad48a0: start e114cbd1-8f45-4cc5-a8b1-e2bd6cad48a0@group-23D9289878C2-LeaderElection67
2025-09-13 17:31:58,197 [e114cbd1-8f45-4cc5-a8b1-e2bd6cad48a0@group-23D9289878C2-LeaderElection67] INFO  impl.LeaderElection (LeaderElection.java:askForVotes(448)) - e114cbd1-8f45-4cc5-a8b1-e2bd6cad48a0@group-23D9289878C2-LeaderElection67 PRE_VOTE round 0: submit vote requests at term 1 for conf: {index: 0, cur=peers:[d3aade32-661d-499d-9068-ea1550ed8656|127.0.0.1:15055, beda0dcb-37da-4cca-bea2-e222cb1bc351|127.0.0.1:15039, e114cbd1-8f45-4cc5-a8b1-e2bd6cad48a0|127.0.0.1:15047]|listeners:[], old=null}
2025-09-13 17:31:58,198 [e114cbd1-8f45-4cc5-a8b1-e2bd6cad48a0@group-23D9289878C2-LeaderElection67] INFO  impl.LeaderElection (LogUtils.java:infoOrTrace(142)) - e114cbd1-8f45-4cc5-a8b1-e2bd6cad48a0@group-23D9289878C2-LeaderElection67 got exception when requesting votes: java.util.concurrent.ExecutionException: org.apache.ratis.thirdparty.io.grpc.StatusRuntimeException: UNAVAILABLE: io exception
2025-09-13 17:31:58,198 [e114cbd1-8f45-4cc5-a8b1-e2bd6cad48a0@group-23D9289878C2-LeaderElection67] INFO  impl.LeaderElection (LogUtils.java:infoOrTrace(142)) - e114cbd1-8f45-4cc5-a8b1-e2bd6cad48a0@group-23D9289878C2-LeaderElection67 got exception when requesting votes: java.util.concurrent.ExecutionException: org.apache.ratis.thirdparty.io.grpc.StatusRuntimeException: UNAVAILABLE: io exception
2025-09-13 17:31:58,198 [e114cbd1-8f45-4cc5-a8b1-e2bd6cad48a0@group-23D9289878C2-LeaderElection67] INFO  impl.LeaderElection (LeaderElection.java:logAndReturn(206)) - e114cbd1-8f45-4cc5-a8b1-e2bd6cad48a0@group-23D9289878C2-LeaderElection67: PRE_VOTE REJECTED received 0 response(s) and 2 exception(s):
2025-09-13 17:31:58,198 [e114cbd1-8f45-4cc5-a8b1-e2bd6cad48a0@group-23D9289878C2-LeaderElection67] INFO  impl.LeaderElection (LogUtils.java:infoOrTrace(142)) -   Exception 0: java.util.concurrent.ExecutionException: org.apache.ratis.thirdparty.io.grpc.StatusRuntimeException: UNAVAILABLE: io exception
2025-09-13 17:31:58,198 [e114cbd1-8f45-4cc5-a8b1-e2bd6cad48a0@group-23D9289878C2-LeaderElection67] INFO  impl.LeaderElection (LogUtils.java:infoOrTrace(142)) -   Exception 1: java.util.concurrent.ExecutionException: org.apache.ratis.thirdparty.io.grpc.StatusRuntimeException: UNAVAILABLE: io exception
2025-09-13 17:31:58,198 [e114cbd1-8f45-4cc5-a8b1-e2bd6cad48a0@group-23D9289878C2-LeaderElection67] INFO  impl.LeaderElection (LeaderElection.java:askForVotes(450)) - e114cbd1-8f45-4cc5-a8b1-e2bd6cad48a0@group-23D9289878C2-LeaderElection67 PRE_VOTE round 0: result REJECTED
2025-09-13 17:31:58,198 [e114cbd1-8f45-4cc5-a8b1-e2bd6cad48a0@group-23D9289878C2-LeaderElection67] INFO  server.RaftServer$Division (RaftServerImpl.java:setRole(392)) - e114cbd1-8f45-4cc5-a8b1-e2bd6cad48a0@group-23D9289878C2: changes role from CANDIDATE to FOLLOWER at term 1 for REJECTED
2025-09-13 17:31:58,198 [e114cbd1-8f45-4cc5-a8b1-e2bd6cad48a0@group-23D9289878C2-LeaderElection67] INFO  impl.RoleInfo (RoleInfo.java:shutdownLeaderElection(141)) - e114cbd1-8f45-4cc5-a8b1-e2bd6cad48a0: shutdown e114cbd1-8f45-4cc5-a8b1-e2bd6cad48a0@group-23D9289878C2-LeaderElection67
2025-09-13 17:31:58,199 [e114cbd1-8f45-4cc5-a8b1-e2bd6cad48a0@group-23D9289878C2-LeaderElection67] INFO  impl.RoleInfo (RoleInfo.java:updateAndGet(148)) - e114cbd1-8f45-4cc5-a8b1-e2bd6cad48a0: start e114cbd1-8f45-4cc5-a8b1-e2bd6cad48a0@group-23D9289878C2-FollowerState
2025-09-13 17:31:58,210 [e114cbd1-8f45-4cc5-a8b1-e2bd6cad48a0@group-853F78DB4750-FollowerState] INFO  impl.FollowerState (FollowerState.java:runImpl(161)) - e114cbd1-8f45-4cc5-a8b1-e2bd6cad48a0@group-853F78DB4750-FollowerState: change to CANDIDATE, lastRpcElapsedTime:1143273839ns, electionTimeout:1143ms
2025-09-13 17:31:58,210 [e114cbd1-8f45-4cc5-a8b1-e2bd6cad48a0@group-853F78DB4750-FollowerState] INFO  impl.RoleInfo (RoleInfo.java:shutdownFollowerState(121)) - e114cbd1-8f45-4cc5-a8b1-e2bd6cad48a0: shutdown e114cbd1-8f45-4cc5-a8b1-e2bd6cad48a0@group-853F78DB4750-FollowerState
2025-09-13 17:31:58,210 [e114cbd1-8f45-4cc5-a8b1-e2bd6cad48a0@group-853F78DB4750-FollowerState] INFO  server.RaftServer$Division (RaftServerImpl.java:setRole(392)) - e114cbd1-8f45-4cc5-a8b1-e2bd6cad48a0@group-853F78DB4750: changes role from  FOLLOWER to CANDIDATE at term 1 for changeToCandidate
2025-09-13 17:31:58,210 [e114cbd1-8f45-4cc5-a8b1-e2bd6cad48a0@group-853F78DB4750-FollowerState] INFO  impl.RoleInfo (RoleInfo.java:updateAndGet(148)) - e114cbd1-8f45-4cc5-a8b1-e2bd6cad48a0: start e114cbd1-8f45-4cc5-a8b1-e2bd6cad48a0@group-853F78DB4750-LeaderElection68
2025-09-13 17:31:58,210 [e114cbd1-8f45-4cc5-a8b1-e2bd6cad48a0@group-853F78DB4750-LeaderElection68] INFO  impl.LeaderElection (LeaderElection.java:askForVotes(448)) - e114cbd1-8f45-4cc5-a8b1-e2bd6cad48a0@group-853F78DB4750-LeaderElection68 PRE_VOTE round 0: submit vote requests at term 1 for conf: {index: 0, cur=peers:[d3aade32-661d-499d-9068-ea1550ed8656|127.0.0.1:15055, beda0dcb-37da-4cca-bea2-e222cb1bc351|127.0.0.1:15039, e114cbd1-8f45-4cc5-a8b1-e2bd6cad48a0|127.0.0.1:15047]|listeners:[], old=null}
2025-09-13 17:31:58,211 [e114cbd1-8f45-4cc5-a8b1-e2bd6cad48a0@group-853F78DB4750-LeaderElection68] INFO  impl.LeaderElection (LogUtils.java:infoOrTrace(142)) - e114cbd1-8f45-4cc5-a8b1-e2bd6cad48a0@group-853F78DB4750-LeaderElection68 got exception when requesting votes: java.util.concurrent.ExecutionException: org.apache.ratis.thirdparty.io.grpc.StatusRuntimeException: UNAVAILABLE: io exception
2025-09-13 17:31:58,211 [e114cbd1-8f45-4cc5-a8b1-e2bd6cad48a0@group-853F78DB4750-LeaderElection68] INFO  impl.LeaderElection (LogUtils.java:infoOrTrace(142)) - e114cbd1-8f45-4cc5-a8b1-e2bd6cad48a0@group-853F78DB4750-LeaderElection68 got exception when requesting votes: java.util.concurrent.ExecutionException: org.apache.ratis.thirdparty.io.grpc.StatusRuntimeException: UNAVAILABLE: io exception
2025-09-13 17:31:58,211 [e114cbd1-8f45-4cc5-a8b1-e2bd6cad48a0@group-853F78DB4750-LeaderElection68] INFO  impl.LeaderElection (LeaderElection.java:logAndReturn(206)) - e114cbd1-8f45-4cc5-a8b1-e2bd6cad48a0@group-853F78DB4750-LeaderElection68: PRE_VOTE REJECTED received 0 response(s) and 2 exception(s):
2025-09-13 17:31:58,211 [e114cbd1-8f45-4cc5-a8b1-e2bd6cad48a0@group-853F78DB4750-LeaderElection68] INFO  impl.LeaderElection (LogUtils.java:infoOrTrace(142)) -   Exception 0: java.util.concurrent.ExecutionException: org.apache.ratis.thirdparty.io.grpc.StatusRuntimeException: UNAVAILABLE: io exception
2025-09-13 17:31:58,211 [e114cbd1-8f45-4cc5-a8b1-e2bd6cad48a0@group-853F78DB4750-LeaderElection68] INFO  impl.LeaderElection (LogUtils.java:infoOrTrace(142)) -   Exception 1: java.util.concurrent.ExecutionException: org.apache.ratis.thirdparty.io.grpc.StatusRuntimeException: UNAVAILABLE: io exception
2025-09-13 17:31:58,211 [e114cbd1-8f45-4cc5-a8b1-e2bd6cad48a0@group-853F78DB4750-LeaderElection68] INFO  impl.LeaderElection (LeaderElection.java:askForVotes(450)) - e114cbd1-8f45-4cc5-a8b1-e2bd6cad48a0@group-853F78DB4750-LeaderElection68 PRE_VOTE round 0: result REJECTED
2025-09-13 17:31:58,211 [e114cbd1-8f45-4cc5-a8b1-e2bd6cad48a0@group-853F78DB4750-LeaderElection68] INFO  server.RaftServer$Division (RaftServerImpl.java:setRole(392)) - e114cbd1-8f45-4cc5-a8b1-e2bd6cad48a0@group-853F78DB4750: changes role from CANDIDATE to FOLLOWER at term 1 for REJECTED
2025-09-13 17:31:58,211 [e114cbd1-8f45-4cc5-a8b1-e2bd6cad48a0@group-853F78DB4750-LeaderElection68] INFO  impl.RoleInfo (RoleInfo.java:shutdownLeaderElection(141)) - e114cbd1-8f45-4cc5-a8b1-e2bd6cad48a0: shutdown e114cbd1-8f45-4cc5-a8b1-e2bd6cad48a0@group-853F78DB4750-LeaderElection68
2025-09-13 17:31:58,211 [e114cbd1-8f45-4cc5-a8b1-e2bd6cad48a0@group-853F78DB4750-LeaderElection68] INFO  impl.RoleInfo (RoleInfo.java:updateAndGet(148)) - e114cbd1-8f45-4cc5-a8b1-e2bd6cad48a0: start e114cbd1-8f45-4cc5-a8b1-e2bd6cad48a0@group-853F78DB4750-FollowerState
2025-09-13 17:31:59,251 [e114cbd1-8f45-4cc5-a8b1-e2bd6cad48a0@group-23D9289878C2-FollowerState] INFO  impl.FollowerState (FollowerState.java:runImpl(161)) - e114cbd1-8f45-4cc5-a8b1-e2bd6cad48a0@group-23D9289878C2-FollowerState: change to CANDIDATE, lastRpcElapsedTime:1052403370ns, electionTimeout:1052ms
2025-09-13 17:31:59,251 [e114cbd1-8f45-4cc5-a8b1-e2bd6cad48a0@group-23D9289878C2-FollowerState] INFO  impl.RoleInfo (RoleInfo.java:shutdownFollowerState(121)) - e114cbd1-8f45-4cc5-a8b1-e2bd6cad48a0: shutdown e114cbd1-8f45-4cc5-a8b1-e2bd6cad48a0@group-23D9289878C2-FollowerState
2025-09-13 17:31:59,251 [e114cbd1-8f45-4cc5-a8b1-e2bd6cad48a0@group-23D9289878C2-FollowerState] INFO  server.RaftServer$Division (RaftServerImpl.java:setRole(392)) - e114cbd1-8f45-4cc5-a8b1-e2bd6cad48a0@group-23D9289878C2: changes role from  FOLLOWER to CANDIDATE at term 1 for changeToCandidate
2025-09-13 17:31:59,251 [e114cbd1-8f45-4cc5-a8b1-e2bd6cad48a0@group-23D9289878C2-FollowerState] INFO  impl.RoleInfo (RoleInfo.java:updateAndGet(148)) - e114cbd1-8f45-4cc5-a8b1-e2bd6cad48a0: start e114cbd1-8f45-4cc5-a8b1-e2bd6cad48a0@group-23D9289878C2-LeaderElection69
2025-09-13 17:31:59,252 [e114cbd1-8f45-4cc5-a8b1-e2bd6cad48a0@group-23D9289878C2-LeaderElection69] INFO  impl.LeaderElection (LeaderElection.java:askForVotes(448)) - e114cbd1-8f45-4cc5-a8b1-e2bd6cad48a0@group-23D9289878C2-LeaderElection69 PRE_VOTE round 0: submit vote requests at term 1 for conf: {index: 0, cur=peers:[d3aade32-661d-499d-9068-ea1550ed8656|127.0.0.1:15055, beda0dcb-37da-4cca-bea2-e222cb1bc351|127.0.0.1:15039, e114cbd1-8f45-4cc5-a8b1-e2bd6cad48a0|127.0.0.1:15047]|listeners:[], old=null}
2025-09-13 17:31:59,252 [e114cbd1-8f45-4cc5-a8b1-e2bd6cad48a0@group-23D9289878C2-LeaderElection69] INFO  impl.LeaderElection (LogUtils.java:infoOrTrace(142)) - e114cbd1-8f45-4cc5-a8b1-e2bd6cad48a0@group-23D9289878C2-LeaderElection69 got exception when requesting votes: java.util.concurrent.ExecutionException: org.apache.ratis.thirdparty.io.grpc.StatusRuntimeException: UNAVAILABLE: io exception
2025-09-13 17:31:59,252 [e114cbd1-8f45-4cc5-a8b1-e2bd6cad48a0@group-23D9289878C2-LeaderElection69] INFO  impl.LeaderElection (LogUtils.java:infoOrTrace(142)) - e114cbd1-8f45-4cc5-a8b1-e2bd6cad48a0@group-23D9289878C2-LeaderElection69 got exception when requesting votes: java.util.concurrent.ExecutionException: org.apache.ratis.thirdparty.io.grpc.StatusRuntimeException: UNAVAILABLE: io exception
2025-09-13 17:31:59,252 [e114cbd1-8f45-4cc5-a8b1-e2bd6cad48a0@group-23D9289878C2-LeaderElection69] INFO  impl.LeaderElection (LeaderElection.java:logAndReturn(206)) - e114cbd1-8f45-4cc5-a8b1-e2bd6cad48a0@group-23D9289878C2-LeaderElection69: PRE_VOTE REJECTED received 0 response(s) and 2 exception(s):
2025-09-13 17:31:59,252 [e114cbd1-8f45-4cc5-a8b1-e2bd6cad48a0@group-23D9289878C2-LeaderElection69] INFO  impl.LeaderElection (LogUtils.java:infoOrTrace(142)) -   Exception 0: java.util.concurrent.ExecutionException: org.apache.ratis.thirdparty.io.grpc.StatusRuntimeException: UNAVAILABLE: io exception
2025-09-13 17:31:59,252 [e114cbd1-8f45-4cc5-a8b1-e2bd6cad48a0@group-23D9289878C2-LeaderElection69] INFO  impl.LeaderElection (LogUtils.java:infoOrTrace(142)) -   Exception 1: java.util.concurrent.ExecutionException: org.apache.ratis.thirdparty.io.grpc.StatusRuntimeException: UNAVAILABLE: io exception
2025-09-13 17:31:59,252 [e114cbd1-8f45-4cc5-a8b1-e2bd6cad48a0@group-23D9289878C2-LeaderElection69] INFO  impl.LeaderElection (LeaderElection.java:askForVotes(450)) - e114cbd1-8f45-4cc5-a8b1-e2bd6cad48a0@group-23D9289878C2-LeaderElection69 PRE_VOTE round 0: result REJECTED
2025-09-13 17:31:59,252 [e114cbd1-8f45-4cc5-a8b1-e2bd6cad48a0@group-23D9289878C2-LeaderElection69] INFO  server.RaftServer$Division (RaftServerImpl.java:setRole(392)) - e114cbd1-8f45-4cc5-a8b1-e2bd6cad48a0@group-23D9289878C2: changes role from CANDIDATE to FOLLOWER at term 1 for REJECTED
2025-09-13 17:31:59,253 [e114cbd1-8f45-4cc5-a8b1-e2bd6cad48a0@group-23D9289878C2-LeaderElection69] INFO  impl.RoleInfo (RoleInfo.java:shutdownLeaderElection(141)) - e114cbd1-8f45-4cc5-a8b1-e2bd6cad48a0: shutdown e114cbd1-8f45-4cc5-a8b1-e2bd6cad48a0@group-23D9289878C2-LeaderElection69
2025-09-13 17:31:59,253 [e114cbd1-8f45-4cc5-a8b1-e2bd6cad48a0@group-23D9289878C2-LeaderElection69] INFO  impl.RoleInfo (RoleInfo.java:updateAndGet(148)) - e114cbd1-8f45-4cc5-a8b1-e2bd6cad48a0: start e114cbd1-8f45-4cc5-a8b1-e2bd6cad48a0@group-23D9289878C2-FollowerState
2025-09-13 17:31:59,365 [e114cbd1-8f45-4cc5-a8b1-e2bd6cad48a0@group-853F78DB4750-FollowerState] INFO  impl.FollowerState (FollowerState.java:runImpl(161)) - e114cbd1-8f45-4cc5-a8b1-e2bd6cad48a0@group-853F78DB4750-FollowerState: change to CANDIDATE, lastRpcElapsedTime:1153369369ns, electionTimeout:1153ms
2025-09-13 17:31:59,365 [e114cbd1-8f45-4cc5-a8b1-e2bd6cad48a0@group-853F78DB4750-FollowerState] INFO  impl.RoleInfo (RoleInfo.java:shutdownFollowerState(121)) - e114cbd1-8f45-4cc5-a8b1-e2bd6cad48a0: shutdown e114cbd1-8f45-4cc5-a8b1-e2bd6cad48a0@group-853F78DB4750-FollowerState
2025-09-13 17:31:59,365 [e114cbd1-8f45-4cc5-a8b1-e2bd6cad48a0@group-853F78DB4750-FollowerState] INFO  server.RaftServer$Division (RaftServerImpl.java:setRole(392)) - e114cbd1-8f45-4cc5-a8b1-e2bd6cad48a0@group-853F78DB4750: changes role from  FOLLOWER to CANDIDATE at term 1 for changeToCandidate
2025-09-13 17:31:59,365 [e114cbd1-8f45-4cc5-a8b1-e2bd6cad48a0@group-853F78DB4750-FollowerState] INFO  impl.RoleInfo (RoleInfo.java:updateAndGet(148)) - e114cbd1-8f45-4cc5-a8b1-e2bd6cad48a0: start e114cbd1-8f45-4cc5-a8b1-e2bd6cad48a0@group-853F78DB4750-LeaderElection70
2025-09-13 17:31:59,365 [e114cbd1-8f45-4cc5-a8b1-e2bd6cad48a0@group-853F78DB4750-LeaderElection70] INFO  impl.LeaderElection (LeaderElection.java:askForVotes(448)) - e114cbd1-8f45-4cc5-a8b1-e2bd6cad48a0@group-853F78DB4750-LeaderElection70 PRE_VOTE round 0: submit vote requests at term 1 for conf: {index: 0, cur=peers:[d3aade32-661d-499d-9068-ea1550ed8656|127.0.0.1:15055, beda0dcb-37da-4cca-bea2-e222cb1bc351|127.0.0.1:15039, e114cbd1-8f45-4cc5-a8b1-e2bd6cad48a0|127.0.0.1:15047]|listeners:[], old=null}
2025-09-13 17:31:59,366 [e114cbd1-8f45-4cc5-a8b1-e2bd6cad48a0@group-853F78DB4750-LeaderElection70] INFO  impl.LeaderElection (LogUtils.java:infoOrTrace(142)) - e114cbd1-8f45-4cc5-a8b1-e2bd6cad48a0@group-853F78DB4750-LeaderElection70 got exception when requesting votes: java.util.concurrent.ExecutionException: org.apache.ratis.thirdparty.io.grpc.StatusRuntimeException: UNAVAILABLE: io exception
2025-09-13 17:31:59,366 [e114cbd1-8f45-4cc5-a8b1-e2bd6cad48a0@group-853F78DB4750-LeaderElection70] INFO  impl.LeaderElection (LogUtils.java:infoOrTrace(142)) - e114cbd1-8f45-4cc5-a8b1-e2bd6cad48a0@group-853F78DB4750-LeaderElection70 got exception when requesting votes: java.util.concurrent.ExecutionException: org.apache.ratis.thirdparty.io.grpc.StatusRuntimeException: UNAVAILABLE: io exception
2025-09-13 17:31:59,366 [e114cbd1-8f45-4cc5-a8b1-e2bd6cad48a0@group-853F78DB4750-LeaderElection70] INFO  impl.LeaderElection (LeaderElection.java:logAndReturn(206)) - e114cbd1-8f45-4cc5-a8b1-e2bd6cad48a0@group-853F78DB4750-LeaderElection70: PRE_VOTE REJECTED received 0 response(s) and 2 exception(s):
2025-09-13 17:31:59,366 [e114cbd1-8f45-4cc5-a8b1-e2bd6cad48a0@group-853F78DB4750-LeaderElection70] INFO  impl.LeaderElection (LogUtils.java:infoOrTrace(142)) -   Exception 0: java.util.concurrent.ExecutionException: org.apache.ratis.thirdparty.io.grpc.StatusRuntimeException: UNAVAILABLE: io exception
2025-09-13 17:31:59,366 [e114cbd1-8f45-4cc5-a8b1-e2bd6cad48a0@group-853F78DB4750-LeaderElection70] INFO  impl.LeaderElection (LogUtils.java:infoOrTrace(142)) -   Exception 1: java.util.concurrent.ExecutionException: org.apache.ratis.thirdparty.io.grpc.StatusRuntimeException: UNAVAILABLE: io exception
2025-09-13 17:31:59,366 [e114cbd1-8f45-4cc5-a8b1-e2bd6cad48a0@group-853F78DB4750-LeaderElection70] INFO  impl.LeaderElection (LeaderElection.java:askForVotes(450)) - e114cbd1-8f45-4cc5-a8b1-e2bd6cad48a0@group-853F78DB4750-LeaderElection70 PRE_VOTE round 0: result REJECTED
2025-09-13 17:31:59,366 [e114cbd1-8f45-4cc5-a8b1-e2bd6cad48a0@group-853F78DB4750-LeaderElection70] INFO  server.RaftServer$Division (RaftServerImpl.java:setRole(392)) - e114cbd1-8f45-4cc5-a8b1-e2bd6cad48a0@group-853F78DB4750: changes role from CANDIDATE to FOLLOWER at term 1 for REJECTED
2025-09-13 17:31:59,366 [e114cbd1-8f45-4cc5-a8b1-e2bd6cad48a0@group-853F78DB4750-LeaderElection70] INFO  impl.RoleInfo (RoleInfo.java:shutdownLeaderElection(141)) - e114cbd1-8f45-4cc5-a8b1-e2bd6cad48a0: shutdown e114cbd1-8f45-4cc5-a8b1-e2bd6cad48a0@group-853F78DB4750-LeaderElection70
2025-09-13 17:31:59,366 [e114cbd1-8f45-4cc5-a8b1-e2bd6cad48a0@group-853F78DB4750-LeaderElection70] INFO  impl.RoleInfo (RoleInfo.java:updateAndGet(148)) - e114cbd1-8f45-4cc5-a8b1-e2bd6cad48a0: start e114cbd1-8f45-4cc5-a8b1-e2bd6cad48a0@group-853F78DB4750-FollowerState
2025-09-13 17:32:00,386 [e114cbd1-8f45-4cc5-a8b1-e2bd6cad48a0@group-23D9289878C2-FollowerState] INFO  impl.FollowerState (FollowerState.java:runImpl(161)) - e114cbd1-8f45-4cc5-a8b1-e2bd6cad48a0@group-23D9289878C2-FollowerState: change to CANDIDATE, lastRpcElapsedTime:1133420887ns, electionTimeout:1133ms
2025-09-13 17:32:00,386 [e114cbd1-8f45-4cc5-a8b1-e2bd6cad48a0@group-23D9289878C2-FollowerState] INFO  impl.RoleInfo (RoleInfo.java:shutdownFollowerState(121)) - e114cbd1-8f45-4cc5-a8b1-e2bd6cad48a0: shutdown e114cbd1-8f45-4cc5-a8b1-e2bd6cad48a0@group-23D9289878C2-FollowerState
2025-09-13 17:32:00,386 [e114cbd1-8f45-4cc5-a8b1-e2bd6cad48a0@group-23D9289878C2-FollowerState] INFO  server.RaftServer$Division (RaftServerImpl.java:setRole(392)) - e114cbd1-8f45-4cc5-a8b1-e2bd6cad48a0@group-23D9289878C2: changes role from  FOLLOWER to CANDIDATE at term 1 for changeToCandidate
2025-09-13 17:32:00,386 [e114cbd1-8f45-4cc5-a8b1-e2bd6cad48a0@group-23D9289878C2-FollowerState] INFO  impl.RoleInfo (RoleInfo.java:updateAndGet(148)) - e114cbd1-8f45-4cc5-a8b1-e2bd6cad48a0: start e114cbd1-8f45-4cc5-a8b1-e2bd6cad48a0@group-23D9289878C2-LeaderElection71
2025-09-13 17:32:00,387 [e114cbd1-8f45-4cc5-a8b1-e2bd6cad48a0@group-23D9289878C2-LeaderElection71] INFO  impl.LeaderElection (LeaderElection.java:askForVotes(448)) - e114cbd1-8f45-4cc5-a8b1-e2bd6cad48a0@group-23D9289878C2-LeaderElection71 PRE_VOTE round 0: submit vote requests at term 1 for conf: {index: 0, cur=peers:[d3aade32-661d-499d-9068-ea1550ed8656|127.0.0.1:15055, beda0dcb-37da-4cca-bea2-e222cb1bc351|127.0.0.1:15039, e114cbd1-8f45-4cc5-a8b1-e2bd6cad48a0|127.0.0.1:15047]|listeners:[], old=null}
2025-09-13 17:32:00,387 [e114cbd1-8f45-4cc5-a8b1-e2bd6cad48a0@group-23D9289878C2-LeaderElection71] INFO  impl.LeaderElection (LogUtils.java:infoOrTrace(142)) - e114cbd1-8f45-4cc5-a8b1-e2bd6cad48a0@group-23D9289878C2-LeaderElection71 got exception when requesting votes: java.util.concurrent.ExecutionException: org.apache.ratis.thirdparty.io.grpc.StatusRuntimeException: UNAVAILABLE: io exception
2025-09-13 17:32:00,387 [e114cbd1-8f45-4cc5-a8b1-e2bd6cad48a0@group-23D9289878C2-LeaderElection71] INFO  impl.LeaderElection (LogUtils.java:infoOrTrace(142)) - e114cbd1-8f45-4cc5-a8b1-e2bd6cad48a0@group-23D9289878C2-LeaderElection71 got exception when requesting votes: java.util.concurrent.ExecutionException: org.apache.ratis.thirdparty.io.grpc.StatusRuntimeException: UNAVAILABLE: io exception
2025-09-13 17:32:00,387 [e114cbd1-8f45-4cc5-a8b1-e2bd6cad48a0@group-23D9289878C2-LeaderElection71] INFO  impl.LeaderElection (LeaderElection.java:logAndReturn(206)) - e114cbd1-8f45-4cc5-a8b1-e2bd6cad48a0@group-23D9289878C2-LeaderElection71: PRE_VOTE REJECTED received 0 response(s) and 2 exception(s):
2025-09-13 17:32:00,387 [e114cbd1-8f45-4cc5-a8b1-e2bd6cad48a0@group-23D9289878C2-LeaderElection71] INFO  impl.LeaderElection (LogUtils.java:infoOrTrace(142)) -   Exception 0: java.util.concurrent.ExecutionException: org.apache.ratis.thirdparty.io.grpc.StatusRuntimeException: UNAVAILABLE: io exception
2025-09-13 17:32:00,387 [e114cbd1-8f45-4cc5-a8b1-e2bd6cad48a0@group-23D9289878C2-LeaderElection71] INFO  impl.LeaderElection (LogUtils.java:infoOrTrace(142)) -   Exception 1: java.util.concurrent.ExecutionException: org.apache.ratis.thirdparty.io.grpc.StatusRuntimeException: UNAVAILABLE: io exception
2025-09-13 17:32:00,388 [e114cbd1-8f45-4cc5-a8b1-e2bd6cad48a0@group-23D9289878C2-LeaderElection71] INFO  impl.LeaderElection (LeaderElection.java:askForVotes(450)) - e114cbd1-8f45-4cc5-a8b1-e2bd6cad48a0@group-23D9289878C2-LeaderElection71 PRE_VOTE round 0: result REJECTED
2025-09-13 17:32:00,388 [e114cbd1-8f45-4cc5-a8b1-e2bd6cad48a0@group-23D9289878C2-LeaderElection71] INFO  server.RaftServer$Division (RaftServerImpl.java:setRole(392)) - e114cbd1-8f45-4cc5-a8b1-e2bd6cad48a0@group-23D9289878C2: changes role from CANDIDATE to FOLLOWER at term 1 for REJECTED
2025-09-13 17:32:00,388 [e114cbd1-8f45-4cc5-a8b1-e2bd6cad48a0@group-23D9289878C2-LeaderElection71] INFO  impl.RoleInfo (RoleInfo.java:shutdownLeaderElection(141)) - e114cbd1-8f45-4cc5-a8b1-e2bd6cad48a0: shutdown e114cbd1-8f45-4cc5-a8b1-e2bd6cad48a0@group-23D9289878C2-LeaderElection71
2025-09-13 17:32:00,388 [e114cbd1-8f45-4cc5-a8b1-e2bd6cad48a0@group-23D9289878C2-LeaderElection71] INFO  impl.RoleInfo (RoleInfo.java:updateAndGet(148)) - e114cbd1-8f45-4cc5-a8b1-e2bd6cad48a0: start e114cbd1-8f45-4cc5-a8b1-e2bd6cad48a0@group-23D9289878C2-FollowerState
2025-09-13 17:32:00,548 [e114cbd1-8f45-4cc5-a8b1-e2bd6cad48a0@group-853F78DB4750-FollowerState] INFO  impl.FollowerState (FollowerState.java:runImpl(161)) - e114cbd1-8f45-4cc5-a8b1-e2bd6cad48a0@group-853F78DB4750-FollowerState: change to CANDIDATE, lastRpcElapsedTime:1182407171ns, electionTimeout:1182ms
2025-09-13 17:32:00,549 [e114cbd1-8f45-4cc5-a8b1-e2bd6cad48a0@group-853F78DB4750-FollowerState] INFO  impl.RoleInfo (RoleInfo.java:shutdownFollowerState(121)) - e114cbd1-8f45-4cc5-a8b1-e2bd6cad48a0: shutdown e114cbd1-8f45-4cc5-a8b1-e2bd6cad48a0@group-853F78DB4750-FollowerState
2025-09-13 17:32:00,549 [e114cbd1-8f45-4cc5-a8b1-e2bd6cad48a0@group-853F78DB4750-FollowerState] INFO  server.RaftServer$Division (RaftServerImpl.java:setRole(392)) - e114cbd1-8f45-4cc5-a8b1-e2bd6cad48a0@group-853F78DB4750: changes role from  FOLLOWER to CANDIDATE at term 1 for changeToCandidate
2025-09-13 17:32:00,549 [e114cbd1-8f45-4cc5-a8b1-e2bd6cad48a0@group-853F78DB4750-FollowerState] INFO  impl.RoleInfo (RoleInfo.java:updateAndGet(148)) - e114cbd1-8f45-4cc5-a8b1-e2bd6cad48a0: start e114cbd1-8f45-4cc5-a8b1-e2bd6cad48a0@group-853F78DB4750-LeaderElection72
2025-09-13 17:32:00,549 [e114cbd1-8f45-4cc5-a8b1-e2bd6cad48a0@group-853F78DB4750-LeaderElection72] INFO  impl.LeaderElection (LeaderElection.java:askForVotes(448)) - e114cbd1-8f45-4cc5-a8b1-e2bd6cad48a0@group-853F78DB4750-LeaderElection72 PRE_VOTE round 0: submit vote requests at term 1 for conf: {index: 0, cur=peers:[d3aade32-661d-499d-9068-ea1550ed8656|127.0.0.1:15055, beda0dcb-37da-4cca-bea2-e222cb1bc351|127.0.0.1:15039, e114cbd1-8f45-4cc5-a8b1-e2bd6cad48a0|127.0.0.1:15047]|listeners:[], old=null}
2025-09-13 17:32:00,550 [e114cbd1-8f45-4cc5-a8b1-e2bd6cad48a0@group-853F78DB4750-LeaderElection72] INFO  impl.LeaderElection (LogUtils.java:infoOrTrace(142)) - e114cbd1-8f45-4cc5-a8b1-e2bd6cad48a0@group-853F78DB4750-LeaderElection72 got exception when requesting votes: java.util.concurrent.ExecutionException: org.apache.ratis.thirdparty.io.grpc.StatusRuntimeException: UNAVAILABLE: io exception
2025-09-13 17:32:00,550 [e114cbd1-8f45-4cc5-a8b1-e2bd6cad48a0@group-853F78DB4750-LeaderElection72] INFO  impl.LeaderElection (LogUtils.java:infoOrTrace(142)) - e114cbd1-8f45-4cc5-a8b1-e2bd6cad48a0@group-853F78DB4750-LeaderElection72 got exception when requesting votes: java.util.concurrent.ExecutionException: org.apache.ratis.thirdparty.io.grpc.StatusRuntimeException: UNAVAILABLE: io exception
2025-09-13 17:32:00,550 [e114cbd1-8f45-4cc5-a8b1-e2bd6cad48a0@group-853F78DB4750-LeaderElection72] INFO  impl.LeaderElection (LeaderElection.java:logAndReturn(206)) - e114cbd1-8f45-4cc5-a8b1-e2bd6cad48a0@group-853F78DB4750-LeaderElection72: PRE_VOTE REJECTED received 0 response(s) and 2 exception(s):
2025-09-13 17:32:00,550 [e114cbd1-8f45-4cc5-a8b1-e2bd6cad48a0@group-853F78DB4750-LeaderElection72] INFO  impl.LeaderElection (LogUtils.java:infoOrTrace(142)) -   Exception 0: java.util.concurrent.ExecutionException: org.apache.ratis.thirdparty.io.grpc.StatusRuntimeException: UNAVAILABLE: io exception
2025-09-13 17:32:00,550 [e114cbd1-8f45-4cc5-a8b1-e2bd6cad48a0@group-853F78DB4750-LeaderElection72] INFO  impl.LeaderElection (LogUtils.java:infoOrTrace(142)) -   Exception 1: java.util.concurrent.ExecutionException: org.apache.ratis.thirdparty.io.grpc.StatusRuntimeException: UNAVAILABLE: io exception
2025-09-13 17:32:00,550 [e114cbd1-8f45-4cc5-a8b1-e2bd6cad48a0@group-853F78DB4750-LeaderElection72] INFO  impl.LeaderElection (LeaderElection.java:askForVotes(450)) - e114cbd1-8f45-4cc5-a8b1-e2bd6cad48a0@group-853F78DB4750-LeaderElection72 PRE_VOTE round 0: result REJECTED
2025-09-13 17:32:00,550 [e114cbd1-8f45-4cc5-a8b1-e2bd6cad48a0@group-853F78DB4750-LeaderElection72] INFO  server.RaftServer$Division (RaftServerImpl.java:setRole(392)) - e114cbd1-8f45-4cc5-a8b1-e2bd6cad48a0@group-853F78DB4750: changes role from CANDIDATE to FOLLOWER at term 1 for REJECTED
2025-09-13 17:32:00,550 [e114cbd1-8f45-4cc5-a8b1-e2bd6cad48a0@group-853F78DB4750-LeaderElection72] INFO  impl.RoleInfo (RoleInfo.java:shutdownLeaderElection(141)) - e114cbd1-8f45-4cc5-a8b1-e2bd6cad48a0: shutdown e114cbd1-8f45-4cc5-a8b1-e2bd6cad48a0@group-853F78DB4750-LeaderElection72
2025-09-13 17:32:00,550 [e114cbd1-8f45-4cc5-a8b1-e2bd6cad48a0@group-853F78DB4750-LeaderElection72] INFO  impl.RoleInfo (RoleInfo.java:updateAndGet(148)) - e114cbd1-8f45-4cc5-a8b1-e2bd6cad48a0: start e114cbd1-8f45-4cc5-a8b1-e2bd6cad48a0@group-853F78DB4750-FollowerState
2025-09-13 17:32:01,206 [grpc-default-executor-3] ERROR impl.OrderedAsync (OrderedAsync.java:lambda$null$6(215)) -  client-BBD0EFB882BC: Failed* RaftClientRequest:client-BBD0EFB882BC->d3aade32-661d-499d-9068-ea1550ed8656@group-23D9289878C2, cid=22, seq=4*, RW, cmdType: WriteChunk
traceID: ""
containerID: 1
datanodeUuid: "d3aade32-661d-499d-9068-ea1550ed8656"
writeChunk {
  blockID {
    containerID: 1
    localID: 115816896921600001
    blockCommitSequenceId: 2
    replicaIndex: 0
  }
  chunkData {
    chunkName: "115816896921600001_chunk_2"
    offset: 1048576
    len: 1048576
    checksumData {
      type: CRC32
      bytesPerChecksum: 16384
      checksums: "\326\360U\321"
      checksums: "\326\360U\321"
      checksums: "\326\360U\321"
      checksums: "\326\360U\321"
      checksums: "\326\360U\321"
      checksums: "\326\360U\321"
      checksums: "\326\360U\321"
      checksums: "\326\360U\321"
      checksums: "\326\360U\321"
      checksums: "\326\360U\321"
      checksums: "\326\360U\321"
      checksums: "\326\360U\321"
      checksums: "\326\360U\321"
      checksums: "\326\360U\321"
      checksums: "\326\360U\321"
      checksums: "\326\360U\321"
      checksums: "\326\360U\321"
      checksums: "\326\360U\321"
      checksums: "\326\360U\321"
      checksums: "\326\360U\321"
      checksums: "\326\360U\321"
      checksums: "\326\360U\321"
      checksums: "\326\360U\321"
      checksums: "\326\360U\321"
      checksums: "\326\360U\321"
      checksums: "\326\360U\321"
      checksums: "\326\360U\321"
      checksums: "\326\360U\321"
      checksums: "\326\360U\321"
      checksums: "\326\360U\321"
      checksums: "\326\360U\321"
      checksums: "\326\360U\321"
      checksums: "\326\360U\321"
      checksums: "\326\360U\321"
      checksums: "\326\360U\321"
      checksums: "\326\360U\321"
      checksums: "\326\360U\321"
      checksums: "\326\360U\321"
      checksums: "\326\360U\321"
      checksums: "\326\360U\321"
      checksums: "\326\360U\321"
      checksums: "\326\360U\321"
      checksums: "\326\360U\321"
      checksums: "\326\360U\321"
      checksums: "\326\360U\321"
      checksums: "\326\360U\321"
      checksums: "\326\360U\321"
      checksums: "\326\360U\321"
      checksums: "\326\360U\321"
      checksums: "\326\360U\321"
      checksums: "\326\360U\321"
      checksums: "\326\360U\321"
      checksums: "\326\360U\321"
      checksums: "\326\360U\321"
      checksums: "\326\360U\321"
      checksums: "\326\360U\321"
      checksums: "\326\360U\321"
      checksums: "\326\360U\321"
      checksums: "\326\360U\321"
      checksums: "\326\360U\321"
      checksums: "\326\360U\321"
      checksums: "\326\360U\321"
      checksums: "\326\360U\321"
      checksums: "\277r/p"
    }
  }
}
version: 3
, data.size=1048576
java.util.concurrent.CompletionException: java.io.IOException: org.apache.ratis.thirdparty.io.grpc.StatusRuntimeException: UNAVAILABLE: io exception
	at java.base/java.util.concurrent.CompletableFuture.encodeThrowable(CompletableFuture.java:332)
	at java.base/java.util.concurrent.CompletableFuture.completeThrowable(CompletableFuture.java:347)
	at java.base/java.util.concurrent.CompletableFuture$UniAccept.tryFire(CompletableFuture.java:708)
	at java.base/java.util.concurrent.CompletableFuture.postComplete(CompletableFuture.java:510)
	at java.base/java.util.concurrent.CompletableFuture.completeExceptionally(CompletableFuture.java:2194)
	at org.apache.ratis.grpc.client.GrpcClientProtocolClient$AsyncStreamObservers.completeReplyExceptionally(GrpcClientProtocolClient.java:397)
	at org.apache.ratis.grpc.client.GrpcClientProtocolClient$AsyncStreamObservers.access$000(GrpcClientProtocolClient.java:303)
	at org.apache.ratis.grpc.client.GrpcClientProtocolClient$AsyncStreamObservers$1.onError(GrpcClientProtocolClient.java:334)
	at org.apache.ratis.thirdparty.io.grpc.stub.ClientCalls$StreamObserverToCallListenerAdapter.onClose(ClientCalls.java:564)
	at org.apache.ratis.thirdparty.io.grpc.PartialForwardingClientCallListener.onClose(PartialForwardingClientCallListener.java:39)
	at org.apache.ratis.thirdparty.io.grpc.ForwardingClientCallListener.onClose(ForwardingClientCallListener.java:23)
	at org.apache.ratis.grpc.metrics.intercept.client.MetricClientCallListener.onClose(MetricClientCallListener.java:47)
	at org.apache.ratis.thirdparty.io.grpc.internal.ClientCallImpl.closeObserver(ClientCallImpl.java:565)
	at org.apache.ratis.thirdparty.io.grpc.internal.ClientCallImpl.access$100(ClientCallImpl.java:72)
	at org.apache.ratis.thirdparty.io.grpc.internal.ClientCallImpl$ClientStreamListenerImpl$1StreamClosed.runInternal(ClientCallImpl.java:733)
	at org.apache.ratis.thirdparty.io.grpc.internal.ClientCallImpl$ClientStreamListenerImpl$1StreamClosed.runInContext(ClientCallImpl.java:714)
	at org.apache.ratis.thirdparty.io.grpc.internal.ContextRunnable.run(ContextRunnable.java:37)
	at org.apache.ratis.thirdparty.io.grpc.internal.SerializingExecutor.run(SerializingExecutor.java:133)
	at java.base/java.util.concurrent.ThreadPoolExecutor.runWorker(ThreadPoolExecutor.java:1144)
	at java.base/java.util.concurrent.ThreadPoolExecutor$Worker.run(ThreadPoolExecutor.java:642)
	at java.base/java.lang.Thread.run(Thread.java:1583)
Caused by: java.io.IOException: org.apache.ratis.thirdparty.io.grpc.StatusRuntimeException: UNAVAILABLE: io exception
	at org.apache.ratis.grpc.GrpcUtil.unwrapException(GrpcUtil.java:99)
	at org.apache.ratis.grpc.GrpcUtil.unwrapIOException(GrpcUtil.java:159)
	at org.apache.ratis.grpc.client.GrpcClientProtocolClient$AsyncStreamObservers$1.onError(GrpcClientProtocolClient.java:333)
	... 13 more
Caused by: org.apache.ratis.thirdparty.io.grpc.StatusRuntimeException: UNAVAILABLE: io exception
	at org.apache.ratis.thirdparty.io.grpc.Status.asRuntimeException(Status.java:532)
	... 13 more
Caused by: org.apache.ratis.thirdparty.io.netty.channel.AbstractChannel$AnnotatedConnectException: finishConnect(..) failed: Connection refused: /127.0.0.1:15053
Caused by: java.net.ConnectException: finishConnect(..) failed: Connection refused
	at org.apache.ratis.thirdparty.io.netty.channel.unix.Errors.newConnectException0(Errors.java:166)
	at org.apache.ratis.thirdparty.io.netty.channel.unix.Errors.handleConnectErrno(Errors.java:131)
	at org.apache.ratis.thirdparty.io.netty.channel.unix.Socket.finishConnect(Socket.java:359)
	at org.apache.ratis.thirdparty.io.netty.channel.epoll.AbstractEpollChannel$AbstractEpollUnsafe.doFinishConnect(AbstractEpollChannel.java:715)
	at org.apache.ratis.thirdparty.io.netty.channel.epoll.AbstractEpollChannel$AbstractEpollUnsafe.finishConnect(AbstractEpollChannel.java:692)
	at org.apache.ratis.thirdparty.io.netty.channel.epoll.AbstractEpollChannel$AbstractEpollUnsafe.epollOutReady(AbstractEpollChannel.java:567)
	at org.apache.ratis.thirdparty.io.netty.channel.epoll.EpollEventLoop.processReady(EpollEventLoop.java:491)
	at org.apache.ratis.thirdparty.io.netty.channel.epoll.EpollEventLoop.run(EpollEventLoop.java:399)
	at org.apache.ratis.thirdparty.io.netty.util.concurrent.SingleThreadEventExecutor$4.run(SingleThreadEventExecutor.java:998)
	at org.apache.ratis.thirdparty.io.netty.util.internal.ThreadExecutorMap$2.run(ThreadExecutorMap.java:74)
	at org.apache.ratis.thirdparty.io.netty.util.concurrent.FastThreadLocalRunnable.run(FastThreadLocalRunnable.java:30)
	at java.base/java.lang.Thread.run(Thread.java:1583)
2025-09-13 17:32:01,211 [grpc-default-executor-3] ERROR impl.OrderedAsync (OrderedAsync.java:lambda$send$4(181)) - Failed to send request, message=cmdType: WriteChunk
traceID: ""
containerID: 1
datanodeUuid: "d3aade32-661d-499d-9068-ea1550ed8656"
writeChunk {
  blockID {
    containerID: 1
    localID: 115816896921600001
    blockCommitSequenceId: 2
    replicaIndex: 0
  }
  chunkData {
    chunkName: "115816896921600001_chunk_2"
    offset: 1048576
    len: 1048576
    checksumData {
      type: CRC32
      bytesPerChecksum: 16384
      checksums: "\326\360U\321"
      checksums: "\326\360U\321"
      checksums: "\326\360U\321"
      checksums: "\326\360U\321"
      checksums: "\326\360U\321"
      checksums: "\326\360U\321"
      checksums: "\326\360U\321"
      checksums: "\326\360U\321"
      checksums: "\326\360U\321"
      checksums: "\326\360U\321"
      checksums: "\326\360U\321"
      checksums: "\326\360U\321"
      checksums: "\326\360U\321"
      checksums: "\326\360U\321"
      checksums: "\326\360U\321"
      checksums: "\326\360U\321"
      checksums: "\326\360U\321"
      checksums: "\326\360U\321"
      checksums: "\326\360U\321"
      checksums: "\326\360U\321"
      checksums: "\326\360U\321"
      checksums: "\326\360U\321"
      checksums: "\326\360U\321"
      checksums: "\326\360U\321"
      checksums: "\326\360U\321"
      checksums: "\326\360U\321"
      checksums: "\326\360U\321"
      checksums: "\326\360U\321"
      checksums: "\326\360U\321"
      checksums: "\326\360U\321"
      checksums: "\326\360U\321"
      checksums: "\326\360U\321"
      checksums: "\326\360U\321"
      checksums: "\326\360U\321"
      checksums: "\326\360U\321"
      checksums: "\326\360U\321"
      checksums: "\326\360U\321"
      checksums: "\326\360U\321"
      checksums: "\326\360U\321"
      checksums: "\326\360U\321"
      checksums: "\326\360U\321"
      checksums: "\326\360U\321"
      checksums: "\326\360U\321"
      checksums: "\326\360U\321"
      checksums: "\326\360U\321"
      checksums: "\326\360U\321"
      checksums: "\326\360U\321"
      checksums: "\326\360U\321"
      checksums: "\326\360U\321"
      checksums: "\326\360U\321"
      checksums: "\326\360U\321"
      checksums: "\326\360U\321"
      checksums: "\326\360U\321"
      checksums: "\326\360U\321"
      checksums: "\326\360U\321"
      checksums: "\326\360U\321"
      checksums: "\326\360U\321"
      checksums: "\326\360U\321"
      checksums: "\326\360U\321"
      checksums: "\326\360U\321"
      checksums: "\326\360U\321"
      checksums: "\326\360U\321"
      checksums: "\326\360U\321"
      checksums: "\277r/p"
    }
  }
}
version: 3
, data.size=1048576
java.util.concurrent.CompletionException: org.apache.ratis.protocol.exceptions.RaftRetryFailureException: Failed RaftClientRequest:client-BBD0EFB882BC->d3aade32-661d-499d-9068-ea1550ed8656@group-23D9289878C2, cid=22, seq=4*, RW, cmdType: WriteChunk
traceID: ""
containerID: 1
datanodeUuid: "d3aade32-661d-499d-9068-ea1550ed8656"
writeChunk {
  blockID {
    containerID: 1
    localID: 115816896921600001
    blockCommitSequenceId: 2
    replicaIndex: 0
  }
  chunkData {
    chunkName: "115816896921600001_chunk_2"
    offset: 1048576
    len: 1048576
    checksumData {
      type: CRC32
      bytesPerChecksum: 16384
      checksums: "\326\360U\321"
      checksums: "\326\360U\321"
      checksums: "\326\360U\321"
      checksums: "\326\360U\321"
      checksums: "\326\360U\321"
      checksums: "\326\360U\321"
      checksums: "\326\360U\321"
      checksums: "\326\360U\321"
      checksums: "\326\360U\321"
      checksums: "\326\360U\321"
      checksums: "\326\360U\321"
      checksums: "\326\360U\321"
      checksums: "\326\360U\321"
      checksums: "\326\360U\321"
      checksums: "\326\360U\321"
      checksums: "\326\360U\321"
      checksums: "\326\360U\321"
      checksums: "\326\360U\321"
      checksums: "\326\360U\321"
      checksums: "\326\360U\321"
      checksums: "\326\360U\321"
      checksums: "\326\360U\321"
      checksums: "\326\360U\321"
      checksums: "\326\360U\321"
      checksums: "\326\360U\321"
      checksums: "\326\360U\321"
      checksums: "\326\360U\321"
      checksums: "\326\360U\321"
      checksums: "\326\360U\321"
      checksums: "\326\360U\321"
      checksums: "\326\360U\321"
      checksums: "\326\360U\321"
      checksums: "\326\360U\321"
      checksums: "\326\360U\321"
      checksums: "\326\360U\321"
      checksums: "\326\360U\321"
      checksums: "\326\360U\321"
      checksums: "\326\360U\321"
      checksums: "\326\360U\321"
      checksums: "\326\360U\321"
      checksums: "\326\360U\321"
      checksums: "\326\360U\321"
      checksums: "\326\360U\321"
      checksums: "\326\360U\321"
      checksums: "\326\360U\321"
      checksums: "\326\360U\321"
      checksums: "\326\360U\321"
      checksums: "\326\360U\321"
      checksums: "\326\360U\321"
      checksums: "\326\360U\321"
      checksums: "\326\360U\321"
      checksums: "\326\360U\321"
      checksums: "\326\360U\321"
      checksums: "\326\360U\321"
      checksums: "\326\360U\321"
      checksums: "\326\360U\321"
      checksums: "\326\360U\321"
      checksums: "\326\360U\321"
      checksums: "\326\360U\321"
      checksums: "\326\360U\321"
      checksums: "\326\360U\321"
      checksums: "\326\360U\321"
      checksums: "\326\360U\321"
      checksums: "\277r/p"
    }
  }
}
version: 3
, data.size=1048576 for 8 attempts with RequestTypeDependentRetryPolicy{WRITE->ExceptionDependentRetry(maxAttempts=2147483647; defaultPolicy=MultipleLinearRandomRetry[5x5s, 5x10s, 5x15s, 5x20s, 5x25s, 10x60s]; map={org.apache.ratis.protocol.exceptions.GroupMismatchException->NoRetry, org.apache.ratis.protocol.exceptions.NotReplicatedException->NoRetry, org.apache.ratis.protocol.exceptions.ResourceUnavailableException->org.apache.ratis.retry.ExponentialBackoffRetry@2f64970, org.apache.ratis.protocol.exceptions.StateMachineException->NoRetry, org.apache.ratis.protocol.exceptions.TimeoutIOException->org.apache.ratis.retry.ExponentialBackoffRetry@2f64970}), WATCH->ExceptionDependentRetry(maxAttempts=2147483647; defaultPolicy=MultipleLinearRandomRetry[5x5s, 5x10s, 5x15s, 5x20s, 5x25s, 10x60s]; map={org.apache.ratis.protocol.exceptions.GroupMismatchException->NoRetry, org.apache.ratis.protocol.exceptions.NotReplicatedException->NoRetry, org.apache.ratis.protocol.exceptions.ResourceUnavailableException->org.apache.ratis.retry.ExponentialBackoffRetry@2f64970, org.apache.ratis.protocol.exceptions.StateMachineException->NoRetry, org.apache.ratis.protocol.exceptions.TimeoutIOException->NoRetry})}
	at java.base/java.util.concurrent.CompletableFuture.encodeThrowable(CompletableFuture.java:332)
	at java.base/java.util.concurrent.CompletableFuture.completeThrowable(CompletableFuture.java:347)
	at java.base/java.util.concurrent.CompletableFuture$UniApply.tryFire(CompletableFuture.java:636)
	at java.base/java.util.concurrent.CompletableFuture.postComplete(CompletableFuture.java:510)
	at java.base/java.util.concurrent.CompletableFuture.completeExceptionally(CompletableFuture.java:2194)
	at org.apache.ratis.client.impl.OrderedAsync$PendingOrderedRequest.fail(OrderedAsync.java:111)
	at org.apache.ratis.util.SlidingWindow$Client.fail(SlidingWindow.java:395)
	at org.apache.ratis.client.impl.OrderedAsync.failAllAsyncRequests(OrderedAsync.java:155)
	at org.apache.ratis.client.impl.OrderedAsync.handleException(OrderedAsync.java:239)
	at org.apache.ratis.client.impl.OrderedAsync.lambda$sendRequestWithRetry$7(OrderedAsync.java:217)
	at java.base/java.util.concurrent.CompletableFuture.uniExceptionally(CompletableFuture.java:990)
	at java.base/java.util.concurrent.CompletableFuture$UniExceptionally.tryFire(CompletableFuture.java:974)
	at java.base/java.util.concurrent.CompletableFuture.postComplete(CompletableFuture.java:510)
	at java.base/java.util.concurrent.CompletableFuture.completeExceptionally(CompletableFuture.java:2194)
	at org.apache.ratis.grpc.client.GrpcClientProtocolClient$AsyncStreamObservers.completeReplyExceptionally(GrpcClientProtocolClient.java:397)
	at org.apache.ratis.grpc.client.GrpcClientProtocolClient$AsyncStreamObservers.access$000(GrpcClientProtocolClient.java:303)
	at org.apache.ratis.grpc.client.GrpcClientProtocolClient$AsyncStreamObservers$1.onError(GrpcClientProtocolClient.java:334)
	at org.apache.ratis.thirdparty.io.grpc.stub.ClientCalls$StreamObserverToCallListenerAdapter.onClose(ClientCalls.java:564)
	at org.apache.ratis.thirdparty.io.grpc.PartialForwardingClientCallListener.onClose(PartialForwardingClientCallListener.java:39)
	at org.apache.ratis.thirdparty.io.grpc.ForwardingClientCallListener.onClose(ForwardingClientCallListener.java:23)
	at org.apache.ratis.grpc.metrics.intercept.client.MetricClientCallListener.onClose(MetricClientCallListener.java:47)
	at org.apache.ratis.thirdparty.io.grpc.internal.ClientCallImpl.closeObserver(ClientCallImpl.java:565)
	at org.apache.ratis.thirdparty.io.grpc.internal.ClientCallImpl.access$100(ClientCallImpl.java:72)
	at org.apache.ratis.thirdparty.io.grpc.internal.ClientCallImpl$ClientStreamListenerImpl$1StreamClosed.runInternal(ClientCallImpl.java:733)
	at org.apache.ratis.thirdparty.io.grpc.internal.ClientCallImpl$ClientStreamListenerImpl$1StreamClosed.runInContext(ClientCallImpl.java:714)
	at org.apache.ratis.thirdparty.io.grpc.internal.ContextRunnable.run(ContextRunnable.java:37)
	at org.apache.ratis.thirdparty.io.grpc.internal.SerializingExecutor.run(SerializingExecutor.java:133)
	at java.base/java.util.concurrent.ThreadPoolExecutor.runWorker(ThreadPoolExecutor.java:1144)
	at java.base/java.util.concurrent.ThreadPoolExecutor$Worker.run(ThreadPoolExecutor.java:642)
	at java.base/java.lang.Thread.run(Thread.java:1583)
Caused by: org.apache.ratis.protocol.exceptions.RaftRetryFailureException: Failed RaftClientRequest:client-BBD0EFB882BC->d3aade32-661d-499d-9068-ea1550ed8656@group-23D9289878C2, cid=22, seq=4*, RW, cmdType: WriteChunk
traceID: ""
containerID: 1
datanodeUuid: "d3aade32-661d-499d-9068-ea1550ed8656"
writeChunk {
  blockID {
    containerID: 1
    localID: 115816896921600001
    blockCommitSequenceId: 2
    replicaIndex: 0
  }
  chunkData {
    chunkName: "115816896921600001_chunk_2"
    offset: 1048576
    len: 1048576
    checksumData {
      type: CRC32
      bytesPerChecksum: 16384
      checksums: "\326\360U\321"
      checksums: "\326\360U\321"
      checksums: "\326\360U\321"
      checksums: "\326\360U\321"
      checksums: "\326\360U\321"
      checksums: "\326\360U\321"
      checksums: "\326\360U\321"
      checksums: "\326\360U\321"
      checksums: "\326\360U\321"
      checksums: "\326\360U\321"
      checksums: "\326\360U\321"
      checksums: "\326\360U\321"
      checksums: "\326\360U\321"
      checksums: "\326\360U\321"
      checksums: "\326\360U\321"
      checksums: "\326\360U\321"
      checksums: "\326\360U\321"
      checksums: "\326\360U\321"
      checksums: "\326\360U\321"
      checksums: "\326\360U\321"
      checksums: "\326\360U\321"
      checksums: "\326\360U\321"
      checksums: "\326\360U\321"
      checksums: "\326\360U\321"
      checksums: "\326\360U\321"
      checksums: "\326\360U\321"
      checksums: "\326\360U\321"
      checksums: "\326\360U\321"
      checksums: "\326\360U\321"
      checksums: "\326\360U\321"
      checksums: "\326\360U\321"
      checksums: "\326\360U\321"
      checksums: "\326\360U\321"
      checksums: "\326\360U\321"
      checksums: "\326\360U\321"
      checksums: "\326\360U\321"
      checksums: "\326\360U\321"
      checksums: "\326\360U\321"
      checksums: "\326\360U\321"
      checksums: "\326\360U\321"
      checksums: "\326\360U\321"
      checksums: "\326\360U\321"
      checksums: "\326\360U\321"
      checksums: "\326\360U\321"
      checksums: "\326\360U\321"
      checksums: "\326\360U\321"
      checksums: "\326\360U\321"
      checksums: "\326\360U\321"
      checksums: "\326\360U\321"
      checksums: "\326\360U\321"
      checksums: "\326\360U\321"
      checksums: "\326\360U\321"
      checksums: "\326\360U\321"
      checksums: "\326\360U\321"
      checksums: "\326\360U\321"
      checksums: "\326\360U\321"
      checksums: "\326\360U\321"
      checksums: "\326\360U\321"
      checksums: "\326\360U\321"
      checksums: "\326\360U\321"
      checksums: "\326\360U\321"
      checksums: "\326\360U\321"
      checksums: "\326\360U\321"
      checksums: "\277r/p"
    }
  }
}
version: 3
, data.size=1048576 for 8 attempts with RequestTypeDependentRetryPolicy{WRITE->ExceptionDependentRetry(maxAttempts=2147483647; defaultPolicy=MultipleLinearRandomRetry[5x5s, 5x10s, 5x15s, 5x20s, 5x25s, 10x60s]; map={org.apache.ratis.protocol.exceptions.GroupMismatchException->NoRetry, org.apache.ratis.protocol.exceptions.NotReplicatedException->NoRetry, org.apache.ratis.protocol.exceptions.ResourceUnavailableException->org.apache.ratis.retry.ExponentialBackoffRetry@2f64970, org.apache.ratis.protocol.exceptions.StateMachineException->NoRetry, org.apache.ratis.protocol.exceptions.TimeoutIOException->org.apache.ratis.retry.ExponentialBackoffRetry@2f64970}), WATCH->ExceptionDependentRetry(maxAttempts=2147483647; defaultPolicy=MultipleLinearRandomRetry[5x5s, 5x10s, 5x15s, 5x20s, 5x25s, 10x60s]; map={org.apache.ratis.protocol.exceptions.GroupMismatchException->NoRetry, org.apache.ratis.protocol.exceptions.NotReplicatedException->NoRetry, org.apache.ratis.protocol.exceptions.ResourceUnavailableException->org.apache.ratis.retry.ExponentialBackoffRetry@2f64970, org.apache.ratis.protocol.exceptions.StateMachineException->NoRetry, org.apache.ratis.protocol.exceptions.TimeoutIOException->NoRetry})}
	at org.apache.ratis.client.impl.RaftClientImpl.noMoreRetries(RaftClientImpl.java:352)
	... 22 more
Caused by: java.io.IOException: org.apache.ratis.thirdparty.io.grpc.StatusRuntimeException: UNAVAILABLE: io exception
	at org.apache.ratis.grpc.GrpcUtil.unwrapException(GrpcUtil.java:99)
	at org.apache.ratis.grpc.GrpcUtil.unwrapIOException(GrpcUtil.java:159)
	at org.apache.ratis.grpc.client.GrpcClientProtocolClient$AsyncStreamObservers$1.onError(GrpcClientProtocolClient.java:333)
	... 13 more
Caused by: org.apache.ratis.thirdparty.io.grpc.StatusRuntimeException: UNAVAILABLE: io exception
	at org.apache.ratis.thirdparty.io.grpc.Status.asRuntimeException(Status.java:532)
	... 13 more
Caused by: org.apache.ratis.thirdparty.io.netty.channel.AbstractChannel$AnnotatedConnectException: finishConnect(..) failed: Connection refused: /127.0.0.1:15053
Caused by: java.net.ConnectException: finishConnect(..) failed: Connection refused
	at org.apache.ratis.thirdparty.io.netty.channel.unix.Errors.newConnectException0(Errors.java:166)
	at org.apache.ratis.thirdparty.io.netty.channel.unix.Errors.handleConnectErrno(Errors.java:131)
	at org.apache.ratis.thirdparty.io.netty.channel.unix.Socket.finishConnect(Socket.java:359)
	at org.apache.ratis.thirdparty.io.netty.channel.epoll.AbstractEpollChannel$AbstractEpollUnsafe.doFinishConnect(AbstractEpollChannel.java:715)
	at org.apache.ratis.thirdparty.io.netty.channel.epoll.AbstractEpollChannel$AbstractEpollUnsafe.finishConnect(AbstractEpollChannel.java:692)
	at org.apache.ratis.thirdparty.io.netty.channel.epoll.AbstractEpollChannel$AbstractEpollUnsafe.epollOutReady(AbstractEpollChannel.java:567)
	at org.apache.ratis.thirdparty.io.netty.channel.epoll.EpollEventLoop.processReady(EpollEventLoop.java:491)
	at org.apache.ratis.thirdparty.io.netty.channel.epoll.EpollEventLoop.run(EpollEventLoop.java:399)
	at org.apache.ratis.thirdparty.io.netty.util.concurrent.SingleThreadEventExecutor$4.run(SingleThreadEventExecutor.java:998)
	at org.apache.ratis.thirdparty.io.netty.util.internal.ThreadExecutorMap$2.run(ThreadExecutorMap.java:74)
	at org.apache.ratis.thirdparty.io.netty.util.concurrent.FastThreadLocalRunnable.run(FastThreadLocalRunnable.java:30)
	at java.base/java.lang.Thread.run(Thread.java:1583)
2025-09-13 17:32:01,213 [grpc-default-executor-3] ERROR impl.OrderedAsync (OrderedAsync.java:lambda$send$4(179)) - Failed to send request, message=cmdType: PutBlock
traceID: ""
containerID: 1
datanodeUuid: "d3aade32-661d-499d-9068-ea1550ed8656"
putBlock {
  blockData {
    blockID {
      containerID: 1
      localID: 115816896921600001
      blockCommitSequenceId: 0
    }
    metadata {
      key: "TYPE"
      value: "KEY"
    }
    chunks {
      chunkName: "115816896921600001_chunk_1"
      offset: 0
      len: 1048576
      checksumData {
        type: CRC32
        bytesPerChecksum: 16384
        checksums: "\326\360U\321"
        checksums: "\326\360U\321"
        checksums: "\326\360U\321"
        checksums: "\326\360U\321"
        checksums: "\326\360U\321"
        checksums: "\326\360U\321"
        checksums: "\326\360U\321"
        checksums: "\326\360U\321"
        checksums: "\326\360U\321"
        checksums: "\326\360U\321"
        checksums: "\326\360U\321"
        checksums: "\326\360U\321"
        checksums: "\326\360U\321"
        checksums: "\326\360U\321"
        checksums: "\326\360U\321"
        checksums: "\326\360U\321"
        checksums: "\326\360U\321"
        checksums: "\326\360U\321"
        checksums: "\326\360U\321"
        checksums: "\326\360U\321"
        checksums: "\326\360U\321"
        checksums: "\326\360U\321"
        checksums: "\326\360U\321"
        checksums: "\326\360U\321"
        checksums: "\326\360U\321"
        checksums: "\326\360U\321"
        checksums: "\326\360U\321"
        checksums: "\326\360U\321"
        checksums: "\326\360U\321"
        checksums: "\326\360U\321"
        checksums: "\326\360U\321"
        checksums: "\326\360U\321"
        checksums: "\326\360U\321"
        checksums: "\326\360U\321"
        checksums: "\326\360U\321"
        checksums: "\326\360U\321"
        checksums: "\326\360U\321"
        checksums: "\326\360U\321"
        checksums: "\326\360U\321"
        checksums: "\326\360U\321"
        checksums: "\326\360U\321"
        checksums: "\326\360U\321"
        checksums: "\326\360U\321"
        checksums: "\326\360U\321"
        checksums: "\326\360U\321"
        checksums: "\326\360U\321"
        checksums: "\326\360U\321"
        checksums: "\326\360U\321"
        checksums: "\326\360U\321"
        checksums: "\326\360U\321"
        checksums: "\326\360U\321"
        checksums: "\326\360U\321"
        checksums: "\326\360U\321"
        checksums: "\326\360U\321"
        checksums: "\326\360U\321"
        checksums: "\326\360U\321"
        checksums: "\326\360U\321"
        checksums: "\326\360U\321"
        checksums: "\326\360U\321"
        checksums: "\326\360U\321"
        checksums: "\326\360U\321"
        checksums: "\326\360U\321"
        checksums: "\326\360U\321"
        checksums: "\277r/p"
      }
    }
    chunks {
      chunkName: "115816896921600001_chunk_2"
      offset: 1048576
      len: 1048576
      checksumData {
        type: CRC32
        bytesPerChecksum: 16384
        checksums: "\326\360U\321"
        checksums: "\326\360U\321"
        checksums: "\326\360U\321"
        checksums: "\326\360U\321"
        checksums: "\326\360U\321"
        checksums: "\326\360U\321"
        checksums: "\326\360U\321"
        checksums: "\326\360U\321"
        checksums: "\326\360U\321"
        checksums: "\326\360U\321"
        checksums: "\326\360U\321"
        checksums: "\326\360U\321"
        checksums: "\326\360U\321"
        checksums: "\326\360U\321"
        checksums: "\326\360U\321"
        checksums: "\326\360U\321"
        checksums: "\326\360U\321"
        checksums: "\326\360U\321"
        checksums: "\326\360U\321"
        checksums: "\326\360U\321"
        checksums: "\326\360U\321"
        checksums: "\326\360U\321"
        checksums: "\326\360U\321"
        checksums: "\326\360U\321"
        checksums: "\326\360U\321"
        checksums: "\326\360U\321"
        checksums: "\326\360U\321"
        checksums: "\326\360U\321"
        checksums: "\326\360U\321"
        checksums: "\326\360U\321"
        checksums: "\326\360U\321"
        checksums: "\326\360U\321"
        checksums: "\326\360U\321"
        checksums: "\326\360U\321"
        checksums: "\326\360U\321"
        checksums: "\326\360U\321"
        checksums: "\326\360U\321"
        checksums: "\326\360U\321"
        checksums: "\326\360U\321"
        checksums: "\326\360U\321"
        checksums: "\326\360U\321"
        checksums: "\326\360U\321"
        checksums: "\326\360U\321"
        checksums: "\326\360U\321"
        checksums: "\326\360U\321"
        checksums: "\326\360U\321"
        checksums: "\326\360U\321"
        checksums: "\326\360U\321"
        checksums: "\326\360U\321"
        checksums: "\326\360U\321"
        checksums: "\326\360U\321"
        checksums: "\326\360U\321"
        checksums: "\326\360U\321"
        checksums: "\326\360U\321"
        checksums: "\326\360U\321"
        checksums: "\326\360U\321"
        checksums: "\326\360U\321"
        checksums: "\326\360U\321"
        checksums: "\326\360U\321"
        checksums: "\326\360U\321"
        checksums: "\326\360U\321"
        checksums: "\326\360U\321"
        checksums: "\326\360U\321"
        checksums: "\277r/p"
      }
    }
  }
  eof: false
}
version: 3
, data.size=0 due to java.util.concurrent.CompletionException: org.apache.ratis.protocol.exceptions.AlreadyClosedException: SlidingWindow$Client:client-BBD0EFB882BC->RAFT is closed.
2025-09-13 17:32:01,214 [grpc-default-executor-3] ERROR impl.OrderedAsync (OrderedAsync.java:lambda$send$4(179)) - Failed to send request, message=cmdType: WriteChunk
traceID: ""
containerID: 1
datanodeUuid: "d3aade32-661d-499d-9068-ea1550ed8656"
writeChunk {
  blockID {
    containerID: 1
    localID: 115816896921600001
    blockCommitSequenceId: 2
    replicaIndex: 0
  }
  chunkData {
    chunkName: "115816896921600001_chunk_3"
    offset: 2097152
    len: 1048576
    checksumData {
      type: CRC32
      bytesPerChecksum: 16384
      checksums: "\326\360U\321"
      checksums: "\326\360U\321"
      checksums: "\326\360U\321"
      checksums: "\326\360U\321"
      checksums: "\326\360U\321"
      checksums: "\326\360U\321"
      checksums: "\326\360U\321"
      checksums: "\326\360U\321"
      checksums: "\326\360U\321"
      checksums: "\326\360U\321"
      checksums: "\326\360U\321"
      checksums: "\326\360U\321"
      checksums: "\326\360U\321"
      checksums: "\326\360U\321"
      checksums: "\326\360U\321"
      checksums: "\326\360U\321"
      checksums: "\326\360U\321"
      checksums: "\326\360U\321"
      checksums: "\326\360U\321"
      checksums: "\326\360U\321"
      checksums: "\326\360U\321"
      checksums: "\326\360U\321"
      checksums: "\326\360U\321"
      checksums: "\326\360U\321"
      checksums: "\326\360U\321"
      checksums: "\326\360U\321"
      checksums: "\326\360U\321"
      checksums: "\326\360U\321"
      checksums: "\326\360U\321"
      checksums: "\326\360U\321"
      checksums: "\326\360U\321"
      checksums: "\326\360U\321"
      checksums: "\326\360U\321"
      checksums: "\326\360U\321"
      checksums: "\326\360U\321"
      checksums: "\326\360U\321"
      checksums: "\326\360U\321"
      checksums: "\326\360U\321"
      checksums: "\326\360U\321"
      checksums: "\326\360U\321"
      checksums: "\326\360U\321"
      checksums: "\326\360U\321"
      checksums: "\326\360U\321"
      checksums: "\326\360U\321"
      checksums: "\326\360U\321"
      checksums: "\326\360U\321"
      checksums: "\326\360U\321"
      checksums: "\326\360U\321"
      checksums: "\326\360U\321"
      checksums: "\326\360U\321"
      checksums: "\326\360U\321"
      checksums: "\326\360U\321"
      checksums: "\326\360U\321"
      checksums: "\326\360U\321"
      checksums: "\326\360U\321"
      checksums: "\326\360U\321"
      checksums: "\326\360U\321"
      checksums: "\326\360U\321"
      checksums: "\326\360U\321"
      checksums: "\326\360U\321"
      checksums: "\326\360U\321"
      checksums: "\326\360U\321"
      checksums: "\326\360U\321"
      checksums: "\277r/p"
    }
  }
}
version: 3
, data.size=1048576 due to java.util.concurrent.CompletionException: org.apache.ratis.protocol.exceptions.AlreadyClosedException: SlidingWindow$Client:client-BBD0EFB882BC->RAFT is closed.
2025-09-13 17:32:01,214 [grpc-default-executor-3] ERROR impl.OrderedAsync (OrderedAsync.java:lambda$send$4(179)) - Failed to send request, message=cmdType: PutBlock
traceID: ""
containerID: 1
datanodeUuid: "d3aade32-661d-499d-9068-ea1550ed8656"
putBlock {
  blockData {
    blockID {
      containerID: 1
      localID: 115816896921600001
      blockCommitSequenceId: 0
    }
    metadata {
      key: "TYPE"
      value: "KEY"
    }
    chunks {
      chunkName: "115816896921600001_chunk_1"
      offset: 0
      len: 1048576
      checksumData {
        type: CRC32
        bytesPerChecksum: 16384
        checksums: "\326\360U\321"
        checksums: "\326\360U\321"
        checksums: "\326\360U\321"
        checksums: "\326\360U\321"
        checksums: "\326\360U\321"
        checksums: "\326\360U\321"
        checksums: "\326\360U\321"
        checksums: "\326\360U\321"
        checksums: "\326\360U\321"
        checksums: "\326\360U\321"
        checksums: "\326\360U\321"
        checksums: "\326\360U\321"
        checksums: "\326\360U\321"
        checksums: "\326\360U\321"
        checksums: "\326\360U\321"
        checksums: "\326\360U\321"
        checksums: "\326\360U\321"
        checksums: "\326\360U\321"
        checksums: "\326\360U\321"
        checksums: "\326\360U\321"
        checksums: "\326\360U\321"
        checksums: "\326\360U\321"
        checksums: "\326\360U\321"
        checksums: "\326\360U\321"
        checksums: "\326\360U\321"
        checksums: "\326\360U\321"
        checksums: "\326\360U\321"
        checksums: "\326\360U\321"
        checksums: "\326\360U\321"
        checksums: "\326\360U\321"
        checksums: "\326\360U\321"
        checksums: "\326\360U\321"
        checksums: "\326\360U\321"
        checksums: "\326\360U\321"
        checksums: "\326\360U\321"
        checksums: "\326\360U\321"
        checksums: "\326\360U\321"
        checksums: "\326\360U\321"
        checksums: "\326\360U\321"
        checksums: "\326\360U\321"
        checksums: "\326\360U\321"
        checksums: "\326\360U\321"
        checksums: "\326\360U\321"
        checksums: "\326\360U\321"
        checksums: "\326\360U\321"
        checksums: "\326\360U\321"
        checksums: "\326\360U\321"
        checksums: "\326\360U\321"
        checksums: "\326\360U\321"
        checksums: "\326\360U\321"
        checksums: "\326\360U\321"
        checksums: "\326\360U\321"
        checksums: "\326\360U\321"
        checksums: "\326\360U\321"
        checksums: "\326\360U\321"
        checksums: "\326\360U\321"
        checksums: "\326\360U\321"
        checksums: "\326\360U\321"
        checksums: "\326\360U\321"
        checksums: "\326\360U\321"
        checksums: "\326\360U\321"
        checksums: "\326\360U\321"
        checksums: "\326\360U\321"
        checksums: "\277r/p"
      }
    }
    chunks {
      chunkName: "115816896921600001_chunk_2"
      offset: 1048576
      len: 1048576
      checksumData {
        type: CRC32
        bytesPerChecksum: 16384
        checksums: "\326\360U\321"
        checksums: "\326\360U\321"
        checksums: "\326\360U\321"
        checksums: "\326\360U\321"
        checksums: "\326\360U\321"
        checksums: "\326\360U\321"
        checksums: "\326\360U\321"
        checksums: "\326\360U\321"
        checksums: "\326\360U\321"
        checksums: "\326\360U\321"
        checksums: "\326\360U\321"
        checksums: "\326\360U\321"
        checksums: "\326\360U\321"
        checksums: "\326\360U\321"
        checksums: "\326\360U\321"
        checksums: "\326\360U\321"
        checksums: "\326\360U\321"
        checksums: "\326\360U\321"
        checksums: "\326\360U\321"
        checksums: "\326\360U\321"
        checksums: "\326\360U\321"
        checksums: "\326\360U\321"
        checksums: "\326\360U\321"
        checksums: "\326\360U\321"
        checksums: "\326\360U\321"
        checksums: "\326\360U\321"
        checksums: "\326\360U\321"
        checksums: "\326\360U\321"
        checksums: "\326\360U\321"
        checksums: "\326\360U\321"
        checksums: "\326\360U\321"
        checksums: "\326\360U\321"
        checksums: "\326\360U\321"
        checksums: "\326\360U\321"
        checksums: "\326\360U\321"
        checksums: "\326\360U\321"
        checksums: "\326\360U\321"
        checksums: "\326\360U\321"
        checksums: "\326\360U\321"
        checksums: "\326\360U\321"
        checksums: "\326\360U\321"
        checksums: "\326\360U\321"
        checksums: "\326\360U\321"
        checksums: "\326\360U\321"
        checksums: "\326\360U\321"
        checksums: "\326\360U\321"
        checksums: "\326\360U\321"
        checksums: "\326\360U\321"
        checksums: "\326\360U\321"
        checksums: "\326\360U\321"
        checksums: "\326\360U\321"
        checksums: "\326\360U\321"
        checksums: "\326\360U\321"
        checksums: "\326\360U\321"
        checksums: "\326\360U\321"
        checksums: "\326\360U\321"
        checksums: "\326\360U\321"
        checksums: "\326\360U\321"
        checksums: "\326\360U\321"
        checksums: "\326\360U\321"
        checksums: "\326\360U\321"
        checksums: "\326\360U\321"
        checksums: "\326\360U\321"
        checksums: "\277r/p"
      }
    }
    chunks {
      chunkName: "115816896921600001_chunk_3"
      offset: 2097152
      len: 1048576
      checksumData {
        type: CRC32
        bytesPerChecksum: 16384
        checksums: "\326\360U\321"
        checksums: "\326\360U\321"
        checksums: "\326\360U\321"
        checksums: "\326\360U\321"
        checksums: "\326\360U\321"
        checksums: "\326\360U\321"
        checksums: "\326\360U\321"
        checksums: "\326\360U\321"
        checksums: "\326\360U\321"
        checksums: "\326\360U\321"
        checksums: "\326\360U\321"
        checksums: "\326\360U\321"
        checksums: "\326\360U\321"
        checksums: "\326\360U\321"
        checksums: "\326\360U\321"
        checksums: "\326\360U\321"
        checksums: "\326\360U\321"
        checksums: "\326\360U\321"
        checksums: "\326\360U\321"
        checksums: "\326\360U\321"
        checksums: "\326\360U\321"
        checksums: "\326\360U\321"
        checksums: "\326\360U\321"
        checksums: "\326\360U\321"
        checksums: "\326\360U\321"
        checksums: "\326\360U\321"
        checksums: "\326\360U\321"
        checksums: "\326\360U\321"
        checksums: "\326\360U\321"
        checksums: "\326\360U\321"
        checksums: "\326\360U\321"
        checksums: "\326\360U\321"
        checksums: "\326\360U\321"
        checksums: "\326\360U\321"
        checksums: "\326\360U\321"
        checksums: "\326\360U\321"
        checksums: "\326\360U\321"
        checksums: "\326\360U\321"
        checksums: "\326\360U\321"
        checksums: "\326\360U\321"
        checksums: "\326\360U\321"
        checksums: "\326\360U\321"
        checksums: "\326\360U\321"
        checksums: "\326\360U\321"
        checksums: "\326\360U\321"
        checksums: "\326\360U\321"
        checksums: "\326\360U\321"
        checksums: "\326\360U\321"
        checksums: "\326\360U\321"
        checksums: "\326\360U\321"
        checksums: "\326\360U\321"
        checksums: "\326\360U\321"
        checksums: "\326\360U\321"
        checksums: "\326\360U\321"
        checksums: "\326\360U\321"
        checksums: "\326\360U\321"
        checksums: "\326\360U\321"
        checksums: "\326\360U\321"
        checksums: "\326\360U\321"
        checksums: "\326\360U\321"
        checksums: "\326\360U\321"
        checksums: "\326\360U\321"
        checksums: "\326\360U\321"
        checksums: "\277r/p"
      }
    }
  }
  eof: false
}
version: 3
, data.size=0 due to java.util.concurrent.CompletionException: org.apache.ratis.protocol.exceptions.AlreadyClosedException: SlidingWindow$Client:client-BBD0EFB882BC->RAFT is closed.
2025-09-13 17:32:01,216 [ForkJoinPool-1-worker-1] WARN  io.KeyOutputStream (KeyOutputStream.java:handleExceptionInternal(377)) - Encountered exception java.io.IOException: Unexpected Storage Container Exception: java.util.concurrent.CompletionException: Failed to write chunk 115816896921600001_chunk_2 into block conID: 1 locID: 115816896921600001 bcsId: 2 replicaIndex: null on the pipeline Pipeline{ Id: 7755b6c1-031a-4d9a-a8c0-23d9289878c2, Nodes: [ {d3aade32-661d-499d-9068-ea1550ed8656(localhost/127.0.0.1), ReplicaIndex: 0}, {beda0dcb-37da-4cca-bea2-e222cb1bc351(localhost/127.0.0.1), ReplicaIndex: 0}, {e114cbd1-8f45-4cc5-a8b1-e2bd6cad48a0(localhost/127.0.0.1), ReplicaIndex: 0},], ReplicationConfig: RATIS/THREE, State:OPEN, leaderId:beda0dcb-37da-4cca-bea2-e222cb1bc351, CreationTimestamp2025-09-13T17:31:21.196Z[Etc/UTC]}. The last committed block length is 1048576, uncommitted data length is 2097152 retry count 0
2025-09-13 17:32:01,253 [grpc-default-executor-0] ERROR impl.OrderedAsync (OrderedAsync.java:lambda$null$6(215)) -  client-5AF5730643BE: Failed* RaftClientRequest:client-5AF5730643BE->e114cbd1-8f45-4cc5-a8b1-e2bd6cad48a0@group-853F78DB4750, cid=26, seq=1*, Watch(0), null
java.util.concurrent.CompletionException: org.apache.ratis.protocol.exceptions.NotLeaderException: Server e114cbd1-8f45-4cc5-a8b1-e2bd6cad48a0@group-853F78DB4750 is not the leader
	at java.base/java.util.concurrent.CompletableFuture.encodeThrowable(CompletableFuture.java:332)
	at java.base/java.util.concurrent.CompletableFuture.completeThrowable(CompletableFuture.java:347)
	at java.base/java.util.concurrent.CompletableFuture$UniAccept.tryFire(CompletableFuture.java:708)
	at java.base/java.util.concurrent.CompletableFuture.postComplete(CompletableFuture.java:510)
	at java.base/java.util.concurrent.CompletableFuture.completeExceptionally(CompletableFuture.java:2194)
	at org.apache.ratis.grpc.client.GrpcClientProtocolClient$AsyncStreamObservers.completeReplyExceptionally(GrpcClientProtocolClient.java:397)
	at org.apache.ratis.grpc.client.GrpcClientProtocolClient$AsyncStreamObservers.access$000(GrpcClientProtocolClient.java:303)
	at org.apache.ratis.grpc.client.GrpcClientProtocolClient$AsyncStreamObservers$1.onNext(GrpcClientProtocolClient.java:317)
	at org.apache.ratis.grpc.client.GrpcClientProtocolClient$AsyncStreamObservers$1.onNext(GrpcClientProtocolClient.java:308)
	at org.apache.ratis.thirdparty.io.grpc.stub.ClientCalls$StreamObserverToCallListenerAdapter.onMessage(ClientCalls.java:551)
	at org.apache.ratis.thirdparty.io.grpc.ForwardingClientCallListener.onMessage(ForwardingClientCallListener.java:33)
	at org.apache.ratis.thirdparty.io.grpc.internal.ClientCallImpl$ClientStreamListenerImpl$1MessagesAvailable.runInternal(ClientCallImpl.java:661)
	at org.apache.ratis.thirdparty.io.grpc.internal.ClientCallImpl$ClientStreamListenerImpl$1MessagesAvailable.runInContext(ClientCallImpl.java:648)
	at org.apache.ratis.thirdparty.io.grpc.internal.ContextRunnable.run(ContextRunnable.java:37)
	at org.apache.ratis.thirdparty.io.grpc.internal.SerializingExecutor.run(SerializingExecutor.java:133)
	at java.base/java.util.concurrent.ThreadPoolExecutor.runWorker(ThreadPoolExecutor.java:1144)
	at java.base/java.util.concurrent.ThreadPoolExecutor$Worker.run(ThreadPoolExecutor.java:642)
	at java.base/java.lang.Thread.run(Thread.java:1583)
Caused by: org.apache.ratis.protocol.exceptions.NotLeaderException: Server e114cbd1-8f45-4cc5-a8b1-e2bd6cad48a0@group-853F78DB4750 is not the leader
	at org.apache.ratis.client.impl.ClientProtoUtils.toRaftClientReply(ClientProtoUtils.java:402)
	at org.apache.ratis.grpc.client.GrpcClientProtocolClient$AsyncStreamObservers$1.onNext(GrpcClientProtocolClient.java:313)
	... 10 more
2025-09-13 17:32:01,417 [e114cbd1-8f45-4cc5-a8b1-e2bd6cad48a0@group-23D9289878C2-FollowerState] INFO  impl.FollowerState (FollowerState.java:runImpl(161)) - e114cbd1-8f45-4cc5-a8b1-e2bd6cad48a0@group-23D9289878C2-FollowerState: change to CANDIDATE, lastRpcElapsedTime:1029321502ns, electionTimeout:1029ms
2025-09-13 17:32:01,417 [e114cbd1-8f45-4cc5-a8b1-e2bd6cad48a0@group-23D9289878C2-FollowerState] INFO  impl.RoleInfo (RoleInfo.java:shutdownFollowerState(121)) - e114cbd1-8f45-4cc5-a8b1-e2bd6cad48a0: shutdown e114cbd1-8f45-4cc5-a8b1-e2bd6cad48a0@group-23D9289878C2-FollowerState
2025-09-13 17:32:01,417 [e114cbd1-8f45-4cc5-a8b1-e2bd6cad48a0@group-23D9289878C2-FollowerState] INFO  server.RaftServer$Division (RaftServerImpl.java:setRole(392)) - e114cbd1-8f45-4cc5-a8b1-e2bd6cad48a0@group-23D9289878C2: changes role from  FOLLOWER to CANDIDATE at term 1 for changeToCandidate
2025-09-13 17:32:01,417 [e114cbd1-8f45-4cc5-a8b1-e2bd6cad48a0@group-23D9289878C2-FollowerState] INFO  impl.RoleInfo (RoleInfo.java:updateAndGet(148)) - e114cbd1-8f45-4cc5-a8b1-e2bd6cad48a0: start e114cbd1-8f45-4cc5-a8b1-e2bd6cad48a0@group-23D9289878C2-LeaderElection73
2025-09-13 17:32:01,418 [e114cbd1-8f45-4cc5-a8b1-e2bd6cad48a0@group-23D9289878C2-LeaderElection73] INFO  impl.LeaderElection (LeaderElection.java:askForVotes(448)) - e114cbd1-8f45-4cc5-a8b1-e2bd6cad48a0@group-23D9289878C2-LeaderElection73 PRE_VOTE round 0: submit vote requests at term 1 for conf: {index: 0, cur=peers:[d3aade32-661d-499d-9068-ea1550ed8656|127.0.0.1:15055, beda0dcb-37da-4cca-bea2-e222cb1bc351|127.0.0.1:15039, e114cbd1-8f45-4cc5-a8b1-e2bd6cad48a0|127.0.0.1:15047]|listeners:[], old=null}
2025-09-13 17:32:01,418 [e114cbd1-8f45-4cc5-a8b1-e2bd6cad48a0@group-23D9289878C2-LeaderElection73] INFO  impl.LeaderElection (LogUtils.java:infoOrTrace(142)) - e114cbd1-8f45-4cc5-a8b1-e2bd6cad48a0@group-23D9289878C2-LeaderElection73 got exception when requesting votes: java.util.concurrent.ExecutionException: org.apache.ratis.thirdparty.io.grpc.StatusRuntimeException: UNAVAILABLE: io exception
2025-09-13 17:32:01,418 [e114cbd1-8f45-4cc5-a8b1-e2bd6cad48a0@group-23D9289878C2-LeaderElection73] INFO  impl.LeaderElection (LogUtils.java:infoOrTrace(142)) - e114cbd1-8f45-4cc5-a8b1-e2bd6cad48a0@group-23D9289878C2-LeaderElection73 got exception when requesting votes: java.util.concurrent.ExecutionException: org.apache.ratis.thirdparty.io.grpc.StatusRuntimeException: UNAVAILABLE: io exception
2025-09-13 17:32:01,418 [e114cbd1-8f45-4cc5-a8b1-e2bd6cad48a0@group-23D9289878C2-LeaderElection73] INFO  impl.LeaderElection (LeaderElection.java:logAndReturn(206)) - e114cbd1-8f45-4cc5-a8b1-e2bd6cad48a0@group-23D9289878C2-LeaderElection73: PRE_VOTE REJECTED received 0 response(s) and 2 exception(s):
2025-09-13 17:32:01,418 [e114cbd1-8f45-4cc5-a8b1-e2bd6cad48a0@group-23D9289878C2-LeaderElection73] INFO  impl.LeaderElection (LogUtils.java:infoOrTrace(142)) -   Exception 0: java.util.concurrent.ExecutionException: org.apache.ratis.thirdparty.io.grpc.StatusRuntimeException: UNAVAILABLE: io exception
2025-09-13 17:32:01,418 [e114cbd1-8f45-4cc5-a8b1-e2bd6cad48a0@group-23D9289878C2-LeaderElection73] INFO  impl.LeaderElection (LogUtils.java:infoOrTrace(142)) -   Exception 1: java.util.concurrent.ExecutionException: org.apache.ratis.thirdparty.io.grpc.StatusRuntimeException: UNAVAILABLE: io exception
2025-09-13 17:32:01,419 [e114cbd1-8f45-4cc5-a8b1-e2bd6cad48a0@group-23D9289878C2-LeaderElection73] INFO  impl.LeaderElection (LeaderElection.java:askForVotes(450)) - e114cbd1-8f45-4cc5-a8b1-e2bd6cad48a0@group-23D9289878C2-LeaderElection73 PRE_VOTE round 0: result REJECTED
2025-09-13 17:32:01,419 [e114cbd1-8f45-4cc5-a8b1-e2bd6cad48a0@group-23D9289878C2-LeaderElection73] INFO  server.RaftServer$Division (RaftServerImpl.java:setRole(392)) - e114cbd1-8f45-4cc5-a8b1-e2bd6cad48a0@group-23D9289878C2: changes role from CANDIDATE to FOLLOWER at term 1 for REJECTED
2025-09-13 17:32:01,419 [e114cbd1-8f45-4cc5-a8b1-e2bd6cad48a0@group-23D9289878C2-LeaderElection73] INFO  impl.RoleInfo (RoleInfo.java:shutdownLeaderElection(141)) - e114cbd1-8f45-4cc5-a8b1-e2bd6cad48a0: shutdown e114cbd1-8f45-4cc5-a8b1-e2bd6cad48a0@group-23D9289878C2-LeaderElection73
2025-09-13 17:32:01,419 [e114cbd1-8f45-4cc5-a8b1-e2bd6cad48a0@group-23D9289878C2-LeaderElection73] INFO  impl.RoleInfo (RoleInfo.java:updateAndGet(148)) - e114cbd1-8f45-4cc5-a8b1-e2bd6cad48a0: start e114cbd1-8f45-4cc5-a8b1-e2bd6cad48a0@group-23D9289878C2-FollowerState
2025-09-13 17:32:01,662 [e114cbd1-8f45-4cc5-a8b1-e2bd6cad48a0@group-853F78DB4750-FollowerState] INFO  impl.FollowerState (FollowerState.java:runImpl(161)) - e114cbd1-8f45-4cc5-a8b1-e2bd6cad48a0@group-853F78DB4750-FollowerState: change to CANDIDATE, lastRpcElapsedTime:1111260226ns, electionTimeout:1111ms
2025-09-13 17:32:01,662 [e114cbd1-8f45-4cc5-a8b1-e2bd6cad48a0@group-853F78DB4750-FollowerState] INFO  impl.RoleInfo (RoleInfo.java:shutdownFollowerState(121)) - e114cbd1-8f45-4cc5-a8b1-e2bd6cad48a0: shutdown e114cbd1-8f45-4cc5-a8b1-e2bd6cad48a0@group-853F78DB4750-FollowerState
2025-09-13 17:32:01,662 [e114cbd1-8f45-4cc5-a8b1-e2bd6cad48a0@group-853F78DB4750-FollowerState] INFO  server.RaftServer$Division (RaftServerImpl.java:setRole(392)) - e114cbd1-8f45-4cc5-a8b1-e2bd6cad48a0@group-853F78DB4750: changes role from  FOLLOWER to CANDIDATE at term 1 for changeToCandidate
2025-09-13 17:32:01,662 [e114cbd1-8f45-4cc5-a8b1-e2bd6cad48a0@group-853F78DB4750-FollowerState] INFO  impl.RoleInfo (RoleInfo.java:updateAndGet(148)) - e114cbd1-8f45-4cc5-a8b1-e2bd6cad48a0: start e114cbd1-8f45-4cc5-a8b1-e2bd6cad48a0@group-853F78DB4750-LeaderElection74
2025-09-13 17:32:01,662 [e114cbd1-8f45-4cc5-a8b1-e2bd6cad48a0@group-853F78DB4750-LeaderElection74] INFO  impl.LeaderElection (LeaderElection.java:askForVotes(448)) - e114cbd1-8f45-4cc5-a8b1-e2bd6cad48a0@group-853F78DB4750-LeaderElection74 PRE_VOTE round 0: submit vote requests at term 1 for conf: {index: 0, cur=peers:[d3aade32-661d-499d-9068-ea1550ed8656|127.0.0.1:15055, beda0dcb-37da-4cca-bea2-e222cb1bc351|127.0.0.1:15039, e114cbd1-8f45-4cc5-a8b1-e2bd6cad48a0|127.0.0.1:15047]|listeners:[], old=null}
2025-09-13 17:32:01,663 [e114cbd1-8f45-4cc5-a8b1-e2bd6cad48a0@group-853F78DB4750-LeaderElection74] INFO  impl.LeaderElection (LogUtils.java:infoOrTrace(142)) - e114cbd1-8f45-4cc5-a8b1-e2bd6cad48a0@group-853F78DB4750-LeaderElection74 got exception when requesting votes: java.util.concurrent.ExecutionException: org.apache.ratis.thirdparty.io.grpc.StatusRuntimeException: UNAVAILABLE: io exception
2025-09-13 17:32:01,663 [e114cbd1-8f45-4cc5-a8b1-e2bd6cad48a0@group-853F78DB4750-LeaderElection74] INFO  impl.LeaderElection (LogUtils.java:infoOrTrace(142)) - e114cbd1-8f45-4cc5-a8b1-e2bd6cad48a0@group-853F78DB4750-LeaderElection74 got exception when requesting votes: java.util.concurrent.ExecutionException: org.apache.ratis.thirdparty.io.grpc.StatusRuntimeException: UNAVAILABLE: io exception
2025-09-13 17:32:01,663 [e114cbd1-8f45-4cc5-a8b1-e2bd6cad48a0@group-853F78DB4750-LeaderElection74] INFO  impl.LeaderElection (LeaderElection.java:logAndReturn(206)) - e114cbd1-8f45-4cc5-a8b1-e2bd6cad48a0@group-853F78DB4750-LeaderElection74: PRE_VOTE REJECTED received 0 response(s) and 2 exception(s):
2025-09-13 17:32:01,663 [e114cbd1-8f45-4cc5-a8b1-e2bd6cad48a0@group-853F78DB4750-LeaderElection74] INFO  impl.LeaderElection (LogUtils.java:infoOrTrace(142)) -   Exception 0: java.util.concurrent.ExecutionException: org.apache.ratis.thirdparty.io.grpc.StatusRuntimeException: UNAVAILABLE: io exception
2025-09-13 17:32:01,663 [e114cbd1-8f45-4cc5-a8b1-e2bd6cad48a0@group-853F78DB4750-LeaderElection74] INFO  impl.LeaderElection (LogUtils.java:infoOrTrace(142)) -   Exception 1: java.util.concurrent.ExecutionException: org.apache.ratis.thirdparty.io.grpc.StatusRuntimeException: UNAVAILABLE: io exception
2025-09-13 17:32:01,663 [e114cbd1-8f45-4cc5-a8b1-e2bd6cad48a0@group-853F78DB4750-LeaderElection74] INFO  impl.LeaderElection (LeaderElection.java:askForVotes(450)) - e114cbd1-8f45-4cc5-a8b1-e2bd6cad48a0@group-853F78DB4750-LeaderElection74 PRE_VOTE round 0: result REJECTED
2025-09-13 17:32:01,663 [e114cbd1-8f45-4cc5-a8b1-e2bd6cad48a0@group-853F78DB4750-LeaderElection74] INFO  server.RaftServer$Division (RaftServerImpl.java:setRole(392)) - e114cbd1-8f45-4cc5-a8b1-e2bd6cad48a0@group-853F78DB4750: changes role from CANDIDATE to FOLLOWER at term 1 for REJECTED
2025-09-13 17:32:01,663 [e114cbd1-8f45-4cc5-a8b1-e2bd6cad48a0@group-853F78DB4750-LeaderElection74] INFO  impl.RoleInfo (RoleInfo.java:shutdownLeaderElection(141)) - e114cbd1-8f45-4cc5-a8b1-e2bd6cad48a0: shutdown e114cbd1-8f45-4cc5-a8b1-e2bd6cad48a0@group-853F78DB4750-LeaderElection74
2025-09-13 17:32:01,663 [e114cbd1-8f45-4cc5-a8b1-e2bd6cad48a0@group-853F78DB4750-LeaderElection74] INFO  impl.RoleInfo (RoleInfo.java:updateAndGet(148)) - e114cbd1-8f45-4cc5-a8b1-e2bd6cad48a0: start e114cbd1-8f45-4cc5-a8b1-e2bd6cad48a0@group-853F78DB4750-FollowerState
2025-09-13 17:32:02,440 [e114cbd1-8f45-4cc5-a8b1-e2bd6cad48a0@group-23D9289878C2-FollowerState] INFO  impl.FollowerState (FollowerState.java:runImpl(161)) - e114cbd1-8f45-4cc5-a8b1-e2bd6cad48a0@group-23D9289878C2-FollowerState: change to CANDIDATE, lastRpcElapsedTime:1021242351ns, electionTimeout:1021ms
2025-09-13 17:32:02,440 [e114cbd1-8f45-4cc5-a8b1-e2bd6cad48a0@group-23D9289878C2-FollowerState] INFO  impl.RoleInfo (RoleInfo.java:shutdownFollowerState(121)) - e114cbd1-8f45-4cc5-a8b1-e2bd6cad48a0: shutdown e114cbd1-8f45-4cc5-a8b1-e2bd6cad48a0@group-23D9289878C2-FollowerState
2025-09-13 17:32:02,440 [e114cbd1-8f45-4cc5-a8b1-e2bd6cad48a0@group-23D9289878C2-FollowerState] INFO  server.RaftServer$Division (RaftServerImpl.java:setRole(392)) - e114cbd1-8f45-4cc5-a8b1-e2bd6cad48a0@group-23D9289878C2: changes role from  FOLLOWER to CANDIDATE at term 1 for changeToCandidate
2025-09-13 17:32:02,440 [e114cbd1-8f45-4cc5-a8b1-e2bd6cad48a0@group-23D9289878C2-FollowerState] INFO  impl.RoleInfo (RoleInfo.java:updateAndGet(148)) - e114cbd1-8f45-4cc5-a8b1-e2bd6cad48a0: start e114cbd1-8f45-4cc5-a8b1-e2bd6cad48a0@group-23D9289878C2-LeaderElection75
2025-09-13 17:32:02,441 [e114cbd1-8f45-4cc5-a8b1-e2bd6cad48a0@group-23D9289878C2-LeaderElection75] INFO  impl.LeaderElection (LeaderElection.java:askForVotes(448)) - e114cbd1-8f45-4cc5-a8b1-e2bd6cad48a0@group-23D9289878C2-LeaderElection75 PRE_VOTE round 0: submit vote requests at term 1 for conf: {index: 0, cur=peers:[d3aade32-661d-499d-9068-ea1550ed8656|127.0.0.1:15055, beda0dcb-37da-4cca-bea2-e222cb1bc351|127.0.0.1:15039, e114cbd1-8f45-4cc5-a8b1-e2bd6cad48a0|127.0.0.1:15047]|listeners:[], old=null}
2025-09-13 17:32:02,441 [e114cbd1-8f45-4cc5-a8b1-e2bd6cad48a0@group-23D9289878C2-LeaderElection75] INFO  impl.LeaderElection (LogUtils.java:infoOrTrace(142)) - e114cbd1-8f45-4cc5-a8b1-e2bd6cad48a0@group-23D9289878C2-LeaderElection75 got exception when requesting votes: java.util.concurrent.ExecutionException: org.apache.ratis.thirdparty.io.grpc.StatusRuntimeException: UNAVAILABLE: io exception
2025-09-13 17:32:02,441 [e114cbd1-8f45-4cc5-a8b1-e2bd6cad48a0@group-23D9289878C2-LeaderElection75] INFO  impl.LeaderElection (LogUtils.java:infoOrTrace(142)) - e114cbd1-8f45-4cc5-a8b1-e2bd6cad48a0@group-23D9289878C2-LeaderElection75 got exception when requesting votes: java.util.concurrent.ExecutionException: org.apache.ratis.thirdparty.io.grpc.StatusRuntimeException: UNAVAILABLE: io exception
2025-09-13 17:32:02,441 [e114cbd1-8f45-4cc5-a8b1-e2bd6cad48a0@group-23D9289878C2-LeaderElection75] INFO  impl.LeaderElection (LeaderElection.java:logAndReturn(206)) - e114cbd1-8f45-4cc5-a8b1-e2bd6cad48a0@group-23D9289878C2-LeaderElection75: PRE_VOTE REJECTED received 0 response(s) and 2 exception(s):
2025-09-13 17:32:02,441 [e114cbd1-8f45-4cc5-a8b1-e2bd6cad48a0@group-23D9289878C2-LeaderElection75] INFO  impl.LeaderElection (LogUtils.java:infoOrTrace(142)) -   Exception 0: java.util.concurrent.ExecutionException: org.apache.ratis.thirdparty.io.grpc.StatusRuntimeException: UNAVAILABLE: io exception
2025-09-13 17:32:02,441 [e114cbd1-8f45-4cc5-a8b1-e2bd6cad48a0@group-23D9289878C2-LeaderElection75] INFO  impl.LeaderElection (LogUtils.java:infoOrTrace(142)) -   Exception 1: java.util.concurrent.ExecutionException: org.apache.ratis.thirdparty.io.grpc.StatusRuntimeException: UNAVAILABLE: io exception
2025-09-13 17:32:02,441 [e114cbd1-8f45-4cc5-a8b1-e2bd6cad48a0@group-23D9289878C2-LeaderElection75] INFO  impl.LeaderElection (LeaderElection.java:askForVotes(450)) - e114cbd1-8f45-4cc5-a8b1-e2bd6cad48a0@group-23D9289878C2-LeaderElection75 PRE_VOTE round 0: result REJECTED
2025-09-13 17:32:02,441 [e114cbd1-8f45-4cc5-a8b1-e2bd6cad48a0@group-23D9289878C2-LeaderElection75] INFO  server.RaftServer$Division (RaftServerImpl.java:setRole(392)) - e114cbd1-8f45-4cc5-a8b1-e2bd6cad48a0@group-23D9289878C2: changes role from CANDIDATE to FOLLOWER at term 1 for REJECTED
2025-09-13 17:32:02,442 [e114cbd1-8f45-4cc5-a8b1-e2bd6cad48a0@group-23D9289878C2-LeaderElection75] INFO  impl.RoleInfo (RoleInfo.java:shutdownLeaderElection(141)) - e114cbd1-8f45-4cc5-a8b1-e2bd6cad48a0: shutdown e114cbd1-8f45-4cc5-a8b1-e2bd6cad48a0@group-23D9289878C2-LeaderElection75
2025-09-13 17:32:02,442 [e114cbd1-8f45-4cc5-a8b1-e2bd6cad48a0@group-23D9289878C2-LeaderElection75] INFO  impl.RoleInfo (RoleInfo.java:updateAndGet(148)) - e114cbd1-8f45-4cc5-a8b1-e2bd6cad48a0: start e114cbd1-8f45-4cc5-a8b1-e2bd6cad48a0@group-23D9289878C2-FollowerState
2025-09-13 17:32:02,852 [e114cbd1-8f45-4cc5-a8b1-e2bd6cad48a0@group-853F78DB4750-FollowerState] INFO  impl.FollowerState (FollowerState.java:runImpl(161)) - e114cbd1-8f45-4cc5-a8b1-e2bd6cad48a0@group-853F78DB4750-FollowerState: change to CANDIDATE, lastRpcElapsedTime:1189305262ns, electionTimeout:1189ms
2025-09-13 17:32:02,853 [e114cbd1-8f45-4cc5-a8b1-e2bd6cad48a0@group-853F78DB4750-FollowerState] INFO  impl.RoleInfo (RoleInfo.java:shutdownFollowerState(121)) - e114cbd1-8f45-4cc5-a8b1-e2bd6cad48a0: shutdown e114cbd1-8f45-4cc5-a8b1-e2bd6cad48a0@group-853F78DB4750-FollowerState
2025-09-13 17:32:02,853 [e114cbd1-8f45-4cc5-a8b1-e2bd6cad48a0@group-853F78DB4750-FollowerState] INFO  server.RaftServer$Division (RaftServerImpl.java:setRole(392)) - e114cbd1-8f45-4cc5-a8b1-e2bd6cad48a0@group-853F78DB4750: changes role from  FOLLOWER to CANDIDATE at term 1 for changeToCandidate
2025-09-13 17:32:02,853 [e114cbd1-8f45-4cc5-a8b1-e2bd6cad48a0@group-853F78DB4750-FollowerState] INFO  impl.RoleInfo (RoleInfo.java:updateAndGet(148)) - e114cbd1-8f45-4cc5-a8b1-e2bd6cad48a0: start e114cbd1-8f45-4cc5-a8b1-e2bd6cad48a0@group-853F78DB4750-LeaderElection76
2025-09-13 17:32:02,853 [e114cbd1-8f45-4cc5-a8b1-e2bd6cad48a0@group-853F78DB4750-LeaderElection76] INFO  impl.LeaderElection (LeaderElection.java:askForVotes(448)) - e114cbd1-8f45-4cc5-a8b1-e2bd6cad48a0@group-853F78DB4750-LeaderElection76 PRE_VOTE round 0: submit vote requests at term 1 for conf: {index: 0, cur=peers:[d3aade32-661d-499d-9068-ea1550ed8656|127.0.0.1:15055, beda0dcb-37da-4cca-bea2-e222cb1bc351|127.0.0.1:15039, e114cbd1-8f45-4cc5-a8b1-e2bd6cad48a0|127.0.0.1:15047]|listeners:[], old=null}
2025-09-13 17:32:02,853 [e114cbd1-8f45-4cc5-a8b1-e2bd6cad48a0@group-853F78DB4750-LeaderElection76] INFO  impl.LeaderElection (LogUtils.java:infoOrTrace(142)) - e114cbd1-8f45-4cc5-a8b1-e2bd6cad48a0@group-853F78DB4750-LeaderElection76 got exception when requesting votes: java.util.concurrent.ExecutionException: org.apache.ratis.thirdparty.io.grpc.StatusRuntimeException: UNAVAILABLE: io exception
2025-09-13 17:32:02,854 [e114cbd1-8f45-4cc5-a8b1-e2bd6cad48a0@group-853F78DB4750-LeaderElection76] INFO  impl.LeaderElection (LogUtils.java:infoOrTrace(142)) - e114cbd1-8f45-4cc5-a8b1-e2bd6cad48a0@group-853F78DB4750-LeaderElection76 got exception when requesting votes: java.util.concurrent.ExecutionException: org.apache.ratis.thirdparty.io.grpc.StatusRuntimeException: UNAVAILABLE: io exception
2025-09-13 17:32:02,854 [e114cbd1-8f45-4cc5-a8b1-e2bd6cad48a0@group-853F78DB4750-LeaderElection76] INFO  impl.LeaderElection (LeaderElection.java:logAndReturn(206)) - e114cbd1-8f45-4cc5-a8b1-e2bd6cad48a0@group-853F78DB4750-LeaderElection76: PRE_VOTE REJECTED received 0 response(s) and 2 exception(s):
2025-09-13 17:32:02,854 [e114cbd1-8f45-4cc5-a8b1-e2bd6cad48a0@group-853F78DB4750-LeaderElection76] INFO  impl.LeaderElection (LogUtils.java:infoOrTrace(142)) -   Exception 0: java.util.concurrent.ExecutionException: org.apache.ratis.thirdparty.io.grpc.StatusRuntimeException: UNAVAILABLE: io exception
2025-09-13 17:32:02,854 [e114cbd1-8f45-4cc5-a8b1-e2bd6cad48a0@group-853F78DB4750-LeaderElection76] INFO  impl.LeaderElection (LogUtils.java:infoOrTrace(142)) -   Exception 1: java.util.concurrent.ExecutionException: org.apache.ratis.thirdparty.io.grpc.StatusRuntimeException: UNAVAILABLE: io exception
2025-09-13 17:32:02,854 [e114cbd1-8f45-4cc5-a8b1-e2bd6cad48a0@group-853F78DB4750-LeaderElection76] INFO  impl.LeaderElection (LeaderElection.java:askForVotes(450)) - e114cbd1-8f45-4cc5-a8b1-e2bd6cad48a0@group-853F78DB4750-LeaderElection76 PRE_VOTE round 0: result REJECTED
2025-09-13 17:32:02,854 [e114cbd1-8f45-4cc5-a8b1-e2bd6cad48a0@group-853F78DB4750-LeaderElection76] INFO  server.RaftServer$Division (RaftServerImpl.java:setRole(392)) - e114cbd1-8f45-4cc5-a8b1-e2bd6cad48a0@group-853F78DB4750: changes role from CANDIDATE to FOLLOWER at term 1 for REJECTED
2025-09-13 17:32:02,854 [e114cbd1-8f45-4cc5-a8b1-e2bd6cad48a0@group-853F78DB4750-LeaderElection76] INFO  impl.RoleInfo (RoleInfo.java:shutdownLeaderElection(141)) - e114cbd1-8f45-4cc5-a8b1-e2bd6cad48a0: shutdown e114cbd1-8f45-4cc5-a8b1-e2bd6cad48a0@group-853F78DB4750-LeaderElection76
2025-09-13 17:32:02,854 [e114cbd1-8f45-4cc5-a8b1-e2bd6cad48a0@group-853F78DB4750-LeaderElection76] INFO  impl.RoleInfo (RoleInfo.java:updateAndGet(148)) - e114cbd1-8f45-4cc5-a8b1-e2bd6cad48a0: start e114cbd1-8f45-4cc5-a8b1-e2bd6cad48a0@group-853F78DB4750-FollowerState
2025-09-13 17:32:03,507 [e114cbd1-8f45-4cc5-a8b1-e2bd6cad48a0@group-23D9289878C2-FollowerState] INFO  impl.FollowerState (FollowerState.java:runImpl(161)) - e114cbd1-8f45-4cc5-a8b1-e2bd6cad48a0@group-23D9289878C2-FollowerState: change to CANDIDATE, lastRpcElapsedTime:1065269383ns, electionTimeout:1065ms
2025-09-13 17:32:03,507 [e114cbd1-8f45-4cc5-a8b1-e2bd6cad48a0@group-23D9289878C2-FollowerState] INFO  impl.RoleInfo (RoleInfo.java:shutdownFollowerState(121)) - e114cbd1-8f45-4cc5-a8b1-e2bd6cad48a0: shutdown e114cbd1-8f45-4cc5-a8b1-e2bd6cad48a0@group-23D9289878C2-FollowerState
2025-09-13 17:32:03,507 [e114cbd1-8f45-4cc5-a8b1-e2bd6cad48a0@group-23D9289878C2-FollowerState] INFO  server.RaftServer$Division (RaftServerImpl.java:setRole(392)) - e114cbd1-8f45-4cc5-a8b1-e2bd6cad48a0@group-23D9289878C2: changes role from  FOLLOWER to CANDIDATE at term 1 for changeToCandidate
2025-09-13 17:32:03,507 [e114cbd1-8f45-4cc5-a8b1-e2bd6cad48a0@group-23D9289878C2-FollowerState] INFO  impl.RoleInfo (RoleInfo.java:updateAndGet(148)) - e114cbd1-8f45-4cc5-a8b1-e2bd6cad48a0: start e114cbd1-8f45-4cc5-a8b1-e2bd6cad48a0@group-23D9289878C2-LeaderElection77
2025-09-13 17:32:03,508 [e114cbd1-8f45-4cc5-a8b1-e2bd6cad48a0@group-23D9289878C2-LeaderElection77] INFO  impl.LeaderElection (LeaderElection.java:askForVotes(448)) - e114cbd1-8f45-4cc5-a8b1-e2bd6cad48a0@group-23D9289878C2-LeaderElection77 PRE_VOTE round 0: submit vote requests at term 1 for conf: {index: 0, cur=peers:[d3aade32-661d-499d-9068-ea1550ed8656|127.0.0.1:15055, beda0dcb-37da-4cca-bea2-e222cb1bc351|127.0.0.1:15039, e114cbd1-8f45-4cc5-a8b1-e2bd6cad48a0|127.0.0.1:15047]|listeners:[], old=null}
2025-09-13 17:32:03,508 [e114cbd1-8f45-4cc5-a8b1-e2bd6cad48a0@group-23D9289878C2-LeaderElection77] INFO  impl.LeaderElection (LogUtils.java:infoOrTrace(142)) - e114cbd1-8f45-4cc5-a8b1-e2bd6cad48a0@group-23D9289878C2-LeaderElection77 got exception when requesting votes: java.util.concurrent.ExecutionException: org.apache.ratis.thirdparty.io.grpc.StatusRuntimeException: UNAVAILABLE: io exception
2025-09-13 17:32:03,508 [e114cbd1-8f45-4cc5-a8b1-e2bd6cad48a0@group-23D9289878C2-LeaderElection77] INFO  impl.LeaderElection (LogUtils.java:infoOrTrace(142)) - e114cbd1-8f45-4cc5-a8b1-e2bd6cad48a0@group-23D9289878C2-LeaderElection77 got exception when requesting votes: java.util.concurrent.ExecutionException: org.apache.ratis.thirdparty.io.grpc.StatusRuntimeException: UNAVAILABLE: io exception
2025-09-13 17:32:03,508 [e114cbd1-8f45-4cc5-a8b1-e2bd6cad48a0@group-23D9289878C2-LeaderElection77] INFO  impl.LeaderElection (LeaderElection.java:logAndReturn(206)) - e114cbd1-8f45-4cc5-a8b1-e2bd6cad48a0@group-23D9289878C2-LeaderElection77: PRE_VOTE REJECTED received 0 response(s) and 2 exception(s):
2025-09-13 17:32:03,508 [e114cbd1-8f45-4cc5-a8b1-e2bd6cad48a0@group-23D9289878C2-LeaderElection77] INFO  impl.LeaderElection (LogUtils.java:infoOrTrace(142)) -   Exception 0: java.util.concurrent.ExecutionException: org.apache.ratis.thirdparty.io.grpc.StatusRuntimeException: UNAVAILABLE: io exception
2025-09-13 17:32:03,508 [e114cbd1-8f45-4cc5-a8b1-e2bd6cad48a0@group-23D9289878C2-LeaderElection77] INFO  impl.LeaderElection (LogUtils.java:infoOrTrace(142)) -   Exception 1: java.util.concurrent.ExecutionException: org.apache.ratis.thirdparty.io.grpc.StatusRuntimeException: UNAVAILABLE: io exception
2025-09-13 17:32:03,508 [e114cbd1-8f45-4cc5-a8b1-e2bd6cad48a0@group-23D9289878C2-LeaderElection77] INFO  impl.LeaderElection (LeaderElection.java:askForVotes(450)) - e114cbd1-8f45-4cc5-a8b1-e2bd6cad48a0@group-23D9289878C2-LeaderElection77 PRE_VOTE round 0: result REJECTED
2025-09-13 17:32:03,508 [e114cbd1-8f45-4cc5-a8b1-e2bd6cad48a0@group-23D9289878C2-LeaderElection77] INFO  server.RaftServer$Division (RaftServerImpl.java:setRole(392)) - e114cbd1-8f45-4cc5-a8b1-e2bd6cad48a0@group-23D9289878C2: changes role from CANDIDATE to FOLLOWER at term 1 for REJECTED
2025-09-13 17:32:03,509 [e114cbd1-8f45-4cc5-a8b1-e2bd6cad48a0@group-23D9289878C2-LeaderElection77] INFO  impl.RoleInfo (RoleInfo.java:shutdownLeaderElection(141)) - e114cbd1-8f45-4cc5-a8b1-e2bd6cad48a0: shutdown e114cbd1-8f45-4cc5-a8b1-e2bd6cad48a0@group-23D9289878C2-LeaderElection77
2025-09-13 17:32:03,509 [e114cbd1-8f45-4cc5-a8b1-e2bd6cad48a0@group-23D9289878C2-LeaderElection77] INFO  impl.RoleInfo (RoleInfo.java:updateAndGet(148)) - e114cbd1-8f45-4cc5-a8b1-e2bd6cad48a0: start e114cbd1-8f45-4cc5-a8b1-e2bd6cad48a0@group-23D9289878C2-FollowerState
2025-09-13 17:32:03,892 [e114cbd1-8f45-4cc5-a8b1-e2bd6cad48a0@group-853F78DB4750-FollowerState] INFO  impl.FollowerState (FollowerState.java:runImpl(161)) - e114cbd1-8f45-4cc5-a8b1-e2bd6cad48a0@group-853F78DB4750-FollowerState: change to CANDIDATE, lastRpcElapsedTime:1038333130ns, electionTimeout:1038ms
2025-09-13 17:32:03,892 [e114cbd1-8f45-4cc5-a8b1-e2bd6cad48a0@group-853F78DB4750-FollowerState] INFO  impl.RoleInfo (RoleInfo.java:shutdownFollowerState(121)) - e114cbd1-8f45-4cc5-a8b1-e2bd6cad48a0: shutdown e114cbd1-8f45-4cc5-a8b1-e2bd6cad48a0@group-853F78DB4750-FollowerState
2025-09-13 17:32:03,893 [e114cbd1-8f45-4cc5-a8b1-e2bd6cad48a0@group-853F78DB4750-FollowerState] INFO  server.RaftServer$Division (RaftServerImpl.java:setRole(392)) - e114cbd1-8f45-4cc5-a8b1-e2bd6cad48a0@group-853F78DB4750: changes role from  FOLLOWER to CANDIDATE at term 1 for changeToCandidate
2025-09-13 17:32:03,893 [e114cbd1-8f45-4cc5-a8b1-e2bd6cad48a0@group-853F78DB4750-FollowerState] INFO  impl.RoleInfo (RoleInfo.java:updateAndGet(148)) - e114cbd1-8f45-4cc5-a8b1-e2bd6cad48a0: start e114cbd1-8f45-4cc5-a8b1-e2bd6cad48a0@group-853F78DB4750-LeaderElection78
2025-09-13 17:32:03,893 [e114cbd1-8f45-4cc5-a8b1-e2bd6cad48a0@group-853F78DB4750-LeaderElection78] INFO  impl.LeaderElection (LeaderElection.java:askForVotes(448)) - e114cbd1-8f45-4cc5-a8b1-e2bd6cad48a0@group-853F78DB4750-LeaderElection78 PRE_VOTE round 0: submit vote requests at term 1 for conf: {index: 0, cur=peers:[d3aade32-661d-499d-9068-ea1550ed8656|127.0.0.1:15055, beda0dcb-37da-4cca-bea2-e222cb1bc351|127.0.0.1:15039, e114cbd1-8f45-4cc5-a8b1-e2bd6cad48a0|127.0.0.1:15047]|listeners:[], old=null}
2025-09-13 17:32:03,894 [e114cbd1-8f45-4cc5-a8b1-e2bd6cad48a0@group-853F78DB4750-LeaderElection78] INFO  impl.LeaderElection (LogUtils.java:infoOrTrace(142)) - e114cbd1-8f45-4cc5-a8b1-e2bd6cad48a0@group-853F78DB4750-LeaderElection78 got exception when requesting votes: java.util.concurrent.ExecutionException: org.apache.ratis.thirdparty.io.grpc.StatusRuntimeException: UNAVAILABLE: io exception
2025-09-13 17:32:03,894 [e114cbd1-8f45-4cc5-a8b1-e2bd6cad48a0@group-853F78DB4750-LeaderElection78] INFO  impl.LeaderElection (LogUtils.java:infoOrTrace(142)) - e114cbd1-8f45-4cc5-a8b1-e2bd6cad48a0@group-853F78DB4750-LeaderElection78 got exception when requesting votes: java.util.concurrent.ExecutionException: org.apache.ratis.thirdparty.io.grpc.StatusRuntimeException: UNAVAILABLE: io exception
2025-09-13 17:32:03,894 [e114cbd1-8f45-4cc5-a8b1-e2bd6cad48a0@group-853F78DB4750-LeaderElection78] INFO  impl.LeaderElection (LeaderElection.java:logAndReturn(206)) - e114cbd1-8f45-4cc5-a8b1-e2bd6cad48a0@group-853F78DB4750-LeaderElection78: PRE_VOTE REJECTED received 0 response(s) and 2 exception(s):
2025-09-13 17:32:03,894 [e114cbd1-8f45-4cc5-a8b1-e2bd6cad48a0@group-853F78DB4750-LeaderElection78] INFO  impl.LeaderElection (LogUtils.java:infoOrTrace(142)) -   Exception 0: java.util.concurrent.ExecutionException: org.apache.ratis.thirdparty.io.grpc.StatusRuntimeException: UNAVAILABLE: io exception
2025-09-13 17:32:03,894 [e114cbd1-8f45-4cc5-a8b1-e2bd6cad48a0@group-853F78DB4750-LeaderElection78] INFO  impl.LeaderElection (LogUtils.java:infoOrTrace(142)) -   Exception 1: java.util.concurrent.ExecutionException: org.apache.ratis.thirdparty.io.grpc.StatusRuntimeException: UNAVAILABLE: io exception
2025-09-13 17:32:03,894 [e114cbd1-8f45-4cc5-a8b1-e2bd6cad48a0@group-853F78DB4750-LeaderElection78] INFO  impl.LeaderElection (LeaderElection.java:askForVotes(450)) - e114cbd1-8f45-4cc5-a8b1-e2bd6cad48a0@group-853F78DB4750-LeaderElection78 PRE_VOTE round 0: result REJECTED
2025-09-13 17:32:03,894 [e114cbd1-8f45-4cc5-a8b1-e2bd6cad48a0@group-853F78DB4750-LeaderElection78] INFO  server.RaftServer$Division (RaftServerImpl.java:setRole(392)) - e114cbd1-8f45-4cc5-a8b1-e2bd6cad48a0@group-853F78DB4750: changes role from CANDIDATE to FOLLOWER at term 1 for REJECTED
2025-09-13 17:32:03,894 [e114cbd1-8f45-4cc5-a8b1-e2bd6cad48a0@group-853F78DB4750-LeaderElection78] INFO  impl.RoleInfo (RoleInfo.java:shutdownLeaderElection(141)) - e114cbd1-8f45-4cc5-a8b1-e2bd6cad48a0: shutdown e114cbd1-8f45-4cc5-a8b1-e2bd6cad48a0@group-853F78DB4750-LeaderElection78
2025-09-13 17:32:03,894 [e114cbd1-8f45-4cc5-a8b1-e2bd6cad48a0@group-853F78DB4750-LeaderElection78] INFO  impl.RoleInfo (RoleInfo.java:updateAndGet(148)) - e114cbd1-8f45-4cc5-a8b1-e2bd6cad48a0: start e114cbd1-8f45-4cc5-a8b1-e2bd6cad48a0@group-853F78DB4750-FollowerState
2025-09-13 17:32:04,544 [e114cbd1-8f45-4cc5-a8b1-e2bd6cad48a0@group-23D9289878C2-FollowerState] INFO  impl.FollowerState (FollowerState.java:runImpl(161)) - e114cbd1-8f45-4cc5-a8b1-e2bd6cad48a0@group-23D9289878C2-FollowerState: change to CANDIDATE, lastRpcElapsedTime:1035300442ns, electionTimeout:1035ms
2025-09-13 17:32:04,544 [e114cbd1-8f45-4cc5-a8b1-e2bd6cad48a0@group-23D9289878C2-FollowerState] INFO  impl.RoleInfo (RoleInfo.java:shutdownFollowerState(121)) - e114cbd1-8f45-4cc5-a8b1-e2bd6cad48a0: shutdown e114cbd1-8f45-4cc5-a8b1-e2bd6cad48a0@group-23D9289878C2-FollowerState
2025-09-13 17:32:04,544 [e114cbd1-8f45-4cc5-a8b1-e2bd6cad48a0@group-23D9289878C2-FollowerState] INFO  server.RaftServer$Division (RaftServerImpl.java:setRole(392)) - e114cbd1-8f45-4cc5-a8b1-e2bd6cad48a0@group-23D9289878C2: changes role from  FOLLOWER to CANDIDATE at term 1 for changeToCandidate
2025-09-13 17:32:04,544 [e114cbd1-8f45-4cc5-a8b1-e2bd6cad48a0@group-23D9289878C2-FollowerState] INFO  impl.RoleInfo (RoleInfo.java:updateAndGet(148)) - e114cbd1-8f45-4cc5-a8b1-e2bd6cad48a0: start e114cbd1-8f45-4cc5-a8b1-e2bd6cad48a0@group-23D9289878C2-LeaderElection79
2025-09-13 17:32:04,544 [e114cbd1-8f45-4cc5-a8b1-e2bd6cad48a0@group-23D9289878C2-LeaderElection79] INFO  impl.LeaderElection (LeaderElection.java:askForVotes(448)) - e114cbd1-8f45-4cc5-a8b1-e2bd6cad48a0@group-23D9289878C2-LeaderElection79 PRE_VOTE round 0: submit vote requests at term 1 for conf: {index: 0, cur=peers:[d3aade32-661d-499d-9068-ea1550ed8656|127.0.0.1:15055, beda0dcb-37da-4cca-bea2-e222cb1bc351|127.0.0.1:15039, e114cbd1-8f45-4cc5-a8b1-e2bd6cad48a0|127.0.0.1:15047]|listeners:[], old=null}
2025-09-13 17:32:04,545 [e114cbd1-8f45-4cc5-a8b1-e2bd6cad48a0@group-23D9289878C2-LeaderElection79] INFO  impl.LeaderElection (LogUtils.java:infoOrTrace(142)) - e114cbd1-8f45-4cc5-a8b1-e2bd6cad48a0@group-23D9289878C2-LeaderElection79 got exception when requesting votes: java.util.concurrent.ExecutionException: org.apache.ratis.thirdparty.io.grpc.StatusRuntimeException: UNAVAILABLE: io exception
2025-09-13 17:32:04,545 [e114cbd1-8f45-4cc5-a8b1-e2bd6cad48a0@group-23D9289878C2-LeaderElection79] INFO  impl.LeaderElection (LogUtils.java:infoOrTrace(142)) - e114cbd1-8f45-4cc5-a8b1-e2bd6cad48a0@group-23D9289878C2-LeaderElection79 got exception when requesting votes: java.util.concurrent.ExecutionException: org.apache.ratis.thirdparty.io.grpc.StatusRuntimeException: UNAVAILABLE: io exception
2025-09-13 17:32:04,545 [e114cbd1-8f45-4cc5-a8b1-e2bd6cad48a0@group-23D9289878C2-LeaderElection79] INFO  impl.LeaderElection (LeaderElection.java:logAndReturn(206)) - e114cbd1-8f45-4cc5-a8b1-e2bd6cad48a0@group-23D9289878C2-LeaderElection79: PRE_VOTE REJECTED received 0 response(s) and 2 exception(s):
2025-09-13 17:32:04,545 [e114cbd1-8f45-4cc5-a8b1-e2bd6cad48a0@group-23D9289878C2-LeaderElection79] INFO  impl.LeaderElection (LogUtils.java:infoOrTrace(142)) -   Exception 0: java.util.concurrent.ExecutionException: org.apache.ratis.thirdparty.io.grpc.StatusRuntimeException: UNAVAILABLE: io exception
2025-09-13 17:32:04,545 [e114cbd1-8f45-4cc5-a8b1-e2bd6cad48a0@group-23D9289878C2-LeaderElection79] INFO  impl.LeaderElection (LogUtils.java:infoOrTrace(142)) -   Exception 1: java.util.concurrent.ExecutionException: org.apache.ratis.thirdparty.io.grpc.StatusRuntimeException: UNAVAILABLE: io exception
2025-09-13 17:32:04,545 [e114cbd1-8f45-4cc5-a8b1-e2bd6cad48a0@group-23D9289878C2-LeaderElection79] INFO  impl.LeaderElection (LeaderElection.java:askForVotes(450)) - e114cbd1-8f45-4cc5-a8b1-e2bd6cad48a0@group-23D9289878C2-LeaderElection79 PRE_VOTE round 0: result REJECTED
2025-09-13 17:32:04,546 [e114cbd1-8f45-4cc5-a8b1-e2bd6cad48a0@group-23D9289878C2-LeaderElection79] INFO  server.RaftServer$Division (RaftServerImpl.java:setRole(392)) - e114cbd1-8f45-4cc5-a8b1-e2bd6cad48a0@group-23D9289878C2: changes role from CANDIDATE to FOLLOWER at term 1 for REJECTED
2025-09-13 17:32:04,546 [e114cbd1-8f45-4cc5-a8b1-e2bd6cad48a0@group-23D9289878C2-LeaderElection79] INFO  impl.RoleInfo (RoleInfo.java:shutdownLeaderElection(141)) - e114cbd1-8f45-4cc5-a8b1-e2bd6cad48a0: shutdown e114cbd1-8f45-4cc5-a8b1-e2bd6cad48a0@group-23D9289878C2-LeaderElection79
2025-09-13 17:32:04,546 [e114cbd1-8f45-4cc5-a8b1-e2bd6cad48a0@group-23D9289878C2-LeaderElection79] INFO  impl.RoleInfo (RoleInfo.java:updateAndGet(148)) - e114cbd1-8f45-4cc5-a8b1-e2bd6cad48a0: start e114cbd1-8f45-4cc5-a8b1-e2bd6cad48a0@group-23D9289878C2-FollowerState
2025-09-13 17:32:04,925 [e114cbd1-8f45-4cc5-a8b1-e2bd6cad48a0@group-853F78DB4750-FollowerState] INFO  impl.FollowerState (FollowerState.java:runImpl(161)) - e114cbd1-8f45-4cc5-a8b1-e2bd6cad48a0@group-853F78DB4750-FollowerState: change to CANDIDATE, lastRpcElapsedTime:1030294645ns, electionTimeout:1030ms
2025-09-13 17:32:04,925 [e114cbd1-8f45-4cc5-a8b1-e2bd6cad48a0@group-853F78DB4750-FollowerState] INFO  impl.RoleInfo (RoleInfo.java:shutdownFollowerState(121)) - e114cbd1-8f45-4cc5-a8b1-e2bd6cad48a0: shutdown e114cbd1-8f45-4cc5-a8b1-e2bd6cad48a0@group-853F78DB4750-FollowerState
2025-09-13 17:32:04,925 [e114cbd1-8f45-4cc5-a8b1-e2bd6cad48a0@group-853F78DB4750-FollowerState] INFO  server.RaftServer$Division (RaftServerImpl.java:setRole(392)) - e114cbd1-8f45-4cc5-a8b1-e2bd6cad48a0@group-853F78DB4750: changes role from  FOLLOWER to CANDIDATE at term 1 for changeToCandidate
2025-09-13 17:32:04,925 [e114cbd1-8f45-4cc5-a8b1-e2bd6cad48a0@group-853F78DB4750-FollowerState] INFO  impl.RoleInfo (RoleInfo.java:updateAndGet(148)) - e114cbd1-8f45-4cc5-a8b1-e2bd6cad48a0: start e114cbd1-8f45-4cc5-a8b1-e2bd6cad48a0@group-853F78DB4750-LeaderElection80
2025-09-13 17:32:04,925 [e114cbd1-8f45-4cc5-a8b1-e2bd6cad48a0@group-853F78DB4750-LeaderElection80] INFO  impl.LeaderElection (LeaderElection.java:askForVotes(448)) - e114cbd1-8f45-4cc5-a8b1-e2bd6cad48a0@group-853F78DB4750-LeaderElection80 PRE_VOTE round 0: submit vote requests at term 1 for conf: {index: 0, cur=peers:[d3aade32-661d-499d-9068-ea1550ed8656|127.0.0.1:15055, beda0dcb-37da-4cca-bea2-e222cb1bc351|127.0.0.1:15039, e114cbd1-8f45-4cc5-a8b1-e2bd6cad48a0|127.0.0.1:15047]|listeners:[], old=null}
2025-09-13 17:32:04,926 [e114cbd1-8f45-4cc5-a8b1-e2bd6cad48a0@group-853F78DB4750-LeaderElection80] INFO  impl.LeaderElection (LogUtils.java:infoOrTrace(142)) - e114cbd1-8f45-4cc5-a8b1-e2bd6cad48a0@group-853F78DB4750-LeaderElection80 got exception when requesting votes: java.util.concurrent.ExecutionException: org.apache.ratis.thirdparty.io.grpc.StatusRuntimeException: UNAVAILABLE: io exception
2025-09-13 17:32:04,926 [e114cbd1-8f45-4cc5-a8b1-e2bd6cad48a0@group-853F78DB4750-LeaderElection80] INFO  impl.LeaderElection (LogUtils.java:infoOrTrace(142)) - e114cbd1-8f45-4cc5-a8b1-e2bd6cad48a0@group-853F78DB4750-LeaderElection80 got exception when requesting votes: java.util.concurrent.ExecutionException: org.apache.ratis.thirdparty.io.grpc.StatusRuntimeException: UNAVAILABLE: io exception
2025-09-13 17:32:04,926 [e114cbd1-8f45-4cc5-a8b1-e2bd6cad48a0@group-853F78DB4750-LeaderElection80] INFO  impl.LeaderElection (LeaderElection.java:logAndReturn(206)) - e114cbd1-8f45-4cc5-a8b1-e2bd6cad48a0@group-853F78DB4750-LeaderElection80: PRE_VOTE REJECTED received 0 response(s) and 2 exception(s):
2025-09-13 17:32:04,926 [e114cbd1-8f45-4cc5-a8b1-e2bd6cad48a0@group-853F78DB4750-LeaderElection80] INFO  impl.LeaderElection (LogUtils.java:infoOrTrace(142)) -   Exception 0: java.util.concurrent.ExecutionException: org.apache.ratis.thirdparty.io.grpc.StatusRuntimeException: UNAVAILABLE: io exception
2025-09-13 17:32:04,926 [e114cbd1-8f45-4cc5-a8b1-e2bd6cad48a0@group-853F78DB4750-LeaderElection80] INFO  impl.LeaderElection (LogUtils.java:infoOrTrace(142)) -   Exception 1: java.util.concurrent.ExecutionException: org.apache.ratis.thirdparty.io.grpc.StatusRuntimeException: UNAVAILABLE: io exception
2025-09-13 17:32:04,926 [e114cbd1-8f45-4cc5-a8b1-e2bd6cad48a0@group-853F78DB4750-LeaderElection80] INFO  impl.LeaderElection (LeaderElection.java:askForVotes(450)) - e114cbd1-8f45-4cc5-a8b1-e2bd6cad48a0@group-853F78DB4750-LeaderElection80 PRE_VOTE round 0: result REJECTED
2025-09-13 17:32:04,926 [e114cbd1-8f45-4cc5-a8b1-e2bd6cad48a0@group-853F78DB4750-LeaderElection80] INFO  server.RaftServer$Division (RaftServerImpl.java:setRole(392)) - e114cbd1-8f45-4cc5-a8b1-e2bd6cad48a0@group-853F78DB4750: changes role from CANDIDATE to FOLLOWER at term 1 for REJECTED
2025-09-13 17:32:04,926 [e114cbd1-8f45-4cc5-a8b1-e2bd6cad48a0@group-853F78DB4750-LeaderElection80] INFO  impl.RoleInfo (RoleInfo.java:shutdownLeaderElection(141)) - e114cbd1-8f45-4cc5-a8b1-e2bd6cad48a0: shutdown e114cbd1-8f45-4cc5-a8b1-e2bd6cad48a0@group-853F78DB4750-LeaderElection80
2025-09-13 17:32:04,926 [e114cbd1-8f45-4cc5-a8b1-e2bd6cad48a0@group-853F78DB4750-LeaderElection80] INFO  impl.RoleInfo (RoleInfo.java:updateAndGet(148)) - e114cbd1-8f45-4cc5-a8b1-e2bd6cad48a0: start e114cbd1-8f45-4cc5-a8b1-e2bd6cad48a0@group-853F78DB4750-FollowerState
2025-09-13 17:32:05,419 [grpc-default-executor-1] ERROR impl.OrderedAsync (OrderedAsync.java:lambda$null$6(215)) -  client-5AF5730643BE: Failed* RaftClientRequest:client-5AF5730643BE->beda0dcb-37da-4cca-bea2-e222cb1bc351@group-853F78DB4750, cid=26, seq=1*, Watch(0), null
java.util.concurrent.CompletionException: java.io.IOException: org.apache.ratis.thirdparty.io.grpc.StatusRuntimeException: UNAVAILABLE: io exception
	at java.base/java.util.concurrent.CompletableFuture.encodeThrowable(CompletableFuture.java:332)
	at java.base/java.util.concurrent.CompletableFuture.completeThrowable(CompletableFuture.java:347)
	at java.base/java.util.concurrent.CompletableFuture$UniAccept.tryFire(CompletableFuture.java:708)
	at java.base/java.util.concurrent.CompletableFuture.postComplete(CompletableFuture.java:510)
	at java.base/java.util.concurrent.CompletableFuture.completeExceptionally(CompletableFuture.java:2194)
	at org.apache.ratis.grpc.client.GrpcClientProtocolClient$AsyncStreamObservers.completeReplyExceptionally(GrpcClientProtocolClient.java:397)
	at org.apache.ratis.grpc.client.GrpcClientProtocolClient$AsyncStreamObservers.access$000(GrpcClientProtocolClient.java:303)
	at org.apache.ratis.grpc.client.GrpcClientProtocolClient$AsyncStreamObservers$1.onError(GrpcClientProtocolClient.java:334)
	at org.apache.ratis.thirdparty.io.grpc.stub.ClientCalls$StreamObserverToCallListenerAdapter.onClose(ClientCalls.java:564)
	at org.apache.ratis.thirdparty.io.grpc.PartialForwardingClientCallListener.onClose(PartialForwardingClientCallListener.java:39)
	at org.apache.ratis.thirdparty.io.grpc.ForwardingClientCallListener.onClose(ForwardingClientCallListener.java:23)
	at org.apache.ratis.grpc.metrics.intercept.client.MetricClientCallListener.onClose(MetricClientCallListener.java:47)
	at org.apache.ratis.thirdparty.io.grpc.internal.ClientCallImpl.closeObserver(ClientCallImpl.java:565)
	at org.apache.ratis.thirdparty.io.grpc.internal.ClientCallImpl.access$100(ClientCallImpl.java:72)
	at org.apache.ratis.thirdparty.io.grpc.internal.ClientCallImpl$ClientStreamListenerImpl$1StreamClosed.runInternal(ClientCallImpl.java:733)
	at org.apache.ratis.thirdparty.io.grpc.internal.ClientCallImpl$ClientStreamListenerImpl$1StreamClosed.runInContext(ClientCallImpl.java:714)
	at org.apache.ratis.thirdparty.io.grpc.internal.ContextRunnable.run(ContextRunnable.java:37)
	at org.apache.ratis.thirdparty.io.grpc.internal.SerializingExecutor.run(SerializingExecutor.java:133)
	at java.base/java.util.concurrent.ThreadPoolExecutor.runWorker(ThreadPoolExecutor.java:1144)
	at java.base/java.util.concurrent.ThreadPoolExecutor$Worker.run(ThreadPoolExecutor.java:642)
	at java.base/java.lang.Thread.run(Thread.java:1583)
Caused by: java.io.IOException: org.apache.ratis.thirdparty.io.grpc.StatusRuntimeException: UNAVAILABLE: io exception
	at org.apache.ratis.grpc.GrpcUtil.unwrapException(GrpcUtil.java:99)
	at org.apache.ratis.grpc.GrpcUtil.unwrapIOException(GrpcUtil.java:159)
	at org.apache.ratis.grpc.client.GrpcClientProtocolClient$AsyncStreamObservers$1.onError(GrpcClientProtocolClient.java:333)
	... 13 more
Caused by: org.apache.ratis.thirdparty.io.grpc.StatusRuntimeException: UNAVAILABLE: io exception
	at org.apache.ratis.thirdparty.io.grpc.Status.asRuntimeException(Status.java:532)
	... 13 more
Caused by: org.apache.ratis.thirdparty.io.netty.channel.AbstractChannel$AnnotatedConnectException: finishConnect(..) failed: Connection refused: /127.0.0.1:15037
Caused by: java.net.ConnectException: finishConnect(..) failed: Connection refused
	at org.apache.ratis.thirdparty.io.netty.channel.unix.Errors.newConnectException0(Errors.java:166)
	at org.apache.ratis.thirdparty.io.netty.channel.unix.Errors.handleConnectErrno(Errors.java:131)
	at org.apache.ratis.thirdparty.io.netty.channel.unix.Socket.finishConnect(Socket.java:359)
	at org.apache.ratis.thirdparty.io.netty.channel.epoll.AbstractEpollChannel$AbstractEpollUnsafe.doFinishConnect(AbstractEpollChannel.java:715)
	at org.apache.ratis.thirdparty.io.netty.channel.epoll.AbstractEpollChannel$AbstractEpollUnsafe.finishConnect(AbstractEpollChannel.java:692)
	at org.apache.ratis.thirdparty.io.netty.channel.epoll.AbstractEpollChannel$AbstractEpollUnsafe.epollOutReady(AbstractEpollChannel.java:567)
	at org.apache.ratis.thirdparty.io.netty.channel.epoll.EpollEventLoop.processReady(EpollEventLoop.java:491)
	at org.apache.ratis.thirdparty.io.netty.channel.epoll.EpollEventLoop.run(EpollEventLoop.java:399)
	at org.apache.ratis.thirdparty.io.netty.util.concurrent.SingleThreadEventExecutor$4.run(SingleThreadEventExecutor.java:998)
	at org.apache.ratis.thirdparty.io.netty.util.internal.ThreadExecutorMap$2.run(ThreadExecutorMap.java:74)
	at org.apache.ratis.thirdparty.io.netty.util.concurrent.FastThreadLocalRunnable.run(FastThreadLocalRunnable.java:30)
	at java.base/java.lang.Thread.run(Thread.java:1583)
2025-09-13 17:32:05,578 [e114cbd1-8f45-4cc5-a8b1-e2bd6cad48a0@group-23D9289878C2-FollowerState] INFO  impl.FollowerState (FollowerState.java:runImpl(161)) - e114cbd1-8f45-4cc5-a8b1-e2bd6cad48a0@group-23D9289878C2-FollowerState: change to CANDIDATE, lastRpcElapsedTime:1032341049ns, electionTimeout:1032ms
2025-09-13 17:32:05,578 [e114cbd1-8f45-4cc5-a8b1-e2bd6cad48a0@group-23D9289878C2-FollowerState] INFO  impl.RoleInfo (RoleInfo.java:shutdownFollowerState(121)) - e114cbd1-8f45-4cc5-a8b1-e2bd6cad48a0: shutdown e114cbd1-8f45-4cc5-a8b1-e2bd6cad48a0@group-23D9289878C2-FollowerState
2025-09-13 17:32:05,578 [e114cbd1-8f45-4cc5-a8b1-e2bd6cad48a0@group-23D9289878C2-FollowerState] INFO  server.RaftServer$Division (RaftServerImpl.java:setRole(392)) - e114cbd1-8f45-4cc5-a8b1-e2bd6cad48a0@group-23D9289878C2: changes role from  FOLLOWER to CANDIDATE at term 1 for changeToCandidate
2025-09-13 17:32:05,578 [e114cbd1-8f45-4cc5-a8b1-e2bd6cad48a0@group-23D9289878C2-FollowerState] INFO  impl.RoleInfo (RoleInfo.java:updateAndGet(148)) - e114cbd1-8f45-4cc5-a8b1-e2bd6cad48a0: start e114cbd1-8f45-4cc5-a8b1-e2bd6cad48a0@group-23D9289878C2-LeaderElection81
2025-09-13 17:32:05,579 [e114cbd1-8f45-4cc5-a8b1-e2bd6cad48a0@group-23D9289878C2-LeaderElection81] INFO  impl.LeaderElection (LeaderElection.java:askForVotes(448)) - e114cbd1-8f45-4cc5-a8b1-e2bd6cad48a0@group-23D9289878C2-LeaderElection81 PRE_VOTE round 0: submit vote requests at term 1 for conf: {index: 0, cur=peers:[d3aade32-661d-499d-9068-ea1550ed8656|127.0.0.1:15055, beda0dcb-37da-4cca-bea2-e222cb1bc351|127.0.0.1:15039, e114cbd1-8f45-4cc5-a8b1-e2bd6cad48a0|127.0.0.1:15047]|listeners:[], old=null}
2025-09-13 17:32:05,579 [e114cbd1-8f45-4cc5-a8b1-e2bd6cad48a0@group-23D9289878C2-LeaderElection81] INFO  impl.LeaderElection (LogUtils.java:infoOrTrace(142)) - e114cbd1-8f45-4cc5-a8b1-e2bd6cad48a0@group-23D9289878C2-LeaderElection81 got exception when requesting votes: java.util.concurrent.ExecutionException: org.apache.ratis.thirdparty.io.grpc.StatusRuntimeException: UNAVAILABLE: io exception
2025-09-13 17:32:05,579 [e114cbd1-8f45-4cc5-a8b1-e2bd6cad48a0@group-23D9289878C2-LeaderElection81] INFO  impl.LeaderElection (LogUtils.java:infoOrTrace(142)) - e114cbd1-8f45-4cc5-a8b1-e2bd6cad48a0@group-23D9289878C2-LeaderElection81 got exception when requesting votes: java.util.concurrent.ExecutionException: org.apache.ratis.thirdparty.io.grpc.StatusRuntimeException: UNAVAILABLE: io exception
2025-09-13 17:32:05,579 [e114cbd1-8f45-4cc5-a8b1-e2bd6cad48a0@group-23D9289878C2-LeaderElection81] INFO  impl.LeaderElection (LeaderElection.java:logAndReturn(206)) - e114cbd1-8f45-4cc5-a8b1-e2bd6cad48a0@group-23D9289878C2-LeaderElection81: PRE_VOTE REJECTED received 0 response(s) and 2 exception(s):
2025-09-13 17:32:05,579 [e114cbd1-8f45-4cc5-a8b1-e2bd6cad48a0@group-23D9289878C2-LeaderElection81] INFO  impl.LeaderElection (LogUtils.java:infoOrTrace(142)) -   Exception 0: java.util.concurrent.ExecutionException: org.apache.ratis.thirdparty.io.grpc.StatusRuntimeException: UNAVAILABLE: io exception
2025-09-13 17:32:05,579 [e114cbd1-8f45-4cc5-a8b1-e2bd6cad48a0@group-23D9289878C2-LeaderElection81] INFO  impl.LeaderElection (LogUtils.java:infoOrTrace(142)) -   Exception 1: java.util.concurrent.ExecutionException: org.apache.ratis.thirdparty.io.grpc.StatusRuntimeException: UNAVAILABLE: io exception
2025-09-13 17:32:05,579 [e114cbd1-8f45-4cc5-a8b1-e2bd6cad48a0@group-23D9289878C2-LeaderElection81] INFO  impl.LeaderElection (LeaderElection.java:askForVotes(450)) - e114cbd1-8f45-4cc5-a8b1-e2bd6cad48a0@group-23D9289878C2-LeaderElection81 PRE_VOTE round 0: result REJECTED
2025-09-13 17:32:05,579 [e114cbd1-8f45-4cc5-a8b1-e2bd6cad48a0@group-23D9289878C2-LeaderElection81] INFO  server.RaftServer$Division (RaftServerImpl.java:setRole(392)) - e114cbd1-8f45-4cc5-a8b1-e2bd6cad48a0@group-23D9289878C2: changes role from CANDIDATE to FOLLOWER at term 1 for REJECTED
2025-09-13 17:32:05,579 [e114cbd1-8f45-4cc5-a8b1-e2bd6cad48a0@group-23D9289878C2-LeaderElection81] INFO  impl.RoleInfo (RoleInfo.java:shutdownLeaderElection(141)) - e114cbd1-8f45-4cc5-a8b1-e2bd6cad48a0: shutdown e114cbd1-8f45-4cc5-a8b1-e2bd6cad48a0@group-23D9289878C2-LeaderElection81
2025-09-13 17:32:05,579 [e114cbd1-8f45-4cc5-a8b1-e2bd6cad48a0@group-23D9289878C2-LeaderElection81] INFO  impl.RoleInfo (RoleInfo.java:updateAndGet(148)) - e114cbd1-8f45-4cc5-a8b1-e2bd6cad48a0: start e114cbd1-8f45-4cc5-a8b1-e2bd6cad48a0@group-23D9289878C2-FollowerState
2025-09-13 17:32:06,127 [e114cbd1-8f45-4cc5-a8b1-e2bd6cad48a0@group-853F78DB4750-FollowerState] INFO  impl.FollowerState (FollowerState.java:runImpl(161)) - e114cbd1-8f45-4cc5-a8b1-e2bd6cad48a0@group-853F78DB4750-FollowerState: change to CANDIDATE, lastRpcElapsedTime:1200466499ns, electionTimeout:1200ms
2025-09-13 17:32:06,127 [e114cbd1-8f45-4cc5-a8b1-e2bd6cad48a0@group-853F78DB4750-FollowerState] INFO  impl.RoleInfo (RoleInfo.java:shutdownFollowerState(121)) - e114cbd1-8f45-4cc5-a8b1-e2bd6cad48a0: shutdown e114cbd1-8f45-4cc5-a8b1-e2bd6cad48a0@group-853F78DB4750-FollowerState
2025-09-13 17:32:06,127 [e114cbd1-8f45-4cc5-a8b1-e2bd6cad48a0@group-853F78DB4750-FollowerState] INFO  server.RaftServer$Division (RaftServerImpl.java:setRole(392)) - e114cbd1-8f45-4cc5-a8b1-e2bd6cad48a0@group-853F78DB4750: changes role from  FOLLOWER to CANDIDATE at term 1 for changeToCandidate
2025-09-13 17:32:06,127 [e114cbd1-8f45-4cc5-a8b1-e2bd6cad48a0@group-853F78DB4750-FollowerState] INFO  impl.RoleInfo (RoleInfo.java:updateAndGet(148)) - e114cbd1-8f45-4cc5-a8b1-e2bd6cad48a0: start e114cbd1-8f45-4cc5-a8b1-e2bd6cad48a0@group-853F78DB4750-LeaderElection82
2025-09-13 17:32:06,127 [e114cbd1-8f45-4cc5-a8b1-e2bd6cad48a0@group-853F78DB4750-LeaderElection82] INFO  impl.LeaderElection (LeaderElection.java:askForVotes(448)) - e114cbd1-8f45-4cc5-a8b1-e2bd6cad48a0@group-853F78DB4750-LeaderElection82 PRE_VOTE round 0: submit vote requests at term 1 for conf: {index: 0, cur=peers:[d3aade32-661d-499d-9068-ea1550ed8656|127.0.0.1:15055, beda0dcb-37da-4cca-bea2-e222cb1bc351|127.0.0.1:15039, e114cbd1-8f45-4cc5-a8b1-e2bd6cad48a0|127.0.0.1:15047]|listeners:[], old=null}
2025-09-13 17:32:06,128 [e114cbd1-8f45-4cc5-a8b1-e2bd6cad48a0@group-853F78DB4750-LeaderElection82] INFO  impl.LeaderElection (LogUtils.java:infoOrTrace(142)) - e114cbd1-8f45-4cc5-a8b1-e2bd6cad48a0@group-853F78DB4750-LeaderElection82 got exception when requesting votes: java.util.concurrent.ExecutionException: org.apache.ratis.thirdparty.io.grpc.StatusRuntimeException: UNAVAILABLE: io exception
2025-09-13 17:32:06,128 [e114cbd1-8f45-4cc5-a8b1-e2bd6cad48a0@group-853F78DB4750-LeaderElection82] INFO  impl.LeaderElection (LogUtils.java:infoOrTrace(142)) - e114cbd1-8f45-4cc5-a8b1-e2bd6cad48a0@group-853F78DB4750-LeaderElection82 got exception when requesting votes: java.util.concurrent.ExecutionException: org.apache.ratis.thirdparty.io.grpc.StatusRuntimeException: UNAVAILABLE: io exception
2025-09-13 17:32:06,128 [e114cbd1-8f45-4cc5-a8b1-e2bd6cad48a0@group-853F78DB4750-LeaderElection82] INFO  impl.LeaderElection (LeaderElection.java:logAndReturn(206)) - e114cbd1-8f45-4cc5-a8b1-e2bd6cad48a0@group-853F78DB4750-LeaderElection82: PRE_VOTE REJECTED received 0 response(s) and 2 exception(s):
2025-09-13 17:32:06,128 [e114cbd1-8f45-4cc5-a8b1-e2bd6cad48a0@group-853F78DB4750-LeaderElection82] INFO  impl.LeaderElection (LogUtils.java:infoOrTrace(142)) -   Exception 0: java.util.concurrent.ExecutionException: org.apache.ratis.thirdparty.io.grpc.StatusRuntimeException: UNAVAILABLE: io exception
2025-09-13 17:32:06,128 [e114cbd1-8f45-4cc5-a8b1-e2bd6cad48a0@group-853F78DB4750-LeaderElection82] INFO  impl.LeaderElection (LogUtils.java:infoOrTrace(142)) -   Exception 1: java.util.concurrent.ExecutionException: org.apache.ratis.thirdparty.io.grpc.StatusRuntimeException: UNAVAILABLE: io exception
2025-09-13 17:32:06,128 [e114cbd1-8f45-4cc5-a8b1-e2bd6cad48a0@group-853F78DB4750-LeaderElection82] INFO  impl.LeaderElection (LeaderElection.java:askForVotes(450)) - e114cbd1-8f45-4cc5-a8b1-e2bd6cad48a0@group-853F78DB4750-LeaderElection82 PRE_VOTE round 0: result REJECTED
2025-09-13 17:32:06,128 [e114cbd1-8f45-4cc5-a8b1-e2bd6cad48a0@group-853F78DB4750-LeaderElection82] INFO  server.RaftServer$Division (RaftServerImpl.java:setRole(392)) - e114cbd1-8f45-4cc5-a8b1-e2bd6cad48a0@group-853F78DB4750: changes role from CANDIDATE to FOLLOWER at term 1 for REJECTED
2025-09-13 17:32:06,128 [e114cbd1-8f45-4cc5-a8b1-e2bd6cad48a0@group-853F78DB4750-LeaderElection82] INFO  impl.RoleInfo (RoleInfo.java:shutdownLeaderElection(141)) - e114cbd1-8f45-4cc5-a8b1-e2bd6cad48a0: shutdown e114cbd1-8f45-4cc5-a8b1-e2bd6cad48a0@group-853F78DB4750-LeaderElection82
2025-09-13 17:32:06,128 [e114cbd1-8f45-4cc5-a8b1-e2bd6cad48a0@group-853F78DB4750-LeaderElection82] INFO  impl.RoleInfo (RoleInfo.java:updateAndGet(148)) - e114cbd1-8f45-4cc5-a8b1-e2bd6cad48a0: start e114cbd1-8f45-4cc5-a8b1-e2bd6cad48a0@group-853F78DB4750-FollowerState
2025-09-13 17:32:06,779 [e114cbd1-8f45-4cc5-a8b1-e2bd6cad48a0@group-23D9289878C2-FollowerState] INFO  impl.FollowerState (FollowerState.java:runImpl(161)) - e114cbd1-8f45-4cc5-a8b1-e2bd6cad48a0@group-23D9289878C2-FollowerState: change to CANDIDATE, lastRpcElapsedTime:1199261631ns, electionTimeout:1199ms
2025-09-13 17:32:06,779 [e114cbd1-8f45-4cc5-a8b1-e2bd6cad48a0@group-23D9289878C2-FollowerState] INFO  impl.RoleInfo (RoleInfo.java:shutdownFollowerState(121)) - e114cbd1-8f45-4cc5-a8b1-e2bd6cad48a0: shutdown e114cbd1-8f45-4cc5-a8b1-e2bd6cad48a0@group-23D9289878C2-FollowerState
2025-09-13 17:32:06,779 [e114cbd1-8f45-4cc5-a8b1-e2bd6cad48a0@group-23D9289878C2-FollowerState] INFO  server.RaftServer$Division (RaftServerImpl.java:setRole(392)) - e114cbd1-8f45-4cc5-a8b1-e2bd6cad48a0@group-23D9289878C2: changes role from  FOLLOWER to CANDIDATE at term 1 for changeToCandidate
2025-09-13 17:32:06,779 [e114cbd1-8f45-4cc5-a8b1-e2bd6cad48a0@group-23D9289878C2-FollowerState] INFO  impl.RoleInfo (RoleInfo.java:updateAndGet(148)) - e114cbd1-8f45-4cc5-a8b1-e2bd6cad48a0: start e114cbd1-8f45-4cc5-a8b1-e2bd6cad48a0@group-23D9289878C2-LeaderElection83
2025-09-13 17:32:06,779 [e114cbd1-8f45-4cc5-a8b1-e2bd6cad48a0@group-23D9289878C2-LeaderElection83] INFO  impl.LeaderElection (LeaderElection.java:askForVotes(448)) - e114cbd1-8f45-4cc5-a8b1-e2bd6cad48a0@group-23D9289878C2-LeaderElection83 PRE_VOTE round 0: submit vote requests at term 1 for conf: {index: 0, cur=peers:[d3aade32-661d-499d-9068-ea1550ed8656|127.0.0.1:15055, beda0dcb-37da-4cca-bea2-e222cb1bc351|127.0.0.1:15039, e114cbd1-8f45-4cc5-a8b1-e2bd6cad48a0|127.0.0.1:15047]|listeners:[], old=null}
2025-09-13 17:32:06,780 [e114cbd1-8f45-4cc5-a8b1-e2bd6cad48a0@group-23D9289878C2-LeaderElection83] INFO  impl.LeaderElection (LogUtils.java:infoOrTrace(142)) - e114cbd1-8f45-4cc5-a8b1-e2bd6cad48a0@group-23D9289878C2-LeaderElection83 got exception when requesting votes: java.util.concurrent.ExecutionException: org.apache.ratis.thirdparty.io.grpc.StatusRuntimeException: UNAVAILABLE: io exception
2025-09-13 17:32:06,780 [e114cbd1-8f45-4cc5-a8b1-e2bd6cad48a0@group-23D9289878C2-LeaderElection83] INFO  impl.LeaderElection (LogUtils.java:infoOrTrace(142)) - e114cbd1-8f45-4cc5-a8b1-e2bd6cad48a0@group-23D9289878C2-LeaderElection83 got exception when requesting votes: java.util.concurrent.ExecutionException: org.apache.ratis.thirdparty.io.grpc.StatusRuntimeException: UNAVAILABLE: io exception
2025-09-13 17:32:06,780 [e114cbd1-8f45-4cc5-a8b1-e2bd6cad48a0@group-23D9289878C2-LeaderElection83] INFO  impl.LeaderElection (LeaderElection.java:logAndReturn(206)) - e114cbd1-8f45-4cc5-a8b1-e2bd6cad48a0@group-23D9289878C2-LeaderElection83: PRE_VOTE REJECTED received 0 response(s) and 2 exception(s):
2025-09-13 17:32:06,780 [e114cbd1-8f45-4cc5-a8b1-e2bd6cad48a0@group-23D9289878C2-LeaderElection83] INFO  impl.LeaderElection (LogUtils.java:infoOrTrace(142)) -   Exception 0: java.util.concurrent.ExecutionException: org.apache.ratis.thirdparty.io.grpc.StatusRuntimeException: UNAVAILABLE: io exception
2025-09-13 17:32:06,780 [e114cbd1-8f45-4cc5-a8b1-e2bd6cad48a0@group-23D9289878C2-LeaderElection83] INFO  impl.LeaderElection (LogUtils.java:infoOrTrace(142)) -   Exception 1: java.util.concurrent.ExecutionException: org.apache.ratis.thirdparty.io.grpc.StatusRuntimeException: UNAVAILABLE: io exception
2025-09-13 17:32:06,780 [e114cbd1-8f45-4cc5-a8b1-e2bd6cad48a0@group-23D9289878C2-LeaderElection83] INFO  impl.LeaderElection (LeaderElection.java:askForVotes(450)) - e114cbd1-8f45-4cc5-a8b1-e2bd6cad48a0@group-23D9289878C2-LeaderElection83 PRE_VOTE round 0: result REJECTED
2025-09-13 17:32:06,780 [e114cbd1-8f45-4cc5-a8b1-e2bd6cad48a0@group-23D9289878C2-LeaderElection83] INFO  server.RaftServer$Division (RaftServerImpl.java:setRole(392)) - e114cbd1-8f45-4cc5-a8b1-e2bd6cad48a0@group-23D9289878C2: changes role from CANDIDATE to FOLLOWER at term 1 for REJECTED
2025-09-13 17:32:06,780 [e114cbd1-8f45-4cc5-a8b1-e2bd6cad48a0@group-23D9289878C2-LeaderElection83] INFO  impl.RoleInfo (RoleInfo.java:shutdownLeaderElection(141)) - e114cbd1-8f45-4cc5-a8b1-e2bd6cad48a0: shutdown e114cbd1-8f45-4cc5-a8b1-e2bd6cad48a0@group-23D9289878C2-LeaderElection83
2025-09-13 17:32:06,780 [e114cbd1-8f45-4cc5-a8b1-e2bd6cad48a0@group-23D9289878C2-LeaderElection83] INFO  impl.RoleInfo (RoleInfo.java:updateAndGet(148)) - e114cbd1-8f45-4cc5-a8b1-e2bd6cad48a0: start e114cbd1-8f45-4cc5-a8b1-e2bd6cad48a0@group-23D9289878C2-FollowerState
2025-09-13 17:32:07,288 [e114cbd1-8f45-4cc5-a8b1-e2bd6cad48a0@group-853F78DB4750-FollowerState] INFO  impl.FollowerState (FollowerState.java:runImpl(161)) - e114cbd1-8f45-4cc5-a8b1-e2bd6cad48a0@group-853F78DB4750-FollowerState: change to CANDIDATE, lastRpcElapsedTime:1159289370ns, electionTimeout:1159ms
2025-09-13 17:32:07,288 [e114cbd1-8f45-4cc5-a8b1-e2bd6cad48a0@group-853F78DB4750-FollowerState] INFO  impl.RoleInfo (RoleInfo.java:shutdownFollowerState(121)) - e114cbd1-8f45-4cc5-a8b1-e2bd6cad48a0: shutdown e114cbd1-8f45-4cc5-a8b1-e2bd6cad48a0@group-853F78DB4750-FollowerState
2025-09-13 17:32:07,288 [e114cbd1-8f45-4cc5-a8b1-e2bd6cad48a0@group-853F78DB4750-FollowerState] INFO  server.RaftServer$Division (RaftServerImpl.java:setRole(392)) - e114cbd1-8f45-4cc5-a8b1-e2bd6cad48a0@group-853F78DB4750: changes role from  FOLLOWER to CANDIDATE at term 1 for changeToCandidate
2025-09-13 17:32:07,288 [e114cbd1-8f45-4cc5-a8b1-e2bd6cad48a0@group-853F78DB4750-FollowerState] INFO  impl.RoleInfo (RoleInfo.java:updateAndGet(148)) - e114cbd1-8f45-4cc5-a8b1-e2bd6cad48a0: start e114cbd1-8f45-4cc5-a8b1-e2bd6cad48a0@group-853F78DB4750-LeaderElection84
2025-09-13 17:32:07,288 [e114cbd1-8f45-4cc5-a8b1-e2bd6cad48a0@group-853F78DB4750-LeaderElection84] INFO  impl.LeaderElection (LeaderElection.java:askForVotes(448)) - e114cbd1-8f45-4cc5-a8b1-e2bd6cad48a0@group-853F78DB4750-LeaderElection84 PRE_VOTE round 0: submit vote requests at term 1 for conf: {index: 0, cur=peers:[d3aade32-661d-499d-9068-ea1550ed8656|127.0.0.1:15055, beda0dcb-37da-4cca-bea2-e222cb1bc351|127.0.0.1:15039, e114cbd1-8f45-4cc5-a8b1-e2bd6cad48a0|127.0.0.1:15047]|listeners:[], old=null}
2025-09-13 17:32:07,289 [e114cbd1-8f45-4cc5-a8b1-e2bd6cad48a0@group-853F78DB4750-LeaderElection84] INFO  impl.LeaderElection (LogUtils.java:infoOrTrace(142)) - e114cbd1-8f45-4cc5-a8b1-e2bd6cad48a0@group-853F78DB4750-LeaderElection84 got exception when requesting votes: java.util.concurrent.ExecutionException: org.apache.ratis.thirdparty.io.grpc.StatusRuntimeException: UNAVAILABLE: io exception
2025-09-13 17:32:07,289 [e114cbd1-8f45-4cc5-a8b1-e2bd6cad48a0@group-853F78DB4750-LeaderElection84] INFO  impl.LeaderElection (LogUtils.java:infoOrTrace(142)) - e114cbd1-8f45-4cc5-a8b1-e2bd6cad48a0@group-853F78DB4750-LeaderElection84 got exception when requesting votes: java.util.concurrent.ExecutionException: org.apache.ratis.thirdparty.io.grpc.StatusRuntimeException: UNAVAILABLE: io exception
2025-09-13 17:32:07,289 [e114cbd1-8f45-4cc5-a8b1-e2bd6cad48a0@group-853F78DB4750-LeaderElection84] INFO  impl.LeaderElection (LeaderElection.java:logAndReturn(206)) - e114cbd1-8f45-4cc5-a8b1-e2bd6cad48a0@group-853F78DB4750-LeaderElection84: PRE_VOTE REJECTED received 0 response(s) and 2 exception(s):
2025-09-13 17:32:07,289 [e114cbd1-8f45-4cc5-a8b1-e2bd6cad48a0@group-853F78DB4750-LeaderElection84] INFO  impl.LeaderElection (LogUtils.java:infoOrTrace(142)) -   Exception 0: java.util.concurrent.ExecutionException: org.apache.ratis.thirdparty.io.grpc.StatusRuntimeException: UNAVAILABLE: io exception
2025-09-13 17:32:07,289 [e114cbd1-8f45-4cc5-a8b1-e2bd6cad48a0@group-853F78DB4750-LeaderElection84] INFO  impl.LeaderElection (LogUtils.java:infoOrTrace(142)) -   Exception 1: java.util.concurrent.ExecutionException: org.apache.ratis.thirdparty.io.grpc.StatusRuntimeException: UNAVAILABLE: io exception
2025-09-13 17:32:07,289 [e114cbd1-8f45-4cc5-a8b1-e2bd6cad48a0@group-853F78DB4750-LeaderElection84] INFO  impl.LeaderElection (LeaderElection.java:askForVotes(450)) - e114cbd1-8f45-4cc5-a8b1-e2bd6cad48a0@group-853F78DB4750-LeaderElection84 PRE_VOTE round 0: result REJECTED
2025-09-13 17:32:07,289 [e114cbd1-8f45-4cc5-a8b1-e2bd6cad48a0@group-853F78DB4750-LeaderElection84] INFO  server.RaftServer$Division (RaftServerImpl.java:setRole(392)) - e114cbd1-8f45-4cc5-a8b1-e2bd6cad48a0@group-853F78DB4750: changes role from CANDIDATE to FOLLOWER at term 1 for REJECTED
2025-09-13 17:32:07,289 [e114cbd1-8f45-4cc5-a8b1-e2bd6cad48a0@group-853F78DB4750-LeaderElection84] INFO  impl.RoleInfo (RoleInfo.java:shutdownLeaderElection(141)) - e114cbd1-8f45-4cc5-a8b1-e2bd6cad48a0: shutdown e114cbd1-8f45-4cc5-a8b1-e2bd6cad48a0@group-853F78DB4750-LeaderElection84
2025-09-13 17:32:07,289 [e114cbd1-8f45-4cc5-a8b1-e2bd6cad48a0@group-853F78DB4750-LeaderElection84] INFO  impl.RoleInfo (RoleInfo.java:updateAndGet(148)) - e114cbd1-8f45-4cc5-a8b1-e2bd6cad48a0: start e114cbd1-8f45-4cc5-a8b1-e2bd6cad48a0@group-853F78DB4750-FollowerState
2025-09-13 17:32:07,860 [e114cbd1-8f45-4cc5-a8b1-e2bd6cad48a0@group-23D9289878C2-FollowerState] INFO  impl.FollowerState (FollowerState.java:runImpl(161)) - e114cbd1-8f45-4cc5-a8b1-e2bd6cad48a0@group-23D9289878C2-FollowerState: change to CANDIDATE, lastRpcElapsedTime:1079283112ns, electionTimeout:1079ms
2025-09-13 17:32:07,860 [e114cbd1-8f45-4cc5-a8b1-e2bd6cad48a0@group-23D9289878C2-FollowerState] INFO  impl.RoleInfo (RoleInfo.java:shutdownFollowerState(121)) - e114cbd1-8f45-4cc5-a8b1-e2bd6cad48a0: shutdown e114cbd1-8f45-4cc5-a8b1-e2bd6cad48a0@group-23D9289878C2-FollowerState
2025-09-13 17:32:07,860 [e114cbd1-8f45-4cc5-a8b1-e2bd6cad48a0@group-23D9289878C2-FollowerState] INFO  server.RaftServer$Division (RaftServerImpl.java:setRole(392)) - e114cbd1-8f45-4cc5-a8b1-e2bd6cad48a0@group-23D9289878C2: changes role from  FOLLOWER to CANDIDATE at term 1 for changeToCandidate
2025-09-13 17:32:07,860 [e114cbd1-8f45-4cc5-a8b1-e2bd6cad48a0@group-23D9289878C2-FollowerState] INFO  impl.RoleInfo (RoleInfo.java:updateAndGet(148)) - e114cbd1-8f45-4cc5-a8b1-e2bd6cad48a0: start e114cbd1-8f45-4cc5-a8b1-e2bd6cad48a0@group-23D9289878C2-LeaderElection85
2025-09-13 17:32:07,860 [e114cbd1-8f45-4cc5-a8b1-e2bd6cad48a0@group-23D9289878C2-LeaderElection85] INFO  impl.LeaderElection (LeaderElection.java:askForVotes(448)) - e114cbd1-8f45-4cc5-a8b1-e2bd6cad48a0@group-23D9289878C2-LeaderElection85 PRE_VOTE round 0: submit vote requests at term 1 for conf: {index: 0, cur=peers:[d3aade32-661d-499d-9068-ea1550ed8656|127.0.0.1:15055, beda0dcb-37da-4cca-bea2-e222cb1bc351|127.0.0.1:15039, e114cbd1-8f45-4cc5-a8b1-e2bd6cad48a0|127.0.0.1:15047]|listeners:[], old=null}
2025-09-13 17:32:07,861 [e114cbd1-8f45-4cc5-a8b1-e2bd6cad48a0@group-23D9289878C2-LeaderElection85] INFO  impl.LeaderElection (LogUtils.java:infoOrTrace(142)) - e114cbd1-8f45-4cc5-a8b1-e2bd6cad48a0@group-23D9289878C2-LeaderElection85 got exception when requesting votes: java.util.concurrent.ExecutionException: org.apache.ratis.thirdparty.io.grpc.StatusRuntimeException: UNAVAILABLE: io exception
2025-09-13 17:32:07,861 [e114cbd1-8f45-4cc5-a8b1-e2bd6cad48a0@group-23D9289878C2-LeaderElection85] INFO  impl.LeaderElection (LogUtils.java:infoOrTrace(142)) - e114cbd1-8f45-4cc5-a8b1-e2bd6cad48a0@group-23D9289878C2-LeaderElection85 got exception when requesting votes: java.util.concurrent.ExecutionException: org.apache.ratis.thirdparty.io.grpc.StatusRuntimeException: UNAVAILABLE: io exception
2025-09-13 17:32:07,862 [e114cbd1-8f45-4cc5-a8b1-e2bd6cad48a0@group-23D9289878C2-LeaderElection85] INFO  impl.LeaderElection (LeaderElection.java:logAndReturn(206)) - e114cbd1-8f45-4cc5-a8b1-e2bd6cad48a0@group-23D9289878C2-LeaderElection85: PRE_VOTE REJECTED received 0 response(s) and 2 exception(s):
2025-09-13 17:32:07,862 [e114cbd1-8f45-4cc5-a8b1-e2bd6cad48a0@group-23D9289878C2-LeaderElection85] INFO  impl.LeaderElection (LogUtils.java:infoOrTrace(142)) -   Exception 0: java.util.concurrent.ExecutionException: org.apache.ratis.thirdparty.io.grpc.StatusRuntimeException: UNAVAILABLE: io exception
2025-09-13 17:32:07,862 [e114cbd1-8f45-4cc5-a8b1-e2bd6cad48a0@group-23D9289878C2-LeaderElection85] INFO  impl.LeaderElection (LogUtils.java:infoOrTrace(142)) -   Exception 1: java.util.concurrent.ExecutionException: org.apache.ratis.thirdparty.io.grpc.StatusRuntimeException: UNAVAILABLE: io exception
2025-09-13 17:32:07,862 [e114cbd1-8f45-4cc5-a8b1-e2bd6cad48a0@group-23D9289878C2-LeaderElection85] INFO  impl.LeaderElection (LeaderElection.java:askForVotes(450)) - e114cbd1-8f45-4cc5-a8b1-e2bd6cad48a0@group-23D9289878C2-LeaderElection85 PRE_VOTE round 0: result REJECTED
2025-09-13 17:32:07,862 [e114cbd1-8f45-4cc5-a8b1-e2bd6cad48a0@group-23D9289878C2-LeaderElection85] INFO  server.RaftServer$Division (RaftServerImpl.java:setRole(392)) - e114cbd1-8f45-4cc5-a8b1-e2bd6cad48a0@group-23D9289878C2: changes role from CANDIDATE to FOLLOWER at term 1 for REJECTED
2025-09-13 17:32:07,862 [e114cbd1-8f45-4cc5-a8b1-e2bd6cad48a0@group-23D9289878C2-LeaderElection85] INFO  impl.RoleInfo (RoleInfo.java:shutdownLeaderElection(141)) - e114cbd1-8f45-4cc5-a8b1-e2bd6cad48a0: shutdown e114cbd1-8f45-4cc5-a8b1-e2bd6cad48a0@group-23D9289878C2-LeaderElection85
2025-09-13 17:32:07,862 [e114cbd1-8f45-4cc5-a8b1-e2bd6cad48a0@group-23D9289878C2-LeaderElection85] INFO  impl.RoleInfo (RoleInfo.java:updateAndGet(148)) - e114cbd1-8f45-4cc5-a8b1-e2bd6cad48a0: start e114cbd1-8f45-4cc5-a8b1-e2bd6cad48a0@group-23D9289878C2-FollowerState
2025-09-13 17:32:08,462 [e114cbd1-8f45-4cc5-a8b1-e2bd6cad48a0@group-853F78DB4750-FollowerState] INFO  impl.FollowerState (FollowerState.java:runImpl(161)) - e114cbd1-8f45-4cc5-a8b1-e2bd6cad48a0@group-853F78DB4750-FollowerState: change to CANDIDATE, lastRpcElapsedTime:1172278972ns, electionTimeout:1172ms
2025-09-13 17:32:08,462 [e114cbd1-8f45-4cc5-a8b1-e2bd6cad48a0@group-853F78DB4750-FollowerState] INFO  impl.RoleInfo (RoleInfo.java:shutdownFollowerState(121)) - e114cbd1-8f45-4cc5-a8b1-e2bd6cad48a0: shutdown e114cbd1-8f45-4cc5-a8b1-e2bd6cad48a0@group-853F78DB4750-FollowerState
2025-09-13 17:32:08,462 [e114cbd1-8f45-4cc5-a8b1-e2bd6cad48a0@group-853F78DB4750-FollowerState] INFO  server.RaftServer$Division (RaftServerImpl.java:setRole(392)) - e114cbd1-8f45-4cc5-a8b1-e2bd6cad48a0@group-853F78DB4750: changes role from  FOLLOWER to CANDIDATE at term 1 for changeToCandidate
2025-09-13 17:32:08,462 [e114cbd1-8f45-4cc5-a8b1-e2bd6cad48a0@group-853F78DB4750-FollowerState] INFO  impl.RoleInfo (RoleInfo.java:updateAndGet(148)) - e114cbd1-8f45-4cc5-a8b1-e2bd6cad48a0: start e114cbd1-8f45-4cc5-a8b1-e2bd6cad48a0@group-853F78DB4750-LeaderElection86
2025-09-13 17:32:08,462 [e114cbd1-8f45-4cc5-a8b1-e2bd6cad48a0@group-853F78DB4750-LeaderElection86] INFO  impl.LeaderElection (LeaderElection.java:askForVotes(448)) - e114cbd1-8f45-4cc5-a8b1-e2bd6cad48a0@group-853F78DB4750-LeaderElection86 PRE_VOTE round 0: submit vote requests at term 1 for conf: {index: 0, cur=peers:[d3aade32-661d-499d-9068-ea1550ed8656|127.0.0.1:15055, beda0dcb-37da-4cca-bea2-e222cb1bc351|127.0.0.1:15039, e114cbd1-8f45-4cc5-a8b1-e2bd6cad48a0|127.0.0.1:15047]|listeners:[], old=null}
2025-09-13 17:32:08,463 [e114cbd1-8f45-4cc5-a8b1-e2bd6cad48a0@group-853F78DB4750-LeaderElection86] INFO  impl.LeaderElection (LogUtils.java:infoOrTrace(142)) - e114cbd1-8f45-4cc5-a8b1-e2bd6cad48a0@group-853F78DB4750-LeaderElection86 got exception when requesting votes: java.util.concurrent.ExecutionException: org.apache.ratis.thirdparty.io.grpc.StatusRuntimeException: UNAVAILABLE: io exception
2025-09-13 17:32:08,463 [e114cbd1-8f45-4cc5-a8b1-e2bd6cad48a0@group-853F78DB4750-LeaderElection86] INFO  impl.LeaderElection (LogUtils.java:infoOrTrace(142)) - e114cbd1-8f45-4cc5-a8b1-e2bd6cad48a0@group-853F78DB4750-LeaderElection86 got exception when requesting votes: java.util.concurrent.ExecutionException: org.apache.ratis.thirdparty.io.grpc.StatusRuntimeException: UNAVAILABLE: io exception
2025-09-13 17:32:08,463 [e114cbd1-8f45-4cc5-a8b1-e2bd6cad48a0@group-853F78DB4750-LeaderElection86] INFO  impl.LeaderElection (LeaderElection.java:logAndReturn(206)) - e114cbd1-8f45-4cc5-a8b1-e2bd6cad48a0@group-853F78DB4750-LeaderElection86: PRE_VOTE REJECTED received 0 response(s) and 2 exception(s):
2025-09-13 17:32:08,463 [e114cbd1-8f45-4cc5-a8b1-e2bd6cad48a0@group-853F78DB4750-LeaderElection86] INFO  impl.LeaderElection (LogUtils.java:infoOrTrace(142)) -   Exception 0: java.util.concurrent.ExecutionException: org.apache.ratis.thirdparty.io.grpc.StatusRuntimeException: UNAVAILABLE: io exception
2025-09-13 17:32:08,463 [e114cbd1-8f45-4cc5-a8b1-e2bd6cad48a0@group-853F78DB4750-LeaderElection86] INFO  impl.LeaderElection (LogUtils.java:infoOrTrace(142)) -   Exception 1: java.util.concurrent.ExecutionException: org.apache.ratis.thirdparty.io.grpc.StatusRuntimeException: UNAVAILABLE: io exception
2025-09-13 17:32:08,463 [e114cbd1-8f45-4cc5-a8b1-e2bd6cad48a0@group-853F78DB4750-LeaderElection86] INFO  impl.LeaderElection (LeaderElection.java:askForVotes(450)) - e114cbd1-8f45-4cc5-a8b1-e2bd6cad48a0@group-853F78DB4750-LeaderElection86 PRE_VOTE round 0: result REJECTED
2025-09-13 17:32:08,463 [e114cbd1-8f45-4cc5-a8b1-e2bd6cad48a0@group-853F78DB4750-LeaderElection86] INFO  server.RaftServer$Division (RaftServerImpl.java:setRole(392)) - e114cbd1-8f45-4cc5-a8b1-e2bd6cad48a0@group-853F78DB4750: changes role from CANDIDATE to FOLLOWER at term 1 for REJECTED
2025-09-13 17:32:08,463 [e114cbd1-8f45-4cc5-a8b1-e2bd6cad48a0@group-853F78DB4750-LeaderElection86] INFO  impl.RoleInfo (RoleInfo.java:shutdownLeaderElection(141)) - e114cbd1-8f45-4cc5-a8b1-e2bd6cad48a0: shutdown e114cbd1-8f45-4cc5-a8b1-e2bd6cad48a0@group-853F78DB4750-LeaderElection86
2025-09-13 17:32:08,463 [e114cbd1-8f45-4cc5-a8b1-e2bd6cad48a0@group-853F78DB4750-LeaderElection86] INFO  impl.RoleInfo (RoleInfo.java:updateAndGet(148)) - e114cbd1-8f45-4cc5-a8b1-e2bd6cad48a0: start e114cbd1-8f45-4cc5-a8b1-e2bd6cad48a0@group-853F78DB4750-FollowerState
2025-09-13 17:32:08,981 [e114cbd1-8f45-4cc5-a8b1-e2bd6cad48a0@group-23D9289878C2-FollowerState] INFO  impl.FollowerState (FollowerState.java:runImpl(161)) - e114cbd1-8f45-4cc5-a8b1-e2bd6cad48a0@group-23D9289878C2-FollowerState: change to CANDIDATE, lastRpcElapsedTime:1119403849ns, electionTimeout:1119ms
2025-09-13 17:32:08,981 [e114cbd1-8f45-4cc5-a8b1-e2bd6cad48a0@group-23D9289878C2-FollowerState] INFO  impl.RoleInfo (RoleInfo.java:shutdownFollowerState(121)) - e114cbd1-8f45-4cc5-a8b1-e2bd6cad48a0: shutdown e114cbd1-8f45-4cc5-a8b1-e2bd6cad48a0@group-23D9289878C2-FollowerState
2025-09-13 17:32:08,981 [e114cbd1-8f45-4cc5-a8b1-e2bd6cad48a0@group-23D9289878C2-FollowerState] INFO  server.RaftServer$Division (RaftServerImpl.java:setRole(392)) - e114cbd1-8f45-4cc5-a8b1-e2bd6cad48a0@group-23D9289878C2: changes role from  FOLLOWER to CANDIDATE at term 1 for changeToCandidate
2025-09-13 17:32:08,981 [e114cbd1-8f45-4cc5-a8b1-e2bd6cad48a0@group-23D9289878C2-FollowerState] INFO  impl.RoleInfo (RoleInfo.java:updateAndGet(148)) - e114cbd1-8f45-4cc5-a8b1-e2bd6cad48a0: start e114cbd1-8f45-4cc5-a8b1-e2bd6cad48a0@group-23D9289878C2-LeaderElection87
2025-09-13 17:32:08,982 [e114cbd1-8f45-4cc5-a8b1-e2bd6cad48a0@group-23D9289878C2-LeaderElection87] INFO  impl.LeaderElection (LeaderElection.java:askForVotes(448)) - e114cbd1-8f45-4cc5-a8b1-e2bd6cad48a0@group-23D9289878C2-LeaderElection87 PRE_VOTE round 0: submit vote requests at term 1 for conf: {index: 0, cur=peers:[d3aade32-661d-499d-9068-ea1550ed8656|127.0.0.1:15055, beda0dcb-37da-4cca-bea2-e222cb1bc351|127.0.0.1:15039, e114cbd1-8f45-4cc5-a8b1-e2bd6cad48a0|127.0.0.1:15047]|listeners:[], old=null}
2025-09-13 17:32:08,982 [e114cbd1-8f45-4cc5-a8b1-e2bd6cad48a0@group-23D9289878C2-LeaderElection87] INFO  impl.LeaderElection (LogUtils.java:infoOrTrace(142)) - e114cbd1-8f45-4cc5-a8b1-e2bd6cad48a0@group-23D9289878C2-LeaderElection87 got exception when requesting votes: java.util.concurrent.ExecutionException: org.apache.ratis.thirdparty.io.grpc.StatusRuntimeException: UNAVAILABLE: io exception
2025-09-13 17:32:08,982 [e114cbd1-8f45-4cc5-a8b1-e2bd6cad48a0@group-23D9289878C2-LeaderElection87] INFO  impl.LeaderElection (LogUtils.java:infoOrTrace(142)) - e114cbd1-8f45-4cc5-a8b1-e2bd6cad48a0@group-23D9289878C2-LeaderElection87 got exception when requesting votes: java.util.concurrent.ExecutionException: org.apache.ratis.thirdparty.io.grpc.StatusRuntimeException: UNAVAILABLE: io exception
2025-09-13 17:32:08,982 [e114cbd1-8f45-4cc5-a8b1-e2bd6cad48a0@group-23D9289878C2-LeaderElection87] INFO  impl.LeaderElection (LeaderElection.java:logAndReturn(206)) - e114cbd1-8f45-4cc5-a8b1-e2bd6cad48a0@group-23D9289878C2-LeaderElection87: PRE_VOTE REJECTED received 0 response(s) and 2 exception(s):
2025-09-13 17:32:08,982 [e114cbd1-8f45-4cc5-a8b1-e2bd6cad48a0@group-23D9289878C2-LeaderElection87] INFO  impl.LeaderElection (LogUtils.java:infoOrTrace(142)) -   Exception 0: java.util.concurrent.ExecutionException: org.apache.ratis.thirdparty.io.grpc.StatusRuntimeException: UNAVAILABLE: io exception
2025-09-13 17:32:08,982 [e114cbd1-8f45-4cc5-a8b1-e2bd6cad48a0@group-23D9289878C2-LeaderElection87] INFO  impl.LeaderElection (LogUtils.java:infoOrTrace(142)) -   Exception 1: java.util.concurrent.ExecutionException: org.apache.ratis.thirdparty.io.grpc.StatusRuntimeException: UNAVAILABLE: io exception
2025-09-13 17:32:08,983 [e114cbd1-8f45-4cc5-a8b1-e2bd6cad48a0@group-23D9289878C2-LeaderElection87] INFO  impl.LeaderElection (LeaderElection.java:askForVotes(450)) - e114cbd1-8f45-4cc5-a8b1-e2bd6cad48a0@group-23D9289878C2-LeaderElection87 PRE_VOTE round 0: result REJECTED
2025-09-13 17:32:08,983 [e114cbd1-8f45-4cc5-a8b1-e2bd6cad48a0@group-23D9289878C2-LeaderElection87] INFO  server.RaftServer$Division (RaftServerImpl.java:setRole(392)) - e114cbd1-8f45-4cc5-a8b1-e2bd6cad48a0@group-23D9289878C2: changes role from CANDIDATE to FOLLOWER at term 1 for REJECTED
2025-09-13 17:32:08,983 [e114cbd1-8f45-4cc5-a8b1-e2bd6cad48a0@group-23D9289878C2-LeaderElection87] INFO  impl.RoleInfo (RoleInfo.java:shutdownLeaderElection(141)) - e114cbd1-8f45-4cc5-a8b1-e2bd6cad48a0: shutdown e114cbd1-8f45-4cc5-a8b1-e2bd6cad48a0@group-23D9289878C2-LeaderElection87
2025-09-13 17:32:08,983 [e114cbd1-8f45-4cc5-a8b1-e2bd6cad48a0@group-23D9289878C2-LeaderElection87] INFO  impl.RoleInfo (RoleInfo.java:updateAndGet(148)) - e114cbd1-8f45-4cc5-a8b1-e2bd6cad48a0: start e114cbd1-8f45-4cc5-a8b1-e2bd6cad48a0@group-23D9289878C2-FollowerState
2025-09-13 17:32:09,547 [e114cbd1-8f45-4cc5-a8b1-e2bd6cad48a0@group-853F78DB4750-FollowerState] INFO  impl.FollowerState (FollowerState.java:runImpl(161)) - e114cbd1-8f45-4cc5-a8b1-e2bd6cad48a0@group-853F78DB4750-FollowerState: change to CANDIDATE, lastRpcElapsedTime:1083459891ns, electionTimeout:1083ms
2025-09-13 17:32:09,547 [e114cbd1-8f45-4cc5-a8b1-e2bd6cad48a0@group-853F78DB4750-FollowerState] INFO  impl.RoleInfo (RoleInfo.java:shutdownFollowerState(121)) - e114cbd1-8f45-4cc5-a8b1-e2bd6cad48a0: shutdown e114cbd1-8f45-4cc5-a8b1-e2bd6cad48a0@group-853F78DB4750-FollowerState
2025-09-13 17:32:09,547 [e114cbd1-8f45-4cc5-a8b1-e2bd6cad48a0@group-853F78DB4750-FollowerState] INFO  server.RaftServer$Division (RaftServerImpl.java:setRole(392)) - e114cbd1-8f45-4cc5-a8b1-e2bd6cad48a0@group-853F78DB4750: changes role from  FOLLOWER to CANDIDATE at term 1 for changeToCandidate
2025-09-13 17:32:09,547 [e114cbd1-8f45-4cc5-a8b1-e2bd6cad48a0@group-853F78DB4750-FollowerState] INFO  impl.RoleInfo (RoleInfo.java:updateAndGet(148)) - e114cbd1-8f45-4cc5-a8b1-e2bd6cad48a0: start e114cbd1-8f45-4cc5-a8b1-e2bd6cad48a0@group-853F78DB4750-LeaderElection88
2025-09-13 17:32:09,547 [e114cbd1-8f45-4cc5-a8b1-e2bd6cad48a0@group-853F78DB4750-LeaderElection88] INFO  impl.LeaderElection (LeaderElection.java:askForVotes(448)) - e114cbd1-8f45-4cc5-a8b1-e2bd6cad48a0@group-853F78DB4750-LeaderElection88 PRE_VOTE round 0: submit vote requests at term 1 for conf: {index: 0, cur=peers:[d3aade32-661d-499d-9068-ea1550ed8656|127.0.0.1:15055, beda0dcb-37da-4cca-bea2-e222cb1bc351|127.0.0.1:15039, e114cbd1-8f45-4cc5-a8b1-e2bd6cad48a0|127.0.0.1:15047]|listeners:[], old=null}
2025-09-13 17:32:09,548 [e114cbd1-8f45-4cc5-a8b1-e2bd6cad48a0@group-853F78DB4750-LeaderElection88] INFO  impl.LeaderElection (LogUtils.java:infoOrTrace(142)) - e114cbd1-8f45-4cc5-a8b1-e2bd6cad48a0@group-853F78DB4750-LeaderElection88 got exception when requesting votes: java.util.concurrent.ExecutionException: org.apache.ratis.thirdparty.io.grpc.StatusRuntimeException: UNAVAILABLE: io exception
2025-09-13 17:32:09,548 [e114cbd1-8f45-4cc5-a8b1-e2bd6cad48a0@group-853F78DB4750-LeaderElection88] INFO  impl.LeaderElection (LogUtils.java:infoOrTrace(142)) - e114cbd1-8f45-4cc5-a8b1-e2bd6cad48a0@group-853F78DB4750-LeaderElection88 got exception when requesting votes: java.util.concurrent.ExecutionException: org.apache.ratis.thirdparty.io.grpc.StatusRuntimeException: UNAVAILABLE: io exception
2025-09-13 17:32:09,548 [e114cbd1-8f45-4cc5-a8b1-e2bd6cad48a0@group-853F78DB4750-LeaderElection88] INFO  impl.LeaderElection (LeaderElection.java:logAndReturn(206)) - e114cbd1-8f45-4cc5-a8b1-e2bd6cad48a0@group-853F78DB4750-LeaderElection88: PRE_VOTE REJECTED received 0 response(s) and 2 exception(s):
2025-09-13 17:32:09,548 [e114cbd1-8f45-4cc5-a8b1-e2bd6cad48a0@group-853F78DB4750-LeaderElection88] INFO  impl.LeaderElection (LogUtils.java:infoOrTrace(142)) -   Exception 0: java.util.concurrent.ExecutionException: org.apache.ratis.thirdparty.io.grpc.StatusRuntimeException: UNAVAILABLE: io exception
2025-09-13 17:32:09,548 [e114cbd1-8f45-4cc5-a8b1-e2bd6cad48a0@group-853F78DB4750-LeaderElection88] INFO  impl.LeaderElection (LogUtils.java:infoOrTrace(142)) -   Exception 1: java.util.concurrent.ExecutionException: org.apache.ratis.thirdparty.io.grpc.StatusRuntimeException: UNAVAILABLE: io exception
2025-09-13 17:32:09,548 [e114cbd1-8f45-4cc5-a8b1-e2bd6cad48a0@group-853F78DB4750-LeaderElection88] INFO  impl.LeaderElection (LeaderElection.java:askForVotes(450)) - e114cbd1-8f45-4cc5-a8b1-e2bd6cad48a0@group-853F78DB4750-LeaderElection88 PRE_VOTE round 0: result REJECTED
2025-09-13 17:32:09,548 [e114cbd1-8f45-4cc5-a8b1-e2bd6cad48a0@group-853F78DB4750-LeaderElection88] INFO  server.RaftServer$Division (RaftServerImpl.java:setRole(392)) - e114cbd1-8f45-4cc5-a8b1-e2bd6cad48a0@group-853F78DB4750: changes role from CANDIDATE to FOLLOWER at term 1 for REJECTED
2025-09-13 17:32:09,548 [e114cbd1-8f45-4cc5-a8b1-e2bd6cad48a0@group-853F78DB4750-LeaderElection88] INFO  impl.RoleInfo (RoleInfo.java:shutdownLeaderElection(141)) - e114cbd1-8f45-4cc5-a8b1-e2bd6cad48a0: shutdown e114cbd1-8f45-4cc5-a8b1-e2bd6cad48a0@group-853F78DB4750-LeaderElection88
2025-09-13 17:32:09,548 [e114cbd1-8f45-4cc5-a8b1-e2bd6cad48a0@group-853F78DB4750-LeaderElection88] INFO  impl.RoleInfo (RoleInfo.java:updateAndGet(148)) - e114cbd1-8f45-4cc5-a8b1-e2bd6cad48a0: start e114cbd1-8f45-4cc5-a8b1-e2bd6cad48a0@group-853F78DB4750-FollowerState
2025-09-13 17:32:10,095 [e114cbd1-8f45-4cc5-a8b1-e2bd6cad48a0@group-23D9289878C2-FollowerState] INFO  impl.FollowerState (FollowerState.java:runImpl(161)) - e114cbd1-8f45-4cc5-a8b1-e2bd6cad48a0@group-23D9289878C2-FollowerState: change to CANDIDATE, lastRpcElapsedTime:1112423106ns, electionTimeout:1112ms
2025-09-13 17:32:10,095 [e114cbd1-8f45-4cc5-a8b1-e2bd6cad48a0@group-23D9289878C2-FollowerState] INFO  impl.RoleInfo (RoleInfo.java:shutdownFollowerState(121)) - e114cbd1-8f45-4cc5-a8b1-e2bd6cad48a0: shutdown e114cbd1-8f45-4cc5-a8b1-e2bd6cad48a0@group-23D9289878C2-FollowerState
2025-09-13 17:32:10,095 [e114cbd1-8f45-4cc5-a8b1-e2bd6cad48a0@group-23D9289878C2-FollowerState] INFO  server.RaftServer$Division (RaftServerImpl.java:setRole(392)) - e114cbd1-8f45-4cc5-a8b1-e2bd6cad48a0@group-23D9289878C2: changes role from  FOLLOWER to CANDIDATE at term 1 for changeToCandidate
2025-09-13 17:32:10,095 [e114cbd1-8f45-4cc5-a8b1-e2bd6cad48a0@group-23D9289878C2-FollowerState] INFO  impl.RoleInfo (RoleInfo.java:updateAndGet(148)) - e114cbd1-8f45-4cc5-a8b1-e2bd6cad48a0: start e114cbd1-8f45-4cc5-a8b1-e2bd6cad48a0@group-23D9289878C2-LeaderElection89
2025-09-13 17:32:10,096 [e114cbd1-8f45-4cc5-a8b1-e2bd6cad48a0@group-23D9289878C2-LeaderElection89] INFO  impl.LeaderElection (LeaderElection.java:askForVotes(448)) - e114cbd1-8f45-4cc5-a8b1-e2bd6cad48a0@group-23D9289878C2-LeaderElection89 PRE_VOTE round 0: submit vote requests at term 1 for conf: {index: 0, cur=peers:[d3aade32-661d-499d-9068-ea1550ed8656|127.0.0.1:15055, beda0dcb-37da-4cca-bea2-e222cb1bc351|127.0.0.1:15039, e114cbd1-8f45-4cc5-a8b1-e2bd6cad48a0|127.0.0.1:15047]|listeners:[], old=null}
2025-09-13 17:32:10,096 [e114cbd1-8f45-4cc5-a8b1-e2bd6cad48a0@group-23D9289878C2-LeaderElection89] INFO  impl.LeaderElection (LogUtils.java:infoOrTrace(142)) - e114cbd1-8f45-4cc5-a8b1-e2bd6cad48a0@group-23D9289878C2-LeaderElection89 got exception when requesting votes: java.util.concurrent.ExecutionException: org.apache.ratis.thirdparty.io.grpc.StatusRuntimeException: UNAVAILABLE: io exception
2025-09-13 17:32:10,096 [e114cbd1-8f45-4cc5-a8b1-e2bd6cad48a0@group-23D9289878C2-LeaderElection89] INFO  impl.LeaderElection (LogUtils.java:infoOrTrace(142)) - e114cbd1-8f45-4cc5-a8b1-e2bd6cad48a0@group-23D9289878C2-LeaderElection89 got exception when requesting votes: java.util.concurrent.ExecutionException: org.apache.ratis.thirdparty.io.grpc.StatusRuntimeException: UNAVAILABLE: io exception
2025-09-13 17:32:10,096 [e114cbd1-8f45-4cc5-a8b1-e2bd6cad48a0@group-23D9289878C2-LeaderElection89] INFO  impl.LeaderElection (LeaderElection.java:logAndReturn(206)) - e114cbd1-8f45-4cc5-a8b1-e2bd6cad48a0@group-23D9289878C2-LeaderElection89: PRE_VOTE REJECTED received 0 response(s) and 2 exception(s):
2025-09-13 17:32:10,097 [e114cbd1-8f45-4cc5-a8b1-e2bd6cad48a0@group-23D9289878C2-LeaderElection89] INFO  impl.LeaderElection (LogUtils.java:infoOrTrace(142)) -   Exception 0: java.util.concurrent.ExecutionException: org.apache.ratis.thirdparty.io.grpc.StatusRuntimeException: UNAVAILABLE: io exception
2025-09-13 17:32:10,097 [e114cbd1-8f45-4cc5-a8b1-e2bd6cad48a0@group-23D9289878C2-LeaderElection89] INFO  impl.LeaderElection (LogUtils.java:infoOrTrace(142)) -   Exception 1: java.util.concurrent.ExecutionException: org.apache.ratis.thirdparty.io.grpc.StatusRuntimeException: UNAVAILABLE: io exception
2025-09-13 17:32:10,097 [e114cbd1-8f45-4cc5-a8b1-e2bd6cad48a0@group-23D9289878C2-LeaderElection89] INFO  impl.LeaderElection (LeaderElection.java:askForVotes(450)) - e114cbd1-8f45-4cc5-a8b1-e2bd6cad48a0@group-23D9289878C2-LeaderElection89 PRE_VOTE round 0: result REJECTED
2025-09-13 17:32:10,097 [e114cbd1-8f45-4cc5-a8b1-e2bd6cad48a0@group-23D9289878C2-LeaderElection89] INFO  server.RaftServer$Division (RaftServerImpl.java:setRole(392)) - e114cbd1-8f45-4cc5-a8b1-e2bd6cad48a0@group-23D9289878C2: changes role from CANDIDATE to FOLLOWER at term 1 for REJECTED
2025-09-13 17:32:10,097 [e114cbd1-8f45-4cc5-a8b1-e2bd6cad48a0@group-23D9289878C2-LeaderElection89] INFO  impl.RoleInfo (RoleInfo.java:shutdownLeaderElection(141)) - e114cbd1-8f45-4cc5-a8b1-e2bd6cad48a0: shutdown e114cbd1-8f45-4cc5-a8b1-e2bd6cad48a0@group-23D9289878C2-LeaderElection89
2025-09-13 17:32:10,097 [e114cbd1-8f45-4cc5-a8b1-e2bd6cad48a0@group-23D9289878C2-LeaderElection89] INFO  impl.RoleInfo (RoleInfo.java:updateAndGet(148)) - e114cbd1-8f45-4cc5-a8b1-e2bd6cad48a0: start e114cbd1-8f45-4cc5-a8b1-e2bd6cad48a0@group-23D9289878C2-FollowerState
2025-09-13 17:32:10,420 [timer4] ERROR impl.OrderedAsync (OrderedAsync.java:lambda$null$6(215)) -  (Repeated 2 times in the last 5.001s) client-5AF5730643BE: Failed* RaftClientRequest:client-5AF5730643BE->d3aade32-661d-499d-9068-ea1550ed8656@group-853F78DB4750, cid=26, seq=1*, Watch(0), null
java.util.concurrent.CompletionException: java.io.IOException: org.apache.ratis.thirdparty.io.grpc.StatusRuntimeException: UNAVAILABLE: io exception
	at java.base/java.util.concurrent.CompletableFuture.encodeThrowable(CompletableFuture.java:332)
	at java.base/java.util.concurrent.CompletableFuture.completeThrowable(CompletableFuture.java:347)
	at java.base/java.util.concurrent.CompletableFuture$UniAccept.tryFire(CompletableFuture.java:708)
	at java.base/java.util.concurrent.CompletableFuture.postComplete(CompletableFuture.java:510)
	at java.base/java.util.concurrent.CompletableFuture.completeExceptionally(CompletableFuture.java:2194)
	at org.apache.ratis.grpc.client.GrpcClientProtocolClient$AsyncStreamObservers.completeReplyExceptionally(GrpcClientProtocolClient.java:397)
	at org.apache.ratis.grpc.client.GrpcClientProtocolClient$AsyncStreamObservers.access$000(GrpcClientProtocolClient.java:303)
	at org.apache.ratis.grpc.client.GrpcClientProtocolClient$AsyncStreamObservers$1.onError(GrpcClientProtocolClient.java:334)
	at org.apache.ratis.thirdparty.io.grpc.stub.ClientCalls$StreamObserverToCallListenerAdapter.onClose(ClientCalls.java:564)
	at org.apache.ratis.thirdparty.io.grpc.PartialForwardingClientCallListener.onClose(PartialForwardingClientCallListener.java:39)
	at org.apache.ratis.thirdparty.io.grpc.ForwardingClientCallListener.onClose(ForwardingClientCallListener.java:23)
	at org.apache.ratis.grpc.metrics.intercept.client.MetricClientCallListener.onClose(MetricClientCallListener.java:47)
	at org.apache.ratis.thirdparty.io.grpc.internal.ClientCallImpl.closeObserver(ClientCallImpl.java:565)
	at org.apache.ratis.thirdparty.io.grpc.internal.ClientCallImpl.access$100(ClientCallImpl.java:72)
	at org.apache.ratis.thirdparty.io.grpc.internal.ClientCallImpl$ClientStreamListenerImpl$1StreamClosed.runInternal(ClientCallImpl.java:733)
	at org.apache.ratis.thirdparty.io.grpc.internal.ClientCallImpl$ClientStreamListenerImpl$1StreamClosed.runInContext(ClientCallImpl.java:714)
	at org.apache.ratis.thirdparty.io.grpc.internal.ContextRunnable.run(ContextRunnable.java:37)
	at org.apache.ratis.thirdparty.io.grpc.internal.SerializingExecutor.run(SerializingExecutor.java:133)
	at java.base/java.util.concurrent.ThreadPoolExecutor.runWorker(ThreadPoolExecutor.java:1144)
	at java.base/java.util.concurrent.ThreadPoolExecutor$Worker.run(ThreadPoolExecutor.java:642)
	at java.base/java.lang.Thread.run(Thread.java:1583)
Caused by: java.io.IOException: org.apache.ratis.thirdparty.io.grpc.StatusRuntimeException: UNAVAILABLE: io exception
	at org.apache.ratis.grpc.GrpcUtil.unwrapException(GrpcUtil.java:99)
	at org.apache.ratis.grpc.GrpcUtil.unwrapIOException(GrpcUtil.java:159)
	at org.apache.ratis.grpc.client.GrpcClientProtocolClient$AsyncStreamObservers$1.onError(GrpcClientProtocolClient.java:333)
	... 13 more
Caused by: org.apache.ratis.thirdparty.io.grpc.StatusRuntimeException: UNAVAILABLE: io exception
	at org.apache.ratis.thirdparty.io.grpc.Status.asRuntimeException(Status.java:532)
	... 13 more
Caused by: org.apache.ratis.thirdparty.io.netty.channel.AbstractChannel$AnnotatedConnectException: finishConnect(..) failed: Connection refused: /127.0.0.1:15053
Caused by: java.net.ConnectException: finishConnect(..) failed: Connection refused
	at org.apache.ratis.thirdparty.io.netty.channel.unix.Errors.newConnectException0(Errors.java:166)
	at org.apache.ratis.thirdparty.io.netty.channel.unix.Errors.handleConnectErrno(Errors.java:131)
	at org.apache.ratis.thirdparty.io.netty.channel.unix.Socket.finishConnect(Socket.java:359)
	at org.apache.ratis.thirdparty.io.netty.channel.epoll.AbstractEpollChannel$AbstractEpollUnsafe.doFinishConnect(AbstractEpollChannel.java:715)
	at org.apache.ratis.thirdparty.io.netty.channel.epoll.AbstractEpollChannel$AbstractEpollUnsafe.finishConnect(AbstractEpollChannel.java:692)
	at org.apache.ratis.thirdparty.io.netty.channel.epoll.AbstractEpollChannel$AbstractEpollUnsafe.epollOutReady(AbstractEpollChannel.java:567)
	at org.apache.ratis.thirdparty.io.netty.channel.epoll.EpollEventLoop.processReady(EpollEventLoop.java:491)
	at org.apache.ratis.thirdparty.io.netty.channel.epoll.EpollEventLoop.run(EpollEventLoop.java:399)
	at org.apache.ratis.thirdparty.io.netty.util.concurrent.SingleThreadEventExecutor$4.run(SingleThreadEventExecutor.java:998)
	at org.apache.ratis.thirdparty.io.netty.util.internal.ThreadExecutorMap$2.run(ThreadExecutorMap.java:74)
	at org.apache.ratis.thirdparty.io.netty.util.concurrent.FastThreadLocalRunnable.run(FastThreadLocalRunnable.java:30)
	at java.base/java.lang.Thread.run(Thread.java:1583)
2025-09-13 17:32:10,591 [e114cbd1-8f45-4cc5-a8b1-e2bd6cad48a0@group-853F78DB4750-FollowerState] INFO  impl.FollowerState (FollowerState.java:runImpl(161)) - e114cbd1-8f45-4cc5-a8b1-e2bd6cad48a0@group-853F78DB4750-FollowerState: change to CANDIDATE, lastRpcElapsedTime:1043248517ns, electionTimeout:1043ms
2025-09-13 17:32:10,592 [e114cbd1-8f45-4cc5-a8b1-e2bd6cad48a0@group-853F78DB4750-FollowerState] INFO  impl.RoleInfo (RoleInfo.java:shutdownFollowerState(121)) - e114cbd1-8f45-4cc5-a8b1-e2bd6cad48a0: shutdown e114cbd1-8f45-4cc5-a8b1-e2bd6cad48a0@group-853F78DB4750-FollowerState
2025-09-13 17:32:10,592 [e114cbd1-8f45-4cc5-a8b1-e2bd6cad48a0@group-853F78DB4750-FollowerState] INFO  server.RaftServer$Division (RaftServerImpl.java:setRole(392)) - e114cbd1-8f45-4cc5-a8b1-e2bd6cad48a0@group-853F78DB4750: changes role from  FOLLOWER to CANDIDATE at term 1 for changeToCandidate
2025-09-13 17:32:10,592 [e114cbd1-8f45-4cc5-a8b1-e2bd6cad48a0@group-853F78DB4750-FollowerState] INFO  impl.RoleInfo (RoleInfo.java:updateAndGet(148)) - e114cbd1-8f45-4cc5-a8b1-e2bd6cad48a0: start e114cbd1-8f45-4cc5-a8b1-e2bd6cad48a0@group-853F78DB4750-LeaderElection90
2025-09-13 17:32:10,592 [e114cbd1-8f45-4cc5-a8b1-e2bd6cad48a0@group-853F78DB4750-LeaderElection90] INFO  impl.LeaderElection (LeaderElection.java:askForVotes(448)) - e114cbd1-8f45-4cc5-a8b1-e2bd6cad48a0@group-853F78DB4750-LeaderElection90 PRE_VOTE round 0: submit vote requests at term 1 for conf: {index: 0, cur=peers:[d3aade32-661d-499d-9068-ea1550ed8656|127.0.0.1:15055, beda0dcb-37da-4cca-bea2-e222cb1bc351|127.0.0.1:15039, e114cbd1-8f45-4cc5-a8b1-e2bd6cad48a0|127.0.0.1:15047]|listeners:[], old=null}
2025-09-13 17:32:10,593 [e114cbd1-8f45-4cc5-a8b1-e2bd6cad48a0@group-853F78DB4750-LeaderElection90] INFO  impl.LeaderElection (LogUtils.java:infoOrTrace(142)) - e114cbd1-8f45-4cc5-a8b1-e2bd6cad48a0@group-853F78DB4750-LeaderElection90 got exception when requesting votes: java.util.concurrent.ExecutionException: org.apache.ratis.thirdparty.io.grpc.StatusRuntimeException: UNAVAILABLE: io exception
2025-09-13 17:32:10,593 [e114cbd1-8f45-4cc5-a8b1-e2bd6cad48a0@group-853F78DB4750-LeaderElection90] INFO  impl.LeaderElection (LogUtils.java:infoOrTrace(142)) - e114cbd1-8f45-4cc5-a8b1-e2bd6cad48a0@group-853F78DB4750-LeaderElection90 got exception when requesting votes: java.util.concurrent.ExecutionException: org.apache.ratis.thirdparty.io.grpc.StatusRuntimeException: UNAVAILABLE: io exception
2025-09-13 17:32:10,593 [e114cbd1-8f45-4cc5-a8b1-e2bd6cad48a0@group-853F78DB4750-LeaderElection90] INFO  impl.LeaderElection (LeaderElection.java:logAndReturn(206)) - e114cbd1-8f45-4cc5-a8b1-e2bd6cad48a0@group-853F78DB4750-LeaderElection90: PRE_VOTE REJECTED received 0 response(s) and 2 exception(s):
2025-09-13 17:32:10,593 [e114cbd1-8f45-4cc5-a8b1-e2bd6cad48a0@group-853F78DB4750-LeaderElection90] INFO  impl.LeaderElection (LogUtils.java:infoOrTrace(142)) -   Exception 0: java.util.concurrent.ExecutionException: org.apache.ratis.thirdparty.io.grpc.StatusRuntimeException: UNAVAILABLE: io exception
2025-09-13 17:32:10,593 [e114cbd1-8f45-4cc5-a8b1-e2bd6cad48a0@group-853F78DB4750-LeaderElection90] INFO  impl.LeaderElection (LogUtils.java:infoOrTrace(142)) -   Exception 1: java.util.concurrent.ExecutionException: org.apache.ratis.thirdparty.io.grpc.StatusRuntimeException: UNAVAILABLE: io exception
2025-09-13 17:32:10,593 [e114cbd1-8f45-4cc5-a8b1-e2bd6cad48a0@group-853F78DB4750-LeaderElection90] INFO  impl.LeaderElection (LeaderElection.java:askForVotes(450)) - e114cbd1-8f45-4cc5-a8b1-e2bd6cad48a0@group-853F78DB4750-LeaderElection90 PRE_VOTE round 0: result REJECTED
2025-09-13 17:32:10,593 [e114cbd1-8f45-4cc5-a8b1-e2bd6cad48a0@group-853F78DB4750-LeaderElection90] INFO  server.RaftServer$Division (RaftServerImpl.java:setRole(392)) - e114cbd1-8f45-4cc5-a8b1-e2bd6cad48a0@group-853F78DB4750: changes role from CANDIDATE to FOLLOWER at term 1 for REJECTED
2025-09-13 17:32:10,593 [e114cbd1-8f45-4cc5-a8b1-e2bd6cad48a0@group-853F78DB4750-LeaderElection90] INFO  impl.RoleInfo (RoleInfo.java:shutdownLeaderElection(141)) - e114cbd1-8f45-4cc5-a8b1-e2bd6cad48a0: shutdown e114cbd1-8f45-4cc5-a8b1-e2bd6cad48a0@group-853F78DB4750-LeaderElection90
2025-09-13 17:32:10,593 [e114cbd1-8f45-4cc5-a8b1-e2bd6cad48a0@group-853F78DB4750-LeaderElection90] INFO  impl.RoleInfo (RoleInfo.java:updateAndGet(148)) - e114cbd1-8f45-4cc5-a8b1-e2bd6cad48a0: start e114cbd1-8f45-4cc5-a8b1-e2bd6cad48a0@group-853F78DB4750-FollowerState
2025-09-13 17:32:11,107 [e114cbd1-8f45-4cc5-a8b1-e2bd6cad48a0@group-23D9289878C2-FollowerState] INFO  impl.FollowerState (FollowerState.java:runImpl(161)) - e114cbd1-8f45-4cc5-a8b1-e2bd6cad48a0@group-23D9289878C2-FollowerState: change to CANDIDATE, lastRpcElapsedTime:1010335830ns, electionTimeout:1010ms
2025-09-13 17:32:11,107 [e114cbd1-8f45-4cc5-a8b1-e2bd6cad48a0@group-23D9289878C2-FollowerState] INFO  impl.RoleInfo (RoleInfo.java:shutdownFollowerState(121)) - e114cbd1-8f45-4cc5-a8b1-e2bd6cad48a0: shutdown e114cbd1-8f45-4cc5-a8b1-e2bd6cad48a0@group-23D9289878C2-FollowerState
2025-09-13 17:32:11,107 [e114cbd1-8f45-4cc5-a8b1-e2bd6cad48a0@group-23D9289878C2-FollowerState] INFO  server.RaftServer$Division (RaftServerImpl.java:setRole(392)) - e114cbd1-8f45-4cc5-a8b1-e2bd6cad48a0@group-23D9289878C2: changes role from  FOLLOWER to CANDIDATE at term 1 for changeToCandidate
2025-09-13 17:32:11,107 [e114cbd1-8f45-4cc5-a8b1-e2bd6cad48a0@group-23D9289878C2-FollowerState] INFO  impl.RoleInfo (RoleInfo.java:updateAndGet(148)) - e114cbd1-8f45-4cc5-a8b1-e2bd6cad48a0: start e114cbd1-8f45-4cc5-a8b1-e2bd6cad48a0@group-23D9289878C2-LeaderElection91
2025-09-13 17:32:11,108 [e114cbd1-8f45-4cc5-a8b1-e2bd6cad48a0@group-23D9289878C2-LeaderElection91] INFO  impl.LeaderElection (LeaderElection.java:askForVotes(448)) - e114cbd1-8f45-4cc5-a8b1-e2bd6cad48a0@group-23D9289878C2-LeaderElection91 PRE_VOTE round 0: submit vote requests at term 1 for conf: {index: 0, cur=peers:[d3aade32-661d-499d-9068-ea1550ed8656|127.0.0.1:15055, beda0dcb-37da-4cca-bea2-e222cb1bc351|127.0.0.1:15039, e114cbd1-8f45-4cc5-a8b1-e2bd6cad48a0|127.0.0.1:15047]|listeners:[], old=null}
2025-09-13 17:32:11,108 [e114cbd1-8f45-4cc5-a8b1-e2bd6cad48a0@group-23D9289878C2-LeaderElection91] INFO  impl.LeaderElection (LogUtils.java:infoOrTrace(142)) - e114cbd1-8f45-4cc5-a8b1-e2bd6cad48a0@group-23D9289878C2-LeaderElection91 got exception when requesting votes: java.util.concurrent.ExecutionException: org.apache.ratis.thirdparty.io.grpc.StatusRuntimeException: UNAVAILABLE: io exception
2025-09-13 17:32:11,108 [e114cbd1-8f45-4cc5-a8b1-e2bd6cad48a0@group-23D9289878C2-LeaderElection91] INFO  impl.LeaderElection (LogUtils.java:infoOrTrace(142)) - e114cbd1-8f45-4cc5-a8b1-e2bd6cad48a0@group-23D9289878C2-LeaderElection91 got exception when requesting votes: java.util.concurrent.ExecutionException: org.apache.ratis.thirdparty.io.grpc.StatusRuntimeException: UNAVAILABLE: io exception
2025-09-13 17:32:11,108 [e114cbd1-8f45-4cc5-a8b1-e2bd6cad48a0@group-23D9289878C2-LeaderElection91] INFO  impl.LeaderElection (LeaderElection.java:logAndReturn(206)) - e114cbd1-8f45-4cc5-a8b1-e2bd6cad48a0@group-23D9289878C2-LeaderElection91: PRE_VOTE REJECTED received 0 response(s) and 2 exception(s):
2025-09-13 17:32:11,108 [e114cbd1-8f45-4cc5-a8b1-e2bd6cad48a0@group-23D9289878C2-LeaderElection91] INFO  impl.LeaderElection (LogUtils.java:infoOrTrace(142)) -   Exception 0: java.util.concurrent.ExecutionException: org.apache.ratis.thirdparty.io.grpc.StatusRuntimeException: UNAVAILABLE: io exception
2025-09-13 17:32:11,108 [e114cbd1-8f45-4cc5-a8b1-e2bd6cad48a0@group-23D9289878C2-LeaderElection91] INFO  impl.LeaderElection (LogUtils.java:infoOrTrace(142)) -   Exception 1: java.util.concurrent.ExecutionException: org.apache.ratis.thirdparty.io.grpc.StatusRuntimeException: UNAVAILABLE: io exception
2025-09-13 17:32:11,108 [e114cbd1-8f45-4cc5-a8b1-e2bd6cad48a0@group-23D9289878C2-LeaderElection91] INFO  impl.LeaderElection (LeaderElection.java:askForVotes(450)) - e114cbd1-8f45-4cc5-a8b1-e2bd6cad48a0@group-23D9289878C2-LeaderElection91 PRE_VOTE round 0: result REJECTED
2025-09-13 17:32:11,108 [e114cbd1-8f45-4cc5-a8b1-e2bd6cad48a0@group-23D9289878C2-LeaderElection91] INFO  server.RaftServer$Division (RaftServerImpl.java:setRole(392)) - e114cbd1-8f45-4cc5-a8b1-e2bd6cad48a0@group-23D9289878C2: changes role from CANDIDATE to FOLLOWER at term 1 for REJECTED
2025-09-13 17:32:11,109 [e114cbd1-8f45-4cc5-a8b1-e2bd6cad48a0@group-23D9289878C2-LeaderElection91] INFO  impl.RoleInfo (RoleInfo.java:shutdownLeaderElection(141)) - e114cbd1-8f45-4cc5-a8b1-e2bd6cad48a0: shutdown e114cbd1-8f45-4cc5-a8b1-e2bd6cad48a0@group-23D9289878C2-LeaderElection91
2025-09-13 17:32:11,109 [e114cbd1-8f45-4cc5-a8b1-e2bd6cad48a0@group-23D9289878C2-LeaderElection91] INFO  impl.RoleInfo (RoleInfo.java:updateAndGet(148)) - e114cbd1-8f45-4cc5-a8b1-e2bd6cad48a0: start e114cbd1-8f45-4cc5-a8b1-e2bd6cad48a0@group-23D9289878C2-FollowerState
2025-09-13 17:32:11,700 [e114cbd1-8f45-4cc5-a8b1-e2bd6cad48a0@group-853F78DB4750-FollowerState] INFO  impl.FollowerState (FollowerState.java:runImpl(161)) - e114cbd1-8f45-4cc5-a8b1-e2bd6cad48a0@group-853F78DB4750-FollowerState: change to CANDIDATE, lastRpcElapsedTime:1107492427ns, electionTimeout:1107ms
2025-09-13 17:32:11,701 [e114cbd1-8f45-4cc5-a8b1-e2bd6cad48a0@group-853F78DB4750-FollowerState] INFO  impl.RoleInfo (RoleInfo.java:shutdownFollowerState(121)) - e114cbd1-8f45-4cc5-a8b1-e2bd6cad48a0: shutdown e114cbd1-8f45-4cc5-a8b1-e2bd6cad48a0@group-853F78DB4750-FollowerState
2025-09-13 17:32:11,701 [e114cbd1-8f45-4cc5-a8b1-e2bd6cad48a0@group-853F78DB4750-FollowerState] INFO  server.RaftServer$Division (RaftServerImpl.java:setRole(392)) - e114cbd1-8f45-4cc5-a8b1-e2bd6cad48a0@group-853F78DB4750: changes role from  FOLLOWER to CANDIDATE at term 1 for changeToCandidate
2025-09-13 17:32:11,701 [e114cbd1-8f45-4cc5-a8b1-e2bd6cad48a0@group-853F78DB4750-FollowerState] INFO  impl.RoleInfo (RoleInfo.java:updateAndGet(148)) - e114cbd1-8f45-4cc5-a8b1-e2bd6cad48a0: start e114cbd1-8f45-4cc5-a8b1-e2bd6cad48a0@group-853F78DB4750-LeaderElection92
2025-09-13 17:32:11,701 [e114cbd1-8f45-4cc5-a8b1-e2bd6cad48a0@group-853F78DB4750-LeaderElection92] INFO  impl.LeaderElection (LeaderElection.java:askForVotes(448)) - e114cbd1-8f45-4cc5-a8b1-e2bd6cad48a0@group-853F78DB4750-LeaderElection92 PRE_VOTE round 0: submit vote requests at term 1 for conf: {index: 0, cur=peers:[d3aade32-661d-499d-9068-ea1550ed8656|127.0.0.1:15055, beda0dcb-37da-4cca-bea2-e222cb1bc351|127.0.0.1:15039, e114cbd1-8f45-4cc5-a8b1-e2bd6cad48a0|127.0.0.1:15047]|listeners:[], old=null}
2025-09-13 17:32:11,702 [e114cbd1-8f45-4cc5-a8b1-e2bd6cad48a0@group-853F78DB4750-LeaderElection92] INFO  impl.LeaderElection (LogUtils.java:infoOrTrace(142)) - e114cbd1-8f45-4cc5-a8b1-e2bd6cad48a0@group-853F78DB4750-LeaderElection92 got exception when requesting votes: java.util.concurrent.ExecutionException: org.apache.ratis.thirdparty.io.grpc.StatusRuntimeException: UNAVAILABLE: io exception
2025-09-13 17:32:11,702 [e114cbd1-8f45-4cc5-a8b1-e2bd6cad48a0@group-853F78DB4750-LeaderElection92] INFO  impl.LeaderElection (LogUtils.java:infoOrTrace(142)) - e114cbd1-8f45-4cc5-a8b1-e2bd6cad48a0@group-853F78DB4750-LeaderElection92 got exception when requesting votes: java.util.concurrent.ExecutionException: org.apache.ratis.thirdparty.io.grpc.StatusRuntimeException: UNAVAILABLE: io exception
2025-09-13 17:32:11,702 [e114cbd1-8f45-4cc5-a8b1-e2bd6cad48a0@group-853F78DB4750-LeaderElection92] INFO  impl.LeaderElection (LeaderElection.java:logAndReturn(206)) - e114cbd1-8f45-4cc5-a8b1-e2bd6cad48a0@group-853F78DB4750-LeaderElection92: PRE_VOTE REJECTED received 0 response(s) and 2 exception(s):
2025-09-13 17:32:11,702 [e114cbd1-8f45-4cc5-a8b1-e2bd6cad48a0@group-853F78DB4750-LeaderElection92] INFO  impl.LeaderElection (LogUtils.java:infoOrTrace(142)) -   Exception 0: java.util.concurrent.ExecutionException: org.apache.ratis.thirdparty.io.grpc.StatusRuntimeException: UNAVAILABLE: io exception
2025-09-13 17:32:11,702 [e114cbd1-8f45-4cc5-a8b1-e2bd6cad48a0@group-853F78DB4750-LeaderElection92] INFO  impl.LeaderElection (LogUtils.java:infoOrTrace(142)) -   Exception 1: java.util.concurrent.ExecutionException: org.apache.ratis.thirdparty.io.grpc.StatusRuntimeException: UNAVAILABLE: io exception
2025-09-13 17:32:11,702 [e114cbd1-8f45-4cc5-a8b1-e2bd6cad48a0@group-853F78DB4750-LeaderElection92] INFO  impl.LeaderElection (LeaderElection.java:askForVotes(450)) - e114cbd1-8f45-4cc5-a8b1-e2bd6cad48a0@group-853F78DB4750-LeaderElection92 PRE_VOTE round 0: result REJECTED
2025-09-13 17:32:11,702 [e114cbd1-8f45-4cc5-a8b1-e2bd6cad48a0@group-853F78DB4750-LeaderElection92] INFO  server.RaftServer$Division (RaftServerImpl.java:setRole(392)) - e114cbd1-8f45-4cc5-a8b1-e2bd6cad48a0@group-853F78DB4750: changes role from CANDIDATE to FOLLOWER at term 1 for REJECTED
2025-09-13 17:32:11,702 [e114cbd1-8f45-4cc5-a8b1-e2bd6cad48a0@group-853F78DB4750-LeaderElection92] INFO  impl.RoleInfo (RoleInfo.java:shutdownLeaderElection(141)) - e114cbd1-8f45-4cc5-a8b1-e2bd6cad48a0: shutdown e114cbd1-8f45-4cc5-a8b1-e2bd6cad48a0@group-853F78DB4750-LeaderElection92
2025-09-13 17:32:11,702 [e114cbd1-8f45-4cc5-a8b1-e2bd6cad48a0@group-853F78DB4750-LeaderElection92] INFO  impl.RoleInfo (RoleInfo.java:updateAndGet(148)) - e114cbd1-8f45-4cc5-a8b1-e2bd6cad48a0: start e114cbd1-8f45-4cc5-a8b1-e2bd6cad48a0@group-853F78DB4750-FollowerState
2025-09-13 17:32:12,183 [e114cbd1-8f45-4cc5-a8b1-e2bd6cad48a0@group-23D9289878C2-FollowerState] INFO  impl.FollowerState (FollowerState.java:runImpl(161)) - e114cbd1-8f45-4cc5-a8b1-e2bd6cad48a0@group-23D9289878C2-FollowerState: change to CANDIDATE, lastRpcElapsedTime:1074245410ns, electionTimeout:1074ms
2025-09-13 17:32:12,183 [e114cbd1-8f45-4cc5-a8b1-e2bd6cad48a0@group-23D9289878C2-FollowerState] INFO  impl.RoleInfo (RoleInfo.java:shutdownFollowerState(121)) - e114cbd1-8f45-4cc5-a8b1-e2bd6cad48a0: shutdown e114cbd1-8f45-4cc5-a8b1-e2bd6cad48a0@group-23D9289878C2-FollowerState
2025-09-13 17:32:12,183 [e114cbd1-8f45-4cc5-a8b1-e2bd6cad48a0@group-23D9289878C2-FollowerState] INFO  server.RaftServer$Division (RaftServerImpl.java:setRole(392)) - e114cbd1-8f45-4cc5-a8b1-e2bd6cad48a0@group-23D9289878C2: changes role from  FOLLOWER to CANDIDATE at term 1 for changeToCandidate
2025-09-13 17:32:12,183 [e114cbd1-8f45-4cc5-a8b1-e2bd6cad48a0@group-23D9289878C2-FollowerState] INFO  impl.RoleInfo (RoleInfo.java:updateAndGet(148)) - e114cbd1-8f45-4cc5-a8b1-e2bd6cad48a0: start e114cbd1-8f45-4cc5-a8b1-e2bd6cad48a0@group-23D9289878C2-LeaderElection93
2025-09-13 17:32:12,183 [e114cbd1-8f45-4cc5-a8b1-e2bd6cad48a0@group-23D9289878C2-LeaderElection93] INFO  impl.LeaderElection (LeaderElection.java:askForVotes(448)) - e114cbd1-8f45-4cc5-a8b1-e2bd6cad48a0@group-23D9289878C2-LeaderElection93 PRE_VOTE round 0: submit vote requests at term 1 for conf: {index: 0, cur=peers:[d3aade32-661d-499d-9068-ea1550ed8656|127.0.0.1:15055, beda0dcb-37da-4cca-bea2-e222cb1bc351|127.0.0.1:15039, e114cbd1-8f45-4cc5-a8b1-e2bd6cad48a0|127.0.0.1:15047]|listeners:[], old=null}
2025-09-13 17:32:12,184 [e114cbd1-8f45-4cc5-a8b1-e2bd6cad48a0@group-23D9289878C2-LeaderElection93] INFO  impl.LeaderElection (LogUtils.java:infoOrTrace(142)) - e114cbd1-8f45-4cc5-a8b1-e2bd6cad48a0@group-23D9289878C2-LeaderElection93 got exception when requesting votes: java.util.concurrent.ExecutionException: org.apache.ratis.thirdparty.io.grpc.StatusRuntimeException: UNAVAILABLE: io exception
2025-09-13 17:32:12,184 [e114cbd1-8f45-4cc5-a8b1-e2bd6cad48a0@group-23D9289878C2-LeaderElection93] INFO  impl.LeaderElection (LogUtils.java:infoOrTrace(142)) - e114cbd1-8f45-4cc5-a8b1-e2bd6cad48a0@group-23D9289878C2-LeaderElection93 got exception when requesting votes: java.util.concurrent.ExecutionException: org.apache.ratis.thirdparty.io.grpc.StatusRuntimeException: UNAVAILABLE: io exception
2025-09-13 17:32:12,184 [e114cbd1-8f45-4cc5-a8b1-e2bd6cad48a0@group-23D9289878C2-LeaderElection93] INFO  impl.LeaderElection (LeaderElection.java:logAndReturn(206)) - e114cbd1-8f45-4cc5-a8b1-e2bd6cad48a0@group-23D9289878C2-LeaderElection93: PRE_VOTE REJECTED received 0 response(s) and 2 exception(s):
2025-09-13 17:32:12,184 [e114cbd1-8f45-4cc5-a8b1-e2bd6cad48a0@group-23D9289878C2-LeaderElection93] INFO  impl.LeaderElection (LogUtils.java:infoOrTrace(142)) -   Exception 0: java.util.concurrent.ExecutionException: org.apache.ratis.thirdparty.io.grpc.StatusRuntimeException: UNAVAILABLE: io exception
2025-09-13 17:32:12,184 [e114cbd1-8f45-4cc5-a8b1-e2bd6cad48a0@group-23D9289878C2-LeaderElection93] INFO  impl.LeaderElection (LogUtils.java:infoOrTrace(142)) -   Exception 1: java.util.concurrent.ExecutionException: org.apache.ratis.thirdparty.io.grpc.StatusRuntimeException: UNAVAILABLE: io exception
2025-09-13 17:32:12,184 [e114cbd1-8f45-4cc5-a8b1-e2bd6cad48a0@group-23D9289878C2-LeaderElection93] INFO  impl.LeaderElection (LeaderElection.java:askForVotes(450)) - e114cbd1-8f45-4cc5-a8b1-e2bd6cad48a0@group-23D9289878C2-LeaderElection93 PRE_VOTE round 0: result REJECTED
2025-09-13 17:32:12,184 [e114cbd1-8f45-4cc5-a8b1-e2bd6cad48a0@group-23D9289878C2-LeaderElection93] INFO  server.RaftServer$Division (RaftServerImpl.java:setRole(392)) - e114cbd1-8f45-4cc5-a8b1-e2bd6cad48a0@group-23D9289878C2: changes role from CANDIDATE to FOLLOWER at term 1 for REJECTED
2025-09-13 17:32:12,184 [e114cbd1-8f45-4cc5-a8b1-e2bd6cad48a0@group-23D9289878C2-LeaderElection93] INFO  impl.RoleInfo (RoleInfo.java:shutdownLeaderElection(141)) - e114cbd1-8f45-4cc5-a8b1-e2bd6cad48a0: shutdown e114cbd1-8f45-4cc5-a8b1-e2bd6cad48a0@group-23D9289878C2-LeaderElection93
2025-09-13 17:32:12,184 [e114cbd1-8f45-4cc5-a8b1-e2bd6cad48a0@group-23D9289878C2-LeaderElection93] INFO  impl.RoleInfo (RoleInfo.java:updateAndGet(148)) - e114cbd1-8f45-4cc5-a8b1-e2bd6cad48a0: start e114cbd1-8f45-4cc5-a8b1-e2bd6cad48a0@group-23D9289878C2-FollowerState
2025-09-13 17:32:12,832 [e114cbd1-8f45-4cc5-a8b1-e2bd6cad48a0@group-853F78DB4750-FollowerState] INFO  impl.FollowerState (FollowerState.java:runImpl(161)) - e114cbd1-8f45-4cc5-a8b1-e2bd6cad48a0@group-853F78DB4750-FollowerState: change to CANDIDATE, lastRpcElapsedTime:1130318785ns, electionTimeout:1130ms
2025-09-13 17:32:12,832 [e114cbd1-8f45-4cc5-a8b1-e2bd6cad48a0@group-853F78DB4750-FollowerState] INFO  impl.RoleInfo (RoleInfo.java:shutdownFollowerState(121)) - e114cbd1-8f45-4cc5-a8b1-e2bd6cad48a0: shutdown e114cbd1-8f45-4cc5-a8b1-e2bd6cad48a0@group-853F78DB4750-FollowerState
2025-09-13 17:32:12,832 [e114cbd1-8f45-4cc5-a8b1-e2bd6cad48a0@group-853F78DB4750-FollowerState] INFO  server.RaftServer$Division (RaftServerImpl.java:setRole(392)) - e114cbd1-8f45-4cc5-a8b1-e2bd6cad48a0@group-853F78DB4750: changes role from  FOLLOWER to CANDIDATE at term 1 for changeToCandidate
2025-09-13 17:32:12,833 [e114cbd1-8f45-4cc5-a8b1-e2bd6cad48a0@group-853F78DB4750-FollowerState] INFO  impl.RoleInfo (RoleInfo.java:updateAndGet(148)) - e114cbd1-8f45-4cc5-a8b1-e2bd6cad48a0: start e114cbd1-8f45-4cc5-a8b1-e2bd6cad48a0@group-853F78DB4750-LeaderElection94
2025-09-13 17:32:12,833 [e114cbd1-8f45-4cc5-a8b1-e2bd6cad48a0@group-853F78DB4750-LeaderElection94] INFO  impl.LeaderElection (LeaderElection.java:askForVotes(448)) - e114cbd1-8f45-4cc5-a8b1-e2bd6cad48a0@group-853F78DB4750-LeaderElection94 PRE_VOTE round 0: submit vote requests at term 1 for conf: {index: 0, cur=peers:[d3aade32-661d-499d-9068-ea1550ed8656|127.0.0.1:15055, beda0dcb-37da-4cca-bea2-e222cb1bc351|127.0.0.1:15039, e114cbd1-8f45-4cc5-a8b1-e2bd6cad48a0|127.0.0.1:15047]|listeners:[], old=null}
2025-09-13 17:32:12,833 [e114cbd1-8f45-4cc5-a8b1-e2bd6cad48a0@group-853F78DB4750-LeaderElection94] INFO  impl.LeaderElection (LogUtils.java:infoOrTrace(142)) - e114cbd1-8f45-4cc5-a8b1-e2bd6cad48a0@group-853F78DB4750-LeaderElection94 got exception when requesting votes: java.util.concurrent.ExecutionException: org.apache.ratis.thirdparty.io.grpc.StatusRuntimeException: UNAVAILABLE: io exception
2025-09-13 17:32:12,833 [e114cbd1-8f45-4cc5-a8b1-e2bd6cad48a0@group-853F78DB4750-LeaderElection94] INFO  impl.LeaderElection (LogUtils.java:infoOrTrace(142)) - e114cbd1-8f45-4cc5-a8b1-e2bd6cad48a0@group-853F78DB4750-LeaderElection94 got exception when requesting votes: java.util.concurrent.ExecutionException: org.apache.ratis.thirdparty.io.grpc.StatusRuntimeException: UNAVAILABLE: io exception
2025-09-13 17:32:12,833 [e114cbd1-8f45-4cc5-a8b1-e2bd6cad48a0@group-853F78DB4750-LeaderElection94] INFO  impl.LeaderElection (LeaderElection.java:logAndReturn(206)) - e114cbd1-8f45-4cc5-a8b1-e2bd6cad48a0@group-853F78DB4750-LeaderElection94: PRE_VOTE REJECTED received 0 response(s) and 2 exception(s):
2025-09-13 17:32:12,834 [e114cbd1-8f45-4cc5-a8b1-e2bd6cad48a0@group-853F78DB4750-LeaderElection94] INFO  impl.LeaderElection (LogUtils.java:infoOrTrace(142)) -   Exception 0: java.util.concurrent.ExecutionException: org.apache.ratis.thirdparty.io.grpc.StatusRuntimeException: UNAVAILABLE: io exception
2025-09-13 17:32:12,834 [e114cbd1-8f45-4cc5-a8b1-e2bd6cad48a0@group-853F78DB4750-LeaderElection94] INFO  impl.LeaderElection (LogUtils.java:infoOrTrace(142)) -   Exception 1: java.util.concurrent.ExecutionException: org.apache.ratis.thirdparty.io.grpc.StatusRuntimeException: UNAVAILABLE: io exception
2025-09-13 17:32:12,834 [e114cbd1-8f45-4cc5-a8b1-e2bd6cad48a0@group-853F78DB4750-LeaderElection94] INFO  impl.LeaderElection (LeaderElection.java:askForVotes(450)) - e114cbd1-8f45-4cc5-a8b1-e2bd6cad48a0@group-853F78DB4750-LeaderElection94 PRE_VOTE round 0: result REJECTED
2025-09-13 17:32:12,834 [e114cbd1-8f45-4cc5-a8b1-e2bd6cad48a0@group-853F78DB4750-LeaderElection94] INFO  server.RaftServer$Division (RaftServerImpl.java:setRole(392)) - e114cbd1-8f45-4cc5-a8b1-e2bd6cad48a0@group-853F78DB4750: changes role from CANDIDATE to FOLLOWER at term 1 for REJECTED
2025-09-13 17:32:12,834 [e114cbd1-8f45-4cc5-a8b1-e2bd6cad48a0@group-853F78DB4750-LeaderElection94] INFO  impl.RoleInfo (RoleInfo.java:shutdownLeaderElection(141)) - e114cbd1-8f45-4cc5-a8b1-e2bd6cad48a0: shutdown e114cbd1-8f45-4cc5-a8b1-e2bd6cad48a0@group-853F78DB4750-LeaderElection94
2025-09-13 17:32:12,834 [e114cbd1-8f45-4cc5-a8b1-e2bd6cad48a0@group-853F78DB4750-LeaderElection94] INFO  impl.RoleInfo (RoleInfo.java:updateAndGet(148)) - e114cbd1-8f45-4cc5-a8b1-e2bd6cad48a0: start e114cbd1-8f45-4cc5-a8b1-e2bd6cad48a0@group-853F78DB4750-FollowerState
2025-09-13 17:32:13,276 [e114cbd1-8f45-4cc5-a8b1-e2bd6cad48a0@group-23D9289878C2-FollowerState] INFO  impl.FollowerState (FollowerState.java:runImpl(161)) - e114cbd1-8f45-4cc5-a8b1-e2bd6cad48a0@group-23D9289878C2-FollowerState: change to CANDIDATE, lastRpcElapsedTime:1091427058ns, electionTimeout:1091ms
2025-09-13 17:32:13,276 [e114cbd1-8f45-4cc5-a8b1-e2bd6cad48a0@group-23D9289878C2-FollowerState] INFO  impl.RoleInfo (RoleInfo.java:shutdownFollowerState(121)) - e114cbd1-8f45-4cc5-a8b1-e2bd6cad48a0: shutdown e114cbd1-8f45-4cc5-a8b1-e2bd6cad48a0@group-23D9289878C2-FollowerState
2025-09-13 17:32:13,276 [e114cbd1-8f45-4cc5-a8b1-e2bd6cad48a0@group-23D9289878C2-FollowerState] INFO  server.RaftServer$Division (RaftServerImpl.java:setRole(392)) - e114cbd1-8f45-4cc5-a8b1-e2bd6cad48a0@group-23D9289878C2: changes role from  FOLLOWER to CANDIDATE at term 1 for changeToCandidate
2025-09-13 17:32:13,276 [e114cbd1-8f45-4cc5-a8b1-e2bd6cad48a0@group-23D9289878C2-FollowerState] INFO  impl.RoleInfo (RoleInfo.java:updateAndGet(148)) - e114cbd1-8f45-4cc5-a8b1-e2bd6cad48a0: start e114cbd1-8f45-4cc5-a8b1-e2bd6cad48a0@group-23D9289878C2-LeaderElection95
2025-09-13 17:32:13,276 [e114cbd1-8f45-4cc5-a8b1-e2bd6cad48a0@group-23D9289878C2-LeaderElection95] INFO  impl.LeaderElection (LeaderElection.java:askForVotes(448)) - e114cbd1-8f45-4cc5-a8b1-e2bd6cad48a0@group-23D9289878C2-LeaderElection95 PRE_VOTE round 0: submit vote requests at term 1 for conf: {index: 0, cur=peers:[d3aade32-661d-499d-9068-ea1550ed8656|127.0.0.1:15055, beda0dcb-37da-4cca-bea2-e222cb1bc351|127.0.0.1:15039, e114cbd1-8f45-4cc5-a8b1-e2bd6cad48a0|127.0.0.1:15047]|listeners:[], old=null}
2025-09-13 17:32:13,277 [e114cbd1-8f45-4cc5-a8b1-e2bd6cad48a0@group-23D9289878C2-LeaderElection95] INFO  impl.LeaderElection (LogUtils.java:infoOrTrace(142)) - e114cbd1-8f45-4cc5-a8b1-e2bd6cad48a0@group-23D9289878C2-LeaderElection95 got exception when requesting votes: java.util.concurrent.ExecutionException: org.apache.ratis.thirdparty.io.grpc.StatusRuntimeException: UNAVAILABLE: io exception
2025-09-13 17:32:13,277 [e114cbd1-8f45-4cc5-a8b1-e2bd6cad48a0@group-23D9289878C2-LeaderElection95] INFO  impl.LeaderElection (LogUtils.java:infoOrTrace(142)) - e114cbd1-8f45-4cc5-a8b1-e2bd6cad48a0@group-23D9289878C2-LeaderElection95 got exception when requesting votes: java.util.concurrent.ExecutionException: org.apache.ratis.thirdparty.io.grpc.StatusRuntimeException: UNAVAILABLE: io exception
2025-09-13 17:32:13,277 [e114cbd1-8f45-4cc5-a8b1-e2bd6cad48a0@group-23D9289878C2-LeaderElection95] INFO  impl.LeaderElection (LeaderElection.java:logAndReturn(206)) - e114cbd1-8f45-4cc5-a8b1-e2bd6cad48a0@group-23D9289878C2-LeaderElection95: PRE_VOTE REJECTED received 0 response(s) and 2 exception(s):
2025-09-13 17:32:13,277 [e114cbd1-8f45-4cc5-a8b1-e2bd6cad48a0@group-23D9289878C2-LeaderElection95] INFO  impl.LeaderElection (LogUtils.java:infoOrTrace(142)) -   Exception 0: java.util.concurrent.ExecutionException: org.apache.ratis.thirdparty.io.grpc.StatusRuntimeException: UNAVAILABLE: io exception
2025-09-13 17:32:13,277 [e114cbd1-8f45-4cc5-a8b1-e2bd6cad48a0@group-23D9289878C2-LeaderElection95] INFO  impl.LeaderElection (LogUtils.java:infoOrTrace(142)) -   Exception 1: java.util.concurrent.ExecutionException: org.apache.ratis.thirdparty.io.grpc.StatusRuntimeException: UNAVAILABLE: io exception
2025-09-13 17:32:13,277 [e114cbd1-8f45-4cc5-a8b1-e2bd6cad48a0@group-23D9289878C2-LeaderElection95] INFO  impl.LeaderElection (LeaderElection.java:askForVotes(450)) - e114cbd1-8f45-4cc5-a8b1-e2bd6cad48a0@group-23D9289878C2-LeaderElection95 PRE_VOTE round 0: result REJECTED
2025-09-13 17:32:13,277 [e114cbd1-8f45-4cc5-a8b1-e2bd6cad48a0@group-23D9289878C2-LeaderElection95] INFO  server.RaftServer$Division (RaftServerImpl.java:setRole(392)) - e114cbd1-8f45-4cc5-a8b1-e2bd6cad48a0@group-23D9289878C2: changes role from CANDIDATE to FOLLOWER at term 1 for REJECTED
2025-09-13 17:32:13,277 [e114cbd1-8f45-4cc5-a8b1-e2bd6cad48a0@group-23D9289878C2-LeaderElection95] INFO  impl.RoleInfo (RoleInfo.java:shutdownLeaderElection(141)) - e114cbd1-8f45-4cc5-a8b1-e2bd6cad48a0: shutdown e114cbd1-8f45-4cc5-a8b1-e2bd6cad48a0@group-23D9289878C2-LeaderElection95
2025-09-13 17:32:13,278 [e114cbd1-8f45-4cc5-a8b1-e2bd6cad48a0@group-23D9289878C2-LeaderElection95] INFO  impl.RoleInfo (RoleInfo.java:updateAndGet(148)) - e114cbd1-8f45-4cc5-a8b1-e2bd6cad48a0: start e114cbd1-8f45-4cc5-a8b1-e2bd6cad48a0@group-23D9289878C2-FollowerState
2025-09-13 17:32:14,010 [e114cbd1-8f45-4cc5-a8b1-e2bd6cad48a0@group-853F78DB4750-FollowerState] INFO  impl.FollowerState (FollowerState.java:runImpl(161)) - e114cbd1-8f45-4cc5-a8b1-e2bd6cad48a0@group-853F78DB4750-FollowerState: change to CANDIDATE, lastRpcElapsedTime:1176299051ns, electionTimeout:1176ms
2025-09-13 17:32:14,010 [e114cbd1-8f45-4cc5-a8b1-e2bd6cad48a0@group-853F78DB4750-FollowerState] INFO  impl.RoleInfo (RoleInfo.java:shutdownFollowerState(121)) - e114cbd1-8f45-4cc5-a8b1-e2bd6cad48a0: shutdown e114cbd1-8f45-4cc5-a8b1-e2bd6cad48a0@group-853F78DB4750-FollowerState
2025-09-13 17:32:14,010 [e114cbd1-8f45-4cc5-a8b1-e2bd6cad48a0@group-853F78DB4750-FollowerState] INFO  server.RaftServer$Division (RaftServerImpl.java:setRole(392)) - e114cbd1-8f45-4cc5-a8b1-e2bd6cad48a0@group-853F78DB4750: changes role from  FOLLOWER to CANDIDATE at term 1 for changeToCandidate
2025-09-13 17:32:14,010 [e114cbd1-8f45-4cc5-a8b1-e2bd6cad48a0@group-853F78DB4750-FollowerState] INFO  impl.RoleInfo (RoleInfo.java:updateAndGet(148)) - e114cbd1-8f45-4cc5-a8b1-e2bd6cad48a0: start e114cbd1-8f45-4cc5-a8b1-e2bd6cad48a0@group-853F78DB4750-LeaderElection96
2025-09-13 17:32:14,011 [e114cbd1-8f45-4cc5-a8b1-e2bd6cad48a0@group-853F78DB4750-LeaderElection96] INFO  impl.LeaderElection (LeaderElection.java:askForVotes(448)) - e114cbd1-8f45-4cc5-a8b1-e2bd6cad48a0@group-853F78DB4750-LeaderElection96 PRE_VOTE round 0: submit vote requests at term 1 for conf: {index: 0, cur=peers:[d3aade32-661d-499d-9068-ea1550ed8656|127.0.0.1:15055, beda0dcb-37da-4cca-bea2-e222cb1bc351|127.0.0.1:15039, e114cbd1-8f45-4cc5-a8b1-e2bd6cad48a0|127.0.0.1:15047]|listeners:[], old=null}
2025-09-13 17:32:14,011 [e114cbd1-8f45-4cc5-a8b1-e2bd6cad48a0@group-853F78DB4750-LeaderElection96] INFO  impl.LeaderElection (LogUtils.java:infoOrTrace(142)) - e114cbd1-8f45-4cc5-a8b1-e2bd6cad48a0@group-853F78DB4750-LeaderElection96 got exception when requesting votes: java.util.concurrent.ExecutionException: org.apache.ratis.thirdparty.io.grpc.StatusRuntimeException: UNAVAILABLE: io exception
2025-09-13 17:32:14,011 [e114cbd1-8f45-4cc5-a8b1-e2bd6cad48a0@group-853F78DB4750-LeaderElection96] INFO  impl.LeaderElection (LogUtils.java:infoOrTrace(142)) - e114cbd1-8f45-4cc5-a8b1-e2bd6cad48a0@group-853F78DB4750-LeaderElection96 got exception when requesting votes: java.util.concurrent.ExecutionException: org.apache.ratis.thirdparty.io.grpc.StatusRuntimeException: UNAVAILABLE: io exception
2025-09-13 17:32:14,011 [e114cbd1-8f45-4cc5-a8b1-e2bd6cad48a0@group-853F78DB4750-LeaderElection96] INFO  impl.LeaderElection (LeaderElection.java:logAndReturn(206)) - e114cbd1-8f45-4cc5-a8b1-e2bd6cad48a0@group-853F78DB4750-LeaderElection96: PRE_VOTE REJECTED received 0 response(s) and 2 exception(s):
2025-09-13 17:32:14,011 [e114cbd1-8f45-4cc5-a8b1-e2bd6cad48a0@group-853F78DB4750-LeaderElection96] INFO  impl.LeaderElection (LogUtils.java:infoOrTrace(142)) -   Exception 0: java.util.concurrent.ExecutionException: org.apache.ratis.thirdparty.io.grpc.StatusRuntimeException: UNAVAILABLE: io exception
2025-09-13 17:32:14,011 [e114cbd1-8f45-4cc5-a8b1-e2bd6cad48a0@group-853F78DB4750-LeaderElection96] INFO  impl.LeaderElection (LogUtils.java:infoOrTrace(142)) -   Exception 1: java.util.concurrent.ExecutionException: org.apache.ratis.thirdparty.io.grpc.StatusRuntimeException: UNAVAILABLE: io exception
2025-09-13 17:32:14,011 [e114cbd1-8f45-4cc5-a8b1-e2bd6cad48a0@group-853F78DB4750-LeaderElection96] INFO  impl.LeaderElection (LeaderElection.java:askForVotes(450)) - e114cbd1-8f45-4cc5-a8b1-e2bd6cad48a0@group-853F78DB4750-LeaderElection96 PRE_VOTE round 0: result REJECTED
2025-09-13 17:32:14,012 [e114cbd1-8f45-4cc5-a8b1-e2bd6cad48a0@group-853F78DB4750-LeaderElection96] INFO  server.RaftServer$Division (RaftServerImpl.java:setRole(392)) - e114cbd1-8f45-4cc5-a8b1-e2bd6cad48a0@group-853F78DB4750: changes role from CANDIDATE to FOLLOWER at term 1 for REJECTED
2025-09-13 17:32:14,012 [e114cbd1-8f45-4cc5-a8b1-e2bd6cad48a0@group-853F78DB4750-LeaderElection96] INFO  impl.RoleInfo (RoleInfo.java:shutdownLeaderElection(141)) - e114cbd1-8f45-4cc5-a8b1-e2bd6cad48a0: shutdown e114cbd1-8f45-4cc5-a8b1-e2bd6cad48a0@group-853F78DB4750-LeaderElection96
2025-09-13 17:32:14,012 [e114cbd1-8f45-4cc5-a8b1-e2bd6cad48a0@group-853F78DB4750-LeaderElection96] INFO  impl.RoleInfo (RoleInfo.java:updateAndGet(148)) - e114cbd1-8f45-4cc5-a8b1-e2bd6cad48a0: start e114cbd1-8f45-4cc5-a8b1-e2bd6cad48a0@group-853F78DB4750-FollowerState
2025-09-13 17:32:14,381 [e114cbd1-8f45-4cc5-a8b1-e2bd6cad48a0@group-23D9289878C2-FollowerState] INFO  impl.FollowerState (FollowerState.java:runImpl(161)) - e114cbd1-8f45-4cc5-a8b1-e2bd6cad48a0@group-23D9289878C2-FollowerState: change to CANDIDATE, lastRpcElapsedTime:1103300069ns, electionTimeout:1103ms
2025-09-13 17:32:14,381 [e114cbd1-8f45-4cc5-a8b1-e2bd6cad48a0@group-23D9289878C2-FollowerState] INFO  impl.RoleInfo (RoleInfo.java:shutdownFollowerState(121)) - e114cbd1-8f45-4cc5-a8b1-e2bd6cad48a0: shutdown e114cbd1-8f45-4cc5-a8b1-e2bd6cad48a0@group-23D9289878C2-FollowerState
2025-09-13 17:32:14,381 [e114cbd1-8f45-4cc5-a8b1-e2bd6cad48a0@group-23D9289878C2-FollowerState] INFO  server.RaftServer$Division (RaftServerImpl.java:setRole(392)) - e114cbd1-8f45-4cc5-a8b1-e2bd6cad48a0@group-23D9289878C2: changes role from  FOLLOWER to CANDIDATE at term 1 for changeToCandidate
2025-09-13 17:32:14,381 [e114cbd1-8f45-4cc5-a8b1-e2bd6cad48a0@group-23D9289878C2-FollowerState] INFO  impl.RoleInfo (RoleInfo.java:updateAndGet(148)) - e114cbd1-8f45-4cc5-a8b1-e2bd6cad48a0: start e114cbd1-8f45-4cc5-a8b1-e2bd6cad48a0@group-23D9289878C2-LeaderElection97
2025-09-13 17:32:14,381 [e114cbd1-8f45-4cc5-a8b1-e2bd6cad48a0@group-23D9289878C2-LeaderElection97] INFO  impl.LeaderElection (LeaderElection.java:askForVotes(448)) - e114cbd1-8f45-4cc5-a8b1-e2bd6cad48a0@group-23D9289878C2-LeaderElection97 PRE_VOTE round 0: submit vote requests at term 1 for conf: {index: 0, cur=peers:[d3aade32-661d-499d-9068-ea1550ed8656|127.0.0.1:15055, beda0dcb-37da-4cca-bea2-e222cb1bc351|127.0.0.1:15039, e114cbd1-8f45-4cc5-a8b1-e2bd6cad48a0|127.0.0.1:15047]|listeners:[], old=null}
2025-09-13 17:32:14,382 [e114cbd1-8f45-4cc5-a8b1-e2bd6cad48a0@group-23D9289878C2-LeaderElection97] INFO  impl.LeaderElection (LogUtils.java:infoOrTrace(142)) - e114cbd1-8f45-4cc5-a8b1-e2bd6cad48a0@group-23D9289878C2-LeaderElection97 got exception when requesting votes: java.util.concurrent.ExecutionException: org.apache.ratis.thirdparty.io.grpc.StatusRuntimeException: UNAVAILABLE: io exception
2025-09-13 17:32:14,382 [e114cbd1-8f45-4cc5-a8b1-e2bd6cad48a0@group-23D9289878C2-LeaderElection97] INFO  impl.LeaderElection (LogUtils.java:infoOrTrace(142)) - e114cbd1-8f45-4cc5-a8b1-e2bd6cad48a0@group-23D9289878C2-LeaderElection97 got exception when requesting votes: java.util.concurrent.ExecutionException: org.apache.ratis.thirdparty.io.grpc.StatusRuntimeException: UNAVAILABLE: io exception
2025-09-13 17:32:14,382 [e114cbd1-8f45-4cc5-a8b1-e2bd6cad48a0@group-23D9289878C2-LeaderElection97] INFO  impl.LeaderElection (LeaderElection.java:logAndReturn(206)) - e114cbd1-8f45-4cc5-a8b1-e2bd6cad48a0@group-23D9289878C2-LeaderElection97: PRE_VOTE REJECTED received 0 response(s) and 2 exception(s):
2025-09-13 17:32:14,382 [e114cbd1-8f45-4cc5-a8b1-e2bd6cad48a0@group-23D9289878C2-LeaderElection97] INFO  impl.LeaderElection (LogUtils.java:infoOrTrace(142)) -   Exception 0: java.util.concurrent.ExecutionException: org.apache.ratis.thirdparty.io.grpc.StatusRuntimeException: UNAVAILABLE: io exception
2025-09-13 17:32:14,382 [e114cbd1-8f45-4cc5-a8b1-e2bd6cad48a0@group-23D9289878C2-LeaderElection97] INFO  impl.LeaderElection (LogUtils.java:infoOrTrace(142)) -   Exception 1: java.util.concurrent.ExecutionException: org.apache.ratis.thirdparty.io.grpc.StatusRuntimeException: UNAVAILABLE: io exception
2025-09-13 17:32:14,382 [e114cbd1-8f45-4cc5-a8b1-e2bd6cad48a0@group-23D9289878C2-LeaderElection97] INFO  impl.LeaderElection (LeaderElection.java:askForVotes(450)) - e114cbd1-8f45-4cc5-a8b1-e2bd6cad48a0@group-23D9289878C2-LeaderElection97 PRE_VOTE round 0: result REJECTED
2025-09-13 17:32:14,382 [e114cbd1-8f45-4cc5-a8b1-e2bd6cad48a0@group-23D9289878C2-LeaderElection97] INFO  server.RaftServer$Division (RaftServerImpl.java:setRole(392)) - e114cbd1-8f45-4cc5-a8b1-e2bd6cad48a0@group-23D9289878C2: changes role from CANDIDATE to FOLLOWER at term 1 for REJECTED
2025-09-13 17:32:14,382 [e114cbd1-8f45-4cc5-a8b1-e2bd6cad48a0@group-23D9289878C2-LeaderElection97] INFO  impl.RoleInfo (RoleInfo.java:shutdownLeaderElection(141)) - e114cbd1-8f45-4cc5-a8b1-e2bd6cad48a0: shutdown e114cbd1-8f45-4cc5-a8b1-e2bd6cad48a0@group-23D9289878C2-LeaderElection97
2025-09-13 17:32:14,382 [e114cbd1-8f45-4cc5-a8b1-e2bd6cad48a0@group-23D9289878C2-LeaderElection97] INFO  impl.RoleInfo (RoleInfo.java:updateAndGet(148)) - e114cbd1-8f45-4cc5-a8b1-e2bd6cad48a0: start e114cbd1-8f45-4cc5-a8b1-e2bd6cad48a0@group-23D9289878C2-FollowerState
2025-09-13 17:32:15,155 [e114cbd1-8f45-4cc5-a8b1-e2bd6cad48a0@group-853F78DB4750-FollowerState] INFO  impl.FollowerState (FollowerState.java:runImpl(161)) - e114cbd1-8f45-4cc5-a8b1-e2bd6cad48a0@group-853F78DB4750-FollowerState: change to CANDIDATE, lastRpcElapsedTime:1143256748ns, electionTimeout:1143ms
2025-09-13 17:32:15,155 [e114cbd1-8f45-4cc5-a8b1-e2bd6cad48a0@group-853F78DB4750-FollowerState] INFO  impl.RoleInfo (RoleInfo.java:shutdownFollowerState(121)) - e114cbd1-8f45-4cc5-a8b1-e2bd6cad48a0: shutdown e114cbd1-8f45-4cc5-a8b1-e2bd6cad48a0@group-853F78DB4750-FollowerState
2025-09-13 17:32:15,155 [e114cbd1-8f45-4cc5-a8b1-e2bd6cad48a0@group-853F78DB4750-FollowerState] INFO  server.RaftServer$Division (RaftServerImpl.java:setRole(392)) - e114cbd1-8f45-4cc5-a8b1-e2bd6cad48a0@group-853F78DB4750: changes role from  FOLLOWER to CANDIDATE at term 1 for changeToCandidate
2025-09-13 17:32:15,155 [e114cbd1-8f45-4cc5-a8b1-e2bd6cad48a0@group-853F78DB4750-FollowerState] INFO  impl.RoleInfo (RoleInfo.java:updateAndGet(148)) - e114cbd1-8f45-4cc5-a8b1-e2bd6cad48a0: start e114cbd1-8f45-4cc5-a8b1-e2bd6cad48a0@group-853F78DB4750-LeaderElection98
2025-09-13 17:32:15,156 [e114cbd1-8f45-4cc5-a8b1-e2bd6cad48a0@group-853F78DB4750-LeaderElection98] INFO  impl.LeaderElection (LeaderElection.java:askForVotes(448)) - e114cbd1-8f45-4cc5-a8b1-e2bd6cad48a0@group-853F78DB4750-LeaderElection98 PRE_VOTE round 0: submit vote requests at term 1 for conf: {index: 0, cur=peers:[d3aade32-661d-499d-9068-ea1550ed8656|127.0.0.1:15055, beda0dcb-37da-4cca-bea2-e222cb1bc351|127.0.0.1:15039, e114cbd1-8f45-4cc5-a8b1-e2bd6cad48a0|127.0.0.1:15047]|listeners:[], old=null}
2025-09-13 17:32:15,156 [e114cbd1-8f45-4cc5-a8b1-e2bd6cad48a0@group-853F78DB4750-LeaderElection98] INFO  impl.LeaderElection (LogUtils.java:infoOrTrace(142)) - e114cbd1-8f45-4cc5-a8b1-e2bd6cad48a0@group-853F78DB4750-LeaderElection98 got exception when requesting votes: java.util.concurrent.ExecutionException: org.apache.ratis.thirdparty.io.grpc.StatusRuntimeException: UNAVAILABLE: io exception
2025-09-13 17:32:15,156 [e114cbd1-8f45-4cc5-a8b1-e2bd6cad48a0@group-853F78DB4750-LeaderElection98] INFO  impl.LeaderElection (LogUtils.java:infoOrTrace(142)) - e114cbd1-8f45-4cc5-a8b1-e2bd6cad48a0@group-853F78DB4750-LeaderElection98 got exception when requesting votes: java.util.concurrent.ExecutionException: org.apache.ratis.thirdparty.io.grpc.StatusRuntimeException: UNAVAILABLE: io exception
2025-09-13 17:32:15,156 [e114cbd1-8f45-4cc5-a8b1-e2bd6cad48a0@group-853F78DB4750-LeaderElection98] INFO  impl.LeaderElection (LeaderElection.java:logAndReturn(206)) - e114cbd1-8f45-4cc5-a8b1-e2bd6cad48a0@group-853F78DB4750-LeaderElection98: PRE_VOTE REJECTED received 0 response(s) and 2 exception(s):
2025-09-13 17:32:15,156 [e114cbd1-8f45-4cc5-a8b1-e2bd6cad48a0@group-853F78DB4750-LeaderElection98] INFO  impl.LeaderElection (LogUtils.java:infoOrTrace(142)) -   Exception 0: java.util.concurrent.ExecutionException: org.apache.ratis.thirdparty.io.grpc.StatusRuntimeException: UNAVAILABLE: io exception
2025-09-13 17:32:15,156 [e114cbd1-8f45-4cc5-a8b1-e2bd6cad48a0@group-853F78DB4750-LeaderElection98] INFO  impl.LeaderElection (LogUtils.java:infoOrTrace(142)) -   Exception 1: java.util.concurrent.ExecutionException: org.apache.ratis.thirdparty.io.grpc.StatusRuntimeException: UNAVAILABLE: io exception
2025-09-13 17:32:15,156 [e114cbd1-8f45-4cc5-a8b1-e2bd6cad48a0@group-853F78DB4750-LeaderElection98] INFO  impl.LeaderElection (LeaderElection.java:askForVotes(450)) - e114cbd1-8f45-4cc5-a8b1-e2bd6cad48a0@group-853F78DB4750-LeaderElection98 PRE_VOTE round 0: result REJECTED
2025-09-13 17:32:15,156 [e114cbd1-8f45-4cc5-a8b1-e2bd6cad48a0@group-853F78DB4750-LeaderElection98] INFO  server.RaftServer$Division (RaftServerImpl.java:setRole(392)) - e114cbd1-8f45-4cc5-a8b1-e2bd6cad48a0@group-853F78DB4750: changes role from CANDIDATE to FOLLOWER at term 1 for REJECTED
2025-09-13 17:32:15,156 [e114cbd1-8f45-4cc5-a8b1-e2bd6cad48a0@group-853F78DB4750-LeaderElection98] INFO  impl.RoleInfo (RoleInfo.java:shutdownLeaderElection(141)) - e114cbd1-8f45-4cc5-a8b1-e2bd6cad48a0: shutdown e114cbd1-8f45-4cc5-a8b1-e2bd6cad48a0@group-853F78DB4750-LeaderElection98
2025-09-13 17:32:15,157 [e114cbd1-8f45-4cc5-a8b1-e2bd6cad48a0@group-853F78DB4750-LeaderElection98] INFO  impl.RoleInfo (RoleInfo.java:updateAndGet(148)) - e114cbd1-8f45-4cc5-a8b1-e2bd6cad48a0: start e114cbd1-8f45-4cc5-a8b1-e2bd6cad48a0@group-853F78DB4750-FollowerState
2025-09-13 17:32:15,383 [e114cbd1-8f45-4cc5-a8b1-e2bd6cad48a0@group-23D9289878C2-FollowerState] INFO  impl.FollowerState (FollowerState.java:runImpl(161)) - e114cbd1-8f45-4cc5-a8b1-e2bd6cad48a0@group-23D9289878C2-FollowerState: change to CANDIDATE, lastRpcElapsedTime:1000250905ns, electionTimeout:1000ms
2025-09-13 17:32:15,383 [e114cbd1-8f45-4cc5-a8b1-e2bd6cad48a0@group-23D9289878C2-FollowerState] INFO  impl.RoleInfo (RoleInfo.java:shutdownFollowerState(121)) - e114cbd1-8f45-4cc5-a8b1-e2bd6cad48a0: shutdown e114cbd1-8f45-4cc5-a8b1-e2bd6cad48a0@group-23D9289878C2-FollowerState
2025-09-13 17:32:15,383 [e114cbd1-8f45-4cc5-a8b1-e2bd6cad48a0@group-23D9289878C2-FollowerState] INFO  server.RaftServer$Division (RaftServerImpl.java:setRole(392)) - e114cbd1-8f45-4cc5-a8b1-e2bd6cad48a0@group-23D9289878C2: changes role from  FOLLOWER to CANDIDATE at term 1 for changeToCandidate
2025-09-13 17:32:15,383 [e114cbd1-8f45-4cc5-a8b1-e2bd6cad48a0@group-23D9289878C2-FollowerState] INFO  impl.RoleInfo (RoleInfo.java:updateAndGet(148)) - e114cbd1-8f45-4cc5-a8b1-e2bd6cad48a0: start e114cbd1-8f45-4cc5-a8b1-e2bd6cad48a0@group-23D9289878C2-LeaderElection99
2025-09-13 17:32:15,383 [e114cbd1-8f45-4cc5-a8b1-e2bd6cad48a0@group-23D9289878C2-LeaderElection99] INFO  impl.LeaderElection (LeaderElection.java:askForVotes(448)) - e114cbd1-8f45-4cc5-a8b1-e2bd6cad48a0@group-23D9289878C2-LeaderElection99 PRE_VOTE round 0: submit vote requests at term 1 for conf: {index: 0, cur=peers:[d3aade32-661d-499d-9068-ea1550ed8656|127.0.0.1:15055, beda0dcb-37da-4cca-bea2-e222cb1bc351|127.0.0.1:15039, e114cbd1-8f45-4cc5-a8b1-e2bd6cad48a0|127.0.0.1:15047]|listeners:[], old=null}
2025-09-13 17:32:15,384 [e114cbd1-8f45-4cc5-a8b1-e2bd6cad48a0@group-23D9289878C2-LeaderElection99] INFO  impl.LeaderElection (LogUtils.java:infoOrTrace(142)) - e114cbd1-8f45-4cc5-a8b1-e2bd6cad48a0@group-23D9289878C2-LeaderElection99 got exception when requesting votes: java.util.concurrent.ExecutionException: org.apache.ratis.thirdparty.io.grpc.StatusRuntimeException: UNAVAILABLE: io exception
2025-09-13 17:32:15,384 [e114cbd1-8f45-4cc5-a8b1-e2bd6cad48a0@group-23D9289878C2-LeaderElection99] INFO  impl.LeaderElection (LogUtils.java:infoOrTrace(142)) - e114cbd1-8f45-4cc5-a8b1-e2bd6cad48a0@group-23D9289878C2-LeaderElection99 got exception when requesting votes: java.util.concurrent.ExecutionException: org.apache.ratis.thirdparty.io.grpc.StatusRuntimeException: UNAVAILABLE: io exception
2025-09-13 17:32:15,384 [e114cbd1-8f45-4cc5-a8b1-e2bd6cad48a0@group-23D9289878C2-LeaderElection99] INFO  impl.LeaderElection (LeaderElection.java:logAndReturn(206)) - e114cbd1-8f45-4cc5-a8b1-e2bd6cad48a0@group-23D9289878C2-LeaderElection99: PRE_VOTE REJECTED received 0 response(s) and 2 exception(s):
2025-09-13 17:32:15,384 [e114cbd1-8f45-4cc5-a8b1-e2bd6cad48a0@group-23D9289878C2-LeaderElection99] INFO  impl.LeaderElection (LogUtils.java:infoOrTrace(142)) -   Exception 0: java.util.concurrent.ExecutionException: org.apache.ratis.thirdparty.io.grpc.StatusRuntimeException: UNAVAILABLE: io exception
2025-09-13 17:32:15,384 [e114cbd1-8f45-4cc5-a8b1-e2bd6cad48a0@group-23D9289878C2-LeaderElection99] INFO  impl.LeaderElection (LogUtils.java:infoOrTrace(142)) -   Exception 1: java.util.concurrent.ExecutionException: org.apache.ratis.thirdparty.io.grpc.StatusRuntimeException: UNAVAILABLE: io exception
2025-09-13 17:32:15,384 [e114cbd1-8f45-4cc5-a8b1-e2bd6cad48a0@group-23D9289878C2-LeaderElection99] INFO  impl.LeaderElection (LeaderElection.java:askForVotes(450)) - e114cbd1-8f45-4cc5-a8b1-e2bd6cad48a0@group-23D9289878C2-LeaderElection99 PRE_VOTE round 0: result REJECTED
2025-09-13 17:32:15,384 [e114cbd1-8f45-4cc5-a8b1-e2bd6cad48a0@group-23D9289878C2-LeaderElection99] INFO  server.RaftServer$Division (RaftServerImpl.java:setRole(392)) - e114cbd1-8f45-4cc5-a8b1-e2bd6cad48a0@group-23D9289878C2: changes role from CANDIDATE to FOLLOWER at term 1 for REJECTED
2025-09-13 17:32:15,384 [e114cbd1-8f45-4cc5-a8b1-e2bd6cad48a0@group-23D9289878C2-LeaderElection99] INFO  impl.RoleInfo (RoleInfo.java:shutdownLeaderElection(141)) - e114cbd1-8f45-4cc5-a8b1-e2bd6cad48a0: shutdown e114cbd1-8f45-4cc5-a8b1-e2bd6cad48a0@group-23D9289878C2-LeaderElection99
2025-09-13 17:32:15,384 [e114cbd1-8f45-4cc5-a8b1-e2bd6cad48a0@group-23D9289878C2-LeaderElection99] INFO  impl.RoleInfo (RoleInfo.java:updateAndGet(148)) - e114cbd1-8f45-4cc5-a8b1-e2bd6cad48a0: start e114cbd1-8f45-4cc5-a8b1-e2bd6cad48a0@group-23D9289878C2-FollowerState
2025-09-13 17:32:16,273 [e114cbd1-8f45-4cc5-a8b1-e2bd6cad48a0@group-853F78DB4750-FollowerState] INFO  impl.FollowerState (FollowerState.java:runImpl(161)) - e114cbd1-8f45-4cc5-a8b1-e2bd6cad48a0@group-853F78DB4750-FollowerState: change to CANDIDATE, lastRpcElapsedTime:1116409595ns, electionTimeout:1116ms
2025-09-13 17:32:16,273 [e114cbd1-8f45-4cc5-a8b1-e2bd6cad48a0@group-853F78DB4750-FollowerState] INFO  impl.RoleInfo (RoleInfo.java:shutdownFollowerState(121)) - e114cbd1-8f45-4cc5-a8b1-e2bd6cad48a0: shutdown e114cbd1-8f45-4cc5-a8b1-e2bd6cad48a0@group-853F78DB4750-FollowerState
2025-09-13 17:32:16,273 [e114cbd1-8f45-4cc5-a8b1-e2bd6cad48a0@group-853F78DB4750-FollowerState] INFO  server.RaftServer$Division (RaftServerImpl.java:setRole(392)) - e114cbd1-8f45-4cc5-a8b1-e2bd6cad48a0@group-853F78DB4750: changes role from  FOLLOWER to CANDIDATE at term 1 for changeToCandidate
2025-09-13 17:32:16,273 [e114cbd1-8f45-4cc5-a8b1-e2bd6cad48a0@group-853F78DB4750-FollowerState] INFO  impl.RoleInfo (RoleInfo.java:updateAndGet(148)) - e114cbd1-8f45-4cc5-a8b1-e2bd6cad48a0: start e114cbd1-8f45-4cc5-a8b1-e2bd6cad48a0@group-853F78DB4750-LeaderElection100
2025-09-13 17:32:16,274 [e114cbd1-8f45-4cc5-a8b1-e2bd6cad48a0@group-853F78DB4750-LeaderElection100] INFO  impl.LeaderElection (LeaderElection.java:askForVotes(448)) - e114cbd1-8f45-4cc5-a8b1-e2bd6cad48a0@group-853F78DB4750-LeaderElection100 PRE_VOTE round 0: submit vote requests at term 1 for conf: {index: 0, cur=peers:[d3aade32-661d-499d-9068-ea1550ed8656|127.0.0.1:15055, beda0dcb-37da-4cca-bea2-e222cb1bc351|127.0.0.1:15039, e114cbd1-8f45-4cc5-a8b1-e2bd6cad48a0|127.0.0.1:15047]|listeners:[], old=null}
2025-09-13 17:32:16,274 [e114cbd1-8f45-4cc5-a8b1-e2bd6cad48a0@group-853F78DB4750-LeaderElection100] INFO  impl.LeaderElection (LogUtils.java:infoOrTrace(142)) - e114cbd1-8f45-4cc5-a8b1-e2bd6cad48a0@group-853F78DB4750-LeaderElection100 got exception when requesting votes: java.util.concurrent.ExecutionException: org.apache.ratis.thirdparty.io.grpc.StatusRuntimeException: UNAVAILABLE: io exception
2025-09-13 17:32:16,274 [e114cbd1-8f45-4cc5-a8b1-e2bd6cad48a0@group-853F78DB4750-LeaderElection100] INFO  impl.LeaderElection (LogUtils.java:infoOrTrace(142)) - e114cbd1-8f45-4cc5-a8b1-e2bd6cad48a0@group-853F78DB4750-LeaderElection100 got exception when requesting votes: java.util.concurrent.ExecutionException: org.apache.ratis.thirdparty.io.grpc.StatusRuntimeException: UNAVAILABLE: io exception
2025-09-13 17:32:16,274 [e114cbd1-8f45-4cc5-a8b1-e2bd6cad48a0@group-853F78DB4750-LeaderElection100] INFO  impl.LeaderElection (LeaderElection.java:logAndReturn(206)) - e114cbd1-8f45-4cc5-a8b1-e2bd6cad48a0@group-853F78DB4750-LeaderElection100: PRE_VOTE REJECTED received 0 response(s) and 2 exception(s):
2025-09-13 17:32:16,274 [e114cbd1-8f45-4cc5-a8b1-e2bd6cad48a0@group-853F78DB4750-LeaderElection100] INFO  impl.LeaderElection (LogUtils.java:infoOrTrace(142)) -   Exception 0: java.util.concurrent.ExecutionException: org.apache.ratis.thirdparty.io.grpc.StatusRuntimeException: UNAVAILABLE: io exception
2025-09-13 17:32:16,274 [e114cbd1-8f45-4cc5-a8b1-e2bd6cad48a0@group-853F78DB4750-LeaderElection100] INFO  impl.LeaderElection (LogUtils.java:infoOrTrace(142)) -   Exception 1: java.util.concurrent.ExecutionException: org.apache.ratis.thirdparty.io.grpc.StatusRuntimeException: UNAVAILABLE: io exception
2025-09-13 17:32:16,275 [e114cbd1-8f45-4cc5-a8b1-e2bd6cad48a0@group-853F78DB4750-LeaderElection100] INFO  impl.LeaderElection (LeaderElection.java:askForVotes(450)) - e114cbd1-8f45-4cc5-a8b1-e2bd6cad48a0@group-853F78DB4750-LeaderElection100 PRE_VOTE round 0: result REJECTED
2025-09-13 17:32:16,275 [e114cbd1-8f45-4cc5-a8b1-e2bd6cad48a0@group-853F78DB4750-LeaderElection100] INFO  server.RaftServer$Division (RaftServerImpl.java:setRole(392)) - e114cbd1-8f45-4cc5-a8b1-e2bd6cad48a0@group-853F78DB4750: changes role from CANDIDATE to FOLLOWER at term 1 for REJECTED
2025-09-13 17:32:16,275 [e114cbd1-8f45-4cc5-a8b1-e2bd6cad48a0@group-853F78DB4750-LeaderElection100] INFO  impl.RoleInfo (RoleInfo.java:shutdownLeaderElection(141)) - e114cbd1-8f45-4cc5-a8b1-e2bd6cad48a0: shutdown e114cbd1-8f45-4cc5-a8b1-e2bd6cad48a0@group-853F78DB4750-LeaderElection100
2025-09-13 17:32:16,275 [e114cbd1-8f45-4cc5-a8b1-e2bd6cad48a0@group-853F78DB4750-LeaderElection100] INFO  impl.RoleInfo (RoleInfo.java:updateAndGet(148)) - e114cbd1-8f45-4cc5-a8b1-e2bd6cad48a0: start e114cbd1-8f45-4cc5-a8b1-e2bd6cad48a0@group-853F78DB4750-FollowerState
2025-09-13 17:32:16,331 [grpc-default-executor-1] ERROR impl.OrderedAsync (OrderedAsync.java:lambda$null$6(215)) -  client-5AF5730643BE: Failed* RaftClientRequest:client-5AF5730643BE->beda0dcb-37da-4cca-bea2-e222cb1bc351@group-853F78DB4750, cid=26, seq=1*, Watch(0), null
java.util.concurrent.CompletionException: java.io.IOException: org.apache.ratis.thirdparty.io.grpc.StatusRuntimeException: UNAVAILABLE: io exception
	at java.base/java.util.concurrent.CompletableFuture.encodeThrowable(CompletableFuture.java:332)
	at java.base/java.util.concurrent.CompletableFuture.completeThrowable(CompletableFuture.java:347)
	at java.base/java.util.concurrent.CompletableFuture$UniAccept.tryFire(CompletableFuture.java:708)
	at java.base/java.util.concurrent.CompletableFuture.postComplete(CompletableFuture.java:510)
	at java.base/java.util.concurrent.CompletableFuture.completeExceptionally(CompletableFuture.java:2194)
	at org.apache.ratis.grpc.client.GrpcClientProtocolClient$AsyncStreamObservers.completeReplyExceptionally(GrpcClientProtocolClient.java:397)
	at org.apache.ratis.grpc.client.GrpcClientProtocolClient$AsyncStreamObservers.access$000(GrpcClientProtocolClient.java:303)
	at org.apache.ratis.grpc.client.GrpcClientProtocolClient$AsyncStreamObservers$1.onError(GrpcClientProtocolClient.java:334)
	at org.apache.ratis.thirdparty.io.grpc.stub.ClientCalls$StreamObserverToCallListenerAdapter.onClose(ClientCalls.java:564)
	at org.apache.ratis.thirdparty.io.grpc.PartialForwardingClientCallListener.onClose(PartialForwardingClientCallListener.java:39)
	at org.apache.ratis.thirdparty.io.grpc.ForwardingClientCallListener.onClose(ForwardingClientCallListener.java:23)
	at org.apache.ratis.grpc.metrics.intercept.client.MetricClientCallListener.onClose(MetricClientCallListener.java:47)
	at org.apache.ratis.thirdparty.io.grpc.internal.ClientCallImpl.closeObserver(ClientCallImpl.java:565)
	at org.apache.ratis.thirdparty.io.grpc.internal.ClientCallImpl.access$100(ClientCallImpl.java:72)
	at org.apache.ratis.thirdparty.io.grpc.internal.ClientCallImpl$ClientStreamListenerImpl$1StreamClosed.runInternal(ClientCallImpl.java:733)
	at org.apache.ratis.thirdparty.io.grpc.internal.ClientCallImpl$ClientStreamListenerImpl$1StreamClosed.runInContext(ClientCallImpl.java:714)
	at org.apache.ratis.thirdparty.io.grpc.internal.ContextRunnable.run(ContextRunnable.java:37)
	at org.apache.ratis.thirdparty.io.grpc.internal.SerializingExecutor.run(SerializingExecutor.java:133)
	at java.base/java.util.concurrent.ThreadPoolExecutor.runWorker(ThreadPoolExecutor.java:1144)
	at java.base/java.util.concurrent.ThreadPoolExecutor$Worker.run(ThreadPoolExecutor.java:642)
	at java.base/java.lang.Thread.run(Thread.java:1583)
Caused by: java.io.IOException: org.apache.ratis.thirdparty.io.grpc.StatusRuntimeException: UNAVAILABLE: io exception
	at org.apache.ratis.grpc.GrpcUtil.unwrapException(GrpcUtil.java:99)
	at org.apache.ratis.grpc.GrpcUtil.unwrapIOException(GrpcUtil.java:159)
	at org.apache.ratis.grpc.client.GrpcClientProtocolClient$AsyncStreamObservers$1.onError(GrpcClientProtocolClient.java:333)
	... 13 more
Caused by: org.apache.ratis.thirdparty.io.grpc.StatusRuntimeException: UNAVAILABLE: io exception
	at org.apache.ratis.thirdparty.io.grpc.Status.asRuntimeException(Status.java:532)
	... 13 more
Caused by: org.apache.ratis.thirdparty.io.netty.channel.AbstractChannel$AnnotatedConnectException: finishConnect(..) failed: Connection refused: /127.0.0.1:15037
Caused by: java.net.ConnectException: finishConnect(..) failed: Connection refused
	at org.apache.ratis.thirdparty.io.netty.channel.unix.Errors.newConnectException0(Errors.java:166)
	at org.apache.ratis.thirdparty.io.netty.channel.unix.Errors.handleConnectErrno(Errors.java:131)
	at org.apache.ratis.thirdparty.io.netty.channel.unix.Socket.finishConnect(Socket.java:359)
	at org.apache.ratis.thirdparty.io.netty.channel.epoll.AbstractEpollChannel$AbstractEpollUnsafe.doFinishConnect(AbstractEpollChannel.java:715)
	at org.apache.ratis.thirdparty.io.netty.channel.epoll.AbstractEpollChannel$AbstractEpollUnsafe.finishConnect(AbstractEpollChannel.java:692)
	at org.apache.ratis.thirdparty.io.netty.channel.epoll.AbstractEpollChannel$AbstractEpollUnsafe.epollOutReady(AbstractEpollChannel.java:567)
	at org.apache.ratis.thirdparty.io.netty.channel.epoll.EpollEventLoop.processReady(EpollEventLoop.java:491)
	at org.apache.ratis.thirdparty.io.netty.channel.epoll.EpollEventLoop.run(EpollEventLoop.java:399)
	at org.apache.ratis.thirdparty.io.netty.util.concurrent.SingleThreadEventExecutor$4.run(SingleThreadEventExecutor.java:998)
	at org.apache.ratis.thirdparty.io.netty.util.internal.ThreadExecutorMap$2.run(ThreadExecutorMap.java:74)
	at org.apache.ratis.thirdparty.io.netty.util.concurrent.FastThreadLocalRunnable.run(FastThreadLocalRunnable.java:30)
	at java.base/java.lang.Thread.run(Thread.java:1583)
2025-09-13 17:32:16,498 [e114cbd1-8f45-4cc5-a8b1-e2bd6cad48a0@group-23D9289878C2-FollowerState] INFO  impl.FollowerState (FollowerState.java:runImpl(161)) - e114cbd1-8f45-4cc5-a8b1-e2bd6cad48a0@group-23D9289878C2-FollowerState: change to CANDIDATE, lastRpcElapsedTime:1114352293ns, electionTimeout:1114ms
2025-09-13 17:32:16,498 [e114cbd1-8f45-4cc5-a8b1-e2bd6cad48a0@group-23D9289878C2-FollowerState] INFO  impl.RoleInfo (RoleInfo.java:shutdownFollowerState(121)) - e114cbd1-8f45-4cc5-a8b1-e2bd6cad48a0: shutdown e114cbd1-8f45-4cc5-a8b1-e2bd6cad48a0@group-23D9289878C2-FollowerState
2025-09-13 17:32:16,498 [e114cbd1-8f45-4cc5-a8b1-e2bd6cad48a0@group-23D9289878C2-FollowerState] INFO  server.RaftServer$Division (RaftServerImpl.java:setRole(392)) - e114cbd1-8f45-4cc5-a8b1-e2bd6cad48a0@group-23D9289878C2: changes role from  FOLLOWER to CANDIDATE at term 1 for changeToCandidate
2025-09-13 17:32:16,499 [e114cbd1-8f45-4cc5-a8b1-e2bd6cad48a0@group-23D9289878C2-FollowerState] INFO  impl.RoleInfo (RoleInfo.java:updateAndGet(148)) - e114cbd1-8f45-4cc5-a8b1-e2bd6cad48a0: start e114cbd1-8f45-4cc5-a8b1-e2bd6cad48a0@group-23D9289878C2-LeaderElection101
2025-09-13 17:32:16,499 [e114cbd1-8f45-4cc5-a8b1-e2bd6cad48a0@group-23D9289878C2-LeaderElection101] INFO  impl.LeaderElection (LeaderElection.java:askForVotes(448)) - e114cbd1-8f45-4cc5-a8b1-e2bd6cad48a0@group-23D9289878C2-LeaderElection101 PRE_VOTE round 0: submit vote requests at term 1 for conf: {index: 0, cur=peers:[d3aade32-661d-499d-9068-ea1550ed8656|127.0.0.1:15055, beda0dcb-37da-4cca-bea2-e222cb1bc351|127.0.0.1:15039, e114cbd1-8f45-4cc5-a8b1-e2bd6cad48a0|127.0.0.1:15047]|listeners:[], old=null}
2025-09-13 17:32:16,500 [e114cbd1-8f45-4cc5-a8b1-e2bd6cad48a0@group-23D9289878C2-LeaderElection101] INFO  impl.LeaderElection (LogUtils.java:infoOrTrace(142)) - e114cbd1-8f45-4cc5-a8b1-e2bd6cad48a0@group-23D9289878C2-LeaderElection101 got exception when requesting votes: java.util.concurrent.ExecutionException: org.apache.ratis.thirdparty.io.grpc.StatusRuntimeException: UNAVAILABLE: io exception
2025-09-13 17:32:16,500 [e114cbd1-8f45-4cc5-a8b1-e2bd6cad48a0@group-23D9289878C2-LeaderElection101] INFO  impl.LeaderElection (LogUtils.java:infoOrTrace(142)) - e114cbd1-8f45-4cc5-a8b1-e2bd6cad48a0@group-23D9289878C2-LeaderElection101 got exception when requesting votes: java.util.concurrent.ExecutionException: org.apache.ratis.thirdparty.io.grpc.StatusRuntimeException: UNAVAILABLE: io exception
2025-09-13 17:32:16,500 [e114cbd1-8f45-4cc5-a8b1-e2bd6cad48a0@group-23D9289878C2-LeaderElection101] INFO  impl.LeaderElection (LeaderElection.java:logAndReturn(206)) - e114cbd1-8f45-4cc5-a8b1-e2bd6cad48a0@group-23D9289878C2-LeaderElection101: PRE_VOTE REJECTED received 0 response(s) and 2 exception(s):
2025-09-13 17:32:16,500 [e114cbd1-8f45-4cc5-a8b1-e2bd6cad48a0@group-23D9289878C2-LeaderElection101] INFO  impl.LeaderElection (LogUtils.java:infoOrTrace(142)) -   Exception 0: java.util.concurrent.ExecutionException: org.apache.ratis.thirdparty.io.grpc.StatusRuntimeException: UNAVAILABLE: io exception
2025-09-13 17:32:16,500 [e114cbd1-8f45-4cc5-a8b1-e2bd6cad48a0@group-23D9289878C2-LeaderElection101] INFO  impl.LeaderElection (LogUtils.java:infoOrTrace(142)) -   Exception 1: java.util.concurrent.ExecutionException: org.apache.ratis.thirdparty.io.grpc.StatusRuntimeException: UNAVAILABLE: io exception
2025-09-13 17:32:16,500 [e114cbd1-8f45-4cc5-a8b1-e2bd6cad48a0@group-23D9289878C2-LeaderElection101] INFO  impl.LeaderElection (LeaderElection.java:askForVotes(450)) - e114cbd1-8f45-4cc5-a8b1-e2bd6cad48a0@group-23D9289878C2-LeaderElection101 PRE_VOTE round 0: result REJECTED
2025-09-13 17:32:16,500 [e114cbd1-8f45-4cc5-a8b1-e2bd6cad48a0@group-23D9289878C2-LeaderElection101] INFO  server.RaftServer$Division (RaftServerImpl.java:setRole(392)) - e114cbd1-8f45-4cc5-a8b1-e2bd6cad48a0@group-23D9289878C2: changes role from CANDIDATE to FOLLOWER at term 1 for REJECTED
2025-09-13 17:32:16,500 [e114cbd1-8f45-4cc5-a8b1-e2bd6cad48a0@group-23D9289878C2-LeaderElection101] INFO  impl.RoleInfo (RoleInfo.java:shutdownLeaderElection(141)) - e114cbd1-8f45-4cc5-a8b1-e2bd6cad48a0: shutdown e114cbd1-8f45-4cc5-a8b1-e2bd6cad48a0@group-23D9289878C2-LeaderElection101
2025-09-13 17:32:16,500 [e114cbd1-8f45-4cc5-a8b1-e2bd6cad48a0@group-23D9289878C2-LeaderElection101] INFO  impl.RoleInfo (RoleInfo.java:updateAndGet(148)) - e114cbd1-8f45-4cc5-a8b1-e2bd6cad48a0: start e114cbd1-8f45-4cc5-a8b1-e2bd6cad48a0@group-23D9289878C2-FollowerState
2025-09-13 17:32:17,365 [e114cbd1-8f45-4cc5-a8b1-e2bd6cad48a0@group-853F78DB4750-FollowerState] INFO  impl.FollowerState (FollowerState.java:runImpl(161)) - e114cbd1-8f45-4cc5-a8b1-e2bd6cad48a0@group-853F78DB4750-FollowerState: change to CANDIDATE, lastRpcElapsedTime:1090262184ns, electionTimeout:1090ms
2025-09-13 17:32:17,365 [e114cbd1-8f45-4cc5-a8b1-e2bd6cad48a0@group-853F78DB4750-FollowerState] INFO  impl.RoleInfo (RoleInfo.java:shutdownFollowerState(121)) - e114cbd1-8f45-4cc5-a8b1-e2bd6cad48a0: shutdown e114cbd1-8f45-4cc5-a8b1-e2bd6cad48a0@group-853F78DB4750-FollowerState
2025-09-13 17:32:17,365 [e114cbd1-8f45-4cc5-a8b1-e2bd6cad48a0@group-853F78DB4750-FollowerState] INFO  server.RaftServer$Division (RaftServerImpl.java:setRole(392)) - e114cbd1-8f45-4cc5-a8b1-e2bd6cad48a0@group-853F78DB4750: changes role from  FOLLOWER to CANDIDATE at term 1 for changeToCandidate
2025-09-13 17:32:17,365 [e114cbd1-8f45-4cc5-a8b1-e2bd6cad48a0@group-853F78DB4750-FollowerState] INFO  impl.RoleInfo (RoleInfo.java:updateAndGet(148)) - e114cbd1-8f45-4cc5-a8b1-e2bd6cad48a0: start e114cbd1-8f45-4cc5-a8b1-e2bd6cad48a0@group-853F78DB4750-LeaderElection102
2025-09-13 17:32:17,366 [e114cbd1-8f45-4cc5-a8b1-e2bd6cad48a0@group-853F78DB4750-LeaderElection102] INFO  impl.LeaderElection (LeaderElection.java:askForVotes(448)) - e114cbd1-8f45-4cc5-a8b1-e2bd6cad48a0@group-853F78DB4750-LeaderElection102 PRE_VOTE round 0: submit vote requests at term 1 for conf: {index: 0, cur=peers:[d3aade32-661d-499d-9068-ea1550ed8656|127.0.0.1:15055, beda0dcb-37da-4cca-bea2-e222cb1bc351|127.0.0.1:15039, e114cbd1-8f45-4cc5-a8b1-e2bd6cad48a0|127.0.0.1:15047]|listeners:[], old=null}
2025-09-13 17:32:17,366 [e114cbd1-8f45-4cc5-a8b1-e2bd6cad48a0@group-853F78DB4750-LeaderElection102] INFO  impl.LeaderElection (LogUtils.java:infoOrTrace(142)) - e114cbd1-8f45-4cc5-a8b1-e2bd6cad48a0@group-853F78DB4750-LeaderElection102 got exception when requesting votes: java.util.concurrent.ExecutionException: org.apache.ratis.thirdparty.io.grpc.StatusRuntimeException: UNAVAILABLE: io exception
2025-09-13 17:32:17,366 [e114cbd1-8f45-4cc5-a8b1-e2bd6cad48a0@group-853F78DB4750-LeaderElection102] INFO  impl.LeaderElection (LogUtils.java:infoOrTrace(142)) - e114cbd1-8f45-4cc5-a8b1-e2bd6cad48a0@group-853F78DB4750-LeaderElection102 got exception when requesting votes: java.util.concurrent.ExecutionException: org.apache.ratis.thirdparty.io.grpc.StatusRuntimeException: UNAVAILABLE: io exception
2025-09-13 17:32:17,366 [e114cbd1-8f45-4cc5-a8b1-e2bd6cad48a0@group-853F78DB4750-LeaderElection102] INFO  impl.LeaderElection (LeaderElection.java:logAndReturn(206)) - e114cbd1-8f45-4cc5-a8b1-e2bd6cad48a0@group-853F78DB4750-LeaderElection102: PRE_VOTE REJECTED received 0 response(s) and 2 exception(s):
2025-09-13 17:32:17,367 [e114cbd1-8f45-4cc5-a8b1-e2bd6cad48a0@group-853F78DB4750-LeaderElection102] INFO  impl.LeaderElection (LogUtils.java:infoOrTrace(142)) -   Exception 0: java.util.concurrent.ExecutionException: org.apache.ratis.thirdparty.io.grpc.StatusRuntimeException: UNAVAILABLE: io exception
2025-09-13 17:32:17,367 [e114cbd1-8f45-4cc5-a8b1-e2bd6cad48a0@group-853F78DB4750-LeaderElection102] INFO  impl.LeaderElection (LogUtils.java:infoOrTrace(142)) -   Exception 1: java.util.concurrent.ExecutionException: org.apache.ratis.thirdparty.io.grpc.StatusRuntimeException: UNAVAILABLE: io exception
2025-09-13 17:32:17,367 [e114cbd1-8f45-4cc5-a8b1-e2bd6cad48a0@group-853F78DB4750-LeaderElection102] INFO  impl.LeaderElection (LeaderElection.java:askForVotes(450)) - e114cbd1-8f45-4cc5-a8b1-e2bd6cad48a0@group-853F78DB4750-LeaderElection102 PRE_VOTE round 0: result REJECTED
2025-09-13 17:32:17,367 [e114cbd1-8f45-4cc5-a8b1-e2bd6cad48a0@group-853F78DB4750-LeaderElection102] INFO  server.RaftServer$Division (RaftServerImpl.java:setRole(392)) - e114cbd1-8f45-4cc5-a8b1-e2bd6cad48a0@group-853F78DB4750: changes role from CANDIDATE to FOLLOWER at term 1 for REJECTED
2025-09-13 17:32:17,367 [e114cbd1-8f45-4cc5-a8b1-e2bd6cad48a0@group-853F78DB4750-LeaderElection102] INFO  impl.RoleInfo (RoleInfo.java:shutdownLeaderElection(141)) - e114cbd1-8f45-4cc5-a8b1-e2bd6cad48a0: shutdown e114cbd1-8f45-4cc5-a8b1-e2bd6cad48a0@group-853F78DB4750-LeaderElection102
2025-09-13 17:32:17,367 [e114cbd1-8f45-4cc5-a8b1-e2bd6cad48a0@group-853F78DB4750-LeaderElection102] INFO  impl.RoleInfo (RoleInfo.java:updateAndGet(148)) - e114cbd1-8f45-4cc5-a8b1-e2bd6cad48a0: start e114cbd1-8f45-4cc5-a8b1-e2bd6cad48a0@group-853F78DB4750-FollowerState
2025-09-13 17:32:17,597 [e114cbd1-8f45-4cc5-a8b1-e2bd6cad48a0@group-23D9289878C2-FollowerState] INFO  impl.FollowerState (FollowerState.java:runImpl(161)) - e114cbd1-8f45-4cc5-a8b1-e2bd6cad48a0@group-23D9289878C2-FollowerState: change to CANDIDATE, lastRpcElapsedTime:1097358063ns, electionTimeout:1097ms
2025-09-13 17:32:17,598 [e114cbd1-8f45-4cc5-a8b1-e2bd6cad48a0@group-23D9289878C2-FollowerState] INFO  impl.RoleInfo (RoleInfo.java:shutdownFollowerState(121)) - e114cbd1-8f45-4cc5-a8b1-e2bd6cad48a0: shutdown e114cbd1-8f45-4cc5-a8b1-e2bd6cad48a0@group-23D9289878C2-FollowerState
2025-09-13 17:32:17,598 [e114cbd1-8f45-4cc5-a8b1-e2bd6cad48a0@group-23D9289878C2-FollowerState] INFO  server.RaftServer$Division (RaftServerImpl.java:setRole(392)) - e114cbd1-8f45-4cc5-a8b1-e2bd6cad48a0@group-23D9289878C2: changes role from  FOLLOWER to CANDIDATE at term 1 for changeToCandidate
2025-09-13 17:32:17,598 [e114cbd1-8f45-4cc5-a8b1-e2bd6cad48a0@group-23D9289878C2-FollowerState] INFO  impl.RoleInfo (RoleInfo.java:updateAndGet(148)) - e114cbd1-8f45-4cc5-a8b1-e2bd6cad48a0: start e114cbd1-8f45-4cc5-a8b1-e2bd6cad48a0@group-23D9289878C2-LeaderElection103
2025-09-13 17:32:17,598 [e114cbd1-8f45-4cc5-a8b1-e2bd6cad48a0@group-23D9289878C2-LeaderElection103] INFO  impl.LeaderElection (LeaderElection.java:askForVotes(448)) - e114cbd1-8f45-4cc5-a8b1-e2bd6cad48a0@group-23D9289878C2-LeaderElection103 PRE_VOTE round 0: submit vote requests at term 1 for conf: {index: 0, cur=peers:[d3aade32-661d-499d-9068-ea1550ed8656|127.0.0.1:15055, beda0dcb-37da-4cca-bea2-e222cb1bc351|127.0.0.1:15039, e114cbd1-8f45-4cc5-a8b1-e2bd6cad48a0|127.0.0.1:15047]|listeners:[], old=null}
2025-09-13 17:32:17,599 [e114cbd1-8f45-4cc5-a8b1-e2bd6cad48a0@group-23D9289878C2-LeaderElection103] INFO  impl.LeaderElection (LogUtils.java:infoOrTrace(142)) - e114cbd1-8f45-4cc5-a8b1-e2bd6cad48a0@group-23D9289878C2-LeaderElection103 got exception when requesting votes: java.util.concurrent.ExecutionException: org.apache.ratis.thirdparty.io.grpc.StatusRuntimeException: UNAVAILABLE: io exception
2025-09-13 17:32:17,599 [e114cbd1-8f45-4cc5-a8b1-e2bd6cad48a0@group-23D9289878C2-LeaderElection103] INFO  impl.LeaderElection (LogUtils.java:infoOrTrace(142)) - e114cbd1-8f45-4cc5-a8b1-e2bd6cad48a0@group-23D9289878C2-LeaderElection103 got exception when requesting votes: java.util.concurrent.ExecutionException: org.apache.ratis.thirdparty.io.grpc.StatusRuntimeException: UNAVAILABLE: io exception
2025-09-13 17:32:17,599 [e114cbd1-8f45-4cc5-a8b1-e2bd6cad48a0@group-23D9289878C2-LeaderElection103] INFO  impl.LeaderElection (LeaderElection.java:logAndReturn(206)) - e114cbd1-8f45-4cc5-a8b1-e2bd6cad48a0@group-23D9289878C2-LeaderElection103: PRE_VOTE REJECTED received 0 response(s) and 2 exception(s):
2025-09-13 17:32:17,599 [e114cbd1-8f45-4cc5-a8b1-e2bd6cad48a0@group-23D9289878C2-LeaderElection103] INFO  impl.LeaderElection (LogUtils.java:infoOrTrace(142)) -   Exception 0: java.util.concurrent.ExecutionException: org.apache.ratis.thirdparty.io.grpc.StatusRuntimeException: UNAVAILABLE: io exception
2025-09-13 17:32:17,599 [e114cbd1-8f45-4cc5-a8b1-e2bd6cad48a0@group-23D9289878C2-LeaderElection103] INFO  impl.LeaderElection (LogUtils.java:infoOrTrace(142)) -   Exception 1: java.util.concurrent.ExecutionException: org.apache.ratis.thirdparty.io.grpc.StatusRuntimeException: UNAVAILABLE: io exception
2025-09-13 17:32:17,599 [e114cbd1-8f45-4cc5-a8b1-e2bd6cad48a0@group-23D9289878C2-LeaderElection103] INFO  impl.LeaderElection (LeaderElection.java:askForVotes(450)) - e114cbd1-8f45-4cc5-a8b1-e2bd6cad48a0@group-23D9289878C2-LeaderElection103 PRE_VOTE round 0: result REJECTED
2025-09-13 17:32:17,599 [e114cbd1-8f45-4cc5-a8b1-e2bd6cad48a0@group-23D9289878C2-LeaderElection103] INFO  server.RaftServer$Division (RaftServerImpl.java:setRole(392)) - e114cbd1-8f45-4cc5-a8b1-e2bd6cad48a0@group-23D9289878C2: changes role from CANDIDATE to FOLLOWER at term 1 for REJECTED
2025-09-13 17:32:17,599 [e114cbd1-8f45-4cc5-a8b1-e2bd6cad48a0@group-23D9289878C2-LeaderElection103] INFO  impl.RoleInfo (RoleInfo.java:shutdownLeaderElection(141)) - e114cbd1-8f45-4cc5-a8b1-e2bd6cad48a0: shutdown e114cbd1-8f45-4cc5-a8b1-e2bd6cad48a0@group-23D9289878C2-LeaderElection103
2025-09-13 17:32:17,599 [e114cbd1-8f45-4cc5-a8b1-e2bd6cad48a0@group-23D9289878C2-LeaderElection103] INFO  impl.RoleInfo (RoleInfo.java:updateAndGet(148)) - e114cbd1-8f45-4cc5-a8b1-e2bd6cad48a0: start e114cbd1-8f45-4cc5-a8b1-e2bd6cad48a0@group-23D9289878C2-FollowerState
2025-09-13 17:32:18,562 [e114cbd1-8f45-4cc5-a8b1-e2bd6cad48a0@group-853F78DB4750-FollowerState] INFO  impl.FollowerState (FollowerState.java:runImpl(161)) - e114cbd1-8f45-4cc5-a8b1-e2bd6cad48a0@group-853F78DB4750-FollowerState: change to CANDIDATE, lastRpcElapsedTime:1195270466ns, electionTimeout:1195ms
2025-09-13 17:32:18,562 [e114cbd1-8f45-4cc5-a8b1-e2bd6cad48a0@group-853F78DB4750-FollowerState] INFO  impl.RoleInfo (RoleInfo.java:shutdownFollowerState(121)) - e114cbd1-8f45-4cc5-a8b1-e2bd6cad48a0: shutdown e114cbd1-8f45-4cc5-a8b1-e2bd6cad48a0@group-853F78DB4750-FollowerState
2025-09-13 17:32:18,562 [e114cbd1-8f45-4cc5-a8b1-e2bd6cad48a0@group-853F78DB4750-FollowerState] INFO  server.RaftServer$Division (RaftServerImpl.java:setRole(392)) - e114cbd1-8f45-4cc5-a8b1-e2bd6cad48a0@group-853F78DB4750: changes role from  FOLLOWER to CANDIDATE at term 1 for changeToCandidate
2025-09-13 17:32:18,562 [e114cbd1-8f45-4cc5-a8b1-e2bd6cad48a0@group-853F78DB4750-FollowerState] INFO  impl.RoleInfo (RoleInfo.java:updateAndGet(148)) - e114cbd1-8f45-4cc5-a8b1-e2bd6cad48a0: start e114cbd1-8f45-4cc5-a8b1-e2bd6cad48a0@group-853F78DB4750-LeaderElection104
2025-09-13 17:32:18,563 [e114cbd1-8f45-4cc5-a8b1-e2bd6cad48a0@group-853F78DB4750-LeaderElection104] INFO  impl.LeaderElection (LeaderElection.java:askForVotes(448)) - e114cbd1-8f45-4cc5-a8b1-e2bd6cad48a0@group-853F78DB4750-LeaderElection104 PRE_VOTE round 0: submit vote requests at term 1 for conf: {index: 0, cur=peers:[d3aade32-661d-499d-9068-ea1550ed8656|127.0.0.1:15055, beda0dcb-37da-4cca-bea2-e222cb1bc351|127.0.0.1:15039, e114cbd1-8f45-4cc5-a8b1-e2bd6cad48a0|127.0.0.1:15047]|listeners:[], old=null}
2025-09-13 17:32:18,563 [e114cbd1-8f45-4cc5-a8b1-e2bd6cad48a0@group-853F78DB4750-LeaderElection104] INFO  impl.LeaderElection (LogUtils.java:infoOrTrace(142)) - e114cbd1-8f45-4cc5-a8b1-e2bd6cad48a0@group-853F78DB4750-LeaderElection104 got exception when requesting votes: java.util.concurrent.ExecutionException: org.apache.ratis.thirdparty.io.grpc.StatusRuntimeException: UNAVAILABLE: io exception
2025-09-13 17:32:18,563 [e114cbd1-8f45-4cc5-a8b1-e2bd6cad48a0@group-853F78DB4750-LeaderElection104] INFO  impl.LeaderElection (LogUtils.java:infoOrTrace(142)) - e114cbd1-8f45-4cc5-a8b1-e2bd6cad48a0@group-853F78DB4750-LeaderElection104 got exception when requesting votes: java.util.concurrent.ExecutionException: org.apache.ratis.thirdparty.io.grpc.StatusRuntimeException: UNAVAILABLE: io exception
2025-09-13 17:32:18,563 [e114cbd1-8f45-4cc5-a8b1-e2bd6cad48a0@group-853F78DB4750-LeaderElection104] INFO  impl.LeaderElection (LeaderElection.java:logAndReturn(206)) - e114cbd1-8f45-4cc5-a8b1-e2bd6cad48a0@group-853F78DB4750-LeaderElection104: PRE_VOTE REJECTED received 0 response(s) and 2 exception(s):
2025-09-13 17:32:18,564 [e114cbd1-8f45-4cc5-a8b1-e2bd6cad48a0@group-853F78DB4750-LeaderElection104] INFO  impl.LeaderElection (LogUtils.java:infoOrTrace(142)) -   Exception 0: java.util.concurrent.ExecutionException: org.apache.ratis.thirdparty.io.grpc.StatusRuntimeException: UNAVAILABLE: io exception
2025-09-13 17:32:18,564 [e114cbd1-8f45-4cc5-a8b1-e2bd6cad48a0@group-853F78DB4750-LeaderElection104] INFO  impl.LeaderElection (LogUtils.java:infoOrTrace(142)) -   Exception 1: java.util.concurrent.ExecutionException: org.apache.ratis.thirdparty.io.grpc.StatusRuntimeException: UNAVAILABLE: io exception
2025-09-13 17:32:18,564 [e114cbd1-8f45-4cc5-a8b1-e2bd6cad48a0@group-853F78DB4750-LeaderElection104] INFO  impl.LeaderElection (LeaderElection.java:askForVotes(450)) - e114cbd1-8f45-4cc5-a8b1-e2bd6cad48a0@group-853F78DB4750-LeaderElection104 PRE_VOTE round 0: result REJECTED
2025-09-13 17:32:18,564 [e114cbd1-8f45-4cc5-a8b1-e2bd6cad48a0@group-853F78DB4750-LeaderElection104] INFO  server.RaftServer$Division (RaftServerImpl.java:setRole(392)) - e114cbd1-8f45-4cc5-a8b1-e2bd6cad48a0@group-853F78DB4750: changes role from CANDIDATE to FOLLOWER at term 1 for REJECTED
2025-09-13 17:32:18,564 [e114cbd1-8f45-4cc5-a8b1-e2bd6cad48a0@group-853F78DB4750-LeaderElection104] INFO  impl.RoleInfo (RoleInfo.java:shutdownLeaderElection(141)) - e114cbd1-8f45-4cc5-a8b1-e2bd6cad48a0: shutdown e114cbd1-8f45-4cc5-a8b1-e2bd6cad48a0@group-853F78DB4750-LeaderElection104
2025-09-13 17:32:18,564 [e114cbd1-8f45-4cc5-a8b1-e2bd6cad48a0@group-853F78DB4750-LeaderElection104] INFO  impl.RoleInfo (RoleInfo.java:updateAndGet(148)) - e114cbd1-8f45-4cc5-a8b1-e2bd6cad48a0: start e114cbd1-8f45-4cc5-a8b1-e2bd6cad48a0@group-853F78DB4750-FollowerState
2025-09-13 17:32:18,686 [e114cbd1-8f45-4cc5-a8b1-e2bd6cad48a0@group-23D9289878C2-FollowerState] INFO  impl.FollowerState (FollowerState.java:runImpl(161)) - e114cbd1-8f45-4cc5-a8b1-e2bd6cad48a0@group-23D9289878C2-FollowerState: change to CANDIDATE, lastRpcElapsedTime:1087289524ns, electionTimeout:1087ms
2025-09-13 17:32:18,687 [e114cbd1-8f45-4cc5-a8b1-e2bd6cad48a0@group-23D9289878C2-FollowerState] INFO  impl.RoleInfo (RoleInfo.java:shutdownFollowerState(121)) - e114cbd1-8f45-4cc5-a8b1-e2bd6cad48a0: shutdown e114cbd1-8f45-4cc5-a8b1-e2bd6cad48a0@group-23D9289878C2-FollowerState
2025-09-13 17:32:18,687 [e114cbd1-8f45-4cc5-a8b1-e2bd6cad48a0@group-23D9289878C2-FollowerState] INFO  server.RaftServer$Division (RaftServerImpl.java:setRole(392)) - e114cbd1-8f45-4cc5-a8b1-e2bd6cad48a0@group-23D9289878C2: changes role from  FOLLOWER to CANDIDATE at term 1 for changeToCandidate
2025-09-13 17:32:18,687 [e114cbd1-8f45-4cc5-a8b1-e2bd6cad48a0@group-23D9289878C2-FollowerState] INFO  impl.RoleInfo (RoleInfo.java:updateAndGet(148)) - e114cbd1-8f45-4cc5-a8b1-e2bd6cad48a0: start e114cbd1-8f45-4cc5-a8b1-e2bd6cad48a0@group-23D9289878C2-LeaderElection105
2025-09-13 17:32:18,687 [e114cbd1-8f45-4cc5-a8b1-e2bd6cad48a0@group-23D9289878C2-LeaderElection105] INFO  impl.LeaderElection (LeaderElection.java:askForVotes(448)) - e114cbd1-8f45-4cc5-a8b1-e2bd6cad48a0@group-23D9289878C2-LeaderElection105 PRE_VOTE round 0: submit vote requests at term 1 for conf: {index: 0, cur=peers:[d3aade32-661d-499d-9068-ea1550ed8656|127.0.0.1:15055, beda0dcb-37da-4cca-bea2-e222cb1bc351|127.0.0.1:15039, e114cbd1-8f45-4cc5-a8b1-e2bd6cad48a0|127.0.0.1:15047]|listeners:[], old=null}
2025-09-13 17:32:18,687 [e114cbd1-8f45-4cc5-a8b1-e2bd6cad48a0@group-23D9289878C2-LeaderElection105] INFO  impl.LeaderElection (LogUtils.java:infoOrTrace(142)) - e114cbd1-8f45-4cc5-a8b1-e2bd6cad48a0@group-23D9289878C2-LeaderElection105 got exception when requesting votes: java.util.concurrent.ExecutionException: org.apache.ratis.thirdparty.io.grpc.StatusRuntimeException: UNAVAILABLE: io exception
2025-09-13 17:32:18,688 [e114cbd1-8f45-4cc5-a8b1-e2bd6cad48a0@group-23D9289878C2-LeaderElection105] INFO  impl.LeaderElection (LogUtils.java:infoOrTrace(142)) - e114cbd1-8f45-4cc5-a8b1-e2bd6cad48a0@group-23D9289878C2-LeaderElection105 got exception when requesting votes: java.util.concurrent.ExecutionException: org.apache.ratis.thirdparty.io.grpc.StatusRuntimeException: UNAVAILABLE: io exception
2025-09-13 17:32:18,688 [e114cbd1-8f45-4cc5-a8b1-e2bd6cad48a0@group-23D9289878C2-LeaderElection105] INFO  impl.LeaderElection (LeaderElection.java:logAndReturn(206)) - e114cbd1-8f45-4cc5-a8b1-e2bd6cad48a0@group-23D9289878C2-LeaderElection105: PRE_VOTE REJECTED received 0 response(s) and 2 exception(s):
2025-09-13 17:32:18,688 [e114cbd1-8f45-4cc5-a8b1-e2bd6cad48a0@group-23D9289878C2-LeaderElection105] INFO  impl.LeaderElection (LogUtils.java:infoOrTrace(142)) -   Exception 0: java.util.concurrent.ExecutionException: org.apache.ratis.thirdparty.io.grpc.StatusRuntimeException: UNAVAILABLE: io exception
2025-09-13 17:32:18,688 [e114cbd1-8f45-4cc5-a8b1-e2bd6cad48a0@group-23D9289878C2-LeaderElection105] INFO  impl.LeaderElection (LogUtils.java:infoOrTrace(142)) -   Exception 1: java.util.concurrent.ExecutionException: org.apache.ratis.thirdparty.io.grpc.StatusRuntimeException: UNAVAILABLE: io exception
2025-09-13 17:32:18,688 [e114cbd1-8f45-4cc5-a8b1-e2bd6cad48a0@group-23D9289878C2-LeaderElection105] INFO  impl.LeaderElection (LeaderElection.java:askForVotes(450)) - e114cbd1-8f45-4cc5-a8b1-e2bd6cad48a0@group-23D9289878C2-LeaderElection105 PRE_VOTE round 0: result REJECTED
2025-09-13 17:32:18,688 [e114cbd1-8f45-4cc5-a8b1-e2bd6cad48a0@group-23D9289878C2-LeaderElection105] INFO  server.RaftServer$Division (RaftServerImpl.java:setRole(392)) - e114cbd1-8f45-4cc5-a8b1-e2bd6cad48a0@group-23D9289878C2: changes role from CANDIDATE to FOLLOWER at term 1 for REJECTED
2025-09-13 17:32:18,688 [e114cbd1-8f45-4cc5-a8b1-e2bd6cad48a0@group-23D9289878C2-LeaderElection105] INFO  impl.RoleInfo (RoleInfo.java:shutdownLeaderElection(141)) - e114cbd1-8f45-4cc5-a8b1-e2bd6cad48a0: shutdown e114cbd1-8f45-4cc5-a8b1-e2bd6cad48a0@group-23D9289878C2-LeaderElection105
2025-09-13 17:32:18,688 [e114cbd1-8f45-4cc5-a8b1-e2bd6cad48a0@group-23D9289878C2-LeaderElection105] INFO  impl.RoleInfo (RoleInfo.java:updateAndGet(148)) - e114cbd1-8f45-4cc5-a8b1-e2bd6cad48a0: start e114cbd1-8f45-4cc5-a8b1-e2bd6cad48a0@group-23D9289878C2-FollowerState
2025-09-13 17:32:19,628 [e114cbd1-8f45-4cc5-a8b1-e2bd6cad48a0@group-853F78DB4750-FollowerState] INFO  impl.FollowerState (FollowerState.java:runImpl(161)) - e114cbd1-8f45-4cc5-a8b1-e2bd6cad48a0@group-853F78DB4750-FollowerState: change to CANDIDATE, lastRpcElapsedTime:1064461991ns, electionTimeout:1064ms
2025-09-13 17:32:19,628 [e114cbd1-8f45-4cc5-a8b1-e2bd6cad48a0@group-853F78DB4750-FollowerState] INFO  impl.RoleInfo (RoleInfo.java:shutdownFollowerState(121)) - e114cbd1-8f45-4cc5-a8b1-e2bd6cad48a0: shutdown e114cbd1-8f45-4cc5-a8b1-e2bd6cad48a0@group-853F78DB4750-FollowerState
2025-09-13 17:32:19,628 [e114cbd1-8f45-4cc5-a8b1-e2bd6cad48a0@group-853F78DB4750-FollowerState] INFO  server.RaftServer$Division (RaftServerImpl.java:setRole(392)) - e114cbd1-8f45-4cc5-a8b1-e2bd6cad48a0@group-853F78DB4750: changes role from  FOLLOWER to CANDIDATE at term 1 for changeToCandidate
2025-09-13 17:32:19,628 [e114cbd1-8f45-4cc5-a8b1-e2bd6cad48a0@group-853F78DB4750-FollowerState] INFO  impl.RoleInfo (RoleInfo.java:updateAndGet(148)) - e114cbd1-8f45-4cc5-a8b1-e2bd6cad48a0: start e114cbd1-8f45-4cc5-a8b1-e2bd6cad48a0@group-853F78DB4750-LeaderElection106
2025-09-13 17:32:19,629 [e114cbd1-8f45-4cc5-a8b1-e2bd6cad48a0@group-853F78DB4750-LeaderElection106] INFO  impl.LeaderElection (LeaderElection.java:askForVotes(448)) - e114cbd1-8f45-4cc5-a8b1-e2bd6cad48a0@group-853F78DB4750-LeaderElection106 PRE_VOTE round 0: submit vote requests at term 1 for conf: {index: 0, cur=peers:[d3aade32-661d-499d-9068-ea1550ed8656|127.0.0.1:15055, beda0dcb-37da-4cca-bea2-e222cb1bc351|127.0.0.1:15039, e114cbd1-8f45-4cc5-a8b1-e2bd6cad48a0|127.0.0.1:15047]|listeners:[], old=null}
2025-09-13 17:32:19,629 [e114cbd1-8f45-4cc5-a8b1-e2bd6cad48a0@group-853F78DB4750-LeaderElection106] INFO  impl.LeaderElection (LogUtils.java:infoOrTrace(142)) - e114cbd1-8f45-4cc5-a8b1-e2bd6cad48a0@group-853F78DB4750-LeaderElection106 got exception when requesting votes: java.util.concurrent.ExecutionException: org.apache.ratis.thirdparty.io.grpc.StatusRuntimeException: UNAVAILABLE: io exception
2025-09-13 17:32:19,629 [e114cbd1-8f45-4cc5-a8b1-e2bd6cad48a0@group-853F78DB4750-LeaderElection106] INFO  impl.LeaderElection (LogUtils.java:infoOrTrace(142)) - e114cbd1-8f45-4cc5-a8b1-e2bd6cad48a0@group-853F78DB4750-LeaderElection106 got exception when requesting votes: java.util.concurrent.ExecutionException: org.apache.ratis.thirdparty.io.grpc.StatusRuntimeException: UNAVAILABLE: io exception
2025-09-13 17:32:19,629 [e114cbd1-8f45-4cc5-a8b1-e2bd6cad48a0@group-853F78DB4750-LeaderElection106] INFO  impl.LeaderElection (LeaderElection.java:logAndReturn(206)) - e114cbd1-8f45-4cc5-a8b1-e2bd6cad48a0@group-853F78DB4750-LeaderElection106: PRE_VOTE REJECTED received 0 response(s) and 2 exception(s):
2025-09-13 17:32:19,629 [e114cbd1-8f45-4cc5-a8b1-e2bd6cad48a0@group-853F78DB4750-LeaderElection106] INFO  impl.LeaderElection (LogUtils.java:infoOrTrace(142)) -   Exception 0: java.util.concurrent.ExecutionException: org.apache.ratis.thirdparty.io.grpc.StatusRuntimeException: UNAVAILABLE: io exception
2025-09-13 17:32:19,629 [e114cbd1-8f45-4cc5-a8b1-e2bd6cad48a0@group-853F78DB4750-LeaderElection106] INFO  impl.LeaderElection (LogUtils.java:infoOrTrace(142)) -   Exception 1: java.util.concurrent.ExecutionException: org.apache.ratis.thirdparty.io.grpc.StatusRuntimeException: UNAVAILABLE: io exception
2025-09-13 17:32:19,629 [e114cbd1-8f45-4cc5-a8b1-e2bd6cad48a0@group-853F78DB4750-LeaderElection106] INFO  impl.LeaderElection (LeaderElection.java:askForVotes(450)) - e114cbd1-8f45-4cc5-a8b1-e2bd6cad48a0@group-853F78DB4750-LeaderElection106 PRE_VOTE round 0: result REJECTED
2025-09-13 17:32:19,630 [e114cbd1-8f45-4cc5-a8b1-e2bd6cad48a0@group-853F78DB4750-LeaderElection106] INFO  server.RaftServer$Division (RaftServerImpl.java:setRole(392)) - e114cbd1-8f45-4cc5-a8b1-e2bd6cad48a0@group-853F78DB4750: changes role from CANDIDATE to FOLLOWER at term 1 for REJECTED
2025-09-13 17:32:19,630 [e114cbd1-8f45-4cc5-a8b1-e2bd6cad48a0@group-853F78DB4750-LeaderElection106] INFO  impl.RoleInfo (RoleInfo.java:shutdownLeaderElection(141)) - e114cbd1-8f45-4cc5-a8b1-e2bd6cad48a0: shutdown e114cbd1-8f45-4cc5-a8b1-e2bd6cad48a0@group-853F78DB4750-LeaderElection106
2025-09-13 17:32:19,630 [e114cbd1-8f45-4cc5-a8b1-e2bd6cad48a0@group-853F78DB4750-LeaderElection106] INFO  impl.RoleInfo (RoleInfo.java:updateAndGet(148)) - e114cbd1-8f45-4cc5-a8b1-e2bd6cad48a0: start e114cbd1-8f45-4cc5-a8b1-e2bd6cad48a0@group-853F78DB4750-FollowerState
2025-09-13 17:32:19,710 [e114cbd1-8f45-4cc5-a8b1-e2bd6cad48a0@group-23D9289878C2-FollowerState] INFO  impl.FollowerState (FollowerState.java:runImpl(161)) - e114cbd1-8f45-4cc5-a8b1-e2bd6cad48a0@group-23D9289878C2-FollowerState: change to CANDIDATE, lastRpcElapsedTime:1022257117ns, electionTimeout:1022ms
2025-09-13 17:32:19,710 [e114cbd1-8f45-4cc5-a8b1-e2bd6cad48a0@group-23D9289878C2-FollowerState] INFO  impl.RoleInfo (RoleInfo.java:shutdownFollowerState(121)) - e114cbd1-8f45-4cc5-a8b1-e2bd6cad48a0: shutdown e114cbd1-8f45-4cc5-a8b1-e2bd6cad48a0@group-23D9289878C2-FollowerState
2025-09-13 17:32:19,710 [e114cbd1-8f45-4cc5-a8b1-e2bd6cad48a0@group-23D9289878C2-FollowerState] INFO  server.RaftServer$Division (RaftServerImpl.java:setRole(392)) - e114cbd1-8f45-4cc5-a8b1-e2bd6cad48a0@group-23D9289878C2: changes role from  FOLLOWER to CANDIDATE at term 1 for changeToCandidate
2025-09-13 17:32:19,710 [e114cbd1-8f45-4cc5-a8b1-e2bd6cad48a0@group-23D9289878C2-FollowerState] INFO  impl.RoleInfo (RoleInfo.java:updateAndGet(148)) - e114cbd1-8f45-4cc5-a8b1-e2bd6cad48a0: start e114cbd1-8f45-4cc5-a8b1-e2bd6cad48a0@group-23D9289878C2-LeaderElection107
2025-09-13 17:32:19,711 [e114cbd1-8f45-4cc5-a8b1-e2bd6cad48a0@group-23D9289878C2-LeaderElection107] INFO  impl.LeaderElection (LeaderElection.java:askForVotes(448)) - e114cbd1-8f45-4cc5-a8b1-e2bd6cad48a0@group-23D9289878C2-LeaderElection107 PRE_VOTE round 0: submit vote requests at term 1 for conf: {index: 0, cur=peers:[d3aade32-661d-499d-9068-ea1550ed8656|127.0.0.1:15055, beda0dcb-37da-4cca-bea2-e222cb1bc351|127.0.0.1:15039, e114cbd1-8f45-4cc5-a8b1-e2bd6cad48a0|127.0.0.1:15047]|listeners:[], old=null}
2025-09-13 17:32:19,711 [e114cbd1-8f45-4cc5-a8b1-e2bd6cad48a0@group-23D9289878C2-LeaderElection107] INFO  impl.LeaderElection (LogUtils.java:infoOrTrace(142)) - e114cbd1-8f45-4cc5-a8b1-e2bd6cad48a0@group-23D9289878C2-LeaderElection107 got exception when requesting votes: java.util.concurrent.ExecutionException: org.apache.ratis.thirdparty.io.grpc.StatusRuntimeException: UNAVAILABLE: io exception
2025-09-13 17:32:19,711 [e114cbd1-8f45-4cc5-a8b1-e2bd6cad48a0@group-23D9289878C2-LeaderElection107] INFO  impl.LeaderElection (LogUtils.java:infoOrTrace(142)) - e114cbd1-8f45-4cc5-a8b1-e2bd6cad48a0@group-23D9289878C2-LeaderElection107 got exception when requesting votes: java.util.concurrent.ExecutionException: org.apache.ratis.thirdparty.io.grpc.StatusRuntimeException: UNAVAILABLE: io exception
2025-09-13 17:32:19,711 [e114cbd1-8f45-4cc5-a8b1-e2bd6cad48a0@group-23D9289878C2-LeaderElection107] INFO  impl.LeaderElection (LeaderElection.java:logAndReturn(206)) - e114cbd1-8f45-4cc5-a8b1-e2bd6cad48a0@group-23D9289878C2-LeaderElection107: PRE_VOTE REJECTED received 0 response(s) and 2 exception(s):
2025-09-13 17:32:19,711 [e114cbd1-8f45-4cc5-a8b1-e2bd6cad48a0@group-23D9289878C2-LeaderElection107] INFO  impl.LeaderElection (LogUtils.java:infoOrTrace(142)) -   Exception 0: java.util.concurrent.ExecutionException: org.apache.ratis.thirdparty.io.grpc.StatusRuntimeException: UNAVAILABLE: io exception
2025-09-13 17:32:19,711 [e114cbd1-8f45-4cc5-a8b1-e2bd6cad48a0@group-23D9289878C2-LeaderElection107] INFO  impl.LeaderElection (LogUtils.java:infoOrTrace(142)) -   Exception 1: java.util.concurrent.ExecutionException: org.apache.ratis.thirdparty.io.grpc.StatusRuntimeException: UNAVAILABLE: io exception
2025-09-13 17:32:19,711 [e114cbd1-8f45-4cc5-a8b1-e2bd6cad48a0@group-23D9289878C2-LeaderElection107] INFO  impl.LeaderElection (LeaderElection.java:askForVotes(450)) - e114cbd1-8f45-4cc5-a8b1-e2bd6cad48a0@group-23D9289878C2-LeaderElection107 PRE_VOTE round 0: result REJECTED
2025-09-13 17:32:19,712 [e114cbd1-8f45-4cc5-a8b1-e2bd6cad48a0@group-23D9289878C2-LeaderElection107] INFO  server.RaftServer$Division (RaftServerImpl.java:setRole(392)) - e114cbd1-8f45-4cc5-a8b1-e2bd6cad48a0@group-23D9289878C2: changes role from CANDIDATE to FOLLOWER at term 1 for REJECTED
2025-09-13 17:32:19,712 [e114cbd1-8f45-4cc5-a8b1-e2bd6cad48a0@group-23D9289878C2-LeaderElection107] INFO  impl.RoleInfo (RoleInfo.java:shutdownLeaderElection(141)) - e114cbd1-8f45-4cc5-a8b1-e2bd6cad48a0: shutdown e114cbd1-8f45-4cc5-a8b1-e2bd6cad48a0@group-23D9289878C2-LeaderElection107
2025-09-13 17:32:19,712 [e114cbd1-8f45-4cc5-a8b1-e2bd6cad48a0@group-23D9289878C2-LeaderElection107] INFO  impl.RoleInfo (RoleInfo.java:updateAndGet(148)) - e114cbd1-8f45-4cc5-a8b1-e2bd6cad48a0: start e114cbd1-8f45-4cc5-a8b1-e2bd6cad48a0@group-23D9289878C2-FollowerState
2025-09-13 17:32:20,662 [e114cbd1-8f45-4cc5-a8b1-e2bd6cad48a0@group-853F78DB4750-FollowerState] INFO  impl.FollowerState (FollowerState.java:runImpl(161)) - e114cbd1-8f45-4cc5-a8b1-e2bd6cad48a0@group-853F78DB4750-FollowerState: change to CANDIDATE, lastRpcElapsedTime:1031994607ns, electionTimeout:1031ms
2025-09-13 17:32:20,662 [e114cbd1-8f45-4cc5-a8b1-e2bd6cad48a0@group-853F78DB4750-FollowerState] INFO  impl.RoleInfo (RoleInfo.java:shutdownFollowerState(121)) - e114cbd1-8f45-4cc5-a8b1-e2bd6cad48a0: shutdown e114cbd1-8f45-4cc5-a8b1-e2bd6cad48a0@group-853F78DB4750-FollowerState
2025-09-13 17:32:20,662 [e114cbd1-8f45-4cc5-a8b1-e2bd6cad48a0@group-853F78DB4750-FollowerState] INFO  server.RaftServer$Division (RaftServerImpl.java:setRole(392)) - e114cbd1-8f45-4cc5-a8b1-e2bd6cad48a0@group-853F78DB4750: changes role from  FOLLOWER to CANDIDATE at term 1 for changeToCandidate
2025-09-13 17:32:20,662 [e114cbd1-8f45-4cc5-a8b1-e2bd6cad48a0@group-853F78DB4750-FollowerState] INFO  impl.RoleInfo (RoleInfo.java:updateAndGet(148)) - e114cbd1-8f45-4cc5-a8b1-e2bd6cad48a0: start e114cbd1-8f45-4cc5-a8b1-e2bd6cad48a0@group-853F78DB4750-LeaderElection108
2025-09-13 17:32:20,662 [e114cbd1-8f45-4cc5-a8b1-e2bd6cad48a0@group-853F78DB4750-LeaderElection108] INFO  impl.LeaderElection (LeaderElection.java:askForVotes(448)) - e114cbd1-8f45-4cc5-a8b1-e2bd6cad48a0@group-853F78DB4750-LeaderElection108 PRE_VOTE round 0: submit vote requests at term 1 for conf: {index: 0, cur=peers:[d3aade32-661d-499d-9068-ea1550ed8656|127.0.0.1:15055, beda0dcb-37da-4cca-bea2-e222cb1bc351|127.0.0.1:15039, e114cbd1-8f45-4cc5-a8b1-e2bd6cad48a0|127.0.0.1:15047]|listeners:[], old=null}
2025-09-13 17:32:20,663 [e114cbd1-8f45-4cc5-a8b1-e2bd6cad48a0@group-853F78DB4750-LeaderElection108] INFO  impl.LeaderElection (LogUtils.java:infoOrTrace(142)) - e114cbd1-8f45-4cc5-a8b1-e2bd6cad48a0@group-853F78DB4750-LeaderElection108 got exception when requesting votes: java.util.concurrent.ExecutionException: org.apache.ratis.thirdparty.io.grpc.StatusRuntimeException: UNAVAILABLE: io exception
2025-09-13 17:32:20,663 [e114cbd1-8f45-4cc5-a8b1-e2bd6cad48a0@group-853F78DB4750-LeaderElection108] INFO  impl.LeaderElection (LogUtils.java:infoOrTrace(142)) - e114cbd1-8f45-4cc5-a8b1-e2bd6cad48a0@group-853F78DB4750-LeaderElection108 got exception when requesting votes: java.util.concurrent.ExecutionException: org.apache.ratis.thirdparty.io.grpc.StatusRuntimeException: UNAVAILABLE: io exception
2025-09-13 17:32:20,663 [e114cbd1-8f45-4cc5-a8b1-e2bd6cad48a0@group-853F78DB4750-LeaderElection108] INFO  impl.LeaderElection (LeaderElection.java:logAndReturn(206)) - e114cbd1-8f45-4cc5-a8b1-e2bd6cad48a0@group-853F78DB4750-LeaderElection108: PRE_VOTE REJECTED received 0 response(s) and 2 exception(s):
2025-09-13 17:32:20,663 [e114cbd1-8f45-4cc5-a8b1-e2bd6cad48a0@group-853F78DB4750-LeaderElection108] INFO  impl.LeaderElection (LogUtils.java:infoOrTrace(142)) -   Exception 0: java.util.concurrent.ExecutionException: org.apache.ratis.thirdparty.io.grpc.StatusRuntimeException: UNAVAILABLE: io exception
2025-09-13 17:32:20,663 [e114cbd1-8f45-4cc5-a8b1-e2bd6cad48a0@group-853F78DB4750-LeaderElection108] INFO  impl.LeaderElection (LogUtils.java:infoOrTrace(142)) -   Exception 1: java.util.concurrent.ExecutionException: org.apache.ratis.thirdparty.io.grpc.StatusRuntimeException: UNAVAILABLE: io exception
2025-09-13 17:32:20,663 [e114cbd1-8f45-4cc5-a8b1-e2bd6cad48a0@group-853F78DB4750-LeaderElection108] INFO  impl.LeaderElection (LeaderElection.java:askForVotes(450)) - e114cbd1-8f45-4cc5-a8b1-e2bd6cad48a0@group-853F78DB4750-LeaderElection108 PRE_VOTE round 0: result REJECTED
2025-09-13 17:32:20,663 [e114cbd1-8f45-4cc5-a8b1-e2bd6cad48a0@group-853F78DB4750-LeaderElection108] INFO  server.RaftServer$Division (RaftServerImpl.java:setRole(392)) - e114cbd1-8f45-4cc5-a8b1-e2bd6cad48a0@group-853F78DB4750: changes role from CANDIDATE to FOLLOWER at term 1 for REJECTED
2025-09-13 17:32:20,663 [e114cbd1-8f45-4cc5-a8b1-e2bd6cad48a0@group-853F78DB4750-LeaderElection108] INFO  impl.RoleInfo (RoleInfo.java:shutdownLeaderElection(141)) - e114cbd1-8f45-4cc5-a8b1-e2bd6cad48a0: shutdown e114cbd1-8f45-4cc5-a8b1-e2bd6cad48a0@group-853F78DB4750-LeaderElection108
2025-09-13 17:32:20,663 [e114cbd1-8f45-4cc5-a8b1-e2bd6cad48a0@group-853F78DB4750-LeaderElection108] INFO  impl.RoleInfo (RoleInfo.java:updateAndGet(148)) - e114cbd1-8f45-4cc5-a8b1-e2bd6cad48a0: start e114cbd1-8f45-4cc5-a8b1-e2bd6cad48a0@group-853F78DB4750-FollowerState
2025-09-13 17:32:20,764 [e114cbd1-8f45-4cc5-a8b1-e2bd6cad48a0@group-23D9289878C2-FollowerState] INFO  impl.FollowerState (FollowerState.java:runImpl(161)) - e114cbd1-8f45-4cc5-a8b1-e2bd6cad48a0@group-23D9289878C2-FollowerState: change to CANDIDATE, lastRpcElapsedTime:1052274230ns, electionTimeout:1052ms
2025-09-13 17:32:20,764 [e114cbd1-8f45-4cc5-a8b1-e2bd6cad48a0@group-23D9289878C2-FollowerState] INFO  impl.RoleInfo (RoleInfo.java:shutdownFollowerState(121)) - e114cbd1-8f45-4cc5-a8b1-e2bd6cad48a0: shutdown e114cbd1-8f45-4cc5-a8b1-e2bd6cad48a0@group-23D9289878C2-FollowerState
2025-09-13 17:32:20,764 [e114cbd1-8f45-4cc5-a8b1-e2bd6cad48a0@group-23D9289878C2-FollowerState] INFO  server.RaftServer$Division (RaftServerImpl.java:setRole(392)) - e114cbd1-8f45-4cc5-a8b1-e2bd6cad48a0@group-23D9289878C2: changes role from  FOLLOWER to CANDIDATE at term 1 for changeToCandidate
2025-09-13 17:32:20,764 [e114cbd1-8f45-4cc5-a8b1-e2bd6cad48a0@group-23D9289878C2-FollowerState] INFO  impl.RoleInfo (RoleInfo.java:updateAndGet(148)) - e114cbd1-8f45-4cc5-a8b1-e2bd6cad48a0: start e114cbd1-8f45-4cc5-a8b1-e2bd6cad48a0@group-23D9289878C2-LeaderElection109
2025-09-13 17:32:20,764 [e114cbd1-8f45-4cc5-a8b1-e2bd6cad48a0@group-23D9289878C2-LeaderElection109] INFO  impl.LeaderElection (LeaderElection.java:askForVotes(448)) - e114cbd1-8f45-4cc5-a8b1-e2bd6cad48a0@group-23D9289878C2-LeaderElection109 PRE_VOTE round 0: submit vote requests at term 1 for conf: {index: 0, cur=peers:[d3aade32-661d-499d-9068-ea1550ed8656|127.0.0.1:15055, beda0dcb-37da-4cca-bea2-e222cb1bc351|127.0.0.1:15039, e114cbd1-8f45-4cc5-a8b1-e2bd6cad48a0|127.0.0.1:15047]|listeners:[], old=null}
2025-09-13 17:32:20,765 [e114cbd1-8f45-4cc5-a8b1-e2bd6cad48a0@group-23D9289878C2-LeaderElection109] INFO  impl.LeaderElection (LogUtils.java:infoOrTrace(142)) - e114cbd1-8f45-4cc5-a8b1-e2bd6cad48a0@group-23D9289878C2-LeaderElection109 got exception when requesting votes: java.util.concurrent.ExecutionException: org.apache.ratis.thirdparty.io.grpc.StatusRuntimeException: UNAVAILABLE: io exception
2025-09-13 17:32:20,765 [e114cbd1-8f45-4cc5-a8b1-e2bd6cad48a0@group-23D9289878C2-LeaderElection109] INFO  impl.LeaderElection (LogUtils.java:infoOrTrace(142)) - e114cbd1-8f45-4cc5-a8b1-e2bd6cad48a0@group-23D9289878C2-LeaderElection109 got exception when requesting votes: java.util.concurrent.ExecutionException: org.apache.ratis.thirdparty.io.grpc.StatusRuntimeException: UNAVAILABLE: io exception
2025-09-13 17:32:20,765 [e114cbd1-8f45-4cc5-a8b1-e2bd6cad48a0@group-23D9289878C2-LeaderElection109] INFO  impl.LeaderElection (LeaderElection.java:logAndReturn(206)) - e114cbd1-8f45-4cc5-a8b1-e2bd6cad48a0@group-23D9289878C2-LeaderElection109: PRE_VOTE REJECTED received 0 response(s) and 2 exception(s):
2025-09-13 17:32:20,765 [e114cbd1-8f45-4cc5-a8b1-e2bd6cad48a0@group-23D9289878C2-LeaderElection109] INFO  impl.LeaderElection (LogUtils.java:infoOrTrace(142)) -   Exception 0: java.util.concurrent.ExecutionException: org.apache.ratis.thirdparty.io.grpc.StatusRuntimeException: UNAVAILABLE: io exception
2025-09-13 17:32:20,765 [e114cbd1-8f45-4cc5-a8b1-e2bd6cad48a0@group-23D9289878C2-LeaderElection109] INFO  impl.LeaderElection (LogUtils.java:infoOrTrace(142)) -   Exception 1: java.util.concurrent.ExecutionException: org.apache.ratis.thirdparty.io.grpc.StatusRuntimeException: UNAVAILABLE: io exception
2025-09-13 17:32:20,765 [e114cbd1-8f45-4cc5-a8b1-e2bd6cad48a0@group-23D9289878C2-LeaderElection109] INFO  impl.LeaderElection (LeaderElection.java:askForVotes(450)) - e114cbd1-8f45-4cc5-a8b1-e2bd6cad48a0@group-23D9289878C2-LeaderElection109 PRE_VOTE round 0: result REJECTED
2025-09-13 17:32:20,765 [e114cbd1-8f45-4cc5-a8b1-e2bd6cad48a0@group-23D9289878C2-LeaderElection109] INFO  server.RaftServer$Division (RaftServerImpl.java:setRole(392)) - e114cbd1-8f45-4cc5-a8b1-e2bd6cad48a0@group-23D9289878C2: changes role from CANDIDATE to FOLLOWER at term 1 for REJECTED
2025-09-13 17:32:20,765 [e114cbd1-8f45-4cc5-a8b1-e2bd6cad48a0@group-23D9289878C2-LeaderElection109] INFO  impl.RoleInfo (RoleInfo.java:shutdownLeaderElection(141)) - e114cbd1-8f45-4cc5-a8b1-e2bd6cad48a0: shutdown e114cbd1-8f45-4cc5-a8b1-e2bd6cad48a0@group-23D9289878C2-LeaderElection109
2025-09-13 17:32:20,765 [e114cbd1-8f45-4cc5-a8b1-e2bd6cad48a0@group-23D9289878C2-LeaderElection109] INFO  impl.RoleInfo (RoleInfo.java:updateAndGet(148)) - e114cbd1-8f45-4cc5-a8b1-e2bd6cad48a0: start e114cbd1-8f45-4cc5-a8b1-e2bd6cad48a0@group-23D9289878C2-FollowerState
2025-09-13 17:32:21,815 [e114cbd1-8f45-4cc5-a8b1-e2bd6cad48a0@group-853F78DB4750-FollowerState] INFO  impl.FollowerState (FollowerState.java:runImpl(161)) - e114cbd1-8f45-4cc5-a8b1-e2bd6cad48a0@group-853F78DB4750-FollowerState: change to CANDIDATE, lastRpcElapsedTime:1152248922ns, electionTimeout:1152ms
2025-09-13 17:32:21,816 [e114cbd1-8f45-4cc5-a8b1-e2bd6cad48a0@group-853F78DB4750-FollowerState] INFO  impl.RoleInfo (RoleInfo.java:shutdownFollowerState(121)) - e114cbd1-8f45-4cc5-a8b1-e2bd6cad48a0: shutdown e114cbd1-8f45-4cc5-a8b1-e2bd6cad48a0@group-853F78DB4750-FollowerState
2025-09-13 17:32:21,816 [e114cbd1-8f45-4cc5-a8b1-e2bd6cad48a0@group-853F78DB4750-FollowerState] INFO  server.RaftServer$Division (RaftServerImpl.java:setRole(392)) - e114cbd1-8f45-4cc5-a8b1-e2bd6cad48a0@group-853F78DB4750: changes role from  FOLLOWER to CANDIDATE at term 1 for changeToCandidate
2025-09-13 17:32:21,816 [e114cbd1-8f45-4cc5-a8b1-e2bd6cad48a0@group-853F78DB4750-FollowerState] INFO  impl.RoleInfo (RoleInfo.java:updateAndGet(148)) - e114cbd1-8f45-4cc5-a8b1-e2bd6cad48a0: start e114cbd1-8f45-4cc5-a8b1-e2bd6cad48a0@group-853F78DB4750-LeaderElection110
2025-09-13 17:32:21,816 [e114cbd1-8f45-4cc5-a8b1-e2bd6cad48a0@group-853F78DB4750-LeaderElection110] INFO  impl.LeaderElection (LeaderElection.java:askForVotes(448)) - e114cbd1-8f45-4cc5-a8b1-e2bd6cad48a0@group-853F78DB4750-LeaderElection110 PRE_VOTE round 0: submit vote requests at term 1 for conf: {index: 0, cur=peers:[d3aade32-661d-499d-9068-ea1550ed8656|127.0.0.1:15055, beda0dcb-37da-4cca-bea2-e222cb1bc351|127.0.0.1:15039, e114cbd1-8f45-4cc5-a8b1-e2bd6cad48a0|127.0.0.1:15047]|listeners:[], old=null}
2025-09-13 17:32:21,817 [e114cbd1-8f45-4cc5-a8b1-e2bd6cad48a0@group-853F78DB4750-LeaderElection110] INFO  impl.LeaderElection (LogUtils.java:infoOrTrace(142)) - e114cbd1-8f45-4cc5-a8b1-e2bd6cad48a0@group-853F78DB4750-LeaderElection110 got exception when requesting votes: java.util.concurrent.ExecutionException: org.apache.ratis.thirdparty.io.grpc.StatusRuntimeException: UNAVAILABLE: io exception
2025-09-13 17:32:21,817 [e114cbd1-8f45-4cc5-a8b1-e2bd6cad48a0@group-853F78DB4750-LeaderElection110] INFO  impl.LeaderElection (LogUtils.java:infoOrTrace(142)) - e114cbd1-8f45-4cc5-a8b1-e2bd6cad48a0@group-853F78DB4750-LeaderElection110 got exception when requesting votes: java.util.concurrent.ExecutionException: org.apache.ratis.thirdparty.io.grpc.StatusRuntimeException: UNAVAILABLE: io exception
2025-09-13 17:32:21,817 [e114cbd1-8f45-4cc5-a8b1-e2bd6cad48a0@group-853F78DB4750-LeaderElection110] INFO  impl.LeaderElection (LeaderElection.java:logAndReturn(206)) - e114cbd1-8f45-4cc5-a8b1-e2bd6cad48a0@group-853F78DB4750-LeaderElection110: PRE_VOTE REJECTED received 0 response(s) and 2 exception(s):
2025-09-13 17:32:21,817 [e114cbd1-8f45-4cc5-a8b1-e2bd6cad48a0@group-853F78DB4750-LeaderElection110] INFO  impl.LeaderElection (LogUtils.java:infoOrTrace(142)) -   Exception 0: java.util.concurrent.ExecutionException: org.apache.ratis.thirdparty.io.grpc.StatusRuntimeException: UNAVAILABLE: io exception
2025-09-13 17:32:21,817 [e114cbd1-8f45-4cc5-a8b1-e2bd6cad48a0@group-853F78DB4750-LeaderElection110] INFO  impl.LeaderElection (LogUtils.java:infoOrTrace(142)) -   Exception 1: java.util.concurrent.ExecutionException: org.apache.ratis.thirdparty.io.grpc.StatusRuntimeException: UNAVAILABLE: io exception
2025-09-13 17:32:21,817 [e114cbd1-8f45-4cc5-a8b1-e2bd6cad48a0@group-853F78DB4750-LeaderElection110] INFO  impl.LeaderElection (LeaderElection.java:askForVotes(450)) - e114cbd1-8f45-4cc5-a8b1-e2bd6cad48a0@group-853F78DB4750-LeaderElection110 PRE_VOTE round 0: result REJECTED
2025-09-13 17:32:21,817 [e114cbd1-8f45-4cc5-a8b1-e2bd6cad48a0@group-853F78DB4750-LeaderElection110] INFO  server.RaftServer$Division (RaftServerImpl.java:setRole(392)) - e114cbd1-8f45-4cc5-a8b1-e2bd6cad48a0@group-853F78DB4750: changes role from CANDIDATE to FOLLOWER at term 1 for REJECTED
2025-09-13 17:32:21,817 [e114cbd1-8f45-4cc5-a8b1-e2bd6cad48a0@group-853F78DB4750-LeaderElection110] INFO  impl.RoleInfo (RoleInfo.java:shutdownLeaderElection(141)) - e114cbd1-8f45-4cc5-a8b1-e2bd6cad48a0: shutdown e114cbd1-8f45-4cc5-a8b1-e2bd6cad48a0@group-853F78DB4750-LeaderElection110
2025-09-13 17:32:21,817 [e114cbd1-8f45-4cc5-a8b1-e2bd6cad48a0@group-853F78DB4750-LeaderElection110] INFO  impl.RoleInfo (RoleInfo.java:updateAndGet(148)) - e114cbd1-8f45-4cc5-a8b1-e2bd6cad48a0: start e114cbd1-8f45-4cc5-a8b1-e2bd6cad48a0@group-853F78DB4750-FollowerState
2025-09-13 17:32:21,892 [e114cbd1-8f45-4cc5-a8b1-e2bd6cad48a0@group-23D9289878C2-FollowerState] INFO  impl.FollowerState (FollowerState.java:runImpl(161)) - e114cbd1-8f45-4cc5-a8b1-e2bd6cad48a0@group-23D9289878C2-FollowerState: change to CANDIDATE, lastRpcElapsedTime:1126328816ns, electionTimeout:1126ms
2025-09-13 17:32:21,892 [e114cbd1-8f45-4cc5-a8b1-e2bd6cad48a0@group-23D9289878C2-FollowerState] INFO  impl.RoleInfo (RoleInfo.java:shutdownFollowerState(121)) - e114cbd1-8f45-4cc5-a8b1-e2bd6cad48a0: shutdown e114cbd1-8f45-4cc5-a8b1-e2bd6cad48a0@group-23D9289878C2-FollowerState
2025-09-13 17:32:21,892 [e114cbd1-8f45-4cc5-a8b1-e2bd6cad48a0@group-23D9289878C2-FollowerState] INFO  server.RaftServer$Division (RaftServerImpl.java:setRole(392)) - e114cbd1-8f45-4cc5-a8b1-e2bd6cad48a0@group-23D9289878C2: changes role from  FOLLOWER to CANDIDATE at term 1 for changeToCandidate
2025-09-13 17:32:21,892 [e114cbd1-8f45-4cc5-a8b1-e2bd6cad48a0@group-23D9289878C2-FollowerState] INFO  impl.RoleInfo (RoleInfo.java:updateAndGet(148)) - e114cbd1-8f45-4cc5-a8b1-e2bd6cad48a0: start e114cbd1-8f45-4cc5-a8b1-e2bd6cad48a0@group-23D9289878C2-LeaderElection111
2025-09-13 17:32:21,892 [e114cbd1-8f45-4cc5-a8b1-e2bd6cad48a0@group-23D9289878C2-LeaderElection111] INFO  impl.LeaderElection (LeaderElection.java:askForVotes(448)) - e114cbd1-8f45-4cc5-a8b1-e2bd6cad48a0@group-23D9289878C2-LeaderElection111 PRE_VOTE round 0: submit vote requests at term 1 for conf: {index: 0, cur=peers:[d3aade32-661d-499d-9068-ea1550ed8656|127.0.0.1:15055, beda0dcb-37da-4cca-bea2-e222cb1bc351|127.0.0.1:15039, e114cbd1-8f45-4cc5-a8b1-e2bd6cad48a0|127.0.0.1:15047]|listeners:[], old=null}
2025-09-13 17:32:21,893 [e114cbd1-8f45-4cc5-a8b1-e2bd6cad48a0@group-23D9289878C2-LeaderElection111] INFO  impl.LeaderElection (LogUtils.java:infoOrTrace(142)) - e114cbd1-8f45-4cc5-a8b1-e2bd6cad48a0@group-23D9289878C2-LeaderElection111 got exception when requesting votes: java.util.concurrent.ExecutionException: org.apache.ratis.thirdparty.io.grpc.StatusRuntimeException: UNAVAILABLE: io exception
2025-09-13 17:32:21,893 [e114cbd1-8f45-4cc5-a8b1-e2bd6cad48a0@group-23D9289878C2-LeaderElection111] INFO  impl.LeaderElection (LogUtils.java:infoOrTrace(142)) - e114cbd1-8f45-4cc5-a8b1-e2bd6cad48a0@group-23D9289878C2-LeaderElection111 got exception when requesting votes: java.util.concurrent.ExecutionException: org.apache.ratis.thirdparty.io.grpc.StatusRuntimeException: UNAVAILABLE: io exception
2025-09-13 17:32:21,893 [e114cbd1-8f45-4cc5-a8b1-e2bd6cad48a0@group-23D9289878C2-LeaderElection111] INFO  impl.LeaderElection (LeaderElection.java:logAndReturn(206)) - e114cbd1-8f45-4cc5-a8b1-e2bd6cad48a0@group-23D9289878C2-LeaderElection111: PRE_VOTE REJECTED received 0 response(s) and 2 exception(s):
2025-09-13 17:32:21,893 [e114cbd1-8f45-4cc5-a8b1-e2bd6cad48a0@group-23D9289878C2-LeaderElection111] INFO  impl.LeaderElection (LogUtils.java:infoOrTrace(142)) -   Exception 0: java.util.concurrent.ExecutionException: org.apache.ratis.thirdparty.io.grpc.StatusRuntimeException: UNAVAILABLE: io exception
2025-09-13 17:32:21,893 [e114cbd1-8f45-4cc5-a8b1-e2bd6cad48a0@group-23D9289878C2-LeaderElection111] INFO  impl.LeaderElection (LogUtils.java:infoOrTrace(142)) -   Exception 1: java.util.concurrent.ExecutionException: org.apache.ratis.thirdparty.io.grpc.StatusRuntimeException: UNAVAILABLE: io exception
2025-09-13 17:32:21,893 [e114cbd1-8f45-4cc5-a8b1-e2bd6cad48a0@group-23D9289878C2-LeaderElection111] INFO  impl.LeaderElection (LeaderElection.java:askForVotes(450)) - e114cbd1-8f45-4cc5-a8b1-e2bd6cad48a0@group-23D9289878C2-LeaderElection111 PRE_VOTE round 0: result REJECTED
2025-09-13 17:32:21,893 [e114cbd1-8f45-4cc5-a8b1-e2bd6cad48a0@group-23D9289878C2-LeaderElection111] INFO  server.RaftServer$Division (RaftServerImpl.java:setRole(392)) - e114cbd1-8f45-4cc5-a8b1-e2bd6cad48a0@group-23D9289878C2: changes role from CANDIDATE to FOLLOWER at term 1 for REJECTED
2025-09-13 17:32:21,893 [e114cbd1-8f45-4cc5-a8b1-e2bd6cad48a0@group-23D9289878C2-LeaderElection111] INFO  impl.RoleInfo (RoleInfo.java:shutdownLeaderElection(141)) - e114cbd1-8f45-4cc5-a8b1-e2bd6cad48a0: shutdown e114cbd1-8f45-4cc5-a8b1-e2bd6cad48a0@group-23D9289878C2-LeaderElection111
2025-09-13 17:32:21,893 [e114cbd1-8f45-4cc5-a8b1-e2bd6cad48a0@group-23D9289878C2-LeaderElection111] INFO  impl.RoleInfo (RoleInfo.java:updateAndGet(148)) - e114cbd1-8f45-4cc5-a8b1-e2bd6cad48a0: start e114cbd1-8f45-4cc5-a8b1-e2bd6cad48a0@group-23D9289878C2-FollowerState
2025-09-13 17:32:22,827 [e114cbd1-8f45-4cc5-a8b1-e2bd6cad48a0@group-853F78DB4750-FollowerState] INFO  impl.FollowerState (FollowerState.java:runImpl(161)) - e114cbd1-8f45-4cc5-a8b1-e2bd6cad48a0@group-853F78DB4750-FollowerState: change to CANDIDATE, lastRpcElapsedTime:1010264964ns, electionTimeout:1010ms
2025-09-13 17:32:22,827 [e114cbd1-8f45-4cc5-a8b1-e2bd6cad48a0@group-853F78DB4750-FollowerState] INFO  impl.RoleInfo (RoleInfo.java:shutdownFollowerState(121)) - e114cbd1-8f45-4cc5-a8b1-e2bd6cad48a0: shutdown e114cbd1-8f45-4cc5-a8b1-e2bd6cad48a0@group-853F78DB4750-FollowerState
2025-09-13 17:32:22,827 [e114cbd1-8f45-4cc5-a8b1-e2bd6cad48a0@group-853F78DB4750-FollowerState] INFO  server.RaftServer$Division (RaftServerImpl.java:setRole(392)) - e114cbd1-8f45-4cc5-a8b1-e2bd6cad48a0@group-853F78DB4750: changes role from  FOLLOWER to CANDIDATE at term 1 for changeToCandidate
2025-09-13 17:32:22,828 [e114cbd1-8f45-4cc5-a8b1-e2bd6cad48a0@group-853F78DB4750-FollowerState] INFO  impl.RoleInfo (RoleInfo.java:updateAndGet(148)) - e114cbd1-8f45-4cc5-a8b1-e2bd6cad48a0: start e114cbd1-8f45-4cc5-a8b1-e2bd6cad48a0@group-853F78DB4750-LeaderElection112
2025-09-13 17:32:22,828 [e114cbd1-8f45-4cc5-a8b1-e2bd6cad48a0@group-853F78DB4750-LeaderElection112] INFO  impl.LeaderElection (LeaderElection.java:askForVotes(448)) - e114cbd1-8f45-4cc5-a8b1-e2bd6cad48a0@group-853F78DB4750-LeaderElection112 PRE_VOTE round 0: submit vote requests at term 1 for conf: {index: 0, cur=peers:[d3aade32-661d-499d-9068-ea1550ed8656|127.0.0.1:15055, beda0dcb-37da-4cca-bea2-e222cb1bc351|127.0.0.1:15039, e114cbd1-8f45-4cc5-a8b1-e2bd6cad48a0|127.0.0.1:15047]|listeners:[], old=null}
2025-09-13 17:32:22,828 [e114cbd1-8f45-4cc5-a8b1-e2bd6cad48a0@group-853F78DB4750-LeaderElection112] INFO  impl.LeaderElection (LogUtils.java:infoOrTrace(142)) - e114cbd1-8f45-4cc5-a8b1-e2bd6cad48a0@group-853F78DB4750-LeaderElection112 got exception when requesting votes: java.util.concurrent.ExecutionException: org.apache.ratis.thirdparty.io.grpc.StatusRuntimeException: UNAVAILABLE: io exception
2025-09-13 17:32:22,829 [e114cbd1-8f45-4cc5-a8b1-e2bd6cad48a0@group-853F78DB4750-LeaderElection112] INFO  impl.LeaderElection (LogUtils.java:infoOrTrace(142)) - e114cbd1-8f45-4cc5-a8b1-e2bd6cad48a0@group-853F78DB4750-LeaderElection112 got exception when requesting votes: java.util.concurrent.ExecutionException: org.apache.ratis.thirdparty.io.grpc.StatusRuntimeException: UNAVAILABLE: io exception
2025-09-13 17:32:22,829 [e114cbd1-8f45-4cc5-a8b1-e2bd6cad48a0@group-853F78DB4750-LeaderElection112] INFO  impl.LeaderElection (LeaderElection.java:logAndReturn(206)) - e114cbd1-8f45-4cc5-a8b1-e2bd6cad48a0@group-853F78DB4750-LeaderElection112: PRE_VOTE REJECTED received 0 response(s) and 2 exception(s):
2025-09-13 17:32:22,829 [e114cbd1-8f45-4cc5-a8b1-e2bd6cad48a0@group-853F78DB4750-LeaderElection112] INFO  impl.LeaderElection (LogUtils.java:infoOrTrace(142)) -   Exception 0: java.util.concurrent.ExecutionException: org.apache.ratis.thirdparty.io.grpc.StatusRuntimeException: UNAVAILABLE: io exception
2025-09-13 17:32:22,829 [e114cbd1-8f45-4cc5-a8b1-e2bd6cad48a0@group-853F78DB4750-LeaderElection112] INFO  impl.LeaderElection (LogUtils.java:infoOrTrace(142)) -   Exception 1: java.util.concurrent.ExecutionException: org.apache.ratis.thirdparty.io.grpc.StatusRuntimeException: UNAVAILABLE: io exception
2025-09-13 17:32:22,829 [e114cbd1-8f45-4cc5-a8b1-e2bd6cad48a0@group-853F78DB4750-LeaderElection112] INFO  impl.LeaderElection (LeaderElection.java:askForVotes(450)) - e114cbd1-8f45-4cc5-a8b1-e2bd6cad48a0@group-853F78DB4750-LeaderElection112 PRE_VOTE round 0: result REJECTED
2025-09-13 17:32:22,829 [e114cbd1-8f45-4cc5-a8b1-e2bd6cad48a0@group-853F78DB4750-LeaderElection112] INFO  server.RaftServer$Division (RaftServerImpl.java:setRole(392)) - e114cbd1-8f45-4cc5-a8b1-e2bd6cad48a0@group-853F78DB4750: changes role from CANDIDATE to FOLLOWER at term 1 for REJECTED
2025-09-13 17:32:22,829 [e114cbd1-8f45-4cc5-a8b1-e2bd6cad48a0@group-853F78DB4750-LeaderElection112] INFO  impl.RoleInfo (RoleInfo.java:shutdownLeaderElection(141)) - e114cbd1-8f45-4cc5-a8b1-e2bd6cad48a0: shutdown e114cbd1-8f45-4cc5-a8b1-e2bd6cad48a0@group-853F78DB4750-LeaderElection112
2025-09-13 17:32:22,829 [e114cbd1-8f45-4cc5-a8b1-e2bd6cad48a0@group-853F78DB4750-LeaderElection112] INFO  impl.RoleInfo (RoleInfo.java:updateAndGet(148)) - e114cbd1-8f45-4cc5-a8b1-e2bd6cad48a0: start e114cbd1-8f45-4cc5-a8b1-e2bd6cad48a0@group-853F78DB4750-FollowerState
2025-09-13 17:32:22,851 [grpc-default-executor-0] ERROR impl.OrderedAsync (OrderedAsync.java:lambda$null$6(215)) -  client-5AF5730643BE: Failed* RaftClientRequest:client-5AF5730643BE->e114cbd1-8f45-4cc5-a8b1-e2bd6cad48a0@group-853F78DB4750, cid=26, seq=1*, Watch(0), null
java.util.concurrent.CompletionException: org.apache.ratis.protocol.exceptions.NotLeaderException: Server e114cbd1-8f45-4cc5-a8b1-e2bd6cad48a0@group-853F78DB4750 is not the leader
	at java.base/java.util.concurrent.CompletableFuture.encodeThrowable(CompletableFuture.java:332)
	at java.base/java.util.concurrent.CompletableFuture.completeThrowable(CompletableFuture.java:347)
	at java.base/java.util.concurrent.CompletableFuture$UniAccept.tryFire(CompletableFuture.java:708)
	at java.base/java.util.concurrent.CompletableFuture.postComplete(CompletableFuture.java:510)
	at java.base/java.util.concurrent.CompletableFuture.completeExceptionally(CompletableFuture.java:2194)
	at org.apache.ratis.grpc.client.GrpcClientProtocolClient$AsyncStreamObservers.completeReplyExceptionally(GrpcClientProtocolClient.java:397)
	at org.apache.ratis.grpc.client.GrpcClientProtocolClient$AsyncStreamObservers.access$000(GrpcClientProtocolClient.java:303)
	at org.apache.ratis.grpc.client.GrpcClientProtocolClient$AsyncStreamObservers$1.onNext(GrpcClientProtocolClient.java:317)
	at org.apache.ratis.grpc.client.GrpcClientProtocolClient$AsyncStreamObservers$1.onNext(GrpcClientProtocolClient.java:308)
	at org.apache.ratis.thirdparty.io.grpc.stub.ClientCalls$StreamObserverToCallListenerAdapter.onMessage(ClientCalls.java:551)
	at org.apache.ratis.thirdparty.io.grpc.ForwardingClientCallListener.onMessage(ForwardingClientCallListener.java:33)
	at org.apache.ratis.thirdparty.io.grpc.internal.ClientCallImpl$ClientStreamListenerImpl$1MessagesAvailable.runInternal(ClientCallImpl.java:661)
	at org.apache.ratis.thirdparty.io.grpc.internal.ClientCallImpl$ClientStreamListenerImpl$1MessagesAvailable.runInContext(ClientCallImpl.java:648)
	at org.apache.ratis.thirdparty.io.grpc.internal.ContextRunnable.run(ContextRunnable.java:37)
	at org.apache.ratis.thirdparty.io.grpc.internal.SerializingExecutor.run(SerializingExecutor.java:133)
	at java.base/java.util.concurrent.ThreadPoolExecutor.runWorker(ThreadPoolExecutor.java:1144)
	at java.base/java.util.concurrent.ThreadPoolExecutor$Worker.run(ThreadPoolExecutor.java:642)
	at java.base/java.lang.Thread.run(Thread.java:1583)
Caused by: org.apache.ratis.protocol.exceptions.NotLeaderException: Server e114cbd1-8f45-4cc5-a8b1-e2bd6cad48a0@group-853F78DB4750 is not the leader
	at org.apache.ratis.client.impl.ClientProtoUtils.toRaftClientReply(ClientProtoUtils.java:402)
	at org.apache.ratis.grpc.client.GrpcClientProtocolClient$AsyncStreamObservers$1.onNext(GrpcClientProtocolClient.java:313)
	... 10 more
2025-09-13 17:32:23,031 [e114cbd1-8f45-4cc5-a8b1-e2bd6cad48a0@group-23D9289878C2-FollowerState] INFO  impl.FollowerState (FollowerState.java:runImpl(161)) - e114cbd1-8f45-4cc5-a8b1-e2bd6cad48a0@group-23D9289878C2-FollowerState: change to CANDIDATE, lastRpcElapsedTime:1138282795ns, electionTimeout:1138ms
2025-09-13 17:32:23,031 [e114cbd1-8f45-4cc5-a8b1-e2bd6cad48a0@group-23D9289878C2-FollowerState] INFO  impl.RoleInfo (RoleInfo.java:shutdownFollowerState(121)) - e114cbd1-8f45-4cc5-a8b1-e2bd6cad48a0: shutdown e114cbd1-8f45-4cc5-a8b1-e2bd6cad48a0@group-23D9289878C2-FollowerState
2025-09-13 17:32:23,032 [e114cbd1-8f45-4cc5-a8b1-e2bd6cad48a0@group-23D9289878C2-FollowerState] INFO  server.RaftServer$Division (RaftServerImpl.java:setRole(392)) - e114cbd1-8f45-4cc5-a8b1-e2bd6cad48a0@group-23D9289878C2: changes role from  FOLLOWER to CANDIDATE at term 1 for changeToCandidate
2025-09-13 17:32:23,032 [e114cbd1-8f45-4cc5-a8b1-e2bd6cad48a0@group-23D9289878C2-FollowerState] INFO  impl.RoleInfo (RoleInfo.java:updateAndGet(148)) - e114cbd1-8f45-4cc5-a8b1-e2bd6cad48a0: start e114cbd1-8f45-4cc5-a8b1-e2bd6cad48a0@group-23D9289878C2-LeaderElection113
2025-09-13 17:32:23,032 [e114cbd1-8f45-4cc5-a8b1-e2bd6cad48a0@group-23D9289878C2-LeaderElection113] INFO  impl.LeaderElection (LeaderElection.java:askForVotes(448)) - e114cbd1-8f45-4cc5-a8b1-e2bd6cad48a0@group-23D9289878C2-LeaderElection113 PRE_VOTE round 0: submit vote requests at term 1 for conf: {index: 0, cur=peers:[d3aade32-661d-499d-9068-ea1550ed8656|127.0.0.1:15055, beda0dcb-37da-4cca-bea2-e222cb1bc351|127.0.0.1:15039, e114cbd1-8f45-4cc5-a8b1-e2bd6cad48a0|127.0.0.1:15047]|listeners:[], old=null}
2025-09-13 17:32:23,033 [e114cbd1-8f45-4cc5-a8b1-e2bd6cad48a0@group-23D9289878C2-LeaderElection113] INFO  impl.LeaderElection (LogUtils.java:infoOrTrace(142)) - e114cbd1-8f45-4cc5-a8b1-e2bd6cad48a0@group-23D9289878C2-LeaderElection113 got exception when requesting votes: java.util.concurrent.ExecutionException: org.apache.ratis.thirdparty.io.grpc.StatusRuntimeException: UNAVAILABLE: io exception
2025-09-13 17:32:23,033 [e114cbd1-8f45-4cc5-a8b1-e2bd6cad48a0@group-23D9289878C2-LeaderElection113] INFO  impl.LeaderElection (LogUtils.java:infoOrTrace(142)) - e114cbd1-8f45-4cc5-a8b1-e2bd6cad48a0@group-23D9289878C2-LeaderElection113 got exception when requesting votes: java.util.concurrent.ExecutionException: org.apache.ratis.thirdparty.io.grpc.StatusRuntimeException: UNAVAILABLE: io exception
2025-09-13 17:32:23,033 [e114cbd1-8f45-4cc5-a8b1-e2bd6cad48a0@group-23D9289878C2-LeaderElection113] INFO  impl.LeaderElection (LeaderElection.java:logAndReturn(206)) - e114cbd1-8f45-4cc5-a8b1-e2bd6cad48a0@group-23D9289878C2-LeaderElection113: PRE_VOTE REJECTED received 0 response(s) and 2 exception(s):
2025-09-13 17:32:23,033 [e114cbd1-8f45-4cc5-a8b1-e2bd6cad48a0@group-23D9289878C2-LeaderElection113] INFO  impl.LeaderElection (LogUtils.java:infoOrTrace(142)) -   Exception 0: java.util.concurrent.ExecutionException: org.apache.ratis.thirdparty.io.grpc.StatusRuntimeException: UNAVAILABLE: io exception
2025-09-13 17:32:23,033 [e114cbd1-8f45-4cc5-a8b1-e2bd6cad48a0@group-23D9289878C2-LeaderElection113] INFO  impl.LeaderElection (LogUtils.java:infoOrTrace(142)) -   Exception 1: java.util.concurrent.ExecutionException: org.apache.ratis.thirdparty.io.grpc.StatusRuntimeException: UNAVAILABLE: io exception
2025-09-13 17:32:23,033 [e114cbd1-8f45-4cc5-a8b1-e2bd6cad48a0@group-23D9289878C2-LeaderElection113] INFO  impl.LeaderElection (LeaderElection.java:askForVotes(450)) - e114cbd1-8f45-4cc5-a8b1-e2bd6cad48a0@group-23D9289878C2-LeaderElection113 PRE_VOTE round 0: result REJECTED
2025-09-13 17:32:23,033 [e114cbd1-8f45-4cc5-a8b1-e2bd6cad48a0@group-23D9289878C2-LeaderElection113] INFO  server.RaftServer$Division (RaftServerImpl.java:setRole(392)) - e114cbd1-8f45-4cc5-a8b1-e2bd6cad48a0@group-23D9289878C2: changes role from CANDIDATE to FOLLOWER at term 1 for REJECTED
2025-09-13 17:32:23,033 [e114cbd1-8f45-4cc5-a8b1-e2bd6cad48a0@group-23D9289878C2-LeaderElection113] INFO  impl.RoleInfo (RoleInfo.java:shutdownLeaderElection(141)) - e114cbd1-8f45-4cc5-a8b1-e2bd6cad48a0: shutdown e114cbd1-8f45-4cc5-a8b1-e2bd6cad48a0@group-23D9289878C2-LeaderElection113
2025-09-13 17:32:23,033 [e114cbd1-8f45-4cc5-a8b1-e2bd6cad48a0@group-23D9289878C2-LeaderElection113] INFO  impl.RoleInfo (RoleInfo.java:updateAndGet(148)) - e114cbd1-8f45-4cc5-a8b1-e2bd6cad48a0: start e114cbd1-8f45-4cc5-a8b1-e2bd6cad48a0@group-23D9289878C2-FollowerState
2025-09-13 17:32:23,982 [e114cbd1-8f45-4cc5-a8b1-e2bd6cad48a0@group-853F78DB4750-FollowerState] INFO  impl.FollowerState (FollowerState.java:runImpl(161)) - e114cbd1-8f45-4cc5-a8b1-e2bd6cad48a0@group-853F78DB4750-FollowerState: change to CANDIDATE, lastRpcElapsedTime:1153273563ns, electionTimeout:1153ms
2025-09-13 17:32:23,982 [e114cbd1-8f45-4cc5-a8b1-e2bd6cad48a0@group-853F78DB4750-FollowerState] INFO  impl.RoleInfo (RoleInfo.java:shutdownFollowerState(121)) - e114cbd1-8f45-4cc5-a8b1-e2bd6cad48a0: shutdown e114cbd1-8f45-4cc5-a8b1-e2bd6cad48a0@group-853F78DB4750-FollowerState
2025-09-13 17:32:23,982 [e114cbd1-8f45-4cc5-a8b1-e2bd6cad48a0@group-853F78DB4750-FollowerState] INFO  server.RaftServer$Division (RaftServerImpl.java:setRole(392)) - e114cbd1-8f45-4cc5-a8b1-e2bd6cad48a0@group-853F78DB4750: changes role from  FOLLOWER to CANDIDATE at term 1 for changeToCandidate
2025-09-13 17:32:23,982 [e114cbd1-8f45-4cc5-a8b1-e2bd6cad48a0@group-853F78DB4750-FollowerState] INFO  impl.RoleInfo (RoleInfo.java:updateAndGet(148)) - e114cbd1-8f45-4cc5-a8b1-e2bd6cad48a0: start e114cbd1-8f45-4cc5-a8b1-e2bd6cad48a0@group-853F78DB4750-LeaderElection114
2025-09-13 17:32:23,983 [e114cbd1-8f45-4cc5-a8b1-e2bd6cad48a0@group-853F78DB4750-LeaderElection114] INFO  impl.LeaderElection (LeaderElection.java:askForVotes(448)) - e114cbd1-8f45-4cc5-a8b1-e2bd6cad48a0@group-853F78DB4750-LeaderElection114 PRE_VOTE round 0: submit vote requests at term 1 for conf: {index: 0, cur=peers:[d3aade32-661d-499d-9068-ea1550ed8656|127.0.0.1:15055, beda0dcb-37da-4cca-bea2-e222cb1bc351|127.0.0.1:15039, e114cbd1-8f45-4cc5-a8b1-e2bd6cad48a0|127.0.0.1:15047]|listeners:[], old=null}
2025-09-13 17:32:23,983 [e114cbd1-8f45-4cc5-a8b1-e2bd6cad48a0@group-853F78DB4750-LeaderElection114] INFO  impl.LeaderElection (LogUtils.java:infoOrTrace(142)) - e114cbd1-8f45-4cc5-a8b1-e2bd6cad48a0@group-853F78DB4750-LeaderElection114 got exception when requesting votes: java.util.concurrent.ExecutionException: org.apache.ratis.thirdparty.io.grpc.StatusRuntimeException: UNAVAILABLE: io exception
2025-09-13 17:32:23,983 [e114cbd1-8f45-4cc5-a8b1-e2bd6cad48a0@group-853F78DB4750-LeaderElection114] INFO  impl.LeaderElection (LogUtils.java:infoOrTrace(142)) - e114cbd1-8f45-4cc5-a8b1-e2bd6cad48a0@group-853F78DB4750-LeaderElection114 got exception when requesting votes: java.util.concurrent.ExecutionException: org.apache.ratis.thirdparty.io.grpc.StatusRuntimeException: UNAVAILABLE: io exception
2025-09-13 17:32:23,983 [e114cbd1-8f45-4cc5-a8b1-e2bd6cad48a0@group-853F78DB4750-LeaderElection114] INFO  impl.LeaderElection (LeaderElection.java:logAndReturn(206)) - e114cbd1-8f45-4cc5-a8b1-e2bd6cad48a0@group-853F78DB4750-LeaderElection114: PRE_VOTE REJECTED received 0 response(s) and 2 exception(s):
2025-09-13 17:32:23,983 [e114cbd1-8f45-4cc5-a8b1-e2bd6cad48a0@group-853F78DB4750-LeaderElection114] INFO  impl.LeaderElection (LogUtils.java:infoOrTrace(142)) -   Exception 0: java.util.concurrent.ExecutionException: org.apache.ratis.thirdparty.io.grpc.StatusRuntimeException: UNAVAILABLE: io exception
2025-09-13 17:32:23,983 [e114cbd1-8f45-4cc5-a8b1-e2bd6cad48a0@group-853F78DB4750-LeaderElection114] INFO  impl.LeaderElection (LogUtils.java:infoOrTrace(142)) -   Exception 1: java.util.concurrent.ExecutionException: org.apache.ratis.thirdparty.io.grpc.StatusRuntimeException: UNAVAILABLE: io exception
2025-09-13 17:32:23,983 [e114cbd1-8f45-4cc5-a8b1-e2bd6cad48a0@group-853F78DB4750-LeaderElection114] INFO  impl.LeaderElection (LeaderElection.java:askForVotes(450)) - e114cbd1-8f45-4cc5-a8b1-e2bd6cad48a0@group-853F78DB4750-LeaderElection114 PRE_VOTE round 0: result REJECTED
2025-09-13 17:32:23,983 [e114cbd1-8f45-4cc5-a8b1-e2bd6cad48a0@group-853F78DB4750-LeaderElection114] INFO  server.RaftServer$Division (RaftServerImpl.java:setRole(392)) - e114cbd1-8f45-4cc5-a8b1-e2bd6cad48a0@group-853F78DB4750: changes role from CANDIDATE to FOLLOWER at term 1 for REJECTED
2025-09-13 17:32:23,984 [e114cbd1-8f45-4cc5-a8b1-e2bd6cad48a0@group-853F78DB4750-LeaderElection114] INFO  impl.RoleInfo (RoleInfo.java:shutdownLeaderElection(141)) - e114cbd1-8f45-4cc5-a8b1-e2bd6cad48a0: shutdown e114cbd1-8f45-4cc5-a8b1-e2bd6cad48a0@group-853F78DB4750-LeaderElection114
2025-09-13 17:32:23,984 [e114cbd1-8f45-4cc5-a8b1-e2bd6cad48a0@group-853F78DB4750-LeaderElection114] INFO  impl.RoleInfo (RoleInfo.java:updateAndGet(148)) - e114cbd1-8f45-4cc5-a8b1-e2bd6cad48a0: start e114cbd1-8f45-4cc5-a8b1-e2bd6cad48a0@group-853F78DB4750-FollowerState
2025-09-13 17:32:24,040 [e114cbd1-8f45-4cc5-a8b1-e2bd6cad48a0@group-23D9289878C2-FollowerState] INFO  impl.FollowerState (FollowerState.java:runImpl(161)) - e114cbd1-8f45-4cc5-a8b1-e2bd6cad48a0@group-23D9289878C2-FollowerState: change to CANDIDATE, lastRpcElapsedTime:1007344367ns, electionTimeout:1007ms
2025-09-13 17:32:24,040 [e114cbd1-8f45-4cc5-a8b1-e2bd6cad48a0@group-23D9289878C2-FollowerState] INFO  impl.RoleInfo (RoleInfo.java:shutdownFollowerState(121)) - e114cbd1-8f45-4cc5-a8b1-e2bd6cad48a0: shutdown e114cbd1-8f45-4cc5-a8b1-e2bd6cad48a0@group-23D9289878C2-FollowerState
2025-09-13 17:32:24,040 [e114cbd1-8f45-4cc5-a8b1-e2bd6cad48a0@group-23D9289878C2-FollowerState] INFO  server.RaftServer$Division (RaftServerImpl.java:setRole(392)) - e114cbd1-8f45-4cc5-a8b1-e2bd6cad48a0@group-23D9289878C2: changes role from  FOLLOWER to CANDIDATE at term 1 for changeToCandidate
2025-09-13 17:32:24,040 [e114cbd1-8f45-4cc5-a8b1-e2bd6cad48a0@group-23D9289878C2-FollowerState] INFO  impl.RoleInfo (RoleInfo.java:updateAndGet(148)) - e114cbd1-8f45-4cc5-a8b1-e2bd6cad48a0: start e114cbd1-8f45-4cc5-a8b1-e2bd6cad48a0@group-23D9289878C2-LeaderElection115
2025-09-13 17:32:24,041 [e114cbd1-8f45-4cc5-a8b1-e2bd6cad48a0@group-23D9289878C2-LeaderElection115] INFO  impl.LeaderElection (LeaderElection.java:askForVotes(448)) - e114cbd1-8f45-4cc5-a8b1-e2bd6cad48a0@group-23D9289878C2-LeaderElection115 PRE_VOTE round 0: submit vote requests at term 1 for conf: {index: 0, cur=peers:[d3aade32-661d-499d-9068-ea1550ed8656|127.0.0.1:15055, beda0dcb-37da-4cca-bea2-e222cb1bc351|127.0.0.1:15039, e114cbd1-8f45-4cc5-a8b1-e2bd6cad48a0|127.0.0.1:15047]|listeners:[], old=null}
2025-09-13 17:32:24,041 [e114cbd1-8f45-4cc5-a8b1-e2bd6cad48a0@group-23D9289878C2-LeaderElection115] INFO  impl.LeaderElection (LogUtils.java:infoOrTrace(142)) - e114cbd1-8f45-4cc5-a8b1-e2bd6cad48a0@group-23D9289878C2-LeaderElection115 got exception when requesting votes: java.util.concurrent.ExecutionException: org.apache.ratis.thirdparty.io.grpc.StatusRuntimeException: UNAVAILABLE: io exception
2025-09-13 17:32:24,041 [e114cbd1-8f45-4cc5-a8b1-e2bd6cad48a0@group-23D9289878C2-LeaderElection115] INFO  impl.LeaderElection (LogUtils.java:infoOrTrace(142)) - e114cbd1-8f45-4cc5-a8b1-e2bd6cad48a0@group-23D9289878C2-LeaderElection115 got exception when requesting votes: java.util.concurrent.ExecutionException: org.apache.ratis.thirdparty.io.grpc.StatusRuntimeException: UNAVAILABLE: io exception
2025-09-13 17:32:24,041 [e114cbd1-8f45-4cc5-a8b1-e2bd6cad48a0@group-23D9289878C2-LeaderElection115] INFO  impl.LeaderElection (LeaderElection.java:logAndReturn(206)) - e114cbd1-8f45-4cc5-a8b1-e2bd6cad48a0@group-23D9289878C2-LeaderElection115: PRE_VOTE REJECTED received 0 response(s) and 2 exception(s):
2025-09-13 17:32:24,041 [e114cbd1-8f45-4cc5-a8b1-e2bd6cad48a0@group-23D9289878C2-LeaderElection115] INFO  impl.LeaderElection (LogUtils.java:infoOrTrace(142)) -   Exception 0: java.util.concurrent.ExecutionException: org.apache.ratis.thirdparty.io.grpc.StatusRuntimeException: UNAVAILABLE: io exception
2025-09-13 17:32:24,041 [e114cbd1-8f45-4cc5-a8b1-e2bd6cad48a0@group-23D9289878C2-LeaderElection115] INFO  impl.LeaderElection (LogUtils.java:infoOrTrace(142)) -   Exception 1: java.util.concurrent.ExecutionException: org.apache.ratis.thirdparty.io.grpc.StatusRuntimeException: UNAVAILABLE: io exception
2025-09-13 17:32:24,041 [e114cbd1-8f45-4cc5-a8b1-e2bd6cad48a0@group-23D9289878C2-LeaderElection115] INFO  impl.LeaderElection (LeaderElection.java:askForVotes(450)) - e114cbd1-8f45-4cc5-a8b1-e2bd6cad48a0@group-23D9289878C2-LeaderElection115 PRE_VOTE round 0: result REJECTED
2025-09-13 17:32:24,041 [e114cbd1-8f45-4cc5-a8b1-e2bd6cad48a0@group-23D9289878C2-LeaderElection115] INFO  server.RaftServer$Division (RaftServerImpl.java:setRole(392)) - e114cbd1-8f45-4cc5-a8b1-e2bd6cad48a0@group-23D9289878C2: changes role from CANDIDATE to FOLLOWER at term 1 for REJECTED
2025-09-13 17:32:24,041 [e114cbd1-8f45-4cc5-a8b1-e2bd6cad48a0@group-23D9289878C2-LeaderElection115] INFO  impl.RoleInfo (RoleInfo.java:shutdownLeaderElection(141)) - e114cbd1-8f45-4cc5-a8b1-e2bd6cad48a0: shutdown e114cbd1-8f45-4cc5-a8b1-e2bd6cad48a0@group-23D9289878C2-LeaderElection115
2025-09-13 17:32:24,042 [e114cbd1-8f45-4cc5-a8b1-e2bd6cad48a0@group-23D9289878C2-LeaderElection115] INFO  impl.RoleInfo (RoleInfo.java:updateAndGet(148)) - e114cbd1-8f45-4cc5-a8b1-e2bd6cad48a0: start e114cbd1-8f45-4cc5-a8b1-e2bd6cad48a0@group-23D9289878C2-FollowerState
2025-09-13 17:32:25,008 [e114cbd1-8f45-4cc5-a8b1-e2bd6cad48a0@group-853F78DB4750-FollowerState] INFO  impl.FollowerState (FollowerState.java:runImpl(161)) - e114cbd1-8f45-4cc5-a8b1-e2bd6cad48a0@group-853F78DB4750-FollowerState: change to CANDIDATE, lastRpcElapsedTime:1024268544ns, electionTimeout:1024ms
2025-09-13 17:32:25,008 [e114cbd1-8f45-4cc5-a8b1-e2bd6cad48a0@group-853F78DB4750-FollowerState] INFO  impl.RoleInfo (RoleInfo.java:shutdownFollowerState(121)) - e114cbd1-8f45-4cc5-a8b1-e2bd6cad48a0: shutdown e114cbd1-8f45-4cc5-a8b1-e2bd6cad48a0@group-853F78DB4750-FollowerState
2025-09-13 17:32:25,008 [e114cbd1-8f45-4cc5-a8b1-e2bd6cad48a0@group-853F78DB4750-FollowerState] INFO  server.RaftServer$Division (RaftServerImpl.java:setRole(392)) - e114cbd1-8f45-4cc5-a8b1-e2bd6cad48a0@group-853F78DB4750: changes role from  FOLLOWER to CANDIDATE at term 1 for changeToCandidate
2025-09-13 17:32:25,008 [e114cbd1-8f45-4cc5-a8b1-e2bd6cad48a0@group-853F78DB4750-FollowerState] INFO  impl.RoleInfo (RoleInfo.java:updateAndGet(148)) - e114cbd1-8f45-4cc5-a8b1-e2bd6cad48a0: start e114cbd1-8f45-4cc5-a8b1-e2bd6cad48a0@group-853F78DB4750-LeaderElection116
2025-09-13 17:32:25,008 [e114cbd1-8f45-4cc5-a8b1-e2bd6cad48a0@group-853F78DB4750-LeaderElection116] INFO  impl.LeaderElection (LeaderElection.java:askForVotes(448)) - e114cbd1-8f45-4cc5-a8b1-e2bd6cad48a0@group-853F78DB4750-LeaderElection116 PRE_VOTE round 0: submit vote requests at term 1 for conf: {index: 0, cur=peers:[d3aade32-661d-499d-9068-ea1550ed8656|127.0.0.1:15055, beda0dcb-37da-4cca-bea2-e222cb1bc351|127.0.0.1:15039, e114cbd1-8f45-4cc5-a8b1-e2bd6cad48a0|127.0.0.1:15047]|listeners:[], old=null}
2025-09-13 17:32:25,009 [e114cbd1-8f45-4cc5-a8b1-e2bd6cad48a0@group-853F78DB4750-LeaderElection116] INFO  impl.LeaderElection (LogUtils.java:infoOrTrace(142)) - e114cbd1-8f45-4cc5-a8b1-e2bd6cad48a0@group-853F78DB4750-LeaderElection116 got exception when requesting votes: java.util.concurrent.ExecutionException: org.apache.ratis.thirdparty.io.grpc.StatusRuntimeException: UNAVAILABLE: io exception
2025-09-13 17:32:25,009 [e114cbd1-8f45-4cc5-a8b1-e2bd6cad48a0@group-853F78DB4750-LeaderElection116] INFO  impl.LeaderElection (LogUtils.java:infoOrTrace(142)) - e114cbd1-8f45-4cc5-a8b1-e2bd6cad48a0@group-853F78DB4750-LeaderElection116 got exception when requesting votes: java.util.concurrent.ExecutionException: org.apache.ratis.thirdparty.io.grpc.StatusRuntimeException: UNAVAILABLE: io exception
2025-09-13 17:32:25,009 [e114cbd1-8f45-4cc5-a8b1-e2bd6cad48a0@group-853F78DB4750-LeaderElection116] INFO  impl.LeaderElection (LeaderElection.java:logAndReturn(206)) - e114cbd1-8f45-4cc5-a8b1-e2bd6cad48a0@group-853F78DB4750-LeaderElection116: PRE_VOTE REJECTED received 0 response(s) and 2 exception(s):
2025-09-13 17:32:25,009 [e114cbd1-8f45-4cc5-a8b1-e2bd6cad48a0@group-853F78DB4750-LeaderElection116] INFO  impl.LeaderElection (LogUtils.java:infoOrTrace(142)) -   Exception 0: java.util.concurrent.ExecutionException: org.apache.ratis.thirdparty.io.grpc.StatusRuntimeException: UNAVAILABLE: io exception
2025-09-13 17:32:25,009 [e114cbd1-8f45-4cc5-a8b1-e2bd6cad48a0@group-853F78DB4750-LeaderElection116] INFO  impl.LeaderElection (LogUtils.java:infoOrTrace(142)) -   Exception 1: java.util.concurrent.ExecutionException: org.apache.ratis.thirdparty.io.grpc.StatusRuntimeException: UNAVAILABLE: io exception
2025-09-13 17:32:25,009 [e114cbd1-8f45-4cc5-a8b1-e2bd6cad48a0@group-853F78DB4750-LeaderElection116] INFO  impl.LeaderElection (LeaderElection.java:askForVotes(450)) - e114cbd1-8f45-4cc5-a8b1-e2bd6cad48a0@group-853F78DB4750-LeaderElection116 PRE_VOTE round 0: result REJECTED
2025-09-13 17:32:25,009 [e114cbd1-8f45-4cc5-a8b1-e2bd6cad48a0@group-853F78DB4750-LeaderElection116] INFO  server.RaftServer$Division (RaftServerImpl.java:setRole(392)) - e114cbd1-8f45-4cc5-a8b1-e2bd6cad48a0@group-853F78DB4750: changes role from CANDIDATE to FOLLOWER at term 1 for REJECTED
2025-09-13 17:32:25,009 [e114cbd1-8f45-4cc5-a8b1-e2bd6cad48a0@group-853F78DB4750-LeaderElection116] INFO  impl.RoleInfo (RoleInfo.java:shutdownLeaderElection(141)) - e114cbd1-8f45-4cc5-a8b1-e2bd6cad48a0: shutdown e114cbd1-8f45-4cc5-a8b1-e2bd6cad48a0@group-853F78DB4750-LeaderElection116
2025-09-13 17:32:25,009 [e114cbd1-8f45-4cc5-a8b1-e2bd6cad48a0@group-853F78DB4750-LeaderElection116] INFO  impl.RoleInfo (RoleInfo.java:updateAndGet(148)) - e114cbd1-8f45-4cc5-a8b1-e2bd6cad48a0: start e114cbd1-8f45-4cc5-a8b1-e2bd6cad48a0@group-853F78DB4750-FollowerState
2025-09-13 17:32:25,077 [e114cbd1-8f45-4cc5-a8b1-e2bd6cad48a0@group-23D9289878C2-FollowerState] INFO  impl.FollowerState (FollowerState.java:runImpl(161)) - e114cbd1-8f45-4cc5-a8b1-e2bd6cad48a0@group-23D9289878C2-FollowerState: change to CANDIDATE, lastRpcElapsedTime:1035308086ns, electionTimeout:1035ms
2025-09-13 17:32:25,077 [e114cbd1-8f45-4cc5-a8b1-e2bd6cad48a0@group-23D9289878C2-FollowerState] INFO  impl.RoleInfo (RoleInfo.java:shutdownFollowerState(121)) - e114cbd1-8f45-4cc5-a8b1-e2bd6cad48a0: shutdown e114cbd1-8f45-4cc5-a8b1-e2bd6cad48a0@group-23D9289878C2-FollowerState
2025-09-13 17:32:25,077 [e114cbd1-8f45-4cc5-a8b1-e2bd6cad48a0@group-23D9289878C2-FollowerState] INFO  server.RaftServer$Division (RaftServerImpl.java:setRole(392)) - e114cbd1-8f45-4cc5-a8b1-e2bd6cad48a0@group-23D9289878C2: changes role from  FOLLOWER to CANDIDATE at term 1 for changeToCandidate
2025-09-13 17:32:25,077 [e114cbd1-8f45-4cc5-a8b1-e2bd6cad48a0@group-23D9289878C2-FollowerState] INFO  impl.RoleInfo (RoleInfo.java:updateAndGet(148)) - e114cbd1-8f45-4cc5-a8b1-e2bd6cad48a0: start e114cbd1-8f45-4cc5-a8b1-e2bd6cad48a0@group-23D9289878C2-LeaderElection117
2025-09-13 17:32:25,077 [e114cbd1-8f45-4cc5-a8b1-e2bd6cad48a0@group-23D9289878C2-LeaderElection117] INFO  impl.LeaderElection (LeaderElection.java:askForVotes(448)) - e114cbd1-8f45-4cc5-a8b1-e2bd6cad48a0@group-23D9289878C2-LeaderElection117 PRE_VOTE round 0: submit vote requests at term 1 for conf: {index: 0, cur=peers:[d3aade32-661d-499d-9068-ea1550ed8656|127.0.0.1:15055, beda0dcb-37da-4cca-bea2-e222cb1bc351|127.0.0.1:15039, e114cbd1-8f45-4cc5-a8b1-e2bd6cad48a0|127.0.0.1:15047]|listeners:[], old=null}
2025-09-13 17:32:25,078 [e114cbd1-8f45-4cc5-a8b1-e2bd6cad48a0@group-23D9289878C2-LeaderElection117] INFO  impl.LeaderElection (LogUtils.java:infoOrTrace(142)) - e114cbd1-8f45-4cc5-a8b1-e2bd6cad48a0@group-23D9289878C2-LeaderElection117 got exception when requesting votes: java.util.concurrent.ExecutionException: org.apache.ratis.thirdparty.io.grpc.StatusRuntimeException: UNAVAILABLE: io exception
2025-09-13 17:32:25,078 [e114cbd1-8f45-4cc5-a8b1-e2bd6cad48a0@group-23D9289878C2-LeaderElection117] INFO  impl.LeaderElection (LogUtils.java:infoOrTrace(142)) - e114cbd1-8f45-4cc5-a8b1-e2bd6cad48a0@group-23D9289878C2-LeaderElection117 got exception when requesting votes: java.util.concurrent.ExecutionException: org.apache.ratis.thirdparty.io.grpc.StatusRuntimeException: UNAVAILABLE: io exception
2025-09-13 17:32:25,078 [e114cbd1-8f45-4cc5-a8b1-e2bd6cad48a0@group-23D9289878C2-LeaderElection117] INFO  impl.LeaderElection (LeaderElection.java:logAndReturn(206)) - e114cbd1-8f45-4cc5-a8b1-e2bd6cad48a0@group-23D9289878C2-LeaderElection117: PRE_VOTE REJECTED received 0 response(s) and 2 exception(s):
2025-09-13 17:32:25,078 [e114cbd1-8f45-4cc5-a8b1-e2bd6cad48a0@group-23D9289878C2-LeaderElection117] INFO  impl.LeaderElection (LogUtils.java:infoOrTrace(142)) -   Exception 0: java.util.concurrent.ExecutionException: org.apache.ratis.thirdparty.io.grpc.StatusRuntimeException: UNAVAILABLE: io exception
2025-09-13 17:32:25,078 [e114cbd1-8f45-4cc5-a8b1-e2bd6cad48a0@group-23D9289878C2-LeaderElection117] INFO  impl.LeaderElection (LogUtils.java:infoOrTrace(142)) -   Exception 1: java.util.concurrent.ExecutionException: org.apache.ratis.thirdparty.io.grpc.StatusRuntimeException: UNAVAILABLE: io exception
2025-09-13 17:32:25,078 [e114cbd1-8f45-4cc5-a8b1-e2bd6cad48a0@group-23D9289878C2-LeaderElection117] INFO  impl.LeaderElection (LeaderElection.java:askForVotes(450)) - e114cbd1-8f45-4cc5-a8b1-e2bd6cad48a0@group-23D9289878C2-LeaderElection117 PRE_VOTE round 0: result REJECTED
2025-09-13 17:32:25,078 [e114cbd1-8f45-4cc5-a8b1-e2bd6cad48a0@group-23D9289878C2-LeaderElection117] INFO  server.RaftServer$Division (RaftServerImpl.java:setRole(392)) - e114cbd1-8f45-4cc5-a8b1-e2bd6cad48a0@group-23D9289878C2: changes role from CANDIDATE to FOLLOWER at term 1 for REJECTED
2025-09-13 17:32:25,078 [e114cbd1-8f45-4cc5-a8b1-e2bd6cad48a0@group-23D9289878C2-LeaderElection117] INFO  impl.RoleInfo (RoleInfo.java:shutdownLeaderElection(141)) - e114cbd1-8f45-4cc5-a8b1-e2bd6cad48a0: shutdown e114cbd1-8f45-4cc5-a8b1-e2bd6cad48a0@group-23D9289878C2-LeaderElection117
2025-09-13 17:32:25,078 [e114cbd1-8f45-4cc5-a8b1-e2bd6cad48a0@group-23D9289878C2-LeaderElection117] INFO  impl.RoleInfo (RoleInfo.java:updateAndGet(148)) - e114cbd1-8f45-4cc5-a8b1-e2bd6cad48a0: start e114cbd1-8f45-4cc5-a8b1-e2bd6cad48a0@group-23D9289878C2-FollowerState
2025-09-13 17:32:26,010 [e114cbd1-8f45-4cc5-a8b1-e2bd6cad48a0@group-853F78DB4750-FollowerState] INFO  impl.FollowerState (FollowerState.java:runImpl(161)) - e114cbd1-8f45-4cc5-a8b1-e2bd6cad48a0@group-853F78DB4750-FollowerState: change to CANDIDATE, lastRpcElapsedTime:1000250186ns, electionTimeout:1000ms
2025-09-13 17:32:26,010 [e114cbd1-8f45-4cc5-a8b1-e2bd6cad48a0@group-853F78DB4750-FollowerState] INFO  impl.RoleInfo (RoleInfo.java:shutdownFollowerState(121)) - e114cbd1-8f45-4cc5-a8b1-e2bd6cad48a0: shutdown e114cbd1-8f45-4cc5-a8b1-e2bd6cad48a0@group-853F78DB4750-FollowerState
2025-09-13 17:32:26,010 [e114cbd1-8f45-4cc5-a8b1-e2bd6cad48a0@group-853F78DB4750-FollowerState] INFO  server.RaftServer$Division (RaftServerImpl.java:setRole(392)) - e114cbd1-8f45-4cc5-a8b1-e2bd6cad48a0@group-853F78DB4750: changes role from  FOLLOWER to CANDIDATE at term 1 for changeToCandidate
2025-09-13 17:32:26,010 [e114cbd1-8f45-4cc5-a8b1-e2bd6cad48a0@group-853F78DB4750-FollowerState] INFO  impl.RoleInfo (RoleInfo.java:updateAndGet(148)) - e114cbd1-8f45-4cc5-a8b1-e2bd6cad48a0: start e114cbd1-8f45-4cc5-a8b1-e2bd6cad48a0@group-853F78DB4750-LeaderElection118
2025-09-13 17:32:26,010 [e114cbd1-8f45-4cc5-a8b1-e2bd6cad48a0@group-853F78DB4750-LeaderElection118] INFO  impl.LeaderElection (LeaderElection.java:askForVotes(448)) - e114cbd1-8f45-4cc5-a8b1-e2bd6cad48a0@group-853F78DB4750-LeaderElection118 PRE_VOTE round 0: submit vote requests at term 1 for conf: {index: 0, cur=peers:[d3aade32-661d-499d-9068-ea1550ed8656|127.0.0.1:15055, beda0dcb-37da-4cca-bea2-e222cb1bc351|127.0.0.1:15039, e114cbd1-8f45-4cc5-a8b1-e2bd6cad48a0|127.0.0.1:15047]|listeners:[], old=null}
2025-09-13 17:32:26,011 [e114cbd1-8f45-4cc5-a8b1-e2bd6cad48a0@group-853F78DB4750-LeaderElection118] INFO  impl.LeaderElection (LogUtils.java:infoOrTrace(142)) - e114cbd1-8f45-4cc5-a8b1-e2bd6cad48a0@group-853F78DB4750-LeaderElection118 got exception when requesting votes: java.util.concurrent.ExecutionException: org.apache.ratis.thirdparty.io.grpc.StatusRuntimeException: UNAVAILABLE: io exception
2025-09-13 17:32:26,011 [e114cbd1-8f45-4cc5-a8b1-e2bd6cad48a0@group-853F78DB4750-LeaderElection118] INFO  impl.LeaderElection (LogUtils.java:infoOrTrace(142)) - e114cbd1-8f45-4cc5-a8b1-e2bd6cad48a0@group-853F78DB4750-LeaderElection118 got exception when requesting votes: java.util.concurrent.ExecutionException: org.apache.ratis.thirdparty.io.grpc.StatusRuntimeException: UNAVAILABLE: io exception
2025-09-13 17:32:26,011 [e114cbd1-8f45-4cc5-a8b1-e2bd6cad48a0@group-853F78DB4750-LeaderElection118] INFO  impl.LeaderElection (LeaderElection.java:logAndReturn(206)) - e114cbd1-8f45-4cc5-a8b1-e2bd6cad48a0@group-853F78DB4750-LeaderElection118: PRE_VOTE REJECTED received 0 response(s) and 2 exception(s):
2025-09-13 17:32:26,011 [e114cbd1-8f45-4cc5-a8b1-e2bd6cad48a0@group-853F78DB4750-LeaderElection118] INFO  impl.LeaderElection (LogUtils.java:infoOrTrace(142)) -   Exception 0: java.util.concurrent.ExecutionException: org.apache.ratis.thirdparty.io.grpc.StatusRuntimeException: UNAVAILABLE: io exception
2025-09-13 17:32:26,011 [e114cbd1-8f45-4cc5-a8b1-e2bd6cad48a0@group-853F78DB4750-LeaderElection118] INFO  impl.LeaderElection (LogUtils.java:infoOrTrace(142)) -   Exception 1: java.util.concurrent.ExecutionException: org.apache.ratis.thirdparty.io.grpc.StatusRuntimeException: UNAVAILABLE: io exception
2025-09-13 17:32:26,011 [e114cbd1-8f45-4cc5-a8b1-e2bd6cad48a0@group-853F78DB4750-LeaderElection118] INFO  impl.LeaderElection (LeaderElection.java:askForVotes(450)) - e114cbd1-8f45-4cc5-a8b1-e2bd6cad48a0@group-853F78DB4750-LeaderElection118 PRE_VOTE round 0: result REJECTED
2025-09-13 17:32:26,011 [e114cbd1-8f45-4cc5-a8b1-e2bd6cad48a0@group-853F78DB4750-LeaderElection118] INFO  server.RaftServer$Division (RaftServerImpl.java:setRole(392)) - e114cbd1-8f45-4cc5-a8b1-e2bd6cad48a0@group-853F78DB4750: changes role from CANDIDATE to FOLLOWER at term 1 for REJECTED
2025-09-13 17:32:26,011 [e114cbd1-8f45-4cc5-a8b1-e2bd6cad48a0@group-853F78DB4750-LeaderElection118] INFO  impl.RoleInfo (RoleInfo.java:shutdownLeaderElection(141)) - e114cbd1-8f45-4cc5-a8b1-e2bd6cad48a0: shutdown e114cbd1-8f45-4cc5-a8b1-e2bd6cad48a0@group-853F78DB4750-LeaderElection118
2025-09-13 17:32:26,011 [e114cbd1-8f45-4cc5-a8b1-e2bd6cad48a0@group-853F78DB4750-LeaderElection118] INFO  impl.RoleInfo (RoleInfo.java:updateAndGet(148)) - e114cbd1-8f45-4cc5-a8b1-e2bd6cad48a0: start e114cbd1-8f45-4cc5-a8b1-e2bd6cad48a0@group-853F78DB4750-FollowerState
2025-09-13 17:32:26,272 [e114cbd1-8f45-4cc5-a8b1-e2bd6cad48a0@group-23D9289878C2-FollowerState] INFO  impl.FollowerState (FollowerState.java:runImpl(161)) - e114cbd1-8f45-4cc5-a8b1-e2bd6cad48a0@group-23D9289878C2-FollowerState: change to CANDIDATE, lastRpcElapsedTime:1193482461ns, electionTimeout:1193ms
2025-09-13 17:32:26,272 [e114cbd1-8f45-4cc5-a8b1-e2bd6cad48a0@group-23D9289878C2-FollowerState] INFO  impl.RoleInfo (RoleInfo.java:shutdownFollowerState(121)) - e114cbd1-8f45-4cc5-a8b1-e2bd6cad48a0: shutdown e114cbd1-8f45-4cc5-a8b1-e2bd6cad48a0@group-23D9289878C2-FollowerState
2025-09-13 17:32:26,272 [e114cbd1-8f45-4cc5-a8b1-e2bd6cad48a0@group-23D9289878C2-FollowerState] INFO  server.RaftServer$Division (RaftServerImpl.java:setRole(392)) - e114cbd1-8f45-4cc5-a8b1-e2bd6cad48a0@group-23D9289878C2: changes role from  FOLLOWER to CANDIDATE at term 1 for changeToCandidate
2025-09-13 17:32:26,272 [e114cbd1-8f45-4cc5-a8b1-e2bd6cad48a0@group-23D9289878C2-FollowerState] INFO  impl.RoleInfo (RoleInfo.java:updateAndGet(148)) - e114cbd1-8f45-4cc5-a8b1-e2bd6cad48a0: start e114cbd1-8f45-4cc5-a8b1-e2bd6cad48a0@group-23D9289878C2-LeaderElection119
2025-09-13 17:32:26,272 [e114cbd1-8f45-4cc5-a8b1-e2bd6cad48a0@group-23D9289878C2-LeaderElection119] INFO  impl.LeaderElection (LeaderElection.java:askForVotes(448)) - e114cbd1-8f45-4cc5-a8b1-e2bd6cad48a0@group-23D9289878C2-LeaderElection119 PRE_VOTE round 0: submit vote requests at term 1 for conf: {index: 0, cur=peers:[d3aade32-661d-499d-9068-ea1550ed8656|127.0.0.1:15055, beda0dcb-37da-4cca-bea2-e222cb1bc351|127.0.0.1:15039, e114cbd1-8f45-4cc5-a8b1-e2bd6cad48a0|127.0.0.1:15047]|listeners:[], old=null}
2025-09-13 17:32:26,273 [e114cbd1-8f45-4cc5-a8b1-e2bd6cad48a0@group-23D9289878C2-LeaderElection119] INFO  impl.LeaderElection (LogUtils.java:infoOrTrace(142)) - e114cbd1-8f45-4cc5-a8b1-e2bd6cad48a0@group-23D9289878C2-LeaderElection119 got exception when requesting votes: java.util.concurrent.ExecutionException: org.apache.ratis.thirdparty.io.grpc.StatusRuntimeException: UNAVAILABLE: io exception
2025-09-13 17:32:26,274 [e114cbd1-8f45-4cc5-a8b1-e2bd6cad48a0@group-23D9289878C2-LeaderElection119] INFO  impl.LeaderElection (LogUtils.java:infoOrTrace(142)) - e114cbd1-8f45-4cc5-a8b1-e2bd6cad48a0@group-23D9289878C2-LeaderElection119 got exception when requesting votes: java.util.concurrent.ExecutionException: org.apache.ratis.thirdparty.io.grpc.StatusRuntimeException: UNAVAILABLE: io exception
2025-09-13 17:32:26,274 [e114cbd1-8f45-4cc5-a8b1-e2bd6cad48a0@group-23D9289878C2-LeaderElection119] INFO  impl.LeaderElection (LeaderElection.java:logAndReturn(206)) - e114cbd1-8f45-4cc5-a8b1-e2bd6cad48a0@group-23D9289878C2-LeaderElection119: PRE_VOTE REJECTED received 0 response(s) and 2 exception(s):
2025-09-13 17:32:26,274 [e114cbd1-8f45-4cc5-a8b1-e2bd6cad48a0@group-23D9289878C2-LeaderElection119] INFO  impl.LeaderElection (LogUtils.java:infoOrTrace(142)) -   Exception 0: java.util.concurrent.ExecutionException: org.apache.ratis.thirdparty.io.grpc.StatusRuntimeException: UNAVAILABLE: io exception
2025-09-13 17:32:26,274 [e114cbd1-8f45-4cc5-a8b1-e2bd6cad48a0@group-23D9289878C2-LeaderElection119] INFO  impl.LeaderElection (LogUtils.java:infoOrTrace(142)) -   Exception 1: java.util.concurrent.ExecutionException: org.apache.ratis.thirdparty.io.grpc.StatusRuntimeException: UNAVAILABLE: io exception
2025-09-13 17:32:26,274 [e114cbd1-8f45-4cc5-a8b1-e2bd6cad48a0@group-23D9289878C2-LeaderElection119] INFO  impl.LeaderElection (LeaderElection.java:askForVotes(450)) - e114cbd1-8f45-4cc5-a8b1-e2bd6cad48a0@group-23D9289878C2-LeaderElection119 PRE_VOTE round 0: result REJECTED
2025-09-13 17:32:26,274 [e114cbd1-8f45-4cc5-a8b1-e2bd6cad48a0@group-23D9289878C2-LeaderElection119] INFO  server.RaftServer$Division (RaftServerImpl.java:setRole(392)) - e114cbd1-8f45-4cc5-a8b1-e2bd6cad48a0@group-23D9289878C2: changes role from CANDIDATE to FOLLOWER at term 1 for REJECTED
2025-09-13 17:32:26,274 [e114cbd1-8f45-4cc5-a8b1-e2bd6cad48a0@group-23D9289878C2-LeaderElection119] INFO  impl.RoleInfo (RoleInfo.java:shutdownLeaderElection(141)) - e114cbd1-8f45-4cc5-a8b1-e2bd6cad48a0: shutdown e114cbd1-8f45-4cc5-a8b1-e2bd6cad48a0@group-23D9289878C2-LeaderElection119
2025-09-13 17:32:26,274 [e114cbd1-8f45-4cc5-a8b1-e2bd6cad48a0@group-23D9289878C2-LeaderElection119] INFO  impl.RoleInfo (RoleInfo.java:updateAndGet(148)) - e114cbd1-8f45-4cc5-a8b1-e2bd6cad48a0: start e114cbd1-8f45-4cc5-a8b1-e2bd6cad48a0@group-23D9289878C2-FollowerState
2025-09-13 17:32:27,057 [e114cbd1-8f45-4cc5-a8b1-e2bd6cad48a0@group-853F78DB4750-FollowerState] INFO  impl.FollowerState (FollowerState.java:runImpl(161)) - e114cbd1-8f45-4cc5-a8b1-e2bd6cad48a0@group-853F78DB4750-FollowerState: change to CANDIDATE, lastRpcElapsedTime:1046273212ns, electionTimeout:1046ms
2025-09-13 17:32:27,058 [e114cbd1-8f45-4cc5-a8b1-e2bd6cad48a0@group-853F78DB4750-FollowerState] INFO  impl.RoleInfo (RoleInfo.java:shutdownFollowerState(121)) - e114cbd1-8f45-4cc5-a8b1-e2bd6cad48a0: shutdown e114cbd1-8f45-4cc5-a8b1-e2bd6cad48a0@group-853F78DB4750-FollowerState
2025-09-13 17:32:27,058 [e114cbd1-8f45-4cc5-a8b1-e2bd6cad48a0@group-853F78DB4750-FollowerState] INFO  server.RaftServer$Division (RaftServerImpl.java:setRole(392)) - e114cbd1-8f45-4cc5-a8b1-e2bd6cad48a0@group-853F78DB4750: changes role from  FOLLOWER to CANDIDATE at term 1 for changeToCandidate
2025-09-13 17:32:27,066 [e114cbd1-8f45-4cc5-a8b1-e2bd6cad48a0@group-853F78DB4750-FollowerState] INFO  impl.RoleInfo (RoleInfo.java:updateAndGet(148)) - e114cbd1-8f45-4cc5-a8b1-e2bd6cad48a0: start e114cbd1-8f45-4cc5-a8b1-e2bd6cad48a0@group-853F78DB4750-LeaderElection120
2025-09-13 17:32:27,067 [e114cbd1-8f45-4cc5-a8b1-e2bd6cad48a0@group-853F78DB4750-LeaderElection120] INFO  impl.LeaderElection (LeaderElection.java:askForVotes(448)) - e114cbd1-8f45-4cc5-a8b1-e2bd6cad48a0@group-853F78DB4750-LeaderElection120 PRE_VOTE round 0: submit vote requests at term 1 for conf: {index: 0, cur=peers:[d3aade32-661d-499d-9068-ea1550ed8656|127.0.0.1:15055, beda0dcb-37da-4cca-bea2-e222cb1bc351|127.0.0.1:15039, e114cbd1-8f45-4cc5-a8b1-e2bd6cad48a0|127.0.0.1:15047]|listeners:[], old=null}
2025-09-13 17:32:27,068 [e114cbd1-8f45-4cc5-a8b1-e2bd6cad48a0@group-853F78DB4750-LeaderElection120] INFO  impl.LeaderElection (LogUtils.java:infoOrTrace(142)) - e114cbd1-8f45-4cc5-a8b1-e2bd6cad48a0@group-853F78DB4750-LeaderElection120 got exception when requesting votes: java.util.concurrent.ExecutionException: org.apache.ratis.thirdparty.io.grpc.StatusRuntimeException: UNAVAILABLE: io exception
2025-09-13 17:32:27,069 [e114cbd1-8f45-4cc5-a8b1-e2bd6cad48a0@group-853F78DB4750-LeaderElection120] INFO  impl.LeaderElection (LogUtils.java:infoOrTrace(142)) - e114cbd1-8f45-4cc5-a8b1-e2bd6cad48a0@group-853F78DB4750-LeaderElection120 got exception when requesting votes: java.util.concurrent.ExecutionException: org.apache.ratis.thirdparty.io.grpc.StatusRuntimeException: UNAVAILABLE: io exception
2025-09-13 17:32:27,069 [e114cbd1-8f45-4cc5-a8b1-e2bd6cad48a0@group-853F78DB4750-LeaderElection120] INFO  impl.LeaderElection (LeaderElection.java:logAndReturn(206)) - e114cbd1-8f45-4cc5-a8b1-e2bd6cad48a0@group-853F78DB4750-LeaderElection120: PRE_VOTE REJECTED received 0 response(s) and 2 exception(s):
2025-09-13 17:32:27,069 [e114cbd1-8f45-4cc5-a8b1-e2bd6cad48a0@group-853F78DB4750-LeaderElection120] INFO  impl.LeaderElection (LogUtils.java:infoOrTrace(142)) -   Exception 0: java.util.concurrent.ExecutionException: org.apache.ratis.thirdparty.io.grpc.StatusRuntimeException: UNAVAILABLE: io exception
2025-09-13 17:32:27,069 [e114cbd1-8f45-4cc5-a8b1-e2bd6cad48a0@group-853F78DB4750-LeaderElection120] INFO  impl.LeaderElection (LogUtils.java:infoOrTrace(142)) -   Exception 1: java.util.concurrent.ExecutionException: org.apache.ratis.thirdparty.io.grpc.StatusRuntimeException: UNAVAILABLE: io exception
2025-09-13 17:32:27,069 [e114cbd1-8f45-4cc5-a8b1-e2bd6cad48a0@group-853F78DB4750-LeaderElection120] INFO  impl.LeaderElection (LeaderElection.java:askForVotes(450)) - e114cbd1-8f45-4cc5-a8b1-e2bd6cad48a0@group-853F78DB4750-LeaderElection120 PRE_VOTE round 0: result REJECTED
2025-09-13 17:32:27,069 [e114cbd1-8f45-4cc5-a8b1-e2bd6cad48a0@group-853F78DB4750-LeaderElection120] INFO  server.RaftServer$Division (RaftServerImpl.java:setRole(392)) - e114cbd1-8f45-4cc5-a8b1-e2bd6cad48a0@group-853F78DB4750: changes role from CANDIDATE to FOLLOWER at term 1 for REJECTED
2025-09-13 17:32:27,069 [e114cbd1-8f45-4cc5-a8b1-e2bd6cad48a0@group-853F78DB4750-LeaderElection120] INFO  impl.RoleInfo (RoleInfo.java:shutdownLeaderElection(141)) - e114cbd1-8f45-4cc5-a8b1-e2bd6cad48a0: shutdown e114cbd1-8f45-4cc5-a8b1-e2bd6cad48a0@group-853F78DB4750-LeaderElection120
2025-09-13 17:32:27,069 [e114cbd1-8f45-4cc5-a8b1-e2bd6cad48a0@group-853F78DB4750-LeaderElection120] INFO  impl.RoleInfo (RoleInfo.java:updateAndGet(148)) - e114cbd1-8f45-4cc5-a8b1-e2bd6cad48a0: start e114cbd1-8f45-4cc5-a8b1-e2bd6cad48a0@group-853F78DB4750-FollowerState
2025-09-13 17:32:27,295 [e114cbd1-8f45-4cc5-a8b1-e2bd6cad48a0@group-23D9289878C2-FollowerState] INFO  impl.FollowerState (FollowerState.java:runImpl(161)) - e114cbd1-8f45-4cc5-a8b1-e2bd6cad48a0@group-23D9289878C2-FollowerState: change to CANDIDATE, lastRpcElapsedTime:1020504936ns, electionTimeout:1020ms
2025-09-13 17:32:27,295 [e114cbd1-8f45-4cc5-a8b1-e2bd6cad48a0@group-23D9289878C2-FollowerState] INFO  impl.RoleInfo (RoleInfo.java:shutdownFollowerState(121)) - e114cbd1-8f45-4cc5-a8b1-e2bd6cad48a0: shutdown e114cbd1-8f45-4cc5-a8b1-e2bd6cad48a0@group-23D9289878C2-FollowerState
2025-09-13 17:32:27,295 [e114cbd1-8f45-4cc5-a8b1-e2bd6cad48a0@group-23D9289878C2-FollowerState] INFO  server.RaftServer$Division (RaftServerImpl.java:setRole(392)) - e114cbd1-8f45-4cc5-a8b1-e2bd6cad48a0@group-23D9289878C2: changes role from  FOLLOWER to CANDIDATE at term 1 for changeToCandidate
2025-09-13 17:32:27,295 [e114cbd1-8f45-4cc5-a8b1-e2bd6cad48a0@group-23D9289878C2-FollowerState] INFO  impl.RoleInfo (RoleInfo.java:updateAndGet(148)) - e114cbd1-8f45-4cc5-a8b1-e2bd6cad48a0: start e114cbd1-8f45-4cc5-a8b1-e2bd6cad48a0@group-23D9289878C2-LeaderElection121
2025-09-13 17:32:27,296 [e114cbd1-8f45-4cc5-a8b1-e2bd6cad48a0@group-23D9289878C2-LeaderElection121] INFO  impl.LeaderElection (LeaderElection.java:askForVotes(448)) - e114cbd1-8f45-4cc5-a8b1-e2bd6cad48a0@group-23D9289878C2-LeaderElection121 PRE_VOTE round 0: submit vote requests at term 1 for conf: {index: 0, cur=peers:[d3aade32-661d-499d-9068-ea1550ed8656|127.0.0.1:15055, beda0dcb-37da-4cca-bea2-e222cb1bc351|127.0.0.1:15039, e114cbd1-8f45-4cc5-a8b1-e2bd6cad48a0|127.0.0.1:15047]|listeners:[], old=null}
2025-09-13 17:32:27,297 [e114cbd1-8f45-4cc5-a8b1-e2bd6cad48a0@group-23D9289878C2-LeaderElection121] INFO  impl.LeaderElection (LogUtils.java:infoOrTrace(142)) - e114cbd1-8f45-4cc5-a8b1-e2bd6cad48a0@group-23D9289878C2-LeaderElection121 got exception when requesting votes: java.util.concurrent.ExecutionException: org.apache.ratis.thirdparty.io.grpc.StatusRuntimeException: UNAVAILABLE: io exception
2025-09-13 17:32:27,297 [e114cbd1-8f45-4cc5-a8b1-e2bd6cad48a0@group-23D9289878C2-LeaderElection121] INFO  impl.LeaderElection (LogUtils.java:infoOrTrace(142)) - e114cbd1-8f45-4cc5-a8b1-e2bd6cad48a0@group-23D9289878C2-LeaderElection121 got exception when requesting votes: java.util.concurrent.ExecutionException: org.apache.ratis.thirdparty.io.grpc.StatusRuntimeException: UNAVAILABLE: io exception
2025-09-13 17:32:27,297 [e114cbd1-8f45-4cc5-a8b1-e2bd6cad48a0@group-23D9289878C2-LeaderElection121] INFO  impl.LeaderElection (LeaderElection.java:logAndReturn(206)) - e114cbd1-8f45-4cc5-a8b1-e2bd6cad48a0@group-23D9289878C2-LeaderElection121: PRE_VOTE REJECTED received 0 response(s) and 2 exception(s):
2025-09-13 17:32:27,297 [e114cbd1-8f45-4cc5-a8b1-e2bd6cad48a0@group-23D9289878C2-LeaderElection121] INFO  impl.LeaderElection (LogUtils.java:infoOrTrace(142)) -   Exception 0: java.util.concurrent.ExecutionException: org.apache.ratis.thirdparty.io.grpc.StatusRuntimeException: UNAVAILABLE: io exception
2025-09-13 17:32:27,297 [e114cbd1-8f45-4cc5-a8b1-e2bd6cad48a0@group-23D9289878C2-LeaderElection121] INFO  impl.LeaderElection (LogUtils.java:infoOrTrace(142)) -   Exception 1: java.util.concurrent.ExecutionException: org.apache.ratis.thirdparty.io.grpc.StatusRuntimeException: UNAVAILABLE: io exception
2025-09-13 17:32:27,297 [e114cbd1-8f45-4cc5-a8b1-e2bd6cad48a0@group-23D9289878C2-LeaderElection121] INFO  impl.LeaderElection (LeaderElection.java:askForVotes(450)) - e114cbd1-8f45-4cc5-a8b1-e2bd6cad48a0@group-23D9289878C2-LeaderElection121 PRE_VOTE round 0: result REJECTED
2025-09-13 17:32:27,297 [e114cbd1-8f45-4cc5-a8b1-e2bd6cad48a0@group-23D9289878C2-LeaderElection121] INFO  server.RaftServer$Division (RaftServerImpl.java:setRole(392)) - e114cbd1-8f45-4cc5-a8b1-e2bd6cad48a0@group-23D9289878C2: changes role from CANDIDATE to FOLLOWER at term 1 for REJECTED
2025-09-13 17:32:27,297 [e114cbd1-8f45-4cc5-a8b1-e2bd6cad48a0@group-23D9289878C2-LeaderElection121] INFO  impl.RoleInfo (RoleInfo.java:shutdownLeaderElection(141)) - e114cbd1-8f45-4cc5-a8b1-e2bd6cad48a0: shutdown e114cbd1-8f45-4cc5-a8b1-e2bd6cad48a0@group-23D9289878C2-LeaderElection121
2025-09-13 17:32:27,297 [e114cbd1-8f45-4cc5-a8b1-e2bd6cad48a0@group-23D9289878C2-LeaderElection121] INFO  impl.RoleInfo (RoleInfo.java:updateAndGet(148)) - e114cbd1-8f45-4cc5-a8b1-e2bd6cad48a0: start e114cbd1-8f45-4cc5-a8b1-e2bd6cad48a0@group-23D9289878C2-FollowerState
2025-09-13 17:32:27,710 [grpc-default-executor-3] ERROR impl.OrderedAsync (OrderedAsync.java:lambda$null$6(215)) -  client-5AF5730643BE: Failed* RaftClientRequest:client-5AF5730643BE->d3aade32-661d-499d-9068-ea1550ed8656@group-853F78DB4750, cid=26, seq=1*, Watch(0), null
java.util.concurrent.CompletionException: java.io.IOException: org.apache.ratis.thirdparty.io.grpc.StatusRuntimeException: UNAVAILABLE: io exception
	at java.base/java.util.concurrent.CompletableFuture.encodeThrowable(CompletableFuture.java:332)
	at java.base/java.util.concurrent.CompletableFuture.completeThrowable(CompletableFuture.java:347)
	at java.base/java.util.concurrent.CompletableFuture$UniAccept.tryFire(CompletableFuture.java:708)
	at java.base/java.util.concurrent.CompletableFuture.postComplete(CompletableFuture.java:510)
	at java.base/java.util.concurrent.CompletableFuture.completeExceptionally(CompletableFuture.java:2194)
	at org.apache.ratis.grpc.client.GrpcClientProtocolClient$AsyncStreamObservers.completeReplyExceptionally(GrpcClientProtocolClient.java:397)
	at org.apache.ratis.grpc.client.GrpcClientProtocolClient$AsyncStreamObservers.access$000(GrpcClientProtocolClient.java:303)
	at org.apache.ratis.grpc.client.GrpcClientProtocolClient$AsyncStreamObservers$1.onError(GrpcClientProtocolClient.java:334)
	at org.apache.ratis.thirdparty.io.grpc.stub.ClientCalls$StreamObserverToCallListenerAdapter.onClose(ClientCalls.java:564)
	at org.apache.ratis.thirdparty.io.grpc.PartialForwardingClientCallListener.onClose(PartialForwardingClientCallListener.java:39)
	at org.apache.ratis.thirdparty.io.grpc.ForwardingClientCallListener.onClose(ForwardingClientCallListener.java:23)
	at org.apache.ratis.grpc.metrics.intercept.client.MetricClientCallListener.onClose(MetricClientCallListener.java:47)
	at org.apache.ratis.thirdparty.io.grpc.internal.ClientCallImpl.closeObserver(ClientCallImpl.java:565)
	at org.apache.ratis.thirdparty.io.grpc.internal.ClientCallImpl.access$100(ClientCallImpl.java:72)
	at org.apache.ratis.thirdparty.io.grpc.internal.ClientCallImpl$ClientStreamListenerImpl$1StreamClosed.runInternal(ClientCallImpl.java:733)
	at org.apache.ratis.thirdparty.io.grpc.internal.ClientCallImpl$ClientStreamListenerImpl$1StreamClosed.runInContext(ClientCallImpl.java:714)
	at org.apache.ratis.thirdparty.io.grpc.internal.ContextRunnable.run(ContextRunnable.java:37)
	at org.apache.ratis.thirdparty.io.grpc.internal.SerializingExecutor.run(SerializingExecutor.java:133)
	at java.base/java.util.concurrent.ThreadPoolExecutor.runWorker(ThreadPoolExecutor.java:1144)
	at java.base/java.util.concurrent.ThreadPoolExecutor$Worker.run(ThreadPoolExecutor.java:642)
	at java.base/java.lang.Thread.run(Thread.java:1583)
Caused by: java.io.IOException: org.apache.ratis.thirdparty.io.grpc.StatusRuntimeException: UNAVAILABLE: io exception
	at org.apache.ratis.grpc.GrpcUtil.unwrapException(GrpcUtil.java:99)
	at org.apache.ratis.grpc.GrpcUtil.unwrapIOException(GrpcUtil.java:159)
	at org.apache.ratis.grpc.client.GrpcClientProtocolClient$AsyncStreamObservers$1.onError(GrpcClientProtocolClient.java:333)
	... 13 more
Caused by: org.apache.ratis.thirdparty.io.grpc.StatusRuntimeException: UNAVAILABLE: io exception
	at org.apache.ratis.thirdparty.io.grpc.Status.asRuntimeException(Status.java:532)
	... 13 more
Caused by: org.apache.ratis.thirdparty.io.netty.channel.AbstractChannel$AnnotatedConnectException: finishConnect(..) failed: Connection refused: /127.0.0.1:15053
Caused by: java.net.ConnectException: finishConnect(..) failed: Connection refused
	at org.apache.ratis.thirdparty.io.netty.channel.unix.Errors.newConnectException0(Errors.java:166)
	at org.apache.ratis.thirdparty.io.netty.channel.unix.Errors.handleConnectErrno(Errors.java:131)
	at org.apache.ratis.thirdparty.io.netty.channel.unix.Socket.finishConnect(Socket.java:359)
	at org.apache.ratis.thirdparty.io.netty.channel.epoll.AbstractEpollChannel$AbstractEpollUnsafe.doFinishConnect(AbstractEpollChannel.java:715)
	at org.apache.ratis.thirdparty.io.netty.channel.epoll.AbstractEpollChannel$AbstractEpollUnsafe.finishConnect(AbstractEpollChannel.java:692)
	at org.apache.ratis.thirdparty.io.netty.channel.epoll.AbstractEpollChannel$AbstractEpollUnsafe.epollOutReady(AbstractEpollChannel.java:567)
	at org.apache.ratis.thirdparty.io.netty.channel.epoll.EpollEventLoop.processReady(EpollEventLoop.java:491)
	at org.apache.ratis.thirdparty.io.netty.channel.epoll.EpollEventLoop.run(EpollEventLoop.java:399)
	at org.apache.ratis.thirdparty.io.netty.util.concurrent.SingleThreadEventExecutor$4.run(SingleThreadEventExecutor.java:998)
	at org.apache.ratis.thirdparty.io.netty.util.internal.ThreadExecutorMap$2.run(ThreadExecutorMap.java:74)
	at org.apache.ratis.thirdparty.io.netty.util.concurrent.FastThreadLocalRunnable.run(FastThreadLocalRunnable.java:30)
	at java.base/java.lang.Thread.run(Thread.java:1583)
2025-09-13 17:32:28,255 [e114cbd1-8f45-4cc5-a8b1-e2bd6cad48a0@group-853F78DB4750-FollowerState] INFO  impl.FollowerState (FollowerState.java:runImpl(161)) - e114cbd1-8f45-4cc5-a8b1-e2bd6cad48a0@group-853F78DB4750-FollowerState: change to CANDIDATE, lastRpcElapsedTime:1185416569ns, electionTimeout:1185ms
2025-09-13 17:32:28,255 [e114cbd1-8f45-4cc5-a8b1-e2bd6cad48a0@group-853F78DB4750-FollowerState] INFO  impl.RoleInfo (RoleInfo.java:shutdownFollowerState(121)) - e114cbd1-8f45-4cc5-a8b1-e2bd6cad48a0: shutdown e114cbd1-8f45-4cc5-a8b1-e2bd6cad48a0@group-853F78DB4750-FollowerState
2025-09-13 17:32:28,255 [e114cbd1-8f45-4cc5-a8b1-e2bd6cad48a0@group-853F78DB4750-FollowerState] INFO  server.RaftServer$Division (RaftServerImpl.java:setRole(392)) - e114cbd1-8f45-4cc5-a8b1-e2bd6cad48a0@group-853F78DB4750: changes role from  FOLLOWER to CANDIDATE at term 1 for changeToCandidate
2025-09-13 17:32:28,255 [e114cbd1-8f45-4cc5-a8b1-e2bd6cad48a0@group-853F78DB4750-FollowerState] INFO  impl.RoleInfo (RoleInfo.java:updateAndGet(148)) - e114cbd1-8f45-4cc5-a8b1-e2bd6cad48a0: start e114cbd1-8f45-4cc5-a8b1-e2bd6cad48a0@group-853F78DB4750-LeaderElection122
2025-09-13 17:32:28,255 [e114cbd1-8f45-4cc5-a8b1-e2bd6cad48a0@group-853F78DB4750-LeaderElection122] INFO  impl.LeaderElection (LeaderElection.java:askForVotes(448)) - e114cbd1-8f45-4cc5-a8b1-e2bd6cad48a0@group-853F78DB4750-LeaderElection122 PRE_VOTE round 0: submit vote requests at term 1 for conf: {index: 0, cur=peers:[d3aade32-661d-499d-9068-ea1550ed8656|127.0.0.1:15055, beda0dcb-37da-4cca-bea2-e222cb1bc351|127.0.0.1:15039, e114cbd1-8f45-4cc5-a8b1-e2bd6cad48a0|127.0.0.1:15047]|listeners:[], old=null}
2025-09-13 17:32:28,256 [e114cbd1-8f45-4cc5-a8b1-e2bd6cad48a0@group-853F78DB4750-LeaderElection122] INFO  impl.LeaderElection (LogUtils.java:infoOrTrace(142)) - e114cbd1-8f45-4cc5-a8b1-e2bd6cad48a0@group-853F78DB4750-LeaderElection122 got exception when requesting votes: java.util.concurrent.ExecutionException: org.apache.ratis.thirdparty.io.grpc.StatusRuntimeException: UNAVAILABLE: io exception
2025-09-13 17:32:28,256 [e114cbd1-8f45-4cc5-a8b1-e2bd6cad48a0@group-853F78DB4750-LeaderElection122] INFO  impl.LeaderElection (LogUtils.java:infoOrTrace(142)) - e114cbd1-8f45-4cc5-a8b1-e2bd6cad48a0@group-853F78DB4750-LeaderElection122 got exception when requesting votes: java.util.concurrent.ExecutionException: org.apache.ratis.thirdparty.io.grpc.StatusRuntimeException: UNAVAILABLE: io exception
2025-09-13 17:32:28,256 [e114cbd1-8f45-4cc5-a8b1-e2bd6cad48a0@group-853F78DB4750-LeaderElection122] INFO  impl.LeaderElection (LeaderElection.java:logAndReturn(206)) - e114cbd1-8f45-4cc5-a8b1-e2bd6cad48a0@group-853F78DB4750-LeaderElection122: PRE_VOTE REJECTED received 0 response(s) and 2 exception(s):
2025-09-13 17:32:28,256 [e114cbd1-8f45-4cc5-a8b1-e2bd6cad48a0@group-853F78DB4750-LeaderElection122] INFO  impl.LeaderElection (LogUtils.java:infoOrTrace(142)) -   Exception 0: java.util.concurrent.ExecutionException: org.apache.ratis.thirdparty.io.grpc.StatusRuntimeException: UNAVAILABLE: io exception
2025-09-13 17:32:28,256 [e114cbd1-8f45-4cc5-a8b1-e2bd6cad48a0@group-853F78DB4750-LeaderElection122] INFO  impl.LeaderElection (LogUtils.java:infoOrTrace(142)) -   Exception 1: java.util.concurrent.ExecutionException: org.apache.ratis.thirdparty.io.grpc.StatusRuntimeException: UNAVAILABLE: io exception
2025-09-13 17:32:28,256 [e114cbd1-8f45-4cc5-a8b1-e2bd6cad48a0@group-853F78DB4750-LeaderElection122] INFO  impl.LeaderElection (LeaderElection.java:askForVotes(450)) - e114cbd1-8f45-4cc5-a8b1-e2bd6cad48a0@group-853F78DB4750-LeaderElection122 PRE_VOTE round 0: result REJECTED
2025-09-13 17:32:28,256 [e114cbd1-8f45-4cc5-a8b1-e2bd6cad48a0@group-853F78DB4750-LeaderElection122] INFO  server.RaftServer$Division (RaftServerImpl.java:setRole(392)) - e114cbd1-8f45-4cc5-a8b1-e2bd6cad48a0@group-853F78DB4750: changes role from CANDIDATE to FOLLOWER at term 1 for REJECTED
2025-09-13 17:32:28,256 [e114cbd1-8f45-4cc5-a8b1-e2bd6cad48a0@group-853F78DB4750-LeaderElection122] INFO  impl.RoleInfo (RoleInfo.java:shutdownLeaderElection(141)) - e114cbd1-8f45-4cc5-a8b1-e2bd6cad48a0: shutdown e114cbd1-8f45-4cc5-a8b1-e2bd6cad48a0@group-853F78DB4750-LeaderElection122
2025-09-13 17:32:28,256 [e114cbd1-8f45-4cc5-a8b1-e2bd6cad48a0@group-853F78DB4750-LeaderElection122] INFO  impl.RoleInfo (RoleInfo.java:updateAndGet(148)) - e114cbd1-8f45-4cc5-a8b1-e2bd6cad48a0: start e114cbd1-8f45-4cc5-a8b1-e2bd6cad48a0@group-853F78DB4750-FollowerState
2025-09-13 17:32:28,421 [e114cbd1-8f45-4cc5-a8b1-e2bd6cad48a0@group-23D9289878C2-FollowerState] INFO  impl.FollowerState (FollowerState.java:runImpl(161)) - e114cbd1-8f45-4cc5-a8b1-e2bd6cad48a0@group-23D9289878C2-FollowerState: change to CANDIDATE, lastRpcElapsedTime:1124330606ns, electionTimeout:1124ms
2025-09-13 17:32:28,422 [e114cbd1-8f45-4cc5-a8b1-e2bd6cad48a0@group-23D9289878C2-FollowerState] INFO  impl.RoleInfo (RoleInfo.java:shutdownFollowerState(121)) - e114cbd1-8f45-4cc5-a8b1-e2bd6cad48a0: shutdown e114cbd1-8f45-4cc5-a8b1-e2bd6cad48a0@group-23D9289878C2-FollowerState
2025-09-13 17:32:28,422 [e114cbd1-8f45-4cc5-a8b1-e2bd6cad48a0@group-23D9289878C2-FollowerState] INFO  server.RaftServer$Division (RaftServerImpl.java:setRole(392)) - e114cbd1-8f45-4cc5-a8b1-e2bd6cad48a0@group-23D9289878C2: changes role from  FOLLOWER to CANDIDATE at term 1 for changeToCandidate
2025-09-13 17:32:28,422 [e114cbd1-8f45-4cc5-a8b1-e2bd6cad48a0@group-23D9289878C2-FollowerState] INFO  impl.RoleInfo (RoleInfo.java:updateAndGet(148)) - e114cbd1-8f45-4cc5-a8b1-e2bd6cad48a0: start e114cbd1-8f45-4cc5-a8b1-e2bd6cad48a0@group-23D9289878C2-LeaderElection123
2025-09-13 17:32:28,422 [e114cbd1-8f45-4cc5-a8b1-e2bd6cad48a0@group-23D9289878C2-LeaderElection123] INFO  impl.LeaderElection (LeaderElection.java:askForVotes(448)) - e114cbd1-8f45-4cc5-a8b1-e2bd6cad48a0@group-23D9289878C2-LeaderElection123 PRE_VOTE round 0: submit vote requests at term 1 for conf: {index: 0, cur=peers:[d3aade32-661d-499d-9068-ea1550ed8656|127.0.0.1:15055, beda0dcb-37da-4cca-bea2-e222cb1bc351|127.0.0.1:15039, e114cbd1-8f45-4cc5-a8b1-e2bd6cad48a0|127.0.0.1:15047]|listeners:[], old=null}
2025-09-13 17:32:28,422 [e114cbd1-8f45-4cc5-a8b1-e2bd6cad48a0@group-23D9289878C2-LeaderElection123] INFO  impl.LeaderElection (LogUtils.java:infoOrTrace(142)) - e114cbd1-8f45-4cc5-a8b1-e2bd6cad48a0@group-23D9289878C2-LeaderElection123 got exception when requesting votes: java.util.concurrent.ExecutionException: org.apache.ratis.thirdparty.io.grpc.StatusRuntimeException: UNAVAILABLE: io exception
2025-09-13 17:32:28,423 [e114cbd1-8f45-4cc5-a8b1-e2bd6cad48a0@group-23D9289878C2-LeaderElection123] INFO  impl.LeaderElection (LogUtils.java:infoOrTrace(142)) - e114cbd1-8f45-4cc5-a8b1-e2bd6cad48a0@group-23D9289878C2-LeaderElection123 got exception when requesting votes: java.util.concurrent.ExecutionException: org.apache.ratis.thirdparty.io.grpc.StatusRuntimeException: UNAVAILABLE: io exception
2025-09-13 17:32:28,423 [e114cbd1-8f45-4cc5-a8b1-e2bd6cad48a0@group-23D9289878C2-LeaderElection123] INFO  impl.LeaderElection (LeaderElection.java:logAndReturn(206)) - e114cbd1-8f45-4cc5-a8b1-e2bd6cad48a0@group-23D9289878C2-LeaderElection123: PRE_VOTE REJECTED received 0 response(s) and 2 exception(s):
2025-09-13 17:32:28,423 [e114cbd1-8f45-4cc5-a8b1-e2bd6cad48a0@group-23D9289878C2-LeaderElection123] INFO  impl.LeaderElection (LogUtils.java:infoOrTrace(142)) -   Exception 0: java.util.concurrent.ExecutionException: org.apache.ratis.thirdparty.io.grpc.StatusRuntimeException: UNAVAILABLE: io exception
2025-09-13 17:32:28,423 [e114cbd1-8f45-4cc5-a8b1-e2bd6cad48a0@group-23D9289878C2-LeaderElection123] INFO  impl.LeaderElection (LogUtils.java:infoOrTrace(142)) -   Exception 1: java.util.concurrent.ExecutionException: org.apache.ratis.thirdparty.io.grpc.StatusRuntimeException: UNAVAILABLE: io exception
2025-09-13 17:32:28,423 [e114cbd1-8f45-4cc5-a8b1-e2bd6cad48a0@group-23D9289878C2-LeaderElection123] INFO  impl.LeaderElection (LeaderElection.java:askForVotes(450)) - e114cbd1-8f45-4cc5-a8b1-e2bd6cad48a0@group-23D9289878C2-LeaderElection123 PRE_VOTE round 0: result REJECTED
2025-09-13 17:32:28,423 [e114cbd1-8f45-4cc5-a8b1-e2bd6cad48a0@group-23D9289878C2-LeaderElection123] INFO  server.RaftServer$Division (RaftServerImpl.java:setRole(392)) - e114cbd1-8f45-4cc5-a8b1-e2bd6cad48a0@group-23D9289878C2: changes role from CANDIDATE to FOLLOWER at term 1 for REJECTED
2025-09-13 17:32:28,423 [e114cbd1-8f45-4cc5-a8b1-e2bd6cad48a0@group-23D9289878C2-LeaderElection123] INFO  impl.RoleInfo (RoleInfo.java:shutdownLeaderElection(141)) - e114cbd1-8f45-4cc5-a8b1-e2bd6cad48a0: shutdown e114cbd1-8f45-4cc5-a8b1-e2bd6cad48a0@group-23D9289878C2-LeaderElection123
2025-09-13 17:32:28,423 [e114cbd1-8f45-4cc5-a8b1-e2bd6cad48a0@group-23D9289878C2-LeaderElection123] INFO  impl.RoleInfo (RoleInfo.java:updateAndGet(148)) - e114cbd1-8f45-4cc5-a8b1-e2bd6cad48a0: start e114cbd1-8f45-4cc5-a8b1-e2bd6cad48a0@group-23D9289878C2-FollowerState
2025-09-13 17:32:29,426 [e114cbd1-8f45-4cc5-a8b1-e2bd6cad48a0@group-853F78DB4750-FollowerState] INFO  impl.FollowerState (FollowerState.java:runImpl(161)) - e114cbd1-8f45-4cc5-a8b1-e2bd6cad48a0@group-853F78DB4750-FollowerState: change to CANDIDATE, lastRpcElapsedTime:1169300227ns, electionTimeout:1169ms
2025-09-13 17:32:29,426 [e114cbd1-8f45-4cc5-a8b1-e2bd6cad48a0@group-853F78DB4750-FollowerState] INFO  impl.RoleInfo (RoleInfo.java:shutdownFollowerState(121)) - e114cbd1-8f45-4cc5-a8b1-e2bd6cad48a0: shutdown e114cbd1-8f45-4cc5-a8b1-e2bd6cad48a0@group-853F78DB4750-FollowerState
2025-09-13 17:32:29,426 [e114cbd1-8f45-4cc5-a8b1-e2bd6cad48a0@group-853F78DB4750-FollowerState] INFO  server.RaftServer$Division (RaftServerImpl.java:setRole(392)) - e114cbd1-8f45-4cc5-a8b1-e2bd6cad48a0@group-853F78DB4750: changes role from  FOLLOWER to CANDIDATE at term 1 for changeToCandidate
2025-09-13 17:32:29,426 [e114cbd1-8f45-4cc5-a8b1-e2bd6cad48a0@group-853F78DB4750-FollowerState] INFO  impl.RoleInfo (RoleInfo.java:updateAndGet(148)) - e114cbd1-8f45-4cc5-a8b1-e2bd6cad48a0: start e114cbd1-8f45-4cc5-a8b1-e2bd6cad48a0@group-853F78DB4750-LeaderElection124
2025-09-13 17:32:29,426 [e114cbd1-8f45-4cc5-a8b1-e2bd6cad48a0@group-853F78DB4750-LeaderElection124] INFO  impl.LeaderElection (LeaderElection.java:askForVotes(448)) - e114cbd1-8f45-4cc5-a8b1-e2bd6cad48a0@group-853F78DB4750-LeaderElection124 PRE_VOTE round 0: submit vote requests at term 1 for conf: {index: 0, cur=peers:[d3aade32-661d-499d-9068-ea1550ed8656|127.0.0.1:15055, beda0dcb-37da-4cca-bea2-e222cb1bc351|127.0.0.1:15039, e114cbd1-8f45-4cc5-a8b1-e2bd6cad48a0|127.0.0.1:15047]|listeners:[], old=null}
2025-09-13 17:32:29,427 [e114cbd1-8f45-4cc5-a8b1-e2bd6cad48a0@group-853F78DB4750-LeaderElection124] INFO  impl.LeaderElection (LogUtils.java:infoOrTrace(142)) - e114cbd1-8f45-4cc5-a8b1-e2bd6cad48a0@group-853F78DB4750-LeaderElection124 got exception when requesting votes: java.util.concurrent.ExecutionException: org.apache.ratis.thirdparty.io.grpc.StatusRuntimeException: UNAVAILABLE: io exception
2025-09-13 17:32:29,427 [e114cbd1-8f45-4cc5-a8b1-e2bd6cad48a0@group-853F78DB4750-LeaderElection124] INFO  impl.LeaderElection (LogUtils.java:infoOrTrace(142)) - e114cbd1-8f45-4cc5-a8b1-e2bd6cad48a0@group-853F78DB4750-LeaderElection124 got exception when requesting votes: java.util.concurrent.ExecutionException: org.apache.ratis.thirdparty.io.grpc.StatusRuntimeException: UNAVAILABLE: io exception
2025-09-13 17:32:29,427 [e114cbd1-8f45-4cc5-a8b1-e2bd6cad48a0@group-853F78DB4750-LeaderElection124] INFO  impl.LeaderElection (LeaderElection.java:logAndReturn(206)) - e114cbd1-8f45-4cc5-a8b1-e2bd6cad48a0@group-853F78DB4750-LeaderElection124: PRE_VOTE REJECTED received 0 response(s) and 2 exception(s):
2025-09-13 17:32:29,427 [e114cbd1-8f45-4cc5-a8b1-e2bd6cad48a0@group-853F78DB4750-LeaderElection124] INFO  impl.LeaderElection (LogUtils.java:infoOrTrace(142)) -   Exception 0: java.util.concurrent.ExecutionException: org.apache.ratis.thirdparty.io.grpc.StatusRuntimeException: UNAVAILABLE: io exception
2025-09-13 17:32:29,427 [e114cbd1-8f45-4cc5-a8b1-e2bd6cad48a0@group-853F78DB4750-LeaderElection124] INFO  impl.LeaderElection (LogUtils.java:infoOrTrace(142)) -   Exception 1: java.util.concurrent.ExecutionException: org.apache.ratis.thirdparty.io.grpc.StatusRuntimeException: UNAVAILABLE: io exception
2025-09-13 17:32:29,427 [e114cbd1-8f45-4cc5-a8b1-e2bd6cad48a0@group-853F78DB4750-LeaderElection124] INFO  impl.LeaderElection (LeaderElection.java:askForVotes(450)) - e114cbd1-8f45-4cc5-a8b1-e2bd6cad48a0@group-853F78DB4750-LeaderElection124 PRE_VOTE round 0: result REJECTED
2025-09-13 17:32:29,427 [e114cbd1-8f45-4cc5-a8b1-e2bd6cad48a0@group-853F78DB4750-LeaderElection124] INFO  server.RaftServer$Division (RaftServerImpl.java:setRole(392)) - e114cbd1-8f45-4cc5-a8b1-e2bd6cad48a0@group-853F78DB4750: changes role from CANDIDATE to FOLLOWER at term 1 for REJECTED
2025-09-13 17:32:29,427 [e114cbd1-8f45-4cc5-a8b1-e2bd6cad48a0@group-853F78DB4750-LeaderElection124] INFO  impl.RoleInfo (RoleInfo.java:shutdownLeaderElection(141)) - e114cbd1-8f45-4cc5-a8b1-e2bd6cad48a0: shutdown e114cbd1-8f45-4cc5-a8b1-e2bd6cad48a0@group-853F78DB4750-LeaderElection124
2025-09-13 17:32:29,427 [e114cbd1-8f45-4cc5-a8b1-e2bd6cad48a0@group-853F78DB4750-LeaderElection124] INFO  impl.RoleInfo (RoleInfo.java:updateAndGet(148)) - e114cbd1-8f45-4cc5-a8b1-e2bd6cad48a0: start e114cbd1-8f45-4cc5-a8b1-e2bd6cad48a0@group-853F78DB4750-FollowerState
2025-09-13 17:32:29,532 [e114cbd1-8f45-4cc5-a8b1-e2bd6cad48a0@group-23D9289878C2-FollowerState] INFO  impl.FollowerState (FollowerState.java:runImpl(161)) - e114cbd1-8f45-4cc5-a8b1-e2bd6cad48a0@group-23D9289878C2-FollowerState: change to CANDIDATE, lastRpcElapsedTime:1109240133ns, electionTimeout:1109ms
2025-09-13 17:32:29,532 [e114cbd1-8f45-4cc5-a8b1-e2bd6cad48a0@group-23D9289878C2-FollowerState] INFO  impl.RoleInfo (RoleInfo.java:shutdownFollowerState(121)) - e114cbd1-8f45-4cc5-a8b1-e2bd6cad48a0: shutdown e114cbd1-8f45-4cc5-a8b1-e2bd6cad48a0@group-23D9289878C2-FollowerState
2025-09-13 17:32:29,532 [e114cbd1-8f45-4cc5-a8b1-e2bd6cad48a0@group-23D9289878C2-FollowerState] INFO  server.RaftServer$Division (RaftServerImpl.java:setRole(392)) - e114cbd1-8f45-4cc5-a8b1-e2bd6cad48a0@group-23D9289878C2: changes role from  FOLLOWER to CANDIDATE at term 1 for changeToCandidate
2025-09-13 17:32:29,532 [e114cbd1-8f45-4cc5-a8b1-e2bd6cad48a0@group-23D9289878C2-FollowerState] INFO  impl.RoleInfo (RoleInfo.java:updateAndGet(148)) - e114cbd1-8f45-4cc5-a8b1-e2bd6cad48a0: start e114cbd1-8f45-4cc5-a8b1-e2bd6cad48a0@group-23D9289878C2-LeaderElection125
2025-09-13 17:32:29,533 [e114cbd1-8f45-4cc5-a8b1-e2bd6cad48a0@group-23D9289878C2-LeaderElection125] INFO  impl.LeaderElection (LeaderElection.java:askForVotes(448)) - e114cbd1-8f45-4cc5-a8b1-e2bd6cad48a0@group-23D9289878C2-LeaderElection125 PRE_VOTE round 0: submit vote requests at term 1 for conf: {index: 0, cur=peers:[d3aade32-661d-499d-9068-ea1550ed8656|127.0.0.1:15055, beda0dcb-37da-4cca-bea2-e222cb1bc351|127.0.0.1:15039, e114cbd1-8f45-4cc5-a8b1-e2bd6cad48a0|127.0.0.1:15047]|listeners:[], old=null}
2025-09-13 17:32:29,533 [e114cbd1-8f45-4cc5-a8b1-e2bd6cad48a0@group-23D9289878C2-LeaderElection125] INFO  impl.LeaderElection (LogUtils.java:infoOrTrace(142)) - e114cbd1-8f45-4cc5-a8b1-e2bd6cad48a0@group-23D9289878C2-LeaderElection125 got exception when requesting votes: java.util.concurrent.ExecutionException: org.apache.ratis.thirdparty.io.grpc.StatusRuntimeException: UNAVAILABLE: io exception
2025-09-13 17:32:29,533 [e114cbd1-8f45-4cc5-a8b1-e2bd6cad48a0@group-23D9289878C2-LeaderElection125] INFO  impl.LeaderElection (LogUtils.java:infoOrTrace(142)) - e114cbd1-8f45-4cc5-a8b1-e2bd6cad48a0@group-23D9289878C2-LeaderElection125 got exception when requesting votes: java.util.concurrent.ExecutionException: org.apache.ratis.thirdparty.io.grpc.StatusRuntimeException: UNAVAILABLE: io exception
2025-09-13 17:32:29,533 [e114cbd1-8f45-4cc5-a8b1-e2bd6cad48a0@group-23D9289878C2-LeaderElection125] INFO  impl.LeaderElection (LeaderElection.java:logAndReturn(206)) - e114cbd1-8f45-4cc5-a8b1-e2bd6cad48a0@group-23D9289878C2-LeaderElection125: PRE_VOTE REJECTED received 0 response(s) and 2 exception(s):
2025-09-13 17:32:29,533 [e114cbd1-8f45-4cc5-a8b1-e2bd6cad48a0@group-23D9289878C2-LeaderElection125] INFO  impl.LeaderElection (LogUtils.java:infoOrTrace(142)) -   Exception 0: java.util.concurrent.ExecutionException: org.apache.ratis.thirdparty.io.grpc.StatusRuntimeException: UNAVAILABLE: io exception
2025-09-13 17:32:29,533 [e114cbd1-8f45-4cc5-a8b1-e2bd6cad48a0@group-23D9289878C2-LeaderElection125] INFO  impl.LeaderElection (LogUtils.java:infoOrTrace(142)) -   Exception 1: java.util.concurrent.ExecutionException: org.apache.ratis.thirdparty.io.grpc.StatusRuntimeException: UNAVAILABLE: io exception
2025-09-13 17:32:29,533 [e114cbd1-8f45-4cc5-a8b1-e2bd6cad48a0@group-23D9289878C2-LeaderElection125] INFO  impl.LeaderElection (LeaderElection.java:askForVotes(450)) - e114cbd1-8f45-4cc5-a8b1-e2bd6cad48a0@group-23D9289878C2-LeaderElection125 PRE_VOTE round 0: result REJECTED
2025-09-13 17:32:29,533 [e114cbd1-8f45-4cc5-a8b1-e2bd6cad48a0@group-23D9289878C2-LeaderElection125] INFO  server.RaftServer$Division (RaftServerImpl.java:setRole(392)) - e114cbd1-8f45-4cc5-a8b1-e2bd6cad48a0@group-23D9289878C2: changes role from CANDIDATE to FOLLOWER at term 1 for REJECTED
2025-09-13 17:32:29,533 [e114cbd1-8f45-4cc5-a8b1-e2bd6cad48a0@group-23D9289878C2-LeaderElection125] INFO  impl.RoleInfo (RoleInfo.java:shutdownLeaderElection(141)) - e114cbd1-8f45-4cc5-a8b1-e2bd6cad48a0: shutdown e114cbd1-8f45-4cc5-a8b1-e2bd6cad48a0@group-23D9289878C2-LeaderElection125
2025-09-13 17:32:29,533 [e114cbd1-8f45-4cc5-a8b1-e2bd6cad48a0@group-23D9289878C2-LeaderElection125] INFO  impl.RoleInfo (RoleInfo.java:updateAndGet(148)) - e114cbd1-8f45-4cc5-a8b1-e2bd6cad48a0: start e114cbd1-8f45-4cc5-a8b1-e2bd6cad48a0@group-23D9289878C2-FollowerState
2025-09-13 17:32:30,579 [e114cbd1-8f45-4cc5-a8b1-e2bd6cad48a0@group-23D9289878C2-FollowerState] INFO  impl.FollowerState (FollowerState.java:runImpl(161)) - e114cbd1-8f45-4cc5-a8b1-e2bd6cad48a0@group-23D9289878C2-FollowerState: change to CANDIDATE, lastRpcElapsedTime:1045270989ns, electionTimeout:1045ms
2025-09-13 17:32:30,579 [e114cbd1-8f45-4cc5-a8b1-e2bd6cad48a0@group-23D9289878C2-FollowerState] INFO  impl.RoleInfo (RoleInfo.java:shutdownFollowerState(121)) - e114cbd1-8f45-4cc5-a8b1-e2bd6cad48a0: shutdown e114cbd1-8f45-4cc5-a8b1-e2bd6cad48a0@group-23D9289878C2-FollowerState
2025-09-13 17:32:30,579 [e114cbd1-8f45-4cc5-a8b1-e2bd6cad48a0@group-23D9289878C2-FollowerState] INFO  server.RaftServer$Division (RaftServerImpl.java:setRole(392)) - e114cbd1-8f45-4cc5-a8b1-e2bd6cad48a0@group-23D9289878C2: changes role from  FOLLOWER to CANDIDATE at term 1 for changeToCandidate
2025-09-13 17:32:30,579 [e114cbd1-8f45-4cc5-a8b1-e2bd6cad48a0@group-23D9289878C2-FollowerState] INFO  impl.RoleInfo (RoleInfo.java:updateAndGet(148)) - e114cbd1-8f45-4cc5-a8b1-e2bd6cad48a0: start e114cbd1-8f45-4cc5-a8b1-e2bd6cad48a0@group-23D9289878C2-LeaderElection126
2025-09-13 17:32:30,579 [e114cbd1-8f45-4cc5-a8b1-e2bd6cad48a0@group-23D9289878C2-LeaderElection126] INFO  impl.LeaderElection (LeaderElection.java:askForVotes(448)) - e114cbd1-8f45-4cc5-a8b1-e2bd6cad48a0@group-23D9289878C2-LeaderElection126 PRE_VOTE round 0: submit vote requests at term 1 for conf: {index: 0, cur=peers:[d3aade32-661d-499d-9068-ea1550ed8656|127.0.0.1:15055, beda0dcb-37da-4cca-bea2-e222cb1bc351|127.0.0.1:15039, e114cbd1-8f45-4cc5-a8b1-e2bd6cad48a0|127.0.0.1:15047]|listeners:[], old=null}
2025-09-13 17:32:30,580 [e114cbd1-8f45-4cc5-a8b1-e2bd6cad48a0@group-23D9289878C2-LeaderElection126] INFO  impl.LeaderElection (LogUtils.java:infoOrTrace(142)) - e114cbd1-8f45-4cc5-a8b1-e2bd6cad48a0@group-23D9289878C2-LeaderElection126 got exception when requesting votes: java.util.concurrent.ExecutionException: org.apache.ratis.thirdparty.io.grpc.StatusRuntimeException: UNAVAILABLE: io exception
2025-09-13 17:32:30,580 [e114cbd1-8f45-4cc5-a8b1-e2bd6cad48a0@group-23D9289878C2-LeaderElection126] INFO  impl.LeaderElection (LogUtils.java:infoOrTrace(142)) - e114cbd1-8f45-4cc5-a8b1-e2bd6cad48a0@group-23D9289878C2-LeaderElection126 got exception when requesting votes: java.util.concurrent.ExecutionException: org.apache.ratis.thirdparty.io.grpc.StatusRuntimeException: UNAVAILABLE: io exception
2025-09-13 17:32:30,580 [e114cbd1-8f45-4cc5-a8b1-e2bd6cad48a0@group-23D9289878C2-LeaderElection126] INFO  impl.LeaderElection (LeaderElection.java:logAndReturn(206)) - e114cbd1-8f45-4cc5-a8b1-e2bd6cad48a0@group-23D9289878C2-LeaderElection126: PRE_VOTE REJECTED received 0 response(s) and 2 exception(s):
2025-09-13 17:32:30,580 [e114cbd1-8f45-4cc5-a8b1-e2bd6cad48a0@group-23D9289878C2-LeaderElection126] INFO  impl.LeaderElection (LogUtils.java:infoOrTrace(142)) -   Exception 0: java.util.concurrent.ExecutionException: org.apache.ratis.thirdparty.io.grpc.StatusRuntimeException: UNAVAILABLE: io exception
2025-09-13 17:32:30,580 [e114cbd1-8f45-4cc5-a8b1-e2bd6cad48a0@group-23D9289878C2-LeaderElection126] INFO  impl.LeaderElection (LogUtils.java:infoOrTrace(142)) -   Exception 1: java.util.concurrent.ExecutionException: org.apache.ratis.thirdparty.io.grpc.StatusRuntimeException: UNAVAILABLE: io exception
2025-09-13 17:32:30,580 [e114cbd1-8f45-4cc5-a8b1-e2bd6cad48a0@group-23D9289878C2-LeaderElection126] INFO  impl.LeaderElection (LeaderElection.java:askForVotes(450)) - e114cbd1-8f45-4cc5-a8b1-e2bd6cad48a0@group-23D9289878C2-LeaderElection126 PRE_VOTE round 0: result REJECTED
2025-09-13 17:32:30,580 [e114cbd1-8f45-4cc5-a8b1-e2bd6cad48a0@group-23D9289878C2-LeaderElection126] INFO  server.RaftServer$Division (RaftServerImpl.java:setRole(392)) - e114cbd1-8f45-4cc5-a8b1-e2bd6cad48a0@group-23D9289878C2: changes role from CANDIDATE to FOLLOWER at term 1 for REJECTED
2025-09-13 17:32:30,581 [e114cbd1-8f45-4cc5-a8b1-e2bd6cad48a0@group-23D9289878C2-LeaderElection126] INFO  impl.RoleInfo (RoleInfo.java:shutdownLeaderElection(141)) - e114cbd1-8f45-4cc5-a8b1-e2bd6cad48a0: shutdown e114cbd1-8f45-4cc5-a8b1-e2bd6cad48a0@group-23D9289878C2-LeaderElection126
2025-09-13 17:32:30,581 [e114cbd1-8f45-4cc5-a8b1-e2bd6cad48a0@group-23D9289878C2-LeaderElection126] INFO  impl.RoleInfo (RoleInfo.java:updateAndGet(148)) - e114cbd1-8f45-4cc5-a8b1-e2bd6cad48a0: start e114cbd1-8f45-4cc5-a8b1-e2bd6cad48a0@group-23D9289878C2-FollowerState
2025-09-13 17:32:30,611 [e114cbd1-8f45-4cc5-a8b1-e2bd6cad48a0@group-853F78DB4750-FollowerState] INFO  impl.FollowerState (FollowerState.java:runImpl(161)) - e114cbd1-8f45-4cc5-a8b1-e2bd6cad48a0@group-853F78DB4750-FollowerState: change to CANDIDATE, lastRpcElapsedTime:1184263733ns, electionTimeout:1184ms
2025-09-13 17:32:30,611 [e114cbd1-8f45-4cc5-a8b1-e2bd6cad48a0@group-853F78DB4750-FollowerState] INFO  impl.RoleInfo (RoleInfo.java:shutdownFollowerState(121)) - e114cbd1-8f45-4cc5-a8b1-e2bd6cad48a0: shutdown e114cbd1-8f45-4cc5-a8b1-e2bd6cad48a0@group-853F78DB4750-FollowerState
2025-09-13 17:32:30,611 [e114cbd1-8f45-4cc5-a8b1-e2bd6cad48a0@group-853F78DB4750-FollowerState] INFO  server.RaftServer$Division (RaftServerImpl.java:setRole(392)) - e114cbd1-8f45-4cc5-a8b1-e2bd6cad48a0@group-853F78DB4750: changes role from  FOLLOWER to CANDIDATE at term 1 for changeToCandidate
2025-09-13 17:32:30,611 [e114cbd1-8f45-4cc5-a8b1-e2bd6cad48a0@group-853F78DB4750-FollowerState] INFO  impl.RoleInfo (RoleInfo.java:updateAndGet(148)) - e114cbd1-8f45-4cc5-a8b1-e2bd6cad48a0: start e114cbd1-8f45-4cc5-a8b1-e2bd6cad48a0@group-853F78DB4750-LeaderElection127
2025-09-13 17:32:30,612 [e114cbd1-8f45-4cc5-a8b1-e2bd6cad48a0@group-853F78DB4750-LeaderElection127] INFO  impl.LeaderElection (LeaderElection.java:askForVotes(448)) - e114cbd1-8f45-4cc5-a8b1-e2bd6cad48a0@group-853F78DB4750-LeaderElection127 PRE_VOTE round 0: submit vote requests at term 1 for conf: {index: 0, cur=peers:[d3aade32-661d-499d-9068-ea1550ed8656|127.0.0.1:15055, beda0dcb-37da-4cca-bea2-e222cb1bc351|127.0.0.1:15039, e114cbd1-8f45-4cc5-a8b1-e2bd6cad48a0|127.0.0.1:15047]|listeners:[], old=null}
2025-09-13 17:32:30,612 [e114cbd1-8f45-4cc5-a8b1-e2bd6cad48a0@group-853F78DB4750-LeaderElection127] INFO  impl.LeaderElection (LogUtils.java:infoOrTrace(142)) - e114cbd1-8f45-4cc5-a8b1-e2bd6cad48a0@group-853F78DB4750-LeaderElection127 got exception when requesting votes: java.util.concurrent.ExecutionException: org.apache.ratis.thirdparty.io.grpc.StatusRuntimeException: UNAVAILABLE: io exception
2025-09-13 17:32:30,612 [e114cbd1-8f45-4cc5-a8b1-e2bd6cad48a0@group-853F78DB4750-LeaderElection127] INFO  impl.LeaderElection (LogUtils.java:infoOrTrace(142)) - e114cbd1-8f45-4cc5-a8b1-e2bd6cad48a0@group-853F78DB4750-LeaderElection127 got exception when requesting votes: java.util.concurrent.ExecutionException: org.apache.ratis.thirdparty.io.grpc.StatusRuntimeException: UNAVAILABLE: io exception
2025-09-13 17:32:30,612 [e114cbd1-8f45-4cc5-a8b1-e2bd6cad48a0@group-853F78DB4750-LeaderElection127] INFO  impl.LeaderElection (LeaderElection.java:logAndReturn(206)) - e114cbd1-8f45-4cc5-a8b1-e2bd6cad48a0@group-853F78DB4750-LeaderElection127: PRE_VOTE REJECTED received 0 response(s) and 2 exception(s):
2025-09-13 17:32:30,612 [e114cbd1-8f45-4cc5-a8b1-e2bd6cad48a0@group-853F78DB4750-LeaderElection127] INFO  impl.LeaderElection (LogUtils.java:infoOrTrace(142)) -   Exception 0: java.util.concurrent.ExecutionException: org.apache.ratis.thirdparty.io.grpc.StatusRuntimeException: UNAVAILABLE: io exception
2025-09-13 17:32:30,612 [e114cbd1-8f45-4cc5-a8b1-e2bd6cad48a0@group-853F78DB4750-LeaderElection127] INFO  impl.LeaderElection (LogUtils.java:infoOrTrace(142)) -   Exception 1: java.util.concurrent.ExecutionException: org.apache.ratis.thirdparty.io.grpc.StatusRuntimeException: UNAVAILABLE: io exception
2025-09-13 17:32:30,612 [e114cbd1-8f45-4cc5-a8b1-e2bd6cad48a0@group-853F78DB4750-LeaderElection127] INFO  impl.LeaderElection (LeaderElection.java:askForVotes(450)) - e114cbd1-8f45-4cc5-a8b1-e2bd6cad48a0@group-853F78DB4750-LeaderElection127 PRE_VOTE round 0: result REJECTED
2025-09-13 17:32:30,612 [e114cbd1-8f45-4cc5-a8b1-e2bd6cad48a0@group-853F78DB4750-LeaderElection127] INFO  server.RaftServer$Division (RaftServerImpl.java:setRole(392)) - e114cbd1-8f45-4cc5-a8b1-e2bd6cad48a0@group-853F78DB4750: changes role from CANDIDATE to FOLLOWER at term 1 for REJECTED
2025-09-13 17:32:30,612 [e114cbd1-8f45-4cc5-a8b1-e2bd6cad48a0@group-853F78DB4750-LeaderElection127] INFO  impl.RoleInfo (RoleInfo.java:shutdownLeaderElection(141)) - e114cbd1-8f45-4cc5-a8b1-e2bd6cad48a0: shutdown e114cbd1-8f45-4cc5-a8b1-e2bd6cad48a0@group-853F78DB4750-LeaderElection127
2025-09-13 17:32:30,613 [e114cbd1-8f45-4cc5-a8b1-e2bd6cad48a0@group-853F78DB4750-LeaderElection127] INFO  impl.RoleInfo (RoleInfo.java:updateAndGet(148)) - e114cbd1-8f45-4cc5-a8b1-e2bd6cad48a0: start e114cbd1-8f45-4cc5-a8b1-e2bd6cad48a0@group-853F78DB4750-FollowerState
2025-09-13 17:32:30,698 [grpc-default-executor-3] ERROR impl.OrderedAsync (OrderedAsync.java:lambda$null$6(215)) -  client-5AF5730643BE: Failed* RaftClientRequest:client-5AF5730643BE->e114cbd1-8f45-4cc5-a8b1-e2bd6cad48a0@group-853F78DB4750, cid=26, seq=1*, Watch(0), null
java.util.concurrent.CompletionException: org.apache.ratis.protocol.exceptions.NotLeaderException: Server e114cbd1-8f45-4cc5-a8b1-e2bd6cad48a0@group-853F78DB4750 is not the leader
	at java.base/java.util.concurrent.CompletableFuture.encodeThrowable(CompletableFuture.java:332)
	at java.base/java.util.concurrent.CompletableFuture.completeThrowable(CompletableFuture.java:347)
	at java.base/java.util.concurrent.CompletableFuture$UniAccept.tryFire(CompletableFuture.java:708)
	at java.base/java.util.concurrent.CompletableFuture.postComplete(CompletableFuture.java:510)
	at java.base/java.util.concurrent.CompletableFuture.completeExceptionally(CompletableFuture.java:2194)
	at org.apache.ratis.grpc.client.GrpcClientProtocolClient$AsyncStreamObservers.completeReplyExceptionally(GrpcClientProtocolClient.java:397)
	at org.apache.ratis.grpc.client.GrpcClientProtocolClient$AsyncStreamObservers.access$000(GrpcClientProtocolClient.java:303)
	at org.apache.ratis.grpc.client.GrpcClientProtocolClient$AsyncStreamObservers$1.onNext(GrpcClientProtocolClient.java:317)
	at org.apache.ratis.grpc.client.GrpcClientProtocolClient$AsyncStreamObservers$1.onNext(GrpcClientProtocolClient.java:308)
	at org.apache.ratis.thirdparty.io.grpc.stub.ClientCalls$StreamObserverToCallListenerAdapter.onMessage(ClientCalls.java:551)
	at org.apache.ratis.thirdparty.io.grpc.ForwardingClientCallListener.onMessage(ForwardingClientCallListener.java:33)
	at org.apache.ratis.thirdparty.io.grpc.internal.ClientCallImpl$ClientStreamListenerImpl$1MessagesAvailable.runInternal(ClientCallImpl.java:661)
	at org.apache.ratis.thirdparty.io.grpc.internal.ClientCallImpl$ClientStreamListenerImpl$1MessagesAvailable.runInContext(ClientCallImpl.java:648)
	at org.apache.ratis.thirdparty.io.grpc.internal.ContextRunnable.run(ContextRunnable.java:37)
	at org.apache.ratis.thirdparty.io.grpc.internal.SerializingExecutor.run(SerializingExecutor.java:133)
	at java.base/java.util.concurrent.ThreadPoolExecutor.runWorker(ThreadPoolExecutor.java:1144)
	at java.base/java.util.concurrent.ThreadPoolExecutor$Worker.run(ThreadPoolExecutor.java:642)
	at java.base/java.lang.Thread.run(Thread.java:1583)
Caused by: org.apache.ratis.protocol.exceptions.NotLeaderException: Server e114cbd1-8f45-4cc5-a8b1-e2bd6cad48a0@group-853F78DB4750 is not the leader
	at org.apache.ratis.client.impl.ClientProtoUtils.toRaftClientReply(ClientProtoUtils.java:402)
	at org.apache.ratis.grpc.client.GrpcClientProtocolClient$AsyncStreamObservers$1.onNext(GrpcClientProtocolClient.java:313)
	... 10 more
2025-09-13 17:32:31,650 [e114cbd1-8f45-4cc5-a8b1-e2bd6cad48a0@group-853F78DB4750-FollowerState] INFO  impl.FollowerState (FollowerState.java:runImpl(161)) - e114cbd1-8f45-4cc5-a8b1-e2bd6cad48a0@group-853F78DB4750-FollowerState: change to CANDIDATE, lastRpcElapsedTime:1037479269ns, electionTimeout:1037ms
2025-09-13 17:32:31,650 [e114cbd1-8f45-4cc5-a8b1-e2bd6cad48a0@group-853F78DB4750-FollowerState] INFO  impl.RoleInfo (RoleInfo.java:shutdownFollowerState(121)) - e114cbd1-8f45-4cc5-a8b1-e2bd6cad48a0: shutdown e114cbd1-8f45-4cc5-a8b1-e2bd6cad48a0@group-853F78DB4750-FollowerState
2025-09-13 17:32:31,650 [e114cbd1-8f45-4cc5-a8b1-e2bd6cad48a0@group-853F78DB4750-FollowerState] INFO  server.RaftServer$Division (RaftServerImpl.java:setRole(392)) - e114cbd1-8f45-4cc5-a8b1-e2bd6cad48a0@group-853F78DB4750: changes role from  FOLLOWER to CANDIDATE at term 1 for changeToCandidate
2025-09-13 17:32:31,650 [e114cbd1-8f45-4cc5-a8b1-e2bd6cad48a0@group-853F78DB4750-FollowerState] INFO  impl.RoleInfo (RoleInfo.java:updateAndGet(148)) - e114cbd1-8f45-4cc5-a8b1-e2bd6cad48a0: start e114cbd1-8f45-4cc5-a8b1-e2bd6cad48a0@group-853F78DB4750-LeaderElection128
2025-09-13 17:32:31,651 [e114cbd1-8f45-4cc5-a8b1-e2bd6cad48a0@group-853F78DB4750-LeaderElection128] INFO  impl.LeaderElection (LeaderElection.java:askForVotes(448)) - e114cbd1-8f45-4cc5-a8b1-e2bd6cad48a0@group-853F78DB4750-LeaderElection128 PRE_VOTE round 0: submit vote requests at term 1 for conf: {index: 0, cur=peers:[d3aade32-661d-499d-9068-ea1550ed8656|127.0.0.1:15055, beda0dcb-37da-4cca-bea2-e222cb1bc351|127.0.0.1:15039, e114cbd1-8f45-4cc5-a8b1-e2bd6cad48a0|127.0.0.1:15047]|listeners:[], old=null}
2025-09-13 17:32:31,652 [e114cbd1-8f45-4cc5-a8b1-e2bd6cad48a0@group-853F78DB4750-LeaderElection128] INFO  impl.LeaderElection (LogUtils.java:infoOrTrace(142)) - e114cbd1-8f45-4cc5-a8b1-e2bd6cad48a0@group-853F78DB4750-LeaderElection128 got exception when requesting votes: java.util.concurrent.ExecutionException: org.apache.ratis.thirdparty.io.grpc.StatusRuntimeException: UNAVAILABLE: io exception
2025-09-13 17:32:31,652 [e114cbd1-8f45-4cc5-a8b1-e2bd6cad48a0@group-853F78DB4750-LeaderElection128] INFO  impl.LeaderElection (LogUtils.java:infoOrTrace(142)) - e114cbd1-8f45-4cc5-a8b1-e2bd6cad48a0@group-853F78DB4750-LeaderElection128 got exception when requesting votes: java.util.concurrent.ExecutionException: org.apache.ratis.thirdparty.io.grpc.StatusRuntimeException: UNAVAILABLE: io exception
2025-09-13 17:32:31,652 [e114cbd1-8f45-4cc5-a8b1-e2bd6cad48a0@group-853F78DB4750-LeaderElection128] INFO  impl.LeaderElection (LeaderElection.java:logAndReturn(206)) - e114cbd1-8f45-4cc5-a8b1-e2bd6cad48a0@group-853F78DB4750-LeaderElection128: PRE_VOTE REJECTED received 0 response(s) and 2 exception(s):
2025-09-13 17:32:31,652 [e114cbd1-8f45-4cc5-a8b1-e2bd6cad48a0@group-853F78DB4750-LeaderElection128] INFO  impl.LeaderElection (LogUtils.java:infoOrTrace(142)) -   Exception 0: java.util.concurrent.ExecutionException: org.apache.ratis.thirdparty.io.grpc.StatusRuntimeException: UNAVAILABLE: io exception
2025-09-13 17:32:31,652 [e114cbd1-8f45-4cc5-a8b1-e2bd6cad48a0@group-853F78DB4750-LeaderElection128] INFO  impl.LeaderElection (LogUtils.java:infoOrTrace(142)) -   Exception 1: java.util.concurrent.ExecutionException: org.apache.ratis.thirdparty.io.grpc.StatusRuntimeException: UNAVAILABLE: io exception
2025-09-13 17:32:31,652 [e114cbd1-8f45-4cc5-a8b1-e2bd6cad48a0@group-853F78DB4750-LeaderElection128] INFO  impl.LeaderElection (LeaderElection.java:askForVotes(450)) - e114cbd1-8f45-4cc5-a8b1-e2bd6cad48a0@group-853F78DB4750-LeaderElection128 PRE_VOTE round 0: result REJECTED
2025-09-13 17:32:31,652 [e114cbd1-8f45-4cc5-a8b1-e2bd6cad48a0@group-853F78DB4750-LeaderElection128] INFO  server.RaftServer$Division (RaftServerImpl.java:setRole(392)) - e114cbd1-8f45-4cc5-a8b1-e2bd6cad48a0@group-853F78DB4750: changes role from CANDIDATE to FOLLOWER at term 1 for REJECTED
2025-09-13 17:32:31,652 [e114cbd1-8f45-4cc5-a8b1-e2bd6cad48a0@group-853F78DB4750-LeaderElection128] INFO  impl.RoleInfo (RoleInfo.java:shutdownLeaderElection(141)) - e114cbd1-8f45-4cc5-a8b1-e2bd6cad48a0: shutdown e114cbd1-8f45-4cc5-a8b1-e2bd6cad48a0@group-853F78DB4750-LeaderElection128
2025-09-13 17:32:31,652 [e114cbd1-8f45-4cc5-a8b1-e2bd6cad48a0@group-853F78DB4750-LeaderElection128] INFO  impl.RoleInfo (RoleInfo.java:updateAndGet(148)) - e114cbd1-8f45-4cc5-a8b1-e2bd6cad48a0: start e114cbd1-8f45-4cc5-a8b1-e2bd6cad48a0@group-853F78DB4750-FollowerState
2025-09-13 17:32:31,653 [e114cbd1-8f45-4cc5-a8b1-e2bd6cad48a0@group-23D9289878C2-FollowerState] INFO  impl.FollowerState (FollowerState.java:runImpl(161)) - e114cbd1-8f45-4cc5-a8b1-e2bd6cad48a0@group-23D9289878C2-FollowerState: change to CANDIDATE, lastRpcElapsedTime:1072314708ns, electionTimeout:1072ms
2025-09-13 17:32:31,653 [e114cbd1-8f45-4cc5-a8b1-e2bd6cad48a0@group-23D9289878C2-FollowerState] INFO  impl.RoleInfo (RoleInfo.java:shutdownFollowerState(121)) - e114cbd1-8f45-4cc5-a8b1-e2bd6cad48a0: shutdown e114cbd1-8f45-4cc5-a8b1-e2bd6cad48a0@group-23D9289878C2-FollowerState
2025-09-13 17:32:31,653 [e114cbd1-8f45-4cc5-a8b1-e2bd6cad48a0@group-23D9289878C2-FollowerState] INFO  server.RaftServer$Division (RaftServerImpl.java:setRole(392)) - e114cbd1-8f45-4cc5-a8b1-e2bd6cad48a0@group-23D9289878C2: changes role from  FOLLOWER to CANDIDATE at term 1 for changeToCandidate
2025-09-13 17:32:31,653 [e114cbd1-8f45-4cc5-a8b1-e2bd6cad48a0@group-23D9289878C2-FollowerState] INFO  impl.RoleInfo (RoleInfo.java:updateAndGet(148)) - e114cbd1-8f45-4cc5-a8b1-e2bd6cad48a0: start e114cbd1-8f45-4cc5-a8b1-e2bd6cad48a0@group-23D9289878C2-LeaderElection129
2025-09-13 17:32:31,654 [e114cbd1-8f45-4cc5-a8b1-e2bd6cad48a0@group-23D9289878C2-LeaderElection129] INFO  impl.LeaderElection (LeaderElection.java:askForVotes(448)) - e114cbd1-8f45-4cc5-a8b1-e2bd6cad48a0@group-23D9289878C2-LeaderElection129 PRE_VOTE round 0: submit vote requests at term 1 for conf: {index: 0, cur=peers:[d3aade32-661d-499d-9068-ea1550ed8656|127.0.0.1:15055, beda0dcb-37da-4cca-bea2-e222cb1bc351|127.0.0.1:15039, e114cbd1-8f45-4cc5-a8b1-e2bd6cad48a0|127.0.0.1:15047]|listeners:[], old=null}
2025-09-13 17:32:31,654 [e114cbd1-8f45-4cc5-a8b1-e2bd6cad48a0@group-23D9289878C2-LeaderElection129] INFO  impl.LeaderElection (LogUtils.java:infoOrTrace(142)) - e114cbd1-8f45-4cc5-a8b1-e2bd6cad48a0@group-23D9289878C2-LeaderElection129 got exception when requesting votes: java.util.concurrent.ExecutionException: org.apache.ratis.thirdparty.io.grpc.StatusRuntimeException: UNAVAILABLE: io exception
2025-09-13 17:32:31,654 [e114cbd1-8f45-4cc5-a8b1-e2bd6cad48a0@group-23D9289878C2-LeaderElection129] INFO  impl.LeaderElection (LogUtils.java:infoOrTrace(142)) - e114cbd1-8f45-4cc5-a8b1-e2bd6cad48a0@group-23D9289878C2-LeaderElection129 got exception when requesting votes: java.util.concurrent.ExecutionException: org.apache.ratis.thirdparty.io.grpc.StatusRuntimeException: UNAVAILABLE: io exception
2025-09-13 17:32:31,654 [e114cbd1-8f45-4cc5-a8b1-e2bd6cad48a0@group-23D9289878C2-LeaderElection129] INFO  impl.LeaderElection (LeaderElection.java:logAndReturn(206)) - e114cbd1-8f45-4cc5-a8b1-e2bd6cad48a0@group-23D9289878C2-LeaderElection129: PRE_VOTE REJECTED received 0 response(s) and 2 exception(s):
2025-09-13 17:32:31,655 [e114cbd1-8f45-4cc5-a8b1-e2bd6cad48a0@group-23D9289878C2-LeaderElection129] INFO  impl.LeaderElection (LogUtils.java:infoOrTrace(142)) -   Exception 0: java.util.concurrent.ExecutionException: org.apache.ratis.thirdparty.io.grpc.StatusRuntimeException: UNAVAILABLE: io exception
2025-09-13 17:32:31,655 [e114cbd1-8f45-4cc5-a8b1-e2bd6cad48a0@group-23D9289878C2-LeaderElection129] INFO  impl.LeaderElection (LogUtils.java:infoOrTrace(142)) -   Exception 1: java.util.concurrent.ExecutionException: org.apache.ratis.thirdparty.io.grpc.StatusRuntimeException: UNAVAILABLE: io exception
2025-09-13 17:32:31,655 [e114cbd1-8f45-4cc5-a8b1-e2bd6cad48a0@group-23D9289878C2-LeaderElection129] INFO  impl.LeaderElection (LeaderElection.java:askForVotes(450)) - e114cbd1-8f45-4cc5-a8b1-e2bd6cad48a0@group-23D9289878C2-LeaderElection129 PRE_VOTE round 0: result REJECTED
2025-09-13 17:32:31,655 [e114cbd1-8f45-4cc5-a8b1-e2bd6cad48a0@group-23D9289878C2-LeaderElection129] INFO  server.RaftServer$Division (RaftServerImpl.java:setRole(392)) - e114cbd1-8f45-4cc5-a8b1-e2bd6cad48a0@group-23D9289878C2: changes role from CANDIDATE to FOLLOWER at term 1 for REJECTED
2025-09-13 17:32:31,655 [e114cbd1-8f45-4cc5-a8b1-e2bd6cad48a0@group-23D9289878C2-LeaderElection129] INFO  impl.RoleInfo (RoleInfo.java:shutdownLeaderElection(141)) - e114cbd1-8f45-4cc5-a8b1-e2bd6cad48a0: shutdown e114cbd1-8f45-4cc5-a8b1-e2bd6cad48a0@group-23D9289878C2-LeaderElection129
2025-09-13 17:32:31,655 [e114cbd1-8f45-4cc5-a8b1-e2bd6cad48a0@group-23D9289878C2-LeaderElection129] INFO  impl.RoleInfo (RoleInfo.java:updateAndGet(148)) - e114cbd1-8f45-4cc5-a8b1-e2bd6cad48a0: start e114cbd1-8f45-4cc5-a8b1-e2bd6cad48a0@group-23D9289878C2-FollowerState
2025-09-13 17:32:32,697 [e114cbd1-8f45-4cc5-a8b1-e2bd6cad48a0@group-23D9289878C2-FollowerState] INFO  impl.FollowerState (FollowerState.java:runImpl(161)) - e114cbd1-8f45-4cc5-a8b1-e2bd6cad48a0@group-23D9289878C2-FollowerState: change to CANDIDATE, lastRpcElapsedTime:1042303795ns, electionTimeout:1042ms
2025-09-13 17:32:32,697 [e114cbd1-8f45-4cc5-a8b1-e2bd6cad48a0@group-23D9289878C2-FollowerState] INFO  impl.RoleInfo (RoleInfo.java:shutdownFollowerState(121)) - e114cbd1-8f45-4cc5-a8b1-e2bd6cad48a0: shutdown e114cbd1-8f45-4cc5-a8b1-e2bd6cad48a0@group-23D9289878C2-FollowerState
2025-09-13 17:32:32,697 [e114cbd1-8f45-4cc5-a8b1-e2bd6cad48a0@group-23D9289878C2-FollowerState] INFO  server.RaftServer$Division (RaftServerImpl.java:setRole(392)) - e114cbd1-8f45-4cc5-a8b1-e2bd6cad48a0@group-23D9289878C2: changes role from  FOLLOWER to CANDIDATE at term 1 for changeToCandidate
2025-09-13 17:32:32,697 [e114cbd1-8f45-4cc5-a8b1-e2bd6cad48a0@group-23D9289878C2-FollowerState] INFO  impl.RoleInfo (RoleInfo.java:updateAndGet(148)) - e114cbd1-8f45-4cc5-a8b1-e2bd6cad48a0: start e114cbd1-8f45-4cc5-a8b1-e2bd6cad48a0@group-23D9289878C2-LeaderElection130
2025-09-13 17:32:32,698 [e114cbd1-8f45-4cc5-a8b1-e2bd6cad48a0@group-23D9289878C2-LeaderElection130] INFO  impl.LeaderElection (LeaderElection.java:askForVotes(448)) - e114cbd1-8f45-4cc5-a8b1-e2bd6cad48a0@group-23D9289878C2-LeaderElection130 PRE_VOTE round 0: submit vote requests at term 1 for conf: {index: 0, cur=peers:[d3aade32-661d-499d-9068-ea1550ed8656|127.0.0.1:15055, beda0dcb-37da-4cca-bea2-e222cb1bc351|127.0.0.1:15039, e114cbd1-8f45-4cc5-a8b1-e2bd6cad48a0|127.0.0.1:15047]|listeners:[], old=null}
2025-09-13 17:32:32,698 [e114cbd1-8f45-4cc5-a8b1-e2bd6cad48a0@group-23D9289878C2-LeaderElection130] INFO  impl.LeaderElection (LogUtils.java:infoOrTrace(142)) - e114cbd1-8f45-4cc5-a8b1-e2bd6cad48a0@group-23D9289878C2-LeaderElection130 got exception when requesting votes: java.util.concurrent.ExecutionException: org.apache.ratis.thirdparty.io.grpc.StatusRuntimeException: UNAVAILABLE: io exception
2025-09-13 17:32:32,698 [e114cbd1-8f45-4cc5-a8b1-e2bd6cad48a0@group-23D9289878C2-LeaderElection130] INFO  impl.LeaderElection (LogUtils.java:infoOrTrace(142)) - e114cbd1-8f45-4cc5-a8b1-e2bd6cad48a0@group-23D9289878C2-LeaderElection130 got exception when requesting votes: java.util.concurrent.ExecutionException: org.apache.ratis.thirdparty.io.grpc.StatusRuntimeException: UNAVAILABLE: io exception
2025-09-13 17:32:32,698 [e114cbd1-8f45-4cc5-a8b1-e2bd6cad48a0@group-23D9289878C2-LeaderElection130] INFO  impl.LeaderElection (LeaderElection.java:logAndReturn(206)) - e114cbd1-8f45-4cc5-a8b1-e2bd6cad48a0@group-23D9289878C2-LeaderElection130: PRE_VOTE REJECTED received 0 response(s) and 2 exception(s):
2025-09-13 17:32:32,698 [e114cbd1-8f45-4cc5-a8b1-e2bd6cad48a0@group-23D9289878C2-LeaderElection130] INFO  impl.LeaderElection (LogUtils.java:infoOrTrace(142)) -   Exception 0: java.util.concurrent.ExecutionException: org.apache.ratis.thirdparty.io.grpc.StatusRuntimeException: UNAVAILABLE: io exception
2025-09-13 17:32:32,698 [e114cbd1-8f45-4cc5-a8b1-e2bd6cad48a0@group-23D9289878C2-LeaderElection130] INFO  impl.LeaderElection (LogUtils.java:infoOrTrace(142)) -   Exception 1: java.util.concurrent.ExecutionException: org.apache.ratis.thirdparty.io.grpc.StatusRuntimeException: UNAVAILABLE: io exception
2025-09-13 17:32:32,698 [e114cbd1-8f45-4cc5-a8b1-e2bd6cad48a0@group-23D9289878C2-LeaderElection130] INFO  impl.LeaderElection (LeaderElection.java:askForVotes(450)) - e114cbd1-8f45-4cc5-a8b1-e2bd6cad48a0@group-23D9289878C2-LeaderElection130 PRE_VOTE round 0: result REJECTED
2025-09-13 17:32:32,698 [e114cbd1-8f45-4cc5-a8b1-e2bd6cad48a0@group-23D9289878C2-LeaderElection130] INFO  server.RaftServer$Division (RaftServerImpl.java:setRole(392)) - e114cbd1-8f45-4cc5-a8b1-e2bd6cad48a0@group-23D9289878C2: changes role from CANDIDATE to FOLLOWER at term 1 for REJECTED
2025-09-13 17:32:32,698 [e114cbd1-8f45-4cc5-a8b1-e2bd6cad48a0@group-23D9289878C2-LeaderElection130] INFO  impl.RoleInfo (RoleInfo.java:shutdownLeaderElection(141)) - e114cbd1-8f45-4cc5-a8b1-e2bd6cad48a0: shutdown e114cbd1-8f45-4cc5-a8b1-e2bd6cad48a0@group-23D9289878C2-LeaderElection130
2025-09-13 17:32:32,699 [e114cbd1-8f45-4cc5-a8b1-e2bd6cad48a0@group-23D9289878C2-LeaderElection130] INFO  impl.RoleInfo (RoleInfo.java:updateAndGet(148)) - e114cbd1-8f45-4cc5-a8b1-e2bd6cad48a0: start e114cbd1-8f45-4cc5-a8b1-e2bd6cad48a0@group-23D9289878C2-FollowerState
2025-09-13 17:32:32,818 [e114cbd1-8f45-4cc5-a8b1-e2bd6cad48a0@group-853F78DB4750-FollowerState] INFO  impl.FollowerState (FollowerState.java:runImpl(161)) - e114cbd1-8f45-4cc5-a8b1-e2bd6cad48a0@group-853F78DB4750-FollowerState: change to CANDIDATE, lastRpcElapsedTime:1165326480ns, electionTimeout:1165ms
2025-09-13 17:32:32,818 [e114cbd1-8f45-4cc5-a8b1-e2bd6cad48a0@group-853F78DB4750-FollowerState] INFO  impl.RoleInfo (RoleInfo.java:shutdownFollowerState(121)) - e114cbd1-8f45-4cc5-a8b1-e2bd6cad48a0: shutdown e114cbd1-8f45-4cc5-a8b1-e2bd6cad48a0@group-853F78DB4750-FollowerState
2025-09-13 17:32:32,818 [e114cbd1-8f45-4cc5-a8b1-e2bd6cad48a0@group-853F78DB4750-FollowerState] INFO  server.RaftServer$Division (RaftServerImpl.java:setRole(392)) - e114cbd1-8f45-4cc5-a8b1-e2bd6cad48a0@group-853F78DB4750: changes role from  FOLLOWER to CANDIDATE at term 1 for changeToCandidate
2025-09-13 17:32:32,818 [e114cbd1-8f45-4cc5-a8b1-e2bd6cad48a0@group-853F78DB4750-FollowerState] INFO  impl.RoleInfo (RoleInfo.java:updateAndGet(148)) - e114cbd1-8f45-4cc5-a8b1-e2bd6cad48a0: start e114cbd1-8f45-4cc5-a8b1-e2bd6cad48a0@group-853F78DB4750-LeaderElection131
2025-09-13 17:32:32,818 [e114cbd1-8f45-4cc5-a8b1-e2bd6cad48a0@group-853F78DB4750-LeaderElection131] INFO  impl.LeaderElection (LeaderElection.java:askForVotes(448)) - e114cbd1-8f45-4cc5-a8b1-e2bd6cad48a0@group-853F78DB4750-LeaderElection131 PRE_VOTE round 0: submit vote requests at term 1 for conf: {index: 0, cur=peers:[d3aade32-661d-499d-9068-ea1550ed8656|127.0.0.1:15055, beda0dcb-37da-4cca-bea2-e222cb1bc351|127.0.0.1:15039, e114cbd1-8f45-4cc5-a8b1-e2bd6cad48a0|127.0.0.1:15047]|listeners:[], old=null}
2025-09-13 17:32:32,819 [e114cbd1-8f45-4cc5-a8b1-e2bd6cad48a0@group-853F78DB4750-LeaderElection131] INFO  impl.LeaderElection (LogUtils.java:infoOrTrace(142)) - e114cbd1-8f45-4cc5-a8b1-e2bd6cad48a0@group-853F78DB4750-LeaderElection131 got exception when requesting votes: java.util.concurrent.ExecutionException: org.apache.ratis.thirdparty.io.grpc.StatusRuntimeException: UNAVAILABLE: io exception
2025-09-13 17:32:32,819 [e114cbd1-8f45-4cc5-a8b1-e2bd6cad48a0@group-853F78DB4750-LeaderElection131] INFO  impl.LeaderElection (LogUtils.java:infoOrTrace(142)) - e114cbd1-8f45-4cc5-a8b1-e2bd6cad48a0@group-853F78DB4750-LeaderElection131 got exception when requesting votes: java.util.concurrent.ExecutionException: org.apache.ratis.thirdparty.io.grpc.StatusRuntimeException: UNAVAILABLE: io exception
2025-09-13 17:32:32,819 [e114cbd1-8f45-4cc5-a8b1-e2bd6cad48a0@group-853F78DB4750-LeaderElection131] INFO  impl.LeaderElection (LeaderElection.java:logAndReturn(206)) - e114cbd1-8f45-4cc5-a8b1-e2bd6cad48a0@group-853F78DB4750-LeaderElection131: PRE_VOTE REJECTED received 0 response(s) and 2 exception(s):
2025-09-13 17:32:32,819 [e114cbd1-8f45-4cc5-a8b1-e2bd6cad48a0@group-853F78DB4750-LeaderElection131] INFO  impl.LeaderElection (LogUtils.java:infoOrTrace(142)) -   Exception 0: java.util.concurrent.ExecutionException: org.apache.ratis.thirdparty.io.grpc.StatusRuntimeException: UNAVAILABLE: io exception
2025-09-13 17:32:32,819 [e114cbd1-8f45-4cc5-a8b1-e2bd6cad48a0@group-853F78DB4750-LeaderElection131] INFO  impl.LeaderElection (LogUtils.java:infoOrTrace(142)) -   Exception 1: java.util.concurrent.ExecutionException: org.apache.ratis.thirdparty.io.grpc.StatusRuntimeException: UNAVAILABLE: io exception
2025-09-13 17:32:32,819 [e114cbd1-8f45-4cc5-a8b1-e2bd6cad48a0@group-853F78DB4750-LeaderElection131] INFO  impl.LeaderElection (LeaderElection.java:askForVotes(450)) - e114cbd1-8f45-4cc5-a8b1-e2bd6cad48a0@group-853F78DB4750-LeaderElection131 PRE_VOTE round 0: result REJECTED
2025-09-13 17:32:32,819 [e114cbd1-8f45-4cc5-a8b1-e2bd6cad48a0@group-853F78DB4750-LeaderElection131] INFO  server.RaftServer$Division (RaftServerImpl.java:setRole(392)) - e114cbd1-8f45-4cc5-a8b1-e2bd6cad48a0@group-853F78DB4750: changes role from CANDIDATE to FOLLOWER at term 1 for REJECTED
2025-09-13 17:32:32,819 [e114cbd1-8f45-4cc5-a8b1-e2bd6cad48a0@group-853F78DB4750-LeaderElection131] INFO  impl.RoleInfo (RoleInfo.java:shutdownLeaderElection(141)) - e114cbd1-8f45-4cc5-a8b1-e2bd6cad48a0: shutdown e114cbd1-8f45-4cc5-a8b1-e2bd6cad48a0@group-853F78DB4750-LeaderElection131
2025-09-13 17:32:32,819 [e114cbd1-8f45-4cc5-a8b1-e2bd6cad48a0@group-853F78DB4750-LeaderElection131] INFO  impl.RoleInfo (RoleInfo.java:updateAndGet(148)) - e114cbd1-8f45-4cc5-a8b1-e2bd6cad48a0: start e114cbd1-8f45-4cc5-a8b1-e2bd6cad48a0@group-853F78DB4750-FollowerState
2025-09-13 17:32:33,615 [grpc-default-executor-3] ERROR impl.OrderedAsync (OrderedAsync.java:lambda$null$6(215)) -  client-5AF5730643BE: Failed* RaftClientRequest:client-5AF5730643BE->beda0dcb-37da-4cca-bea2-e222cb1bc351@group-853F78DB4750, cid=26, seq=1*, Watch(0), null
java.util.concurrent.CompletionException: java.io.IOException: org.apache.ratis.thirdparty.io.grpc.StatusRuntimeException: UNAVAILABLE: io exception
	at java.base/java.util.concurrent.CompletableFuture.encodeThrowable(CompletableFuture.java:332)
	at java.base/java.util.concurrent.CompletableFuture.completeThrowable(CompletableFuture.java:347)
	at java.base/java.util.concurrent.CompletableFuture$UniAccept.tryFire(CompletableFuture.java:708)
	at java.base/java.util.concurrent.CompletableFuture.postComplete(CompletableFuture.java:510)
	at java.base/java.util.concurrent.CompletableFuture.completeExceptionally(CompletableFuture.java:2194)
	at org.apache.ratis.grpc.client.GrpcClientProtocolClient$AsyncStreamObservers.completeReplyExceptionally(GrpcClientProtocolClient.java:397)
	at org.apache.ratis.grpc.client.GrpcClientProtocolClient$AsyncStreamObservers.access$000(GrpcClientProtocolClient.java:303)
	at org.apache.ratis.grpc.client.GrpcClientProtocolClient$AsyncStreamObservers$1.onError(GrpcClientProtocolClient.java:334)
	at org.apache.ratis.thirdparty.io.grpc.stub.ClientCalls$StreamObserverToCallListenerAdapter.onClose(ClientCalls.java:564)
	at org.apache.ratis.thirdparty.io.grpc.PartialForwardingClientCallListener.onClose(PartialForwardingClientCallListener.java:39)
	at org.apache.ratis.thirdparty.io.grpc.ForwardingClientCallListener.onClose(ForwardingClientCallListener.java:23)
	at org.apache.ratis.grpc.metrics.intercept.client.MetricClientCallListener.onClose(MetricClientCallListener.java:47)
	at org.apache.ratis.thirdparty.io.grpc.internal.ClientCallImpl.closeObserver(ClientCallImpl.java:565)
	at org.apache.ratis.thirdparty.io.grpc.internal.ClientCallImpl.access$100(ClientCallImpl.java:72)
	at org.apache.ratis.thirdparty.io.grpc.internal.ClientCallImpl$ClientStreamListenerImpl$1StreamClosed.runInternal(ClientCallImpl.java:733)
	at org.apache.ratis.thirdparty.io.grpc.internal.ClientCallImpl$ClientStreamListenerImpl$1StreamClosed.runInContext(ClientCallImpl.java:714)
	at org.apache.ratis.thirdparty.io.grpc.internal.ContextRunnable.run(ContextRunnable.java:37)
	at org.apache.ratis.thirdparty.io.grpc.internal.SerializingExecutor.run(SerializingExecutor.java:133)
	at java.base/java.util.concurrent.ThreadPoolExecutor.runWorker(ThreadPoolExecutor.java:1144)
	at java.base/java.util.concurrent.ThreadPoolExecutor$Worker.run(ThreadPoolExecutor.java:642)
	at java.base/java.lang.Thread.run(Thread.java:1583)
Caused by: java.io.IOException: org.apache.ratis.thirdparty.io.grpc.StatusRuntimeException: UNAVAILABLE: io exception
	at org.apache.ratis.grpc.GrpcUtil.unwrapException(GrpcUtil.java:99)
	at org.apache.ratis.grpc.GrpcUtil.unwrapIOException(GrpcUtil.java:159)
	at org.apache.ratis.grpc.client.GrpcClientProtocolClient$AsyncStreamObservers$1.onError(GrpcClientProtocolClient.java:333)
	... 13 more
Caused by: org.apache.ratis.thirdparty.io.grpc.StatusRuntimeException: UNAVAILABLE: io exception
	at org.apache.ratis.thirdparty.io.grpc.Status.asRuntimeException(Status.java:532)
	... 13 more
Caused by: org.apache.ratis.thirdparty.io.netty.channel.AbstractChannel$AnnotatedConnectException: finishConnect(..) failed: Connection refused: /127.0.0.1:15037
Caused by: java.net.ConnectException: finishConnect(..) failed: Connection refused
	at org.apache.ratis.thirdparty.io.netty.channel.unix.Errors.newConnectException0(Errors.java:166)
	at org.apache.ratis.thirdparty.io.netty.channel.unix.Errors.handleConnectErrno(Errors.java:131)
	at org.apache.ratis.thirdparty.io.netty.channel.unix.Socket.finishConnect(Socket.java:359)
	at org.apache.ratis.thirdparty.io.netty.channel.epoll.AbstractEpollChannel$AbstractEpollUnsafe.doFinishConnect(AbstractEpollChannel.java:715)
	at org.apache.ratis.thirdparty.io.netty.channel.epoll.AbstractEpollChannel$AbstractEpollUnsafe.finishConnect(AbstractEpollChannel.java:692)
	at org.apache.ratis.thirdparty.io.netty.channel.epoll.AbstractEpollChannel$AbstractEpollUnsafe.epollOutReady(AbstractEpollChannel.java:567)
	at org.apache.ratis.thirdparty.io.netty.channel.epoll.EpollEventLoop.processReady(EpollEventLoop.java:491)
	at org.apache.ratis.thirdparty.io.netty.channel.epoll.EpollEventLoop.run(EpollEventLoop.java:399)
	at org.apache.ratis.thirdparty.io.netty.util.concurrent.SingleThreadEventExecutor$4.run(SingleThreadEventExecutor.java:998)
	at org.apache.ratis.thirdparty.io.netty.util.internal.ThreadExecutorMap$2.run(ThreadExecutorMap.java:74)
	at org.apache.ratis.thirdparty.io.netty.util.concurrent.FastThreadLocalRunnable.run(FastThreadLocalRunnable.java:30)
	at java.base/java.lang.Thread.run(Thread.java:1583)
2025-09-13 17:32:33,616 [grpc-default-executor-3] ERROR impl.OrderedAsync (OrderedAsync.java:lambda$send$4(181)) - Failed to send request, message=null
java.util.concurrent.CompletionException: org.apache.ratis.protocol.exceptions.RaftRetryFailureException: Failed RaftClientRequest:client-5AF5730643BE->beda0dcb-37da-4cca-bea2-e222cb1bc351@group-853F78DB4750, cid=26, seq=1*, Watch(0), null for 8 attempts with RequestTypeDependentRetryPolicy{WRITE->ExceptionDependentRetry(maxAttempts=2147483647; defaultPolicy=MultipleLinearRandomRetry[5x5s, 5x10s, 5x15s, 5x20s, 5x25s, 10x60s]; map={org.apache.ratis.protocol.exceptions.GroupMismatchException->NoRetry, org.apache.ratis.protocol.exceptions.NotReplicatedException->NoRetry, org.apache.ratis.protocol.exceptions.ResourceUnavailableException->org.apache.ratis.retry.ExponentialBackoffRetry@63363b30, org.apache.ratis.protocol.exceptions.StateMachineException->NoRetry, org.apache.ratis.protocol.exceptions.TimeoutIOException->org.apache.ratis.retry.ExponentialBackoffRetry@63363b30}), WATCH->ExceptionDependentRetry(maxAttempts=2147483647; defaultPolicy=MultipleLinearRandomRetry[5x5s, 5x10s, 5x15s, 5x20s, 5x25s, 10x60s]; map={org.apache.ratis.protocol.exceptions.GroupMismatchException->NoRetry, org.apache.ratis.protocol.exceptions.NotReplicatedException->NoRetry, org.apache.ratis.protocol.exceptions.ResourceUnavailableException->org.apache.ratis.retry.ExponentialBackoffRetry@63363b30, org.apache.ratis.protocol.exceptions.StateMachineException->NoRetry, org.apache.ratis.protocol.exceptions.TimeoutIOException->NoRetry})}
	at java.base/java.util.concurrent.CompletableFuture.encodeThrowable(CompletableFuture.java:332)
	at java.base/java.util.concurrent.CompletableFuture.completeThrowable(CompletableFuture.java:347)
	at java.base/java.util.concurrent.CompletableFuture$UniApply.tryFire(CompletableFuture.java:636)
	at java.base/java.util.concurrent.CompletableFuture.postComplete(CompletableFuture.java:510)
	at java.base/java.util.concurrent.CompletableFuture.completeExceptionally(CompletableFuture.java:2194)
	at org.apache.ratis.client.impl.OrderedAsync$PendingOrderedRequest.fail(OrderedAsync.java:111)
	at org.apache.ratis.util.SlidingWindow$Client.fail(SlidingWindow.java:395)
	at org.apache.ratis.client.impl.OrderedAsync.failAllAsyncRequests(OrderedAsync.java:155)
	at org.apache.ratis.client.impl.OrderedAsync.handleException(OrderedAsync.java:239)
	at org.apache.ratis.client.impl.OrderedAsync.lambda$sendRequestWithRetry$7(OrderedAsync.java:217)
	at java.base/java.util.concurrent.CompletableFuture.uniExceptionally(CompletableFuture.java:990)
	at java.base/java.util.concurrent.CompletableFuture$UniExceptionally.tryFire(CompletableFuture.java:974)
	at java.base/java.util.concurrent.CompletableFuture.postComplete(CompletableFuture.java:510)
	at java.base/java.util.concurrent.CompletableFuture.completeExceptionally(CompletableFuture.java:2194)
	at org.apache.ratis.grpc.client.GrpcClientProtocolClient$AsyncStreamObservers.completeReplyExceptionally(GrpcClientProtocolClient.java:397)
	at org.apache.ratis.grpc.client.GrpcClientProtocolClient$AsyncStreamObservers.access$000(GrpcClientProtocolClient.java:303)
	at org.apache.ratis.grpc.client.GrpcClientProtocolClient$AsyncStreamObservers$1.onError(GrpcClientProtocolClient.java:334)
	at org.apache.ratis.thirdparty.io.grpc.stub.ClientCalls$StreamObserverToCallListenerAdapter.onClose(ClientCalls.java:564)
	at org.apache.ratis.thirdparty.io.grpc.PartialForwardingClientCallListener.onClose(PartialForwardingClientCallListener.java:39)
	at org.apache.ratis.thirdparty.io.grpc.ForwardingClientCallListener.onClose(ForwardingClientCallListener.java:23)
	at org.apache.ratis.grpc.metrics.intercept.client.MetricClientCallListener.onClose(MetricClientCallListener.java:47)
	at org.apache.ratis.thirdparty.io.grpc.internal.ClientCallImpl.closeObserver(ClientCallImpl.java:565)
	at org.apache.ratis.thirdparty.io.grpc.internal.ClientCallImpl.access$100(ClientCallImpl.java:72)
	at org.apache.ratis.thirdparty.io.grpc.internal.ClientCallImpl$ClientStreamListenerImpl$1StreamClosed.runInternal(ClientCallImpl.java:733)
	at org.apache.ratis.thirdparty.io.grpc.internal.ClientCallImpl$ClientStreamListenerImpl$1StreamClosed.runInContext(ClientCallImpl.java:714)
	at org.apache.ratis.thirdparty.io.grpc.internal.ContextRunnable.run(ContextRunnable.java:37)
	at org.apache.ratis.thirdparty.io.grpc.internal.SerializingExecutor.run(SerializingExecutor.java:133)
	at java.base/java.util.concurrent.ThreadPoolExecutor.runWorker(ThreadPoolExecutor.java:1144)
	at java.base/java.util.concurrent.ThreadPoolExecutor$Worker.run(ThreadPoolExecutor.java:642)
	at java.base/java.lang.Thread.run(Thread.java:1583)
Caused by: org.apache.ratis.protocol.exceptions.RaftRetryFailureException: Failed RaftClientRequest:client-5AF5730643BE->beda0dcb-37da-4cca-bea2-e222cb1bc351@group-853F78DB4750, cid=26, seq=1*, Watch(0), null for 8 attempts with RequestTypeDependentRetryPolicy{WRITE->ExceptionDependentRetry(maxAttempts=2147483647; defaultPolicy=MultipleLinearRandomRetry[5x5s, 5x10s, 5x15s, 5x20s, 5x25s, 10x60s]; map={org.apache.ratis.protocol.exceptions.GroupMismatchException->NoRetry, org.apache.ratis.protocol.exceptions.NotReplicatedException->NoRetry, org.apache.ratis.protocol.exceptions.ResourceUnavailableException->org.apache.ratis.retry.ExponentialBackoffRetry@63363b30, org.apache.ratis.protocol.exceptions.StateMachineException->NoRetry, org.apache.ratis.protocol.exceptions.TimeoutIOException->org.apache.ratis.retry.ExponentialBackoffRetry@63363b30}), WATCH->ExceptionDependentRetry(maxAttempts=2147483647; defaultPolicy=MultipleLinearRandomRetry[5x5s, 5x10s, 5x15s, 5x20s, 5x25s, 10x60s]; map={org.apache.ratis.protocol.exceptions.GroupMismatchException->NoRetry, org.apache.ratis.protocol.exceptions.NotReplicatedException->NoRetry, org.apache.ratis.protocol.exceptions.ResourceUnavailableException->org.apache.ratis.retry.ExponentialBackoffRetry@63363b30, org.apache.ratis.protocol.exceptions.StateMachineException->NoRetry, org.apache.ratis.protocol.exceptions.TimeoutIOException->NoRetry})}
	at org.apache.ratis.client.impl.RaftClientImpl.noMoreRetries(RaftClientImpl.java:352)
	... 22 more
Caused by: java.io.IOException: org.apache.ratis.thirdparty.io.grpc.StatusRuntimeException: UNAVAILABLE: io exception
	at org.apache.ratis.grpc.GrpcUtil.unwrapException(GrpcUtil.java:99)
	at org.apache.ratis.grpc.GrpcUtil.unwrapIOException(GrpcUtil.java:159)
	at org.apache.ratis.grpc.client.GrpcClientProtocolClient$AsyncStreamObservers$1.onError(GrpcClientProtocolClient.java:333)
	... 13 more
Caused by: org.apache.ratis.thirdparty.io.grpc.StatusRuntimeException: UNAVAILABLE: io exception
	at org.apache.ratis.thirdparty.io.grpc.Status.asRuntimeException(Status.java:532)
	... 13 more
Caused by: org.apache.ratis.thirdparty.io.netty.channel.AbstractChannel$AnnotatedConnectException: finishConnect(..) failed: Connection refused: /127.0.0.1:15037
Caused by: java.net.ConnectException: finishConnect(..) failed: Connection refused
	at org.apache.ratis.thirdparty.io.netty.channel.unix.Errors.newConnectException0(Errors.java:166)
	at org.apache.ratis.thirdparty.io.netty.channel.unix.Errors.handleConnectErrno(Errors.java:131)
	at org.apache.ratis.thirdparty.io.netty.channel.unix.Socket.finishConnect(Socket.java:359)
	at org.apache.ratis.thirdparty.io.netty.channel.epoll.AbstractEpollChannel$AbstractEpollUnsafe.doFinishConnect(AbstractEpollChannel.java:715)
	at org.apache.ratis.thirdparty.io.netty.channel.epoll.AbstractEpollChannel$AbstractEpollUnsafe.finishConnect(AbstractEpollChannel.java:692)
	at org.apache.ratis.thirdparty.io.netty.channel.epoll.AbstractEpollChannel$AbstractEpollUnsafe.epollOutReady(AbstractEpollChannel.java:567)
	at org.apache.ratis.thirdparty.io.netty.channel.epoll.EpollEventLoop.processReady(EpollEventLoop.java:491)
	at org.apache.ratis.thirdparty.io.netty.channel.epoll.EpollEventLoop.run(EpollEventLoop.java:399)
	at org.apache.ratis.thirdparty.io.netty.util.concurrent.SingleThreadEventExecutor$4.run(SingleThreadEventExecutor.java:998)
	at org.apache.ratis.thirdparty.io.netty.util.internal.ThreadExecutorMap$2.run(ThreadExecutorMap.java:74)
	at org.apache.ratis.thirdparty.io.netty.util.concurrent.FastThreadLocalRunnable.run(FastThreadLocalRunnable.java:30)
	at java.base/java.lang.Thread.run(Thread.java:1583)
2025-09-13 17:32:33,617 [grpc-default-executor-3] ERROR impl.OrderedAsync (OrderedAsync.java:lambda$send$4(179)) - Failed to send request, message=cmdType: WriteChunk
traceID: ""
containerID: 2
datanodeUuid: "d3aade32-661d-499d-9068-ea1550ed8656"
writeChunk {
  blockID {
    containerID: 2
    localID: 115816896921600002
    blockCommitSequenceId: 0
    replicaIndex: 0
  }
  chunkData {
    chunkName: "115816896921600002_chunk_1"
    offset: 0
    len: 1048576
    checksumData {
      type: CRC32
      bytesPerChecksum: 16384
      checksums: "\326\360U\321"
      checksums: "\326\360U\321"
      checksums: "\326\360U\321"
      checksums: "\326\360U\321"
      checksums: "\326\360U\321"
      checksums: "\326\360U\321"
      checksums: "\326\360U\321"
      checksums: "\326\360U\321"
      checksums: "\326\360U\321"
      checksums: "\326\360U\321"
      checksums: "\326\360U\321"
      checksums: "\326\360U\321"
      checksums: "\326\360U\321"
      checksums: "\326\360U\321"
      checksums: "\326\360U\321"
      checksums: "\326\360U\321"
      checksums: "\326\360U\321"
      checksums: "\326\360U\321"
      checksums: "\326\360U\321"
      checksums: "\326\360U\321"
      checksums: "\326\360U\321"
      checksums: "\326\360U\321"
      checksums: "\326\360U\321"
      checksums: "\326\360U\321"
      checksums: "\326\360U\321"
      checksums: "\326\360U\321"
      checksums: "\326\360U\321"
      checksums: "\326\360U\321"
      checksums: "\326\360U\321"
      checksums: "\326\360U\321"
      checksums: "\326\360U\321"
      checksums: "\326\360U\321"
      checksums: "\326\360U\321"
      checksums: "\326\360U\321"
      checksums: "\326\360U\321"
      checksums: "\326\360U\321"
      checksums: "\326\360U\321"
      checksums: "\326\360U\321"
      checksums: "\326\360U\321"
      checksums: "\326\360U\321"
      checksums: "\326\360U\321"
      checksums: "\326\360U\321"
      checksums: "\326\360U\321"
      checksums: "\326\360U\321"
      checksums: "\326\360U\321"
      checksums: "\326\360U\321"
      checksums: "\326\360U\321"
      checksums: "\326\360U\321"
      checksums: "\326\360U\321"
      checksums: "\326\360U\321"
      checksums: "\326\360U\321"
      checksums: "\326\360U\321"
      checksums: "\326\360U\321"
      checksums: "\326\360U\321"
      checksums: "\326\360U\321"
      checksums: "\326\360U\321"
      checksums: "\326\360U\321"
      checksums: "\326\360U\321"
      checksums: "\326\360U\321"
      checksums: "\326\360U\321"
      checksums: "\326\360U\321"
      checksums: "\326\360U\321"
      checksums: "\326\360U\321"
      checksums: "\277r/p"
    }
  }
}
version: 3
, data.size=1048576 due to java.util.concurrent.CompletionException: org.apache.ratis.protocol.exceptions.AlreadyClosedException: SlidingWindow$Client:client-5AF5730643BE->RAFT is closed.
2025-09-13 17:32:33,617 [grpc-default-executor-3] ERROR impl.OrderedAsync (OrderedAsync.java:lambda$send$4(179)) - Failed to send request, message=cmdType: PutBlock
traceID: ""
containerID: 2
datanodeUuid: "d3aade32-661d-499d-9068-ea1550ed8656"
putBlock {
  blockData {
    blockID {
      containerID: 2
      localID: 115816896921600002
      blockCommitSequenceId: 0
    }
    metadata {
      key: "TYPE"
      value: "KEY"
    }
    chunks {
      chunkName: "115816896921600002_chunk_1"
      offset: 0
      len: 1048576
      checksumData {
        type: CRC32
        bytesPerChecksum: 16384
        checksums: "\326\360U\321"
        checksums: "\326\360U\321"
        checksums: "\326\360U\321"
        checksums: "\326\360U\321"
        checksums: "\326\360U\321"
        checksums: "\326\360U\321"
        checksums: "\326\360U\321"
        checksums: "\326\360U\321"
        checksums: "\326\360U\321"
        checksums: "\326\360U\321"
        checksums: "\326\360U\321"
        checksums: "\326\360U\321"
        checksums: "\326\360U\321"
        checksums: "\326\360U\321"
        checksums: "\326\360U\321"
        checksums: "\326\360U\321"
        checksums: "\326\360U\321"
        checksums: "\326\360U\321"
        checksums: "\326\360U\321"
        checksums: "\326\360U\321"
        checksums: "\326\360U\321"
        checksums: "\326\360U\321"
        checksums: "\326\360U\321"
        checksums: "\326\360U\321"
        checksums: "\326\360U\321"
        checksums: "\326\360U\321"
        checksums: "\326\360U\321"
        checksums: "\326\360U\321"
        checksums: "\326\360U\321"
        checksums: "\326\360U\321"
        checksums: "\326\360U\321"
        checksums: "\326\360U\321"
        checksums: "\326\360U\321"
        checksums: "\326\360U\321"
        checksums: "\326\360U\321"
        checksums: "\326\360U\321"
        checksums: "\326\360U\321"
        checksums: "\326\360U\321"
        checksums: "\326\360U\321"
        checksums: "\326\360U\321"
        checksums: "\326\360U\321"
        checksums: "\326\360U\321"
        checksums: "\326\360U\321"
        checksums: "\326\360U\321"
        checksums: "\326\360U\321"
        checksums: "\326\360U\321"
        checksums: "\326\360U\321"
        checksums: "\326\360U\321"
        checksums: "\326\360U\321"
        checksums: "\326\360U\321"
        checksums: "\326\360U\321"
        checksums: "\326\360U\321"
        checksums: "\326\360U\321"
        checksums: "\326\360U\321"
        checksums: "\326\360U\321"
        checksums: "\326\360U\321"
        checksums: "\326\360U\321"
        checksums: "\326\360U\321"
        checksums: "\326\360U\321"
        checksums: "\326\360U\321"
        checksums: "\326\360U\321"
        checksums: "\326\360U\321"
        checksums: "\326\360U\321"
        checksums: "\277r/p"
      }
    }
  }
  eof: false
}
version: 3
, data.size=0 due to java.util.concurrent.CompletionException: org.apache.ratis.protocol.exceptions.AlreadyClosedException: SlidingWindow$Client:client-5AF5730643BE->RAFT is closed.
2025-09-13 17:32:33,618 [ForkJoinPool-1-worker-1] WARN  io.KeyOutputStream (KeyOutputStream.java:handleExceptionInternal(377)) - Encountered exception java.io.IOException: Unexpected Storage Container Exception: java.util.concurrent.CompletionException: Failed to write chunk 115816896921600002_chunk_1 into block conID: 2 locID: 115816896921600002 bcsId: 0 replicaIndex: null on the pipeline Pipeline{ Id: 79b5a704-a3b5-4a89-89e6-853f78db4750, Nodes: [ {d3aade32-661d-499d-9068-ea1550ed8656(localhost/127.0.0.1), ReplicaIndex: 0}, {e114cbd1-8f45-4cc5-a8b1-e2bd6cad48a0(localhost/127.0.0.1), ReplicaIndex: 0}, {beda0dcb-37da-4cca-bea2-e222cb1bc351(localhost/127.0.0.1), ReplicaIndex: 0},], ReplicationConfig: RATIS/THREE, State:OPEN, leaderId:e114cbd1-8f45-4cc5-a8b1-e2bd6cad48a0, CreationTimestamp2025-09-13T17:31:21.191Z[Etc/UTC]}. The last committed block length is 0, uncommitted data length is 2097152 retry count 1
2025-09-13 17:32:33,695 [ForkJoinPool-1-worker-1] INFO  io.BlockOutputStreamEntry (BlockOutputStreamEntry.java:writeOnRetry(192)) - BlockOutputStreamEntry:6553914f-d269-469d-846d-8857bd3d95c1 conID: 3 locID: 115816896921600003 bcsId: 0 replicaIndex: null: Finish retrying with len 2097152, currentPosition 2097152
2025-09-13 17:32:33,695 [ForkJoinPool-1-worker-1] INFO  io.BlockOutputStreamEntry (BlockOutputStreamEntry.java:finishRetryHandling(141)) - BlockOutputStreamEntry:6553914f-d269-469d-846d-8857bd3d95c1 conID: 3 locID: 115816896921600003 bcsId: 0 replicaIndex: null: Exiting retry handling mode
2025-09-13 17:32:33,859 [e114cbd1-8f45-4cc5-a8b1-e2bd6cad48a0@group-23D9289878C2-FollowerState] INFO  impl.FollowerState (FollowerState.java:runImpl(161)) - e114cbd1-8f45-4cc5-a8b1-e2bd6cad48a0@group-23D9289878C2-FollowerState: change to CANDIDATE, lastRpcElapsedTime:1160275420ns, electionTimeout:1160ms
2025-09-13 17:32:33,859 [e114cbd1-8f45-4cc5-a8b1-e2bd6cad48a0@group-23D9289878C2-FollowerState] INFO  impl.RoleInfo (RoleInfo.java:shutdownFollowerState(121)) - e114cbd1-8f45-4cc5-a8b1-e2bd6cad48a0: shutdown e114cbd1-8f45-4cc5-a8b1-e2bd6cad48a0@group-23D9289878C2-FollowerState
2025-09-13 17:32:33,859 [e114cbd1-8f45-4cc5-a8b1-e2bd6cad48a0@group-23D9289878C2-FollowerState] INFO  server.RaftServer$Division (RaftServerImpl.java:setRole(392)) - e114cbd1-8f45-4cc5-a8b1-e2bd6cad48a0@group-23D9289878C2: changes role from  FOLLOWER to CANDIDATE at term 1 for changeToCandidate
2025-09-13 17:32:33,859 [e114cbd1-8f45-4cc5-a8b1-e2bd6cad48a0@group-23D9289878C2-FollowerState] INFO  impl.RoleInfo (RoleInfo.java:updateAndGet(148)) - e114cbd1-8f45-4cc5-a8b1-e2bd6cad48a0: start e114cbd1-8f45-4cc5-a8b1-e2bd6cad48a0@group-23D9289878C2-LeaderElection132
2025-09-13 17:32:33,860 [e114cbd1-8f45-4cc5-a8b1-e2bd6cad48a0@group-23D9289878C2-LeaderElection132] INFO  impl.LeaderElection (LeaderElection.java:askForVotes(448)) - e114cbd1-8f45-4cc5-a8b1-e2bd6cad48a0@group-23D9289878C2-LeaderElection132 PRE_VOTE round 0: submit vote requests at term 1 for conf: {index: 0, cur=peers:[d3aade32-661d-499d-9068-ea1550ed8656|127.0.0.1:15055, beda0dcb-37da-4cca-bea2-e222cb1bc351|127.0.0.1:15039, e114cbd1-8f45-4cc5-a8b1-e2bd6cad48a0|127.0.0.1:15047]|listeners:[], old=null}
2025-09-13 17:32:33,860 [e114cbd1-8f45-4cc5-a8b1-e2bd6cad48a0@group-23D9289878C2-LeaderElection132] INFO  impl.LeaderElection (LogUtils.java:infoOrTrace(142)) - e114cbd1-8f45-4cc5-a8b1-e2bd6cad48a0@group-23D9289878C2-LeaderElection132 got exception when requesting votes: java.util.concurrent.ExecutionException: org.apache.ratis.thirdparty.io.grpc.StatusRuntimeException: UNAVAILABLE: io exception
2025-09-13 17:32:33,861 [e114cbd1-8f45-4cc5-a8b1-e2bd6cad48a0@group-23D9289878C2-LeaderElection132] INFO  impl.LeaderElection (LogUtils.java:infoOrTrace(142)) - e114cbd1-8f45-4cc5-a8b1-e2bd6cad48a0@group-23D9289878C2-LeaderElection132 got exception when requesting votes: java.util.concurrent.ExecutionException: org.apache.ratis.thirdparty.io.grpc.StatusRuntimeException: UNAVAILABLE: io exception
2025-09-13 17:32:33,861 [e114cbd1-8f45-4cc5-a8b1-e2bd6cad48a0@group-23D9289878C2-LeaderElection132] INFO  impl.LeaderElection (LeaderElection.java:logAndReturn(206)) - e114cbd1-8f45-4cc5-a8b1-e2bd6cad48a0@group-23D9289878C2-LeaderElection132: PRE_VOTE REJECTED received 0 response(s) and 2 exception(s):
2025-09-13 17:32:33,861 [e114cbd1-8f45-4cc5-a8b1-e2bd6cad48a0@group-23D9289878C2-LeaderElection132] INFO  impl.LeaderElection (LogUtils.java:infoOrTrace(142)) -   Exception 0: java.util.concurrent.ExecutionException: org.apache.ratis.thirdparty.io.grpc.StatusRuntimeException: UNAVAILABLE: io exception
2025-09-13 17:32:33,861 [e114cbd1-8f45-4cc5-a8b1-e2bd6cad48a0@group-23D9289878C2-LeaderElection132] INFO  impl.LeaderElection (LogUtils.java:infoOrTrace(142)) -   Exception 1: java.util.concurrent.ExecutionException: org.apache.ratis.thirdparty.io.grpc.StatusRuntimeException: UNAVAILABLE: io exception
2025-09-13 17:32:33,861 [e114cbd1-8f45-4cc5-a8b1-e2bd6cad48a0@group-23D9289878C2-LeaderElection132] INFO  impl.LeaderElection (LeaderElection.java:askForVotes(450)) - e114cbd1-8f45-4cc5-a8b1-e2bd6cad48a0@group-23D9289878C2-LeaderElection132 PRE_VOTE round 0: result REJECTED
2025-09-13 17:32:33,861 [e114cbd1-8f45-4cc5-a8b1-e2bd6cad48a0@group-23D9289878C2-LeaderElection132] INFO  server.RaftServer$Division (RaftServerImpl.java:setRole(392)) - e114cbd1-8f45-4cc5-a8b1-e2bd6cad48a0@group-23D9289878C2: changes role from CANDIDATE to FOLLOWER at term 1 for REJECTED
2025-09-13 17:32:33,861 [e114cbd1-8f45-4cc5-a8b1-e2bd6cad48a0@group-23D9289878C2-LeaderElection132] INFO  impl.RoleInfo (RoleInfo.java:shutdownLeaderElection(141)) - e114cbd1-8f45-4cc5-a8b1-e2bd6cad48a0: shutdown e114cbd1-8f45-4cc5-a8b1-e2bd6cad48a0@group-23D9289878C2-LeaderElection132
2025-09-13 17:32:33,861 [e114cbd1-8f45-4cc5-a8b1-e2bd6cad48a0@group-23D9289878C2-LeaderElection132] INFO  impl.RoleInfo (RoleInfo.java:updateAndGet(148)) - e114cbd1-8f45-4cc5-a8b1-e2bd6cad48a0: start e114cbd1-8f45-4cc5-a8b1-e2bd6cad48a0@group-23D9289878C2-FollowerState
2025-09-13 17:32:33,908 [e114cbd1-8f45-4cc5-a8b1-e2bd6cad48a0@group-853F78DB4750-FollowerState] INFO  impl.FollowerState (FollowerState.java:runImpl(161)) - e114cbd1-8f45-4cc5-a8b1-e2bd6cad48a0@group-853F78DB4750-FollowerState: change to CANDIDATE, lastRpcElapsedTime:1089310292ns, electionTimeout:1089ms
2025-09-13 17:32:33,908 [e114cbd1-8f45-4cc5-a8b1-e2bd6cad48a0@group-853F78DB4750-FollowerState] INFO  impl.RoleInfo (RoleInfo.java:shutdownFollowerState(121)) - e114cbd1-8f45-4cc5-a8b1-e2bd6cad48a0: shutdown e114cbd1-8f45-4cc5-a8b1-e2bd6cad48a0@group-853F78DB4750-FollowerState
2025-09-13 17:32:33,908 [e114cbd1-8f45-4cc5-a8b1-e2bd6cad48a0@group-853F78DB4750-FollowerState] INFO  server.RaftServer$Division (RaftServerImpl.java:setRole(392)) - e114cbd1-8f45-4cc5-a8b1-e2bd6cad48a0@group-853F78DB4750: changes role from  FOLLOWER to CANDIDATE at term 1 for changeToCandidate
2025-09-13 17:32:33,909 [e114cbd1-8f45-4cc5-a8b1-e2bd6cad48a0@group-853F78DB4750-FollowerState] INFO  impl.RoleInfo (RoleInfo.java:updateAndGet(148)) - e114cbd1-8f45-4cc5-a8b1-e2bd6cad48a0: start e114cbd1-8f45-4cc5-a8b1-e2bd6cad48a0@group-853F78DB4750-LeaderElection133
2025-09-13 17:32:33,909 [e114cbd1-8f45-4cc5-a8b1-e2bd6cad48a0@group-853F78DB4750-LeaderElection133] INFO  impl.LeaderElection (LeaderElection.java:askForVotes(448)) - e114cbd1-8f45-4cc5-a8b1-e2bd6cad48a0@group-853F78DB4750-LeaderElection133 PRE_VOTE round 0: submit vote requests at term 1 for conf: {index: 0, cur=peers:[d3aade32-661d-499d-9068-ea1550ed8656|127.0.0.1:15055, beda0dcb-37da-4cca-bea2-e222cb1bc351|127.0.0.1:15039, e114cbd1-8f45-4cc5-a8b1-e2bd6cad48a0|127.0.0.1:15047]|listeners:[], old=null}
2025-09-13 17:32:33,910 [e114cbd1-8f45-4cc5-a8b1-e2bd6cad48a0@group-853F78DB4750-LeaderElection133] INFO  impl.LeaderElection (LogUtils.java:infoOrTrace(142)) - e114cbd1-8f45-4cc5-a8b1-e2bd6cad48a0@group-853F78DB4750-LeaderElection133 got exception when requesting votes: java.util.concurrent.ExecutionException: org.apache.ratis.thirdparty.io.grpc.StatusRuntimeException: UNAVAILABLE: io exception
2025-09-13 17:32:33,910 [e114cbd1-8f45-4cc5-a8b1-e2bd6cad48a0@group-853F78DB4750-LeaderElection133] INFO  impl.LeaderElection (LogUtils.java:infoOrTrace(142)) - e114cbd1-8f45-4cc5-a8b1-e2bd6cad48a0@group-853F78DB4750-LeaderElection133 got exception when requesting votes: java.util.concurrent.ExecutionException: org.apache.ratis.thirdparty.io.grpc.StatusRuntimeException: UNAVAILABLE: io exception
2025-09-13 17:32:33,910 [e114cbd1-8f45-4cc5-a8b1-e2bd6cad48a0@group-853F78DB4750-LeaderElection133] INFO  impl.LeaderElection (LeaderElection.java:logAndReturn(206)) - e114cbd1-8f45-4cc5-a8b1-e2bd6cad48a0@group-853F78DB4750-LeaderElection133: PRE_VOTE REJECTED received 0 response(s) and 2 exception(s):
2025-09-13 17:32:33,910 [e114cbd1-8f45-4cc5-a8b1-e2bd6cad48a0@group-853F78DB4750-LeaderElection133] INFO  impl.LeaderElection (LogUtils.java:infoOrTrace(142)) -   Exception 0: java.util.concurrent.ExecutionException: org.apache.ratis.thirdparty.io.grpc.StatusRuntimeException: UNAVAILABLE: io exception
2025-09-13 17:32:33,910 [e114cbd1-8f45-4cc5-a8b1-e2bd6cad48a0@group-853F78DB4750-LeaderElection133] INFO  impl.LeaderElection (LogUtils.java:infoOrTrace(142)) -   Exception 1: java.util.concurrent.ExecutionException: org.apache.ratis.thirdparty.io.grpc.StatusRuntimeException: UNAVAILABLE: io exception
2025-09-13 17:32:33,911 [e114cbd1-8f45-4cc5-a8b1-e2bd6cad48a0@group-853F78DB4750-LeaderElection133] INFO  impl.LeaderElection (LeaderElection.java:askForVotes(450)) - e114cbd1-8f45-4cc5-a8b1-e2bd6cad48a0@group-853F78DB4750-LeaderElection133 PRE_VOTE round 0: result REJECTED
2025-09-13 17:32:33,911 [e114cbd1-8f45-4cc5-a8b1-e2bd6cad48a0@group-853F78DB4750-LeaderElection133] INFO  server.RaftServer$Division (RaftServerImpl.java:setRole(392)) - e114cbd1-8f45-4cc5-a8b1-e2bd6cad48a0@group-853F78DB4750: changes role from CANDIDATE to FOLLOWER at term 1 for REJECTED
2025-09-13 17:32:33,911 [e114cbd1-8f45-4cc5-a8b1-e2bd6cad48a0@group-853F78DB4750-LeaderElection133] INFO  impl.RoleInfo (RoleInfo.java:shutdownLeaderElection(141)) - e114cbd1-8f45-4cc5-a8b1-e2bd6cad48a0: shutdown e114cbd1-8f45-4cc5-a8b1-e2bd6cad48a0@group-853F78DB4750-LeaderElection133
2025-09-13 17:32:33,911 [e114cbd1-8f45-4cc5-a8b1-e2bd6cad48a0@group-853F78DB4750-LeaderElection133] INFO  impl.RoleInfo (RoleInfo.java:updateAndGet(148)) - e114cbd1-8f45-4cc5-a8b1-e2bd6cad48a0: start e114cbd1-8f45-4cc5-a8b1-e2bd6cad48a0@group-853F78DB4750-FollowerState
]]></system-out>
  </testcase>
  <testcase name="testContainerExclusionWithClosedContainerException" classname="org.apache.hadoop.ozone.client.rpc.TestFailureHandlingByClient" time="4.722">
    <system-out><![CDATA[2025-09-13 17:32:34,066 [ForkJoinPool-1-worker-1] WARN  dropwizard3.Dm3MetricRegistriesImpl (Dm3MetricRegistriesImpl.java:addReporterRegistration(114)) - New reporters are added after registries were created. Some metrics will be missing from the reporter. Please add reporter before adding any new registry.
2025-09-13 17:32:34,066 [ForkJoinPool-1-worker-1] WARN  dropwizard3.Dm3MetricRegistriesImpl (Dm3MetricRegistriesImpl.java:addReporterRegistration(114)) - New reporters are added after registries were created. Some metrics will be missing from the reporter. Please add reporter before adding any new registry.
2025-09-13 17:32:34,067 [ForkJoinPool-1-worker-1] INFO  impl.MetricsSystemImpl (MetricsSystemImpl.java:init(158)) - HddsDatanode metrics system started (again)
2025-09-13 17:32:34,097 [ForkJoinPool-1-worker-1] INFO  ozone.HddsDatanodeService (HddsDatanodeService.java:start(236)) - HddsDatanodeService d3aade32-661d-499d-9068-ea1550ed8656(localhost/127.0.0.1)
2025-09-13 17:32:34,098 [ForkJoinPool-1-worker-1] INFO  upgrade.AbstractLayoutVersionManager (AbstractLayoutVersionManager.java:init(80)) - Initializing Layout version manager with metadata layout = WITNESSED_CONTAINER_DB_PROTO_VALUE (version = 9), software layout = WITNESSED_CONTAINER_DB_PROTO_VALUE (version = 9)
2025-09-13 17:32:34,098 [ForkJoinPool-1-worker-1] INFO  statemachine.DatanodeStateMachine (DatanodeStateMachine.java:getEndPointTaskThreadPoolSize(321)) - Datanode State Machine Task Thread Pool size 2
2025-09-13 17:32:34,101 [ForkJoinPool-1-worker-1] INFO  volume.HddsVolume (HddsVolume.java:<init>(162)) - HddsVolume: { id=DS-22fb78ac-1833-44ab-8f02-751f4fb3033d dir=/home/runner/work/ozone/ozone/hadoop-ozone/integration-test/target/test-dir/MiniOzoneClusterImpl-1331a795-ed08-415d-924a-7661a5cf51a5/ozone-metadata/datanode-6/data-0/hdds type=DISK capacity=9222449699674390527 used=0 available=9222449699674390527 minFree=9222450130714624 committed=0 }
2025-09-13 17:32:34,101 [ForkJoinPool-1-worker-1] INFO  volume.MutableVolumeSet (MutableVolumeSet.java:initializeVolumeSet(175)) - Added Volume : /home/runner/work/ozone/ozone/hadoop-ozone/integration-test/target/test-dir/MiniOzoneClusterImpl-1331a795-ed08-415d-924a-7661a5cf51a5/ozone-metadata/datanode-6/data-0/hdds to VolumeSet
2025-09-13 17:32:34,102 [ForkJoinPool-1-worker-1] INFO  volume.MutableVolumeSet (MutableVolumeSet.java:initializeVolumeSet(175)) - Added Volume : /home/runner/work/ozone/ozone/hadoop-ozone/integration-test/target/test-dir/MiniOzoneClusterImpl-1331a795-ed08-415d-924a-7661a5cf51a5/ozone-metadata/datanode-6/ratis to VolumeSet
2025-09-13 17:32:34,136 [ForkJoinPool.commonPool-worker-1] INFO  utils.DatanodeStoreCache (DatanodeStoreCache.java:addDB(70)) - Added db /home/runner/work/ozone/ozone/hadoop-ozone/integration-test/target/test-dir/MiniOzoneClusterImpl-1331a795-ed08-415d-924a-7661a5cf51a5/ozone-metadata/datanode-6/data-0/hdds/1331a795-ed08-415d-924a-7661a5cf51a5/DS-22fb78ac-1833-44ab-8f02-751f4fb3033d/container.db to cache
2025-09-13 17:32:34,136 [ForkJoinPool.commonPool-worker-1] INFO  volume.HddsVolume (HddsVolume.java:loadDbStore(517)) - SchemaV3 db is loaded at /home/runner/work/ozone/ozone/hadoop-ozone/integration-test/target/test-dir/MiniOzoneClusterImpl-1331a795-ed08-415d-924a-7661a5cf51a5/ozone-metadata/datanode-6/data-0/hdds/1331a795-ed08-415d-924a-7661a5cf51a5/DS-22fb78ac-1833-44ab-8f02-751f4fb3033d/container.db for volume DS-22fb78ac-1833-44ab-8f02-751f4fb3033d
2025-09-13 17:32:34,136 [ForkJoinPool-1-worker-1] INFO  ozoneimpl.OzoneContainer (HddsVolumeUtil.java:loadAllHddsVolumeDbStore(102)) - Load 1 volumes DbStore cost: 33ms
2025-09-13 17:32:34,136 [ForkJoinPool-1-worker-1] WARN  db.DBStoreBuilder (DBStoreBuilder.java:getDBDirPath(158)) - ozone.scm.datanode.id.dir is not configured. We recommend adding this setting. Falling back to ozone.metadata.dirs instead.
2025-09-13 17:32:34,137 [ForkJoinPool-1-worker-1] WARN  db.DBStoreBuilder (DBStoreBuilder.java:getDBDirPath(158)) - ozone.scm.datanode.id.dir is not configured. We recommend adding this setting. Falling back to ozone.metadata.dirs instead.
2025-09-13 17:32:34,152 [ForkJoinPool-1-worker-1] INFO  impl.FilePerChunkStrategy (FilePerChunkStrategy.java:<init>(79)) - ozone.chunk.read.mapped.buffer.max.count is load with 0
2025-09-13 17:32:34,152 [ForkJoinPool-1-worker-1] INFO  impl.FilePerBlockStrategy (FilePerBlockStrategy.java:<init>(88)) - ozone.chunk.read.mapped.buffer.max.count is load with 0
2025-09-13 17:32:34,153 [ForkJoinPool-1-worker-1] INFO  server.RaftServerConfigKeys (ConfUtils.java:logGet(62)) - raft.server.log.appender.buffer.byte-limit = 33554432 (custom)
2025-09-13 17:32:34,154 [ForkJoinPool-1-worker-1] INFO  grpc.GrpcConfigKeys (ConfUtils.java:logFallback(69)) - raft.grpc.admin.host = null (fallback to raft.grpc.server.host)
2025-09-13 17:32:34,154 [ForkJoinPool-1-worker-1] INFO  grpc.GrpcConfigKeys (ConfUtils.java:logGet(62)) - raft.grpc.admin.port = 15054 (custom)
2025-09-13 17:32:34,155 [ForkJoinPool-1-worker-1] INFO  grpc.GrpcConfigKeys (ConfUtils.java:logFallback(69)) - raft.grpc.client.host = null (fallback to raft.grpc.server.host)
2025-09-13 17:32:34,155 [ForkJoinPool-1-worker-1] INFO  grpc.GrpcConfigKeys (ConfUtils.java:logGet(62)) - raft.grpc.client.port = 15053 (custom)
2025-09-13 17:32:34,155 [ForkJoinPool-1-worker-1] INFO  grpc.GrpcConfigKeys (ConfUtils.java:logGet(62)) - raft.grpc.server.port = 15055 (custom)
2025-09-13 17:32:34,155 [ForkJoinPool-1-worker-1] INFO  server.GrpcServicesImpl (ConfUtils.java:logGet(62)) - raft.grpc.message.size.max = 34603008 (custom)
2025-09-13 17:32:34,155 [ForkJoinPool-1-worker-1] INFO  server.GrpcServicesImpl (ConfUtils.java:logGet(62)) - raft.grpc.flow.control.window = 5MB (=5242880) (custom)
2025-09-13 17:32:34,155 [ForkJoinPool-1-worker-1] INFO  server.RaftServerConfigKeys (ConfUtils.java:logGet(62)) - raft.server.log.appender.buffer.byte-limit = 33554432 (custom)
2025-09-13 17:32:34,157 [ForkJoinPool-1-worker-1] INFO  netty.NettyUtils (NettyUtils.java:newEventLoopGroup(74)) - Create EpollEventLoopGroup for d3aade32-661d-499d-9068-ea1550ed8656-NettyServerStreamRpc-bossGroup; Thread size is 0.
2025-09-13 17:32:34,158 [ForkJoinPool-1-worker-1] INFO  netty.NettyUtils (NettyUtils.java:newEventLoopGroup(74)) - Create EpollEventLoopGroup for d3aade32-661d-499d-9068-ea1550ed8656-NettyServerStreamRpc-workerGroup; Thread size is 0.
2025-09-13 17:32:34,158 [ForkJoinPool-1-worker-1] INFO  netty.NettyConfigKeys$DataStream (ConfUtils.java:logGet(62)) - raft.netty.dataStream.port = 15056 (custom)
2025-09-13 17:32:34,159 [ForkJoinPool-1-worker-1] INFO  server.RaftServerConfigKeys (ConfUtils.java:logGet(62)) - raft.server.storage.dir = [/home/runner/work/ozone/ozone/hadoop-ozone/integration-test/target/test-dir/MiniOzoneClusterImpl-1331a795-ed08-415d-924a-7661a5cf51a5/ozone-metadata/datanode-6/ratis] (custom)
2025-09-13 17:32:34,160 [d3aade32-661d-499d-9068-ea1550ed8656-NettyServerStreamRpc-bossGroup--thread1] INFO  logging.LoggingHandler (AbstractInternalLogger.java:log(148)) - [id: 0x5fd2b8ef] REGISTERED
2025-09-13 17:32:34,160 [d3aade32-661d-499d-9068-ea1550ed8656-NettyServerStreamRpc-bossGroup--thread1] INFO  logging.LoggingHandler (AbstractInternalLogger.java:log(148)) - [id: 0x5fd2b8ef] BIND: 0.0.0.0/0.0.0.0:15056
2025-09-13 17:32:34,160 [d3aade32-661d-499d-9068-ea1550ed8656-NettyServerStreamRpc-bossGroup--thread1] INFO  logging.LoggingHandler (AbstractInternalLogger.java:log(148)) - [id: 0x5fd2b8ef, L:/0.0.0.0:15056] ACTIVE
2025-09-13 17:32:34,161 [d3aade32-661d-499d-9068-ea1550ed8656-impl-thread1] INFO  server.RaftServer (RaftServerProxy.java:initGroupDir(270)) - d3aade32-661d-499d-9068-ea1550ed8656: found a subdirectory /home/runner/work/ozone/ozone/hadoop-ozone/integration-test/target/test-dir/MiniOzoneClusterImpl-1331a795-ed08-415d-924a-7661a5cf51a5/ozone-metadata/datanode-6/ratis/79b5a704-a3b5-4a89-89e6-853f78db4750
2025-09-13 17:32:34,161 [d3aade32-661d-499d-9068-ea1550ed8656-impl-thread1] INFO  server.RaftServer (RaftServerProxy.java:addNew(105)) - d3aade32-661d-499d-9068-ea1550ed8656: addNew group-853F78DB4750:[] returns group-853F78DB4750:java.util.concurrent.CompletableFuture@2ee5db32[Not completed]
2025-09-13 17:32:34,161 [d3aade32-661d-499d-9068-ea1550ed8656-impl-thread1] INFO  server.RaftServer (RaftServerProxy.java:initGroupDir(270)) - d3aade32-661d-499d-9068-ea1550ed8656: found a subdirectory /home/runner/work/ozone/ozone/hadoop-ozone/integration-test/target/test-dir/MiniOzoneClusterImpl-1331a795-ed08-415d-924a-7661a5cf51a5/ozone-metadata/datanode-6/ratis/tmp
2025-09-13 17:32:34,161 [d3aade32-661d-499d-9068-ea1550ed8656-impl-thread1] INFO  server.RaftServer (RaftServerProxy.java:initGroupDir(275)) - d3aade32-661d-499d-9068-ea1550ed8656: The directory /home/runner/work/ozone/ozone/hadoop-ozone/integration-test/target/test-dir/MiniOzoneClusterImpl-1331a795-ed08-415d-924a-7661a5cf51a5/ozone-metadata/datanode-6/ratis/tmp is not a group directory; ignoring it. 
2025-09-13 17:32:34,161 [d3aade32-661d-499d-9068-ea1550ed8656-impl-thread1] INFO  server.RaftServer (RaftServerProxy.java:initGroupDir(270)) - d3aade32-661d-499d-9068-ea1550ed8656: found a subdirectory /home/runner/work/ozone/ozone/hadoop-ozone/integration-test/target/test-dir/MiniOzoneClusterImpl-1331a795-ed08-415d-924a-7661a5cf51a5/ozone-metadata/datanode-6/ratis/de4f7cab-11b4-4055-aff7-a2cf3d226e33
2025-09-13 17:32:34,161 [d3aade32-661d-499d-9068-ea1550ed8656-impl-thread1] INFO  server.RaftServer (RaftServerProxy.java:addNew(105)) - d3aade32-661d-499d-9068-ea1550ed8656: addNew group-A2CF3D226E33:[] returns group-A2CF3D226E33:java.util.concurrent.CompletableFuture@36783847[Not completed]
2025-09-13 17:32:34,161 [d3aade32-661d-499d-9068-ea1550ed8656-impl-thread1] INFO  server.RaftServer (RaftServerProxy.java:initGroupDir(270)) - d3aade32-661d-499d-9068-ea1550ed8656: found a subdirectory /home/runner/work/ozone/ozone/hadoop-ozone/integration-test/target/test-dir/MiniOzoneClusterImpl-1331a795-ed08-415d-924a-7661a5cf51a5/ozone-metadata/datanode-6/ratis/7755b6c1-031a-4d9a-a8c0-23d9289878c2
2025-09-13 17:32:34,161 [d3aade32-661d-499d-9068-ea1550ed8656-impl-thread1] INFO  server.RaftServer (RaftServerProxy.java:addNew(105)) - d3aade32-661d-499d-9068-ea1550ed8656: addNew group-23D9289878C2:[] returns group-23D9289878C2:java.util.concurrent.CompletableFuture@1f01f718[Not completed]
2025-09-13 17:32:34,162 [ForkJoinPool-1-worker-1] INFO  replication.ReplicationServer (ReplicationServer.java:<init>(84)) - Initializing replication server with thread count = 10 queue length = 4096
2025-09-13 17:32:34,162 [ForkJoinPool-1-worker-1] INFO  server.XceiverServerGrpc (XceiverServerGrpc.java:<init>(130)) - GrpcServer channel type EpollServerSocketChannel
2025-09-13 17:32:34,164 [ForkJoinPool-1-worker-1] INFO  replication.ReplicationSupervisor (ReplicationSupervisor.java:build(169)) - Initializing replication supervisor with thread count = 10
2025-09-13 17:32:34,164 [ForkJoinPool-1-worker-1] INFO  replication.ReplicationSupervisor (ReplicationSupervisor.java:nodeStateUpdated(358)) - Node state updated to IN_SERVICE, scaling executor pool size to 10
2025-09-13 17:32:34,165 [d3aade32-661d-499d-9068-ea1550ed8656-groupManagement] INFO  server.RaftServer$Division (RaftServerImpl.java:<init>(268)) - d3aade32-661d-499d-9068-ea1550ed8656: new RaftServerImpl for group-853F78DB4750:[] with ContainerStateMachine:uninitialized
2025-09-13 17:32:34,165 [d3aade32-661d-499d-9068-ea1550ed8656-groupManagement] INFO  server.RaftServer$Division (ServerState.java:<init>(114)) - d3aade32-661d-499d-9068-ea1550ed8656@group-853F78DB4750: ConfigurationManager, init=conf: {index: -1, cur=peers:[]|listeners:[], old=null}, confs=<EMPTY_MAP>
2025-09-13 17:32:34,168 [ForkJoinPool-1-worker-1] INFO  http.BaseHttpServer (BaseHttpServer.java:newHttpServer2BuilderForOzone(227)) - Starting Web-server for hddsDatanode at: http://0.0.0.0:15050
2025-09-13 17:32:34,168 [ForkJoinPool-1-worker-1] INFO  http.BaseHttpServer (BaseHttpServer.java:<init>(105)) - Hadoop Security Enabled: false Ozone Security Enabled: false Ozone HTTP Security Enabled: false 
2025-09-13 17:32:34,170 [ForkJoinPool-1-worker-1] WARN  server.AuthenticationFilter (AuthenticationFilter.java:constructSecretProvider(240)) - Unable to initialize FileSignerSecretProvider, falling back to use random secrets. Reason: Could not read signature secret file: /home/runner/hadoop-http-auth-signature-secret
2025-09-13 17:32:34,171 [d3aade32-661d-499d-9068-ea1550ed8656-groupManagement] INFO  server.RaftServer$Division (RaftServerImpl.java:<init>(268)) - d3aade32-661d-499d-9068-ea1550ed8656: new RaftServerImpl for group-A2CF3D226E33:[] with ContainerStateMachine:uninitialized
2025-09-13 17:32:34,171 [d3aade32-661d-499d-9068-ea1550ed8656-groupManagement] INFO  server.RaftServer$Division (ServerState.java:<init>(114)) - d3aade32-661d-499d-9068-ea1550ed8656@group-A2CF3D226E33: ConfigurationManager, init=conf: {index: -1, cur=peers:[]|listeners:[], old=null}, confs=<EMPTY_MAP>
2025-09-13 17:32:34,174 [ForkJoinPool-1-worker-1] INFO  http.HttpServer2 (HttpServer2.java:addGlobalFilter(1041)) - Added global filter 'safety' (class=org.apache.hadoop.hdds.server.http.HttpServer2$QuotingInputFilter)
2025-09-13 17:32:34,176 [ForkJoinPool-1-worker-1] INFO  http.HttpServer2 (HttpServer2.java:addFilter(1017)) - Added filter static_user_filter (class=org.apache.hadoop.http.lib.StaticUserWebFilter$StaticUserFilter) to context hddsDatanode
2025-09-13 17:32:34,177 [ForkJoinPool-1-worker-1] INFO  http.HttpServer2 (HttpServer2.java:addFilter(1025)) - Added filter static_user_filter (class=org.apache.hadoop.http.lib.StaticUserWebFilter$StaticUserFilter) to context static
2025-09-13 17:32:34,177 [d3aade32-661d-499d-9068-ea1550ed8656-groupManagement] INFO  server.RaftServer$Division (RaftServerImpl.java:<init>(268)) - d3aade32-661d-499d-9068-ea1550ed8656: new RaftServerImpl for group-23D9289878C2:[] with ContainerStateMachine:uninitialized
2025-09-13 17:32:34,177 [d3aade32-661d-499d-9068-ea1550ed8656-groupManagement] INFO  server.RaftServer$Division (ServerState.java:<init>(114)) - d3aade32-661d-499d-9068-ea1550ed8656@group-23D9289878C2: ConfigurationManager, init=conf: {index: -1, cur=peers:[]|listeners:[], old=null}, confs=<EMPTY_MAP>
2025-09-13 17:32:34,177 [ForkJoinPool-1-worker-1] INFO  http.HttpServer2 (HttpServer2.java:addFilter(1025)) - Added filter static_user_filter (class=org.apache.hadoop.http.lib.StaticUserWebFilter$StaticUserFilter) to context logs
2025-09-13 17:32:34,178 [ForkJoinPool-1-worker-1] INFO  http.BaseHttpServer (BaseHttpServer.java:<init>(193)) - HTTP server of hddsDatanode uses base directory /home/runner/work/ozone/ozone/hadoop-ozone/integration-test/target/test-dir/MiniOzoneClusterImpl-1331a795-ed08-415d-924a-7661a5cf51a5/scm/ozone-metadata/webserver
2025-09-13 17:32:34,179 [ForkJoinPool-1-worker-1] INFO  http.HttpServer2 (HttpServer2.java:bindListener(1241)) - Jetty bound to port 15050
2025-09-13 17:32:34,179 [ForkJoinPool-1-worker-1] INFO  server.Server (Server.java:doStart(375)) - jetty-9.4.58.v20250814; built: 2025-08-14T02:28:49.637Z; git: 8f1440587e9e4ae7db3d74cf205643f3d707148d; jvm 21.0.8+9-LTS
2025-09-13 17:32:34,183 [ForkJoinPool-1-worker-1] INFO  server.session (DefaultSessionIdManager.java:doStart(334)) - DefaultSessionIdManager workerName=node0
2025-09-13 17:32:34,183 [ForkJoinPool-1-worker-1] INFO  server.session (DefaultSessionIdManager.java:doStart(339)) - No SessionScavenger set, using defaults
2025-09-13 17:32:34,183 [ForkJoinPool-1-worker-1] INFO  server.session (HouseKeeper.java:startScavenging(132)) - node0 Scavenging every 600000ms
2025-09-13 17:32:34,184 [ForkJoinPool-1-worker-1] INFO  handler.ContextHandler (ContextHandler.java:doStart(921)) - Started o.e.j.s.ServletContextHandler@737ecf36{logs,/logs,file:///home/runner/work/ozone/ozone/hadoop-ozone/integration-test/target/log,AVAILABLE}
2025-09-13 17:32:34,185 [ForkJoinPool-1-worker-1] INFO  handler.ContextHandler (ContextHandler.java:doStart(921)) - Started o.e.j.s.ServletContextHandler@7accf05c{static,/static,jar:file:/home/runner/work/ozone/ozone/hadoop-hdds/container-service/target/hdds-container-service-2.1.0-SNAPSHOT.jar!/webapps/static,AVAILABLE}
2025-09-13 17:32:34,342 [ForkJoinPool-1-worker-1] INFO  handler.ContextHandler (ContextHandler.java:doStart(921)) - Started o.e.j.w.WebAppContext@666f27d7{hddsDatanode,/,file:///home/runner/work/ozone/ozone/hadoop-ozone/integration-test/target/test-dir/MiniOzoneClusterImpl-1331a795-ed08-415d-924a-7661a5cf51a5/scm/ozone-metadata/webserver/jetty-0_0_0_0-15050-hdds-container-service-2_1_0-SNAPSHOT_jar-_-any-4335329189121401861/webapp/,AVAILABLE}{jar:file:/home/runner/work/ozone/ozone/hadoop-hdds/container-service/target/hdds-container-service-2.1.0-SNAPSHOT.jar!/webapps/hddsDatanode}
2025-09-13 17:32:34,343 [ForkJoinPool-1-worker-1] INFO  server.AbstractConnector (AbstractConnector.java:doStart(333)) - Started ServerConnector@67cbc35{HTTP/1.1, (http/1.1)}{0.0.0.0:15050}
2025-09-13 17:32:34,343 [ForkJoinPool-1-worker-1] INFO  server.Server (Server.java:doStart(415)) - Started @86927ms
2025-09-13 17:32:34,343 [ForkJoinPool-1-worker-1] WARN  impl.MetricsSystemImpl (MetricsSystemImpl.java:register(279)) - Sink prometheus already exists!
2025-09-13 17:32:34,343 [ForkJoinPool-1-worker-1] INFO  http.BaseHttpServer (BaseHttpServer.java:updateConnectorAddress(357)) - HTTP server of hddsDatanode listening at http://localhost:15050
2025-09-13 17:32:34,343 [ForkJoinPool-1-worker-1] INFO  ipc.CallQueueManager (CallQueueManager.java:<init>(93)) - Using callQueue: class java.util.concurrent.LinkedBlockingQueue, queueCapacity: 1000, scheduler: class org.apache.hadoop.ipc.DefaultRpcScheduler, ipcBackoff: false, ipcFailOver: false.
2025-09-13 17:32:34,344 [ForkJoinPool-1-worker-1] INFO  ipc.Server (Server.java:<init>(1438)) - Listener at 0.0.0.0:15051
2025-09-13 17:32:34,344 [Socket Reader #1 for port 15051] INFO  ipc.Server (Server.java:run(1474)) - Starting Socket Reader #1 for port 15051
2025-09-13 17:32:34,344 [Socket Reader #2 for port 15051] INFO  ipc.Server (Server.java:run(1474)) - Starting Socket Reader #2 for port 15051
2025-09-13 17:32:34,344 [Socket Reader #3 for port 15051] INFO  ipc.Server (Server.java:run(1474)) - Starting Socket Reader #3 for port 15051
2025-09-13 17:32:34,344 [Socket Reader #4 for port 15051] INFO  ipc.Server (Server.java:run(1474)) - Starting Socket Reader #4 for port 15051
2025-09-13 17:32:34,344 [Socket Reader #5 for port 15051] INFO  ipc.Server (Server.java:run(1474)) - Starting Socket Reader #5 for port 15051
2025-09-13 17:32:34,345 [Socket Reader #6 for port 15051] INFO  ipc.Server (Server.java:run(1474)) - Starting Socket Reader #6 for port 15051
2025-09-13 17:32:34,345 [Socket Reader #7 for port 15051] INFO  ipc.Server (Server.java:run(1474)) - Starting Socket Reader #7 for port 15051
2025-09-13 17:32:34,345 [Socket Reader #8 for port 15051] INFO  ipc.Server (Server.java:run(1474)) - Starting Socket Reader #8 for port 15051
2025-09-13 17:32:34,345 [Socket Reader #9 for port 15051] INFO  ipc.Server (Server.java:run(1474)) - Starting Socket Reader #9 for port 15051
2025-09-13 17:32:34,345 [Socket Reader #10 for port 15051] INFO  ipc.Server (Server.java:run(1474)) - Starting Socket Reader #10 for port 15051
2025-09-13 17:32:34,347 [ForkJoinPool-1-worker-1] INFO  ozone.HddsDatanodeService (HddsDatanodeService.java:start(333)) - Datanode start with admins: [admin, runner]
2025-09-13 17:32:34,347 [ForkJoinPool-1-worker-1] INFO  ozone.HddsDatanodeClientProtocolServer (HddsDatanodeClientProtocolServer.java:start(76)) - RPC server for Client /0.0.0.0:15051
2025-09-13 17:32:34,347 [IPC Server Responder] INFO  ipc.Server (Server.java:run(1713)) - IPC Server Responder: starting
2025-09-13 17:32:34,347 [IPC Server listener on 15051] INFO  ipc.Server (Server.java:run(1553)) - IPC Server listener on 15051: starting
2025-09-13 17:32:34,350 [d3aade32-661d-499d-9068-ea1550ed8656-DatanodeStateMachineDaemonThread] INFO  statemachine.DatanodeStateMachine (DatanodeStateMachine.java:startStateMachineThread(363)) - Ozone container server started.
2025-09-13 17:32:34,350 [ForkJoinPool-1-worker-1] WARN  dropwizard3.Dm3MetricRegistriesImpl (Dm3MetricRegistriesImpl.java:addReporterRegistration(114)) - New reporters are added after registries were created. Some metrics will be missing from the reporter. Please add reporter before adding any new registry.
2025-09-13 17:32:34,350 [ForkJoinPool-1-worker-1] WARN  dropwizard3.Dm3MetricRegistriesImpl (Dm3MetricRegistriesImpl.java:addReporterRegistration(114)) - New reporters are added after registries were created. Some metrics will be missing from the reporter. Please add reporter before adding any new registry.
2025-09-13 17:32:34,350 [ForkJoinPool-1-worker-1] INFO  impl.MetricsSystemImpl (MetricsSystemImpl.java:init(158)) - HddsDatanode metrics system started (again)
2025-09-13 17:32:34,355 [d3aade32-661d-499d-9068-ea1550ed8656-DatanodeStateMachineTaskThread-0] INFO  datanode.InitDatanodeState (InitDatanodeState.java:persistContainerDatanodeDetails(139)) - DatanodeDetails is persisted to /home/runner/work/ozone/ozone/hadoop-ozone/integration-test/target/test-dir/MiniOzoneClusterImpl-1331a795-ed08-415d-924a-7661a5cf51a5/ozone-metadata/datanode-6/ozone-metadata/datanode.id
2025-09-13 17:32:34,368 [ForkJoinPool-1-worker-1] INFO  ozone.HddsDatanodeService (HddsDatanodeService.java:start(236)) - HddsDatanodeService beda0dcb-37da-4cca-bea2-e222cb1bc351(localhost/127.0.0.1)
2025-09-13 17:32:34,369 [ForkJoinPool-1-worker-1] INFO  upgrade.AbstractLayoutVersionManager (AbstractLayoutVersionManager.java:init(80)) - Initializing Layout version manager with metadata layout = WITNESSED_CONTAINER_DB_PROTO_VALUE (version = 9), software layout = WITNESSED_CONTAINER_DB_PROTO_VALUE (version = 9)
2025-09-13 17:32:34,369 [ForkJoinPool-1-worker-1] INFO  statemachine.DatanodeStateMachine (DatanodeStateMachine.java:getEndPointTaskThreadPoolSize(321)) - Datanode State Machine Task Thread Pool size 2
2025-09-13 17:32:34,372 [ForkJoinPool-1-worker-1] INFO  volume.HddsVolume (HddsVolume.java:<init>(162)) - HddsVolume: { id=DS-e1c55588-49a5-4291-a123-18ab5048c25f dir=/home/runner/work/ozone/ozone/hadoop-ozone/integration-test/target/test-dir/MiniOzoneClusterImpl-1331a795-ed08-415d-924a-7661a5cf51a5/ozone-metadata/datanode-4/data-0/hdds type=DISK capacity=9222449699674390527 used=0 available=9222449699674390527 minFree=9222450130714624 committed=0 }
2025-09-13 17:32:34,372 [ForkJoinPool-1-worker-1] INFO  volume.MutableVolumeSet (MutableVolumeSet.java:initializeVolumeSet(175)) - Added Volume : /home/runner/work/ozone/ozone/hadoop-ozone/integration-test/target/test-dir/MiniOzoneClusterImpl-1331a795-ed08-415d-924a-7661a5cf51a5/ozone-metadata/datanode-4/data-0/hdds to VolumeSet
2025-09-13 17:32:34,373 [ForkJoinPool-1-worker-1] INFO  volume.MutableVolumeSet (MutableVolumeSet.java:initializeVolumeSet(175)) - Added Volume : /home/runner/work/ozone/ozone/hadoop-ozone/integration-test/target/test-dir/MiniOzoneClusterImpl-1331a795-ed08-415d-924a-7661a5cf51a5/ozone-metadata/datanode-4/ratis to VolumeSet
2025-09-13 17:32:34,389 [ForkJoinPool.commonPool-worker-1] INFO  utils.DatanodeStoreCache (DatanodeStoreCache.java:addDB(70)) - Added db /home/runner/work/ozone/ozone/hadoop-ozone/integration-test/target/test-dir/MiniOzoneClusterImpl-1331a795-ed08-415d-924a-7661a5cf51a5/ozone-metadata/datanode-4/data-0/hdds/1331a795-ed08-415d-924a-7661a5cf51a5/DS-e1c55588-49a5-4291-a123-18ab5048c25f/container.db to cache
2025-09-13 17:32:34,390 [ForkJoinPool.commonPool-worker-1] INFO  volume.HddsVolume (HddsVolume.java:loadDbStore(517)) - SchemaV3 db is loaded at /home/runner/work/ozone/ozone/hadoop-ozone/integration-test/target/test-dir/MiniOzoneClusterImpl-1331a795-ed08-415d-924a-7661a5cf51a5/ozone-metadata/datanode-4/data-0/hdds/1331a795-ed08-415d-924a-7661a5cf51a5/DS-e1c55588-49a5-4291-a123-18ab5048c25f/container.db for volume DS-e1c55588-49a5-4291-a123-18ab5048c25f
2025-09-13 17:32:34,390 [ForkJoinPool-1-worker-1] INFO  ozoneimpl.OzoneContainer (HddsVolumeUtil.java:loadAllHddsVolumeDbStore(102)) - Load 1 volumes DbStore cost: 17ms
2025-09-13 17:32:34,390 [ForkJoinPool-1-worker-1] WARN  db.DBStoreBuilder (DBStoreBuilder.java:getDBDirPath(158)) - ozone.scm.datanode.id.dir is not configured. We recommend adding this setting. Falling back to ozone.metadata.dirs instead.
2025-09-13 17:32:34,391 [ForkJoinPool-1-worker-1] WARN  db.DBStoreBuilder (DBStoreBuilder.java:getDBDirPath(158)) - ozone.scm.datanode.id.dir is not configured. We recommend adding this setting. Falling back to ozone.metadata.dirs instead.
2025-09-13 17:32:34,400 [ForkJoinPool-1-worker-1] INFO  impl.FilePerChunkStrategy (FilePerChunkStrategy.java:<init>(79)) - ozone.chunk.read.mapped.buffer.max.count is load with 0
2025-09-13 17:32:34,400 [ForkJoinPool-1-worker-1] INFO  impl.FilePerBlockStrategy (FilePerBlockStrategy.java:<init>(88)) - ozone.chunk.read.mapped.buffer.max.count is load with 0
2025-09-13 17:32:34,400 [ForkJoinPool-1-worker-1] INFO  server.RaftServerConfigKeys (ConfUtils.java:logGet(62)) - raft.server.log.appender.buffer.byte-limit = 33554432 (custom)
2025-09-13 17:32:34,401 [ForkJoinPool-1-worker-1] INFO  grpc.GrpcConfigKeys (ConfUtils.java:logFallback(69)) - raft.grpc.admin.host = null (fallback to raft.grpc.server.host)
2025-09-13 17:32:34,401 [ForkJoinPool-1-worker-1] INFO  grpc.GrpcConfigKeys (ConfUtils.java:logGet(62)) - raft.grpc.admin.port = 15038 (custom)
2025-09-13 17:32:34,401 [ForkJoinPool-1-worker-1] INFO  grpc.GrpcConfigKeys (ConfUtils.java:logFallback(69)) - raft.grpc.client.host = null (fallback to raft.grpc.server.host)
2025-09-13 17:32:34,401 [ForkJoinPool-1-worker-1] INFO  grpc.GrpcConfigKeys (ConfUtils.java:logGet(62)) - raft.grpc.client.port = 15037 (custom)
2025-09-13 17:32:34,401 [ForkJoinPool-1-worker-1] INFO  grpc.GrpcConfigKeys (ConfUtils.java:logGet(62)) - raft.grpc.server.port = 15039 (custom)
2025-09-13 17:32:34,401 [ForkJoinPool-1-worker-1] INFO  server.GrpcServicesImpl (ConfUtils.java:logGet(62)) - raft.grpc.message.size.max = 34603008 (custom)
2025-09-13 17:32:34,401 [ForkJoinPool-1-worker-1] INFO  server.GrpcServicesImpl (ConfUtils.java:logGet(62)) - raft.grpc.flow.control.window = 5MB (=5242880) (custom)
2025-09-13 17:32:34,401 [ForkJoinPool-1-worker-1] INFO  server.RaftServerConfigKeys (ConfUtils.java:logGet(62)) - raft.server.log.appender.buffer.byte-limit = 33554432 (custom)
2025-09-13 17:32:34,403 [ForkJoinPool-1-worker-1] INFO  netty.NettyUtils (NettyUtils.java:newEventLoopGroup(74)) - Create EpollEventLoopGroup for beda0dcb-37da-4cca-bea2-e222cb1bc351-NettyServerStreamRpc-bossGroup; Thread size is 0.
2025-09-13 17:32:34,403 [ForkJoinPool-1-worker-1] INFO  netty.NettyUtils (NettyUtils.java:newEventLoopGroup(74)) - Create EpollEventLoopGroup for beda0dcb-37da-4cca-bea2-e222cb1bc351-NettyServerStreamRpc-workerGroup; Thread size is 0.
2025-09-13 17:32:34,403 [ForkJoinPool-1-worker-1] INFO  netty.NettyConfigKeys$DataStream (ConfUtils.java:logGet(62)) - raft.netty.dataStream.port = 15040 (custom)
2025-09-13 17:32:34,404 [ForkJoinPool-1-worker-1] INFO  server.RaftServerConfigKeys (ConfUtils.java:logGet(62)) - raft.server.storage.dir = [/home/runner/work/ozone/ozone/hadoop-ozone/integration-test/target/test-dir/MiniOzoneClusterImpl-1331a795-ed08-415d-924a-7661a5cf51a5/ozone-metadata/datanode-4/ratis] (custom)
2025-09-13 17:32:34,404 [beda0dcb-37da-4cca-bea2-e222cb1bc351-NettyServerStreamRpc-bossGroup--thread1] INFO  logging.LoggingHandler (AbstractInternalLogger.java:log(148)) - [id: 0xf3228611] REGISTERED
2025-09-13 17:32:34,404 [beda0dcb-37da-4cca-bea2-e222cb1bc351-NettyServerStreamRpc-bossGroup--thread1] INFO  logging.LoggingHandler (AbstractInternalLogger.java:log(148)) - [id: 0xf3228611] BIND: 0.0.0.0/0.0.0.0:15040
2025-09-13 17:32:34,404 [beda0dcb-37da-4cca-bea2-e222cb1bc351-NettyServerStreamRpc-bossGroup--thread1] INFO  logging.LoggingHandler (AbstractInternalLogger.java:log(148)) - [id: 0xf3228611, L:/0.0.0.0:15040] ACTIVE
2025-09-13 17:32:34,404 [beda0dcb-37da-4cca-bea2-e222cb1bc351-impl-thread1] INFO  server.RaftServer (RaftServerProxy.java:initGroupDir(270)) - beda0dcb-37da-4cca-bea2-e222cb1bc351: found a subdirectory /home/runner/work/ozone/ozone/hadoop-ozone/integration-test/target/test-dir/MiniOzoneClusterImpl-1331a795-ed08-415d-924a-7661a5cf51a5/ozone-metadata/datanode-4/ratis/79b5a704-a3b5-4a89-89e6-853f78db4750
2025-09-13 17:32:34,405 [beda0dcb-37da-4cca-bea2-e222cb1bc351-impl-thread1] INFO  server.RaftServer (RaftServerProxy.java:addNew(105)) - beda0dcb-37da-4cca-bea2-e222cb1bc351: addNew group-853F78DB4750:[] returns group-853F78DB4750:java.util.concurrent.CompletableFuture@1c2d4ce5[Not completed]
2025-09-13 17:32:34,405 [beda0dcb-37da-4cca-bea2-e222cb1bc351-impl-thread1] INFO  server.RaftServer (RaftServerProxy.java:initGroupDir(270)) - beda0dcb-37da-4cca-bea2-e222cb1bc351: found a subdirectory /home/runner/work/ozone/ozone/hadoop-ozone/integration-test/target/test-dir/MiniOzoneClusterImpl-1331a795-ed08-415d-924a-7661a5cf51a5/ozone-metadata/datanode-4/ratis/tmp
2025-09-13 17:32:34,405 [beda0dcb-37da-4cca-bea2-e222cb1bc351-impl-thread1] INFO  server.RaftServer (RaftServerProxy.java:initGroupDir(275)) - beda0dcb-37da-4cca-bea2-e222cb1bc351: The directory /home/runner/work/ozone/ozone/hadoop-ozone/integration-test/target/test-dir/MiniOzoneClusterImpl-1331a795-ed08-415d-924a-7661a5cf51a5/ozone-metadata/datanode-4/ratis/tmp is not a group directory; ignoring it. 
2025-09-13 17:32:34,405 [beda0dcb-37da-4cca-bea2-e222cb1bc351-impl-thread1] INFO  server.RaftServer (RaftServerProxy.java:initGroupDir(270)) - beda0dcb-37da-4cca-bea2-e222cb1bc351: found a subdirectory /home/runner/work/ozone/ozone/hadoop-ozone/integration-test/target/test-dir/MiniOzoneClusterImpl-1331a795-ed08-415d-924a-7661a5cf51a5/ozone-metadata/datanode-4/ratis/07c43d0e-01cc-4cce-9f14-26ecf1d4e136
2025-09-13 17:32:34,405 [beda0dcb-37da-4cca-bea2-e222cb1bc351-impl-thread1] INFO  server.RaftServer (RaftServerProxy.java:addNew(105)) - beda0dcb-37da-4cca-bea2-e222cb1bc351: addNew group-26ECF1D4E136:[] returns group-26ECF1D4E136:java.util.concurrent.CompletableFuture@72820ca6[Not completed]
2025-09-13 17:32:34,405 [beda0dcb-37da-4cca-bea2-e222cb1bc351-impl-thread1] INFO  server.RaftServer (RaftServerProxy.java:initGroupDir(270)) - beda0dcb-37da-4cca-bea2-e222cb1bc351: found a subdirectory /home/runner/work/ozone/ozone/hadoop-ozone/integration-test/target/test-dir/MiniOzoneClusterImpl-1331a795-ed08-415d-924a-7661a5cf51a5/ozone-metadata/datanode-4/ratis/7755b6c1-031a-4d9a-a8c0-23d9289878c2
2025-09-13 17:32:34,405 [beda0dcb-37da-4cca-bea2-e222cb1bc351-impl-thread1] INFO  server.RaftServer (RaftServerProxy.java:addNew(105)) - beda0dcb-37da-4cca-bea2-e222cb1bc351: addNew group-23D9289878C2:[] returns group-23D9289878C2:java.util.concurrent.CompletableFuture@2dfb929e[Not completed]
2025-09-13 17:32:34,405 [ForkJoinPool-1-worker-1] INFO  replication.ReplicationServer (ReplicationServer.java:<init>(84)) - Initializing replication server with thread count = 10 queue length = 4096
2025-09-13 17:32:34,406 [beda0dcb-37da-4cca-bea2-e222cb1bc351-groupManagement] INFO  server.RaftServer$Division (RaftServerImpl.java:<init>(268)) - beda0dcb-37da-4cca-bea2-e222cb1bc351: new RaftServerImpl for group-853F78DB4750:[] with ContainerStateMachine:uninitialized
2025-09-13 17:32:34,406 [ForkJoinPool-1-worker-1] INFO  server.XceiverServerGrpc (XceiverServerGrpc.java:<init>(130)) - GrpcServer channel type EpollServerSocketChannel
2025-09-13 17:32:34,406 [beda0dcb-37da-4cca-bea2-e222cb1bc351-groupManagement] INFO  server.RaftServer$Division (ServerState.java:<init>(114)) - beda0dcb-37da-4cca-bea2-e222cb1bc351@group-853F78DB4750: ConfigurationManager, init=conf: {index: -1, cur=peers:[]|listeners:[], old=null}, confs=<EMPTY_MAP>
2025-09-13 17:32:34,407 [ForkJoinPool-1-worker-1] INFO  replication.ReplicationSupervisor (ReplicationSupervisor.java:build(169)) - Initializing replication supervisor with thread count = 10
2025-09-13 17:32:34,407 [ForkJoinPool-1-worker-1] INFO  replication.ReplicationSupervisor (ReplicationSupervisor.java:nodeStateUpdated(358)) - Node state updated to IN_SERVICE, scaling executor pool size to 10
2025-09-13 17:32:34,409 [ForkJoinPool-1-worker-1] INFO  http.BaseHttpServer (BaseHttpServer.java:newHttpServer2BuilderForOzone(227)) - Starting Web-server for hddsDatanode at: http://0.0.0.0:15034
2025-09-13 17:32:34,410 [ForkJoinPool-1-worker-1] INFO  http.BaseHttpServer (BaseHttpServer.java:<init>(105)) - Hadoop Security Enabled: false Ozone Security Enabled: false Ozone HTTP Security Enabled: false 
2025-09-13 17:32:34,411 [ForkJoinPool-1-worker-1] WARN  server.AuthenticationFilter (AuthenticationFilter.java:constructSecretProvider(240)) - Unable to initialize FileSignerSecretProvider, falling back to use random secrets. Reason: Could not read signature secret file: /home/runner/hadoop-http-auth-signature-secret
2025-09-13 17:32:34,412 [beda0dcb-37da-4cca-bea2-e222cb1bc351-groupManagement] INFO  server.RaftServer$Division (RaftServerImpl.java:<init>(268)) - beda0dcb-37da-4cca-bea2-e222cb1bc351: new RaftServerImpl for group-26ECF1D4E136:[] with ContainerStateMachine:uninitialized
2025-09-13 17:32:34,412 [beda0dcb-37da-4cca-bea2-e222cb1bc351-groupManagement] INFO  server.RaftServer$Division (ServerState.java:<init>(114)) - beda0dcb-37da-4cca-bea2-e222cb1bc351@group-26ECF1D4E136: ConfigurationManager, init=conf: {index: -1, cur=peers:[]|listeners:[], old=null}, confs=<EMPTY_MAP>
2025-09-13 17:32:34,413 [ForkJoinPool-1-worker-1] INFO  http.HttpServer2 (HttpServer2.java:addGlobalFilter(1041)) - Added global filter 'safety' (class=org.apache.hadoop.hdds.server.http.HttpServer2$QuotingInputFilter)
2025-09-13 17:32:34,415 [ForkJoinPool-1-worker-1] INFO  http.HttpServer2 (HttpServer2.java:addFilter(1017)) - Added filter static_user_filter (class=org.apache.hadoop.http.lib.StaticUserWebFilter$StaticUserFilter) to context hddsDatanode
2025-09-13 17:32:34,415 [ForkJoinPool-1-worker-1] INFO  http.HttpServer2 (HttpServer2.java:addFilter(1025)) - Added filter static_user_filter (class=org.apache.hadoop.http.lib.StaticUserWebFilter$StaticUserFilter) to context logs
2025-09-13 17:32:34,415 [ForkJoinPool-1-worker-1] INFO  http.HttpServer2 (HttpServer2.java:addFilter(1025)) - Added filter static_user_filter (class=org.apache.hadoop.http.lib.StaticUserWebFilter$StaticUserFilter) to context static
2025-09-13 17:32:34,415 [ForkJoinPool-1-worker-1] INFO  http.BaseHttpServer (BaseHttpServer.java:<init>(193)) - HTTP server of hddsDatanode uses base directory /home/runner/work/ozone/ozone/hadoop-ozone/integration-test/target/test-dir/MiniOzoneClusterImpl-1331a795-ed08-415d-924a-7661a5cf51a5/scm/ozone-metadata/webserver
2025-09-13 17:32:34,415 [ForkJoinPool-1-worker-1] INFO  http.HttpServer2 (HttpServer2.java:bindListener(1241)) - Jetty bound to port 15034
2025-09-13 17:32:34,415 [ForkJoinPool-1-worker-1] INFO  server.Server (Server.java:doStart(375)) - jetty-9.4.58.v20250814; built: 2025-08-14T02:28:49.637Z; git: 8f1440587e9e4ae7db3d74cf205643f3d707148d; jvm 21.0.8+9-LTS
2025-09-13 17:32:34,418 [beda0dcb-37da-4cca-bea2-e222cb1bc351-groupManagement] INFO  server.RaftServer$Division (RaftServerImpl.java:<init>(268)) - beda0dcb-37da-4cca-bea2-e222cb1bc351: new RaftServerImpl for group-23D9289878C2:[] with ContainerStateMachine:uninitialized
2025-09-13 17:32:34,418 [beda0dcb-37da-4cca-bea2-e222cb1bc351-groupManagement] INFO  server.RaftServer$Division (ServerState.java:<init>(114)) - beda0dcb-37da-4cca-bea2-e222cb1bc351@group-23D9289878C2: ConfigurationManager, init=conf: {index: -1, cur=peers:[]|listeners:[], old=null}, confs=<EMPTY_MAP>
2025-09-13 17:32:34,419 [ForkJoinPool-1-worker-1] INFO  server.session (DefaultSessionIdManager.java:doStart(334)) - DefaultSessionIdManager workerName=node0
2025-09-13 17:32:34,419 [ForkJoinPool-1-worker-1] INFO  server.session (DefaultSessionIdManager.java:doStart(339)) - No SessionScavenger set, using defaults
2025-09-13 17:32:34,419 [ForkJoinPool-1-worker-1] INFO  server.session (HouseKeeper.java:startScavenging(132)) - node0 Scavenging every 600000ms
2025-09-13 17:32:34,421 [ForkJoinPool-1-worker-1] INFO  handler.ContextHandler (ContextHandler.java:doStart(921)) - Started o.e.j.s.ServletContextHandler@38c70aa6{logs,/logs,file:///home/runner/work/ozone/ozone/hadoop-ozone/integration-test/target/log,AVAILABLE}
2025-09-13 17:32:34,421 [ForkJoinPool-1-worker-1] INFO  handler.ContextHandler (ContextHandler.java:doStart(921)) - Started o.e.j.s.ServletContextHandler@252b97e{static,/static,jar:file:/home/runner/work/ozone/ozone/hadoop-hdds/container-service/target/hdds-container-service-2.1.0-SNAPSHOT.jar!/webapps/static,AVAILABLE}
2025-09-13 17:32:34,570 [ForkJoinPool-1-worker-1] INFO  handler.ContextHandler (ContextHandler.java:doStart(921)) - Started o.e.j.w.WebAppContext@253643a2{hddsDatanode,/,file:///home/runner/work/ozone/ozone/hadoop-ozone/integration-test/target/test-dir/MiniOzoneClusterImpl-1331a795-ed08-415d-924a-7661a5cf51a5/scm/ozone-metadata/webserver/jetty-0_0_0_0-15034-hdds-container-service-2_1_0-SNAPSHOT_jar-_-any-12460538988907771626/webapp/,AVAILABLE}{jar:file:/home/runner/work/ozone/ozone/hadoop-hdds/container-service/target/hdds-container-service-2.1.0-SNAPSHOT.jar!/webapps/hddsDatanode}
2025-09-13 17:32:34,571 [ForkJoinPool-1-worker-1] INFO  server.AbstractConnector (AbstractConnector.java:doStart(333)) - Started ServerConnector@17ad65b7{HTTP/1.1, (http/1.1)}{0.0.0.0:15034}
2025-09-13 17:32:34,571 [ForkJoinPool-1-worker-1] INFO  server.Server (Server.java:doStart(415)) - Started @87155ms
2025-09-13 17:32:34,571 [ForkJoinPool-1-worker-1] WARN  impl.MetricsSystemImpl (MetricsSystemImpl.java:register(279)) - Sink prometheus already exists!
2025-09-13 17:32:34,571 [ForkJoinPool-1-worker-1] INFO  http.BaseHttpServer (BaseHttpServer.java:updateConnectorAddress(357)) - HTTP server of hddsDatanode listening at http://localhost:15034
2025-09-13 17:32:34,572 [ForkJoinPool-1-worker-1] INFO  ipc.CallQueueManager (CallQueueManager.java:<init>(93)) - Using callQueue: class java.util.concurrent.LinkedBlockingQueue, queueCapacity: 1000, scheduler: class org.apache.hadoop.ipc.DefaultRpcScheduler, ipcBackoff: false, ipcFailOver: false.
2025-09-13 17:32:34,572 [ForkJoinPool-1-worker-1] INFO  ipc.Server (Server.java:<init>(1438)) - Listener at 0.0.0.0:15035
2025-09-13 17:32:34,572 [Socket Reader #1 for port 15035] INFO  ipc.Server (Server.java:run(1474)) - Starting Socket Reader #1 for port 15035
2025-09-13 17:32:34,573 [Socket Reader #2 for port 15035] INFO  ipc.Server (Server.java:run(1474)) - Starting Socket Reader #2 for port 15035
2025-09-13 17:32:34,573 [Socket Reader #3 for port 15035] INFO  ipc.Server (Server.java:run(1474)) - Starting Socket Reader #3 for port 15035
2025-09-13 17:32:34,573 [Socket Reader #4 for port 15035] INFO  ipc.Server (Server.java:run(1474)) - Starting Socket Reader #4 for port 15035
2025-09-13 17:32:34,573 [Socket Reader #5 for port 15035] INFO  ipc.Server (Server.java:run(1474)) - Starting Socket Reader #5 for port 15035
2025-09-13 17:32:34,574 [Socket Reader #6 for port 15035] INFO  ipc.Server (Server.java:run(1474)) - Starting Socket Reader #6 for port 15035
2025-09-13 17:32:34,574 [Socket Reader #7 for port 15035] INFO  ipc.Server (Server.java:run(1474)) - Starting Socket Reader #7 for port 15035
2025-09-13 17:32:34,574 [Socket Reader #8 for port 15035] INFO  ipc.Server (Server.java:run(1474)) - Starting Socket Reader #8 for port 15035
2025-09-13 17:32:34,575 [Socket Reader #9 for port 15035] INFO  ipc.Server (Server.java:run(1474)) - Starting Socket Reader #9 for port 15035
2025-09-13 17:32:34,575 [Socket Reader #10 for port 15035] INFO  ipc.Server (Server.java:run(1474)) - Starting Socket Reader #10 for port 15035
2025-09-13 17:32:34,577 [ForkJoinPool-1-worker-1] INFO  ozone.HddsDatanodeService (HddsDatanodeService.java:start(333)) - Datanode start with admins: [admin, runner]
2025-09-13 17:32:34,577 [ForkJoinPool-1-worker-1] INFO  ozone.HddsDatanodeClientProtocolServer (HddsDatanodeClientProtocolServer.java:start(76)) - RPC server for Client /0.0.0.0:15035
2025-09-13 17:32:34,577 [IPC Server Responder] INFO  ipc.Server (Server.java:run(1713)) - IPC Server Responder: starting
2025-09-13 17:32:34,577 [IPC Server listener on 15035] INFO  ipc.Server (Server.java:run(1553)) - IPC Server listener on 15035: starting
2025-09-13 17:32:34,579 [ForkJoinPool-1-worker-1] INFO  ozone.MiniOzoneClusterImpl (MiniOzoneClusterImpl.java:lambda$waitForClusterToBeReady$0(181)) - Nodes are ready. Got 10 of 10 DN Heartbeats.
2025-09-13 17:32:34,579 [ForkJoinPool-1-worker-1] INFO  ozone.MiniOzoneClusterImpl (MiniOzoneClusterImpl.java:lambda$waitForClusterToBeReady$0(184)) - Cluster exits safe mode
2025-09-13 17:32:34,579 [ForkJoinPool-1-worker-1] INFO  ozone.MiniOzoneClusterImpl (MiniOzoneClusterImpl.java:lambda$waitForClusterToBeReady$0(186)) - SCM became leader
2025-09-13 17:32:34,580 [beda0dcb-37da-4cca-bea2-e222cb1bc351-DatanodeStateMachineDaemonThread] INFO  statemachine.DatanodeStateMachine (DatanodeStateMachine.java:startStateMachineThread(363)) - Ozone container server started.
2025-09-13 17:32:34,589 [beda0dcb-37da-4cca-bea2-e222cb1bc351-DatanodeStateMachineTaskThread-0] INFO  datanode.InitDatanodeState (InitDatanodeState.java:persistContainerDatanodeDetails(139)) - DatanodeDetails is persisted to /home/runner/work/ozone/ozone/hadoop-ozone/integration-test/target/test-dir/MiniOzoneClusterImpl-1331a795-ed08-415d-924a-7661a5cf51a5/ozone-metadata/datanode-4/ozone-metadata/datanode.id
2025-09-13 17:32:34,638 [EventQueue-CloseContainerForCloseContainerEventHandler] INFO  container.CloseContainerEventHandler (CloseContainerEventHandler.java:onMessage(88)) - Close container Event triggered for container : #4, current state: OPEN
2025-09-13 17:32:34,647 [EventQueue-CloseContainerForCloseContainerEventHandler] INFO  container.CloseContainerEventHandler (CloseContainerEventHandler.java:onMessage(88)) - Close container Event triggered for container : #4, current state: CLOSING
2025-09-13 17:32:34,647 [EventQueue-CloseContainerForCloseContainerEventHandler] INFO  container.CloseContainerEventHandler (CloseContainerEventHandler.java:onMessage(88)) - Close container Event triggered for container : #4, current state: CLOSING
2025-09-13 17:32:34,853 [d3aade32-661d-499d-9068-ea1550ed8656-ContainerReader-0] INFO  ozoneimpl.ContainerReader (ContainerReader.java:readVolume(147)) - Start to verify containers on volume /home/runner/work/ozone/ozone/hadoop-ozone/integration-test/target/test-dir/MiniOzoneClusterImpl-1331a795-ed08-415d-924a-7661a5cf51a5/ozone-metadata/datanode-6/data-0/hdds
2025-09-13 17:32:34,858 [d3aade32-661d-499d-9068-ea1550ed8656-ContainerReader-0] WARN  helpers.KeyValueContainerUtil (KeyValueContainerUtil.java:populateContainerMetadata(330)) - Missing pendingDeleteBlockCount from metadata: recalculate them from block table
2025-09-13 17:32:34,860 [d3aade32-661d-499d-9068-ea1550ed8656-ContainerReader-0] INFO  ozoneimpl.ContainerReader (ContainerReader.java:readVolume(177)) - Finish verifying containers on volume /home/runner/work/ozone/ozone/hadoop-ozone/integration-test/target/test-dir/MiniOzoneClusterImpl-1331a795-ed08-415d-924a-7661a5cf51a5/ozone-metadata/datanode-6/data-0/hdds
2025-09-13 17:32:34,861 [d3aade32-661d-499d-9068-ea1550ed8656-EndpointStateMachineTaskThread-/0.0.0.0:15002-0 ] INFO  ozoneimpl.OzoneContainer (OzoneContainer.java:buildContainerSet(370)) - Build ContainerSet costs 0s
2025-09-13 17:32:34,861 [d3aade32-661d-499d-9068-ea1550ed8656-EndpointStateMachineTaskThread-/0.0.0.0:15002-0 ] INFO  volume.ThrottledAsyncChecker (ThrottledAsyncChecker.java:schedule(138)) - Scheduling a check for /home/runner/work/ozone/ozone/hadoop-ozone/integration-test/target/test-dir/MiniOzoneClusterImpl-1331a795-ed08-415d-924a-7661a5cf51a5/ozone-metadata/datanode-6/data-0/hdds
2025-09-13 17:32:34,861 [d3aade32-661d-499d-9068-ea1550ed8656-EndpointStateMachineTaskThread-/0.0.0.0:15002-0 ] INFO  volume.StorageVolumeChecker (StorageVolumeChecker.java:checkAllVolumes(231)) - Scheduled health check for volume /home/runner/work/ozone/ozone/hadoop-ozone/integration-test/target/test-dir/MiniOzoneClusterImpl-1331a795-ed08-415d-924a-7661a5cf51a5/ozone-metadata/datanode-6/data-0/hdds
2025-09-13 17:32:34,865 [d3aade32-661d-499d-9068-ea1550ed8656-EndpointStateMachineTaskThread-/0.0.0.0:15002-0 ] INFO  volume.ThrottledAsyncChecker (ThrottledAsyncChecker.java:schedule(138)) - Scheduling a check for /home/runner/work/ozone/ozone/hadoop-ozone/integration-test/target/test-dir/MiniOzoneClusterImpl-1331a795-ed08-415d-924a-7661a5cf51a5/ozone-metadata/datanode-6/ratis
2025-09-13 17:32:34,865 [d3aade32-661d-499d-9068-ea1550ed8656-EndpointStateMachineTaskThread-/0.0.0.0:15002-0 ] INFO  volume.StorageVolumeChecker (StorageVolumeChecker.java:checkAllVolumes(231)) - Scheduled health check for volume /home/runner/work/ozone/ozone/hadoop-ozone/integration-test/target/test-dir/MiniOzoneClusterImpl-1331a795-ed08-415d-924a-7661a5cf51a5/ozone-metadata/datanode-6/ratis
2025-09-13 17:32:34,865 [d3aade32-661d-499d-9068-ea1550ed8656-EndpointStateMachineTaskThread-/0.0.0.0:15002-0 ] INFO  ozoneimpl.OzoneContainer (OzoneContainer.java:start(525)) - Attempting to start container services.
2025-09-13 17:32:34,866 [ContainerDataScanner(/home/runner/work/ozone/ozone/hadoop-ozone/integration-test/target/test-dir/MiniOzoneClusterImpl-1331a795-ed08-415d-924a-7661a5cf51a5/ozone-metadata/datanode-6/data-0/hdds)] INFO  ozoneimpl.AbstractBackgroundContainerScanner (AbstractBackgroundContainerScanner.java:runIteration(89)) - Completed an iteration in 0 minutes. Number of iterations (since the data-node restart) : 1, Number of containers scanned in this iteration : 0, Number of unhealthy containers found in this iteration : 0
2025-09-13 17:32:34,867 [d3aade32-661d-499d-9068-ea1550ed8656-EndpointStateMachineTaskThread-/0.0.0.0:15002-0 ] INFO  replication.ReplicationServer (ReplicationServer.java:start(137)) - ReplicationServer is started using port 15057
2025-09-13 17:32:34,867 [d3aade32-661d-499d-9068-ea1550ed8656-EndpointStateMachineTaskThread-/0.0.0.0:15002-0 ] INFO  ratis.XceiverServerRatis (XceiverServerRatis.java:start(560)) - Starting XceiverServerRatis(d3aade32-661d-499d-9068-ea1550ed8656)
2025-09-13 17:32:34,868 [d3aade32-661d-499d-9068-ea1550ed8656-impl-thread1] INFO  server.RaftServerConfigKeys (ConfUtils.java:logGet(62)) - raft.server.storage.dir = [/home/runner/work/ozone/ozone/hadoop-ozone/integration-test/target/test-dir/MiniOzoneClusterImpl-1331a795-ed08-415d-924a-7661a5cf51a5/ozone-metadata/datanode-6/ratis] (custom)
2025-09-13 17:32:34,869 [d3aade32-661d-499d-9068-ea1550ed8656-impl-thread1] INFO  storage.RaftStorageDirectory (RaftStorageDirectoryImpl.java:tryLock(229)) - Lock on /home/runner/work/ozone/ozone/hadoop-ozone/integration-test/target/test-dir/MiniOzoneClusterImpl-1331a795-ed08-415d-924a-7661a5cf51a5/ozone-metadata/datanode-6/ratis/7755b6c1-031a-4d9a-a8c0-23d9289878c2/in_use.lock acquired by nodename 22846@localhost
2025-09-13 17:32:34,869 [d3aade32-661d-499d-9068-ea1550ed8656-impl-thread2] INFO  storage.RaftStorageDirectory (RaftStorageDirectoryImpl.java:tryLock(229)) - Lock on /home/runner/work/ozone/ozone/hadoop-ozone/integration-test/target/test-dir/MiniOzoneClusterImpl-1331a795-ed08-415d-924a-7661a5cf51a5/ozone-metadata/datanode-6/ratis/de4f7cab-11b4-4055-aff7-a2cf3d226e33/in_use.lock acquired by nodename 22846@localhost
2025-09-13 17:32:34,869 [d3aade32-661d-499d-9068-ea1550ed8656-impl-thread2] INFO  storage.RaftStorage (RaftStorageImpl.java:analyzeAndRecoverStorage(118)) - Read RaftStorageMetadata{term=1, votedFor=d3aade32-661d-499d-9068-ea1550ed8656} from /home/runner/work/ozone/ozone/hadoop-ozone/integration-test/target/test-dir/MiniOzoneClusterImpl-1331a795-ed08-415d-924a-7661a5cf51a5/ozone-metadata/datanode-6/ratis/de4f7cab-11b4-4055-aff7-a2cf3d226e33/current/raft-meta
2025-09-13 17:32:34,869 [d3aade32-661d-499d-9068-ea1550ed8656-impl-thread3] INFO  storage.RaftStorageDirectory (RaftStorageDirectoryImpl.java:tryLock(229)) - Lock on /home/runner/work/ozone/ozone/hadoop-ozone/integration-test/target/test-dir/MiniOzoneClusterImpl-1331a795-ed08-415d-924a-7661a5cf51a5/ozone-metadata/datanode-6/ratis/79b5a704-a3b5-4a89-89e6-853f78db4750/in_use.lock acquired by nodename 22846@localhost
2025-09-13 17:32:34,870 [d3aade32-661d-499d-9068-ea1550ed8656-impl-thread2] INFO  server.RaftServer$Division (ServerState.java:setRaftConf(386)) - d3aade32-661d-499d-9068-ea1550ed8656@group-A2CF3D226E33: set configuration conf: {index: 0, cur=peers:[d3aade32-661d-499d-9068-ea1550ed8656|127.0.0.1:15055]|listeners:[], old=null}
2025-09-13 17:32:34,870 [d3aade32-661d-499d-9068-ea1550ed8656-impl-thread3] INFO  storage.RaftStorage (RaftStorageImpl.java:analyzeAndRecoverStorage(118)) - Read RaftStorageMetadata{term=1, votedFor=e114cbd1-8f45-4cc5-a8b1-e2bd6cad48a0} from /home/runner/work/ozone/ozone/hadoop-ozone/integration-test/target/test-dir/MiniOzoneClusterImpl-1331a795-ed08-415d-924a-7661a5cf51a5/ozone-metadata/datanode-6/ratis/79b5a704-a3b5-4a89-89e6-853f78db4750/current/raft-meta
2025-09-13 17:32:34,870 [d3aade32-661d-499d-9068-ea1550ed8656-impl-thread1] INFO  storage.RaftStorage (RaftStorageImpl.java:analyzeAndRecoverStorage(118)) - Read RaftStorageMetadata{term=1, votedFor=beda0dcb-37da-4cca-bea2-e222cb1bc351} from /home/runner/work/ozone/ozone/hadoop-ozone/integration-test/target/test-dir/MiniOzoneClusterImpl-1331a795-ed08-415d-924a-7661a5cf51a5/ozone-metadata/datanode-6/ratis/7755b6c1-031a-4d9a-a8c0-23d9289878c2/current/raft-meta
2025-09-13 17:32:34,870 [d3aade32-661d-499d-9068-ea1550ed8656-impl-thread3] INFO  server.RaftServer$Division (ServerState.java:setRaftConf(386)) - d3aade32-661d-499d-9068-ea1550ed8656@group-853F78DB4750: set configuration conf: {index: 0, cur=peers:[d3aade32-661d-499d-9068-ea1550ed8656|127.0.0.1:15055, beda0dcb-37da-4cca-bea2-e222cb1bc351|127.0.0.1:15039, e114cbd1-8f45-4cc5-a8b1-e2bd6cad48a0|127.0.0.1:15047]|listeners:[], old=null}
2025-09-13 17:32:34,870 [d3aade32-661d-499d-9068-ea1550ed8656-impl-thread1] INFO  server.RaftServer$Division (ServerState.java:setRaftConf(386)) - d3aade32-661d-499d-9068-ea1550ed8656@group-23D9289878C2: set configuration conf: {index: 0, cur=peers:[d3aade32-661d-499d-9068-ea1550ed8656|127.0.0.1:15055, beda0dcb-37da-4cca-bea2-e222cb1bc351|127.0.0.1:15039, e114cbd1-8f45-4cc5-a8b1-e2bd6cad48a0|127.0.0.1:15047]|listeners:[], old=null}
2025-09-13 17:32:34,871 [d3aade32-661d-499d-9068-ea1550ed8656-impl-thread3] INFO  ratis.ContainerStateMachine (ContainerStateMachine.java:initialize(339)) - d3aade32-661d-499d-9068-ea1550ed8656: initialize group-853F78DB4750
2025-09-13 17:32:34,871 [d3aade32-661d-499d-9068-ea1550ed8656-impl-thread3] INFO  ratis.ContainerStateMachine (ContainerStateMachine.java:loadSnapshot(356)) - group-853F78DB4750: Setting the last applied index to (t:1, i:0)
2025-09-13 17:32:34,871 [d3aade32-661d-499d-9068-ea1550ed8656-impl-thread2] INFO  ratis.ContainerStateMachine (ContainerStateMachine.java:initialize(339)) - d3aade32-661d-499d-9068-ea1550ed8656: initialize group-A2CF3D226E33
2025-09-13 17:32:34,871 [d3aade32-661d-499d-9068-ea1550ed8656-impl-thread2] INFO  ratis.ContainerStateMachine (ContainerStateMachine.java:loadSnapshot(356)) - group-A2CF3D226E33: Setting the last applied index to (t:1, i:0)
2025-09-13 17:32:34,872 [d3aade32-661d-499d-9068-ea1550ed8656-impl-thread1] INFO  ratis.ContainerStateMachine (ContainerStateMachine.java:initialize(339)) - d3aade32-661d-499d-9068-ea1550ed8656: initialize group-23D9289878C2
2025-09-13 17:32:34,872 [d3aade32-661d-499d-9068-ea1550ed8656-impl-thread1] INFO  ratis.ContainerStateMachine (ContainerStateMachine.java:loadSnapshot(356)) - group-23D9289878C2: Setting the last applied index to (t:1, i:2)
2025-09-13 17:32:34,872 [d3aade32-661d-499d-9068-ea1550ed8656-impl-thread3] INFO  server.RaftServerConfigKeys (ConfUtils.java:logGet(62)) - raft.server.log.appender.buffer.byte-limit = 33554432 (custom)
2025-09-13 17:32:34,872 [d3aade32-661d-499d-9068-ea1550ed8656-impl-thread2] INFO  server.RaftServerConfigKeys (ConfUtils.java:logGet(62)) - raft.server.log.appender.buffer.byte-limit = 33554432 (custom)
2025-09-13 17:32:34,873 [ContainerMetadataScanner] INFO  ozoneimpl.AbstractBackgroundContainerScanner (AbstractBackgroundContainerScanner.java:runIteration(89)) - Completed an iteration in 0 minutes. Number of iterations (since the data-node restart) : 1, Number of containers scanned in this iteration : 1, Number of unhealthy containers found in this iteration : 0
2025-09-13 17:32:34,873 [d3aade32-661d-499d-9068-ea1550ed8656-impl-thread1] INFO  server.RaftServerConfigKeys (ConfUtils.java:logGet(62)) - raft.server.log.appender.buffer.byte-limit = 33554432 (custom)
2025-09-13 17:32:34,880 [d3aade32-661d-499d-9068-ea1550ed8656-impl-thread2] INFO  server.RaftServerConfigKeys (ConfUtils.java:logGet(62)) - raft.server.log.segment.size.max = 67108864 (custom)
2025-09-13 17:32:34,882 [d3aade32-661d-499d-9068-ea1550ed8656-impl-thread3] INFO  server.RaftServerConfigKeys (ConfUtils.java:logGet(62)) - raft.server.log.segment.size.max = 67108864 (custom)
2025-09-13 17:32:34,883 [d3aade32-661d-499d-9068-ea1550ed8656-impl-thread2] INFO  server.RaftServerConfigKeys (ConfUtils.java:logGet(62)) - raft.server.log.appender.buffer.byte-limit = 33554432 (custom)
2025-09-13 17:32:34,883 [d3aade32-661d-499d-9068-ea1550ed8656-impl-thread2] INFO  util.AwaitToRun (AwaitToRun.java:start(81)) - Thread[#2215,d3aade32-661d-499d-9068-ea1550ed8656@group-A2CF3D226E33-cacheEviction-AwaitToRun,5,main] started
2025-09-13 17:32:34,884 [d3aade32-661d-499d-9068-ea1550ed8656-impl-thread2] INFO  segmented.SegmentedRaftLogWorker (SegmentedRaftLogWorker.java:<init>(190)) - new d3aade32-661d-499d-9068-ea1550ed8656@group-A2CF3D226E33-SegmentedRaftLogWorker for RaftStorageImpl:Storage Directory /home/runner/work/ozone/ozone/hadoop-ozone/integration-test/target/test-dir/MiniOzoneClusterImpl-1331a795-ed08-415d-924a-7661a5cf51a5/ozone-metadata/datanode-6/ratis/de4f7cab-11b4-4055-aff7-a2cf3d226e33
2025-09-13 17:32:34,884 [d3aade32-661d-499d-9068-ea1550ed8656-impl-thread2] INFO  server.RaftServerConfigKeys (ConfUtils.java:logGet(62)) - raft.server.log.queue.byte-limit = 4294967296 (custom)
2025-09-13 17:32:34,884 [d3aade32-661d-499d-9068-ea1550ed8656-impl-thread2] INFO  server.RaftServerConfigKeys (ConfUtils.java:logGet(62)) - raft.server.log.segment.size.max = 67108864 (custom)
2025-09-13 17:32:34,884 [d3aade32-661d-499d-9068-ea1550ed8656-impl-thread2] INFO  server.RaftServerConfigKeys (ConfUtils.java:logGet(62)) - raft.server.log.preallocated.size = 4194304 (custom)
2025-09-13 17:32:34,885 [d3aade32-661d-499d-9068-ea1550ed8656-impl-thread3] INFO  server.RaftServerConfigKeys (ConfUtils.java:logGet(62)) - raft.server.log.appender.buffer.byte-limit = 33554432 (custom)
2025-09-13 17:32:34,885 [d3aade32-661d-499d-9068-ea1550ed8656-impl-thread3] INFO  util.AwaitToRun (AwaitToRun.java:start(81)) - Thread[#2216,d3aade32-661d-499d-9068-ea1550ed8656@group-853F78DB4750-cacheEviction-AwaitToRun,5,main] started
2025-09-13 17:32:34,886 [d3aade32-661d-499d-9068-ea1550ed8656-impl-thread3] INFO  segmented.SegmentedRaftLogWorker (SegmentedRaftLogWorker.java:<init>(190)) - new d3aade32-661d-499d-9068-ea1550ed8656@group-853F78DB4750-SegmentedRaftLogWorker for RaftStorageImpl:Storage Directory /home/runner/work/ozone/ozone/hadoop-ozone/integration-test/target/test-dir/MiniOzoneClusterImpl-1331a795-ed08-415d-924a-7661a5cf51a5/ozone-metadata/datanode-6/ratis/79b5a704-a3b5-4a89-89e6-853f78db4750
2025-09-13 17:32:34,886 [d3aade32-661d-499d-9068-ea1550ed8656-impl-thread3] INFO  server.RaftServerConfigKeys (ConfUtils.java:logGet(62)) - raft.server.log.queue.byte-limit = 4294967296 (custom)
2025-09-13 17:32:34,886 [d3aade32-661d-499d-9068-ea1550ed8656-impl-thread3] INFO  server.RaftServerConfigKeys (ConfUtils.java:logGet(62)) - raft.server.log.segment.size.max = 67108864 (custom)
2025-09-13 17:32:34,886 [d3aade32-661d-499d-9068-ea1550ed8656-impl-thread3] INFO  server.RaftServerConfigKeys (ConfUtils.java:logGet(62)) - raft.server.log.preallocated.size = 4194304 (custom)
2025-09-13 17:32:34,886 [d3aade32-661d-499d-9068-ea1550ed8656-impl-thread1] INFO  server.RaftServerConfigKeys (ConfUtils.java:logGet(62)) - raft.server.log.segment.size.max = 67108864 (custom)
2025-09-13 17:32:34,887 [d3aade32-661d-499d-9068-ea1550ed8656-impl-thread2] INFO  server.RaftServerConfigKeys (ConfUtils.java:logGet(62)) - raft.server.log.write.buffer.size = 33554440 (custom)
2025-09-13 17:32:34,887 [d3aade32-661d-499d-9068-ea1550ed8656-impl-thread1] INFO  server.RaftServerConfigKeys (ConfUtils.java:logGet(62)) - raft.server.log.appender.buffer.byte-limit = 33554432 (custom)
2025-09-13 17:32:34,887 [d3aade32-661d-499d-9068-ea1550ed8656-impl-thread3] INFO  server.RaftServerConfigKeys (ConfUtils.java:logGet(62)) - raft.server.log.write.buffer.size = 33554440 (custom)
2025-09-13 17:32:34,888 [d3aade32-661d-499d-9068-ea1550ed8656-impl-thread1] INFO  util.AwaitToRun (AwaitToRun.java:start(81)) - Thread[#2217,d3aade32-661d-499d-9068-ea1550ed8656@group-23D9289878C2-cacheEviction-AwaitToRun,5,main] started
2025-09-13 17:32:34,888 [d3aade32-661d-499d-9068-ea1550ed8656-impl-thread1] INFO  segmented.SegmentedRaftLogWorker (SegmentedRaftLogWorker.java:<init>(190)) - new d3aade32-661d-499d-9068-ea1550ed8656@group-23D9289878C2-SegmentedRaftLogWorker for RaftStorageImpl:Storage Directory /home/runner/work/ozone/ozone/hadoop-ozone/integration-test/target/test-dir/MiniOzoneClusterImpl-1331a795-ed08-415d-924a-7661a5cf51a5/ozone-metadata/datanode-6/ratis/7755b6c1-031a-4d9a-a8c0-23d9289878c2
2025-09-13 17:32:34,888 [d3aade32-661d-499d-9068-ea1550ed8656-impl-thread1] INFO  server.RaftServerConfigKeys (ConfUtils.java:logGet(62)) - raft.server.log.queue.byte-limit = 4294967296 (custom)
2025-09-13 17:32:34,888 [d3aade32-661d-499d-9068-ea1550ed8656-impl-thread1] INFO  server.RaftServerConfigKeys (ConfUtils.java:logGet(62)) - raft.server.log.segment.size.max = 67108864 (custom)
2025-09-13 17:32:34,888 [d3aade32-661d-499d-9068-ea1550ed8656-impl-thread1] INFO  server.RaftServerConfigKeys (ConfUtils.java:logGet(62)) - raft.server.log.preallocated.size = 4194304 (custom)
2025-09-13 17:32:34,888 [d3aade32-661d-499d-9068-ea1550ed8656-impl-thread1] INFO  server.RaftServerConfigKeys (ConfUtils.java:logGet(62)) - raft.server.log.write.buffer.size = 33554440 (custom)
2025-09-13 17:32:34,895 [d3aade32-661d-499d-9068-ea1550ed8656-impl-thread2] INFO  server.RaftServerConfigKeys (ConfUtils.java:logGet(62)) - raft.server.log.appender.buffer.byte-limit = 33554432 (custom)
2025-09-13 17:32:34,896 [d3aade32-661d-499d-9068-ea1550ed8656-impl-thread2] INFO  server.RaftServer$Division (ServerState.java:setRaftConf(386)) - d3aade32-661d-499d-9068-ea1550ed8656@group-A2CF3D226E33: set configuration conf: {index: 0, cur=peers:[d3aade32-661d-499d-9068-ea1550ed8656|127.0.0.1:15055]|listeners:[], old=null}
2025-09-13 17:32:34,896 [d3aade32-661d-499d-9068-ea1550ed8656-impl-thread2] INFO  segmented.LogSegment (LogSegment.java:loadSegment(171)) - Successfully read 1 entries from segment file /home/runner/work/ozone/ozone/hadoop-ozone/integration-test/target/test-dir/MiniOzoneClusterImpl-1331a795-ed08-415d-924a-7661a5cf51a5/ozone-metadata/datanode-6/ratis/de4f7cab-11b4-4055-aff7-a2cf3d226e33/current/log_inprogress_0
2025-09-13 17:32:34,897 [d3aade32-661d-499d-9068-ea1550ed8656-impl-thread2] INFO  segmented.SegmentedRaftLogWorker (SegmentedRaftLogWorker.java:lambda$new$0(141)) - d3aade32-661d-499d-9068-ea1550ed8656@group-A2CF3D226E33-SegmentedRaftLogWorker: safeCacheEvictIndex: setUnconditionally 0 -> -1
2025-09-13 17:32:34,897 [d3aade32-661d-499d-9068-ea1550ed8656-impl-thread2] INFO  segmented.BufferedWriteChannel (BufferedWriteChannel.java:open(61)) - open log_inprogress_0 (append) at position 129
2025-09-13 17:32:34,896 [d3aade32-661d-499d-9068-ea1550ed8656-impl-thread1] INFO  server.RaftServerConfigKeys (ConfUtils.java:logGet(62)) - raft.server.log.appender.buffer.byte-limit = 33554432 (custom)
2025-09-13 17:32:34,897 [d3aade32-661d-499d-9068-ea1550ed8656-impl-thread3] INFO  server.RaftServerConfigKeys (ConfUtils.java:logGet(62)) - raft.server.log.appender.buffer.byte-limit = 33554432 (custom)
2025-09-13 17:32:34,897 [d3aade32-661d-499d-9068-ea1550ed8656-impl-thread1] INFO  server.RaftServer$Division (ServerState.java:setRaftConf(386)) - d3aade32-661d-499d-9068-ea1550ed8656@group-23D9289878C2: set configuration conf: {index: 0, cur=peers:[d3aade32-661d-499d-9068-ea1550ed8656|127.0.0.1:15055, beda0dcb-37da-4cca-bea2-e222cb1bc351|127.0.0.1:15039, e114cbd1-8f45-4cc5-a8b1-e2bd6cad48a0|127.0.0.1:15047]|listeners:[], old=null}
2025-09-13 17:32:34,898 [d3aade32-661d-499d-9068-ea1550ed8656-impl-thread3] INFO  server.RaftServer$Division (ServerState.java:setRaftConf(386)) - d3aade32-661d-499d-9068-ea1550ed8656@group-853F78DB4750: set configuration conf: {index: 0, cur=peers:[d3aade32-661d-499d-9068-ea1550ed8656|127.0.0.1:15055, beda0dcb-37da-4cca-bea2-e222cb1bc351|127.0.0.1:15039, e114cbd1-8f45-4cc5-a8b1-e2bd6cad48a0|127.0.0.1:15047]|listeners:[], old=null}
2025-09-13 17:32:34,898 [d3aade32-661d-499d-9068-ea1550ed8656-impl-thread3] INFO  segmented.LogSegment (LogSegment.java:loadSegment(171)) - Successfully read 1 entries from segment file /home/runner/work/ozone/ozone/hadoop-ozone/integration-test/target/test-dir/MiniOzoneClusterImpl-1331a795-ed08-415d-924a-7661a5cf51a5/ozone-metadata/datanode-6/ratis/79b5a704-a3b5-4a89-89e6-853f78db4750/current/log_inprogress_0
2025-09-13 17:32:34,898 [d3aade32-661d-499d-9068-ea1550ed8656-impl-thread3] INFO  segmented.SegmentedRaftLogWorker (SegmentedRaftLogWorker.java:lambda$new$0(141)) - d3aade32-661d-499d-9068-ea1550ed8656@group-853F78DB4750-SegmentedRaftLogWorker: safeCacheEvictIndex: setUnconditionally 0 -> -1
2025-09-13 17:32:34,897 [d3aade32-661d-499d-9068-ea1550ed8656-impl-thread2] INFO  server.RaftServer$Division (RaftServerImpl.java:start(405)) - d3aade32-661d-499d-9068-ea1550ed8656@group-A2CF3D226E33: start as a follower, conf=conf: {index: 0, cur=peers:[d3aade32-661d-499d-9068-ea1550ed8656|127.0.0.1:15055]|listeners:[], old=null}
2025-09-13 17:32:34,898 [d3aade32-661d-499d-9068-ea1550ed8656-impl-thread1] INFO  segmented.LogSegment (LogSegment.java:loadSegment(171)) - Successfully read 5 entries from segment file /home/runner/work/ozone/ozone/hadoop-ozone/integration-test/target/test-dir/MiniOzoneClusterImpl-1331a795-ed08-415d-924a-7661a5cf51a5/ozone-metadata/datanode-6/ratis/7755b6c1-031a-4d9a-a8c0-23d9289878c2/current/log_inprogress_0
2025-09-13 17:32:34,898 [d3aade32-661d-499d-9068-ea1550ed8656-impl-thread3] INFO  segmented.BufferedWriteChannel (BufferedWriteChannel.java:open(61)) - open log_inprogress_0 (append) at position 351
2025-09-13 17:32:34,898 [d3aade32-661d-499d-9068-ea1550ed8656-impl-thread1] INFO  segmented.SegmentedRaftLogWorker (SegmentedRaftLogWorker.java:lambda$new$0(141)) - d3aade32-661d-499d-9068-ea1550ed8656@group-23D9289878C2-SegmentedRaftLogWorker: flushIndex: setUnconditionally 0 -> 4
2025-09-13 17:32:34,898 [d3aade32-661d-499d-9068-ea1550ed8656-impl-thread1] INFO  segmented.SegmentedRaftLogWorker (SegmentedRaftLogWorker.java:lambda$new$0(141)) - d3aade32-661d-499d-9068-ea1550ed8656@group-23D9289878C2-SegmentedRaftLogWorker: safeCacheEvictIndex: setUnconditionally 0 -> -1
2025-09-13 17:32:34,898 [d3aade32-661d-499d-9068-ea1550ed8656-impl-thread1] INFO  segmented.BufferedWriteChannel (BufferedWriteChannel.java:open(61)) - open log_inprogress_0 (append) at position 1544
2025-09-13 17:32:34,898 [d3aade32-661d-499d-9068-ea1550ed8656-impl-thread3] INFO  server.RaftServer$Division (RaftServerImpl.java:start(405)) - d3aade32-661d-499d-9068-ea1550ed8656@group-853F78DB4750: start as a follower, conf=conf: {index: 0, cur=peers:[d3aade32-661d-499d-9068-ea1550ed8656|127.0.0.1:15055, beda0dcb-37da-4cca-bea2-e222cb1bc351|127.0.0.1:15039, e114cbd1-8f45-4cc5-a8b1-e2bd6cad48a0|127.0.0.1:15047]|listeners:[], old=null}
2025-09-13 17:32:34,898 [d3aade32-661d-499d-9068-ea1550ed8656-impl-thread3] INFO  server.RaftServer$Division (RaftServerImpl.java:setRole(392)) - d3aade32-661d-499d-9068-ea1550ed8656@group-853F78DB4750: changes role from      null to FOLLOWER at term 1 for startAsFollower
2025-09-13 17:32:34,898 [d3aade32-661d-499d-9068-ea1550ed8656-impl-thread3] INFO  impl.RoleInfo (RoleInfo.java:updateAndGet(148)) - d3aade32-661d-499d-9068-ea1550ed8656: start d3aade32-661d-499d-9068-ea1550ed8656@group-853F78DB4750-FollowerState
2025-09-13 17:32:34,898 [d3aade32-661d-499d-9068-ea1550ed8656-impl-thread1] INFO  server.RaftServer$Division (RaftServerImpl.java:start(405)) - d3aade32-661d-499d-9068-ea1550ed8656@group-23D9289878C2: start as a follower, conf=conf: {index: 0, cur=peers:[d3aade32-661d-499d-9068-ea1550ed8656|127.0.0.1:15055, beda0dcb-37da-4cca-bea2-e222cb1bc351|127.0.0.1:15039, e114cbd1-8f45-4cc5-a8b1-e2bd6cad48a0|127.0.0.1:15047]|listeners:[], old=null}
2025-09-13 17:32:34,898 [d3aade32-661d-499d-9068-ea1550ed8656-impl-thread1] INFO  server.RaftServer$Division (RaftServerImpl.java:setRole(392)) - d3aade32-661d-499d-9068-ea1550ed8656@group-23D9289878C2: changes role from      null to FOLLOWER at term 1 for startAsFollower
2025-09-13 17:32:34,898 [d3aade32-661d-499d-9068-ea1550ed8656-impl-thread1] INFO  impl.RoleInfo (RoleInfo.java:updateAndGet(148)) - d3aade32-661d-499d-9068-ea1550ed8656: start d3aade32-661d-499d-9068-ea1550ed8656@group-23D9289878C2-FollowerState
2025-09-13 17:32:34,899 [d3aade32-661d-499d-9068-ea1550ed8656-impl-thread3] INFO  util.JmxRegister (JmxRegister.java:tryRegister(44)) - Successfully registered JMX Bean with object name Ratis:service=RaftServer,group=group-853F78DB4750,id=d3aade32-661d-499d-9068-ea1550ed8656
2025-09-13 17:32:34,899 [d3aade32-661d-499d-9068-ea1550ed8656-impl-thread3] INFO  util.JmxRegister (JmxRegister.java:register(58)) - register mxBean class org.apache.ratis.server.impl.RaftServerJmxAdapter as Ratis:service=RaftServer,group=group-853F78DB4750,id=d3aade32-661d-499d-9068-ea1550ed8656
2025-09-13 17:32:34,898 [d3aade32-661d-499d-9068-ea1550ed8656-impl-thread2] INFO  server.RaftServer$Division (RaftServerImpl.java:setRole(392)) - d3aade32-661d-499d-9068-ea1550ed8656@group-A2CF3D226E33: changes role from      null to FOLLOWER at term 1 for startAsFollower
2025-09-13 17:32:34,899 [d3aade32-661d-499d-9068-ea1550ed8656-impl-thread2] INFO  impl.RoleInfo (RoleInfo.java:updateAndGet(148)) - d3aade32-661d-499d-9068-ea1550ed8656: start d3aade32-661d-499d-9068-ea1550ed8656@group-A2CF3D226E33-FollowerState
2025-09-13 17:32:34,899 [d3aade32-661d-499d-9068-ea1550ed8656-impl-thread2] INFO  util.JmxRegister (JmxRegister.java:tryRegister(44)) - Successfully registered JMX Bean with object name Ratis:service=RaftServer,group=group-A2CF3D226E33,id=d3aade32-661d-499d-9068-ea1550ed8656
2025-09-13 17:32:34,899 [d3aade32-661d-499d-9068-ea1550ed8656-impl-thread2] INFO  util.JmxRegister (JmxRegister.java:register(58)) - register mxBean class org.apache.ratis.server.impl.RaftServerJmxAdapter as Ratis:service=RaftServer,group=group-A2CF3D226E33,id=d3aade32-661d-499d-9068-ea1550ed8656
2025-09-13 17:32:34,900 [d3aade32-661d-499d-9068-ea1550ed8656-impl-thread1] INFO  util.JmxRegister (JmxRegister.java:tryRegister(44)) - Successfully registered JMX Bean with object name Ratis:service=RaftServer,group=group-23D9289878C2,id=d3aade32-661d-499d-9068-ea1550ed8656
2025-09-13 17:32:34,900 [d3aade32-661d-499d-9068-ea1550ed8656-impl-thread1] INFO  util.JmxRegister (JmxRegister.java:register(58)) - register mxBean class org.apache.ratis.server.impl.RaftServerJmxAdapter as Ratis:service=RaftServer,group=group-23D9289878C2,id=d3aade32-661d-499d-9068-ea1550ed8656
2025-09-13 17:32:34,901 [d3aade32-661d-499d-9068-ea1550ed8656-impl-thread1] INFO  server.RaftServer$Division (RaftServerImpl.java:start(419)) - d3aade32-661d-499d-9068-ea1550ed8656@group-23D9289878C2: Successfully started.
2025-09-13 17:32:34,902 [d3aade32-661d-499d-9068-ea1550ed8656-impl-thread3] INFO  server.RaftServer$Division (RaftServerImpl.java:start(419)) - d3aade32-661d-499d-9068-ea1550ed8656@group-853F78DB4750: Successfully started.
2025-09-13 17:32:34,902 [d3aade32-661d-499d-9068-ea1550ed8656-impl-thread2] INFO  server.RaftServer$Division (RaftServerImpl.java:start(419)) - d3aade32-661d-499d-9068-ea1550ed8656@group-A2CF3D226E33: Successfully started.
2025-09-13 17:32:34,902 [d3aade32-661d-499d-9068-ea1550ed8656-EndpointStateMachineTaskThread-/0.0.0.0:15002-0 ] INFO  server.RaftServer (RaftServerProxy.java:startImpl(412)) - d3aade32-661d-499d-9068-ea1550ed8656: start RPC server
2025-09-13 17:32:34,903 [d3aade32-661d-499d-9068-ea1550ed8656-EndpointStateMachineTaskThread-/0.0.0.0:15002-0 ] INFO  server.GrpcServicesImpl (GrpcServicesImpl.java:startImpl(346)) - d3aade32-661d-499d-9068-ea1550ed8656: GrpcServicesImpl started, listening on 15053
2025-09-13 17:32:34,903 [d3aade32-661d-499d-9068-ea1550ed8656-EndpointStateMachineTaskThread-/0.0.0.0:15002-0 ] INFO  server.GrpcServicesImpl (GrpcServicesImpl.java:startImpl(346)) - d3aade32-661d-499d-9068-ea1550ed8656: GrpcServicesImpl started, listening on 15055
2025-09-13 17:32:34,903 [d3aade32-661d-499d-9068-ea1550ed8656-EndpointStateMachineTaskThread-/0.0.0.0:15002-0 ] INFO  server.GrpcServicesImpl (GrpcServicesImpl.java:startImpl(346)) - d3aade32-661d-499d-9068-ea1550ed8656: GrpcServicesImpl started, listening on 15054
2025-09-13 17:32:34,903 [d3aade32-661d-499d-9068-ea1550ed8656-EndpointStateMachineTaskThread-/0.0.0.0:15002-0 ] INFO  ratis.XceiverServerRatis (XceiverServerRatis.java:getRealPort(587)) - XceiverServerRatis(d3aade32-661d-499d-9068-ea1550ed8656) is started using port RATIS=15053
2025-09-13 17:32:34,904 [d3aade32-661d-499d-9068-ea1550ed8656-EndpointStateMachineTaskThread-/0.0.0.0:15002-0 ] INFO  ratis.XceiverServerRatis (XceiverServerRatis.java:getRealPort(587)) - XceiverServerRatis(d3aade32-661d-499d-9068-ea1550ed8656) is started using port RATIS_ADMIN=15054
2025-09-13 17:32:34,904 [JvmPauseMonitor13] INFO  util.JvmPauseMonitor (JvmPauseMonitor.java:run(146)) - JvmPauseMonitor-d3aade32-661d-499d-9068-ea1550ed8656: Started
2025-09-13 17:32:34,904 [d3aade32-661d-499d-9068-ea1550ed8656-EndpointStateMachineTaskThread-/0.0.0.0:15002-0 ] INFO  ratis.XceiverServerRatis (XceiverServerRatis.java:getRealPort(587)) - XceiverServerRatis(d3aade32-661d-499d-9068-ea1550ed8656) is started using port RATIS_SERVER=15055
2025-09-13 17:32:34,904 [d3aade32-661d-499d-9068-ea1550ed8656-EndpointStateMachineTaskThread-/0.0.0.0:15002-0 ] INFO  ratis.XceiverServerRatis (XceiverServerRatis.java:getRealPort(587)) - XceiverServerRatis(d3aade32-661d-499d-9068-ea1550ed8656) is started using port RATIS_DATASTREAM=15056
2025-09-13 17:32:34,904 [d3aade32-661d-499d-9068-ea1550ed8656-EndpointStateMachineTaskThread-/0.0.0.0:15002-0 ] INFO  utils.BackgroundService (BackgroundService.java:start(119)) - Starting service BlockDeletingService with interval 60000 milliseconds
2025-09-13 17:32:34,904 [d3aade32-661d-499d-9068-ea1550ed8656-EndpointStateMachineTaskThread-/0.0.0.0:15002-0 ] INFO  utils.BackgroundService (BackgroundService.java:start(119)) - Starting service StaleRecoveringContainerScrubbingService with interval 60000 milliseconds
2025-09-13 17:32:34,956 [e114cbd1-8f45-4cc5-a8b1-e2bd6cad48a0@group-853F78DB4750-FollowerState] INFO  impl.FollowerState (FollowerState.java:runImpl(161)) - e114cbd1-8f45-4cc5-a8b1-e2bd6cad48a0@group-853F78DB4750-FollowerState: change to CANDIDATE, lastRpcElapsedTime:1045574849ns, electionTimeout:1045ms
2025-09-13 17:32:34,956 [e114cbd1-8f45-4cc5-a8b1-e2bd6cad48a0@group-853F78DB4750-FollowerState] INFO  impl.RoleInfo (RoleInfo.java:shutdownFollowerState(121)) - e114cbd1-8f45-4cc5-a8b1-e2bd6cad48a0: shutdown e114cbd1-8f45-4cc5-a8b1-e2bd6cad48a0@group-853F78DB4750-FollowerState
2025-09-13 17:32:34,956 [e114cbd1-8f45-4cc5-a8b1-e2bd6cad48a0@group-853F78DB4750-FollowerState] INFO  server.RaftServer$Division (RaftServerImpl.java:setRole(392)) - e114cbd1-8f45-4cc5-a8b1-e2bd6cad48a0@group-853F78DB4750: changes role from  FOLLOWER to CANDIDATE at term 1 for changeToCandidate
2025-09-13 17:32:34,956 [e114cbd1-8f45-4cc5-a8b1-e2bd6cad48a0@group-853F78DB4750-FollowerState] INFO  impl.RoleInfo (RoleInfo.java:updateAndGet(148)) - e114cbd1-8f45-4cc5-a8b1-e2bd6cad48a0: start e114cbd1-8f45-4cc5-a8b1-e2bd6cad48a0@group-853F78DB4750-LeaderElection134
2025-09-13 17:32:34,957 [e114cbd1-8f45-4cc5-a8b1-e2bd6cad48a0@group-853F78DB4750-LeaderElection134] INFO  impl.LeaderElection (LeaderElection.java:askForVotes(448)) - e114cbd1-8f45-4cc5-a8b1-e2bd6cad48a0@group-853F78DB4750-LeaderElection134 PRE_VOTE round 0: submit vote requests at term 1 for conf: {index: 0, cur=peers:[d3aade32-661d-499d-9068-ea1550ed8656|127.0.0.1:15055, beda0dcb-37da-4cca-bea2-e222cb1bc351|127.0.0.1:15039, e114cbd1-8f45-4cc5-a8b1-e2bd6cad48a0|127.0.0.1:15047]|listeners:[], old=null}
2025-09-13 17:32:34,957 [e114cbd1-8f45-4cc5-a8b1-e2bd6cad48a0@group-853F78DB4750-LeaderElection134] INFO  impl.LeaderElection (LogUtils.java:infoOrTrace(142)) - e114cbd1-8f45-4cc5-a8b1-e2bd6cad48a0@group-853F78DB4750-LeaderElection134 got exception when requesting votes: java.util.concurrent.ExecutionException: org.apache.ratis.thirdparty.io.grpc.StatusRuntimeException: UNAVAILABLE: io exception
2025-09-13 17:32:34,957 [e114cbd1-8f45-4cc5-a8b1-e2bd6cad48a0@group-853F78DB4750-LeaderElection134] INFO  impl.LeaderElection (LogUtils.java:infoOrTrace(142)) - e114cbd1-8f45-4cc5-a8b1-e2bd6cad48a0@group-853F78DB4750-LeaderElection134 got exception when requesting votes: java.util.concurrent.ExecutionException: org.apache.ratis.thirdparty.io.grpc.StatusRuntimeException: UNAVAILABLE: io exception
2025-09-13 17:32:34,957 [e114cbd1-8f45-4cc5-a8b1-e2bd6cad48a0@group-853F78DB4750-LeaderElection134] INFO  impl.LeaderElection (LeaderElection.java:logAndReturn(206)) - e114cbd1-8f45-4cc5-a8b1-e2bd6cad48a0@group-853F78DB4750-LeaderElection134: PRE_VOTE REJECTED received 0 response(s) and 2 exception(s):
2025-09-13 17:32:34,957 [e114cbd1-8f45-4cc5-a8b1-e2bd6cad48a0@group-853F78DB4750-LeaderElection134] INFO  impl.LeaderElection (LogUtils.java:infoOrTrace(142)) -   Exception 0: java.util.concurrent.ExecutionException: org.apache.ratis.thirdparty.io.grpc.StatusRuntimeException: UNAVAILABLE: io exception
2025-09-13 17:32:34,957 [e114cbd1-8f45-4cc5-a8b1-e2bd6cad48a0@group-853F78DB4750-LeaderElection134] INFO  impl.LeaderElection (LogUtils.java:infoOrTrace(142)) -   Exception 1: java.util.concurrent.ExecutionException: org.apache.ratis.thirdparty.io.grpc.StatusRuntimeException: UNAVAILABLE: io exception
2025-09-13 17:32:34,957 [e114cbd1-8f45-4cc5-a8b1-e2bd6cad48a0@group-853F78DB4750-LeaderElection134] INFO  impl.LeaderElection (LeaderElection.java:askForVotes(450)) - e114cbd1-8f45-4cc5-a8b1-e2bd6cad48a0@group-853F78DB4750-LeaderElection134 PRE_VOTE round 0: result REJECTED
2025-09-13 17:32:34,958 [e114cbd1-8f45-4cc5-a8b1-e2bd6cad48a0@group-853F78DB4750-LeaderElection134] INFO  server.RaftServer$Division (RaftServerImpl.java:setRole(392)) - e114cbd1-8f45-4cc5-a8b1-e2bd6cad48a0@group-853F78DB4750: changes role from CANDIDATE to FOLLOWER at term 1 for REJECTED
2025-09-13 17:32:34,958 [e114cbd1-8f45-4cc5-a8b1-e2bd6cad48a0@group-853F78DB4750-LeaderElection134] INFO  impl.RoleInfo (RoleInfo.java:shutdownLeaderElection(141)) - e114cbd1-8f45-4cc5-a8b1-e2bd6cad48a0: shutdown e114cbd1-8f45-4cc5-a8b1-e2bd6cad48a0@group-853F78DB4750-LeaderElection134
2025-09-13 17:32:34,958 [e114cbd1-8f45-4cc5-a8b1-e2bd6cad48a0@group-853F78DB4750-LeaderElection134] INFO  impl.RoleInfo (RoleInfo.java:updateAndGet(148)) - e114cbd1-8f45-4cc5-a8b1-e2bd6cad48a0: start e114cbd1-8f45-4cc5-a8b1-e2bd6cad48a0@group-853F78DB4750-FollowerState
2025-09-13 17:32:35,048 [e114cbd1-8f45-4cc5-a8b1-e2bd6cad48a0@group-23D9289878C2-FollowerState] INFO  impl.FollowerState (FollowerState.java:runImpl(161)) - e114cbd1-8f45-4cc5-a8b1-e2bd6cad48a0@group-23D9289878C2-FollowerState: change to CANDIDATE, lastRpcElapsedTime:1187359550ns, electionTimeout:1187ms
2025-09-13 17:32:35,049 [e114cbd1-8f45-4cc5-a8b1-e2bd6cad48a0@group-23D9289878C2-FollowerState] INFO  impl.RoleInfo (RoleInfo.java:shutdownFollowerState(121)) - e114cbd1-8f45-4cc5-a8b1-e2bd6cad48a0: shutdown e114cbd1-8f45-4cc5-a8b1-e2bd6cad48a0@group-23D9289878C2-FollowerState
2025-09-13 17:32:35,049 [e114cbd1-8f45-4cc5-a8b1-e2bd6cad48a0@group-23D9289878C2-FollowerState] INFO  server.RaftServer$Division (RaftServerImpl.java:setRole(392)) - e114cbd1-8f45-4cc5-a8b1-e2bd6cad48a0@group-23D9289878C2: changes role from  FOLLOWER to CANDIDATE at term 1 for changeToCandidate
2025-09-13 17:32:35,049 [e114cbd1-8f45-4cc5-a8b1-e2bd6cad48a0@group-23D9289878C2-FollowerState] INFO  impl.RoleInfo (RoleInfo.java:updateAndGet(148)) - e114cbd1-8f45-4cc5-a8b1-e2bd6cad48a0: start e114cbd1-8f45-4cc5-a8b1-e2bd6cad48a0@group-23D9289878C2-LeaderElection135
2025-09-13 17:32:35,049 [e114cbd1-8f45-4cc5-a8b1-e2bd6cad48a0@group-23D9289878C2-LeaderElection135] INFO  impl.LeaderElection (LeaderElection.java:askForVotes(448)) - e114cbd1-8f45-4cc5-a8b1-e2bd6cad48a0@group-23D9289878C2-LeaderElection135 PRE_VOTE round 0: submit vote requests at term 1 for conf: {index: 0, cur=peers:[d3aade32-661d-499d-9068-ea1550ed8656|127.0.0.1:15055, beda0dcb-37da-4cca-bea2-e222cb1bc351|127.0.0.1:15039, e114cbd1-8f45-4cc5-a8b1-e2bd6cad48a0|127.0.0.1:15047]|listeners:[], old=null}
2025-09-13 17:32:35,050 [e114cbd1-8f45-4cc5-a8b1-e2bd6cad48a0@group-23D9289878C2-LeaderElection135] INFO  impl.LeaderElection (LogUtils.java:infoOrTrace(142)) - e114cbd1-8f45-4cc5-a8b1-e2bd6cad48a0@group-23D9289878C2-LeaderElection135 got exception when requesting votes: java.util.concurrent.ExecutionException: org.apache.ratis.thirdparty.io.grpc.StatusRuntimeException: UNAVAILABLE: io exception
2025-09-13 17:32:35,051 [grpc-default-executor-0] INFO  server.RaftServer$Division (RaftServerImpl.java:requestVote(1421)) - d3aade32-661d-499d-9068-ea1550ed8656@group-23D9289878C2: receive requestVote(PRE_VOTE, e114cbd1-8f45-4cc5-a8b1-e2bd6cad48a0, group-23D9289878C2, 1, (t:1, i:4))
2025-09-13 17:32:35,051 [grpc-default-executor-0] INFO  impl.VoteContext (VoteContext.java:log(49)) - d3aade32-661d-499d-9068-ea1550ed8656@group-23D9289878C2-FOLLOWER: accept PRE_VOTE from e114cbd1-8f45-4cc5-a8b1-e2bd6cad48a0: our priority 0 <= candidate's priority 0
2025-09-13 17:32:35,051 [grpc-default-executor-0] INFO  server.RaftServer$Division (RaftServerImpl.java:requestVote(1455)) - d3aade32-661d-499d-9068-ea1550ed8656@group-23D9289878C2 replies to PRE_VOTE vote request: e114cbd1-8f45-4cc5-a8b1-e2bd6cad48a0<-d3aade32-661d-499d-9068-ea1550ed8656#0:OK-t1-last:(t:1, i:4). Peer's state: d3aade32-661d-499d-9068-ea1550ed8656@group-23D9289878C2:t1, leader=null, voted=beda0dcb-37da-4cca-bea2-e222cb1bc351, raftlog=Memoized:d3aade32-661d-499d-9068-ea1550ed8656@group-23D9289878C2-SegmentedRaftLog:OPENED:c2:last(t:1, i:4), conf=conf: {index: 0, cur=peers:[d3aade32-661d-499d-9068-ea1550ed8656|127.0.0.1:15055, beda0dcb-37da-4cca-bea2-e222cb1bc351|127.0.0.1:15039, e114cbd1-8f45-4cc5-a8b1-e2bd6cad48a0|127.0.0.1:15047]|listeners:[], old=null}
2025-09-13 17:32:35,051 [e114cbd1-8f45-4cc5-a8b1-e2bd6cad48a0@group-23D9289878C2-LeaderElection135] INFO  impl.LeaderElection (LeaderElection.java:logAndReturn(206)) - e114cbd1-8f45-4cc5-a8b1-e2bd6cad48a0@group-23D9289878C2-LeaderElection135: PRE_VOTE PASSED received 1 response(s) and 1 exception(s):
2025-09-13 17:32:35,052 [e114cbd1-8f45-4cc5-a8b1-e2bd6cad48a0@group-23D9289878C2-LeaderElection135] INFO  impl.LeaderElection (LeaderElection.java:logAndReturn(210)) -   Response 0: e114cbd1-8f45-4cc5-a8b1-e2bd6cad48a0<-d3aade32-661d-499d-9068-ea1550ed8656#0:OK-t1-last:(t:1, i:4)
2025-09-13 17:32:35,052 [e114cbd1-8f45-4cc5-a8b1-e2bd6cad48a0@group-23D9289878C2-LeaderElection135] INFO  impl.LeaderElection (LogUtils.java:infoOrTrace(142)) -   Exception 1: java.util.concurrent.ExecutionException: org.apache.ratis.thirdparty.io.grpc.StatusRuntimeException: UNAVAILABLE: io exception
2025-09-13 17:32:35,052 [e114cbd1-8f45-4cc5-a8b1-e2bd6cad48a0@group-23D9289878C2-LeaderElection135] INFO  impl.LeaderElection (LeaderElection.java:askForVotes(450)) - e114cbd1-8f45-4cc5-a8b1-e2bd6cad48a0@group-23D9289878C2-LeaderElection135 PRE_VOTE round 0: result PASSED
2025-09-13 17:32:35,053 [e114cbd1-8f45-4cc5-a8b1-e2bd6cad48a0@group-23D9289878C2-LeaderElection135] INFO  impl.LeaderElection (LeaderElection.java:askForVotes(448)) - e114cbd1-8f45-4cc5-a8b1-e2bd6cad48a0@group-23D9289878C2-LeaderElection135 ELECTION round 0: submit vote requests at term 2 for conf: {index: 0, cur=peers:[d3aade32-661d-499d-9068-ea1550ed8656|127.0.0.1:15055, beda0dcb-37da-4cca-bea2-e222cb1bc351|127.0.0.1:15039, e114cbd1-8f45-4cc5-a8b1-e2bd6cad48a0|127.0.0.1:15047]|listeners:[], old=null}
2025-09-13 17:32:35,054 [e114cbd1-8f45-4cc5-a8b1-e2bd6cad48a0@group-23D9289878C2-LeaderElection135] INFO  impl.LeaderElection (LogUtils.java:infoOrTrace(142)) - e114cbd1-8f45-4cc5-a8b1-e2bd6cad48a0@group-23D9289878C2-LeaderElection135 got exception when requesting votes: java.util.concurrent.ExecutionException: org.apache.ratis.thirdparty.io.grpc.StatusRuntimeException: UNAVAILABLE: io exception
2025-09-13 17:32:35,055 [grpc-default-executor-0] INFO  server.RaftServer$Division (RaftServerImpl.java:requestVote(1421)) - d3aade32-661d-499d-9068-ea1550ed8656@group-23D9289878C2: receive requestVote(ELECTION, e114cbd1-8f45-4cc5-a8b1-e2bd6cad48a0, group-23D9289878C2, 2, (t:1, i:4))
2025-09-13 17:32:35,055 [grpc-default-executor-0] INFO  impl.VoteContext (VoteContext.java:log(49)) - d3aade32-661d-499d-9068-ea1550ed8656@group-23D9289878C2-FOLLOWER: accept ELECTION from e114cbd1-8f45-4cc5-a8b1-e2bd6cad48a0: our priority 0 <= candidate's priority 0
2025-09-13 17:32:35,055 [grpc-default-executor-0] INFO  server.RaftServer$Division (RaftServerImpl.java:setRole(392)) - d3aade32-661d-499d-9068-ea1550ed8656@group-23D9289878C2: changes role from  FOLLOWER to FOLLOWER at term 1 for candidate:e114cbd1-8f45-4cc5-a8b1-e2bd6cad48a0
2025-09-13 17:32:35,055 [grpc-default-executor-0] INFO  impl.RoleInfo (RoleInfo.java:shutdownFollowerState(121)) - d3aade32-661d-499d-9068-ea1550ed8656: shutdown d3aade32-661d-499d-9068-ea1550ed8656@group-23D9289878C2-FollowerState
2025-09-13 17:32:35,055 [grpc-default-executor-0] INFO  impl.RoleInfo (RoleInfo.java:updateAndGet(148)) - d3aade32-661d-499d-9068-ea1550ed8656: start d3aade32-661d-499d-9068-ea1550ed8656@group-23D9289878C2-FollowerState
2025-09-13 17:32:35,055 [d3aade32-661d-499d-9068-ea1550ed8656@group-23D9289878C2-FollowerState] INFO  impl.FollowerState (FollowerState.java:runImpl(170)) - d3aade32-661d-499d-9068-ea1550ed8656@group-23D9289878C2-FollowerState was interrupted
2025-09-13 17:32:35,055 [grpc-default-executor-0] INFO  server.RaftServer$Division (RaftServerImpl.java:setFirstElection(576)) - d3aade32-661d-499d-9068-ea1550ed8656@group-23D9289878C2: set firstElectionSinceStartup to false for candidate:e114cbd1-8f45-4cc5-a8b1-e2bd6cad48a0
2025-09-13 17:32:35,056 [grpc-default-executor-0] INFO  server.RaftServer$Division (RaftServerImpl.java:requestVote(1455)) - d3aade32-661d-499d-9068-ea1550ed8656@group-23D9289878C2 replies to ELECTION vote request: e114cbd1-8f45-4cc5-a8b1-e2bd6cad48a0<-d3aade32-661d-499d-9068-ea1550ed8656#0:OK-t2-last:(t:1, i:4). Peer's state: d3aade32-661d-499d-9068-ea1550ed8656@group-23D9289878C2:t2, leader=null, voted=e114cbd1-8f45-4cc5-a8b1-e2bd6cad48a0, raftlog=Memoized:d3aade32-661d-499d-9068-ea1550ed8656@group-23D9289878C2-SegmentedRaftLog:OPENED:c2:last(t:1, i:4), conf=conf: {index: 0, cur=peers:[d3aade32-661d-499d-9068-ea1550ed8656|127.0.0.1:15055, beda0dcb-37da-4cca-bea2-e222cb1bc351|127.0.0.1:15039, e114cbd1-8f45-4cc5-a8b1-e2bd6cad48a0|127.0.0.1:15047]|listeners:[], old=null}
2025-09-13 17:32:35,057 [e114cbd1-8f45-4cc5-a8b1-e2bd6cad48a0@group-23D9289878C2-LeaderElection135] INFO  impl.LeaderElection (LeaderElection.java:logAndReturn(206)) - e114cbd1-8f45-4cc5-a8b1-e2bd6cad48a0@group-23D9289878C2-LeaderElection135: ELECTION PASSED received 1 response(s) and 1 exception(s):
2025-09-13 17:32:35,057 [e114cbd1-8f45-4cc5-a8b1-e2bd6cad48a0@group-23D9289878C2-LeaderElection135] INFO  impl.LeaderElection (LeaderElection.java:logAndReturn(210)) -   Response 0: e114cbd1-8f45-4cc5-a8b1-e2bd6cad48a0<-d3aade32-661d-499d-9068-ea1550ed8656#0:OK-t2-last:(t:1, i:4)
2025-09-13 17:32:35,057 [e114cbd1-8f45-4cc5-a8b1-e2bd6cad48a0@group-23D9289878C2-LeaderElection135] INFO  impl.LeaderElection (LogUtils.java:infoOrTrace(142)) -   Exception 1: java.util.concurrent.ExecutionException: org.apache.ratis.thirdparty.io.grpc.StatusRuntimeException: UNAVAILABLE: io exception
2025-09-13 17:32:35,057 [e114cbd1-8f45-4cc5-a8b1-e2bd6cad48a0@group-23D9289878C2-LeaderElection135] INFO  impl.LeaderElection (LeaderElection.java:askForVotes(450)) - e114cbd1-8f45-4cc5-a8b1-e2bd6cad48a0@group-23D9289878C2-LeaderElection135 ELECTION round 0: result PASSED
2025-09-13 17:32:35,057 [e114cbd1-8f45-4cc5-a8b1-e2bd6cad48a0@group-23D9289878C2-LeaderElection135] INFO  impl.RoleInfo (RoleInfo.java:shutdownLeaderElection(141)) - e114cbd1-8f45-4cc5-a8b1-e2bd6cad48a0: shutdown e114cbd1-8f45-4cc5-a8b1-e2bd6cad48a0@group-23D9289878C2-LeaderElection135
2025-09-13 17:32:35,057 [e114cbd1-8f45-4cc5-a8b1-e2bd6cad48a0@group-23D9289878C2-LeaderElection135] INFO  server.RaftServer$Division (RaftServerImpl.java:setRole(392)) - e114cbd1-8f45-4cc5-a8b1-e2bd6cad48a0@group-23D9289878C2: changes role from CANDIDATE to LEADER at term 2 for changeToLeader
2025-09-13 17:32:35,058 [e114cbd1-8f45-4cc5-a8b1-e2bd6cad48a0@group-23D9289878C2-LeaderElection135] INFO  server.RaftServerConfigKeys (ConfUtils.java:logFallback(69)) - raft.server.staging.timeout = 3600ms (fallback to raft.server.rpc.timeout.max)
2025-09-13 17:32:35,058 [e114cbd1-8f45-4cc5-a8b1-e2bd6cad48a0@group-23D9289878C2-LeaderElection135] INFO  server.RaftServerConfigKeys (ConfUtils.java:logGet(62)) - raft.server.write.byte-limit = 1024 M (=1073741824) (custom)
2025-09-13 17:32:35,060 [e114cbd1-8f45-4cc5-a8b1-e2bd6cad48a0@group-23D9289878C2-LeaderElection135] INFO  server.RaftServerConfigKeys (ConfUtils.java:logGet(62)) - raft.server.log.appender.buffer.byte-limit = 33554432 (custom)
2025-09-13 17:32:35,061 [e114cbd1-8f45-4cc5-a8b1-e2bd6cad48a0@group-23D9289878C2-LeaderElection135] INFO  server.RaftServerConfigKeys (ConfUtils.java:logGet(62)) - raft.server.log.appender.buffer.byte-limit = 33554432 (custom)
2025-09-13 17:32:35,062 [e114cbd1-8f45-4cc5-a8b1-e2bd6cad48a0@group-23D9289878C2-LeaderElection135] INFO  impl.RoleInfo (RoleInfo.java:updateAndGet(148)) - e114cbd1-8f45-4cc5-a8b1-e2bd6cad48a0: start e114cbd1-8f45-4cc5-a8b1-e2bd6cad48a0@group-23D9289878C2-LeaderStateImpl
2025-09-13 17:32:35,062 [e114cbd1-8f45-4cc5-a8b1-e2bd6cad48a0@group-23D9289878C2-LeaderElection135] INFO  ratis.XceiverServerRatis (XceiverServerRatis.java:handleLeaderChangedNotification(932)) - Leader change notification received for group: group-23D9289878C2 with new leaderId: e114cbd1-8f45-4cc5-a8b1-e2bd6cad48a0
2025-09-13 17:32:35,062 [e114cbd1-8f45-4cc5-a8b1-e2bd6cad48a0@group-23D9289878C2-LeaderElection135] INFO  server.RaftServer$Division (ServerState.java:setLeader(272)) - e114cbd1-8f45-4cc5-a8b1-e2bd6cad48a0@group-23D9289878C2: change Leader from null to e114cbd1-8f45-4cc5-a8b1-e2bd6cad48a0 at term 2 for becomeLeader, leader elected after 65468ms
2025-09-13 17:32:35,062 [e114cbd1-8f45-4cc5-a8b1-e2bd6cad48a0@group-23D9289878C2-LeaderElection135] INFO  segmented.SegmentedRaftLogWorker (SegmentedRaftLogWorker.java:rollLogSegment(445)) - e114cbd1-8f45-4cc5-a8b1-e2bd6cad48a0@group-23D9289878C2-SegmentedRaftLogWorker: Rolling segment log-0_4 to index:4
2025-09-13 17:32:35,063 [e114cbd1-8f45-4cc5-a8b1-e2bd6cad48a0@group-23D9289878C2-LeaderElection135] INFO  server.RaftServer$Division (ServerState.java:setRaftConf(386)) - e114cbd1-8f45-4cc5-a8b1-e2bd6cad48a0@group-23D9289878C2: set configuration conf: {index: 5, cur=peers:[d3aade32-661d-499d-9068-ea1550ed8656|127.0.0.1:15055, beda0dcb-37da-4cca-bea2-e222cb1bc351|127.0.0.1:15039, e114cbd1-8f45-4cc5-a8b1-e2bd6cad48a0|127.0.0.1:15047]|listeners:[], old=null}
2025-09-13 17:32:35,064 [grpc-default-executor-3] WARN  server.GrpcLogAppender (LogUtils.java:warn(127)) - e114cbd1-8f45-4cc5-a8b1-e2bd6cad48a0@group-23D9289878C2->beda0dcb-37da-4cca-bea2-e222cb1bc351-AppendLogResponseHandler: Failed appendEntries: org.apache.ratis.thirdparty.io.grpc.StatusRuntimeException: UNAVAILABLE: io exception
  Caused by: org.apache.ratis.thirdparty.io.netty.channel.AbstractChannel$AnnotatedConnectException: finishConnect(..) failed: Connection refused: /127.0.0.1:15039
  Caused by: java.net.ConnectException: finishConnect(..) failed: Connection refused
2025-09-13 17:32:35,064 [grpc-default-executor-0] WARN  server.GrpcLogAppender (LogUtils.java:warn(127)) - e114cbd1-8f45-4cc5-a8b1-e2bd6cad48a0@group-23D9289878C2->d3aade32-661d-499d-9068-ea1550ed8656-AppendLogResponseHandler: Failed appendEntries: org.apache.ratis.thirdparty.io.grpc.StatusRuntimeException: UNAVAILABLE: io exception
  Caused by: org.apache.ratis.thirdparty.io.netty.channel.AbstractChannel$AnnotatedConnectException: finishConnect(..) failed: Connection refused: /127.0.0.1:15055
  Caused by: java.net.ConnectException: finishConnect(..) failed: Connection refused
2025-09-13 17:32:35,066 [grpc-default-executor-3] WARN  server.GrpcLogAppender (GrpcLogAppender.java:lambda$resetClient$1(228)) - e114cbd1-8f45-4cc5-a8b1-e2bd6cad48a0@group-23D9289878C2->beda0dcb-37da-4cca-bea2-e222cb1bc351-GrpcLogAppender: Follower failed (request=null, errorCount=1); keep nextIndex (5) unchanged and retry.
2025-09-13 17:32:35,066 [e114cbd1-8f45-4cc5-a8b1-e2bd6cad48a0@group-23D9289878C2-SegmentedRaftLogWorker] INFO  segmented.SegmentedRaftLogWorker (SegmentedRaftLogWorker.java:execute(604)) - e114cbd1-8f45-4cc5-a8b1-e2bd6cad48a0@group-23D9289878C2-SegmentedRaftLogWorker: Rolled log segment from /home/runner/work/ozone/ozone/hadoop-ozone/integration-test/target/test-dir/MiniOzoneClusterImpl-1331a795-ed08-415d-924a-7661a5cf51a5/ozone-metadata/datanode-5/ratis/7755b6c1-031a-4d9a-a8c0-23d9289878c2/current/log_inprogress_0 to /home/runner/work/ozone/ozone/hadoop-ozone/integration-test/target/test-dir/MiniOzoneClusterImpl-1331a795-ed08-415d-924a-7661a5cf51a5/ozone-metadata/datanode-5/ratis/7755b6c1-031a-4d9a-a8c0-23d9289878c2/current/log_0-4
2025-09-13 17:32:35,067 [e114cbd1-8f45-4cc5-a8b1-e2bd6cad48a0@group-23D9289878C2-SegmentedRaftLogWorker] INFO  segmented.BufferedWriteChannel (BufferedWriteChannel.java:open(61)) - open log_inprogress_5 at position 0
2025-09-13 17:32:35,066 [grpc-default-executor-0] WARN  server.GrpcLogAppender (GrpcLogAppender.java:lambda$resetClient$1(228)) - e114cbd1-8f45-4cc5-a8b1-e2bd6cad48a0@group-23D9289878C2->d3aade32-661d-499d-9068-ea1550ed8656-GrpcLogAppender: Follower failed (request=null, errorCount=1); keep nextIndex (5) unchanged and retry.
2025-09-13 17:32:35,070 [grpc-default-executor-1] WARN  server.GrpcLogAppender (GrpcLogAppender.java:lambda$resetClient$1(228)) - e114cbd1-8f45-4cc5-a8b1-e2bd6cad48a0@group-23D9289878C2->beda0dcb-37da-4cca-bea2-e222cb1bc351-GrpcLogAppender: Follower failed (request=null, errorCount=3); keep nextIndex (6) unchanged and retry.
2025-09-13 17:32:35,071 [grpc-default-executor-3] INFO  ratis.XceiverServerRatis (XceiverServerRatis.java:handleLeaderChangedNotification(932)) - Leader change notification received for group: group-23D9289878C2 with new leaderId: e114cbd1-8f45-4cc5-a8b1-e2bd6cad48a0
2025-09-13 17:32:35,071 [grpc-default-executor-3] INFO  server.RaftServer$Division (ServerState.java:setLeader(272)) - d3aade32-661d-499d-9068-ea1550ed8656@group-23D9289878C2: change Leader from null to e114cbd1-8f45-4cc5-a8b1-e2bd6cad48a0 at term 2 for appendEntries, leader elected after 893ms
2025-09-13 17:32:35,071 [grpc-default-executor-3] INFO  server.RaftServer$Division (ServerState.java:setRaftConf(386)) - d3aade32-661d-499d-9068-ea1550ed8656@group-23D9289878C2: set configuration conf: {index: 5, cur=peers:[d3aade32-661d-499d-9068-ea1550ed8656|127.0.0.1:15055, beda0dcb-37da-4cca-bea2-e222cb1bc351|127.0.0.1:15039, e114cbd1-8f45-4cc5-a8b1-e2bd6cad48a0|127.0.0.1:15047]|listeners:[], old=null}
2025-09-13 17:32:35,072 [grpc-default-executor-3] INFO  segmented.SegmentedRaftLogWorker (SegmentedRaftLogWorker.java:rollLogSegment(445)) - d3aade32-661d-499d-9068-ea1550ed8656@group-23D9289878C2-SegmentedRaftLogWorker: Rolling segment log-0_4 to index:4
2025-09-13 17:32:35,073 [d3aade32-661d-499d-9068-ea1550ed8656@group-23D9289878C2-SegmentedRaftLogWorker] INFO  segmented.SegmentedRaftLogWorker (SegmentedRaftLogWorker.java:execute(604)) - d3aade32-661d-499d-9068-ea1550ed8656@group-23D9289878C2-SegmentedRaftLogWorker: Rolled log segment from /home/runner/work/ozone/ozone/hadoop-ozone/integration-test/target/test-dir/MiniOzoneClusterImpl-1331a795-ed08-415d-924a-7661a5cf51a5/ozone-metadata/datanode-6/ratis/7755b6c1-031a-4d9a-a8c0-23d9289878c2/current/log_inprogress_0 to /home/runner/work/ozone/ozone/hadoop-ozone/integration-test/target/test-dir/MiniOzoneClusterImpl-1331a795-ed08-415d-924a-7661a5cf51a5/ozone-metadata/datanode-6/ratis/7755b6c1-031a-4d9a-a8c0-23d9289878c2/current/log_0-4
2025-09-13 17:32:35,073 [d3aade32-661d-499d-9068-ea1550ed8656@group-23D9289878C2-SegmentedRaftLogWorker] INFO  segmented.BufferedWriteChannel (BufferedWriteChannel.java:open(61)) - open log_inprogress_5 at position 0
2025-09-13 17:32:35,080 [e114cbd1-8f45-4cc5-a8b1-e2bd6cad48a0@group-23D9289878C2-SegmentedRaftLogWorker] INFO  segmented.SegmentedRaftLogWorker (SegmentedRaftLogWorker.java:execute(647)) - e114cbd1-8f45-4cc5-a8b1-e2bd6cad48a0@group-23D9289878C2-SegmentedRaftLogWorker: created new log segment /home/runner/work/ozone/ozone/hadoop-ozone/integration-test/target/test-dir/MiniOzoneClusterImpl-1331a795-ed08-415d-924a-7661a5cf51a5/ozone-metadata/datanode-5/ratis/7755b6c1-031a-4d9a-a8c0-23d9289878c2/current/log_inprogress_5
2025-09-13 17:32:35,081 [d3aade32-661d-499d-9068-ea1550ed8656@group-23D9289878C2-SegmentedRaftLogWorker] INFO  segmented.SegmentedRaftLogWorker (SegmentedRaftLogWorker.java:execute(647)) - d3aade32-661d-499d-9068-ea1550ed8656@group-23D9289878C2-SegmentedRaftLogWorker: created new log segment /home/runner/work/ozone/ozone/hadoop-ozone/integration-test/target/test-dir/MiniOzoneClusterImpl-1331a795-ed08-415d-924a-7661a5cf51a5/ozone-metadata/datanode-6/ratis/7755b6c1-031a-4d9a-a8c0-23d9289878c2/current/log_inprogress_5
2025-09-13 17:32:35,084 [grpc-default-executor-1] WARN  server.GrpcLogAppender (GrpcLogAppender.java:lambda$resetClient$1(228)) - e114cbd1-8f45-4cc5-a8b1-e2bd6cad48a0@group-23D9289878C2->beda0dcb-37da-4cca-bea2-e222cb1bc351-GrpcLogAppender: Follower failed (request=null, errorCount=5); keep nextIndex (7) unchanged and retry.
2025-09-13 17:32:35,084 [e114cbd1-8f45-4cc5-a8b1-e2bd6cad48a0@group-23D9289878C2-StateMachineUpdater] INFO  server.RaftServer$Division (LeaderStateImpl.java:checkStartIndex(309)) - Leader e114cbd1-8f45-4cc5-a8b1-e2bd6cad48a0@group-23D9289878C2-LeaderStateImpl is ready since appliedIndex == startIndex == 5
2025-09-13 17:32:35,086 [beda0dcb-37da-4cca-bea2-e222cb1bc351-ContainerReader-0] INFO  ozoneimpl.ContainerReader (ContainerReader.java:readVolume(147)) - Start to verify containers on volume /home/runner/work/ozone/ozone/hadoop-ozone/integration-test/target/test-dir/MiniOzoneClusterImpl-1331a795-ed08-415d-924a-7661a5cf51a5/ozone-metadata/datanode-4/data-0/hdds
2025-09-13 17:32:35,090 [beda0dcb-37da-4cca-bea2-e222cb1bc351-ContainerReader-0] WARN  helpers.KeyValueContainerUtil (KeyValueContainerUtil.java:populateContainerMetadata(330)) - Missing pendingDeleteBlockCount from metadata: recalculate them from block table
2025-09-13 17:32:35,091 [beda0dcb-37da-4cca-bea2-e222cb1bc351-ContainerReader-0] INFO  ozoneimpl.ContainerReader (ContainerReader.java:readVolume(177)) - Finish verifying containers on volume /home/runner/work/ozone/ozone/hadoop-ozone/integration-test/target/test-dir/MiniOzoneClusterImpl-1331a795-ed08-415d-924a-7661a5cf51a5/ozone-metadata/datanode-4/data-0/hdds
2025-09-13 17:32:35,091 [beda0dcb-37da-4cca-bea2-e222cb1bc351-EndpointStateMachineTaskThread-/0.0.0.0:15002-0 ] INFO  ozoneimpl.OzoneContainer (OzoneContainer.java:buildContainerSet(370)) - Build ContainerSet costs 0s
2025-09-13 17:32:35,091 [beda0dcb-37da-4cca-bea2-e222cb1bc351-EndpointStateMachineTaskThread-/0.0.0.0:15002-0 ] INFO  volume.ThrottledAsyncChecker (ThrottledAsyncChecker.java:schedule(138)) - Scheduling a check for /home/runner/work/ozone/ozone/hadoop-ozone/integration-test/target/test-dir/MiniOzoneClusterImpl-1331a795-ed08-415d-924a-7661a5cf51a5/ozone-metadata/datanode-4/data-0/hdds
2025-09-13 17:32:35,092 [beda0dcb-37da-4cca-bea2-e222cb1bc351-EndpointStateMachineTaskThread-/0.0.0.0:15002-0 ] INFO  volume.StorageVolumeChecker (StorageVolumeChecker.java:checkAllVolumes(231)) - Scheduled health check for volume /home/runner/work/ozone/ozone/hadoop-ozone/integration-test/target/test-dir/MiniOzoneClusterImpl-1331a795-ed08-415d-924a-7661a5cf51a5/ozone-metadata/datanode-4/data-0/hdds
2025-09-13 17:32:35,104 [beda0dcb-37da-4cca-bea2-e222cb1bc351-EndpointStateMachineTaskThread-/0.0.0.0:15002-0 ] INFO  volume.ThrottledAsyncChecker (ThrottledAsyncChecker.java:schedule(138)) - Scheduling a check for /home/runner/work/ozone/ozone/hadoop-ozone/integration-test/target/test-dir/MiniOzoneClusterImpl-1331a795-ed08-415d-924a-7661a5cf51a5/ozone-metadata/datanode-4/ratis
2025-09-13 17:32:35,104 [beda0dcb-37da-4cca-bea2-e222cb1bc351-EndpointStateMachineTaskThread-/0.0.0.0:15002-0 ] INFO  volume.StorageVolumeChecker (StorageVolumeChecker.java:checkAllVolumes(231)) - Scheduled health check for volume /home/runner/work/ozone/ozone/hadoop-ozone/integration-test/target/test-dir/MiniOzoneClusterImpl-1331a795-ed08-415d-924a-7661a5cf51a5/ozone-metadata/datanode-4/ratis
2025-09-13 17:32:35,105 [beda0dcb-37da-4cca-bea2-e222cb1bc351-EndpointStateMachineTaskThread-/0.0.0.0:15002-0 ] INFO  ozoneimpl.OzoneContainer (OzoneContainer.java:start(525)) - Attempting to start container services.
2025-09-13 17:32:35,106 [ContainerDataScanner(/home/runner/work/ozone/ozone/hadoop-ozone/integration-test/target/test-dir/MiniOzoneClusterImpl-1331a795-ed08-415d-924a-7661a5cf51a5/ozone-metadata/datanode-4/data-0/hdds)] INFO  ozoneimpl.AbstractBackgroundContainerScanner (AbstractBackgroundContainerScanner.java:runIteration(89)) - Completed an iteration in 0 minutes. Number of iterations (since the data-node restart) : 1, Number of containers scanned in this iteration : 0, Number of unhealthy containers found in this iteration : 0
2025-09-13 17:32:35,107 [beda0dcb-37da-4cca-bea2-e222cb1bc351-EndpointStateMachineTaskThread-/0.0.0.0:15002-0 ] INFO  replication.ReplicationServer (ReplicationServer.java:start(137)) - ReplicationServer is started using port 15041
2025-09-13 17:32:35,107 [beda0dcb-37da-4cca-bea2-e222cb1bc351-EndpointStateMachineTaskThread-/0.0.0.0:15002-0 ] INFO  ratis.XceiverServerRatis (XceiverServerRatis.java:start(560)) - Starting XceiverServerRatis(beda0dcb-37da-4cca-bea2-e222cb1bc351)
2025-09-13 17:32:35,108 [ContainerMetadataScanner] INFO  ozoneimpl.AbstractBackgroundContainerScanner (AbstractBackgroundContainerScanner.java:runIteration(89)) - Completed an iteration in 0 minutes. Number of iterations (since the data-node restart) : 1, Number of containers scanned in this iteration : 1, Number of unhealthy containers found in this iteration : 0
2025-09-13 17:32:35,109 [beda0dcb-37da-4cca-bea2-e222cb1bc351-impl-thread1] INFO  server.RaftServerConfigKeys (ConfUtils.java:logGet(62)) - raft.server.storage.dir = [/home/runner/work/ozone/ozone/hadoop-ozone/integration-test/target/test-dir/MiniOzoneClusterImpl-1331a795-ed08-415d-924a-7661a5cf51a5/ozone-metadata/datanode-4/ratis] (custom)
2025-09-13 17:32:35,110 [beda0dcb-37da-4cca-bea2-e222cb1bc351-impl-thread1] INFO  storage.RaftStorageDirectory (RaftStorageDirectoryImpl.java:tryLock(229)) - Lock on /home/runner/work/ozone/ozone/hadoop-ozone/integration-test/target/test-dir/MiniOzoneClusterImpl-1331a795-ed08-415d-924a-7661a5cf51a5/ozone-metadata/datanode-4/ratis/07c43d0e-01cc-4cce-9f14-26ecf1d4e136/in_use.lock acquired by nodename 22846@localhost
2025-09-13 17:32:35,110 [beda0dcb-37da-4cca-bea2-e222cb1bc351-impl-thread2] INFO  storage.RaftStorageDirectory (RaftStorageDirectoryImpl.java:tryLock(229)) - Lock on /home/runner/work/ozone/ozone/hadoop-ozone/integration-test/target/test-dir/MiniOzoneClusterImpl-1331a795-ed08-415d-924a-7661a5cf51a5/ozone-metadata/datanode-4/ratis/7755b6c1-031a-4d9a-a8c0-23d9289878c2/in_use.lock acquired by nodename 22846@localhost
2025-09-13 17:32:35,110 [beda0dcb-37da-4cca-bea2-e222cb1bc351-impl-thread1] INFO  storage.RaftStorage (RaftStorageImpl.java:analyzeAndRecoverStorage(118)) - Read RaftStorageMetadata{term=1, votedFor=beda0dcb-37da-4cca-bea2-e222cb1bc351} from /home/runner/work/ozone/ozone/hadoop-ozone/integration-test/target/test-dir/MiniOzoneClusterImpl-1331a795-ed08-415d-924a-7661a5cf51a5/ozone-metadata/datanode-4/ratis/07c43d0e-01cc-4cce-9f14-26ecf1d4e136/current/raft-meta
2025-09-13 17:32:35,110 [beda0dcb-37da-4cca-bea2-e222cb1bc351-impl-thread2] INFO  storage.RaftStorage (RaftStorageImpl.java:analyzeAndRecoverStorage(118)) - Read RaftStorageMetadata{term=1, votedFor=beda0dcb-37da-4cca-bea2-e222cb1bc351} from /home/runner/work/ozone/ozone/hadoop-ozone/integration-test/target/test-dir/MiniOzoneClusterImpl-1331a795-ed08-415d-924a-7661a5cf51a5/ozone-metadata/datanode-4/ratis/7755b6c1-031a-4d9a-a8c0-23d9289878c2/current/raft-meta
2025-09-13 17:32:35,110 [beda0dcb-37da-4cca-bea2-e222cb1bc351-impl-thread3] INFO  storage.RaftStorageDirectory (RaftStorageDirectoryImpl.java:tryLock(229)) - Lock on /home/runner/work/ozone/ozone/hadoop-ozone/integration-test/target/test-dir/MiniOzoneClusterImpl-1331a795-ed08-415d-924a-7661a5cf51a5/ozone-metadata/datanode-4/ratis/79b5a704-a3b5-4a89-89e6-853f78db4750/in_use.lock acquired by nodename 22846@localhost
2025-09-13 17:32:35,110 [beda0dcb-37da-4cca-bea2-e222cb1bc351-impl-thread1] INFO  server.RaftServer$Division (ServerState.java:setRaftConf(386)) - beda0dcb-37da-4cca-bea2-e222cb1bc351@group-26ECF1D4E136: set configuration conf: {index: 0, cur=peers:[beda0dcb-37da-4cca-bea2-e222cb1bc351|127.0.0.1:15039]|listeners:[], old=null}
2025-09-13 17:32:35,110 [beda0dcb-37da-4cca-bea2-e222cb1bc351-impl-thread2] INFO  server.RaftServer$Division (ServerState.java:setRaftConf(386)) - beda0dcb-37da-4cca-bea2-e222cb1bc351@group-23D9289878C2: set configuration conf: {index: 0, cur=peers:[d3aade32-661d-499d-9068-ea1550ed8656|127.0.0.1:15055, beda0dcb-37da-4cca-bea2-e222cb1bc351|127.0.0.1:15039, e114cbd1-8f45-4cc5-a8b1-e2bd6cad48a0|127.0.0.1:15047]|listeners:[], old=null}
2025-09-13 17:32:35,110 [beda0dcb-37da-4cca-bea2-e222cb1bc351-impl-thread3] INFO  storage.RaftStorage (RaftStorageImpl.java:analyzeAndRecoverStorage(118)) - Read RaftStorageMetadata{term=1, votedFor=e114cbd1-8f45-4cc5-a8b1-e2bd6cad48a0} from /home/runner/work/ozone/ozone/hadoop-ozone/integration-test/target/test-dir/MiniOzoneClusterImpl-1331a795-ed08-415d-924a-7661a5cf51a5/ozone-metadata/datanode-4/ratis/79b5a704-a3b5-4a89-89e6-853f78db4750/current/raft-meta
2025-09-13 17:32:35,110 [beda0dcb-37da-4cca-bea2-e222cb1bc351-impl-thread2] INFO  ratis.ContainerStateMachine (ContainerStateMachine.java:initialize(339)) - beda0dcb-37da-4cca-bea2-e222cb1bc351: initialize group-23D9289878C2
2025-09-13 17:32:35,110 [beda0dcb-37da-4cca-bea2-e222cb1bc351-impl-thread1] INFO  ratis.ContainerStateMachine (ContainerStateMachine.java:initialize(339)) - beda0dcb-37da-4cca-bea2-e222cb1bc351: initialize group-26ECF1D4E136
2025-09-13 17:32:35,110 [beda0dcb-37da-4cca-bea2-e222cb1bc351-impl-thread2] INFO  ratis.ContainerStateMachine (ContainerStateMachine.java:loadSnapshot(356)) - group-23D9289878C2: Setting the last applied index to (t:1, i:4)
2025-09-13 17:32:35,110 [beda0dcb-37da-4cca-bea2-e222cb1bc351-impl-thread1] INFO  ratis.ContainerStateMachine (ContainerStateMachine.java:loadSnapshot(356)) - group-26ECF1D4E136: Setting the last applied index to (t:1, i:0)
2025-09-13 17:32:35,111 [beda0dcb-37da-4cca-bea2-e222cb1bc351-impl-thread3] INFO  server.RaftServer$Division (ServerState.java:setRaftConf(386)) - beda0dcb-37da-4cca-bea2-e222cb1bc351@group-853F78DB4750: set configuration conf: {index: 0, cur=peers:[d3aade32-661d-499d-9068-ea1550ed8656|127.0.0.1:15055, beda0dcb-37da-4cca-bea2-e222cb1bc351|127.0.0.1:15039, e114cbd1-8f45-4cc5-a8b1-e2bd6cad48a0|127.0.0.1:15047]|listeners:[], old=null}
2025-09-13 17:32:35,111 [beda0dcb-37da-4cca-bea2-e222cb1bc351-impl-thread1] INFO  server.RaftServerConfigKeys (ConfUtils.java:logGet(62)) - raft.server.log.appender.buffer.byte-limit = 33554432 (custom)
2025-09-13 17:32:35,111 [beda0dcb-37da-4cca-bea2-e222cb1bc351-impl-thread3] INFO  ratis.ContainerStateMachine (ContainerStateMachine.java:initialize(339)) - beda0dcb-37da-4cca-bea2-e222cb1bc351: initialize group-853F78DB4750
2025-09-13 17:32:35,111 [beda0dcb-37da-4cca-bea2-e222cb1bc351-impl-thread3] INFO  ratis.ContainerStateMachine (ContainerStateMachine.java:loadSnapshot(356)) - group-853F78DB4750: Setting the last applied index to (t:1, i:0)
2025-09-13 17:32:35,111 [beda0dcb-37da-4cca-bea2-e222cb1bc351-impl-thread2] INFO  server.RaftServerConfigKeys (ConfUtils.java:logGet(62)) - raft.server.log.appender.buffer.byte-limit = 33554432 (custom)
2025-09-13 17:32:35,111 [beda0dcb-37da-4cca-bea2-e222cb1bc351-impl-thread3] INFO  server.RaftServerConfigKeys (ConfUtils.java:logGet(62)) - raft.server.log.appender.buffer.byte-limit = 33554432 (custom)
2025-09-13 17:32:35,122 [beda0dcb-37da-4cca-bea2-e222cb1bc351-impl-thread1] INFO  server.RaftServerConfigKeys (ConfUtils.java:logGet(62)) - raft.server.log.segment.size.max = 67108864 (custom)
2025-09-13 17:32:35,123 [beda0dcb-37da-4cca-bea2-e222cb1bc351-impl-thread3] INFO  server.RaftServerConfigKeys (ConfUtils.java:logGet(62)) - raft.server.log.segment.size.max = 67108864 (custom)
2025-09-13 17:32:35,123 [beda0dcb-37da-4cca-bea2-e222cb1bc351-impl-thread2] INFO  server.RaftServerConfigKeys (ConfUtils.java:logGet(62)) - raft.server.log.segment.size.max = 67108864 (custom)
2025-09-13 17:32:35,124 [beda0dcb-37da-4cca-bea2-e222cb1bc351-impl-thread1] INFO  server.RaftServerConfigKeys (ConfUtils.java:logGet(62)) - raft.server.log.appender.buffer.byte-limit = 33554432 (custom)
2025-09-13 17:32:35,124 [beda0dcb-37da-4cca-bea2-e222cb1bc351-impl-thread2] INFO  server.RaftServerConfigKeys (ConfUtils.java:logGet(62)) - raft.server.log.appender.buffer.byte-limit = 33554432 (custom)
2025-09-13 17:32:35,124 [beda0dcb-37da-4cca-bea2-e222cb1bc351-impl-thread1] INFO  util.AwaitToRun (AwaitToRun.java:start(81)) - Thread[#2265,beda0dcb-37da-4cca-bea2-e222cb1bc351@group-26ECF1D4E136-cacheEviction-AwaitToRun,5,main] started
2025-09-13 17:32:35,125 [beda0dcb-37da-4cca-bea2-e222cb1bc351-impl-thread1] INFO  segmented.SegmentedRaftLogWorker (SegmentedRaftLogWorker.java:<init>(190)) - new beda0dcb-37da-4cca-bea2-e222cb1bc351@group-26ECF1D4E136-SegmentedRaftLogWorker for RaftStorageImpl:Storage Directory /home/runner/work/ozone/ozone/hadoop-ozone/integration-test/target/test-dir/MiniOzoneClusterImpl-1331a795-ed08-415d-924a-7661a5cf51a5/ozone-metadata/datanode-4/ratis/07c43d0e-01cc-4cce-9f14-26ecf1d4e136
2025-09-13 17:32:35,125 [beda0dcb-37da-4cca-bea2-e222cb1bc351-impl-thread3] INFO  server.RaftServerConfigKeys (ConfUtils.java:logGet(62)) - raft.server.log.appender.buffer.byte-limit = 33554432 (custom)
2025-09-13 17:32:35,125 [beda0dcb-37da-4cca-bea2-e222cb1bc351-impl-thread1] INFO  server.RaftServerConfigKeys (ConfUtils.java:logGet(62)) - raft.server.log.queue.byte-limit = 4294967296 (custom)
2025-09-13 17:32:35,125 [beda0dcb-37da-4cca-bea2-e222cb1bc351-impl-thread1] INFO  server.RaftServerConfigKeys (ConfUtils.java:logGet(62)) - raft.server.log.segment.size.max = 67108864 (custom)
2025-09-13 17:32:35,125 [beda0dcb-37da-4cca-bea2-e222cb1bc351-impl-thread1] INFO  server.RaftServerConfigKeys (ConfUtils.java:logGet(62)) - raft.server.log.preallocated.size = 4194304 (custom)
2025-09-13 17:32:35,125 [beda0dcb-37da-4cca-bea2-e222cb1bc351-impl-thread1] INFO  server.RaftServerConfigKeys (ConfUtils.java:logGet(62)) - raft.server.log.write.buffer.size = 33554440 (custom)
2025-09-13 17:32:35,125 [beda0dcb-37da-4cca-bea2-e222cb1bc351-impl-thread2] INFO  util.AwaitToRun (AwaitToRun.java:start(81)) - Thread[#2266,beda0dcb-37da-4cca-bea2-e222cb1bc351@group-23D9289878C2-cacheEviction-AwaitToRun,5,main] started
2025-09-13 17:32:35,125 [beda0dcb-37da-4cca-bea2-e222cb1bc351-impl-thread2] INFO  segmented.SegmentedRaftLogWorker (SegmentedRaftLogWorker.java:<init>(190)) - new beda0dcb-37da-4cca-bea2-e222cb1bc351@group-23D9289878C2-SegmentedRaftLogWorker for RaftStorageImpl:Storage Directory /home/runner/work/ozone/ozone/hadoop-ozone/integration-test/target/test-dir/MiniOzoneClusterImpl-1331a795-ed08-415d-924a-7661a5cf51a5/ozone-metadata/datanode-4/ratis/7755b6c1-031a-4d9a-a8c0-23d9289878c2
2025-09-13 17:32:35,125 [beda0dcb-37da-4cca-bea2-e222cb1bc351-impl-thread2] INFO  server.RaftServerConfigKeys (ConfUtils.java:logGet(62)) - raft.server.log.queue.byte-limit = 4294967296 (custom)
2025-09-13 17:32:35,125 [beda0dcb-37da-4cca-bea2-e222cb1bc351-impl-thread2] INFO  server.RaftServerConfigKeys (ConfUtils.java:logGet(62)) - raft.server.log.segment.size.max = 67108864 (custom)
2025-09-13 17:32:35,126 [beda0dcb-37da-4cca-bea2-e222cb1bc351-impl-thread2] INFO  server.RaftServerConfigKeys (ConfUtils.java:logGet(62)) - raft.server.log.preallocated.size = 4194304 (custom)
2025-09-13 17:32:35,126 [beda0dcb-37da-4cca-bea2-e222cb1bc351-impl-thread3] INFO  util.AwaitToRun (AwaitToRun.java:start(81)) - Thread[#2267,beda0dcb-37da-4cca-bea2-e222cb1bc351@group-853F78DB4750-cacheEviction-AwaitToRun,5,main] started
2025-09-13 17:32:35,126 [beda0dcb-37da-4cca-bea2-e222cb1bc351-impl-thread3] INFO  segmented.SegmentedRaftLogWorker (SegmentedRaftLogWorker.java:<init>(190)) - new beda0dcb-37da-4cca-bea2-e222cb1bc351@group-853F78DB4750-SegmentedRaftLogWorker for RaftStorageImpl:Storage Directory /home/runner/work/ozone/ozone/hadoop-ozone/integration-test/target/test-dir/MiniOzoneClusterImpl-1331a795-ed08-415d-924a-7661a5cf51a5/ozone-metadata/datanode-4/ratis/79b5a704-a3b5-4a89-89e6-853f78db4750
2025-09-13 17:32:35,126 [beda0dcb-37da-4cca-bea2-e222cb1bc351-impl-thread3] INFO  server.RaftServerConfigKeys (ConfUtils.java:logGet(62)) - raft.server.log.queue.byte-limit = 4294967296 (custom)
2025-09-13 17:32:35,126 [beda0dcb-37da-4cca-bea2-e222cb1bc351-impl-thread3] INFO  server.RaftServerConfigKeys (ConfUtils.java:logGet(62)) - raft.server.log.segment.size.max = 67108864 (custom)
2025-09-13 17:32:35,126 [beda0dcb-37da-4cca-bea2-e222cb1bc351-impl-thread3] INFO  server.RaftServerConfigKeys (ConfUtils.java:logGet(62)) - raft.server.log.preallocated.size = 4194304 (custom)
2025-09-13 17:32:35,128 [beda0dcb-37da-4cca-bea2-e222cb1bc351-impl-thread3] INFO  server.RaftServerConfigKeys (ConfUtils.java:logGet(62)) - raft.server.log.write.buffer.size = 33554440 (custom)
2025-09-13 17:32:35,129 [beda0dcb-37da-4cca-bea2-e222cb1bc351-impl-thread2] INFO  server.RaftServerConfigKeys (ConfUtils.java:logGet(62)) - raft.server.log.write.buffer.size = 33554440 (custom)
2025-09-13 17:32:35,132 [beda0dcb-37da-4cca-bea2-e222cb1bc351-impl-thread1] INFO  server.RaftServerConfigKeys (ConfUtils.java:logGet(62)) - raft.server.log.appender.buffer.byte-limit = 33554432 (custom)
2025-09-13 17:32:35,134 [beda0dcb-37da-4cca-bea2-e222cb1bc351-impl-thread1] INFO  server.RaftServer$Division (ServerState.java:setRaftConf(386)) - beda0dcb-37da-4cca-bea2-e222cb1bc351@group-26ECF1D4E136: set configuration conf: {index: 0, cur=peers:[beda0dcb-37da-4cca-bea2-e222cb1bc351|127.0.0.1:15039]|listeners:[], old=null}
2025-09-13 17:32:35,134 [beda0dcb-37da-4cca-bea2-e222cb1bc351-impl-thread1] INFO  segmented.LogSegment (LogSegment.java:loadSegment(171)) - Successfully read 1 entries from segment file /home/runner/work/ozone/ozone/hadoop-ozone/integration-test/target/test-dir/MiniOzoneClusterImpl-1331a795-ed08-415d-924a-7661a5cf51a5/ozone-metadata/datanode-4/ratis/07c43d0e-01cc-4cce-9f14-26ecf1d4e136/current/log_inprogress_0
2025-09-13 17:32:35,135 [beda0dcb-37da-4cca-bea2-e222cb1bc351-impl-thread1] INFO  segmented.SegmentedRaftLogWorker (SegmentedRaftLogWorker.java:lambda$new$0(141)) - beda0dcb-37da-4cca-bea2-e222cb1bc351@group-26ECF1D4E136-SegmentedRaftLogWorker: safeCacheEvictIndex: setUnconditionally 0 -> -1
2025-09-13 17:32:35,135 [beda0dcb-37da-4cca-bea2-e222cb1bc351-impl-thread1] INFO  segmented.BufferedWriteChannel (BufferedWriteChannel.java:open(61)) - open log_inprogress_0 (append) at position 129
2025-09-13 17:32:35,136 [beda0dcb-37da-4cca-bea2-e222cb1bc351-impl-thread1] INFO  server.RaftServer$Division (RaftServerImpl.java:start(405)) - beda0dcb-37da-4cca-bea2-e222cb1bc351@group-26ECF1D4E136: start as a follower, conf=conf: {index: 0, cur=peers:[beda0dcb-37da-4cca-bea2-e222cb1bc351|127.0.0.1:15039]|listeners:[], old=null}
2025-09-13 17:32:35,136 [beda0dcb-37da-4cca-bea2-e222cb1bc351-impl-thread1] INFO  server.RaftServer$Division (RaftServerImpl.java:setRole(392)) - beda0dcb-37da-4cca-bea2-e222cb1bc351@group-26ECF1D4E136: changes role from      null to FOLLOWER at term 1 for startAsFollower
2025-09-13 17:32:35,136 [beda0dcb-37da-4cca-bea2-e222cb1bc351-impl-thread2] INFO  server.RaftServerConfigKeys (ConfUtils.java:logGet(62)) - raft.server.log.appender.buffer.byte-limit = 33554432 (custom)
2025-09-13 17:32:35,136 [beda0dcb-37da-4cca-bea2-e222cb1bc351-impl-thread1] INFO  impl.RoleInfo (RoleInfo.java:updateAndGet(148)) - beda0dcb-37da-4cca-bea2-e222cb1bc351: start beda0dcb-37da-4cca-bea2-e222cb1bc351@group-26ECF1D4E136-FollowerState
2025-09-13 17:32:35,137 [beda0dcb-37da-4cca-bea2-e222cb1bc351-impl-thread3] INFO  server.RaftServerConfigKeys (ConfUtils.java:logGet(62)) - raft.server.log.appender.buffer.byte-limit = 33554432 (custom)
2025-09-13 17:32:35,137 [beda0dcb-37da-4cca-bea2-e222cb1bc351-impl-thread3] INFO  server.RaftServer$Division (ServerState.java:setRaftConf(386)) - beda0dcb-37da-4cca-bea2-e222cb1bc351@group-853F78DB4750: set configuration conf: {index: 0, cur=peers:[d3aade32-661d-499d-9068-ea1550ed8656|127.0.0.1:15055, beda0dcb-37da-4cca-bea2-e222cb1bc351|127.0.0.1:15039, e114cbd1-8f45-4cc5-a8b1-e2bd6cad48a0|127.0.0.1:15047]|listeners:[], old=null}
2025-09-13 17:32:35,137 [beda0dcb-37da-4cca-bea2-e222cb1bc351-impl-thread3] INFO  segmented.LogSegment (LogSegment.java:loadSegment(171)) - Successfully read 1 entries from segment file /home/runner/work/ozone/ozone/hadoop-ozone/integration-test/target/test-dir/MiniOzoneClusterImpl-1331a795-ed08-415d-924a-7661a5cf51a5/ozone-metadata/datanode-4/ratis/79b5a704-a3b5-4a89-89e6-853f78db4750/current/log_inprogress_0
2025-09-13 17:32:35,138 [beda0dcb-37da-4cca-bea2-e222cb1bc351-impl-thread2] INFO  server.RaftServer$Division (ServerState.java:setRaftConf(386)) - beda0dcb-37da-4cca-bea2-e222cb1bc351@group-23D9289878C2: set configuration conf: {index: 0, cur=peers:[d3aade32-661d-499d-9068-ea1550ed8656|127.0.0.1:15055, beda0dcb-37da-4cca-bea2-e222cb1bc351|127.0.0.1:15039, e114cbd1-8f45-4cc5-a8b1-e2bd6cad48a0|127.0.0.1:15047]|listeners:[], old=null}
2025-09-13 17:32:35,138 [beda0dcb-37da-4cca-bea2-e222cb1bc351-impl-thread3] INFO  segmented.SegmentedRaftLogWorker (SegmentedRaftLogWorker.java:lambda$new$0(141)) - beda0dcb-37da-4cca-bea2-e222cb1bc351@group-853F78DB4750-SegmentedRaftLogWorker: safeCacheEvictIndex: setUnconditionally 0 -> -1
2025-09-13 17:32:35,138 [beda0dcb-37da-4cca-bea2-e222cb1bc351-impl-thread3] INFO  segmented.BufferedWriteChannel (BufferedWriteChannel.java:open(61)) - open log_inprogress_0 (append) at position 351
2025-09-13 17:32:35,138 [beda0dcb-37da-4cca-bea2-e222cb1bc351-impl-thread1] INFO  util.JmxRegister (JmxRegister.java:tryRegister(44)) - Successfully registered JMX Bean with object name Ratis:service=RaftServer,group=group-26ECF1D4E136,id=beda0dcb-37da-4cca-bea2-e222cb1bc351
2025-09-13 17:32:35,138 [beda0dcb-37da-4cca-bea2-e222cb1bc351-impl-thread1] INFO  util.JmxRegister (JmxRegister.java:register(58)) - register mxBean class org.apache.ratis.server.impl.RaftServerJmxAdapter as Ratis:service=RaftServer,group=group-26ECF1D4E136,id=beda0dcb-37da-4cca-bea2-e222cb1bc351
2025-09-13 17:32:35,138 [beda0dcb-37da-4cca-bea2-e222cb1bc351-impl-thread2] INFO  segmented.LogSegment (LogSegment.java:loadSegment(171)) - Successfully read 5 entries from segment file /home/runner/work/ozone/ozone/hadoop-ozone/integration-test/target/test-dir/MiniOzoneClusterImpl-1331a795-ed08-415d-924a-7661a5cf51a5/ozone-metadata/datanode-4/ratis/7755b6c1-031a-4d9a-a8c0-23d9289878c2/current/log_inprogress_0
2025-09-13 17:32:35,138 [beda0dcb-37da-4cca-bea2-e222cb1bc351-impl-thread2] INFO  segmented.SegmentedRaftLogWorker (SegmentedRaftLogWorker.java:lambda$new$0(141)) - beda0dcb-37da-4cca-bea2-e222cb1bc351@group-23D9289878C2-SegmentedRaftLogWorker: flushIndex: setUnconditionally 0 -> 4
2025-09-13 17:32:35,139 [beda0dcb-37da-4cca-bea2-e222cb1bc351-impl-thread2] INFO  segmented.SegmentedRaftLogWorker (SegmentedRaftLogWorker.java:lambda$new$0(141)) - beda0dcb-37da-4cca-bea2-e222cb1bc351@group-23D9289878C2-SegmentedRaftLogWorker: safeCacheEvictIndex: setUnconditionally 0 -> -1
2025-09-13 17:32:35,139 [beda0dcb-37da-4cca-bea2-e222cb1bc351-impl-thread3] INFO  server.RaftServer$Division (RaftServerImpl.java:start(405)) - beda0dcb-37da-4cca-bea2-e222cb1bc351@group-853F78DB4750: start as a follower, conf=conf: {index: 0, cur=peers:[d3aade32-661d-499d-9068-ea1550ed8656|127.0.0.1:15055, beda0dcb-37da-4cca-bea2-e222cb1bc351|127.0.0.1:15039, e114cbd1-8f45-4cc5-a8b1-e2bd6cad48a0|127.0.0.1:15047]|listeners:[], old=null}
2025-09-13 17:32:35,139 [beda0dcb-37da-4cca-bea2-e222cb1bc351-impl-thread3] INFO  server.RaftServer$Division (RaftServerImpl.java:setRole(392)) - beda0dcb-37da-4cca-bea2-e222cb1bc351@group-853F78DB4750: changes role from      null to FOLLOWER at term 1 for startAsFollower
2025-09-13 17:32:35,139 [beda0dcb-37da-4cca-bea2-e222cb1bc351-impl-thread3] INFO  impl.RoleInfo (RoleInfo.java:updateAndGet(148)) - beda0dcb-37da-4cca-bea2-e222cb1bc351: start beda0dcb-37da-4cca-bea2-e222cb1bc351@group-853F78DB4750-FollowerState
2025-09-13 17:32:35,139 [beda0dcb-37da-4cca-bea2-e222cb1bc351-impl-thread2] INFO  segmented.BufferedWriteChannel (BufferedWriteChannel.java:open(61)) - open log_inprogress_0 (append) at position 1544
2025-09-13 17:32:35,139 [beda0dcb-37da-4cca-bea2-e222cb1bc351-impl-thread3] INFO  util.JmxRegister (JmxRegister.java:tryRegister(44)) - Successfully registered JMX Bean with object name Ratis:service=RaftServer,group=group-853F78DB4750,id=beda0dcb-37da-4cca-bea2-e222cb1bc351
2025-09-13 17:32:35,139 [beda0dcb-37da-4cca-bea2-e222cb1bc351-impl-thread3] INFO  util.JmxRegister (JmxRegister.java:register(58)) - register mxBean class org.apache.ratis.server.impl.RaftServerJmxAdapter as Ratis:service=RaftServer,group=group-853F78DB4750,id=beda0dcb-37da-4cca-bea2-e222cb1bc351
2025-09-13 17:32:35,139 [beda0dcb-37da-4cca-bea2-e222cb1bc351-impl-thread2] INFO  server.RaftServer$Division (RaftServerImpl.java:start(405)) - beda0dcb-37da-4cca-bea2-e222cb1bc351@group-23D9289878C2: start as a follower, conf=conf: {index: 0, cur=peers:[d3aade32-661d-499d-9068-ea1550ed8656|127.0.0.1:15055, beda0dcb-37da-4cca-bea2-e222cb1bc351|127.0.0.1:15039, e114cbd1-8f45-4cc5-a8b1-e2bd6cad48a0|127.0.0.1:15047]|listeners:[], old=null}
2025-09-13 17:32:35,139 [beda0dcb-37da-4cca-bea2-e222cb1bc351-impl-thread2] INFO  server.RaftServer$Division (RaftServerImpl.java:setRole(392)) - beda0dcb-37da-4cca-bea2-e222cb1bc351@group-23D9289878C2: changes role from      null to FOLLOWER at term 1 for startAsFollower
2025-09-13 17:32:35,140 [beda0dcb-37da-4cca-bea2-e222cb1bc351-impl-thread2] INFO  impl.RoleInfo (RoleInfo.java:updateAndGet(148)) - beda0dcb-37da-4cca-bea2-e222cb1bc351: start beda0dcb-37da-4cca-bea2-e222cb1bc351@group-23D9289878C2-FollowerState
2025-09-13 17:32:35,140 [beda0dcb-37da-4cca-bea2-e222cb1bc351-impl-thread1] INFO  server.RaftServer$Division (RaftServerImpl.java:start(419)) - beda0dcb-37da-4cca-bea2-e222cb1bc351@group-26ECF1D4E136: Successfully started.
2025-09-13 17:32:35,140 [beda0dcb-37da-4cca-bea2-e222cb1bc351-impl-thread3] INFO  server.RaftServer$Division (RaftServerImpl.java:start(419)) - beda0dcb-37da-4cca-bea2-e222cb1bc351@group-853F78DB4750: Successfully started.
2025-09-13 17:32:35,140 [beda0dcb-37da-4cca-bea2-e222cb1bc351-impl-thread2] INFO  util.JmxRegister (JmxRegister.java:tryRegister(44)) - Successfully registered JMX Bean with object name Ratis:service=RaftServer,group=group-23D9289878C2,id=beda0dcb-37da-4cca-bea2-e222cb1bc351
2025-09-13 17:32:35,140 [beda0dcb-37da-4cca-bea2-e222cb1bc351-impl-thread2] INFO  util.JmxRegister (JmxRegister.java:register(58)) - register mxBean class org.apache.ratis.server.impl.RaftServerJmxAdapter as Ratis:service=RaftServer,group=group-23D9289878C2,id=beda0dcb-37da-4cca-bea2-e222cb1bc351
2025-09-13 17:32:35,141 [beda0dcb-37da-4cca-bea2-e222cb1bc351-impl-thread2] INFO  server.RaftServer$Division (RaftServerImpl.java:start(419)) - beda0dcb-37da-4cca-bea2-e222cb1bc351@group-23D9289878C2: Successfully started.
2025-09-13 17:32:35,141 [beda0dcb-37da-4cca-bea2-e222cb1bc351-EndpointStateMachineTaskThread-/0.0.0.0:15002-0 ] INFO  server.RaftServer (RaftServerProxy.java:startImpl(412)) - beda0dcb-37da-4cca-bea2-e222cb1bc351: start RPC server
2025-09-13 17:32:35,142 [beda0dcb-37da-4cca-bea2-e222cb1bc351-EndpointStateMachineTaskThread-/0.0.0.0:15002-0 ] INFO  server.GrpcServicesImpl (GrpcServicesImpl.java:startImpl(346)) - beda0dcb-37da-4cca-bea2-e222cb1bc351: GrpcServicesImpl started, listening on 15037
2025-09-13 17:32:35,142 [beda0dcb-37da-4cca-bea2-e222cb1bc351-EndpointStateMachineTaskThread-/0.0.0.0:15002-0 ] INFO  server.GrpcServicesImpl (GrpcServicesImpl.java:startImpl(346)) - beda0dcb-37da-4cca-bea2-e222cb1bc351: GrpcServicesImpl started, listening on 15039
2025-09-13 17:32:35,142 [beda0dcb-37da-4cca-bea2-e222cb1bc351-EndpointStateMachineTaskThread-/0.0.0.0:15002-0 ] INFO  server.GrpcServicesImpl (GrpcServicesImpl.java:startImpl(346)) - beda0dcb-37da-4cca-bea2-e222cb1bc351: GrpcServicesImpl started, listening on 15038
2025-09-13 17:32:35,143 [beda0dcb-37da-4cca-bea2-e222cb1bc351-EndpointStateMachineTaskThread-/0.0.0.0:15002-0 ] INFO  ratis.XceiverServerRatis (XceiverServerRatis.java:getRealPort(587)) - XceiverServerRatis(beda0dcb-37da-4cca-bea2-e222cb1bc351) is started using port RATIS=15037
2025-09-13 17:32:35,143 [beda0dcb-37da-4cca-bea2-e222cb1bc351-EndpointStateMachineTaskThread-/0.0.0.0:15002-0 ] INFO  ratis.XceiverServerRatis (XceiverServerRatis.java:getRealPort(587)) - XceiverServerRatis(beda0dcb-37da-4cca-bea2-e222cb1bc351) is started using port RATIS_ADMIN=15038
2025-09-13 17:32:35,143 [beda0dcb-37da-4cca-bea2-e222cb1bc351-EndpointStateMachineTaskThread-/0.0.0.0:15002-0 ] INFO  ratis.XceiverServerRatis (XceiverServerRatis.java:getRealPort(587)) - XceiverServerRatis(beda0dcb-37da-4cca-bea2-e222cb1bc351) is started using port RATIS_SERVER=15039
2025-09-13 17:32:35,143 [beda0dcb-37da-4cca-bea2-e222cb1bc351-EndpointStateMachineTaskThread-/0.0.0.0:15002-0 ] INFO  ratis.XceiverServerRatis (XceiverServerRatis.java:getRealPort(587)) - XceiverServerRatis(beda0dcb-37da-4cca-bea2-e222cb1bc351) is started using port RATIS_DATASTREAM=15040
2025-09-13 17:32:35,143 [JvmPauseMonitor14] INFO  util.JvmPauseMonitor (JvmPauseMonitor.java:run(146)) - JvmPauseMonitor-beda0dcb-37da-4cca-bea2-e222cb1bc351: Started
2025-09-13 17:32:35,144 [beda0dcb-37da-4cca-bea2-e222cb1bc351-EndpointStateMachineTaskThread-/0.0.0.0:15002-0 ] INFO  utils.BackgroundService (BackgroundService.java:start(119)) - Starting service BlockDeletingService with interval 60000 milliseconds
2025-09-13 17:32:35,144 [beda0dcb-37da-4cca-bea2-e222cb1bc351-EndpointStateMachineTaskThread-/0.0.0.0:15002-0 ] INFO  utils.BackgroundService (BackgroundService.java:start(119)) - Starting service StaleRecoveringContainerScrubbingService with interval 60000 milliseconds
2025-09-13 17:32:35,574 [grpc-default-executor-1] INFO  server.RaftServer$Division (RaftServerImpl.java:setFirstElection(576)) - beda0dcb-37da-4cca-bea2-e222cb1bc351@group-23D9289878C2: set firstElectionSinceStartup to false for appendEntries
2025-09-13 17:32:35,574 [grpc-default-executor-1] INFO  ratis.XceiverServerRatis (XceiverServerRatis.java:handleLeaderChangedNotification(932)) - Leader change notification received for group: group-23D9289878C2 with new leaderId: e114cbd1-8f45-4cc5-a8b1-e2bd6cad48a0
2025-09-13 17:32:35,574 [grpc-default-executor-1] INFO  server.RaftServer$Division (ServerState.java:setLeader(272)) - beda0dcb-37da-4cca-bea2-e222cb1bc351@group-23D9289878C2: change Leader from null to e114cbd1-8f45-4cc5-a8b1-e2bd6cad48a0 at term 2 for appendEntries, leader elected after 1156ms
2025-09-13 17:32:35,574 [grpc-default-executor-1] INFO  server.RaftServer$Division (RaftServerImpl.java:checkInconsistentAppendEntries(1673)) - beda0dcb-37da-4cca-bea2-e222cb1bc351@group-23D9289878C2: Failed appendEntries as previous log entry ((t:2, i:6)) is not found
2025-09-13 17:32:35,575 [grpc-default-executor-1] INFO  server.RaftServer$Division (RaftServerImpl.java:appendEntriesAsync(1594)) - beda0dcb-37da-4cca-bea2-e222cb1bc351@group-23D9289878C2: appendEntries* reply e114cbd1-8f45-4cc5-a8b1-e2bd6cad48a0<-beda0dcb-37da-4cca-bea2-e222cb1bc351#889:FAIL-t1,INCONSISTENCY,nextIndex=5,followerCommit=4,matchIndex=-1
2025-09-13 17:32:35,577 [grpc-default-executor-1] WARN  server.GrpcLogAppender (GrpcLogAppender.java:lambda$onNextImpl$0(527)) - e114cbd1-8f45-4cc5-a8b1-e2bd6cad48a0@group-23D9289878C2->beda0dcb-37da-4cca-bea2-e222cb1bc351-AppendLogResponseHandler: received INCONSISTENCY reply with nextIndex 5, errorCount=9, request=AppendEntriesRequest:cid=889,entriesCount=0 
2025-09-13 17:32:35,577 [grpc-default-executor-1] INFO  leader.FollowerInfo (FollowerInfoImpl.java:info(70)) - e114cbd1-8f45-4cc5-a8b1-e2bd6cad48a0@group-23D9289878C2->beda0dcb-37da-4cca-bea2-e222cb1bc351: setNextIndex nextIndex: updateUnconditionally 7 -> 5
2025-09-13 17:32:35,578 [grpc-default-executor-1] INFO  server.RaftServer$Division (ServerState.java:setRaftConf(386)) - beda0dcb-37da-4cca-bea2-e222cb1bc351@group-23D9289878C2: set configuration conf: {index: 5, cur=peers:[d3aade32-661d-499d-9068-ea1550ed8656|127.0.0.1:15055, beda0dcb-37da-4cca-bea2-e222cb1bc351|127.0.0.1:15039, e114cbd1-8f45-4cc5-a8b1-e2bd6cad48a0|127.0.0.1:15047]|listeners:[], old=null}
2025-09-13 17:32:35,578 [grpc-default-executor-1] INFO  segmented.SegmentedRaftLogWorker (SegmentedRaftLogWorker.java:rollLogSegment(445)) - beda0dcb-37da-4cca-bea2-e222cb1bc351@group-23D9289878C2-SegmentedRaftLogWorker: Rolling segment log-0_4 to index:4
2025-09-13 17:32:35,579 [beda0dcb-37da-4cca-bea2-e222cb1bc351@group-23D9289878C2-SegmentedRaftLogWorker] INFO  segmented.SegmentedRaftLogWorker (SegmentedRaftLogWorker.java:execute(604)) - beda0dcb-37da-4cca-bea2-e222cb1bc351@group-23D9289878C2-SegmentedRaftLogWorker: Rolled log segment from /home/runner/work/ozone/ozone/hadoop-ozone/integration-test/target/test-dir/MiniOzoneClusterImpl-1331a795-ed08-415d-924a-7661a5cf51a5/ozone-metadata/datanode-4/ratis/7755b6c1-031a-4d9a-a8c0-23d9289878c2/current/log_inprogress_0 to /home/runner/work/ozone/ozone/hadoop-ozone/integration-test/target/test-dir/MiniOzoneClusterImpl-1331a795-ed08-415d-924a-7661a5cf51a5/ozone-metadata/datanode-4/ratis/7755b6c1-031a-4d9a-a8c0-23d9289878c2/current/log_0-4
2025-09-13 17:32:35,579 [beda0dcb-37da-4cca-bea2-e222cb1bc351@group-23D9289878C2-SegmentedRaftLogWorker] INFO  segmented.BufferedWriteChannel (BufferedWriteChannel.java:open(61)) - open log_inprogress_5 at position 0
2025-09-13 17:32:35,585 [beda0dcb-37da-4cca-bea2-e222cb1bc351@group-23D9289878C2-SegmentedRaftLogWorker] INFO  segmented.SegmentedRaftLogWorker (SegmentedRaftLogWorker.java:execute(647)) - beda0dcb-37da-4cca-bea2-e222cb1bc351@group-23D9289878C2-SegmentedRaftLogWorker: created new log segment /home/runner/work/ozone/ozone/hadoop-ozone/integration-test/target/test-dir/MiniOzoneClusterImpl-1331a795-ed08-415d-924a-7661a5cf51a5/ozone-metadata/datanode-4/ratis/7755b6c1-031a-4d9a-a8c0-23d9289878c2/current/log_inprogress_5
2025-09-13 17:32:35,981 [d3aade32-661d-499d-9068-ea1550ed8656@group-853F78DB4750-FollowerState] INFO  impl.FollowerState (FollowerState.java:runImpl(161)) - d3aade32-661d-499d-9068-ea1550ed8656@group-853F78DB4750-FollowerState: change to CANDIDATE, lastRpcElapsedTime:1083223642ns, electionTimeout:1082ms
2025-09-13 17:32:35,982 [d3aade32-661d-499d-9068-ea1550ed8656@group-853F78DB4750-FollowerState] INFO  impl.RoleInfo (RoleInfo.java:shutdownFollowerState(121)) - d3aade32-661d-499d-9068-ea1550ed8656: shutdown d3aade32-661d-499d-9068-ea1550ed8656@group-853F78DB4750-FollowerState
2025-09-13 17:32:35,982 [d3aade32-661d-499d-9068-ea1550ed8656@group-853F78DB4750-FollowerState] INFO  server.RaftServer$Division (RaftServerImpl.java:setRole(392)) - d3aade32-661d-499d-9068-ea1550ed8656@group-853F78DB4750: changes role from  FOLLOWER to CANDIDATE at term 1 for changeToCandidate
2025-09-13 17:32:35,982 [d3aade32-661d-499d-9068-ea1550ed8656@group-853F78DB4750-FollowerState] INFO  impl.RoleInfo (RoleInfo.java:updateAndGet(148)) - d3aade32-661d-499d-9068-ea1550ed8656: start d3aade32-661d-499d-9068-ea1550ed8656@group-853F78DB4750-LeaderElection136
2025-09-13 17:32:35,982 [d3aade32-661d-499d-9068-ea1550ed8656@group-853F78DB4750-LeaderElection136] INFO  impl.LeaderElection (LeaderElection.java:askForVotes(448)) - d3aade32-661d-499d-9068-ea1550ed8656@group-853F78DB4750-LeaderElection136 PRE_VOTE round 0: submit vote requests at term 1 for conf: {index: 0, cur=peers:[d3aade32-661d-499d-9068-ea1550ed8656|127.0.0.1:15055, beda0dcb-37da-4cca-bea2-e222cb1bc351|127.0.0.1:15039, e114cbd1-8f45-4cc5-a8b1-e2bd6cad48a0|127.0.0.1:15047]|listeners:[], old=null}
2025-09-13 17:32:35,983 [d3aade32-661d-499d-9068-ea1550ed8656@group-853F78DB4750-LeaderElection136-1] INFO  server.GrpcServerProtocolClient (GrpcServerProtocolClient.java:<init>(65)) - Build channel for beda0dcb-37da-4cca-bea2-e222cb1bc351|127.0.0.1:15039
2025-09-13 17:32:35,983 [d3aade32-661d-499d-9068-ea1550ed8656@group-853F78DB4750-LeaderElection136-2] INFO  server.GrpcServerProtocolClient (GrpcServerProtocolClient.java:<init>(65)) - Build channel for e114cbd1-8f45-4cc5-a8b1-e2bd6cad48a0|127.0.0.1:15047
2025-09-13 17:32:35,986 [grpc-default-executor-3] INFO  server.RaftServer$Division (RaftServerImpl.java:requestVote(1421)) - e114cbd1-8f45-4cc5-a8b1-e2bd6cad48a0@group-853F78DB4750: receive requestVote(PRE_VOTE, d3aade32-661d-499d-9068-ea1550ed8656, group-853F78DB4750, 1, (t:1, i:0))
2025-09-13 17:32:35,986 [grpc-default-executor-1] INFO  server.RaftServer$Division (RaftServerImpl.java:requestVote(1421)) - beda0dcb-37da-4cca-bea2-e222cb1bc351@group-853F78DB4750: receive requestVote(PRE_VOTE, d3aade32-661d-499d-9068-ea1550ed8656, group-853F78DB4750, 1, (t:1, i:0))
2025-09-13 17:32:35,986 [grpc-default-executor-3] INFO  impl.VoteContext (VoteContext.java:log(49)) - e114cbd1-8f45-4cc5-a8b1-e2bd6cad48a0@group-853F78DB4750-FOLLOWER: reject PRE_VOTE from d3aade32-661d-499d-9068-ea1550ed8656: our priority 1 > candidate's priority 0
2025-09-13 17:32:35,987 [grpc-default-executor-1] INFO  impl.VoteContext (VoteContext.java:log(49)) - beda0dcb-37da-4cca-bea2-e222cb1bc351@group-853F78DB4750-FOLLOWER: accept PRE_VOTE from d3aade32-661d-499d-9068-ea1550ed8656: our priority 0 <= candidate's priority 0
2025-09-13 17:32:35,987 [grpc-default-executor-3] INFO  server.RaftServer$Division (RaftServerImpl.java:requestVote(1455)) - e114cbd1-8f45-4cc5-a8b1-e2bd6cad48a0@group-853F78DB4750 replies to PRE_VOTE vote request: d3aade32-661d-499d-9068-ea1550ed8656<-e114cbd1-8f45-4cc5-a8b1-e2bd6cad48a0#0:FAIL-t1-last:(t:1, i:0). Peer's state: e114cbd1-8f45-4cc5-a8b1-e2bd6cad48a0@group-853F78DB4750:t1, leader=null, voted=e114cbd1-8f45-4cc5-a8b1-e2bd6cad48a0, raftlog=Memoized:e114cbd1-8f45-4cc5-a8b1-e2bd6cad48a0@group-853F78DB4750-SegmentedRaftLog:OPENED:c0:last(t:1, i:0), conf=conf: {index: 0, cur=peers:[d3aade32-661d-499d-9068-ea1550ed8656|127.0.0.1:15055, beda0dcb-37da-4cca-bea2-e222cb1bc351|127.0.0.1:15039, e114cbd1-8f45-4cc5-a8b1-e2bd6cad48a0|127.0.0.1:15047]|listeners:[], old=null}
2025-09-13 17:32:35,987 [grpc-default-executor-1] INFO  server.RaftServer$Division (RaftServerImpl.java:requestVote(1455)) - beda0dcb-37da-4cca-bea2-e222cb1bc351@group-853F78DB4750 replies to PRE_VOTE vote request: d3aade32-661d-499d-9068-ea1550ed8656<-beda0dcb-37da-4cca-bea2-e222cb1bc351#0:OK-t1-last:(t:1, i:0). Peer's state: beda0dcb-37da-4cca-bea2-e222cb1bc351@group-853F78DB4750:t1, leader=null, voted=e114cbd1-8f45-4cc5-a8b1-e2bd6cad48a0, raftlog=Memoized:beda0dcb-37da-4cca-bea2-e222cb1bc351@group-853F78DB4750-SegmentedRaftLog:OPENED:c0:last(t:1, i:0), conf=conf: {index: 0, cur=peers:[d3aade32-661d-499d-9068-ea1550ed8656|127.0.0.1:15055, beda0dcb-37da-4cca-bea2-e222cb1bc351|127.0.0.1:15039, e114cbd1-8f45-4cc5-a8b1-e2bd6cad48a0|127.0.0.1:15047]|listeners:[], old=null}
2025-09-13 17:32:35,988 [d3aade32-661d-499d-9068-ea1550ed8656@group-853F78DB4750-LeaderElection136] INFO  impl.LeaderElection (LeaderElection.java:logAndReturn(206)) - d3aade32-661d-499d-9068-ea1550ed8656@group-853F78DB4750-LeaderElection136: PRE_VOTE REJECTED received 1 response(s) and 0 exception(s):
2025-09-13 17:32:35,988 [d3aade32-661d-499d-9068-ea1550ed8656@group-853F78DB4750-LeaderElection136] INFO  impl.LeaderElection (LeaderElection.java:logAndReturn(210)) -   Response 0: d3aade32-661d-499d-9068-ea1550ed8656<-e114cbd1-8f45-4cc5-a8b1-e2bd6cad48a0#0:FAIL-t1-last:(t:1, i:0)
2025-09-13 17:32:35,988 [d3aade32-661d-499d-9068-ea1550ed8656@group-853F78DB4750-LeaderElection136] INFO  impl.LeaderElection (LeaderElection.java:askForVotes(450)) - d3aade32-661d-499d-9068-ea1550ed8656@group-853F78DB4750-LeaderElection136 PRE_VOTE round 0: result REJECTED
2025-09-13 17:32:35,988 [d3aade32-661d-499d-9068-ea1550ed8656@group-853F78DB4750-LeaderElection136] INFO  server.RaftServer$Division (RaftServerImpl.java:setRole(392)) - d3aade32-661d-499d-9068-ea1550ed8656@group-853F78DB4750: changes role from CANDIDATE to FOLLOWER at term 1 for REJECTED
2025-09-13 17:32:35,988 [d3aade32-661d-499d-9068-ea1550ed8656@group-853F78DB4750-LeaderElection136] INFO  impl.RoleInfo (RoleInfo.java:shutdownLeaderElection(141)) - d3aade32-661d-499d-9068-ea1550ed8656: shutdown d3aade32-661d-499d-9068-ea1550ed8656@group-853F78DB4750-LeaderElection136
2025-09-13 17:32:35,988 [d3aade32-661d-499d-9068-ea1550ed8656@group-853F78DB4750-LeaderElection136] INFO  impl.RoleInfo (RoleInfo.java:updateAndGet(148)) - d3aade32-661d-499d-9068-ea1550ed8656: start d3aade32-661d-499d-9068-ea1550ed8656@group-853F78DB4750-FollowerState
2025-09-13 17:32:35,988 [d3aade32-661d-499d-9068-ea1550ed8656@group-853F78DB4750-LeaderElection136] INFO  server.RaftServer$Division (RaftServerImpl.java:setFirstElection(576)) - d3aade32-661d-499d-9068-ea1550ed8656@group-853F78DB4750: set firstElectionSinceStartup to false for REJECTED
2025-09-13 17:32:36,065 [d3aade32-661d-499d-9068-ea1550ed8656@group-A2CF3D226E33-FollowerState] INFO  impl.FollowerState (FollowerState.java:runImpl(161)) - d3aade32-661d-499d-9068-ea1550ed8656@group-A2CF3D226E33-FollowerState: change to CANDIDATE, lastRpcElapsedTime:1166607791ns, electionTimeout:1166ms
2025-09-13 17:32:36,066 [d3aade32-661d-499d-9068-ea1550ed8656@group-A2CF3D226E33-FollowerState] INFO  impl.RoleInfo (RoleInfo.java:shutdownFollowerState(121)) - d3aade32-661d-499d-9068-ea1550ed8656: shutdown d3aade32-661d-499d-9068-ea1550ed8656@group-A2CF3D226E33-FollowerState
2025-09-13 17:32:36,066 [d3aade32-661d-499d-9068-ea1550ed8656@group-A2CF3D226E33-FollowerState] INFO  server.RaftServer$Division (RaftServerImpl.java:setRole(392)) - d3aade32-661d-499d-9068-ea1550ed8656@group-A2CF3D226E33: changes role from  FOLLOWER to CANDIDATE at term 1 for changeToCandidate
2025-09-13 17:32:36,066 [d3aade32-661d-499d-9068-ea1550ed8656@group-A2CF3D226E33-FollowerState] INFO  impl.RoleInfo (RoleInfo.java:updateAndGet(148)) - d3aade32-661d-499d-9068-ea1550ed8656: start d3aade32-661d-499d-9068-ea1550ed8656@group-A2CF3D226E33-LeaderElection137
2025-09-13 17:32:36,066 [d3aade32-661d-499d-9068-ea1550ed8656@group-A2CF3D226E33-LeaderElection137] INFO  impl.LeaderElection (LeaderElection.java:askForVotes(448)) - d3aade32-661d-499d-9068-ea1550ed8656@group-A2CF3D226E33-LeaderElection137 PRE_VOTE round 0: submit vote requests at term 1 for conf: {index: 0, cur=peers:[d3aade32-661d-499d-9068-ea1550ed8656|127.0.0.1:15055]|listeners:[], old=null}
2025-09-13 17:32:36,066 [d3aade32-661d-499d-9068-ea1550ed8656@group-A2CF3D226E33-LeaderElection137] INFO  impl.LeaderElection (LeaderElection.java:askForVotes(450)) - d3aade32-661d-499d-9068-ea1550ed8656@group-A2CF3D226E33-LeaderElection137 PRE_VOTE round 0: result PASSED (term=1)
2025-09-13 17:32:36,068 [d3aade32-661d-499d-9068-ea1550ed8656@group-A2CF3D226E33-LeaderElection137] INFO  impl.LeaderElection (LeaderElection.java:askForVotes(448)) - d3aade32-661d-499d-9068-ea1550ed8656@group-A2CF3D226E33-LeaderElection137 ELECTION round 0: submit vote requests at term 2 for conf: {index: 0, cur=peers:[d3aade32-661d-499d-9068-ea1550ed8656|127.0.0.1:15055]|listeners:[], old=null}
2025-09-13 17:32:36,068 [d3aade32-661d-499d-9068-ea1550ed8656@group-A2CF3D226E33-LeaderElection137] INFO  impl.LeaderElection (LeaderElection.java:askForVotes(450)) - d3aade32-661d-499d-9068-ea1550ed8656@group-A2CF3D226E33-LeaderElection137 ELECTION round 0: result PASSED (term=2)
2025-09-13 17:32:36,068 [d3aade32-661d-499d-9068-ea1550ed8656@group-A2CF3D226E33-LeaderElection137] INFO  impl.RoleInfo (RoleInfo.java:shutdownLeaderElection(141)) - d3aade32-661d-499d-9068-ea1550ed8656: shutdown d3aade32-661d-499d-9068-ea1550ed8656@group-A2CF3D226E33-LeaderElection137
2025-09-13 17:32:36,068 [d3aade32-661d-499d-9068-ea1550ed8656@group-A2CF3D226E33-LeaderElection137] INFO  server.RaftServer$Division (RaftServerImpl.java:setRole(392)) - d3aade32-661d-499d-9068-ea1550ed8656@group-A2CF3D226E33: changes role from CANDIDATE to LEADER at term 2 for changeToLeader
2025-09-13 17:32:36,068 [d3aade32-661d-499d-9068-ea1550ed8656@group-A2CF3D226E33-LeaderElection137] INFO  server.RaftServerConfigKeys (ConfUtils.java:logFallback(69)) - raft.server.staging.timeout = 3600ms (fallback to raft.server.rpc.timeout.max)
2025-09-13 17:32:36,068 [d3aade32-661d-499d-9068-ea1550ed8656@group-A2CF3D226E33-LeaderElection137] INFO  server.RaftServerConfigKeys (ConfUtils.java:logGet(62)) - raft.server.write.byte-limit = 1024 M (=1073741824) (custom)
2025-09-13 17:32:36,069 [d3aade32-661d-499d-9068-ea1550ed8656@group-A2CF3D226E33-LeaderElection137] INFO  impl.RoleInfo (RoleInfo.java:updateAndGet(148)) - d3aade32-661d-499d-9068-ea1550ed8656: start d3aade32-661d-499d-9068-ea1550ed8656@group-A2CF3D226E33-LeaderStateImpl
2025-09-13 17:32:36,069 [d3aade32-661d-499d-9068-ea1550ed8656@group-A2CF3D226E33-LeaderElection137] INFO  server.RaftServer$Division (RaftServerImpl.java:setFirstElection(576)) - d3aade32-661d-499d-9068-ea1550ed8656@group-A2CF3D226E33: set firstElectionSinceStartup to false for becomeLeader
2025-09-13 17:32:36,069 [d3aade32-661d-499d-9068-ea1550ed8656@group-A2CF3D226E33-LeaderElection137] INFO  ratis.XceiverServerRatis (XceiverServerRatis.java:handleLeaderChangedNotification(932)) - Leader change notification received for group: group-A2CF3D226E33 with new leaderId: d3aade32-661d-499d-9068-ea1550ed8656
2025-09-13 17:32:36,069 [d3aade32-661d-499d-9068-ea1550ed8656@group-A2CF3D226E33-LeaderElection137] INFO  server.RaftServer$Division (ServerState.java:setLeader(272)) - d3aade32-661d-499d-9068-ea1550ed8656@group-A2CF3D226E33: change Leader from null to d3aade32-661d-499d-9068-ea1550ed8656 at term 2 for becomeLeader, leader elected after 1897ms
2025-09-13 17:32:36,070 [d3aade32-661d-499d-9068-ea1550ed8656@group-A2CF3D226E33-LeaderElection137] INFO  segmented.SegmentedRaftLogWorker (SegmentedRaftLogWorker.java:rollLogSegment(445)) - d3aade32-661d-499d-9068-ea1550ed8656@group-A2CF3D226E33-SegmentedRaftLogWorker: Rolling segment log-0_0 to index:0
2025-09-13 17:32:36,070 [d3aade32-661d-499d-9068-ea1550ed8656@group-A2CF3D226E33-LeaderElection137] INFO  server.RaftServer$Division (ServerState.java:setRaftConf(386)) - d3aade32-661d-499d-9068-ea1550ed8656@group-A2CF3D226E33: set configuration conf: {index: 1, cur=peers:[d3aade32-661d-499d-9068-ea1550ed8656|127.0.0.1:15055]|listeners:[], old=null}
2025-09-13 17:32:36,071 [d3aade32-661d-499d-9068-ea1550ed8656@group-A2CF3D226E33-SegmentedRaftLogWorker] INFO  segmented.SegmentedRaftLogWorker (SegmentedRaftLogWorker.java:execute(604)) - d3aade32-661d-499d-9068-ea1550ed8656@group-A2CF3D226E33-SegmentedRaftLogWorker: Rolled log segment from /home/runner/work/ozone/ozone/hadoop-ozone/integration-test/target/test-dir/MiniOzoneClusterImpl-1331a795-ed08-415d-924a-7661a5cf51a5/ozone-metadata/datanode-6/ratis/de4f7cab-11b4-4055-aff7-a2cf3d226e33/current/log_inprogress_0 to /home/runner/work/ozone/ozone/hadoop-ozone/integration-test/target/test-dir/MiniOzoneClusterImpl-1331a795-ed08-415d-924a-7661a5cf51a5/ozone-metadata/datanode-6/ratis/de4f7cab-11b4-4055-aff7-a2cf3d226e33/current/log_0-0
2025-09-13 17:32:36,071 [d3aade32-661d-499d-9068-ea1550ed8656@group-A2CF3D226E33-SegmentedRaftLogWorker] INFO  segmented.BufferedWriteChannel (BufferedWriteChannel.java:open(61)) - open log_inprogress_1 at position 0
2025-09-13 17:32:36,077 [d3aade32-661d-499d-9068-ea1550ed8656@group-A2CF3D226E33-SegmentedRaftLogWorker] INFO  segmented.SegmentedRaftLogWorker (SegmentedRaftLogWorker.java:execute(647)) - d3aade32-661d-499d-9068-ea1550ed8656@group-A2CF3D226E33-SegmentedRaftLogWorker: created new log segment /home/runner/work/ozone/ozone/hadoop-ozone/integration-test/target/test-dir/MiniOzoneClusterImpl-1331a795-ed08-415d-924a-7661a5cf51a5/ozone-metadata/datanode-6/ratis/de4f7cab-11b4-4055-aff7-a2cf3d226e33/current/log_inprogress_1
2025-09-13 17:32:36,079 [d3aade32-661d-499d-9068-ea1550ed8656@group-A2CF3D226E33-StateMachineUpdater] INFO  server.RaftServer$Division (LeaderStateImpl.java:checkStartIndex(309)) - Leader d3aade32-661d-499d-9068-ea1550ed8656@group-A2CF3D226E33-LeaderStateImpl is ready since appliedIndex == startIndex == 1
2025-09-13 17:32:36,154 [e114cbd1-8f45-4cc5-a8b1-e2bd6cad48a0@group-853F78DB4750-FollowerState] INFO  impl.FollowerState (FollowerState.java:runImpl(161)) - e114cbd1-8f45-4cc5-a8b1-e2bd6cad48a0@group-853F78DB4750-FollowerState: change to CANDIDATE, lastRpcElapsedTime:1196244265ns, electionTimeout:1196ms
2025-09-13 17:32:36,154 [e114cbd1-8f45-4cc5-a8b1-e2bd6cad48a0@group-853F78DB4750-FollowerState] INFO  impl.RoleInfo (RoleInfo.java:shutdownFollowerState(121)) - e114cbd1-8f45-4cc5-a8b1-e2bd6cad48a0: shutdown e114cbd1-8f45-4cc5-a8b1-e2bd6cad48a0@group-853F78DB4750-FollowerState
2025-09-13 17:32:36,154 [e114cbd1-8f45-4cc5-a8b1-e2bd6cad48a0@group-853F78DB4750-FollowerState] INFO  server.RaftServer$Division (RaftServerImpl.java:setRole(392)) - e114cbd1-8f45-4cc5-a8b1-e2bd6cad48a0@group-853F78DB4750: changes role from  FOLLOWER to CANDIDATE at term 1 for changeToCandidate
2025-09-13 17:32:36,154 [e114cbd1-8f45-4cc5-a8b1-e2bd6cad48a0@group-853F78DB4750-FollowerState] INFO  impl.RoleInfo (RoleInfo.java:updateAndGet(148)) - e114cbd1-8f45-4cc5-a8b1-e2bd6cad48a0: start e114cbd1-8f45-4cc5-a8b1-e2bd6cad48a0@group-853F78DB4750-LeaderElection138
2025-09-13 17:32:36,155 [e114cbd1-8f45-4cc5-a8b1-e2bd6cad48a0@group-853F78DB4750-LeaderElection138] INFO  impl.LeaderElection (LeaderElection.java:askForVotes(448)) - e114cbd1-8f45-4cc5-a8b1-e2bd6cad48a0@group-853F78DB4750-LeaderElection138 PRE_VOTE round 0: submit vote requests at term 1 for conf: {index: 0, cur=peers:[d3aade32-661d-499d-9068-ea1550ed8656|127.0.0.1:15055, beda0dcb-37da-4cca-bea2-e222cb1bc351|127.0.0.1:15039, e114cbd1-8f45-4cc5-a8b1-e2bd6cad48a0|127.0.0.1:15047]|listeners:[], old=null}
2025-09-13 17:32:36,156 [grpc-default-executor-1] INFO  server.RaftServer$Division (RaftServerImpl.java:requestVote(1421)) - beda0dcb-37da-4cca-bea2-e222cb1bc351@group-853F78DB4750: receive requestVote(PRE_VOTE, e114cbd1-8f45-4cc5-a8b1-e2bd6cad48a0, group-853F78DB4750, 1, (t:1, i:0))
2025-09-13 17:32:36,156 [grpc-default-executor-0] INFO  server.RaftServer$Division (RaftServerImpl.java:requestVote(1421)) - d3aade32-661d-499d-9068-ea1550ed8656@group-853F78DB4750: receive requestVote(PRE_VOTE, e114cbd1-8f45-4cc5-a8b1-e2bd6cad48a0, group-853F78DB4750, 1, (t:1, i:0))
2025-09-13 17:32:36,156 [grpc-default-executor-1] INFO  impl.VoteContext (VoteContext.java:log(49)) - beda0dcb-37da-4cca-bea2-e222cb1bc351@group-853F78DB4750-FOLLOWER: accept PRE_VOTE from e114cbd1-8f45-4cc5-a8b1-e2bd6cad48a0: our priority 0 <= candidate's priority 1
2025-09-13 17:32:36,156 [grpc-default-executor-0] INFO  impl.VoteContext (VoteContext.java:log(49)) - d3aade32-661d-499d-9068-ea1550ed8656@group-853F78DB4750-FOLLOWER: accept PRE_VOTE from e114cbd1-8f45-4cc5-a8b1-e2bd6cad48a0: our priority 0 <= candidate's priority 1
2025-09-13 17:32:36,156 [grpc-default-executor-0] INFO  server.RaftServer$Division (RaftServerImpl.java:requestVote(1455)) - d3aade32-661d-499d-9068-ea1550ed8656@group-853F78DB4750 replies to PRE_VOTE vote request: e114cbd1-8f45-4cc5-a8b1-e2bd6cad48a0<-d3aade32-661d-499d-9068-ea1550ed8656#0:OK-t1-last:(t:1, i:0). Peer's state: d3aade32-661d-499d-9068-ea1550ed8656@group-853F78DB4750:t1, leader=null, voted=e114cbd1-8f45-4cc5-a8b1-e2bd6cad48a0, raftlog=Memoized:d3aade32-661d-499d-9068-ea1550ed8656@group-853F78DB4750-SegmentedRaftLog:OPENED:c0:last(t:1, i:0), conf=conf: {index: 0, cur=peers:[d3aade32-661d-499d-9068-ea1550ed8656|127.0.0.1:15055, beda0dcb-37da-4cca-bea2-e222cb1bc351|127.0.0.1:15039, e114cbd1-8f45-4cc5-a8b1-e2bd6cad48a0|127.0.0.1:15047]|listeners:[], old=null}
2025-09-13 17:32:36,156 [grpc-default-executor-1] INFO  server.RaftServer$Division (RaftServerImpl.java:requestVote(1455)) - beda0dcb-37da-4cca-bea2-e222cb1bc351@group-853F78DB4750 replies to PRE_VOTE vote request: e114cbd1-8f45-4cc5-a8b1-e2bd6cad48a0<-beda0dcb-37da-4cca-bea2-e222cb1bc351#0:OK-t1-last:(t:1, i:0). Peer's state: beda0dcb-37da-4cca-bea2-e222cb1bc351@group-853F78DB4750:t1, leader=null, voted=e114cbd1-8f45-4cc5-a8b1-e2bd6cad48a0, raftlog=Memoized:beda0dcb-37da-4cca-bea2-e222cb1bc351@group-853F78DB4750-SegmentedRaftLog:OPENED:c0:last(t:1, i:0), conf=conf: {index: 0, cur=peers:[d3aade32-661d-499d-9068-ea1550ed8656|127.0.0.1:15055, beda0dcb-37da-4cca-bea2-e222cb1bc351|127.0.0.1:15039, e114cbd1-8f45-4cc5-a8b1-e2bd6cad48a0|127.0.0.1:15047]|listeners:[], old=null}
2025-09-13 17:32:36,158 [e114cbd1-8f45-4cc5-a8b1-e2bd6cad48a0@group-853F78DB4750-LeaderElection138] INFO  impl.LeaderElection (LeaderElection.java:logAndReturn(206)) - e114cbd1-8f45-4cc5-a8b1-e2bd6cad48a0@group-853F78DB4750-LeaderElection138: PRE_VOTE PASSED received 1 response(s) and 0 exception(s):
2025-09-13 17:32:36,158 [e114cbd1-8f45-4cc5-a8b1-e2bd6cad48a0@group-853F78DB4750-LeaderElection138] INFO  impl.LeaderElection (LeaderElection.java:logAndReturn(210)) -   Response 0: e114cbd1-8f45-4cc5-a8b1-e2bd6cad48a0<-beda0dcb-37da-4cca-bea2-e222cb1bc351#0:OK-t1-last:(t:1, i:0)
2025-09-13 17:32:36,158 [e114cbd1-8f45-4cc5-a8b1-e2bd6cad48a0@group-853F78DB4750-LeaderElection138] INFO  impl.LeaderElection (LeaderElection.java:askForVotes(450)) - e114cbd1-8f45-4cc5-a8b1-e2bd6cad48a0@group-853F78DB4750-LeaderElection138 PRE_VOTE round 0: result PASSED
2025-09-13 17:32:36,159 [e114cbd1-8f45-4cc5-a8b1-e2bd6cad48a0@group-853F78DB4750-LeaderElection138] INFO  impl.LeaderElection (LeaderElection.java:askForVotes(448)) - e114cbd1-8f45-4cc5-a8b1-e2bd6cad48a0@group-853F78DB4750-LeaderElection138 ELECTION round 0: submit vote requests at term 2 for conf: {index: 0, cur=peers:[d3aade32-661d-499d-9068-ea1550ed8656|127.0.0.1:15055, beda0dcb-37da-4cca-bea2-e222cb1bc351|127.0.0.1:15039, e114cbd1-8f45-4cc5-a8b1-e2bd6cad48a0|127.0.0.1:15047]|listeners:[], old=null}
2025-09-13 17:32:36,160 [grpc-default-executor-0] INFO  server.RaftServer$Division (RaftServerImpl.java:requestVote(1421)) - beda0dcb-37da-4cca-bea2-e222cb1bc351@group-853F78DB4750: receive requestVote(ELECTION, e114cbd1-8f45-4cc5-a8b1-e2bd6cad48a0, group-853F78DB4750, 2, (t:1, i:0))
2025-09-13 17:32:36,160 [grpc-default-executor-0] INFO  impl.VoteContext (VoteContext.java:log(49)) - beda0dcb-37da-4cca-bea2-e222cb1bc351@group-853F78DB4750-FOLLOWER: accept ELECTION from e114cbd1-8f45-4cc5-a8b1-e2bd6cad48a0: our priority 0 <= candidate's priority 1
2025-09-13 17:32:36,160 [grpc-default-executor-0] INFO  server.RaftServer$Division (RaftServerImpl.java:setRole(392)) - beda0dcb-37da-4cca-bea2-e222cb1bc351@group-853F78DB4750: changes role from  FOLLOWER to FOLLOWER at term 1 for candidate:e114cbd1-8f45-4cc5-a8b1-e2bd6cad48a0
2025-09-13 17:32:36,160 [grpc-default-executor-0] INFO  impl.RoleInfo (RoleInfo.java:shutdownFollowerState(121)) - beda0dcb-37da-4cca-bea2-e222cb1bc351: shutdown beda0dcb-37da-4cca-bea2-e222cb1bc351@group-853F78DB4750-FollowerState
2025-09-13 17:32:36,160 [grpc-default-executor-0] INFO  impl.RoleInfo (RoleInfo.java:updateAndGet(148)) - beda0dcb-37da-4cca-bea2-e222cb1bc351: start beda0dcb-37da-4cca-bea2-e222cb1bc351@group-853F78DB4750-FollowerState
2025-09-13 17:32:36,161 [beda0dcb-37da-4cca-bea2-e222cb1bc351@group-853F78DB4750-FollowerState] INFO  impl.FollowerState (FollowerState.java:runImpl(170)) - beda0dcb-37da-4cca-bea2-e222cb1bc351@group-853F78DB4750-FollowerState was interrupted
2025-09-13 17:32:36,160 [grpc-default-executor-1] INFO  server.RaftServer$Division (RaftServerImpl.java:requestVote(1421)) - d3aade32-661d-499d-9068-ea1550ed8656@group-853F78DB4750: receive requestVote(ELECTION, e114cbd1-8f45-4cc5-a8b1-e2bd6cad48a0, group-853F78DB4750, 2, (t:1, i:0))
2025-09-13 17:32:36,161 [grpc-default-executor-1] INFO  impl.VoteContext (VoteContext.java:log(49)) - d3aade32-661d-499d-9068-ea1550ed8656@group-853F78DB4750-FOLLOWER: accept ELECTION from e114cbd1-8f45-4cc5-a8b1-e2bd6cad48a0: our priority 0 <= candidate's priority 1
2025-09-13 17:32:36,161 [grpc-default-executor-1] INFO  server.RaftServer$Division (RaftServerImpl.java:setRole(392)) - d3aade32-661d-499d-9068-ea1550ed8656@group-853F78DB4750: changes role from  FOLLOWER to FOLLOWER at term 1 for candidate:e114cbd1-8f45-4cc5-a8b1-e2bd6cad48a0
2025-09-13 17:32:36,161 [grpc-default-executor-1] INFO  impl.RoleInfo (RoleInfo.java:shutdownFollowerState(121)) - d3aade32-661d-499d-9068-ea1550ed8656: shutdown d3aade32-661d-499d-9068-ea1550ed8656@group-853F78DB4750-FollowerState
2025-09-13 17:32:36,161 [grpc-default-executor-1] INFO  impl.RoleInfo (RoleInfo.java:updateAndGet(148)) - d3aade32-661d-499d-9068-ea1550ed8656: start d3aade32-661d-499d-9068-ea1550ed8656@group-853F78DB4750-FollowerState
2025-09-13 17:32:36,161 [grpc-default-executor-0] INFO  server.RaftServer$Division (RaftServerImpl.java:setFirstElection(576)) - beda0dcb-37da-4cca-bea2-e222cb1bc351@group-853F78DB4750: set firstElectionSinceStartup to false for candidate:e114cbd1-8f45-4cc5-a8b1-e2bd6cad48a0
2025-09-13 17:32:36,161 [d3aade32-661d-499d-9068-ea1550ed8656@group-853F78DB4750-FollowerState] INFO  impl.FollowerState (FollowerState.java:runImpl(170)) - d3aade32-661d-499d-9068-ea1550ed8656@group-853F78DB4750-FollowerState was interrupted
2025-09-13 17:32:36,163 [grpc-default-executor-0] INFO  server.RaftServer$Division (RaftServerImpl.java:requestVote(1455)) - beda0dcb-37da-4cca-bea2-e222cb1bc351@group-853F78DB4750 replies to ELECTION vote request: e114cbd1-8f45-4cc5-a8b1-e2bd6cad48a0<-beda0dcb-37da-4cca-bea2-e222cb1bc351#0:OK-t2-last:(t:1, i:0). Peer's state: beda0dcb-37da-4cca-bea2-e222cb1bc351@group-853F78DB4750:t2, leader=null, voted=e114cbd1-8f45-4cc5-a8b1-e2bd6cad48a0, raftlog=Memoized:beda0dcb-37da-4cca-bea2-e222cb1bc351@group-853F78DB4750-SegmentedRaftLog:OPENED:c0:last(t:1, i:0), conf=conf: {index: 0, cur=peers:[d3aade32-661d-499d-9068-ea1550ed8656|127.0.0.1:15055, beda0dcb-37da-4cca-bea2-e222cb1bc351|127.0.0.1:15039, e114cbd1-8f45-4cc5-a8b1-e2bd6cad48a0|127.0.0.1:15047]|listeners:[], old=null}
2025-09-13 17:32:36,163 [grpc-default-executor-1] INFO  server.RaftServer$Division (RaftServerImpl.java:requestVote(1455)) - d3aade32-661d-499d-9068-ea1550ed8656@group-853F78DB4750 replies to ELECTION vote request: e114cbd1-8f45-4cc5-a8b1-e2bd6cad48a0<-d3aade32-661d-499d-9068-ea1550ed8656#0:OK-t2-last:(t:1, i:0). Peer's state: d3aade32-661d-499d-9068-ea1550ed8656@group-853F78DB4750:t2, leader=null, voted=e114cbd1-8f45-4cc5-a8b1-e2bd6cad48a0, raftlog=Memoized:d3aade32-661d-499d-9068-ea1550ed8656@group-853F78DB4750-SegmentedRaftLog:OPENED:c0:last(t:1, i:0), conf=conf: {index: 0, cur=peers:[d3aade32-661d-499d-9068-ea1550ed8656|127.0.0.1:15055, beda0dcb-37da-4cca-bea2-e222cb1bc351|127.0.0.1:15039, e114cbd1-8f45-4cc5-a8b1-e2bd6cad48a0|127.0.0.1:15047]|listeners:[], old=null}
2025-09-13 17:32:36,163 [e114cbd1-8f45-4cc5-a8b1-e2bd6cad48a0@group-853F78DB4750-LeaderElection138] INFO  impl.LeaderElection (LeaderElection.java:logAndReturn(206)) - e114cbd1-8f45-4cc5-a8b1-e2bd6cad48a0@group-853F78DB4750-LeaderElection138: ELECTION PASSED received 1 response(s) and 0 exception(s):
2025-09-13 17:32:36,163 [e114cbd1-8f45-4cc5-a8b1-e2bd6cad48a0@group-853F78DB4750-LeaderElection138] INFO  impl.LeaderElection (LeaderElection.java:logAndReturn(210)) -   Response 0: e114cbd1-8f45-4cc5-a8b1-e2bd6cad48a0<-d3aade32-661d-499d-9068-ea1550ed8656#0:OK-t2-last:(t:1, i:0)
2025-09-13 17:32:36,164 [e114cbd1-8f45-4cc5-a8b1-e2bd6cad48a0@group-853F78DB4750-LeaderElection138] INFO  impl.LeaderElection (LeaderElection.java:askForVotes(450)) - e114cbd1-8f45-4cc5-a8b1-e2bd6cad48a0@group-853F78DB4750-LeaderElection138 ELECTION round 0: result PASSED
2025-09-13 17:32:36,164 [e114cbd1-8f45-4cc5-a8b1-e2bd6cad48a0@group-853F78DB4750-LeaderElection138] INFO  impl.RoleInfo (RoleInfo.java:shutdownLeaderElection(141)) - e114cbd1-8f45-4cc5-a8b1-e2bd6cad48a0: shutdown e114cbd1-8f45-4cc5-a8b1-e2bd6cad48a0@group-853F78DB4750-LeaderElection138
2025-09-13 17:32:36,164 [e114cbd1-8f45-4cc5-a8b1-e2bd6cad48a0@group-853F78DB4750-LeaderElection138] INFO  server.RaftServer$Division (RaftServerImpl.java:setRole(392)) - e114cbd1-8f45-4cc5-a8b1-e2bd6cad48a0@group-853F78DB4750: changes role from CANDIDATE to LEADER at term 2 for changeToLeader
2025-09-13 17:32:36,164 [e114cbd1-8f45-4cc5-a8b1-e2bd6cad48a0@group-853F78DB4750-LeaderElection138] INFO  server.RaftServerConfigKeys (ConfUtils.java:logFallback(69)) - raft.server.staging.timeout = 3600ms (fallback to raft.server.rpc.timeout.max)
2025-09-13 17:32:36,164 [e114cbd1-8f45-4cc5-a8b1-e2bd6cad48a0@group-853F78DB4750-LeaderElection138] INFO  server.RaftServerConfigKeys (ConfUtils.java:logGet(62)) - raft.server.write.byte-limit = 1024 M (=1073741824) (custom)
2025-09-13 17:32:36,165 [e114cbd1-8f45-4cc5-a8b1-e2bd6cad48a0@group-853F78DB4750-LeaderElection138] INFO  server.RaftServerConfigKeys (ConfUtils.java:logGet(62)) - raft.server.log.appender.buffer.byte-limit = 33554432 (custom)
2025-09-13 17:32:36,166 [e114cbd1-8f45-4cc5-a8b1-e2bd6cad48a0@group-853F78DB4750-LeaderElection138] INFO  server.RaftServerConfigKeys (ConfUtils.java:logGet(62)) - raft.server.log.appender.buffer.byte-limit = 33554432 (custom)
2025-09-13 17:32:36,167 [e114cbd1-8f45-4cc5-a8b1-e2bd6cad48a0@group-853F78DB4750-LeaderElection138] INFO  impl.RoleInfo (RoleInfo.java:updateAndGet(148)) - e114cbd1-8f45-4cc5-a8b1-e2bd6cad48a0: start e114cbd1-8f45-4cc5-a8b1-e2bd6cad48a0@group-853F78DB4750-LeaderStateImpl
2025-09-13 17:32:36,167 [e114cbd1-8f45-4cc5-a8b1-e2bd6cad48a0@group-853F78DB4750-LeaderElection138] INFO  ratis.XceiverServerRatis (XceiverServerRatis.java:handleLeaderChangedNotification(932)) - Leader change notification received for group: group-853F78DB4750 with new leaderId: e114cbd1-8f45-4cc5-a8b1-e2bd6cad48a0
2025-09-13 17:32:36,167 [e114cbd1-8f45-4cc5-a8b1-e2bd6cad48a0@group-853F78DB4750-LeaderElection138] INFO  server.RaftServer$Division (ServerState.java:setLeader(272)) - e114cbd1-8f45-4cc5-a8b1-e2bd6cad48a0@group-853F78DB4750: change Leader from null to e114cbd1-8f45-4cc5-a8b1-e2bd6cad48a0 at term 2 for becomeLeader, leader elected after 66529ms
2025-09-13 17:32:36,167 [e114cbd1-8f45-4cc5-a8b1-e2bd6cad48a0@group-853F78DB4750-LeaderElection138] INFO  segmented.SegmentedRaftLogWorker (SegmentedRaftLogWorker.java:rollLogSegment(445)) - e114cbd1-8f45-4cc5-a8b1-e2bd6cad48a0@group-853F78DB4750-SegmentedRaftLogWorker: Rolling segment log-0_0 to index:0
2025-09-13 17:32:36,167 [e114cbd1-8f45-4cc5-a8b1-e2bd6cad48a0@group-853F78DB4750-LeaderElection138] INFO  server.RaftServer$Division (ServerState.java:setRaftConf(386)) - e114cbd1-8f45-4cc5-a8b1-e2bd6cad48a0@group-853F78DB4750: set configuration conf: {index: 1, cur=peers:[d3aade32-661d-499d-9068-ea1550ed8656|127.0.0.1:15055, beda0dcb-37da-4cca-bea2-e222cb1bc351|127.0.0.1:15039, e114cbd1-8f45-4cc5-a8b1-e2bd6cad48a0|127.0.0.1:15047]|listeners:[], old=null}
2025-09-13 17:32:36,167 [beda0dcb-37da-4cca-bea2-e222cb1bc351@group-26ECF1D4E136-FollowerState] INFO  impl.FollowerState (FollowerState.java:runImpl(161)) - beda0dcb-37da-4cca-bea2-e222cb1bc351@group-26ECF1D4E136-FollowerState: change to CANDIDATE, lastRpcElapsedTime:1030957332ns, electionTimeout:1030ms
2025-09-13 17:32:36,167 [beda0dcb-37da-4cca-bea2-e222cb1bc351@group-26ECF1D4E136-FollowerState] INFO  impl.RoleInfo (RoleInfo.java:shutdownFollowerState(121)) - beda0dcb-37da-4cca-bea2-e222cb1bc351: shutdown beda0dcb-37da-4cca-bea2-e222cb1bc351@group-26ECF1D4E136-FollowerState
2025-09-13 17:32:36,167 [beda0dcb-37da-4cca-bea2-e222cb1bc351@group-26ECF1D4E136-FollowerState] INFO  server.RaftServer$Division (RaftServerImpl.java:setRole(392)) - beda0dcb-37da-4cca-bea2-e222cb1bc351@group-26ECF1D4E136: changes role from  FOLLOWER to CANDIDATE at term 1 for changeToCandidate
2025-09-13 17:32:36,167 [beda0dcb-37da-4cca-bea2-e222cb1bc351@group-26ECF1D4E136-FollowerState] INFO  impl.RoleInfo (RoleInfo.java:updateAndGet(148)) - beda0dcb-37da-4cca-bea2-e222cb1bc351: start beda0dcb-37da-4cca-bea2-e222cb1bc351@group-26ECF1D4E136-LeaderElection139
2025-09-13 17:32:36,168 [e114cbd1-8f45-4cc5-a8b1-e2bd6cad48a0@group-853F78DB4750-SegmentedRaftLogWorker] INFO  segmented.SegmentedRaftLogWorker (SegmentedRaftLogWorker.java:execute(604)) - e114cbd1-8f45-4cc5-a8b1-e2bd6cad48a0@group-853F78DB4750-SegmentedRaftLogWorker: Rolled log segment from /home/runner/work/ozone/ozone/hadoop-ozone/integration-test/target/test-dir/MiniOzoneClusterImpl-1331a795-ed08-415d-924a-7661a5cf51a5/ozone-metadata/datanode-5/ratis/79b5a704-a3b5-4a89-89e6-853f78db4750/current/log_inprogress_0 to /home/runner/work/ozone/ozone/hadoop-ozone/integration-test/target/test-dir/MiniOzoneClusterImpl-1331a795-ed08-415d-924a-7661a5cf51a5/ozone-metadata/datanode-5/ratis/79b5a704-a3b5-4a89-89e6-853f78db4750/current/log_0-0
2025-09-13 17:32:36,169 [e114cbd1-8f45-4cc5-a8b1-e2bd6cad48a0@group-853F78DB4750-SegmentedRaftLogWorker] INFO  segmented.BufferedWriteChannel (BufferedWriteChannel.java:open(61)) - open log_inprogress_1 at position 0
2025-09-13 17:32:36,170 [beda0dcb-37da-4cca-bea2-e222cb1bc351@group-26ECF1D4E136-LeaderElection139] INFO  impl.LeaderElection (LeaderElection.java:askForVotes(448)) - beda0dcb-37da-4cca-bea2-e222cb1bc351@group-26ECF1D4E136-LeaderElection139 PRE_VOTE round 0: submit vote requests at term 1 for conf: {index: 0, cur=peers:[beda0dcb-37da-4cca-bea2-e222cb1bc351|127.0.0.1:15039]|listeners:[], old=null}
2025-09-13 17:32:36,171 [beda0dcb-37da-4cca-bea2-e222cb1bc351@group-26ECF1D4E136-LeaderElection139] INFO  impl.LeaderElection (LeaderElection.java:askForVotes(450)) - beda0dcb-37da-4cca-bea2-e222cb1bc351@group-26ECF1D4E136-LeaderElection139 PRE_VOTE round 0: result PASSED (term=1)
2025-09-13 17:32:36,171 [grpc-default-executor-0] INFO  ratis.XceiverServerRatis (XceiverServerRatis.java:handleLeaderChangedNotification(932)) - Leader change notification received for group: group-853F78DB4750 with new leaderId: e114cbd1-8f45-4cc5-a8b1-e2bd6cad48a0
2025-09-13 17:32:36,171 [grpc-default-executor-1] INFO  ratis.XceiverServerRatis (XceiverServerRatis.java:handleLeaderChangedNotification(932)) - Leader change notification received for group: group-853F78DB4750 with new leaderId: e114cbd1-8f45-4cc5-a8b1-e2bd6cad48a0
2025-09-13 17:32:36,171 [grpc-default-executor-0] INFO  server.RaftServer$Division (ServerState.java:setLeader(272)) - beda0dcb-37da-4cca-bea2-e222cb1bc351@group-853F78DB4750: change Leader from null to e114cbd1-8f45-4cc5-a8b1-e2bd6cad48a0 at term 2 for appendEntries, leader elected after 1765ms
2025-09-13 17:32:36,171 [grpc-default-executor-1] INFO  server.RaftServer$Division (ServerState.java:setLeader(272)) - d3aade32-661d-499d-9068-ea1550ed8656@group-853F78DB4750: change Leader from null to e114cbd1-8f45-4cc5-a8b1-e2bd6cad48a0 at term 2 for appendEntries, leader elected after 2005ms
2025-09-13 17:32:36,171 [grpc-default-executor-0] INFO  server.RaftServer$Division (ServerState.java:setRaftConf(386)) - beda0dcb-37da-4cca-bea2-e222cb1bc351@group-853F78DB4750: set configuration conf: {index: 1, cur=peers:[d3aade32-661d-499d-9068-ea1550ed8656|127.0.0.1:15055, beda0dcb-37da-4cca-bea2-e222cb1bc351|127.0.0.1:15039, e114cbd1-8f45-4cc5-a8b1-e2bd6cad48a0|127.0.0.1:15047]|listeners:[], old=null}
2025-09-13 17:32:36,171 [grpc-default-executor-0] INFO  segmented.SegmentedRaftLogWorker (SegmentedRaftLogWorker.java:rollLogSegment(445)) - beda0dcb-37da-4cca-bea2-e222cb1bc351@group-853F78DB4750-SegmentedRaftLogWorker: Rolling segment log-0_0 to index:0
2025-09-13 17:32:36,173 [beda0dcb-37da-4cca-bea2-e222cb1bc351@group-853F78DB4750-SegmentedRaftLogWorker] INFO  segmented.SegmentedRaftLogWorker (SegmentedRaftLogWorker.java:execute(604)) - beda0dcb-37da-4cca-bea2-e222cb1bc351@group-853F78DB4750-SegmentedRaftLogWorker: Rolled log segment from /home/runner/work/ozone/ozone/hadoop-ozone/integration-test/target/test-dir/MiniOzoneClusterImpl-1331a795-ed08-415d-924a-7661a5cf51a5/ozone-metadata/datanode-4/ratis/79b5a704-a3b5-4a89-89e6-853f78db4750/current/log_inprogress_0 to /home/runner/work/ozone/ozone/hadoop-ozone/integration-test/target/test-dir/MiniOzoneClusterImpl-1331a795-ed08-415d-924a-7661a5cf51a5/ozone-metadata/datanode-4/ratis/79b5a704-a3b5-4a89-89e6-853f78db4750/current/log_0-0
2025-09-13 17:32:36,174 [grpc-default-executor-1] INFO  server.RaftServer$Division (ServerState.java:setRaftConf(386)) - d3aade32-661d-499d-9068-ea1550ed8656@group-853F78DB4750: set configuration conf: {index: 1, cur=peers:[d3aade32-661d-499d-9068-ea1550ed8656|127.0.0.1:15055, beda0dcb-37da-4cca-bea2-e222cb1bc351|127.0.0.1:15039, e114cbd1-8f45-4cc5-a8b1-e2bd6cad48a0|127.0.0.1:15047]|listeners:[], old=null}
2025-09-13 17:32:36,174 [grpc-default-executor-1] INFO  segmented.SegmentedRaftLogWorker (SegmentedRaftLogWorker.java:rollLogSegment(445)) - d3aade32-661d-499d-9068-ea1550ed8656@group-853F78DB4750-SegmentedRaftLogWorker: Rolling segment log-0_0 to index:0
2025-09-13 17:32:36,174 [beda0dcb-37da-4cca-bea2-e222cb1bc351@group-26ECF1D4E136-LeaderElection139] INFO  impl.LeaderElection (LeaderElection.java:askForVotes(448)) - beda0dcb-37da-4cca-bea2-e222cb1bc351@group-26ECF1D4E136-LeaderElection139 ELECTION round 0: submit vote requests at term 2 for conf: {index: 0, cur=peers:[beda0dcb-37da-4cca-bea2-e222cb1bc351|127.0.0.1:15039]|listeners:[], old=null}
2025-09-13 17:32:36,175 [beda0dcb-37da-4cca-bea2-e222cb1bc351@group-26ECF1D4E136-LeaderElection139] INFO  impl.LeaderElection (LeaderElection.java:askForVotes(450)) - beda0dcb-37da-4cca-bea2-e222cb1bc351@group-26ECF1D4E136-LeaderElection139 ELECTION round 0: result PASSED (term=2)
2025-09-13 17:32:36,175 [beda0dcb-37da-4cca-bea2-e222cb1bc351@group-26ECF1D4E136-LeaderElection139] INFO  impl.RoleInfo (RoleInfo.java:shutdownLeaderElection(141)) - beda0dcb-37da-4cca-bea2-e222cb1bc351: shutdown beda0dcb-37da-4cca-bea2-e222cb1bc351@group-26ECF1D4E136-LeaderElection139
2025-09-13 17:32:36,175 [beda0dcb-37da-4cca-bea2-e222cb1bc351@group-26ECF1D4E136-LeaderElection139] INFO  server.RaftServer$Division (RaftServerImpl.java:setRole(392)) - beda0dcb-37da-4cca-bea2-e222cb1bc351@group-26ECF1D4E136: changes role from CANDIDATE to LEADER at term 2 for changeToLeader
2025-09-13 17:32:36,175 [beda0dcb-37da-4cca-bea2-e222cb1bc351@group-26ECF1D4E136-LeaderElection139] INFO  server.RaftServerConfigKeys (ConfUtils.java:logFallback(69)) - raft.server.staging.timeout = 3600ms (fallback to raft.server.rpc.timeout.max)
2025-09-13 17:32:36,176 [beda0dcb-37da-4cca-bea2-e222cb1bc351@group-26ECF1D4E136-LeaderElection139] INFO  server.RaftServerConfigKeys (ConfUtils.java:logGet(62)) - raft.server.write.byte-limit = 1024 M (=1073741824) (custom)
2025-09-13 17:32:36,174 [beda0dcb-37da-4cca-bea2-e222cb1bc351@group-853F78DB4750-SegmentedRaftLogWorker] INFO  segmented.BufferedWriteChannel (BufferedWriteChannel.java:open(61)) - open log_inprogress_1 at position 0
2025-09-13 17:32:36,176 [d3aade32-661d-499d-9068-ea1550ed8656@group-853F78DB4750-SegmentedRaftLogWorker] INFO  segmented.SegmentedRaftLogWorker (SegmentedRaftLogWorker.java:execute(604)) - d3aade32-661d-499d-9068-ea1550ed8656@group-853F78DB4750-SegmentedRaftLogWorker: Rolled log segment from /home/runner/work/ozone/ozone/hadoop-ozone/integration-test/target/test-dir/MiniOzoneClusterImpl-1331a795-ed08-415d-924a-7661a5cf51a5/ozone-metadata/datanode-6/ratis/79b5a704-a3b5-4a89-89e6-853f78db4750/current/log_inprogress_0 to /home/runner/work/ozone/ozone/hadoop-ozone/integration-test/target/test-dir/MiniOzoneClusterImpl-1331a795-ed08-415d-924a-7661a5cf51a5/ozone-metadata/datanode-6/ratis/79b5a704-a3b5-4a89-89e6-853f78db4750/current/log_0-0
2025-09-13 17:32:36,178 [e114cbd1-8f45-4cc5-a8b1-e2bd6cad48a0@group-853F78DB4750-SegmentedRaftLogWorker] INFO  segmented.SegmentedRaftLogWorker (SegmentedRaftLogWorker.java:execute(647)) - e114cbd1-8f45-4cc5-a8b1-e2bd6cad48a0@group-853F78DB4750-SegmentedRaftLogWorker: created new log segment /home/runner/work/ozone/ozone/hadoop-ozone/integration-test/target/test-dir/MiniOzoneClusterImpl-1331a795-ed08-415d-924a-7661a5cf51a5/ozone-metadata/datanode-5/ratis/79b5a704-a3b5-4a89-89e6-853f78db4750/current/log_inprogress_1
2025-09-13 17:32:36,178 [d3aade32-661d-499d-9068-ea1550ed8656@group-853F78DB4750-SegmentedRaftLogWorker] INFO  segmented.BufferedWriteChannel (BufferedWriteChannel.java:open(61)) - open log_inprogress_1 at position 0
2025-09-13 17:32:36,180 [beda0dcb-37da-4cca-bea2-e222cb1bc351@group-26ECF1D4E136-LeaderElection139] INFO  impl.RoleInfo (RoleInfo.java:updateAndGet(148)) - beda0dcb-37da-4cca-bea2-e222cb1bc351: start beda0dcb-37da-4cca-bea2-e222cb1bc351@group-26ECF1D4E136-LeaderStateImpl
2025-09-13 17:32:36,180 [beda0dcb-37da-4cca-bea2-e222cb1bc351@group-26ECF1D4E136-LeaderElection139] INFO  server.RaftServer$Division (RaftServerImpl.java:setFirstElection(576)) - beda0dcb-37da-4cca-bea2-e222cb1bc351@group-26ECF1D4E136: set firstElectionSinceStartup to false for becomeLeader
2025-09-13 17:32:36,180 [beda0dcb-37da-4cca-bea2-e222cb1bc351@group-26ECF1D4E136-LeaderElection139] INFO  ratis.XceiverServerRatis (XceiverServerRatis.java:handleLeaderChangedNotification(932)) - Leader change notification received for group: group-26ECF1D4E136 with new leaderId: beda0dcb-37da-4cca-bea2-e222cb1bc351
2025-09-13 17:32:36,180 [beda0dcb-37da-4cca-bea2-e222cb1bc351@group-26ECF1D4E136-LeaderElection139] INFO  server.RaftServer$Division (ServerState.java:setLeader(272)) - beda0dcb-37da-4cca-bea2-e222cb1bc351@group-26ECF1D4E136: change Leader from null to beda0dcb-37da-4cca-bea2-e222cb1bc351 at term 2 for becomeLeader, leader elected after 1767ms
2025-09-13 17:32:36,180 [beda0dcb-37da-4cca-bea2-e222cb1bc351@group-26ECF1D4E136-LeaderElection139] INFO  segmented.SegmentedRaftLogWorker (SegmentedRaftLogWorker.java:rollLogSegment(445)) - beda0dcb-37da-4cca-bea2-e222cb1bc351@group-26ECF1D4E136-SegmentedRaftLogWorker: Rolling segment log-0_0 to index:0
2025-09-13 17:32:36,180 [beda0dcb-37da-4cca-bea2-e222cb1bc351@group-26ECF1D4E136-LeaderElection139] INFO  server.RaftServer$Division (ServerState.java:setRaftConf(386)) - beda0dcb-37da-4cca-bea2-e222cb1bc351@group-26ECF1D4E136: set configuration conf: {index: 1, cur=peers:[beda0dcb-37da-4cca-bea2-e222cb1bc351|127.0.0.1:15039]|listeners:[], old=null}
2025-09-13 17:32:36,181 [beda0dcb-37da-4cca-bea2-e222cb1bc351@group-26ECF1D4E136-SegmentedRaftLogWorker] INFO  segmented.SegmentedRaftLogWorker (SegmentedRaftLogWorker.java:execute(604)) - beda0dcb-37da-4cca-bea2-e222cb1bc351@group-26ECF1D4E136-SegmentedRaftLogWorker: Rolled log segment from /home/runner/work/ozone/ozone/hadoop-ozone/integration-test/target/test-dir/MiniOzoneClusterImpl-1331a795-ed08-415d-924a-7661a5cf51a5/ozone-metadata/datanode-4/ratis/07c43d0e-01cc-4cce-9f14-26ecf1d4e136/current/log_inprogress_0 to /home/runner/work/ozone/ozone/hadoop-ozone/integration-test/target/test-dir/MiniOzoneClusterImpl-1331a795-ed08-415d-924a-7661a5cf51a5/ozone-metadata/datanode-4/ratis/07c43d0e-01cc-4cce-9f14-26ecf1d4e136/current/log_0-0
2025-09-13 17:32:36,181 [beda0dcb-37da-4cca-bea2-e222cb1bc351@group-26ECF1D4E136-SegmentedRaftLogWorker] INFO  segmented.BufferedWriteChannel (BufferedWriteChannel.java:open(61)) - open log_inprogress_1 at position 0
2025-09-13 17:32:36,185 [beda0dcb-37da-4cca-bea2-e222cb1bc351@group-853F78DB4750-SegmentedRaftLogWorker] INFO  segmented.SegmentedRaftLogWorker (SegmentedRaftLogWorker.java:execute(647)) - beda0dcb-37da-4cca-bea2-e222cb1bc351@group-853F78DB4750-SegmentedRaftLogWorker: created new log segment /home/runner/work/ozone/ozone/hadoop-ozone/integration-test/target/test-dir/MiniOzoneClusterImpl-1331a795-ed08-415d-924a-7661a5cf51a5/ozone-metadata/datanode-4/ratis/79b5a704-a3b5-4a89-89e6-853f78db4750/current/log_inprogress_1
2025-09-13 17:32:36,186 [d3aade32-661d-499d-9068-ea1550ed8656@group-853F78DB4750-SegmentedRaftLogWorker] INFO  segmented.SegmentedRaftLogWorker (SegmentedRaftLogWorker.java:execute(647)) - d3aade32-661d-499d-9068-ea1550ed8656@group-853F78DB4750-SegmentedRaftLogWorker: created new log segment /home/runner/work/ozone/ozone/hadoop-ozone/integration-test/target/test-dir/MiniOzoneClusterImpl-1331a795-ed08-415d-924a-7661a5cf51a5/ozone-metadata/datanode-6/ratis/79b5a704-a3b5-4a89-89e6-853f78db4750/current/log_inprogress_1
2025-09-13 17:32:36,189 [beda0dcb-37da-4cca-bea2-e222cb1bc351@group-26ECF1D4E136-SegmentedRaftLogWorker] INFO  segmented.SegmentedRaftLogWorker (SegmentedRaftLogWorker.java:execute(647)) - beda0dcb-37da-4cca-bea2-e222cb1bc351@group-26ECF1D4E136-SegmentedRaftLogWorker: created new log segment /home/runner/work/ozone/ozone/hadoop-ozone/integration-test/target/test-dir/MiniOzoneClusterImpl-1331a795-ed08-415d-924a-7661a5cf51a5/ozone-metadata/datanode-4/ratis/07c43d0e-01cc-4cce-9f14-26ecf1d4e136/current/log_inprogress_1
2025-09-13 17:32:36,190 [e114cbd1-8f45-4cc5-a8b1-e2bd6cad48a0@group-853F78DB4750-StateMachineUpdater] INFO  server.RaftServer$Division (LeaderStateImpl.java:checkStartIndex(309)) - Leader e114cbd1-8f45-4cc5-a8b1-e2bd6cad48a0@group-853F78DB4750-LeaderStateImpl is ready since appliedIndex == startIndex == 1
2025-09-13 17:32:36,191 [beda0dcb-37da-4cca-bea2-e222cb1bc351@group-26ECF1D4E136-StateMachineUpdater] INFO  server.RaftServer$Division (LeaderStateImpl.java:checkStartIndex(309)) - Leader beda0dcb-37da-4cca-bea2-e222cb1bc351@group-26ECF1D4E136-LeaderStateImpl is ready since appliedIndex == startIndex == 1
2025-09-13 17:32:36,787 [e114cbd1-8f45-4cc5-a8b1-e2bd6cad48a0@group-23D9289878C2-LeaderStateImpl] INFO  impl.TransferLeadership (TransferLeadership.java:tryTransferLeadership(258)) - e114cbd1-8f45-4cc5-a8b1-e2bd6cad48a0@group-23D9289878C2: start transferring leadership to beda0dcb-37da-4cca-bea2-e222cb1bc351
2025-09-13 17:32:36,787 [e114cbd1-8f45-4cc5-a8b1-e2bd6cad48a0@group-23D9289878C2-LeaderStateImpl] INFO  impl.TransferLeadership (TransferLeadership.java:sendStartLeaderElection(210)) - e114cbd1-8f45-4cc5-a8b1-e2bd6cad48a0@group-23D9289878C2: sendStartLeaderElection to follower beda0dcb-37da-4cca-bea2-e222cb1bc351, lastEntry=(t:2, i:6)
2025-09-13 17:32:36,789 [e114cbd1-8f45-4cc5-a8b1-e2bd6cad48a0@group-23D9289878C2-LeaderStateImpl] INFO  impl.TransferLeadership (TransferLeadership.java:tryTransferLeadership(266)) - e114cbd1-8f45-4cc5-a8b1-e2bd6cad48a0@group-23D9289878C2: SUCCESS sent StartLeaderElection to transferee beda0dcb-37da-4cca-bea2-e222cb1bc351 immediately as it already has up-to-date log
2025-09-13 17:32:36,790 [grpc-default-executor-1] INFO  impl.RoleInfo (RoleInfo.java:shutdownFollowerState(121)) - beda0dcb-37da-4cca-bea2-e222cb1bc351: shutdown beda0dcb-37da-4cca-bea2-e222cb1bc351@group-23D9289878C2-FollowerState
2025-09-13 17:32:36,790 [grpc-default-executor-1] INFO  server.RaftServer$Division (RaftServerImpl.java:setRole(392)) - beda0dcb-37da-4cca-bea2-e222cb1bc351@group-23D9289878C2: changes role from  FOLLOWER to CANDIDATE at term 2 for changeToCandidate
2025-09-13 17:32:36,790 [beda0dcb-37da-4cca-bea2-e222cb1bc351@group-23D9289878C2-FollowerState] INFO  impl.FollowerState (FollowerState.java:runImpl(170)) - beda0dcb-37da-4cca-bea2-e222cb1bc351@group-23D9289878C2-FollowerState was interrupted
2025-09-13 17:32:36,790 [grpc-default-executor-1] INFO  server.RaftServer$Division (ServerState.java:setLeader(272)) - beda0dcb-37da-4cca-bea2-e222cb1bc351@group-23D9289878C2: change Leader from e114cbd1-8f45-4cc5-a8b1-e2bd6cad48a0 to null at term 2 for ELECTION
2025-09-13 17:32:36,791 [grpc-default-executor-1] INFO  impl.RoleInfo (RoleInfo.java:updateAndGet(148)) - beda0dcb-37da-4cca-bea2-e222cb1bc351: start beda0dcb-37da-4cca-bea2-e222cb1bc351@group-23D9289878C2-LeaderElection140
2025-09-13 17:32:36,792 [beda0dcb-37da-4cca-bea2-e222cb1bc351@group-23D9289878C2-LeaderElection140] INFO  impl.LeaderElection (LeaderElection.java:askForVotes(448)) - beda0dcb-37da-4cca-bea2-e222cb1bc351@group-23D9289878C2-LeaderElection140 ELECTION round 0: submit vote requests at term 3 for conf: {index: 5, cur=peers:[d3aade32-661d-499d-9068-ea1550ed8656|127.0.0.1:15055, beda0dcb-37da-4cca-bea2-e222cb1bc351|127.0.0.1:15039, e114cbd1-8f45-4cc5-a8b1-e2bd6cad48a0|127.0.0.1:15047]|listeners:[], old=null}
2025-09-13 17:32:36,792 [beda0dcb-37da-4cca-bea2-e222cb1bc351@group-23D9289878C2-LeaderElection140-1] INFO  server.GrpcServerProtocolClient (GrpcServerProtocolClient.java:<init>(65)) - Build channel for d3aade32-661d-499d-9068-ea1550ed8656|127.0.0.1:15055
2025-09-13 17:32:36,792 [beda0dcb-37da-4cca-bea2-e222cb1bc351@group-23D9289878C2-LeaderElection140-2] INFO  server.GrpcServerProtocolClient (GrpcServerProtocolClient.java:<init>(65)) - Build channel for e114cbd1-8f45-4cc5-a8b1-e2bd6cad48a0|127.0.0.1:15047
2025-09-13 17:32:36,793 [e114cbd1-8f45-4cc5-a8b1-e2bd6cad48a0-server-thread2] INFO  impl.TransferLeadership (TransferLeadership.java:lambda$sendStartLeaderElection$2(224)) - e114cbd1-8f45-4cc5-a8b1-e2bd6cad48a0@group-23D9289878C2: Received startLeaderElection reply from beda0dcb-37da-4cca-bea2-e222cb1bc351: success? true
2025-09-13 17:32:36,795 [grpc-default-executor-3] INFO  server.RaftServer$Division (RaftServerImpl.java:requestVote(1421)) - d3aade32-661d-499d-9068-ea1550ed8656@group-23D9289878C2: receive requestVote(ELECTION, beda0dcb-37da-4cca-bea2-e222cb1bc351, group-23D9289878C2, 3, (t:2, i:6))
2025-09-13 17:32:36,795 [grpc-default-executor-3] INFO  impl.VoteContext (VoteContext.java:log(49)) - d3aade32-661d-499d-9068-ea1550ed8656@group-23D9289878C2-FOLLOWER: accept ELECTION from beda0dcb-37da-4cca-bea2-e222cb1bc351: our priority 0 <= candidate's priority 1
2025-09-13 17:32:36,795 [grpc-default-executor-3] INFO  server.RaftServer$Division (RaftServerImpl.java:setRole(392)) - d3aade32-661d-499d-9068-ea1550ed8656@group-23D9289878C2: changes role from  FOLLOWER to FOLLOWER at term 2 for candidate:beda0dcb-37da-4cca-bea2-e222cb1bc351
2025-09-13 17:32:36,795 [grpc-default-executor-3] INFO  impl.RoleInfo (RoleInfo.java:shutdownFollowerState(121)) - d3aade32-661d-499d-9068-ea1550ed8656: shutdown d3aade32-661d-499d-9068-ea1550ed8656@group-23D9289878C2-FollowerState
2025-09-13 17:32:36,795 [grpc-default-executor-3] INFO  server.RaftServer$Division (ServerState.java:setLeader(272)) - d3aade32-661d-499d-9068-ea1550ed8656@group-23D9289878C2: change Leader from e114cbd1-8f45-4cc5-a8b1-e2bd6cad48a0 to null at term 3 for updateCurrentTerm
2025-09-13 17:32:36,795 [grpc-default-executor-3] INFO  impl.RoleInfo (RoleInfo.java:updateAndGet(148)) - d3aade32-661d-499d-9068-ea1550ed8656: start d3aade32-661d-499d-9068-ea1550ed8656@group-23D9289878C2-FollowerState
2025-09-13 17:32:36,795 [grpc-default-executor-0] INFO  server.RaftServer$Division (RaftServerImpl.java:requestVote(1421)) - e114cbd1-8f45-4cc5-a8b1-e2bd6cad48a0@group-23D9289878C2: receive requestVote(ELECTION, beda0dcb-37da-4cca-bea2-e222cb1bc351, group-23D9289878C2, 3, (t:2, i:6))
2025-09-13 17:32:36,795 [grpc-default-executor-0] INFO  impl.VoteContext (VoteContext.java:log(49)) - e114cbd1-8f45-4cc5-a8b1-e2bd6cad48a0@group-23D9289878C2-LEADER: accept ELECTION from beda0dcb-37da-4cca-bea2-e222cb1bc351: our priority 0 <= candidate's priority 1
2025-09-13 17:32:36,795 [grpc-default-executor-0] INFO  server.RaftServer$Division (RaftServerImpl.java:setRole(392)) - e114cbd1-8f45-4cc5-a8b1-e2bd6cad48a0@group-23D9289878C2: changes role from    LEADER to FOLLOWER at term 2 for candidate:beda0dcb-37da-4cca-bea2-e222cb1bc351
2025-09-13 17:32:36,795 [grpc-default-executor-0] INFO  impl.RoleInfo (RoleInfo.java:shutdownLeaderState(103)) - e114cbd1-8f45-4cc5-a8b1-e2bd6cad48a0: shutdown e114cbd1-8f45-4cc5-a8b1-e2bd6cad48a0@group-23D9289878C2-LeaderStateImpl
2025-09-13 17:32:36,796 [grpc-default-executor-0] INFO  impl.PendingRequests (PendingRequests.java:sendNotLeaderResponses(287)) - e114cbd1-8f45-4cc5-a8b1-e2bd6cad48a0@group-23D9289878C2-PendingRequests: sendNotLeaderResponses
2025-09-13 17:32:36,796 [e114cbd1-8f45-4cc5-a8b1-e2bd6cad48a0@group-23D9289878C2->d3aade32-661d-499d-9068-ea1550ed8656-GrpcLogAppender-LogAppenderDaemon] WARN  server.GrpcLogAppender (GrpcLogAppender.java:mayWait(300)) - e114cbd1-8f45-4cc5-a8b1-e2bd6cad48a0@group-23D9289878C2->d3aade32-661d-499d-9068-ea1550ed8656-GrpcLogAppender: Wait interrupted by java.lang.InterruptedException
2025-09-13 17:32:36,796 [grpc-default-executor-1] INFO  server.GrpcServerProtocolService (GrpcServerProtocolService.java:lambda$onCompleted$6(171)) - d3aade32-661d-499d-9068-ea1550ed8656: Completed APPEND_ENTRIES, lastRequest: null 
2025-09-13 17:32:36,797 [grpc-default-executor-1] INFO  server.GrpcServerProtocolService (GrpcServerProtocolService.java:lambda$null$7(175)) - d3aade32-661d-499d-9068-ea1550ed8656: Completed APPEND_ENTRIES, lastReply: serverReply {
  requestorId: "e114cbd1-8f45-4cc5-a8b1-e2bd6cad48a0"
  replyId: "d3aade32-661d-499d-9068-ea1550ed8656"
  raftGroupId {
    id: "wU\266\301\003\032M\232\250\300#\331(\230x\302"
  }
  callId: 7
  success: true
}
term: 2
nextIndex: 7
followerCommit: 6
matchIndex: 18446744073709551615
isHearbeat: true
 
2025-09-13 17:32:36,797 [d3aade32-661d-499d-9068-ea1550ed8656@group-23D9289878C2-FollowerState] INFO  impl.FollowerState (FollowerState.java:runImpl(170)) - d3aade32-661d-499d-9068-ea1550ed8656@group-23D9289878C2-FollowerState was interrupted
2025-09-13 17:32:36,797 [e114cbd1-8f45-4cc5-a8b1-e2bd6cad48a0@group-23D9289878C2->beda0dcb-37da-4cca-bea2-e222cb1bc351-GrpcLogAppender-LogAppenderDaemon] WARN  server.GrpcLogAppender (GrpcLogAppender.java:mayWait(300)) - e114cbd1-8f45-4cc5-a8b1-e2bd6cad48a0@group-23D9289878C2->beda0dcb-37da-4cca-bea2-e222cb1bc351-GrpcLogAppender: Wait interrupted by java.lang.InterruptedException
2025-09-13 17:32:36,798 [grpc-default-executor-8] INFO  server.GrpcServerProtocolService (GrpcServerProtocolService.java:lambda$onCompleted$6(171)) - beda0dcb-37da-4cca-bea2-e222cb1bc351: Completed APPEND_ENTRIES, lastRequest: null 
2025-09-13 17:32:36,798 [grpc-default-executor-8] INFO  server.GrpcServerProtocolService (GrpcServerProtocolService.java:lambda$null$7(175)) - beda0dcb-37da-4cca-bea2-e222cb1bc351: Completed APPEND_ENTRIES, lastReply: serverReply {
  requestorId: "e114cbd1-8f45-4cc5-a8b1-e2bd6cad48a0"
  replyId: "beda0dcb-37da-4cca-bea2-e222cb1bc351"
  raftGroupId {
    id: "wU\266\301\003\032M\232\250\300#\331(\230x\302"
  }
  callId: 892
  success: true
}
term: 2
nextIndex: 7
followerCommit: 6
matchIndex: 18446744073709551615
isHearbeat: true
 
2025-09-13 17:32:36,798 [grpc-default-executor-9] INFO  server.GrpcLogAppender (GrpcLogAppender.java:onCompleted(558)) - e114cbd1-8f45-4cc5-a8b1-e2bd6cad48a0@group-23D9289878C2->d3aade32-661d-499d-9068-ea1550ed8656-AppendLogResponseHandler: follower responses appendEntries COMPLETED
2025-09-13 17:32:36,798 [grpc-default-executor-8] INFO  server.GrpcLogAppender (GrpcLogAppender.java:onCompleted(558)) - e114cbd1-8f45-4cc5-a8b1-e2bd6cad48a0@group-23D9289878C2->beda0dcb-37da-4cca-bea2-e222cb1bc351-AppendLogResponseHandler: follower responses appendEntries COMPLETED
2025-09-13 17:32:36,799 [grpc-default-executor-1] INFO  server.GrpcLogAppender (GrpcLogAppender.java:onCompleted(558)) - e114cbd1-8f45-4cc5-a8b1-e2bd6cad48a0@group-23D9289878C2->d3aade32-661d-499d-9068-ea1550ed8656-AppendLogResponseHandler: follower responses appendEntries COMPLETED
2025-09-13 17:32:36,799 [grpc-default-executor-0] INFO  server.RaftServer$Division (ServerState.java:setLeader(272)) - e114cbd1-8f45-4cc5-a8b1-e2bd6cad48a0@group-23D9289878C2: change Leader from e114cbd1-8f45-4cc5-a8b1-e2bd6cad48a0 to null at term 2 for candidate:beda0dcb-37da-4cca-bea2-e222cb1bc351
2025-09-13 17:32:36,799 [grpc-default-executor-0] INFO  impl.RoleInfo (RoleInfo.java:updateAndGet(148)) - e114cbd1-8f45-4cc5-a8b1-e2bd6cad48a0: start e114cbd1-8f45-4cc5-a8b1-e2bd6cad48a0@group-23D9289878C2-FollowerState
2025-09-13 17:32:36,799 [grpc-default-executor-3] INFO  server.RaftServer$Division (RaftServerImpl.java:requestVote(1455)) - d3aade32-661d-499d-9068-ea1550ed8656@group-23D9289878C2 replies to ELECTION vote request: beda0dcb-37da-4cca-bea2-e222cb1bc351<-d3aade32-661d-499d-9068-ea1550ed8656#0:OK-t3-last:(t:2, i:6). Peer's state: d3aade32-661d-499d-9068-ea1550ed8656@group-23D9289878C2:t3, leader=null, voted=beda0dcb-37da-4cca-bea2-e222cb1bc351, raftlog=Memoized:d3aade32-661d-499d-9068-ea1550ed8656@group-23D9289878C2-SegmentedRaftLog:OPENED:c6:last(t:2, i:6), conf=conf: {index: 5, cur=peers:[d3aade32-661d-499d-9068-ea1550ed8656|127.0.0.1:15055, beda0dcb-37da-4cca-bea2-e222cb1bc351|127.0.0.1:15039, e114cbd1-8f45-4cc5-a8b1-e2bd6cad48a0|127.0.0.1:15047]|listeners:[], old=null}
2025-09-13 17:32:36,800 [grpc-default-executor-8] INFO  server.GrpcLogAppender (GrpcLogAppender.java:onCompleted(558)) - e114cbd1-8f45-4cc5-a8b1-e2bd6cad48a0@group-23D9289878C2->beda0dcb-37da-4cca-bea2-e222cb1bc351-AppendLogResponseHandler: follower responses appendEntries COMPLETED
2025-09-13 17:32:36,800 [beda0dcb-37da-4cca-bea2-e222cb1bc351@group-23D9289878C2-LeaderElection140] INFO  impl.LeaderElection (LeaderElection.java:logAndReturn(206)) - beda0dcb-37da-4cca-bea2-e222cb1bc351@group-23D9289878C2-LeaderElection140: ELECTION PASSED received 1 response(s) and 0 exception(s):
2025-09-13 17:32:36,800 [beda0dcb-37da-4cca-bea2-e222cb1bc351@group-23D9289878C2-LeaderElection140] INFO  impl.LeaderElection (LeaderElection.java:logAndReturn(210)) -   Response 0: beda0dcb-37da-4cca-bea2-e222cb1bc351<-d3aade32-661d-499d-9068-ea1550ed8656#0:OK-t3-last:(t:2, i:6)
2025-09-13 17:32:36,800 [beda0dcb-37da-4cca-bea2-e222cb1bc351@group-23D9289878C2-LeaderElection140] INFO  impl.LeaderElection (LeaderElection.java:askForVotes(450)) - beda0dcb-37da-4cca-bea2-e222cb1bc351@group-23D9289878C2-LeaderElection140 ELECTION round 0: result PASSED
2025-09-13 17:32:36,800 [beda0dcb-37da-4cca-bea2-e222cb1bc351@group-23D9289878C2-LeaderElection140] INFO  impl.RoleInfo (RoleInfo.java:shutdownLeaderElection(141)) - beda0dcb-37da-4cca-bea2-e222cb1bc351: shutdown beda0dcb-37da-4cca-bea2-e222cb1bc351@group-23D9289878C2-LeaderElection140
2025-09-13 17:32:36,800 [beda0dcb-37da-4cca-bea2-e222cb1bc351@group-23D9289878C2-LeaderElection140] INFO  server.RaftServer$Division (RaftServerImpl.java:setRole(392)) - beda0dcb-37da-4cca-bea2-e222cb1bc351@group-23D9289878C2: changes role from CANDIDATE to LEADER at term 3 for changeToLeader
2025-09-13 17:32:36,800 [beda0dcb-37da-4cca-bea2-e222cb1bc351@group-23D9289878C2-LeaderElection140] INFO  server.RaftServerConfigKeys (ConfUtils.java:logFallback(69)) - raft.server.staging.timeout = 3600ms (fallback to raft.server.rpc.timeout.max)
2025-09-13 17:32:36,801 [beda0dcb-37da-4cca-bea2-e222cb1bc351@group-23D9289878C2-LeaderElection140] INFO  server.RaftServerConfigKeys (ConfUtils.java:logGet(62)) - raft.server.write.byte-limit = 1024 M (=1073741824) (custom)
2025-09-13 17:32:36,801 [grpc-default-executor-0] INFO  server.RaftServer$Division (RaftServerImpl.java:requestVote(1455)) - e114cbd1-8f45-4cc5-a8b1-e2bd6cad48a0@group-23D9289878C2 replies to ELECTION vote request: beda0dcb-37da-4cca-bea2-e222cb1bc351<-e114cbd1-8f45-4cc5-a8b1-e2bd6cad48a0#0:OK-t3-last:(t:2, i:6). Peer's state: e114cbd1-8f45-4cc5-a8b1-e2bd6cad48a0@group-23D9289878C2:t3, leader=null, voted=beda0dcb-37da-4cca-bea2-e222cb1bc351, raftlog=Memoized:e114cbd1-8f45-4cc5-a8b1-e2bd6cad48a0@group-23D9289878C2-SegmentedRaftLog:OPENED:c6:last(t:2, i:6), conf=conf: {index: 5, cur=peers:[d3aade32-661d-499d-9068-ea1550ed8656|127.0.0.1:15055, beda0dcb-37da-4cca-bea2-e222cb1bc351|127.0.0.1:15039, e114cbd1-8f45-4cc5-a8b1-e2bd6cad48a0|127.0.0.1:15047]|listeners:[], old=null}
2025-09-13 17:32:36,802 [beda0dcb-37da-4cca-bea2-e222cb1bc351@group-23D9289878C2-LeaderElection140] INFO  server.RaftServerConfigKeys (ConfUtils.java:logGet(62)) - raft.server.log.appender.buffer.byte-limit = 33554432 (custom)
2025-09-13 17:32:36,803 [beda0dcb-37da-4cca-bea2-e222cb1bc351@group-23D9289878C2-LeaderElection140] INFO  server.RaftServerConfigKeys (ConfUtils.java:logGet(62)) - raft.server.log.appender.buffer.byte-limit = 33554432 (custom)
2025-09-13 17:32:36,804 [beda0dcb-37da-4cca-bea2-e222cb1bc351@group-23D9289878C2-LeaderElection140] INFO  impl.RoleInfo (RoleInfo.java:updateAndGet(148)) - beda0dcb-37da-4cca-bea2-e222cb1bc351: start beda0dcb-37da-4cca-bea2-e222cb1bc351@group-23D9289878C2-LeaderStateImpl
2025-09-13 17:32:36,804 [beda0dcb-37da-4cca-bea2-e222cb1bc351@group-23D9289878C2-LeaderElection140] INFO  ratis.XceiverServerRatis (XceiverServerRatis.java:handleLeaderChangedNotification(932)) - Leader change notification received for group: group-23D9289878C2 with new leaderId: beda0dcb-37da-4cca-bea2-e222cb1bc351
2025-09-13 17:32:36,804 [beda0dcb-37da-4cca-bea2-e222cb1bc351@group-23D9289878C2-LeaderElection140] INFO  server.RaftServer$Division (ServerState.java:setLeader(272)) - beda0dcb-37da-4cca-bea2-e222cb1bc351@group-23D9289878C2: change Leader from null to beda0dcb-37da-4cca-bea2-e222cb1bc351 at term 3 for becomeLeader, leader elected after 13ms
2025-09-13 17:32:36,804 [beda0dcb-37da-4cca-bea2-e222cb1bc351@group-23D9289878C2-LeaderElection140] INFO  segmented.SegmentedRaftLogWorker (SegmentedRaftLogWorker.java:rollLogSegment(445)) - beda0dcb-37da-4cca-bea2-e222cb1bc351@group-23D9289878C2-SegmentedRaftLogWorker: Rolling segment log-5_6 to index:6
2025-09-13 17:32:36,804 [beda0dcb-37da-4cca-bea2-e222cb1bc351@group-23D9289878C2-LeaderElection140] INFO  server.RaftServer$Division (ServerState.java:setRaftConf(386)) - beda0dcb-37da-4cca-bea2-e222cb1bc351@group-23D9289878C2: set configuration conf: {index: 7, cur=peers:[d3aade32-661d-499d-9068-ea1550ed8656|127.0.0.1:15055, beda0dcb-37da-4cca-bea2-e222cb1bc351|127.0.0.1:15039, e114cbd1-8f45-4cc5-a8b1-e2bd6cad48a0|127.0.0.1:15047]|listeners:[], old=null}
2025-09-13 17:32:36,805 [beda0dcb-37da-4cca-bea2-e222cb1bc351@group-23D9289878C2-SegmentedRaftLogWorker] INFO  segmented.SegmentedRaftLogWorker (SegmentedRaftLogWorker.java:execute(604)) - beda0dcb-37da-4cca-bea2-e222cb1bc351@group-23D9289878C2-SegmentedRaftLogWorker: Rolled log segment from /home/runner/work/ozone/ozone/hadoop-ozone/integration-test/target/test-dir/MiniOzoneClusterImpl-1331a795-ed08-415d-924a-7661a5cf51a5/ozone-metadata/datanode-4/ratis/7755b6c1-031a-4d9a-a8c0-23d9289878c2/current/log_inprogress_5 to /home/runner/work/ozone/ozone/hadoop-ozone/integration-test/target/test-dir/MiniOzoneClusterImpl-1331a795-ed08-415d-924a-7661a5cf51a5/ozone-metadata/datanode-4/ratis/7755b6c1-031a-4d9a-a8c0-23d9289878c2/current/log_5-6
2025-09-13 17:32:36,806 [beda0dcb-37da-4cca-bea2-e222cb1bc351@group-23D9289878C2-SegmentedRaftLogWorker] INFO  segmented.BufferedWriteChannel (BufferedWriteChannel.java:open(61)) - open log_inprogress_7 at position 0
2025-09-13 17:32:36,810 [grpc-default-executor-3] INFO  ratis.XceiverServerRatis (XceiverServerRatis.java:handleLeaderChangedNotification(932)) - Leader change notification received for group: group-23D9289878C2 with new leaderId: beda0dcb-37da-4cca-bea2-e222cb1bc351
2025-09-13 17:32:36,810 [grpc-default-executor-3] INFO  server.RaftServer$Division (ServerState.java:setLeader(272)) - e114cbd1-8f45-4cc5-a8b1-e2bd6cad48a0@group-23D9289878C2: change Leader from null to beda0dcb-37da-4cca-bea2-e222cb1bc351 at term 3 for appendEntries, leader elected after 10ms
2025-09-13 17:32:36,811 [grpc-default-executor-3] INFO  ratis.XceiverServerRatis (XceiverServerRatis.java:handleLeaderChangedNotification(932)) - Leader change notification received for group: group-23D9289878C2 with new leaderId: beda0dcb-37da-4cca-bea2-e222cb1bc351
2025-09-13 17:32:36,811 [grpc-default-executor-3] INFO  server.RaftServer$Division (ServerState.java:setLeader(272)) - d3aade32-661d-499d-9068-ea1550ed8656@group-23D9289878C2: change Leader from null to beda0dcb-37da-4cca-bea2-e222cb1bc351 at term 3 for appendEntries, leader elected after 15ms
2025-09-13 17:32:36,811 [grpc-default-executor-0] INFO  server.RaftServer$Division (ServerState.java:setRaftConf(386)) - d3aade32-661d-499d-9068-ea1550ed8656@group-23D9289878C2: set configuration conf: {index: 7, cur=peers:[d3aade32-661d-499d-9068-ea1550ed8656|127.0.0.1:15055, beda0dcb-37da-4cca-bea2-e222cb1bc351|127.0.0.1:15039, e114cbd1-8f45-4cc5-a8b1-e2bd6cad48a0|127.0.0.1:15047]|listeners:[], old=null}
2025-09-13 17:32:36,811 [grpc-default-executor-0] INFO  segmented.SegmentedRaftLogWorker (SegmentedRaftLogWorker.java:rollLogSegment(445)) - d3aade32-661d-499d-9068-ea1550ed8656@group-23D9289878C2-SegmentedRaftLogWorker: Rolling segment log-5_6 to index:6
2025-09-13 17:32:36,813 [grpc-default-executor-10] INFO  server.RaftServer$Division (ServerState.java:setRaftConf(386)) - e114cbd1-8f45-4cc5-a8b1-e2bd6cad48a0@group-23D9289878C2: set configuration conf: {index: 7, cur=peers:[d3aade32-661d-499d-9068-ea1550ed8656|127.0.0.1:15055, beda0dcb-37da-4cca-bea2-e222cb1bc351|127.0.0.1:15039, e114cbd1-8f45-4cc5-a8b1-e2bd6cad48a0|127.0.0.1:15047]|listeners:[], old=null}
2025-09-13 17:32:36,814 [grpc-default-executor-10] INFO  segmented.SegmentedRaftLogWorker (SegmentedRaftLogWorker.java:rollLogSegment(445)) - e114cbd1-8f45-4cc5-a8b1-e2bd6cad48a0@group-23D9289878C2-SegmentedRaftLogWorker: Rolling segment log-5_6 to index:6
2025-09-13 17:32:36,813 [d3aade32-661d-499d-9068-ea1550ed8656@group-23D9289878C2-SegmentedRaftLogWorker] INFO  segmented.SegmentedRaftLogWorker (SegmentedRaftLogWorker.java:execute(604)) - d3aade32-661d-499d-9068-ea1550ed8656@group-23D9289878C2-SegmentedRaftLogWorker: Rolled log segment from /home/runner/work/ozone/ozone/hadoop-ozone/integration-test/target/test-dir/MiniOzoneClusterImpl-1331a795-ed08-415d-924a-7661a5cf51a5/ozone-metadata/datanode-6/ratis/7755b6c1-031a-4d9a-a8c0-23d9289878c2/current/log_inprogress_5 to /home/runner/work/ozone/ozone/hadoop-ozone/integration-test/target/test-dir/MiniOzoneClusterImpl-1331a795-ed08-415d-924a-7661a5cf51a5/ozone-metadata/datanode-6/ratis/7755b6c1-031a-4d9a-a8c0-23d9289878c2/current/log_5-6
2025-09-13 17:32:36,814 [d3aade32-661d-499d-9068-ea1550ed8656@group-23D9289878C2-SegmentedRaftLogWorker] INFO  segmented.BufferedWriteChannel (BufferedWriteChannel.java:open(61)) - open log_inprogress_7 at position 0
2025-09-13 17:32:36,814 [beda0dcb-37da-4cca-bea2-e222cb1bc351@group-23D9289878C2-SegmentedRaftLogWorker] INFO  segmented.SegmentedRaftLogWorker (SegmentedRaftLogWorker.java:execute(647)) - beda0dcb-37da-4cca-bea2-e222cb1bc351@group-23D9289878C2-SegmentedRaftLogWorker: created new log segment /home/runner/work/ozone/ozone/hadoop-ozone/integration-test/target/test-dir/MiniOzoneClusterImpl-1331a795-ed08-415d-924a-7661a5cf51a5/ozone-metadata/datanode-4/ratis/7755b6c1-031a-4d9a-a8c0-23d9289878c2/current/log_inprogress_7
2025-09-13 17:32:36,815 [e114cbd1-8f45-4cc5-a8b1-e2bd6cad48a0@group-23D9289878C2-SegmentedRaftLogWorker] INFO  segmented.SegmentedRaftLogWorker (SegmentedRaftLogWorker.java:execute(604)) - e114cbd1-8f45-4cc5-a8b1-e2bd6cad48a0@group-23D9289878C2-SegmentedRaftLogWorker: Rolled log segment from /home/runner/work/ozone/ozone/hadoop-ozone/integration-test/target/test-dir/MiniOzoneClusterImpl-1331a795-ed08-415d-924a-7661a5cf51a5/ozone-metadata/datanode-5/ratis/7755b6c1-031a-4d9a-a8c0-23d9289878c2/current/log_inprogress_5 to /home/runner/work/ozone/ozone/hadoop-ozone/integration-test/target/test-dir/MiniOzoneClusterImpl-1331a795-ed08-415d-924a-7661a5cf51a5/ozone-metadata/datanode-5/ratis/7755b6c1-031a-4d9a-a8c0-23d9289878c2/current/log_5-6
2025-09-13 17:32:36,815 [e114cbd1-8f45-4cc5-a8b1-e2bd6cad48a0@group-23D9289878C2-SegmentedRaftLogWorker] INFO  segmented.BufferedWriteChannel (BufferedWriteChannel.java:open(61)) - open log_inprogress_7 at position 0
2025-09-13 17:32:36,850 [d3aade32-661d-499d-9068-ea1550ed8656@group-23D9289878C2-SegmentedRaftLogWorker] INFO  segmented.SegmentedRaftLogWorker (SegmentedRaftLogWorker.java:execute(647)) - d3aade32-661d-499d-9068-ea1550ed8656@group-23D9289878C2-SegmentedRaftLogWorker: created new log segment /home/runner/work/ozone/ozone/hadoop-ozone/integration-test/target/test-dir/MiniOzoneClusterImpl-1331a795-ed08-415d-924a-7661a5cf51a5/ozone-metadata/datanode-6/ratis/7755b6c1-031a-4d9a-a8c0-23d9289878c2/current/log_inprogress_7
2025-09-13 17:32:36,852 [e114cbd1-8f45-4cc5-a8b1-e2bd6cad48a0@group-23D9289878C2-SegmentedRaftLogWorker] INFO  segmented.SegmentedRaftLogWorker (SegmentedRaftLogWorker.java:execute(647)) - e114cbd1-8f45-4cc5-a8b1-e2bd6cad48a0@group-23D9289878C2-SegmentedRaftLogWorker: created new log segment /home/runner/work/ozone/ozone/hadoop-ozone/integration-test/target/test-dir/MiniOzoneClusterImpl-1331a795-ed08-415d-924a-7661a5cf51a5/ozone-metadata/datanode-5/ratis/7755b6c1-031a-4d9a-a8c0-23d9289878c2/current/log_inprogress_7
2025-09-13 17:32:36,854 [beda0dcb-37da-4cca-bea2-e222cb1bc351@group-23D9289878C2-StateMachineUpdater] INFO  server.RaftServer$Division (LeaderStateImpl.java:checkStartIndex(309)) - Leader beda0dcb-37da-4cca-bea2-e222cb1bc351@group-23D9289878C2-LeaderStateImpl is ready since appliedIndex == startIndex == 7
2025-09-13 17:32:37,630 [2f036b56-942d-42f4-908f-5b0be9aff918-CloseContainerThread-0] INFO  commandhandler.CloseContainerCommandHandler (CloseContainerCommandHandler.java:lambda$handle$0(154)) - Follower cannot close container #4.
2025-09-13 17:32:37,630 [3dbe4e49-25e9-43f5-94e0-3ca31f2aaaf2-CloseContainerThread-0] INFO  commandhandler.CloseContainerCommandHandler (CloseContainerCommandHandler.java:lambda$handle$0(154)) - Follower cannot close container #4.
2025-09-13 17:32:38,630 [2f036b56-942d-42f4-908f-5b0be9aff918-ContainerOp-04878825-8370-49d4-b879-a8d25c85fdcf-2] INFO  keyvalue.KeyValueContainer (KeyValueContainer.java:flushAndSyncDB(514)) - Synced container: KeyValueContainerData #4 (CLOSING, non-empty, ri=0, origin=[dn_2f036b56-942d-42f4-908f-5b0be9aff918, pipeline_04878825-8370-49d4-b879-a8d25c85fdcf])
2025-09-13 17:32:38,630 [3dbe4e49-25e9-43f5-94e0-3ca31f2aaaf2-ContainerOp-04878825-8370-49d4-b879-a8d25c85fdcf-2] INFO  keyvalue.KeyValueContainer (KeyValueContainer.java:flushAndSyncDB(514)) - Synced container: KeyValueContainerData #4 (CLOSING, non-empty, ri=0, origin=[dn_3dbe4e49-25e9-43f5-94e0-3ca31f2aaaf2, pipeline_04878825-8370-49d4-b879-a8d25c85fdcf])
2025-09-13 17:32:38,630 [9b620cf5-1dd4-4083-97bd-ff44c8fea23e-ContainerOp-04878825-8370-49d4-b879-a8d25c85fdcf-2] INFO  keyvalue.KeyValueContainer (KeyValueContainer.java:flushAndSyncDB(514)) - Synced container: KeyValueContainerData #4 (CLOSING, non-empty, ri=0, origin=[dn_9b620cf5-1dd4-4083-97bd-ff44c8fea23e, pipeline_04878825-8370-49d4-b879-a8d25c85fdcf])
2025-09-13 17:32:38,630 [3dbe4e49-25e9-43f5-94e0-3ca31f2aaaf2-ContainerOp-04878825-8370-49d4-b879-a8d25c85fdcf-2] INFO  keyvalue.KeyValueContainer (KeyValueContainer.java:flushAndSyncDB(514)) - Synced container: KeyValueContainerData #4 (CLOSING, non-empty, ri=0, origin=[dn_3dbe4e49-25e9-43f5-94e0-3ca31f2aaaf2, pipeline_04878825-8370-49d4-b879-a8d25c85fdcf])
2025-09-13 17:32:38,630 [2f036b56-942d-42f4-908f-5b0be9aff918-ContainerOp-04878825-8370-49d4-b879-a8d25c85fdcf-2] INFO  keyvalue.KeyValueContainer (KeyValueContainer.java:flushAndSyncDB(514)) - Synced container: KeyValueContainerData #4 (CLOSING, non-empty, ri=0, origin=[dn_2f036b56-942d-42f4-908f-5b0be9aff918, pipeline_04878825-8370-49d4-b879-a8d25c85fdcf])
2025-09-13 17:32:38,630 [9b620cf5-1dd4-4083-97bd-ff44c8fea23e-ContainerOp-04878825-8370-49d4-b879-a8d25c85fdcf-2] INFO  keyvalue.KeyValueContainer (KeyValueContainer.java:flushAndSyncDB(514)) - Synced container: KeyValueContainerData #4 (CLOSING, non-empty, ri=0, origin=[dn_9b620cf5-1dd4-4083-97bd-ff44c8fea23e, pipeline_04878825-8370-49d4-b879-a8d25c85fdcf])
2025-09-13 17:32:38,634 [2f036b56-942d-42f4-908f-5b0be9aff918-ContainerOp-04878825-8370-49d4-b879-a8d25c85fdcf-2] INFO  keyvalue.KeyValueContainer (KeyValueContainer.java:close(430)) - Closed container: KeyValueContainerData #4 (CLOSED, non-empty, ri=0, origin=[dn_2f036b56-942d-42f4-908f-5b0be9aff918, pipeline_04878825-8370-49d4-b879-a8d25c85fdcf])
2025-09-13 17:32:38,636 [3dbe4e49-25e9-43f5-94e0-3ca31f2aaaf2-ContainerOp-04878825-8370-49d4-b879-a8d25c85fdcf-2] INFO  keyvalue.KeyValueContainer (KeyValueContainer.java:close(430)) - Closed container: KeyValueContainerData #4 (CLOSED, non-empty, ri=0, origin=[dn_3dbe4e49-25e9-43f5-94e0-3ca31f2aaaf2, pipeline_04878825-8370-49d4-b879-a8d25c85fdcf])
2025-09-13 17:32:38,637 [9b620cf5-1dd4-4083-97bd-ff44c8fea23e-ContainerOp-04878825-8370-49d4-b879-a8d25c85fdcf-2] INFO  keyvalue.KeyValueContainer (KeyValueContainer.java:close(430)) - Closed container: KeyValueContainerData #4 (CLOSED, non-empty, ri=0, origin=[dn_9b620cf5-1dd4-4083-97bd-ff44c8fea23e, pipeline_04878825-8370-49d4-b879-a8d25c85fdcf])
2025-09-13T17:32:38.650488594Z 9b620cf5-1dd4-4083-97bd-ff44c8fea23e-client-thread1 ERROR user=null | ip=null | op=WRITE_CHUNK {"blockData":"conID: 4 locID: 115816896921600004 bcsId: 2 replicaIndex: 0","offset":"1048576","size":"1048576"} | ret=FAILURE
org.apache.hadoop.hdds.scm.container.common.helpers.ContainerNotOpenException: Container 4 in CLOSED state
	at org.apache.hadoop.ozone.container.common.impl.HddsDispatcher.validateContainerCommand(HddsDispatcher.java:581)
	at org.apache.hadoop.ozone.container.common.transport.server.ratis.ContainerStateMachine.startTransaction(ContainerStateMachine.java:488)
	at org.apache.ratis.server.impl.RaftServerImpl.writeAsyncImpl(RaftServerImpl.java:987)
	at org.apache.ratis.server.impl.RaftServerImpl.writeAsync(RaftServerImpl.java:960)
	at org.apache.ratis.server.impl.RaftServerImpl.replyFuture(RaftServerImpl.java:953)
	at org.apache.ratis.server.impl.RaftServerImpl.submitClientRequestAsync(RaftServerImpl.java:930)
	at org.apache.ratis.server.impl.RaftServerImpl.lambda$null$11(RaftServerImpl.java:919)
	at org.apache.ratis.util.JavaUtils.callAsUnchecked(JavaUtils.java:118)
	at org.apache.ratis.server.impl.RaftServerImpl.lambda$executeSubmitClientRequestAsync$12(RaftServerImpl.java:919)
	at java.base/java.util.concurrent.CompletableFuture$AsyncSupply.run(CompletableFuture.java:1768)
	at java.base/java.util.concurrent.ThreadPoolExecutor.runWorker(ThreadPoolExecutor.java:1144)
	at java.base/java.util.concurrent.ThreadPoolExecutor$Worker.run(ThreadPoolExecutor.java:642)
	at java.base/java.lang.Thread.run(Thread.java:1583)
2025-09-13 17:32:38,665 [grpc-default-executor-10] ERROR impl.OrderedAsync (OrderedAsync.java:lambda$send$4(181)) - Failed to send request, message=cmdType: WriteChunk
traceID: ""
containerID: 4
datanodeUuid: "3dbe4e49-25e9-43f5-94e0-3ca31f2aaaf2"
writeChunk {
  blockID {
    containerID: 4
    localID: 115816896921600004
    blockCommitSequenceId: 2
    replicaIndex: 0
  }
  chunkData {
    chunkName: "115816896921600004_chunk_2"
    offset: 1048576
    len: 1048576
    checksumData {
      type: CRC32
      bytesPerChecksum: 16384
      checksums: "\326\360U\321"
      checksums: "\326\360U\321"
      checksums: "\326\360U\321"
      checksums: "\326\360U\321"
      checksums: "\326\360U\321"
      checksums: "\326\360U\321"
      checksums: "\326\360U\321"
      checksums: "\326\360U\321"
      checksums: "\326\360U\321"
      checksums: "\326\360U\321"
      checksums: "\326\360U\321"
      checksums: "\326\360U\321"
      checksums: "\326\360U\321"
      checksums: "\326\360U\321"
      checksums: "\326\360U\321"
      checksums: "\326\360U\321"
      checksums: "\326\360U\321"
      checksums: "\326\360U\321"
      checksums: "\326\360U\321"
      checksums: "\326\360U\321"
      checksums: "\326\360U\321"
      checksums: "\326\360U\321"
      checksums: "\326\360U\321"
      checksums: "\326\360U\321"
      checksums: "\326\360U\321"
      checksums: "\326\360U\321"
      checksums: "\326\360U\321"
      checksums: "\326\360U\321"
      checksums: "\326\360U\321"
      checksums: "\326\360U\321"
      checksums: "\326\360U\321"
      checksums: "\326\360U\321"
      checksums: "\326\360U\321"
      checksums: "\326\360U\321"
      checksums: "\326\360U\321"
      checksums: "\326\360U\321"
      checksums: "\326\360U\321"
      checksums: "\326\360U\321"
      checksums: "\326\360U\321"
      checksums: "\326\360U\321"
      checksums: "\326\360U\321"
      checksums: "\326\360U\321"
      checksums: "\326\360U\321"
      checksums: "\326\360U\321"
      checksums: "\326\360U\321"
      checksums: "\326\360U\321"
      checksums: "\326\360U\321"
      checksums: "\326\360U\321"
      checksums: "\326\360U\321"
      checksums: "\326\360U\321"
      checksums: "\326\360U\321"
      checksums: "\326\360U\321"
      checksums: "\326\360U\321"
      checksums: "\326\360U\321"
      checksums: "\326\360U\321"
      checksums: "\326\360U\321"
      checksums: "\326\360U\321"
      checksums: "\326\360U\321"
      checksums: "\326\360U\321"
      checksums: "\326\360U\321"
      checksums: "\326\360U\321"
      checksums: "\326\360U\321"
      checksums: "\326\360U\321"
      checksums: "\277r/p"
    }
  }
}
version: 3
, data.size=1048576
java.util.concurrent.CompletionException: org.apache.ratis.protocol.exceptions.StateMachineException: org.apache.hadoop.hdds.scm.container.common.helpers.ContainerNotOpenException from Server 9b620cf5-1dd4-4083-97bd-ff44c8fea23e@group-A8D25C85FDCF: Container 4 in CLOSED state
	at org.apache.ratis.client.impl.RaftClientImpl.handleRaftException(RaftClientImpl.java:373)
	at org.apache.ratis.client.impl.OrderedAsync.lambda$send$3(OrderedAsync.java:175)
	at java.base/java.util.concurrent.CompletableFuture$UniApply.tryFire(CompletableFuture.java:646)
	at java.base/java.util.concurrent.CompletableFuture.postComplete(CompletableFuture.java:510)
	at java.base/java.util.concurrent.CompletableFuture.complete(CompletableFuture.java:2179)
	at org.apache.ratis.client.impl.OrderedAsync$PendingOrderedRequest.setReply(OrderedAsync.java:105)
	at org.apache.ratis.client.impl.OrderedAsync$PendingOrderedRequest.setReply(OrderedAsync.java:66)
	at org.apache.ratis.util.SlidingWindow$RequestMap.setReply(SlidingWindow.java:147)
	at org.apache.ratis.util.SlidingWindow$Client.receiveReply(SlidingWindow.java:351)
	at org.apache.ratis.client.impl.OrderedAsync.lambda$sendRequestWithRetry$5(OrderedAsync.java:210)
	at java.base/java.util.concurrent.CompletableFuture$UniAccept.tryFire(CompletableFuture.java:718)
	at java.base/java.util.concurrent.CompletableFuture.postComplete(CompletableFuture.java:510)
	at java.base/java.util.concurrent.CompletableFuture.complete(CompletableFuture.java:2179)
	at org.apache.ratis.grpc.client.GrpcClientProtocolClient$AsyncStreamObservers$1.lambda$onNext$0(GrpcClientProtocolClient.java:325)
	at java.base/java.util.Optional.ifPresent(Optional.java:178)
	at org.apache.ratis.grpc.client.GrpcClientProtocolClient$AsyncStreamObservers.handleReplyFuture(GrpcClientProtocolClient.java:381)
	at org.apache.ratis.grpc.client.GrpcClientProtocolClient$AsyncStreamObservers.access$100(GrpcClientProtocolClient.java:303)
	at org.apache.ratis.grpc.client.GrpcClientProtocolClient$AsyncStreamObservers$1.onNext(GrpcClientProtocolClient.java:325)
	at org.apache.ratis.grpc.client.GrpcClientProtocolClient$AsyncStreamObservers$1.onNext(GrpcClientProtocolClient.java:308)
	at org.apache.ratis.thirdparty.io.grpc.stub.ClientCalls$StreamObserverToCallListenerAdapter.onMessage(ClientCalls.java:551)
	at org.apache.ratis.thirdparty.io.grpc.ForwardingClientCallListener.onMessage(ForwardingClientCallListener.java:33)
	at org.apache.ratis.thirdparty.io.grpc.internal.DelayedClientCall$DelayedListener.onMessage(DelayedClientCall.java:473)
	at org.apache.ratis.thirdparty.io.grpc.internal.ClientCallImpl$ClientStreamListenerImpl$1MessagesAvailable.runInternal(ClientCallImpl.java:661)
	at org.apache.ratis.thirdparty.io.grpc.internal.ClientCallImpl$ClientStreamListenerImpl$1MessagesAvailable.runInContext(ClientCallImpl.java:648)
	at org.apache.ratis.thirdparty.io.grpc.internal.ContextRunnable.run(ContextRunnable.java:37)
	at org.apache.ratis.thirdparty.io.grpc.internal.SerializingExecutor.run(SerializingExecutor.java:133)
	at java.base/java.util.concurrent.ThreadPoolExecutor.runWorker(ThreadPoolExecutor.java:1144)
	at java.base/java.util.concurrent.ThreadPoolExecutor$Worker.run(ThreadPoolExecutor.java:642)
	at java.base/java.lang.Thread.run(Thread.java:1583)
Caused by: org.apache.ratis.protocol.exceptions.StateMachineException: org.apache.hadoop.hdds.scm.container.common.helpers.ContainerNotOpenException from Server 9b620cf5-1dd4-4083-97bd-ff44c8fea23e@group-A8D25C85FDCF: Container 4 in CLOSED state
	at org.apache.hadoop.ozone.container.common.impl.HddsDispatcher.validateContainerCommand(HddsDispatcher.java:581)
	at org.apache.hadoop.ozone.container.common.transport.server.ratis.ContainerStateMachine.startTransaction(ContainerStateMachine.java:488)
	at org.apache.ratis.server.impl.RaftServerImpl.writeAsyncImpl(RaftServerImpl.java:987)
	at org.apache.ratis.server.impl.RaftServerImpl.writeAsync(RaftServerImpl.java:960)
	at org.apache.ratis.server.impl.RaftServerImpl.replyFuture(RaftServerImpl.java:953)
	at org.apache.ratis.server.impl.RaftServerImpl.submitClientRequestAsync(RaftServerImpl.java:930)
	at org.apache.ratis.server.impl.RaftServerImpl.lambda$null$11(RaftServerImpl.java:919)
	at org.apache.ratis.util.JavaUtils.callAsUnchecked(JavaUtils.java:118)
	at org.apache.ratis.server.impl.RaftServerImpl.lambda$executeSubmitClientRequestAsync$12(RaftServerImpl.java:919)
	at java.base/java.util.concurrent.CompletableFuture$AsyncSupply.run(CompletableFuture.java:1768)
	... 3 more
Caused by: org.apache.hadoop.hdds.scm.container.common.helpers.ContainerNotOpenException: Container 4 in CLOSED state
	at java.base/jdk.internal.reflect.DirectConstructorHandleAccessor.newInstance(DirectConstructorHandleAccessor.java:62)
	at java.base/java.lang.reflect.Constructor.newInstanceWithCaller(Constructor.java:502)
	at java.base/java.lang.reflect.Constructor.newInstance(Constructor.java:486)
	at org.apache.ratis.util.ReflectionUtils.instantiateException(ReflectionUtils.java:265)
	at org.apache.ratis.client.impl.ClientProtoUtils.toStateMachineException(ClientProtoUtils.java:455)
	at org.apache.ratis.client.impl.ClientProtoUtils.toStateMachineException(ClientProtoUtils.java:441)
	at org.apache.ratis.client.impl.ClientProtoUtils.toRaftClientReply(ClientProtoUtils.java:408)
	at org.apache.ratis.grpc.client.GrpcClientProtocolClient$AsyncStreamObservers$1.onNext(GrpcClientProtocolClient.java:313)
	at org.apache.ratis.grpc.client.GrpcClientProtocolClient$AsyncStreamObservers$1.onNext(GrpcClientProtocolClient.java:308)
	at org.apache.ratis.thirdparty.io.grpc.stub.ClientCalls$StreamObserverToCallListenerAdapter.onMessage(ClientCalls.java:551)
	at org.apache.ratis.thirdparty.io.grpc.ForwardingClientCallListener.onMessage(ForwardingClientCallListener.java:33)
	at org.apache.ratis.thirdparty.io.grpc.internal.DelayedClientCall$DelayedListener.onMessage(DelayedClientCall.java:473)
	at org.apache.ratis.thirdparty.io.grpc.internal.ClientCallImpl$ClientStreamListenerImpl$1MessagesAvailable.runInternal(ClientCallImpl.java:661)
	at org.apache.ratis.thirdparty.io.grpc.internal.ClientCallImpl$ClientStreamListenerImpl$1MessagesAvailable.runInContext(ClientCallImpl.java:648)
	at org.apache.ratis.thirdparty.io.grpc.internal.ContextRunnable.run(ContextRunnable.java:37)
	at org.apache.ratis.thirdparty.io.grpc.internal.SerializingExecutor.run(SerializingExecutor.java:133)
	... 3 more
2025-09-13 17:32:38,666 [FixedThreadPoolWithAffinityExecutor-8-0] INFO  container.IncrementalContainerReportHandler (AbstractContainerReportHandler.java:updateContainerState(289)) - CLOSE Container #4 (CLOSING, sid=2) r0 (CLOSED, bcsid=2, origin=9b620cf5-1dd4-4083-97bd-ff44c8fea23e, non-empty) from dn 9b620cf5-1dd4-4083-97bd-ff44c8fea23e(localhost/127.0.0.1)
2025-09-13T17:32:38.665038489Z 9b620cf5-1dd4-4083-97bd-ff44c8fea23e-client-thread1 ERROR user=null | ip=null | op=PUT_BLOCK {"blockData":"[blockId=conID: 4 locID: 115816896921600004 bcsId: 0 replicaIndex: null, size=2097152]"} | ret=FAILURE
org.apache.hadoop.hdds.scm.container.common.helpers.ContainerNotOpenException: Container 4 in CLOSED state
	at org.apache.hadoop.ozone.container.common.impl.HddsDispatcher.validateContainerCommand(HddsDispatcher.java:581)
	at org.apache.hadoop.ozone.container.common.transport.server.ratis.ContainerStateMachine.startTransaction(ContainerStateMachine.java:488)
	at org.apache.ratis.server.impl.RaftServerImpl.writeAsyncImpl(RaftServerImpl.java:987)
	at org.apache.ratis.server.impl.RaftServerImpl.writeAsync(RaftServerImpl.java:960)
	at org.apache.ratis.server.impl.RaftServerImpl.replyFuture(RaftServerImpl.java:953)
	at org.apache.ratis.server.impl.RaftServerImpl.submitClientRequestAsync(RaftServerImpl.java:930)
	at org.apache.ratis.server.impl.RaftServerImpl.lambda$null$11(RaftServerImpl.java:919)
	at org.apache.ratis.util.JavaUtils.callAsUnchecked(JavaUtils.java:118)
	at org.apache.ratis.server.impl.RaftServerImpl.lambda$executeSubmitClientRequestAsync$12(RaftServerImpl.java:919)
	at java.base/java.util.concurrent.CompletableFuture$AsyncSupply.run(CompletableFuture.java:1768)
	at java.base/java.util.concurrent.ThreadPoolExecutor.runWorker(ThreadPoolExecutor.java:1144)
	at java.base/java.util.concurrent.ThreadPoolExecutor$Worker.run(ThreadPoolExecutor.java:642)
	at java.base/java.lang.Thread.run(Thread.java:1583)
2025-09-13 17:32:38,674 [grpc-default-executor-0] ERROR impl.OrderedAsync (OrderedAsync.java:lambda$send$4(181)) - Failed to send request, message=cmdType: PutBlock
traceID: ""
containerID: 4
datanodeUuid: "3dbe4e49-25e9-43f5-94e0-3ca31f2aaaf2"
putBlock {
  blockData {
    blockID {
      containerID: 4
      localID: 115816896921600004
      blockCommitSequenceId: 0
    }
    metadata {
      key: "TYPE"
      value: "KEY"
    }
    chunks {
      chunkName: "115816896921600004_chunk_1"
      offset: 0
      len: 1048576
      checksumData {
        type: CRC32
        bytesPerChecksum: 16384
        checksums: "\326\360U\321"
        checksums: "\326\360U\321"
        checksums: "\326\360U\321"
        checksums: "\326\360U\321"
        checksums: "\326\360U\321"
        checksums: "\326\360U\321"
        checksums: "\326\360U\321"
        checksums: "\326\360U\321"
        checksums: "\326\360U\321"
        checksums: "\326\360U\321"
        checksums: "\326\360U\321"
        checksums: "\326\360U\321"
        checksums: "\326\360U\321"
        checksums: "\326\360U\321"
        checksums: "\326\360U\321"
        checksums: "\326\360U\321"
        checksums: "\326\360U\321"
        checksums: "\326\360U\321"
        checksums: "\326\360U\321"
        checksums: "\326\360U\321"
        checksums: "\326\360U\321"
        checksums: "\326\360U\321"
        checksums: "\326\360U\321"
        checksums: "\326\360U\321"
        checksums: "\326\360U\321"
        checksums: "\326\360U\321"
        checksums: "\326\360U\321"
        checksums: "\326\360U\321"
        checksums: "\326\360U\321"
        checksums: "\326\360U\321"
        checksums: "\326\360U\321"
        checksums: "\326\360U\321"
        checksums: "\326\360U\321"
        checksums: "\326\360U\321"
        checksums: "\326\360U\321"
        checksums: "\326\360U\321"
        checksums: "\326\360U\321"
        checksums: "\326\360U\321"
        checksums: "\326\360U\321"
        checksums: "\326\360U\321"
        checksums: "\326\360U\321"
        checksums: "\326\360U\321"
        checksums: "\326\360U\321"
        checksums: "\326\360U\321"
        checksums: "\326\360U\321"
        checksums: "\326\360U\321"
        checksums: "\326\360U\321"
        checksums: "\326\360U\321"
        checksums: "\326\360U\321"
        checksums: "\326\360U\321"
        checksums: "\326\360U\321"
        checksums: "\326\360U\321"
        checksums: "\326\360U\321"
        checksums: "\326\360U\321"
        checksums: "\326\360U\321"
        checksums: "\326\360U\321"
        checksums: "\326\360U\321"
        checksums: "\326\360U\321"
        checksums: "\326\360U\321"
        checksums: "\326\360U\321"
        checksums: "\326\360U\321"
        checksums: "\326\360U\321"
        checksums: "\326\360U\321"
        checksums: "\277r/p"
      }
    }
    chunks {
      chunkName: "115816896921600004_chunk_2"
      offset: 1048576
      len: 1048576
      checksumData {
        type: CRC32
        bytesPerChecksum: 16384
        checksums: "\326\360U\321"
        checksums: "\326\360U\321"
        checksums: "\326\360U\321"
        checksums: "\326\360U\321"
        checksums: "\326\360U\321"
        checksums: "\326\360U\321"
        checksums: "\326\360U\321"
        checksums: "\326\360U\321"
        checksums: "\326\360U\321"
        checksums: "\326\360U\321"
        checksums: "\326\360U\321"
        checksums: "\326\360U\321"
        checksums: "\326\360U\321"
        checksums: "\326\360U\321"
        checksums: "\326\360U\321"
        checksums: "\326\360U\321"
        checksums: "\326\360U\321"
        checksums: "\326\360U\321"
        checksums: "\326\360U\321"
        checksums: "\326\360U\321"
        checksums: "\326\360U\321"
        checksums: "\326\360U\321"
        checksums: "\326\360U\321"
        checksums: "\326\360U\321"
        checksums: "\326\360U\321"
        checksums: "\326\360U\321"
        checksums: "\326\360U\321"
        checksums: "\326\360U\321"
        checksums: "\326\360U\321"
        checksums: "\326\360U\321"
        checksums: "\326\360U\321"
        checksums: "\326\360U\321"
        checksums: "\326\360U\321"
        checksums: "\326\360U\321"
        checksums: "\326\360U\321"
        checksums: "\326\360U\321"
        checksums: "\326\360U\321"
        checksums: "\326\360U\321"
        checksums: "\326\360U\321"
        checksums: "\326\360U\321"
        checksums: "\326\360U\321"
        checksums: "\326\360U\321"
        checksums: "\326\360U\321"
        checksums: "\326\360U\321"
        checksums: "\326\360U\321"
        checksums: "\326\360U\321"
        checksums: "\326\360U\321"
        checksums: "\326\360U\321"
        checksums: "\326\360U\321"
        checksums: "\326\360U\321"
        checksums: "\326\360U\321"
        checksums: "\326\360U\321"
        checksums: "\326\360U\321"
        checksums: "\326\360U\321"
        checksums: "\326\360U\321"
        checksums: "\326\360U\321"
        checksums: "\326\360U\321"
        checksums: "\326\360U\321"
        checksums: "\326\360U\321"
        checksums: "\326\360U\321"
        checksums: "\326\360U\321"
        checksums: "\326\360U\321"
        checksums: "\326\360U\321"
        checksums: "\277r/p"
      }
    }
  }
  eof: false
}
version: 3
, data.size=0
java.util.concurrent.CompletionException: org.apache.ratis.protocol.exceptions.StateMachineException: org.apache.hadoop.hdds.scm.container.common.helpers.ContainerNotOpenException from Server 9b620cf5-1dd4-4083-97bd-ff44c8fea23e@group-A8D25C85FDCF: Container 4 in CLOSED state
	at org.apache.ratis.client.impl.RaftClientImpl.handleRaftException(RaftClientImpl.java:373)
	at org.apache.ratis.client.impl.OrderedAsync.lambda$send$3(OrderedAsync.java:175)
	at java.base/java.util.concurrent.CompletableFuture$UniApply.tryFire(CompletableFuture.java:646)
	at java.base/java.util.concurrent.CompletableFuture.postComplete(CompletableFuture.java:510)
	at java.base/java.util.concurrent.CompletableFuture.complete(CompletableFuture.java:2179)
	at org.apache.ratis.client.impl.OrderedAsync$PendingOrderedRequest.setReply(OrderedAsync.java:105)
	at org.apache.ratis.client.impl.OrderedAsync$PendingOrderedRequest.setReply(OrderedAsync.java:66)
	at org.apache.ratis.util.SlidingWindow$RequestMap.setReply(SlidingWindow.java:147)
	at org.apache.ratis.util.SlidingWindow$Client.receiveReply(SlidingWindow.java:351)
	at org.apache.ratis.client.impl.OrderedAsync.lambda$sendRequestWithRetry$5(OrderedAsync.java:210)
	at java.base/java.util.concurrent.CompletableFuture$UniAccept.tryFire(CompletableFuture.java:718)
	at java.base/java.util.concurrent.CompletableFuture.postComplete(CompletableFuture.java:510)
	at java.base/java.util.concurrent.CompletableFuture.complete(CompletableFuture.java:2179)
	at org.apache.ratis.grpc.client.GrpcClientProtocolClient$AsyncStreamObservers$1.lambda$onNext$0(GrpcClientProtocolClient.java:325)
	at java.base/java.util.Optional.ifPresent(Optional.java:178)
	at org.apache.ratis.grpc.client.GrpcClientProtocolClient$AsyncStreamObservers.handleReplyFuture(GrpcClientProtocolClient.java:381)
	at org.apache.ratis.grpc.client.GrpcClientProtocolClient$AsyncStreamObservers.access$100(GrpcClientProtocolClient.java:303)
	at org.apache.ratis.grpc.client.GrpcClientProtocolClient$AsyncStreamObservers$1.onNext(GrpcClientProtocolClient.java:325)
	at org.apache.ratis.grpc.client.GrpcClientProtocolClient$AsyncStreamObservers$1.onNext(GrpcClientProtocolClient.java:308)
	at org.apache.ratis.thirdparty.io.grpc.stub.ClientCalls$StreamObserverToCallListenerAdapter.onMessage(ClientCalls.java:551)
	at org.apache.ratis.thirdparty.io.grpc.ForwardingClientCallListener.onMessage(ForwardingClientCallListener.java:33)
	at org.apache.ratis.thirdparty.io.grpc.internal.DelayedClientCall$DelayedListener.onMessage(DelayedClientCall.java:473)
	at org.apache.ratis.thirdparty.io.grpc.internal.ClientCallImpl$ClientStreamListenerImpl$1MessagesAvailable.runInternal(ClientCallImpl.java:661)
	at org.apache.ratis.thirdparty.io.grpc.internal.ClientCallImpl$ClientStreamListenerImpl$1MessagesAvailable.runInContext(ClientCallImpl.java:648)
	at org.apache.ratis.thirdparty.io.grpc.internal.ContextRunnable.run(ContextRunnable.java:37)
	at org.apache.ratis.thirdparty.io.grpc.internal.SerializingExecutor.run(SerializingExecutor.java:133)
	at java.base/java.util.concurrent.ThreadPoolExecutor.runWorker(ThreadPoolExecutor.java:1144)
	at java.base/java.util.concurrent.ThreadPoolExecutor$Worker.run(ThreadPoolExecutor.java:642)
	at java.base/java.lang.Thread.run(Thread.java:1583)
Caused by: org.apache.ratis.protocol.exceptions.StateMachineException: org.apache.hadoop.hdds.scm.container.common.helpers.ContainerNotOpenException from Server 9b620cf5-1dd4-4083-97bd-ff44c8fea23e@group-A8D25C85FDCF: Container 4 in CLOSED state
	at org.apache.hadoop.ozone.container.common.impl.HddsDispatcher.validateContainerCommand(HddsDispatcher.java:581)
	at org.apache.hadoop.ozone.container.common.transport.server.ratis.ContainerStateMachine.startTransaction(ContainerStateMachine.java:488)
	at org.apache.ratis.server.impl.RaftServerImpl.writeAsyncImpl(RaftServerImpl.java:987)
	at org.apache.ratis.server.impl.RaftServerImpl.writeAsync(RaftServerImpl.java:960)
	at org.apache.ratis.server.impl.RaftServerImpl.replyFuture(RaftServerImpl.java:953)
	at org.apache.ratis.server.impl.RaftServerImpl.submitClientRequestAsync(RaftServerImpl.java:930)
	at org.apache.ratis.server.impl.RaftServerImpl.lambda$null$11(RaftServerImpl.java:919)
	at org.apache.ratis.util.JavaUtils.callAsUnchecked(JavaUtils.java:118)
	at org.apache.ratis.server.impl.RaftServerImpl.lambda$executeSubmitClientRequestAsync$12(RaftServerImpl.java:919)
	at java.base/java.util.concurrent.CompletableFuture$AsyncSupply.run(CompletableFuture.java:1768)
	... 3 more
Caused by: org.apache.hadoop.hdds.scm.container.common.helpers.ContainerNotOpenException: Container 4 in CLOSED state
	at java.base/jdk.internal.reflect.DirectConstructorHandleAccessor.newInstance(DirectConstructorHandleAccessor.java:62)
	at java.base/java.lang.reflect.Constructor.newInstanceWithCaller(Constructor.java:502)
	at java.base/java.lang.reflect.Constructor.newInstance(Constructor.java:486)
	at org.apache.ratis.util.ReflectionUtils.instantiateException(ReflectionUtils.java:265)
	at org.apache.ratis.client.impl.ClientProtoUtils.toStateMachineException(ClientProtoUtils.java:455)
	at org.apache.ratis.client.impl.ClientProtoUtils.toStateMachineException(ClientProtoUtils.java:441)
	at org.apache.ratis.client.impl.ClientProtoUtils.toRaftClientReply(ClientProtoUtils.java:408)
	at org.apache.ratis.grpc.client.GrpcClientProtocolClient$AsyncStreamObservers$1.onNext(GrpcClientProtocolClient.java:313)
	at org.apache.ratis.grpc.client.GrpcClientProtocolClient$AsyncStreamObservers$1.onNext(GrpcClientProtocolClient.java:308)
	at org.apache.ratis.thirdparty.io.grpc.stub.ClientCalls$StreamObserverToCallListenerAdapter.onMessage(ClientCalls.java:551)
	at org.apache.ratis.thirdparty.io.grpc.ForwardingClientCallListener.onMessage(ForwardingClientCallListener.java:33)
	at org.apache.ratis.thirdparty.io.grpc.internal.DelayedClientCall$DelayedListener.onMessage(DelayedClientCall.java:473)
	at org.apache.ratis.thirdparty.io.grpc.internal.ClientCallImpl$ClientStreamListenerImpl$1MessagesAvailable.runInternal(ClientCallImpl.java:661)
	at org.apache.ratis.thirdparty.io.grpc.internal.ClientCallImpl$ClientStreamListenerImpl$1MessagesAvailable.runInContext(ClientCallImpl.java:648)
	at org.apache.ratis.thirdparty.io.grpc.internal.ContextRunnable.run(ContextRunnable.java:37)
	at org.apache.ratis.thirdparty.io.grpc.internal.SerializingExecutor.run(SerializingExecutor.java:133)
	... 3 more
2025-09-13 17:32:38,709 [ForkJoinPool-1-worker-1] INFO  io.BlockOutputStreamEntry (BlockOutputStreamEntry.java:writeOnRetry(192)) - BlockOutputStreamEntry:caa144e1-a4ff-4e58-87d7-fbe381f16b1a conID: 5 locID: 115816896921600005 bcsId: 0 replicaIndex: null: Finish retrying with len 1048576, currentPosition 1048576
2025-09-13 17:32:38,709 [ForkJoinPool-1-worker-1] INFO  io.BlockOutputStreamEntry (BlockOutputStreamEntry.java:finishRetryHandling(141)) - BlockOutputStreamEntry:caa144e1-a4ff-4e58-87d7-fbe381f16b1a conID: 5 locID: 115816896921600005 bcsId: 0 replicaIndex: null: Exiting retry handling mode
]]></system-out>
  </testcase>
  <testcase name="testWriteSmallFile" classname="org.apache.hadoop.ozone.client.rpc.TestFailureHandlingByClient" time="41.411">
    <system-out><![CDATA[2025-09-13 17:32:38,807 [ForkJoinPool-1-worker-1] INFO  ozoneimpl.OzoneContainer (OzoneContainer.java:stop(549)) - Attempting to stop container services.
2025-09-13 17:32:38,807 [ContainerMetadataScanner] WARN  ozoneimpl.AbstractBackgroundContainerScanner (AbstractBackgroundContainerScanner.java:handleRemainingSleep(136)) - Background container scan was interrupted.
2025-09-13 17:32:38,807 [ContainerMetadataScanner] INFO  ozoneimpl.AbstractBackgroundContainerScanner (AbstractBackgroundContainerScanner.java:run(63)) - org.apache.hadoop.ozone.container.ozoneimpl.BackgroundContainerMetadataScanner@2344beb9 exiting.
2025-09-13 17:32:38,808 [ForkJoinPool-1-worker-1] INFO  ozoneimpl.BackgroundContainerDataScanner (BackgroundContainerDataScanner.java:shutdown(87)) - ContainerDataScanner(/home/runner/work/ozone/ozone/hadoop-ozone/integration-test/target/test-dir/MiniOzoneClusterImpl-1331a795-ed08-415d-924a-7661a5cf51a5/ozone-metadata/datanode-3/data-0/hdds) is shutting down. 
2025-09-13 17:32:38,808 [ContainerDataScanner(/home/runner/work/ozone/ozone/hadoop-ozone/integration-test/target/test-dir/MiniOzoneClusterImpl-1331a795-ed08-415d-924a-7661a5cf51a5/ozone-metadata/datanode-3/data-0/hdds)] WARN  ozoneimpl.AbstractBackgroundContainerScanner (AbstractBackgroundContainerScanner.java:handleRemainingSleep(136)) - Background container scan was interrupted.
2025-09-13 17:32:38,808 [ContainerDataScanner(/home/runner/work/ozone/ozone/hadoop-ozone/integration-test/target/test-dir/MiniOzoneClusterImpl-1331a795-ed08-415d-924a-7661a5cf51a5/ozone-metadata/datanode-3/data-0/hdds)] INFO  ozoneimpl.AbstractBackgroundContainerScanner (AbstractBackgroundContainerScanner.java:run(63)) - ContainerDataScanner(/home/runner/work/ozone/ozone/hadoop-ozone/integration-test/target/test-dir/MiniOzoneClusterImpl-1331a795-ed08-415d-924a-7661a5cf51a5/ozone-metadata/datanode-3/data-0/hdds, DS-7c74f027-72de-49ce-b83a-c2c2856c274d) exiting.
2025-09-13 17:32:38,809 [ForkJoinPool-1-worker-1] INFO  ozoneimpl.OnDemandContainerScanner (OnDemandContainerScanner.java:shutdown(141)) - On-demand container scanner is shutting down.
2025-09-13 17:32:38,810 [ForkJoinPool-1-worker-1] INFO  ratis.XceiverServerRatis (XceiverServerRatis.java:stop(595)) - Closing XceiverServerRatis(13facd30-3950-4310-8b1a-93d004abbbdd)
2025-09-13 17:32:38,810 [ForkJoinPool-1-worker-1] INFO  server.RaftServer (RaftServerProxy.java:lambda$close$9(422)) - 13facd30-3950-4310-8b1a-93d004abbbdd: close
2025-09-13 17:32:38,811 [13facd30-3950-4310-8b1a-93d004abbbdd-impl-thread2] INFO  server.RaftServer$Division (RaftServerImpl.java:lambda$close$1(527)) - 13facd30-3950-4310-8b1a-93d004abbbdd@group-CF05563D4821: shutdown
2025-09-13 17:32:38,811 [13facd30-3950-4310-8b1a-93d004abbbdd-impl-thread2] INFO  util.JmxRegister (JmxRegister.java:unregister(74)) - Successfully un-registered JMX Bean with object name Ratis:service=RaftServer,group=group-CF05563D4821,id=13facd30-3950-4310-8b1a-93d004abbbdd
2025-09-13 17:32:38,811 [13facd30-3950-4310-8b1a-93d004abbbdd-impl-thread2] INFO  impl.RoleInfo (RoleInfo.java:shutdownLeaderState(103)) - 13facd30-3950-4310-8b1a-93d004abbbdd: shutdown 13facd30-3950-4310-8b1a-93d004abbbdd@group-CF05563D4821-LeaderStateImpl
2025-09-13 17:32:38,811 [13facd30-3950-4310-8b1a-93d004abbbdd-impl-thread2] INFO  impl.PendingRequests (PendingRequests.java:sendNotLeaderResponses(287)) - 13facd30-3950-4310-8b1a-93d004abbbdd@group-CF05563D4821-PendingRequests: sendNotLeaderResponses
2025-09-13 17:32:38,812 [13facd30-3950-4310-8b1a-93d004abbbdd@group-CF05563D4821->9e23e878-9bb3-42b5-8b94-e0e229812e65-GrpcLogAppender-LogAppenderDaemon] WARN  server.GrpcLogAppender (GrpcLogAppender.java:mayWait(300)) - 13facd30-3950-4310-8b1a-93d004abbbdd@group-CF05563D4821->9e23e878-9bb3-42b5-8b94-e0e229812e65-GrpcLogAppender: Wait interrupted by java.lang.InterruptedException
2025-09-13 17:32:38,812 [13facd30-3950-4310-8b1a-93d004abbbdd@group-CF05563D4821->36d876fb-a458-4393-963b-58eeedb8ba95-GrpcLogAppender-LogAppenderDaemon] WARN  server.GrpcLogAppender (GrpcLogAppender.java:mayWait(300)) - 13facd30-3950-4310-8b1a-93d004abbbdd@group-CF05563D4821->36d876fb-a458-4393-963b-58eeedb8ba95-GrpcLogAppender: Wait interrupted by java.lang.InterruptedException
2025-09-13 17:32:38,812 [grpc-default-executor-10] INFO  server.GrpcServerProtocolService (GrpcServerProtocolService.java:lambda$onCompleted$6(171)) - 9e23e878-9bb3-42b5-8b94-e0e229812e65: Completed APPEND_ENTRIES, lastRequest: null 
2025-09-13 17:32:38,812 [ForkJoinPool-1-worker-1] INFO  server.GrpcServicesImpl (GrpcServicesImpl.java:closeImpl(355)) - 13facd30-3950-4310-8b1a-93d004abbbdd: shutdown server org.apache.ratis.grpc.server.GrpcClientProtocolService now
2025-09-13 17:32:38,812 [13facd30-3950-4310-8b1a-93d004abbbdd-impl-thread3] INFO  server.RaftServer$Division (RaftServerImpl.java:lambda$close$1(527)) - 13facd30-3950-4310-8b1a-93d004abbbdd@group-C6159B6E7E4C: shutdown
2025-09-13 17:32:38,813 [13facd30-3950-4310-8b1a-93d004abbbdd-impl-thread3] INFO  util.JmxRegister (JmxRegister.java:unregister(74)) - Successfully un-registered JMX Bean with object name Ratis:service=RaftServer,group=group-C6159B6E7E4C,id=13facd30-3950-4310-8b1a-93d004abbbdd
2025-09-13 17:32:38,813 [13facd30-3950-4310-8b1a-93d004abbbdd-impl-thread4] INFO  server.RaftServer$Division (RaftServerImpl.java:lambda$close$1(527)) - 13facd30-3950-4310-8b1a-93d004abbbdd@group-D5D0288CE997: shutdown
2025-09-13 17:32:38,813 [13facd30-3950-4310-8b1a-93d004abbbdd-impl-thread3] INFO  impl.RoleInfo (RoleInfo.java:shutdownLeaderState(103)) - 13facd30-3950-4310-8b1a-93d004abbbdd: shutdown 13facd30-3950-4310-8b1a-93d004abbbdd@group-C6159B6E7E4C-LeaderStateImpl
2025-09-13 17:32:38,813 [13facd30-3950-4310-8b1a-93d004abbbdd-impl-thread4] INFO  util.JmxRegister (JmxRegister.java:unregister(74)) - Successfully un-registered JMX Bean with object name Ratis:service=RaftServer,group=group-D5D0288CE997,id=13facd30-3950-4310-8b1a-93d004abbbdd
2025-09-13 17:32:38,813 [13facd30-3950-4310-8b1a-93d004abbbdd-impl-thread3] INFO  impl.PendingRequests (PendingRequests.java:sendNotLeaderResponses(287)) - 13facd30-3950-4310-8b1a-93d004abbbdd@group-C6159B6E7E4C-PendingRequests: sendNotLeaderResponses
2025-09-13 17:32:38,813 [13facd30-3950-4310-8b1a-93d004abbbdd-impl-thread4] INFO  impl.RoleInfo (RoleInfo.java:shutdownFollowerState(121)) - 13facd30-3950-4310-8b1a-93d004abbbdd: shutdown 13facd30-3950-4310-8b1a-93d004abbbdd@group-D5D0288CE997-FollowerState
2025-09-13 17:32:38,813 [13facd30-3950-4310-8b1a-93d004abbbdd@group-D5D0288CE997-StateMachineUpdater] INFO  ratis.ContainerStateMachine (ContainerStateMachine.java:takeSnapshot(427)) - group-D5D0288CE997: Taking a snapshot at:(t:1, i:14) file /home/runner/work/ozone/ozone/hadoop-ozone/integration-test/target/test-dir/MiniOzoneClusterImpl-1331a795-ed08-415d-924a-7661a5cf51a5/ozone-metadata/datanode-3/ratis/71f8f458-3dd2-4722-a002-d5d0288ce997/sm/snapshot.1_14
2025-09-13 17:32:38,813 [13facd30-3950-4310-8b1a-93d004abbbdd-impl-thread4] INFO  impl.StateMachineUpdater (StateMachineUpdater.java:stopAndJoin(163)) - 13facd30-3950-4310-8b1a-93d004abbbdd@group-D5D0288CE997-StateMachineUpdater: set stopIndex = 14
2025-09-13 17:32:38,813 [13facd30-3950-4310-8b1a-93d004abbbdd@group-D5D0288CE997-FollowerState] INFO  impl.FollowerState (FollowerState.java:runImpl(170)) - 13facd30-3950-4310-8b1a-93d004abbbdd@group-D5D0288CE997-FollowerState was interrupted
2025-09-13 17:32:38,814 [13facd30-3950-4310-8b1a-93d004abbbdd-impl-thread2] INFO  impl.StateMachineUpdater (StateMachineUpdater.java:stopAndJoin(163)) - 13facd30-3950-4310-8b1a-93d004abbbdd@group-CF05563D4821-StateMachineUpdater: set stopIndex = 0
2025-09-13 17:32:38,814 [grpc-default-executor-8] INFO  server.GrpcServerProtocolService (GrpcServerProtocolService.java:lambda$onCompleted$6(171)) - 36d876fb-a458-4393-963b-58eeedb8ba95: Completed APPEND_ENTRIES, lastRequest: null 
2025-09-13 17:32:38,814 [grpc-default-executor-8] INFO  server.GrpcServerProtocolService (GrpcServerProtocolService.java:lambda$null$7(175)) - 36d876fb-a458-4393-963b-58eeedb8ba95: Completed APPEND_ENTRIES, lastReply: serverReply {
  requestorId: "13facd30-3950-4310-8b1a-93d004abbbdd"
  replyId: "36d876fb-a458-4393-963b-58eeedb8ba95"
  raftGroupId {
    id: "Y\302ZL\260\bL#\277.\317\005V=H!"
  }
  callId: 150
  success: true
}
term: 1
nextIndex: 1
matchIndex: 18446744073709551615
isHearbeat: true
 
2025-09-13 17:32:38,814 [Thread-1719] INFO  server.GrpcServerProtocolClient (GrpcServerProtocolClient.java:close(105)) - 9e23e878-9bb3-42b5-8b94-e0e229812e65 Close channels
2025-09-13 17:32:38,814 [Thread-1720] INFO  server.GrpcServerProtocolClient (GrpcServerProtocolClient.java:close(105)) - 36d876fb-a458-4393-963b-58eeedb8ba95 Close channels
2025-09-13 17:32:38,815 [13facd30-3950-4310-8b1a-93d004abbbdd@group-D5D0288CE997-StateMachineUpdater] INFO  ratis.ContainerStateMachine (ContainerStateMachine.java:takeSnapshot(436)) - group-D5D0288CE997: Finished taking a snapshot at:(t:1, i:14) file:/home/runner/work/ozone/ozone/hadoop-ozone/integration-test/target/test-dir/MiniOzoneClusterImpl-1331a795-ed08-415d-924a-7661a5cf51a5/ozone-metadata/datanode-3/ratis/71f8f458-3dd2-4722-a002-d5d0288ce997/sm/snapshot.1_14 took: 2 ms
2025-09-13 17:32:38,813 [grpc-default-executor-10] INFO  server.GrpcServerProtocolService (GrpcServerProtocolService.java:lambda$null$7(175)) - 9e23e878-9bb3-42b5-8b94-e0e229812e65: Completed APPEND_ENTRIES, lastReply: serverReply {
  requestorId: "13facd30-3950-4310-8b1a-93d004abbbdd"
  replyId: "9e23e878-9bb3-42b5-8b94-e0e229812e65"
  raftGroupId {
    id: "Y\302ZL\260\bL#\277.\317\005V=H!"
  }
  callId: 152
  success: true
}
term: 1
nextIndex: 1
matchIndex: 18446744073709551615
isHearbeat: true
 
2025-09-13 17:32:38,814 [13facd30-3950-4310-8b1a-93d004abbbdd@group-CF05563D4821-StateMachineUpdater] INFO  ratis.ContainerStateMachine (ContainerStateMachine.java:takeSnapshot(427)) - group-CF05563D4821: Taking a snapshot at:(t:1, i:0) file /home/runner/work/ozone/ozone/hadoop-ozone/integration-test/target/test-dir/MiniOzoneClusterImpl-1331a795-ed08-415d-924a-7661a5cf51a5/ozone-metadata/datanode-3/ratis/59c25a4c-b008-4c23-bf2e-cf05563d4821/sm/snapshot.1_0
2025-09-13 17:32:38,816 [13facd30-3950-4310-8b1a-93d004abbbdd@group-D5D0288CE997-StateMachineUpdater] INFO  impl.StateMachineUpdater (StateMachineUpdater.java:takeSnapshot(307)) - 13facd30-3950-4310-8b1a-93d004abbbdd@group-D5D0288CE997-StateMachineUpdater: Took a snapshot at index 14
2025-09-13 17:32:38,816 [13facd30-3950-4310-8b1a-93d004abbbdd@group-D5D0288CE997-StateMachineUpdater] INFO  impl.StateMachineUpdater (StateMachineUpdater.java:lambda$new$0(101)) - 13facd30-3950-4310-8b1a-93d004abbbdd@group-D5D0288CE997-StateMachineUpdater: snapshotIndex: updateIncreasingly -1 -> 14
2025-09-13 17:32:38,816 [13facd30-3950-4310-8b1a-93d004abbbdd@group-D5D0288CE997-StateMachineUpdater] INFO  impl.StateMachineUpdater (StateMachineUpdater.java:stop(140)) - 13facd30-3950-4310-8b1a-93d004abbbdd@group-D5D0288CE997-StateMachineUpdater: closing ContainerStateMachine, lastApplied=(t:1, i:14)
2025-09-13 17:32:38,817 [grpc-default-executor-3] INFO  server.GrpcLogAppender (GrpcLogAppender.java:onCompleted(558)) - 13facd30-3950-4310-8b1a-93d004abbbdd@group-CF05563D4821->36d876fb-a458-4393-963b-58eeedb8ba95-AppendLogResponseHandler: follower responses appendEntries COMPLETED
2025-09-13 17:32:38,817 [grpc-default-executor-3] WARN  server.GrpcLogAppender (GrpcLogAppender.java:resetClient(237)) - 13facd30-3950-4310-8b1a-93d004abbbdd@group-CF05563D4821->36d876fb-a458-4393-963b-58eeedb8ba95-GrpcLogAppender: Failed to getClient for 36d876fb-a458-4393-963b-58eeedb8ba95
org.apache.ratis.protocol.exceptions.AlreadyClosedException: 13facd30-3950-4310-8b1a-93d004abbbdd is already CLOSED
	at org.apache.ratis.util.PeerProxyMap$PeerAndProxy.getProxy(PeerProxyMap.java:67)
	at org.apache.ratis.util.PeerProxyMap.getProxy(PeerProxyMap.java:124)
	at org.apache.ratis.grpc.server.GrpcLogAppender.getClient(GrpcLogAppender.java:207)
	at org.apache.ratis.grpc.server.GrpcLogAppender.resetClient(GrpcLogAppender.java:212)
	at org.apache.ratis.grpc.server.GrpcLogAppender.access$800(GrpcLogAppender.java:70)
	at org.apache.ratis.grpc.server.GrpcLogAppender$AppendLogResponseHandler.onCompleted(GrpcLogAppender.java:559)
	at org.apache.ratis.thirdparty.io.grpc.stub.ClientCalls$StreamObserverToCallListenerAdapter.onClose(ClientCalls.java:562)
	at org.apache.ratis.thirdparty.io.grpc.internal.ClientCallImpl.closeObserver(ClientCallImpl.java:565)
	at org.apache.ratis.thirdparty.io.grpc.internal.ClientCallImpl.access$100(ClientCallImpl.java:72)
	at org.apache.ratis.thirdparty.io.grpc.internal.ClientCallImpl$ClientStreamListenerImpl$1StreamClosed.runInternal(ClientCallImpl.java:733)
	at org.apache.ratis.thirdparty.io.grpc.internal.ClientCallImpl$ClientStreamListenerImpl$1StreamClosed.runInContext(ClientCallImpl.java:714)
	at org.apache.ratis.thirdparty.io.grpc.internal.ContextRunnable.run(ContextRunnable.java:37)
	at org.apache.ratis.thirdparty.io.grpc.internal.SerializingExecutor.run(SerializingExecutor.java:133)
	at java.base/java.util.concurrent.ThreadPoolExecutor.runWorker(ThreadPoolExecutor.java:1144)
	at java.base/java.util.concurrent.ThreadPoolExecutor$Worker.run(ThreadPoolExecutor.java:642)
	at java.base/java.lang.Thread.run(Thread.java:1583)
2025-09-13 17:32:38,817 [13facd30-3950-4310-8b1a-93d004abbbdd@group-CF05563D4821-StateMachineUpdater] INFO  ratis.ContainerStateMachine (ContainerStateMachine.java:takeSnapshot(436)) - group-CF05563D4821: Finished taking a snapshot at:(t:1, i:0) file:/home/runner/work/ozone/ozone/hadoop-ozone/integration-test/target/test-dir/MiniOzoneClusterImpl-1331a795-ed08-415d-924a-7661a5cf51a5/ozone-metadata/datanode-3/ratis/59c25a4c-b008-4c23-bf2e-cf05563d4821/sm/snapshot.1_0 took: 3 ms
2025-09-13 17:32:38,817 [13facd30-3950-4310-8b1a-93d004abbbdd@group-C6159B6E7E4C-StateMachineUpdater] INFO  ratis.ContainerStateMachine (ContainerStateMachine.java:takeSnapshot(427)) - group-C6159B6E7E4C: Taking a snapshot at:(t:1, i:0) file /home/runner/work/ozone/ozone/hadoop-ozone/integration-test/target/test-dir/MiniOzoneClusterImpl-1331a795-ed08-415d-924a-7661a5cf51a5/ozone-metadata/datanode-3/ratis/f7fa2a76-8c89-4e33-b3f9-c6159b6e7e4c/sm/snapshot.1_0
2025-09-13 17:32:38,818 [13facd30-3950-4310-8b1a-93d004abbbdd@group-CF05563D4821-StateMachineUpdater] INFO  impl.StateMachineUpdater (StateMachineUpdater.java:takeSnapshot(307)) - 13facd30-3950-4310-8b1a-93d004abbbdd@group-CF05563D4821-StateMachineUpdater: Took a snapshot at index 0
2025-09-13 17:32:38,818 [13facd30-3950-4310-8b1a-93d004abbbdd@group-CF05563D4821-StateMachineUpdater] INFO  impl.StateMachineUpdater (StateMachineUpdater.java:lambda$new$0(101)) - 13facd30-3950-4310-8b1a-93d004abbbdd@group-CF05563D4821-StateMachineUpdater: snapshotIndex: updateIncreasingly -1 -> 0
2025-09-13 17:32:38,818 [13facd30-3950-4310-8b1a-93d004abbbdd@group-CF05563D4821-StateMachineUpdater] INFO  impl.StateMachineUpdater (StateMachineUpdater.java:stop(140)) - 13facd30-3950-4310-8b1a-93d004abbbdd@group-CF05563D4821-StateMachineUpdater: closing ContainerStateMachine, lastApplied=(t:1, i:0)
2025-09-13 17:32:38,817 [13facd30-3950-4310-8b1a-93d004abbbdd-impl-thread3] INFO  impl.StateMachineUpdater (StateMachineUpdater.java:stopAndJoin(163)) - 13facd30-3950-4310-8b1a-93d004abbbdd@group-C6159B6E7E4C-StateMachineUpdater: set stopIndex = 0
2025-09-13 17:32:38,819 [grpc-default-executor-1] INFO  server.GrpcLogAppender (GrpcLogAppender.java:onCompleted(558)) - 13facd30-3950-4310-8b1a-93d004abbbdd@group-CF05563D4821->9e23e878-9bb3-42b5-8b94-e0e229812e65-AppendLogResponseHandler: follower responses appendEntries COMPLETED
2025-09-13 17:32:38,819 [grpc-default-executor-1] WARN  server.GrpcLogAppender (GrpcLogAppender.java:resetClient(237)) - 13facd30-3950-4310-8b1a-93d004abbbdd@group-CF05563D4821->9e23e878-9bb3-42b5-8b94-e0e229812e65-GrpcLogAppender: Failed to getClient for 9e23e878-9bb3-42b5-8b94-e0e229812e65
org.apache.ratis.protocol.exceptions.AlreadyClosedException: 13facd30-3950-4310-8b1a-93d004abbbdd is already CLOSED
	at org.apache.ratis.util.PeerProxyMap$PeerAndProxy.getProxy(PeerProxyMap.java:67)
	at org.apache.ratis.util.PeerProxyMap.getProxy(PeerProxyMap.java:124)
	at org.apache.ratis.grpc.server.GrpcLogAppender.getClient(GrpcLogAppender.java:207)
	at org.apache.ratis.grpc.server.GrpcLogAppender.resetClient(GrpcLogAppender.java:212)
	at org.apache.ratis.grpc.server.GrpcLogAppender.access$800(GrpcLogAppender.java:70)
	at org.apache.ratis.grpc.server.GrpcLogAppender$AppendLogResponseHandler.onCompleted(GrpcLogAppender.java:559)
	at org.apache.ratis.thirdparty.io.grpc.stub.ClientCalls$StreamObserverToCallListenerAdapter.onClose(ClientCalls.java:562)
	at org.apache.ratis.thirdparty.io.grpc.internal.DelayedClientCall$DelayedListener$3.run(DelayedClientCall.java:489)
	at org.apache.ratis.thirdparty.io.grpc.internal.DelayedClientCall$DelayedListener.delayOrExecute(DelayedClientCall.java:453)
	at org.apache.ratis.thirdparty.io.grpc.internal.DelayedClientCall$DelayedListener.onClose(DelayedClientCall.java:486)
	at org.apache.ratis.thirdparty.io.grpc.internal.ClientCallImpl.closeObserver(ClientCallImpl.java:565)
	at org.apache.ratis.thirdparty.io.grpc.internal.ClientCallImpl.access$100(ClientCallImpl.java:72)
	at org.apache.ratis.thirdparty.io.grpc.internal.ClientCallImpl$ClientStreamListenerImpl$1StreamClosed.runInternal(ClientCallImpl.java:733)
	at org.apache.ratis.thirdparty.io.grpc.internal.ClientCallImpl$ClientStreamListenerImpl$1StreamClosed.runInContext(ClientCallImpl.java:714)
	at org.apache.ratis.thirdparty.io.grpc.internal.ContextRunnable.run(ContextRunnable.java:37)
	at org.apache.ratis.thirdparty.io.grpc.internal.SerializingExecutor.run(SerializingExecutor.java:133)
	at java.base/java.util.concurrent.ThreadPoolExecutor.runWorker(ThreadPoolExecutor.java:1144)
	at java.base/java.util.concurrent.ThreadPoolExecutor$Worker.run(ThreadPoolExecutor.java:642)
	at java.base/java.lang.Thread.run(Thread.java:1583)
2025-09-13 17:32:38,819 [13facd30-3950-4310-8b1a-93d004abbbdd@group-C6159B6E7E4C-StateMachineUpdater] INFO  ratis.ContainerStateMachine (ContainerStateMachine.java:takeSnapshot(436)) - group-C6159B6E7E4C: Finished taking a snapshot at:(t:1, i:0) file:/home/runner/work/ozone/ozone/hadoop-ozone/integration-test/target/test-dir/MiniOzoneClusterImpl-1331a795-ed08-415d-924a-7661a5cf51a5/ozone-metadata/datanode-3/ratis/f7fa2a76-8c89-4e33-b3f9-c6159b6e7e4c/sm/snapshot.1_0 took: 2 ms
2025-09-13 17:32:38,819 [13facd30-3950-4310-8b1a-93d004abbbdd@group-C6159B6E7E4C-StateMachineUpdater] INFO  impl.StateMachineUpdater (StateMachineUpdater.java:takeSnapshot(307)) - 13facd30-3950-4310-8b1a-93d004abbbdd@group-C6159B6E7E4C-StateMachineUpdater: Took a snapshot at index 0
2025-09-13 17:32:38,819 [13facd30-3950-4310-8b1a-93d004abbbdd@group-C6159B6E7E4C-StateMachineUpdater] INFO  impl.StateMachineUpdater (StateMachineUpdater.java:lambda$new$0(101)) - 13facd30-3950-4310-8b1a-93d004abbbdd@group-C6159B6E7E4C-StateMachineUpdater: snapshotIndex: updateIncreasingly -1 -> 0
2025-09-13 17:32:38,819 [13facd30-3950-4310-8b1a-93d004abbbdd@group-C6159B6E7E4C-StateMachineUpdater] INFO  impl.StateMachineUpdater (StateMachineUpdater.java:stop(140)) - 13facd30-3950-4310-8b1a-93d004abbbdd@group-C6159B6E7E4C-StateMachineUpdater: closing ContainerStateMachine, lastApplied=(t:1, i:0)
2025-09-13 17:32:38,820 [13facd30-3950-4310-8b1a-93d004abbbdd@group-C6159B6E7E4C-cacheEviction-AwaitToRun] INFO  util.AwaitToRun (AwaitToRun.java:run(49)) - 13facd30-3950-4310-8b1a-93d004abbbdd@group-C6159B6E7E4C-cacheEviction-AwaitToRun-AwaitForSignal is interrupted
2025-09-13 17:32:38,820 [grpc-default-executor-9] INFO  server.GrpcLogAppender (GrpcLogAppender.java:onCompleted(558)) - 13facd30-3950-4310-8b1a-93d004abbbdd@group-CF05563D4821->36d876fb-a458-4393-963b-58eeedb8ba95-AppendLogResponseHandler: follower responses appendEntries COMPLETED
2025-09-13 17:32:38,820 [grpc-default-executor-9] WARN  server.GrpcLogAppender (GrpcLogAppender.java:resetClient(237)) - 13facd30-3950-4310-8b1a-93d004abbbdd@group-CF05563D4821->36d876fb-a458-4393-963b-58eeedb8ba95-GrpcLogAppender: Failed to getClient for 36d876fb-a458-4393-963b-58eeedb8ba95
org.apache.ratis.protocol.exceptions.AlreadyClosedException: 13facd30-3950-4310-8b1a-93d004abbbdd is already CLOSED
	at org.apache.ratis.util.PeerProxyMap$PeerAndProxy.getProxy(PeerProxyMap.java:67)
	at org.apache.ratis.util.PeerProxyMap.getProxy(PeerProxyMap.java:124)
	at org.apache.ratis.grpc.server.GrpcLogAppender.getClient(GrpcLogAppender.java:207)
	at org.apache.ratis.grpc.server.GrpcLogAppender.resetClient(GrpcLogAppender.java:212)
	at org.apache.ratis.grpc.server.GrpcLogAppender.access$800(GrpcLogAppender.java:70)
	at org.apache.ratis.grpc.server.GrpcLogAppender$AppendLogResponseHandler.onCompleted(GrpcLogAppender.java:559)
	at org.apache.ratis.thirdparty.io.grpc.stub.ClientCalls$StreamObserverToCallListenerAdapter.onClose(ClientCalls.java:562)
	at org.apache.ratis.thirdparty.io.grpc.internal.DelayedClientCall$DelayedListener$3.run(DelayedClientCall.java:489)
	at org.apache.ratis.thirdparty.io.grpc.internal.DelayedClientCall$DelayedListener.delayOrExecute(DelayedClientCall.java:453)
	at org.apache.ratis.thirdparty.io.grpc.internal.DelayedClientCall$DelayedListener.onClose(DelayedClientCall.java:486)
	at org.apache.ratis.thirdparty.io.grpc.internal.ClientCallImpl.closeObserver(ClientCallImpl.java:565)
	at org.apache.ratis.thirdparty.io.grpc.internal.ClientCallImpl.access$100(ClientCallImpl.java:72)
	at org.apache.ratis.thirdparty.io.grpc.internal.ClientCallImpl$ClientStreamListenerImpl$1StreamClosed.runInternal(ClientCallImpl.java:733)
	at org.apache.ratis.thirdparty.io.grpc.internal.ClientCallImpl$ClientStreamListenerImpl$1StreamClosed.runInContext(ClientCallImpl.java:714)
	at org.apache.ratis.thirdparty.io.grpc.internal.ContextRunnable.run(ContextRunnable.java:37)
	at org.apache.ratis.thirdparty.io.grpc.internal.SerializingExecutor.run(SerializingExecutor.java:133)
	at java.base/java.util.concurrent.ThreadPoolExecutor.runWorker(ThreadPoolExecutor.java:1144)
	at java.base/java.util.concurrent.ThreadPoolExecutor$Worker.run(ThreadPoolExecutor.java:642)
	at java.base/java.lang.Thread.run(Thread.java:1583)
2025-09-13 17:32:38,821 [grpc-default-executor-9] INFO  server.GrpcLogAppender (GrpcLogAppender.java:onCompleted(558)) - 13facd30-3950-4310-8b1a-93d004abbbdd@group-CF05563D4821->9e23e878-9bb3-42b5-8b94-e0e229812e65-AppendLogResponseHandler: follower responses appendEntries COMPLETED
2025-09-13 17:32:38,821 [grpc-default-executor-9] WARN  server.GrpcLogAppender (GrpcLogAppender.java:resetClient(237)) - 13facd30-3950-4310-8b1a-93d004abbbdd@group-CF05563D4821->9e23e878-9bb3-42b5-8b94-e0e229812e65-GrpcLogAppender: Failed to getClient for 9e23e878-9bb3-42b5-8b94-e0e229812e65
org.apache.ratis.protocol.exceptions.AlreadyClosedException: 13facd30-3950-4310-8b1a-93d004abbbdd is already CLOSED
	at org.apache.ratis.util.PeerProxyMap$PeerAndProxy.getProxy(PeerProxyMap.java:67)
	at org.apache.ratis.util.PeerProxyMap.getProxy(PeerProxyMap.java:124)
	at org.apache.ratis.grpc.server.GrpcLogAppender.getClient(GrpcLogAppender.java:207)
	at org.apache.ratis.grpc.server.GrpcLogAppender.resetClient(GrpcLogAppender.java:212)
	at org.apache.ratis.grpc.server.GrpcLogAppender.access$800(GrpcLogAppender.java:70)
	at org.apache.ratis.grpc.server.GrpcLogAppender$AppendLogResponseHandler.onCompleted(GrpcLogAppender.java:559)
	at org.apache.ratis.thirdparty.io.grpc.stub.ClientCalls$StreamObserverToCallListenerAdapter.onClose(ClientCalls.java:562)
	at org.apache.ratis.thirdparty.io.grpc.internal.ClientCallImpl.closeObserver(ClientCallImpl.java:565)
	at org.apache.ratis.thirdparty.io.grpc.internal.ClientCallImpl.access$100(ClientCallImpl.java:72)
	at org.apache.ratis.thirdparty.io.grpc.internal.ClientCallImpl$ClientStreamListenerImpl$1StreamClosed.runInternal(ClientCallImpl.java:733)
	at org.apache.ratis.thirdparty.io.grpc.internal.ClientCallImpl$ClientStreamListenerImpl$1StreamClosed.runInContext(ClientCallImpl.java:714)
	at org.apache.ratis.thirdparty.io.grpc.internal.ContextRunnable.run(ContextRunnable.java:37)
	at org.apache.ratis.thirdparty.io.grpc.internal.SerializingExecutor.run(SerializingExecutor.java:133)
	at java.base/java.util.concurrent.ThreadPoolExecutor.runWorker(ThreadPoolExecutor.java:1144)
	at java.base/java.util.concurrent.ThreadPoolExecutor$Worker.run(ThreadPoolExecutor.java:642)
	at java.base/java.lang.Thread.run(Thread.java:1583)
2025-09-13 17:32:38,822 [ForkJoinPool-1-worker-1] INFO  server.GrpcServicesImpl (GrpcServicesImpl.java:closeImpl(364)) - 13facd30-3950-4310-8b1a-93d004abbbdd: shutdown server org.apache.ratis.grpc.server.GrpcClientProtocolService successfully
2025-09-13 17:32:38,822 [ForkJoinPool-1-worker-1] INFO  server.GrpcServicesImpl (GrpcServicesImpl.java:closeImpl(355)) - 13facd30-3950-4310-8b1a-93d004abbbdd: shutdown server GrpcServerProtocolService now
2025-09-13 17:32:38,822 [13facd30-3950-4310-8b1a-93d004abbbdd@group-D5D0288CE997-cacheEviction-AwaitToRun] INFO  util.AwaitToRun (AwaitToRun.java:run(49)) - 13facd30-3950-4310-8b1a-93d004abbbdd@group-D5D0288CE997-cacheEviction-AwaitToRun-AwaitForSignal is interrupted
2025-09-13 17:32:38,823 [13facd30-3950-4310-8b1a-93d004abbbdd@group-CF05563D4821-cacheEviction-AwaitToRun] INFO  util.AwaitToRun (AwaitToRun.java:run(49)) - 13facd30-3950-4310-8b1a-93d004abbbdd@group-CF05563D4821-cacheEviction-AwaitToRun-AwaitForSignal is interrupted
2025-09-13 17:32:38,823 [grpc-default-executor-3] WARN  server.GrpcServerProtocolService (LogUtils.java:warn(127)) - 13facd30-3950-4310-8b1a-93d004abbbdd: APPEND_ENTRIES onError, lastRequest: null: org.apache.ratis.thirdparty.io.grpc.StatusRuntimeException: CANCELLED: client cancelled
2025-09-13 17:32:38,824 [grpc-default-executor-9] WARN  server.GrpcLogAppender (LogUtils.java:warn(127)) - 36d876fb-a458-4393-963b-58eeedb8ba95@group-D5D0288CE997->13facd30-3950-4310-8b1a-93d004abbbdd-AppendLogResponseHandler: Failed appendEntries: org.apache.ratis.thirdparty.io.grpc.StatusRuntimeException: CANCELLED: RST_STREAM closed stream. HTTP/2 error code: CANCEL
2025-09-13 17:32:38,824 [grpc-default-executor-9] WARN  server.GrpcLogAppender (GrpcLogAppender.java:lambda$resetClient$1(228)) - 36d876fb-a458-4393-963b-58eeedb8ba95@group-D5D0288CE997->13facd30-3950-4310-8b1a-93d004abbbdd-GrpcLogAppender: Follower failed (request=null, errorCount=1); keep nextIndex (16) unchanged and retry.
2025-09-13 17:32:38,824 [ForkJoinPool-1-worker-1] INFO  server.GrpcServicesImpl (GrpcServicesImpl.java:closeImpl(364)) - 13facd30-3950-4310-8b1a-93d004abbbdd: shutdown server GrpcServerProtocolService successfully
2025-09-13 17:32:38,824 [grpc-default-executor-10] WARN  server.GrpcServerProtocolService (LogUtils.java:warn(127)) - 13facd30-3950-4310-8b1a-93d004abbbdd: APPEND_ENTRIES onError, lastRequest: 36d876fb-a458-4393-963b-58eeedb8ba95->13facd30-3950-4310-8b1a-93d004abbbdd#191-t1,previous=(t:1, i:14),leaderCommit=14,initializing? false,entries: size=1, first=(t:1, i:15), METADATAENTRY(c:14): org.apache.ratis.thirdparty.io.grpc.StatusRuntimeException: CANCELLED: client cancelled
2025-09-13 17:32:38,824 [ForkJoinPool-1-worker-1] INFO  server.GrpcServicesImpl (GrpcServicesImpl.java:closeImpl(355)) - 13facd30-3950-4310-8b1a-93d004abbbdd: shutdown server org.apache.ratis.grpc.server.GrpcAdminProtocolService now
2025-09-13 17:32:38,825 [ForkJoinPool-1-worker-1] INFO  server.GrpcServicesImpl (GrpcServicesImpl.java:closeImpl(364)) - 13facd30-3950-4310-8b1a-93d004abbbdd: shutdown server org.apache.ratis.grpc.server.GrpcAdminProtocolService successfully
2025-09-13 17:32:38,831 [13facd30-3950-4310-8b1a-93d004abbbdd-NettyServerStreamRpc-bossGroup--thread1] INFO  logging.LoggingHandler (AbstractInternalLogger.java:log(148)) - [id: 0x0bdde5ec, L:/0.0.0.0:15032] CLOSE
2025-09-13 17:32:38,831 [13facd30-3950-4310-8b1a-93d004abbbdd-NettyServerStreamRpc-bossGroup--thread1] INFO  logging.LoggingHandler (AbstractInternalLogger.java:log(148)) - [id: 0x0bdde5ec, L:/0.0.0.0:15032] INACTIVE
2025-09-13 17:32:38,831 [13facd30-3950-4310-8b1a-93d004abbbdd-NettyServerStreamRpc-bossGroup--thread1] INFO  logging.LoggingHandler (AbstractInternalLogger.java:log(148)) - [id: 0x0bdde5ec, L:/0.0.0.0:15032] UNREGISTERED
2025-09-13 17:32:38,958 [13facd30-3950-4310-8b1a-93d004abbbdd-impl-thread3] INFO  segmented.SegmentedRaftLogWorker (SegmentedRaftLogWorker.java:close(254)) - 13facd30-3950-4310-8b1a-93d004abbbdd@group-C6159B6E7E4C-SegmentedRaftLogWorker close()
2025-09-13 17:32:38,958 [13facd30-3950-4310-8b1a-93d004abbbdd-impl-thread3] INFO  ratis.ContainerStateMachine (ContainerStateMachine.java:notifyServerShutdown(1038)) - group-C6159B6E7E4C is closed by HddsDatanodeService
2025-09-13 17:32:39,225 [13facd30-3950-4310-8b1a-93d004abbbdd-impl-thread2] INFO  segmented.SegmentedRaftLogWorker (SegmentedRaftLogWorker.java:close(254)) - 13facd30-3950-4310-8b1a-93d004abbbdd@group-CF05563D4821-SegmentedRaftLogWorker close()
2025-09-13 17:32:39,225 [13facd30-3950-4310-8b1a-93d004abbbdd-impl-thread2] INFO  ratis.ContainerStateMachine (ContainerStateMachine.java:notifyServerShutdown(1038)) - group-CF05563D4821 is closed by HddsDatanodeService
2025-09-13 17:32:39,715 [13facd30-3950-4310-8b1a-93d004abbbdd-impl-thread4] INFO  segmented.SegmentedRaftLogWorker (SegmentedRaftLogWorker.java:close(254)) - 13facd30-3950-4310-8b1a-93d004abbbdd@group-D5D0288CE997-SegmentedRaftLogWorker close()
2025-09-13 17:32:39,715 [13facd30-3950-4310-8b1a-93d004abbbdd-impl-thread4] INFO  ratis.ContainerStateMachine (ContainerStateMachine.java:notifyServerShutdown(1038)) - group-D5D0288CE997 is closed by HddsDatanodeService
2025-09-13 17:32:39,716 [JvmPauseMonitor5] INFO  util.JvmPauseMonitor (JvmPauseMonitor.java:run(152)) - JvmPauseMonitor-13facd30-3950-4310-8b1a-93d004abbbdd: Stopped
2025-09-13 17:32:40,064 [timer0] WARN  server.GrpcLogAppender (LogUtils.java:warn(127)) - e114cbd1-8f45-4cc5-a8b1-e2bd6cad48a0@group-23D9289878C2->beda0dcb-37da-4cca-bea2-e222cb1bc351-AppendLogResponseHandler: Failed appendEntries (Repeated 8 times in the last 5.000s): org.apache.ratis.thirdparty.io.grpc.StatusRuntimeException: UNAVAILABLE: io exception
  Caused by: org.apache.ratis.thirdparty.io.netty.channel.AbstractChannel$AnnotatedConnectException: finishConnect(..) failed: Connection refused: /127.0.0.1:15039
  Caused by: java.net.ConnectException: finishConnect(..) failed: Connection refused
2025-09-13 17:32:40,066 [timer2] WARN  server.GrpcLogAppender (GrpcLogAppender.java:lambda$resetClient$1(228)) - e114cbd1-8f45-4cc5-a8b1-e2bd6cad48a0@group-23D9289878C2->beda0dcb-37da-4cca-bea2-e222cb1bc351-GrpcLogAppender: Follower failed (request=null, errorCount=2); keep nextIndex (5) unchanged and retry. (Repeated 2 times in the last 5.000s)
2025-09-13 17:32:40,068 [36d876fb-a458-4393-963b-58eeedb8ba95@group-CF05563D4821-FollowerState] INFO  impl.FollowerState (FollowerState.java:runImpl(161)) - 36d876fb-a458-4393-963b-58eeedb8ba95@group-CF05563D4821-FollowerState: change to CANDIDATE, lastRpcElapsedTime:1640742844ns, electionTimeout:1191ms
2025-09-13 17:32:40,069 [36d876fb-a458-4393-963b-58eeedb8ba95@group-CF05563D4821-FollowerState] INFO  impl.RoleInfo (RoleInfo.java:shutdownFollowerState(121)) - 36d876fb-a458-4393-963b-58eeedb8ba95: shutdown 36d876fb-a458-4393-963b-58eeedb8ba95@group-CF05563D4821-FollowerState
2025-09-13 17:32:40,069 [36d876fb-a458-4393-963b-58eeedb8ba95@group-CF05563D4821-FollowerState] INFO  server.RaftServer$Division (RaftServerImpl.java:setRole(392)) - 36d876fb-a458-4393-963b-58eeedb8ba95@group-CF05563D4821: changes role from  FOLLOWER to CANDIDATE at term 1 for changeToCandidate
2025-09-13 17:32:40,069 [36d876fb-a458-4393-963b-58eeedb8ba95@group-CF05563D4821-FollowerState] INFO  impl.RoleInfo (RoleInfo.java:updateAndGet(148)) - 36d876fb-a458-4393-963b-58eeedb8ba95: start 36d876fb-a458-4393-963b-58eeedb8ba95@group-CF05563D4821-LeaderElection141
2025-09-13 17:32:40,069 [36d876fb-a458-4393-963b-58eeedb8ba95@group-CF05563D4821-LeaderElection141] INFO  server.RaftServer$Division (ServerState.java:setLeader(272)) - 36d876fb-a458-4393-963b-58eeedb8ba95@group-CF05563D4821: change Leader from 13facd30-3950-4310-8b1a-93d004abbbdd to null at term 1 for PRE_VOTE
2025-09-13 17:32:40,069 [36d876fb-a458-4393-963b-58eeedb8ba95@group-CF05563D4821-LeaderElection141] INFO  impl.LeaderElection (LeaderElection.java:askForVotes(448)) - 36d876fb-a458-4393-963b-58eeedb8ba95@group-CF05563D4821-LeaderElection141 PRE_VOTE round 0: submit vote requests at term 1 for conf: {index: 0, cur=peers:[9e23e878-9bb3-42b5-8b94-e0e229812e65|127.0.0.1:15023, 13facd30-3950-4310-8b1a-93d004abbbdd|127.0.0.1:15031, 36d876fb-a458-4393-963b-58eeedb8ba95|127.0.0.1:15015]|listeners:[], old=null}
2025-09-13 17:32:40,070 [timer7] WARN  server.GrpcLogAppender (GrpcLogAppender.java:lambda$resetClient$1(228)) - e114cbd1-8f45-4cc5-a8b1-e2bd6cad48a0@group-23D9289878C2->beda0dcb-37da-4cca-bea2-e222cb1bc351-GrpcLogAppender: Follower failed (request=null, errorCount=4); keep nextIndex (6) unchanged and retry. (Repeated 2 times in the last 5.000s)
2025-09-13 17:32:40,070 [36d876fb-a458-4393-963b-58eeedb8ba95@group-CF05563D4821-LeaderElection141] INFO  impl.LeaderElection (LogUtils.java:infoOrTrace(142)) - 36d876fb-a458-4393-963b-58eeedb8ba95@group-CF05563D4821-LeaderElection141 got exception when requesting votes: java.util.concurrent.ExecutionException: org.apache.ratis.thirdparty.io.grpc.StatusRuntimeException: UNAVAILABLE: io exception
2025-09-13 17:32:40,071 [grpc-default-executor-9] INFO  server.RaftServer$Division (RaftServerImpl.java:requestVote(1421)) - 9e23e878-9bb3-42b5-8b94-e0e229812e65@group-CF05563D4821: receive requestVote(PRE_VOTE, 36d876fb-a458-4393-963b-58eeedb8ba95, group-CF05563D4821, 1, (t:1, i:0))
2025-09-13 17:32:40,072 [grpc-default-executor-9] INFO  impl.VoteContext (VoteContext.java:log(49)) - 9e23e878-9bb3-42b5-8b94-e0e229812e65@group-CF05563D4821-FOLLOWER: accept PRE_VOTE from 36d876fb-a458-4393-963b-58eeedb8ba95: our priority 0 <= candidate's priority 0
2025-09-13 17:32:40,072 [grpc-default-executor-9] INFO  server.RaftServer$Division (RaftServerImpl.java:requestVote(1455)) - 9e23e878-9bb3-42b5-8b94-e0e229812e65@group-CF05563D4821 replies to PRE_VOTE vote request: 36d876fb-a458-4393-963b-58eeedb8ba95<-9e23e878-9bb3-42b5-8b94-e0e229812e65#0:OK-t1-last:(t:1, i:0). Peer's state: 9e23e878-9bb3-42b5-8b94-e0e229812e65@group-CF05563D4821:t1, leader=13facd30-3950-4310-8b1a-93d004abbbdd, voted=13facd30-3950-4310-8b1a-93d004abbbdd, raftlog=Memoized:9e23e878-9bb3-42b5-8b94-e0e229812e65@group-CF05563D4821-SegmentedRaftLog:OPENED:c0:last(t:1, i:0), conf=conf: {index: 0, cur=peers:[9e23e878-9bb3-42b5-8b94-e0e229812e65|127.0.0.1:15023, 13facd30-3950-4310-8b1a-93d004abbbdd|127.0.0.1:15031, 36d876fb-a458-4393-963b-58eeedb8ba95|127.0.0.1:15015]|listeners:[], old=null}
2025-09-13 17:32:40,073 [36d876fb-a458-4393-963b-58eeedb8ba95@group-CF05563D4821-LeaderElection141] INFO  impl.LeaderElection (LeaderElection.java:logAndReturn(206)) - 36d876fb-a458-4393-963b-58eeedb8ba95@group-CF05563D4821-LeaderElection141: PRE_VOTE PASSED received 1 response(s) and 1 exception(s):
2025-09-13 17:32:40,073 [36d876fb-a458-4393-963b-58eeedb8ba95@group-CF05563D4821-LeaderElection141] INFO  impl.LeaderElection (LeaderElection.java:logAndReturn(210)) -   Response 0: 36d876fb-a458-4393-963b-58eeedb8ba95<-9e23e878-9bb3-42b5-8b94-e0e229812e65#0:OK-t1-last:(t:1, i:0)
2025-09-13 17:32:40,073 [36d876fb-a458-4393-963b-58eeedb8ba95@group-CF05563D4821-LeaderElection141] INFO  impl.LeaderElection (LogUtils.java:infoOrTrace(142)) -   Exception 1: java.util.concurrent.ExecutionException: org.apache.ratis.thirdparty.io.grpc.StatusRuntimeException: UNAVAILABLE: io exception
2025-09-13 17:32:40,073 [36d876fb-a458-4393-963b-58eeedb8ba95@group-CF05563D4821-LeaderElection141] INFO  impl.LeaderElection (LeaderElection.java:askForVotes(450)) - 36d876fb-a458-4393-963b-58eeedb8ba95@group-CF05563D4821-LeaderElection141 PRE_VOTE round 0: result PASSED
2025-09-13 17:32:40,075 [36d876fb-a458-4393-963b-58eeedb8ba95@group-CF05563D4821-LeaderElection141] INFO  impl.LeaderElection (LeaderElection.java:askForVotes(448)) - 36d876fb-a458-4393-963b-58eeedb8ba95@group-CF05563D4821-LeaderElection141 ELECTION round 0: submit vote requests at term 2 for conf: {index: 0, cur=peers:[9e23e878-9bb3-42b5-8b94-e0e229812e65|127.0.0.1:15023, 13facd30-3950-4310-8b1a-93d004abbbdd|127.0.0.1:15031, 36d876fb-a458-4393-963b-58eeedb8ba95|127.0.0.1:15015]|listeners:[], old=null}
2025-09-13 17:32:40,075 [36d876fb-a458-4393-963b-58eeedb8ba95@group-CF05563D4821-LeaderElection141] INFO  impl.LeaderElection (LogUtils.java:infoOrTrace(142)) - 36d876fb-a458-4393-963b-58eeedb8ba95@group-CF05563D4821-LeaderElection141 got exception when requesting votes: java.util.concurrent.ExecutionException: org.apache.ratis.thirdparty.io.grpc.StatusRuntimeException: UNAVAILABLE: io exception
2025-09-13 17:32:40,076 [grpc-default-executor-9] INFO  server.RaftServer$Division (RaftServerImpl.java:requestVote(1421)) - 9e23e878-9bb3-42b5-8b94-e0e229812e65@group-CF05563D4821: receive requestVote(ELECTION, 36d876fb-a458-4393-963b-58eeedb8ba95, group-CF05563D4821, 2, (t:1, i:0))
2025-09-13 17:32:40,076 [grpc-default-executor-9] INFO  impl.VoteContext (VoteContext.java:log(49)) - 9e23e878-9bb3-42b5-8b94-e0e229812e65@group-CF05563D4821-FOLLOWER: accept ELECTION from 36d876fb-a458-4393-963b-58eeedb8ba95: our priority 0 <= candidate's priority 0
2025-09-13 17:32:40,076 [grpc-default-executor-9] INFO  server.RaftServer$Division (RaftServerImpl.java:setRole(392)) - 9e23e878-9bb3-42b5-8b94-e0e229812e65@group-CF05563D4821: changes role from  FOLLOWER to FOLLOWER at term 1 for candidate:36d876fb-a458-4393-963b-58eeedb8ba95
2025-09-13 17:32:40,076 [grpc-default-executor-9] INFO  impl.RoleInfo (RoleInfo.java:shutdownFollowerState(121)) - 9e23e878-9bb3-42b5-8b94-e0e229812e65: shutdown 9e23e878-9bb3-42b5-8b94-e0e229812e65@group-CF05563D4821-FollowerState
2025-09-13 17:32:40,076 [grpc-default-executor-9] INFO  server.RaftServer$Division (ServerState.java:setLeader(272)) - 9e23e878-9bb3-42b5-8b94-e0e229812e65@group-CF05563D4821: change Leader from 13facd30-3950-4310-8b1a-93d004abbbdd to null at term 2 for updateCurrentTerm
2025-09-13 17:32:40,076 [9e23e878-9bb3-42b5-8b94-e0e229812e65@group-CF05563D4821-FollowerState] INFO  impl.FollowerState (FollowerState.java:runImpl(170)) - 9e23e878-9bb3-42b5-8b94-e0e229812e65@group-CF05563D4821-FollowerState was interrupted
2025-09-13 17:32:40,076 [grpc-default-executor-9] INFO  impl.RoleInfo (RoleInfo.java:updateAndGet(148)) - 9e23e878-9bb3-42b5-8b94-e0e229812e65: start 9e23e878-9bb3-42b5-8b94-e0e229812e65@group-CF05563D4821-FollowerState
2025-09-13 17:32:40,077 [grpc-default-executor-9] INFO  server.RaftServer$Division (RaftServerImpl.java:requestVote(1455)) - 9e23e878-9bb3-42b5-8b94-e0e229812e65@group-CF05563D4821 replies to ELECTION vote request: 36d876fb-a458-4393-963b-58eeedb8ba95<-9e23e878-9bb3-42b5-8b94-e0e229812e65#0:OK-t2-last:(t:1, i:0). Peer's state: 9e23e878-9bb3-42b5-8b94-e0e229812e65@group-CF05563D4821:t2, leader=null, voted=36d876fb-a458-4393-963b-58eeedb8ba95, raftlog=Memoized:9e23e878-9bb3-42b5-8b94-e0e229812e65@group-CF05563D4821-SegmentedRaftLog:OPENED:c0:last(t:1, i:0), conf=conf: {index: 0, cur=peers:[9e23e878-9bb3-42b5-8b94-e0e229812e65|127.0.0.1:15023, 13facd30-3950-4310-8b1a-93d004abbbdd|127.0.0.1:15031, 36d876fb-a458-4393-963b-58eeedb8ba95|127.0.0.1:15015]|listeners:[], old=null}
2025-09-13 17:32:40,078 [36d876fb-a458-4393-963b-58eeedb8ba95@group-CF05563D4821-LeaderElection141] INFO  impl.LeaderElection (LeaderElection.java:logAndReturn(206)) - 36d876fb-a458-4393-963b-58eeedb8ba95@group-CF05563D4821-LeaderElection141: ELECTION PASSED received 1 response(s) and 1 exception(s):
2025-09-13 17:32:40,078 [36d876fb-a458-4393-963b-58eeedb8ba95@group-CF05563D4821-LeaderElection141] INFO  impl.LeaderElection (LeaderElection.java:logAndReturn(210)) -   Response 0: 36d876fb-a458-4393-963b-58eeedb8ba95<-9e23e878-9bb3-42b5-8b94-e0e229812e65#0:OK-t2-last:(t:1, i:0)
2025-09-13 17:32:40,078 [36d876fb-a458-4393-963b-58eeedb8ba95@group-CF05563D4821-LeaderElection141] INFO  impl.LeaderElection (LogUtils.java:infoOrTrace(142)) -   Exception 1: java.util.concurrent.ExecutionException: org.apache.ratis.thirdparty.io.grpc.StatusRuntimeException: UNAVAILABLE: io exception
2025-09-13 17:32:40,078 [36d876fb-a458-4393-963b-58eeedb8ba95@group-CF05563D4821-LeaderElection141] INFO  impl.LeaderElection (LeaderElection.java:askForVotes(450)) - 36d876fb-a458-4393-963b-58eeedb8ba95@group-CF05563D4821-LeaderElection141 ELECTION round 0: result PASSED
2025-09-13 17:32:40,078 [36d876fb-a458-4393-963b-58eeedb8ba95@group-CF05563D4821-LeaderElection141] INFO  impl.RoleInfo (RoleInfo.java:shutdownLeaderElection(141)) - 36d876fb-a458-4393-963b-58eeedb8ba95: shutdown 36d876fb-a458-4393-963b-58eeedb8ba95@group-CF05563D4821-LeaderElection141
2025-09-13 17:32:40,078 [36d876fb-a458-4393-963b-58eeedb8ba95@group-CF05563D4821-LeaderElection141] INFO  server.RaftServer$Division (RaftServerImpl.java:setRole(392)) - 36d876fb-a458-4393-963b-58eeedb8ba95@group-CF05563D4821: changes role from CANDIDATE to LEADER at term 2 for changeToLeader
2025-09-13 17:32:40,078 [36d876fb-a458-4393-963b-58eeedb8ba95@group-CF05563D4821-LeaderElection141] INFO  server.RaftServerConfigKeys (ConfUtils.java:logFallback(69)) - raft.server.staging.timeout = 3600ms (fallback to raft.server.rpc.timeout.max)
2025-09-13 17:32:40,079 [36d876fb-a458-4393-963b-58eeedb8ba95@group-CF05563D4821-LeaderElection141] INFO  server.RaftServerConfigKeys (ConfUtils.java:logGet(62)) - raft.server.write.byte-limit = 1024 M (=1073741824) (custom)
2025-09-13 17:32:40,080 [36d876fb-a458-4393-963b-58eeedb8ba95@group-CF05563D4821-LeaderElection141] INFO  server.RaftServerConfigKeys (ConfUtils.java:logGet(62)) - raft.server.log.appender.buffer.byte-limit = 33554432 (custom)
2025-09-13 17:32:40,081 [36d876fb-a458-4393-963b-58eeedb8ba95@group-CF05563D4821-LeaderElection141] INFO  server.RaftServerConfigKeys (ConfUtils.java:logGet(62)) - raft.server.log.appender.buffer.byte-limit = 33554432 (custom)
2025-09-13 17:32:40,081 [36d876fb-a458-4393-963b-58eeedb8ba95@group-CF05563D4821-LeaderElection141] INFO  impl.RoleInfo (RoleInfo.java:updateAndGet(148)) - 36d876fb-a458-4393-963b-58eeedb8ba95: start 36d876fb-a458-4393-963b-58eeedb8ba95@group-CF05563D4821-LeaderStateImpl
2025-09-13 17:32:40,081 [36d876fb-a458-4393-963b-58eeedb8ba95@group-CF05563D4821-LeaderElection141] INFO  ratis.XceiverServerRatis (XceiverServerRatis.java:handleLeaderChangedNotification(932)) - Leader change notification received for group: group-CF05563D4821 with new leaderId: 36d876fb-a458-4393-963b-58eeedb8ba95
2025-09-13 17:32:40,081 [36d876fb-a458-4393-963b-58eeedb8ba95@group-CF05563D4821-LeaderElection141] INFO  server.RaftServer$Division (ServerState.java:setLeader(272)) - 36d876fb-a458-4393-963b-58eeedb8ba95@group-CF05563D4821: change Leader from null to 36d876fb-a458-4393-963b-58eeedb8ba95 at term 2 for becomeLeader, leader elected after 12ms
2025-09-13 17:32:40,082 [36d876fb-a458-4393-963b-58eeedb8ba95@group-CF05563D4821-LeaderElection141] INFO  segmented.SegmentedRaftLogWorker (SegmentedRaftLogWorker.java:rollLogSegment(445)) - 36d876fb-a458-4393-963b-58eeedb8ba95@group-CF05563D4821-SegmentedRaftLogWorker: Rolling segment log-0_0 to index:0
2025-09-13 17:32:40,082 [36d876fb-a458-4393-963b-58eeedb8ba95@group-CF05563D4821-LeaderElection141] INFO  server.RaftServer$Division (ServerState.java:setRaftConf(386)) - 36d876fb-a458-4393-963b-58eeedb8ba95@group-CF05563D4821: set configuration conf: {index: 1, cur=peers:[9e23e878-9bb3-42b5-8b94-e0e229812e65|127.0.0.1:15023, 13facd30-3950-4310-8b1a-93d004abbbdd|127.0.0.1:15031, 36d876fb-a458-4393-963b-58eeedb8ba95|127.0.0.1:15015]|listeners:[], old=null}
2025-09-13 17:32:40,083 [36d876fb-a458-4393-963b-58eeedb8ba95@group-CF05563D4821-SegmentedRaftLogWorker] INFO  segmented.SegmentedRaftLogWorker (SegmentedRaftLogWorker.java:execute(604)) - 36d876fb-a458-4393-963b-58eeedb8ba95@group-CF05563D4821-SegmentedRaftLogWorker: Rolled log segment from /home/runner/work/ozone/ozone/hadoop-ozone/integration-test/target/test-dir/MiniOzoneClusterImpl-1331a795-ed08-415d-924a-7661a5cf51a5/ozone-metadata/datanode-1/ratis/59c25a4c-b008-4c23-bf2e-cf05563d4821/current/log_inprogress_0 to /home/runner/work/ozone/ozone/hadoop-ozone/integration-test/target/test-dir/MiniOzoneClusterImpl-1331a795-ed08-415d-924a-7661a5cf51a5/ozone-metadata/datanode-1/ratis/59c25a4c-b008-4c23-bf2e-cf05563d4821/current/log_0-0
2025-09-13 17:32:40,084 [36d876fb-a458-4393-963b-58eeedb8ba95@group-CF05563D4821-SegmentedRaftLogWorker] INFO  segmented.BufferedWriteChannel (BufferedWriteChannel.java:open(61)) - open log_inprogress_1 at position 0
2025-09-13 17:32:40,084 [timer2] WARN  server.GrpcLogAppender (GrpcLogAppender.java:lambda$resetClient$1(228)) - e114cbd1-8f45-4cc5-a8b1-e2bd6cad48a0@group-23D9289878C2->beda0dcb-37da-4cca-bea2-e222cb1bc351-GrpcLogAppender: Follower failed (request=null, errorCount=8); keep nextIndex (7) unchanged and retry. (Repeated 4 times in the last 5.000s)
2025-09-13 17:32:40,085 [grpc-default-executor-9] WARN  server.GrpcLogAppender (LogUtils.java:warn(127)) - 36d876fb-a458-4393-963b-58eeedb8ba95@group-CF05563D4821->13facd30-3950-4310-8b1a-93d004abbbdd-AppendLogResponseHandler: Failed appendEntries: org.apache.ratis.thirdparty.io.grpc.StatusRuntimeException: UNAVAILABLE: io exception
  Caused by: org.apache.ratis.thirdparty.io.netty.channel.AbstractChannel$AnnotatedConnectException: finishConnect(..) failed: Connection refused: /127.0.0.1:15031
  Caused by: java.net.ConnectException: finishConnect(..) failed: Connection refused
2025-09-13 17:32:40,086 [grpc-default-executor-9] WARN  server.GrpcLogAppender (GrpcLogAppender.java:lambda$resetClient$1(228)) - 36d876fb-a458-4393-963b-58eeedb8ba95@group-CF05563D4821->13facd30-3950-4310-8b1a-93d004abbbdd-GrpcLogAppender: Follower failed (request=null, errorCount=1); keep nextIndex (1) unchanged and retry.
2025-09-13 17:32:40,086 [grpc-default-executor-10] INFO  ratis.XceiverServerRatis (XceiverServerRatis.java:handleLeaderChangedNotification(932)) - Leader change notification received for group: group-CF05563D4821 with new leaderId: 36d876fb-a458-4393-963b-58eeedb8ba95
2025-09-13 17:32:40,086 [grpc-default-executor-10] INFO  server.RaftServer$Division (ServerState.java:setLeader(272)) - 9e23e878-9bb3-42b5-8b94-e0e229812e65@group-CF05563D4821: change Leader from null to 36d876fb-a458-4393-963b-58eeedb8ba95 at term 2 for appendEntries, leader elected after 10ms
2025-09-13 17:32:40,087 [grpc-default-executor-9] INFO  server.RaftServer$Division (ServerState.java:setRaftConf(386)) - 9e23e878-9bb3-42b5-8b94-e0e229812e65@group-CF05563D4821: set configuration conf: {index: 1, cur=peers:[9e23e878-9bb3-42b5-8b94-e0e229812e65|127.0.0.1:15023, 13facd30-3950-4310-8b1a-93d004abbbdd|127.0.0.1:15031, 36d876fb-a458-4393-963b-58eeedb8ba95|127.0.0.1:15015]|listeners:[], old=null}
2025-09-13 17:32:40,087 [grpc-default-executor-9] INFO  segmented.SegmentedRaftLogWorker (SegmentedRaftLogWorker.java:rollLogSegment(445)) - 9e23e878-9bb3-42b5-8b94-e0e229812e65@group-CF05563D4821-SegmentedRaftLogWorker: Rolling segment log-0_0 to index:0
2025-09-13 17:32:40,088 [grpc-default-executor-10] WARN  server.GrpcLogAppender (GrpcLogAppender.java:lambda$resetClient$1(228)) - 36d876fb-a458-4393-963b-58eeedb8ba95@group-CF05563D4821->13facd30-3950-4310-8b1a-93d004abbbdd-GrpcLogAppender: Follower failed (request=null, errorCount=3); keep nextIndex (2) unchanged and retry.
2025-09-13 17:32:40,090 [9e23e878-9bb3-42b5-8b94-e0e229812e65@group-CF05563D4821-SegmentedRaftLogWorker] INFO  segmented.SegmentedRaftLogWorker (SegmentedRaftLogWorker.java:execute(604)) - 9e23e878-9bb3-42b5-8b94-e0e229812e65@group-CF05563D4821-SegmentedRaftLogWorker: Rolled log segment from /home/runner/work/ozone/ozone/hadoop-ozone/integration-test/target/test-dir/MiniOzoneClusterImpl-1331a795-ed08-415d-924a-7661a5cf51a5/ozone-metadata/datanode-2/ratis/59c25a4c-b008-4c23-bf2e-cf05563d4821/current/log_inprogress_0 to /home/runner/work/ozone/ozone/hadoop-ozone/integration-test/target/test-dir/MiniOzoneClusterImpl-1331a795-ed08-415d-924a-7661a5cf51a5/ozone-metadata/datanode-2/ratis/59c25a4c-b008-4c23-bf2e-cf05563d4821/current/log_0-0
2025-09-13 17:32:40,090 [9e23e878-9bb3-42b5-8b94-e0e229812e65@group-CF05563D4821-SegmentedRaftLogWorker] INFO  segmented.BufferedWriteChannel (BufferedWriteChannel.java:open(61)) - open log_inprogress_1 at position 0
2025-09-13 17:32:40,093 [36d876fb-a458-4393-963b-58eeedb8ba95@group-CF05563D4821-SegmentedRaftLogWorker] INFO  segmented.SegmentedRaftLogWorker (SegmentedRaftLogWorker.java:execute(647)) - 36d876fb-a458-4393-963b-58eeedb8ba95@group-CF05563D4821-SegmentedRaftLogWorker: created new log segment /home/runner/work/ozone/ozone/hadoop-ozone/integration-test/target/test-dir/MiniOzoneClusterImpl-1331a795-ed08-415d-924a-7661a5cf51a5/ozone-metadata/datanode-1/ratis/59c25a4c-b008-4c23-bf2e-cf05563d4821/current/log_inprogress_1
2025-09-13 17:32:40,096 [9e23e878-9bb3-42b5-8b94-e0e229812e65@group-CF05563D4821-SegmentedRaftLogWorker] INFO  segmented.SegmentedRaftLogWorker (SegmentedRaftLogWorker.java:execute(647)) - 9e23e878-9bb3-42b5-8b94-e0e229812e65@group-CF05563D4821-SegmentedRaftLogWorker: created new log segment /home/runner/work/ozone/ozone/hadoop-ozone/integration-test/target/test-dir/MiniOzoneClusterImpl-1331a795-ed08-415d-924a-7661a5cf51a5/ozone-metadata/datanode-2/ratis/59c25a4c-b008-4c23-bf2e-cf05563d4821/current/log_inprogress_1
2025-09-13 17:32:40,098 [grpc-default-executor-10] WARN  server.GrpcLogAppender (GrpcLogAppender.java:lambda$resetClient$1(228)) - 36d876fb-a458-4393-963b-58eeedb8ba95@group-CF05563D4821->13facd30-3950-4310-8b1a-93d004abbbdd-GrpcLogAppender: Follower failed (request=null, errorCount=5); keep nextIndex (3) unchanged and retry.
2025-09-13 17:32:40,100 [36d876fb-a458-4393-963b-58eeedb8ba95@group-CF05563D4821-StateMachineUpdater] INFO  server.RaftServer$Division (LeaderStateImpl.java:checkStartIndex(309)) - Leader 36d876fb-a458-4393-963b-58eeedb8ba95@group-CF05563D4821-LeaderStateImpl is ready since appliedIndex == startIndex == 1
2025-09-13 17:32:41,721 [ForkJoinPool-1-worker-1] INFO  utils.DatanodeStoreCache (DatanodeStoreCache.java:shutdownCache(110)) - Skip clearing cache in mini cluster mode. Entries left: [/home/runner/work/ozone/ozone/hadoop-ozone/integration-test/target/test-dir/MiniOzoneClusterImpl-1331a795-ed08-415d-924a-7661a5cf51a5/ozone-metadata/datanode-1/data-0/hdds/1331a795-ed08-415d-924a-7661a5cf51a5/DS-cef04933-4ce8-4840-b22e-4ad87088cbdd/container.db, /home/runner/work/ozone/ozone/hadoop-ozone/integration-test/target/test-dir/MiniOzoneClusterImpl-1331a795-ed08-415d-924a-7661a5cf51a5/ozone-metadata/datanode-10/data-0/hdds/1331a795-ed08-415d-924a-7661a5cf51a5/DS-2f2d0a7f-394e-472e-bb26-a84cc7eb1472/container.db, /home/runner/work/ozone/ozone/hadoop-ozone/integration-test/target/test-dir/MiniOzoneClusterImpl-1331a795-ed08-415d-924a-7661a5cf51a5/ozone-metadata/datanode-2/data-0/hdds/1331a795-ed08-415d-924a-7661a5cf51a5/DS-ce29b877-3335-47dd-ae87-6ca9399c09a2/container.db, /home/runner/work/ozone/ozone/hadoop-ozone/integration-test/target/test-dir/MiniOzoneClusterImpl-1331a795-ed08-415d-924a-7661a5cf51a5/ozone-metadata/datanode-3/data-0/hdds/1331a795-ed08-415d-924a-7661a5cf51a5/DS-7c74f027-72de-49ce-b83a-c2c2856c274d/container.db, /home/runner/work/ozone/ozone/hadoop-ozone/integration-test/target/test-dir/MiniOzoneClusterImpl-1331a795-ed08-415d-924a-7661a5cf51a5/ozone-metadata/datanode-4/data-0/hdds/1331a795-ed08-415d-924a-7661a5cf51a5/DS-e1c55588-49a5-4291-a123-18ab5048c25f/container.db, /home/runner/work/ozone/ozone/hadoop-ozone/integration-test/target/test-dir/MiniOzoneClusterImpl-1331a795-ed08-415d-924a-7661a5cf51a5/ozone-metadata/datanode-5/data-0/hdds/1331a795-ed08-415d-924a-7661a5cf51a5/DS-84acdda9-c348-442e-9156-67d0a73b2541/container.db, /home/runner/work/ozone/ozone/hadoop-ozone/integration-test/target/test-dir/MiniOzoneClusterImpl-1331a795-ed08-415d-924a-7661a5cf51a5/ozone-metadata/datanode-6/data-0/hdds/1331a795-ed08-415d-924a-7661a5cf51a5/DS-22fb78ac-1833-44ab-8f02-751f4fb3033d/container.db, /home/runner/work/ozone/ozone/hadoop-ozone/integration-test/target/test-dir/MiniOzoneClusterImpl-1331a795-ed08-415d-924a-7661a5cf51a5/ozone-metadata/datanode-7/data-0/hdds/1331a795-ed08-415d-924a-7661a5cf51a5/DS-63a6c3b7-4525-47d9-ad60-45ee0a1c7b71/container.db, /home/runner/work/ozone/ozone/hadoop-ozone/integration-test/target/test-dir/MiniOzoneClusterImpl-1331a795-ed08-415d-924a-7661a5cf51a5/ozone-metadata/datanode-8/data-0/hdds/1331a795-ed08-415d-924a-7661a5cf51a5/DS-643ce4cb-c5d1-46d9-b647-00c002703750/container.db, /home/runner/work/ozone/ozone/hadoop-ozone/integration-test/target/test-dir/MiniOzoneClusterImpl-1331a795-ed08-415d-924a-7661a5cf51a5/ozone-metadata/datanode-9/data-0/hdds/1331a795-ed08-415d-924a-7661a5cf51a5/DS-8a555c84-68d0-42a4-8e7e-de18356c0fbd/container.db]
2025-09-13 17:32:41,722 [ForkJoinPool-1-worker-1] INFO  utils.DatanodeStoreCache (DatanodeStoreCache.java:removeDB(104)) - Removed db /home/runner/work/ozone/ozone/hadoop-ozone/integration-test/target/test-dir/MiniOzoneClusterImpl-1331a795-ed08-415d-924a-7661a5cf51a5/ozone-metadata/datanode-3/data-0/hdds/1331a795-ed08-415d-924a-7661a5cf51a5/DS-7c74f027-72de-49ce-b83a-c2c2856c274d/container.db from cache
2025-09-13 17:32:41,722 [ForkJoinPool-1-worker-1] INFO  volume.HddsVolume (HddsVolume.java:closeDbStore(609)) - SchemaV3 db is stopped at /home/runner/work/ozone/ozone/hadoop-ozone/integration-test/target/test-dir/MiniOzoneClusterImpl-1331a795-ed08-415d-924a-7661a5cf51a5/ozone-metadata/datanode-3/data-0/hdds/1331a795-ed08-415d-924a-7661a5cf51a5/DS-7c74f027-72de-49ce-b83a-c2c2856c274d/container.db for volume DS-7c74f027-72de-49ce-b83a-c2c2856c274d
2025-09-13 17:32:41,723 [ForkJoinPool-1-worker-1] INFO  utils.BackgroundService (BackgroundService.java:shutdown(195)) - Shutting down service BlockDeletingService
2025-09-13 17:32:41,723 [ForkJoinPool-1-worker-1] INFO  utils.BackgroundService (BackgroundService.java:shutdown(195)) - Shutting down service StaleRecoveringContainerScrubbingService
2025-09-13 17:32:41,726 [ForkJoinPool-1-worker-1] INFO  statemachine.DatanodeStateMachine (DatanodeStateMachine.java:stopDaemon(654)) - Ozone container server stopped.
2025-09-13 17:32:41,741 [ForkJoinPool-1-worker-1] INFO  handler.ContextHandler (ContextHandler.java:doStop(1159)) - Stopped o.e.j.w.WebAppContext@2e1b1292{hddsDatanode,/,null,STOPPED}{jar:file:/home/runner/work/ozone/ozone/hadoop-hdds/container-service/target/hdds-container-service-2.1.0-SNAPSHOT.jar!/webapps/hddsDatanode}
2025-09-13 17:32:41,741 [ForkJoinPool-1-worker-1] INFO  server.AbstractConnector (AbstractConnector.java:doStop(383)) - Stopped ServerConnector@ee22f3c{HTTP/1.1, (http/1.1)}{0.0.0.0:15026}
2025-09-13 17:32:41,741 [ForkJoinPool-1-worker-1] INFO  server.session (HouseKeeper.java:stopScavenging(149)) - node0 Stopped scavenging
2025-09-13 17:32:41,742 [ForkJoinPool-1-worker-1] INFO  handler.ContextHandler (ContextHandler.java:doStop(1159)) - Stopped o.e.j.s.ServletContextHandler@48be72f9{static,/static,jar:file:/home/runner/work/ozone/ozone/hadoop-hdds/container-service/target/hdds-container-service-2.1.0-SNAPSHOT.jar!/webapps/static,STOPPED}
2025-09-13 17:32:41,742 [ForkJoinPool-1-worker-1] INFO  handler.ContextHandler (ContextHandler.java:doStop(1159)) - Stopped o.e.j.s.ServletContextHandler@e82ef23{logs,/logs,file:///home/runner/work/ozone/ozone/hadoop-ozone/integration-test/target/log,STOPPED}
2025-09-13 17:32:41,742 [ForkJoinPool-1-worker-1] INFO  ozone.HddsDatanodeClientProtocolServer (HddsDatanodeClientProtocolServer.java:stop(82)) - Stopping the RPC server for Client Protocol
2025-09-13 17:32:41,742 [ForkJoinPool-1-worker-1] INFO  ipc.Server (Server.java:stop(3697)) - Stopping server on 15027
2025-09-13 17:32:41,744 [IPC Server Responder] INFO  ipc.Server (Server.java:run(1718)) - Stopping IPC Server Responder
2025-09-13 17:32:41,744 [IPC Server listener on 15027] INFO  ipc.Server (Server.java:run(1585)) - Stopping IPC Server listener on 15027
2025-09-13 17:32:41,745 [ForkJoinPool-1-worker-1] INFO  ozoneimpl.OzoneContainer (OzoneContainer.java:stop(549)) - Attempting to stop container services.
2025-09-13 17:32:41,745 [ContainerMetadataScanner] WARN  ozoneimpl.AbstractBackgroundContainerScanner (AbstractBackgroundContainerScanner.java:handleRemainingSleep(136)) - Background container scan was interrupted.
2025-09-13 17:32:41,745 [ContainerMetadataScanner] INFO  ozoneimpl.AbstractBackgroundContainerScanner (AbstractBackgroundContainerScanner.java:run(63)) - org.apache.hadoop.ozone.container.ozoneimpl.BackgroundContainerMetadataScanner@709857ef exiting.
2025-09-13 17:32:41,746 [ForkJoinPool-1-worker-1] INFO  ozoneimpl.BackgroundContainerDataScanner (BackgroundContainerDataScanner.java:shutdown(87)) - ContainerDataScanner(/home/runner/work/ozone/ozone/hadoop-ozone/integration-test/target/test-dir/MiniOzoneClusterImpl-1331a795-ed08-415d-924a-7661a5cf51a5/ozone-metadata/datanode-1/data-0/hdds) is shutting down. 
2025-09-13 17:32:41,746 [ContainerDataScanner(/home/runner/work/ozone/ozone/hadoop-ozone/integration-test/target/test-dir/MiniOzoneClusterImpl-1331a795-ed08-415d-924a-7661a5cf51a5/ozone-metadata/datanode-1/data-0/hdds)] WARN  ozoneimpl.AbstractBackgroundContainerScanner (AbstractBackgroundContainerScanner.java:handleRemainingSleep(136)) - Background container scan was interrupted.
2025-09-13 17:32:41,746 [ContainerDataScanner(/home/runner/work/ozone/ozone/hadoop-ozone/integration-test/target/test-dir/MiniOzoneClusterImpl-1331a795-ed08-415d-924a-7661a5cf51a5/ozone-metadata/datanode-1/data-0/hdds)] INFO  ozoneimpl.AbstractBackgroundContainerScanner (AbstractBackgroundContainerScanner.java:run(63)) - ContainerDataScanner(/home/runner/work/ozone/ozone/hadoop-ozone/integration-test/target/test-dir/MiniOzoneClusterImpl-1331a795-ed08-415d-924a-7661a5cf51a5/ozone-metadata/datanode-1/data-0/hdds, DS-cef04933-4ce8-4840-b22e-4ad87088cbdd) exiting.
2025-09-13 17:32:41,746 [ForkJoinPool-1-worker-1] INFO  ozoneimpl.OnDemandContainerScanner (OnDemandContainerScanner.java:shutdown(141)) - On-demand container scanner is shutting down.
2025-09-13 17:32:41,747 [ForkJoinPool-1-worker-1] INFO  ratis.XceiverServerRatis (XceiverServerRatis.java:stop(595)) - Closing XceiverServerRatis(36d876fb-a458-4393-963b-58eeedb8ba95)
2025-09-13 17:32:41,747 [ForkJoinPool-1-worker-1] INFO  server.RaftServer (RaftServerProxy.java:lambda$close$9(422)) - 36d876fb-a458-4393-963b-58eeedb8ba95: close
2025-09-13 17:32:41,747 [36d876fb-a458-4393-963b-58eeedb8ba95-impl-thread2] INFO  server.RaftServer$Division (RaftServerImpl.java:lambda$close$1(527)) - 36d876fb-a458-4393-963b-58eeedb8ba95@group-CF05563D4821: shutdown
2025-09-13 17:32:41,747 [36d876fb-a458-4393-963b-58eeedb8ba95-impl-thread3] INFO  server.RaftServer$Division (RaftServerImpl.java:lambda$close$1(527)) - 36d876fb-a458-4393-963b-58eeedb8ba95@group-B4189F5888A1: shutdown
2025-09-13 17:32:41,747 [36d876fb-a458-4393-963b-58eeedb8ba95-impl-thread3] INFO  util.JmxRegister (JmxRegister.java:unregister(74)) - Successfully un-registered JMX Bean with object name Ratis:service=RaftServer,group=group-B4189F5888A1,id=36d876fb-a458-4393-963b-58eeedb8ba95
2025-09-13 17:32:41,747 [36d876fb-a458-4393-963b-58eeedb8ba95-impl-thread3] INFO  impl.RoleInfo (RoleInfo.java:shutdownLeaderState(103)) - 36d876fb-a458-4393-963b-58eeedb8ba95: shutdown 36d876fb-a458-4393-963b-58eeedb8ba95@group-B4189F5888A1-LeaderStateImpl
2025-09-13 17:32:41,747 [36d876fb-a458-4393-963b-58eeedb8ba95-impl-thread4] INFO  server.RaftServer$Division (RaftServerImpl.java:lambda$close$1(527)) - 36d876fb-a458-4393-963b-58eeedb8ba95@group-D5D0288CE997: shutdown
2025-09-13 17:32:41,747 [36d876fb-a458-4393-963b-58eeedb8ba95-impl-thread3] INFO  impl.PendingRequests (PendingRequests.java:sendNotLeaderResponses(287)) - 36d876fb-a458-4393-963b-58eeedb8ba95@group-B4189F5888A1-PendingRequests: sendNotLeaderResponses
2025-09-13 17:32:41,747 [36d876fb-a458-4393-963b-58eeedb8ba95-impl-thread2] INFO  util.JmxRegister (JmxRegister.java:unregister(74)) - Successfully un-registered JMX Bean with object name Ratis:service=RaftServer,group=group-CF05563D4821,id=36d876fb-a458-4393-963b-58eeedb8ba95
2025-09-13 17:32:41,748 [36d876fb-a458-4393-963b-58eeedb8ba95-impl-thread2] INFO  impl.RoleInfo (RoleInfo.java:shutdownLeaderState(103)) - 36d876fb-a458-4393-963b-58eeedb8ba95: shutdown 36d876fb-a458-4393-963b-58eeedb8ba95@group-CF05563D4821-LeaderStateImpl
2025-09-13 17:32:41,748 [36d876fb-a458-4393-963b-58eeedb8ba95-impl-thread2] INFO  impl.PendingRequests (PendingRequests.java:sendNotLeaderResponses(287)) - 36d876fb-a458-4393-963b-58eeedb8ba95@group-CF05563D4821-PendingRequests: sendNotLeaderResponses
2025-09-13 17:32:41,747 [ForkJoinPool-1-worker-1] INFO  server.GrpcServicesImpl (GrpcServicesImpl.java:closeImpl(355)) - 36d876fb-a458-4393-963b-58eeedb8ba95: shutdown server org.apache.ratis.grpc.server.GrpcClientProtocolService now
2025-09-13 17:32:41,748 [36d876fb-a458-4393-963b-58eeedb8ba95@group-CF05563D4821->9e23e878-9bb3-42b5-8b94-e0e229812e65-GrpcLogAppender-LogAppenderDaemon] WARN  server.GrpcLogAppender (GrpcLogAppender.java:mayWait(300)) - 36d876fb-a458-4393-963b-58eeedb8ba95@group-CF05563D4821->9e23e878-9bb3-42b5-8b94-e0e229812e65-GrpcLogAppender: Wait interrupted by java.lang.InterruptedException
2025-09-13 17:32:41,748 [36d876fb-a458-4393-963b-58eeedb8ba95@group-CF05563D4821->13facd30-3950-4310-8b1a-93d004abbbdd-GrpcLogAppender-LogAppenderDaemon] WARN  server.GrpcLogAppender (GrpcLogAppender.java:mayWait(300)) - 36d876fb-a458-4393-963b-58eeedb8ba95@group-CF05563D4821->13facd30-3950-4310-8b1a-93d004abbbdd-GrpcLogAppender: Wait interrupted by java.lang.InterruptedException
2025-09-13 17:32:41,747 [36d876fb-a458-4393-963b-58eeedb8ba95-impl-thread4] INFO  util.JmxRegister (JmxRegister.java:unregister(74)) - Successfully un-registered JMX Bean with object name Ratis:service=RaftServer,group=group-D5D0288CE997,id=36d876fb-a458-4393-963b-58eeedb8ba95
2025-09-13 17:32:41,748 [36d876fb-a458-4393-963b-58eeedb8ba95-impl-thread4] INFO  impl.RoleInfo (RoleInfo.java:shutdownLeaderState(103)) - 36d876fb-a458-4393-963b-58eeedb8ba95: shutdown 36d876fb-a458-4393-963b-58eeedb8ba95@group-D5D0288CE997-LeaderStateImpl
2025-09-13 17:32:41,748 [36d876fb-a458-4393-963b-58eeedb8ba95@group-D5D0288CE997->13facd30-3950-4310-8b1a-93d004abbbdd-GrpcLogAppender-LogAppenderDaemon] WARN  server.GrpcLogAppender (GrpcLogAppender.java:mayWait(300)) - 36d876fb-a458-4393-963b-58eeedb8ba95@group-D5D0288CE997->13facd30-3950-4310-8b1a-93d004abbbdd-GrpcLogAppender: Wait interrupted by java.lang.InterruptedException
2025-09-13 17:32:41,748 [36d876fb-a458-4393-963b-58eeedb8ba95@group-D5D0288CE997->9e23e878-9bb3-42b5-8b94-e0e229812e65-GrpcLogAppender-LogAppenderDaemon] WARN  server.GrpcLogAppender (GrpcLogAppender.java:mayWait(300)) - 36d876fb-a458-4393-963b-58eeedb8ba95@group-D5D0288CE997->9e23e878-9bb3-42b5-8b94-e0e229812e65-GrpcLogAppender: Wait interrupted by java.lang.InterruptedException
2025-09-13 17:32:41,748 [36d876fb-a458-4393-963b-58eeedb8ba95-impl-thread4] INFO  impl.PendingRequests (PendingRequests.java:sendNotLeaderResponses(287)) - 36d876fb-a458-4393-963b-58eeedb8ba95@group-D5D0288CE997-PendingRequests: sendNotLeaderResponses
2025-09-13 17:32:41,749 [grpc-default-executor-9] WARN  server.GrpcClientProtocolService (LogUtils.java:warn(127)) - 0-OrderedRequestStreamObserver0: onError: org.apache.ratis.thirdparty.io.grpc.StatusRuntimeException: CANCELLED: client cancelled
2025-09-13 17:32:41,749 [grpc-default-executor-3] WARN  server.GrpcClientProtocolService (LogUtils.java:warn(127)) - 1-UnorderedRequestStreamObserver1: onError: org.apache.ratis.thirdparty.io.grpc.StatusRuntimeException: CANCELLED: client cancelled
2025-09-13 17:32:41,749 [Thread-1769] INFO  server.GrpcServerProtocolClient (GrpcServerProtocolClient.java:close(105)) - 9e23e878-9bb3-42b5-8b94-e0e229812e65 Close channels
2025-09-13 17:32:41,749 [Thread-1770] INFO  server.GrpcServerProtocolClient (GrpcServerProtocolClient.java:close(105)) - 13facd30-3950-4310-8b1a-93d004abbbdd Close channels
2025-09-13 17:32:41,750 [grpc-default-executor-11] INFO  server.GrpcLogAppender (GrpcLogAppender.java:onCompleted(558)) - 36d876fb-a458-4393-963b-58eeedb8ba95@group-CF05563D4821->9e23e878-9bb3-42b5-8b94-e0e229812e65-AppendLogResponseHandler: follower responses appendEntries COMPLETED
2025-09-13 17:32:41,750 [grpc-default-executor-3] INFO  server.GrpcLogAppender (GrpcLogAppender.java:onCompleted(558)) - 36d876fb-a458-4393-963b-58eeedb8ba95@group-D5D0288CE997->9e23e878-9bb3-42b5-8b94-e0e229812e65-AppendLogResponseHandler: follower responses appendEntries COMPLETED
2025-09-13 17:32:41,750 [grpc-default-executor-11] WARN  server.GrpcLogAppender (GrpcLogAppender.java:resetClient(237)) - 36d876fb-a458-4393-963b-58eeedb8ba95@group-CF05563D4821->9e23e878-9bb3-42b5-8b94-e0e229812e65-GrpcLogAppender: Failed to getClient for 9e23e878-9bb3-42b5-8b94-e0e229812e65
org.apache.ratis.protocol.exceptions.AlreadyClosedException: 36d876fb-a458-4393-963b-58eeedb8ba95 is already CLOSED
	at org.apache.ratis.util.PeerProxyMap$PeerAndProxy.getProxy(PeerProxyMap.java:67)
	at org.apache.ratis.util.PeerProxyMap.getProxy(PeerProxyMap.java:124)
	at org.apache.ratis.grpc.server.GrpcLogAppender.getClient(GrpcLogAppender.java:207)
	at org.apache.ratis.grpc.server.GrpcLogAppender.resetClient(GrpcLogAppender.java:212)
	at org.apache.ratis.grpc.server.GrpcLogAppender.access$800(GrpcLogAppender.java:70)
	at org.apache.ratis.grpc.server.GrpcLogAppender$AppendLogResponseHandler.onCompleted(GrpcLogAppender.java:559)
	at org.apache.ratis.thirdparty.io.grpc.stub.ClientCalls$StreamObserverToCallListenerAdapter.onClose(ClientCalls.java:562)
	at org.apache.ratis.thirdparty.io.grpc.internal.ClientCallImpl.closeObserver(ClientCallImpl.java:565)
	at org.apache.ratis.thirdparty.io.grpc.internal.ClientCallImpl.access$100(ClientCallImpl.java:72)
	at org.apache.ratis.thirdparty.io.grpc.internal.ClientCallImpl$ClientStreamListenerImpl$1StreamClosed.runInternal(ClientCallImpl.java:733)
	at org.apache.ratis.thirdparty.io.grpc.internal.ClientCallImpl$ClientStreamListenerImpl$1StreamClosed.runInContext(ClientCallImpl.java:714)
	at org.apache.ratis.thirdparty.io.grpc.internal.ContextRunnable.run(ContextRunnable.java:37)
	at org.apache.ratis.thirdparty.io.grpc.internal.SerializingExecutor.run(SerializingExecutor.java:133)
	at java.base/java.util.concurrent.ThreadPoolExecutor.runWorker(ThreadPoolExecutor.java:1144)
	at java.base/java.util.concurrent.ThreadPoolExecutor$Worker.run(ThreadPoolExecutor.java:642)
	at java.base/java.lang.Thread.run(Thread.java:1583)
2025-09-13 17:32:41,750 [grpc-default-executor-0] INFO  server.GrpcLogAppender (GrpcLogAppender.java:onCompleted(558)) - 36d876fb-a458-4393-963b-58eeedb8ba95@group-CF05563D4821->9e23e878-9bb3-42b5-8b94-e0e229812e65-AppendLogResponseHandler: follower responses appendEntries COMPLETED
2025-09-13 17:32:41,750 [grpc-default-executor-0] WARN  server.GrpcLogAppender (GrpcLogAppender.java:resetClient(237)) - 36d876fb-a458-4393-963b-58eeedb8ba95@group-CF05563D4821->9e23e878-9bb3-42b5-8b94-e0e229812e65-GrpcLogAppender: Failed to getClient for 9e23e878-9bb3-42b5-8b94-e0e229812e65
org.apache.ratis.protocol.exceptions.AlreadyClosedException: 36d876fb-a458-4393-963b-58eeedb8ba95 is already CLOSED
	at org.apache.ratis.util.PeerProxyMap$PeerAndProxy.getProxy(PeerProxyMap.java:67)
	at org.apache.ratis.util.PeerProxyMap.getProxy(PeerProxyMap.java:124)
	at org.apache.ratis.grpc.server.GrpcLogAppender.getClient(GrpcLogAppender.java:207)
	at org.apache.ratis.grpc.server.GrpcLogAppender.resetClient(GrpcLogAppender.java:212)
	at org.apache.ratis.grpc.server.GrpcLogAppender.access$800(GrpcLogAppender.java:70)
	at org.apache.ratis.grpc.server.GrpcLogAppender$AppendLogResponseHandler.onCompleted(GrpcLogAppender.java:559)
	at org.apache.ratis.thirdparty.io.grpc.stub.ClientCalls$StreamObserverToCallListenerAdapter.onClose(ClientCalls.java:562)
	at org.apache.ratis.thirdparty.io.grpc.internal.ClientCallImpl.closeObserver(ClientCallImpl.java:565)
	at org.apache.ratis.thirdparty.io.grpc.internal.ClientCallImpl.access$100(ClientCallImpl.java:72)
	at org.apache.ratis.thirdparty.io.grpc.internal.ClientCallImpl$ClientStreamListenerImpl$1StreamClosed.runInternal(ClientCallImpl.java:733)
	at org.apache.ratis.thirdparty.io.grpc.internal.ClientCallImpl$ClientStreamListenerImpl$1StreamClosed.runInContext(ClientCallImpl.java:714)
	at org.apache.ratis.thirdparty.io.grpc.internal.ContextRunnable.run(ContextRunnable.java:37)
	at org.apache.ratis.thirdparty.io.grpc.internal.SerializingExecutor.run(SerializingExecutor.java:133)
	at java.base/java.util.concurrent.ThreadPoolExecutor.runWorker(ThreadPoolExecutor.java:1144)
	at java.base/java.util.concurrent.ThreadPoolExecutor$Worker.run(ThreadPoolExecutor.java:642)
	at java.base/java.lang.Thread.run(Thread.java:1583)
2025-09-13 17:32:41,750 [grpc-default-executor-3] WARN  server.GrpcLogAppender (GrpcLogAppender.java:resetClient(237)) - 36d876fb-a458-4393-963b-58eeedb8ba95@group-D5D0288CE997->9e23e878-9bb3-42b5-8b94-e0e229812e65-GrpcLogAppender: Failed to getClient for 9e23e878-9bb3-42b5-8b94-e0e229812e65
org.apache.ratis.protocol.exceptions.AlreadyClosedException: 36d876fb-a458-4393-963b-58eeedb8ba95 is already CLOSED
	at org.apache.ratis.util.PeerProxyMap$PeerAndProxy.getProxy(PeerProxyMap.java:67)
	at org.apache.ratis.util.PeerProxyMap.getProxy(PeerProxyMap.java:124)
	at org.apache.ratis.grpc.server.GrpcLogAppender.getClient(GrpcLogAppender.java:207)
	at org.apache.ratis.grpc.server.GrpcLogAppender.resetClient(GrpcLogAppender.java:212)
	at org.apache.ratis.grpc.server.GrpcLogAppender.access$800(GrpcLogAppender.java:70)
	at org.apache.ratis.grpc.server.GrpcLogAppender$AppendLogResponseHandler.onCompleted(GrpcLogAppender.java:559)
	at org.apache.ratis.thirdparty.io.grpc.stub.ClientCalls$StreamObserverToCallListenerAdapter.onClose(ClientCalls.java:562)
	at org.apache.ratis.thirdparty.io.grpc.internal.ClientCallImpl.closeObserver(ClientCallImpl.java:565)
	at org.apache.ratis.thirdparty.io.grpc.internal.ClientCallImpl.access$100(ClientCallImpl.java:72)
	at org.apache.ratis.thirdparty.io.grpc.internal.ClientCallImpl$ClientStreamListenerImpl$1StreamClosed.runInternal(ClientCallImpl.java:733)
	at org.apache.ratis.thirdparty.io.grpc.internal.ClientCallImpl$ClientStreamListenerImpl$1StreamClosed.runInContext(ClientCallImpl.java:714)
	at org.apache.ratis.thirdparty.io.grpc.internal.ContextRunnable.run(ContextRunnable.java:37)
	at org.apache.ratis.thirdparty.io.grpc.internal.SerializingExecutor.run(SerializingExecutor.java:133)
	at java.base/java.util.concurrent.ThreadPoolExecutor.runWorker(ThreadPoolExecutor.java:1144)
	at java.base/java.util.concurrent.ThreadPoolExecutor$Worker.run(ThreadPoolExecutor.java:642)
	at java.base/java.lang.Thread.run(Thread.java:1583)
2025-09-13 17:32:41,751 [grpc-default-executor-3] INFO  server.GrpcLogAppender (GrpcLogAppender.java:onCompleted(558)) - 36d876fb-a458-4393-963b-58eeedb8ba95@group-D5D0288CE997->9e23e878-9bb3-42b5-8b94-e0e229812e65-AppendLogResponseHandler: follower responses appendEntries COMPLETED
2025-09-13 17:32:41,751 [grpc-default-executor-3] WARN  server.GrpcLogAppender (GrpcLogAppender.java:resetClient(237)) - 36d876fb-a458-4393-963b-58eeedb8ba95@group-D5D0288CE997->9e23e878-9bb3-42b5-8b94-e0e229812e65-GrpcLogAppender: Failed to getClient for 9e23e878-9bb3-42b5-8b94-e0e229812e65
org.apache.ratis.protocol.exceptions.AlreadyClosedException: 36d876fb-a458-4393-963b-58eeedb8ba95 is already CLOSED
	at org.apache.ratis.util.PeerProxyMap$PeerAndProxy.getProxy(PeerProxyMap.java:67)
	at org.apache.ratis.util.PeerProxyMap.getProxy(PeerProxyMap.java:124)
	at org.apache.ratis.grpc.server.GrpcLogAppender.getClient(GrpcLogAppender.java:207)
	at org.apache.ratis.grpc.server.GrpcLogAppender.resetClient(GrpcLogAppender.java:212)
	at org.apache.ratis.grpc.server.GrpcLogAppender.access$800(GrpcLogAppender.java:70)
	at org.apache.ratis.grpc.server.GrpcLogAppender$AppendLogResponseHandler.onCompleted(GrpcLogAppender.java:559)
	at org.apache.ratis.thirdparty.io.grpc.stub.ClientCalls$StreamObserverToCallListenerAdapter.onClose(ClientCalls.java:562)
	at org.apache.ratis.thirdparty.io.grpc.internal.DelayedClientCall$DelayedListener$3.run(DelayedClientCall.java:489)
	at org.apache.ratis.thirdparty.io.grpc.internal.DelayedClientCall$DelayedListener.delayOrExecute(DelayedClientCall.java:453)
	at org.apache.ratis.thirdparty.io.grpc.internal.DelayedClientCall$DelayedListener.onClose(DelayedClientCall.java:486)
	at org.apache.ratis.thirdparty.io.grpc.internal.ClientCallImpl.closeObserver(ClientCallImpl.java:565)
	at org.apache.ratis.thirdparty.io.grpc.internal.ClientCallImpl.access$100(ClientCallImpl.java:72)
	at org.apache.ratis.thirdparty.io.grpc.internal.ClientCallImpl$ClientStreamListenerImpl$1StreamClosed.runInternal(ClientCallImpl.java:733)
	at org.apache.ratis.thirdparty.io.grpc.internal.ClientCallImpl$ClientStreamListenerImpl$1StreamClosed.runInContext(ClientCallImpl.java:714)
	at org.apache.ratis.thirdparty.io.grpc.internal.ContextRunnable.run(ContextRunnable.java:37)
	at org.apache.ratis.thirdparty.io.grpc.internal.SerializingExecutor.run(SerializingExecutor.java:133)
	at java.base/java.util.concurrent.ThreadPoolExecutor.runWorker(ThreadPoolExecutor.java:1144)
	at java.base/java.util.concurrent.ThreadPoolExecutor$Worker.run(ThreadPoolExecutor.java:642)
	at java.base/java.lang.Thread.run(Thread.java:1583)
2025-09-13 17:32:41,752 [ForkJoinPool-1-worker-1] INFO  server.GrpcServicesImpl (GrpcServicesImpl.java:closeImpl(364)) - 36d876fb-a458-4393-963b-58eeedb8ba95: shutdown server org.apache.ratis.grpc.server.GrpcClientProtocolService successfully
2025-09-13 17:32:41,752 [ForkJoinPool-1-worker-1] INFO  server.GrpcServicesImpl (GrpcServicesImpl.java:closeImpl(355)) - 36d876fb-a458-4393-963b-58eeedb8ba95: shutdown server GrpcServerProtocolService now
2025-09-13 17:32:41,752 [ForkJoinPool-1-worker-1] INFO  server.GrpcServicesImpl (GrpcServicesImpl.java:closeImpl(364)) - 36d876fb-a458-4393-963b-58eeedb8ba95: shutdown server GrpcServerProtocolService successfully
2025-09-13 17:32:41,752 [ForkJoinPool-1-worker-1] INFO  server.GrpcServicesImpl (GrpcServicesImpl.java:closeImpl(355)) - 36d876fb-a458-4393-963b-58eeedb8ba95: shutdown server org.apache.ratis.grpc.server.GrpcAdminProtocolService now
2025-09-13 17:32:41,753 [ForkJoinPool-1-worker-1] INFO  server.GrpcServicesImpl (GrpcServicesImpl.java:closeImpl(364)) - 36d876fb-a458-4393-963b-58eeedb8ba95: shutdown server org.apache.ratis.grpc.server.GrpcAdminProtocolService successfully
2025-09-13 17:32:41,757 [36d876fb-a458-4393-963b-58eeedb8ba95-impl-thread3] INFO  impl.StateMachineUpdater (StateMachineUpdater.java:stopAndJoin(163)) - 36d876fb-a458-4393-963b-58eeedb8ba95@group-B4189F5888A1-StateMachineUpdater: set stopIndex = 0
2025-09-13 17:32:41,757 [36d876fb-a458-4393-963b-58eeedb8ba95@group-B4189F5888A1-StateMachineUpdater] INFO  ratis.ContainerStateMachine (ContainerStateMachine.java:takeSnapshot(427)) - group-B4189F5888A1: Taking a snapshot at:(t:1, i:0) file /home/runner/work/ozone/ozone/hadoop-ozone/integration-test/target/test-dir/MiniOzoneClusterImpl-1331a795-ed08-415d-924a-7661a5cf51a5/ozone-metadata/datanode-1/ratis/5743d5ca-d5da-4592-97f7-b4189f5888a1/sm/snapshot.1_0
2025-09-13 17:32:41,757 [36d876fb-a458-4393-963b-58eeedb8ba95-impl-thread2] INFO  impl.StateMachineUpdater (StateMachineUpdater.java:stopAndJoin(163)) - 36d876fb-a458-4393-963b-58eeedb8ba95@group-CF05563D4821-StateMachineUpdater: set stopIndex = 2
2025-09-13 17:32:41,757 [36d876fb-a458-4393-963b-58eeedb8ba95@group-CF05563D4821-StateMachineUpdater] INFO  ratis.ContainerStateMachine (ContainerStateMachine.java:takeSnapshot(427)) - group-CF05563D4821: Taking a snapshot at:(t:2, i:2) file /home/runner/work/ozone/ozone/hadoop-ozone/integration-test/target/test-dir/MiniOzoneClusterImpl-1331a795-ed08-415d-924a-7661a5cf51a5/ozone-metadata/datanode-1/ratis/59c25a4c-b008-4c23-bf2e-cf05563d4821/sm/snapshot.2_2
2025-09-13 17:32:41,758 [36d876fb-a458-4393-963b-58eeedb8ba95-impl-thread4] INFO  impl.StateMachineUpdater (StateMachineUpdater.java:stopAndJoin(163)) - 36d876fb-a458-4393-963b-58eeedb8ba95@group-D5D0288CE997-StateMachineUpdater: set stopIndex = 15
2025-09-13 17:32:41,758 [36d876fb-a458-4393-963b-58eeedb8ba95@group-D5D0288CE997-StateMachineUpdater] INFO  ratis.ContainerStateMachine (ContainerStateMachine.java:takeSnapshot(427)) - group-D5D0288CE997: Taking a snapshot at:(t:1, i:15) file /home/runner/work/ozone/ozone/hadoop-ozone/integration-test/target/test-dir/MiniOzoneClusterImpl-1331a795-ed08-415d-924a-7661a5cf51a5/ozone-metadata/datanode-1/ratis/71f8f458-3dd2-4722-a002-d5d0288ce997/sm/snapshot.1_15
2025-09-13 17:32:41,759 [36d876fb-a458-4393-963b-58eeedb8ba95@group-B4189F5888A1-StateMachineUpdater] INFO  ratis.ContainerStateMachine (ContainerStateMachine.java:takeSnapshot(436)) - group-B4189F5888A1: Finished taking a snapshot at:(t:1, i:0) file:/home/runner/work/ozone/ozone/hadoop-ozone/integration-test/target/test-dir/MiniOzoneClusterImpl-1331a795-ed08-415d-924a-7661a5cf51a5/ozone-metadata/datanode-1/ratis/5743d5ca-d5da-4592-97f7-b4189f5888a1/sm/snapshot.1_0 took: 2 ms
2025-09-13 17:32:41,759 [36d876fb-a458-4393-963b-58eeedb8ba95-NettyServerStreamRpc-bossGroup--thread1] INFO  logging.LoggingHandler (AbstractInternalLogger.java:log(148)) - [id: 0x38d43c6c, L:/0.0.0.0:15016] CLOSE
2025-09-13 17:32:41,759 [36d876fb-a458-4393-963b-58eeedb8ba95-NettyServerStreamRpc-bossGroup--thread1] INFO  logging.LoggingHandler (AbstractInternalLogger.java:log(148)) - [id: 0x38d43c6c, L:/0.0.0.0:15016] INACTIVE
2025-09-13 17:32:41,759 [36d876fb-a458-4393-963b-58eeedb8ba95@group-B4189F5888A1-StateMachineUpdater] INFO  impl.StateMachineUpdater (StateMachineUpdater.java:takeSnapshot(307)) - 36d876fb-a458-4393-963b-58eeedb8ba95@group-B4189F5888A1-StateMachineUpdater: Took a snapshot at index 0
2025-09-13 17:32:41,759 [36d876fb-a458-4393-963b-58eeedb8ba95-NettyServerStreamRpc-bossGroup--thread1] INFO  logging.LoggingHandler (AbstractInternalLogger.java:log(148)) - [id: 0x38d43c6c, L:/0.0.0.0:15016] UNREGISTERED
2025-09-13 17:32:41,759 [36d876fb-a458-4393-963b-58eeedb8ba95@group-B4189F5888A1-StateMachineUpdater] INFO  impl.StateMachineUpdater (StateMachineUpdater.java:lambda$new$0(101)) - 36d876fb-a458-4393-963b-58eeedb8ba95@group-B4189F5888A1-StateMachineUpdater: snapshotIndex: updateIncreasingly -1 -> 0
2025-09-13 17:32:41,760 [36d876fb-a458-4393-963b-58eeedb8ba95@group-B4189F5888A1-StateMachineUpdater] INFO  impl.StateMachineUpdater (StateMachineUpdater.java:stop(140)) - 36d876fb-a458-4393-963b-58eeedb8ba95@group-B4189F5888A1-StateMachineUpdater: closing ContainerStateMachine, lastApplied=(t:1, i:0)
2025-09-13 17:32:41,760 [36d876fb-a458-4393-963b-58eeedb8ba95@group-D5D0288CE997-StateMachineUpdater] INFO  ratis.ContainerStateMachine (ContainerStateMachine.java:takeSnapshot(436)) - group-D5D0288CE997: Finished taking a snapshot at:(t:1, i:15) file:/home/runner/work/ozone/ozone/hadoop-ozone/integration-test/target/test-dir/MiniOzoneClusterImpl-1331a795-ed08-415d-924a-7661a5cf51a5/ozone-metadata/datanode-1/ratis/71f8f458-3dd2-4722-a002-d5d0288ce997/sm/snapshot.1_15 took: 2 ms
2025-09-13 17:32:41,759 [36d876fb-a458-4393-963b-58eeedb8ba95@group-CF05563D4821-StateMachineUpdater] INFO  ratis.ContainerStateMachine (ContainerStateMachine.java:takeSnapshot(436)) - group-CF05563D4821: Finished taking a snapshot at:(t:2, i:2) file:/home/runner/work/ozone/ozone/hadoop-ozone/integration-test/target/test-dir/MiniOzoneClusterImpl-1331a795-ed08-415d-924a-7661a5cf51a5/ozone-metadata/datanode-1/ratis/59c25a4c-b008-4c23-bf2e-cf05563d4821/sm/snapshot.2_2 took: 2 ms
2025-09-13 17:32:41,760 [36d876fb-a458-4393-963b-58eeedb8ba95@group-B4189F5888A1-cacheEviction-AwaitToRun] INFO  util.AwaitToRun (AwaitToRun.java:run(49)) - 36d876fb-a458-4393-963b-58eeedb8ba95@group-B4189F5888A1-cacheEviction-AwaitToRun-AwaitForSignal is interrupted
2025-09-13 17:32:41,760 [36d876fb-a458-4393-963b-58eeedb8ba95@group-CF05563D4821-StateMachineUpdater] INFO  impl.StateMachineUpdater (StateMachineUpdater.java:takeSnapshot(307)) - 36d876fb-a458-4393-963b-58eeedb8ba95@group-CF05563D4821-StateMachineUpdater: Took a snapshot at index 2
2025-09-13 17:32:41,760 [36d876fb-a458-4393-963b-58eeedb8ba95@group-CF05563D4821-StateMachineUpdater] INFO  impl.StateMachineUpdater (StateMachineUpdater.java:lambda$new$0(101)) - 36d876fb-a458-4393-963b-58eeedb8ba95@group-CF05563D4821-StateMachineUpdater: snapshotIndex: updateIncreasingly -1 -> 2
2025-09-13 17:32:41,760 [36d876fb-a458-4393-963b-58eeedb8ba95@group-CF05563D4821-StateMachineUpdater] INFO  impl.StateMachineUpdater (StateMachineUpdater.java:stop(140)) - 36d876fb-a458-4393-963b-58eeedb8ba95@group-CF05563D4821-StateMachineUpdater: closing ContainerStateMachine, lastApplied=(t:2, i:2)
2025-09-13 17:32:41,761 [36d876fb-a458-4393-963b-58eeedb8ba95@group-CF05563D4821-cacheEviction-AwaitToRun] INFO  util.AwaitToRun (AwaitToRun.java:run(49)) - 36d876fb-a458-4393-963b-58eeedb8ba95@group-CF05563D4821-cacheEviction-AwaitToRun-AwaitForSignal is interrupted
2025-09-13 17:32:41,761 [36d876fb-a458-4393-963b-58eeedb8ba95@group-D5D0288CE997-StateMachineUpdater] INFO  impl.StateMachineUpdater (StateMachineUpdater.java:takeSnapshot(307)) - 36d876fb-a458-4393-963b-58eeedb8ba95@group-D5D0288CE997-StateMachineUpdater: Took a snapshot at index 15
2025-09-13 17:32:41,761 [36d876fb-a458-4393-963b-58eeedb8ba95@group-D5D0288CE997-StateMachineUpdater] INFO  impl.StateMachineUpdater (StateMachineUpdater.java:lambda$new$0(101)) - 36d876fb-a458-4393-963b-58eeedb8ba95@group-D5D0288CE997-StateMachineUpdater: snapshotIndex: updateIncreasingly -1 -> 15
2025-09-13 17:32:41,761 [36d876fb-a458-4393-963b-58eeedb8ba95@group-D5D0288CE997-StateMachineUpdater] INFO  impl.StateMachineUpdater (StateMachineUpdater.java:stop(140)) - 36d876fb-a458-4393-963b-58eeedb8ba95@group-D5D0288CE997-StateMachineUpdater: closing ContainerStateMachine, lastApplied=(t:1, i:15)
2025-09-13 17:32:41,762 [36d876fb-a458-4393-963b-58eeedb8ba95@group-D5D0288CE997-cacheEviction-AwaitToRun] INFO  util.AwaitToRun (AwaitToRun.java:run(49)) - 36d876fb-a458-4393-963b-58eeedb8ba95@group-D5D0288CE997-cacheEviction-AwaitToRun-AwaitForSignal is interrupted
2025-09-13 17:32:41,796 [timer3] INFO  server.GrpcServerProtocolService (GrpcServerProtocolService.java:lambda$onCompleted$6(171)) - d3aade32-661d-499d-9068-ea1550ed8656: Completed APPEND_ENTRIES, lastRequest: e114cbd1-8f45-4cc5-a8b1-e2bd6cad48a0->d3aade32-661d-499d-9068-ea1550ed8656#2-t2,previous=(t:2, i:5),leaderCommit=5,initializing? false,entries: size=1, first=(t:2, i:6), METADATAENTRY(c:5)  (Repeated 2 times in the last 4.999s)
2025-09-13 17:32:41,797 [timer4] INFO  server.GrpcServerProtocolService (GrpcServerProtocolService.java:lambda$null$7(175)) - d3aade32-661d-499d-9068-ea1550ed8656: Completed APPEND_ENTRIES, lastReply: null  (Repeated 2 times in the last 5.000s)
2025-09-13 17:32:41,798 [timer5] INFO  server.GrpcServerProtocolService (GrpcServerProtocolService.java:lambda$onCompleted$6(171)) - beda0dcb-37da-4cca-bea2-e222cb1bc351: Completed APPEND_ENTRIES, lastRequest: e114cbd1-8f45-4cc5-a8b1-e2bd6cad48a0->beda0dcb-37da-4cca-bea2-e222cb1bc351#890-t2,previous=(t:1, i:4),leaderCommit=6,initializing? false,entries: size=2, first=(t:2, i:5), CONFIGURATIONENTRY(current:id:"d3aade32-661d-499d-9068-ea1550ed8656"address:"127.0.0.1:15055"dataStreamAddress:"127.0.0.1:15056"clientAddress:"127.0.0.1:15053"adminAddress:"127.0.0.1:15054"startupRole:FOLLOWER, id:"beda0dcb-37da-4cca-bea2-e222cb1bc351"address:"127.0.0.1:15039"priority:1dataStreamAddress:"127.0.0.1:15040"clientAddress:"127.0.0.1:15037"adminAddress:"127.0.0.1:15038"startupRole:FOLLOWER, id:"e114cbd1-8f45-4cc5-a8b1-e2bd6cad48a0"address:"127.0.0.1:15047"dataStreamAddress:"127.0.0.1:15048"clientAddress:"127.0.0.1:15045"adminAddress:"127.0.0.1:15046"startupRole:FOLLOWER, old:)  (Repeated 2 times in the last 5.000s)
2025-09-13 17:32:41,798 [timer6] INFO  server.GrpcServerProtocolService (GrpcServerProtocolService.java:lambda$null$7(175)) - beda0dcb-37da-4cca-bea2-e222cb1bc351: Completed APPEND_ENTRIES, lastReply: null  (Repeated 2 times in the last 5.000s)
2025-09-13 17:32:42,099 [36d876fb-a458-4393-963b-58eeedb8ba95-impl-thread2] INFO  segmented.SegmentedRaftLogWorker (SegmentedRaftLogWorker.java:close(254)) - 36d876fb-a458-4393-963b-58eeedb8ba95@group-CF05563D4821-SegmentedRaftLogWorker close()
2025-09-13 17:32:42,099 [36d876fb-a458-4393-963b-58eeedb8ba95-impl-thread2] INFO  ratis.ContainerStateMachine (ContainerStateMachine.java:notifyServerShutdown(1038)) - group-CF05563D4821 is closed by HddsDatanodeService
2025-09-13 17:32:42,473 [36d876fb-a458-4393-963b-58eeedb8ba95-impl-thread3] INFO  segmented.SegmentedRaftLogWorker (SegmentedRaftLogWorker.java:close(254)) - 36d876fb-a458-4393-963b-58eeedb8ba95@group-B4189F5888A1-SegmentedRaftLogWorker close()
2025-09-13 17:32:42,473 [36d876fb-a458-4393-963b-58eeedb8ba95-impl-thread3] INFO  ratis.ContainerStateMachine (ContainerStateMachine.java:notifyServerShutdown(1038)) - group-B4189F5888A1 is closed by HddsDatanodeService
2025-09-13 17:32:42,714 [36d876fb-a458-4393-963b-58eeedb8ba95-impl-thread4] INFO  segmented.SegmentedRaftLogWorker (SegmentedRaftLogWorker.java:close(254)) - 36d876fb-a458-4393-963b-58eeedb8ba95@group-D5D0288CE997-SegmentedRaftLogWorker close()
2025-09-13 17:32:42,715 [36d876fb-a458-4393-963b-58eeedb8ba95-impl-thread4] INFO  ratis.ContainerStateMachine (ContainerStateMachine.java:notifyServerShutdown(1038)) - group-D5D0288CE997 is closed by HddsDatanodeService
2025-09-13 17:32:42,715 [JvmPauseMonitor3] INFO  util.JvmPauseMonitor (JvmPauseMonitor.java:run(152)) - JvmPauseMonitor-36d876fb-a458-4393-963b-58eeedb8ba95: Stopped
2025-09-13 17:32:43,305 [9e23e878-9bb3-42b5-8b94-e0e229812e65@group-CF05563D4821-FollowerState] INFO  impl.FollowerState (FollowerState.java:runImpl(161)) - 9e23e878-9bb3-42b5-8b94-e0e229812e65@group-CF05563D4821-FollowerState: change to CANDIDATE, lastRpcElapsedTime:1704650219ns, electionTimeout:1063ms
2025-09-13 17:32:43,305 [9e23e878-9bb3-42b5-8b94-e0e229812e65@group-CF05563D4821-FollowerState] INFO  impl.RoleInfo (RoleInfo.java:shutdownFollowerState(121)) - 9e23e878-9bb3-42b5-8b94-e0e229812e65: shutdown 9e23e878-9bb3-42b5-8b94-e0e229812e65@group-CF05563D4821-FollowerState
2025-09-13 17:32:43,306 [9e23e878-9bb3-42b5-8b94-e0e229812e65@group-CF05563D4821-FollowerState] INFO  server.RaftServer$Division (RaftServerImpl.java:setRole(392)) - 9e23e878-9bb3-42b5-8b94-e0e229812e65@group-CF05563D4821: changes role from  FOLLOWER to CANDIDATE at term 2 for changeToCandidate
2025-09-13 17:32:43,306 [9e23e878-9bb3-42b5-8b94-e0e229812e65@group-CF05563D4821-FollowerState] INFO  impl.RoleInfo (RoleInfo.java:updateAndGet(148)) - 9e23e878-9bb3-42b5-8b94-e0e229812e65: start 9e23e878-9bb3-42b5-8b94-e0e229812e65@group-CF05563D4821-LeaderElection142
2025-09-13 17:32:43,306 [9e23e878-9bb3-42b5-8b94-e0e229812e65@group-CF05563D4821-LeaderElection142] INFO  server.RaftServer$Division (ServerState.java:setLeader(272)) - 9e23e878-9bb3-42b5-8b94-e0e229812e65@group-CF05563D4821: change Leader from 36d876fb-a458-4393-963b-58eeedb8ba95 to null at term 2 for PRE_VOTE
2025-09-13 17:32:43,306 [9e23e878-9bb3-42b5-8b94-e0e229812e65@group-CF05563D4821-LeaderElection142] INFO  impl.LeaderElection (LeaderElection.java:askForVotes(448)) - 9e23e878-9bb3-42b5-8b94-e0e229812e65@group-CF05563D4821-LeaderElection142 PRE_VOTE round 0: submit vote requests at term 2 for conf: {index: 1, cur=peers:[9e23e878-9bb3-42b5-8b94-e0e229812e65|127.0.0.1:15023, 13facd30-3950-4310-8b1a-93d004abbbdd|127.0.0.1:15031, 36d876fb-a458-4393-963b-58eeedb8ba95|127.0.0.1:15015]|listeners:[], old=null}
2025-09-13 17:32:43,306 [9e23e878-9bb3-42b5-8b94-e0e229812e65@group-CF05563D4821-LeaderElection142-1] INFO  server.GrpcServerProtocolClient (GrpcServerProtocolClient.java:<init>(65)) - Build channel for 13facd30-3950-4310-8b1a-93d004abbbdd|127.0.0.1:15031
2025-09-13 17:32:43,307 [9e23e878-9bb3-42b5-8b94-e0e229812e65@group-CF05563D4821-LeaderElection142-2] INFO  server.GrpcServerProtocolClient (GrpcServerProtocolClient.java:<init>(65)) - Build channel for 36d876fb-a458-4393-963b-58eeedb8ba95|127.0.0.1:15015
2025-09-13 17:32:43,309 [9e23e878-9bb3-42b5-8b94-e0e229812e65@group-CF05563D4821-LeaderElection142] INFO  impl.LeaderElection (LogUtils.java:infoOrTrace(142)) - 9e23e878-9bb3-42b5-8b94-e0e229812e65@group-CF05563D4821-LeaderElection142 got exception when requesting votes: java.util.concurrent.ExecutionException: org.apache.ratis.thirdparty.io.grpc.StatusRuntimeException: UNAVAILABLE: io exception
2025-09-13 17:32:43,309 [9e23e878-9bb3-42b5-8b94-e0e229812e65@group-CF05563D4821-LeaderElection142] INFO  impl.LeaderElection (LogUtils.java:infoOrTrace(142)) - 9e23e878-9bb3-42b5-8b94-e0e229812e65@group-CF05563D4821-LeaderElection142 got exception when requesting votes: java.util.concurrent.ExecutionException: org.apache.ratis.thirdparty.io.grpc.StatusRuntimeException: UNAVAILABLE: io exception
2025-09-13 17:32:43,309 [9e23e878-9bb3-42b5-8b94-e0e229812e65@group-CF05563D4821-LeaderElection142] INFO  impl.LeaderElection (LeaderElection.java:logAndReturn(206)) - 9e23e878-9bb3-42b5-8b94-e0e229812e65@group-CF05563D4821-LeaderElection142: PRE_VOTE REJECTED received 0 response(s) and 2 exception(s):
2025-09-13 17:32:43,309 [9e23e878-9bb3-42b5-8b94-e0e229812e65@group-CF05563D4821-LeaderElection142] INFO  impl.LeaderElection (LogUtils.java:infoOrTrace(142)) -   Exception 0: java.util.concurrent.ExecutionException: org.apache.ratis.thirdparty.io.grpc.StatusRuntimeException: UNAVAILABLE: io exception
2025-09-13 17:32:43,309 [9e23e878-9bb3-42b5-8b94-e0e229812e65@group-CF05563D4821-LeaderElection142] INFO  impl.LeaderElection (LogUtils.java:infoOrTrace(142)) -   Exception 1: java.util.concurrent.ExecutionException: org.apache.ratis.thirdparty.io.grpc.StatusRuntimeException: UNAVAILABLE: io exception
2025-09-13 17:32:43,309 [9e23e878-9bb3-42b5-8b94-e0e229812e65@group-CF05563D4821-LeaderElection142] INFO  impl.LeaderElection (LeaderElection.java:askForVotes(450)) - 9e23e878-9bb3-42b5-8b94-e0e229812e65@group-CF05563D4821-LeaderElection142 PRE_VOTE round 0: result REJECTED
2025-09-13 17:32:43,309 [9e23e878-9bb3-42b5-8b94-e0e229812e65@group-CF05563D4821-LeaderElection142] INFO  server.RaftServer$Division (RaftServerImpl.java:setRole(392)) - 9e23e878-9bb3-42b5-8b94-e0e229812e65@group-CF05563D4821: changes role from CANDIDATE to FOLLOWER at term 2 for REJECTED
2025-09-13 17:32:43,309 [9e23e878-9bb3-42b5-8b94-e0e229812e65@group-CF05563D4821-LeaderElection142] INFO  impl.RoleInfo (RoleInfo.java:shutdownLeaderElection(141)) - 9e23e878-9bb3-42b5-8b94-e0e229812e65: shutdown 9e23e878-9bb3-42b5-8b94-e0e229812e65@group-CF05563D4821-LeaderElection142
2025-09-13 17:32:43,310 [9e23e878-9bb3-42b5-8b94-e0e229812e65@group-CF05563D4821-LeaderElection142] INFO  impl.RoleInfo (RoleInfo.java:updateAndGet(148)) - 9e23e878-9bb3-42b5-8b94-e0e229812e65: start 9e23e878-9bb3-42b5-8b94-e0e229812e65@group-CF05563D4821-FollowerState
2025-09-13 17:32:43,814 [timer6] INFO  server.GrpcServerProtocolService (GrpcServerProtocolService.java:lambda$onCompleted$6(171)) - 9e23e878-9bb3-42b5-8b94-e0e229812e65: Completed APPEND_ENTRIES, lastRequest: null  (Repeated 6 times in the last 5.001s)
2025-09-13 17:32:43,814 [timer0] INFO  server.GrpcServerProtocolService (GrpcServerProtocolService.java:lambda$null$7(175)) - 36d876fb-a458-4393-963b-58eeedb8ba95: Completed APPEND_ENTRIES, lastReply: null  (Repeated 2 times in the last 5.000s)
2025-09-13 17:32:43,814 [timer7] INFO  server.GrpcServerProtocolService (GrpcServerProtocolService.java:lambda$onCompleted$6(171)) - 36d876fb-a458-4393-963b-58eeedb8ba95: Completed APPEND_ENTRIES, lastRequest: 13facd30-3950-4310-8b1a-93d004abbbdd->36d876fb-a458-4393-963b-58eeedb8ba95#1-t1,previous=<PROTO_DEFAULT>,leaderCommit=-1,initializing? false,entries: size=1, first=(t:1, i:0), CONFIGURATIONENTRY(current:id:"9e23e878-9bb3-42b5-8b94-e0e229812e65"address:"127.0.0.1:15023"dataStreamAddress:"127.0.0.1:15024"clientAddress:"127.0.0.1:15021"adminAddress:"127.0.0.1:15022"startupRole:FOLLOWER, id:"13facd30-3950-4310-8b1a-93d004abbbdd"address:"127.0.0.1:15031"priority:1dataStreamAddress:"127.0.0.1:15032"clientAddress:"127.0.0.1:15029"adminAddress:"127.0.0.1:15030"startupRole:FOLLOWER, id:"36d876fb-a458-4393-963b-58eeedb8ba95"address:"127.0.0.1:15015"dataStreamAddress:"127.0.0.1:15016"clientAddress:"127.0.0.1:15013"adminAddress:"127.0.0.1:15014"startupRole:FOLLOWER, old:)  (Repeated 2 times in the last 5.000s)
2025-09-13 17:32:43,815 [timer1] INFO  server.GrpcServerProtocolService (GrpcServerProtocolService.java:lambda$null$7(175)) - 9e23e878-9bb3-42b5-8b94-e0e229812e65: Completed APPEND_ENTRIES, lastReply: serverReply {
  requestorId: "36d876fb-a458-4393-963b-58eeedb8ba95"
  replyId: "9e23e878-9bb3-42b5-8b94-e0e229812e65"
  raftGroupId {
    id: "q\370\364X=\322G\"\240\002\325\320(\214\351\227"
  }
  callId: 192
  success: true
}
term: 1
nextIndex: 16
followerCommit: 15
matchIndex: 18446744073709551615
isHearbeat: true
  (Repeated 6 times in the last 5.003s)
2025-09-13 17:32:43,824 [timer2] WARN  server.GrpcLogAppender (LogUtils.java:warn(127)) - 36d876fb-a458-4393-963b-58eeedb8ba95@group-D5D0288CE997->13facd30-3950-4310-8b1a-93d004abbbdd-AppendLogResponseHandler: Failed appendEntries (Repeated 14 times in the last 5.000s): org.apache.ratis.thirdparty.io.grpc.StatusRuntimeException: UNAVAILABLE: io exception
  Caused by: org.apache.ratis.thirdparty.io.netty.channel.AbstractChannel$AnnotatedConnectException: finishConnect(..) failed: Connection refused: /127.0.0.1:15031
  Caused by: java.net.ConnectException: finishConnect(..) failed: Connection refused
2025-09-13 17:32:43,824 [timer3] WARN  server.GrpcLogAppender (GrpcLogAppender.java:lambda$resetClient$1(228)) - 36d876fb-a458-4393-963b-58eeedb8ba95@group-D5D0288CE997->13facd30-3950-4310-8b1a-93d004abbbdd-GrpcLogAppender: Follower failed (request=null, errorCount=14); keep nextIndex (16) unchanged and retry. (Repeated 14 times in the last 5.001s)
2025-09-13 17:32:43,871 [9e23e878-9bb3-42b5-8b94-e0e229812e65@group-D5D0288CE997-FollowerState] INFO  impl.FollowerState (FollowerState.java:runImpl(161)) - 9e23e878-9bb3-42b5-8b94-e0e229812e65@group-D5D0288CE997-FollowerState: change to CANDIDATE, lastRpcElapsedTime:2149228390ns, electionTimeout:1165ms
2025-09-13 17:32:43,871 [9e23e878-9bb3-42b5-8b94-e0e229812e65@group-D5D0288CE997-FollowerState] INFO  impl.RoleInfo (RoleInfo.java:shutdownFollowerState(121)) - 9e23e878-9bb3-42b5-8b94-e0e229812e65: shutdown 9e23e878-9bb3-42b5-8b94-e0e229812e65@group-D5D0288CE997-FollowerState
2025-09-13 17:32:43,871 [9e23e878-9bb3-42b5-8b94-e0e229812e65@group-D5D0288CE997-FollowerState] INFO  server.RaftServer$Division (RaftServerImpl.java:setRole(392)) - 9e23e878-9bb3-42b5-8b94-e0e229812e65@group-D5D0288CE997: changes role from  FOLLOWER to CANDIDATE at term 1 for changeToCandidate
2025-09-13 17:32:43,871 [9e23e878-9bb3-42b5-8b94-e0e229812e65@group-D5D0288CE997-FollowerState] INFO  impl.RoleInfo (RoleInfo.java:updateAndGet(148)) - 9e23e878-9bb3-42b5-8b94-e0e229812e65: start 9e23e878-9bb3-42b5-8b94-e0e229812e65@group-D5D0288CE997-LeaderElection143
2025-09-13 17:32:43,872 [9e23e878-9bb3-42b5-8b94-e0e229812e65@group-D5D0288CE997-LeaderElection143] INFO  server.RaftServer$Division (ServerState.java:setLeader(272)) - 9e23e878-9bb3-42b5-8b94-e0e229812e65@group-D5D0288CE997: change Leader from 36d876fb-a458-4393-963b-58eeedb8ba95 to null at term 1 for PRE_VOTE
2025-09-13 17:32:43,872 [9e23e878-9bb3-42b5-8b94-e0e229812e65@group-D5D0288CE997-LeaderElection143] INFO  impl.LeaderElection (LeaderElection.java:askForVotes(448)) - 9e23e878-9bb3-42b5-8b94-e0e229812e65@group-D5D0288CE997-LeaderElection143 PRE_VOTE round 0: submit vote requests at term 1 for conf: {index: 0, cur=peers:[9e23e878-9bb3-42b5-8b94-e0e229812e65|127.0.0.1:15023, 13facd30-3950-4310-8b1a-93d004abbbdd|127.0.0.1:15031, 36d876fb-a458-4393-963b-58eeedb8ba95|127.0.0.1:15015]|listeners:[], old=null}
2025-09-13 17:32:43,872 [9e23e878-9bb3-42b5-8b94-e0e229812e65@group-D5D0288CE997-LeaderElection143] INFO  impl.LeaderElection (LogUtils.java:infoOrTrace(142)) - 9e23e878-9bb3-42b5-8b94-e0e229812e65@group-D5D0288CE997-LeaderElection143 got exception when requesting votes: java.util.concurrent.ExecutionException: org.apache.ratis.thirdparty.io.grpc.StatusRuntimeException: UNAVAILABLE: io exception
2025-09-13 17:32:43,872 [9e23e878-9bb3-42b5-8b94-e0e229812e65@group-D5D0288CE997-LeaderElection143] INFO  impl.LeaderElection (LogUtils.java:infoOrTrace(142)) - 9e23e878-9bb3-42b5-8b94-e0e229812e65@group-D5D0288CE997-LeaderElection143 got exception when requesting votes: java.util.concurrent.ExecutionException: org.apache.ratis.thirdparty.io.grpc.StatusRuntimeException: UNAVAILABLE: io exception
2025-09-13 17:32:43,872 [9e23e878-9bb3-42b5-8b94-e0e229812e65@group-D5D0288CE997-LeaderElection143] INFO  impl.LeaderElection (LeaderElection.java:logAndReturn(206)) - 9e23e878-9bb3-42b5-8b94-e0e229812e65@group-D5D0288CE997-LeaderElection143: PRE_VOTE REJECTED received 0 response(s) and 2 exception(s):
2025-09-13 17:32:43,872 [9e23e878-9bb3-42b5-8b94-e0e229812e65@group-D5D0288CE997-LeaderElection143] INFO  impl.LeaderElection (LogUtils.java:infoOrTrace(142)) -   Exception 0: java.util.concurrent.ExecutionException: org.apache.ratis.thirdparty.io.grpc.StatusRuntimeException: UNAVAILABLE: io exception
2025-09-13 17:32:43,872 [9e23e878-9bb3-42b5-8b94-e0e229812e65@group-D5D0288CE997-LeaderElection143] INFO  impl.LeaderElection (LogUtils.java:infoOrTrace(142)) -   Exception 1: java.util.concurrent.ExecutionException: org.apache.ratis.thirdparty.io.grpc.StatusRuntimeException: UNAVAILABLE: io exception
2025-09-13 17:32:43,872 [9e23e878-9bb3-42b5-8b94-e0e229812e65@group-D5D0288CE997-LeaderElection143] INFO  impl.LeaderElection (LeaderElection.java:askForVotes(450)) - 9e23e878-9bb3-42b5-8b94-e0e229812e65@group-D5D0288CE997-LeaderElection143 PRE_VOTE round 0: result REJECTED
2025-09-13 17:32:43,872 [9e23e878-9bb3-42b5-8b94-e0e229812e65@group-D5D0288CE997-LeaderElection143] INFO  server.RaftServer$Division (RaftServerImpl.java:setRole(392)) - 9e23e878-9bb3-42b5-8b94-e0e229812e65@group-D5D0288CE997: changes role from CANDIDATE to FOLLOWER at term 1 for REJECTED
2025-09-13 17:32:43,872 [9e23e878-9bb3-42b5-8b94-e0e229812e65@group-D5D0288CE997-LeaderElection143] INFO  impl.RoleInfo (RoleInfo.java:shutdownLeaderElection(141)) - 9e23e878-9bb3-42b5-8b94-e0e229812e65: shutdown 9e23e878-9bb3-42b5-8b94-e0e229812e65@group-D5D0288CE997-LeaderElection143
2025-09-13 17:32:43,873 [9e23e878-9bb3-42b5-8b94-e0e229812e65@group-D5D0288CE997-LeaderElection143] INFO  impl.RoleInfo (RoleInfo.java:updateAndGet(148)) - 9e23e878-9bb3-42b5-8b94-e0e229812e65: start 9e23e878-9bb3-42b5-8b94-e0e229812e65@group-D5D0288CE997-FollowerState
2025-09-13 17:32:44,345 [9e23e878-9bb3-42b5-8b94-e0e229812e65@group-CF05563D4821-FollowerState] INFO  impl.FollowerState (FollowerState.java:runImpl(161)) - 9e23e878-9bb3-42b5-8b94-e0e229812e65@group-CF05563D4821-FollowerState: change to CANDIDATE, lastRpcElapsedTime:1035426378ns, electionTimeout:1035ms
2025-09-13 17:32:44,345 [9e23e878-9bb3-42b5-8b94-e0e229812e65@group-CF05563D4821-FollowerState] INFO  impl.RoleInfo (RoleInfo.java:shutdownFollowerState(121)) - 9e23e878-9bb3-42b5-8b94-e0e229812e65: shutdown 9e23e878-9bb3-42b5-8b94-e0e229812e65@group-CF05563D4821-FollowerState
2025-09-13 17:32:44,345 [9e23e878-9bb3-42b5-8b94-e0e229812e65@group-CF05563D4821-FollowerState] INFO  server.RaftServer$Division (RaftServerImpl.java:setRole(392)) - 9e23e878-9bb3-42b5-8b94-e0e229812e65@group-CF05563D4821: changes role from  FOLLOWER to CANDIDATE at term 2 for changeToCandidate
2025-09-13 17:32:44,345 [9e23e878-9bb3-42b5-8b94-e0e229812e65@group-CF05563D4821-FollowerState] INFO  impl.RoleInfo (RoleInfo.java:updateAndGet(148)) - 9e23e878-9bb3-42b5-8b94-e0e229812e65: start 9e23e878-9bb3-42b5-8b94-e0e229812e65@group-CF05563D4821-LeaderElection144
2025-09-13 17:32:44,346 [9e23e878-9bb3-42b5-8b94-e0e229812e65@group-CF05563D4821-LeaderElection144] INFO  impl.LeaderElection (LeaderElection.java:askForVotes(448)) - 9e23e878-9bb3-42b5-8b94-e0e229812e65@group-CF05563D4821-LeaderElection144 PRE_VOTE round 0: submit vote requests at term 2 for conf: {index: 1, cur=peers:[9e23e878-9bb3-42b5-8b94-e0e229812e65|127.0.0.1:15023, 13facd30-3950-4310-8b1a-93d004abbbdd|127.0.0.1:15031, 36d876fb-a458-4393-963b-58eeedb8ba95|127.0.0.1:15015]|listeners:[], old=null}
2025-09-13 17:32:44,346 [9e23e878-9bb3-42b5-8b94-e0e229812e65@group-CF05563D4821-LeaderElection144] INFO  impl.LeaderElection (LogUtils.java:infoOrTrace(142)) - 9e23e878-9bb3-42b5-8b94-e0e229812e65@group-CF05563D4821-LeaderElection144 got exception when requesting votes: java.util.concurrent.ExecutionException: org.apache.ratis.thirdparty.io.grpc.StatusRuntimeException: UNAVAILABLE: io exception
2025-09-13 17:32:44,346 [9e23e878-9bb3-42b5-8b94-e0e229812e65@group-CF05563D4821-LeaderElection144] INFO  impl.LeaderElection (LogUtils.java:infoOrTrace(142)) - 9e23e878-9bb3-42b5-8b94-e0e229812e65@group-CF05563D4821-LeaderElection144 got exception when requesting votes: java.util.concurrent.ExecutionException: org.apache.ratis.thirdparty.io.grpc.StatusRuntimeException: UNAVAILABLE: io exception
2025-09-13 17:32:44,346 [9e23e878-9bb3-42b5-8b94-e0e229812e65@group-CF05563D4821-LeaderElection144] INFO  impl.LeaderElection (LeaderElection.java:logAndReturn(206)) - 9e23e878-9bb3-42b5-8b94-e0e229812e65@group-CF05563D4821-LeaderElection144: PRE_VOTE REJECTED received 0 response(s) and 2 exception(s):
2025-09-13 17:32:44,346 [9e23e878-9bb3-42b5-8b94-e0e229812e65@group-CF05563D4821-LeaderElection144] INFO  impl.LeaderElection (LogUtils.java:infoOrTrace(142)) -   Exception 0: java.util.concurrent.ExecutionException: org.apache.ratis.thirdparty.io.grpc.StatusRuntimeException: UNAVAILABLE: io exception
2025-09-13 17:32:44,346 [9e23e878-9bb3-42b5-8b94-e0e229812e65@group-CF05563D4821-LeaderElection144] INFO  impl.LeaderElection (LogUtils.java:infoOrTrace(142)) -   Exception 1: java.util.concurrent.ExecutionException: org.apache.ratis.thirdparty.io.grpc.StatusRuntimeException: UNAVAILABLE: io exception
2025-09-13 17:32:44,346 [9e23e878-9bb3-42b5-8b94-e0e229812e65@group-CF05563D4821-LeaderElection144] INFO  impl.LeaderElection (LeaderElection.java:askForVotes(450)) - 9e23e878-9bb3-42b5-8b94-e0e229812e65@group-CF05563D4821-LeaderElection144 PRE_VOTE round 0: result REJECTED
2025-09-13 17:32:44,346 [9e23e878-9bb3-42b5-8b94-e0e229812e65@group-CF05563D4821-LeaderElection144] INFO  server.RaftServer$Division (RaftServerImpl.java:setRole(392)) - 9e23e878-9bb3-42b5-8b94-e0e229812e65@group-CF05563D4821: changes role from CANDIDATE to FOLLOWER at term 2 for REJECTED
2025-09-13 17:32:44,347 [9e23e878-9bb3-42b5-8b94-e0e229812e65@group-CF05563D4821-LeaderElection144] INFO  impl.RoleInfo (RoleInfo.java:shutdownLeaderElection(141)) - 9e23e878-9bb3-42b5-8b94-e0e229812e65: shutdown 9e23e878-9bb3-42b5-8b94-e0e229812e65@group-CF05563D4821-LeaderElection144
2025-09-13 17:32:44,347 [9e23e878-9bb3-42b5-8b94-e0e229812e65@group-CF05563D4821-LeaderElection144] INFO  impl.RoleInfo (RoleInfo.java:updateAndGet(148)) - 9e23e878-9bb3-42b5-8b94-e0e229812e65: start 9e23e878-9bb3-42b5-8b94-e0e229812e65@group-CF05563D4821-FollowerState
2025-09-13 17:32:44,719 [ForkJoinPool-1-worker-1] INFO  utils.DatanodeStoreCache (DatanodeStoreCache.java:shutdownCache(110)) - Skip clearing cache in mini cluster mode. Entries left: [/home/runner/work/ozone/ozone/hadoop-ozone/integration-test/target/test-dir/MiniOzoneClusterImpl-1331a795-ed08-415d-924a-7661a5cf51a5/ozone-metadata/datanode-1/data-0/hdds/1331a795-ed08-415d-924a-7661a5cf51a5/DS-cef04933-4ce8-4840-b22e-4ad87088cbdd/container.db, /home/runner/work/ozone/ozone/hadoop-ozone/integration-test/target/test-dir/MiniOzoneClusterImpl-1331a795-ed08-415d-924a-7661a5cf51a5/ozone-metadata/datanode-10/data-0/hdds/1331a795-ed08-415d-924a-7661a5cf51a5/DS-2f2d0a7f-394e-472e-bb26-a84cc7eb1472/container.db, /home/runner/work/ozone/ozone/hadoop-ozone/integration-test/target/test-dir/MiniOzoneClusterImpl-1331a795-ed08-415d-924a-7661a5cf51a5/ozone-metadata/datanode-2/data-0/hdds/1331a795-ed08-415d-924a-7661a5cf51a5/DS-ce29b877-3335-47dd-ae87-6ca9399c09a2/container.db, /home/runner/work/ozone/ozone/hadoop-ozone/integration-test/target/test-dir/MiniOzoneClusterImpl-1331a795-ed08-415d-924a-7661a5cf51a5/ozone-metadata/datanode-4/data-0/hdds/1331a795-ed08-415d-924a-7661a5cf51a5/DS-e1c55588-49a5-4291-a123-18ab5048c25f/container.db, /home/runner/work/ozone/ozone/hadoop-ozone/integration-test/target/test-dir/MiniOzoneClusterImpl-1331a795-ed08-415d-924a-7661a5cf51a5/ozone-metadata/datanode-5/data-0/hdds/1331a795-ed08-415d-924a-7661a5cf51a5/DS-84acdda9-c348-442e-9156-67d0a73b2541/container.db, /home/runner/work/ozone/ozone/hadoop-ozone/integration-test/target/test-dir/MiniOzoneClusterImpl-1331a795-ed08-415d-924a-7661a5cf51a5/ozone-metadata/datanode-6/data-0/hdds/1331a795-ed08-415d-924a-7661a5cf51a5/DS-22fb78ac-1833-44ab-8f02-751f4fb3033d/container.db, /home/runner/work/ozone/ozone/hadoop-ozone/integration-test/target/test-dir/MiniOzoneClusterImpl-1331a795-ed08-415d-924a-7661a5cf51a5/ozone-metadata/datanode-7/data-0/hdds/1331a795-ed08-415d-924a-7661a5cf51a5/DS-63a6c3b7-4525-47d9-ad60-45ee0a1c7b71/container.db, /home/runner/work/ozone/ozone/hadoop-ozone/integration-test/target/test-dir/MiniOzoneClusterImpl-1331a795-ed08-415d-924a-7661a5cf51a5/ozone-metadata/datanode-8/data-0/hdds/1331a795-ed08-415d-924a-7661a5cf51a5/DS-643ce4cb-c5d1-46d9-b647-00c002703750/container.db, /home/runner/work/ozone/ozone/hadoop-ozone/integration-test/target/test-dir/MiniOzoneClusterImpl-1331a795-ed08-415d-924a-7661a5cf51a5/ozone-metadata/datanode-9/data-0/hdds/1331a795-ed08-415d-924a-7661a5cf51a5/DS-8a555c84-68d0-42a4-8e7e-de18356c0fbd/container.db]
2025-09-13 17:32:44,720 [ForkJoinPool-1-worker-1] INFO  utils.DatanodeStoreCache (DatanodeStoreCache.java:removeDB(104)) - Removed db /home/runner/work/ozone/ozone/hadoop-ozone/integration-test/target/test-dir/MiniOzoneClusterImpl-1331a795-ed08-415d-924a-7661a5cf51a5/ozone-metadata/datanode-1/data-0/hdds/1331a795-ed08-415d-924a-7661a5cf51a5/DS-cef04933-4ce8-4840-b22e-4ad87088cbdd/container.db from cache
2025-09-13 17:32:44,720 [ForkJoinPool-1-worker-1] INFO  volume.HddsVolume (HddsVolume.java:closeDbStore(609)) - SchemaV3 db is stopped at /home/runner/work/ozone/ozone/hadoop-ozone/integration-test/target/test-dir/MiniOzoneClusterImpl-1331a795-ed08-415d-924a-7661a5cf51a5/ozone-metadata/datanode-1/data-0/hdds/1331a795-ed08-415d-924a-7661a5cf51a5/DS-cef04933-4ce8-4840-b22e-4ad87088cbdd/container.db for volume DS-cef04933-4ce8-4840-b22e-4ad87088cbdd
2025-09-13 17:32:44,721 [ForkJoinPool-1-worker-1] INFO  utils.BackgroundService (BackgroundService.java:shutdown(195)) - Shutting down service BlockDeletingService
2025-09-13 17:32:44,721 [ForkJoinPool-1-worker-1] INFO  utils.BackgroundService (BackgroundService.java:shutdown(195)) - Shutting down service StaleRecoveringContainerScrubbingService
2025-09-13 17:32:44,722 [ForkJoinPool-1-worker-1] INFO  statemachine.DatanodeStateMachine (DatanodeStateMachine.java:stopDaemon(654)) - Ozone container server stopped.
2025-09-13 17:32:44,737 [ForkJoinPool-1-worker-1] INFO  handler.ContextHandler (ContextHandler.java:doStop(1159)) - Stopped o.e.j.w.WebAppContext@2943537b{hddsDatanode,/,null,STOPPED}{jar:file:/home/runner/work/ozone/ozone/hadoop-hdds/container-service/target/hdds-container-service-2.1.0-SNAPSHOT.jar!/webapps/hddsDatanode}
2025-09-13 17:32:44,737 [ForkJoinPool-1-worker-1] INFO  server.AbstractConnector (AbstractConnector.java:doStop(383)) - Stopped ServerConnector@563b4990{HTTP/1.1, (http/1.1)}{0.0.0.0:15010}
2025-09-13 17:32:44,737 [ForkJoinPool-1-worker-1] INFO  server.session (HouseKeeper.java:stopScavenging(149)) - node0 Stopped scavenging
2025-09-13 17:32:44,738 [ForkJoinPool-1-worker-1] INFO  handler.ContextHandler (ContextHandler.java:doStop(1159)) - Stopped o.e.j.s.ServletContextHandler@5b334fd3{static,/static,jar:file:/home/runner/work/ozone/ozone/hadoop-hdds/container-service/target/hdds-container-service-2.1.0-SNAPSHOT.jar!/webapps/static,STOPPED}
2025-09-13 17:32:44,738 [ForkJoinPool-1-worker-1] INFO  handler.ContextHandler (ContextHandler.java:doStop(1159)) - Stopped o.e.j.s.ServletContextHandler@1c4459aa{logs,/logs,file:///home/runner/work/ozone/ozone/hadoop-ozone/integration-test/target/log,STOPPED}
2025-09-13 17:32:44,738 [ForkJoinPool-1-worker-1] INFO  ozone.HddsDatanodeClientProtocolServer (HddsDatanodeClientProtocolServer.java:stop(82)) - Stopping the RPC server for Client Protocol
2025-09-13 17:32:44,738 [ForkJoinPool-1-worker-1] INFO  ipc.Server (Server.java:stop(3697)) - Stopping server on 15011
2025-09-13 17:32:44,740 [IPC Server listener on 15011] INFO  ipc.Server (Server.java:run(1585)) - Stopping IPC Server listener on 15011
2025-09-13 17:32:44,740 [IPC Server Responder] INFO  ipc.Server (Server.java:run(1718)) - Stopping IPC Server Responder
2025-09-13 17:32:44,741 [ForkJoinPool-1-worker-1] ERROR impl.OrderedAsync (OrderedAsync.java:lambda$null$6(215)) -  client-2ECFBEF5EF78: Failed* RaftClientRequest:client-2ECFBEF5EF78->36d876fb-a458-4393-963b-58eeedb8ba95@group-D5D0288CE997, cid=47, seq=10, RW, cmdType: WriteChunk
traceID: ""
containerID: 3
datanodeUuid: "13facd30-3950-4310-8b1a-93d004abbbdd"
writeChunk {
  blockID {
    containerID: 3
    localID: 115816896921600006
    blockCommitSequenceId: 0
    replicaIndex: 0
  }
  chunkData {
    chunkName: "115816896921600006_chunk_1"
    offset: 0
    len: 524288
    checksumData {
      type: CRC32
      bytesPerChecksum: 16384
      checksums: "\326\360U\321"
      checksums: "\326\360U\321"
      checksums: "\326\360U\321"
      checksums: "\326\360U\321"
      checksums: "\326\360U\321"
      checksums: "\326\360U\321"
      checksums: "\326\360U\321"
      checksums: "\326\360U\321"
      checksums: "\326\360U\321"
      checksums: "\326\360U\321"
      checksums: "\326\360U\321"
      checksums: "\326\360U\321"
      checksums: "\326\360U\321"
      checksums: "\326\360U\321"
      checksums: "\326\360U\321"
      checksums: "\326\360U\321"
      checksums: "\326\360U\321"
      checksums: "\326\360U\321"
      checksums: "\326\360U\321"
      checksums: "\326\360U\321"
      checksums: "\326\360U\321"
      checksums: "\326\360U\321"
      checksums: "\326\360U\321"
      checksums: "\326\360U\321"
      checksums: "\326\360U\321"
      checksums: "\326\360U\321"
      checksums: "\326\360U\321"
      checksums: "\326\360U\321"
      checksums: "\326\360U\321"
      checksums: "\326\360U\321"
      checksums: "\326\360U\321"
      checksums: "\277r/p"
    }
  }
}
version: 3
, data.size=524288
java.util.concurrent.CompletionException: org.apache.ratis.protocol.exceptions.AlreadyClosedException: client-2ECFBEF5EF78->36d876fb-a458-4393-963b-58eeedb8ba95 is closed.
	at java.base/java.util.concurrent.CompletableFuture.encodeThrowable(CompletableFuture.java:332)
	at java.base/java.util.concurrent.CompletableFuture.uniAcceptNow(CompletableFuture.java:747)
	at java.base/java.util.concurrent.CompletableFuture.uniAcceptStage(CompletableFuture.java:735)
	at java.base/java.util.concurrent.CompletableFuture.thenAccept(CompletableFuture.java:2214)
	at org.apache.ratis.client.impl.OrderedAsync.sendRequestWithRetry(OrderedAsync.java:206)
	at org.apache.ratis.util.SlidingWindow$Client.sendOrDelayRequest(SlidingWindow.java:306)
	at org.apache.ratis.util.SlidingWindow$Client.submitNewRequest(SlidingWindow.java:294)
	at org.apache.ratis.client.impl.OrderedAsync.send(OrderedAsync.java:173)
	at org.apache.ratis.client.impl.AsyncImpl.send(AsyncImpl.java:41)
	at org.apache.ratis.client.impl.AsyncImpl.send(AsyncImpl.java:46)
	at org.apache.ratis.client.api.AsyncApi.send(AsyncApi.java:46)
	at org.apache.hadoop.hdds.scm.XceiverClientRatis.lambda$sendRequestAsync$3(XceiverClientRatis.java:270)
	at org.apache.hadoop.hdds.tracing.TracingUtil.executeInSpan(TracingUtil.java:167)
	at org.apache.hadoop.hdds.tracing.TracingUtil.executeInNewSpan(TracingUtil.java:157)
	at org.apache.hadoop.hdds.scm.XceiverClientRatis.sendRequestAsync(XceiverClientRatis.java:255)
	at org.apache.hadoop.hdds.scm.XceiverClientRatis.sendCommandAsync(XceiverClientRatis.java:368)
	at org.apache.hadoop.hdds.scm.storage.ContainerProtocolCalls.writeChunkAsync(ContainerProtocolCalls.java:476)
	at org.apache.hadoop.hdds.scm.storage.BlockOutputStream.writeChunkToContainer(BlockOutputStream.java:965)
	at org.apache.hadoop.hdds.scm.storage.BlockOutputStream.writeChunk(BlockOutputStream.java:663)
	at org.apache.hadoop.hdds.scm.storage.BlockOutputStream.handleFlushInternalSynchronized(BlockOutputStream.java:754)
	at org.apache.hadoop.hdds.scm.storage.BlockOutputStream.lambda$handleFlushInternal$8(BlockOutputStream.java:703)
	at org.apache.hadoop.ozone.util.MetricUtil.captureLatencyNs(MetricUtil.java:45)
	at org.apache.hadoop.hdds.scm.storage.BlockOutputStream.handleFlushInternal(BlockOutputStream.java:702)
	at org.apache.hadoop.hdds.scm.storage.BlockOutputStream.handleFlush(BlockOutputStream.java:678)
	at org.apache.hadoop.hdds.scm.storage.BlockOutputStream.close(BlockOutputStream.java:789)
	at org.apache.hadoop.ozone.client.io.BlockOutputStreamEntry.close(BlockOutputStreamEntry.java:217)
	at org.apache.hadoop.ozone.client.io.KeyOutputStream.handleStreamAction(KeyOutputStream.java:613)
	at org.apache.hadoop.ozone.client.io.KeyOutputStream.handleFlushOrClose(KeyOutputStream.java:581)
	at org.apache.hadoop.ozone.client.io.KeyOutputStream.closeInternal(KeyOutputStream.java:647)
	at org.apache.hadoop.ozone.client.io.KeyOutputStream.doInWriteLock(KeyOutputStream.java:251)
	at org.apache.hadoop.ozone.client.io.KeyOutputStream.close(KeyOutputStream.java:638)
	at org.apache.hadoop.ozone.client.io.OzoneOutputStream.close(OzoneOutputStream.java:104)
	at org.apache.hadoop.ozone.client.rpc.TestFailureHandlingByClient.testWriteSmallFile(TestFailureHandlingByClient.java:350)
	at java.base/jdk.internal.reflect.DirectMethodHandleAccessor.invoke(DirectMethodHandleAccessor.java:103)
	at java.base/java.lang.reflect.Method.invoke(Method.java:580)
	at org.junit.platform.commons.util.ReflectionUtils.invokeMethod(ReflectionUtils.java:787)
	at org.junit.platform.commons.support.ReflectionSupport.invokeMethod(ReflectionSupport.java:478)
	at org.junit.jupiter.engine.execution.MethodInvocation.proceed(MethodInvocation.java:60)
	at org.junit.jupiter.engine.execution.InvocationInterceptorChain$ValidatingInvocation.proceed(InvocationInterceptorChain.java:131)
	at org.junit.jupiter.engine.extension.SameThreadTimeoutInvocation.proceed(SameThreadTimeoutInvocation.java:49)
	at org.junit.jupiter.engine.extension.TimeoutExtension.intercept(TimeoutExtension.java:161)
	at org.junit.jupiter.engine.extension.TimeoutExtension.interceptTestableMethod(TimeoutExtension.java:152)
	at org.junit.jupiter.engine.extension.TimeoutExtension.interceptTestMethod(TimeoutExtension.java:91)
	at org.junit.jupiter.engine.execution.InterceptingExecutableInvoker$ReflectiveInterceptorCall.lambda$ofVoidMethod$0(InterceptingExecutableInvoker.java:112)
	at org.junit.jupiter.engine.execution.InterceptingExecutableInvoker.lambda$invoke$0(InterceptingExecutableInvoker.java:94)
	at org.junit.jupiter.engine.execution.InvocationInterceptorChain$InterceptedInvocation.proceed(InvocationInterceptorChain.java:106)
	at org.junit.jupiter.engine.execution.InvocationInterceptorChain.proceed(InvocationInterceptorChain.java:64)
	at org.junit.jupiter.engine.execution.InvocationInterceptorChain.chainAndInvoke(InvocationInterceptorChain.java:45)
	at org.junit.jupiter.engine.execution.InvocationInterceptorChain.invoke(InvocationInterceptorChain.java:37)
	at org.junit.jupiter.engine.execution.InterceptingExecutableInvoker.invoke(InterceptingExecutableInvoker.java:93)
	at org.junit.jupiter.engine.execution.InterceptingExecutableInvoker.invoke(InterceptingExecutableInvoker.java:87)
	at org.junit.jupiter.engine.descriptor.TestMethodTestDescriptor.lambda$invokeTestMethod$4(TestMethodTestDescriptor.java:221)
	at org.junit.platform.engine.support.hierarchical.ThrowableCollector.execute(ThrowableCollector.java:73)
	at org.junit.jupiter.engine.descriptor.TestMethodTestDescriptor.invokeTestMethod(TestMethodTestDescriptor.java:217)
	at org.junit.jupiter.engine.descriptor.TestMethodTestDescriptor.execute(TestMethodTestDescriptor.java:159)
	at org.junit.jupiter.engine.descriptor.TestMethodTestDescriptor.execute(TestMethodTestDescriptor.java:70)
	at org.junit.platform.engine.support.hierarchical.NodeTestTask.lambda$executeRecursively$6(NodeTestTask.java:157)
	at org.junit.platform.engine.support.hierarchical.ThrowableCollector.execute(ThrowableCollector.java:73)
	at org.junit.platform.engine.support.hierarchical.NodeTestTask.lambda$executeRecursively$8(NodeTestTask.java:147)
	at org.junit.platform.engine.support.hierarchical.Node.around(Node.java:137)
	at org.junit.platform.engine.support.hierarchical.NodeTestTask.lambda$executeRecursively$9(NodeTestTask.java:145)
	at org.junit.platform.engine.support.hierarchical.ThrowableCollector.execute(ThrowableCollector.java:73)
	at org.junit.platform.engine.support.hierarchical.NodeTestTask.executeRecursively(NodeTestTask.java:144)
	at org.junit.platform.engine.support.hierarchical.NodeTestTask.execute(NodeTestTask.java:101)
	at org.junit.platform.engine.support.hierarchical.ForkJoinPoolHierarchicalTestExecutorService$ExclusiveTask.exec(ForkJoinPoolHierarchicalTestExecutorService.java:274)
	at org.junit.platform.engine.support.hierarchical.ForkJoinPoolHierarchicalTestExecutorService$ExclusiveTask.execSync(ForkJoinPoolHierarchicalTestExecutorService.java:247)
	at org.junit.platform.engine.support.hierarchical.ForkJoinPoolHierarchicalTestExecutorService.executeSync(ForkJoinPoolHierarchicalTestExecutorService.java:194)
	at org.junit.platform.engine.support.hierarchical.ForkJoinPoolHierarchicalTestExecutorService.invokeAll(ForkJoinPoolHierarchicalTestExecutorService.java:166)
	at org.junit.platform.engine.support.hierarchical.NodeTestTask.lambda$executeRecursively$6(NodeTestTask.java:161)
	at org.junit.platform.engine.support.hierarchical.ThrowableCollector.execute(ThrowableCollector.java:73)
	at org.junit.platform.engine.support.hierarchical.NodeTestTask.lambda$executeRecursively$8(NodeTestTask.java:147)
	at org.junit.platform.engine.support.hierarchical.Node.around(Node.java:137)
	at org.junit.platform.engine.support.hierarchical.NodeTestTask.lambda$executeRecursively$9(NodeTestTask.java:145)
	at org.junit.platform.engine.support.hierarchical.ThrowableCollector.execute(ThrowableCollector.java:73)
	at org.junit.platform.engine.support.hierarchical.NodeTestTask.executeRecursively(NodeTestTask.java:144)
	at org.junit.platform.engine.support.hierarchical.NodeTestTask.execute(NodeTestTask.java:101)
	at org.junit.platform.engine.support.hierarchical.ForkJoinPoolHierarchicalTestExecutorService$ExclusiveTask.exec(ForkJoinPoolHierarchicalTestExecutorService.java:274)
	at org.junit.platform.engine.support.hierarchical.ForkJoinPoolHierarchicalTestExecutorService$ExclusiveTask.execSync(ForkJoinPoolHierarchicalTestExecutorService.java:247)
	at org.junit.platform.engine.support.hierarchical.ForkJoinPoolHierarchicalTestExecutorService.invokeAll(ForkJoinPoolHierarchicalTestExecutorService.java:159)
	at org.junit.platform.engine.support.hierarchical.NodeTestTask.lambda$executeRecursively$6(NodeTestTask.java:161)
	at org.junit.platform.engine.support.hierarchical.ThrowableCollector.execute(ThrowableCollector.java:73)
	at org.junit.platform.engine.support.hierarchical.NodeTestTask.lambda$executeRecursively$8(NodeTestTask.java:147)
	at org.junit.platform.engine.support.hierarchical.Node.around(Node.java:137)
	at org.junit.platform.engine.support.hierarchical.NodeTestTask.lambda$executeRecursively$9(NodeTestTask.java:145)
	at org.junit.platform.engine.support.hierarchical.ThrowableCollector.execute(ThrowableCollector.java:73)
	at org.junit.platform.engine.support.hierarchical.NodeTestTask.executeRecursively(NodeTestTask.java:144)
	at org.junit.platform.engine.support.hierarchical.NodeTestTask.execute(NodeTestTask.java:101)
	at org.junit.platform.engine.support.hierarchical.ForkJoinPoolHierarchicalTestExecutorService$ExclusiveTask.exec(ForkJoinPoolHierarchicalTestExecutorService.java:274)
	at java.base/java.util.concurrent.ForkJoinTask.doExec(ForkJoinTask.java:387)
	at java.base/java.util.concurrent.ForkJoinPool$WorkQueue.topLevelExec(ForkJoinPool.java:1312)
	at java.base/java.util.concurrent.ForkJoinPool.scan(ForkJoinPool.java:1843)
	at java.base/java.util.concurrent.ForkJoinPool.runWorker(ForkJoinPool.java:1808)
	at java.base/java.util.concurrent.ForkJoinWorkerThread.run(ForkJoinWorkerThread.java:188)
Caused by: org.apache.ratis.protocol.exceptions.AlreadyClosedException: client-2ECFBEF5EF78->36d876fb-a458-4393-963b-58eeedb8ba95 is closed.
	at org.apache.ratis.grpc.client.GrpcClientProtocolClient$AsyncStreamObservers.onNext(GrpcClientProtocolClient.java:352)
	at org.apache.ratis.grpc.client.GrpcClientRpc.sendRequestAsync(GrpcClientRpc.java:71)
	... 89 more
2025-09-13 17:32:45,073 [9e23e878-9bb3-42b5-8b94-e0e229812e65@group-D5D0288CE997-FollowerState] INFO  impl.FollowerState (FollowerState.java:runImpl(161)) - 9e23e878-9bb3-42b5-8b94-e0e229812e65@group-D5D0288CE997-FollowerState: change to CANDIDATE, lastRpcElapsedTime:1200271752ns, electionTimeout:1200ms
2025-09-13 17:32:45,073 [9e23e878-9bb3-42b5-8b94-e0e229812e65@group-D5D0288CE997-FollowerState] INFO  impl.RoleInfo (RoleInfo.java:shutdownFollowerState(121)) - 9e23e878-9bb3-42b5-8b94-e0e229812e65: shutdown 9e23e878-9bb3-42b5-8b94-e0e229812e65@group-D5D0288CE997-FollowerState
2025-09-13 17:32:45,073 [9e23e878-9bb3-42b5-8b94-e0e229812e65@group-D5D0288CE997-FollowerState] INFO  server.RaftServer$Division (RaftServerImpl.java:setRole(392)) - 9e23e878-9bb3-42b5-8b94-e0e229812e65@group-D5D0288CE997: changes role from  FOLLOWER to CANDIDATE at term 1 for changeToCandidate
2025-09-13 17:32:45,073 [9e23e878-9bb3-42b5-8b94-e0e229812e65@group-D5D0288CE997-FollowerState] INFO  impl.RoleInfo (RoleInfo.java:updateAndGet(148)) - 9e23e878-9bb3-42b5-8b94-e0e229812e65: start 9e23e878-9bb3-42b5-8b94-e0e229812e65@group-D5D0288CE997-LeaderElection145
2025-09-13 17:32:45,073 [9e23e878-9bb3-42b5-8b94-e0e229812e65@group-D5D0288CE997-LeaderElection145] INFO  impl.LeaderElection (LeaderElection.java:askForVotes(448)) - 9e23e878-9bb3-42b5-8b94-e0e229812e65@group-D5D0288CE997-LeaderElection145 PRE_VOTE round 0: submit vote requests at term 1 for conf: {index: 0, cur=peers:[9e23e878-9bb3-42b5-8b94-e0e229812e65|127.0.0.1:15023, 13facd30-3950-4310-8b1a-93d004abbbdd|127.0.0.1:15031, 36d876fb-a458-4393-963b-58eeedb8ba95|127.0.0.1:15015]|listeners:[], old=null}
2025-09-13 17:32:45,074 [9e23e878-9bb3-42b5-8b94-e0e229812e65@group-D5D0288CE997-LeaderElection145] INFO  impl.LeaderElection (LogUtils.java:infoOrTrace(142)) - 9e23e878-9bb3-42b5-8b94-e0e229812e65@group-D5D0288CE997-LeaderElection145 got exception when requesting votes: java.util.concurrent.ExecutionException: org.apache.ratis.thirdparty.io.grpc.StatusRuntimeException: UNAVAILABLE: io exception
2025-09-13 17:32:45,074 [9e23e878-9bb3-42b5-8b94-e0e229812e65@group-D5D0288CE997-LeaderElection145] INFO  impl.LeaderElection (LogUtils.java:infoOrTrace(142)) - 9e23e878-9bb3-42b5-8b94-e0e229812e65@group-D5D0288CE997-LeaderElection145 got exception when requesting votes: java.util.concurrent.ExecutionException: org.apache.ratis.thirdparty.io.grpc.StatusRuntimeException: UNAVAILABLE: io exception
2025-09-13 17:32:45,074 [9e23e878-9bb3-42b5-8b94-e0e229812e65@group-D5D0288CE997-LeaderElection145] INFO  impl.LeaderElection (LeaderElection.java:logAndReturn(206)) - 9e23e878-9bb3-42b5-8b94-e0e229812e65@group-D5D0288CE997-LeaderElection145: PRE_VOTE REJECTED received 0 response(s) and 2 exception(s):
2025-09-13 17:32:45,074 [9e23e878-9bb3-42b5-8b94-e0e229812e65@group-D5D0288CE997-LeaderElection145] INFO  impl.LeaderElection (LogUtils.java:infoOrTrace(142)) -   Exception 0: java.util.concurrent.ExecutionException: org.apache.ratis.thirdparty.io.grpc.StatusRuntimeException: UNAVAILABLE: io exception
2025-09-13 17:32:45,074 [9e23e878-9bb3-42b5-8b94-e0e229812e65@group-D5D0288CE997-LeaderElection145] INFO  impl.LeaderElection (LogUtils.java:infoOrTrace(142)) -   Exception 1: java.util.concurrent.ExecutionException: org.apache.ratis.thirdparty.io.grpc.StatusRuntimeException: UNAVAILABLE: io exception
2025-09-13 17:32:45,074 [9e23e878-9bb3-42b5-8b94-e0e229812e65@group-D5D0288CE997-LeaderElection145] INFO  impl.LeaderElection (LeaderElection.java:askForVotes(450)) - 9e23e878-9bb3-42b5-8b94-e0e229812e65@group-D5D0288CE997-LeaderElection145 PRE_VOTE round 0: result REJECTED
2025-09-13 17:32:45,074 [9e23e878-9bb3-42b5-8b94-e0e229812e65@group-D5D0288CE997-LeaderElection145] INFO  server.RaftServer$Division (RaftServerImpl.java:setRole(392)) - 9e23e878-9bb3-42b5-8b94-e0e229812e65@group-D5D0288CE997: changes role from CANDIDATE to FOLLOWER at term 1 for REJECTED
2025-09-13 17:32:45,074 [9e23e878-9bb3-42b5-8b94-e0e229812e65@group-D5D0288CE997-LeaderElection145] INFO  impl.RoleInfo (RoleInfo.java:shutdownLeaderElection(141)) - 9e23e878-9bb3-42b5-8b94-e0e229812e65: shutdown 9e23e878-9bb3-42b5-8b94-e0e229812e65@group-D5D0288CE997-LeaderElection145
2025-09-13 17:32:45,074 [9e23e878-9bb3-42b5-8b94-e0e229812e65@group-D5D0288CE997-LeaderElection145] INFO  impl.RoleInfo (RoleInfo.java:updateAndGet(148)) - 9e23e878-9bb3-42b5-8b94-e0e229812e65: start 9e23e878-9bb3-42b5-8b94-e0e229812e65@group-D5D0288CE997-FollowerState
2025-09-13 17:32:45,085 [timer0] WARN  server.GrpcLogAppender (LogUtils.java:warn(127)) - 36d876fb-a458-4393-963b-58eeedb8ba95@group-CF05563D4821->13facd30-3950-4310-8b1a-93d004abbbdd-AppendLogResponseHandler: Failed appendEntries (Repeated 14 times in the last 5.000s): org.apache.ratis.thirdparty.io.grpc.StatusRuntimeException: UNAVAILABLE: io exception
  Caused by: org.apache.ratis.thirdparty.io.netty.channel.AbstractChannel$AnnotatedConnectException: finishConnect(..) failed: Connection refused: /127.0.0.1:15031
  Caused by: java.net.ConnectException: finishConnect(..) failed: Connection refused
2025-09-13 17:32:45,086 [timer3] WARN  server.GrpcLogAppender (GrpcLogAppender.java:lambda$resetClient$1(228)) - 36d876fb-a458-4393-963b-58eeedb8ba95@group-CF05563D4821->13facd30-3950-4310-8b1a-93d004abbbdd-GrpcLogAppender: Follower failed (request=null, errorCount=2); keep nextIndex (1) unchanged and retry. (Repeated 2 times in the last 5.000s)
2025-09-13 17:32:45,088 [timer5] WARN  server.GrpcLogAppender (GrpcLogAppender.java:lambda$resetClient$1(228)) - 36d876fb-a458-4393-963b-58eeedb8ba95@group-CF05563D4821->13facd30-3950-4310-8b1a-93d004abbbdd-GrpcLogAppender: Follower failed (request=null, errorCount=4); keep nextIndex (2) unchanged and retry. (Repeated 2 times in the last 5.000s)
2025-09-13 17:32:45,098 [timer0] WARN  server.GrpcLogAppender (GrpcLogAppender.java:lambda$resetClient$1(228)) - 36d876fb-a458-4393-963b-58eeedb8ba95@group-CF05563D4821->13facd30-3950-4310-8b1a-93d004abbbdd-GrpcLogAppender: Follower failed (request=null, errorCount=14); keep nextIndex (3) unchanged and retry. (Repeated 10 times in the last 5.000s)
2025-09-13 17:32:45,459 [9e23e878-9bb3-42b5-8b94-e0e229812e65@group-CF05563D4821-FollowerState] INFO  impl.FollowerState (FollowerState.java:runImpl(161)) - 9e23e878-9bb3-42b5-8b94-e0e229812e65@group-CF05563D4821-FollowerState: change to CANDIDATE, lastRpcElapsedTime:1112312936ns, electionTimeout:1112ms
2025-09-13 17:32:45,459 [9e23e878-9bb3-42b5-8b94-e0e229812e65@group-CF05563D4821-FollowerState] INFO  impl.RoleInfo (RoleInfo.java:shutdownFollowerState(121)) - 9e23e878-9bb3-42b5-8b94-e0e229812e65: shutdown 9e23e878-9bb3-42b5-8b94-e0e229812e65@group-CF05563D4821-FollowerState
2025-09-13 17:32:45,459 [9e23e878-9bb3-42b5-8b94-e0e229812e65@group-CF05563D4821-FollowerState] INFO  server.RaftServer$Division (RaftServerImpl.java:setRole(392)) - 9e23e878-9bb3-42b5-8b94-e0e229812e65@group-CF05563D4821: changes role from  FOLLOWER to CANDIDATE at term 2 for changeToCandidate
2025-09-13 17:32:45,459 [9e23e878-9bb3-42b5-8b94-e0e229812e65@group-CF05563D4821-FollowerState] INFO  impl.RoleInfo (RoleInfo.java:updateAndGet(148)) - 9e23e878-9bb3-42b5-8b94-e0e229812e65: start 9e23e878-9bb3-42b5-8b94-e0e229812e65@group-CF05563D4821-LeaderElection146
2025-09-13 17:32:45,459 [9e23e878-9bb3-42b5-8b94-e0e229812e65@group-CF05563D4821-LeaderElection146] INFO  impl.LeaderElection (LeaderElection.java:askForVotes(448)) - 9e23e878-9bb3-42b5-8b94-e0e229812e65@group-CF05563D4821-LeaderElection146 PRE_VOTE round 0: submit vote requests at term 2 for conf: {index: 1, cur=peers:[9e23e878-9bb3-42b5-8b94-e0e229812e65|127.0.0.1:15023, 13facd30-3950-4310-8b1a-93d004abbbdd|127.0.0.1:15031, 36d876fb-a458-4393-963b-58eeedb8ba95|127.0.0.1:15015]|listeners:[], old=null}
2025-09-13 17:32:45,460 [9e23e878-9bb3-42b5-8b94-e0e229812e65@group-CF05563D4821-LeaderElection146] INFO  impl.LeaderElection (LogUtils.java:infoOrTrace(142)) - 9e23e878-9bb3-42b5-8b94-e0e229812e65@group-CF05563D4821-LeaderElection146 got exception when requesting votes: java.util.concurrent.ExecutionException: org.apache.ratis.thirdparty.io.grpc.StatusRuntimeException: UNAVAILABLE: io exception
2025-09-13 17:32:45,460 [9e23e878-9bb3-42b5-8b94-e0e229812e65@group-CF05563D4821-LeaderElection146] INFO  impl.LeaderElection (LogUtils.java:infoOrTrace(142)) - 9e23e878-9bb3-42b5-8b94-e0e229812e65@group-CF05563D4821-LeaderElection146 got exception when requesting votes: java.util.concurrent.ExecutionException: org.apache.ratis.thirdparty.io.grpc.StatusRuntimeException: UNAVAILABLE: io exception
2025-09-13 17:32:45,460 [9e23e878-9bb3-42b5-8b94-e0e229812e65@group-CF05563D4821-LeaderElection146] INFO  impl.LeaderElection (LeaderElection.java:logAndReturn(206)) - 9e23e878-9bb3-42b5-8b94-e0e229812e65@group-CF05563D4821-LeaderElection146: PRE_VOTE REJECTED received 0 response(s) and 2 exception(s):
2025-09-13 17:32:45,460 [9e23e878-9bb3-42b5-8b94-e0e229812e65@group-CF05563D4821-LeaderElection146] INFO  impl.LeaderElection (LogUtils.java:infoOrTrace(142)) -   Exception 0: java.util.concurrent.ExecutionException: org.apache.ratis.thirdparty.io.grpc.StatusRuntimeException: UNAVAILABLE: io exception
2025-09-13 17:32:45,460 [9e23e878-9bb3-42b5-8b94-e0e229812e65@group-CF05563D4821-LeaderElection146] INFO  impl.LeaderElection (LogUtils.java:infoOrTrace(142)) -   Exception 1: java.util.concurrent.ExecutionException: org.apache.ratis.thirdparty.io.grpc.StatusRuntimeException: UNAVAILABLE: io exception
2025-09-13 17:32:45,460 [9e23e878-9bb3-42b5-8b94-e0e229812e65@group-CF05563D4821-LeaderElection146] INFO  impl.LeaderElection (LeaderElection.java:askForVotes(450)) - 9e23e878-9bb3-42b5-8b94-e0e229812e65@group-CF05563D4821-LeaderElection146 PRE_VOTE round 0: result REJECTED
2025-09-13 17:32:45,460 [9e23e878-9bb3-42b5-8b94-e0e229812e65@group-CF05563D4821-LeaderElection146] INFO  server.RaftServer$Division (RaftServerImpl.java:setRole(392)) - 9e23e878-9bb3-42b5-8b94-e0e229812e65@group-CF05563D4821: changes role from CANDIDATE to FOLLOWER at term 2 for REJECTED
2025-09-13 17:32:45,460 [9e23e878-9bb3-42b5-8b94-e0e229812e65@group-CF05563D4821-LeaderElection146] INFO  impl.RoleInfo (RoleInfo.java:shutdownLeaderElection(141)) - 9e23e878-9bb3-42b5-8b94-e0e229812e65: shutdown 9e23e878-9bb3-42b5-8b94-e0e229812e65@group-CF05563D4821-LeaderElection146
2025-09-13 17:32:45,460 [9e23e878-9bb3-42b5-8b94-e0e229812e65@group-CF05563D4821-LeaderElection146] INFO  impl.RoleInfo (RoleInfo.java:updateAndGet(148)) - 9e23e878-9bb3-42b5-8b94-e0e229812e65: start 9e23e878-9bb3-42b5-8b94-e0e229812e65@group-CF05563D4821-FollowerState
2025-09-13 17:32:46,197 [9e23e878-9bb3-42b5-8b94-e0e229812e65@group-D5D0288CE997-FollowerState] INFO  impl.FollowerState (FollowerState.java:runImpl(161)) - 9e23e878-9bb3-42b5-8b94-e0e229812e65@group-D5D0288CE997-FollowerState: change to CANDIDATE, lastRpcElapsedTime:1122434580ns, electionTimeout:1122ms
2025-09-13 17:32:46,197 [9e23e878-9bb3-42b5-8b94-e0e229812e65@group-D5D0288CE997-FollowerState] INFO  impl.RoleInfo (RoleInfo.java:shutdownFollowerState(121)) - 9e23e878-9bb3-42b5-8b94-e0e229812e65: shutdown 9e23e878-9bb3-42b5-8b94-e0e229812e65@group-D5D0288CE997-FollowerState
2025-09-13 17:32:46,197 [9e23e878-9bb3-42b5-8b94-e0e229812e65@group-D5D0288CE997-FollowerState] INFO  server.RaftServer$Division (RaftServerImpl.java:setRole(392)) - 9e23e878-9bb3-42b5-8b94-e0e229812e65@group-D5D0288CE997: changes role from  FOLLOWER to CANDIDATE at term 1 for changeToCandidate
2025-09-13 17:32:46,197 [9e23e878-9bb3-42b5-8b94-e0e229812e65@group-D5D0288CE997-FollowerState] INFO  impl.RoleInfo (RoleInfo.java:updateAndGet(148)) - 9e23e878-9bb3-42b5-8b94-e0e229812e65: start 9e23e878-9bb3-42b5-8b94-e0e229812e65@group-D5D0288CE997-LeaderElection147
2025-09-13 17:32:46,197 [9e23e878-9bb3-42b5-8b94-e0e229812e65@group-D5D0288CE997-LeaderElection147] INFO  impl.LeaderElection (LeaderElection.java:askForVotes(448)) - 9e23e878-9bb3-42b5-8b94-e0e229812e65@group-D5D0288CE997-LeaderElection147 PRE_VOTE round 0: submit vote requests at term 1 for conf: {index: 0, cur=peers:[9e23e878-9bb3-42b5-8b94-e0e229812e65|127.0.0.1:15023, 13facd30-3950-4310-8b1a-93d004abbbdd|127.0.0.1:15031, 36d876fb-a458-4393-963b-58eeedb8ba95|127.0.0.1:15015]|listeners:[], old=null}
2025-09-13 17:32:46,198 [9e23e878-9bb3-42b5-8b94-e0e229812e65@group-D5D0288CE997-LeaderElection147] INFO  impl.LeaderElection (LogUtils.java:infoOrTrace(142)) - 9e23e878-9bb3-42b5-8b94-e0e229812e65@group-D5D0288CE997-LeaderElection147 got exception when requesting votes: java.util.concurrent.ExecutionException: org.apache.ratis.thirdparty.io.grpc.StatusRuntimeException: UNAVAILABLE: io exception
2025-09-13 17:32:46,198 [9e23e878-9bb3-42b5-8b94-e0e229812e65@group-D5D0288CE997-LeaderElection147] INFO  impl.LeaderElection (LogUtils.java:infoOrTrace(142)) - 9e23e878-9bb3-42b5-8b94-e0e229812e65@group-D5D0288CE997-LeaderElection147 got exception when requesting votes: java.util.concurrent.ExecutionException: org.apache.ratis.thirdparty.io.grpc.StatusRuntimeException: UNAVAILABLE: io exception
2025-09-13 17:32:46,198 [9e23e878-9bb3-42b5-8b94-e0e229812e65@group-D5D0288CE997-LeaderElection147] INFO  impl.LeaderElection (LeaderElection.java:logAndReturn(206)) - 9e23e878-9bb3-42b5-8b94-e0e229812e65@group-D5D0288CE997-LeaderElection147: PRE_VOTE REJECTED received 0 response(s) and 2 exception(s):
2025-09-13 17:32:46,198 [9e23e878-9bb3-42b5-8b94-e0e229812e65@group-D5D0288CE997-LeaderElection147] INFO  impl.LeaderElection (LogUtils.java:infoOrTrace(142)) -   Exception 0: java.util.concurrent.ExecutionException: org.apache.ratis.thirdparty.io.grpc.StatusRuntimeException: UNAVAILABLE: io exception
2025-09-13 17:32:46,198 [9e23e878-9bb3-42b5-8b94-e0e229812e65@group-D5D0288CE997-LeaderElection147] INFO  impl.LeaderElection (LogUtils.java:infoOrTrace(142)) -   Exception 1: java.util.concurrent.ExecutionException: org.apache.ratis.thirdparty.io.grpc.StatusRuntimeException: UNAVAILABLE: io exception
2025-09-13 17:32:46,198 [9e23e878-9bb3-42b5-8b94-e0e229812e65@group-D5D0288CE997-LeaderElection147] INFO  impl.LeaderElection (LeaderElection.java:askForVotes(450)) - 9e23e878-9bb3-42b5-8b94-e0e229812e65@group-D5D0288CE997-LeaderElection147 PRE_VOTE round 0: result REJECTED
2025-09-13 17:32:46,198 [9e23e878-9bb3-42b5-8b94-e0e229812e65@group-D5D0288CE997-LeaderElection147] INFO  server.RaftServer$Division (RaftServerImpl.java:setRole(392)) - 9e23e878-9bb3-42b5-8b94-e0e229812e65@group-D5D0288CE997: changes role from CANDIDATE to FOLLOWER at term 1 for REJECTED
2025-09-13 17:32:46,198 [9e23e878-9bb3-42b5-8b94-e0e229812e65@group-D5D0288CE997-LeaderElection147] INFO  impl.RoleInfo (RoleInfo.java:shutdownLeaderElection(141)) - 9e23e878-9bb3-42b5-8b94-e0e229812e65: shutdown 9e23e878-9bb3-42b5-8b94-e0e229812e65@group-D5D0288CE997-LeaderElection147
2025-09-13 17:32:46,198 [9e23e878-9bb3-42b5-8b94-e0e229812e65@group-D5D0288CE997-LeaderElection147] INFO  impl.RoleInfo (RoleInfo.java:updateAndGet(148)) - 9e23e878-9bb3-42b5-8b94-e0e229812e65: start 9e23e878-9bb3-42b5-8b94-e0e229812e65@group-D5D0288CE997-FollowerState
2025-09-13 17:32:46,625 [9e23e878-9bb3-42b5-8b94-e0e229812e65@group-CF05563D4821-FollowerState] INFO  impl.FollowerState (FollowerState.java:runImpl(161)) - 9e23e878-9bb3-42b5-8b94-e0e229812e65@group-CF05563D4821-FollowerState: change to CANDIDATE, lastRpcElapsedTime:1164294331ns, electionTimeout:1164ms
2025-09-13 17:32:46,625 [9e23e878-9bb3-42b5-8b94-e0e229812e65@group-CF05563D4821-FollowerState] INFO  impl.RoleInfo (RoleInfo.java:shutdownFollowerState(121)) - 9e23e878-9bb3-42b5-8b94-e0e229812e65: shutdown 9e23e878-9bb3-42b5-8b94-e0e229812e65@group-CF05563D4821-FollowerState
2025-09-13 17:32:46,625 [9e23e878-9bb3-42b5-8b94-e0e229812e65@group-CF05563D4821-FollowerState] INFO  server.RaftServer$Division (RaftServerImpl.java:setRole(392)) - 9e23e878-9bb3-42b5-8b94-e0e229812e65@group-CF05563D4821: changes role from  FOLLOWER to CANDIDATE at term 2 for changeToCandidate
2025-09-13 17:32:46,625 [9e23e878-9bb3-42b5-8b94-e0e229812e65@group-CF05563D4821-FollowerState] INFO  impl.RoleInfo (RoleInfo.java:updateAndGet(148)) - 9e23e878-9bb3-42b5-8b94-e0e229812e65: start 9e23e878-9bb3-42b5-8b94-e0e229812e65@group-CF05563D4821-LeaderElection148
2025-09-13 17:32:46,625 [9e23e878-9bb3-42b5-8b94-e0e229812e65@group-CF05563D4821-LeaderElection148] INFO  impl.LeaderElection (LeaderElection.java:askForVotes(448)) - 9e23e878-9bb3-42b5-8b94-e0e229812e65@group-CF05563D4821-LeaderElection148 PRE_VOTE round 0: submit vote requests at term 2 for conf: {index: 1, cur=peers:[9e23e878-9bb3-42b5-8b94-e0e229812e65|127.0.0.1:15023, 13facd30-3950-4310-8b1a-93d004abbbdd|127.0.0.1:15031, 36d876fb-a458-4393-963b-58eeedb8ba95|127.0.0.1:15015]|listeners:[], old=null}
2025-09-13 17:32:46,626 [9e23e878-9bb3-42b5-8b94-e0e229812e65@group-CF05563D4821-LeaderElection148] INFO  impl.LeaderElection (LogUtils.java:infoOrTrace(142)) - 9e23e878-9bb3-42b5-8b94-e0e229812e65@group-CF05563D4821-LeaderElection148 got exception when requesting votes: java.util.concurrent.ExecutionException: org.apache.ratis.thirdparty.io.grpc.StatusRuntimeException: UNAVAILABLE: io exception
2025-09-13 17:32:46,626 [9e23e878-9bb3-42b5-8b94-e0e229812e65@group-CF05563D4821-LeaderElection148] INFO  impl.LeaderElection (LogUtils.java:infoOrTrace(142)) - 9e23e878-9bb3-42b5-8b94-e0e229812e65@group-CF05563D4821-LeaderElection148 got exception when requesting votes: java.util.concurrent.ExecutionException: org.apache.ratis.thirdparty.io.grpc.StatusRuntimeException: UNAVAILABLE: io exception
2025-09-13 17:32:46,626 [9e23e878-9bb3-42b5-8b94-e0e229812e65@group-CF05563D4821-LeaderElection148] INFO  impl.LeaderElection (LeaderElection.java:logAndReturn(206)) - 9e23e878-9bb3-42b5-8b94-e0e229812e65@group-CF05563D4821-LeaderElection148: PRE_VOTE REJECTED received 0 response(s) and 2 exception(s):
2025-09-13 17:32:46,626 [9e23e878-9bb3-42b5-8b94-e0e229812e65@group-CF05563D4821-LeaderElection148] INFO  impl.LeaderElection (LogUtils.java:infoOrTrace(142)) -   Exception 0: java.util.concurrent.ExecutionException: org.apache.ratis.thirdparty.io.grpc.StatusRuntimeException: UNAVAILABLE: io exception
2025-09-13 17:32:46,626 [9e23e878-9bb3-42b5-8b94-e0e229812e65@group-CF05563D4821-LeaderElection148] INFO  impl.LeaderElection (LogUtils.java:infoOrTrace(142)) -   Exception 1: java.util.concurrent.ExecutionException: org.apache.ratis.thirdparty.io.grpc.StatusRuntimeException: UNAVAILABLE: io exception
2025-09-13 17:32:46,626 [9e23e878-9bb3-42b5-8b94-e0e229812e65@group-CF05563D4821-LeaderElection148] INFO  impl.LeaderElection (LeaderElection.java:askForVotes(450)) - 9e23e878-9bb3-42b5-8b94-e0e229812e65@group-CF05563D4821-LeaderElection148 PRE_VOTE round 0: result REJECTED
2025-09-13 17:32:46,626 [9e23e878-9bb3-42b5-8b94-e0e229812e65@group-CF05563D4821-LeaderElection148] INFO  server.RaftServer$Division (RaftServerImpl.java:setRole(392)) - 9e23e878-9bb3-42b5-8b94-e0e229812e65@group-CF05563D4821: changes role from CANDIDATE to FOLLOWER at term 2 for REJECTED
2025-09-13 17:32:46,626 [9e23e878-9bb3-42b5-8b94-e0e229812e65@group-CF05563D4821-LeaderElection148] INFO  impl.RoleInfo (RoleInfo.java:shutdownLeaderElection(141)) - 9e23e878-9bb3-42b5-8b94-e0e229812e65: shutdown 9e23e878-9bb3-42b5-8b94-e0e229812e65@group-CF05563D4821-LeaderElection148
2025-09-13 17:32:46,626 [9e23e878-9bb3-42b5-8b94-e0e229812e65@group-CF05563D4821-LeaderElection148] INFO  impl.RoleInfo (RoleInfo.java:updateAndGet(148)) - 9e23e878-9bb3-42b5-8b94-e0e229812e65: start 9e23e878-9bb3-42b5-8b94-e0e229812e65@group-CF05563D4821-FollowerState
2025-09-13 17:32:47,207 [9e23e878-9bb3-42b5-8b94-e0e229812e65@group-D5D0288CE997-FollowerState] INFO  impl.FollowerState (FollowerState.java:runImpl(161)) - 9e23e878-9bb3-42b5-8b94-e0e229812e65@group-D5D0288CE997-FollowerState: change to CANDIDATE, lastRpcElapsedTime:1008303428ns, electionTimeout:1008ms
2025-09-13 17:32:47,207 [9e23e878-9bb3-42b5-8b94-e0e229812e65@group-D5D0288CE997-FollowerState] INFO  impl.RoleInfo (RoleInfo.java:shutdownFollowerState(121)) - 9e23e878-9bb3-42b5-8b94-e0e229812e65: shutdown 9e23e878-9bb3-42b5-8b94-e0e229812e65@group-D5D0288CE997-FollowerState
2025-09-13 17:32:47,207 [9e23e878-9bb3-42b5-8b94-e0e229812e65@group-D5D0288CE997-FollowerState] INFO  server.RaftServer$Division (RaftServerImpl.java:setRole(392)) - 9e23e878-9bb3-42b5-8b94-e0e229812e65@group-D5D0288CE997: changes role from  FOLLOWER to CANDIDATE at term 1 for changeToCandidate
2025-09-13 17:32:47,207 [9e23e878-9bb3-42b5-8b94-e0e229812e65@group-D5D0288CE997-FollowerState] INFO  impl.RoleInfo (RoleInfo.java:updateAndGet(148)) - 9e23e878-9bb3-42b5-8b94-e0e229812e65: start 9e23e878-9bb3-42b5-8b94-e0e229812e65@group-D5D0288CE997-LeaderElection149
2025-09-13 17:32:47,207 [9e23e878-9bb3-42b5-8b94-e0e229812e65@group-D5D0288CE997-LeaderElection149] INFO  impl.LeaderElection (LeaderElection.java:askForVotes(448)) - 9e23e878-9bb3-42b5-8b94-e0e229812e65@group-D5D0288CE997-LeaderElection149 PRE_VOTE round 0: submit vote requests at term 1 for conf: {index: 0, cur=peers:[9e23e878-9bb3-42b5-8b94-e0e229812e65|127.0.0.1:15023, 13facd30-3950-4310-8b1a-93d004abbbdd|127.0.0.1:15031, 36d876fb-a458-4393-963b-58eeedb8ba95|127.0.0.1:15015]|listeners:[], old=null}
2025-09-13 17:32:47,208 [9e23e878-9bb3-42b5-8b94-e0e229812e65@group-D5D0288CE997-LeaderElection149] INFO  impl.LeaderElection (LogUtils.java:infoOrTrace(142)) - 9e23e878-9bb3-42b5-8b94-e0e229812e65@group-D5D0288CE997-LeaderElection149 got exception when requesting votes: java.util.concurrent.ExecutionException: org.apache.ratis.thirdparty.io.grpc.StatusRuntimeException: UNAVAILABLE: io exception
2025-09-13 17:32:47,208 [9e23e878-9bb3-42b5-8b94-e0e229812e65@group-D5D0288CE997-LeaderElection149] INFO  impl.LeaderElection (LogUtils.java:infoOrTrace(142)) - 9e23e878-9bb3-42b5-8b94-e0e229812e65@group-D5D0288CE997-LeaderElection149 got exception when requesting votes: java.util.concurrent.ExecutionException: org.apache.ratis.thirdparty.io.grpc.StatusRuntimeException: UNAVAILABLE: io exception
2025-09-13 17:32:47,208 [9e23e878-9bb3-42b5-8b94-e0e229812e65@group-D5D0288CE997-LeaderElection149] INFO  impl.LeaderElection (LeaderElection.java:logAndReturn(206)) - 9e23e878-9bb3-42b5-8b94-e0e229812e65@group-D5D0288CE997-LeaderElection149: PRE_VOTE REJECTED received 0 response(s) and 2 exception(s):
2025-09-13 17:32:47,208 [9e23e878-9bb3-42b5-8b94-e0e229812e65@group-D5D0288CE997-LeaderElection149] INFO  impl.LeaderElection (LogUtils.java:infoOrTrace(142)) -   Exception 0: java.util.concurrent.ExecutionException: org.apache.ratis.thirdparty.io.grpc.StatusRuntimeException: UNAVAILABLE: io exception
2025-09-13 17:32:47,208 [9e23e878-9bb3-42b5-8b94-e0e229812e65@group-D5D0288CE997-LeaderElection149] INFO  impl.LeaderElection (LogUtils.java:infoOrTrace(142)) -   Exception 1: java.util.concurrent.ExecutionException: org.apache.ratis.thirdparty.io.grpc.StatusRuntimeException: UNAVAILABLE: io exception
2025-09-13 17:32:47,208 [9e23e878-9bb3-42b5-8b94-e0e229812e65@group-D5D0288CE997-LeaderElection149] INFO  impl.LeaderElection (LeaderElection.java:askForVotes(450)) - 9e23e878-9bb3-42b5-8b94-e0e229812e65@group-D5D0288CE997-LeaderElection149 PRE_VOTE round 0: result REJECTED
2025-09-13 17:32:47,208 [9e23e878-9bb3-42b5-8b94-e0e229812e65@group-D5D0288CE997-LeaderElection149] INFO  server.RaftServer$Division (RaftServerImpl.java:setRole(392)) - 9e23e878-9bb3-42b5-8b94-e0e229812e65@group-D5D0288CE997: changes role from CANDIDATE to FOLLOWER at term 1 for REJECTED
2025-09-13 17:32:47,208 [9e23e878-9bb3-42b5-8b94-e0e229812e65@group-D5D0288CE997-LeaderElection149] INFO  impl.RoleInfo (RoleInfo.java:shutdownLeaderElection(141)) - 9e23e878-9bb3-42b5-8b94-e0e229812e65: shutdown 9e23e878-9bb3-42b5-8b94-e0e229812e65@group-D5D0288CE997-LeaderElection149
2025-09-13 17:32:47,208 [9e23e878-9bb3-42b5-8b94-e0e229812e65@group-D5D0288CE997-LeaderElection149] INFO  impl.RoleInfo (RoleInfo.java:updateAndGet(148)) - 9e23e878-9bb3-42b5-8b94-e0e229812e65: start 9e23e878-9bb3-42b5-8b94-e0e229812e65@group-D5D0288CE997-FollowerState
2025-09-13 17:32:47,729 [9e23e878-9bb3-42b5-8b94-e0e229812e65@group-CF05563D4821-FollowerState] INFO  impl.FollowerState (FollowerState.java:runImpl(161)) - 9e23e878-9bb3-42b5-8b94-e0e229812e65@group-CF05563D4821-FollowerState: change to CANDIDATE, lastRpcElapsedTime:1103259132ns, electionTimeout:1103ms
2025-09-13 17:32:47,729 [9e23e878-9bb3-42b5-8b94-e0e229812e65@group-CF05563D4821-FollowerState] INFO  impl.RoleInfo (RoleInfo.java:shutdownFollowerState(121)) - 9e23e878-9bb3-42b5-8b94-e0e229812e65: shutdown 9e23e878-9bb3-42b5-8b94-e0e229812e65@group-CF05563D4821-FollowerState
2025-09-13 17:32:47,729 [9e23e878-9bb3-42b5-8b94-e0e229812e65@group-CF05563D4821-FollowerState] INFO  server.RaftServer$Division (RaftServerImpl.java:setRole(392)) - 9e23e878-9bb3-42b5-8b94-e0e229812e65@group-CF05563D4821: changes role from  FOLLOWER to CANDIDATE at term 2 for changeToCandidate
2025-09-13 17:32:47,729 [9e23e878-9bb3-42b5-8b94-e0e229812e65@group-CF05563D4821-FollowerState] INFO  impl.RoleInfo (RoleInfo.java:updateAndGet(148)) - 9e23e878-9bb3-42b5-8b94-e0e229812e65: start 9e23e878-9bb3-42b5-8b94-e0e229812e65@group-CF05563D4821-LeaderElection150
2025-09-13 17:32:47,730 [9e23e878-9bb3-42b5-8b94-e0e229812e65@group-CF05563D4821-LeaderElection150] INFO  impl.LeaderElection (LeaderElection.java:askForVotes(448)) - 9e23e878-9bb3-42b5-8b94-e0e229812e65@group-CF05563D4821-LeaderElection150 PRE_VOTE round 0: submit vote requests at term 2 for conf: {index: 1, cur=peers:[9e23e878-9bb3-42b5-8b94-e0e229812e65|127.0.0.1:15023, 13facd30-3950-4310-8b1a-93d004abbbdd|127.0.0.1:15031, 36d876fb-a458-4393-963b-58eeedb8ba95|127.0.0.1:15015]|listeners:[], old=null}
2025-09-13 17:32:47,730 [9e23e878-9bb3-42b5-8b94-e0e229812e65@group-CF05563D4821-LeaderElection150] INFO  impl.LeaderElection (LogUtils.java:infoOrTrace(142)) - 9e23e878-9bb3-42b5-8b94-e0e229812e65@group-CF05563D4821-LeaderElection150 got exception when requesting votes: java.util.concurrent.ExecutionException: org.apache.ratis.thirdparty.io.grpc.StatusRuntimeException: UNAVAILABLE: io exception
2025-09-13 17:32:47,730 [9e23e878-9bb3-42b5-8b94-e0e229812e65@group-CF05563D4821-LeaderElection150] INFO  impl.LeaderElection (LogUtils.java:infoOrTrace(142)) - 9e23e878-9bb3-42b5-8b94-e0e229812e65@group-CF05563D4821-LeaderElection150 got exception when requesting votes: java.util.concurrent.ExecutionException: org.apache.ratis.thirdparty.io.grpc.StatusRuntimeException: UNAVAILABLE: io exception
2025-09-13 17:32:47,730 [9e23e878-9bb3-42b5-8b94-e0e229812e65@group-CF05563D4821-LeaderElection150] INFO  impl.LeaderElection (LeaderElection.java:logAndReturn(206)) - 9e23e878-9bb3-42b5-8b94-e0e229812e65@group-CF05563D4821-LeaderElection150: PRE_VOTE REJECTED received 0 response(s) and 2 exception(s):
2025-09-13 17:32:47,730 [9e23e878-9bb3-42b5-8b94-e0e229812e65@group-CF05563D4821-LeaderElection150] INFO  impl.LeaderElection (LogUtils.java:infoOrTrace(142)) -   Exception 0: java.util.concurrent.ExecutionException: org.apache.ratis.thirdparty.io.grpc.StatusRuntimeException: UNAVAILABLE: io exception
2025-09-13 17:32:47,730 [9e23e878-9bb3-42b5-8b94-e0e229812e65@group-CF05563D4821-LeaderElection150] INFO  impl.LeaderElection (LogUtils.java:infoOrTrace(142)) -   Exception 1: java.util.concurrent.ExecutionException: org.apache.ratis.thirdparty.io.grpc.StatusRuntimeException: UNAVAILABLE: io exception
2025-09-13 17:32:47,730 [9e23e878-9bb3-42b5-8b94-e0e229812e65@group-CF05563D4821-LeaderElection150] INFO  impl.LeaderElection (LeaderElection.java:askForVotes(450)) - 9e23e878-9bb3-42b5-8b94-e0e229812e65@group-CF05563D4821-LeaderElection150 PRE_VOTE round 0: result REJECTED
2025-09-13 17:32:47,730 [9e23e878-9bb3-42b5-8b94-e0e229812e65@group-CF05563D4821-LeaderElection150] INFO  server.RaftServer$Division (RaftServerImpl.java:setRole(392)) - 9e23e878-9bb3-42b5-8b94-e0e229812e65@group-CF05563D4821: changes role from CANDIDATE to FOLLOWER at term 2 for REJECTED
2025-09-13 17:32:47,730 [9e23e878-9bb3-42b5-8b94-e0e229812e65@group-CF05563D4821-LeaderElection150] INFO  impl.RoleInfo (RoleInfo.java:shutdownLeaderElection(141)) - 9e23e878-9bb3-42b5-8b94-e0e229812e65: shutdown 9e23e878-9bb3-42b5-8b94-e0e229812e65@group-CF05563D4821-LeaderElection150
2025-09-13 17:32:47,731 [9e23e878-9bb3-42b5-8b94-e0e229812e65@group-CF05563D4821-LeaderElection150] INFO  impl.RoleInfo (RoleInfo.java:updateAndGet(148)) - 9e23e878-9bb3-42b5-8b94-e0e229812e65: start 9e23e878-9bb3-42b5-8b94-e0e229812e65@group-CF05563D4821-FollowerState
2025-09-13 17:32:48,221 [9e23e878-9bb3-42b5-8b94-e0e229812e65@group-D5D0288CE997-FollowerState] INFO  impl.FollowerState (FollowerState.java:runImpl(161)) - 9e23e878-9bb3-42b5-8b94-e0e229812e65@group-D5D0288CE997-FollowerState: change to CANDIDATE, lastRpcElapsedTime:1013265584ns, electionTimeout:1013ms
2025-09-13 17:32:48,221 [9e23e878-9bb3-42b5-8b94-e0e229812e65@group-D5D0288CE997-FollowerState] INFO  impl.RoleInfo (RoleInfo.java:shutdownFollowerState(121)) - 9e23e878-9bb3-42b5-8b94-e0e229812e65: shutdown 9e23e878-9bb3-42b5-8b94-e0e229812e65@group-D5D0288CE997-FollowerState
2025-09-13 17:32:48,222 [9e23e878-9bb3-42b5-8b94-e0e229812e65@group-D5D0288CE997-FollowerState] INFO  server.RaftServer$Division (RaftServerImpl.java:setRole(392)) - 9e23e878-9bb3-42b5-8b94-e0e229812e65@group-D5D0288CE997: changes role from  FOLLOWER to CANDIDATE at term 1 for changeToCandidate
2025-09-13 17:32:48,222 [9e23e878-9bb3-42b5-8b94-e0e229812e65@group-D5D0288CE997-FollowerState] INFO  impl.RoleInfo (RoleInfo.java:updateAndGet(148)) - 9e23e878-9bb3-42b5-8b94-e0e229812e65: start 9e23e878-9bb3-42b5-8b94-e0e229812e65@group-D5D0288CE997-LeaderElection151
2025-09-13 17:32:48,222 [9e23e878-9bb3-42b5-8b94-e0e229812e65@group-D5D0288CE997-LeaderElection151] INFO  impl.LeaderElection (LeaderElection.java:askForVotes(448)) - 9e23e878-9bb3-42b5-8b94-e0e229812e65@group-D5D0288CE997-LeaderElection151 PRE_VOTE round 0: submit vote requests at term 1 for conf: {index: 0, cur=peers:[9e23e878-9bb3-42b5-8b94-e0e229812e65|127.0.0.1:15023, 13facd30-3950-4310-8b1a-93d004abbbdd|127.0.0.1:15031, 36d876fb-a458-4393-963b-58eeedb8ba95|127.0.0.1:15015]|listeners:[], old=null}
2025-09-13 17:32:48,222 [9e23e878-9bb3-42b5-8b94-e0e229812e65@group-D5D0288CE997-LeaderElection151] INFO  impl.LeaderElection (LogUtils.java:infoOrTrace(142)) - 9e23e878-9bb3-42b5-8b94-e0e229812e65@group-D5D0288CE997-LeaderElection151 got exception when requesting votes: java.util.concurrent.ExecutionException: org.apache.ratis.thirdparty.io.grpc.StatusRuntimeException: UNAVAILABLE: io exception
2025-09-13 17:32:48,223 [9e23e878-9bb3-42b5-8b94-e0e229812e65@group-D5D0288CE997-LeaderElection151] INFO  impl.LeaderElection (LogUtils.java:infoOrTrace(142)) - 9e23e878-9bb3-42b5-8b94-e0e229812e65@group-D5D0288CE997-LeaderElection151 got exception when requesting votes: java.util.concurrent.ExecutionException: org.apache.ratis.thirdparty.io.grpc.StatusRuntimeException: UNAVAILABLE: io exception
2025-09-13 17:32:48,223 [9e23e878-9bb3-42b5-8b94-e0e229812e65@group-D5D0288CE997-LeaderElection151] INFO  impl.LeaderElection (LeaderElection.java:logAndReturn(206)) - 9e23e878-9bb3-42b5-8b94-e0e229812e65@group-D5D0288CE997-LeaderElection151: PRE_VOTE REJECTED received 0 response(s) and 2 exception(s):
2025-09-13 17:32:48,223 [9e23e878-9bb3-42b5-8b94-e0e229812e65@group-D5D0288CE997-LeaderElection151] INFO  impl.LeaderElection (LogUtils.java:infoOrTrace(142)) -   Exception 0: java.util.concurrent.ExecutionException: org.apache.ratis.thirdparty.io.grpc.StatusRuntimeException: UNAVAILABLE: io exception
2025-09-13 17:32:48,223 [9e23e878-9bb3-42b5-8b94-e0e229812e65@group-D5D0288CE997-LeaderElection151] INFO  impl.LeaderElection (LogUtils.java:infoOrTrace(142)) -   Exception 1: java.util.concurrent.ExecutionException: org.apache.ratis.thirdparty.io.grpc.StatusRuntimeException: UNAVAILABLE: io exception
2025-09-13 17:32:48,223 [9e23e878-9bb3-42b5-8b94-e0e229812e65@group-D5D0288CE997-LeaderElection151] INFO  impl.LeaderElection (LeaderElection.java:askForVotes(450)) - 9e23e878-9bb3-42b5-8b94-e0e229812e65@group-D5D0288CE997-LeaderElection151 PRE_VOTE round 0: result REJECTED
2025-09-13 17:32:48,223 [9e23e878-9bb3-42b5-8b94-e0e229812e65@group-D5D0288CE997-LeaderElection151] INFO  server.RaftServer$Division (RaftServerImpl.java:setRole(392)) - 9e23e878-9bb3-42b5-8b94-e0e229812e65@group-D5D0288CE997: changes role from CANDIDATE to FOLLOWER at term 1 for REJECTED
2025-09-13 17:32:48,223 [9e23e878-9bb3-42b5-8b94-e0e229812e65@group-D5D0288CE997-LeaderElection151] INFO  impl.RoleInfo (RoleInfo.java:shutdownLeaderElection(141)) - 9e23e878-9bb3-42b5-8b94-e0e229812e65: shutdown 9e23e878-9bb3-42b5-8b94-e0e229812e65@group-D5D0288CE997-LeaderElection151
2025-09-13 17:32:48,223 [9e23e878-9bb3-42b5-8b94-e0e229812e65@group-D5D0288CE997-LeaderElection151] INFO  impl.RoleInfo (RoleInfo.java:updateAndGet(148)) - 9e23e878-9bb3-42b5-8b94-e0e229812e65: start 9e23e878-9bb3-42b5-8b94-e0e229812e65@group-D5D0288CE997-FollowerState
2025-09-13 17:32:48,873 [9e23e878-9bb3-42b5-8b94-e0e229812e65@group-CF05563D4821-FollowerState] INFO  impl.FollowerState (FollowerState.java:runImpl(161)) - 9e23e878-9bb3-42b5-8b94-e0e229812e65@group-CF05563D4821-FollowerState: change to CANDIDATE, lastRpcElapsedTime:1142327301ns, electionTimeout:1142ms
2025-09-13 17:32:48,873 [9e23e878-9bb3-42b5-8b94-e0e229812e65@group-CF05563D4821-FollowerState] INFO  impl.RoleInfo (RoleInfo.java:shutdownFollowerState(121)) - 9e23e878-9bb3-42b5-8b94-e0e229812e65: shutdown 9e23e878-9bb3-42b5-8b94-e0e229812e65@group-CF05563D4821-FollowerState
2025-09-13 17:32:48,873 [9e23e878-9bb3-42b5-8b94-e0e229812e65@group-CF05563D4821-FollowerState] INFO  server.RaftServer$Division (RaftServerImpl.java:setRole(392)) - 9e23e878-9bb3-42b5-8b94-e0e229812e65@group-CF05563D4821: changes role from  FOLLOWER to CANDIDATE at term 2 for changeToCandidate
2025-09-13 17:32:48,873 [9e23e878-9bb3-42b5-8b94-e0e229812e65@group-CF05563D4821-FollowerState] INFO  impl.RoleInfo (RoleInfo.java:updateAndGet(148)) - 9e23e878-9bb3-42b5-8b94-e0e229812e65: start 9e23e878-9bb3-42b5-8b94-e0e229812e65@group-CF05563D4821-LeaderElection152
2025-09-13 17:32:48,874 [9e23e878-9bb3-42b5-8b94-e0e229812e65@group-CF05563D4821-LeaderElection152] INFO  impl.LeaderElection (LeaderElection.java:askForVotes(448)) - 9e23e878-9bb3-42b5-8b94-e0e229812e65@group-CF05563D4821-LeaderElection152 PRE_VOTE round 0: submit vote requests at term 2 for conf: {index: 1, cur=peers:[9e23e878-9bb3-42b5-8b94-e0e229812e65|127.0.0.1:15023, 13facd30-3950-4310-8b1a-93d004abbbdd|127.0.0.1:15031, 36d876fb-a458-4393-963b-58eeedb8ba95|127.0.0.1:15015]|listeners:[], old=null}
2025-09-13 17:32:48,874 [9e23e878-9bb3-42b5-8b94-e0e229812e65@group-CF05563D4821-LeaderElection152] INFO  impl.LeaderElection (LogUtils.java:infoOrTrace(142)) - 9e23e878-9bb3-42b5-8b94-e0e229812e65@group-CF05563D4821-LeaderElection152 got exception when requesting votes: java.util.concurrent.ExecutionException: org.apache.ratis.thirdparty.io.grpc.StatusRuntimeException: UNAVAILABLE: io exception
2025-09-13 17:32:48,874 [9e23e878-9bb3-42b5-8b94-e0e229812e65@group-CF05563D4821-LeaderElection152] INFO  impl.LeaderElection (LogUtils.java:infoOrTrace(142)) - 9e23e878-9bb3-42b5-8b94-e0e229812e65@group-CF05563D4821-LeaderElection152 got exception when requesting votes: java.util.concurrent.ExecutionException: org.apache.ratis.thirdparty.io.grpc.StatusRuntimeException: UNAVAILABLE: io exception
2025-09-13 17:32:48,874 [9e23e878-9bb3-42b5-8b94-e0e229812e65@group-CF05563D4821-LeaderElection152] INFO  impl.LeaderElection (LeaderElection.java:logAndReturn(206)) - 9e23e878-9bb3-42b5-8b94-e0e229812e65@group-CF05563D4821-LeaderElection152: PRE_VOTE REJECTED received 0 response(s) and 2 exception(s):
2025-09-13 17:32:48,874 [9e23e878-9bb3-42b5-8b94-e0e229812e65@group-CF05563D4821-LeaderElection152] INFO  impl.LeaderElection (LogUtils.java:infoOrTrace(142)) -   Exception 0: java.util.concurrent.ExecutionException: org.apache.ratis.thirdparty.io.grpc.StatusRuntimeException: UNAVAILABLE: io exception
2025-09-13 17:32:48,874 [9e23e878-9bb3-42b5-8b94-e0e229812e65@group-CF05563D4821-LeaderElection152] INFO  impl.LeaderElection (LogUtils.java:infoOrTrace(142)) -   Exception 1: java.util.concurrent.ExecutionException: org.apache.ratis.thirdparty.io.grpc.StatusRuntimeException: UNAVAILABLE: io exception
2025-09-13 17:32:48,874 [9e23e878-9bb3-42b5-8b94-e0e229812e65@group-CF05563D4821-LeaderElection152] INFO  impl.LeaderElection (LeaderElection.java:askForVotes(450)) - 9e23e878-9bb3-42b5-8b94-e0e229812e65@group-CF05563D4821-LeaderElection152 PRE_VOTE round 0: result REJECTED
2025-09-13 17:32:48,874 [9e23e878-9bb3-42b5-8b94-e0e229812e65@group-CF05563D4821-LeaderElection152] INFO  server.RaftServer$Division (RaftServerImpl.java:setRole(392)) - 9e23e878-9bb3-42b5-8b94-e0e229812e65@group-CF05563D4821: changes role from CANDIDATE to FOLLOWER at term 2 for REJECTED
2025-09-13 17:32:48,874 [9e23e878-9bb3-42b5-8b94-e0e229812e65@group-CF05563D4821-LeaderElection152] INFO  impl.RoleInfo (RoleInfo.java:shutdownLeaderElection(141)) - 9e23e878-9bb3-42b5-8b94-e0e229812e65: shutdown 9e23e878-9bb3-42b5-8b94-e0e229812e65@group-CF05563D4821-LeaderElection152
2025-09-13 17:32:48,874 [9e23e878-9bb3-42b5-8b94-e0e229812e65@group-CF05563D4821-LeaderElection152] INFO  impl.RoleInfo (RoleInfo.java:updateAndGet(148)) - 9e23e878-9bb3-42b5-8b94-e0e229812e65: start 9e23e878-9bb3-42b5-8b94-e0e229812e65@group-CF05563D4821-FollowerState
2025-09-13 17:32:49,337 [9e23e878-9bb3-42b5-8b94-e0e229812e65@group-D5D0288CE997-FollowerState] INFO  impl.FollowerState (FollowerState.java:runImpl(161)) - 9e23e878-9bb3-42b5-8b94-e0e229812e65@group-D5D0288CE997-FollowerState: change to CANDIDATE, lastRpcElapsedTime:1114344934ns, electionTimeout:1114ms
2025-09-13 17:32:49,337 [9e23e878-9bb3-42b5-8b94-e0e229812e65@group-D5D0288CE997-FollowerState] INFO  impl.RoleInfo (RoleInfo.java:shutdownFollowerState(121)) - 9e23e878-9bb3-42b5-8b94-e0e229812e65: shutdown 9e23e878-9bb3-42b5-8b94-e0e229812e65@group-D5D0288CE997-FollowerState
2025-09-13 17:32:49,337 [9e23e878-9bb3-42b5-8b94-e0e229812e65@group-D5D0288CE997-FollowerState] INFO  server.RaftServer$Division (RaftServerImpl.java:setRole(392)) - 9e23e878-9bb3-42b5-8b94-e0e229812e65@group-D5D0288CE997: changes role from  FOLLOWER to CANDIDATE at term 1 for changeToCandidate
2025-09-13 17:32:49,337 [9e23e878-9bb3-42b5-8b94-e0e229812e65@group-D5D0288CE997-FollowerState] INFO  impl.RoleInfo (RoleInfo.java:updateAndGet(148)) - 9e23e878-9bb3-42b5-8b94-e0e229812e65: start 9e23e878-9bb3-42b5-8b94-e0e229812e65@group-D5D0288CE997-LeaderElection153
2025-09-13 17:32:49,338 [9e23e878-9bb3-42b5-8b94-e0e229812e65@group-D5D0288CE997-LeaderElection153] INFO  impl.LeaderElection (LeaderElection.java:askForVotes(448)) - 9e23e878-9bb3-42b5-8b94-e0e229812e65@group-D5D0288CE997-LeaderElection153 PRE_VOTE round 0: submit vote requests at term 1 for conf: {index: 0, cur=peers:[9e23e878-9bb3-42b5-8b94-e0e229812e65|127.0.0.1:15023, 13facd30-3950-4310-8b1a-93d004abbbdd|127.0.0.1:15031, 36d876fb-a458-4393-963b-58eeedb8ba95|127.0.0.1:15015]|listeners:[], old=null}
2025-09-13 17:32:49,338 [9e23e878-9bb3-42b5-8b94-e0e229812e65@group-D5D0288CE997-LeaderElection153] INFO  impl.LeaderElection (LogUtils.java:infoOrTrace(142)) - 9e23e878-9bb3-42b5-8b94-e0e229812e65@group-D5D0288CE997-LeaderElection153 got exception when requesting votes: java.util.concurrent.ExecutionException: org.apache.ratis.thirdparty.io.grpc.StatusRuntimeException: UNAVAILABLE: io exception
2025-09-13 17:32:49,338 [9e23e878-9bb3-42b5-8b94-e0e229812e65@group-D5D0288CE997-LeaderElection153] INFO  impl.LeaderElection (LogUtils.java:infoOrTrace(142)) - 9e23e878-9bb3-42b5-8b94-e0e229812e65@group-D5D0288CE997-LeaderElection153 got exception when requesting votes: java.util.concurrent.ExecutionException: org.apache.ratis.thirdparty.io.grpc.StatusRuntimeException: UNAVAILABLE: io exception
2025-09-13 17:32:49,338 [9e23e878-9bb3-42b5-8b94-e0e229812e65@group-D5D0288CE997-LeaderElection153] INFO  impl.LeaderElection (LeaderElection.java:logAndReturn(206)) - 9e23e878-9bb3-42b5-8b94-e0e229812e65@group-D5D0288CE997-LeaderElection153: PRE_VOTE REJECTED received 0 response(s) and 2 exception(s):
2025-09-13 17:32:49,338 [9e23e878-9bb3-42b5-8b94-e0e229812e65@group-D5D0288CE997-LeaderElection153] INFO  impl.LeaderElection (LogUtils.java:infoOrTrace(142)) -   Exception 0: java.util.concurrent.ExecutionException: org.apache.ratis.thirdparty.io.grpc.StatusRuntimeException: UNAVAILABLE: io exception
2025-09-13 17:32:49,338 [9e23e878-9bb3-42b5-8b94-e0e229812e65@group-D5D0288CE997-LeaderElection153] INFO  impl.LeaderElection (LogUtils.java:infoOrTrace(142)) -   Exception 1: java.util.concurrent.ExecutionException: org.apache.ratis.thirdparty.io.grpc.StatusRuntimeException: UNAVAILABLE: io exception
2025-09-13 17:32:49,338 [9e23e878-9bb3-42b5-8b94-e0e229812e65@group-D5D0288CE997-LeaderElection153] INFO  impl.LeaderElection (LeaderElection.java:askForVotes(450)) - 9e23e878-9bb3-42b5-8b94-e0e229812e65@group-D5D0288CE997-LeaderElection153 PRE_VOTE round 0: result REJECTED
2025-09-13 17:32:49,339 [9e23e878-9bb3-42b5-8b94-e0e229812e65@group-D5D0288CE997-LeaderElection153] INFO  server.RaftServer$Division (RaftServerImpl.java:setRole(392)) - 9e23e878-9bb3-42b5-8b94-e0e229812e65@group-D5D0288CE997: changes role from CANDIDATE to FOLLOWER at term 1 for REJECTED
2025-09-13 17:32:49,339 [9e23e878-9bb3-42b5-8b94-e0e229812e65@group-D5D0288CE997-LeaderElection153] INFO  impl.RoleInfo (RoleInfo.java:shutdownLeaderElection(141)) - 9e23e878-9bb3-42b5-8b94-e0e229812e65: shutdown 9e23e878-9bb3-42b5-8b94-e0e229812e65@group-D5D0288CE997-LeaderElection153
2025-09-13 17:32:49,339 [9e23e878-9bb3-42b5-8b94-e0e229812e65@group-D5D0288CE997-LeaderElection153] INFO  impl.RoleInfo (RoleInfo.java:updateAndGet(148)) - 9e23e878-9bb3-42b5-8b94-e0e229812e65: start 9e23e878-9bb3-42b5-8b94-e0e229812e65@group-D5D0288CE997-FollowerState
2025-09-13 17:32:49,906 [9e23e878-9bb3-42b5-8b94-e0e229812e65@group-CF05563D4821-FollowerState] INFO  impl.FollowerState (FollowerState.java:runImpl(161)) - 9e23e878-9bb3-42b5-8b94-e0e229812e65@group-CF05563D4821-FollowerState: change to CANDIDATE, lastRpcElapsedTime:1031424750ns, electionTimeout:1031ms
2025-09-13 17:32:49,906 [9e23e878-9bb3-42b5-8b94-e0e229812e65@group-CF05563D4821-FollowerState] INFO  impl.RoleInfo (RoleInfo.java:shutdownFollowerState(121)) - 9e23e878-9bb3-42b5-8b94-e0e229812e65: shutdown 9e23e878-9bb3-42b5-8b94-e0e229812e65@group-CF05563D4821-FollowerState
2025-09-13 17:32:49,906 [9e23e878-9bb3-42b5-8b94-e0e229812e65@group-CF05563D4821-FollowerState] INFO  server.RaftServer$Division (RaftServerImpl.java:setRole(392)) - 9e23e878-9bb3-42b5-8b94-e0e229812e65@group-CF05563D4821: changes role from  FOLLOWER to CANDIDATE at term 2 for changeToCandidate
2025-09-13 17:32:49,906 [9e23e878-9bb3-42b5-8b94-e0e229812e65@group-CF05563D4821-FollowerState] INFO  impl.RoleInfo (RoleInfo.java:updateAndGet(148)) - 9e23e878-9bb3-42b5-8b94-e0e229812e65: start 9e23e878-9bb3-42b5-8b94-e0e229812e65@group-CF05563D4821-LeaderElection154
2025-09-13 17:32:49,907 [9e23e878-9bb3-42b5-8b94-e0e229812e65@group-CF05563D4821-LeaderElection154] INFO  impl.LeaderElection (LeaderElection.java:askForVotes(448)) - 9e23e878-9bb3-42b5-8b94-e0e229812e65@group-CF05563D4821-LeaderElection154 PRE_VOTE round 0: submit vote requests at term 2 for conf: {index: 1, cur=peers:[9e23e878-9bb3-42b5-8b94-e0e229812e65|127.0.0.1:15023, 13facd30-3950-4310-8b1a-93d004abbbdd|127.0.0.1:15031, 36d876fb-a458-4393-963b-58eeedb8ba95|127.0.0.1:15015]|listeners:[], old=null}
2025-09-13 17:32:49,907 [9e23e878-9bb3-42b5-8b94-e0e229812e65@group-CF05563D4821-LeaderElection154] INFO  impl.LeaderElection (LogUtils.java:infoOrTrace(142)) - 9e23e878-9bb3-42b5-8b94-e0e229812e65@group-CF05563D4821-LeaderElection154 got exception when requesting votes: java.util.concurrent.ExecutionException: org.apache.ratis.thirdparty.io.grpc.StatusRuntimeException: UNAVAILABLE: io exception
2025-09-13 17:32:49,907 [9e23e878-9bb3-42b5-8b94-e0e229812e65@group-CF05563D4821-LeaderElection154] INFO  impl.LeaderElection (LogUtils.java:infoOrTrace(142)) - 9e23e878-9bb3-42b5-8b94-e0e229812e65@group-CF05563D4821-LeaderElection154 got exception when requesting votes: java.util.concurrent.ExecutionException: org.apache.ratis.thirdparty.io.grpc.StatusRuntimeException: UNAVAILABLE: io exception
2025-09-13 17:32:49,907 [9e23e878-9bb3-42b5-8b94-e0e229812e65@group-CF05563D4821-LeaderElection154] INFO  impl.LeaderElection (LeaderElection.java:logAndReturn(206)) - 9e23e878-9bb3-42b5-8b94-e0e229812e65@group-CF05563D4821-LeaderElection154: PRE_VOTE REJECTED received 0 response(s) and 2 exception(s):
2025-09-13 17:32:49,907 [9e23e878-9bb3-42b5-8b94-e0e229812e65@group-CF05563D4821-LeaderElection154] INFO  impl.LeaderElection (LogUtils.java:infoOrTrace(142)) -   Exception 0: java.util.concurrent.ExecutionException: org.apache.ratis.thirdparty.io.grpc.StatusRuntimeException: UNAVAILABLE: io exception
2025-09-13 17:32:49,907 [9e23e878-9bb3-42b5-8b94-e0e229812e65@group-CF05563D4821-LeaderElection154] INFO  impl.LeaderElection (LogUtils.java:infoOrTrace(142)) -   Exception 1: java.util.concurrent.ExecutionException: org.apache.ratis.thirdparty.io.grpc.StatusRuntimeException: UNAVAILABLE: io exception
2025-09-13 17:32:49,907 [9e23e878-9bb3-42b5-8b94-e0e229812e65@group-CF05563D4821-LeaderElection154] INFO  impl.LeaderElection (LeaderElection.java:askForVotes(450)) - 9e23e878-9bb3-42b5-8b94-e0e229812e65@group-CF05563D4821-LeaderElection154 PRE_VOTE round 0: result REJECTED
2025-09-13 17:32:49,907 [9e23e878-9bb3-42b5-8b94-e0e229812e65@group-CF05563D4821-LeaderElection154] INFO  server.RaftServer$Division (RaftServerImpl.java:setRole(392)) - 9e23e878-9bb3-42b5-8b94-e0e229812e65@group-CF05563D4821: changes role from CANDIDATE to FOLLOWER at term 2 for REJECTED
2025-09-13 17:32:49,907 [9e23e878-9bb3-42b5-8b94-e0e229812e65@group-CF05563D4821-LeaderElection154] INFO  impl.RoleInfo (RoleInfo.java:shutdownLeaderElection(141)) - 9e23e878-9bb3-42b5-8b94-e0e229812e65: shutdown 9e23e878-9bb3-42b5-8b94-e0e229812e65@group-CF05563D4821-LeaderElection154
2025-09-13 17:32:49,907 [9e23e878-9bb3-42b5-8b94-e0e229812e65@group-CF05563D4821-LeaderElection154] INFO  impl.RoleInfo (RoleInfo.java:updateAndGet(148)) - 9e23e878-9bb3-42b5-8b94-e0e229812e65: start 9e23e878-9bb3-42b5-8b94-e0e229812e65@group-CF05563D4821-FollowerState
2025-09-13 17:32:50,495 [9e23e878-9bb3-42b5-8b94-e0e229812e65@group-D5D0288CE997-FollowerState] INFO  impl.FollowerState (FollowerState.java:runImpl(161)) - 9e23e878-9bb3-42b5-8b94-e0e229812e65@group-D5D0288CE997-FollowerState: change to CANDIDATE, lastRpcElapsedTime:1156285258ns, electionTimeout:1156ms
2025-09-13 17:32:50,495 [9e23e878-9bb3-42b5-8b94-e0e229812e65@group-D5D0288CE997-FollowerState] INFO  impl.RoleInfo (RoleInfo.java:shutdownFollowerState(121)) - 9e23e878-9bb3-42b5-8b94-e0e229812e65: shutdown 9e23e878-9bb3-42b5-8b94-e0e229812e65@group-D5D0288CE997-FollowerState
2025-09-13 17:32:50,495 [9e23e878-9bb3-42b5-8b94-e0e229812e65@group-D5D0288CE997-FollowerState] INFO  server.RaftServer$Division (RaftServerImpl.java:setRole(392)) - 9e23e878-9bb3-42b5-8b94-e0e229812e65@group-D5D0288CE997: changes role from  FOLLOWER to CANDIDATE at term 1 for changeToCandidate
2025-09-13 17:32:50,495 [9e23e878-9bb3-42b5-8b94-e0e229812e65@group-D5D0288CE997-FollowerState] INFO  impl.RoleInfo (RoleInfo.java:updateAndGet(148)) - 9e23e878-9bb3-42b5-8b94-e0e229812e65: start 9e23e878-9bb3-42b5-8b94-e0e229812e65@group-D5D0288CE997-LeaderElection155
2025-09-13 17:32:50,496 [9e23e878-9bb3-42b5-8b94-e0e229812e65@group-D5D0288CE997-LeaderElection155] INFO  impl.LeaderElection (LeaderElection.java:askForVotes(448)) - 9e23e878-9bb3-42b5-8b94-e0e229812e65@group-D5D0288CE997-LeaderElection155 PRE_VOTE round 0: submit vote requests at term 1 for conf: {index: 0, cur=peers:[9e23e878-9bb3-42b5-8b94-e0e229812e65|127.0.0.1:15023, 13facd30-3950-4310-8b1a-93d004abbbdd|127.0.0.1:15031, 36d876fb-a458-4393-963b-58eeedb8ba95|127.0.0.1:15015]|listeners:[], old=null}
2025-09-13 17:32:50,496 [9e23e878-9bb3-42b5-8b94-e0e229812e65@group-D5D0288CE997-LeaderElection155] INFO  impl.LeaderElection (LogUtils.java:infoOrTrace(142)) - 9e23e878-9bb3-42b5-8b94-e0e229812e65@group-D5D0288CE997-LeaderElection155 got exception when requesting votes: java.util.concurrent.ExecutionException: org.apache.ratis.thirdparty.io.grpc.StatusRuntimeException: UNAVAILABLE: io exception
2025-09-13 17:32:50,496 [9e23e878-9bb3-42b5-8b94-e0e229812e65@group-D5D0288CE997-LeaderElection155] INFO  impl.LeaderElection (LogUtils.java:infoOrTrace(142)) - 9e23e878-9bb3-42b5-8b94-e0e229812e65@group-D5D0288CE997-LeaderElection155 got exception when requesting votes: java.util.concurrent.ExecutionException: org.apache.ratis.thirdparty.io.grpc.StatusRuntimeException: UNAVAILABLE: io exception
2025-09-13 17:32:50,496 [9e23e878-9bb3-42b5-8b94-e0e229812e65@group-D5D0288CE997-LeaderElection155] INFO  impl.LeaderElection (LeaderElection.java:logAndReturn(206)) - 9e23e878-9bb3-42b5-8b94-e0e229812e65@group-D5D0288CE997-LeaderElection155: PRE_VOTE REJECTED received 0 response(s) and 2 exception(s):
2025-09-13 17:32:50,496 [9e23e878-9bb3-42b5-8b94-e0e229812e65@group-D5D0288CE997-LeaderElection155] INFO  impl.LeaderElection (LogUtils.java:infoOrTrace(142)) -   Exception 0: java.util.concurrent.ExecutionException: org.apache.ratis.thirdparty.io.grpc.StatusRuntimeException: UNAVAILABLE: io exception
2025-09-13 17:32:50,496 [9e23e878-9bb3-42b5-8b94-e0e229812e65@group-D5D0288CE997-LeaderElection155] INFO  impl.LeaderElection (LogUtils.java:infoOrTrace(142)) -   Exception 1: java.util.concurrent.ExecutionException: org.apache.ratis.thirdparty.io.grpc.StatusRuntimeException: UNAVAILABLE: io exception
2025-09-13 17:32:50,496 [9e23e878-9bb3-42b5-8b94-e0e229812e65@group-D5D0288CE997-LeaderElection155] INFO  impl.LeaderElection (LeaderElection.java:askForVotes(450)) - 9e23e878-9bb3-42b5-8b94-e0e229812e65@group-D5D0288CE997-LeaderElection155 PRE_VOTE round 0: result REJECTED
2025-09-13 17:32:50,496 [9e23e878-9bb3-42b5-8b94-e0e229812e65@group-D5D0288CE997-LeaderElection155] INFO  server.RaftServer$Division (RaftServerImpl.java:setRole(392)) - 9e23e878-9bb3-42b5-8b94-e0e229812e65@group-D5D0288CE997: changes role from CANDIDATE to FOLLOWER at term 1 for REJECTED
2025-09-13 17:32:50,497 [9e23e878-9bb3-42b5-8b94-e0e229812e65@group-D5D0288CE997-LeaderElection155] INFO  impl.RoleInfo (RoleInfo.java:shutdownLeaderElection(141)) - 9e23e878-9bb3-42b5-8b94-e0e229812e65: shutdown 9e23e878-9bb3-42b5-8b94-e0e229812e65@group-D5D0288CE997-LeaderElection155
2025-09-13 17:32:50,497 [9e23e878-9bb3-42b5-8b94-e0e229812e65@group-D5D0288CE997-LeaderElection155] INFO  impl.RoleInfo (RoleInfo.java:updateAndGet(148)) - 9e23e878-9bb3-42b5-8b94-e0e229812e65: start 9e23e878-9bb3-42b5-8b94-e0e229812e65@group-D5D0288CE997-FollowerState
2025-09-13 17:32:51,078 [9e23e878-9bb3-42b5-8b94-e0e229812e65@group-CF05563D4821-FollowerState] INFO  impl.FollowerState (FollowerState.java:runImpl(161)) - 9e23e878-9bb3-42b5-8b94-e0e229812e65@group-CF05563D4821-FollowerState: change to CANDIDATE, lastRpcElapsedTime:1170308622ns, electionTimeout:1170ms
2025-09-13 17:32:51,078 [9e23e878-9bb3-42b5-8b94-e0e229812e65@group-CF05563D4821-FollowerState] INFO  impl.RoleInfo (RoleInfo.java:shutdownFollowerState(121)) - 9e23e878-9bb3-42b5-8b94-e0e229812e65: shutdown 9e23e878-9bb3-42b5-8b94-e0e229812e65@group-CF05563D4821-FollowerState
2025-09-13 17:32:51,078 [9e23e878-9bb3-42b5-8b94-e0e229812e65@group-CF05563D4821-FollowerState] INFO  server.RaftServer$Division (RaftServerImpl.java:setRole(392)) - 9e23e878-9bb3-42b5-8b94-e0e229812e65@group-CF05563D4821: changes role from  FOLLOWER to CANDIDATE at term 2 for changeToCandidate
2025-09-13 17:32:51,078 [9e23e878-9bb3-42b5-8b94-e0e229812e65@group-CF05563D4821-FollowerState] INFO  impl.RoleInfo (RoleInfo.java:updateAndGet(148)) - 9e23e878-9bb3-42b5-8b94-e0e229812e65: start 9e23e878-9bb3-42b5-8b94-e0e229812e65@group-CF05563D4821-LeaderElection156
2025-09-13 17:32:51,078 [9e23e878-9bb3-42b5-8b94-e0e229812e65@group-CF05563D4821-LeaderElection156] INFO  impl.LeaderElection (LeaderElection.java:askForVotes(448)) - 9e23e878-9bb3-42b5-8b94-e0e229812e65@group-CF05563D4821-LeaderElection156 PRE_VOTE round 0: submit vote requests at term 2 for conf: {index: 1, cur=peers:[9e23e878-9bb3-42b5-8b94-e0e229812e65|127.0.0.1:15023, 13facd30-3950-4310-8b1a-93d004abbbdd|127.0.0.1:15031, 36d876fb-a458-4393-963b-58eeedb8ba95|127.0.0.1:15015]|listeners:[], old=null}
2025-09-13 17:32:51,079 [9e23e878-9bb3-42b5-8b94-e0e229812e65@group-CF05563D4821-LeaderElection156] INFO  impl.LeaderElection (LogUtils.java:infoOrTrace(142)) - 9e23e878-9bb3-42b5-8b94-e0e229812e65@group-CF05563D4821-LeaderElection156 got exception when requesting votes: java.util.concurrent.ExecutionException: org.apache.ratis.thirdparty.io.grpc.StatusRuntimeException: UNAVAILABLE: io exception
2025-09-13 17:32:51,079 [9e23e878-9bb3-42b5-8b94-e0e229812e65@group-CF05563D4821-LeaderElection156] INFO  impl.LeaderElection (LogUtils.java:infoOrTrace(142)) - 9e23e878-9bb3-42b5-8b94-e0e229812e65@group-CF05563D4821-LeaderElection156 got exception when requesting votes: java.util.concurrent.ExecutionException: org.apache.ratis.thirdparty.io.grpc.StatusRuntimeException: UNAVAILABLE: io exception
2025-09-13 17:32:51,079 [9e23e878-9bb3-42b5-8b94-e0e229812e65@group-CF05563D4821-LeaderElection156] INFO  impl.LeaderElection (LeaderElection.java:logAndReturn(206)) - 9e23e878-9bb3-42b5-8b94-e0e229812e65@group-CF05563D4821-LeaderElection156: PRE_VOTE REJECTED received 0 response(s) and 2 exception(s):
2025-09-13 17:32:51,079 [9e23e878-9bb3-42b5-8b94-e0e229812e65@group-CF05563D4821-LeaderElection156] INFO  impl.LeaderElection (LogUtils.java:infoOrTrace(142)) -   Exception 0: java.util.concurrent.ExecutionException: org.apache.ratis.thirdparty.io.grpc.StatusRuntimeException: UNAVAILABLE: io exception
2025-09-13 17:32:51,079 [9e23e878-9bb3-42b5-8b94-e0e229812e65@group-CF05563D4821-LeaderElection156] INFO  impl.LeaderElection (LogUtils.java:infoOrTrace(142)) -   Exception 1: java.util.concurrent.ExecutionException: org.apache.ratis.thirdparty.io.grpc.StatusRuntimeException: UNAVAILABLE: io exception
2025-09-13 17:32:51,079 [9e23e878-9bb3-42b5-8b94-e0e229812e65@group-CF05563D4821-LeaderElection156] INFO  impl.LeaderElection (LeaderElection.java:askForVotes(450)) - 9e23e878-9bb3-42b5-8b94-e0e229812e65@group-CF05563D4821-LeaderElection156 PRE_VOTE round 0: result REJECTED
2025-09-13 17:32:51,079 [9e23e878-9bb3-42b5-8b94-e0e229812e65@group-CF05563D4821-LeaderElection156] INFO  server.RaftServer$Division (RaftServerImpl.java:setRole(392)) - 9e23e878-9bb3-42b5-8b94-e0e229812e65@group-CF05563D4821: changes role from CANDIDATE to FOLLOWER at term 2 for REJECTED
2025-09-13 17:32:51,079 [9e23e878-9bb3-42b5-8b94-e0e229812e65@group-CF05563D4821-LeaderElection156] INFO  impl.RoleInfo (RoleInfo.java:shutdownLeaderElection(141)) - 9e23e878-9bb3-42b5-8b94-e0e229812e65: shutdown 9e23e878-9bb3-42b5-8b94-e0e229812e65@group-CF05563D4821-LeaderElection156
2025-09-13 17:32:51,079 [9e23e878-9bb3-42b5-8b94-e0e229812e65@group-CF05563D4821-LeaderElection156] INFO  impl.RoleInfo (RoleInfo.java:updateAndGet(148)) - 9e23e878-9bb3-42b5-8b94-e0e229812e65: start 9e23e878-9bb3-42b5-8b94-e0e229812e65@group-CF05563D4821-FollowerState
2025-09-13 17:32:51,499 [9e23e878-9bb3-42b5-8b94-e0e229812e65@group-D5D0288CE997-FollowerState] INFO  impl.FollowerState (FollowerState.java:runImpl(161)) - 9e23e878-9bb3-42b5-8b94-e0e229812e65@group-D5D0288CE997-FollowerState: change to CANDIDATE, lastRpcElapsedTime:1002375191ns, electionTimeout:1002ms
2025-09-13 17:32:51,499 [9e23e878-9bb3-42b5-8b94-e0e229812e65@group-D5D0288CE997-FollowerState] INFO  impl.RoleInfo (RoleInfo.java:shutdownFollowerState(121)) - 9e23e878-9bb3-42b5-8b94-e0e229812e65: shutdown 9e23e878-9bb3-42b5-8b94-e0e229812e65@group-D5D0288CE997-FollowerState
2025-09-13 17:32:51,499 [9e23e878-9bb3-42b5-8b94-e0e229812e65@group-D5D0288CE997-FollowerState] INFO  server.RaftServer$Division (RaftServerImpl.java:setRole(392)) - 9e23e878-9bb3-42b5-8b94-e0e229812e65@group-D5D0288CE997: changes role from  FOLLOWER to CANDIDATE at term 1 for changeToCandidate
2025-09-13 17:32:51,499 [9e23e878-9bb3-42b5-8b94-e0e229812e65@group-D5D0288CE997-FollowerState] INFO  impl.RoleInfo (RoleInfo.java:updateAndGet(148)) - 9e23e878-9bb3-42b5-8b94-e0e229812e65: start 9e23e878-9bb3-42b5-8b94-e0e229812e65@group-D5D0288CE997-LeaderElection157
2025-09-13 17:32:51,500 [9e23e878-9bb3-42b5-8b94-e0e229812e65@group-D5D0288CE997-LeaderElection157] INFO  impl.LeaderElection (LeaderElection.java:askForVotes(448)) - 9e23e878-9bb3-42b5-8b94-e0e229812e65@group-D5D0288CE997-LeaderElection157 PRE_VOTE round 0: submit vote requests at term 1 for conf: {index: 0, cur=peers:[9e23e878-9bb3-42b5-8b94-e0e229812e65|127.0.0.1:15023, 13facd30-3950-4310-8b1a-93d004abbbdd|127.0.0.1:15031, 36d876fb-a458-4393-963b-58eeedb8ba95|127.0.0.1:15015]|listeners:[], old=null}
2025-09-13 17:32:51,500 [9e23e878-9bb3-42b5-8b94-e0e229812e65@group-D5D0288CE997-LeaderElection157] INFO  impl.LeaderElection (LogUtils.java:infoOrTrace(142)) - 9e23e878-9bb3-42b5-8b94-e0e229812e65@group-D5D0288CE997-LeaderElection157 got exception when requesting votes: java.util.concurrent.ExecutionException: org.apache.ratis.thirdparty.io.grpc.StatusRuntimeException: UNAVAILABLE: io exception
2025-09-13 17:32:51,500 [9e23e878-9bb3-42b5-8b94-e0e229812e65@group-D5D0288CE997-LeaderElection157] INFO  impl.LeaderElection (LogUtils.java:infoOrTrace(142)) - 9e23e878-9bb3-42b5-8b94-e0e229812e65@group-D5D0288CE997-LeaderElection157 got exception when requesting votes: java.util.concurrent.ExecutionException: org.apache.ratis.thirdparty.io.grpc.StatusRuntimeException: UNAVAILABLE: io exception
2025-09-13 17:32:51,500 [9e23e878-9bb3-42b5-8b94-e0e229812e65@group-D5D0288CE997-LeaderElection157] INFO  impl.LeaderElection (LeaderElection.java:logAndReturn(206)) - 9e23e878-9bb3-42b5-8b94-e0e229812e65@group-D5D0288CE997-LeaderElection157: PRE_VOTE REJECTED received 0 response(s) and 2 exception(s):
2025-09-13 17:32:51,500 [9e23e878-9bb3-42b5-8b94-e0e229812e65@group-D5D0288CE997-LeaderElection157] INFO  impl.LeaderElection (LogUtils.java:infoOrTrace(142)) -   Exception 0: java.util.concurrent.ExecutionException: org.apache.ratis.thirdparty.io.grpc.StatusRuntimeException: UNAVAILABLE: io exception
2025-09-13 17:32:51,500 [9e23e878-9bb3-42b5-8b94-e0e229812e65@group-D5D0288CE997-LeaderElection157] INFO  impl.LeaderElection (LogUtils.java:infoOrTrace(142)) -   Exception 1: java.util.concurrent.ExecutionException: org.apache.ratis.thirdparty.io.grpc.StatusRuntimeException: UNAVAILABLE: io exception
2025-09-13 17:32:51,500 [9e23e878-9bb3-42b5-8b94-e0e229812e65@group-D5D0288CE997-LeaderElection157] INFO  impl.LeaderElection (LeaderElection.java:askForVotes(450)) - 9e23e878-9bb3-42b5-8b94-e0e229812e65@group-D5D0288CE997-LeaderElection157 PRE_VOTE round 0: result REJECTED
2025-09-13 17:32:51,500 [9e23e878-9bb3-42b5-8b94-e0e229812e65@group-D5D0288CE997-LeaderElection157] INFO  server.RaftServer$Division (RaftServerImpl.java:setRole(392)) - 9e23e878-9bb3-42b5-8b94-e0e229812e65@group-D5D0288CE997: changes role from CANDIDATE to FOLLOWER at term 1 for REJECTED
2025-09-13 17:32:51,500 [9e23e878-9bb3-42b5-8b94-e0e229812e65@group-D5D0288CE997-LeaderElection157] INFO  impl.RoleInfo (RoleInfo.java:shutdownLeaderElection(141)) - 9e23e878-9bb3-42b5-8b94-e0e229812e65: shutdown 9e23e878-9bb3-42b5-8b94-e0e229812e65@group-D5D0288CE997-LeaderElection157
2025-09-13 17:32:51,500 [9e23e878-9bb3-42b5-8b94-e0e229812e65@group-D5D0288CE997-LeaderElection157] INFO  impl.RoleInfo (RoleInfo.java:updateAndGet(148)) - 9e23e878-9bb3-42b5-8b94-e0e229812e65: start 9e23e878-9bb3-42b5-8b94-e0e229812e65@group-D5D0288CE997-FollowerState
2025-09-13 17:32:51,994 [grpc-default-executor-10] ERROR impl.OrderedAsync (OrderedAsync.java:lambda$null$6(215)) -  client-2ECFBEF5EF78: Failed* RaftClientRequest:client-2ECFBEF5EF78->13facd30-3950-4310-8b1a-93d004abbbdd@group-D5D0288CE997, cid=47, seq=10*, RW, cmdType: WriteChunk
traceID: ""
containerID: 3
datanodeUuid: "13facd30-3950-4310-8b1a-93d004abbbdd"
writeChunk {
  blockID {
    containerID: 3
    localID: 115816896921600006
    blockCommitSequenceId: 0
    replicaIndex: 0
  }
  chunkData {
    chunkName: "115816896921600006_chunk_1"
    offset: 0
    len: 524288
    checksumData {
      type: CRC32
      bytesPerChecksum: 16384
      checksums: "\326\360U\321"
      checksums: "\326\360U\321"
      checksums: "\326\360U\321"
      checksums: "\326\360U\321"
      checksums: "\326\360U\321"
      checksums: "\326\360U\321"
      checksums: "\326\360U\321"
      checksums: "\326\360U\321"
      checksums: "\326\360U\321"
      checksums: "\326\360U\321"
      checksums: "\326\360U\321"
      checksums: "\326\360U\321"
      checksums: "\326\360U\321"
      checksums: "\326\360U\321"
      checksums: "\326\360U\321"
      checksums: "\326\360U\321"
      checksums: "\326\360U\321"
      checksums: "\326\360U\321"
      checksums: "\326\360U\321"
      checksums: "\326\360U\321"
      checksums: "\326\360U\321"
      checksums: "\326\360U\321"
      checksums: "\326\360U\321"
      checksums: "\326\360U\321"
      checksums: "\326\360U\321"
      checksums: "\326\360U\321"
      checksums: "\326\360U\321"
      checksums: "\326\360U\321"
      checksums: "\326\360U\321"
      checksums: "\326\360U\321"
      checksums: "\326\360U\321"
      checksums: "\277r/p"
    }
  }
}
version: 3
, data.size=524288
java.util.concurrent.CompletionException: java.io.IOException: org.apache.ratis.thirdparty.io.grpc.StatusRuntimeException: UNAVAILABLE: io exception
	at java.base/java.util.concurrent.CompletableFuture.encodeThrowable(CompletableFuture.java:332)
	at java.base/java.util.concurrent.CompletableFuture.completeThrowable(CompletableFuture.java:347)
	at java.base/java.util.concurrent.CompletableFuture$UniAccept.tryFire(CompletableFuture.java:708)
	at java.base/java.util.concurrent.CompletableFuture.postComplete(CompletableFuture.java:510)
	at java.base/java.util.concurrent.CompletableFuture.completeExceptionally(CompletableFuture.java:2194)
	at org.apache.ratis.grpc.client.GrpcClientProtocolClient$AsyncStreamObservers.completeReplyExceptionally(GrpcClientProtocolClient.java:397)
	at org.apache.ratis.grpc.client.GrpcClientProtocolClient$AsyncStreamObservers.access$000(GrpcClientProtocolClient.java:303)
	at org.apache.ratis.grpc.client.GrpcClientProtocolClient$AsyncStreamObservers$1.onError(GrpcClientProtocolClient.java:334)
	at org.apache.ratis.thirdparty.io.grpc.stub.ClientCalls$StreamObserverToCallListenerAdapter.onClose(ClientCalls.java:564)
	at org.apache.ratis.thirdparty.io.grpc.PartialForwardingClientCallListener.onClose(PartialForwardingClientCallListener.java:39)
	at org.apache.ratis.thirdparty.io.grpc.ForwardingClientCallListener.onClose(ForwardingClientCallListener.java:23)
	at org.apache.ratis.grpc.metrics.intercept.client.MetricClientCallListener.onClose(MetricClientCallListener.java:47)
	at org.apache.ratis.thirdparty.io.grpc.internal.ClientCallImpl.closeObserver(ClientCallImpl.java:565)
	at org.apache.ratis.thirdparty.io.grpc.internal.ClientCallImpl.access$100(ClientCallImpl.java:72)
	at org.apache.ratis.thirdparty.io.grpc.internal.ClientCallImpl$ClientStreamListenerImpl$1StreamClosed.runInternal(ClientCallImpl.java:733)
	at org.apache.ratis.thirdparty.io.grpc.internal.ClientCallImpl$ClientStreamListenerImpl$1StreamClosed.runInContext(ClientCallImpl.java:714)
	at org.apache.ratis.thirdparty.io.grpc.internal.ContextRunnable.run(ContextRunnable.java:37)
	at org.apache.ratis.thirdparty.io.grpc.internal.SerializingExecutor.run(SerializingExecutor.java:133)
	at java.base/java.util.concurrent.ThreadPoolExecutor.runWorker(ThreadPoolExecutor.java:1144)
	at java.base/java.util.concurrent.ThreadPoolExecutor$Worker.run(ThreadPoolExecutor.java:642)
	at java.base/java.lang.Thread.run(Thread.java:1583)
Caused by: java.io.IOException: org.apache.ratis.thirdparty.io.grpc.StatusRuntimeException: UNAVAILABLE: io exception
	at org.apache.ratis.grpc.GrpcUtil.unwrapException(GrpcUtil.java:99)
	at org.apache.ratis.grpc.GrpcUtil.unwrapIOException(GrpcUtil.java:159)
	at org.apache.ratis.grpc.client.GrpcClientProtocolClient$AsyncStreamObservers$1.onError(GrpcClientProtocolClient.java:333)
	... 13 more
Caused by: org.apache.ratis.thirdparty.io.grpc.StatusRuntimeException: UNAVAILABLE: io exception
	at org.apache.ratis.thirdparty.io.grpc.Status.asRuntimeException(Status.java:532)
	... 13 more
Caused by: org.apache.ratis.thirdparty.io.netty.channel.AbstractChannel$AnnotatedConnectException: finishConnect(..) failed: Connection refused: /127.0.0.1:15029
Caused by: java.net.ConnectException: finishConnect(..) failed: Connection refused
	at org.apache.ratis.thirdparty.io.netty.channel.unix.Errors.newConnectException0(Errors.java:166)
	at org.apache.ratis.thirdparty.io.netty.channel.unix.Errors.handleConnectErrno(Errors.java:131)
	at org.apache.ratis.thirdparty.io.netty.channel.unix.Socket.finishConnect(Socket.java:359)
	at org.apache.ratis.thirdparty.io.netty.channel.epoll.AbstractEpollChannel$AbstractEpollUnsafe.doFinishConnect(AbstractEpollChannel.java:715)
	at org.apache.ratis.thirdparty.io.netty.channel.epoll.AbstractEpollChannel$AbstractEpollUnsafe.finishConnect(AbstractEpollChannel.java:692)
	at org.apache.ratis.thirdparty.io.netty.channel.epoll.AbstractEpollChannel$AbstractEpollUnsafe.epollOutReady(AbstractEpollChannel.java:567)
	at org.apache.ratis.thirdparty.io.netty.channel.epoll.EpollEventLoop.processReady(EpollEventLoop.java:491)
	at org.apache.ratis.thirdparty.io.netty.channel.epoll.EpollEventLoop.run(EpollEventLoop.java:399)
	at org.apache.ratis.thirdparty.io.netty.util.concurrent.SingleThreadEventExecutor$4.run(SingleThreadEventExecutor.java:998)
	at org.apache.ratis.thirdparty.io.netty.util.internal.ThreadExecutorMap$2.run(ThreadExecutorMap.java:74)
	at org.apache.ratis.thirdparty.io.netty.util.concurrent.FastThreadLocalRunnable.run(FastThreadLocalRunnable.java:30)
	at java.base/java.lang.Thread.run(Thread.java:1583)
2025-09-13 17:32:52,217 [9e23e878-9bb3-42b5-8b94-e0e229812e65@group-CF05563D4821-FollowerState] INFO  impl.FollowerState (FollowerState.java:runImpl(161)) - 9e23e878-9bb3-42b5-8b94-e0e229812e65@group-CF05563D4821-FollowerState: change to CANDIDATE, lastRpcElapsedTime:1138306669ns, electionTimeout:1138ms
2025-09-13 17:32:52,218 [9e23e878-9bb3-42b5-8b94-e0e229812e65@group-CF05563D4821-FollowerState] INFO  impl.RoleInfo (RoleInfo.java:shutdownFollowerState(121)) - 9e23e878-9bb3-42b5-8b94-e0e229812e65: shutdown 9e23e878-9bb3-42b5-8b94-e0e229812e65@group-CF05563D4821-FollowerState
2025-09-13 17:32:52,218 [9e23e878-9bb3-42b5-8b94-e0e229812e65@group-CF05563D4821-FollowerState] INFO  server.RaftServer$Division (RaftServerImpl.java:setRole(392)) - 9e23e878-9bb3-42b5-8b94-e0e229812e65@group-CF05563D4821: changes role from  FOLLOWER to CANDIDATE at term 2 for changeToCandidate
2025-09-13 17:32:52,218 [9e23e878-9bb3-42b5-8b94-e0e229812e65@group-CF05563D4821-FollowerState] INFO  impl.RoleInfo (RoleInfo.java:updateAndGet(148)) - 9e23e878-9bb3-42b5-8b94-e0e229812e65: start 9e23e878-9bb3-42b5-8b94-e0e229812e65@group-CF05563D4821-LeaderElection158
2025-09-13 17:32:52,218 [9e23e878-9bb3-42b5-8b94-e0e229812e65@group-CF05563D4821-LeaderElection158] INFO  impl.LeaderElection (LeaderElection.java:askForVotes(448)) - 9e23e878-9bb3-42b5-8b94-e0e229812e65@group-CF05563D4821-LeaderElection158 PRE_VOTE round 0: submit vote requests at term 2 for conf: {index: 1, cur=peers:[9e23e878-9bb3-42b5-8b94-e0e229812e65|127.0.0.1:15023, 13facd30-3950-4310-8b1a-93d004abbbdd|127.0.0.1:15031, 36d876fb-a458-4393-963b-58eeedb8ba95|127.0.0.1:15015]|listeners:[], old=null}
2025-09-13 17:32:52,218 [9e23e878-9bb3-42b5-8b94-e0e229812e65@group-CF05563D4821-LeaderElection158] INFO  impl.LeaderElection (LogUtils.java:infoOrTrace(142)) - 9e23e878-9bb3-42b5-8b94-e0e229812e65@group-CF05563D4821-LeaderElection158 got exception when requesting votes: java.util.concurrent.ExecutionException: org.apache.ratis.thirdparty.io.grpc.StatusRuntimeException: UNAVAILABLE: io exception
2025-09-13 17:32:52,219 [9e23e878-9bb3-42b5-8b94-e0e229812e65@group-CF05563D4821-LeaderElection158] INFO  impl.LeaderElection (LogUtils.java:infoOrTrace(142)) - 9e23e878-9bb3-42b5-8b94-e0e229812e65@group-CF05563D4821-LeaderElection158 got exception when requesting votes: java.util.concurrent.ExecutionException: org.apache.ratis.thirdparty.io.grpc.StatusRuntimeException: UNAVAILABLE: io exception
2025-09-13 17:32:52,219 [9e23e878-9bb3-42b5-8b94-e0e229812e65@group-CF05563D4821-LeaderElection158] INFO  impl.LeaderElection (LeaderElection.java:logAndReturn(206)) - 9e23e878-9bb3-42b5-8b94-e0e229812e65@group-CF05563D4821-LeaderElection158: PRE_VOTE REJECTED received 0 response(s) and 2 exception(s):
2025-09-13 17:32:52,219 [9e23e878-9bb3-42b5-8b94-e0e229812e65@group-CF05563D4821-LeaderElection158] INFO  impl.LeaderElection (LogUtils.java:infoOrTrace(142)) -   Exception 0: java.util.concurrent.ExecutionException: org.apache.ratis.thirdparty.io.grpc.StatusRuntimeException: UNAVAILABLE: io exception
2025-09-13 17:32:52,219 [9e23e878-9bb3-42b5-8b94-e0e229812e65@group-CF05563D4821-LeaderElection158] INFO  impl.LeaderElection (LogUtils.java:infoOrTrace(142)) -   Exception 1: java.util.concurrent.ExecutionException: org.apache.ratis.thirdparty.io.grpc.StatusRuntimeException: UNAVAILABLE: io exception
2025-09-13 17:32:52,219 [9e23e878-9bb3-42b5-8b94-e0e229812e65@group-CF05563D4821-LeaderElection158] INFO  impl.LeaderElection (LeaderElection.java:askForVotes(450)) - 9e23e878-9bb3-42b5-8b94-e0e229812e65@group-CF05563D4821-LeaderElection158 PRE_VOTE round 0: result REJECTED
2025-09-13 17:32:52,219 [9e23e878-9bb3-42b5-8b94-e0e229812e65@group-CF05563D4821-LeaderElection158] INFO  server.RaftServer$Division (RaftServerImpl.java:setRole(392)) - 9e23e878-9bb3-42b5-8b94-e0e229812e65@group-CF05563D4821: changes role from CANDIDATE to FOLLOWER at term 2 for REJECTED
2025-09-13 17:32:52,219 [9e23e878-9bb3-42b5-8b94-e0e229812e65@group-CF05563D4821-LeaderElection158] INFO  impl.RoleInfo (RoleInfo.java:shutdownLeaderElection(141)) - 9e23e878-9bb3-42b5-8b94-e0e229812e65: shutdown 9e23e878-9bb3-42b5-8b94-e0e229812e65@group-CF05563D4821-LeaderElection158
2025-09-13 17:32:52,219 [9e23e878-9bb3-42b5-8b94-e0e229812e65@group-CF05563D4821-LeaderElection158] INFO  impl.RoleInfo (RoleInfo.java:updateAndGet(148)) - 9e23e878-9bb3-42b5-8b94-e0e229812e65: start 9e23e878-9bb3-42b5-8b94-e0e229812e65@group-CF05563D4821-FollowerState
2025-09-13 17:32:52,637 [9e23e878-9bb3-42b5-8b94-e0e229812e65@group-D5D0288CE997-FollowerState] INFO  impl.FollowerState (FollowerState.java:runImpl(161)) - 9e23e878-9bb3-42b5-8b94-e0e229812e65@group-D5D0288CE997-FollowerState: change to CANDIDATE, lastRpcElapsedTime:1136208897ns, electionTimeout:1136ms
2025-09-13 17:32:52,637 [9e23e878-9bb3-42b5-8b94-e0e229812e65@group-D5D0288CE997-FollowerState] INFO  impl.RoleInfo (RoleInfo.java:shutdownFollowerState(121)) - 9e23e878-9bb3-42b5-8b94-e0e229812e65: shutdown 9e23e878-9bb3-42b5-8b94-e0e229812e65@group-D5D0288CE997-FollowerState
2025-09-13 17:32:52,637 [9e23e878-9bb3-42b5-8b94-e0e229812e65@group-D5D0288CE997-FollowerState] INFO  server.RaftServer$Division (RaftServerImpl.java:setRole(392)) - 9e23e878-9bb3-42b5-8b94-e0e229812e65@group-D5D0288CE997: changes role from  FOLLOWER to CANDIDATE at term 1 for changeToCandidate
2025-09-13 17:32:52,637 [9e23e878-9bb3-42b5-8b94-e0e229812e65@group-D5D0288CE997-FollowerState] INFO  impl.RoleInfo (RoleInfo.java:updateAndGet(148)) - 9e23e878-9bb3-42b5-8b94-e0e229812e65: start 9e23e878-9bb3-42b5-8b94-e0e229812e65@group-D5D0288CE997-LeaderElection159
2025-09-13 17:32:52,637 [9e23e878-9bb3-42b5-8b94-e0e229812e65@group-D5D0288CE997-LeaderElection159] INFO  impl.LeaderElection (LeaderElection.java:askForVotes(448)) - 9e23e878-9bb3-42b5-8b94-e0e229812e65@group-D5D0288CE997-LeaderElection159 PRE_VOTE round 0: submit vote requests at term 1 for conf: {index: 0, cur=peers:[9e23e878-9bb3-42b5-8b94-e0e229812e65|127.0.0.1:15023, 13facd30-3950-4310-8b1a-93d004abbbdd|127.0.0.1:15031, 36d876fb-a458-4393-963b-58eeedb8ba95|127.0.0.1:15015]|listeners:[], old=null}
2025-09-13 17:32:52,638 [9e23e878-9bb3-42b5-8b94-e0e229812e65@group-D5D0288CE997-LeaderElection159] INFO  impl.LeaderElection (LogUtils.java:infoOrTrace(142)) - 9e23e878-9bb3-42b5-8b94-e0e229812e65@group-D5D0288CE997-LeaderElection159 got exception when requesting votes: java.util.concurrent.ExecutionException: org.apache.ratis.thirdparty.io.grpc.StatusRuntimeException: UNAVAILABLE: io exception
2025-09-13 17:32:52,638 [9e23e878-9bb3-42b5-8b94-e0e229812e65@group-D5D0288CE997-LeaderElection159] INFO  impl.LeaderElection (LogUtils.java:infoOrTrace(142)) - 9e23e878-9bb3-42b5-8b94-e0e229812e65@group-D5D0288CE997-LeaderElection159 got exception when requesting votes: java.util.concurrent.ExecutionException: org.apache.ratis.thirdparty.io.grpc.StatusRuntimeException: UNAVAILABLE: io exception
2025-09-13 17:32:52,638 [9e23e878-9bb3-42b5-8b94-e0e229812e65@group-D5D0288CE997-LeaderElection159] INFO  impl.LeaderElection (LeaderElection.java:logAndReturn(206)) - 9e23e878-9bb3-42b5-8b94-e0e229812e65@group-D5D0288CE997-LeaderElection159: PRE_VOTE REJECTED received 0 response(s) and 2 exception(s):
2025-09-13 17:32:52,638 [9e23e878-9bb3-42b5-8b94-e0e229812e65@group-D5D0288CE997-LeaderElection159] INFO  impl.LeaderElection (LogUtils.java:infoOrTrace(142)) -   Exception 0: java.util.concurrent.ExecutionException: org.apache.ratis.thirdparty.io.grpc.StatusRuntimeException: UNAVAILABLE: io exception
2025-09-13 17:32:52,638 [9e23e878-9bb3-42b5-8b94-e0e229812e65@group-D5D0288CE997-LeaderElection159] INFO  impl.LeaderElection (LogUtils.java:infoOrTrace(142)) -   Exception 1: java.util.concurrent.ExecutionException: org.apache.ratis.thirdparty.io.grpc.StatusRuntimeException: UNAVAILABLE: io exception
2025-09-13 17:32:52,638 [9e23e878-9bb3-42b5-8b94-e0e229812e65@group-D5D0288CE997-LeaderElection159] INFO  impl.LeaderElection (LeaderElection.java:askForVotes(450)) - 9e23e878-9bb3-42b5-8b94-e0e229812e65@group-D5D0288CE997-LeaderElection159 PRE_VOTE round 0: result REJECTED
2025-09-13 17:32:52,638 [9e23e878-9bb3-42b5-8b94-e0e229812e65@group-D5D0288CE997-LeaderElection159] INFO  server.RaftServer$Division (RaftServerImpl.java:setRole(392)) - 9e23e878-9bb3-42b5-8b94-e0e229812e65@group-D5D0288CE997: changes role from CANDIDATE to FOLLOWER at term 1 for REJECTED
2025-09-13 17:32:52,638 [9e23e878-9bb3-42b5-8b94-e0e229812e65@group-D5D0288CE997-LeaderElection159] INFO  impl.RoleInfo (RoleInfo.java:shutdownLeaderElection(141)) - 9e23e878-9bb3-42b5-8b94-e0e229812e65: shutdown 9e23e878-9bb3-42b5-8b94-e0e229812e65@group-D5D0288CE997-LeaderElection159
2025-09-13 17:32:52,638 [9e23e878-9bb3-42b5-8b94-e0e229812e65@group-D5D0288CE997-LeaderElection159] INFO  impl.RoleInfo (RoleInfo.java:updateAndGet(148)) - 9e23e878-9bb3-42b5-8b94-e0e229812e65: start 9e23e878-9bb3-42b5-8b94-e0e229812e65@group-D5D0288CE997-FollowerState
2025-09-13 17:32:53,407 [9e23e878-9bb3-42b5-8b94-e0e229812e65@group-CF05563D4821-FollowerState] INFO  impl.FollowerState (FollowerState.java:runImpl(161)) - 9e23e878-9bb3-42b5-8b94-e0e229812e65@group-CF05563D4821-FollowerState: change to CANDIDATE, lastRpcElapsedTime:1188280282ns, electionTimeout:1188ms
2025-09-13 17:32:53,407 [9e23e878-9bb3-42b5-8b94-e0e229812e65@group-CF05563D4821-FollowerState] INFO  impl.RoleInfo (RoleInfo.java:shutdownFollowerState(121)) - 9e23e878-9bb3-42b5-8b94-e0e229812e65: shutdown 9e23e878-9bb3-42b5-8b94-e0e229812e65@group-CF05563D4821-FollowerState
2025-09-13 17:32:53,407 [9e23e878-9bb3-42b5-8b94-e0e229812e65@group-CF05563D4821-FollowerState] INFO  server.RaftServer$Division (RaftServerImpl.java:setRole(392)) - 9e23e878-9bb3-42b5-8b94-e0e229812e65@group-CF05563D4821: changes role from  FOLLOWER to CANDIDATE at term 2 for changeToCandidate
2025-09-13 17:32:53,407 [9e23e878-9bb3-42b5-8b94-e0e229812e65@group-CF05563D4821-FollowerState] INFO  impl.RoleInfo (RoleInfo.java:updateAndGet(148)) - 9e23e878-9bb3-42b5-8b94-e0e229812e65: start 9e23e878-9bb3-42b5-8b94-e0e229812e65@group-CF05563D4821-LeaderElection160
2025-09-13 17:32:53,408 [9e23e878-9bb3-42b5-8b94-e0e229812e65@group-CF05563D4821-LeaderElection160] INFO  impl.LeaderElection (LeaderElection.java:askForVotes(448)) - 9e23e878-9bb3-42b5-8b94-e0e229812e65@group-CF05563D4821-LeaderElection160 PRE_VOTE round 0: submit vote requests at term 2 for conf: {index: 1, cur=peers:[9e23e878-9bb3-42b5-8b94-e0e229812e65|127.0.0.1:15023, 13facd30-3950-4310-8b1a-93d004abbbdd|127.0.0.1:15031, 36d876fb-a458-4393-963b-58eeedb8ba95|127.0.0.1:15015]|listeners:[], old=null}
2025-09-13 17:32:53,408 [9e23e878-9bb3-42b5-8b94-e0e229812e65@group-CF05563D4821-LeaderElection160] INFO  impl.LeaderElection (LogUtils.java:infoOrTrace(142)) - 9e23e878-9bb3-42b5-8b94-e0e229812e65@group-CF05563D4821-LeaderElection160 got exception when requesting votes: java.util.concurrent.ExecutionException: org.apache.ratis.thirdparty.io.grpc.StatusRuntimeException: UNAVAILABLE: io exception
2025-09-13 17:32:53,408 [9e23e878-9bb3-42b5-8b94-e0e229812e65@group-CF05563D4821-LeaderElection160] INFO  impl.LeaderElection (LogUtils.java:infoOrTrace(142)) - 9e23e878-9bb3-42b5-8b94-e0e229812e65@group-CF05563D4821-LeaderElection160 got exception when requesting votes: java.util.concurrent.ExecutionException: org.apache.ratis.thirdparty.io.grpc.StatusRuntimeException: UNAVAILABLE: io exception
2025-09-13 17:32:53,408 [9e23e878-9bb3-42b5-8b94-e0e229812e65@group-CF05563D4821-LeaderElection160] INFO  impl.LeaderElection (LeaderElection.java:logAndReturn(206)) - 9e23e878-9bb3-42b5-8b94-e0e229812e65@group-CF05563D4821-LeaderElection160: PRE_VOTE REJECTED received 0 response(s) and 2 exception(s):
2025-09-13 17:32:53,408 [9e23e878-9bb3-42b5-8b94-e0e229812e65@group-CF05563D4821-LeaderElection160] INFO  impl.LeaderElection (LogUtils.java:infoOrTrace(142)) -   Exception 0: java.util.concurrent.ExecutionException: org.apache.ratis.thirdparty.io.grpc.StatusRuntimeException: UNAVAILABLE: io exception
2025-09-13 17:32:53,409 [9e23e878-9bb3-42b5-8b94-e0e229812e65@group-CF05563D4821-LeaderElection160] INFO  impl.LeaderElection (LogUtils.java:infoOrTrace(142)) -   Exception 1: java.util.concurrent.ExecutionException: org.apache.ratis.thirdparty.io.grpc.StatusRuntimeException: UNAVAILABLE: io exception
2025-09-13 17:32:53,409 [9e23e878-9bb3-42b5-8b94-e0e229812e65@group-CF05563D4821-LeaderElection160] INFO  impl.LeaderElection (LeaderElection.java:askForVotes(450)) - 9e23e878-9bb3-42b5-8b94-e0e229812e65@group-CF05563D4821-LeaderElection160 PRE_VOTE round 0: result REJECTED
2025-09-13 17:32:53,409 [9e23e878-9bb3-42b5-8b94-e0e229812e65@group-CF05563D4821-LeaderElection160] INFO  server.RaftServer$Division (RaftServerImpl.java:setRole(392)) - 9e23e878-9bb3-42b5-8b94-e0e229812e65@group-CF05563D4821: changes role from CANDIDATE to FOLLOWER at term 2 for REJECTED
2025-09-13 17:32:53,409 [9e23e878-9bb3-42b5-8b94-e0e229812e65@group-CF05563D4821-LeaderElection160] INFO  impl.RoleInfo (RoleInfo.java:shutdownLeaderElection(141)) - 9e23e878-9bb3-42b5-8b94-e0e229812e65: shutdown 9e23e878-9bb3-42b5-8b94-e0e229812e65@group-CF05563D4821-LeaderElection160
2025-09-13 17:32:53,409 [9e23e878-9bb3-42b5-8b94-e0e229812e65@group-CF05563D4821-LeaderElection160] INFO  impl.RoleInfo (RoleInfo.java:updateAndGet(148)) - 9e23e878-9bb3-42b5-8b94-e0e229812e65: start 9e23e878-9bb3-42b5-8b94-e0e229812e65@group-CF05563D4821-FollowerState
2025-09-13 17:32:53,690 [9e23e878-9bb3-42b5-8b94-e0e229812e65@group-D5D0288CE997-FollowerState] INFO  impl.FollowerState (FollowerState.java:runImpl(161)) - 9e23e878-9bb3-42b5-8b94-e0e229812e65@group-D5D0288CE997-FollowerState: change to CANDIDATE, lastRpcElapsedTime:1052303447ns, electionTimeout:1052ms
2025-09-13 17:32:53,691 [9e23e878-9bb3-42b5-8b94-e0e229812e65@group-D5D0288CE997-FollowerState] INFO  impl.RoleInfo (RoleInfo.java:shutdownFollowerState(121)) - 9e23e878-9bb3-42b5-8b94-e0e229812e65: shutdown 9e23e878-9bb3-42b5-8b94-e0e229812e65@group-D5D0288CE997-FollowerState
2025-09-13 17:32:53,691 [9e23e878-9bb3-42b5-8b94-e0e229812e65@group-D5D0288CE997-FollowerState] INFO  server.RaftServer$Division (RaftServerImpl.java:setRole(392)) - 9e23e878-9bb3-42b5-8b94-e0e229812e65@group-D5D0288CE997: changes role from  FOLLOWER to CANDIDATE at term 1 for changeToCandidate
2025-09-13 17:32:53,691 [9e23e878-9bb3-42b5-8b94-e0e229812e65@group-D5D0288CE997-FollowerState] INFO  impl.RoleInfo (RoleInfo.java:updateAndGet(148)) - 9e23e878-9bb3-42b5-8b94-e0e229812e65: start 9e23e878-9bb3-42b5-8b94-e0e229812e65@group-D5D0288CE997-LeaderElection161
2025-09-13 17:32:53,691 [9e23e878-9bb3-42b5-8b94-e0e229812e65@group-D5D0288CE997-LeaderElection161] INFO  impl.LeaderElection (LeaderElection.java:askForVotes(448)) - 9e23e878-9bb3-42b5-8b94-e0e229812e65@group-D5D0288CE997-LeaderElection161 PRE_VOTE round 0: submit vote requests at term 1 for conf: {index: 0, cur=peers:[9e23e878-9bb3-42b5-8b94-e0e229812e65|127.0.0.1:15023, 13facd30-3950-4310-8b1a-93d004abbbdd|127.0.0.1:15031, 36d876fb-a458-4393-963b-58eeedb8ba95|127.0.0.1:15015]|listeners:[], old=null}
2025-09-13 17:32:53,692 [9e23e878-9bb3-42b5-8b94-e0e229812e65@group-D5D0288CE997-LeaderElection161] INFO  impl.LeaderElection (LogUtils.java:infoOrTrace(142)) - 9e23e878-9bb3-42b5-8b94-e0e229812e65@group-D5D0288CE997-LeaderElection161 got exception when requesting votes: java.util.concurrent.ExecutionException: org.apache.ratis.thirdparty.io.grpc.StatusRuntimeException: UNAVAILABLE: io exception
2025-09-13 17:32:53,692 [9e23e878-9bb3-42b5-8b94-e0e229812e65@group-D5D0288CE997-LeaderElection161] INFO  impl.LeaderElection (LogUtils.java:infoOrTrace(142)) - 9e23e878-9bb3-42b5-8b94-e0e229812e65@group-D5D0288CE997-LeaderElection161 got exception when requesting votes: java.util.concurrent.ExecutionException: org.apache.ratis.thirdparty.io.grpc.StatusRuntimeException: UNAVAILABLE: io exception
2025-09-13 17:32:53,692 [9e23e878-9bb3-42b5-8b94-e0e229812e65@group-D5D0288CE997-LeaderElection161] INFO  impl.LeaderElection (LeaderElection.java:logAndReturn(206)) - 9e23e878-9bb3-42b5-8b94-e0e229812e65@group-D5D0288CE997-LeaderElection161: PRE_VOTE REJECTED received 0 response(s) and 2 exception(s):
2025-09-13 17:32:53,692 [9e23e878-9bb3-42b5-8b94-e0e229812e65@group-D5D0288CE997-LeaderElection161] INFO  impl.LeaderElection (LogUtils.java:infoOrTrace(142)) -   Exception 0: java.util.concurrent.ExecutionException: org.apache.ratis.thirdparty.io.grpc.StatusRuntimeException: UNAVAILABLE: io exception
2025-09-13 17:32:53,692 [9e23e878-9bb3-42b5-8b94-e0e229812e65@group-D5D0288CE997-LeaderElection161] INFO  impl.LeaderElection (LogUtils.java:infoOrTrace(142)) -   Exception 1: java.util.concurrent.ExecutionException: org.apache.ratis.thirdparty.io.grpc.StatusRuntimeException: UNAVAILABLE: io exception
2025-09-13 17:32:53,692 [9e23e878-9bb3-42b5-8b94-e0e229812e65@group-D5D0288CE997-LeaderElection161] INFO  impl.LeaderElection (LeaderElection.java:askForVotes(450)) - 9e23e878-9bb3-42b5-8b94-e0e229812e65@group-D5D0288CE997-LeaderElection161 PRE_VOTE round 0: result REJECTED
2025-09-13 17:32:53,692 [9e23e878-9bb3-42b5-8b94-e0e229812e65@group-D5D0288CE997-LeaderElection161] INFO  server.RaftServer$Division (RaftServerImpl.java:setRole(392)) - 9e23e878-9bb3-42b5-8b94-e0e229812e65@group-D5D0288CE997: changes role from CANDIDATE to FOLLOWER at term 1 for REJECTED
2025-09-13 17:32:53,692 [9e23e878-9bb3-42b5-8b94-e0e229812e65@group-D5D0288CE997-LeaderElection161] INFO  impl.RoleInfo (RoleInfo.java:shutdownLeaderElection(141)) - 9e23e878-9bb3-42b5-8b94-e0e229812e65: shutdown 9e23e878-9bb3-42b5-8b94-e0e229812e65@group-D5D0288CE997-LeaderElection161
2025-09-13 17:32:53,692 [9e23e878-9bb3-42b5-8b94-e0e229812e65@group-D5D0288CE997-LeaderElection161] INFO  impl.RoleInfo (RoleInfo.java:updateAndGet(148)) - 9e23e878-9bb3-42b5-8b94-e0e229812e65: start 9e23e878-9bb3-42b5-8b94-e0e229812e65@group-D5D0288CE997-FollowerState
2025-09-13 17:32:54,421 [9e23e878-9bb3-42b5-8b94-e0e229812e65@group-CF05563D4821-FollowerState] INFO  impl.FollowerState (FollowerState.java:runImpl(161)) - 9e23e878-9bb3-42b5-8b94-e0e229812e65@group-CF05563D4821-FollowerState: change to CANDIDATE, lastRpcElapsedTime:1012295671ns, electionTimeout:1012ms
2025-09-13 17:32:54,421 [9e23e878-9bb3-42b5-8b94-e0e229812e65@group-CF05563D4821-FollowerState] INFO  impl.RoleInfo (RoleInfo.java:shutdownFollowerState(121)) - 9e23e878-9bb3-42b5-8b94-e0e229812e65: shutdown 9e23e878-9bb3-42b5-8b94-e0e229812e65@group-CF05563D4821-FollowerState
2025-09-13 17:32:54,421 [9e23e878-9bb3-42b5-8b94-e0e229812e65@group-CF05563D4821-FollowerState] INFO  server.RaftServer$Division (RaftServerImpl.java:setRole(392)) - 9e23e878-9bb3-42b5-8b94-e0e229812e65@group-CF05563D4821: changes role from  FOLLOWER to CANDIDATE at term 2 for changeToCandidate
2025-09-13 17:32:54,421 [9e23e878-9bb3-42b5-8b94-e0e229812e65@group-CF05563D4821-FollowerState] INFO  impl.RoleInfo (RoleInfo.java:updateAndGet(148)) - 9e23e878-9bb3-42b5-8b94-e0e229812e65: start 9e23e878-9bb3-42b5-8b94-e0e229812e65@group-CF05563D4821-LeaderElection162
2025-09-13 17:32:54,422 [9e23e878-9bb3-42b5-8b94-e0e229812e65@group-CF05563D4821-LeaderElection162] INFO  impl.LeaderElection (LeaderElection.java:askForVotes(448)) - 9e23e878-9bb3-42b5-8b94-e0e229812e65@group-CF05563D4821-LeaderElection162 PRE_VOTE round 0: submit vote requests at term 2 for conf: {index: 1, cur=peers:[9e23e878-9bb3-42b5-8b94-e0e229812e65|127.0.0.1:15023, 13facd30-3950-4310-8b1a-93d004abbbdd|127.0.0.1:15031, 36d876fb-a458-4393-963b-58eeedb8ba95|127.0.0.1:15015]|listeners:[], old=null}
2025-09-13 17:32:54,422 [9e23e878-9bb3-42b5-8b94-e0e229812e65@group-CF05563D4821-LeaderElection162] INFO  impl.LeaderElection (LogUtils.java:infoOrTrace(142)) - 9e23e878-9bb3-42b5-8b94-e0e229812e65@group-CF05563D4821-LeaderElection162 got exception when requesting votes: java.util.concurrent.ExecutionException: org.apache.ratis.thirdparty.io.grpc.StatusRuntimeException: UNAVAILABLE: io exception
2025-09-13 17:32:54,422 [9e23e878-9bb3-42b5-8b94-e0e229812e65@group-CF05563D4821-LeaderElection162] INFO  impl.LeaderElection (LogUtils.java:infoOrTrace(142)) - 9e23e878-9bb3-42b5-8b94-e0e229812e65@group-CF05563D4821-LeaderElection162 got exception when requesting votes: java.util.concurrent.ExecutionException: org.apache.ratis.thirdparty.io.grpc.StatusRuntimeException: UNAVAILABLE: io exception
2025-09-13 17:32:54,422 [9e23e878-9bb3-42b5-8b94-e0e229812e65@group-CF05563D4821-LeaderElection162] INFO  impl.LeaderElection (LeaderElection.java:logAndReturn(206)) - 9e23e878-9bb3-42b5-8b94-e0e229812e65@group-CF05563D4821-LeaderElection162: PRE_VOTE REJECTED received 0 response(s) and 2 exception(s):
2025-09-13 17:32:54,422 [9e23e878-9bb3-42b5-8b94-e0e229812e65@group-CF05563D4821-LeaderElection162] INFO  impl.LeaderElection (LogUtils.java:infoOrTrace(142)) -   Exception 0: java.util.concurrent.ExecutionException: org.apache.ratis.thirdparty.io.grpc.StatusRuntimeException: UNAVAILABLE: io exception
2025-09-13 17:32:54,422 [9e23e878-9bb3-42b5-8b94-e0e229812e65@group-CF05563D4821-LeaderElection162] INFO  impl.LeaderElection (LogUtils.java:infoOrTrace(142)) -   Exception 1: java.util.concurrent.ExecutionException: org.apache.ratis.thirdparty.io.grpc.StatusRuntimeException: UNAVAILABLE: io exception
2025-09-13 17:32:54,422 [9e23e878-9bb3-42b5-8b94-e0e229812e65@group-CF05563D4821-LeaderElection162] INFO  impl.LeaderElection (LeaderElection.java:askForVotes(450)) - 9e23e878-9bb3-42b5-8b94-e0e229812e65@group-CF05563D4821-LeaderElection162 PRE_VOTE round 0: result REJECTED
2025-09-13 17:32:54,422 [9e23e878-9bb3-42b5-8b94-e0e229812e65@group-CF05563D4821-LeaderElection162] INFO  server.RaftServer$Division (RaftServerImpl.java:setRole(392)) - 9e23e878-9bb3-42b5-8b94-e0e229812e65@group-CF05563D4821: changes role from CANDIDATE to FOLLOWER at term 2 for REJECTED
2025-09-13 17:32:54,422 [9e23e878-9bb3-42b5-8b94-e0e229812e65@group-CF05563D4821-LeaderElection162] INFO  impl.RoleInfo (RoleInfo.java:shutdownLeaderElection(141)) - 9e23e878-9bb3-42b5-8b94-e0e229812e65: shutdown 9e23e878-9bb3-42b5-8b94-e0e229812e65@group-CF05563D4821-LeaderElection162
2025-09-13 17:32:54,422 [9e23e878-9bb3-42b5-8b94-e0e229812e65@group-CF05563D4821-LeaderElection162] INFO  impl.RoleInfo (RoleInfo.java:updateAndGet(148)) - 9e23e878-9bb3-42b5-8b94-e0e229812e65: start 9e23e878-9bb3-42b5-8b94-e0e229812e65@group-CF05563D4821-FollowerState
2025-09-13 17:32:54,725 [9e23e878-9bb3-42b5-8b94-e0e229812e65@group-D5D0288CE997-FollowerState] INFO  impl.FollowerState (FollowerState.java:runImpl(161)) - 9e23e878-9bb3-42b5-8b94-e0e229812e65@group-D5D0288CE997-FollowerState: change to CANDIDATE, lastRpcElapsedTime:1032262977ns, electionTimeout:1032ms
2025-09-13 17:32:54,725 [9e23e878-9bb3-42b5-8b94-e0e229812e65@group-D5D0288CE997-FollowerState] INFO  impl.RoleInfo (RoleInfo.java:shutdownFollowerState(121)) - 9e23e878-9bb3-42b5-8b94-e0e229812e65: shutdown 9e23e878-9bb3-42b5-8b94-e0e229812e65@group-D5D0288CE997-FollowerState
2025-09-13 17:32:54,725 [9e23e878-9bb3-42b5-8b94-e0e229812e65@group-D5D0288CE997-FollowerState] INFO  server.RaftServer$Division (RaftServerImpl.java:setRole(392)) - 9e23e878-9bb3-42b5-8b94-e0e229812e65@group-D5D0288CE997: changes role from  FOLLOWER to CANDIDATE at term 1 for changeToCandidate
2025-09-13 17:32:54,725 [9e23e878-9bb3-42b5-8b94-e0e229812e65@group-D5D0288CE997-FollowerState] INFO  impl.RoleInfo (RoleInfo.java:updateAndGet(148)) - 9e23e878-9bb3-42b5-8b94-e0e229812e65: start 9e23e878-9bb3-42b5-8b94-e0e229812e65@group-D5D0288CE997-LeaderElection163
2025-09-13 17:32:54,725 [9e23e878-9bb3-42b5-8b94-e0e229812e65@group-D5D0288CE997-LeaderElection163] INFO  impl.LeaderElection (LeaderElection.java:askForVotes(448)) - 9e23e878-9bb3-42b5-8b94-e0e229812e65@group-D5D0288CE997-LeaderElection163 PRE_VOTE round 0: submit vote requests at term 1 for conf: {index: 0, cur=peers:[9e23e878-9bb3-42b5-8b94-e0e229812e65|127.0.0.1:15023, 13facd30-3950-4310-8b1a-93d004abbbdd|127.0.0.1:15031, 36d876fb-a458-4393-963b-58eeedb8ba95|127.0.0.1:15015]|listeners:[], old=null}
2025-09-13 17:32:54,726 [9e23e878-9bb3-42b5-8b94-e0e229812e65@group-D5D0288CE997-LeaderElection163] INFO  impl.LeaderElection (LogUtils.java:infoOrTrace(142)) - 9e23e878-9bb3-42b5-8b94-e0e229812e65@group-D5D0288CE997-LeaderElection163 got exception when requesting votes: java.util.concurrent.ExecutionException: org.apache.ratis.thirdparty.io.grpc.StatusRuntimeException: UNAVAILABLE: io exception
2025-09-13 17:32:54,726 [9e23e878-9bb3-42b5-8b94-e0e229812e65@group-D5D0288CE997-LeaderElection163] INFO  impl.LeaderElection (LogUtils.java:infoOrTrace(142)) - 9e23e878-9bb3-42b5-8b94-e0e229812e65@group-D5D0288CE997-LeaderElection163 got exception when requesting votes: java.util.concurrent.ExecutionException: org.apache.ratis.thirdparty.io.grpc.StatusRuntimeException: UNAVAILABLE: io exception
2025-09-13 17:32:54,726 [9e23e878-9bb3-42b5-8b94-e0e229812e65@group-D5D0288CE997-LeaderElection163] INFO  impl.LeaderElection (LeaderElection.java:logAndReturn(206)) - 9e23e878-9bb3-42b5-8b94-e0e229812e65@group-D5D0288CE997-LeaderElection163: PRE_VOTE REJECTED received 0 response(s) and 2 exception(s):
2025-09-13 17:32:54,726 [9e23e878-9bb3-42b5-8b94-e0e229812e65@group-D5D0288CE997-LeaderElection163] INFO  impl.LeaderElection (LogUtils.java:infoOrTrace(142)) -   Exception 0: java.util.concurrent.ExecutionException: org.apache.ratis.thirdparty.io.grpc.StatusRuntimeException: UNAVAILABLE: io exception
2025-09-13 17:32:54,726 [9e23e878-9bb3-42b5-8b94-e0e229812e65@group-D5D0288CE997-LeaderElection163] INFO  impl.LeaderElection (LogUtils.java:infoOrTrace(142)) -   Exception 1: java.util.concurrent.ExecutionException: org.apache.ratis.thirdparty.io.grpc.StatusRuntimeException: UNAVAILABLE: io exception
2025-09-13 17:32:54,726 [9e23e878-9bb3-42b5-8b94-e0e229812e65@group-D5D0288CE997-LeaderElection163] INFO  impl.LeaderElection (LeaderElection.java:askForVotes(450)) - 9e23e878-9bb3-42b5-8b94-e0e229812e65@group-D5D0288CE997-LeaderElection163 PRE_VOTE round 0: result REJECTED
2025-09-13 17:32:54,726 [9e23e878-9bb3-42b5-8b94-e0e229812e65@group-D5D0288CE997-LeaderElection163] INFO  server.RaftServer$Division (RaftServerImpl.java:setRole(392)) - 9e23e878-9bb3-42b5-8b94-e0e229812e65@group-D5D0288CE997: changes role from CANDIDATE to FOLLOWER at term 1 for REJECTED
2025-09-13 17:32:54,726 [9e23e878-9bb3-42b5-8b94-e0e229812e65@group-D5D0288CE997-LeaderElection163] INFO  impl.RoleInfo (RoleInfo.java:shutdownLeaderElection(141)) - 9e23e878-9bb3-42b5-8b94-e0e229812e65: shutdown 9e23e878-9bb3-42b5-8b94-e0e229812e65@group-D5D0288CE997-LeaderElection163
2025-09-13 17:32:54,726 [9e23e878-9bb3-42b5-8b94-e0e229812e65@group-D5D0288CE997-LeaderElection163] INFO  impl.RoleInfo (RoleInfo.java:updateAndGet(148)) - 9e23e878-9bb3-42b5-8b94-e0e229812e65: start 9e23e878-9bb3-42b5-8b94-e0e229812e65@group-D5D0288CE997-FollowerState
2025-09-13 17:32:55,601 [grpc-default-executor-10] ERROR impl.OrderedAsync (OrderedAsync.java:lambda$null$6(215)) -  client-2ECFBEF5EF78: Failed* RaftClientRequest:client-2ECFBEF5EF78->9e23e878-9bb3-42b5-8b94-e0e229812e65@group-D5D0288CE997, cid=47, seq=10*, RW, cmdType: WriteChunk
traceID: ""
containerID: 3
datanodeUuid: "13facd30-3950-4310-8b1a-93d004abbbdd"
writeChunk {
  blockID {
    containerID: 3
    localID: 115816896921600006
    blockCommitSequenceId: 0
    replicaIndex: 0
  }
  chunkData {
    chunkName: "115816896921600006_chunk_1"
    offset: 0
    len: 524288
    checksumData {
      type: CRC32
      bytesPerChecksum: 16384
      checksums: "\326\360U\321"
      checksums: "\326\360U\321"
      checksums: "\326\360U\321"
      checksums: "\326\360U\321"
      checksums: "\326\360U\321"
      checksums: "\326\360U\321"
      checksums: "\326\360U\321"
      checksums: "\326\360U\321"
      checksums: "\326\360U\321"
      checksums: "\326\360U\321"
      checksums: "\326\360U\321"
      checksums: "\326\360U\321"
      checksums: "\326\360U\321"
      checksums: "\326\360U\321"
      checksums: "\326\360U\321"
      checksums: "\326\360U\321"
      checksums: "\326\360U\321"
      checksums: "\326\360U\321"
      checksums: "\326\360U\321"
      checksums: "\326\360U\321"
      checksums: "\326\360U\321"
      checksums: "\326\360U\321"
      checksums: "\326\360U\321"
      checksums: "\326\360U\321"
      checksums: "\326\360U\321"
      checksums: "\326\360U\321"
      checksums: "\326\360U\321"
      checksums: "\326\360U\321"
      checksums: "\326\360U\321"
      checksums: "\326\360U\321"
      checksums: "\326\360U\321"
      checksums: "\277r/p"
    }
  }
}
version: 3
, data.size=524288
java.util.concurrent.CompletionException: org.apache.ratis.protocol.exceptions.NotLeaderException: Server 9e23e878-9bb3-42b5-8b94-e0e229812e65@group-D5D0288CE997 is not the leader
	at java.base/java.util.concurrent.CompletableFuture.encodeThrowable(CompletableFuture.java:332)
	at java.base/java.util.concurrent.CompletableFuture.completeThrowable(CompletableFuture.java:347)
	at java.base/java.util.concurrent.CompletableFuture$UniAccept.tryFire(CompletableFuture.java:708)
	at java.base/java.util.concurrent.CompletableFuture.postComplete(CompletableFuture.java:510)
	at java.base/java.util.concurrent.CompletableFuture.completeExceptionally(CompletableFuture.java:2194)
	at org.apache.ratis.grpc.client.GrpcClientProtocolClient$AsyncStreamObservers.completeReplyExceptionally(GrpcClientProtocolClient.java:397)
	at org.apache.ratis.grpc.client.GrpcClientProtocolClient$AsyncStreamObservers.access$000(GrpcClientProtocolClient.java:303)
	at org.apache.ratis.grpc.client.GrpcClientProtocolClient$AsyncStreamObservers$1.onNext(GrpcClientProtocolClient.java:317)
	at org.apache.ratis.grpc.client.GrpcClientProtocolClient$AsyncStreamObservers$1.onNext(GrpcClientProtocolClient.java:308)
	at org.apache.ratis.thirdparty.io.grpc.stub.ClientCalls$StreamObserverToCallListenerAdapter.onMessage(ClientCalls.java:551)
	at org.apache.ratis.thirdparty.io.grpc.ForwardingClientCallListener.onMessage(ForwardingClientCallListener.java:33)
	at org.apache.ratis.thirdparty.io.grpc.internal.ClientCallImpl$ClientStreamListenerImpl$1MessagesAvailable.runInternal(ClientCallImpl.java:661)
	at org.apache.ratis.thirdparty.io.grpc.internal.ClientCallImpl$ClientStreamListenerImpl$1MessagesAvailable.runInContext(ClientCallImpl.java:648)
	at org.apache.ratis.thirdparty.io.grpc.internal.ContextRunnable.run(ContextRunnable.java:37)
	at org.apache.ratis.thirdparty.io.grpc.internal.SerializingExecutor.run(SerializingExecutor.java:133)
	at java.base/java.util.concurrent.ThreadPoolExecutor.runWorker(ThreadPoolExecutor.java:1144)
	at java.base/java.util.concurrent.ThreadPoolExecutor$Worker.run(ThreadPoolExecutor.java:642)
	at java.base/java.lang.Thread.run(Thread.java:1583)
Caused by: org.apache.ratis.protocol.exceptions.NotLeaderException: Server 9e23e878-9bb3-42b5-8b94-e0e229812e65@group-D5D0288CE997 is not the leader
	at org.apache.ratis.client.impl.ClientProtoUtils.toRaftClientReply(ClientProtoUtils.java:402)
	at org.apache.ratis.grpc.client.GrpcClientProtocolClient$AsyncStreamObservers$1.onNext(GrpcClientProtocolClient.java:313)
	... 10 more
2025-09-13 17:32:55,606 [9e23e878-9bb3-42b5-8b94-e0e229812e65@group-CF05563D4821-FollowerState] INFO  impl.FollowerState (FollowerState.java:runImpl(161)) - 9e23e878-9bb3-42b5-8b94-e0e229812e65@group-CF05563D4821-FollowerState: change to CANDIDATE, lastRpcElapsedTime:1183423867ns, electionTimeout:1183ms
2025-09-13 17:32:55,606 [9e23e878-9bb3-42b5-8b94-e0e229812e65@group-CF05563D4821-FollowerState] INFO  impl.RoleInfo (RoleInfo.java:shutdownFollowerState(121)) - 9e23e878-9bb3-42b5-8b94-e0e229812e65: shutdown 9e23e878-9bb3-42b5-8b94-e0e229812e65@group-CF05563D4821-FollowerState
2025-09-13 17:32:55,606 [9e23e878-9bb3-42b5-8b94-e0e229812e65@group-CF05563D4821-FollowerState] INFO  server.RaftServer$Division (RaftServerImpl.java:setRole(392)) - 9e23e878-9bb3-42b5-8b94-e0e229812e65@group-CF05563D4821: changes role from  FOLLOWER to CANDIDATE at term 2 for changeToCandidate
2025-09-13 17:32:55,606 [9e23e878-9bb3-42b5-8b94-e0e229812e65@group-CF05563D4821-FollowerState] INFO  impl.RoleInfo (RoleInfo.java:updateAndGet(148)) - 9e23e878-9bb3-42b5-8b94-e0e229812e65: start 9e23e878-9bb3-42b5-8b94-e0e229812e65@group-CF05563D4821-LeaderElection164
2025-09-13 17:32:55,606 [9e23e878-9bb3-42b5-8b94-e0e229812e65@group-CF05563D4821-LeaderElection164] INFO  impl.LeaderElection (LeaderElection.java:askForVotes(448)) - 9e23e878-9bb3-42b5-8b94-e0e229812e65@group-CF05563D4821-LeaderElection164 PRE_VOTE round 0: submit vote requests at term 2 for conf: {index: 1, cur=peers:[9e23e878-9bb3-42b5-8b94-e0e229812e65|127.0.0.1:15023, 13facd30-3950-4310-8b1a-93d004abbbdd|127.0.0.1:15031, 36d876fb-a458-4393-963b-58eeedb8ba95|127.0.0.1:15015]|listeners:[], old=null}
2025-09-13 17:32:55,607 [9e23e878-9bb3-42b5-8b94-e0e229812e65@group-CF05563D4821-LeaderElection164] INFO  impl.LeaderElection (LogUtils.java:infoOrTrace(142)) - 9e23e878-9bb3-42b5-8b94-e0e229812e65@group-CF05563D4821-LeaderElection164 got exception when requesting votes: java.util.concurrent.ExecutionException: org.apache.ratis.thirdparty.io.grpc.StatusRuntimeException: UNAVAILABLE: io exception
2025-09-13 17:32:55,607 [9e23e878-9bb3-42b5-8b94-e0e229812e65@group-CF05563D4821-LeaderElection164] INFO  impl.LeaderElection (LogUtils.java:infoOrTrace(142)) - 9e23e878-9bb3-42b5-8b94-e0e229812e65@group-CF05563D4821-LeaderElection164 got exception when requesting votes: java.util.concurrent.ExecutionException: org.apache.ratis.thirdparty.io.grpc.StatusRuntimeException: UNAVAILABLE: io exception
2025-09-13 17:32:55,607 [9e23e878-9bb3-42b5-8b94-e0e229812e65@group-CF05563D4821-LeaderElection164] INFO  impl.LeaderElection (LeaderElection.java:logAndReturn(206)) - 9e23e878-9bb3-42b5-8b94-e0e229812e65@group-CF05563D4821-LeaderElection164: PRE_VOTE REJECTED received 0 response(s) and 2 exception(s):
2025-09-13 17:32:55,607 [9e23e878-9bb3-42b5-8b94-e0e229812e65@group-CF05563D4821-LeaderElection164] INFO  impl.LeaderElection (LogUtils.java:infoOrTrace(142)) -   Exception 0: java.util.concurrent.ExecutionException: org.apache.ratis.thirdparty.io.grpc.StatusRuntimeException: UNAVAILABLE: io exception
2025-09-13 17:32:55,607 [9e23e878-9bb3-42b5-8b94-e0e229812e65@group-CF05563D4821-LeaderElection164] INFO  impl.LeaderElection (LogUtils.java:infoOrTrace(142)) -   Exception 1: java.util.concurrent.ExecutionException: org.apache.ratis.thirdparty.io.grpc.StatusRuntimeException: UNAVAILABLE: io exception
2025-09-13 17:32:55,607 [9e23e878-9bb3-42b5-8b94-e0e229812e65@group-CF05563D4821-LeaderElection164] INFO  impl.LeaderElection (LeaderElection.java:askForVotes(450)) - 9e23e878-9bb3-42b5-8b94-e0e229812e65@group-CF05563D4821-LeaderElection164 PRE_VOTE round 0: result REJECTED
2025-09-13 17:32:55,607 [9e23e878-9bb3-42b5-8b94-e0e229812e65@group-CF05563D4821-LeaderElection164] INFO  server.RaftServer$Division (RaftServerImpl.java:setRole(392)) - 9e23e878-9bb3-42b5-8b94-e0e229812e65@group-CF05563D4821: changes role from CANDIDATE to FOLLOWER at term 2 for REJECTED
2025-09-13 17:32:55,607 [9e23e878-9bb3-42b5-8b94-e0e229812e65@group-CF05563D4821-LeaderElection164] INFO  impl.RoleInfo (RoleInfo.java:shutdownLeaderElection(141)) - 9e23e878-9bb3-42b5-8b94-e0e229812e65: shutdown 9e23e878-9bb3-42b5-8b94-e0e229812e65@group-CF05563D4821-LeaderElection164
2025-09-13 17:32:55,607 [9e23e878-9bb3-42b5-8b94-e0e229812e65@group-CF05563D4821-LeaderElection164] INFO  impl.RoleInfo (RoleInfo.java:updateAndGet(148)) - 9e23e878-9bb3-42b5-8b94-e0e229812e65: start 9e23e878-9bb3-42b5-8b94-e0e229812e65@group-CF05563D4821-FollowerState
2025-09-13 17:32:55,836 [9e23e878-9bb3-42b5-8b94-e0e229812e65@group-D5D0288CE997-FollowerState] INFO  impl.FollowerState (FollowerState.java:runImpl(161)) - 9e23e878-9bb3-42b5-8b94-e0e229812e65@group-D5D0288CE997-FollowerState: change to CANDIDATE, lastRpcElapsedTime:1110318533ns, electionTimeout:1110ms
2025-09-13 17:32:55,836 [9e23e878-9bb3-42b5-8b94-e0e229812e65@group-D5D0288CE997-FollowerState] INFO  impl.RoleInfo (RoleInfo.java:shutdownFollowerState(121)) - 9e23e878-9bb3-42b5-8b94-e0e229812e65: shutdown 9e23e878-9bb3-42b5-8b94-e0e229812e65@group-D5D0288CE997-FollowerState
2025-09-13 17:32:55,837 [9e23e878-9bb3-42b5-8b94-e0e229812e65@group-D5D0288CE997-FollowerState] INFO  server.RaftServer$Division (RaftServerImpl.java:setRole(392)) - 9e23e878-9bb3-42b5-8b94-e0e229812e65@group-D5D0288CE997: changes role from  FOLLOWER to CANDIDATE at term 1 for changeToCandidate
2025-09-13 17:32:55,837 [9e23e878-9bb3-42b5-8b94-e0e229812e65@group-D5D0288CE997-FollowerState] INFO  impl.RoleInfo (RoleInfo.java:updateAndGet(148)) - 9e23e878-9bb3-42b5-8b94-e0e229812e65: start 9e23e878-9bb3-42b5-8b94-e0e229812e65@group-D5D0288CE997-LeaderElection165
2025-09-13 17:32:55,837 [9e23e878-9bb3-42b5-8b94-e0e229812e65@group-D5D0288CE997-LeaderElection165] INFO  impl.LeaderElection (LeaderElection.java:askForVotes(448)) - 9e23e878-9bb3-42b5-8b94-e0e229812e65@group-D5D0288CE997-LeaderElection165 PRE_VOTE round 0: submit vote requests at term 1 for conf: {index: 0, cur=peers:[9e23e878-9bb3-42b5-8b94-e0e229812e65|127.0.0.1:15023, 13facd30-3950-4310-8b1a-93d004abbbdd|127.0.0.1:15031, 36d876fb-a458-4393-963b-58eeedb8ba95|127.0.0.1:15015]|listeners:[], old=null}
2025-09-13 17:32:55,837 [9e23e878-9bb3-42b5-8b94-e0e229812e65@group-D5D0288CE997-LeaderElection165] INFO  impl.LeaderElection (LogUtils.java:infoOrTrace(142)) - 9e23e878-9bb3-42b5-8b94-e0e229812e65@group-D5D0288CE997-LeaderElection165 got exception when requesting votes: java.util.concurrent.ExecutionException: org.apache.ratis.thirdparty.io.grpc.StatusRuntimeException: UNAVAILABLE: io exception
2025-09-13 17:32:55,838 [9e23e878-9bb3-42b5-8b94-e0e229812e65@group-D5D0288CE997-LeaderElection165] INFO  impl.LeaderElection (LogUtils.java:infoOrTrace(142)) - 9e23e878-9bb3-42b5-8b94-e0e229812e65@group-D5D0288CE997-LeaderElection165 got exception when requesting votes: java.util.concurrent.ExecutionException: org.apache.ratis.thirdparty.io.grpc.StatusRuntimeException: UNAVAILABLE: io exception
2025-09-13 17:32:55,838 [9e23e878-9bb3-42b5-8b94-e0e229812e65@group-D5D0288CE997-LeaderElection165] INFO  impl.LeaderElection (LeaderElection.java:logAndReturn(206)) - 9e23e878-9bb3-42b5-8b94-e0e229812e65@group-D5D0288CE997-LeaderElection165: PRE_VOTE REJECTED received 0 response(s) and 2 exception(s):
2025-09-13 17:32:55,838 [9e23e878-9bb3-42b5-8b94-e0e229812e65@group-D5D0288CE997-LeaderElection165] INFO  impl.LeaderElection (LogUtils.java:infoOrTrace(142)) -   Exception 0: java.util.concurrent.ExecutionException: org.apache.ratis.thirdparty.io.grpc.StatusRuntimeException: UNAVAILABLE: io exception
2025-09-13 17:32:55,838 [9e23e878-9bb3-42b5-8b94-e0e229812e65@group-D5D0288CE997-LeaderElection165] INFO  impl.LeaderElection (LogUtils.java:infoOrTrace(142)) -   Exception 1: java.util.concurrent.ExecutionException: org.apache.ratis.thirdparty.io.grpc.StatusRuntimeException: UNAVAILABLE: io exception
2025-09-13 17:32:55,838 [9e23e878-9bb3-42b5-8b94-e0e229812e65@group-D5D0288CE997-LeaderElection165] INFO  impl.LeaderElection (LeaderElection.java:askForVotes(450)) - 9e23e878-9bb3-42b5-8b94-e0e229812e65@group-D5D0288CE997-LeaderElection165 PRE_VOTE round 0: result REJECTED
2025-09-13 17:32:55,838 [9e23e878-9bb3-42b5-8b94-e0e229812e65@group-D5D0288CE997-LeaderElection165] INFO  server.RaftServer$Division (RaftServerImpl.java:setRole(392)) - 9e23e878-9bb3-42b5-8b94-e0e229812e65@group-D5D0288CE997: changes role from CANDIDATE to FOLLOWER at term 1 for REJECTED
2025-09-13 17:32:55,838 [9e23e878-9bb3-42b5-8b94-e0e229812e65@group-D5D0288CE997-LeaderElection165] INFO  impl.RoleInfo (RoleInfo.java:shutdownLeaderElection(141)) - 9e23e878-9bb3-42b5-8b94-e0e229812e65: shutdown 9e23e878-9bb3-42b5-8b94-e0e229812e65@group-D5D0288CE997-LeaderElection165
2025-09-13 17:32:55,838 [9e23e878-9bb3-42b5-8b94-e0e229812e65@group-D5D0288CE997-LeaderElection165] INFO  impl.RoleInfo (RoleInfo.java:updateAndGet(148)) - 9e23e878-9bb3-42b5-8b94-e0e229812e65: start 9e23e878-9bb3-42b5-8b94-e0e229812e65@group-D5D0288CE997-FollowerState
2025-09-13 17:32:56,636 [9e23e878-9bb3-42b5-8b94-e0e229812e65@group-CF05563D4821-FollowerState] INFO  impl.FollowerState (FollowerState.java:runImpl(161)) - 9e23e878-9bb3-42b5-8b94-e0e229812e65@group-CF05563D4821-FollowerState: change to CANDIDATE, lastRpcElapsedTime:1029029301ns, electionTimeout:1028ms
2025-09-13 17:32:56,636 [9e23e878-9bb3-42b5-8b94-e0e229812e65@group-CF05563D4821-FollowerState] INFO  impl.RoleInfo (RoleInfo.java:shutdownFollowerState(121)) - 9e23e878-9bb3-42b5-8b94-e0e229812e65: shutdown 9e23e878-9bb3-42b5-8b94-e0e229812e65@group-CF05563D4821-FollowerState
2025-09-13 17:32:56,636 [9e23e878-9bb3-42b5-8b94-e0e229812e65@group-CF05563D4821-FollowerState] INFO  server.RaftServer$Division (RaftServerImpl.java:setRole(392)) - 9e23e878-9bb3-42b5-8b94-e0e229812e65@group-CF05563D4821: changes role from  FOLLOWER to CANDIDATE at term 2 for changeToCandidate
2025-09-13 17:32:56,637 [9e23e878-9bb3-42b5-8b94-e0e229812e65@group-CF05563D4821-FollowerState] INFO  impl.RoleInfo (RoleInfo.java:updateAndGet(148)) - 9e23e878-9bb3-42b5-8b94-e0e229812e65: start 9e23e878-9bb3-42b5-8b94-e0e229812e65@group-CF05563D4821-LeaderElection166
2025-09-13 17:32:56,637 [9e23e878-9bb3-42b5-8b94-e0e229812e65@group-CF05563D4821-LeaderElection166] INFO  impl.LeaderElection (LeaderElection.java:askForVotes(448)) - 9e23e878-9bb3-42b5-8b94-e0e229812e65@group-CF05563D4821-LeaderElection166 PRE_VOTE round 0: submit vote requests at term 2 for conf: {index: 1, cur=peers:[9e23e878-9bb3-42b5-8b94-e0e229812e65|127.0.0.1:15023, 13facd30-3950-4310-8b1a-93d004abbbdd|127.0.0.1:15031, 36d876fb-a458-4393-963b-58eeedb8ba95|127.0.0.1:15015]|listeners:[], old=null}
2025-09-13 17:32:56,637 [9e23e878-9bb3-42b5-8b94-e0e229812e65@group-CF05563D4821-LeaderElection166] INFO  impl.LeaderElection (LogUtils.java:infoOrTrace(142)) - 9e23e878-9bb3-42b5-8b94-e0e229812e65@group-CF05563D4821-LeaderElection166 got exception when requesting votes: java.util.concurrent.ExecutionException: org.apache.ratis.thirdparty.io.grpc.StatusRuntimeException: UNAVAILABLE: io exception
2025-09-13 17:32:56,637 [9e23e878-9bb3-42b5-8b94-e0e229812e65@group-CF05563D4821-LeaderElection166] INFO  impl.LeaderElection (LogUtils.java:infoOrTrace(142)) - 9e23e878-9bb3-42b5-8b94-e0e229812e65@group-CF05563D4821-LeaderElection166 got exception when requesting votes: java.util.concurrent.ExecutionException: org.apache.ratis.thirdparty.io.grpc.StatusRuntimeException: UNAVAILABLE: io exception
2025-09-13 17:32:56,638 [9e23e878-9bb3-42b5-8b94-e0e229812e65@group-CF05563D4821-LeaderElection166] INFO  impl.LeaderElection (LeaderElection.java:logAndReturn(206)) - 9e23e878-9bb3-42b5-8b94-e0e229812e65@group-CF05563D4821-LeaderElection166: PRE_VOTE REJECTED received 0 response(s) and 2 exception(s):
2025-09-13 17:32:56,638 [9e23e878-9bb3-42b5-8b94-e0e229812e65@group-CF05563D4821-LeaderElection166] INFO  impl.LeaderElection (LogUtils.java:infoOrTrace(142)) -   Exception 0: java.util.concurrent.ExecutionException: org.apache.ratis.thirdparty.io.grpc.StatusRuntimeException: UNAVAILABLE: io exception
2025-09-13 17:32:56,638 [9e23e878-9bb3-42b5-8b94-e0e229812e65@group-CF05563D4821-LeaderElection166] INFO  impl.LeaderElection (LogUtils.java:infoOrTrace(142)) -   Exception 1: java.util.concurrent.ExecutionException: org.apache.ratis.thirdparty.io.grpc.StatusRuntimeException: UNAVAILABLE: io exception
2025-09-13 17:32:56,638 [9e23e878-9bb3-42b5-8b94-e0e229812e65@group-CF05563D4821-LeaderElection166] INFO  impl.LeaderElection (LeaderElection.java:askForVotes(450)) - 9e23e878-9bb3-42b5-8b94-e0e229812e65@group-CF05563D4821-LeaderElection166 PRE_VOTE round 0: result REJECTED
2025-09-13 17:32:56,638 [9e23e878-9bb3-42b5-8b94-e0e229812e65@group-CF05563D4821-LeaderElection166] INFO  server.RaftServer$Division (RaftServerImpl.java:setRole(392)) - 9e23e878-9bb3-42b5-8b94-e0e229812e65@group-CF05563D4821: changes role from CANDIDATE to FOLLOWER at term 2 for REJECTED
2025-09-13 17:32:56,638 [9e23e878-9bb3-42b5-8b94-e0e229812e65@group-CF05563D4821-LeaderElection166] INFO  impl.RoleInfo (RoleInfo.java:shutdownLeaderElection(141)) - 9e23e878-9bb3-42b5-8b94-e0e229812e65: shutdown 9e23e878-9bb3-42b5-8b94-e0e229812e65@group-CF05563D4821-LeaderElection166
2025-09-13 17:32:56,638 [9e23e878-9bb3-42b5-8b94-e0e229812e65@group-CF05563D4821-LeaderElection166] INFO  impl.RoleInfo (RoleInfo.java:updateAndGet(148)) - 9e23e878-9bb3-42b5-8b94-e0e229812e65: start 9e23e878-9bb3-42b5-8b94-e0e229812e65@group-CF05563D4821-FollowerState
2025-09-13 17:32:57,034 [9e23e878-9bb3-42b5-8b94-e0e229812e65@group-D5D0288CE997-FollowerState] INFO  impl.FollowerState (FollowerState.java:runImpl(161)) - 9e23e878-9bb3-42b5-8b94-e0e229812e65@group-D5D0288CE997-FollowerState: change to CANDIDATE, lastRpcElapsedTime:1196317907ns, electionTimeout:1196ms
2025-09-13 17:32:57,034 [9e23e878-9bb3-42b5-8b94-e0e229812e65@group-D5D0288CE997-FollowerState] INFO  impl.RoleInfo (RoleInfo.java:shutdownFollowerState(121)) - 9e23e878-9bb3-42b5-8b94-e0e229812e65: shutdown 9e23e878-9bb3-42b5-8b94-e0e229812e65@group-D5D0288CE997-FollowerState
2025-09-13 17:32:57,034 [9e23e878-9bb3-42b5-8b94-e0e229812e65@group-D5D0288CE997-FollowerState] INFO  server.RaftServer$Division (RaftServerImpl.java:setRole(392)) - 9e23e878-9bb3-42b5-8b94-e0e229812e65@group-D5D0288CE997: changes role from  FOLLOWER to CANDIDATE at term 1 for changeToCandidate
2025-09-13 17:32:57,034 [9e23e878-9bb3-42b5-8b94-e0e229812e65@group-D5D0288CE997-FollowerState] INFO  impl.RoleInfo (RoleInfo.java:updateAndGet(148)) - 9e23e878-9bb3-42b5-8b94-e0e229812e65: start 9e23e878-9bb3-42b5-8b94-e0e229812e65@group-D5D0288CE997-LeaderElection167
2025-09-13 17:32:57,035 [9e23e878-9bb3-42b5-8b94-e0e229812e65@group-D5D0288CE997-LeaderElection167] INFO  impl.LeaderElection (LeaderElection.java:askForVotes(448)) - 9e23e878-9bb3-42b5-8b94-e0e229812e65@group-D5D0288CE997-LeaderElection167 PRE_VOTE round 0: submit vote requests at term 1 for conf: {index: 0, cur=peers:[9e23e878-9bb3-42b5-8b94-e0e229812e65|127.0.0.1:15023, 13facd30-3950-4310-8b1a-93d004abbbdd|127.0.0.1:15031, 36d876fb-a458-4393-963b-58eeedb8ba95|127.0.0.1:15015]|listeners:[], old=null}
2025-09-13 17:32:57,035 [9e23e878-9bb3-42b5-8b94-e0e229812e65@group-D5D0288CE997-LeaderElection167] INFO  impl.LeaderElection (LogUtils.java:infoOrTrace(142)) - 9e23e878-9bb3-42b5-8b94-e0e229812e65@group-D5D0288CE997-LeaderElection167 got exception when requesting votes: java.util.concurrent.ExecutionException: org.apache.ratis.thirdparty.io.grpc.StatusRuntimeException: UNAVAILABLE: io exception
2025-09-13 17:32:57,036 [9e23e878-9bb3-42b5-8b94-e0e229812e65@group-D5D0288CE997-LeaderElection167] INFO  impl.LeaderElection (LogUtils.java:infoOrTrace(142)) - 9e23e878-9bb3-42b5-8b94-e0e229812e65@group-D5D0288CE997-LeaderElection167 got exception when requesting votes: java.util.concurrent.ExecutionException: org.apache.ratis.thirdparty.io.grpc.StatusRuntimeException: UNAVAILABLE: io exception
2025-09-13 17:32:57,036 [9e23e878-9bb3-42b5-8b94-e0e229812e65@group-D5D0288CE997-LeaderElection167] INFO  impl.LeaderElection (LeaderElection.java:logAndReturn(206)) - 9e23e878-9bb3-42b5-8b94-e0e229812e65@group-D5D0288CE997-LeaderElection167: PRE_VOTE REJECTED received 0 response(s) and 2 exception(s):
2025-09-13 17:32:57,036 [9e23e878-9bb3-42b5-8b94-e0e229812e65@group-D5D0288CE997-LeaderElection167] INFO  impl.LeaderElection (LogUtils.java:infoOrTrace(142)) -   Exception 0: java.util.concurrent.ExecutionException: org.apache.ratis.thirdparty.io.grpc.StatusRuntimeException: UNAVAILABLE: io exception
2025-09-13 17:32:57,036 [9e23e878-9bb3-42b5-8b94-e0e229812e65@group-D5D0288CE997-LeaderElection167] INFO  impl.LeaderElection (LogUtils.java:infoOrTrace(142)) -   Exception 1: java.util.concurrent.ExecutionException: org.apache.ratis.thirdparty.io.grpc.StatusRuntimeException: UNAVAILABLE: io exception
2025-09-13 17:32:57,036 [9e23e878-9bb3-42b5-8b94-e0e229812e65@group-D5D0288CE997-LeaderElection167] INFO  impl.LeaderElection (LeaderElection.java:askForVotes(450)) - 9e23e878-9bb3-42b5-8b94-e0e229812e65@group-D5D0288CE997-LeaderElection167 PRE_VOTE round 0: result REJECTED
2025-09-13 17:32:57,036 [9e23e878-9bb3-42b5-8b94-e0e229812e65@group-D5D0288CE997-LeaderElection167] INFO  server.RaftServer$Division (RaftServerImpl.java:setRole(392)) - 9e23e878-9bb3-42b5-8b94-e0e229812e65@group-D5D0288CE997: changes role from CANDIDATE to FOLLOWER at term 1 for REJECTED
2025-09-13 17:32:57,036 [9e23e878-9bb3-42b5-8b94-e0e229812e65@group-D5D0288CE997-LeaderElection167] INFO  impl.RoleInfo (RoleInfo.java:shutdownLeaderElection(141)) - 9e23e878-9bb3-42b5-8b94-e0e229812e65: shutdown 9e23e878-9bb3-42b5-8b94-e0e229812e65@group-D5D0288CE997-LeaderElection167
2025-09-13 17:32:57,036 [9e23e878-9bb3-42b5-8b94-e0e229812e65@group-D5D0288CE997-LeaderElection167] INFO  impl.RoleInfo (RoleInfo.java:updateAndGet(148)) - 9e23e878-9bb3-42b5-8b94-e0e229812e65: start 9e23e878-9bb3-42b5-8b94-e0e229812e65@group-D5D0288CE997-FollowerState
2025-09-13 17:32:57,769 [9e23e878-9bb3-42b5-8b94-e0e229812e65@group-CF05563D4821-FollowerState] INFO  impl.FollowerState (FollowerState.java:runImpl(161)) - 9e23e878-9bb3-42b5-8b94-e0e229812e65@group-CF05563D4821-FollowerState: change to CANDIDATE, lastRpcElapsedTime:1131268169ns, electionTimeout:1131ms
2025-09-13 17:32:57,769 [9e23e878-9bb3-42b5-8b94-e0e229812e65@group-CF05563D4821-FollowerState] INFO  impl.RoleInfo (RoleInfo.java:shutdownFollowerState(121)) - 9e23e878-9bb3-42b5-8b94-e0e229812e65: shutdown 9e23e878-9bb3-42b5-8b94-e0e229812e65@group-CF05563D4821-FollowerState
2025-09-13 17:32:57,769 [9e23e878-9bb3-42b5-8b94-e0e229812e65@group-CF05563D4821-FollowerState] INFO  server.RaftServer$Division (RaftServerImpl.java:setRole(392)) - 9e23e878-9bb3-42b5-8b94-e0e229812e65@group-CF05563D4821: changes role from  FOLLOWER to CANDIDATE at term 2 for changeToCandidate
2025-09-13 17:32:57,769 [9e23e878-9bb3-42b5-8b94-e0e229812e65@group-CF05563D4821-FollowerState] INFO  impl.RoleInfo (RoleInfo.java:updateAndGet(148)) - 9e23e878-9bb3-42b5-8b94-e0e229812e65: start 9e23e878-9bb3-42b5-8b94-e0e229812e65@group-CF05563D4821-LeaderElection168
2025-09-13 17:32:57,770 [9e23e878-9bb3-42b5-8b94-e0e229812e65@group-CF05563D4821-LeaderElection168] INFO  impl.LeaderElection (LeaderElection.java:askForVotes(448)) - 9e23e878-9bb3-42b5-8b94-e0e229812e65@group-CF05563D4821-LeaderElection168 PRE_VOTE round 0: submit vote requests at term 2 for conf: {index: 1, cur=peers:[9e23e878-9bb3-42b5-8b94-e0e229812e65|127.0.0.1:15023, 13facd30-3950-4310-8b1a-93d004abbbdd|127.0.0.1:15031, 36d876fb-a458-4393-963b-58eeedb8ba95|127.0.0.1:15015]|listeners:[], old=null}
2025-09-13 17:32:57,770 [9e23e878-9bb3-42b5-8b94-e0e229812e65@group-CF05563D4821-LeaderElection168] INFO  impl.LeaderElection (LogUtils.java:infoOrTrace(142)) - 9e23e878-9bb3-42b5-8b94-e0e229812e65@group-CF05563D4821-LeaderElection168 got exception when requesting votes: java.util.concurrent.ExecutionException: org.apache.ratis.thirdparty.io.grpc.StatusRuntimeException: UNAVAILABLE: io exception
2025-09-13 17:32:57,770 [9e23e878-9bb3-42b5-8b94-e0e229812e65@group-CF05563D4821-LeaderElection168] INFO  impl.LeaderElection (LogUtils.java:infoOrTrace(142)) - 9e23e878-9bb3-42b5-8b94-e0e229812e65@group-CF05563D4821-LeaderElection168 got exception when requesting votes: java.util.concurrent.ExecutionException: org.apache.ratis.thirdparty.io.grpc.StatusRuntimeException: UNAVAILABLE: io exception
2025-09-13 17:32:57,770 [9e23e878-9bb3-42b5-8b94-e0e229812e65@group-CF05563D4821-LeaderElection168] INFO  impl.LeaderElection (LeaderElection.java:logAndReturn(206)) - 9e23e878-9bb3-42b5-8b94-e0e229812e65@group-CF05563D4821-LeaderElection168: PRE_VOTE REJECTED received 0 response(s) and 2 exception(s):
2025-09-13 17:32:57,770 [9e23e878-9bb3-42b5-8b94-e0e229812e65@group-CF05563D4821-LeaderElection168] INFO  impl.LeaderElection (LogUtils.java:infoOrTrace(142)) -   Exception 0: java.util.concurrent.ExecutionException: org.apache.ratis.thirdparty.io.grpc.StatusRuntimeException: UNAVAILABLE: io exception
2025-09-13 17:32:57,770 [9e23e878-9bb3-42b5-8b94-e0e229812e65@group-CF05563D4821-LeaderElection168] INFO  impl.LeaderElection (LogUtils.java:infoOrTrace(142)) -   Exception 1: java.util.concurrent.ExecutionException: org.apache.ratis.thirdparty.io.grpc.StatusRuntimeException: UNAVAILABLE: io exception
2025-09-13 17:32:57,770 [9e23e878-9bb3-42b5-8b94-e0e229812e65@group-CF05563D4821-LeaderElection168] INFO  impl.LeaderElection (LeaderElection.java:askForVotes(450)) - 9e23e878-9bb3-42b5-8b94-e0e229812e65@group-CF05563D4821-LeaderElection168 PRE_VOTE round 0: result REJECTED
2025-09-13 17:32:57,770 [9e23e878-9bb3-42b5-8b94-e0e229812e65@group-CF05563D4821-LeaderElection168] INFO  server.RaftServer$Division (RaftServerImpl.java:setRole(392)) - 9e23e878-9bb3-42b5-8b94-e0e229812e65@group-CF05563D4821: changes role from CANDIDATE to FOLLOWER at term 2 for REJECTED
2025-09-13 17:32:57,770 [9e23e878-9bb3-42b5-8b94-e0e229812e65@group-CF05563D4821-LeaderElection168] INFO  impl.RoleInfo (RoleInfo.java:shutdownLeaderElection(141)) - 9e23e878-9bb3-42b5-8b94-e0e229812e65: shutdown 9e23e878-9bb3-42b5-8b94-e0e229812e65@group-CF05563D4821-LeaderElection168
2025-09-13 17:32:57,771 [9e23e878-9bb3-42b5-8b94-e0e229812e65@group-CF05563D4821-LeaderElection168] INFO  impl.RoleInfo (RoleInfo.java:updateAndGet(148)) - 9e23e878-9bb3-42b5-8b94-e0e229812e65: start 9e23e878-9bb3-42b5-8b94-e0e229812e65@group-CF05563D4821-FollowerState
2025-09-13 17:32:58,139 [9e23e878-9bb3-42b5-8b94-e0e229812e65@group-D5D0288CE997-FollowerState] INFO  impl.FollowerState (FollowerState.java:runImpl(161)) - 9e23e878-9bb3-42b5-8b94-e0e229812e65@group-D5D0288CE997-FollowerState: change to CANDIDATE, lastRpcElapsedTime:1103293487ns, electionTimeout:1103ms
2025-09-13 17:32:58,139 [9e23e878-9bb3-42b5-8b94-e0e229812e65@group-D5D0288CE997-FollowerState] INFO  impl.RoleInfo (RoleInfo.java:shutdownFollowerState(121)) - 9e23e878-9bb3-42b5-8b94-e0e229812e65: shutdown 9e23e878-9bb3-42b5-8b94-e0e229812e65@group-D5D0288CE997-FollowerState
2025-09-13 17:32:58,140 [9e23e878-9bb3-42b5-8b94-e0e229812e65@group-D5D0288CE997-FollowerState] INFO  server.RaftServer$Division (RaftServerImpl.java:setRole(392)) - 9e23e878-9bb3-42b5-8b94-e0e229812e65@group-D5D0288CE997: changes role from  FOLLOWER to CANDIDATE at term 1 for changeToCandidate
2025-09-13 17:32:58,140 [9e23e878-9bb3-42b5-8b94-e0e229812e65@group-D5D0288CE997-FollowerState] INFO  impl.RoleInfo (RoleInfo.java:updateAndGet(148)) - 9e23e878-9bb3-42b5-8b94-e0e229812e65: start 9e23e878-9bb3-42b5-8b94-e0e229812e65@group-D5D0288CE997-LeaderElection169
2025-09-13 17:32:58,140 [9e23e878-9bb3-42b5-8b94-e0e229812e65@group-D5D0288CE997-LeaderElection169] INFO  impl.LeaderElection (LeaderElection.java:askForVotes(448)) - 9e23e878-9bb3-42b5-8b94-e0e229812e65@group-D5D0288CE997-LeaderElection169 PRE_VOTE round 0: submit vote requests at term 1 for conf: {index: 0, cur=peers:[9e23e878-9bb3-42b5-8b94-e0e229812e65|127.0.0.1:15023, 13facd30-3950-4310-8b1a-93d004abbbdd|127.0.0.1:15031, 36d876fb-a458-4393-963b-58eeedb8ba95|127.0.0.1:15015]|listeners:[], old=null}
2025-09-13 17:32:58,140 [9e23e878-9bb3-42b5-8b94-e0e229812e65@group-D5D0288CE997-LeaderElection169] INFO  impl.LeaderElection (LogUtils.java:infoOrTrace(142)) - 9e23e878-9bb3-42b5-8b94-e0e229812e65@group-D5D0288CE997-LeaderElection169 got exception when requesting votes: java.util.concurrent.ExecutionException: org.apache.ratis.thirdparty.io.grpc.StatusRuntimeException: UNAVAILABLE: io exception
2025-09-13 17:32:58,140 [9e23e878-9bb3-42b5-8b94-e0e229812e65@group-D5D0288CE997-LeaderElection169] INFO  impl.LeaderElection (LogUtils.java:infoOrTrace(142)) - 9e23e878-9bb3-42b5-8b94-e0e229812e65@group-D5D0288CE997-LeaderElection169 got exception when requesting votes: java.util.concurrent.ExecutionException: org.apache.ratis.thirdparty.io.grpc.StatusRuntimeException: UNAVAILABLE: io exception
2025-09-13 17:32:58,141 [9e23e878-9bb3-42b5-8b94-e0e229812e65@group-D5D0288CE997-LeaderElection169] INFO  impl.LeaderElection (LeaderElection.java:logAndReturn(206)) - 9e23e878-9bb3-42b5-8b94-e0e229812e65@group-D5D0288CE997-LeaderElection169: PRE_VOTE REJECTED received 0 response(s) and 2 exception(s):
2025-09-13 17:32:58,141 [9e23e878-9bb3-42b5-8b94-e0e229812e65@group-D5D0288CE997-LeaderElection169] INFO  impl.LeaderElection (LogUtils.java:infoOrTrace(142)) -   Exception 0: java.util.concurrent.ExecutionException: org.apache.ratis.thirdparty.io.grpc.StatusRuntimeException: UNAVAILABLE: io exception
2025-09-13 17:32:58,141 [9e23e878-9bb3-42b5-8b94-e0e229812e65@group-D5D0288CE997-LeaderElection169] INFO  impl.LeaderElection (LogUtils.java:infoOrTrace(142)) -   Exception 1: java.util.concurrent.ExecutionException: org.apache.ratis.thirdparty.io.grpc.StatusRuntimeException: UNAVAILABLE: io exception
2025-09-13 17:32:58,141 [9e23e878-9bb3-42b5-8b94-e0e229812e65@group-D5D0288CE997-LeaderElection169] INFO  impl.LeaderElection (LeaderElection.java:askForVotes(450)) - 9e23e878-9bb3-42b5-8b94-e0e229812e65@group-D5D0288CE997-LeaderElection169 PRE_VOTE round 0: result REJECTED
2025-09-13 17:32:58,141 [9e23e878-9bb3-42b5-8b94-e0e229812e65@group-D5D0288CE997-LeaderElection169] INFO  server.RaftServer$Division (RaftServerImpl.java:setRole(392)) - 9e23e878-9bb3-42b5-8b94-e0e229812e65@group-D5D0288CE997: changes role from CANDIDATE to FOLLOWER at term 1 for REJECTED
2025-09-13 17:32:58,141 [9e23e878-9bb3-42b5-8b94-e0e229812e65@group-D5D0288CE997-LeaderElection169] INFO  impl.RoleInfo (RoleInfo.java:shutdownLeaderElection(141)) - 9e23e878-9bb3-42b5-8b94-e0e229812e65: shutdown 9e23e878-9bb3-42b5-8b94-e0e229812e65@group-D5D0288CE997-LeaderElection169
2025-09-13 17:32:58,141 [9e23e878-9bb3-42b5-8b94-e0e229812e65@group-D5D0288CE997-LeaderElection169] INFO  impl.RoleInfo (RoleInfo.java:updateAndGet(148)) - 9e23e878-9bb3-42b5-8b94-e0e229812e65: start 9e23e878-9bb3-42b5-8b94-e0e229812e65@group-D5D0288CE997-FollowerState
2025-09-13 17:32:58,895 [9e23e878-9bb3-42b5-8b94-e0e229812e65@group-CF05563D4821-FollowerState] INFO  impl.FollowerState (FollowerState.java:runImpl(161)) - 9e23e878-9bb3-42b5-8b94-e0e229812e65@group-CF05563D4821-FollowerState: change to CANDIDATE, lastRpcElapsedTime:1124288681ns, electionTimeout:1124ms
2025-09-13 17:32:58,895 [9e23e878-9bb3-42b5-8b94-e0e229812e65@group-CF05563D4821-FollowerState] INFO  impl.RoleInfo (RoleInfo.java:shutdownFollowerState(121)) - 9e23e878-9bb3-42b5-8b94-e0e229812e65: shutdown 9e23e878-9bb3-42b5-8b94-e0e229812e65@group-CF05563D4821-FollowerState
2025-09-13 17:32:58,895 [9e23e878-9bb3-42b5-8b94-e0e229812e65@group-CF05563D4821-FollowerState] INFO  server.RaftServer$Division (RaftServerImpl.java:setRole(392)) - 9e23e878-9bb3-42b5-8b94-e0e229812e65@group-CF05563D4821: changes role from  FOLLOWER to CANDIDATE at term 2 for changeToCandidate
2025-09-13 17:32:58,895 [9e23e878-9bb3-42b5-8b94-e0e229812e65@group-CF05563D4821-FollowerState] INFO  impl.RoleInfo (RoleInfo.java:updateAndGet(148)) - 9e23e878-9bb3-42b5-8b94-e0e229812e65: start 9e23e878-9bb3-42b5-8b94-e0e229812e65@group-CF05563D4821-LeaderElection170
2025-09-13 17:32:58,895 [9e23e878-9bb3-42b5-8b94-e0e229812e65@group-CF05563D4821-LeaderElection170] INFO  impl.LeaderElection (LeaderElection.java:askForVotes(448)) - 9e23e878-9bb3-42b5-8b94-e0e229812e65@group-CF05563D4821-LeaderElection170 PRE_VOTE round 0: submit vote requests at term 2 for conf: {index: 1, cur=peers:[9e23e878-9bb3-42b5-8b94-e0e229812e65|127.0.0.1:15023, 13facd30-3950-4310-8b1a-93d004abbbdd|127.0.0.1:15031, 36d876fb-a458-4393-963b-58eeedb8ba95|127.0.0.1:15015]|listeners:[], old=null}
2025-09-13 17:32:58,896 [9e23e878-9bb3-42b5-8b94-e0e229812e65@group-CF05563D4821-LeaderElection170] INFO  impl.LeaderElection (LogUtils.java:infoOrTrace(142)) - 9e23e878-9bb3-42b5-8b94-e0e229812e65@group-CF05563D4821-LeaderElection170 got exception when requesting votes: java.util.concurrent.ExecutionException: org.apache.ratis.thirdparty.io.grpc.StatusRuntimeException: UNAVAILABLE: io exception
2025-09-13 17:32:58,896 [9e23e878-9bb3-42b5-8b94-e0e229812e65@group-CF05563D4821-LeaderElection170] INFO  impl.LeaderElection (LogUtils.java:infoOrTrace(142)) - 9e23e878-9bb3-42b5-8b94-e0e229812e65@group-CF05563D4821-LeaderElection170 got exception when requesting votes: java.util.concurrent.ExecutionException: org.apache.ratis.thirdparty.io.grpc.StatusRuntimeException: UNAVAILABLE: io exception
2025-09-13 17:32:58,896 [9e23e878-9bb3-42b5-8b94-e0e229812e65@group-CF05563D4821-LeaderElection170] INFO  impl.LeaderElection (LeaderElection.java:logAndReturn(206)) - 9e23e878-9bb3-42b5-8b94-e0e229812e65@group-CF05563D4821-LeaderElection170: PRE_VOTE REJECTED received 0 response(s) and 2 exception(s):
2025-09-13 17:32:58,896 [9e23e878-9bb3-42b5-8b94-e0e229812e65@group-CF05563D4821-LeaderElection170] INFO  impl.LeaderElection (LogUtils.java:infoOrTrace(142)) -   Exception 0: java.util.concurrent.ExecutionException: org.apache.ratis.thirdparty.io.grpc.StatusRuntimeException: UNAVAILABLE: io exception
2025-09-13 17:32:58,896 [9e23e878-9bb3-42b5-8b94-e0e229812e65@group-CF05563D4821-LeaderElection170] INFO  impl.LeaderElection (LogUtils.java:infoOrTrace(142)) -   Exception 1: java.util.concurrent.ExecutionException: org.apache.ratis.thirdparty.io.grpc.StatusRuntimeException: UNAVAILABLE: io exception
2025-09-13 17:32:58,896 [9e23e878-9bb3-42b5-8b94-e0e229812e65@group-CF05563D4821-LeaderElection170] INFO  impl.LeaderElection (LeaderElection.java:askForVotes(450)) - 9e23e878-9bb3-42b5-8b94-e0e229812e65@group-CF05563D4821-LeaderElection170 PRE_VOTE round 0: result REJECTED
2025-09-13 17:32:58,896 [9e23e878-9bb3-42b5-8b94-e0e229812e65@group-CF05563D4821-LeaderElection170] INFO  server.RaftServer$Division (RaftServerImpl.java:setRole(392)) - 9e23e878-9bb3-42b5-8b94-e0e229812e65@group-CF05563D4821: changes role from CANDIDATE to FOLLOWER at term 2 for REJECTED
2025-09-13 17:32:58,896 [9e23e878-9bb3-42b5-8b94-e0e229812e65@group-CF05563D4821-LeaderElection170] INFO  impl.RoleInfo (RoleInfo.java:shutdownLeaderElection(141)) - 9e23e878-9bb3-42b5-8b94-e0e229812e65: shutdown 9e23e878-9bb3-42b5-8b94-e0e229812e65@group-CF05563D4821-LeaderElection170
2025-09-13 17:32:58,896 [9e23e878-9bb3-42b5-8b94-e0e229812e65@group-CF05563D4821-LeaderElection170] INFO  impl.RoleInfo (RoleInfo.java:updateAndGet(148)) - 9e23e878-9bb3-42b5-8b94-e0e229812e65: start 9e23e878-9bb3-42b5-8b94-e0e229812e65@group-CF05563D4821-FollowerState
2025-09-13 17:32:59,231 [9e23e878-9bb3-42b5-8b94-e0e229812e65@group-D5D0288CE997-FollowerState] INFO  impl.FollowerState (FollowerState.java:runImpl(161)) - 9e23e878-9bb3-42b5-8b94-e0e229812e65@group-D5D0288CE997-FollowerState: change to CANDIDATE, lastRpcElapsedTime:1090234228ns, electionTimeout:1090ms
2025-09-13 17:32:59,231 [9e23e878-9bb3-42b5-8b94-e0e229812e65@group-D5D0288CE997-FollowerState] INFO  impl.RoleInfo (RoleInfo.java:shutdownFollowerState(121)) - 9e23e878-9bb3-42b5-8b94-e0e229812e65: shutdown 9e23e878-9bb3-42b5-8b94-e0e229812e65@group-D5D0288CE997-FollowerState
2025-09-13 17:32:59,231 [9e23e878-9bb3-42b5-8b94-e0e229812e65@group-D5D0288CE997-FollowerState] INFO  server.RaftServer$Division (RaftServerImpl.java:setRole(392)) - 9e23e878-9bb3-42b5-8b94-e0e229812e65@group-D5D0288CE997: changes role from  FOLLOWER to CANDIDATE at term 1 for changeToCandidate
2025-09-13 17:32:59,231 [9e23e878-9bb3-42b5-8b94-e0e229812e65@group-D5D0288CE997-FollowerState] INFO  impl.RoleInfo (RoleInfo.java:updateAndGet(148)) - 9e23e878-9bb3-42b5-8b94-e0e229812e65: start 9e23e878-9bb3-42b5-8b94-e0e229812e65@group-D5D0288CE997-LeaderElection171
2025-09-13 17:32:59,232 [9e23e878-9bb3-42b5-8b94-e0e229812e65@group-D5D0288CE997-LeaderElection171] INFO  impl.LeaderElection (LeaderElection.java:askForVotes(448)) - 9e23e878-9bb3-42b5-8b94-e0e229812e65@group-D5D0288CE997-LeaderElection171 PRE_VOTE round 0: submit vote requests at term 1 for conf: {index: 0, cur=peers:[9e23e878-9bb3-42b5-8b94-e0e229812e65|127.0.0.1:15023, 13facd30-3950-4310-8b1a-93d004abbbdd|127.0.0.1:15031, 36d876fb-a458-4393-963b-58eeedb8ba95|127.0.0.1:15015]|listeners:[], old=null}
2025-09-13 17:32:59,232 [9e23e878-9bb3-42b5-8b94-e0e229812e65@group-D5D0288CE997-LeaderElection171] INFO  impl.LeaderElection (LogUtils.java:infoOrTrace(142)) - 9e23e878-9bb3-42b5-8b94-e0e229812e65@group-D5D0288CE997-LeaderElection171 got exception when requesting votes: java.util.concurrent.ExecutionException: org.apache.ratis.thirdparty.io.grpc.StatusRuntimeException: UNAVAILABLE: io exception
2025-09-13 17:32:59,232 [9e23e878-9bb3-42b5-8b94-e0e229812e65@group-D5D0288CE997-LeaderElection171] INFO  impl.LeaderElection (LogUtils.java:infoOrTrace(142)) - 9e23e878-9bb3-42b5-8b94-e0e229812e65@group-D5D0288CE997-LeaderElection171 got exception when requesting votes: java.util.concurrent.ExecutionException: org.apache.ratis.thirdparty.io.grpc.StatusRuntimeException: UNAVAILABLE: io exception
2025-09-13 17:32:59,232 [9e23e878-9bb3-42b5-8b94-e0e229812e65@group-D5D0288CE997-LeaderElection171] INFO  impl.LeaderElection (LeaderElection.java:logAndReturn(206)) - 9e23e878-9bb3-42b5-8b94-e0e229812e65@group-D5D0288CE997-LeaderElection171: PRE_VOTE REJECTED received 0 response(s) and 2 exception(s):
2025-09-13 17:32:59,232 [9e23e878-9bb3-42b5-8b94-e0e229812e65@group-D5D0288CE997-LeaderElection171] INFO  impl.LeaderElection (LogUtils.java:infoOrTrace(142)) -   Exception 0: java.util.concurrent.ExecutionException: org.apache.ratis.thirdparty.io.grpc.StatusRuntimeException: UNAVAILABLE: io exception
2025-09-13 17:32:59,232 [9e23e878-9bb3-42b5-8b94-e0e229812e65@group-D5D0288CE997-LeaderElection171] INFO  impl.LeaderElection (LogUtils.java:infoOrTrace(142)) -   Exception 1: java.util.concurrent.ExecutionException: org.apache.ratis.thirdparty.io.grpc.StatusRuntimeException: UNAVAILABLE: io exception
2025-09-13 17:32:59,232 [9e23e878-9bb3-42b5-8b94-e0e229812e65@group-D5D0288CE997-LeaderElection171] INFO  impl.LeaderElection (LeaderElection.java:askForVotes(450)) - 9e23e878-9bb3-42b5-8b94-e0e229812e65@group-D5D0288CE997-LeaderElection171 PRE_VOTE round 0: result REJECTED
2025-09-13 17:32:59,232 [9e23e878-9bb3-42b5-8b94-e0e229812e65@group-D5D0288CE997-LeaderElection171] INFO  server.RaftServer$Division (RaftServerImpl.java:setRole(392)) - 9e23e878-9bb3-42b5-8b94-e0e229812e65@group-D5D0288CE997: changes role from CANDIDATE to FOLLOWER at term 1 for REJECTED
2025-09-13 17:32:59,232 [9e23e878-9bb3-42b5-8b94-e0e229812e65@group-D5D0288CE997-LeaderElection171] INFO  impl.RoleInfo (RoleInfo.java:shutdownLeaderElection(141)) - 9e23e878-9bb3-42b5-8b94-e0e229812e65: shutdown 9e23e878-9bb3-42b5-8b94-e0e229812e65@group-D5D0288CE997-LeaderElection171
2025-09-13 17:32:59,233 [9e23e878-9bb3-42b5-8b94-e0e229812e65@group-D5D0288CE997-LeaderElection171] INFO  impl.RoleInfo (RoleInfo.java:updateAndGet(148)) - 9e23e878-9bb3-42b5-8b94-e0e229812e65: start 9e23e878-9bb3-42b5-8b94-e0e229812e65@group-D5D0288CE997-FollowerState
2025-09-13 17:32:59,876 [grpc-default-executor-8] ERROR impl.OrderedAsync (OrderedAsync.java:lambda$null$6(215)) -  client-2ECFBEF5EF78: Failed* RaftClientRequest:client-2ECFBEF5EF78->36d876fb-a458-4393-963b-58eeedb8ba95@group-D5D0288CE997, cid=47, seq=10*, RW, cmdType: WriteChunk
traceID: ""
containerID: 3
datanodeUuid: "13facd30-3950-4310-8b1a-93d004abbbdd"
writeChunk {
  blockID {
    containerID: 3
    localID: 115816896921600006
    blockCommitSequenceId: 0
    replicaIndex: 0
  }
  chunkData {
    chunkName: "115816896921600006_chunk_1"
    offset: 0
    len: 524288
    checksumData {
      type: CRC32
      bytesPerChecksum: 16384
      checksums: "\326\360U\321"
      checksums: "\326\360U\321"
      checksums: "\326\360U\321"
      checksums: "\326\360U\321"
      checksums: "\326\360U\321"
      checksums: "\326\360U\321"
      checksums: "\326\360U\321"
      checksums: "\326\360U\321"
      checksums: "\326\360U\321"
      checksums: "\326\360U\321"
      checksums: "\326\360U\321"
      checksums: "\326\360U\321"
      checksums: "\326\360U\321"
      checksums: "\326\360U\321"
      checksums: "\326\360U\321"
      checksums: "\326\360U\321"
      checksums: "\326\360U\321"
      checksums: "\326\360U\321"
      checksums: "\326\360U\321"
      checksums: "\326\360U\321"
      checksums: "\326\360U\321"
      checksums: "\326\360U\321"
      checksums: "\326\360U\321"
      checksums: "\326\360U\321"
      checksums: "\326\360U\321"
      checksums: "\326\360U\321"
      checksums: "\326\360U\321"
      checksums: "\326\360U\321"
      checksums: "\326\360U\321"
      checksums: "\326\360U\321"
      checksums: "\326\360U\321"
      checksums: "\277r/p"
    }
  }
}
version: 3
, data.size=524288
java.util.concurrent.CompletionException: java.io.IOException: org.apache.ratis.thirdparty.io.grpc.StatusRuntimeException: UNAVAILABLE: io exception
	at java.base/java.util.concurrent.CompletableFuture.encodeThrowable(CompletableFuture.java:332)
	at java.base/java.util.concurrent.CompletableFuture.completeThrowable(CompletableFuture.java:347)
	at java.base/java.util.concurrent.CompletableFuture$UniAccept.tryFire(CompletableFuture.java:708)
	at java.base/java.util.concurrent.CompletableFuture.postComplete(CompletableFuture.java:510)
	at java.base/java.util.concurrent.CompletableFuture.completeExceptionally(CompletableFuture.java:2194)
	at org.apache.ratis.grpc.client.GrpcClientProtocolClient$AsyncStreamObservers.completeReplyExceptionally(GrpcClientProtocolClient.java:397)
	at org.apache.ratis.grpc.client.GrpcClientProtocolClient$AsyncStreamObservers.access$000(GrpcClientProtocolClient.java:303)
	at org.apache.ratis.grpc.client.GrpcClientProtocolClient$AsyncStreamObservers$1.onError(GrpcClientProtocolClient.java:334)
	at org.apache.ratis.thirdparty.io.grpc.stub.ClientCalls$StreamObserverToCallListenerAdapter.onClose(ClientCalls.java:564)
	at org.apache.ratis.thirdparty.io.grpc.PartialForwardingClientCallListener.onClose(PartialForwardingClientCallListener.java:39)
	at org.apache.ratis.thirdparty.io.grpc.ForwardingClientCallListener.onClose(ForwardingClientCallListener.java:23)
	at org.apache.ratis.grpc.metrics.intercept.client.MetricClientCallListener.onClose(MetricClientCallListener.java:47)
	at org.apache.ratis.thirdparty.io.grpc.internal.ClientCallImpl.closeObserver(ClientCallImpl.java:565)
	at org.apache.ratis.thirdparty.io.grpc.internal.ClientCallImpl.access$100(ClientCallImpl.java:72)
	at org.apache.ratis.thirdparty.io.grpc.internal.ClientCallImpl$ClientStreamListenerImpl$1StreamClosed.runInternal(ClientCallImpl.java:733)
	at org.apache.ratis.thirdparty.io.grpc.internal.ClientCallImpl$ClientStreamListenerImpl$1StreamClosed.runInContext(ClientCallImpl.java:714)
	at org.apache.ratis.thirdparty.io.grpc.internal.ContextRunnable.run(ContextRunnable.java:37)
	at org.apache.ratis.thirdparty.io.grpc.internal.SerializingExecutor.run(SerializingExecutor.java:133)
	at java.base/java.util.concurrent.ThreadPoolExecutor.runWorker(ThreadPoolExecutor.java:1144)
	at java.base/java.util.concurrent.ThreadPoolExecutor$Worker.run(ThreadPoolExecutor.java:642)
	at java.base/java.lang.Thread.run(Thread.java:1583)
Caused by: java.io.IOException: org.apache.ratis.thirdparty.io.grpc.StatusRuntimeException: UNAVAILABLE: io exception
	at org.apache.ratis.grpc.GrpcUtil.unwrapException(GrpcUtil.java:99)
	at org.apache.ratis.grpc.GrpcUtil.unwrapIOException(GrpcUtil.java:159)
	at org.apache.ratis.grpc.client.GrpcClientProtocolClient$AsyncStreamObservers$1.onError(GrpcClientProtocolClient.java:333)
	... 13 more
Caused by: org.apache.ratis.thirdparty.io.grpc.StatusRuntimeException: UNAVAILABLE: io exception
	at org.apache.ratis.thirdparty.io.grpc.Status.asRuntimeException(Status.java:532)
	... 13 more
Caused by: org.apache.ratis.thirdparty.io.netty.channel.AbstractChannel$AnnotatedConnectException: finishConnect(..) failed: Connection refused: /127.0.0.1:15013
Caused by: java.net.ConnectException: finishConnect(..) failed: Connection refused
	at org.apache.ratis.thirdparty.io.netty.channel.unix.Errors.newConnectException0(Errors.java:166)
	at org.apache.ratis.thirdparty.io.netty.channel.unix.Errors.handleConnectErrno(Errors.java:131)
	at org.apache.ratis.thirdparty.io.netty.channel.unix.Socket.finishConnect(Socket.java:359)
	at org.apache.ratis.thirdparty.io.netty.channel.epoll.AbstractEpollChannel$AbstractEpollUnsafe.doFinishConnect(AbstractEpollChannel.java:715)
	at org.apache.ratis.thirdparty.io.netty.channel.epoll.AbstractEpollChannel$AbstractEpollUnsafe.finishConnect(AbstractEpollChannel.java:692)
	at org.apache.ratis.thirdparty.io.netty.channel.epoll.AbstractEpollChannel$AbstractEpollUnsafe.epollOutReady(AbstractEpollChannel.java:567)
	at org.apache.ratis.thirdparty.io.netty.channel.epoll.EpollEventLoop.processReady(EpollEventLoop.java:491)
	at org.apache.ratis.thirdparty.io.netty.channel.epoll.EpollEventLoop.run(EpollEventLoop.java:399)
	at org.apache.ratis.thirdparty.io.netty.util.concurrent.SingleThreadEventExecutor$4.run(SingleThreadEventExecutor.java:998)
	at org.apache.ratis.thirdparty.io.netty.util.internal.ThreadExecutorMap$2.run(ThreadExecutorMap.java:74)
	at org.apache.ratis.thirdparty.io.netty.util.concurrent.FastThreadLocalRunnable.run(FastThreadLocalRunnable.java:30)
	at java.base/java.lang.Thread.run(Thread.java:1583)
2025-09-13 17:32:59,949 [9e23e878-9bb3-42b5-8b94-e0e229812e65@group-CF05563D4821-FollowerState] INFO  impl.FollowerState (FollowerState.java:runImpl(161)) - 9e23e878-9bb3-42b5-8b94-e0e229812e65@group-CF05563D4821-FollowerState: change to CANDIDATE, lastRpcElapsedTime:1052284845ns, electionTimeout:1052ms
2025-09-13 17:32:59,949 [9e23e878-9bb3-42b5-8b94-e0e229812e65@group-CF05563D4821-FollowerState] INFO  impl.RoleInfo (RoleInfo.java:shutdownFollowerState(121)) - 9e23e878-9bb3-42b5-8b94-e0e229812e65: shutdown 9e23e878-9bb3-42b5-8b94-e0e229812e65@group-CF05563D4821-FollowerState
2025-09-13 17:32:59,949 [9e23e878-9bb3-42b5-8b94-e0e229812e65@group-CF05563D4821-FollowerState] INFO  server.RaftServer$Division (RaftServerImpl.java:setRole(392)) - 9e23e878-9bb3-42b5-8b94-e0e229812e65@group-CF05563D4821: changes role from  FOLLOWER to CANDIDATE at term 2 for changeToCandidate
2025-09-13 17:32:59,949 [9e23e878-9bb3-42b5-8b94-e0e229812e65@group-CF05563D4821-FollowerState] INFO  impl.RoleInfo (RoleInfo.java:updateAndGet(148)) - 9e23e878-9bb3-42b5-8b94-e0e229812e65: start 9e23e878-9bb3-42b5-8b94-e0e229812e65@group-CF05563D4821-LeaderElection172
2025-09-13 17:32:59,949 [9e23e878-9bb3-42b5-8b94-e0e229812e65@group-CF05563D4821-LeaderElection172] INFO  impl.LeaderElection (LeaderElection.java:askForVotes(448)) - 9e23e878-9bb3-42b5-8b94-e0e229812e65@group-CF05563D4821-LeaderElection172 PRE_VOTE round 0: submit vote requests at term 2 for conf: {index: 1, cur=peers:[9e23e878-9bb3-42b5-8b94-e0e229812e65|127.0.0.1:15023, 13facd30-3950-4310-8b1a-93d004abbbdd|127.0.0.1:15031, 36d876fb-a458-4393-963b-58eeedb8ba95|127.0.0.1:15015]|listeners:[], old=null}
2025-09-13 17:32:59,950 [9e23e878-9bb3-42b5-8b94-e0e229812e65@group-CF05563D4821-LeaderElection172] INFO  impl.LeaderElection (LogUtils.java:infoOrTrace(142)) - 9e23e878-9bb3-42b5-8b94-e0e229812e65@group-CF05563D4821-LeaderElection172 got exception when requesting votes: java.util.concurrent.ExecutionException: org.apache.ratis.thirdparty.io.grpc.StatusRuntimeException: UNAVAILABLE: io exception
2025-09-13 17:32:59,950 [9e23e878-9bb3-42b5-8b94-e0e229812e65@group-CF05563D4821-LeaderElection172] INFO  impl.LeaderElection (LogUtils.java:infoOrTrace(142)) - 9e23e878-9bb3-42b5-8b94-e0e229812e65@group-CF05563D4821-LeaderElection172 got exception when requesting votes: java.util.concurrent.ExecutionException: org.apache.ratis.thirdparty.io.grpc.StatusRuntimeException: UNAVAILABLE: io exception
2025-09-13 17:32:59,950 [9e23e878-9bb3-42b5-8b94-e0e229812e65@group-CF05563D4821-LeaderElection172] INFO  impl.LeaderElection (LeaderElection.java:logAndReturn(206)) - 9e23e878-9bb3-42b5-8b94-e0e229812e65@group-CF05563D4821-LeaderElection172: PRE_VOTE REJECTED received 0 response(s) and 2 exception(s):
2025-09-13 17:32:59,950 [9e23e878-9bb3-42b5-8b94-e0e229812e65@group-CF05563D4821-LeaderElection172] INFO  impl.LeaderElection (LogUtils.java:infoOrTrace(142)) -   Exception 0: java.util.concurrent.ExecutionException: org.apache.ratis.thirdparty.io.grpc.StatusRuntimeException: UNAVAILABLE: io exception
2025-09-13 17:32:59,950 [9e23e878-9bb3-42b5-8b94-e0e229812e65@group-CF05563D4821-LeaderElection172] INFO  impl.LeaderElection (LogUtils.java:infoOrTrace(142)) -   Exception 1: java.util.concurrent.ExecutionException: org.apache.ratis.thirdparty.io.grpc.StatusRuntimeException: UNAVAILABLE: io exception
2025-09-13 17:32:59,950 [9e23e878-9bb3-42b5-8b94-e0e229812e65@group-CF05563D4821-LeaderElection172] INFO  impl.LeaderElection (LeaderElection.java:askForVotes(450)) - 9e23e878-9bb3-42b5-8b94-e0e229812e65@group-CF05563D4821-LeaderElection172 PRE_VOTE round 0: result REJECTED
2025-09-13 17:32:59,950 [9e23e878-9bb3-42b5-8b94-e0e229812e65@group-CF05563D4821-LeaderElection172] INFO  server.RaftServer$Division (RaftServerImpl.java:setRole(392)) - 9e23e878-9bb3-42b5-8b94-e0e229812e65@group-CF05563D4821: changes role from CANDIDATE to FOLLOWER at term 2 for REJECTED
2025-09-13 17:32:59,950 [9e23e878-9bb3-42b5-8b94-e0e229812e65@group-CF05563D4821-LeaderElection172] INFO  impl.RoleInfo (RoleInfo.java:shutdownLeaderElection(141)) - 9e23e878-9bb3-42b5-8b94-e0e229812e65: shutdown 9e23e878-9bb3-42b5-8b94-e0e229812e65@group-CF05563D4821-LeaderElection172
2025-09-13 17:32:59,950 [9e23e878-9bb3-42b5-8b94-e0e229812e65@group-CF05563D4821-LeaderElection172] INFO  impl.RoleInfo (RoleInfo.java:updateAndGet(148)) - 9e23e878-9bb3-42b5-8b94-e0e229812e65: start 9e23e878-9bb3-42b5-8b94-e0e229812e65@group-CF05563D4821-FollowerState
2025-09-13 17:33:00,291 [9e23e878-9bb3-42b5-8b94-e0e229812e65@group-D5D0288CE997-FollowerState] INFO  impl.FollowerState (FollowerState.java:runImpl(161)) - 9e23e878-9bb3-42b5-8b94-e0e229812e65@group-D5D0288CE997-FollowerState: change to CANDIDATE, lastRpcElapsedTime:1058390184ns, electionTimeout:1058ms
2025-09-13 17:33:00,291 [9e23e878-9bb3-42b5-8b94-e0e229812e65@group-D5D0288CE997-FollowerState] INFO  impl.RoleInfo (RoleInfo.java:shutdownFollowerState(121)) - 9e23e878-9bb3-42b5-8b94-e0e229812e65: shutdown 9e23e878-9bb3-42b5-8b94-e0e229812e65@group-D5D0288CE997-FollowerState
2025-09-13 17:33:00,291 [9e23e878-9bb3-42b5-8b94-e0e229812e65@group-D5D0288CE997-FollowerState] INFO  server.RaftServer$Division (RaftServerImpl.java:setRole(392)) - 9e23e878-9bb3-42b5-8b94-e0e229812e65@group-D5D0288CE997: changes role from  FOLLOWER to CANDIDATE at term 1 for changeToCandidate
2025-09-13 17:33:00,291 [9e23e878-9bb3-42b5-8b94-e0e229812e65@group-D5D0288CE997-FollowerState] INFO  impl.RoleInfo (RoleInfo.java:updateAndGet(148)) - 9e23e878-9bb3-42b5-8b94-e0e229812e65: start 9e23e878-9bb3-42b5-8b94-e0e229812e65@group-D5D0288CE997-LeaderElection173
2025-09-13 17:33:00,291 [9e23e878-9bb3-42b5-8b94-e0e229812e65@group-D5D0288CE997-LeaderElection173] INFO  impl.LeaderElection (LeaderElection.java:askForVotes(448)) - 9e23e878-9bb3-42b5-8b94-e0e229812e65@group-D5D0288CE997-LeaderElection173 PRE_VOTE round 0: submit vote requests at term 1 for conf: {index: 0, cur=peers:[9e23e878-9bb3-42b5-8b94-e0e229812e65|127.0.0.1:15023, 13facd30-3950-4310-8b1a-93d004abbbdd|127.0.0.1:15031, 36d876fb-a458-4393-963b-58eeedb8ba95|127.0.0.1:15015]|listeners:[], old=null}
2025-09-13 17:33:00,292 [9e23e878-9bb3-42b5-8b94-e0e229812e65@group-D5D0288CE997-LeaderElection173] INFO  impl.LeaderElection (LogUtils.java:infoOrTrace(142)) - 9e23e878-9bb3-42b5-8b94-e0e229812e65@group-D5D0288CE997-LeaderElection173 got exception when requesting votes: java.util.concurrent.ExecutionException: org.apache.ratis.thirdparty.io.grpc.StatusRuntimeException: UNAVAILABLE: io exception
2025-09-13 17:33:00,292 [9e23e878-9bb3-42b5-8b94-e0e229812e65@group-D5D0288CE997-LeaderElection173] INFO  impl.LeaderElection (LogUtils.java:infoOrTrace(142)) - 9e23e878-9bb3-42b5-8b94-e0e229812e65@group-D5D0288CE997-LeaderElection173 got exception when requesting votes: java.util.concurrent.ExecutionException: org.apache.ratis.thirdparty.io.grpc.StatusRuntimeException: UNAVAILABLE: io exception
2025-09-13 17:33:00,292 [9e23e878-9bb3-42b5-8b94-e0e229812e65@group-D5D0288CE997-LeaderElection173] INFO  impl.LeaderElection (LeaderElection.java:logAndReturn(206)) - 9e23e878-9bb3-42b5-8b94-e0e229812e65@group-D5D0288CE997-LeaderElection173: PRE_VOTE REJECTED received 0 response(s) and 2 exception(s):
2025-09-13 17:33:00,292 [9e23e878-9bb3-42b5-8b94-e0e229812e65@group-D5D0288CE997-LeaderElection173] INFO  impl.LeaderElection (LogUtils.java:infoOrTrace(142)) -   Exception 0: java.util.concurrent.ExecutionException: org.apache.ratis.thirdparty.io.grpc.StatusRuntimeException: UNAVAILABLE: io exception
2025-09-13 17:33:00,292 [9e23e878-9bb3-42b5-8b94-e0e229812e65@group-D5D0288CE997-LeaderElection173] INFO  impl.LeaderElection (LogUtils.java:infoOrTrace(142)) -   Exception 1: java.util.concurrent.ExecutionException: org.apache.ratis.thirdparty.io.grpc.StatusRuntimeException: UNAVAILABLE: io exception
2025-09-13 17:33:00,292 [9e23e878-9bb3-42b5-8b94-e0e229812e65@group-D5D0288CE997-LeaderElection173] INFO  impl.LeaderElection (LeaderElection.java:askForVotes(450)) - 9e23e878-9bb3-42b5-8b94-e0e229812e65@group-D5D0288CE997-LeaderElection173 PRE_VOTE round 0: result REJECTED
2025-09-13 17:33:00,292 [9e23e878-9bb3-42b5-8b94-e0e229812e65@group-D5D0288CE997-LeaderElection173] INFO  server.RaftServer$Division (RaftServerImpl.java:setRole(392)) - 9e23e878-9bb3-42b5-8b94-e0e229812e65@group-D5D0288CE997: changes role from CANDIDATE to FOLLOWER at term 1 for REJECTED
2025-09-13 17:33:00,292 [9e23e878-9bb3-42b5-8b94-e0e229812e65@group-D5D0288CE997-LeaderElection173] INFO  impl.RoleInfo (RoleInfo.java:shutdownLeaderElection(141)) - 9e23e878-9bb3-42b5-8b94-e0e229812e65: shutdown 9e23e878-9bb3-42b5-8b94-e0e229812e65@group-D5D0288CE997-LeaderElection173
2025-09-13 17:33:00,292 [9e23e878-9bb3-42b5-8b94-e0e229812e65@group-D5D0288CE997-LeaderElection173] INFO  impl.RoleInfo (RoleInfo.java:updateAndGet(148)) - 9e23e878-9bb3-42b5-8b94-e0e229812e65: start 9e23e878-9bb3-42b5-8b94-e0e229812e65@group-D5D0288CE997-FollowerState
2025-09-13 17:33:00,983 [9e23e878-9bb3-42b5-8b94-e0e229812e65@group-CF05563D4821-FollowerState] INFO  impl.FollowerState (FollowerState.java:runImpl(161)) - 9e23e878-9bb3-42b5-8b94-e0e229812e65@group-CF05563D4821-FollowerState: change to CANDIDATE, lastRpcElapsedTime:1033287672ns, electionTimeout:1033ms
2025-09-13 17:33:00,984 [9e23e878-9bb3-42b5-8b94-e0e229812e65@group-CF05563D4821-FollowerState] INFO  impl.RoleInfo (RoleInfo.java:shutdownFollowerState(121)) - 9e23e878-9bb3-42b5-8b94-e0e229812e65: shutdown 9e23e878-9bb3-42b5-8b94-e0e229812e65@group-CF05563D4821-FollowerState
2025-09-13 17:33:00,984 [9e23e878-9bb3-42b5-8b94-e0e229812e65@group-CF05563D4821-FollowerState] INFO  server.RaftServer$Division (RaftServerImpl.java:setRole(392)) - 9e23e878-9bb3-42b5-8b94-e0e229812e65@group-CF05563D4821: changes role from  FOLLOWER to CANDIDATE at term 2 for changeToCandidate
2025-09-13 17:33:00,984 [9e23e878-9bb3-42b5-8b94-e0e229812e65@group-CF05563D4821-FollowerState] INFO  impl.RoleInfo (RoleInfo.java:updateAndGet(148)) - 9e23e878-9bb3-42b5-8b94-e0e229812e65: start 9e23e878-9bb3-42b5-8b94-e0e229812e65@group-CF05563D4821-LeaderElection174
2025-09-13 17:33:00,984 [9e23e878-9bb3-42b5-8b94-e0e229812e65@group-CF05563D4821-LeaderElection174] INFO  impl.LeaderElection (LeaderElection.java:askForVotes(448)) - 9e23e878-9bb3-42b5-8b94-e0e229812e65@group-CF05563D4821-LeaderElection174 PRE_VOTE round 0: submit vote requests at term 2 for conf: {index: 1, cur=peers:[9e23e878-9bb3-42b5-8b94-e0e229812e65|127.0.0.1:15023, 13facd30-3950-4310-8b1a-93d004abbbdd|127.0.0.1:15031, 36d876fb-a458-4393-963b-58eeedb8ba95|127.0.0.1:15015]|listeners:[], old=null}
2025-09-13 17:33:00,985 [9e23e878-9bb3-42b5-8b94-e0e229812e65@group-CF05563D4821-LeaderElection174] INFO  impl.LeaderElection (LogUtils.java:infoOrTrace(142)) - 9e23e878-9bb3-42b5-8b94-e0e229812e65@group-CF05563D4821-LeaderElection174 got exception when requesting votes: java.util.concurrent.ExecutionException: org.apache.ratis.thirdparty.io.grpc.StatusRuntimeException: UNAVAILABLE: io exception
2025-09-13 17:33:00,985 [9e23e878-9bb3-42b5-8b94-e0e229812e65@group-CF05563D4821-LeaderElection174] INFO  impl.LeaderElection (LogUtils.java:infoOrTrace(142)) - 9e23e878-9bb3-42b5-8b94-e0e229812e65@group-CF05563D4821-LeaderElection174 got exception when requesting votes: java.util.concurrent.ExecutionException: org.apache.ratis.thirdparty.io.grpc.StatusRuntimeException: UNAVAILABLE: io exception
2025-09-13 17:33:00,985 [9e23e878-9bb3-42b5-8b94-e0e229812e65@group-CF05563D4821-LeaderElection174] INFO  impl.LeaderElection (LeaderElection.java:logAndReturn(206)) - 9e23e878-9bb3-42b5-8b94-e0e229812e65@group-CF05563D4821-LeaderElection174: PRE_VOTE REJECTED received 0 response(s) and 2 exception(s):
2025-09-13 17:33:00,985 [9e23e878-9bb3-42b5-8b94-e0e229812e65@group-CF05563D4821-LeaderElection174] INFO  impl.LeaderElection (LogUtils.java:infoOrTrace(142)) -   Exception 0: java.util.concurrent.ExecutionException: org.apache.ratis.thirdparty.io.grpc.StatusRuntimeException: UNAVAILABLE: io exception
2025-09-13 17:33:00,985 [9e23e878-9bb3-42b5-8b94-e0e229812e65@group-CF05563D4821-LeaderElection174] INFO  impl.LeaderElection (LogUtils.java:infoOrTrace(142)) -   Exception 1: java.util.concurrent.ExecutionException: org.apache.ratis.thirdparty.io.grpc.StatusRuntimeException: UNAVAILABLE: io exception
2025-09-13 17:33:00,985 [9e23e878-9bb3-42b5-8b94-e0e229812e65@group-CF05563D4821-LeaderElection174] INFO  impl.LeaderElection (LeaderElection.java:askForVotes(450)) - 9e23e878-9bb3-42b5-8b94-e0e229812e65@group-CF05563D4821-LeaderElection174 PRE_VOTE round 0: result REJECTED
2025-09-13 17:33:00,985 [9e23e878-9bb3-42b5-8b94-e0e229812e65@group-CF05563D4821-LeaderElection174] INFO  server.RaftServer$Division (RaftServerImpl.java:setRole(392)) - 9e23e878-9bb3-42b5-8b94-e0e229812e65@group-CF05563D4821: changes role from CANDIDATE to FOLLOWER at term 2 for REJECTED
2025-09-13 17:33:00,985 [9e23e878-9bb3-42b5-8b94-e0e229812e65@group-CF05563D4821-LeaderElection174] INFO  impl.RoleInfo (RoleInfo.java:shutdownLeaderElection(141)) - 9e23e878-9bb3-42b5-8b94-e0e229812e65: shutdown 9e23e878-9bb3-42b5-8b94-e0e229812e65@group-CF05563D4821-LeaderElection174
2025-09-13 17:33:00,985 [9e23e878-9bb3-42b5-8b94-e0e229812e65@group-CF05563D4821-LeaderElection174] INFO  impl.RoleInfo (RoleInfo.java:updateAndGet(148)) - 9e23e878-9bb3-42b5-8b94-e0e229812e65: start 9e23e878-9bb3-42b5-8b94-e0e229812e65@group-CF05563D4821-FollowerState
2025-09-13 17:33:01,330 [9e23e878-9bb3-42b5-8b94-e0e229812e65@group-D5D0288CE997-FollowerState] INFO  impl.FollowerState (FollowerState.java:runImpl(161)) - 9e23e878-9bb3-42b5-8b94-e0e229812e65@group-D5D0288CE997-FollowerState: change to CANDIDATE, lastRpcElapsedTime:1037245093ns, electionTimeout:1037ms
2025-09-13 17:33:01,330 [9e23e878-9bb3-42b5-8b94-e0e229812e65@group-D5D0288CE997-FollowerState] INFO  impl.RoleInfo (RoleInfo.java:shutdownFollowerState(121)) - 9e23e878-9bb3-42b5-8b94-e0e229812e65: shutdown 9e23e878-9bb3-42b5-8b94-e0e229812e65@group-D5D0288CE997-FollowerState
2025-09-13 17:33:01,330 [9e23e878-9bb3-42b5-8b94-e0e229812e65@group-D5D0288CE997-FollowerState] INFO  server.RaftServer$Division (RaftServerImpl.java:setRole(392)) - 9e23e878-9bb3-42b5-8b94-e0e229812e65@group-D5D0288CE997: changes role from  FOLLOWER to CANDIDATE at term 1 for changeToCandidate
2025-09-13 17:33:01,330 [9e23e878-9bb3-42b5-8b94-e0e229812e65@group-D5D0288CE997-FollowerState] INFO  impl.RoleInfo (RoleInfo.java:updateAndGet(148)) - 9e23e878-9bb3-42b5-8b94-e0e229812e65: start 9e23e878-9bb3-42b5-8b94-e0e229812e65@group-D5D0288CE997-LeaderElection175
2025-09-13 17:33:01,330 [9e23e878-9bb3-42b5-8b94-e0e229812e65@group-D5D0288CE997-LeaderElection175] INFO  impl.LeaderElection (LeaderElection.java:askForVotes(448)) - 9e23e878-9bb3-42b5-8b94-e0e229812e65@group-D5D0288CE997-LeaderElection175 PRE_VOTE round 0: submit vote requests at term 1 for conf: {index: 0, cur=peers:[9e23e878-9bb3-42b5-8b94-e0e229812e65|127.0.0.1:15023, 13facd30-3950-4310-8b1a-93d004abbbdd|127.0.0.1:15031, 36d876fb-a458-4393-963b-58eeedb8ba95|127.0.0.1:15015]|listeners:[], old=null}
2025-09-13 17:33:01,331 [9e23e878-9bb3-42b5-8b94-e0e229812e65@group-D5D0288CE997-LeaderElection175] INFO  impl.LeaderElection (LogUtils.java:infoOrTrace(142)) - 9e23e878-9bb3-42b5-8b94-e0e229812e65@group-D5D0288CE997-LeaderElection175 got exception when requesting votes: java.util.concurrent.ExecutionException: org.apache.ratis.thirdparty.io.grpc.StatusRuntimeException: UNAVAILABLE: io exception
2025-09-13 17:33:01,331 [9e23e878-9bb3-42b5-8b94-e0e229812e65@group-D5D0288CE997-LeaderElection175] INFO  impl.LeaderElection (LogUtils.java:infoOrTrace(142)) - 9e23e878-9bb3-42b5-8b94-e0e229812e65@group-D5D0288CE997-LeaderElection175 got exception when requesting votes: java.util.concurrent.ExecutionException: org.apache.ratis.thirdparty.io.grpc.StatusRuntimeException: UNAVAILABLE: io exception
2025-09-13 17:33:01,331 [9e23e878-9bb3-42b5-8b94-e0e229812e65@group-D5D0288CE997-LeaderElection175] INFO  impl.LeaderElection (LeaderElection.java:logAndReturn(206)) - 9e23e878-9bb3-42b5-8b94-e0e229812e65@group-D5D0288CE997-LeaderElection175: PRE_VOTE REJECTED received 0 response(s) and 2 exception(s):
2025-09-13 17:33:01,331 [9e23e878-9bb3-42b5-8b94-e0e229812e65@group-D5D0288CE997-LeaderElection175] INFO  impl.LeaderElection (LogUtils.java:infoOrTrace(142)) -   Exception 0: java.util.concurrent.ExecutionException: org.apache.ratis.thirdparty.io.grpc.StatusRuntimeException: UNAVAILABLE: io exception
2025-09-13 17:33:01,331 [9e23e878-9bb3-42b5-8b94-e0e229812e65@group-D5D0288CE997-LeaderElection175] INFO  impl.LeaderElection (LogUtils.java:infoOrTrace(142)) -   Exception 1: java.util.concurrent.ExecutionException: org.apache.ratis.thirdparty.io.grpc.StatusRuntimeException: UNAVAILABLE: io exception
2025-09-13 17:33:01,331 [9e23e878-9bb3-42b5-8b94-e0e229812e65@group-D5D0288CE997-LeaderElection175] INFO  impl.LeaderElection (LeaderElection.java:askForVotes(450)) - 9e23e878-9bb3-42b5-8b94-e0e229812e65@group-D5D0288CE997-LeaderElection175 PRE_VOTE round 0: result REJECTED
2025-09-13 17:33:01,331 [9e23e878-9bb3-42b5-8b94-e0e229812e65@group-D5D0288CE997-LeaderElection175] INFO  server.RaftServer$Division (RaftServerImpl.java:setRole(392)) - 9e23e878-9bb3-42b5-8b94-e0e229812e65@group-D5D0288CE997: changes role from CANDIDATE to FOLLOWER at term 1 for REJECTED
2025-09-13 17:33:01,331 [9e23e878-9bb3-42b5-8b94-e0e229812e65@group-D5D0288CE997-LeaderElection175] INFO  impl.RoleInfo (RoleInfo.java:shutdownLeaderElection(141)) - 9e23e878-9bb3-42b5-8b94-e0e229812e65: shutdown 9e23e878-9bb3-42b5-8b94-e0e229812e65@group-D5D0288CE997-LeaderElection175
2025-09-13 17:33:01,331 [9e23e878-9bb3-42b5-8b94-e0e229812e65@group-D5D0288CE997-LeaderElection175] INFO  impl.RoleInfo (RoleInfo.java:updateAndGet(148)) - 9e23e878-9bb3-42b5-8b94-e0e229812e65: start 9e23e878-9bb3-42b5-8b94-e0e229812e65@group-D5D0288CE997-FollowerState
2025-09-13 17:33:02,185 [9e23e878-9bb3-42b5-8b94-e0e229812e65@group-CF05563D4821-FollowerState] INFO  impl.FollowerState (FollowerState.java:runImpl(161)) - 9e23e878-9bb3-42b5-8b94-e0e229812e65@group-CF05563D4821-FollowerState: change to CANDIDATE, lastRpcElapsedTime:1200226465ns, electionTimeout:1200ms
2025-09-13 17:33:02,185 [9e23e878-9bb3-42b5-8b94-e0e229812e65@group-CF05563D4821-FollowerState] INFO  impl.RoleInfo (RoleInfo.java:shutdownFollowerState(121)) - 9e23e878-9bb3-42b5-8b94-e0e229812e65: shutdown 9e23e878-9bb3-42b5-8b94-e0e229812e65@group-CF05563D4821-FollowerState
2025-09-13 17:33:02,185 [9e23e878-9bb3-42b5-8b94-e0e229812e65@group-CF05563D4821-FollowerState] INFO  server.RaftServer$Division (RaftServerImpl.java:setRole(392)) - 9e23e878-9bb3-42b5-8b94-e0e229812e65@group-CF05563D4821: changes role from  FOLLOWER to CANDIDATE at term 2 for changeToCandidate
2025-09-13 17:33:02,185 [9e23e878-9bb3-42b5-8b94-e0e229812e65@group-CF05563D4821-FollowerState] INFO  impl.RoleInfo (RoleInfo.java:updateAndGet(148)) - 9e23e878-9bb3-42b5-8b94-e0e229812e65: start 9e23e878-9bb3-42b5-8b94-e0e229812e65@group-CF05563D4821-LeaderElection176
2025-09-13 17:33:02,186 [9e23e878-9bb3-42b5-8b94-e0e229812e65@group-CF05563D4821-LeaderElection176] INFO  impl.LeaderElection (LeaderElection.java:askForVotes(448)) - 9e23e878-9bb3-42b5-8b94-e0e229812e65@group-CF05563D4821-LeaderElection176 PRE_VOTE round 0: submit vote requests at term 2 for conf: {index: 1, cur=peers:[9e23e878-9bb3-42b5-8b94-e0e229812e65|127.0.0.1:15023, 13facd30-3950-4310-8b1a-93d004abbbdd|127.0.0.1:15031, 36d876fb-a458-4393-963b-58eeedb8ba95|127.0.0.1:15015]|listeners:[], old=null}
2025-09-13 17:33:02,186 [9e23e878-9bb3-42b5-8b94-e0e229812e65@group-CF05563D4821-LeaderElection176] INFO  impl.LeaderElection (LogUtils.java:infoOrTrace(142)) - 9e23e878-9bb3-42b5-8b94-e0e229812e65@group-CF05563D4821-LeaderElection176 got exception when requesting votes: java.util.concurrent.ExecutionException: org.apache.ratis.thirdparty.io.grpc.StatusRuntimeException: UNAVAILABLE: io exception
2025-09-13 17:33:02,186 [9e23e878-9bb3-42b5-8b94-e0e229812e65@group-CF05563D4821-LeaderElection176] INFO  impl.LeaderElection (LogUtils.java:infoOrTrace(142)) - 9e23e878-9bb3-42b5-8b94-e0e229812e65@group-CF05563D4821-LeaderElection176 got exception when requesting votes: java.util.concurrent.ExecutionException: org.apache.ratis.thirdparty.io.grpc.StatusRuntimeException: UNAVAILABLE: io exception
2025-09-13 17:33:02,186 [9e23e878-9bb3-42b5-8b94-e0e229812e65@group-CF05563D4821-LeaderElection176] INFO  impl.LeaderElection (LeaderElection.java:logAndReturn(206)) - 9e23e878-9bb3-42b5-8b94-e0e229812e65@group-CF05563D4821-LeaderElection176: PRE_VOTE REJECTED received 0 response(s) and 2 exception(s):
2025-09-13 17:33:02,186 [9e23e878-9bb3-42b5-8b94-e0e229812e65@group-CF05563D4821-LeaderElection176] INFO  impl.LeaderElection (LogUtils.java:infoOrTrace(142)) -   Exception 0: java.util.concurrent.ExecutionException: org.apache.ratis.thirdparty.io.grpc.StatusRuntimeException: UNAVAILABLE: io exception
2025-09-13 17:33:02,186 [9e23e878-9bb3-42b5-8b94-e0e229812e65@group-CF05563D4821-LeaderElection176] INFO  impl.LeaderElection (LogUtils.java:infoOrTrace(142)) -   Exception 1: java.util.concurrent.ExecutionException: org.apache.ratis.thirdparty.io.grpc.StatusRuntimeException: UNAVAILABLE: io exception
2025-09-13 17:33:02,186 [9e23e878-9bb3-42b5-8b94-e0e229812e65@group-CF05563D4821-LeaderElection176] INFO  impl.LeaderElection (LeaderElection.java:askForVotes(450)) - 9e23e878-9bb3-42b5-8b94-e0e229812e65@group-CF05563D4821-LeaderElection176 PRE_VOTE round 0: result REJECTED
2025-09-13 17:33:02,186 [9e23e878-9bb3-42b5-8b94-e0e229812e65@group-CF05563D4821-LeaderElection176] INFO  server.RaftServer$Division (RaftServerImpl.java:setRole(392)) - 9e23e878-9bb3-42b5-8b94-e0e229812e65@group-CF05563D4821: changes role from CANDIDATE to FOLLOWER at term 2 for REJECTED
2025-09-13 17:33:02,186 [9e23e878-9bb3-42b5-8b94-e0e229812e65@group-CF05563D4821-LeaderElection176] INFO  impl.RoleInfo (RoleInfo.java:shutdownLeaderElection(141)) - 9e23e878-9bb3-42b5-8b94-e0e229812e65: shutdown 9e23e878-9bb3-42b5-8b94-e0e229812e65@group-CF05563D4821-LeaderElection176
2025-09-13 17:33:02,186 [9e23e878-9bb3-42b5-8b94-e0e229812e65@group-CF05563D4821-LeaderElection176] INFO  impl.RoleInfo (RoleInfo.java:updateAndGet(148)) - 9e23e878-9bb3-42b5-8b94-e0e229812e65: start 9e23e878-9bb3-42b5-8b94-e0e229812e65@group-CF05563D4821-FollowerState
2025-09-13 17:33:02,513 [9e23e878-9bb3-42b5-8b94-e0e229812e65@group-D5D0288CE997-FollowerState] INFO  impl.FollowerState (FollowerState.java:runImpl(161)) - 9e23e878-9bb3-42b5-8b94-e0e229812e65@group-D5D0288CE997-FollowerState: change to CANDIDATE, lastRpcElapsedTime:1182250590ns, electionTimeout:1182ms
2025-09-13 17:33:02,513 [9e23e878-9bb3-42b5-8b94-e0e229812e65@group-D5D0288CE997-FollowerState] INFO  impl.RoleInfo (RoleInfo.java:shutdownFollowerState(121)) - 9e23e878-9bb3-42b5-8b94-e0e229812e65: shutdown 9e23e878-9bb3-42b5-8b94-e0e229812e65@group-D5D0288CE997-FollowerState
2025-09-13 17:33:02,513 [9e23e878-9bb3-42b5-8b94-e0e229812e65@group-D5D0288CE997-FollowerState] INFO  server.RaftServer$Division (RaftServerImpl.java:setRole(392)) - 9e23e878-9bb3-42b5-8b94-e0e229812e65@group-D5D0288CE997: changes role from  FOLLOWER to CANDIDATE at term 1 for changeToCandidate
2025-09-13 17:33:02,513 [9e23e878-9bb3-42b5-8b94-e0e229812e65@group-D5D0288CE997-FollowerState] INFO  impl.RoleInfo (RoleInfo.java:updateAndGet(148)) - 9e23e878-9bb3-42b5-8b94-e0e229812e65: start 9e23e878-9bb3-42b5-8b94-e0e229812e65@group-D5D0288CE997-LeaderElection177
2025-09-13 17:33:02,514 [9e23e878-9bb3-42b5-8b94-e0e229812e65@group-D5D0288CE997-LeaderElection177] INFO  impl.LeaderElection (LeaderElection.java:askForVotes(448)) - 9e23e878-9bb3-42b5-8b94-e0e229812e65@group-D5D0288CE997-LeaderElection177 PRE_VOTE round 0: submit vote requests at term 1 for conf: {index: 0, cur=peers:[9e23e878-9bb3-42b5-8b94-e0e229812e65|127.0.0.1:15023, 13facd30-3950-4310-8b1a-93d004abbbdd|127.0.0.1:15031, 36d876fb-a458-4393-963b-58eeedb8ba95|127.0.0.1:15015]|listeners:[], old=null}
2025-09-13 17:33:02,514 [9e23e878-9bb3-42b5-8b94-e0e229812e65@group-D5D0288CE997-LeaderElection177] INFO  impl.LeaderElection (LogUtils.java:infoOrTrace(142)) - 9e23e878-9bb3-42b5-8b94-e0e229812e65@group-D5D0288CE997-LeaderElection177 got exception when requesting votes: java.util.concurrent.ExecutionException: org.apache.ratis.thirdparty.io.grpc.StatusRuntimeException: UNAVAILABLE: io exception
2025-09-13 17:33:02,514 [9e23e878-9bb3-42b5-8b94-e0e229812e65@group-D5D0288CE997-LeaderElection177] INFO  impl.LeaderElection (LogUtils.java:infoOrTrace(142)) - 9e23e878-9bb3-42b5-8b94-e0e229812e65@group-D5D0288CE997-LeaderElection177 got exception when requesting votes: java.util.concurrent.ExecutionException: org.apache.ratis.thirdparty.io.grpc.StatusRuntimeException: UNAVAILABLE: io exception
2025-09-13 17:33:02,514 [9e23e878-9bb3-42b5-8b94-e0e229812e65@group-D5D0288CE997-LeaderElection177] INFO  impl.LeaderElection (LeaderElection.java:logAndReturn(206)) - 9e23e878-9bb3-42b5-8b94-e0e229812e65@group-D5D0288CE997-LeaderElection177: PRE_VOTE REJECTED received 0 response(s) and 2 exception(s):
2025-09-13 17:33:02,514 [9e23e878-9bb3-42b5-8b94-e0e229812e65@group-D5D0288CE997-LeaderElection177] INFO  impl.LeaderElection (LogUtils.java:infoOrTrace(142)) -   Exception 0: java.util.concurrent.ExecutionException: org.apache.ratis.thirdparty.io.grpc.StatusRuntimeException: UNAVAILABLE: io exception
2025-09-13 17:33:02,514 [9e23e878-9bb3-42b5-8b94-e0e229812e65@group-D5D0288CE997-LeaderElection177] INFO  impl.LeaderElection (LogUtils.java:infoOrTrace(142)) -   Exception 1: java.util.concurrent.ExecutionException: org.apache.ratis.thirdparty.io.grpc.StatusRuntimeException: UNAVAILABLE: io exception
2025-09-13 17:33:02,514 [9e23e878-9bb3-42b5-8b94-e0e229812e65@group-D5D0288CE997-LeaderElection177] INFO  impl.LeaderElection (LeaderElection.java:askForVotes(450)) - 9e23e878-9bb3-42b5-8b94-e0e229812e65@group-D5D0288CE997-LeaderElection177 PRE_VOTE round 0: result REJECTED
2025-09-13 17:33:02,514 [9e23e878-9bb3-42b5-8b94-e0e229812e65@group-D5D0288CE997-LeaderElection177] INFO  server.RaftServer$Division (RaftServerImpl.java:setRole(392)) - 9e23e878-9bb3-42b5-8b94-e0e229812e65@group-D5D0288CE997: changes role from CANDIDATE to FOLLOWER at term 1 for REJECTED
2025-09-13 17:33:02,514 [9e23e878-9bb3-42b5-8b94-e0e229812e65@group-D5D0288CE997-LeaderElection177] INFO  impl.RoleInfo (RoleInfo.java:shutdownLeaderElection(141)) - 9e23e878-9bb3-42b5-8b94-e0e229812e65: shutdown 9e23e878-9bb3-42b5-8b94-e0e229812e65@group-D5D0288CE997-LeaderElection177
2025-09-13 17:33:02,515 [9e23e878-9bb3-42b5-8b94-e0e229812e65@group-D5D0288CE997-LeaderElection177] INFO  impl.RoleInfo (RoleInfo.java:updateAndGet(148)) - 9e23e878-9bb3-42b5-8b94-e0e229812e65: start 9e23e878-9bb3-42b5-8b94-e0e229812e65@group-D5D0288CE997-FollowerState
2025-09-13 17:33:03,255 [9e23e878-9bb3-42b5-8b94-e0e229812e65@group-CF05563D4821-FollowerState] INFO  impl.FollowerState (FollowerState.java:runImpl(161)) - 9e23e878-9bb3-42b5-8b94-e0e229812e65@group-CF05563D4821-FollowerState: change to CANDIDATE, lastRpcElapsedTime:1068312079ns, electionTimeout:1068ms
2025-09-13 17:33:03,255 [9e23e878-9bb3-42b5-8b94-e0e229812e65@group-CF05563D4821-FollowerState] INFO  impl.RoleInfo (RoleInfo.java:shutdownFollowerState(121)) - 9e23e878-9bb3-42b5-8b94-e0e229812e65: shutdown 9e23e878-9bb3-42b5-8b94-e0e229812e65@group-CF05563D4821-FollowerState
2025-09-13 17:33:03,255 [9e23e878-9bb3-42b5-8b94-e0e229812e65@group-CF05563D4821-FollowerState] INFO  server.RaftServer$Division (RaftServerImpl.java:setRole(392)) - 9e23e878-9bb3-42b5-8b94-e0e229812e65@group-CF05563D4821: changes role from  FOLLOWER to CANDIDATE at term 2 for changeToCandidate
2025-09-13 17:33:03,255 [9e23e878-9bb3-42b5-8b94-e0e229812e65@group-CF05563D4821-FollowerState] INFO  impl.RoleInfo (RoleInfo.java:updateAndGet(148)) - 9e23e878-9bb3-42b5-8b94-e0e229812e65: start 9e23e878-9bb3-42b5-8b94-e0e229812e65@group-CF05563D4821-LeaderElection178
2025-09-13 17:33:03,255 [9e23e878-9bb3-42b5-8b94-e0e229812e65@group-CF05563D4821-LeaderElection178] INFO  impl.LeaderElection (LeaderElection.java:askForVotes(448)) - 9e23e878-9bb3-42b5-8b94-e0e229812e65@group-CF05563D4821-LeaderElection178 PRE_VOTE round 0: submit vote requests at term 2 for conf: {index: 1, cur=peers:[9e23e878-9bb3-42b5-8b94-e0e229812e65|127.0.0.1:15023, 13facd30-3950-4310-8b1a-93d004abbbdd|127.0.0.1:15031, 36d876fb-a458-4393-963b-58eeedb8ba95|127.0.0.1:15015]|listeners:[], old=null}
2025-09-13 17:33:03,256 [9e23e878-9bb3-42b5-8b94-e0e229812e65@group-CF05563D4821-LeaderElection178] INFO  impl.LeaderElection (LogUtils.java:infoOrTrace(142)) - 9e23e878-9bb3-42b5-8b94-e0e229812e65@group-CF05563D4821-LeaderElection178 got exception when requesting votes: java.util.concurrent.ExecutionException: org.apache.ratis.thirdparty.io.grpc.StatusRuntimeException: UNAVAILABLE: io exception
2025-09-13 17:33:03,256 [9e23e878-9bb3-42b5-8b94-e0e229812e65@group-CF05563D4821-LeaderElection178] INFO  impl.LeaderElection (LogUtils.java:infoOrTrace(142)) - 9e23e878-9bb3-42b5-8b94-e0e229812e65@group-CF05563D4821-LeaderElection178 got exception when requesting votes: java.util.concurrent.ExecutionException: org.apache.ratis.thirdparty.io.grpc.StatusRuntimeException: UNAVAILABLE: io exception
2025-09-13 17:33:03,256 [9e23e878-9bb3-42b5-8b94-e0e229812e65@group-CF05563D4821-LeaderElection178] INFO  impl.LeaderElection (LeaderElection.java:logAndReturn(206)) - 9e23e878-9bb3-42b5-8b94-e0e229812e65@group-CF05563D4821-LeaderElection178: PRE_VOTE REJECTED received 0 response(s) and 2 exception(s):
2025-09-13 17:33:03,256 [9e23e878-9bb3-42b5-8b94-e0e229812e65@group-CF05563D4821-LeaderElection178] INFO  impl.LeaderElection (LogUtils.java:infoOrTrace(142)) -   Exception 0: java.util.concurrent.ExecutionException: org.apache.ratis.thirdparty.io.grpc.StatusRuntimeException: UNAVAILABLE: io exception
2025-09-13 17:33:03,256 [9e23e878-9bb3-42b5-8b94-e0e229812e65@group-CF05563D4821-LeaderElection178] INFO  impl.LeaderElection (LogUtils.java:infoOrTrace(142)) -   Exception 1: java.util.concurrent.ExecutionException: org.apache.ratis.thirdparty.io.grpc.StatusRuntimeException: UNAVAILABLE: io exception
2025-09-13 17:33:03,256 [9e23e878-9bb3-42b5-8b94-e0e229812e65@group-CF05563D4821-LeaderElection178] INFO  impl.LeaderElection (LeaderElection.java:askForVotes(450)) - 9e23e878-9bb3-42b5-8b94-e0e229812e65@group-CF05563D4821-LeaderElection178 PRE_VOTE round 0: result REJECTED
2025-09-13 17:33:03,256 [9e23e878-9bb3-42b5-8b94-e0e229812e65@group-CF05563D4821-LeaderElection178] INFO  server.RaftServer$Division (RaftServerImpl.java:setRole(392)) - 9e23e878-9bb3-42b5-8b94-e0e229812e65@group-CF05563D4821: changes role from CANDIDATE to FOLLOWER at term 2 for REJECTED
2025-09-13 17:33:03,256 [9e23e878-9bb3-42b5-8b94-e0e229812e65@group-CF05563D4821-LeaderElection178] INFO  impl.RoleInfo (RoleInfo.java:shutdownLeaderElection(141)) - 9e23e878-9bb3-42b5-8b94-e0e229812e65: shutdown 9e23e878-9bb3-42b5-8b94-e0e229812e65@group-CF05563D4821-LeaderElection178
2025-09-13 17:33:03,256 [9e23e878-9bb3-42b5-8b94-e0e229812e65@group-CF05563D4821-LeaderElection178] INFO  impl.RoleInfo (RoleInfo.java:updateAndGet(148)) - 9e23e878-9bb3-42b5-8b94-e0e229812e65: start 9e23e878-9bb3-42b5-8b94-e0e229812e65@group-CF05563D4821-FollowerState
2025-09-13 17:33:03,577 [9e23e878-9bb3-42b5-8b94-e0e229812e65@group-D5D0288CE997-FollowerState] INFO  impl.FollowerState (FollowerState.java:runImpl(161)) - 9e23e878-9bb3-42b5-8b94-e0e229812e65@group-D5D0288CE997-FollowerState: change to CANDIDATE, lastRpcElapsedTime:1062262291ns, electionTimeout:1062ms
2025-09-13 17:33:03,577 [9e23e878-9bb3-42b5-8b94-e0e229812e65@group-D5D0288CE997-FollowerState] INFO  impl.RoleInfo (RoleInfo.java:shutdownFollowerState(121)) - 9e23e878-9bb3-42b5-8b94-e0e229812e65: shutdown 9e23e878-9bb3-42b5-8b94-e0e229812e65@group-D5D0288CE997-FollowerState
2025-09-13 17:33:03,577 [9e23e878-9bb3-42b5-8b94-e0e229812e65@group-D5D0288CE997-FollowerState] INFO  server.RaftServer$Division (RaftServerImpl.java:setRole(392)) - 9e23e878-9bb3-42b5-8b94-e0e229812e65@group-D5D0288CE997: changes role from  FOLLOWER to CANDIDATE at term 1 for changeToCandidate
2025-09-13 17:33:03,577 [9e23e878-9bb3-42b5-8b94-e0e229812e65@group-D5D0288CE997-FollowerState] INFO  impl.RoleInfo (RoleInfo.java:updateAndGet(148)) - 9e23e878-9bb3-42b5-8b94-e0e229812e65: start 9e23e878-9bb3-42b5-8b94-e0e229812e65@group-D5D0288CE997-LeaderElection179
2025-09-13 17:33:03,577 [9e23e878-9bb3-42b5-8b94-e0e229812e65@group-D5D0288CE997-LeaderElection179] INFO  impl.LeaderElection (LeaderElection.java:askForVotes(448)) - 9e23e878-9bb3-42b5-8b94-e0e229812e65@group-D5D0288CE997-LeaderElection179 PRE_VOTE round 0: submit vote requests at term 1 for conf: {index: 0, cur=peers:[9e23e878-9bb3-42b5-8b94-e0e229812e65|127.0.0.1:15023, 13facd30-3950-4310-8b1a-93d004abbbdd|127.0.0.1:15031, 36d876fb-a458-4393-963b-58eeedb8ba95|127.0.0.1:15015]|listeners:[], old=null}
2025-09-13 17:33:03,578 [9e23e878-9bb3-42b5-8b94-e0e229812e65@group-D5D0288CE997-LeaderElection179] INFO  impl.LeaderElection (LogUtils.java:infoOrTrace(142)) - 9e23e878-9bb3-42b5-8b94-e0e229812e65@group-D5D0288CE997-LeaderElection179 got exception when requesting votes: java.util.concurrent.ExecutionException: org.apache.ratis.thirdparty.io.grpc.StatusRuntimeException: UNAVAILABLE: io exception
2025-09-13 17:33:03,578 [9e23e878-9bb3-42b5-8b94-e0e229812e65@group-D5D0288CE997-LeaderElection179] INFO  impl.LeaderElection (LogUtils.java:infoOrTrace(142)) - 9e23e878-9bb3-42b5-8b94-e0e229812e65@group-D5D0288CE997-LeaderElection179 got exception when requesting votes: java.util.concurrent.ExecutionException: org.apache.ratis.thirdparty.io.grpc.StatusRuntimeException: UNAVAILABLE: io exception
2025-09-13 17:33:03,578 [9e23e878-9bb3-42b5-8b94-e0e229812e65@group-D5D0288CE997-LeaderElection179] INFO  impl.LeaderElection (LeaderElection.java:logAndReturn(206)) - 9e23e878-9bb3-42b5-8b94-e0e229812e65@group-D5D0288CE997-LeaderElection179: PRE_VOTE REJECTED received 0 response(s) and 2 exception(s):
2025-09-13 17:33:03,578 [9e23e878-9bb3-42b5-8b94-e0e229812e65@group-D5D0288CE997-LeaderElection179] INFO  impl.LeaderElection (LogUtils.java:infoOrTrace(142)) -   Exception 0: java.util.concurrent.ExecutionException: org.apache.ratis.thirdparty.io.grpc.StatusRuntimeException: UNAVAILABLE: io exception
2025-09-13 17:33:03,578 [9e23e878-9bb3-42b5-8b94-e0e229812e65@group-D5D0288CE997-LeaderElection179] INFO  impl.LeaderElection (LogUtils.java:infoOrTrace(142)) -   Exception 1: java.util.concurrent.ExecutionException: org.apache.ratis.thirdparty.io.grpc.StatusRuntimeException: UNAVAILABLE: io exception
2025-09-13 17:33:03,578 [9e23e878-9bb3-42b5-8b94-e0e229812e65@group-D5D0288CE997-LeaderElection179] INFO  impl.LeaderElection (LeaderElection.java:askForVotes(450)) - 9e23e878-9bb3-42b5-8b94-e0e229812e65@group-D5D0288CE997-LeaderElection179 PRE_VOTE round 0: result REJECTED
2025-09-13 17:33:03,579 [9e23e878-9bb3-42b5-8b94-e0e229812e65@group-D5D0288CE997-LeaderElection179] INFO  server.RaftServer$Division (RaftServerImpl.java:setRole(392)) - 9e23e878-9bb3-42b5-8b94-e0e229812e65@group-D5D0288CE997: changes role from CANDIDATE to FOLLOWER at term 1 for REJECTED
2025-09-13 17:33:03,579 [9e23e878-9bb3-42b5-8b94-e0e229812e65@group-D5D0288CE997-LeaderElection179] INFO  impl.RoleInfo (RoleInfo.java:shutdownLeaderElection(141)) - 9e23e878-9bb3-42b5-8b94-e0e229812e65: shutdown 9e23e878-9bb3-42b5-8b94-e0e229812e65@group-D5D0288CE997-LeaderElection179
2025-09-13 17:33:03,579 [9e23e878-9bb3-42b5-8b94-e0e229812e65@group-D5D0288CE997-LeaderElection179] INFO  impl.RoleInfo (RoleInfo.java:updateAndGet(148)) - 9e23e878-9bb3-42b5-8b94-e0e229812e65: start 9e23e878-9bb3-42b5-8b94-e0e229812e65@group-D5D0288CE997-FollowerState
2025-09-13 17:33:04,268 [9e23e878-9bb3-42b5-8b94-e0e229812e65@group-CF05563D4821-FollowerState] INFO  impl.FollowerState (FollowerState.java:runImpl(161)) - 9e23e878-9bb3-42b5-8b94-e0e229812e65@group-CF05563D4821-FollowerState: change to CANDIDATE, lastRpcElapsedTime:1011390371ns, electionTimeout:1011ms
2025-09-13 17:33:04,268 [9e23e878-9bb3-42b5-8b94-e0e229812e65@group-CF05563D4821-FollowerState] INFO  impl.RoleInfo (RoleInfo.java:shutdownFollowerState(121)) - 9e23e878-9bb3-42b5-8b94-e0e229812e65: shutdown 9e23e878-9bb3-42b5-8b94-e0e229812e65@group-CF05563D4821-FollowerState
2025-09-13 17:33:04,268 [9e23e878-9bb3-42b5-8b94-e0e229812e65@group-CF05563D4821-FollowerState] INFO  server.RaftServer$Division (RaftServerImpl.java:setRole(392)) - 9e23e878-9bb3-42b5-8b94-e0e229812e65@group-CF05563D4821: changes role from  FOLLOWER to CANDIDATE at term 2 for changeToCandidate
2025-09-13 17:33:04,268 [9e23e878-9bb3-42b5-8b94-e0e229812e65@group-CF05563D4821-FollowerState] INFO  impl.RoleInfo (RoleInfo.java:updateAndGet(148)) - 9e23e878-9bb3-42b5-8b94-e0e229812e65: start 9e23e878-9bb3-42b5-8b94-e0e229812e65@group-CF05563D4821-LeaderElection180
2025-09-13 17:33:04,268 [9e23e878-9bb3-42b5-8b94-e0e229812e65@group-CF05563D4821-LeaderElection180] INFO  impl.LeaderElection (LeaderElection.java:askForVotes(448)) - 9e23e878-9bb3-42b5-8b94-e0e229812e65@group-CF05563D4821-LeaderElection180 PRE_VOTE round 0: submit vote requests at term 2 for conf: {index: 1, cur=peers:[9e23e878-9bb3-42b5-8b94-e0e229812e65|127.0.0.1:15023, 13facd30-3950-4310-8b1a-93d004abbbdd|127.0.0.1:15031, 36d876fb-a458-4393-963b-58eeedb8ba95|127.0.0.1:15015]|listeners:[], old=null}
2025-09-13 17:33:04,269 [9e23e878-9bb3-42b5-8b94-e0e229812e65@group-CF05563D4821-LeaderElection180] INFO  impl.LeaderElection (LogUtils.java:infoOrTrace(142)) - 9e23e878-9bb3-42b5-8b94-e0e229812e65@group-CF05563D4821-LeaderElection180 got exception when requesting votes: java.util.concurrent.ExecutionException: org.apache.ratis.thirdparty.io.grpc.StatusRuntimeException: UNAVAILABLE: io exception
2025-09-13 17:33:04,269 [9e23e878-9bb3-42b5-8b94-e0e229812e65@group-CF05563D4821-LeaderElection180] INFO  impl.LeaderElection (LogUtils.java:infoOrTrace(142)) - 9e23e878-9bb3-42b5-8b94-e0e229812e65@group-CF05563D4821-LeaderElection180 got exception when requesting votes: java.util.concurrent.ExecutionException: org.apache.ratis.thirdparty.io.grpc.StatusRuntimeException: UNAVAILABLE: io exception
2025-09-13 17:33:04,269 [9e23e878-9bb3-42b5-8b94-e0e229812e65@group-CF05563D4821-LeaderElection180] INFO  impl.LeaderElection (LeaderElection.java:logAndReturn(206)) - 9e23e878-9bb3-42b5-8b94-e0e229812e65@group-CF05563D4821-LeaderElection180: PRE_VOTE REJECTED received 0 response(s) and 2 exception(s):
2025-09-13 17:33:04,269 [9e23e878-9bb3-42b5-8b94-e0e229812e65@group-CF05563D4821-LeaderElection180] INFO  impl.LeaderElection (LogUtils.java:infoOrTrace(142)) -   Exception 0: java.util.concurrent.ExecutionException: org.apache.ratis.thirdparty.io.grpc.StatusRuntimeException: UNAVAILABLE: io exception
2025-09-13 17:33:04,269 [9e23e878-9bb3-42b5-8b94-e0e229812e65@group-CF05563D4821-LeaderElection180] INFO  impl.LeaderElection (LogUtils.java:infoOrTrace(142)) -   Exception 1: java.util.concurrent.ExecutionException: org.apache.ratis.thirdparty.io.grpc.StatusRuntimeException: UNAVAILABLE: io exception
2025-09-13 17:33:04,269 [9e23e878-9bb3-42b5-8b94-e0e229812e65@group-CF05563D4821-LeaderElection180] INFO  impl.LeaderElection (LeaderElection.java:askForVotes(450)) - 9e23e878-9bb3-42b5-8b94-e0e229812e65@group-CF05563D4821-LeaderElection180 PRE_VOTE round 0: result REJECTED
2025-09-13 17:33:04,269 [9e23e878-9bb3-42b5-8b94-e0e229812e65@group-CF05563D4821-LeaderElection180] INFO  server.RaftServer$Division (RaftServerImpl.java:setRole(392)) - 9e23e878-9bb3-42b5-8b94-e0e229812e65@group-CF05563D4821: changes role from CANDIDATE to FOLLOWER at term 2 for REJECTED
2025-09-13 17:33:04,269 [9e23e878-9bb3-42b5-8b94-e0e229812e65@group-CF05563D4821-LeaderElection180] INFO  impl.RoleInfo (RoleInfo.java:shutdownLeaderElection(141)) - 9e23e878-9bb3-42b5-8b94-e0e229812e65: shutdown 9e23e878-9bb3-42b5-8b94-e0e229812e65@group-CF05563D4821-LeaderElection180
2025-09-13 17:33:04,269 [9e23e878-9bb3-42b5-8b94-e0e229812e65@group-CF05563D4821-LeaderElection180] INFO  impl.RoleInfo (RoleInfo.java:updateAndGet(148)) - 9e23e878-9bb3-42b5-8b94-e0e229812e65: start 9e23e878-9bb3-42b5-8b94-e0e229812e65@group-CF05563D4821-FollowerState
2025-09-13 17:33:04,615 [9e23e878-9bb3-42b5-8b94-e0e229812e65@group-D5D0288CE997-FollowerState] INFO  impl.FollowerState (FollowerState.java:runImpl(161)) - 9e23e878-9bb3-42b5-8b94-e0e229812e65@group-D5D0288CE997-FollowerState: change to CANDIDATE, lastRpcElapsedTime:1036287534ns, electionTimeout:1036ms
2025-09-13 17:33:04,615 [9e23e878-9bb3-42b5-8b94-e0e229812e65@group-D5D0288CE997-FollowerState] INFO  impl.RoleInfo (RoleInfo.java:shutdownFollowerState(121)) - 9e23e878-9bb3-42b5-8b94-e0e229812e65: shutdown 9e23e878-9bb3-42b5-8b94-e0e229812e65@group-D5D0288CE997-FollowerState
2025-09-13 17:33:04,615 [9e23e878-9bb3-42b5-8b94-e0e229812e65@group-D5D0288CE997-FollowerState] INFO  server.RaftServer$Division (RaftServerImpl.java:setRole(392)) - 9e23e878-9bb3-42b5-8b94-e0e229812e65@group-D5D0288CE997: changes role from  FOLLOWER to CANDIDATE at term 1 for changeToCandidate
2025-09-13 17:33:04,615 [9e23e878-9bb3-42b5-8b94-e0e229812e65@group-D5D0288CE997-FollowerState] INFO  impl.RoleInfo (RoleInfo.java:updateAndGet(148)) - 9e23e878-9bb3-42b5-8b94-e0e229812e65: start 9e23e878-9bb3-42b5-8b94-e0e229812e65@group-D5D0288CE997-LeaderElection181
2025-09-13 17:33:04,616 [9e23e878-9bb3-42b5-8b94-e0e229812e65@group-D5D0288CE997-LeaderElection181] INFO  impl.LeaderElection (LeaderElection.java:askForVotes(448)) - 9e23e878-9bb3-42b5-8b94-e0e229812e65@group-D5D0288CE997-LeaderElection181 PRE_VOTE round 0: submit vote requests at term 1 for conf: {index: 0, cur=peers:[9e23e878-9bb3-42b5-8b94-e0e229812e65|127.0.0.1:15023, 13facd30-3950-4310-8b1a-93d004abbbdd|127.0.0.1:15031, 36d876fb-a458-4393-963b-58eeedb8ba95|127.0.0.1:15015]|listeners:[], old=null}
2025-09-13 17:33:04,616 [9e23e878-9bb3-42b5-8b94-e0e229812e65@group-D5D0288CE997-LeaderElection181] INFO  impl.LeaderElection (LogUtils.java:infoOrTrace(142)) - 9e23e878-9bb3-42b5-8b94-e0e229812e65@group-D5D0288CE997-LeaderElection181 got exception when requesting votes: java.util.concurrent.ExecutionException: org.apache.ratis.thirdparty.io.grpc.StatusRuntimeException: UNAVAILABLE: io exception
2025-09-13 17:33:04,616 [9e23e878-9bb3-42b5-8b94-e0e229812e65@group-D5D0288CE997-LeaderElection181] INFO  impl.LeaderElection (LogUtils.java:infoOrTrace(142)) - 9e23e878-9bb3-42b5-8b94-e0e229812e65@group-D5D0288CE997-LeaderElection181 got exception when requesting votes: java.util.concurrent.ExecutionException: org.apache.ratis.thirdparty.io.grpc.StatusRuntimeException: UNAVAILABLE: io exception
2025-09-13 17:33:04,616 [9e23e878-9bb3-42b5-8b94-e0e229812e65@group-D5D0288CE997-LeaderElection181] INFO  impl.LeaderElection (LeaderElection.java:logAndReturn(206)) - 9e23e878-9bb3-42b5-8b94-e0e229812e65@group-D5D0288CE997-LeaderElection181: PRE_VOTE REJECTED received 0 response(s) and 2 exception(s):
2025-09-13 17:33:04,616 [9e23e878-9bb3-42b5-8b94-e0e229812e65@group-D5D0288CE997-LeaderElection181] INFO  impl.LeaderElection (LogUtils.java:infoOrTrace(142)) -   Exception 0: java.util.concurrent.ExecutionException: org.apache.ratis.thirdparty.io.grpc.StatusRuntimeException: UNAVAILABLE: io exception
2025-09-13 17:33:04,616 [9e23e878-9bb3-42b5-8b94-e0e229812e65@group-D5D0288CE997-LeaderElection181] INFO  impl.LeaderElection (LogUtils.java:infoOrTrace(142)) -   Exception 1: java.util.concurrent.ExecutionException: org.apache.ratis.thirdparty.io.grpc.StatusRuntimeException: UNAVAILABLE: io exception
2025-09-13 17:33:04,616 [9e23e878-9bb3-42b5-8b94-e0e229812e65@group-D5D0288CE997-LeaderElection181] INFO  impl.LeaderElection (LeaderElection.java:askForVotes(450)) - 9e23e878-9bb3-42b5-8b94-e0e229812e65@group-D5D0288CE997-LeaderElection181 PRE_VOTE round 0: result REJECTED
2025-09-13 17:33:04,616 [9e23e878-9bb3-42b5-8b94-e0e229812e65@group-D5D0288CE997-LeaderElection181] INFO  server.RaftServer$Division (RaftServerImpl.java:setRole(392)) - 9e23e878-9bb3-42b5-8b94-e0e229812e65@group-D5D0288CE997: changes role from CANDIDATE to FOLLOWER at term 1 for REJECTED
2025-09-13 17:33:04,616 [9e23e878-9bb3-42b5-8b94-e0e229812e65@group-D5D0288CE997-LeaderElection181] INFO  impl.RoleInfo (RoleInfo.java:shutdownLeaderElection(141)) - 9e23e878-9bb3-42b5-8b94-e0e229812e65: shutdown 9e23e878-9bb3-42b5-8b94-e0e229812e65@group-D5D0288CE997-LeaderElection181
2025-09-13 17:33:04,616 [9e23e878-9bb3-42b5-8b94-e0e229812e65@group-D5D0288CE997-LeaderElection181] INFO  impl.RoleInfo (RoleInfo.java:updateAndGet(148)) - 9e23e878-9bb3-42b5-8b94-e0e229812e65: start 9e23e878-9bb3-42b5-8b94-e0e229812e65@group-D5D0288CE997-FollowerState
2025-09-13 17:33:04,878 [timer3] ERROR impl.OrderedAsync (OrderedAsync.java:lambda$null$6(215)) -  (Repeated 2 times in the last 5.001s) client-2ECFBEF5EF78: Failed* RaftClientRequest:client-2ECFBEF5EF78->13facd30-3950-4310-8b1a-93d004abbbdd@group-D5D0288CE997, cid=47, seq=10*, RW, cmdType: WriteChunk
traceID: ""
containerID: 3
datanodeUuid: "13facd30-3950-4310-8b1a-93d004abbbdd"
writeChunk {
  blockID {
    containerID: 3
    localID: 115816896921600006
    blockCommitSequenceId: 0
    replicaIndex: 0
  }
  chunkData {
    chunkName: "115816896921600006_chunk_1"
    offset: 0
    len: 524288
    checksumData {
      type: CRC32
      bytesPerChecksum: 16384
      checksums: "\326\360U\321"
      checksums: "\326\360U\321"
      checksums: "\326\360U\321"
      checksums: "\326\360U\321"
      checksums: "\326\360U\321"
      checksums: "\326\360U\321"
      checksums: "\326\360U\321"
      checksums: "\326\360U\321"
      checksums: "\326\360U\321"
      checksums: "\326\360U\321"
      checksums: "\326\360U\321"
      checksums: "\326\360U\321"
      checksums: "\326\360U\321"
      checksums: "\326\360U\321"
      checksums: "\326\360U\321"
      checksums: "\326\360U\321"
      checksums: "\326\360U\321"
      checksums: "\326\360U\321"
      checksums: "\326\360U\321"
      checksums: "\326\360U\321"
      checksums: "\326\360U\321"
      checksums: "\326\360U\321"
      checksums: "\326\360U\321"
      checksums: "\326\360U\321"
      checksums: "\326\360U\321"
      checksums: "\326\360U\321"
      checksums: "\326\360U\321"
      checksums: "\326\360U\321"
      checksums: "\326\360U\321"
      checksums: "\326\360U\321"
      checksums: "\326\360U\321"
      checksums: "\277r/p"
    }
  }
}
version: 3
, data.size=524288
java.util.concurrent.CompletionException: java.io.IOException: org.apache.ratis.thirdparty.io.grpc.StatusRuntimeException: UNAVAILABLE: io exception
	at java.base/java.util.concurrent.CompletableFuture.encodeThrowable(CompletableFuture.java:332)
	at java.base/java.util.concurrent.CompletableFuture.completeThrowable(CompletableFuture.java:347)
	at java.base/java.util.concurrent.CompletableFuture$UniAccept.tryFire(CompletableFuture.java:708)
	at java.base/java.util.concurrent.CompletableFuture.postComplete(CompletableFuture.java:510)
	at java.base/java.util.concurrent.CompletableFuture.completeExceptionally(CompletableFuture.java:2194)
	at org.apache.ratis.grpc.client.GrpcClientProtocolClient$AsyncStreamObservers.completeReplyExceptionally(GrpcClientProtocolClient.java:397)
	at org.apache.ratis.grpc.client.GrpcClientProtocolClient$AsyncStreamObservers.access$000(GrpcClientProtocolClient.java:303)
	at org.apache.ratis.grpc.client.GrpcClientProtocolClient$AsyncStreamObservers$1.onError(GrpcClientProtocolClient.java:334)
	at org.apache.ratis.thirdparty.io.grpc.stub.ClientCalls$StreamObserverToCallListenerAdapter.onClose(ClientCalls.java:564)
	at org.apache.ratis.thirdparty.io.grpc.PartialForwardingClientCallListener.onClose(PartialForwardingClientCallListener.java:39)
	at org.apache.ratis.thirdparty.io.grpc.ForwardingClientCallListener.onClose(ForwardingClientCallListener.java:23)
	at org.apache.ratis.grpc.metrics.intercept.client.MetricClientCallListener.onClose(MetricClientCallListener.java:47)
	at org.apache.ratis.thirdparty.io.grpc.internal.DelayedClientCall$DelayedListener$3.run(DelayedClientCall.java:489)
	at org.apache.ratis.thirdparty.io.grpc.internal.DelayedClientCall$DelayedListener.delayOrExecute(DelayedClientCall.java:453)
	at org.apache.ratis.thirdparty.io.grpc.internal.DelayedClientCall$DelayedListener.onClose(DelayedClientCall.java:486)
	at org.apache.ratis.thirdparty.io.grpc.internal.ClientCallImpl.closeObserver(ClientCallImpl.java:565)
	at org.apache.ratis.thirdparty.io.grpc.internal.ClientCallImpl.access$100(ClientCallImpl.java:72)
	at org.apache.ratis.thirdparty.io.grpc.internal.ClientCallImpl$ClientStreamListenerImpl$1StreamClosed.runInternal(ClientCallImpl.java:733)
	at org.apache.ratis.thirdparty.io.grpc.internal.ClientCallImpl$ClientStreamListenerImpl$1StreamClosed.runInContext(ClientCallImpl.java:714)
	at org.apache.ratis.thirdparty.io.grpc.internal.ContextRunnable.run(ContextRunnable.java:37)
	at org.apache.ratis.thirdparty.io.grpc.internal.SerializingExecutor.run(SerializingExecutor.java:133)
	at java.base/java.util.concurrent.ThreadPoolExecutor.runWorker(ThreadPoolExecutor.java:1144)
	at java.base/java.util.concurrent.ThreadPoolExecutor$Worker.run(ThreadPoolExecutor.java:642)
	at java.base/java.lang.Thread.run(Thread.java:1583)
Caused by: java.io.IOException: org.apache.ratis.thirdparty.io.grpc.StatusRuntimeException: UNAVAILABLE: io exception
	at org.apache.ratis.grpc.GrpcUtil.unwrapException(GrpcUtil.java:99)
	at org.apache.ratis.grpc.GrpcUtil.unwrapIOException(GrpcUtil.java:159)
	at org.apache.ratis.grpc.client.GrpcClientProtocolClient$AsyncStreamObservers$1.onError(GrpcClientProtocolClient.java:333)
	... 16 more
Caused by: org.apache.ratis.thirdparty.io.grpc.StatusRuntimeException: UNAVAILABLE: io exception
	at org.apache.ratis.thirdparty.io.grpc.Status.asRuntimeException(Status.java:532)
	... 16 more
Caused by: org.apache.ratis.thirdparty.io.netty.channel.AbstractChannel$AnnotatedConnectException: finishConnect(..) failed: Connection refused: /127.0.0.1:15029
Caused by: java.net.ConnectException: finishConnect(..) failed: Connection refused
	at org.apache.ratis.thirdparty.io.netty.channel.unix.Errors.newConnectException0(Errors.java:166)
	at org.apache.ratis.thirdparty.io.netty.channel.unix.Errors.handleConnectErrno(Errors.java:131)
	at org.apache.ratis.thirdparty.io.netty.channel.unix.Socket.finishConnect(Socket.java:359)
	at org.apache.ratis.thirdparty.io.netty.channel.epoll.AbstractEpollChannel$AbstractEpollUnsafe.doFinishConnect(AbstractEpollChannel.java:715)
	at org.apache.ratis.thirdparty.io.netty.channel.epoll.AbstractEpollChannel$AbstractEpollUnsafe.finishConnect(AbstractEpollChannel.java:692)
	at org.apache.ratis.thirdparty.io.netty.channel.epoll.AbstractEpollChannel$AbstractEpollUnsafe.epollOutReady(AbstractEpollChannel.java:567)
	at org.apache.ratis.thirdparty.io.netty.channel.epoll.EpollEventLoop.processReady(EpollEventLoop.java:491)
	at org.apache.ratis.thirdparty.io.netty.channel.epoll.EpollEventLoop.run(EpollEventLoop.java:399)
	at org.apache.ratis.thirdparty.io.netty.util.concurrent.SingleThreadEventExecutor$4.run(SingleThreadEventExecutor.java:998)
	at org.apache.ratis.thirdparty.io.netty.util.internal.ThreadExecutorMap$2.run(ThreadExecutorMap.java:74)
	at org.apache.ratis.thirdparty.io.netty.util.concurrent.FastThreadLocalRunnable.run(FastThreadLocalRunnable.java:30)
	at java.base/java.lang.Thread.run(Thread.java:1583)
2025-09-13 17:33:05,359 [9e23e878-9bb3-42b5-8b94-e0e229812e65@group-CF05563D4821-FollowerState] INFO  impl.FollowerState (FollowerState.java:runImpl(161)) - 9e23e878-9bb3-42b5-8b94-e0e229812e65@group-CF05563D4821-FollowerState: change to CANDIDATE, lastRpcElapsedTime:1090284207ns, electionTimeout:1090ms
2025-09-13 17:33:05,360 [9e23e878-9bb3-42b5-8b94-e0e229812e65@group-CF05563D4821-FollowerState] INFO  impl.RoleInfo (RoleInfo.java:shutdownFollowerState(121)) - 9e23e878-9bb3-42b5-8b94-e0e229812e65: shutdown 9e23e878-9bb3-42b5-8b94-e0e229812e65@group-CF05563D4821-FollowerState
2025-09-13 17:33:05,360 [9e23e878-9bb3-42b5-8b94-e0e229812e65@group-CF05563D4821-FollowerState] INFO  server.RaftServer$Division (RaftServerImpl.java:setRole(392)) - 9e23e878-9bb3-42b5-8b94-e0e229812e65@group-CF05563D4821: changes role from  FOLLOWER to CANDIDATE at term 2 for changeToCandidate
2025-09-13 17:33:05,360 [9e23e878-9bb3-42b5-8b94-e0e229812e65@group-CF05563D4821-FollowerState] INFO  impl.RoleInfo (RoleInfo.java:updateAndGet(148)) - 9e23e878-9bb3-42b5-8b94-e0e229812e65: start 9e23e878-9bb3-42b5-8b94-e0e229812e65@group-CF05563D4821-LeaderElection182
2025-09-13 17:33:05,360 [9e23e878-9bb3-42b5-8b94-e0e229812e65@group-CF05563D4821-LeaderElection182] INFO  impl.LeaderElection (LeaderElection.java:askForVotes(448)) - 9e23e878-9bb3-42b5-8b94-e0e229812e65@group-CF05563D4821-LeaderElection182 PRE_VOTE round 0: submit vote requests at term 2 for conf: {index: 1, cur=peers:[9e23e878-9bb3-42b5-8b94-e0e229812e65|127.0.0.1:15023, 13facd30-3950-4310-8b1a-93d004abbbdd|127.0.0.1:15031, 36d876fb-a458-4393-963b-58eeedb8ba95|127.0.0.1:15015]|listeners:[], old=null}
2025-09-13 17:33:05,361 [9e23e878-9bb3-42b5-8b94-e0e229812e65@group-CF05563D4821-LeaderElection182] INFO  impl.LeaderElection (LogUtils.java:infoOrTrace(142)) - 9e23e878-9bb3-42b5-8b94-e0e229812e65@group-CF05563D4821-LeaderElection182 got exception when requesting votes: java.util.concurrent.ExecutionException: org.apache.ratis.thirdparty.io.grpc.StatusRuntimeException: UNAVAILABLE: io exception
2025-09-13 17:33:05,361 [9e23e878-9bb3-42b5-8b94-e0e229812e65@group-CF05563D4821-LeaderElection182] INFO  impl.LeaderElection (LogUtils.java:infoOrTrace(142)) - 9e23e878-9bb3-42b5-8b94-e0e229812e65@group-CF05563D4821-LeaderElection182 got exception when requesting votes: java.util.concurrent.ExecutionException: org.apache.ratis.thirdparty.io.grpc.StatusRuntimeException: UNAVAILABLE: io exception
2025-09-13 17:33:05,361 [9e23e878-9bb3-42b5-8b94-e0e229812e65@group-CF05563D4821-LeaderElection182] INFO  impl.LeaderElection (LeaderElection.java:logAndReturn(206)) - 9e23e878-9bb3-42b5-8b94-e0e229812e65@group-CF05563D4821-LeaderElection182: PRE_VOTE REJECTED received 0 response(s) and 2 exception(s):
2025-09-13 17:33:05,361 [9e23e878-9bb3-42b5-8b94-e0e229812e65@group-CF05563D4821-LeaderElection182] INFO  impl.LeaderElection (LogUtils.java:infoOrTrace(142)) -   Exception 0: java.util.concurrent.ExecutionException: org.apache.ratis.thirdparty.io.grpc.StatusRuntimeException: UNAVAILABLE: io exception
2025-09-13 17:33:05,361 [9e23e878-9bb3-42b5-8b94-e0e229812e65@group-CF05563D4821-LeaderElection182] INFO  impl.LeaderElection (LogUtils.java:infoOrTrace(142)) -   Exception 1: java.util.concurrent.ExecutionException: org.apache.ratis.thirdparty.io.grpc.StatusRuntimeException: UNAVAILABLE: io exception
2025-09-13 17:33:05,361 [9e23e878-9bb3-42b5-8b94-e0e229812e65@group-CF05563D4821-LeaderElection182] INFO  impl.LeaderElection (LeaderElection.java:askForVotes(450)) - 9e23e878-9bb3-42b5-8b94-e0e229812e65@group-CF05563D4821-LeaderElection182 PRE_VOTE round 0: result REJECTED
2025-09-13 17:33:05,361 [9e23e878-9bb3-42b5-8b94-e0e229812e65@group-CF05563D4821-LeaderElection182] INFO  server.RaftServer$Division (RaftServerImpl.java:setRole(392)) - 9e23e878-9bb3-42b5-8b94-e0e229812e65@group-CF05563D4821: changes role from CANDIDATE to FOLLOWER at term 2 for REJECTED
2025-09-13 17:33:05,361 [9e23e878-9bb3-42b5-8b94-e0e229812e65@group-CF05563D4821-LeaderElection182] INFO  impl.RoleInfo (RoleInfo.java:shutdownLeaderElection(141)) - 9e23e878-9bb3-42b5-8b94-e0e229812e65: shutdown 9e23e878-9bb3-42b5-8b94-e0e229812e65@group-CF05563D4821-LeaderElection182
2025-09-13 17:33:05,361 [9e23e878-9bb3-42b5-8b94-e0e229812e65@group-CF05563D4821-LeaderElection182] INFO  impl.RoleInfo (RoleInfo.java:updateAndGet(148)) - 9e23e878-9bb3-42b5-8b94-e0e229812e65: start 9e23e878-9bb3-42b5-8b94-e0e229812e65@group-CF05563D4821-FollowerState
2025-09-13 17:33:05,639 [9e23e878-9bb3-42b5-8b94-e0e229812e65@group-D5D0288CE997-FollowerState] INFO  impl.FollowerState (FollowerState.java:runImpl(161)) - 9e23e878-9bb3-42b5-8b94-e0e229812e65@group-D5D0288CE997-FollowerState: change to CANDIDATE, lastRpcElapsedTime:1022286141ns, electionTimeout:1022ms
2025-09-13 17:33:05,639 [9e23e878-9bb3-42b5-8b94-e0e229812e65@group-D5D0288CE997-FollowerState] INFO  impl.RoleInfo (RoleInfo.java:shutdownFollowerState(121)) - 9e23e878-9bb3-42b5-8b94-e0e229812e65: shutdown 9e23e878-9bb3-42b5-8b94-e0e229812e65@group-D5D0288CE997-FollowerState
2025-09-13 17:33:05,639 [9e23e878-9bb3-42b5-8b94-e0e229812e65@group-D5D0288CE997-FollowerState] INFO  server.RaftServer$Division (RaftServerImpl.java:setRole(392)) - 9e23e878-9bb3-42b5-8b94-e0e229812e65@group-D5D0288CE997: changes role from  FOLLOWER to CANDIDATE at term 1 for changeToCandidate
2025-09-13 17:33:05,639 [9e23e878-9bb3-42b5-8b94-e0e229812e65@group-D5D0288CE997-FollowerState] INFO  impl.RoleInfo (RoleInfo.java:updateAndGet(148)) - 9e23e878-9bb3-42b5-8b94-e0e229812e65: start 9e23e878-9bb3-42b5-8b94-e0e229812e65@group-D5D0288CE997-LeaderElection183
2025-09-13 17:33:05,639 [9e23e878-9bb3-42b5-8b94-e0e229812e65@group-D5D0288CE997-LeaderElection183] INFO  impl.LeaderElection (LeaderElection.java:askForVotes(448)) - 9e23e878-9bb3-42b5-8b94-e0e229812e65@group-D5D0288CE997-LeaderElection183 PRE_VOTE round 0: submit vote requests at term 1 for conf: {index: 0, cur=peers:[9e23e878-9bb3-42b5-8b94-e0e229812e65|127.0.0.1:15023, 13facd30-3950-4310-8b1a-93d004abbbdd|127.0.0.1:15031, 36d876fb-a458-4393-963b-58eeedb8ba95|127.0.0.1:15015]|listeners:[], old=null}
2025-09-13 17:33:05,640 [9e23e878-9bb3-42b5-8b94-e0e229812e65@group-D5D0288CE997-LeaderElection183] INFO  impl.LeaderElection (LogUtils.java:infoOrTrace(142)) - 9e23e878-9bb3-42b5-8b94-e0e229812e65@group-D5D0288CE997-LeaderElection183 got exception when requesting votes: java.util.concurrent.ExecutionException: org.apache.ratis.thirdparty.io.grpc.StatusRuntimeException: UNAVAILABLE: io exception
2025-09-13 17:33:05,640 [9e23e878-9bb3-42b5-8b94-e0e229812e65@group-D5D0288CE997-LeaderElection183] INFO  impl.LeaderElection (LogUtils.java:infoOrTrace(142)) - 9e23e878-9bb3-42b5-8b94-e0e229812e65@group-D5D0288CE997-LeaderElection183 got exception when requesting votes: java.util.concurrent.ExecutionException: org.apache.ratis.thirdparty.io.grpc.StatusRuntimeException: UNAVAILABLE: io exception
2025-09-13 17:33:05,640 [9e23e878-9bb3-42b5-8b94-e0e229812e65@group-D5D0288CE997-LeaderElection183] INFO  impl.LeaderElection (LeaderElection.java:logAndReturn(206)) - 9e23e878-9bb3-42b5-8b94-e0e229812e65@group-D5D0288CE997-LeaderElection183: PRE_VOTE REJECTED received 0 response(s) and 2 exception(s):
2025-09-13 17:33:05,640 [9e23e878-9bb3-42b5-8b94-e0e229812e65@group-D5D0288CE997-LeaderElection183] INFO  impl.LeaderElection (LogUtils.java:infoOrTrace(142)) -   Exception 0: java.util.concurrent.ExecutionException: org.apache.ratis.thirdparty.io.grpc.StatusRuntimeException: UNAVAILABLE: io exception
2025-09-13 17:33:05,640 [9e23e878-9bb3-42b5-8b94-e0e229812e65@group-D5D0288CE997-LeaderElection183] INFO  impl.LeaderElection (LogUtils.java:infoOrTrace(142)) -   Exception 1: java.util.concurrent.ExecutionException: org.apache.ratis.thirdparty.io.grpc.StatusRuntimeException: UNAVAILABLE: io exception
2025-09-13 17:33:05,640 [9e23e878-9bb3-42b5-8b94-e0e229812e65@group-D5D0288CE997-LeaderElection183] INFO  impl.LeaderElection (LeaderElection.java:askForVotes(450)) - 9e23e878-9bb3-42b5-8b94-e0e229812e65@group-D5D0288CE997-LeaderElection183 PRE_VOTE round 0: result REJECTED
2025-09-13 17:33:05,640 [9e23e878-9bb3-42b5-8b94-e0e229812e65@group-D5D0288CE997-LeaderElection183] INFO  server.RaftServer$Division (RaftServerImpl.java:setRole(392)) - 9e23e878-9bb3-42b5-8b94-e0e229812e65@group-D5D0288CE997: changes role from CANDIDATE to FOLLOWER at term 1 for REJECTED
2025-09-13 17:33:05,640 [9e23e878-9bb3-42b5-8b94-e0e229812e65@group-D5D0288CE997-LeaderElection183] INFO  impl.RoleInfo (RoleInfo.java:shutdownLeaderElection(141)) - 9e23e878-9bb3-42b5-8b94-e0e229812e65: shutdown 9e23e878-9bb3-42b5-8b94-e0e229812e65@group-D5D0288CE997-LeaderElection183
2025-09-13 17:33:05,640 [9e23e878-9bb3-42b5-8b94-e0e229812e65@group-D5D0288CE997-LeaderElection183] INFO  impl.RoleInfo (RoleInfo.java:updateAndGet(148)) - 9e23e878-9bb3-42b5-8b94-e0e229812e65: start 9e23e878-9bb3-42b5-8b94-e0e229812e65@group-D5D0288CE997-FollowerState
2025-09-13 17:33:06,493 [9e23e878-9bb3-42b5-8b94-e0e229812e65@group-CF05563D4821-FollowerState] INFO  impl.FollowerState (FollowerState.java:runImpl(161)) - 9e23e878-9bb3-42b5-8b94-e0e229812e65@group-CF05563D4821-FollowerState: change to CANDIDATE, lastRpcElapsedTime:1132280113ns, electionTimeout:1132ms
2025-09-13 17:33:06,493 [9e23e878-9bb3-42b5-8b94-e0e229812e65@group-CF05563D4821-FollowerState] INFO  impl.RoleInfo (RoleInfo.java:shutdownFollowerState(121)) - 9e23e878-9bb3-42b5-8b94-e0e229812e65: shutdown 9e23e878-9bb3-42b5-8b94-e0e229812e65@group-CF05563D4821-FollowerState
2025-09-13 17:33:06,493 [9e23e878-9bb3-42b5-8b94-e0e229812e65@group-CF05563D4821-FollowerState] INFO  server.RaftServer$Division (RaftServerImpl.java:setRole(392)) - 9e23e878-9bb3-42b5-8b94-e0e229812e65@group-CF05563D4821: changes role from  FOLLOWER to CANDIDATE at term 2 for changeToCandidate
2025-09-13 17:33:06,493 [9e23e878-9bb3-42b5-8b94-e0e229812e65@group-CF05563D4821-FollowerState] INFO  impl.RoleInfo (RoleInfo.java:updateAndGet(148)) - 9e23e878-9bb3-42b5-8b94-e0e229812e65: start 9e23e878-9bb3-42b5-8b94-e0e229812e65@group-CF05563D4821-LeaderElection184
2025-09-13 17:33:06,494 [9e23e878-9bb3-42b5-8b94-e0e229812e65@group-CF05563D4821-LeaderElection184] INFO  impl.LeaderElection (LeaderElection.java:askForVotes(448)) - 9e23e878-9bb3-42b5-8b94-e0e229812e65@group-CF05563D4821-LeaderElection184 PRE_VOTE round 0: submit vote requests at term 2 for conf: {index: 1, cur=peers:[9e23e878-9bb3-42b5-8b94-e0e229812e65|127.0.0.1:15023, 13facd30-3950-4310-8b1a-93d004abbbdd|127.0.0.1:15031, 36d876fb-a458-4393-963b-58eeedb8ba95|127.0.0.1:15015]|listeners:[], old=null}
2025-09-13 17:33:06,494 [9e23e878-9bb3-42b5-8b94-e0e229812e65@group-CF05563D4821-LeaderElection184] INFO  impl.LeaderElection (LogUtils.java:infoOrTrace(142)) - 9e23e878-9bb3-42b5-8b94-e0e229812e65@group-CF05563D4821-LeaderElection184 got exception when requesting votes: java.util.concurrent.ExecutionException: org.apache.ratis.thirdparty.io.grpc.StatusRuntimeException: UNAVAILABLE: io exception
2025-09-13 17:33:06,494 [9e23e878-9bb3-42b5-8b94-e0e229812e65@group-CF05563D4821-LeaderElection184] INFO  impl.LeaderElection (LogUtils.java:infoOrTrace(142)) - 9e23e878-9bb3-42b5-8b94-e0e229812e65@group-CF05563D4821-LeaderElection184 got exception when requesting votes: java.util.concurrent.ExecutionException: org.apache.ratis.thirdparty.io.grpc.StatusRuntimeException: UNAVAILABLE: io exception
2025-09-13 17:33:06,494 [9e23e878-9bb3-42b5-8b94-e0e229812e65@group-CF05563D4821-LeaderElection184] INFO  impl.LeaderElection (LeaderElection.java:logAndReturn(206)) - 9e23e878-9bb3-42b5-8b94-e0e229812e65@group-CF05563D4821-LeaderElection184: PRE_VOTE REJECTED received 0 response(s) and 2 exception(s):
2025-09-13 17:33:06,494 [9e23e878-9bb3-42b5-8b94-e0e229812e65@group-CF05563D4821-LeaderElection184] INFO  impl.LeaderElection (LogUtils.java:infoOrTrace(142)) -   Exception 0: java.util.concurrent.ExecutionException: org.apache.ratis.thirdparty.io.grpc.StatusRuntimeException: UNAVAILABLE: io exception
2025-09-13 17:33:06,494 [9e23e878-9bb3-42b5-8b94-e0e229812e65@group-CF05563D4821-LeaderElection184] INFO  impl.LeaderElection (LogUtils.java:infoOrTrace(142)) -   Exception 1: java.util.concurrent.ExecutionException: org.apache.ratis.thirdparty.io.grpc.StatusRuntimeException: UNAVAILABLE: io exception
2025-09-13 17:33:06,494 [9e23e878-9bb3-42b5-8b94-e0e229812e65@group-CF05563D4821-LeaderElection184] INFO  impl.LeaderElection (LeaderElection.java:askForVotes(450)) - 9e23e878-9bb3-42b5-8b94-e0e229812e65@group-CF05563D4821-LeaderElection184 PRE_VOTE round 0: result REJECTED
2025-09-13 17:33:06,495 [9e23e878-9bb3-42b5-8b94-e0e229812e65@group-CF05563D4821-LeaderElection184] INFO  server.RaftServer$Division (RaftServerImpl.java:setRole(392)) - 9e23e878-9bb3-42b5-8b94-e0e229812e65@group-CF05563D4821: changes role from CANDIDATE to FOLLOWER at term 2 for REJECTED
2025-09-13 17:33:06,495 [9e23e878-9bb3-42b5-8b94-e0e229812e65@group-CF05563D4821-LeaderElection184] INFO  impl.RoleInfo (RoleInfo.java:shutdownLeaderElection(141)) - 9e23e878-9bb3-42b5-8b94-e0e229812e65: shutdown 9e23e878-9bb3-42b5-8b94-e0e229812e65@group-CF05563D4821-LeaderElection184
2025-09-13 17:33:06,495 [9e23e878-9bb3-42b5-8b94-e0e229812e65@group-CF05563D4821-LeaderElection184] INFO  impl.RoleInfo (RoleInfo.java:updateAndGet(148)) - 9e23e878-9bb3-42b5-8b94-e0e229812e65: start 9e23e878-9bb3-42b5-8b94-e0e229812e65@group-CF05563D4821-FollowerState
2025-09-13 17:33:06,651 [9e23e878-9bb3-42b5-8b94-e0e229812e65@group-D5D0288CE997-FollowerState] INFO  impl.FollowerState (FollowerState.java:runImpl(161)) - 9e23e878-9bb3-42b5-8b94-e0e229812e65@group-D5D0288CE997-FollowerState: change to CANDIDATE, lastRpcElapsedTime:1011296412ns, electionTimeout:1011ms
2025-09-13 17:33:06,652 [9e23e878-9bb3-42b5-8b94-e0e229812e65@group-D5D0288CE997-FollowerState] INFO  impl.RoleInfo (RoleInfo.java:shutdownFollowerState(121)) - 9e23e878-9bb3-42b5-8b94-e0e229812e65: shutdown 9e23e878-9bb3-42b5-8b94-e0e229812e65@group-D5D0288CE997-FollowerState
2025-09-13 17:33:06,652 [9e23e878-9bb3-42b5-8b94-e0e229812e65@group-D5D0288CE997-FollowerState] INFO  server.RaftServer$Division (RaftServerImpl.java:setRole(392)) - 9e23e878-9bb3-42b5-8b94-e0e229812e65@group-D5D0288CE997: changes role from  FOLLOWER to CANDIDATE at term 1 for changeToCandidate
2025-09-13 17:33:06,652 [9e23e878-9bb3-42b5-8b94-e0e229812e65@group-D5D0288CE997-FollowerState] INFO  impl.RoleInfo (RoleInfo.java:updateAndGet(148)) - 9e23e878-9bb3-42b5-8b94-e0e229812e65: start 9e23e878-9bb3-42b5-8b94-e0e229812e65@group-D5D0288CE997-LeaderElection185
2025-09-13 17:33:06,652 [9e23e878-9bb3-42b5-8b94-e0e229812e65@group-D5D0288CE997-LeaderElection185] INFO  impl.LeaderElection (LeaderElection.java:askForVotes(448)) - 9e23e878-9bb3-42b5-8b94-e0e229812e65@group-D5D0288CE997-LeaderElection185 PRE_VOTE round 0: submit vote requests at term 1 for conf: {index: 0, cur=peers:[9e23e878-9bb3-42b5-8b94-e0e229812e65|127.0.0.1:15023, 13facd30-3950-4310-8b1a-93d004abbbdd|127.0.0.1:15031, 36d876fb-a458-4393-963b-58eeedb8ba95|127.0.0.1:15015]|listeners:[], old=null}
2025-09-13 17:33:06,652 [9e23e878-9bb3-42b5-8b94-e0e229812e65@group-D5D0288CE997-LeaderElection185] INFO  impl.LeaderElection (LogUtils.java:infoOrTrace(142)) - 9e23e878-9bb3-42b5-8b94-e0e229812e65@group-D5D0288CE997-LeaderElection185 got exception when requesting votes: java.util.concurrent.ExecutionException: org.apache.ratis.thirdparty.io.grpc.StatusRuntimeException: UNAVAILABLE: io exception
2025-09-13 17:33:06,653 [9e23e878-9bb3-42b5-8b94-e0e229812e65@group-D5D0288CE997-LeaderElection185] INFO  impl.LeaderElection (LogUtils.java:infoOrTrace(142)) - 9e23e878-9bb3-42b5-8b94-e0e229812e65@group-D5D0288CE997-LeaderElection185 got exception when requesting votes: java.util.concurrent.ExecutionException: org.apache.ratis.thirdparty.io.grpc.StatusRuntimeException: UNAVAILABLE: io exception
2025-09-13 17:33:06,653 [9e23e878-9bb3-42b5-8b94-e0e229812e65@group-D5D0288CE997-LeaderElection185] INFO  impl.LeaderElection (LeaderElection.java:logAndReturn(206)) - 9e23e878-9bb3-42b5-8b94-e0e229812e65@group-D5D0288CE997-LeaderElection185: PRE_VOTE REJECTED received 0 response(s) and 2 exception(s):
2025-09-13 17:33:06,653 [9e23e878-9bb3-42b5-8b94-e0e229812e65@group-D5D0288CE997-LeaderElection185] INFO  impl.LeaderElection (LogUtils.java:infoOrTrace(142)) -   Exception 0: java.util.concurrent.ExecutionException: org.apache.ratis.thirdparty.io.grpc.StatusRuntimeException: UNAVAILABLE: io exception
2025-09-13 17:33:06,653 [9e23e878-9bb3-42b5-8b94-e0e229812e65@group-D5D0288CE997-LeaderElection185] INFO  impl.LeaderElection (LogUtils.java:infoOrTrace(142)) -   Exception 1: java.util.concurrent.ExecutionException: org.apache.ratis.thirdparty.io.grpc.StatusRuntimeException: UNAVAILABLE: io exception
2025-09-13 17:33:06,653 [9e23e878-9bb3-42b5-8b94-e0e229812e65@group-D5D0288CE997-LeaderElection185] INFO  impl.LeaderElection (LeaderElection.java:askForVotes(450)) - 9e23e878-9bb3-42b5-8b94-e0e229812e65@group-D5D0288CE997-LeaderElection185 PRE_VOTE round 0: result REJECTED
2025-09-13 17:33:06,653 [9e23e878-9bb3-42b5-8b94-e0e229812e65@group-D5D0288CE997-LeaderElection185] INFO  server.RaftServer$Division (RaftServerImpl.java:setRole(392)) - 9e23e878-9bb3-42b5-8b94-e0e229812e65@group-D5D0288CE997: changes role from CANDIDATE to FOLLOWER at term 1 for REJECTED
2025-09-13 17:33:06,653 [9e23e878-9bb3-42b5-8b94-e0e229812e65@group-D5D0288CE997-LeaderElection185] INFO  impl.RoleInfo (RoleInfo.java:shutdownLeaderElection(141)) - 9e23e878-9bb3-42b5-8b94-e0e229812e65: shutdown 9e23e878-9bb3-42b5-8b94-e0e229812e65@group-D5D0288CE997-LeaderElection185
2025-09-13 17:33:06,653 [9e23e878-9bb3-42b5-8b94-e0e229812e65@group-D5D0288CE997-LeaderElection185] INFO  impl.RoleInfo (RoleInfo.java:updateAndGet(148)) - 9e23e878-9bb3-42b5-8b94-e0e229812e65: start 9e23e878-9bb3-42b5-8b94-e0e229812e65@group-D5D0288CE997-FollowerState
2025-09-13 17:33:07,515 [9e23e878-9bb3-42b5-8b94-e0e229812e65@group-CF05563D4821-FollowerState] INFO  impl.FollowerState (FollowerState.java:runImpl(161)) - 9e23e878-9bb3-42b5-8b94-e0e229812e65@group-CF05563D4821-FollowerState: change to CANDIDATE, lastRpcElapsedTime:1020352966ns, electionTimeout:1020ms
2025-09-13 17:33:07,515 [9e23e878-9bb3-42b5-8b94-e0e229812e65@group-CF05563D4821-FollowerState] INFO  impl.RoleInfo (RoleInfo.java:shutdownFollowerState(121)) - 9e23e878-9bb3-42b5-8b94-e0e229812e65: shutdown 9e23e878-9bb3-42b5-8b94-e0e229812e65@group-CF05563D4821-FollowerState
2025-09-13 17:33:07,515 [9e23e878-9bb3-42b5-8b94-e0e229812e65@group-CF05563D4821-FollowerState] INFO  server.RaftServer$Division (RaftServerImpl.java:setRole(392)) - 9e23e878-9bb3-42b5-8b94-e0e229812e65@group-CF05563D4821: changes role from  FOLLOWER to CANDIDATE at term 2 for changeToCandidate
2025-09-13 17:33:07,515 [9e23e878-9bb3-42b5-8b94-e0e229812e65@group-CF05563D4821-FollowerState] INFO  impl.RoleInfo (RoleInfo.java:updateAndGet(148)) - 9e23e878-9bb3-42b5-8b94-e0e229812e65: start 9e23e878-9bb3-42b5-8b94-e0e229812e65@group-CF05563D4821-LeaderElection186
2025-09-13 17:33:07,515 [9e23e878-9bb3-42b5-8b94-e0e229812e65@group-CF05563D4821-LeaderElection186] INFO  impl.LeaderElection (LeaderElection.java:askForVotes(448)) - 9e23e878-9bb3-42b5-8b94-e0e229812e65@group-CF05563D4821-LeaderElection186 PRE_VOTE round 0: submit vote requests at term 2 for conf: {index: 1, cur=peers:[9e23e878-9bb3-42b5-8b94-e0e229812e65|127.0.0.1:15023, 13facd30-3950-4310-8b1a-93d004abbbdd|127.0.0.1:15031, 36d876fb-a458-4393-963b-58eeedb8ba95|127.0.0.1:15015]|listeners:[], old=null}
2025-09-13 17:33:07,516 [9e23e878-9bb3-42b5-8b94-e0e229812e65@group-CF05563D4821-LeaderElection186] INFO  impl.LeaderElection (LogUtils.java:infoOrTrace(142)) - 9e23e878-9bb3-42b5-8b94-e0e229812e65@group-CF05563D4821-LeaderElection186 got exception when requesting votes: java.util.concurrent.ExecutionException: org.apache.ratis.thirdparty.io.grpc.StatusRuntimeException: UNAVAILABLE: io exception
2025-09-13 17:33:07,516 [9e23e878-9bb3-42b5-8b94-e0e229812e65@group-CF05563D4821-LeaderElection186] INFO  impl.LeaderElection (LogUtils.java:infoOrTrace(142)) - 9e23e878-9bb3-42b5-8b94-e0e229812e65@group-CF05563D4821-LeaderElection186 got exception when requesting votes: java.util.concurrent.ExecutionException: org.apache.ratis.thirdparty.io.grpc.StatusRuntimeException: UNAVAILABLE: io exception
2025-09-13 17:33:07,516 [9e23e878-9bb3-42b5-8b94-e0e229812e65@group-CF05563D4821-LeaderElection186] INFO  impl.LeaderElection (LeaderElection.java:logAndReturn(206)) - 9e23e878-9bb3-42b5-8b94-e0e229812e65@group-CF05563D4821-LeaderElection186: PRE_VOTE REJECTED received 0 response(s) and 2 exception(s):
2025-09-13 17:33:07,516 [9e23e878-9bb3-42b5-8b94-e0e229812e65@group-CF05563D4821-LeaderElection186] INFO  impl.LeaderElection (LogUtils.java:infoOrTrace(142)) -   Exception 0: java.util.concurrent.ExecutionException: org.apache.ratis.thirdparty.io.grpc.StatusRuntimeException: UNAVAILABLE: io exception
2025-09-13 17:33:07,516 [9e23e878-9bb3-42b5-8b94-e0e229812e65@group-CF05563D4821-LeaderElection186] INFO  impl.LeaderElection (LogUtils.java:infoOrTrace(142)) -   Exception 1: java.util.concurrent.ExecutionException: org.apache.ratis.thirdparty.io.grpc.StatusRuntimeException: UNAVAILABLE: io exception
2025-09-13 17:33:07,516 [9e23e878-9bb3-42b5-8b94-e0e229812e65@group-CF05563D4821-LeaderElection186] INFO  impl.LeaderElection (LeaderElection.java:askForVotes(450)) - 9e23e878-9bb3-42b5-8b94-e0e229812e65@group-CF05563D4821-LeaderElection186 PRE_VOTE round 0: result REJECTED
2025-09-13 17:33:07,516 [9e23e878-9bb3-42b5-8b94-e0e229812e65@group-CF05563D4821-LeaderElection186] INFO  server.RaftServer$Division (RaftServerImpl.java:setRole(392)) - 9e23e878-9bb3-42b5-8b94-e0e229812e65@group-CF05563D4821: changes role from CANDIDATE to FOLLOWER at term 2 for REJECTED
2025-09-13 17:33:07,516 [9e23e878-9bb3-42b5-8b94-e0e229812e65@group-CF05563D4821-LeaderElection186] INFO  impl.RoleInfo (RoleInfo.java:shutdownLeaderElection(141)) - 9e23e878-9bb3-42b5-8b94-e0e229812e65: shutdown 9e23e878-9bb3-42b5-8b94-e0e229812e65@group-CF05563D4821-LeaderElection186
2025-09-13 17:33:07,516 [9e23e878-9bb3-42b5-8b94-e0e229812e65@group-CF05563D4821-LeaderElection186] INFO  impl.RoleInfo (RoleInfo.java:updateAndGet(148)) - 9e23e878-9bb3-42b5-8b94-e0e229812e65: start 9e23e878-9bb3-42b5-8b94-e0e229812e65@group-CF05563D4821-FollowerState
2025-09-13 17:33:07,703 [9e23e878-9bb3-42b5-8b94-e0e229812e65@group-D5D0288CE997-FollowerState] INFO  impl.FollowerState (FollowerState.java:runImpl(161)) - 9e23e878-9bb3-42b5-8b94-e0e229812e65@group-D5D0288CE997-FollowerState: change to CANDIDATE, lastRpcElapsedTime:1050320986ns, electionTimeout:1050ms
2025-09-13 17:33:07,703 [9e23e878-9bb3-42b5-8b94-e0e229812e65@group-D5D0288CE997-FollowerState] INFO  impl.RoleInfo (RoleInfo.java:shutdownFollowerState(121)) - 9e23e878-9bb3-42b5-8b94-e0e229812e65: shutdown 9e23e878-9bb3-42b5-8b94-e0e229812e65@group-D5D0288CE997-FollowerState
2025-09-13 17:33:07,703 [9e23e878-9bb3-42b5-8b94-e0e229812e65@group-D5D0288CE997-FollowerState] INFO  server.RaftServer$Division (RaftServerImpl.java:setRole(392)) - 9e23e878-9bb3-42b5-8b94-e0e229812e65@group-D5D0288CE997: changes role from  FOLLOWER to CANDIDATE at term 1 for changeToCandidate
2025-09-13 17:33:07,703 [9e23e878-9bb3-42b5-8b94-e0e229812e65@group-D5D0288CE997-FollowerState] INFO  impl.RoleInfo (RoleInfo.java:updateAndGet(148)) - 9e23e878-9bb3-42b5-8b94-e0e229812e65: start 9e23e878-9bb3-42b5-8b94-e0e229812e65@group-D5D0288CE997-LeaderElection187
2025-09-13 17:33:07,704 [9e23e878-9bb3-42b5-8b94-e0e229812e65@group-D5D0288CE997-LeaderElection187] INFO  impl.LeaderElection (LeaderElection.java:askForVotes(448)) - 9e23e878-9bb3-42b5-8b94-e0e229812e65@group-D5D0288CE997-LeaderElection187 PRE_VOTE round 0: submit vote requests at term 1 for conf: {index: 0, cur=peers:[9e23e878-9bb3-42b5-8b94-e0e229812e65|127.0.0.1:15023, 13facd30-3950-4310-8b1a-93d004abbbdd|127.0.0.1:15031, 36d876fb-a458-4393-963b-58eeedb8ba95|127.0.0.1:15015]|listeners:[], old=null}
2025-09-13 17:33:07,704 [9e23e878-9bb3-42b5-8b94-e0e229812e65@group-D5D0288CE997-LeaderElection187] INFO  impl.LeaderElection (LogUtils.java:infoOrTrace(142)) - 9e23e878-9bb3-42b5-8b94-e0e229812e65@group-D5D0288CE997-LeaderElection187 got exception when requesting votes: java.util.concurrent.ExecutionException: org.apache.ratis.thirdparty.io.grpc.StatusRuntimeException: UNAVAILABLE: io exception
2025-09-13 17:33:07,704 [9e23e878-9bb3-42b5-8b94-e0e229812e65@group-D5D0288CE997-LeaderElection187] INFO  impl.LeaderElection (LogUtils.java:infoOrTrace(142)) - 9e23e878-9bb3-42b5-8b94-e0e229812e65@group-D5D0288CE997-LeaderElection187 got exception when requesting votes: java.util.concurrent.ExecutionException: org.apache.ratis.thirdparty.io.grpc.StatusRuntimeException: UNAVAILABLE: io exception
2025-09-13 17:33:07,704 [9e23e878-9bb3-42b5-8b94-e0e229812e65@group-D5D0288CE997-LeaderElection187] INFO  impl.LeaderElection (LeaderElection.java:logAndReturn(206)) - 9e23e878-9bb3-42b5-8b94-e0e229812e65@group-D5D0288CE997-LeaderElection187: PRE_VOTE REJECTED received 0 response(s) and 2 exception(s):
2025-09-13 17:33:07,704 [9e23e878-9bb3-42b5-8b94-e0e229812e65@group-D5D0288CE997-LeaderElection187] INFO  impl.LeaderElection (LogUtils.java:infoOrTrace(142)) -   Exception 0: java.util.concurrent.ExecutionException: org.apache.ratis.thirdparty.io.grpc.StatusRuntimeException: UNAVAILABLE: io exception
2025-09-13 17:33:07,704 [9e23e878-9bb3-42b5-8b94-e0e229812e65@group-D5D0288CE997-LeaderElection187] INFO  impl.LeaderElection (LogUtils.java:infoOrTrace(142)) -   Exception 1: java.util.concurrent.ExecutionException: org.apache.ratis.thirdparty.io.grpc.StatusRuntimeException: UNAVAILABLE: io exception
2025-09-13 17:33:07,704 [9e23e878-9bb3-42b5-8b94-e0e229812e65@group-D5D0288CE997-LeaderElection187] INFO  impl.LeaderElection (LeaderElection.java:askForVotes(450)) - 9e23e878-9bb3-42b5-8b94-e0e229812e65@group-D5D0288CE997-LeaderElection187 PRE_VOTE round 0: result REJECTED
2025-09-13 17:33:07,704 [9e23e878-9bb3-42b5-8b94-e0e229812e65@group-D5D0288CE997-LeaderElection187] INFO  server.RaftServer$Division (RaftServerImpl.java:setRole(392)) - 9e23e878-9bb3-42b5-8b94-e0e229812e65@group-D5D0288CE997: changes role from CANDIDATE to FOLLOWER at term 1 for REJECTED
2025-09-13 17:33:07,704 [9e23e878-9bb3-42b5-8b94-e0e229812e65@group-D5D0288CE997-LeaderElection187] INFO  impl.RoleInfo (RoleInfo.java:shutdownLeaderElection(141)) - 9e23e878-9bb3-42b5-8b94-e0e229812e65: shutdown 9e23e878-9bb3-42b5-8b94-e0e229812e65@group-D5D0288CE997-LeaderElection187
2025-09-13 17:33:07,704 [9e23e878-9bb3-42b5-8b94-e0e229812e65@group-D5D0288CE997-LeaderElection187] INFO  impl.RoleInfo (RoleInfo.java:updateAndGet(148)) - 9e23e878-9bb3-42b5-8b94-e0e229812e65: start 9e23e878-9bb3-42b5-8b94-e0e229812e65@group-D5D0288CE997-FollowerState
2025-09-13 17:33:08,671 [9e23e878-9bb3-42b5-8b94-e0e229812e65@group-CF05563D4821-FollowerState] INFO  impl.FollowerState (FollowerState.java:runImpl(161)) - 9e23e878-9bb3-42b5-8b94-e0e229812e65@group-CF05563D4821-FollowerState: change to CANDIDATE, lastRpcElapsedTime:1154331274ns, electionTimeout:1154ms
2025-09-13 17:33:08,671 [9e23e878-9bb3-42b5-8b94-e0e229812e65@group-CF05563D4821-FollowerState] INFO  impl.RoleInfo (RoleInfo.java:shutdownFollowerState(121)) - 9e23e878-9bb3-42b5-8b94-e0e229812e65: shutdown 9e23e878-9bb3-42b5-8b94-e0e229812e65@group-CF05563D4821-FollowerState
2025-09-13 17:33:08,671 [9e23e878-9bb3-42b5-8b94-e0e229812e65@group-CF05563D4821-FollowerState] INFO  server.RaftServer$Division (RaftServerImpl.java:setRole(392)) - 9e23e878-9bb3-42b5-8b94-e0e229812e65@group-CF05563D4821: changes role from  FOLLOWER to CANDIDATE at term 2 for changeToCandidate
2025-09-13 17:33:08,671 [9e23e878-9bb3-42b5-8b94-e0e229812e65@group-CF05563D4821-FollowerState] INFO  impl.RoleInfo (RoleInfo.java:updateAndGet(148)) - 9e23e878-9bb3-42b5-8b94-e0e229812e65: start 9e23e878-9bb3-42b5-8b94-e0e229812e65@group-CF05563D4821-LeaderElection188
2025-09-13 17:33:08,671 [9e23e878-9bb3-42b5-8b94-e0e229812e65@group-CF05563D4821-LeaderElection188] INFO  impl.LeaderElection (LeaderElection.java:askForVotes(448)) - 9e23e878-9bb3-42b5-8b94-e0e229812e65@group-CF05563D4821-LeaderElection188 PRE_VOTE round 0: submit vote requests at term 2 for conf: {index: 1, cur=peers:[9e23e878-9bb3-42b5-8b94-e0e229812e65|127.0.0.1:15023, 13facd30-3950-4310-8b1a-93d004abbbdd|127.0.0.1:15031, 36d876fb-a458-4393-963b-58eeedb8ba95|127.0.0.1:15015]|listeners:[], old=null}
2025-09-13 17:33:08,672 [9e23e878-9bb3-42b5-8b94-e0e229812e65@group-CF05563D4821-LeaderElection188] INFO  impl.LeaderElection (LogUtils.java:infoOrTrace(142)) - 9e23e878-9bb3-42b5-8b94-e0e229812e65@group-CF05563D4821-LeaderElection188 got exception when requesting votes: java.util.concurrent.ExecutionException: org.apache.ratis.thirdparty.io.grpc.StatusRuntimeException: UNAVAILABLE: io exception
2025-09-13 17:33:08,672 [9e23e878-9bb3-42b5-8b94-e0e229812e65@group-CF05563D4821-LeaderElection188] INFO  impl.LeaderElection (LogUtils.java:infoOrTrace(142)) - 9e23e878-9bb3-42b5-8b94-e0e229812e65@group-CF05563D4821-LeaderElection188 got exception when requesting votes: java.util.concurrent.ExecutionException: org.apache.ratis.thirdparty.io.grpc.StatusRuntimeException: UNAVAILABLE: io exception
2025-09-13 17:33:08,672 [9e23e878-9bb3-42b5-8b94-e0e229812e65@group-CF05563D4821-LeaderElection188] INFO  impl.LeaderElection (LeaderElection.java:logAndReturn(206)) - 9e23e878-9bb3-42b5-8b94-e0e229812e65@group-CF05563D4821-LeaderElection188: PRE_VOTE REJECTED received 0 response(s) and 2 exception(s):
2025-09-13 17:33:08,672 [9e23e878-9bb3-42b5-8b94-e0e229812e65@group-CF05563D4821-LeaderElection188] INFO  impl.LeaderElection (LogUtils.java:infoOrTrace(142)) -   Exception 0: java.util.concurrent.ExecutionException: org.apache.ratis.thirdparty.io.grpc.StatusRuntimeException: UNAVAILABLE: io exception
2025-09-13 17:33:08,672 [9e23e878-9bb3-42b5-8b94-e0e229812e65@group-CF05563D4821-LeaderElection188] INFO  impl.LeaderElection (LogUtils.java:infoOrTrace(142)) -   Exception 1: java.util.concurrent.ExecutionException: org.apache.ratis.thirdparty.io.grpc.StatusRuntimeException: UNAVAILABLE: io exception
2025-09-13 17:33:08,672 [9e23e878-9bb3-42b5-8b94-e0e229812e65@group-CF05563D4821-LeaderElection188] INFO  impl.LeaderElection (LeaderElection.java:askForVotes(450)) - 9e23e878-9bb3-42b5-8b94-e0e229812e65@group-CF05563D4821-LeaderElection188 PRE_VOTE round 0: result REJECTED
2025-09-13 17:33:08,672 [9e23e878-9bb3-42b5-8b94-e0e229812e65@group-CF05563D4821-LeaderElection188] INFO  server.RaftServer$Division (RaftServerImpl.java:setRole(392)) - 9e23e878-9bb3-42b5-8b94-e0e229812e65@group-CF05563D4821: changes role from CANDIDATE to FOLLOWER at term 2 for REJECTED
2025-09-13 17:33:08,672 [9e23e878-9bb3-42b5-8b94-e0e229812e65@group-CF05563D4821-LeaderElection188] INFO  impl.RoleInfo (RoleInfo.java:shutdownLeaderElection(141)) - 9e23e878-9bb3-42b5-8b94-e0e229812e65: shutdown 9e23e878-9bb3-42b5-8b94-e0e229812e65@group-CF05563D4821-LeaderElection188
2025-09-13 17:33:08,672 [9e23e878-9bb3-42b5-8b94-e0e229812e65@group-CF05563D4821-LeaderElection188] INFO  impl.RoleInfo (RoleInfo.java:updateAndGet(148)) - 9e23e878-9bb3-42b5-8b94-e0e229812e65: start 9e23e878-9bb3-42b5-8b94-e0e229812e65@group-CF05563D4821-FollowerState
2025-09-13 17:33:08,792 [9e23e878-9bb3-42b5-8b94-e0e229812e65@group-D5D0288CE997-FollowerState] INFO  impl.FollowerState (FollowerState.java:runImpl(161)) - 9e23e878-9bb3-42b5-8b94-e0e229812e65@group-D5D0288CE997-FollowerState: change to CANDIDATE, lastRpcElapsedTime:1087256970ns, electionTimeout:1087ms
2025-09-13 17:33:08,792 [9e23e878-9bb3-42b5-8b94-e0e229812e65@group-D5D0288CE997-FollowerState] INFO  impl.RoleInfo (RoleInfo.java:shutdownFollowerState(121)) - 9e23e878-9bb3-42b5-8b94-e0e229812e65: shutdown 9e23e878-9bb3-42b5-8b94-e0e229812e65@group-D5D0288CE997-FollowerState
2025-09-13 17:33:08,792 [9e23e878-9bb3-42b5-8b94-e0e229812e65@group-D5D0288CE997-FollowerState] INFO  server.RaftServer$Division (RaftServerImpl.java:setRole(392)) - 9e23e878-9bb3-42b5-8b94-e0e229812e65@group-D5D0288CE997: changes role from  FOLLOWER to CANDIDATE at term 1 for changeToCandidate
2025-09-13 17:33:08,792 [9e23e878-9bb3-42b5-8b94-e0e229812e65@group-D5D0288CE997-FollowerState] INFO  impl.RoleInfo (RoleInfo.java:updateAndGet(148)) - 9e23e878-9bb3-42b5-8b94-e0e229812e65: start 9e23e878-9bb3-42b5-8b94-e0e229812e65@group-D5D0288CE997-LeaderElection189
2025-09-13 17:33:08,792 [9e23e878-9bb3-42b5-8b94-e0e229812e65@group-D5D0288CE997-LeaderElection189] INFO  impl.LeaderElection (LeaderElection.java:askForVotes(448)) - 9e23e878-9bb3-42b5-8b94-e0e229812e65@group-D5D0288CE997-LeaderElection189 PRE_VOTE round 0: submit vote requests at term 1 for conf: {index: 0, cur=peers:[9e23e878-9bb3-42b5-8b94-e0e229812e65|127.0.0.1:15023, 13facd30-3950-4310-8b1a-93d004abbbdd|127.0.0.1:15031, 36d876fb-a458-4393-963b-58eeedb8ba95|127.0.0.1:15015]|listeners:[], old=null}
2025-09-13 17:33:08,793 [9e23e878-9bb3-42b5-8b94-e0e229812e65@group-D5D0288CE997-LeaderElection189] INFO  impl.LeaderElection (LogUtils.java:infoOrTrace(142)) - 9e23e878-9bb3-42b5-8b94-e0e229812e65@group-D5D0288CE997-LeaderElection189 got exception when requesting votes: java.util.concurrent.ExecutionException: org.apache.ratis.thirdparty.io.grpc.StatusRuntimeException: UNAVAILABLE: io exception
2025-09-13 17:33:08,793 [9e23e878-9bb3-42b5-8b94-e0e229812e65@group-D5D0288CE997-LeaderElection189] INFO  impl.LeaderElection (LogUtils.java:infoOrTrace(142)) - 9e23e878-9bb3-42b5-8b94-e0e229812e65@group-D5D0288CE997-LeaderElection189 got exception when requesting votes: java.util.concurrent.ExecutionException: org.apache.ratis.thirdparty.io.grpc.StatusRuntimeException: UNAVAILABLE: io exception
2025-09-13 17:33:08,793 [9e23e878-9bb3-42b5-8b94-e0e229812e65@group-D5D0288CE997-LeaderElection189] INFO  impl.LeaderElection (LeaderElection.java:logAndReturn(206)) - 9e23e878-9bb3-42b5-8b94-e0e229812e65@group-D5D0288CE997-LeaderElection189: PRE_VOTE REJECTED received 0 response(s) and 2 exception(s):
2025-09-13 17:33:08,793 [9e23e878-9bb3-42b5-8b94-e0e229812e65@group-D5D0288CE997-LeaderElection189] INFO  impl.LeaderElection (LogUtils.java:infoOrTrace(142)) -   Exception 0: java.util.concurrent.ExecutionException: org.apache.ratis.thirdparty.io.grpc.StatusRuntimeException: UNAVAILABLE: io exception
2025-09-13 17:33:08,793 [9e23e878-9bb3-42b5-8b94-e0e229812e65@group-D5D0288CE997-LeaderElection189] INFO  impl.LeaderElection (LogUtils.java:infoOrTrace(142)) -   Exception 1: java.util.concurrent.ExecutionException: org.apache.ratis.thirdparty.io.grpc.StatusRuntimeException: UNAVAILABLE: io exception
2025-09-13 17:33:08,793 [9e23e878-9bb3-42b5-8b94-e0e229812e65@group-D5D0288CE997-LeaderElection189] INFO  impl.LeaderElection (LeaderElection.java:askForVotes(450)) - 9e23e878-9bb3-42b5-8b94-e0e229812e65@group-D5D0288CE997-LeaderElection189 PRE_VOTE round 0: result REJECTED
2025-09-13 17:33:08,793 [9e23e878-9bb3-42b5-8b94-e0e229812e65@group-D5D0288CE997-LeaderElection189] INFO  server.RaftServer$Division (RaftServerImpl.java:setRole(392)) - 9e23e878-9bb3-42b5-8b94-e0e229812e65@group-D5D0288CE997: changes role from CANDIDATE to FOLLOWER at term 1 for REJECTED
2025-09-13 17:33:08,793 [9e23e878-9bb3-42b5-8b94-e0e229812e65@group-D5D0288CE997-LeaderElection189] INFO  impl.RoleInfo (RoleInfo.java:shutdownLeaderElection(141)) - 9e23e878-9bb3-42b5-8b94-e0e229812e65: shutdown 9e23e878-9bb3-42b5-8b94-e0e229812e65@group-D5D0288CE997-LeaderElection189
2025-09-13 17:33:08,793 [9e23e878-9bb3-42b5-8b94-e0e229812e65@group-D5D0288CE997-LeaderElection189] INFO  impl.RoleInfo (RoleInfo.java:updateAndGet(148)) - 9e23e878-9bb3-42b5-8b94-e0e229812e65: start 9e23e878-9bb3-42b5-8b94-e0e229812e65@group-D5D0288CE997-FollowerState
2025-09-13 17:33:09,229 [grpc-default-executor-9] ERROR impl.OrderedAsync (OrderedAsync.java:lambda$null$6(215)) -  client-2ECFBEF5EF78: Failed* RaftClientRequest:client-2ECFBEF5EF78->9e23e878-9bb3-42b5-8b94-e0e229812e65@group-D5D0288CE997, cid=47, seq=10*, RW, cmdType: WriteChunk
traceID: ""
containerID: 3
datanodeUuid: "13facd30-3950-4310-8b1a-93d004abbbdd"
writeChunk {
  blockID {
    containerID: 3
    localID: 115816896921600006
    blockCommitSequenceId: 0
    replicaIndex: 0
  }
  chunkData {
    chunkName: "115816896921600006_chunk_1"
    offset: 0
    len: 524288
    checksumData {
      type: CRC32
      bytesPerChecksum: 16384
      checksums: "\326\360U\321"
      checksums: "\326\360U\321"
      checksums: "\326\360U\321"
      checksums: "\326\360U\321"
      checksums: "\326\360U\321"
      checksums: "\326\360U\321"
      checksums: "\326\360U\321"
      checksums: "\326\360U\321"
      checksums: "\326\360U\321"
      checksums: "\326\360U\321"
      checksums: "\326\360U\321"
      checksums: "\326\360U\321"
      checksums: "\326\360U\321"
      checksums: "\326\360U\321"
      checksums: "\326\360U\321"
      checksums: "\326\360U\321"
      checksums: "\326\360U\321"
      checksums: "\326\360U\321"
      checksums: "\326\360U\321"
      checksums: "\326\360U\321"
      checksums: "\326\360U\321"
      checksums: "\326\360U\321"
      checksums: "\326\360U\321"
      checksums: "\326\360U\321"
      checksums: "\326\360U\321"
      checksums: "\326\360U\321"
      checksums: "\326\360U\321"
      checksums: "\326\360U\321"
      checksums: "\326\360U\321"
      checksums: "\326\360U\321"
      checksums: "\326\360U\321"
      checksums: "\277r/p"
    }
  }
}
version: 3
, data.size=524288
java.util.concurrent.CompletionException: org.apache.ratis.protocol.exceptions.NotLeaderException: Server 9e23e878-9bb3-42b5-8b94-e0e229812e65@group-D5D0288CE997 is not the leader
	at java.base/java.util.concurrent.CompletableFuture.encodeThrowable(CompletableFuture.java:332)
	at java.base/java.util.concurrent.CompletableFuture.completeThrowable(CompletableFuture.java:347)
	at java.base/java.util.concurrent.CompletableFuture$UniAccept.tryFire(CompletableFuture.java:708)
	at java.base/java.util.concurrent.CompletableFuture.postComplete(CompletableFuture.java:510)
	at java.base/java.util.concurrent.CompletableFuture.completeExceptionally(CompletableFuture.java:2194)
	at org.apache.ratis.grpc.client.GrpcClientProtocolClient$AsyncStreamObservers.completeReplyExceptionally(GrpcClientProtocolClient.java:397)
	at org.apache.ratis.grpc.client.GrpcClientProtocolClient$AsyncStreamObservers.access$000(GrpcClientProtocolClient.java:303)
	at org.apache.ratis.grpc.client.GrpcClientProtocolClient$AsyncStreamObservers$1.onNext(GrpcClientProtocolClient.java:317)
	at org.apache.ratis.grpc.client.GrpcClientProtocolClient$AsyncStreamObservers$1.onNext(GrpcClientProtocolClient.java:308)
	at org.apache.ratis.thirdparty.io.grpc.stub.ClientCalls$StreamObserverToCallListenerAdapter.onMessage(ClientCalls.java:551)
	at org.apache.ratis.thirdparty.io.grpc.ForwardingClientCallListener.onMessage(ForwardingClientCallListener.java:33)
	at org.apache.ratis.thirdparty.io.grpc.internal.ClientCallImpl$ClientStreamListenerImpl$1MessagesAvailable.runInternal(ClientCallImpl.java:661)
	at org.apache.ratis.thirdparty.io.grpc.internal.ClientCallImpl$ClientStreamListenerImpl$1MessagesAvailable.runInContext(ClientCallImpl.java:648)
	at org.apache.ratis.thirdparty.io.grpc.internal.ContextRunnable.run(ContextRunnable.java:37)
	at org.apache.ratis.thirdparty.io.grpc.internal.SerializingExecutor.run(SerializingExecutor.java:133)
	at java.base/java.util.concurrent.ThreadPoolExecutor.runWorker(ThreadPoolExecutor.java:1144)
	at java.base/java.util.concurrent.ThreadPoolExecutor$Worker.run(ThreadPoolExecutor.java:642)
	at java.base/java.lang.Thread.run(Thread.java:1583)
Caused by: org.apache.ratis.protocol.exceptions.NotLeaderException: Server 9e23e878-9bb3-42b5-8b94-e0e229812e65@group-D5D0288CE997 is not the leader
	at org.apache.ratis.client.impl.ClientProtoUtils.toRaftClientReply(ClientProtoUtils.java:402)
	at org.apache.ratis.grpc.client.GrpcClientProtocolClient$AsyncStreamObservers$1.onNext(GrpcClientProtocolClient.java:313)
	... 10 more
2025-09-13 17:33:09,765 [9e23e878-9bb3-42b5-8b94-e0e229812e65@group-CF05563D4821-FollowerState] INFO  impl.FollowerState (FollowerState.java:runImpl(161)) - 9e23e878-9bb3-42b5-8b94-e0e229812e65@group-CF05563D4821-FollowerState: change to CANDIDATE, lastRpcElapsedTime:1093334299ns, electionTimeout:1093ms
2025-09-13 17:33:09,765 [9e23e878-9bb3-42b5-8b94-e0e229812e65@group-CF05563D4821-FollowerState] INFO  impl.RoleInfo (RoleInfo.java:shutdownFollowerState(121)) - 9e23e878-9bb3-42b5-8b94-e0e229812e65: shutdown 9e23e878-9bb3-42b5-8b94-e0e229812e65@group-CF05563D4821-FollowerState
2025-09-13 17:33:09,766 [9e23e878-9bb3-42b5-8b94-e0e229812e65@group-CF05563D4821-FollowerState] INFO  server.RaftServer$Division (RaftServerImpl.java:setRole(392)) - 9e23e878-9bb3-42b5-8b94-e0e229812e65@group-CF05563D4821: changes role from  FOLLOWER to CANDIDATE at term 2 for changeToCandidate
2025-09-13 17:33:09,766 [9e23e878-9bb3-42b5-8b94-e0e229812e65@group-CF05563D4821-FollowerState] INFO  impl.RoleInfo (RoleInfo.java:updateAndGet(148)) - 9e23e878-9bb3-42b5-8b94-e0e229812e65: start 9e23e878-9bb3-42b5-8b94-e0e229812e65@group-CF05563D4821-LeaderElection190
2025-09-13 17:33:09,766 [9e23e878-9bb3-42b5-8b94-e0e229812e65@group-CF05563D4821-LeaderElection190] INFO  impl.LeaderElection (LeaderElection.java:askForVotes(448)) - 9e23e878-9bb3-42b5-8b94-e0e229812e65@group-CF05563D4821-LeaderElection190 PRE_VOTE round 0: submit vote requests at term 2 for conf: {index: 1, cur=peers:[9e23e878-9bb3-42b5-8b94-e0e229812e65|127.0.0.1:15023, 13facd30-3950-4310-8b1a-93d004abbbdd|127.0.0.1:15031, 36d876fb-a458-4393-963b-58eeedb8ba95|127.0.0.1:15015]|listeners:[], old=null}
2025-09-13 17:33:09,767 [9e23e878-9bb3-42b5-8b94-e0e229812e65@group-CF05563D4821-LeaderElection190] INFO  impl.LeaderElection (LogUtils.java:infoOrTrace(142)) - 9e23e878-9bb3-42b5-8b94-e0e229812e65@group-CF05563D4821-LeaderElection190 got exception when requesting votes: java.util.concurrent.ExecutionException: org.apache.ratis.thirdparty.io.grpc.StatusRuntimeException: UNAVAILABLE: io exception
2025-09-13 17:33:09,767 [9e23e878-9bb3-42b5-8b94-e0e229812e65@group-CF05563D4821-LeaderElection190] INFO  impl.LeaderElection (LogUtils.java:infoOrTrace(142)) - 9e23e878-9bb3-42b5-8b94-e0e229812e65@group-CF05563D4821-LeaderElection190 got exception when requesting votes: java.util.concurrent.ExecutionException: org.apache.ratis.thirdparty.io.grpc.StatusRuntimeException: UNAVAILABLE: io exception
2025-09-13 17:33:09,767 [9e23e878-9bb3-42b5-8b94-e0e229812e65@group-CF05563D4821-LeaderElection190] INFO  impl.LeaderElection (LeaderElection.java:logAndReturn(206)) - 9e23e878-9bb3-42b5-8b94-e0e229812e65@group-CF05563D4821-LeaderElection190: PRE_VOTE REJECTED received 0 response(s) and 2 exception(s):
2025-09-13 17:33:09,767 [9e23e878-9bb3-42b5-8b94-e0e229812e65@group-CF05563D4821-LeaderElection190] INFO  impl.LeaderElection (LogUtils.java:infoOrTrace(142)) -   Exception 0: java.util.concurrent.ExecutionException: org.apache.ratis.thirdparty.io.grpc.StatusRuntimeException: UNAVAILABLE: io exception
2025-09-13 17:33:09,767 [9e23e878-9bb3-42b5-8b94-e0e229812e65@group-CF05563D4821-LeaderElection190] INFO  impl.LeaderElection (LogUtils.java:infoOrTrace(142)) -   Exception 1: java.util.concurrent.ExecutionException: org.apache.ratis.thirdparty.io.grpc.StatusRuntimeException: UNAVAILABLE: io exception
2025-09-13 17:33:09,767 [9e23e878-9bb3-42b5-8b94-e0e229812e65@group-CF05563D4821-LeaderElection190] INFO  impl.LeaderElection (LeaderElection.java:askForVotes(450)) - 9e23e878-9bb3-42b5-8b94-e0e229812e65@group-CF05563D4821-LeaderElection190 PRE_VOTE round 0: result REJECTED
2025-09-13 17:33:09,767 [9e23e878-9bb3-42b5-8b94-e0e229812e65@group-CF05563D4821-LeaderElection190] INFO  server.RaftServer$Division (RaftServerImpl.java:setRole(392)) - 9e23e878-9bb3-42b5-8b94-e0e229812e65@group-CF05563D4821: changes role from CANDIDATE to FOLLOWER at term 2 for REJECTED
2025-09-13 17:33:09,767 [9e23e878-9bb3-42b5-8b94-e0e229812e65@group-CF05563D4821-LeaderElection190] INFO  impl.RoleInfo (RoleInfo.java:shutdownLeaderElection(141)) - 9e23e878-9bb3-42b5-8b94-e0e229812e65: shutdown 9e23e878-9bb3-42b5-8b94-e0e229812e65@group-CF05563D4821-LeaderElection190
2025-09-13 17:33:09,767 [9e23e878-9bb3-42b5-8b94-e0e229812e65@group-CF05563D4821-LeaderElection190] INFO  impl.RoleInfo (RoleInfo.java:updateAndGet(148)) - 9e23e878-9bb3-42b5-8b94-e0e229812e65: start 9e23e878-9bb3-42b5-8b94-e0e229812e65@group-CF05563D4821-FollowerState
2025-09-13 17:33:09,900 [9e23e878-9bb3-42b5-8b94-e0e229812e65@group-D5D0288CE997-FollowerState] INFO  impl.FollowerState (FollowerState.java:runImpl(161)) - 9e23e878-9bb3-42b5-8b94-e0e229812e65@group-D5D0288CE997-FollowerState: change to CANDIDATE, lastRpcElapsedTime:1106293996ns, electionTimeout:1106ms
2025-09-13 17:33:09,900 [9e23e878-9bb3-42b5-8b94-e0e229812e65@group-D5D0288CE997-FollowerState] INFO  impl.RoleInfo (RoleInfo.java:shutdownFollowerState(121)) - 9e23e878-9bb3-42b5-8b94-e0e229812e65: shutdown 9e23e878-9bb3-42b5-8b94-e0e229812e65@group-D5D0288CE997-FollowerState
2025-09-13 17:33:09,900 [9e23e878-9bb3-42b5-8b94-e0e229812e65@group-D5D0288CE997-FollowerState] INFO  server.RaftServer$Division (RaftServerImpl.java:setRole(392)) - 9e23e878-9bb3-42b5-8b94-e0e229812e65@group-D5D0288CE997: changes role from  FOLLOWER to CANDIDATE at term 1 for changeToCandidate
2025-09-13 17:33:09,900 [9e23e878-9bb3-42b5-8b94-e0e229812e65@group-D5D0288CE997-FollowerState] INFO  impl.RoleInfo (RoleInfo.java:updateAndGet(148)) - 9e23e878-9bb3-42b5-8b94-e0e229812e65: start 9e23e878-9bb3-42b5-8b94-e0e229812e65@group-D5D0288CE997-LeaderElection191
2025-09-13 17:33:09,900 [9e23e878-9bb3-42b5-8b94-e0e229812e65@group-D5D0288CE997-LeaderElection191] INFO  impl.LeaderElection (LeaderElection.java:askForVotes(448)) - 9e23e878-9bb3-42b5-8b94-e0e229812e65@group-D5D0288CE997-LeaderElection191 PRE_VOTE round 0: submit vote requests at term 1 for conf: {index: 0, cur=peers:[9e23e878-9bb3-42b5-8b94-e0e229812e65|127.0.0.1:15023, 13facd30-3950-4310-8b1a-93d004abbbdd|127.0.0.1:15031, 36d876fb-a458-4393-963b-58eeedb8ba95|127.0.0.1:15015]|listeners:[], old=null}
2025-09-13 17:33:09,901 [9e23e878-9bb3-42b5-8b94-e0e229812e65@group-D5D0288CE997-LeaderElection191] INFO  impl.LeaderElection (LogUtils.java:infoOrTrace(142)) - 9e23e878-9bb3-42b5-8b94-e0e229812e65@group-D5D0288CE997-LeaderElection191 got exception when requesting votes: java.util.concurrent.ExecutionException: org.apache.ratis.thirdparty.io.grpc.StatusRuntimeException: UNAVAILABLE: io exception
2025-09-13 17:33:09,901 [9e23e878-9bb3-42b5-8b94-e0e229812e65@group-D5D0288CE997-LeaderElection191] INFO  impl.LeaderElection (LogUtils.java:infoOrTrace(142)) - 9e23e878-9bb3-42b5-8b94-e0e229812e65@group-D5D0288CE997-LeaderElection191 got exception when requesting votes: java.util.concurrent.ExecutionException: org.apache.ratis.thirdparty.io.grpc.StatusRuntimeException: UNAVAILABLE: io exception
2025-09-13 17:33:09,901 [9e23e878-9bb3-42b5-8b94-e0e229812e65@group-D5D0288CE997-LeaderElection191] INFO  impl.LeaderElection (LeaderElection.java:logAndReturn(206)) - 9e23e878-9bb3-42b5-8b94-e0e229812e65@group-D5D0288CE997-LeaderElection191: PRE_VOTE REJECTED received 0 response(s) and 2 exception(s):
2025-09-13 17:33:09,901 [9e23e878-9bb3-42b5-8b94-e0e229812e65@group-D5D0288CE997-LeaderElection191] INFO  impl.LeaderElection (LogUtils.java:infoOrTrace(142)) -   Exception 0: java.util.concurrent.ExecutionException: org.apache.ratis.thirdparty.io.grpc.StatusRuntimeException: UNAVAILABLE: io exception
2025-09-13 17:33:09,901 [9e23e878-9bb3-42b5-8b94-e0e229812e65@group-D5D0288CE997-LeaderElection191] INFO  impl.LeaderElection (LogUtils.java:infoOrTrace(142)) -   Exception 1: java.util.concurrent.ExecutionException: org.apache.ratis.thirdparty.io.grpc.StatusRuntimeException: UNAVAILABLE: io exception
2025-09-13 17:33:09,901 [9e23e878-9bb3-42b5-8b94-e0e229812e65@group-D5D0288CE997-LeaderElection191] INFO  impl.LeaderElection (LeaderElection.java:askForVotes(450)) - 9e23e878-9bb3-42b5-8b94-e0e229812e65@group-D5D0288CE997-LeaderElection191 PRE_VOTE round 0: result REJECTED
2025-09-13 17:33:09,901 [9e23e878-9bb3-42b5-8b94-e0e229812e65@group-D5D0288CE997-LeaderElection191] INFO  server.RaftServer$Division (RaftServerImpl.java:setRole(392)) - 9e23e878-9bb3-42b5-8b94-e0e229812e65@group-D5D0288CE997: changes role from CANDIDATE to FOLLOWER at term 1 for REJECTED
2025-09-13 17:33:09,901 [9e23e878-9bb3-42b5-8b94-e0e229812e65@group-D5D0288CE997-LeaderElection191] INFO  impl.RoleInfo (RoleInfo.java:shutdownLeaderElection(141)) - 9e23e878-9bb3-42b5-8b94-e0e229812e65: shutdown 9e23e878-9bb3-42b5-8b94-e0e229812e65@group-D5D0288CE997-LeaderElection191
2025-09-13 17:33:09,901 [9e23e878-9bb3-42b5-8b94-e0e229812e65@group-D5D0288CE997-LeaderElection191] INFO  impl.RoleInfo (RoleInfo.java:updateAndGet(148)) - 9e23e878-9bb3-42b5-8b94-e0e229812e65: start 9e23e878-9bb3-42b5-8b94-e0e229812e65@group-D5D0288CE997-FollowerState
2025-09-13 17:33:10,846 [9e23e878-9bb3-42b5-8b94-e0e229812e65@group-CF05563D4821-FollowerState] INFO  impl.FollowerState (FollowerState.java:runImpl(161)) - 9e23e878-9bb3-42b5-8b94-e0e229812e65@group-CF05563D4821-FollowerState: change to CANDIDATE, lastRpcElapsedTime:1079266014ns, electionTimeout:1079ms
2025-09-13 17:33:10,846 [9e23e878-9bb3-42b5-8b94-e0e229812e65@group-CF05563D4821-FollowerState] INFO  impl.RoleInfo (RoleInfo.java:shutdownFollowerState(121)) - 9e23e878-9bb3-42b5-8b94-e0e229812e65: shutdown 9e23e878-9bb3-42b5-8b94-e0e229812e65@group-CF05563D4821-FollowerState
2025-09-13 17:33:10,846 [9e23e878-9bb3-42b5-8b94-e0e229812e65@group-CF05563D4821-FollowerState] INFO  server.RaftServer$Division (RaftServerImpl.java:setRole(392)) - 9e23e878-9bb3-42b5-8b94-e0e229812e65@group-CF05563D4821: changes role from  FOLLOWER to CANDIDATE at term 2 for changeToCandidate
2025-09-13 17:33:10,846 [9e23e878-9bb3-42b5-8b94-e0e229812e65@group-CF05563D4821-FollowerState] INFO  impl.RoleInfo (RoleInfo.java:updateAndGet(148)) - 9e23e878-9bb3-42b5-8b94-e0e229812e65: start 9e23e878-9bb3-42b5-8b94-e0e229812e65@group-CF05563D4821-LeaderElection192
2025-09-13 17:33:10,847 [9e23e878-9bb3-42b5-8b94-e0e229812e65@group-CF05563D4821-LeaderElection192] INFO  impl.LeaderElection (LeaderElection.java:askForVotes(448)) - 9e23e878-9bb3-42b5-8b94-e0e229812e65@group-CF05563D4821-LeaderElection192 PRE_VOTE round 0: submit vote requests at term 2 for conf: {index: 1, cur=peers:[9e23e878-9bb3-42b5-8b94-e0e229812e65|127.0.0.1:15023, 13facd30-3950-4310-8b1a-93d004abbbdd|127.0.0.1:15031, 36d876fb-a458-4393-963b-58eeedb8ba95|127.0.0.1:15015]|listeners:[], old=null}
2025-09-13 17:33:10,847 [9e23e878-9bb3-42b5-8b94-e0e229812e65@group-CF05563D4821-LeaderElection192] INFO  impl.LeaderElection (LogUtils.java:infoOrTrace(142)) - 9e23e878-9bb3-42b5-8b94-e0e229812e65@group-CF05563D4821-LeaderElection192 got exception when requesting votes: java.util.concurrent.ExecutionException: org.apache.ratis.thirdparty.io.grpc.StatusRuntimeException: UNAVAILABLE: io exception
2025-09-13 17:33:10,847 [9e23e878-9bb3-42b5-8b94-e0e229812e65@group-CF05563D4821-LeaderElection192] INFO  impl.LeaderElection (LogUtils.java:infoOrTrace(142)) - 9e23e878-9bb3-42b5-8b94-e0e229812e65@group-CF05563D4821-LeaderElection192 got exception when requesting votes: java.util.concurrent.ExecutionException: org.apache.ratis.thirdparty.io.grpc.StatusRuntimeException: UNAVAILABLE: io exception
2025-09-13 17:33:10,847 [9e23e878-9bb3-42b5-8b94-e0e229812e65@group-CF05563D4821-LeaderElection192] INFO  impl.LeaderElection (LeaderElection.java:logAndReturn(206)) - 9e23e878-9bb3-42b5-8b94-e0e229812e65@group-CF05563D4821-LeaderElection192: PRE_VOTE REJECTED received 0 response(s) and 2 exception(s):
2025-09-13 17:33:10,847 [9e23e878-9bb3-42b5-8b94-e0e229812e65@group-CF05563D4821-LeaderElection192] INFO  impl.LeaderElection (LogUtils.java:infoOrTrace(142)) -   Exception 0: java.util.concurrent.ExecutionException: org.apache.ratis.thirdparty.io.grpc.StatusRuntimeException: UNAVAILABLE: io exception
2025-09-13 17:33:10,847 [9e23e878-9bb3-42b5-8b94-e0e229812e65@group-CF05563D4821-LeaderElection192] INFO  impl.LeaderElection (LogUtils.java:infoOrTrace(142)) -   Exception 1: java.util.concurrent.ExecutionException: org.apache.ratis.thirdparty.io.grpc.StatusRuntimeException: UNAVAILABLE: io exception
2025-09-13 17:33:10,848 [9e23e878-9bb3-42b5-8b94-e0e229812e65@group-CF05563D4821-LeaderElection192] INFO  impl.LeaderElection (LeaderElection.java:askForVotes(450)) - 9e23e878-9bb3-42b5-8b94-e0e229812e65@group-CF05563D4821-LeaderElection192 PRE_VOTE round 0: result REJECTED
2025-09-13 17:33:10,848 [9e23e878-9bb3-42b5-8b94-e0e229812e65@group-CF05563D4821-LeaderElection192] INFO  server.RaftServer$Division (RaftServerImpl.java:setRole(392)) - 9e23e878-9bb3-42b5-8b94-e0e229812e65@group-CF05563D4821: changes role from CANDIDATE to FOLLOWER at term 2 for REJECTED
2025-09-13 17:33:10,848 [9e23e878-9bb3-42b5-8b94-e0e229812e65@group-CF05563D4821-LeaderElection192] INFO  impl.RoleInfo (RoleInfo.java:shutdownLeaderElection(141)) - 9e23e878-9bb3-42b5-8b94-e0e229812e65: shutdown 9e23e878-9bb3-42b5-8b94-e0e229812e65@group-CF05563D4821-LeaderElection192
2025-09-13 17:33:10,848 [9e23e878-9bb3-42b5-8b94-e0e229812e65@group-CF05563D4821-LeaderElection192] INFO  impl.RoleInfo (RoleInfo.java:updateAndGet(148)) - 9e23e878-9bb3-42b5-8b94-e0e229812e65: start 9e23e878-9bb3-42b5-8b94-e0e229812e65@group-CF05563D4821-FollowerState
2025-09-13 17:33:11,080 [9e23e878-9bb3-42b5-8b94-e0e229812e65@group-D5D0288CE997-FollowerState] INFO  impl.FollowerState (FollowerState.java:runImpl(161)) - 9e23e878-9bb3-42b5-8b94-e0e229812e65@group-D5D0288CE997-FollowerState: change to CANDIDATE, lastRpcElapsedTime:1178337467ns, electionTimeout:1178ms
2025-09-13 17:33:11,080 [9e23e878-9bb3-42b5-8b94-e0e229812e65@group-D5D0288CE997-FollowerState] INFO  impl.RoleInfo (RoleInfo.java:shutdownFollowerState(121)) - 9e23e878-9bb3-42b5-8b94-e0e229812e65: shutdown 9e23e878-9bb3-42b5-8b94-e0e229812e65@group-D5D0288CE997-FollowerState
2025-09-13 17:33:11,080 [9e23e878-9bb3-42b5-8b94-e0e229812e65@group-D5D0288CE997-FollowerState] INFO  server.RaftServer$Division (RaftServerImpl.java:setRole(392)) - 9e23e878-9bb3-42b5-8b94-e0e229812e65@group-D5D0288CE997: changes role from  FOLLOWER to CANDIDATE at term 1 for changeToCandidate
2025-09-13 17:33:11,080 [9e23e878-9bb3-42b5-8b94-e0e229812e65@group-D5D0288CE997-FollowerState] INFO  impl.RoleInfo (RoleInfo.java:updateAndGet(148)) - 9e23e878-9bb3-42b5-8b94-e0e229812e65: start 9e23e878-9bb3-42b5-8b94-e0e229812e65@group-D5D0288CE997-LeaderElection193
2025-09-13 17:33:11,080 [9e23e878-9bb3-42b5-8b94-e0e229812e65@group-D5D0288CE997-LeaderElection193] INFO  impl.LeaderElection (LeaderElection.java:askForVotes(448)) - 9e23e878-9bb3-42b5-8b94-e0e229812e65@group-D5D0288CE997-LeaderElection193 PRE_VOTE round 0: submit vote requests at term 1 for conf: {index: 0, cur=peers:[9e23e878-9bb3-42b5-8b94-e0e229812e65|127.0.0.1:15023, 13facd30-3950-4310-8b1a-93d004abbbdd|127.0.0.1:15031, 36d876fb-a458-4393-963b-58eeedb8ba95|127.0.0.1:15015]|listeners:[], old=null}
2025-09-13 17:33:11,081 [9e23e878-9bb3-42b5-8b94-e0e229812e65@group-D5D0288CE997-LeaderElection193] INFO  impl.LeaderElection (LogUtils.java:infoOrTrace(142)) - 9e23e878-9bb3-42b5-8b94-e0e229812e65@group-D5D0288CE997-LeaderElection193 got exception when requesting votes: java.util.concurrent.ExecutionException: org.apache.ratis.thirdparty.io.grpc.StatusRuntimeException: UNAVAILABLE: io exception
2025-09-13 17:33:11,081 [9e23e878-9bb3-42b5-8b94-e0e229812e65@group-D5D0288CE997-LeaderElection193] INFO  impl.LeaderElection (LogUtils.java:infoOrTrace(142)) - 9e23e878-9bb3-42b5-8b94-e0e229812e65@group-D5D0288CE997-LeaderElection193 got exception when requesting votes: java.util.concurrent.ExecutionException: org.apache.ratis.thirdparty.io.grpc.StatusRuntimeException: UNAVAILABLE: io exception
2025-09-13 17:33:11,081 [9e23e878-9bb3-42b5-8b94-e0e229812e65@group-D5D0288CE997-LeaderElection193] INFO  impl.LeaderElection (LeaderElection.java:logAndReturn(206)) - 9e23e878-9bb3-42b5-8b94-e0e229812e65@group-D5D0288CE997-LeaderElection193: PRE_VOTE REJECTED received 0 response(s) and 2 exception(s):
2025-09-13 17:33:11,081 [9e23e878-9bb3-42b5-8b94-e0e229812e65@group-D5D0288CE997-LeaderElection193] INFO  impl.LeaderElection (LogUtils.java:infoOrTrace(142)) -   Exception 0: java.util.concurrent.ExecutionException: org.apache.ratis.thirdparty.io.grpc.StatusRuntimeException: UNAVAILABLE: io exception
2025-09-13 17:33:11,081 [9e23e878-9bb3-42b5-8b94-e0e229812e65@group-D5D0288CE997-LeaderElection193] INFO  impl.LeaderElection (LogUtils.java:infoOrTrace(142)) -   Exception 1: java.util.concurrent.ExecutionException: org.apache.ratis.thirdparty.io.grpc.StatusRuntimeException: UNAVAILABLE: io exception
2025-09-13 17:33:11,081 [9e23e878-9bb3-42b5-8b94-e0e229812e65@group-D5D0288CE997-LeaderElection193] INFO  impl.LeaderElection (LeaderElection.java:askForVotes(450)) - 9e23e878-9bb3-42b5-8b94-e0e229812e65@group-D5D0288CE997-LeaderElection193 PRE_VOTE round 0: result REJECTED
2025-09-13 17:33:11,081 [9e23e878-9bb3-42b5-8b94-e0e229812e65@group-D5D0288CE997-LeaderElection193] INFO  server.RaftServer$Division (RaftServerImpl.java:setRole(392)) - 9e23e878-9bb3-42b5-8b94-e0e229812e65@group-D5D0288CE997: changes role from CANDIDATE to FOLLOWER at term 1 for REJECTED
2025-09-13 17:33:11,081 [9e23e878-9bb3-42b5-8b94-e0e229812e65@group-D5D0288CE997-LeaderElection193] INFO  impl.RoleInfo (RoleInfo.java:shutdownLeaderElection(141)) - 9e23e878-9bb3-42b5-8b94-e0e229812e65: shutdown 9e23e878-9bb3-42b5-8b94-e0e229812e65@group-D5D0288CE997-LeaderElection193
2025-09-13 17:33:11,081 [9e23e878-9bb3-42b5-8b94-e0e229812e65@group-D5D0288CE997-LeaderElection193] INFO  impl.RoleInfo (RoleInfo.java:updateAndGet(148)) - 9e23e878-9bb3-42b5-8b94-e0e229812e65: start 9e23e878-9bb3-42b5-8b94-e0e229812e65@group-D5D0288CE997-FollowerState
2025-09-13 17:33:11,998 [9e23e878-9bb3-42b5-8b94-e0e229812e65@group-CF05563D4821-FollowerState] INFO  impl.FollowerState (FollowerState.java:runImpl(161)) - 9e23e878-9bb3-42b5-8b94-e0e229812e65@group-CF05563D4821-FollowerState: change to CANDIDATE, lastRpcElapsedTime:1150270911ns, electionTimeout:1150ms
2025-09-13 17:33:11,998 [9e23e878-9bb3-42b5-8b94-e0e229812e65@group-CF05563D4821-FollowerState] INFO  impl.RoleInfo (RoleInfo.java:shutdownFollowerState(121)) - 9e23e878-9bb3-42b5-8b94-e0e229812e65: shutdown 9e23e878-9bb3-42b5-8b94-e0e229812e65@group-CF05563D4821-FollowerState
2025-09-13 17:33:11,998 [9e23e878-9bb3-42b5-8b94-e0e229812e65@group-CF05563D4821-FollowerState] INFO  server.RaftServer$Division (RaftServerImpl.java:setRole(392)) - 9e23e878-9bb3-42b5-8b94-e0e229812e65@group-CF05563D4821: changes role from  FOLLOWER to CANDIDATE at term 2 for changeToCandidate
2025-09-13 17:33:11,998 [9e23e878-9bb3-42b5-8b94-e0e229812e65@group-CF05563D4821-FollowerState] INFO  impl.RoleInfo (RoleInfo.java:updateAndGet(148)) - 9e23e878-9bb3-42b5-8b94-e0e229812e65: start 9e23e878-9bb3-42b5-8b94-e0e229812e65@group-CF05563D4821-LeaderElection194
2025-09-13 17:33:11,998 [9e23e878-9bb3-42b5-8b94-e0e229812e65@group-CF05563D4821-LeaderElection194] INFO  impl.LeaderElection (LeaderElection.java:askForVotes(448)) - 9e23e878-9bb3-42b5-8b94-e0e229812e65@group-CF05563D4821-LeaderElection194 PRE_VOTE round 0: submit vote requests at term 2 for conf: {index: 1, cur=peers:[9e23e878-9bb3-42b5-8b94-e0e229812e65|127.0.0.1:15023, 13facd30-3950-4310-8b1a-93d004abbbdd|127.0.0.1:15031, 36d876fb-a458-4393-963b-58eeedb8ba95|127.0.0.1:15015]|listeners:[], old=null}
2025-09-13 17:33:11,999 [9e23e878-9bb3-42b5-8b94-e0e229812e65@group-CF05563D4821-LeaderElection194] INFO  impl.LeaderElection (LogUtils.java:infoOrTrace(142)) - 9e23e878-9bb3-42b5-8b94-e0e229812e65@group-CF05563D4821-LeaderElection194 got exception when requesting votes: java.util.concurrent.ExecutionException: org.apache.ratis.thirdparty.io.grpc.StatusRuntimeException: UNAVAILABLE: io exception
2025-09-13 17:33:11,999 [9e23e878-9bb3-42b5-8b94-e0e229812e65@group-CF05563D4821-LeaderElection194] INFO  impl.LeaderElection (LogUtils.java:infoOrTrace(142)) - 9e23e878-9bb3-42b5-8b94-e0e229812e65@group-CF05563D4821-LeaderElection194 got exception when requesting votes: java.util.concurrent.ExecutionException: org.apache.ratis.thirdparty.io.grpc.StatusRuntimeException: UNAVAILABLE: io exception
2025-09-13 17:33:11,999 [9e23e878-9bb3-42b5-8b94-e0e229812e65@group-CF05563D4821-LeaderElection194] INFO  impl.LeaderElection (LeaderElection.java:logAndReturn(206)) - 9e23e878-9bb3-42b5-8b94-e0e229812e65@group-CF05563D4821-LeaderElection194: PRE_VOTE REJECTED received 0 response(s) and 2 exception(s):
2025-09-13 17:33:11,999 [9e23e878-9bb3-42b5-8b94-e0e229812e65@group-CF05563D4821-LeaderElection194] INFO  impl.LeaderElection (LogUtils.java:infoOrTrace(142)) -   Exception 0: java.util.concurrent.ExecutionException: org.apache.ratis.thirdparty.io.grpc.StatusRuntimeException: UNAVAILABLE: io exception
2025-09-13 17:33:11,999 [9e23e878-9bb3-42b5-8b94-e0e229812e65@group-CF05563D4821-LeaderElection194] INFO  impl.LeaderElection (LogUtils.java:infoOrTrace(142)) -   Exception 1: java.util.concurrent.ExecutionException: org.apache.ratis.thirdparty.io.grpc.StatusRuntimeException: UNAVAILABLE: io exception
2025-09-13 17:33:11,999 [9e23e878-9bb3-42b5-8b94-e0e229812e65@group-CF05563D4821-LeaderElection194] INFO  impl.LeaderElection (LeaderElection.java:askForVotes(450)) - 9e23e878-9bb3-42b5-8b94-e0e229812e65@group-CF05563D4821-LeaderElection194 PRE_VOTE round 0: result REJECTED
2025-09-13 17:33:11,999 [9e23e878-9bb3-42b5-8b94-e0e229812e65@group-CF05563D4821-LeaderElection194] INFO  server.RaftServer$Division (RaftServerImpl.java:setRole(392)) - 9e23e878-9bb3-42b5-8b94-e0e229812e65@group-CF05563D4821: changes role from CANDIDATE to FOLLOWER at term 2 for REJECTED
2025-09-13 17:33:11,999 [9e23e878-9bb3-42b5-8b94-e0e229812e65@group-CF05563D4821-LeaderElection194] INFO  impl.RoleInfo (RoleInfo.java:shutdownLeaderElection(141)) - 9e23e878-9bb3-42b5-8b94-e0e229812e65: shutdown 9e23e878-9bb3-42b5-8b94-e0e229812e65@group-CF05563D4821-LeaderElection194
2025-09-13 17:33:11,999 [9e23e878-9bb3-42b5-8b94-e0e229812e65@group-CF05563D4821-LeaderElection194] INFO  impl.RoleInfo (RoleInfo.java:updateAndGet(148)) - 9e23e878-9bb3-42b5-8b94-e0e229812e65: start 9e23e878-9bb3-42b5-8b94-e0e229812e65@group-CF05563D4821-FollowerState
2025-09-13 17:33:12,264 [9e23e878-9bb3-42b5-8b94-e0e229812e65@group-D5D0288CE997-FollowerState] INFO  impl.FollowerState (FollowerState.java:runImpl(161)) - 9e23e878-9bb3-42b5-8b94-e0e229812e65@group-D5D0288CE997-FollowerState: change to CANDIDATE, lastRpcElapsedTime:1183265087ns, electionTimeout:1183ms
2025-09-13 17:33:12,264 [9e23e878-9bb3-42b5-8b94-e0e229812e65@group-D5D0288CE997-FollowerState] INFO  impl.RoleInfo (RoleInfo.java:shutdownFollowerState(121)) - 9e23e878-9bb3-42b5-8b94-e0e229812e65: shutdown 9e23e878-9bb3-42b5-8b94-e0e229812e65@group-D5D0288CE997-FollowerState
2025-09-13 17:33:12,265 [9e23e878-9bb3-42b5-8b94-e0e229812e65@group-D5D0288CE997-FollowerState] INFO  server.RaftServer$Division (RaftServerImpl.java:setRole(392)) - 9e23e878-9bb3-42b5-8b94-e0e229812e65@group-D5D0288CE997: changes role from  FOLLOWER to CANDIDATE at term 1 for changeToCandidate
2025-09-13 17:33:12,265 [9e23e878-9bb3-42b5-8b94-e0e229812e65@group-D5D0288CE997-FollowerState] INFO  impl.RoleInfo (RoleInfo.java:updateAndGet(148)) - 9e23e878-9bb3-42b5-8b94-e0e229812e65: start 9e23e878-9bb3-42b5-8b94-e0e229812e65@group-D5D0288CE997-LeaderElection195
2025-09-13 17:33:12,265 [9e23e878-9bb3-42b5-8b94-e0e229812e65@group-D5D0288CE997-LeaderElection195] INFO  impl.LeaderElection (LeaderElection.java:askForVotes(448)) - 9e23e878-9bb3-42b5-8b94-e0e229812e65@group-D5D0288CE997-LeaderElection195 PRE_VOTE round 0: submit vote requests at term 1 for conf: {index: 0, cur=peers:[9e23e878-9bb3-42b5-8b94-e0e229812e65|127.0.0.1:15023, 13facd30-3950-4310-8b1a-93d004abbbdd|127.0.0.1:15031, 36d876fb-a458-4393-963b-58eeedb8ba95|127.0.0.1:15015]|listeners:[], old=null}
2025-09-13 17:33:12,266 [9e23e878-9bb3-42b5-8b94-e0e229812e65@group-D5D0288CE997-LeaderElection195] INFO  impl.LeaderElection (LogUtils.java:infoOrTrace(142)) - 9e23e878-9bb3-42b5-8b94-e0e229812e65@group-D5D0288CE997-LeaderElection195 got exception when requesting votes: java.util.concurrent.ExecutionException: org.apache.ratis.thirdparty.io.grpc.StatusRuntimeException: UNAVAILABLE: io exception
2025-09-13 17:33:12,266 [9e23e878-9bb3-42b5-8b94-e0e229812e65@group-D5D0288CE997-LeaderElection195] INFO  impl.LeaderElection (LogUtils.java:infoOrTrace(142)) - 9e23e878-9bb3-42b5-8b94-e0e229812e65@group-D5D0288CE997-LeaderElection195 got exception when requesting votes: java.util.concurrent.ExecutionException: org.apache.ratis.thirdparty.io.grpc.StatusRuntimeException: UNAVAILABLE: io exception
2025-09-13 17:33:12,266 [9e23e878-9bb3-42b5-8b94-e0e229812e65@group-D5D0288CE997-LeaderElection195] INFO  impl.LeaderElection (LeaderElection.java:logAndReturn(206)) - 9e23e878-9bb3-42b5-8b94-e0e229812e65@group-D5D0288CE997-LeaderElection195: PRE_VOTE REJECTED received 0 response(s) and 2 exception(s):
2025-09-13 17:33:12,266 [9e23e878-9bb3-42b5-8b94-e0e229812e65@group-D5D0288CE997-LeaderElection195] INFO  impl.LeaderElection (LogUtils.java:infoOrTrace(142)) -   Exception 0: java.util.concurrent.ExecutionException: org.apache.ratis.thirdparty.io.grpc.StatusRuntimeException: UNAVAILABLE: io exception
2025-09-13 17:33:12,266 [9e23e878-9bb3-42b5-8b94-e0e229812e65@group-D5D0288CE997-LeaderElection195] INFO  impl.LeaderElection (LogUtils.java:infoOrTrace(142)) -   Exception 1: java.util.concurrent.ExecutionException: org.apache.ratis.thirdparty.io.grpc.StatusRuntimeException: UNAVAILABLE: io exception
2025-09-13 17:33:12,266 [9e23e878-9bb3-42b5-8b94-e0e229812e65@group-D5D0288CE997-LeaderElection195] INFO  impl.LeaderElection (LeaderElection.java:askForVotes(450)) - 9e23e878-9bb3-42b5-8b94-e0e229812e65@group-D5D0288CE997-LeaderElection195 PRE_VOTE round 0: result REJECTED
2025-09-13 17:33:12,266 [9e23e878-9bb3-42b5-8b94-e0e229812e65@group-D5D0288CE997-LeaderElection195] INFO  server.RaftServer$Division (RaftServerImpl.java:setRole(392)) - 9e23e878-9bb3-42b5-8b94-e0e229812e65@group-D5D0288CE997: changes role from CANDIDATE to FOLLOWER at term 1 for REJECTED
2025-09-13 17:33:12,266 [9e23e878-9bb3-42b5-8b94-e0e229812e65@group-D5D0288CE997-LeaderElection195] INFO  impl.RoleInfo (RoleInfo.java:shutdownLeaderElection(141)) - 9e23e878-9bb3-42b5-8b94-e0e229812e65: shutdown 9e23e878-9bb3-42b5-8b94-e0e229812e65@group-D5D0288CE997-LeaderElection195
2025-09-13 17:33:12,266 [9e23e878-9bb3-42b5-8b94-e0e229812e65@group-D5D0288CE997-LeaderElection195] INFO  impl.RoleInfo (RoleInfo.java:updateAndGet(148)) - 9e23e878-9bb3-42b5-8b94-e0e229812e65: start 9e23e878-9bb3-42b5-8b94-e0e229812e65@group-D5D0288CE997-FollowerState
2025-09-13 17:33:13,112 [9e23e878-9bb3-42b5-8b94-e0e229812e65@group-CF05563D4821-FollowerState] INFO  impl.FollowerState (FollowerState.java:runImpl(161)) - 9e23e878-9bb3-42b5-8b94-e0e229812e65@group-CF05563D4821-FollowerState: change to CANDIDATE, lastRpcElapsedTime:1112272682ns, electionTimeout:1112ms
2025-09-13 17:33:13,112 [9e23e878-9bb3-42b5-8b94-e0e229812e65@group-CF05563D4821-FollowerState] INFO  impl.RoleInfo (RoleInfo.java:shutdownFollowerState(121)) - 9e23e878-9bb3-42b5-8b94-e0e229812e65: shutdown 9e23e878-9bb3-42b5-8b94-e0e229812e65@group-CF05563D4821-FollowerState
2025-09-13 17:33:13,112 [9e23e878-9bb3-42b5-8b94-e0e229812e65@group-CF05563D4821-FollowerState] INFO  server.RaftServer$Division (RaftServerImpl.java:setRole(392)) - 9e23e878-9bb3-42b5-8b94-e0e229812e65@group-CF05563D4821: changes role from  FOLLOWER to CANDIDATE at term 2 for changeToCandidate
2025-09-13 17:33:13,112 [9e23e878-9bb3-42b5-8b94-e0e229812e65@group-CF05563D4821-FollowerState] INFO  impl.RoleInfo (RoleInfo.java:updateAndGet(148)) - 9e23e878-9bb3-42b5-8b94-e0e229812e65: start 9e23e878-9bb3-42b5-8b94-e0e229812e65@group-CF05563D4821-LeaderElection196
2025-09-13 17:33:13,112 [9e23e878-9bb3-42b5-8b94-e0e229812e65@group-CF05563D4821-LeaderElection196] INFO  impl.LeaderElection (LeaderElection.java:askForVotes(448)) - 9e23e878-9bb3-42b5-8b94-e0e229812e65@group-CF05563D4821-LeaderElection196 PRE_VOTE round 0: submit vote requests at term 2 for conf: {index: 1, cur=peers:[9e23e878-9bb3-42b5-8b94-e0e229812e65|127.0.0.1:15023, 13facd30-3950-4310-8b1a-93d004abbbdd|127.0.0.1:15031, 36d876fb-a458-4393-963b-58eeedb8ba95|127.0.0.1:15015]|listeners:[], old=null}
2025-09-13 17:33:13,113 [9e23e878-9bb3-42b5-8b94-e0e229812e65@group-CF05563D4821-LeaderElection196] INFO  impl.LeaderElection (LogUtils.java:infoOrTrace(142)) - 9e23e878-9bb3-42b5-8b94-e0e229812e65@group-CF05563D4821-LeaderElection196 got exception when requesting votes: java.util.concurrent.ExecutionException: org.apache.ratis.thirdparty.io.grpc.StatusRuntimeException: UNAVAILABLE: io exception
2025-09-13 17:33:13,113 [9e23e878-9bb3-42b5-8b94-e0e229812e65@group-CF05563D4821-LeaderElection196] INFO  impl.LeaderElection (LogUtils.java:infoOrTrace(142)) - 9e23e878-9bb3-42b5-8b94-e0e229812e65@group-CF05563D4821-LeaderElection196 got exception when requesting votes: java.util.concurrent.ExecutionException: org.apache.ratis.thirdparty.io.grpc.StatusRuntimeException: UNAVAILABLE: io exception
2025-09-13 17:33:13,113 [9e23e878-9bb3-42b5-8b94-e0e229812e65@group-CF05563D4821-LeaderElection196] INFO  impl.LeaderElection (LeaderElection.java:logAndReturn(206)) - 9e23e878-9bb3-42b5-8b94-e0e229812e65@group-CF05563D4821-LeaderElection196: PRE_VOTE REJECTED received 0 response(s) and 2 exception(s):
2025-09-13 17:33:13,113 [9e23e878-9bb3-42b5-8b94-e0e229812e65@group-CF05563D4821-LeaderElection196] INFO  impl.LeaderElection (LogUtils.java:infoOrTrace(142)) -   Exception 0: java.util.concurrent.ExecutionException: org.apache.ratis.thirdparty.io.grpc.StatusRuntimeException: UNAVAILABLE: io exception
2025-09-13 17:33:13,113 [9e23e878-9bb3-42b5-8b94-e0e229812e65@group-CF05563D4821-LeaderElection196] INFO  impl.LeaderElection (LogUtils.java:infoOrTrace(142)) -   Exception 1: java.util.concurrent.ExecutionException: org.apache.ratis.thirdparty.io.grpc.StatusRuntimeException: UNAVAILABLE: io exception
2025-09-13 17:33:13,113 [9e23e878-9bb3-42b5-8b94-e0e229812e65@group-CF05563D4821-LeaderElection196] INFO  impl.LeaderElection (LeaderElection.java:askForVotes(450)) - 9e23e878-9bb3-42b5-8b94-e0e229812e65@group-CF05563D4821-LeaderElection196 PRE_VOTE round 0: result REJECTED
2025-09-13 17:33:13,113 [9e23e878-9bb3-42b5-8b94-e0e229812e65@group-CF05563D4821-LeaderElection196] INFO  server.RaftServer$Division (RaftServerImpl.java:setRole(392)) - 9e23e878-9bb3-42b5-8b94-e0e229812e65@group-CF05563D4821: changes role from CANDIDATE to FOLLOWER at term 2 for REJECTED
2025-09-13 17:33:13,113 [9e23e878-9bb3-42b5-8b94-e0e229812e65@group-CF05563D4821-LeaderElection196] INFO  impl.RoleInfo (RoleInfo.java:shutdownLeaderElection(141)) - 9e23e878-9bb3-42b5-8b94-e0e229812e65: shutdown 9e23e878-9bb3-42b5-8b94-e0e229812e65@group-CF05563D4821-LeaderElection196
2025-09-13 17:33:13,113 [9e23e878-9bb3-42b5-8b94-e0e229812e65@group-CF05563D4821-LeaderElection196] INFO  impl.RoleInfo (RoleInfo.java:updateAndGet(148)) - 9e23e878-9bb3-42b5-8b94-e0e229812e65: start 9e23e878-9bb3-42b5-8b94-e0e229812e65@group-CF05563D4821-FollowerState
2025-09-13 17:33:13,354 [9e23e878-9bb3-42b5-8b94-e0e229812e65@group-D5D0288CE997-FollowerState] INFO  impl.FollowerState (FollowerState.java:runImpl(161)) - 9e23e878-9bb3-42b5-8b94-e0e229812e65@group-D5D0288CE997-FollowerState: change to CANDIDATE, lastRpcElapsedTime:1087563012ns, electionTimeout:1087ms
2025-09-13 17:33:13,354 [9e23e878-9bb3-42b5-8b94-e0e229812e65@group-D5D0288CE997-FollowerState] INFO  impl.RoleInfo (RoleInfo.java:shutdownFollowerState(121)) - 9e23e878-9bb3-42b5-8b94-e0e229812e65: shutdown 9e23e878-9bb3-42b5-8b94-e0e229812e65@group-D5D0288CE997-FollowerState
2025-09-13 17:33:13,354 [9e23e878-9bb3-42b5-8b94-e0e229812e65@group-D5D0288CE997-FollowerState] INFO  server.RaftServer$Division (RaftServerImpl.java:setRole(392)) - 9e23e878-9bb3-42b5-8b94-e0e229812e65@group-D5D0288CE997: changes role from  FOLLOWER to CANDIDATE at term 1 for changeToCandidate
2025-09-13 17:33:13,354 [9e23e878-9bb3-42b5-8b94-e0e229812e65@group-D5D0288CE997-FollowerState] INFO  impl.RoleInfo (RoleInfo.java:updateAndGet(148)) - 9e23e878-9bb3-42b5-8b94-e0e229812e65: start 9e23e878-9bb3-42b5-8b94-e0e229812e65@group-D5D0288CE997-LeaderElection197
2025-09-13 17:33:13,354 [9e23e878-9bb3-42b5-8b94-e0e229812e65@group-D5D0288CE997-LeaderElection197] INFO  impl.LeaderElection (LeaderElection.java:askForVotes(448)) - 9e23e878-9bb3-42b5-8b94-e0e229812e65@group-D5D0288CE997-LeaderElection197 PRE_VOTE round 0: submit vote requests at term 1 for conf: {index: 0, cur=peers:[9e23e878-9bb3-42b5-8b94-e0e229812e65|127.0.0.1:15023, 13facd30-3950-4310-8b1a-93d004abbbdd|127.0.0.1:15031, 36d876fb-a458-4393-963b-58eeedb8ba95|127.0.0.1:15015]|listeners:[], old=null}
2025-09-13 17:33:13,354 [9e23e878-9bb3-42b5-8b94-e0e229812e65@group-D5D0288CE997-LeaderElection197] INFO  impl.LeaderElection (LogUtils.java:infoOrTrace(142)) - 9e23e878-9bb3-42b5-8b94-e0e229812e65@group-D5D0288CE997-LeaderElection197 got exception when requesting votes: java.util.concurrent.ExecutionException: org.apache.ratis.thirdparty.io.grpc.StatusRuntimeException: UNAVAILABLE: io exception
2025-09-13 17:33:13,355 [9e23e878-9bb3-42b5-8b94-e0e229812e65@group-D5D0288CE997-LeaderElection197] INFO  impl.LeaderElection (LogUtils.java:infoOrTrace(142)) - 9e23e878-9bb3-42b5-8b94-e0e229812e65@group-D5D0288CE997-LeaderElection197 got exception when requesting votes: java.util.concurrent.ExecutionException: org.apache.ratis.thirdparty.io.grpc.StatusRuntimeException: UNAVAILABLE: io exception
2025-09-13 17:33:13,355 [9e23e878-9bb3-42b5-8b94-e0e229812e65@group-D5D0288CE997-LeaderElection197] INFO  impl.LeaderElection (LeaderElection.java:logAndReturn(206)) - 9e23e878-9bb3-42b5-8b94-e0e229812e65@group-D5D0288CE997-LeaderElection197: PRE_VOTE REJECTED received 0 response(s) and 2 exception(s):
2025-09-13 17:33:13,355 [9e23e878-9bb3-42b5-8b94-e0e229812e65@group-D5D0288CE997-LeaderElection197] INFO  impl.LeaderElection (LogUtils.java:infoOrTrace(142)) -   Exception 0: java.util.concurrent.ExecutionException: org.apache.ratis.thirdparty.io.grpc.StatusRuntimeException: UNAVAILABLE: io exception
2025-09-13 17:33:13,355 [9e23e878-9bb3-42b5-8b94-e0e229812e65@group-D5D0288CE997-LeaderElection197] INFO  impl.LeaderElection (LogUtils.java:infoOrTrace(142)) -   Exception 1: java.util.concurrent.ExecutionException: org.apache.ratis.thirdparty.io.grpc.StatusRuntimeException: UNAVAILABLE: io exception
2025-09-13 17:33:13,355 [9e23e878-9bb3-42b5-8b94-e0e229812e65@group-D5D0288CE997-LeaderElection197] INFO  impl.LeaderElection (LeaderElection.java:askForVotes(450)) - 9e23e878-9bb3-42b5-8b94-e0e229812e65@group-D5D0288CE997-LeaderElection197 PRE_VOTE round 0: result REJECTED
2025-09-13 17:33:13,355 [9e23e878-9bb3-42b5-8b94-e0e229812e65@group-D5D0288CE997-LeaderElection197] INFO  server.RaftServer$Division (RaftServerImpl.java:setRole(392)) - 9e23e878-9bb3-42b5-8b94-e0e229812e65@group-D5D0288CE997: changes role from CANDIDATE to FOLLOWER at term 1 for REJECTED
2025-09-13 17:33:13,355 [9e23e878-9bb3-42b5-8b94-e0e229812e65@group-D5D0288CE997-LeaderElection197] INFO  impl.RoleInfo (RoleInfo.java:shutdownLeaderElection(141)) - 9e23e878-9bb3-42b5-8b94-e0e229812e65: shutdown 9e23e878-9bb3-42b5-8b94-e0e229812e65@group-D5D0288CE997-LeaderElection197
2025-09-13 17:33:13,355 [9e23e878-9bb3-42b5-8b94-e0e229812e65@group-D5D0288CE997-LeaderElection197] INFO  impl.RoleInfo (RoleInfo.java:updateAndGet(148)) - 9e23e878-9bb3-42b5-8b94-e0e229812e65: start 9e23e878-9bb3-42b5-8b94-e0e229812e65@group-D5D0288CE997-FollowerState
2025-09-13 17:33:13,485 [22454e81-7bda-41d4-8b71-c0b680f2e12d-server-thread1] INFO  server.RaftServer$Division (RaftServerImpl.java:takeSnapshotAsync(1241)) - 22454e81-7bda-41d4-8b71-c0b680f2e12d@group-7661A5CF51A5: takeSnapshotAsync SnapshotManagementRequest:client-09B8F48E9DCD->22454e81-7bda-41d4-8b71-c0b680f2e12d@group-7661A5CF51A5, cid=42, seq=null, RO, null, Create:
2025-09-13 17:33:13,485 [22454e81-7bda-41d4-8b71-c0b680f2e12d-server-thread1] INFO  server.RaftServerConfigKeys (ConfUtils.java:logGet(62)) - raft.server.snapshot.creation.gap = 1024 (default)
2025-09-13 17:33:14,213 [grpc-default-executor-8] ERROR impl.OrderedAsync (OrderedAsync.java:lambda$null$6(215)) -  client-2ECFBEF5EF78: Failed* RaftClientRequest:client-2ECFBEF5EF78->36d876fb-a458-4393-963b-58eeedb8ba95@group-D5D0288CE997, cid=47, seq=10*, RW, cmdType: WriteChunk
traceID: ""
containerID: 3
datanodeUuid: "13facd30-3950-4310-8b1a-93d004abbbdd"
writeChunk {
  blockID {
    containerID: 3
    localID: 115816896921600006
    blockCommitSequenceId: 0
    replicaIndex: 0
  }
  chunkData {
    chunkName: "115816896921600006_chunk_1"
    offset: 0
    len: 524288
    checksumData {
      type: CRC32
      bytesPerChecksum: 16384
      checksums: "\326\360U\321"
      checksums: "\326\360U\321"
      checksums: "\326\360U\321"
      checksums: "\326\360U\321"
      checksums: "\326\360U\321"
      checksums: "\326\360U\321"
      checksums: "\326\360U\321"
      checksums: "\326\360U\321"
      checksums: "\326\360U\321"
      checksums: "\326\360U\321"
      checksums: "\326\360U\321"
      checksums: "\326\360U\321"
      checksums: "\326\360U\321"
      checksums: "\326\360U\321"
      checksums: "\326\360U\321"
      checksums: "\326\360U\321"
      checksums: "\326\360U\321"
      checksums: "\326\360U\321"
      checksums: "\326\360U\321"
      checksums: "\326\360U\321"
      checksums: "\326\360U\321"
      checksums: "\326\360U\321"
      checksums: "\326\360U\321"
      checksums: "\326\360U\321"
      checksums: "\326\360U\321"
      checksums: "\326\360U\321"
      checksums: "\326\360U\321"
      checksums: "\326\360U\321"
      checksums: "\326\360U\321"
      checksums: "\326\360U\321"
      checksums: "\326\360U\321"
      checksums: "\277r/p"
    }
  }
}
version: 3
, data.size=524288
java.util.concurrent.CompletionException: java.io.IOException: org.apache.ratis.thirdparty.io.grpc.StatusRuntimeException: UNAVAILABLE: io exception
	at java.base/java.util.concurrent.CompletableFuture.encodeThrowable(CompletableFuture.java:332)
	at java.base/java.util.concurrent.CompletableFuture.completeThrowable(CompletableFuture.java:347)
	at java.base/java.util.concurrent.CompletableFuture$UniAccept.tryFire(CompletableFuture.java:708)
	at java.base/java.util.concurrent.CompletableFuture.postComplete(CompletableFuture.java:510)
	at java.base/java.util.concurrent.CompletableFuture.completeExceptionally(CompletableFuture.java:2194)
	at org.apache.ratis.grpc.client.GrpcClientProtocolClient$AsyncStreamObservers.completeReplyExceptionally(GrpcClientProtocolClient.java:397)
	at org.apache.ratis.grpc.client.GrpcClientProtocolClient$AsyncStreamObservers.access$000(GrpcClientProtocolClient.java:303)
	at org.apache.ratis.grpc.client.GrpcClientProtocolClient$AsyncStreamObservers$1.onError(GrpcClientProtocolClient.java:334)
	at org.apache.ratis.thirdparty.io.grpc.stub.ClientCalls$StreamObserverToCallListenerAdapter.onClose(ClientCalls.java:564)
	at org.apache.ratis.thirdparty.io.grpc.PartialForwardingClientCallListener.onClose(PartialForwardingClientCallListener.java:39)
	at org.apache.ratis.thirdparty.io.grpc.ForwardingClientCallListener.onClose(ForwardingClientCallListener.java:23)
	at org.apache.ratis.grpc.metrics.intercept.client.MetricClientCallListener.onClose(MetricClientCallListener.java:47)
	at org.apache.ratis.thirdparty.io.grpc.internal.ClientCallImpl.closeObserver(ClientCallImpl.java:565)
	at org.apache.ratis.thirdparty.io.grpc.internal.ClientCallImpl.access$100(ClientCallImpl.java:72)
	at org.apache.ratis.thirdparty.io.grpc.internal.ClientCallImpl$ClientStreamListenerImpl$1StreamClosed.runInternal(ClientCallImpl.java:733)
	at org.apache.ratis.thirdparty.io.grpc.internal.ClientCallImpl$ClientStreamListenerImpl$1StreamClosed.runInContext(ClientCallImpl.java:714)
	at org.apache.ratis.thirdparty.io.grpc.internal.ContextRunnable.run(ContextRunnable.java:37)
	at org.apache.ratis.thirdparty.io.grpc.internal.SerializingExecutor.run(SerializingExecutor.java:133)
	at java.base/java.util.concurrent.ThreadPoolExecutor.runWorker(ThreadPoolExecutor.java:1144)
	at java.base/java.util.concurrent.ThreadPoolExecutor$Worker.run(ThreadPoolExecutor.java:642)
	at java.base/java.lang.Thread.run(Thread.java:1583)
Caused by: java.io.IOException: org.apache.ratis.thirdparty.io.grpc.StatusRuntimeException: UNAVAILABLE: io exception
	at org.apache.ratis.grpc.GrpcUtil.unwrapException(GrpcUtil.java:99)
	at org.apache.ratis.grpc.GrpcUtil.unwrapIOException(GrpcUtil.java:159)
	at org.apache.ratis.grpc.client.GrpcClientProtocolClient$AsyncStreamObservers$1.onError(GrpcClientProtocolClient.java:333)
	... 13 more
Caused by: org.apache.ratis.thirdparty.io.grpc.StatusRuntimeException: UNAVAILABLE: io exception
	at org.apache.ratis.thirdparty.io.grpc.Status.asRuntimeException(Status.java:532)
	... 13 more
Caused by: org.apache.ratis.thirdparty.io.netty.channel.AbstractChannel$AnnotatedConnectException: finishConnect(..) failed: Connection refused: /127.0.0.1:15013
Caused by: java.net.ConnectException: finishConnect(..) failed: Connection refused
	at org.apache.ratis.thirdparty.io.netty.channel.unix.Errors.newConnectException0(Errors.java:166)
	at org.apache.ratis.thirdparty.io.netty.channel.unix.Errors.handleConnectErrno(Errors.java:131)
	at org.apache.ratis.thirdparty.io.netty.channel.unix.Socket.finishConnect(Socket.java:359)
	at org.apache.ratis.thirdparty.io.netty.channel.epoll.AbstractEpollChannel$AbstractEpollUnsafe.doFinishConnect(AbstractEpollChannel.java:715)
	at org.apache.ratis.thirdparty.io.netty.channel.epoll.AbstractEpollChannel$AbstractEpollUnsafe.finishConnect(AbstractEpollChannel.java:692)
	at org.apache.ratis.thirdparty.io.netty.channel.epoll.AbstractEpollChannel$AbstractEpollUnsafe.epollOutReady(AbstractEpollChannel.java:567)
	at org.apache.ratis.thirdparty.io.netty.channel.epoll.EpollEventLoop.processReady(EpollEventLoop.java:491)
	at org.apache.ratis.thirdparty.io.netty.channel.epoll.EpollEventLoop.run(EpollEventLoop.java:399)
	at org.apache.ratis.thirdparty.io.netty.util.concurrent.SingleThreadEventExecutor$4.run(SingleThreadEventExecutor.java:998)
	at org.apache.ratis.thirdparty.io.netty.util.internal.ThreadExecutorMap$2.run(ThreadExecutorMap.java:74)
	at org.apache.ratis.thirdparty.io.netty.util.concurrent.FastThreadLocalRunnable.run(FastThreadLocalRunnable.java:30)
	at java.base/java.lang.Thread.run(Thread.java:1583)
2025-09-13 17:33:14,224 [9e23e878-9bb3-42b5-8b94-e0e229812e65@group-CF05563D4821-FollowerState] INFO  impl.FollowerState (FollowerState.java:runImpl(161)) - 9e23e878-9bb3-42b5-8b94-e0e229812e65@group-CF05563D4821-FollowerState: change to CANDIDATE, lastRpcElapsedTime:1111297276ns, electionTimeout:1111ms
2025-09-13 17:33:14,224 [9e23e878-9bb3-42b5-8b94-e0e229812e65@group-CF05563D4821-FollowerState] INFO  impl.RoleInfo (RoleInfo.java:shutdownFollowerState(121)) - 9e23e878-9bb3-42b5-8b94-e0e229812e65: shutdown 9e23e878-9bb3-42b5-8b94-e0e229812e65@group-CF05563D4821-FollowerState
2025-09-13 17:33:14,224 [9e23e878-9bb3-42b5-8b94-e0e229812e65@group-CF05563D4821-FollowerState] INFO  server.RaftServer$Division (RaftServerImpl.java:setRole(392)) - 9e23e878-9bb3-42b5-8b94-e0e229812e65@group-CF05563D4821: changes role from  FOLLOWER to CANDIDATE at term 2 for changeToCandidate
2025-09-13 17:33:14,224 [9e23e878-9bb3-42b5-8b94-e0e229812e65@group-CF05563D4821-FollowerState] INFO  impl.RoleInfo (RoleInfo.java:updateAndGet(148)) - 9e23e878-9bb3-42b5-8b94-e0e229812e65: start 9e23e878-9bb3-42b5-8b94-e0e229812e65@group-CF05563D4821-LeaderElection198
2025-09-13 17:33:14,225 [9e23e878-9bb3-42b5-8b94-e0e229812e65@group-CF05563D4821-LeaderElection198] INFO  impl.LeaderElection (LeaderElection.java:askForVotes(448)) - 9e23e878-9bb3-42b5-8b94-e0e229812e65@group-CF05563D4821-LeaderElection198 PRE_VOTE round 0: submit vote requests at term 2 for conf: {index: 1, cur=peers:[9e23e878-9bb3-42b5-8b94-e0e229812e65|127.0.0.1:15023, 13facd30-3950-4310-8b1a-93d004abbbdd|127.0.0.1:15031, 36d876fb-a458-4393-963b-58eeedb8ba95|127.0.0.1:15015]|listeners:[], old=null}
2025-09-13 17:33:14,225 [9e23e878-9bb3-42b5-8b94-e0e229812e65@group-CF05563D4821-LeaderElection198] INFO  impl.LeaderElection (LogUtils.java:infoOrTrace(142)) - 9e23e878-9bb3-42b5-8b94-e0e229812e65@group-CF05563D4821-LeaderElection198 got exception when requesting votes: java.util.concurrent.ExecutionException: org.apache.ratis.thirdparty.io.grpc.StatusRuntimeException: UNAVAILABLE: io exception
2025-09-13 17:33:14,225 [9e23e878-9bb3-42b5-8b94-e0e229812e65@group-CF05563D4821-LeaderElection198] INFO  impl.LeaderElection (LogUtils.java:infoOrTrace(142)) - 9e23e878-9bb3-42b5-8b94-e0e229812e65@group-CF05563D4821-LeaderElection198 got exception when requesting votes: java.util.concurrent.ExecutionException: org.apache.ratis.thirdparty.io.grpc.StatusRuntimeException: UNAVAILABLE: io exception
2025-09-13 17:33:14,225 [9e23e878-9bb3-42b5-8b94-e0e229812e65@group-CF05563D4821-LeaderElection198] INFO  impl.LeaderElection (LeaderElection.java:logAndReturn(206)) - 9e23e878-9bb3-42b5-8b94-e0e229812e65@group-CF05563D4821-LeaderElection198: PRE_VOTE REJECTED received 0 response(s) and 2 exception(s):
2025-09-13 17:33:14,225 [9e23e878-9bb3-42b5-8b94-e0e229812e65@group-CF05563D4821-LeaderElection198] INFO  impl.LeaderElection (LogUtils.java:infoOrTrace(142)) -   Exception 0: java.util.concurrent.ExecutionException: org.apache.ratis.thirdparty.io.grpc.StatusRuntimeException: UNAVAILABLE: io exception
2025-09-13 17:33:14,225 [9e23e878-9bb3-42b5-8b94-e0e229812e65@group-CF05563D4821-LeaderElection198] INFO  impl.LeaderElection (LogUtils.java:infoOrTrace(142)) -   Exception 1: java.util.concurrent.ExecutionException: org.apache.ratis.thirdparty.io.grpc.StatusRuntimeException: UNAVAILABLE: io exception
2025-09-13 17:33:14,226 [9e23e878-9bb3-42b5-8b94-e0e229812e65@group-CF05563D4821-LeaderElection198] INFO  impl.LeaderElection (LeaderElection.java:askForVotes(450)) - 9e23e878-9bb3-42b5-8b94-e0e229812e65@group-CF05563D4821-LeaderElection198 PRE_VOTE round 0: result REJECTED
2025-09-13 17:33:14,226 [9e23e878-9bb3-42b5-8b94-e0e229812e65@group-CF05563D4821-LeaderElection198] INFO  server.RaftServer$Division (RaftServerImpl.java:setRole(392)) - 9e23e878-9bb3-42b5-8b94-e0e229812e65@group-CF05563D4821: changes role from CANDIDATE to FOLLOWER at term 2 for REJECTED
2025-09-13 17:33:14,226 [9e23e878-9bb3-42b5-8b94-e0e229812e65@group-CF05563D4821-LeaderElection198] INFO  impl.RoleInfo (RoleInfo.java:shutdownLeaderElection(141)) - 9e23e878-9bb3-42b5-8b94-e0e229812e65: shutdown 9e23e878-9bb3-42b5-8b94-e0e229812e65@group-CF05563D4821-LeaderElection198
2025-09-13 17:33:14,226 [9e23e878-9bb3-42b5-8b94-e0e229812e65@group-CF05563D4821-LeaderElection198] INFO  impl.RoleInfo (RoleInfo.java:updateAndGet(148)) - 9e23e878-9bb3-42b5-8b94-e0e229812e65: start 9e23e878-9bb3-42b5-8b94-e0e229812e65@group-CF05563D4821-FollowerState
2025-09-13 17:33:14,467 [9e23e878-9bb3-42b5-8b94-e0e229812e65@group-D5D0288CE997-FollowerState] INFO  impl.FollowerState (FollowerState.java:runImpl(161)) - 9e23e878-9bb3-42b5-8b94-e0e229812e65@group-D5D0288CE997-FollowerState: change to CANDIDATE, lastRpcElapsedTime:1112302775ns, electionTimeout:1112ms
2025-09-13 17:33:14,467 [9e23e878-9bb3-42b5-8b94-e0e229812e65@group-D5D0288CE997-FollowerState] INFO  impl.RoleInfo (RoleInfo.java:shutdownFollowerState(121)) - 9e23e878-9bb3-42b5-8b94-e0e229812e65: shutdown 9e23e878-9bb3-42b5-8b94-e0e229812e65@group-D5D0288CE997-FollowerState
2025-09-13 17:33:14,467 [9e23e878-9bb3-42b5-8b94-e0e229812e65@group-D5D0288CE997-FollowerState] INFO  server.RaftServer$Division (RaftServerImpl.java:setRole(392)) - 9e23e878-9bb3-42b5-8b94-e0e229812e65@group-D5D0288CE997: changes role from  FOLLOWER to CANDIDATE at term 1 for changeToCandidate
2025-09-13 17:33:14,467 [9e23e878-9bb3-42b5-8b94-e0e229812e65@group-D5D0288CE997-FollowerState] INFO  impl.RoleInfo (RoleInfo.java:updateAndGet(148)) - 9e23e878-9bb3-42b5-8b94-e0e229812e65: start 9e23e878-9bb3-42b5-8b94-e0e229812e65@group-D5D0288CE997-LeaderElection199
2025-09-13 17:33:14,468 [9e23e878-9bb3-42b5-8b94-e0e229812e65@group-D5D0288CE997-LeaderElection199] INFO  impl.LeaderElection (LeaderElection.java:askForVotes(448)) - 9e23e878-9bb3-42b5-8b94-e0e229812e65@group-D5D0288CE997-LeaderElection199 PRE_VOTE round 0: submit vote requests at term 1 for conf: {index: 0, cur=peers:[9e23e878-9bb3-42b5-8b94-e0e229812e65|127.0.0.1:15023, 13facd30-3950-4310-8b1a-93d004abbbdd|127.0.0.1:15031, 36d876fb-a458-4393-963b-58eeedb8ba95|127.0.0.1:15015]|listeners:[], old=null}
2025-09-13 17:33:14,468 [9e23e878-9bb3-42b5-8b94-e0e229812e65@group-D5D0288CE997-LeaderElection199] INFO  impl.LeaderElection (LogUtils.java:infoOrTrace(142)) - 9e23e878-9bb3-42b5-8b94-e0e229812e65@group-D5D0288CE997-LeaderElection199 got exception when requesting votes: java.util.concurrent.ExecutionException: org.apache.ratis.thirdparty.io.grpc.StatusRuntimeException: UNAVAILABLE: io exception
2025-09-13 17:33:14,468 [9e23e878-9bb3-42b5-8b94-e0e229812e65@group-D5D0288CE997-LeaderElection199] INFO  impl.LeaderElection (LogUtils.java:infoOrTrace(142)) - 9e23e878-9bb3-42b5-8b94-e0e229812e65@group-D5D0288CE997-LeaderElection199 got exception when requesting votes: java.util.concurrent.ExecutionException: org.apache.ratis.thirdparty.io.grpc.StatusRuntimeException: UNAVAILABLE: io exception
2025-09-13 17:33:14,468 [9e23e878-9bb3-42b5-8b94-e0e229812e65@group-D5D0288CE997-LeaderElection199] INFO  impl.LeaderElection (LeaderElection.java:logAndReturn(206)) - 9e23e878-9bb3-42b5-8b94-e0e229812e65@group-D5D0288CE997-LeaderElection199: PRE_VOTE REJECTED received 0 response(s) and 2 exception(s):
2025-09-13 17:33:14,468 [9e23e878-9bb3-42b5-8b94-e0e229812e65@group-D5D0288CE997-LeaderElection199] INFO  impl.LeaderElection (LogUtils.java:infoOrTrace(142)) -   Exception 0: java.util.concurrent.ExecutionException: org.apache.ratis.thirdparty.io.grpc.StatusRuntimeException: UNAVAILABLE: io exception
2025-09-13 17:33:14,468 [9e23e878-9bb3-42b5-8b94-e0e229812e65@group-D5D0288CE997-LeaderElection199] INFO  impl.LeaderElection (LogUtils.java:infoOrTrace(142)) -   Exception 1: java.util.concurrent.ExecutionException: org.apache.ratis.thirdparty.io.grpc.StatusRuntimeException: UNAVAILABLE: io exception
2025-09-13 17:33:14,468 [9e23e878-9bb3-42b5-8b94-e0e229812e65@group-D5D0288CE997-LeaderElection199] INFO  impl.LeaderElection (LeaderElection.java:askForVotes(450)) - 9e23e878-9bb3-42b5-8b94-e0e229812e65@group-D5D0288CE997-LeaderElection199 PRE_VOTE round 0: result REJECTED
2025-09-13 17:33:14,469 [9e23e878-9bb3-42b5-8b94-e0e229812e65@group-D5D0288CE997-LeaderElection199] INFO  server.RaftServer$Division (RaftServerImpl.java:setRole(392)) - 9e23e878-9bb3-42b5-8b94-e0e229812e65@group-D5D0288CE997: changes role from CANDIDATE to FOLLOWER at term 1 for REJECTED
2025-09-13 17:33:14,469 [9e23e878-9bb3-42b5-8b94-e0e229812e65@group-D5D0288CE997-LeaderElection199] INFO  impl.RoleInfo (RoleInfo.java:shutdownLeaderElection(141)) - 9e23e878-9bb3-42b5-8b94-e0e229812e65: shutdown 9e23e878-9bb3-42b5-8b94-e0e229812e65@group-D5D0288CE997-LeaderElection199
2025-09-13 17:33:14,469 [9e23e878-9bb3-42b5-8b94-e0e229812e65@group-D5D0288CE997-LeaderElection199] INFO  impl.RoleInfo (RoleInfo.java:updateAndGet(148)) - 9e23e878-9bb3-42b5-8b94-e0e229812e65: start 9e23e878-9bb3-42b5-8b94-e0e229812e65@group-D5D0288CE997-FollowerState
2025-09-13 17:33:15,393 [9e23e878-9bb3-42b5-8b94-e0e229812e65@group-CF05563D4821-FollowerState] INFO  impl.FollowerState (FollowerState.java:runImpl(161)) - 9e23e878-9bb3-42b5-8b94-e0e229812e65@group-CF05563D4821-FollowerState: change to CANDIDATE, lastRpcElapsedTime:1167354117ns, electionTimeout:1167ms
2025-09-13 17:33:15,393 [9e23e878-9bb3-42b5-8b94-e0e229812e65@group-CF05563D4821-FollowerState] INFO  impl.RoleInfo (RoleInfo.java:shutdownFollowerState(121)) - 9e23e878-9bb3-42b5-8b94-e0e229812e65: shutdown 9e23e878-9bb3-42b5-8b94-e0e229812e65@group-CF05563D4821-FollowerState
2025-09-13 17:33:15,393 [9e23e878-9bb3-42b5-8b94-e0e229812e65@group-CF05563D4821-FollowerState] INFO  server.RaftServer$Division (RaftServerImpl.java:setRole(392)) - 9e23e878-9bb3-42b5-8b94-e0e229812e65@group-CF05563D4821: changes role from  FOLLOWER to CANDIDATE at term 2 for changeToCandidate
2025-09-13 17:33:15,393 [9e23e878-9bb3-42b5-8b94-e0e229812e65@group-CF05563D4821-FollowerState] INFO  impl.RoleInfo (RoleInfo.java:updateAndGet(148)) - 9e23e878-9bb3-42b5-8b94-e0e229812e65: start 9e23e878-9bb3-42b5-8b94-e0e229812e65@group-CF05563D4821-LeaderElection200
2025-09-13 17:33:15,394 [9e23e878-9bb3-42b5-8b94-e0e229812e65@group-CF05563D4821-LeaderElection200] INFO  impl.LeaderElection (LeaderElection.java:askForVotes(448)) - 9e23e878-9bb3-42b5-8b94-e0e229812e65@group-CF05563D4821-LeaderElection200 PRE_VOTE round 0: submit vote requests at term 2 for conf: {index: 1, cur=peers:[9e23e878-9bb3-42b5-8b94-e0e229812e65|127.0.0.1:15023, 13facd30-3950-4310-8b1a-93d004abbbdd|127.0.0.1:15031, 36d876fb-a458-4393-963b-58eeedb8ba95|127.0.0.1:15015]|listeners:[], old=null}
2025-09-13 17:33:15,394 [9e23e878-9bb3-42b5-8b94-e0e229812e65@group-CF05563D4821-LeaderElection200] INFO  impl.LeaderElection (LogUtils.java:infoOrTrace(142)) - 9e23e878-9bb3-42b5-8b94-e0e229812e65@group-CF05563D4821-LeaderElection200 got exception when requesting votes: java.util.concurrent.ExecutionException: org.apache.ratis.thirdparty.io.grpc.StatusRuntimeException: UNAVAILABLE: io exception
2025-09-13 17:33:15,394 [9e23e878-9bb3-42b5-8b94-e0e229812e65@group-CF05563D4821-LeaderElection200] INFO  impl.LeaderElection (LogUtils.java:infoOrTrace(142)) - 9e23e878-9bb3-42b5-8b94-e0e229812e65@group-CF05563D4821-LeaderElection200 got exception when requesting votes: java.util.concurrent.ExecutionException: org.apache.ratis.thirdparty.io.grpc.StatusRuntimeException: UNAVAILABLE: io exception
2025-09-13 17:33:15,394 [9e23e878-9bb3-42b5-8b94-e0e229812e65@group-CF05563D4821-LeaderElection200] INFO  impl.LeaderElection (LeaderElection.java:logAndReturn(206)) - 9e23e878-9bb3-42b5-8b94-e0e229812e65@group-CF05563D4821-LeaderElection200: PRE_VOTE REJECTED received 0 response(s) and 2 exception(s):
2025-09-13 17:33:15,394 [9e23e878-9bb3-42b5-8b94-e0e229812e65@group-CF05563D4821-LeaderElection200] INFO  impl.LeaderElection (LogUtils.java:infoOrTrace(142)) -   Exception 0: java.util.concurrent.ExecutionException: org.apache.ratis.thirdparty.io.grpc.StatusRuntimeException: UNAVAILABLE: io exception
2025-09-13 17:33:15,394 [9e23e878-9bb3-42b5-8b94-e0e229812e65@group-CF05563D4821-LeaderElection200] INFO  impl.LeaderElection (LogUtils.java:infoOrTrace(142)) -   Exception 1: java.util.concurrent.ExecutionException: org.apache.ratis.thirdparty.io.grpc.StatusRuntimeException: UNAVAILABLE: io exception
2025-09-13 17:33:15,394 [9e23e878-9bb3-42b5-8b94-e0e229812e65@group-CF05563D4821-LeaderElection200] INFO  impl.LeaderElection (LeaderElection.java:askForVotes(450)) - 9e23e878-9bb3-42b5-8b94-e0e229812e65@group-CF05563D4821-LeaderElection200 PRE_VOTE round 0: result REJECTED
2025-09-13 17:33:15,394 [9e23e878-9bb3-42b5-8b94-e0e229812e65@group-CF05563D4821-LeaderElection200] INFO  server.RaftServer$Division (RaftServerImpl.java:setRole(392)) - 9e23e878-9bb3-42b5-8b94-e0e229812e65@group-CF05563D4821: changes role from CANDIDATE to FOLLOWER at term 2 for REJECTED
2025-09-13 17:33:15,394 [9e23e878-9bb3-42b5-8b94-e0e229812e65@group-CF05563D4821-LeaderElection200] INFO  impl.RoleInfo (RoleInfo.java:shutdownLeaderElection(141)) - 9e23e878-9bb3-42b5-8b94-e0e229812e65: shutdown 9e23e878-9bb3-42b5-8b94-e0e229812e65@group-CF05563D4821-LeaderElection200
2025-09-13 17:33:15,394 [9e23e878-9bb3-42b5-8b94-e0e229812e65@group-CF05563D4821-LeaderElection200] INFO  impl.RoleInfo (RoleInfo.java:updateAndGet(148)) - 9e23e878-9bb3-42b5-8b94-e0e229812e65: start 9e23e878-9bb3-42b5-8b94-e0e229812e65@group-CF05563D4821-FollowerState
2025-09-13 17:33:15,559 [9e23e878-9bb3-42b5-8b94-e0e229812e65@group-D5D0288CE997-FollowerState] INFO  impl.FollowerState (FollowerState.java:runImpl(161)) - 9e23e878-9bb3-42b5-8b94-e0e229812e65@group-D5D0288CE997-FollowerState: change to CANDIDATE, lastRpcElapsedTime:1090279042ns, electionTimeout:1090ms
2025-09-13 17:33:15,559 [9e23e878-9bb3-42b5-8b94-e0e229812e65@group-D5D0288CE997-FollowerState] INFO  impl.RoleInfo (RoleInfo.java:shutdownFollowerState(121)) - 9e23e878-9bb3-42b5-8b94-e0e229812e65: shutdown 9e23e878-9bb3-42b5-8b94-e0e229812e65@group-D5D0288CE997-FollowerState
2025-09-13 17:33:15,559 [9e23e878-9bb3-42b5-8b94-e0e229812e65@group-D5D0288CE997-FollowerState] INFO  server.RaftServer$Division (RaftServerImpl.java:setRole(392)) - 9e23e878-9bb3-42b5-8b94-e0e229812e65@group-D5D0288CE997: changes role from  FOLLOWER to CANDIDATE at term 1 for changeToCandidate
2025-09-13 17:33:15,559 [9e23e878-9bb3-42b5-8b94-e0e229812e65@group-D5D0288CE997-FollowerState] INFO  impl.RoleInfo (RoleInfo.java:updateAndGet(148)) - 9e23e878-9bb3-42b5-8b94-e0e229812e65: start 9e23e878-9bb3-42b5-8b94-e0e229812e65@group-D5D0288CE997-LeaderElection201
2025-09-13 17:33:15,559 [9e23e878-9bb3-42b5-8b94-e0e229812e65@group-D5D0288CE997-LeaderElection201] INFO  impl.LeaderElection (LeaderElection.java:askForVotes(448)) - 9e23e878-9bb3-42b5-8b94-e0e229812e65@group-D5D0288CE997-LeaderElection201 PRE_VOTE round 0: submit vote requests at term 1 for conf: {index: 0, cur=peers:[9e23e878-9bb3-42b5-8b94-e0e229812e65|127.0.0.1:15023, 13facd30-3950-4310-8b1a-93d004abbbdd|127.0.0.1:15031, 36d876fb-a458-4393-963b-58eeedb8ba95|127.0.0.1:15015]|listeners:[], old=null}
2025-09-13 17:33:15,560 [9e23e878-9bb3-42b5-8b94-e0e229812e65@group-D5D0288CE997-LeaderElection201] INFO  impl.LeaderElection (LogUtils.java:infoOrTrace(142)) - 9e23e878-9bb3-42b5-8b94-e0e229812e65@group-D5D0288CE997-LeaderElection201 got exception when requesting votes: java.util.concurrent.ExecutionException: org.apache.ratis.thirdparty.io.grpc.StatusRuntimeException: UNAVAILABLE: io exception
2025-09-13 17:33:15,560 [9e23e878-9bb3-42b5-8b94-e0e229812e65@group-D5D0288CE997-LeaderElection201] INFO  impl.LeaderElection (LogUtils.java:infoOrTrace(142)) - 9e23e878-9bb3-42b5-8b94-e0e229812e65@group-D5D0288CE997-LeaderElection201 got exception when requesting votes: java.util.concurrent.ExecutionException: org.apache.ratis.thirdparty.io.grpc.StatusRuntimeException: UNAVAILABLE: io exception
2025-09-13 17:33:15,560 [9e23e878-9bb3-42b5-8b94-e0e229812e65@group-D5D0288CE997-LeaderElection201] INFO  impl.LeaderElection (LeaderElection.java:logAndReturn(206)) - 9e23e878-9bb3-42b5-8b94-e0e229812e65@group-D5D0288CE997-LeaderElection201: PRE_VOTE REJECTED received 0 response(s) and 2 exception(s):
2025-09-13 17:33:15,560 [9e23e878-9bb3-42b5-8b94-e0e229812e65@group-D5D0288CE997-LeaderElection201] INFO  impl.LeaderElection (LogUtils.java:infoOrTrace(142)) -   Exception 0: java.util.concurrent.ExecutionException: org.apache.ratis.thirdparty.io.grpc.StatusRuntimeException: UNAVAILABLE: io exception
2025-09-13 17:33:15,560 [9e23e878-9bb3-42b5-8b94-e0e229812e65@group-D5D0288CE997-LeaderElection201] INFO  impl.LeaderElection (LogUtils.java:infoOrTrace(142)) -   Exception 1: java.util.concurrent.ExecutionException: org.apache.ratis.thirdparty.io.grpc.StatusRuntimeException: UNAVAILABLE: io exception
2025-09-13 17:33:15,560 [9e23e878-9bb3-42b5-8b94-e0e229812e65@group-D5D0288CE997-LeaderElection201] INFO  impl.LeaderElection (LeaderElection.java:askForVotes(450)) - 9e23e878-9bb3-42b5-8b94-e0e229812e65@group-D5D0288CE997-LeaderElection201 PRE_VOTE round 0: result REJECTED
2025-09-13 17:33:15,560 [9e23e878-9bb3-42b5-8b94-e0e229812e65@group-D5D0288CE997-LeaderElection201] INFO  server.RaftServer$Division (RaftServerImpl.java:setRole(392)) - 9e23e878-9bb3-42b5-8b94-e0e229812e65@group-D5D0288CE997: changes role from CANDIDATE to FOLLOWER at term 1 for REJECTED
2025-09-13 17:33:15,560 [9e23e878-9bb3-42b5-8b94-e0e229812e65@group-D5D0288CE997-LeaderElection201] INFO  impl.RoleInfo (RoleInfo.java:shutdownLeaderElection(141)) - 9e23e878-9bb3-42b5-8b94-e0e229812e65: shutdown 9e23e878-9bb3-42b5-8b94-e0e229812e65@group-D5D0288CE997-LeaderElection201
2025-09-13 17:33:15,560 [9e23e878-9bb3-42b5-8b94-e0e229812e65@group-D5D0288CE997-LeaderElection201] INFO  impl.RoleInfo (RoleInfo.java:updateAndGet(148)) - 9e23e878-9bb3-42b5-8b94-e0e229812e65: start 9e23e878-9bb3-42b5-8b94-e0e229812e65@group-D5D0288CE997-FollowerState
2025-09-13 17:33:16,473 [9e23e878-9bb3-42b5-8b94-e0e229812e65@group-CF05563D4821-FollowerState] INFO  impl.FollowerState (FollowerState.java:runImpl(161)) - 9e23e878-9bb3-42b5-8b94-e0e229812e65@group-CF05563D4821-FollowerState: change to CANDIDATE, lastRpcElapsedTime:1078374349ns, electionTimeout:1078ms
2025-09-13 17:33:16,473 [9e23e878-9bb3-42b5-8b94-e0e229812e65@group-CF05563D4821-FollowerState] INFO  impl.RoleInfo (RoleInfo.java:shutdownFollowerState(121)) - 9e23e878-9bb3-42b5-8b94-e0e229812e65: shutdown 9e23e878-9bb3-42b5-8b94-e0e229812e65@group-CF05563D4821-FollowerState
2025-09-13 17:33:16,473 [9e23e878-9bb3-42b5-8b94-e0e229812e65@group-CF05563D4821-FollowerState] INFO  server.RaftServer$Division (RaftServerImpl.java:setRole(392)) - 9e23e878-9bb3-42b5-8b94-e0e229812e65@group-CF05563D4821: changes role from  FOLLOWER to CANDIDATE at term 2 for changeToCandidate
2025-09-13 17:33:16,473 [9e23e878-9bb3-42b5-8b94-e0e229812e65@group-CF05563D4821-FollowerState] INFO  impl.RoleInfo (RoleInfo.java:updateAndGet(148)) - 9e23e878-9bb3-42b5-8b94-e0e229812e65: start 9e23e878-9bb3-42b5-8b94-e0e229812e65@group-CF05563D4821-LeaderElection202
2025-09-13 17:33:16,473 [9e23e878-9bb3-42b5-8b94-e0e229812e65@group-CF05563D4821-LeaderElection202] INFO  impl.LeaderElection (LeaderElection.java:askForVotes(448)) - 9e23e878-9bb3-42b5-8b94-e0e229812e65@group-CF05563D4821-LeaderElection202 PRE_VOTE round 0: submit vote requests at term 2 for conf: {index: 1, cur=peers:[9e23e878-9bb3-42b5-8b94-e0e229812e65|127.0.0.1:15023, 13facd30-3950-4310-8b1a-93d004abbbdd|127.0.0.1:15031, 36d876fb-a458-4393-963b-58eeedb8ba95|127.0.0.1:15015]|listeners:[], old=null}
2025-09-13 17:33:16,474 [9e23e878-9bb3-42b5-8b94-e0e229812e65@group-CF05563D4821-LeaderElection202] INFO  impl.LeaderElection (LogUtils.java:infoOrTrace(142)) - 9e23e878-9bb3-42b5-8b94-e0e229812e65@group-CF05563D4821-LeaderElection202 got exception when requesting votes: java.util.concurrent.ExecutionException: org.apache.ratis.thirdparty.io.grpc.StatusRuntimeException: UNAVAILABLE: io exception
2025-09-13 17:33:16,474 [9e23e878-9bb3-42b5-8b94-e0e229812e65@group-CF05563D4821-LeaderElection202] INFO  impl.LeaderElection (LogUtils.java:infoOrTrace(142)) - 9e23e878-9bb3-42b5-8b94-e0e229812e65@group-CF05563D4821-LeaderElection202 got exception when requesting votes: java.util.concurrent.ExecutionException: org.apache.ratis.thirdparty.io.grpc.StatusRuntimeException: UNAVAILABLE: io exception
2025-09-13 17:33:16,474 [9e23e878-9bb3-42b5-8b94-e0e229812e65@group-CF05563D4821-LeaderElection202] INFO  impl.LeaderElection (LeaderElection.java:logAndReturn(206)) - 9e23e878-9bb3-42b5-8b94-e0e229812e65@group-CF05563D4821-LeaderElection202: PRE_VOTE REJECTED received 0 response(s) and 2 exception(s):
2025-09-13 17:33:16,474 [9e23e878-9bb3-42b5-8b94-e0e229812e65@group-CF05563D4821-LeaderElection202] INFO  impl.LeaderElection (LogUtils.java:infoOrTrace(142)) -   Exception 0: java.util.concurrent.ExecutionException: org.apache.ratis.thirdparty.io.grpc.StatusRuntimeException: UNAVAILABLE: io exception
2025-09-13 17:33:16,474 [9e23e878-9bb3-42b5-8b94-e0e229812e65@group-CF05563D4821-LeaderElection202] INFO  impl.LeaderElection (LogUtils.java:infoOrTrace(142)) -   Exception 1: java.util.concurrent.ExecutionException: org.apache.ratis.thirdparty.io.grpc.StatusRuntimeException: UNAVAILABLE: io exception
2025-09-13 17:33:16,474 [9e23e878-9bb3-42b5-8b94-e0e229812e65@group-CF05563D4821-LeaderElection202] INFO  impl.LeaderElection (LeaderElection.java:askForVotes(450)) - 9e23e878-9bb3-42b5-8b94-e0e229812e65@group-CF05563D4821-LeaderElection202 PRE_VOTE round 0: result REJECTED
2025-09-13 17:33:16,474 [9e23e878-9bb3-42b5-8b94-e0e229812e65@group-CF05563D4821-LeaderElection202] INFO  server.RaftServer$Division (RaftServerImpl.java:setRole(392)) - 9e23e878-9bb3-42b5-8b94-e0e229812e65@group-CF05563D4821: changes role from CANDIDATE to FOLLOWER at term 2 for REJECTED
2025-09-13 17:33:16,474 [9e23e878-9bb3-42b5-8b94-e0e229812e65@group-CF05563D4821-LeaderElection202] INFO  impl.RoleInfo (RoleInfo.java:shutdownLeaderElection(141)) - 9e23e878-9bb3-42b5-8b94-e0e229812e65: shutdown 9e23e878-9bb3-42b5-8b94-e0e229812e65@group-CF05563D4821-LeaderElection202
2025-09-13 17:33:16,474 [9e23e878-9bb3-42b5-8b94-e0e229812e65@group-CF05563D4821-LeaderElection202] INFO  impl.RoleInfo (RoleInfo.java:updateAndGet(148)) - 9e23e878-9bb3-42b5-8b94-e0e229812e65: start 9e23e878-9bb3-42b5-8b94-e0e229812e65@group-CF05563D4821-FollowerState
2025-09-13 17:33:16,649 [9e23e878-9bb3-42b5-8b94-e0e229812e65@group-D5D0288CE997-FollowerState] INFO  impl.FollowerState (FollowerState.java:runImpl(161)) - 9e23e878-9bb3-42b5-8b94-e0e229812e65@group-D5D0288CE997-FollowerState: change to CANDIDATE, lastRpcElapsedTime:1089301976ns, electionTimeout:1089ms
2025-09-13 17:33:16,649 [9e23e878-9bb3-42b5-8b94-e0e229812e65@group-D5D0288CE997-FollowerState] INFO  impl.RoleInfo (RoleInfo.java:shutdownFollowerState(121)) - 9e23e878-9bb3-42b5-8b94-e0e229812e65: shutdown 9e23e878-9bb3-42b5-8b94-e0e229812e65@group-D5D0288CE997-FollowerState
2025-09-13 17:33:16,649 [9e23e878-9bb3-42b5-8b94-e0e229812e65@group-D5D0288CE997-FollowerState] INFO  server.RaftServer$Division (RaftServerImpl.java:setRole(392)) - 9e23e878-9bb3-42b5-8b94-e0e229812e65@group-D5D0288CE997: changes role from  FOLLOWER to CANDIDATE at term 1 for changeToCandidate
2025-09-13 17:33:16,649 [9e23e878-9bb3-42b5-8b94-e0e229812e65@group-D5D0288CE997-FollowerState] INFO  impl.RoleInfo (RoleInfo.java:updateAndGet(148)) - 9e23e878-9bb3-42b5-8b94-e0e229812e65: start 9e23e878-9bb3-42b5-8b94-e0e229812e65@group-D5D0288CE997-LeaderElection203
2025-09-13 17:33:16,650 [9e23e878-9bb3-42b5-8b94-e0e229812e65@group-D5D0288CE997-LeaderElection203] INFO  impl.LeaderElection (LeaderElection.java:askForVotes(448)) - 9e23e878-9bb3-42b5-8b94-e0e229812e65@group-D5D0288CE997-LeaderElection203 PRE_VOTE round 0: submit vote requests at term 1 for conf: {index: 0, cur=peers:[9e23e878-9bb3-42b5-8b94-e0e229812e65|127.0.0.1:15023, 13facd30-3950-4310-8b1a-93d004abbbdd|127.0.0.1:15031, 36d876fb-a458-4393-963b-58eeedb8ba95|127.0.0.1:15015]|listeners:[], old=null}
2025-09-13 17:33:16,650 [9e23e878-9bb3-42b5-8b94-e0e229812e65@group-D5D0288CE997-LeaderElection203] INFO  impl.LeaderElection (LogUtils.java:infoOrTrace(142)) - 9e23e878-9bb3-42b5-8b94-e0e229812e65@group-D5D0288CE997-LeaderElection203 got exception when requesting votes: java.util.concurrent.ExecutionException: org.apache.ratis.thirdparty.io.grpc.StatusRuntimeException: UNAVAILABLE: io exception
2025-09-13 17:33:16,650 [9e23e878-9bb3-42b5-8b94-e0e229812e65@group-D5D0288CE997-LeaderElection203] INFO  impl.LeaderElection (LogUtils.java:infoOrTrace(142)) - 9e23e878-9bb3-42b5-8b94-e0e229812e65@group-D5D0288CE997-LeaderElection203 got exception when requesting votes: java.util.concurrent.ExecutionException: org.apache.ratis.thirdparty.io.grpc.StatusRuntimeException: UNAVAILABLE: io exception
2025-09-13 17:33:16,650 [9e23e878-9bb3-42b5-8b94-e0e229812e65@group-D5D0288CE997-LeaderElection203] INFO  impl.LeaderElection (LeaderElection.java:logAndReturn(206)) - 9e23e878-9bb3-42b5-8b94-e0e229812e65@group-D5D0288CE997-LeaderElection203: PRE_VOTE REJECTED received 0 response(s) and 2 exception(s):
2025-09-13 17:33:16,650 [9e23e878-9bb3-42b5-8b94-e0e229812e65@group-D5D0288CE997-LeaderElection203] INFO  impl.LeaderElection (LogUtils.java:infoOrTrace(142)) -   Exception 0: java.util.concurrent.ExecutionException: org.apache.ratis.thirdparty.io.grpc.StatusRuntimeException: UNAVAILABLE: io exception
2025-09-13 17:33:16,650 [9e23e878-9bb3-42b5-8b94-e0e229812e65@group-D5D0288CE997-LeaderElection203] INFO  impl.LeaderElection (LogUtils.java:infoOrTrace(142)) -   Exception 1: java.util.concurrent.ExecutionException: org.apache.ratis.thirdparty.io.grpc.StatusRuntimeException: UNAVAILABLE: io exception
2025-09-13 17:33:16,650 [9e23e878-9bb3-42b5-8b94-e0e229812e65@group-D5D0288CE997-LeaderElection203] INFO  impl.LeaderElection (LeaderElection.java:askForVotes(450)) - 9e23e878-9bb3-42b5-8b94-e0e229812e65@group-D5D0288CE997-LeaderElection203 PRE_VOTE round 0: result REJECTED
2025-09-13 17:33:16,650 [9e23e878-9bb3-42b5-8b94-e0e229812e65@group-D5D0288CE997-LeaderElection203] INFO  server.RaftServer$Division (RaftServerImpl.java:setRole(392)) - 9e23e878-9bb3-42b5-8b94-e0e229812e65@group-D5D0288CE997: changes role from CANDIDATE to FOLLOWER at term 1 for REJECTED
2025-09-13 17:33:16,650 [9e23e878-9bb3-42b5-8b94-e0e229812e65@group-D5D0288CE997-LeaderElection203] INFO  impl.RoleInfo (RoleInfo.java:shutdownLeaderElection(141)) - 9e23e878-9bb3-42b5-8b94-e0e229812e65: shutdown 9e23e878-9bb3-42b5-8b94-e0e229812e65@group-D5D0288CE997-LeaderElection203
2025-09-13 17:33:16,650 [9e23e878-9bb3-42b5-8b94-e0e229812e65@group-D5D0288CE997-LeaderElection203] INFO  impl.RoleInfo (RoleInfo.java:updateAndGet(148)) - 9e23e878-9bb3-42b5-8b94-e0e229812e65: start 9e23e878-9bb3-42b5-8b94-e0e229812e65@group-D5D0288CE997-FollowerState
2025-09-13 17:33:17,589 [9e23e878-9bb3-42b5-8b94-e0e229812e65@group-CF05563D4821-FollowerState] INFO  impl.FollowerState (FollowerState.java:runImpl(161)) - 9e23e878-9bb3-42b5-8b94-e0e229812e65@group-CF05563D4821-FollowerState: change to CANDIDATE, lastRpcElapsedTime:1115290277ns, electionTimeout:1115ms
2025-09-13 17:33:17,589 [9e23e878-9bb3-42b5-8b94-e0e229812e65@group-CF05563D4821-FollowerState] INFO  impl.RoleInfo (RoleInfo.java:shutdownFollowerState(121)) - 9e23e878-9bb3-42b5-8b94-e0e229812e65: shutdown 9e23e878-9bb3-42b5-8b94-e0e229812e65@group-CF05563D4821-FollowerState
2025-09-13 17:33:17,589 [9e23e878-9bb3-42b5-8b94-e0e229812e65@group-CF05563D4821-FollowerState] INFO  server.RaftServer$Division (RaftServerImpl.java:setRole(392)) - 9e23e878-9bb3-42b5-8b94-e0e229812e65@group-CF05563D4821: changes role from  FOLLOWER to CANDIDATE at term 2 for changeToCandidate
2025-09-13 17:33:17,589 [9e23e878-9bb3-42b5-8b94-e0e229812e65@group-CF05563D4821-FollowerState] INFO  impl.RoleInfo (RoleInfo.java:updateAndGet(148)) - 9e23e878-9bb3-42b5-8b94-e0e229812e65: start 9e23e878-9bb3-42b5-8b94-e0e229812e65@group-CF05563D4821-LeaderElection204
2025-09-13 17:33:17,590 [9e23e878-9bb3-42b5-8b94-e0e229812e65@group-CF05563D4821-LeaderElection204] INFO  impl.LeaderElection (LeaderElection.java:askForVotes(448)) - 9e23e878-9bb3-42b5-8b94-e0e229812e65@group-CF05563D4821-LeaderElection204 PRE_VOTE round 0: submit vote requests at term 2 for conf: {index: 1, cur=peers:[9e23e878-9bb3-42b5-8b94-e0e229812e65|127.0.0.1:15023, 13facd30-3950-4310-8b1a-93d004abbbdd|127.0.0.1:15031, 36d876fb-a458-4393-963b-58eeedb8ba95|127.0.0.1:15015]|listeners:[], old=null}
2025-09-13 17:33:17,590 [9e23e878-9bb3-42b5-8b94-e0e229812e65@group-CF05563D4821-LeaderElection204] INFO  impl.LeaderElection (LogUtils.java:infoOrTrace(142)) - 9e23e878-9bb3-42b5-8b94-e0e229812e65@group-CF05563D4821-LeaderElection204 got exception when requesting votes: java.util.concurrent.ExecutionException: org.apache.ratis.thirdparty.io.grpc.StatusRuntimeException: UNAVAILABLE: io exception
2025-09-13 17:33:17,590 [9e23e878-9bb3-42b5-8b94-e0e229812e65@group-CF05563D4821-LeaderElection204] INFO  impl.LeaderElection (LogUtils.java:infoOrTrace(142)) - 9e23e878-9bb3-42b5-8b94-e0e229812e65@group-CF05563D4821-LeaderElection204 got exception when requesting votes: java.util.concurrent.ExecutionException: org.apache.ratis.thirdparty.io.grpc.StatusRuntimeException: UNAVAILABLE: io exception
2025-09-13 17:33:17,590 [9e23e878-9bb3-42b5-8b94-e0e229812e65@group-CF05563D4821-LeaderElection204] INFO  impl.LeaderElection (LeaderElection.java:logAndReturn(206)) - 9e23e878-9bb3-42b5-8b94-e0e229812e65@group-CF05563D4821-LeaderElection204: PRE_VOTE REJECTED received 0 response(s) and 2 exception(s):
2025-09-13 17:33:17,590 [9e23e878-9bb3-42b5-8b94-e0e229812e65@group-CF05563D4821-LeaderElection204] INFO  impl.LeaderElection (LogUtils.java:infoOrTrace(142)) -   Exception 0: java.util.concurrent.ExecutionException: org.apache.ratis.thirdparty.io.grpc.StatusRuntimeException: UNAVAILABLE: io exception
2025-09-13 17:33:17,590 [9e23e878-9bb3-42b5-8b94-e0e229812e65@group-CF05563D4821-LeaderElection204] INFO  impl.LeaderElection (LogUtils.java:infoOrTrace(142)) -   Exception 1: java.util.concurrent.ExecutionException: org.apache.ratis.thirdparty.io.grpc.StatusRuntimeException: UNAVAILABLE: io exception
2025-09-13 17:33:17,590 [9e23e878-9bb3-42b5-8b94-e0e229812e65@group-CF05563D4821-LeaderElection204] INFO  impl.LeaderElection (LeaderElection.java:askForVotes(450)) - 9e23e878-9bb3-42b5-8b94-e0e229812e65@group-CF05563D4821-LeaderElection204 PRE_VOTE round 0: result REJECTED
2025-09-13 17:33:17,590 [9e23e878-9bb3-42b5-8b94-e0e229812e65@group-CF05563D4821-LeaderElection204] INFO  server.RaftServer$Division (RaftServerImpl.java:setRole(392)) - 9e23e878-9bb3-42b5-8b94-e0e229812e65@group-CF05563D4821: changes role from CANDIDATE to FOLLOWER at term 2 for REJECTED
2025-09-13 17:33:17,590 [9e23e878-9bb3-42b5-8b94-e0e229812e65@group-CF05563D4821-LeaderElection204] INFO  impl.RoleInfo (RoleInfo.java:shutdownLeaderElection(141)) - 9e23e878-9bb3-42b5-8b94-e0e229812e65: shutdown 9e23e878-9bb3-42b5-8b94-e0e229812e65@group-CF05563D4821-LeaderElection204
2025-09-13 17:33:17,590 [9e23e878-9bb3-42b5-8b94-e0e229812e65@group-CF05563D4821-LeaderElection204] INFO  impl.RoleInfo (RoleInfo.java:updateAndGet(148)) - 9e23e878-9bb3-42b5-8b94-e0e229812e65: start 9e23e878-9bb3-42b5-8b94-e0e229812e65@group-CF05563D4821-FollowerState
2025-09-13 17:33:17,771 [9e23e878-9bb3-42b5-8b94-e0e229812e65@group-D5D0288CE997-FollowerState] INFO  impl.FollowerState (FollowerState.java:runImpl(161)) - 9e23e878-9bb3-42b5-8b94-e0e229812e65@group-D5D0288CE997-FollowerState: change to CANDIDATE, lastRpcElapsedTime:1120269027ns, electionTimeout:1120ms
2025-09-13 17:33:17,771 [9e23e878-9bb3-42b5-8b94-e0e229812e65@group-D5D0288CE997-FollowerState] INFO  impl.RoleInfo (RoleInfo.java:shutdownFollowerState(121)) - 9e23e878-9bb3-42b5-8b94-e0e229812e65: shutdown 9e23e878-9bb3-42b5-8b94-e0e229812e65@group-D5D0288CE997-FollowerState
2025-09-13 17:33:17,771 [9e23e878-9bb3-42b5-8b94-e0e229812e65@group-D5D0288CE997-FollowerState] INFO  server.RaftServer$Division (RaftServerImpl.java:setRole(392)) - 9e23e878-9bb3-42b5-8b94-e0e229812e65@group-D5D0288CE997: changes role from  FOLLOWER to CANDIDATE at term 1 for changeToCandidate
2025-09-13 17:33:17,771 [9e23e878-9bb3-42b5-8b94-e0e229812e65@group-D5D0288CE997-FollowerState] INFO  impl.RoleInfo (RoleInfo.java:updateAndGet(148)) - 9e23e878-9bb3-42b5-8b94-e0e229812e65: start 9e23e878-9bb3-42b5-8b94-e0e229812e65@group-D5D0288CE997-LeaderElection205
2025-09-13 17:33:17,771 [9e23e878-9bb3-42b5-8b94-e0e229812e65@group-D5D0288CE997-LeaderElection205] INFO  impl.LeaderElection (LeaderElection.java:askForVotes(448)) - 9e23e878-9bb3-42b5-8b94-e0e229812e65@group-D5D0288CE997-LeaderElection205 PRE_VOTE round 0: submit vote requests at term 1 for conf: {index: 0, cur=peers:[9e23e878-9bb3-42b5-8b94-e0e229812e65|127.0.0.1:15023, 13facd30-3950-4310-8b1a-93d004abbbdd|127.0.0.1:15031, 36d876fb-a458-4393-963b-58eeedb8ba95|127.0.0.1:15015]|listeners:[], old=null}
2025-09-13 17:33:17,772 [9e23e878-9bb3-42b5-8b94-e0e229812e65@group-D5D0288CE997-LeaderElection205] INFO  impl.LeaderElection (LogUtils.java:infoOrTrace(142)) - 9e23e878-9bb3-42b5-8b94-e0e229812e65@group-D5D0288CE997-LeaderElection205 got exception when requesting votes: java.util.concurrent.ExecutionException: org.apache.ratis.thirdparty.io.grpc.StatusRuntimeException: UNAVAILABLE: io exception
2025-09-13 17:33:17,772 [9e23e878-9bb3-42b5-8b94-e0e229812e65@group-D5D0288CE997-LeaderElection205] INFO  impl.LeaderElection (LogUtils.java:infoOrTrace(142)) - 9e23e878-9bb3-42b5-8b94-e0e229812e65@group-D5D0288CE997-LeaderElection205 got exception when requesting votes: java.util.concurrent.ExecutionException: org.apache.ratis.thirdparty.io.grpc.StatusRuntimeException: UNAVAILABLE: io exception
2025-09-13 17:33:17,772 [9e23e878-9bb3-42b5-8b94-e0e229812e65@group-D5D0288CE997-LeaderElection205] INFO  impl.LeaderElection (LeaderElection.java:logAndReturn(206)) - 9e23e878-9bb3-42b5-8b94-e0e229812e65@group-D5D0288CE997-LeaderElection205: PRE_VOTE REJECTED received 0 response(s) and 2 exception(s):
2025-09-13 17:33:17,772 [9e23e878-9bb3-42b5-8b94-e0e229812e65@group-D5D0288CE997-LeaderElection205] INFO  impl.LeaderElection (LogUtils.java:infoOrTrace(142)) -   Exception 0: java.util.concurrent.ExecutionException: org.apache.ratis.thirdparty.io.grpc.StatusRuntimeException: UNAVAILABLE: io exception
2025-09-13 17:33:17,772 [9e23e878-9bb3-42b5-8b94-e0e229812e65@group-D5D0288CE997-LeaderElection205] INFO  impl.LeaderElection (LogUtils.java:infoOrTrace(142)) -   Exception 1: java.util.concurrent.ExecutionException: org.apache.ratis.thirdparty.io.grpc.StatusRuntimeException: UNAVAILABLE: io exception
2025-09-13 17:33:17,772 [9e23e878-9bb3-42b5-8b94-e0e229812e65@group-D5D0288CE997-LeaderElection205] INFO  impl.LeaderElection (LeaderElection.java:askForVotes(450)) - 9e23e878-9bb3-42b5-8b94-e0e229812e65@group-D5D0288CE997-LeaderElection205 PRE_VOTE round 0: result REJECTED
2025-09-13 17:33:17,772 [9e23e878-9bb3-42b5-8b94-e0e229812e65@group-D5D0288CE997-LeaderElection205] INFO  server.RaftServer$Division (RaftServerImpl.java:setRole(392)) - 9e23e878-9bb3-42b5-8b94-e0e229812e65@group-D5D0288CE997: changes role from CANDIDATE to FOLLOWER at term 1 for REJECTED
2025-09-13 17:33:17,772 [9e23e878-9bb3-42b5-8b94-e0e229812e65@group-D5D0288CE997-LeaderElection205] INFO  impl.RoleInfo (RoleInfo.java:shutdownLeaderElection(141)) - 9e23e878-9bb3-42b5-8b94-e0e229812e65: shutdown 9e23e878-9bb3-42b5-8b94-e0e229812e65@group-D5D0288CE997-LeaderElection205
2025-09-13 17:33:17,772 [9e23e878-9bb3-42b5-8b94-e0e229812e65@group-D5D0288CE997-LeaderElection205] INFO  impl.RoleInfo (RoleInfo.java:updateAndGet(148)) - 9e23e878-9bb3-42b5-8b94-e0e229812e65: start 9e23e878-9bb3-42b5-8b94-e0e229812e65@group-D5D0288CE997-FollowerState
2025-09-13 17:33:18,213 [om1-KeyDeletingService#3] INFO  service.KeyDeletingService (KeyDeletingService.java:processKeyDeletes(148)) - Send 1 key(s) to SCM, first 1 keys: [BlockGroup[groupID='/datanodefailurehandlingtest/datanodefailurehandlingtest/6553914f-d269-469d-846d-8857bd3d95c1/-9223372036854774272', blockIDs=[conID: 2 locID: 115816896921600002 bcsId: 0 replicaIndex: null]]]
2025-09-13 17:33:18,224 [IPC Server handler 2 on default port 15001] INFO  ha.SequenceIdGenerator (SequenceIdGenerator.java:getNextId(135)) - Allocate a batch for delTxnId, change lastId from 0 to 1000.
2025-09-13 17:33:18,236 [om1-KeyDeletingService#3] INFO  service.KeyDeletingService (KeyDeletingService.java:processKeyDeletes(153)) - 1 BlockGroup deletion are acked by SCM in 23 ms
2025-09-13 17:33:18,262 [om1-OMStateMachineApplyTransactionThread - 0] INFO  audit.AuditLogger (AuditLogger.java:refreshDebugCmdSet(133)) - Refresh DebugCmdSet for OMSystemAudit to [].
2025-09-13 17:33:18,263 [om1-KeyDeletingService#3] INFO  service.KeyDeletingService (KeyDeletingService.java:processKeyDeletes(161)) - Blocks for 1 (out of 1) keys are deleted from DB in 27 ms. Limit per task is 50000.
2025-09-13 17:33:18,617 [9e23e878-9bb3-42b5-8b94-e0e229812e65@group-CF05563D4821-FollowerState] INFO  impl.FollowerState (FollowerState.java:runImpl(161)) - 9e23e878-9bb3-42b5-8b94-e0e229812e65@group-CF05563D4821-FollowerState: change to CANDIDATE, lastRpcElapsedTime:1026275978ns, electionTimeout:1026ms
2025-09-13 17:33:18,617 [9e23e878-9bb3-42b5-8b94-e0e229812e65@group-CF05563D4821-FollowerState] INFO  impl.RoleInfo (RoleInfo.java:shutdownFollowerState(121)) - 9e23e878-9bb3-42b5-8b94-e0e229812e65: shutdown 9e23e878-9bb3-42b5-8b94-e0e229812e65@group-CF05563D4821-FollowerState
2025-09-13 17:33:18,617 [9e23e878-9bb3-42b5-8b94-e0e229812e65@group-CF05563D4821-FollowerState] INFO  server.RaftServer$Division (RaftServerImpl.java:setRole(392)) - 9e23e878-9bb3-42b5-8b94-e0e229812e65@group-CF05563D4821: changes role from  FOLLOWER to CANDIDATE at term 2 for changeToCandidate
2025-09-13 17:33:18,617 [9e23e878-9bb3-42b5-8b94-e0e229812e65@group-CF05563D4821-FollowerState] INFO  impl.RoleInfo (RoleInfo.java:updateAndGet(148)) - 9e23e878-9bb3-42b5-8b94-e0e229812e65: start 9e23e878-9bb3-42b5-8b94-e0e229812e65@group-CF05563D4821-LeaderElection206
2025-09-13 17:33:18,617 [9e23e878-9bb3-42b5-8b94-e0e229812e65@group-CF05563D4821-LeaderElection206] INFO  impl.LeaderElection (LeaderElection.java:askForVotes(448)) - 9e23e878-9bb3-42b5-8b94-e0e229812e65@group-CF05563D4821-LeaderElection206 PRE_VOTE round 0: submit vote requests at term 2 for conf: {index: 1, cur=peers:[9e23e878-9bb3-42b5-8b94-e0e229812e65|127.0.0.1:15023, 13facd30-3950-4310-8b1a-93d004abbbdd|127.0.0.1:15031, 36d876fb-a458-4393-963b-58eeedb8ba95|127.0.0.1:15015]|listeners:[], old=null}
2025-09-13 17:33:18,618 [9e23e878-9bb3-42b5-8b94-e0e229812e65@group-CF05563D4821-LeaderElection206] INFO  impl.LeaderElection (LogUtils.java:infoOrTrace(142)) - 9e23e878-9bb3-42b5-8b94-e0e229812e65@group-CF05563D4821-LeaderElection206 got exception when requesting votes: java.util.concurrent.ExecutionException: org.apache.ratis.thirdparty.io.grpc.StatusRuntimeException: UNAVAILABLE: io exception
2025-09-13 17:33:18,618 [9e23e878-9bb3-42b5-8b94-e0e229812e65@group-CF05563D4821-LeaderElection206] INFO  impl.LeaderElection (LogUtils.java:infoOrTrace(142)) - 9e23e878-9bb3-42b5-8b94-e0e229812e65@group-CF05563D4821-LeaderElection206 got exception when requesting votes: java.util.concurrent.ExecutionException: org.apache.ratis.thirdparty.io.grpc.StatusRuntimeException: UNAVAILABLE: io exception
2025-09-13 17:33:18,618 [9e23e878-9bb3-42b5-8b94-e0e229812e65@group-CF05563D4821-LeaderElection206] INFO  impl.LeaderElection (LeaderElection.java:logAndReturn(206)) - 9e23e878-9bb3-42b5-8b94-e0e229812e65@group-CF05563D4821-LeaderElection206: PRE_VOTE REJECTED received 0 response(s) and 2 exception(s):
2025-09-13 17:33:18,618 [9e23e878-9bb3-42b5-8b94-e0e229812e65@group-CF05563D4821-LeaderElection206] INFO  impl.LeaderElection (LogUtils.java:infoOrTrace(142)) -   Exception 0: java.util.concurrent.ExecutionException: org.apache.ratis.thirdparty.io.grpc.StatusRuntimeException: UNAVAILABLE: io exception
2025-09-13 17:33:18,618 [9e23e878-9bb3-42b5-8b94-e0e229812e65@group-CF05563D4821-LeaderElection206] INFO  impl.LeaderElection (LogUtils.java:infoOrTrace(142)) -   Exception 1: java.util.concurrent.ExecutionException: org.apache.ratis.thirdparty.io.grpc.StatusRuntimeException: UNAVAILABLE: io exception
2025-09-13 17:33:18,618 [9e23e878-9bb3-42b5-8b94-e0e229812e65@group-CF05563D4821-LeaderElection206] INFO  impl.LeaderElection (LeaderElection.java:askForVotes(450)) - 9e23e878-9bb3-42b5-8b94-e0e229812e65@group-CF05563D4821-LeaderElection206 PRE_VOTE round 0: result REJECTED
2025-09-13 17:33:18,618 [9e23e878-9bb3-42b5-8b94-e0e229812e65@group-CF05563D4821-LeaderElection206] INFO  server.RaftServer$Division (RaftServerImpl.java:setRole(392)) - 9e23e878-9bb3-42b5-8b94-e0e229812e65@group-CF05563D4821: changes role from CANDIDATE to FOLLOWER at term 2 for REJECTED
2025-09-13 17:33:18,618 [9e23e878-9bb3-42b5-8b94-e0e229812e65@group-CF05563D4821-LeaderElection206] INFO  impl.RoleInfo (RoleInfo.java:shutdownLeaderElection(141)) - 9e23e878-9bb3-42b5-8b94-e0e229812e65: shutdown 9e23e878-9bb3-42b5-8b94-e0e229812e65@group-CF05563D4821-LeaderElection206
2025-09-13 17:33:18,618 [9e23e878-9bb3-42b5-8b94-e0e229812e65@group-CF05563D4821-LeaderElection206] INFO  impl.RoleInfo (RoleInfo.java:updateAndGet(148)) - 9e23e878-9bb3-42b5-8b94-e0e229812e65: start 9e23e878-9bb3-42b5-8b94-e0e229812e65@group-CF05563D4821-FollowerState
2025-09-13 17:33:18,917 [9e23e878-9bb3-42b5-8b94-e0e229812e65@group-D5D0288CE997-FollowerState] INFO  impl.FollowerState (FollowerState.java:runImpl(161)) - 9e23e878-9bb3-42b5-8b94-e0e229812e65@group-D5D0288CE997-FollowerState: change to CANDIDATE, lastRpcElapsedTime:1145322573ns, electionTimeout:1145ms
2025-09-13 17:33:18,917 [9e23e878-9bb3-42b5-8b94-e0e229812e65@group-D5D0288CE997-FollowerState] INFO  impl.RoleInfo (RoleInfo.java:shutdownFollowerState(121)) - 9e23e878-9bb3-42b5-8b94-e0e229812e65: shutdown 9e23e878-9bb3-42b5-8b94-e0e229812e65@group-D5D0288CE997-FollowerState
2025-09-13 17:33:18,918 [9e23e878-9bb3-42b5-8b94-e0e229812e65@group-D5D0288CE997-FollowerState] INFO  server.RaftServer$Division (RaftServerImpl.java:setRole(392)) - 9e23e878-9bb3-42b5-8b94-e0e229812e65@group-D5D0288CE997: changes role from  FOLLOWER to CANDIDATE at term 1 for changeToCandidate
2025-09-13 17:33:18,918 [9e23e878-9bb3-42b5-8b94-e0e229812e65@group-D5D0288CE997-FollowerState] INFO  impl.RoleInfo (RoleInfo.java:updateAndGet(148)) - 9e23e878-9bb3-42b5-8b94-e0e229812e65: start 9e23e878-9bb3-42b5-8b94-e0e229812e65@group-D5D0288CE997-LeaderElection207
2025-09-13 17:33:18,918 [9e23e878-9bb3-42b5-8b94-e0e229812e65@group-D5D0288CE997-LeaderElection207] INFO  impl.LeaderElection (LeaderElection.java:askForVotes(448)) - 9e23e878-9bb3-42b5-8b94-e0e229812e65@group-D5D0288CE997-LeaderElection207 PRE_VOTE round 0: submit vote requests at term 1 for conf: {index: 0, cur=peers:[9e23e878-9bb3-42b5-8b94-e0e229812e65|127.0.0.1:15023, 13facd30-3950-4310-8b1a-93d004abbbdd|127.0.0.1:15031, 36d876fb-a458-4393-963b-58eeedb8ba95|127.0.0.1:15015]|listeners:[], old=null}
2025-09-13 17:33:18,919 [9e23e878-9bb3-42b5-8b94-e0e229812e65@group-D5D0288CE997-LeaderElection207] INFO  impl.LeaderElection (LogUtils.java:infoOrTrace(142)) - 9e23e878-9bb3-42b5-8b94-e0e229812e65@group-D5D0288CE997-LeaderElection207 got exception when requesting votes: java.util.concurrent.ExecutionException: org.apache.ratis.thirdparty.io.grpc.StatusRuntimeException: UNAVAILABLE: io exception
2025-09-13 17:33:18,919 [9e23e878-9bb3-42b5-8b94-e0e229812e65@group-D5D0288CE997-LeaderElection207] INFO  impl.LeaderElection (LogUtils.java:infoOrTrace(142)) - 9e23e878-9bb3-42b5-8b94-e0e229812e65@group-D5D0288CE997-LeaderElection207 got exception when requesting votes: java.util.concurrent.ExecutionException: org.apache.ratis.thirdparty.io.grpc.StatusRuntimeException: UNAVAILABLE: io exception
2025-09-13 17:33:18,919 [9e23e878-9bb3-42b5-8b94-e0e229812e65@group-D5D0288CE997-LeaderElection207] INFO  impl.LeaderElection (LeaderElection.java:logAndReturn(206)) - 9e23e878-9bb3-42b5-8b94-e0e229812e65@group-D5D0288CE997-LeaderElection207: PRE_VOTE REJECTED received 0 response(s) and 2 exception(s):
2025-09-13 17:33:18,919 [9e23e878-9bb3-42b5-8b94-e0e229812e65@group-D5D0288CE997-LeaderElection207] INFO  impl.LeaderElection (LogUtils.java:infoOrTrace(142)) -   Exception 0: java.util.concurrent.ExecutionException: org.apache.ratis.thirdparty.io.grpc.StatusRuntimeException: UNAVAILABLE: io exception
2025-09-13 17:33:18,919 [9e23e878-9bb3-42b5-8b94-e0e229812e65@group-D5D0288CE997-LeaderElection207] INFO  impl.LeaderElection (LogUtils.java:infoOrTrace(142)) -   Exception 1: java.util.concurrent.ExecutionException: org.apache.ratis.thirdparty.io.grpc.StatusRuntimeException: UNAVAILABLE: io exception
2025-09-13 17:33:18,919 [9e23e878-9bb3-42b5-8b94-e0e229812e65@group-D5D0288CE997-LeaderElection207] INFO  impl.LeaderElection (LeaderElection.java:askForVotes(450)) - 9e23e878-9bb3-42b5-8b94-e0e229812e65@group-D5D0288CE997-LeaderElection207 PRE_VOTE round 0: result REJECTED
2025-09-13 17:33:18,919 [9e23e878-9bb3-42b5-8b94-e0e229812e65@group-D5D0288CE997-LeaderElection207] INFO  server.RaftServer$Division (RaftServerImpl.java:setRole(392)) - 9e23e878-9bb3-42b5-8b94-e0e229812e65@group-D5D0288CE997: changes role from CANDIDATE to FOLLOWER at term 1 for REJECTED
2025-09-13 17:33:18,919 [9e23e878-9bb3-42b5-8b94-e0e229812e65@group-D5D0288CE997-LeaderElection207] INFO  impl.RoleInfo (RoleInfo.java:shutdownLeaderElection(141)) - 9e23e878-9bb3-42b5-8b94-e0e229812e65: shutdown 9e23e878-9bb3-42b5-8b94-e0e229812e65@group-D5D0288CE997-LeaderElection207
2025-09-13 17:33:18,919 [9e23e878-9bb3-42b5-8b94-e0e229812e65@group-D5D0288CE997-LeaderElection207] INFO  impl.RoleInfo (RoleInfo.java:updateAndGet(148)) - 9e23e878-9bb3-42b5-8b94-e0e229812e65: start 9e23e878-9bb3-42b5-8b94-e0e229812e65@group-D5D0288CE997-FollowerState
2025-09-13 17:33:19,653 [9e23e878-9bb3-42b5-8b94-e0e229812e65@group-CF05563D4821-FollowerState] INFO  impl.FollowerState (FollowerState.java:runImpl(161)) - 9e23e878-9bb3-42b5-8b94-e0e229812e65@group-CF05563D4821-FollowerState: change to CANDIDATE, lastRpcElapsedTime:1034272144ns, electionTimeout:1034ms
2025-09-13 17:33:19,653 [9e23e878-9bb3-42b5-8b94-e0e229812e65@group-CF05563D4821-FollowerState] INFO  impl.RoleInfo (RoleInfo.java:shutdownFollowerState(121)) - 9e23e878-9bb3-42b5-8b94-e0e229812e65: shutdown 9e23e878-9bb3-42b5-8b94-e0e229812e65@group-CF05563D4821-FollowerState
2025-09-13 17:33:19,653 [9e23e878-9bb3-42b5-8b94-e0e229812e65@group-CF05563D4821-FollowerState] INFO  server.RaftServer$Division (RaftServerImpl.java:setRole(392)) - 9e23e878-9bb3-42b5-8b94-e0e229812e65@group-CF05563D4821: changes role from  FOLLOWER to CANDIDATE at term 2 for changeToCandidate
2025-09-13 17:33:19,653 [9e23e878-9bb3-42b5-8b94-e0e229812e65@group-CF05563D4821-FollowerState] INFO  impl.RoleInfo (RoleInfo.java:updateAndGet(148)) - 9e23e878-9bb3-42b5-8b94-e0e229812e65: start 9e23e878-9bb3-42b5-8b94-e0e229812e65@group-CF05563D4821-LeaderElection208
2025-09-13 17:33:19,653 [9e23e878-9bb3-42b5-8b94-e0e229812e65@group-CF05563D4821-LeaderElection208] INFO  impl.LeaderElection (LeaderElection.java:askForVotes(448)) - 9e23e878-9bb3-42b5-8b94-e0e229812e65@group-CF05563D4821-LeaderElection208 PRE_VOTE round 0: submit vote requests at term 2 for conf: {index: 1, cur=peers:[9e23e878-9bb3-42b5-8b94-e0e229812e65|127.0.0.1:15023, 13facd30-3950-4310-8b1a-93d004abbbdd|127.0.0.1:15031, 36d876fb-a458-4393-963b-58eeedb8ba95|127.0.0.1:15015]|listeners:[], old=null}
2025-09-13 17:33:19,654 [9e23e878-9bb3-42b5-8b94-e0e229812e65@group-CF05563D4821-LeaderElection208] INFO  impl.LeaderElection (LogUtils.java:infoOrTrace(142)) - 9e23e878-9bb3-42b5-8b94-e0e229812e65@group-CF05563D4821-LeaderElection208 got exception when requesting votes: java.util.concurrent.ExecutionException: org.apache.ratis.thirdparty.io.grpc.StatusRuntimeException: UNAVAILABLE: io exception
2025-09-13 17:33:19,654 [9e23e878-9bb3-42b5-8b94-e0e229812e65@group-CF05563D4821-LeaderElection208] INFO  impl.LeaderElection (LogUtils.java:infoOrTrace(142)) - 9e23e878-9bb3-42b5-8b94-e0e229812e65@group-CF05563D4821-LeaderElection208 got exception when requesting votes: java.util.concurrent.ExecutionException: org.apache.ratis.thirdparty.io.grpc.StatusRuntimeException: UNAVAILABLE: io exception
2025-09-13 17:33:19,654 [9e23e878-9bb3-42b5-8b94-e0e229812e65@group-CF05563D4821-LeaderElection208] INFO  impl.LeaderElection (LeaderElection.java:logAndReturn(206)) - 9e23e878-9bb3-42b5-8b94-e0e229812e65@group-CF05563D4821-LeaderElection208: PRE_VOTE REJECTED received 0 response(s) and 2 exception(s):
2025-09-13 17:33:19,654 [9e23e878-9bb3-42b5-8b94-e0e229812e65@group-CF05563D4821-LeaderElection208] INFO  impl.LeaderElection (LogUtils.java:infoOrTrace(142)) -   Exception 0: java.util.concurrent.ExecutionException: org.apache.ratis.thirdparty.io.grpc.StatusRuntimeException: UNAVAILABLE: io exception
2025-09-13 17:33:19,654 [9e23e878-9bb3-42b5-8b94-e0e229812e65@group-CF05563D4821-LeaderElection208] INFO  impl.LeaderElection (LogUtils.java:infoOrTrace(142)) -   Exception 1: java.util.concurrent.ExecutionException: org.apache.ratis.thirdparty.io.grpc.StatusRuntimeException: UNAVAILABLE: io exception
2025-09-13 17:33:19,654 [9e23e878-9bb3-42b5-8b94-e0e229812e65@group-CF05563D4821-LeaderElection208] INFO  impl.LeaderElection (LeaderElection.java:askForVotes(450)) - 9e23e878-9bb3-42b5-8b94-e0e229812e65@group-CF05563D4821-LeaderElection208 PRE_VOTE round 0: result REJECTED
2025-09-13 17:33:19,654 [9e23e878-9bb3-42b5-8b94-e0e229812e65@group-CF05563D4821-LeaderElection208] INFO  server.RaftServer$Division (RaftServerImpl.java:setRole(392)) - 9e23e878-9bb3-42b5-8b94-e0e229812e65@group-CF05563D4821: changes role from CANDIDATE to FOLLOWER at term 2 for REJECTED
2025-09-13 17:33:19,654 [9e23e878-9bb3-42b5-8b94-e0e229812e65@group-CF05563D4821-LeaderElection208] INFO  impl.RoleInfo (RoleInfo.java:shutdownLeaderElection(141)) - 9e23e878-9bb3-42b5-8b94-e0e229812e65: shutdown 9e23e878-9bb3-42b5-8b94-e0e229812e65@group-CF05563D4821-LeaderElection208
2025-09-13 17:33:19,654 [9e23e878-9bb3-42b5-8b94-e0e229812e65@group-CF05563D4821-LeaderElection208] INFO  impl.RoleInfo (RoleInfo.java:updateAndGet(148)) - 9e23e878-9bb3-42b5-8b94-e0e229812e65: start 9e23e878-9bb3-42b5-8b94-e0e229812e65@group-CF05563D4821-FollowerState
2025-09-13 17:33:20,108 [9e23e878-9bb3-42b5-8b94-e0e229812e65@group-D5D0288CE997-FollowerState] INFO  impl.FollowerState (FollowerState.java:runImpl(161)) - 9e23e878-9bb3-42b5-8b94-e0e229812e65@group-D5D0288CE997-FollowerState: change to CANDIDATE, lastRpcElapsedTime:1188399275ns, electionTimeout:1188ms
2025-09-13 17:33:20,108 [9e23e878-9bb3-42b5-8b94-e0e229812e65@group-D5D0288CE997-FollowerState] INFO  impl.RoleInfo (RoleInfo.java:shutdownFollowerState(121)) - 9e23e878-9bb3-42b5-8b94-e0e229812e65: shutdown 9e23e878-9bb3-42b5-8b94-e0e229812e65@group-D5D0288CE997-FollowerState
2025-09-13 17:33:20,108 [9e23e878-9bb3-42b5-8b94-e0e229812e65@group-D5D0288CE997-FollowerState] INFO  server.RaftServer$Division (RaftServerImpl.java:setRole(392)) - 9e23e878-9bb3-42b5-8b94-e0e229812e65@group-D5D0288CE997: changes role from  FOLLOWER to CANDIDATE at term 1 for changeToCandidate
2025-09-13 17:33:20,108 [9e23e878-9bb3-42b5-8b94-e0e229812e65@group-D5D0288CE997-FollowerState] INFO  impl.RoleInfo (RoleInfo.java:updateAndGet(148)) - 9e23e878-9bb3-42b5-8b94-e0e229812e65: start 9e23e878-9bb3-42b5-8b94-e0e229812e65@group-D5D0288CE997-LeaderElection209
2025-09-13 17:33:20,108 [9e23e878-9bb3-42b5-8b94-e0e229812e65@group-D5D0288CE997-LeaderElection209] INFO  impl.LeaderElection (LeaderElection.java:askForVotes(448)) - 9e23e878-9bb3-42b5-8b94-e0e229812e65@group-D5D0288CE997-LeaderElection209 PRE_VOTE round 0: submit vote requests at term 1 for conf: {index: 0, cur=peers:[9e23e878-9bb3-42b5-8b94-e0e229812e65|127.0.0.1:15023, 13facd30-3950-4310-8b1a-93d004abbbdd|127.0.0.1:15031, 36d876fb-a458-4393-963b-58eeedb8ba95|127.0.0.1:15015]|listeners:[], old=null}
2025-09-13 17:33:20,109 [9e23e878-9bb3-42b5-8b94-e0e229812e65@group-D5D0288CE997-LeaderElection209] INFO  impl.LeaderElection (LogUtils.java:infoOrTrace(142)) - 9e23e878-9bb3-42b5-8b94-e0e229812e65@group-D5D0288CE997-LeaderElection209 got exception when requesting votes: java.util.concurrent.ExecutionException: org.apache.ratis.thirdparty.io.grpc.StatusRuntimeException: UNAVAILABLE: io exception
2025-09-13 17:33:20,109 [9e23e878-9bb3-42b5-8b94-e0e229812e65@group-D5D0288CE997-LeaderElection209] INFO  impl.LeaderElection (LogUtils.java:infoOrTrace(142)) - 9e23e878-9bb3-42b5-8b94-e0e229812e65@group-D5D0288CE997-LeaderElection209 got exception when requesting votes: java.util.concurrent.ExecutionException: org.apache.ratis.thirdparty.io.grpc.StatusRuntimeException: UNAVAILABLE: io exception
2025-09-13 17:33:20,109 [9e23e878-9bb3-42b5-8b94-e0e229812e65@group-D5D0288CE997-LeaderElection209] INFO  impl.LeaderElection (LeaderElection.java:logAndReturn(206)) - 9e23e878-9bb3-42b5-8b94-e0e229812e65@group-D5D0288CE997-LeaderElection209: PRE_VOTE REJECTED received 0 response(s) and 2 exception(s):
2025-09-13 17:33:20,109 [9e23e878-9bb3-42b5-8b94-e0e229812e65@group-D5D0288CE997-LeaderElection209] INFO  impl.LeaderElection (LogUtils.java:infoOrTrace(142)) -   Exception 0: java.util.concurrent.ExecutionException: org.apache.ratis.thirdparty.io.grpc.StatusRuntimeException: UNAVAILABLE: io exception
2025-09-13 17:33:20,109 [9e23e878-9bb3-42b5-8b94-e0e229812e65@group-D5D0288CE997-LeaderElection209] INFO  impl.LeaderElection (LogUtils.java:infoOrTrace(142)) -   Exception 1: java.util.concurrent.ExecutionException: org.apache.ratis.thirdparty.io.grpc.StatusRuntimeException: UNAVAILABLE: io exception
2025-09-13 17:33:20,109 [9e23e878-9bb3-42b5-8b94-e0e229812e65@group-D5D0288CE997-LeaderElection209] INFO  impl.LeaderElection (LeaderElection.java:askForVotes(450)) - 9e23e878-9bb3-42b5-8b94-e0e229812e65@group-D5D0288CE997-LeaderElection209 PRE_VOTE round 0: result REJECTED
2025-09-13 17:33:20,109 [9e23e878-9bb3-42b5-8b94-e0e229812e65@group-D5D0288CE997-LeaderElection209] INFO  server.RaftServer$Division (RaftServerImpl.java:setRole(392)) - 9e23e878-9bb3-42b5-8b94-e0e229812e65@group-D5D0288CE997: changes role from CANDIDATE to FOLLOWER at term 1 for REJECTED
2025-09-13 17:33:20,109 [9e23e878-9bb3-42b5-8b94-e0e229812e65@group-D5D0288CE997-LeaderElection209] INFO  impl.RoleInfo (RoleInfo.java:shutdownLeaderElection(141)) - 9e23e878-9bb3-42b5-8b94-e0e229812e65: shutdown 9e23e878-9bb3-42b5-8b94-e0e229812e65@group-D5D0288CE997-LeaderElection209
2025-09-13 17:33:20,110 [9e23e878-9bb3-42b5-8b94-e0e229812e65@group-D5D0288CE997-LeaderElection209] INFO  impl.RoleInfo (RoleInfo.java:updateAndGet(148)) - 9e23e878-9bb3-42b5-8b94-e0e229812e65: start 9e23e878-9bb3-42b5-8b94-e0e229812e65@group-D5D0288CE997-FollowerState
2025-09-13 17:33:20,112 [grpc-default-executor-10] ERROR impl.OrderedAsync (OrderedAsync.java:lambda$null$6(215)) -  client-2ECFBEF5EF78: Failed* RaftClientRequest:client-2ECFBEF5EF78->9e23e878-9bb3-42b5-8b94-e0e229812e65@group-D5D0288CE997, cid=47, seq=10*, RW, cmdType: WriteChunk
traceID: ""
containerID: 3
datanodeUuid: "13facd30-3950-4310-8b1a-93d004abbbdd"
writeChunk {
  blockID {
    containerID: 3
    localID: 115816896921600006
    blockCommitSequenceId: 0
    replicaIndex: 0
  }
  chunkData {
    chunkName: "115816896921600006_chunk_1"
    offset: 0
    len: 524288
    checksumData {
      type: CRC32
      bytesPerChecksum: 16384
      checksums: "\326\360U\321"
      checksums: "\326\360U\321"
      checksums: "\326\360U\321"
      checksums: "\326\360U\321"
      checksums: "\326\360U\321"
      checksums: "\326\360U\321"
      checksums: "\326\360U\321"
      checksums: "\326\360U\321"
      checksums: "\326\360U\321"
      checksums: "\326\360U\321"
      checksums: "\326\360U\321"
      checksums: "\326\360U\321"
      checksums: "\326\360U\321"
      checksums: "\326\360U\321"
      checksums: "\326\360U\321"
      checksums: "\326\360U\321"
      checksums: "\326\360U\321"
      checksums: "\326\360U\321"
      checksums: "\326\360U\321"
      checksums: "\326\360U\321"
      checksums: "\326\360U\321"
      checksums: "\326\360U\321"
      checksums: "\326\360U\321"
      checksums: "\326\360U\321"
      checksums: "\326\360U\321"
      checksums: "\326\360U\321"
      checksums: "\326\360U\321"
      checksums: "\326\360U\321"
      checksums: "\326\360U\321"
      checksums: "\326\360U\321"
      checksums: "\326\360U\321"
      checksums: "\277r/p"
    }
  }
}
version: 3
, data.size=524288
java.util.concurrent.CompletionException: org.apache.ratis.protocol.exceptions.NotLeaderException: Server 9e23e878-9bb3-42b5-8b94-e0e229812e65@group-D5D0288CE997 is not the leader
	at java.base/java.util.concurrent.CompletableFuture.encodeThrowable(CompletableFuture.java:332)
	at java.base/java.util.concurrent.CompletableFuture.completeThrowable(CompletableFuture.java:347)
	at java.base/java.util.concurrent.CompletableFuture$UniAccept.tryFire(CompletableFuture.java:708)
	at java.base/java.util.concurrent.CompletableFuture.postComplete(CompletableFuture.java:510)
	at java.base/java.util.concurrent.CompletableFuture.completeExceptionally(CompletableFuture.java:2194)
	at org.apache.ratis.grpc.client.GrpcClientProtocolClient$AsyncStreamObservers.completeReplyExceptionally(GrpcClientProtocolClient.java:397)
	at org.apache.ratis.grpc.client.GrpcClientProtocolClient$AsyncStreamObservers.access$000(GrpcClientProtocolClient.java:303)
	at org.apache.ratis.grpc.client.GrpcClientProtocolClient$AsyncStreamObservers$1.onNext(GrpcClientProtocolClient.java:317)
	at org.apache.ratis.grpc.client.GrpcClientProtocolClient$AsyncStreamObservers$1.onNext(GrpcClientProtocolClient.java:308)
	at org.apache.ratis.thirdparty.io.grpc.stub.ClientCalls$StreamObserverToCallListenerAdapter.onMessage(ClientCalls.java:551)
	at org.apache.ratis.thirdparty.io.grpc.ForwardingClientCallListener.onMessage(ForwardingClientCallListener.java:33)
	at org.apache.ratis.thirdparty.io.grpc.internal.ClientCallImpl$ClientStreamListenerImpl$1MessagesAvailable.runInternal(ClientCallImpl.java:661)
	at org.apache.ratis.thirdparty.io.grpc.internal.ClientCallImpl$ClientStreamListenerImpl$1MessagesAvailable.runInContext(ClientCallImpl.java:648)
	at org.apache.ratis.thirdparty.io.grpc.internal.ContextRunnable.run(ContextRunnable.java:37)
	at org.apache.ratis.thirdparty.io.grpc.internal.SerializingExecutor.run(SerializingExecutor.java:133)
	at java.base/java.util.concurrent.ThreadPoolExecutor.runWorker(ThreadPoolExecutor.java:1144)
	at java.base/java.util.concurrent.ThreadPoolExecutor$Worker.run(ThreadPoolExecutor.java:642)
	at java.base/java.lang.Thread.run(Thread.java:1583)
Caused by: org.apache.ratis.protocol.exceptions.NotLeaderException: Server 9e23e878-9bb3-42b5-8b94-e0e229812e65@group-D5D0288CE997 is not the leader
	at org.apache.ratis.client.impl.ClientProtoUtils.toRaftClientReply(ClientProtoUtils.java:402)
	at org.apache.ratis.grpc.client.GrpcClientProtocolClient$AsyncStreamObservers$1.onNext(GrpcClientProtocolClient.java:313)
	... 10 more
2025-09-13 17:33:20,112 [grpc-default-executor-10] ERROR impl.OrderedAsync (OrderedAsync.java:lambda$send$4(181)) - Failed to send request, message=cmdType: WriteChunk
traceID: ""
containerID: 3
datanodeUuid: "13facd30-3950-4310-8b1a-93d004abbbdd"
writeChunk {
  blockID {
    containerID: 3
    localID: 115816896921600006
    blockCommitSequenceId: 0
    replicaIndex: 0
  }
  chunkData {
    chunkName: "115816896921600006_chunk_1"
    offset: 0
    len: 524288
    checksumData {
      type: CRC32
      bytesPerChecksum: 16384
      checksums: "\326\360U\321"
      checksums: "\326\360U\321"
      checksums: "\326\360U\321"
      checksums: "\326\360U\321"
      checksums: "\326\360U\321"
      checksums: "\326\360U\321"
      checksums: "\326\360U\321"
      checksums: "\326\360U\321"
      checksums: "\326\360U\321"
      checksums: "\326\360U\321"
      checksums: "\326\360U\321"
      checksums: "\326\360U\321"
      checksums: "\326\360U\321"
      checksums: "\326\360U\321"
      checksums: "\326\360U\321"
      checksums: "\326\360U\321"
      checksums: "\326\360U\321"
      checksums: "\326\360U\321"
      checksums: "\326\360U\321"
      checksums: "\326\360U\321"
      checksums: "\326\360U\321"
      checksums: "\326\360U\321"
      checksums: "\326\360U\321"
      checksums: "\326\360U\321"
      checksums: "\326\360U\321"
      checksums: "\326\360U\321"
      checksums: "\326\360U\321"
      checksums: "\326\360U\321"
      checksums: "\326\360U\321"
      checksums: "\326\360U\321"
      checksums: "\326\360U\321"
      checksums: "\277r/p"
    }
  }
}
version: 3
, data.size=524288
java.util.concurrent.CompletionException: org.apache.ratis.protocol.exceptions.RaftRetryFailureException: Failed RaftClientRequest:client-2ECFBEF5EF78->9e23e878-9bb3-42b5-8b94-e0e229812e65@group-D5D0288CE997, cid=47, seq=10*, RW, cmdType: WriteChunk
traceID: ""
containerID: 3
datanodeUuid: "13facd30-3950-4310-8b1a-93d004abbbdd"
writeChunk {
  blockID {
    containerID: 3
    localID: 115816896921600006
    blockCommitSequenceId: 0
    replicaIndex: 0
  }
  chunkData {
    chunkName: "115816896921600006_chunk_1"
    offset: 0
    len: 524288
    checksumData {
      type: CRC32
      bytesPerChecksum: 16384
      checksums: "\326\360U\321"
      checksums: "\326\360U\321"
      checksums: "\326\360U\321"
      checksums: "\326\360U\321"
      checksums: "\326\360U\321"
      checksums: "\326\360U\321"
      checksums: "\326\360U\321"
      checksums: "\326\360U\321"
      checksums: "\326\360U\321"
      checksums: "\326\360U\321"
      checksums: "\326\360U\321"
      checksums: "\326\360U\321"
      checksums: "\326\360U\321"
      checksums: "\326\360U\321"
      checksums: "\326\360U\321"
      checksums: "\326\360U\321"
      checksums: "\326\360U\321"
      checksums: "\326\360U\321"
      checksums: "\326\360U\321"
      checksums: "\326\360U\321"
      checksums: "\326\360U\321"
      checksums: "\326\360U\321"
      checksums: "\326\360U\321"
      checksums: "\326\360U\321"
      checksums: "\326\360U\321"
      checksums: "\326\360U\321"
      checksums: "\326\360U\321"
      checksums: "\326\360U\321"
      checksums: "\326\360U\321"
      checksums: "\326\360U\321"
      checksums: "\326\360U\321"
      checksums: "\277r/p"
    }
  }
}
version: 3
, data.size=524288 for 8 attempts with RequestTypeDependentRetryPolicy{WRITE->ExceptionDependentRetry(maxAttempts=2147483647; defaultPolicy=MultipleLinearRandomRetry[5x5s, 5x10s, 5x15s, 5x20s, 5x25s, 10x60s]; map={org.apache.ratis.protocol.exceptions.GroupMismatchException->NoRetry, org.apache.ratis.protocol.exceptions.NotReplicatedException->NoRetry, org.apache.ratis.protocol.exceptions.ResourceUnavailableException->org.apache.ratis.retry.ExponentialBackoffRetry@3da9dd8b, org.apache.ratis.protocol.exceptions.StateMachineException->NoRetry, org.apache.ratis.protocol.exceptions.TimeoutIOException->org.apache.ratis.retry.ExponentialBackoffRetry@3da9dd8b}), WATCH->ExceptionDependentRetry(maxAttempts=2147483647; defaultPolicy=MultipleLinearRandomRetry[5x5s, 5x10s, 5x15s, 5x20s, 5x25s, 10x60s]; map={org.apache.ratis.protocol.exceptions.GroupMismatchException->NoRetry, org.apache.ratis.protocol.exceptions.NotReplicatedException->NoRetry, org.apache.ratis.protocol.exceptions.ResourceUnavailableException->org.apache.ratis.retry.ExponentialBackoffRetry@3da9dd8b, org.apache.ratis.protocol.exceptions.StateMachineException->NoRetry, org.apache.ratis.protocol.exceptions.TimeoutIOException->NoRetry})}
	at java.base/java.util.concurrent.CompletableFuture.encodeThrowable(CompletableFuture.java:332)
	at java.base/java.util.concurrent.CompletableFuture.completeThrowable(CompletableFuture.java:347)
	at java.base/java.util.concurrent.CompletableFuture$UniApply.tryFire(CompletableFuture.java:636)
	at java.base/java.util.concurrent.CompletableFuture.postComplete(CompletableFuture.java:510)
	at java.base/java.util.concurrent.CompletableFuture.completeExceptionally(CompletableFuture.java:2194)
	at org.apache.ratis.client.impl.OrderedAsync$PendingOrderedRequest.fail(OrderedAsync.java:111)
	at org.apache.ratis.util.SlidingWindow$Client.fail(SlidingWindow.java:395)
	at org.apache.ratis.client.impl.OrderedAsync.failAllAsyncRequests(OrderedAsync.java:155)
	at org.apache.ratis.client.impl.OrderedAsync.handleException(OrderedAsync.java:239)
	at org.apache.ratis.client.impl.OrderedAsync.lambda$sendRequestWithRetry$7(OrderedAsync.java:217)
	at java.base/java.util.concurrent.CompletableFuture.uniExceptionally(CompletableFuture.java:990)
	at java.base/java.util.concurrent.CompletableFuture$UniExceptionally.tryFire(CompletableFuture.java:974)
	at java.base/java.util.concurrent.CompletableFuture.postComplete(CompletableFuture.java:510)
	at java.base/java.util.concurrent.CompletableFuture.completeExceptionally(CompletableFuture.java:2194)
	at org.apache.ratis.grpc.client.GrpcClientProtocolClient$AsyncStreamObservers.completeReplyExceptionally(GrpcClientProtocolClient.java:397)
	at org.apache.ratis.grpc.client.GrpcClientProtocolClient$AsyncStreamObservers.access$000(GrpcClientProtocolClient.java:303)
	at org.apache.ratis.grpc.client.GrpcClientProtocolClient$AsyncStreamObservers$1.onNext(GrpcClientProtocolClient.java:317)
	at org.apache.ratis.grpc.client.GrpcClientProtocolClient$AsyncStreamObservers$1.onNext(GrpcClientProtocolClient.java:308)
	at org.apache.ratis.thirdparty.io.grpc.stub.ClientCalls$StreamObserverToCallListenerAdapter.onMessage(ClientCalls.java:551)
	at org.apache.ratis.thirdparty.io.grpc.ForwardingClientCallListener.onMessage(ForwardingClientCallListener.java:33)
	at org.apache.ratis.thirdparty.io.grpc.internal.ClientCallImpl$ClientStreamListenerImpl$1MessagesAvailable.runInternal(ClientCallImpl.java:661)
	at org.apache.ratis.thirdparty.io.grpc.internal.ClientCallImpl$ClientStreamListenerImpl$1MessagesAvailable.runInContext(ClientCallImpl.java:648)
	at org.apache.ratis.thirdparty.io.grpc.internal.ContextRunnable.run(ContextRunnable.java:37)
	at org.apache.ratis.thirdparty.io.grpc.internal.SerializingExecutor.run(SerializingExecutor.java:133)
	at java.base/java.util.concurrent.ThreadPoolExecutor.runWorker(ThreadPoolExecutor.java:1144)
	at java.base/java.util.concurrent.ThreadPoolExecutor$Worker.run(ThreadPoolExecutor.java:642)
	at java.base/java.lang.Thread.run(Thread.java:1583)
Caused by: org.apache.ratis.protocol.exceptions.RaftRetryFailureException: Failed RaftClientRequest:client-2ECFBEF5EF78->9e23e878-9bb3-42b5-8b94-e0e229812e65@group-D5D0288CE997, cid=47, seq=10*, RW, cmdType: WriteChunk
traceID: ""
containerID: 3
datanodeUuid: "13facd30-3950-4310-8b1a-93d004abbbdd"
writeChunk {
  blockID {
    containerID: 3
    localID: 115816896921600006
    blockCommitSequenceId: 0
    replicaIndex: 0
  }
  chunkData {
    chunkName: "115816896921600006_chunk_1"
    offset: 0
    len: 524288
    checksumData {
      type: CRC32
      bytesPerChecksum: 16384
      checksums: "\326\360U\321"
      checksums: "\326\360U\321"
      checksums: "\326\360U\321"
      checksums: "\326\360U\321"
      checksums: "\326\360U\321"
      checksums: "\326\360U\321"
      checksums: "\326\360U\321"
      checksums: "\326\360U\321"
      checksums: "\326\360U\321"
      checksums: "\326\360U\321"
      checksums: "\326\360U\321"
      checksums: "\326\360U\321"
      checksums: "\326\360U\321"
      checksums: "\326\360U\321"
      checksums: "\326\360U\321"
      checksums: "\326\360U\321"
      checksums: "\326\360U\321"
      checksums: "\326\360U\321"
      checksums: "\326\360U\321"
      checksums: "\326\360U\321"
      checksums: "\326\360U\321"
      checksums: "\326\360U\321"
      checksums: "\326\360U\321"
      checksums: "\326\360U\321"
      checksums: "\326\360U\321"
      checksums: "\326\360U\321"
      checksums: "\326\360U\321"
      checksums: "\326\360U\321"
      checksums: "\326\360U\321"
      checksums: "\326\360U\321"
      checksums: "\326\360U\321"
      checksums: "\277r/p"
    }
  }
}
version: 3
, data.size=524288 for 8 attempts with RequestTypeDependentRetryPolicy{WRITE->ExceptionDependentRetry(maxAttempts=2147483647; defaultPolicy=MultipleLinearRandomRetry[5x5s, 5x10s, 5x15s, 5x20s, 5x25s, 10x60s]; map={org.apache.ratis.protocol.exceptions.GroupMismatchException->NoRetry, org.apache.ratis.protocol.exceptions.NotReplicatedException->NoRetry, org.apache.ratis.protocol.exceptions.ResourceUnavailableException->org.apache.ratis.retry.ExponentialBackoffRetry@3da9dd8b, org.apache.ratis.protocol.exceptions.StateMachineException->NoRetry, org.apache.ratis.protocol.exceptions.TimeoutIOException->org.apache.ratis.retry.ExponentialBackoffRetry@3da9dd8b}), WATCH->ExceptionDependentRetry(maxAttempts=2147483647; defaultPolicy=MultipleLinearRandomRetry[5x5s, 5x10s, 5x15s, 5x20s, 5x25s, 10x60s]; map={org.apache.ratis.protocol.exceptions.GroupMismatchException->NoRetry, org.apache.ratis.protocol.exceptions.NotReplicatedException->NoRetry, org.apache.ratis.protocol.exceptions.ResourceUnavailableException->org.apache.ratis.retry.ExponentialBackoffRetry@3da9dd8b, org.apache.ratis.protocol.exceptions.StateMachineException->NoRetry, org.apache.ratis.protocol.exceptions.TimeoutIOException->NoRetry})}
	at org.apache.ratis.client.impl.RaftClientImpl.noMoreRetries(RaftClientImpl.java:352)
	... 19 more
Caused by: org.apache.ratis.protocol.exceptions.NotLeaderException: Server 9e23e878-9bb3-42b5-8b94-e0e229812e65@group-D5D0288CE997 is not the leader
	at org.apache.ratis.client.impl.ClientProtoUtils.toRaftClientReply(ClientProtoUtils.java:402)
	at org.apache.ratis.grpc.client.GrpcClientProtocolClient$AsyncStreamObservers$1.onNext(GrpcClientProtocolClient.java:313)
	... 10 more
2025-09-13 17:33:20,113 [grpc-default-executor-10] ERROR impl.OrderedAsync (OrderedAsync.java:lambda$send$4(179)) - Failed to send request, message=cmdType: PutBlock
traceID: ""
containerID: 3
datanodeUuid: "13facd30-3950-4310-8b1a-93d004abbbdd"
putBlock {
  blockData {
    blockID {
      containerID: 3
      localID: 115816896921600006
      blockCommitSequenceId: 0
    }
    metadata {
      key: "TYPE"
      value: "KEY"
    }
    chunks {
      chunkName: "115816896921600006_chunk_1"
      offset: 0
      len: 524288
      checksumData {
        type: CRC32
        bytesPerChecksum: 16384
        checksums: "\326\360U\321"
        checksums: "\326\360U\321"
        checksums: "\326\360U\321"
        checksums: "\326\360U\321"
        checksums: "\326\360U\321"
        checksums: "\326\360U\321"
        checksums: "\326\360U\321"
        checksums: "\326\360U\321"
        checksums: "\326\360U\321"
        checksums: "\326\360U\321"
        checksums: "\326\360U\321"
        checksums: "\326\360U\321"
        checksums: "\326\360U\321"
        checksums: "\326\360U\321"
        checksums: "\326\360U\321"
        checksums: "\326\360U\321"
        checksums: "\326\360U\321"
        checksums: "\326\360U\321"
        checksums: "\326\360U\321"
        checksums: "\326\360U\321"
        checksums: "\326\360U\321"
        checksums: "\326\360U\321"
        checksums: "\326\360U\321"
        checksums: "\326\360U\321"
        checksums: "\326\360U\321"
        checksums: "\326\360U\321"
        checksums: "\326\360U\321"
        checksums: "\326\360U\321"
        checksums: "\326\360U\321"
        checksums: "\326\360U\321"
        checksums: "\326\360U\321"
        checksums: "\277r/p"
      }
    }
  }
  eof: true
}
version: 3
, data.size=0 due to java.util.concurrent.CompletionException: org.apache.ratis.protocol.exceptions.AlreadyClosedException: SlidingWindow$Client:client-2ECFBEF5EF78->RAFT is closed.
2025-09-13 17:33:20,115 [ForkJoinPool-1-worker-1] WARN  io.KeyOutputStream (KeyOutputStream.java:handleExceptionInternal(377)) - Encountered exception java.io.IOException: Unexpected Storage Container Exception: java.util.concurrent.CompletionException: Failed to write chunk 115816896921600006_chunk_1 into block conID: 3 locID: 115816896921600006 bcsId: 0 replicaIndex: null on the pipeline Pipeline{ Id: 71f8f458-3dd2-4722-a002-d5d0288ce997, Nodes: [ {13facd30-3950-4310-8b1a-93d004abbbdd(localhost/127.0.0.1), ReplicaIndex: 0}, {36d876fb-a458-4393-963b-58eeedb8ba95(localhost/127.0.0.1), ReplicaIndex: 0}, {9e23e878-9bb3-42b5-8b94-e0e229812e65(localhost/127.0.0.1), ReplicaIndex: 0},], ReplicationConfig: RATIS/THREE, State:OPEN, leaderId:36d876fb-a458-4393-963b-58eeedb8ba95, CreationTimestamp2025-09-13T17:31:20.361Z[Etc/UTC]}. The last committed block length is 0, uncommitted data length is 524288 retry count 0
2025-09-13 17:33:20,161 [ForkJoinPool-1-worker-1] INFO  io.BlockOutputStreamEntry (BlockOutputStreamEntry.java:writeOnRetry(192)) - BlockOutputStreamEntry:c5646085-afef-4c06-9aa4-e71c23e5b8a3 conID: 6 locID: 115816896921600007 bcsId: 0 replicaIndex: null: Finish retrying with len 524288, currentPosition 524288
2025-09-13 17:33:20,161 [ForkJoinPool-1-worker-1] INFO  io.BlockOutputStreamEntry (BlockOutputStreamEntry.java:finishRetryHandling(141)) - BlockOutputStreamEntry:c5646085-afef-4c06-9aa4-e71c23e5b8a3 conID: 6 locID: 115816896921600007 bcsId: 0 replicaIndex: null: Exiting retry handling mode
]]></system-out>
  </testcase>
  <testcase name="testBlockWritesWithDnFailures" classname="org.apache.hadoop.ozone.client.rpc.TestFailureHandlingByClient" time="45.994">
    <system-out><![CDATA[2025-09-13 17:33:20,205 [ForkJoinPool-1-worker-1] WARN  dropwizard3.Dm3MetricRegistriesImpl (Dm3MetricRegistriesImpl.java:addReporterRegistration(114)) - New reporters are added after registries were created. Some metrics will be missing from the reporter. Please add reporter before adding any new registry.
2025-09-13 17:33:20,205 [ForkJoinPool-1-worker-1] WARN  dropwizard3.Dm3MetricRegistriesImpl (Dm3MetricRegistriesImpl.java:addReporterRegistration(114)) - New reporters are added after registries were created. Some metrics will be missing from the reporter. Please add reporter before adding any new registry.
2025-09-13 17:33:20,205 [ForkJoinPool-1-worker-1] INFO  impl.MetricsSystemImpl (MetricsSystemImpl.java:init(158)) - HddsDatanode metrics system started (again)
2025-09-13 17:33:20,232 [ForkJoinPool-1-worker-1] INFO  ozone.HddsDatanodeService (HddsDatanodeService.java:start(236)) - HddsDatanodeService 13facd30-3950-4310-8b1a-93d004abbbdd(localhost/127.0.0.1)
2025-09-13 17:33:20,234 [ForkJoinPool-1-worker-1] INFO  upgrade.AbstractLayoutVersionManager (AbstractLayoutVersionManager.java:init(80)) - Initializing Layout version manager with metadata layout = WITNESSED_CONTAINER_DB_PROTO_VALUE (version = 9), software layout = WITNESSED_CONTAINER_DB_PROTO_VALUE (version = 9)
2025-09-13 17:33:20,234 [ForkJoinPool-1-worker-1] INFO  statemachine.DatanodeStateMachine (DatanodeStateMachine.java:getEndPointTaskThreadPoolSize(321)) - Datanode State Machine Task Thread Pool size 2
2025-09-13 17:33:20,239 [ForkJoinPool-1-worker-1] INFO  volume.HddsVolume (HddsVolume.java:<init>(162)) - HddsVolume: { id=DS-7c74f027-72de-49ce-b83a-c2c2856c274d dir=/home/runner/work/ozone/ozone/hadoop-ozone/integration-test/target/test-dir/MiniOzoneClusterImpl-1331a795-ed08-415d-924a-7661a5cf51a5/ozone-metadata/datanode-3/data-0/hdds type=DISK capacity=9222449699674390527 used=0 available=9222449699674390527 minFree=9222450130714624 committed=0 }
2025-09-13 17:33:20,239 [ForkJoinPool-1-worker-1] INFO  volume.MutableVolumeSet (MutableVolumeSet.java:initializeVolumeSet(175)) - Added Volume : /home/runner/work/ozone/ozone/hadoop-ozone/integration-test/target/test-dir/MiniOzoneClusterImpl-1331a795-ed08-415d-924a-7661a5cf51a5/ozone-metadata/datanode-3/data-0/hdds to VolumeSet
2025-09-13 17:33:20,241 [ForkJoinPool-1-worker-1] INFO  volume.MutableVolumeSet (MutableVolumeSet.java:initializeVolumeSet(175)) - Added Volume : /home/runner/work/ozone/ozone/hadoop-ozone/integration-test/target/test-dir/MiniOzoneClusterImpl-1331a795-ed08-415d-924a-7661a5cf51a5/ozone-metadata/datanode-3/ratis to VolumeSet
2025-09-13 17:33:20,271 [ForkJoinPool.commonPool-worker-1] INFO  utils.DatanodeStoreCache (DatanodeStoreCache.java:addDB(70)) - Added db /home/runner/work/ozone/ozone/hadoop-ozone/integration-test/target/test-dir/MiniOzoneClusterImpl-1331a795-ed08-415d-924a-7661a5cf51a5/ozone-metadata/datanode-3/data-0/hdds/1331a795-ed08-415d-924a-7661a5cf51a5/DS-7c74f027-72de-49ce-b83a-c2c2856c274d/container.db to cache
2025-09-13 17:33:20,271 [ForkJoinPool.commonPool-worker-1] INFO  volume.HddsVolume (HddsVolume.java:loadDbStore(517)) - SchemaV3 db is loaded at /home/runner/work/ozone/ozone/hadoop-ozone/integration-test/target/test-dir/MiniOzoneClusterImpl-1331a795-ed08-415d-924a-7661a5cf51a5/ozone-metadata/datanode-3/data-0/hdds/1331a795-ed08-415d-924a-7661a5cf51a5/DS-7c74f027-72de-49ce-b83a-c2c2856c274d/container.db for volume DS-7c74f027-72de-49ce-b83a-c2c2856c274d
2025-09-13 17:33:20,271 [ForkJoinPool-1-worker-1] INFO  ozoneimpl.OzoneContainer (HddsVolumeUtil.java:loadAllHddsVolumeDbStore(102)) - Load 1 volumes DbStore cost: 29ms
2025-09-13 17:33:20,272 [ForkJoinPool-1-worker-1] WARN  db.DBStoreBuilder (DBStoreBuilder.java:getDBDirPath(158)) - ozone.scm.datanode.id.dir is not configured. We recommend adding this setting. Falling back to ozone.metadata.dirs instead.
2025-09-13 17:33:20,274 [ForkJoinPool-1-worker-1] WARN  db.DBStoreBuilder (DBStoreBuilder.java:getDBDirPath(158)) - ozone.scm.datanode.id.dir is not configured. We recommend adding this setting. Falling back to ozone.metadata.dirs instead.
2025-09-13 17:33:20,296 [ForkJoinPool-1-worker-1] INFO  impl.FilePerChunkStrategy (FilePerChunkStrategy.java:<init>(79)) - ozone.chunk.read.mapped.buffer.max.count is load with 0
2025-09-13 17:33:20,297 [ForkJoinPool-1-worker-1] INFO  impl.FilePerBlockStrategy (FilePerBlockStrategy.java:<init>(88)) - ozone.chunk.read.mapped.buffer.max.count is load with 0
2025-09-13 17:33:20,298 [ForkJoinPool-1-worker-1] INFO  server.RaftServerConfigKeys (ConfUtils.java:logGet(62)) - raft.server.log.appender.buffer.byte-limit = 33554432 (custom)
2025-09-13 17:33:20,299 [ForkJoinPool-1-worker-1] INFO  grpc.GrpcConfigKeys (ConfUtils.java:logFallback(69)) - raft.grpc.admin.host = null (fallback to raft.grpc.server.host)
2025-09-13 17:33:20,300 [ForkJoinPool-1-worker-1] INFO  grpc.GrpcConfigKeys (ConfUtils.java:logGet(62)) - raft.grpc.admin.port = 15030 (custom)
2025-09-13 17:33:20,300 [ForkJoinPool-1-worker-1] INFO  grpc.GrpcConfigKeys (ConfUtils.java:logFallback(69)) - raft.grpc.client.host = null (fallback to raft.grpc.server.host)
2025-09-13 17:33:20,300 [ForkJoinPool-1-worker-1] INFO  grpc.GrpcConfigKeys (ConfUtils.java:logGet(62)) - raft.grpc.client.port = 15029 (custom)
2025-09-13 17:33:20,300 [ForkJoinPool-1-worker-1] INFO  grpc.GrpcConfigKeys (ConfUtils.java:logGet(62)) - raft.grpc.server.port = 15031 (custom)
2025-09-13 17:33:20,300 [ForkJoinPool-1-worker-1] INFO  server.GrpcServicesImpl (ConfUtils.java:logGet(62)) - raft.grpc.message.size.max = 34603008 (custom)
2025-09-13 17:33:20,300 [ForkJoinPool-1-worker-1] INFO  server.GrpcServicesImpl (ConfUtils.java:logGet(62)) - raft.grpc.flow.control.window = 5MB (=5242880) (custom)
2025-09-13 17:33:20,300 [ForkJoinPool-1-worker-1] INFO  server.RaftServerConfigKeys (ConfUtils.java:logGet(62)) - raft.server.log.appender.buffer.byte-limit = 33554432 (custom)
2025-09-13 17:33:20,302 [ForkJoinPool-1-worker-1] INFO  netty.NettyUtils (NettyUtils.java:newEventLoopGroup(74)) - Create EpollEventLoopGroup for 13facd30-3950-4310-8b1a-93d004abbbdd-NettyServerStreamRpc-bossGroup; Thread size is 0.
2025-09-13 17:33:20,303 [ForkJoinPool-1-worker-1] INFO  netty.NettyUtils (NettyUtils.java:newEventLoopGroup(74)) - Create EpollEventLoopGroup for 13facd30-3950-4310-8b1a-93d004abbbdd-NettyServerStreamRpc-workerGroup; Thread size is 0.
2025-09-13 17:33:20,303 [ForkJoinPool-1-worker-1] INFO  netty.NettyConfigKeys$DataStream (ConfUtils.java:logGet(62)) - raft.netty.dataStream.port = 15032 (custom)
2025-09-13 17:33:20,303 [ForkJoinPool-1-worker-1] INFO  server.RaftServerConfigKeys (ConfUtils.java:logGet(62)) - raft.server.storage.dir = [/home/runner/work/ozone/ozone/hadoop-ozone/integration-test/target/test-dir/MiniOzoneClusterImpl-1331a795-ed08-415d-924a-7661a5cf51a5/ozone-metadata/datanode-3/ratis] (custom)
2025-09-13 17:33:20,303 [13facd30-3950-4310-8b1a-93d004abbbdd-NettyServerStreamRpc-bossGroup--thread1] INFO  logging.LoggingHandler (AbstractInternalLogger.java:log(148)) - [id: 0x118d8e2e] REGISTERED
2025-09-13 17:33:20,304 [13facd30-3950-4310-8b1a-93d004abbbdd-NettyServerStreamRpc-bossGroup--thread1] INFO  logging.LoggingHandler (AbstractInternalLogger.java:log(148)) - [id: 0x118d8e2e] BIND: 0.0.0.0/0.0.0.0:15032
2025-09-13 17:33:20,304 [13facd30-3950-4310-8b1a-93d004abbbdd-NettyServerStreamRpc-bossGroup--thread1] INFO  logging.LoggingHandler (AbstractInternalLogger.java:log(148)) - [id: 0x118d8e2e, L:/0.0.0.0:15032] ACTIVE
2025-09-13 17:33:20,304 [13facd30-3950-4310-8b1a-93d004abbbdd-impl-thread1] INFO  server.RaftServer (RaftServerProxy.java:initGroupDir(270)) - 13facd30-3950-4310-8b1a-93d004abbbdd: found a subdirectory /home/runner/work/ozone/ozone/hadoop-ozone/integration-test/target/test-dir/MiniOzoneClusterImpl-1331a795-ed08-415d-924a-7661a5cf51a5/ozone-metadata/datanode-3/ratis/71f8f458-3dd2-4722-a002-d5d0288ce997
2025-09-13 17:33:20,304 [13facd30-3950-4310-8b1a-93d004abbbdd-impl-thread1] INFO  server.RaftServer (RaftServerProxy.java:addNew(105)) - 13facd30-3950-4310-8b1a-93d004abbbdd: addNew group-D5D0288CE997:[] returns group-D5D0288CE997:java.util.concurrent.CompletableFuture@135e943d[Not completed]
2025-09-13 17:33:20,304 [13facd30-3950-4310-8b1a-93d004abbbdd-impl-thread1] INFO  server.RaftServer (RaftServerProxy.java:initGroupDir(270)) - 13facd30-3950-4310-8b1a-93d004abbbdd: found a subdirectory /home/runner/work/ozone/ozone/hadoop-ozone/integration-test/target/test-dir/MiniOzoneClusterImpl-1331a795-ed08-415d-924a-7661a5cf51a5/ozone-metadata/datanode-3/ratis/59c25a4c-b008-4c23-bf2e-cf05563d4821
2025-09-13 17:33:20,304 [13facd30-3950-4310-8b1a-93d004abbbdd-impl-thread1] INFO  server.RaftServer (RaftServerProxy.java:addNew(105)) - 13facd30-3950-4310-8b1a-93d004abbbdd: addNew group-CF05563D4821:[] returns group-CF05563D4821:java.util.concurrent.CompletableFuture@6cda86df[Not completed]
2025-09-13 17:33:20,304 [13facd30-3950-4310-8b1a-93d004abbbdd-impl-thread1] INFO  server.RaftServer (RaftServerProxy.java:initGroupDir(270)) - 13facd30-3950-4310-8b1a-93d004abbbdd: found a subdirectory /home/runner/work/ozone/ozone/hadoop-ozone/integration-test/target/test-dir/MiniOzoneClusterImpl-1331a795-ed08-415d-924a-7661a5cf51a5/ozone-metadata/datanode-3/ratis/f7fa2a76-8c89-4e33-b3f9-c6159b6e7e4c
2025-09-13 17:33:20,304 [13facd30-3950-4310-8b1a-93d004abbbdd-impl-thread1] INFO  server.RaftServer (RaftServerProxy.java:addNew(105)) - 13facd30-3950-4310-8b1a-93d004abbbdd: addNew group-C6159B6E7E4C:[] returns group-C6159B6E7E4C:java.util.concurrent.CompletableFuture@2207a6ec[Not completed]
2025-09-13 17:33:20,305 [13facd30-3950-4310-8b1a-93d004abbbdd-impl-thread1] INFO  server.RaftServer (RaftServerProxy.java:initGroupDir(270)) - 13facd30-3950-4310-8b1a-93d004abbbdd: found a subdirectory /home/runner/work/ozone/ozone/hadoop-ozone/integration-test/target/test-dir/MiniOzoneClusterImpl-1331a795-ed08-415d-924a-7661a5cf51a5/ozone-metadata/datanode-3/ratis/tmp
2025-09-13 17:33:20,305 [13facd30-3950-4310-8b1a-93d004abbbdd-impl-thread1] INFO  server.RaftServer (RaftServerProxy.java:initGroupDir(275)) - 13facd30-3950-4310-8b1a-93d004abbbdd: The directory /home/runner/work/ozone/ozone/hadoop-ozone/integration-test/target/test-dir/MiniOzoneClusterImpl-1331a795-ed08-415d-924a-7661a5cf51a5/ozone-metadata/datanode-3/ratis/tmp is not a group directory; ignoring it. 
2025-09-13 17:33:20,305 [ForkJoinPool-1-worker-1] INFO  replication.ReplicationServer (ReplicationServer.java:<init>(84)) - Initializing replication server with thread count = 10 queue length = 4096
2025-09-13 17:33:20,306 [ForkJoinPool-1-worker-1] INFO  server.XceiverServerGrpc (XceiverServerGrpc.java:<init>(130)) - GrpcServer channel type EpollServerSocketChannel
2025-09-13 17:33:20,307 [13facd30-3950-4310-8b1a-93d004abbbdd-groupManagement] INFO  server.RaftServer$Division (RaftServerImpl.java:<init>(268)) - 13facd30-3950-4310-8b1a-93d004abbbdd: new RaftServerImpl for group-D5D0288CE997:[] with ContainerStateMachine:uninitialized
2025-09-13 17:33:20,307 [ForkJoinPool-1-worker-1] INFO  replication.ReplicationSupervisor (ReplicationSupervisor.java:build(169)) - Initializing replication supervisor with thread count = 10
2025-09-13 17:33:20,307 [13facd30-3950-4310-8b1a-93d004abbbdd-groupManagement] INFO  server.RaftServer$Division (ServerState.java:<init>(114)) - 13facd30-3950-4310-8b1a-93d004abbbdd@group-D5D0288CE997: ConfigurationManager, init=conf: {index: -1, cur=peers:[]|listeners:[], old=null}, confs=<EMPTY_MAP>
2025-09-13 17:33:20,307 [ForkJoinPool-1-worker-1] INFO  replication.ReplicationSupervisor (ReplicationSupervisor.java:nodeStateUpdated(358)) - Node state updated to IN_SERVICE, scaling executor pool size to 10
2025-09-13 17:33:20,311 [ForkJoinPool-1-worker-1] INFO  http.BaseHttpServer (BaseHttpServer.java:newHttpServer2BuilderForOzone(227)) - Starting Web-server for hddsDatanode at: http://0.0.0.0:15026
2025-09-13 17:33:20,311 [ForkJoinPool-1-worker-1] INFO  http.BaseHttpServer (BaseHttpServer.java:<init>(105)) - Hadoop Security Enabled: false Ozone Security Enabled: false Ozone HTTP Security Enabled: false 
2025-09-13 17:33:20,313 [ForkJoinPool-1-worker-1] WARN  server.AuthenticationFilter (AuthenticationFilter.java:constructSecretProvider(240)) - Unable to initialize FileSignerSecretProvider, falling back to use random secrets. Reason: Could not read signature secret file: /home/runner/hadoop-http-auth-signature-secret
2025-09-13 17:33:20,314 [13facd30-3950-4310-8b1a-93d004abbbdd-groupManagement] INFO  server.RaftServer$Division (RaftServerImpl.java:<init>(268)) - 13facd30-3950-4310-8b1a-93d004abbbdd: new RaftServerImpl for group-CF05563D4821:[] with ContainerStateMachine:uninitialized
2025-09-13 17:33:20,314 [13facd30-3950-4310-8b1a-93d004abbbdd-groupManagement] INFO  server.RaftServer$Division (ServerState.java:<init>(114)) - 13facd30-3950-4310-8b1a-93d004abbbdd@group-CF05563D4821: ConfigurationManager, init=conf: {index: -1, cur=peers:[]|listeners:[], old=null}, confs=<EMPTY_MAP>
2025-09-13 17:33:20,316 [ForkJoinPool-1-worker-1] INFO  http.HttpServer2 (HttpServer2.java:addGlobalFilter(1041)) - Added global filter 'safety' (class=org.apache.hadoop.hdds.server.http.HttpServer2$QuotingInputFilter)
2025-09-13 17:33:20,318 [ForkJoinPool-1-worker-1] INFO  http.HttpServer2 (HttpServer2.java:addFilter(1017)) - Added filter static_user_filter (class=org.apache.hadoop.http.lib.StaticUserWebFilter$StaticUserFilter) to context hddsDatanode
2025-09-13 17:33:20,318 [ForkJoinPool-1-worker-1] INFO  http.HttpServer2 (HttpServer2.java:addFilter(1025)) - Added filter static_user_filter (class=org.apache.hadoop.http.lib.StaticUserWebFilter$StaticUserFilter) to context logs
2025-09-13 17:33:20,318 [ForkJoinPool-1-worker-1] INFO  http.HttpServer2 (HttpServer2.java:addFilter(1025)) - Added filter static_user_filter (class=org.apache.hadoop.http.lib.StaticUserWebFilter$StaticUserFilter) to context static
2025-09-13 17:33:20,319 [ForkJoinPool-1-worker-1] INFO  http.BaseHttpServer (BaseHttpServer.java:<init>(193)) - HTTP server of hddsDatanode uses base directory /home/runner/work/ozone/ozone/hadoop-ozone/integration-test/target/test-dir/MiniOzoneClusterImpl-1331a795-ed08-415d-924a-7661a5cf51a5/scm/ozone-metadata/webserver
2025-09-13 17:33:20,319 [ForkJoinPool-1-worker-1] INFO  http.HttpServer2 (HttpServer2.java:bindListener(1241)) - Jetty bound to port 15026
2025-09-13 17:33:20,319 [ForkJoinPool-1-worker-1] INFO  server.Server (Server.java:doStart(375)) - jetty-9.4.58.v20250814; built: 2025-08-14T02:28:49.637Z; git: 8f1440587e9e4ae7db3d74cf205643f3d707148d; jvm 21.0.8+9-LTS
2025-09-13 17:33:20,321 [13facd30-3950-4310-8b1a-93d004abbbdd-groupManagement] INFO  server.RaftServer$Division (RaftServerImpl.java:<init>(268)) - 13facd30-3950-4310-8b1a-93d004abbbdd: new RaftServerImpl for group-C6159B6E7E4C:[] with ContainerStateMachine:uninitialized
2025-09-13 17:33:20,321 [ForkJoinPool-1-worker-1] INFO  server.session (DefaultSessionIdManager.java:doStart(334)) - DefaultSessionIdManager workerName=node0
2025-09-13 17:33:20,321 [ForkJoinPool-1-worker-1] INFO  server.session (DefaultSessionIdManager.java:doStart(339)) - No SessionScavenger set, using defaults
2025-09-13 17:33:20,322 [ForkJoinPool-1-worker-1] INFO  server.session (HouseKeeper.java:startScavenging(132)) - node0 Scavenging every 660000ms
2025-09-13 17:33:20,321 [13facd30-3950-4310-8b1a-93d004abbbdd-groupManagement] INFO  server.RaftServer$Division (ServerState.java:<init>(114)) - 13facd30-3950-4310-8b1a-93d004abbbdd@group-C6159B6E7E4C: ConfigurationManager, init=conf: {index: -1, cur=peers:[]|listeners:[], old=null}, confs=<EMPTY_MAP>
2025-09-13 17:33:20,324 [ForkJoinPool-1-worker-1] INFO  handler.ContextHandler (ContextHandler.java:doStart(921)) - Started o.e.j.s.ServletContextHandler@3867aa31{logs,/logs,file:///home/runner/work/ozone/ozone/hadoop-ozone/integration-test/target/log,AVAILABLE}
2025-09-13 17:33:20,324 [ForkJoinPool-1-worker-1] INFO  handler.ContextHandler (ContextHandler.java:doStart(921)) - Started o.e.j.s.ServletContextHandler@262d39a7{static,/static,jar:file:/home/runner/work/ozone/ozone/hadoop-hdds/container-service/target/hdds-container-service-2.1.0-SNAPSHOT.jar!/webapps/static,AVAILABLE}
2025-09-13 17:33:20,474 [ForkJoinPool-1-worker-1] INFO  handler.ContextHandler (ContextHandler.java:doStart(921)) - Started o.e.j.w.WebAppContext@62a80cf9{hddsDatanode,/,file:///home/runner/work/ozone/ozone/hadoop-ozone/integration-test/target/test-dir/MiniOzoneClusterImpl-1331a795-ed08-415d-924a-7661a5cf51a5/scm/ozone-metadata/webserver/jetty-0_0_0_0-15026-hdds-container-service-2_1_0-SNAPSHOT_jar-_-any-8578804970124029652/webapp/,AVAILABLE}{jar:file:/home/runner/work/ozone/ozone/hadoop-hdds/container-service/target/hdds-container-service-2.1.0-SNAPSHOT.jar!/webapps/hddsDatanode}
2025-09-13 17:33:20,475 [ForkJoinPool-1-worker-1] INFO  server.AbstractConnector (AbstractConnector.java:doStart(333)) - Started ServerConnector@5c1d1152{HTTP/1.1, (http/1.1)}{0.0.0.0:15026}
2025-09-13 17:33:20,475 [ForkJoinPool-1-worker-1] INFO  server.Server (Server.java:doStart(415)) - Started @133059ms
2025-09-13 17:33:20,475 [ForkJoinPool-1-worker-1] WARN  impl.MetricsSystemImpl (MetricsSystemImpl.java:register(279)) - Sink prometheus already exists!
2025-09-13 17:33:20,475 [ForkJoinPool-1-worker-1] INFO  http.BaseHttpServer (BaseHttpServer.java:updateConnectorAddress(357)) - HTTP server of hddsDatanode listening at http://localhost:15026
2025-09-13 17:33:20,475 [ForkJoinPool-1-worker-1] INFO  ipc.CallQueueManager (CallQueueManager.java:<init>(93)) - Using callQueue: class java.util.concurrent.LinkedBlockingQueue, queueCapacity: 1000, scheduler: class org.apache.hadoop.ipc.DefaultRpcScheduler, ipcBackoff: false, ipcFailOver: false.
2025-09-13 17:33:20,476 [ForkJoinPool-1-worker-1] INFO  ipc.Server (Server.java:<init>(1438)) - Listener at 0.0.0.0:15027
2025-09-13 17:33:20,476 [Socket Reader #1 for port 15027] INFO  ipc.Server (Server.java:run(1474)) - Starting Socket Reader #1 for port 15027
2025-09-13 17:33:20,476 [Socket Reader #2 for port 15027] INFO  ipc.Server (Server.java:run(1474)) - Starting Socket Reader #2 for port 15027
2025-09-13 17:33:20,476 [Socket Reader #3 for port 15027] INFO  ipc.Server (Server.java:run(1474)) - Starting Socket Reader #3 for port 15027
2025-09-13 17:33:20,477 [Socket Reader #4 for port 15027] INFO  ipc.Server (Server.java:run(1474)) - Starting Socket Reader #4 for port 15027
2025-09-13 17:33:20,477 [Socket Reader #5 for port 15027] INFO  ipc.Server (Server.java:run(1474)) - Starting Socket Reader #5 for port 15027
2025-09-13 17:33:20,477 [Socket Reader #6 for port 15027] INFO  ipc.Server (Server.java:run(1474)) - Starting Socket Reader #6 for port 15027
2025-09-13 17:33:20,477 [Socket Reader #7 for port 15027] INFO  ipc.Server (Server.java:run(1474)) - Starting Socket Reader #7 for port 15027
2025-09-13 17:33:20,477 [Socket Reader #8 for port 15027] INFO  ipc.Server (Server.java:run(1474)) - Starting Socket Reader #8 for port 15027
2025-09-13 17:33:20,477 [Socket Reader #9 for port 15027] INFO  ipc.Server (Server.java:run(1474)) - Starting Socket Reader #9 for port 15027
2025-09-13 17:33:20,477 [Socket Reader #10 for port 15027] INFO  ipc.Server (Server.java:run(1474)) - Starting Socket Reader #10 for port 15027
2025-09-13 17:33:20,479 [ForkJoinPool-1-worker-1] INFO  ozone.HddsDatanodeService (HddsDatanodeService.java:start(333)) - Datanode start with admins: [admin, runner]
2025-09-13 17:33:20,479 [ForkJoinPool-1-worker-1] INFO  ozone.HddsDatanodeClientProtocolServer (HddsDatanodeClientProtocolServer.java:start(76)) - RPC server for Client /0.0.0.0:15027
2025-09-13 17:33:20,479 [IPC Server Responder] INFO  ipc.Server (Server.java:run(1713)) - IPC Server Responder: starting
2025-09-13 17:33:20,479 [IPC Server listener on 15027] INFO  ipc.Server (Server.java:run(1553)) - IPC Server listener on 15027: starting
2025-09-13 17:33:20,482 [13facd30-3950-4310-8b1a-93d004abbbdd-DatanodeStateMachineDaemonThread] INFO  statemachine.DatanodeStateMachine (DatanodeStateMachine.java:startStateMachineThread(363)) - Ozone container server started.
2025-09-13 17:33:20,482 [ForkJoinPool-1-worker-1] WARN  dropwizard3.Dm3MetricRegistriesImpl (Dm3MetricRegistriesImpl.java:addReporterRegistration(114)) - New reporters are added after registries were created. Some metrics will be missing from the reporter. Please add reporter before adding any new registry.
2025-09-13 17:33:20,482 [ForkJoinPool-1-worker-1] WARN  dropwizard3.Dm3MetricRegistriesImpl (Dm3MetricRegistriesImpl.java:addReporterRegistration(114)) - New reporters are added after registries were created. Some metrics will be missing from the reporter. Please add reporter before adding any new registry.
2025-09-13 17:33:20,483 [ForkJoinPool-1-worker-1] INFO  impl.MetricsSystemImpl (MetricsSystemImpl.java:init(158)) - HddsDatanode metrics system started (again)
2025-09-13 17:33:20,488 [13facd30-3950-4310-8b1a-93d004abbbdd-DatanodeStateMachineTaskThread-0] INFO  datanode.InitDatanodeState (InitDatanodeState.java:persistContainerDatanodeDetails(139)) - DatanodeDetails is persisted to /home/runner/work/ozone/ozone/hadoop-ozone/integration-test/target/test-dir/MiniOzoneClusterImpl-1331a795-ed08-415d-924a-7661a5cf51a5/ozone-metadata/datanode-3/ozone-metadata/datanode.id
2025-09-13 17:33:20,504 [ForkJoinPool-1-worker-1] INFO  ozone.HddsDatanodeService (HddsDatanodeService.java:start(236)) - HddsDatanodeService 36d876fb-a458-4393-963b-58eeedb8ba95(localhost/127.0.0.1)
2025-09-13 17:33:20,505 [ForkJoinPool-1-worker-1] INFO  upgrade.AbstractLayoutVersionManager (AbstractLayoutVersionManager.java:init(80)) - Initializing Layout version manager with metadata layout = WITNESSED_CONTAINER_DB_PROTO_VALUE (version = 9), software layout = WITNESSED_CONTAINER_DB_PROTO_VALUE (version = 9)
2025-09-13 17:33:20,505 [ForkJoinPool-1-worker-1] INFO  statemachine.DatanodeStateMachine (DatanodeStateMachine.java:getEndPointTaskThreadPoolSize(321)) - Datanode State Machine Task Thread Pool size 2
2025-09-13 17:33:20,507 [ForkJoinPool-1-worker-1] INFO  volume.HddsVolume (HddsVolume.java:<init>(162)) - HddsVolume: { id=DS-cef04933-4ce8-4840-b22e-4ad87088cbdd dir=/home/runner/work/ozone/ozone/hadoop-ozone/integration-test/target/test-dir/MiniOzoneClusterImpl-1331a795-ed08-415d-924a-7661a5cf51a5/ozone-metadata/datanode-1/data-0/hdds type=DISK capacity=9222449699674390527 used=0 available=9222449699674390527 minFree=9222450130714624 committed=0 }
2025-09-13 17:33:20,507 [ForkJoinPool-1-worker-1] INFO  volume.MutableVolumeSet (MutableVolumeSet.java:initializeVolumeSet(175)) - Added Volume : /home/runner/work/ozone/ozone/hadoop-ozone/integration-test/target/test-dir/MiniOzoneClusterImpl-1331a795-ed08-415d-924a-7661a5cf51a5/ozone-metadata/datanode-1/data-0/hdds to VolumeSet
2025-09-13 17:33:20,508 [ForkJoinPool-1-worker-1] INFO  volume.MutableVolumeSet (MutableVolumeSet.java:initializeVolumeSet(175)) - Added Volume : /home/runner/work/ozone/ozone/hadoop-ozone/integration-test/target/test-dir/MiniOzoneClusterImpl-1331a795-ed08-415d-924a-7661a5cf51a5/ozone-metadata/datanode-1/ratis to VolumeSet
2025-09-13 17:33:20,525 [ForkJoinPool.commonPool-worker-1] INFO  utils.DatanodeStoreCache (DatanodeStoreCache.java:addDB(70)) - Added db /home/runner/work/ozone/ozone/hadoop-ozone/integration-test/target/test-dir/MiniOzoneClusterImpl-1331a795-ed08-415d-924a-7661a5cf51a5/ozone-metadata/datanode-1/data-0/hdds/1331a795-ed08-415d-924a-7661a5cf51a5/DS-cef04933-4ce8-4840-b22e-4ad87088cbdd/container.db to cache
2025-09-13 17:33:20,525 [ForkJoinPool.commonPool-worker-1] INFO  volume.HddsVolume (HddsVolume.java:loadDbStore(517)) - SchemaV3 db is loaded at /home/runner/work/ozone/ozone/hadoop-ozone/integration-test/target/test-dir/MiniOzoneClusterImpl-1331a795-ed08-415d-924a-7661a5cf51a5/ozone-metadata/datanode-1/data-0/hdds/1331a795-ed08-415d-924a-7661a5cf51a5/DS-cef04933-4ce8-4840-b22e-4ad87088cbdd/container.db for volume DS-cef04933-4ce8-4840-b22e-4ad87088cbdd
2025-09-13 17:33:20,525 [ForkJoinPool-1-worker-1] INFO  ozoneimpl.OzoneContainer (HddsVolumeUtil.java:loadAllHddsVolumeDbStore(102)) - Load 1 volumes DbStore cost: 17ms
2025-09-13 17:33:20,526 [ForkJoinPool-1-worker-1] WARN  db.DBStoreBuilder (DBStoreBuilder.java:getDBDirPath(158)) - ozone.scm.datanode.id.dir is not configured. We recommend adding this setting. Falling back to ozone.metadata.dirs instead.
2025-09-13 17:33:20,526 [ForkJoinPool-1-worker-1] WARN  db.DBStoreBuilder (DBStoreBuilder.java:getDBDirPath(158)) - ozone.scm.datanode.id.dir is not configured. We recommend adding this setting. Falling back to ozone.metadata.dirs instead.
2025-09-13 17:33:20,537 [ForkJoinPool-1-worker-1] INFO  impl.FilePerChunkStrategy (FilePerChunkStrategy.java:<init>(79)) - ozone.chunk.read.mapped.buffer.max.count is load with 0
2025-09-13 17:33:20,537 [ForkJoinPool-1-worker-1] INFO  impl.FilePerBlockStrategy (FilePerBlockStrategy.java:<init>(88)) - ozone.chunk.read.mapped.buffer.max.count is load with 0
2025-09-13 17:33:20,538 [ForkJoinPool-1-worker-1] INFO  server.RaftServerConfigKeys (ConfUtils.java:logGet(62)) - raft.server.log.appender.buffer.byte-limit = 33554432 (custom)
2025-09-13 17:33:20,539 [ForkJoinPool-1-worker-1] INFO  grpc.GrpcConfigKeys (ConfUtils.java:logFallback(69)) - raft.grpc.admin.host = null (fallback to raft.grpc.server.host)
2025-09-13 17:33:20,540 [ForkJoinPool-1-worker-1] INFO  grpc.GrpcConfigKeys (ConfUtils.java:logGet(62)) - raft.grpc.admin.port = 15014 (custom)
2025-09-13 17:33:20,540 [ForkJoinPool-1-worker-1] INFO  grpc.GrpcConfigKeys (ConfUtils.java:logFallback(69)) - raft.grpc.client.host = null (fallback to raft.grpc.server.host)
2025-09-13 17:33:20,540 [ForkJoinPool-1-worker-1] INFO  grpc.GrpcConfigKeys (ConfUtils.java:logGet(62)) - raft.grpc.client.port = 15013 (custom)
2025-09-13 17:33:20,540 [ForkJoinPool-1-worker-1] INFO  grpc.GrpcConfigKeys (ConfUtils.java:logGet(62)) - raft.grpc.server.port = 15015 (custom)
2025-09-13 17:33:20,540 [ForkJoinPool-1-worker-1] INFO  server.GrpcServicesImpl (ConfUtils.java:logGet(62)) - raft.grpc.message.size.max = 34603008 (custom)
2025-09-13 17:33:20,540 [ForkJoinPool-1-worker-1] INFO  server.GrpcServicesImpl (ConfUtils.java:logGet(62)) - raft.grpc.flow.control.window = 5MB (=5242880) (custom)
2025-09-13 17:33:20,540 [ForkJoinPool-1-worker-1] INFO  server.RaftServerConfigKeys (ConfUtils.java:logGet(62)) - raft.server.log.appender.buffer.byte-limit = 33554432 (custom)
2025-09-13 17:33:20,542 [ForkJoinPool-1-worker-1] INFO  netty.NettyUtils (NettyUtils.java:newEventLoopGroup(74)) - Create EpollEventLoopGroup for 36d876fb-a458-4393-963b-58eeedb8ba95-NettyServerStreamRpc-bossGroup; Thread size is 0.
2025-09-13 17:33:20,543 [ForkJoinPool-1-worker-1] INFO  netty.NettyUtils (NettyUtils.java:newEventLoopGroup(74)) - Create EpollEventLoopGroup for 36d876fb-a458-4393-963b-58eeedb8ba95-NettyServerStreamRpc-workerGroup; Thread size is 0.
2025-09-13 17:33:20,543 [ForkJoinPool-1-worker-1] INFO  netty.NettyConfigKeys$DataStream (ConfUtils.java:logGet(62)) - raft.netty.dataStream.port = 15016 (custom)
2025-09-13 17:33:20,544 [ForkJoinPool-1-worker-1] INFO  server.RaftServerConfigKeys (ConfUtils.java:logGet(62)) - raft.server.storage.dir = [/home/runner/work/ozone/ozone/hadoop-ozone/integration-test/target/test-dir/MiniOzoneClusterImpl-1331a795-ed08-415d-924a-7661a5cf51a5/ozone-metadata/datanode-1/ratis] (custom)
2025-09-13 17:33:20,544 [36d876fb-a458-4393-963b-58eeedb8ba95-NettyServerStreamRpc-bossGroup--thread1] INFO  logging.LoggingHandler (AbstractInternalLogger.java:log(148)) - [id: 0x385e55d5] REGISTERED
2025-09-13 17:33:20,544 [36d876fb-a458-4393-963b-58eeedb8ba95-NettyServerStreamRpc-bossGroup--thread1] INFO  logging.LoggingHandler (AbstractInternalLogger.java:log(148)) - [id: 0x385e55d5] BIND: 0.0.0.0/0.0.0.0:15016
2025-09-13 17:33:20,544 [36d876fb-a458-4393-963b-58eeedb8ba95-NettyServerStreamRpc-bossGroup--thread1] INFO  logging.LoggingHandler (AbstractInternalLogger.java:log(148)) - [id: 0x385e55d5, L:/0.0.0.0:15016] ACTIVE
2025-09-13 17:33:20,544 [36d876fb-a458-4393-963b-58eeedb8ba95-impl-thread1] INFO  server.RaftServer (RaftServerProxy.java:initGroupDir(270)) - 36d876fb-a458-4393-963b-58eeedb8ba95: found a subdirectory /home/runner/work/ozone/ozone/hadoop-ozone/integration-test/target/test-dir/MiniOzoneClusterImpl-1331a795-ed08-415d-924a-7661a5cf51a5/ozone-metadata/datanode-1/ratis/5743d5ca-d5da-4592-97f7-b4189f5888a1
2025-09-13 17:33:20,545 [36d876fb-a458-4393-963b-58eeedb8ba95-impl-thread1] INFO  server.RaftServer (RaftServerProxy.java:addNew(105)) - 36d876fb-a458-4393-963b-58eeedb8ba95: addNew group-B4189F5888A1:[] returns group-B4189F5888A1:java.util.concurrent.CompletableFuture@70885654[Not completed]
2025-09-13 17:33:20,545 [36d876fb-a458-4393-963b-58eeedb8ba95-impl-thread1] INFO  server.RaftServer (RaftServerProxy.java:initGroupDir(270)) - 36d876fb-a458-4393-963b-58eeedb8ba95: found a subdirectory /home/runner/work/ozone/ozone/hadoop-ozone/integration-test/target/test-dir/MiniOzoneClusterImpl-1331a795-ed08-415d-924a-7661a5cf51a5/ozone-metadata/datanode-1/ratis/71f8f458-3dd2-4722-a002-d5d0288ce997
2025-09-13 17:33:20,545 [36d876fb-a458-4393-963b-58eeedb8ba95-impl-thread1] INFO  server.RaftServer (RaftServerProxy.java:addNew(105)) - 36d876fb-a458-4393-963b-58eeedb8ba95: addNew group-D5D0288CE997:[] returns group-D5D0288CE997:java.util.concurrent.CompletableFuture@5a7fb889[Not completed]
2025-09-13 17:33:20,545 [36d876fb-a458-4393-963b-58eeedb8ba95-impl-thread1] INFO  server.RaftServer (RaftServerProxy.java:initGroupDir(270)) - 36d876fb-a458-4393-963b-58eeedb8ba95: found a subdirectory /home/runner/work/ozone/ozone/hadoop-ozone/integration-test/target/test-dir/MiniOzoneClusterImpl-1331a795-ed08-415d-924a-7661a5cf51a5/ozone-metadata/datanode-1/ratis/59c25a4c-b008-4c23-bf2e-cf05563d4821
2025-09-13 17:33:20,545 [36d876fb-a458-4393-963b-58eeedb8ba95-impl-thread1] INFO  server.RaftServer (RaftServerProxy.java:addNew(105)) - 36d876fb-a458-4393-963b-58eeedb8ba95: addNew group-CF05563D4821:[] returns group-CF05563D4821:java.util.concurrent.CompletableFuture@41b2c18d[Not completed]
2025-09-13 17:33:20,545 [36d876fb-a458-4393-963b-58eeedb8ba95-impl-thread1] INFO  server.RaftServer (RaftServerProxy.java:initGroupDir(270)) - 36d876fb-a458-4393-963b-58eeedb8ba95: found a subdirectory /home/runner/work/ozone/ozone/hadoop-ozone/integration-test/target/test-dir/MiniOzoneClusterImpl-1331a795-ed08-415d-924a-7661a5cf51a5/ozone-metadata/datanode-1/ratis/tmp
2025-09-13 17:33:20,545 [36d876fb-a458-4393-963b-58eeedb8ba95-impl-thread1] INFO  server.RaftServer (RaftServerProxy.java:initGroupDir(275)) - 36d876fb-a458-4393-963b-58eeedb8ba95: The directory /home/runner/work/ozone/ozone/hadoop-ozone/integration-test/target/test-dir/MiniOzoneClusterImpl-1331a795-ed08-415d-924a-7661a5cf51a5/ozone-metadata/datanode-1/ratis/tmp is not a group directory; ignoring it. 
2025-09-13 17:33:20,546 [ForkJoinPool-1-worker-1] INFO  replication.ReplicationServer (ReplicationServer.java:<init>(84)) - Initializing replication server with thread count = 10 queue length = 4096
2025-09-13 17:33:20,546 [36d876fb-a458-4393-963b-58eeedb8ba95-groupManagement] INFO  server.RaftServer$Division (RaftServerImpl.java:<init>(268)) - 36d876fb-a458-4393-963b-58eeedb8ba95: new RaftServerImpl for group-B4189F5888A1:[] with ContainerStateMachine:uninitialized
2025-09-13 17:33:20,546 [36d876fb-a458-4393-963b-58eeedb8ba95-groupManagement] INFO  server.RaftServer$Division (ServerState.java:<init>(114)) - 36d876fb-a458-4393-963b-58eeedb8ba95@group-B4189F5888A1: ConfigurationManager, init=conf: {index: -1, cur=peers:[]|listeners:[], old=null}, confs=<EMPTY_MAP>
2025-09-13 17:33:20,546 [ForkJoinPool-1-worker-1] INFO  server.XceiverServerGrpc (XceiverServerGrpc.java:<init>(130)) - GrpcServer channel type EpollServerSocketChannel
2025-09-13 17:33:20,547 [ForkJoinPool-1-worker-1] INFO  replication.ReplicationSupervisor (ReplicationSupervisor.java:build(169)) - Initializing replication supervisor with thread count = 10
2025-09-13 17:33:20,548 [ForkJoinPool-1-worker-1] INFO  replication.ReplicationSupervisor (ReplicationSupervisor.java:nodeStateUpdated(358)) - Node state updated to IN_SERVICE, scaling executor pool size to 10
2025-09-13 17:33:20,550 [ForkJoinPool-1-worker-1] INFO  http.BaseHttpServer (BaseHttpServer.java:newHttpServer2BuilderForOzone(227)) - Starting Web-server for hddsDatanode at: http://0.0.0.0:15010
2025-09-13 17:33:20,550 [ForkJoinPool-1-worker-1] INFO  http.BaseHttpServer (BaseHttpServer.java:<init>(105)) - Hadoop Security Enabled: false Ozone Security Enabled: false Ozone HTTP Security Enabled: false 
2025-09-13 17:33:20,551 [36d876fb-a458-4393-963b-58eeedb8ba95-groupManagement] INFO  server.RaftServer$Division (RaftServerImpl.java:<init>(268)) - 36d876fb-a458-4393-963b-58eeedb8ba95: new RaftServerImpl for group-D5D0288CE997:[] with ContainerStateMachine:uninitialized
2025-09-13 17:33:20,551 [36d876fb-a458-4393-963b-58eeedb8ba95-groupManagement] INFO  server.RaftServer$Division (ServerState.java:<init>(114)) - 36d876fb-a458-4393-963b-58eeedb8ba95@group-D5D0288CE997: ConfigurationManager, init=conf: {index: -1, cur=peers:[]|listeners:[], old=null}, confs=<EMPTY_MAP>
2025-09-13 17:33:20,551 [ForkJoinPool-1-worker-1] WARN  server.AuthenticationFilter (AuthenticationFilter.java:constructSecretProvider(240)) - Unable to initialize FileSignerSecretProvider, falling back to use random secrets. Reason: Could not read signature secret file: /home/runner/hadoop-http-auth-signature-secret
2025-09-13 17:33:20,554 [ForkJoinPool-1-worker-1] INFO  http.HttpServer2 (HttpServer2.java:addGlobalFilter(1041)) - Added global filter 'safety' (class=org.apache.hadoop.hdds.server.http.HttpServer2$QuotingInputFilter)
2025-09-13 17:33:20,556 [36d876fb-a458-4393-963b-58eeedb8ba95-groupManagement] INFO  server.RaftServer$Division (RaftServerImpl.java:<init>(268)) - 36d876fb-a458-4393-963b-58eeedb8ba95: new RaftServerImpl for group-CF05563D4821:[] with ContainerStateMachine:uninitialized
2025-09-13 17:33:20,556 [36d876fb-a458-4393-963b-58eeedb8ba95-groupManagement] INFO  server.RaftServer$Division (ServerState.java:<init>(114)) - 36d876fb-a458-4393-963b-58eeedb8ba95@group-CF05563D4821: ConfigurationManager, init=conf: {index: -1, cur=peers:[]|listeners:[], old=null}, confs=<EMPTY_MAP>
2025-09-13 17:33:20,556 [ForkJoinPool-1-worker-1] INFO  http.HttpServer2 (HttpServer2.java:addFilter(1017)) - Added filter static_user_filter (class=org.apache.hadoop.http.lib.StaticUserWebFilter$StaticUserFilter) to context hddsDatanode
2025-09-13 17:33:20,557 [ForkJoinPool-1-worker-1] INFO  http.HttpServer2 (HttpServer2.java:addFilter(1025)) - Added filter static_user_filter (class=org.apache.hadoop.http.lib.StaticUserWebFilter$StaticUserFilter) to context static
2025-09-13 17:33:20,557 [ForkJoinPool-1-worker-1] INFO  http.HttpServer2 (HttpServer2.java:addFilter(1025)) - Added filter static_user_filter (class=org.apache.hadoop.http.lib.StaticUserWebFilter$StaticUserFilter) to context logs
2025-09-13 17:33:20,558 [ForkJoinPool-1-worker-1] INFO  http.BaseHttpServer (BaseHttpServer.java:<init>(193)) - HTTP server of hddsDatanode uses base directory /home/runner/work/ozone/ozone/hadoop-ozone/integration-test/target/test-dir/MiniOzoneClusterImpl-1331a795-ed08-415d-924a-7661a5cf51a5/scm/ozone-metadata/webserver
2025-09-13 17:33:20,559 [ForkJoinPool-1-worker-1] INFO  http.HttpServer2 (HttpServer2.java:bindListener(1241)) - Jetty bound to port 15010
2025-09-13 17:33:20,559 [ForkJoinPool-1-worker-1] INFO  server.Server (Server.java:doStart(375)) - jetty-9.4.58.v20250814; built: 2025-08-14T02:28:49.637Z; git: 8f1440587e9e4ae7db3d74cf205643f3d707148d; jvm 21.0.8+9-LTS
2025-09-13 17:33:20,561 [ForkJoinPool-1-worker-1] INFO  server.session (DefaultSessionIdManager.java:doStart(334)) - DefaultSessionIdManager workerName=node0
2025-09-13 17:33:20,561 [ForkJoinPool-1-worker-1] INFO  server.session (DefaultSessionIdManager.java:doStart(339)) - No SessionScavenger set, using defaults
2025-09-13 17:33:20,561 [ForkJoinPool-1-worker-1] INFO  server.session (HouseKeeper.java:startScavenging(132)) - node0 Scavenging every 600000ms
2025-09-13 17:33:20,563 [ForkJoinPool-1-worker-1] INFO  handler.ContextHandler (ContextHandler.java:doStart(921)) - Started o.e.j.s.ServletContextHandler@54680779{logs,/logs,file:///home/runner/work/ozone/ozone/hadoop-ozone/integration-test/target/log,AVAILABLE}
2025-09-13 17:33:20,563 [ForkJoinPool-1-worker-1] INFO  handler.ContextHandler (ContextHandler.java:doStart(921)) - Started o.e.j.s.ServletContextHandler@369c183c{static,/static,jar:file:/home/runner/work/ozone/ozone/hadoop-hdds/container-service/target/hdds-container-service-2.1.0-SNAPSHOT.jar!/webapps/static,AVAILABLE}
2025-09-13 17:33:20,702 [9e23e878-9bb3-42b5-8b94-e0e229812e65@group-CF05563D4821-FollowerState] INFO  impl.FollowerState (FollowerState.java:runImpl(161)) - 9e23e878-9bb3-42b5-8b94-e0e229812e65@group-CF05563D4821-FollowerState: change to CANDIDATE, lastRpcElapsedTime:1048310385ns, electionTimeout:1048ms
2025-09-13 17:33:20,703 [9e23e878-9bb3-42b5-8b94-e0e229812e65@group-CF05563D4821-FollowerState] INFO  impl.RoleInfo (RoleInfo.java:shutdownFollowerState(121)) - 9e23e878-9bb3-42b5-8b94-e0e229812e65: shutdown 9e23e878-9bb3-42b5-8b94-e0e229812e65@group-CF05563D4821-FollowerState
2025-09-13 17:33:20,703 [9e23e878-9bb3-42b5-8b94-e0e229812e65@group-CF05563D4821-FollowerState] INFO  server.RaftServer$Division (RaftServerImpl.java:setRole(392)) - 9e23e878-9bb3-42b5-8b94-e0e229812e65@group-CF05563D4821: changes role from  FOLLOWER to CANDIDATE at term 2 for changeToCandidate
2025-09-13 17:33:20,703 [9e23e878-9bb3-42b5-8b94-e0e229812e65@group-CF05563D4821-FollowerState] INFO  impl.RoleInfo (RoleInfo.java:updateAndGet(148)) - 9e23e878-9bb3-42b5-8b94-e0e229812e65: start 9e23e878-9bb3-42b5-8b94-e0e229812e65@group-CF05563D4821-LeaderElection210
2025-09-13 17:33:20,704 [9e23e878-9bb3-42b5-8b94-e0e229812e65@group-CF05563D4821-LeaderElection210] INFO  impl.LeaderElection (LeaderElection.java:askForVotes(448)) - 9e23e878-9bb3-42b5-8b94-e0e229812e65@group-CF05563D4821-LeaderElection210 PRE_VOTE round 0: submit vote requests at term 2 for conf: {index: 1, cur=peers:[9e23e878-9bb3-42b5-8b94-e0e229812e65|127.0.0.1:15023, 13facd30-3950-4310-8b1a-93d004abbbdd|127.0.0.1:15031, 36d876fb-a458-4393-963b-58eeedb8ba95|127.0.0.1:15015]|listeners:[], old=null}
2025-09-13 17:33:20,706 [9e23e878-9bb3-42b5-8b94-e0e229812e65@group-CF05563D4821-LeaderElection210] INFO  impl.LeaderElection (LogUtils.java:infoOrTrace(142)) - 9e23e878-9bb3-42b5-8b94-e0e229812e65@group-CF05563D4821-LeaderElection210 got exception when requesting votes: java.util.concurrent.ExecutionException: org.apache.ratis.thirdparty.io.grpc.StatusRuntimeException: UNAVAILABLE: io exception
2025-09-13 17:33:20,706 [9e23e878-9bb3-42b5-8b94-e0e229812e65@group-CF05563D4821-LeaderElection210] INFO  impl.LeaderElection (LogUtils.java:infoOrTrace(142)) - 9e23e878-9bb3-42b5-8b94-e0e229812e65@group-CF05563D4821-LeaderElection210 got exception when requesting votes: java.util.concurrent.ExecutionException: org.apache.ratis.thirdparty.io.grpc.StatusRuntimeException: UNAVAILABLE: io exception
2025-09-13 17:33:20,706 [9e23e878-9bb3-42b5-8b94-e0e229812e65@group-CF05563D4821-LeaderElection210] INFO  impl.LeaderElection (LeaderElection.java:logAndReturn(206)) - 9e23e878-9bb3-42b5-8b94-e0e229812e65@group-CF05563D4821-LeaderElection210: PRE_VOTE REJECTED received 0 response(s) and 2 exception(s):
2025-09-13 17:33:20,706 [9e23e878-9bb3-42b5-8b94-e0e229812e65@group-CF05563D4821-LeaderElection210] INFO  impl.LeaderElection (LogUtils.java:infoOrTrace(142)) -   Exception 0: java.util.concurrent.ExecutionException: org.apache.ratis.thirdparty.io.grpc.StatusRuntimeException: UNAVAILABLE: io exception
2025-09-13 17:33:20,706 [9e23e878-9bb3-42b5-8b94-e0e229812e65@group-CF05563D4821-LeaderElection210] INFO  impl.LeaderElection (LogUtils.java:infoOrTrace(142)) -   Exception 1: java.util.concurrent.ExecutionException: org.apache.ratis.thirdparty.io.grpc.StatusRuntimeException: UNAVAILABLE: io exception
2025-09-13 17:33:20,706 [9e23e878-9bb3-42b5-8b94-e0e229812e65@group-CF05563D4821-LeaderElection210] INFO  impl.LeaderElection (LeaderElection.java:askForVotes(450)) - 9e23e878-9bb3-42b5-8b94-e0e229812e65@group-CF05563D4821-LeaderElection210 PRE_VOTE round 0: result REJECTED
2025-09-13 17:33:20,706 [9e23e878-9bb3-42b5-8b94-e0e229812e65@group-CF05563D4821-LeaderElection210] INFO  server.RaftServer$Division (RaftServerImpl.java:setRole(392)) - 9e23e878-9bb3-42b5-8b94-e0e229812e65@group-CF05563D4821: changes role from CANDIDATE to FOLLOWER at term 2 for REJECTED
2025-09-13 17:33:20,706 [9e23e878-9bb3-42b5-8b94-e0e229812e65@group-CF05563D4821-LeaderElection210] INFO  impl.RoleInfo (RoleInfo.java:shutdownLeaderElection(141)) - 9e23e878-9bb3-42b5-8b94-e0e229812e65: shutdown 9e23e878-9bb3-42b5-8b94-e0e229812e65@group-CF05563D4821-LeaderElection210
2025-09-13 17:33:20,706 [9e23e878-9bb3-42b5-8b94-e0e229812e65@group-CF05563D4821-LeaderElection210] INFO  impl.RoleInfo (RoleInfo.java:updateAndGet(148)) - 9e23e878-9bb3-42b5-8b94-e0e229812e65: start 9e23e878-9bb3-42b5-8b94-e0e229812e65@group-CF05563D4821-FollowerState
2025-09-13 17:33:20,726 [ForkJoinPool-1-worker-1] INFO  handler.ContextHandler (ContextHandler.java:doStart(921)) - Started o.e.j.w.WebAppContext@395ceb0e{hddsDatanode,/,file:///home/runner/work/ozone/ozone/hadoop-ozone/integration-test/target/test-dir/MiniOzoneClusterImpl-1331a795-ed08-415d-924a-7661a5cf51a5/scm/ozone-metadata/webserver/jetty-0_0_0_0-15010-hdds-container-service-2_1_0-SNAPSHOT_jar-_-any-16016664222443427949/webapp/,AVAILABLE}{jar:file:/home/runner/work/ozone/ozone/hadoop-hdds/container-service/target/hdds-container-service-2.1.0-SNAPSHOT.jar!/webapps/hddsDatanode}
2025-09-13 17:33:20,727 [ForkJoinPool-1-worker-1] INFO  server.AbstractConnector (AbstractConnector.java:doStart(333)) - Started ServerConnector@2d0faaf{HTTP/1.1, (http/1.1)}{0.0.0.0:15010}
2025-09-13 17:33:20,727 [ForkJoinPool-1-worker-1] INFO  server.Server (Server.java:doStart(415)) - Started @133311ms
2025-09-13 17:33:20,727 [ForkJoinPool-1-worker-1] WARN  impl.MetricsSystemImpl (MetricsSystemImpl.java:register(279)) - Sink prometheus already exists!
2025-09-13 17:33:20,727 [ForkJoinPool-1-worker-1] INFO  http.BaseHttpServer (BaseHttpServer.java:updateConnectorAddress(357)) - HTTP server of hddsDatanode listening at http://localhost:15010
2025-09-13 17:33:20,728 [ForkJoinPool-1-worker-1] INFO  ipc.CallQueueManager (CallQueueManager.java:<init>(93)) - Using callQueue: class java.util.concurrent.LinkedBlockingQueue, queueCapacity: 1000, scheduler: class org.apache.hadoop.ipc.DefaultRpcScheduler, ipcBackoff: false, ipcFailOver: false.
2025-09-13 17:33:20,728 [ForkJoinPool-1-worker-1] INFO  ipc.Server (Server.java:<init>(1438)) - Listener at 0.0.0.0:15011
2025-09-13 17:33:20,729 [Socket Reader #1 for port 15011] INFO  ipc.Server (Server.java:run(1474)) - Starting Socket Reader #1 for port 15011
2025-09-13 17:33:20,729 [Socket Reader #2 for port 15011] INFO  ipc.Server (Server.java:run(1474)) - Starting Socket Reader #2 for port 15011
2025-09-13 17:33:20,729 [Socket Reader #3 for port 15011] INFO  ipc.Server (Server.java:run(1474)) - Starting Socket Reader #3 for port 15011
2025-09-13 17:33:20,729 [Socket Reader #4 for port 15011] INFO  ipc.Server (Server.java:run(1474)) - Starting Socket Reader #4 for port 15011
2025-09-13 17:33:20,730 [Socket Reader #5 for port 15011] INFO  ipc.Server (Server.java:run(1474)) - Starting Socket Reader #5 for port 15011
2025-09-13 17:33:20,730 [Socket Reader #6 for port 15011] INFO  ipc.Server (Server.java:run(1474)) - Starting Socket Reader #6 for port 15011
2025-09-13 17:33:20,730 [Socket Reader #7 for port 15011] INFO  ipc.Server (Server.java:run(1474)) - Starting Socket Reader #7 for port 15011
2025-09-13 17:33:20,731 [Socket Reader #8 for port 15011] INFO  ipc.Server (Server.java:run(1474)) - Starting Socket Reader #8 for port 15011
2025-09-13 17:33:20,731 [Socket Reader #9 for port 15011] INFO  ipc.Server (Server.java:run(1474)) - Starting Socket Reader #9 for port 15011
2025-09-13 17:33:20,732 [Socket Reader #10 for port 15011] INFO  ipc.Server (Server.java:run(1474)) - Starting Socket Reader #10 for port 15011
2025-09-13 17:33:20,734 [ForkJoinPool-1-worker-1] INFO  ozone.HddsDatanodeService (HddsDatanodeService.java:start(333)) - Datanode start with admins: [admin, runner]
2025-09-13 17:33:20,734 [ForkJoinPool-1-worker-1] INFO  ozone.HddsDatanodeClientProtocolServer (HddsDatanodeClientProtocolServer.java:start(76)) - RPC server for Client /0.0.0.0:15011
2025-09-13 17:33:20,734 [IPC Server Responder] INFO  ipc.Server (Server.java:run(1713)) - IPC Server Responder: starting
2025-09-13 17:33:20,734 [IPC Server listener on 15011] INFO  ipc.Server (Server.java:run(1553)) - IPC Server listener on 15011: starting
2025-09-13 17:33:20,736 [ForkJoinPool-1-worker-1] INFO  ozone.MiniOzoneClusterImpl (MiniOzoneClusterImpl.java:lambda$waitForClusterToBeReady$0(181)) - Nodes are ready. Got 10 of 10 DN Heartbeats.
2025-09-13 17:33:20,736 [ForkJoinPool-1-worker-1] INFO  ozone.MiniOzoneClusterImpl (MiniOzoneClusterImpl.java:lambda$waitForClusterToBeReady$0(184)) - Cluster exits safe mode
2025-09-13 17:33:20,736 [ForkJoinPool-1-worker-1] INFO  ozone.MiniOzoneClusterImpl (MiniOzoneClusterImpl.java:lambda$waitForClusterToBeReady$0(186)) - SCM became leader
2025-09-13 17:33:20,738 [36d876fb-a458-4393-963b-58eeedb8ba95-DatanodeStateMachineDaemonThread] INFO  statemachine.DatanodeStateMachine (DatanodeStateMachine.java:startStateMachineThread(363)) - Ozone container server started.
2025-09-13 17:33:20,744 [36d876fb-a458-4393-963b-58eeedb8ba95-DatanodeStateMachineTaskThread-0] INFO  datanode.InitDatanodeState (InitDatanodeState.java:persistContainerDatanodeDetails(139)) - DatanodeDetails is persisted to /home/runner/work/ozone/ozone/hadoop-ozone/integration-test/target/test-dir/MiniOzoneClusterImpl-1331a795-ed08-415d-924a-7661a5cf51a5/ozone-metadata/datanode-1/ozone-metadata/datanode.id
2025-09-13 17:33:20,771 [grpc-default-executor-8] ERROR impl.OrderedAsync (OrderedAsync.java:lambda$null$6(215)) -  client-6B3875304329: Failed* RaftClientRequest:client-6B3875304329->36d876fb-a458-4393-963b-58eeedb8ba95@group-D5D0288CE997, cid=55, seq=1*, Watch(0), null
java.util.concurrent.CompletionException: java.io.IOException: org.apache.ratis.thirdparty.io.grpc.StatusRuntimeException: UNAVAILABLE: io exception
	at java.base/java.util.concurrent.CompletableFuture.encodeThrowable(CompletableFuture.java:332)
	at java.base/java.util.concurrent.CompletableFuture.completeThrowable(CompletableFuture.java:347)
	at java.base/java.util.concurrent.CompletableFuture$UniAccept.tryFire(CompletableFuture.java:708)
	at java.base/java.util.concurrent.CompletableFuture.postComplete(CompletableFuture.java:510)
	at java.base/java.util.concurrent.CompletableFuture.completeExceptionally(CompletableFuture.java:2194)
	at org.apache.ratis.grpc.client.GrpcClientProtocolClient$AsyncStreamObservers.completeReplyExceptionally(GrpcClientProtocolClient.java:397)
	at org.apache.ratis.grpc.client.GrpcClientProtocolClient$AsyncStreamObservers.access$000(GrpcClientProtocolClient.java:303)
	at org.apache.ratis.grpc.client.GrpcClientProtocolClient$AsyncStreamObservers$1.onError(GrpcClientProtocolClient.java:334)
	at org.apache.ratis.thirdparty.io.grpc.stub.ClientCalls$StreamObserverToCallListenerAdapter.onClose(ClientCalls.java:564)
	at org.apache.ratis.thirdparty.io.grpc.PartialForwardingClientCallListener.onClose(PartialForwardingClientCallListener.java:39)
	at org.apache.ratis.thirdparty.io.grpc.ForwardingClientCallListener.onClose(ForwardingClientCallListener.java:23)
	at org.apache.ratis.grpc.metrics.intercept.client.MetricClientCallListener.onClose(MetricClientCallListener.java:47)
	at org.apache.ratis.thirdparty.io.grpc.internal.ClientCallImpl.closeObserver(ClientCallImpl.java:565)
	at org.apache.ratis.thirdparty.io.grpc.internal.ClientCallImpl.access$100(ClientCallImpl.java:72)
	at org.apache.ratis.thirdparty.io.grpc.internal.ClientCallImpl$ClientStreamListenerImpl$1StreamClosed.runInternal(ClientCallImpl.java:733)
	at org.apache.ratis.thirdparty.io.grpc.internal.ClientCallImpl$ClientStreamListenerImpl$1StreamClosed.runInContext(ClientCallImpl.java:714)
	at org.apache.ratis.thirdparty.io.grpc.internal.ContextRunnable.run(ContextRunnable.java:37)
	at org.apache.ratis.thirdparty.io.grpc.internal.SerializingExecutor.run(SerializingExecutor.java:133)
	at java.base/java.util.concurrent.ThreadPoolExecutor.runWorker(ThreadPoolExecutor.java:1144)
	at java.base/java.util.concurrent.ThreadPoolExecutor$Worker.run(ThreadPoolExecutor.java:642)
	at java.base/java.lang.Thread.run(Thread.java:1583)
Caused by: java.io.IOException: org.apache.ratis.thirdparty.io.grpc.StatusRuntimeException: UNAVAILABLE: io exception
	at org.apache.ratis.grpc.GrpcUtil.unwrapException(GrpcUtil.java:99)
	at org.apache.ratis.grpc.GrpcUtil.unwrapIOException(GrpcUtil.java:159)
	at org.apache.ratis.grpc.client.GrpcClientProtocolClient$AsyncStreamObservers$1.onError(GrpcClientProtocolClient.java:333)
	... 13 more
Caused by: org.apache.ratis.thirdparty.io.grpc.StatusRuntimeException: UNAVAILABLE: io exception
	at org.apache.ratis.thirdparty.io.grpc.Status.asRuntimeException(Status.java:532)
	... 13 more
Caused by: org.apache.ratis.thirdparty.io.netty.channel.AbstractChannel$AnnotatedConnectException: finishConnect(..) failed: Connection refused: /127.0.0.1:15013
Caused by: java.net.ConnectException: finishConnect(..) failed: Connection refused
	at org.apache.ratis.thirdparty.io.netty.channel.unix.Errors.newConnectException0(Errors.java:166)
	at org.apache.ratis.thirdparty.io.netty.channel.unix.Errors.handleConnectErrno(Errors.java:131)
	at org.apache.ratis.thirdparty.io.netty.channel.unix.Socket.finishConnect(Socket.java:359)
	at org.apache.ratis.thirdparty.io.netty.channel.epoll.AbstractEpollChannel$AbstractEpollUnsafe.doFinishConnect(AbstractEpollChannel.java:715)
	at org.apache.ratis.thirdparty.io.netty.channel.epoll.AbstractEpollChannel$AbstractEpollUnsafe.finishConnect(AbstractEpollChannel.java:692)
	at org.apache.ratis.thirdparty.io.netty.channel.epoll.AbstractEpollChannel$AbstractEpollUnsafe.epollOutReady(AbstractEpollChannel.java:567)
	at org.apache.ratis.thirdparty.io.netty.channel.epoll.EpollEventLoop.processReady(EpollEventLoop.java:491)
	at org.apache.ratis.thirdparty.io.netty.channel.epoll.EpollEventLoop.run(EpollEventLoop.java:399)
	at org.apache.ratis.thirdparty.io.netty.util.concurrent.SingleThreadEventExecutor$4.run(SingleThreadEventExecutor.java:998)
	at org.apache.ratis.thirdparty.io.netty.util.internal.ThreadExecutorMap$2.run(ThreadExecutorMap.java:74)
	at org.apache.ratis.thirdparty.io.netty.util.concurrent.FastThreadLocalRunnable.run(FastThreadLocalRunnable.java:30)
	at java.base/java.lang.Thread.run(Thread.java:1583)
2025-09-13 17:33:20,986 [13facd30-3950-4310-8b1a-93d004abbbdd-ContainerReader-0] INFO  ozoneimpl.ContainerReader (ContainerReader.java:readVolume(147)) - Start to verify containers on volume /home/runner/work/ozone/ozone/hadoop-ozone/integration-test/target/test-dir/MiniOzoneClusterImpl-1331a795-ed08-415d-924a-7661a5cf51a5/ozone-metadata/datanode-3/data-0/hdds
2025-09-13 17:33:20,990 [13facd30-3950-4310-8b1a-93d004abbbdd-ContainerReader-0] WARN  helpers.KeyValueContainerUtil (KeyValueContainerUtil.java:populateContainerMetadata(330)) - Missing pendingDeleteBlockCount from metadata: recalculate them from block table
2025-09-13 17:33:20,994 [13facd30-3950-4310-8b1a-93d004abbbdd-ContainerReader-0] WARN  helpers.KeyValueContainerUtil (KeyValueContainerUtil.java:populateContainerMetadata(330)) - Missing pendingDeleteBlockCount from metadata: recalculate them from block table
2025-09-13 17:33:20,995 [13facd30-3950-4310-8b1a-93d004abbbdd-ContainerReader-0] INFO  ozoneimpl.ContainerReader (ContainerReader.java:readVolume(177)) - Finish verifying containers on volume /home/runner/work/ozone/ozone/hadoop-ozone/integration-test/target/test-dir/MiniOzoneClusterImpl-1331a795-ed08-415d-924a-7661a5cf51a5/ozone-metadata/datanode-3/data-0/hdds
2025-09-13 17:33:20,995 [13facd30-3950-4310-8b1a-93d004abbbdd-EndpointStateMachineTaskThread-/0.0.0.0:15002-0 ] INFO  ozoneimpl.OzoneContainer (OzoneContainer.java:buildContainerSet(370)) - Build ContainerSet costs 0s
2025-09-13 17:33:20,995 [13facd30-3950-4310-8b1a-93d004abbbdd-EndpointStateMachineTaskThread-/0.0.0.0:15002-0 ] INFO  volume.ThrottledAsyncChecker (ThrottledAsyncChecker.java:schedule(138)) - Scheduling a check for /home/runner/work/ozone/ozone/hadoop-ozone/integration-test/target/test-dir/MiniOzoneClusterImpl-1331a795-ed08-415d-924a-7661a5cf51a5/ozone-metadata/datanode-3/data-0/hdds
2025-09-13 17:33:20,996 [13facd30-3950-4310-8b1a-93d004abbbdd-EndpointStateMachineTaskThread-/0.0.0.0:15002-0 ] INFO  volume.StorageVolumeChecker (StorageVolumeChecker.java:checkAllVolumes(231)) - Scheduled health check for volume /home/runner/work/ozone/ozone/hadoop-ozone/integration-test/target/test-dir/MiniOzoneClusterImpl-1331a795-ed08-415d-924a-7661a5cf51a5/ozone-metadata/datanode-3/data-0/hdds
2025-09-13 17:33:20,999 [13facd30-3950-4310-8b1a-93d004abbbdd-EndpointStateMachineTaskThread-/0.0.0.0:15002-0 ] INFO  volume.ThrottledAsyncChecker (ThrottledAsyncChecker.java:schedule(138)) - Scheduling a check for /home/runner/work/ozone/ozone/hadoop-ozone/integration-test/target/test-dir/MiniOzoneClusterImpl-1331a795-ed08-415d-924a-7661a5cf51a5/ozone-metadata/datanode-3/ratis
2025-09-13 17:33:20,999 [13facd30-3950-4310-8b1a-93d004abbbdd-EndpointStateMachineTaskThread-/0.0.0.0:15002-0 ] INFO  volume.StorageVolumeChecker (StorageVolumeChecker.java:checkAllVolumes(231)) - Scheduled health check for volume /home/runner/work/ozone/ozone/hadoop-ozone/integration-test/target/test-dir/MiniOzoneClusterImpl-1331a795-ed08-415d-924a-7661a5cf51a5/ozone-metadata/datanode-3/ratis
2025-09-13 17:33:21,000 [13facd30-3950-4310-8b1a-93d004abbbdd-EndpointStateMachineTaskThread-/0.0.0.0:15002-0 ] INFO  ozoneimpl.OzoneContainer (OzoneContainer.java:start(525)) - Attempting to start container services.
2025-09-13 17:33:21,002 [ContainerDataScanner(/home/runner/work/ozone/ozone/hadoop-ozone/integration-test/target/test-dir/MiniOzoneClusterImpl-1331a795-ed08-415d-924a-7661a5cf51a5/ozone-metadata/datanode-3/data-0/hdds)] INFO  ozoneimpl.AbstractBackgroundContainerScanner (AbstractBackgroundContainerScanner.java:runIteration(89)) - Completed an iteration in 0 minutes. Number of iterations (since the data-node restart) : 1, Number of containers scanned in this iteration : 0, Number of unhealthy containers found in this iteration : 0
2025-09-13 17:33:21,003 [13facd30-3950-4310-8b1a-93d004abbbdd-EndpointStateMachineTaskThread-/0.0.0.0:15002-0 ] INFO  replication.ReplicationServer (ReplicationServer.java:start(137)) - ReplicationServer is started using port 15033
2025-09-13 17:33:21,003 [13facd30-3950-4310-8b1a-93d004abbbdd-EndpointStateMachineTaskThread-/0.0.0.0:15002-0 ] INFO  ratis.XceiverServerRatis (XceiverServerRatis.java:start(560)) - Starting XceiverServerRatis(13facd30-3950-4310-8b1a-93d004abbbdd)
2025-09-13 17:33:21,004 [13facd30-3950-4310-8b1a-93d004abbbdd-impl-thread1] INFO  server.RaftServerConfigKeys (ConfUtils.java:logGet(62)) - raft.server.storage.dir = [/home/runner/work/ozone/ozone/hadoop-ozone/integration-test/target/test-dir/MiniOzoneClusterImpl-1331a795-ed08-415d-924a-7661a5cf51a5/ozone-metadata/datanode-3/ratis] (custom)
2025-09-13 17:33:21,004 [ContainerMetadataScanner] INFO  ozoneimpl.AbstractBackgroundContainerScanner (AbstractBackgroundContainerScanner.java:runIteration(89)) - Completed an iteration in 0 minutes. Number of iterations (since the data-node restart) : 1, Number of containers scanned in this iteration : 2, Number of unhealthy containers found in this iteration : 0
2025-09-13 17:33:21,005 [13facd30-3950-4310-8b1a-93d004abbbdd-impl-thread2] INFO  storage.RaftStorageDirectory (RaftStorageDirectoryImpl.java:tryLock(229)) - Lock on /home/runner/work/ozone/ozone/hadoop-ozone/integration-test/target/test-dir/MiniOzoneClusterImpl-1331a795-ed08-415d-924a-7661a5cf51a5/ozone-metadata/datanode-3/ratis/f7fa2a76-8c89-4e33-b3f9-c6159b6e7e4c/in_use.lock acquired by nodename 22846@localhost
2025-09-13 17:33:21,005 [13facd30-3950-4310-8b1a-93d004abbbdd-impl-thread1] INFO  storage.RaftStorageDirectory (RaftStorageDirectoryImpl.java:tryLock(229)) - Lock on /home/runner/work/ozone/ozone/hadoop-ozone/integration-test/target/test-dir/MiniOzoneClusterImpl-1331a795-ed08-415d-924a-7661a5cf51a5/ozone-metadata/datanode-3/ratis/59c25a4c-b008-4c23-bf2e-cf05563d4821/in_use.lock acquired by nodename 22846@localhost
2025-09-13 17:33:21,005 [13facd30-3950-4310-8b1a-93d004abbbdd-impl-thread2] INFO  storage.RaftStorage (RaftStorageImpl.java:analyzeAndRecoverStorage(118)) - Read RaftStorageMetadata{term=1, votedFor=13facd30-3950-4310-8b1a-93d004abbbdd} from /home/runner/work/ozone/ozone/hadoop-ozone/integration-test/target/test-dir/MiniOzoneClusterImpl-1331a795-ed08-415d-924a-7661a5cf51a5/ozone-metadata/datanode-3/ratis/f7fa2a76-8c89-4e33-b3f9-c6159b6e7e4c/current/raft-meta
2025-09-13 17:33:21,005 [13facd30-3950-4310-8b1a-93d004abbbdd-impl-thread1] INFO  storage.RaftStorage (RaftStorageImpl.java:analyzeAndRecoverStorage(118)) - Read RaftStorageMetadata{term=1, votedFor=13facd30-3950-4310-8b1a-93d004abbbdd} from /home/runner/work/ozone/ozone/hadoop-ozone/integration-test/target/test-dir/MiniOzoneClusterImpl-1331a795-ed08-415d-924a-7661a5cf51a5/ozone-metadata/datanode-3/ratis/59c25a4c-b008-4c23-bf2e-cf05563d4821/current/raft-meta
2025-09-13 17:33:21,006 [13facd30-3950-4310-8b1a-93d004abbbdd-impl-thread2] INFO  server.RaftServer$Division (ServerState.java:setRaftConf(386)) - 13facd30-3950-4310-8b1a-93d004abbbdd@group-C6159B6E7E4C: set configuration conf: {index: 0, cur=peers:[13facd30-3950-4310-8b1a-93d004abbbdd|127.0.0.1:15031]|listeners:[], old=null}
2025-09-13 17:33:21,006 [13facd30-3950-4310-8b1a-93d004abbbdd-impl-thread1] INFO  server.RaftServer$Division (ServerState.java:setRaftConf(386)) - 13facd30-3950-4310-8b1a-93d004abbbdd@group-CF05563D4821: set configuration conf: {index: 0, cur=peers:[9e23e878-9bb3-42b5-8b94-e0e229812e65|127.0.0.1:15023, 13facd30-3950-4310-8b1a-93d004abbbdd|127.0.0.1:15031, 36d876fb-a458-4393-963b-58eeedb8ba95|127.0.0.1:15015]|listeners:[], old=null}
2025-09-13 17:33:21,006 [13facd30-3950-4310-8b1a-93d004abbbdd-impl-thread3] INFO  storage.RaftStorageDirectory (RaftStorageDirectoryImpl.java:tryLock(229)) - Lock on /home/runner/work/ozone/ozone/hadoop-ozone/integration-test/target/test-dir/MiniOzoneClusterImpl-1331a795-ed08-415d-924a-7661a5cf51a5/ozone-metadata/datanode-3/ratis/71f8f458-3dd2-4722-a002-d5d0288ce997/in_use.lock acquired by nodename 22846@localhost
2025-09-13 17:33:21,006 [13facd30-3950-4310-8b1a-93d004abbbdd-impl-thread2] INFO  ratis.ContainerStateMachine (ContainerStateMachine.java:initialize(339)) - 13facd30-3950-4310-8b1a-93d004abbbdd: initialize group-C6159B6E7E4C
2025-09-13 17:33:21,006 [13facd30-3950-4310-8b1a-93d004abbbdd-impl-thread3] INFO  storage.RaftStorage (RaftStorageImpl.java:analyzeAndRecoverStorage(118)) - Read RaftStorageMetadata{term=1, votedFor=36d876fb-a458-4393-963b-58eeedb8ba95} from /home/runner/work/ozone/ozone/hadoop-ozone/integration-test/target/test-dir/MiniOzoneClusterImpl-1331a795-ed08-415d-924a-7661a5cf51a5/ozone-metadata/datanode-3/ratis/71f8f458-3dd2-4722-a002-d5d0288ce997/current/raft-meta
2025-09-13 17:33:21,006 [13facd30-3950-4310-8b1a-93d004abbbdd-impl-thread2] INFO  ratis.ContainerStateMachine (ContainerStateMachine.java:loadSnapshot(356)) - group-C6159B6E7E4C: Setting the last applied index to (t:1, i:0)
2025-09-13 17:33:21,006 [13facd30-3950-4310-8b1a-93d004abbbdd-impl-thread3] INFO  server.RaftServer$Division (ServerState.java:setRaftConf(386)) - 13facd30-3950-4310-8b1a-93d004abbbdd@group-D5D0288CE997: set configuration conf: {index: 0, cur=peers:[9e23e878-9bb3-42b5-8b94-e0e229812e65|127.0.0.1:15023, 13facd30-3950-4310-8b1a-93d004abbbdd|127.0.0.1:15031, 36d876fb-a458-4393-963b-58eeedb8ba95|127.0.0.1:15015]|listeners:[], old=null}
2025-09-13 17:33:21,006 [13facd30-3950-4310-8b1a-93d004abbbdd-impl-thread1] INFO  ratis.ContainerStateMachine (ContainerStateMachine.java:initialize(339)) - 13facd30-3950-4310-8b1a-93d004abbbdd: initialize group-CF05563D4821
2025-09-13 17:33:21,007 [13facd30-3950-4310-8b1a-93d004abbbdd-impl-thread2] INFO  server.RaftServerConfigKeys (ConfUtils.java:logGet(62)) - raft.server.log.appender.buffer.byte-limit = 33554432 (custom)
2025-09-13 17:33:21,007 [13facd30-3950-4310-8b1a-93d004abbbdd-impl-thread3] INFO  ratis.ContainerStateMachine (ContainerStateMachine.java:initialize(339)) - 13facd30-3950-4310-8b1a-93d004abbbdd: initialize group-D5D0288CE997
2025-09-13 17:33:21,007 [13facd30-3950-4310-8b1a-93d004abbbdd-impl-thread3] INFO  ratis.ContainerStateMachine (ContainerStateMachine.java:loadSnapshot(356)) - group-D5D0288CE997: Setting the last applied index to (t:1, i:14)
2025-09-13 17:33:21,007 [13facd30-3950-4310-8b1a-93d004abbbdd-impl-thread1] INFO  ratis.ContainerStateMachine (ContainerStateMachine.java:loadSnapshot(356)) - group-CF05563D4821: Setting the last applied index to (t:1, i:0)
2025-09-13 17:33:21,007 [13facd30-3950-4310-8b1a-93d004abbbdd-impl-thread3] INFO  server.RaftServerConfigKeys (ConfUtils.java:logGet(62)) - raft.server.log.appender.buffer.byte-limit = 33554432 (custom)
2025-09-13 17:33:21,007 [13facd30-3950-4310-8b1a-93d004abbbdd-impl-thread1] INFO  server.RaftServerConfigKeys (ConfUtils.java:logGet(62)) - raft.server.log.appender.buffer.byte-limit = 33554432 (custom)
2025-09-13 17:33:21,020 [13facd30-3950-4310-8b1a-93d004abbbdd-impl-thread2] INFO  server.RaftServerConfigKeys (ConfUtils.java:logGet(62)) - raft.server.log.segment.size.max = 67108864 (custom)
2025-09-13 17:33:21,020 [13facd30-3950-4310-8b1a-93d004abbbdd-impl-thread3] INFO  server.RaftServerConfigKeys (ConfUtils.java:logGet(62)) - raft.server.log.segment.size.max = 67108864 (custom)
2025-09-13 17:33:21,020 [13facd30-3950-4310-8b1a-93d004abbbdd-impl-thread1] INFO  server.RaftServerConfigKeys (ConfUtils.java:logGet(62)) - raft.server.log.segment.size.max = 67108864 (custom)
2025-09-13 17:33:21,022 [13facd30-3950-4310-8b1a-93d004abbbdd-impl-thread2] INFO  server.RaftServerConfigKeys (ConfUtils.java:logGet(62)) - raft.server.log.appender.buffer.byte-limit = 33554432 (custom)
2025-09-13 17:33:21,022 [13facd30-3950-4310-8b1a-93d004abbbdd-impl-thread3] INFO  server.RaftServerConfigKeys (ConfUtils.java:logGet(62)) - raft.server.log.appender.buffer.byte-limit = 33554432 (custom)
2025-09-13 17:33:21,022 [13facd30-3950-4310-8b1a-93d004abbbdd-impl-thread1] INFO  server.RaftServerConfigKeys (ConfUtils.java:logGet(62)) - raft.server.log.appender.buffer.byte-limit = 33554432 (custom)
2025-09-13 17:33:21,023 [13facd30-3950-4310-8b1a-93d004abbbdd-impl-thread2] INFO  util.AwaitToRun (AwaitToRun.java:start(81)) - Thread[#2870,13facd30-3950-4310-8b1a-93d004abbbdd@group-C6159B6E7E4C-cacheEviction-AwaitToRun,5,main] started
2025-09-13 17:33:21,023 [13facd30-3950-4310-8b1a-93d004abbbdd-impl-thread2] INFO  segmented.SegmentedRaftLogWorker (SegmentedRaftLogWorker.java:<init>(190)) - new 13facd30-3950-4310-8b1a-93d004abbbdd@group-C6159B6E7E4C-SegmentedRaftLogWorker for RaftStorageImpl:Storage Directory /home/runner/work/ozone/ozone/hadoop-ozone/integration-test/target/test-dir/MiniOzoneClusterImpl-1331a795-ed08-415d-924a-7661a5cf51a5/ozone-metadata/datanode-3/ratis/f7fa2a76-8c89-4e33-b3f9-c6159b6e7e4c
2025-09-13 17:33:21,023 [13facd30-3950-4310-8b1a-93d004abbbdd-impl-thread2] INFO  server.RaftServerConfigKeys (ConfUtils.java:logGet(62)) - raft.server.log.queue.byte-limit = 4294967296 (custom)
2025-09-13 17:33:21,023 [13facd30-3950-4310-8b1a-93d004abbbdd-impl-thread3] INFO  util.AwaitToRun (AwaitToRun.java:start(81)) - Thread[#2871,13facd30-3950-4310-8b1a-93d004abbbdd@group-D5D0288CE997-cacheEviction-AwaitToRun,5,main] started
2025-09-13 17:33:21,023 [13facd30-3950-4310-8b1a-93d004abbbdd-impl-thread2] INFO  server.RaftServerConfigKeys (ConfUtils.java:logGet(62)) - raft.server.log.segment.size.max = 67108864 (custom)
2025-09-13 17:33:21,023 [13facd30-3950-4310-8b1a-93d004abbbdd-impl-thread3] INFO  segmented.SegmentedRaftLogWorker (SegmentedRaftLogWorker.java:<init>(190)) - new 13facd30-3950-4310-8b1a-93d004abbbdd@group-D5D0288CE997-SegmentedRaftLogWorker for RaftStorageImpl:Storage Directory /home/runner/work/ozone/ozone/hadoop-ozone/integration-test/target/test-dir/MiniOzoneClusterImpl-1331a795-ed08-415d-924a-7661a5cf51a5/ozone-metadata/datanode-3/ratis/71f8f458-3dd2-4722-a002-d5d0288ce997
2025-09-13 17:33:21,023 [13facd30-3950-4310-8b1a-93d004abbbdd-impl-thread2] INFO  server.RaftServerConfigKeys (ConfUtils.java:logGet(62)) - raft.server.log.preallocated.size = 4194304 (custom)
2025-09-13 17:33:21,023 [13facd30-3950-4310-8b1a-93d004abbbdd-impl-thread3] INFO  server.RaftServerConfigKeys (ConfUtils.java:logGet(62)) - raft.server.log.queue.byte-limit = 4294967296 (custom)
2025-09-13 17:33:21,023 [13facd30-3950-4310-8b1a-93d004abbbdd-impl-thread3] INFO  server.RaftServerConfigKeys (ConfUtils.java:logGet(62)) - raft.server.log.segment.size.max = 67108864 (custom)
2025-09-13 17:33:21,023 [13facd30-3950-4310-8b1a-93d004abbbdd-impl-thread3] INFO  server.RaftServerConfigKeys (ConfUtils.java:logGet(62)) - raft.server.log.preallocated.size = 4194304 (custom)
2025-09-13 17:33:21,024 [13facd30-3950-4310-8b1a-93d004abbbdd-impl-thread1] INFO  util.AwaitToRun (AwaitToRun.java:start(81)) - Thread[#2872,13facd30-3950-4310-8b1a-93d004abbbdd@group-CF05563D4821-cacheEviction-AwaitToRun,5,main] started
2025-09-13 17:33:21,024 [13facd30-3950-4310-8b1a-93d004abbbdd-impl-thread1] INFO  segmented.SegmentedRaftLogWorker (SegmentedRaftLogWorker.java:<init>(190)) - new 13facd30-3950-4310-8b1a-93d004abbbdd@group-CF05563D4821-SegmentedRaftLogWorker for RaftStorageImpl:Storage Directory /home/runner/work/ozone/ozone/hadoop-ozone/integration-test/target/test-dir/MiniOzoneClusterImpl-1331a795-ed08-415d-924a-7661a5cf51a5/ozone-metadata/datanode-3/ratis/59c25a4c-b008-4c23-bf2e-cf05563d4821
2025-09-13 17:33:21,024 [13facd30-3950-4310-8b1a-93d004abbbdd-impl-thread1] INFO  server.RaftServerConfigKeys (ConfUtils.java:logGet(62)) - raft.server.log.queue.byte-limit = 4294967296 (custom)
2025-09-13 17:33:21,024 [13facd30-3950-4310-8b1a-93d004abbbdd-impl-thread3] INFO  server.RaftServerConfigKeys (ConfUtils.java:logGet(62)) - raft.server.log.write.buffer.size = 33554440 (custom)
2025-09-13 17:33:21,024 [13facd30-3950-4310-8b1a-93d004abbbdd-impl-thread1] INFO  server.RaftServerConfigKeys (ConfUtils.java:logGet(62)) - raft.server.log.segment.size.max = 67108864 (custom)
2025-09-13 17:33:21,024 [13facd30-3950-4310-8b1a-93d004abbbdd-impl-thread1] INFO  server.RaftServerConfigKeys (ConfUtils.java:logGet(62)) - raft.server.log.preallocated.size = 4194304 (custom)
2025-09-13 17:33:21,024 [13facd30-3950-4310-8b1a-93d004abbbdd-impl-thread1] INFO  server.RaftServerConfigKeys (ConfUtils.java:logGet(62)) - raft.server.log.write.buffer.size = 33554440 (custom)
2025-09-13 17:33:21,024 [13facd30-3950-4310-8b1a-93d004abbbdd-impl-thread2] INFO  server.RaftServerConfigKeys (ConfUtils.java:logGet(62)) - raft.server.log.write.buffer.size = 33554440 (custom)
2025-09-13 17:33:21,030 [13facd30-3950-4310-8b1a-93d004abbbdd-impl-thread3] INFO  server.RaftServerConfigKeys (ConfUtils.java:logGet(62)) - raft.server.log.appender.buffer.byte-limit = 33554432 (custom)
2025-09-13 17:33:21,031 [13facd30-3950-4310-8b1a-93d004abbbdd-impl-thread3] INFO  server.RaftServer$Division (ServerState.java:setRaftConf(386)) - 13facd30-3950-4310-8b1a-93d004abbbdd@group-D5D0288CE997: set configuration conf: {index: 0, cur=peers:[9e23e878-9bb3-42b5-8b94-e0e229812e65|127.0.0.1:15023, 13facd30-3950-4310-8b1a-93d004abbbdd|127.0.0.1:15031, 36d876fb-a458-4393-963b-58eeedb8ba95|127.0.0.1:15015]|listeners:[], old=null}
2025-09-13 17:33:21,031 [13facd30-3950-4310-8b1a-93d004abbbdd-impl-thread1] INFO  server.RaftServerConfigKeys (ConfUtils.java:logGet(62)) - raft.server.log.appender.buffer.byte-limit = 33554432 (custom)
2025-09-13 17:33:21,032 [13facd30-3950-4310-8b1a-93d004abbbdd-impl-thread3] INFO  segmented.LogSegment (LogSegment.java:loadSegment(171)) - Successfully read 16 entries from segment file /home/runner/work/ozone/ozone/hadoop-ozone/integration-test/target/test-dir/MiniOzoneClusterImpl-1331a795-ed08-415d-924a-7661a5cf51a5/ozone-metadata/datanode-3/ratis/71f8f458-3dd2-4722-a002-d5d0288ce997/current/log_inprogress_0
2025-09-13 17:33:21,032 [13facd30-3950-4310-8b1a-93d004abbbdd-impl-thread1] INFO  server.RaftServer$Division (ServerState.java:setRaftConf(386)) - 13facd30-3950-4310-8b1a-93d004abbbdd@group-CF05563D4821: set configuration conf: {index: 0, cur=peers:[9e23e878-9bb3-42b5-8b94-e0e229812e65|127.0.0.1:15023, 13facd30-3950-4310-8b1a-93d004abbbdd|127.0.0.1:15031, 36d876fb-a458-4393-963b-58eeedb8ba95|127.0.0.1:15015]|listeners:[], old=null}
2025-09-13 17:33:21,032 [13facd30-3950-4310-8b1a-93d004abbbdd-impl-thread3] INFO  segmented.SegmentedRaftLogWorker (SegmentedRaftLogWorker.java:lambda$new$0(141)) - 13facd30-3950-4310-8b1a-93d004abbbdd@group-D5D0288CE997-SegmentedRaftLogWorker: flushIndex: setUnconditionally 0 -> 15
2025-09-13 17:33:21,032 [13facd30-3950-4310-8b1a-93d004abbbdd-impl-thread3] INFO  segmented.SegmentedRaftLogWorker (SegmentedRaftLogWorker.java:lambda$new$0(141)) - 13facd30-3950-4310-8b1a-93d004abbbdd@group-D5D0288CE997-SegmentedRaftLogWorker: safeCacheEvictIndex: setUnconditionally 0 -> -1
2025-09-13 17:33:21,032 [13facd30-3950-4310-8b1a-93d004abbbdd-impl-thread1] INFO  segmented.LogSegment (LogSegment.java:loadSegment(171)) - Successfully read 1 entries from segment file /home/runner/work/ozone/ozone/hadoop-ozone/integration-test/target/test-dir/MiniOzoneClusterImpl-1331a795-ed08-415d-924a-7661a5cf51a5/ozone-metadata/datanode-3/ratis/59c25a4c-b008-4c23-bf2e-cf05563d4821/current/log_inprogress_0
2025-09-13 17:33:21,032 [13facd30-3950-4310-8b1a-93d004abbbdd-impl-thread2] INFO  server.RaftServerConfigKeys (ConfUtils.java:logGet(62)) - raft.server.log.appender.buffer.byte-limit = 33554432 (custom)
2025-09-13 17:33:21,032 [13facd30-3950-4310-8b1a-93d004abbbdd-impl-thread1] INFO  segmented.SegmentedRaftLogWorker (SegmentedRaftLogWorker.java:lambda$new$0(141)) - 13facd30-3950-4310-8b1a-93d004abbbdd@group-CF05563D4821-SegmentedRaftLogWorker: safeCacheEvictIndex: setUnconditionally 0 -> -1
2025-09-13 17:33:21,032 [13facd30-3950-4310-8b1a-93d004abbbdd-impl-thread1] INFO  segmented.BufferedWriteChannel (BufferedWriteChannel.java:open(61)) - open log_inprogress_0 (append) at position 351
2025-09-13 17:33:21,032 [13facd30-3950-4310-8b1a-93d004abbbdd-impl-thread3] INFO  segmented.BufferedWriteChannel (BufferedWriteChannel.java:open(61)) - open log_inprogress_0 (append) at position 5985
2025-09-13 17:33:21,033 [13facd30-3950-4310-8b1a-93d004abbbdd-impl-thread2] INFO  server.RaftServer$Division (ServerState.java:setRaftConf(386)) - 13facd30-3950-4310-8b1a-93d004abbbdd@group-C6159B6E7E4C: set configuration conf: {index: 0, cur=peers:[13facd30-3950-4310-8b1a-93d004abbbdd|127.0.0.1:15031]|listeners:[], old=null}
2025-09-13 17:33:21,033 [13facd30-3950-4310-8b1a-93d004abbbdd-impl-thread2] INFO  segmented.LogSegment (LogSegment.java:loadSegment(171)) - Successfully read 1 entries from segment file /home/runner/work/ozone/ozone/hadoop-ozone/integration-test/target/test-dir/MiniOzoneClusterImpl-1331a795-ed08-415d-924a-7661a5cf51a5/ozone-metadata/datanode-3/ratis/f7fa2a76-8c89-4e33-b3f9-c6159b6e7e4c/current/log_inprogress_0
2025-09-13 17:33:21,033 [13facd30-3950-4310-8b1a-93d004abbbdd-impl-thread2] INFO  segmented.SegmentedRaftLogWorker (SegmentedRaftLogWorker.java:lambda$new$0(141)) - 13facd30-3950-4310-8b1a-93d004abbbdd@group-C6159B6E7E4C-SegmentedRaftLogWorker: safeCacheEvictIndex: setUnconditionally 0 -> -1
2025-09-13 17:33:21,033 [13facd30-3950-4310-8b1a-93d004abbbdd-impl-thread2] INFO  segmented.BufferedWriteChannel (BufferedWriteChannel.java:open(61)) - open log_inprogress_0 (append) at position 129
2025-09-13 17:33:21,033 [13facd30-3950-4310-8b1a-93d004abbbdd-impl-thread1] INFO  server.RaftServer$Division (RaftServerImpl.java:start(405)) - 13facd30-3950-4310-8b1a-93d004abbbdd@group-CF05563D4821: start as a follower, conf=conf: {index: 0, cur=peers:[9e23e878-9bb3-42b5-8b94-e0e229812e65|127.0.0.1:15023, 13facd30-3950-4310-8b1a-93d004abbbdd|127.0.0.1:15031, 36d876fb-a458-4393-963b-58eeedb8ba95|127.0.0.1:15015]|listeners:[], old=null}
2025-09-13 17:33:21,033 [13facd30-3950-4310-8b1a-93d004abbbdd-impl-thread1] INFO  server.RaftServer$Division (RaftServerImpl.java:setRole(392)) - 13facd30-3950-4310-8b1a-93d004abbbdd@group-CF05563D4821: changes role from      null to FOLLOWER at term 1 for startAsFollower
2025-09-13 17:33:21,033 [13facd30-3950-4310-8b1a-93d004abbbdd-impl-thread3] INFO  server.RaftServer$Division (RaftServerImpl.java:start(405)) - 13facd30-3950-4310-8b1a-93d004abbbdd@group-D5D0288CE997: start as a follower, conf=conf: {index: 0, cur=peers:[9e23e878-9bb3-42b5-8b94-e0e229812e65|127.0.0.1:15023, 13facd30-3950-4310-8b1a-93d004abbbdd|127.0.0.1:15031, 36d876fb-a458-4393-963b-58eeedb8ba95|127.0.0.1:15015]|listeners:[], old=null}
2025-09-13 17:33:21,033 [13facd30-3950-4310-8b1a-93d004abbbdd-impl-thread3] INFO  server.RaftServer$Division (RaftServerImpl.java:setRole(392)) - 13facd30-3950-4310-8b1a-93d004abbbdd@group-D5D0288CE997: changes role from      null to FOLLOWER at term 1 for startAsFollower
2025-09-13 17:33:21,033 [13facd30-3950-4310-8b1a-93d004abbbdd-impl-thread1] INFO  impl.RoleInfo (RoleInfo.java:updateAndGet(148)) - 13facd30-3950-4310-8b1a-93d004abbbdd: start 13facd30-3950-4310-8b1a-93d004abbbdd@group-CF05563D4821-FollowerState
2025-09-13 17:33:21,033 [13facd30-3950-4310-8b1a-93d004abbbdd-impl-thread3] INFO  impl.RoleInfo (RoleInfo.java:updateAndGet(148)) - 13facd30-3950-4310-8b1a-93d004abbbdd: start 13facd30-3950-4310-8b1a-93d004abbbdd@group-D5D0288CE997-FollowerState
2025-09-13 17:33:21,034 [13facd30-3950-4310-8b1a-93d004abbbdd-impl-thread1] INFO  util.JmxRegister (JmxRegister.java:tryRegister(44)) - Successfully registered JMX Bean with object name Ratis:service=RaftServer,group=group-CF05563D4821,id=13facd30-3950-4310-8b1a-93d004abbbdd
2025-09-13 17:33:21,034 [13facd30-3950-4310-8b1a-93d004abbbdd-impl-thread1] INFO  util.JmxRegister (JmxRegister.java:register(58)) - register mxBean class org.apache.ratis.server.impl.RaftServerJmxAdapter as Ratis:service=RaftServer,group=group-CF05563D4821,id=13facd30-3950-4310-8b1a-93d004abbbdd
2025-09-13 17:33:21,034 [13facd30-3950-4310-8b1a-93d004abbbdd-impl-thread3] INFO  util.JmxRegister (JmxRegister.java:tryRegister(44)) - Successfully registered JMX Bean with object name Ratis:service=RaftServer,group=group-D5D0288CE997,id=13facd30-3950-4310-8b1a-93d004abbbdd
2025-09-13 17:33:21,034 [13facd30-3950-4310-8b1a-93d004abbbdd-impl-thread3] INFO  util.JmxRegister (JmxRegister.java:register(58)) - register mxBean class org.apache.ratis.server.impl.RaftServerJmxAdapter as Ratis:service=RaftServer,group=group-D5D0288CE997,id=13facd30-3950-4310-8b1a-93d004abbbdd
2025-09-13 17:33:21,034 [13facd30-3950-4310-8b1a-93d004abbbdd-impl-thread2] INFO  server.RaftServer$Division (RaftServerImpl.java:start(405)) - 13facd30-3950-4310-8b1a-93d004abbbdd@group-C6159B6E7E4C: start as a follower, conf=conf: {index: 0, cur=peers:[13facd30-3950-4310-8b1a-93d004abbbdd|127.0.0.1:15031]|listeners:[], old=null}
2025-09-13 17:33:21,034 [13facd30-3950-4310-8b1a-93d004abbbdd-impl-thread2] INFO  server.RaftServer$Division (RaftServerImpl.java:setRole(392)) - 13facd30-3950-4310-8b1a-93d004abbbdd@group-C6159B6E7E4C: changes role from      null to FOLLOWER at term 1 for startAsFollower
2025-09-13 17:33:21,034 [13facd30-3950-4310-8b1a-93d004abbbdd-impl-thread2] INFO  impl.RoleInfo (RoleInfo.java:updateAndGet(148)) - 13facd30-3950-4310-8b1a-93d004abbbdd: start 13facd30-3950-4310-8b1a-93d004abbbdd@group-C6159B6E7E4C-FollowerState
2025-09-13 17:33:21,035 [13facd30-3950-4310-8b1a-93d004abbbdd-impl-thread2] INFO  util.JmxRegister (JmxRegister.java:tryRegister(44)) - Successfully registered JMX Bean with object name Ratis:service=RaftServer,group=group-C6159B6E7E4C,id=13facd30-3950-4310-8b1a-93d004abbbdd
2025-09-13 17:33:21,035 [13facd30-3950-4310-8b1a-93d004abbbdd-impl-thread2] INFO  util.JmxRegister (JmxRegister.java:register(58)) - register mxBean class org.apache.ratis.server.impl.RaftServerJmxAdapter as Ratis:service=RaftServer,group=group-C6159B6E7E4C,id=13facd30-3950-4310-8b1a-93d004abbbdd
2025-09-13 17:33:21,035 [13facd30-3950-4310-8b1a-93d004abbbdd-impl-thread3] INFO  server.RaftServer$Division (RaftServerImpl.java:start(419)) - 13facd30-3950-4310-8b1a-93d004abbbdd@group-D5D0288CE997: Successfully started.
2025-09-13 17:33:21,035 [13facd30-3950-4310-8b1a-93d004abbbdd-impl-thread1] INFO  server.RaftServer$Division (RaftServerImpl.java:start(419)) - 13facd30-3950-4310-8b1a-93d004abbbdd@group-CF05563D4821: Successfully started.
2025-09-13 17:33:21,036 [13facd30-3950-4310-8b1a-93d004abbbdd-impl-thread2] INFO  server.RaftServer$Division (RaftServerImpl.java:start(419)) - 13facd30-3950-4310-8b1a-93d004abbbdd@group-C6159B6E7E4C: Successfully started.
2025-09-13 17:33:21,036 [13facd30-3950-4310-8b1a-93d004abbbdd-EndpointStateMachineTaskThread-/0.0.0.0:15002-0 ] INFO  server.RaftServer (RaftServerProxy.java:startImpl(412)) - 13facd30-3950-4310-8b1a-93d004abbbdd: start RPC server
2025-09-13 17:33:21,036 [13facd30-3950-4310-8b1a-93d004abbbdd-EndpointStateMachineTaskThread-/0.0.0.0:15002-0 ] INFO  server.GrpcServicesImpl (GrpcServicesImpl.java:startImpl(346)) - 13facd30-3950-4310-8b1a-93d004abbbdd: GrpcServicesImpl started, listening on 15029
2025-09-13 17:33:21,036 [13facd30-3950-4310-8b1a-93d004abbbdd-EndpointStateMachineTaskThread-/0.0.0.0:15002-0 ] INFO  server.GrpcServicesImpl (GrpcServicesImpl.java:startImpl(346)) - 13facd30-3950-4310-8b1a-93d004abbbdd: GrpcServicesImpl started, listening on 15031
2025-09-13 17:33:21,037 [13facd30-3950-4310-8b1a-93d004abbbdd-EndpointStateMachineTaskThread-/0.0.0.0:15002-0 ] INFO  server.GrpcServicesImpl (GrpcServicesImpl.java:startImpl(346)) - 13facd30-3950-4310-8b1a-93d004abbbdd: GrpcServicesImpl started, listening on 15030
2025-09-13 17:33:21,037 [13facd30-3950-4310-8b1a-93d004abbbdd-EndpointStateMachineTaskThread-/0.0.0.0:15002-0 ] INFO  ratis.XceiverServerRatis (XceiverServerRatis.java:getRealPort(587)) - XceiverServerRatis(13facd30-3950-4310-8b1a-93d004abbbdd) is started using port RATIS=15029
2025-09-13 17:33:21,037 [JvmPauseMonitor15] INFO  util.JvmPauseMonitor (JvmPauseMonitor.java:run(146)) - JvmPauseMonitor-13facd30-3950-4310-8b1a-93d004abbbdd: Started
2025-09-13 17:33:21,037 [13facd30-3950-4310-8b1a-93d004abbbdd-EndpointStateMachineTaskThread-/0.0.0.0:15002-0 ] INFO  ratis.XceiverServerRatis (XceiverServerRatis.java:getRealPort(587)) - XceiverServerRatis(13facd30-3950-4310-8b1a-93d004abbbdd) is started using port RATIS_ADMIN=15030
2025-09-13 17:33:21,037 [13facd30-3950-4310-8b1a-93d004abbbdd-EndpointStateMachineTaskThread-/0.0.0.0:15002-0 ] INFO  ratis.XceiverServerRatis (XceiverServerRatis.java:getRealPort(587)) - XceiverServerRatis(13facd30-3950-4310-8b1a-93d004abbbdd) is started using port RATIS_SERVER=15031
2025-09-13 17:33:21,037 [13facd30-3950-4310-8b1a-93d004abbbdd-EndpointStateMachineTaskThread-/0.0.0.0:15002-0 ] INFO  ratis.XceiverServerRatis (XceiverServerRatis.java:getRealPort(587)) - XceiverServerRatis(13facd30-3950-4310-8b1a-93d004abbbdd) is started using port RATIS_DATASTREAM=15032
2025-09-13 17:33:21,037 [13facd30-3950-4310-8b1a-93d004abbbdd-EndpointStateMachineTaskThread-/0.0.0.0:15002-0 ] INFO  utils.BackgroundService (BackgroundService.java:start(119)) - Starting service BlockDeletingService with interval 60000 milliseconds
2025-09-13 17:33:21,038 [13facd30-3950-4310-8b1a-93d004abbbdd-EndpointStateMachineTaskThread-/0.0.0.0:15002-0 ] INFO  utils.BackgroundService (BackgroundService.java:start(119)) - Starting service StaleRecoveringContainerScrubbingService with interval 60000 milliseconds
2025-09-13 17:33:21,240 [36d876fb-a458-4393-963b-58eeedb8ba95-ContainerReader-0] INFO  ozoneimpl.ContainerReader (ContainerReader.java:readVolume(147)) - Start to verify containers on volume /home/runner/work/ozone/ozone/hadoop-ozone/integration-test/target/test-dir/MiniOzoneClusterImpl-1331a795-ed08-415d-924a-7661a5cf51a5/ozone-metadata/datanode-1/data-0/hdds
2025-09-13 17:33:21,243 [36d876fb-a458-4393-963b-58eeedb8ba95-ContainerReader-0] WARN  helpers.KeyValueContainerUtil (KeyValueContainerUtil.java:populateContainerMetadata(330)) - Missing pendingDeleteBlockCount from metadata: recalculate them from block table
2025-09-13 17:33:21,246 [36d876fb-a458-4393-963b-58eeedb8ba95-ContainerReader-0] WARN  helpers.KeyValueContainerUtil (KeyValueContainerUtil.java:populateContainerMetadata(330)) - Missing pendingDeleteBlockCount from metadata: recalculate them from block table
2025-09-13 17:33:21,247 [36d876fb-a458-4393-963b-58eeedb8ba95-ContainerReader-0] INFO  ozoneimpl.ContainerReader (ContainerReader.java:readVolume(177)) - Finish verifying containers on volume /home/runner/work/ozone/ozone/hadoop-ozone/integration-test/target/test-dir/MiniOzoneClusterImpl-1331a795-ed08-415d-924a-7661a5cf51a5/ozone-metadata/datanode-1/data-0/hdds
2025-09-13 17:33:21,247 [36d876fb-a458-4393-963b-58eeedb8ba95-EndpointStateMachineTaskThread-/0.0.0.0:15002-0 ] INFO  ozoneimpl.OzoneContainer (OzoneContainer.java:buildContainerSet(370)) - Build ContainerSet costs 0s
2025-09-13 17:33:21,247 [36d876fb-a458-4393-963b-58eeedb8ba95-EndpointStateMachineTaskThread-/0.0.0.0:15002-0 ] INFO  volume.ThrottledAsyncChecker (ThrottledAsyncChecker.java:schedule(138)) - Scheduling a check for /home/runner/work/ozone/ozone/hadoop-ozone/integration-test/target/test-dir/MiniOzoneClusterImpl-1331a795-ed08-415d-924a-7661a5cf51a5/ozone-metadata/datanode-1/data-0/hdds
2025-09-13 17:33:21,248 [36d876fb-a458-4393-963b-58eeedb8ba95-EndpointStateMachineTaskThread-/0.0.0.0:15002-0 ] INFO  volume.StorageVolumeChecker (StorageVolumeChecker.java:checkAllVolumes(231)) - Scheduled health check for volume /home/runner/work/ozone/ozone/hadoop-ozone/integration-test/target/test-dir/MiniOzoneClusterImpl-1331a795-ed08-415d-924a-7661a5cf51a5/ozone-metadata/datanode-1/data-0/hdds
2025-09-13 17:33:21,250 [9e23e878-9bb3-42b5-8b94-e0e229812e65@group-D5D0288CE997-FollowerState] INFO  impl.FollowerState (FollowerState.java:runImpl(161)) - 9e23e878-9bb3-42b5-8b94-e0e229812e65@group-D5D0288CE997-FollowerState: change to CANDIDATE, lastRpcElapsedTime:1140676394ns, electionTimeout:1140ms
2025-09-13 17:33:21,250 [9e23e878-9bb3-42b5-8b94-e0e229812e65@group-D5D0288CE997-FollowerState] INFO  impl.RoleInfo (RoleInfo.java:shutdownFollowerState(121)) - 9e23e878-9bb3-42b5-8b94-e0e229812e65: shutdown 9e23e878-9bb3-42b5-8b94-e0e229812e65@group-D5D0288CE997-FollowerState
2025-09-13 17:33:21,250 [9e23e878-9bb3-42b5-8b94-e0e229812e65@group-D5D0288CE997-FollowerState] INFO  server.RaftServer$Division (RaftServerImpl.java:setRole(392)) - 9e23e878-9bb3-42b5-8b94-e0e229812e65@group-D5D0288CE997: changes role from  FOLLOWER to CANDIDATE at term 1 for changeToCandidate
2025-09-13 17:33:21,250 [9e23e878-9bb3-42b5-8b94-e0e229812e65@group-D5D0288CE997-FollowerState] INFO  impl.RoleInfo (RoleInfo.java:updateAndGet(148)) - 9e23e878-9bb3-42b5-8b94-e0e229812e65: start 9e23e878-9bb3-42b5-8b94-e0e229812e65@group-D5D0288CE997-LeaderElection211
2025-09-13 17:33:21,251 [9e23e878-9bb3-42b5-8b94-e0e229812e65@group-D5D0288CE997-LeaderElection211] INFO  impl.LeaderElection (LeaderElection.java:askForVotes(448)) - 9e23e878-9bb3-42b5-8b94-e0e229812e65@group-D5D0288CE997-LeaderElection211 PRE_VOTE round 0: submit vote requests at term 1 for conf: {index: 0, cur=peers:[9e23e878-9bb3-42b5-8b94-e0e229812e65|127.0.0.1:15023, 13facd30-3950-4310-8b1a-93d004abbbdd|127.0.0.1:15031, 36d876fb-a458-4393-963b-58eeedb8ba95|127.0.0.1:15015]|listeners:[], old=null}
2025-09-13 17:33:21,251 [36d876fb-a458-4393-963b-58eeedb8ba95-EndpointStateMachineTaskThread-/0.0.0.0:15002-0 ] INFO  volume.ThrottledAsyncChecker (ThrottledAsyncChecker.java:schedule(138)) - Scheduling a check for /home/runner/work/ozone/ozone/hadoop-ozone/integration-test/target/test-dir/MiniOzoneClusterImpl-1331a795-ed08-415d-924a-7661a5cf51a5/ozone-metadata/datanode-1/ratis
2025-09-13 17:33:21,251 [36d876fb-a458-4393-963b-58eeedb8ba95-EndpointStateMachineTaskThread-/0.0.0.0:15002-0 ] INFO  volume.StorageVolumeChecker (StorageVolumeChecker.java:checkAllVolumes(231)) - Scheduled health check for volume /home/runner/work/ozone/ozone/hadoop-ozone/integration-test/target/test-dir/MiniOzoneClusterImpl-1331a795-ed08-415d-924a-7661a5cf51a5/ozone-metadata/datanode-1/ratis
2025-09-13 17:33:21,252 [9e23e878-9bb3-42b5-8b94-e0e229812e65@group-D5D0288CE997-LeaderElection211] INFO  impl.LeaderElection (LogUtils.java:infoOrTrace(142)) - 9e23e878-9bb3-42b5-8b94-e0e229812e65@group-D5D0288CE997-LeaderElection211 got exception when requesting votes: java.util.concurrent.ExecutionException: org.apache.ratis.thirdparty.io.grpc.StatusRuntimeException: UNAVAILABLE: io exception
2025-09-13 17:33:21,252 [9e23e878-9bb3-42b5-8b94-e0e229812e65@group-D5D0288CE997-LeaderElection211] INFO  impl.LeaderElection (LogUtils.java:infoOrTrace(142)) - 9e23e878-9bb3-42b5-8b94-e0e229812e65@group-D5D0288CE997-LeaderElection211 got exception when requesting votes: java.util.concurrent.ExecutionException: org.apache.ratis.thirdparty.io.grpc.StatusRuntimeException: UNAVAILABLE: io exception
2025-09-13 17:33:21,252 [9e23e878-9bb3-42b5-8b94-e0e229812e65@group-D5D0288CE997-LeaderElection211] INFO  impl.LeaderElection (LeaderElection.java:logAndReturn(206)) - 9e23e878-9bb3-42b5-8b94-e0e229812e65@group-D5D0288CE997-LeaderElection211: PRE_VOTE REJECTED received 0 response(s) and 2 exception(s):
2025-09-13 17:33:21,252 [9e23e878-9bb3-42b5-8b94-e0e229812e65@group-D5D0288CE997-LeaderElection211] INFO  impl.LeaderElection (LogUtils.java:infoOrTrace(142)) -   Exception 0: java.util.concurrent.ExecutionException: org.apache.ratis.thirdparty.io.grpc.StatusRuntimeException: UNAVAILABLE: io exception
2025-09-13 17:33:21,252 [9e23e878-9bb3-42b5-8b94-e0e229812e65@group-D5D0288CE997-LeaderElection211] INFO  impl.LeaderElection (LogUtils.java:infoOrTrace(142)) -   Exception 1: java.util.concurrent.ExecutionException: org.apache.ratis.thirdparty.io.grpc.StatusRuntimeException: UNAVAILABLE: io exception
2025-09-13 17:33:21,252 [9e23e878-9bb3-42b5-8b94-e0e229812e65@group-D5D0288CE997-LeaderElection211] INFO  impl.LeaderElection (LeaderElection.java:askForVotes(450)) - 9e23e878-9bb3-42b5-8b94-e0e229812e65@group-D5D0288CE997-LeaderElection211 PRE_VOTE round 0: result REJECTED
2025-09-13 17:33:21,252 [9e23e878-9bb3-42b5-8b94-e0e229812e65@group-D5D0288CE997-LeaderElection211] INFO  server.RaftServer$Division (RaftServerImpl.java:setRole(392)) - 9e23e878-9bb3-42b5-8b94-e0e229812e65@group-D5D0288CE997: changes role from CANDIDATE to FOLLOWER at term 1 for REJECTED
2025-09-13 17:33:21,252 [9e23e878-9bb3-42b5-8b94-e0e229812e65@group-D5D0288CE997-LeaderElection211] INFO  impl.RoleInfo (RoleInfo.java:shutdownLeaderElection(141)) - 9e23e878-9bb3-42b5-8b94-e0e229812e65: shutdown 9e23e878-9bb3-42b5-8b94-e0e229812e65@group-D5D0288CE997-LeaderElection211
2025-09-13 17:33:21,252 [9e23e878-9bb3-42b5-8b94-e0e229812e65@group-D5D0288CE997-LeaderElection211] INFO  impl.RoleInfo (RoleInfo.java:updateAndGet(148)) - 9e23e878-9bb3-42b5-8b94-e0e229812e65: start 9e23e878-9bb3-42b5-8b94-e0e229812e65@group-D5D0288CE997-FollowerState
2025-09-13 17:33:21,253 [36d876fb-a458-4393-963b-58eeedb8ba95-EndpointStateMachineTaskThread-/0.0.0.0:15002-0 ] INFO  ozoneimpl.OzoneContainer (OzoneContainer.java:start(525)) - Attempting to start container services.
2025-09-13 17:33:21,254 [ContainerDataScanner(/home/runner/work/ozone/ozone/hadoop-ozone/integration-test/target/test-dir/MiniOzoneClusterImpl-1331a795-ed08-415d-924a-7661a5cf51a5/ozone-metadata/datanode-1/data-0/hdds)] INFO  ozoneimpl.AbstractBackgroundContainerScanner (AbstractBackgroundContainerScanner.java:runIteration(89)) - Completed an iteration in 0 minutes. Number of iterations (since the data-node restart) : 1, Number of containers scanned in this iteration : 0, Number of unhealthy containers found in this iteration : 0
2025-09-13 17:33:21,254 [36d876fb-a458-4393-963b-58eeedb8ba95-EndpointStateMachineTaskThread-/0.0.0.0:15002-0 ] INFO  replication.ReplicationServer (ReplicationServer.java:start(137)) - ReplicationServer is started using port 15017
2025-09-13 17:33:21,254 [36d876fb-a458-4393-963b-58eeedb8ba95-EndpointStateMachineTaskThread-/0.0.0.0:15002-0 ] INFO  ratis.XceiverServerRatis (XceiverServerRatis.java:start(560)) - Starting XceiverServerRatis(36d876fb-a458-4393-963b-58eeedb8ba95)
2025-09-13 17:33:21,255 [36d876fb-a458-4393-963b-58eeedb8ba95-impl-thread1] INFO  server.RaftServerConfigKeys (ConfUtils.java:logGet(62)) - raft.server.storage.dir = [/home/runner/work/ozone/ozone/hadoop-ozone/integration-test/target/test-dir/MiniOzoneClusterImpl-1331a795-ed08-415d-924a-7661a5cf51a5/ozone-metadata/datanode-1/ratis] (custom)
2025-09-13 17:33:21,256 [ContainerMetadataScanner] INFO  ozoneimpl.AbstractBackgroundContainerScanner (AbstractBackgroundContainerScanner.java:runIteration(89)) - Completed an iteration in 0 minutes. Number of iterations (since the data-node restart) : 1, Number of containers scanned in this iteration : 2, Number of unhealthy containers found in this iteration : 0
2025-09-13 17:33:21,257 [36d876fb-a458-4393-963b-58eeedb8ba95-impl-thread3] INFO  storage.RaftStorageDirectory (RaftStorageDirectoryImpl.java:tryLock(229)) - Lock on /home/runner/work/ozone/ozone/hadoop-ozone/integration-test/target/test-dir/MiniOzoneClusterImpl-1331a795-ed08-415d-924a-7661a5cf51a5/ozone-metadata/datanode-1/ratis/71f8f458-3dd2-4722-a002-d5d0288ce997/in_use.lock acquired by nodename 22846@localhost
2025-09-13 17:33:21,257 [36d876fb-a458-4393-963b-58eeedb8ba95-impl-thread2] INFO  storage.RaftStorageDirectory (RaftStorageDirectoryImpl.java:tryLock(229)) - Lock on /home/runner/work/ozone/ozone/hadoop-ozone/integration-test/target/test-dir/MiniOzoneClusterImpl-1331a795-ed08-415d-924a-7661a5cf51a5/ozone-metadata/datanode-1/ratis/5743d5ca-d5da-4592-97f7-b4189f5888a1/in_use.lock acquired by nodename 22846@localhost
2025-09-13 17:33:21,257 [36d876fb-a458-4393-963b-58eeedb8ba95-impl-thread1] INFO  storage.RaftStorageDirectory (RaftStorageDirectoryImpl.java:tryLock(229)) - Lock on /home/runner/work/ozone/ozone/hadoop-ozone/integration-test/target/test-dir/MiniOzoneClusterImpl-1331a795-ed08-415d-924a-7661a5cf51a5/ozone-metadata/datanode-1/ratis/59c25a4c-b008-4c23-bf2e-cf05563d4821/in_use.lock acquired by nodename 22846@localhost
2025-09-13 17:33:21,257 [36d876fb-a458-4393-963b-58eeedb8ba95-impl-thread3] INFO  storage.RaftStorage (RaftStorageImpl.java:analyzeAndRecoverStorage(118)) - Read RaftStorageMetadata{term=1, votedFor=36d876fb-a458-4393-963b-58eeedb8ba95} from /home/runner/work/ozone/ozone/hadoop-ozone/integration-test/target/test-dir/MiniOzoneClusterImpl-1331a795-ed08-415d-924a-7661a5cf51a5/ozone-metadata/datanode-1/ratis/71f8f458-3dd2-4722-a002-d5d0288ce997/current/raft-meta
2025-09-13 17:33:21,257 [36d876fb-a458-4393-963b-58eeedb8ba95-impl-thread1] INFO  storage.RaftStorage (RaftStorageImpl.java:analyzeAndRecoverStorage(118)) - Read RaftStorageMetadata{term=2, votedFor=36d876fb-a458-4393-963b-58eeedb8ba95} from /home/runner/work/ozone/ozone/hadoop-ozone/integration-test/target/test-dir/MiniOzoneClusterImpl-1331a795-ed08-415d-924a-7661a5cf51a5/ozone-metadata/datanode-1/ratis/59c25a4c-b008-4c23-bf2e-cf05563d4821/current/raft-meta
2025-09-13 17:33:21,257 [36d876fb-a458-4393-963b-58eeedb8ba95-impl-thread3] INFO  server.RaftServer$Division (ServerState.java:setRaftConf(386)) - 36d876fb-a458-4393-963b-58eeedb8ba95@group-D5D0288CE997: set configuration conf: {index: 0, cur=peers:[9e23e878-9bb3-42b5-8b94-e0e229812e65|127.0.0.1:15023, 13facd30-3950-4310-8b1a-93d004abbbdd|127.0.0.1:15031, 36d876fb-a458-4393-963b-58eeedb8ba95|127.0.0.1:15015]|listeners:[], old=null}
2025-09-13 17:33:21,257 [36d876fb-a458-4393-963b-58eeedb8ba95-impl-thread3] INFO  ratis.ContainerStateMachine (ContainerStateMachine.java:initialize(339)) - 36d876fb-a458-4393-963b-58eeedb8ba95: initialize group-D5D0288CE997
2025-09-13 17:33:21,258 [36d876fb-a458-4393-963b-58eeedb8ba95-impl-thread3] INFO  ratis.ContainerStateMachine (ContainerStateMachine.java:loadSnapshot(356)) - group-D5D0288CE997: Setting the last applied index to (t:1, i:15)
2025-09-13 17:33:21,258 [36d876fb-a458-4393-963b-58eeedb8ba95-impl-thread1] INFO  server.RaftServer$Division (ServerState.java:setRaftConf(386)) - 36d876fb-a458-4393-963b-58eeedb8ba95@group-CF05563D4821: set configuration conf: {index: 1, cur=peers:[9e23e878-9bb3-42b5-8b94-e0e229812e65|127.0.0.1:15023, 13facd30-3950-4310-8b1a-93d004abbbdd|127.0.0.1:15031, 36d876fb-a458-4393-963b-58eeedb8ba95|127.0.0.1:15015]|listeners:[], old=null}
2025-09-13 17:33:21,258 [36d876fb-a458-4393-963b-58eeedb8ba95-impl-thread3] INFO  server.RaftServerConfigKeys (ConfUtils.java:logGet(62)) - raft.server.log.appender.buffer.byte-limit = 33554432 (custom)
2025-09-13 17:33:21,258 [36d876fb-a458-4393-963b-58eeedb8ba95-impl-thread2] INFO  storage.RaftStorage (RaftStorageImpl.java:analyzeAndRecoverStorage(118)) - Read RaftStorageMetadata{term=1, votedFor=36d876fb-a458-4393-963b-58eeedb8ba95} from /home/runner/work/ozone/ozone/hadoop-ozone/integration-test/target/test-dir/MiniOzoneClusterImpl-1331a795-ed08-415d-924a-7661a5cf51a5/ozone-metadata/datanode-1/ratis/5743d5ca-d5da-4592-97f7-b4189f5888a1/current/raft-meta
2025-09-13 17:33:21,258 [36d876fb-a458-4393-963b-58eeedb8ba95-impl-thread1] INFO  ratis.ContainerStateMachine (ContainerStateMachine.java:initialize(339)) - 36d876fb-a458-4393-963b-58eeedb8ba95: initialize group-CF05563D4821
2025-09-13 17:33:21,258 [36d876fb-a458-4393-963b-58eeedb8ba95-impl-thread1] INFO  ratis.ContainerStateMachine (ContainerStateMachine.java:loadSnapshot(356)) - group-CF05563D4821: Setting the last applied index to (t:2, i:2)
2025-09-13 17:33:21,258 [36d876fb-a458-4393-963b-58eeedb8ba95-impl-thread2] INFO  server.RaftServer$Division (ServerState.java:setRaftConf(386)) - 36d876fb-a458-4393-963b-58eeedb8ba95@group-B4189F5888A1: set configuration conf: {index: 0, cur=peers:[36d876fb-a458-4393-963b-58eeedb8ba95|127.0.0.1:15015]|listeners:[], old=null}
2025-09-13 17:33:21,258 [36d876fb-a458-4393-963b-58eeedb8ba95-impl-thread1] INFO  server.RaftServerConfigKeys (ConfUtils.java:logGet(62)) - raft.server.log.appender.buffer.byte-limit = 33554432 (custom)
2025-09-13 17:33:21,258 [36d876fb-a458-4393-963b-58eeedb8ba95-impl-thread2] INFO  ratis.ContainerStateMachine (ContainerStateMachine.java:initialize(339)) - 36d876fb-a458-4393-963b-58eeedb8ba95: initialize group-B4189F5888A1
2025-09-13 17:33:21,258 [36d876fb-a458-4393-963b-58eeedb8ba95-impl-thread2] INFO  ratis.ContainerStateMachine (ContainerStateMachine.java:loadSnapshot(356)) - group-B4189F5888A1: Setting the last applied index to (t:1, i:0)
2025-09-13 17:33:21,259 [36d876fb-a458-4393-963b-58eeedb8ba95-impl-thread2] INFO  server.RaftServerConfigKeys (ConfUtils.java:logGet(62)) - raft.server.log.appender.buffer.byte-limit = 33554432 (custom)
2025-09-13 17:33:21,267 [36d876fb-a458-4393-963b-58eeedb8ba95-impl-thread3] INFO  server.RaftServerConfigKeys (ConfUtils.java:logGet(62)) - raft.server.log.segment.size.max = 67108864 (custom)
2025-09-13 17:33:21,269 [36d876fb-a458-4393-963b-58eeedb8ba95-impl-thread3] INFO  server.RaftServerConfigKeys (ConfUtils.java:logGet(62)) - raft.server.log.appender.buffer.byte-limit = 33554432 (custom)
2025-09-13 17:33:21,269 [36d876fb-a458-4393-963b-58eeedb8ba95-impl-thread3] INFO  util.AwaitToRun (AwaitToRun.java:start(81)) - Thread[#2910,36d876fb-a458-4393-963b-58eeedb8ba95@group-D5D0288CE997-cacheEviction-AwaitToRun,5,main] started
2025-09-13 17:33:21,269 [36d876fb-a458-4393-963b-58eeedb8ba95-impl-thread3] INFO  segmented.SegmentedRaftLogWorker (SegmentedRaftLogWorker.java:<init>(190)) - new 36d876fb-a458-4393-963b-58eeedb8ba95@group-D5D0288CE997-SegmentedRaftLogWorker for RaftStorageImpl:Storage Directory /home/runner/work/ozone/ozone/hadoop-ozone/integration-test/target/test-dir/MiniOzoneClusterImpl-1331a795-ed08-415d-924a-7661a5cf51a5/ozone-metadata/datanode-1/ratis/71f8f458-3dd2-4722-a002-d5d0288ce997
2025-09-13 17:33:21,269 [36d876fb-a458-4393-963b-58eeedb8ba95-impl-thread3] INFO  server.RaftServerConfigKeys (ConfUtils.java:logGet(62)) - raft.server.log.queue.byte-limit = 4294967296 (custom)
2025-09-13 17:33:21,269 [36d876fb-a458-4393-963b-58eeedb8ba95-impl-thread3] INFO  server.RaftServerConfigKeys (ConfUtils.java:logGet(62)) - raft.server.log.segment.size.max = 67108864 (custom)
2025-09-13 17:33:21,269 [36d876fb-a458-4393-963b-58eeedb8ba95-impl-thread3] INFO  server.RaftServerConfigKeys (ConfUtils.java:logGet(62)) - raft.server.log.preallocated.size = 4194304 (custom)
2025-09-13 17:33:21,270 [36d876fb-a458-4393-963b-58eeedb8ba95-impl-thread1] INFO  server.RaftServerConfigKeys (ConfUtils.java:logGet(62)) - raft.server.log.segment.size.max = 67108864 (custom)
2025-09-13 17:33:21,270 [36d876fb-a458-4393-963b-58eeedb8ba95-impl-thread2] INFO  server.RaftServerConfigKeys (ConfUtils.java:logGet(62)) - raft.server.log.segment.size.max = 67108864 (custom)
2025-09-13 17:33:21,271 [36d876fb-a458-4393-963b-58eeedb8ba95-impl-thread3] INFO  server.RaftServerConfigKeys (ConfUtils.java:logGet(62)) - raft.server.log.write.buffer.size = 33554440 (custom)
2025-09-13 17:33:21,271 [36d876fb-a458-4393-963b-58eeedb8ba95-impl-thread2] INFO  server.RaftServerConfigKeys (ConfUtils.java:logGet(62)) - raft.server.log.appender.buffer.byte-limit = 33554432 (custom)
2025-09-13 17:33:21,272 [36d876fb-a458-4393-963b-58eeedb8ba95-impl-thread1] INFO  server.RaftServerConfigKeys (ConfUtils.java:logGet(62)) - raft.server.log.appender.buffer.byte-limit = 33554432 (custom)
2025-09-13 17:33:21,272 [36d876fb-a458-4393-963b-58eeedb8ba95-impl-thread2] INFO  util.AwaitToRun (AwaitToRun.java:start(81)) - Thread[#2911,36d876fb-a458-4393-963b-58eeedb8ba95@group-B4189F5888A1-cacheEviction-AwaitToRun,5,main] started
2025-09-13 17:33:21,272 [36d876fb-a458-4393-963b-58eeedb8ba95-impl-thread2] INFO  segmented.SegmentedRaftLogWorker (SegmentedRaftLogWorker.java:<init>(190)) - new 36d876fb-a458-4393-963b-58eeedb8ba95@group-B4189F5888A1-SegmentedRaftLogWorker for RaftStorageImpl:Storage Directory /home/runner/work/ozone/ozone/hadoop-ozone/integration-test/target/test-dir/MiniOzoneClusterImpl-1331a795-ed08-415d-924a-7661a5cf51a5/ozone-metadata/datanode-1/ratis/5743d5ca-d5da-4592-97f7-b4189f5888a1
2025-09-13 17:33:21,272 [36d876fb-a458-4393-963b-58eeedb8ba95-impl-thread2] INFO  server.RaftServerConfigKeys (ConfUtils.java:logGet(62)) - raft.server.log.queue.byte-limit = 4294967296 (custom)
2025-09-13 17:33:21,272 [36d876fb-a458-4393-963b-58eeedb8ba95-impl-thread2] INFO  server.RaftServerConfigKeys (ConfUtils.java:logGet(62)) - raft.server.log.segment.size.max = 67108864 (custom)
2025-09-13 17:33:21,272 [36d876fb-a458-4393-963b-58eeedb8ba95-impl-thread2] INFO  server.RaftServerConfigKeys (ConfUtils.java:logGet(62)) - raft.server.log.preallocated.size = 4194304 (custom)
2025-09-13 17:33:21,272 [36d876fb-a458-4393-963b-58eeedb8ba95-impl-thread2] INFO  server.RaftServerConfigKeys (ConfUtils.java:logGet(62)) - raft.server.log.write.buffer.size = 33554440 (custom)
2025-09-13 17:33:21,272 [36d876fb-a458-4393-963b-58eeedb8ba95-impl-thread1] INFO  util.AwaitToRun (AwaitToRun.java:start(81)) - Thread[#2912,36d876fb-a458-4393-963b-58eeedb8ba95@group-CF05563D4821-cacheEviction-AwaitToRun,5,main] started
2025-09-13 17:33:21,272 [36d876fb-a458-4393-963b-58eeedb8ba95-impl-thread1] INFO  segmented.SegmentedRaftLogWorker (SegmentedRaftLogWorker.java:<init>(190)) - new 36d876fb-a458-4393-963b-58eeedb8ba95@group-CF05563D4821-SegmentedRaftLogWorker for RaftStorageImpl:Storage Directory /home/runner/work/ozone/ozone/hadoop-ozone/integration-test/target/test-dir/MiniOzoneClusterImpl-1331a795-ed08-415d-924a-7661a5cf51a5/ozone-metadata/datanode-1/ratis/59c25a4c-b008-4c23-bf2e-cf05563d4821
2025-09-13 17:33:21,272 [36d876fb-a458-4393-963b-58eeedb8ba95-impl-thread1] INFO  server.RaftServerConfigKeys (ConfUtils.java:logGet(62)) - raft.server.log.queue.byte-limit = 4294967296 (custom)
2025-09-13 17:33:21,273 [36d876fb-a458-4393-963b-58eeedb8ba95-impl-thread1] INFO  server.RaftServerConfigKeys (ConfUtils.java:logGet(62)) - raft.server.log.segment.size.max = 67108864 (custom)
2025-09-13 17:33:21,273 [36d876fb-a458-4393-963b-58eeedb8ba95-impl-thread1] INFO  server.RaftServerConfigKeys (ConfUtils.java:logGet(62)) - raft.server.log.preallocated.size = 4194304 (custom)
2025-09-13 17:33:21,273 [36d876fb-a458-4393-963b-58eeedb8ba95-impl-thread1] INFO  server.RaftServerConfigKeys (ConfUtils.java:logGet(62)) - raft.server.log.write.buffer.size = 33554440 (custom)
2025-09-13 17:33:21,278 [36d876fb-a458-4393-963b-58eeedb8ba95-impl-thread3] INFO  server.RaftServerConfigKeys (ConfUtils.java:logGet(62)) - raft.server.log.appender.buffer.byte-limit = 33554432 (custom)
2025-09-13 17:33:21,278 [36d876fb-a458-4393-963b-58eeedb8ba95-impl-thread2] INFO  server.RaftServerConfigKeys (ConfUtils.java:logGet(62)) - raft.server.log.appender.buffer.byte-limit = 33554432 (custom)
2025-09-13 17:33:21,278 [36d876fb-a458-4393-963b-58eeedb8ba95-impl-thread3] INFO  server.RaftServer$Division (ServerState.java:setRaftConf(386)) - 36d876fb-a458-4393-963b-58eeedb8ba95@group-D5D0288CE997: set configuration conf: {index: 0, cur=peers:[9e23e878-9bb3-42b5-8b94-e0e229812e65|127.0.0.1:15023, 13facd30-3950-4310-8b1a-93d004abbbdd|127.0.0.1:15031, 36d876fb-a458-4393-963b-58eeedb8ba95|127.0.0.1:15015]|listeners:[], old=null}
2025-09-13 17:33:21,279 [36d876fb-a458-4393-963b-58eeedb8ba95-impl-thread3] INFO  segmented.LogSegment (LogSegment.java:loadSegment(171)) - Successfully read 16 entries from segment file /home/runner/work/ozone/ozone/hadoop-ozone/integration-test/target/test-dir/MiniOzoneClusterImpl-1331a795-ed08-415d-924a-7661a5cf51a5/ozone-metadata/datanode-1/ratis/71f8f458-3dd2-4722-a002-d5d0288ce997/current/log_inprogress_0
2025-09-13 17:33:21,279 [36d876fb-a458-4393-963b-58eeedb8ba95-impl-thread3] INFO  segmented.SegmentedRaftLogWorker (SegmentedRaftLogWorker.java:lambda$new$0(141)) - 36d876fb-a458-4393-963b-58eeedb8ba95@group-D5D0288CE997-SegmentedRaftLogWorker: flushIndex: setUnconditionally 0 -> 15
2025-09-13 17:33:21,280 [36d876fb-a458-4393-963b-58eeedb8ba95-impl-thread3] INFO  segmented.SegmentedRaftLogWorker (SegmentedRaftLogWorker.java:lambda$new$0(141)) - 36d876fb-a458-4393-963b-58eeedb8ba95@group-D5D0288CE997-SegmentedRaftLogWorker: safeCacheEvictIndex: setUnconditionally 0 -> -1
2025-09-13 17:33:21,280 [36d876fb-a458-4393-963b-58eeedb8ba95-impl-thread3] INFO  segmented.BufferedWriteChannel (BufferedWriteChannel.java:open(61)) - open log_inprogress_0 (append) at position 5985
2025-09-13 17:33:21,280 [36d876fb-a458-4393-963b-58eeedb8ba95-impl-thread2] INFO  server.RaftServer$Division (ServerState.java:setRaftConf(386)) - 36d876fb-a458-4393-963b-58eeedb8ba95@group-B4189F5888A1: set configuration conf: {index: 0, cur=peers:[36d876fb-a458-4393-963b-58eeedb8ba95|127.0.0.1:15015]|listeners:[], old=null}
2025-09-13 17:33:21,280 [36d876fb-a458-4393-963b-58eeedb8ba95-impl-thread2] INFO  segmented.LogSegment (LogSegment.java:loadSegment(171)) - Successfully read 1 entries from segment file /home/runner/work/ozone/ozone/hadoop-ozone/integration-test/target/test-dir/MiniOzoneClusterImpl-1331a795-ed08-415d-924a-7661a5cf51a5/ozone-metadata/datanode-1/ratis/5743d5ca-d5da-4592-97f7-b4189f5888a1/current/log_inprogress_0
2025-09-13 17:33:21,280 [36d876fb-a458-4393-963b-58eeedb8ba95-impl-thread2] INFO  segmented.SegmentedRaftLogWorker (SegmentedRaftLogWorker.java:lambda$new$0(141)) - 36d876fb-a458-4393-963b-58eeedb8ba95@group-B4189F5888A1-SegmentedRaftLogWorker: safeCacheEvictIndex: setUnconditionally 0 -> -1
2025-09-13 17:33:21,280 [36d876fb-a458-4393-963b-58eeedb8ba95-impl-thread2] INFO  segmented.BufferedWriteChannel (BufferedWriteChannel.java:open(61)) - open log_inprogress_0 (append) at position 129
2025-09-13 17:33:21,281 [36d876fb-a458-4393-963b-58eeedb8ba95-impl-thread3] INFO  server.RaftServer$Division (RaftServerImpl.java:start(405)) - 36d876fb-a458-4393-963b-58eeedb8ba95@group-D5D0288CE997: start as a follower, conf=conf: {index: 0, cur=peers:[9e23e878-9bb3-42b5-8b94-e0e229812e65|127.0.0.1:15023, 13facd30-3950-4310-8b1a-93d004abbbdd|127.0.0.1:15031, 36d876fb-a458-4393-963b-58eeedb8ba95|127.0.0.1:15015]|listeners:[], old=null}
2025-09-13 17:33:21,281 [36d876fb-a458-4393-963b-58eeedb8ba95-impl-thread3] INFO  server.RaftServer$Division (RaftServerImpl.java:setRole(392)) - 36d876fb-a458-4393-963b-58eeedb8ba95@group-D5D0288CE997: changes role from      null to FOLLOWER at term 1 for startAsFollower
2025-09-13 17:33:21,281 [36d876fb-a458-4393-963b-58eeedb8ba95-impl-thread3] INFO  impl.RoleInfo (RoleInfo.java:updateAndGet(148)) - 36d876fb-a458-4393-963b-58eeedb8ba95: start 36d876fb-a458-4393-963b-58eeedb8ba95@group-D5D0288CE997-FollowerState
2025-09-13 17:33:21,281 [36d876fb-a458-4393-963b-58eeedb8ba95-impl-thread1] INFO  server.RaftServerConfigKeys (ConfUtils.java:logGet(62)) - raft.server.log.appender.buffer.byte-limit = 33554432 (custom)
2025-09-13 17:33:21,282 [36d876fb-a458-4393-963b-58eeedb8ba95-impl-thread1] INFO  server.RaftServer$Division (ServerState.java:setRaftConf(386)) - 36d876fb-a458-4393-963b-58eeedb8ba95@group-CF05563D4821: set configuration conf: {index: 0, cur=peers:[9e23e878-9bb3-42b5-8b94-e0e229812e65|127.0.0.1:15023, 13facd30-3950-4310-8b1a-93d004abbbdd|127.0.0.1:15031, 36d876fb-a458-4393-963b-58eeedb8ba95|127.0.0.1:15015]|listeners:[], old=null}
2025-09-13 17:33:21,282 [36d876fb-a458-4393-963b-58eeedb8ba95-impl-thread1] INFO  segmented.LogSegment (LogSegment.java:loadSegment(171)) - Successfully read 1 entries from segment file /home/runner/work/ozone/ozone/hadoop-ozone/integration-test/target/test-dir/MiniOzoneClusterImpl-1331a795-ed08-415d-924a-7661a5cf51a5/ozone-metadata/datanode-1/ratis/59c25a4c-b008-4c23-bf2e-cf05563d4821/current/log_0-0
2025-09-13 17:33:21,282 [36d876fb-a458-4393-963b-58eeedb8ba95-impl-thread2] INFO  server.RaftServer$Division (RaftServerImpl.java:start(405)) - 36d876fb-a458-4393-963b-58eeedb8ba95@group-B4189F5888A1: start as a follower, conf=conf: {index: 0, cur=peers:[36d876fb-a458-4393-963b-58eeedb8ba95|127.0.0.1:15015]|listeners:[], old=null}
2025-09-13 17:33:21,282 [36d876fb-a458-4393-963b-58eeedb8ba95-impl-thread2] INFO  server.RaftServer$Division (RaftServerImpl.java:setRole(392)) - 36d876fb-a458-4393-963b-58eeedb8ba95@group-B4189F5888A1: changes role from      null to FOLLOWER at term 1 for startAsFollower
2025-09-13 17:33:21,282 [36d876fb-a458-4393-963b-58eeedb8ba95-impl-thread2] INFO  impl.RoleInfo (RoleInfo.java:updateAndGet(148)) - 36d876fb-a458-4393-963b-58eeedb8ba95: start 36d876fb-a458-4393-963b-58eeedb8ba95@group-B4189F5888A1-FollowerState
2025-09-13 17:33:21,283 [36d876fb-a458-4393-963b-58eeedb8ba95-impl-thread1] INFO  server.RaftServer$Division (ServerState.java:setRaftConf(386)) - 36d876fb-a458-4393-963b-58eeedb8ba95@group-CF05563D4821: set configuration conf: {index: 1, cur=peers:[9e23e878-9bb3-42b5-8b94-e0e229812e65|127.0.0.1:15023, 13facd30-3950-4310-8b1a-93d004abbbdd|127.0.0.1:15031, 36d876fb-a458-4393-963b-58eeedb8ba95|127.0.0.1:15015]|listeners:[], old=null}
2025-09-13 17:33:21,283 [36d876fb-a458-4393-963b-58eeedb8ba95-impl-thread1] INFO  segmented.LogSegment (LogSegment.java:loadSegment(171)) - Successfully read 2 entries from segment file /home/runner/work/ozone/ozone/hadoop-ozone/integration-test/target/test-dir/MiniOzoneClusterImpl-1331a795-ed08-415d-924a-7661a5cf51a5/ozone-metadata/datanode-1/ratis/59c25a4c-b008-4c23-bf2e-cf05563d4821/current/log_inprogress_1
2025-09-13 17:33:21,284 [36d876fb-a458-4393-963b-58eeedb8ba95-impl-thread1] INFO  segmented.SegmentedRaftLogWorker (SegmentedRaftLogWorker.java:lambda$new$0(141)) - 36d876fb-a458-4393-963b-58eeedb8ba95@group-CF05563D4821-SegmentedRaftLogWorker: flushIndex: setUnconditionally 0 -> 2
2025-09-13 17:33:21,284 [36d876fb-a458-4393-963b-58eeedb8ba95-impl-thread1] INFO  segmented.BufferedWriteChannel (BufferedWriteChannel.java:open(61)) - open log_inprogress_1 (append) at position 366
2025-09-13 17:33:21,284 [36d876fb-a458-4393-963b-58eeedb8ba95-impl-thread3] INFO  util.JmxRegister (JmxRegister.java:tryRegister(44)) - Successfully registered JMX Bean with object name Ratis:service=RaftServer,group=group-D5D0288CE997,id=36d876fb-a458-4393-963b-58eeedb8ba95
2025-09-13 17:33:21,285 [36d876fb-a458-4393-963b-58eeedb8ba95-impl-thread3] INFO  util.JmxRegister (JmxRegister.java:register(58)) - register mxBean class org.apache.ratis.server.impl.RaftServerJmxAdapter as Ratis:service=RaftServer,group=group-D5D0288CE997,id=36d876fb-a458-4393-963b-58eeedb8ba95
2025-09-13 17:33:21,285 [36d876fb-a458-4393-963b-58eeedb8ba95-impl-thread2] INFO  util.JmxRegister (JmxRegister.java:tryRegister(44)) - Successfully registered JMX Bean with object name Ratis:service=RaftServer,group=group-B4189F5888A1,id=36d876fb-a458-4393-963b-58eeedb8ba95
2025-09-13 17:33:21,285 [36d876fb-a458-4393-963b-58eeedb8ba95-impl-thread2] INFO  util.JmxRegister (JmxRegister.java:register(58)) - register mxBean class org.apache.ratis.server.impl.RaftServerJmxAdapter as Ratis:service=RaftServer,group=group-B4189F5888A1,id=36d876fb-a458-4393-963b-58eeedb8ba95
2025-09-13 17:33:21,286 [36d876fb-a458-4393-963b-58eeedb8ba95-impl-thread1] INFO  server.RaftServer$Division (RaftServerImpl.java:start(405)) - 36d876fb-a458-4393-963b-58eeedb8ba95@group-CF05563D4821: start as a follower, conf=conf: {index: 1, cur=peers:[9e23e878-9bb3-42b5-8b94-e0e229812e65|127.0.0.1:15023, 13facd30-3950-4310-8b1a-93d004abbbdd|127.0.0.1:15031, 36d876fb-a458-4393-963b-58eeedb8ba95|127.0.0.1:15015]|listeners:[], old=null}
2025-09-13 17:33:21,286 [36d876fb-a458-4393-963b-58eeedb8ba95-impl-thread1] INFO  server.RaftServer$Division (RaftServerImpl.java:setRole(392)) - 36d876fb-a458-4393-963b-58eeedb8ba95@group-CF05563D4821: changes role from      null to FOLLOWER at term 2 for startAsFollower
2025-09-13 17:33:21,286 [36d876fb-a458-4393-963b-58eeedb8ba95-impl-thread1] INFO  impl.RoleInfo (RoleInfo.java:updateAndGet(148)) - 36d876fb-a458-4393-963b-58eeedb8ba95: start 36d876fb-a458-4393-963b-58eeedb8ba95@group-CF05563D4821-FollowerState
2025-09-13 17:33:21,287 [36d876fb-a458-4393-963b-58eeedb8ba95-impl-thread1] INFO  util.JmxRegister (JmxRegister.java:tryRegister(44)) - Successfully registered JMX Bean with object name Ratis:service=RaftServer,group=group-CF05563D4821,id=36d876fb-a458-4393-963b-58eeedb8ba95
2025-09-13 17:33:21,287 [36d876fb-a458-4393-963b-58eeedb8ba95-impl-thread1] INFO  util.JmxRegister (JmxRegister.java:register(58)) - register mxBean class org.apache.ratis.server.impl.RaftServerJmxAdapter as Ratis:service=RaftServer,group=group-CF05563D4821,id=36d876fb-a458-4393-963b-58eeedb8ba95
2025-09-13 17:33:21,288 [36d876fb-a458-4393-963b-58eeedb8ba95-impl-thread1] INFO  server.RaftServer$Division (RaftServerImpl.java:start(419)) - 36d876fb-a458-4393-963b-58eeedb8ba95@group-CF05563D4821: Successfully started.
2025-09-13 17:33:21,288 [36d876fb-a458-4393-963b-58eeedb8ba95-impl-thread3] INFO  server.RaftServer$Division (RaftServerImpl.java:start(419)) - 36d876fb-a458-4393-963b-58eeedb8ba95@group-D5D0288CE997: Successfully started.
2025-09-13 17:33:21,289 [36d876fb-a458-4393-963b-58eeedb8ba95-impl-thread2] INFO  server.RaftServer$Division (RaftServerImpl.java:start(419)) - 36d876fb-a458-4393-963b-58eeedb8ba95@group-B4189F5888A1: Successfully started.
2025-09-13 17:33:21,289 [36d876fb-a458-4393-963b-58eeedb8ba95-EndpointStateMachineTaskThread-/0.0.0.0:15002-0 ] INFO  server.RaftServer (RaftServerProxy.java:startImpl(412)) - 36d876fb-a458-4393-963b-58eeedb8ba95: start RPC server
2025-09-13 17:33:21,289 [36d876fb-a458-4393-963b-58eeedb8ba95-EndpointStateMachineTaskThread-/0.0.0.0:15002-0 ] INFO  server.GrpcServicesImpl (GrpcServicesImpl.java:startImpl(346)) - 36d876fb-a458-4393-963b-58eeedb8ba95: GrpcServicesImpl started, listening on 15013
2025-09-13 17:33:21,289 [36d876fb-a458-4393-963b-58eeedb8ba95-EndpointStateMachineTaskThread-/0.0.0.0:15002-0 ] INFO  server.GrpcServicesImpl (GrpcServicesImpl.java:startImpl(346)) - 36d876fb-a458-4393-963b-58eeedb8ba95: GrpcServicesImpl started, listening on 15015
2025-09-13 17:33:21,290 [36d876fb-a458-4393-963b-58eeedb8ba95-EndpointStateMachineTaskThread-/0.0.0.0:15002-0 ] INFO  server.GrpcServicesImpl (GrpcServicesImpl.java:startImpl(346)) - 36d876fb-a458-4393-963b-58eeedb8ba95: GrpcServicesImpl started, listening on 15014
2025-09-13 17:33:21,290 [36d876fb-a458-4393-963b-58eeedb8ba95-EndpointStateMachineTaskThread-/0.0.0.0:15002-0 ] INFO  ratis.XceiverServerRatis (XceiverServerRatis.java:getRealPort(587)) - XceiverServerRatis(36d876fb-a458-4393-963b-58eeedb8ba95) is started using port RATIS=15013
2025-09-13 17:33:21,290 [36d876fb-a458-4393-963b-58eeedb8ba95-EndpointStateMachineTaskThread-/0.0.0.0:15002-0 ] INFO  ratis.XceiverServerRatis (XceiverServerRatis.java:getRealPort(587)) - XceiverServerRatis(36d876fb-a458-4393-963b-58eeedb8ba95) is started using port RATIS_ADMIN=15014
2025-09-13 17:33:21,290 [36d876fb-a458-4393-963b-58eeedb8ba95-EndpointStateMachineTaskThread-/0.0.0.0:15002-0 ] INFO  ratis.XceiverServerRatis (XceiverServerRatis.java:getRealPort(587)) - XceiverServerRatis(36d876fb-a458-4393-963b-58eeedb8ba95) is started using port RATIS_SERVER=15015
2025-09-13 17:33:21,290 [36d876fb-a458-4393-963b-58eeedb8ba95-EndpointStateMachineTaskThread-/0.0.0.0:15002-0 ] INFO  ratis.XceiverServerRatis (XceiverServerRatis.java:getRealPort(587)) - XceiverServerRatis(36d876fb-a458-4393-963b-58eeedb8ba95) is started using port RATIS_DATASTREAM=15016
2025-09-13 17:33:21,290 [JvmPauseMonitor16] INFO  util.JvmPauseMonitor (JvmPauseMonitor.java:run(146)) - JvmPauseMonitor-36d876fb-a458-4393-963b-58eeedb8ba95: Started
2025-09-13 17:33:21,291 [36d876fb-a458-4393-963b-58eeedb8ba95-EndpointStateMachineTaskThread-/0.0.0.0:15002-0 ] INFO  utils.BackgroundService (BackgroundService.java:start(119)) - Starting service BlockDeletingService with interval 60000 milliseconds
2025-09-13 17:33:21,291 [36d876fb-a458-4393-963b-58eeedb8ba95-EndpointStateMachineTaskThread-/0.0.0.0:15002-0 ] INFO  utils.BackgroundService (BackgroundService.java:start(119)) - Starting service StaleRecoveringContainerScrubbingService with interval 60000 milliseconds
2025-09-13 17:33:21,740 [9e23e878-9bb3-42b5-8b94-e0e229812e65@group-CF05563D4821-FollowerState] INFO  impl.FollowerState (FollowerState.java:runImpl(161)) - 9e23e878-9bb3-42b5-8b94-e0e229812e65@group-CF05563D4821-FollowerState: change to CANDIDATE, lastRpcElapsedTime:1033542206ns, electionTimeout:1033ms
2025-09-13 17:33:21,740 [9e23e878-9bb3-42b5-8b94-e0e229812e65@group-CF05563D4821-FollowerState] INFO  impl.RoleInfo (RoleInfo.java:shutdownFollowerState(121)) - 9e23e878-9bb3-42b5-8b94-e0e229812e65: shutdown 9e23e878-9bb3-42b5-8b94-e0e229812e65@group-CF05563D4821-FollowerState
2025-09-13 17:33:21,740 [9e23e878-9bb3-42b5-8b94-e0e229812e65@group-CF05563D4821-FollowerState] INFO  server.RaftServer$Division (RaftServerImpl.java:setRole(392)) - 9e23e878-9bb3-42b5-8b94-e0e229812e65@group-CF05563D4821: changes role from  FOLLOWER to CANDIDATE at term 2 for changeToCandidate
2025-09-13 17:33:21,740 [9e23e878-9bb3-42b5-8b94-e0e229812e65@group-CF05563D4821-FollowerState] INFO  impl.RoleInfo (RoleInfo.java:updateAndGet(148)) - 9e23e878-9bb3-42b5-8b94-e0e229812e65: start 9e23e878-9bb3-42b5-8b94-e0e229812e65@group-CF05563D4821-LeaderElection212
2025-09-13 17:33:21,740 [9e23e878-9bb3-42b5-8b94-e0e229812e65@group-CF05563D4821-LeaderElection212] INFO  impl.LeaderElection (LeaderElection.java:askForVotes(448)) - 9e23e878-9bb3-42b5-8b94-e0e229812e65@group-CF05563D4821-LeaderElection212 PRE_VOTE round 0: submit vote requests at term 2 for conf: {index: 1, cur=peers:[9e23e878-9bb3-42b5-8b94-e0e229812e65|127.0.0.1:15023, 13facd30-3950-4310-8b1a-93d004abbbdd|127.0.0.1:15031, 36d876fb-a458-4393-963b-58eeedb8ba95|127.0.0.1:15015]|listeners:[], old=null}
2025-09-13 17:33:21,741 [9e23e878-9bb3-42b5-8b94-e0e229812e65@group-CF05563D4821-LeaderElection212] INFO  impl.LeaderElection (LogUtils.java:infoOrTrace(142)) - 9e23e878-9bb3-42b5-8b94-e0e229812e65@group-CF05563D4821-LeaderElection212 got exception when requesting votes: java.util.concurrent.ExecutionException: org.apache.ratis.thirdparty.io.grpc.StatusRuntimeException: UNAVAILABLE: io exception
2025-09-13 17:33:21,741 [9e23e878-9bb3-42b5-8b94-e0e229812e65@group-CF05563D4821-LeaderElection212] INFO  impl.LeaderElection (LogUtils.java:infoOrTrace(142)) - 9e23e878-9bb3-42b5-8b94-e0e229812e65@group-CF05563D4821-LeaderElection212 got exception when requesting votes: java.util.concurrent.ExecutionException: org.apache.ratis.thirdparty.io.grpc.StatusRuntimeException: UNAVAILABLE: io exception
2025-09-13 17:33:21,741 [9e23e878-9bb3-42b5-8b94-e0e229812e65@group-CF05563D4821-LeaderElection212] INFO  impl.LeaderElection (LeaderElection.java:logAndReturn(206)) - 9e23e878-9bb3-42b5-8b94-e0e229812e65@group-CF05563D4821-LeaderElection212: PRE_VOTE REJECTED received 0 response(s) and 2 exception(s):
2025-09-13 17:33:21,741 [9e23e878-9bb3-42b5-8b94-e0e229812e65@group-CF05563D4821-LeaderElection212] INFO  impl.LeaderElection (LogUtils.java:infoOrTrace(142)) -   Exception 0: java.util.concurrent.ExecutionException: org.apache.ratis.thirdparty.io.grpc.StatusRuntimeException: UNAVAILABLE: io exception
2025-09-13 17:33:21,741 [9e23e878-9bb3-42b5-8b94-e0e229812e65@group-CF05563D4821-LeaderElection212] INFO  impl.LeaderElection (LogUtils.java:infoOrTrace(142)) -   Exception 1: java.util.concurrent.ExecutionException: org.apache.ratis.thirdparty.io.grpc.StatusRuntimeException: UNAVAILABLE: io exception
2025-09-13 17:33:21,741 [9e23e878-9bb3-42b5-8b94-e0e229812e65@group-CF05563D4821-LeaderElection212] INFO  impl.LeaderElection (LeaderElection.java:askForVotes(450)) - 9e23e878-9bb3-42b5-8b94-e0e229812e65@group-CF05563D4821-LeaderElection212 PRE_VOTE round 0: result REJECTED
2025-09-13 17:33:21,741 [9e23e878-9bb3-42b5-8b94-e0e229812e65@group-CF05563D4821-LeaderElection212] INFO  server.RaftServer$Division (RaftServerImpl.java:setRole(392)) - 9e23e878-9bb3-42b5-8b94-e0e229812e65@group-CF05563D4821: changes role from CANDIDATE to FOLLOWER at term 2 for REJECTED
2025-09-13 17:33:21,741 [9e23e878-9bb3-42b5-8b94-e0e229812e65@group-CF05563D4821-LeaderElection212] INFO  impl.RoleInfo (RoleInfo.java:shutdownLeaderElection(141)) - 9e23e878-9bb3-42b5-8b94-e0e229812e65: shutdown 9e23e878-9bb3-42b5-8b94-e0e229812e65@group-CF05563D4821-LeaderElection212
2025-09-13 17:33:21,741 [9e23e878-9bb3-42b5-8b94-e0e229812e65@group-CF05563D4821-LeaderElection212] INFO  impl.RoleInfo (RoleInfo.java:updateAndGet(148)) - 9e23e878-9bb3-42b5-8b94-e0e229812e65: start 9e23e878-9bb3-42b5-8b94-e0e229812e65@group-CF05563D4821-FollowerState
2025-09-13 17:33:22,113 [13facd30-3950-4310-8b1a-93d004abbbdd@group-C6159B6E7E4C-FollowerState] INFO  impl.FollowerState (FollowerState.java:runImpl(161)) - 13facd30-3950-4310-8b1a-93d004abbbdd@group-C6159B6E7E4C-FollowerState: change to CANDIDATE, lastRpcElapsedTime:1078557087ns, electionTimeout:1078ms
2025-09-13 17:33:22,113 [13facd30-3950-4310-8b1a-93d004abbbdd@group-C6159B6E7E4C-FollowerState] INFO  impl.RoleInfo (RoleInfo.java:shutdownFollowerState(121)) - 13facd30-3950-4310-8b1a-93d004abbbdd: shutdown 13facd30-3950-4310-8b1a-93d004abbbdd@group-C6159B6E7E4C-FollowerState
2025-09-13 17:33:22,113 [13facd30-3950-4310-8b1a-93d004abbbdd@group-C6159B6E7E4C-FollowerState] INFO  server.RaftServer$Division (RaftServerImpl.java:setRole(392)) - 13facd30-3950-4310-8b1a-93d004abbbdd@group-C6159B6E7E4C: changes role from  FOLLOWER to CANDIDATE at term 1 for changeToCandidate
2025-09-13 17:33:22,113 [13facd30-3950-4310-8b1a-93d004abbbdd@group-C6159B6E7E4C-FollowerState] INFO  impl.RoleInfo (RoleInfo.java:updateAndGet(148)) - 13facd30-3950-4310-8b1a-93d004abbbdd: start 13facd30-3950-4310-8b1a-93d004abbbdd@group-C6159B6E7E4C-LeaderElection213
2025-09-13 17:33:22,114 [13facd30-3950-4310-8b1a-93d004abbbdd@group-C6159B6E7E4C-LeaderElection213] INFO  impl.LeaderElection (LeaderElection.java:askForVotes(448)) - 13facd30-3950-4310-8b1a-93d004abbbdd@group-C6159B6E7E4C-LeaderElection213 PRE_VOTE round 0: submit vote requests at term 1 for conf: {index: 0, cur=peers:[13facd30-3950-4310-8b1a-93d004abbbdd|127.0.0.1:15031]|listeners:[], old=null}
2025-09-13 17:33:22,114 [13facd30-3950-4310-8b1a-93d004abbbdd@group-C6159B6E7E4C-LeaderElection213] INFO  impl.LeaderElection (LeaderElection.java:askForVotes(450)) - 13facd30-3950-4310-8b1a-93d004abbbdd@group-C6159B6E7E4C-LeaderElection213 PRE_VOTE round 0: result PASSED (term=1)
2025-09-13 17:33:22,115 [13facd30-3950-4310-8b1a-93d004abbbdd@group-C6159B6E7E4C-LeaderElection213] INFO  impl.LeaderElection (LeaderElection.java:askForVotes(448)) - 13facd30-3950-4310-8b1a-93d004abbbdd@group-C6159B6E7E4C-LeaderElection213 ELECTION round 0: submit vote requests at term 2 for conf: {index: 0, cur=peers:[13facd30-3950-4310-8b1a-93d004abbbdd|127.0.0.1:15031]|listeners:[], old=null}
2025-09-13 17:33:22,115 [13facd30-3950-4310-8b1a-93d004abbbdd@group-C6159B6E7E4C-LeaderElection213] INFO  impl.LeaderElection (LeaderElection.java:askForVotes(450)) - 13facd30-3950-4310-8b1a-93d004abbbdd@group-C6159B6E7E4C-LeaderElection213 ELECTION round 0: result PASSED (term=2)
2025-09-13 17:33:22,115 [13facd30-3950-4310-8b1a-93d004abbbdd@group-C6159B6E7E4C-LeaderElection213] INFO  impl.RoleInfo (RoleInfo.java:shutdownLeaderElection(141)) - 13facd30-3950-4310-8b1a-93d004abbbdd: shutdown 13facd30-3950-4310-8b1a-93d004abbbdd@group-C6159B6E7E4C-LeaderElection213
2025-09-13 17:33:22,115 [13facd30-3950-4310-8b1a-93d004abbbdd@group-C6159B6E7E4C-LeaderElection213] INFO  server.RaftServer$Division (RaftServerImpl.java:setRole(392)) - 13facd30-3950-4310-8b1a-93d004abbbdd@group-C6159B6E7E4C: changes role from CANDIDATE to LEADER at term 2 for changeToLeader
2025-09-13 17:33:22,115 [13facd30-3950-4310-8b1a-93d004abbbdd@group-C6159B6E7E4C-LeaderElection213] INFO  server.RaftServerConfigKeys (ConfUtils.java:logFallback(69)) - raft.server.staging.timeout = 3600ms (fallback to raft.server.rpc.timeout.max)
2025-09-13 17:33:22,115 [13facd30-3950-4310-8b1a-93d004abbbdd@group-C6159B6E7E4C-LeaderElection213] INFO  server.RaftServerConfigKeys (ConfUtils.java:logGet(62)) - raft.server.write.byte-limit = 1024 M (=1073741824) (custom)
2025-09-13 17:33:22,116 [13facd30-3950-4310-8b1a-93d004abbbdd@group-C6159B6E7E4C-LeaderElection213] INFO  impl.RoleInfo (RoleInfo.java:updateAndGet(148)) - 13facd30-3950-4310-8b1a-93d004abbbdd: start 13facd30-3950-4310-8b1a-93d004abbbdd@group-C6159B6E7E4C-LeaderStateImpl
2025-09-13 17:33:22,116 [13facd30-3950-4310-8b1a-93d004abbbdd@group-C6159B6E7E4C-LeaderElection213] INFO  server.RaftServer$Division (RaftServerImpl.java:setFirstElection(576)) - 13facd30-3950-4310-8b1a-93d004abbbdd@group-C6159B6E7E4C: set firstElectionSinceStartup to false for becomeLeader
2025-09-13 17:33:22,116 [13facd30-3950-4310-8b1a-93d004abbbdd@group-C6159B6E7E4C-LeaderElection213] INFO  ratis.XceiverServerRatis (XceiverServerRatis.java:handleLeaderChangedNotification(932)) - Leader change notification received for group: group-C6159B6E7E4C with new leaderId: 13facd30-3950-4310-8b1a-93d004abbbdd
2025-09-13 17:33:22,116 [13facd30-3950-4310-8b1a-93d004abbbdd@group-C6159B6E7E4C-LeaderElection213] INFO  server.RaftServer$Division (ServerState.java:setLeader(272)) - 13facd30-3950-4310-8b1a-93d004abbbdd@group-C6159B6E7E4C: change Leader from null to 13facd30-3950-4310-8b1a-93d004abbbdd at term 2 for becomeLeader, leader elected after 1793ms
2025-09-13 17:33:22,116 [13facd30-3950-4310-8b1a-93d004abbbdd@group-C6159B6E7E4C-LeaderElection213] INFO  segmented.SegmentedRaftLogWorker (SegmentedRaftLogWorker.java:rollLogSegment(445)) - 13facd30-3950-4310-8b1a-93d004abbbdd@group-C6159B6E7E4C-SegmentedRaftLogWorker: Rolling segment log-0_0 to index:0
2025-09-13 17:33:22,117 [13facd30-3950-4310-8b1a-93d004abbbdd@group-C6159B6E7E4C-LeaderElection213] INFO  server.RaftServer$Division (ServerState.java:setRaftConf(386)) - 13facd30-3950-4310-8b1a-93d004abbbdd@group-C6159B6E7E4C: set configuration conf: {index: 1, cur=peers:[13facd30-3950-4310-8b1a-93d004abbbdd|127.0.0.1:15031]|listeners:[], old=null}
2025-09-13 17:33:22,117 [13facd30-3950-4310-8b1a-93d004abbbdd@group-C6159B6E7E4C-SegmentedRaftLogWorker] INFO  segmented.SegmentedRaftLogWorker (SegmentedRaftLogWorker.java:execute(604)) - 13facd30-3950-4310-8b1a-93d004abbbdd@group-C6159B6E7E4C-SegmentedRaftLogWorker: Rolled log segment from /home/runner/work/ozone/ozone/hadoop-ozone/integration-test/target/test-dir/MiniOzoneClusterImpl-1331a795-ed08-415d-924a-7661a5cf51a5/ozone-metadata/datanode-3/ratis/f7fa2a76-8c89-4e33-b3f9-c6159b6e7e4c/current/log_inprogress_0 to /home/runner/work/ozone/ozone/hadoop-ozone/integration-test/target/test-dir/MiniOzoneClusterImpl-1331a795-ed08-415d-924a-7661a5cf51a5/ozone-metadata/datanode-3/ratis/f7fa2a76-8c89-4e33-b3f9-c6159b6e7e4c/current/log_0-0
2025-09-13 17:33:22,117 [13facd30-3950-4310-8b1a-93d004abbbdd@group-C6159B6E7E4C-SegmentedRaftLogWorker] INFO  segmented.BufferedWriteChannel (BufferedWriteChannel.java:open(61)) - open log_inprogress_1 at position 0
2025-09-13 17:33:22,122 [13facd30-3950-4310-8b1a-93d004abbbdd@group-C6159B6E7E4C-SegmentedRaftLogWorker] INFO  segmented.SegmentedRaftLogWorker (SegmentedRaftLogWorker.java:execute(647)) - 13facd30-3950-4310-8b1a-93d004abbbdd@group-C6159B6E7E4C-SegmentedRaftLogWorker: created new log segment /home/runner/work/ozone/ozone/hadoop-ozone/integration-test/target/test-dir/MiniOzoneClusterImpl-1331a795-ed08-415d-924a-7661a5cf51a5/ozone-metadata/datanode-3/ratis/f7fa2a76-8c89-4e33-b3f9-c6159b6e7e4c/current/log_inprogress_1
2025-09-13 17:33:22,124 [13facd30-3950-4310-8b1a-93d004abbbdd@group-C6159B6E7E4C-StateMachineUpdater] INFO  server.RaftServer$Division (LeaderStateImpl.java:checkStartIndex(309)) - Leader 13facd30-3950-4310-8b1a-93d004abbbdd@group-C6159B6E7E4C-LeaderStateImpl is ready since appliedIndex == startIndex == 1
2025-09-13 17:33:22,180 [13facd30-3950-4310-8b1a-93d004abbbdd@group-D5D0288CE997-FollowerState] INFO  impl.FollowerState (FollowerState.java:runImpl(161)) - 13facd30-3950-4310-8b1a-93d004abbbdd@group-D5D0288CE997-FollowerState: change to CANDIDATE, lastRpcElapsedTime:1146876169ns, electionTimeout:1146ms
2025-09-13 17:33:22,180 [13facd30-3950-4310-8b1a-93d004abbbdd@group-D5D0288CE997-FollowerState] INFO  impl.RoleInfo (RoleInfo.java:shutdownFollowerState(121)) - 13facd30-3950-4310-8b1a-93d004abbbdd: shutdown 13facd30-3950-4310-8b1a-93d004abbbdd@group-D5D0288CE997-FollowerState
2025-09-13 17:33:22,180 [13facd30-3950-4310-8b1a-93d004abbbdd@group-D5D0288CE997-FollowerState] INFO  server.RaftServer$Division (RaftServerImpl.java:setRole(392)) - 13facd30-3950-4310-8b1a-93d004abbbdd@group-D5D0288CE997: changes role from  FOLLOWER to CANDIDATE at term 1 for changeToCandidate
2025-09-13 17:33:22,180 [13facd30-3950-4310-8b1a-93d004abbbdd@group-D5D0288CE997-FollowerState] INFO  impl.RoleInfo (RoleInfo.java:updateAndGet(148)) - 13facd30-3950-4310-8b1a-93d004abbbdd: start 13facd30-3950-4310-8b1a-93d004abbbdd@group-D5D0288CE997-LeaderElection214
2025-09-13 17:33:22,181 [13facd30-3950-4310-8b1a-93d004abbbdd@group-D5D0288CE997-LeaderElection214] INFO  impl.LeaderElection (LeaderElection.java:askForVotes(448)) - 13facd30-3950-4310-8b1a-93d004abbbdd@group-D5D0288CE997-LeaderElection214 PRE_VOTE round 0: submit vote requests at term 1 for conf: {index: 0, cur=peers:[9e23e878-9bb3-42b5-8b94-e0e229812e65|127.0.0.1:15023, 13facd30-3950-4310-8b1a-93d004abbbdd|127.0.0.1:15031, 36d876fb-a458-4393-963b-58eeedb8ba95|127.0.0.1:15015]|listeners:[], old=null}
2025-09-13 17:33:22,181 [13facd30-3950-4310-8b1a-93d004abbbdd@group-D5D0288CE997-LeaderElection214-1] INFO  server.GrpcServerProtocolClient (GrpcServerProtocolClient.java:<init>(65)) - Build channel for 9e23e878-9bb3-42b5-8b94-e0e229812e65|127.0.0.1:15023
2025-09-13 17:33:22,181 [13facd30-3950-4310-8b1a-93d004abbbdd@group-D5D0288CE997-LeaderElection214-2] INFO  server.GrpcServerProtocolClient (GrpcServerProtocolClient.java:<init>(65)) - Build channel for 36d876fb-a458-4393-963b-58eeedb8ba95|127.0.0.1:15015
2025-09-13 17:33:22,187 [grpc-default-executor-8] INFO  server.RaftServer$Division (RaftServerImpl.java:requestVote(1421)) - 9e23e878-9bb3-42b5-8b94-e0e229812e65@group-D5D0288CE997: receive requestVote(PRE_VOTE, 13facd30-3950-4310-8b1a-93d004abbbdd, group-D5D0288CE997, 1, (t:1, i:15))
2025-09-13 17:33:22,187 [grpc-default-executor-9] INFO  server.RaftServer$Division (RaftServerImpl.java:requestVote(1421)) - 36d876fb-a458-4393-963b-58eeedb8ba95@group-D5D0288CE997: receive requestVote(PRE_VOTE, 13facd30-3950-4310-8b1a-93d004abbbdd, group-D5D0288CE997, 1, (t:1, i:15))
2025-09-13 17:33:22,187 [grpc-default-executor-8] INFO  impl.VoteContext (VoteContext.java:log(49)) - 9e23e878-9bb3-42b5-8b94-e0e229812e65@group-D5D0288CE997-FOLLOWER: accept PRE_VOTE from 13facd30-3950-4310-8b1a-93d004abbbdd: our priority 0 <= candidate's priority 0
2025-09-13 17:33:22,187 [grpc-default-executor-9] INFO  impl.VoteContext (VoteContext.java:log(49)) - 36d876fb-a458-4393-963b-58eeedb8ba95@group-D5D0288CE997-FOLLOWER: reject PRE_VOTE from 13facd30-3950-4310-8b1a-93d004abbbdd: our priority 1 > candidate's priority 0
2025-09-13 17:33:22,187 [grpc-default-executor-9] INFO  server.RaftServer$Division (RaftServerImpl.java:requestVote(1455)) - 36d876fb-a458-4393-963b-58eeedb8ba95@group-D5D0288CE997 replies to PRE_VOTE vote request: 13facd30-3950-4310-8b1a-93d004abbbdd<-36d876fb-a458-4393-963b-58eeedb8ba95#0:FAIL-t1-last:(t:1, i:15). Peer's state: 36d876fb-a458-4393-963b-58eeedb8ba95@group-D5D0288CE997:t1, leader=null, voted=36d876fb-a458-4393-963b-58eeedb8ba95, raftlog=Memoized:36d876fb-a458-4393-963b-58eeedb8ba95@group-D5D0288CE997-SegmentedRaftLog:OPENED:c15:last(t:1, i:15), conf=conf: {index: 0, cur=peers:[9e23e878-9bb3-42b5-8b94-e0e229812e65|127.0.0.1:15023, 13facd30-3950-4310-8b1a-93d004abbbdd|127.0.0.1:15031, 36d876fb-a458-4393-963b-58eeedb8ba95|127.0.0.1:15015]|listeners:[], old=null}
2025-09-13 17:33:22,187 [grpc-default-executor-8] INFO  server.RaftServer$Division (RaftServerImpl.java:requestVote(1455)) - 9e23e878-9bb3-42b5-8b94-e0e229812e65@group-D5D0288CE997 replies to PRE_VOTE vote request: 13facd30-3950-4310-8b1a-93d004abbbdd<-9e23e878-9bb3-42b5-8b94-e0e229812e65#0:OK-t1-last:(t:1, i:15). Peer's state: 9e23e878-9bb3-42b5-8b94-e0e229812e65@group-D5D0288CE997:t1, leader=null, voted=36d876fb-a458-4393-963b-58eeedb8ba95, raftlog=Memoized:9e23e878-9bb3-42b5-8b94-e0e229812e65@group-D5D0288CE997-SegmentedRaftLog:OPENED:c15:last(t:1, i:15), conf=conf: {index: 0, cur=peers:[9e23e878-9bb3-42b5-8b94-e0e229812e65|127.0.0.1:15023, 13facd30-3950-4310-8b1a-93d004abbbdd|127.0.0.1:15031, 36d876fb-a458-4393-963b-58eeedb8ba95|127.0.0.1:15015]|listeners:[], old=null}
2025-09-13 17:33:22,188 [13facd30-3950-4310-8b1a-93d004abbbdd@group-D5D0288CE997-LeaderElection214] INFO  impl.LeaderElection (LeaderElection.java:logAndReturn(206)) - 13facd30-3950-4310-8b1a-93d004abbbdd@group-D5D0288CE997-LeaderElection214: PRE_VOTE REJECTED received 1 response(s) and 0 exception(s):
2025-09-13 17:33:22,188 [13facd30-3950-4310-8b1a-93d004abbbdd@group-D5D0288CE997-LeaderElection214] INFO  impl.LeaderElection (LeaderElection.java:logAndReturn(210)) -   Response 0: 13facd30-3950-4310-8b1a-93d004abbbdd<-36d876fb-a458-4393-963b-58eeedb8ba95#0:FAIL-t1-last:(t:1, i:15)
2025-09-13 17:33:22,188 [13facd30-3950-4310-8b1a-93d004abbbdd@group-D5D0288CE997-LeaderElection214] INFO  impl.LeaderElection (LeaderElection.java:askForVotes(450)) - 13facd30-3950-4310-8b1a-93d004abbbdd@group-D5D0288CE997-LeaderElection214 PRE_VOTE round 0: result REJECTED
2025-09-13 17:33:22,188 [13facd30-3950-4310-8b1a-93d004abbbdd@group-D5D0288CE997-LeaderElection214] INFO  server.RaftServer$Division (RaftServerImpl.java:setRole(392)) - 13facd30-3950-4310-8b1a-93d004abbbdd@group-D5D0288CE997: changes role from CANDIDATE to FOLLOWER at term 1 for REJECTED
2025-09-13 17:33:22,188 [13facd30-3950-4310-8b1a-93d004abbbdd@group-D5D0288CE997-LeaderElection214] INFO  impl.RoleInfo (RoleInfo.java:shutdownLeaderElection(141)) - 13facd30-3950-4310-8b1a-93d004abbbdd: shutdown 13facd30-3950-4310-8b1a-93d004abbbdd@group-D5D0288CE997-LeaderElection214
2025-09-13 17:33:22,188 [13facd30-3950-4310-8b1a-93d004abbbdd@group-D5D0288CE997-LeaderElection214] INFO  impl.RoleInfo (RoleInfo.java:updateAndGet(148)) - 13facd30-3950-4310-8b1a-93d004abbbdd: start 13facd30-3950-4310-8b1a-93d004abbbdd@group-D5D0288CE997-FollowerState
2025-09-13 17:33:22,188 [13facd30-3950-4310-8b1a-93d004abbbdd@group-D5D0288CE997-LeaderElection214] INFO  server.RaftServer$Division (RaftServerImpl.java:setFirstElection(576)) - 13facd30-3950-4310-8b1a-93d004abbbdd@group-D5D0288CE997: set firstElectionSinceStartup to false for REJECTED
2025-09-13 17:33:22,222 [13facd30-3950-4310-8b1a-93d004abbbdd@group-CF05563D4821-FollowerState] INFO  impl.FollowerState (FollowerState.java:runImpl(161)) - 13facd30-3950-4310-8b1a-93d004abbbdd@group-CF05563D4821-FollowerState: change to CANDIDATE, lastRpcElapsedTime:1188780537ns, electionTimeout:1188ms
2025-09-13 17:33:22,222 [13facd30-3950-4310-8b1a-93d004abbbdd@group-CF05563D4821-FollowerState] INFO  impl.RoleInfo (RoleInfo.java:shutdownFollowerState(121)) - 13facd30-3950-4310-8b1a-93d004abbbdd: shutdown 13facd30-3950-4310-8b1a-93d004abbbdd@group-CF05563D4821-FollowerState
2025-09-13 17:33:22,222 [13facd30-3950-4310-8b1a-93d004abbbdd@group-CF05563D4821-FollowerState] INFO  server.RaftServer$Division (RaftServerImpl.java:setRole(392)) - 13facd30-3950-4310-8b1a-93d004abbbdd@group-CF05563D4821: changes role from  FOLLOWER to CANDIDATE at term 1 for changeToCandidate
2025-09-13 17:33:22,222 [13facd30-3950-4310-8b1a-93d004abbbdd@group-CF05563D4821-FollowerState] INFO  impl.RoleInfo (RoleInfo.java:updateAndGet(148)) - 13facd30-3950-4310-8b1a-93d004abbbdd: start 13facd30-3950-4310-8b1a-93d004abbbdd@group-CF05563D4821-LeaderElection215
2025-09-13 17:33:22,223 [13facd30-3950-4310-8b1a-93d004abbbdd@group-CF05563D4821-LeaderElection215] INFO  impl.LeaderElection (LeaderElection.java:askForVotes(448)) - 13facd30-3950-4310-8b1a-93d004abbbdd@group-CF05563D4821-LeaderElection215 PRE_VOTE round 0: submit vote requests at term 1 for conf: {index: 0, cur=peers:[9e23e878-9bb3-42b5-8b94-e0e229812e65|127.0.0.1:15023, 13facd30-3950-4310-8b1a-93d004abbbdd|127.0.0.1:15031, 36d876fb-a458-4393-963b-58eeedb8ba95|127.0.0.1:15015]|listeners:[], old=null}
2025-09-13 17:33:22,224 [grpc-default-executor-9] INFO  server.RaftServer$Division (RaftServerImpl.java:requestVote(1421)) - 9e23e878-9bb3-42b5-8b94-e0e229812e65@group-CF05563D4821: receive requestVote(PRE_VOTE, 13facd30-3950-4310-8b1a-93d004abbbdd, group-CF05563D4821, 1, (t:1, i:0))
2025-09-13 17:33:22,224 [grpc-default-executor-8] INFO  server.RaftServer$Division (RaftServerImpl.java:requestVote(1421)) - 36d876fb-a458-4393-963b-58eeedb8ba95@group-CF05563D4821: receive requestVote(PRE_VOTE, 13facd30-3950-4310-8b1a-93d004abbbdd, group-CF05563D4821, 1, (t:1, i:0))
2025-09-13 17:33:22,224 [grpc-default-executor-9] INFO  impl.VoteContext (VoteContext.java:log(49)) - 9e23e878-9bb3-42b5-8b94-e0e229812e65@group-CF05563D4821-FOLLOWER: reject PRE_VOTE from 13facd30-3950-4310-8b1a-93d004abbbdd: our last entry (t:2, i:2) > candidate's last entry (t:1, i:0)
2025-09-13 17:33:22,224 [grpc-default-executor-8] INFO  impl.VoteContext (VoteContext.java:log(49)) - 36d876fb-a458-4393-963b-58eeedb8ba95@group-CF05563D4821-FOLLOWER: reject PRE_VOTE from 13facd30-3950-4310-8b1a-93d004abbbdd: our last entry (t:2, i:2) > candidate's last entry (t:1, i:0)
2025-09-13 17:33:22,224 [grpc-default-executor-8] INFO  server.RaftServer$Division (RaftServerImpl.java:requestVote(1455)) - 36d876fb-a458-4393-963b-58eeedb8ba95@group-CF05563D4821 replies to PRE_VOTE vote request: 13facd30-3950-4310-8b1a-93d004abbbdd<-36d876fb-a458-4393-963b-58eeedb8ba95#0:FAIL-t2-last:(t:2, i:2). Peer's state: 36d876fb-a458-4393-963b-58eeedb8ba95@group-CF05563D4821:t2, leader=null, voted=36d876fb-a458-4393-963b-58eeedb8ba95, raftlog=Memoized:36d876fb-a458-4393-963b-58eeedb8ba95@group-CF05563D4821-SegmentedRaftLog:OPENED:c2:last(t:2, i:2), conf=conf: {index: 1, cur=peers:[9e23e878-9bb3-42b5-8b94-e0e229812e65|127.0.0.1:15023, 13facd30-3950-4310-8b1a-93d004abbbdd|127.0.0.1:15031, 36d876fb-a458-4393-963b-58eeedb8ba95|127.0.0.1:15015]|listeners:[], old=null}
2025-09-13 17:33:22,224 [grpc-default-executor-9] INFO  server.RaftServer$Division (RaftServerImpl.java:requestVote(1455)) - 9e23e878-9bb3-42b5-8b94-e0e229812e65@group-CF05563D4821 replies to PRE_VOTE vote request: 13facd30-3950-4310-8b1a-93d004abbbdd<-9e23e878-9bb3-42b5-8b94-e0e229812e65#0:FAIL-t2-last:(t:2, i:2). Peer's state: 9e23e878-9bb3-42b5-8b94-e0e229812e65@group-CF05563D4821:t2, leader=null, voted=36d876fb-a458-4393-963b-58eeedb8ba95, raftlog=Memoized:9e23e878-9bb3-42b5-8b94-e0e229812e65@group-CF05563D4821-SegmentedRaftLog:OPENED:c2:last(t:2, i:2), conf=conf: {index: 1, cur=peers:[9e23e878-9bb3-42b5-8b94-e0e229812e65|127.0.0.1:15023, 13facd30-3950-4310-8b1a-93d004abbbdd|127.0.0.1:15031, 36d876fb-a458-4393-963b-58eeedb8ba95|127.0.0.1:15015]|listeners:[], old=null}
2025-09-13 17:33:22,225 [13facd30-3950-4310-8b1a-93d004abbbdd@group-CF05563D4821-LeaderElection215] INFO  impl.LeaderElection (LeaderElection.java:logAndReturn(206)) - 13facd30-3950-4310-8b1a-93d004abbbdd@group-CF05563D4821-LeaderElection215: PRE_VOTE DISCOVERED_A_NEW_TERM (term=2) received 1 response(s) and 0 exception(s):
2025-09-13 17:33:22,225 [13facd30-3950-4310-8b1a-93d004abbbdd@group-CF05563D4821-LeaderElection215] INFO  impl.LeaderElection (LeaderElection.java:logAndReturn(210)) -   Response 0: 13facd30-3950-4310-8b1a-93d004abbbdd<-9e23e878-9bb3-42b5-8b94-e0e229812e65#0:FAIL-t2-last:(t:2, i:2)
2025-09-13 17:33:22,225 [13facd30-3950-4310-8b1a-93d004abbbdd@group-CF05563D4821-LeaderElection215] INFO  impl.LeaderElection (LeaderElection.java:askForVotes(450)) - 13facd30-3950-4310-8b1a-93d004abbbdd@group-CF05563D4821-LeaderElection215 PRE_VOTE round 0: result DISCOVERED_A_NEW_TERM (term=2)
2025-09-13 17:33:22,225 [13facd30-3950-4310-8b1a-93d004abbbdd@group-CF05563D4821-LeaderElection215] INFO  server.RaftServer$Division (RaftServerImpl.java:setRole(392)) - 13facd30-3950-4310-8b1a-93d004abbbdd@group-CF05563D4821: changes role from CANDIDATE to FOLLOWER at term 1 for DISCOVERED_A_NEW_TERM (term=2)
2025-09-13 17:33:22,225 [13facd30-3950-4310-8b1a-93d004abbbdd@group-CF05563D4821-LeaderElection215] INFO  impl.RoleInfo (RoleInfo.java:shutdownLeaderElection(141)) - 13facd30-3950-4310-8b1a-93d004abbbdd: shutdown 13facd30-3950-4310-8b1a-93d004abbbdd@group-CF05563D4821-LeaderElection215
2025-09-13 17:33:22,225 [13facd30-3950-4310-8b1a-93d004abbbdd@group-CF05563D4821-LeaderElection215] INFO  impl.RoleInfo (RoleInfo.java:updateAndGet(148)) - 13facd30-3950-4310-8b1a-93d004abbbdd: start 13facd30-3950-4310-8b1a-93d004abbbdd@group-CF05563D4821-FollowerState
2025-09-13 17:33:22,225 [13facd30-3950-4310-8b1a-93d004abbbdd@group-CF05563D4821-LeaderElection215] INFO  server.RaftServer$Division (RaftServerImpl.java:setFirstElection(576)) - 13facd30-3950-4310-8b1a-93d004abbbdd@group-CF05563D4821: set firstElectionSinceStartup to false for DISCOVERED_A_NEW_TERM (term=2)
2025-09-13 17:33:22,324 [36d876fb-a458-4393-963b-58eeedb8ba95@group-CF05563D4821-FollowerState] INFO  impl.FollowerState (FollowerState.java:runImpl(161)) - 36d876fb-a458-4393-963b-58eeedb8ba95@group-CF05563D4821-FollowerState: change to CANDIDATE, lastRpcElapsedTime:1038103599ns, electionTimeout:1036ms
2025-09-13 17:33:22,324 [36d876fb-a458-4393-963b-58eeedb8ba95@group-CF05563D4821-FollowerState] INFO  impl.RoleInfo (RoleInfo.java:shutdownFollowerState(121)) - 36d876fb-a458-4393-963b-58eeedb8ba95: shutdown 36d876fb-a458-4393-963b-58eeedb8ba95@group-CF05563D4821-FollowerState
2025-09-13 17:33:22,324 [36d876fb-a458-4393-963b-58eeedb8ba95@group-CF05563D4821-FollowerState] INFO  server.RaftServer$Division (RaftServerImpl.java:setRole(392)) - 36d876fb-a458-4393-963b-58eeedb8ba95@group-CF05563D4821: changes role from  FOLLOWER to CANDIDATE at term 2 for changeToCandidate
2025-09-13 17:33:22,324 [36d876fb-a458-4393-963b-58eeedb8ba95@group-CF05563D4821-FollowerState] INFO  impl.RoleInfo (RoleInfo.java:updateAndGet(148)) - 36d876fb-a458-4393-963b-58eeedb8ba95: start 36d876fb-a458-4393-963b-58eeedb8ba95@group-CF05563D4821-LeaderElection216
2025-09-13 17:33:22,325 [36d876fb-a458-4393-963b-58eeedb8ba95@group-CF05563D4821-LeaderElection216] INFO  impl.LeaderElection (LeaderElection.java:askForVotes(448)) - 36d876fb-a458-4393-963b-58eeedb8ba95@group-CF05563D4821-LeaderElection216 PRE_VOTE round 0: submit vote requests at term 2 for conf: {index: 1, cur=peers:[9e23e878-9bb3-42b5-8b94-e0e229812e65|127.0.0.1:15023, 13facd30-3950-4310-8b1a-93d004abbbdd|127.0.0.1:15031, 36d876fb-a458-4393-963b-58eeedb8ba95|127.0.0.1:15015]|listeners:[], old=null}
2025-09-13 17:33:22,325 [36d876fb-a458-4393-963b-58eeedb8ba95@group-CF05563D4821-LeaderElection216-1] INFO  server.GrpcServerProtocolClient (GrpcServerProtocolClient.java:<init>(65)) - Build channel for 9e23e878-9bb3-42b5-8b94-e0e229812e65|127.0.0.1:15023
2025-09-13 17:33:22,325 [36d876fb-a458-4393-963b-58eeedb8ba95@group-CF05563D4821-LeaderElection216-2] INFO  server.GrpcServerProtocolClient (GrpcServerProtocolClient.java:<init>(65)) - Build channel for 13facd30-3950-4310-8b1a-93d004abbbdd|127.0.0.1:15031
2025-09-13 17:33:22,328 [grpc-default-executor-9] INFO  server.RaftServer$Division (RaftServerImpl.java:requestVote(1421)) - 9e23e878-9bb3-42b5-8b94-e0e229812e65@group-CF05563D4821: receive requestVote(PRE_VOTE, 36d876fb-a458-4393-963b-58eeedb8ba95, group-CF05563D4821, 2, (t:2, i:2))
2025-09-13 17:33:22,328 [grpc-default-executor-9] INFO  impl.VoteContext (VoteContext.java:log(49)) - 9e23e878-9bb3-42b5-8b94-e0e229812e65@group-CF05563D4821-FOLLOWER: accept PRE_VOTE from 36d876fb-a458-4393-963b-58eeedb8ba95: our priority 0 <= candidate's priority 0
2025-09-13 17:33:22,328 [grpc-default-executor-9] INFO  server.RaftServer$Division (RaftServerImpl.java:requestVote(1455)) - 9e23e878-9bb3-42b5-8b94-e0e229812e65@group-CF05563D4821 replies to PRE_VOTE vote request: 36d876fb-a458-4393-963b-58eeedb8ba95<-9e23e878-9bb3-42b5-8b94-e0e229812e65#0:OK-t2-last:(t:2, i:2). Peer's state: 9e23e878-9bb3-42b5-8b94-e0e229812e65@group-CF05563D4821:t2, leader=null, voted=36d876fb-a458-4393-963b-58eeedb8ba95, raftlog=Memoized:9e23e878-9bb3-42b5-8b94-e0e229812e65@group-CF05563D4821-SegmentedRaftLog:OPENED:c2:last(t:2, i:2), conf=conf: {index: 1, cur=peers:[9e23e878-9bb3-42b5-8b94-e0e229812e65|127.0.0.1:15023, 13facd30-3950-4310-8b1a-93d004abbbdd|127.0.0.1:15031, 36d876fb-a458-4393-963b-58eeedb8ba95|127.0.0.1:15015]|listeners:[], old=null}
2025-09-13 17:33:22,328 [grpc-default-executor-8] INFO  server.RaftServer$Division (RaftServerImpl.java:requestVote(1421)) - 13facd30-3950-4310-8b1a-93d004abbbdd@group-CF05563D4821: receive requestVote(PRE_VOTE, 36d876fb-a458-4393-963b-58eeedb8ba95, group-CF05563D4821, 2, (t:2, i:2))
2025-09-13 17:33:22,328 [grpc-default-executor-8] INFO  impl.VoteContext (VoteContext.java:log(49)) - 13facd30-3950-4310-8b1a-93d004abbbdd@group-CF05563D4821-FOLLOWER: accept PRE_VOTE from 36d876fb-a458-4393-963b-58eeedb8ba95: our last entry (t:1, i:0) < candidate's last entry (t:2, i:2)
2025-09-13 17:33:22,328 [grpc-default-executor-8] INFO  server.RaftServer$Division (RaftServerImpl.java:requestVote(1455)) - 13facd30-3950-4310-8b1a-93d004abbbdd@group-CF05563D4821 replies to PRE_VOTE vote request: 36d876fb-a458-4393-963b-58eeedb8ba95<-13facd30-3950-4310-8b1a-93d004abbbdd#0:OK-t2-last:(t:1, i:0). Peer's state: 13facd30-3950-4310-8b1a-93d004abbbdd@group-CF05563D4821:t2, leader=null, voted=null, raftlog=Memoized:13facd30-3950-4310-8b1a-93d004abbbdd@group-CF05563D4821-SegmentedRaftLog:OPENED:c0:last(t:1, i:0), conf=conf: {index: 0, cur=peers:[9e23e878-9bb3-42b5-8b94-e0e229812e65|127.0.0.1:15023, 13facd30-3950-4310-8b1a-93d004abbbdd|127.0.0.1:15031, 36d876fb-a458-4393-963b-58eeedb8ba95|127.0.0.1:15015]|listeners:[], old=null}
2025-09-13 17:33:22,329 [36d876fb-a458-4393-963b-58eeedb8ba95@group-CF05563D4821-LeaderElection216] INFO  impl.LeaderElection (LeaderElection.java:logAndReturn(206)) - 36d876fb-a458-4393-963b-58eeedb8ba95@group-CF05563D4821-LeaderElection216: PRE_VOTE PASSED received 2 response(s) and 0 exception(s):
2025-09-13 17:33:22,329 [36d876fb-a458-4393-963b-58eeedb8ba95@group-CF05563D4821-LeaderElection216] INFO  impl.LeaderElection (LeaderElection.java:logAndReturn(210)) -   Response 0: 36d876fb-a458-4393-963b-58eeedb8ba95<-9e23e878-9bb3-42b5-8b94-e0e229812e65#0:OK-t2-last:(t:2, i:2)
2025-09-13 17:33:22,329 [36d876fb-a458-4393-963b-58eeedb8ba95@group-CF05563D4821-LeaderElection216] INFO  impl.LeaderElection (LeaderElection.java:logAndReturn(210)) -   Response 1: 36d876fb-a458-4393-963b-58eeedb8ba95<-13facd30-3950-4310-8b1a-93d004abbbdd#0:OK-t2-last:(t:1, i:0)
2025-09-13 17:33:22,329 [36d876fb-a458-4393-963b-58eeedb8ba95@group-CF05563D4821-LeaderElection216] INFO  impl.LeaderElection (LeaderElection.java:askForVotes(450)) - 36d876fb-a458-4393-963b-58eeedb8ba95@group-CF05563D4821-LeaderElection216 PRE_VOTE round 0: result PASSED
2025-09-13 17:33:22,330 [36d876fb-a458-4393-963b-58eeedb8ba95@group-CF05563D4821-LeaderElection216] INFO  impl.LeaderElection (LeaderElection.java:askForVotes(448)) - 36d876fb-a458-4393-963b-58eeedb8ba95@group-CF05563D4821-LeaderElection216 ELECTION round 0: submit vote requests at term 3 for conf: {index: 1, cur=peers:[9e23e878-9bb3-42b5-8b94-e0e229812e65|127.0.0.1:15023, 13facd30-3950-4310-8b1a-93d004abbbdd|127.0.0.1:15031, 36d876fb-a458-4393-963b-58eeedb8ba95|127.0.0.1:15015]|listeners:[], old=null}
2025-09-13 17:33:22,331 [grpc-default-executor-9] INFO  server.RaftServer$Division (RaftServerImpl.java:requestVote(1421)) - 9e23e878-9bb3-42b5-8b94-e0e229812e65@group-CF05563D4821: receive requestVote(ELECTION, 36d876fb-a458-4393-963b-58eeedb8ba95, group-CF05563D4821, 3, (t:2, i:2))
2025-09-13 17:33:22,331 [grpc-default-executor-9] INFO  impl.VoteContext (VoteContext.java:log(49)) - 9e23e878-9bb3-42b5-8b94-e0e229812e65@group-CF05563D4821-FOLLOWER: accept ELECTION from 36d876fb-a458-4393-963b-58eeedb8ba95: our priority 0 <= candidate's priority 0
2025-09-13 17:33:22,331 [grpc-default-executor-9] INFO  server.RaftServer$Division (RaftServerImpl.java:setRole(392)) - 9e23e878-9bb3-42b5-8b94-e0e229812e65@group-CF05563D4821: changes role from  FOLLOWER to FOLLOWER at term 2 for candidate:36d876fb-a458-4393-963b-58eeedb8ba95
2025-09-13 17:33:22,331 [grpc-default-executor-8] INFO  server.RaftServer$Division (RaftServerImpl.java:requestVote(1421)) - 13facd30-3950-4310-8b1a-93d004abbbdd@group-CF05563D4821: receive requestVote(ELECTION, 36d876fb-a458-4393-963b-58eeedb8ba95, group-CF05563D4821, 3, (t:2, i:2))
2025-09-13 17:33:22,331 [grpc-default-executor-8] INFO  impl.VoteContext (VoteContext.java:log(49)) - 13facd30-3950-4310-8b1a-93d004abbbdd@group-CF05563D4821-FOLLOWER: accept ELECTION from 36d876fb-a458-4393-963b-58eeedb8ba95: our last entry (t:1, i:0) < candidate's last entry (t:2, i:2)
2025-09-13 17:33:22,331 [grpc-default-executor-8] INFO  server.RaftServer$Division (RaftServerImpl.java:setRole(392)) - 13facd30-3950-4310-8b1a-93d004abbbdd@group-CF05563D4821: changes role from  FOLLOWER to FOLLOWER at term 2 for candidate:36d876fb-a458-4393-963b-58eeedb8ba95
2025-09-13 17:33:22,331 [grpc-default-executor-8] INFO  impl.RoleInfo (RoleInfo.java:shutdownFollowerState(121)) - 13facd30-3950-4310-8b1a-93d004abbbdd: shutdown 13facd30-3950-4310-8b1a-93d004abbbdd@group-CF05563D4821-FollowerState
2025-09-13 17:33:22,331 [grpc-default-executor-8] INFO  impl.RoleInfo (RoleInfo.java:updateAndGet(148)) - 13facd30-3950-4310-8b1a-93d004abbbdd: start 13facd30-3950-4310-8b1a-93d004abbbdd@group-CF05563D4821-FollowerState
2025-09-13 17:33:22,332 [13facd30-3950-4310-8b1a-93d004abbbdd@group-CF05563D4821-FollowerState] INFO  impl.FollowerState (FollowerState.java:runImpl(170)) - 13facd30-3950-4310-8b1a-93d004abbbdd@group-CF05563D4821-FollowerState was interrupted
2025-09-13 17:33:22,331 [grpc-default-executor-9] INFO  impl.RoleInfo (RoleInfo.java:shutdownFollowerState(121)) - 9e23e878-9bb3-42b5-8b94-e0e229812e65: shutdown 9e23e878-9bb3-42b5-8b94-e0e229812e65@group-CF05563D4821-FollowerState
2025-09-13 17:33:22,332 [grpc-default-executor-9] INFO  impl.RoleInfo (RoleInfo.java:updateAndGet(148)) - 9e23e878-9bb3-42b5-8b94-e0e229812e65: start 9e23e878-9bb3-42b5-8b94-e0e229812e65@group-CF05563D4821-FollowerState
2025-09-13 17:33:22,332 [9e23e878-9bb3-42b5-8b94-e0e229812e65@group-CF05563D4821-FollowerState] INFO  impl.FollowerState (FollowerState.java:runImpl(170)) - 9e23e878-9bb3-42b5-8b94-e0e229812e65@group-CF05563D4821-FollowerState was interrupted
2025-09-13 17:33:22,333 [grpc-default-executor-8] INFO  server.RaftServer$Division (RaftServerImpl.java:requestVote(1455)) - 13facd30-3950-4310-8b1a-93d004abbbdd@group-CF05563D4821 replies to ELECTION vote request: 36d876fb-a458-4393-963b-58eeedb8ba95<-13facd30-3950-4310-8b1a-93d004abbbdd#0:OK-t3-last:(t:1, i:0). Peer's state: 13facd30-3950-4310-8b1a-93d004abbbdd@group-CF05563D4821:t3, leader=null, voted=36d876fb-a458-4393-963b-58eeedb8ba95, raftlog=Memoized:13facd30-3950-4310-8b1a-93d004abbbdd@group-CF05563D4821-SegmentedRaftLog:OPENED:c0:last(t:1, i:0), conf=conf: {index: 0, cur=peers:[9e23e878-9bb3-42b5-8b94-e0e229812e65|127.0.0.1:15023, 13facd30-3950-4310-8b1a-93d004abbbdd|127.0.0.1:15031, 36d876fb-a458-4393-963b-58eeedb8ba95|127.0.0.1:15015]|listeners:[], old=null}
2025-09-13 17:33:22,334 [36d876fb-a458-4393-963b-58eeedb8ba95@group-CF05563D4821-LeaderElection216] INFO  impl.LeaderElection (LeaderElection.java:logAndReturn(206)) - 36d876fb-a458-4393-963b-58eeedb8ba95@group-CF05563D4821-LeaderElection216: ELECTION PASSED received 1 response(s) and 0 exception(s):
2025-09-13 17:33:22,334 [grpc-default-executor-9] INFO  server.RaftServer$Division (RaftServerImpl.java:requestVote(1455)) - 9e23e878-9bb3-42b5-8b94-e0e229812e65@group-CF05563D4821 replies to ELECTION vote request: 36d876fb-a458-4393-963b-58eeedb8ba95<-9e23e878-9bb3-42b5-8b94-e0e229812e65#0:OK-t3-last:(t:2, i:2). Peer's state: 9e23e878-9bb3-42b5-8b94-e0e229812e65@group-CF05563D4821:t3, leader=null, voted=36d876fb-a458-4393-963b-58eeedb8ba95, raftlog=Memoized:9e23e878-9bb3-42b5-8b94-e0e229812e65@group-CF05563D4821-SegmentedRaftLog:OPENED:c2:last(t:2, i:2), conf=conf: {index: 1, cur=peers:[9e23e878-9bb3-42b5-8b94-e0e229812e65|127.0.0.1:15023, 13facd30-3950-4310-8b1a-93d004abbbdd|127.0.0.1:15031, 36d876fb-a458-4393-963b-58eeedb8ba95|127.0.0.1:15015]|listeners:[], old=null}
2025-09-13 17:33:22,334 [36d876fb-a458-4393-963b-58eeedb8ba95@group-CF05563D4821-LeaderElection216] INFO  impl.LeaderElection (LeaderElection.java:logAndReturn(210)) -   Response 0: 36d876fb-a458-4393-963b-58eeedb8ba95<-13facd30-3950-4310-8b1a-93d004abbbdd#0:OK-t3-last:(t:1, i:0)
2025-09-13 17:33:22,334 [36d876fb-a458-4393-963b-58eeedb8ba95@group-CF05563D4821-LeaderElection216] INFO  impl.LeaderElection (LeaderElection.java:askForVotes(450)) - 36d876fb-a458-4393-963b-58eeedb8ba95@group-CF05563D4821-LeaderElection216 ELECTION round 0: result PASSED
2025-09-13 17:33:22,334 [36d876fb-a458-4393-963b-58eeedb8ba95@group-CF05563D4821-LeaderElection216] INFO  impl.RoleInfo (RoleInfo.java:shutdownLeaderElection(141)) - 36d876fb-a458-4393-963b-58eeedb8ba95: shutdown 36d876fb-a458-4393-963b-58eeedb8ba95@group-CF05563D4821-LeaderElection216
2025-09-13 17:33:22,334 [36d876fb-a458-4393-963b-58eeedb8ba95@group-CF05563D4821-LeaderElection216] INFO  server.RaftServer$Division (RaftServerImpl.java:setRole(392)) - 36d876fb-a458-4393-963b-58eeedb8ba95@group-CF05563D4821: changes role from CANDIDATE to LEADER at term 3 for changeToLeader
2025-09-13 17:33:22,334 [36d876fb-a458-4393-963b-58eeedb8ba95@group-CF05563D4821-LeaderElection216] INFO  server.RaftServerConfigKeys (ConfUtils.java:logFallback(69)) - raft.server.staging.timeout = 3600ms (fallback to raft.server.rpc.timeout.max)
2025-09-13 17:33:22,334 [36d876fb-a458-4393-963b-58eeedb8ba95@group-CF05563D4821-LeaderElection216] INFO  server.RaftServerConfigKeys (ConfUtils.java:logGet(62)) - raft.server.write.byte-limit = 1024 M (=1073741824) (custom)
2025-09-13 17:33:22,336 [36d876fb-a458-4393-963b-58eeedb8ba95@group-CF05563D4821-LeaderElection216] INFO  server.RaftServerConfigKeys (ConfUtils.java:logGet(62)) - raft.server.log.appender.buffer.byte-limit = 33554432 (custom)
2025-09-13 17:33:22,337 [36d876fb-a458-4393-963b-58eeedb8ba95@group-CF05563D4821-LeaderElection216] INFO  server.RaftServerConfigKeys (ConfUtils.java:logGet(62)) - raft.server.log.appender.buffer.byte-limit = 33554432 (custom)
2025-09-13 17:33:22,337 [36d876fb-a458-4393-963b-58eeedb8ba95@group-CF05563D4821-LeaderElection216] INFO  impl.RoleInfo (RoleInfo.java:updateAndGet(148)) - 36d876fb-a458-4393-963b-58eeedb8ba95: start 36d876fb-a458-4393-963b-58eeedb8ba95@group-CF05563D4821-LeaderStateImpl
2025-09-13 17:33:22,337 [36d876fb-a458-4393-963b-58eeedb8ba95@group-CF05563D4821-LeaderElection216] INFO  server.RaftServer$Division (RaftServerImpl.java:setFirstElection(576)) - 36d876fb-a458-4393-963b-58eeedb8ba95@group-CF05563D4821: set firstElectionSinceStartup to false for becomeLeader
2025-09-13 17:33:22,337 [36d876fb-a458-4393-963b-58eeedb8ba95@group-CF05563D4821-LeaderElection216] INFO  ratis.XceiverServerRatis (XceiverServerRatis.java:handleLeaderChangedNotification(932)) - Leader change notification received for group: group-CF05563D4821 with new leaderId: 36d876fb-a458-4393-963b-58eeedb8ba95
2025-09-13 17:33:22,338 [36d876fb-a458-4393-963b-58eeedb8ba95@group-CF05563D4821-LeaderElection216] INFO  server.RaftServer$Division (ServerState.java:setLeader(272)) - 36d876fb-a458-4393-963b-58eeedb8ba95@group-CF05563D4821: change Leader from null to 36d876fb-a458-4393-963b-58eeedb8ba95 at term 3 for becomeLeader, leader elected after 1781ms
2025-09-13 17:33:22,338 [36d876fb-a458-4393-963b-58eeedb8ba95@group-CF05563D4821-LeaderElection216] INFO  segmented.SegmentedRaftLogWorker (SegmentedRaftLogWorker.java:rollLogSegment(445)) - 36d876fb-a458-4393-963b-58eeedb8ba95@group-CF05563D4821-SegmentedRaftLogWorker: Rolling segment log-1_2 to index:2
2025-09-13 17:33:22,338 [36d876fb-a458-4393-963b-58eeedb8ba95@group-CF05563D4821-LeaderElection216] INFO  server.RaftServer$Division (ServerState.java:setRaftConf(386)) - 36d876fb-a458-4393-963b-58eeedb8ba95@group-CF05563D4821: set configuration conf: {index: 3, cur=peers:[9e23e878-9bb3-42b5-8b94-e0e229812e65|127.0.0.1:15023, 13facd30-3950-4310-8b1a-93d004abbbdd|127.0.0.1:15031, 36d876fb-a458-4393-963b-58eeedb8ba95|127.0.0.1:15015]|listeners:[], old=null}
2025-09-13 17:33:22,338 [36d876fb-a458-4393-963b-58eeedb8ba95@group-CF05563D4821-SegmentedRaftLogWorker] INFO  segmented.SegmentedRaftLogWorker (SegmentedRaftLogWorker.java:execute(604)) - 36d876fb-a458-4393-963b-58eeedb8ba95@group-CF05563D4821-SegmentedRaftLogWorker: Rolled log segment from /home/runner/work/ozone/ozone/hadoop-ozone/integration-test/target/test-dir/MiniOzoneClusterImpl-1331a795-ed08-415d-924a-7661a5cf51a5/ozone-metadata/datanode-1/ratis/59c25a4c-b008-4c23-bf2e-cf05563d4821/current/log_inprogress_1 to /home/runner/work/ozone/ozone/hadoop-ozone/integration-test/target/test-dir/MiniOzoneClusterImpl-1331a795-ed08-415d-924a-7661a5cf51a5/ozone-metadata/datanode-1/ratis/59c25a4c-b008-4c23-bf2e-cf05563d4821/current/log_1-2
2025-09-13 17:33:22,339 [36d876fb-a458-4393-963b-58eeedb8ba95@group-CF05563D4821-SegmentedRaftLogWorker] INFO  segmented.BufferedWriteChannel (BufferedWriteChannel.java:open(61)) - open log_inprogress_3 at position 0
2025-09-13 17:33:22,342 [grpc-default-executor-11] INFO  ratis.XceiverServerRatis (XceiverServerRatis.java:handleLeaderChangedNotification(932)) - Leader change notification received for group: group-CF05563D4821 with new leaderId: 36d876fb-a458-4393-963b-58eeedb8ba95
2025-09-13 17:33:22,342 [grpc-default-executor-11] INFO  server.RaftServer$Division (ServerState.java:setLeader(272)) - 9e23e878-9bb3-42b5-8b94-e0e229812e65@group-CF05563D4821: change Leader from null to 36d876fb-a458-4393-963b-58eeedb8ba95 at term 3 for appendEntries, leader elected after 39035ms
2025-09-13 17:33:22,343 [grpc-default-executor-0] INFO  ratis.XceiverServerRatis (XceiverServerRatis.java:handleLeaderChangedNotification(932)) - Leader change notification received for group: group-CF05563D4821 with new leaderId: 36d876fb-a458-4393-963b-58eeedb8ba95
2025-09-13 17:33:22,343 [grpc-default-executor-0] INFO  server.RaftServer$Division (ServerState.java:setLeader(272)) - 13facd30-3950-4310-8b1a-93d004abbbdd@group-CF05563D4821: change Leader from null to 36d876fb-a458-4393-963b-58eeedb8ba95 at term 3 for appendEntries, leader elected after 2028ms
2025-09-13 17:33:22,343 [grpc-default-executor-0] INFO  server.RaftServer$Division (RaftServerImpl.java:checkInconsistentAppendEntries(1673)) - 13facd30-3950-4310-8b1a-93d004abbbdd@group-CF05563D4821: Failed appendEntries as previous log entry ((t:2, i:2)) is not found
2025-09-13 17:33:22,343 [grpc-default-executor-0] INFO  server.RaftServer$Division (RaftServerImpl.java:appendEntriesAsync(1594)) - 13facd30-3950-4310-8b1a-93d004abbbdd@group-CF05563D4821: appendEntries* reply 36d876fb-a458-4393-963b-58eeedb8ba95<-13facd30-3950-4310-8b1a-93d004abbbdd#0:FAIL-t3,INCONSISTENCY,nextIndex=1,followerCommit=0,matchIndex=-1
2025-09-13 17:33:22,343 [grpc-default-executor-11] INFO  server.RaftServer$Division (RaftServerImpl.java:checkInconsistentAppendEntries(1673)) - 13facd30-3950-4310-8b1a-93d004abbbdd@group-CF05563D4821: Failed appendEntries as previous log entry ((t:2, i:2)) is not found
2025-09-13 17:33:22,343 [grpc-default-executor-11] INFO  server.RaftServer$Division (RaftServerImpl.java:appendEntriesAsync(1594)) - 13facd30-3950-4310-8b1a-93d004abbbdd@group-CF05563D4821: appendEntries* reply 36d876fb-a458-4393-963b-58eeedb8ba95<-13facd30-3950-4310-8b1a-93d004abbbdd#1:FAIL-t3,INCONSISTENCY,nextIndex=1,followerCommit=0,matchIndex=-1
2025-09-13 17:33:22,344 [grpc-default-executor-0] INFO  server.RaftServer$Division (ServerState.java:setRaftConf(386)) - 9e23e878-9bb3-42b5-8b94-e0e229812e65@group-CF05563D4821: set configuration conf: {index: 3, cur=peers:[9e23e878-9bb3-42b5-8b94-e0e229812e65|127.0.0.1:15023, 13facd30-3950-4310-8b1a-93d004abbbdd|127.0.0.1:15031, 36d876fb-a458-4393-963b-58eeedb8ba95|127.0.0.1:15015]|listeners:[], old=null}
2025-09-13 17:33:22,344 [grpc-default-executor-10] WARN  server.GrpcLogAppender (GrpcLogAppender.java:lambda$onNextImpl$0(527)) - 36d876fb-a458-4393-963b-58eeedb8ba95@group-CF05563D4821->13facd30-3950-4310-8b1a-93d004abbbdd-AppendLogResponseHandler: received INCONSISTENCY reply with nextIndex 1, errorCount=1, request=AppendEntriesRequest:cid=0,entriesCount=0 
2025-09-13 17:33:22,344 [grpc-default-executor-10] INFO  leader.FollowerInfo (FollowerInfoImpl.java:info(70)) - 36d876fb-a458-4393-963b-58eeedb8ba95@group-CF05563D4821->13facd30-3950-4310-8b1a-93d004abbbdd: setNextIndex nextIndex: updateUnconditionally 4 -> 1
2025-09-13 17:33:22,344 [grpc-default-executor-0] INFO  segmented.SegmentedRaftLogWorker (SegmentedRaftLogWorker.java:rollLogSegment(445)) - 9e23e878-9bb3-42b5-8b94-e0e229812e65@group-CF05563D4821-SegmentedRaftLogWorker: Rolling segment log-1_2 to index:2
2025-09-13 17:33:22,345 [grpc-default-executor-10] INFO  leader.FollowerInfo (FollowerInfoImpl.java:info(70)) - 36d876fb-a458-4393-963b-58eeedb8ba95@group-CF05563D4821->13facd30-3950-4310-8b1a-93d004abbbdd: setNextIndex nextIndex: updateUnconditionally 4 -> 1
2025-09-13 17:33:22,345 [grpc-default-executor-0] INFO  server.RaftServer$Division (ServerState.java:setRaftConf(386)) - 13facd30-3950-4310-8b1a-93d004abbbdd@group-CF05563D4821: set configuration conf: {index: 1, cur=peers:[9e23e878-9bb3-42b5-8b94-e0e229812e65|127.0.0.1:15023, 13facd30-3950-4310-8b1a-93d004abbbdd|127.0.0.1:15031, 36d876fb-a458-4393-963b-58eeedb8ba95|127.0.0.1:15015]|listeners:[], old=null}
2025-09-13 17:33:22,345 [grpc-default-executor-0] INFO  server.RaftServer$Division (ServerState.java:setRaftConf(386)) - 13facd30-3950-4310-8b1a-93d004abbbdd@group-CF05563D4821: set configuration conf: {index: 3, cur=peers:[9e23e878-9bb3-42b5-8b94-e0e229812e65|127.0.0.1:15023, 13facd30-3950-4310-8b1a-93d004abbbdd|127.0.0.1:15031, 36d876fb-a458-4393-963b-58eeedb8ba95|127.0.0.1:15015]|listeners:[], old=null}
2025-09-13 17:33:22,345 [grpc-default-executor-0] INFO  segmented.SegmentedRaftLogWorker (SegmentedRaftLogWorker.java:rollLogSegment(445)) - 13facd30-3950-4310-8b1a-93d004abbbdd@group-CF05563D4821-SegmentedRaftLogWorker: Rolling segment log-0_0 to index:0
2025-09-13 17:33:22,346 [grpc-default-executor-0] INFO  segmented.SegmentedRaftLogWorker (SegmentedRaftLogWorker.java:rollLogSegment(445)) - 13facd30-3950-4310-8b1a-93d004abbbdd@group-CF05563D4821-SegmentedRaftLogWorker: Rolling segment log-1_2 to index:2
2025-09-13 17:33:22,346 [13facd30-3950-4310-8b1a-93d004abbbdd@group-CF05563D4821-SegmentedRaftLogWorker] INFO  segmented.SegmentedRaftLogWorker (SegmentedRaftLogWorker.java:execute(604)) - 13facd30-3950-4310-8b1a-93d004abbbdd@group-CF05563D4821-SegmentedRaftLogWorker: Rolled log segment from /home/runner/work/ozone/ozone/hadoop-ozone/integration-test/target/test-dir/MiniOzoneClusterImpl-1331a795-ed08-415d-924a-7661a5cf51a5/ozone-metadata/datanode-3/ratis/59c25a4c-b008-4c23-bf2e-cf05563d4821/current/log_inprogress_0 to /home/runner/work/ozone/ozone/hadoop-ozone/integration-test/target/test-dir/MiniOzoneClusterImpl-1331a795-ed08-415d-924a-7661a5cf51a5/ozone-metadata/datanode-3/ratis/59c25a4c-b008-4c23-bf2e-cf05563d4821/current/log_0-0
2025-09-13 17:33:22,346 [grpc-default-executor-0] INFO  server.RaftServer$Division (ServerState.java:setRaftConf(386)) - 13facd30-3950-4310-8b1a-93d004abbbdd@group-CF05563D4821: set configuration conf: {index: 1, cur=peers:[9e23e878-9bb3-42b5-8b94-e0e229812e65|127.0.0.1:15023, 13facd30-3950-4310-8b1a-93d004abbbdd|127.0.0.1:15031, 36d876fb-a458-4393-963b-58eeedb8ba95|127.0.0.1:15015]|listeners:[], old=null}
2025-09-13 17:33:22,346 [13facd30-3950-4310-8b1a-93d004abbbdd@group-CF05563D4821-SegmentedRaftLogWorker] INFO  segmented.BufferedWriteChannel (BufferedWriteChannel.java:open(61)) - open log_inprogress_1 at position 0
2025-09-13 17:33:22,347 [36d876fb-a458-4393-963b-58eeedb8ba95@group-CF05563D4821-SegmentedRaftLogWorker] INFO  segmented.SegmentedRaftLogWorker (SegmentedRaftLogWorker.java:execute(647)) - 36d876fb-a458-4393-963b-58eeedb8ba95@group-CF05563D4821-SegmentedRaftLogWorker: created new log segment /home/runner/work/ozone/ozone/hadoop-ozone/integration-test/target/test-dir/MiniOzoneClusterImpl-1331a795-ed08-415d-924a-7661a5cf51a5/ozone-metadata/datanode-1/ratis/59c25a4c-b008-4c23-bf2e-cf05563d4821/current/log_inprogress_3
2025-09-13 17:33:22,347 [9e23e878-9bb3-42b5-8b94-e0e229812e65@group-CF05563D4821-SegmentedRaftLogWorker] INFO  segmented.SegmentedRaftLogWorker (SegmentedRaftLogWorker.java:execute(604)) - 9e23e878-9bb3-42b5-8b94-e0e229812e65@group-CF05563D4821-SegmentedRaftLogWorker: Rolled log segment from /home/runner/work/ozone/ozone/hadoop-ozone/integration-test/target/test-dir/MiniOzoneClusterImpl-1331a795-ed08-415d-924a-7661a5cf51a5/ozone-metadata/datanode-2/ratis/59c25a4c-b008-4c23-bf2e-cf05563d4821/current/log_inprogress_1 to /home/runner/work/ozone/ozone/hadoop-ozone/integration-test/target/test-dir/MiniOzoneClusterImpl-1331a795-ed08-415d-924a-7661a5cf51a5/ozone-metadata/datanode-2/ratis/59c25a4c-b008-4c23-bf2e-cf05563d4821/current/log_1-2
2025-09-13 17:33:22,347 [9e23e878-9bb3-42b5-8b94-e0e229812e65@group-CF05563D4821-SegmentedRaftLogWorker] INFO  segmented.BufferedWriteChannel (BufferedWriteChannel.java:open(61)) - open log_inprogress_3 at position 0
2025-09-13 17:33:22,346 [grpc-default-executor-0] INFO  server.RaftServer$Division (ServerState.java:setRaftConf(386)) - 13facd30-3950-4310-8b1a-93d004abbbdd@group-CF05563D4821: set configuration conf: {index: 3, cur=peers:[9e23e878-9bb3-42b5-8b94-e0e229812e65|127.0.0.1:15023, 13facd30-3950-4310-8b1a-93d004abbbdd|127.0.0.1:15031, 36d876fb-a458-4393-963b-58eeedb8ba95|127.0.0.1:15015]|listeners:[], old=null}
2025-09-13 17:33:22,354 [13facd30-3950-4310-8b1a-93d004abbbdd@group-CF05563D4821-SegmentedRaftLogWorker] INFO  segmented.SegmentedRaftLogWorker (SegmentedRaftLogWorker.java:execute(647)) - 13facd30-3950-4310-8b1a-93d004abbbdd@group-CF05563D4821-SegmentedRaftLogWorker: created new log segment /home/runner/work/ozone/ozone/hadoop-ozone/integration-test/target/test-dir/MiniOzoneClusterImpl-1331a795-ed08-415d-924a-7661a5cf51a5/ozone-metadata/datanode-3/ratis/59c25a4c-b008-4c23-bf2e-cf05563d4821/current/log_inprogress_1
2025-09-13 17:33:22,355 [9e23e878-9bb3-42b5-8b94-e0e229812e65@group-CF05563D4821-SegmentedRaftLogWorker] INFO  segmented.SegmentedRaftLogWorker (SegmentedRaftLogWorker.java:execute(647)) - 9e23e878-9bb3-42b5-8b94-e0e229812e65@group-CF05563D4821-SegmentedRaftLogWorker: created new log segment /home/runner/work/ozone/ozone/hadoop-ozone/integration-test/target/test-dir/MiniOzoneClusterImpl-1331a795-ed08-415d-924a-7661a5cf51a5/ozone-metadata/datanode-2/ratis/59c25a4c-b008-4c23-bf2e-cf05563d4821/current/log_inprogress_3
2025-09-13 17:33:22,355 [13facd30-3950-4310-8b1a-93d004abbbdd@group-CF05563D4821-SegmentedRaftLogWorker] INFO  segmented.SegmentedRaftLogWorker (SegmentedRaftLogWorker.java:execute(604)) - 13facd30-3950-4310-8b1a-93d004abbbdd@group-CF05563D4821-SegmentedRaftLogWorker: Rolled log segment from /home/runner/work/ozone/ozone/hadoop-ozone/integration-test/target/test-dir/MiniOzoneClusterImpl-1331a795-ed08-415d-924a-7661a5cf51a5/ozone-metadata/datanode-3/ratis/59c25a4c-b008-4c23-bf2e-cf05563d4821/current/log_inprogress_1 to /home/runner/work/ozone/ozone/hadoop-ozone/integration-test/target/test-dir/MiniOzoneClusterImpl-1331a795-ed08-415d-924a-7661a5cf51a5/ozone-metadata/datanode-3/ratis/59c25a4c-b008-4c23-bf2e-cf05563d4821/current/log_1-2
2025-09-13 17:33:22,356 [13facd30-3950-4310-8b1a-93d004abbbdd@group-CF05563D4821-SegmentedRaftLogWorker] INFO  segmented.BufferedWriteChannel (BufferedWriteChannel.java:open(61)) - open log_inprogress_3 at position 0
2025-09-13 17:33:22,359 [36d876fb-a458-4393-963b-58eeedb8ba95@group-CF05563D4821-StateMachineUpdater] INFO  server.RaftServer$Division (LeaderStateImpl.java:checkStartIndex(309)) - Leader 36d876fb-a458-4393-963b-58eeedb8ba95@group-CF05563D4821-LeaderStateImpl is ready since appliedIndex == startIndex == 3
2025-09-13 17:33:22,361 [13facd30-3950-4310-8b1a-93d004abbbdd@group-CF05563D4821-SegmentedRaftLogWorker] INFO  segmented.SegmentedRaftLogWorker (SegmentedRaftLogWorker.java:execute(647)) - 13facd30-3950-4310-8b1a-93d004abbbdd@group-CF05563D4821-SegmentedRaftLogWorker: created new log segment /home/runner/work/ozone/ozone/hadoop-ozone/integration-test/target/test-dir/MiniOzoneClusterImpl-1331a795-ed08-415d-924a-7661a5cf51a5/ozone-metadata/datanode-3/ratis/59c25a4c-b008-4c23-bf2e-cf05563d4821/current/log_inprogress_3
2025-09-13 17:33:22,422 [36d876fb-a458-4393-963b-58eeedb8ba95@group-B4189F5888A1-FollowerState] INFO  impl.FollowerState (FollowerState.java:runImpl(161)) - 36d876fb-a458-4393-963b-58eeedb8ba95@group-B4189F5888A1-FollowerState: change to CANDIDATE, lastRpcElapsedTime:1139930106ns, electionTimeout:1138ms
2025-09-13 17:33:22,422 [36d876fb-a458-4393-963b-58eeedb8ba95@group-B4189F5888A1-FollowerState] INFO  impl.RoleInfo (RoleInfo.java:shutdownFollowerState(121)) - 36d876fb-a458-4393-963b-58eeedb8ba95: shutdown 36d876fb-a458-4393-963b-58eeedb8ba95@group-B4189F5888A1-FollowerState
2025-09-13 17:33:22,422 [36d876fb-a458-4393-963b-58eeedb8ba95@group-B4189F5888A1-FollowerState] INFO  server.RaftServer$Division (RaftServerImpl.java:setRole(392)) - 36d876fb-a458-4393-963b-58eeedb8ba95@group-B4189F5888A1: changes role from  FOLLOWER to CANDIDATE at term 1 for changeToCandidate
2025-09-13 17:33:22,423 [36d876fb-a458-4393-963b-58eeedb8ba95@group-B4189F5888A1-FollowerState] INFO  impl.RoleInfo (RoleInfo.java:updateAndGet(148)) - 36d876fb-a458-4393-963b-58eeedb8ba95: start 36d876fb-a458-4393-963b-58eeedb8ba95@group-B4189F5888A1-LeaderElection217
2025-09-13 17:33:22,423 [36d876fb-a458-4393-963b-58eeedb8ba95@group-B4189F5888A1-LeaderElection217] INFO  impl.LeaderElection (LeaderElection.java:askForVotes(448)) - 36d876fb-a458-4393-963b-58eeedb8ba95@group-B4189F5888A1-LeaderElection217 PRE_VOTE round 0: submit vote requests at term 1 for conf: {index: 0, cur=peers:[36d876fb-a458-4393-963b-58eeedb8ba95|127.0.0.1:15015]|listeners:[], old=null}
2025-09-13 17:33:22,423 [36d876fb-a458-4393-963b-58eeedb8ba95@group-B4189F5888A1-LeaderElection217] INFO  impl.LeaderElection (LeaderElection.java:askForVotes(450)) - 36d876fb-a458-4393-963b-58eeedb8ba95@group-B4189F5888A1-LeaderElection217 PRE_VOTE round 0: result PASSED (term=1)
2025-09-13 17:33:22,424 [36d876fb-a458-4393-963b-58eeedb8ba95@group-B4189F5888A1-LeaderElection217] INFO  impl.LeaderElection (LeaderElection.java:askForVotes(448)) - 36d876fb-a458-4393-963b-58eeedb8ba95@group-B4189F5888A1-LeaderElection217 ELECTION round 0: submit vote requests at term 2 for conf: {index: 0, cur=peers:[36d876fb-a458-4393-963b-58eeedb8ba95|127.0.0.1:15015]|listeners:[], old=null}
2025-09-13 17:33:22,424 [36d876fb-a458-4393-963b-58eeedb8ba95@group-B4189F5888A1-LeaderElection217] INFO  impl.LeaderElection (LeaderElection.java:askForVotes(450)) - 36d876fb-a458-4393-963b-58eeedb8ba95@group-B4189F5888A1-LeaderElection217 ELECTION round 0: result PASSED (term=2)
2025-09-13 17:33:22,424 [36d876fb-a458-4393-963b-58eeedb8ba95@group-B4189F5888A1-LeaderElection217] INFO  impl.RoleInfo (RoleInfo.java:shutdownLeaderElection(141)) - 36d876fb-a458-4393-963b-58eeedb8ba95: shutdown 36d876fb-a458-4393-963b-58eeedb8ba95@group-B4189F5888A1-LeaderElection217
2025-09-13 17:33:22,424 [36d876fb-a458-4393-963b-58eeedb8ba95@group-B4189F5888A1-LeaderElection217] INFO  server.RaftServer$Division (RaftServerImpl.java:setRole(392)) - 36d876fb-a458-4393-963b-58eeedb8ba95@group-B4189F5888A1: changes role from CANDIDATE to LEADER at term 2 for changeToLeader
2025-09-13 17:33:22,424 [36d876fb-a458-4393-963b-58eeedb8ba95@group-B4189F5888A1-LeaderElection217] INFO  server.RaftServerConfigKeys (ConfUtils.java:logFallback(69)) - raft.server.staging.timeout = 3600ms (fallback to raft.server.rpc.timeout.max)
2025-09-13 17:33:22,424 [36d876fb-a458-4393-963b-58eeedb8ba95@group-B4189F5888A1-LeaderElection217] INFO  server.RaftServerConfigKeys (ConfUtils.java:logGet(62)) - raft.server.write.byte-limit = 1024 M (=1073741824) (custom)
2025-09-13 17:33:22,425 [36d876fb-a458-4393-963b-58eeedb8ba95@group-B4189F5888A1-LeaderElection217] INFO  impl.RoleInfo (RoleInfo.java:updateAndGet(148)) - 36d876fb-a458-4393-963b-58eeedb8ba95: start 36d876fb-a458-4393-963b-58eeedb8ba95@group-B4189F5888A1-LeaderStateImpl
2025-09-13 17:33:22,425 [36d876fb-a458-4393-963b-58eeedb8ba95@group-B4189F5888A1-LeaderElection217] INFO  server.RaftServer$Division (RaftServerImpl.java:setFirstElection(576)) - 36d876fb-a458-4393-963b-58eeedb8ba95@group-B4189F5888A1: set firstElectionSinceStartup to false for becomeLeader
2025-09-13 17:33:22,425 [36d876fb-a458-4393-963b-58eeedb8ba95@group-B4189F5888A1-LeaderElection217] INFO  ratis.XceiverServerRatis (XceiverServerRatis.java:handleLeaderChangedNotification(932)) - Leader change notification received for group: group-B4189F5888A1 with new leaderId: 36d876fb-a458-4393-963b-58eeedb8ba95
2025-09-13 17:33:22,425 [36d876fb-a458-4393-963b-58eeedb8ba95@group-B4189F5888A1-LeaderElection217] INFO  server.RaftServer$Division (ServerState.java:setLeader(272)) - 36d876fb-a458-4393-963b-58eeedb8ba95@group-B4189F5888A1: change Leader from null to 36d876fb-a458-4393-963b-58eeedb8ba95 at term 2 for becomeLeader, leader elected after 1879ms
2025-09-13 17:33:22,426 [36d876fb-a458-4393-963b-58eeedb8ba95@group-B4189F5888A1-LeaderElection217] INFO  segmented.SegmentedRaftLogWorker (SegmentedRaftLogWorker.java:rollLogSegment(445)) - 36d876fb-a458-4393-963b-58eeedb8ba95@group-B4189F5888A1-SegmentedRaftLogWorker: Rolling segment log-0_0 to index:0
2025-09-13 17:33:22,426 [36d876fb-a458-4393-963b-58eeedb8ba95@group-B4189F5888A1-LeaderElection217] INFO  server.RaftServer$Division (ServerState.java:setRaftConf(386)) - 36d876fb-a458-4393-963b-58eeedb8ba95@group-B4189F5888A1: set configuration conf: {index: 1, cur=peers:[36d876fb-a458-4393-963b-58eeedb8ba95|127.0.0.1:15015]|listeners:[], old=null}
2025-09-13 17:33:22,426 [36d876fb-a458-4393-963b-58eeedb8ba95@group-B4189F5888A1-SegmentedRaftLogWorker] INFO  segmented.SegmentedRaftLogWorker (SegmentedRaftLogWorker.java:execute(604)) - 36d876fb-a458-4393-963b-58eeedb8ba95@group-B4189F5888A1-SegmentedRaftLogWorker: Rolled log segment from /home/runner/work/ozone/ozone/hadoop-ozone/integration-test/target/test-dir/MiniOzoneClusterImpl-1331a795-ed08-415d-924a-7661a5cf51a5/ozone-metadata/datanode-1/ratis/5743d5ca-d5da-4592-97f7-b4189f5888a1/current/log_inprogress_0 to /home/runner/work/ozone/ozone/hadoop-ozone/integration-test/target/test-dir/MiniOzoneClusterImpl-1331a795-ed08-415d-924a-7661a5cf51a5/ozone-metadata/datanode-1/ratis/5743d5ca-d5da-4592-97f7-b4189f5888a1/current/log_0-0
2025-09-13 17:33:22,426 [36d876fb-a458-4393-963b-58eeedb8ba95@group-B4189F5888A1-SegmentedRaftLogWorker] INFO  segmented.BufferedWriteChannel (BufferedWriteChannel.java:open(61)) - open log_inprogress_1 at position 0
2025-09-13 17:33:22,433 [36d876fb-a458-4393-963b-58eeedb8ba95@group-B4189F5888A1-SegmentedRaftLogWorker] INFO  segmented.SegmentedRaftLogWorker (SegmentedRaftLogWorker.java:execute(647)) - 36d876fb-a458-4393-963b-58eeedb8ba95@group-B4189F5888A1-SegmentedRaftLogWorker: created new log segment /home/runner/work/ozone/ozone/hadoop-ozone/integration-test/target/test-dir/MiniOzoneClusterImpl-1331a795-ed08-415d-924a-7661a5cf51a5/ozone-metadata/datanode-1/ratis/5743d5ca-d5da-4592-97f7-b4189f5888a1/current/log_inprogress_1
2025-09-13 17:33:22,434 [36d876fb-a458-4393-963b-58eeedb8ba95@group-B4189F5888A1-StateMachineUpdater] INFO  server.RaftServer$Division (LeaderStateImpl.java:checkStartIndex(309)) - Leader 36d876fb-a458-4393-963b-58eeedb8ba95@group-B4189F5888A1-LeaderStateImpl is ready since appliedIndex == startIndex == 1
2025-09-13 17:33:22,482 [36d876fb-a458-4393-963b-58eeedb8ba95@group-D5D0288CE997-FollowerState] INFO  impl.FollowerState (FollowerState.java:runImpl(161)) - 36d876fb-a458-4393-963b-58eeedb8ba95@group-D5D0288CE997-FollowerState: change to CANDIDATE, lastRpcElapsedTime:1201677019ns, electionTimeout:1197ms
2025-09-13 17:33:22,482 [36d876fb-a458-4393-963b-58eeedb8ba95@group-D5D0288CE997-FollowerState] INFO  impl.RoleInfo (RoleInfo.java:shutdownFollowerState(121)) - 36d876fb-a458-4393-963b-58eeedb8ba95: shutdown 36d876fb-a458-4393-963b-58eeedb8ba95@group-D5D0288CE997-FollowerState
2025-09-13 17:33:22,482 [36d876fb-a458-4393-963b-58eeedb8ba95@group-D5D0288CE997-FollowerState] INFO  server.RaftServer$Division (RaftServerImpl.java:setRole(392)) - 36d876fb-a458-4393-963b-58eeedb8ba95@group-D5D0288CE997: changes role from  FOLLOWER to CANDIDATE at term 1 for changeToCandidate
2025-09-13 17:33:22,483 [36d876fb-a458-4393-963b-58eeedb8ba95@group-D5D0288CE997-FollowerState] INFO  impl.RoleInfo (RoleInfo.java:updateAndGet(148)) - 36d876fb-a458-4393-963b-58eeedb8ba95: start 36d876fb-a458-4393-963b-58eeedb8ba95@group-D5D0288CE997-LeaderElection218
2025-09-13 17:33:22,483 [36d876fb-a458-4393-963b-58eeedb8ba95@group-D5D0288CE997-LeaderElection218] INFO  impl.LeaderElection (LeaderElection.java:askForVotes(448)) - 36d876fb-a458-4393-963b-58eeedb8ba95@group-D5D0288CE997-LeaderElection218 PRE_VOTE round 0: submit vote requests at term 1 for conf: {index: 0, cur=peers:[9e23e878-9bb3-42b5-8b94-e0e229812e65|127.0.0.1:15023, 13facd30-3950-4310-8b1a-93d004abbbdd|127.0.0.1:15031, 36d876fb-a458-4393-963b-58eeedb8ba95|127.0.0.1:15015]|listeners:[], old=null}
2025-09-13 17:33:22,484 [grpc-default-executor-0] INFO  server.RaftServer$Division (RaftServerImpl.java:requestVote(1421)) - 13facd30-3950-4310-8b1a-93d004abbbdd@group-D5D0288CE997: receive requestVote(PRE_VOTE, 36d876fb-a458-4393-963b-58eeedb8ba95, group-D5D0288CE997, 1, (t:1, i:15))
2025-09-13 17:33:22,484 [grpc-default-executor-10] INFO  server.RaftServer$Division (RaftServerImpl.java:requestVote(1421)) - 9e23e878-9bb3-42b5-8b94-e0e229812e65@group-D5D0288CE997: receive requestVote(PRE_VOTE, 36d876fb-a458-4393-963b-58eeedb8ba95, group-D5D0288CE997, 1, (t:1, i:15))
2025-09-13 17:33:22,484 [grpc-default-executor-0] INFO  impl.VoteContext (VoteContext.java:log(49)) - 13facd30-3950-4310-8b1a-93d004abbbdd@group-D5D0288CE997-FOLLOWER: accept PRE_VOTE from 36d876fb-a458-4393-963b-58eeedb8ba95: our priority 0 <= candidate's priority 1
2025-09-13 17:33:22,484 [grpc-default-executor-10] INFO  impl.VoteContext (VoteContext.java:log(49)) - 9e23e878-9bb3-42b5-8b94-e0e229812e65@group-D5D0288CE997-FOLLOWER: accept PRE_VOTE from 36d876fb-a458-4393-963b-58eeedb8ba95: our priority 0 <= candidate's priority 1
2025-09-13 17:33:22,484 [grpc-default-executor-10] INFO  server.RaftServer$Division (RaftServerImpl.java:requestVote(1455)) - 9e23e878-9bb3-42b5-8b94-e0e229812e65@group-D5D0288CE997 replies to PRE_VOTE vote request: 36d876fb-a458-4393-963b-58eeedb8ba95<-9e23e878-9bb3-42b5-8b94-e0e229812e65#0:OK-t1-last:(t:1, i:15). Peer's state: 9e23e878-9bb3-42b5-8b94-e0e229812e65@group-D5D0288CE997:t1, leader=null, voted=36d876fb-a458-4393-963b-58eeedb8ba95, raftlog=Memoized:9e23e878-9bb3-42b5-8b94-e0e229812e65@group-D5D0288CE997-SegmentedRaftLog:OPENED:c15:last(t:1, i:15), conf=conf: {index: 0, cur=peers:[9e23e878-9bb3-42b5-8b94-e0e229812e65|127.0.0.1:15023, 13facd30-3950-4310-8b1a-93d004abbbdd|127.0.0.1:15031, 36d876fb-a458-4393-963b-58eeedb8ba95|127.0.0.1:15015]|listeners:[], old=null}
2025-09-13 17:33:22,485 [grpc-default-executor-0] INFO  server.RaftServer$Division (RaftServerImpl.java:requestVote(1455)) - 13facd30-3950-4310-8b1a-93d004abbbdd@group-D5D0288CE997 replies to PRE_VOTE vote request: 36d876fb-a458-4393-963b-58eeedb8ba95<-13facd30-3950-4310-8b1a-93d004abbbdd#0:OK-t1-last:(t:1, i:15). Peer's state: 13facd30-3950-4310-8b1a-93d004abbbdd@group-D5D0288CE997:t1, leader=null, voted=36d876fb-a458-4393-963b-58eeedb8ba95, raftlog=Memoized:13facd30-3950-4310-8b1a-93d004abbbdd@group-D5D0288CE997-SegmentedRaftLog:OPENED:c14:last(t:1, i:15), conf=conf: {index: 0, cur=peers:[9e23e878-9bb3-42b5-8b94-e0e229812e65|127.0.0.1:15023, 13facd30-3950-4310-8b1a-93d004abbbdd|127.0.0.1:15031, 36d876fb-a458-4393-963b-58eeedb8ba95|127.0.0.1:15015]|listeners:[], old=null}
2025-09-13 17:33:22,485 [36d876fb-a458-4393-963b-58eeedb8ba95@group-D5D0288CE997-LeaderElection218] INFO  impl.LeaderElection (LeaderElection.java:logAndReturn(206)) - 36d876fb-a458-4393-963b-58eeedb8ba95@group-D5D0288CE997-LeaderElection218: PRE_VOTE PASSED received 1 response(s) and 0 exception(s):
2025-09-13 17:33:22,485 [36d876fb-a458-4393-963b-58eeedb8ba95@group-D5D0288CE997-LeaderElection218] INFO  impl.LeaderElection (LeaderElection.java:logAndReturn(210)) -   Response 0: 36d876fb-a458-4393-963b-58eeedb8ba95<-9e23e878-9bb3-42b5-8b94-e0e229812e65#0:OK-t1-last:(t:1, i:15)
2025-09-13 17:33:22,486 [36d876fb-a458-4393-963b-58eeedb8ba95@group-D5D0288CE997-LeaderElection218] INFO  impl.LeaderElection (LeaderElection.java:askForVotes(450)) - 36d876fb-a458-4393-963b-58eeedb8ba95@group-D5D0288CE997-LeaderElection218 PRE_VOTE round 0: result PASSED
2025-09-13 17:33:22,487 [36d876fb-a458-4393-963b-58eeedb8ba95@group-D5D0288CE997-LeaderElection218] INFO  impl.LeaderElection (LeaderElection.java:askForVotes(448)) - 36d876fb-a458-4393-963b-58eeedb8ba95@group-D5D0288CE997-LeaderElection218 ELECTION round 0: submit vote requests at term 2 for conf: {index: 0, cur=peers:[9e23e878-9bb3-42b5-8b94-e0e229812e65|127.0.0.1:15023, 13facd30-3950-4310-8b1a-93d004abbbdd|127.0.0.1:15031, 36d876fb-a458-4393-963b-58eeedb8ba95|127.0.0.1:15015]|listeners:[], old=null}
2025-09-13 17:33:22,488 [grpc-default-executor-10] INFO  server.RaftServer$Division (RaftServerImpl.java:requestVote(1421)) - 9e23e878-9bb3-42b5-8b94-e0e229812e65@group-D5D0288CE997: receive requestVote(ELECTION, 36d876fb-a458-4393-963b-58eeedb8ba95, group-D5D0288CE997, 2, (t:1, i:15))
2025-09-13 17:33:22,488 [grpc-default-executor-10] INFO  impl.VoteContext (VoteContext.java:log(49)) - 9e23e878-9bb3-42b5-8b94-e0e229812e65@group-D5D0288CE997-FOLLOWER: accept ELECTION from 36d876fb-a458-4393-963b-58eeedb8ba95: our priority 0 <= candidate's priority 1
2025-09-13 17:33:22,488 [grpc-default-executor-10] INFO  server.RaftServer$Division (RaftServerImpl.java:setRole(392)) - 9e23e878-9bb3-42b5-8b94-e0e229812e65@group-D5D0288CE997: changes role from  FOLLOWER to FOLLOWER at term 1 for candidate:36d876fb-a458-4393-963b-58eeedb8ba95
2025-09-13 17:33:22,488 [grpc-default-executor-10] INFO  impl.RoleInfo (RoleInfo.java:shutdownFollowerState(121)) - 9e23e878-9bb3-42b5-8b94-e0e229812e65: shutdown 9e23e878-9bb3-42b5-8b94-e0e229812e65@group-D5D0288CE997-FollowerState
2025-09-13 17:33:22,488 [grpc-default-executor-10] INFO  impl.RoleInfo (RoleInfo.java:updateAndGet(148)) - 9e23e878-9bb3-42b5-8b94-e0e229812e65: start 9e23e878-9bb3-42b5-8b94-e0e229812e65@group-D5D0288CE997-FollowerState
2025-09-13 17:33:22,488 [9e23e878-9bb3-42b5-8b94-e0e229812e65@group-D5D0288CE997-FollowerState] INFO  impl.FollowerState (FollowerState.java:runImpl(170)) - 9e23e878-9bb3-42b5-8b94-e0e229812e65@group-D5D0288CE997-FollowerState was interrupted
2025-09-13 17:33:22,488 [grpc-default-executor-0] INFO  server.RaftServer$Division (RaftServerImpl.java:requestVote(1421)) - 13facd30-3950-4310-8b1a-93d004abbbdd@group-D5D0288CE997: receive requestVote(ELECTION, 36d876fb-a458-4393-963b-58eeedb8ba95, group-D5D0288CE997, 2, (t:1, i:15))
2025-09-13 17:33:22,488 [grpc-default-executor-0] INFO  impl.VoteContext (VoteContext.java:log(49)) - 13facd30-3950-4310-8b1a-93d004abbbdd@group-D5D0288CE997-FOLLOWER: accept ELECTION from 36d876fb-a458-4393-963b-58eeedb8ba95: our priority 0 <= candidate's priority 1
2025-09-13 17:33:22,488 [grpc-default-executor-0] INFO  server.RaftServer$Division (RaftServerImpl.java:setRole(392)) - 13facd30-3950-4310-8b1a-93d004abbbdd@group-D5D0288CE997: changes role from  FOLLOWER to FOLLOWER at term 1 for candidate:36d876fb-a458-4393-963b-58eeedb8ba95
2025-09-13 17:33:22,488 [grpc-default-executor-0] INFO  impl.RoleInfo (RoleInfo.java:shutdownFollowerState(121)) - 13facd30-3950-4310-8b1a-93d004abbbdd: shutdown 13facd30-3950-4310-8b1a-93d004abbbdd@group-D5D0288CE997-FollowerState
2025-09-13 17:33:22,488 [grpc-default-executor-0] INFO  impl.RoleInfo (RoleInfo.java:updateAndGet(148)) - 13facd30-3950-4310-8b1a-93d004abbbdd: start 13facd30-3950-4310-8b1a-93d004abbbdd@group-D5D0288CE997-FollowerState
2025-09-13 17:33:22,489 [13facd30-3950-4310-8b1a-93d004abbbdd@group-D5D0288CE997-FollowerState] INFO  impl.FollowerState (FollowerState.java:runImpl(170)) - 13facd30-3950-4310-8b1a-93d004abbbdd@group-D5D0288CE997-FollowerState was interrupted
2025-09-13 17:33:22,489 [grpc-default-executor-10] INFO  server.RaftServer$Division (RaftServerImpl.java:requestVote(1455)) - 9e23e878-9bb3-42b5-8b94-e0e229812e65@group-D5D0288CE997 replies to ELECTION vote request: 36d876fb-a458-4393-963b-58eeedb8ba95<-9e23e878-9bb3-42b5-8b94-e0e229812e65#0:OK-t2-last:(t:1, i:15). Peer's state: 9e23e878-9bb3-42b5-8b94-e0e229812e65@group-D5D0288CE997:t2, leader=null, voted=36d876fb-a458-4393-963b-58eeedb8ba95, raftlog=Memoized:9e23e878-9bb3-42b5-8b94-e0e229812e65@group-D5D0288CE997-SegmentedRaftLog:OPENED:c15:last(t:1, i:15), conf=conf: {index: 0, cur=peers:[9e23e878-9bb3-42b5-8b94-e0e229812e65|127.0.0.1:15023, 13facd30-3950-4310-8b1a-93d004abbbdd|127.0.0.1:15031, 36d876fb-a458-4393-963b-58eeedb8ba95|127.0.0.1:15015]|listeners:[], old=null}
2025-09-13 17:33:22,490 [36d876fb-a458-4393-963b-58eeedb8ba95@group-D5D0288CE997-LeaderElection218] INFO  impl.LeaderElection (LeaderElection.java:logAndReturn(206)) - 36d876fb-a458-4393-963b-58eeedb8ba95@group-D5D0288CE997-LeaderElection218: ELECTION PASSED received 1 response(s) and 0 exception(s):
2025-09-13 17:33:22,490 [36d876fb-a458-4393-963b-58eeedb8ba95@group-D5D0288CE997-LeaderElection218] INFO  impl.LeaderElection (LeaderElection.java:logAndReturn(210)) -   Response 0: 36d876fb-a458-4393-963b-58eeedb8ba95<-9e23e878-9bb3-42b5-8b94-e0e229812e65#0:OK-t2-last:(t:1, i:15)
2025-09-13 17:33:22,490 [36d876fb-a458-4393-963b-58eeedb8ba95@group-D5D0288CE997-LeaderElection218] INFO  impl.LeaderElection (LeaderElection.java:askForVotes(450)) - 36d876fb-a458-4393-963b-58eeedb8ba95@group-D5D0288CE997-LeaderElection218 ELECTION round 0: result PASSED
2025-09-13 17:33:22,490 [36d876fb-a458-4393-963b-58eeedb8ba95@group-D5D0288CE997-LeaderElection218] INFO  impl.RoleInfo (RoleInfo.java:shutdownLeaderElection(141)) - 36d876fb-a458-4393-963b-58eeedb8ba95: shutdown 36d876fb-a458-4393-963b-58eeedb8ba95@group-D5D0288CE997-LeaderElection218
2025-09-13 17:33:22,490 [36d876fb-a458-4393-963b-58eeedb8ba95@group-D5D0288CE997-LeaderElection218] INFO  server.RaftServer$Division (RaftServerImpl.java:setRole(392)) - 36d876fb-a458-4393-963b-58eeedb8ba95@group-D5D0288CE997: changes role from CANDIDATE to LEADER at term 2 for changeToLeader
2025-09-13 17:33:22,490 [36d876fb-a458-4393-963b-58eeedb8ba95@group-D5D0288CE997-LeaderElection218] INFO  server.RaftServerConfigKeys (ConfUtils.java:logFallback(69)) - raft.server.staging.timeout = 3600ms (fallback to raft.server.rpc.timeout.max)
2025-09-13 17:33:22,491 [36d876fb-a458-4393-963b-58eeedb8ba95@group-D5D0288CE997-LeaderElection218] INFO  server.RaftServerConfigKeys (ConfUtils.java:logGet(62)) - raft.server.write.byte-limit = 1024 M (=1073741824) (custom)
2025-09-13 17:33:22,491 [grpc-default-executor-0] INFO  server.RaftServer$Division (RaftServerImpl.java:requestVote(1455)) - 13facd30-3950-4310-8b1a-93d004abbbdd@group-D5D0288CE997 replies to ELECTION vote request: 36d876fb-a458-4393-963b-58eeedb8ba95<-13facd30-3950-4310-8b1a-93d004abbbdd#0:OK-t2-last:(t:1, i:15). Peer's state: 13facd30-3950-4310-8b1a-93d004abbbdd@group-D5D0288CE997:t2, leader=null, voted=36d876fb-a458-4393-963b-58eeedb8ba95, raftlog=Memoized:13facd30-3950-4310-8b1a-93d004abbbdd@group-D5D0288CE997-SegmentedRaftLog:OPENED:c14:last(t:1, i:15), conf=conf: {index: 0, cur=peers:[9e23e878-9bb3-42b5-8b94-e0e229812e65|127.0.0.1:15023, 13facd30-3950-4310-8b1a-93d004abbbdd|127.0.0.1:15031, 36d876fb-a458-4393-963b-58eeedb8ba95|127.0.0.1:15015]|listeners:[], old=null}
2025-09-13 17:33:22,492 [36d876fb-a458-4393-963b-58eeedb8ba95@group-D5D0288CE997-LeaderElection218] INFO  server.RaftServerConfigKeys (ConfUtils.java:logGet(62)) - raft.server.log.appender.buffer.byte-limit = 33554432 (custom)
2025-09-13 17:33:22,494 [36d876fb-a458-4393-963b-58eeedb8ba95@group-D5D0288CE997-LeaderElection218] INFO  server.RaftServerConfigKeys (ConfUtils.java:logGet(62)) - raft.server.log.appender.buffer.byte-limit = 33554432 (custom)
2025-09-13 17:33:22,494 [36d876fb-a458-4393-963b-58eeedb8ba95@group-D5D0288CE997-LeaderElection218] INFO  impl.RoleInfo (RoleInfo.java:updateAndGet(148)) - 36d876fb-a458-4393-963b-58eeedb8ba95: start 36d876fb-a458-4393-963b-58eeedb8ba95@group-D5D0288CE997-LeaderStateImpl
2025-09-13 17:33:22,494 [36d876fb-a458-4393-963b-58eeedb8ba95@group-D5D0288CE997-LeaderElection218] INFO  server.RaftServer$Division (RaftServerImpl.java:setFirstElection(576)) - 36d876fb-a458-4393-963b-58eeedb8ba95@group-D5D0288CE997: set firstElectionSinceStartup to false for becomeLeader
2025-09-13 17:33:22,494 [36d876fb-a458-4393-963b-58eeedb8ba95@group-D5D0288CE997-LeaderElection218] INFO  ratis.XceiverServerRatis (XceiverServerRatis.java:handleLeaderChangedNotification(932)) - Leader change notification received for group: group-D5D0288CE997 with new leaderId: 36d876fb-a458-4393-963b-58eeedb8ba95
2025-09-13 17:33:22,494 [36d876fb-a458-4393-963b-58eeedb8ba95@group-D5D0288CE997-LeaderElection218] INFO  server.RaftServer$Division (ServerState.java:setLeader(272)) - 36d876fb-a458-4393-963b-58eeedb8ba95@group-D5D0288CE997: change Leader from null to 36d876fb-a458-4393-963b-58eeedb8ba95 at term 2 for becomeLeader, leader elected after 1943ms
2025-09-13 17:33:22,494 [36d876fb-a458-4393-963b-58eeedb8ba95@group-D5D0288CE997-LeaderElection218] INFO  segmented.SegmentedRaftLogWorker (SegmentedRaftLogWorker.java:rollLogSegment(445)) - 36d876fb-a458-4393-963b-58eeedb8ba95@group-D5D0288CE997-SegmentedRaftLogWorker: Rolling segment log-0_15 to index:15
2025-09-13 17:33:22,494 [36d876fb-a458-4393-963b-58eeedb8ba95@group-D5D0288CE997-LeaderElection218] INFO  server.RaftServer$Division (ServerState.java:setRaftConf(386)) - 36d876fb-a458-4393-963b-58eeedb8ba95@group-D5D0288CE997: set configuration conf: {index: 16, cur=peers:[9e23e878-9bb3-42b5-8b94-e0e229812e65|127.0.0.1:15023, 13facd30-3950-4310-8b1a-93d004abbbdd|127.0.0.1:15031, 36d876fb-a458-4393-963b-58eeedb8ba95|127.0.0.1:15015]|listeners:[], old=null}
2025-09-13 17:33:22,495 [36d876fb-a458-4393-963b-58eeedb8ba95@group-D5D0288CE997-SegmentedRaftLogWorker] INFO  segmented.SegmentedRaftLogWorker (SegmentedRaftLogWorker.java:execute(604)) - 36d876fb-a458-4393-963b-58eeedb8ba95@group-D5D0288CE997-SegmentedRaftLogWorker: Rolled log segment from /home/runner/work/ozone/ozone/hadoop-ozone/integration-test/target/test-dir/MiniOzoneClusterImpl-1331a795-ed08-415d-924a-7661a5cf51a5/ozone-metadata/datanode-1/ratis/71f8f458-3dd2-4722-a002-d5d0288ce997/current/log_inprogress_0 to /home/runner/work/ozone/ozone/hadoop-ozone/integration-test/target/test-dir/MiniOzoneClusterImpl-1331a795-ed08-415d-924a-7661a5cf51a5/ozone-metadata/datanode-1/ratis/71f8f458-3dd2-4722-a002-d5d0288ce997/current/log_0-15
2025-09-13 17:33:22,496 [36d876fb-a458-4393-963b-58eeedb8ba95@group-D5D0288CE997-SegmentedRaftLogWorker] INFO  segmented.BufferedWriteChannel (BufferedWriteChannel.java:open(61)) - open log_inprogress_16 at position 0
2025-09-13 17:33:22,497 [grpc-default-executor-0] INFO  ratis.XceiverServerRatis (XceiverServerRatis.java:handleLeaderChangedNotification(932)) - Leader change notification received for group: group-D5D0288CE997 with new leaderId: 36d876fb-a458-4393-963b-58eeedb8ba95
2025-09-13 17:33:22,497 [grpc-default-executor-0] INFO  server.RaftServer$Division (ServerState.java:setLeader(272)) - 9e23e878-9bb3-42b5-8b94-e0e229812e65@group-D5D0288CE997: change Leader from null to 36d876fb-a458-4393-963b-58eeedb8ba95 at term 2 for appendEntries, leader elected after 38625ms
2025-09-13 17:33:22,499 [grpc-default-executor-0] INFO  ratis.XceiverServerRatis (XceiverServerRatis.java:handleLeaderChangedNotification(932)) - Leader change notification received for group: group-D5D0288CE997 with new leaderId: 36d876fb-a458-4393-963b-58eeedb8ba95
2025-09-13 17:33:22,499 [grpc-default-executor-0] INFO  server.RaftServer$Division (ServerState.java:setLeader(272)) - 13facd30-3950-4310-8b1a-93d004abbbdd@group-D5D0288CE997: change Leader from null to 36d876fb-a458-4393-963b-58eeedb8ba95 at term 2 for appendEntries, leader elected after 2191ms
2025-09-13 17:33:22,499 [grpc-default-executor-3] INFO  server.RaftServer$Division (ServerState.java:setRaftConf(386)) - 9e23e878-9bb3-42b5-8b94-e0e229812e65@group-D5D0288CE997: set configuration conf: {index: 16, cur=peers:[9e23e878-9bb3-42b5-8b94-e0e229812e65|127.0.0.1:15023, 13facd30-3950-4310-8b1a-93d004abbbdd|127.0.0.1:15031, 36d876fb-a458-4393-963b-58eeedb8ba95|127.0.0.1:15015]|listeners:[], old=null}
2025-09-13 17:33:22,499 [grpc-default-executor-3] INFO  segmented.SegmentedRaftLogWorker (SegmentedRaftLogWorker.java:rollLogSegment(445)) - 9e23e878-9bb3-42b5-8b94-e0e229812e65@group-D5D0288CE997-SegmentedRaftLogWorker: Rolling segment log-0_15 to index:15
2025-09-13 17:33:22,500 [grpc-default-executor-0] INFO  server.RaftServer$Division (ServerState.java:setRaftConf(386)) - 13facd30-3950-4310-8b1a-93d004abbbdd@group-D5D0288CE997: set configuration conf: {index: 16, cur=peers:[9e23e878-9bb3-42b5-8b94-e0e229812e65|127.0.0.1:15023, 13facd30-3950-4310-8b1a-93d004abbbdd|127.0.0.1:15031, 36d876fb-a458-4393-963b-58eeedb8ba95|127.0.0.1:15015]|listeners:[], old=null}
2025-09-13 17:33:22,500 [grpc-default-executor-0] INFO  segmented.SegmentedRaftLogWorker (SegmentedRaftLogWorker.java:rollLogSegment(445)) - 13facd30-3950-4310-8b1a-93d004abbbdd@group-D5D0288CE997-SegmentedRaftLogWorker: Rolling segment log-0_15 to index:15
2025-09-13 17:33:22,500 [13facd30-3950-4310-8b1a-93d004abbbdd@group-D5D0288CE997-SegmentedRaftLogWorker] INFO  segmented.SegmentedRaftLogWorker (SegmentedRaftLogWorker.java:execute(604)) - 13facd30-3950-4310-8b1a-93d004abbbdd@group-D5D0288CE997-SegmentedRaftLogWorker: Rolled log segment from /home/runner/work/ozone/ozone/hadoop-ozone/integration-test/target/test-dir/MiniOzoneClusterImpl-1331a795-ed08-415d-924a-7661a5cf51a5/ozone-metadata/datanode-3/ratis/71f8f458-3dd2-4722-a002-d5d0288ce997/current/log_inprogress_0 to /home/runner/work/ozone/ozone/hadoop-ozone/integration-test/target/test-dir/MiniOzoneClusterImpl-1331a795-ed08-415d-924a-7661a5cf51a5/ozone-metadata/datanode-3/ratis/71f8f458-3dd2-4722-a002-d5d0288ce997/current/log_0-15
2025-09-13 17:33:22,502 [13facd30-3950-4310-8b1a-93d004abbbdd@group-D5D0288CE997-SegmentedRaftLogWorker] INFO  segmented.BufferedWriteChannel (BufferedWriteChannel.java:open(61)) - open log_inprogress_16 at position 0
2025-09-13 17:33:22,501 [9e23e878-9bb3-42b5-8b94-e0e229812e65@group-D5D0288CE997-SegmentedRaftLogWorker] INFO  segmented.SegmentedRaftLogWorker (SegmentedRaftLogWorker.java:execute(604)) - 9e23e878-9bb3-42b5-8b94-e0e229812e65@group-D5D0288CE997-SegmentedRaftLogWorker: Rolled log segment from /home/runner/work/ozone/ozone/hadoop-ozone/integration-test/target/test-dir/MiniOzoneClusterImpl-1331a795-ed08-415d-924a-7661a5cf51a5/ozone-metadata/datanode-2/ratis/71f8f458-3dd2-4722-a002-d5d0288ce997/current/log_inprogress_0 to /home/runner/work/ozone/ozone/hadoop-ozone/integration-test/target/test-dir/MiniOzoneClusterImpl-1331a795-ed08-415d-924a-7661a5cf51a5/ozone-metadata/datanode-2/ratis/71f8f458-3dd2-4722-a002-d5d0288ce997/current/log_0-15
2025-09-13 17:33:22,504 [9e23e878-9bb3-42b5-8b94-e0e229812e65@group-D5D0288CE997-SegmentedRaftLogWorker] INFO  segmented.BufferedWriteChannel (BufferedWriteChannel.java:open(61)) - open log_inprogress_16 at position 0
2025-09-13 17:33:22,505 [36d876fb-a458-4393-963b-58eeedb8ba95@group-D5D0288CE997-SegmentedRaftLogWorker] INFO  segmented.SegmentedRaftLogWorker (SegmentedRaftLogWorker.java:execute(647)) - 36d876fb-a458-4393-963b-58eeedb8ba95@group-D5D0288CE997-SegmentedRaftLogWorker: created new log segment /home/runner/work/ozone/ozone/hadoop-ozone/integration-test/target/test-dir/MiniOzoneClusterImpl-1331a795-ed08-415d-924a-7661a5cf51a5/ozone-metadata/datanode-1/ratis/71f8f458-3dd2-4722-a002-d5d0288ce997/current/log_inprogress_16
2025-09-13 17:33:22,509 [13facd30-3950-4310-8b1a-93d004abbbdd@group-D5D0288CE997-SegmentedRaftLogWorker] INFO  segmented.SegmentedRaftLogWorker (SegmentedRaftLogWorker.java:execute(647)) - 13facd30-3950-4310-8b1a-93d004abbbdd@group-D5D0288CE997-SegmentedRaftLogWorker: created new log segment /home/runner/work/ozone/ozone/hadoop-ozone/integration-test/target/test-dir/MiniOzoneClusterImpl-1331a795-ed08-415d-924a-7661a5cf51a5/ozone-metadata/datanode-3/ratis/71f8f458-3dd2-4722-a002-d5d0288ce997/current/log_inprogress_16
2025-09-13 17:33:22,510 [9e23e878-9bb3-42b5-8b94-e0e229812e65@group-D5D0288CE997-SegmentedRaftLogWorker] INFO  segmented.SegmentedRaftLogWorker (SegmentedRaftLogWorker.java:execute(647)) - 9e23e878-9bb3-42b5-8b94-e0e229812e65@group-D5D0288CE997-SegmentedRaftLogWorker: created new log segment /home/runner/work/ozone/ozone/hadoop-ozone/integration-test/target/test-dir/MiniOzoneClusterImpl-1331a795-ed08-415d-924a-7661a5cf51a5/ozone-metadata/datanode-2/ratis/71f8f458-3dd2-4722-a002-d5d0288ce997/current/log_inprogress_16
2025-09-13 17:33:22,512 [36d876fb-a458-4393-963b-58eeedb8ba95@group-D5D0288CE997-StateMachineUpdater] INFO  server.RaftServer$Division (LeaderStateImpl.java:checkStartIndex(309)) - Leader 36d876fb-a458-4393-963b-58eeedb8ba95@group-D5D0288CE997-LeaderStateImpl is ready since appliedIndex == startIndex == 16
2025-09-13 17:33:23,563 [36d876fb-a458-4393-963b-58eeedb8ba95@group-CF05563D4821-LeaderStateImpl] INFO  impl.TransferLeadership (TransferLeadership.java:tryTransferLeadership(258)) - 36d876fb-a458-4393-963b-58eeedb8ba95@group-CF05563D4821: start transferring leadership to 13facd30-3950-4310-8b1a-93d004abbbdd
2025-09-13 17:33:23,563 [36d876fb-a458-4393-963b-58eeedb8ba95@group-CF05563D4821-LeaderStateImpl] INFO  impl.TransferLeadership (TransferLeadership.java:sendStartLeaderElection(210)) - 36d876fb-a458-4393-963b-58eeedb8ba95@group-CF05563D4821: sendStartLeaderElection to follower 13facd30-3950-4310-8b1a-93d004abbbdd, lastEntry=(t:3, i:4)
2025-09-13 17:33:23,563 [36d876fb-a458-4393-963b-58eeedb8ba95@group-CF05563D4821-LeaderStateImpl] INFO  impl.TransferLeadership (TransferLeadership.java:tryTransferLeadership(266)) - 36d876fb-a458-4393-963b-58eeedb8ba95@group-CF05563D4821: SUCCESS sent StartLeaderElection to transferee 13facd30-3950-4310-8b1a-93d004abbbdd immediately as it already has up-to-date log
2025-09-13 17:33:23,565 [grpc-default-executor-0] INFO  impl.RoleInfo (RoleInfo.java:shutdownFollowerState(121)) - 13facd30-3950-4310-8b1a-93d004abbbdd: shutdown 13facd30-3950-4310-8b1a-93d004abbbdd@group-CF05563D4821-FollowerState
2025-09-13 17:33:23,565 [grpc-default-executor-0] INFO  server.RaftServer$Division (RaftServerImpl.java:setRole(392)) - 13facd30-3950-4310-8b1a-93d004abbbdd@group-CF05563D4821: changes role from  FOLLOWER to CANDIDATE at term 3 for changeToCandidate
2025-09-13 17:33:23,565 [13facd30-3950-4310-8b1a-93d004abbbdd@group-CF05563D4821-FollowerState] INFO  impl.FollowerState (FollowerState.java:runImpl(170)) - 13facd30-3950-4310-8b1a-93d004abbbdd@group-CF05563D4821-FollowerState was interrupted
2025-09-13 17:33:23,565 [grpc-default-executor-0] INFO  server.RaftServer$Division (ServerState.java:setLeader(272)) - 13facd30-3950-4310-8b1a-93d004abbbdd@group-CF05563D4821: change Leader from 36d876fb-a458-4393-963b-58eeedb8ba95 to null at term 3 for ELECTION
2025-09-13 17:33:23,566 [grpc-default-executor-0] INFO  impl.RoleInfo (RoleInfo.java:updateAndGet(148)) - 13facd30-3950-4310-8b1a-93d004abbbdd: start 13facd30-3950-4310-8b1a-93d004abbbdd@group-CF05563D4821-LeaderElection219
2025-09-13 17:33:23,567 [13facd30-3950-4310-8b1a-93d004abbbdd@group-CF05563D4821-LeaderElection219] INFO  impl.LeaderElection (LeaderElection.java:askForVotes(448)) - 13facd30-3950-4310-8b1a-93d004abbbdd@group-CF05563D4821-LeaderElection219 ELECTION round 0: submit vote requests at term 4 for conf: {index: 3, cur=peers:[9e23e878-9bb3-42b5-8b94-e0e229812e65|127.0.0.1:15023, 13facd30-3950-4310-8b1a-93d004abbbdd|127.0.0.1:15031, 36d876fb-a458-4393-963b-58eeedb8ba95|127.0.0.1:15015]|listeners:[], old=null}
2025-09-13 17:33:23,567 [36d876fb-a458-4393-963b-58eeedb8ba95-server-thread1] INFO  impl.TransferLeadership (TransferLeadership.java:lambda$sendStartLeaderElection$2(224)) - 36d876fb-a458-4393-963b-58eeedb8ba95@group-CF05563D4821: Received startLeaderElection reply from 13facd30-3950-4310-8b1a-93d004abbbdd: success? true
2025-09-13 17:33:23,568 [grpc-default-executor-0] INFO  server.RaftServer$Division (RaftServerImpl.java:requestVote(1421)) - 9e23e878-9bb3-42b5-8b94-e0e229812e65@group-CF05563D4821: receive requestVote(ELECTION, 13facd30-3950-4310-8b1a-93d004abbbdd, group-CF05563D4821, 4, (t:3, i:4))
2025-09-13 17:33:23,568 [grpc-default-executor-0] INFO  impl.VoteContext (VoteContext.java:log(49)) - 9e23e878-9bb3-42b5-8b94-e0e229812e65@group-CF05563D4821-FOLLOWER: accept ELECTION from 13facd30-3950-4310-8b1a-93d004abbbdd: our priority 0 <= candidate's priority 1
2025-09-13 17:33:23,568 [grpc-default-executor-0] INFO  server.RaftServer$Division (RaftServerImpl.java:setRole(392)) - 9e23e878-9bb3-42b5-8b94-e0e229812e65@group-CF05563D4821: changes role from  FOLLOWER to FOLLOWER at term 3 for candidate:13facd30-3950-4310-8b1a-93d004abbbdd
2025-09-13 17:33:23,568 [grpc-default-executor-0] INFO  impl.RoleInfo (RoleInfo.java:shutdownFollowerState(121)) - 9e23e878-9bb3-42b5-8b94-e0e229812e65: shutdown 9e23e878-9bb3-42b5-8b94-e0e229812e65@group-CF05563D4821-FollowerState
2025-09-13 17:33:23,568 [grpc-default-executor-3] INFO  server.RaftServer$Division (RaftServerImpl.java:requestVote(1421)) - 36d876fb-a458-4393-963b-58eeedb8ba95@group-CF05563D4821: receive requestVote(ELECTION, 13facd30-3950-4310-8b1a-93d004abbbdd, group-CF05563D4821, 4, (t:3, i:4))
2025-09-13 17:33:23,568 [grpc-default-executor-0] INFO  server.RaftServer$Division (ServerState.java:setLeader(272)) - 9e23e878-9bb3-42b5-8b94-e0e229812e65@group-CF05563D4821: change Leader from 36d876fb-a458-4393-963b-58eeedb8ba95 to null at term 4 for updateCurrentTerm
2025-09-13 17:33:23,568 [grpc-default-executor-3] INFO  impl.VoteContext (VoteContext.java:log(49)) - 36d876fb-a458-4393-963b-58eeedb8ba95@group-CF05563D4821-LEADER: accept ELECTION from 13facd30-3950-4310-8b1a-93d004abbbdd: our priority 0 <= candidate's priority 1
2025-09-13 17:33:23,568 [grpc-default-executor-0] INFO  impl.RoleInfo (RoleInfo.java:updateAndGet(148)) - 9e23e878-9bb3-42b5-8b94-e0e229812e65: start 9e23e878-9bb3-42b5-8b94-e0e229812e65@group-CF05563D4821-FollowerState
2025-09-13 17:33:23,568 [grpc-default-executor-3] INFO  server.RaftServer$Division (RaftServerImpl.java:setRole(392)) - 36d876fb-a458-4393-963b-58eeedb8ba95@group-CF05563D4821: changes role from    LEADER to FOLLOWER at term 3 for candidate:13facd30-3950-4310-8b1a-93d004abbbdd
2025-09-13 17:33:23,568 [grpc-default-executor-3] INFO  impl.RoleInfo (RoleInfo.java:shutdownLeaderState(103)) - 36d876fb-a458-4393-963b-58eeedb8ba95: shutdown 36d876fb-a458-4393-963b-58eeedb8ba95@group-CF05563D4821-LeaderStateImpl
2025-09-13 17:33:23,568 [36d876fb-a458-4393-963b-58eeedb8ba95@group-CF05563D4821->13facd30-3950-4310-8b1a-93d004abbbdd-GrpcLogAppender-LogAppenderDaemon] WARN  server.GrpcLogAppender (GrpcLogAppender.java:mayWait(300)) - 36d876fb-a458-4393-963b-58eeedb8ba95@group-CF05563D4821->13facd30-3950-4310-8b1a-93d004abbbdd-GrpcLogAppender: Wait interrupted by java.lang.InterruptedException
2025-09-13 17:33:23,568 [grpc-default-executor-3] INFO  impl.PendingRequests (PendingRequests.java:sendNotLeaderResponses(287)) - 36d876fb-a458-4393-963b-58eeedb8ba95@group-CF05563D4821-PendingRequests: sendNotLeaderResponses
2025-09-13 17:33:23,570 [grpc-default-executor-3] INFO  server.RaftServer$Division (ServerState.java:setLeader(272)) - 36d876fb-a458-4393-963b-58eeedb8ba95@group-CF05563D4821: change Leader from 36d876fb-a458-4393-963b-58eeedb8ba95 to null at term 3 for candidate:13facd30-3950-4310-8b1a-93d004abbbdd
2025-09-13 17:33:23,570 [grpc-default-executor-3] INFO  impl.RoleInfo (RoleInfo.java:updateAndGet(148)) - 36d876fb-a458-4393-963b-58eeedb8ba95: start 36d876fb-a458-4393-963b-58eeedb8ba95@group-CF05563D4821-FollowerState
2025-09-13 17:33:23,570 [9e23e878-9bb3-42b5-8b94-e0e229812e65@group-CF05563D4821-FollowerState] INFO  impl.FollowerState (FollowerState.java:runImpl(170)) - 9e23e878-9bb3-42b5-8b94-e0e229812e65@group-CF05563D4821-FollowerState was interrupted
2025-09-13 17:33:23,570 [36d876fb-a458-4393-963b-58eeedb8ba95@group-CF05563D4821->9e23e878-9bb3-42b5-8b94-e0e229812e65-GrpcLogAppender-LogAppenderDaemon] WARN  server.GrpcLogAppender (GrpcLogAppender.java:mayWait(300)) - 36d876fb-a458-4393-963b-58eeedb8ba95@group-CF05563D4821->9e23e878-9bb3-42b5-8b94-e0e229812e65-GrpcLogAppender: Wait interrupted by java.lang.InterruptedException
2025-09-13 17:33:23,570 [grpc-default-executor-11] INFO  server.GrpcServerProtocolService (GrpcServerProtocolService.java:lambda$onCompleted$6(171)) - 13facd30-3950-4310-8b1a-93d004abbbdd: Completed APPEND_ENTRIES, lastRequest: 36d876fb-a458-4393-963b-58eeedb8ba95->13facd30-3950-4310-8b1a-93d004abbbdd#5-t3,previous=(t:3, i:3),leaderCommit=3,initializing? false,entries: size=1, first=(t:3, i:4), METADATAENTRY(c:3) 
2025-09-13 17:33:23,571 [grpc-default-executor-11] INFO  server.GrpcServerProtocolService (GrpcServerProtocolService.java:lambda$null$7(175)) - 13facd30-3950-4310-8b1a-93d004abbbdd: Completed APPEND_ENTRIES, lastReply: null 
2025-09-13 17:33:23,571 [grpc-default-executor-8] INFO  server.GrpcServerProtocolService (GrpcServerProtocolService.java:lambda$onCompleted$6(171)) - 9e23e878-9bb3-42b5-8b94-e0e229812e65: Completed APPEND_ENTRIES, lastRequest: 36d876fb-a458-4393-963b-58eeedb8ba95->9e23e878-9bb3-42b5-8b94-e0e229812e65#2-t3,previous=(t:3, i:3),leaderCommit=3,initializing? false,entries: size=1, first=(t:3, i:4), METADATAENTRY(c:3) 
2025-09-13 17:33:23,571 [grpc-default-executor-8] INFO  server.GrpcServerProtocolService (GrpcServerProtocolService.java:lambda$null$7(175)) - 9e23e878-9bb3-42b5-8b94-e0e229812e65: Completed APPEND_ENTRIES, lastReply: null 
2025-09-13 17:33:23,571 [grpc-default-executor-8] INFO  server.GrpcLogAppender (GrpcLogAppender.java:onCompleted(558)) - 36d876fb-a458-4393-963b-58eeedb8ba95@group-CF05563D4821->9e23e878-9bb3-42b5-8b94-e0e229812e65-AppendLogResponseHandler: follower responses appendEntries COMPLETED
2025-09-13 17:33:23,571 [grpc-default-executor-1] INFO  server.GrpcLogAppender (GrpcLogAppender.java:onCompleted(558)) - 36d876fb-a458-4393-963b-58eeedb8ba95@group-CF05563D4821->13facd30-3950-4310-8b1a-93d004abbbdd-AppendLogResponseHandler: follower responses appendEntries COMPLETED
2025-09-13 17:33:23,572 [grpc-default-executor-10] INFO  server.GrpcLogAppender (GrpcLogAppender.java:onCompleted(558)) - 36d876fb-a458-4393-963b-58eeedb8ba95@group-CF05563D4821->9e23e878-9bb3-42b5-8b94-e0e229812e65-AppendLogResponseHandler: follower responses appendEntries COMPLETED
2025-09-13 17:33:23,572 [grpc-default-executor-10] INFO  server.GrpcLogAppender (GrpcLogAppender.java:onCompleted(558)) - 36d876fb-a458-4393-963b-58eeedb8ba95@group-CF05563D4821->13facd30-3950-4310-8b1a-93d004abbbdd-AppendLogResponseHandler: follower responses appendEntries COMPLETED
2025-09-13 17:33:23,572 [grpc-default-executor-0] INFO  server.RaftServer$Division (RaftServerImpl.java:requestVote(1455)) - 9e23e878-9bb3-42b5-8b94-e0e229812e65@group-CF05563D4821 replies to ELECTION vote request: 13facd30-3950-4310-8b1a-93d004abbbdd<-9e23e878-9bb3-42b5-8b94-e0e229812e65#0:OK-t4-last:(t:3, i:4). Peer's state: 9e23e878-9bb3-42b5-8b94-e0e229812e65@group-CF05563D4821:t4, leader=null, voted=13facd30-3950-4310-8b1a-93d004abbbdd, raftlog=Memoized:9e23e878-9bb3-42b5-8b94-e0e229812e65@group-CF05563D4821-SegmentedRaftLog:OPENED:c4:last(t:3, i:4), conf=conf: {index: 3, cur=peers:[9e23e878-9bb3-42b5-8b94-e0e229812e65|127.0.0.1:15023, 13facd30-3950-4310-8b1a-93d004abbbdd|127.0.0.1:15031, 36d876fb-a458-4393-963b-58eeedb8ba95|127.0.0.1:15015]|listeners:[], old=null}
2025-09-13 17:33:23,573 [grpc-default-executor-3] INFO  server.RaftServer$Division (RaftServerImpl.java:requestVote(1455)) - 36d876fb-a458-4393-963b-58eeedb8ba95@group-CF05563D4821 replies to ELECTION vote request: 13facd30-3950-4310-8b1a-93d004abbbdd<-36d876fb-a458-4393-963b-58eeedb8ba95#0:OK-t4-last:(t:3, i:4). Peer's state: 36d876fb-a458-4393-963b-58eeedb8ba95@group-CF05563D4821:t4, leader=null, voted=13facd30-3950-4310-8b1a-93d004abbbdd, raftlog=Memoized:36d876fb-a458-4393-963b-58eeedb8ba95@group-CF05563D4821-SegmentedRaftLog:OPENED:c4:last(t:3, i:4), conf=conf: {index: 3, cur=peers:[9e23e878-9bb3-42b5-8b94-e0e229812e65|127.0.0.1:15023, 13facd30-3950-4310-8b1a-93d004abbbdd|127.0.0.1:15031, 36d876fb-a458-4393-963b-58eeedb8ba95|127.0.0.1:15015]|listeners:[], old=null}
2025-09-13 17:33:23,573 [13facd30-3950-4310-8b1a-93d004abbbdd@group-CF05563D4821-LeaderElection219] INFO  impl.LeaderElection (LeaderElection.java:logAndReturn(206)) - 13facd30-3950-4310-8b1a-93d004abbbdd@group-CF05563D4821-LeaderElection219: ELECTION PASSED received 1 response(s) and 0 exception(s):
2025-09-13 17:33:23,573 [13facd30-3950-4310-8b1a-93d004abbbdd@group-CF05563D4821-LeaderElection219] INFO  impl.LeaderElection (LeaderElection.java:logAndReturn(210)) -   Response 0: 13facd30-3950-4310-8b1a-93d004abbbdd<-9e23e878-9bb3-42b5-8b94-e0e229812e65#0:OK-t4-last:(t:3, i:4)
2025-09-13 17:33:23,573 [13facd30-3950-4310-8b1a-93d004abbbdd@group-CF05563D4821-LeaderElection219] INFO  impl.LeaderElection (LeaderElection.java:askForVotes(450)) - 13facd30-3950-4310-8b1a-93d004abbbdd@group-CF05563D4821-LeaderElection219 ELECTION round 0: result PASSED
2025-09-13 17:33:23,573 [13facd30-3950-4310-8b1a-93d004abbbdd@group-CF05563D4821-LeaderElection219] INFO  impl.RoleInfo (RoleInfo.java:shutdownLeaderElection(141)) - 13facd30-3950-4310-8b1a-93d004abbbdd: shutdown 13facd30-3950-4310-8b1a-93d004abbbdd@group-CF05563D4821-LeaderElection219
2025-09-13 17:33:23,573 [13facd30-3950-4310-8b1a-93d004abbbdd@group-CF05563D4821-LeaderElection219] INFO  server.RaftServer$Division (RaftServerImpl.java:setRole(392)) - 13facd30-3950-4310-8b1a-93d004abbbdd@group-CF05563D4821: changes role from CANDIDATE to LEADER at term 4 for changeToLeader
2025-09-13 17:33:23,573 [13facd30-3950-4310-8b1a-93d004abbbdd@group-CF05563D4821-LeaderElection219] INFO  server.RaftServerConfigKeys (ConfUtils.java:logFallback(69)) - raft.server.staging.timeout = 3600ms (fallback to raft.server.rpc.timeout.max)
2025-09-13 17:33:23,574 [13facd30-3950-4310-8b1a-93d004abbbdd@group-CF05563D4821-LeaderElection219] INFO  server.RaftServerConfigKeys (ConfUtils.java:logGet(62)) - raft.server.write.byte-limit = 1024 M (=1073741824) (custom)
2025-09-13 17:33:23,575 [13facd30-3950-4310-8b1a-93d004abbbdd@group-CF05563D4821-LeaderElection219] INFO  server.RaftServerConfigKeys (ConfUtils.java:logGet(62)) - raft.server.log.appender.buffer.byte-limit = 33554432 (custom)
2025-09-13 17:33:23,576 [13facd30-3950-4310-8b1a-93d004abbbdd@group-CF05563D4821-LeaderElection219] INFO  server.RaftServerConfigKeys (ConfUtils.java:logGet(62)) - raft.server.log.appender.buffer.byte-limit = 33554432 (custom)
2025-09-13 17:33:23,576 [13facd30-3950-4310-8b1a-93d004abbbdd@group-CF05563D4821-LeaderElection219] INFO  impl.RoleInfo (RoleInfo.java:updateAndGet(148)) - 13facd30-3950-4310-8b1a-93d004abbbdd: start 13facd30-3950-4310-8b1a-93d004abbbdd@group-CF05563D4821-LeaderStateImpl
2025-09-13 17:33:23,577 [13facd30-3950-4310-8b1a-93d004abbbdd@group-CF05563D4821-LeaderElection219] INFO  ratis.XceiverServerRatis (XceiverServerRatis.java:handleLeaderChangedNotification(932)) - Leader change notification received for group: group-CF05563D4821 with new leaderId: 13facd30-3950-4310-8b1a-93d004abbbdd
2025-09-13 17:33:23,577 [13facd30-3950-4310-8b1a-93d004abbbdd@group-CF05563D4821-LeaderElection219] INFO  server.RaftServer$Division (ServerState.java:setLeader(272)) - 13facd30-3950-4310-8b1a-93d004abbbdd@group-CF05563D4821: change Leader from null to 13facd30-3950-4310-8b1a-93d004abbbdd at term 4 for becomeLeader, leader elected after 11ms
2025-09-13 17:33:23,577 [13facd30-3950-4310-8b1a-93d004abbbdd@group-CF05563D4821-LeaderElection219] INFO  segmented.SegmentedRaftLogWorker (SegmentedRaftLogWorker.java:rollLogSegment(445)) - 13facd30-3950-4310-8b1a-93d004abbbdd@group-CF05563D4821-SegmentedRaftLogWorker: Rolling segment log-3_4 to index:4
2025-09-13 17:33:23,577 [13facd30-3950-4310-8b1a-93d004abbbdd@group-CF05563D4821-LeaderElection219] INFO  server.RaftServer$Division (ServerState.java:setRaftConf(386)) - 13facd30-3950-4310-8b1a-93d004abbbdd@group-CF05563D4821: set configuration conf: {index: 5, cur=peers:[9e23e878-9bb3-42b5-8b94-e0e229812e65|127.0.0.1:15023, 13facd30-3950-4310-8b1a-93d004abbbdd|127.0.0.1:15031, 36d876fb-a458-4393-963b-58eeedb8ba95|127.0.0.1:15015]|listeners:[], old=null}
2025-09-13 17:33:23,579 [13facd30-3950-4310-8b1a-93d004abbbdd@group-CF05563D4821-SegmentedRaftLogWorker] INFO  segmented.SegmentedRaftLogWorker (SegmentedRaftLogWorker.java:execute(604)) - 13facd30-3950-4310-8b1a-93d004abbbdd@group-CF05563D4821-SegmentedRaftLogWorker: Rolled log segment from /home/runner/work/ozone/ozone/hadoop-ozone/integration-test/target/test-dir/MiniOzoneClusterImpl-1331a795-ed08-415d-924a-7661a5cf51a5/ozone-metadata/datanode-3/ratis/59c25a4c-b008-4c23-bf2e-cf05563d4821/current/log_inprogress_3 to /home/runner/work/ozone/ozone/hadoop-ozone/integration-test/target/test-dir/MiniOzoneClusterImpl-1331a795-ed08-415d-924a-7661a5cf51a5/ozone-metadata/datanode-3/ratis/59c25a4c-b008-4c23-bf2e-cf05563d4821/current/log_3-4
2025-09-13 17:33:23,579 [13facd30-3950-4310-8b1a-93d004abbbdd@group-CF05563D4821-SegmentedRaftLogWorker] INFO  segmented.BufferedWriteChannel (BufferedWriteChannel.java:open(61)) - open log_inprogress_5 at position 0
2025-09-13 17:33:23,585 [13facd30-3950-4310-8b1a-93d004abbbdd@group-CF05563D4821-SegmentedRaftLogWorker] INFO  segmented.SegmentedRaftLogWorker (SegmentedRaftLogWorker.java:execute(647)) - 13facd30-3950-4310-8b1a-93d004abbbdd@group-CF05563D4821-SegmentedRaftLogWorker: created new log segment /home/runner/work/ozone/ozone/hadoop-ozone/integration-test/target/test-dir/MiniOzoneClusterImpl-1331a795-ed08-415d-924a-7661a5cf51a5/ozone-metadata/datanode-3/ratis/59c25a4c-b008-4c23-bf2e-cf05563d4821/current/log_inprogress_5
2025-09-13 17:33:23,587 [grpc-default-executor-3] INFO  ratis.XceiverServerRatis (XceiverServerRatis.java:handleLeaderChangedNotification(932)) - Leader change notification received for group: group-CF05563D4821 with new leaderId: 13facd30-3950-4310-8b1a-93d004abbbdd
2025-09-13 17:33:23,587 [grpc-default-executor-3] INFO  server.RaftServer$Division (ServerState.java:setLeader(272)) - 9e23e878-9bb3-42b5-8b94-e0e229812e65@group-CF05563D4821: change Leader from null to 13facd30-3950-4310-8b1a-93d004abbbdd at term 4 for appendEntries, leader elected after 18ms
2025-09-13 17:33:23,587 [grpc-default-executor-9] INFO  ratis.XceiverServerRatis (XceiverServerRatis.java:handleLeaderChangedNotification(932)) - Leader change notification received for group: group-CF05563D4821 with new leaderId: 13facd30-3950-4310-8b1a-93d004abbbdd
2025-09-13 17:33:23,587 [grpc-default-executor-9] INFO  server.RaftServer$Division (ServerState.java:setLeader(272)) - 36d876fb-a458-4393-963b-58eeedb8ba95@group-CF05563D4821: change Leader from null to 13facd30-3950-4310-8b1a-93d004abbbdd at term 4 for appendEntries, leader elected after 17ms
2025-09-13 17:33:23,588 [grpc-default-executor-9] INFO  server.RaftServer$Division (ServerState.java:setRaftConf(386)) - 36d876fb-a458-4393-963b-58eeedb8ba95@group-CF05563D4821: set configuration conf: {index: 5, cur=peers:[9e23e878-9bb3-42b5-8b94-e0e229812e65|127.0.0.1:15023, 13facd30-3950-4310-8b1a-93d004abbbdd|127.0.0.1:15031, 36d876fb-a458-4393-963b-58eeedb8ba95|127.0.0.1:15015]|listeners:[], old=null}
2025-09-13 17:33:23,589 [grpc-default-executor-9] INFO  segmented.SegmentedRaftLogWorker (SegmentedRaftLogWorker.java:rollLogSegment(445)) - 36d876fb-a458-4393-963b-58eeedb8ba95@group-CF05563D4821-SegmentedRaftLogWorker: Rolling segment log-3_4 to index:4
2025-09-13 17:33:23,588 [grpc-default-executor-3] INFO  server.RaftServer$Division (ServerState.java:setRaftConf(386)) - 9e23e878-9bb3-42b5-8b94-e0e229812e65@group-CF05563D4821: set configuration conf: {index: 5, cur=peers:[9e23e878-9bb3-42b5-8b94-e0e229812e65|127.0.0.1:15023, 13facd30-3950-4310-8b1a-93d004abbbdd|127.0.0.1:15031, 36d876fb-a458-4393-963b-58eeedb8ba95|127.0.0.1:15015]|listeners:[], old=null}
2025-09-13 17:33:23,589 [grpc-default-executor-3] INFO  segmented.SegmentedRaftLogWorker (SegmentedRaftLogWorker.java:rollLogSegment(445)) - 9e23e878-9bb3-42b5-8b94-e0e229812e65@group-CF05563D4821-SegmentedRaftLogWorker: Rolling segment log-3_4 to index:4
2025-09-13 17:33:23,590 [36d876fb-a458-4393-963b-58eeedb8ba95@group-CF05563D4821-SegmentedRaftLogWorker] INFO  segmented.SegmentedRaftLogWorker (SegmentedRaftLogWorker.java:execute(604)) - 36d876fb-a458-4393-963b-58eeedb8ba95@group-CF05563D4821-SegmentedRaftLogWorker: Rolled log segment from /home/runner/work/ozone/ozone/hadoop-ozone/integration-test/target/test-dir/MiniOzoneClusterImpl-1331a795-ed08-415d-924a-7661a5cf51a5/ozone-metadata/datanode-1/ratis/59c25a4c-b008-4c23-bf2e-cf05563d4821/current/log_inprogress_3 to /home/runner/work/ozone/ozone/hadoop-ozone/integration-test/target/test-dir/MiniOzoneClusterImpl-1331a795-ed08-415d-924a-7661a5cf51a5/ozone-metadata/datanode-1/ratis/59c25a4c-b008-4c23-bf2e-cf05563d4821/current/log_3-4
2025-09-13 17:33:23,590 [9e23e878-9bb3-42b5-8b94-e0e229812e65@group-CF05563D4821-SegmentedRaftLogWorker] INFO  segmented.SegmentedRaftLogWorker (SegmentedRaftLogWorker.java:execute(604)) - 9e23e878-9bb3-42b5-8b94-e0e229812e65@group-CF05563D4821-SegmentedRaftLogWorker: Rolled log segment from /home/runner/work/ozone/ozone/hadoop-ozone/integration-test/target/test-dir/MiniOzoneClusterImpl-1331a795-ed08-415d-924a-7661a5cf51a5/ozone-metadata/datanode-2/ratis/59c25a4c-b008-4c23-bf2e-cf05563d4821/current/log_inprogress_3 to /home/runner/work/ozone/ozone/hadoop-ozone/integration-test/target/test-dir/MiniOzoneClusterImpl-1331a795-ed08-415d-924a-7661a5cf51a5/ozone-metadata/datanode-2/ratis/59c25a4c-b008-4c23-bf2e-cf05563d4821/current/log_3-4
2025-09-13 17:33:23,590 [36d876fb-a458-4393-963b-58eeedb8ba95@group-CF05563D4821-SegmentedRaftLogWorker] INFO  segmented.BufferedWriteChannel (BufferedWriteChannel.java:open(61)) - open log_inprogress_5 at position 0
2025-09-13 17:33:23,590 [9e23e878-9bb3-42b5-8b94-e0e229812e65@group-CF05563D4821-SegmentedRaftLogWorker] INFO  segmented.BufferedWriteChannel (BufferedWriteChannel.java:open(61)) - open log_inprogress_5 at position 0
2025-09-13 17:33:23,596 [9e23e878-9bb3-42b5-8b94-e0e229812e65@group-CF05563D4821-SegmentedRaftLogWorker] INFO  segmented.SegmentedRaftLogWorker (SegmentedRaftLogWorker.java:execute(647)) - 9e23e878-9bb3-42b5-8b94-e0e229812e65@group-CF05563D4821-SegmentedRaftLogWorker: created new log segment /home/runner/work/ozone/ozone/hadoop-ozone/integration-test/target/test-dir/MiniOzoneClusterImpl-1331a795-ed08-415d-924a-7661a5cf51a5/ozone-metadata/datanode-2/ratis/59c25a4c-b008-4c23-bf2e-cf05563d4821/current/log_inprogress_5
2025-09-13 17:33:23,597 [36d876fb-a458-4393-963b-58eeedb8ba95@group-CF05563D4821-SegmentedRaftLogWorker] INFO  segmented.SegmentedRaftLogWorker (SegmentedRaftLogWorker.java:execute(647)) - 36d876fb-a458-4393-963b-58eeedb8ba95@group-CF05563D4821-SegmentedRaftLogWorker: created new log segment /home/runner/work/ozone/ozone/hadoop-ozone/integration-test/target/test-dir/MiniOzoneClusterImpl-1331a795-ed08-415d-924a-7661a5cf51a5/ozone-metadata/datanode-1/ratis/59c25a4c-b008-4c23-bf2e-cf05563d4821/current/log_inprogress_5
2025-09-13 17:33:23,599 [13facd30-3950-4310-8b1a-93d004abbbdd@group-CF05563D4821-StateMachineUpdater] INFO  server.RaftServer$Division (LeaderStateImpl.java:checkStartIndex(309)) - Leader 13facd30-3950-4310-8b1a-93d004abbbdd@group-CF05563D4821-LeaderStateImpl is ready since appliedIndex == startIndex == 5
2025-09-13 17:33:25,498 [grpc-default-executor-9] ERROR impl.OrderedAsync (OrderedAsync.java:lambda$null$6(215)) -  client-6B3875304329: Failed* RaftClientRequest:client-6B3875304329->9e23e878-9bb3-42b5-8b94-e0e229812e65@group-D5D0288CE997, cid=55, seq=1*, Watch(0), null
java.util.concurrent.CompletionException: org.apache.ratis.protocol.exceptions.NotLeaderException: Server 9e23e878-9bb3-42b5-8b94-e0e229812e65@group-D5D0288CE997 is not the leader, suggested leader is: 36d876fb-a458-4393-963b-58eeedb8ba95|127.0.0.1:15015
	at java.base/java.util.concurrent.CompletableFuture.encodeThrowable(CompletableFuture.java:332)
	at java.base/java.util.concurrent.CompletableFuture.completeThrowable(CompletableFuture.java:347)
	at java.base/java.util.concurrent.CompletableFuture$UniAccept.tryFire(CompletableFuture.java:708)
	at java.base/java.util.concurrent.CompletableFuture.postComplete(CompletableFuture.java:510)
	at java.base/java.util.concurrent.CompletableFuture.completeExceptionally(CompletableFuture.java:2194)
	at org.apache.ratis.grpc.client.GrpcClientProtocolClient$AsyncStreamObservers.completeReplyExceptionally(GrpcClientProtocolClient.java:397)
	at org.apache.ratis.grpc.client.GrpcClientProtocolClient$AsyncStreamObservers.access$000(GrpcClientProtocolClient.java:303)
	at org.apache.ratis.grpc.client.GrpcClientProtocolClient$AsyncStreamObservers$1.onNext(GrpcClientProtocolClient.java:317)
	at org.apache.ratis.grpc.client.GrpcClientProtocolClient$AsyncStreamObservers$1.onNext(GrpcClientProtocolClient.java:308)
	at org.apache.ratis.thirdparty.io.grpc.stub.ClientCalls$StreamObserverToCallListenerAdapter.onMessage(ClientCalls.java:551)
	at org.apache.ratis.thirdparty.io.grpc.ForwardingClientCallListener.onMessage(ForwardingClientCallListener.java:33)
	at org.apache.ratis.thirdparty.io.grpc.internal.DelayedClientCall$DelayedListener.onMessage(DelayedClientCall.java:473)
	at org.apache.ratis.thirdparty.io.grpc.internal.ClientCallImpl$ClientStreamListenerImpl$1MessagesAvailable.runInternal(ClientCallImpl.java:661)
	at org.apache.ratis.thirdparty.io.grpc.internal.ClientCallImpl$ClientStreamListenerImpl$1MessagesAvailable.runInContext(ClientCallImpl.java:648)
	at org.apache.ratis.thirdparty.io.grpc.internal.ContextRunnable.run(ContextRunnable.java:37)
	at org.apache.ratis.thirdparty.io.grpc.internal.SerializingExecutor.run(SerializingExecutor.java:133)
	at java.base/java.util.concurrent.ThreadPoolExecutor.runWorker(ThreadPoolExecutor.java:1144)
	at java.base/java.util.concurrent.ThreadPoolExecutor$Worker.run(ThreadPoolExecutor.java:642)
	at java.base/java.lang.Thread.run(Thread.java:1583)
Caused by: org.apache.ratis.protocol.exceptions.NotLeaderException: Server 9e23e878-9bb3-42b5-8b94-e0e229812e65@group-D5D0288CE997 is not the leader, suggested leader is: 36d876fb-a458-4393-963b-58eeedb8ba95|127.0.0.1:15015
	at org.apache.ratis.client.impl.ClientProtoUtils.toRaftClientReply(ClientProtoUtils.java:402)
	at org.apache.ratis.grpc.client.GrpcClientProtocolClient$AsyncStreamObservers$1.onNext(GrpcClientProtocolClient.java:313)
	... 11 more
2025-09-13 17:33:25,538 [ForkJoinPool-1-worker-1] INFO  ozoneimpl.OzoneContainer (OzoneContainer.java:stop(549)) - Attempting to stop container services.
2025-09-13 17:33:25,539 [ContainerMetadataScanner] WARN  ozoneimpl.AbstractBackgroundContainerScanner (AbstractBackgroundContainerScanner.java:handleRemainingSleep(136)) - Background container scan was interrupted.
2025-09-13 17:33:25,539 [ContainerMetadataScanner] INFO  ozoneimpl.AbstractBackgroundContainerScanner (AbstractBackgroundContainerScanner.java:run(63)) - org.apache.hadoop.ozone.container.ozoneimpl.BackgroundContainerMetadataScanner@7d2514b7 exiting.
2025-09-13 17:33:25,539 [ForkJoinPool-1-worker-1] INFO  ozoneimpl.BackgroundContainerDataScanner (BackgroundContainerDataScanner.java:shutdown(87)) - ContainerDataScanner(/home/runner/work/ozone/ozone/hadoop-ozone/integration-test/target/test-dir/MiniOzoneClusterImpl-1331a795-ed08-415d-924a-7661a5cf51a5/ozone-metadata/datanode-3/data-0/hdds) is shutting down. 
2025-09-13 17:33:25,539 [ContainerDataScanner(/home/runner/work/ozone/ozone/hadoop-ozone/integration-test/target/test-dir/MiniOzoneClusterImpl-1331a795-ed08-415d-924a-7661a5cf51a5/ozone-metadata/datanode-3/data-0/hdds)] WARN  ozoneimpl.AbstractBackgroundContainerScanner (AbstractBackgroundContainerScanner.java:handleRemainingSleep(136)) - Background container scan was interrupted.
2025-09-13 17:33:25,539 [ContainerDataScanner(/home/runner/work/ozone/ozone/hadoop-ozone/integration-test/target/test-dir/MiniOzoneClusterImpl-1331a795-ed08-415d-924a-7661a5cf51a5/ozone-metadata/datanode-3/data-0/hdds)] INFO  ozoneimpl.AbstractBackgroundContainerScanner (AbstractBackgroundContainerScanner.java:run(63)) - ContainerDataScanner(/home/runner/work/ozone/ozone/hadoop-ozone/integration-test/target/test-dir/MiniOzoneClusterImpl-1331a795-ed08-415d-924a-7661a5cf51a5/ozone-metadata/datanode-3/data-0/hdds, DS-7c74f027-72de-49ce-b83a-c2c2856c274d) exiting.
2025-09-13 17:33:25,539 [ForkJoinPool-1-worker-1] INFO  ozoneimpl.OnDemandContainerScanner (OnDemandContainerScanner.java:shutdown(141)) - On-demand container scanner is shutting down.
2025-09-13 17:33:25,539 [ForkJoinPool-1-worker-1] INFO  ratis.XceiverServerRatis (XceiverServerRatis.java:stop(595)) - Closing XceiverServerRatis(13facd30-3950-4310-8b1a-93d004abbbdd)
2025-09-13 17:33:25,539 [ForkJoinPool-1-worker-1] INFO  server.RaftServer (RaftServerProxy.java:lambda$close$9(422)) - 13facd30-3950-4310-8b1a-93d004abbbdd: close
2025-09-13 17:33:25,540 [13facd30-3950-4310-8b1a-93d004abbbdd-impl-thread2] INFO  server.RaftServer$Division (RaftServerImpl.java:lambda$close$1(527)) - 13facd30-3950-4310-8b1a-93d004abbbdd@group-CF05563D4821: shutdown
2025-09-13 17:33:25,540 [13facd30-3950-4310-8b1a-93d004abbbdd-impl-thread2] INFO  util.JmxRegister (JmxRegister.java:unregister(74)) - Successfully un-registered JMX Bean with object name Ratis:service=RaftServer,group=group-CF05563D4821,id=13facd30-3950-4310-8b1a-93d004abbbdd
2025-09-13 17:33:25,540 [13facd30-3950-4310-8b1a-93d004abbbdd-impl-thread2] INFO  impl.RoleInfo (RoleInfo.java:shutdownLeaderState(103)) - 13facd30-3950-4310-8b1a-93d004abbbdd: shutdown 13facd30-3950-4310-8b1a-93d004abbbdd@group-CF05563D4821-LeaderStateImpl
2025-09-13 17:33:25,540 [13facd30-3950-4310-8b1a-93d004abbbdd-impl-thread2] INFO  impl.PendingRequests (PendingRequests.java:sendNotLeaderResponses(287)) - 13facd30-3950-4310-8b1a-93d004abbbdd@group-CF05563D4821-PendingRequests: sendNotLeaderResponses
2025-09-13 17:33:25,540 [13facd30-3950-4310-8b1a-93d004abbbdd@group-CF05563D4821->36d876fb-a458-4393-963b-58eeedb8ba95-GrpcLogAppender-LogAppenderDaemon] WARN  server.GrpcLogAppender (GrpcLogAppender.java:mayWait(300)) - 13facd30-3950-4310-8b1a-93d004abbbdd@group-CF05563D4821->36d876fb-a458-4393-963b-58eeedb8ba95-GrpcLogAppender: Wait interrupted by java.lang.InterruptedException
2025-09-13 17:33:25,540 [13facd30-3950-4310-8b1a-93d004abbbdd@group-CF05563D4821->9e23e878-9bb3-42b5-8b94-e0e229812e65-GrpcLogAppender-LogAppenderDaemon] WARN  server.GrpcLogAppender (GrpcLogAppender.java:mayWait(300)) - 13facd30-3950-4310-8b1a-93d004abbbdd@group-CF05563D4821->9e23e878-9bb3-42b5-8b94-e0e229812e65-GrpcLogAppender: Wait interrupted by java.lang.InterruptedException
2025-09-13 17:33:25,541 [grpc-default-executor-9] INFO  server.GrpcServerProtocolService (GrpcServerProtocolService.java:lambda$onCompleted$6(171)) - 36d876fb-a458-4393-963b-58eeedb8ba95: Completed APPEND_ENTRIES, lastRequest: 13facd30-3950-4310-8b1a-93d004abbbdd->36d876fb-a458-4393-963b-58eeedb8ba95#2-t4,previous=(t:4, i:5),leaderCommit=5,initializing? false,entries: size=1, first=(t:4, i:6), METADATAENTRY(c:5) 
2025-09-13 17:33:25,541 [grpc-default-executor-9] INFO  server.GrpcServerProtocolService (GrpcServerProtocolService.java:lambda$null$7(175)) - 36d876fb-a458-4393-963b-58eeedb8ba95: Completed APPEND_ENTRIES, lastReply: null 
2025-09-13 17:33:25,540 [13facd30-3950-4310-8b1a-93d004abbbdd-impl-thread3] INFO  server.RaftServer$Division (RaftServerImpl.java:lambda$close$1(527)) - 13facd30-3950-4310-8b1a-93d004abbbdd@group-D5D0288CE997: shutdown
2025-09-13 17:33:25,541 [13facd30-3950-4310-8b1a-93d004abbbdd-impl-thread3] INFO  util.JmxRegister (JmxRegister.java:unregister(74)) - Successfully un-registered JMX Bean with object name Ratis:service=RaftServer,group=group-D5D0288CE997,id=13facd30-3950-4310-8b1a-93d004abbbdd
2025-09-13 17:33:25,541 [13facd30-3950-4310-8b1a-93d004abbbdd-impl-thread3] INFO  impl.RoleInfo (RoleInfo.java:shutdownFollowerState(121)) - 13facd30-3950-4310-8b1a-93d004abbbdd: shutdown 13facd30-3950-4310-8b1a-93d004abbbdd@group-D5D0288CE997-FollowerState
2025-09-13 17:33:25,541 [13facd30-3950-4310-8b1a-93d004abbbdd-impl-thread3] INFO  impl.StateMachineUpdater (StateMachineUpdater.java:stopAndJoin(163)) - 13facd30-3950-4310-8b1a-93d004abbbdd@group-D5D0288CE997-StateMachineUpdater: set stopIndex = 21
2025-09-13 17:33:25,540 [ForkJoinPool-1-worker-1] INFO  server.GrpcServicesImpl (GrpcServicesImpl.java:closeImpl(355)) - 13facd30-3950-4310-8b1a-93d004abbbdd: shutdown server org.apache.ratis.grpc.server.GrpcClientProtocolService now
2025-09-13 17:33:25,541 [13facd30-3950-4310-8b1a-93d004abbbdd-impl-thread1] INFO  server.RaftServer$Division (RaftServerImpl.java:lambda$close$1(527)) - 13facd30-3950-4310-8b1a-93d004abbbdd@group-C6159B6E7E4C: shutdown
2025-09-13 17:33:25,542 [13facd30-3950-4310-8b1a-93d004abbbdd-impl-thread1] INFO  util.JmxRegister (JmxRegister.java:unregister(74)) - Successfully un-registered JMX Bean with object name Ratis:service=RaftServer,group=group-C6159B6E7E4C,id=13facd30-3950-4310-8b1a-93d004abbbdd
2025-09-13 17:33:25,542 [13facd30-3950-4310-8b1a-93d004abbbdd-impl-thread1] INFO  impl.RoleInfo (RoleInfo.java:shutdownLeaderState(103)) - 13facd30-3950-4310-8b1a-93d004abbbdd: shutdown 13facd30-3950-4310-8b1a-93d004abbbdd@group-C6159B6E7E4C-LeaderStateImpl
2025-09-13 17:33:25,542 [13facd30-3950-4310-8b1a-93d004abbbdd-impl-thread1] INFO  impl.PendingRequests (PendingRequests.java:sendNotLeaderResponses(287)) - 13facd30-3950-4310-8b1a-93d004abbbdd@group-C6159B6E7E4C-PendingRequests: sendNotLeaderResponses
2025-09-13 17:33:25,542 [13facd30-3950-4310-8b1a-93d004abbbdd-impl-thread2] INFO  impl.StateMachineUpdater (StateMachineUpdater.java:stopAndJoin(163)) - 13facd30-3950-4310-8b1a-93d004abbbdd@group-CF05563D4821-StateMachineUpdater: set stopIndex = 6
2025-09-13 17:33:25,542 [13facd30-3950-4310-8b1a-93d004abbbdd@group-D5D0288CE997-FollowerState] INFO  impl.FollowerState (FollowerState.java:runImpl(170)) - 13facd30-3950-4310-8b1a-93d004abbbdd@group-D5D0288CE997-FollowerState was interrupted
2025-09-13 17:33:25,542 [13facd30-3950-4310-8b1a-93d004abbbdd@group-CF05563D4821-StateMachineUpdater] INFO  ratis.ContainerStateMachine (ContainerStateMachine.java:takeSnapshot(427)) - group-CF05563D4821: Taking a snapshot at:(t:4, i:6) file /home/runner/work/ozone/ozone/hadoop-ozone/integration-test/target/test-dir/MiniOzoneClusterImpl-1331a795-ed08-415d-924a-7661a5cf51a5/ozone-metadata/datanode-3/ratis/59c25a4c-b008-4c23-bf2e-cf05563d4821/sm/snapshot.4_6
2025-09-13 17:33:25,543 [13facd30-3950-4310-8b1a-93d004abbbdd-impl-thread1] INFO  impl.StateMachineUpdater (StateMachineUpdater.java:stopAndJoin(163)) - 13facd30-3950-4310-8b1a-93d004abbbdd@group-C6159B6E7E4C-StateMachineUpdater: set stopIndex = 2
2025-09-13 17:33:25,543 [13facd30-3950-4310-8b1a-93d004abbbdd@group-D5D0288CE997-StateMachineUpdater] INFO  ratis.ContainerStateMachine (ContainerStateMachine.java:takeSnapshot(427)) - group-D5D0288CE997: Taking a snapshot at:(t:2, i:21) file /home/runner/work/ozone/ozone/hadoop-ozone/integration-test/target/test-dir/MiniOzoneClusterImpl-1331a795-ed08-415d-924a-7661a5cf51a5/ozone-metadata/datanode-3/ratis/71f8f458-3dd2-4722-a002-d5d0288ce997/sm/snapshot.2_21
2025-09-13 17:33:25,543 [grpc-default-executor-1] INFO  server.GrpcLogAppender (GrpcLogAppender.java:onCompleted(558)) - 13facd30-3950-4310-8b1a-93d004abbbdd@group-CF05563D4821->36d876fb-a458-4393-963b-58eeedb8ba95-AppendLogResponseHandler: follower responses appendEntries COMPLETED
2025-09-13 17:33:25,544 [13facd30-3950-4310-8b1a-93d004abbbdd@group-CF05563D4821-StateMachineUpdater] INFO  ratis.ContainerStateMachine (ContainerStateMachine.java:takeSnapshot(436)) - group-CF05563D4821: Finished taking a snapshot at:(t:4, i:6) file:/home/runner/work/ozone/ozone/hadoop-ozone/integration-test/target/test-dir/MiniOzoneClusterImpl-1331a795-ed08-415d-924a-7661a5cf51a5/ozone-metadata/datanode-3/ratis/59c25a4c-b008-4c23-bf2e-cf05563d4821/sm/snapshot.4_6 took: 1 ms
2025-09-13 17:33:25,544 [13facd30-3950-4310-8b1a-93d004abbbdd@group-CF05563D4821-StateMachineUpdater] INFO  impl.StateMachineUpdater (StateMachineUpdater.java:takeSnapshot(307)) - 13facd30-3950-4310-8b1a-93d004abbbdd@group-CF05563D4821-StateMachineUpdater: Took a snapshot at index 6
2025-09-13 17:33:25,544 [13facd30-3950-4310-8b1a-93d004abbbdd@group-CF05563D4821-StateMachineUpdater] INFO  impl.StateMachineUpdater (StateMachineUpdater.java:lambda$new$0(101)) - 13facd30-3950-4310-8b1a-93d004abbbdd@group-CF05563D4821-StateMachineUpdater: snapshotIndex: updateIncreasingly 0 -> 6
2025-09-13 17:33:25,544 [grpc-default-executor-0] INFO  server.GrpcLogAppender (GrpcLogAppender.java:onCompleted(558)) - 13facd30-3950-4310-8b1a-93d004abbbdd@group-CF05563D4821->9e23e878-9bb3-42b5-8b94-e0e229812e65-AppendLogResponseHandler: follower responses appendEntries COMPLETED
2025-09-13 17:33:25,544 [13facd30-3950-4310-8b1a-93d004abbbdd@group-C6159B6E7E4C-StateMachineUpdater] INFO  ratis.ContainerStateMachine (ContainerStateMachine.java:takeSnapshot(427)) - group-C6159B6E7E4C: Taking a snapshot at:(t:2, i:2) file /home/runner/work/ozone/ozone/hadoop-ozone/integration-test/target/test-dir/MiniOzoneClusterImpl-1331a795-ed08-415d-924a-7661a5cf51a5/ozone-metadata/datanode-3/ratis/f7fa2a76-8c89-4e33-b3f9-c6159b6e7e4c/sm/snapshot.2_2
2025-09-13 17:33:25,544 [13facd30-3950-4310-8b1a-93d004abbbdd@group-CF05563D4821-StateMachineUpdater] INFO  impl.StateMachineUpdater (StateMachineUpdater.java:stop(140)) - 13facd30-3950-4310-8b1a-93d004abbbdd@group-CF05563D4821-StateMachineUpdater: closing ContainerStateMachine, lastApplied=(t:4, i:6)
2025-09-13 17:33:25,544 [grpc-default-executor-1] INFO  server.GrpcLogAppender (GrpcLogAppender.java:onCompleted(558)) - 13facd30-3950-4310-8b1a-93d004abbbdd@group-CF05563D4821->9e23e878-9bb3-42b5-8b94-e0e229812e65-AppendLogResponseHandler: follower responses appendEntries COMPLETED
2025-09-13 17:33:25,544 [Thread-2256] INFO  server.GrpcServerProtocolClient (GrpcServerProtocolClient.java:close(105)) - 9e23e878-9bb3-42b5-8b94-e0e229812e65 Close channels
2025-09-13 17:33:25,545 [13facd30-3950-4310-8b1a-93d004abbbdd@group-CF05563D4821-cacheEviction-AwaitToRun] INFO  util.AwaitToRun (AwaitToRun.java:run(49)) - 13facd30-3950-4310-8b1a-93d004abbbdd@group-CF05563D4821-cacheEviction-AwaitToRun-AwaitForSignal is interrupted
2025-09-13 17:33:25,545 [grpc-default-executor-1] INFO  server.GrpcLogAppender (GrpcLogAppender.java:onCompleted(558)) - 13facd30-3950-4310-8b1a-93d004abbbdd@group-CF05563D4821->36d876fb-a458-4393-963b-58eeedb8ba95-AppendLogResponseHandler: follower responses appendEntries COMPLETED
2025-09-13 17:33:25,545 [Thread-2258] INFO  server.GrpcServerProtocolClient (GrpcServerProtocolClient.java:close(105)) - 36d876fb-a458-4393-963b-58eeedb8ba95 Close channels
2025-09-13 17:33:25,546 [13facd30-3950-4310-8b1a-93d004abbbdd@group-D5D0288CE997-StateMachineUpdater] INFO  ratis.ContainerStateMachine (ContainerStateMachine.java:takeSnapshot(436)) - group-D5D0288CE997: Finished taking a snapshot at:(t:2, i:21) file:/home/runner/work/ozone/ozone/hadoop-ozone/integration-test/target/test-dir/MiniOzoneClusterImpl-1331a795-ed08-415d-924a-7661a5cf51a5/ozone-metadata/datanode-3/ratis/71f8f458-3dd2-4722-a002-d5d0288ce997/sm/snapshot.2_21 took: 3 ms
2025-09-13 17:33:25,546 [13facd30-3950-4310-8b1a-93d004abbbdd@group-C6159B6E7E4C-StateMachineUpdater] INFO  ratis.ContainerStateMachine (ContainerStateMachine.java:takeSnapshot(436)) - group-C6159B6E7E4C: Finished taking a snapshot at:(t:2, i:2) file:/home/runner/work/ozone/ozone/hadoop-ozone/integration-test/target/test-dir/MiniOzoneClusterImpl-1331a795-ed08-415d-924a-7661a5cf51a5/ozone-metadata/datanode-3/ratis/f7fa2a76-8c89-4e33-b3f9-c6159b6e7e4c/sm/snapshot.2_2 took: 2 ms
2025-09-13 17:33:25,546 [13facd30-3950-4310-8b1a-93d004abbbdd@group-D5D0288CE997-StateMachineUpdater] INFO  impl.StateMachineUpdater (StateMachineUpdater.java:takeSnapshot(307)) - 13facd30-3950-4310-8b1a-93d004abbbdd@group-D5D0288CE997-StateMachineUpdater: Took a snapshot at index 21
2025-09-13 17:33:25,546 [13facd30-3950-4310-8b1a-93d004abbbdd@group-D5D0288CE997-StateMachineUpdater] INFO  impl.StateMachineUpdater (StateMachineUpdater.java:lambda$new$0(101)) - 13facd30-3950-4310-8b1a-93d004abbbdd@group-D5D0288CE997-StateMachineUpdater: snapshotIndex: updateIncreasingly 14 -> 21
2025-09-13 17:33:25,546 [13facd30-3950-4310-8b1a-93d004abbbdd@group-C6159B6E7E4C-StateMachineUpdater] INFO  impl.StateMachineUpdater (StateMachineUpdater.java:takeSnapshot(307)) - 13facd30-3950-4310-8b1a-93d004abbbdd@group-C6159B6E7E4C-StateMachineUpdater: Took a snapshot at index 2
2025-09-13 17:33:25,546 [13facd30-3950-4310-8b1a-93d004abbbdd@group-C6159B6E7E4C-StateMachineUpdater] INFO  impl.StateMachineUpdater (StateMachineUpdater.java:lambda$new$0(101)) - 13facd30-3950-4310-8b1a-93d004abbbdd@group-C6159B6E7E4C-StateMachineUpdater: snapshotIndex: updateIncreasingly 0 -> 2
2025-09-13 17:33:25,546 [13facd30-3950-4310-8b1a-93d004abbbdd@group-D5D0288CE997-StateMachineUpdater] INFO  impl.StateMachineUpdater (StateMachineUpdater.java:stop(140)) - 13facd30-3950-4310-8b1a-93d004abbbdd@group-D5D0288CE997-StateMachineUpdater: closing ContainerStateMachine, lastApplied=(t:2, i:21)
2025-09-13 17:33:25,546 [13facd30-3950-4310-8b1a-93d004abbbdd@group-C6159B6E7E4C-StateMachineUpdater] INFO  impl.StateMachineUpdater (StateMachineUpdater.java:stop(140)) - 13facd30-3950-4310-8b1a-93d004abbbdd@group-C6159B6E7E4C-StateMachineUpdater: closing ContainerStateMachine, lastApplied=(t:2, i:2)
2025-09-13 17:33:25,546 [13facd30-3950-4310-8b1a-93d004abbbdd@group-D5D0288CE997-cacheEviction-AwaitToRun] INFO  util.AwaitToRun (AwaitToRun.java:run(49)) - 13facd30-3950-4310-8b1a-93d004abbbdd@group-D5D0288CE997-cacheEviction-AwaitToRun-AwaitForSignal is interrupted
2025-09-13 17:33:25,547 [13facd30-3950-4310-8b1a-93d004abbbdd@group-C6159B6E7E4C-cacheEviction-AwaitToRun] INFO  util.AwaitToRun (AwaitToRun.java:run(49)) - 13facd30-3950-4310-8b1a-93d004abbbdd@group-C6159B6E7E4C-cacheEviction-AwaitToRun-AwaitForSignal is interrupted
2025-09-13 17:33:25,547 [ForkJoinPool-1-worker-1] INFO  server.GrpcServicesImpl (GrpcServicesImpl.java:closeImpl(364)) - 13facd30-3950-4310-8b1a-93d004abbbdd: shutdown server org.apache.ratis.grpc.server.GrpcClientProtocolService successfully
2025-09-13 17:33:25,547 [ForkJoinPool-1-worker-1] INFO  server.GrpcServicesImpl (GrpcServicesImpl.java:closeImpl(355)) - 13facd30-3950-4310-8b1a-93d004abbbdd: shutdown server GrpcServerProtocolService now
2025-09-13 17:33:25,548 [grpc-default-executor-3] WARN  server.GrpcServerProtocolService (LogUtils.java:warn(127)) - 13facd30-3950-4310-8b1a-93d004abbbdd: APPEND_ENTRIES onError, lastRequest: null: org.apache.ratis.thirdparty.io.grpc.StatusRuntimeException: CANCELLED: client cancelled
2025-09-13 17:33:25,548 [grpc-default-executor-9] WARN  server.GrpcServerProtocolService (LogUtils.java:warn(127)) - 13facd30-3950-4310-8b1a-93d004abbbdd: APPEND_ENTRIES onError, lastRequest: 36d876fb-a458-4393-963b-58eeedb8ba95->13facd30-3950-4310-8b1a-93d004abbbdd#18-t2,previous=(t:2, i:24),leaderCommit=21,initializing? false,entries: size=1, first=(t:2, i:25), METADATAENTRY(c:21): org.apache.ratis.thirdparty.io.grpc.StatusRuntimeException: CANCELLED: client cancelled
2025-09-13 17:33:25,549 [grpc-default-executor-1] WARN  server.GrpcLogAppender (LogUtils.java:warn(127)) - 36d876fb-a458-4393-963b-58eeedb8ba95@group-D5D0288CE997->13facd30-3950-4310-8b1a-93d004abbbdd-AppendLogResponseHandler: Failed appendEntries: org.apache.ratis.thirdparty.io.grpc.StatusRuntimeException: CANCELLED: RST_STREAM closed stream. HTTP/2 error code: CANCEL
2025-09-13 17:33:25,549 [grpc-default-executor-1] WARN  server.GrpcLogAppender (GrpcLogAppender.java:lambda$resetClient$1(228)) - 36d876fb-a458-4393-963b-58eeedb8ba95@group-D5D0288CE997->13facd30-3950-4310-8b1a-93d004abbbdd-GrpcLogAppender: Follower failed (request=null, errorCount=1); keep nextIndex (26) unchanged and retry.
2025-09-13 17:33:25,549 [ForkJoinPool-1-worker-1] INFO  server.GrpcServicesImpl (GrpcServicesImpl.java:closeImpl(364)) - 13facd30-3950-4310-8b1a-93d004abbbdd: shutdown server GrpcServerProtocolService successfully
2025-09-13 17:33:25,549 [ForkJoinPool-1-worker-1] INFO  server.GrpcServicesImpl (GrpcServicesImpl.java:closeImpl(355)) - 13facd30-3950-4310-8b1a-93d004abbbdd: shutdown server org.apache.ratis.grpc.server.GrpcAdminProtocolService now
2025-09-13 17:33:25,549 [ForkJoinPool-1-worker-1] INFO  server.GrpcServicesImpl (GrpcServicesImpl.java:closeImpl(364)) - 13facd30-3950-4310-8b1a-93d004abbbdd: shutdown server org.apache.ratis.grpc.server.GrpcAdminProtocolService successfully
2025-09-13 17:33:25,550 [13facd30-3950-4310-8b1a-93d004abbbdd-NettyServerStreamRpc-bossGroup--thread1] INFO  logging.LoggingHandler (AbstractInternalLogger.java:log(148)) - [id: 0x118d8e2e, L:/0.0.0.0:15032] CLOSE
2025-09-13 17:33:25,550 [13facd30-3950-4310-8b1a-93d004abbbdd-NettyServerStreamRpc-bossGroup--thread1] INFO  logging.LoggingHandler (AbstractInternalLogger.java:log(148)) - [id: 0x118d8e2e, L:/0.0.0.0:15032] INACTIVE
2025-09-13 17:33:25,550 [13facd30-3950-4310-8b1a-93d004abbbdd-NettyServerStreamRpc-bossGroup--thread1] INFO  logging.LoggingHandler (AbstractInternalLogger.java:log(148)) - [id: 0x118d8e2e, L:/0.0.0.0:15032] UNREGISTERED
2025-09-13 17:33:25,599 [13facd30-3950-4310-8b1a-93d004abbbdd-impl-thread2] INFO  segmented.SegmentedRaftLogWorker (SegmentedRaftLogWorker.java:close(254)) - 13facd30-3950-4310-8b1a-93d004abbbdd@group-CF05563D4821-SegmentedRaftLogWorker close()
2025-09-13 17:33:25,600 [13facd30-3950-4310-8b1a-93d004abbbdd-impl-thread2] INFO  ratis.ContainerStateMachine (ContainerStateMachine.java:notifyServerShutdown(1038)) - group-CF05563D4821 is closed by HddsDatanodeService
2025-09-13 17:33:26,125 [13facd30-3950-4310-8b1a-93d004abbbdd-impl-thread1] INFO  segmented.SegmentedRaftLogWorker (SegmentedRaftLogWorker.java:close(254)) - 13facd30-3950-4310-8b1a-93d004abbbdd@group-C6159B6E7E4C-SegmentedRaftLogWorker close()
2025-09-13 17:33:26,125 [13facd30-3950-4310-8b1a-93d004abbbdd-impl-thread1] INFO  ratis.ContainerStateMachine (ContainerStateMachine.java:notifyServerShutdown(1038)) - group-C6159B6E7E4C is closed by HddsDatanodeService
2025-09-13 17:33:26,533 [13facd30-3950-4310-8b1a-93d004abbbdd-impl-thread3] INFO  segmented.SegmentedRaftLogWorker (SegmentedRaftLogWorker.java:close(254)) - 13facd30-3950-4310-8b1a-93d004abbbdd@group-D5D0288CE997-SegmentedRaftLogWorker close()
2025-09-13 17:33:26,533 [13facd30-3950-4310-8b1a-93d004abbbdd-impl-thread3] INFO  ratis.ContainerStateMachine (ContainerStateMachine.java:notifyServerShutdown(1038)) - group-D5D0288CE997 is closed by HddsDatanodeService
2025-09-13 17:33:26,533 [JvmPauseMonitor15] INFO  util.JvmPauseMonitor (JvmPauseMonitor.java:run(152)) - JvmPauseMonitor-13facd30-3950-4310-8b1a-93d004abbbdd: Stopped
2025-09-13 17:33:26,801 [9e23e878-9bb3-42b5-8b94-e0e229812e65@group-CF05563D4821-FollowerState] INFO  impl.FollowerState (FollowerState.java:runImpl(161)) - 9e23e878-9bb3-42b5-8b94-e0e229812e65@group-CF05563D4821-FollowerState: change to CANDIDATE, lastRpcElapsedTime:1699628311ns, electionTimeout:1131ms
2025-09-13 17:33:26,802 [9e23e878-9bb3-42b5-8b94-e0e229812e65@group-CF05563D4821-FollowerState] INFO  impl.RoleInfo (RoleInfo.java:shutdownFollowerState(121)) - 9e23e878-9bb3-42b5-8b94-e0e229812e65: shutdown 9e23e878-9bb3-42b5-8b94-e0e229812e65@group-CF05563D4821-FollowerState
2025-09-13 17:33:26,802 [9e23e878-9bb3-42b5-8b94-e0e229812e65@group-CF05563D4821-FollowerState] INFO  server.RaftServer$Division (RaftServerImpl.java:setRole(392)) - 9e23e878-9bb3-42b5-8b94-e0e229812e65@group-CF05563D4821: changes role from  FOLLOWER to CANDIDATE at term 4 for changeToCandidate
2025-09-13 17:33:26,802 [9e23e878-9bb3-42b5-8b94-e0e229812e65@group-CF05563D4821-FollowerState] INFO  impl.RoleInfo (RoleInfo.java:updateAndGet(148)) - 9e23e878-9bb3-42b5-8b94-e0e229812e65: start 9e23e878-9bb3-42b5-8b94-e0e229812e65@group-CF05563D4821-LeaderElection220
2025-09-13 17:33:26,802 [9e23e878-9bb3-42b5-8b94-e0e229812e65@group-CF05563D4821-LeaderElection220] INFO  server.RaftServer$Division (ServerState.java:setLeader(272)) - 9e23e878-9bb3-42b5-8b94-e0e229812e65@group-CF05563D4821: change Leader from 13facd30-3950-4310-8b1a-93d004abbbdd to null at term 4 for PRE_VOTE
2025-09-13 17:33:26,802 [9e23e878-9bb3-42b5-8b94-e0e229812e65@group-CF05563D4821-LeaderElection220] INFO  impl.LeaderElection (LeaderElection.java:askForVotes(448)) - 9e23e878-9bb3-42b5-8b94-e0e229812e65@group-CF05563D4821-LeaderElection220 PRE_VOTE round 0: submit vote requests at term 4 for conf: {index: 5, cur=peers:[9e23e878-9bb3-42b5-8b94-e0e229812e65|127.0.0.1:15023, 13facd30-3950-4310-8b1a-93d004abbbdd|127.0.0.1:15031, 36d876fb-a458-4393-963b-58eeedb8ba95|127.0.0.1:15015]|listeners:[], old=null}
2025-09-13 17:33:26,802 [9e23e878-9bb3-42b5-8b94-e0e229812e65@group-CF05563D4821-LeaderElection220] INFO  impl.LeaderElection (LogUtils.java:infoOrTrace(142)) - 9e23e878-9bb3-42b5-8b94-e0e229812e65@group-CF05563D4821-LeaderElection220 got exception when requesting votes: java.util.concurrent.ExecutionException: org.apache.ratis.thirdparty.io.grpc.StatusRuntimeException: UNAVAILABLE: io exception
2025-09-13 17:33:26,803 [9e23e878-9bb3-42b5-8b94-e0e229812e65@group-CF05563D4821-LeaderElection220] INFO  impl.LeaderElection (LogUtils.java:infoOrTrace(142)) - 9e23e878-9bb3-42b5-8b94-e0e229812e65@group-CF05563D4821-LeaderElection220 got exception when requesting votes: java.util.concurrent.ExecutionException: org.apache.ratis.thirdparty.io.grpc.StatusRuntimeException: UNAVAILABLE: io exception
2025-09-13 17:33:26,803 [9e23e878-9bb3-42b5-8b94-e0e229812e65@group-CF05563D4821-LeaderElection220] INFO  impl.LeaderElection (LeaderElection.java:logAndReturn(206)) - 9e23e878-9bb3-42b5-8b94-e0e229812e65@group-CF05563D4821-LeaderElection220: PRE_VOTE REJECTED received 0 response(s) and 2 exception(s):
2025-09-13 17:33:26,803 [9e23e878-9bb3-42b5-8b94-e0e229812e65@group-CF05563D4821-LeaderElection220] INFO  impl.LeaderElection (LogUtils.java:infoOrTrace(142)) -   Exception 0: java.util.concurrent.ExecutionException: org.apache.ratis.thirdparty.io.grpc.StatusRuntimeException: UNAVAILABLE: io exception
2025-09-13 17:33:26,803 [9e23e878-9bb3-42b5-8b94-e0e229812e65@group-CF05563D4821-LeaderElection220] INFO  impl.LeaderElection (LogUtils.java:infoOrTrace(142)) -   Exception 1: java.util.concurrent.ExecutionException: org.apache.ratis.thirdparty.io.grpc.StatusRuntimeException: UNAVAILABLE: io exception
2025-09-13 17:33:26,803 [9e23e878-9bb3-42b5-8b94-e0e229812e65@group-CF05563D4821-LeaderElection220] INFO  impl.LeaderElection (LeaderElection.java:askForVotes(450)) - 9e23e878-9bb3-42b5-8b94-e0e229812e65@group-CF05563D4821-LeaderElection220 PRE_VOTE round 0: result REJECTED
2025-09-13 17:33:26,803 [9e23e878-9bb3-42b5-8b94-e0e229812e65@group-CF05563D4821-LeaderElection220] INFO  server.RaftServer$Division (RaftServerImpl.java:setRole(392)) - 9e23e878-9bb3-42b5-8b94-e0e229812e65@group-CF05563D4821: changes role from CANDIDATE to FOLLOWER at term 4 for REJECTED
2025-09-13 17:33:26,803 [9e23e878-9bb3-42b5-8b94-e0e229812e65@group-CF05563D4821-LeaderElection220] INFO  impl.RoleInfo (RoleInfo.java:shutdownLeaderElection(141)) - 9e23e878-9bb3-42b5-8b94-e0e229812e65: shutdown 9e23e878-9bb3-42b5-8b94-e0e229812e65@group-CF05563D4821-LeaderElection220
2025-09-13 17:33:26,803 [9e23e878-9bb3-42b5-8b94-e0e229812e65@group-CF05563D4821-LeaderElection220] INFO  impl.RoleInfo (RoleInfo.java:updateAndGet(148)) - 9e23e878-9bb3-42b5-8b94-e0e229812e65: start 9e23e878-9bb3-42b5-8b94-e0e229812e65@group-CF05563D4821-FollowerState
2025-09-13 17:33:26,853 [36d876fb-a458-4393-963b-58eeedb8ba95@group-CF05563D4821-FollowerState] INFO  impl.FollowerState (FollowerState.java:runImpl(161)) - 36d876fb-a458-4393-963b-58eeedb8ba95@group-CF05563D4821-FollowerState: change to CANDIDATE, lastRpcElapsedTime:1750094126ns, electionTimeout:1004ms
2025-09-13 17:33:26,853 [36d876fb-a458-4393-963b-58eeedb8ba95@group-CF05563D4821-FollowerState] INFO  impl.RoleInfo (RoleInfo.java:shutdownFollowerState(121)) - 36d876fb-a458-4393-963b-58eeedb8ba95: shutdown 36d876fb-a458-4393-963b-58eeedb8ba95@group-CF05563D4821-FollowerState
2025-09-13 17:33:26,853 [36d876fb-a458-4393-963b-58eeedb8ba95@group-CF05563D4821-FollowerState] INFO  server.RaftServer$Division (RaftServerImpl.java:setRole(392)) - 36d876fb-a458-4393-963b-58eeedb8ba95@group-CF05563D4821: changes role from  FOLLOWER to CANDIDATE at term 4 for changeToCandidate
2025-09-13 17:33:26,853 [36d876fb-a458-4393-963b-58eeedb8ba95@group-CF05563D4821-FollowerState] INFO  impl.RoleInfo (RoleInfo.java:updateAndGet(148)) - 36d876fb-a458-4393-963b-58eeedb8ba95: start 36d876fb-a458-4393-963b-58eeedb8ba95@group-CF05563D4821-LeaderElection221
2025-09-13 17:33:26,853 [36d876fb-a458-4393-963b-58eeedb8ba95@group-CF05563D4821-LeaderElection221] INFO  server.RaftServer$Division (ServerState.java:setLeader(272)) - 36d876fb-a458-4393-963b-58eeedb8ba95@group-CF05563D4821: change Leader from 13facd30-3950-4310-8b1a-93d004abbbdd to null at term 4 for PRE_VOTE
2025-09-13 17:33:26,853 [36d876fb-a458-4393-963b-58eeedb8ba95@group-CF05563D4821-LeaderElection221] INFO  impl.LeaderElection (LeaderElection.java:askForVotes(448)) - 36d876fb-a458-4393-963b-58eeedb8ba95@group-CF05563D4821-LeaderElection221 PRE_VOTE round 0: submit vote requests at term 4 for conf: {index: 5, cur=peers:[9e23e878-9bb3-42b5-8b94-e0e229812e65|127.0.0.1:15023, 13facd30-3950-4310-8b1a-93d004abbbdd|127.0.0.1:15031, 36d876fb-a458-4393-963b-58eeedb8ba95|127.0.0.1:15015]|listeners:[], old=null}
2025-09-13 17:33:26,854 [36d876fb-a458-4393-963b-58eeedb8ba95@group-CF05563D4821-LeaderElection221] INFO  impl.LeaderElection (LogUtils.java:infoOrTrace(142)) - 36d876fb-a458-4393-963b-58eeedb8ba95@group-CF05563D4821-LeaderElection221 got exception when requesting votes: java.util.concurrent.ExecutionException: org.apache.ratis.thirdparty.io.grpc.StatusRuntimeException: UNAVAILABLE: io exception
2025-09-13 17:33:26,854 [grpc-default-executor-1] INFO  server.RaftServer$Division (RaftServerImpl.java:requestVote(1421)) - 9e23e878-9bb3-42b5-8b94-e0e229812e65@group-CF05563D4821: receive requestVote(PRE_VOTE, 36d876fb-a458-4393-963b-58eeedb8ba95, group-CF05563D4821, 4, (t:4, i:6))
2025-09-13 17:33:26,854 [grpc-default-executor-1] INFO  impl.VoteContext (VoteContext.java:log(49)) - 9e23e878-9bb3-42b5-8b94-e0e229812e65@group-CF05563D4821-FOLLOWER: accept PRE_VOTE from 36d876fb-a458-4393-963b-58eeedb8ba95: our priority 0 <= candidate's priority 0
2025-09-13 17:33:26,855 [grpc-default-executor-1] INFO  server.RaftServer$Division (RaftServerImpl.java:requestVote(1455)) - 9e23e878-9bb3-42b5-8b94-e0e229812e65@group-CF05563D4821 replies to PRE_VOTE vote request: 36d876fb-a458-4393-963b-58eeedb8ba95<-9e23e878-9bb3-42b5-8b94-e0e229812e65#0:OK-t4-last:(t:4, i:6). Peer's state: 9e23e878-9bb3-42b5-8b94-e0e229812e65@group-CF05563D4821:t4, leader=null, voted=13facd30-3950-4310-8b1a-93d004abbbdd, raftlog=Memoized:9e23e878-9bb3-42b5-8b94-e0e229812e65@group-CF05563D4821-SegmentedRaftLog:OPENED:c6:last(t:4, i:6), conf=conf: {index: 5, cur=peers:[9e23e878-9bb3-42b5-8b94-e0e229812e65|127.0.0.1:15023, 13facd30-3950-4310-8b1a-93d004abbbdd|127.0.0.1:15031, 36d876fb-a458-4393-963b-58eeedb8ba95|127.0.0.1:15015]|listeners:[], old=null}
2025-09-13 17:33:26,855 [36d876fb-a458-4393-963b-58eeedb8ba95@group-CF05563D4821-LeaderElection221] INFO  impl.LeaderElection (LeaderElection.java:logAndReturn(206)) - 36d876fb-a458-4393-963b-58eeedb8ba95@group-CF05563D4821-LeaderElection221: PRE_VOTE PASSED received 1 response(s) and 1 exception(s):
2025-09-13 17:33:26,855 [36d876fb-a458-4393-963b-58eeedb8ba95@group-CF05563D4821-LeaderElection221] INFO  impl.LeaderElection (LeaderElection.java:logAndReturn(210)) -   Response 0: 36d876fb-a458-4393-963b-58eeedb8ba95<-9e23e878-9bb3-42b5-8b94-e0e229812e65#0:OK-t4-last:(t:4, i:6)
2025-09-13 17:33:26,855 [36d876fb-a458-4393-963b-58eeedb8ba95@group-CF05563D4821-LeaderElection221] INFO  impl.LeaderElection (LogUtils.java:infoOrTrace(142)) -   Exception 1: java.util.concurrent.ExecutionException: org.apache.ratis.thirdparty.io.grpc.StatusRuntimeException: UNAVAILABLE: io exception
2025-09-13 17:33:26,855 [36d876fb-a458-4393-963b-58eeedb8ba95@group-CF05563D4821-LeaderElection221] INFO  impl.LeaderElection (LeaderElection.java:askForVotes(450)) - 36d876fb-a458-4393-963b-58eeedb8ba95@group-CF05563D4821-LeaderElection221 PRE_VOTE round 0: result PASSED
2025-09-13 17:33:26,856 [36d876fb-a458-4393-963b-58eeedb8ba95@group-CF05563D4821-LeaderElection221] INFO  impl.LeaderElection (LeaderElection.java:askForVotes(448)) - 36d876fb-a458-4393-963b-58eeedb8ba95@group-CF05563D4821-LeaderElection221 ELECTION round 0: submit vote requests at term 5 for conf: {index: 5, cur=peers:[9e23e878-9bb3-42b5-8b94-e0e229812e65|127.0.0.1:15023, 13facd30-3950-4310-8b1a-93d004abbbdd|127.0.0.1:15031, 36d876fb-a458-4393-963b-58eeedb8ba95|127.0.0.1:15015]|listeners:[], old=null}
2025-09-13 17:33:26,857 [36d876fb-a458-4393-963b-58eeedb8ba95@group-CF05563D4821-LeaderElection221] INFO  impl.LeaderElection (LogUtils.java:infoOrTrace(142)) - 36d876fb-a458-4393-963b-58eeedb8ba95@group-CF05563D4821-LeaderElection221 got exception when requesting votes: java.util.concurrent.ExecutionException: org.apache.ratis.thirdparty.io.grpc.StatusRuntimeException: UNAVAILABLE: io exception
2025-09-13 17:33:26,857 [grpc-default-executor-1] INFO  server.RaftServer$Division (RaftServerImpl.java:requestVote(1421)) - 9e23e878-9bb3-42b5-8b94-e0e229812e65@group-CF05563D4821: receive requestVote(ELECTION, 36d876fb-a458-4393-963b-58eeedb8ba95, group-CF05563D4821, 5, (t:4, i:6))
2025-09-13 17:33:26,857 [grpc-default-executor-1] INFO  impl.VoteContext (VoteContext.java:log(49)) - 9e23e878-9bb3-42b5-8b94-e0e229812e65@group-CF05563D4821-FOLLOWER: accept ELECTION from 36d876fb-a458-4393-963b-58eeedb8ba95: our priority 0 <= candidate's priority 0
2025-09-13 17:33:26,857 [grpc-default-executor-1] INFO  server.RaftServer$Division (RaftServerImpl.java:setRole(392)) - 9e23e878-9bb3-42b5-8b94-e0e229812e65@group-CF05563D4821: changes role from  FOLLOWER to FOLLOWER at term 4 for candidate:36d876fb-a458-4393-963b-58eeedb8ba95
2025-09-13 17:33:26,857 [grpc-default-executor-1] INFO  impl.RoleInfo (RoleInfo.java:shutdownFollowerState(121)) - 9e23e878-9bb3-42b5-8b94-e0e229812e65: shutdown 9e23e878-9bb3-42b5-8b94-e0e229812e65@group-CF05563D4821-FollowerState
2025-09-13 17:33:26,857 [grpc-default-executor-1] INFO  impl.RoleInfo (RoleInfo.java:updateAndGet(148)) - 9e23e878-9bb3-42b5-8b94-e0e229812e65: start 9e23e878-9bb3-42b5-8b94-e0e229812e65@group-CF05563D4821-FollowerState
2025-09-13 17:33:26,857 [9e23e878-9bb3-42b5-8b94-e0e229812e65@group-CF05563D4821-FollowerState] INFO  impl.FollowerState (FollowerState.java:runImpl(170)) - 9e23e878-9bb3-42b5-8b94-e0e229812e65@group-CF05563D4821-FollowerState was interrupted
2025-09-13 17:33:26,858 [grpc-default-executor-1] INFO  server.RaftServer$Division (RaftServerImpl.java:requestVote(1455)) - 9e23e878-9bb3-42b5-8b94-e0e229812e65@group-CF05563D4821 replies to ELECTION vote request: 36d876fb-a458-4393-963b-58eeedb8ba95<-9e23e878-9bb3-42b5-8b94-e0e229812e65#0:OK-t5-last:(t:4, i:6). Peer's state: 9e23e878-9bb3-42b5-8b94-e0e229812e65@group-CF05563D4821:t5, leader=null, voted=36d876fb-a458-4393-963b-58eeedb8ba95, raftlog=Memoized:9e23e878-9bb3-42b5-8b94-e0e229812e65@group-CF05563D4821-SegmentedRaftLog:OPENED:c6:last(t:4, i:6), conf=conf: {index: 5, cur=peers:[9e23e878-9bb3-42b5-8b94-e0e229812e65|127.0.0.1:15023, 13facd30-3950-4310-8b1a-93d004abbbdd|127.0.0.1:15031, 36d876fb-a458-4393-963b-58eeedb8ba95|127.0.0.1:15015]|listeners:[], old=null}
2025-09-13 17:33:26,859 [36d876fb-a458-4393-963b-58eeedb8ba95@group-CF05563D4821-LeaderElection221] INFO  impl.LeaderElection (LeaderElection.java:logAndReturn(206)) - 36d876fb-a458-4393-963b-58eeedb8ba95@group-CF05563D4821-LeaderElection221: ELECTION PASSED received 1 response(s) and 1 exception(s):
2025-09-13 17:33:26,859 [36d876fb-a458-4393-963b-58eeedb8ba95@group-CF05563D4821-LeaderElection221] INFO  impl.LeaderElection (LeaderElection.java:logAndReturn(210)) -   Response 0: 36d876fb-a458-4393-963b-58eeedb8ba95<-9e23e878-9bb3-42b5-8b94-e0e229812e65#0:OK-t5-last:(t:4, i:6)
2025-09-13 17:33:26,859 [36d876fb-a458-4393-963b-58eeedb8ba95@group-CF05563D4821-LeaderElection221] INFO  impl.LeaderElection (LogUtils.java:infoOrTrace(142)) -   Exception 1: java.util.concurrent.ExecutionException: org.apache.ratis.thirdparty.io.grpc.StatusRuntimeException: UNAVAILABLE: io exception
2025-09-13 17:33:26,859 [36d876fb-a458-4393-963b-58eeedb8ba95@group-CF05563D4821-LeaderElection221] INFO  impl.LeaderElection (LeaderElection.java:askForVotes(450)) - 36d876fb-a458-4393-963b-58eeedb8ba95@group-CF05563D4821-LeaderElection221 ELECTION round 0: result PASSED
2025-09-13 17:33:26,859 [36d876fb-a458-4393-963b-58eeedb8ba95@group-CF05563D4821-LeaderElection221] INFO  impl.RoleInfo (RoleInfo.java:shutdownLeaderElection(141)) - 36d876fb-a458-4393-963b-58eeedb8ba95: shutdown 36d876fb-a458-4393-963b-58eeedb8ba95@group-CF05563D4821-LeaderElection221
2025-09-13 17:33:26,859 [36d876fb-a458-4393-963b-58eeedb8ba95@group-CF05563D4821-LeaderElection221] INFO  server.RaftServer$Division (RaftServerImpl.java:setRole(392)) - 36d876fb-a458-4393-963b-58eeedb8ba95@group-CF05563D4821: changes role from CANDIDATE to LEADER at term 5 for changeToLeader
2025-09-13 17:33:26,859 [36d876fb-a458-4393-963b-58eeedb8ba95@group-CF05563D4821-LeaderElection221] INFO  server.RaftServerConfigKeys (ConfUtils.java:logFallback(69)) - raft.server.staging.timeout = 3600ms (fallback to raft.server.rpc.timeout.max)
2025-09-13 17:33:26,859 [36d876fb-a458-4393-963b-58eeedb8ba95@group-CF05563D4821-LeaderElection221] INFO  server.RaftServerConfigKeys (ConfUtils.java:logGet(62)) - raft.server.write.byte-limit = 1024 M (=1073741824) (custom)
2025-09-13 17:33:26,860 [36d876fb-a458-4393-963b-58eeedb8ba95@group-CF05563D4821-LeaderElection221] INFO  server.RaftServerConfigKeys (ConfUtils.java:logGet(62)) - raft.server.log.appender.buffer.byte-limit = 33554432 (custom)
2025-09-13 17:33:26,861 [36d876fb-a458-4393-963b-58eeedb8ba95@group-CF05563D4821-LeaderElection221] INFO  server.RaftServerConfigKeys (ConfUtils.java:logGet(62)) - raft.server.log.appender.buffer.byte-limit = 33554432 (custom)
2025-09-13 17:33:26,861 [36d876fb-a458-4393-963b-58eeedb8ba95@group-CF05563D4821-LeaderElection221] INFO  impl.RoleInfo (RoleInfo.java:updateAndGet(148)) - 36d876fb-a458-4393-963b-58eeedb8ba95: start 36d876fb-a458-4393-963b-58eeedb8ba95@group-CF05563D4821-LeaderStateImpl
2025-09-13 17:33:26,861 [36d876fb-a458-4393-963b-58eeedb8ba95@group-CF05563D4821-LeaderElection221] INFO  ratis.XceiverServerRatis (XceiverServerRatis.java:handleLeaderChangedNotification(932)) - Leader change notification received for group: group-CF05563D4821 with new leaderId: 36d876fb-a458-4393-963b-58eeedb8ba95
2025-09-13 17:33:26,861 [36d876fb-a458-4393-963b-58eeedb8ba95@group-CF05563D4821-LeaderElection221] INFO  server.RaftServer$Division (ServerState.java:setLeader(272)) - 36d876fb-a458-4393-963b-58eeedb8ba95@group-CF05563D4821: change Leader from null to 36d876fb-a458-4393-963b-58eeedb8ba95 at term 5 for becomeLeader, leader elected after 7ms
2025-09-13 17:33:26,861 [36d876fb-a458-4393-963b-58eeedb8ba95@group-CF05563D4821-LeaderElection221] INFO  segmented.SegmentedRaftLogWorker (SegmentedRaftLogWorker.java:rollLogSegment(445)) - 36d876fb-a458-4393-963b-58eeedb8ba95@group-CF05563D4821-SegmentedRaftLogWorker: Rolling segment log-5_6 to index:6
2025-09-13 17:33:26,862 [36d876fb-a458-4393-963b-58eeedb8ba95@group-CF05563D4821-LeaderElection221] INFO  server.RaftServer$Division (ServerState.java:setRaftConf(386)) - 36d876fb-a458-4393-963b-58eeedb8ba95@group-CF05563D4821: set configuration conf: {index: 7, cur=peers:[9e23e878-9bb3-42b5-8b94-e0e229812e65|127.0.0.1:15023, 13facd30-3950-4310-8b1a-93d004abbbdd|127.0.0.1:15031, 36d876fb-a458-4393-963b-58eeedb8ba95|127.0.0.1:15015]|listeners:[], old=null}
2025-09-13 17:33:26,863 [36d876fb-a458-4393-963b-58eeedb8ba95@group-CF05563D4821-SegmentedRaftLogWorker] INFO  segmented.SegmentedRaftLogWorker (SegmentedRaftLogWorker.java:execute(604)) - 36d876fb-a458-4393-963b-58eeedb8ba95@group-CF05563D4821-SegmentedRaftLogWorker: Rolled log segment from /home/runner/work/ozone/ozone/hadoop-ozone/integration-test/target/test-dir/MiniOzoneClusterImpl-1331a795-ed08-415d-924a-7661a5cf51a5/ozone-metadata/datanode-1/ratis/59c25a4c-b008-4c23-bf2e-cf05563d4821/current/log_inprogress_5 to /home/runner/work/ozone/ozone/hadoop-ozone/integration-test/target/test-dir/MiniOzoneClusterImpl-1331a795-ed08-415d-924a-7661a5cf51a5/ozone-metadata/datanode-1/ratis/59c25a4c-b008-4c23-bf2e-cf05563d4821/current/log_5-6
2025-09-13 17:33:26,863 [grpc-default-executor-9] WARN  server.GrpcLogAppender (LogUtils.java:warn(127)) - 36d876fb-a458-4393-963b-58eeedb8ba95@group-CF05563D4821->13facd30-3950-4310-8b1a-93d004abbbdd-AppendLogResponseHandler: Failed appendEntries: org.apache.ratis.thirdparty.io.grpc.StatusRuntimeException: UNAVAILABLE: io exception
  Caused by: org.apache.ratis.thirdparty.io.netty.channel.AbstractChannel$AnnotatedConnectException: finishConnect(..) failed: Connection refused: /127.0.0.1:15031
  Caused by: java.net.ConnectException: finishConnect(..) failed: Connection refused
2025-09-13 17:33:26,863 [36d876fb-a458-4393-963b-58eeedb8ba95@group-CF05563D4821-SegmentedRaftLogWorker] INFO  segmented.BufferedWriteChannel (BufferedWriteChannel.java:open(61)) - open log_inprogress_7 at position 0
2025-09-13 17:33:26,863 [grpc-default-executor-0] WARN  server.GrpcLogAppender (GrpcLogAppender.java:lambda$resetClient$1(228)) - 36d876fb-a458-4393-963b-58eeedb8ba95@group-CF05563D4821->13facd30-3950-4310-8b1a-93d004abbbdd-GrpcLogAppender: Follower failed (request=null, errorCount=1); keep nextIndex (7) unchanged and retry.
2025-09-13 17:33:26,864 [grpc-default-executor-0] INFO  ratis.XceiverServerRatis (XceiverServerRatis.java:handleLeaderChangedNotification(932)) - Leader change notification received for group: group-CF05563D4821 with new leaderId: 36d876fb-a458-4393-963b-58eeedb8ba95
2025-09-13 17:33:26,865 [grpc-default-executor-0] INFO  server.RaftServer$Division (ServerState.java:setLeader(272)) - 9e23e878-9bb3-42b5-8b94-e0e229812e65@group-CF05563D4821: change Leader from null to 36d876fb-a458-4393-963b-58eeedb8ba95 at term 5 for appendEntries, leader elected after 62ms
2025-09-13 17:33:26,865 [grpc-default-executor-0] INFO  server.RaftServer$Division (ServerState.java:setRaftConf(386)) - 9e23e878-9bb3-42b5-8b94-e0e229812e65@group-CF05563D4821: set configuration conf: {index: 7, cur=peers:[9e23e878-9bb3-42b5-8b94-e0e229812e65|127.0.0.1:15023, 13facd30-3950-4310-8b1a-93d004abbbdd|127.0.0.1:15031, 36d876fb-a458-4393-963b-58eeedb8ba95|127.0.0.1:15015]|listeners:[], old=null}
2025-09-13 17:33:26,865 [grpc-default-executor-0] INFO  segmented.SegmentedRaftLogWorker (SegmentedRaftLogWorker.java:rollLogSegment(445)) - 9e23e878-9bb3-42b5-8b94-e0e229812e65@group-CF05563D4821-SegmentedRaftLogWorker: Rolling segment log-5_6 to index:6
2025-09-13 17:33:26,865 [grpc-default-executor-9] WARN  server.GrpcLogAppender (GrpcLogAppender.java:lambda$resetClient$1(228)) - 36d876fb-a458-4393-963b-58eeedb8ba95@group-CF05563D4821->13facd30-3950-4310-8b1a-93d004abbbdd-GrpcLogAppender: Follower failed (request=null, errorCount=3); keep nextIndex (8) unchanged and retry.
2025-09-13 17:33:26,867 [9e23e878-9bb3-42b5-8b94-e0e229812e65@group-CF05563D4821-SegmentedRaftLogWorker] INFO  segmented.SegmentedRaftLogWorker (SegmentedRaftLogWorker.java:execute(604)) - 9e23e878-9bb3-42b5-8b94-e0e229812e65@group-CF05563D4821-SegmentedRaftLogWorker: Rolled log segment from /home/runner/work/ozone/ozone/hadoop-ozone/integration-test/target/test-dir/MiniOzoneClusterImpl-1331a795-ed08-415d-924a-7661a5cf51a5/ozone-metadata/datanode-2/ratis/59c25a4c-b008-4c23-bf2e-cf05563d4821/current/log_inprogress_5 to /home/runner/work/ozone/ozone/hadoop-ozone/integration-test/target/test-dir/MiniOzoneClusterImpl-1331a795-ed08-415d-924a-7661a5cf51a5/ozone-metadata/datanode-2/ratis/59c25a4c-b008-4c23-bf2e-cf05563d4821/current/log_5-6
2025-09-13 17:33:26,867 [9e23e878-9bb3-42b5-8b94-e0e229812e65@group-CF05563D4821-SegmentedRaftLogWorker] INFO  segmented.BufferedWriteChannel (BufferedWriteChannel.java:open(61)) - open log_inprogress_7 at position 0
2025-09-13 17:33:26,869 [36d876fb-a458-4393-963b-58eeedb8ba95@group-CF05563D4821-SegmentedRaftLogWorker] INFO  segmented.SegmentedRaftLogWorker (SegmentedRaftLogWorker.java:execute(647)) - 36d876fb-a458-4393-963b-58eeedb8ba95@group-CF05563D4821-SegmentedRaftLogWorker: created new log segment /home/runner/work/ozone/ozone/hadoop-ozone/integration-test/target/test-dir/MiniOzoneClusterImpl-1331a795-ed08-415d-924a-7661a5cf51a5/ozone-metadata/datanode-1/ratis/59c25a4c-b008-4c23-bf2e-cf05563d4821/current/log_inprogress_7
2025-09-13 17:33:26,875 [9e23e878-9bb3-42b5-8b94-e0e229812e65@group-CF05563D4821-SegmentedRaftLogWorker] INFO  segmented.SegmentedRaftLogWorker (SegmentedRaftLogWorker.java:execute(647)) - 9e23e878-9bb3-42b5-8b94-e0e229812e65@group-CF05563D4821-SegmentedRaftLogWorker: created new log segment /home/runner/work/ozone/ozone/hadoop-ozone/integration-test/target/test-dir/MiniOzoneClusterImpl-1331a795-ed08-415d-924a-7661a5cf51a5/ozone-metadata/datanode-2/ratis/59c25a4c-b008-4c23-bf2e-cf05563d4821/current/log_inprogress_7
2025-09-13 17:33:26,876 [grpc-default-executor-3] WARN  server.GrpcLogAppender (GrpcLogAppender.java:lambda$resetClient$1(228)) - 36d876fb-a458-4393-963b-58eeedb8ba95@group-CF05563D4821->13facd30-3950-4310-8b1a-93d004abbbdd-GrpcLogAppender: Follower failed (request=null, errorCount=5); keep nextIndex (9) unchanged and retry.
2025-09-13 17:33:26,878 [36d876fb-a458-4393-963b-58eeedb8ba95@group-CF05563D4821-StateMachineUpdater] INFO  server.RaftServer$Division (LeaderStateImpl.java:checkStartIndex(309)) - Leader 36d876fb-a458-4393-963b-58eeedb8ba95@group-CF05563D4821-LeaderStateImpl is ready since appliedIndex == startIndex == 7
2025-09-13 17:33:27,345 [timer2] WARN  server.GrpcLogAppender (GrpcLogAppender.java:lambda$onNextImpl$0(527)) - 36d876fb-a458-4393-963b-58eeedb8ba95@group-CF05563D4821->13facd30-3950-4310-8b1a-93d004abbbdd-AppendLogResponseHandler: received INCONSISTENCY reply with nextIndex 1, errorCount=2, request=null  (Repeated 2 times in the last 5.000s)
2025-09-13 17:33:28,536 [ForkJoinPool-1-worker-1] INFO  utils.DatanodeStoreCache (DatanodeStoreCache.java:shutdownCache(110)) - Skip clearing cache in mini cluster mode. Entries left: [/home/runner/work/ozone/ozone/hadoop-ozone/integration-test/target/test-dir/MiniOzoneClusterImpl-1331a795-ed08-415d-924a-7661a5cf51a5/ozone-metadata/datanode-1/data-0/hdds/1331a795-ed08-415d-924a-7661a5cf51a5/DS-cef04933-4ce8-4840-b22e-4ad87088cbdd/container.db, /home/runner/work/ozone/ozone/hadoop-ozone/integration-test/target/test-dir/MiniOzoneClusterImpl-1331a795-ed08-415d-924a-7661a5cf51a5/ozone-metadata/datanode-10/data-0/hdds/1331a795-ed08-415d-924a-7661a5cf51a5/DS-2f2d0a7f-394e-472e-bb26-a84cc7eb1472/container.db, /home/runner/work/ozone/ozone/hadoop-ozone/integration-test/target/test-dir/MiniOzoneClusterImpl-1331a795-ed08-415d-924a-7661a5cf51a5/ozone-metadata/datanode-2/data-0/hdds/1331a795-ed08-415d-924a-7661a5cf51a5/DS-ce29b877-3335-47dd-ae87-6ca9399c09a2/container.db, /home/runner/work/ozone/ozone/hadoop-ozone/integration-test/target/test-dir/MiniOzoneClusterImpl-1331a795-ed08-415d-924a-7661a5cf51a5/ozone-metadata/datanode-3/data-0/hdds/1331a795-ed08-415d-924a-7661a5cf51a5/DS-7c74f027-72de-49ce-b83a-c2c2856c274d/container.db, /home/runner/work/ozone/ozone/hadoop-ozone/integration-test/target/test-dir/MiniOzoneClusterImpl-1331a795-ed08-415d-924a-7661a5cf51a5/ozone-metadata/datanode-4/data-0/hdds/1331a795-ed08-415d-924a-7661a5cf51a5/DS-e1c55588-49a5-4291-a123-18ab5048c25f/container.db, /home/runner/work/ozone/ozone/hadoop-ozone/integration-test/target/test-dir/MiniOzoneClusterImpl-1331a795-ed08-415d-924a-7661a5cf51a5/ozone-metadata/datanode-5/data-0/hdds/1331a795-ed08-415d-924a-7661a5cf51a5/DS-84acdda9-c348-442e-9156-67d0a73b2541/container.db, /home/runner/work/ozone/ozone/hadoop-ozone/integration-test/target/test-dir/MiniOzoneClusterImpl-1331a795-ed08-415d-924a-7661a5cf51a5/ozone-metadata/datanode-6/data-0/hdds/1331a795-ed08-415d-924a-7661a5cf51a5/DS-22fb78ac-1833-44ab-8f02-751f4fb3033d/container.db, /home/runner/work/ozone/ozone/hadoop-ozone/integration-test/target/test-dir/MiniOzoneClusterImpl-1331a795-ed08-415d-924a-7661a5cf51a5/ozone-metadata/datanode-7/data-0/hdds/1331a795-ed08-415d-924a-7661a5cf51a5/DS-63a6c3b7-4525-47d9-ad60-45ee0a1c7b71/container.db, /home/runner/work/ozone/ozone/hadoop-ozone/integration-test/target/test-dir/MiniOzoneClusterImpl-1331a795-ed08-415d-924a-7661a5cf51a5/ozone-metadata/datanode-8/data-0/hdds/1331a795-ed08-415d-924a-7661a5cf51a5/DS-643ce4cb-c5d1-46d9-b647-00c002703750/container.db, /home/runner/work/ozone/ozone/hadoop-ozone/integration-test/target/test-dir/MiniOzoneClusterImpl-1331a795-ed08-415d-924a-7661a5cf51a5/ozone-metadata/datanode-9/data-0/hdds/1331a795-ed08-415d-924a-7661a5cf51a5/DS-8a555c84-68d0-42a4-8e7e-de18356c0fbd/container.db]
2025-09-13 17:33:28,537 [ForkJoinPool-1-worker-1] INFO  utils.DatanodeStoreCache (DatanodeStoreCache.java:removeDB(104)) - Removed db /home/runner/work/ozone/ozone/hadoop-ozone/integration-test/target/test-dir/MiniOzoneClusterImpl-1331a795-ed08-415d-924a-7661a5cf51a5/ozone-metadata/datanode-3/data-0/hdds/1331a795-ed08-415d-924a-7661a5cf51a5/DS-7c74f027-72de-49ce-b83a-c2c2856c274d/container.db from cache
2025-09-13 17:33:28,538 [ForkJoinPool-1-worker-1] INFO  volume.HddsVolume (HddsVolume.java:closeDbStore(609)) - SchemaV3 db is stopped at /home/runner/work/ozone/ozone/hadoop-ozone/integration-test/target/test-dir/MiniOzoneClusterImpl-1331a795-ed08-415d-924a-7661a5cf51a5/ozone-metadata/datanode-3/data-0/hdds/1331a795-ed08-415d-924a-7661a5cf51a5/DS-7c74f027-72de-49ce-b83a-c2c2856c274d/container.db for volume DS-7c74f027-72de-49ce-b83a-c2c2856c274d
2025-09-13 17:33:28,538 [ForkJoinPool-1-worker-1] INFO  utils.BackgroundService (BackgroundService.java:shutdown(195)) - Shutting down service BlockDeletingService
2025-09-13 17:33:28,538 [ForkJoinPool-1-worker-1] INFO  utils.BackgroundService (BackgroundService.java:shutdown(195)) - Shutting down service StaleRecoveringContainerScrubbingService
2025-09-13 17:33:28,539 [ForkJoinPool-1-worker-1] INFO  statemachine.DatanodeStateMachine (DatanodeStateMachine.java:stopDaemon(654)) - Ozone container server stopped.
2025-09-13 17:33:28,553 [ForkJoinPool-1-worker-1] INFO  handler.ContextHandler (ContextHandler.java:doStop(1159)) - Stopped o.e.j.w.WebAppContext@62a80cf9{hddsDatanode,/,null,STOPPED}{jar:file:/home/runner/work/ozone/ozone/hadoop-hdds/container-service/target/hdds-container-service-2.1.0-SNAPSHOT.jar!/webapps/hddsDatanode}
2025-09-13 17:33:28,553 [ForkJoinPool-1-worker-1] INFO  server.AbstractConnector (AbstractConnector.java:doStop(383)) - Stopped ServerConnector@5c1d1152{HTTP/1.1, (http/1.1)}{0.0.0.0:15026}
2025-09-13 17:33:28,553 [ForkJoinPool-1-worker-1] INFO  server.session (HouseKeeper.java:stopScavenging(149)) - node0 Stopped scavenging
2025-09-13 17:33:28,553 [ForkJoinPool-1-worker-1] INFO  handler.ContextHandler (ContextHandler.java:doStop(1159)) - Stopped o.e.j.s.ServletContextHandler@262d39a7{static,/static,jar:file:/home/runner/work/ozone/ozone/hadoop-hdds/container-service/target/hdds-container-service-2.1.0-SNAPSHOT.jar!/webapps/static,STOPPED}
2025-09-13 17:33:28,553 [ForkJoinPool-1-worker-1] INFO  handler.ContextHandler (ContextHandler.java:doStop(1159)) - Stopped o.e.j.s.ServletContextHandler@3867aa31{logs,/logs,file:///home/runner/work/ozone/ozone/hadoop-ozone/integration-test/target/log,STOPPED}
2025-09-13 17:33:28,554 [ForkJoinPool-1-worker-1] INFO  ozone.HddsDatanodeClientProtocolServer (HddsDatanodeClientProtocolServer.java:stop(82)) - Stopping the RPC server for Client Protocol
2025-09-13 17:33:28,554 [ForkJoinPool-1-worker-1] INFO  ipc.Server (Server.java:stop(3697)) - Stopping server on 15027
2025-09-13 17:33:28,555 [IPC Server listener on 15027] INFO  ipc.Server (Server.java:run(1585)) - Stopping IPC Server listener on 15027
2025-09-13 17:33:28,556 [IPC Server Responder] INFO  ipc.Server (Server.java:run(1718)) - Stopping IPC Server Responder
2025-09-13 17:33:28,557 [ForkJoinPool-1-worker-1] INFO  ozoneimpl.OzoneContainer (OzoneContainer.java:stop(549)) - Attempting to stop container services.
2025-09-13 17:33:28,557 [ContainerMetadataScanner] WARN  ozoneimpl.AbstractBackgroundContainerScanner (AbstractBackgroundContainerScanner.java:handleRemainingSleep(136)) - Background container scan was interrupted.
2025-09-13 17:33:28,557 [ContainerMetadataScanner] INFO  ozoneimpl.AbstractBackgroundContainerScanner (AbstractBackgroundContainerScanner.java:run(63)) - org.apache.hadoop.ozone.container.ozoneimpl.BackgroundContainerMetadataScanner@65d43d0b exiting.
2025-09-13 17:33:28,557 [ForkJoinPool-1-worker-1] INFO  ozoneimpl.BackgroundContainerDataScanner (BackgroundContainerDataScanner.java:shutdown(87)) - ContainerDataScanner(/home/runner/work/ozone/ozone/hadoop-ozone/integration-test/target/test-dir/MiniOzoneClusterImpl-1331a795-ed08-415d-924a-7661a5cf51a5/ozone-metadata/datanode-1/data-0/hdds) is shutting down. 
2025-09-13 17:33:28,557 [ContainerDataScanner(/home/runner/work/ozone/ozone/hadoop-ozone/integration-test/target/test-dir/MiniOzoneClusterImpl-1331a795-ed08-415d-924a-7661a5cf51a5/ozone-metadata/datanode-1/data-0/hdds)] WARN  ozoneimpl.AbstractBackgroundContainerScanner (AbstractBackgroundContainerScanner.java:handleRemainingSleep(136)) - Background container scan was interrupted.
2025-09-13 17:33:28,558 [ContainerDataScanner(/home/runner/work/ozone/ozone/hadoop-ozone/integration-test/target/test-dir/MiniOzoneClusterImpl-1331a795-ed08-415d-924a-7661a5cf51a5/ozone-metadata/datanode-1/data-0/hdds)] INFO  ozoneimpl.AbstractBackgroundContainerScanner (AbstractBackgroundContainerScanner.java:run(63)) - ContainerDataScanner(/home/runner/work/ozone/ozone/hadoop-ozone/integration-test/target/test-dir/MiniOzoneClusterImpl-1331a795-ed08-415d-924a-7661a5cf51a5/ozone-metadata/datanode-1/data-0/hdds, DS-cef04933-4ce8-4840-b22e-4ad87088cbdd) exiting.
2025-09-13 17:33:28,558 [ForkJoinPool-1-worker-1] INFO  ozoneimpl.OnDemandContainerScanner (OnDemandContainerScanner.java:shutdown(141)) - On-demand container scanner is shutting down.
2025-09-13 17:33:28,558 [ForkJoinPool-1-worker-1] INFO  ratis.XceiverServerRatis (XceiverServerRatis.java:stop(595)) - Closing XceiverServerRatis(36d876fb-a458-4393-963b-58eeedb8ba95)
2025-09-13 17:33:28,558 [ForkJoinPool-1-worker-1] INFO  server.RaftServer (RaftServerProxy.java:lambda$close$9(422)) - 36d876fb-a458-4393-963b-58eeedb8ba95: close
2025-09-13 17:33:28,558 [36d876fb-a458-4393-963b-58eeedb8ba95-impl-thread2] INFO  server.RaftServer$Division (RaftServerImpl.java:lambda$close$1(527)) - 36d876fb-a458-4393-963b-58eeedb8ba95@group-CF05563D4821: shutdown
2025-09-13 17:33:28,558 [36d876fb-a458-4393-963b-58eeedb8ba95-impl-thread3] INFO  server.RaftServer$Division (RaftServerImpl.java:lambda$close$1(527)) - 36d876fb-a458-4393-963b-58eeedb8ba95@group-B4189F5888A1: shutdown
2025-09-13 17:33:28,558 [36d876fb-a458-4393-963b-58eeedb8ba95-impl-thread1] INFO  server.RaftServer$Division (RaftServerImpl.java:lambda$close$1(527)) - 36d876fb-a458-4393-963b-58eeedb8ba95@group-D5D0288CE997: shutdown
2025-09-13 17:33:28,558 [36d876fb-a458-4393-963b-58eeedb8ba95-impl-thread3] INFO  util.JmxRegister (JmxRegister.java:unregister(74)) - Successfully un-registered JMX Bean with object name Ratis:service=RaftServer,group=group-B4189F5888A1,id=36d876fb-a458-4393-963b-58eeedb8ba95
2025-09-13 17:33:28,558 [36d876fb-a458-4393-963b-58eeedb8ba95-impl-thread1] INFO  util.JmxRegister (JmxRegister.java:unregister(74)) - Successfully un-registered JMX Bean with object name Ratis:service=RaftServer,group=group-D5D0288CE997,id=36d876fb-a458-4393-963b-58eeedb8ba95
2025-09-13 17:33:28,558 [36d876fb-a458-4393-963b-58eeedb8ba95-impl-thread3] INFO  impl.RoleInfo (RoleInfo.java:shutdownLeaderState(103)) - 36d876fb-a458-4393-963b-58eeedb8ba95: shutdown 36d876fb-a458-4393-963b-58eeedb8ba95@group-B4189F5888A1-LeaderStateImpl
2025-09-13 17:33:28,558 [36d876fb-a458-4393-963b-58eeedb8ba95-impl-thread1] INFO  impl.RoleInfo (RoleInfo.java:shutdownLeaderState(103)) - 36d876fb-a458-4393-963b-58eeedb8ba95: shutdown 36d876fb-a458-4393-963b-58eeedb8ba95@group-D5D0288CE997-LeaderStateImpl
2025-09-13 17:33:28,558 [36d876fb-a458-4393-963b-58eeedb8ba95-impl-thread2] INFO  util.JmxRegister (JmxRegister.java:unregister(74)) - Successfully un-registered JMX Bean with object name Ratis:service=RaftServer,group=group-CF05563D4821,id=36d876fb-a458-4393-963b-58eeedb8ba95
2025-09-13 17:33:28,559 [36d876fb-a458-4393-963b-58eeedb8ba95-impl-thread3] INFO  impl.PendingRequests (PendingRequests.java:sendNotLeaderResponses(287)) - 36d876fb-a458-4393-963b-58eeedb8ba95@group-B4189F5888A1-PendingRequests: sendNotLeaderResponses
2025-09-13 17:33:28,559 [36d876fb-a458-4393-963b-58eeedb8ba95-impl-thread2] INFO  impl.RoleInfo (RoleInfo.java:shutdownLeaderState(103)) - 36d876fb-a458-4393-963b-58eeedb8ba95: shutdown 36d876fb-a458-4393-963b-58eeedb8ba95@group-CF05563D4821-LeaderStateImpl
2025-09-13 17:33:28,559 [36d876fb-a458-4393-963b-58eeedb8ba95@group-D5D0288CE997->13facd30-3950-4310-8b1a-93d004abbbdd-GrpcLogAppender-LogAppenderDaemon] WARN  server.GrpcLogAppender (GrpcLogAppender.java:mayWait(300)) - 36d876fb-a458-4393-963b-58eeedb8ba95@group-D5D0288CE997->13facd30-3950-4310-8b1a-93d004abbbdd-GrpcLogAppender: Wait interrupted by java.lang.InterruptedException
2025-09-13 17:33:28,559 [36d876fb-a458-4393-963b-58eeedb8ba95-impl-thread2] INFO  impl.PendingRequests (PendingRequests.java:sendNotLeaderResponses(287)) - 36d876fb-a458-4393-963b-58eeedb8ba95@group-CF05563D4821-PendingRequests: sendNotLeaderResponses
2025-09-13 17:33:28,559 [36d876fb-a458-4393-963b-58eeedb8ba95@group-CF05563D4821->9e23e878-9bb3-42b5-8b94-e0e229812e65-GrpcLogAppender-LogAppenderDaemon] WARN  server.GrpcLogAppender (GrpcLogAppender.java:mayWait(300)) - 36d876fb-a458-4393-963b-58eeedb8ba95@group-CF05563D4821->9e23e878-9bb3-42b5-8b94-e0e229812e65-GrpcLogAppender: Wait interrupted by java.lang.InterruptedException
2025-09-13 17:33:28,558 [ForkJoinPool-1-worker-1] INFO  server.GrpcServicesImpl (GrpcServicesImpl.java:closeImpl(355)) - 36d876fb-a458-4393-963b-58eeedb8ba95: shutdown server org.apache.ratis.grpc.server.GrpcClientProtocolService now
2025-09-13 17:33:28,559 [36d876fb-a458-4393-963b-58eeedb8ba95-impl-thread1] INFO  impl.PendingRequests (PendingRequests.java:sendNotLeaderResponses(287)) - 36d876fb-a458-4393-963b-58eeedb8ba95@group-D5D0288CE997-PendingRequests: sendNotLeaderResponses
2025-09-13 17:33:28,560 [36d876fb-a458-4393-963b-58eeedb8ba95-impl-thread3] INFO  impl.StateMachineUpdater (StateMachineUpdater.java:stopAndJoin(163)) - 36d876fb-a458-4393-963b-58eeedb8ba95@group-B4189F5888A1-StateMachineUpdater: set stopIndex = 2
2025-09-13 17:33:28,560 [36d876fb-a458-4393-963b-58eeedb8ba95@group-D5D0288CE997->9e23e878-9bb3-42b5-8b94-e0e229812e65-GrpcLogAppender-LogAppenderDaemon] WARN  server.GrpcLogAppender (GrpcLogAppender.java:mayWait(300)) - 36d876fb-a458-4393-963b-58eeedb8ba95@group-D5D0288CE997->9e23e878-9bb3-42b5-8b94-e0e229812e65-GrpcLogAppender: Wait interrupted by java.lang.InterruptedException
2025-09-13 17:33:28,560 [Thread-2287] INFO  server.GrpcServerProtocolClient (GrpcServerProtocolClient.java:close(105)) - 9e23e878-9bb3-42b5-8b94-e0e229812e65 Close channels
2025-09-13 17:33:28,560 [36d876fb-a458-4393-963b-58eeedb8ba95@group-CF05563D4821->13facd30-3950-4310-8b1a-93d004abbbdd-GrpcLogAppender-LogAppenderDaemon] WARN  server.GrpcLogAppender (GrpcLogAppender.java:mayWait(300)) - 36d876fb-a458-4393-963b-58eeedb8ba95@group-CF05563D4821->13facd30-3950-4310-8b1a-93d004abbbdd-GrpcLogAppender: Wait interrupted by java.lang.InterruptedException
2025-09-13 17:33:28,560 [Thread-2288] INFO  server.GrpcServerProtocolClient (GrpcServerProtocolClient.java:close(105)) - 13facd30-3950-4310-8b1a-93d004abbbdd Close channels
2025-09-13 17:33:28,560 [grpc-default-executor-0] INFO  server.GrpcLogAppender (GrpcLogAppender.java:onCompleted(558)) - 36d876fb-a458-4393-963b-58eeedb8ba95@group-CF05563D4821->9e23e878-9bb3-42b5-8b94-e0e229812e65-AppendLogResponseHandler: follower responses appendEntries COMPLETED
2025-09-13 17:33:28,560 [grpc-default-executor-0] WARN  server.GrpcLogAppender (GrpcLogAppender.java:resetClient(237)) - 36d876fb-a458-4393-963b-58eeedb8ba95@group-CF05563D4821->9e23e878-9bb3-42b5-8b94-e0e229812e65-GrpcLogAppender: Failed to getClient for 9e23e878-9bb3-42b5-8b94-e0e229812e65
org.apache.ratis.protocol.exceptions.AlreadyClosedException: 36d876fb-a458-4393-963b-58eeedb8ba95 is already CLOSED
	at org.apache.ratis.util.PeerProxyMap$PeerAndProxy.getProxy(PeerProxyMap.java:67)
	at org.apache.ratis.util.PeerProxyMap.getProxy(PeerProxyMap.java:124)
	at org.apache.ratis.grpc.server.GrpcLogAppender.getClient(GrpcLogAppender.java:207)
	at org.apache.ratis.grpc.server.GrpcLogAppender.resetClient(GrpcLogAppender.java:212)
	at org.apache.ratis.grpc.server.GrpcLogAppender.access$800(GrpcLogAppender.java:70)
	at org.apache.ratis.grpc.server.GrpcLogAppender$AppendLogResponseHandler.onCompleted(GrpcLogAppender.java:559)
	at org.apache.ratis.thirdparty.io.grpc.stub.ClientCalls$StreamObserverToCallListenerAdapter.onClose(ClientCalls.java:562)
	at org.apache.ratis.thirdparty.io.grpc.internal.ClientCallImpl.closeObserver(ClientCallImpl.java:565)
	at org.apache.ratis.thirdparty.io.grpc.internal.ClientCallImpl.access$100(ClientCallImpl.java:72)
	at org.apache.ratis.thirdparty.io.grpc.internal.ClientCallImpl$ClientStreamListenerImpl$1StreamClosed.runInternal(ClientCallImpl.java:733)
	at org.apache.ratis.thirdparty.io.grpc.internal.ClientCallImpl$ClientStreamListenerImpl$1StreamClosed.runInContext(ClientCallImpl.java:714)
	at org.apache.ratis.thirdparty.io.grpc.internal.ContextRunnable.run(ContextRunnable.java:37)
	at org.apache.ratis.thirdparty.io.grpc.internal.SerializingExecutor.run(SerializingExecutor.java:133)
	at java.base/java.util.concurrent.ThreadPoolExecutor.runWorker(ThreadPoolExecutor.java:1144)
	at java.base/java.util.concurrent.ThreadPoolExecutor$Worker.run(ThreadPoolExecutor.java:642)
	at java.base/java.lang.Thread.run(Thread.java:1583)
2025-09-13 17:33:28,561 [grpc-default-executor-8] WARN  server.GrpcClientProtocolService (LogUtils.java:warn(127)) - 0-OrderedRequestStreamObserver0: onError: org.apache.ratis.thirdparty.io.grpc.StatusRuntimeException: CANCELLED: client cancelled
2025-09-13 17:33:28,561 [36d876fb-a458-4393-963b-58eeedb8ba95-impl-thread2] INFO  impl.StateMachineUpdater (StateMachineUpdater.java:stopAndJoin(163)) - 36d876fb-a458-4393-963b-58eeedb8ba95@group-CF05563D4821-StateMachineUpdater: set stopIndex = 8
2025-09-13 17:33:28,561 [36d876fb-a458-4393-963b-58eeedb8ba95@group-CF05563D4821-StateMachineUpdater] INFO  ratis.ContainerStateMachine (ContainerStateMachine.java:takeSnapshot(427)) - group-CF05563D4821: Taking a snapshot at:(t:5, i:8) file /home/runner/work/ozone/ozone/hadoop-ozone/integration-test/target/test-dir/MiniOzoneClusterImpl-1331a795-ed08-415d-924a-7661a5cf51a5/ozone-metadata/datanode-1/ratis/59c25a4c-b008-4c23-bf2e-cf05563d4821/sm/snapshot.5_8
2025-09-13 17:33:28,560 [36d876fb-a458-4393-963b-58eeedb8ba95@group-B4189F5888A1-StateMachineUpdater] INFO  ratis.ContainerStateMachine (ContainerStateMachine.java:takeSnapshot(427)) - group-B4189F5888A1: Taking a snapshot at:(t:2, i:2) file /home/runner/work/ozone/ozone/hadoop-ozone/integration-test/target/test-dir/MiniOzoneClusterImpl-1331a795-ed08-415d-924a-7661a5cf51a5/ozone-metadata/datanode-1/ratis/5743d5ca-d5da-4592-97f7-b4189f5888a1/sm/snapshot.2_2
2025-09-13 17:33:28,561 [grpc-default-executor-10] INFO  server.GrpcLogAppender (GrpcLogAppender.java:onCompleted(558)) - 36d876fb-a458-4393-963b-58eeedb8ba95@group-D5D0288CE997->9e23e878-9bb3-42b5-8b94-e0e229812e65-AppendLogResponseHandler: follower responses appendEntries COMPLETED
2025-09-13 17:33:28,561 [grpc-default-executor-10] WARN  server.GrpcLogAppender (GrpcLogAppender.java:resetClient(237)) - 36d876fb-a458-4393-963b-58eeedb8ba95@group-D5D0288CE997->9e23e878-9bb3-42b5-8b94-e0e229812e65-GrpcLogAppender: Failed to getClient for 9e23e878-9bb3-42b5-8b94-e0e229812e65
org.apache.ratis.protocol.exceptions.AlreadyClosedException: 36d876fb-a458-4393-963b-58eeedb8ba95 is already CLOSED
	at org.apache.ratis.util.PeerProxyMap$PeerAndProxy.getProxy(PeerProxyMap.java:67)
	at org.apache.ratis.util.PeerProxyMap.getProxy(PeerProxyMap.java:124)
	at org.apache.ratis.grpc.server.GrpcLogAppender.getClient(GrpcLogAppender.java:207)
	at org.apache.ratis.grpc.server.GrpcLogAppender.resetClient(GrpcLogAppender.java:212)
	at org.apache.ratis.grpc.server.GrpcLogAppender.access$800(GrpcLogAppender.java:70)
	at org.apache.ratis.grpc.server.GrpcLogAppender$AppendLogResponseHandler.onCompleted(GrpcLogAppender.java:559)
	at org.apache.ratis.thirdparty.io.grpc.stub.ClientCalls$StreamObserverToCallListenerAdapter.onClose(ClientCalls.java:562)
	at org.apache.ratis.thirdparty.io.grpc.internal.ClientCallImpl.closeObserver(ClientCallImpl.java:565)
	at org.apache.ratis.thirdparty.io.grpc.internal.ClientCallImpl.access$100(ClientCallImpl.java:72)
	at org.apache.ratis.thirdparty.io.grpc.internal.ClientCallImpl$ClientStreamListenerImpl$1StreamClosed.runInternal(ClientCallImpl.java:733)
	at org.apache.ratis.thirdparty.io.grpc.internal.ClientCallImpl$ClientStreamListenerImpl$1StreamClosed.runInContext(ClientCallImpl.java:714)
	at org.apache.ratis.thirdparty.io.grpc.internal.ContextRunnable.run(ContextRunnable.java:37)
	at org.apache.ratis.thirdparty.io.grpc.internal.SerializingExecutor.run(SerializingExecutor.java:133)
	at java.base/java.util.concurrent.ThreadPoolExecutor.runWorker(ThreadPoolExecutor.java:1144)
	at java.base/java.util.concurrent.ThreadPoolExecutor$Worker.run(ThreadPoolExecutor.java:642)
	at java.base/java.lang.Thread.run(Thread.java:1583)
2025-09-13 17:33:28,561 [36d876fb-a458-4393-963b-58eeedb8ba95-impl-thread1] INFO  impl.StateMachineUpdater (StateMachineUpdater.java:stopAndJoin(163)) - 36d876fb-a458-4393-963b-58eeedb8ba95@group-D5D0288CE997-StateMachineUpdater: set stopIndex = 25
2025-09-13 17:33:28,562 [grpc-default-executor-12] WARN  server.GrpcClientProtocolService (LogUtils.java:warn(127)) - 1-UnorderedRequestStreamObserver1: onError: org.apache.ratis.thirdparty.io.grpc.StatusRuntimeException: CANCELLED: client cancelled
2025-09-13 17:33:28,562 [36d876fb-a458-4393-963b-58eeedb8ba95@group-D5D0288CE997-StateMachineUpdater] INFO  ratis.ContainerStateMachine (ContainerStateMachine.java:takeSnapshot(427)) - group-D5D0288CE997: Taking a snapshot at:(t:2, i:25) file /home/runner/work/ozone/ozone/hadoop-ozone/integration-test/target/test-dir/MiniOzoneClusterImpl-1331a795-ed08-415d-924a-7661a5cf51a5/ozone-metadata/datanode-1/ratis/71f8f458-3dd2-4722-a002-d5d0288ce997/sm/snapshot.2_25
2025-09-13 17:33:28,562 [36d876fb-a458-4393-963b-58eeedb8ba95@group-CF05563D4821-StateMachineUpdater] INFO  ratis.ContainerStateMachine (ContainerStateMachine.java:takeSnapshot(436)) - group-CF05563D4821: Finished taking a snapshot at:(t:5, i:8) file:/home/runner/work/ozone/ozone/hadoop-ozone/integration-test/target/test-dir/MiniOzoneClusterImpl-1331a795-ed08-415d-924a-7661a5cf51a5/ozone-metadata/datanode-1/ratis/59c25a4c-b008-4c23-bf2e-cf05563d4821/sm/snapshot.5_8 took: 1 ms
2025-09-13 17:33:28,562 [grpc-default-executor-11] INFO  server.GrpcLogAppender (GrpcLogAppender.java:onCompleted(558)) - 36d876fb-a458-4393-963b-58eeedb8ba95@group-CF05563D4821->9e23e878-9bb3-42b5-8b94-e0e229812e65-AppendLogResponseHandler: follower responses appendEntries COMPLETED
2025-09-13 17:33:28,563 [grpc-default-executor-11] WARN  server.GrpcLogAppender (GrpcLogAppender.java:resetClient(237)) - 36d876fb-a458-4393-963b-58eeedb8ba95@group-CF05563D4821->9e23e878-9bb3-42b5-8b94-e0e229812e65-GrpcLogAppender: Failed to getClient for 9e23e878-9bb3-42b5-8b94-e0e229812e65
org.apache.ratis.protocol.exceptions.AlreadyClosedException: 36d876fb-a458-4393-963b-58eeedb8ba95 is already CLOSED
	at org.apache.ratis.util.PeerProxyMap$PeerAndProxy.getProxy(PeerProxyMap.java:67)
	at org.apache.ratis.util.PeerProxyMap.getProxy(PeerProxyMap.java:124)
	at org.apache.ratis.grpc.server.GrpcLogAppender.getClient(GrpcLogAppender.java:207)
	at org.apache.ratis.grpc.server.GrpcLogAppender.resetClient(GrpcLogAppender.java:212)
	at org.apache.ratis.grpc.server.GrpcLogAppender.access$800(GrpcLogAppender.java:70)
	at org.apache.ratis.grpc.server.GrpcLogAppender$AppendLogResponseHandler.onCompleted(GrpcLogAppender.java:559)
	at org.apache.ratis.thirdparty.io.grpc.stub.ClientCalls$StreamObserverToCallListenerAdapter.onClose(ClientCalls.java:562)
	at org.apache.ratis.thirdparty.io.grpc.internal.ClientCallImpl.closeObserver(ClientCallImpl.java:565)
	at org.apache.ratis.thirdparty.io.grpc.internal.ClientCallImpl.access$100(ClientCallImpl.java:72)
	at org.apache.ratis.thirdparty.io.grpc.internal.ClientCallImpl$ClientStreamListenerImpl$1StreamClosed.runInternal(ClientCallImpl.java:733)
	at org.apache.ratis.thirdparty.io.grpc.internal.ClientCallImpl$ClientStreamListenerImpl$1StreamClosed.runInContext(ClientCallImpl.java:714)
	at org.apache.ratis.thirdparty.io.grpc.internal.ContextRunnable.run(ContextRunnable.java:37)
	at org.apache.ratis.thirdparty.io.grpc.internal.SerializingExecutor.run(SerializingExecutor.java:133)
	at java.base/java.util.concurrent.ThreadPoolExecutor.runWorker(ThreadPoolExecutor.java:1144)
	at java.base/java.util.concurrent.ThreadPoolExecutor$Worker.run(ThreadPoolExecutor.java:642)
	at java.base/java.lang.Thread.run(Thread.java:1583)
2025-09-13 17:33:28,563 [36d876fb-a458-4393-963b-58eeedb8ba95@group-B4189F5888A1-StateMachineUpdater] INFO  ratis.ContainerStateMachine (ContainerStateMachine.java:takeSnapshot(436)) - group-B4189F5888A1: Finished taking a snapshot at:(t:2, i:2) file:/home/runner/work/ozone/ozone/hadoop-ozone/integration-test/target/test-dir/MiniOzoneClusterImpl-1331a795-ed08-415d-924a-7661a5cf51a5/ozone-metadata/datanode-1/ratis/5743d5ca-d5da-4592-97f7-b4189f5888a1/sm/snapshot.2_2 took: 2 ms
2025-09-13 17:33:28,563 [36d876fb-a458-4393-963b-58eeedb8ba95@group-B4189F5888A1-StateMachineUpdater] INFO  impl.StateMachineUpdater (StateMachineUpdater.java:takeSnapshot(307)) - 36d876fb-a458-4393-963b-58eeedb8ba95@group-B4189F5888A1-StateMachineUpdater: Took a snapshot at index 2
2025-09-13 17:33:28,563 [grpc-default-executor-10] INFO  server.GrpcLogAppender (GrpcLogAppender.java:onCompleted(558)) - 36d876fb-a458-4393-963b-58eeedb8ba95@group-D5D0288CE997->9e23e878-9bb3-42b5-8b94-e0e229812e65-AppendLogResponseHandler: follower responses appendEntries COMPLETED
2025-09-13 17:33:28,563 [36d876fb-a458-4393-963b-58eeedb8ba95@group-B4189F5888A1-StateMachineUpdater] INFO  impl.StateMachineUpdater (StateMachineUpdater.java:lambda$new$0(101)) - 36d876fb-a458-4393-963b-58eeedb8ba95@group-B4189F5888A1-StateMachineUpdater: snapshotIndex: updateIncreasingly 0 -> 2
2025-09-13 17:33:28,563 [grpc-default-executor-10] WARN  server.GrpcLogAppender (GrpcLogAppender.java:resetClient(237)) - 36d876fb-a458-4393-963b-58eeedb8ba95@group-D5D0288CE997->9e23e878-9bb3-42b5-8b94-e0e229812e65-GrpcLogAppender: Failed to getClient for 9e23e878-9bb3-42b5-8b94-e0e229812e65
org.apache.ratis.protocol.exceptions.AlreadyClosedException: 36d876fb-a458-4393-963b-58eeedb8ba95 is already CLOSED
	at org.apache.ratis.util.PeerProxyMap$PeerAndProxy.getProxy(PeerProxyMap.java:67)
	at org.apache.ratis.util.PeerProxyMap.getProxy(PeerProxyMap.java:124)
	at org.apache.ratis.grpc.server.GrpcLogAppender.getClient(GrpcLogAppender.java:207)
	at org.apache.ratis.grpc.server.GrpcLogAppender.resetClient(GrpcLogAppender.java:212)
	at org.apache.ratis.grpc.server.GrpcLogAppender.access$800(GrpcLogAppender.java:70)
	at org.apache.ratis.grpc.server.GrpcLogAppender$AppendLogResponseHandler.onCompleted(GrpcLogAppender.java:559)
	at org.apache.ratis.thirdparty.io.grpc.stub.ClientCalls$StreamObserverToCallListenerAdapter.onClose(ClientCalls.java:562)
	at org.apache.ratis.thirdparty.io.grpc.internal.ClientCallImpl.closeObserver(ClientCallImpl.java:565)
	at org.apache.ratis.thirdparty.io.grpc.internal.ClientCallImpl.access$100(ClientCallImpl.java:72)
	at org.apache.ratis.thirdparty.io.grpc.internal.ClientCallImpl$ClientStreamListenerImpl$1StreamClosed.runInternal(ClientCallImpl.java:733)
	at org.apache.ratis.thirdparty.io.grpc.internal.ClientCallImpl$ClientStreamListenerImpl$1StreamClosed.runInContext(ClientCallImpl.java:714)
	at org.apache.ratis.thirdparty.io.grpc.internal.ContextRunnable.run(ContextRunnable.java:37)
	at org.apache.ratis.thirdparty.io.grpc.internal.SerializingExecutor.run(SerializingExecutor.java:133)
	at java.base/java.util.concurrent.ThreadPoolExecutor.runWorker(ThreadPoolExecutor.java:1144)
	at java.base/java.util.concurrent.ThreadPoolExecutor$Worker.run(ThreadPoolExecutor.java:642)
	at java.base/java.lang.Thread.run(Thread.java:1583)
2025-09-13 17:33:28,563 [36d876fb-a458-4393-963b-58eeedb8ba95@group-B4189F5888A1-StateMachineUpdater] INFO  impl.StateMachineUpdater (StateMachineUpdater.java:stop(140)) - 36d876fb-a458-4393-963b-58eeedb8ba95@group-B4189F5888A1-StateMachineUpdater: closing ContainerStateMachine, lastApplied=(t:2, i:2)
2025-09-13 17:33:28,563 [36d876fb-a458-4393-963b-58eeedb8ba95@group-CF05563D4821-StateMachineUpdater] INFO  impl.StateMachineUpdater (StateMachineUpdater.java:takeSnapshot(307)) - 36d876fb-a458-4393-963b-58eeedb8ba95@group-CF05563D4821-StateMachineUpdater: Took a snapshot at index 8
2025-09-13 17:33:28,563 [36d876fb-a458-4393-963b-58eeedb8ba95@group-CF05563D4821-StateMachineUpdater] INFO  impl.StateMachineUpdater (StateMachineUpdater.java:lambda$new$0(101)) - 36d876fb-a458-4393-963b-58eeedb8ba95@group-CF05563D4821-StateMachineUpdater: snapshotIndex: updateIncreasingly 2 -> 8
2025-09-13 17:33:28,563 [36d876fb-a458-4393-963b-58eeedb8ba95@group-CF05563D4821-StateMachineUpdater] INFO  impl.StateMachineUpdater (StateMachineUpdater.java:stop(140)) - 36d876fb-a458-4393-963b-58eeedb8ba95@group-CF05563D4821-StateMachineUpdater: closing ContainerStateMachine, lastApplied=(t:5, i:8)
2025-09-13 17:33:28,563 [36d876fb-a458-4393-963b-58eeedb8ba95@group-CF05563D4821-cacheEviction-AwaitToRun] INFO  util.AwaitToRun (AwaitToRun.java:run(49)) - 36d876fb-a458-4393-963b-58eeedb8ba95@group-CF05563D4821-cacheEviction-AwaitToRun-AwaitForSignal is interrupted
2025-09-13 17:33:28,564 [ForkJoinPool-1-worker-1] INFO  server.GrpcServicesImpl (GrpcServicesImpl.java:closeImpl(364)) - 36d876fb-a458-4393-963b-58eeedb8ba95: shutdown server org.apache.ratis.grpc.server.GrpcClientProtocolService successfully
2025-09-13 17:33:28,564 [ForkJoinPool-1-worker-1] INFO  server.GrpcServicesImpl (GrpcServicesImpl.java:closeImpl(355)) - 36d876fb-a458-4393-963b-58eeedb8ba95: shutdown server GrpcServerProtocolService now
2025-09-13 17:33:28,565 [36d876fb-a458-4393-963b-58eeedb8ba95@group-B4189F5888A1-cacheEviction-AwaitToRun] INFO  util.AwaitToRun (AwaitToRun.java:run(49)) - 36d876fb-a458-4393-963b-58eeedb8ba95@group-B4189F5888A1-cacheEviction-AwaitToRun-AwaitForSignal is interrupted
2025-09-13 17:33:28,565 [36d876fb-a458-4393-963b-58eeedb8ba95@group-D5D0288CE997-StateMachineUpdater] INFO  ratis.ContainerStateMachine (ContainerStateMachine.java:takeSnapshot(436)) - group-D5D0288CE997: Finished taking a snapshot at:(t:2, i:25) file:/home/runner/work/ozone/ozone/hadoop-ozone/integration-test/target/test-dir/MiniOzoneClusterImpl-1331a795-ed08-415d-924a-7661a5cf51a5/ozone-metadata/datanode-1/ratis/71f8f458-3dd2-4722-a002-d5d0288ce997/sm/snapshot.2_25 took: 3 ms
2025-09-13 17:33:28,565 [36d876fb-a458-4393-963b-58eeedb8ba95@group-D5D0288CE997-StateMachineUpdater] INFO  impl.StateMachineUpdater (StateMachineUpdater.java:takeSnapshot(307)) - 36d876fb-a458-4393-963b-58eeedb8ba95@group-D5D0288CE997-StateMachineUpdater: Took a snapshot at index 25
2025-09-13 17:33:28,565 [36d876fb-a458-4393-963b-58eeedb8ba95@group-D5D0288CE997-StateMachineUpdater] INFO  impl.StateMachineUpdater (StateMachineUpdater.java:lambda$new$0(101)) - 36d876fb-a458-4393-963b-58eeedb8ba95@group-D5D0288CE997-StateMachineUpdater: snapshotIndex: updateIncreasingly 15 -> 25
2025-09-13 17:33:28,565 [36d876fb-a458-4393-963b-58eeedb8ba95@group-D5D0288CE997-StateMachineUpdater] INFO  impl.StateMachineUpdater (StateMachineUpdater.java:stop(140)) - 36d876fb-a458-4393-963b-58eeedb8ba95@group-D5D0288CE997-StateMachineUpdater: closing ContainerStateMachine, lastApplied=(t:2, i:25)
2025-09-13 17:33:28,565 [36d876fb-a458-4393-963b-58eeedb8ba95@group-D5D0288CE997-cacheEviction-AwaitToRun] INFO  util.AwaitToRun (AwaitToRun.java:run(49)) - 36d876fb-a458-4393-963b-58eeedb8ba95@group-D5D0288CE997-cacheEviction-AwaitToRun-AwaitForSignal is interrupted
2025-09-13 17:33:28,566 [ForkJoinPool-1-worker-1] INFO  server.GrpcServicesImpl (GrpcServicesImpl.java:closeImpl(364)) - 36d876fb-a458-4393-963b-58eeedb8ba95: shutdown server GrpcServerProtocolService successfully
2025-09-13 17:33:28,566 [ForkJoinPool-1-worker-1] INFO  server.GrpcServicesImpl (GrpcServicesImpl.java:closeImpl(355)) - 36d876fb-a458-4393-963b-58eeedb8ba95: shutdown server org.apache.ratis.grpc.server.GrpcAdminProtocolService now
2025-09-13 17:33:28,566 [ForkJoinPool-1-worker-1] INFO  server.GrpcServicesImpl (GrpcServicesImpl.java:closeImpl(364)) - 36d876fb-a458-4393-963b-58eeedb8ba95: shutdown server org.apache.ratis.grpc.server.GrpcAdminProtocolService successfully
2025-09-13 17:33:28,567 [36d876fb-a458-4393-963b-58eeedb8ba95-NettyServerStreamRpc-bossGroup--thread1] INFO  logging.LoggingHandler (AbstractInternalLogger.java:log(148)) - [id: 0x385e55d5, L:/0.0.0.0:15016] CLOSE
2025-09-13 17:33:28,567 [36d876fb-a458-4393-963b-58eeedb8ba95-NettyServerStreamRpc-bossGroup--thread1] INFO  logging.LoggingHandler (AbstractInternalLogger.java:log(148)) - [id: 0x385e55d5, L:/0.0.0.0:15016] INACTIVE
2025-09-13 17:33:28,567 [36d876fb-a458-4393-963b-58eeedb8ba95-NettyServerStreamRpc-bossGroup--thread1] INFO  logging.LoggingHandler (AbstractInternalLogger.java:log(148)) - [id: 0x385e55d5, L:/0.0.0.0:15016] UNREGISTERED
2025-09-13 17:33:28,571 [timer6] INFO  server.GrpcServerProtocolService (GrpcServerProtocolService.java:lambda$null$7(175)) - 13facd30-3950-4310-8b1a-93d004abbbdd: Completed APPEND_ENTRIES, lastReply: serverReply {
  requestorId: "36d876fb-a458-4393-963b-58eeedb8ba95"
  replyId: "13facd30-3950-4310-8b1a-93d004abbbdd"
  raftGroupId {
    id: "Y\302ZL\260\bL#\277.\317\005V=H!"
  }
  callId: 14
  success: true
}
term: 3
nextIndex: 5
followerCommit: 4
matchIndex: 18446744073709551615
isHearbeat: true
  (Repeated 2 times in the last 5.000s)
2025-09-13 17:33:28,571 [timer5] INFO  server.GrpcServerProtocolService (GrpcServerProtocolService.java:lambda$onCompleted$6(171)) - 13facd30-3950-4310-8b1a-93d004abbbdd: Completed APPEND_ENTRIES, lastRequest: null  (Repeated 2 times in the last 5.001s)
2025-09-13 17:33:28,571 [timer7] INFO  server.GrpcServerProtocolService (GrpcServerProtocolService.java:lambda$onCompleted$6(171)) - 9e23e878-9bb3-42b5-8b94-e0e229812e65: Completed APPEND_ENTRIES, lastRequest: null  (Repeated 8 times in the last 5.001s)
2025-09-13 17:33:28,572 [timer0] INFO  server.GrpcServerProtocolService (GrpcServerProtocolService.java:lambda$null$7(175)) - 9e23e878-9bb3-42b5-8b94-e0e229812e65: Completed APPEND_ENTRIES, lastReply: serverReply {
  requestorId: "36d876fb-a458-4393-963b-58eeedb8ba95"
  replyId: "9e23e878-9bb3-42b5-8b94-e0e229812e65"
  raftGroupId {
    id: "q\370\364X=\322G\"\240\002\325\320(\214\351\227"
  }
  callId: 37
  success: true
}
term: 2
nextIndex: 26
followerCommit: 25
matchIndex: 18446744073709551615
isHearbeat: true
  (Repeated 8 times in the last 5.001s)
2025-09-13 17:33:28,877 [36d876fb-a458-4393-963b-58eeedb8ba95-impl-thread2] INFO  segmented.SegmentedRaftLogWorker (SegmentedRaftLogWorker.java:close(254)) - 36d876fb-a458-4393-963b-58eeedb8ba95@group-CF05563D4821-SegmentedRaftLogWorker close()
2025-09-13 17:33:28,878 [36d876fb-a458-4393-963b-58eeedb8ba95-impl-thread2] INFO  ratis.ContainerStateMachine (ContainerStateMachine.java:notifyServerShutdown(1038)) - group-CF05563D4821 is closed by HddsDatanodeService
2025-09-13 17:33:29,435 [36d876fb-a458-4393-963b-58eeedb8ba95-impl-thread3] INFO  segmented.SegmentedRaftLogWorker (SegmentedRaftLogWorker.java:close(254)) - 36d876fb-a458-4393-963b-58eeedb8ba95@group-B4189F5888A1-SegmentedRaftLogWorker close()
2025-09-13 17:33:29,436 [36d876fb-a458-4393-963b-58eeedb8ba95-impl-thread3] INFO  ratis.ContainerStateMachine (ContainerStateMachine.java:notifyServerShutdown(1038)) - group-B4189F5888A1 is closed by HddsDatanodeService
2025-09-13 17:33:29,532 [36d876fb-a458-4393-963b-58eeedb8ba95-impl-thread1] INFO  segmented.SegmentedRaftLogWorker (SegmentedRaftLogWorker.java:close(254)) - 36d876fb-a458-4393-963b-58eeedb8ba95@group-D5D0288CE997-SegmentedRaftLogWorker close()
2025-09-13 17:33:29,532 [36d876fb-a458-4393-963b-58eeedb8ba95-impl-thread1] INFO  ratis.ContainerStateMachine (ContainerStateMachine.java:notifyServerShutdown(1038)) - group-D5D0288CE997 is closed by HddsDatanodeService
2025-09-13 17:33:29,532 [JvmPauseMonitor16] INFO  util.JvmPauseMonitor (JvmPauseMonitor.java:run(152)) - JvmPauseMonitor-36d876fb-a458-4393-963b-58eeedb8ba95: Stopped
2025-09-13 17:33:30,098 [9e23e878-9bb3-42b5-8b94-e0e229812e65@group-CF05563D4821-FollowerState] INFO  impl.FollowerState (FollowerState.java:runImpl(161)) - 9e23e878-9bb3-42b5-8b94-e0e229812e65@group-CF05563D4821-FollowerState: change to CANDIDATE, lastRpcElapsedTime:1716713697ns, electionTimeout:1050ms
2025-09-13 17:33:30,098 [9e23e878-9bb3-42b5-8b94-e0e229812e65@group-CF05563D4821-FollowerState] INFO  impl.RoleInfo (RoleInfo.java:shutdownFollowerState(121)) - 9e23e878-9bb3-42b5-8b94-e0e229812e65: shutdown 9e23e878-9bb3-42b5-8b94-e0e229812e65@group-CF05563D4821-FollowerState
2025-09-13 17:33:30,098 [9e23e878-9bb3-42b5-8b94-e0e229812e65@group-CF05563D4821-FollowerState] INFO  server.RaftServer$Division (RaftServerImpl.java:setRole(392)) - 9e23e878-9bb3-42b5-8b94-e0e229812e65@group-CF05563D4821: changes role from  FOLLOWER to CANDIDATE at term 5 for changeToCandidate
2025-09-13 17:33:30,098 [9e23e878-9bb3-42b5-8b94-e0e229812e65@group-CF05563D4821-FollowerState] INFO  impl.RoleInfo (RoleInfo.java:updateAndGet(148)) - 9e23e878-9bb3-42b5-8b94-e0e229812e65: start 9e23e878-9bb3-42b5-8b94-e0e229812e65@group-CF05563D4821-LeaderElection222
2025-09-13 17:33:30,099 [9e23e878-9bb3-42b5-8b94-e0e229812e65@group-CF05563D4821-LeaderElection222] INFO  server.RaftServer$Division (ServerState.java:setLeader(272)) - 9e23e878-9bb3-42b5-8b94-e0e229812e65@group-CF05563D4821: change Leader from 36d876fb-a458-4393-963b-58eeedb8ba95 to null at term 5 for PRE_VOTE
2025-09-13 17:33:30,099 [9e23e878-9bb3-42b5-8b94-e0e229812e65@group-CF05563D4821-LeaderElection222] INFO  impl.LeaderElection (LeaderElection.java:askForVotes(448)) - 9e23e878-9bb3-42b5-8b94-e0e229812e65@group-CF05563D4821-LeaderElection222 PRE_VOTE round 0: submit vote requests at term 5 for conf: {index: 7, cur=peers:[9e23e878-9bb3-42b5-8b94-e0e229812e65|127.0.0.1:15023, 13facd30-3950-4310-8b1a-93d004abbbdd|127.0.0.1:15031, 36d876fb-a458-4393-963b-58eeedb8ba95|127.0.0.1:15015]|listeners:[], old=null}
2025-09-13 17:33:30,099 [9e23e878-9bb3-42b5-8b94-e0e229812e65@group-CF05563D4821-LeaderElection222] INFO  impl.LeaderElection (LogUtils.java:infoOrTrace(142)) - 9e23e878-9bb3-42b5-8b94-e0e229812e65@group-CF05563D4821-LeaderElection222 got exception when requesting votes: java.util.concurrent.ExecutionException: org.apache.ratis.thirdparty.io.grpc.StatusRuntimeException: UNAVAILABLE: io exception
2025-09-13 17:33:30,100 [9e23e878-9bb3-42b5-8b94-e0e229812e65@group-CF05563D4821-LeaderElection222] INFO  impl.LeaderElection (LogUtils.java:infoOrTrace(142)) - 9e23e878-9bb3-42b5-8b94-e0e229812e65@group-CF05563D4821-LeaderElection222 got exception when requesting votes: java.util.concurrent.ExecutionException: org.apache.ratis.thirdparty.io.grpc.StatusRuntimeException: UNAVAILABLE: io exception
2025-09-13 17:33:30,100 [9e23e878-9bb3-42b5-8b94-e0e229812e65@group-CF05563D4821-LeaderElection222] INFO  impl.LeaderElection (LeaderElection.java:logAndReturn(206)) - 9e23e878-9bb3-42b5-8b94-e0e229812e65@group-CF05563D4821-LeaderElection222: PRE_VOTE REJECTED received 0 response(s) and 2 exception(s):
2025-09-13 17:33:30,100 [9e23e878-9bb3-42b5-8b94-e0e229812e65@group-CF05563D4821-LeaderElection222] INFO  impl.LeaderElection (LogUtils.java:infoOrTrace(142)) -   Exception 0: java.util.concurrent.ExecutionException: org.apache.ratis.thirdparty.io.grpc.StatusRuntimeException: UNAVAILABLE: io exception
2025-09-13 17:33:30,100 [9e23e878-9bb3-42b5-8b94-e0e229812e65@group-CF05563D4821-LeaderElection222] INFO  impl.LeaderElection (LogUtils.java:infoOrTrace(142)) -   Exception 1: java.util.concurrent.ExecutionException: org.apache.ratis.thirdparty.io.grpc.StatusRuntimeException: UNAVAILABLE: io exception
2025-09-13 17:33:30,100 [9e23e878-9bb3-42b5-8b94-e0e229812e65@group-CF05563D4821-LeaderElection222] INFO  impl.LeaderElection (LeaderElection.java:askForVotes(450)) - 9e23e878-9bb3-42b5-8b94-e0e229812e65@group-CF05563D4821-LeaderElection222 PRE_VOTE round 0: result REJECTED
2025-09-13 17:33:30,100 [9e23e878-9bb3-42b5-8b94-e0e229812e65@group-CF05563D4821-LeaderElection222] INFO  server.RaftServer$Division (RaftServerImpl.java:setRole(392)) - 9e23e878-9bb3-42b5-8b94-e0e229812e65@group-CF05563D4821: changes role from CANDIDATE to FOLLOWER at term 5 for REJECTED
2025-09-13 17:33:30,100 [9e23e878-9bb3-42b5-8b94-e0e229812e65@group-CF05563D4821-LeaderElection222] INFO  impl.RoleInfo (RoleInfo.java:shutdownLeaderElection(141)) - 9e23e878-9bb3-42b5-8b94-e0e229812e65: shutdown 9e23e878-9bb3-42b5-8b94-e0e229812e65@group-CF05563D4821-LeaderElection222
2025-09-13 17:33:30,100 [9e23e878-9bb3-42b5-8b94-e0e229812e65@group-CF05563D4821-LeaderElection222] INFO  impl.RoleInfo (RoleInfo.java:updateAndGet(148)) - 9e23e878-9bb3-42b5-8b94-e0e229812e65: start 9e23e878-9bb3-42b5-8b94-e0e229812e65@group-CF05563D4821-FollowerState
2025-09-13 17:33:30,191 [9e23e878-9bb3-42b5-8b94-e0e229812e65@group-D5D0288CE997-FollowerState] INFO  impl.FollowerState (FollowerState.java:runImpl(161)) - 9e23e878-9bb3-42b5-8b94-e0e229812e65@group-D5D0288CE997-FollowerState: change to CANDIDATE, lastRpcElapsedTime:1650153775ns, electionTimeout:1137ms
2025-09-13 17:33:30,191 [9e23e878-9bb3-42b5-8b94-e0e229812e65@group-D5D0288CE997-FollowerState] INFO  impl.RoleInfo (RoleInfo.java:shutdownFollowerState(121)) - 9e23e878-9bb3-42b5-8b94-e0e229812e65: shutdown 9e23e878-9bb3-42b5-8b94-e0e229812e65@group-D5D0288CE997-FollowerState
2025-09-13 17:33:30,191 [9e23e878-9bb3-42b5-8b94-e0e229812e65@group-D5D0288CE997-FollowerState] INFO  server.RaftServer$Division (RaftServerImpl.java:setRole(392)) - 9e23e878-9bb3-42b5-8b94-e0e229812e65@group-D5D0288CE997: changes role from  FOLLOWER to CANDIDATE at term 2 for changeToCandidate
2025-09-13 17:33:30,191 [9e23e878-9bb3-42b5-8b94-e0e229812e65@group-D5D0288CE997-FollowerState] INFO  impl.RoleInfo (RoleInfo.java:updateAndGet(148)) - 9e23e878-9bb3-42b5-8b94-e0e229812e65: start 9e23e878-9bb3-42b5-8b94-e0e229812e65@group-D5D0288CE997-LeaderElection223
2025-09-13 17:33:30,191 [9e23e878-9bb3-42b5-8b94-e0e229812e65@group-D5D0288CE997-LeaderElection223] INFO  server.RaftServer$Division (ServerState.java:setLeader(272)) - 9e23e878-9bb3-42b5-8b94-e0e229812e65@group-D5D0288CE997: change Leader from 36d876fb-a458-4393-963b-58eeedb8ba95 to null at term 2 for PRE_VOTE
2025-09-13 17:33:30,191 [9e23e878-9bb3-42b5-8b94-e0e229812e65@group-D5D0288CE997-LeaderElection223] INFO  impl.LeaderElection (LeaderElection.java:askForVotes(448)) - 9e23e878-9bb3-42b5-8b94-e0e229812e65@group-D5D0288CE997-LeaderElection223 PRE_VOTE round 0: submit vote requests at term 2 for conf: {index: 16, cur=peers:[9e23e878-9bb3-42b5-8b94-e0e229812e65|127.0.0.1:15023, 13facd30-3950-4310-8b1a-93d004abbbdd|127.0.0.1:15031, 36d876fb-a458-4393-963b-58eeedb8ba95|127.0.0.1:15015]|listeners:[], old=null}
2025-09-13 17:33:30,192 [9e23e878-9bb3-42b5-8b94-e0e229812e65@group-D5D0288CE997-LeaderElection223] INFO  impl.LeaderElection (LogUtils.java:infoOrTrace(142)) - 9e23e878-9bb3-42b5-8b94-e0e229812e65@group-D5D0288CE997-LeaderElection223 got exception when requesting votes: java.util.concurrent.ExecutionException: org.apache.ratis.thirdparty.io.grpc.StatusRuntimeException: UNAVAILABLE: io exception
2025-09-13 17:33:30,192 [9e23e878-9bb3-42b5-8b94-e0e229812e65@group-D5D0288CE997-LeaderElection223] INFO  impl.LeaderElection (LogUtils.java:infoOrTrace(142)) - 9e23e878-9bb3-42b5-8b94-e0e229812e65@group-D5D0288CE997-LeaderElection223 got exception when requesting votes: java.util.concurrent.ExecutionException: org.apache.ratis.thirdparty.io.grpc.StatusRuntimeException: UNAVAILABLE: io exception
2025-09-13 17:33:30,192 [9e23e878-9bb3-42b5-8b94-e0e229812e65@group-D5D0288CE997-LeaderElection223] INFO  impl.LeaderElection (LeaderElection.java:logAndReturn(206)) - 9e23e878-9bb3-42b5-8b94-e0e229812e65@group-D5D0288CE997-LeaderElection223: PRE_VOTE REJECTED received 0 response(s) and 2 exception(s):
2025-09-13 17:33:30,192 [9e23e878-9bb3-42b5-8b94-e0e229812e65@group-D5D0288CE997-LeaderElection223] INFO  impl.LeaderElection (LogUtils.java:infoOrTrace(142)) -   Exception 0: java.util.concurrent.ExecutionException: org.apache.ratis.thirdparty.io.grpc.StatusRuntimeException: UNAVAILABLE: io exception
2025-09-13 17:33:30,192 [9e23e878-9bb3-42b5-8b94-e0e229812e65@group-D5D0288CE997-LeaderElection223] INFO  impl.LeaderElection (LogUtils.java:infoOrTrace(142)) -   Exception 1: java.util.concurrent.ExecutionException: org.apache.ratis.thirdparty.io.grpc.StatusRuntimeException: UNAVAILABLE: io exception
2025-09-13 17:33:30,192 [9e23e878-9bb3-42b5-8b94-e0e229812e65@group-D5D0288CE997-LeaderElection223] INFO  impl.LeaderElection (LeaderElection.java:askForVotes(450)) - 9e23e878-9bb3-42b5-8b94-e0e229812e65@group-D5D0288CE997-LeaderElection223 PRE_VOTE round 0: result REJECTED
2025-09-13 17:33:30,192 [9e23e878-9bb3-42b5-8b94-e0e229812e65@group-D5D0288CE997-LeaderElection223] INFO  server.RaftServer$Division (RaftServerImpl.java:setRole(392)) - 9e23e878-9bb3-42b5-8b94-e0e229812e65@group-D5D0288CE997: changes role from CANDIDATE to FOLLOWER at term 2 for REJECTED
2025-09-13 17:33:30,192 [9e23e878-9bb3-42b5-8b94-e0e229812e65@group-D5D0288CE997-LeaderElection223] INFO  impl.RoleInfo (RoleInfo.java:shutdownLeaderElection(141)) - 9e23e878-9bb3-42b5-8b94-e0e229812e65: shutdown 9e23e878-9bb3-42b5-8b94-e0e229812e65@group-D5D0288CE997-LeaderElection223
2025-09-13 17:33:30,192 [9e23e878-9bb3-42b5-8b94-e0e229812e65@group-D5D0288CE997-LeaderElection223] INFO  impl.RoleInfo (RoleInfo.java:updateAndGet(148)) - 9e23e878-9bb3-42b5-8b94-e0e229812e65: start 9e23e878-9bb3-42b5-8b94-e0e229812e65@group-D5D0288CE997-FollowerState
2025-09-13 17:33:30,541 [timer3] INFO  server.GrpcServerProtocolService (GrpcServerProtocolService.java:lambda$null$7(175)) - 36d876fb-a458-4393-963b-58eeedb8ba95: Completed APPEND_ENTRIES, lastReply: serverReply {
  requestorId: "13facd30-3950-4310-8b1a-93d004abbbdd"
  replyId: "36d876fb-a458-4393-963b-58eeedb8ba95"
  raftGroupId {
    id: "Y\302ZL\260\bL#\277.\317\005V=H!"
  }
  callId: 6
  success: true
}
term: 4
nextIndex: 7
followerCommit: 6
matchIndex: 18446744073709551615
isHearbeat: true
  (Repeated 2 times in the last 5.000s)
2025-09-13 17:33:30,542 [timer2] INFO  server.GrpcServerProtocolService (GrpcServerProtocolService.java:lambda$onCompleted$6(171)) - 36d876fb-a458-4393-963b-58eeedb8ba95: Completed APPEND_ENTRIES, lastRequest: null  (Repeated 2 times in the last 5.001s)
2025-09-13 17:33:30,549 [timer4] WARN  server.GrpcLogAppender (LogUtils.java:warn(127)) - 36d876fb-a458-4393-963b-58eeedb8ba95@group-D5D0288CE997->13facd30-3950-4310-8b1a-93d004abbbdd-AppendLogResponseHandler: Failed appendEntries (Repeated 14 times in the last 5.000s): org.apache.ratis.thirdparty.io.grpc.StatusRuntimeException: UNAVAILABLE: io exception
  Caused by: org.apache.ratis.thirdparty.io.netty.channel.AbstractChannel$AnnotatedConnectException: finishConnect(..) failed: Connection refused: /127.0.0.1:15031
  Caused by: java.net.ConnectException: finishConnect(..) failed: Connection refused
2025-09-13 17:33:30,549 [timer5] WARN  server.GrpcLogAppender (GrpcLogAppender.java:lambda$resetClient$1(228)) - 36d876fb-a458-4393-963b-58eeedb8ba95@group-D5D0288CE997->13facd30-3950-4310-8b1a-93d004abbbdd-GrpcLogAppender: Follower failed (request=null, errorCount=14); keep nextIndex (26) unchanged and retry. (Repeated 14 times in the last 5.001s)
2025-09-13 17:33:31,242 [9e23e878-9bb3-42b5-8b94-e0e229812e65@group-CF05563D4821-FollowerState] INFO  impl.FollowerState (FollowerState.java:runImpl(161)) - 9e23e878-9bb3-42b5-8b94-e0e229812e65@group-CF05563D4821-FollowerState: change to CANDIDATE, lastRpcElapsedTime:1142259789ns, electionTimeout:1142ms
2025-09-13 17:33:31,243 [9e23e878-9bb3-42b5-8b94-e0e229812e65@group-CF05563D4821-FollowerState] INFO  impl.RoleInfo (RoleInfo.java:shutdownFollowerState(121)) - 9e23e878-9bb3-42b5-8b94-e0e229812e65: shutdown 9e23e878-9bb3-42b5-8b94-e0e229812e65@group-CF05563D4821-FollowerState
2025-09-13 17:33:31,243 [9e23e878-9bb3-42b5-8b94-e0e229812e65@group-CF05563D4821-FollowerState] INFO  server.RaftServer$Division (RaftServerImpl.java:setRole(392)) - 9e23e878-9bb3-42b5-8b94-e0e229812e65@group-CF05563D4821: changes role from  FOLLOWER to CANDIDATE at term 5 for changeToCandidate
2025-09-13 17:33:31,243 [9e23e878-9bb3-42b5-8b94-e0e229812e65@group-CF05563D4821-FollowerState] INFO  impl.RoleInfo (RoleInfo.java:updateAndGet(148)) - 9e23e878-9bb3-42b5-8b94-e0e229812e65: start 9e23e878-9bb3-42b5-8b94-e0e229812e65@group-CF05563D4821-LeaderElection224
2025-09-13 17:33:31,243 [9e23e878-9bb3-42b5-8b94-e0e229812e65@group-CF05563D4821-LeaderElection224] INFO  impl.LeaderElection (LeaderElection.java:askForVotes(448)) - 9e23e878-9bb3-42b5-8b94-e0e229812e65@group-CF05563D4821-LeaderElection224 PRE_VOTE round 0: submit vote requests at term 5 for conf: {index: 7, cur=peers:[9e23e878-9bb3-42b5-8b94-e0e229812e65|127.0.0.1:15023, 13facd30-3950-4310-8b1a-93d004abbbdd|127.0.0.1:15031, 36d876fb-a458-4393-963b-58eeedb8ba95|127.0.0.1:15015]|listeners:[], old=null}
2025-09-13 17:33:31,243 [9e23e878-9bb3-42b5-8b94-e0e229812e65@group-CF05563D4821-LeaderElection224] INFO  impl.LeaderElection (LogUtils.java:infoOrTrace(142)) - 9e23e878-9bb3-42b5-8b94-e0e229812e65@group-CF05563D4821-LeaderElection224 got exception when requesting votes: java.util.concurrent.ExecutionException: org.apache.ratis.thirdparty.io.grpc.StatusRuntimeException: UNAVAILABLE: io exception
2025-09-13 17:33:31,244 [9e23e878-9bb3-42b5-8b94-e0e229812e65@group-CF05563D4821-LeaderElection224] INFO  impl.LeaderElection (LogUtils.java:infoOrTrace(142)) - 9e23e878-9bb3-42b5-8b94-e0e229812e65@group-CF05563D4821-LeaderElection224 got exception when requesting votes: java.util.concurrent.ExecutionException: org.apache.ratis.thirdparty.io.grpc.StatusRuntimeException: UNAVAILABLE: io exception
2025-09-13 17:33:31,244 [9e23e878-9bb3-42b5-8b94-e0e229812e65@group-CF05563D4821-LeaderElection224] INFO  impl.LeaderElection (LeaderElection.java:logAndReturn(206)) - 9e23e878-9bb3-42b5-8b94-e0e229812e65@group-CF05563D4821-LeaderElection224: PRE_VOTE REJECTED received 0 response(s) and 2 exception(s):
2025-09-13 17:33:31,244 [9e23e878-9bb3-42b5-8b94-e0e229812e65@group-CF05563D4821-LeaderElection224] INFO  impl.LeaderElection (LogUtils.java:infoOrTrace(142)) -   Exception 0: java.util.concurrent.ExecutionException: org.apache.ratis.thirdparty.io.grpc.StatusRuntimeException: UNAVAILABLE: io exception
2025-09-13 17:33:31,244 [9e23e878-9bb3-42b5-8b94-e0e229812e65@group-CF05563D4821-LeaderElection224] INFO  impl.LeaderElection (LogUtils.java:infoOrTrace(142)) -   Exception 1: java.util.concurrent.ExecutionException: org.apache.ratis.thirdparty.io.grpc.StatusRuntimeException: UNAVAILABLE: io exception
2025-09-13 17:33:31,244 [9e23e878-9bb3-42b5-8b94-e0e229812e65@group-CF05563D4821-LeaderElection224] INFO  impl.LeaderElection (LeaderElection.java:askForVotes(450)) - 9e23e878-9bb3-42b5-8b94-e0e229812e65@group-CF05563D4821-LeaderElection224 PRE_VOTE round 0: result REJECTED
2025-09-13 17:33:31,244 [9e23e878-9bb3-42b5-8b94-e0e229812e65@group-CF05563D4821-LeaderElection224] INFO  server.RaftServer$Division (RaftServerImpl.java:setRole(392)) - 9e23e878-9bb3-42b5-8b94-e0e229812e65@group-CF05563D4821: changes role from CANDIDATE to FOLLOWER at term 5 for REJECTED
2025-09-13 17:33:31,244 [9e23e878-9bb3-42b5-8b94-e0e229812e65@group-CF05563D4821-LeaderElection224] INFO  impl.RoleInfo (RoleInfo.java:shutdownLeaderElection(141)) - 9e23e878-9bb3-42b5-8b94-e0e229812e65: shutdown 9e23e878-9bb3-42b5-8b94-e0e229812e65@group-CF05563D4821-LeaderElection224
2025-09-13 17:33:31,244 [9e23e878-9bb3-42b5-8b94-e0e229812e65@group-CF05563D4821-LeaderElection224] INFO  impl.RoleInfo (RoleInfo.java:updateAndGet(148)) - 9e23e878-9bb3-42b5-8b94-e0e229812e65: start 9e23e878-9bb3-42b5-8b94-e0e229812e65@group-CF05563D4821-FollowerState
2025-09-13 17:33:31,349 [9e23e878-9bb3-42b5-8b94-e0e229812e65@group-D5D0288CE997-FollowerState] INFO  impl.FollowerState (FollowerState.java:runImpl(161)) - 9e23e878-9bb3-42b5-8b94-e0e229812e65@group-D5D0288CE997-FollowerState: change to CANDIDATE, lastRpcElapsedTime:1157342020ns, electionTimeout:1157ms
2025-09-13 17:33:31,350 [9e23e878-9bb3-42b5-8b94-e0e229812e65@group-D5D0288CE997-FollowerState] INFO  impl.RoleInfo (RoleInfo.java:shutdownFollowerState(121)) - 9e23e878-9bb3-42b5-8b94-e0e229812e65: shutdown 9e23e878-9bb3-42b5-8b94-e0e229812e65@group-D5D0288CE997-FollowerState
2025-09-13 17:33:31,350 [9e23e878-9bb3-42b5-8b94-e0e229812e65@group-D5D0288CE997-FollowerState] INFO  server.RaftServer$Division (RaftServerImpl.java:setRole(392)) - 9e23e878-9bb3-42b5-8b94-e0e229812e65@group-D5D0288CE997: changes role from  FOLLOWER to CANDIDATE at term 2 for changeToCandidate
2025-09-13 17:33:31,350 [9e23e878-9bb3-42b5-8b94-e0e229812e65@group-D5D0288CE997-FollowerState] INFO  impl.RoleInfo (RoleInfo.java:updateAndGet(148)) - 9e23e878-9bb3-42b5-8b94-e0e229812e65: start 9e23e878-9bb3-42b5-8b94-e0e229812e65@group-D5D0288CE997-LeaderElection225
2025-09-13 17:33:31,350 [9e23e878-9bb3-42b5-8b94-e0e229812e65@group-D5D0288CE997-LeaderElection225] INFO  impl.LeaderElection (LeaderElection.java:askForVotes(448)) - 9e23e878-9bb3-42b5-8b94-e0e229812e65@group-D5D0288CE997-LeaderElection225 PRE_VOTE round 0: submit vote requests at term 2 for conf: {index: 16, cur=peers:[9e23e878-9bb3-42b5-8b94-e0e229812e65|127.0.0.1:15023, 13facd30-3950-4310-8b1a-93d004abbbdd|127.0.0.1:15031, 36d876fb-a458-4393-963b-58eeedb8ba95|127.0.0.1:15015]|listeners:[], old=null}
2025-09-13 17:33:31,350 [9e23e878-9bb3-42b5-8b94-e0e229812e65@group-D5D0288CE997-LeaderElection225] INFO  impl.LeaderElection (LogUtils.java:infoOrTrace(142)) - 9e23e878-9bb3-42b5-8b94-e0e229812e65@group-D5D0288CE997-LeaderElection225 got exception when requesting votes: java.util.concurrent.ExecutionException: org.apache.ratis.thirdparty.io.grpc.StatusRuntimeException: UNAVAILABLE: io exception
2025-09-13 17:33:31,351 [9e23e878-9bb3-42b5-8b94-e0e229812e65@group-D5D0288CE997-LeaderElection225] INFO  impl.LeaderElection (LogUtils.java:infoOrTrace(142)) - 9e23e878-9bb3-42b5-8b94-e0e229812e65@group-D5D0288CE997-LeaderElection225 got exception when requesting votes: java.util.concurrent.ExecutionException: org.apache.ratis.thirdparty.io.grpc.StatusRuntimeException: UNAVAILABLE: io exception
2025-09-13 17:33:31,351 [9e23e878-9bb3-42b5-8b94-e0e229812e65@group-D5D0288CE997-LeaderElection225] INFO  impl.LeaderElection (LeaderElection.java:logAndReturn(206)) - 9e23e878-9bb3-42b5-8b94-e0e229812e65@group-D5D0288CE997-LeaderElection225: PRE_VOTE REJECTED received 0 response(s) and 2 exception(s):
2025-09-13 17:33:31,351 [9e23e878-9bb3-42b5-8b94-e0e229812e65@group-D5D0288CE997-LeaderElection225] INFO  impl.LeaderElection (LogUtils.java:infoOrTrace(142)) -   Exception 0: java.util.concurrent.ExecutionException: org.apache.ratis.thirdparty.io.grpc.StatusRuntimeException: UNAVAILABLE: io exception
2025-09-13 17:33:31,351 [9e23e878-9bb3-42b5-8b94-e0e229812e65@group-D5D0288CE997-LeaderElection225] INFO  impl.LeaderElection (LogUtils.java:infoOrTrace(142)) -   Exception 1: java.util.concurrent.ExecutionException: org.apache.ratis.thirdparty.io.grpc.StatusRuntimeException: UNAVAILABLE: io exception
2025-09-13 17:33:31,351 [9e23e878-9bb3-42b5-8b94-e0e229812e65@group-D5D0288CE997-LeaderElection225] INFO  impl.LeaderElection (LeaderElection.java:askForVotes(450)) - 9e23e878-9bb3-42b5-8b94-e0e229812e65@group-D5D0288CE997-LeaderElection225 PRE_VOTE round 0: result REJECTED
2025-09-13 17:33:31,351 [9e23e878-9bb3-42b5-8b94-e0e229812e65@group-D5D0288CE997-LeaderElection225] INFO  server.RaftServer$Division (RaftServerImpl.java:setRole(392)) - 9e23e878-9bb3-42b5-8b94-e0e229812e65@group-D5D0288CE997: changes role from CANDIDATE to FOLLOWER at term 2 for REJECTED
2025-09-13 17:33:31,351 [9e23e878-9bb3-42b5-8b94-e0e229812e65@group-D5D0288CE997-LeaderElection225] INFO  impl.RoleInfo (RoleInfo.java:shutdownLeaderElection(141)) - 9e23e878-9bb3-42b5-8b94-e0e229812e65: shutdown 9e23e878-9bb3-42b5-8b94-e0e229812e65@group-D5D0288CE997-LeaderElection225
2025-09-13 17:33:31,351 [9e23e878-9bb3-42b5-8b94-e0e229812e65@group-D5D0288CE997-LeaderElection225] INFO  impl.RoleInfo (RoleInfo.java:updateAndGet(148)) - 9e23e878-9bb3-42b5-8b94-e0e229812e65: start 9e23e878-9bb3-42b5-8b94-e0e229812e65@group-D5D0288CE997-FollowerState
2025-09-13 17:33:31,535 [ForkJoinPool-1-worker-1] INFO  utils.DatanodeStoreCache (DatanodeStoreCache.java:shutdownCache(110)) - Skip clearing cache in mini cluster mode. Entries left: [/home/runner/work/ozone/ozone/hadoop-ozone/integration-test/target/test-dir/MiniOzoneClusterImpl-1331a795-ed08-415d-924a-7661a5cf51a5/ozone-metadata/datanode-1/data-0/hdds/1331a795-ed08-415d-924a-7661a5cf51a5/DS-cef04933-4ce8-4840-b22e-4ad87088cbdd/container.db, /home/runner/work/ozone/ozone/hadoop-ozone/integration-test/target/test-dir/MiniOzoneClusterImpl-1331a795-ed08-415d-924a-7661a5cf51a5/ozone-metadata/datanode-10/data-0/hdds/1331a795-ed08-415d-924a-7661a5cf51a5/DS-2f2d0a7f-394e-472e-bb26-a84cc7eb1472/container.db, /home/runner/work/ozone/ozone/hadoop-ozone/integration-test/target/test-dir/MiniOzoneClusterImpl-1331a795-ed08-415d-924a-7661a5cf51a5/ozone-metadata/datanode-2/data-0/hdds/1331a795-ed08-415d-924a-7661a5cf51a5/DS-ce29b877-3335-47dd-ae87-6ca9399c09a2/container.db, /home/runner/work/ozone/ozone/hadoop-ozone/integration-test/target/test-dir/MiniOzoneClusterImpl-1331a795-ed08-415d-924a-7661a5cf51a5/ozone-metadata/datanode-4/data-0/hdds/1331a795-ed08-415d-924a-7661a5cf51a5/DS-e1c55588-49a5-4291-a123-18ab5048c25f/container.db, /home/runner/work/ozone/ozone/hadoop-ozone/integration-test/target/test-dir/MiniOzoneClusterImpl-1331a795-ed08-415d-924a-7661a5cf51a5/ozone-metadata/datanode-5/data-0/hdds/1331a795-ed08-415d-924a-7661a5cf51a5/DS-84acdda9-c348-442e-9156-67d0a73b2541/container.db, /home/runner/work/ozone/ozone/hadoop-ozone/integration-test/target/test-dir/MiniOzoneClusterImpl-1331a795-ed08-415d-924a-7661a5cf51a5/ozone-metadata/datanode-6/data-0/hdds/1331a795-ed08-415d-924a-7661a5cf51a5/DS-22fb78ac-1833-44ab-8f02-751f4fb3033d/container.db, /home/runner/work/ozone/ozone/hadoop-ozone/integration-test/target/test-dir/MiniOzoneClusterImpl-1331a795-ed08-415d-924a-7661a5cf51a5/ozone-metadata/datanode-7/data-0/hdds/1331a795-ed08-415d-924a-7661a5cf51a5/DS-63a6c3b7-4525-47d9-ad60-45ee0a1c7b71/container.db, /home/runner/work/ozone/ozone/hadoop-ozone/integration-test/target/test-dir/MiniOzoneClusterImpl-1331a795-ed08-415d-924a-7661a5cf51a5/ozone-metadata/datanode-8/data-0/hdds/1331a795-ed08-415d-924a-7661a5cf51a5/DS-643ce4cb-c5d1-46d9-b647-00c002703750/container.db, /home/runner/work/ozone/ozone/hadoop-ozone/integration-test/target/test-dir/MiniOzoneClusterImpl-1331a795-ed08-415d-924a-7661a5cf51a5/ozone-metadata/datanode-9/data-0/hdds/1331a795-ed08-415d-924a-7661a5cf51a5/DS-8a555c84-68d0-42a4-8e7e-de18356c0fbd/container.db]
2025-09-13 17:33:31,540 [ForkJoinPool-1-worker-1] INFO  utils.DatanodeStoreCache (DatanodeStoreCache.java:removeDB(104)) - Removed db /home/runner/work/ozone/ozone/hadoop-ozone/integration-test/target/test-dir/MiniOzoneClusterImpl-1331a795-ed08-415d-924a-7661a5cf51a5/ozone-metadata/datanode-1/data-0/hdds/1331a795-ed08-415d-924a-7661a5cf51a5/DS-cef04933-4ce8-4840-b22e-4ad87088cbdd/container.db from cache
2025-09-13 17:33:31,541 [ForkJoinPool-1-worker-1] INFO  volume.HddsVolume (HddsVolume.java:closeDbStore(609)) - SchemaV3 db is stopped at /home/runner/work/ozone/ozone/hadoop-ozone/integration-test/target/test-dir/MiniOzoneClusterImpl-1331a795-ed08-415d-924a-7661a5cf51a5/ozone-metadata/datanode-1/data-0/hdds/1331a795-ed08-415d-924a-7661a5cf51a5/DS-cef04933-4ce8-4840-b22e-4ad87088cbdd/container.db for volume DS-cef04933-4ce8-4840-b22e-4ad87088cbdd
2025-09-13 17:33:31,541 [ForkJoinPool-1-worker-1] INFO  utils.BackgroundService (BackgroundService.java:shutdown(195)) - Shutting down service BlockDeletingService
2025-09-13 17:33:31,541 [ForkJoinPool-1-worker-1] INFO  utils.BackgroundService (BackgroundService.java:shutdown(195)) - Shutting down service StaleRecoveringContainerScrubbingService
2025-09-13 17:33:31,542 [ForkJoinPool-1-worker-1] INFO  statemachine.DatanodeStateMachine (DatanodeStateMachine.java:stopDaemon(654)) - Ozone container server stopped.
2025-09-13 17:33:31,556 [ForkJoinPool-1-worker-1] INFO  handler.ContextHandler (ContextHandler.java:doStop(1159)) - Stopped o.e.j.w.WebAppContext@395ceb0e{hddsDatanode,/,null,STOPPED}{jar:file:/home/runner/work/ozone/ozone/hadoop-hdds/container-service/target/hdds-container-service-2.1.0-SNAPSHOT.jar!/webapps/hddsDatanode}
2025-09-13 17:33:31,556 [ForkJoinPool-1-worker-1] INFO  server.AbstractConnector (AbstractConnector.java:doStop(383)) - Stopped ServerConnector@2d0faaf{HTTP/1.1, (http/1.1)}{0.0.0.0:15010}
2025-09-13 17:33:31,556 [ForkJoinPool-1-worker-1] INFO  server.session (HouseKeeper.java:stopScavenging(149)) - node0 Stopped scavenging
2025-09-13 17:33:31,557 [ForkJoinPool-1-worker-1] INFO  handler.ContextHandler (ContextHandler.java:doStop(1159)) - Stopped o.e.j.s.ServletContextHandler@369c183c{static,/static,jar:file:/home/runner/work/ozone/ozone/hadoop-hdds/container-service/target/hdds-container-service-2.1.0-SNAPSHOT.jar!/webapps/static,STOPPED}
2025-09-13 17:33:31,557 [ForkJoinPool-1-worker-1] INFO  handler.ContextHandler (ContextHandler.java:doStop(1159)) - Stopped o.e.j.s.ServletContextHandler@54680779{logs,/logs,file:///home/runner/work/ozone/ozone/hadoop-ozone/integration-test/target/log,STOPPED}
2025-09-13 17:33:31,558 [ForkJoinPool-1-worker-1] INFO  ozone.HddsDatanodeClientProtocolServer (HddsDatanodeClientProtocolServer.java:stop(82)) - Stopping the RPC server for Client Protocol
2025-09-13 17:33:31,558 [ForkJoinPool-1-worker-1] INFO  ipc.Server (Server.java:stop(3697)) - Stopping server on 15011
2025-09-13 17:33:31,559 [IPC Server listener on 15011] INFO  ipc.Server (Server.java:run(1585)) - Stopping IPC Server listener on 15011
2025-09-13 17:33:31,559 [IPC Server Responder] INFO  ipc.Server (Server.java:run(1718)) - Stopping IPC Server Responder
2025-09-13 17:33:31,560 [ForkJoinPool-1-worker-1] ERROR impl.OrderedAsync (OrderedAsync.java:lambda$null$6(215)) -  client-6B3875304329: Failed* RaftClientRequest:client-6B3875304329->36d876fb-a458-4393-963b-58eeedb8ba95@group-D5D0288CE997, cid=61, seq=6, RW, cmdType: WriteChunk
traceID: ""
containerID: 5
datanodeUuid: "13facd30-3950-4310-8b1a-93d004abbbdd"
writeChunk {
  blockID {
    containerID: 5
    localID: 115816896921600008
    blockCommitSequenceId: 21
    replicaIndex: 0
  }
  chunkData {
    chunkName: "115816896921600008_chunk_3"
    offset: 2097152
    len: 524288
    checksumData {
      type: CRC32
      bytesPerChecksum: 16384
      checksums: "\326\360U\321"
      checksums: "\326\360U\321"
      checksums: "\326\360U\321"
      checksums: "\326\360U\321"
      checksums: "\326\360U\321"
      checksums: "\326\360U\321"
      checksums: "\326\360U\321"
      checksums: "\326\360U\321"
      checksums: "\326\360U\321"
      checksums: "\326\360U\321"
      checksums: "\326\360U\321"
      checksums: "\326\360U\321"
      checksums: "\326\360U\321"
      checksums: "\326\360U\321"
      checksums: "\326\360U\321"
      checksums: "\326\360U\321"
      checksums: "\326\360U\321"
      checksums: "\326\360U\321"
      checksums: "\326\360U\321"
      checksums: "\326\360U\321"
      checksums: "\326\360U\321"
      checksums: "\326\360U\321"
      checksums: "\326\360U\321"
      checksums: "\326\360U\321"
      checksums: "\326\360U\321"
      checksums: "\326\360U\321"
      checksums: "\326\360U\321"
      checksums: "\326\360U\321"
      checksums: "\326\360U\321"
      checksums: "\326\360U\321"
      checksums: "\326\360U\321"
      checksums: "\277r/p"
    }
  }
}
version: 3
, data.size=524288
java.util.concurrent.CompletionException: org.apache.ratis.protocol.exceptions.AlreadyClosedException: client-6B3875304329->36d876fb-a458-4393-963b-58eeedb8ba95 is closed.
	at java.base/java.util.concurrent.CompletableFuture.encodeThrowable(CompletableFuture.java:332)
	at java.base/java.util.concurrent.CompletableFuture.uniAcceptNow(CompletableFuture.java:747)
	at java.base/java.util.concurrent.CompletableFuture.uniAcceptStage(CompletableFuture.java:735)
	at java.base/java.util.concurrent.CompletableFuture.thenAccept(CompletableFuture.java:2214)
	at org.apache.ratis.client.impl.OrderedAsync.sendRequestWithRetry(OrderedAsync.java:206)
	at org.apache.ratis.util.SlidingWindow$Client.sendOrDelayRequest(SlidingWindow.java:306)
	at org.apache.ratis.util.SlidingWindow$Client.submitNewRequest(SlidingWindow.java:294)
	at org.apache.ratis.client.impl.OrderedAsync.send(OrderedAsync.java:173)
	at org.apache.ratis.client.impl.AsyncImpl.send(AsyncImpl.java:41)
	at org.apache.ratis.client.impl.AsyncImpl.send(AsyncImpl.java:46)
	at org.apache.ratis.client.api.AsyncApi.send(AsyncApi.java:46)
	at org.apache.hadoop.hdds.scm.XceiverClientRatis.lambda$sendRequestAsync$3(XceiverClientRatis.java:270)
	at org.apache.hadoop.hdds.tracing.TracingUtil.executeInSpan(TracingUtil.java:167)
	at org.apache.hadoop.hdds.tracing.TracingUtil.executeInNewSpan(TracingUtil.java:157)
	at org.apache.hadoop.hdds.scm.XceiverClientRatis.sendRequestAsync(XceiverClientRatis.java:255)
	at org.apache.hadoop.hdds.scm.XceiverClientRatis.sendCommandAsync(XceiverClientRatis.java:368)
	at org.apache.hadoop.hdds.scm.storage.ContainerProtocolCalls.writeChunkAsync(ContainerProtocolCalls.java:476)
	at org.apache.hadoop.hdds.scm.storage.BlockOutputStream.writeChunkToContainer(BlockOutputStream.java:965)
	at org.apache.hadoop.hdds.scm.storage.BlockOutputStream.writeChunk(BlockOutputStream.java:663)
	at org.apache.hadoop.hdds.scm.storage.BlockOutputStream.handleFlushInternalSynchronized(BlockOutputStream.java:754)
	at org.apache.hadoop.hdds.scm.storage.BlockOutputStream.lambda$handleFlushInternal$8(BlockOutputStream.java:703)
	at org.apache.hadoop.ozone.util.MetricUtil.captureLatencyNs(MetricUtil.java:45)
	at org.apache.hadoop.hdds.scm.storage.BlockOutputStream.handleFlushInternal(BlockOutputStream.java:702)
	at org.apache.hadoop.hdds.scm.storage.BlockOutputStream.handleFlush(BlockOutputStream.java:678)
	at org.apache.hadoop.hdds.scm.storage.BlockOutputStream.close(BlockOutputStream.java:789)
	at org.apache.hadoop.ozone.client.io.BlockOutputStreamEntry.close(BlockOutputStreamEntry.java:217)
	at org.apache.hadoop.ozone.client.io.KeyOutputStream.handleStreamAction(KeyOutputStream.java:613)
	at org.apache.hadoop.ozone.client.io.KeyOutputStream.handleFlushOrClose(KeyOutputStream.java:581)
	at org.apache.hadoop.ozone.client.io.KeyOutputStream.closeInternal(KeyOutputStream.java:647)
	at org.apache.hadoop.ozone.client.io.KeyOutputStream.doInWriteLock(KeyOutputStream.java:251)
	at org.apache.hadoop.ozone.client.io.KeyOutputStream.close(KeyOutputStream.java:638)
	at org.apache.hadoop.ozone.client.io.OzoneOutputStream.close(OzoneOutputStream.java:104)
	at org.apache.hadoop.ozone.client.rpc.TestFailureHandlingByClient.testBlockWritesWithDnFailures(TestFailureHandlingByClient.java:214)
	at java.base/jdk.internal.reflect.DirectMethodHandleAccessor.invoke(DirectMethodHandleAccessor.java:103)
	at java.base/java.lang.reflect.Method.invoke(Method.java:580)
	at org.junit.platform.commons.util.ReflectionUtils.invokeMethod(ReflectionUtils.java:787)
	at org.junit.platform.commons.support.ReflectionSupport.invokeMethod(ReflectionSupport.java:478)
	at org.junit.jupiter.engine.execution.MethodInvocation.proceed(MethodInvocation.java:60)
	at org.junit.jupiter.engine.execution.InvocationInterceptorChain$ValidatingInvocation.proceed(InvocationInterceptorChain.java:131)
	at org.junit.jupiter.engine.extension.SameThreadTimeoutInvocation.proceed(SameThreadTimeoutInvocation.java:49)
	at org.junit.jupiter.engine.extension.TimeoutExtension.intercept(TimeoutExtension.java:161)
	at org.junit.jupiter.engine.extension.TimeoutExtension.interceptTestableMethod(TimeoutExtension.java:152)
	at org.junit.jupiter.engine.extension.TimeoutExtension.interceptTestMethod(TimeoutExtension.java:91)
	at org.junit.jupiter.engine.execution.InterceptingExecutableInvoker$ReflectiveInterceptorCall.lambda$ofVoidMethod$0(InterceptingExecutableInvoker.java:112)
	at org.junit.jupiter.engine.execution.InterceptingExecutableInvoker.lambda$invoke$0(InterceptingExecutableInvoker.java:94)
	at org.junit.jupiter.engine.execution.InvocationInterceptorChain$InterceptedInvocation.proceed(InvocationInterceptorChain.java:106)
	at org.junit.jupiter.engine.execution.InvocationInterceptorChain.proceed(InvocationInterceptorChain.java:64)
	at org.junit.jupiter.engine.execution.InvocationInterceptorChain.chainAndInvoke(InvocationInterceptorChain.java:45)
	at org.junit.jupiter.engine.execution.InvocationInterceptorChain.invoke(InvocationInterceptorChain.java:37)
	at org.junit.jupiter.engine.execution.InterceptingExecutableInvoker.invoke(InterceptingExecutableInvoker.java:93)
	at org.junit.jupiter.engine.execution.InterceptingExecutableInvoker.invoke(InterceptingExecutableInvoker.java:87)
	at org.junit.jupiter.engine.descriptor.TestMethodTestDescriptor.lambda$invokeTestMethod$4(TestMethodTestDescriptor.java:221)
	at org.junit.platform.engine.support.hierarchical.ThrowableCollector.execute(ThrowableCollector.java:73)
	at org.junit.jupiter.engine.descriptor.TestMethodTestDescriptor.invokeTestMethod(TestMethodTestDescriptor.java:217)
	at org.junit.jupiter.engine.descriptor.TestMethodTestDescriptor.execute(TestMethodTestDescriptor.java:159)
	at org.junit.jupiter.engine.descriptor.TestMethodTestDescriptor.execute(TestMethodTestDescriptor.java:70)
	at org.junit.platform.engine.support.hierarchical.NodeTestTask.lambda$executeRecursively$6(NodeTestTask.java:157)
	at org.junit.platform.engine.support.hierarchical.ThrowableCollector.execute(ThrowableCollector.java:73)
	at org.junit.platform.engine.support.hierarchical.NodeTestTask.lambda$executeRecursively$8(NodeTestTask.java:147)
	at org.junit.platform.engine.support.hierarchical.Node.around(Node.java:137)
	at org.junit.platform.engine.support.hierarchical.NodeTestTask.lambda$executeRecursively$9(NodeTestTask.java:145)
	at org.junit.platform.engine.support.hierarchical.ThrowableCollector.execute(ThrowableCollector.java:73)
	at org.junit.platform.engine.support.hierarchical.NodeTestTask.executeRecursively(NodeTestTask.java:144)
	at org.junit.platform.engine.support.hierarchical.NodeTestTask.execute(NodeTestTask.java:101)
	at org.junit.platform.engine.support.hierarchical.ForkJoinPoolHierarchicalTestExecutorService$ExclusiveTask.exec(ForkJoinPoolHierarchicalTestExecutorService.java:274)
	at org.junit.platform.engine.support.hierarchical.ForkJoinPoolHierarchicalTestExecutorService$ExclusiveTask.execSync(ForkJoinPoolHierarchicalTestExecutorService.java:247)
	at org.junit.platform.engine.support.hierarchical.ForkJoinPoolHierarchicalTestExecutorService.executeSync(ForkJoinPoolHierarchicalTestExecutorService.java:194)
	at org.junit.platform.engine.support.hierarchical.ForkJoinPoolHierarchicalTestExecutorService.invokeAll(ForkJoinPoolHierarchicalTestExecutorService.java:166)
	at org.junit.platform.engine.support.hierarchical.NodeTestTask.lambda$executeRecursively$6(NodeTestTask.java:161)
	at org.junit.platform.engine.support.hierarchical.ThrowableCollector.execute(ThrowableCollector.java:73)
	at org.junit.platform.engine.support.hierarchical.NodeTestTask.lambda$executeRecursively$8(NodeTestTask.java:147)
	at org.junit.platform.engine.support.hierarchical.Node.around(Node.java:137)
	at org.junit.platform.engine.support.hierarchical.NodeTestTask.lambda$executeRecursively$9(NodeTestTask.java:145)
	at org.junit.platform.engine.support.hierarchical.ThrowableCollector.execute(ThrowableCollector.java:73)
	at org.junit.platform.engine.support.hierarchical.NodeTestTask.executeRecursively(NodeTestTask.java:144)
	at org.junit.platform.engine.support.hierarchical.NodeTestTask.execute(NodeTestTask.java:101)
	at org.junit.platform.engine.support.hierarchical.ForkJoinPoolHierarchicalTestExecutorService$ExclusiveTask.exec(ForkJoinPoolHierarchicalTestExecutorService.java:274)
	at org.junit.platform.engine.support.hierarchical.ForkJoinPoolHierarchicalTestExecutorService$ExclusiveTask.execSync(ForkJoinPoolHierarchicalTestExecutorService.java:247)
	at org.junit.platform.engine.support.hierarchical.ForkJoinPoolHierarchicalTestExecutorService.invokeAll(ForkJoinPoolHierarchicalTestExecutorService.java:159)
	at org.junit.platform.engine.support.hierarchical.NodeTestTask.lambda$executeRecursively$6(NodeTestTask.java:161)
	at org.junit.platform.engine.support.hierarchical.ThrowableCollector.execute(ThrowableCollector.java:73)
	at org.junit.platform.engine.support.hierarchical.NodeTestTask.lambda$executeRecursively$8(NodeTestTask.java:147)
	at org.junit.platform.engine.support.hierarchical.Node.around(Node.java:137)
	at org.junit.platform.engine.support.hierarchical.NodeTestTask.lambda$executeRecursively$9(NodeTestTask.java:145)
	at org.junit.platform.engine.support.hierarchical.ThrowableCollector.execute(ThrowableCollector.java:73)
	at org.junit.platform.engine.support.hierarchical.NodeTestTask.executeRecursively(NodeTestTask.java:144)
	at org.junit.platform.engine.support.hierarchical.NodeTestTask.execute(NodeTestTask.java:101)
	at org.junit.platform.engine.support.hierarchical.ForkJoinPoolHierarchicalTestExecutorService$ExclusiveTask.exec(ForkJoinPoolHierarchicalTestExecutorService.java:274)
	at java.base/java.util.concurrent.ForkJoinTask.doExec(ForkJoinTask.java:387)
	at java.base/java.util.concurrent.ForkJoinPool$WorkQueue.topLevelExec(ForkJoinPool.java:1312)
	at java.base/java.util.concurrent.ForkJoinPool.scan(ForkJoinPool.java:1843)
	at java.base/java.util.concurrent.ForkJoinPool.runWorker(ForkJoinPool.java:1808)
	at java.base/java.util.concurrent.ForkJoinWorkerThread.run(ForkJoinWorkerThread.java:188)
Caused by: org.apache.ratis.protocol.exceptions.AlreadyClosedException: client-6B3875304329->36d876fb-a458-4393-963b-58eeedb8ba95 is closed.
	at org.apache.ratis.grpc.client.GrpcClientProtocolClient$AsyncStreamObservers.onNext(GrpcClientProtocolClient.java:352)
	at org.apache.ratis.grpc.client.GrpcClientRpc.sendRequestAsync(GrpcClientRpc.java:71)
	... 89 more
2025-09-13 17:33:31,863 [timer6] WARN  server.GrpcLogAppender (GrpcLogAppender.java:lambda$resetClient$1(228)) - 36d876fb-a458-4393-963b-58eeedb8ba95@group-CF05563D4821->13facd30-3950-4310-8b1a-93d004abbbdd-GrpcLogAppender: Follower failed (request=null, errorCount=2); keep nextIndex (7) unchanged and retry. (Repeated 2 times in the last 5.000s)
2025-09-13 17:33:31,863 [timer5] WARN  server.GrpcLogAppender (LogUtils.java:warn(127)) - 36d876fb-a458-4393-963b-58eeedb8ba95@group-CF05563D4821->13facd30-3950-4310-8b1a-93d004abbbdd-AppendLogResponseHandler: Failed appendEntries (Repeated 14 times in the last 5.000s): org.apache.ratis.thirdparty.io.grpc.StatusRuntimeException: UNAVAILABLE: io exception
  Caused by: org.apache.ratis.thirdparty.io.netty.channel.AbstractChannel$AnnotatedConnectException: finishConnect(..) failed: Connection refused: /127.0.0.1:15031
  Caused by: java.net.ConnectException: finishConnect(..) failed: Connection refused
2025-09-13 17:33:31,865 [timer2] WARN  server.GrpcLogAppender (GrpcLogAppender.java:lambda$resetClient$1(228)) - 36d876fb-a458-4393-963b-58eeedb8ba95@group-CF05563D4821->13facd30-3950-4310-8b1a-93d004abbbdd-GrpcLogAppender: Follower failed (request=null, errorCount=4); keep nextIndex (8) unchanged and retry. (Repeated 2 times in the last 5.000s)
2025-09-13 17:33:31,877 [timer5] WARN  server.GrpcLogAppender (GrpcLogAppender.java:lambda$resetClient$1(228)) - 36d876fb-a458-4393-963b-58eeedb8ba95@group-CF05563D4821->13facd30-3950-4310-8b1a-93d004abbbdd-GrpcLogAppender: Follower failed (request=null, errorCount=14); keep nextIndex (9) unchanged and retry. (Repeated 10 times in the last 5.001s)
2025-09-13 17:33:32,417 [9e23e878-9bb3-42b5-8b94-e0e229812e65@group-CF05563D4821-FollowerState] INFO  impl.FollowerState (FollowerState.java:runImpl(161)) - 9e23e878-9bb3-42b5-8b94-e0e229812e65@group-CF05563D4821-FollowerState: change to CANDIDATE, lastRpcElapsedTime:1173458650ns, electionTimeout:1173ms
2025-09-13 17:33:32,417 [9e23e878-9bb3-42b5-8b94-e0e229812e65@group-CF05563D4821-FollowerState] INFO  impl.RoleInfo (RoleInfo.java:shutdownFollowerState(121)) - 9e23e878-9bb3-42b5-8b94-e0e229812e65: shutdown 9e23e878-9bb3-42b5-8b94-e0e229812e65@group-CF05563D4821-FollowerState
2025-09-13 17:33:32,417 [9e23e878-9bb3-42b5-8b94-e0e229812e65@group-CF05563D4821-FollowerState] INFO  server.RaftServer$Division (RaftServerImpl.java:setRole(392)) - 9e23e878-9bb3-42b5-8b94-e0e229812e65@group-CF05563D4821: changes role from  FOLLOWER to CANDIDATE at term 5 for changeToCandidate
2025-09-13 17:33:32,418 [9e23e878-9bb3-42b5-8b94-e0e229812e65@group-CF05563D4821-FollowerState] INFO  impl.RoleInfo (RoleInfo.java:updateAndGet(148)) - 9e23e878-9bb3-42b5-8b94-e0e229812e65: start 9e23e878-9bb3-42b5-8b94-e0e229812e65@group-CF05563D4821-LeaderElection226
2025-09-13 17:33:32,418 [9e23e878-9bb3-42b5-8b94-e0e229812e65@group-CF05563D4821-LeaderElection226] INFO  impl.LeaderElection (LeaderElection.java:askForVotes(448)) - 9e23e878-9bb3-42b5-8b94-e0e229812e65@group-CF05563D4821-LeaderElection226 PRE_VOTE round 0: submit vote requests at term 5 for conf: {index: 7, cur=peers:[9e23e878-9bb3-42b5-8b94-e0e229812e65|127.0.0.1:15023, 13facd30-3950-4310-8b1a-93d004abbbdd|127.0.0.1:15031, 36d876fb-a458-4393-963b-58eeedb8ba95|127.0.0.1:15015]|listeners:[], old=null}
2025-09-13 17:33:32,418 [9e23e878-9bb3-42b5-8b94-e0e229812e65@group-CF05563D4821-LeaderElection226] INFO  impl.LeaderElection (LogUtils.java:infoOrTrace(142)) - 9e23e878-9bb3-42b5-8b94-e0e229812e65@group-CF05563D4821-LeaderElection226 got exception when requesting votes: java.util.concurrent.ExecutionException: org.apache.ratis.thirdparty.io.grpc.StatusRuntimeException: UNAVAILABLE: io exception
2025-09-13 17:33:32,418 [9e23e878-9bb3-42b5-8b94-e0e229812e65@group-CF05563D4821-LeaderElection226] INFO  impl.LeaderElection (LogUtils.java:infoOrTrace(142)) - 9e23e878-9bb3-42b5-8b94-e0e229812e65@group-CF05563D4821-LeaderElection226 got exception when requesting votes: java.util.concurrent.ExecutionException: org.apache.ratis.thirdparty.io.grpc.StatusRuntimeException: UNAVAILABLE: io exception
2025-09-13 17:33:32,418 [9e23e878-9bb3-42b5-8b94-e0e229812e65@group-CF05563D4821-LeaderElection226] INFO  impl.LeaderElection (LeaderElection.java:logAndReturn(206)) - 9e23e878-9bb3-42b5-8b94-e0e229812e65@group-CF05563D4821-LeaderElection226: PRE_VOTE REJECTED received 0 response(s) and 2 exception(s):
2025-09-13 17:33:32,418 [9e23e878-9bb3-42b5-8b94-e0e229812e65@group-CF05563D4821-LeaderElection226] INFO  impl.LeaderElection (LogUtils.java:infoOrTrace(142)) -   Exception 0: java.util.concurrent.ExecutionException: org.apache.ratis.thirdparty.io.grpc.StatusRuntimeException: UNAVAILABLE: io exception
2025-09-13 17:33:32,418 [9e23e878-9bb3-42b5-8b94-e0e229812e65@group-CF05563D4821-LeaderElection226] INFO  impl.LeaderElection (LogUtils.java:infoOrTrace(142)) -   Exception 1: java.util.concurrent.ExecutionException: org.apache.ratis.thirdparty.io.grpc.StatusRuntimeException: UNAVAILABLE: io exception
2025-09-13 17:33:32,418 [9e23e878-9bb3-42b5-8b94-e0e229812e65@group-CF05563D4821-LeaderElection226] INFO  impl.LeaderElection (LeaderElection.java:askForVotes(450)) - 9e23e878-9bb3-42b5-8b94-e0e229812e65@group-CF05563D4821-LeaderElection226 PRE_VOTE round 0: result REJECTED
2025-09-13 17:33:32,419 [9e23e878-9bb3-42b5-8b94-e0e229812e65@group-CF05563D4821-LeaderElection226] INFO  server.RaftServer$Division (RaftServerImpl.java:setRole(392)) - 9e23e878-9bb3-42b5-8b94-e0e229812e65@group-CF05563D4821: changes role from CANDIDATE to FOLLOWER at term 5 for REJECTED
2025-09-13 17:33:32,419 [9e23e878-9bb3-42b5-8b94-e0e229812e65@group-CF05563D4821-LeaderElection226] INFO  impl.RoleInfo (RoleInfo.java:shutdownLeaderElection(141)) - 9e23e878-9bb3-42b5-8b94-e0e229812e65: shutdown 9e23e878-9bb3-42b5-8b94-e0e229812e65@group-CF05563D4821-LeaderElection226
2025-09-13 17:33:32,419 [9e23e878-9bb3-42b5-8b94-e0e229812e65@group-CF05563D4821-LeaderElection226] INFO  impl.RoleInfo (RoleInfo.java:updateAndGet(148)) - 9e23e878-9bb3-42b5-8b94-e0e229812e65: start 9e23e878-9bb3-42b5-8b94-e0e229812e65@group-CF05563D4821-FollowerState
2025-09-13 17:33:32,525 [9e23e878-9bb3-42b5-8b94-e0e229812e65@group-D5D0288CE997-FollowerState] INFO  impl.FollowerState (FollowerState.java:runImpl(161)) - 9e23e878-9bb3-42b5-8b94-e0e229812e65@group-D5D0288CE997-FollowerState: change to CANDIDATE, lastRpcElapsedTime:1174243760ns, electionTimeout:1174ms
2025-09-13 17:33:32,525 [9e23e878-9bb3-42b5-8b94-e0e229812e65@group-D5D0288CE997-FollowerState] INFO  impl.RoleInfo (RoleInfo.java:shutdownFollowerState(121)) - 9e23e878-9bb3-42b5-8b94-e0e229812e65: shutdown 9e23e878-9bb3-42b5-8b94-e0e229812e65@group-D5D0288CE997-FollowerState
2025-09-13 17:33:32,525 [9e23e878-9bb3-42b5-8b94-e0e229812e65@group-D5D0288CE997-FollowerState] INFO  server.RaftServer$Division (RaftServerImpl.java:setRole(392)) - 9e23e878-9bb3-42b5-8b94-e0e229812e65@group-D5D0288CE997: changes role from  FOLLOWER to CANDIDATE at term 2 for changeToCandidate
2025-09-13 17:33:32,525 [9e23e878-9bb3-42b5-8b94-e0e229812e65@group-D5D0288CE997-FollowerState] INFO  impl.RoleInfo (RoleInfo.java:updateAndGet(148)) - 9e23e878-9bb3-42b5-8b94-e0e229812e65: start 9e23e878-9bb3-42b5-8b94-e0e229812e65@group-D5D0288CE997-LeaderElection227
2025-09-13 17:33:32,525 [9e23e878-9bb3-42b5-8b94-e0e229812e65@group-D5D0288CE997-LeaderElection227] INFO  impl.LeaderElection (LeaderElection.java:askForVotes(448)) - 9e23e878-9bb3-42b5-8b94-e0e229812e65@group-D5D0288CE997-LeaderElection227 PRE_VOTE round 0: submit vote requests at term 2 for conf: {index: 16, cur=peers:[9e23e878-9bb3-42b5-8b94-e0e229812e65|127.0.0.1:15023, 13facd30-3950-4310-8b1a-93d004abbbdd|127.0.0.1:15031, 36d876fb-a458-4393-963b-58eeedb8ba95|127.0.0.1:15015]|listeners:[], old=null}
2025-09-13 17:33:32,526 [9e23e878-9bb3-42b5-8b94-e0e229812e65@group-D5D0288CE997-LeaderElection227] INFO  impl.LeaderElection (LogUtils.java:infoOrTrace(142)) - 9e23e878-9bb3-42b5-8b94-e0e229812e65@group-D5D0288CE997-LeaderElection227 got exception when requesting votes: java.util.concurrent.ExecutionException: org.apache.ratis.thirdparty.io.grpc.StatusRuntimeException: UNAVAILABLE: io exception
2025-09-13 17:33:32,526 [9e23e878-9bb3-42b5-8b94-e0e229812e65@group-D5D0288CE997-LeaderElection227] INFO  impl.LeaderElection (LogUtils.java:infoOrTrace(142)) - 9e23e878-9bb3-42b5-8b94-e0e229812e65@group-D5D0288CE997-LeaderElection227 got exception when requesting votes: java.util.concurrent.ExecutionException: org.apache.ratis.thirdparty.io.grpc.StatusRuntimeException: UNAVAILABLE: io exception
2025-09-13 17:33:32,526 [9e23e878-9bb3-42b5-8b94-e0e229812e65@group-D5D0288CE997-LeaderElection227] INFO  impl.LeaderElection (LeaderElection.java:logAndReturn(206)) - 9e23e878-9bb3-42b5-8b94-e0e229812e65@group-D5D0288CE997-LeaderElection227: PRE_VOTE REJECTED received 0 response(s) and 2 exception(s):
2025-09-13 17:33:32,526 [9e23e878-9bb3-42b5-8b94-e0e229812e65@group-D5D0288CE997-LeaderElection227] INFO  impl.LeaderElection (LogUtils.java:infoOrTrace(142)) -   Exception 0: java.util.concurrent.ExecutionException: org.apache.ratis.thirdparty.io.grpc.StatusRuntimeException: UNAVAILABLE: io exception
2025-09-13 17:33:32,526 [9e23e878-9bb3-42b5-8b94-e0e229812e65@group-D5D0288CE997-LeaderElection227] INFO  impl.LeaderElection (LogUtils.java:infoOrTrace(142)) -   Exception 1: java.util.concurrent.ExecutionException: org.apache.ratis.thirdparty.io.grpc.StatusRuntimeException: UNAVAILABLE: io exception
2025-09-13 17:33:32,526 [9e23e878-9bb3-42b5-8b94-e0e229812e65@group-D5D0288CE997-LeaderElection227] INFO  impl.LeaderElection (LeaderElection.java:askForVotes(450)) - 9e23e878-9bb3-42b5-8b94-e0e229812e65@group-D5D0288CE997-LeaderElection227 PRE_VOTE round 0: result REJECTED
2025-09-13 17:33:32,526 [9e23e878-9bb3-42b5-8b94-e0e229812e65@group-D5D0288CE997-LeaderElection227] INFO  server.RaftServer$Division (RaftServerImpl.java:setRole(392)) - 9e23e878-9bb3-42b5-8b94-e0e229812e65@group-D5D0288CE997: changes role from CANDIDATE to FOLLOWER at term 2 for REJECTED
2025-09-13 17:33:32,526 [9e23e878-9bb3-42b5-8b94-e0e229812e65@group-D5D0288CE997-LeaderElection227] INFO  impl.RoleInfo (RoleInfo.java:shutdownLeaderElection(141)) - 9e23e878-9bb3-42b5-8b94-e0e229812e65: shutdown 9e23e878-9bb3-42b5-8b94-e0e229812e65@group-D5D0288CE997-LeaderElection227
2025-09-13 17:33:32,526 [9e23e878-9bb3-42b5-8b94-e0e229812e65@group-D5D0288CE997-LeaderElection227] INFO  impl.RoleInfo (RoleInfo.java:updateAndGet(148)) - 9e23e878-9bb3-42b5-8b94-e0e229812e65: start 9e23e878-9bb3-42b5-8b94-e0e229812e65@group-D5D0288CE997-FollowerState
2025-09-13 17:33:33,487 [9e23e878-9bb3-42b5-8b94-e0e229812e65@group-CF05563D4821-FollowerState] INFO  impl.FollowerState (FollowerState.java:runImpl(161)) - 9e23e878-9bb3-42b5-8b94-e0e229812e65@group-CF05563D4821-FollowerState: change to CANDIDATE, lastRpcElapsedTime:1068262699ns, electionTimeout:1068ms
2025-09-13 17:33:33,487 [9e23e878-9bb3-42b5-8b94-e0e229812e65@group-CF05563D4821-FollowerState] INFO  impl.RoleInfo (RoleInfo.java:shutdownFollowerState(121)) - 9e23e878-9bb3-42b5-8b94-e0e229812e65: shutdown 9e23e878-9bb3-42b5-8b94-e0e229812e65@group-CF05563D4821-FollowerState
2025-09-13 17:33:33,487 [9e23e878-9bb3-42b5-8b94-e0e229812e65@group-CF05563D4821-FollowerState] INFO  server.RaftServer$Division (RaftServerImpl.java:setRole(392)) - 9e23e878-9bb3-42b5-8b94-e0e229812e65@group-CF05563D4821: changes role from  FOLLOWER to CANDIDATE at term 5 for changeToCandidate
2025-09-13 17:33:33,487 [9e23e878-9bb3-42b5-8b94-e0e229812e65@group-CF05563D4821-FollowerState] INFO  impl.RoleInfo (RoleInfo.java:updateAndGet(148)) - 9e23e878-9bb3-42b5-8b94-e0e229812e65: start 9e23e878-9bb3-42b5-8b94-e0e229812e65@group-CF05563D4821-LeaderElection228
2025-09-13 17:33:33,488 [9e23e878-9bb3-42b5-8b94-e0e229812e65@group-CF05563D4821-LeaderElection228] INFO  impl.LeaderElection (LeaderElection.java:askForVotes(448)) - 9e23e878-9bb3-42b5-8b94-e0e229812e65@group-CF05563D4821-LeaderElection228 PRE_VOTE round 0: submit vote requests at term 5 for conf: {index: 7, cur=peers:[9e23e878-9bb3-42b5-8b94-e0e229812e65|127.0.0.1:15023, 13facd30-3950-4310-8b1a-93d004abbbdd|127.0.0.1:15031, 36d876fb-a458-4393-963b-58eeedb8ba95|127.0.0.1:15015]|listeners:[], old=null}
2025-09-13 17:33:33,488 [9e23e878-9bb3-42b5-8b94-e0e229812e65@group-CF05563D4821-LeaderElection228] INFO  impl.LeaderElection (LogUtils.java:infoOrTrace(142)) - 9e23e878-9bb3-42b5-8b94-e0e229812e65@group-CF05563D4821-LeaderElection228 got exception when requesting votes: java.util.concurrent.ExecutionException: org.apache.ratis.thirdparty.io.grpc.StatusRuntimeException: UNAVAILABLE: io exception
2025-09-13 17:33:33,488 [9e23e878-9bb3-42b5-8b94-e0e229812e65@group-CF05563D4821-LeaderElection228] INFO  impl.LeaderElection (LogUtils.java:infoOrTrace(142)) - 9e23e878-9bb3-42b5-8b94-e0e229812e65@group-CF05563D4821-LeaderElection228 got exception when requesting votes: java.util.concurrent.ExecutionException: org.apache.ratis.thirdparty.io.grpc.StatusRuntimeException: UNAVAILABLE: io exception
2025-09-13 17:33:33,488 [9e23e878-9bb3-42b5-8b94-e0e229812e65@group-CF05563D4821-LeaderElection228] INFO  impl.LeaderElection (LeaderElection.java:logAndReturn(206)) - 9e23e878-9bb3-42b5-8b94-e0e229812e65@group-CF05563D4821-LeaderElection228: PRE_VOTE REJECTED received 0 response(s) and 2 exception(s):
2025-09-13 17:33:33,488 [9e23e878-9bb3-42b5-8b94-e0e229812e65@group-CF05563D4821-LeaderElection228] INFO  impl.LeaderElection (LogUtils.java:infoOrTrace(142)) -   Exception 0: java.util.concurrent.ExecutionException: org.apache.ratis.thirdparty.io.grpc.StatusRuntimeException: UNAVAILABLE: io exception
2025-09-13 17:33:33,488 [9e23e878-9bb3-42b5-8b94-e0e229812e65@group-CF05563D4821-LeaderElection228] INFO  impl.LeaderElection (LogUtils.java:infoOrTrace(142)) -   Exception 1: java.util.concurrent.ExecutionException: org.apache.ratis.thirdparty.io.grpc.StatusRuntimeException: UNAVAILABLE: io exception
2025-09-13 17:33:33,488 [9e23e878-9bb3-42b5-8b94-e0e229812e65@group-CF05563D4821-LeaderElection228] INFO  impl.LeaderElection (LeaderElection.java:askForVotes(450)) - 9e23e878-9bb3-42b5-8b94-e0e229812e65@group-CF05563D4821-LeaderElection228 PRE_VOTE round 0: result REJECTED
2025-09-13 17:33:33,488 [9e23e878-9bb3-42b5-8b94-e0e229812e65@group-CF05563D4821-LeaderElection228] INFO  server.RaftServer$Division (RaftServerImpl.java:setRole(392)) - 9e23e878-9bb3-42b5-8b94-e0e229812e65@group-CF05563D4821: changes role from CANDIDATE to FOLLOWER at term 5 for REJECTED
2025-09-13 17:33:33,488 [9e23e878-9bb3-42b5-8b94-e0e229812e65@group-CF05563D4821-LeaderElection228] INFO  impl.RoleInfo (RoleInfo.java:shutdownLeaderElection(141)) - 9e23e878-9bb3-42b5-8b94-e0e229812e65: shutdown 9e23e878-9bb3-42b5-8b94-e0e229812e65@group-CF05563D4821-LeaderElection228
2025-09-13 17:33:33,489 [9e23e878-9bb3-42b5-8b94-e0e229812e65@group-CF05563D4821-LeaderElection228] INFO  impl.RoleInfo (RoleInfo.java:updateAndGet(148)) - 9e23e878-9bb3-42b5-8b94-e0e229812e65: start 9e23e878-9bb3-42b5-8b94-e0e229812e65@group-CF05563D4821-FollowerState
2025-09-13 17:33:33,578 [9e23e878-9bb3-42b5-8b94-e0e229812e65@group-D5D0288CE997-FollowerState] INFO  impl.FollowerState (FollowerState.java:runImpl(161)) - 9e23e878-9bb3-42b5-8b94-e0e229812e65@group-D5D0288CE997-FollowerState: change to CANDIDATE, lastRpcElapsedTime:1051516715ns, electionTimeout:1051ms
2025-09-13 17:33:33,578 [9e23e878-9bb3-42b5-8b94-e0e229812e65@group-D5D0288CE997-FollowerState] INFO  impl.RoleInfo (RoleInfo.java:shutdownFollowerState(121)) - 9e23e878-9bb3-42b5-8b94-e0e229812e65: shutdown 9e23e878-9bb3-42b5-8b94-e0e229812e65@group-D5D0288CE997-FollowerState
2025-09-13 17:33:33,578 [9e23e878-9bb3-42b5-8b94-e0e229812e65@group-D5D0288CE997-FollowerState] INFO  server.RaftServer$Division (RaftServerImpl.java:setRole(392)) - 9e23e878-9bb3-42b5-8b94-e0e229812e65@group-D5D0288CE997: changes role from  FOLLOWER to CANDIDATE at term 2 for changeToCandidate
2025-09-13 17:33:33,578 [9e23e878-9bb3-42b5-8b94-e0e229812e65@group-D5D0288CE997-FollowerState] INFO  impl.RoleInfo (RoleInfo.java:updateAndGet(148)) - 9e23e878-9bb3-42b5-8b94-e0e229812e65: start 9e23e878-9bb3-42b5-8b94-e0e229812e65@group-D5D0288CE997-LeaderElection229
2025-09-13 17:33:33,578 [9e23e878-9bb3-42b5-8b94-e0e229812e65@group-D5D0288CE997-LeaderElection229] INFO  impl.LeaderElection (LeaderElection.java:askForVotes(448)) - 9e23e878-9bb3-42b5-8b94-e0e229812e65@group-D5D0288CE997-LeaderElection229 PRE_VOTE round 0: submit vote requests at term 2 for conf: {index: 16, cur=peers:[9e23e878-9bb3-42b5-8b94-e0e229812e65|127.0.0.1:15023, 13facd30-3950-4310-8b1a-93d004abbbdd|127.0.0.1:15031, 36d876fb-a458-4393-963b-58eeedb8ba95|127.0.0.1:15015]|listeners:[], old=null}
2025-09-13 17:33:33,579 [9e23e878-9bb3-42b5-8b94-e0e229812e65@group-D5D0288CE997-LeaderElection229] INFO  impl.LeaderElection (LogUtils.java:infoOrTrace(142)) - 9e23e878-9bb3-42b5-8b94-e0e229812e65@group-D5D0288CE997-LeaderElection229 got exception when requesting votes: java.util.concurrent.ExecutionException: org.apache.ratis.thirdparty.io.grpc.StatusRuntimeException: UNAVAILABLE: io exception
2025-09-13 17:33:33,579 [9e23e878-9bb3-42b5-8b94-e0e229812e65@group-D5D0288CE997-LeaderElection229] INFO  impl.LeaderElection (LogUtils.java:infoOrTrace(142)) - 9e23e878-9bb3-42b5-8b94-e0e229812e65@group-D5D0288CE997-LeaderElection229 got exception when requesting votes: java.util.concurrent.ExecutionException: org.apache.ratis.thirdparty.io.grpc.StatusRuntimeException: UNAVAILABLE: io exception
2025-09-13 17:33:33,579 [9e23e878-9bb3-42b5-8b94-e0e229812e65@group-D5D0288CE997-LeaderElection229] INFO  impl.LeaderElection (LeaderElection.java:logAndReturn(206)) - 9e23e878-9bb3-42b5-8b94-e0e229812e65@group-D5D0288CE997-LeaderElection229: PRE_VOTE REJECTED received 0 response(s) and 2 exception(s):
2025-09-13 17:33:33,579 [9e23e878-9bb3-42b5-8b94-e0e229812e65@group-D5D0288CE997-LeaderElection229] INFO  impl.LeaderElection (LogUtils.java:infoOrTrace(142)) -   Exception 0: java.util.concurrent.ExecutionException: org.apache.ratis.thirdparty.io.grpc.StatusRuntimeException: UNAVAILABLE: io exception
2025-09-13 17:33:33,579 [9e23e878-9bb3-42b5-8b94-e0e229812e65@group-D5D0288CE997-LeaderElection229] INFO  impl.LeaderElection (LogUtils.java:infoOrTrace(142)) -   Exception 1: java.util.concurrent.ExecutionException: org.apache.ratis.thirdparty.io.grpc.StatusRuntimeException: UNAVAILABLE: io exception
2025-09-13 17:33:33,579 [9e23e878-9bb3-42b5-8b94-e0e229812e65@group-D5D0288CE997-LeaderElection229] INFO  impl.LeaderElection (LeaderElection.java:askForVotes(450)) - 9e23e878-9bb3-42b5-8b94-e0e229812e65@group-D5D0288CE997-LeaderElection229 PRE_VOTE round 0: result REJECTED
2025-09-13 17:33:33,579 [9e23e878-9bb3-42b5-8b94-e0e229812e65@group-D5D0288CE997-LeaderElection229] INFO  server.RaftServer$Division (RaftServerImpl.java:setRole(392)) - 9e23e878-9bb3-42b5-8b94-e0e229812e65@group-D5D0288CE997: changes role from CANDIDATE to FOLLOWER at term 2 for REJECTED
2025-09-13 17:33:33,579 [9e23e878-9bb3-42b5-8b94-e0e229812e65@group-D5D0288CE997-LeaderElection229] INFO  impl.RoleInfo (RoleInfo.java:shutdownLeaderElection(141)) - 9e23e878-9bb3-42b5-8b94-e0e229812e65: shutdown 9e23e878-9bb3-42b5-8b94-e0e229812e65@group-D5D0288CE997-LeaderElection229
2025-09-13 17:33:33,579 [9e23e878-9bb3-42b5-8b94-e0e229812e65@group-D5D0288CE997-LeaderElection229] INFO  impl.RoleInfo (RoleInfo.java:updateAndGet(148)) - 9e23e878-9bb3-42b5-8b94-e0e229812e65: start 9e23e878-9bb3-42b5-8b94-e0e229812e65@group-D5D0288CE997-FollowerState
2025-09-13 17:33:34,570 [9e23e878-9bb3-42b5-8b94-e0e229812e65@group-CF05563D4821-FollowerState] INFO  impl.FollowerState (FollowerState.java:runImpl(161)) - 9e23e878-9bb3-42b5-8b94-e0e229812e65@group-CF05563D4821-FollowerState: change to CANDIDATE, lastRpcElapsedTime:1081269463ns, electionTimeout:1081ms
2025-09-13 17:33:34,570 [9e23e878-9bb3-42b5-8b94-e0e229812e65@group-CF05563D4821-FollowerState] INFO  impl.RoleInfo (RoleInfo.java:shutdownFollowerState(121)) - 9e23e878-9bb3-42b5-8b94-e0e229812e65: shutdown 9e23e878-9bb3-42b5-8b94-e0e229812e65@group-CF05563D4821-FollowerState
2025-09-13 17:33:34,570 [9e23e878-9bb3-42b5-8b94-e0e229812e65@group-CF05563D4821-FollowerState] INFO  server.RaftServer$Division (RaftServerImpl.java:setRole(392)) - 9e23e878-9bb3-42b5-8b94-e0e229812e65@group-CF05563D4821: changes role from  FOLLOWER to CANDIDATE at term 5 for changeToCandidate
2025-09-13 17:33:34,570 [9e23e878-9bb3-42b5-8b94-e0e229812e65@group-CF05563D4821-FollowerState] INFO  impl.RoleInfo (RoleInfo.java:updateAndGet(148)) - 9e23e878-9bb3-42b5-8b94-e0e229812e65: start 9e23e878-9bb3-42b5-8b94-e0e229812e65@group-CF05563D4821-LeaderElection230
2025-09-13 17:33:34,570 [9e23e878-9bb3-42b5-8b94-e0e229812e65@group-CF05563D4821-LeaderElection230] INFO  impl.LeaderElection (LeaderElection.java:askForVotes(448)) - 9e23e878-9bb3-42b5-8b94-e0e229812e65@group-CF05563D4821-LeaderElection230 PRE_VOTE round 0: submit vote requests at term 5 for conf: {index: 7, cur=peers:[9e23e878-9bb3-42b5-8b94-e0e229812e65|127.0.0.1:15023, 13facd30-3950-4310-8b1a-93d004abbbdd|127.0.0.1:15031, 36d876fb-a458-4393-963b-58eeedb8ba95|127.0.0.1:15015]|listeners:[], old=null}
2025-09-13 17:33:34,571 [9e23e878-9bb3-42b5-8b94-e0e229812e65@group-CF05563D4821-LeaderElection230] INFO  impl.LeaderElection (LogUtils.java:infoOrTrace(142)) - 9e23e878-9bb3-42b5-8b94-e0e229812e65@group-CF05563D4821-LeaderElection230 got exception when requesting votes: java.util.concurrent.ExecutionException: org.apache.ratis.thirdparty.io.grpc.StatusRuntimeException: UNAVAILABLE: io exception
2025-09-13 17:33:34,571 [9e23e878-9bb3-42b5-8b94-e0e229812e65@group-CF05563D4821-LeaderElection230] INFO  impl.LeaderElection (LogUtils.java:infoOrTrace(142)) - 9e23e878-9bb3-42b5-8b94-e0e229812e65@group-CF05563D4821-LeaderElection230 got exception when requesting votes: java.util.concurrent.ExecutionException: org.apache.ratis.thirdparty.io.grpc.StatusRuntimeException: UNAVAILABLE: io exception
2025-09-13 17:33:34,571 [9e23e878-9bb3-42b5-8b94-e0e229812e65@group-CF05563D4821-LeaderElection230] INFO  impl.LeaderElection (LeaderElection.java:logAndReturn(206)) - 9e23e878-9bb3-42b5-8b94-e0e229812e65@group-CF05563D4821-LeaderElection230: PRE_VOTE REJECTED received 0 response(s) and 2 exception(s):
2025-09-13 17:33:34,571 [9e23e878-9bb3-42b5-8b94-e0e229812e65@group-CF05563D4821-LeaderElection230] INFO  impl.LeaderElection (LogUtils.java:infoOrTrace(142)) -   Exception 0: java.util.concurrent.ExecutionException: org.apache.ratis.thirdparty.io.grpc.StatusRuntimeException: UNAVAILABLE: io exception
2025-09-13 17:33:34,571 [9e23e878-9bb3-42b5-8b94-e0e229812e65@group-CF05563D4821-LeaderElection230] INFO  impl.LeaderElection (LogUtils.java:infoOrTrace(142)) -   Exception 1: java.util.concurrent.ExecutionException: org.apache.ratis.thirdparty.io.grpc.StatusRuntimeException: UNAVAILABLE: io exception
2025-09-13 17:33:34,571 [9e23e878-9bb3-42b5-8b94-e0e229812e65@group-CF05563D4821-LeaderElection230] INFO  impl.LeaderElection (LeaderElection.java:askForVotes(450)) - 9e23e878-9bb3-42b5-8b94-e0e229812e65@group-CF05563D4821-LeaderElection230 PRE_VOTE round 0: result REJECTED
2025-09-13 17:33:34,571 [9e23e878-9bb3-42b5-8b94-e0e229812e65@group-CF05563D4821-LeaderElection230] INFO  server.RaftServer$Division (RaftServerImpl.java:setRole(392)) - 9e23e878-9bb3-42b5-8b94-e0e229812e65@group-CF05563D4821: changes role from CANDIDATE to FOLLOWER at term 5 for REJECTED
2025-09-13 17:33:34,571 [9e23e878-9bb3-42b5-8b94-e0e229812e65@group-CF05563D4821-LeaderElection230] INFO  impl.RoleInfo (RoleInfo.java:shutdownLeaderElection(141)) - 9e23e878-9bb3-42b5-8b94-e0e229812e65: shutdown 9e23e878-9bb3-42b5-8b94-e0e229812e65@group-CF05563D4821-LeaderElection230
2025-09-13 17:33:34,571 [9e23e878-9bb3-42b5-8b94-e0e229812e65@group-CF05563D4821-LeaderElection230] INFO  impl.RoleInfo (RoleInfo.java:updateAndGet(148)) - 9e23e878-9bb3-42b5-8b94-e0e229812e65: start 9e23e878-9bb3-42b5-8b94-e0e229812e65@group-CF05563D4821-FollowerState
2025-09-13 17:33:34,677 [9e23e878-9bb3-42b5-8b94-e0e229812e65@group-D5D0288CE997-FollowerState] INFO  impl.FollowerState (FollowerState.java:runImpl(161)) - 9e23e878-9bb3-42b5-8b94-e0e229812e65@group-D5D0288CE997-FollowerState: change to CANDIDATE, lastRpcElapsedTime:1098241911ns, electionTimeout:1098ms
2025-09-13 17:33:34,677 [9e23e878-9bb3-42b5-8b94-e0e229812e65@group-D5D0288CE997-FollowerState] INFO  impl.RoleInfo (RoleInfo.java:shutdownFollowerState(121)) - 9e23e878-9bb3-42b5-8b94-e0e229812e65: shutdown 9e23e878-9bb3-42b5-8b94-e0e229812e65@group-D5D0288CE997-FollowerState
2025-09-13 17:33:34,677 [9e23e878-9bb3-42b5-8b94-e0e229812e65@group-D5D0288CE997-FollowerState] INFO  server.RaftServer$Division (RaftServerImpl.java:setRole(392)) - 9e23e878-9bb3-42b5-8b94-e0e229812e65@group-D5D0288CE997: changes role from  FOLLOWER to CANDIDATE at term 2 for changeToCandidate
2025-09-13 17:33:34,677 [9e23e878-9bb3-42b5-8b94-e0e229812e65@group-D5D0288CE997-FollowerState] INFO  impl.RoleInfo (RoleInfo.java:updateAndGet(148)) - 9e23e878-9bb3-42b5-8b94-e0e229812e65: start 9e23e878-9bb3-42b5-8b94-e0e229812e65@group-D5D0288CE997-LeaderElection231
2025-09-13 17:33:34,678 [9e23e878-9bb3-42b5-8b94-e0e229812e65@group-D5D0288CE997-LeaderElection231] INFO  impl.LeaderElection (LeaderElection.java:askForVotes(448)) - 9e23e878-9bb3-42b5-8b94-e0e229812e65@group-D5D0288CE997-LeaderElection231 PRE_VOTE round 0: submit vote requests at term 2 for conf: {index: 16, cur=peers:[9e23e878-9bb3-42b5-8b94-e0e229812e65|127.0.0.1:15023, 13facd30-3950-4310-8b1a-93d004abbbdd|127.0.0.1:15031, 36d876fb-a458-4393-963b-58eeedb8ba95|127.0.0.1:15015]|listeners:[], old=null}
2025-09-13 17:33:34,678 [9e23e878-9bb3-42b5-8b94-e0e229812e65@group-D5D0288CE997-LeaderElection231] INFO  impl.LeaderElection (LogUtils.java:infoOrTrace(142)) - 9e23e878-9bb3-42b5-8b94-e0e229812e65@group-D5D0288CE997-LeaderElection231 got exception when requesting votes: java.util.concurrent.ExecutionException: org.apache.ratis.thirdparty.io.grpc.StatusRuntimeException: UNAVAILABLE: io exception
2025-09-13 17:33:34,678 [9e23e878-9bb3-42b5-8b94-e0e229812e65@group-D5D0288CE997-LeaderElection231] INFO  impl.LeaderElection (LogUtils.java:infoOrTrace(142)) - 9e23e878-9bb3-42b5-8b94-e0e229812e65@group-D5D0288CE997-LeaderElection231 got exception when requesting votes: java.util.concurrent.ExecutionException: org.apache.ratis.thirdparty.io.grpc.StatusRuntimeException: UNAVAILABLE: io exception
2025-09-13 17:33:34,678 [9e23e878-9bb3-42b5-8b94-e0e229812e65@group-D5D0288CE997-LeaderElection231] INFO  impl.LeaderElection (LeaderElection.java:logAndReturn(206)) - 9e23e878-9bb3-42b5-8b94-e0e229812e65@group-D5D0288CE997-LeaderElection231: PRE_VOTE REJECTED received 0 response(s) and 2 exception(s):
2025-09-13 17:33:34,678 [9e23e878-9bb3-42b5-8b94-e0e229812e65@group-D5D0288CE997-LeaderElection231] INFO  impl.LeaderElection (LogUtils.java:infoOrTrace(142)) -   Exception 0: java.util.concurrent.ExecutionException: org.apache.ratis.thirdparty.io.grpc.StatusRuntimeException: UNAVAILABLE: io exception
2025-09-13 17:33:34,678 [9e23e878-9bb3-42b5-8b94-e0e229812e65@group-D5D0288CE997-LeaderElection231] INFO  impl.LeaderElection (LogUtils.java:infoOrTrace(142)) -   Exception 1: java.util.concurrent.ExecutionException: org.apache.ratis.thirdparty.io.grpc.StatusRuntimeException: UNAVAILABLE: io exception
2025-09-13 17:33:34,678 [9e23e878-9bb3-42b5-8b94-e0e229812e65@group-D5D0288CE997-LeaderElection231] INFO  impl.LeaderElection (LeaderElection.java:askForVotes(450)) - 9e23e878-9bb3-42b5-8b94-e0e229812e65@group-D5D0288CE997-LeaderElection231 PRE_VOTE round 0: result REJECTED
2025-09-13 17:33:34,678 [9e23e878-9bb3-42b5-8b94-e0e229812e65@group-D5D0288CE997-LeaderElection231] INFO  server.RaftServer$Division (RaftServerImpl.java:setRole(392)) - 9e23e878-9bb3-42b5-8b94-e0e229812e65@group-D5D0288CE997: changes role from CANDIDATE to FOLLOWER at term 2 for REJECTED
2025-09-13 17:33:34,678 [9e23e878-9bb3-42b5-8b94-e0e229812e65@group-D5D0288CE997-LeaderElection231] INFO  impl.RoleInfo (RoleInfo.java:shutdownLeaderElection(141)) - 9e23e878-9bb3-42b5-8b94-e0e229812e65: shutdown 9e23e878-9bb3-42b5-8b94-e0e229812e65@group-D5D0288CE997-LeaderElection231
2025-09-13 17:33:34,678 [9e23e878-9bb3-42b5-8b94-e0e229812e65@group-D5D0288CE997-LeaderElection231] INFO  impl.RoleInfo (RoleInfo.java:updateAndGet(148)) - 9e23e878-9bb3-42b5-8b94-e0e229812e65: start 9e23e878-9bb3-42b5-8b94-e0e229812e65@group-D5D0288CE997-FollowerState
2025-09-13 17:33:35,654 [9e23e878-9bb3-42b5-8b94-e0e229812e65@group-CF05563D4821-FollowerState] INFO  impl.FollowerState (FollowerState.java:runImpl(161)) - 9e23e878-9bb3-42b5-8b94-e0e229812e65@group-CF05563D4821-FollowerState: change to CANDIDATE, lastRpcElapsedTime:1082331256ns, electionTimeout:1082ms
2025-09-13 17:33:35,654 [9e23e878-9bb3-42b5-8b94-e0e229812e65@group-CF05563D4821-FollowerState] INFO  impl.RoleInfo (RoleInfo.java:shutdownFollowerState(121)) - 9e23e878-9bb3-42b5-8b94-e0e229812e65: shutdown 9e23e878-9bb3-42b5-8b94-e0e229812e65@group-CF05563D4821-FollowerState
2025-09-13 17:33:35,654 [9e23e878-9bb3-42b5-8b94-e0e229812e65@group-CF05563D4821-FollowerState] INFO  server.RaftServer$Division (RaftServerImpl.java:setRole(392)) - 9e23e878-9bb3-42b5-8b94-e0e229812e65@group-CF05563D4821: changes role from  FOLLOWER to CANDIDATE at term 5 for changeToCandidate
2025-09-13 17:33:35,654 [9e23e878-9bb3-42b5-8b94-e0e229812e65@group-CF05563D4821-FollowerState] INFO  impl.RoleInfo (RoleInfo.java:updateAndGet(148)) - 9e23e878-9bb3-42b5-8b94-e0e229812e65: start 9e23e878-9bb3-42b5-8b94-e0e229812e65@group-CF05563D4821-LeaderElection232
2025-09-13 17:33:35,654 [9e23e878-9bb3-42b5-8b94-e0e229812e65@group-CF05563D4821-LeaderElection232] INFO  impl.LeaderElection (LeaderElection.java:askForVotes(448)) - 9e23e878-9bb3-42b5-8b94-e0e229812e65@group-CF05563D4821-LeaderElection232 PRE_VOTE round 0: submit vote requests at term 5 for conf: {index: 7, cur=peers:[9e23e878-9bb3-42b5-8b94-e0e229812e65|127.0.0.1:15023, 13facd30-3950-4310-8b1a-93d004abbbdd|127.0.0.1:15031, 36d876fb-a458-4393-963b-58eeedb8ba95|127.0.0.1:15015]|listeners:[], old=null}
2025-09-13 17:33:35,654 [9e23e878-9bb3-42b5-8b94-e0e229812e65@group-CF05563D4821-LeaderElection232] INFO  impl.LeaderElection (LogUtils.java:infoOrTrace(142)) - 9e23e878-9bb3-42b5-8b94-e0e229812e65@group-CF05563D4821-LeaderElection232 got exception when requesting votes: java.util.concurrent.ExecutionException: org.apache.ratis.thirdparty.io.grpc.StatusRuntimeException: UNAVAILABLE: io exception
2025-09-13 17:33:35,654 [9e23e878-9bb3-42b5-8b94-e0e229812e65@group-CF05563D4821-LeaderElection232] INFO  impl.LeaderElection (LogUtils.java:infoOrTrace(142)) - 9e23e878-9bb3-42b5-8b94-e0e229812e65@group-CF05563D4821-LeaderElection232 got exception when requesting votes: java.util.concurrent.ExecutionException: org.apache.ratis.thirdparty.io.grpc.StatusRuntimeException: UNAVAILABLE: io exception
2025-09-13 17:33:35,655 [9e23e878-9bb3-42b5-8b94-e0e229812e65@group-CF05563D4821-LeaderElection232] INFO  impl.LeaderElection (LeaderElection.java:logAndReturn(206)) - 9e23e878-9bb3-42b5-8b94-e0e229812e65@group-CF05563D4821-LeaderElection232: PRE_VOTE REJECTED received 0 response(s) and 2 exception(s):
2025-09-13 17:33:35,655 [9e23e878-9bb3-42b5-8b94-e0e229812e65@group-CF05563D4821-LeaderElection232] INFO  impl.LeaderElection (LogUtils.java:infoOrTrace(142)) -   Exception 0: java.util.concurrent.ExecutionException: org.apache.ratis.thirdparty.io.grpc.StatusRuntimeException: UNAVAILABLE: io exception
2025-09-13 17:33:35,655 [9e23e878-9bb3-42b5-8b94-e0e229812e65@group-CF05563D4821-LeaderElection232] INFO  impl.LeaderElection (LogUtils.java:infoOrTrace(142)) -   Exception 1: java.util.concurrent.ExecutionException: org.apache.ratis.thirdparty.io.grpc.StatusRuntimeException: UNAVAILABLE: io exception
2025-09-13 17:33:35,655 [9e23e878-9bb3-42b5-8b94-e0e229812e65@group-CF05563D4821-LeaderElection232] INFO  impl.LeaderElection (LeaderElection.java:askForVotes(450)) - 9e23e878-9bb3-42b5-8b94-e0e229812e65@group-CF05563D4821-LeaderElection232 PRE_VOTE round 0: result REJECTED
2025-09-13 17:33:35,655 [9e23e878-9bb3-42b5-8b94-e0e229812e65@group-CF05563D4821-LeaderElection232] INFO  server.RaftServer$Division (RaftServerImpl.java:setRole(392)) - 9e23e878-9bb3-42b5-8b94-e0e229812e65@group-CF05563D4821: changes role from CANDIDATE to FOLLOWER at term 5 for REJECTED
2025-09-13 17:33:35,655 [9e23e878-9bb3-42b5-8b94-e0e229812e65@group-CF05563D4821-LeaderElection232] INFO  impl.RoleInfo (RoleInfo.java:shutdownLeaderElection(141)) - 9e23e878-9bb3-42b5-8b94-e0e229812e65: shutdown 9e23e878-9bb3-42b5-8b94-e0e229812e65@group-CF05563D4821-LeaderElection232
2025-09-13 17:33:35,655 [9e23e878-9bb3-42b5-8b94-e0e229812e65@group-CF05563D4821-LeaderElection232] INFO  impl.RoleInfo (RoleInfo.java:updateAndGet(148)) - 9e23e878-9bb3-42b5-8b94-e0e229812e65: start 9e23e878-9bb3-42b5-8b94-e0e229812e65@group-CF05563D4821-FollowerState
2025-09-13 17:33:35,714 [9e23e878-9bb3-42b5-8b94-e0e229812e65@group-D5D0288CE997-FollowerState] INFO  impl.FollowerState (FollowerState.java:runImpl(161)) - 9e23e878-9bb3-42b5-8b94-e0e229812e65@group-D5D0288CE997-FollowerState: change to CANDIDATE, lastRpcElapsedTime:1035301792ns, electionTimeout:1035ms
2025-09-13 17:33:35,714 [9e23e878-9bb3-42b5-8b94-e0e229812e65@group-D5D0288CE997-FollowerState] INFO  impl.RoleInfo (RoleInfo.java:shutdownFollowerState(121)) - 9e23e878-9bb3-42b5-8b94-e0e229812e65: shutdown 9e23e878-9bb3-42b5-8b94-e0e229812e65@group-D5D0288CE997-FollowerState
2025-09-13 17:33:35,714 [9e23e878-9bb3-42b5-8b94-e0e229812e65@group-D5D0288CE997-FollowerState] INFO  server.RaftServer$Division (RaftServerImpl.java:setRole(392)) - 9e23e878-9bb3-42b5-8b94-e0e229812e65@group-D5D0288CE997: changes role from  FOLLOWER to CANDIDATE at term 2 for changeToCandidate
2025-09-13 17:33:35,714 [9e23e878-9bb3-42b5-8b94-e0e229812e65@group-D5D0288CE997-FollowerState] INFO  impl.RoleInfo (RoleInfo.java:updateAndGet(148)) - 9e23e878-9bb3-42b5-8b94-e0e229812e65: start 9e23e878-9bb3-42b5-8b94-e0e229812e65@group-D5D0288CE997-LeaderElection233
2025-09-13 17:33:35,714 [9e23e878-9bb3-42b5-8b94-e0e229812e65@group-D5D0288CE997-LeaderElection233] INFO  impl.LeaderElection (LeaderElection.java:askForVotes(448)) - 9e23e878-9bb3-42b5-8b94-e0e229812e65@group-D5D0288CE997-LeaderElection233 PRE_VOTE round 0: submit vote requests at term 2 for conf: {index: 16, cur=peers:[9e23e878-9bb3-42b5-8b94-e0e229812e65|127.0.0.1:15023, 13facd30-3950-4310-8b1a-93d004abbbdd|127.0.0.1:15031, 36d876fb-a458-4393-963b-58eeedb8ba95|127.0.0.1:15015]|listeners:[], old=null}
2025-09-13 17:33:35,715 [9e23e878-9bb3-42b5-8b94-e0e229812e65@group-D5D0288CE997-LeaderElection233] INFO  impl.LeaderElection (LogUtils.java:infoOrTrace(142)) - 9e23e878-9bb3-42b5-8b94-e0e229812e65@group-D5D0288CE997-LeaderElection233 got exception when requesting votes: java.util.concurrent.ExecutionException: org.apache.ratis.thirdparty.io.grpc.StatusRuntimeException: UNAVAILABLE: io exception
2025-09-13 17:33:35,715 [9e23e878-9bb3-42b5-8b94-e0e229812e65@group-D5D0288CE997-LeaderElection233] INFO  impl.LeaderElection (LogUtils.java:infoOrTrace(142)) - 9e23e878-9bb3-42b5-8b94-e0e229812e65@group-D5D0288CE997-LeaderElection233 got exception when requesting votes: java.util.concurrent.ExecutionException: org.apache.ratis.thirdparty.io.grpc.StatusRuntimeException: UNAVAILABLE: io exception
2025-09-13 17:33:35,715 [9e23e878-9bb3-42b5-8b94-e0e229812e65@group-D5D0288CE997-LeaderElection233] INFO  impl.LeaderElection (LeaderElection.java:logAndReturn(206)) - 9e23e878-9bb3-42b5-8b94-e0e229812e65@group-D5D0288CE997-LeaderElection233: PRE_VOTE REJECTED received 0 response(s) and 2 exception(s):
2025-09-13 17:33:35,715 [9e23e878-9bb3-42b5-8b94-e0e229812e65@group-D5D0288CE997-LeaderElection233] INFO  impl.LeaderElection (LogUtils.java:infoOrTrace(142)) -   Exception 0: java.util.concurrent.ExecutionException: org.apache.ratis.thirdparty.io.grpc.StatusRuntimeException: UNAVAILABLE: io exception
2025-09-13 17:33:35,715 [9e23e878-9bb3-42b5-8b94-e0e229812e65@group-D5D0288CE997-LeaderElection233] INFO  impl.LeaderElection (LogUtils.java:infoOrTrace(142)) -   Exception 1: java.util.concurrent.ExecutionException: org.apache.ratis.thirdparty.io.grpc.StatusRuntimeException: UNAVAILABLE: io exception
2025-09-13 17:33:35,715 [9e23e878-9bb3-42b5-8b94-e0e229812e65@group-D5D0288CE997-LeaderElection233] INFO  impl.LeaderElection (LeaderElection.java:askForVotes(450)) - 9e23e878-9bb3-42b5-8b94-e0e229812e65@group-D5D0288CE997-LeaderElection233 PRE_VOTE round 0: result REJECTED
2025-09-13 17:33:35,715 [9e23e878-9bb3-42b5-8b94-e0e229812e65@group-D5D0288CE997-LeaderElection233] INFO  server.RaftServer$Division (RaftServerImpl.java:setRole(392)) - 9e23e878-9bb3-42b5-8b94-e0e229812e65@group-D5D0288CE997: changes role from CANDIDATE to FOLLOWER at term 2 for REJECTED
2025-09-13 17:33:35,715 [9e23e878-9bb3-42b5-8b94-e0e229812e65@group-D5D0288CE997-LeaderElection233] INFO  impl.RoleInfo (RoleInfo.java:shutdownLeaderElection(141)) - 9e23e878-9bb3-42b5-8b94-e0e229812e65: shutdown 9e23e878-9bb3-42b5-8b94-e0e229812e65@group-D5D0288CE997-LeaderElection233
2025-09-13 17:33:35,715 [9e23e878-9bb3-42b5-8b94-e0e229812e65@group-D5D0288CE997-LeaderElection233] INFO  impl.RoleInfo (RoleInfo.java:updateAndGet(148)) - 9e23e878-9bb3-42b5-8b94-e0e229812e65: start 9e23e878-9bb3-42b5-8b94-e0e229812e65@group-D5D0288CE997-FollowerState
2025-09-13 17:33:36,839 [9e23e878-9bb3-42b5-8b94-e0e229812e65@group-CF05563D4821-FollowerState] INFO  impl.FollowerState (FollowerState.java:runImpl(161)) - 9e23e878-9bb3-42b5-8b94-e0e229812e65@group-CF05563D4821-FollowerState: change to CANDIDATE, lastRpcElapsedTime:1184245063ns, electionTimeout:1184ms
2025-09-13 17:33:36,839 [9e23e878-9bb3-42b5-8b94-e0e229812e65@group-CF05563D4821-FollowerState] INFO  impl.RoleInfo (RoleInfo.java:shutdownFollowerState(121)) - 9e23e878-9bb3-42b5-8b94-e0e229812e65: shutdown 9e23e878-9bb3-42b5-8b94-e0e229812e65@group-CF05563D4821-FollowerState
2025-09-13 17:33:36,839 [9e23e878-9bb3-42b5-8b94-e0e229812e65@group-CF05563D4821-FollowerState] INFO  server.RaftServer$Division (RaftServerImpl.java:setRole(392)) - 9e23e878-9bb3-42b5-8b94-e0e229812e65@group-CF05563D4821: changes role from  FOLLOWER to CANDIDATE at term 5 for changeToCandidate
2025-09-13 17:33:36,839 [9e23e878-9bb3-42b5-8b94-e0e229812e65@group-CF05563D4821-FollowerState] INFO  impl.RoleInfo (RoleInfo.java:updateAndGet(148)) - 9e23e878-9bb3-42b5-8b94-e0e229812e65: start 9e23e878-9bb3-42b5-8b94-e0e229812e65@group-CF05563D4821-LeaderElection234
2025-09-13 17:33:36,840 [9e23e878-9bb3-42b5-8b94-e0e229812e65@group-CF05563D4821-LeaderElection234] INFO  impl.LeaderElection (LeaderElection.java:askForVotes(448)) - 9e23e878-9bb3-42b5-8b94-e0e229812e65@group-CF05563D4821-LeaderElection234 PRE_VOTE round 0: submit vote requests at term 5 for conf: {index: 7, cur=peers:[9e23e878-9bb3-42b5-8b94-e0e229812e65|127.0.0.1:15023, 13facd30-3950-4310-8b1a-93d004abbbdd|127.0.0.1:15031, 36d876fb-a458-4393-963b-58eeedb8ba95|127.0.0.1:15015]|listeners:[], old=null}
2025-09-13 17:33:36,840 [9e23e878-9bb3-42b5-8b94-e0e229812e65@group-CF05563D4821-LeaderElection234] INFO  impl.LeaderElection (LogUtils.java:infoOrTrace(142)) - 9e23e878-9bb3-42b5-8b94-e0e229812e65@group-CF05563D4821-LeaderElection234 got exception when requesting votes: java.util.concurrent.ExecutionException: org.apache.ratis.thirdparty.io.grpc.StatusRuntimeException: UNAVAILABLE: io exception
2025-09-13 17:33:36,840 [9e23e878-9bb3-42b5-8b94-e0e229812e65@group-CF05563D4821-LeaderElection234] INFO  impl.LeaderElection (LogUtils.java:infoOrTrace(142)) - 9e23e878-9bb3-42b5-8b94-e0e229812e65@group-CF05563D4821-LeaderElection234 got exception when requesting votes: java.util.concurrent.ExecutionException: org.apache.ratis.thirdparty.io.grpc.StatusRuntimeException: UNAVAILABLE: io exception
2025-09-13 17:33:36,840 [9e23e878-9bb3-42b5-8b94-e0e229812e65@group-CF05563D4821-LeaderElection234] INFO  impl.LeaderElection (LeaderElection.java:logAndReturn(206)) - 9e23e878-9bb3-42b5-8b94-e0e229812e65@group-CF05563D4821-LeaderElection234: PRE_VOTE REJECTED received 0 response(s) and 2 exception(s):
2025-09-13 17:33:36,840 [9e23e878-9bb3-42b5-8b94-e0e229812e65@group-CF05563D4821-LeaderElection234] INFO  impl.LeaderElection (LogUtils.java:infoOrTrace(142)) -   Exception 0: java.util.concurrent.ExecutionException: org.apache.ratis.thirdparty.io.grpc.StatusRuntimeException: UNAVAILABLE: io exception
2025-09-13 17:33:36,840 [9e23e878-9bb3-42b5-8b94-e0e229812e65@group-CF05563D4821-LeaderElection234] INFO  impl.LeaderElection (LogUtils.java:infoOrTrace(142)) -   Exception 1: java.util.concurrent.ExecutionException: org.apache.ratis.thirdparty.io.grpc.StatusRuntimeException: UNAVAILABLE: io exception
2025-09-13 17:33:36,840 [9e23e878-9bb3-42b5-8b94-e0e229812e65@group-CF05563D4821-LeaderElection234] INFO  impl.LeaderElection (LeaderElection.java:askForVotes(450)) - 9e23e878-9bb3-42b5-8b94-e0e229812e65@group-CF05563D4821-LeaderElection234 PRE_VOTE round 0: result REJECTED
2025-09-13 17:33:36,840 [9e23e878-9bb3-42b5-8b94-e0e229812e65@group-CF05563D4821-LeaderElection234] INFO  server.RaftServer$Division (RaftServerImpl.java:setRole(392)) - 9e23e878-9bb3-42b5-8b94-e0e229812e65@group-CF05563D4821: changes role from CANDIDATE to FOLLOWER at term 5 for REJECTED
2025-09-13 17:33:36,840 [9e23e878-9bb3-42b5-8b94-e0e229812e65@group-CF05563D4821-LeaderElection234] INFO  impl.RoleInfo (RoleInfo.java:shutdownLeaderElection(141)) - 9e23e878-9bb3-42b5-8b94-e0e229812e65: shutdown 9e23e878-9bb3-42b5-8b94-e0e229812e65@group-CF05563D4821-LeaderElection234
2025-09-13 17:33:36,840 [9e23e878-9bb3-42b5-8b94-e0e229812e65@group-CF05563D4821-LeaderElection234] INFO  impl.RoleInfo (RoleInfo.java:updateAndGet(148)) - 9e23e878-9bb3-42b5-8b94-e0e229812e65: start 9e23e878-9bb3-42b5-8b94-e0e229812e65@group-CF05563D4821-FollowerState
2025-09-13 17:33:36,875 [9e23e878-9bb3-42b5-8b94-e0e229812e65@group-D5D0288CE997-FollowerState] INFO  impl.FollowerState (FollowerState.java:runImpl(161)) - 9e23e878-9bb3-42b5-8b94-e0e229812e65@group-D5D0288CE997-FollowerState: change to CANDIDATE, lastRpcElapsedTime:1160297101ns, electionTimeout:1160ms
2025-09-13 17:33:36,875 [9e23e878-9bb3-42b5-8b94-e0e229812e65@group-D5D0288CE997-FollowerState] INFO  impl.RoleInfo (RoleInfo.java:shutdownFollowerState(121)) - 9e23e878-9bb3-42b5-8b94-e0e229812e65: shutdown 9e23e878-9bb3-42b5-8b94-e0e229812e65@group-D5D0288CE997-FollowerState
2025-09-13 17:33:36,875 [9e23e878-9bb3-42b5-8b94-e0e229812e65@group-D5D0288CE997-FollowerState] INFO  server.RaftServer$Division (RaftServerImpl.java:setRole(392)) - 9e23e878-9bb3-42b5-8b94-e0e229812e65@group-D5D0288CE997: changes role from  FOLLOWER to CANDIDATE at term 2 for changeToCandidate
2025-09-13 17:33:36,875 [9e23e878-9bb3-42b5-8b94-e0e229812e65@group-D5D0288CE997-FollowerState] INFO  impl.RoleInfo (RoleInfo.java:updateAndGet(148)) - 9e23e878-9bb3-42b5-8b94-e0e229812e65: start 9e23e878-9bb3-42b5-8b94-e0e229812e65@group-D5D0288CE997-LeaderElection235
2025-09-13 17:33:36,876 [9e23e878-9bb3-42b5-8b94-e0e229812e65@group-D5D0288CE997-LeaderElection235] INFO  impl.LeaderElection (LeaderElection.java:askForVotes(448)) - 9e23e878-9bb3-42b5-8b94-e0e229812e65@group-D5D0288CE997-LeaderElection235 PRE_VOTE round 0: submit vote requests at term 2 for conf: {index: 16, cur=peers:[9e23e878-9bb3-42b5-8b94-e0e229812e65|127.0.0.1:15023, 13facd30-3950-4310-8b1a-93d004abbbdd|127.0.0.1:15031, 36d876fb-a458-4393-963b-58eeedb8ba95|127.0.0.1:15015]|listeners:[], old=null}
2025-09-13 17:33:36,876 [9e23e878-9bb3-42b5-8b94-e0e229812e65@group-D5D0288CE997-LeaderElection235] INFO  impl.LeaderElection (LogUtils.java:infoOrTrace(142)) - 9e23e878-9bb3-42b5-8b94-e0e229812e65@group-D5D0288CE997-LeaderElection235 got exception when requesting votes: java.util.concurrent.ExecutionException: org.apache.ratis.thirdparty.io.grpc.StatusRuntimeException: UNAVAILABLE: io exception
2025-09-13 17:33:36,876 [9e23e878-9bb3-42b5-8b94-e0e229812e65@group-D5D0288CE997-LeaderElection235] INFO  impl.LeaderElection (LogUtils.java:infoOrTrace(142)) - 9e23e878-9bb3-42b5-8b94-e0e229812e65@group-D5D0288CE997-LeaderElection235 got exception when requesting votes: java.util.concurrent.ExecutionException: org.apache.ratis.thirdparty.io.grpc.StatusRuntimeException: UNAVAILABLE: io exception
2025-09-13 17:33:36,876 [9e23e878-9bb3-42b5-8b94-e0e229812e65@group-D5D0288CE997-LeaderElection235] INFO  impl.LeaderElection (LeaderElection.java:logAndReturn(206)) - 9e23e878-9bb3-42b5-8b94-e0e229812e65@group-D5D0288CE997-LeaderElection235: PRE_VOTE REJECTED received 0 response(s) and 2 exception(s):
2025-09-13 17:33:36,876 [9e23e878-9bb3-42b5-8b94-e0e229812e65@group-D5D0288CE997-LeaderElection235] INFO  impl.LeaderElection (LogUtils.java:infoOrTrace(142)) -   Exception 0: java.util.concurrent.ExecutionException: org.apache.ratis.thirdparty.io.grpc.StatusRuntimeException: UNAVAILABLE: io exception
2025-09-13 17:33:36,876 [9e23e878-9bb3-42b5-8b94-e0e229812e65@group-D5D0288CE997-LeaderElection235] INFO  impl.LeaderElection (LogUtils.java:infoOrTrace(142)) -   Exception 1: java.util.concurrent.ExecutionException: org.apache.ratis.thirdparty.io.grpc.StatusRuntimeException: UNAVAILABLE: io exception
2025-09-13 17:33:36,876 [9e23e878-9bb3-42b5-8b94-e0e229812e65@group-D5D0288CE997-LeaderElection235] INFO  impl.LeaderElection (LeaderElection.java:askForVotes(450)) - 9e23e878-9bb3-42b5-8b94-e0e229812e65@group-D5D0288CE997-LeaderElection235 PRE_VOTE round 0: result REJECTED
2025-09-13 17:33:36,876 [9e23e878-9bb3-42b5-8b94-e0e229812e65@group-D5D0288CE997-LeaderElection235] INFO  server.RaftServer$Division (RaftServerImpl.java:setRole(392)) - 9e23e878-9bb3-42b5-8b94-e0e229812e65@group-D5D0288CE997: changes role from CANDIDATE to FOLLOWER at term 2 for REJECTED
2025-09-13 17:33:36,876 [9e23e878-9bb3-42b5-8b94-e0e229812e65@group-D5D0288CE997-LeaderElection235] INFO  impl.RoleInfo (RoleInfo.java:shutdownLeaderElection(141)) - 9e23e878-9bb3-42b5-8b94-e0e229812e65: shutdown 9e23e878-9bb3-42b5-8b94-e0e229812e65@group-D5D0288CE997-LeaderElection235
2025-09-13 17:33:36,876 [9e23e878-9bb3-42b5-8b94-e0e229812e65@group-D5D0288CE997-LeaderElection235] INFO  impl.RoleInfo (RoleInfo.java:updateAndGet(148)) - 9e23e878-9bb3-42b5-8b94-e0e229812e65: start 9e23e878-9bb3-42b5-8b94-e0e229812e65@group-D5D0288CE997-FollowerState
2025-09-13 17:33:37,280 [grpc-default-executor-10] ERROR impl.OrderedAsync (OrderedAsync.java:lambda$null$6(215)) -  client-6B3875304329: Failed* RaftClientRequest:client-6B3875304329->9e23e878-9bb3-42b5-8b94-e0e229812e65@group-D5D0288CE997, cid=61, seq=6*, RW, cmdType: WriteChunk
traceID: ""
containerID: 5
datanodeUuid: "13facd30-3950-4310-8b1a-93d004abbbdd"
writeChunk {
  blockID {
    containerID: 5
    localID: 115816896921600008
    blockCommitSequenceId: 21
    replicaIndex: 0
  }
  chunkData {
    chunkName: "115816896921600008_chunk_3"
    offset: 2097152
    len: 524288
    checksumData {
      type: CRC32
      bytesPerChecksum: 16384
      checksums: "\326\360U\321"
      checksums: "\326\360U\321"
      checksums: "\326\360U\321"
      checksums: "\326\360U\321"
      checksums: "\326\360U\321"
      checksums: "\326\360U\321"
      checksums: "\326\360U\321"
      checksums: "\326\360U\321"
      checksums: "\326\360U\321"
      checksums: "\326\360U\321"
      checksums: "\326\360U\321"
      checksums: "\326\360U\321"
      checksums: "\326\360U\321"
      checksums: "\326\360U\321"
      checksums: "\326\360U\321"
      checksums: "\326\360U\321"
      checksums: "\326\360U\321"
      checksums: "\326\360U\321"
      checksums: "\326\360U\321"
      checksums: "\326\360U\321"
      checksums: "\326\360U\321"
      checksums: "\326\360U\321"
      checksums: "\326\360U\321"
      checksums: "\326\360U\321"
      checksums: "\326\360U\321"
      checksums: "\326\360U\321"
      checksums: "\326\360U\321"
      checksums: "\326\360U\321"
      checksums: "\326\360U\321"
      checksums: "\326\360U\321"
      checksums: "\326\360U\321"
      checksums: "\277r/p"
    }
  }
}
version: 3
, data.size=524288
java.util.concurrent.CompletionException: org.apache.ratis.protocol.exceptions.NotLeaderException: Server 9e23e878-9bb3-42b5-8b94-e0e229812e65@group-D5D0288CE997 is not the leader
	at java.base/java.util.concurrent.CompletableFuture.encodeThrowable(CompletableFuture.java:332)
	at java.base/java.util.concurrent.CompletableFuture.completeThrowable(CompletableFuture.java:347)
	at java.base/java.util.concurrent.CompletableFuture$UniAccept.tryFire(CompletableFuture.java:708)
	at java.base/java.util.concurrent.CompletableFuture.postComplete(CompletableFuture.java:510)
	at java.base/java.util.concurrent.CompletableFuture.completeExceptionally(CompletableFuture.java:2194)
	at org.apache.ratis.grpc.client.GrpcClientProtocolClient$AsyncStreamObservers.completeReplyExceptionally(GrpcClientProtocolClient.java:397)
	at org.apache.ratis.grpc.client.GrpcClientProtocolClient$AsyncStreamObservers.access$000(GrpcClientProtocolClient.java:303)
	at org.apache.ratis.grpc.client.GrpcClientProtocolClient$AsyncStreamObservers$1.onNext(GrpcClientProtocolClient.java:317)
	at org.apache.ratis.grpc.client.GrpcClientProtocolClient$AsyncStreamObservers$1.onNext(GrpcClientProtocolClient.java:308)
	at org.apache.ratis.thirdparty.io.grpc.stub.ClientCalls$StreamObserverToCallListenerAdapter.onMessage(ClientCalls.java:551)
	at org.apache.ratis.thirdparty.io.grpc.ForwardingClientCallListener.onMessage(ForwardingClientCallListener.java:33)
	at org.apache.ratis.thirdparty.io.grpc.internal.ClientCallImpl$ClientStreamListenerImpl$1MessagesAvailable.runInternal(ClientCallImpl.java:661)
	at org.apache.ratis.thirdparty.io.grpc.internal.ClientCallImpl$ClientStreamListenerImpl$1MessagesAvailable.runInContext(ClientCallImpl.java:648)
	at org.apache.ratis.thirdparty.io.grpc.internal.ContextRunnable.run(ContextRunnable.java:37)
	at org.apache.ratis.thirdparty.io.grpc.internal.SerializingExecutor.run(SerializingExecutor.java:133)
	at java.base/java.util.concurrent.ThreadPoolExecutor.runWorker(ThreadPoolExecutor.java:1144)
	at java.base/java.util.concurrent.ThreadPoolExecutor$Worker.run(ThreadPoolExecutor.java:642)
	at java.base/java.lang.Thread.run(Thread.java:1583)
Caused by: org.apache.ratis.protocol.exceptions.NotLeaderException: Server 9e23e878-9bb3-42b5-8b94-e0e229812e65@group-D5D0288CE997 is not the leader
	at org.apache.ratis.client.impl.ClientProtoUtils.toRaftClientReply(ClientProtoUtils.java:402)
	at org.apache.ratis.grpc.client.GrpcClientProtocolClient$AsyncStreamObservers$1.onNext(GrpcClientProtocolClient.java:313)
	... 10 more
2025-09-13 17:33:37,993 [9e23e878-9bb3-42b5-8b94-e0e229812e65@group-CF05563D4821-FollowerState] INFO  impl.FollowerState (FollowerState.java:runImpl(161)) - 9e23e878-9bb3-42b5-8b94-e0e229812e65@group-CF05563D4821-FollowerState: change to CANDIDATE, lastRpcElapsedTime:1152326612ns, electionTimeout:1152ms
2025-09-13 17:33:37,993 [9e23e878-9bb3-42b5-8b94-e0e229812e65@group-CF05563D4821-FollowerState] INFO  impl.RoleInfo (RoleInfo.java:shutdownFollowerState(121)) - 9e23e878-9bb3-42b5-8b94-e0e229812e65: shutdown 9e23e878-9bb3-42b5-8b94-e0e229812e65@group-CF05563D4821-FollowerState
2025-09-13 17:33:37,993 [9e23e878-9bb3-42b5-8b94-e0e229812e65@group-CF05563D4821-FollowerState] INFO  server.RaftServer$Division (RaftServerImpl.java:setRole(392)) - 9e23e878-9bb3-42b5-8b94-e0e229812e65@group-CF05563D4821: changes role from  FOLLOWER to CANDIDATE at term 5 for changeToCandidate
2025-09-13 17:33:37,993 [9e23e878-9bb3-42b5-8b94-e0e229812e65@group-CF05563D4821-FollowerState] INFO  impl.RoleInfo (RoleInfo.java:updateAndGet(148)) - 9e23e878-9bb3-42b5-8b94-e0e229812e65: start 9e23e878-9bb3-42b5-8b94-e0e229812e65@group-CF05563D4821-LeaderElection236
2025-09-13 17:33:37,993 [9e23e878-9bb3-42b5-8b94-e0e229812e65@group-CF05563D4821-LeaderElection236] INFO  impl.LeaderElection (LeaderElection.java:askForVotes(448)) - 9e23e878-9bb3-42b5-8b94-e0e229812e65@group-CF05563D4821-LeaderElection236 PRE_VOTE round 0: submit vote requests at term 5 for conf: {index: 7, cur=peers:[9e23e878-9bb3-42b5-8b94-e0e229812e65|127.0.0.1:15023, 13facd30-3950-4310-8b1a-93d004abbbdd|127.0.0.1:15031, 36d876fb-a458-4393-963b-58eeedb8ba95|127.0.0.1:15015]|listeners:[], old=null}
2025-09-13 17:33:37,994 [9e23e878-9bb3-42b5-8b94-e0e229812e65@group-CF05563D4821-LeaderElection236] INFO  impl.LeaderElection (LogUtils.java:infoOrTrace(142)) - 9e23e878-9bb3-42b5-8b94-e0e229812e65@group-CF05563D4821-LeaderElection236 got exception when requesting votes: java.util.concurrent.ExecutionException: org.apache.ratis.thirdparty.io.grpc.StatusRuntimeException: UNAVAILABLE: io exception
2025-09-13 17:33:37,994 [9e23e878-9bb3-42b5-8b94-e0e229812e65@group-CF05563D4821-LeaderElection236] INFO  impl.LeaderElection (LogUtils.java:infoOrTrace(142)) - 9e23e878-9bb3-42b5-8b94-e0e229812e65@group-CF05563D4821-LeaderElection236 got exception when requesting votes: java.util.concurrent.ExecutionException: org.apache.ratis.thirdparty.io.grpc.StatusRuntimeException: UNAVAILABLE: io exception
2025-09-13 17:33:37,994 [9e23e878-9bb3-42b5-8b94-e0e229812e65@group-CF05563D4821-LeaderElection236] INFO  impl.LeaderElection (LeaderElection.java:logAndReturn(206)) - 9e23e878-9bb3-42b5-8b94-e0e229812e65@group-CF05563D4821-LeaderElection236: PRE_VOTE REJECTED received 0 response(s) and 2 exception(s):
2025-09-13 17:33:37,994 [9e23e878-9bb3-42b5-8b94-e0e229812e65@group-CF05563D4821-LeaderElection236] INFO  impl.LeaderElection (LogUtils.java:infoOrTrace(142)) -   Exception 0: java.util.concurrent.ExecutionException: org.apache.ratis.thirdparty.io.grpc.StatusRuntimeException: UNAVAILABLE: io exception
2025-09-13 17:33:37,994 [9e23e878-9bb3-42b5-8b94-e0e229812e65@group-CF05563D4821-LeaderElection236] INFO  impl.LeaderElection (LogUtils.java:infoOrTrace(142)) -   Exception 1: java.util.concurrent.ExecutionException: org.apache.ratis.thirdparty.io.grpc.StatusRuntimeException: UNAVAILABLE: io exception
2025-09-13 17:33:37,994 [9e23e878-9bb3-42b5-8b94-e0e229812e65@group-CF05563D4821-LeaderElection236] INFO  impl.LeaderElection (LeaderElection.java:askForVotes(450)) - 9e23e878-9bb3-42b5-8b94-e0e229812e65@group-CF05563D4821-LeaderElection236 PRE_VOTE round 0: result REJECTED
2025-09-13 17:33:37,994 [9e23e878-9bb3-42b5-8b94-e0e229812e65@group-CF05563D4821-LeaderElection236] INFO  server.RaftServer$Division (RaftServerImpl.java:setRole(392)) - 9e23e878-9bb3-42b5-8b94-e0e229812e65@group-CF05563D4821: changes role from CANDIDATE to FOLLOWER at term 5 for REJECTED
2025-09-13 17:33:37,994 [9e23e878-9bb3-42b5-8b94-e0e229812e65@group-CF05563D4821-LeaderElection236] INFO  impl.RoleInfo (RoleInfo.java:shutdownLeaderElection(141)) - 9e23e878-9bb3-42b5-8b94-e0e229812e65: shutdown 9e23e878-9bb3-42b5-8b94-e0e229812e65@group-CF05563D4821-LeaderElection236
2025-09-13 17:33:37,994 [9e23e878-9bb3-42b5-8b94-e0e229812e65@group-CF05563D4821-LeaderElection236] INFO  impl.RoleInfo (RoleInfo.java:updateAndGet(148)) - 9e23e878-9bb3-42b5-8b94-e0e229812e65: start 9e23e878-9bb3-42b5-8b94-e0e229812e65@group-CF05563D4821-FollowerState
2025-09-13 17:33:38,033 [9e23e878-9bb3-42b5-8b94-e0e229812e65@group-D5D0288CE997-FollowerState] INFO  impl.FollowerState (FollowerState.java:runImpl(161)) - 9e23e878-9bb3-42b5-8b94-e0e229812e65@group-D5D0288CE997-FollowerState: change to CANDIDATE, lastRpcElapsedTime:1156309129ns, electionTimeout:1156ms
2025-09-13 17:33:38,033 [9e23e878-9bb3-42b5-8b94-e0e229812e65@group-D5D0288CE997-FollowerState] INFO  impl.RoleInfo (RoleInfo.java:shutdownFollowerState(121)) - 9e23e878-9bb3-42b5-8b94-e0e229812e65: shutdown 9e23e878-9bb3-42b5-8b94-e0e229812e65@group-D5D0288CE997-FollowerState
2025-09-13 17:33:38,033 [9e23e878-9bb3-42b5-8b94-e0e229812e65@group-D5D0288CE997-FollowerState] INFO  server.RaftServer$Division (RaftServerImpl.java:setRole(392)) - 9e23e878-9bb3-42b5-8b94-e0e229812e65@group-D5D0288CE997: changes role from  FOLLOWER to CANDIDATE at term 2 for changeToCandidate
2025-09-13 17:33:38,033 [9e23e878-9bb3-42b5-8b94-e0e229812e65@group-D5D0288CE997-FollowerState] INFO  impl.RoleInfo (RoleInfo.java:updateAndGet(148)) - 9e23e878-9bb3-42b5-8b94-e0e229812e65: start 9e23e878-9bb3-42b5-8b94-e0e229812e65@group-D5D0288CE997-LeaderElection237
2025-09-13 17:33:38,033 [9e23e878-9bb3-42b5-8b94-e0e229812e65@group-D5D0288CE997-LeaderElection237] INFO  impl.LeaderElection (LeaderElection.java:askForVotes(448)) - 9e23e878-9bb3-42b5-8b94-e0e229812e65@group-D5D0288CE997-LeaderElection237 PRE_VOTE round 0: submit vote requests at term 2 for conf: {index: 16, cur=peers:[9e23e878-9bb3-42b5-8b94-e0e229812e65|127.0.0.1:15023, 13facd30-3950-4310-8b1a-93d004abbbdd|127.0.0.1:15031, 36d876fb-a458-4393-963b-58eeedb8ba95|127.0.0.1:15015]|listeners:[], old=null}
2025-09-13 17:33:38,033 [9e23e878-9bb3-42b5-8b94-e0e229812e65@group-D5D0288CE997-LeaderElection237] INFO  impl.LeaderElection (LogUtils.java:infoOrTrace(142)) - 9e23e878-9bb3-42b5-8b94-e0e229812e65@group-D5D0288CE997-LeaderElection237 got exception when requesting votes: java.util.concurrent.ExecutionException: org.apache.ratis.thirdparty.io.grpc.StatusRuntimeException: UNAVAILABLE: io exception
2025-09-13 17:33:38,033 [9e23e878-9bb3-42b5-8b94-e0e229812e65@group-D5D0288CE997-LeaderElection237] INFO  impl.LeaderElection (LogUtils.java:infoOrTrace(142)) - 9e23e878-9bb3-42b5-8b94-e0e229812e65@group-D5D0288CE997-LeaderElection237 got exception when requesting votes: java.util.concurrent.ExecutionException: org.apache.ratis.thirdparty.io.grpc.StatusRuntimeException: UNAVAILABLE: io exception
2025-09-13 17:33:38,033 [9e23e878-9bb3-42b5-8b94-e0e229812e65@group-D5D0288CE997-LeaderElection237] INFO  impl.LeaderElection (LeaderElection.java:logAndReturn(206)) - 9e23e878-9bb3-42b5-8b94-e0e229812e65@group-D5D0288CE997-LeaderElection237: PRE_VOTE REJECTED received 0 response(s) and 2 exception(s):
2025-09-13 17:33:38,034 [9e23e878-9bb3-42b5-8b94-e0e229812e65@group-D5D0288CE997-LeaderElection237] INFO  impl.LeaderElection (LogUtils.java:infoOrTrace(142)) -   Exception 0: java.util.concurrent.ExecutionException: org.apache.ratis.thirdparty.io.grpc.StatusRuntimeException: UNAVAILABLE: io exception
2025-09-13 17:33:38,034 [9e23e878-9bb3-42b5-8b94-e0e229812e65@group-D5D0288CE997-LeaderElection237] INFO  impl.LeaderElection (LogUtils.java:infoOrTrace(142)) -   Exception 1: java.util.concurrent.ExecutionException: org.apache.ratis.thirdparty.io.grpc.StatusRuntimeException: UNAVAILABLE: io exception
2025-09-13 17:33:38,034 [9e23e878-9bb3-42b5-8b94-e0e229812e65@group-D5D0288CE997-LeaderElection237] INFO  impl.LeaderElection (LeaderElection.java:askForVotes(450)) - 9e23e878-9bb3-42b5-8b94-e0e229812e65@group-D5D0288CE997-LeaderElection237 PRE_VOTE round 0: result REJECTED
2025-09-13 17:33:38,034 [9e23e878-9bb3-42b5-8b94-e0e229812e65@group-D5D0288CE997-LeaderElection237] INFO  server.RaftServer$Division (RaftServerImpl.java:setRole(392)) - 9e23e878-9bb3-42b5-8b94-e0e229812e65@group-D5D0288CE997: changes role from CANDIDATE to FOLLOWER at term 2 for REJECTED
2025-09-13 17:33:38,034 [9e23e878-9bb3-42b5-8b94-e0e229812e65@group-D5D0288CE997-LeaderElection237] INFO  impl.RoleInfo (RoleInfo.java:shutdownLeaderElection(141)) - 9e23e878-9bb3-42b5-8b94-e0e229812e65: shutdown 9e23e878-9bb3-42b5-8b94-e0e229812e65@group-D5D0288CE997-LeaderElection237
2025-09-13 17:33:38,034 [9e23e878-9bb3-42b5-8b94-e0e229812e65@group-D5D0288CE997-LeaderElection237] INFO  impl.RoleInfo (RoleInfo.java:updateAndGet(148)) - 9e23e878-9bb3-42b5-8b94-e0e229812e65: start 9e23e878-9bb3-42b5-8b94-e0e229812e65@group-D5D0288CE997-FollowerState
2025-09-13 17:33:39,073 [9e23e878-9bb3-42b5-8b94-e0e229812e65@group-CF05563D4821-FollowerState] INFO  impl.FollowerState (FollowerState.java:runImpl(161)) - 9e23e878-9bb3-42b5-8b94-e0e229812e65@group-CF05563D4821-FollowerState: change to CANDIDATE, lastRpcElapsedTime:1079381197ns, electionTimeout:1079ms
2025-09-13 17:33:39,074 [9e23e878-9bb3-42b5-8b94-e0e229812e65@group-CF05563D4821-FollowerState] INFO  impl.RoleInfo (RoleInfo.java:shutdownFollowerState(121)) - 9e23e878-9bb3-42b5-8b94-e0e229812e65: shutdown 9e23e878-9bb3-42b5-8b94-e0e229812e65@group-CF05563D4821-FollowerState
2025-09-13 17:33:39,074 [9e23e878-9bb3-42b5-8b94-e0e229812e65@group-CF05563D4821-FollowerState] INFO  server.RaftServer$Division (RaftServerImpl.java:setRole(392)) - 9e23e878-9bb3-42b5-8b94-e0e229812e65@group-CF05563D4821: changes role from  FOLLOWER to CANDIDATE at term 5 for changeToCandidate
2025-09-13 17:33:39,074 [9e23e878-9bb3-42b5-8b94-e0e229812e65@group-CF05563D4821-FollowerState] INFO  impl.RoleInfo (RoleInfo.java:updateAndGet(148)) - 9e23e878-9bb3-42b5-8b94-e0e229812e65: start 9e23e878-9bb3-42b5-8b94-e0e229812e65@group-CF05563D4821-LeaderElection238
2025-09-13 17:33:39,074 [9e23e878-9bb3-42b5-8b94-e0e229812e65@group-CF05563D4821-LeaderElection238] INFO  impl.LeaderElection (LeaderElection.java:askForVotes(448)) - 9e23e878-9bb3-42b5-8b94-e0e229812e65@group-CF05563D4821-LeaderElection238 PRE_VOTE round 0: submit vote requests at term 5 for conf: {index: 7, cur=peers:[9e23e878-9bb3-42b5-8b94-e0e229812e65|127.0.0.1:15023, 13facd30-3950-4310-8b1a-93d004abbbdd|127.0.0.1:15031, 36d876fb-a458-4393-963b-58eeedb8ba95|127.0.0.1:15015]|listeners:[], old=null}
2025-09-13 17:33:39,074 [9e23e878-9bb3-42b5-8b94-e0e229812e65@group-CF05563D4821-LeaderElection238] INFO  impl.LeaderElection (LogUtils.java:infoOrTrace(142)) - 9e23e878-9bb3-42b5-8b94-e0e229812e65@group-CF05563D4821-LeaderElection238 got exception when requesting votes: java.util.concurrent.ExecutionException: org.apache.ratis.thirdparty.io.grpc.StatusRuntimeException: UNAVAILABLE: io exception
2025-09-13 17:33:39,074 [9e23e878-9bb3-42b5-8b94-e0e229812e65@group-CF05563D4821-LeaderElection238] INFO  impl.LeaderElection (LogUtils.java:infoOrTrace(142)) - 9e23e878-9bb3-42b5-8b94-e0e229812e65@group-CF05563D4821-LeaderElection238 got exception when requesting votes: java.util.concurrent.ExecutionException: org.apache.ratis.thirdparty.io.grpc.StatusRuntimeException: UNAVAILABLE: io exception
2025-09-13 17:33:39,075 [9e23e878-9bb3-42b5-8b94-e0e229812e65@group-CF05563D4821-LeaderElection238] INFO  impl.LeaderElection (LeaderElection.java:logAndReturn(206)) - 9e23e878-9bb3-42b5-8b94-e0e229812e65@group-CF05563D4821-LeaderElection238: PRE_VOTE REJECTED received 0 response(s) and 2 exception(s):
2025-09-13 17:33:39,075 [9e23e878-9bb3-42b5-8b94-e0e229812e65@group-CF05563D4821-LeaderElection238] INFO  impl.LeaderElection (LogUtils.java:infoOrTrace(142)) -   Exception 0: java.util.concurrent.ExecutionException: org.apache.ratis.thirdparty.io.grpc.StatusRuntimeException: UNAVAILABLE: io exception
2025-09-13 17:33:39,075 [9e23e878-9bb3-42b5-8b94-e0e229812e65@group-CF05563D4821-LeaderElection238] INFO  impl.LeaderElection (LogUtils.java:infoOrTrace(142)) -   Exception 1: java.util.concurrent.ExecutionException: org.apache.ratis.thirdparty.io.grpc.StatusRuntimeException: UNAVAILABLE: io exception
2025-09-13 17:33:39,075 [9e23e878-9bb3-42b5-8b94-e0e229812e65@group-CF05563D4821-LeaderElection238] INFO  impl.LeaderElection (LeaderElection.java:askForVotes(450)) - 9e23e878-9bb3-42b5-8b94-e0e229812e65@group-CF05563D4821-LeaderElection238 PRE_VOTE round 0: result REJECTED
2025-09-13 17:33:39,075 [9e23e878-9bb3-42b5-8b94-e0e229812e65@group-CF05563D4821-LeaderElection238] INFO  server.RaftServer$Division (RaftServerImpl.java:setRole(392)) - 9e23e878-9bb3-42b5-8b94-e0e229812e65@group-CF05563D4821: changes role from CANDIDATE to FOLLOWER at term 5 for REJECTED
2025-09-13 17:33:39,075 [9e23e878-9bb3-42b5-8b94-e0e229812e65@group-CF05563D4821-LeaderElection238] INFO  impl.RoleInfo (RoleInfo.java:shutdownLeaderElection(141)) - 9e23e878-9bb3-42b5-8b94-e0e229812e65: shutdown 9e23e878-9bb3-42b5-8b94-e0e229812e65@group-CF05563D4821-LeaderElection238
2025-09-13 17:33:39,075 [9e23e878-9bb3-42b5-8b94-e0e229812e65@group-CF05563D4821-LeaderElection238] INFO  impl.RoleInfo (RoleInfo.java:updateAndGet(148)) - 9e23e878-9bb3-42b5-8b94-e0e229812e65: start 9e23e878-9bb3-42b5-8b94-e0e229812e65@group-CF05563D4821-FollowerState
2025-09-13 17:33:39,116 [9e23e878-9bb3-42b5-8b94-e0e229812e65@group-D5D0288CE997-FollowerState] INFO  impl.FollowerState (FollowerState.java:runImpl(161)) - 9e23e878-9bb3-42b5-8b94-e0e229812e65@group-D5D0288CE997-FollowerState: change to CANDIDATE, lastRpcElapsedTime:1082317398ns, electionTimeout:1082ms
2025-09-13 17:33:39,116 [9e23e878-9bb3-42b5-8b94-e0e229812e65@group-D5D0288CE997-FollowerState] INFO  impl.RoleInfo (RoleInfo.java:shutdownFollowerState(121)) - 9e23e878-9bb3-42b5-8b94-e0e229812e65: shutdown 9e23e878-9bb3-42b5-8b94-e0e229812e65@group-D5D0288CE997-FollowerState
2025-09-13 17:33:39,116 [9e23e878-9bb3-42b5-8b94-e0e229812e65@group-D5D0288CE997-FollowerState] INFO  server.RaftServer$Division (RaftServerImpl.java:setRole(392)) - 9e23e878-9bb3-42b5-8b94-e0e229812e65@group-D5D0288CE997: changes role from  FOLLOWER to CANDIDATE at term 2 for changeToCandidate
2025-09-13 17:33:39,116 [9e23e878-9bb3-42b5-8b94-e0e229812e65@group-D5D0288CE997-FollowerState] INFO  impl.RoleInfo (RoleInfo.java:updateAndGet(148)) - 9e23e878-9bb3-42b5-8b94-e0e229812e65: start 9e23e878-9bb3-42b5-8b94-e0e229812e65@group-D5D0288CE997-LeaderElection239
2025-09-13 17:33:39,116 [9e23e878-9bb3-42b5-8b94-e0e229812e65@group-D5D0288CE997-LeaderElection239] INFO  impl.LeaderElection (LeaderElection.java:askForVotes(448)) - 9e23e878-9bb3-42b5-8b94-e0e229812e65@group-D5D0288CE997-LeaderElection239 PRE_VOTE round 0: submit vote requests at term 2 for conf: {index: 16, cur=peers:[9e23e878-9bb3-42b5-8b94-e0e229812e65|127.0.0.1:15023, 13facd30-3950-4310-8b1a-93d004abbbdd|127.0.0.1:15031, 36d876fb-a458-4393-963b-58eeedb8ba95|127.0.0.1:15015]|listeners:[], old=null}
2025-09-13 17:33:39,117 [9e23e878-9bb3-42b5-8b94-e0e229812e65@group-D5D0288CE997-LeaderElection239] INFO  impl.LeaderElection (LogUtils.java:infoOrTrace(142)) - 9e23e878-9bb3-42b5-8b94-e0e229812e65@group-D5D0288CE997-LeaderElection239 got exception when requesting votes: java.util.concurrent.ExecutionException: org.apache.ratis.thirdparty.io.grpc.StatusRuntimeException: UNAVAILABLE: io exception
2025-09-13 17:33:39,117 [9e23e878-9bb3-42b5-8b94-e0e229812e65@group-D5D0288CE997-LeaderElection239] INFO  impl.LeaderElection (LogUtils.java:infoOrTrace(142)) - 9e23e878-9bb3-42b5-8b94-e0e229812e65@group-D5D0288CE997-LeaderElection239 got exception when requesting votes: java.util.concurrent.ExecutionException: org.apache.ratis.thirdparty.io.grpc.StatusRuntimeException: UNAVAILABLE: io exception
2025-09-13 17:33:39,117 [9e23e878-9bb3-42b5-8b94-e0e229812e65@group-D5D0288CE997-LeaderElection239] INFO  impl.LeaderElection (LeaderElection.java:logAndReturn(206)) - 9e23e878-9bb3-42b5-8b94-e0e229812e65@group-D5D0288CE997-LeaderElection239: PRE_VOTE REJECTED received 0 response(s) and 2 exception(s):
2025-09-13 17:33:39,117 [9e23e878-9bb3-42b5-8b94-e0e229812e65@group-D5D0288CE997-LeaderElection239] INFO  impl.LeaderElection (LogUtils.java:infoOrTrace(142)) -   Exception 0: java.util.concurrent.ExecutionException: org.apache.ratis.thirdparty.io.grpc.StatusRuntimeException: UNAVAILABLE: io exception
2025-09-13 17:33:39,117 [9e23e878-9bb3-42b5-8b94-e0e229812e65@group-D5D0288CE997-LeaderElection239] INFO  impl.LeaderElection (LogUtils.java:infoOrTrace(142)) -   Exception 1: java.util.concurrent.ExecutionException: org.apache.ratis.thirdparty.io.grpc.StatusRuntimeException: UNAVAILABLE: io exception
2025-09-13 17:33:39,117 [9e23e878-9bb3-42b5-8b94-e0e229812e65@group-D5D0288CE997-LeaderElection239] INFO  impl.LeaderElection (LeaderElection.java:askForVotes(450)) - 9e23e878-9bb3-42b5-8b94-e0e229812e65@group-D5D0288CE997-LeaderElection239 PRE_VOTE round 0: result REJECTED
2025-09-13 17:33:39,117 [9e23e878-9bb3-42b5-8b94-e0e229812e65@group-D5D0288CE997-LeaderElection239] INFO  server.RaftServer$Division (RaftServerImpl.java:setRole(392)) - 9e23e878-9bb3-42b5-8b94-e0e229812e65@group-D5D0288CE997: changes role from CANDIDATE to FOLLOWER at term 2 for REJECTED
2025-09-13 17:33:39,117 [9e23e878-9bb3-42b5-8b94-e0e229812e65@group-D5D0288CE997-LeaderElection239] INFO  impl.RoleInfo (RoleInfo.java:shutdownLeaderElection(141)) - 9e23e878-9bb3-42b5-8b94-e0e229812e65: shutdown 9e23e878-9bb3-42b5-8b94-e0e229812e65@group-D5D0288CE997-LeaderElection239
2025-09-13 17:33:39,117 [9e23e878-9bb3-42b5-8b94-e0e229812e65@group-D5D0288CE997-LeaderElection239] INFO  impl.RoleInfo (RoleInfo.java:updateAndGet(148)) - 9e23e878-9bb3-42b5-8b94-e0e229812e65: start 9e23e878-9bb3-42b5-8b94-e0e229812e65@group-D5D0288CE997-FollowerState
2025-09-13 17:33:39,902 [grpc-default-executor-11] ERROR impl.OrderedAsync (OrderedAsync.java:lambda$null$6(215)) -  client-6B3875304329: Failed* RaftClientRequest:client-6B3875304329->13facd30-3950-4310-8b1a-93d004abbbdd@group-D5D0288CE997, cid=61, seq=6*, RW, cmdType: WriteChunk
traceID: ""
containerID: 5
datanodeUuid: "13facd30-3950-4310-8b1a-93d004abbbdd"
writeChunk {
  blockID {
    containerID: 5
    localID: 115816896921600008
    blockCommitSequenceId: 21
    replicaIndex: 0
  }
  chunkData {
    chunkName: "115816896921600008_chunk_3"
    offset: 2097152
    len: 524288
    checksumData {
      type: CRC32
      bytesPerChecksum: 16384
      checksums: "\326\360U\321"
      checksums: "\326\360U\321"
      checksums: "\326\360U\321"
      checksums: "\326\360U\321"
      checksums: "\326\360U\321"
      checksums: "\326\360U\321"
      checksums: "\326\360U\321"
      checksums: "\326\360U\321"
      checksums: "\326\360U\321"
      checksums: "\326\360U\321"
      checksums: "\326\360U\321"
      checksums: "\326\360U\321"
      checksums: "\326\360U\321"
      checksums: "\326\360U\321"
      checksums: "\326\360U\321"
      checksums: "\326\360U\321"
      checksums: "\326\360U\321"
      checksums: "\326\360U\321"
      checksums: "\326\360U\321"
      checksums: "\326\360U\321"
      checksums: "\326\360U\321"
      checksums: "\326\360U\321"
      checksums: "\326\360U\321"
      checksums: "\326\360U\321"
      checksums: "\326\360U\321"
      checksums: "\326\360U\321"
      checksums: "\326\360U\321"
      checksums: "\326\360U\321"
      checksums: "\326\360U\321"
      checksums: "\326\360U\321"
      checksums: "\326\360U\321"
      checksums: "\277r/p"
    }
  }
}
version: 3
, data.size=524288
java.util.concurrent.CompletionException: java.io.IOException: org.apache.ratis.thirdparty.io.grpc.StatusRuntimeException: UNAVAILABLE: io exception
	at java.base/java.util.concurrent.CompletableFuture.encodeThrowable(CompletableFuture.java:332)
	at java.base/java.util.concurrent.CompletableFuture.completeThrowable(CompletableFuture.java:347)
	at java.base/java.util.concurrent.CompletableFuture$UniAccept.tryFire(CompletableFuture.java:708)
	at java.base/java.util.concurrent.CompletableFuture.postComplete(CompletableFuture.java:510)
	at java.base/java.util.concurrent.CompletableFuture.completeExceptionally(CompletableFuture.java:2194)
	at org.apache.ratis.grpc.client.GrpcClientProtocolClient$AsyncStreamObservers.completeReplyExceptionally(GrpcClientProtocolClient.java:397)
	at org.apache.ratis.grpc.client.GrpcClientProtocolClient$AsyncStreamObservers.access$000(GrpcClientProtocolClient.java:303)
	at org.apache.ratis.grpc.client.GrpcClientProtocolClient$AsyncStreamObservers$1.onError(GrpcClientProtocolClient.java:334)
	at org.apache.ratis.thirdparty.io.grpc.stub.ClientCalls$StreamObserverToCallListenerAdapter.onClose(ClientCalls.java:564)
	at org.apache.ratis.thirdparty.io.grpc.PartialForwardingClientCallListener.onClose(PartialForwardingClientCallListener.java:39)
	at org.apache.ratis.thirdparty.io.grpc.ForwardingClientCallListener.onClose(ForwardingClientCallListener.java:23)
	at org.apache.ratis.grpc.metrics.intercept.client.MetricClientCallListener.onClose(MetricClientCallListener.java:47)
	at org.apache.ratis.thirdparty.io.grpc.internal.ClientCallImpl.closeObserver(ClientCallImpl.java:565)
	at org.apache.ratis.thirdparty.io.grpc.internal.ClientCallImpl.access$100(ClientCallImpl.java:72)
	at org.apache.ratis.thirdparty.io.grpc.internal.ClientCallImpl$ClientStreamListenerImpl$1StreamClosed.runInternal(ClientCallImpl.java:733)
	at org.apache.ratis.thirdparty.io.grpc.internal.ClientCallImpl$ClientStreamListenerImpl$1StreamClosed.runInContext(ClientCallImpl.java:714)
	at org.apache.ratis.thirdparty.io.grpc.internal.ContextRunnable.run(ContextRunnable.java:37)
	at org.apache.ratis.thirdparty.io.grpc.internal.SerializingExecutor.run(SerializingExecutor.java:133)
	at java.base/java.util.concurrent.ThreadPoolExecutor.runWorker(ThreadPoolExecutor.java:1144)
	at java.base/java.util.concurrent.ThreadPoolExecutor$Worker.run(ThreadPoolExecutor.java:642)
	at java.base/java.lang.Thread.run(Thread.java:1583)
Caused by: java.io.IOException: org.apache.ratis.thirdparty.io.grpc.StatusRuntimeException: UNAVAILABLE: io exception
	at org.apache.ratis.grpc.GrpcUtil.unwrapException(GrpcUtil.java:99)
	at org.apache.ratis.grpc.GrpcUtil.unwrapIOException(GrpcUtil.java:159)
	at org.apache.ratis.grpc.client.GrpcClientProtocolClient$AsyncStreamObservers$1.onError(GrpcClientProtocolClient.java:333)
	... 13 more
Caused by: org.apache.ratis.thirdparty.io.grpc.StatusRuntimeException: UNAVAILABLE: io exception
	at org.apache.ratis.thirdparty.io.grpc.Status.asRuntimeException(Status.java:532)
	... 13 more
Caused by: org.apache.ratis.thirdparty.io.netty.channel.AbstractChannel$AnnotatedConnectException: finishConnect(..) failed: Connection refused: /127.0.0.1:15029
Caused by: java.net.ConnectException: finishConnect(..) failed: Connection refused
	at org.apache.ratis.thirdparty.io.netty.channel.unix.Errors.newConnectException0(Errors.java:166)
	at org.apache.ratis.thirdparty.io.netty.channel.unix.Errors.handleConnectErrno(Errors.java:131)
	at org.apache.ratis.thirdparty.io.netty.channel.unix.Socket.finishConnect(Socket.java:359)
	at org.apache.ratis.thirdparty.io.netty.channel.epoll.AbstractEpollChannel$AbstractEpollUnsafe.doFinishConnect(AbstractEpollChannel.java:715)
	at org.apache.ratis.thirdparty.io.netty.channel.epoll.AbstractEpollChannel$AbstractEpollUnsafe.finishConnect(AbstractEpollChannel.java:692)
	at org.apache.ratis.thirdparty.io.netty.channel.epoll.AbstractEpollChannel$AbstractEpollUnsafe.epollOutReady(AbstractEpollChannel.java:567)
	at org.apache.ratis.thirdparty.io.netty.channel.epoll.EpollEventLoop.processReady(EpollEventLoop.java:491)
	at org.apache.ratis.thirdparty.io.netty.channel.epoll.EpollEventLoop.run(EpollEventLoop.java:399)
	at org.apache.ratis.thirdparty.io.netty.util.concurrent.SingleThreadEventExecutor$4.run(SingleThreadEventExecutor.java:998)
	at org.apache.ratis.thirdparty.io.netty.util.internal.ThreadExecutorMap$2.run(ThreadExecutorMap.java:74)
	at org.apache.ratis.thirdparty.io.netty.util.concurrent.FastThreadLocalRunnable.run(FastThreadLocalRunnable.java:30)
	at java.base/java.lang.Thread.run(Thread.java:1583)
2025-09-13 17:33:40,160 [9e23e878-9bb3-42b5-8b94-e0e229812e65@group-D5D0288CE997-FollowerState] INFO  impl.FollowerState (FollowerState.java:runImpl(161)) - 9e23e878-9bb3-42b5-8b94-e0e229812e65@group-D5D0288CE997-FollowerState: change to CANDIDATE, lastRpcElapsedTime:1043312705ns, electionTimeout:1043ms
2025-09-13 17:33:40,160 [9e23e878-9bb3-42b5-8b94-e0e229812e65@group-D5D0288CE997-FollowerState] INFO  impl.RoleInfo (RoleInfo.java:shutdownFollowerState(121)) - 9e23e878-9bb3-42b5-8b94-e0e229812e65: shutdown 9e23e878-9bb3-42b5-8b94-e0e229812e65@group-D5D0288CE997-FollowerState
2025-09-13 17:33:40,160 [9e23e878-9bb3-42b5-8b94-e0e229812e65@group-D5D0288CE997-FollowerState] INFO  server.RaftServer$Division (RaftServerImpl.java:setRole(392)) - 9e23e878-9bb3-42b5-8b94-e0e229812e65@group-D5D0288CE997: changes role from  FOLLOWER to CANDIDATE at term 2 for changeToCandidate
2025-09-13 17:33:40,161 [9e23e878-9bb3-42b5-8b94-e0e229812e65@group-D5D0288CE997-FollowerState] INFO  impl.RoleInfo (RoleInfo.java:updateAndGet(148)) - 9e23e878-9bb3-42b5-8b94-e0e229812e65: start 9e23e878-9bb3-42b5-8b94-e0e229812e65@group-D5D0288CE997-LeaderElection240
2025-09-13 17:33:40,161 [9e23e878-9bb3-42b5-8b94-e0e229812e65@group-D5D0288CE997-LeaderElection240] INFO  impl.LeaderElection (LeaderElection.java:askForVotes(448)) - 9e23e878-9bb3-42b5-8b94-e0e229812e65@group-D5D0288CE997-LeaderElection240 PRE_VOTE round 0: submit vote requests at term 2 for conf: {index: 16, cur=peers:[9e23e878-9bb3-42b5-8b94-e0e229812e65|127.0.0.1:15023, 13facd30-3950-4310-8b1a-93d004abbbdd|127.0.0.1:15031, 36d876fb-a458-4393-963b-58eeedb8ba95|127.0.0.1:15015]|listeners:[], old=null}
2025-09-13 17:33:40,161 [9e23e878-9bb3-42b5-8b94-e0e229812e65@group-D5D0288CE997-LeaderElection240] INFO  impl.LeaderElection (LogUtils.java:infoOrTrace(142)) - 9e23e878-9bb3-42b5-8b94-e0e229812e65@group-D5D0288CE997-LeaderElection240 got exception when requesting votes: java.util.concurrent.ExecutionException: org.apache.ratis.thirdparty.io.grpc.StatusRuntimeException: UNAVAILABLE: io exception
2025-09-13 17:33:40,161 [9e23e878-9bb3-42b5-8b94-e0e229812e65@group-D5D0288CE997-LeaderElection240] INFO  impl.LeaderElection (LogUtils.java:infoOrTrace(142)) - 9e23e878-9bb3-42b5-8b94-e0e229812e65@group-D5D0288CE997-LeaderElection240 got exception when requesting votes: java.util.concurrent.ExecutionException: org.apache.ratis.thirdparty.io.grpc.StatusRuntimeException: UNAVAILABLE: io exception
2025-09-13 17:33:40,161 [9e23e878-9bb3-42b5-8b94-e0e229812e65@group-D5D0288CE997-LeaderElection240] INFO  impl.LeaderElection (LeaderElection.java:logAndReturn(206)) - 9e23e878-9bb3-42b5-8b94-e0e229812e65@group-D5D0288CE997-LeaderElection240: PRE_VOTE REJECTED received 0 response(s) and 2 exception(s):
2025-09-13 17:33:40,161 [9e23e878-9bb3-42b5-8b94-e0e229812e65@group-D5D0288CE997-LeaderElection240] INFO  impl.LeaderElection (LogUtils.java:infoOrTrace(142)) -   Exception 0: java.util.concurrent.ExecutionException: org.apache.ratis.thirdparty.io.grpc.StatusRuntimeException: UNAVAILABLE: io exception
2025-09-13 17:33:40,161 [9e23e878-9bb3-42b5-8b94-e0e229812e65@group-D5D0288CE997-LeaderElection240] INFO  impl.LeaderElection (LogUtils.java:infoOrTrace(142)) -   Exception 1: java.util.concurrent.ExecutionException: org.apache.ratis.thirdparty.io.grpc.StatusRuntimeException: UNAVAILABLE: io exception
2025-09-13 17:33:40,161 [9e23e878-9bb3-42b5-8b94-e0e229812e65@group-D5D0288CE997-LeaderElection240] INFO  impl.LeaderElection (LeaderElection.java:askForVotes(450)) - 9e23e878-9bb3-42b5-8b94-e0e229812e65@group-D5D0288CE997-LeaderElection240 PRE_VOTE round 0: result REJECTED
2025-09-13 17:33:40,162 [9e23e878-9bb3-42b5-8b94-e0e229812e65@group-D5D0288CE997-LeaderElection240] INFO  server.RaftServer$Division (RaftServerImpl.java:setRole(392)) - 9e23e878-9bb3-42b5-8b94-e0e229812e65@group-D5D0288CE997: changes role from CANDIDATE to FOLLOWER at term 2 for REJECTED
2025-09-13 17:33:40,162 [9e23e878-9bb3-42b5-8b94-e0e229812e65@group-D5D0288CE997-LeaderElection240] INFO  impl.RoleInfo (RoleInfo.java:shutdownLeaderElection(141)) - 9e23e878-9bb3-42b5-8b94-e0e229812e65: shutdown 9e23e878-9bb3-42b5-8b94-e0e229812e65@group-D5D0288CE997-LeaderElection240
2025-09-13 17:33:40,162 [9e23e878-9bb3-42b5-8b94-e0e229812e65@group-D5D0288CE997-LeaderElection240] INFO  impl.RoleInfo (RoleInfo.java:updateAndGet(148)) - 9e23e878-9bb3-42b5-8b94-e0e229812e65: start 9e23e878-9bb3-42b5-8b94-e0e229812e65@group-D5D0288CE997-FollowerState
2025-09-13 17:33:40,178 [9e23e878-9bb3-42b5-8b94-e0e229812e65@group-CF05563D4821-FollowerState] INFO  impl.FollowerState (FollowerState.java:runImpl(161)) - 9e23e878-9bb3-42b5-8b94-e0e229812e65@group-CF05563D4821-FollowerState: change to CANDIDATE, lastRpcElapsedTime:1103241642ns, electionTimeout:1103ms
2025-09-13 17:33:40,178 [9e23e878-9bb3-42b5-8b94-e0e229812e65@group-CF05563D4821-FollowerState] INFO  impl.RoleInfo (RoleInfo.java:shutdownFollowerState(121)) - 9e23e878-9bb3-42b5-8b94-e0e229812e65: shutdown 9e23e878-9bb3-42b5-8b94-e0e229812e65@group-CF05563D4821-FollowerState
2025-09-13 17:33:40,178 [9e23e878-9bb3-42b5-8b94-e0e229812e65@group-CF05563D4821-FollowerState] INFO  server.RaftServer$Division (RaftServerImpl.java:setRole(392)) - 9e23e878-9bb3-42b5-8b94-e0e229812e65@group-CF05563D4821: changes role from  FOLLOWER to CANDIDATE at term 5 for changeToCandidate
2025-09-13 17:33:40,178 [9e23e878-9bb3-42b5-8b94-e0e229812e65@group-CF05563D4821-FollowerState] INFO  impl.RoleInfo (RoleInfo.java:updateAndGet(148)) - 9e23e878-9bb3-42b5-8b94-e0e229812e65: start 9e23e878-9bb3-42b5-8b94-e0e229812e65@group-CF05563D4821-LeaderElection241
2025-09-13 17:33:40,178 [9e23e878-9bb3-42b5-8b94-e0e229812e65@group-CF05563D4821-LeaderElection241] INFO  impl.LeaderElection (LeaderElection.java:askForVotes(448)) - 9e23e878-9bb3-42b5-8b94-e0e229812e65@group-CF05563D4821-LeaderElection241 PRE_VOTE round 0: submit vote requests at term 5 for conf: {index: 7, cur=peers:[9e23e878-9bb3-42b5-8b94-e0e229812e65|127.0.0.1:15023, 13facd30-3950-4310-8b1a-93d004abbbdd|127.0.0.1:15031, 36d876fb-a458-4393-963b-58eeedb8ba95|127.0.0.1:15015]|listeners:[], old=null}
2025-09-13 17:33:40,179 [9e23e878-9bb3-42b5-8b94-e0e229812e65@group-CF05563D4821-LeaderElection241] INFO  impl.LeaderElection (LogUtils.java:infoOrTrace(142)) - 9e23e878-9bb3-42b5-8b94-e0e229812e65@group-CF05563D4821-LeaderElection241 got exception when requesting votes: java.util.concurrent.ExecutionException: org.apache.ratis.thirdparty.io.grpc.StatusRuntimeException: UNAVAILABLE: io exception
2025-09-13 17:33:40,179 [9e23e878-9bb3-42b5-8b94-e0e229812e65@group-CF05563D4821-LeaderElection241] INFO  impl.LeaderElection (LogUtils.java:infoOrTrace(142)) - 9e23e878-9bb3-42b5-8b94-e0e229812e65@group-CF05563D4821-LeaderElection241 got exception when requesting votes: java.util.concurrent.ExecutionException: org.apache.ratis.thirdparty.io.grpc.StatusRuntimeException: UNAVAILABLE: io exception
2025-09-13 17:33:40,179 [9e23e878-9bb3-42b5-8b94-e0e229812e65@group-CF05563D4821-LeaderElection241] INFO  impl.LeaderElection (LeaderElection.java:logAndReturn(206)) - 9e23e878-9bb3-42b5-8b94-e0e229812e65@group-CF05563D4821-LeaderElection241: PRE_VOTE REJECTED received 0 response(s) and 2 exception(s):
2025-09-13 17:33:40,179 [9e23e878-9bb3-42b5-8b94-e0e229812e65@group-CF05563D4821-LeaderElection241] INFO  impl.LeaderElection (LogUtils.java:infoOrTrace(142)) -   Exception 0: java.util.concurrent.ExecutionException: org.apache.ratis.thirdparty.io.grpc.StatusRuntimeException: UNAVAILABLE: io exception
2025-09-13 17:33:40,179 [9e23e878-9bb3-42b5-8b94-e0e229812e65@group-CF05563D4821-LeaderElection241] INFO  impl.LeaderElection (LogUtils.java:infoOrTrace(142)) -   Exception 1: java.util.concurrent.ExecutionException: org.apache.ratis.thirdparty.io.grpc.StatusRuntimeException: UNAVAILABLE: io exception
2025-09-13 17:33:40,179 [9e23e878-9bb3-42b5-8b94-e0e229812e65@group-CF05563D4821-LeaderElection241] INFO  impl.LeaderElection (LeaderElection.java:askForVotes(450)) - 9e23e878-9bb3-42b5-8b94-e0e229812e65@group-CF05563D4821-LeaderElection241 PRE_VOTE round 0: result REJECTED
2025-09-13 17:33:40,179 [9e23e878-9bb3-42b5-8b94-e0e229812e65@group-CF05563D4821-LeaderElection241] INFO  server.RaftServer$Division (RaftServerImpl.java:setRole(392)) - 9e23e878-9bb3-42b5-8b94-e0e229812e65@group-CF05563D4821: changes role from CANDIDATE to FOLLOWER at term 5 for REJECTED
2025-09-13 17:33:40,179 [9e23e878-9bb3-42b5-8b94-e0e229812e65@group-CF05563D4821-LeaderElection241] INFO  impl.RoleInfo (RoleInfo.java:shutdownLeaderElection(141)) - 9e23e878-9bb3-42b5-8b94-e0e229812e65: shutdown 9e23e878-9bb3-42b5-8b94-e0e229812e65@group-CF05563D4821-LeaderElection241
2025-09-13 17:33:40,179 [9e23e878-9bb3-42b5-8b94-e0e229812e65@group-CF05563D4821-LeaderElection241] INFO  impl.RoleInfo (RoleInfo.java:updateAndGet(148)) - 9e23e878-9bb3-42b5-8b94-e0e229812e65: start 9e23e878-9bb3-42b5-8b94-e0e229812e65@group-CF05563D4821-FollowerState
2025-09-13 17:33:41,205 [9e23e878-9bb3-42b5-8b94-e0e229812e65@group-D5D0288CE997-FollowerState] INFO  impl.FollowerState (FollowerState.java:runImpl(161)) - 9e23e878-9bb3-42b5-8b94-e0e229812e65@group-D5D0288CE997-FollowerState: change to CANDIDATE, lastRpcElapsedTime:1043260666ns, electionTimeout:1043ms
2025-09-13 17:33:41,205 [9e23e878-9bb3-42b5-8b94-e0e229812e65@group-D5D0288CE997-FollowerState] INFO  impl.RoleInfo (RoleInfo.java:shutdownFollowerState(121)) - 9e23e878-9bb3-42b5-8b94-e0e229812e65: shutdown 9e23e878-9bb3-42b5-8b94-e0e229812e65@group-D5D0288CE997-FollowerState
2025-09-13 17:33:41,205 [9e23e878-9bb3-42b5-8b94-e0e229812e65@group-D5D0288CE997-FollowerState] INFO  server.RaftServer$Division (RaftServerImpl.java:setRole(392)) - 9e23e878-9bb3-42b5-8b94-e0e229812e65@group-D5D0288CE997: changes role from  FOLLOWER to CANDIDATE at term 2 for changeToCandidate
2025-09-13 17:33:41,205 [9e23e878-9bb3-42b5-8b94-e0e229812e65@group-D5D0288CE997-FollowerState] INFO  impl.RoleInfo (RoleInfo.java:updateAndGet(148)) - 9e23e878-9bb3-42b5-8b94-e0e229812e65: start 9e23e878-9bb3-42b5-8b94-e0e229812e65@group-D5D0288CE997-LeaderElection242
2025-09-13 17:33:41,205 [9e23e878-9bb3-42b5-8b94-e0e229812e65@group-D5D0288CE997-LeaderElection242] INFO  impl.LeaderElection (LeaderElection.java:askForVotes(448)) - 9e23e878-9bb3-42b5-8b94-e0e229812e65@group-D5D0288CE997-LeaderElection242 PRE_VOTE round 0: submit vote requests at term 2 for conf: {index: 16, cur=peers:[9e23e878-9bb3-42b5-8b94-e0e229812e65|127.0.0.1:15023, 13facd30-3950-4310-8b1a-93d004abbbdd|127.0.0.1:15031, 36d876fb-a458-4393-963b-58eeedb8ba95|127.0.0.1:15015]|listeners:[], old=null}
2025-09-13 17:33:41,206 [9e23e878-9bb3-42b5-8b94-e0e229812e65@group-D5D0288CE997-LeaderElection242] INFO  impl.LeaderElection (LogUtils.java:infoOrTrace(142)) - 9e23e878-9bb3-42b5-8b94-e0e229812e65@group-D5D0288CE997-LeaderElection242 got exception when requesting votes: java.util.concurrent.ExecutionException: org.apache.ratis.thirdparty.io.grpc.StatusRuntimeException: UNAVAILABLE: io exception
2025-09-13 17:33:41,206 [9e23e878-9bb3-42b5-8b94-e0e229812e65@group-D5D0288CE997-LeaderElection242] INFO  impl.LeaderElection (LogUtils.java:infoOrTrace(142)) - 9e23e878-9bb3-42b5-8b94-e0e229812e65@group-D5D0288CE997-LeaderElection242 got exception when requesting votes: java.util.concurrent.ExecutionException: org.apache.ratis.thirdparty.io.grpc.StatusRuntimeException: UNAVAILABLE: io exception
2025-09-13 17:33:41,206 [9e23e878-9bb3-42b5-8b94-e0e229812e65@group-D5D0288CE997-LeaderElection242] INFO  impl.LeaderElection (LeaderElection.java:logAndReturn(206)) - 9e23e878-9bb3-42b5-8b94-e0e229812e65@group-D5D0288CE997-LeaderElection242: PRE_VOTE REJECTED received 0 response(s) and 2 exception(s):
2025-09-13 17:33:41,206 [9e23e878-9bb3-42b5-8b94-e0e229812e65@group-D5D0288CE997-LeaderElection242] INFO  impl.LeaderElection (LogUtils.java:infoOrTrace(142)) -   Exception 0: java.util.concurrent.ExecutionException: org.apache.ratis.thirdparty.io.grpc.StatusRuntimeException: UNAVAILABLE: io exception
2025-09-13 17:33:41,206 [9e23e878-9bb3-42b5-8b94-e0e229812e65@group-D5D0288CE997-LeaderElection242] INFO  impl.LeaderElection (LogUtils.java:infoOrTrace(142)) -   Exception 1: java.util.concurrent.ExecutionException: org.apache.ratis.thirdparty.io.grpc.StatusRuntimeException: UNAVAILABLE: io exception
2025-09-13 17:33:41,206 [9e23e878-9bb3-42b5-8b94-e0e229812e65@group-D5D0288CE997-LeaderElection242] INFO  impl.LeaderElection (LeaderElection.java:askForVotes(450)) - 9e23e878-9bb3-42b5-8b94-e0e229812e65@group-D5D0288CE997-LeaderElection242 PRE_VOTE round 0: result REJECTED
2025-09-13 17:33:41,206 [9e23e878-9bb3-42b5-8b94-e0e229812e65@group-D5D0288CE997-LeaderElection242] INFO  server.RaftServer$Division (RaftServerImpl.java:setRole(392)) - 9e23e878-9bb3-42b5-8b94-e0e229812e65@group-D5D0288CE997: changes role from CANDIDATE to FOLLOWER at term 2 for REJECTED
2025-09-13 17:33:41,206 [9e23e878-9bb3-42b5-8b94-e0e229812e65@group-D5D0288CE997-LeaderElection242] INFO  impl.RoleInfo (RoleInfo.java:shutdownLeaderElection(141)) - 9e23e878-9bb3-42b5-8b94-e0e229812e65: shutdown 9e23e878-9bb3-42b5-8b94-e0e229812e65@group-D5D0288CE997-LeaderElection242
2025-09-13 17:33:41,206 [9e23e878-9bb3-42b5-8b94-e0e229812e65@group-D5D0288CE997-LeaderElection242] INFO  impl.RoleInfo (RoleInfo.java:updateAndGet(148)) - 9e23e878-9bb3-42b5-8b94-e0e229812e65: start 9e23e878-9bb3-42b5-8b94-e0e229812e65@group-D5D0288CE997-FollowerState
2025-09-13 17:33:41,236 [9e23e878-9bb3-42b5-8b94-e0e229812e65@group-CF05563D4821-FollowerState] INFO  impl.FollowerState (FollowerState.java:runImpl(161)) - 9e23e878-9bb3-42b5-8b94-e0e229812e65@group-CF05563D4821-FollowerState: change to CANDIDATE, lastRpcElapsedTime:1057291501ns, electionTimeout:1057ms
2025-09-13 17:33:41,236 [9e23e878-9bb3-42b5-8b94-e0e229812e65@group-CF05563D4821-FollowerState] INFO  impl.RoleInfo (RoleInfo.java:shutdownFollowerState(121)) - 9e23e878-9bb3-42b5-8b94-e0e229812e65: shutdown 9e23e878-9bb3-42b5-8b94-e0e229812e65@group-CF05563D4821-FollowerState
2025-09-13 17:33:41,236 [9e23e878-9bb3-42b5-8b94-e0e229812e65@group-CF05563D4821-FollowerState] INFO  server.RaftServer$Division (RaftServerImpl.java:setRole(392)) - 9e23e878-9bb3-42b5-8b94-e0e229812e65@group-CF05563D4821: changes role from  FOLLOWER to CANDIDATE at term 5 for changeToCandidate
2025-09-13 17:33:41,236 [9e23e878-9bb3-42b5-8b94-e0e229812e65@group-CF05563D4821-FollowerState] INFO  impl.RoleInfo (RoleInfo.java:updateAndGet(148)) - 9e23e878-9bb3-42b5-8b94-e0e229812e65: start 9e23e878-9bb3-42b5-8b94-e0e229812e65@group-CF05563D4821-LeaderElection243
2025-09-13 17:33:41,237 [9e23e878-9bb3-42b5-8b94-e0e229812e65@group-CF05563D4821-LeaderElection243] INFO  impl.LeaderElection (LeaderElection.java:askForVotes(448)) - 9e23e878-9bb3-42b5-8b94-e0e229812e65@group-CF05563D4821-LeaderElection243 PRE_VOTE round 0: submit vote requests at term 5 for conf: {index: 7, cur=peers:[9e23e878-9bb3-42b5-8b94-e0e229812e65|127.0.0.1:15023, 13facd30-3950-4310-8b1a-93d004abbbdd|127.0.0.1:15031, 36d876fb-a458-4393-963b-58eeedb8ba95|127.0.0.1:15015]|listeners:[], old=null}
2025-09-13 17:33:41,237 [9e23e878-9bb3-42b5-8b94-e0e229812e65@group-CF05563D4821-LeaderElection243] INFO  impl.LeaderElection (LogUtils.java:infoOrTrace(142)) - 9e23e878-9bb3-42b5-8b94-e0e229812e65@group-CF05563D4821-LeaderElection243 got exception when requesting votes: java.util.concurrent.ExecutionException: org.apache.ratis.thirdparty.io.grpc.StatusRuntimeException: UNAVAILABLE: io exception
2025-09-13 17:33:41,237 [9e23e878-9bb3-42b5-8b94-e0e229812e65@group-CF05563D4821-LeaderElection243] INFO  impl.LeaderElection (LogUtils.java:infoOrTrace(142)) - 9e23e878-9bb3-42b5-8b94-e0e229812e65@group-CF05563D4821-LeaderElection243 got exception when requesting votes: java.util.concurrent.ExecutionException: org.apache.ratis.thirdparty.io.grpc.StatusRuntimeException: UNAVAILABLE: io exception
2025-09-13 17:33:41,237 [9e23e878-9bb3-42b5-8b94-e0e229812e65@group-CF05563D4821-LeaderElection243] INFO  impl.LeaderElection (LeaderElection.java:logAndReturn(206)) - 9e23e878-9bb3-42b5-8b94-e0e229812e65@group-CF05563D4821-LeaderElection243: PRE_VOTE REJECTED received 0 response(s) and 2 exception(s):
2025-09-13 17:33:41,237 [9e23e878-9bb3-42b5-8b94-e0e229812e65@group-CF05563D4821-LeaderElection243] INFO  impl.LeaderElection (LogUtils.java:infoOrTrace(142)) -   Exception 0: java.util.concurrent.ExecutionException: org.apache.ratis.thirdparty.io.grpc.StatusRuntimeException: UNAVAILABLE: io exception
2025-09-13 17:33:41,237 [9e23e878-9bb3-42b5-8b94-e0e229812e65@group-CF05563D4821-LeaderElection243] INFO  impl.LeaderElection (LogUtils.java:infoOrTrace(142)) -   Exception 1: java.util.concurrent.ExecutionException: org.apache.ratis.thirdparty.io.grpc.StatusRuntimeException: UNAVAILABLE: io exception
2025-09-13 17:33:41,237 [9e23e878-9bb3-42b5-8b94-e0e229812e65@group-CF05563D4821-LeaderElection243] INFO  impl.LeaderElection (LeaderElection.java:askForVotes(450)) - 9e23e878-9bb3-42b5-8b94-e0e229812e65@group-CF05563D4821-LeaderElection243 PRE_VOTE round 0: result REJECTED
2025-09-13 17:33:41,237 [9e23e878-9bb3-42b5-8b94-e0e229812e65@group-CF05563D4821-LeaderElection243] INFO  server.RaftServer$Division (RaftServerImpl.java:setRole(392)) - 9e23e878-9bb3-42b5-8b94-e0e229812e65@group-CF05563D4821: changes role from CANDIDATE to FOLLOWER at term 5 for REJECTED
2025-09-13 17:33:41,237 [9e23e878-9bb3-42b5-8b94-e0e229812e65@group-CF05563D4821-LeaderElection243] INFO  impl.RoleInfo (RoleInfo.java:shutdownLeaderElection(141)) - 9e23e878-9bb3-42b5-8b94-e0e229812e65: shutdown 9e23e878-9bb3-42b5-8b94-e0e229812e65@group-CF05563D4821-LeaderElection243
2025-09-13 17:33:41,237 [9e23e878-9bb3-42b5-8b94-e0e229812e65@group-CF05563D4821-LeaderElection243] INFO  impl.RoleInfo (RoleInfo.java:updateAndGet(148)) - 9e23e878-9bb3-42b5-8b94-e0e229812e65: start 9e23e878-9bb3-42b5-8b94-e0e229812e65@group-CF05563D4821-FollowerState
2025-09-13 17:33:42,278 [9e23e878-9bb3-42b5-8b94-e0e229812e65@group-CF05563D4821-FollowerState] INFO  impl.FollowerState (FollowerState.java:runImpl(161)) - 9e23e878-9bb3-42b5-8b94-e0e229812e65@group-CF05563D4821-FollowerState: change to CANDIDATE, lastRpcElapsedTime:1040268124ns, electionTimeout:1040ms
2025-09-13 17:33:42,278 [9e23e878-9bb3-42b5-8b94-e0e229812e65@group-CF05563D4821-FollowerState] INFO  impl.RoleInfo (RoleInfo.java:shutdownFollowerState(121)) - 9e23e878-9bb3-42b5-8b94-e0e229812e65: shutdown 9e23e878-9bb3-42b5-8b94-e0e229812e65@group-CF05563D4821-FollowerState
2025-09-13 17:33:42,278 [9e23e878-9bb3-42b5-8b94-e0e229812e65@group-CF05563D4821-FollowerState] INFO  server.RaftServer$Division (RaftServerImpl.java:setRole(392)) - 9e23e878-9bb3-42b5-8b94-e0e229812e65@group-CF05563D4821: changes role from  FOLLOWER to CANDIDATE at term 5 for changeToCandidate
2025-09-13 17:33:42,278 [9e23e878-9bb3-42b5-8b94-e0e229812e65@group-CF05563D4821-FollowerState] INFO  impl.RoleInfo (RoleInfo.java:updateAndGet(148)) - 9e23e878-9bb3-42b5-8b94-e0e229812e65: start 9e23e878-9bb3-42b5-8b94-e0e229812e65@group-CF05563D4821-LeaderElection244
2025-09-13 17:33:42,278 [9e23e878-9bb3-42b5-8b94-e0e229812e65@group-CF05563D4821-LeaderElection244] INFO  impl.LeaderElection (LeaderElection.java:askForVotes(448)) - 9e23e878-9bb3-42b5-8b94-e0e229812e65@group-CF05563D4821-LeaderElection244 PRE_VOTE round 0: submit vote requests at term 5 for conf: {index: 7, cur=peers:[9e23e878-9bb3-42b5-8b94-e0e229812e65|127.0.0.1:15023, 13facd30-3950-4310-8b1a-93d004abbbdd|127.0.0.1:15031, 36d876fb-a458-4393-963b-58eeedb8ba95|127.0.0.1:15015]|listeners:[], old=null}
2025-09-13 17:33:42,279 [9e23e878-9bb3-42b5-8b94-e0e229812e65@group-CF05563D4821-LeaderElection244] INFO  impl.LeaderElection (LogUtils.java:infoOrTrace(142)) - 9e23e878-9bb3-42b5-8b94-e0e229812e65@group-CF05563D4821-LeaderElection244 got exception when requesting votes: java.util.concurrent.ExecutionException: org.apache.ratis.thirdparty.io.grpc.StatusRuntimeException: UNAVAILABLE: io exception
2025-09-13 17:33:42,279 [9e23e878-9bb3-42b5-8b94-e0e229812e65@group-CF05563D4821-LeaderElection244] INFO  impl.LeaderElection (LogUtils.java:infoOrTrace(142)) - 9e23e878-9bb3-42b5-8b94-e0e229812e65@group-CF05563D4821-LeaderElection244 got exception when requesting votes: java.util.concurrent.ExecutionException: org.apache.ratis.thirdparty.io.grpc.StatusRuntimeException: UNAVAILABLE: io exception
2025-09-13 17:33:42,279 [9e23e878-9bb3-42b5-8b94-e0e229812e65@group-CF05563D4821-LeaderElection244] INFO  impl.LeaderElection (LeaderElection.java:logAndReturn(206)) - 9e23e878-9bb3-42b5-8b94-e0e229812e65@group-CF05563D4821-LeaderElection244: PRE_VOTE REJECTED received 0 response(s) and 2 exception(s):
2025-09-13 17:33:42,279 [9e23e878-9bb3-42b5-8b94-e0e229812e65@group-CF05563D4821-LeaderElection244] INFO  impl.LeaderElection (LogUtils.java:infoOrTrace(142)) -   Exception 0: java.util.concurrent.ExecutionException: org.apache.ratis.thirdparty.io.grpc.StatusRuntimeException: UNAVAILABLE: io exception
2025-09-13 17:33:42,279 [9e23e878-9bb3-42b5-8b94-e0e229812e65@group-CF05563D4821-LeaderElection244] INFO  impl.LeaderElection (LogUtils.java:infoOrTrace(142)) -   Exception 1: java.util.concurrent.ExecutionException: org.apache.ratis.thirdparty.io.grpc.StatusRuntimeException: UNAVAILABLE: io exception
2025-09-13 17:33:42,279 [9e23e878-9bb3-42b5-8b94-e0e229812e65@group-CF05563D4821-LeaderElection244] INFO  impl.LeaderElection (LeaderElection.java:askForVotes(450)) - 9e23e878-9bb3-42b5-8b94-e0e229812e65@group-CF05563D4821-LeaderElection244 PRE_VOTE round 0: result REJECTED
2025-09-13 17:33:42,279 [9e23e878-9bb3-42b5-8b94-e0e229812e65@group-CF05563D4821-LeaderElection244] INFO  server.RaftServer$Division (RaftServerImpl.java:setRole(392)) - 9e23e878-9bb3-42b5-8b94-e0e229812e65@group-CF05563D4821: changes role from CANDIDATE to FOLLOWER at term 5 for REJECTED
2025-09-13 17:33:42,279 [9e23e878-9bb3-42b5-8b94-e0e229812e65@group-CF05563D4821-LeaderElection244] INFO  impl.RoleInfo (RoleInfo.java:shutdownLeaderElection(141)) - 9e23e878-9bb3-42b5-8b94-e0e229812e65: shutdown 9e23e878-9bb3-42b5-8b94-e0e229812e65@group-CF05563D4821-LeaderElection244
2025-09-13 17:33:42,279 [9e23e878-9bb3-42b5-8b94-e0e229812e65@group-CF05563D4821-LeaderElection244] INFO  impl.RoleInfo (RoleInfo.java:updateAndGet(148)) - 9e23e878-9bb3-42b5-8b94-e0e229812e65: start 9e23e878-9bb3-42b5-8b94-e0e229812e65@group-CF05563D4821-FollowerState
2025-09-13 17:33:42,407 [9e23e878-9bb3-42b5-8b94-e0e229812e65@group-D5D0288CE997-FollowerState] INFO  impl.FollowerState (FollowerState.java:runImpl(161)) - 9e23e878-9bb3-42b5-8b94-e0e229812e65@group-D5D0288CE997-FollowerState: change to CANDIDATE, lastRpcElapsedTime:1200238710ns, electionTimeout:1200ms
2025-09-13 17:33:42,407 [9e23e878-9bb3-42b5-8b94-e0e229812e65@group-D5D0288CE997-FollowerState] INFO  impl.RoleInfo (RoleInfo.java:shutdownFollowerState(121)) - 9e23e878-9bb3-42b5-8b94-e0e229812e65: shutdown 9e23e878-9bb3-42b5-8b94-e0e229812e65@group-D5D0288CE997-FollowerState
2025-09-13 17:33:42,407 [9e23e878-9bb3-42b5-8b94-e0e229812e65@group-D5D0288CE997-FollowerState] INFO  server.RaftServer$Division (RaftServerImpl.java:setRole(392)) - 9e23e878-9bb3-42b5-8b94-e0e229812e65@group-D5D0288CE997: changes role from  FOLLOWER to CANDIDATE at term 2 for changeToCandidate
2025-09-13 17:33:42,407 [9e23e878-9bb3-42b5-8b94-e0e229812e65@group-D5D0288CE997-FollowerState] INFO  impl.RoleInfo (RoleInfo.java:updateAndGet(148)) - 9e23e878-9bb3-42b5-8b94-e0e229812e65: start 9e23e878-9bb3-42b5-8b94-e0e229812e65@group-D5D0288CE997-LeaderElection245
2025-09-13 17:33:42,407 [9e23e878-9bb3-42b5-8b94-e0e229812e65@group-D5D0288CE997-LeaderElection245] INFO  impl.LeaderElection (LeaderElection.java:askForVotes(448)) - 9e23e878-9bb3-42b5-8b94-e0e229812e65@group-D5D0288CE997-LeaderElection245 PRE_VOTE round 0: submit vote requests at term 2 for conf: {index: 16, cur=peers:[9e23e878-9bb3-42b5-8b94-e0e229812e65|127.0.0.1:15023, 13facd30-3950-4310-8b1a-93d004abbbdd|127.0.0.1:15031, 36d876fb-a458-4393-963b-58eeedb8ba95|127.0.0.1:15015]|listeners:[], old=null}
2025-09-13 17:33:42,407 [9e23e878-9bb3-42b5-8b94-e0e229812e65@group-D5D0288CE997-LeaderElection245] INFO  impl.LeaderElection (LogUtils.java:infoOrTrace(142)) - 9e23e878-9bb3-42b5-8b94-e0e229812e65@group-D5D0288CE997-LeaderElection245 got exception when requesting votes: java.util.concurrent.ExecutionException: org.apache.ratis.thirdparty.io.grpc.StatusRuntimeException: UNAVAILABLE: io exception
2025-09-13 17:33:42,407 [9e23e878-9bb3-42b5-8b94-e0e229812e65@group-D5D0288CE997-LeaderElection245] INFO  impl.LeaderElection (LogUtils.java:infoOrTrace(142)) - 9e23e878-9bb3-42b5-8b94-e0e229812e65@group-D5D0288CE997-LeaderElection245 got exception when requesting votes: java.util.concurrent.ExecutionException: org.apache.ratis.thirdparty.io.grpc.StatusRuntimeException: UNAVAILABLE: io exception
2025-09-13 17:33:42,408 [9e23e878-9bb3-42b5-8b94-e0e229812e65@group-D5D0288CE997-LeaderElection245] INFO  impl.LeaderElection (LeaderElection.java:logAndReturn(206)) - 9e23e878-9bb3-42b5-8b94-e0e229812e65@group-D5D0288CE997-LeaderElection245: PRE_VOTE REJECTED received 0 response(s) and 2 exception(s):
2025-09-13 17:33:42,408 [9e23e878-9bb3-42b5-8b94-e0e229812e65@group-D5D0288CE997-LeaderElection245] INFO  impl.LeaderElection (LogUtils.java:infoOrTrace(142)) -   Exception 0: java.util.concurrent.ExecutionException: org.apache.ratis.thirdparty.io.grpc.StatusRuntimeException: UNAVAILABLE: io exception
2025-09-13 17:33:42,408 [9e23e878-9bb3-42b5-8b94-e0e229812e65@group-D5D0288CE997-LeaderElection245] INFO  impl.LeaderElection (LogUtils.java:infoOrTrace(142)) -   Exception 1: java.util.concurrent.ExecutionException: org.apache.ratis.thirdparty.io.grpc.StatusRuntimeException: UNAVAILABLE: io exception
2025-09-13 17:33:42,408 [9e23e878-9bb3-42b5-8b94-e0e229812e65@group-D5D0288CE997-LeaderElection245] INFO  impl.LeaderElection (LeaderElection.java:askForVotes(450)) - 9e23e878-9bb3-42b5-8b94-e0e229812e65@group-D5D0288CE997-LeaderElection245 PRE_VOTE round 0: result REJECTED
2025-09-13 17:33:42,408 [9e23e878-9bb3-42b5-8b94-e0e229812e65@group-D5D0288CE997-LeaderElection245] INFO  server.RaftServer$Division (RaftServerImpl.java:setRole(392)) - 9e23e878-9bb3-42b5-8b94-e0e229812e65@group-D5D0288CE997: changes role from CANDIDATE to FOLLOWER at term 2 for REJECTED
2025-09-13 17:33:42,408 [9e23e878-9bb3-42b5-8b94-e0e229812e65@group-D5D0288CE997-LeaderElection245] INFO  impl.RoleInfo (RoleInfo.java:shutdownLeaderElection(141)) - 9e23e878-9bb3-42b5-8b94-e0e229812e65: shutdown 9e23e878-9bb3-42b5-8b94-e0e229812e65@group-D5D0288CE997-LeaderElection245
2025-09-13 17:33:42,408 [9e23e878-9bb3-42b5-8b94-e0e229812e65@group-D5D0288CE997-LeaderElection245] INFO  impl.RoleInfo (RoleInfo.java:updateAndGet(148)) - 9e23e878-9bb3-42b5-8b94-e0e229812e65: start 9e23e878-9bb3-42b5-8b94-e0e229812e65@group-D5D0288CE997-FollowerState
2025-09-13 17:33:43,308 [9e23e878-9bb3-42b5-8b94-e0e229812e65@group-CF05563D4821-FollowerState] INFO  impl.FollowerState (FollowerState.java:runImpl(161)) - 9e23e878-9bb3-42b5-8b94-e0e229812e65@group-CF05563D4821-FollowerState: change to CANDIDATE, lastRpcElapsedTime:1029354508ns, electionTimeout:1029ms
2025-09-13 17:33:43,309 [9e23e878-9bb3-42b5-8b94-e0e229812e65@group-CF05563D4821-FollowerState] INFO  impl.RoleInfo (RoleInfo.java:shutdownFollowerState(121)) - 9e23e878-9bb3-42b5-8b94-e0e229812e65: shutdown 9e23e878-9bb3-42b5-8b94-e0e229812e65@group-CF05563D4821-FollowerState
2025-09-13 17:33:43,309 [9e23e878-9bb3-42b5-8b94-e0e229812e65@group-CF05563D4821-FollowerState] INFO  server.RaftServer$Division (RaftServerImpl.java:setRole(392)) - 9e23e878-9bb3-42b5-8b94-e0e229812e65@group-CF05563D4821: changes role from  FOLLOWER to CANDIDATE at term 5 for changeToCandidate
2025-09-13 17:33:43,309 [9e23e878-9bb3-42b5-8b94-e0e229812e65@group-CF05563D4821-FollowerState] INFO  impl.RoleInfo (RoleInfo.java:updateAndGet(148)) - 9e23e878-9bb3-42b5-8b94-e0e229812e65: start 9e23e878-9bb3-42b5-8b94-e0e229812e65@group-CF05563D4821-LeaderElection246
2025-09-13 17:33:43,309 [9e23e878-9bb3-42b5-8b94-e0e229812e65@group-CF05563D4821-LeaderElection246] INFO  impl.LeaderElection (LeaderElection.java:askForVotes(448)) - 9e23e878-9bb3-42b5-8b94-e0e229812e65@group-CF05563D4821-LeaderElection246 PRE_VOTE round 0: submit vote requests at term 5 for conf: {index: 7, cur=peers:[9e23e878-9bb3-42b5-8b94-e0e229812e65|127.0.0.1:15023, 13facd30-3950-4310-8b1a-93d004abbbdd|127.0.0.1:15031, 36d876fb-a458-4393-963b-58eeedb8ba95|127.0.0.1:15015]|listeners:[], old=null}
2025-09-13 17:33:43,309 [9e23e878-9bb3-42b5-8b94-e0e229812e65@group-CF05563D4821-LeaderElection246] INFO  impl.LeaderElection (LogUtils.java:infoOrTrace(142)) - 9e23e878-9bb3-42b5-8b94-e0e229812e65@group-CF05563D4821-LeaderElection246 got exception when requesting votes: java.util.concurrent.ExecutionException: org.apache.ratis.thirdparty.io.grpc.StatusRuntimeException: UNAVAILABLE: io exception
2025-09-13 17:33:43,309 [9e23e878-9bb3-42b5-8b94-e0e229812e65@group-CF05563D4821-LeaderElection246] INFO  impl.LeaderElection (LogUtils.java:infoOrTrace(142)) - 9e23e878-9bb3-42b5-8b94-e0e229812e65@group-CF05563D4821-LeaderElection246 got exception when requesting votes: java.util.concurrent.ExecutionException: org.apache.ratis.thirdparty.io.grpc.StatusRuntimeException: UNAVAILABLE: io exception
2025-09-13 17:33:43,309 [9e23e878-9bb3-42b5-8b94-e0e229812e65@group-CF05563D4821-LeaderElection246] INFO  impl.LeaderElection (LeaderElection.java:logAndReturn(206)) - 9e23e878-9bb3-42b5-8b94-e0e229812e65@group-CF05563D4821-LeaderElection246: PRE_VOTE REJECTED received 0 response(s) and 2 exception(s):
2025-09-13 17:33:43,310 [9e23e878-9bb3-42b5-8b94-e0e229812e65@group-CF05563D4821-LeaderElection246] INFO  impl.LeaderElection (LogUtils.java:infoOrTrace(142)) -   Exception 0: java.util.concurrent.ExecutionException: org.apache.ratis.thirdparty.io.grpc.StatusRuntimeException: UNAVAILABLE: io exception
2025-09-13 17:33:43,310 [9e23e878-9bb3-42b5-8b94-e0e229812e65@group-CF05563D4821-LeaderElection246] INFO  impl.LeaderElection (LogUtils.java:infoOrTrace(142)) -   Exception 1: java.util.concurrent.ExecutionException: org.apache.ratis.thirdparty.io.grpc.StatusRuntimeException: UNAVAILABLE: io exception
2025-09-13 17:33:43,310 [9e23e878-9bb3-42b5-8b94-e0e229812e65@group-CF05563D4821-LeaderElection246] INFO  impl.LeaderElection (LeaderElection.java:askForVotes(450)) - 9e23e878-9bb3-42b5-8b94-e0e229812e65@group-CF05563D4821-LeaderElection246 PRE_VOTE round 0: result REJECTED
2025-09-13 17:33:43,310 [9e23e878-9bb3-42b5-8b94-e0e229812e65@group-CF05563D4821-LeaderElection246] INFO  server.RaftServer$Division (RaftServerImpl.java:setRole(392)) - 9e23e878-9bb3-42b5-8b94-e0e229812e65@group-CF05563D4821: changes role from CANDIDATE to FOLLOWER at term 5 for REJECTED
2025-09-13 17:33:43,310 [9e23e878-9bb3-42b5-8b94-e0e229812e65@group-CF05563D4821-LeaderElection246] INFO  impl.RoleInfo (RoleInfo.java:shutdownLeaderElection(141)) - 9e23e878-9bb3-42b5-8b94-e0e229812e65: shutdown 9e23e878-9bb3-42b5-8b94-e0e229812e65@group-CF05563D4821-LeaderElection246
2025-09-13 17:33:43,310 [9e23e878-9bb3-42b5-8b94-e0e229812e65@group-CF05563D4821-LeaderElection246] INFO  impl.RoleInfo (RoleInfo.java:updateAndGet(148)) - 9e23e878-9bb3-42b5-8b94-e0e229812e65: start 9e23e878-9bb3-42b5-8b94-e0e229812e65@group-CF05563D4821-FollowerState
2025-09-13 17:33:43,519 [9e23e878-9bb3-42b5-8b94-e0e229812e65@group-D5D0288CE997-FollowerState] INFO  impl.FollowerState (FollowerState.java:runImpl(161)) - 9e23e878-9bb3-42b5-8b94-e0e229812e65@group-D5D0288CE997-FollowerState: change to CANDIDATE, lastRpcElapsedTime:1111316762ns, electionTimeout:1111ms
2025-09-13 17:33:43,519 [9e23e878-9bb3-42b5-8b94-e0e229812e65@group-D5D0288CE997-FollowerState] INFO  impl.RoleInfo (RoleInfo.java:shutdownFollowerState(121)) - 9e23e878-9bb3-42b5-8b94-e0e229812e65: shutdown 9e23e878-9bb3-42b5-8b94-e0e229812e65@group-D5D0288CE997-FollowerState
2025-09-13 17:33:43,519 [9e23e878-9bb3-42b5-8b94-e0e229812e65@group-D5D0288CE997-FollowerState] INFO  server.RaftServer$Division (RaftServerImpl.java:setRole(392)) - 9e23e878-9bb3-42b5-8b94-e0e229812e65@group-D5D0288CE997: changes role from  FOLLOWER to CANDIDATE at term 2 for changeToCandidate
2025-09-13 17:33:43,519 [9e23e878-9bb3-42b5-8b94-e0e229812e65@group-D5D0288CE997-FollowerState] INFO  impl.RoleInfo (RoleInfo.java:updateAndGet(148)) - 9e23e878-9bb3-42b5-8b94-e0e229812e65: start 9e23e878-9bb3-42b5-8b94-e0e229812e65@group-D5D0288CE997-LeaderElection247
2025-09-13 17:33:43,520 [9e23e878-9bb3-42b5-8b94-e0e229812e65@group-D5D0288CE997-LeaderElection247] INFO  impl.LeaderElection (LeaderElection.java:askForVotes(448)) - 9e23e878-9bb3-42b5-8b94-e0e229812e65@group-D5D0288CE997-LeaderElection247 PRE_VOTE round 0: submit vote requests at term 2 for conf: {index: 16, cur=peers:[9e23e878-9bb3-42b5-8b94-e0e229812e65|127.0.0.1:15023, 13facd30-3950-4310-8b1a-93d004abbbdd|127.0.0.1:15031, 36d876fb-a458-4393-963b-58eeedb8ba95|127.0.0.1:15015]|listeners:[], old=null}
2025-09-13 17:33:43,520 [9e23e878-9bb3-42b5-8b94-e0e229812e65@group-D5D0288CE997-LeaderElection247] INFO  impl.LeaderElection (LogUtils.java:infoOrTrace(142)) - 9e23e878-9bb3-42b5-8b94-e0e229812e65@group-D5D0288CE997-LeaderElection247 got exception when requesting votes: java.util.concurrent.ExecutionException: org.apache.ratis.thirdparty.io.grpc.StatusRuntimeException: UNAVAILABLE: io exception
2025-09-13 17:33:43,520 [9e23e878-9bb3-42b5-8b94-e0e229812e65@group-D5D0288CE997-LeaderElection247] INFO  impl.LeaderElection (LogUtils.java:infoOrTrace(142)) - 9e23e878-9bb3-42b5-8b94-e0e229812e65@group-D5D0288CE997-LeaderElection247 got exception when requesting votes: java.util.concurrent.ExecutionException: org.apache.ratis.thirdparty.io.grpc.StatusRuntimeException: UNAVAILABLE: io exception
2025-09-13 17:33:43,520 [9e23e878-9bb3-42b5-8b94-e0e229812e65@group-D5D0288CE997-LeaderElection247] INFO  impl.LeaderElection (LeaderElection.java:logAndReturn(206)) - 9e23e878-9bb3-42b5-8b94-e0e229812e65@group-D5D0288CE997-LeaderElection247: PRE_VOTE REJECTED received 0 response(s) and 2 exception(s):
2025-09-13 17:33:43,520 [9e23e878-9bb3-42b5-8b94-e0e229812e65@group-D5D0288CE997-LeaderElection247] INFO  impl.LeaderElection (LogUtils.java:infoOrTrace(142)) -   Exception 0: java.util.concurrent.ExecutionException: org.apache.ratis.thirdparty.io.grpc.StatusRuntimeException: UNAVAILABLE: io exception
2025-09-13 17:33:43,520 [9e23e878-9bb3-42b5-8b94-e0e229812e65@group-D5D0288CE997-LeaderElection247] INFO  impl.LeaderElection (LogUtils.java:infoOrTrace(142)) -   Exception 1: java.util.concurrent.ExecutionException: org.apache.ratis.thirdparty.io.grpc.StatusRuntimeException: UNAVAILABLE: io exception
2025-09-13 17:33:43,520 [9e23e878-9bb3-42b5-8b94-e0e229812e65@group-D5D0288CE997-LeaderElection247] INFO  impl.LeaderElection (LeaderElection.java:askForVotes(450)) - 9e23e878-9bb3-42b5-8b94-e0e229812e65@group-D5D0288CE997-LeaderElection247 PRE_VOTE round 0: result REJECTED
2025-09-13 17:33:43,520 [9e23e878-9bb3-42b5-8b94-e0e229812e65@group-D5D0288CE997-LeaderElection247] INFO  server.RaftServer$Division (RaftServerImpl.java:setRole(392)) - 9e23e878-9bb3-42b5-8b94-e0e229812e65@group-D5D0288CE997: changes role from CANDIDATE to FOLLOWER at term 2 for REJECTED
2025-09-13 17:33:43,520 [9e23e878-9bb3-42b5-8b94-e0e229812e65@group-D5D0288CE997-LeaderElection247] INFO  impl.RoleInfo (RoleInfo.java:shutdownLeaderElection(141)) - 9e23e878-9bb3-42b5-8b94-e0e229812e65: shutdown 9e23e878-9bb3-42b5-8b94-e0e229812e65@group-D5D0288CE997-LeaderElection247
2025-09-13 17:33:43,520 [9e23e878-9bb3-42b5-8b94-e0e229812e65@group-D5D0288CE997-LeaderElection247] INFO  impl.RoleInfo (RoleInfo.java:updateAndGet(148)) - 9e23e878-9bb3-42b5-8b94-e0e229812e65: start 9e23e878-9bb3-42b5-8b94-e0e229812e65@group-D5D0288CE997-FollowerState
2025-09-13 17:33:44,343 [9e23e878-9bb3-42b5-8b94-e0e229812e65@group-CF05563D4821-FollowerState] INFO  impl.FollowerState (FollowerState.java:runImpl(161)) - 9e23e878-9bb3-42b5-8b94-e0e229812e65@group-CF05563D4821-FollowerState: change to CANDIDATE, lastRpcElapsedTime:1033298903ns, electionTimeout:1033ms
2025-09-13 17:33:44,343 [9e23e878-9bb3-42b5-8b94-e0e229812e65@group-CF05563D4821-FollowerState] INFO  impl.RoleInfo (RoleInfo.java:shutdownFollowerState(121)) - 9e23e878-9bb3-42b5-8b94-e0e229812e65: shutdown 9e23e878-9bb3-42b5-8b94-e0e229812e65@group-CF05563D4821-FollowerState
2025-09-13 17:33:44,343 [9e23e878-9bb3-42b5-8b94-e0e229812e65@group-CF05563D4821-FollowerState] INFO  server.RaftServer$Division (RaftServerImpl.java:setRole(392)) - 9e23e878-9bb3-42b5-8b94-e0e229812e65@group-CF05563D4821: changes role from  FOLLOWER to CANDIDATE at term 5 for changeToCandidate
2025-09-13 17:33:44,343 [9e23e878-9bb3-42b5-8b94-e0e229812e65@group-CF05563D4821-FollowerState] INFO  impl.RoleInfo (RoleInfo.java:updateAndGet(148)) - 9e23e878-9bb3-42b5-8b94-e0e229812e65: start 9e23e878-9bb3-42b5-8b94-e0e229812e65@group-CF05563D4821-LeaderElection248
2025-09-13 17:33:44,344 [9e23e878-9bb3-42b5-8b94-e0e229812e65@group-CF05563D4821-LeaderElection248] INFO  impl.LeaderElection (LeaderElection.java:askForVotes(448)) - 9e23e878-9bb3-42b5-8b94-e0e229812e65@group-CF05563D4821-LeaderElection248 PRE_VOTE round 0: submit vote requests at term 5 for conf: {index: 7, cur=peers:[9e23e878-9bb3-42b5-8b94-e0e229812e65|127.0.0.1:15023, 13facd30-3950-4310-8b1a-93d004abbbdd|127.0.0.1:15031, 36d876fb-a458-4393-963b-58eeedb8ba95|127.0.0.1:15015]|listeners:[], old=null}
2025-09-13 17:33:44,344 [9e23e878-9bb3-42b5-8b94-e0e229812e65@group-CF05563D4821-LeaderElection248] INFO  impl.LeaderElection (LogUtils.java:infoOrTrace(142)) - 9e23e878-9bb3-42b5-8b94-e0e229812e65@group-CF05563D4821-LeaderElection248 got exception when requesting votes: java.util.concurrent.ExecutionException: org.apache.ratis.thirdparty.io.grpc.StatusRuntimeException: UNAVAILABLE: io exception
2025-09-13 17:33:44,344 [9e23e878-9bb3-42b5-8b94-e0e229812e65@group-CF05563D4821-LeaderElection248] INFO  impl.LeaderElection (LogUtils.java:infoOrTrace(142)) - 9e23e878-9bb3-42b5-8b94-e0e229812e65@group-CF05563D4821-LeaderElection248 got exception when requesting votes: java.util.concurrent.ExecutionException: org.apache.ratis.thirdparty.io.grpc.StatusRuntimeException: UNAVAILABLE: io exception
2025-09-13 17:33:44,344 [9e23e878-9bb3-42b5-8b94-e0e229812e65@group-CF05563D4821-LeaderElection248] INFO  impl.LeaderElection (LeaderElection.java:logAndReturn(206)) - 9e23e878-9bb3-42b5-8b94-e0e229812e65@group-CF05563D4821-LeaderElection248: PRE_VOTE REJECTED received 0 response(s) and 2 exception(s):
2025-09-13 17:33:44,344 [9e23e878-9bb3-42b5-8b94-e0e229812e65@group-CF05563D4821-LeaderElection248] INFO  impl.LeaderElection (LogUtils.java:infoOrTrace(142)) -   Exception 0: java.util.concurrent.ExecutionException: org.apache.ratis.thirdparty.io.grpc.StatusRuntimeException: UNAVAILABLE: io exception
2025-09-13 17:33:44,344 [9e23e878-9bb3-42b5-8b94-e0e229812e65@group-CF05563D4821-LeaderElection248] INFO  impl.LeaderElection (LogUtils.java:infoOrTrace(142)) -   Exception 1: java.util.concurrent.ExecutionException: org.apache.ratis.thirdparty.io.grpc.StatusRuntimeException: UNAVAILABLE: io exception
2025-09-13 17:33:44,344 [9e23e878-9bb3-42b5-8b94-e0e229812e65@group-CF05563D4821-LeaderElection248] INFO  impl.LeaderElection (LeaderElection.java:askForVotes(450)) - 9e23e878-9bb3-42b5-8b94-e0e229812e65@group-CF05563D4821-LeaderElection248 PRE_VOTE round 0: result REJECTED
2025-09-13 17:33:44,345 [9e23e878-9bb3-42b5-8b94-e0e229812e65@group-CF05563D4821-LeaderElection248] INFO  server.RaftServer$Division (RaftServerImpl.java:setRole(392)) - 9e23e878-9bb3-42b5-8b94-e0e229812e65@group-CF05563D4821: changes role from CANDIDATE to FOLLOWER at term 5 for REJECTED
2025-09-13 17:33:44,345 [9e23e878-9bb3-42b5-8b94-e0e229812e65@group-CF05563D4821-LeaderElection248] INFO  impl.RoleInfo (RoleInfo.java:shutdownLeaderElection(141)) - 9e23e878-9bb3-42b5-8b94-e0e229812e65: shutdown 9e23e878-9bb3-42b5-8b94-e0e229812e65@group-CF05563D4821-LeaderElection248
2025-09-13 17:33:44,345 [9e23e878-9bb3-42b5-8b94-e0e229812e65@group-CF05563D4821-LeaderElection248] INFO  impl.RoleInfo (RoleInfo.java:updateAndGet(148)) - 9e23e878-9bb3-42b5-8b94-e0e229812e65: start 9e23e878-9bb3-42b5-8b94-e0e229812e65@group-CF05563D4821-FollowerState
2025-09-13 17:33:44,665 [9e23e878-9bb3-42b5-8b94-e0e229812e65@group-D5D0288CE997-FollowerState] INFO  impl.FollowerState (FollowerState.java:runImpl(161)) - 9e23e878-9bb3-42b5-8b94-e0e229812e65@group-D5D0288CE997-FollowerState: change to CANDIDATE, lastRpcElapsedTime:1144277398ns, electionTimeout:1144ms
2025-09-13 17:33:44,665 [9e23e878-9bb3-42b5-8b94-e0e229812e65@group-D5D0288CE997-FollowerState] INFO  impl.RoleInfo (RoleInfo.java:shutdownFollowerState(121)) - 9e23e878-9bb3-42b5-8b94-e0e229812e65: shutdown 9e23e878-9bb3-42b5-8b94-e0e229812e65@group-D5D0288CE997-FollowerState
2025-09-13 17:33:44,665 [9e23e878-9bb3-42b5-8b94-e0e229812e65@group-D5D0288CE997-FollowerState] INFO  server.RaftServer$Division (RaftServerImpl.java:setRole(392)) - 9e23e878-9bb3-42b5-8b94-e0e229812e65@group-D5D0288CE997: changes role from  FOLLOWER to CANDIDATE at term 2 for changeToCandidate
2025-09-13 17:33:44,665 [9e23e878-9bb3-42b5-8b94-e0e229812e65@group-D5D0288CE997-FollowerState] INFO  impl.RoleInfo (RoleInfo.java:updateAndGet(148)) - 9e23e878-9bb3-42b5-8b94-e0e229812e65: start 9e23e878-9bb3-42b5-8b94-e0e229812e65@group-D5D0288CE997-LeaderElection249
2025-09-13 17:33:44,665 [9e23e878-9bb3-42b5-8b94-e0e229812e65@group-D5D0288CE997-LeaderElection249] INFO  impl.LeaderElection (LeaderElection.java:askForVotes(448)) - 9e23e878-9bb3-42b5-8b94-e0e229812e65@group-D5D0288CE997-LeaderElection249 PRE_VOTE round 0: submit vote requests at term 2 for conf: {index: 16, cur=peers:[9e23e878-9bb3-42b5-8b94-e0e229812e65|127.0.0.1:15023, 13facd30-3950-4310-8b1a-93d004abbbdd|127.0.0.1:15031, 36d876fb-a458-4393-963b-58eeedb8ba95|127.0.0.1:15015]|listeners:[], old=null}
2025-09-13 17:33:44,666 [9e23e878-9bb3-42b5-8b94-e0e229812e65@group-D5D0288CE997-LeaderElection249] INFO  impl.LeaderElection (LogUtils.java:infoOrTrace(142)) - 9e23e878-9bb3-42b5-8b94-e0e229812e65@group-D5D0288CE997-LeaderElection249 got exception when requesting votes: java.util.concurrent.ExecutionException: org.apache.ratis.thirdparty.io.grpc.StatusRuntimeException: UNAVAILABLE: io exception
2025-09-13 17:33:44,666 [9e23e878-9bb3-42b5-8b94-e0e229812e65@group-D5D0288CE997-LeaderElection249] INFO  impl.LeaderElection (LogUtils.java:infoOrTrace(142)) - 9e23e878-9bb3-42b5-8b94-e0e229812e65@group-D5D0288CE997-LeaderElection249 got exception when requesting votes: java.util.concurrent.ExecutionException: org.apache.ratis.thirdparty.io.grpc.StatusRuntimeException: UNAVAILABLE: io exception
2025-09-13 17:33:44,666 [9e23e878-9bb3-42b5-8b94-e0e229812e65@group-D5D0288CE997-LeaderElection249] INFO  impl.LeaderElection (LeaderElection.java:logAndReturn(206)) - 9e23e878-9bb3-42b5-8b94-e0e229812e65@group-D5D0288CE997-LeaderElection249: PRE_VOTE REJECTED received 0 response(s) and 2 exception(s):
2025-09-13 17:33:44,666 [9e23e878-9bb3-42b5-8b94-e0e229812e65@group-D5D0288CE997-LeaderElection249] INFO  impl.LeaderElection (LogUtils.java:infoOrTrace(142)) -   Exception 0: java.util.concurrent.ExecutionException: org.apache.ratis.thirdparty.io.grpc.StatusRuntimeException: UNAVAILABLE: io exception
2025-09-13 17:33:44,666 [9e23e878-9bb3-42b5-8b94-e0e229812e65@group-D5D0288CE997-LeaderElection249] INFO  impl.LeaderElection (LogUtils.java:infoOrTrace(142)) -   Exception 1: java.util.concurrent.ExecutionException: org.apache.ratis.thirdparty.io.grpc.StatusRuntimeException: UNAVAILABLE: io exception
2025-09-13 17:33:44,666 [9e23e878-9bb3-42b5-8b94-e0e229812e65@group-D5D0288CE997-LeaderElection249] INFO  impl.LeaderElection (LeaderElection.java:askForVotes(450)) - 9e23e878-9bb3-42b5-8b94-e0e229812e65@group-D5D0288CE997-LeaderElection249 PRE_VOTE round 0: result REJECTED
2025-09-13 17:33:44,666 [9e23e878-9bb3-42b5-8b94-e0e229812e65@group-D5D0288CE997-LeaderElection249] INFO  server.RaftServer$Division (RaftServerImpl.java:setRole(392)) - 9e23e878-9bb3-42b5-8b94-e0e229812e65@group-D5D0288CE997: changes role from CANDIDATE to FOLLOWER at term 2 for REJECTED
2025-09-13 17:33:44,666 [9e23e878-9bb3-42b5-8b94-e0e229812e65@group-D5D0288CE997-LeaderElection249] INFO  impl.RoleInfo (RoleInfo.java:shutdownLeaderElection(141)) - 9e23e878-9bb3-42b5-8b94-e0e229812e65: shutdown 9e23e878-9bb3-42b5-8b94-e0e229812e65@group-D5D0288CE997-LeaderElection249
2025-09-13 17:33:44,666 [9e23e878-9bb3-42b5-8b94-e0e229812e65@group-D5D0288CE997-LeaderElection249] INFO  impl.RoleInfo (RoleInfo.java:updateAndGet(148)) - 9e23e878-9bb3-42b5-8b94-e0e229812e65: start 9e23e878-9bb3-42b5-8b94-e0e229812e65@group-D5D0288CE997-FollowerState
2025-09-13 17:33:45,464 [9e23e878-9bb3-42b5-8b94-e0e229812e65@group-CF05563D4821-FollowerState] INFO  impl.FollowerState (FollowerState.java:runImpl(161)) - 9e23e878-9bb3-42b5-8b94-e0e229812e65@group-CF05563D4821-FollowerState: change to CANDIDATE, lastRpcElapsedTime:1119299039ns, electionTimeout:1119ms
2025-09-13 17:33:45,464 [9e23e878-9bb3-42b5-8b94-e0e229812e65@group-CF05563D4821-FollowerState] INFO  impl.RoleInfo (RoleInfo.java:shutdownFollowerState(121)) - 9e23e878-9bb3-42b5-8b94-e0e229812e65: shutdown 9e23e878-9bb3-42b5-8b94-e0e229812e65@group-CF05563D4821-FollowerState
2025-09-13 17:33:45,464 [9e23e878-9bb3-42b5-8b94-e0e229812e65@group-CF05563D4821-FollowerState] INFO  server.RaftServer$Division (RaftServerImpl.java:setRole(392)) - 9e23e878-9bb3-42b5-8b94-e0e229812e65@group-CF05563D4821: changes role from  FOLLOWER to CANDIDATE at term 5 for changeToCandidate
2025-09-13 17:33:45,464 [9e23e878-9bb3-42b5-8b94-e0e229812e65@group-CF05563D4821-FollowerState] INFO  impl.RoleInfo (RoleInfo.java:updateAndGet(148)) - 9e23e878-9bb3-42b5-8b94-e0e229812e65: start 9e23e878-9bb3-42b5-8b94-e0e229812e65@group-CF05563D4821-LeaderElection250
2025-09-13 17:33:45,465 [9e23e878-9bb3-42b5-8b94-e0e229812e65@group-CF05563D4821-LeaderElection250] INFO  impl.LeaderElection (LeaderElection.java:askForVotes(448)) - 9e23e878-9bb3-42b5-8b94-e0e229812e65@group-CF05563D4821-LeaderElection250 PRE_VOTE round 0: submit vote requests at term 5 for conf: {index: 7, cur=peers:[9e23e878-9bb3-42b5-8b94-e0e229812e65|127.0.0.1:15023, 13facd30-3950-4310-8b1a-93d004abbbdd|127.0.0.1:15031, 36d876fb-a458-4393-963b-58eeedb8ba95|127.0.0.1:15015]|listeners:[], old=null}
2025-09-13 17:33:45,465 [9e23e878-9bb3-42b5-8b94-e0e229812e65@group-CF05563D4821-LeaderElection250] INFO  impl.LeaderElection (LogUtils.java:infoOrTrace(142)) - 9e23e878-9bb3-42b5-8b94-e0e229812e65@group-CF05563D4821-LeaderElection250 got exception when requesting votes: java.util.concurrent.ExecutionException: org.apache.ratis.thirdparty.io.grpc.StatusRuntimeException: UNAVAILABLE: io exception
2025-09-13 17:33:45,465 [9e23e878-9bb3-42b5-8b94-e0e229812e65@group-CF05563D4821-LeaderElection250] INFO  impl.LeaderElection (LogUtils.java:infoOrTrace(142)) - 9e23e878-9bb3-42b5-8b94-e0e229812e65@group-CF05563D4821-LeaderElection250 got exception when requesting votes: java.util.concurrent.ExecutionException: org.apache.ratis.thirdparty.io.grpc.StatusRuntimeException: UNAVAILABLE: io exception
2025-09-13 17:33:45,465 [9e23e878-9bb3-42b5-8b94-e0e229812e65@group-CF05563D4821-LeaderElection250] INFO  impl.LeaderElection (LeaderElection.java:logAndReturn(206)) - 9e23e878-9bb3-42b5-8b94-e0e229812e65@group-CF05563D4821-LeaderElection250: PRE_VOTE REJECTED received 0 response(s) and 2 exception(s):
2025-09-13 17:33:45,465 [9e23e878-9bb3-42b5-8b94-e0e229812e65@group-CF05563D4821-LeaderElection250] INFO  impl.LeaderElection (LogUtils.java:infoOrTrace(142)) -   Exception 0: java.util.concurrent.ExecutionException: org.apache.ratis.thirdparty.io.grpc.StatusRuntimeException: UNAVAILABLE: io exception
2025-09-13 17:33:45,465 [9e23e878-9bb3-42b5-8b94-e0e229812e65@group-CF05563D4821-LeaderElection250] INFO  impl.LeaderElection (LogUtils.java:infoOrTrace(142)) -   Exception 1: java.util.concurrent.ExecutionException: org.apache.ratis.thirdparty.io.grpc.StatusRuntimeException: UNAVAILABLE: io exception
2025-09-13 17:33:45,465 [9e23e878-9bb3-42b5-8b94-e0e229812e65@group-CF05563D4821-LeaderElection250] INFO  impl.LeaderElection (LeaderElection.java:askForVotes(450)) - 9e23e878-9bb3-42b5-8b94-e0e229812e65@group-CF05563D4821-LeaderElection250 PRE_VOTE round 0: result REJECTED
2025-09-13 17:33:45,465 [9e23e878-9bb3-42b5-8b94-e0e229812e65@group-CF05563D4821-LeaderElection250] INFO  server.RaftServer$Division (RaftServerImpl.java:setRole(392)) - 9e23e878-9bb3-42b5-8b94-e0e229812e65@group-CF05563D4821: changes role from CANDIDATE to FOLLOWER at term 5 for REJECTED
2025-09-13 17:33:45,465 [9e23e878-9bb3-42b5-8b94-e0e229812e65@group-CF05563D4821-LeaderElection250] INFO  impl.RoleInfo (RoleInfo.java:shutdownLeaderElection(141)) - 9e23e878-9bb3-42b5-8b94-e0e229812e65: shutdown 9e23e878-9bb3-42b5-8b94-e0e229812e65@group-CF05563D4821-LeaderElection250
2025-09-13 17:33:45,465 [9e23e878-9bb3-42b5-8b94-e0e229812e65@group-CF05563D4821-LeaderElection250] INFO  impl.RoleInfo (RoleInfo.java:updateAndGet(148)) - 9e23e878-9bb3-42b5-8b94-e0e229812e65: start 9e23e878-9bb3-42b5-8b94-e0e229812e65@group-CF05563D4821-FollowerState
2025-09-13 17:33:45,737 [9e23e878-9bb3-42b5-8b94-e0e229812e65@group-D5D0288CE997-FollowerState] INFO  impl.FollowerState (FollowerState.java:runImpl(161)) - 9e23e878-9bb3-42b5-8b94-e0e229812e65@group-D5D0288CE997-FollowerState: change to CANDIDATE, lastRpcElapsedTime:1071225374ns, electionTimeout:1071ms
2025-09-13 17:33:45,737 [9e23e878-9bb3-42b5-8b94-e0e229812e65@group-D5D0288CE997-FollowerState] INFO  impl.RoleInfo (RoleInfo.java:shutdownFollowerState(121)) - 9e23e878-9bb3-42b5-8b94-e0e229812e65: shutdown 9e23e878-9bb3-42b5-8b94-e0e229812e65@group-D5D0288CE997-FollowerState
2025-09-13 17:33:45,737 [9e23e878-9bb3-42b5-8b94-e0e229812e65@group-D5D0288CE997-FollowerState] INFO  server.RaftServer$Division (RaftServerImpl.java:setRole(392)) - 9e23e878-9bb3-42b5-8b94-e0e229812e65@group-D5D0288CE997: changes role from  FOLLOWER to CANDIDATE at term 2 for changeToCandidate
2025-09-13 17:33:45,737 [9e23e878-9bb3-42b5-8b94-e0e229812e65@group-D5D0288CE997-FollowerState] INFO  impl.RoleInfo (RoleInfo.java:updateAndGet(148)) - 9e23e878-9bb3-42b5-8b94-e0e229812e65: start 9e23e878-9bb3-42b5-8b94-e0e229812e65@group-D5D0288CE997-LeaderElection251
2025-09-13 17:33:45,738 [9e23e878-9bb3-42b5-8b94-e0e229812e65@group-D5D0288CE997-LeaderElection251] INFO  impl.LeaderElection (LeaderElection.java:askForVotes(448)) - 9e23e878-9bb3-42b5-8b94-e0e229812e65@group-D5D0288CE997-LeaderElection251 PRE_VOTE round 0: submit vote requests at term 2 for conf: {index: 16, cur=peers:[9e23e878-9bb3-42b5-8b94-e0e229812e65|127.0.0.1:15023, 13facd30-3950-4310-8b1a-93d004abbbdd|127.0.0.1:15031, 36d876fb-a458-4393-963b-58eeedb8ba95|127.0.0.1:15015]|listeners:[], old=null}
2025-09-13 17:33:45,738 [9e23e878-9bb3-42b5-8b94-e0e229812e65@group-D5D0288CE997-LeaderElection251] INFO  impl.LeaderElection (LogUtils.java:infoOrTrace(142)) - 9e23e878-9bb3-42b5-8b94-e0e229812e65@group-D5D0288CE997-LeaderElection251 got exception when requesting votes: java.util.concurrent.ExecutionException: org.apache.ratis.thirdparty.io.grpc.StatusRuntimeException: UNAVAILABLE: io exception
2025-09-13 17:33:45,738 [9e23e878-9bb3-42b5-8b94-e0e229812e65@group-D5D0288CE997-LeaderElection251] INFO  impl.LeaderElection (LogUtils.java:infoOrTrace(142)) - 9e23e878-9bb3-42b5-8b94-e0e229812e65@group-D5D0288CE997-LeaderElection251 got exception when requesting votes: java.util.concurrent.ExecutionException: org.apache.ratis.thirdparty.io.grpc.StatusRuntimeException: UNAVAILABLE: io exception
2025-09-13 17:33:45,738 [9e23e878-9bb3-42b5-8b94-e0e229812e65@group-D5D0288CE997-LeaderElection251] INFO  impl.LeaderElection (LeaderElection.java:logAndReturn(206)) - 9e23e878-9bb3-42b5-8b94-e0e229812e65@group-D5D0288CE997-LeaderElection251: PRE_VOTE REJECTED received 0 response(s) and 2 exception(s):
2025-09-13 17:33:45,738 [9e23e878-9bb3-42b5-8b94-e0e229812e65@group-D5D0288CE997-LeaderElection251] INFO  impl.LeaderElection (LogUtils.java:infoOrTrace(142)) -   Exception 0: java.util.concurrent.ExecutionException: org.apache.ratis.thirdparty.io.grpc.StatusRuntimeException: UNAVAILABLE: io exception
2025-09-13 17:33:45,738 [9e23e878-9bb3-42b5-8b94-e0e229812e65@group-D5D0288CE997-LeaderElection251] INFO  impl.LeaderElection (LogUtils.java:infoOrTrace(142)) -   Exception 1: java.util.concurrent.ExecutionException: org.apache.ratis.thirdparty.io.grpc.StatusRuntimeException: UNAVAILABLE: io exception
2025-09-13 17:33:45,738 [9e23e878-9bb3-42b5-8b94-e0e229812e65@group-D5D0288CE997-LeaderElection251] INFO  impl.LeaderElection (LeaderElection.java:askForVotes(450)) - 9e23e878-9bb3-42b5-8b94-e0e229812e65@group-D5D0288CE997-LeaderElection251 PRE_VOTE round 0: result REJECTED
2025-09-13 17:33:45,738 [9e23e878-9bb3-42b5-8b94-e0e229812e65@group-D5D0288CE997-LeaderElection251] INFO  server.RaftServer$Division (RaftServerImpl.java:setRole(392)) - 9e23e878-9bb3-42b5-8b94-e0e229812e65@group-D5D0288CE997: changes role from CANDIDATE to FOLLOWER at term 2 for REJECTED
2025-09-13 17:33:45,738 [9e23e878-9bb3-42b5-8b94-e0e229812e65@group-D5D0288CE997-LeaderElection251] INFO  impl.RoleInfo (RoleInfo.java:shutdownLeaderElection(141)) - 9e23e878-9bb3-42b5-8b94-e0e229812e65: shutdown 9e23e878-9bb3-42b5-8b94-e0e229812e65@group-D5D0288CE997-LeaderElection251
2025-09-13 17:33:45,738 [9e23e878-9bb3-42b5-8b94-e0e229812e65@group-D5D0288CE997-LeaderElection251] INFO  impl.RoleInfo (RoleInfo.java:updateAndGet(148)) - 9e23e878-9bb3-42b5-8b94-e0e229812e65: start 9e23e878-9bb3-42b5-8b94-e0e229812e65@group-D5D0288CE997-FollowerState
2025-09-13 17:33:46,593 [9e23e878-9bb3-42b5-8b94-e0e229812e65@group-CF05563D4821-FollowerState] INFO  impl.FollowerState (FollowerState.java:runImpl(161)) - 9e23e878-9bb3-42b5-8b94-e0e229812e65@group-CF05563D4821-FollowerState: change to CANDIDATE, lastRpcElapsedTime:1127236056ns, electionTimeout:1127ms
2025-09-13 17:33:46,593 [9e23e878-9bb3-42b5-8b94-e0e229812e65@group-CF05563D4821-FollowerState] INFO  impl.RoleInfo (RoleInfo.java:shutdownFollowerState(121)) - 9e23e878-9bb3-42b5-8b94-e0e229812e65: shutdown 9e23e878-9bb3-42b5-8b94-e0e229812e65@group-CF05563D4821-FollowerState
2025-09-13 17:33:46,593 [9e23e878-9bb3-42b5-8b94-e0e229812e65@group-CF05563D4821-FollowerState] INFO  server.RaftServer$Division (RaftServerImpl.java:setRole(392)) - 9e23e878-9bb3-42b5-8b94-e0e229812e65@group-CF05563D4821: changes role from  FOLLOWER to CANDIDATE at term 5 for changeToCandidate
2025-09-13 17:33:46,593 [9e23e878-9bb3-42b5-8b94-e0e229812e65@group-CF05563D4821-FollowerState] INFO  impl.RoleInfo (RoleInfo.java:updateAndGet(148)) - 9e23e878-9bb3-42b5-8b94-e0e229812e65: start 9e23e878-9bb3-42b5-8b94-e0e229812e65@group-CF05563D4821-LeaderElection252
2025-09-13 17:33:46,593 [9e23e878-9bb3-42b5-8b94-e0e229812e65@group-CF05563D4821-LeaderElection252] INFO  impl.LeaderElection (LeaderElection.java:askForVotes(448)) - 9e23e878-9bb3-42b5-8b94-e0e229812e65@group-CF05563D4821-LeaderElection252 PRE_VOTE round 0: submit vote requests at term 5 for conf: {index: 7, cur=peers:[9e23e878-9bb3-42b5-8b94-e0e229812e65|127.0.0.1:15023, 13facd30-3950-4310-8b1a-93d004abbbdd|127.0.0.1:15031, 36d876fb-a458-4393-963b-58eeedb8ba95|127.0.0.1:15015]|listeners:[], old=null}
2025-09-13 17:33:46,594 [9e23e878-9bb3-42b5-8b94-e0e229812e65@group-CF05563D4821-LeaderElection252] INFO  impl.LeaderElection (LogUtils.java:infoOrTrace(142)) - 9e23e878-9bb3-42b5-8b94-e0e229812e65@group-CF05563D4821-LeaderElection252 got exception when requesting votes: java.util.concurrent.ExecutionException: org.apache.ratis.thirdparty.io.grpc.StatusRuntimeException: UNAVAILABLE: io exception
2025-09-13 17:33:46,594 [9e23e878-9bb3-42b5-8b94-e0e229812e65@group-CF05563D4821-LeaderElection252] INFO  impl.LeaderElection (LogUtils.java:infoOrTrace(142)) - 9e23e878-9bb3-42b5-8b94-e0e229812e65@group-CF05563D4821-LeaderElection252 got exception when requesting votes: java.util.concurrent.ExecutionException: org.apache.ratis.thirdparty.io.grpc.StatusRuntimeException: UNAVAILABLE: io exception
2025-09-13 17:33:46,594 [9e23e878-9bb3-42b5-8b94-e0e229812e65@group-CF05563D4821-LeaderElection252] INFO  impl.LeaderElection (LeaderElection.java:logAndReturn(206)) - 9e23e878-9bb3-42b5-8b94-e0e229812e65@group-CF05563D4821-LeaderElection252: PRE_VOTE REJECTED received 0 response(s) and 2 exception(s):
2025-09-13 17:33:46,594 [9e23e878-9bb3-42b5-8b94-e0e229812e65@group-CF05563D4821-LeaderElection252] INFO  impl.LeaderElection (LogUtils.java:infoOrTrace(142)) -   Exception 0: java.util.concurrent.ExecutionException: org.apache.ratis.thirdparty.io.grpc.StatusRuntimeException: UNAVAILABLE: io exception
2025-09-13 17:33:46,594 [9e23e878-9bb3-42b5-8b94-e0e229812e65@group-CF05563D4821-LeaderElection252] INFO  impl.LeaderElection (LogUtils.java:infoOrTrace(142)) -   Exception 1: java.util.concurrent.ExecutionException: org.apache.ratis.thirdparty.io.grpc.StatusRuntimeException: UNAVAILABLE: io exception
2025-09-13 17:33:46,594 [9e23e878-9bb3-42b5-8b94-e0e229812e65@group-CF05563D4821-LeaderElection252] INFO  impl.LeaderElection (LeaderElection.java:askForVotes(450)) - 9e23e878-9bb3-42b5-8b94-e0e229812e65@group-CF05563D4821-LeaderElection252 PRE_VOTE round 0: result REJECTED
2025-09-13 17:33:46,594 [9e23e878-9bb3-42b5-8b94-e0e229812e65@group-CF05563D4821-LeaderElection252] INFO  server.RaftServer$Division (RaftServerImpl.java:setRole(392)) - 9e23e878-9bb3-42b5-8b94-e0e229812e65@group-CF05563D4821: changes role from CANDIDATE to FOLLOWER at term 5 for REJECTED
2025-09-13 17:33:46,594 [9e23e878-9bb3-42b5-8b94-e0e229812e65@group-CF05563D4821-LeaderElection252] INFO  impl.RoleInfo (RoleInfo.java:shutdownLeaderElection(141)) - 9e23e878-9bb3-42b5-8b94-e0e229812e65: shutdown 9e23e878-9bb3-42b5-8b94-e0e229812e65@group-CF05563D4821-LeaderElection252
2025-09-13 17:33:46,594 [9e23e878-9bb3-42b5-8b94-e0e229812e65@group-CF05563D4821-LeaderElection252] INFO  impl.RoleInfo (RoleInfo.java:updateAndGet(148)) - 9e23e878-9bb3-42b5-8b94-e0e229812e65: start 9e23e878-9bb3-42b5-8b94-e0e229812e65@group-CF05563D4821-FollowerState
2025-09-13 17:33:46,849 [9e23e878-9bb3-42b5-8b94-e0e229812e65@group-D5D0288CE997-FollowerState] INFO  impl.FollowerState (FollowerState.java:runImpl(161)) - 9e23e878-9bb3-42b5-8b94-e0e229812e65@group-D5D0288CE997-FollowerState: change to CANDIDATE, lastRpcElapsedTime:1110321090ns, electionTimeout:1110ms
2025-09-13 17:33:46,849 [9e23e878-9bb3-42b5-8b94-e0e229812e65@group-D5D0288CE997-FollowerState] INFO  impl.RoleInfo (RoleInfo.java:shutdownFollowerState(121)) - 9e23e878-9bb3-42b5-8b94-e0e229812e65: shutdown 9e23e878-9bb3-42b5-8b94-e0e229812e65@group-D5D0288CE997-FollowerState
2025-09-13 17:33:46,849 [9e23e878-9bb3-42b5-8b94-e0e229812e65@group-D5D0288CE997-FollowerState] INFO  server.RaftServer$Division (RaftServerImpl.java:setRole(392)) - 9e23e878-9bb3-42b5-8b94-e0e229812e65@group-D5D0288CE997: changes role from  FOLLOWER to CANDIDATE at term 2 for changeToCandidate
2025-09-13 17:33:46,849 [9e23e878-9bb3-42b5-8b94-e0e229812e65@group-D5D0288CE997-FollowerState] INFO  impl.RoleInfo (RoleInfo.java:updateAndGet(148)) - 9e23e878-9bb3-42b5-8b94-e0e229812e65: start 9e23e878-9bb3-42b5-8b94-e0e229812e65@group-D5D0288CE997-LeaderElection253
2025-09-13 17:33:46,849 [9e23e878-9bb3-42b5-8b94-e0e229812e65@group-D5D0288CE997-LeaderElection253] INFO  impl.LeaderElection (LeaderElection.java:askForVotes(448)) - 9e23e878-9bb3-42b5-8b94-e0e229812e65@group-D5D0288CE997-LeaderElection253 PRE_VOTE round 0: submit vote requests at term 2 for conf: {index: 16, cur=peers:[9e23e878-9bb3-42b5-8b94-e0e229812e65|127.0.0.1:15023, 13facd30-3950-4310-8b1a-93d004abbbdd|127.0.0.1:15031, 36d876fb-a458-4393-963b-58eeedb8ba95|127.0.0.1:15015]|listeners:[], old=null}
2025-09-13 17:33:46,850 [9e23e878-9bb3-42b5-8b94-e0e229812e65@group-D5D0288CE997-LeaderElection253] INFO  impl.LeaderElection (LogUtils.java:infoOrTrace(142)) - 9e23e878-9bb3-42b5-8b94-e0e229812e65@group-D5D0288CE997-LeaderElection253 got exception when requesting votes: java.util.concurrent.ExecutionException: org.apache.ratis.thirdparty.io.grpc.StatusRuntimeException: UNAVAILABLE: io exception
2025-09-13 17:33:46,850 [9e23e878-9bb3-42b5-8b94-e0e229812e65@group-D5D0288CE997-LeaderElection253] INFO  impl.LeaderElection (LogUtils.java:infoOrTrace(142)) - 9e23e878-9bb3-42b5-8b94-e0e229812e65@group-D5D0288CE997-LeaderElection253 got exception when requesting votes: java.util.concurrent.ExecutionException: org.apache.ratis.thirdparty.io.grpc.StatusRuntimeException: UNAVAILABLE: io exception
2025-09-13 17:33:46,850 [9e23e878-9bb3-42b5-8b94-e0e229812e65@group-D5D0288CE997-LeaderElection253] INFO  impl.LeaderElection (LeaderElection.java:logAndReturn(206)) - 9e23e878-9bb3-42b5-8b94-e0e229812e65@group-D5D0288CE997-LeaderElection253: PRE_VOTE REJECTED received 0 response(s) and 2 exception(s):
2025-09-13 17:33:46,850 [9e23e878-9bb3-42b5-8b94-e0e229812e65@group-D5D0288CE997-LeaderElection253] INFO  impl.LeaderElection (LogUtils.java:infoOrTrace(142)) -   Exception 0: java.util.concurrent.ExecutionException: org.apache.ratis.thirdparty.io.grpc.StatusRuntimeException: UNAVAILABLE: io exception
2025-09-13 17:33:46,850 [9e23e878-9bb3-42b5-8b94-e0e229812e65@group-D5D0288CE997-LeaderElection253] INFO  impl.LeaderElection (LogUtils.java:infoOrTrace(142)) -   Exception 1: java.util.concurrent.ExecutionException: org.apache.ratis.thirdparty.io.grpc.StatusRuntimeException: UNAVAILABLE: io exception
2025-09-13 17:33:46,850 [9e23e878-9bb3-42b5-8b94-e0e229812e65@group-D5D0288CE997-LeaderElection253] INFO  impl.LeaderElection (LeaderElection.java:askForVotes(450)) - 9e23e878-9bb3-42b5-8b94-e0e229812e65@group-D5D0288CE997-LeaderElection253 PRE_VOTE round 0: result REJECTED
2025-09-13 17:33:46,850 [9e23e878-9bb3-42b5-8b94-e0e229812e65@group-D5D0288CE997-LeaderElection253] INFO  server.RaftServer$Division (RaftServerImpl.java:setRole(392)) - 9e23e878-9bb3-42b5-8b94-e0e229812e65@group-D5D0288CE997: changes role from CANDIDATE to FOLLOWER at term 2 for REJECTED
2025-09-13 17:33:46,850 [9e23e878-9bb3-42b5-8b94-e0e229812e65@group-D5D0288CE997-LeaderElection253] INFO  impl.RoleInfo (RoleInfo.java:shutdownLeaderElection(141)) - 9e23e878-9bb3-42b5-8b94-e0e229812e65: shutdown 9e23e878-9bb3-42b5-8b94-e0e229812e65@group-D5D0288CE997-LeaderElection253
2025-09-13 17:33:46,850 [9e23e878-9bb3-42b5-8b94-e0e229812e65@group-D5D0288CE997-LeaderElection253] INFO  impl.RoleInfo (RoleInfo.java:updateAndGet(148)) - 9e23e878-9bb3-42b5-8b94-e0e229812e65: start 9e23e878-9bb3-42b5-8b94-e0e229812e65@group-D5D0288CE997-FollowerState
2025-09-13 17:33:47,189 [grpc-default-executor-10] ERROR impl.OrderedAsync (OrderedAsync.java:lambda$null$6(215)) -  client-6B3875304329: Failed* RaftClientRequest:client-6B3875304329->36d876fb-a458-4393-963b-58eeedb8ba95@group-D5D0288CE997, cid=61, seq=6*, RW, cmdType: WriteChunk
traceID: ""
containerID: 5
datanodeUuid: "13facd30-3950-4310-8b1a-93d004abbbdd"
writeChunk {
  blockID {
    containerID: 5
    localID: 115816896921600008
    blockCommitSequenceId: 21
    replicaIndex: 0
  }
  chunkData {
    chunkName: "115816896921600008_chunk_3"
    offset: 2097152
    len: 524288
    checksumData {
      type: CRC32
      bytesPerChecksum: 16384
      checksums: "\326\360U\321"
      checksums: "\326\360U\321"
      checksums: "\326\360U\321"
      checksums: "\326\360U\321"
      checksums: "\326\360U\321"
      checksums: "\326\360U\321"
      checksums: "\326\360U\321"
      checksums: "\326\360U\321"
      checksums: "\326\360U\321"
      checksums: "\326\360U\321"
      checksums: "\326\360U\321"
      checksums: "\326\360U\321"
      checksums: "\326\360U\321"
      checksums: "\326\360U\321"
      checksums: "\326\360U\321"
      checksums: "\326\360U\321"
      checksums: "\326\360U\321"
      checksums: "\326\360U\321"
      checksums: "\326\360U\321"
      checksums: "\326\360U\321"
      checksums: "\326\360U\321"
      checksums: "\326\360U\321"
      checksums: "\326\360U\321"
      checksums: "\326\360U\321"
      checksums: "\326\360U\321"
      checksums: "\326\360U\321"
      checksums: "\326\360U\321"
      checksums: "\326\360U\321"
      checksums: "\326\360U\321"
      checksums: "\326\360U\321"
      checksums: "\326\360U\321"
      checksums: "\277r/p"
    }
  }
}
version: 3
, data.size=524288
java.util.concurrent.CompletionException: java.io.IOException: org.apache.ratis.thirdparty.io.grpc.StatusRuntimeException: UNAVAILABLE: io exception
	at java.base/java.util.concurrent.CompletableFuture.encodeThrowable(CompletableFuture.java:332)
	at java.base/java.util.concurrent.CompletableFuture.completeThrowable(CompletableFuture.java:347)
	at java.base/java.util.concurrent.CompletableFuture$UniAccept.tryFire(CompletableFuture.java:708)
	at java.base/java.util.concurrent.CompletableFuture.postComplete(CompletableFuture.java:510)
	at java.base/java.util.concurrent.CompletableFuture.completeExceptionally(CompletableFuture.java:2194)
	at org.apache.ratis.grpc.client.GrpcClientProtocolClient$AsyncStreamObservers.completeReplyExceptionally(GrpcClientProtocolClient.java:397)
	at org.apache.ratis.grpc.client.GrpcClientProtocolClient$AsyncStreamObservers.access$000(GrpcClientProtocolClient.java:303)
	at org.apache.ratis.grpc.client.GrpcClientProtocolClient$AsyncStreamObservers$1.onError(GrpcClientProtocolClient.java:334)
	at org.apache.ratis.thirdparty.io.grpc.stub.ClientCalls$StreamObserverToCallListenerAdapter.onClose(ClientCalls.java:564)
	at org.apache.ratis.thirdparty.io.grpc.PartialForwardingClientCallListener.onClose(PartialForwardingClientCallListener.java:39)
	at org.apache.ratis.thirdparty.io.grpc.ForwardingClientCallListener.onClose(ForwardingClientCallListener.java:23)
	at org.apache.ratis.grpc.metrics.intercept.client.MetricClientCallListener.onClose(MetricClientCallListener.java:47)
	at org.apache.ratis.thirdparty.io.grpc.internal.ClientCallImpl.closeObserver(ClientCallImpl.java:565)
	at org.apache.ratis.thirdparty.io.grpc.internal.ClientCallImpl.access$100(ClientCallImpl.java:72)
	at org.apache.ratis.thirdparty.io.grpc.internal.ClientCallImpl$ClientStreamListenerImpl$1StreamClosed.runInternal(ClientCallImpl.java:733)
	at org.apache.ratis.thirdparty.io.grpc.internal.ClientCallImpl$ClientStreamListenerImpl$1StreamClosed.runInContext(ClientCallImpl.java:714)
	at org.apache.ratis.thirdparty.io.grpc.internal.ContextRunnable.run(ContextRunnable.java:37)
	at org.apache.ratis.thirdparty.io.grpc.internal.SerializingExecutor.run(SerializingExecutor.java:133)
	at java.base/java.util.concurrent.ThreadPoolExecutor.runWorker(ThreadPoolExecutor.java:1144)
	at java.base/java.util.concurrent.ThreadPoolExecutor$Worker.run(ThreadPoolExecutor.java:642)
	at java.base/java.lang.Thread.run(Thread.java:1583)
Caused by: java.io.IOException: org.apache.ratis.thirdparty.io.grpc.StatusRuntimeException: UNAVAILABLE: io exception
	at org.apache.ratis.grpc.GrpcUtil.unwrapException(GrpcUtil.java:99)
	at org.apache.ratis.grpc.GrpcUtil.unwrapIOException(GrpcUtil.java:159)
	at org.apache.ratis.grpc.client.GrpcClientProtocolClient$AsyncStreamObservers$1.onError(GrpcClientProtocolClient.java:333)
	... 13 more
Caused by: org.apache.ratis.thirdparty.io.grpc.StatusRuntimeException: UNAVAILABLE: io exception
	at org.apache.ratis.thirdparty.io.grpc.Status.asRuntimeException(Status.java:532)
	... 13 more
Caused by: org.apache.ratis.thirdparty.io.netty.channel.AbstractChannel$AnnotatedConnectException: finishConnect(..) failed: Connection refused: /127.0.0.1:15013
Caused by: java.net.ConnectException: finishConnect(..) failed: Connection refused
	at org.apache.ratis.thirdparty.io.netty.channel.unix.Errors.newConnectException0(Errors.java:166)
	at org.apache.ratis.thirdparty.io.netty.channel.unix.Errors.handleConnectErrno(Errors.java:131)
	at org.apache.ratis.thirdparty.io.netty.channel.unix.Socket.finishConnect(Socket.java:359)
	at org.apache.ratis.thirdparty.io.netty.channel.epoll.AbstractEpollChannel$AbstractEpollUnsafe.doFinishConnect(AbstractEpollChannel.java:715)
	at org.apache.ratis.thirdparty.io.netty.channel.epoll.AbstractEpollChannel$AbstractEpollUnsafe.finishConnect(AbstractEpollChannel.java:692)
	at org.apache.ratis.thirdparty.io.netty.channel.epoll.AbstractEpollChannel$AbstractEpollUnsafe.epollOutReady(AbstractEpollChannel.java:567)
	at org.apache.ratis.thirdparty.io.netty.channel.epoll.EpollEventLoop.processReady(EpollEventLoop.java:491)
	at org.apache.ratis.thirdparty.io.netty.channel.epoll.EpollEventLoop.run(EpollEventLoop.java:399)
	at org.apache.ratis.thirdparty.io.netty.util.concurrent.SingleThreadEventExecutor$4.run(SingleThreadEventExecutor.java:998)
	at org.apache.ratis.thirdparty.io.netty.util.internal.ThreadExecutorMap$2.run(ThreadExecutorMap.java:74)
	at org.apache.ratis.thirdparty.io.netty.util.concurrent.FastThreadLocalRunnable.run(FastThreadLocalRunnable.java:30)
	at java.base/java.lang.Thread.run(Thread.java:1583)
2025-09-13 17:33:47,669 [9e23e878-9bb3-42b5-8b94-e0e229812e65@group-CF05563D4821-FollowerState] INFO  impl.FollowerState (FollowerState.java:runImpl(161)) - 9e23e878-9bb3-42b5-8b94-e0e229812e65@group-CF05563D4821-FollowerState: change to CANDIDATE, lastRpcElapsedTime:1075341398ns, electionTimeout:1075ms
2025-09-13 17:33:47,669 [9e23e878-9bb3-42b5-8b94-e0e229812e65@group-CF05563D4821-FollowerState] INFO  impl.RoleInfo (RoleInfo.java:shutdownFollowerState(121)) - 9e23e878-9bb3-42b5-8b94-e0e229812e65: shutdown 9e23e878-9bb3-42b5-8b94-e0e229812e65@group-CF05563D4821-FollowerState
2025-09-13 17:33:47,669 [9e23e878-9bb3-42b5-8b94-e0e229812e65@group-CF05563D4821-FollowerState] INFO  server.RaftServer$Division (RaftServerImpl.java:setRole(392)) - 9e23e878-9bb3-42b5-8b94-e0e229812e65@group-CF05563D4821: changes role from  FOLLOWER to CANDIDATE at term 5 for changeToCandidate
2025-09-13 17:33:47,670 [9e23e878-9bb3-42b5-8b94-e0e229812e65@group-CF05563D4821-FollowerState] INFO  impl.RoleInfo (RoleInfo.java:updateAndGet(148)) - 9e23e878-9bb3-42b5-8b94-e0e229812e65: start 9e23e878-9bb3-42b5-8b94-e0e229812e65@group-CF05563D4821-LeaderElection254
2025-09-13 17:33:47,670 [9e23e878-9bb3-42b5-8b94-e0e229812e65@group-CF05563D4821-LeaderElection254] INFO  impl.LeaderElection (LeaderElection.java:askForVotes(448)) - 9e23e878-9bb3-42b5-8b94-e0e229812e65@group-CF05563D4821-LeaderElection254 PRE_VOTE round 0: submit vote requests at term 5 for conf: {index: 7, cur=peers:[9e23e878-9bb3-42b5-8b94-e0e229812e65|127.0.0.1:15023, 13facd30-3950-4310-8b1a-93d004abbbdd|127.0.0.1:15031, 36d876fb-a458-4393-963b-58eeedb8ba95|127.0.0.1:15015]|listeners:[], old=null}
2025-09-13 17:33:47,671 [9e23e878-9bb3-42b5-8b94-e0e229812e65@group-CF05563D4821-LeaderElection254] INFO  impl.LeaderElection (LogUtils.java:infoOrTrace(142)) - 9e23e878-9bb3-42b5-8b94-e0e229812e65@group-CF05563D4821-LeaderElection254 got exception when requesting votes: java.util.concurrent.ExecutionException: org.apache.ratis.thirdparty.io.grpc.StatusRuntimeException: UNAVAILABLE: io exception
2025-09-13 17:33:47,671 [9e23e878-9bb3-42b5-8b94-e0e229812e65@group-CF05563D4821-LeaderElection254] INFO  impl.LeaderElection (LogUtils.java:infoOrTrace(142)) - 9e23e878-9bb3-42b5-8b94-e0e229812e65@group-CF05563D4821-LeaderElection254 got exception when requesting votes: java.util.concurrent.ExecutionException: org.apache.ratis.thirdparty.io.grpc.StatusRuntimeException: UNAVAILABLE: io exception
2025-09-13 17:33:47,671 [9e23e878-9bb3-42b5-8b94-e0e229812e65@group-CF05563D4821-LeaderElection254] INFO  impl.LeaderElection (LeaderElection.java:logAndReturn(206)) - 9e23e878-9bb3-42b5-8b94-e0e229812e65@group-CF05563D4821-LeaderElection254: PRE_VOTE REJECTED received 0 response(s) and 2 exception(s):
2025-09-13 17:33:47,671 [9e23e878-9bb3-42b5-8b94-e0e229812e65@group-CF05563D4821-LeaderElection254] INFO  impl.LeaderElection (LogUtils.java:infoOrTrace(142)) -   Exception 0: java.util.concurrent.ExecutionException: org.apache.ratis.thirdparty.io.grpc.StatusRuntimeException: UNAVAILABLE: io exception
2025-09-13 17:33:47,671 [9e23e878-9bb3-42b5-8b94-e0e229812e65@group-CF05563D4821-LeaderElection254] INFO  impl.LeaderElection (LogUtils.java:infoOrTrace(142)) -   Exception 1: java.util.concurrent.ExecutionException: org.apache.ratis.thirdparty.io.grpc.StatusRuntimeException: UNAVAILABLE: io exception
2025-09-13 17:33:47,671 [9e23e878-9bb3-42b5-8b94-e0e229812e65@group-CF05563D4821-LeaderElection254] INFO  impl.LeaderElection (LeaderElection.java:askForVotes(450)) - 9e23e878-9bb3-42b5-8b94-e0e229812e65@group-CF05563D4821-LeaderElection254 PRE_VOTE round 0: result REJECTED
2025-09-13 17:33:47,671 [9e23e878-9bb3-42b5-8b94-e0e229812e65@group-CF05563D4821-LeaderElection254] INFO  server.RaftServer$Division (RaftServerImpl.java:setRole(392)) - 9e23e878-9bb3-42b5-8b94-e0e229812e65@group-CF05563D4821: changes role from CANDIDATE to FOLLOWER at term 5 for REJECTED
2025-09-13 17:33:47,671 [9e23e878-9bb3-42b5-8b94-e0e229812e65@group-CF05563D4821-LeaderElection254] INFO  impl.RoleInfo (RoleInfo.java:shutdownLeaderElection(141)) - 9e23e878-9bb3-42b5-8b94-e0e229812e65: shutdown 9e23e878-9bb3-42b5-8b94-e0e229812e65@group-CF05563D4821-LeaderElection254
2025-09-13 17:33:47,671 [9e23e878-9bb3-42b5-8b94-e0e229812e65@group-CF05563D4821-LeaderElection254] INFO  impl.RoleInfo (RoleInfo.java:updateAndGet(148)) - 9e23e878-9bb3-42b5-8b94-e0e229812e65: start 9e23e878-9bb3-42b5-8b94-e0e229812e65@group-CF05563D4821-FollowerState
2025-09-13 17:33:48,018 [9e23e878-9bb3-42b5-8b94-e0e229812e65@group-D5D0288CE997-FollowerState] INFO  impl.FollowerState (FollowerState.java:runImpl(161)) - 9e23e878-9bb3-42b5-8b94-e0e229812e65@group-D5D0288CE997-FollowerState: change to CANDIDATE, lastRpcElapsedTime:1168326292ns, electionTimeout:1168ms
2025-09-13 17:33:48,019 [9e23e878-9bb3-42b5-8b94-e0e229812e65@group-D5D0288CE997-FollowerState] INFO  impl.RoleInfo (RoleInfo.java:shutdownFollowerState(121)) - 9e23e878-9bb3-42b5-8b94-e0e229812e65: shutdown 9e23e878-9bb3-42b5-8b94-e0e229812e65@group-D5D0288CE997-FollowerState
2025-09-13 17:33:48,019 [9e23e878-9bb3-42b5-8b94-e0e229812e65@group-D5D0288CE997-FollowerState] INFO  server.RaftServer$Division (RaftServerImpl.java:setRole(392)) - 9e23e878-9bb3-42b5-8b94-e0e229812e65@group-D5D0288CE997: changes role from  FOLLOWER to CANDIDATE at term 2 for changeToCandidate
2025-09-13 17:33:48,019 [9e23e878-9bb3-42b5-8b94-e0e229812e65@group-D5D0288CE997-FollowerState] INFO  impl.RoleInfo (RoleInfo.java:updateAndGet(148)) - 9e23e878-9bb3-42b5-8b94-e0e229812e65: start 9e23e878-9bb3-42b5-8b94-e0e229812e65@group-D5D0288CE997-LeaderElection255
2025-09-13 17:33:48,019 [9e23e878-9bb3-42b5-8b94-e0e229812e65@group-D5D0288CE997-LeaderElection255] INFO  impl.LeaderElection (LeaderElection.java:askForVotes(448)) - 9e23e878-9bb3-42b5-8b94-e0e229812e65@group-D5D0288CE997-LeaderElection255 PRE_VOTE round 0: submit vote requests at term 2 for conf: {index: 16, cur=peers:[9e23e878-9bb3-42b5-8b94-e0e229812e65|127.0.0.1:15023, 13facd30-3950-4310-8b1a-93d004abbbdd|127.0.0.1:15031, 36d876fb-a458-4393-963b-58eeedb8ba95|127.0.0.1:15015]|listeners:[], old=null}
2025-09-13 17:33:48,019 [9e23e878-9bb3-42b5-8b94-e0e229812e65@group-D5D0288CE997-LeaderElection255] INFO  impl.LeaderElection (LogUtils.java:infoOrTrace(142)) - 9e23e878-9bb3-42b5-8b94-e0e229812e65@group-D5D0288CE997-LeaderElection255 got exception when requesting votes: java.util.concurrent.ExecutionException: org.apache.ratis.thirdparty.io.grpc.StatusRuntimeException: UNAVAILABLE: io exception
2025-09-13 17:33:48,020 [9e23e878-9bb3-42b5-8b94-e0e229812e65@group-D5D0288CE997-LeaderElection255] INFO  impl.LeaderElection (LogUtils.java:infoOrTrace(142)) - 9e23e878-9bb3-42b5-8b94-e0e229812e65@group-D5D0288CE997-LeaderElection255 got exception when requesting votes: java.util.concurrent.ExecutionException: org.apache.ratis.thirdparty.io.grpc.StatusRuntimeException: UNAVAILABLE: io exception
2025-09-13 17:33:48,020 [9e23e878-9bb3-42b5-8b94-e0e229812e65@group-D5D0288CE997-LeaderElection255] INFO  impl.LeaderElection (LeaderElection.java:logAndReturn(206)) - 9e23e878-9bb3-42b5-8b94-e0e229812e65@group-D5D0288CE997-LeaderElection255: PRE_VOTE REJECTED received 0 response(s) and 2 exception(s):
2025-09-13 17:33:48,020 [9e23e878-9bb3-42b5-8b94-e0e229812e65@group-D5D0288CE997-LeaderElection255] INFO  impl.LeaderElection (LogUtils.java:infoOrTrace(142)) -   Exception 0: java.util.concurrent.ExecutionException: org.apache.ratis.thirdparty.io.grpc.StatusRuntimeException: UNAVAILABLE: io exception
2025-09-13 17:33:48,020 [9e23e878-9bb3-42b5-8b94-e0e229812e65@group-D5D0288CE997-LeaderElection255] INFO  impl.LeaderElection (LogUtils.java:infoOrTrace(142)) -   Exception 1: java.util.concurrent.ExecutionException: org.apache.ratis.thirdparty.io.grpc.StatusRuntimeException: UNAVAILABLE: io exception
2025-09-13 17:33:48,020 [9e23e878-9bb3-42b5-8b94-e0e229812e65@group-D5D0288CE997-LeaderElection255] INFO  impl.LeaderElection (LeaderElection.java:askForVotes(450)) - 9e23e878-9bb3-42b5-8b94-e0e229812e65@group-D5D0288CE997-LeaderElection255 PRE_VOTE round 0: result REJECTED
2025-09-13 17:33:48,020 [9e23e878-9bb3-42b5-8b94-e0e229812e65@group-D5D0288CE997-LeaderElection255] INFO  server.RaftServer$Division (RaftServerImpl.java:setRole(392)) - 9e23e878-9bb3-42b5-8b94-e0e229812e65@group-D5D0288CE997: changes role from CANDIDATE to FOLLOWER at term 2 for REJECTED
2025-09-13 17:33:48,020 [9e23e878-9bb3-42b5-8b94-e0e229812e65@group-D5D0288CE997-LeaderElection255] INFO  impl.RoleInfo (RoleInfo.java:shutdownLeaderElection(141)) - 9e23e878-9bb3-42b5-8b94-e0e229812e65: shutdown 9e23e878-9bb3-42b5-8b94-e0e229812e65@group-D5D0288CE997-LeaderElection255
2025-09-13 17:33:48,020 [9e23e878-9bb3-42b5-8b94-e0e229812e65@group-D5D0288CE997-LeaderElection255] INFO  impl.RoleInfo (RoleInfo.java:updateAndGet(148)) - 9e23e878-9bb3-42b5-8b94-e0e229812e65: start 9e23e878-9bb3-42b5-8b94-e0e229812e65@group-D5D0288CE997-FollowerState
2025-09-13 17:33:48,705 [9e23e878-9bb3-42b5-8b94-e0e229812e65@group-CF05563D4821-FollowerState] INFO  impl.FollowerState (FollowerState.java:runImpl(161)) - 9e23e878-9bb3-42b5-8b94-e0e229812e65@group-CF05563D4821-FollowerState: change to CANDIDATE, lastRpcElapsedTime:1033986951ns, electionTimeout:1033ms
2025-09-13 17:33:48,705 [9e23e878-9bb3-42b5-8b94-e0e229812e65@group-CF05563D4821-FollowerState] INFO  impl.RoleInfo (RoleInfo.java:shutdownFollowerState(121)) - 9e23e878-9bb3-42b5-8b94-e0e229812e65: shutdown 9e23e878-9bb3-42b5-8b94-e0e229812e65@group-CF05563D4821-FollowerState
2025-09-13 17:33:48,705 [9e23e878-9bb3-42b5-8b94-e0e229812e65@group-CF05563D4821-FollowerState] INFO  server.RaftServer$Division (RaftServerImpl.java:setRole(392)) - 9e23e878-9bb3-42b5-8b94-e0e229812e65@group-CF05563D4821: changes role from  FOLLOWER to CANDIDATE at term 5 for changeToCandidate
2025-09-13 17:33:48,706 [9e23e878-9bb3-42b5-8b94-e0e229812e65@group-CF05563D4821-FollowerState] INFO  impl.RoleInfo (RoleInfo.java:updateAndGet(148)) - 9e23e878-9bb3-42b5-8b94-e0e229812e65: start 9e23e878-9bb3-42b5-8b94-e0e229812e65@group-CF05563D4821-LeaderElection256
2025-09-13 17:33:48,706 [9e23e878-9bb3-42b5-8b94-e0e229812e65@group-CF05563D4821-LeaderElection256] INFO  impl.LeaderElection (LeaderElection.java:askForVotes(448)) - 9e23e878-9bb3-42b5-8b94-e0e229812e65@group-CF05563D4821-LeaderElection256 PRE_VOTE round 0: submit vote requests at term 5 for conf: {index: 7, cur=peers:[9e23e878-9bb3-42b5-8b94-e0e229812e65|127.0.0.1:15023, 13facd30-3950-4310-8b1a-93d004abbbdd|127.0.0.1:15031, 36d876fb-a458-4393-963b-58eeedb8ba95|127.0.0.1:15015]|listeners:[], old=null}
2025-09-13 17:33:48,706 [9e23e878-9bb3-42b5-8b94-e0e229812e65@group-CF05563D4821-LeaderElection256] INFO  impl.LeaderElection (LogUtils.java:infoOrTrace(142)) - 9e23e878-9bb3-42b5-8b94-e0e229812e65@group-CF05563D4821-LeaderElection256 got exception when requesting votes: java.util.concurrent.ExecutionException: org.apache.ratis.thirdparty.io.grpc.StatusRuntimeException: UNAVAILABLE: io exception
2025-09-13 17:33:48,706 [9e23e878-9bb3-42b5-8b94-e0e229812e65@group-CF05563D4821-LeaderElection256] INFO  impl.LeaderElection (LogUtils.java:infoOrTrace(142)) - 9e23e878-9bb3-42b5-8b94-e0e229812e65@group-CF05563D4821-LeaderElection256 got exception when requesting votes: java.util.concurrent.ExecutionException: org.apache.ratis.thirdparty.io.grpc.StatusRuntimeException: UNAVAILABLE: io exception
2025-09-13 17:33:48,707 [9e23e878-9bb3-42b5-8b94-e0e229812e65@group-CF05563D4821-LeaderElection256] INFO  impl.LeaderElection (LeaderElection.java:logAndReturn(206)) - 9e23e878-9bb3-42b5-8b94-e0e229812e65@group-CF05563D4821-LeaderElection256: PRE_VOTE REJECTED received 0 response(s) and 2 exception(s):
2025-09-13 17:33:48,707 [9e23e878-9bb3-42b5-8b94-e0e229812e65@group-CF05563D4821-LeaderElection256] INFO  impl.LeaderElection (LogUtils.java:infoOrTrace(142)) -   Exception 0: java.util.concurrent.ExecutionException: org.apache.ratis.thirdparty.io.grpc.StatusRuntimeException: UNAVAILABLE: io exception
2025-09-13 17:33:48,707 [9e23e878-9bb3-42b5-8b94-e0e229812e65@group-CF05563D4821-LeaderElection256] INFO  impl.LeaderElection (LogUtils.java:infoOrTrace(142)) -   Exception 1: java.util.concurrent.ExecutionException: org.apache.ratis.thirdparty.io.grpc.StatusRuntimeException: UNAVAILABLE: io exception
2025-09-13 17:33:48,707 [9e23e878-9bb3-42b5-8b94-e0e229812e65@group-CF05563D4821-LeaderElection256] INFO  impl.LeaderElection (LeaderElection.java:askForVotes(450)) - 9e23e878-9bb3-42b5-8b94-e0e229812e65@group-CF05563D4821-LeaderElection256 PRE_VOTE round 0: result REJECTED
2025-09-13 17:33:48,707 [9e23e878-9bb3-42b5-8b94-e0e229812e65@group-CF05563D4821-LeaderElection256] INFO  server.RaftServer$Division (RaftServerImpl.java:setRole(392)) - 9e23e878-9bb3-42b5-8b94-e0e229812e65@group-CF05563D4821: changes role from CANDIDATE to FOLLOWER at term 5 for REJECTED
2025-09-13 17:33:48,707 [9e23e878-9bb3-42b5-8b94-e0e229812e65@group-CF05563D4821-LeaderElection256] INFO  impl.RoleInfo (RoleInfo.java:shutdownLeaderElection(141)) - 9e23e878-9bb3-42b5-8b94-e0e229812e65: shutdown 9e23e878-9bb3-42b5-8b94-e0e229812e65@group-CF05563D4821-LeaderElection256
2025-09-13 17:33:48,707 [9e23e878-9bb3-42b5-8b94-e0e229812e65@group-CF05563D4821-LeaderElection256] INFO  impl.RoleInfo (RoleInfo.java:updateAndGet(148)) - 9e23e878-9bb3-42b5-8b94-e0e229812e65: start 9e23e878-9bb3-42b5-8b94-e0e229812e65@group-CF05563D4821-FollowerState
2025-09-13 17:33:49,153 [9e23e878-9bb3-42b5-8b94-e0e229812e65@group-D5D0288CE997-FollowerState] INFO  impl.FollowerState (FollowerState.java:runImpl(161)) - 9e23e878-9bb3-42b5-8b94-e0e229812e65@group-D5D0288CE997-FollowerState: change to CANDIDATE, lastRpcElapsedTime:1133304143ns, electionTimeout:1133ms
2025-09-13 17:33:49,153 [9e23e878-9bb3-42b5-8b94-e0e229812e65@group-D5D0288CE997-FollowerState] INFO  impl.RoleInfo (RoleInfo.java:shutdownFollowerState(121)) - 9e23e878-9bb3-42b5-8b94-e0e229812e65: shutdown 9e23e878-9bb3-42b5-8b94-e0e229812e65@group-D5D0288CE997-FollowerState
2025-09-13 17:33:49,153 [9e23e878-9bb3-42b5-8b94-e0e229812e65@group-D5D0288CE997-FollowerState] INFO  server.RaftServer$Division (RaftServerImpl.java:setRole(392)) - 9e23e878-9bb3-42b5-8b94-e0e229812e65@group-D5D0288CE997: changes role from  FOLLOWER to CANDIDATE at term 2 for changeToCandidate
2025-09-13 17:33:49,154 [9e23e878-9bb3-42b5-8b94-e0e229812e65@group-D5D0288CE997-FollowerState] INFO  impl.RoleInfo (RoleInfo.java:updateAndGet(148)) - 9e23e878-9bb3-42b5-8b94-e0e229812e65: start 9e23e878-9bb3-42b5-8b94-e0e229812e65@group-D5D0288CE997-LeaderElection257
2025-09-13 17:33:49,154 [9e23e878-9bb3-42b5-8b94-e0e229812e65@group-D5D0288CE997-LeaderElection257] INFO  impl.LeaderElection (LeaderElection.java:askForVotes(448)) - 9e23e878-9bb3-42b5-8b94-e0e229812e65@group-D5D0288CE997-LeaderElection257 PRE_VOTE round 0: submit vote requests at term 2 for conf: {index: 16, cur=peers:[9e23e878-9bb3-42b5-8b94-e0e229812e65|127.0.0.1:15023, 13facd30-3950-4310-8b1a-93d004abbbdd|127.0.0.1:15031, 36d876fb-a458-4393-963b-58eeedb8ba95|127.0.0.1:15015]|listeners:[], old=null}
2025-09-13 17:33:49,154 [9e23e878-9bb3-42b5-8b94-e0e229812e65@group-D5D0288CE997-LeaderElection257] INFO  impl.LeaderElection (LogUtils.java:infoOrTrace(142)) - 9e23e878-9bb3-42b5-8b94-e0e229812e65@group-D5D0288CE997-LeaderElection257 got exception when requesting votes: java.util.concurrent.ExecutionException: org.apache.ratis.thirdparty.io.grpc.StatusRuntimeException: UNAVAILABLE: io exception
2025-09-13 17:33:49,154 [9e23e878-9bb3-42b5-8b94-e0e229812e65@group-D5D0288CE997-LeaderElection257] INFO  impl.LeaderElection (LogUtils.java:infoOrTrace(142)) - 9e23e878-9bb3-42b5-8b94-e0e229812e65@group-D5D0288CE997-LeaderElection257 got exception when requesting votes: java.util.concurrent.ExecutionException: org.apache.ratis.thirdparty.io.grpc.StatusRuntimeException: UNAVAILABLE: io exception
2025-09-13 17:33:49,154 [9e23e878-9bb3-42b5-8b94-e0e229812e65@group-D5D0288CE997-LeaderElection257] INFO  impl.LeaderElection (LeaderElection.java:logAndReturn(206)) - 9e23e878-9bb3-42b5-8b94-e0e229812e65@group-D5D0288CE997-LeaderElection257: PRE_VOTE REJECTED received 0 response(s) and 2 exception(s):
2025-09-13 17:33:49,154 [9e23e878-9bb3-42b5-8b94-e0e229812e65@group-D5D0288CE997-LeaderElection257] INFO  impl.LeaderElection (LogUtils.java:infoOrTrace(142)) -   Exception 0: java.util.concurrent.ExecutionException: org.apache.ratis.thirdparty.io.grpc.StatusRuntimeException: UNAVAILABLE: io exception
2025-09-13 17:33:49,154 [9e23e878-9bb3-42b5-8b94-e0e229812e65@group-D5D0288CE997-LeaderElection257] INFO  impl.LeaderElection (LogUtils.java:infoOrTrace(142)) -   Exception 1: java.util.concurrent.ExecutionException: org.apache.ratis.thirdparty.io.grpc.StatusRuntimeException: UNAVAILABLE: io exception
2025-09-13 17:33:49,155 [9e23e878-9bb3-42b5-8b94-e0e229812e65@group-D5D0288CE997-LeaderElection257] INFO  impl.LeaderElection (LeaderElection.java:askForVotes(450)) - 9e23e878-9bb3-42b5-8b94-e0e229812e65@group-D5D0288CE997-LeaderElection257 PRE_VOTE round 0: result REJECTED
2025-09-13 17:33:49,155 [9e23e878-9bb3-42b5-8b94-e0e229812e65@group-D5D0288CE997-LeaderElection257] INFO  server.RaftServer$Division (RaftServerImpl.java:setRole(392)) - 9e23e878-9bb3-42b5-8b94-e0e229812e65@group-D5D0288CE997: changes role from CANDIDATE to FOLLOWER at term 2 for REJECTED
2025-09-13 17:33:49,155 [9e23e878-9bb3-42b5-8b94-e0e229812e65@group-D5D0288CE997-LeaderElection257] INFO  impl.RoleInfo (RoleInfo.java:shutdownLeaderElection(141)) - 9e23e878-9bb3-42b5-8b94-e0e229812e65: shutdown 9e23e878-9bb3-42b5-8b94-e0e229812e65@group-D5D0288CE997-LeaderElection257
2025-09-13 17:33:49,155 [9e23e878-9bb3-42b5-8b94-e0e229812e65@group-D5D0288CE997-LeaderElection257] INFO  impl.RoleInfo (RoleInfo.java:updateAndGet(148)) - 9e23e878-9bb3-42b5-8b94-e0e229812e65: start 9e23e878-9bb3-42b5-8b94-e0e229812e65@group-D5D0288CE997-FollowerState
2025-09-13 17:33:49,750 [9e23e878-9bb3-42b5-8b94-e0e229812e65@group-CF05563D4821-FollowerState] INFO  impl.FollowerState (FollowerState.java:runImpl(161)) - 9e23e878-9bb3-42b5-8b94-e0e229812e65@group-CF05563D4821-FollowerState: change to CANDIDATE, lastRpcElapsedTime:1043296631ns, electionTimeout:1043ms
2025-09-13 17:33:49,750 [9e23e878-9bb3-42b5-8b94-e0e229812e65@group-CF05563D4821-FollowerState] INFO  impl.RoleInfo (RoleInfo.java:shutdownFollowerState(121)) - 9e23e878-9bb3-42b5-8b94-e0e229812e65: shutdown 9e23e878-9bb3-42b5-8b94-e0e229812e65@group-CF05563D4821-FollowerState
2025-09-13 17:33:49,750 [9e23e878-9bb3-42b5-8b94-e0e229812e65@group-CF05563D4821-FollowerState] INFO  server.RaftServer$Division (RaftServerImpl.java:setRole(392)) - 9e23e878-9bb3-42b5-8b94-e0e229812e65@group-CF05563D4821: changes role from  FOLLOWER to CANDIDATE at term 5 for changeToCandidate
2025-09-13 17:33:49,750 [9e23e878-9bb3-42b5-8b94-e0e229812e65@group-CF05563D4821-FollowerState] INFO  impl.RoleInfo (RoleInfo.java:updateAndGet(148)) - 9e23e878-9bb3-42b5-8b94-e0e229812e65: start 9e23e878-9bb3-42b5-8b94-e0e229812e65@group-CF05563D4821-LeaderElection258
2025-09-13 17:33:49,751 [9e23e878-9bb3-42b5-8b94-e0e229812e65@group-CF05563D4821-LeaderElection258] INFO  impl.LeaderElection (LeaderElection.java:askForVotes(448)) - 9e23e878-9bb3-42b5-8b94-e0e229812e65@group-CF05563D4821-LeaderElection258 PRE_VOTE round 0: submit vote requests at term 5 for conf: {index: 7, cur=peers:[9e23e878-9bb3-42b5-8b94-e0e229812e65|127.0.0.1:15023, 13facd30-3950-4310-8b1a-93d004abbbdd|127.0.0.1:15031, 36d876fb-a458-4393-963b-58eeedb8ba95|127.0.0.1:15015]|listeners:[], old=null}
2025-09-13 17:33:49,751 [9e23e878-9bb3-42b5-8b94-e0e229812e65@group-CF05563D4821-LeaderElection258] INFO  impl.LeaderElection (LogUtils.java:infoOrTrace(142)) - 9e23e878-9bb3-42b5-8b94-e0e229812e65@group-CF05563D4821-LeaderElection258 got exception when requesting votes: java.util.concurrent.ExecutionException: org.apache.ratis.thirdparty.io.grpc.StatusRuntimeException: UNAVAILABLE: io exception
2025-09-13 17:33:49,751 [9e23e878-9bb3-42b5-8b94-e0e229812e65@group-CF05563D4821-LeaderElection258] INFO  impl.LeaderElection (LogUtils.java:infoOrTrace(142)) - 9e23e878-9bb3-42b5-8b94-e0e229812e65@group-CF05563D4821-LeaderElection258 got exception when requesting votes: java.util.concurrent.ExecutionException: org.apache.ratis.thirdparty.io.grpc.StatusRuntimeException: UNAVAILABLE: io exception
2025-09-13 17:33:49,751 [9e23e878-9bb3-42b5-8b94-e0e229812e65@group-CF05563D4821-LeaderElection258] INFO  impl.LeaderElection (LeaderElection.java:logAndReturn(206)) - 9e23e878-9bb3-42b5-8b94-e0e229812e65@group-CF05563D4821-LeaderElection258: PRE_VOTE REJECTED received 0 response(s) and 2 exception(s):
2025-09-13 17:33:49,751 [9e23e878-9bb3-42b5-8b94-e0e229812e65@group-CF05563D4821-LeaderElection258] INFO  impl.LeaderElection (LogUtils.java:infoOrTrace(142)) -   Exception 0: java.util.concurrent.ExecutionException: org.apache.ratis.thirdparty.io.grpc.StatusRuntimeException: UNAVAILABLE: io exception
2025-09-13 17:33:49,751 [9e23e878-9bb3-42b5-8b94-e0e229812e65@group-CF05563D4821-LeaderElection258] INFO  impl.LeaderElection (LogUtils.java:infoOrTrace(142)) -   Exception 1: java.util.concurrent.ExecutionException: org.apache.ratis.thirdparty.io.grpc.StatusRuntimeException: UNAVAILABLE: io exception
2025-09-13 17:33:49,751 [9e23e878-9bb3-42b5-8b94-e0e229812e65@group-CF05563D4821-LeaderElection258] INFO  impl.LeaderElection (LeaderElection.java:askForVotes(450)) - 9e23e878-9bb3-42b5-8b94-e0e229812e65@group-CF05563D4821-LeaderElection258 PRE_VOTE round 0: result REJECTED
2025-09-13 17:33:49,751 [9e23e878-9bb3-42b5-8b94-e0e229812e65@group-CF05563D4821-LeaderElection258] INFO  server.RaftServer$Division (RaftServerImpl.java:setRole(392)) - 9e23e878-9bb3-42b5-8b94-e0e229812e65@group-CF05563D4821: changes role from CANDIDATE to FOLLOWER at term 5 for REJECTED
2025-09-13 17:33:49,751 [9e23e878-9bb3-42b5-8b94-e0e229812e65@group-CF05563D4821-LeaderElection258] INFO  impl.RoleInfo (RoleInfo.java:shutdownLeaderElection(141)) - 9e23e878-9bb3-42b5-8b94-e0e229812e65: shutdown 9e23e878-9bb3-42b5-8b94-e0e229812e65@group-CF05563D4821-LeaderElection258
2025-09-13 17:33:49,751 [9e23e878-9bb3-42b5-8b94-e0e229812e65@group-CF05563D4821-LeaderElection258] INFO  impl.RoleInfo (RoleInfo.java:updateAndGet(148)) - 9e23e878-9bb3-42b5-8b94-e0e229812e65: start 9e23e878-9bb3-42b5-8b94-e0e229812e65@group-CF05563D4821-FollowerState
2025-09-13 17:33:50,350 [9e23e878-9bb3-42b5-8b94-e0e229812e65@group-D5D0288CE997-FollowerState] INFO  impl.FollowerState (FollowerState.java:runImpl(161)) - 9e23e878-9bb3-42b5-8b94-e0e229812e65@group-D5D0288CE997-FollowerState: change to CANDIDATE, lastRpcElapsedTime:1195250376ns, electionTimeout:1195ms
2025-09-13 17:33:50,350 [9e23e878-9bb3-42b5-8b94-e0e229812e65@group-D5D0288CE997-FollowerState] INFO  impl.RoleInfo (RoleInfo.java:shutdownFollowerState(121)) - 9e23e878-9bb3-42b5-8b94-e0e229812e65: shutdown 9e23e878-9bb3-42b5-8b94-e0e229812e65@group-D5D0288CE997-FollowerState
2025-09-13 17:33:50,350 [9e23e878-9bb3-42b5-8b94-e0e229812e65@group-D5D0288CE997-FollowerState] INFO  server.RaftServer$Division (RaftServerImpl.java:setRole(392)) - 9e23e878-9bb3-42b5-8b94-e0e229812e65@group-D5D0288CE997: changes role from  FOLLOWER to CANDIDATE at term 2 for changeToCandidate
2025-09-13 17:33:50,350 [9e23e878-9bb3-42b5-8b94-e0e229812e65@group-D5D0288CE997-FollowerState] INFO  impl.RoleInfo (RoleInfo.java:updateAndGet(148)) - 9e23e878-9bb3-42b5-8b94-e0e229812e65: start 9e23e878-9bb3-42b5-8b94-e0e229812e65@group-D5D0288CE997-LeaderElection259
2025-09-13 17:33:50,351 [9e23e878-9bb3-42b5-8b94-e0e229812e65@group-D5D0288CE997-LeaderElection259] INFO  impl.LeaderElection (LeaderElection.java:askForVotes(448)) - 9e23e878-9bb3-42b5-8b94-e0e229812e65@group-D5D0288CE997-LeaderElection259 PRE_VOTE round 0: submit vote requests at term 2 for conf: {index: 16, cur=peers:[9e23e878-9bb3-42b5-8b94-e0e229812e65|127.0.0.1:15023, 13facd30-3950-4310-8b1a-93d004abbbdd|127.0.0.1:15031, 36d876fb-a458-4393-963b-58eeedb8ba95|127.0.0.1:15015]|listeners:[], old=null}
2025-09-13 17:33:50,351 [9e23e878-9bb3-42b5-8b94-e0e229812e65@group-D5D0288CE997-LeaderElection259] INFO  impl.LeaderElection (LogUtils.java:infoOrTrace(142)) - 9e23e878-9bb3-42b5-8b94-e0e229812e65@group-D5D0288CE997-LeaderElection259 got exception when requesting votes: java.util.concurrent.ExecutionException: org.apache.ratis.thirdparty.io.grpc.StatusRuntimeException: UNAVAILABLE: io exception
2025-09-13 17:33:50,351 [9e23e878-9bb3-42b5-8b94-e0e229812e65@group-D5D0288CE997-LeaderElection259] INFO  impl.LeaderElection (LogUtils.java:infoOrTrace(142)) - 9e23e878-9bb3-42b5-8b94-e0e229812e65@group-D5D0288CE997-LeaderElection259 got exception when requesting votes: java.util.concurrent.ExecutionException: org.apache.ratis.thirdparty.io.grpc.StatusRuntimeException: UNAVAILABLE: io exception
2025-09-13 17:33:50,351 [9e23e878-9bb3-42b5-8b94-e0e229812e65@group-D5D0288CE997-LeaderElection259] INFO  impl.LeaderElection (LeaderElection.java:logAndReturn(206)) - 9e23e878-9bb3-42b5-8b94-e0e229812e65@group-D5D0288CE997-LeaderElection259: PRE_VOTE REJECTED received 0 response(s) and 2 exception(s):
2025-09-13 17:33:50,351 [9e23e878-9bb3-42b5-8b94-e0e229812e65@group-D5D0288CE997-LeaderElection259] INFO  impl.LeaderElection (LogUtils.java:infoOrTrace(142)) -   Exception 0: java.util.concurrent.ExecutionException: org.apache.ratis.thirdparty.io.grpc.StatusRuntimeException: UNAVAILABLE: io exception
2025-09-13 17:33:50,351 [9e23e878-9bb3-42b5-8b94-e0e229812e65@group-D5D0288CE997-LeaderElection259] INFO  impl.LeaderElection (LogUtils.java:infoOrTrace(142)) -   Exception 1: java.util.concurrent.ExecutionException: org.apache.ratis.thirdparty.io.grpc.StatusRuntimeException: UNAVAILABLE: io exception
2025-09-13 17:33:50,351 [9e23e878-9bb3-42b5-8b94-e0e229812e65@group-D5D0288CE997-LeaderElection259] INFO  impl.LeaderElection (LeaderElection.java:askForVotes(450)) - 9e23e878-9bb3-42b5-8b94-e0e229812e65@group-D5D0288CE997-LeaderElection259 PRE_VOTE round 0: result REJECTED
2025-09-13 17:33:50,351 [9e23e878-9bb3-42b5-8b94-e0e229812e65@group-D5D0288CE997-LeaderElection259] INFO  server.RaftServer$Division (RaftServerImpl.java:setRole(392)) - 9e23e878-9bb3-42b5-8b94-e0e229812e65@group-D5D0288CE997: changes role from CANDIDATE to FOLLOWER at term 2 for REJECTED
2025-09-13 17:33:50,351 [9e23e878-9bb3-42b5-8b94-e0e229812e65@group-D5D0288CE997-LeaderElection259] INFO  impl.RoleInfo (RoleInfo.java:shutdownLeaderElection(141)) - 9e23e878-9bb3-42b5-8b94-e0e229812e65: shutdown 9e23e878-9bb3-42b5-8b94-e0e229812e65@group-D5D0288CE997-LeaderElection259
2025-09-13 17:33:50,351 [9e23e878-9bb3-42b5-8b94-e0e229812e65@group-D5D0288CE997-LeaderElection259] INFO  impl.RoleInfo (RoleInfo.java:updateAndGet(148)) - 9e23e878-9bb3-42b5-8b94-e0e229812e65: start 9e23e878-9bb3-42b5-8b94-e0e229812e65@group-D5D0288CE997-FollowerState
2025-09-13 17:33:50,788 [9e23e878-9bb3-42b5-8b94-e0e229812e65@group-CF05563D4821-FollowerState] INFO  impl.FollowerState (FollowerState.java:runImpl(161)) - 9e23e878-9bb3-42b5-8b94-e0e229812e65@group-CF05563D4821-FollowerState: change to CANDIDATE, lastRpcElapsedTime:1036283602ns, electionTimeout:1036ms
2025-09-13 17:33:50,788 [9e23e878-9bb3-42b5-8b94-e0e229812e65@group-CF05563D4821-FollowerState] INFO  impl.RoleInfo (RoleInfo.java:shutdownFollowerState(121)) - 9e23e878-9bb3-42b5-8b94-e0e229812e65: shutdown 9e23e878-9bb3-42b5-8b94-e0e229812e65@group-CF05563D4821-FollowerState
2025-09-13 17:33:50,788 [9e23e878-9bb3-42b5-8b94-e0e229812e65@group-CF05563D4821-FollowerState] INFO  server.RaftServer$Division (RaftServerImpl.java:setRole(392)) - 9e23e878-9bb3-42b5-8b94-e0e229812e65@group-CF05563D4821: changes role from  FOLLOWER to CANDIDATE at term 5 for changeToCandidate
2025-09-13 17:33:50,788 [9e23e878-9bb3-42b5-8b94-e0e229812e65@group-CF05563D4821-FollowerState] INFO  impl.RoleInfo (RoleInfo.java:updateAndGet(148)) - 9e23e878-9bb3-42b5-8b94-e0e229812e65: start 9e23e878-9bb3-42b5-8b94-e0e229812e65@group-CF05563D4821-LeaderElection260
2025-09-13 17:33:50,788 [9e23e878-9bb3-42b5-8b94-e0e229812e65@group-CF05563D4821-LeaderElection260] INFO  impl.LeaderElection (LeaderElection.java:askForVotes(448)) - 9e23e878-9bb3-42b5-8b94-e0e229812e65@group-CF05563D4821-LeaderElection260 PRE_VOTE round 0: submit vote requests at term 5 for conf: {index: 7, cur=peers:[9e23e878-9bb3-42b5-8b94-e0e229812e65|127.0.0.1:15023, 13facd30-3950-4310-8b1a-93d004abbbdd|127.0.0.1:15031, 36d876fb-a458-4393-963b-58eeedb8ba95|127.0.0.1:15015]|listeners:[], old=null}
2025-09-13 17:33:50,789 [9e23e878-9bb3-42b5-8b94-e0e229812e65@group-CF05563D4821-LeaderElection260] INFO  impl.LeaderElection (LogUtils.java:infoOrTrace(142)) - 9e23e878-9bb3-42b5-8b94-e0e229812e65@group-CF05563D4821-LeaderElection260 got exception when requesting votes: java.util.concurrent.ExecutionException: org.apache.ratis.thirdparty.io.grpc.StatusRuntimeException: UNAVAILABLE: io exception
2025-09-13 17:33:50,789 [9e23e878-9bb3-42b5-8b94-e0e229812e65@group-CF05563D4821-LeaderElection260] INFO  impl.LeaderElection (LogUtils.java:infoOrTrace(142)) - 9e23e878-9bb3-42b5-8b94-e0e229812e65@group-CF05563D4821-LeaderElection260 got exception when requesting votes: java.util.concurrent.ExecutionException: org.apache.ratis.thirdparty.io.grpc.StatusRuntimeException: UNAVAILABLE: io exception
2025-09-13 17:33:50,789 [9e23e878-9bb3-42b5-8b94-e0e229812e65@group-CF05563D4821-LeaderElection260] INFO  impl.LeaderElection (LeaderElection.java:logAndReturn(206)) - 9e23e878-9bb3-42b5-8b94-e0e229812e65@group-CF05563D4821-LeaderElection260: PRE_VOTE REJECTED received 0 response(s) and 2 exception(s):
2025-09-13 17:33:50,789 [9e23e878-9bb3-42b5-8b94-e0e229812e65@group-CF05563D4821-LeaderElection260] INFO  impl.LeaderElection (LogUtils.java:infoOrTrace(142)) -   Exception 0: java.util.concurrent.ExecutionException: org.apache.ratis.thirdparty.io.grpc.StatusRuntimeException: UNAVAILABLE: io exception
2025-09-13 17:33:50,789 [9e23e878-9bb3-42b5-8b94-e0e229812e65@group-CF05563D4821-LeaderElection260] INFO  impl.LeaderElection (LogUtils.java:infoOrTrace(142)) -   Exception 1: java.util.concurrent.ExecutionException: org.apache.ratis.thirdparty.io.grpc.StatusRuntimeException: UNAVAILABLE: io exception
2025-09-13 17:33:50,789 [9e23e878-9bb3-42b5-8b94-e0e229812e65@group-CF05563D4821-LeaderElection260] INFO  impl.LeaderElection (LeaderElection.java:askForVotes(450)) - 9e23e878-9bb3-42b5-8b94-e0e229812e65@group-CF05563D4821-LeaderElection260 PRE_VOTE round 0: result REJECTED
2025-09-13 17:33:50,789 [9e23e878-9bb3-42b5-8b94-e0e229812e65@group-CF05563D4821-LeaderElection260] INFO  server.RaftServer$Division (RaftServerImpl.java:setRole(392)) - 9e23e878-9bb3-42b5-8b94-e0e229812e65@group-CF05563D4821: changes role from CANDIDATE to FOLLOWER at term 5 for REJECTED
2025-09-13 17:33:50,789 [9e23e878-9bb3-42b5-8b94-e0e229812e65@group-CF05563D4821-LeaderElection260] INFO  impl.RoleInfo (RoleInfo.java:shutdownLeaderElection(141)) - 9e23e878-9bb3-42b5-8b94-e0e229812e65: shutdown 9e23e878-9bb3-42b5-8b94-e0e229812e65@group-CF05563D4821-LeaderElection260
2025-09-13 17:33:50,789 [9e23e878-9bb3-42b5-8b94-e0e229812e65@group-CF05563D4821-LeaderElection260] INFO  impl.RoleInfo (RoleInfo.java:updateAndGet(148)) - 9e23e878-9bb3-42b5-8b94-e0e229812e65: start 9e23e878-9bb3-42b5-8b94-e0e229812e65@group-CF05563D4821-FollowerState
2025-09-13 17:33:51,379 [9e23e878-9bb3-42b5-8b94-e0e229812e65@group-D5D0288CE997-FollowerState] INFO  impl.FollowerState (FollowerState.java:runImpl(161)) - 9e23e878-9bb3-42b5-8b94-e0e229812e65@group-D5D0288CE997-FollowerState: change to CANDIDATE, lastRpcElapsedTime:1027282596ns, electionTimeout:1027ms
2025-09-13 17:33:51,379 [9e23e878-9bb3-42b5-8b94-e0e229812e65@group-D5D0288CE997-FollowerState] INFO  impl.RoleInfo (RoleInfo.java:shutdownFollowerState(121)) - 9e23e878-9bb3-42b5-8b94-e0e229812e65: shutdown 9e23e878-9bb3-42b5-8b94-e0e229812e65@group-D5D0288CE997-FollowerState
2025-09-13 17:33:51,379 [9e23e878-9bb3-42b5-8b94-e0e229812e65@group-D5D0288CE997-FollowerState] INFO  server.RaftServer$Division (RaftServerImpl.java:setRole(392)) - 9e23e878-9bb3-42b5-8b94-e0e229812e65@group-D5D0288CE997: changes role from  FOLLOWER to CANDIDATE at term 2 for changeToCandidate
2025-09-13 17:33:51,379 [9e23e878-9bb3-42b5-8b94-e0e229812e65@group-D5D0288CE997-FollowerState] INFO  impl.RoleInfo (RoleInfo.java:updateAndGet(148)) - 9e23e878-9bb3-42b5-8b94-e0e229812e65: start 9e23e878-9bb3-42b5-8b94-e0e229812e65@group-D5D0288CE997-LeaderElection261
2025-09-13 17:33:51,379 [9e23e878-9bb3-42b5-8b94-e0e229812e65@group-D5D0288CE997-LeaderElection261] INFO  impl.LeaderElection (LeaderElection.java:askForVotes(448)) - 9e23e878-9bb3-42b5-8b94-e0e229812e65@group-D5D0288CE997-LeaderElection261 PRE_VOTE round 0: submit vote requests at term 2 for conf: {index: 16, cur=peers:[9e23e878-9bb3-42b5-8b94-e0e229812e65|127.0.0.1:15023, 13facd30-3950-4310-8b1a-93d004abbbdd|127.0.0.1:15031, 36d876fb-a458-4393-963b-58eeedb8ba95|127.0.0.1:15015]|listeners:[], old=null}
2025-09-13 17:33:51,380 [9e23e878-9bb3-42b5-8b94-e0e229812e65@group-D5D0288CE997-LeaderElection261] INFO  impl.LeaderElection (LogUtils.java:infoOrTrace(142)) - 9e23e878-9bb3-42b5-8b94-e0e229812e65@group-D5D0288CE997-LeaderElection261 got exception when requesting votes: java.util.concurrent.ExecutionException: org.apache.ratis.thirdparty.io.grpc.StatusRuntimeException: UNAVAILABLE: io exception
2025-09-13 17:33:51,380 [9e23e878-9bb3-42b5-8b94-e0e229812e65@group-D5D0288CE997-LeaderElection261] INFO  impl.LeaderElection (LogUtils.java:infoOrTrace(142)) - 9e23e878-9bb3-42b5-8b94-e0e229812e65@group-D5D0288CE997-LeaderElection261 got exception when requesting votes: java.util.concurrent.ExecutionException: org.apache.ratis.thirdparty.io.grpc.StatusRuntimeException: UNAVAILABLE: io exception
2025-09-13 17:33:51,380 [9e23e878-9bb3-42b5-8b94-e0e229812e65@group-D5D0288CE997-LeaderElection261] INFO  impl.LeaderElection (LeaderElection.java:logAndReturn(206)) - 9e23e878-9bb3-42b5-8b94-e0e229812e65@group-D5D0288CE997-LeaderElection261: PRE_VOTE REJECTED received 0 response(s) and 2 exception(s):
2025-09-13 17:33:51,380 [9e23e878-9bb3-42b5-8b94-e0e229812e65@group-D5D0288CE997-LeaderElection261] INFO  impl.LeaderElection (LogUtils.java:infoOrTrace(142)) -   Exception 0: java.util.concurrent.ExecutionException: org.apache.ratis.thirdparty.io.grpc.StatusRuntimeException: UNAVAILABLE: io exception
2025-09-13 17:33:51,380 [9e23e878-9bb3-42b5-8b94-e0e229812e65@group-D5D0288CE997-LeaderElection261] INFO  impl.LeaderElection (LogUtils.java:infoOrTrace(142)) -   Exception 1: java.util.concurrent.ExecutionException: org.apache.ratis.thirdparty.io.grpc.StatusRuntimeException: UNAVAILABLE: io exception
2025-09-13 17:33:51,380 [9e23e878-9bb3-42b5-8b94-e0e229812e65@group-D5D0288CE997-LeaderElection261] INFO  impl.LeaderElection (LeaderElection.java:askForVotes(450)) - 9e23e878-9bb3-42b5-8b94-e0e229812e65@group-D5D0288CE997-LeaderElection261 PRE_VOTE round 0: result REJECTED
2025-09-13 17:33:51,380 [9e23e878-9bb3-42b5-8b94-e0e229812e65@group-D5D0288CE997-LeaderElection261] INFO  server.RaftServer$Division (RaftServerImpl.java:setRole(392)) - 9e23e878-9bb3-42b5-8b94-e0e229812e65@group-D5D0288CE997: changes role from CANDIDATE to FOLLOWER at term 2 for REJECTED
2025-09-13 17:33:51,380 [9e23e878-9bb3-42b5-8b94-e0e229812e65@group-D5D0288CE997-LeaderElection261] INFO  impl.RoleInfo (RoleInfo.java:shutdownLeaderElection(141)) - 9e23e878-9bb3-42b5-8b94-e0e229812e65: shutdown 9e23e878-9bb3-42b5-8b94-e0e229812e65@group-D5D0288CE997-LeaderElection261
2025-09-13 17:33:51,380 [9e23e878-9bb3-42b5-8b94-e0e229812e65@group-D5D0288CE997-LeaderElection261] INFO  impl.RoleInfo (RoleInfo.java:updateAndGet(148)) - 9e23e878-9bb3-42b5-8b94-e0e229812e65: start 9e23e878-9bb3-42b5-8b94-e0e229812e65@group-D5D0288CE997-FollowerState
2025-09-13 17:33:51,901 [9e23e878-9bb3-42b5-8b94-e0e229812e65@group-CF05563D4821-FollowerState] INFO  impl.FollowerState (FollowerState.java:runImpl(161)) - 9e23e878-9bb3-42b5-8b94-e0e229812e65@group-CF05563D4821-FollowerState: change to CANDIDATE, lastRpcElapsedTime:1111334258ns, electionTimeout:1111ms
2025-09-13 17:33:51,901 [9e23e878-9bb3-42b5-8b94-e0e229812e65@group-CF05563D4821-FollowerState] INFO  impl.RoleInfo (RoleInfo.java:shutdownFollowerState(121)) - 9e23e878-9bb3-42b5-8b94-e0e229812e65: shutdown 9e23e878-9bb3-42b5-8b94-e0e229812e65@group-CF05563D4821-FollowerState
2025-09-13 17:33:51,901 [9e23e878-9bb3-42b5-8b94-e0e229812e65@group-CF05563D4821-FollowerState] INFO  server.RaftServer$Division (RaftServerImpl.java:setRole(392)) - 9e23e878-9bb3-42b5-8b94-e0e229812e65@group-CF05563D4821: changes role from  FOLLOWER to CANDIDATE at term 5 for changeToCandidate
2025-09-13 17:33:51,901 [9e23e878-9bb3-42b5-8b94-e0e229812e65@group-CF05563D4821-FollowerState] INFO  impl.RoleInfo (RoleInfo.java:updateAndGet(148)) - 9e23e878-9bb3-42b5-8b94-e0e229812e65: start 9e23e878-9bb3-42b5-8b94-e0e229812e65@group-CF05563D4821-LeaderElection262
2025-09-13 17:33:51,901 [9e23e878-9bb3-42b5-8b94-e0e229812e65@group-CF05563D4821-LeaderElection262] INFO  impl.LeaderElection (LeaderElection.java:askForVotes(448)) - 9e23e878-9bb3-42b5-8b94-e0e229812e65@group-CF05563D4821-LeaderElection262 PRE_VOTE round 0: submit vote requests at term 5 for conf: {index: 7, cur=peers:[9e23e878-9bb3-42b5-8b94-e0e229812e65|127.0.0.1:15023, 13facd30-3950-4310-8b1a-93d004abbbdd|127.0.0.1:15031, 36d876fb-a458-4393-963b-58eeedb8ba95|127.0.0.1:15015]|listeners:[], old=null}
2025-09-13 17:33:51,902 [9e23e878-9bb3-42b5-8b94-e0e229812e65@group-CF05563D4821-LeaderElection262] INFO  impl.LeaderElection (LogUtils.java:infoOrTrace(142)) - 9e23e878-9bb3-42b5-8b94-e0e229812e65@group-CF05563D4821-LeaderElection262 got exception when requesting votes: java.util.concurrent.ExecutionException: org.apache.ratis.thirdparty.io.grpc.StatusRuntimeException: UNAVAILABLE: io exception
2025-09-13 17:33:51,902 [9e23e878-9bb3-42b5-8b94-e0e229812e65@group-CF05563D4821-LeaderElection262] INFO  impl.LeaderElection (LogUtils.java:infoOrTrace(142)) - 9e23e878-9bb3-42b5-8b94-e0e229812e65@group-CF05563D4821-LeaderElection262 got exception when requesting votes: java.util.concurrent.ExecutionException: org.apache.ratis.thirdparty.io.grpc.StatusRuntimeException: UNAVAILABLE: io exception
2025-09-13 17:33:51,902 [9e23e878-9bb3-42b5-8b94-e0e229812e65@group-CF05563D4821-LeaderElection262] INFO  impl.LeaderElection (LeaderElection.java:logAndReturn(206)) - 9e23e878-9bb3-42b5-8b94-e0e229812e65@group-CF05563D4821-LeaderElection262: PRE_VOTE REJECTED received 0 response(s) and 2 exception(s):
2025-09-13 17:33:51,902 [9e23e878-9bb3-42b5-8b94-e0e229812e65@group-CF05563D4821-LeaderElection262] INFO  impl.LeaderElection (LogUtils.java:infoOrTrace(142)) -   Exception 0: java.util.concurrent.ExecutionException: org.apache.ratis.thirdparty.io.grpc.StatusRuntimeException: UNAVAILABLE: io exception
2025-09-13 17:33:51,902 [9e23e878-9bb3-42b5-8b94-e0e229812e65@group-CF05563D4821-LeaderElection262] INFO  impl.LeaderElection (LogUtils.java:infoOrTrace(142)) -   Exception 1: java.util.concurrent.ExecutionException: org.apache.ratis.thirdparty.io.grpc.StatusRuntimeException: UNAVAILABLE: io exception
2025-09-13 17:33:51,902 [9e23e878-9bb3-42b5-8b94-e0e229812e65@group-CF05563D4821-LeaderElection262] INFO  impl.LeaderElection (LeaderElection.java:askForVotes(450)) - 9e23e878-9bb3-42b5-8b94-e0e229812e65@group-CF05563D4821-LeaderElection262 PRE_VOTE round 0: result REJECTED
2025-09-13 17:33:51,902 [9e23e878-9bb3-42b5-8b94-e0e229812e65@group-CF05563D4821-LeaderElection262] INFO  server.RaftServer$Division (RaftServerImpl.java:setRole(392)) - 9e23e878-9bb3-42b5-8b94-e0e229812e65@group-CF05563D4821: changes role from CANDIDATE to FOLLOWER at term 5 for REJECTED
2025-09-13 17:33:51,902 [9e23e878-9bb3-42b5-8b94-e0e229812e65@group-CF05563D4821-LeaderElection262] INFO  impl.RoleInfo (RoleInfo.java:shutdownLeaderElection(141)) - 9e23e878-9bb3-42b5-8b94-e0e229812e65: shutdown 9e23e878-9bb3-42b5-8b94-e0e229812e65@group-CF05563D4821-LeaderElection262
2025-09-13 17:33:51,902 [9e23e878-9bb3-42b5-8b94-e0e229812e65@group-CF05563D4821-LeaderElection262] INFO  impl.RoleInfo (RoleInfo.java:updateAndGet(148)) - 9e23e878-9bb3-42b5-8b94-e0e229812e65: start 9e23e878-9bb3-42b5-8b94-e0e229812e65@group-CF05563D4821-FollowerState
2025-09-13 17:33:52,383 [grpc-default-executor-12] ERROR impl.OrderedAsync (OrderedAsync.java:lambda$null$6(215)) -  client-6B3875304329: Failed* RaftClientRequest:client-6B3875304329->13facd30-3950-4310-8b1a-93d004abbbdd@group-D5D0288CE997, cid=61, seq=6*, RW, cmdType: WriteChunk
traceID: ""
containerID: 5
datanodeUuid: "13facd30-3950-4310-8b1a-93d004abbbdd"
writeChunk {
  blockID {
    containerID: 5
    localID: 115816896921600008
    blockCommitSequenceId: 21
    replicaIndex: 0
  }
  chunkData {
    chunkName: "115816896921600008_chunk_3"
    offset: 2097152
    len: 524288
    checksumData {
      type: CRC32
      bytesPerChecksum: 16384
      checksums: "\326\360U\321"
      checksums: "\326\360U\321"
      checksums: "\326\360U\321"
      checksums: "\326\360U\321"
      checksums: "\326\360U\321"
      checksums: "\326\360U\321"
      checksums: "\326\360U\321"
      checksums: "\326\360U\321"
      checksums: "\326\360U\321"
      checksums: "\326\360U\321"
      checksums: "\326\360U\321"
      checksums: "\326\360U\321"
      checksums: "\326\360U\321"
      checksums: "\326\360U\321"
      checksums: "\326\360U\321"
      checksums: "\326\360U\321"
      checksums: "\326\360U\321"
      checksums: "\326\360U\321"
      checksums: "\326\360U\321"
      checksums: "\326\360U\321"
      checksums: "\326\360U\321"
      checksums: "\326\360U\321"
      checksums: "\326\360U\321"
      checksums: "\326\360U\321"
      checksums: "\326\360U\321"
      checksums: "\326\360U\321"
      checksums: "\326\360U\321"
      checksums: "\326\360U\321"
      checksums: "\326\360U\321"
      checksums: "\326\360U\321"
      checksums: "\326\360U\321"
      checksums: "\277r/p"
    }
  }
}
version: 3
, data.size=524288
java.util.concurrent.CompletionException: java.io.IOException: org.apache.ratis.thirdparty.io.grpc.StatusRuntimeException: UNAVAILABLE: io exception
	at java.base/java.util.concurrent.CompletableFuture.encodeThrowable(CompletableFuture.java:332)
	at java.base/java.util.concurrent.CompletableFuture.completeThrowable(CompletableFuture.java:347)
	at java.base/java.util.concurrent.CompletableFuture$UniAccept.tryFire(CompletableFuture.java:708)
	at java.base/java.util.concurrent.CompletableFuture.postComplete(CompletableFuture.java:510)
	at java.base/java.util.concurrent.CompletableFuture.completeExceptionally(CompletableFuture.java:2194)
	at org.apache.ratis.grpc.client.GrpcClientProtocolClient$AsyncStreamObservers.completeReplyExceptionally(GrpcClientProtocolClient.java:397)
	at org.apache.ratis.grpc.client.GrpcClientProtocolClient$AsyncStreamObservers.access$000(GrpcClientProtocolClient.java:303)
	at org.apache.ratis.grpc.client.GrpcClientProtocolClient$AsyncStreamObservers$1.onError(GrpcClientProtocolClient.java:334)
	at org.apache.ratis.thirdparty.io.grpc.stub.ClientCalls$StreamObserverToCallListenerAdapter.onClose(ClientCalls.java:564)
	at org.apache.ratis.thirdparty.io.grpc.PartialForwardingClientCallListener.onClose(PartialForwardingClientCallListener.java:39)
	at org.apache.ratis.thirdparty.io.grpc.ForwardingClientCallListener.onClose(ForwardingClientCallListener.java:23)
	at org.apache.ratis.grpc.metrics.intercept.client.MetricClientCallListener.onClose(MetricClientCallListener.java:47)
	at org.apache.ratis.thirdparty.io.grpc.internal.ClientCallImpl.closeObserver(ClientCallImpl.java:565)
	at org.apache.ratis.thirdparty.io.grpc.internal.ClientCallImpl.access$100(ClientCallImpl.java:72)
	at org.apache.ratis.thirdparty.io.grpc.internal.ClientCallImpl$ClientStreamListenerImpl$1StreamClosed.runInternal(ClientCallImpl.java:733)
	at org.apache.ratis.thirdparty.io.grpc.internal.ClientCallImpl$ClientStreamListenerImpl$1StreamClosed.runInContext(ClientCallImpl.java:714)
	at org.apache.ratis.thirdparty.io.grpc.internal.ContextRunnable.run(ContextRunnable.java:37)
	at org.apache.ratis.thirdparty.io.grpc.internal.SerializingExecutor.run(SerializingExecutor.java:133)
	at java.base/java.util.concurrent.ThreadPoolExecutor.runWorker(ThreadPoolExecutor.java:1144)
	at java.base/java.util.concurrent.ThreadPoolExecutor$Worker.run(ThreadPoolExecutor.java:642)
	at java.base/java.lang.Thread.run(Thread.java:1583)
Caused by: java.io.IOException: org.apache.ratis.thirdparty.io.grpc.StatusRuntimeException: UNAVAILABLE: io exception
	at org.apache.ratis.grpc.GrpcUtil.unwrapException(GrpcUtil.java:99)
	at org.apache.ratis.grpc.GrpcUtil.unwrapIOException(GrpcUtil.java:159)
	at org.apache.ratis.grpc.client.GrpcClientProtocolClient$AsyncStreamObservers$1.onError(GrpcClientProtocolClient.java:333)
	... 13 more
Caused by: org.apache.ratis.thirdparty.io.grpc.StatusRuntimeException: UNAVAILABLE: io exception
	at org.apache.ratis.thirdparty.io.grpc.Status.asRuntimeException(Status.java:532)
	... 13 more
Caused by: org.apache.ratis.thirdparty.io.netty.channel.AbstractChannel$AnnotatedConnectException: finishConnect(..) failed: Connection refused: /127.0.0.1:15029
Caused by: java.net.ConnectException: finishConnect(..) failed: Connection refused
	at org.apache.ratis.thirdparty.io.netty.channel.unix.Errors.newConnectException0(Errors.java:166)
	at org.apache.ratis.thirdparty.io.netty.channel.unix.Errors.handleConnectErrno(Errors.java:131)
	at org.apache.ratis.thirdparty.io.netty.channel.unix.Socket.finishConnect(Socket.java:359)
	at org.apache.ratis.thirdparty.io.netty.channel.epoll.AbstractEpollChannel$AbstractEpollUnsafe.doFinishConnect(AbstractEpollChannel.java:715)
	at org.apache.ratis.thirdparty.io.netty.channel.epoll.AbstractEpollChannel$AbstractEpollUnsafe.finishConnect(AbstractEpollChannel.java:692)
	at org.apache.ratis.thirdparty.io.netty.channel.epoll.AbstractEpollChannel$AbstractEpollUnsafe.epollOutReady(AbstractEpollChannel.java:567)
	at org.apache.ratis.thirdparty.io.netty.channel.epoll.EpollEventLoop.processReady(EpollEventLoop.java:491)
	at org.apache.ratis.thirdparty.io.netty.channel.epoll.EpollEventLoop.run(EpollEventLoop.java:399)
	at org.apache.ratis.thirdparty.io.netty.util.concurrent.SingleThreadEventExecutor$4.run(SingleThreadEventExecutor.java:998)
	at org.apache.ratis.thirdparty.io.netty.util.internal.ThreadExecutorMap$2.run(ThreadExecutorMap.java:74)
	at org.apache.ratis.thirdparty.io.netty.util.concurrent.FastThreadLocalRunnable.run(FastThreadLocalRunnable.java:30)
	at java.base/java.lang.Thread.run(Thread.java:1583)
2025-09-13 17:33:52,516 [9e23e878-9bb3-42b5-8b94-e0e229812e65@group-D5D0288CE997-FollowerState] INFO  impl.FollowerState (FollowerState.java:runImpl(161)) - 9e23e878-9bb3-42b5-8b94-e0e229812e65@group-D5D0288CE997-FollowerState: change to CANDIDATE, lastRpcElapsedTime:1135318108ns, electionTimeout:1135ms
2025-09-13 17:33:52,516 [9e23e878-9bb3-42b5-8b94-e0e229812e65@group-D5D0288CE997-FollowerState] INFO  impl.RoleInfo (RoleInfo.java:shutdownFollowerState(121)) - 9e23e878-9bb3-42b5-8b94-e0e229812e65: shutdown 9e23e878-9bb3-42b5-8b94-e0e229812e65@group-D5D0288CE997-FollowerState
2025-09-13 17:33:52,516 [9e23e878-9bb3-42b5-8b94-e0e229812e65@group-D5D0288CE997-FollowerState] INFO  server.RaftServer$Division (RaftServerImpl.java:setRole(392)) - 9e23e878-9bb3-42b5-8b94-e0e229812e65@group-D5D0288CE997: changes role from  FOLLOWER to CANDIDATE at term 2 for changeToCandidate
2025-09-13 17:33:52,516 [9e23e878-9bb3-42b5-8b94-e0e229812e65@group-D5D0288CE997-FollowerState] INFO  impl.RoleInfo (RoleInfo.java:updateAndGet(148)) - 9e23e878-9bb3-42b5-8b94-e0e229812e65: start 9e23e878-9bb3-42b5-8b94-e0e229812e65@group-D5D0288CE997-LeaderElection263
2025-09-13 17:33:52,516 [9e23e878-9bb3-42b5-8b94-e0e229812e65@group-D5D0288CE997-LeaderElection263] INFO  impl.LeaderElection (LeaderElection.java:askForVotes(448)) - 9e23e878-9bb3-42b5-8b94-e0e229812e65@group-D5D0288CE997-LeaderElection263 PRE_VOTE round 0: submit vote requests at term 2 for conf: {index: 16, cur=peers:[9e23e878-9bb3-42b5-8b94-e0e229812e65|127.0.0.1:15023, 13facd30-3950-4310-8b1a-93d004abbbdd|127.0.0.1:15031, 36d876fb-a458-4393-963b-58eeedb8ba95|127.0.0.1:15015]|listeners:[], old=null}
2025-09-13 17:33:52,517 [9e23e878-9bb3-42b5-8b94-e0e229812e65@group-D5D0288CE997-LeaderElection263] INFO  impl.LeaderElection (LogUtils.java:infoOrTrace(142)) - 9e23e878-9bb3-42b5-8b94-e0e229812e65@group-D5D0288CE997-LeaderElection263 got exception when requesting votes: java.util.concurrent.ExecutionException: org.apache.ratis.thirdparty.io.grpc.StatusRuntimeException: UNAVAILABLE: io exception
2025-09-13 17:33:52,517 [9e23e878-9bb3-42b5-8b94-e0e229812e65@group-D5D0288CE997-LeaderElection263] INFO  impl.LeaderElection (LogUtils.java:infoOrTrace(142)) - 9e23e878-9bb3-42b5-8b94-e0e229812e65@group-D5D0288CE997-LeaderElection263 got exception when requesting votes: java.util.concurrent.ExecutionException: org.apache.ratis.thirdparty.io.grpc.StatusRuntimeException: UNAVAILABLE: io exception
2025-09-13 17:33:52,517 [9e23e878-9bb3-42b5-8b94-e0e229812e65@group-D5D0288CE997-LeaderElection263] INFO  impl.LeaderElection (LeaderElection.java:logAndReturn(206)) - 9e23e878-9bb3-42b5-8b94-e0e229812e65@group-D5D0288CE997-LeaderElection263: PRE_VOTE REJECTED received 0 response(s) and 2 exception(s):
2025-09-13 17:33:52,517 [9e23e878-9bb3-42b5-8b94-e0e229812e65@group-D5D0288CE997-LeaderElection263] INFO  impl.LeaderElection (LogUtils.java:infoOrTrace(142)) -   Exception 0: java.util.concurrent.ExecutionException: org.apache.ratis.thirdparty.io.grpc.StatusRuntimeException: UNAVAILABLE: io exception
2025-09-13 17:33:52,517 [9e23e878-9bb3-42b5-8b94-e0e229812e65@group-D5D0288CE997-LeaderElection263] INFO  impl.LeaderElection (LogUtils.java:infoOrTrace(142)) -   Exception 1: java.util.concurrent.ExecutionException: org.apache.ratis.thirdparty.io.grpc.StatusRuntimeException: UNAVAILABLE: io exception
2025-09-13 17:33:52,517 [9e23e878-9bb3-42b5-8b94-e0e229812e65@group-D5D0288CE997-LeaderElection263] INFO  impl.LeaderElection (LeaderElection.java:askForVotes(450)) - 9e23e878-9bb3-42b5-8b94-e0e229812e65@group-D5D0288CE997-LeaderElection263 PRE_VOTE round 0: result REJECTED
2025-09-13 17:33:52,517 [9e23e878-9bb3-42b5-8b94-e0e229812e65@group-D5D0288CE997-LeaderElection263] INFO  server.RaftServer$Division (RaftServerImpl.java:setRole(392)) - 9e23e878-9bb3-42b5-8b94-e0e229812e65@group-D5D0288CE997: changes role from CANDIDATE to FOLLOWER at term 2 for REJECTED
2025-09-13 17:33:52,517 [9e23e878-9bb3-42b5-8b94-e0e229812e65@group-D5D0288CE997-LeaderElection263] INFO  impl.RoleInfo (RoleInfo.java:shutdownLeaderElection(141)) - 9e23e878-9bb3-42b5-8b94-e0e229812e65: shutdown 9e23e878-9bb3-42b5-8b94-e0e229812e65@group-D5D0288CE997-LeaderElection263
2025-09-13 17:33:52,517 [9e23e878-9bb3-42b5-8b94-e0e229812e65@group-D5D0288CE997-LeaderElection263] INFO  impl.RoleInfo (RoleInfo.java:updateAndGet(148)) - 9e23e878-9bb3-42b5-8b94-e0e229812e65: start 9e23e878-9bb3-42b5-8b94-e0e229812e65@group-D5D0288CE997-FollowerState
2025-09-13 17:33:52,937 [9e23e878-9bb3-42b5-8b94-e0e229812e65@group-CF05563D4821-FollowerState] INFO  impl.FollowerState (FollowerState.java:runImpl(161)) - 9e23e878-9bb3-42b5-8b94-e0e229812e65@group-CF05563D4821-FollowerState: change to CANDIDATE, lastRpcElapsedTime:1035381920ns, electionTimeout:1035ms
2025-09-13 17:33:52,938 [9e23e878-9bb3-42b5-8b94-e0e229812e65@group-CF05563D4821-FollowerState] INFO  impl.RoleInfo (RoleInfo.java:shutdownFollowerState(121)) - 9e23e878-9bb3-42b5-8b94-e0e229812e65: shutdown 9e23e878-9bb3-42b5-8b94-e0e229812e65@group-CF05563D4821-FollowerState
2025-09-13 17:33:52,938 [9e23e878-9bb3-42b5-8b94-e0e229812e65@group-CF05563D4821-FollowerState] INFO  server.RaftServer$Division (RaftServerImpl.java:setRole(392)) - 9e23e878-9bb3-42b5-8b94-e0e229812e65@group-CF05563D4821: changes role from  FOLLOWER to CANDIDATE at term 5 for changeToCandidate
2025-09-13 17:33:52,938 [9e23e878-9bb3-42b5-8b94-e0e229812e65@group-CF05563D4821-FollowerState] INFO  impl.RoleInfo (RoleInfo.java:updateAndGet(148)) - 9e23e878-9bb3-42b5-8b94-e0e229812e65: start 9e23e878-9bb3-42b5-8b94-e0e229812e65@group-CF05563D4821-LeaderElection264
2025-09-13 17:33:52,938 [9e23e878-9bb3-42b5-8b94-e0e229812e65@group-CF05563D4821-LeaderElection264] INFO  impl.LeaderElection (LeaderElection.java:askForVotes(448)) - 9e23e878-9bb3-42b5-8b94-e0e229812e65@group-CF05563D4821-LeaderElection264 PRE_VOTE round 0: submit vote requests at term 5 for conf: {index: 7, cur=peers:[9e23e878-9bb3-42b5-8b94-e0e229812e65|127.0.0.1:15023, 13facd30-3950-4310-8b1a-93d004abbbdd|127.0.0.1:15031, 36d876fb-a458-4393-963b-58eeedb8ba95|127.0.0.1:15015]|listeners:[], old=null}
2025-09-13 17:33:52,938 [9e23e878-9bb3-42b5-8b94-e0e229812e65@group-CF05563D4821-LeaderElection264] INFO  impl.LeaderElection (LogUtils.java:infoOrTrace(142)) - 9e23e878-9bb3-42b5-8b94-e0e229812e65@group-CF05563D4821-LeaderElection264 got exception when requesting votes: java.util.concurrent.ExecutionException: org.apache.ratis.thirdparty.io.grpc.StatusRuntimeException: UNAVAILABLE: io exception
2025-09-13 17:33:52,938 [9e23e878-9bb3-42b5-8b94-e0e229812e65@group-CF05563D4821-LeaderElection264] INFO  impl.LeaderElection (LogUtils.java:infoOrTrace(142)) - 9e23e878-9bb3-42b5-8b94-e0e229812e65@group-CF05563D4821-LeaderElection264 got exception when requesting votes: java.util.concurrent.ExecutionException: org.apache.ratis.thirdparty.io.grpc.StatusRuntimeException: UNAVAILABLE: io exception
2025-09-13 17:33:52,938 [9e23e878-9bb3-42b5-8b94-e0e229812e65@group-CF05563D4821-LeaderElection264] INFO  impl.LeaderElection (LeaderElection.java:logAndReturn(206)) - 9e23e878-9bb3-42b5-8b94-e0e229812e65@group-CF05563D4821-LeaderElection264: PRE_VOTE REJECTED received 0 response(s) and 2 exception(s):
2025-09-13 17:33:52,938 [9e23e878-9bb3-42b5-8b94-e0e229812e65@group-CF05563D4821-LeaderElection264] INFO  impl.LeaderElection (LogUtils.java:infoOrTrace(142)) -   Exception 0: java.util.concurrent.ExecutionException: org.apache.ratis.thirdparty.io.grpc.StatusRuntimeException: UNAVAILABLE: io exception
2025-09-13 17:33:52,938 [9e23e878-9bb3-42b5-8b94-e0e229812e65@group-CF05563D4821-LeaderElection264] INFO  impl.LeaderElection (LogUtils.java:infoOrTrace(142)) -   Exception 1: java.util.concurrent.ExecutionException: org.apache.ratis.thirdparty.io.grpc.StatusRuntimeException: UNAVAILABLE: io exception
2025-09-13 17:33:52,939 [9e23e878-9bb3-42b5-8b94-e0e229812e65@group-CF05563D4821-LeaderElection264] INFO  impl.LeaderElection (LeaderElection.java:askForVotes(450)) - 9e23e878-9bb3-42b5-8b94-e0e229812e65@group-CF05563D4821-LeaderElection264 PRE_VOTE round 0: result REJECTED
2025-09-13 17:33:52,939 [9e23e878-9bb3-42b5-8b94-e0e229812e65@group-CF05563D4821-LeaderElection264] INFO  server.RaftServer$Division (RaftServerImpl.java:setRole(392)) - 9e23e878-9bb3-42b5-8b94-e0e229812e65@group-CF05563D4821: changes role from CANDIDATE to FOLLOWER at term 5 for REJECTED
2025-09-13 17:33:52,939 [9e23e878-9bb3-42b5-8b94-e0e229812e65@group-CF05563D4821-LeaderElection264] INFO  impl.RoleInfo (RoleInfo.java:shutdownLeaderElection(141)) - 9e23e878-9bb3-42b5-8b94-e0e229812e65: shutdown 9e23e878-9bb3-42b5-8b94-e0e229812e65@group-CF05563D4821-LeaderElection264
2025-09-13 17:33:52,939 [9e23e878-9bb3-42b5-8b94-e0e229812e65@group-CF05563D4821-LeaderElection264] INFO  impl.RoleInfo (RoleInfo.java:updateAndGet(148)) - 9e23e878-9bb3-42b5-8b94-e0e229812e65: start 9e23e878-9bb3-42b5-8b94-e0e229812e65@group-CF05563D4821-FollowerState
2025-09-13 17:33:53,584 [9e23e878-9bb3-42b5-8b94-e0e229812e65@group-D5D0288CE997-FollowerState] INFO  impl.FollowerState (FollowerState.java:runImpl(161)) - 9e23e878-9bb3-42b5-8b94-e0e229812e65@group-D5D0288CE997-FollowerState: change to CANDIDATE, lastRpcElapsedTime:1067292705ns, electionTimeout:1067ms
2025-09-13 17:33:53,584 [9e23e878-9bb3-42b5-8b94-e0e229812e65@group-D5D0288CE997-FollowerState] INFO  impl.RoleInfo (RoleInfo.java:shutdownFollowerState(121)) - 9e23e878-9bb3-42b5-8b94-e0e229812e65: shutdown 9e23e878-9bb3-42b5-8b94-e0e229812e65@group-D5D0288CE997-FollowerState
2025-09-13 17:33:53,584 [9e23e878-9bb3-42b5-8b94-e0e229812e65@group-D5D0288CE997-FollowerState] INFO  server.RaftServer$Division (RaftServerImpl.java:setRole(392)) - 9e23e878-9bb3-42b5-8b94-e0e229812e65@group-D5D0288CE997: changes role from  FOLLOWER to CANDIDATE at term 2 for changeToCandidate
2025-09-13 17:33:53,585 [9e23e878-9bb3-42b5-8b94-e0e229812e65@group-D5D0288CE997-FollowerState] INFO  impl.RoleInfo (RoleInfo.java:updateAndGet(148)) - 9e23e878-9bb3-42b5-8b94-e0e229812e65: start 9e23e878-9bb3-42b5-8b94-e0e229812e65@group-D5D0288CE997-LeaderElection265
2025-09-13 17:33:53,585 [9e23e878-9bb3-42b5-8b94-e0e229812e65@group-D5D0288CE997-LeaderElection265] INFO  impl.LeaderElection (LeaderElection.java:askForVotes(448)) - 9e23e878-9bb3-42b5-8b94-e0e229812e65@group-D5D0288CE997-LeaderElection265 PRE_VOTE round 0: submit vote requests at term 2 for conf: {index: 16, cur=peers:[9e23e878-9bb3-42b5-8b94-e0e229812e65|127.0.0.1:15023, 13facd30-3950-4310-8b1a-93d004abbbdd|127.0.0.1:15031, 36d876fb-a458-4393-963b-58eeedb8ba95|127.0.0.1:15015]|listeners:[], old=null}
2025-09-13 17:33:53,585 [9e23e878-9bb3-42b5-8b94-e0e229812e65@group-D5D0288CE997-LeaderElection265] INFO  impl.LeaderElection (LogUtils.java:infoOrTrace(142)) - 9e23e878-9bb3-42b5-8b94-e0e229812e65@group-D5D0288CE997-LeaderElection265 got exception when requesting votes: java.util.concurrent.ExecutionException: org.apache.ratis.thirdparty.io.grpc.StatusRuntimeException: UNAVAILABLE: io exception
2025-09-13 17:33:53,585 [9e23e878-9bb3-42b5-8b94-e0e229812e65@group-D5D0288CE997-LeaderElection265] INFO  impl.LeaderElection (LogUtils.java:infoOrTrace(142)) - 9e23e878-9bb3-42b5-8b94-e0e229812e65@group-D5D0288CE997-LeaderElection265 got exception when requesting votes: java.util.concurrent.ExecutionException: org.apache.ratis.thirdparty.io.grpc.StatusRuntimeException: UNAVAILABLE: io exception
2025-09-13 17:33:53,585 [9e23e878-9bb3-42b5-8b94-e0e229812e65@group-D5D0288CE997-LeaderElection265] INFO  impl.LeaderElection (LeaderElection.java:logAndReturn(206)) - 9e23e878-9bb3-42b5-8b94-e0e229812e65@group-D5D0288CE997-LeaderElection265: PRE_VOTE REJECTED received 0 response(s) and 2 exception(s):
2025-09-13 17:33:53,585 [9e23e878-9bb3-42b5-8b94-e0e229812e65@group-D5D0288CE997-LeaderElection265] INFO  impl.LeaderElection (LogUtils.java:infoOrTrace(142)) -   Exception 0: java.util.concurrent.ExecutionException: org.apache.ratis.thirdparty.io.grpc.StatusRuntimeException: UNAVAILABLE: io exception
2025-09-13 17:33:53,585 [9e23e878-9bb3-42b5-8b94-e0e229812e65@group-D5D0288CE997-LeaderElection265] INFO  impl.LeaderElection (LogUtils.java:infoOrTrace(142)) -   Exception 1: java.util.concurrent.ExecutionException: org.apache.ratis.thirdparty.io.grpc.StatusRuntimeException: UNAVAILABLE: io exception
2025-09-13 17:33:53,585 [9e23e878-9bb3-42b5-8b94-e0e229812e65@group-D5D0288CE997-LeaderElection265] INFO  impl.LeaderElection (LeaderElection.java:askForVotes(450)) - 9e23e878-9bb3-42b5-8b94-e0e229812e65@group-D5D0288CE997-LeaderElection265 PRE_VOTE round 0: result REJECTED
2025-09-13 17:33:53,585 [9e23e878-9bb3-42b5-8b94-e0e229812e65@group-D5D0288CE997-LeaderElection265] INFO  server.RaftServer$Division (RaftServerImpl.java:setRole(392)) - 9e23e878-9bb3-42b5-8b94-e0e229812e65@group-D5D0288CE997: changes role from CANDIDATE to FOLLOWER at term 2 for REJECTED
2025-09-13 17:33:53,585 [9e23e878-9bb3-42b5-8b94-e0e229812e65@group-D5D0288CE997-LeaderElection265] INFO  impl.RoleInfo (RoleInfo.java:shutdownLeaderElection(141)) - 9e23e878-9bb3-42b5-8b94-e0e229812e65: shutdown 9e23e878-9bb3-42b5-8b94-e0e229812e65@group-D5D0288CE997-LeaderElection265
2025-09-13 17:33:53,586 [9e23e878-9bb3-42b5-8b94-e0e229812e65@group-D5D0288CE997-LeaderElection265] INFO  impl.RoleInfo (RoleInfo.java:updateAndGet(148)) - 9e23e878-9bb3-42b5-8b94-e0e229812e65: start 9e23e878-9bb3-42b5-8b94-e0e229812e65@group-D5D0288CE997-FollowerState
2025-09-13 17:33:54,064 [9e23e878-9bb3-42b5-8b94-e0e229812e65@group-CF05563D4821-FollowerState] INFO  impl.FollowerState (FollowerState.java:runImpl(161)) - 9e23e878-9bb3-42b5-8b94-e0e229812e65@group-CF05563D4821-FollowerState: change to CANDIDATE, lastRpcElapsedTime:1125261448ns, electionTimeout:1125ms
2025-09-13 17:33:54,064 [9e23e878-9bb3-42b5-8b94-e0e229812e65@group-CF05563D4821-FollowerState] INFO  impl.RoleInfo (RoleInfo.java:shutdownFollowerState(121)) - 9e23e878-9bb3-42b5-8b94-e0e229812e65: shutdown 9e23e878-9bb3-42b5-8b94-e0e229812e65@group-CF05563D4821-FollowerState
2025-09-13 17:33:54,064 [9e23e878-9bb3-42b5-8b94-e0e229812e65@group-CF05563D4821-FollowerState] INFO  server.RaftServer$Division (RaftServerImpl.java:setRole(392)) - 9e23e878-9bb3-42b5-8b94-e0e229812e65@group-CF05563D4821: changes role from  FOLLOWER to CANDIDATE at term 5 for changeToCandidate
2025-09-13 17:33:54,064 [9e23e878-9bb3-42b5-8b94-e0e229812e65@group-CF05563D4821-FollowerState] INFO  impl.RoleInfo (RoleInfo.java:updateAndGet(148)) - 9e23e878-9bb3-42b5-8b94-e0e229812e65: start 9e23e878-9bb3-42b5-8b94-e0e229812e65@group-CF05563D4821-LeaderElection266
2025-09-13 17:33:54,064 [9e23e878-9bb3-42b5-8b94-e0e229812e65@group-CF05563D4821-LeaderElection266] INFO  impl.LeaderElection (LeaderElection.java:askForVotes(448)) - 9e23e878-9bb3-42b5-8b94-e0e229812e65@group-CF05563D4821-LeaderElection266 PRE_VOTE round 0: submit vote requests at term 5 for conf: {index: 7, cur=peers:[9e23e878-9bb3-42b5-8b94-e0e229812e65|127.0.0.1:15023, 13facd30-3950-4310-8b1a-93d004abbbdd|127.0.0.1:15031, 36d876fb-a458-4393-963b-58eeedb8ba95|127.0.0.1:15015]|listeners:[], old=null}
2025-09-13 17:33:54,065 [9e23e878-9bb3-42b5-8b94-e0e229812e65@group-CF05563D4821-LeaderElection266] INFO  impl.LeaderElection (LogUtils.java:infoOrTrace(142)) - 9e23e878-9bb3-42b5-8b94-e0e229812e65@group-CF05563D4821-LeaderElection266 got exception when requesting votes: java.util.concurrent.ExecutionException: org.apache.ratis.thirdparty.io.grpc.StatusRuntimeException: UNAVAILABLE: io exception
2025-09-13 17:33:54,065 [9e23e878-9bb3-42b5-8b94-e0e229812e65@group-CF05563D4821-LeaderElection266] INFO  impl.LeaderElection (LogUtils.java:infoOrTrace(142)) - 9e23e878-9bb3-42b5-8b94-e0e229812e65@group-CF05563D4821-LeaderElection266 got exception when requesting votes: java.util.concurrent.ExecutionException: org.apache.ratis.thirdparty.io.grpc.StatusRuntimeException: UNAVAILABLE: io exception
2025-09-13 17:33:54,065 [9e23e878-9bb3-42b5-8b94-e0e229812e65@group-CF05563D4821-LeaderElection266] INFO  impl.LeaderElection (LeaderElection.java:logAndReturn(206)) - 9e23e878-9bb3-42b5-8b94-e0e229812e65@group-CF05563D4821-LeaderElection266: PRE_VOTE REJECTED received 0 response(s) and 2 exception(s):
2025-09-13 17:33:54,065 [9e23e878-9bb3-42b5-8b94-e0e229812e65@group-CF05563D4821-LeaderElection266] INFO  impl.LeaderElection (LogUtils.java:infoOrTrace(142)) -   Exception 0: java.util.concurrent.ExecutionException: org.apache.ratis.thirdparty.io.grpc.StatusRuntimeException: UNAVAILABLE: io exception
2025-09-13 17:33:54,065 [9e23e878-9bb3-42b5-8b94-e0e229812e65@group-CF05563D4821-LeaderElection266] INFO  impl.LeaderElection (LogUtils.java:infoOrTrace(142)) -   Exception 1: java.util.concurrent.ExecutionException: org.apache.ratis.thirdparty.io.grpc.StatusRuntimeException: UNAVAILABLE: io exception
2025-09-13 17:33:54,065 [9e23e878-9bb3-42b5-8b94-e0e229812e65@group-CF05563D4821-LeaderElection266] INFO  impl.LeaderElection (LeaderElection.java:askForVotes(450)) - 9e23e878-9bb3-42b5-8b94-e0e229812e65@group-CF05563D4821-LeaderElection266 PRE_VOTE round 0: result REJECTED
2025-09-13 17:33:54,065 [9e23e878-9bb3-42b5-8b94-e0e229812e65@group-CF05563D4821-LeaderElection266] INFO  server.RaftServer$Division (RaftServerImpl.java:setRole(392)) - 9e23e878-9bb3-42b5-8b94-e0e229812e65@group-CF05563D4821: changes role from CANDIDATE to FOLLOWER at term 5 for REJECTED
2025-09-13 17:33:54,065 [9e23e878-9bb3-42b5-8b94-e0e229812e65@group-CF05563D4821-LeaderElection266] INFO  impl.RoleInfo (RoleInfo.java:shutdownLeaderElection(141)) - 9e23e878-9bb3-42b5-8b94-e0e229812e65: shutdown 9e23e878-9bb3-42b5-8b94-e0e229812e65@group-CF05563D4821-LeaderElection266
2025-09-13 17:33:54,065 [9e23e878-9bb3-42b5-8b94-e0e229812e65@group-CF05563D4821-LeaderElection266] INFO  impl.RoleInfo (RoleInfo.java:updateAndGet(148)) - 9e23e878-9bb3-42b5-8b94-e0e229812e65: start 9e23e878-9bb3-42b5-8b94-e0e229812e65@group-CF05563D4821-FollowerState
2025-09-13 17:33:54,685 [9e23e878-9bb3-42b5-8b94-e0e229812e65@group-D5D0288CE997-FollowerState] INFO  impl.FollowerState (FollowerState.java:runImpl(161)) - 9e23e878-9bb3-42b5-8b94-e0e229812e65@group-D5D0288CE997-FollowerState: change to CANDIDATE, lastRpcElapsedTime:1099255854ns, electionTimeout:1099ms
2025-09-13 17:33:54,685 [9e23e878-9bb3-42b5-8b94-e0e229812e65@group-D5D0288CE997-FollowerState] INFO  impl.RoleInfo (RoleInfo.java:shutdownFollowerState(121)) - 9e23e878-9bb3-42b5-8b94-e0e229812e65: shutdown 9e23e878-9bb3-42b5-8b94-e0e229812e65@group-D5D0288CE997-FollowerState
2025-09-13 17:33:54,685 [9e23e878-9bb3-42b5-8b94-e0e229812e65@group-D5D0288CE997-FollowerState] INFO  server.RaftServer$Division (RaftServerImpl.java:setRole(392)) - 9e23e878-9bb3-42b5-8b94-e0e229812e65@group-D5D0288CE997: changes role from  FOLLOWER to CANDIDATE at term 2 for changeToCandidate
2025-09-13 17:33:54,685 [9e23e878-9bb3-42b5-8b94-e0e229812e65@group-D5D0288CE997-FollowerState] INFO  impl.RoleInfo (RoleInfo.java:updateAndGet(148)) - 9e23e878-9bb3-42b5-8b94-e0e229812e65: start 9e23e878-9bb3-42b5-8b94-e0e229812e65@group-D5D0288CE997-LeaderElection267
2025-09-13 17:33:54,685 [9e23e878-9bb3-42b5-8b94-e0e229812e65@group-D5D0288CE997-LeaderElection267] INFO  impl.LeaderElection (LeaderElection.java:askForVotes(448)) - 9e23e878-9bb3-42b5-8b94-e0e229812e65@group-D5D0288CE997-LeaderElection267 PRE_VOTE round 0: submit vote requests at term 2 for conf: {index: 16, cur=peers:[9e23e878-9bb3-42b5-8b94-e0e229812e65|127.0.0.1:15023, 13facd30-3950-4310-8b1a-93d004abbbdd|127.0.0.1:15031, 36d876fb-a458-4393-963b-58eeedb8ba95|127.0.0.1:15015]|listeners:[], old=null}
2025-09-13 17:33:54,686 [9e23e878-9bb3-42b5-8b94-e0e229812e65@group-D5D0288CE997-LeaderElection267] INFO  impl.LeaderElection (LogUtils.java:infoOrTrace(142)) - 9e23e878-9bb3-42b5-8b94-e0e229812e65@group-D5D0288CE997-LeaderElection267 got exception when requesting votes: java.util.concurrent.ExecutionException: org.apache.ratis.thirdparty.io.grpc.StatusRuntimeException: UNAVAILABLE: io exception
2025-09-13 17:33:54,686 [9e23e878-9bb3-42b5-8b94-e0e229812e65@group-D5D0288CE997-LeaderElection267] INFO  impl.LeaderElection (LogUtils.java:infoOrTrace(142)) - 9e23e878-9bb3-42b5-8b94-e0e229812e65@group-D5D0288CE997-LeaderElection267 got exception when requesting votes: java.util.concurrent.ExecutionException: org.apache.ratis.thirdparty.io.grpc.StatusRuntimeException: UNAVAILABLE: io exception
2025-09-13 17:33:54,686 [9e23e878-9bb3-42b5-8b94-e0e229812e65@group-D5D0288CE997-LeaderElection267] INFO  impl.LeaderElection (LeaderElection.java:logAndReturn(206)) - 9e23e878-9bb3-42b5-8b94-e0e229812e65@group-D5D0288CE997-LeaderElection267: PRE_VOTE REJECTED received 0 response(s) and 2 exception(s):
2025-09-13 17:33:54,686 [9e23e878-9bb3-42b5-8b94-e0e229812e65@group-D5D0288CE997-LeaderElection267] INFO  impl.LeaderElection (LogUtils.java:infoOrTrace(142)) -   Exception 0: java.util.concurrent.ExecutionException: org.apache.ratis.thirdparty.io.grpc.StatusRuntimeException: UNAVAILABLE: io exception
2025-09-13 17:33:54,686 [9e23e878-9bb3-42b5-8b94-e0e229812e65@group-D5D0288CE997-LeaderElection267] INFO  impl.LeaderElection (LogUtils.java:infoOrTrace(142)) -   Exception 1: java.util.concurrent.ExecutionException: org.apache.ratis.thirdparty.io.grpc.StatusRuntimeException: UNAVAILABLE: io exception
2025-09-13 17:33:54,686 [9e23e878-9bb3-42b5-8b94-e0e229812e65@group-D5D0288CE997-LeaderElection267] INFO  impl.LeaderElection (LeaderElection.java:askForVotes(450)) - 9e23e878-9bb3-42b5-8b94-e0e229812e65@group-D5D0288CE997-LeaderElection267 PRE_VOTE round 0: result REJECTED
2025-09-13 17:33:54,686 [9e23e878-9bb3-42b5-8b94-e0e229812e65@group-D5D0288CE997-LeaderElection267] INFO  server.RaftServer$Division (RaftServerImpl.java:setRole(392)) - 9e23e878-9bb3-42b5-8b94-e0e229812e65@group-D5D0288CE997: changes role from CANDIDATE to FOLLOWER at term 2 for REJECTED
2025-09-13 17:33:54,686 [9e23e878-9bb3-42b5-8b94-e0e229812e65@group-D5D0288CE997-LeaderElection267] INFO  impl.RoleInfo (RoleInfo.java:shutdownLeaderElection(141)) - 9e23e878-9bb3-42b5-8b94-e0e229812e65: shutdown 9e23e878-9bb3-42b5-8b94-e0e229812e65@group-D5D0288CE997-LeaderElection267
2025-09-13 17:33:54,686 [9e23e878-9bb3-42b5-8b94-e0e229812e65@group-D5D0288CE997-LeaderElection267] INFO  impl.RoleInfo (RoleInfo.java:updateAndGet(148)) - 9e23e878-9bb3-42b5-8b94-e0e229812e65: start 9e23e878-9bb3-42b5-8b94-e0e229812e65@group-D5D0288CE997-FollowerState
2025-09-13 17:33:55,223 [9e23e878-9bb3-42b5-8b94-e0e229812e65@group-CF05563D4821-FollowerState] INFO  impl.FollowerState (FollowerState.java:runImpl(161)) - 9e23e878-9bb3-42b5-8b94-e0e229812e65@group-CF05563D4821-FollowerState: change to CANDIDATE, lastRpcElapsedTime:1158262134ns, electionTimeout:1158ms
2025-09-13 17:33:55,224 [9e23e878-9bb3-42b5-8b94-e0e229812e65@group-CF05563D4821-FollowerState] INFO  impl.RoleInfo (RoleInfo.java:shutdownFollowerState(121)) - 9e23e878-9bb3-42b5-8b94-e0e229812e65: shutdown 9e23e878-9bb3-42b5-8b94-e0e229812e65@group-CF05563D4821-FollowerState
2025-09-13 17:33:55,224 [9e23e878-9bb3-42b5-8b94-e0e229812e65@group-CF05563D4821-FollowerState] INFO  server.RaftServer$Division (RaftServerImpl.java:setRole(392)) - 9e23e878-9bb3-42b5-8b94-e0e229812e65@group-CF05563D4821: changes role from  FOLLOWER to CANDIDATE at term 5 for changeToCandidate
2025-09-13 17:33:55,224 [9e23e878-9bb3-42b5-8b94-e0e229812e65@group-CF05563D4821-FollowerState] INFO  impl.RoleInfo (RoleInfo.java:updateAndGet(148)) - 9e23e878-9bb3-42b5-8b94-e0e229812e65: start 9e23e878-9bb3-42b5-8b94-e0e229812e65@group-CF05563D4821-LeaderElection268
2025-09-13 17:33:55,224 [9e23e878-9bb3-42b5-8b94-e0e229812e65@group-CF05563D4821-LeaderElection268] INFO  impl.LeaderElection (LeaderElection.java:askForVotes(448)) - 9e23e878-9bb3-42b5-8b94-e0e229812e65@group-CF05563D4821-LeaderElection268 PRE_VOTE round 0: submit vote requests at term 5 for conf: {index: 7, cur=peers:[9e23e878-9bb3-42b5-8b94-e0e229812e65|127.0.0.1:15023, 13facd30-3950-4310-8b1a-93d004abbbdd|127.0.0.1:15031, 36d876fb-a458-4393-963b-58eeedb8ba95|127.0.0.1:15015]|listeners:[], old=null}
2025-09-13 17:33:55,224 [9e23e878-9bb3-42b5-8b94-e0e229812e65@group-CF05563D4821-LeaderElection268] INFO  impl.LeaderElection (LogUtils.java:infoOrTrace(142)) - 9e23e878-9bb3-42b5-8b94-e0e229812e65@group-CF05563D4821-LeaderElection268 got exception when requesting votes: java.util.concurrent.ExecutionException: org.apache.ratis.thirdparty.io.grpc.StatusRuntimeException: UNAVAILABLE: io exception
2025-09-13 17:33:55,224 [9e23e878-9bb3-42b5-8b94-e0e229812e65@group-CF05563D4821-LeaderElection268] INFO  impl.LeaderElection (LogUtils.java:infoOrTrace(142)) - 9e23e878-9bb3-42b5-8b94-e0e229812e65@group-CF05563D4821-LeaderElection268 got exception when requesting votes: java.util.concurrent.ExecutionException: org.apache.ratis.thirdparty.io.grpc.StatusRuntimeException: UNAVAILABLE: io exception
2025-09-13 17:33:55,225 [9e23e878-9bb3-42b5-8b94-e0e229812e65@group-CF05563D4821-LeaderElection268] INFO  impl.LeaderElection (LeaderElection.java:logAndReturn(206)) - 9e23e878-9bb3-42b5-8b94-e0e229812e65@group-CF05563D4821-LeaderElection268: PRE_VOTE REJECTED received 0 response(s) and 2 exception(s):
2025-09-13 17:33:55,225 [9e23e878-9bb3-42b5-8b94-e0e229812e65@group-CF05563D4821-LeaderElection268] INFO  impl.LeaderElection (LogUtils.java:infoOrTrace(142)) -   Exception 0: java.util.concurrent.ExecutionException: org.apache.ratis.thirdparty.io.grpc.StatusRuntimeException: UNAVAILABLE: io exception
2025-09-13 17:33:55,225 [9e23e878-9bb3-42b5-8b94-e0e229812e65@group-CF05563D4821-LeaderElection268] INFO  impl.LeaderElection (LogUtils.java:infoOrTrace(142)) -   Exception 1: java.util.concurrent.ExecutionException: org.apache.ratis.thirdparty.io.grpc.StatusRuntimeException: UNAVAILABLE: io exception
2025-09-13 17:33:55,225 [9e23e878-9bb3-42b5-8b94-e0e229812e65@group-CF05563D4821-LeaderElection268] INFO  impl.LeaderElection (LeaderElection.java:askForVotes(450)) - 9e23e878-9bb3-42b5-8b94-e0e229812e65@group-CF05563D4821-LeaderElection268 PRE_VOTE round 0: result REJECTED
2025-09-13 17:33:55,225 [9e23e878-9bb3-42b5-8b94-e0e229812e65@group-CF05563D4821-LeaderElection268] INFO  server.RaftServer$Division (RaftServerImpl.java:setRole(392)) - 9e23e878-9bb3-42b5-8b94-e0e229812e65@group-CF05563D4821: changes role from CANDIDATE to FOLLOWER at term 5 for REJECTED
2025-09-13 17:33:55,225 [9e23e878-9bb3-42b5-8b94-e0e229812e65@group-CF05563D4821-LeaderElection268] INFO  impl.RoleInfo (RoleInfo.java:shutdownLeaderElection(141)) - 9e23e878-9bb3-42b5-8b94-e0e229812e65: shutdown 9e23e878-9bb3-42b5-8b94-e0e229812e65@group-CF05563D4821-LeaderElection268
2025-09-13 17:33:55,225 [9e23e878-9bb3-42b5-8b94-e0e229812e65@group-CF05563D4821-LeaderElection268] INFO  impl.RoleInfo (RoleInfo.java:updateAndGet(148)) - 9e23e878-9bb3-42b5-8b94-e0e229812e65: start 9e23e878-9bb3-42b5-8b94-e0e229812e65@group-CF05563D4821-FollowerState
2025-09-13 17:33:55,768 [9e23e878-9bb3-42b5-8b94-e0e229812e65@group-D5D0288CE997-FollowerState] INFO  impl.FollowerState (FollowerState.java:runImpl(161)) - 9e23e878-9bb3-42b5-8b94-e0e229812e65@group-D5D0288CE997-FollowerState: change to CANDIDATE, lastRpcElapsedTime:1081422381ns, electionTimeout:1081ms
2025-09-13 17:33:55,768 [9e23e878-9bb3-42b5-8b94-e0e229812e65@group-D5D0288CE997-FollowerState] INFO  impl.RoleInfo (RoleInfo.java:shutdownFollowerState(121)) - 9e23e878-9bb3-42b5-8b94-e0e229812e65: shutdown 9e23e878-9bb3-42b5-8b94-e0e229812e65@group-D5D0288CE997-FollowerState
2025-09-13 17:33:55,768 [9e23e878-9bb3-42b5-8b94-e0e229812e65@group-D5D0288CE997-FollowerState] INFO  server.RaftServer$Division (RaftServerImpl.java:setRole(392)) - 9e23e878-9bb3-42b5-8b94-e0e229812e65@group-D5D0288CE997: changes role from  FOLLOWER to CANDIDATE at term 2 for changeToCandidate
2025-09-13 17:33:55,768 [9e23e878-9bb3-42b5-8b94-e0e229812e65@group-D5D0288CE997-FollowerState] INFO  impl.RoleInfo (RoleInfo.java:updateAndGet(148)) - 9e23e878-9bb3-42b5-8b94-e0e229812e65: start 9e23e878-9bb3-42b5-8b94-e0e229812e65@group-D5D0288CE997-LeaderElection269
2025-09-13 17:33:55,768 [9e23e878-9bb3-42b5-8b94-e0e229812e65@group-D5D0288CE997-LeaderElection269] INFO  impl.LeaderElection (LeaderElection.java:askForVotes(448)) - 9e23e878-9bb3-42b5-8b94-e0e229812e65@group-D5D0288CE997-LeaderElection269 PRE_VOTE round 0: submit vote requests at term 2 for conf: {index: 16, cur=peers:[9e23e878-9bb3-42b5-8b94-e0e229812e65|127.0.0.1:15023, 13facd30-3950-4310-8b1a-93d004abbbdd|127.0.0.1:15031, 36d876fb-a458-4393-963b-58eeedb8ba95|127.0.0.1:15015]|listeners:[], old=null}
2025-09-13 17:33:55,769 [9e23e878-9bb3-42b5-8b94-e0e229812e65@group-D5D0288CE997-LeaderElection269] INFO  impl.LeaderElection (LogUtils.java:infoOrTrace(142)) - 9e23e878-9bb3-42b5-8b94-e0e229812e65@group-D5D0288CE997-LeaderElection269 got exception when requesting votes: java.util.concurrent.ExecutionException: org.apache.ratis.thirdparty.io.grpc.StatusRuntimeException: UNAVAILABLE: io exception
2025-09-13 17:33:55,769 [9e23e878-9bb3-42b5-8b94-e0e229812e65@group-D5D0288CE997-LeaderElection269] INFO  impl.LeaderElection (LogUtils.java:infoOrTrace(142)) - 9e23e878-9bb3-42b5-8b94-e0e229812e65@group-D5D0288CE997-LeaderElection269 got exception when requesting votes: java.util.concurrent.ExecutionException: org.apache.ratis.thirdparty.io.grpc.StatusRuntimeException: UNAVAILABLE: io exception
2025-09-13 17:33:55,769 [9e23e878-9bb3-42b5-8b94-e0e229812e65@group-D5D0288CE997-LeaderElection269] INFO  impl.LeaderElection (LeaderElection.java:logAndReturn(206)) - 9e23e878-9bb3-42b5-8b94-e0e229812e65@group-D5D0288CE997-LeaderElection269: PRE_VOTE REJECTED received 0 response(s) and 2 exception(s):
2025-09-13 17:33:55,769 [9e23e878-9bb3-42b5-8b94-e0e229812e65@group-D5D0288CE997-LeaderElection269] INFO  impl.LeaderElection (LogUtils.java:infoOrTrace(142)) -   Exception 0: java.util.concurrent.ExecutionException: org.apache.ratis.thirdparty.io.grpc.StatusRuntimeException: UNAVAILABLE: io exception
2025-09-13 17:33:55,769 [9e23e878-9bb3-42b5-8b94-e0e229812e65@group-D5D0288CE997-LeaderElection269] INFO  impl.LeaderElection (LogUtils.java:infoOrTrace(142)) -   Exception 1: java.util.concurrent.ExecutionException: org.apache.ratis.thirdparty.io.grpc.StatusRuntimeException: UNAVAILABLE: io exception
2025-09-13 17:33:55,769 [9e23e878-9bb3-42b5-8b94-e0e229812e65@group-D5D0288CE997-LeaderElection269] INFO  impl.LeaderElection (LeaderElection.java:askForVotes(450)) - 9e23e878-9bb3-42b5-8b94-e0e229812e65@group-D5D0288CE997-LeaderElection269 PRE_VOTE round 0: result REJECTED
2025-09-13 17:33:55,769 [9e23e878-9bb3-42b5-8b94-e0e229812e65@group-D5D0288CE997-LeaderElection269] INFO  server.RaftServer$Division (RaftServerImpl.java:setRole(392)) - 9e23e878-9bb3-42b5-8b94-e0e229812e65@group-D5D0288CE997: changes role from CANDIDATE to FOLLOWER at term 2 for REJECTED
2025-09-13 17:33:55,769 [9e23e878-9bb3-42b5-8b94-e0e229812e65@group-D5D0288CE997-LeaderElection269] INFO  impl.RoleInfo (RoleInfo.java:shutdownLeaderElection(141)) - 9e23e878-9bb3-42b5-8b94-e0e229812e65: shutdown 9e23e878-9bb3-42b5-8b94-e0e229812e65@group-D5D0288CE997-LeaderElection269
2025-09-13 17:33:55,769 [9e23e878-9bb3-42b5-8b94-e0e229812e65@group-D5D0288CE997-LeaderElection269] INFO  impl.RoleInfo (RoleInfo.java:updateAndGet(148)) - 9e23e878-9bb3-42b5-8b94-e0e229812e65: start 9e23e878-9bb3-42b5-8b94-e0e229812e65@group-D5D0288CE997-FollowerState
2025-09-13 17:33:56,421 [9e23e878-9bb3-42b5-8b94-e0e229812e65@group-CF05563D4821-FollowerState] INFO  impl.FollowerState (FollowerState.java:runImpl(161)) - 9e23e878-9bb3-42b5-8b94-e0e229812e65@group-CF05563D4821-FollowerState: change to CANDIDATE, lastRpcElapsedTime:1196296314ns, electionTimeout:1196ms
2025-09-13 17:33:56,421 [9e23e878-9bb3-42b5-8b94-e0e229812e65@group-CF05563D4821-FollowerState] INFO  impl.RoleInfo (RoleInfo.java:shutdownFollowerState(121)) - 9e23e878-9bb3-42b5-8b94-e0e229812e65: shutdown 9e23e878-9bb3-42b5-8b94-e0e229812e65@group-CF05563D4821-FollowerState
2025-09-13 17:33:56,421 [9e23e878-9bb3-42b5-8b94-e0e229812e65@group-CF05563D4821-FollowerState] INFO  server.RaftServer$Division (RaftServerImpl.java:setRole(392)) - 9e23e878-9bb3-42b5-8b94-e0e229812e65@group-CF05563D4821: changes role from  FOLLOWER to CANDIDATE at term 5 for changeToCandidate
2025-09-13 17:33:56,421 [9e23e878-9bb3-42b5-8b94-e0e229812e65@group-CF05563D4821-FollowerState] INFO  impl.RoleInfo (RoleInfo.java:updateAndGet(148)) - 9e23e878-9bb3-42b5-8b94-e0e229812e65: start 9e23e878-9bb3-42b5-8b94-e0e229812e65@group-CF05563D4821-LeaderElection270
2025-09-13 17:33:56,422 [9e23e878-9bb3-42b5-8b94-e0e229812e65@group-CF05563D4821-LeaderElection270] INFO  impl.LeaderElection (LeaderElection.java:askForVotes(448)) - 9e23e878-9bb3-42b5-8b94-e0e229812e65@group-CF05563D4821-LeaderElection270 PRE_VOTE round 0: submit vote requests at term 5 for conf: {index: 7, cur=peers:[9e23e878-9bb3-42b5-8b94-e0e229812e65|127.0.0.1:15023, 13facd30-3950-4310-8b1a-93d004abbbdd|127.0.0.1:15031, 36d876fb-a458-4393-963b-58eeedb8ba95|127.0.0.1:15015]|listeners:[], old=null}
2025-09-13 17:33:56,422 [9e23e878-9bb3-42b5-8b94-e0e229812e65@group-CF05563D4821-LeaderElection270] INFO  impl.LeaderElection (LogUtils.java:infoOrTrace(142)) - 9e23e878-9bb3-42b5-8b94-e0e229812e65@group-CF05563D4821-LeaderElection270 got exception when requesting votes: java.util.concurrent.ExecutionException: org.apache.ratis.thirdparty.io.grpc.StatusRuntimeException: UNAVAILABLE: io exception
2025-09-13 17:33:56,422 [9e23e878-9bb3-42b5-8b94-e0e229812e65@group-CF05563D4821-LeaderElection270] INFO  impl.LeaderElection (LogUtils.java:infoOrTrace(142)) - 9e23e878-9bb3-42b5-8b94-e0e229812e65@group-CF05563D4821-LeaderElection270 got exception when requesting votes: java.util.concurrent.ExecutionException: org.apache.ratis.thirdparty.io.grpc.StatusRuntimeException: UNAVAILABLE: io exception
2025-09-13 17:33:56,422 [9e23e878-9bb3-42b5-8b94-e0e229812e65@group-CF05563D4821-LeaderElection270] INFO  impl.LeaderElection (LeaderElection.java:logAndReturn(206)) - 9e23e878-9bb3-42b5-8b94-e0e229812e65@group-CF05563D4821-LeaderElection270: PRE_VOTE REJECTED received 0 response(s) and 2 exception(s):
2025-09-13 17:33:56,422 [9e23e878-9bb3-42b5-8b94-e0e229812e65@group-CF05563D4821-LeaderElection270] INFO  impl.LeaderElection (LogUtils.java:infoOrTrace(142)) -   Exception 0: java.util.concurrent.ExecutionException: org.apache.ratis.thirdparty.io.grpc.StatusRuntimeException: UNAVAILABLE: io exception
2025-09-13 17:33:56,422 [9e23e878-9bb3-42b5-8b94-e0e229812e65@group-CF05563D4821-LeaderElection270] INFO  impl.LeaderElection (LogUtils.java:infoOrTrace(142)) -   Exception 1: java.util.concurrent.ExecutionException: org.apache.ratis.thirdparty.io.grpc.StatusRuntimeException: UNAVAILABLE: io exception
2025-09-13 17:33:56,422 [9e23e878-9bb3-42b5-8b94-e0e229812e65@group-CF05563D4821-LeaderElection270] INFO  impl.LeaderElection (LeaderElection.java:askForVotes(450)) - 9e23e878-9bb3-42b5-8b94-e0e229812e65@group-CF05563D4821-LeaderElection270 PRE_VOTE round 0: result REJECTED
2025-09-13 17:33:56,422 [9e23e878-9bb3-42b5-8b94-e0e229812e65@group-CF05563D4821-LeaderElection270] INFO  server.RaftServer$Division (RaftServerImpl.java:setRole(392)) - 9e23e878-9bb3-42b5-8b94-e0e229812e65@group-CF05563D4821: changes role from CANDIDATE to FOLLOWER at term 5 for REJECTED
2025-09-13 17:33:56,422 [9e23e878-9bb3-42b5-8b94-e0e229812e65@group-CF05563D4821-LeaderElection270] INFO  impl.RoleInfo (RoleInfo.java:shutdownLeaderElection(141)) - 9e23e878-9bb3-42b5-8b94-e0e229812e65: shutdown 9e23e878-9bb3-42b5-8b94-e0e229812e65@group-CF05563D4821-LeaderElection270
2025-09-13 17:33:56,422 [9e23e878-9bb3-42b5-8b94-e0e229812e65@group-CF05563D4821-LeaderElection270] INFO  impl.RoleInfo (RoleInfo.java:updateAndGet(148)) - 9e23e878-9bb3-42b5-8b94-e0e229812e65: start 9e23e878-9bb3-42b5-8b94-e0e229812e65@group-CF05563D4821-FollowerState
2025-09-13 17:33:56,781 [9e23e878-9bb3-42b5-8b94-e0e229812e65@group-D5D0288CE997-FollowerState] INFO  impl.FollowerState (FollowerState.java:runImpl(161)) - 9e23e878-9bb3-42b5-8b94-e0e229812e65@group-D5D0288CE997-FollowerState: change to CANDIDATE, lastRpcElapsedTime:1012306906ns, electionTimeout:1012ms
2025-09-13 17:33:56,781 [9e23e878-9bb3-42b5-8b94-e0e229812e65@group-D5D0288CE997-FollowerState] INFO  impl.RoleInfo (RoleInfo.java:shutdownFollowerState(121)) - 9e23e878-9bb3-42b5-8b94-e0e229812e65: shutdown 9e23e878-9bb3-42b5-8b94-e0e229812e65@group-D5D0288CE997-FollowerState
2025-09-13 17:33:56,782 [9e23e878-9bb3-42b5-8b94-e0e229812e65@group-D5D0288CE997-FollowerState] INFO  server.RaftServer$Division (RaftServerImpl.java:setRole(392)) - 9e23e878-9bb3-42b5-8b94-e0e229812e65@group-D5D0288CE997: changes role from  FOLLOWER to CANDIDATE at term 2 for changeToCandidate
2025-09-13 17:33:56,782 [9e23e878-9bb3-42b5-8b94-e0e229812e65@group-D5D0288CE997-FollowerState] INFO  impl.RoleInfo (RoleInfo.java:updateAndGet(148)) - 9e23e878-9bb3-42b5-8b94-e0e229812e65: start 9e23e878-9bb3-42b5-8b94-e0e229812e65@group-D5D0288CE997-LeaderElection271
2025-09-13 17:33:56,782 [9e23e878-9bb3-42b5-8b94-e0e229812e65@group-D5D0288CE997-LeaderElection271] INFO  impl.LeaderElection (LeaderElection.java:askForVotes(448)) - 9e23e878-9bb3-42b5-8b94-e0e229812e65@group-D5D0288CE997-LeaderElection271 PRE_VOTE round 0: submit vote requests at term 2 for conf: {index: 16, cur=peers:[9e23e878-9bb3-42b5-8b94-e0e229812e65|127.0.0.1:15023, 13facd30-3950-4310-8b1a-93d004abbbdd|127.0.0.1:15031, 36d876fb-a458-4393-963b-58eeedb8ba95|127.0.0.1:15015]|listeners:[], old=null}
2025-09-13 17:33:56,782 [9e23e878-9bb3-42b5-8b94-e0e229812e65@group-D5D0288CE997-LeaderElection271] INFO  impl.LeaderElection (LogUtils.java:infoOrTrace(142)) - 9e23e878-9bb3-42b5-8b94-e0e229812e65@group-D5D0288CE997-LeaderElection271 got exception when requesting votes: java.util.concurrent.ExecutionException: org.apache.ratis.thirdparty.io.grpc.StatusRuntimeException: UNAVAILABLE: io exception
2025-09-13 17:33:56,782 [9e23e878-9bb3-42b5-8b94-e0e229812e65@group-D5D0288CE997-LeaderElection271] INFO  impl.LeaderElection (LogUtils.java:infoOrTrace(142)) - 9e23e878-9bb3-42b5-8b94-e0e229812e65@group-D5D0288CE997-LeaderElection271 got exception when requesting votes: java.util.concurrent.ExecutionException: org.apache.ratis.thirdparty.io.grpc.StatusRuntimeException: UNAVAILABLE: io exception
2025-09-13 17:33:56,782 [9e23e878-9bb3-42b5-8b94-e0e229812e65@group-D5D0288CE997-LeaderElection271] INFO  impl.LeaderElection (LeaderElection.java:logAndReturn(206)) - 9e23e878-9bb3-42b5-8b94-e0e229812e65@group-D5D0288CE997-LeaderElection271: PRE_VOTE REJECTED received 0 response(s) and 2 exception(s):
2025-09-13 17:33:56,782 [9e23e878-9bb3-42b5-8b94-e0e229812e65@group-D5D0288CE997-LeaderElection271] INFO  impl.LeaderElection (LogUtils.java:infoOrTrace(142)) -   Exception 0: java.util.concurrent.ExecutionException: org.apache.ratis.thirdparty.io.grpc.StatusRuntimeException: UNAVAILABLE: io exception
2025-09-13 17:33:56,782 [9e23e878-9bb3-42b5-8b94-e0e229812e65@group-D5D0288CE997-LeaderElection271] INFO  impl.LeaderElection (LogUtils.java:infoOrTrace(142)) -   Exception 1: java.util.concurrent.ExecutionException: org.apache.ratis.thirdparty.io.grpc.StatusRuntimeException: UNAVAILABLE: io exception
2025-09-13 17:33:56,783 [9e23e878-9bb3-42b5-8b94-e0e229812e65@group-D5D0288CE997-LeaderElection271] INFO  impl.LeaderElection (LeaderElection.java:askForVotes(450)) - 9e23e878-9bb3-42b5-8b94-e0e229812e65@group-D5D0288CE997-LeaderElection271 PRE_VOTE round 0: result REJECTED
2025-09-13 17:33:56,783 [9e23e878-9bb3-42b5-8b94-e0e229812e65@group-D5D0288CE997-LeaderElection271] INFO  server.RaftServer$Division (RaftServerImpl.java:setRole(392)) - 9e23e878-9bb3-42b5-8b94-e0e229812e65@group-D5D0288CE997: changes role from CANDIDATE to FOLLOWER at term 2 for REJECTED
2025-09-13 17:33:56,783 [9e23e878-9bb3-42b5-8b94-e0e229812e65@group-D5D0288CE997-LeaderElection271] INFO  impl.RoleInfo (RoleInfo.java:shutdownLeaderElection(141)) - 9e23e878-9bb3-42b5-8b94-e0e229812e65: shutdown 9e23e878-9bb3-42b5-8b94-e0e229812e65@group-D5D0288CE997-LeaderElection271
2025-09-13 17:33:56,783 [9e23e878-9bb3-42b5-8b94-e0e229812e65@group-D5D0288CE997-LeaderElection271] INFO  impl.RoleInfo (RoleInfo.java:updateAndGet(148)) - 9e23e878-9bb3-42b5-8b94-e0e229812e65: start 9e23e878-9bb3-42b5-8b94-e0e229812e65@group-D5D0288CE997-FollowerState
2025-09-13 17:33:57,535 [9e23e878-9bb3-42b5-8b94-e0e229812e65@group-CF05563D4821-FollowerState] INFO  impl.FollowerState (FollowerState.java:runImpl(161)) - 9e23e878-9bb3-42b5-8b94-e0e229812e65@group-CF05563D4821-FollowerState: change to CANDIDATE, lastRpcElapsedTime:1112272391ns, electionTimeout:1112ms
2025-09-13 17:33:57,535 [9e23e878-9bb3-42b5-8b94-e0e229812e65@group-CF05563D4821-FollowerState] INFO  impl.RoleInfo (RoleInfo.java:shutdownFollowerState(121)) - 9e23e878-9bb3-42b5-8b94-e0e229812e65: shutdown 9e23e878-9bb3-42b5-8b94-e0e229812e65@group-CF05563D4821-FollowerState
2025-09-13 17:33:57,535 [9e23e878-9bb3-42b5-8b94-e0e229812e65@group-CF05563D4821-FollowerState] INFO  server.RaftServer$Division (RaftServerImpl.java:setRole(392)) - 9e23e878-9bb3-42b5-8b94-e0e229812e65@group-CF05563D4821: changes role from  FOLLOWER to CANDIDATE at term 5 for changeToCandidate
2025-09-13 17:33:57,535 [9e23e878-9bb3-42b5-8b94-e0e229812e65@group-CF05563D4821-FollowerState] INFO  impl.RoleInfo (RoleInfo.java:updateAndGet(148)) - 9e23e878-9bb3-42b5-8b94-e0e229812e65: start 9e23e878-9bb3-42b5-8b94-e0e229812e65@group-CF05563D4821-LeaderElection272
2025-09-13 17:33:57,535 [9e23e878-9bb3-42b5-8b94-e0e229812e65@group-CF05563D4821-LeaderElection272] INFO  impl.LeaderElection (LeaderElection.java:askForVotes(448)) - 9e23e878-9bb3-42b5-8b94-e0e229812e65@group-CF05563D4821-LeaderElection272 PRE_VOTE round 0: submit vote requests at term 5 for conf: {index: 7, cur=peers:[9e23e878-9bb3-42b5-8b94-e0e229812e65|127.0.0.1:15023, 13facd30-3950-4310-8b1a-93d004abbbdd|127.0.0.1:15031, 36d876fb-a458-4393-963b-58eeedb8ba95|127.0.0.1:15015]|listeners:[], old=null}
2025-09-13 17:33:57,536 [9e23e878-9bb3-42b5-8b94-e0e229812e65@group-CF05563D4821-LeaderElection272] INFO  impl.LeaderElection (LogUtils.java:infoOrTrace(142)) - 9e23e878-9bb3-42b5-8b94-e0e229812e65@group-CF05563D4821-LeaderElection272 got exception when requesting votes: java.util.concurrent.ExecutionException: org.apache.ratis.thirdparty.io.grpc.StatusRuntimeException: UNAVAILABLE: io exception
2025-09-13 17:33:57,536 [9e23e878-9bb3-42b5-8b94-e0e229812e65@group-CF05563D4821-LeaderElection272] INFO  impl.LeaderElection (LogUtils.java:infoOrTrace(142)) - 9e23e878-9bb3-42b5-8b94-e0e229812e65@group-CF05563D4821-LeaderElection272 got exception when requesting votes: java.util.concurrent.ExecutionException: org.apache.ratis.thirdparty.io.grpc.StatusRuntimeException: UNAVAILABLE: io exception
2025-09-13 17:33:57,536 [9e23e878-9bb3-42b5-8b94-e0e229812e65@group-CF05563D4821-LeaderElection272] INFO  impl.LeaderElection (LeaderElection.java:logAndReturn(206)) - 9e23e878-9bb3-42b5-8b94-e0e229812e65@group-CF05563D4821-LeaderElection272: PRE_VOTE REJECTED received 0 response(s) and 2 exception(s):
2025-09-13 17:33:57,536 [9e23e878-9bb3-42b5-8b94-e0e229812e65@group-CF05563D4821-LeaderElection272] INFO  impl.LeaderElection (LogUtils.java:infoOrTrace(142)) -   Exception 0: java.util.concurrent.ExecutionException: org.apache.ratis.thirdparty.io.grpc.StatusRuntimeException: UNAVAILABLE: io exception
2025-09-13 17:33:57,536 [9e23e878-9bb3-42b5-8b94-e0e229812e65@group-CF05563D4821-LeaderElection272] INFO  impl.LeaderElection (LogUtils.java:infoOrTrace(142)) -   Exception 1: java.util.concurrent.ExecutionException: org.apache.ratis.thirdparty.io.grpc.StatusRuntimeException: UNAVAILABLE: io exception
2025-09-13 17:33:57,536 [9e23e878-9bb3-42b5-8b94-e0e229812e65@group-CF05563D4821-LeaderElection272] INFO  impl.LeaderElection (LeaderElection.java:askForVotes(450)) - 9e23e878-9bb3-42b5-8b94-e0e229812e65@group-CF05563D4821-LeaderElection272 PRE_VOTE round 0: result REJECTED
2025-09-13 17:33:57,536 [9e23e878-9bb3-42b5-8b94-e0e229812e65@group-CF05563D4821-LeaderElection272] INFO  server.RaftServer$Division (RaftServerImpl.java:setRole(392)) - 9e23e878-9bb3-42b5-8b94-e0e229812e65@group-CF05563D4821: changes role from CANDIDATE to FOLLOWER at term 5 for REJECTED
2025-09-13 17:33:57,536 [9e23e878-9bb3-42b5-8b94-e0e229812e65@group-CF05563D4821-LeaderElection272] INFO  impl.RoleInfo (RoleInfo.java:shutdownLeaderElection(141)) - 9e23e878-9bb3-42b5-8b94-e0e229812e65: shutdown 9e23e878-9bb3-42b5-8b94-e0e229812e65@group-CF05563D4821-LeaderElection272
2025-09-13 17:33:57,536 [9e23e878-9bb3-42b5-8b94-e0e229812e65@group-CF05563D4821-LeaderElection272] INFO  impl.RoleInfo (RoleInfo.java:updateAndGet(148)) - 9e23e878-9bb3-42b5-8b94-e0e229812e65: start 9e23e878-9bb3-42b5-8b94-e0e229812e65@group-CF05563D4821-FollowerState
2025-09-13 17:33:57,929 [9e23e878-9bb3-42b5-8b94-e0e229812e65@group-D5D0288CE997-FollowerState] INFO  impl.FollowerState (FollowerState.java:runImpl(161)) - 9e23e878-9bb3-42b5-8b94-e0e229812e65@group-D5D0288CE997-FollowerState: change to CANDIDATE, lastRpcElapsedTime:1146272993ns, electionTimeout:1146ms
2025-09-13 17:33:57,929 [9e23e878-9bb3-42b5-8b94-e0e229812e65@group-D5D0288CE997-FollowerState] INFO  impl.RoleInfo (RoleInfo.java:shutdownFollowerState(121)) - 9e23e878-9bb3-42b5-8b94-e0e229812e65: shutdown 9e23e878-9bb3-42b5-8b94-e0e229812e65@group-D5D0288CE997-FollowerState
2025-09-13 17:33:57,929 [9e23e878-9bb3-42b5-8b94-e0e229812e65@group-D5D0288CE997-FollowerState] INFO  server.RaftServer$Division (RaftServerImpl.java:setRole(392)) - 9e23e878-9bb3-42b5-8b94-e0e229812e65@group-D5D0288CE997: changes role from  FOLLOWER to CANDIDATE at term 2 for changeToCandidate
2025-09-13 17:33:57,929 [9e23e878-9bb3-42b5-8b94-e0e229812e65@group-D5D0288CE997-FollowerState] INFO  impl.RoleInfo (RoleInfo.java:updateAndGet(148)) - 9e23e878-9bb3-42b5-8b94-e0e229812e65: start 9e23e878-9bb3-42b5-8b94-e0e229812e65@group-D5D0288CE997-LeaderElection273
2025-09-13 17:33:57,929 [9e23e878-9bb3-42b5-8b94-e0e229812e65@group-D5D0288CE997-LeaderElection273] INFO  impl.LeaderElection (LeaderElection.java:askForVotes(448)) - 9e23e878-9bb3-42b5-8b94-e0e229812e65@group-D5D0288CE997-LeaderElection273 PRE_VOTE round 0: submit vote requests at term 2 for conf: {index: 16, cur=peers:[9e23e878-9bb3-42b5-8b94-e0e229812e65|127.0.0.1:15023, 13facd30-3950-4310-8b1a-93d004abbbdd|127.0.0.1:15031, 36d876fb-a458-4393-963b-58eeedb8ba95|127.0.0.1:15015]|listeners:[], old=null}
2025-09-13 17:33:57,930 [9e23e878-9bb3-42b5-8b94-e0e229812e65@group-D5D0288CE997-LeaderElection273] INFO  impl.LeaderElection (LogUtils.java:infoOrTrace(142)) - 9e23e878-9bb3-42b5-8b94-e0e229812e65@group-D5D0288CE997-LeaderElection273 got exception when requesting votes: java.util.concurrent.ExecutionException: org.apache.ratis.thirdparty.io.grpc.StatusRuntimeException: UNAVAILABLE: io exception
2025-09-13 17:33:57,930 [9e23e878-9bb3-42b5-8b94-e0e229812e65@group-D5D0288CE997-LeaderElection273] INFO  impl.LeaderElection (LogUtils.java:infoOrTrace(142)) - 9e23e878-9bb3-42b5-8b94-e0e229812e65@group-D5D0288CE997-LeaderElection273 got exception when requesting votes: java.util.concurrent.ExecutionException: org.apache.ratis.thirdparty.io.grpc.StatusRuntimeException: UNAVAILABLE: io exception
2025-09-13 17:33:57,930 [9e23e878-9bb3-42b5-8b94-e0e229812e65@group-D5D0288CE997-LeaderElection273] INFO  impl.LeaderElection (LeaderElection.java:logAndReturn(206)) - 9e23e878-9bb3-42b5-8b94-e0e229812e65@group-D5D0288CE997-LeaderElection273: PRE_VOTE REJECTED received 0 response(s) and 2 exception(s):
2025-09-13 17:33:57,930 [9e23e878-9bb3-42b5-8b94-e0e229812e65@group-D5D0288CE997-LeaderElection273] INFO  impl.LeaderElection (LogUtils.java:infoOrTrace(142)) -   Exception 0: java.util.concurrent.ExecutionException: org.apache.ratis.thirdparty.io.grpc.StatusRuntimeException: UNAVAILABLE: io exception
2025-09-13 17:33:57,930 [9e23e878-9bb3-42b5-8b94-e0e229812e65@group-D5D0288CE997-LeaderElection273] INFO  impl.LeaderElection (LogUtils.java:infoOrTrace(142)) -   Exception 1: java.util.concurrent.ExecutionException: org.apache.ratis.thirdparty.io.grpc.StatusRuntimeException: UNAVAILABLE: io exception
2025-09-13 17:33:57,930 [9e23e878-9bb3-42b5-8b94-e0e229812e65@group-D5D0288CE997-LeaderElection273] INFO  impl.LeaderElection (LeaderElection.java:askForVotes(450)) - 9e23e878-9bb3-42b5-8b94-e0e229812e65@group-D5D0288CE997-LeaderElection273 PRE_VOTE round 0: result REJECTED
2025-09-13 17:33:57,930 [9e23e878-9bb3-42b5-8b94-e0e229812e65@group-D5D0288CE997-LeaderElection273] INFO  server.RaftServer$Division (RaftServerImpl.java:setRole(392)) - 9e23e878-9bb3-42b5-8b94-e0e229812e65@group-D5D0288CE997: changes role from CANDIDATE to FOLLOWER at term 2 for REJECTED
2025-09-13 17:33:57,930 [9e23e878-9bb3-42b5-8b94-e0e229812e65@group-D5D0288CE997-LeaderElection273] INFO  impl.RoleInfo (RoleInfo.java:shutdownLeaderElection(141)) - 9e23e878-9bb3-42b5-8b94-e0e229812e65: shutdown 9e23e878-9bb3-42b5-8b94-e0e229812e65@group-D5D0288CE997-LeaderElection273
2025-09-13 17:33:57,930 [9e23e878-9bb3-42b5-8b94-e0e229812e65@group-D5D0288CE997-LeaderElection273] INFO  impl.RoleInfo (RoleInfo.java:updateAndGet(148)) - 9e23e878-9bb3-42b5-8b94-e0e229812e65: start 9e23e878-9bb3-42b5-8b94-e0e229812e65@group-D5D0288CE997-FollowerState
2025-09-13 17:33:58,668 [9e23e878-9bb3-42b5-8b94-e0e229812e65@group-CF05563D4821-FollowerState] INFO  impl.FollowerState (FollowerState.java:runImpl(161)) - 9e23e878-9bb3-42b5-8b94-e0e229812e65@group-CF05563D4821-FollowerState: change to CANDIDATE, lastRpcElapsedTime:1132268921ns, electionTimeout:1132ms
2025-09-13 17:33:58,668 [9e23e878-9bb3-42b5-8b94-e0e229812e65@group-CF05563D4821-FollowerState] INFO  impl.RoleInfo (RoleInfo.java:shutdownFollowerState(121)) - 9e23e878-9bb3-42b5-8b94-e0e229812e65: shutdown 9e23e878-9bb3-42b5-8b94-e0e229812e65@group-CF05563D4821-FollowerState
2025-09-13 17:33:58,668 [9e23e878-9bb3-42b5-8b94-e0e229812e65@group-CF05563D4821-FollowerState] INFO  server.RaftServer$Division (RaftServerImpl.java:setRole(392)) - 9e23e878-9bb3-42b5-8b94-e0e229812e65@group-CF05563D4821: changes role from  FOLLOWER to CANDIDATE at term 5 for changeToCandidate
2025-09-13 17:33:58,668 [9e23e878-9bb3-42b5-8b94-e0e229812e65@group-CF05563D4821-FollowerState] INFO  impl.RoleInfo (RoleInfo.java:updateAndGet(148)) - 9e23e878-9bb3-42b5-8b94-e0e229812e65: start 9e23e878-9bb3-42b5-8b94-e0e229812e65@group-CF05563D4821-LeaderElection274
2025-09-13 17:33:58,669 [9e23e878-9bb3-42b5-8b94-e0e229812e65@group-CF05563D4821-LeaderElection274] INFO  impl.LeaderElection (LeaderElection.java:askForVotes(448)) - 9e23e878-9bb3-42b5-8b94-e0e229812e65@group-CF05563D4821-LeaderElection274 PRE_VOTE round 0: submit vote requests at term 5 for conf: {index: 7, cur=peers:[9e23e878-9bb3-42b5-8b94-e0e229812e65|127.0.0.1:15023, 13facd30-3950-4310-8b1a-93d004abbbdd|127.0.0.1:15031, 36d876fb-a458-4393-963b-58eeedb8ba95|127.0.0.1:15015]|listeners:[], old=null}
2025-09-13 17:33:58,669 [9e23e878-9bb3-42b5-8b94-e0e229812e65@group-CF05563D4821-LeaderElection274] INFO  impl.LeaderElection (LogUtils.java:infoOrTrace(142)) - 9e23e878-9bb3-42b5-8b94-e0e229812e65@group-CF05563D4821-LeaderElection274 got exception when requesting votes: java.util.concurrent.ExecutionException: org.apache.ratis.thirdparty.io.grpc.StatusRuntimeException: UNAVAILABLE: io exception
2025-09-13 17:33:58,669 [9e23e878-9bb3-42b5-8b94-e0e229812e65@group-CF05563D4821-LeaderElection274] INFO  impl.LeaderElection (LogUtils.java:infoOrTrace(142)) - 9e23e878-9bb3-42b5-8b94-e0e229812e65@group-CF05563D4821-LeaderElection274 got exception when requesting votes: java.util.concurrent.ExecutionException: org.apache.ratis.thirdparty.io.grpc.StatusRuntimeException: UNAVAILABLE: io exception
2025-09-13 17:33:58,669 [9e23e878-9bb3-42b5-8b94-e0e229812e65@group-CF05563D4821-LeaderElection274] INFO  impl.LeaderElection (LeaderElection.java:logAndReturn(206)) - 9e23e878-9bb3-42b5-8b94-e0e229812e65@group-CF05563D4821-LeaderElection274: PRE_VOTE REJECTED received 0 response(s) and 2 exception(s):
2025-09-13 17:33:58,669 [9e23e878-9bb3-42b5-8b94-e0e229812e65@group-CF05563D4821-LeaderElection274] INFO  impl.LeaderElection (LogUtils.java:infoOrTrace(142)) -   Exception 0: java.util.concurrent.ExecutionException: org.apache.ratis.thirdparty.io.grpc.StatusRuntimeException: UNAVAILABLE: io exception
2025-09-13 17:33:58,669 [9e23e878-9bb3-42b5-8b94-e0e229812e65@group-CF05563D4821-LeaderElection274] INFO  impl.LeaderElection (LogUtils.java:infoOrTrace(142)) -   Exception 1: java.util.concurrent.ExecutionException: org.apache.ratis.thirdparty.io.grpc.StatusRuntimeException: UNAVAILABLE: io exception
2025-09-13 17:33:58,669 [9e23e878-9bb3-42b5-8b94-e0e229812e65@group-CF05563D4821-LeaderElection274] INFO  impl.LeaderElection (LeaderElection.java:askForVotes(450)) - 9e23e878-9bb3-42b5-8b94-e0e229812e65@group-CF05563D4821-LeaderElection274 PRE_VOTE round 0: result REJECTED
2025-09-13 17:33:58,670 [9e23e878-9bb3-42b5-8b94-e0e229812e65@group-CF05563D4821-LeaderElection274] INFO  server.RaftServer$Division (RaftServerImpl.java:setRole(392)) - 9e23e878-9bb3-42b5-8b94-e0e229812e65@group-CF05563D4821: changes role from CANDIDATE to FOLLOWER at term 5 for REJECTED
2025-09-13 17:33:58,670 [9e23e878-9bb3-42b5-8b94-e0e229812e65@group-CF05563D4821-LeaderElection274] INFO  impl.RoleInfo (RoleInfo.java:shutdownLeaderElection(141)) - 9e23e878-9bb3-42b5-8b94-e0e229812e65: shutdown 9e23e878-9bb3-42b5-8b94-e0e229812e65@group-CF05563D4821-LeaderElection274
2025-09-13 17:33:58,670 [9e23e878-9bb3-42b5-8b94-e0e229812e65@group-CF05563D4821-LeaderElection274] INFO  impl.RoleInfo (RoleInfo.java:updateAndGet(148)) - 9e23e878-9bb3-42b5-8b94-e0e229812e65: start 9e23e878-9bb3-42b5-8b94-e0e229812e65@group-CF05563D4821-FollowerState
2025-09-13 17:33:58,673 [grpc-default-executor-11] ERROR impl.OrderedAsync (OrderedAsync.java:lambda$null$6(215)) -  client-6B3875304329: Failed* RaftClientRequest:client-6B3875304329->36d876fb-a458-4393-963b-58eeedb8ba95@group-D5D0288CE997, cid=61, seq=6*, RW, cmdType: WriteChunk
traceID: ""
containerID: 5
datanodeUuid: "13facd30-3950-4310-8b1a-93d004abbbdd"
writeChunk {
  blockID {
    containerID: 5
    localID: 115816896921600008
    blockCommitSequenceId: 21
    replicaIndex: 0
  }
  chunkData {
    chunkName: "115816896921600008_chunk_3"
    offset: 2097152
    len: 524288
    checksumData {
      type: CRC32
      bytesPerChecksum: 16384
      checksums: "\326\360U\321"
      checksums: "\326\360U\321"
      checksums: "\326\360U\321"
      checksums: "\326\360U\321"
      checksums: "\326\360U\321"
      checksums: "\326\360U\321"
      checksums: "\326\360U\321"
      checksums: "\326\360U\321"
      checksums: "\326\360U\321"
      checksums: "\326\360U\321"
      checksums: "\326\360U\321"
      checksums: "\326\360U\321"
      checksums: "\326\360U\321"
      checksums: "\326\360U\321"
      checksums: "\326\360U\321"
      checksums: "\326\360U\321"
      checksums: "\326\360U\321"
      checksums: "\326\360U\321"
      checksums: "\326\360U\321"
      checksums: "\326\360U\321"
      checksums: "\326\360U\321"
      checksums: "\326\360U\321"
      checksums: "\326\360U\321"
      checksums: "\326\360U\321"
      checksums: "\326\360U\321"
      checksums: "\326\360U\321"
      checksums: "\326\360U\321"
      checksums: "\326\360U\321"
      checksums: "\326\360U\321"
      checksums: "\326\360U\321"
      checksums: "\326\360U\321"
      checksums: "\277r/p"
    }
  }
}
version: 3
, data.size=524288
java.util.concurrent.CompletionException: java.io.IOException: org.apache.ratis.thirdparty.io.grpc.StatusRuntimeException: UNAVAILABLE: io exception
	at java.base/java.util.concurrent.CompletableFuture.encodeThrowable(CompletableFuture.java:332)
	at java.base/java.util.concurrent.CompletableFuture.completeThrowable(CompletableFuture.java:347)
	at java.base/java.util.concurrent.CompletableFuture$UniAccept.tryFire(CompletableFuture.java:708)
	at java.base/java.util.concurrent.CompletableFuture.postComplete(CompletableFuture.java:510)
	at java.base/java.util.concurrent.CompletableFuture.completeExceptionally(CompletableFuture.java:2194)
	at org.apache.ratis.grpc.client.GrpcClientProtocolClient$AsyncStreamObservers.completeReplyExceptionally(GrpcClientProtocolClient.java:397)
	at org.apache.ratis.grpc.client.GrpcClientProtocolClient$AsyncStreamObservers.access$000(GrpcClientProtocolClient.java:303)
	at org.apache.ratis.grpc.client.GrpcClientProtocolClient$AsyncStreamObservers$1.onError(GrpcClientProtocolClient.java:334)
	at org.apache.ratis.thirdparty.io.grpc.stub.ClientCalls$StreamObserverToCallListenerAdapter.onClose(ClientCalls.java:564)
	at org.apache.ratis.thirdparty.io.grpc.PartialForwardingClientCallListener.onClose(PartialForwardingClientCallListener.java:39)
	at org.apache.ratis.thirdparty.io.grpc.ForwardingClientCallListener.onClose(ForwardingClientCallListener.java:23)
	at org.apache.ratis.grpc.metrics.intercept.client.MetricClientCallListener.onClose(MetricClientCallListener.java:47)
	at org.apache.ratis.thirdparty.io.grpc.internal.DelayedClientCall$DelayedListener$3.run(DelayedClientCall.java:489)
	at org.apache.ratis.thirdparty.io.grpc.internal.DelayedClientCall$DelayedListener.delayOrExecute(DelayedClientCall.java:453)
	at org.apache.ratis.thirdparty.io.grpc.internal.DelayedClientCall$DelayedListener.onClose(DelayedClientCall.java:486)
	at org.apache.ratis.thirdparty.io.grpc.internal.ClientCallImpl.closeObserver(ClientCallImpl.java:565)
	at org.apache.ratis.thirdparty.io.grpc.internal.ClientCallImpl.access$100(ClientCallImpl.java:72)
	at org.apache.ratis.thirdparty.io.grpc.internal.ClientCallImpl$ClientStreamListenerImpl$1StreamClosed.runInternal(ClientCallImpl.java:733)
	at org.apache.ratis.thirdparty.io.grpc.internal.ClientCallImpl$ClientStreamListenerImpl$1StreamClosed.runInContext(ClientCallImpl.java:714)
	at org.apache.ratis.thirdparty.io.grpc.internal.ContextRunnable.run(ContextRunnable.java:37)
	at org.apache.ratis.thirdparty.io.grpc.internal.SerializingExecutor.run(SerializingExecutor.java:133)
	at java.base/java.util.concurrent.ThreadPoolExecutor.runWorker(ThreadPoolExecutor.java:1144)
	at java.base/java.util.concurrent.ThreadPoolExecutor$Worker.run(ThreadPoolExecutor.java:642)
	at java.base/java.lang.Thread.run(Thread.java:1583)
Caused by: java.io.IOException: org.apache.ratis.thirdparty.io.grpc.StatusRuntimeException: UNAVAILABLE: io exception
	at org.apache.ratis.grpc.GrpcUtil.unwrapException(GrpcUtil.java:99)
	at org.apache.ratis.grpc.GrpcUtil.unwrapIOException(GrpcUtil.java:159)
	at org.apache.ratis.grpc.client.GrpcClientProtocolClient$AsyncStreamObservers$1.onError(GrpcClientProtocolClient.java:333)
	... 16 more
Caused by: org.apache.ratis.thirdparty.io.grpc.StatusRuntimeException: UNAVAILABLE: io exception
	at org.apache.ratis.thirdparty.io.grpc.Status.asRuntimeException(Status.java:532)
	... 16 more
Caused by: org.apache.ratis.thirdparty.io.netty.channel.AbstractChannel$AnnotatedConnectException: finishConnect(..) failed: Connection refused: /127.0.0.1:15013
Caused by: java.net.ConnectException: finishConnect(..) failed: Connection refused
	at org.apache.ratis.thirdparty.io.netty.channel.unix.Errors.newConnectException0(Errors.java:166)
	at org.apache.ratis.thirdparty.io.netty.channel.unix.Errors.handleConnectErrno(Errors.java:131)
	at org.apache.ratis.thirdparty.io.netty.channel.unix.Socket.finishConnect(Socket.java:359)
	at org.apache.ratis.thirdparty.io.netty.channel.epoll.AbstractEpollChannel$AbstractEpollUnsafe.doFinishConnect(AbstractEpollChannel.java:715)
	at org.apache.ratis.thirdparty.io.netty.channel.epoll.AbstractEpollChannel$AbstractEpollUnsafe.finishConnect(AbstractEpollChannel.java:692)
	at org.apache.ratis.thirdparty.io.netty.channel.epoll.AbstractEpollChannel$AbstractEpollUnsafe.epollOutReady(AbstractEpollChannel.java:567)
	at org.apache.ratis.thirdparty.io.netty.channel.epoll.EpollEventLoop.processReady(EpollEventLoop.java:491)
	at org.apache.ratis.thirdparty.io.netty.channel.epoll.EpollEventLoop.run(EpollEventLoop.java:399)
	at org.apache.ratis.thirdparty.io.netty.util.concurrent.SingleThreadEventExecutor$4.run(SingleThreadEventExecutor.java:998)
	at org.apache.ratis.thirdparty.io.netty.util.internal.ThreadExecutorMap$2.run(ThreadExecutorMap.java:74)
	at org.apache.ratis.thirdparty.io.netty.util.concurrent.FastThreadLocalRunnable.run(FastThreadLocalRunnable.java:30)
	at java.base/java.lang.Thread.run(Thread.java:1583)
2025-09-13 17:33:59,053 [9e23e878-9bb3-42b5-8b94-e0e229812e65@group-D5D0288CE997-FollowerState] INFO  impl.FollowerState (FollowerState.java:runImpl(161)) - 9e23e878-9bb3-42b5-8b94-e0e229812e65@group-D5D0288CE997-FollowerState: change to CANDIDATE, lastRpcElapsedTime:1122272814ns, electionTimeout:1122ms
2025-09-13 17:33:59,053 [9e23e878-9bb3-42b5-8b94-e0e229812e65@group-D5D0288CE997-FollowerState] INFO  impl.RoleInfo (RoleInfo.java:shutdownFollowerState(121)) - 9e23e878-9bb3-42b5-8b94-e0e229812e65: shutdown 9e23e878-9bb3-42b5-8b94-e0e229812e65@group-D5D0288CE997-FollowerState
2025-09-13 17:33:59,053 [9e23e878-9bb3-42b5-8b94-e0e229812e65@group-D5D0288CE997-FollowerState] INFO  server.RaftServer$Division (RaftServerImpl.java:setRole(392)) - 9e23e878-9bb3-42b5-8b94-e0e229812e65@group-D5D0288CE997: changes role from  FOLLOWER to CANDIDATE at term 2 for changeToCandidate
2025-09-13 17:33:59,053 [9e23e878-9bb3-42b5-8b94-e0e229812e65@group-D5D0288CE997-FollowerState] INFO  impl.RoleInfo (RoleInfo.java:updateAndGet(148)) - 9e23e878-9bb3-42b5-8b94-e0e229812e65: start 9e23e878-9bb3-42b5-8b94-e0e229812e65@group-D5D0288CE997-LeaderElection275
2025-09-13 17:33:59,053 [9e23e878-9bb3-42b5-8b94-e0e229812e65@group-D5D0288CE997-LeaderElection275] INFO  impl.LeaderElection (LeaderElection.java:askForVotes(448)) - 9e23e878-9bb3-42b5-8b94-e0e229812e65@group-D5D0288CE997-LeaderElection275 PRE_VOTE round 0: submit vote requests at term 2 for conf: {index: 16, cur=peers:[9e23e878-9bb3-42b5-8b94-e0e229812e65|127.0.0.1:15023, 13facd30-3950-4310-8b1a-93d004abbbdd|127.0.0.1:15031, 36d876fb-a458-4393-963b-58eeedb8ba95|127.0.0.1:15015]|listeners:[], old=null}
2025-09-13 17:33:59,053 [9e23e878-9bb3-42b5-8b94-e0e229812e65@group-D5D0288CE997-LeaderElection275] INFO  impl.LeaderElection (LogUtils.java:infoOrTrace(142)) - 9e23e878-9bb3-42b5-8b94-e0e229812e65@group-D5D0288CE997-LeaderElection275 got exception when requesting votes: java.util.concurrent.ExecutionException: org.apache.ratis.thirdparty.io.grpc.StatusRuntimeException: UNAVAILABLE: io exception
2025-09-13 17:33:59,053 [9e23e878-9bb3-42b5-8b94-e0e229812e65@group-D5D0288CE997-LeaderElection275] INFO  impl.LeaderElection (LogUtils.java:infoOrTrace(142)) - 9e23e878-9bb3-42b5-8b94-e0e229812e65@group-D5D0288CE997-LeaderElection275 got exception when requesting votes: java.util.concurrent.ExecutionException: org.apache.ratis.thirdparty.io.grpc.StatusRuntimeException: UNAVAILABLE: io exception
2025-09-13 17:33:59,053 [9e23e878-9bb3-42b5-8b94-e0e229812e65@group-D5D0288CE997-LeaderElection275] INFO  impl.LeaderElection (LeaderElection.java:logAndReturn(206)) - 9e23e878-9bb3-42b5-8b94-e0e229812e65@group-D5D0288CE997-LeaderElection275: PRE_VOTE REJECTED received 0 response(s) and 2 exception(s):
2025-09-13 17:33:59,054 [9e23e878-9bb3-42b5-8b94-e0e229812e65@group-D5D0288CE997-LeaderElection275] INFO  impl.LeaderElection (LogUtils.java:infoOrTrace(142)) -   Exception 0: java.util.concurrent.ExecutionException: org.apache.ratis.thirdparty.io.grpc.StatusRuntimeException: UNAVAILABLE: io exception
2025-09-13 17:33:59,054 [9e23e878-9bb3-42b5-8b94-e0e229812e65@group-D5D0288CE997-LeaderElection275] INFO  impl.LeaderElection (LogUtils.java:infoOrTrace(142)) -   Exception 1: java.util.concurrent.ExecutionException: org.apache.ratis.thirdparty.io.grpc.StatusRuntimeException: UNAVAILABLE: io exception
2025-09-13 17:33:59,054 [9e23e878-9bb3-42b5-8b94-e0e229812e65@group-D5D0288CE997-LeaderElection275] INFO  impl.LeaderElection (LeaderElection.java:askForVotes(450)) - 9e23e878-9bb3-42b5-8b94-e0e229812e65@group-D5D0288CE997-LeaderElection275 PRE_VOTE round 0: result REJECTED
2025-09-13 17:33:59,054 [9e23e878-9bb3-42b5-8b94-e0e229812e65@group-D5D0288CE997-LeaderElection275] INFO  server.RaftServer$Division (RaftServerImpl.java:setRole(392)) - 9e23e878-9bb3-42b5-8b94-e0e229812e65@group-D5D0288CE997: changes role from CANDIDATE to FOLLOWER at term 2 for REJECTED
2025-09-13 17:33:59,054 [9e23e878-9bb3-42b5-8b94-e0e229812e65@group-D5D0288CE997-LeaderElection275] INFO  impl.RoleInfo (RoleInfo.java:shutdownLeaderElection(141)) - 9e23e878-9bb3-42b5-8b94-e0e229812e65: shutdown 9e23e878-9bb3-42b5-8b94-e0e229812e65@group-D5D0288CE997-LeaderElection275
2025-09-13 17:33:59,054 [9e23e878-9bb3-42b5-8b94-e0e229812e65@group-D5D0288CE997-LeaderElection275] INFO  impl.RoleInfo (RoleInfo.java:updateAndGet(148)) - 9e23e878-9bb3-42b5-8b94-e0e229812e65: start 9e23e878-9bb3-42b5-8b94-e0e229812e65@group-D5D0288CE997-FollowerState
2025-09-13 17:33:59,798 [9e23e878-9bb3-42b5-8b94-e0e229812e65@group-CF05563D4821-FollowerState] INFO  impl.FollowerState (FollowerState.java:runImpl(161)) - 9e23e878-9bb3-42b5-8b94-e0e229812e65@group-CF05563D4821-FollowerState: change to CANDIDATE, lastRpcElapsedTime:1128295254ns, electionTimeout:1128ms
2025-09-13 17:33:59,798 [9e23e878-9bb3-42b5-8b94-e0e229812e65@group-CF05563D4821-FollowerState] INFO  impl.RoleInfo (RoleInfo.java:shutdownFollowerState(121)) - 9e23e878-9bb3-42b5-8b94-e0e229812e65: shutdown 9e23e878-9bb3-42b5-8b94-e0e229812e65@group-CF05563D4821-FollowerState
2025-09-13 17:33:59,798 [9e23e878-9bb3-42b5-8b94-e0e229812e65@group-CF05563D4821-FollowerState] INFO  server.RaftServer$Division (RaftServerImpl.java:setRole(392)) - 9e23e878-9bb3-42b5-8b94-e0e229812e65@group-CF05563D4821: changes role from  FOLLOWER to CANDIDATE at term 5 for changeToCandidate
2025-09-13 17:33:59,798 [9e23e878-9bb3-42b5-8b94-e0e229812e65@group-CF05563D4821-FollowerState] INFO  impl.RoleInfo (RoleInfo.java:updateAndGet(148)) - 9e23e878-9bb3-42b5-8b94-e0e229812e65: start 9e23e878-9bb3-42b5-8b94-e0e229812e65@group-CF05563D4821-LeaderElection276
2025-09-13 17:33:59,799 [9e23e878-9bb3-42b5-8b94-e0e229812e65@group-CF05563D4821-LeaderElection276] INFO  impl.LeaderElection (LeaderElection.java:askForVotes(448)) - 9e23e878-9bb3-42b5-8b94-e0e229812e65@group-CF05563D4821-LeaderElection276 PRE_VOTE round 0: submit vote requests at term 5 for conf: {index: 7, cur=peers:[9e23e878-9bb3-42b5-8b94-e0e229812e65|127.0.0.1:15023, 13facd30-3950-4310-8b1a-93d004abbbdd|127.0.0.1:15031, 36d876fb-a458-4393-963b-58eeedb8ba95|127.0.0.1:15015]|listeners:[], old=null}
2025-09-13 17:33:59,799 [9e23e878-9bb3-42b5-8b94-e0e229812e65@group-CF05563D4821-LeaderElection276] INFO  impl.LeaderElection (LogUtils.java:infoOrTrace(142)) - 9e23e878-9bb3-42b5-8b94-e0e229812e65@group-CF05563D4821-LeaderElection276 got exception when requesting votes: java.util.concurrent.ExecutionException: org.apache.ratis.thirdparty.io.grpc.StatusRuntimeException: UNAVAILABLE: io exception
2025-09-13 17:33:59,799 [9e23e878-9bb3-42b5-8b94-e0e229812e65@group-CF05563D4821-LeaderElection276] INFO  impl.LeaderElection (LogUtils.java:infoOrTrace(142)) - 9e23e878-9bb3-42b5-8b94-e0e229812e65@group-CF05563D4821-LeaderElection276 got exception when requesting votes: java.util.concurrent.ExecutionException: org.apache.ratis.thirdparty.io.grpc.StatusRuntimeException: UNAVAILABLE: io exception
2025-09-13 17:33:59,799 [9e23e878-9bb3-42b5-8b94-e0e229812e65@group-CF05563D4821-LeaderElection276] INFO  impl.LeaderElection (LeaderElection.java:logAndReturn(206)) - 9e23e878-9bb3-42b5-8b94-e0e229812e65@group-CF05563D4821-LeaderElection276: PRE_VOTE REJECTED received 0 response(s) and 2 exception(s):
2025-09-13 17:33:59,799 [9e23e878-9bb3-42b5-8b94-e0e229812e65@group-CF05563D4821-LeaderElection276] INFO  impl.LeaderElection (LogUtils.java:infoOrTrace(142)) -   Exception 0: java.util.concurrent.ExecutionException: org.apache.ratis.thirdparty.io.grpc.StatusRuntimeException: UNAVAILABLE: io exception
2025-09-13 17:33:59,799 [9e23e878-9bb3-42b5-8b94-e0e229812e65@group-CF05563D4821-LeaderElection276] INFO  impl.LeaderElection (LogUtils.java:infoOrTrace(142)) -   Exception 1: java.util.concurrent.ExecutionException: org.apache.ratis.thirdparty.io.grpc.StatusRuntimeException: UNAVAILABLE: io exception
2025-09-13 17:33:59,799 [9e23e878-9bb3-42b5-8b94-e0e229812e65@group-CF05563D4821-LeaderElection276] INFO  impl.LeaderElection (LeaderElection.java:askForVotes(450)) - 9e23e878-9bb3-42b5-8b94-e0e229812e65@group-CF05563D4821-LeaderElection276 PRE_VOTE round 0: result REJECTED
2025-09-13 17:33:59,799 [9e23e878-9bb3-42b5-8b94-e0e229812e65@group-CF05563D4821-LeaderElection276] INFO  server.RaftServer$Division (RaftServerImpl.java:setRole(392)) - 9e23e878-9bb3-42b5-8b94-e0e229812e65@group-CF05563D4821: changes role from CANDIDATE to FOLLOWER at term 5 for REJECTED
2025-09-13 17:33:59,799 [9e23e878-9bb3-42b5-8b94-e0e229812e65@group-CF05563D4821-LeaderElection276] INFO  impl.RoleInfo (RoleInfo.java:shutdownLeaderElection(141)) - 9e23e878-9bb3-42b5-8b94-e0e229812e65: shutdown 9e23e878-9bb3-42b5-8b94-e0e229812e65@group-CF05563D4821-LeaderElection276
2025-09-13 17:33:59,799 [9e23e878-9bb3-42b5-8b94-e0e229812e65@group-CF05563D4821-LeaderElection276] INFO  impl.RoleInfo (RoleInfo.java:updateAndGet(148)) - 9e23e878-9bb3-42b5-8b94-e0e229812e65: start 9e23e878-9bb3-42b5-8b94-e0e229812e65@group-CF05563D4821-FollowerState
2025-09-13 17:34:00,180 [9e23e878-9bb3-42b5-8b94-e0e229812e65@group-D5D0288CE997-FollowerState] INFO  impl.FollowerState (FollowerState.java:runImpl(161)) - 9e23e878-9bb3-42b5-8b94-e0e229812e65@group-D5D0288CE997-FollowerState: change to CANDIDATE, lastRpcElapsedTime:1126270381ns, electionTimeout:1126ms
2025-09-13 17:34:00,180 [9e23e878-9bb3-42b5-8b94-e0e229812e65@group-D5D0288CE997-FollowerState] INFO  impl.RoleInfo (RoleInfo.java:shutdownFollowerState(121)) - 9e23e878-9bb3-42b5-8b94-e0e229812e65: shutdown 9e23e878-9bb3-42b5-8b94-e0e229812e65@group-D5D0288CE997-FollowerState
2025-09-13 17:34:00,180 [9e23e878-9bb3-42b5-8b94-e0e229812e65@group-D5D0288CE997-FollowerState] INFO  server.RaftServer$Division (RaftServerImpl.java:setRole(392)) - 9e23e878-9bb3-42b5-8b94-e0e229812e65@group-D5D0288CE997: changes role from  FOLLOWER to CANDIDATE at term 2 for changeToCandidate
2025-09-13 17:34:00,180 [9e23e878-9bb3-42b5-8b94-e0e229812e65@group-D5D0288CE997-FollowerState] INFO  impl.RoleInfo (RoleInfo.java:updateAndGet(148)) - 9e23e878-9bb3-42b5-8b94-e0e229812e65: start 9e23e878-9bb3-42b5-8b94-e0e229812e65@group-D5D0288CE997-LeaderElection277
2025-09-13 17:34:00,181 [9e23e878-9bb3-42b5-8b94-e0e229812e65@group-D5D0288CE997-LeaderElection277] INFO  impl.LeaderElection (LeaderElection.java:askForVotes(448)) - 9e23e878-9bb3-42b5-8b94-e0e229812e65@group-D5D0288CE997-LeaderElection277 PRE_VOTE round 0: submit vote requests at term 2 for conf: {index: 16, cur=peers:[9e23e878-9bb3-42b5-8b94-e0e229812e65|127.0.0.1:15023, 13facd30-3950-4310-8b1a-93d004abbbdd|127.0.0.1:15031, 36d876fb-a458-4393-963b-58eeedb8ba95|127.0.0.1:15015]|listeners:[], old=null}
2025-09-13 17:34:00,181 [9e23e878-9bb3-42b5-8b94-e0e229812e65@group-D5D0288CE997-LeaderElection277] INFO  impl.LeaderElection (LogUtils.java:infoOrTrace(142)) - 9e23e878-9bb3-42b5-8b94-e0e229812e65@group-D5D0288CE997-LeaderElection277 got exception when requesting votes: java.util.concurrent.ExecutionException: org.apache.ratis.thirdparty.io.grpc.StatusRuntimeException: UNAVAILABLE: io exception
2025-09-13 17:34:00,181 [9e23e878-9bb3-42b5-8b94-e0e229812e65@group-D5D0288CE997-LeaderElection277] INFO  impl.LeaderElection (LogUtils.java:infoOrTrace(142)) - 9e23e878-9bb3-42b5-8b94-e0e229812e65@group-D5D0288CE997-LeaderElection277 got exception when requesting votes: java.util.concurrent.ExecutionException: org.apache.ratis.thirdparty.io.grpc.StatusRuntimeException: UNAVAILABLE: io exception
2025-09-13 17:34:00,181 [9e23e878-9bb3-42b5-8b94-e0e229812e65@group-D5D0288CE997-LeaderElection277] INFO  impl.LeaderElection (LeaderElection.java:logAndReturn(206)) - 9e23e878-9bb3-42b5-8b94-e0e229812e65@group-D5D0288CE997-LeaderElection277: PRE_VOTE REJECTED received 0 response(s) and 2 exception(s):
2025-09-13 17:34:00,181 [9e23e878-9bb3-42b5-8b94-e0e229812e65@group-D5D0288CE997-LeaderElection277] INFO  impl.LeaderElection (LogUtils.java:infoOrTrace(142)) -   Exception 0: java.util.concurrent.ExecutionException: org.apache.ratis.thirdparty.io.grpc.StatusRuntimeException: UNAVAILABLE: io exception
2025-09-13 17:34:00,181 [9e23e878-9bb3-42b5-8b94-e0e229812e65@group-D5D0288CE997-LeaderElection277] INFO  impl.LeaderElection (LogUtils.java:infoOrTrace(142)) -   Exception 1: java.util.concurrent.ExecutionException: org.apache.ratis.thirdparty.io.grpc.StatusRuntimeException: UNAVAILABLE: io exception
2025-09-13 17:34:00,181 [9e23e878-9bb3-42b5-8b94-e0e229812e65@group-D5D0288CE997-LeaderElection277] INFO  impl.LeaderElection (LeaderElection.java:askForVotes(450)) - 9e23e878-9bb3-42b5-8b94-e0e229812e65@group-D5D0288CE997-LeaderElection277 PRE_VOTE round 0: result REJECTED
2025-09-13 17:34:00,181 [9e23e878-9bb3-42b5-8b94-e0e229812e65@group-D5D0288CE997-LeaderElection277] INFO  server.RaftServer$Division (RaftServerImpl.java:setRole(392)) - 9e23e878-9bb3-42b5-8b94-e0e229812e65@group-D5D0288CE997: changes role from CANDIDATE to FOLLOWER at term 2 for REJECTED
2025-09-13 17:34:00,181 [9e23e878-9bb3-42b5-8b94-e0e229812e65@group-D5D0288CE997-LeaderElection277] INFO  impl.RoleInfo (RoleInfo.java:shutdownLeaderElection(141)) - 9e23e878-9bb3-42b5-8b94-e0e229812e65: shutdown 9e23e878-9bb3-42b5-8b94-e0e229812e65@group-D5D0288CE997-LeaderElection277
2025-09-13 17:34:00,181 [9e23e878-9bb3-42b5-8b94-e0e229812e65@group-D5D0288CE997-LeaderElection277] INFO  impl.RoleInfo (RoleInfo.java:updateAndGet(148)) - 9e23e878-9bb3-42b5-8b94-e0e229812e65: start 9e23e878-9bb3-42b5-8b94-e0e229812e65@group-D5D0288CE997-FollowerState
2025-09-13 17:34:00,915 [9e23e878-9bb3-42b5-8b94-e0e229812e65@group-CF05563D4821-FollowerState] INFO  impl.FollowerState (FollowerState.java:runImpl(161)) - 9e23e878-9bb3-42b5-8b94-e0e229812e65@group-CF05563D4821-FollowerState: change to CANDIDATE, lastRpcElapsedTime:1115271896ns, electionTimeout:1115ms
2025-09-13 17:34:00,915 [9e23e878-9bb3-42b5-8b94-e0e229812e65@group-CF05563D4821-FollowerState] INFO  impl.RoleInfo (RoleInfo.java:shutdownFollowerState(121)) - 9e23e878-9bb3-42b5-8b94-e0e229812e65: shutdown 9e23e878-9bb3-42b5-8b94-e0e229812e65@group-CF05563D4821-FollowerState
2025-09-13 17:34:00,915 [9e23e878-9bb3-42b5-8b94-e0e229812e65@group-CF05563D4821-FollowerState] INFO  server.RaftServer$Division (RaftServerImpl.java:setRole(392)) - 9e23e878-9bb3-42b5-8b94-e0e229812e65@group-CF05563D4821: changes role from  FOLLOWER to CANDIDATE at term 5 for changeToCandidate
2025-09-13 17:34:00,915 [9e23e878-9bb3-42b5-8b94-e0e229812e65@group-CF05563D4821-FollowerState] INFO  impl.RoleInfo (RoleInfo.java:updateAndGet(148)) - 9e23e878-9bb3-42b5-8b94-e0e229812e65: start 9e23e878-9bb3-42b5-8b94-e0e229812e65@group-CF05563D4821-LeaderElection278
2025-09-13 17:34:00,915 [9e23e878-9bb3-42b5-8b94-e0e229812e65@group-CF05563D4821-LeaderElection278] INFO  impl.LeaderElection (LeaderElection.java:askForVotes(448)) - 9e23e878-9bb3-42b5-8b94-e0e229812e65@group-CF05563D4821-LeaderElection278 PRE_VOTE round 0: submit vote requests at term 5 for conf: {index: 7, cur=peers:[9e23e878-9bb3-42b5-8b94-e0e229812e65|127.0.0.1:15023, 13facd30-3950-4310-8b1a-93d004abbbdd|127.0.0.1:15031, 36d876fb-a458-4393-963b-58eeedb8ba95|127.0.0.1:15015]|listeners:[], old=null}
2025-09-13 17:34:00,915 [9e23e878-9bb3-42b5-8b94-e0e229812e65@group-CF05563D4821-LeaderElection278] INFO  impl.LeaderElection (LogUtils.java:infoOrTrace(142)) - 9e23e878-9bb3-42b5-8b94-e0e229812e65@group-CF05563D4821-LeaderElection278 got exception when requesting votes: java.util.concurrent.ExecutionException: org.apache.ratis.thirdparty.io.grpc.StatusRuntimeException: UNAVAILABLE: io exception
2025-09-13 17:34:00,916 [9e23e878-9bb3-42b5-8b94-e0e229812e65@group-CF05563D4821-LeaderElection278] INFO  impl.LeaderElection (LogUtils.java:infoOrTrace(142)) - 9e23e878-9bb3-42b5-8b94-e0e229812e65@group-CF05563D4821-LeaderElection278 got exception when requesting votes: java.util.concurrent.ExecutionException: org.apache.ratis.thirdparty.io.grpc.StatusRuntimeException: UNAVAILABLE: io exception
2025-09-13 17:34:00,916 [9e23e878-9bb3-42b5-8b94-e0e229812e65@group-CF05563D4821-LeaderElection278] INFO  impl.LeaderElection (LeaderElection.java:logAndReturn(206)) - 9e23e878-9bb3-42b5-8b94-e0e229812e65@group-CF05563D4821-LeaderElection278: PRE_VOTE REJECTED received 0 response(s) and 2 exception(s):
2025-09-13 17:34:00,916 [9e23e878-9bb3-42b5-8b94-e0e229812e65@group-CF05563D4821-LeaderElection278] INFO  impl.LeaderElection (LogUtils.java:infoOrTrace(142)) -   Exception 0: java.util.concurrent.ExecutionException: org.apache.ratis.thirdparty.io.grpc.StatusRuntimeException: UNAVAILABLE: io exception
2025-09-13 17:34:00,916 [9e23e878-9bb3-42b5-8b94-e0e229812e65@group-CF05563D4821-LeaderElection278] INFO  impl.LeaderElection (LogUtils.java:infoOrTrace(142)) -   Exception 1: java.util.concurrent.ExecutionException: org.apache.ratis.thirdparty.io.grpc.StatusRuntimeException: UNAVAILABLE: io exception
2025-09-13 17:34:00,916 [9e23e878-9bb3-42b5-8b94-e0e229812e65@group-CF05563D4821-LeaderElection278] INFO  impl.LeaderElection (LeaderElection.java:askForVotes(450)) - 9e23e878-9bb3-42b5-8b94-e0e229812e65@group-CF05563D4821-LeaderElection278 PRE_VOTE round 0: result REJECTED
2025-09-13 17:34:00,916 [9e23e878-9bb3-42b5-8b94-e0e229812e65@group-CF05563D4821-LeaderElection278] INFO  server.RaftServer$Division (RaftServerImpl.java:setRole(392)) - 9e23e878-9bb3-42b5-8b94-e0e229812e65@group-CF05563D4821: changes role from CANDIDATE to FOLLOWER at term 5 for REJECTED
2025-09-13 17:34:00,916 [9e23e878-9bb3-42b5-8b94-e0e229812e65@group-CF05563D4821-LeaderElection278] INFO  impl.RoleInfo (RoleInfo.java:shutdownLeaderElection(141)) - 9e23e878-9bb3-42b5-8b94-e0e229812e65: shutdown 9e23e878-9bb3-42b5-8b94-e0e229812e65@group-CF05563D4821-LeaderElection278
2025-09-13 17:34:00,916 [9e23e878-9bb3-42b5-8b94-e0e229812e65@group-CF05563D4821-LeaderElection278] INFO  impl.RoleInfo (RoleInfo.java:updateAndGet(148)) - 9e23e878-9bb3-42b5-8b94-e0e229812e65: start 9e23e878-9bb3-42b5-8b94-e0e229812e65@group-CF05563D4821-FollowerState
2025-09-13 17:34:01,330 [9e23e878-9bb3-42b5-8b94-e0e229812e65@group-D5D0288CE997-FollowerState] INFO  impl.FollowerState (FollowerState.java:runImpl(161)) - 9e23e878-9bb3-42b5-8b94-e0e229812e65@group-D5D0288CE997-FollowerState: change to CANDIDATE, lastRpcElapsedTime:1148290130ns, electionTimeout:1148ms
2025-09-13 17:34:01,330 [9e23e878-9bb3-42b5-8b94-e0e229812e65@group-D5D0288CE997-FollowerState] INFO  impl.RoleInfo (RoleInfo.java:shutdownFollowerState(121)) - 9e23e878-9bb3-42b5-8b94-e0e229812e65: shutdown 9e23e878-9bb3-42b5-8b94-e0e229812e65@group-D5D0288CE997-FollowerState
2025-09-13 17:34:01,330 [9e23e878-9bb3-42b5-8b94-e0e229812e65@group-D5D0288CE997-FollowerState] INFO  server.RaftServer$Division (RaftServerImpl.java:setRole(392)) - 9e23e878-9bb3-42b5-8b94-e0e229812e65@group-D5D0288CE997: changes role from  FOLLOWER to CANDIDATE at term 2 for changeToCandidate
2025-09-13 17:34:01,330 [9e23e878-9bb3-42b5-8b94-e0e229812e65@group-D5D0288CE997-FollowerState] INFO  impl.RoleInfo (RoleInfo.java:updateAndGet(148)) - 9e23e878-9bb3-42b5-8b94-e0e229812e65: start 9e23e878-9bb3-42b5-8b94-e0e229812e65@group-D5D0288CE997-LeaderElection279
2025-09-13 17:34:01,330 [9e23e878-9bb3-42b5-8b94-e0e229812e65@group-D5D0288CE997-LeaderElection279] INFO  impl.LeaderElection (LeaderElection.java:askForVotes(448)) - 9e23e878-9bb3-42b5-8b94-e0e229812e65@group-D5D0288CE997-LeaderElection279 PRE_VOTE round 0: submit vote requests at term 2 for conf: {index: 16, cur=peers:[9e23e878-9bb3-42b5-8b94-e0e229812e65|127.0.0.1:15023, 13facd30-3950-4310-8b1a-93d004abbbdd|127.0.0.1:15031, 36d876fb-a458-4393-963b-58eeedb8ba95|127.0.0.1:15015]|listeners:[], old=null}
2025-09-13 17:34:01,331 [9e23e878-9bb3-42b5-8b94-e0e229812e65@group-D5D0288CE997-LeaderElection279] INFO  impl.LeaderElection (LogUtils.java:infoOrTrace(142)) - 9e23e878-9bb3-42b5-8b94-e0e229812e65@group-D5D0288CE997-LeaderElection279 got exception when requesting votes: java.util.concurrent.ExecutionException: org.apache.ratis.thirdparty.io.grpc.StatusRuntimeException: UNAVAILABLE: io exception
2025-09-13 17:34:01,331 [9e23e878-9bb3-42b5-8b94-e0e229812e65@group-D5D0288CE997-LeaderElection279] INFO  impl.LeaderElection (LogUtils.java:infoOrTrace(142)) - 9e23e878-9bb3-42b5-8b94-e0e229812e65@group-D5D0288CE997-LeaderElection279 got exception when requesting votes: java.util.concurrent.ExecutionException: org.apache.ratis.thirdparty.io.grpc.StatusRuntimeException: UNAVAILABLE: io exception
2025-09-13 17:34:01,331 [9e23e878-9bb3-42b5-8b94-e0e229812e65@group-D5D0288CE997-LeaderElection279] INFO  impl.LeaderElection (LeaderElection.java:logAndReturn(206)) - 9e23e878-9bb3-42b5-8b94-e0e229812e65@group-D5D0288CE997-LeaderElection279: PRE_VOTE REJECTED received 0 response(s) and 2 exception(s):
2025-09-13 17:34:01,331 [9e23e878-9bb3-42b5-8b94-e0e229812e65@group-D5D0288CE997-LeaderElection279] INFO  impl.LeaderElection (LogUtils.java:infoOrTrace(142)) -   Exception 0: java.util.concurrent.ExecutionException: org.apache.ratis.thirdparty.io.grpc.StatusRuntimeException: UNAVAILABLE: io exception
2025-09-13 17:34:01,331 [9e23e878-9bb3-42b5-8b94-e0e229812e65@group-D5D0288CE997-LeaderElection279] INFO  impl.LeaderElection (LogUtils.java:infoOrTrace(142)) -   Exception 1: java.util.concurrent.ExecutionException: org.apache.ratis.thirdparty.io.grpc.StatusRuntimeException: UNAVAILABLE: io exception
2025-09-13 17:34:01,331 [9e23e878-9bb3-42b5-8b94-e0e229812e65@group-D5D0288CE997-LeaderElection279] INFO  impl.LeaderElection (LeaderElection.java:askForVotes(450)) - 9e23e878-9bb3-42b5-8b94-e0e229812e65@group-D5D0288CE997-LeaderElection279 PRE_VOTE round 0: result REJECTED
2025-09-13 17:34:01,331 [9e23e878-9bb3-42b5-8b94-e0e229812e65@group-D5D0288CE997-LeaderElection279] INFO  server.RaftServer$Division (RaftServerImpl.java:setRole(392)) - 9e23e878-9bb3-42b5-8b94-e0e229812e65@group-D5D0288CE997: changes role from CANDIDATE to FOLLOWER at term 2 for REJECTED
2025-09-13 17:34:01,331 [9e23e878-9bb3-42b5-8b94-e0e229812e65@group-D5D0288CE997-LeaderElection279] INFO  impl.RoleInfo (RoleInfo.java:shutdownLeaderElection(141)) - 9e23e878-9bb3-42b5-8b94-e0e229812e65: shutdown 9e23e878-9bb3-42b5-8b94-e0e229812e65@group-D5D0288CE997-LeaderElection279
2025-09-13 17:34:01,331 [9e23e878-9bb3-42b5-8b94-e0e229812e65@group-D5D0288CE997-LeaderElection279] INFO  impl.RoleInfo (RoleInfo.java:updateAndGet(148)) - 9e23e878-9bb3-42b5-8b94-e0e229812e65: start 9e23e878-9bb3-42b5-8b94-e0e229812e65@group-D5D0288CE997-FollowerState
2025-09-13 17:34:02,097 [9e23e878-9bb3-42b5-8b94-e0e229812e65@group-CF05563D4821-FollowerState] INFO  impl.FollowerState (FollowerState.java:runImpl(161)) - 9e23e878-9bb3-42b5-8b94-e0e229812e65@group-CF05563D4821-FollowerState: change to CANDIDATE, lastRpcElapsedTime:1181253926ns, electionTimeout:1181ms
2025-09-13 17:34:02,097 [9e23e878-9bb3-42b5-8b94-e0e229812e65@group-CF05563D4821-FollowerState] INFO  impl.RoleInfo (RoleInfo.java:shutdownFollowerState(121)) - 9e23e878-9bb3-42b5-8b94-e0e229812e65: shutdown 9e23e878-9bb3-42b5-8b94-e0e229812e65@group-CF05563D4821-FollowerState
2025-09-13 17:34:02,097 [9e23e878-9bb3-42b5-8b94-e0e229812e65@group-CF05563D4821-FollowerState] INFO  server.RaftServer$Division (RaftServerImpl.java:setRole(392)) - 9e23e878-9bb3-42b5-8b94-e0e229812e65@group-CF05563D4821: changes role from  FOLLOWER to CANDIDATE at term 5 for changeToCandidate
2025-09-13 17:34:02,097 [9e23e878-9bb3-42b5-8b94-e0e229812e65@group-CF05563D4821-FollowerState] INFO  impl.RoleInfo (RoleInfo.java:updateAndGet(148)) - 9e23e878-9bb3-42b5-8b94-e0e229812e65: start 9e23e878-9bb3-42b5-8b94-e0e229812e65@group-CF05563D4821-LeaderElection280
2025-09-13 17:34:02,098 [9e23e878-9bb3-42b5-8b94-e0e229812e65@group-CF05563D4821-LeaderElection280] INFO  impl.LeaderElection (LeaderElection.java:askForVotes(448)) - 9e23e878-9bb3-42b5-8b94-e0e229812e65@group-CF05563D4821-LeaderElection280 PRE_VOTE round 0: submit vote requests at term 5 for conf: {index: 7, cur=peers:[9e23e878-9bb3-42b5-8b94-e0e229812e65|127.0.0.1:15023, 13facd30-3950-4310-8b1a-93d004abbbdd|127.0.0.1:15031, 36d876fb-a458-4393-963b-58eeedb8ba95|127.0.0.1:15015]|listeners:[], old=null}
2025-09-13 17:34:02,098 [9e23e878-9bb3-42b5-8b94-e0e229812e65@group-CF05563D4821-LeaderElection280] INFO  impl.LeaderElection (LogUtils.java:infoOrTrace(142)) - 9e23e878-9bb3-42b5-8b94-e0e229812e65@group-CF05563D4821-LeaderElection280 got exception when requesting votes: java.util.concurrent.ExecutionException: org.apache.ratis.thirdparty.io.grpc.StatusRuntimeException: UNAVAILABLE: io exception
2025-09-13 17:34:02,098 [9e23e878-9bb3-42b5-8b94-e0e229812e65@group-CF05563D4821-LeaderElection280] INFO  impl.LeaderElection (LogUtils.java:infoOrTrace(142)) - 9e23e878-9bb3-42b5-8b94-e0e229812e65@group-CF05563D4821-LeaderElection280 got exception when requesting votes: java.util.concurrent.ExecutionException: org.apache.ratis.thirdparty.io.grpc.StatusRuntimeException: UNAVAILABLE: io exception
2025-09-13 17:34:02,098 [9e23e878-9bb3-42b5-8b94-e0e229812e65@group-CF05563D4821-LeaderElection280] INFO  impl.LeaderElection (LeaderElection.java:logAndReturn(206)) - 9e23e878-9bb3-42b5-8b94-e0e229812e65@group-CF05563D4821-LeaderElection280: PRE_VOTE REJECTED received 0 response(s) and 2 exception(s):
2025-09-13 17:34:02,098 [9e23e878-9bb3-42b5-8b94-e0e229812e65@group-CF05563D4821-LeaderElection280] INFO  impl.LeaderElection (LogUtils.java:infoOrTrace(142)) -   Exception 0: java.util.concurrent.ExecutionException: org.apache.ratis.thirdparty.io.grpc.StatusRuntimeException: UNAVAILABLE: io exception
2025-09-13 17:34:02,098 [9e23e878-9bb3-42b5-8b94-e0e229812e65@group-CF05563D4821-LeaderElection280] INFO  impl.LeaderElection (LogUtils.java:infoOrTrace(142)) -   Exception 1: java.util.concurrent.ExecutionException: org.apache.ratis.thirdparty.io.grpc.StatusRuntimeException: UNAVAILABLE: io exception
2025-09-13 17:34:02,098 [9e23e878-9bb3-42b5-8b94-e0e229812e65@group-CF05563D4821-LeaderElection280] INFO  impl.LeaderElection (LeaderElection.java:askForVotes(450)) - 9e23e878-9bb3-42b5-8b94-e0e229812e65@group-CF05563D4821-LeaderElection280 PRE_VOTE round 0: result REJECTED
2025-09-13 17:34:02,098 [9e23e878-9bb3-42b5-8b94-e0e229812e65@group-CF05563D4821-LeaderElection280] INFO  server.RaftServer$Division (RaftServerImpl.java:setRole(392)) - 9e23e878-9bb3-42b5-8b94-e0e229812e65@group-CF05563D4821: changes role from CANDIDATE to FOLLOWER at term 5 for REJECTED
2025-09-13 17:34:02,098 [9e23e878-9bb3-42b5-8b94-e0e229812e65@group-CF05563D4821-LeaderElection280] INFO  impl.RoleInfo (RoleInfo.java:shutdownLeaderElection(141)) - 9e23e878-9bb3-42b5-8b94-e0e229812e65: shutdown 9e23e878-9bb3-42b5-8b94-e0e229812e65@group-CF05563D4821-LeaderElection280
2025-09-13 17:34:02,098 [9e23e878-9bb3-42b5-8b94-e0e229812e65@group-CF05563D4821-LeaderElection280] INFO  impl.RoleInfo (RoleInfo.java:updateAndGet(148)) - 9e23e878-9bb3-42b5-8b94-e0e229812e65: start 9e23e878-9bb3-42b5-8b94-e0e229812e65@group-CF05563D4821-FollowerState
2025-09-13 17:34:02,380 [9e23e878-9bb3-42b5-8b94-e0e229812e65@group-D5D0288CE997-FollowerState] INFO  impl.FollowerState (FollowerState.java:runImpl(161)) - 9e23e878-9bb3-42b5-8b94-e0e229812e65@group-D5D0288CE997-FollowerState: change to CANDIDATE, lastRpcElapsedTime:1048336600ns, electionTimeout:1048ms
2025-09-13 17:34:02,380 [9e23e878-9bb3-42b5-8b94-e0e229812e65@group-D5D0288CE997-FollowerState] INFO  impl.RoleInfo (RoleInfo.java:shutdownFollowerState(121)) - 9e23e878-9bb3-42b5-8b94-e0e229812e65: shutdown 9e23e878-9bb3-42b5-8b94-e0e229812e65@group-D5D0288CE997-FollowerState
2025-09-13 17:34:02,380 [9e23e878-9bb3-42b5-8b94-e0e229812e65@group-D5D0288CE997-FollowerState] INFO  server.RaftServer$Division (RaftServerImpl.java:setRole(392)) - 9e23e878-9bb3-42b5-8b94-e0e229812e65@group-D5D0288CE997: changes role from  FOLLOWER to CANDIDATE at term 2 for changeToCandidate
2025-09-13 17:34:02,380 [9e23e878-9bb3-42b5-8b94-e0e229812e65@group-D5D0288CE997-FollowerState] INFO  impl.RoleInfo (RoleInfo.java:updateAndGet(148)) - 9e23e878-9bb3-42b5-8b94-e0e229812e65: start 9e23e878-9bb3-42b5-8b94-e0e229812e65@group-D5D0288CE997-LeaderElection281
2025-09-13 17:34:02,380 [9e23e878-9bb3-42b5-8b94-e0e229812e65@group-D5D0288CE997-LeaderElection281] INFO  impl.LeaderElection (LeaderElection.java:askForVotes(448)) - 9e23e878-9bb3-42b5-8b94-e0e229812e65@group-D5D0288CE997-LeaderElection281 PRE_VOTE round 0: submit vote requests at term 2 for conf: {index: 16, cur=peers:[9e23e878-9bb3-42b5-8b94-e0e229812e65|127.0.0.1:15023, 13facd30-3950-4310-8b1a-93d004abbbdd|127.0.0.1:15031, 36d876fb-a458-4393-963b-58eeedb8ba95|127.0.0.1:15015]|listeners:[], old=null}
2025-09-13 17:34:02,380 [9e23e878-9bb3-42b5-8b94-e0e229812e65@group-D5D0288CE997-LeaderElection281] INFO  impl.LeaderElection (LogUtils.java:infoOrTrace(142)) - 9e23e878-9bb3-42b5-8b94-e0e229812e65@group-D5D0288CE997-LeaderElection281 got exception when requesting votes: java.util.concurrent.ExecutionException: org.apache.ratis.thirdparty.io.grpc.StatusRuntimeException: UNAVAILABLE: io exception
2025-09-13 17:34:02,380 [9e23e878-9bb3-42b5-8b94-e0e229812e65@group-D5D0288CE997-LeaderElection281] INFO  impl.LeaderElection (LogUtils.java:infoOrTrace(142)) - 9e23e878-9bb3-42b5-8b94-e0e229812e65@group-D5D0288CE997-LeaderElection281 got exception when requesting votes: java.util.concurrent.ExecutionException: org.apache.ratis.thirdparty.io.grpc.StatusRuntimeException: UNAVAILABLE: io exception
2025-09-13 17:34:02,380 [9e23e878-9bb3-42b5-8b94-e0e229812e65@group-D5D0288CE997-LeaderElection281] INFO  impl.LeaderElection (LeaderElection.java:logAndReturn(206)) - 9e23e878-9bb3-42b5-8b94-e0e229812e65@group-D5D0288CE997-LeaderElection281: PRE_VOTE REJECTED received 0 response(s) and 2 exception(s):
2025-09-13 17:34:02,381 [9e23e878-9bb3-42b5-8b94-e0e229812e65@group-D5D0288CE997-LeaderElection281] INFO  impl.LeaderElection (LogUtils.java:infoOrTrace(142)) -   Exception 0: java.util.concurrent.ExecutionException: org.apache.ratis.thirdparty.io.grpc.StatusRuntimeException: UNAVAILABLE: io exception
2025-09-13 17:34:02,381 [9e23e878-9bb3-42b5-8b94-e0e229812e65@group-D5D0288CE997-LeaderElection281] INFO  impl.LeaderElection (LogUtils.java:infoOrTrace(142)) -   Exception 1: java.util.concurrent.ExecutionException: org.apache.ratis.thirdparty.io.grpc.StatusRuntimeException: UNAVAILABLE: io exception
2025-09-13 17:34:02,381 [9e23e878-9bb3-42b5-8b94-e0e229812e65@group-D5D0288CE997-LeaderElection281] INFO  impl.LeaderElection (LeaderElection.java:askForVotes(450)) - 9e23e878-9bb3-42b5-8b94-e0e229812e65@group-D5D0288CE997-LeaderElection281 PRE_VOTE round 0: result REJECTED
2025-09-13 17:34:02,381 [9e23e878-9bb3-42b5-8b94-e0e229812e65@group-D5D0288CE997-LeaderElection281] INFO  server.RaftServer$Division (RaftServerImpl.java:setRole(392)) - 9e23e878-9bb3-42b5-8b94-e0e229812e65@group-D5D0288CE997: changes role from CANDIDATE to FOLLOWER at term 2 for REJECTED
2025-09-13 17:34:02,381 [9e23e878-9bb3-42b5-8b94-e0e229812e65@group-D5D0288CE997-LeaderElection281] INFO  impl.RoleInfo (RoleInfo.java:shutdownLeaderElection(141)) - 9e23e878-9bb3-42b5-8b94-e0e229812e65: shutdown 9e23e878-9bb3-42b5-8b94-e0e229812e65@group-D5D0288CE997-LeaderElection281
2025-09-13 17:34:02,381 [9e23e878-9bb3-42b5-8b94-e0e229812e65@group-D5D0288CE997-LeaderElection281] INFO  impl.RoleInfo (RoleInfo.java:updateAndGet(148)) - 9e23e878-9bb3-42b5-8b94-e0e229812e65: start 9e23e878-9bb3-42b5-8b94-e0e229812e65@group-D5D0288CE997-FollowerState
2025-09-13 17:34:03,139 [9e23e878-9bb3-42b5-8b94-e0e229812e65@group-CF05563D4821-FollowerState] INFO  impl.FollowerState (FollowerState.java:runImpl(161)) - 9e23e878-9bb3-42b5-8b94-e0e229812e65@group-CF05563D4821-FollowerState: change to CANDIDATE, lastRpcElapsedTime:1040276508ns, electionTimeout:1040ms
2025-09-13 17:34:03,139 [9e23e878-9bb3-42b5-8b94-e0e229812e65@group-CF05563D4821-FollowerState] INFO  impl.RoleInfo (RoleInfo.java:shutdownFollowerState(121)) - 9e23e878-9bb3-42b5-8b94-e0e229812e65: shutdown 9e23e878-9bb3-42b5-8b94-e0e229812e65@group-CF05563D4821-FollowerState
2025-09-13 17:34:03,139 [9e23e878-9bb3-42b5-8b94-e0e229812e65@group-CF05563D4821-FollowerState] INFO  server.RaftServer$Division (RaftServerImpl.java:setRole(392)) - 9e23e878-9bb3-42b5-8b94-e0e229812e65@group-CF05563D4821: changes role from  FOLLOWER to CANDIDATE at term 5 for changeToCandidate
2025-09-13 17:34:03,139 [9e23e878-9bb3-42b5-8b94-e0e229812e65@group-CF05563D4821-FollowerState] INFO  impl.RoleInfo (RoleInfo.java:updateAndGet(148)) - 9e23e878-9bb3-42b5-8b94-e0e229812e65: start 9e23e878-9bb3-42b5-8b94-e0e229812e65@group-CF05563D4821-LeaderElection282
2025-09-13 17:34:03,139 [9e23e878-9bb3-42b5-8b94-e0e229812e65@group-CF05563D4821-LeaderElection282] INFO  impl.LeaderElection (LeaderElection.java:askForVotes(448)) - 9e23e878-9bb3-42b5-8b94-e0e229812e65@group-CF05563D4821-LeaderElection282 PRE_VOTE round 0: submit vote requests at term 5 for conf: {index: 7, cur=peers:[9e23e878-9bb3-42b5-8b94-e0e229812e65|127.0.0.1:15023, 13facd30-3950-4310-8b1a-93d004abbbdd|127.0.0.1:15031, 36d876fb-a458-4393-963b-58eeedb8ba95|127.0.0.1:15015]|listeners:[], old=null}
2025-09-13 17:34:03,140 [9e23e878-9bb3-42b5-8b94-e0e229812e65@group-CF05563D4821-LeaderElection282] INFO  impl.LeaderElection (LogUtils.java:infoOrTrace(142)) - 9e23e878-9bb3-42b5-8b94-e0e229812e65@group-CF05563D4821-LeaderElection282 got exception when requesting votes: java.util.concurrent.ExecutionException: org.apache.ratis.thirdparty.io.grpc.StatusRuntimeException: UNAVAILABLE: io exception
2025-09-13 17:34:03,140 [9e23e878-9bb3-42b5-8b94-e0e229812e65@group-CF05563D4821-LeaderElection282] INFO  impl.LeaderElection (LogUtils.java:infoOrTrace(142)) - 9e23e878-9bb3-42b5-8b94-e0e229812e65@group-CF05563D4821-LeaderElection282 got exception when requesting votes: java.util.concurrent.ExecutionException: org.apache.ratis.thirdparty.io.grpc.StatusRuntimeException: UNAVAILABLE: io exception
2025-09-13 17:34:03,140 [9e23e878-9bb3-42b5-8b94-e0e229812e65@group-CF05563D4821-LeaderElection282] INFO  impl.LeaderElection (LeaderElection.java:logAndReturn(206)) - 9e23e878-9bb3-42b5-8b94-e0e229812e65@group-CF05563D4821-LeaderElection282: PRE_VOTE REJECTED received 0 response(s) and 2 exception(s):
2025-09-13 17:34:03,140 [9e23e878-9bb3-42b5-8b94-e0e229812e65@group-CF05563D4821-LeaderElection282] INFO  impl.LeaderElection (LogUtils.java:infoOrTrace(142)) -   Exception 0: java.util.concurrent.ExecutionException: org.apache.ratis.thirdparty.io.grpc.StatusRuntimeException: UNAVAILABLE: io exception
2025-09-13 17:34:03,140 [9e23e878-9bb3-42b5-8b94-e0e229812e65@group-CF05563D4821-LeaderElection282] INFO  impl.LeaderElection (LogUtils.java:infoOrTrace(142)) -   Exception 1: java.util.concurrent.ExecutionException: org.apache.ratis.thirdparty.io.grpc.StatusRuntimeException: UNAVAILABLE: io exception
2025-09-13 17:34:03,140 [9e23e878-9bb3-42b5-8b94-e0e229812e65@group-CF05563D4821-LeaderElection282] INFO  impl.LeaderElection (LeaderElection.java:askForVotes(450)) - 9e23e878-9bb3-42b5-8b94-e0e229812e65@group-CF05563D4821-LeaderElection282 PRE_VOTE round 0: result REJECTED
2025-09-13 17:34:03,140 [9e23e878-9bb3-42b5-8b94-e0e229812e65@group-CF05563D4821-LeaderElection282] INFO  server.RaftServer$Division (RaftServerImpl.java:setRole(392)) - 9e23e878-9bb3-42b5-8b94-e0e229812e65@group-CF05563D4821: changes role from CANDIDATE to FOLLOWER at term 5 for REJECTED
2025-09-13 17:34:03,140 [9e23e878-9bb3-42b5-8b94-e0e229812e65@group-CF05563D4821-LeaderElection282] INFO  impl.RoleInfo (RoleInfo.java:shutdownLeaderElection(141)) - 9e23e878-9bb3-42b5-8b94-e0e229812e65: shutdown 9e23e878-9bb3-42b5-8b94-e0e229812e65@group-CF05563D4821-LeaderElection282
2025-09-13 17:34:03,140 [9e23e878-9bb3-42b5-8b94-e0e229812e65@group-CF05563D4821-LeaderElection282] INFO  impl.RoleInfo (RoleInfo.java:updateAndGet(148)) - 9e23e878-9bb3-42b5-8b94-e0e229812e65: start 9e23e878-9bb3-42b5-8b94-e0e229812e65@group-CF05563D4821-FollowerState
2025-09-13 17:34:03,579 [9e23e878-9bb3-42b5-8b94-e0e229812e65@group-D5D0288CE997-FollowerState] INFO  impl.FollowerState (FollowerState.java:runImpl(161)) - 9e23e878-9bb3-42b5-8b94-e0e229812e65@group-D5D0288CE997-FollowerState: change to CANDIDATE, lastRpcElapsedTime:1198298054ns, electionTimeout:1198ms
2025-09-13 17:34:03,579 [9e23e878-9bb3-42b5-8b94-e0e229812e65@group-D5D0288CE997-FollowerState] INFO  impl.RoleInfo (RoleInfo.java:shutdownFollowerState(121)) - 9e23e878-9bb3-42b5-8b94-e0e229812e65: shutdown 9e23e878-9bb3-42b5-8b94-e0e229812e65@group-D5D0288CE997-FollowerState
2025-09-13 17:34:03,579 [9e23e878-9bb3-42b5-8b94-e0e229812e65@group-D5D0288CE997-FollowerState] INFO  server.RaftServer$Division (RaftServerImpl.java:setRole(392)) - 9e23e878-9bb3-42b5-8b94-e0e229812e65@group-D5D0288CE997: changes role from  FOLLOWER to CANDIDATE at term 2 for changeToCandidate
2025-09-13 17:34:03,579 [9e23e878-9bb3-42b5-8b94-e0e229812e65@group-D5D0288CE997-FollowerState] INFO  impl.RoleInfo (RoleInfo.java:updateAndGet(148)) - 9e23e878-9bb3-42b5-8b94-e0e229812e65: start 9e23e878-9bb3-42b5-8b94-e0e229812e65@group-D5D0288CE997-LeaderElection283
2025-09-13 17:34:03,580 [9e23e878-9bb3-42b5-8b94-e0e229812e65@group-D5D0288CE997-LeaderElection283] INFO  impl.LeaderElection (LeaderElection.java:askForVotes(448)) - 9e23e878-9bb3-42b5-8b94-e0e229812e65@group-D5D0288CE997-LeaderElection283 PRE_VOTE round 0: submit vote requests at term 2 for conf: {index: 16, cur=peers:[9e23e878-9bb3-42b5-8b94-e0e229812e65|127.0.0.1:15023, 13facd30-3950-4310-8b1a-93d004abbbdd|127.0.0.1:15031, 36d876fb-a458-4393-963b-58eeedb8ba95|127.0.0.1:15015]|listeners:[], old=null}
2025-09-13 17:34:03,580 [9e23e878-9bb3-42b5-8b94-e0e229812e65@group-D5D0288CE997-LeaderElection283] INFO  impl.LeaderElection (LogUtils.java:infoOrTrace(142)) - 9e23e878-9bb3-42b5-8b94-e0e229812e65@group-D5D0288CE997-LeaderElection283 got exception when requesting votes: java.util.concurrent.ExecutionException: org.apache.ratis.thirdparty.io.grpc.StatusRuntimeException: UNAVAILABLE: io exception
2025-09-13 17:34:03,580 [9e23e878-9bb3-42b5-8b94-e0e229812e65@group-D5D0288CE997-LeaderElection283] INFO  impl.LeaderElection (LogUtils.java:infoOrTrace(142)) - 9e23e878-9bb3-42b5-8b94-e0e229812e65@group-D5D0288CE997-LeaderElection283 got exception when requesting votes: java.util.concurrent.ExecutionException: org.apache.ratis.thirdparty.io.grpc.StatusRuntimeException: UNAVAILABLE: io exception
2025-09-13 17:34:03,580 [9e23e878-9bb3-42b5-8b94-e0e229812e65@group-D5D0288CE997-LeaderElection283] INFO  impl.LeaderElection (LeaderElection.java:logAndReturn(206)) - 9e23e878-9bb3-42b5-8b94-e0e229812e65@group-D5D0288CE997-LeaderElection283: PRE_VOTE REJECTED received 0 response(s) and 2 exception(s):
2025-09-13 17:34:03,580 [9e23e878-9bb3-42b5-8b94-e0e229812e65@group-D5D0288CE997-LeaderElection283] INFO  impl.LeaderElection (LogUtils.java:infoOrTrace(142)) -   Exception 0: java.util.concurrent.ExecutionException: org.apache.ratis.thirdparty.io.grpc.StatusRuntimeException: UNAVAILABLE: io exception
2025-09-13 17:34:03,580 [9e23e878-9bb3-42b5-8b94-e0e229812e65@group-D5D0288CE997-LeaderElection283] INFO  impl.LeaderElection (LogUtils.java:infoOrTrace(142)) -   Exception 1: java.util.concurrent.ExecutionException: org.apache.ratis.thirdparty.io.grpc.StatusRuntimeException: UNAVAILABLE: io exception
2025-09-13 17:34:03,580 [9e23e878-9bb3-42b5-8b94-e0e229812e65@group-D5D0288CE997-LeaderElection283] INFO  impl.LeaderElection (LeaderElection.java:askForVotes(450)) - 9e23e878-9bb3-42b5-8b94-e0e229812e65@group-D5D0288CE997-LeaderElection283 PRE_VOTE round 0: result REJECTED
2025-09-13 17:34:03,580 [9e23e878-9bb3-42b5-8b94-e0e229812e65@group-D5D0288CE997-LeaderElection283] INFO  server.RaftServer$Division (RaftServerImpl.java:setRole(392)) - 9e23e878-9bb3-42b5-8b94-e0e229812e65@group-D5D0288CE997: changes role from CANDIDATE to FOLLOWER at term 2 for REJECTED
2025-09-13 17:34:03,580 [9e23e878-9bb3-42b5-8b94-e0e229812e65@group-D5D0288CE997-LeaderElection283] INFO  impl.RoleInfo (RoleInfo.java:shutdownLeaderElection(141)) - 9e23e878-9bb3-42b5-8b94-e0e229812e65: shutdown 9e23e878-9bb3-42b5-8b94-e0e229812e65@group-D5D0288CE997-LeaderElection283
2025-09-13 17:34:03,581 [9e23e878-9bb3-42b5-8b94-e0e229812e65@group-D5D0288CE997-LeaderElection283] INFO  impl.RoleInfo (RoleInfo.java:updateAndGet(148)) - 9e23e878-9bb3-42b5-8b94-e0e229812e65: start 9e23e878-9bb3-42b5-8b94-e0e229812e65@group-D5D0288CE997-FollowerState
2025-09-13 17:34:04,204 [9e23e878-9bb3-42b5-8b94-e0e229812e65@group-CF05563D4821-FollowerState] INFO  impl.FollowerState (FollowerState.java:runImpl(161)) - 9e23e878-9bb3-42b5-8b94-e0e229812e65@group-CF05563D4821-FollowerState: change to CANDIDATE, lastRpcElapsedTime:1064289838ns, electionTimeout:1064ms
2025-09-13 17:34:04,204 [9e23e878-9bb3-42b5-8b94-e0e229812e65@group-CF05563D4821-FollowerState] INFO  impl.RoleInfo (RoleInfo.java:shutdownFollowerState(121)) - 9e23e878-9bb3-42b5-8b94-e0e229812e65: shutdown 9e23e878-9bb3-42b5-8b94-e0e229812e65@group-CF05563D4821-FollowerState
2025-09-13 17:34:04,204 [9e23e878-9bb3-42b5-8b94-e0e229812e65@group-CF05563D4821-FollowerState] INFO  server.RaftServer$Division (RaftServerImpl.java:setRole(392)) - 9e23e878-9bb3-42b5-8b94-e0e229812e65@group-CF05563D4821: changes role from  FOLLOWER to CANDIDATE at term 5 for changeToCandidate
2025-09-13 17:34:04,205 [9e23e878-9bb3-42b5-8b94-e0e229812e65@group-CF05563D4821-FollowerState] INFO  impl.RoleInfo (RoleInfo.java:updateAndGet(148)) - 9e23e878-9bb3-42b5-8b94-e0e229812e65: start 9e23e878-9bb3-42b5-8b94-e0e229812e65@group-CF05563D4821-LeaderElection284
2025-09-13 17:34:04,205 [9e23e878-9bb3-42b5-8b94-e0e229812e65@group-CF05563D4821-LeaderElection284] INFO  impl.LeaderElection (LeaderElection.java:askForVotes(448)) - 9e23e878-9bb3-42b5-8b94-e0e229812e65@group-CF05563D4821-LeaderElection284 PRE_VOTE round 0: submit vote requests at term 5 for conf: {index: 7, cur=peers:[9e23e878-9bb3-42b5-8b94-e0e229812e65|127.0.0.1:15023, 13facd30-3950-4310-8b1a-93d004abbbdd|127.0.0.1:15031, 36d876fb-a458-4393-963b-58eeedb8ba95|127.0.0.1:15015]|listeners:[], old=null}
2025-09-13 17:34:04,205 [9e23e878-9bb3-42b5-8b94-e0e229812e65@group-CF05563D4821-LeaderElection284] INFO  impl.LeaderElection (LogUtils.java:infoOrTrace(142)) - 9e23e878-9bb3-42b5-8b94-e0e229812e65@group-CF05563D4821-LeaderElection284 got exception when requesting votes: java.util.concurrent.ExecutionException: org.apache.ratis.thirdparty.io.grpc.StatusRuntimeException: UNAVAILABLE: io exception
2025-09-13 17:34:04,205 [9e23e878-9bb3-42b5-8b94-e0e229812e65@group-CF05563D4821-LeaderElection284] INFO  impl.LeaderElection (LogUtils.java:infoOrTrace(142)) - 9e23e878-9bb3-42b5-8b94-e0e229812e65@group-CF05563D4821-LeaderElection284 got exception when requesting votes: java.util.concurrent.ExecutionException: org.apache.ratis.thirdparty.io.grpc.StatusRuntimeException: UNAVAILABLE: io exception
2025-09-13 17:34:04,205 [9e23e878-9bb3-42b5-8b94-e0e229812e65@group-CF05563D4821-LeaderElection284] INFO  impl.LeaderElection (LeaderElection.java:logAndReturn(206)) - 9e23e878-9bb3-42b5-8b94-e0e229812e65@group-CF05563D4821-LeaderElection284: PRE_VOTE REJECTED received 0 response(s) and 2 exception(s):
2025-09-13 17:34:04,205 [9e23e878-9bb3-42b5-8b94-e0e229812e65@group-CF05563D4821-LeaderElection284] INFO  impl.LeaderElection (LogUtils.java:infoOrTrace(142)) -   Exception 0: java.util.concurrent.ExecutionException: org.apache.ratis.thirdparty.io.grpc.StatusRuntimeException: UNAVAILABLE: io exception
2025-09-13 17:34:04,205 [9e23e878-9bb3-42b5-8b94-e0e229812e65@group-CF05563D4821-LeaderElection284] INFO  impl.LeaderElection (LogUtils.java:infoOrTrace(142)) -   Exception 1: java.util.concurrent.ExecutionException: org.apache.ratis.thirdparty.io.grpc.StatusRuntimeException: UNAVAILABLE: io exception
2025-09-13 17:34:04,206 [9e23e878-9bb3-42b5-8b94-e0e229812e65@group-CF05563D4821-LeaderElection284] INFO  impl.LeaderElection (LeaderElection.java:askForVotes(450)) - 9e23e878-9bb3-42b5-8b94-e0e229812e65@group-CF05563D4821-LeaderElection284 PRE_VOTE round 0: result REJECTED
2025-09-13 17:34:04,206 [9e23e878-9bb3-42b5-8b94-e0e229812e65@group-CF05563D4821-LeaderElection284] INFO  server.RaftServer$Division (RaftServerImpl.java:setRole(392)) - 9e23e878-9bb3-42b5-8b94-e0e229812e65@group-CF05563D4821: changes role from CANDIDATE to FOLLOWER at term 5 for REJECTED
2025-09-13 17:34:04,206 [9e23e878-9bb3-42b5-8b94-e0e229812e65@group-CF05563D4821-LeaderElection284] INFO  impl.RoleInfo (RoleInfo.java:shutdownLeaderElection(141)) - 9e23e878-9bb3-42b5-8b94-e0e229812e65: shutdown 9e23e878-9bb3-42b5-8b94-e0e229812e65@group-CF05563D4821-LeaderElection284
2025-09-13 17:34:04,206 [9e23e878-9bb3-42b5-8b94-e0e229812e65@group-CF05563D4821-LeaderElection284] INFO  impl.RoleInfo (RoleInfo.java:updateAndGet(148)) - 9e23e878-9bb3-42b5-8b94-e0e229812e65: start 9e23e878-9bb3-42b5-8b94-e0e229812e65@group-CF05563D4821-FollowerState
2025-09-13 17:34:04,697 [9e23e878-9bb3-42b5-8b94-e0e229812e65@group-D5D0288CE997-FollowerState] INFO  impl.FollowerState (FollowerState.java:runImpl(161)) - 9e23e878-9bb3-42b5-8b94-e0e229812e65@group-D5D0288CE997-FollowerState: change to CANDIDATE, lastRpcElapsedTime:1116383148ns, electionTimeout:1116ms
2025-09-13 17:34:04,697 [9e23e878-9bb3-42b5-8b94-e0e229812e65@group-D5D0288CE997-FollowerState] INFO  impl.RoleInfo (RoleInfo.java:shutdownFollowerState(121)) - 9e23e878-9bb3-42b5-8b94-e0e229812e65: shutdown 9e23e878-9bb3-42b5-8b94-e0e229812e65@group-D5D0288CE997-FollowerState
2025-09-13 17:34:04,697 [9e23e878-9bb3-42b5-8b94-e0e229812e65@group-D5D0288CE997-FollowerState] INFO  server.RaftServer$Division (RaftServerImpl.java:setRole(392)) - 9e23e878-9bb3-42b5-8b94-e0e229812e65@group-D5D0288CE997: changes role from  FOLLOWER to CANDIDATE at term 2 for changeToCandidate
2025-09-13 17:34:04,697 [9e23e878-9bb3-42b5-8b94-e0e229812e65@group-D5D0288CE997-FollowerState] INFO  impl.RoleInfo (RoleInfo.java:updateAndGet(148)) - 9e23e878-9bb3-42b5-8b94-e0e229812e65: start 9e23e878-9bb3-42b5-8b94-e0e229812e65@group-D5D0288CE997-LeaderElection285
2025-09-13 17:34:04,697 [9e23e878-9bb3-42b5-8b94-e0e229812e65@group-D5D0288CE997-LeaderElection285] INFO  impl.LeaderElection (LeaderElection.java:askForVotes(448)) - 9e23e878-9bb3-42b5-8b94-e0e229812e65@group-D5D0288CE997-LeaderElection285 PRE_VOTE round 0: submit vote requests at term 2 for conf: {index: 16, cur=peers:[9e23e878-9bb3-42b5-8b94-e0e229812e65|127.0.0.1:15023, 13facd30-3950-4310-8b1a-93d004abbbdd|127.0.0.1:15031, 36d876fb-a458-4393-963b-58eeedb8ba95|127.0.0.1:15015]|listeners:[], old=null}
2025-09-13 17:34:04,698 [9e23e878-9bb3-42b5-8b94-e0e229812e65@group-D5D0288CE997-LeaderElection285] INFO  impl.LeaderElection (LogUtils.java:infoOrTrace(142)) - 9e23e878-9bb3-42b5-8b94-e0e229812e65@group-D5D0288CE997-LeaderElection285 got exception when requesting votes: java.util.concurrent.ExecutionException: org.apache.ratis.thirdparty.io.grpc.StatusRuntimeException: UNAVAILABLE: io exception
2025-09-13 17:34:04,698 [9e23e878-9bb3-42b5-8b94-e0e229812e65@group-D5D0288CE997-LeaderElection285] INFO  impl.LeaderElection (LogUtils.java:infoOrTrace(142)) - 9e23e878-9bb3-42b5-8b94-e0e229812e65@group-D5D0288CE997-LeaderElection285 got exception when requesting votes: java.util.concurrent.ExecutionException: org.apache.ratis.thirdparty.io.grpc.StatusRuntimeException: UNAVAILABLE: io exception
2025-09-13 17:34:04,698 [9e23e878-9bb3-42b5-8b94-e0e229812e65@group-D5D0288CE997-LeaderElection285] INFO  impl.LeaderElection (LeaderElection.java:logAndReturn(206)) - 9e23e878-9bb3-42b5-8b94-e0e229812e65@group-D5D0288CE997-LeaderElection285: PRE_VOTE REJECTED received 0 response(s) and 2 exception(s):
2025-09-13 17:34:04,698 [9e23e878-9bb3-42b5-8b94-e0e229812e65@group-D5D0288CE997-LeaderElection285] INFO  impl.LeaderElection (LogUtils.java:infoOrTrace(142)) -   Exception 0: java.util.concurrent.ExecutionException: org.apache.ratis.thirdparty.io.grpc.StatusRuntimeException: UNAVAILABLE: io exception
2025-09-13 17:34:04,698 [9e23e878-9bb3-42b5-8b94-e0e229812e65@group-D5D0288CE997-LeaderElection285] INFO  impl.LeaderElection (LogUtils.java:infoOrTrace(142)) -   Exception 1: java.util.concurrent.ExecutionException: org.apache.ratis.thirdparty.io.grpc.StatusRuntimeException: UNAVAILABLE: io exception
2025-09-13 17:34:04,698 [9e23e878-9bb3-42b5-8b94-e0e229812e65@group-D5D0288CE997-LeaderElection285] INFO  impl.LeaderElection (LeaderElection.java:askForVotes(450)) - 9e23e878-9bb3-42b5-8b94-e0e229812e65@group-D5D0288CE997-LeaderElection285 PRE_VOTE round 0: result REJECTED
2025-09-13 17:34:04,698 [9e23e878-9bb3-42b5-8b94-e0e229812e65@group-D5D0288CE997-LeaderElection285] INFO  server.RaftServer$Division (RaftServerImpl.java:setRole(392)) - 9e23e878-9bb3-42b5-8b94-e0e229812e65@group-D5D0288CE997: changes role from CANDIDATE to FOLLOWER at term 2 for REJECTED
2025-09-13 17:34:04,698 [9e23e878-9bb3-42b5-8b94-e0e229812e65@group-D5D0288CE997-LeaderElection285] INFO  impl.RoleInfo (RoleInfo.java:shutdownLeaderElection(141)) - 9e23e878-9bb3-42b5-8b94-e0e229812e65: shutdown 9e23e878-9bb3-42b5-8b94-e0e229812e65@group-D5D0288CE997-LeaderElection285
2025-09-13 17:34:04,698 [9e23e878-9bb3-42b5-8b94-e0e229812e65@group-D5D0288CE997-LeaderElection285] INFO  impl.RoleInfo (RoleInfo.java:updateAndGet(148)) - 9e23e878-9bb3-42b5-8b94-e0e229812e65: start 9e23e878-9bb3-42b5-8b94-e0e229812e65@group-D5D0288CE997-FollowerState
2025-09-13 17:34:05,334 [9e23e878-9bb3-42b5-8b94-e0e229812e65@group-CF05563D4821-FollowerState] INFO  impl.FollowerState (FollowerState.java:runImpl(161)) - 9e23e878-9bb3-42b5-8b94-e0e229812e65@group-CF05563D4821-FollowerState: change to CANDIDATE, lastRpcElapsedTime:1128342800ns, electionTimeout:1128ms
2025-09-13 17:34:05,334 [9e23e878-9bb3-42b5-8b94-e0e229812e65@group-CF05563D4821-FollowerState] INFO  impl.RoleInfo (RoleInfo.java:shutdownFollowerState(121)) - 9e23e878-9bb3-42b5-8b94-e0e229812e65: shutdown 9e23e878-9bb3-42b5-8b94-e0e229812e65@group-CF05563D4821-FollowerState
2025-09-13 17:34:05,334 [9e23e878-9bb3-42b5-8b94-e0e229812e65@group-CF05563D4821-FollowerState] INFO  server.RaftServer$Division (RaftServerImpl.java:setRole(392)) - 9e23e878-9bb3-42b5-8b94-e0e229812e65@group-CF05563D4821: changes role from  FOLLOWER to CANDIDATE at term 5 for changeToCandidate
2025-09-13 17:34:05,334 [9e23e878-9bb3-42b5-8b94-e0e229812e65@group-CF05563D4821-FollowerState] INFO  impl.RoleInfo (RoleInfo.java:updateAndGet(148)) - 9e23e878-9bb3-42b5-8b94-e0e229812e65: start 9e23e878-9bb3-42b5-8b94-e0e229812e65@group-CF05563D4821-LeaderElection286
2025-09-13 17:34:05,335 [9e23e878-9bb3-42b5-8b94-e0e229812e65@group-CF05563D4821-LeaderElection286] INFO  impl.LeaderElection (LeaderElection.java:askForVotes(448)) - 9e23e878-9bb3-42b5-8b94-e0e229812e65@group-CF05563D4821-LeaderElection286 PRE_VOTE round 0: submit vote requests at term 5 for conf: {index: 7, cur=peers:[9e23e878-9bb3-42b5-8b94-e0e229812e65|127.0.0.1:15023, 13facd30-3950-4310-8b1a-93d004abbbdd|127.0.0.1:15031, 36d876fb-a458-4393-963b-58eeedb8ba95|127.0.0.1:15015]|listeners:[], old=null}
2025-09-13 17:34:05,335 [9e23e878-9bb3-42b5-8b94-e0e229812e65@group-CF05563D4821-LeaderElection286] INFO  impl.LeaderElection (LogUtils.java:infoOrTrace(142)) - 9e23e878-9bb3-42b5-8b94-e0e229812e65@group-CF05563D4821-LeaderElection286 got exception when requesting votes: java.util.concurrent.ExecutionException: org.apache.ratis.thirdparty.io.grpc.StatusRuntimeException: UNAVAILABLE: io exception
2025-09-13 17:34:05,335 [9e23e878-9bb3-42b5-8b94-e0e229812e65@group-CF05563D4821-LeaderElection286] INFO  impl.LeaderElection (LogUtils.java:infoOrTrace(142)) - 9e23e878-9bb3-42b5-8b94-e0e229812e65@group-CF05563D4821-LeaderElection286 got exception when requesting votes: java.util.concurrent.ExecutionException: org.apache.ratis.thirdparty.io.grpc.StatusRuntimeException: UNAVAILABLE: io exception
2025-09-13 17:34:05,335 [9e23e878-9bb3-42b5-8b94-e0e229812e65@group-CF05563D4821-LeaderElection286] INFO  impl.LeaderElection (LeaderElection.java:logAndReturn(206)) - 9e23e878-9bb3-42b5-8b94-e0e229812e65@group-CF05563D4821-LeaderElection286: PRE_VOTE REJECTED received 0 response(s) and 2 exception(s):
2025-09-13 17:34:05,335 [9e23e878-9bb3-42b5-8b94-e0e229812e65@group-CF05563D4821-LeaderElection286] INFO  impl.LeaderElection (LogUtils.java:infoOrTrace(142)) -   Exception 0: java.util.concurrent.ExecutionException: org.apache.ratis.thirdparty.io.grpc.StatusRuntimeException: UNAVAILABLE: io exception
2025-09-13 17:34:05,335 [9e23e878-9bb3-42b5-8b94-e0e229812e65@group-CF05563D4821-LeaderElection286] INFO  impl.LeaderElection (LogUtils.java:infoOrTrace(142)) -   Exception 1: java.util.concurrent.ExecutionException: org.apache.ratis.thirdparty.io.grpc.StatusRuntimeException: UNAVAILABLE: io exception
2025-09-13 17:34:05,335 [9e23e878-9bb3-42b5-8b94-e0e229812e65@group-CF05563D4821-LeaderElection286] INFO  impl.LeaderElection (LeaderElection.java:askForVotes(450)) - 9e23e878-9bb3-42b5-8b94-e0e229812e65@group-CF05563D4821-LeaderElection286 PRE_VOTE round 0: result REJECTED
2025-09-13 17:34:05,335 [9e23e878-9bb3-42b5-8b94-e0e229812e65@group-CF05563D4821-LeaderElection286] INFO  server.RaftServer$Division (RaftServerImpl.java:setRole(392)) - 9e23e878-9bb3-42b5-8b94-e0e229812e65@group-CF05563D4821: changes role from CANDIDATE to FOLLOWER at term 5 for REJECTED
2025-09-13 17:34:05,335 [9e23e878-9bb3-42b5-8b94-e0e229812e65@group-CF05563D4821-LeaderElection286] INFO  impl.RoleInfo (RoleInfo.java:shutdownLeaderElection(141)) - 9e23e878-9bb3-42b5-8b94-e0e229812e65: shutdown 9e23e878-9bb3-42b5-8b94-e0e229812e65@group-CF05563D4821-LeaderElection286
2025-09-13 17:34:05,335 [9e23e878-9bb3-42b5-8b94-e0e229812e65@group-CF05563D4821-LeaderElection286] INFO  impl.RoleInfo (RoleInfo.java:updateAndGet(148)) - 9e23e878-9bb3-42b5-8b94-e0e229812e65: start 9e23e878-9bb3-42b5-8b94-e0e229812e65@group-CF05563D4821-FollowerState
2025-09-13 17:34:05,826 [9e23e878-9bb3-42b5-8b94-e0e229812e65@group-D5D0288CE997-FollowerState] INFO  impl.FollowerState (FollowerState.java:runImpl(161)) - 9e23e878-9bb3-42b5-8b94-e0e229812e65@group-D5D0288CE997-FollowerState: change to CANDIDATE, lastRpcElapsedTime:1128289628ns, electionTimeout:1128ms
2025-09-13 17:34:05,827 [9e23e878-9bb3-42b5-8b94-e0e229812e65@group-D5D0288CE997-FollowerState] INFO  impl.RoleInfo (RoleInfo.java:shutdownFollowerState(121)) - 9e23e878-9bb3-42b5-8b94-e0e229812e65: shutdown 9e23e878-9bb3-42b5-8b94-e0e229812e65@group-D5D0288CE997-FollowerState
2025-09-13 17:34:05,827 [9e23e878-9bb3-42b5-8b94-e0e229812e65@group-D5D0288CE997-FollowerState] INFO  server.RaftServer$Division (RaftServerImpl.java:setRole(392)) - 9e23e878-9bb3-42b5-8b94-e0e229812e65@group-D5D0288CE997: changes role from  FOLLOWER to CANDIDATE at term 2 for changeToCandidate
2025-09-13 17:34:05,827 [9e23e878-9bb3-42b5-8b94-e0e229812e65@group-D5D0288CE997-FollowerState] INFO  impl.RoleInfo (RoleInfo.java:updateAndGet(148)) - 9e23e878-9bb3-42b5-8b94-e0e229812e65: start 9e23e878-9bb3-42b5-8b94-e0e229812e65@group-D5D0288CE997-LeaderElection287
2025-09-13 17:34:05,827 [9e23e878-9bb3-42b5-8b94-e0e229812e65@group-D5D0288CE997-LeaderElection287] INFO  impl.LeaderElection (LeaderElection.java:askForVotes(448)) - 9e23e878-9bb3-42b5-8b94-e0e229812e65@group-D5D0288CE997-LeaderElection287 PRE_VOTE round 0: submit vote requests at term 2 for conf: {index: 16, cur=peers:[9e23e878-9bb3-42b5-8b94-e0e229812e65|127.0.0.1:15023, 13facd30-3950-4310-8b1a-93d004abbbdd|127.0.0.1:15031, 36d876fb-a458-4393-963b-58eeedb8ba95|127.0.0.1:15015]|listeners:[], old=null}
2025-09-13 17:34:05,827 [9e23e878-9bb3-42b5-8b94-e0e229812e65@group-D5D0288CE997-LeaderElection287] INFO  impl.LeaderElection (LogUtils.java:infoOrTrace(142)) - 9e23e878-9bb3-42b5-8b94-e0e229812e65@group-D5D0288CE997-LeaderElection287 got exception when requesting votes: java.util.concurrent.ExecutionException: org.apache.ratis.thirdparty.io.grpc.StatusRuntimeException: UNAVAILABLE: io exception
2025-09-13 17:34:05,827 [9e23e878-9bb3-42b5-8b94-e0e229812e65@group-D5D0288CE997-LeaderElection287] INFO  impl.LeaderElection (LogUtils.java:infoOrTrace(142)) - 9e23e878-9bb3-42b5-8b94-e0e229812e65@group-D5D0288CE997-LeaderElection287 got exception when requesting votes: java.util.concurrent.ExecutionException: org.apache.ratis.thirdparty.io.grpc.StatusRuntimeException: UNAVAILABLE: io exception
2025-09-13 17:34:05,827 [9e23e878-9bb3-42b5-8b94-e0e229812e65@group-D5D0288CE997-LeaderElection287] INFO  impl.LeaderElection (LeaderElection.java:logAndReturn(206)) - 9e23e878-9bb3-42b5-8b94-e0e229812e65@group-D5D0288CE997-LeaderElection287: PRE_VOTE REJECTED received 0 response(s) and 2 exception(s):
2025-09-13 17:34:05,828 [9e23e878-9bb3-42b5-8b94-e0e229812e65@group-D5D0288CE997-LeaderElection287] INFO  impl.LeaderElection (LogUtils.java:infoOrTrace(142)) -   Exception 0: java.util.concurrent.ExecutionException: org.apache.ratis.thirdparty.io.grpc.StatusRuntimeException: UNAVAILABLE: io exception
2025-09-13 17:34:05,828 [9e23e878-9bb3-42b5-8b94-e0e229812e65@group-D5D0288CE997-LeaderElection287] INFO  impl.LeaderElection (LogUtils.java:infoOrTrace(142)) -   Exception 1: java.util.concurrent.ExecutionException: org.apache.ratis.thirdparty.io.grpc.StatusRuntimeException: UNAVAILABLE: io exception
2025-09-13 17:34:05,828 [9e23e878-9bb3-42b5-8b94-e0e229812e65@group-D5D0288CE997-LeaderElection287] INFO  impl.LeaderElection (LeaderElection.java:askForVotes(450)) - 9e23e878-9bb3-42b5-8b94-e0e229812e65@group-D5D0288CE997-LeaderElection287 PRE_VOTE round 0: result REJECTED
2025-09-13 17:34:05,828 [9e23e878-9bb3-42b5-8b94-e0e229812e65@group-D5D0288CE997-LeaderElection287] INFO  server.RaftServer$Division (RaftServerImpl.java:setRole(392)) - 9e23e878-9bb3-42b5-8b94-e0e229812e65@group-D5D0288CE997: changes role from CANDIDATE to FOLLOWER at term 2 for REJECTED
2025-09-13 17:34:05,828 [9e23e878-9bb3-42b5-8b94-e0e229812e65@group-D5D0288CE997-LeaderElection287] INFO  impl.RoleInfo (RoleInfo.java:shutdownLeaderElection(141)) - 9e23e878-9bb3-42b5-8b94-e0e229812e65: shutdown 9e23e878-9bb3-42b5-8b94-e0e229812e65@group-D5D0288CE997-LeaderElection287
2025-09-13 17:34:05,828 [9e23e878-9bb3-42b5-8b94-e0e229812e65@group-D5D0288CE997-LeaderElection287] INFO  impl.RoleInfo (RoleInfo.java:updateAndGet(148)) - 9e23e878-9bb3-42b5-8b94-e0e229812e65: start 9e23e878-9bb3-42b5-8b94-e0e229812e65@group-D5D0288CE997-FollowerState
2025-09-13 17:34:06,088 [grpc-default-executor-10] ERROR impl.OrderedAsync (OrderedAsync.java:lambda$null$6(215)) -  client-6B3875304329: Failed* RaftClientRequest:client-6B3875304329->9e23e878-9bb3-42b5-8b94-e0e229812e65@group-D5D0288CE997, cid=61, seq=6*, RW, cmdType: WriteChunk
traceID: ""
containerID: 5
datanodeUuid: "13facd30-3950-4310-8b1a-93d004abbbdd"
writeChunk {
  blockID {
    containerID: 5
    localID: 115816896921600008
    blockCommitSequenceId: 21
    replicaIndex: 0
  }
  chunkData {
    chunkName: "115816896921600008_chunk_3"
    offset: 2097152
    len: 524288
    checksumData {
      type: CRC32
      bytesPerChecksum: 16384
      checksums: "\326\360U\321"
      checksums: "\326\360U\321"
      checksums: "\326\360U\321"
      checksums: "\326\360U\321"
      checksums: "\326\360U\321"
      checksums: "\326\360U\321"
      checksums: "\326\360U\321"
      checksums: "\326\360U\321"
      checksums: "\326\360U\321"
      checksums: "\326\360U\321"
      checksums: "\326\360U\321"
      checksums: "\326\360U\321"
      checksums: "\326\360U\321"
      checksums: "\326\360U\321"
      checksums: "\326\360U\321"
      checksums: "\326\360U\321"
      checksums: "\326\360U\321"
      checksums: "\326\360U\321"
      checksums: "\326\360U\321"
      checksums: "\326\360U\321"
      checksums: "\326\360U\321"
      checksums: "\326\360U\321"
      checksums: "\326\360U\321"
      checksums: "\326\360U\321"
      checksums: "\326\360U\321"
      checksums: "\326\360U\321"
      checksums: "\326\360U\321"
      checksums: "\326\360U\321"
      checksums: "\326\360U\321"
      checksums: "\326\360U\321"
      checksums: "\326\360U\321"
      checksums: "\277r/p"
    }
  }
}
version: 3
, data.size=524288
java.util.concurrent.CompletionException: org.apache.ratis.protocol.exceptions.NotLeaderException: Server 9e23e878-9bb3-42b5-8b94-e0e229812e65@group-D5D0288CE997 is not the leader
	at java.base/java.util.concurrent.CompletableFuture.encodeThrowable(CompletableFuture.java:332)
	at java.base/java.util.concurrent.CompletableFuture.completeThrowable(CompletableFuture.java:347)
	at java.base/java.util.concurrent.CompletableFuture$UniAccept.tryFire(CompletableFuture.java:708)
	at java.base/java.util.concurrent.CompletableFuture.postComplete(CompletableFuture.java:510)
	at java.base/java.util.concurrent.CompletableFuture.completeExceptionally(CompletableFuture.java:2194)
	at org.apache.ratis.grpc.client.GrpcClientProtocolClient$AsyncStreamObservers.completeReplyExceptionally(GrpcClientProtocolClient.java:397)
	at org.apache.ratis.grpc.client.GrpcClientProtocolClient$AsyncStreamObservers.access$000(GrpcClientProtocolClient.java:303)
	at org.apache.ratis.grpc.client.GrpcClientProtocolClient$AsyncStreamObservers$1.onNext(GrpcClientProtocolClient.java:317)
	at org.apache.ratis.grpc.client.GrpcClientProtocolClient$AsyncStreamObservers$1.onNext(GrpcClientProtocolClient.java:308)
	at org.apache.ratis.thirdparty.io.grpc.stub.ClientCalls$StreamObserverToCallListenerAdapter.onMessage(ClientCalls.java:551)
	at org.apache.ratis.thirdparty.io.grpc.ForwardingClientCallListener.onMessage(ForwardingClientCallListener.java:33)
	at org.apache.ratis.thirdparty.io.grpc.internal.ClientCallImpl$ClientStreamListenerImpl$1MessagesAvailable.runInternal(ClientCallImpl.java:661)
	at org.apache.ratis.thirdparty.io.grpc.internal.ClientCallImpl$ClientStreamListenerImpl$1MessagesAvailable.runInContext(ClientCallImpl.java:648)
	at org.apache.ratis.thirdparty.io.grpc.internal.ContextRunnable.run(ContextRunnable.java:37)
	at org.apache.ratis.thirdparty.io.grpc.internal.SerializingExecutor.run(SerializingExecutor.java:133)
	at java.base/java.util.concurrent.ThreadPoolExecutor.runWorker(ThreadPoolExecutor.java:1144)
	at java.base/java.util.concurrent.ThreadPoolExecutor$Worker.run(ThreadPoolExecutor.java:642)
	at java.base/java.lang.Thread.run(Thread.java:1583)
Caused by: org.apache.ratis.protocol.exceptions.NotLeaderException: Server 9e23e878-9bb3-42b5-8b94-e0e229812e65@group-D5D0288CE997 is not the leader
	at org.apache.ratis.client.impl.ClientProtoUtils.toRaftClientReply(ClientProtoUtils.java:402)
	at org.apache.ratis.grpc.client.GrpcClientProtocolClient$AsyncStreamObservers$1.onNext(GrpcClientProtocolClient.java:313)
	... 10 more
2025-09-13 17:34:06,088 [grpc-default-executor-10] ERROR impl.OrderedAsync (OrderedAsync.java:lambda$send$4(181)) - Failed to send request, message=cmdType: WriteChunk
traceID: ""
containerID: 5
datanodeUuid: "13facd30-3950-4310-8b1a-93d004abbbdd"
writeChunk {
  blockID {
    containerID: 5
    localID: 115816896921600008
    blockCommitSequenceId: 21
    replicaIndex: 0
  }
  chunkData {
    chunkName: "115816896921600008_chunk_3"
    offset: 2097152
    len: 524288
    checksumData {
      type: CRC32
      bytesPerChecksum: 16384
      checksums: "\326\360U\321"
      checksums: "\326\360U\321"
      checksums: "\326\360U\321"
      checksums: "\326\360U\321"
      checksums: "\326\360U\321"
      checksums: "\326\360U\321"
      checksums: "\326\360U\321"
      checksums: "\326\360U\321"
      checksums: "\326\360U\321"
      checksums: "\326\360U\321"
      checksums: "\326\360U\321"
      checksums: "\326\360U\321"
      checksums: "\326\360U\321"
      checksums: "\326\360U\321"
      checksums: "\326\360U\321"
      checksums: "\326\360U\321"
      checksums: "\326\360U\321"
      checksums: "\326\360U\321"
      checksums: "\326\360U\321"
      checksums: "\326\360U\321"
      checksums: "\326\360U\321"
      checksums: "\326\360U\321"
      checksums: "\326\360U\321"
      checksums: "\326\360U\321"
      checksums: "\326\360U\321"
      checksums: "\326\360U\321"
      checksums: "\326\360U\321"
      checksums: "\326\360U\321"
      checksums: "\326\360U\321"
      checksums: "\326\360U\321"
      checksums: "\326\360U\321"
      checksums: "\277r/p"
    }
  }
}
version: 3
, data.size=524288
java.util.concurrent.CompletionException: org.apache.ratis.protocol.exceptions.RaftRetryFailureException: Failed RaftClientRequest:client-6B3875304329->9e23e878-9bb3-42b5-8b94-e0e229812e65@group-D5D0288CE997, cid=61, seq=6*, RW, cmdType: WriteChunk
traceID: ""
containerID: 5
datanodeUuid: "13facd30-3950-4310-8b1a-93d004abbbdd"
writeChunk {
  blockID {
    containerID: 5
    localID: 115816896921600008
    blockCommitSequenceId: 21
    replicaIndex: 0
  }
  chunkData {
    chunkName: "115816896921600008_chunk_3"
    offset: 2097152
    len: 524288
    checksumData {
      type: CRC32
      bytesPerChecksum: 16384
      checksums: "\326\360U\321"
      checksums: "\326\360U\321"
      checksums: "\326\360U\321"
      checksums: "\326\360U\321"
      checksums: "\326\360U\321"
      checksums: "\326\360U\321"
      checksums: "\326\360U\321"
      checksums: "\326\360U\321"
      checksums: "\326\360U\321"
      checksums: "\326\360U\321"
      checksums: "\326\360U\321"
      checksums: "\326\360U\321"
      checksums: "\326\360U\321"
      checksums: "\326\360U\321"
      checksums: "\326\360U\321"
      checksums: "\326\360U\321"
      checksums: "\326\360U\321"
      checksums: "\326\360U\321"
      checksums: "\326\360U\321"
      checksums: "\326\360U\321"
      checksums: "\326\360U\321"
      checksums: "\326\360U\321"
      checksums: "\326\360U\321"
      checksums: "\326\360U\321"
      checksums: "\326\360U\321"
      checksums: "\326\360U\321"
      checksums: "\326\360U\321"
      checksums: "\326\360U\321"
      checksums: "\326\360U\321"
      checksums: "\326\360U\321"
      checksums: "\326\360U\321"
      checksums: "\277r/p"
    }
  }
}
version: 3
, data.size=524288 for 7 attempts with RequestTypeDependentRetryPolicy{WRITE->ExceptionDependentRetry(maxAttempts=2147483647; defaultPolicy=MultipleLinearRandomRetry[5x5s, 5x10s, 5x15s, 5x20s, 5x25s, 10x60s]; map={org.apache.ratis.protocol.exceptions.GroupMismatchException->NoRetry, org.apache.ratis.protocol.exceptions.NotReplicatedException->NoRetry, org.apache.ratis.protocol.exceptions.ResourceUnavailableException->org.apache.ratis.retry.ExponentialBackoffRetry@54ec4619, org.apache.ratis.protocol.exceptions.StateMachineException->NoRetry, org.apache.ratis.protocol.exceptions.TimeoutIOException->org.apache.ratis.retry.ExponentialBackoffRetry@54ec4619}), WATCH->ExceptionDependentRetry(maxAttempts=2147483647; defaultPolicy=MultipleLinearRandomRetry[5x5s, 5x10s, 5x15s, 5x20s, 5x25s, 10x60s]; map={org.apache.ratis.protocol.exceptions.GroupMismatchException->NoRetry, org.apache.ratis.protocol.exceptions.NotReplicatedException->NoRetry, org.apache.ratis.protocol.exceptions.ResourceUnavailableException->org.apache.ratis.retry.ExponentialBackoffRetry@54ec4619, org.apache.ratis.protocol.exceptions.StateMachineException->NoRetry, org.apache.ratis.protocol.exceptions.TimeoutIOException->NoRetry})}
	at java.base/java.util.concurrent.CompletableFuture.encodeThrowable(CompletableFuture.java:332)
	at java.base/java.util.concurrent.CompletableFuture.completeThrowable(CompletableFuture.java:347)
	at java.base/java.util.concurrent.CompletableFuture$UniApply.tryFire(CompletableFuture.java:636)
	at java.base/java.util.concurrent.CompletableFuture.postComplete(CompletableFuture.java:510)
	at java.base/java.util.concurrent.CompletableFuture.completeExceptionally(CompletableFuture.java:2194)
	at org.apache.ratis.client.impl.OrderedAsync$PendingOrderedRequest.fail(OrderedAsync.java:111)
	at org.apache.ratis.util.SlidingWindow$Client.fail(SlidingWindow.java:395)
	at org.apache.ratis.client.impl.OrderedAsync.failAllAsyncRequests(OrderedAsync.java:155)
	at org.apache.ratis.client.impl.OrderedAsync.handleException(OrderedAsync.java:239)
	at org.apache.ratis.client.impl.OrderedAsync.lambda$sendRequestWithRetry$7(OrderedAsync.java:217)
	at java.base/java.util.concurrent.CompletableFuture.uniExceptionally(CompletableFuture.java:990)
	at java.base/java.util.concurrent.CompletableFuture$UniExceptionally.tryFire(CompletableFuture.java:974)
	at java.base/java.util.concurrent.CompletableFuture.postComplete(CompletableFuture.java:510)
	at java.base/java.util.concurrent.CompletableFuture.completeExceptionally(CompletableFuture.java:2194)
	at org.apache.ratis.grpc.client.GrpcClientProtocolClient$AsyncStreamObservers.completeReplyExceptionally(GrpcClientProtocolClient.java:397)
	at org.apache.ratis.grpc.client.GrpcClientProtocolClient$AsyncStreamObservers.access$000(GrpcClientProtocolClient.java:303)
	at org.apache.ratis.grpc.client.GrpcClientProtocolClient$AsyncStreamObservers$1.onNext(GrpcClientProtocolClient.java:317)
	at org.apache.ratis.grpc.client.GrpcClientProtocolClient$AsyncStreamObservers$1.onNext(GrpcClientProtocolClient.java:308)
	at org.apache.ratis.thirdparty.io.grpc.stub.ClientCalls$StreamObserverToCallListenerAdapter.onMessage(ClientCalls.java:551)
	at org.apache.ratis.thirdparty.io.grpc.ForwardingClientCallListener.onMessage(ForwardingClientCallListener.java:33)
	at org.apache.ratis.thirdparty.io.grpc.internal.ClientCallImpl$ClientStreamListenerImpl$1MessagesAvailable.runInternal(ClientCallImpl.java:661)
	at org.apache.ratis.thirdparty.io.grpc.internal.ClientCallImpl$ClientStreamListenerImpl$1MessagesAvailable.runInContext(ClientCallImpl.java:648)
	at org.apache.ratis.thirdparty.io.grpc.internal.ContextRunnable.run(ContextRunnable.java:37)
	at org.apache.ratis.thirdparty.io.grpc.internal.SerializingExecutor.run(SerializingExecutor.java:133)
	at java.base/java.util.concurrent.ThreadPoolExecutor.runWorker(ThreadPoolExecutor.java:1144)
	at java.base/java.util.concurrent.ThreadPoolExecutor$Worker.run(ThreadPoolExecutor.java:642)
	at java.base/java.lang.Thread.run(Thread.java:1583)
Caused by: org.apache.ratis.protocol.exceptions.RaftRetryFailureException: Failed RaftClientRequest:client-6B3875304329->9e23e878-9bb3-42b5-8b94-e0e229812e65@group-D5D0288CE997, cid=61, seq=6*, RW, cmdType: WriteChunk
traceID: ""
containerID: 5
datanodeUuid: "13facd30-3950-4310-8b1a-93d004abbbdd"
writeChunk {
  blockID {
    containerID: 5
    localID: 115816896921600008
    blockCommitSequenceId: 21
    replicaIndex: 0
  }
  chunkData {
    chunkName: "115816896921600008_chunk_3"
    offset: 2097152
    len: 524288
    checksumData {
      type: CRC32
      bytesPerChecksum: 16384
      checksums: "\326\360U\321"
      checksums: "\326\360U\321"
      checksums: "\326\360U\321"
      checksums: "\326\360U\321"
      checksums: "\326\360U\321"
      checksums: "\326\360U\321"
      checksums: "\326\360U\321"
      checksums: "\326\360U\321"
      checksums: "\326\360U\321"
      checksums: "\326\360U\321"
      checksums: "\326\360U\321"
      checksums: "\326\360U\321"
      checksums: "\326\360U\321"
      checksums: "\326\360U\321"
      checksums: "\326\360U\321"
      checksums: "\326\360U\321"
      checksums: "\326\360U\321"
      checksums: "\326\360U\321"
      checksums: "\326\360U\321"
      checksums: "\326\360U\321"
      checksums: "\326\360U\321"
      checksums: "\326\360U\321"
      checksums: "\326\360U\321"
      checksums: "\326\360U\321"
      checksums: "\326\360U\321"
      checksums: "\326\360U\321"
      checksums: "\326\360U\321"
      checksums: "\326\360U\321"
      checksums: "\326\360U\321"
      checksums: "\326\360U\321"
      checksums: "\326\360U\321"
      checksums: "\277r/p"
    }
  }
}
version: 3
, data.size=524288 for 7 attempts with RequestTypeDependentRetryPolicy{WRITE->ExceptionDependentRetry(maxAttempts=2147483647; defaultPolicy=MultipleLinearRandomRetry[5x5s, 5x10s, 5x15s, 5x20s, 5x25s, 10x60s]; map={org.apache.ratis.protocol.exceptions.GroupMismatchException->NoRetry, org.apache.ratis.protocol.exceptions.NotReplicatedException->NoRetry, org.apache.ratis.protocol.exceptions.ResourceUnavailableException->org.apache.ratis.retry.ExponentialBackoffRetry@54ec4619, org.apache.ratis.protocol.exceptions.StateMachineException->NoRetry, org.apache.ratis.protocol.exceptions.TimeoutIOException->org.apache.ratis.retry.ExponentialBackoffRetry@54ec4619}), WATCH->ExceptionDependentRetry(maxAttempts=2147483647; defaultPolicy=MultipleLinearRandomRetry[5x5s, 5x10s, 5x15s, 5x20s, 5x25s, 10x60s]; map={org.apache.ratis.protocol.exceptions.GroupMismatchException->NoRetry, org.apache.ratis.protocol.exceptions.NotReplicatedException->NoRetry, org.apache.ratis.protocol.exceptions.ResourceUnavailableException->org.apache.ratis.retry.ExponentialBackoffRetry@54ec4619, org.apache.ratis.protocol.exceptions.StateMachineException->NoRetry, org.apache.ratis.protocol.exceptions.TimeoutIOException->NoRetry})}
	at org.apache.ratis.client.impl.RaftClientImpl.noMoreRetries(RaftClientImpl.java:352)
	... 19 more
Caused by: org.apache.ratis.protocol.exceptions.NotLeaderException: Server 9e23e878-9bb3-42b5-8b94-e0e229812e65@group-D5D0288CE997 is not the leader
	at org.apache.ratis.client.impl.ClientProtoUtils.toRaftClientReply(ClientProtoUtils.java:402)
	at org.apache.ratis.grpc.client.GrpcClientProtocolClient$AsyncStreamObservers$1.onNext(GrpcClientProtocolClient.java:313)
	... 10 more
2025-09-13 17:34:06,089 [grpc-default-executor-10] ERROR impl.OrderedAsync (OrderedAsync.java:lambda$send$4(179)) - Failed to send request, message=cmdType: PutBlock
traceID: ""
containerID: 5
datanodeUuid: "13facd30-3950-4310-8b1a-93d004abbbdd"
putBlock {
  blockData {
    blockID {
      containerID: 5
      localID: 115816896921600008
      blockCommitSequenceId: 0
    }
    metadata {
      key: "TYPE"
      value: "KEY"
    }
    chunks {
      chunkName: "115816896921600008_chunk_1"
      offset: 0
      len: 1048576
      checksumData {
        type: CRC32
        bytesPerChecksum: 16384
        checksums: "\326\360U\321"
        checksums: "\326\360U\321"
        checksums: "\326\360U\321"
        checksums: "\326\360U\321"
        checksums: "\326\360U\321"
        checksums: "\326\360U\321"
        checksums: "\326\360U\321"
        checksums: "\326\360U\321"
        checksums: "\326\360U\321"
        checksums: "\326\360U\321"
        checksums: "\326\360U\321"
        checksums: "\326\360U\321"
        checksums: "\326\360U\321"
        checksums: "\326\360U\321"
        checksums: "\326\360U\321"
        checksums: "\326\360U\321"
        checksums: "\326\360U\321"
        checksums: "\326\360U\321"
        checksums: "\326\360U\321"
        checksums: "\326\360U\321"
        checksums: "\326\360U\321"
        checksums: "\326\360U\321"
        checksums: "\326\360U\321"
        checksums: "\326\360U\321"
        checksums: "\326\360U\321"
        checksums: "\326\360U\321"
        checksums: "\326\360U\321"
        checksums: "\326\360U\321"
        checksums: "\326\360U\321"
        checksums: "\326\360U\321"
        checksums: "\326\360U\321"
        checksums: "\326\360U\321"
        checksums: "\326\360U\321"
        checksums: "\326\360U\321"
        checksums: "\326\360U\321"
        checksums: "\326\360U\321"
        checksums: "\326\360U\321"
        checksums: "\326\360U\321"
        checksums: "\326\360U\321"
        checksums: "\326\360U\321"
        checksums: "\326\360U\321"
        checksums: "\326\360U\321"
        checksums: "\326\360U\321"
        checksums: "\326\360U\321"
        checksums: "\326\360U\321"
        checksums: "\326\360U\321"
        checksums: "\326\360U\321"
        checksums: "\326\360U\321"
        checksums: "\326\360U\321"
        checksums: "\326\360U\321"
        checksums: "\326\360U\321"
        checksums: "\326\360U\321"
        checksums: "\326\360U\321"
        checksums: "\326\360U\321"
        checksums: "\326\360U\321"
        checksums: "\326\360U\321"
        checksums: "\326\360U\321"
        checksums: "\326\360U\321"
        checksums: "\326\360U\321"
        checksums: "\326\360U\321"
        checksums: "\326\360U\321"
        checksums: "\326\360U\321"
        checksums: "\326\360U\321"
        checksums: "\326\360U\321"
      }
    }
    chunks {
      chunkName: "115816896921600008_chunk_2"
      offset: 1048576
      len: 1048576
      checksumData {
        type: CRC32
        bytesPerChecksum: 16384
        checksums: "\326\360U\321"
        checksums: "\326\360U\321"
        checksums: "\326\360U\321"
        checksums: "\326\360U\321"
        checksums: "\326\360U\321"
        checksums: "\326\360U\321"
        checksums: "\326\360U\321"
        checksums: "\326\360U\321"
        checksums: "\326\360U\321"
        checksums: "\326\360U\321"
        checksums: "\326\360U\321"
        checksums: "\326\360U\321"
        checksums: "\326\360U\321"
        checksums: "\326\360U\321"
        checksums: "\326\360U\321"
        checksums: "\326\360U\321"
        checksums: "\326\360U\321"
        checksums: "\326\360U\321"
        checksums: "\326\360U\321"
        checksums: "\326\360U\321"
        checksums: "\326\360U\321"
        checksums: "\326\360U\321"
        checksums: "\326\360U\321"
        checksums: "\326\360U\321"
        checksums: "\326\360U\321"
        checksums: "\326\360U\321"
        checksums: "\326\360U\321"
        checksums: "\326\360U\321"
        checksums: "\326\360U\321"
        checksums: "\326\360U\321"
        checksums: "\326\360U\321"
        checksums: "\326\360U\321"
        checksums: "\326\360U\321"
        checksums: "\326\360U\321"
        checksums: "\326\360U\321"
        checksums: "\326\360U\321"
        checksums: "\326\360U\321"
        checksums: "\326\360U\321"
        checksums: "\326\360U\321"
        checksums: "\326\360U\321"
        checksums: "\326\360U\321"
        checksums: "\326\360U\321"
        checksums: "\326\360U\321"
        checksums: "\326\360U\321"
        checksums: "\326\360U\321"
        checksums: "\326\360U\321"
        checksums: "\326\360U\321"
        checksums: "\326\360U\321"
        checksums: "\326\360U\321"
        checksums: "\326\360U\321"
        checksums: "\326\360U\321"
        checksums: "\326\360U\321"
        checksums: "\326\360U\321"
        checksums: "\326\360U\321"
        checksums: "\326\360U\321"
        checksums: "\326\360U\321"
        checksums: "\326\360U\321"
        checksums: "\326\360U\321"
        checksums: "\326\360U\321"
        checksums: "\326\360U\321"
        checksums: "\326\360U\321"
        checksums: "\326\360U\321"
        checksums: "\326\360U\321"
        checksums: "\326\360U\321"
      }
    }
    chunks {
      chunkName: "115816896921600008_chunk_3"
      offset: 2097152
      len: 524288
      checksumData {
        type: CRC32
        bytesPerChecksum: 16384
        checksums: "\326\360U\321"
        checksums: "\326\360U\321"
        checksums: "\326\360U\321"
        checksums: "\326\360U\321"
        checksums: "\326\360U\321"
        checksums: "\326\360U\321"
        checksums: "\326\360U\321"
        checksums: "\326\360U\321"
        checksums: "\326\360U\321"
        checksums: "\326\360U\321"
        checksums: "\326\360U\321"
        checksums: "\326\360U\321"
        checksums: "\326\360U\321"
        checksums: "\326\360U\321"
        checksums: "\326\360U\321"
        checksums: "\326\360U\321"
        checksums: "\326\360U\321"
        checksums: "\326\360U\321"
        checksums: "\326\360U\321"
        checksums: "\326\360U\321"
        checksums: "\326\360U\321"
        checksums: "\326\360U\321"
        checksums: "\326\360U\321"
        checksums: "\326\360U\321"
        checksums: "\326\360U\321"
        checksums: "\326\360U\321"
        checksums: "\326\360U\321"
        checksums: "\326\360U\321"
        checksums: "\326\360U\321"
        checksums: "\326\360U\321"
        checksums: "\326\360U\321"
        checksums: "\277r/p"
      }
    }
  }
  eof: true
}
version: 3
, data.size=0 due to java.util.concurrent.CompletionException: org.apache.ratis.protocol.exceptions.AlreadyClosedException: SlidingWindow$Client:client-6B3875304329->RAFT is closed.
2025-09-13 17:34:06,089 [ForkJoinPool-1-worker-1] WARN  io.KeyOutputStream (KeyOutputStream.java:handleExceptionInternal(377)) - Encountered exception java.io.IOException: Unexpected Storage Container Exception: java.util.concurrent.CompletionException: Failed to write chunk 115816896921600008_chunk_3 into block conID: 5 locID: 115816896921600008 bcsId: 21 replicaIndex: null on the pipeline Pipeline{ Id: 71f8f458-3dd2-4722-a002-d5d0288ce997, Nodes: [ {13facd30-3950-4310-8b1a-93d004abbbdd(localhost/127.0.0.1), ReplicaIndex: 0}, {36d876fb-a458-4393-963b-58eeedb8ba95(localhost/127.0.0.1), ReplicaIndex: 0}, {9e23e878-9bb3-42b5-8b94-e0e229812e65(localhost/127.0.0.1), ReplicaIndex: 0},], ReplicationConfig: RATIS/THREE, State:OPEN, leaderId:36d876fb-a458-4393-963b-58eeedb8ba95, CreationTimestamp2025-09-13T17:31:20.361Z[Etc/UTC]}. The last committed block length is 2097152, uncommitted data length is 524288 retry count 0
2025-09-13 17:34:06,121 [ForkJoinPool-1-worker-1] INFO  io.BlockOutputStreamEntry (BlockOutputStreamEntry.java:writeOnRetry(192)) - BlockOutputStreamEntry:c51b8aa8-ed4f-4106-914a-4d62a3b8f8d6 conID: 7 locID: 115816896921600009 bcsId: 0 replicaIndex: null: Finish retrying with len 524288, currentPosition 524288
2025-09-13 17:34:06,121 [ForkJoinPool-1-worker-1] INFO  io.BlockOutputStreamEntry (BlockOutputStreamEntry.java:finishRetryHandling(141)) - BlockOutputStreamEntry:c51b8aa8-ed4f-4106-914a-4d62a3b8f8d6 conID: 7 locID: 115816896921600009 bcsId: 0 replicaIndex: null: Exiting retry handling mode
]]></system-out>
  </testcase>
  <testcase name="testDatanodeExclusionWithMajorityCommit(ReplicationLevel)[1]" classname="org.apache.hadoop.ozone.client.rpc.TestFailureHandlingByClient" time="3.614">
    <system-out><![CDATA[2025-09-13 17:34:06,226 [ForkJoinPool-1-worker-1] WARN  dropwizard3.Dm3MetricRegistriesImpl (Dm3MetricRegistriesImpl.java:addReporterRegistration(114)) - New reporters are added after registries were created. Some metrics will be missing from the reporter. Please add reporter before adding any new registry.
2025-09-13 17:34:06,226 [ForkJoinPool-1-worker-1] WARN  dropwizard3.Dm3MetricRegistriesImpl (Dm3MetricRegistriesImpl.java:addReporterRegistration(114)) - New reporters are added after registries were created. Some metrics will be missing from the reporter. Please add reporter before adding any new registry.
2025-09-13 17:34:06,226 [ForkJoinPool-1-worker-1] INFO  impl.MetricsSystemImpl (MetricsSystemImpl.java:init(158)) - HddsDatanode metrics system started (again)
2025-09-13 17:34:06,266 [ForkJoinPool-1-worker-1] INFO  ozone.HddsDatanodeService (HddsDatanodeService.java:start(236)) - HddsDatanodeService 13facd30-3950-4310-8b1a-93d004abbbdd(localhost/127.0.0.1)
2025-09-13 17:34:06,268 [ForkJoinPool-1-worker-1] INFO  upgrade.AbstractLayoutVersionManager (AbstractLayoutVersionManager.java:init(80)) - Initializing Layout version manager with metadata layout = WITNESSED_CONTAINER_DB_PROTO_VALUE (version = 9), software layout = WITNESSED_CONTAINER_DB_PROTO_VALUE (version = 9)
2025-09-13 17:34:06,269 [ForkJoinPool-1-worker-1] INFO  statemachine.DatanodeStateMachine (DatanodeStateMachine.java:getEndPointTaskThreadPoolSize(321)) - Datanode State Machine Task Thread Pool size 2
2025-09-13 17:34:06,272 [ForkJoinPool-1-worker-1] INFO  volume.HddsVolume (HddsVolume.java:<init>(162)) - HddsVolume: { id=DS-7c74f027-72de-49ce-b83a-c2c2856c274d dir=/home/runner/work/ozone/ozone/hadoop-ozone/integration-test/target/test-dir/MiniOzoneClusterImpl-1331a795-ed08-415d-924a-7661a5cf51a5/ozone-metadata/datanode-3/data-0/hdds type=DISK capacity=9222449699674390527 used=0 available=9222449699674390527 minFree=9222450130714624 committed=0 }
2025-09-13 17:34:06,272 [ForkJoinPool-1-worker-1] INFO  volume.MutableVolumeSet (MutableVolumeSet.java:initializeVolumeSet(175)) - Added Volume : /home/runner/work/ozone/ozone/hadoop-ozone/integration-test/target/test-dir/MiniOzoneClusterImpl-1331a795-ed08-415d-924a-7661a5cf51a5/ozone-metadata/datanode-3/data-0/hdds to VolumeSet
2025-09-13 17:34:06,273 [ForkJoinPool-1-worker-1] INFO  volume.MutableVolumeSet (MutableVolumeSet.java:initializeVolumeSet(175)) - Added Volume : /home/runner/work/ozone/ozone/hadoop-ozone/integration-test/target/test-dir/MiniOzoneClusterImpl-1331a795-ed08-415d-924a-7661a5cf51a5/ozone-metadata/datanode-3/ratis to VolumeSet
2025-09-13 17:34:06,292 [ForkJoinPool.commonPool-worker-4] INFO  utils.DatanodeStoreCache (DatanodeStoreCache.java:addDB(70)) - Added db /home/runner/work/ozone/ozone/hadoop-ozone/integration-test/target/test-dir/MiniOzoneClusterImpl-1331a795-ed08-415d-924a-7661a5cf51a5/ozone-metadata/datanode-3/data-0/hdds/1331a795-ed08-415d-924a-7661a5cf51a5/DS-7c74f027-72de-49ce-b83a-c2c2856c274d/container.db to cache
2025-09-13 17:34:06,292 [ForkJoinPool.commonPool-worker-4] INFO  volume.HddsVolume (HddsVolume.java:loadDbStore(517)) - SchemaV3 db is loaded at /home/runner/work/ozone/ozone/hadoop-ozone/integration-test/target/test-dir/MiniOzoneClusterImpl-1331a795-ed08-415d-924a-7661a5cf51a5/ozone-metadata/datanode-3/data-0/hdds/1331a795-ed08-415d-924a-7661a5cf51a5/DS-7c74f027-72de-49ce-b83a-c2c2856c274d/container.db for volume DS-7c74f027-72de-49ce-b83a-c2c2856c274d
2025-09-13 17:34:06,293 [ForkJoinPool-1-worker-1] INFO  ozoneimpl.OzoneContainer (HddsVolumeUtil.java:loadAllHddsVolumeDbStore(102)) - Load 1 volumes DbStore cost: 19ms
2025-09-13 17:34:06,293 [ForkJoinPool-1-worker-1] WARN  db.DBStoreBuilder (DBStoreBuilder.java:getDBDirPath(158)) - ozone.scm.datanode.id.dir is not configured. We recommend adding this setting. Falling back to ozone.metadata.dirs instead.
2025-09-13 17:34:06,294 [ForkJoinPool-1-worker-1] WARN  db.DBStoreBuilder (DBStoreBuilder.java:getDBDirPath(158)) - ozone.scm.datanode.id.dir is not configured. We recommend adding this setting. Falling back to ozone.metadata.dirs instead.
2025-09-13 17:34:06,302 [ForkJoinPool-1-worker-1] INFO  impl.FilePerChunkStrategy (FilePerChunkStrategy.java:<init>(79)) - ozone.chunk.read.mapped.buffer.max.count is load with 0
2025-09-13 17:34:06,302 [ForkJoinPool-1-worker-1] INFO  impl.FilePerBlockStrategy (FilePerBlockStrategy.java:<init>(88)) - ozone.chunk.read.mapped.buffer.max.count is load with 0
2025-09-13 17:34:06,303 [ForkJoinPool-1-worker-1] INFO  server.RaftServerConfigKeys (ConfUtils.java:logGet(62)) - raft.server.log.appender.buffer.byte-limit = 33554432 (custom)
2025-09-13 17:34:06,304 [ForkJoinPool-1-worker-1] INFO  grpc.GrpcConfigKeys (ConfUtils.java:logFallback(69)) - raft.grpc.admin.host = null (fallback to raft.grpc.server.host)
2025-09-13 17:34:06,304 [ForkJoinPool-1-worker-1] INFO  grpc.GrpcConfigKeys (ConfUtils.java:logGet(62)) - raft.grpc.admin.port = 15030 (custom)
2025-09-13 17:34:06,305 [ForkJoinPool-1-worker-1] INFO  grpc.GrpcConfigKeys (ConfUtils.java:logFallback(69)) - raft.grpc.client.host = null (fallback to raft.grpc.server.host)
2025-09-13 17:34:06,305 [ForkJoinPool-1-worker-1] INFO  grpc.GrpcConfigKeys (ConfUtils.java:logGet(62)) - raft.grpc.client.port = 15029 (custom)
2025-09-13 17:34:06,305 [ForkJoinPool-1-worker-1] INFO  grpc.GrpcConfigKeys (ConfUtils.java:logGet(62)) - raft.grpc.server.port = 15031 (custom)
2025-09-13 17:34:06,305 [ForkJoinPool-1-worker-1] INFO  server.GrpcServicesImpl (ConfUtils.java:logGet(62)) - raft.grpc.message.size.max = 34603008 (custom)
2025-09-13 17:34:06,305 [ForkJoinPool-1-worker-1] INFO  server.GrpcServicesImpl (ConfUtils.java:logGet(62)) - raft.grpc.flow.control.window = 5MB (=5242880) (custom)
2025-09-13 17:34:06,305 [ForkJoinPool-1-worker-1] INFO  server.RaftServerConfigKeys (ConfUtils.java:logGet(62)) - raft.server.log.appender.buffer.byte-limit = 33554432 (custom)
2025-09-13 17:34:06,307 [ForkJoinPool-1-worker-1] INFO  netty.NettyUtils (NettyUtils.java:newEventLoopGroup(74)) - Create EpollEventLoopGroup for 13facd30-3950-4310-8b1a-93d004abbbdd-NettyServerStreamRpc-bossGroup; Thread size is 0.
2025-09-13 17:34:06,307 [ForkJoinPool-1-worker-1] INFO  netty.NettyUtils (NettyUtils.java:newEventLoopGroup(74)) - Create EpollEventLoopGroup for 13facd30-3950-4310-8b1a-93d004abbbdd-NettyServerStreamRpc-workerGroup; Thread size is 0.
2025-09-13 17:34:06,308 [ForkJoinPool-1-worker-1] INFO  netty.NettyConfigKeys$DataStream (ConfUtils.java:logGet(62)) - raft.netty.dataStream.port = 15032 (custom)
2025-09-13 17:34:06,309 [ForkJoinPool-1-worker-1] INFO  server.RaftServerConfigKeys (ConfUtils.java:logGet(62)) - raft.server.storage.dir = [/home/runner/work/ozone/ozone/hadoop-ozone/integration-test/target/test-dir/MiniOzoneClusterImpl-1331a795-ed08-415d-924a-7661a5cf51a5/ozone-metadata/datanode-3/ratis] (custom)
2025-09-13 17:34:06,309 [13facd30-3950-4310-8b1a-93d004abbbdd-NettyServerStreamRpc-bossGroup--thread1] INFO  logging.LoggingHandler (AbstractInternalLogger.java:log(148)) - [id: 0x720d9aa2] REGISTERED
2025-09-13 17:34:06,309 [13facd30-3950-4310-8b1a-93d004abbbdd-impl-thread1] INFO  server.RaftServer (RaftServerProxy.java:initGroupDir(270)) - 13facd30-3950-4310-8b1a-93d004abbbdd: found a subdirectory /home/runner/work/ozone/ozone/hadoop-ozone/integration-test/target/test-dir/MiniOzoneClusterImpl-1331a795-ed08-415d-924a-7661a5cf51a5/ozone-metadata/datanode-3/ratis/71f8f458-3dd2-4722-a002-d5d0288ce997
2025-09-13 17:34:06,309 [13facd30-3950-4310-8b1a-93d004abbbdd-NettyServerStreamRpc-bossGroup--thread1] INFO  logging.LoggingHandler (AbstractInternalLogger.java:log(148)) - [id: 0x720d9aa2] BIND: 0.0.0.0/0.0.0.0:15032
2025-09-13 17:34:06,309 [13facd30-3950-4310-8b1a-93d004abbbdd-impl-thread1] INFO  server.RaftServer (RaftServerProxy.java:addNew(105)) - 13facd30-3950-4310-8b1a-93d004abbbdd: addNew group-D5D0288CE997:[] returns group-D5D0288CE997:java.util.concurrent.CompletableFuture@1db1e4a2[Not completed]
2025-09-13 17:34:06,309 [13facd30-3950-4310-8b1a-93d004abbbdd-NettyServerStreamRpc-bossGroup--thread1] INFO  logging.LoggingHandler (AbstractInternalLogger.java:log(148)) - [id: 0x720d9aa2, L:/0.0.0.0:15032] ACTIVE
2025-09-13 17:34:06,310 [13facd30-3950-4310-8b1a-93d004abbbdd-impl-thread1] INFO  server.RaftServer (RaftServerProxy.java:initGroupDir(270)) - 13facd30-3950-4310-8b1a-93d004abbbdd: found a subdirectory /home/runner/work/ozone/ozone/hadoop-ozone/integration-test/target/test-dir/MiniOzoneClusterImpl-1331a795-ed08-415d-924a-7661a5cf51a5/ozone-metadata/datanode-3/ratis/59c25a4c-b008-4c23-bf2e-cf05563d4821
2025-09-13 17:34:06,310 [13facd30-3950-4310-8b1a-93d004abbbdd-impl-thread1] INFO  server.RaftServer (RaftServerProxy.java:addNew(105)) - 13facd30-3950-4310-8b1a-93d004abbbdd: addNew group-CF05563D4821:[] returns group-CF05563D4821:java.util.concurrent.CompletableFuture@1725f3be[Not completed]
2025-09-13 17:34:06,310 [13facd30-3950-4310-8b1a-93d004abbbdd-impl-thread1] INFO  server.RaftServer (RaftServerProxy.java:initGroupDir(270)) - 13facd30-3950-4310-8b1a-93d004abbbdd: found a subdirectory /home/runner/work/ozone/ozone/hadoop-ozone/integration-test/target/test-dir/MiniOzoneClusterImpl-1331a795-ed08-415d-924a-7661a5cf51a5/ozone-metadata/datanode-3/ratis/f7fa2a76-8c89-4e33-b3f9-c6159b6e7e4c
2025-09-13 17:34:06,310 [13facd30-3950-4310-8b1a-93d004abbbdd-impl-thread1] INFO  server.RaftServer (RaftServerProxy.java:addNew(105)) - 13facd30-3950-4310-8b1a-93d004abbbdd: addNew group-C6159B6E7E4C:[] returns group-C6159B6E7E4C:java.util.concurrent.CompletableFuture@2ce63fe5[Not completed]
2025-09-13 17:34:06,310 [13facd30-3950-4310-8b1a-93d004abbbdd-impl-thread1] INFO  server.RaftServer (RaftServerProxy.java:initGroupDir(270)) - 13facd30-3950-4310-8b1a-93d004abbbdd: found a subdirectory /home/runner/work/ozone/ozone/hadoop-ozone/integration-test/target/test-dir/MiniOzoneClusterImpl-1331a795-ed08-415d-924a-7661a5cf51a5/ozone-metadata/datanode-3/ratis/tmp
2025-09-13 17:34:06,310 [13facd30-3950-4310-8b1a-93d004abbbdd-impl-thread1] INFO  server.RaftServer (RaftServerProxy.java:initGroupDir(275)) - 13facd30-3950-4310-8b1a-93d004abbbdd: The directory /home/runner/work/ozone/ozone/hadoop-ozone/integration-test/target/test-dir/MiniOzoneClusterImpl-1331a795-ed08-415d-924a-7661a5cf51a5/ozone-metadata/datanode-3/ratis/tmp is not a group directory; ignoring it. 
2025-09-13 17:34:06,310 [ForkJoinPool-1-worker-1] INFO  replication.ReplicationServer (ReplicationServer.java:<init>(84)) - Initializing replication server with thread count = 10 queue length = 4096
2025-09-13 17:34:06,311 [13facd30-3950-4310-8b1a-93d004abbbdd-groupManagement] INFO  server.RaftServer$Division (RaftServerImpl.java:<init>(268)) - 13facd30-3950-4310-8b1a-93d004abbbdd: new RaftServerImpl for group-D5D0288CE997:[] with ContainerStateMachine:uninitialized
2025-09-13 17:34:06,311 [13facd30-3950-4310-8b1a-93d004abbbdd-groupManagement] INFO  server.RaftServer$Division (ServerState.java:<init>(114)) - 13facd30-3950-4310-8b1a-93d004abbbdd@group-D5D0288CE997: ConfigurationManager, init=conf: {index: -1, cur=peers:[]|listeners:[], old=null}, confs=<EMPTY_MAP>
2025-09-13 17:34:06,312 [ForkJoinPool-1-worker-1] INFO  server.XceiverServerGrpc (XceiverServerGrpc.java:<init>(130)) - GrpcServer channel type EpollServerSocketChannel
2025-09-13 17:34:06,313 [ForkJoinPool-1-worker-1] INFO  replication.ReplicationSupervisor (ReplicationSupervisor.java:build(169)) - Initializing replication supervisor with thread count = 10
2025-09-13 17:34:06,313 [ForkJoinPool-1-worker-1] INFO  replication.ReplicationSupervisor (ReplicationSupervisor.java:nodeStateUpdated(358)) - Node state updated to IN_SERVICE, scaling executor pool size to 10
2025-09-13 17:34:06,316 [ForkJoinPool-1-worker-1] INFO  http.BaseHttpServer (BaseHttpServer.java:newHttpServer2BuilderForOzone(227)) - Starting Web-server for hddsDatanode at: http://0.0.0.0:15026
2025-09-13 17:34:06,316 [ForkJoinPool-1-worker-1] INFO  http.BaseHttpServer (BaseHttpServer.java:<init>(105)) - Hadoop Security Enabled: false Ozone Security Enabled: false Ozone HTTP Security Enabled: false 
2025-09-13 17:34:06,316 [13facd30-3950-4310-8b1a-93d004abbbdd-groupManagement] INFO  server.RaftServer$Division (RaftServerImpl.java:<init>(268)) - 13facd30-3950-4310-8b1a-93d004abbbdd: new RaftServerImpl for group-CF05563D4821:[] with ContainerStateMachine:uninitialized
2025-09-13 17:34:06,316 [13facd30-3950-4310-8b1a-93d004abbbdd-groupManagement] INFO  server.RaftServer$Division (ServerState.java:<init>(114)) - 13facd30-3950-4310-8b1a-93d004abbbdd@group-CF05563D4821: ConfigurationManager, init=conf: {index: -1, cur=peers:[]|listeners:[], old=null}, confs=<EMPTY_MAP>
2025-09-13 17:34:06,318 [ForkJoinPool-1-worker-1] WARN  server.AuthenticationFilter (AuthenticationFilter.java:constructSecretProvider(240)) - Unable to initialize FileSignerSecretProvider, falling back to use random secrets. Reason: Could not read signature secret file: /home/runner/hadoop-http-auth-signature-secret
2025-09-13 17:34:06,320 [13facd30-3950-4310-8b1a-93d004abbbdd-groupManagement] INFO  server.RaftServer$Division (RaftServerImpl.java:<init>(268)) - 13facd30-3950-4310-8b1a-93d004abbbdd: new RaftServerImpl for group-C6159B6E7E4C:[] with ContainerStateMachine:uninitialized
2025-09-13 17:34:06,320 [13facd30-3950-4310-8b1a-93d004abbbdd-groupManagement] INFO  server.RaftServer$Division (ServerState.java:<init>(114)) - 13facd30-3950-4310-8b1a-93d004abbbdd@group-C6159B6E7E4C: ConfigurationManager, init=conf: {index: -1, cur=peers:[]|listeners:[], old=null}, confs=<EMPTY_MAP>
2025-09-13 17:34:06,321 [ForkJoinPool-1-worker-1] INFO  http.HttpServer2 (HttpServer2.java:addGlobalFilter(1041)) - Added global filter 'safety' (class=org.apache.hadoop.hdds.server.http.HttpServer2$QuotingInputFilter)
2025-09-13 17:34:06,322 [ForkJoinPool-1-worker-1] INFO  http.HttpServer2 (HttpServer2.java:addFilter(1017)) - Added filter static_user_filter (class=org.apache.hadoop.http.lib.StaticUserWebFilter$StaticUserFilter) to context hddsDatanode
2025-09-13 17:34:06,322 [ForkJoinPool-1-worker-1] INFO  http.HttpServer2 (HttpServer2.java:addFilter(1025)) - Added filter static_user_filter (class=org.apache.hadoop.http.lib.StaticUserWebFilter$StaticUserFilter) to context logs
2025-09-13 17:34:06,322 [ForkJoinPool-1-worker-1] INFO  http.HttpServer2 (HttpServer2.java:addFilter(1025)) - Added filter static_user_filter (class=org.apache.hadoop.http.lib.StaticUserWebFilter$StaticUserFilter) to context static
2025-09-13 17:34:06,322 [ForkJoinPool-1-worker-1] INFO  http.BaseHttpServer (BaseHttpServer.java:<init>(193)) - HTTP server of hddsDatanode uses base directory /home/runner/work/ozone/ozone/hadoop-ozone/integration-test/target/test-dir/MiniOzoneClusterImpl-1331a795-ed08-415d-924a-7661a5cf51a5/scm/ozone-metadata/webserver
2025-09-13 17:34:06,323 [ForkJoinPool-1-worker-1] INFO  http.HttpServer2 (HttpServer2.java:bindListener(1241)) - Jetty bound to port 15026
2025-09-13 17:34:06,323 [ForkJoinPool-1-worker-1] INFO  server.Server (Server.java:doStart(375)) - jetty-9.4.58.v20250814; built: 2025-08-14T02:28:49.637Z; git: 8f1440587e9e4ae7db3d74cf205643f3d707148d; jvm 21.0.8+9-LTS
2025-09-13 17:34:06,324 [ForkJoinPool-1-worker-1] INFO  server.session (DefaultSessionIdManager.java:doStart(334)) - DefaultSessionIdManager workerName=node0
2025-09-13 17:34:06,324 [ForkJoinPool-1-worker-1] INFO  server.session (DefaultSessionIdManager.java:doStart(339)) - No SessionScavenger set, using defaults
2025-09-13 17:34:06,325 [ForkJoinPool-1-worker-1] INFO  server.session (HouseKeeper.java:startScavenging(132)) - node0 Scavenging every 600000ms
2025-09-13 17:34:06,325 [ForkJoinPool-1-worker-1] INFO  handler.ContextHandler (ContextHandler.java:doStart(921)) - Started o.e.j.s.ServletContextHandler@569c23b6{logs,/logs,file:///home/runner/work/ozone/ozone/hadoop-ozone/integration-test/target/log,AVAILABLE}
2025-09-13 17:34:06,326 [ForkJoinPool-1-worker-1] INFO  handler.ContextHandler (ContextHandler.java:doStart(921)) - Started o.e.j.s.ServletContextHandler@5bc3950{static,/static,jar:file:/home/runner/work/ozone/ozone/hadoop-hdds/container-service/target/hdds-container-service-2.1.0-SNAPSHOT.jar!/webapps/static,AVAILABLE}
2025-09-13 17:34:06,459 [9e23e878-9bb3-42b5-8b94-e0e229812e65@group-CF05563D4821-FollowerState] INFO  impl.FollowerState (FollowerState.java:runImpl(161)) - 9e23e878-9bb3-42b5-8b94-e0e229812e65@group-CF05563D4821-FollowerState: change to CANDIDATE, lastRpcElapsedTime:1123367346ns, electionTimeout:1123ms
2025-09-13 17:34:06,459 [9e23e878-9bb3-42b5-8b94-e0e229812e65@group-CF05563D4821-FollowerState] INFO  impl.RoleInfo (RoleInfo.java:shutdownFollowerState(121)) - 9e23e878-9bb3-42b5-8b94-e0e229812e65: shutdown 9e23e878-9bb3-42b5-8b94-e0e229812e65@group-CF05563D4821-FollowerState
2025-09-13 17:34:06,459 [9e23e878-9bb3-42b5-8b94-e0e229812e65@group-CF05563D4821-FollowerState] INFO  server.RaftServer$Division (RaftServerImpl.java:setRole(392)) - 9e23e878-9bb3-42b5-8b94-e0e229812e65@group-CF05563D4821: changes role from  FOLLOWER to CANDIDATE at term 5 for changeToCandidate
2025-09-13 17:34:06,459 [9e23e878-9bb3-42b5-8b94-e0e229812e65@group-CF05563D4821-FollowerState] INFO  impl.RoleInfo (RoleInfo.java:updateAndGet(148)) - 9e23e878-9bb3-42b5-8b94-e0e229812e65: start 9e23e878-9bb3-42b5-8b94-e0e229812e65@group-CF05563D4821-LeaderElection288
2025-09-13 17:34:06,460 [9e23e878-9bb3-42b5-8b94-e0e229812e65@group-CF05563D4821-LeaderElection288] INFO  impl.LeaderElection (LeaderElection.java:askForVotes(448)) - 9e23e878-9bb3-42b5-8b94-e0e229812e65@group-CF05563D4821-LeaderElection288 PRE_VOTE round 0: submit vote requests at term 5 for conf: {index: 7, cur=peers:[9e23e878-9bb3-42b5-8b94-e0e229812e65|127.0.0.1:15023, 13facd30-3950-4310-8b1a-93d004abbbdd|127.0.0.1:15031, 36d876fb-a458-4393-963b-58eeedb8ba95|127.0.0.1:15015]|listeners:[], old=null}
2025-09-13 17:34:06,460 [9e23e878-9bb3-42b5-8b94-e0e229812e65@group-CF05563D4821-LeaderElection288] INFO  impl.LeaderElection (LogUtils.java:infoOrTrace(142)) - 9e23e878-9bb3-42b5-8b94-e0e229812e65@group-CF05563D4821-LeaderElection288 got exception when requesting votes: java.util.concurrent.ExecutionException: org.apache.ratis.thirdparty.io.grpc.StatusRuntimeException: UNAVAILABLE: io exception
2025-09-13 17:34:06,460 [9e23e878-9bb3-42b5-8b94-e0e229812e65@group-CF05563D4821-LeaderElection288] INFO  impl.LeaderElection (LogUtils.java:infoOrTrace(142)) - 9e23e878-9bb3-42b5-8b94-e0e229812e65@group-CF05563D4821-LeaderElection288 got exception when requesting votes: java.util.concurrent.ExecutionException: org.apache.ratis.thirdparty.io.grpc.StatusRuntimeException: UNAVAILABLE: io exception
2025-09-13 17:34:06,461 [9e23e878-9bb3-42b5-8b94-e0e229812e65@group-CF05563D4821-LeaderElection288] INFO  impl.LeaderElection (LeaderElection.java:logAndReturn(206)) - 9e23e878-9bb3-42b5-8b94-e0e229812e65@group-CF05563D4821-LeaderElection288: PRE_VOTE REJECTED received 0 response(s) and 2 exception(s):
2025-09-13 17:34:06,461 [9e23e878-9bb3-42b5-8b94-e0e229812e65@group-CF05563D4821-LeaderElection288] INFO  impl.LeaderElection (LogUtils.java:infoOrTrace(142)) -   Exception 0: java.util.concurrent.ExecutionException: org.apache.ratis.thirdparty.io.grpc.StatusRuntimeException: UNAVAILABLE: io exception
2025-09-13 17:34:06,461 [9e23e878-9bb3-42b5-8b94-e0e229812e65@group-CF05563D4821-LeaderElection288] INFO  impl.LeaderElection (LogUtils.java:infoOrTrace(142)) -   Exception 1: java.util.concurrent.ExecutionException: org.apache.ratis.thirdparty.io.grpc.StatusRuntimeException: UNAVAILABLE: io exception
2025-09-13 17:34:06,461 [9e23e878-9bb3-42b5-8b94-e0e229812e65@group-CF05563D4821-LeaderElection288] INFO  impl.LeaderElection (LeaderElection.java:askForVotes(450)) - 9e23e878-9bb3-42b5-8b94-e0e229812e65@group-CF05563D4821-LeaderElection288 PRE_VOTE round 0: result REJECTED
2025-09-13 17:34:06,461 [9e23e878-9bb3-42b5-8b94-e0e229812e65@group-CF05563D4821-LeaderElection288] INFO  server.RaftServer$Division (RaftServerImpl.java:setRole(392)) - 9e23e878-9bb3-42b5-8b94-e0e229812e65@group-CF05563D4821: changes role from CANDIDATE to FOLLOWER at term 5 for REJECTED
2025-09-13 17:34:06,461 [9e23e878-9bb3-42b5-8b94-e0e229812e65@group-CF05563D4821-LeaderElection288] INFO  impl.RoleInfo (RoleInfo.java:shutdownLeaderElection(141)) - 9e23e878-9bb3-42b5-8b94-e0e229812e65: shutdown 9e23e878-9bb3-42b5-8b94-e0e229812e65@group-CF05563D4821-LeaderElection288
2025-09-13 17:34:06,461 [9e23e878-9bb3-42b5-8b94-e0e229812e65@group-CF05563D4821-LeaderElection288] INFO  impl.RoleInfo (RoleInfo.java:updateAndGet(148)) - 9e23e878-9bb3-42b5-8b94-e0e229812e65: start 9e23e878-9bb3-42b5-8b94-e0e229812e65@group-CF05563D4821-FollowerState
2025-09-13 17:34:06,467 [ForkJoinPool-1-worker-1] INFO  handler.ContextHandler (ContextHandler.java:doStart(921)) - Started o.e.j.w.WebAppContext@19fbc110{hddsDatanode,/,file:///home/runner/work/ozone/ozone/hadoop-ozone/integration-test/target/test-dir/MiniOzoneClusterImpl-1331a795-ed08-415d-924a-7661a5cf51a5/scm/ozone-metadata/webserver/jetty-0_0_0_0-15026-hdds-container-service-2_1_0-SNAPSHOT_jar-_-any-15504820834438438541/webapp/,AVAILABLE}{jar:file:/home/runner/work/ozone/ozone/hadoop-hdds/container-service/target/hdds-container-service-2.1.0-SNAPSHOT.jar!/webapps/hddsDatanode}
2025-09-13 17:34:06,468 [ForkJoinPool-1-worker-1] INFO  server.AbstractConnector (AbstractConnector.java:doStart(333)) - Started ServerConnector@12608e0c{HTTP/1.1, (http/1.1)}{0.0.0.0:15026}
2025-09-13 17:34:06,468 [ForkJoinPool-1-worker-1] INFO  server.Server (Server.java:doStart(415)) - Started @179052ms
2025-09-13 17:34:06,468 [ForkJoinPool-1-worker-1] WARN  impl.MetricsSystemImpl (MetricsSystemImpl.java:register(279)) - Sink prometheus already exists!
2025-09-13 17:34:06,468 [ForkJoinPool-1-worker-1] INFO  http.BaseHttpServer (BaseHttpServer.java:updateConnectorAddress(357)) - HTTP server of hddsDatanode listening at http://localhost:15026
2025-09-13 17:34:06,469 [ForkJoinPool-1-worker-1] INFO  ipc.CallQueueManager (CallQueueManager.java:<init>(93)) - Using callQueue: class java.util.concurrent.LinkedBlockingQueue, queueCapacity: 1000, scheduler: class org.apache.hadoop.ipc.DefaultRpcScheduler, ipcBackoff: false, ipcFailOver: false.
2025-09-13 17:34:06,469 [ForkJoinPool-1-worker-1] INFO  ipc.Server (Server.java:<init>(1438)) - Listener at 0.0.0.0:15027
2025-09-13 17:34:06,469 [Socket Reader #1 for port 15027] INFO  ipc.Server (Server.java:run(1474)) - Starting Socket Reader #1 for port 15027
2025-09-13 17:34:06,469 [Socket Reader #2 for port 15027] INFO  ipc.Server (Server.java:run(1474)) - Starting Socket Reader #2 for port 15027
2025-09-13 17:34:06,469 [Socket Reader #3 for port 15027] INFO  ipc.Server (Server.java:run(1474)) - Starting Socket Reader #3 for port 15027
2025-09-13 17:34:06,470 [Socket Reader #4 for port 15027] INFO  ipc.Server (Server.java:run(1474)) - Starting Socket Reader #4 for port 15027
2025-09-13 17:34:06,470 [Socket Reader #5 for port 15027] INFO  ipc.Server (Server.java:run(1474)) - Starting Socket Reader #5 for port 15027
2025-09-13 17:34:06,470 [Socket Reader #6 for port 15027] INFO  ipc.Server (Server.java:run(1474)) - Starting Socket Reader #6 for port 15027
2025-09-13 17:34:06,470 [Socket Reader #7 for port 15027] INFO  ipc.Server (Server.java:run(1474)) - Starting Socket Reader #7 for port 15027
2025-09-13 17:34:06,470 [Socket Reader #8 for port 15027] INFO  ipc.Server (Server.java:run(1474)) - Starting Socket Reader #8 for port 15027
2025-09-13 17:34:06,470 [Socket Reader #9 for port 15027] INFO  ipc.Server (Server.java:run(1474)) - Starting Socket Reader #9 for port 15027
2025-09-13 17:34:06,471 [Socket Reader #10 for port 15027] INFO  ipc.Server (Server.java:run(1474)) - Starting Socket Reader #10 for port 15027
2025-09-13 17:34:06,473 [ForkJoinPool-1-worker-1] INFO  ozone.HddsDatanodeService (HddsDatanodeService.java:start(333)) - Datanode start with admins: [admin, runner]
2025-09-13 17:34:06,473 [ForkJoinPool-1-worker-1] INFO  ozone.HddsDatanodeClientProtocolServer (HddsDatanodeClientProtocolServer.java:start(76)) - RPC server for Client /0.0.0.0:15027
2025-09-13 17:34:06,473 [IPC Server Responder] INFO  ipc.Server (Server.java:run(1713)) - IPC Server Responder: starting
2025-09-13 17:34:06,473 [IPC Server listener on 15027] INFO  ipc.Server (Server.java:run(1553)) - IPC Server listener on 15027: starting
2025-09-13 17:34:06,475 [13facd30-3950-4310-8b1a-93d004abbbdd-DatanodeStateMachineDaemonThread] INFO  statemachine.DatanodeStateMachine (DatanodeStateMachine.java:startStateMachineThread(363)) - Ozone container server started.
2025-09-13 17:34:06,476 [ForkJoinPool-1-worker-1] WARN  dropwizard3.Dm3MetricRegistriesImpl (Dm3MetricRegistriesImpl.java:addReporterRegistration(114)) - New reporters are added after registries were created. Some metrics will be missing from the reporter. Please add reporter before adding any new registry.
2025-09-13 17:34:06,476 [ForkJoinPool-1-worker-1] WARN  dropwizard3.Dm3MetricRegistriesImpl (Dm3MetricRegistriesImpl.java:addReporterRegistration(114)) - New reporters are added after registries were created. Some metrics will be missing from the reporter. Please add reporter before adding any new registry.
2025-09-13 17:34:06,476 [ForkJoinPool-1-worker-1] INFO  impl.MetricsSystemImpl (MetricsSystemImpl.java:init(158)) - HddsDatanode metrics system started (again)
2025-09-13 17:34:06,480 [13facd30-3950-4310-8b1a-93d004abbbdd-DatanodeStateMachineTaskThread-0] INFO  datanode.InitDatanodeState (InitDatanodeState.java:persistContainerDatanodeDetails(139)) - DatanodeDetails is persisted to /home/runner/work/ozone/ozone/hadoop-ozone/integration-test/target/test-dir/MiniOzoneClusterImpl-1331a795-ed08-415d-924a-7661a5cf51a5/ozone-metadata/datanode-3/ozone-metadata/datanode.id
2025-09-13 17:34:06,492 [ForkJoinPool-1-worker-1] INFO  ozone.HddsDatanodeService (HddsDatanodeService.java:start(236)) - HddsDatanodeService 36d876fb-a458-4393-963b-58eeedb8ba95(localhost/127.0.0.1)
2025-09-13 17:34:06,492 [ForkJoinPool-1-worker-1] INFO  upgrade.AbstractLayoutVersionManager (AbstractLayoutVersionManager.java:init(80)) - Initializing Layout version manager with metadata layout = WITNESSED_CONTAINER_DB_PROTO_VALUE (version = 9), software layout = WITNESSED_CONTAINER_DB_PROTO_VALUE (version = 9)
2025-09-13 17:34:06,493 [ForkJoinPool-1-worker-1] INFO  statemachine.DatanodeStateMachine (DatanodeStateMachine.java:getEndPointTaskThreadPoolSize(321)) - Datanode State Machine Task Thread Pool size 2
2025-09-13 17:34:06,494 [ForkJoinPool-1-worker-1] INFO  volume.HddsVolume (HddsVolume.java:<init>(162)) - HddsVolume: { id=DS-cef04933-4ce8-4840-b22e-4ad87088cbdd dir=/home/runner/work/ozone/ozone/hadoop-ozone/integration-test/target/test-dir/MiniOzoneClusterImpl-1331a795-ed08-415d-924a-7661a5cf51a5/ozone-metadata/datanode-1/data-0/hdds type=DISK capacity=9222449699674390527 used=0 available=9222449699674390527 minFree=9222450130714624 committed=0 }
2025-09-13 17:34:06,494 [ForkJoinPool-1-worker-1] INFO  volume.MutableVolumeSet (MutableVolumeSet.java:initializeVolumeSet(175)) - Added Volume : /home/runner/work/ozone/ozone/hadoop-ozone/integration-test/target/test-dir/MiniOzoneClusterImpl-1331a795-ed08-415d-924a-7661a5cf51a5/ozone-metadata/datanode-1/data-0/hdds to VolumeSet
2025-09-13 17:34:06,495 [ForkJoinPool-1-worker-1] INFO  volume.MutableVolumeSet (MutableVolumeSet.java:initializeVolumeSet(175)) - Added Volume : /home/runner/work/ozone/ozone/hadoop-ozone/integration-test/target/test-dir/MiniOzoneClusterImpl-1331a795-ed08-415d-924a-7661a5cf51a5/ozone-metadata/datanode-1/ratis to VolumeSet
2025-09-13 17:34:06,510 [ForkJoinPool.commonPool-worker-4] INFO  utils.DatanodeStoreCache (DatanodeStoreCache.java:addDB(70)) - Added db /home/runner/work/ozone/ozone/hadoop-ozone/integration-test/target/test-dir/MiniOzoneClusterImpl-1331a795-ed08-415d-924a-7661a5cf51a5/ozone-metadata/datanode-1/data-0/hdds/1331a795-ed08-415d-924a-7661a5cf51a5/DS-cef04933-4ce8-4840-b22e-4ad87088cbdd/container.db to cache
2025-09-13 17:34:06,510 [ForkJoinPool.commonPool-worker-4] INFO  volume.HddsVolume (HddsVolume.java:loadDbStore(517)) - SchemaV3 db is loaded at /home/runner/work/ozone/ozone/hadoop-ozone/integration-test/target/test-dir/MiniOzoneClusterImpl-1331a795-ed08-415d-924a-7661a5cf51a5/ozone-metadata/datanode-1/data-0/hdds/1331a795-ed08-415d-924a-7661a5cf51a5/DS-cef04933-4ce8-4840-b22e-4ad87088cbdd/container.db for volume DS-cef04933-4ce8-4840-b22e-4ad87088cbdd
2025-09-13 17:34:06,510 [ForkJoinPool-1-worker-1] INFO  ozoneimpl.OzoneContainer (HddsVolumeUtil.java:loadAllHddsVolumeDbStore(102)) - Load 1 volumes DbStore cost: 15ms
2025-09-13 17:34:06,511 [ForkJoinPool-1-worker-1] WARN  db.DBStoreBuilder (DBStoreBuilder.java:getDBDirPath(158)) - ozone.scm.datanode.id.dir is not configured. We recommend adding this setting. Falling back to ozone.metadata.dirs instead.
2025-09-13 17:34:06,511 [ForkJoinPool-1-worker-1] WARN  db.DBStoreBuilder (DBStoreBuilder.java:getDBDirPath(158)) - ozone.scm.datanode.id.dir is not configured. We recommend adding this setting. Falling back to ozone.metadata.dirs instead.
2025-09-13 17:34:06,520 [ForkJoinPool-1-worker-1] INFO  impl.FilePerChunkStrategy (FilePerChunkStrategy.java:<init>(79)) - ozone.chunk.read.mapped.buffer.max.count is load with 0
2025-09-13 17:34:06,520 [ForkJoinPool-1-worker-1] INFO  impl.FilePerBlockStrategy (FilePerBlockStrategy.java:<init>(88)) - ozone.chunk.read.mapped.buffer.max.count is load with 0
2025-09-13 17:34:06,520 [ForkJoinPool-1-worker-1] INFO  server.RaftServerConfigKeys (ConfUtils.java:logGet(62)) - raft.server.log.appender.buffer.byte-limit = 33554432 (custom)
2025-09-13 17:34:06,521 [ForkJoinPool-1-worker-1] INFO  grpc.GrpcConfigKeys (ConfUtils.java:logFallback(69)) - raft.grpc.admin.host = null (fallback to raft.grpc.server.host)
2025-09-13 17:34:06,521 [ForkJoinPool-1-worker-1] INFO  grpc.GrpcConfigKeys (ConfUtils.java:logGet(62)) - raft.grpc.admin.port = 15014 (custom)
2025-09-13 17:34:06,521 [ForkJoinPool-1-worker-1] INFO  grpc.GrpcConfigKeys (ConfUtils.java:logFallback(69)) - raft.grpc.client.host = null (fallback to raft.grpc.server.host)
2025-09-13 17:34:06,521 [ForkJoinPool-1-worker-1] INFO  grpc.GrpcConfigKeys (ConfUtils.java:logGet(62)) - raft.grpc.client.port = 15013 (custom)
2025-09-13 17:34:06,522 [ForkJoinPool-1-worker-1] INFO  grpc.GrpcConfigKeys (ConfUtils.java:logGet(62)) - raft.grpc.server.port = 15015 (custom)
2025-09-13 17:34:06,522 [ForkJoinPool-1-worker-1] INFO  server.GrpcServicesImpl (ConfUtils.java:logGet(62)) - raft.grpc.message.size.max = 34603008 (custom)
2025-09-13 17:34:06,522 [ForkJoinPool-1-worker-1] INFO  server.GrpcServicesImpl (ConfUtils.java:logGet(62)) - raft.grpc.flow.control.window = 5MB (=5242880) (custom)
2025-09-13 17:34:06,522 [ForkJoinPool-1-worker-1] INFO  server.RaftServerConfigKeys (ConfUtils.java:logGet(62)) - raft.server.log.appender.buffer.byte-limit = 33554432 (custom)
2025-09-13 17:34:06,523 [ForkJoinPool-1-worker-1] INFO  netty.NettyUtils (NettyUtils.java:newEventLoopGroup(74)) - Create EpollEventLoopGroup for 36d876fb-a458-4393-963b-58eeedb8ba95-NettyServerStreamRpc-bossGroup; Thread size is 0.
2025-09-13 17:34:06,523 [ForkJoinPool-1-worker-1] INFO  netty.NettyUtils (NettyUtils.java:newEventLoopGroup(74)) - Create EpollEventLoopGroup for 36d876fb-a458-4393-963b-58eeedb8ba95-NettyServerStreamRpc-workerGroup; Thread size is 0.
2025-09-13 17:34:06,524 [ForkJoinPool-1-worker-1] INFO  netty.NettyConfigKeys$DataStream (ConfUtils.java:logGet(62)) - raft.netty.dataStream.port = 15016 (custom)
2025-09-13 17:34:06,524 [ForkJoinPool-1-worker-1] INFO  server.RaftServerConfigKeys (ConfUtils.java:logGet(62)) - raft.server.storage.dir = [/home/runner/work/ozone/ozone/hadoop-ozone/integration-test/target/test-dir/MiniOzoneClusterImpl-1331a795-ed08-415d-924a-7661a5cf51a5/ozone-metadata/datanode-1/ratis] (custom)
2025-09-13 17:34:06,524 [36d876fb-a458-4393-963b-58eeedb8ba95-NettyServerStreamRpc-bossGroup--thread1] INFO  logging.LoggingHandler (AbstractInternalLogger.java:log(148)) - [id: 0x80b03130] REGISTERED
2025-09-13 17:34:06,524 [36d876fb-a458-4393-963b-58eeedb8ba95-NettyServerStreamRpc-bossGroup--thread1] INFO  logging.LoggingHandler (AbstractInternalLogger.java:log(148)) - [id: 0x80b03130] BIND: 0.0.0.0/0.0.0.0:15016
2025-09-13 17:34:06,525 [36d876fb-a458-4393-963b-58eeedb8ba95-NettyServerStreamRpc-bossGroup--thread1] INFO  logging.LoggingHandler (AbstractInternalLogger.java:log(148)) - [id: 0x80b03130, L:/0.0.0.0:15016] ACTIVE
2025-09-13 17:34:06,525 [36d876fb-a458-4393-963b-58eeedb8ba95-impl-thread1] INFO  server.RaftServer (RaftServerProxy.java:initGroupDir(270)) - 36d876fb-a458-4393-963b-58eeedb8ba95: found a subdirectory /home/runner/work/ozone/ozone/hadoop-ozone/integration-test/target/test-dir/MiniOzoneClusterImpl-1331a795-ed08-415d-924a-7661a5cf51a5/ozone-metadata/datanode-1/ratis/5743d5ca-d5da-4592-97f7-b4189f5888a1
2025-09-13 17:34:06,525 [36d876fb-a458-4393-963b-58eeedb8ba95-impl-thread1] INFO  server.RaftServer (RaftServerProxy.java:addNew(105)) - 36d876fb-a458-4393-963b-58eeedb8ba95: addNew group-B4189F5888A1:[] returns group-B4189F5888A1:java.util.concurrent.CompletableFuture@45ee91fa[Not completed]
2025-09-13 17:34:06,525 [36d876fb-a458-4393-963b-58eeedb8ba95-impl-thread1] INFO  server.RaftServer (RaftServerProxy.java:initGroupDir(270)) - 36d876fb-a458-4393-963b-58eeedb8ba95: found a subdirectory /home/runner/work/ozone/ozone/hadoop-ozone/integration-test/target/test-dir/MiniOzoneClusterImpl-1331a795-ed08-415d-924a-7661a5cf51a5/ozone-metadata/datanode-1/ratis/71f8f458-3dd2-4722-a002-d5d0288ce997
2025-09-13 17:34:06,525 [36d876fb-a458-4393-963b-58eeedb8ba95-impl-thread1] INFO  server.RaftServer (RaftServerProxy.java:addNew(105)) - 36d876fb-a458-4393-963b-58eeedb8ba95: addNew group-D5D0288CE997:[] returns group-D5D0288CE997:java.util.concurrent.CompletableFuture@6c74c658[Not completed]
2025-09-13 17:34:06,525 [36d876fb-a458-4393-963b-58eeedb8ba95-impl-thread1] INFO  server.RaftServer (RaftServerProxy.java:initGroupDir(270)) - 36d876fb-a458-4393-963b-58eeedb8ba95: found a subdirectory /home/runner/work/ozone/ozone/hadoop-ozone/integration-test/target/test-dir/MiniOzoneClusterImpl-1331a795-ed08-415d-924a-7661a5cf51a5/ozone-metadata/datanode-1/ratis/59c25a4c-b008-4c23-bf2e-cf05563d4821
2025-09-13 17:34:06,525 [36d876fb-a458-4393-963b-58eeedb8ba95-impl-thread1] INFO  server.RaftServer (RaftServerProxy.java:addNew(105)) - 36d876fb-a458-4393-963b-58eeedb8ba95: addNew group-CF05563D4821:[] returns group-CF05563D4821:java.util.concurrent.CompletableFuture@74e15584[Not completed]
2025-09-13 17:34:06,525 [36d876fb-a458-4393-963b-58eeedb8ba95-impl-thread1] INFO  server.RaftServer (RaftServerProxy.java:initGroupDir(270)) - 36d876fb-a458-4393-963b-58eeedb8ba95: found a subdirectory /home/runner/work/ozone/ozone/hadoop-ozone/integration-test/target/test-dir/MiniOzoneClusterImpl-1331a795-ed08-415d-924a-7661a5cf51a5/ozone-metadata/datanode-1/ratis/tmp
2025-09-13 17:34:06,525 [36d876fb-a458-4393-963b-58eeedb8ba95-impl-thread1] INFO  server.RaftServer (RaftServerProxy.java:initGroupDir(275)) - 36d876fb-a458-4393-963b-58eeedb8ba95: The directory /home/runner/work/ozone/ozone/hadoop-ozone/integration-test/target/test-dir/MiniOzoneClusterImpl-1331a795-ed08-415d-924a-7661a5cf51a5/ozone-metadata/datanode-1/ratis/tmp is not a group directory; ignoring it. 
2025-09-13 17:34:06,525 [ForkJoinPool-1-worker-1] INFO  replication.ReplicationServer (ReplicationServer.java:<init>(84)) - Initializing replication server with thread count = 10 queue length = 4096
2025-09-13 17:34:06,526 [36d876fb-a458-4393-963b-58eeedb8ba95-groupManagement] INFO  server.RaftServer$Division (RaftServerImpl.java:<init>(268)) - 36d876fb-a458-4393-963b-58eeedb8ba95: new RaftServerImpl for group-B4189F5888A1:[] with ContainerStateMachine:uninitialized
2025-09-13 17:34:06,526 [ForkJoinPool-1-worker-1] INFO  server.XceiverServerGrpc (XceiverServerGrpc.java:<init>(130)) - GrpcServer channel type EpollServerSocketChannel
2025-09-13 17:34:06,526 [36d876fb-a458-4393-963b-58eeedb8ba95-groupManagement] INFO  server.RaftServer$Division (ServerState.java:<init>(114)) - 36d876fb-a458-4393-963b-58eeedb8ba95@group-B4189F5888A1: ConfigurationManager, init=conf: {index: -1, cur=peers:[]|listeners:[], old=null}, confs=<EMPTY_MAP>
2025-09-13 17:34:06,527 [ForkJoinPool-1-worker-1] INFO  replication.ReplicationSupervisor (ReplicationSupervisor.java:build(169)) - Initializing replication supervisor with thread count = 10
2025-09-13 17:34:06,527 [ForkJoinPool-1-worker-1] INFO  replication.ReplicationSupervisor (ReplicationSupervisor.java:nodeStateUpdated(358)) - Node state updated to IN_SERVICE, scaling executor pool size to 10
2025-09-13 17:34:06,529 [ForkJoinPool-1-worker-1] INFO  http.BaseHttpServer (BaseHttpServer.java:newHttpServer2BuilderForOzone(227)) - Starting Web-server for hddsDatanode at: http://0.0.0.0:15010
2025-09-13 17:34:06,529 [ForkJoinPool-1-worker-1] INFO  http.BaseHttpServer (BaseHttpServer.java:<init>(105)) - Hadoop Security Enabled: false Ozone Security Enabled: false Ozone HTTP Security Enabled: false 
2025-09-13 17:34:06,530 [ForkJoinPool-1-worker-1] WARN  server.AuthenticationFilter (AuthenticationFilter.java:constructSecretProvider(240)) - Unable to initialize FileSignerSecretProvider, falling back to use random secrets. Reason: Could not read signature secret file: /home/runner/hadoop-http-auth-signature-secret
2025-09-13 17:34:06,531 [36d876fb-a458-4393-963b-58eeedb8ba95-groupManagement] INFO  server.RaftServer$Division (RaftServerImpl.java:<init>(268)) - 36d876fb-a458-4393-963b-58eeedb8ba95: new RaftServerImpl for group-D5D0288CE997:[] with ContainerStateMachine:uninitialized
2025-09-13 17:34:06,531 [36d876fb-a458-4393-963b-58eeedb8ba95-groupManagement] INFO  server.RaftServer$Division (ServerState.java:<init>(114)) - 36d876fb-a458-4393-963b-58eeedb8ba95@group-D5D0288CE997: ConfigurationManager, init=conf: {index: -1, cur=peers:[]|listeners:[], old=null}, confs=<EMPTY_MAP>
2025-09-13 17:34:06,533 [ForkJoinPool-1-worker-1] INFO  http.HttpServer2 (HttpServer2.java:addGlobalFilter(1041)) - Added global filter 'safety' (class=org.apache.hadoop.hdds.server.http.HttpServer2$QuotingInputFilter)
2025-09-13 17:34:06,534 [ForkJoinPool-1-worker-1] INFO  http.HttpServer2 (HttpServer2.java:addFilter(1017)) - Added filter static_user_filter (class=org.apache.hadoop.http.lib.StaticUserWebFilter$StaticUserFilter) to context hddsDatanode
2025-09-13 17:34:06,534 [ForkJoinPool-1-worker-1] INFO  http.HttpServer2 (HttpServer2.java:addFilter(1025)) - Added filter static_user_filter (class=org.apache.hadoop.http.lib.StaticUserWebFilter$StaticUserFilter) to context static
2025-09-13 17:34:06,534 [ForkJoinPool-1-worker-1] INFO  http.HttpServer2 (HttpServer2.java:addFilter(1025)) - Added filter static_user_filter (class=org.apache.hadoop.http.lib.StaticUserWebFilter$StaticUserFilter) to context logs
2025-09-13 17:34:06,534 [ForkJoinPool-1-worker-1] INFO  http.BaseHttpServer (BaseHttpServer.java:<init>(193)) - HTTP server of hddsDatanode uses base directory /home/runner/work/ozone/ozone/hadoop-ozone/integration-test/target/test-dir/MiniOzoneClusterImpl-1331a795-ed08-415d-924a-7661a5cf51a5/scm/ozone-metadata/webserver
2025-09-13 17:34:06,534 [ForkJoinPool-1-worker-1] INFO  http.HttpServer2 (HttpServer2.java:bindListener(1241)) - Jetty bound to port 15010
2025-09-13 17:34:06,535 [ForkJoinPool-1-worker-1] INFO  server.Server (Server.java:doStart(375)) - jetty-9.4.58.v20250814; built: 2025-08-14T02:28:49.637Z; git: 8f1440587e9e4ae7db3d74cf205643f3d707148d; jvm 21.0.8+9-LTS
2025-09-13 17:34:06,536 [36d876fb-a458-4393-963b-58eeedb8ba95-groupManagement] INFO  server.RaftServer$Division (RaftServerImpl.java:<init>(268)) - 36d876fb-a458-4393-963b-58eeedb8ba95: new RaftServerImpl for group-CF05563D4821:[] with ContainerStateMachine:uninitialized
2025-09-13 17:34:06,536 [36d876fb-a458-4393-963b-58eeedb8ba95-groupManagement] INFO  server.RaftServer$Division (ServerState.java:<init>(114)) - 36d876fb-a458-4393-963b-58eeedb8ba95@group-CF05563D4821: ConfigurationManager, init=conf: {index: -1, cur=peers:[]|listeners:[], old=null}, confs=<EMPTY_MAP>
2025-09-13 17:34:06,536 [ForkJoinPool-1-worker-1] INFO  server.session (DefaultSessionIdManager.java:doStart(334)) - DefaultSessionIdManager workerName=node0
2025-09-13 17:34:06,536 [ForkJoinPool-1-worker-1] INFO  server.session (DefaultSessionIdManager.java:doStart(339)) - No SessionScavenger set, using defaults
2025-09-13 17:34:06,537 [ForkJoinPool-1-worker-1] INFO  server.session (HouseKeeper.java:startScavenging(132)) - node0 Scavenging every 600000ms
2025-09-13 17:34:06,537 [ForkJoinPool-1-worker-1] INFO  handler.ContextHandler (ContextHandler.java:doStart(921)) - Started o.e.j.s.ServletContextHandler@2866b078{logs,/logs,file:///home/runner/work/ozone/ozone/hadoop-ozone/integration-test/target/log,AVAILABLE}
2025-09-13 17:34:06,538 [ForkJoinPool-1-worker-1] INFO  handler.ContextHandler (ContextHandler.java:doStart(921)) - Started o.e.j.s.ServletContextHandler@38c7445d{static,/static,jar:file:/home/runner/work/ozone/ozone/hadoop-hdds/container-service/target/hdds-container-service-2.1.0-SNAPSHOT.jar!/webapps/static,AVAILABLE}
2025-09-13 17:34:06,677 [ForkJoinPool-1-worker-1] INFO  handler.ContextHandler (ContextHandler.java:doStart(921)) - Started o.e.j.w.WebAppContext@a55caa3{hddsDatanode,/,file:///home/runner/work/ozone/ozone/hadoop-ozone/integration-test/target/test-dir/MiniOzoneClusterImpl-1331a795-ed08-415d-924a-7661a5cf51a5/scm/ozone-metadata/webserver/jetty-0_0_0_0-15010-hdds-container-service-2_1_0-SNAPSHOT_jar-_-any-3340378923054077718/webapp/,AVAILABLE}{jar:file:/home/runner/work/ozone/ozone/hadoop-hdds/container-service/target/hdds-container-service-2.1.0-SNAPSHOT.jar!/webapps/hddsDatanode}
2025-09-13 17:34:06,677 [ForkJoinPool-1-worker-1] INFO  server.AbstractConnector (AbstractConnector.java:doStart(333)) - Started ServerConnector@4994bccc{HTTP/1.1, (http/1.1)}{0.0.0.0:15010}
2025-09-13 17:34:06,677 [ForkJoinPool-1-worker-1] INFO  server.Server (Server.java:doStart(415)) - Started @179262ms
2025-09-13 17:34:06,677 [ForkJoinPool-1-worker-1] WARN  impl.MetricsSystemImpl (MetricsSystemImpl.java:register(279)) - Sink prometheus already exists!
2025-09-13 17:34:06,678 [ForkJoinPool-1-worker-1] INFO  http.BaseHttpServer (BaseHttpServer.java:updateConnectorAddress(357)) - HTTP server of hddsDatanode listening at http://localhost:15010
2025-09-13 17:34:06,678 [ForkJoinPool-1-worker-1] INFO  ipc.CallQueueManager (CallQueueManager.java:<init>(93)) - Using callQueue: class java.util.concurrent.LinkedBlockingQueue, queueCapacity: 1000, scheduler: class org.apache.hadoop.ipc.DefaultRpcScheduler, ipcBackoff: false, ipcFailOver: false.
2025-09-13 17:34:06,678 [ForkJoinPool-1-worker-1] INFO  ipc.Server (Server.java:<init>(1438)) - Listener at 0.0.0.0:15011
2025-09-13 17:34:06,679 [Socket Reader #1 for port 15011] INFO  ipc.Server (Server.java:run(1474)) - Starting Socket Reader #1 for port 15011
2025-09-13 17:34:06,679 [Socket Reader #2 for port 15011] INFO  ipc.Server (Server.java:run(1474)) - Starting Socket Reader #2 for port 15011
2025-09-13 17:34:06,679 [Socket Reader #3 for port 15011] INFO  ipc.Server (Server.java:run(1474)) - Starting Socket Reader #3 for port 15011
2025-09-13 17:34:06,679 [Socket Reader #4 for port 15011] INFO  ipc.Server (Server.java:run(1474)) - Starting Socket Reader #4 for port 15011
2025-09-13 17:34:06,679 [Socket Reader #5 for port 15011] INFO  ipc.Server (Server.java:run(1474)) - Starting Socket Reader #5 for port 15011
2025-09-13 17:34:06,680 [Socket Reader #6 for port 15011] INFO  ipc.Server (Server.java:run(1474)) - Starting Socket Reader #6 for port 15011
2025-09-13 17:34:06,680 [Socket Reader #7 for port 15011] INFO  ipc.Server (Server.java:run(1474)) - Starting Socket Reader #7 for port 15011
2025-09-13 17:34:06,680 [Socket Reader #8 for port 15011] INFO  ipc.Server (Server.java:run(1474)) - Starting Socket Reader #8 for port 15011
2025-09-13 17:34:06,680 [Socket Reader #9 for port 15011] INFO  ipc.Server (Server.java:run(1474)) - Starting Socket Reader #9 for port 15011
2025-09-13 17:34:06,680 [Socket Reader #10 for port 15011] INFO  ipc.Server (Server.java:run(1474)) - Starting Socket Reader #10 for port 15011
2025-09-13 17:34:06,682 [ForkJoinPool-1-worker-1] INFO  ozone.HddsDatanodeService (HddsDatanodeService.java:start(333)) - Datanode start with admins: [admin, runner]
2025-09-13 17:34:06,682 [ForkJoinPool-1-worker-1] INFO  ozone.HddsDatanodeClientProtocolServer (HddsDatanodeClientProtocolServer.java:start(76)) - RPC server for Client /0.0.0.0:15011
2025-09-13 17:34:06,682 [IPC Server Responder] INFO  ipc.Server (Server.java:run(1713)) - IPC Server Responder: starting
2025-09-13 17:34:06,682 [IPC Server listener on 15011] INFO  ipc.Server (Server.java:run(1553)) - IPC Server listener on 15011: starting
2025-09-13 17:34:06,684 [ForkJoinPool-1-worker-1] INFO  ozone.MiniOzoneClusterImpl (MiniOzoneClusterImpl.java:lambda$waitForClusterToBeReady$0(181)) - Nodes are ready. Got 10 of 10 DN Heartbeats.
2025-09-13 17:34:06,684 [ForkJoinPool-1-worker-1] INFO  ozone.MiniOzoneClusterImpl (MiniOzoneClusterImpl.java:lambda$waitForClusterToBeReady$0(184)) - Cluster exits safe mode
2025-09-13 17:34:06,684 [ForkJoinPool-1-worker-1] INFO  ozone.MiniOzoneClusterImpl (MiniOzoneClusterImpl.java:lambda$waitForClusterToBeReady$0(186)) - SCM became leader
2025-09-13 17:34:06,685 [36d876fb-a458-4393-963b-58eeedb8ba95-DatanodeStateMachineDaemonThread] INFO  statemachine.DatanodeStateMachine (DatanodeStateMachine.java:startStateMachineThread(363)) - Ozone container server started.
2025-09-13 17:34:06,689 [36d876fb-a458-4393-963b-58eeedb8ba95-DatanodeStateMachineTaskThread-0] INFO  datanode.InitDatanodeState (InitDatanodeState.java:persistContainerDatanodeDetails(139)) - DatanodeDetails is persisted to /home/runner/work/ozone/ozone/hadoop-ozone/integration-test/target/test-dir/MiniOzoneClusterImpl-1331a795-ed08-415d-924a-7661a5cf51a5/ozone-metadata/datanode-1/ozone-metadata/datanode.id
2025-09-13 17:34:06,752 [ForkJoinPool-1-worker-1] INFO  ozoneimpl.OzoneContainer (OzoneContainer.java:stop(549)) - Attempting to stop container services.
2025-09-13 17:34:06,752 [ContainerMetadataScanner] WARN  ozoneimpl.AbstractBackgroundContainerScanner (AbstractBackgroundContainerScanner.java:handleRemainingSleep(136)) - Background container scan was interrupted.
2025-09-13 17:34:06,752 [ContainerMetadataScanner] INFO  ozoneimpl.AbstractBackgroundContainerScanner (AbstractBackgroundContainerScanner.java:run(63)) - org.apache.hadoop.ozone.container.ozoneimpl.BackgroundContainerMetadataScanner@43458041 exiting.
2025-09-13 17:34:06,753 [ForkJoinPool-1-worker-1] INFO  ozoneimpl.BackgroundContainerDataScanner (BackgroundContainerDataScanner.java:shutdown(87)) - ContainerDataScanner(/home/runner/work/ozone/ozone/hadoop-ozone/integration-test/target/test-dir/MiniOzoneClusterImpl-1331a795-ed08-415d-924a-7661a5cf51a5/ozone-metadata/datanode-7/data-0/hdds) is shutting down. 
2025-09-13 17:34:06,753 [ContainerDataScanner(/home/runner/work/ozone/ozone/hadoop-ozone/integration-test/target/test-dir/MiniOzoneClusterImpl-1331a795-ed08-415d-924a-7661a5cf51a5/ozone-metadata/datanode-7/data-0/hdds)] WARN  ozoneimpl.AbstractBackgroundContainerScanner (AbstractBackgroundContainerScanner.java:handleRemainingSleep(136)) - Background container scan was interrupted.
2025-09-13 17:34:06,753 [ContainerDataScanner(/home/runner/work/ozone/ozone/hadoop-ozone/integration-test/target/test-dir/MiniOzoneClusterImpl-1331a795-ed08-415d-924a-7661a5cf51a5/ozone-metadata/datanode-7/data-0/hdds)] INFO  ozoneimpl.AbstractBackgroundContainerScanner (AbstractBackgroundContainerScanner.java:run(63)) - ContainerDataScanner(/home/runner/work/ozone/ozone/hadoop-ozone/integration-test/target/test-dir/MiniOzoneClusterImpl-1331a795-ed08-415d-924a-7661a5cf51a5/ozone-metadata/datanode-7/data-0/hdds, DS-63a6c3b7-4525-47d9-ad60-45ee0a1c7b71) exiting.
2025-09-13 17:34:06,753 [ForkJoinPool-1-worker-1] INFO  ozoneimpl.OnDemandContainerScanner (OnDemandContainerScanner.java:shutdown(141)) - On-demand container scanner is shutting down.
2025-09-13 17:34:06,753 [ForkJoinPool-1-worker-1] INFO  ratis.XceiverServerRatis (XceiverServerRatis.java:stop(595)) - Closing XceiverServerRatis(3dbe4e49-25e9-43f5-94e0-3ca31f2aaaf2)
2025-09-13 17:34:06,753 [ForkJoinPool-1-worker-1] INFO  server.RaftServer (RaftServerProxy.java:lambda$close$9(422)) - 3dbe4e49-25e9-43f5-94e0-3ca31f2aaaf2: close
2025-09-13 17:34:06,754 [3dbe4e49-25e9-43f5-94e0-3ca31f2aaaf2-impl-thread2] INFO  server.RaftServer$Division (RaftServerImpl.java:lambda$close$1(527)) - 3dbe4e49-25e9-43f5-94e0-3ca31f2aaaf2@group-7B0F0416234C: shutdown
2025-09-13 17:34:06,754 [3dbe4e49-25e9-43f5-94e0-3ca31f2aaaf2-impl-thread2] INFO  util.JmxRegister (JmxRegister.java:unregister(74)) - Successfully un-registered JMX Bean with object name Ratis:service=RaftServer,group=group-7B0F0416234C,id=3dbe4e49-25e9-43f5-94e0-3ca31f2aaaf2
2025-09-13 17:34:06,754 [3dbe4e49-25e9-43f5-94e0-3ca31f2aaaf2-impl-thread2] INFO  impl.RoleInfo (RoleInfo.java:shutdownLeaderState(103)) - 3dbe4e49-25e9-43f5-94e0-3ca31f2aaaf2: shutdown 3dbe4e49-25e9-43f5-94e0-3ca31f2aaaf2@group-7B0F0416234C-LeaderStateImpl
2025-09-13 17:34:06,754 [3dbe4e49-25e9-43f5-94e0-3ca31f2aaaf2-impl-thread2] INFO  impl.PendingRequests (PendingRequests.java:sendNotLeaderResponses(287)) - 3dbe4e49-25e9-43f5-94e0-3ca31f2aaaf2@group-7B0F0416234C-PendingRequests: sendNotLeaderResponses
2025-09-13 17:34:06,754 [ForkJoinPool-1-worker-1] INFO  server.GrpcServicesImpl (GrpcServicesImpl.java:closeImpl(355)) - 3dbe4e49-25e9-43f5-94e0-3ca31f2aaaf2: shutdown server org.apache.ratis.grpc.server.GrpcClientProtocolService now
2025-09-13 17:34:06,754 [3dbe4e49-25e9-43f5-94e0-3ca31f2aaaf2-impl-thread4] INFO  server.RaftServer$Division (RaftServerImpl.java:lambda$close$1(527)) - 3dbe4e49-25e9-43f5-94e0-3ca31f2aaaf2@group-A8D25C85FDCF: shutdown
2025-09-13 17:34:06,755 [3dbe4e49-25e9-43f5-94e0-3ca31f2aaaf2-impl-thread4] INFO  util.JmxRegister (JmxRegister.java:unregister(74)) - Successfully un-registered JMX Bean with object name Ratis:service=RaftServer,group=group-A8D25C85FDCF,id=3dbe4e49-25e9-43f5-94e0-3ca31f2aaaf2
2025-09-13 17:34:06,755 [3dbe4e49-25e9-43f5-94e0-3ca31f2aaaf2-impl-thread4] INFO  impl.RoleInfo (RoleInfo.java:shutdownFollowerState(121)) - 3dbe4e49-25e9-43f5-94e0-3ca31f2aaaf2: shutdown 3dbe4e49-25e9-43f5-94e0-3ca31f2aaaf2@group-A8D25C85FDCF-FollowerState
2025-09-13 17:34:06,755 [3dbe4e49-25e9-43f5-94e0-3ca31f2aaaf2-impl-thread4] INFO  impl.StateMachineUpdater (StateMachineUpdater.java:stopAndJoin(163)) - 3dbe4e49-25e9-43f5-94e0-3ca31f2aaaf2@group-A8D25C85FDCF-StateMachineUpdater: set stopIndex = 14
2025-09-13 17:34:06,755 [3dbe4e49-25e9-43f5-94e0-3ca31f2aaaf2@group-A8D25C85FDCF-FollowerState] INFO  impl.FollowerState (FollowerState.java:runImpl(170)) - 3dbe4e49-25e9-43f5-94e0-3ca31f2aaaf2@group-A8D25C85FDCF-FollowerState was interrupted
2025-09-13 17:34:06,755 [3dbe4e49-25e9-43f5-94e0-3ca31f2aaaf2@group-A8D25C85FDCF-StateMachineUpdater] INFO  ratis.ContainerStateMachine (ContainerStateMachine.java:takeSnapshot(427)) - group-A8D25C85FDCF: Taking a snapshot at:(t:1, i:14) file /home/runner/work/ozone/ozone/hadoop-ozone/integration-test/target/test-dir/MiniOzoneClusterImpl-1331a795-ed08-415d-924a-7661a5cf51a5/ozone-metadata/datanode-7/ratis/04878825-8370-49d4-b879-a8d25c85fdcf/sm/snapshot.1_14
2025-09-13 17:34:06,755 [3dbe4e49-25e9-43f5-94e0-3ca31f2aaaf2-impl-thread2] INFO  impl.StateMachineUpdater (StateMachineUpdater.java:stopAndJoin(163)) - 3dbe4e49-25e9-43f5-94e0-3ca31f2aaaf2@group-7B0F0416234C-StateMachineUpdater: set stopIndex = 0
2025-09-13 17:34:06,756 [Thread-2643] INFO  server.GrpcServerProtocolClient (GrpcServerProtocolClient.java:close(105)) - 9b620cf5-1dd4-4083-97bd-ff44c8fea23e Close channels
2025-09-13 17:34:06,756 [Thread-2644] INFO  server.GrpcServerProtocolClient (GrpcServerProtocolClient.java:close(105)) - 2f036b56-942d-42f4-908f-5b0be9aff918 Close channels
2025-09-13 17:34:06,756 [3dbe4e49-25e9-43f5-94e0-3ca31f2aaaf2-impl-thread3] INFO  server.RaftServer$Division (RaftServerImpl.java:lambda$close$1(527)) - 3dbe4e49-25e9-43f5-94e0-3ca31f2aaaf2@group-3DEBD952707A: shutdown
2025-09-13 17:34:06,756 [3dbe4e49-25e9-43f5-94e0-3ca31f2aaaf2-impl-thread3] INFO  util.JmxRegister (JmxRegister.java:unregister(74)) - Successfully un-registered JMX Bean with object name Ratis:service=RaftServer,group=group-3DEBD952707A,id=3dbe4e49-25e9-43f5-94e0-3ca31f2aaaf2
2025-09-13 17:34:06,756 [3dbe4e49-25e9-43f5-94e0-3ca31f2aaaf2-impl-thread3] INFO  impl.RoleInfo (RoleInfo.java:shutdownLeaderState(103)) - 3dbe4e49-25e9-43f5-94e0-3ca31f2aaaf2: shutdown 3dbe4e49-25e9-43f5-94e0-3ca31f2aaaf2@group-3DEBD952707A-LeaderStateImpl
2025-09-13 17:34:06,756 [3dbe4e49-25e9-43f5-94e0-3ca31f2aaaf2-impl-thread3] INFO  impl.PendingRequests (PendingRequests.java:sendNotLeaderResponses(287)) - 3dbe4e49-25e9-43f5-94e0-3ca31f2aaaf2@group-3DEBD952707A-PendingRequests: sendNotLeaderResponses
2025-09-13 17:34:06,756 [3dbe4e49-25e9-43f5-94e0-3ca31f2aaaf2@group-3DEBD952707A->9b620cf5-1dd4-4083-97bd-ff44c8fea23e-GrpcLogAppender-LogAppenderDaemon] WARN  server.GrpcLogAppender (GrpcLogAppender.java:mayWait(300)) - 3dbe4e49-25e9-43f5-94e0-3ca31f2aaaf2@group-3DEBD952707A->9b620cf5-1dd4-4083-97bd-ff44c8fea23e-GrpcLogAppender: Wait interrupted by java.lang.InterruptedException
2025-09-13 17:34:06,757 [3dbe4e49-25e9-43f5-94e0-3ca31f2aaaf2@group-A8D25C85FDCF-StateMachineUpdater] INFO  ratis.ContainerStateMachine (ContainerStateMachine.java:takeSnapshot(436)) - group-A8D25C85FDCF: Finished taking a snapshot at:(t:1, i:14) file:/home/runner/work/ozone/ozone/hadoop-ozone/integration-test/target/test-dir/MiniOzoneClusterImpl-1331a795-ed08-415d-924a-7661a5cf51a5/ozone-metadata/datanode-7/ratis/04878825-8370-49d4-b879-a8d25c85fdcf/sm/snapshot.1_14 took: 1 ms
2025-09-13 17:34:06,757 [3dbe4e49-25e9-43f5-94e0-3ca31f2aaaf2@group-A8D25C85FDCF-StateMachineUpdater] INFO  impl.StateMachineUpdater (StateMachineUpdater.java:takeSnapshot(307)) - 3dbe4e49-25e9-43f5-94e0-3ca31f2aaaf2@group-A8D25C85FDCF-StateMachineUpdater: Took a snapshot at index 14
2025-09-13 17:34:06,757 [3dbe4e49-25e9-43f5-94e0-3ca31f2aaaf2@group-A8D25C85FDCF-StateMachineUpdater] INFO  impl.StateMachineUpdater (StateMachineUpdater.java:lambda$new$0(101)) - 3dbe4e49-25e9-43f5-94e0-3ca31f2aaaf2@group-A8D25C85FDCF-StateMachineUpdater: snapshotIndex: updateIncreasingly -1 -> 14
2025-09-13 17:34:06,757 [3dbe4e49-25e9-43f5-94e0-3ca31f2aaaf2@group-A8D25C85FDCF-StateMachineUpdater] INFO  impl.StateMachineUpdater (StateMachineUpdater.java:stop(140)) - 3dbe4e49-25e9-43f5-94e0-3ca31f2aaaf2@group-A8D25C85FDCF-StateMachineUpdater: closing ContainerStateMachine, lastApplied=(t:1, i:14)
2025-09-13 17:34:06,756 [3dbe4e49-25e9-43f5-94e0-3ca31f2aaaf2@group-7B0F0416234C-StateMachineUpdater] INFO  ratis.ContainerStateMachine (ContainerStateMachine.java:takeSnapshot(427)) - group-7B0F0416234C: Taking a snapshot at:(t:1, i:0) file /home/runner/work/ozone/ozone/hadoop-ozone/integration-test/target/test-dir/MiniOzoneClusterImpl-1331a795-ed08-415d-924a-7661a5cf51a5/ozone-metadata/datanode-7/ratis/f5ff5807-9027-40e4-b9dd-7b0f0416234c/sm/snapshot.1_0
2025-09-13 17:34:06,757 [grpc-default-executor-9] INFO  server.GrpcServerProtocolService (GrpcServerProtocolService.java:lambda$onCompleted$6(171)) - 9b620cf5-1dd4-4083-97bd-ff44c8fea23e: Completed APPEND_ENTRIES, lastRequest: null 
2025-09-13 17:34:06,758 [3dbe4e49-25e9-43f5-94e0-3ca31f2aaaf2@group-3DEBD952707A->2f036b56-942d-42f4-908f-5b0be9aff918-GrpcLogAppender-LogAppenderDaemon] WARN  server.GrpcLogAppender (GrpcLogAppender.java:mayWait(300)) - 3dbe4e49-25e9-43f5-94e0-3ca31f2aaaf2@group-3DEBD952707A->2f036b56-942d-42f4-908f-5b0be9aff918-GrpcLogAppender: Wait interrupted by java.lang.InterruptedException
2025-09-13 17:34:06,758 [grpc-default-executor-11] INFO  server.GrpcServerProtocolService (GrpcServerProtocolService.java:lambda$onCompleted$6(171)) - 2f036b56-942d-42f4-908f-5b0be9aff918: Completed APPEND_ENTRIES, lastRequest: null 
2025-09-13 17:34:06,758 [grpc-default-executor-9] INFO  server.GrpcServerProtocolService (GrpcServerProtocolService.java:lambda$null$7(175)) - 9b620cf5-1dd4-4083-97bd-ff44c8fea23e: Completed APPEND_ENTRIES, lastReply: serverReply {
  requestorId: "3dbe4e49-25e9-43f5-94e0-3ca31f2aaaf2"
  replyId: "9b620cf5-1dd4-4083-97bd-ff44c8fea23e"
  raftGroupId {
    id: "\f\250&\222/\272L\335\217k=\353\331Rpz"
  }
  callId: 325
  success: true
}
term: 1
nextIndex: 1
matchIndex: 18446744073709551615
isHearbeat: true
 
2025-09-13 17:34:06,758 [grpc-default-executor-11] INFO  server.GrpcServerProtocolService (GrpcServerProtocolService.java:lambda$null$7(175)) - 2f036b56-942d-42f4-908f-5b0be9aff918: Completed APPEND_ENTRIES, lastReply: serverReply {
  requestorId: "3dbe4e49-25e9-43f5-94e0-3ca31f2aaaf2"
  replyId: "2f036b56-942d-42f4-908f-5b0be9aff918"
  raftGroupId {
    id: "\f\250&\222/\272L\335\217k=\353\331Rpz"
  }
  callId: 327
  success: true
}
term: 1
nextIndex: 1
matchIndex: 18446744073709551615
isHearbeat: true
 
2025-09-13 17:34:06,759 [3dbe4e49-25e9-43f5-94e0-3ca31f2aaaf2@group-A8D25C85FDCF-cacheEviction-AwaitToRun] INFO  util.AwaitToRun (AwaitToRun.java:run(49)) - 3dbe4e49-25e9-43f5-94e0-3ca31f2aaaf2@group-A8D25C85FDCF-cacheEviction-AwaitToRun-AwaitForSignal is interrupted
2025-09-13 17:34:06,759 [grpc-default-executor-11] INFO  server.GrpcLogAppender (GrpcLogAppender.java:onCompleted(558)) - 3dbe4e49-25e9-43f5-94e0-3ca31f2aaaf2@group-3DEBD952707A->2f036b56-942d-42f4-908f-5b0be9aff918-AppendLogResponseHandler: follower responses appendEntries COMPLETED
2025-09-13 17:34:06,760 [grpc-default-executor-11] WARN  server.GrpcLogAppender (GrpcLogAppender.java:resetClient(237)) - 3dbe4e49-25e9-43f5-94e0-3ca31f2aaaf2@group-3DEBD952707A->2f036b56-942d-42f4-908f-5b0be9aff918-GrpcLogAppender: Failed to getClient for 2f036b56-942d-42f4-908f-5b0be9aff918
org.apache.ratis.protocol.exceptions.AlreadyClosedException: 3dbe4e49-25e9-43f5-94e0-3ca31f2aaaf2 is already CLOSED
	at org.apache.ratis.util.PeerProxyMap$PeerAndProxy.getProxy(PeerProxyMap.java:67)
	at org.apache.ratis.util.PeerProxyMap.getProxy(PeerProxyMap.java:124)
	at org.apache.ratis.grpc.server.GrpcLogAppender.getClient(GrpcLogAppender.java:207)
	at org.apache.ratis.grpc.server.GrpcLogAppender.resetClient(GrpcLogAppender.java:212)
	at org.apache.ratis.grpc.server.GrpcLogAppender.access$800(GrpcLogAppender.java:70)
	at org.apache.ratis.grpc.server.GrpcLogAppender$AppendLogResponseHandler.onCompleted(GrpcLogAppender.java:559)
	at org.apache.ratis.thirdparty.io.grpc.stub.ClientCalls$StreamObserverToCallListenerAdapter.onClose(ClientCalls.java:562)
	at org.apache.ratis.thirdparty.io.grpc.internal.ClientCallImpl.closeObserver(ClientCallImpl.java:565)
	at org.apache.ratis.thirdparty.io.grpc.internal.ClientCallImpl.access$100(ClientCallImpl.java:72)
	at org.apache.ratis.thirdparty.io.grpc.internal.ClientCallImpl$ClientStreamListenerImpl$1StreamClosed.runInternal(ClientCallImpl.java:733)
	at org.apache.ratis.thirdparty.io.grpc.internal.ClientCallImpl$ClientStreamListenerImpl$1StreamClosed.runInContext(ClientCallImpl.java:714)
	at org.apache.ratis.thirdparty.io.grpc.internal.ContextRunnable.run(ContextRunnable.java:37)
	at org.apache.ratis.thirdparty.io.grpc.internal.SerializingExecutor.run(SerializingExecutor.java:133)
	at java.base/java.util.concurrent.ThreadPoolExecutor.runWorker(ThreadPoolExecutor.java:1144)
	at java.base/java.util.concurrent.ThreadPoolExecutor$Worker.run(ThreadPoolExecutor.java:642)
	at java.base/java.lang.Thread.run(Thread.java:1583)
2025-09-13 17:34:06,760 [grpc-default-executor-10] INFO  server.GrpcLogAppender (GrpcLogAppender.java:onCompleted(558)) - 3dbe4e49-25e9-43f5-94e0-3ca31f2aaaf2@group-3DEBD952707A->9b620cf5-1dd4-4083-97bd-ff44c8fea23e-AppendLogResponseHandler: follower responses appendEntries COMPLETED
2025-09-13 17:34:06,760 [grpc-default-executor-10] WARN  server.GrpcLogAppender (GrpcLogAppender.java:resetClient(237)) - 3dbe4e49-25e9-43f5-94e0-3ca31f2aaaf2@group-3DEBD952707A->9b620cf5-1dd4-4083-97bd-ff44c8fea23e-GrpcLogAppender: Failed to getClient for 9b620cf5-1dd4-4083-97bd-ff44c8fea23e
org.apache.ratis.protocol.exceptions.AlreadyClosedException: 3dbe4e49-25e9-43f5-94e0-3ca31f2aaaf2 is already CLOSED
	at org.apache.ratis.util.PeerProxyMap$PeerAndProxy.getProxy(PeerProxyMap.java:67)
	at org.apache.ratis.util.PeerProxyMap.getProxy(PeerProxyMap.java:124)
	at org.apache.ratis.grpc.server.GrpcLogAppender.getClient(GrpcLogAppender.java:207)
	at org.apache.ratis.grpc.server.GrpcLogAppender.resetClient(GrpcLogAppender.java:212)
	at org.apache.ratis.grpc.server.GrpcLogAppender.access$800(GrpcLogAppender.java:70)
	at org.apache.ratis.grpc.server.GrpcLogAppender$AppendLogResponseHandler.onCompleted(GrpcLogAppender.java:559)
	at org.apache.ratis.thirdparty.io.grpc.stub.ClientCalls$StreamObserverToCallListenerAdapter.onClose(ClientCalls.java:562)
	at org.apache.ratis.thirdparty.io.grpc.internal.DelayedClientCall$DelayedListener$3.run(DelayedClientCall.java:489)
	at org.apache.ratis.thirdparty.io.grpc.internal.DelayedClientCall$DelayedListener.delayOrExecute(DelayedClientCall.java:453)
	at org.apache.ratis.thirdparty.io.grpc.internal.DelayedClientCall$DelayedListener.onClose(DelayedClientCall.java:486)
	at org.apache.ratis.thirdparty.io.grpc.internal.ClientCallImpl.closeObserver(ClientCallImpl.java:565)
	at org.apache.ratis.thirdparty.io.grpc.internal.ClientCallImpl.access$100(ClientCallImpl.java:72)
	at org.apache.ratis.thirdparty.io.grpc.internal.ClientCallImpl$ClientStreamListenerImpl$1StreamClosed.runInternal(ClientCallImpl.java:733)
	at org.apache.ratis.thirdparty.io.grpc.internal.ClientCallImpl$ClientStreamListenerImpl$1StreamClosed.runInContext(ClientCallImpl.java:714)
	at org.apache.ratis.thirdparty.io.grpc.internal.ContextRunnable.run(ContextRunnable.java:37)
	at org.apache.ratis.thirdparty.io.grpc.internal.SerializingExecutor.run(SerializingExecutor.java:133)
	at java.base/java.util.concurrent.ThreadPoolExecutor.runWorker(ThreadPoolExecutor.java:1144)
	at java.base/java.util.concurrent.ThreadPoolExecutor$Worker.run(ThreadPoolExecutor.java:642)
	at java.base/java.lang.Thread.run(Thread.java:1583)
2025-09-13 17:34:06,760 [grpc-default-executor-9] INFO  server.GrpcLogAppender (GrpcLogAppender.java:onCompleted(558)) - 3dbe4e49-25e9-43f5-94e0-3ca31f2aaaf2@group-3DEBD952707A->9b620cf5-1dd4-4083-97bd-ff44c8fea23e-AppendLogResponseHandler: follower responses appendEntries COMPLETED
2025-09-13 17:34:06,761 [grpc-default-executor-9] WARN  server.GrpcLogAppender (GrpcLogAppender.java:resetClient(237)) - 3dbe4e49-25e9-43f5-94e0-3ca31f2aaaf2@group-3DEBD952707A->9b620cf5-1dd4-4083-97bd-ff44c8fea23e-GrpcLogAppender: Failed to getClient for 9b620cf5-1dd4-4083-97bd-ff44c8fea23e
org.apache.ratis.protocol.exceptions.AlreadyClosedException: 3dbe4e49-25e9-43f5-94e0-3ca31f2aaaf2 is already CLOSED
	at org.apache.ratis.util.PeerProxyMap$PeerAndProxy.getProxy(PeerProxyMap.java:67)
	at org.apache.ratis.util.PeerProxyMap.getProxy(PeerProxyMap.java:124)
	at org.apache.ratis.grpc.server.GrpcLogAppender.getClient(GrpcLogAppender.java:207)
	at org.apache.ratis.grpc.server.GrpcLogAppender.resetClient(GrpcLogAppender.java:212)
	at org.apache.ratis.grpc.server.GrpcLogAppender.access$800(GrpcLogAppender.java:70)
	at org.apache.ratis.grpc.server.GrpcLogAppender$AppendLogResponseHandler.onCompleted(GrpcLogAppender.java:559)
	at org.apache.ratis.thirdparty.io.grpc.stub.ClientCalls$StreamObserverToCallListenerAdapter.onClose(ClientCalls.java:562)
	at org.apache.ratis.thirdparty.io.grpc.internal.ClientCallImpl.closeObserver(ClientCallImpl.java:565)
	at org.apache.ratis.thirdparty.io.grpc.internal.ClientCallImpl.access$100(ClientCallImpl.java:72)
	at org.apache.ratis.thirdparty.io.grpc.internal.ClientCallImpl$ClientStreamListenerImpl$1StreamClosed.runInternal(ClientCallImpl.java:733)
	at org.apache.ratis.thirdparty.io.grpc.internal.ClientCallImpl$ClientStreamListenerImpl$1StreamClosed.runInContext(ClientCallImpl.java:714)
	at org.apache.ratis.thirdparty.io.grpc.internal.ContextRunnable.run(ContextRunnable.java:37)
	at org.apache.ratis.thirdparty.io.grpc.internal.SerializingExecutor.run(SerializingExecutor.java:133)
	at java.base/java.util.concurrent.ThreadPoolExecutor.runWorker(ThreadPoolExecutor.java:1144)
	at java.base/java.util.concurrent.ThreadPoolExecutor$Worker.run(ThreadPoolExecutor.java:642)
	at java.base/java.lang.Thread.run(Thread.java:1583)
2025-09-13 17:34:06,761 [grpc-default-executor-11] INFO  server.GrpcLogAppender (GrpcLogAppender.java:onCompleted(558)) - 3dbe4e49-25e9-43f5-94e0-3ca31f2aaaf2@group-3DEBD952707A->2f036b56-942d-42f4-908f-5b0be9aff918-AppendLogResponseHandler: follower responses appendEntries COMPLETED
2025-09-13 17:34:06,761 [grpc-default-executor-11] WARN  server.GrpcLogAppender (GrpcLogAppender.java:resetClient(237)) - 3dbe4e49-25e9-43f5-94e0-3ca31f2aaaf2@group-3DEBD952707A->2f036b56-942d-42f4-908f-5b0be9aff918-GrpcLogAppender: Failed to getClient for 2f036b56-942d-42f4-908f-5b0be9aff918
org.apache.ratis.protocol.exceptions.AlreadyClosedException: 3dbe4e49-25e9-43f5-94e0-3ca31f2aaaf2 is already CLOSED
	at org.apache.ratis.util.PeerProxyMap$PeerAndProxy.getProxy(PeerProxyMap.java:67)
	at org.apache.ratis.util.PeerProxyMap.getProxy(PeerProxyMap.java:124)
	at org.apache.ratis.grpc.server.GrpcLogAppender.getClient(GrpcLogAppender.java:207)
	at org.apache.ratis.grpc.server.GrpcLogAppender.resetClient(GrpcLogAppender.java:212)
	at org.apache.ratis.grpc.server.GrpcLogAppender.access$800(GrpcLogAppender.java:70)
	at org.apache.ratis.grpc.server.GrpcLogAppender$AppendLogResponseHandler.onCompleted(GrpcLogAppender.java:559)
	at org.apache.ratis.thirdparty.io.grpc.stub.ClientCalls$StreamObserverToCallListenerAdapter.onClose(ClientCalls.java:562)
	at org.apache.ratis.thirdparty.io.grpc.internal.ClientCallImpl.closeObserver(ClientCallImpl.java:565)
	at org.apache.ratis.thirdparty.io.grpc.internal.ClientCallImpl.access$100(ClientCallImpl.java:72)
	at org.apache.ratis.thirdparty.io.grpc.internal.ClientCallImpl$ClientStreamListenerImpl$1StreamClosed.runInternal(ClientCallImpl.java:733)
	at org.apache.ratis.thirdparty.io.grpc.internal.ClientCallImpl$ClientStreamListenerImpl$1StreamClosed.runInContext(ClientCallImpl.java:714)
	at org.apache.ratis.thirdparty.io.grpc.internal.ContextRunnable.run(ContextRunnable.java:37)
	at org.apache.ratis.thirdparty.io.grpc.internal.SerializingExecutor.run(SerializingExecutor.java:133)
	at java.base/java.util.concurrent.ThreadPoolExecutor.runWorker(ThreadPoolExecutor.java:1144)
	at java.base/java.util.concurrent.ThreadPoolExecutor$Worker.run(ThreadPoolExecutor.java:642)
	at java.base/java.lang.Thread.run(Thread.java:1583)
2025-09-13 17:34:06,761 [ForkJoinPool-1-worker-1] INFO  server.GrpcServicesImpl (GrpcServicesImpl.java:closeImpl(364)) - 3dbe4e49-25e9-43f5-94e0-3ca31f2aaaf2: shutdown server org.apache.ratis.grpc.server.GrpcClientProtocolService successfully
2025-09-13 17:34:06,761 [ForkJoinPool-1-worker-1] INFO  server.GrpcServicesImpl (GrpcServicesImpl.java:closeImpl(355)) - 3dbe4e49-25e9-43f5-94e0-3ca31f2aaaf2: shutdown server GrpcServerProtocolService now
2025-09-13 17:34:06,760 [3dbe4e49-25e9-43f5-94e0-3ca31f2aaaf2@group-3DEBD952707A-StateMachineUpdater] INFO  ratis.ContainerStateMachine (ContainerStateMachine.java:takeSnapshot(427)) - group-3DEBD952707A: Taking a snapshot at:(t:1, i:0) file /home/runner/work/ozone/ozone/hadoop-ozone/integration-test/target/test-dir/MiniOzoneClusterImpl-1331a795-ed08-415d-924a-7661a5cf51a5/ozone-metadata/datanode-7/ratis/0ca82692-2fba-4cdd-8f6b-3debd952707a/sm/snapshot.1_0
2025-09-13 17:34:06,760 [3dbe4e49-25e9-43f5-94e0-3ca31f2aaaf2@group-7B0F0416234C-StateMachineUpdater] INFO  ratis.ContainerStateMachine (ContainerStateMachine.java:takeSnapshot(436)) - group-7B0F0416234C: Finished taking a snapshot at:(t:1, i:0) file:/home/runner/work/ozone/ozone/hadoop-ozone/integration-test/target/test-dir/MiniOzoneClusterImpl-1331a795-ed08-415d-924a-7661a5cf51a5/ozone-metadata/datanode-7/ratis/f5ff5807-9027-40e4-b9dd-7b0f0416234c/sm/snapshot.1_0 took: 3 ms
2025-09-13 17:34:06,762 [3dbe4e49-25e9-43f5-94e0-3ca31f2aaaf2@group-7B0F0416234C-StateMachineUpdater] INFO  impl.StateMachineUpdater (StateMachineUpdater.java:takeSnapshot(307)) - 3dbe4e49-25e9-43f5-94e0-3ca31f2aaaf2@group-7B0F0416234C-StateMachineUpdater: Took a snapshot at index 0
2025-09-13 17:34:06,762 [3dbe4e49-25e9-43f5-94e0-3ca31f2aaaf2@group-7B0F0416234C-StateMachineUpdater] INFO  impl.StateMachineUpdater (StateMachineUpdater.java:lambda$new$0(101)) - 3dbe4e49-25e9-43f5-94e0-3ca31f2aaaf2@group-7B0F0416234C-StateMachineUpdater: snapshotIndex: updateIncreasingly -1 -> 0
2025-09-13 17:34:06,762 [3dbe4e49-25e9-43f5-94e0-3ca31f2aaaf2@group-7B0F0416234C-StateMachineUpdater] INFO  impl.StateMachineUpdater (StateMachineUpdater.java:stop(140)) - 3dbe4e49-25e9-43f5-94e0-3ca31f2aaaf2@group-7B0F0416234C-StateMachineUpdater: closing ContainerStateMachine, lastApplied=(t:1, i:0)
2025-09-13 17:34:06,759 [3dbe4e49-25e9-43f5-94e0-3ca31f2aaaf2-impl-thread3] INFO  impl.StateMachineUpdater (StateMachineUpdater.java:stopAndJoin(163)) - 3dbe4e49-25e9-43f5-94e0-3ca31f2aaaf2@group-3DEBD952707A-StateMachineUpdater: set stopIndex = 0
2025-09-13 17:34:06,762 [grpc-default-executor-11] WARN  server.GrpcServerProtocolService (LogUtils.java:warn(127)) - 3dbe4e49-25e9-43f5-94e0-3ca31f2aaaf2: APPEND_ENTRIES onError, lastRequest: 9b620cf5-1dd4-4083-97bd-ff44c8fea23e->3dbe4e49-25e9-43f5-94e0-3ca31f2aaaf2#365-t1,previous=(t:1, i:15),leaderCommit=14,initializing? false,entries: size=1, first=(t:1, i:16), METADATAENTRY(c:14): org.apache.ratis.thirdparty.io.grpc.StatusRuntimeException: CANCELLED: client cancelled
2025-09-13 17:34:06,763 [ForkJoinPool-1-worker-1] INFO  server.GrpcServicesImpl (GrpcServicesImpl.java:closeImpl(364)) - 3dbe4e49-25e9-43f5-94e0-3ca31f2aaaf2: shutdown server GrpcServerProtocolService successfully
2025-09-13 17:34:06,763 [ForkJoinPool-1-worker-1] INFO  server.GrpcServicesImpl (GrpcServicesImpl.java:closeImpl(355)) - 3dbe4e49-25e9-43f5-94e0-3ca31f2aaaf2: shutdown server org.apache.ratis.grpc.server.GrpcAdminProtocolService now
2025-09-13 17:34:06,762 [grpc-default-executor-12] WARN  server.GrpcServerProtocolService (LogUtils.java:warn(127)) - 3dbe4e49-25e9-43f5-94e0-3ca31f2aaaf2: APPEND_ENTRIES onError, lastRequest: null: org.apache.ratis.thirdparty.io.grpc.StatusRuntimeException: CANCELLED: client cancelled
2025-09-13 17:34:06,762 [3dbe4e49-25e9-43f5-94e0-3ca31f2aaaf2@group-3DEBD952707A-StateMachineUpdater] INFO  ratis.ContainerStateMachine (ContainerStateMachine.java:takeSnapshot(436)) - group-3DEBD952707A: Finished taking a snapshot at:(t:1, i:0) file:/home/runner/work/ozone/ozone/hadoop-ozone/integration-test/target/test-dir/MiniOzoneClusterImpl-1331a795-ed08-415d-924a-7661a5cf51a5/ozone-metadata/datanode-7/ratis/0ca82692-2fba-4cdd-8f6b-3debd952707a/sm/snapshot.1_0 took: 3 ms
2025-09-13 17:34:06,763 [grpc-default-executor-10] WARN  server.GrpcLogAppender (GrpcLogAppender.java:lambda$resetClient$1(228)) - 9b620cf5-1dd4-4083-97bd-ff44c8fea23e@group-A8D25C85FDCF->3dbe4e49-25e9-43f5-94e0-3ca31f2aaaf2-GrpcLogAppender: Follower failed (request=null, errorCount=1); keep nextIndex (17) unchanged and retry.
2025-09-13 17:34:06,763 [ForkJoinPool-1-worker-1] INFO  server.GrpcServicesImpl (GrpcServicesImpl.java:closeImpl(364)) - 3dbe4e49-25e9-43f5-94e0-3ca31f2aaaf2: shutdown server org.apache.ratis.grpc.server.GrpcAdminProtocolService successfully
2025-09-13 17:34:06,762 [grpc-default-executor-9] WARN  server.GrpcLogAppender (LogUtils.java:warn(127)) - 9b620cf5-1dd4-4083-97bd-ff44c8fea23e@group-A8D25C85FDCF->3dbe4e49-25e9-43f5-94e0-3ca31f2aaaf2-AppendLogResponseHandler: Failed appendEntries: org.apache.ratis.thirdparty.io.grpc.StatusRuntimeException: CANCELLED: RST_STREAM closed stream. HTTP/2 error code: CANCEL
2025-09-13 17:34:06,762 [3dbe4e49-25e9-43f5-94e0-3ca31f2aaaf2@group-7B0F0416234C-cacheEviction-AwaitToRun] INFO  util.AwaitToRun (AwaitToRun.java:run(49)) - 3dbe4e49-25e9-43f5-94e0-3ca31f2aaaf2@group-7B0F0416234C-cacheEviction-AwaitToRun-AwaitForSignal is interrupted
2025-09-13 17:34:06,763 [3dbe4e49-25e9-43f5-94e0-3ca31f2aaaf2@group-3DEBD952707A-StateMachineUpdater] INFO  impl.StateMachineUpdater (StateMachineUpdater.java:takeSnapshot(307)) - 3dbe4e49-25e9-43f5-94e0-3ca31f2aaaf2@group-3DEBD952707A-StateMachineUpdater: Took a snapshot at index 0
2025-09-13 17:34:06,764 [3dbe4e49-25e9-43f5-94e0-3ca31f2aaaf2@group-3DEBD952707A-StateMachineUpdater] INFO  impl.StateMachineUpdater (StateMachineUpdater.java:lambda$new$0(101)) - 3dbe4e49-25e9-43f5-94e0-3ca31f2aaaf2@group-3DEBD952707A-StateMachineUpdater: snapshotIndex: updateIncreasingly -1 -> 0
2025-09-13 17:34:06,764 [3dbe4e49-25e9-43f5-94e0-3ca31f2aaaf2@group-3DEBD952707A-StateMachineUpdater] INFO  impl.StateMachineUpdater (StateMachineUpdater.java:stop(140)) - 3dbe4e49-25e9-43f5-94e0-3ca31f2aaaf2@group-3DEBD952707A-StateMachineUpdater: closing ContainerStateMachine, lastApplied=(t:1, i:0)
2025-09-13 17:34:06,765 [3dbe4e49-25e9-43f5-94e0-3ca31f2aaaf2@group-3DEBD952707A-cacheEviction-AwaitToRun] INFO  util.AwaitToRun (AwaitToRun.java:run(49)) - 3dbe4e49-25e9-43f5-94e0-3ca31f2aaaf2@group-3DEBD952707A-cacheEviction-AwaitToRun-AwaitForSignal is interrupted
2025-09-13 17:34:06,769 [3dbe4e49-25e9-43f5-94e0-3ca31f2aaaf2-NettyServerStreamRpc-bossGroup--thread1] INFO  logging.LoggingHandler (AbstractInternalLogger.java:log(148)) - [id: 0x88dccc9a, L:/0.0.0.0:15064] CLOSE
2025-09-13 17:34:06,769 [3dbe4e49-25e9-43f5-94e0-3ca31f2aaaf2-NettyServerStreamRpc-bossGroup--thread1] INFO  logging.LoggingHandler (AbstractInternalLogger.java:log(148)) - [id: 0x88dccc9a, L:/0.0.0.0:15064] INACTIVE
2025-09-13 17:34:06,769 [3dbe4e49-25e9-43f5-94e0-3ca31f2aaaf2-NettyServerStreamRpc-bossGroup--thread1] INFO  logging.LoggingHandler (AbstractInternalLogger.java:log(148)) - [id: 0x88dccc9a, L:/0.0.0.0:15064] UNREGISTERED
2025-09-13 17:34:06,843 [9e23e878-9bb3-42b5-8b94-e0e229812e65@group-D5D0288CE997-FollowerState] INFO  impl.FollowerState (FollowerState.java:runImpl(161)) - 9e23e878-9bb3-42b5-8b94-e0e229812e65@group-D5D0288CE997-FollowerState: change to CANDIDATE, lastRpcElapsedTime:1015415346ns, electionTimeout:1015ms
2025-09-13 17:34:06,843 [9e23e878-9bb3-42b5-8b94-e0e229812e65@group-D5D0288CE997-FollowerState] INFO  impl.RoleInfo (RoleInfo.java:shutdownFollowerState(121)) - 9e23e878-9bb3-42b5-8b94-e0e229812e65: shutdown 9e23e878-9bb3-42b5-8b94-e0e229812e65@group-D5D0288CE997-FollowerState
2025-09-13 17:34:06,843 [9e23e878-9bb3-42b5-8b94-e0e229812e65@group-D5D0288CE997-FollowerState] INFO  server.RaftServer$Division (RaftServerImpl.java:setRole(392)) - 9e23e878-9bb3-42b5-8b94-e0e229812e65@group-D5D0288CE997: changes role from  FOLLOWER to CANDIDATE at term 2 for changeToCandidate
2025-09-13 17:34:06,844 [9e23e878-9bb3-42b5-8b94-e0e229812e65@group-D5D0288CE997-FollowerState] INFO  impl.RoleInfo (RoleInfo.java:updateAndGet(148)) - 9e23e878-9bb3-42b5-8b94-e0e229812e65: start 9e23e878-9bb3-42b5-8b94-e0e229812e65@group-D5D0288CE997-LeaderElection289
2025-09-13 17:34:06,844 [9e23e878-9bb3-42b5-8b94-e0e229812e65@group-D5D0288CE997-LeaderElection289] INFO  impl.LeaderElection (LeaderElection.java:askForVotes(448)) - 9e23e878-9bb3-42b5-8b94-e0e229812e65@group-D5D0288CE997-LeaderElection289 PRE_VOTE round 0: submit vote requests at term 2 for conf: {index: 16, cur=peers:[9e23e878-9bb3-42b5-8b94-e0e229812e65|127.0.0.1:15023, 13facd30-3950-4310-8b1a-93d004abbbdd|127.0.0.1:15031, 36d876fb-a458-4393-963b-58eeedb8ba95|127.0.0.1:15015]|listeners:[], old=null}
2025-09-13 17:34:06,844 [3dbe4e49-25e9-43f5-94e0-3ca31f2aaaf2-impl-thread3] INFO  segmented.SegmentedRaftLogWorker (SegmentedRaftLogWorker.java:close(254)) - 3dbe4e49-25e9-43f5-94e0-3ca31f2aaaf2@group-3DEBD952707A-SegmentedRaftLogWorker close()
2025-09-13 17:34:06,845 [3dbe4e49-25e9-43f5-94e0-3ca31f2aaaf2-impl-thread3] INFO  ratis.ContainerStateMachine (ContainerStateMachine.java:notifyServerShutdown(1038)) - group-3DEBD952707A is closed by HddsDatanodeService
2025-09-13 17:34:06,845 [9e23e878-9bb3-42b5-8b94-e0e229812e65@group-D5D0288CE997-LeaderElection289] INFO  impl.LeaderElection (LogUtils.java:infoOrTrace(142)) - 9e23e878-9bb3-42b5-8b94-e0e229812e65@group-D5D0288CE997-LeaderElection289 got exception when requesting votes: java.util.concurrent.ExecutionException: org.apache.ratis.thirdparty.io.grpc.StatusRuntimeException: UNAVAILABLE: io exception
2025-09-13 17:34:06,845 [9e23e878-9bb3-42b5-8b94-e0e229812e65@group-D5D0288CE997-LeaderElection289] INFO  impl.LeaderElection (LogUtils.java:infoOrTrace(142)) - 9e23e878-9bb3-42b5-8b94-e0e229812e65@group-D5D0288CE997-LeaderElection289 got exception when requesting votes: java.util.concurrent.ExecutionException: org.apache.ratis.thirdparty.io.grpc.StatusRuntimeException: UNAVAILABLE: io exception
2025-09-13 17:34:06,845 [9e23e878-9bb3-42b5-8b94-e0e229812e65@group-D5D0288CE997-LeaderElection289] INFO  impl.LeaderElection (LeaderElection.java:logAndReturn(206)) - 9e23e878-9bb3-42b5-8b94-e0e229812e65@group-D5D0288CE997-LeaderElection289: PRE_VOTE REJECTED received 0 response(s) and 2 exception(s):
2025-09-13 17:34:06,845 [9e23e878-9bb3-42b5-8b94-e0e229812e65@group-D5D0288CE997-LeaderElection289] INFO  impl.LeaderElection (LogUtils.java:infoOrTrace(142)) -   Exception 0: java.util.concurrent.ExecutionException: org.apache.ratis.thirdparty.io.grpc.StatusRuntimeException: UNAVAILABLE: io exception
2025-09-13 17:34:06,845 [9e23e878-9bb3-42b5-8b94-e0e229812e65@group-D5D0288CE997-LeaderElection289] INFO  impl.LeaderElection (LogUtils.java:infoOrTrace(142)) -   Exception 1: java.util.concurrent.ExecutionException: org.apache.ratis.thirdparty.io.grpc.StatusRuntimeException: UNAVAILABLE: io exception
2025-09-13 17:34:06,845 [9e23e878-9bb3-42b5-8b94-e0e229812e65@group-D5D0288CE997-LeaderElection289] INFO  impl.LeaderElection (LeaderElection.java:askForVotes(450)) - 9e23e878-9bb3-42b5-8b94-e0e229812e65@group-D5D0288CE997-LeaderElection289 PRE_VOTE round 0: result REJECTED
2025-09-13 17:34:06,845 [9e23e878-9bb3-42b5-8b94-e0e229812e65@group-D5D0288CE997-LeaderElection289] INFO  server.RaftServer$Division (RaftServerImpl.java:setRole(392)) - 9e23e878-9bb3-42b5-8b94-e0e229812e65@group-D5D0288CE997: changes role from CANDIDATE to FOLLOWER at term 2 for REJECTED
2025-09-13 17:34:06,845 [9e23e878-9bb3-42b5-8b94-e0e229812e65@group-D5D0288CE997-LeaderElection289] INFO  impl.RoleInfo (RoleInfo.java:shutdownLeaderElection(141)) - 9e23e878-9bb3-42b5-8b94-e0e229812e65: shutdown 9e23e878-9bb3-42b5-8b94-e0e229812e65@group-D5D0288CE997-LeaderElection289
2025-09-13 17:34:06,845 [9e23e878-9bb3-42b5-8b94-e0e229812e65@group-D5D0288CE997-LeaderElection289] INFO  impl.RoleInfo (RoleInfo.java:updateAndGet(148)) - 9e23e878-9bb3-42b5-8b94-e0e229812e65: start 9e23e878-9bb3-42b5-8b94-e0e229812e65@group-D5D0288CE997-FollowerState
2025-09-13 17:34:06,979 [13facd30-3950-4310-8b1a-93d004abbbdd-ContainerReader-0] INFO  ozoneimpl.ContainerReader (ContainerReader.java:readVolume(147)) - Start to verify containers on volume /home/runner/work/ozone/ozone/hadoop-ozone/integration-test/target/test-dir/MiniOzoneClusterImpl-1331a795-ed08-415d-924a-7661a5cf51a5/ozone-metadata/datanode-3/data-0/hdds
2025-09-13 17:34:06,981 [13facd30-3950-4310-8b1a-93d004abbbdd-ContainerReader-0] WARN  helpers.KeyValueContainerUtil (KeyValueContainerUtil.java:populateContainerMetadata(330)) - Missing pendingDeleteBlockCount from metadata: recalculate them from block table
2025-09-13 17:34:06,983 [13facd30-3950-4310-8b1a-93d004abbbdd-ContainerReader-0] WARN  helpers.KeyValueContainerUtil (KeyValueContainerUtil.java:populateContainerMetadata(330)) - Missing pendingDeleteBlockCount from metadata: recalculate them from block table
2025-09-13 17:34:06,984 [13facd30-3950-4310-8b1a-93d004abbbdd-ContainerReader-0] INFO  ozoneimpl.ContainerReader (ContainerReader.java:readVolume(177)) - Finish verifying containers on volume /home/runner/work/ozone/ozone/hadoop-ozone/integration-test/target/test-dir/MiniOzoneClusterImpl-1331a795-ed08-415d-924a-7661a5cf51a5/ozone-metadata/datanode-3/data-0/hdds
2025-09-13 17:34:06,985 [13facd30-3950-4310-8b1a-93d004abbbdd-EndpointStateMachineTaskThread-/0.0.0.0:15002-0 ] INFO  ozoneimpl.OzoneContainer (OzoneContainer.java:buildContainerSet(370)) - Build ContainerSet costs 0s
2025-09-13 17:34:06,985 [13facd30-3950-4310-8b1a-93d004abbbdd-EndpointStateMachineTaskThread-/0.0.0.0:15002-0 ] INFO  volume.ThrottledAsyncChecker (ThrottledAsyncChecker.java:schedule(138)) - Scheduling a check for /home/runner/work/ozone/ozone/hadoop-ozone/integration-test/target/test-dir/MiniOzoneClusterImpl-1331a795-ed08-415d-924a-7661a5cf51a5/ozone-metadata/datanode-3/data-0/hdds
2025-09-13 17:34:06,986 [13facd30-3950-4310-8b1a-93d004abbbdd-EndpointStateMachineTaskThread-/0.0.0.0:15002-0 ] INFO  volume.StorageVolumeChecker (StorageVolumeChecker.java:checkAllVolumes(231)) - Scheduled health check for volume /home/runner/work/ozone/ozone/hadoop-ozone/integration-test/target/test-dir/MiniOzoneClusterImpl-1331a795-ed08-415d-924a-7661a5cf51a5/ozone-metadata/datanode-3/data-0/hdds
2025-09-13 17:34:06,989 [13facd30-3950-4310-8b1a-93d004abbbdd-EndpointStateMachineTaskThread-/0.0.0.0:15002-0 ] INFO  volume.ThrottledAsyncChecker (ThrottledAsyncChecker.java:schedule(138)) - Scheduling a check for /home/runner/work/ozone/ozone/hadoop-ozone/integration-test/target/test-dir/MiniOzoneClusterImpl-1331a795-ed08-415d-924a-7661a5cf51a5/ozone-metadata/datanode-3/ratis
2025-09-13 17:34:06,989 [13facd30-3950-4310-8b1a-93d004abbbdd-EndpointStateMachineTaskThread-/0.0.0.0:15002-0 ] INFO  volume.StorageVolumeChecker (StorageVolumeChecker.java:checkAllVolumes(231)) - Scheduled health check for volume /home/runner/work/ozone/ozone/hadoop-ozone/integration-test/target/test-dir/MiniOzoneClusterImpl-1331a795-ed08-415d-924a-7661a5cf51a5/ozone-metadata/datanode-3/ratis
2025-09-13 17:34:06,990 [13facd30-3950-4310-8b1a-93d004abbbdd-EndpointStateMachineTaskThread-/0.0.0.0:15002-0 ] INFO  ozoneimpl.OzoneContainer (OzoneContainer.java:start(525)) - Attempting to start container services.
2025-09-13 17:34:06,991 [ContainerDataScanner(/home/runner/work/ozone/ozone/hadoop-ozone/integration-test/target/test-dir/MiniOzoneClusterImpl-1331a795-ed08-415d-924a-7661a5cf51a5/ozone-metadata/datanode-3/data-0/hdds)] INFO  ozoneimpl.AbstractBackgroundContainerScanner (AbstractBackgroundContainerScanner.java:runIteration(89)) - Completed an iteration in 0 minutes. Number of iterations (since the data-node restart) : 1, Number of containers scanned in this iteration : 0, Number of unhealthy containers found in this iteration : 0
2025-09-13 17:34:06,992 [13facd30-3950-4310-8b1a-93d004abbbdd-EndpointStateMachineTaskThread-/0.0.0.0:15002-0 ] INFO  replication.ReplicationServer (ReplicationServer.java:start(137)) - ReplicationServer is started using port 15033
2025-09-13 17:34:06,992 [13facd30-3950-4310-8b1a-93d004abbbdd-EndpointStateMachineTaskThread-/0.0.0.0:15002-0 ] INFO  ratis.XceiverServerRatis (XceiverServerRatis.java:start(560)) - Starting XceiverServerRatis(13facd30-3950-4310-8b1a-93d004abbbdd)
2025-09-13 17:34:06,993 [ContainerMetadataScanner] INFO  ozoneimpl.AbstractBackgroundContainerScanner (AbstractBackgroundContainerScanner.java:runIteration(89)) - Completed an iteration in 0 minutes. Number of iterations (since the data-node restart) : 1, Number of containers scanned in this iteration : 2, Number of unhealthy containers found in this iteration : 0
2025-09-13 17:34:06,994 [13facd30-3950-4310-8b1a-93d004abbbdd-impl-thread1] INFO  server.RaftServerConfigKeys (ConfUtils.java:logGet(62)) - raft.server.storage.dir = [/home/runner/work/ozone/ozone/hadoop-ozone/integration-test/target/test-dir/MiniOzoneClusterImpl-1331a795-ed08-415d-924a-7661a5cf51a5/ozone-metadata/datanode-3/ratis] (custom)
2025-09-13 17:34:06,995 [13facd30-3950-4310-8b1a-93d004abbbdd-impl-thread1] INFO  storage.RaftStorageDirectory (RaftStorageDirectoryImpl.java:tryLock(229)) - Lock on /home/runner/work/ozone/ozone/hadoop-ozone/integration-test/target/test-dir/MiniOzoneClusterImpl-1331a795-ed08-415d-924a-7661a5cf51a5/ozone-metadata/datanode-3/ratis/59c25a4c-b008-4c23-bf2e-cf05563d4821/in_use.lock acquired by nodename 22846@localhost
2025-09-13 17:34:06,995 [13facd30-3950-4310-8b1a-93d004abbbdd-impl-thread1] INFO  storage.RaftStorage (RaftStorageImpl.java:analyzeAndRecoverStorage(118)) - Read RaftStorageMetadata{term=4, votedFor=13facd30-3950-4310-8b1a-93d004abbbdd} from /home/runner/work/ozone/ozone/hadoop-ozone/integration-test/target/test-dir/MiniOzoneClusterImpl-1331a795-ed08-415d-924a-7661a5cf51a5/ozone-metadata/datanode-3/ratis/59c25a4c-b008-4c23-bf2e-cf05563d4821/current/raft-meta
2025-09-13 17:34:06,995 [13facd30-3950-4310-8b1a-93d004abbbdd-impl-thread2] INFO  storage.RaftStorageDirectory (RaftStorageDirectoryImpl.java:tryLock(229)) - Lock on /home/runner/work/ozone/ozone/hadoop-ozone/integration-test/target/test-dir/MiniOzoneClusterImpl-1331a795-ed08-415d-924a-7661a5cf51a5/ozone-metadata/datanode-3/ratis/f7fa2a76-8c89-4e33-b3f9-c6159b6e7e4c/in_use.lock acquired by nodename 22846@localhost
2025-09-13 17:34:06,995 [13facd30-3950-4310-8b1a-93d004abbbdd-impl-thread1] INFO  server.RaftServer$Division (ServerState.java:setRaftConf(386)) - 13facd30-3950-4310-8b1a-93d004abbbdd@group-CF05563D4821: set configuration conf: {index: 5, cur=peers:[9e23e878-9bb3-42b5-8b94-e0e229812e65|127.0.0.1:15023, 13facd30-3950-4310-8b1a-93d004abbbdd|127.0.0.1:15031, 36d876fb-a458-4393-963b-58eeedb8ba95|127.0.0.1:15015]|listeners:[], old=null}
2025-09-13 17:34:06,996 [13facd30-3950-4310-8b1a-93d004abbbdd-impl-thread3] INFO  storage.RaftStorageDirectory (RaftStorageDirectoryImpl.java:tryLock(229)) - Lock on /home/runner/work/ozone/ozone/hadoop-ozone/integration-test/target/test-dir/MiniOzoneClusterImpl-1331a795-ed08-415d-924a-7661a5cf51a5/ozone-metadata/datanode-3/ratis/71f8f458-3dd2-4722-a002-d5d0288ce997/in_use.lock acquired by nodename 22846@localhost
2025-09-13 17:34:06,995 [13facd30-3950-4310-8b1a-93d004abbbdd-impl-thread2] INFO  storage.RaftStorage (RaftStorageImpl.java:analyzeAndRecoverStorage(118)) - Read RaftStorageMetadata{term=2, votedFor=13facd30-3950-4310-8b1a-93d004abbbdd} from /home/runner/work/ozone/ozone/hadoop-ozone/integration-test/target/test-dir/MiniOzoneClusterImpl-1331a795-ed08-415d-924a-7661a5cf51a5/ozone-metadata/datanode-3/ratis/f7fa2a76-8c89-4e33-b3f9-c6159b6e7e4c/current/raft-meta
2025-09-13 17:34:06,996 [13facd30-3950-4310-8b1a-93d004abbbdd-impl-thread1] INFO  ratis.ContainerStateMachine (ContainerStateMachine.java:initialize(339)) - 13facd30-3950-4310-8b1a-93d004abbbdd: initialize group-CF05563D4821
2025-09-13 17:34:06,996 [13facd30-3950-4310-8b1a-93d004abbbdd-impl-thread3] INFO  storage.RaftStorage (RaftStorageImpl.java:analyzeAndRecoverStorage(118)) - Read RaftStorageMetadata{term=2, votedFor=36d876fb-a458-4393-963b-58eeedb8ba95} from /home/runner/work/ozone/ozone/hadoop-ozone/integration-test/target/test-dir/MiniOzoneClusterImpl-1331a795-ed08-415d-924a-7661a5cf51a5/ozone-metadata/datanode-3/ratis/71f8f458-3dd2-4722-a002-d5d0288ce997/current/raft-meta
2025-09-13 17:34:06,996 [13facd30-3950-4310-8b1a-93d004abbbdd-impl-thread2] INFO  server.RaftServer$Division (ServerState.java:setRaftConf(386)) - 13facd30-3950-4310-8b1a-93d004abbbdd@group-C6159B6E7E4C: set configuration conf: {index: 1, cur=peers:[13facd30-3950-4310-8b1a-93d004abbbdd|127.0.0.1:15031]|listeners:[], old=null}
2025-09-13 17:34:06,996 [13facd30-3950-4310-8b1a-93d004abbbdd-impl-thread3] INFO  server.RaftServer$Division (ServerState.java:setRaftConf(386)) - 13facd30-3950-4310-8b1a-93d004abbbdd@group-D5D0288CE997: set configuration conf: {index: 16, cur=peers:[9e23e878-9bb3-42b5-8b94-e0e229812e65|127.0.0.1:15023, 13facd30-3950-4310-8b1a-93d004abbbdd|127.0.0.1:15031, 36d876fb-a458-4393-963b-58eeedb8ba95|127.0.0.1:15015]|listeners:[], old=null}
2025-09-13 17:34:06,996 [13facd30-3950-4310-8b1a-93d004abbbdd-impl-thread2] INFO  ratis.ContainerStateMachine (ContainerStateMachine.java:initialize(339)) - 13facd30-3950-4310-8b1a-93d004abbbdd: initialize group-C6159B6E7E4C
2025-09-13 17:34:06,996 [13facd30-3950-4310-8b1a-93d004abbbdd-impl-thread2] INFO  ratis.ContainerStateMachine (ContainerStateMachine.java:loadSnapshot(356)) - group-C6159B6E7E4C: Setting the last applied index to (t:2, i:2)
2025-09-13 17:34:06,996 [13facd30-3950-4310-8b1a-93d004abbbdd-impl-thread1] INFO  ratis.ContainerStateMachine (ContainerStateMachine.java:loadSnapshot(356)) - group-CF05563D4821: Setting the last applied index to (t:4, i:6)
2025-09-13 17:34:06,996 [13facd30-3950-4310-8b1a-93d004abbbdd-impl-thread1] INFO  server.RaftServerConfigKeys (ConfUtils.java:logGet(62)) - raft.server.log.appender.buffer.byte-limit = 33554432 (custom)
2025-09-13 17:34:06,996 [13facd30-3950-4310-8b1a-93d004abbbdd-impl-thread3] INFO  ratis.ContainerStateMachine (ContainerStateMachine.java:initialize(339)) - 13facd30-3950-4310-8b1a-93d004abbbdd: initialize group-D5D0288CE997
2025-09-13 17:34:06,996 [13facd30-3950-4310-8b1a-93d004abbbdd-impl-thread2] INFO  server.RaftServerConfigKeys (ConfUtils.java:logGet(62)) - raft.server.log.appender.buffer.byte-limit = 33554432 (custom)
2025-09-13 17:34:06,997 [13facd30-3950-4310-8b1a-93d004abbbdd-impl-thread3] INFO  ratis.ContainerStateMachine (ContainerStateMachine.java:loadSnapshot(356)) - group-D5D0288CE997: Setting the last applied index to (t:2, i:21)
2025-09-13 17:34:06,997 [13facd30-3950-4310-8b1a-93d004abbbdd-impl-thread3] INFO  server.RaftServerConfigKeys (ConfUtils.java:logGet(62)) - raft.server.log.appender.buffer.byte-limit = 33554432 (custom)
2025-09-13 17:34:07,005 [13facd30-3950-4310-8b1a-93d004abbbdd-impl-thread2] INFO  server.RaftServerConfigKeys (ConfUtils.java:logGet(62)) - raft.server.log.segment.size.max = 67108864 (custom)
2025-09-13 17:34:07,007 [13facd30-3950-4310-8b1a-93d004abbbdd-impl-thread1] INFO  server.RaftServerConfigKeys (ConfUtils.java:logGet(62)) - raft.server.log.segment.size.max = 67108864 (custom)
2025-09-13 17:34:07,007 [13facd30-3950-4310-8b1a-93d004abbbdd-impl-thread3] INFO  server.RaftServerConfigKeys (ConfUtils.java:logGet(62)) - raft.server.log.segment.size.max = 67108864 (custom)
2025-09-13 17:34:07,007 [13facd30-3950-4310-8b1a-93d004abbbdd-impl-thread2] INFO  server.RaftServerConfigKeys (ConfUtils.java:logGet(62)) - raft.server.log.appender.buffer.byte-limit = 33554432 (custom)
2025-09-13 17:34:07,007 [13facd30-3950-4310-8b1a-93d004abbbdd-impl-thread2] INFO  util.AwaitToRun (AwaitToRun.java:start(81)) - Thread[#3521,13facd30-3950-4310-8b1a-93d004abbbdd@group-C6159B6E7E4C-cacheEviction-AwaitToRun,5,main] started
2025-09-13 17:34:07,007 [13facd30-3950-4310-8b1a-93d004abbbdd-impl-thread2] INFO  segmented.SegmentedRaftLogWorker (SegmentedRaftLogWorker.java:<init>(190)) - new 13facd30-3950-4310-8b1a-93d004abbbdd@group-C6159B6E7E4C-SegmentedRaftLogWorker for RaftStorageImpl:Storage Directory /home/runner/work/ozone/ozone/hadoop-ozone/integration-test/target/test-dir/MiniOzoneClusterImpl-1331a795-ed08-415d-924a-7661a5cf51a5/ozone-metadata/datanode-3/ratis/f7fa2a76-8c89-4e33-b3f9-c6159b6e7e4c
2025-09-13 17:34:07,007 [13facd30-3950-4310-8b1a-93d004abbbdd-impl-thread2] INFO  server.RaftServerConfigKeys (ConfUtils.java:logGet(62)) - raft.server.log.queue.byte-limit = 4294967296 (custom)
2025-09-13 17:34:07,008 [13facd30-3950-4310-8b1a-93d004abbbdd-impl-thread2] INFO  server.RaftServerConfigKeys (ConfUtils.java:logGet(62)) - raft.server.log.segment.size.max = 67108864 (custom)
2025-09-13 17:34:07,008 [13facd30-3950-4310-8b1a-93d004abbbdd-impl-thread2] INFO  server.RaftServerConfigKeys (ConfUtils.java:logGet(62)) - raft.server.log.preallocated.size = 4194304 (custom)
2025-09-13 17:34:07,008 [13facd30-3950-4310-8b1a-93d004abbbdd-impl-thread1] INFO  server.RaftServerConfigKeys (ConfUtils.java:logGet(62)) - raft.server.log.appender.buffer.byte-limit = 33554432 (custom)
2025-09-13 17:34:07,007 [13facd30-3950-4310-8b1a-93d004abbbdd-impl-thread3] INFO  server.RaftServerConfigKeys (ConfUtils.java:logGet(62)) - raft.server.log.appender.buffer.byte-limit = 33554432 (custom)
2025-09-13 17:34:07,008 [13facd30-3950-4310-8b1a-93d004abbbdd-impl-thread2] INFO  server.RaftServerConfigKeys (ConfUtils.java:logGet(62)) - raft.server.log.write.buffer.size = 33554440 (custom)
2025-09-13 17:34:07,008 [13facd30-3950-4310-8b1a-93d004abbbdd-impl-thread1] INFO  util.AwaitToRun (AwaitToRun.java:start(81)) - Thread[#3522,13facd30-3950-4310-8b1a-93d004abbbdd@group-CF05563D4821-cacheEviction-AwaitToRun,5,main] started
2025-09-13 17:34:07,008 [13facd30-3950-4310-8b1a-93d004abbbdd-impl-thread3] INFO  util.AwaitToRun (AwaitToRun.java:start(81)) - Thread[#3523,13facd30-3950-4310-8b1a-93d004abbbdd@group-D5D0288CE997-cacheEviction-AwaitToRun,5,main] started
2025-09-13 17:34:07,008 [13facd30-3950-4310-8b1a-93d004abbbdd-impl-thread3] INFO  segmented.SegmentedRaftLogWorker (SegmentedRaftLogWorker.java:<init>(190)) - new 13facd30-3950-4310-8b1a-93d004abbbdd@group-D5D0288CE997-SegmentedRaftLogWorker for RaftStorageImpl:Storage Directory /home/runner/work/ozone/ozone/hadoop-ozone/integration-test/target/test-dir/MiniOzoneClusterImpl-1331a795-ed08-415d-924a-7661a5cf51a5/ozone-metadata/datanode-3/ratis/71f8f458-3dd2-4722-a002-d5d0288ce997
2025-09-13 17:34:07,008 [13facd30-3950-4310-8b1a-93d004abbbdd-impl-thread3] INFO  server.RaftServerConfigKeys (ConfUtils.java:logGet(62)) - raft.server.log.queue.byte-limit = 4294967296 (custom)
2025-09-13 17:34:07,008 [13facd30-3950-4310-8b1a-93d004abbbdd-impl-thread3] INFO  server.RaftServerConfigKeys (ConfUtils.java:logGet(62)) - raft.server.log.segment.size.max = 67108864 (custom)
2025-09-13 17:34:07,008 [13facd30-3950-4310-8b1a-93d004abbbdd-impl-thread3] INFO  server.RaftServerConfigKeys (ConfUtils.java:logGet(62)) - raft.server.log.preallocated.size = 4194304 (custom)
2025-09-13 17:34:07,008 [13facd30-3950-4310-8b1a-93d004abbbdd-impl-thread1] INFO  segmented.SegmentedRaftLogWorker (SegmentedRaftLogWorker.java:<init>(190)) - new 13facd30-3950-4310-8b1a-93d004abbbdd@group-CF05563D4821-SegmentedRaftLogWorker for RaftStorageImpl:Storage Directory /home/runner/work/ozone/ozone/hadoop-ozone/integration-test/target/test-dir/MiniOzoneClusterImpl-1331a795-ed08-415d-924a-7661a5cf51a5/ozone-metadata/datanode-3/ratis/59c25a4c-b008-4c23-bf2e-cf05563d4821
2025-09-13 17:34:07,008 [13facd30-3950-4310-8b1a-93d004abbbdd-impl-thread1] INFO  server.RaftServerConfigKeys (ConfUtils.java:logGet(62)) - raft.server.log.queue.byte-limit = 4294967296 (custom)
2025-09-13 17:34:07,008 [13facd30-3950-4310-8b1a-93d004abbbdd-impl-thread1] INFO  server.RaftServerConfigKeys (ConfUtils.java:logGet(62)) - raft.server.log.segment.size.max = 67108864 (custom)
2025-09-13 17:34:07,009 [13facd30-3950-4310-8b1a-93d004abbbdd-impl-thread1] INFO  server.RaftServerConfigKeys (ConfUtils.java:logGet(62)) - raft.server.log.preallocated.size = 4194304 (custom)
2025-09-13 17:34:07,009 [13facd30-3950-4310-8b1a-93d004abbbdd-impl-thread1] INFO  server.RaftServerConfigKeys (ConfUtils.java:logGet(62)) - raft.server.log.write.buffer.size = 33554440 (custom)
2025-09-13 17:34:07,009 [13facd30-3950-4310-8b1a-93d004abbbdd-impl-thread3] INFO  server.RaftServerConfigKeys (ConfUtils.java:logGet(62)) - raft.server.log.write.buffer.size = 33554440 (custom)
2025-09-13 17:34:07,014 [13facd30-3950-4310-8b1a-93d004abbbdd-impl-thread2] INFO  server.RaftServerConfigKeys (ConfUtils.java:logGet(62)) - raft.server.log.appender.buffer.byte-limit = 33554432 (custom)
2025-09-13 17:34:07,014 [13facd30-3950-4310-8b1a-93d004abbbdd-impl-thread1] INFO  server.RaftServerConfigKeys (ConfUtils.java:logGet(62)) - raft.server.log.appender.buffer.byte-limit = 33554432 (custom)
2025-09-13 17:34:07,015 [13facd30-3950-4310-8b1a-93d004abbbdd-impl-thread1] INFO  server.RaftServer$Division (ServerState.java:setRaftConf(386)) - 13facd30-3950-4310-8b1a-93d004abbbdd@group-CF05563D4821: set configuration conf: {index: 0, cur=peers:[9e23e878-9bb3-42b5-8b94-e0e229812e65|127.0.0.1:15023, 13facd30-3950-4310-8b1a-93d004abbbdd|127.0.0.1:15031, 36d876fb-a458-4393-963b-58eeedb8ba95|127.0.0.1:15015]|listeners:[], old=null}
2025-09-13 17:34:07,015 [13facd30-3950-4310-8b1a-93d004abbbdd-impl-thread1] INFO  segmented.LogSegment (LogSegment.java:loadSegment(171)) - Successfully read 1 entries from segment file /home/runner/work/ozone/ozone/hadoop-ozone/integration-test/target/test-dir/MiniOzoneClusterImpl-1331a795-ed08-415d-924a-7661a5cf51a5/ozone-metadata/datanode-3/ratis/59c25a4c-b008-4c23-bf2e-cf05563d4821/current/log_0-0
2025-09-13 17:34:07,015 [13facd30-3950-4310-8b1a-93d004abbbdd-impl-thread2] INFO  server.RaftServer$Division (ServerState.java:setRaftConf(386)) - 13facd30-3950-4310-8b1a-93d004abbbdd@group-C6159B6E7E4C: set configuration conf: {index: 0, cur=peers:[13facd30-3950-4310-8b1a-93d004abbbdd|127.0.0.1:15031]|listeners:[], old=null}
2025-09-13 17:34:07,016 [13facd30-3950-4310-8b1a-93d004abbbdd-impl-thread2] INFO  segmented.LogSegment (LogSegment.java:loadSegment(171)) - Successfully read 1 entries from segment file /home/runner/work/ozone/ozone/hadoop-ozone/integration-test/target/test-dir/MiniOzoneClusterImpl-1331a795-ed08-415d-924a-7661a5cf51a5/ozone-metadata/datanode-3/ratis/f7fa2a76-8c89-4e33-b3f9-c6159b6e7e4c/current/log_0-0
2025-09-13 17:34:07,016 [13facd30-3950-4310-8b1a-93d004abbbdd-impl-thread3] INFO  server.RaftServerConfigKeys (ConfUtils.java:logGet(62)) - raft.server.log.appender.buffer.byte-limit = 33554432 (custom)
2025-09-13 17:34:07,016 [13facd30-3950-4310-8b1a-93d004abbbdd-impl-thread2] INFO  server.RaftServer$Division (ServerState.java:setRaftConf(386)) - 13facd30-3950-4310-8b1a-93d004abbbdd@group-C6159B6E7E4C: set configuration conf: {index: 1, cur=peers:[13facd30-3950-4310-8b1a-93d004abbbdd|127.0.0.1:15031]|listeners:[], old=null}
2025-09-13 17:34:07,015 [13facd30-3950-4310-8b1a-93d004abbbdd-impl-thread1] INFO  server.RaftServer$Division (ServerState.java:setRaftConf(386)) - 13facd30-3950-4310-8b1a-93d004abbbdd@group-CF05563D4821: set configuration conf: {index: 1, cur=peers:[9e23e878-9bb3-42b5-8b94-e0e229812e65|127.0.0.1:15023, 13facd30-3950-4310-8b1a-93d004abbbdd|127.0.0.1:15031, 36d876fb-a458-4393-963b-58eeedb8ba95|127.0.0.1:15015]|listeners:[], old=null}
2025-09-13 17:34:07,016 [13facd30-3950-4310-8b1a-93d004abbbdd-impl-thread2] INFO  segmented.LogSegment (LogSegment.java:loadSegment(171)) - Successfully read 2 entries from segment file /home/runner/work/ozone/ozone/hadoop-ozone/integration-test/target/test-dir/MiniOzoneClusterImpl-1331a795-ed08-415d-924a-7661a5cf51a5/ozone-metadata/datanode-3/ratis/f7fa2a76-8c89-4e33-b3f9-c6159b6e7e4c/current/log_inprogress_1
2025-09-13 17:34:07,016 [13facd30-3950-4310-8b1a-93d004abbbdd-impl-thread2] INFO  segmented.SegmentedRaftLogWorker (SegmentedRaftLogWorker.java:lambda$new$0(141)) - 13facd30-3950-4310-8b1a-93d004abbbdd@group-C6159B6E7E4C-SegmentedRaftLogWorker: flushIndex: setUnconditionally 0 -> 2
2025-09-13 17:34:07,016 [13facd30-3950-4310-8b1a-93d004abbbdd-impl-thread1] INFO  segmented.LogSegment (LogSegment.java:loadSegment(171)) - Successfully read 2 entries from segment file /home/runner/work/ozone/ozone/hadoop-ozone/integration-test/target/test-dir/MiniOzoneClusterImpl-1331a795-ed08-415d-924a-7661a5cf51a5/ozone-metadata/datanode-3/ratis/59c25a4c-b008-4c23-bf2e-cf05563d4821/current/log_1-2
2025-09-13 17:34:07,016 [13facd30-3950-4310-8b1a-93d004abbbdd-impl-thread3] INFO  server.RaftServer$Division (ServerState.java:setRaftConf(386)) - 13facd30-3950-4310-8b1a-93d004abbbdd@group-D5D0288CE997: set configuration conf: {index: 0, cur=peers:[9e23e878-9bb3-42b5-8b94-e0e229812e65|127.0.0.1:15023, 13facd30-3950-4310-8b1a-93d004abbbdd|127.0.0.1:15031, 36d876fb-a458-4393-963b-58eeedb8ba95|127.0.0.1:15015]|listeners:[], old=null}
2025-09-13 17:34:07,016 [13facd30-3950-4310-8b1a-93d004abbbdd-impl-thread1] INFO  server.RaftServer$Division (ServerState.java:setRaftConf(386)) - 13facd30-3950-4310-8b1a-93d004abbbdd@group-CF05563D4821: set configuration conf: {index: 3, cur=peers:[9e23e878-9bb3-42b5-8b94-e0e229812e65|127.0.0.1:15023, 13facd30-3950-4310-8b1a-93d004abbbdd|127.0.0.1:15031, 36d876fb-a458-4393-963b-58eeedb8ba95|127.0.0.1:15015]|listeners:[], old=null}
2025-09-13 17:34:07,017 [13facd30-3950-4310-8b1a-93d004abbbdd-impl-thread1] INFO  segmented.LogSegment (LogSegment.java:loadSegment(171)) - Successfully read 2 entries from segment file /home/runner/work/ozone/ozone/hadoop-ozone/integration-test/target/test-dir/MiniOzoneClusterImpl-1331a795-ed08-415d-924a-7661a5cf51a5/ozone-metadata/datanode-3/ratis/59c25a4c-b008-4c23-bf2e-cf05563d4821/current/log_3-4
2025-09-13 17:34:07,017 [13facd30-3950-4310-8b1a-93d004abbbdd-impl-thread1] INFO  server.RaftServer$Division (ServerState.java:setRaftConf(386)) - 13facd30-3950-4310-8b1a-93d004abbbdd@group-CF05563D4821: set configuration conf: {index: 5, cur=peers:[9e23e878-9bb3-42b5-8b94-e0e229812e65|127.0.0.1:15023, 13facd30-3950-4310-8b1a-93d004abbbdd|127.0.0.1:15031, 36d876fb-a458-4393-963b-58eeedb8ba95|127.0.0.1:15015]|listeners:[], old=null}
2025-09-13 17:34:07,016 [13facd30-3950-4310-8b1a-93d004abbbdd-impl-thread2] INFO  segmented.BufferedWriteChannel (BufferedWriteChannel.java:open(61)) - open log_inprogress_1 (append) at position 144
2025-09-13 17:34:07,017 [13facd30-3950-4310-8b1a-93d004abbbdd-impl-thread1] INFO  segmented.LogSegment (LogSegment.java:loadSegment(171)) - Successfully read 2 entries from segment file /home/runner/work/ozone/ozone/hadoop-ozone/integration-test/target/test-dir/MiniOzoneClusterImpl-1331a795-ed08-415d-924a-7661a5cf51a5/ozone-metadata/datanode-3/ratis/59c25a4c-b008-4c23-bf2e-cf05563d4821/current/log_inprogress_5
2025-09-13 17:34:07,017 [13facd30-3950-4310-8b1a-93d004abbbdd-impl-thread1] INFO  segmented.SegmentedRaftLogWorker (SegmentedRaftLogWorker.java:lambda$new$0(141)) - 13facd30-3950-4310-8b1a-93d004abbbdd@group-CF05563D4821-SegmentedRaftLogWorker: flushIndex: setUnconditionally 0 -> 6
2025-09-13 17:34:07,017 [13facd30-3950-4310-8b1a-93d004abbbdd-impl-thread1] INFO  segmented.SegmentedRaftLogWorker (SegmentedRaftLogWorker.java:lambda$new$0(141)) - 13facd30-3950-4310-8b1a-93d004abbbdd@group-CF05563D4821-SegmentedRaftLogWorker: safeCacheEvictIndex: setUnconditionally 0 -> 4
2025-09-13 17:34:07,017 [13facd30-3950-4310-8b1a-93d004abbbdd-impl-thread1] INFO  segmented.BufferedWriteChannel (BufferedWriteChannel.java:open(61)) - open log_inprogress_5 (append) at position 366
2025-09-13 17:34:07,017 [13facd30-3950-4310-8b1a-93d004abbbdd-impl-thread3] INFO  segmented.LogSegment (LogSegment.java:loadSegment(171)) - Successfully read 16 entries from segment file /home/runner/work/ozone/ozone/hadoop-ozone/integration-test/target/test-dir/MiniOzoneClusterImpl-1331a795-ed08-415d-924a-7661a5cf51a5/ozone-metadata/datanode-3/ratis/71f8f458-3dd2-4722-a002-d5d0288ce997/current/log_0-15
2025-09-13 17:34:07,017 [13facd30-3950-4310-8b1a-93d004abbbdd-impl-thread2] INFO  server.RaftServer$Division (RaftServerImpl.java:start(405)) - 13facd30-3950-4310-8b1a-93d004abbbdd@group-C6159B6E7E4C: start as a follower, conf=conf: {index: 1, cur=peers:[13facd30-3950-4310-8b1a-93d004abbbdd|127.0.0.1:15031]|listeners:[], old=null}
2025-09-13 17:34:07,017 [13facd30-3950-4310-8b1a-93d004abbbdd-impl-thread2] INFO  server.RaftServer$Division (RaftServerImpl.java:setRole(392)) - 13facd30-3950-4310-8b1a-93d004abbbdd@group-C6159B6E7E4C: changes role from      null to FOLLOWER at term 2 for startAsFollower
2025-09-13 17:34:07,018 [13facd30-3950-4310-8b1a-93d004abbbdd-impl-thread2] INFO  impl.RoleInfo (RoleInfo.java:updateAndGet(148)) - 13facd30-3950-4310-8b1a-93d004abbbdd: start 13facd30-3950-4310-8b1a-93d004abbbdd@group-C6159B6E7E4C-FollowerState
2025-09-13 17:34:07,018 [13facd30-3950-4310-8b1a-93d004abbbdd-impl-thread3] INFO  server.RaftServer$Division (ServerState.java:setRaftConf(386)) - 13facd30-3950-4310-8b1a-93d004abbbdd@group-D5D0288CE997: set configuration conf: {index: 16, cur=peers:[9e23e878-9bb3-42b5-8b94-e0e229812e65|127.0.0.1:15023, 13facd30-3950-4310-8b1a-93d004abbbdd|127.0.0.1:15031, 36d876fb-a458-4393-963b-58eeedb8ba95|127.0.0.1:15015]|listeners:[], old=null}
2025-09-13 17:34:07,018 [13facd30-3950-4310-8b1a-93d004abbbdd-impl-thread1] INFO  server.RaftServer$Division (RaftServerImpl.java:start(405)) - 13facd30-3950-4310-8b1a-93d004abbbdd@group-CF05563D4821: start as a follower, conf=conf: {index: 5, cur=peers:[9e23e878-9bb3-42b5-8b94-e0e229812e65|127.0.0.1:15023, 13facd30-3950-4310-8b1a-93d004abbbdd|127.0.0.1:15031, 36d876fb-a458-4393-963b-58eeedb8ba95|127.0.0.1:15015]|listeners:[], old=null}
2025-09-13 17:34:07,018 [13facd30-3950-4310-8b1a-93d004abbbdd-impl-thread1] INFO  server.RaftServer$Division (RaftServerImpl.java:setRole(392)) - 13facd30-3950-4310-8b1a-93d004abbbdd@group-CF05563D4821: changes role from      null to FOLLOWER at term 4 for startAsFollower
2025-09-13 17:34:07,018 [13facd30-3950-4310-8b1a-93d004abbbdd-impl-thread1] INFO  impl.RoleInfo (RoleInfo.java:updateAndGet(148)) - 13facd30-3950-4310-8b1a-93d004abbbdd: start 13facd30-3950-4310-8b1a-93d004abbbdd@group-CF05563D4821-FollowerState
2025-09-13 17:34:07,018 [13facd30-3950-4310-8b1a-93d004abbbdd-impl-thread3] INFO  segmented.LogSegment (LogSegment.java:loadSegment(171)) - Successfully read 10 entries from segment file /home/runner/work/ozone/ozone/hadoop-ozone/integration-test/target/test-dir/MiniOzoneClusterImpl-1331a795-ed08-415d-924a-7661a5cf51a5/ozone-metadata/datanode-3/ratis/71f8f458-3dd2-4722-a002-d5d0288ce997/current/log_inprogress_16
2025-09-13 17:34:07,018 [13facd30-3950-4310-8b1a-93d004abbbdd-impl-thread3] INFO  segmented.SegmentedRaftLogWorker (SegmentedRaftLogWorker.java:lambda$new$0(141)) - 13facd30-3950-4310-8b1a-93d004abbbdd@group-D5D0288CE997-SegmentedRaftLogWorker: flushIndex: setUnconditionally 0 -> 25
2025-09-13 17:34:07,018 [13facd30-3950-4310-8b1a-93d004abbbdd-impl-thread3] INFO  segmented.SegmentedRaftLogWorker (SegmentedRaftLogWorker.java:lambda$new$0(141)) - 13facd30-3950-4310-8b1a-93d004abbbdd@group-D5D0288CE997-SegmentedRaftLogWorker: safeCacheEvictIndex: setUnconditionally 0 -> 15
2025-09-13 17:34:07,018 [13facd30-3950-4310-8b1a-93d004abbbdd-impl-thread3] INFO  segmented.BufferedWriteChannel (BufferedWriteChannel.java:open(61)) - open log_inprogress_16 (append) at position 3186
2025-09-13 17:34:07,018 [13facd30-3950-4310-8b1a-93d004abbbdd-impl-thread1] INFO  util.JmxRegister (JmxRegister.java:tryRegister(44)) - Successfully registered JMX Bean with object name Ratis:service=RaftServer,group=group-CF05563D4821,id=13facd30-3950-4310-8b1a-93d004abbbdd
2025-09-13 17:34:07,018 [13facd30-3950-4310-8b1a-93d004abbbdd-impl-thread1] INFO  util.JmxRegister (JmxRegister.java:register(58)) - register mxBean class org.apache.ratis.server.impl.RaftServerJmxAdapter as Ratis:service=RaftServer,group=group-CF05563D4821,id=13facd30-3950-4310-8b1a-93d004abbbdd
2025-09-13 17:34:07,019 [13facd30-3950-4310-8b1a-93d004abbbdd-impl-thread2] INFO  util.JmxRegister (JmxRegister.java:tryRegister(44)) - Successfully registered JMX Bean with object name Ratis:service=RaftServer,group=group-C6159B6E7E4C,id=13facd30-3950-4310-8b1a-93d004abbbdd
2025-09-13 17:34:07,019 [13facd30-3950-4310-8b1a-93d004abbbdd-impl-thread2] INFO  util.JmxRegister (JmxRegister.java:register(58)) - register mxBean class org.apache.ratis.server.impl.RaftServerJmxAdapter as Ratis:service=RaftServer,group=group-C6159B6E7E4C,id=13facd30-3950-4310-8b1a-93d004abbbdd
2025-09-13 17:34:07,019 [13facd30-3950-4310-8b1a-93d004abbbdd-impl-thread3] INFO  server.RaftServer$Division (RaftServerImpl.java:start(405)) - 13facd30-3950-4310-8b1a-93d004abbbdd@group-D5D0288CE997: start as a follower, conf=conf: {index: 16, cur=peers:[9e23e878-9bb3-42b5-8b94-e0e229812e65|127.0.0.1:15023, 13facd30-3950-4310-8b1a-93d004abbbdd|127.0.0.1:15031, 36d876fb-a458-4393-963b-58eeedb8ba95|127.0.0.1:15015]|listeners:[], old=null}
2025-09-13 17:34:07,019 [13facd30-3950-4310-8b1a-93d004abbbdd-impl-thread3] INFO  server.RaftServer$Division (RaftServerImpl.java:setRole(392)) - 13facd30-3950-4310-8b1a-93d004abbbdd@group-D5D0288CE997: changes role from      null to FOLLOWER at term 2 for startAsFollower
2025-09-13 17:34:07,019 [13facd30-3950-4310-8b1a-93d004abbbdd-impl-thread3] INFO  impl.RoleInfo (RoleInfo.java:updateAndGet(148)) - 13facd30-3950-4310-8b1a-93d004abbbdd: start 13facd30-3950-4310-8b1a-93d004abbbdd@group-D5D0288CE997-FollowerState
2025-09-13 17:34:07,019 [13facd30-3950-4310-8b1a-93d004abbbdd-impl-thread3] INFO  util.JmxRegister (JmxRegister.java:tryRegister(44)) - Successfully registered JMX Bean with object name Ratis:service=RaftServer,group=group-D5D0288CE997,id=13facd30-3950-4310-8b1a-93d004abbbdd
2025-09-13 17:34:07,019 [13facd30-3950-4310-8b1a-93d004abbbdd-impl-thread3] INFO  util.JmxRegister (JmxRegister.java:register(58)) - register mxBean class org.apache.ratis.server.impl.RaftServerJmxAdapter as Ratis:service=RaftServer,group=group-D5D0288CE997,id=13facd30-3950-4310-8b1a-93d004abbbdd
2025-09-13 17:34:07,020 [13facd30-3950-4310-8b1a-93d004abbbdd-impl-thread1] INFO  server.RaftServer$Division (RaftServerImpl.java:start(419)) - 13facd30-3950-4310-8b1a-93d004abbbdd@group-CF05563D4821: Successfully started.
2025-09-13 17:34:07,021 [13facd30-3950-4310-8b1a-93d004abbbdd-impl-thread2] INFO  server.RaftServer$Division (RaftServerImpl.java:start(419)) - 13facd30-3950-4310-8b1a-93d004abbbdd@group-C6159B6E7E4C: Successfully started.
2025-09-13 17:34:07,021 [13facd30-3950-4310-8b1a-93d004abbbdd-impl-thread3] INFO  server.RaftServer$Division (RaftServerImpl.java:start(419)) - 13facd30-3950-4310-8b1a-93d004abbbdd@group-D5D0288CE997: Successfully started.
2025-09-13 17:34:07,021 [13facd30-3950-4310-8b1a-93d004abbbdd-EndpointStateMachineTaskThread-/0.0.0.0:15002-0 ] INFO  server.RaftServer (RaftServerProxy.java:startImpl(412)) - 13facd30-3950-4310-8b1a-93d004abbbdd: start RPC server
2025-09-13 17:34:07,021 [13facd30-3950-4310-8b1a-93d004abbbdd-EndpointStateMachineTaskThread-/0.0.0.0:15002-0 ] INFO  server.GrpcServicesImpl (GrpcServicesImpl.java:startImpl(346)) - 13facd30-3950-4310-8b1a-93d004abbbdd: GrpcServicesImpl started, listening on 15029
2025-09-13 17:34:07,021 [13facd30-3950-4310-8b1a-93d004abbbdd-EndpointStateMachineTaskThread-/0.0.0.0:15002-0 ] INFO  server.GrpcServicesImpl (GrpcServicesImpl.java:startImpl(346)) - 13facd30-3950-4310-8b1a-93d004abbbdd: GrpcServicesImpl started, listening on 15031
2025-09-13 17:34:07,022 [13facd30-3950-4310-8b1a-93d004abbbdd-EndpointStateMachineTaskThread-/0.0.0.0:15002-0 ] INFO  server.GrpcServicesImpl (GrpcServicesImpl.java:startImpl(346)) - 13facd30-3950-4310-8b1a-93d004abbbdd: GrpcServicesImpl started, listening on 15030
2025-09-13 17:34:07,022 [13facd30-3950-4310-8b1a-93d004abbbdd-EndpointStateMachineTaskThread-/0.0.0.0:15002-0 ] INFO  ratis.XceiverServerRatis (XceiverServerRatis.java:getRealPort(587)) - XceiverServerRatis(13facd30-3950-4310-8b1a-93d004abbbdd) is started using port RATIS=15029
2025-09-13 17:34:07,022 [JvmPauseMonitor17] INFO  util.JvmPauseMonitor (JvmPauseMonitor.java:run(146)) - JvmPauseMonitor-13facd30-3950-4310-8b1a-93d004abbbdd: Started
2025-09-13 17:34:07,022 [13facd30-3950-4310-8b1a-93d004abbbdd-EndpointStateMachineTaskThread-/0.0.0.0:15002-0 ] INFO  ratis.XceiverServerRatis (XceiverServerRatis.java:getRealPort(587)) - XceiverServerRatis(13facd30-3950-4310-8b1a-93d004abbbdd) is started using port RATIS_ADMIN=15030
2025-09-13 17:34:07,022 [13facd30-3950-4310-8b1a-93d004abbbdd-EndpointStateMachineTaskThread-/0.0.0.0:15002-0 ] INFO  ratis.XceiverServerRatis (XceiverServerRatis.java:getRealPort(587)) - XceiverServerRatis(13facd30-3950-4310-8b1a-93d004abbbdd) is started using port RATIS_SERVER=15031
2025-09-13 17:34:07,023 [13facd30-3950-4310-8b1a-93d004abbbdd-EndpointStateMachineTaskThread-/0.0.0.0:15002-0 ] INFO  ratis.XceiverServerRatis (XceiverServerRatis.java:getRealPort(587)) - XceiverServerRatis(13facd30-3950-4310-8b1a-93d004abbbdd) is started using port RATIS_DATASTREAM=15032
2025-09-13 17:34:07,023 [13facd30-3950-4310-8b1a-93d004abbbdd-EndpointStateMachineTaskThread-/0.0.0.0:15002-0 ] INFO  utils.BackgroundService (BackgroundService.java:start(119)) - Starting service BlockDeletingService with interval 60000 milliseconds
2025-09-13 17:34:07,023 [13facd30-3950-4310-8b1a-93d004abbbdd-EndpointStateMachineTaskThread-/0.0.0.0:15002-0 ] INFO  utils.BackgroundService (BackgroundService.java:start(119)) - Starting service StaleRecoveringContainerScrubbingService with interval 60000 milliseconds
2025-09-13 17:34:07,171 [3dbe4e49-25e9-43f5-94e0-3ca31f2aaaf2-impl-thread2] INFO  segmented.SegmentedRaftLogWorker (SegmentedRaftLogWorker.java:close(254)) - 3dbe4e49-25e9-43f5-94e0-3ca31f2aaaf2@group-7B0F0416234C-SegmentedRaftLogWorker close()
2025-09-13 17:34:07,171 [3dbe4e49-25e9-43f5-94e0-3ca31f2aaaf2-impl-thread2] INFO  ratis.ContainerStateMachine (ContainerStateMachine.java:notifyServerShutdown(1038)) - group-7B0F0416234C is closed by HddsDatanodeService
2025-09-13 17:34:07,189 [36d876fb-a458-4393-963b-58eeedb8ba95-ContainerReader-0] INFO  ozoneimpl.ContainerReader (ContainerReader.java:readVolume(147)) - Start to verify containers on volume /home/runner/work/ozone/ozone/hadoop-ozone/integration-test/target/test-dir/MiniOzoneClusterImpl-1331a795-ed08-415d-924a-7661a5cf51a5/ozone-metadata/datanode-1/data-0/hdds
2025-09-13 17:34:07,191 [36d876fb-a458-4393-963b-58eeedb8ba95-ContainerReader-0] WARN  helpers.KeyValueContainerUtil (KeyValueContainerUtil.java:populateContainerMetadata(330)) - Missing pendingDeleteBlockCount from metadata: recalculate them from block table
2025-09-13 17:34:07,193 [36d876fb-a458-4393-963b-58eeedb8ba95-ContainerReader-0] WARN  helpers.KeyValueContainerUtil (KeyValueContainerUtil.java:populateContainerMetadata(330)) - Missing pendingDeleteBlockCount from metadata: recalculate them from block table
2025-09-13 17:34:07,194 [36d876fb-a458-4393-963b-58eeedb8ba95-ContainerReader-0] INFO  ozoneimpl.ContainerReader (ContainerReader.java:readVolume(177)) - Finish verifying containers on volume /home/runner/work/ozone/ozone/hadoop-ozone/integration-test/target/test-dir/MiniOzoneClusterImpl-1331a795-ed08-415d-924a-7661a5cf51a5/ozone-metadata/datanode-1/data-0/hdds
2025-09-13 17:34:07,194 [36d876fb-a458-4393-963b-58eeedb8ba95-EndpointStateMachineTaskThread-/0.0.0.0:15002-0 ] INFO  ozoneimpl.OzoneContainer (OzoneContainer.java:buildContainerSet(370)) - Build ContainerSet costs 0s
2025-09-13 17:34:07,195 [36d876fb-a458-4393-963b-58eeedb8ba95-EndpointStateMachineTaskThread-/0.0.0.0:15002-0 ] INFO  volume.ThrottledAsyncChecker (ThrottledAsyncChecker.java:schedule(138)) - Scheduling a check for /home/runner/work/ozone/ozone/hadoop-ozone/integration-test/target/test-dir/MiniOzoneClusterImpl-1331a795-ed08-415d-924a-7661a5cf51a5/ozone-metadata/datanode-1/data-0/hdds
2025-09-13 17:34:07,195 [36d876fb-a458-4393-963b-58eeedb8ba95-EndpointStateMachineTaskThread-/0.0.0.0:15002-0 ] INFO  volume.StorageVolumeChecker (StorageVolumeChecker.java:checkAllVolumes(231)) - Scheduled health check for volume /home/runner/work/ozone/ozone/hadoop-ozone/integration-test/target/test-dir/MiniOzoneClusterImpl-1331a795-ed08-415d-924a-7661a5cf51a5/ozone-metadata/datanode-1/data-0/hdds
2025-09-13 17:34:07,198 [36d876fb-a458-4393-963b-58eeedb8ba95-EndpointStateMachineTaskThread-/0.0.0.0:15002-0 ] INFO  volume.ThrottledAsyncChecker (ThrottledAsyncChecker.java:schedule(138)) - Scheduling a check for /home/runner/work/ozone/ozone/hadoop-ozone/integration-test/target/test-dir/MiniOzoneClusterImpl-1331a795-ed08-415d-924a-7661a5cf51a5/ozone-metadata/datanode-1/ratis
2025-09-13 17:34:07,198 [36d876fb-a458-4393-963b-58eeedb8ba95-EndpointStateMachineTaskThread-/0.0.0.0:15002-0 ] INFO  volume.StorageVolumeChecker (StorageVolumeChecker.java:checkAllVolumes(231)) - Scheduled health check for volume /home/runner/work/ozone/ozone/hadoop-ozone/integration-test/target/test-dir/MiniOzoneClusterImpl-1331a795-ed08-415d-924a-7661a5cf51a5/ozone-metadata/datanode-1/ratis
2025-09-13 17:34:07,199 [36d876fb-a458-4393-963b-58eeedb8ba95-EndpointStateMachineTaskThread-/0.0.0.0:15002-0 ] INFO  ozoneimpl.OzoneContainer (OzoneContainer.java:start(525)) - Attempting to start container services.
2025-09-13 17:34:07,200 [ContainerDataScanner(/home/runner/work/ozone/ozone/hadoop-ozone/integration-test/target/test-dir/MiniOzoneClusterImpl-1331a795-ed08-415d-924a-7661a5cf51a5/ozone-metadata/datanode-1/data-0/hdds)] INFO  ozoneimpl.AbstractBackgroundContainerScanner (AbstractBackgroundContainerScanner.java:runIteration(89)) - Completed an iteration in 0 minutes. Number of iterations (since the data-node restart) : 1, Number of containers scanned in this iteration : 0, Number of unhealthy containers found in this iteration : 0
2025-09-13 17:34:07,200 [36d876fb-a458-4393-963b-58eeedb8ba95-EndpointStateMachineTaskThread-/0.0.0.0:15002-0 ] INFO  replication.ReplicationServer (ReplicationServer.java:start(137)) - ReplicationServer is started using port 15017
2025-09-13 17:34:07,200 [36d876fb-a458-4393-963b-58eeedb8ba95-EndpointStateMachineTaskThread-/0.0.0.0:15002-0 ] INFO  ratis.XceiverServerRatis (XceiverServerRatis.java:start(560)) - Starting XceiverServerRatis(36d876fb-a458-4393-963b-58eeedb8ba95)
2025-09-13 17:34:07,202 [36d876fb-a458-4393-963b-58eeedb8ba95-impl-thread1] INFO  server.RaftServerConfigKeys (ConfUtils.java:logGet(62)) - raft.server.storage.dir = [/home/runner/work/ozone/ozone/hadoop-ozone/integration-test/target/test-dir/MiniOzoneClusterImpl-1331a795-ed08-415d-924a-7661a5cf51a5/ozone-metadata/datanode-1/ratis] (custom)
2025-09-13 17:34:07,203 [ContainerMetadataScanner] INFO  ozoneimpl.AbstractBackgroundContainerScanner (AbstractBackgroundContainerScanner.java:runIteration(89)) - Completed an iteration in 0 minutes. Number of iterations (since the data-node restart) : 1, Number of containers scanned in this iteration : 2, Number of unhealthy containers found in this iteration : 0
2025-09-13 17:34:07,204 [36d876fb-a458-4393-963b-58eeedb8ba95-impl-thread2] INFO  storage.RaftStorageDirectory (RaftStorageDirectoryImpl.java:tryLock(229)) - Lock on /home/runner/work/ozone/ozone/hadoop-ozone/integration-test/target/test-dir/MiniOzoneClusterImpl-1331a795-ed08-415d-924a-7661a5cf51a5/ozone-metadata/datanode-1/ratis/5743d5ca-d5da-4592-97f7-b4189f5888a1/in_use.lock acquired by nodename 22846@localhost
2025-09-13 17:34:07,204 [36d876fb-a458-4393-963b-58eeedb8ba95-impl-thread2] INFO  storage.RaftStorage (RaftStorageImpl.java:analyzeAndRecoverStorage(118)) - Read RaftStorageMetadata{term=2, votedFor=36d876fb-a458-4393-963b-58eeedb8ba95} from /home/runner/work/ozone/ozone/hadoop-ozone/integration-test/target/test-dir/MiniOzoneClusterImpl-1331a795-ed08-415d-924a-7661a5cf51a5/ozone-metadata/datanode-1/ratis/5743d5ca-d5da-4592-97f7-b4189f5888a1/current/raft-meta
2025-09-13 17:34:07,204 [36d876fb-a458-4393-963b-58eeedb8ba95-impl-thread2] INFO  server.RaftServer$Division (ServerState.java:setRaftConf(386)) - 36d876fb-a458-4393-963b-58eeedb8ba95@group-B4189F5888A1: set configuration conf: {index: 1, cur=peers:[36d876fb-a458-4393-963b-58eeedb8ba95|127.0.0.1:15015]|listeners:[], old=null}
2025-09-13 17:34:07,204 [36d876fb-a458-4393-963b-58eeedb8ba95-impl-thread1] INFO  storage.RaftStorageDirectory (RaftStorageDirectoryImpl.java:tryLock(229)) - Lock on /home/runner/work/ozone/ozone/hadoop-ozone/integration-test/target/test-dir/MiniOzoneClusterImpl-1331a795-ed08-415d-924a-7661a5cf51a5/ozone-metadata/datanode-1/ratis/59c25a4c-b008-4c23-bf2e-cf05563d4821/in_use.lock acquired by nodename 22846@localhost
2025-09-13 17:34:07,205 [36d876fb-a458-4393-963b-58eeedb8ba95-impl-thread2] INFO  ratis.ContainerStateMachine (ContainerStateMachine.java:initialize(339)) - 36d876fb-a458-4393-963b-58eeedb8ba95: initialize group-B4189F5888A1
2025-09-13 17:34:07,205 [36d876fb-a458-4393-963b-58eeedb8ba95-impl-thread2] INFO  ratis.ContainerStateMachine (ContainerStateMachine.java:loadSnapshot(356)) - group-B4189F5888A1: Setting the last applied index to (t:2, i:2)
2025-09-13 17:34:07,205 [36d876fb-a458-4393-963b-58eeedb8ba95-impl-thread1] INFO  storage.RaftStorage (RaftStorageImpl.java:analyzeAndRecoverStorage(118)) - Read RaftStorageMetadata{term=5, votedFor=36d876fb-a458-4393-963b-58eeedb8ba95} from /home/runner/work/ozone/ozone/hadoop-ozone/integration-test/target/test-dir/MiniOzoneClusterImpl-1331a795-ed08-415d-924a-7661a5cf51a5/ozone-metadata/datanode-1/ratis/59c25a4c-b008-4c23-bf2e-cf05563d4821/current/raft-meta
2025-09-13 17:34:07,205 [36d876fb-a458-4393-963b-58eeedb8ba95-impl-thread2] INFO  server.RaftServerConfigKeys (ConfUtils.java:logGet(62)) - raft.server.log.appender.buffer.byte-limit = 33554432 (custom)
2025-09-13 17:34:07,205 [36d876fb-a458-4393-963b-58eeedb8ba95-impl-thread1] INFO  server.RaftServer$Division (ServerState.java:setRaftConf(386)) - 36d876fb-a458-4393-963b-58eeedb8ba95@group-CF05563D4821: set configuration conf: {index: 7, cur=peers:[9e23e878-9bb3-42b5-8b94-e0e229812e65|127.0.0.1:15023, 13facd30-3950-4310-8b1a-93d004abbbdd|127.0.0.1:15031, 36d876fb-a458-4393-963b-58eeedb8ba95|127.0.0.1:15015]|listeners:[], old=null}
2025-09-13 17:34:07,205 [36d876fb-a458-4393-963b-58eeedb8ba95-impl-thread3] INFO  storage.RaftStorageDirectory (RaftStorageDirectoryImpl.java:tryLock(229)) - Lock on /home/runner/work/ozone/ozone/hadoop-ozone/integration-test/target/test-dir/MiniOzoneClusterImpl-1331a795-ed08-415d-924a-7661a5cf51a5/ozone-metadata/datanode-1/ratis/71f8f458-3dd2-4722-a002-d5d0288ce997/in_use.lock acquired by nodename 22846@localhost
2025-09-13 17:34:07,205 [36d876fb-a458-4393-963b-58eeedb8ba95-impl-thread3] INFO  storage.RaftStorage (RaftStorageImpl.java:analyzeAndRecoverStorage(118)) - Read RaftStorageMetadata{term=2, votedFor=36d876fb-a458-4393-963b-58eeedb8ba95} from /home/runner/work/ozone/ozone/hadoop-ozone/integration-test/target/test-dir/MiniOzoneClusterImpl-1331a795-ed08-415d-924a-7661a5cf51a5/ozone-metadata/datanode-1/ratis/71f8f458-3dd2-4722-a002-d5d0288ce997/current/raft-meta
2025-09-13 17:34:07,205 [36d876fb-a458-4393-963b-58eeedb8ba95-impl-thread3] INFO  server.RaftServer$Division (ServerState.java:setRaftConf(386)) - 36d876fb-a458-4393-963b-58eeedb8ba95@group-D5D0288CE997: set configuration conf: {index: 16, cur=peers:[9e23e878-9bb3-42b5-8b94-e0e229812e65|127.0.0.1:15023, 13facd30-3950-4310-8b1a-93d004abbbdd|127.0.0.1:15031, 36d876fb-a458-4393-963b-58eeedb8ba95|127.0.0.1:15015]|listeners:[], old=null}
2025-09-13 17:34:07,206 [36d876fb-a458-4393-963b-58eeedb8ba95-impl-thread3] INFO  ratis.ContainerStateMachine (ContainerStateMachine.java:initialize(339)) - 36d876fb-a458-4393-963b-58eeedb8ba95: initialize group-D5D0288CE997
2025-09-13 17:34:07,206 [36d876fb-a458-4393-963b-58eeedb8ba95-impl-thread3] INFO  ratis.ContainerStateMachine (ContainerStateMachine.java:loadSnapshot(356)) - group-D5D0288CE997: Setting the last applied index to (t:2, i:25)
2025-09-13 17:34:07,206 [36d876fb-a458-4393-963b-58eeedb8ba95-impl-thread3] INFO  server.RaftServerConfigKeys (ConfUtils.java:logGet(62)) - raft.server.log.appender.buffer.byte-limit = 33554432 (custom)
2025-09-13 17:34:07,206 [36d876fb-a458-4393-963b-58eeedb8ba95-impl-thread1] INFO  ratis.ContainerStateMachine (ContainerStateMachine.java:initialize(339)) - 36d876fb-a458-4393-963b-58eeedb8ba95: initialize group-CF05563D4821
2025-09-13 17:34:07,206 [36d876fb-a458-4393-963b-58eeedb8ba95-impl-thread1] INFO  ratis.ContainerStateMachine (ContainerStateMachine.java:loadSnapshot(356)) - group-CF05563D4821: Setting the last applied index to (t:5, i:8)
2025-09-13 17:34:07,206 [36d876fb-a458-4393-963b-58eeedb8ba95-impl-thread1] INFO  server.RaftServerConfigKeys (ConfUtils.java:logGet(62)) - raft.server.log.appender.buffer.byte-limit = 33554432 (custom)
2025-09-13 17:34:07,207 [36d876fb-a458-4393-963b-58eeedb8ba95-impl-thread2] INFO  server.RaftServerConfigKeys (ConfUtils.java:logGet(62)) - raft.server.log.segment.size.max = 67108864 (custom)
2025-09-13 17:34:07,210 [36d876fb-a458-4393-963b-58eeedb8ba95-impl-thread2] INFO  server.RaftServerConfigKeys (ConfUtils.java:logGet(62)) - raft.server.log.appender.buffer.byte-limit = 33554432 (custom)
2025-09-13 17:34:07,210 [36d876fb-a458-4393-963b-58eeedb8ba95-impl-thread2] INFO  util.AwaitToRun (AwaitToRun.java:start(81)) - Thread[#3553,36d876fb-a458-4393-963b-58eeedb8ba95@group-B4189F5888A1-cacheEviction-AwaitToRun,5,main] started
2025-09-13 17:34:07,210 [36d876fb-a458-4393-963b-58eeedb8ba95-impl-thread2] INFO  segmented.SegmentedRaftLogWorker (SegmentedRaftLogWorker.java:<init>(190)) - new 36d876fb-a458-4393-963b-58eeedb8ba95@group-B4189F5888A1-SegmentedRaftLogWorker for RaftStorageImpl:Storage Directory /home/runner/work/ozone/ozone/hadoop-ozone/integration-test/target/test-dir/MiniOzoneClusterImpl-1331a795-ed08-415d-924a-7661a5cf51a5/ozone-metadata/datanode-1/ratis/5743d5ca-d5da-4592-97f7-b4189f5888a1
2025-09-13 17:34:07,210 [36d876fb-a458-4393-963b-58eeedb8ba95-impl-thread2] INFO  server.RaftServerConfigKeys (ConfUtils.java:logGet(62)) - raft.server.log.queue.byte-limit = 4294967296 (custom)
2025-09-13 17:34:07,210 [36d876fb-a458-4393-963b-58eeedb8ba95-impl-thread2] INFO  server.RaftServerConfigKeys (ConfUtils.java:logGet(62)) - raft.server.log.segment.size.max = 67108864 (custom)
2025-09-13 17:34:07,210 [36d876fb-a458-4393-963b-58eeedb8ba95-impl-thread2] INFO  server.RaftServerConfigKeys (ConfUtils.java:logGet(62)) - raft.server.log.preallocated.size = 4194304 (custom)
2025-09-13 17:34:07,213 [36d876fb-a458-4393-963b-58eeedb8ba95-impl-thread2] INFO  server.RaftServerConfigKeys (ConfUtils.java:logGet(62)) - raft.server.log.write.buffer.size = 33554440 (custom)
2025-09-13 17:34:07,214 [36d876fb-a458-4393-963b-58eeedb8ba95-impl-thread1] INFO  server.RaftServerConfigKeys (ConfUtils.java:logGet(62)) - raft.server.log.segment.size.max = 67108864 (custom)
2025-09-13 17:34:07,214 [36d876fb-a458-4393-963b-58eeedb8ba95-impl-thread1] INFO  server.RaftServerConfigKeys (ConfUtils.java:logGet(62)) - raft.server.log.appender.buffer.byte-limit = 33554432 (custom)
2025-09-13 17:34:07,215 [36d876fb-a458-4393-963b-58eeedb8ba95-impl-thread1] INFO  util.AwaitToRun (AwaitToRun.java:start(81)) - Thread[#3554,36d876fb-a458-4393-963b-58eeedb8ba95@group-CF05563D4821-cacheEviction-AwaitToRun,5,main] started
2025-09-13 17:34:07,215 [36d876fb-a458-4393-963b-58eeedb8ba95-impl-thread1] INFO  segmented.SegmentedRaftLogWorker (SegmentedRaftLogWorker.java:<init>(190)) - new 36d876fb-a458-4393-963b-58eeedb8ba95@group-CF05563D4821-SegmentedRaftLogWorker for RaftStorageImpl:Storage Directory /home/runner/work/ozone/ozone/hadoop-ozone/integration-test/target/test-dir/MiniOzoneClusterImpl-1331a795-ed08-415d-924a-7661a5cf51a5/ozone-metadata/datanode-1/ratis/59c25a4c-b008-4c23-bf2e-cf05563d4821
2025-09-13 17:34:07,215 [36d876fb-a458-4393-963b-58eeedb8ba95-impl-thread1] INFO  server.RaftServerConfigKeys (ConfUtils.java:logGet(62)) - raft.server.log.queue.byte-limit = 4294967296 (custom)
2025-09-13 17:34:07,215 [36d876fb-a458-4393-963b-58eeedb8ba95-impl-thread1] INFO  server.RaftServerConfigKeys (ConfUtils.java:logGet(62)) - raft.server.log.segment.size.max = 67108864 (custom)
2025-09-13 17:34:07,216 [36d876fb-a458-4393-963b-58eeedb8ba95-impl-thread1] INFO  server.RaftServerConfigKeys (ConfUtils.java:logGet(62)) - raft.server.log.preallocated.size = 4194304 (custom)
2025-09-13 17:34:07,216 [36d876fb-a458-4393-963b-58eeedb8ba95-impl-thread1] INFO  server.RaftServerConfigKeys (ConfUtils.java:logGet(62)) - raft.server.log.write.buffer.size = 33554440 (custom)
2025-09-13 17:34:07,218 [36d876fb-a458-4393-963b-58eeedb8ba95-impl-thread3] INFO  server.RaftServerConfigKeys (ConfUtils.java:logGet(62)) - raft.server.log.segment.size.max = 67108864 (custom)
2025-09-13 17:34:07,219 [36d876fb-a458-4393-963b-58eeedb8ba95-impl-thread3] INFO  server.RaftServerConfigKeys (ConfUtils.java:logGet(62)) - raft.server.log.appender.buffer.byte-limit = 33554432 (custom)
2025-09-13 17:34:07,220 [36d876fb-a458-4393-963b-58eeedb8ba95-impl-thread3] INFO  util.AwaitToRun (AwaitToRun.java:start(81)) - Thread[#3555,36d876fb-a458-4393-963b-58eeedb8ba95@group-D5D0288CE997-cacheEviction-AwaitToRun,5,main] started
2025-09-13 17:34:07,220 [36d876fb-a458-4393-963b-58eeedb8ba95-impl-thread2] INFO  server.RaftServerConfigKeys (ConfUtils.java:logGet(62)) - raft.server.log.appender.buffer.byte-limit = 33554432 (custom)
2025-09-13 17:34:07,220 [36d876fb-a458-4393-963b-58eeedb8ba95-impl-thread3] INFO  segmented.SegmentedRaftLogWorker (SegmentedRaftLogWorker.java:<init>(190)) - new 36d876fb-a458-4393-963b-58eeedb8ba95@group-D5D0288CE997-SegmentedRaftLogWorker for RaftStorageImpl:Storage Directory /home/runner/work/ozone/ozone/hadoop-ozone/integration-test/target/test-dir/MiniOzoneClusterImpl-1331a795-ed08-415d-924a-7661a5cf51a5/ozone-metadata/datanode-1/ratis/71f8f458-3dd2-4722-a002-d5d0288ce997
2025-09-13 17:34:07,221 [36d876fb-a458-4393-963b-58eeedb8ba95-impl-thread3] INFO  server.RaftServerConfigKeys (ConfUtils.java:logGet(62)) - raft.server.log.queue.byte-limit = 4294967296 (custom)
2025-09-13 17:34:07,221 [36d876fb-a458-4393-963b-58eeedb8ba95-impl-thread3] INFO  server.RaftServerConfigKeys (ConfUtils.java:logGet(62)) - raft.server.log.segment.size.max = 67108864 (custom)
2025-09-13 17:34:07,221 [36d876fb-a458-4393-963b-58eeedb8ba95-impl-thread3] INFO  server.RaftServerConfigKeys (ConfUtils.java:logGet(62)) - raft.server.log.preallocated.size = 4194304 (custom)
2025-09-13 17:34:07,221 [36d876fb-a458-4393-963b-58eeedb8ba95-impl-thread2] INFO  server.RaftServer$Division (ServerState.java:setRaftConf(386)) - 36d876fb-a458-4393-963b-58eeedb8ba95@group-B4189F5888A1: set configuration conf: {index: 0, cur=peers:[36d876fb-a458-4393-963b-58eeedb8ba95|127.0.0.1:15015]|listeners:[], old=null}
2025-09-13 17:34:07,221 [36d876fb-a458-4393-963b-58eeedb8ba95-impl-thread2] INFO  segmented.LogSegment (LogSegment.java:loadSegment(171)) - Successfully read 1 entries from segment file /home/runner/work/ozone/ozone/hadoop-ozone/integration-test/target/test-dir/MiniOzoneClusterImpl-1331a795-ed08-415d-924a-7661a5cf51a5/ozone-metadata/datanode-1/ratis/5743d5ca-d5da-4592-97f7-b4189f5888a1/current/log_0-0
2025-09-13 17:34:07,221 [36d876fb-a458-4393-963b-58eeedb8ba95-impl-thread2] INFO  server.RaftServer$Division (ServerState.java:setRaftConf(386)) - 36d876fb-a458-4393-963b-58eeedb8ba95@group-B4189F5888A1: set configuration conf: {index: 1, cur=peers:[36d876fb-a458-4393-963b-58eeedb8ba95|127.0.0.1:15015]|listeners:[], old=null}
2025-09-13 17:34:07,221 [36d876fb-a458-4393-963b-58eeedb8ba95-impl-thread2] INFO  segmented.LogSegment (LogSegment.java:loadSegment(171)) - Successfully read 2 entries from segment file /home/runner/work/ozone/ozone/hadoop-ozone/integration-test/target/test-dir/MiniOzoneClusterImpl-1331a795-ed08-415d-924a-7661a5cf51a5/ozone-metadata/datanode-1/ratis/5743d5ca-d5da-4592-97f7-b4189f5888a1/current/log_inprogress_1
2025-09-13 17:34:07,222 [36d876fb-a458-4393-963b-58eeedb8ba95-impl-thread2] INFO  segmented.SegmentedRaftLogWorker (SegmentedRaftLogWorker.java:lambda$new$0(141)) - 36d876fb-a458-4393-963b-58eeedb8ba95@group-B4189F5888A1-SegmentedRaftLogWorker: flushIndex: setUnconditionally 0 -> 2
2025-09-13 17:34:07,222 [36d876fb-a458-4393-963b-58eeedb8ba95-impl-thread2] INFO  segmented.BufferedWriteChannel (BufferedWriteChannel.java:open(61)) - open log_inprogress_1 (append) at position 144
2025-09-13 17:34:07,222 [36d876fb-a458-4393-963b-58eeedb8ba95-impl-thread1] INFO  server.RaftServerConfigKeys (ConfUtils.java:logGet(62)) - raft.server.log.appender.buffer.byte-limit = 33554432 (custom)
2025-09-13 17:34:07,222 [36d876fb-a458-4393-963b-58eeedb8ba95-impl-thread2] INFO  server.RaftServer$Division (RaftServerImpl.java:start(405)) - 36d876fb-a458-4393-963b-58eeedb8ba95@group-B4189F5888A1: start as a follower, conf=conf: {index: 1, cur=peers:[36d876fb-a458-4393-963b-58eeedb8ba95|127.0.0.1:15015]|listeners:[], old=null}
2025-09-13 17:34:07,222 [36d876fb-a458-4393-963b-58eeedb8ba95-impl-thread2] INFO  server.RaftServer$Division (RaftServerImpl.java:setRole(392)) - 36d876fb-a458-4393-963b-58eeedb8ba95@group-B4189F5888A1: changes role from      null to FOLLOWER at term 2 for startAsFollower
2025-09-13 17:34:07,222 [36d876fb-a458-4393-963b-58eeedb8ba95-impl-thread2] INFO  impl.RoleInfo (RoleInfo.java:updateAndGet(148)) - 36d876fb-a458-4393-963b-58eeedb8ba95: start 36d876fb-a458-4393-963b-58eeedb8ba95@group-B4189F5888A1-FollowerState
2025-09-13 17:34:07,222 [36d876fb-a458-4393-963b-58eeedb8ba95-impl-thread1] INFO  server.RaftServer$Division (ServerState.java:setRaftConf(386)) - 36d876fb-a458-4393-963b-58eeedb8ba95@group-CF05563D4821: set configuration conf: {index: 0, cur=peers:[9e23e878-9bb3-42b5-8b94-e0e229812e65|127.0.0.1:15023, 13facd30-3950-4310-8b1a-93d004abbbdd|127.0.0.1:15031, 36d876fb-a458-4393-963b-58eeedb8ba95|127.0.0.1:15015]|listeners:[], old=null}
2025-09-13 17:34:07,222 [36d876fb-a458-4393-963b-58eeedb8ba95-impl-thread1] INFO  segmented.LogSegment (LogSegment.java:loadSegment(171)) - Successfully read 1 entries from segment file /home/runner/work/ozone/ozone/hadoop-ozone/integration-test/target/test-dir/MiniOzoneClusterImpl-1331a795-ed08-415d-924a-7661a5cf51a5/ozone-metadata/datanode-1/ratis/59c25a4c-b008-4c23-bf2e-cf05563d4821/current/log_0-0
2025-09-13 17:34:07,222 [36d876fb-a458-4393-963b-58eeedb8ba95-impl-thread1] INFO  server.RaftServer$Division (ServerState.java:setRaftConf(386)) - 36d876fb-a458-4393-963b-58eeedb8ba95@group-CF05563D4821: set configuration conf: {index: 1, cur=peers:[9e23e878-9bb3-42b5-8b94-e0e229812e65|127.0.0.1:15023, 13facd30-3950-4310-8b1a-93d004abbbdd|127.0.0.1:15031, 36d876fb-a458-4393-963b-58eeedb8ba95|127.0.0.1:15015]|listeners:[], old=null}
2025-09-13 17:34:07,223 [36d876fb-a458-4393-963b-58eeedb8ba95-impl-thread1] INFO  segmented.LogSegment (LogSegment.java:loadSegment(171)) - Successfully read 2 entries from segment file /home/runner/work/ozone/ozone/hadoop-ozone/integration-test/target/test-dir/MiniOzoneClusterImpl-1331a795-ed08-415d-924a-7661a5cf51a5/ozone-metadata/datanode-1/ratis/59c25a4c-b008-4c23-bf2e-cf05563d4821/current/log_1-2
2025-09-13 17:34:07,223 [36d876fb-a458-4393-963b-58eeedb8ba95-impl-thread2] INFO  util.JmxRegister (JmxRegister.java:tryRegister(44)) - Successfully registered JMX Bean with object name Ratis:service=RaftServer,group=group-B4189F5888A1,id=36d876fb-a458-4393-963b-58eeedb8ba95
2025-09-13 17:34:07,223 [36d876fb-a458-4393-963b-58eeedb8ba95-impl-thread2] INFO  util.JmxRegister (JmxRegister.java:register(58)) - register mxBean class org.apache.ratis.server.impl.RaftServerJmxAdapter as Ratis:service=RaftServer,group=group-B4189F5888A1,id=36d876fb-a458-4393-963b-58eeedb8ba95
2025-09-13 17:34:07,223 [36d876fb-a458-4393-963b-58eeedb8ba95-impl-thread3] INFO  server.RaftServerConfigKeys (ConfUtils.java:logGet(62)) - raft.server.log.write.buffer.size = 33554440 (custom)
2025-09-13 17:34:07,223 [36d876fb-a458-4393-963b-58eeedb8ba95-impl-thread1] INFO  server.RaftServer$Division (ServerState.java:setRaftConf(386)) - 36d876fb-a458-4393-963b-58eeedb8ba95@group-CF05563D4821: set configuration conf: {index: 3, cur=peers:[9e23e878-9bb3-42b5-8b94-e0e229812e65|127.0.0.1:15023, 13facd30-3950-4310-8b1a-93d004abbbdd|127.0.0.1:15031, 36d876fb-a458-4393-963b-58eeedb8ba95|127.0.0.1:15015]|listeners:[], old=null}
2025-09-13 17:34:07,223 [36d876fb-a458-4393-963b-58eeedb8ba95-impl-thread1] INFO  segmented.LogSegment (LogSegment.java:loadSegment(171)) - Successfully read 2 entries from segment file /home/runner/work/ozone/ozone/hadoop-ozone/integration-test/target/test-dir/MiniOzoneClusterImpl-1331a795-ed08-415d-924a-7661a5cf51a5/ozone-metadata/datanode-1/ratis/59c25a4c-b008-4c23-bf2e-cf05563d4821/current/log_3-4
2025-09-13 17:34:07,224 [36d876fb-a458-4393-963b-58eeedb8ba95-impl-thread1] INFO  server.RaftServer$Division (ServerState.java:setRaftConf(386)) - 36d876fb-a458-4393-963b-58eeedb8ba95@group-CF05563D4821: set configuration conf: {index: 5, cur=peers:[9e23e878-9bb3-42b5-8b94-e0e229812e65|127.0.0.1:15023, 13facd30-3950-4310-8b1a-93d004abbbdd|127.0.0.1:15031, 36d876fb-a458-4393-963b-58eeedb8ba95|127.0.0.1:15015]|listeners:[], old=null}
2025-09-13 17:34:07,224 [36d876fb-a458-4393-963b-58eeedb8ba95-impl-thread1] INFO  segmented.LogSegment (LogSegment.java:loadSegment(171)) - Successfully read 2 entries from segment file /home/runner/work/ozone/ozone/hadoop-ozone/integration-test/target/test-dir/MiniOzoneClusterImpl-1331a795-ed08-415d-924a-7661a5cf51a5/ozone-metadata/datanode-1/ratis/59c25a4c-b008-4c23-bf2e-cf05563d4821/current/log_5-6
2025-09-13 17:34:07,225 [36d876fb-a458-4393-963b-58eeedb8ba95-impl-thread2] INFO  server.RaftServer$Division (RaftServerImpl.java:start(419)) - 36d876fb-a458-4393-963b-58eeedb8ba95@group-B4189F5888A1: Successfully started.
2025-09-13 17:34:07,225 [36d876fb-a458-4393-963b-58eeedb8ba95-impl-thread1] INFO  server.RaftServer$Division (ServerState.java:setRaftConf(386)) - 36d876fb-a458-4393-963b-58eeedb8ba95@group-CF05563D4821: set configuration conf: {index: 7, cur=peers:[9e23e878-9bb3-42b5-8b94-e0e229812e65|127.0.0.1:15023, 13facd30-3950-4310-8b1a-93d004abbbdd|127.0.0.1:15031, 36d876fb-a458-4393-963b-58eeedb8ba95|127.0.0.1:15015]|listeners:[], old=null}
2025-09-13 17:34:07,225 [36d876fb-a458-4393-963b-58eeedb8ba95-impl-thread1] INFO  segmented.LogSegment (LogSegment.java:loadSegment(171)) - Successfully read 2 entries from segment file /home/runner/work/ozone/ozone/hadoop-ozone/integration-test/target/test-dir/MiniOzoneClusterImpl-1331a795-ed08-415d-924a-7661a5cf51a5/ozone-metadata/datanode-1/ratis/59c25a4c-b008-4c23-bf2e-cf05563d4821/current/log_inprogress_7
2025-09-13 17:34:07,225 [36d876fb-a458-4393-963b-58eeedb8ba95-impl-thread1] INFO  segmented.SegmentedRaftLogWorker (SegmentedRaftLogWorker.java:lambda$new$0(141)) - 36d876fb-a458-4393-963b-58eeedb8ba95@group-CF05563D4821-SegmentedRaftLogWorker: flushIndex: setUnconditionally 0 -> 8
2025-09-13 17:34:07,226 [36d876fb-a458-4393-963b-58eeedb8ba95-impl-thread1] INFO  segmented.SegmentedRaftLogWorker (SegmentedRaftLogWorker.java:lambda$new$0(141)) - 36d876fb-a458-4393-963b-58eeedb8ba95@group-CF05563D4821-SegmentedRaftLogWorker: safeCacheEvictIndex: setUnconditionally 0 -> 6
2025-09-13 17:34:07,226 [36d876fb-a458-4393-963b-58eeedb8ba95-impl-thread1] INFO  segmented.BufferedWriteChannel (BufferedWriteChannel.java:open(61)) - open log_inprogress_7 (append) at position 366
2025-09-13 17:34:07,226 [36d876fb-a458-4393-963b-58eeedb8ba95-impl-thread1] INFO  server.RaftServer$Division (RaftServerImpl.java:start(405)) - 36d876fb-a458-4393-963b-58eeedb8ba95@group-CF05563D4821: start as a follower, conf=conf: {index: 7, cur=peers:[9e23e878-9bb3-42b5-8b94-e0e229812e65|127.0.0.1:15023, 13facd30-3950-4310-8b1a-93d004abbbdd|127.0.0.1:15031, 36d876fb-a458-4393-963b-58eeedb8ba95|127.0.0.1:15015]|listeners:[], old=null}
2025-09-13 17:34:07,226 [36d876fb-a458-4393-963b-58eeedb8ba95-impl-thread1] INFO  server.RaftServer$Division (RaftServerImpl.java:setRole(392)) - 36d876fb-a458-4393-963b-58eeedb8ba95@group-CF05563D4821: changes role from      null to FOLLOWER at term 5 for startAsFollower
2025-09-13 17:34:07,226 [36d876fb-a458-4393-963b-58eeedb8ba95-impl-thread1] INFO  impl.RoleInfo (RoleInfo.java:updateAndGet(148)) - 36d876fb-a458-4393-963b-58eeedb8ba95: start 36d876fb-a458-4393-963b-58eeedb8ba95@group-CF05563D4821-FollowerState
2025-09-13 17:34:07,227 [36d876fb-a458-4393-963b-58eeedb8ba95-impl-thread1] INFO  util.JmxRegister (JmxRegister.java:tryRegister(44)) - Successfully registered JMX Bean with object name Ratis:service=RaftServer,group=group-CF05563D4821,id=36d876fb-a458-4393-963b-58eeedb8ba95
2025-09-13 17:34:07,227 [36d876fb-a458-4393-963b-58eeedb8ba95-impl-thread1] INFO  util.JmxRegister (JmxRegister.java:register(58)) - register mxBean class org.apache.ratis.server.impl.RaftServerJmxAdapter as Ratis:service=RaftServer,group=group-CF05563D4821,id=36d876fb-a458-4393-963b-58eeedb8ba95
2025-09-13 17:34:07,228 [36d876fb-a458-4393-963b-58eeedb8ba95-impl-thread1] INFO  server.RaftServer$Division (RaftServerImpl.java:start(419)) - 36d876fb-a458-4393-963b-58eeedb8ba95@group-CF05563D4821: Successfully started.
2025-09-13 17:34:07,229 [36d876fb-a458-4393-963b-58eeedb8ba95-impl-thread3] INFO  server.RaftServerConfigKeys (ConfUtils.java:logGet(62)) - raft.server.log.appender.buffer.byte-limit = 33554432 (custom)
2025-09-13 17:34:07,230 [36d876fb-a458-4393-963b-58eeedb8ba95-impl-thread3] INFO  server.RaftServer$Division (ServerState.java:setRaftConf(386)) - 36d876fb-a458-4393-963b-58eeedb8ba95@group-D5D0288CE997: set configuration conf: {index: 0, cur=peers:[9e23e878-9bb3-42b5-8b94-e0e229812e65|127.0.0.1:15023, 13facd30-3950-4310-8b1a-93d004abbbdd|127.0.0.1:15031, 36d876fb-a458-4393-963b-58eeedb8ba95|127.0.0.1:15015]|listeners:[], old=null}
2025-09-13 17:34:07,231 [36d876fb-a458-4393-963b-58eeedb8ba95-impl-thread3] INFO  segmented.LogSegment (LogSegment.java:loadSegment(171)) - Successfully read 16 entries from segment file /home/runner/work/ozone/ozone/hadoop-ozone/integration-test/target/test-dir/MiniOzoneClusterImpl-1331a795-ed08-415d-924a-7661a5cf51a5/ozone-metadata/datanode-1/ratis/71f8f458-3dd2-4722-a002-d5d0288ce997/current/log_0-15
2025-09-13 17:34:07,231 [36d876fb-a458-4393-963b-58eeedb8ba95-impl-thread3] INFO  server.RaftServer$Division (ServerState.java:setRaftConf(386)) - 36d876fb-a458-4393-963b-58eeedb8ba95@group-D5D0288CE997: set configuration conf: {index: 16, cur=peers:[9e23e878-9bb3-42b5-8b94-e0e229812e65|127.0.0.1:15023, 13facd30-3950-4310-8b1a-93d004abbbdd|127.0.0.1:15031, 36d876fb-a458-4393-963b-58eeedb8ba95|127.0.0.1:15015]|listeners:[], old=null}
2025-09-13 17:34:07,231 [36d876fb-a458-4393-963b-58eeedb8ba95-impl-thread3] INFO  segmented.LogSegment (LogSegment.java:loadSegment(171)) - Successfully read 10 entries from segment file /home/runner/work/ozone/ozone/hadoop-ozone/integration-test/target/test-dir/MiniOzoneClusterImpl-1331a795-ed08-415d-924a-7661a5cf51a5/ozone-metadata/datanode-1/ratis/71f8f458-3dd2-4722-a002-d5d0288ce997/current/log_inprogress_16
2025-09-13 17:34:07,232 [36d876fb-a458-4393-963b-58eeedb8ba95-impl-thread3] INFO  segmented.SegmentedRaftLogWorker (SegmentedRaftLogWorker.java:lambda$new$0(141)) - 36d876fb-a458-4393-963b-58eeedb8ba95@group-D5D0288CE997-SegmentedRaftLogWorker: flushIndex: setUnconditionally 0 -> 25
2025-09-13 17:34:07,232 [36d876fb-a458-4393-963b-58eeedb8ba95-impl-thread3] INFO  segmented.SegmentedRaftLogWorker (SegmentedRaftLogWorker.java:lambda$new$0(141)) - 36d876fb-a458-4393-963b-58eeedb8ba95@group-D5D0288CE997-SegmentedRaftLogWorker: safeCacheEvictIndex: setUnconditionally 0 -> 15
2025-09-13 17:34:07,232 [36d876fb-a458-4393-963b-58eeedb8ba95-impl-thread3] INFO  segmented.BufferedWriteChannel (BufferedWriteChannel.java:open(61)) - open log_inprogress_16 (append) at position 3186
2025-09-13 17:34:07,232 [36d876fb-a458-4393-963b-58eeedb8ba95-impl-thread3] INFO  server.RaftServer$Division (RaftServerImpl.java:start(405)) - 36d876fb-a458-4393-963b-58eeedb8ba95@group-D5D0288CE997: start as a follower, conf=conf: {index: 16, cur=peers:[9e23e878-9bb3-42b5-8b94-e0e229812e65|127.0.0.1:15023, 13facd30-3950-4310-8b1a-93d004abbbdd|127.0.0.1:15031, 36d876fb-a458-4393-963b-58eeedb8ba95|127.0.0.1:15015]|listeners:[], old=null}
2025-09-13 17:34:07,232 [36d876fb-a458-4393-963b-58eeedb8ba95-impl-thread3] INFO  server.RaftServer$Division (RaftServerImpl.java:setRole(392)) - 36d876fb-a458-4393-963b-58eeedb8ba95@group-D5D0288CE997: changes role from      null to FOLLOWER at term 2 for startAsFollower
2025-09-13 17:34:07,232 [36d876fb-a458-4393-963b-58eeedb8ba95-impl-thread3] INFO  impl.RoleInfo (RoleInfo.java:updateAndGet(148)) - 36d876fb-a458-4393-963b-58eeedb8ba95: start 36d876fb-a458-4393-963b-58eeedb8ba95@group-D5D0288CE997-FollowerState
2025-09-13 17:34:07,232 [36d876fb-a458-4393-963b-58eeedb8ba95-impl-thread3] INFO  util.JmxRegister (JmxRegister.java:tryRegister(44)) - Successfully registered JMX Bean with object name Ratis:service=RaftServer,group=group-D5D0288CE997,id=36d876fb-a458-4393-963b-58eeedb8ba95
2025-09-13 17:34:07,232 [36d876fb-a458-4393-963b-58eeedb8ba95-impl-thread3] INFO  util.JmxRegister (JmxRegister.java:register(58)) - register mxBean class org.apache.ratis.server.impl.RaftServerJmxAdapter as Ratis:service=RaftServer,group=group-D5D0288CE997,id=36d876fb-a458-4393-963b-58eeedb8ba95
2025-09-13 17:34:07,233 [36d876fb-a458-4393-963b-58eeedb8ba95-impl-thread3] INFO  server.RaftServer$Division (RaftServerImpl.java:start(419)) - 36d876fb-a458-4393-963b-58eeedb8ba95@group-D5D0288CE997: Successfully started.
2025-09-13 17:34:07,233 [36d876fb-a458-4393-963b-58eeedb8ba95-EndpointStateMachineTaskThread-/0.0.0.0:15002-0 ] INFO  server.RaftServer (RaftServerProxy.java:startImpl(412)) - 36d876fb-a458-4393-963b-58eeedb8ba95: start RPC server
2025-09-13 17:34:07,234 [36d876fb-a458-4393-963b-58eeedb8ba95-EndpointStateMachineTaskThread-/0.0.0.0:15002-0 ] INFO  server.GrpcServicesImpl (GrpcServicesImpl.java:startImpl(346)) - 36d876fb-a458-4393-963b-58eeedb8ba95: GrpcServicesImpl started, listening on 15013
2025-09-13 17:34:07,234 [36d876fb-a458-4393-963b-58eeedb8ba95-EndpointStateMachineTaskThread-/0.0.0.0:15002-0 ] INFO  server.GrpcServicesImpl (GrpcServicesImpl.java:startImpl(346)) - 36d876fb-a458-4393-963b-58eeedb8ba95: GrpcServicesImpl started, listening on 15015
2025-09-13 17:34:07,234 [36d876fb-a458-4393-963b-58eeedb8ba95-EndpointStateMachineTaskThread-/0.0.0.0:15002-0 ] INFO  server.GrpcServicesImpl (GrpcServicesImpl.java:startImpl(346)) - 36d876fb-a458-4393-963b-58eeedb8ba95: GrpcServicesImpl started, listening on 15014
2025-09-13 17:34:07,234 [36d876fb-a458-4393-963b-58eeedb8ba95-EndpointStateMachineTaskThread-/0.0.0.0:15002-0 ] INFO  ratis.XceiverServerRatis (XceiverServerRatis.java:getRealPort(587)) - XceiverServerRatis(36d876fb-a458-4393-963b-58eeedb8ba95) is started using port RATIS=15013
2025-09-13 17:34:07,234 [36d876fb-a458-4393-963b-58eeedb8ba95-EndpointStateMachineTaskThread-/0.0.0.0:15002-0 ] INFO  ratis.XceiverServerRatis (XceiverServerRatis.java:getRealPort(587)) - XceiverServerRatis(36d876fb-a458-4393-963b-58eeedb8ba95) is started using port RATIS_ADMIN=15014
2025-09-13 17:34:07,234 [36d876fb-a458-4393-963b-58eeedb8ba95-EndpointStateMachineTaskThread-/0.0.0.0:15002-0 ] INFO  ratis.XceiverServerRatis (XceiverServerRatis.java:getRealPort(587)) - XceiverServerRatis(36d876fb-a458-4393-963b-58eeedb8ba95) is started using port RATIS_SERVER=15015
2025-09-13 17:34:07,234 [36d876fb-a458-4393-963b-58eeedb8ba95-EndpointStateMachineTaskThread-/0.0.0.0:15002-0 ] INFO  ratis.XceiverServerRatis (XceiverServerRatis.java:getRealPort(587)) - XceiverServerRatis(36d876fb-a458-4393-963b-58eeedb8ba95) is started using port RATIS_DATASTREAM=15016
2025-09-13 17:34:07,234 [JvmPauseMonitor18] INFO  util.JvmPauseMonitor (JvmPauseMonitor.java:run(146)) - JvmPauseMonitor-36d876fb-a458-4393-963b-58eeedb8ba95: Started
2025-09-13 17:34:07,235 [36d876fb-a458-4393-963b-58eeedb8ba95-EndpointStateMachineTaskThread-/0.0.0.0:15002-0 ] INFO  utils.BackgroundService (BackgroundService.java:start(119)) - Starting service BlockDeletingService with interval 60000 milliseconds
2025-09-13 17:34:07,235 [36d876fb-a458-4393-963b-58eeedb8ba95-EndpointStateMachineTaskThread-/0.0.0.0:15002-0 ] INFO  utils.BackgroundService (BackgroundService.java:start(119)) - Starting service StaleRecoveringContainerScrubbingService with interval 60000 milliseconds
2025-09-13 17:34:07,487 [9e23e878-9bb3-42b5-8b94-e0e229812e65@group-CF05563D4821-FollowerState] INFO  impl.FollowerState (FollowerState.java:runImpl(161)) - 9e23e878-9bb3-42b5-8b94-e0e229812e65@group-CF05563D4821-FollowerState: change to CANDIDATE, lastRpcElapsedTime:1026390883ns, electionTimeout:1026ms
2025-09-13 17:34:07,487 [9e23e878-9bb3-42b5-8b94-e0e229812e65@group-CF05563D4821-FollowerState] INFO  impl.RoleInfo (RoleInfo.java:shutdownFollowerState(121)) - 9e23e878-9bb3-42b5-8b94-e0e229812e65: shutdown 9e23e878-9bb3-42b5-8b94-e0e229812e65@group-CF05563D4821-FollowerState
2025-09-13 17:34:07,487 [9e23e878-9bb3-42b5-8b94-e0e229812e65@group-CF05563D4821-FollowerState] INFO  server.RaftServer$Division (RaftServerImpl.java:setRole(392)) - 9e23e878-9bb3-42b5-8b94-e0e229812e65@group-CF05563D4821: changes role from  FOLLOWER to CANDIDATE at term 5 for changeToCandidate
2025-09-13 17:34:07,488 [9e23e878-9bb3-42b5-8b94-e0e229812e65@group-CF05563D4821-FollowerState] INFO  impl.RoleInfo (RoleInfo.java:updateAndGet(148)) - 9e23e878-9bb3-42b5-8b94-e0e229812e65: start 9e23e878-9bb3-42b5-8b94-e0e229812e65@group-CF05563D4821-LeaderElection290
2025-09-13 17:34:07,488 [9e23e878-9bb3-42b5-8b94-e0e229812e65@group-CF05563D4821-LeaderElection290] INFO  impl.LeaderElection (LeaderElection.java:askForVotes(448)) - 9e23e878-9bb3-42b5-8b94-e0e229812e65@group-CF05563D4821-LeaderElection290 PRE_VOTE round 0: submit vote requests at term 5 for conf: {index: 7, cur=peers:[9e23e878-9bb3-42b5-8b94-e0e229812e65|127.0.0.1:15023, 13facd30-3950-4310-8b1a-93d004abbbdd|127.0.0.1:15031, 36d876fb-a458-4393-963b-58eeedb8ba95|127.0.0.1:15015]|listeners:[], old=null}
2025-09-13 17:34:07,488 [9e23e878-9bb3-42b5-8b94-e0e229812e65@group-CF05563D4821-LeaderElection290] INFO  impl.LeaderElection (LogUtils.java:infoOrTrace(142)) - 9e23e878-9bb3-42b5-8b94-e0e229812e65@group-CF05563D4821-LeaderElection290 got exception when requesting votes: java.util.concurrent.ExecutionException: org.apache.ratis.thirdparty.io.grpc.StatusRuntimeException: UNAVAILABLE: io exception
2025-09-13 17:34:07,488 [9e23e878-9bb3-42b5-8b94-e0e229812e65@group-CF05563D4821-LeaderElection290] INFO  impl.LeaderElection (LogUtils.java:infoOrTrace(142)) - 9e23e878-9bb3-42b5-8b94-e0e229812e65@group-CF05563D4821-LeaderElection290 got exception when requesting votes: java.util.concurrent.ExecutionException: org.apache.ratis.thirdparty.io.grpc.StatusRuntimeException: UNAVAILABLE: io exception
2025-09-13 17:34:07,488 [9e23e878-9bb3-42b5-8b94-e0e229812e65@group-CF05563D4821-LeaderElection290] INFO  impl.LeaderElection (LeaderElection.java:logAndReturn(206)) - 9e23e878-9bb3-42b5-8b94-e0e229812e65@group-CF05563D4821-LeaderElection290: PRE_VOTE REJECTED received 0 response(s) and 2 exception(s):
2025-09-13 17:34:07,488 [9e23e878-9bb3-42b5-8b94-e0e229812e65@group-CF05563D4821-LeaderElection290] INFO  impl.LeaderElection (LogUtils.java:infoOrTrace(142)) -   Exception 0: java.util.concurrent.ExecutionException: org.apache.ratis.thirdparty.io.grpc.StatusRuntimeException: UNAVAILABLE: io exception
2025-09-13 17:34:07,488 [9e23e878-9bb3-42b5-8b94-e0e229812e65@group-CF05563D4821-LeaderElection290] INFO  impl.LeaderElection (LogUtils.java:infoOrTrace(142)) -   Exception 1: java.util.concurrent.ExecutionException: org.apache.ratis.thirdparty.io.grpc.StatusRuntimeException: UNAVAILABLE: io exception
2025-09-13 17:34:07,488 [9e23e878-9bb3-42b5-8b94-e0e229812e65@group-CF05563D4821-LeaderElection290] INFO  impl.LeaderElection (LeaderElection.java:askForVotes(450)) - 9e23e878-9bb3-42b5-8b94-e0e229812e65@group-CF05563D4821-LeaderElection290 PRE_VOTE round 0: result REJECTED
2025-09-13 17:34:07,488 [9e23e878-9bb3-42b5-8b94-e0e229812e65@group-CF05563D4821-LeaderElection290] INFO  server.RaftServer$Division (RaftServerImpl.java:setRole(392)) - 9e23e878-9bb3-42b5-8b94-e0e229812e65@group-CF05563D4821: changes role from CANDIDATE to FOLLOWER at term 5 for REJECTED
2025-09-13 17:34:07,489 [9e23e878-9bb3-42b5-8b94-e0e229812e65@group-CF05563D4821-LeaderElection290] INFO  impl.RoleInfo (RoleInfo.java:shutdownLeaderElection(141)) - 9e23e878-9bb3-42b5-8b94-e0e229812e65: shutdown 9e23e878-9bb3-42b5-8b94-e0e229812e65@group-CF05563D4821-LeaderElection290
2025-09-13 17:34:07,489 [9e23e878-9bb3-42b5-8b94-e0e229812e65@group-CF05563D4821-LeaderElection290] INFO  impl.RoleInfo (RoleInfo.java:updateAndGet(148)) - 9e23e878-9bb3-42b5-8b94-e0e229812e65: start 9e23e878-9bb3-42b5-8b94-e0e229812e65@group-CF05563D4821-FollowerState
2025-09-13 17:34:07,747 [3dbe4e49-25e9-43f5-94e0-3ca31f2aaaf2-impl-thread4] INFO  segmented.SegmentedRaftLogWorker (SegmentedRaftLogWorker.java:close(254)) - 3dbe4e49-25e9-43f5-94e0-3ca31f2aaaf2@group-A8D25C85FDCF-SegmentedRaftLogWorker close()
2025-09-13 17:34:07,747 [3dbe4e49-25e9-43f5-94e0-3ca31f2aaaf2-impl-thread4] INFO  ratis.ContainerStateMachine (ContainerStateMachine.java:notifyServerShutdown(1038)) - group-A8D25C85FDCF is closed by HddsDatanodeService
2025-09-13 17:34:07,747 [JvmPauseMonitor9] INFO  util.JvmPauseMonitor (JvmPauseMonitor.java:run(152)) - JvmPauseMonitor-3dbe4e49-25e9-43f5-94e0-3ca31f2aaaf2: Stopped
2025-09-13 17:34:07,937 [9e23e878-9bb3-42b5-8b94-e0e229812e65@group-D5D0288CE997-FollowerState] INFO  impl.FollowerState (FollowerState.java:runImpl(161)) - 9e23e878-9bb3-42b5-8b94-e0e229812e65@group-D5D0288CE997-FollowerState: change to CANDIDATE, lastRpcElapsedTime:1091665705ns, electionTimeout:1091ms
2025-09-13 17:34:07,937 [9e23e878-9bb3-42b5-8b94-e0e229812e65@group-D5D0288CE997-FollowerState] INFO  impl.RoleInfo (RoleInfo.java:shutdownFollowerState(121)) - 9e23e878-9bb3-42b5-8b94-e0e229812e65: shutdown 9e23e878-9bb3-42b5-8b94-e0e229812e65@group-D5D0288CE997-FollowerState
2025-09-13 17:34:07,937 [9e23e878-9bb3-42b5-8b94-e0e229812e65@group-D5D0288CE997-FollowerState] INFO  server.RaftServer$Division (RaftServerImpl.java:setRole(392)) - 9e23e878-9bb3-42b5-8b94-e0e229812e65@group-D5D0288CE997: changes role from  FOLLOWER to CANDIDATE at term 2 for changeToCandidate
2025-09-13 17:34:07,937 [9e23e878-9bb3-42b5-8b94-e0e229812e65@group-D5D0288CE997-FollowerState] INFO  impl.RoleInfo (RoleInfo.java:updateAndGet(148)) - 9e23e878-9bb3-42b5-8b94-e0e229812e65: start 9e23e878-9bb3-42b5-8b94-e0e229812e65@group-D5D0288CE997-LeaderElection291
2025-09-13 17:34:07,937 [9e23e878-9bb3-42b5-8b94-e0e229812e65@group-D5D0288CE997-LeaderElection291] INFO  impl.LeaderElection (LeaderElection.java:askForVotes(448)) - 9e23e878-9bb3-42b5-8b94-e0e229812e65@group-D5D0288CE997-LeaderElection291 PRE_VOTE round 0: submit vote requests at term 2 for conf: {index: 16, cur=peers:[9e23e878-9bb3-42b5-8b94-e0e229812e65|127.0.0.1:15023, 13facd30-3950-4310-8b1a-93d004abbbdd|127.0.0.1:15031, 36d876fb-a458-4393-963b-58eeedb8ba95|127.0.0.1:15015]|listeners:[], old=null}
2025-09-13 17:34:07,938 [9e23e878-9bb3-42b5-8b94-e0e229812e65@group-D5D0288CE997-LeaderElection291] INFO  impl.LeaderElection (LogUtils.java:infoOrTrace(142)) - 9e23e878-9bb3-42b5-8b94-e0e229812e65@group-D5D0288CE997-LeaderElection291 got exception when requesting votes: java.util.concurrent.ExecutionException: org.apache.ratis.thirdparty.io.grpc.StatusRuntimeException: UNAVAILABLE: io exception
2025-09-13 17:34:07,938 [9e23e878-9bb3-42b5-8b94-e0e229812e65@group-D5D0288CE997-LeaderElection291] INFO  impl.LeaderElection (LogUtils.java:infoOrTrace(142)) - 9e23e878-9bb3-42b5-8b94-e0e229812e65@group-D5D0288CE997-LeaderElection291 got exception when requesting votes: java.util.concurrent.ExecutionException: org.apache.ratis.thirdparty.io.grpc.StatusRuntimeException: UNAVAILABLE: io exception
2025-09-13 17:34:07,938 [9e23e878-9bb3-42b5-8b94-e0e229812e65@group-D5D0288CE997-LeaderElection291] INFO  impl.LeaderElection (LeaderElection.java:logAndReturn(206)) - 9e23e878-9bb3-42b5-8b94-e0e229812e65@group-D5D0288CE997-LeaderElection291: PRE_VOTE REJECTED received 0 response(s) and 2 exception(s):
2025-09-13 17:34:07,938 [9e23e878-9bb3-42b5-8b94-e0e229812e65@group-D5D0288CE997-LeaderElection291] INFO  impl.LeaderElection (LogUtils.java:infoOrTrace(142)) -   Exception 0: java.util.concurrent.ExecutionException: org.apache.ratis.thirdparty.io.grpc.StatusRuntimeException: UNAVAILABLE: io exception
2025-09-13 17:34:07,938 [9e23e878-9bb3-42b5-8b94-e0e229812e65@group-D5D0288CE997-LeaderElection291] INFO  impl.LeaderElection (LogUtils.java:infoOrTrace(142)) -   Exception 1: java.util.concurrent.ExecutionException: org.apache.ratis.thirdparty.io.grpc.StatusRuntimeException: UNAVAILABLE: io exception
2025-09-13 17:34:07,938 [9e23e878-9bb3-42b5-8b94-e0e229812e65@group-D5D0288CE997-LeaderElection291] INFO  impl.LeaderElection (LeaderElection.java:askForVotes(450)) - 9e23e878-9bb3-42b5-8b94-e0e229812e65@group-D5D0288CE997-LeaderElection291 PRE_VOTE round 0: result REJECTED
2025-09-13 17:34:07,938 [9e23e878-9bb3-42b5-8b94-e0e229812e65@group-D5D0288CE997-LeaderElection291] INFO  server.RaftServer$Division (RaftServerImpl.java:setRole(392)) - 9e23e878-9bb3-42b5-8b94-e0e229812e65@group-D5D0288CE997: changes role from CANDIDATE to FOLLOWER at term 2 for REJECTED
2025-09-13 17:34:07,938 [9e23e878-9bb3-42b5-8b94-e0e229812e65@group-D5D0288CE997-LeaderElection291] INFO  impl.RoleInfo (RoleInfo.java:shutdownLeaderElection(141)) - 9e23e878-9bb3-42b5-8b94-e0e229812e65: shutdown 9e23e878-9bb3-42b5-8b94-e0e229812e65@group-D5D0288CE997-LeaderElection291
2025-09-13 17:34:07,938 [9e23e878-9bb3-42b5-8b94-e0e229812e65@group-D5D0288CE997-LeaderElection291] INFO  impl.RoleInfo (RoleInfo.java:updateAndGet(148)) - 9e23e878-9bb3-42b5-8b94-e0e229812e65: start 9e23e878-9bb3-42b5-8b94-e0e229812e65@group-D5D0288CE997-FollowerState
2025-09-13 17:34:08,027 [13facd30-3950-4310-8b1a-93d004abbbdd@group-D5D0288CE997-FollowerState] INFO  impl.FollowerState (FollowerState.java:runImpl(161)) - 13facd30-3950-4310-8b1a-93d004abbbdd@group-D5D0288CE997-FollowerState: change to CANDIDATE, lastRpcElapsedTime:1008280028ns, electionTimeout:1008ms
2025-09-13 17:34:08,027 [13facd30-3950-4310-8b1a-93d004abbbdd@group-D5D0288CE997-FollowerState] INFO  impl.RoleInfo (RoleInfo.java:shutdownFollowerState(121)) - 13facd30-3950-4310-8b1a-93d004abbbdd: shutdown 13facd30-3950-4310-8b1a-93d004abbbdd@group-D5D0288CE997-FollowerState
2025-09-13 17:34:08,027 [13facd30-3950-4310-8b1a-93d004abbbdd@group-D5D0288CE997-FollowerState] INFO  server.RaftServer$Division (RaftServerImpl.java:setRole(392)) - 13facd30-3950-4310-8b1a-93d004abbbdd@group-D5D0288CE997: changes role from  FOLLOWER to CANDIDATE at term 2 for changeToCandidate
2025-09-13 17:34:08,027 [13facd30-3950-4310-8b1a-93d004abbbdd@group-D5D0288CE997-FollowerState] INFO  impl.RoleInfo (RoleInfo.java:updateAndGet(148)) - 13facd30-3950-4310-8b1a-93d004abbbdd: start 13facd30-3950-4310-8b1a-93d004abbbdd@group-D5D0288CE997-LeaderElection292
2025-09-13 17:34:08,028 [13facd30-3950-4310-8b1a-93d004abbbdd@group-D5D0288CE997-LeaderElection292] INFO  impl.LeaderElection (LeaderElection.java:askForVotes(448)) - 13facd30-3950-4310-8b1a-93d004abbbdd@group-D5D0288CE997-LeaderElection292 PRE_VOTE round 0: submit vote requests at term 2 for conf: {index: 16, cur=peers:[9e23e878-9bb3-42b5-8b94-e0e229812e65|127.0.0.1:15023, 13facd30-3950-4310-8b1a-93d004abbbdd|127.0.0.1:15031, 36d876fb-a458-4393-963b-58eeedb8ba95|127.0.0.1:15015]|listeners:[], old=null}
2025-09-13 17:34:08,028 [13facd30-3950-4310-8b1a-93d004abbbdd@group-D5D0288CE997-LeaderElection292-1] INFO  server.GrpcServerProtocolClient (GrpcServerProtocolClient.java:<init>(65)) - Build channel for 9e23e878-9bb3-42b5-8b94-e0e229812e65|127.0.0.1:15023
2025-09-13 17:34:08,028 [13facd30-3950-4310-8b1a-93d004abbbdd@group-D5D0288CE997-LeaderElection292-2] INFO  server.GrpcServerProtocolClient (GrpcServerProtocolClient.java:<init>(65)) - Build channel for 36d876fb-a458-4393-963b-58eeedb8ba95|127.0.0.1:15015
2025-09-13 17:34:08,031 [grpc-default-executor-11] INFO  server.RaftServer$Division (RaftServerImpl.java:requestVote(1421)) - 9e23e878-9bb3-42b5-8b94-e0e229812e65@group-D5D0288CE997: receive requestVote(PRE_VOTE, 13facd30-3950-4310-8b1a-93d004abbbdd, group-D5D0288CE997, 2, (t:2, i:25))
2025-09-13 17:34:08,031 [grpc-default-executor-11] INFO  impl.VoteContext (VoteContext.java:log(49)) - 9e23e878-9bb3-42b5-8b94-e0e229812e65@group-D5D0288CE997-FOLLOWER: accept PRE_VOTE from 13facd30-3950-4310-8b1a-93d004abbbdd: our priority 0 <= candidate's priority 0
2025-09-13 17:34:08,031 [grpc-default-executor-12] INFO  server.RaftServer$Division (RaftServerImpl.java:requestVote(1421)) - 36d876fb-a458-4393-963b-58eeedb8ba95@group-D5D0288CE997: receive requestVote(PRE_VOTE, 13facd30-3950-4310-8b1a-93d004abbbdd, group-D5D0288CE997, 2, (t:2, i:25))
2025-09-13 17:34:08,031 [grpc-default-executor-11] INFO  server.RaftServer$Division (RaftServerImpl.java:requestVote(1455)) - 9e23e878-9bb3-42b5-8b94-e0e229812e65@group-D5D0288CE997 replies to PRE_VOTE vote request: 13facd30-3950-4310-8b1a-93d004abbbdd<-9e23e878-9bb3-42b5-8b94-e0e229812e65#0:OK-t2-last:(t:2, i:25). Peer's state: 9e23e878-9bb3-42b5-8b94-e0e229812e65@group-D5D0288CE997:t2, leader=null, voted=36d876fb-a458-4393-963b-58eeedb8ba95, raftlog=Memoized:9e23e878-9bb3-42b5-8b94-e0e229812e65@group-D5D0288CE997-SegmentedRaftLog:OPENED:c25:last(t:2, i:25), conf=conf: {index: 16, cur=peers:[9e23e878-9bb3-42b5-8b94-e0e229812e65|127.0.0.1:15023, 13facd30-3950-4310-8b1a-93d004abbbdd|127.0.0.1:15031, 36d876fb-a458-4393-963b-58eeedb8ba95|127.0.0.1:15015]|listeners:[], old=null}
2025-09-13 17:34:08,031 [grpc-default-executor-12] INFO  impl.VoteContext (VoteContext.java:log(49)) - 36d876fb-a458-4393-963b-58eeedb8ba95@group-D5D0288CE997-FOLLOWER: reject PRE_VOTE from 13facd30-3950-4310-8b1a-93d004abbbdd: our priority 1 > candidate's priority 0
2025-09-13 17:34:08,031 [grpc-default-executor-12] INFO  server.RaftServer$Division (RaftServerImpl.java:requestVote(1455)) - 36d876fb-a458-4393-963b-58eeedb8ba95@group-D5D0288CE997 replies to PRE_VOTE vote request: 13facd30-3950-4310-8b1a-93d004abbbdd<-36d876fb-a458-4393-963b-58eeedb8ba95#0:FAIL-t2-last:(t:2, i:25). Peer's state: 36d876fb-a458-4393-963b-58eeedb8ba95@group-D5D0288CE997:t2, leader=null, voted=36d876fb-a458-4393-963b-58eeedb8ba95, raftlog=Memoized:36d876fb-a458-4393-963b-58eeedb8ba95@group-D5D0288CE997-SegmentedRaftLog:OPENED:c25:last(t:2, i:25), conf=conf: {index: 16, cur=peers:[9e23e878-9bb3-42b5-8b94-e0e229812e65|127.0.0.1:15023, 13facd30-3950-4310-8b1a-93d004abbbdd|127.0.0.1:15031, 36d876fb-a458-4393-963b-58eeedb8ba95|127.0.0.1:15015]|listeners:[], old=null}
2025-09-13 17:34:08,032 [13facd30-3950-4310-8b1a-93d004abbbdd@group-D5D0288CE997-LeaderElection292] INFO  impl.LeaderElection (LeaderElection.java:logAndReturn(206)) - 13facd30-3950-4310-8b1a-93d004abbbdd@group-D5D0288CE997-LeaderElection292: PRE_VOTE REJECTED received 1 response(s) and 0 exception(s):
2025-09-13 17:34:08,032 [13facd30-3950-4310-8b1a-93d004abbbdd@group-D5D0288CE997-LeaderElection292] INFO  impl.LeaderElection (LeaderElection.java:logAndReturn(210)) -   Response 0: 13facd30-3950-4310-8b1a-93d004abbbdd<-36d876fb-a458-4393-963b-58eeedb8ba95#0:FAIL-t2-last:(t:2, i:25)
2025-09-13 17:34:08,032 [13facd30-3950-4310-8b1a-93d004abbbdd@group-D5D0288CE997-LeaderElection292] INFO  impl.LeaderElection (LeaderElection.java:askForVotes(450)) - 13facd30-3950-4310-8b1a-93d004abbbdd@group-D5D0288CE997-LeaderElection292 PRE_VOTE round 0: result REJECTED
2025-09-13 17:34:08,032 [13facd30-3950-4310-8b1a-93d004abbbdd@group-D5D0288CE997-LeaderElection292] INFO  server.RaftServer$Division (RaftServerImpl.java:setRole(392)) - 13facd30-3950-4310-8b1a-93d004abbbdd@group-D5D0288CE997: changes role from CANDIDATE to FOLLOWER at term 2 for REJECTED
2025-09-13 17:34:08,032 [13facd30-3950-4310-8b1a-93d004abbbdd@group-D5D0288CE997-LeaderElection292] INFO  impl.RoleInfo (RoleInfo.java:shutdownLeaderElection(141)) - 13facd30-3950-4310-8b1a-93d004abbbdd: shutdown 13facd30-3950-4310-8b1a-93d004abbbdd@group-D5D0288CE997-LeaderElection292
2025-09-13 17:34:08,032 [13facd30-3950-4310-8b1a-93d004abbbdd@group-D5D0288CE997-LeaderElection292] INFO  impl.RoleInfo (RoleInfo.java:updateAndGet(148)) - 13facd30-3950-4310-8b1a-93d004abbbdd: start 13facd30-3950-4310-8b1a-93d004abbbdd@group-D5D0288CE997-FollowerState
2025-09-13 17:34:08,032 [13facd30-3950-4310-8b1a-93d004abbbdd@group-D5D0288CE997-LeaderElection292] INFO  server.RaftServer$Division (RaftServerImpl.java:setFirstElection(576)) - 13facd30-3950-4310-8b1a-93d004abbbdd@group-D5D0288CE997: set firstElectionSinceStartup to false for REJECTED
2025-09-13 17:34:08,035 [13facd30-3950-4310-8b1a-93d004abbbdd@group-C6159B6E7E4C-FollowerState] INFO  impl.FollowerState (FollowerState.java:runImpl(161)) - 13facd30-3950-4310-8b1a-93d004abbbdd@group-C6159B6E7E4C-FollowerState: change to CANDIDATE, lastRpcElapsedTime:1017218922ns, electionTimeout:1016ms
2025-09-13 17:34:08,035 [13facd30-3950-4310-8b1a-93d004abbbdd@group-C6159B6E7E4C-FollowerState] INFO  impl.RoleInfo (RoleInfo.java:shutdownFollowerState(121)) - 13facd30-3950-4310-8b1a-93d004abbbdd: shutdown 13facd30-3950-4310-8b1a-93d004abbbdd@group-C6159B6E7E4C-FollowerState
2025-09-13 17:34:08,035 [13facd30-3950-4310-8b1a-93d004abbbdd@group-C6159B6E7E4C-FollowerState] INFO  server.RaftServer$Division (RaftServerImpl.java:setRole(392)) - 13facd30-3950-4310-8b1a-93d004abbbdd@group-C6159B6E7E4C: changes role from  FOLLOWER to CANDIDATE at term 2 for changeToCandidate
2025-09-13 17:34:08,035 [13facd30-3950-4310-8b1a-93d004abbbdd@group-C6159B6E7E4C-FollowerState] INFO  impl.RoleInfo (RoleInfo.java:updateAndGet(148)) - 13facd30-3950-4310-8b1a-93d004abbbdd: start 13facd30-3950-4310-8b1a-93d004abbbdd@group-C6159B6E7E4C-LeaderElection293
2025-09-13 17:34:08,035 [13facd30-3950-4310-8b1a-93d004abbbdd@group-C6159B6E7E4C-LeaderElection293] INFO  impl.LeaderElection (LeaderElection.java:askForVotes(448)) - 13facd30-3950-4310-8b1a-93d004abbbdd@group-C6159B6E7E4C-LeaderElection293 PRE_VOTE round 0: submit vote requests at term 2 for conf: {index: 1, cur=peers:[13facd30-3950-4310-8b1a-93d004abbbdd|127.0.0.1:15031]|listeners:[], old=null}
2025-09-13 17:34:08,035 [13facd30-3950-4310-8b1a-93d004abbbdd@group-C6159B6E7E4C-LeaderElection293] INFO  impl.LeaderElection (LeaderElection.java:askForVotes(450)) - 13facd30-3950-4310-8b1a-93d004abbbdd@group-C6159B6E7E4C-LeaderElection293 PRE_VOTE round 0: result PASSED (term=2)
2025-09-13 17:34:08,036 [13facd30-3950-4310-8b1a-93d004abbbdd@group-C6159B6E7E4C-LeaderElection293] INFO  impl.LeaderElection (LeaderElection.java:askForVotes(448)) - 13facd30-3950-4310-8b1a-93d004abbbdd@group-C6159B6E7E4C-LeaderElection293 ELECTION round 0: submit vote requests at term 3 for conf: {index: 1, cur=peers:[13facd30-3950-4310-8b1a-93d004abbbdd|127.0.0.1:15031]|listeners:[], old=null}
2025-09-13 17:34:08,037 [13facd30-3950-4310-8b1a-93d004abbbdd@group-C6159B6E7E4C-LeaderElection293] INFO  impl.LeaderElection (LeaderElection.java:askForVotes(450)) - 13facd30-3950-4310-8b1a-93d004abbbdd@group-C6159B6E7E4C-LeaderElection293 ELECTION round 0: result PASSED (term=3)
2025-09-13 17:34:08,037 [13facd30-3950-4310-8b1a-93d004abbbdd@group-C6159B6E7E4C-LeaderElection293] INFO  impl.RoleInfo (RoleInfo.java:shutdownLeaderElection(141)) - 13facd30-3950-4310-8b1a-93d004abbbdd: shutdown 13facd30-3950-4310-8b1a-93d004abbbdd@group-C6159B6E7E4C-LeaderElection293
2025-09-13 17:34:08,037 [13facd30-3950-4310-8b1a-93d004abbbdd@group-C6159B6E7E4C-LeaderElection293] INFO  server.RaftServer$Division (RaftServerImpl.java:setRole(392)) - 13facd30-3950-4310-8b1a-93d004abbbdd@group-C6159B6E7E4C: changes role from CANDIDATE to LEADER at term 3 for changeToLeader
2025-09-13 17:34:08,037 [13facd30-3950-4310-8b1a-93d004abbbdd@group-C6159B6E7E4C-LeaderElection293] INFO  server.RaftServerConfigKeys (ConfUtils.java:logFallback(69)) - raft.server.staging.timeout = 3600ms (fallback to raft.server.rpc.timeout.max)
2025-09-13 17:34:08,037 [13facd30-3950-4310-8b1a-93d004abbbdd@group-C6159B6E7E4C-LeaderElection293] INFO  server.RaftServerConfigKeys (ConfUtils.java:logGet(62)) - raft.server.write.byte-limit = 1024 M (=1073741824) (custom)
2025-09-13 17:34:08,038 [13facd30-3950-4310-8b1a-93d004abbbdd@group-C6159B6E7E4C-LeaderElection293] INFO  impl.RoleInfo (RoleInfo.java:updateAndGet(148)) - 13facd30-3950-4310-8b1a-93d004abbbdd: start 13facd30-3950-4310-8b1a-93d004abbbdd@group-C6159B6E7E4C-LeaderStateImpl
2025-09-13 17:34:08,038 [13facd30-3950-4310-8b1a-93d004abbbdd@group-C6159B6E7E4C-LeaderElection293] INFO  server.RaftServer$Division (RaftServerImpl.java:setFirstElection(576)) - 13facd30-3950-4310-8b1a-93d004abbbdd@group-C6159B6E7E4C: set firstElectionSinceStartup to false for becomeLeader
2025-09-13 17:34:08,038 [13facd30-3950-4310-8b1a-93d004abbbdd@group-C6159B6E7E4C-LeaderElection293] INFO  ratis.XceiverServerRatis (XceiverServerRatis.java:handleLeaderChangedNotification(932)) - Leader change notification received for group: group-C6159B6E7E4C with new leaderId: 13facd30-3950-4310-8b1a-93d004abbbdd
2025-09-13 17:34:08,038 [13facd30-3950-4310-8b1a-93d004abbbdd@group-C6159B6E7E4C-LeaderElection293] INFO  server.RaftServer$Division (ServerState.java:setLeader(272)) - 13facd30-3950-4310-8b1a-93d004abbbdd@group-C6159B6E7E4C: change Leader from null to 13facd30-3950-4310-8b1a-93d004abbbdd at term 3 for becomeLeader, leader elected after 1717ms
2025-09-13 17:34:08,038 [13facd30-3950-4310-8b1a-93d004abbbdd@group-C6159B6E7E4C-LeaderElection293] INFO  segmented.SegmentedRaftLogWorker (SegmentedRaftLogWorker.java:rollLogSegment(445)) - 13facd30-3950-4310-8b1a-93d004abbbdd@group-C6159B6E7E4C-SegmentedRaftLogWorker: Rolling segment log-1_2 to index:2
2025-09-13 17:34:08,038 [13facd30-3950-4310-8b1a-93d004abbbdd@group-C6159B6E7E4C-LeaderElection293] INFO  server.RaftServer$Division (ServerState.java:setRaftConf(386)) - 13facd30-3950-4310-8b1a-93d004abbbdd@group-C6159B6E7E4C: set configuration conf: {index: 3, cur=peers:[13facd30-3950-4310-8b1a-93d004abbbdd|127.0.0.1:15031]|listeners:[], old=null}
2025-09-13 17:34:08,038 [13facd30-3950-4310-8b1a-93d004abbbdd@group-C6159B6E7E4C-SegmentedRaftLogWorker] INFO  segmented.SegmentedRaftLogWorker (SegmentedRaftLogWorker.java:execute(604)) - 13facd30-3950-4310-8b1a-93d004abbbdd@group-C6159B6E7E4C-SegmentedRaftLogWorker: Rolled log segment from /home/runner/work/ozone/ozone/hadoop-ozone/integration-test/target/test-dir/MiniOzoneClusterImpl-1331a795-ed08-415d-924a-7661a5cf51a5/ozone-metadata/datanode-3/ratis/f7fa2a76-8c89-4e33-b3f9-c6159b6e7e4c/current/log_inprogress_1 to /home/runner/work/ozone/ozone/hadoop-ozone/integration-test/target/test-dir/MiniOzoneClusterImpl-1331a795-ed08-415d-924a-7661a5cf51a5/ozone-metadata/datanode-3/ratis/f7fa2a76-8c89-4e33-b3f9-c6159b6e7e4c/current/log_1-2
2025-09-13 17:34:08,039 [13facd30-3950-4310-8b1a-93d004abbbdd@group-C6159B6E7E4C-SegmentedRaftLogWorker] INFO  segmented.BufferedWriteChannel (BufferedWriteChannel.java:open(61)) - open log_inprogress_3 at position 0
2025-09-13 17:34:08,045 [13facd30-3950-4310-8b1a-93d004abbbdd@group-C6159B6E7E4C-SegmentedRaftLogWorker] INFO  segmented.SegmentedRaftLogWorker (SegmentedRaftLogWorker.java:execute(647)) - 13facd30-3950-4310-8b1a-93d004abbbdd@group-C6159B6E7E4C-SegmentedRaftLogWorker: created new log segment /home/runner/work/ozone/ozone/hadoop-ozone/integration-test/target/test-dir/MiniOzoneClusterImpl-1331a795-ed08-415d-924a-7661a5cf51a5/ozone-metadata/datanode-3/ratis/f7fa2a76-8c89-4e33-b3f9-c6159b6e7e4c/current/log_inprogress_3
2025-09-13 17:34:08,047 [13facd30-3950-4310-8b1a-93d004abbbdd@group-C6159B6E7E4C-StateMachineUpdater] INFO  server.RaftServer$Division (LeaderStateImpl.java:checkStartIndex(309)) - Leader 13facd30-3950-4310-8b1a-93d004abbbdd@group-C6159B6E7E4C-LeaderStateImpl is ready since appliedIndex == startIndex == 3
2025-09-13 17:34:08,056 [2f036b56-942d-42f4-908f-5b0be9aff918@group-3DEBD952707A-FollowerState] INFO  impl.FollowerState (FollowerState.java:runImpl(161)) - 2f036b56-942d-42f4-908f-5b0be9aff918@group-3DEBD952707A-FollowerState: change to CANDIDATE, lastRpcElapsedTime:1344595261ns, electionTimeout:1186ms
2025-09-13 17:34:08,056 [2f036b56-942d-42f4-908f-5b0be9aff918@group-3DEBD952707A-FollowerState] INFO  impl.RoleInfo (RoleInfo.java:shutdownFollowerState(121)) - 2f036b56-942d-42f4-908f-5b0be9aff918: shutdown 2f036b56-942d-42f4-908f-5b0be9aff918@group-3DEBD952707A-FollowerState
2025-09-13 17:34:08,056 [2f036b56-942d-42f4-908f-5b0be9aff918@group-3DEBD952707A-FollowerState] INFO  server.RaftServer$Division (RaftServerImpl.java:setRole(392)) - 2f036b56-942d-42f4-908f-5b0be9aff918@group-3DEBD952707A: changes role from  FOLLOWER to CANDIDATE at term 1 for changeToCandidate
2025-09-13 17:34:08,056 [2f036b56-942d-42f4-908f-5b0be9aff918@group-3DEBD952707A-FollowerState] INFO  impl.RoleInfo (RoleInfo.java:updateAndGet(148)) - 2f036b56-942d-42f4-908f-5b0be9aff918: start 2f036b56-942d-42f4-908f-5b0be9aff918@group-3DEBD952707A-LeaderElection294
2025-09-13 17:34:08,056 [2f036b56-942d-42f4-908f-5b0be9aff918@group-3DEBD952707A-LeaderElection294] INFO  server.RaftServer$Division (ServerState.java:setLeader(272)) - 2f036b56-942d-42f4-908f-5b0be9aff918@group-3DEBD952707A: change Leader from 3dbe4e49-25e9-43f5-94e0-3ca31f2aaaf2 to null at term 1 for PRE_VOTE
2025-09-13 17:34:08,056 [2f036b56-942d-42f4-908f-5b0be9aff918@group-3DEBD952707A-LeaderElection294] INFO  impl.LeaderElection (LeaderElection.java:askForVotes(448)) - 2f036b56-942d-42f4-908f-5b0be9aff918@group-3DEBD952707A-LeaderElection294 PRE_VOTE round 0: submit vote requests at term 1 for conf: {index: 0, cur=peers:[3dbe4e49-25e9-43f5-94e0-3ca31f2aaaf2|127.0.0.1:15063, 9b620cf5-1dd4-4083-97bd-ff44c8fea23e|127.0.0.1:15071, 2f036b56-942d-42f4-908f-5b0be9aff918|127.0.0.1:15079]|listeners:[], old=null}
2025-09-13 17:34:08,057 [grpc-default-executor-11] INFO  server.RaftServer$Division (RaftServerImpl.java:requestVote(1421)) - 9b620cf5-1dd4-4083-97bd-ff44c8fea23e@group-3DEBD952707A: receive requestVote(PRE_VOTE, 2f036b56-942d-42f4-908f-5b0be9aff918, group-3DEBD952707A, 1, (t:1, i:0))
2025-09-13 17:34:08,057 [grpc-default-executor-11] INFO  impl.VoteContext (VoteContext.java:log(49)) - 9b620cf5-1dd4-4083-97bd-ff44c8fea23e@group-3DEBD952707A-FOLLOWER: accept PRE_VOTE from 2f036b56-942d-42f4-908f-5b0be9aff918: our priority 0 <= candidate's priority 0
2025-09-13 17:34:08,057 [2f036b56-942d-42f4-908f-5b0be9aff918@group-3DEBD952707A-LeaderElection294] INFO  impl.LeaderElection (LogUtils.java:infoOrTrace(142)) - 2f036b56-942d-42f4-908f-5b0be9aff918@group-3DEBD952707A-LeaderElection294 got exception when requesting votes: java.util.concurrent.ExecutionException: org.apache.ratis.thirdparty.io.grpc.StatusRuntimeException: UNAVAILABLE: io exception
2025-09-13 17:34:08,058 [grpc-default-executor-11] INFO  server.RaftServer$Division (RaftServerImpl.java:requestVote(1455)) - 9b620cf5-1dd4-4083-97bd-ff44c8fea23e@group-3DEBD952707A replies to PRE_VOTE vote request: 2f036b56-942d-42f4-908f-5b0be9aff918<-9b620cf5-1dd4-4083-97bd-ff44c8fea23e#0:OK-t1-last:(t:1, i:0). Peer's state: 9b620cf5-1dd4-4083-97bd-ff44c8fea23e@group-3DEBD952707A:t1, leader=3dbe4e49-25e9-43f5-94e0-3ca31f2aaaf2, voted=3dbe4e49-25e9-43f5-94e0-3ca31f2aaaf2, raftlog=Memoized:9b620cf5-1dd4-4083-97bd-ff44c8fea23e@group-3DEBD952707A-SegmentedRaftLog:OPENED:c0:last(t:1, i:0), conf=conf: {index: 0, cur=peers:[3dbe4e49-25e9-43f5-94e0-3ca31f2aaaf2|127.0.0.1:15063, 9b620cf5-1dd4-4083-97bd-ff44c8fea23e|127.0.0.1:15071, 2f036b56-942d-42f4-908f-5b0be9aff918|127.0.0.1:15079]|listeners:[], old=null}
2025-09-13 17:34:08,058 [2f036b56-942d-42f4-908f-5b0be9aff918@group-3DEBD952707A-LeaderElection294] INFO  impl.LeaderElection (LeaderElection.java:logAndReturn(206)) - 2f036b56-942d-42f4-908f-5b0be9aff918@group-3DEBD952707A-LeaderElection294: PRE_VOTE PASSED received 1 response(s) and 1 exception(s):
2025-09-13 17:34:08,058 [2f036b56-942d-42f4-908f-5b0be9aff918@group-3DEBD952707A-LeaderElection294] INFO  impl.LeaderElection (LeaderElection.java:logAndReturn(210)) -   Response 0: 2f036b56-942d-42f4-908f-5b0be9aff918<-9b620cf5-1dd4-4083-97bd-ff44c8fea23e#0:OK-t1-last:(t:1, i:0)
2025-09-13 17:34:08,058 [2f036b56-942d-42f4-908f-5b0be9aff918@group-3DEBD952707A-LeaderElection294] INFO  impl.LeaderElection (LogUtils.java:infoOrTrace(142)) -   Exception 1: java.util.concurrent.ExecutionException: org.apache.ratis.thirdparty.io.grpc.StatusRuntimeException: UNAVAILABLE: io exception
2025-09-13 17:34:08,058 [2f036b56-942d-42f4-908f-5b0be9aff918@group-3DEBD952707A-LeaderElection294] INFO  impl.LeaderElection (LeaderElection.java:askForVotes(450)) - 2f036b56-942d-42f4-908f-5b0be9aff918@group-3DEBD952707A-LeaderElection294 PRE_VOTE round 0: result PASSED
2025-09-13 17:34:08,059 [2f036b56-942d-42f4-908f-5b0be9aff918@group-3DEBD952707A-LeaderElection294] INFO  impl.LeaderElection (LeaderElection.java:askForVotes(448)) - 2f036b56-942d-42f4-908f-5b0be9aff918@group-3DEBD952707A-LeaderElection294 ELECTION round 0: submit vote requests at term 2 for conf: {index: 0, cur=peers:[3dbe4e49-25e9-43f5-94e0-3ca31f2aaaf2|127.0.0.1:15063, 9b620cf5-1dd4-4083-97bd-ff44c8fea23e|127.0.0.1:15071, 2f036b56-942d-42f4-908f-5b0be9aff918|127.0.0.1:15079]|listeners:[], old=null}
2025-09-13 17:34:08,060 [2f036b56-942d-42f4-908f-5b0be9aff918@group-3DEBD952707A-LeaderElection294] INFO  impl.LeaderElection (LogUtils.java:infoOrTrace(142)) - 2f036b56-942d-42f4-908f-5b0be9aff918@group-3DEBD952707A-LeaderElection294 got exception when requesting votes: java.util.concurrent.ExecutionException: org.apache.ratis.thirdparty.io.grpc.StatusRuntimeException: UNAVAILABLE: io exception
2025-09-13 17:34:08,060 [grpc-default-executor-11] INFO  server.RaftServer$Division (RaftServerImpl.java:requestVote(1421)) - 9b620cf5-1dd4-4083-97bd-ff44c8fea23e@group-3DEBD952707A: receive requestVote(ELECTION, 2f036b56-942d-42f4-908f-5b0be9aff918, group-3DEBD952707A, 2, (t:1, i:0))
2025-09-13 17:34:08,060 [grpc-default-executor-11] INFO  impl.VoteContext (VoteContext.java:log(49)) - 9b620cf5-1dd4-4083-97bd-ff44c8fea23e@group-3DEBD952707A-FOLLOWER: accept ELECTION from 2f036b56-942d-42f4-908f-5b0be9aff918: our priority 0 <= candidate's priority 0
2025-09-13 17:34:08,060 [grpc-default-executor-11] INFO  server.RaftServer$Division (RaftServerImpl.java:setRole(392)) - 9b620cf5-1dd4-4083-97bd-ff44c8fea23e@group-3DEBD952707A: changes role from  FOLLOWER to FOLLOWER at term 1 for candidate:2f036b56-942d-42f4-908f-5b0be9aff918
2025-09-13 17:34:08,060 [grpc-default-executor-11] INFO  impl.RoleInfo (RoleInfo.java:shutdownFollowerState(121)) - 9b620cf5-1dd4-4083-97bd-ff44c8fea23e: shutdown 9b620cf5-1dd4-4083-97bd-ff44c8fea23e@group-3DEBD952707A-FollowerState
2025-09-13 17:34:08,060 [grpc-default-executor-11] INFO  server.RaftServer$Division (ServerState.java:setLeader(272)) - 9b620cf5-1dd4-4083-97bd-ff44c8fea23e@group-3DEBD952707A: change Leader from 3dbe4e49-25e9-43f5-94e0-3ca31f2aaaf2 to null at term 2 for updateCurrentTerm
2025-09-13 17:34:08,060 [9b620cf5-1dd4-4083-97bd-ff44c8fea23e@group-3DEBD952707A-FollowerState] INFO  impl.FollowerState (FollowerState.java:runImpl(170)) - 9b620cf5-1dd4-4083-97bd-ff44c8fea23e@group-3DEBD952707A-FollowerState was interrupted
2025-09-13 17:34:08,060 [grpc-default-executor-11] INFO  impl.RoleInfo (RoleInfo.java:updateAndGet(148)) - 9b620cf5-1dd4-4083-97bd-ff44c8fea23e: start 9b620cf5-1dd4-4083-97bd-ff44c8fea23e@group-3DEBD952707A-FollowerState
2025-09-13 17:34:08,061 [grpc-default-executor-11] INFO  server.RaftServer$Division (RaftServerImpl.java:requestVote(1455)) - 9b620cf5-1dd4-4083-97bd-ff44c8fea23e@group-3DEBD952707A replies to ELECTION vote request: 2f036b56-942d-42f4-908f-5b0be9aff918<-9b620cf5-1dd4-4083-97bd-ff44c8fea23e#0:OK-t2-last:(t:1, i:0). Peer's state: 9b620cf5-1dd4-4083-97bd-ff44c8fea23e@group-3DEBD952707A:t2, leader=null, voted=2f036b56-942d-42f4-908f-5b0be9aff918, raftlog=Memoized:9b620cf5-1dd4-4083-97bd-ff44c8fea23e@group-3DEBD952707A-SegmentedRaftLog:OPENED:c0:last(t:1, i:0), conf=conf: {index: 0, cur=peers:[3dbe4e49-25e9-43f5-94e0-3ca31f2aaaf2|127.0.0.1:15063, 9b620cf5-1dd4-4083-97bd-ff44c8fea23e|127.0.0.1:15071, 2f036b56-942d-42f4-908f-5b0be9aff918|127.0.0.1:15079]|listeners:[], old=null}
2025-09-13 17:34:08,062 [2f036b56-942d-42f4-908f-5b0be9aff918@group-3DEBD952707A-LeaderElection294] INFO  impl.LeaderElection (LeaderElection.java:logAndReturn(206)) - 2f036b56-942d-42f4-908f-5b0be9aff918@group-3DEBD952707A-LeaderElection294: ELECTION PASSED received 1 response(s) and 1 exception(s):
2025-09-13 17:34:08,062 [2f036b56-942d-42f4-908f-5b0be9aff918@group-3DEBD952707A-LeaderElection294] INFO  impl.LeaderElection (LeaderElection.java:logAndReturn(210)) -   Response 0: 2f036b56-942d-42f4-908f-5b0be9aff918<-9b620cf5-1dd4-4083-97bd-ff44c8fea23e#0:OK-t2-last:(t:1, i:0)
2025-09-13 17:34:08,062 [2f036b56-942d-42f4-908f-5b0be9aff918@group-3DEBD952707A-LeaderElection294] INFO  impl.LeaderElection (LogUtils.java:infoOrTrace(142)) -   Exception 1: java.util.concurrent.ExecutionException: org.apache.ratis.thirdparty.io.grpc.StatusRuntimeException: UNAVAILABLE: io exception
2025-09-13 17:34:08,062 [2f036b56-942d-42f4-908f-5b0be9aff918@group-3DEBD952707A-LeaderElection294] INFO  impl.LeaderElection (LeaderElection.java:askForVotes(450)) - 2f036b56-942d-42f4-908f-5b0be9aff918@group-3DEBD952707A-LeaderElection294 ELECTION round 0: result PASSED
2025-09-13 17:34:08,062 [2f036b56-942d-42f4-908f-5b0be9aff918@group-3DEBD952707A-LeaderElection294] INFO  impl.RoleInfo (RoleInfo.java:shutdownLeaderElection(141)) - 2f036b56-942d-42f4-908f-5b0be9aff918: shutdown 2f036b56-942d-42f4-908f-5b0be9aff918@group-3DEBD952707A-LeaderElection294
2025-09-13 17:34:08,062 [2f036b56-942d-42f4-908f-5b0be9aff918@group-3DEBD952707A-LeaderElection294] INFO  server.RaftServer$Division (RaftServerImpl.java:setRole(392)) - 2f036b56-942d-42f4-908f-5b0be9aff918@group-3DEBD952707A: changes role from CANDIDATE to LEADER at term 2 for changeToLeader
2025-09-13 17:34:08,062 [2f036b56-942d-42f4-908f-5b0be9aff918@group-3DEBD952707A-LeaderElection294] INFO  server.RaftServerConfigKeys (ConfUtils.java:logFallback(69)) - raft.server.staging.timeout = 3600ms (fallback to raft.server.rpc.timeout.max)
2025-09-13 17:34:08,062 [2f036b56-942d-42f4-908f-5b0be9aff918@group-3DEBD952707A-LeaderElection294] INFO  server.RaftServerConfigKeys (ConfUtils.java:logGet(62)) - raft.server.write.byte-limit = 1024 M (=1073741824) (custom)
2025-09-13 17:34:08,064 [2f036b56-942d-42f4-908f-5b0be9aff918@group-3DEBD952707A-LeaderElection294] INFO  server.RaftServerConfigKeys (ConfUtils.java:logGet(62)) - raft.server.log.appender.buffer.byte-limit = 33554432 (custom)
2025-09-13 17:34:08,065 [2f036b56-942d-42f4-908f-5b0be9aff918@group-3DEBD952707A-LeaderElection294] INFO  server.RaftServerConfigKeys (ConfUtils.java:logGet(62)) - raft.server.log.appender.buffer.byte-limit = 33554432 (custom)
2025-09-13 17:34:08,065 [2f036b56-942d-42f4-908f-5b0be9aff918@group-3DEBD952707A-LeaderElection294] INFO  impl.RoleInfo (RoleInfo.java:updateAndGet(148)) - 2f036b56-942d-42f4-908f-5b0be9aff918: start 2f036b56-942d-42f4-908f-5b0be9aff918@group-3DEBD952707A-LeaderStateImpl
2025-09-13 17:34:08,065 [2f036b56-942d-42f4-908f-5b0be9aff918@group-3DEBD952707A-LeaderElection294] INFO  ratis.XceiverServerRatis (XceiverServerRatis.java:handleLeaderChangedNotification(932)) - Leader change notification received for group: group-3DEBD952707A with new leaderId: 2f036b56-942d-42f4-908f-5b0be9aff918
2025-09-13 17:34:08,065 [2f036b56-942d-42f4-908f-5b0be9aff918@group-3DEBD952707A-LeaderElection294] INFO  server.RaftServer$Division (ServerState.java:setLeader(272)) - 2f036b56-942d-42f4-908f-5b0be9aff918@group-3DEBD952707A: change Leader from null to 2f036b56-942d-42f4-908f-5b0be9aff918 at term 2 for becomeLeader, leader elected after 8ms
2025-09-13 17:34:08,065 [2f036b56-942d-42f4-908f-5b0be9aff918@group-3DEBD952707A-LeaderElection294] INFO  segmented.SegmentedRaftLogWorker (SegmentedRaftLogWorker.java:rollLogSegment(445)) - 2f036b56-942d-42f4-908f-5b0be9aff918@group-3DEBD952707A-SegmentedRaftLogWorker: Rolling segment log-0_0 to index:0
2025-09-13 17:34:08,066 [2f036b56-942d-42f4-908f-5b0be9aff918@group-3DEBD952707A-LeaderElection294] INFO  server.RaftServer$Division (ServerState.java:setRaftConf(386)) - 2f036b56-942d-42f4-908f-5b0be9aff918@group-3DEBD952707A: set configuration conf: {index: 1, cur=peers:[3dbe4e49-25e9-43f5-94e0-3ca31f2aaaf2|127.0.0.1:15063, 9b620cf5-1dd4-4083-97bd-ff44c8fea23e|127.0.0.1:15071, 2f036b56-942d-42f4-908f-5b0be9aff918|127.0.0.1:15079]|listeners:[], old=null}
2025-09-13 17:34:08,067 [grpc-default-executor-11] WARN  server.GrpcLogAppender (LogUtils.java:warn(127)) - 2f036b56-942d-42f4-908f-5b0be9aff918@group-3DEBD952707A->3dbe4e49-25e9-43f5-94e0-3ca31f2aaaf2-AppendLogResponseHandler: Failed appendEntries: org.apache.ratis.thirdparty.io.grpc.StatusRuntimeException: UNAVAILABLE: io exception
  Caused by: org.apache.ratis.thirdparty.io.netty.channel.AbstractChannel$AnnotatedConnectException: finishConnect(..) failed: Connection refused: /127.0.0.1:15063
  Caused by: java.net.ConnectException: finishConnect(..) failed: Connection refused
2025-09-13 17:34:08,067 [grpc-default-executor-11] WARN  server.GrpcLogAppender (GrpcLogAppender.java:lambda$resetClient$1(228)) - 2f036b56-942d-42f4-908f-5b0be9aff918@group-3DEBD952707A->3dbe4e49-25e9-43f5-94e0-3ca31f2aaaf2-GrpcLogAppender: Follower failed (request=null, errorCount=1); keep nextIndex (1) unchanged and retry.
2025-09-13 17:34:08,068 [2f036b56-942d-42f4-908f-5b0be9aff918@group-3DEBD952707A-SegmentedRaftLogWorker] INFO  segmented.SegmentedRaftLogWorker (SegmentedRaftLogWorker.java:execute(604)) - 2f036b56-942d-42f4-908f-5b0be9aff918@group-3DEBD952707A-SegmentedRaftLogWorker: Rolled log segment from /home/runner/work/ozone/ozone/hadoop-ozone/integration-test/target/test-dir/MiniOzoneClusterImpl-1331a795-ed08-415d-924a-7661a5cf51a5/ozone-metadata/datanode-9/ratis/0ca82692-2fba-4cdd-8f6b-3debd952707a/current/log_inprogress_0 to /home/runner/work/ozone/ozone/hadoop-ozone/integration-test/target/test-dir/MiniOzoneClusterImpl-1331a795-ed08-415d-924a-7661a5cf51a5/ozone-metadata/datanode-9/ratis/0ca82692-2fba-4cdd-8f6b-3debd952707a/current/log_0-0
2025-09-13 17:34:08,068 [2f036b56-942d-42f4-908f-5b0be9aff918@group-3DEBD952707A-SegmentedRaftLogWorker] INFO  segmented.BufferedWriteChannel (BufferedWriteChannel.java:open(61)) - open log_inprogress_1 at position 0
2025-09-13 17:34:08,069 [grpc-default-executor-9] WARN  server.GrpcLogAppender (GrpcLogAppender.java:lambda$resetClient$1(228)) - 2f036b56-942d-42f4-908f-5b0be9aff918@group-3DEBD952707A->3dbe4e49-25e9-43f5-94e0-3ca31f2aaaf2-GrpcLogAppender: Follower failed (request=null, errorCount=3); keep nextIndex (2) unchanged and retry.
2025-09-13 17:34:08,069 [grpc-default-executor-11] INFO  ratis.XceiverServerRatis (XceiverServerRatis.java:handleLeaderChangedNotification(932)) - Leader change notification received for group: group-3DEBD952707A with new leaderId: 2f036b56-942d-42f4-908f-5b0be9aff918
2025-09-13 17:34:08,070 [grpc-default-executor-11] INFO  server.RaftServer$Division (ServerState.java:setLeader(272)) - 9b620cf5-1dd4-4083-97bd-ff44c8fea23e@group-3DEBD952707A: change Leader from null to 2f036b56-942d-42f4-908f-5b0be9aff918 at term 2 for appendEntries, leader elected after 9ms
2025-09-13 17:34:08,071 [grpc-default-executor-3] INFO  server.RaftServer$Division (ServerState.java:setRaftConf(386)) - 9b620cf5-1dd4-4083-97bd-ff44c8fea23e@group-3DEBD952707A: set configuration conf: {index: 1, cur=peers:[3dbe4e49-25e9-43f5-94e0-3ca31f2aaaf2|127.0.0.1:15063, 9b620cf5-1dd4-4083-97bd-ff44c8fea23e|127.0.0.1:15071, 2f036b56-942d-42f4-908f-5b0be9aff918|127.0.0.1:15079]|listeners:[], old=null}
2025-09-13 17:34:08,071 [grpc-default-executor-3] INFO  segmented.SegmentedRaftLogWorker (SegmentedRaftLogWorker.java:rollLogSegment(445)) - 9b620cf5-1dd4-4083-97bd-ff44c8fea23e@group-3DEBD952707A-SegmentedRaftLogWorker: Rolling segment log-0_0 to index:0
2025-09-13 17:34:08,073 [9b620cf5-1dd4-4083-97bd-ff44c8fea23e@group-3DEBD952707A-SegmentedRaftLogWorker] INFO  segmented.SegmentedRaftLogWorker (SegmentedRaftLogWorker.java:execute(604)) - 9b620cf5-1dd4-4083-97bd-ff44c8fea23e@group-3DEBD952707A-SegmentedRaftLogWorker: Rolled log segment from /home/runner/work/ozone/ozone/hadoop-ozone/integration-test/target/test-dir/MiniOzoneClusterImpl-1331a795-ed08-415d-924a-7661a5cf51a5/ozone-metadata/datanode-8/ratis/0ca82692-2fba-4cdd-8f6b-3debd952707a/current/log_inprogress_0 to /home/runner/work/ozone/ozone/hadoop-ozone/integration-test/target/test-dir/MiniOzoneClusterImpl-1331a795-ed08-415d-924a-7661a5cf51a5/ozone-metadata/datanode-8/ratis/0ca82692-2fba-4cdd-8f6b-3debd952707a/current/log_0-0
2025-09-13 17:34:08,073 [9b620cf5-1dd4-4083-97bd-ff44c8fea23e@group-3DEBD952707A-SegmentedRaftLogWorker] INFO  segmented.BufferedWriteChannel (BufferedWriteChannel.java:open(61)) - open log_inprogress_1 at position 0
2025-09-13 17:34:08,079 [2f036b56-942d-42f4-908f-5b0be9aff918@group-3DEBD952707A-SegmentedRaftLogWorker] INFO  segmented.SegmentedRaftLogWorker (SegmentedRaftLogWorker.java:execute(647)) - 2f036b56-942d-42f4-908f-5b0be9aff918@group-3DEBD952707A-SegmentedRaftLogWorker: created new log segment /home/runner/work/ozone/ozone/hadoop-ozone/integration-test/target/test-dir/MiniOzoneClusterImpl-1331a795-ed08-415d-924a-7661a5cf51a5/ozone-metadata/datanode-9/ratis/0ca82692-2fba-4cdd-8f6b-3debd952707a/current/log_inprogress_1
2025-09-13 17:34:08,080 [9b620cf5-1dd4-4083-97bd-ff44c8fea23e@group-3DEBD952707A-SegmentedRaftLogWorker] INFO  segmented.SegmentedRaftLogWorker (SegmentedRaftLogWorker.java:execute(647)) - 9b620cf5-1dd4-4083-97bd-ff44c8fea23e@group-3DEBD952707A-SegmentedRaftLogWorker: created new log segment /home/runner/work/ozone/ozone/hadoop-ozone/integration-test/target/test-dir/MiniOzoneClusterImpl-1331a795-ed08-415d-924a-7661a5cf51a5/ozone-metadata/datanode-8/ratis/0ca82692-2fba-4cdd-8f6b-3debd952707a/current/log_inprogress_1
2025-09-13 17:34:08,081 [grpc-default-executor-3] WARN  server.GrpcLogAppender (GrpcLogAppender.java:lambda$resetClient$1(228)) - 2f036b56-942d-42f4-908f-5b0be9aff918@group-3DEBD952707A->3dbe4e49-25e9-43f5-94e0-3ca31f2aaaf2-GrpcLogAppender: Follower failed (request=null, errorCount=5); keep nextIndex (3) unchanged and retry.
2025-09-13 17:34:08,082 [2f036b56-942d-42f4-908f-5b0be9aff918@group-3DEBD952707A-StateMachineUpdater] INFO  server.RaftServer$Division (LeaderStateImpl.java:checkStartIndex(309)) - Leader 2f036b56-942d-42f4-908f-5b0be9aff918@group-3DEBD952707A-LeaderStateImpl is ready since appliedIndex == startIndex == 1
2025-09-13 17:34:08,086 [13facd30-3950-4310-8b1a-93d004abbbdd@group-CF05563D4821-FollowerState] INFO  impl.FollowerState (FollowerState.java:runImpl(161)) - 13facd30-3950-4310-8b1a-93d004abbbdd@group-CF05563D4821-FollowerState: change to CANDIDATE, lastRpcElapsedTime:1068485617ns, electionTimeout:1068ms
2025-09-13 17:34:08,086 [13facd30-3950-4310-8b1a-93d004abbbdd@group-CF05563D4821-FollowerState] INFO  impl.RoleInfo (RoleInfo.java:shutdownFollowerState(121)) - 13facd30-3950-4310-8b1a-93d004abbbdd: shutdown 13facd30-3950-4310-8b1a-93d004abbbdd@group-CF05563D4821-FollowerState
2025-09-13 17:34:08,087 [13facd30-3950-4310-8b1a-93d004abbbdd@group-CF05563D4821-FollowerState] INFO  server.RaftServer$Division (RaftServerImpl.java:setRole(392)) - 13facd30-3950-4310-8b1a-93d004abbbdd@group-CF05563D4821: changes role from  FOLLOWER to CANDIDATE at term 4 for changeToCandidate
2025-09-13 17:34:08,087 [13facd30-3950-4310-8b1a-93d004abbbdd@group-CF05563D4821-FollowerState] INFO  impl.RoleInfo (RoleInfo.java:updateAndGet(148)) - 13facd30-3950-4310-8b1a-93d004abbbdd: start 13facd30-3950-4310-8b1a-93d004abbbdd@group-CF05563D4821-LeaderElection295
2025-09-13 17:34:08,087 [13facd30-3950-4310-8b1a-93d004abbbdd@group-CF05563D4821-LeaderElection295] INFO  impl.LeaderElection (LeaderElection.java:askForVotes(448)) - 13facd30-3950-4310-8b1a-93d004abbbdd@group-CF05563D4821-LeaderElection295 PRE_VOTE round 0: submit vote requests at term 4 for conf: {index: 5, cur=peers:[9e23e878-9bb3-42b5-8b94-e0e229812e65|127.0.0.1:15023, 13facd30-3950-4310-8b1a-93d004abbbdd|127.0.0.1:15031, 36d876fb-a458-4393-963b-58eeedb8ba95|127.0.0.1:15015]|listeners:[], old=null}
2025-09-13 17:34:08,088 [grpc-default-executor-9] INFO  server.RaftServer$Division (RaftServerImpl.java:requestVote(1421)) - 9e23e878-9bb3-42b5-8b94-e0e229812e65@group-CF05563D4821: receive requestVote(PRE_VOTE, 13facd30-3950-4310-8b1a-93d004abbbdd, group-CF05563D4821, 4, (t:4, i:6))
2025-09-13 17:34:08,088 [grpc-default-executor-11] INFO  server.RaftServer$Division (RaftServerImpl.java:requestVote(1421)) - 36d876fb-a458-4393-963b-58eeedb8ba95@group-CF05563D4821: receive requestVote(PRE_VOTE, 13facd30-3950-4310-8b1a-93d004abbbdd, group-CF05563D4821, 4, (t:4, i:6))
2025-09-13 17:34:08,088 [grpc-default-executor-9] INFO  impl.VoteContext (VoteContext.java:log(49)) - 9e23e878-9bb3-42b5-8b94-e0e229812e65@group-CF05563D4821-FOLLOWER: reject PRE_VOTE from 13facd30-3950-4310-8b1a-93d004abbbdd: our last entry (t:5, i:8) > candidate's last entry (t:4, i:6)
2025-09-13 17:34:08,088 [grpc-default-executor-11] INFO  impl.VoteContext (VoteContext.java:log(49)) - 36d876fb-a458-4393-963b-58eeedb8ba95@group-CF05563D4821-FOLLOWER: reject PRE_VOTE from 13facd30-3950-4310-8b1a-93d004abbbdd: our last entry (t:5, i:8) > candidate's last entry (t:4, i:6)
2025-09-13 17:34:08,088 [grpc-default-executor-9] INFO  server.RaftServer$Division (RaftServerImpl.java:requestVote(1455)) - 9e23e878-9bb3-42b5-8b94-e0e229812e65@group-CF05563D4821 replies to PRE_VOTE vote request: 13facd30-3950-4310-8b1a-93d004abbbdd<-9e23e878-9bb3-42b5-8b94-e0e229812e65#0:FAIL-t5-last:(t:5, i:8). Peer's state: 9e23e878-9bb3-42b5-8b94-e0e229812e65@group-CF05563D4821:t5, leader=null, voted=36d876fb-a458-4393-963b-58eeedb8ba95, raftlog=Memoized:9e23e878-9bb3-42b5-8b94-e0e229812e65@group-CF05563D4821-SegmentedRaftLog:OPENED:c8:last(t:5, i:8), conf=conf: {index: 7, cur=peers:[9e23e878-9bb3-42b5-8b94-e0e229812e65|127.0.0.1:15023, 13facd30-3950-4310-8b1a-93d004abbbdd|127.0.0.1:15031, 36d876fb-a458-4393-963b-58eeedb8ba95|127.0.0.1:15015]|listeners:[], old=null}
2025-09-13 17:34:08,088 [grpc-default-executor-11] INFO  server.RaftServer$Division (RaftServerImpl.java:requestVote(1455)) - 36d876fb-a458-4393-963b-58eeedb8ba95@group-CF05563D4821 replies to PRE_VOTE vote request: 13facd30-3950-4310-8b1a-93d004abbbdd<-36d876fb-a458-4393-963b-58eeedb8ba95#0:FAIL-t5-last:(t:5, i:8). Peer's state: 36d876fb-a458-4393-963b-58eeedb8ba95@group-CF05563D4821:t5, leader=null, voted=36d876fb-a458-4393-963b-58eeedb8ba95, raftlog=Memoized:36d876fb-a458-4393-963b-58eeedb8ba95@group-CF05563D4821-SegmentedRaftLog:OPENED:c8:last(t:5, i:8), conf=conf: {index: 7, cur=peers:[9e23e878-9bb3-42b5-8b94-e0e229812e65|127.0.0.1:15023, 13facd30-3950-4310-8b1a-93d004abbbdd|127.0.0.1:15031, 36d876fb-a458-4393-963b-58eeedb8ba95|127.0.0.1:15015]|listeners:[], old=null}
2025-09-13 17:34:08,088 [13facd30-3950-4310-8b1a-93d004abbbdd@group-CF05563D4821-LeaderElection295] INFO  impl.LeaderElection (LeaderElection.java:logAndReturn(206)) - 13facd30-3950-4310-8b1a-93d004abbbdd@group-CF05563D4821-LeaderElection295: PRE_VOTE DISCOVERED_A_NEW_TERM (term=5) received 1 response(s) and 0 exception(s):
2025-09-13 17:34:08,088 [13facd30-3950-4310-8b1a-93d004abbbdd@group-CF05563D4821-LeaderElection295] INFO  impl.LeaderElection (LeaderElection.java:logAndReturn(210)) -   Response 0: 13facd30-3950-4310-8b1a-93d004abbbdd<-36d876fb-a458-4393-963b-58eeedb8ba95#0:FAIL-t5-last:(t:5, i:8)
2025-09-13 17:34:08,089 [13facd30-3950-4310-8b1a-93d004abbbdd@group-CF05563D4821-LeaderElection295] INFO  impl.LeaderElection (LeaderElection.java:askForVotes(450)) - 13facd30-3950-4310-8b1a-93d004abbbdd@group-CF05563D4821-LeaderElection295 PRE_VOTE round 0: result DISCOVERED_A_NEW_TERM (term=5)
2025-09-13 17:34:08,089 [13facd30-3950-4310-8b1a-93d004abbbdd@group-CF05563D4821-LeaderElection295] INFO  server.RaftServer$Division (RaftServerImpl.java:setRole(392)) - 13facd30-3950-4310-8b1a-93d004abbbdd@group-CF05563D4821: changes role from CANDIDATE to FOLLOWER at term 4 for DISCOVERED_A_NEW_TERM (term=5)
2025-09-13 17:34:08,089 [13facd30-3950-4310-8b1a-93d004abbbdd@group-CF05563D4821-LeaderElection295] INFO  impl.RoleInfo (RoleInfo.java:shutdownLeaderElection(141)) - 13facd30-3950-4310-8b1a-93d004abbbdd: shutdown 13facd30-3950-4310-8b1a-93d004abbbdd@group-CF05563D4821-LeaderElection295
2025-09-13 17:34:08,089 [13facd30-3950-4310-8b1a-93d004abbbdd@group-CF05563D4821-LeaderElection295] INFO  impl.RoleInfo (RoleInfo.java:updateAndGet(148)) - 13facd30-3950-4310-8b1a-93d004abbbdd: start 13facd30-3950-4310-8b1a-93d004abbbdd@group-CF05563D4821-FollowerState
2025-09-13 17:34:08,089 [13facd30-3950-4310-8b1a-93d004abbbdd@group-CF05563D4821-LeaderElection295] INFO  server.RaftServer$Division (RaftServerImpl.java:setFirstElection(576)) - 13facd30-3950-4310-8b1a-93d004abbbdd@group-CF05563D4821: set firstElectionSinceStartup to false for DISCOVERED_A_NEW_TERM (term=5)
2025-09-13 17:34:08,263 [36d876fb-a458-4393-963b-58eeedb8ba95@group-D5D0288CE997-FollowerState] INFO  impl.FollowerState (FollowerState.java:runImpl(161)) - 36d876fb-a458-4393-963b-58eeedb8ba95@group-D5D0288CE997-FollowerState: change to CANDIDATE, lastRpcElapsedTime:1030531045ns, electionTimeout:1030ms
2025-09-13 17:34:08,263 [36d876fb-a458-4393-963b-58eeedb8ba95@group-D5D0288CE997-FollowerState] INFO  impl.RoleInfo (RoleInfo.java:shutdownFollowerState(121)) - 36d876fb-a458-4393-963b-58eeedb8ba95: shutdown 36d876fb-a458-4393-963b-58eeedb8ba95@group-D5D0288CE997-FollowerState
2025-09-13 17:34:08,263 [36d876fb-a458-4393-963b-58eeedb8ba95@group-D5D0288CE997-FollowerState] INFO  server.RaftServer$Division (RaftServerImpl.java:setRole(392)) - 36d876fb-a458-4393-963b-58eeedb8ba95@group-D5D0288CE997: changes role from  FOLLOWER to CANDIDATE at term 2 for changeToCandidate
2025-09-13 17:34:08,263 [36d876fb-a458-4393-963b-58eeedb8ba95@group-D5D0288CE997-FollowerState] INFO  impl.RoleInfo (RoleInfo.java:updateAndGet(148)) - 36d876fb-a458-4393-963b-58eeedb8ba95: start 36d876fb-a458-4393-963b-58eeedb8ba95@group-D5D0288CE997-LeaderElection296
2025-09-13 17:34:08,263 [36d876fb-a458-4393-963b-58eeedb8ba95@group-D5D0288CE997-LeaderElection296] INFO  impl.LeaderElection (LeaderElection.java:askForVotes(448)) - 36d876fb-a458-4393-963b-58eeedb8ba95@group-D5D0288CE997-LeaderElection296 PRE_VOTE round 0: submit vote requests at term 2 for conf: {index: 16, cur=peers:[9e23e878-9bb3-42b5-8b94-e0e229812e65|127.0.0.1:15023, 13facd30-3950-4310-8b1a-93d004abbbdd|127.0.0.1:15031, 36d876fb-a458-4393-963b-58eeedb8ba95|127.0.0.1:15015]|listeners:[], old=null}
2025-09-13 17:34:08,263 [36d876fb-a458-4393-963b-58eeedb8ba95@group-D5D0288CE997-LeaderElection296-1] INFO  server.GrpcServerProtocolClient (GrpcServerProtocolClient.java:<init>(65)) - Build channel for 9e23e878-9bb3-42b5-8b94-e0e229812e65|127.0.0.1:15023
2025-09-13 17:34:08,264 [36d876fb-a458-4393-963b-58eeedb8ba95@group-D5D0288CE997-LeaderElection296-2] INFO  server.GrpcServerProtocolClient (GrpcServerProtocolClient.java:<init>(65)) - Build channel for 13facd30-3950-4310-8b1a-93d004abbbdd|127.0.0.1:15031
2025-09-13 17:34:08,267 [grpc-default-executor-9] INFO  server.RaftServer$Division (RaftServerImpl.java:requestVote(1421)) - 9e23e878-9bb3-42b5-8b94-e0e229812e65@group-D5D0288CE997: receive requestVote(PRE_VOTE, 36d876fb-a458-4393-963b-58eeedb8ba95, group-D5D0288CE997, 2, (t:2, i:25))
2025-09-13 17:34:08,267 [grpc-default-executor-9] INFO  impl.VoteContext (VoteContext.java:log(49)) - 9e23e878-9bb3-42b5-8b94-e0e229812e65@group-D5D0288CE997-FOLLOWER: accept PRE_VOTE from 36d876fb-a458-4393-963b-58eeedb8ba95: our priority 0 <= candidate's priority 1
2025-09-13 17:34:08,267 [grpc-default-executor-9] INFO  server.RaftServer$Division (RaftServerImpl.java:requestVote(1455)) - 9e23e878-9bb3-42b5-8b94-e0e229812e65@group-D5D0288CE997 replies to PRE_VOTE vote request: 36d876fb-a458-4393-963b-58eeedb8ba95<-9e23e878-9bb3-42b5-8b94-e0e229812e65#0:OK-t2-last:(t:2, i:25). Peer's state: 9e23e878-9bb3-42b5-8b94-e0e229812e65@group-D5D0288CE997:t2, leader=null, voted=36d876fb-a458-4393-963b-58eeedb8ba95, raftlog=Memoized:9e23e878-9bb3-42b5-8b94-e0e229812e65@group-D5D0288CE997-SegmentedRaftLog:OPENED:c25:last(t:2, i:25), conf=conf: {index: 16, cur=peers:[9e23e878-9bb3-42b5-8b94-e0e229812e65|127.0.0.1:15023, 13facd30-3950-4310-8b1a-93d004abbbdd|127.0.0.1:15031, 36d876fb-a458-4393-963b-58eeedb8ba95|127.0.0.1:15015]|listeners:[], old=null}
2025-09-13 17:34:08,267 [grpc-default-executor-9] INFO  server.RaftServer$Division (RaftServerImpl.java:requestVote(1421)) - 13facd30-3950-4310-8b1a-93d004abbbdd@group-D5D0288CE997: receive requestVote(PRE_VOTE, 36d876fb-a458-4393-963b-58eeedb8ba95, group-D5D0288CE997, 2, (t:2, i:25))
2025-09-13 17:34:08,267 [36d876fb-a458-4393-963b-58eeedb8ba95@group-D5D0288CE997-LeaderElection296] INFO  impl.LeaderElection (LeaderElection.java:logAndReturn(206)) - 36d876fb-a458-4393-963b-58eeedb8ba95@group-D5D0288CE997-LeaderElection296: PRE_VOTE PASSED received 1 response(s) and 0 exception(s):
2025-09-13 17:34:08,267 [grpc-default-executor-9] INFO  impl.VoteContext (VoteContext.java:log(49)) - 13facd30-3950-4310-8b1a-93d004abbbdd@group-D5D0288CE997-FOLLOWER: accept PRE_VOTE from 36d876fb-a458-4393-963b-58eeedb8ba95: our priority 0 <= candidate's priority 1
2025-09-13 17:34:08,267 [36d876fb-a458-4393-963b-58eeedb8ba95@group-D5D0288CE997-LeaderElection296] INFO  impl.LeaderElection (LeaderElection.java:logAndReturn(210)) -   Response 0: 36d876fb-a458-4393-963b-58eeedb8ba95<-9e23e878-9bb3-42b5-8b94-e0e229812e65#0:OK-t2-last:(t:2, i:25)
2025-09-13 17:34:08,267 [grpc-default-executor-9] INFO  server.RaftServer$Division (RaftServerImpl.java:requestVote(1455)) - 13facd30-3950-4310-8b1a-93d004abbbdd@group-D5D0288CE997 replies to PRE_VOTE vote request: 36d876fb-a458-4393-963b-58eeedb8ba95<-13facd30-3950-4310-8b1a-93d004abbbdd#0:OK-t2-last:(t:2, i:25). Peer's state: 13facd30-3950-4310-8b1a-93d004abbbdd@group-D5D0288CE997:t2, leader=null, voted=36d876fb-a458-4393-963b-58eeedb8ba95, raftlog=Memoized:13facd30-3950-4310-8b1a-93d004abbbdd@group-D5D0288CE997-SegmentedRaftLog:OPENED:c21:last(t:2, i:25), conf=conf: {index: 16, cur=peers:[9e23e878-9bb3-42b5-8b94-e0e229812e65|127.0.0.1:15023, 13facd30-3950-4310-8b1a-93d004abbbdd|127.0.0.1:15031, 36d876fb-a458-4393-963b-58eeedb8ba95|127.0.0.1:15015]|listeners:[], old=null}
2025-09-13 17:34:08,268 [36d876fb-a458-4393-963b-58eeedb8ba95@group-D5D0288CE997-LeaderElection296] INFO  impl.LeaderElection (LeaderElection.java:askForVotes(450)) - 36d876fb-a458-4393-963b-58eeedb8ba95@group-D5D0288CE997-LeaderElection296 PRE_VOTE round 0: result PASSED
2025-09-13 17:34:08,269 [36d876fb-a458-4393-963b-58eeedb8ba95@group-D5D0288CE997-LeaderElection296] INFO  impl.LeaderElection (LeaderElection.java:askForVotes(448)) - 36d876fb-a458-4393-963b-58eeedb8ba95@group-D5D0288CE997-LeaderElection296 ELECTION round 0: submit vote requests at term 3 for conf: {index: 16, cur=peers:[9e23e878-9bb3-42b5-8b94-e0e229812e65|127.0.0.1:15023, 13facd30-3950-4310-8b1a-93d004abbbdd|127.0.0.1:15031, 36d876fb-a458-4393-963b-58eeedb8ba95|127.0.0.1:15015]|listeners:[], old=null}
2025-09-13 17:34:08,270 [grpc-default-executor-11] INFO  server.RaftServer$Division (RaftServerImpl.java:requestVote(1421)) - 9e23e878-9bb3-42b5-8b94-e0e229812e65@group-D5D0288CE997: receive requestVote(ELECTION, 36d876fb-a458-4393-963b-58eeedb8ba95, group-D5D0288CE997, 3, (t:2, i:25))
2025-09-13 17:34:08,270 [grpc-default-executor-9] INFO  server.RaftServer$Division (RaftServerImpl.java:requestVote(1421)) - 13facd30-3950-4310-8b1a-93d004abbbdd@group-D5D0288CE997: receive requestVote(ELECTION, 36d876fb-a458-4393-963b-58eeedb8ba95, group-D5D0288CE997, 3, (t:2, i:25))
2025-09-13 17:34:08,270 [grpc-default-executor-11] INFO  impl.VoteContext (VoteContext.java:log(49)) - 9e23e878-9bb3-42b5-8b94-e0e229812e65@group-D5D0288CE997-FOLLOWER: accept ELECTION from 36d876fb-a458-4393-963b-58eeedb8ba95: our priority 0 <= candidate's priority 1
2025-09-13 17:34:08,270 [grpc-default-executor-11] INFO  server.RaftServer$Division (RaftServerImpl.java:setRole(392)) - 9e23e878-9bb3-42b5-8b94-e0e229812e65@group-D5D0288CE997: changes role from  FOLLOWER to FOLLOWER at term 2 for candidate:36d876fb-a458-4393-963b-58eeedb8ba95
2025-09-13 17:34:08,270 [grpc-default-executor-11] INFO  impl.RoleInfo (RoleInfo.java:shutdownFollowerState(121)) - 9e23e878-9bb3-42b5-8b94-e0e229812e65: shutdown 9e23e878-9bb3-42b5-8b94-e0e229812e65@group-D5D0288CE997-FollowerState
2025-09-13 17:34:08,271 [grpc-default-executor-11] INFO  impl.RoleInfo (RoleInfo.java:updateAndGet(148)) - 9e23e878-9bb3-42b5-8b94-e0e229812e65: start 9e23e878-9bb3-42b5-8b94-e0e229812e65@group-D5D0288CE997-FollowerState
2025-09-13 17:34:08,271 [9e23e878-9bb3-42b5-8b94-e0e229812e65@group-D5D0288CE997-FollowerState] INFO  impl.FollowerState (FollowerState.java:runImpl(170)) - 9e23e878-9bb3-42b5-8b94-e0e229812e65@group-D5D0288CE997-FollowerState was interrupted
2025-09-13 17:34:08,270 [grpc-default-executor-9] INFO  impl.VoteContext (VoteContext.java:log(49)) - 13facd30-3950-4310-8b1a-93d004abbbdd@group-D5D0288CE997-FOLLOWER: accept ELECTION from 36d876fb-a458-4393-963b-58eeedb8ba95: our priority 0 <= candidate's priority 1
2025-09-13 17:34:08,271 [grpc-default-executor-9] INFO  server.RaftServer$Division (RaftServerImpl.java:setRole(392)) - 13facd30-3950-4310-8b1a-93d004abbbdd@group-D5D0288CE997: changes role from  FOLLOWER to FOLLOWER at term 2 for candidate:36d876fb-a458-4393-963b-58eeedb8ba95
2025-09-13 17:34:08,271 [grpc-default-executor-9] INFO  impl.RoleInfo (RoleInfo.java:shutdownFollowerState(121)) - 13facd30-3950-4310-8b1a-93d004abbbdd: shutdown 13facd30-3950-4310-8b1a-93d004abbbdd@group-D5D0288CE997-FollowerState
2025-09-13 17:34:08,271 [grpc-default-executor-9] INFO  impl.RoleInfo (RoleInfo.java:updateAndGet(148)) - 13facd30-3950-4310-8b1a-93d004abbbdd: start 13facd30-3950-4310-8b1a-93d004abbbdd@group-D5D0288CE997-FollowerState
2025-09-13 17:34:08,271 [13facd30-3950-4310-8b1a-93d004abbbdd@group-D5D0288CE997-FollowerState] INFO  impl.FollowerState (FollowerState.java:runImpl(170)) - 13facd30-3950-4310-8b1a-93d004abbbdd@group-D5D0288CE997-FollowerState was interrupted
2025-09-13 17:34:08,272 [grpc-default-executor-11] INFO  server.RaftServer$Division (RaftServerImpl.java:requestVote(1455)) - 9e23e878-9bb3-42b5-8b94-e0e229812e65@group-D5D0288CE997 replies to ELECTION vote request: 36d876fb-a458-4393-963b-58eeedb8ba95<-9e23e878-9bb3-42b5-8b94-e0e229812e65#0:OK-t3-last:(t:2, i:25). Peer's state: 9e23e878-9bb3-42b5-8b94-e0e229812e65@group-D5D0288CE997:t3, leader=null, voted=36d876fb-a458-4393-963b-58eeedb8ba95, raftlog=Memoized:9e23e878-9bb3-42b5-8b94-e0e229812e65@group-D5D0288CE997-SegmentedRaftLog:OPENED:c25:last(t:2, i:25), conf=conf: {index: 16, cur=peers:[9e23e878-9bb3-42b5-8b94-e0e229812e65|127.0.0.1:15023, 13facd30-3950-4310-8b1a-93d004abbbdd|127.0.0.1:15031, 36d876fb-a458-4393-963b-58eeedb8ba95|127.0.0.1:15015]|listeners:[], old=null}
2025-09-13 17:34:08,273 [36d876fb-a458-4393-963b-58eeedb8ba95@group-D5D0288CE997-LeaderElection296] INFO  impl.LeaderElection (LeaderElection.java:logAndReturn(206)) - 36d876fb-a458-4393-963b-58eeedb8ba95@group-D5D0288CE997-LeaderElection296: ELECTION PASSED received 1 response(s) and 0 exception(s):
2025-09-13 17:34:08,273 [36d876fb-a458-4393-963b-58eeedb8ba95@group-D5D0288CE997-LeaderElection296] INFO  impl.LeaderElection (LeaderElection.java:logAndReturn(210)) -   Response 0: 36d876fb-a458-4393-963b-58eeedb8ba95<-9e23e878-9bb3-42b5-8b94-e0e229812e65#0:OK-t3-last:(t:2, i:25)
2025-09-13 17:34:08,273 [36d876fb-a458-4393-963b-58eeedb8ba95@group-D5D0288CE997-LeaderElection296] INFO  impl.LeaderElection (LeaderElection.java:askForVotes(450)) - 36d876fb-a458-4393-963b-58eeedb8ba95@group-D5D0288CE997-LeaderElection296 ELECTION round 0: result PASSED
2025-09-13 17:34:08,273 [36d876fb-a458-4393-963b-58eeedb8ba95@group-D5D0288CE997-LeaderElection296] INFO  impl.RoleInfo (RoleInfo.java:shutdownLeaderElection(141)) - 36d876fb-a458-4393-963b-58eeedb8ba95: shutdown 36d876fb-a458-4393-963b-58eeedb8ba95@group-D5D0288CE997-LeaderElection296
2025-09-13 17:34:08,273 [36d876fb-a458-4393-963b-58eeedb8ba95@group-D5D0288CE997-LeaderElection296] INFO  server.RaftServer$Division (RaftServerImpl.java:setRole(392)) - 36d876fb-a458-4393-963b-58eeedb8ba95@group-D5D0288CE997: changes role from CANDIDATE to LEADER at term 3 for changeToLeader
2025-09-13 17:34:08,273 [36d876fb-a458-4393-963b-58eeedb8ba95@group-D5D0288CE997-LeaderElection296] INFO  server.RaftServerConfigKeys (ConfUtils.java:logFallback(69)) - raft.server.staging.timeout = 3600ms (fallback to raft.server.rpc.timeout.max)
2025-09-13 17:34:08,274 [36d876fb-a458-4393-963b-58eeedb8ba95@group-D5D0288CE997-LeaderElection296] INFO  server.RaftServerConfigKeys (ConfUtils.java:logGet(62)) - raft.server.write.byte-limit = 1024 M (=1073741824) (custom)
2025-09-13 17:34:08,273 [grpc-default-executor-9] INFO  server.RaftServer$Division (RaftServerImpl.java:requestVote(1455)) - 13facd30-3950-4310-8b1a-93d004abbbdd@group-D5D0288CE997 replies to ELECTION vote request: 36d876fb-a458-4393-963b-58eeedb8ba95<-13facd30-3950-4310-8b1a-93d004abbbdd#0:OK-t3-last:(t:2, i:25). Peer's state: 13facd30-3950-4310-8b1a-93d004abbbdd@group-D5D0288CE997:t3, leader=null, voted=36d876fb-a458-4393-963b-58eeedb8ba95, raftlog=Memoized:13facd30-3950-4310-8b1a-93d004abbbdd@group-D5D0288CE997-SegmentedRaftLog:OPENED:c21:last(t:2, i:25), conf=conf: {index: 16, cur=peers:[9e23e878-9bb3-42b5-8b94-e0e229812e65|127.0.0.1:15023, 13facd30-3950-4310-8b1a-93d004abbbdd|127.0.0.1:15031, 36d876fb-a458-4393-963b-58eeedb8ba95|127.0.0.1:15015]|listeners:[], old=null}
2025-09-13 17:34:08,275 [36d876fb-a458-4393-963b-58eeedb8ba95@group-D5D0288CE997-LeaderElection296] INFO  server.RaftServerConfigKeys (ConfUtils.java:logGet(62)) - raft.server.log.appender.buffer.byte-limit = 33554432 (custom)
2025-09-13 17:34:08,276 [36d876fb-a458-4393-963b-58eeedb8ba95@group-D5D0288CE997-LeaderElection296] INFO  server.RaftServerConfigKeys (ConfUtils.java:logGet(62)) - raft.server.log.appender.buffer.byte-limit = 33554432 (custom)
2025-09-13 17:34:08,277 [36d876fb-a458-4393-963b-58eeedb8ba95@group-D5D0288CE997-LeaderElection296] INFO  impl.RoleInfo (RoleInfo.java:updateAndGet(148)) - 36d876fb-a458-4393-963b-58eeedb8ba95: start 36d876fb-a458-4393-963b-58eeedb8ba95@group-D5D0288CE997-LeaderStateImpl
2025-09-13 17:34:08,277 [36d876fb-a458-4393-963b-58eeedb8ba95@group-D5D0288CE997-LeaderElection296] INFO  server.RaftServer$Division (RaftServerImpl.java:setFirstElection(576)) - 36d876fb-a458-4393-963b-58eeedb8ba95@group-D5D0288CE997: set firstElectionSinceStartup to false for becomeLeader
2025-09-13 17:34:08,277 [36d876fb-a458-4393-963b-58eeedb8ba95@group-D5D0288CE997-LeaderElection296] INFO  ratis.XceiverServerRatis (XceiverServerRatis.java:handleLeaderChangedNotification(932)) - Leader change notification received for group: group-D5D0288CE997 with new leaderId: 36d876fb-a458-4393-963b-58eeedb8ba95
2025-09-13 17:34:08,277 [36d876fb-a458-4393-963b-58eeedb8ba95@group-D5D0288CE997-LeaderElection296] INFO  server.RaftServer$Division (ServerState.java:setLeader(272)) - 36d876fb-a458-4393-963b-58eeedb8ba95@group-D5D0288CE997: change Leader from null to 36d876fb-a458-4393-963b-58eeedb8ba95 at term 3 for becomeLeader, leader elected after 1745ms
2025-09-13 17:34:08,277 [36d876fb-a458-4393-963b-58eeedb8ba95@group-D5D0288CE997-LeaderElection296] INFO  segmented.SegmentedRaftLogWorker (SegmentedRaftLogWorker.java:rollLogSegment(445)) - 36d876fb-a458-4393-963b-58eeedb8ba95@group-D5D0288CE997-SegmentedRaftLogWorker: Rolling segment log-16_25 to index:25
2025-09-13 17:34:08,277 [36d876fb-a458-4393-963b-58eeedb8ba95@group-D5D0288CE997-SegmentedRaftLogWorker] INFO  segmented.SegmentedRaftLogWorker (SegmentedRaftLogWorker.java:execute(604)) - 36d876fb-a458-4393-963b-58eeedb8ba95@group-D5D0288CE997-SegmentedRaftLogWorker: Rolled log segment from /home/runner/work/ozone/ozone/hadoop-ozone/integration-test/target/test-dir/MiniOzoneClusterImpl-1331a795-ed08-415d-924a-7661a5cf51a5/ozone-metadata/datanode-1/ratis/71f8f458-3dd2-4722-a002-d5d0288ce997/current/log_inprogress_16 to /home/runner/work/ozone/ozone/hadoop-ozone/integration-test/target/test-dir/MiniOzoneClusterImpl-1331a795-ed08-415d-924a-7661a5cf51a5/ozone-metadata/datanode-1/ratis/71f8f458-3dd2-4722-a002-d5d0288ce997/current/log_16-25
2025-09-13 17:34:08,278 [36d876fb-a458-4393-963b-58eeedb8ba95@group-D5D0288CE997-SegmentedRaftLogWorker] INFO  segmented.BufferedWriteChannel (BufferedWriteChannel.java:open(61)) - open log_inprogress_26 at position 0
2025-09-13 17:34:08,278 [36d876fb-a458-4393-963b-58eeedb8ba95@group-D5D0288CE997-LeaderElection296] INFO  server.RaftServer$Division (ServerState.java:setRaftConf(386)) - 36d876fb-a458-4393-963b-58eeedb8ba95@group-D5D0288CE997: set configuration conf: {index: 26, cur=peers:[9e23e878-9bb3-42b5-8b94-e0e229812e65|127.0.0.1:15023, 13facd30-3950-4310-8b1a-93d004abbbdd|127.0.0.1:15031, 36d876fb-a458-4393-963b-58eeedb8ba95|127.0.0.1:15015]|listeners:[], old=null}
2025-09-13 17:34:08,281 [grpc-default-executor-11] INFO  ratis.XceiverServerRatis (XceiverServerRatis.java:handleLeaderChangedNotification(932)) - Leader change notification received for group: group-D5D0288CE997 with new leaderId: 36d876fb-a458-4393-963b-58eeedb8ba95
2025-09-13 17:34:08,281 [grpc-default-executor-11] INFO  server.RaftServer$Division (ServerState.java:setLeader(272)) - 9e23e878-9bb3-42b5-8b94-e0e229812e65@group-D5D0288CE997: change Leader from null to 36d876fb-a458-4393-963b-58eeedb8ba95 at term 3 for appendEntries, leader elected after 38089ms
2025-09-13 17:34:08,282 [grpc-default-executor-11] INFO  ratis.XceiverServerRatis (XceiverServerRatis.java:handleLeaderChangedNotification(932)) - Leader change notification received for group: group-D5D0288CE997 with new leaderId: 36d876fb-a458-4393-963b-58eeedb8ba95
2025-09-13 17:34:08,282 [grpc-default-executor-11] INFO  server.RaftServer$Division (ServerState.java:setLeader(272)) - 13facd30-3950-4310-8b1a-93d004abbbdd@group-D5D0288CE997: change Leader from null to 36d876fb-a458-4393-963b-58eeedb8ba95 at term 3 for appendEntries, leader elected after 1971ms
2025-09-13 17:34:08,283 [grpc-default-executor-9] INFO  server.RaftServer$Division (ServerState.java:setRaftConf(386)) - 9e23e878-9bb3-42b5-8b94-e0e229812e65@group-D5D0288CE997: set configuration conf: {index: 26, cur=peers:[9e23e878-9bb3-42b5-8b94-e0e229812e65|127.0.0.1:15023, 13facd30-3950-4310-8b1a-93d004abbbdd|127.0.0.1:15031, 36d876fb-a458-4393-963b-58eeedb8ba95|127.0.0.1:15015]|listeners:[], old=null}
2025-09-13 17:34:08,283 [grpc-default-executor-9] INFO  segmented.SegmentedRaftLogWorker (SegmentedRaftLogWorker.java:rollLogSegment(445)) - 9e23e878-9bb3-42b5-8b94-e0e229812e65@group-D5D0288CE997-SegmentedRaftLogWorker: Rolling segment log-16_25 to index:25
2025-09-13 17:34:08,285 [9e23e878-9bb3-42b5-8b94-e0e229812e65@group-D5D0288CE997-SegmentedRaftLogWorker] INFO  segmented.SegmentedRaftLogWorker (SegmentedRaftLogWorker.java:execute(604)) - 9e23e878-9bb3-42b5-8b94-e0e229812e65@group-D5D0288CE997-SegmentedRaftLogWorker: Rolled log segment from /home/runner/work/ozone/ozone/hadoop-ozone/integration-test/target/test-dir/MiniOzoneClusterImpl-1331a795-ed08-415d-924a-7661a5cf51a5/ozone-metadata/datanode-2/ratis/71f8f458-3dd2-4722-a002-d5d0288ce997/current/log_inprogress_16 to /home/runner/work/ozone/ozone/hadoop-ozone/integration-test/target/test-dir/MiniOzoneClusterImpl-1331a795-ed08-415d-924a-7661a5cf51a5/ozone-metadata/datanode-2/ratis/71f8f458-3dd2-4722-a002-d5d0288ce997/current/log_16-25
2025-09-13 17:34:08,285 [9e23e878-9bb3-42b5-8b94-e0e229812e65@group-D5D0288CE997-SegmentedRaftLogWorker] INFO  segmented.BufferedWriteChannel (BufferedWriteChannel.java:open(61)) - open log_inprogress_26 at position 0
2025-09-13 17:34:08,288 [grpc-default-executor-3] INFO  server.RaftServer$Division (ServerState.java:setRaftConf(386)) - 13facd30-3950-4310-8b1a-93d004abbbdd@group-D5D0288CE997: set configuration conf: {index: 26, cur=peers:[9e23e878-9bb3-42b5-8b94-e0e229812e65|127.0.0.1:15023, 13facd30-3950-4310-8b1a-93d004abbbdd|127.0.0.1:15031, 36d876fb-a458-4393-963b-58eeedb8ba95|127.0.0.1:15015]|listeners:[], old=null}
2025-09-13 17:34:08,288 [grpc-default-executor-3] INFO  segmented.SegmentedRaftLogWorker (SegmentedRaftLogWorker.java:rollLogSegment(445)) - 13facd30-3950-4310-8b1a-93d004abbbdd@group-D5D0288CE997-SegmentedRaftLogWorker: Rolling segment log-16_25 to index:25
2025-09-13 17:34:08,289 [13facd30-3950-4310-8b1a-93d004abbbdd@group-D5D0288CE997-SegmentedRaftLogWorker] INFO  segmented.SegmentedRaftLogWorker (SegmentedRaftLogWorker.java:execute(604)) - 13facd30-3950-4310-8b1a-93d004abbbdd@group-D5D0288CE997-SegmentedRaftLogWorker: Rolled log segment from /home/runner/work/ozone/ozone/hadoop-ozone/integration-test/target/test-dir/MiniOzoneClusterImpl-1331a795-ed08-415d-924a-7661a5cf51a5/ozone-metadata/datanode-3/ratis/71f8f458-3dd2-4722-a002-d5d0288ce997/current/log_inprogress_16 to /home/runner/work/ozone/ozone/hadoop-ozone/integration-test/target/test-dir/MiniOzoneClusterImpl-1331a795-ed08-415d-924a-7661a5cf51a5/ozone-metadata/datanode-3/ratis/71f8f458-3dd2-4722-a002-d5d0288ce997/current/log_16-25
2025-09-13 17:34:08,289 [13facd30-3950-4310-8b1a-93d004abbbdd@group-D5D0288CE997-SegmentedRaftLogWorker] INFO  segmented.BufferedWriteChannel (BufferedWriteChannel.java:open(61)) - open log_inprogress_26 at position 0
2025-09-13 17:34:08,294 [36d876fb-a458-4393-963b-58eeedb8ba95@group-D5D0288CE997-SegmentedRaftLogWorker] INFO  segmented.SegmentedRaftLogWorker (SegmentedRaftLogWorker.java:execute(647)) - 36d876fb-a458-4393-963b-58eeedb8ba95@group-D5D0288CE997-SegmentedRaftLogWorker: created new log segment /home/runner/work/ozone/ozone/hadoop-ozone/integration-test/target/test-dir/MiniOzoneClusterImpl-1331a795-ed08-415d-924a-7661a5cf51a5/ozone-metadata/datanode-1/ratis/71f8f458-3dd2-4722-a002-d5d0288ce997/current/log_inprogress_26
2025-09-13 17:34:08,295 [9e23e878-9bb3-42b5-8b94-e0e229812e65@group-D5D0288CE997-SegmentedRaftLogWorker] INFO  segmented.SegmentedRaftLogWorker (SegmentedRaftLogWorker.java:execute(647)) - 9e23e878-9bb3-42b5-8b94-e0e229812e65@group-D5D0288CE997-SegmentedRaftLogWorker: created new log segment /home/runner/work/ozone/ozone/hadoop-ozone/integration-test/target/test-dir/MiniOzoneClusterImpl-1331a795-ed08-415d-924a-7661a5cf51a5/ozone-metadata/datanode-2/ratis/71f8f458-3dd2-4722-a002-d5d0288ce997/current/log_inprogress_26
2025-09-13 17:34:08,303 [13facd30-3950-4310-8b1a-93d004abbbdd@group-D5D0288CE997-SegmentedRaftLogWorker] INFO  segmented.SegmentedRaftLogWorker (SegmentedRaftLogWorker.java:execute(647)) - 13facd30-3950-4310-8b1a-93d004abbbdd@group-D5D0288CE997-SegmentedRaftLogWorker: created new log segment /home/runner/work/ozone/ozone/hadoop-ozone/integration-test/target/test-dir/MiniOzoneClusterImpl-1331a795-ed08-415d-924a-7661a5cf51a5/ozone-metadata/datanode-3/ratis/71f8f458-3dd2-4722-a002-d5d0288ce997/current/log_inprogress_26
2025-09-13 17:34:08,304 [36d876fb-a458-4393-963b-58eeedb8ba95@group-D5D0288CE997-StateMachineUpdater] INFO  server.RaftServer$Division (LeaderStateImpl.java:checkStartIndex(309)) - Leader 36d876fb-a458-4393-963b-58eeedb8ba95@group-D5D0288CE997-LeaderStateImpl is ready since appliedIndex == startIndex == 26
2025-09-13 17:34:08,319 [36d876fb-a458-4393-963b-58eeedb8ba95@group-B4189F5888A1-FollowerState] INFO  impl.FollowerState (FollowerState.java:runImpl(161)) - 36d876fb-a458-4393-963b-58eeedb8ba95@group-B4189F5888A1-FollowerState: change to CANDIDATE, lastRpcElapsedTime:1097391085ns, electionTimeout:1097ms
2025-09-13 17:34:08,319 [36d876fb-a458-4393-963b-58eeedb8ba95@group-B4189F5888A1-FollowerState] INFO  impl.RoleInfo (RoleInfo.java:shutdownFollowerState(121)) - 36d876fb-a458-4393-963b-58eeedb8ba95: shutdown 36d876fb-a458-4393-963b-58eeedb8ba95@group-B4189F5888A1-FollowerState
2025-09-13 17:34:08,320 [36d876fb-a458-4393-963b-58eeedb8ba95@group-B4189F5888A1-FollowerState] INFO  server.RaftServer$Division (RaftServerImpl.java:setRole(392)) - 36d876fb-a458-4393-963b-58eeedb8ba95@group-B4189F5888A1: changes role from  FOLLOWER to CANDIDATE at term 2 for changeToCandidate
2025-09-13 17:34:08,320 [36d876fb-a458-4393-963b-58eeedb8ba95@group-B4189F5888A1-FollowerState] INFO  impl.RoleInfo (RoleInfo.java:updateAndGet(148)) - 36d876fb-a458-4393-963b-58eeedb8ba95: start 36d876fb-a458-4393-963b-58eeedb8ba95@group-B4189F5888A1-LeaderElection297
2025-09-13 17:34:08,320 [36d876fb-a458-4393-963b-58eeedb8ba95@group-B4189F5888A1-LeaderElection297] INFO  impl.LeaderElection (LeaderElection.java:askForVotes(448)) - 36d876fb-a458-4393-963b-58eeedb8ba95@group-B4189F5888A1-LeaderElection297 PRE_VOTE round 0: submit vote requests at term 2 for conf: {index: 1, cur=peers:[36d876fb-a458-4393-963b-58eeedb8ba95|127.0.0.1:15015]|listeners:[], old=null}
2025-09-13 17:34:08,320 [36d876fb-a458-4393-963b-58eeedb8ba95@group-B4189F5888A1-LeaderElection297] INFO  impl.LeaderElection (LeaderElection.java:askForVotes(450)) - 36d876fb-a458-4393-963b-58eeedb8ba95@group-B4189F5888A1-LeaderElection297 PRE_VOTE round 0: result PASSED (term=2)
2025-09-13 17:34:08,321 [36d876fb-a458-4393-963b-58eeedb8ba95@group-B4189F5888A1-LeaderElection297] INFO  impl.LeaderElection (LeaderElection.java:askForVotes(448)) - 36d876fb-a458-4393-963b-58eeedb8ba95@group-B4189F5888A1-LeaderElection297 ELECTION round 0: submit vote requests at term 3 for conf: {index: 1, cur=peers:[36d876fb-a458-4393-963b-58eeedb8ba95|127.0.0.1:15015]|listeners:[], old=null}
2025-09-13 17:34:08,321 [36d876fb-a458-4393-963b-58eeedb8ba95@group-B4189F5888A1-LeaderElection297] INFO  impl.LeaderElection (LeaderElection.java:askForVotes(450)) - 36d876fb-a458-4393-963b-58eeedb8ba95@group-B4189F5888A1-LeaderElection297 ELECTION round 0: result PASSED (term=3)
2025-09-13 17:34:08,321 [36d876fb-a458-4393-963b-58eeedb8ba95@group-B4189F5888A1-LeaderElection297] INFO  impl.RoleInfo (RoleInfo.java:shutdownLeaderElection(141)) - 36d876fb-a458-4393-963b-58eeedb8ba95: shutdown 36d876fb-a458-4393-963b-58eeedb8ba95@group-B4189F5888A1-LeaderElection297
2025-09-13 17:34:08,321 [36d876fb-a458-4393-963b-58eeedb8ba95@group-B4189F5888A1-LeaderElection297] INFO  server.RaftServer$Division (RaftServerImpl.java:setRole(392)) - 36d876fb-a458-4393-963b-58eeedb8ba95@group-B4189F5888A1: changes role from CANDIDATE to LEADER at term 3 for changeToLeader
2025-09-13 17:34:08,321 [36d876fb-a458-4393-963b-58eeedb8ba95@group-B4189F5888A1-LeaderElection297] INFO  server.RaftServerConfigKeys (ConfUtils.java:logFallback(69)) - raft.server.staging.timeout = 3600ms (fallback to raft.server.rpc.timeout.max)
2025-09-13 17:34:08,321 [36d876fb-a458-4393-963b-58eeedb8ba95@group-B4189F5888A1-LeaderElection297] INFO  server.RaftServerConfigKeys (ConfUtils.java:logGet(62)) - raft.server.write.byte-limit = 1024 M (=1073741824) (custom)
2025-09-13 17:34:08,322 [36d876fb-a458-4393-963b-58eeedb8ba95@group-B4189F5888A1-LeaderElection297] INFO  impl.RoleInfo (RoleInfo.java:updateAndGet(148)) - 36d876fb-a458-4393-963b-58eeedb8ba95: start 36d876fb-a458-4393-963b-58eeedb8ba95@group-B4189F5888A1-LeaderStateImpl
2025-09-13 17:34:08,322 [36d876fb-a458-4393-963b-58eeedb8ba95@group-B4189F5888A1-LeaderElection297] INFO  server.RaftServer$Division (RaftServerImpl.java:setFirstElection(576)) - 36d876fb-a458-4393-963b-58eeedb8ba95@group-B4189F5888A1: set firstElectionSinceStartup to false for becomeLeader
2025-09-13 17:34:08,322 [36d876fb-a458-4393-963b-58eeedb8ba95@group-B4189F5888A1-LeaderElection297] INFO  ratis.XceiverServerRatis (XceiverServerRatis.java:handleLeaderChangedNotification(932)) - Leader change notification received for group: group-B4189F5888A1 with new leaderId: 36d876fb-a458-4393-963b-58eeedb8ba95
2025-09-13 17:34:08,323 [36d876fb-a458-4393-963b-58eeedb8ba95@group-B4189F5888A1-LeaderElection297] INFO  server.RaftServer$Division (ServerState.java:setLeader(272)) - 36d876fb-a458-4393-963b-58eeedb8ba95@group-B4189F5888A1: change Leader from null to 36d876fb-a458-4393-963b-58eeedb8ba95 at term 3 for becomeLeader, leader elected after 1796ms
2025-09-13 17:34:08,323 [36d876fb-a458-4393-963b-58eeedb8ba95@group-B4189F5888A1-LeaderElection297] INFO  segmented.SegmentedRaftLogWorker (SegmentedRaftLogWorker.java:rollLogSegment(445)) - 36d876fb-a458-4393-963b-58eeedb8ba95@group-B4189F5888A1-SegmentedRaftLogWorker: Rolling segment log-1_2 to index:2
2025-09-13 17:34:08,323 [36d876fb-a458-4393-963b-58eeedb8ba95@group-B4189F5888A1-LeaderElection297] INFO  server.RaftServer$Division (ServerState.java:setRaftConf(386)) - 36d876fb-a458-4393-963b-58eeedb8ba95@group-B4189F5888A1: set configuration conf: {index: 3, cur=peers:[36d876fb-a458-4393-963b-58eeedb8ba95|127.0.0.1:15015]|listeners:[], old=null}
2025-09-13 17:34:08,323 [36d876fb-a458-4393-963b-58eeedb8ba95@group-B4189F5888A1-SegmentedRaftLogWorker] INFO  segmented.SegmentedRaftLogWorker (SegmentedRaftLogWorker.java:execute(604)) - 36d876fb-a458-4393-963b-58eeedb8ba95@group-B4189F5888A1-SegmentedRaftLogWorker: Rolled log segment from /home/runner/work/ozone/ozone/hadoop-ozone/integration-test/target/test-dir/MiniOzoneClusterImpl-1331a795-ed08-415d-924a-7661a5cf51a5/ozone-metadata/datanode-1/ratis/5743d5ca-d5da-4592-97f7-b4189f5888a1/current/log_inprogress_1 to /home/runner/work/ozone/ozone/hadoop-ozone/integration-test/target/test-dir/MiniOzoneClusterImpl-1331a795-ed08-415d-924a-7661a5cf51a5/ozone-metadata/datanode-1/ratis/5743d5ca-d5da-4592-97f7-b4189f5888a1/current/log_1-2
2025-09-13 17:34:08,323 [36d876fb-a458-4393-963b-58eeedb8ba95@group-B4189F5888A1-SegmentedRaftLogWorker] INFO  segmented.BufferedWriteChannel (BufferedWriteChannel.java:open(61)) - open log_inprogress_3 at position 0
2025-09-13 17:34:08,329 [36d876fb-a458-4393-963b-58eeedb8ba95@group-B4189F5888A1-SegmentedRaftLogWorker] INFO  segmented.SegmentedRaftLogWorker (SegmentedRaftLogWorker.java:execute(647)) - 36d876fb-a458-4393-963b-58eeedb8ba95@group-B4189F5888A1-SegmentedRaftLogWorker: created new log segment /home/runner/work/ozone/ozone/hadoop-ozone/integration-test/target/test-dir/MiniOzoneClusterImpl-1331a795-ed08-415d-924a-7661a5cf51a5/ozone-metadata/datanode-1/ratis/5743d5ca-d5da-4592-97f7-b4189f5888a1/current/log_inprogress_3
2025-09-13 17:34:08,330 [36d876fb-a458-4393-963b-58eeedb8ba95@group-B4189F5888A1-StateMachineUpdater] INFO  server.RaftServer$Division (LeaderStateImpl.java:checkStartIndex(309)) - Leader 36d876fb-a458-4393-963b-58eeedb8ba95@group-B4189F5888A1-LeaderStateImpl is ready since appliedIndex == startIndex == 3
2025-09-13 17:34:08,391 [36d876fb-a458-4393-963b-58eeedb8ba95@group-CF05563D4821-FollowerState] INFO  impl.FollowerState (FollowerState.java:runImpl(161)) - 36d876fb-a458-4393-963b-58eeedb8ba95@group-CF05563D4821-FollowerState: change to CANDIDATE, lastRpcElapsedTime:1164980837ns, electionTimeout:1164ms
2025-09-13 17:34:08,391 [36d876fb-a458-4393-963b-58eeedb8ba95@group-CF05563D4821-FollowerState] INFO  impl.RoleInfo (RoleInfo.java:shutdownFollowerState(121)) - 36d876fb-a458-4393-963b-58eeedb8ba95: shutdown 36d876fb-a458-4393-963b-58eeedb8ba95@group-CF05563D4821-FollowerState
2025-09-13 17:34:08,391 [36d876fb-a458-4393-963b-58eeedb8ba95@group-CF05563D4821-FollowerState] INFO  server.RaftServer$Division (RaftServerImpl.java:setRole(392)) - 36d876fb-a458-4393-963b-58eeedb8ba95@group-CF05563D4821: changes role from  FOLLOWER to CANDIDATE at term 5 for changeToCandidate
2025-09-13 17:34:08,391 [36d876fb-a458-4393-963b-58eeedb8ba95@group-CF05563D4821-FollowerState] INFO  impl.RoleInfo (RoleInfo.java:updateAndGet(148)) - 36d876fb-a458-4393-963b-58eeedb8ba95: start 36d876fb-a458-4393-963b-58eeedb8ba95@group-CF05563D4821-LeaderElection298
2025-09-13 17:34:08,392 [36d876fb-a458-4393-963b-58eeedb8ba95@group-CF05563D4821-LeaderElection298] INFO  impl.LeaderElection (LeaderElection.java:askForVotes(448)) - 36d876fb-a458-4393-963b-58eeedb8ba95@group-CF05563D4821-LeaderElection298 PRE_VOTE round 0: submit vote requests at term 5 for conf: {index: 7, cur=peers:[9e23e878-9bb3-42b5-8b94-e0e229812e65|127.0.0.1:15023, 13facd30-3950-4310-8b1a-93d004abbbdd|127.0.0.1:15031, 36d876fb-a458-4393-963b-58eeedb8ba95|127.0.0.1:15015]|listeners:[], old=null}
2025-09-13 17:34:08,393 [grpc-default-executor-3] INFO  server.RaftServer$Division (RaftServerImpl.java:requestVote(1421)) - 13facd30-3950-4310-8b1a-93d004abbbdd@group-CF05563D4821: receive requestVote(PRE_VOTE, 36d876fb-a458-4393-963b-58eeedb8ba95, group-CF05563D4821, 5, (t:5, i:8))
2025-09-13 17:34:08,393 [grpc-default-executor-9] INFO  server.RaftServer$Division (RaftServerImpl.java:requestVote(1421)) - 9e23e878-9bb3-42b5-8b94-e0e229812e65@group-CF05563D4821: receive requestVote(PRE_VOTE, 36d876fb-a458-4393-963b-58eeedb8ba95, group-CF05563D4821, 5, (t:5, i:8))
2025-09-13 17:34:08,393 [grpc-default-executor-3] INFO  impl.VoteContext (VoteContext.java:log(49)) - 13facd30-3950-4310-8b1a-93d004abbbdd@group-CF05563D4821-FOLLOWER: accept PRE_VOTE from 36d876fb-a458-4393-963b-58eeedb8ba95: our last entry (t:4, i:6) < candidate's last entry (t:5, i:8)
2025-09-13 17:34:08,393 [grpc-default-executor-9] INFO  impl.VoteContext (VoteContext.java:log(49)) - 9e23e878-9bb3-42b5-8b94-e0e229812e65@group-CF05563D4821-FOLLOWER: accept PRE_VOTE from 36d876fb-a458-4393-963b-58eeedb8ba95: our priority 0 <= candidate's priority 0
2025-09-13 17:34:08,393 [grpc-default-executor-3] INFO  server.RaftServer$Division (RaftServerImpl.java:requestVote(1455)) - 13facd30-3950-4310-8b1a-93d004abbbdd@group-CF05563D4821 replies to PRE_VOTE vote request: 36d876fb-a458-4393-963b-58eeedb8ba95<-13facd30-3950-4310-8b1a-93d004abbbdd#0:OK-t5-last:(t:4, i:6). Peer's state: 13facd30-3950-4310-8b1a-93d004abbbdd@group-CF05563D4821:t5, leader=null, voted=null, raftlog=Memoized:13facd30-3950-4310-8b1a-93d004abbbdd@group-CF05563D4821-SegmentedRaftLog:OPENED:c6:last(t:4, i:6), conf=conf: {index: 5, cur=peers:[9e23e878-9bb3-42b5-8b94-e0e229812e65|127.0.0.1:15023, 13facd30-3950-4310-8b1a-93d004abbbdd|127.0.0.1:15031, 36d876fb-a458-4393-963b-58eeedb8ba95|127.0.0.1:15015]|listeners:[], old=null}
2025-09-13 17:34:08,393 [grpc-default-executor-9] INFO  server.RaftServer$Division (RaftServerImpl.java:requestVote(1455)) - 9e23e878-9bb3-42b5-8b94-e0e229812e65@group-CF05563D4821 replies to PRE_VOTE vote request: 36d876fb-a458-4393-963b-58eeedb8ba95<-9e23e878-9bb3-42b5-8b94-e0e229812e65#0:OK-t5-last:(t:5, i:8). Peer's state: 9e23e878-9bb3-42b5-8b94-e0e229812e65@group-CF05563D4821:t5, leader=null, voted=36d876fb-a458-4393-963b-58eeedb8ba95, raftlog=Memoized:9e23e878-9bb3-42b5-8b94-e0e229812e65@group-CF05563D4821-SegmentedRaftLog:OPENED:c8:last(t:5, i:8), conf=conf: {index: 7, cur=peers:[9e23e878-9bb3-42b5-8b94-e0e229812e65|127.0.0.1:15023, 13facd30-3950-4310-8b1a-93d004abbbdd|127.0.0.1:15031, 36d876fb-a458-4393-963b-58eeedb8ba95|127.0.0.1:15015]|listeners:[], old=null}
2025-09-13 17:34:08,393 [36d876fb-a458-4393-963b-58eeedb8ba95@group-CF05563D4821-LeaderElection298] INFO  impl.LeaderElection (LeaderElection.java:logAndReturn(206)) - 36d876fb-a458-4393-963b-58eeedb8ba95@group-CF05563D4821-LeaderElection298: PRE_VOTE PASSED received 1 response(s) and 0 exception(s):
2025-09-13 17:34:08,393 [36d876fb-a458-4393-963b-58eeedb8ba95@group-CF05563D4821-LeaderElection298] INFO  impl.LeaderElection (LeaderElection.java:logAndReturn(210)) -   Response 0: 36d876fb-a458-4393-963b-58eeedb8ba95<-13facd30-3950-4310-8b1a-93d004abbbdd#0:OK-t5-last:(t:4, i:6)
2025-09-13 17:34:08,393 [36d876fb-a458-4393-963b-58eeedb8ba95@group-CF05563D4821-LeaderElection298] INFO  impl.LeaderElection (LeaderElection.java:askForVotes(450)) - 36d876fb-a458-4393-963b-58eeedb8ba95@group-CF05563D4821-LeaderElection298 PRE_VOTE round 0: result PASSED
2025-09-13 17:34:08,395 [36d876fb-a458-4393-963b-58eeedb8ba95@group-CF05563D4821-LeaderElection298] INFO  impl.LeaderElection (LeaderElection.java:askForVotes(448)) - 36d876fb-a458-4393-963b-58eeedb8ba95@group-CF05563D4821-LeaderElection298 ELECTION round 0: submit vote requests at term 6 for conf: {index: 7, cur=peers:[9e23e878-9bb3-42b5-8b94-e0e229812e65|127.0.0.1:15023, 13facd30-3950-4310-8b1a-93d004abbbdd|127.0.0.1:15031, 36d876fb-a458-4393-963b-58eeedb8ba95|127.0.0.1:15015]|listeners:[], old=null}
2025-09-13 17:34:08,395 [grpc-default-executor-3] INFO  server.RaftServer$Division (RaftServerImpl.java:requestVote(1421)) - 9e23e878-9bb3-42b5-8b94-e0e229812e65@group-CF05563D4821: receive requestVote(ELECTION, 36d876fb-a458-4393-963b-58eeedb8ba95, group-CF05563D4821, 6, (t:5, i:8))
2025-09-13 17:34:08,395 [grpc-default-executor-3] INFO  impl.VoteContext (VoteContext.java:log(49)) - 9e23e878-9bb3-42b5-8b94-e0e229812e65@group-CF05563D4821-FOLLOWER: accept ELECTION from 36d876fb-a458-4393-963b-58eeedb8ba95: our priority 0 <= candidate's priority 0
2025-09-13 17:34:08,395 [grpc-default-executor-9] INFO  server.RaftServer$Division (RaftServerImpl.java:requestVote(1421)) - 13facd30-3950-4310-8b1a-93d004abbbdd@group-CF05563D4821: receive requestVote(ELECTION, 36d876fb-a458-4393-963b-58eeedb8ba95, group-CF05563D4821, 6, (t:5, i:8))
2025-09-13 17:34:08,396 [grpc-default-executor-3] INFO  server.RaftServer$Division (RaftServerImpl.java:setRole(392)) - 9e23e878-9bb3-42b5-8b94-e0e229812e65@group-CF05563D4821: changes role from  FOLLOWER to FOLLOWER at term 5 for candidate:36d876fb-a458-4393-963b-58eeedb8ba95
2025-09-13 17:34:08,396 [grpc-default-executor-9] INFO  impl.VoteContext (VoteContext.java:log(49)) - 13facd30-3950-4310-8b1a-93d004abbbdd@group-CF05563D4821-FOLLOWER: accept ELECTION from 36d876fb-a458-4393-963b-58eeedb8ba95: our last entry (t:4, i:6) < candidate's last entry (t:5, i:8)
2025-09-13 17:34:08,396 [grpc-default-executor-3] INFO  impl.RoleInfo (RoleInfo.java:shutdownFollowerState(121)) - 9e23e878-9bb3-42b5-8b94-e0e229812e65: shutdown 9e23e878-9bb3-42b5-8b94-e0e229812e65@group-CF05563D4821-FollowerState
2025-09-13 17:34:08,396 [grpc-default-executor-9] INFO  server.RaftServer$Division (RaftServerImpl.java:setRole(392)) - 13facd30-3950-4310-8b1a-93d004abbbdd@group-CF05563D4821: changes role from  FOLLOWER to FOLLOWER at term 5 for candidate:36d876fb-a458-4393-963b-58eeedb8ba95
2025-09-13 17:34:08,396 [grpc-default-executor-9] INFO  impl.RoleInfo (RoleInfo.java:shutdownFollowerState(121)) - 13facd30-3950-4310-8b1a-93d004abbbdd: shutdown 13facd30-3950-4310-8b1a-93d004abbbdd@group-CF05563D4821-FollowerState
2025-09-13 17:34:08,396 [grpc-default-executor-3] INFO  impl.RoleInfo (RoleInfo.java:updateAndGet(148)) - 9e23e878-9bb3-42b5-8b94-e0e229812e65: start 9e23e878-9bb3-42b5-8b94-e0e229812e65@group-CF05563D4821-FollowerState
2025-09-13 17:34:08,396 [grpc-default-executor-9] INFO  impl.RoleInfo (RoleInfo.java:updateAndGet(148)) - 13facd30-3950-4310-8b1a-93d004abbbdd: start 13facd30-3950-4310-8b1a-93d004abbbdd@group-CF05563D4821-FollowerState
2025-09-13 17:34:08,396 [9e23e878-9bb3-42b5-8b94-e0e229812e65@group-CF05563D4821-FollowerState] INFO  impl.FollowerState (FollowerState.java:runImpl(170)) - 9e23e878-9bb3-42b5-8b94-e0e229812e65@group-CF05563D4821-FollowerState was interrupted
2025-09-13 17:34:08,396 [13facd30-3950-4310-8b1a-93d004abbbdd@group-CF05563D4821-FollowerState] INFO  impl.FollowerState (FollowerState.java:runImpl(170)) - 13facd30-3950-4310-8b1a-93d004abbbdd@group-CF05563D4821-FollowerState was interrupted
2025-09-13 17:34:08,397 [grpc-default-executor-3] INFO  server.RaftServer$Division (RaftServerImpl.java:requestVote(1455)) - 9e23e878-9bb3-42b5-8b94-e0e229812e65@group-CF05563D4821 replies to ELECTION vote request: 36d876fb-a458-4393-963b-58eeedb8ba95<-9e23e878-9bb3-42b5-8b94-e0e229812e65#0:OK-t6-last:(t:5, i:8). Peer's state: 9e23e878-9bb3-42b5-8b94-e0e229812e65@group-CF05563D4821:t6, leader=null, voted=36d876fb-a458-4393-963b-58eeedb8ba95, raftlog=Memoized:9e23e878-9bb3-42b5-8b94-e0e229812e65@group-CF05563D4821-SegmentedRaftLog:OPENED:c8:last(t:5, i:8), conf=conf: {index: 7, cur=peers:[9e23e878-9bb3-42b5-8b94-e0e229812e65|127.0.0.1:15023, 13facd30-3950-4310-8b1a-93d004abbbdd|127.0.0.1:15031, 36d876fb-a458-4393-963b-58eeedb8ba95|127.0.0.1:15015]|listeners:[], old=null}
2025-09-13 17:34:08,397 [grpc-default-executor-9] INFO  server.RaftServer$Division (RaftServerImpl.java:requestVote(1455)) - 13facd30-3950-4310-8b1a-93d004abbbdd@group-CF05563D4821 replies to ELECTION vote request: 36d876fb-a458-4393-963b-58eeedb8ba95<-13facd30-3950-4310-8b1a-93d004abbbdd#0:OK-t6-last:(t:4, i:6). Peer's state: 13facd30-3950-4310-8b1a-93d004abbbdd@group-CF05563D4821:t6, leader=null, voted=36d876fb-a458-4393-963b-58eeedb8ba95, raftlog=Memoized:13facd30-3950-4310-8b1a-93d004abbbdd@group-CF05563D4821-SegmentedRaftLog:OPENED:c6:last(t:4, i:6), conf=conf: {index: 5, cur=peers:[9e23e878-9bb3-42b5-8b94-e0e229812e65|127.0.0.1:15023, 13facd30-3950-4310-8b1a-93d004abbbdd|127.0.0.1:15031, 36d876fb-a458-4393-963b-58eeedb8ba95|127.0.0.1:15015]|listeners:[], old=null}
2025-09-13 17:34:08,398 [36d876fb-a458-4393-963b-58eeedb8ba95@group-CF05563D4821-LeaderElection298] INFO  impl.LeaderElection (LeaderElection.java:logAndReturn(206)) - 36d876fb-a458-4393-963b-58eeedb8ba95@group-CF05563D4821-LeaderElection298: ELECTION PASSED received 2 response(s) and 0 exception(s):
2025-09-13 17:34:08,398 [36d876fb-a458-4393-963b-58eeedb8ba95@group-CF05563D4821-LeaderElection298] INFO  impl.LeaderElection (LeaderElection.java:logAndReturn(210)) -   Response 0: 36d876fb-a458-4393-963b-58eeedb8ba95<-9e23e878-9bb3-42b5-8b94-e0e229812e65#0:OK-t6-last:(t:5, i:8)
2025-09-13 17:34:08,398 [36d876fb-a458-4393-963b-58eeedb8ba95@group-CF05563D4821-LeaderElection298] INFO  impl.LeaderElection (LeaderElection.java:logAndReturn(210)) -   Response 1: 36d876fb-a458-4393-963b-58eeedb8ba95<-13facd30-3950-4310-8b1a-93d004abbbdd#0:OK-t6-last:(t:4, i:6)
2025-09-13 17:34:08,398 [36d876fb-a458-4393-963b-58eeedb8ba95@group-CF05563D4821-LeaderElection298] INFO  impl.LeaderElection (LeaderElection.java:askForVotes(450)) - 36d876fb-a458-4393-963b-58eeedb8ba95@group-CF05563D4821-LeaderElection298 ELECTION round 0: result PASSED
2025-09-13 17:34:08,398 [36d876fb-a458-4393-963b-58eeedb8ba95@group-CF05563D4821-LeaderElection298] INFO  impl.RoleInfo (RoleInfo.java:shutdownLeaderElection(141)) - 36d876fb-a458-4393-963b-58eeedb8ba95: shutdown 36d876fb-a458-4393-963b-58eeedb8ba95@group-CF05563D4821-LeaderElection298
2025-09-13 17:34:08,398 [36d876fb-a458-4393-963b-58eeedb8ba95@group-CF05563D4821-LeaderElection298] INFO  server.RaftServer$Division (RaftServerImpl.java:setRole(392)) - 36d876fb-a458-4393-963b-58eeedb8ba95@group-CF05563D4821: changes role from CANDIDATE to LEADER at term 6 for changeToLeader
2025-09-13 17:34:08,398 [36d876fb-a458-4393-963b-58eeedb8ba95@group-CF05563D4821-LeaderElection298] INFO  server.RaftServerConfigKeys (ConfUtils.java:logFallback(69)) - raft.server.staging.timeout = 3600ms (fallback to raft.server.rpc.timeout.max)
2025-09-13 17:34:08,398 [36d876fb-a458-4393-963b-58eeedb8ba95@group-CF05563D4821-LeaderElection298] INFO  server.RaftServerConfigKeys (ConfUtils.java:logGet(62)) - raft.server.write.byte-limit = 1024 M (=1073741824) (custom)
2025-09-13 17:34:08,400 [36d876fb-a458-4393-963b-58eeedb8ba95@group-CF05563D4821-LeaderElection298] INFO  server.RaftServerConfigKeys (ConfUtils.java:logGet(62)) - raft.server.log.appender.buffer.byte-limit = 33554432 (custom)
2025-09-13 17:34:08,401 [36d876fb-a458-4393-963b-58eeedb8ba95@group-CF05563D4821-LeaderElection298] INFO  server.RaftServerConfigKeys (ConfUtils.java:logGet(62)) - raft.server.log.appender.buffer.byte-limit = 33554432 (custom)
2025-09-13 17:34:08,401 [36d876fb-a458-4393-963b-58eeedb8ba95@group-CF05563D4821-LeaderElection298] INFO  impl.RoleInfo (RoleInfo.java:updateAndGet(148)) - 36d876fb-a458-4393-963b-58eeedb8ba95: start 36d876fb-a458-4393-963b-58eeedb8ba95@group-CF05563D4821-LeaderStateImpl
2025-09-13 17:34:08,401 [36d876fb-a458-4393-963b-58eeedb8ba95@group-CF05563D4821-LeaderElection298] INFO  server.RaftServer$Division (RaftServerImpl.java:setFirstElection(576)) - 36d876fb-a458-4393-963b-58eeedb8ba95@group-CF05563D4821: set firstElectionSinceStartup to false for becomeLeader
2025-09-13 17:34:08,401 [36d876fb-a458-4393-963b-58eeedb8ba95@group-CF05563D4821-LeaderElection298] INFO  ratis.XceiverServerRatis (XceiverServerRatis.java:handleLeaderChangedNotification(932)) - Leader change notification received for group: group-CF05563D4821 with new leaderId: 36d876fb-a458-4393-963b-58eeedb8ba95
2025-09-13 17:34:08,401 [36d876fb-a458-4393-963b-58eeedb8ba95@group-CF05563D4821-LeaderElection298] INFO  server.RaftServer$Division (ServerState.java:setLeader(272)) - 36d876fb-a458-4393-963b-58eeedb8ba95@group-CF05563D4821: change Leader from null to 36d876fb-a458-4393-963b-58eeedb8ba95 at term 6 for becomeLeader, leader elected after 1865ms
2025-09-13 17:34:08,401 [36d876fb-a458-4393-963b-58eeedb8ba95@group-CF05563D4821-LeaderElection298] INFO  segmented.SegmentedRaftLogWorker (SegmentedRaftLogWorker.java:rollLogSegment(445)) - 36d876fb-a458-4393-963b-58eeedb8ba95@group-CF05563D4821-SegmentedRaftLogWorker: Rolling segment log-7_8 to index:8
2025-09-13 17:34:08,401 [36d876fb-a458-4393-963b-58eeedb8ba95@group-CF05563D4821-LeaderElection298] INFO  server.RaftServer$Division (ServerState.java:setRaftConf(386)) - 36d876fb-a458-4393-963b-58eeedb8ba95@group-CF05563D4821: set configuration conf: {index: 9, cur=peers:[9e23e878-9bb3-42b5-8b94-e0e229812e65|127.0.0.1:15023, 13facd30-3950-4310-8b1a-93d004abbbdd|127.0.0.1:15031, 36d876fb-a458-4393-963b-58eeedb8ba95|127.0.0.1:15015]|listeners:[], old=null}
2025-09-13 17:34:08,402 [36d876fb-a458-4393-963b-58eeedb8ba95@group-CF05563D4821-SegmentedRaftLogWorker] INFO  segmented.SegmentedRaftLogWorker (SegmentedRaftLogWorker.java:execute(604)) - 36d876fb-a458-4393-963b-58eeedb8ba95@group-CF05563D4821-SegmentedRaftLogWorker: Rolled log segment from /home/runner/work/ozone/ozone/hadoop-ozone/integration-test/target/test-dir/MiniOzoneClusterImpl-1331a795-ed08-415d-924a-7661a5cf51a5/ozone-metadata/datanode-1/ratis/59c25a4c-b008-4c23-bf2e-cf05563d4821/current/log_inprogress_7 to /home/runner/work/ozone/ozone/hadoop-ozone/integration-test/target/test-dir/MiniOzoneClusterImpl-1331a795-ed08-415d-924a-7661a5cf51a5/ozone-metadata/datanode-1/ratis/59c25a4c-b008-4c23-bf2e-cf05563d4821/current/log_7-8
2025-09-13 17:34:08,402 [36d876fb-a458-4393-963b-58eeedb8ba95@group-CF05563D4821-SegmentedRaftLogWorker] INFO  segmented.BufferedWriteChannel (BufferedWriteChannel.java:open(61)) - open log_inprogress_9 at position 0
2025-09-13 17:34:08,403 [grpc-default-executor-9] INFO  ratis.XceiverServerRatis (XceiverServerRatis.java:handleLeaderChangedNotification(932)) - Leader change notification received for group: group-CF05563D4821 with new leaderId: 36d876fb-a458-4393-963b-58eeedb8ba95
2025-09-13 17:34:08,404 [grpc-default-executor-3] INFO  ratis.XceiverServerRatis (XceiverServerRatis.java:handleLeaderChangedNotification(932)) - Leader change notification received for group: group-CF05563D4821 with new leaderId: 36d876fb-a458-4393-963b-58eeedb8ba95
2025-09-13 17:34:08,404 [grpc-default-executor-3] INFO  server.RaftServer$Division (ServerState.java:setLeader(272)) - 13facd30-3950-4310-8b1a-93d004abbbdd@group-CF05563D4821: change Leader from null to 36d876fb-a458-4393-963b-58eeedb8ba95 at term 6 for appendEntries, leader elected after 2087ms
2025-09-13 17:34:08,404 [grpc-default-executor-3] INFO  server.RaftServer$Division (RaftServerImpl.java:checkInconsistentAppendEntries(1673)) - 13facd30-3950-4310-8b1a-93d004abbbdd@group-CF05563D4821: Failed appendEntries as previous log entry ((t:5, i:8)) is not found
2025-09-13 17:34:08,404 [grpc-default-executor-9] INFO  server.RaftServer$Division (ServerState.java:setLeader(272)) - 9e23e878-9bb3-42b5-8b94-e0e229812e65@group-CF05563D4821: change Leader from null to 36d876fb-a458-4393-963b-58eeedb8ba95 at term 6 for appendEntries, leader elected after 38304ms
2025-09-13 17:34:08,404 [grpc-default-executor-3] INFO  server.RaftServer$Division (RaftServerImpl.java:appendEntriesAsync(1594)) - 13facd30-3950-4310-8b1a-93d004abbbdd@group-CF05563D4821: appendEntries* reply 36d876fb-a458-4393-963b-58eeedb8ba95<-13facd30-3950-4310-8b1a-93d004abbbdd#0:FAIL-t6,INCONSISTENCY,nextIndex=7,followerCommit=6,matchIndex=-1
2025-09-13 17:34:08,404 [grpc-default-executor-11] WARN  server.GrpcLogAppender (GrpcLogAppender.java:lambda$onNextImpl$0(527)) - 36d876fb-a458-4393-963b-58eeedb8ba95@group-CF05563D4821->13facd30-3950-4310-8b1a-93d004abbbdd-AppendLogResponseHandler: received INCONSISTENCY reply with nextIndex 7, errorCount=1, request=AppendEntriesRequest:cid=0,entriesCount=0 
2025-09-13 17:34:08,404 [grpc-default-executor-9] INFO  server.RaftServer$Division (ServerState.java:setRaftConf(386)) - 9e23e878-9bb3-42b5-8b94-e0e229812e65@group-CF05563D4821: set configuration conf: {index: 9, cur=peers:[9e23e878-9bb3-42b5-8b94-e0e229812e65|127.0.0.1:15023, 13facd30-3950-4310-8b1a-93d004abbbdd|127.0.0.1:15031, 36d876fb-a458-4393-963b-58eeedb8ba95|127.0.0.1:15015]|listeners:[], old=null}
2025-09-13 17:34:08,404 [grpc-default-executor-11] INFO  leader.FollowerInfo (FollowerInfoImpl.java:info(70)) - 36d876fb-a458-4393-963b-58eeedb8ba95@group-CF05563D4821->13facd30-3950-4310-8b1a-93d004abbbdd: setNextIndex nextIndex: updateUnconditionally 9 -> 7
2025-09-13 17:34:08,405 [grpc-default-executor-9] INFO  segmented.SegmentedRaftLogWorker (SegmentedRaftLogWorker.java:rollLogSegment(445)) - 9e23e878-9bb3-42b5-8b94-e0e229812e65@group-CF05563D4821-SegmentedRaftLogWorker: Rolling segment log-7_8 to index:8
2025-09-13 17:34:08,406 [9e23e878-9bb3-42b5-8b94-e0e229812e65@group-CF05563D4821-SegmentedRaftLogWorker] INFO  segmented.SegmentedRaftLogWorker (SegmentedRaftLogWorker.java:execute(604)) - 9e23e878-9bb3-42b5-8b94-e0e229812e65@group-CF05563D4821-SegmentedRaftLogWorker: Rolled log segment from /home/runner/work/ozone/ozone/hadoop-ozone/integration-test/target/test-dir/MiniOzoneClusterImpl-1331a795-ed08-415d-924a-7661a5cf51a5/ozone-metadata/datanode-2/ratis/59c25a4c-b008-4c23-bf2e-cf05563d4821/current/log_inprogress_7 to /home/runner/work/ozone/ozone/hadoop-ozone/integration-test/target/test-dir/MiniOzoneClusterImpl-1331a795-ed08-415d-924a-7661a5cf51a5/ozone-metadata/datanode-2/ratis/59c25a4c-b008-4c23-bf2e-cf05563d4821/current/log_7-8
2025-09-13 17:34:08,406 [grpc-default-executor-9] INFO  server.RaftServer$Division (ServerState.java:setRaftConf(386)) - 13facd30-3950-4310-8b1a-93d004abbbdd@group-CF05563D4821: set configuration conf: {index: 7, cur=peers:[9e23e878-9bb3-42b5-8b94-e0e229812e65|127.0.0.1:15023, 13facd30-3950-4310-8b1a-93d004abbbdd|127.0.0.1:15031, 36d876fb-a458-4393-963b-58eeedb8ba95|127.0.0.1:15015]|listeners:[], old=null}
2025-09-13 17:34:08,406 [grpc-default-executor-9] INFO  server.RaftServer$Division (ServerState.java:setRaftConf(386)) - 13facd30-3950-4310-8b1a-93d004abbbdd@group-CF05563D4821: set configuration conf: {index: 9, cur=peers:[9e23e878-9bb3-42b5-8b94-e0e229812e65|127.0.0.1:15023, 13facd30-3950-4310-8b1a-93d004abbbdd|127.0.0.1:15031, 36d876fb-a458-4393-963b-58eeedb8ba95|127.0.0.1:15015]|listeners:[], old=null}
2025-09-13 17:34:08,406 [9e23e878-9bb3-42b5-8b94-e0e229812e65@group-CF05563D4821-SegmentedRaftLogWorker] INFO  segmented.BufferedWriteChannel (BufferedWriteChannel.java:open(61)) - open log_inprogress_9 at position 0
2025-09-13 17:34:08,407 [grpc-default-executor-9] INFO  segmented.SegmentedRaftLogWorker (SegmentedRaftLogWorker.java:rollLogSegment(445)) - 13facd30-3950-4310-8b1a-93d004abbbdd@group-CF05563D4821-SegmentedRaftLogWorker: Rolling segment log-5_6 to index:6
2025-09-13 17:34:08,407 [grpc-default-executor-9] INFO  segmented.SegmentedRaftLogWorker (SegmentedRaftLogWorker.java:rollLogSegment(445)) - 13facd30-3950-4310-8b1a-93d004abbbdd@group-CF05563D4821-SegmentedRaftLogWorker: Rolling segment log-7_8 to index:8
2025-09-13 17:34:08,407 [13facd30-3950-4310-8b1a-93d004abbbdd@group-CF05563D4821-SegmentedRaftLogWorker] INFO  segmented.SegmentedRaftLogWorker (SegmentedRaftLogWorker.java:execute(604)) - 13facd30-3950-4310-8b1a-93d004abbbdd@group-CF05563D4821-SegmentedRaftLogWorker: Rolled log segment from /home/runner/work/ozone/ozone/hadoop-ozone/integration-test/target/test-dir/MiniOzoneClusterImpl-1331a795-ed08-415d-924a-7661a5cf51a5/ozone-metadata/datanode-3/ratis/59c25a4c-b008-4c23-bf2e-cf05563d4821/current/log_inprogress_5 to /home/runner/work/ozone/ozone/hadoop-ozone/integration-test/target/test-dir/MiniOzoneClusterImpl-1331a795-ed08-415d-924a-7661a5cf51a5/ozone-metadata/datanode-3/ratis/59c25a4c-b008-4c23-bf2e-cf05563d4821/current/log_5-6
2025-09-13 17:34:08,407 [13facd30-3950-4310-8b1a-93d004abbbdd@group-CF05563D4821-SegmentedRaftLogWorker] INFO  segmented.BufferedWriteChannel (BufferedWriteChannel.java:open(61)) - open log_inprogress_7 at position 0
2025-09-13 17:34:08,409 [36d876fb-a458-4393-963b-58eeedb8ba95@group-CF05563D4821-SegmentedRaftLogWorker] INFO  segmented.SegmentedRaftLogWorker (SegmentedRaftLogWorker.java:execute(647)) - 36d876fb-a458-4393-963b-58eeedb8ba95@group-CF05563D4821-SegmentedRaftLogWorker: created new log segment /home/runner/work/ozone/ozone/hadoop-ozone/integration-test/target/test-dir/MiniOzoneClusterImpl-1331a795-ed08-415d-924a-7661a5cf51a5/ozone-metadata/datanode-1/ratis/59c25a4c-b008-4c23-bf2e-cf05563d4821/current/log_inprogress_9
2025-09-13 17:34:08,416 [9e23e878-9bb3-42b5-8b94-e0e229812e65@group-CF05563D4821-SegmentedRaftLogWorker] INFO  segmented.SegmentedRaftLogWorker (SegmentedRaftLogWorker.java:execute(647)) - 9e23e878-9bb3-42b5-8b94-e0e229812e65@group-CF05563D4821-SegmentedRaftLogWorker: created new log segment /home/runner/work/ozone/ozone/hadoop-ozone/integration-test/target/test-dir/MiniOzoneClusterImpl-1331a795-ed08-415d-924a-7661a5cf51a5/ozone-metadata/datanode-2/ratis/59c25a4c-b008-4c23-bf2e-cf05563d4821/current/log_inprogress_9
2025-09-13 17:34:08,417 [13facd30-3950-4310-8b1a-93d004abbbdd@group-CF05563D4821-SegmentedRaftLogWorker] INFO  segmented.SegmentedRaftLogWorker (SegmentedRaftLogWorker.java:execute(647)) - 13facd30-3950-4310-8b1a-93d004abbbdd@group-CF05563D4821-SegmentedRaftLogWorker: created new log segment /home/runner/work/ozone/ozone/hadoop-ozone/integration-test/target/test-dir/MiniOzoneClusterImpl-1331a795-ed08-415d-924a-7661a5cf51a5/ozone-metadata/datanode-3/ratis/59c25a4c-b008-4c23-bf2e-cf05563d4821/current/log_inprogress_7
2025-09-13 17:34:08,418 [13facd30-3950-4310-8b1a-93d004abbbdd@group-CF05563D4821-SegmentedRaftLogWorker] INFO  segmented.SegmentedRaftLogWorker (SegmentedRaftLogWorker.java:execute(604)) - 13facd30-3950-4310-8b1a-93d004abbbdd@group-CF05563D4821-SegmentedRaftLogWorker: Rolled log segment from /home/runner/work/ozone/ozone/hadoop-ozone/integration-test/target/test-dir/MiniOzoneClusterImpl-1331a795-ed08-415d-924a-7661a5cf51a5/ozone-metadata/datanode-3/ratis/59c25a4c-b008-4c23-bf2e-cf05563d4821/current/log_inprogress_7 to /home/runner/work/ozone/ozone/hadoop-ozone/integration-test/target/test-dir/MiniOzoneClusterImpl-1331a795-ed08-415d-924a-7661a5cf51a5/ozone-metadata/datanode-3/ratis/59c25a4c-b008-4c23-bf2e-cf05563d4821/current/log_7-8
2025-09-13 17:34:08,418 [13facd30-3950-4310-8b1a-93d004abbbdd@group-CF05563D4821-SegmentedRaftLogWorker] INFO  segmented.BufferedWriteChannel (BufferedWriteChannel.java:open(61)) - open log_inprogress_9 at position 0
2025-09-13 17:34:08,419 [36d876fb-a458-4393-963b-58eeedb8ba95@group-CF05563D4821-StateMachineUpdater] INFO  server.RaftServer$Division (LeaderStateImpl.java:checkStartIndex(309)) - Leader 36d876fb-a458-4393-963b-58eeedb8ba95@group-CF05563D4821-LeaderStateImpl is ready since appliedIndex == startIndex == 9
2025-09-13 17:34:08,424 [13facd30-3950-4310-8b1a-93d004abbbdd@group-CF05563D4821-SegmentedRaftLogWorker] INFO  segmented.SegmentedRaftLogWorker (SegmentedRaftLogWorker.java:execute(647)) - 13facd30-3950-4310-8b1a-93d004abbbdd@group-CF05563D4821-SegmentedRaftLogWorker: created new log segment /home/runner/work/ozone/ozone/hadoop-ozone/integration-test/target/test-dir/MiniOzoneClusterImpl-1331a795-ed08-415d-924a-7661a5cf51a5/ozone-metadata/datanode-3/ratis/59c25a4c-b008-4c23-bf2e-cf05563d4821/current/log_inprogress_9
2025-09-13 17:34:09,625 [36d876fb-a458-4393-963b-58eeedb8ba95@group-CF05563D4821-LeaderStateImpl] INFO  impl.TransferLeadership (TransferLeadership.java:tryTransferLeadership(258)) - 36d876fb-a458-4393-963b-58eeedb8ba95@group-CF05563D4821: start transferring leadership to 13facd30-3950-4310-8b1a-93d004abbbdd
2025-09-13 17:34:09,625 [36d876fb-a458-4393-963b-58eeedb8ba95@group-CF05563D4821-LeaderStateImpl] INFO  impl.TransferLeadership (TransferLeadership.java:sendStartLeaderElection(210)) - 36d876fb-a458-4393-963b-58eeedb8ba95@group-CF05563D4821: sendStartLeaderElection to follower 13facd30-3950-4310-8b1a-93d004abbbdd, lastEntry=(t:6, i:10)
2025-09-13 17:34:09,626 [36d876fb-a458-4393-963b-58eeedb8ba95@group-CF05563D4821-LeaderStateImpl] INFO  impl.TransferLeadership (TransferLeadership.java:tryTransferLeadership(266)) - 36d876fb-a458-4393-963b-58eeedb8ba95@group-CF05563D4821: SUCCESS sent StartLeaderElection to transferee 13facd30-3950-4310-8b1a-93d004abbbdd immediately as it already has up-to-date log
2025-09-13 17:34:09,627 [grpc-default-executor-12] INFO  impl.RoleInfo (RoleInfo.java:shutdownFollowerState(121)) - 13facd30-3950-4310-8b1a-93d004abbbdd: shutdown 13facd30-3950-4310-8b1a-93d004abbbdd@group-CF05563D4821-FollowerState
2025-09-13 17:34:09,627 [grpc-default-executor-12] INFO  server.RaftServer$Division (RaftServerImpl.java:setRole(392)) - 13facd30-3950-4310-8b1a-93d004abbbdd@group-CF05563D4821: changes role from  FOLLOWER to CANDIDATE at term 6 for changeToCandidate
2025-09-13 17:34:09,627 [13facd30-3950-4310-8b1a-93d004abbbdd@group-CF05563D4821-FollowerState] INFO  impl.FollowerState (FollowerState.java:runImpl(170)) - 13facd30-3950-4310-8b1a-93d004abbbdd@group-CF05563D4821-FollowerState was interrupted
2025-09-13 17:34:09,627 [grpc-default-executor-12] INFO  server.RaftServer$Division (ServerState.java:setLeader(272)) - 13facd30-3950-4310-8b1a-93d004abbbdd@group-CF05563D4821: change Leader from 36d876fb-a458-4393-963b-58eeedb8ba95 to null at term 6 for ELECTION
2025-09-13 17:34:09,630 [grpc-default-executor-12] INFO  impl.RoleInfo (RoleInfo.java:updateAndGet(148)) - 13facd30-3950-4310-8b1a-93d004abbbdd: start 13facd30-3950-4310-8b1a-93d004abbbdd@group-CF05563D4821-LeaderElection299
2025-09-13 17:34:09,630 [13facd30-3950-4310-8b1a-93d004abbbdd@group-CF05563D4821-LeaderElection299] INFO  impl.LeaderElection (LeaderElection.java:askForVotes(448)) - 13facd30-3950-4310-8b1a-93d004abbbdd@group-CF05563D4821-LeaderElection299 ELECTION round 0: submit vote requests at term 7 for conf: {index: 9, cur=peers:[9e23e878-9bb3-42b5-8b94-e0e229812e65|127.0.0.1:15023, 13facd30-3950-4310-8b1a-93d004abbbdd|127.0.0.1:15031, 36d876fb-a458-4393-963b-58eeedb8ba95|127.0.0.1:15015]|listeners:[], old=null}
2025-09-13 17:34:09,631 [36d876fb-a458-4393-963b-58eeedb8ba95-server-thread1] INFO  impl.TransferLeadership (TransferLeadership.java:lambda$sendStartLeaderElection$2(224)) - 36d876fb-a458-4393-963b-58eeedb8ba95@group-CF05563D4821: Received startLeaderElection reply from 13facd30-3950-4310-8b1a-93d004abbbdd: success? true
2025-09-13 17:34:09,631 [grpc-default-executor-12] INFO  server.RaftServer$Division (RaftServerImpl.java:requestVote(1421)) - 9e23e878-9bb3-42b5-8b94-e0e229812e65@group-CF05563D4821: receive requestVote(ELECTION, 13facd30-3950-4310-8b1a-93d004abbbdd, group-CF05563D4821, 7, (t:6, i:10))
2025-09-13 17:34:09,631 [grpc-default-executor-12] INFO  impl.VoteContext (VoteContext.java:log(49)) - 9e23e878-9bb3-42b5-8b94-e0e229812e65@group-CF05563D4821-FOLLOWER: accept ELECTION from 13facd30-3950-4310-8b1a-93d004abbbdd: our priority 0 <= candidate's priority 1
2025-09-13 17:34:09,631 [grpc-default-executor-12] INFO  server.RaftServer$Division (RaftServerImpl.java:setRole(392)) - 9e23e878-9bb3-42b5-8b94-e0e229812e65@group-CF05563D4821: changes role from  FOLLOWER to FOLLOWER at term 6 for candidate:13facd30-3950-4310-8b1a-93d004abbbdd
2025-09-13 17:34:09,631 [grpc-default-executor-12] INFO  impl.RoleInfo (RoleInfo.java:shutdownFollowerState(121)) - 9e23e878-9bb3-42b5-8b94-e0e229812e65: shutdown 9e23e878-9bb3-42b5-8b94-e0e229812e65@group-CF05563D4821-FollowerState
2025-09-13 17:34:09,631 [grpc-default-executor-12] INFO  server.RaftServer$Division (ServerState.java:setLeader(272)) - 9e23e878-9bb3-42b5-8b94-e0e229812e65@group-CF05563D4821: change Leader from 36d876fb-a458-4393-963b-58eeedb8ba95 to null at term 7 for updateCurrentTerm
2025-09-13 17:34:09,631 [9e23e878-9bb3-42b5-8b94-e0e229812e65@group-CF05563D4821-FollowerState] INFO  impl.FollowerState (FollowerState.java:runImpl(170)) - 9e23e878-9bb3-42b5-8b94-e0e229812e65@group-CF05563D4821-FollowerState was interrupted
2025-09-13 17:34:09,631 [grpc-default-executor-12] INFO  impl.RoleInfo (RoleInfo.java:updateAndGet(148)) - 9e23e878-9bb3-42b5-8b94-e0e229812e65: start 9e23e878-9bb3-42b5-8b94-e0e229812e65@group-CF05563D4821-FollowerState
2025-09-13 17:34:09,632 [grpc-default-executor-9] INFO  server.RaftServer$Division (RaftServerImpl.java:requestVote(1421)) - 36d876fb-a458-4393-963b-58eeedb8ba95@group-CF05563D4821: receive requestVote(ELECTION, 13facd30-3950-4310-8b1a-93d004abbbdd, group-CF05563D4821, 7, (t:6, i:10))
2025-09-13 17:34:09,632 [grpc-default-executor-9] INFO  impl.VoteContext (VoteContext.java:log(49)) - 36d876fb-a458-4393-963b-58eeedb8ba95@group-CF05563D4821-LEADER: accept ELECTION from 13facd30-3950-4310-8b1a-93d004abbbdd: our priority 0 <= candidate's priority 1
2025-09-13 17:34:09,632 [grpc-default-executor-9] INFO  server.RaftServer$Division (RaftServerImpl.java:setRole(392)) - 36d876fb-a458-4393-963b-58eeedb8ba95@group-CF05563D4821: changes role from    LEADER to FOLLOWER at term 6 for candidate:13facd30-3950-4310-8b1a-93d004abbbdd
2025-09-13 17:34:09,632 [grpc-default-executor-9] INFO  impl.RoleInfo (RoleInfo.java:shutdownLeaderState(103)) - 36d876fb-a458-4393-963b-58eeedb8ba95: shutdown 36d876fb-a458-4393-963b-58eeedb8ba95@group-CF05563D4821-LeaderStateImpl
2025-09-13 17:34:09,632 [grpc-default-executor-9] INFO  impl.PendingRequests (PendingRequests.java:sendNotLeaderResponses(287)) - 36d876fb-a458-4393-963b-58eeedb8ba95@group-CF05563D4821-PendingRequests: sendNotLeaderResponses
2025-09-13 17:34:09,632 [36d876fb-a458-4393-963b-58eeedb8ba95@group-CF05563D4821->9e23e878-9bb3-42b5-8b94-e0e229812e65-GrpcLogAppender-LogAppenderDaemon] WARN  server.GrpcLogAppender (GrpcLogAppender.java:mayWait(300)) - 36d876fb-a458-4393-963b-58eeedb8ba95@group-CF05563D4821->9e23e878-9bb3-42b5-8b94-e0e229812e65-GrpcLogAppender: Wait interrupted by java.lang.InterruptedException
2025-09-13 17:34:09,632 [36d876fb-a458-4393-963b-58eeedb8ba95@group-CF05563D4821->13facd30-3950-4310-8b1a-93d004abbbdd-GrpcLogAppender-LogAppenderDaemon] WARN  server.GrpcLogAppender (GrpcLogAppender.java:mayWait(300)) - 36d876fb-a458-4393-963b-58eeedb8ba95@group-CF05563D4821->13facd30-3950-4310-8b1a-93d004abbbdd-GrpcLogAppender: Wait interrupted by java.lang.InterruptedException
2025-09-13 17:34:09,632 [grpc-default-executor-3] INFO  server.GrpcServerProtocolService (GrpcServerProtocolService.java:lambda$onCompleted$6(171)) - 13facd30-3950-4310-8b1a-93d004abbbdd: Completed APPEND_ENTRIES, lastRequest: 36d876fb-a458-4393-963b-58eeedb8ba95->13facd30-3950-4310-8b1a-93d004abbbdd#3-t6,previous=(t:6, i:9),leaderCommit=9,initializing? false,entries: size=1, first=(t:6, i:10), METADATAENTRY(c:9) 
2025-09-13 17:34:09,633 [grpc-default-executor-8] INFO  server.GrpcServerProtocolService (GrpcServerProtocolService.java:lambda$null$7(175)) - 13facd30-3950-4310-8b1a-93d004abbbdd: Completed APPEND_ENTRIES, lastReply: serverReply {
  requestorId: "36d876fb-a458-4393-963b-58eeedb8ba95"
  replyId: "13facd30-3950-4310-8b1a-93d004abbbdd"
  raftGroupId {
    id: "Y\302ZL\260\bL#\277.\317\005V=H!"
  }
  callId: 11
  success: true
}
term: 6
nextIndex: 11
followerCommit: 10
matchIndex: 18446744073709551615
isHearbeat: true
 
2025-09-13 17:34:09,633 [grpc-default-executor-10] INFO  server.GrpcServerProtocolService (GrpcServerProtocolService.java:lambda$onCompleted$6(171)) - 9e23e878-9bb3-42b5-8b94-e0e229812e65: Completed APPEND_ENTRIES, lastRequest: null 
2025-09-13 17:34:09,633 [grpc-default-executor-10] INFO  server.GrpcServerProtocolService (GrpcServerProtocolService.java:lambda$null$7(175)) - 9e23e878-9bb3-42b5-8b94-e0e229812e65: Completed APPEND_ENTRIES, lastReply: serverReply {
  requestorId: "36d876fb-a458-4393-963b-58eeedb8ba95"
  replyId: "9e23e878-9bb3-42b5-8b94-e0e229812e65"
  raftGroupId {
    id: "Y\302ZL\260\bL#\277.\317\005V=H!"
  }
  callId: 8
  success: true
}
term: 6
nextIndex: 11
followerCommit: 10
matchIndex: 18446744073709551615
isHearbeat: true
 
2025-09-13 17:34:09,633 [grpc-default-executor-10] INFO  server.GrpcLogAppender (GrpcLogAppender.java:onCompleted(558)) - 36d876fb-a458-4393-963b-58eeedb8ba95@group-CF05563D4821->9e23e878-9bb3-42b5-8b94-e0e229812e65-AppendLogResponseHandler: follower responses appendEntries COMPLETED
2025-09-13 17:34:09,633 [grpc-default-executor-11] INFO  server.GrpcLogAppender (GrpcLogAppender.java:onCompleted(558)) - 36d876fb-a458-4393-963b-58eeedb8ba95@group-CF05563D4821->9e23e878-9bb3-42b5-8b94-e0e229812e65-AppendLogResponseHandler: follower responses appendEntries COMPLETED
2025-09-13 17:34:09,633 [grpc-default-executor-12] INFO  server.RaftServer$Division (RaftServerImpl.java:requestVote(1455)) - 9e23e878-9bb3-42b5-8b94-e0e229812e65@group-CF05563D4821 replies to ELECTION vote request: 13facd30-3950-4310-8b1a-93d004abbbdd<-9e23e878-9bb3-42b5-8b94-e0e229812e65#0:OK-t7-last:(t:6, i:10). Peer's state: 9e23e878-9bb3-42b5-8b94-e0e229812e65@group-CF05563D4821:t7, leader=null, voted=13facd30-3950-4310-8b1a-93d004abbbdd, raftlog=Memoized:9e23e878-9bb3-42b5-8b94-e0e229812e65@group-CF05563D4821-SegmentedRaftLog:OPENED:c10:last(t:6, i:10), conf=conf: {index: 9, cur=peers:[9e23e878-9bb3-42b5-8b94-e0e229812e65|127.0.0.1:15023, 13facd30-3950-4310-8b1a-93d004abbbdd|127.0.0.1:15031, 36d876fb-a458-4393-963b-58eeedb8ba95|127.0.0.1:15015]|listeners:[], old=null}
2025-09-13 17:34:09,634 [grpc-default-executor-9] INFO  server.RaftServer$Division (ServerState.java:setLeader(272)) - 36d876fb-a458-4393-963b-58eeedb8ba95@group-CF05563D4821: change Leader from 36d876fb-a458-4393-963b-58eeedb8ba95 to null at term 6 for candidate:13facd30-3950-4310-8b1a-93d004abbbdd
2025-09-13 17:34:09,634 [grpc-default-executor-9] INFO  impl.RoleInfo (RoleInfo.java:updateAndGet(148)) - 36d876fb-a458-4393-963b-58eeedb8ba95: start 36d876fb-a458-4393-963b-58eeedb8ba95@group-CF05563D4821-FollowerState
2025-09-13 17:34:09,634 [13facd30-3950-4310-8b1a-93d004abbbdd@group-CF05563D4821-LeaderElection299] INFO  impl.LeaderElection (LeaderElection.java:logAndReturn(206)) - 13facd30-3950-4310-8b1a-93d004abbbdd@group-CF05563D4821-LeaderElection299: ELECTION PASSED received 1 response(s) and 0 exception(s):
2025-09-13 17:34:09,634 [13facd30-3950-4310-8b1a-93d004abbbdd@group-CF05563D4821-LeaderElection299] INFO  impl.LeaderElection (LeaderElection.java:logAndReturn(210)) -   Response 0: 13facd30-3950-4310-8b1a-93d004abbbdd<-9e23e878-9bb3-42b5-8b94-e0e229812e65#0:OK-t7-last:(t:6, i:10)
2025-09-13 17:34:09,634 [13facd30-3950-4310-8b1a-93d004abbbdd@group-CF05563D4821-LeaderElection299] INFO  impl.LeaderElection (LeaderElection.java:askForVotes(450)) - 13facd30-3950-4310-8b1a-93d004abbbdd@group-CF05563D4821-LeaderElection299 ELECTION round 0: result PASSED
2025-09-13 17:34:09,634 [13facd30-3950-4310-8b1a-93d004abbbdd@group-CF05563D4821-LeaderElection299] INFO  impl.RoleInfo (RoleInfo.java:shutdownLeaderElection(141)) - 13facd30-3950-4310-8b1a-93d004abbbdd: shutdown 13facd30-3950-4310-8b1a-93d004abbbdd@group-CF05563D4821-LeaderElection299
2025-09-13 17:34:09,634 [13facd30-3950-4310-8b1a-93d004abbbdd@group-CF05563D4821-LeaderElection299] INFO  server.RaftServer$Division (RaftServerImpl.java:setRole(392)) - 13facd30-3950-4310-8b1a-93d004abbbdd@group-CF05563D4821: changes role from CANDIDATE to LEADER at term 7 for changeToLeader
2025-09-13 17:34:09,634 [13facd30-3950-4310-8b1a-93d004abbbdd@group-CF05563D4821-LeaderElection299] INFO  server.RaftServerConfigKeys (ConfUtils.java:logFallback(69)) - raft.server.staging.timeout = 3600ms (fallback to raft.server.rpc.timeout.max)
2025-09-13 17:34:09,634 [13facd30-3950-4310-8b1a-93d004abbbdd@group-CF05563D4821-LeaderElection299] INFO  server.RaftServerConfigKeys (ConfUtils.java:logGet(62)) - raft.server.write.byte-limit = 1024 M (=1073741824) (custom)
2025-09-13 17:34:09,635 [grpc-default-executor-8] INFO  server.GrpcLogAppender (GrpcLogAppender.java:onCompleted(558)) - 36d876fb-a458-4393-963b-58eeedb8ba95@group-CF05563D4821->13facd30-3950-4310-8b1a-93d004abbbdd-AppendLogResponseHandler: follower responses appendEntries COMPLETED
2025-09-13 17:34:09,635 [grpc-default-executor-10] INFO  server.GrpcLogAppender (GrpcLogAppender.java:onCompleted(558)) - 36d876fb-a458-4393-963b-58eeedb8ba95@group-CF05563D4821->13facd30-3950-4310-8b1a-93d004abbbdd-AppendLogResponseHandler: follower responses appendEntries COMPLETED
2025-09-13 17:34:09,636 [grpc-default-executor-9] INFO  server.RaftServer$Division (RaftServerImpl.java:requestVote(1455)) - 36d876fb-a458-4393-963b-58eeedb8ba95@group-CF05563D4821 replies to ELECTION vote request: 13facd30-3950-4310-8b1a-93d004abbbdd<-36d876fb-a458-4393-963b-58eeedb8ba95#0:OK-t7-last:(t:6, i:10). Peer's state: 36d876fb-a458-4393-963b-58eeedb8ba95@group-CF05563D4821:t7, leader=null, voted=13facd30-3950-4310-8b1a-93d004abbbdd, raftlog=Memoized:36d876fb-a458-4393-963b-58eeedb8ba95@group-CF05563D4821-SegmentedRaftLog:OPENED:c10:last(t:6, i:10), conf=conf: {index: 9, cur=peers:[9e23e878-9bb3-42b5-8b94-e0e229812e65|127.0.0.1:15023, 13facd30-3950-4310-8b1a-93d004abbbdd|127.0.0.1:15031, 36d876fb-a458-4393-963b-58eeedb8ba95|127.0.0.1:15015]|listeners:[], old=null}
2025-09-13 17:34:09,636 [13facd30-3950-4310-8b1a-93d004abbbdd@group-CF05563D4821-LeaderElection299] INFO  server.RaftServerConfigKeys (ConfUtils.java:logGet(62)) - raft.server.log.appender.buffer.byte-limit = 33554432 (custom)
2025-09-13 17:34:09,638 [13facd30-3950-4310-8b1a-93d004abbbdd@group-CF05563D4821-LeaderElection299] INFO  server.RaftServerConfigKeys (ConfUtils.java:logGet(62)) - raft.server.log.appender.buffer.byte-limit = 33554432 (custom)
2025-09-13 17:34:09,638 [13facd30-3950-4310-8b1a-93d004abbbdd@group-CF05563D4821-LeaderElection299] INFO  impl.RoleInfo (RoleInfo.java:updateAndGet(148)) - 13facd30-3950-4310-8b1a-93d004abbbdd: start 13facd30-3950-4310-8b1a-93d004abbbdd@group-CF05563D4821-LeaderStateImpl
2025-09-13 17:34:09,638 [13facd30-3950-4310-8b1a-93d004abbbdd@group-CF05563D4821-LeaderElection299] INFO  ratis.XceiverServerRatis (XceiverServerRatis.java:handleLeaderChangedNotification(932)) - Leader change notification received for group: group-CF05563D4821 with new leaderId: 13facd30-3950-4310-8b1a-93d004abbbdd
2025-09-13 17:34:09,638 [13facd30-3950-4310-8b1a-93d004abbbdd@group-CF05563D4821-LeaderElection299] INFO  server.RaftServer$Division (ServerState.java:setLeader(272)) - 13facd30-3950-4310-8b1a-93d004abbbdd@group-CF05563D4821: change Leader from null to 13facd30-3950-4310-8b1a-93d004abbbdd at term 7 for becomeLeader, leader elected after 11ms
2025-09-13 17:34:09,638 [13facd30-3950-4310-8b1a-93d004abbbdd@group-CF05563D4821-LeaderElection299] INFO  segmented.SegmentedRaftLogWorker (SegmentedRaftLogWorker.java:rollLogSegment(445)) - 13facd30-3950-4310-8b1a-93d004abbbdd@group-CF05563D4821-SegmentedRaftLogWorker: Rolling segment log-9_10 to index:10
2025-09-13 17:34:09,638 [13facd30-3950-4310-8b1a-93d004abbbdd@group-CF05563D4821-LeaderElection299] INFO  server.RaftServer$Division (ServerState.java:setRaftConf(386)) - 13facd30-3950-4310-8b1a-93d004abbbdd@group-CF05563D4821: set configuration conf: {index: 11, cur=peers:[9e23e878-9bb3-42b5-8b94-e0e229812e65|127.0.0.1:15023, 13facd30-3950-4310-8b1a-93d004abbbdd|127.0.0.1:15031, 36d876fb-a458-4393-963b-58eeedb8ba95|127.0.0.1:15015]|listeners:[], old=null}
2025-09-13 17:34:09,639 [13facd30-3950-4310-8b1a-93d004abbbdd@group-CF05563D4821-SegmentedRaftLogWorker] INFO  segmented.SegmentedRaftLogWorker (SegmentedRaftLogWorker.java:execute(604)) - 13facd30-3950-4310-8b1a-93d004abbbdd@group-CF05563D4821-SegmentedRaftLogWorker: Rolled log segment from /home/runner/work/ozone/ozone/hadoop-ozone/integration-test/target/test-dir/MiniOzoneClusterImpl-1331a795-ed08-415d-924a-7661a5cf51a5/ozone-metadata/datanode-3/ratis/59c25a4c-b008-4c23-bf2e-cf05563d4821/current/log_inprogress_9 to /home/runner/work/ozone/ozone/hadoop-ozone/integration-test/target/test-dir/MiniOzoneClusterImpl-1331a795-ed08-415d-924a-7661a5cf51a5/ozone-metadata/datanode-3/ratis/59c25a4c-b008-4c23-bf2e-cf05563d4821/current/log_9-10
2025-09-13 17:34:09,640 [13facd30-3950-4310-8b1a-93d004abbbdd@group-CF05563D4821-SegmentedRaftLogWorker] INFO  segmented.BufferedWriteChannel (BufferedWriteChannel.java:open(61)) - open log_inprogress_11 at position 0
2025-09-13 17:34:09,642 [grpc-default-executor-9] INFO  ratis.XceiverServerRatis (XceiverServerRatis.java:handleLeaderChangedNotification(932)) - Leader change notification received for group: group-CF05563D4821 with new leaderId: 13facd30-3950-4310-8b1a-93d004abbbdd
2025-09-13 17:34:09,642 [grpc-default-executor-9] INFO  server.RaftServer$Division (ServerState.java:setLeader(272)) - 36d876fb-a458-4393-963b-58eeedb8ba95@group-CF05563D4821: change Leader from null to 13facd30-3950-4310-8b1a-93d004abbbdd at term 7 for appendEntries, leader elected after 8ms
2025-09-13 17:34:09,642 [grpc-default-executor-8] INFO  ratis.XceiverServerRatis (XceiverServerRatis.java:handleLeaderChangedNotification(932)) - Leader change notification received for group: group-CF05563D4821 with new leaderId: 13facd30-3950-4310-8b1a-93d004abbbdd
2025-09-13 17:34:09,642 [grpc-default-executor-8] INFO  server.RaftServer$Division (ServerState.java:setLeader(272)) - 9e23e878-9bb3-42b5-8b94-e0e229812e65@group-CF05563D4821: change Leader from null to 13facd30-3950-4310-8b1a-93d004abbbdd at term 7 for appendEntries, leader elected after 11ms
2025-09-13 17:34:09,644 [grpc-default-executor-11] INFO  server.RaftServer$Division (ServerState.java:setRaftConf(386)) - 36d876fb-a458-4393-963b-58eeedb8ba95@group-CF05563D4821: set configuration conf: {index: 11, cur=peers:[9e23e878-9bb3-42b5-8b94-e0e229812e65|127.0.0.1:15023, 13facd30-3950-4310-8b1a-93d004abbbdd|127.0.0.1:15031, 36d876fb-a458-4393-963b-58eeedb8ba95|127.0.0.1:15015]|listeners:[], old=null}
2025-09-13 17:34:09,644 [grpc-default-executor-11] INFO  segmented.SegmentedRaftLogWorker (SegmentedRaftLogWorker.java:rollLogSegment(445)) - 36d876fb-a458-4393-963b-58eeedb8ba95@group-CF05563D4821-SegmentedRaftLogWorker: Rolling segment log-9_10 to index:10
2025-09-13 17:34:09,644 [grpc-default-executor-9] INFO  server.RaftServer$Division (ServerState.java:setRaftConf(386)) - 9e23e878-9bb3-42b5-8b94-e0e229812e65@group-CF05563D4821: set configuration conf: {index: 11, cur=peers:[9e23e878-9bb3-42b5-8b94-e0e229812e65|127.0.0.1:15023, 13facd30-3950-4310-8b1a-93d004abbbdd|127.0.0.1:15031, 36d876fb-a458-4393-963b-58eeedb8ba95|127.0.0.1:15015]|listeners:[], old=null}
2025-09-13 17:34:09,644 [grpc-default-executor-9] INFO  segmented.SegmentedRaftLogWorker (SegmentedRaftLogWorker.java:rollLogSegment(445)) - 9e23e878-9bb3-42b5-8b94-e0e229812e65@group-CF05563D4821-SegmentedRaftLogWorker: Rolling segment log-9_10 to index:10
2025-09-13 17:34:09,645 [36d876fb-a458-4393-963b-58eeedb8ba95@group-CF05563D4821-SegmentedRaftLogWorker] INFO  segmented.SegmentedRaftLogWorker (SegmentedRaftLogWorker.java:execute(604)) - 36d876fb-a458-4393-963b-58eeedb8ba95@group-CF05563D4821-SegmentedRaftLogWorker: Rolled log segment from /home/runner/work/ozone/ozone/hadoop-ozone/integration-test/target/test-dir/MiniOzoneClusterImpl-1331a795-ed08-415d-924a-7661a5cf51a5/ozone-metadata/datanode-1/ratis/59c25a4c-b008-4c23-bf2e-cf05563d4821/current/log_inprogress_9 to /home/runner/work/ozone/ozone/hadoop-ozone/integration-test/target/test-dir/MiniOzoneClusterImpl-1331a795-ed08-415d-924a-7661a5cf51a5/ozone-metadata/datanode-1/ratis/59c25a4c-b008-4c23-bf2e-cf05563d4821/current/log_9-10
2025-09-13 17:34:09,645 [9e23e878-9bb3-42b5-8b94-e0e229812e65@group-CF05563D4821-SegmentedRaftLogWorker] INFO  segmented.SegmentedRaftLogWorker (SegmentedRaftLogWorker.java:execute(604)) - 9e23e878-9bb3-42b5-8b94-e0e229812e65@group-CF05563D4821-SegmentedRaftLogWorker: Rolled log segment from /home/runner/work/ozone/ozone/hadoop-ozone/integration-test/target/test-dir/MiniOzoneClusterImpl-1331a795-ed08-415d-924a-7661a5cf51a5/ozone-metadata/datanode-2/ratis/59c25a4c-b008-4c23-bf2e-cf05563d4821/current/log_inprogress_9 to /home/runner/work/ozone/ozone/hadoop-ozone/integration-test/target/test-dir/MiniOzoneClusterImpl-1331a795-ed08-415d-924a-7661a5cf51a5/ozone-metadata/datanode-2/ratis/59c25a4c-b008-4c23-bf2e-cf05563d4821/current/log_9-10
2025-09-13 17:34:09,646 [36d876fb-a458-4393-963b-58eeedb8ba95@group-CF05563D4821-SegmentedRaftLogWorker] INFO  segmented.BufferedWriteChannel (BufferedWriteChannel.java:open(61)) - open log_inprogress_11 at position 0
2025-09-13 17:34:09,646 [9e23e878-9bb3-42b5-8b94-e0e229812e65@group-CF05563D4821-SegmentedRaftLogWorker] INFO  segmented.BufferedWriteChannel (BufferedWriteChannel.java:open(61)) - open log_inprogress_11 at position 0
2025-09-13 17:34:09,646 [13facd30-3950-4310-8b1a-93d004abbbdd@group-CF05563D4821-SegmentedRaftLogWorker] INFO  segmented.SegmentedRaftLogWorker (SegmentedRaftLogWorker.java:execute(647)) - 13facd30-3950-4310-8b1a-93d004abbbdd@group-CF05563D4821-SegmentedRaftLogWorker: created new log segment /home/runner/work/ozone/ozone/hadoop-ozone/integration-test/target/test-dir/MiniOzoneClusterImpl-1331a795-ed08-415d-924a-7661a5cf51a5/ozone-metadata/datanode-3/ratis/59c25a4c-b008-4c23-bf2e-cf05563d4821/current/log_inprogress_11
2025-09-13 17:34:09,652 [9e23e878-9bb3-42b5-8b94-e0e229812e65@group-CF05563D4821-SegmentedRaftLogWorker] INFO  segmented.SegmentedRaftLogWorker (SegmentedRaftLogWorker.java:execute(647)) - 9e23e878-9bb3-42b5-8b94-e0e229812e65@group-CF05563D4821-SegmentedRaftLogWorker: created new log segment /home/runner/work/ozone/ozone/hadoop-ozone/integration-test/target/test-dir/MiniOzoneClusterImpl-1331a795-ed08-415d-924a-7661a5cf51a5/ozone-metadata/datanode-2/ratis/59c25a4c-b008-4c23-bf2e-cf05563d4821/current/log_inprogress_11
2025-09-13 17:34:09,652 [36d876fb-a458-4393-963b-58eeedb8ba95@group-CF05563D4821-SegmentedRaftLogWorker] INFO  segmented.SegmentedRaftLogWorker (SegmentedRaftLogWorker.java:execute(647)) - 36d876fb-a458-4393-963b-58eeedb8ba95@group-CF05563D4821-SegmentedRaftLogWorker: created new log segment /home/runner/work/ozone/ozone/hadoop-ozone/integration-test/target/test-dir/MiniOzoneClusterImpl-1331a795-ed08-415d-924a-7661a5cf51a5/ozone-metadata/datanode-1/ratis/59c25a4c-b008-4c23-bf2e-cf05563d4821/current/log_inprogress_11
2025-09-13 17:34:09,654 [13facd30-3950-4310-8b1a-93d004abbbdd@group-CF05563D4821-StateMachineUpdater] INFO  server.RaftServer$Division (LeaderStateImpl.java:checkStartIndex(309)) - Leader 13facd30-3950-4310-8b1a-93d004abbbdd@group-CF05563D4821-LeaderStateImpl is ready since appliedIndex == startIndex == 11
2025-09-13 17:34:09,751 [ForkJoinPool-1-worker-1] INFO  utils.DatanodeStoreCache (DatanodeStoreCache.java:shutdownCache(110)) - Skip clearing cache in mini cluster mode. Entries left: [/home/runner/work/ozone/ozone/hadoop-ozone/integration-test/target/test-dir/MiniOzoneClusterImpl-1331a795-ed08-415d-924a-7661a5cf51a5/ozone-metadata/datanode-1/data-0/hdds/1331a795-ed08-415d-924a-7661a5cf51a5/DS-cef04933-4ce8-4840-b22e-4ad87088cbdd/container.db, /home/runner/work/ozone/ozone/hadoop-ozone/integration-test/target/test-dir/MiniOzoneClusterImpl-1331a795-ed08-415d-924a-7661a5cf51a5/ozone-metadata/datanode-10/data-0/hdds/1331a795-ed08-415d-924a-7661a5cf51a5/DS-2f2d0a7f-394e-472e-bb26-a84cc7eb1472/container.db, /home/runner/work/ozone/ozone/hadoop-ozone/integration-test/target/test-dir/MiniOzoneClusterImpl-1331a795-ed08-415d-924a-7661a5cf51a5/ozone-metadata/datanode-2/data-0/hdds/1331a795-ed08-415d-924a-7661a5cf51a5/DS-ce29b877-3335-47dd-ae87-6ca9399c09a2/container.db, /home/runner/work/ozone/ozone/hadoop-ozone/integration-test/target/test-dir/MiniOzoneClusterImpl-1331a795-ed08-415d-924a-7661a5cf51a5/ozone-metadata/datanode-3/data-0/hdds/1331a795-ed08-415d-924a-7661a5cf51a5/DS-7c74f027-72de-49ce-b83a-c2c2856c274d/container.db, /home/runner/work/ozone/ozone/hadoop-ozone/integration-test/target/test-dir/MiniOzoneClusterImpl-1331a795-ed08-415d-924a-7661a5cf51a5/ozone-metadata/datanode-4/data-0/hdds/1331a795-ed08-415d-924a-7661a5cf51a5/DS-e1c55588-49a5-4291-a123-18ab5048c25f/container.db, /home/runner/work/ozone/ozone/hadoop-ozone/integration-test/target/test-dir/MiniOzoneClusterImpl-1331a795-ed08-415d-924a-7661a5cf51a5/ozone-metadata/datanode-5/data-0/hdds/1331a795-ed08-415d-924a-7661a5cf51a5/DS-84acdda9-c348-442e-9156-67d0a73b2541/container.db, /home/runner/work/ozone/ozone/hadoop-ozone/integration-test/target/test-dir/MiniOzoneClusterImpl-1331a795-ed08-415d-924a-7661a5cf51a5/ozone-metadata/datanode-6/data-0/hdds/1331a795-ed08-415d-924a-7661a5cf51a5/DS-22fb78ac-1833-44ab-8f02-751f4fb3033d/container.db, /home/runner/work/ozone/ozone/hadoop-ozone/integration-test/target/test-dir/MiniOzoneClusterImpl-1331a795-ed08-415d-924a-7661a5cf51a5/ozone-metadata/datanode-7/data-0/hdds/1331a795-ed08-415d-924a-7661a5cf51a5/DS-63a6c3b7-4525-47d9-ad60-45ee0a1c7b71/container.db, /home/runner/work/ozone/ozone/hadoop-ozone/integration-test/target/test-dir/MiniOzoneClusterImpl-1331a795-ed08-415d-924a-7661a5cf51a5/ozone-metadata/datanode-8/data-0/hdds/1331a795-ed08-415d-924a-7661a5cf51a5/DS-643ce4cb-c5d1-46d9-b647-00c002703750/container.db, /home/runner/work/ozone/ozone/hadoop-ozone/integration-test/target/test-dir/MiniOzoneClusterImpl-1331a795-ed08-415d-924a-7661a5cf51a5/ozone-metadata/datanode-9/data-0/hdds/1331a795-ed08-415d-924a-7661a5cf51a5/DS-8a555c84-68d0-42a4-8e7e-de18356c0fbd/container.db]
2025-09-13 17:34:09,752 [ForkJoinPool-1-worker-1] INFO  utils.DatanodeStoreCache (DatanodeStoreCache.java:removeDB(104)) - Removed db /home/runner/work/ozone/ozone/hadoop-ozone/integration-test/target/test-dir/MiniOzoneClusterImpl-1331a795-ed08-415d-924a-7661a5cf51a5/ozone-metadata/datanode-7/data-0/hdds/1331a795-ed08-415d-924a-7661a5cf51a5/DS-63a6c3b7-4525-47d9-ad60-45ee0a1c7b71/container.db from cache
2025-09-13 17:34:09,752 [ForkJoinPool-1-worker-1] INFO  volume.HddsVolume (HddsVolume.java:closeDbStore(609)) - SchemaV3 db is stopped at /home/runner/work/ozone/ozone/hadoop-ozone/integration-test/target/test-dir/MiniOzoneClusterImpl-1331a795-ed08-415d-924a-7661a5cf51a5/ozone-metadata/datanode-7/data-0/hdds/1331a795-ed08-415d-924a-7661a5cf51a5/DS-63a6c3b7-4525-47d9-ad60-45ee0a1c7b71/container.db for volume DS-63a6c3b7-4525-47d9-ad60-45ee0a1c7b71
2025-09-13 17:34:09,752 [ForkJoinPool-1-worker-1] INFO  utils.BackgroundService (BackgroundService.java:shutdown(195)) - Shutting down service BlockDeletingService
2025-09-13 17:34:09,753 [ForkJoinPool-1-worker-1] INFO  utils.BackgroundService (BackgroundService.java:shutdown(195)) - Shutting down service StaleRecoveringContainerScrubbingService
2025-09-13 17:34:09,754 [ForkJoinPool-1-worker-1] INFO  statemachine.DatanodeStateMachine (DatanodeStateMachine.java:stopDaemon(654)) - Ozone container server stopped.
2025-09-13 17:34:09,768 [ForkJoinPool-1-worker-1] INFO  handler.ContextHandler (ContextHandler.java:doStop(1159)) - Stopped o.e.j.w.WebAppContext@77279da5{hddsDatanode,/,null,STOPPED}{jar:file:/home/runner/work/ozone/ozone/hadoop-hdds/container-service/target/hdds-container-service-2.1.0-SNAPSHOT.jar!/webapps/hddsDatanode}
2025-09-13 17:34:09,769 [ForkJoinPool-1-worker-1] INFO  server.AbstractConnector (AbstractConnector.java:doStop(383)) - Stopped ServerConnector@26b20cf0{HTTP/1.1, (http/1.1)}{0.0.0.0:15058}
2025-09-13 17:34:09,769 [ForkJoinPool-1-worker-1] INFO  server.session (HouseKeeper.java:stopScavenging(149)) - node0 Stopped scavenging
2025-09-13 17:34:09,769 [ForkJoinPool-1-worker-1] INFO  handler.ContextHandler (ContextHandler.java:doStop(1159)) - Stopped o.e.j.s.ServletContextHandler@23f757e{static,/static,jar:file:/home/runner/work/ozone/ozone/hadoop-hdds/container-service/target/hdds-container-service-2.1.0-SNAPSHOT.jar!/webapps/static,STOPPED}
2025-09-13 17:34:09,770 [ForkJoinPool-1-worker-1] INFO  handler.ContextHandler (ContextHandler.java:doStop(1159)) - Stopped o.e.j.s.ServletContextHandler@f45a075{logs,/logs,file:///home/runner/work/ozone/ozone/hadoop-ozone/integration-test/target/log,STOPPED}
2025-09-13 17:34:09,770 [ForkJoinPool-1-worker-1] INFO  ozone.HddsDatanodeClientProtocolServer (HddsDatanodeClientProtocolServer.java:stop(82)) - Stopping the RPC server for Client Protocol
2025-09-13 17:34:09,770 [ForkJoinPool-1-worker-1] INFO  ipc.Server (Server.java:stop(3697)) - Stopping server on 15059
2025-09-13 17:34:09,772 [IPC Server listener on 15059] INFO  ipc.Server (Server.java:run(1585)) - Stopping IPC Server listener on 15059
2025-09-13 17:34:09,772 [IPC Server Responder] INFO  ipc.Server (Server.java:run(1718)) - Stopping IPC Server Responder
2025-09-13 17:34:09,777 [grpc-default-executor-8] WARN  server.GrpcLogAppender (GrpcLogAppender.java:lambda$resetClient$1(228)) - 9b620cf5-1dd4-4083-97bd-ff44c8fea23e@group-A8D25C85FDCF->3dbe4e49-25e9-43f5-94e0-3ca31f2aaaf2-GrpcLogAppender: Follower failed (request=null, errorCount=15); keep nextIndex (18) unchanged and retry.
2025-09-13 17:34:09,779 [grpc-default-executor-9] WARN  server.GrpcLogAppender (GrpcLogAppender.java:lambda$resetClient$1(228)) - 9b620cf5-1dd4-4083-97bd-ff44c8fea23e@group-A8D25C85FDCF->3dbe4e49-25e9-43f5-94e0-3ca31f2aaaf2-GrpcLogAppender: Follower failed (request=null, errorCount=17); keep nextIndex (20) unchanged and retry.
2025-09-13 17:34:09,784 [grpc-default-executor-11] WARN  server.GrpcLogAppender (GrpcLogAppender.java:lambda$resetClient$1(228)) - 9b620cf5-1dd4-4083-97bd-ff44c8fea23e@group-A8D25C85FDCF->3dbe4e49-25e9-43f5-94e0-3ca31f2aaaf2-GrpcLogAppender: Follower failed (request=null, errorCount=19); keep nextIndex (22) unchanged and retry.
2025-09-13 17:34:09,786 [grpc-default-executor-8] WARN  server.GrpcLogAppender (GrpcLogAppender.java:lambda$resetClient$1(228)) - 9b620cf5-1dd4-4083-97bd-ff44c8fea23e@group-A8D25C85FDCF->3dbe4e49-25e9-43f5-94e0-3ca31f2aaaf2-GrpcLogAppender: Follower failed (request=null, errorCount=21); keep nextIndex (23) unchanged and retry.
2025-09-13 17:34:09,789 [grpc-default-executor-8] WARN  server.GrpcLogAppender (GrpcLogAppender.java:lambda$resetClient$1(228)) - 9b620cf5-1dd4-4083-97bd-ff44c8fea23e@group-A8D25C85FDCF->3dbe4e49-25e9-43f5-94e0-3ca31f2aaaf2-GrpcLogAppender: Follower failed (request=null, errorCount=23); keep nextIndex (24) unchanged and retry.
2025-09-13 17:34:09,791 [grpc-default-executor-8] WARN  server.GrpcLogAppender (GrpcLogAppender.java:lambda$resetClient$1(228)) - 9b620cf5-1dd4-4083-97bd-ff44c8fea23e@group-A8D25C85FDCF->3dbe4e49-25e9-43f5-94e0-3ca31f2aaaf2-GrpcLogAppender: Follower failed (request=null, errorCount=25); keep nextIndex (25) unchanged and retry.
2025-09-13 17:34:09,795 [grpc-default-executor-10] WARN  server.GrpcLogAppender (GrpcLogAppender.java:lambda$resetClient$1(228)) - 9b620cf5-1dd4-4083-97bd-ff44c8fea23e@group-A8D25C85FDCF->3dbe4e49-25e9-43f5-94e0-3ca31f2aaaf2-GrpcLogAppender: Follower failed (request=null, errorCount=27); keep nextIndex (26) unchanged and retry.
2025-09-13 17:34:09,797 [grpc-default-executor-8] WARN  server.GrpcLogAppender (GrpcLogAppender.java:lambda$resetClient$1(228)) - 9b620cf5-1dd4-4083-97bd-ff44c8fea23e@group-A8D25C85FDCF->3dbe4e49-25e9-43f5-94e0-3ca31f2aaaf2-GrpcLogAppender: Follower failed (request=null, errorCount=29); keep nextIndex (27) unchanged and retry.
]]></system-out>
  </testcase>
  <testcase name="testDatanodeExclusionWithMajorityCommit(ReplicationLevel)[2]" classname="org.apache.hadoop.ozone.client.rpc.TestFailureHandlingByClient" time="11.244">
    <failure message="&#10;Expecting empty but was: [Pipeline-0ca82692-2fba-4cdd-8f6b-3debd952707a]" type="java.lang.AssertionError"><![CDATA[java.lang.AssertionError: 

Expecting empty but was: [Pipeline-0ca82692-2fba-4cdd-8f6b-3debd952707a]
	at org.apache.hadoop.ozone.client.rpc.TestFailureHandlingByClient.testDatanodeExclusionWithMajorityCommit(TestFailureHandlingByClient.java:474)
	at java.base/java.lang.reflect.Method.invoke(Method.java:580)
	at java.base/java.util.Optional.ifPresent(Optional.java:178)
	at java.base/java.util.stream.ForEachOps$ForEachOp$OfRef.accept(ForEachOps.java:184)
	at java.base/java.util.stream.ReferencePipeline$3$1.accept(ReferencePipeline.java:197)
	at java.base/java.util.stream.ForEachOps$ForEachOp$OfRef.accept(ForEachOps.java:184)
	at java.base/java.util.stream.ForEachOps$ForEachOp$OfRef.accept(ForEachOps.java:184)
	at java.base/java.util.stream.ReferencePipeline$3$1.accept(ReferencePipeline.java:197)
	at java.base/java.util.Iterator.forEachRemaining(Iterator.java:133)
	at java.base/java.util.Spliterators$IteratorSpliterator.forEachRemaining(Spliterators.java:1939)
	at java.base/java.util.stream.AbstractPipeline.copyInto(AbstractPipeline.java:509)
	at java.base/java.util.stream.AbstractPipeline.wrapAndCopyInto(AbstractPipeline.java:499)
	at java.base/java.util.stream.ForEachOps$ForEachOp.evaluateSequential(ForEachOps.java:151)
	at java.base/java.util.stream.ForEachOps$ForEachOp$OfRef.evaluateSequential(ForEachOps.java:174)
	at java.base/java.util.stream.AbstractPipeline.evaluate(AbstractPipeline.java:234)
	at java.base/java.util.stream.ReferencePipeline.forEach(ReferencePipeline.java:596)
	at java.base/java.util.stream.ReferencePipeline$7$1.accept(ReferencePipeline.java:276)
	at java.base/java.util.ArrayList$ArrayListSpliterator.forEachRemaining(ArrayList.java:1708)
	at java.base/java.util.stream.AbstractPipeline.copyInto(AbstractPipeline.java:509)
	at java.base/java.util.stream.AbstractPipeline.wrapAndCopyInto(AbstractPipeline.java:499)
	at java.base/java.util.stream.ForEachOps$ForEachOp.evaluateSequential(ForEachOps.java:151)
	at java.base/java.util.stream.ForEachOps$ForEachOp$OfRef.evaluateSequential(ForEachOps.java:174)
	at java.base/java.util.stream.AbstractPipeline.evaluate(AbstractPipeline.java:234)
	at java.base/java.util.stream.ReferencePipeline.forEach(ReferencePipeline.java:596)
	at java.base/java.util.stream.ReferencePipeline$7$1.accept(ReferencePipeline.java:276)
	at java.base/java.util.stream.ReferencePipeline$3$1.accept(ReferencePipeline.java:197)
	at java.base/java.util.stream.ReferencePipeline$3$1.accept(ReferencePipeline.java:197)
	at java.base/java.util.stream.ReferencePipeline$3$1.accept(ReferencePipeline.java:197)
	at java.base/java.util.ArrayList$ArrayListSpliterator.forEachRemaining(ArrayList.java:1708)
	at java.base/java.util.stream.AbstractPipeline.copyInto(AbstractPipeline.java:509)
	at java.base/java.util.stream.AbstractPipeline.wrapAndCopyInto(AbstractPipeline.java:499)
	at java.base/java.util.stream.ForEachOps$ForEachOp.evaluateSequential(ForEachOps.java:151)
	at java.base/java.util.stream.ForEachOps$ForEachOp$OfRef.evaluateSequential(ForEachOps.java:174)
	at java.base/java.util.stream.AbstractPipeline.evaluate(AbstractPipeline.java:234)
	at java.base/java.util.stream.ReferencePipeline.forEach(ReferencePipeline.java:596)
	at java.base/java.util.concurrent.ForkJoinTask.doExec(ForkJoinTask.java:387)
	at java.base/java.util.concurrent.ForkJoinPool$WorkQueue.topLevelExec(ForkJoinPool.java:1312)
	at java.base/java.util.concurrent.ForkJoinPool.scan(ForkJoinPool.java:1843)
	at java.base/java.util.concurrent.ForkJoinPool.runWorker(ForkJoinPool.java:1808)
	at java.base/java.util.concurrent.ForkJoinWorkerThread.run(ForkJoinWorkerThread.java:188)
]]></failure>
    <system-out><![CDATA[2025-09-13 17:34:09,840 [ForkJoinPool-1-worker-1] INFO  impl.MetricsSystemImpl (MetricsSystemImpl.java:init(158)) - HddsDatanode metrics system started (again)
2025-09-13 17:34:09,858 [ForkJoinPool-1-worker-1] INFO  ozone.HddsDatanodeService (HddsDatanodeService.java:start(236)) - HddsDatanodeService 3dbe4e49-25e9-43f5-94e0-3ca31f2aaaf2(localhost/127.0.0.1)
2025-09-13 17:34:09,859 [ForkJoinPool-1-worker-1] INFO  upgrade.AbstractLayoutVersionManager (AbstractLayoutVersionManager.java:init(80)) - Initializing Layout version manager with metadata layout = WITNESSED_CONTAINER_DB_PROTO_VALUE (version = 9), software layout = WITNESSED_CONTAINER_DB_PROTO_VALUE (version = 9)
2025-09-13 17:34:09,859 [ForkJoinPool-1-worker-1] INFO  statemachine.DatanodeStateMachine (DatanodeStateMachine.java:getEndPointTaskThreadPoolSize(321)) - Datanode State Machine Task Thread Pool size 2
2025-09-13 17:34:09,861 [ForkJoinPool-1-worker-1] INFO  volume.HddsVolume (HddsVolume.java:<init>(162)) - HddsVolume: { id=DS-63a6c3b7-4525-47d9-ad60-45ee0a1c7b71 dir=/home/runner/work/ozone/ozone/hadoop-ozone/integration-test/target/test-dir/MiniOzoneClusterImpl-1331a795-ed08-415d-924a-7661a5cf51a5/ozone-metadata/datanode-7/data-0/hdds type=DISK capacity=9222449699674390527 used=0 available=9222449699674390527 minFree=9222450130714624 committed=0 }
2025-09-13 17:34:09,861 [ForkJoinPool-1-worker-1] INFO  volume.MutableVolumeSet (MutableVolumeSet.java:initializeVolumeSet(175)) - Added Volume : /home/runner/work/ozone/ozone/hadoop-ozone/integration-test/target/test-dir/MiniOzoneClusterImpl-1331a795-ed08-415d-924a-7661a5cf51a5/ozone-metadata/datanode-7/data-0/hdds to VolumeSet
2025-09-13 17:34:09,862 [ForkJoinPool-1-worker-1] INFO  volume.MutableVolumeSet (MutableVolumeSet.java:initializeVolumeSet(175)) - Added Volume : /home/runner/work/ozone/ozone/hadoop-ozone/integration-test/target/test-dir/MiniOzoneClusterImpl-1331a795-ed08-415d-924a-7661a5cf51a5/ozone-metadata/datanode-7/ratis to VolumeSet
2025-09-13 17:34:09,881 [ForkJoinPool.commonPool-worker-4] INFO  utils.DatanodeStoreCache (DatanodeStoreCache.java:addDB(70)) - Added db /home/runner/work/ozone/ozone/hadoop-ozone/integration-test/target/test-dir/MiniOzoneClusterImpl-1331a795-ed08-415d-924a-7661a5cf51a5/ozone-metadata/datanode-7/data-0/hdds/1331a795-ed08-415d-924a-7661a5cf51a5/DS-63a6c3b7-4525-47d9-ad60-45ee0a1c7b71/container.db to cache
2025-09-13 17:34:09,881 [ForkJoinPool.commonPool-worker-4] INFO  volume.HddsVolume (HddsVolume.java:loadDbStore(517)) - SchemaV3 db is loaded at /home/runner/work/ozone/ozone/hadoop-ozone/integration-test/target/test-dir/MiniOzoneClusterImpl-1331a795-ed08-415d-924a-7661a5cf51a5/ozone-metadata/datanode-7/data-0/hdds/1331a795-ed08-415d-924a-7661a5cf51a5/DS-63a6c3b7-4525-47d9-ad60-45ee0a1c7b71/container.db for volume DS-63a6c3b7-4525-47d9-ad60-45ee0a1c7b71
2025-09-13 17:34:09,881 [ForkJoinPool-1-worker-1] INFO  ozoneimpl.OzoneContainer (HddsVolumeUtil.java:loadAllHddsVolumeDbStore(102)) - Load 1 volumes DbStore cost: 18ms
2025-09-13 17:34:09,881 [ForkJoinPool-1-worker-1] WARN  db.DBStoreBuilder (DBStoreBuilder.java:getDBDirPath(158)) - ozone.scm.datanode.id.dir is not configured. We recommend adding this setting. Falling back to ozone.metadata.dirs instead.
2025-09-13 17:34:09,882 [ForkJoinPool-1-worker-1] WARN  db.DBStoreBuilder (DBStoreBuilder.java:getDBDirPath(158)) - ozone.scm.datanode.id.dir is not configured. We recommend adding this setting. Falling back to ozone.metadata.dirs instead.
2025-09-13 17:34:09,893 [ForkJoinPool-1-worker-1] INFO  impl.FilePerChunkStrategy (FilePerChunkStrategy.java:<init>(79)) - ozone.chunk.read.mapped.buffer.max.count is load with 0
2025-09-13 17:34:09,894 [ForkJoinPool-1-worker-1] INFO  impl.FilePerBlockStrategy (FilePerBlockStrategy.java:<init>(88)) - ozone.chunk.read.mapped.buffer.max.count is load with 0
2025-09-13 17:34:09,894 [ForkJoinPool-1-worker-1] INFO  server.RaftServerConfigKeys (ConfUtils.java:logGet(62)) - raft.server.log.appender.buffer.byte-limit = 33554432 (custom)
2025-09-13 17:34:09,896 [ForkJoinPool-1-worker-1] INFO  grpc.GrpcConfigKeys (ConfUtils.java:logFallback(69)) - raft.grpc.admin.host = null (fallback to raft.grpc.server.host)
2025-09-13 17:34:09,896 [ForkJoinPool-1-worker-1] INFO  grpc.GrpcConfigKeys (ConfUtils.java:logGet(62)) - raft.grpc.admin.port = 15062 (custom)
2025-09-13 17:34:09,896 [ForkJoinPool-1-worker-1] INFO  grpc.GrpcConfigKeys (ConfUtils.java:logFallback(69)) - raft.grpc.client.host = null (fallback to raft.grpc.server.host)
2025-09-13 17:34:09,896 [ForkJoinPool-1-worker-1] INFO  grpc.GrpcConfigKeys (ConfUtils.java:logGet(62)) - raft.grpc.client.port = 15061 (custom)
2025-09-13 17:34:09,896 [ForkJoinPool-1-worker-1] INFO  grpc.GrpcConfigKeys (ConfUtils.java:logGet(62)) - raft.grpc.server.port = 15063 (custom)
2025-09-13 17:34:09,896 [ForkJoinPool-1-worker-1] INFO  server.GrpcServicesImpl (ConfUtils.java:logGet(62)) - raft.grpc.message.size.max = 34603008 (custom)
2025-09-13 17:34:09,896 [ForkJoinPool-1-worker-1] INFO  server.GrpcServicesImpl (ConfUtils.java:logGet(62)) - raft.grpc.flow.control.window = 5MB (=5242880) (custom)
2025-09-13 17:34:09,897 [ForkJoinPool-1-worker-1] INFO  server.RaftServerConfigKeys (ConfUtils.java:logGet(62)) - raft.server.log.appender.buffer.byte-limit = 33554432 (custom)
2025-09-13 17:34:09,898 [ForkJoinPool-1-worker-1] INFO  netty.NettyUtils (NettyUtils.java:newEventLoopGroup(74)) - Create EpollEventLoopGroup for 3dbe4e49-25e9-43f5-94e0-3ca31f2aaaf2-NettyServerStreamRpc-bossGroup; Thread size is 0.
2025-09-13 17:34:09,899 [ForkJoinPool-1-worker-1] INFO  netty.NettyUtils (NettyUtils.java:newEventLoopGroup(74)) - Create EpollEventLoopGroup for 3dbe4e49-25e9-43f5-94e0-3ca31f2aaaf2-NettyServerStreamRpc-workerGroup; Thread size is 0.
2025-09-13 17:34:09,899 [ForkJoinPool-1-worker-1] INFO  netty.NettyConfigKeys$DataStream (ConfUtils.java:logGet(62)) - raft.netty.dataStream.port = 15064 (custom)
2025-09-13 17:34:09,900 [ForkJoinPool-1-worker-1] INFO  server.RaftServerConfigKeys (ConfUtils.java:logGet(62)) - raft.server.storage.dir = [/home/runner/work/ozone/ozone/hadoop-ozone/integration-test/target/test-dir/MiniOzoneClusterImpl-1331a795-ed08-415d-924a-7661a5cf51a5/ozone-metadata/datanode-7/ratis] (custom)
2025-09-13 17:34:09,900 [3dbe4e49-25e9-43f5-94e0-3ca31f2aaaf2-NettyServerStreamRpc-bossGroup--thread1] INFO  logging.LoggingHandler (AbstractInternalLogger.java:log(148)) - [id: 0x4b978fc5] REGISTERED
2025-09-13 17:34:09,900 [3dbe4e49-25e9-43f5-94e0-3ca31f2aaaf2-NettyServerStreamRpc-bossGroup--thread1] INFO  logging.LoggingHandler (AbstractInternalLogger.java:log(148)) - [id: 0x4b978fc5] BIND: 0.0.0.0/0.0.0.0:15064
2025-09-13 17:34:09,900 [3dbe4e49-25e9-43f5-94e0-3ca31f2aaaf2-impl-thread1] INFO  server.RaftServer (RaftServerProxy.java:initGroupDir(270)) - 3dbe4e49-25e9-43f5-94e0-3ca31f2aaaf2: found a subdirectory /home/runner/work/ozone/ozone/hadoop-ozone/integration-test/target/test-dir/MiniOzoneClusterImpl-1331a795-ed08-415d-924a-7661a5cf51a5/ozone-metadata/datanode-7/ratis/f5ff5807-9027-40e4-b9dd-7b0f0416234c
2025-09-13 17:34:09,901 [3dbe4e49-25e9-43f5-94e0-3ca31f2aaaf2-NettyServerStreamRpc-bossGroup--thread1] INFO  logging.LoggingHandler (AbstractInternalLogger.java:log(148)) - [id: 0x4b978fc5, L:/0.0.0.0:15064] ACTIVE
2025-09-13 17:34:09,901 [3dbe4e49-25e9-43f5-94e0-3ca31f2aaaf2-impl-thread1] INFO  server.RaftServer (RaftServerProxy.java:addNew(105)) - 3dbe4e49-25e9-43f5-94e0-3ca31f2aaaf2: addNew group-7B0F0416234C:[] returns group-7B0F0416234C:java.util.concurrent.CompletableFuture@348dd40f[Not completed]
2025-09-13 17:34:09,902 [3dbe4e49-25e9-43f5-94e0-3ca31f2aaaf2-groupManagement] INFO  server.RaftServer$Division (RaftServerImpl.java:<init>(268)) - 3dbe4e49-25e9-43f5-94e0-3ca31f2aaaf2: new RaftServerImpl for group-7B0F0416234C:[] with ContainerStateMachine:uninitialized
2025-09-13 17:34:09,902 [3dbe4e49-25e9-43f5-94e0-3ca31f2aaaf2-groupManagement] INFO  server.RaftServer$Division (ServerState.java:<init>(114)) - 3dbe4e49-25e9-43f5-94e0-3ca31f2aaaf2@group-7B0F0416234C: ConfigurationManager, init=conf: {index: -1, cur=peers:[]|listeners:[], old=null}, confs=<EMPTY_MAP>
2025-09-13 17:34:09,902 [3dbe4e49-25e9-43f5-94e0-3ca31f2aaaf2-impl-thread1] INFO  server.RaftServer (RaftServerProxy.java:initGroupDir(270)) - 3dbe4e49-25e9-43f5-94e0-3ca31f2aaaf2: found a subdirectory /home/runner/work/ozone/ozone/hadoop-ozone/integration-test/target/test-dir/MiniOzoneClusterImpl-1331a795-ed08-415d-924a-7661a5cf51a5/ozone-metadata/datanode-7/ratis/tmp
2025-09-13 17:34:09,902 [3dbe4e49-25e9-43f5-94e0-3ca31f2aaaf2-impl-thread1] INFO  server.RaftServer (RaftServerProxy.java:initGroupDir(275)) - 3dbe4e49-25e9-43f5-94e0-3ca31f2aaaf2: The directory /home/runner/work/ozone/ozone/hadoop-ozone/integration-test/target/test-dir/MiniOzoneClusterImpl-1331a795-ed08-415d-924a-7661a5cf51a5/ozone-metadata/datanode-7/ratis/tmp is not a group directory; ignoring it. 
2025-09-13 17:34:09,902 [3dbe4e49-25e9-43f5-94e0-3ca31f2aaaf2-impl-thread1] INFO  server.RaftServer (RaftServerProxy.java:initGroupDir(270)) - 3dbe4e49-25e9-43f5-94e0-3ca31f2aaaf2: found a subdirectory /home/runner/work/ozone/ozone/hadoop-ozone/integration-test/target/test-dir/MiniOzoneClusterImpl-1331a795-ed08-415d-924a-7661a5cf51a5/ozone-metadata/datanode-7/ratis/04878825-8370-49d4-b879-a8d25c85fdcf
2025-09-13 17:34:09,902 [3dbe4e49-25e9-43f5-94e0-3ca31f2aaaf2-impl-thread1] INFO  server.RaftServer (RaftServerProxy.java:addNew(105)) - 3dbe4e49-25e9-43f5-94e0-3ca31f2aaaf2: addNew group-A8D25C85FDCF:[] returns group-A8D25C85FDCF:java.util.concurrent.CompletableFuture@7641b3cb[Not completed]
2025-09-13 17:34:09,903 [3dbe4e49-25e9-43f5-94e0-3ca31f2aaaf2-impl-thread1] INFO  server.RaftServer (RaftServerProxy.java:initGroupDir(270)) - 3dbe4e49-25e9-43f5-94e0-3ca31f2aaaf2: found a subdirectory /home/runner/work/ozone/ozone/hadoop-ozone/integration-test/target/test-dir/MiniOzoneClusterImpl-1331a795-ed08-415d-924a-7661a5cf51a5/ozone-metadata/datanode-7/ratis/0ca82692-2fba-4cdd-8f6b-3debd952707a
2025-09-13 17:34:09,903 [3dbe4e49-25e9-43f5-94e0-3ca31f2aaaf2-impl-thread1] INFO  server.RaftServer (RaftServerProxy.java:addNew(105)) - 3dbe4e49-25e9-43f5-94e0-3ca31f2aaaf2: addNew group-3DEBD952707A:[] returns group-3DEBD952707A:java.util.concurrent.CompletableFuture@5738249[Not completed]
2025-09-13 17:34:09,904 [ForkJoinPool-1-worker-1] INFO  replication.ReplicationServer (ReplicationServer.java:<init>(84)) - Initializing replication server with thread count = 10 queue length = 4096
2025-09-13 17:34:09,905 [ForkJoinPool-1-worker-1] INFO  server.XceiverServerGrpc (XceiverServerGrpc.java:<init>(130)) - GrpcServer channel type EpollServerSocketChannel
2025-09-13 17:34:09,906 [ForkJoinPool-1-worker-1] INFO  replication.ReplicationSupervisor (ReplicationSupervisor.java:build(169)) - Initializing replication supervisor with thread count = 10
2025-09-13 17:34:09,906 [ForkJoinPool-1-worker-1] INFO  replication.ReplicationSupervisor (ReplicationSupervisor.java:nodeStateUpdated(358)) - Node state updated to IN_SERVICE, scaling executor pool size to 10
2025-09-13 17:34:09,908 [3dbe4e49-25e9-43f5-94e0-3ca31f2aaaf2-groupManagement] INFO  server.RaftServer$Division (RaftServerImpl.java:<init>(268)) - 3dbe4e49-25e9-43f5-94e0-3ca31f2aaaf2: new RaftServerImpl for group-A8D25C85FDCF:[] with ContainerStateMachine:uninitialized
2025-09-13 17:34:09,908 [3dbe4e49-25e9-43f5-94e0-3ca31f2aaaf2-groupManagement] INFO  server.RaftServer$Division (ServerState.java:<init>(114)) - 3dbe4e49-25e9-43f5-94e0-3ca31f2aaaf2@group-A8D25C85FDCF: ConfigurationManager, init=conf: {index: -1, cur=peers:[]|listeners:[], old=null}, confs=<EMPTY_MAP>
2025-09-13 17:34:09,918 [ForkJoinPool-1-worker-1] INFO  http.BaseHttpServer (BaseHttpServer.java:newHttpServer2BuilderForOzone(227)) - Starting Web-server for hddsDatanode at: http://0.0.0.0:15058
2025-09-13 17:34:09,918 [ForkJoinPool-1-worker-1] INFO  http.BaseHttpServer (BaseHttpServer.java:<init>(105)) - Hadoop Security Enabled: false Ozone Security Enabled: false Ozone HTTP Security Enabled: false 
2025-09-13 17:34:09,920 [ForkJoinPool-1-worker-1] WARN  server.AuthenticationFilter (AuthenticationFilter.java:constructSecretProvider(240)) - Unable to initialize FileSignerSecretProvider, falling back to use random secrets. Reason: Could not read signature secret file: /home/runner/hadoop-http-auth-signature-secret
2025-09-13 17:34:09,922 [3dbe4e49-25e9-43f5-94e0-3ca31f2aaaf2-groupManagement] INFO  server.RaftServer$Division (RaftServerImpl.java:<init>(268)) - 3dbe4e49-25e9-43f5-94e0-3ca31f2aaaf2: new RaftServerImpl for group-3DEBD952707A:[] with ContainerStateMachine:uninitialized
2025-09-13 17:34:09,922 [ForkJoinPool-1-worker-1] INFO  http.HttpServer2 (HttpServer2.java:addGlobalFilter(1041)) - Added global filter 'safety' (class=org.apache.hadoop.hdds.server.http.HttpServer2$QuotingInputFilter)
2025-09-13 17:34:09,922 [3dbe4e49-25e9-43f5-94e0-3ca31f2aaaf2-groupManagement] INFO  server.RaftServer$Division (ServerState.java:<init>(114)) - 3dbe4e49-25e9-43f5-94e0-3ca31f2aaaf2@group-3DEBD952707A: ConfigurationManager, init=conf: {index: -1, cur=peers:[]|listeners:[], old=null}, confs=<EMPTY_MAP>
2025-09-13 17:34:09,923 [ForkJoinPool-1-worker-1] INFO  http.HttpServer2 (HttpServer2.java:addFilter(1017)) - Added filter static_user_filter (class=org.apache.hadoop.http.lib.StaticUserWebFilter$StaticUserFilter) to context hddsDatanode
2025-09-13 17:34:09,923 [ForkJoinPool-1-worker-1] INFO  http.HttpServer2 (HttpServer2.java:addFilter(1025)) - Added filter static_user_filter (class=org.apache.hadoop.http.lib.StaticUserWebFilter$StaticUserFilter) to context static
2025-09-13 17:34:09,923 [ForkJoinPool-1-worker-1] INFO  http.HttpServer2 (HttpServer2.java:addFilter(1025)) - Added filter static_user_filter (class=org.apache.hadoop.http.lib.StaticUserWebFilter$StaticUserFilter) to context logs
2025-09-13 17:34:09,924 [ForkJoinPool-1-worker-1] INFO  http.BaseHttpServer (BaseHttpServer.java:<init>(193)) - HTTP server of hddsDatanode uses base directory /home/runner/work/ozone/ozone/hadoop-ozone/integration-test/target/test-dir/MiniOzoneClusterImpl-1331a795-ed08-415d-924a-7661a5cf51a5/scm/ozone-metadata/webserver
2025-09-13 17:34:09,924 [ForkJoinPool-1-worker-1] INFO  http.HttpServer2 (HttpServer2.java:bindListener(1241)) - Jetty bound to port 15058
2025-09-13 17:34:09,925 [ForkJoinPool-1-worker-1] INFO  server.Server (Server.java:doStart(375)) - jetty-9.4.58.v20250814; built: 2025-08-14T02:28:49.637Z; git: 8f1440587e9e4ae7db3d74cf205643f3d707148d; jvm 21.0.8+9-LTS
2025-09-13 17:34:09,926 [ForkJoinPool-1-worker-1] INFO  server.session (DefaultSessionIdManager.java:doStart(334)) - DefaultSessionIdManager workerName=node0
2025-09-13 17:34:09,927 [ForkJoinPool-1-worker-1] INFO  server.session (DefaultSessionIdManager.java:doStart(339)) - No SessionScavenger set, using defaults
2025-09-13 17:34:09,927 [ForkJoinPool-1-worker-1] INFO  server.session (HouseKeeper.java:startScavenging(132)) - node0 Scavenging every 600000ms
2025-09-13 17:34:09,928 [ForkJoinPool-1-worker-1] INFO  handler.ContextHandler (ContextHandler.java:doStart(921)) - Started o.e.j.s.ServletContextHandler@77a64b38{logs,/logs,file:///home/runner/work/ozone/ozone/hadoop-ozone/integration-test/target/log,AVAILABLE}
2025-09-13 17:34:09,928 [ForkJoinPool-1-worker-1] INFO  handler.ContextHandler (ContextHandler.java:doStart(921)) - Started o.e.j.s.ServletContextHandler@45af159c{static,/static,jar:file:/home/runner/work/ozone/ozone/hadoop-hdds/container-service/target/hdds-container-service-2.1.0-SNAPSHOT.jar!/webapps/static,AVAILABLE}
2025-09-13 17:34:10,069 [ForkJoinPool-1-worker-1] INFO  handler.ContextHandler (ContextHandler.java:doStart(921)) - Started o.e.j.w.WebAppContext@18c869f7{hddsDatanode,/,file:///home/runner/work/ozone/ozone/hadoop-ozone/integration-test/target/test-dir/MiniOzoneClusterImpl-1331a795-ed08-415d-924a-7661a5cf51a5/scm/ozone-metadata/webserver/jetty-0_0_0_0-15058-hdds-container-service-2_1_0-SNAPSHOT_jar-_-any-3263509163510447011/webapp/,AVAILABLE}{jar:file:/home/runner/work/ozone/ozone/hadoop-hdds/container-service/target/hdds-container-service-2.1.0-SNAPSHOT.jar!/webapps/hddsDatanode}
2025-09-13 17:34:10,070 [ForkJoinPool-1-worker-1] INFO  server.AbstractConnector (AbstractConnector.java:doStart(333)) - Started ServerConnector@6bb1fac2{HTTP/1.1, (http/1.1)}{0.0.0.0:15058}
2025-09-13 17:34:10,070 [ForkJoinPool-1-worker-1] INFO  server.Server (Server.java:doStart(415)) - Started @182654ms
2025-09-13 17:34:10,070 [ForkJoinPool-1-worker-1] WARN  impl.MetricsSystemImpl (MetricsSystemImpl.java:register(279)) - Sink prometheus already exists!
2025-09-13 17:34:10,070 [ForkJoinPool-1-worker-1] INFO  http.BaseHttpServer (BaseHttpServer.java:updateConnectorAddress(357)) - HTTP server of hddsDatanode listening at http://localhost:15058
2025-09-13 17:34:10,071 [ForkJoinPool-1-worker-1] INFO  ipc.CallQueueManager (CallQueueManager.java:<init>(93)) - Using callQueue: class java.util.concurrent.LinkedBlockingQueue, queueCapacity: 1000, scheduler: class org.apache.hadoop.ipc.DefaultRpcScheduler, ipcBackoff: false, ipcFailOver: false.
2025-09-13 17:34:10,071 [ForkJoinPool-1-worker-1] INFO  ipc.Server (Server.java:<init>(1438)) - Listener at 0.0.0.0:15059
2025-09-13 17:34:10,071 [Socket Reader #1 for port 15059] INFO  ipc.Server (Server.java:run(1474)) - Starting Socket Reader #1 for port 15059
2025-09-13 17:34:10,072 [Socket Reader #2 for port 15059] INFO  ipc.Server (Server.java:run(1474)) - Starting Socket Reader #2 for port 15059
2025-09-13 17:34:10,072 [Socket Reader #3 for port 15059] INFO  ipc.Server (Server.java:run(1474)) - Starting Socket Reader #3 for port 15059
2025-09-13 17:34:10,072 [Socket Reader #4 for port 15059] INFO  ipc.Server (Server.java:run(1474)) - Starting Socket Reader #4 for port 15059
2025-09-13 17:34:10,072 [Socket Reader #5 for port 15059] INFO  ipc.Server (Server.java:run(1474)) - Starting Socket Reader #5 for port 15059
2025-09-13 17:34:10,072 [Socket Reader #6 for port 15059] INFO  ipc.Server (Server.java:run(1474)) - Starting Socket Reader #6 for port 15059
2025-09-13 17:34:10,072 [Socket Reader #7 for port 15059] INFO  ipc.Server (Server.java:run(1474)) - Starting Socket Reader #7 for port 15059
2025-09-13 17:34:10,073 [Socket Reader #8 for port 15059] INFO  ipc.Server (Server.java:run(1474)) - Starting Socket Reader #8 for port 15059
2025-09-13 17:34:10,073 [Socket Reader #9 for port 15059] INFO  ipc.Server (Server.java:run(1474)) - Starting Socket Reader #9 for port 15059
2025-09-13 17:34:10,073 [Socket Reader #10 for port 15059] INFO  ipc.Server (Server.java:run(1474)) - Starting Socket Reader #10 for port 15059
2025-09-13 17:34:10,075 [ForkJoinPool-1-worker-1] INFO  ozone.HddsDatanodeService (HddsDatanodeService.java:start(333)) - Datanode start with admins: [admin, runner]
2025-09-13 17:34:10,075 [ForkJoinPool-1-worker-1] INFO  ozone.HddsDatanodeClientProtocolServer (HddsDatanodeClientProtocolServer.java:start(76)) - RPC server for Client /0.0.0.0:15059
2025-09-13 17:34:10,075 [IPC Server listener on 15059] INFO  ipc.Server (Server.java:run(1553)) - IPC Server listener on 15059: starting
2025-09-13 17:34:10,076 [IPC Server Responder] INFO  ipc.Server (Server.java:run(1713)) - IPC Server Responder: starting
2025-09-13 17:34:10,077 [ForkJoinPool-1-worker-1] INFO  ozone.MiniOzoneClusterImpl (MiniOzoneClusterImpl.java:lambda$waitForClusterToBeReady$0(181)) - Nodes are ready. Got 10 of 10 DN Heartbeats.
2025-09-13 17:34:10,077 [ForkJoinPool-1-worker-1] INFO  ozone.MiniOzoneClusterImpl (MiniOzoneClusterImpl.java:lambda$waitForClusterToBeReady$0(184)) - Cluster exits safe mode
2025-09-13 17:34:10,077 [ForkJoinPool-1-worker-1] INFO  ozone.MiniOzoneClusterImpl (MiniOzoneClusterImpl.java:lambda$waitForClusterToBeReady$0(186)) - SCM became leader
2025-09-13 17:34:10,079 [3dbe4e49-25e9-43f5-94e0-3ca31f2aaaf2-DatanodeStateMachineDaemonThread] INFO  statemachine.DatanodeStateMachine (DatanodeStateMachine.java:startStateMachineThread(363)) - Ozone container server started.
2025-09-13 17:34:10,084 [3dbe4e49-25e9-43f5-94e0-3ca31f2aaaf2-DatanodeStateMachineTaskThread-0] INFO  datanode.InitDatanodeState (InitDatanodeState.java:persistContainerDatanodeDetails(139)) - DatanodeDetails is persisted to /home/runner/work/ozone/ozone/hadoop-ozone/integration-test/target/test-dir/MiniOzoneClusterImpl-1331a795-ed08-415d-924a-7661a5cf51a5/ozone-metadata/datanode-7/ozone-metadata/datanode.id
2025-09-13 17:34:10,124 [grpc-default-executor-11] WARN  server.GrpcLogAppender (GrpcLogAppender.java:lambda$resetClient$1(228)) - 2f036b56-942d-42f4-908f-5b0be9aff918@group-3DEBD952707A->3dbe4e49-25e9-43f5-94e0-3ca31f2aaaf2-GrpcLogAppender: Follower failed (request=null, errorCount=17); keep nextIndex (6) unchanged and retry.
2025-09-13 17:34:10,126 [grpc-default-executor-9] WARN  server.GrpcLogAppender (GrpcLogAppender.java:lambda$resetClient$1(228)) - 2f036b56-942d-42f4-908f-5b0be9aff918@group-3DEBD952707A->3dbe4e49-25e9-43f5-94e0-3ca31f2aaaf2-GrpcLogAppender: Follower failed (request=null, errorCount=19); keep nextIndex (7) unchanged and retry.
2025-09-13 17:34:10,581 [3dbe4e49-25e9-43f5-94e0-3ca31f2aaaf2-ContainerReader-0] INFO  ozoneimpl.ContainerReader (ContainerReader.java:readVolume(147)) - Start to verify containers on volume /home/runner/work/ozone/ozone/hadoop-ozone/integration-test/target/test-dir/MiniOzoneClusterImpl-1331a795-ed08-415d-924a-7661a5cf51a5/ozone-metadata/datanode-7/data-0/hdds
2025-09-13 17:34:10,583 [3dbe4e49-25e9-43f5-94e0-3ca31f2aaaf2-ContainerReader-0] WARN  helpers.KeyValueContainerUtil (KeyValueContainerUtil.java:populateContainerMetadata(330)) - Missing pendingDeleteBlockCount from metadata: recalculate them from block table
2025-09-13 17:34:10,586 [3dbe4e49-25e9-43f5-94e0-3ca31f2aaaf2-ContainerReader-0] WARN  helpers.KeyValueContainerUtil (KeyValueContainerUtil.java:populateContainerMetadata(330)) - Missing pendingDeleteBlockCount from metadata: recalculate them from block table
2025-09-13 17:34:10,589 [3dbe4e49-25e9-43f5-94e0-3ca31f2aaaf2-ContainerReader-0] WARN  helpers.KeyValueContainerUtil (KeyValueContainerUtil.java:populateContainerMetadata(330)) - Missing pendingDeleteBlockCount from metadata: recalculate them from block table
2025-09-13 17:34:10,589 [3dbe4e49-25e9-43f5-94e0-3ca31f2aaaf2-ContainerReader-0] INFO  ozoneimpl.ContainerReader (ContainerReader.java:readVolume(177)) - Finish verifying containers on volume /home/runner/work/ozone/ozone/hadoop-ozone/integration-test/target/test-dir/MiniOzoneClusterImpl-1331a795-ed08-415d-924a-7661a5cf51a5/ozone-metadata/datanode-7/data-0/hdds
2025-09-13 17:34:10,590 [3dbe4e49-25e9-43f5-94e0-3ca31f2aaaf2-EndpointStateMachineTaskThread-/0.0.0.0:15002-0 ] INFO  ozoneimpl.OzoneContainer (OzoneContainer.java:buildContainerSet(370)) - Build ContainerSet costs 0s
2025-09-13 17:34:10,590 [3dbe4e49-25e9-43f5-94e0-3ca31f2aaaf2-EndpointStateMachineTaskThread-/0.0.0.0:15002-0 ] INFO  volume.ThrottledAsyncChecker (ThrottledAsyncChecker.java:schedule(138)) - Scheduling a check for /home/runner/work/ozone/ozone/hadoop-ozone/integration-test/target/test-dir/MiniOzoneClusterImpl-1331a795-ed08-415d-924a-7661a5cf51a5/ozone-metadata/datanode-7/data-0/hdds
2025-09-13 17:34:10,590 [3dbe4e49-25e9-43f5-94e0-3ca31f2aaaf2-EndpointStateMachineTaskThread-/0.0.0.0:15002-0 ] INFO  volume.StorageVolumeChecker (StorageVolumeChecker.java:checkAllVolumes(231)) - Scheduled health check for volume /home/runner/work/ozone/ozone/hadoop-ozone/integration-test/target/test-dir/MiniOzoneClusterImpl-1331a795-ed08-415d-924a-7661a5cf51a5/ozone-metadata/datanode-7/data-0/hdds
2025-09-13 17:34:10,594 [3dbe4e49-25e9-43f5-94e0-3ca31f2aaaf2-EndpointStateMachineTaskThread-/0.0.0.0:15002-0 ] INFO  volume.ThrottledAsyncChecker (ThrottledAsyncChecker.java:schedule(138)) - Scheduling a check for /home/runner/work/ozone/ozone/hadoop-ozone/integration-test/target/test-dir/MiniOzoneClusterImpl-1331a795-ed08-415d-924a-7661a5cf51a5/ozone-metadata/datanode-7/ratis
2025-09-13 17:34:10,594 [3dbe4e49-25e9-43f5-94e0-3ca31f2aaaf2-EndpointStateMachineTaskThread-/0.0.0.0:15002-0 ] INFO  volume.StorageVolumeChecker (StorageVolumeChecker.java:checkAllVolumes(231)) - Scheduled health check for volume /home/runner/work/ozone/ozone/hadoop-ozone/integration-test/target/test-dir/MiniOzoneClusterImpl-1331a795-ed08-415d-924a-7661a5cf51a5/ozone-metadata/datanode-7/ratis
2025-09-13 17:34:10,595 [3dbe4e49-25e9-43f5-94e0-3ca31f2aaaf2-EndpointStateMachineTaskThread-/0.0.0.0:15002-0 ] INFO  ozoneimpl.OzoneContainer (OzoneContainer.java:start(525)) - Attempting to start container services.
2025-09-13 17:34:10,598 [3dbe4e49-25e9-43f5-94e0-3ca31f2aaaf2-EndpointStateMachineTaskThread-/0.0.0.0:15002-0 ] INFO  replication.ReplicationServer (ReplicationServer.java:start(137)) - ReplicationServer is started using port 15065
2025-09-13 17:34:10,598 [3dbe4e49-25e9-43f5-94e0-3ca31f2aaaf2-EndpointStateMachineTaskThread-/0.0.0.0:15002-0 ] INFO  ratis.XceiverServerRatis (XceiverServerRatis.java:start(560)) - Starting XceiverServerRatis(3dbe4e49-25e9-43f5-94e0-3ca31f2aaaf2)
2025-09-13 17:34:10,599 [ContainerMetadataScanner] INFO  ozoneimpl.AbstractBackgroundContainerScanner (AbstractBackgroundContainerScanner.java:runIteration(89)) - Completed an iteration in 0 minutes. Number of iterations (since the data-node restart) : 1, Number of containers scanned in this iteration : 3, Number of unhealthy containers found in this iteration : 0
2025-09-13 17:34:10,601 [3dbe4e49-25e9-43f5-94e0-3ca31f2aaaf2-impl-thread3] INFO  storage.RaftStorageDirectory (RaftStorageDirectoryImpl.java:tryLock(229)) - Lock on /home/runner/work/ozone/ozone/hadoop-ozone/integration-test/target/test-dir/MiniOzoneClusterImpl-1331a795-ed08-415d-924a-7661a5cf51a5/ozone-metadata/datanode-7/ratis/04878825-8370-49d4-b879-a8d25c85fdcf/in_use.lock acquired by nodename 22846@localhost
2025-09-13 17:34:10,601 [3dbe4e49-25e9-43f5-94e0-3ca31f2aaaf2-impl-thread3] INFO  storage.RaftStorage (RaftStorageImpl.java:analyzeAndRecoverStorage(118)) - Read RaftStorageMetadata{term=1, votedFor=9b620cf5-1dd4-4083-97bd-ff44c8fea23e} from /home/runner/work/ozone/ozone/hadoop-ozone/integration-test/target/test-dir/MiniOzoneClusterImpl-1331a795-ed08-415d-924a-7661a5cf51a5/ozone-metadata/datanode-7/ratis/04878825-8370-49d4-b879-a8d25c85fdcf/current/raft-meta
2025-09-13 17:34:10,602 [3dbe4e49-25e9-43f5-94e0-3ca31f2aaaf2-impl-thread3] INFO  server.RaftServer$Division (ServerState.java:setRaftConf(386)) - 3dbe4e49-25e9-43f5-94e0-3ca31f2aaaf2@group-A8D25C85FDCF: set configuration conf: {index: 0, cur=peers:[3dbe4e49-25e9-43f5-94e0-3ca31f2aaaf2|127.0.0.1:15063, 9b620cf5-1dd4-4083-97bd-ff44c8fea23e|127.0.0.1:15071, 2f036b56-942d-42f4-908f-5b0be9aff918|127.0.0.1:15079]|listeners:[], old=null}
2025-09-13 17:34:10,602 [3dbe4e49-25e9-43f5-94e0-3ca31f2aaaf2-impl-thread3] INFO  ratis.ContainerStateMachine (ContainerStateMachine.java:initialize(339)) - 3dbe4e49-25e9-43f5-94e0-3ca31f2aaaf2: initialize group-A8D25C85FDCF
2025-09-13 17:34:10,602 [3dbe4e49-25e9-43f5-94e0-3ca31f2aaaf2-impl-thread3] INFO  ratis.ContainerStateMachine (ContainerStateMachine.java:loadSnapshot(356)) - group-A8D25C85FDCF: Setting the last applied index to (t:1, i:14)
2025-09-13 17:34:10,602 [3dbe4e49-25e9-43f5-94e0-3ca31f2aaaf2-impl-thread3] INFO  server.RaftServerConfigKeys (ConfUtils.java:logGet(62)) - raft.server.log.appender.buffer.byte-limit = 33554432 (custom)
2025-09-13 17:34:10,601 [3dbe4e49-25e9-43f5-94e0-3ca31f2aaaf2-impl-thread2] INFO  storage.RaftStorageDirectory (RaftStorageDirectoryImpl.java:tryLock(229)) - Lock on /home/runner/work/ozone/ozone/hadoop-ozone/integration-test/target/test-dir/MiniOzoneClusterImpl-1331a795-ed08-415d-924a-7661a5cf51a5/ozone-metadata/datanode-7/ratis/0ca82692-2fba-4cdd-8f6b-3debd952707a/in_use.lock acquired by nodename 22846@localhost
2025-09-13 17:34:10,603 [3dbe4e49-25e9-43f5-94e0-3ca31f2aaaf2-impl-thread2] INFO  storage.RaftStorage (RaftStorageImpl.java:analyzeAndRecoverStorage(118)) - Read RaftStorageMetadata{term=1, votedFor=3dbe4e49-25e9-43f5-94e0-3ca31f2aaaf2} from /home/runner/work/ozone/ozone/hadoop-ozone/integration-test/target/test-dir/MiniOzoneClusterImpl-1331a795-ed08-415d-924a-7661a5cf51a5/ozone-metadata/datanode-7/ratis/0ca82692-2fba-4cdd-8f6b-3debd952707a/current/raft-meta
2025-09-13 17:34:10,603 [3dbe4e49-25e9-43f5-94e0-3ca31f2aaaf2-impl-thread2] INFO  server.RaftServer$Division (ServerState.java:setRaftConf(386)) - 3dbe4e49-25e9-43f5-94e0-3ca31f2aaaf2@group-3DEBD952707A: set configuration conf: {index: 0, cur=peers:[3dbe4e49-25e9-43f5-94e0-3ca31f2aaaf2|127.0.0.1:15063, 9b620cf5-1dd4-4083-97bd-ff44c8fea23e|127.0.0.1:15071, 2f036b56-942d-42f4-908f-5b0be9aff918|127.0.0.1:15079]|listeners:[], old=null}
2025-09-13 17:34:10,601 [3dbe4e49-25e9-43f5-94e0-3ca31f2aaaf2-impl-thread1] INFO  storage.RaftStorageDirectory (RaftStorageDirectoryImpl.java:tryLock(229)) - Lock on /home/runner/work/ozone/ozone/hadoop-ozone/integration-test/target/test-dir/MiniOzoneClusterImpl-1331a795-ed08-415d-924a-7661a5cf51a5/ozone-metadata/datanode-7/ratis/f5ff5807-9027-40e4-b9dd-7b0f0416234c/in_use.lock acquired by nodename 22846@localhost
2025-09-13 17:34:10,603 [3dbe4e49-25e9-43f5-94e0-3ca31f2aaaf2-impl-thread1] INFO  storage.RaftStorage (RaftStorageImpl.java:analyzeAndRecoverStorage(118)) - Read RaftStorageMetadata{term=1, votedFor=3dbe4e49-25e9-43f5-94e0-3ca31f2aaaf2} from /home/runner/work/ozone/ozone/hadoop-ozone/integration-test/target/test-dir/MiniOzoneClusterImpl-1331a795-ed08-415d-924a-7661a5cf51a5/ozone-metadata/datanode-7/ratis/f5ff5807-9027-40e4-b9dd-7b0f0416234c/current/raft-meta
2025-09-13 17:34:10,604 [3dbe4e49-25e9-43f5-94e0-3ca31f2aaaf2-impl-thread2] INFO  ratis.ContainerStateMachine (ContainerStateMachine.java:initialize(339)) - 3dbe4e49-25e9-43f5-94e0-3ca31f2aaaf2: initialize group-3DEBD952707A
2025-09-13 17:34:10,604 [3dbe4e49-25e9-43f5-94e0-3ca31f2aaaf2-impl-thread2] INFO  ratis.ContainerStateMachine (ContainerStateMachine.java:loadSnapshot(356)) - group-3DEBD952707A: Setting the last applied index to (t:1, i:0)
2025-09-13 17:34:10,604 [3dbe4e49-25e9-43f5-94e0-3ca31f2aaaf2-impl-thread2] INFO  server.RaftServerConfigKeys (ConfUtils.java:logGet(62)) - raft.server.log.appender.buffer.byte-limit = 33554432 (custom)
2025-09-13 17:34:10,605 [3dbe4e49-25e9-43f5-94e0-3ca31f2aaaf2-impl-thread1] INFO  server.RaftServer$Division (ServerState.java:setRaftConf(386)) - 3dbe4e49-25e9-43f5-94e0-3ca31f2aaaf2@group-7B0F0416234C: set configuration conf: {index: 0, cur=peers:[3dbe4e49-25e9-43f5-94e0-3ca31f2aaaf2|127.0.0.1:15063]|listeners:[], old=null}
2025-09-13 17:34:10,605 [3dbe4e49-25e9-43f5-94e0-3ca31f2aaaf2-impl-thread1] INFO  ratis.ContainerStateMachine (ContainerStateMachine.java:initialize(339)) - 3dbe4e49-25e9-43f5-94e0-3ca31f2aaaf2: initialize group-7B0F0416234C
2025-09-13 17:34:10,605 [3dbe4e49-25e9-43f5-94e0-3ca31f2aaaf2-impl-thread1] INFO  ratis.ContainerStateMachine (ContainerStateMachine.java:loadSnapshot(356)) - group-7B0F0416234C: Setting the last applied index to (t:1, i:0)
2025-09-13 17:34:10,605 [3dbe4e49-25e9-43f5-94e0-3ca31f2aaaf2-impl-thread1] INFO  server.RaftServerConfigKeys (ConfUtils.java:logGet(62)) - raft.server.log.appender.buffer.byte-limit = 33554432 (custom)
2025-09-13 17:34:10,606 [ContainerDataScanner(/home/runner/work/ozone/ozone/hadoop-ozone/integration-test/target/test-dir/MiniOzoneClusterImpl-1331a795-ed08-415d-924a-7661a5cf51a5/ozone-metadata/datanode-7/data-0/hdds)] INFO  ozoneimpl.AbstractBackgroundContainerScanner (AbstractBackgroundContainerScanner.java:runIteration(89)) - Completed an iteration in 0 minutes. Number of iterations (since the data-node restart) : 1, Number of containers scanned in this iteration : 1, Number of unhealthy containers found in this iteration : 0
2025-09-13 17:34:10,612 [3dbe4e49-25e9-43f5-94e0-3ca31f2aaaf2-impl-thread3] INFO  server.RaftServerConfigKeys (ConfUtils.java:logGet(62)) - raft.server.log.segment.size.max = 67108864 (custom)
2025-09-13 17:34:10,614 [3dbe4e49-25e9-43f5-94e0-3ca31f2aaaf2-impl-thread3] INFO  server.RaftServerConfigKeys (ConfUtils.java:logGet(62)) - raft.server.log.appender.buffer.byte-limit = 33554432 (custom)
2025-09-13 17:34:10,615 [3dbe4e49-25e9-43f5-94e0-3ca31f2aaaf2-impl-thread3] INFO  util.AwaitToRun (AwaitToRun.java:start(81)) - Thread[#3715,3dbe4e49-25e9-43f5-94e0-3ca31f2aaaf2@group-A8D25C85FDCF-cacheEviction-AwaitToRun,5,main] started
2025-09-13 17:34:10,615 [3dbe4e49-25e9-43f5-94e0-3ca31f2aaaf2-impl-thread3] INFO  segmented.SegmentedRaftLogWorker (SegmentedRaftLogWorker.java:<init>(190)) - new 3dbe4e49-25e9-43f5-94e0-3ca31f2aaaf2@group-A8D25C85FDCF-SegmentedRaftLogWorker for RaftStorageImpl:Storage Directory /home/runner/work/ozone/ozone/hadoop-ozone/integration-test/target/test-dir/MiniOzoneClusterImpl-1331a795-ed08-415d-924a-7661a5cf51a5/ozone-metadata/datanode-7/ratis/04878825-8370-49d4-b879-a8d25c85fdcf
2025-09-13 17:34:10,615 [3dbe4e49-25e9-43f5-94e0-3ca31f2aaaf2-impl-thread3] INFO  server.RaftServerConfigKeys (ConfUtils.java:logGet(62)) - raft.server.log.queue.byte-limit = 4294967296 (custom)
2025-09-13 17:34:10,615 [3dbe4e49-25e9-43f5-94e0-3ca31f2aaaf2-impl-thread3] INFO  server.RaftServerConfigKeys (ConfUtils.java:logGet(62)) - raft.server.log.segment.size.max = 67108864 (custom)
2025-09-13 17:34:10,615 [3dbe4e49-25e9-43f5-94e0-3ca31f2aaaf2-impl-thread3] INFO  server.RaftServerConfigKeys (ConfUtils.java:logGet(62)) - raft.server.log.preallocated.size = 4194304 (custom)
2025-09-13 17:34:10,615 [3dbe4e49-25e9-43f5-94e0-3ca31f2aaaf2-impl-thread1] INFO  server.RaftServerConfigKeys (ConfUtils.java:logGet(62)) - raft.server.log.segment.size.max = 67108864 (custom)
2025-09-13 17:34:10,617 [3dbe4e49-25e9-43f5-94e0-3ca31f2aaaf2-impl-thread3] INFO  server.RaftServerConfigKeys (ConfUtils.java:logGet(62)) - raft.server.log.write.buffer.size = 33554440 (custom)
2025-09-13 17:34:10,618 [3dbe4e49-25e9-43f5-94e0-3ca31f2aaaf2-impl-thread1] INFO  server.RaftServerConfigKeys (ConfUtils.java:logGet(62)) - raft.server.log.appender.buffer.byte-limit = 33554432 (custom)
2025-09-13 17:34:10,618 [3dbe4e49-25e9-43f5-94e0-3ca31f2aaaf2-impl-thread2] INFO  server.RaftServerConfigKeys (ConfUtils.java:logGet(62)) - raft.server.log.segment.size.max = 67108864 (custom)
2025-09-13 17:34:10,618 [3dbe4e49-25e9-43f5-94e0-3ca31f2aaaf2-impl-thread2] INFO  server.RaftServerConfigKeys (ConfUtils.java:logGet(62)) - raft.server.log.appender.buffer.byte-limit = 33554432 (custom)
2025-09-13 17:34:10,619 [3dbe4e49-25e9-43f5-94e0-3ca31f2aaaf2-impl-thread1] INFO  util.AwaitToRun (AwaitToRun.java:start(81)) - Thread[#3716,3dbe4e49-25e9-43f5-94e0-3ca31f2aaaf2@group-7B0F0416234C-cacheEviction-AwaitToRun,5,main] started
2025-09-13 17:34:10,619 [3dbe4e49-25e9-43f5-94e0-3ca31f2aaaf2-impl-thread1] INFO  segmented.SegmentedRaftLogWorker (SegmentedRaftLogWorker.java:<init>(190)) - new 3dbe4e49-25e9-43f5-94e0-3ca31f2aaaf2@group-7B0F0416234C-SegmentedRaftLogWorker for RaftStorageImpl:Storage Directory /home/runner/work/ozone/ozone/hadoop-ozone/integration-test/target/test-dir/MiniOzoneClusterImpl-1331a795-ed08-415d-924a-7661a5cf51a5/ozone-metadata/datanode-7/ratis/f5ff5807-9027-40e4-b9dd-7b0f0416234c
2025-09-13 17:34:10,619 [3dbe4e49-25e9-43f5-94e0-3ca31f2aaaf2-impl-thread1] INFO  server.RaftServerConfigKeys (ConfUtils.java:logGet(62)) - raft.server.log.queue.byte-limit = 4294967296 (custom)
2025-09-13 17:34:10,619 [3dbe4e49-25e9-43f5-94e0-3ca31f2aaaf2-impl-thread1] INFO  server.RaftServerConfigKeys (ConfUtils.java:logGet(62)) - raft.server.log.segment.size.max = 67108864 (custom)
2025-09-13 17:34:10,619 [3dbe4e49-25e9-43f5-94e0-3ca31f2aaaf2-impl-thread1] INFO  server.RaftServerConfigKeys (ConfUtils.java:logGet(62)) - raft.server.log.preallocated.size = 4194304 (custom)
2025-09-13 17:34:10,619 [3dbe4e49-25e9-43f5-94e0-3ca31f2aaaf2-impl-thread1] INFO  server.RaftServerConfigKeys (ConfUtils.java:logGet(62)) - raft.server.log.write.buffer.size = 33554440 (custom)
2025-09-13 17:34:10,621 [3dbe4e49-25e9-43f5-94e0-3ca31f2aaaf2-impl-thread2] INFO  util.AwaitToRun (AwaitToRun.java:start(81)) - Thread[#3717,3dbe4e49-25e9-43f5-94e0-3ca31f2aaaf2@group-3DEBD952707A-cacheEviction-AwaitToRun,5,main] started
2025-09-13 17:34:10,621 [3dbe4e49-25e9-43f5-94e0-3ca31f2aaaf2-impl-thread2] INFO  segmented.SegmentedRaftLogWorker (SegmentedRaftLogWorker.java:<init>(190)) - new 3dbe4e49-25e9-43f5-94e0-3ca31f2aaaf2@group-3DEBD952707A-SegmentedRaftLogWorker for RaftStorageImpl:Storage Directory /home/runner/work/ozone/ozone/hadoop-ozone/integration-test/target/test-dir/MiniOzoneClusterImpl-1331a795-ed08-415d-924a-7661a5cf51a5/ozone-metadata/datanode-7/ratis/0ca82692-2fba-4cdd-8f6b-3debd952707a
2025-09-13 17:34:10,621 [3dbe4e49-25e9-43f5-94e0-3ca31f2aaaf2-impl-thread2] INFO  server.RaftServerConfigKeys (ConfUtils.java:logGet(62)) - raft.server.log.queue.byte-limit = 4294967296 (custom)
2025-09-13 17:34:10,621 [3dbe4e49-25e9-43f5-94e0-3ca31f2aaaf2-impl-thread2] INFO  server.RaftServerConfigKeys (ConfUtils.java:logGet(62)) - raft.server.log.segment.size.max = 67108864 (custom)
2025-09-13 17:34:10,621 [3dbe4e49-25e9-43f5-94e0-3ca31f2aaaf2-impl-thread2] INFO  server.RaftServerConfigKeys (ConfUtils.java:logGet(62)) - raft.server.log.preallocated.size = 4194304 (custom)
2025-09-13 17:34:10,621 [3dbe4e49-25e9-43f5-94e0-3ca31f2aaaf2-impl-thread2] INFO  server.RaftServerConfigKeys (ConfUtils.java:logGet(62)) - raft.server.log.write.buffer.size = 33554440 (custom)
2025-09-13 17:34:10,624 [3dbe4e49-25e9-43f5-94e0-3ca31f2aaaf2-impl-thread3] INFO  server.RaftServerConfigKeys (ConfUtils.java:logGet(62)) - raft.server.log.appender.buffer.byte-limit = 33554432 (custom)
2025-09-13 17:34:10,624 [3dbe4e49-25e9-43f5-94e0-3ca31f2aaaf2-impl-thread3] INFO  server.RaftServer$Division (ServerState.java:setRaftConf(386)) - 3dbe4e49-25e9-43f5-94e0-3ca31f2aaaf2@group-A8D25C85FDCF: set configuration conf: {index: 0, cur=peers:[3dbe4e49-25e9-43f5-94e0-3ca31f2aaaf2|127.0.0.1:15063, 9b620cf5-1dd4-4083-97bd-ff44c8fea23e|127.0.0.1:15071, 2f036b56-942d-42f4-908f-5b0be9aff918|127.0.0.1:15079]|listeners:[], old=null}
2025-09-13 17:34:10,625 [3dbe4e49-25e9-43f5-94e0-3ca31f2aaaf2-impl-thread1] INFO  server.RaftServerConfigKeys (ConfUtils.java:logGet(62)) - raft.server.log.appender.buffer.byte-limit = 33554432 (custom)
2025-09-13 17:34:10,625 [3dbe4e49-25e9-43f5-94e0-3ca31f2aaaf2-impl-thread1] INFO  server.RaftServer$Division (ServerState.java:setRaftConf(386)) - 3dbe4e49-25e9-43f5-94e0-3ca31f2aaaf2@group-7B0F0416234C: set configuration conf: {index: 0, cur=peers:[3dbe4e49-25e9-43f5-94e0-3ca31f2aaaf2|127.0.0.1:15063]|listeners:[], old=null}
2025-09-13 17:34:10,625 [3dbe4e49-25e9-43f5-94e0-3ca31f2aaaf2-impl-thread1] INFO  segmented.LogSegment (LogSegment.java:loadSegment(171)) - Successfully read 1 entries from segment file /home/runner/work/ozone/ozone/hadoop-ozone/integration-test/target/test-dir/MiniOzoneClusterImpl-1331a795-ed08-415d-924a-7661a5cf51a5/ozone-metadata/datanode-7/ratis/f5ff5807-9027-40e4-b9dd-7b0f0416234c/current/log_inprogress_0
2025-09-13 17:34:10,625 [3dbe4e49-25e9-43f5-94e0-3ca31f2aaaf2-impl-thread3] INFO  segmented.LogSegment (LogSegment.java:loadSegment(171)) - Successfully read 17 entries from segment file /home/runner/work/ozone/ozone/hadoop-ozone/integration-test/target/test-dir/MiniOzoneClusterImpl-1331a795-ed08-415d-924a-7661a5cf51a5/ozone-metadata/datanode-7/ratis/04878825-8370-49d4-b879-a8d25c85fdcf/current/log_inprogress_0
2025-09-13 17:34:10,625 [3dbe4e49-25e9-43f5-94e0-3ca31f2aaaf2-impl-thread3] INFO  segmented.SegmentedRaftLogWorker (SegmentedRaftLogWorker.java:lambda$new$0(141)) - 3dbe4e49-25e9-43f5-94e0-3ca31f2aaaf2@group-A8D25C85FDCF-SegmentedRaftLogWorker: flushIndex: setUnconditionally 0 -> 16
2025-09-13 17:34:10,625 [3dbe4e49-25e9-43f5-94e0-3ca31f2aaaf2-impl-thread3] INFO  segmented.SegmentedRaftLogWorker (SegmentedRaftLogWorker.java:lambda$new$0(141)) - 3dbe4e49-25e9-43f5-94e0-3ca31f2aaaf2@group-A8D25C85FDCF-SegmentedRaftLogWorker: safeCacheEvictIndex: setUnconditionally 0 -> -1
2025-09-13 17:34:10,626 [3dbe4e49-25e9-43f5-94e0-3ca31f2aaaf2-impl-thread3] INFO  segmented.BufferedWriteChannel (BufferedWriteChannel.java:open(61)) - open log_inprogress_0 (append) at position 4088
2025-09-13 17:34:10,625 [3dbe4e49-25e9-43f5-94e0-3ca31f2aaaf2-impl-thread1] INFO  segmented.SegmentedRaftLogWorker (SegmentedRaftLogWorker.java:lambda$new$0(141)) - 3dbe4e49-25e9-43f5-94e0-3ca31f2aaaf2@group-7B0F0416234C-SegmentedRaftLogWorker: safeCacheEvictIndex: setUnconditionally 0 -> -1
2025-09-13 17:34:10,626 [3dbe4e49-25e9-43f5-94e0-3ca31f2aaaf2-impl-thread1] INFO  segmented.BufferedWriteChannel (BufferedWriteChannel.java:open(61)) - open log_inprogress_0 (append) at position 129
2025-09-13 17:34:10,626 [3dbe4e49-25e9-43f5-94e0-3ca31f2aaaf2-impl-thread1] INFO  server.RaftServer$Division (RaftServerImpl.java:start(405)) - 3dbe4e49-25e9-43f5-94e0-3ca31f2aaaf2@group-7B0F0416234C: start as a follower, conf=conf: {index: 0, cur=peers:[3dbe4e49-25e9-43f5-94e0-3ca31f2aaaf2|127.0.0.1:15063]|listeners:[], old=null}
2025-09-13 17:34:10,627 [3dbe4e49-25e9-43f5-94e0-3ca31f2aaaf2-impl-thread1] INFO  server.RaftServer$Division (RaftServerImpl.java:setRole(392)) - 3dbe4e49-25e9-43f5-94e0-3ca31f2aaaf2@group-7B0F0416234C: changes role from      null to FOLLOWER at term 1 for startAsFollower
2025-09-13 17:34:10,627 [3dbe4e49-25e9-43f5-94e0-3ca31f2aaaf2-impl-thread1] INFO  impl.RoleInfo (RoleInfo.java:updateAndGet(148)) - 3dbe4e49-25e9-43f5-94e0-3ca31f2aaaf2: start 3dbe4e49-25e9-43f5-94e0-3ca31f2aaaf2@group-7B0F0416234C-FollowerState
2025-09-13 17:34:10,627 [3dbe4e49-25e9-43f5-94e0-3ca31f2aaaf2-impl-thread3] INFO  server.RaftServer$Division (RaftServerImpl.java:start(405)) - 3dbe4e49-25e9-43f5-94e0-3ca31f2aaaf2@group-A8D25C85FDCF: start as a follower, conf=conf: {index: 0, cur=peers:[3dbe4e49-25e9-43f5-94e0-3ca31f2aaaf2|127.0.0.1:15063, 9b620cf5-1dd4-4083-97bd-ff44c8fea23e|127.0.0.1:15071, 2f036b56-942d-42f4-908f-5b0be9aff918|127.0.0.1:15079]|listeners:[], old=null}
2025-09-13 17:34:10,627 [3dbe4e49-25e9-43f5-94e0-3ca31f2aaaf2-impl-thread3] INFO  server.RaftServer$Division (RaftServerImpl.java:setRole(392)) - 3dbe4e49-25e9-43f5-94e0-3ca31f2aaaf2@group-A8D25C85FDCF: changes role from      null to FOLLOWER at term 1 for startAsFollower
2025-09-13 17:34:10,627 [3dbe4e49-25e9-43f5-94e0-3ca31f2aaaf2-impl-thread3] INFO  impl.RoleInfo (RoleInfo.java:updateAndGet(148)) - 3dbe4e49-25e9-43f5-94e0-3ca31f2aaaf2: start 3dbe4e49-25e9-43f5-94e0-3ca31f2aaaf2@group-A8D25C85FDCF-FollowerState
2025-09-13 17:34:10,627 [3dbe4e49-25e9-43f5-94e0-3ca31f2aaaf2-impl-thread1] INFO  util.JmxRegister (JmxRegister.java:tryRegister(44)) - Successfully registered JMX Bean with object name Ratis:service=RaftServer,group=group-7B0F0416234C,id=3dbe4e49-25e9-43f5-94e0-3ca31f2aaaf2
2025-09-13 17:34:10,627 [3dbe4e49-25e9-43f5-94e0-3ca31f2aaaf2-impl-thread1] INFO  util.JmxRegister (JmxRegister.java:register(58)) - register mxBean class org.apache.ratis.server.impl.RaftServerJmxAdapter as Ratis:service=RaftServer,group=group-7B0F0416234C,id=3dbe4e49-25e9-43f5-94e0-3ca31f2aaaf2
2025-09-13 17:34:10,627 [3dbe4e49-25e9-43f5-94e0-3ca31f2aaaf2-impl-thread3] INFO  util.JmxRegister (JmxRegister.java:tryRegister(44)) - Successfully registered JMX Bean with object name Ratis:service=RaftServer,group=group-A8D25C85FDCF,id=3dbe4e49-25e9-43f5-94e0-3ca31f2aaaf2
2025-09-13 17:34:10,627 [3dbe4e49-25e9-43f5-94e0-3ca31f2aaaf2-impl-thread3] INFO  util.JmxRegister (JmxRegister.java:register(58)) - register mxBean class org.apache.ratis.server.impl.RaftServerJmxAdapter as Ratis:service=RaftServer,group=group-A8D25C85FDCF,id=3dbe4e49-25e9-43f5-94e0-3ca31f2aaaf2
2025-09-13 17:34:10,628 [3dbe4e49-25e9-43f5-94e0-3ca31f2aaaf2-impl-thread3] INFO  server.RaftServer$Division (RaftServerImpl.java:start(419)) - 3dbe4e49-25e9-43f5-94e0-3ca31f2aaaf2@group-A8D25C85FDCF: Successfully started.
2025-09-13 17:34:10,629 [3dbe4e49-25e9-43f5-94e0-3ca31f2aaaf2-impl-thread2] INFO  server.RaftServerConfigKeys (ConfUtils.java:logGet(62)) - raft.server.log.appender.buffer.byte-limit = 33554432 (custom)
2025-09-13 17:34:10,629 [3dbe4e49-25e9-43f5-94e0-3ca31f2aaaf2-impl-thread1] INFO  server.RaftServer$Division (RaftServerImpl.java:start(419)) - 3dbe4e49-25e9-43f5-94e0-3ca31f2aaaf2@group-7B0F0416234C: Successfully started.
2025-09-13 17:34:10,629 [3dbe4e49-25e9-43f5-94e0-3ca31f2aaaf2-impl-thread2] INFO  server.RaftServer$Division (ServerState.java:setRaftConf(386)) - 3dbe4e49-25e9-43f5-94e0-3ca31f2aaaf2@group-3DEBD952707A: set configuration conf: {index: 0, cur=peers:[3dbe4e49-25e9-43f5-94e0-3ca31f2aaaf2|127.0.0.1:15063, 9b620cf5-1dd4-4083-97bd-ff44c8fea23e|127.0.0.1:15071, 2f036b56-942d-42f4-908f-5b0be9aff918|127.0.0.1:15079]|listeners:[], old=null}
2025-09-13 17:34:10,629 [3dbe4e49-25e9-43f5-94e0-3ca31f2aaaf2-impl-thread2] INFO  segmented.LogSegment (LogSegment.java:loadSegment(171)) - Successfully read 1 entries from segment file /home/runner/work/ozone/ozone/hadoop-ozone/integration-test/target/test-dir/MiniOzoneClusterImpl-1331a795-ed08-415d-924a-7661a5cf51a5/ozone-metadata/datanode-7/ratis/0ca82692-2fba-4cdd-8f6b-3debd952707a/current/log_inprogress_0
2025-09-13 17:34:10,629 [3dbe4e49-25e9-43f5-94e0-3ca31f2aaaf2-impl-thread2] INFO  segmented.SegmentedRaftLogWorker (SegmentedRaftLogWorker.java:lambda$new$0(141)) - 3dbe4e49-25e9-43f5-94e0-3ca31f2aaaf2@group-3DEBD952707A-SegmentedRaftLogWorker: safeCacheEvictIndex: setUnconditionally 0 -> -1
2025-09-13 17:34:10,629 [3dbe4e49-25e9-43f5-94e0-3ca31f2aaaf2-impl-thread2] INFO  segmented.BufferedWriteChannel (BufferedWriteChannel.java:open(61)) - open log_inprogress_0 (append) at position 351
2025-09-13 17:34:10,630 [3dbe4e49-25e9-43f5-94e0-3ca31f2aaaf2-impl-thread2] INFO  server.RaftServer$Division (RaftServerImpl.java:start(405)) - 3dbe4e49-25e9-43f5-94e0-3ca31f2aaaf2@group-3DEBD952707A: start as a follower, conf=conf: {index: 0, cur=peers:[3dbe4e49-25e9-43f5-94e0-3ca31f2aaaf2|127.0.0.1:15063, 9b620cf5-1dd4-4083-97bd-ff44c8fea23e|127.0.0.1:15071, 2f036b56-942d-42f4-908f-5b0be9aff918|127.0.0.1:15079]|listeners:[], old=null}
2025-09-13 17:34:10,630 [3dbe4e49-25e9-43f5-94e0-3ca31f2aaaf2-impl-thread2] INFO  server.RaftServer$Division (RaftServerImpl.java:setRole(392)) - 3dbe4e49-25e9-43f5-94e0-3ca31f2aaaf2@group-3DEBD952707A: changes role from      null to FOLLOWER at term 1 for startAsFollower
2025-09-13 17:34:10,630 [3dbe4e49-25e9-43f5-94e0-3ca31f2aaaf2-impl-thread2] INFO  impl.RoleInfo (RoleInfo.java:updateAndGet(148)) - 3dbe4e49-25e9-43f5-94e0-3ca31f2aaaf2: start 3dbe4e49-25e9-43f5-94e0-3ca31f2aaaf2@group-3DEBD952707A-FollowerState
2025-09-13 17:34:10,630 [3dbe4e49-25e9-43f5-94e0-3ca31f2aaaf2-impl-thread2] INFO  util.JmxRegister (JmxRegister.java:tryRegister(44)) - Successfully registered JMX Bean with object name Ratis:service=RaftServer,group=group-3DEBD952707A,id=3dbe4e49-25e9-43f5-94e0-3ca31f2aaaf2
2025-09-13 17:34:10,630 [3dbe4e49-25e9-43f5-94e0-3ca31f2aaaf2-impl-thread2] INFO  util.JmxRegister (JmxRegister.java:register(58)) - register mxBean class org.apache.ratis.server.impl.RaftServerJmxAdapter as Ratis:service=RaftServer,group=group-3DEBD952707A,id=3dbe4e49-25e9-43f5-94e0-3ca31f2aaaf2
2025-09-13 17:34:10,630 [3dbe4e49-25e9-43f5-94e0-3ca31f2aaaf2-impl-thread2] INFO  server.RaftServer$Division (RaftServerImpl.java:start(419)) - 3dbe4e49-25e9-43f5-94e0-3ca31f2aaaf2@group-3DEBD952707A: Successfully started.
2025-09-13 17:34:10,631 [3dbe4e49-25e9-43f5-94e0-3ca31f2aaaf2-EndpointStateMachineTaskThread-/0.0.0.0:15002-0 ] INFO  server.RaftServer (RaftServerProxy.java:startImpl(412)) - 3dbe4e49-25e9-43f5-94e0-3ca31f2aaaf2: start RPC server
2025-09-13 17:34:10,631 [3dbe4e49-25e9-43f5-94e0-3ca31f2aaaf2-EndpointStateMachineTaskThread-/0.0.0.0:15002-0 ] INFO  server.GrpcServicesImpl (GrpcServicesImpl.java:startImpl(346)) - 3dbe4e49-25e9-43f5-94e0-3ca31f2aaaf2: GrpcServicesImpl started, listening on 15061
2025-09-13 17:34:10,631 [3dbe4e49-25e9-43f5-94e0-3ca31f2aaaf2-EndpointStateMachineTaskThread-/0.0.0.0:15002-0 ] INFO  server.GrpcServicesImpl (GrpcServicesImpl.java:startImpl(346)) - 3dbe4e49-25e9-43f5-94e0-3ca31f2aaaf2: GrpcServicesImpl started, listening on 15063
2025-09-13 17:34:10,631 [3dbe4e49-25e9-43f5-94e0-3ca31f2aaaf2-EndpointStateMachineTaskThread-/0.0.0.0:15002-0 ] INFO  server.GrpcServicesImpl (GrpcServicesImpl.java:startImpl(346)) - 3dbe4e49-25e9-43f5-94e0-3ca31f2aaaf2: GrpcServicesImpl started, listening on 15062
2025-09-13 17:34:10,632 [3dbe4e49-25e9-43f5-94e0-3ca31f2aaaf2-EndpointStateMachineTaskThread-/0.0.0.0:15002-0 ] INFO  ratis.XceiverServerRatis (XceiverServerRatis.java:getRealPort(587)) - XceiverServerRatis(3dbe4e49-25e9-43f5-94e0-3ca31f2aaaf2) is started using port RATIS=15061
2025-09-13 17:34:10,632 [JvmPauseMonitor19] INFO  util.JvmPauseMonitor (JvmPauseMonitor.java:run(146)) - JvmPauseMonitor-3dbe4e49-25e9-43f5-94e0-3ca31f2aaaf2: Started
2025-09-13 17:34:10,632 [3dbe4e49-25e9-43f5-94e0-3ca31f2aaaf2-EndpointStateMachineTaskThread-/0.0.0.0:15002-0 ] INFO  ratis.XceiverServerRatis (XceiverServerRatis.java:getRealPort(587)) - XceiverServerRatis(3dbe4e49-25e9-43f5-94e0-3ca31f2aaaf2) is started using port RATIS_ADMIN=15062
2025-09-13 17:34:10,632 [3dbe4e49-25e9-43f5-94e0-3ca31f2aaaf2-EndpointStateMachineTaskThread-/0.0.0.0:15002-0 ] INFO  ratis.XceiverServerRatis (XceiverServerRatis.java:getRealPort(587)) - XceiverServerRatis(3dbe4e49-25e9-43f5-94e0-3ca31f2aaaf2) is started using port RATIS_SERVER=15063
2025-09-13 17:34:10,632 [3dbe4e49-25e9-43f5-94e0-3ca31f2aaaf2-EndpointStateMachineTaskThread-/0.0.0.0:15002-0 ] INFO  ratis.XceiverServerRatis (XceiverServerRatis.java:getRealPort(587)) - XceiverServerRatis(3dbe4e49-25e9-43f5-94e0-3ca31f2aaaf2) is started using port RATIS_DATASTREAM=15064
2025-09-13 17:34:10,632 [3dbe4e49-25e9-43f5-94e0-3ca31f2aaaf2-EndpointStateMachineTaskThread-/0.0.0.0:15002-0 ] INFO  utils.BackgroundService (BackgroundService.java:start(119)) - Starting service BlockDeletingService with interval 60000 milliseconds
2025-09-13 17:34:10,632 [3dbe4e49-25e9-43f5-94e0-3ca31f2aaaf2-EndpointStateMachineTaskThread-/0.0.0.0:15002-0 ] INFO  utils.BackgroundService (BackgroundService.java:start(119)) - Starting service StaleRecoveringContainerScrubbingService with interval 60000 milliseconds
2025-09-13 17:34:11,643 [3dbe4e49-25e9-43f5-94e0-3ca31f2aaaf2@group-3DEBD952707A-FollowerState] INFO  impl.FollowerState (FollowerState.java:runImpl(161)) - 3dbe4e49-25e9-43f5-94e0-3ca31f2aaaf2@group-3DEBD952707A-FollowerState: change to CANDIDATE, lastRpcElapsedTime:1013325990ns, electionTimeout:1013ms
2025-09-13 17:34:11,643 [3dbe4e49-25e9-43f5-94e0-3ca31f2aaaf2@group-3DEBD952707A-FollowerState] INFO  impl.RoleInfo (RoleInfo.java:shutdownFollowerState(121)) - 3dbe4e49-25e9-43f5-94e0-3ca31f2aaaf2: shutdown 3dbe4e49-25e9-43f5-94e0-3ca31f2aaaf2@group-3DEBD952707A-FollowerState
2025-09-13 17:34:11,643 [3dbe4e49-25e9-43f5-94e0-3ca31f2aaaf2@group-3DEBD952707A-FollowerState] INFO  server.RaftServer$Division (RaftServerImpl.java:setRole(392)) - 3dbe4e49-25e9-43f5-94e0-3ca31f2aaaf2@group-3DEBD952707A: changes role from  FOLLOWER to CANDIDATE at term 1 for changeToCandidate
2025-09-13 17:34:11,643 [3dbe4e49-25e9-43f5-94e0-3ca31f2aaaf2@group-3DEBD952707A-FollowerState] INFO  impl.RoleInfo (RoleInfo.java:updateAndGet(148)) - 3dbe4e49-25e9-43f5-94e0-3ca31f2aaaf2: start 3dbe4e49-25e9-43f5-94e0-3ca31f2aaaf2@group-3DEBD952707A-LeaderElection300
2025-09-13 17:34:11,644 [3dbe4e49-25e9-43f5-94e0-3ca31f2aaaf2@group-3DEBD952707A-LeaderElection300] INFO  impl.LeaderElection (LeaderElection.java:askForVotes(448)) - 3dbe4e49-25e9-43f5-94e0-3ca31f2aaaf2@group-3DEBD952707A-LeaderElection300 PRE_VOTE round 0: submit vote requests at term 1 for conf: {index: 0, cur=peers:[3dbe4e49-25e9-43f5-94e0-3ca31f2aaaf2|127.0.0.1:15063, 9b620cf5-1dd4-4083-97bd-ff44c8fea23e|127.0.0.1:15071, 2f036b56-942d-42f4-908f-5b0be9aff918|127.0.0.1:15079]|listeners:[], old=null}
2025-09-13 17:34:11,644 [3dbe4e49-25e9-43f5-94e0-3ca31f2aaaf2@group-3DEBD952707A-LeaderElection300-1] INFO  server.GrpcServerProtocolClient (GrpcServerProtocolClient.java:<init>(65)) - Build channel for 9b620cf5-1dd4-4083-97bd-ff44c8fea23e|127.0.0.1:15071
2025-09-13 17:34:11,644 [3dbe4e49-25e9-43f5-94e0-3ca31f2aaaf2@group-3DEBD952707A-LeaderElection300-2] INFO  server.GrpcServerProtocolClient (GrpcServerProtocolClient.java:<init>(65)) - Build channel for 2f036b56-942d-42f4-908f-5b0be9aff918|127.0.0.1:15079
2025-09-13 17:34:11,647 [grpc-default-executor-10] INFO  server.RaftServer$Division (RaftServerImpl.java:requestVote(1421)) - 2f036b56-942d-42f4-908f-5b0be9aff918@group-3DEBD952707A: receive requestVote(PRE_VOTE, 3dbe4e49-25e9-43f5-94e0-3ca31f2aaaf2, group-3DEBD952707A, 1, (t:1, i:0))
2025-09-13 17:34:11,647 [grpc-default-executor-8] INFO  server.RaftServer$Division (RaftServerImpl.java:requestVote(1421)) - 9b620cf5-1dd4-4083-97bd-ff44c8fea23e@group-3DEBD952707A: receive requestVote(PRE_VOTE, 3dbe4e49-25e9-43f5-94e0-3ca31f2aaaf2, group-3DEBD952707A, 1, (t:1, i:0))
2025-09-13 17:34:11,647 [grpc-default-executor-8] INFO  impl.VoteContext (VoteContext.java:log(49)) - 9b620cf5-1dd4-4083-97bd-ff44c8fea23e@group-3DEBD952707A-FOLLOWER: reject PRE_VOTE from 3dbe4e49-25e9-43f5-94e0-3ca31f2aaaf2: this server is a follower and still has a valid leader 2f036b56-942d-42f4-908f-5b0be9aff918 different than the candidate 3dbe4e49-25e9-43f5-94e0-3ca31f2aaaf2
2025-09-13 17:34:11,647 [grpc-default-executor-8] INFO  server.RaftServer$Division (RaftServerImpl.java:requestVote(1455)) - 9b620cf5-1dd4-4083-97bd-ff44c8fea23e@group-3DEBD952707A replies to PRE_VOTE vote request: 3dbe4e49-25e9-43f5-94e0-3ca31f2aaaf2<-9b620cf5-1dd4-4083-97bd-ff44c8fea23e#0:FAIL-t2-last:(t:2, i:6). Peer's state: 9b620cf5-1dd4-4083-97bd-ff44c8fea23e@group-3DEBD952707A:t2, leader=2f036b56-942d-42f4-908f-5b0be9aff918, voted=2f036b56-942d-42f4-908f-5b0be9aff918, raftlog=Memoized:9b620cf5-1dd4-4083-97bd-ff44c8fea23e@group-3DEBD952707A-SegmentedRaftLog:OPENED:c6:last(t:2, i:6), conf=conf: {index: 1, cur=peers:[3dbe4e49-25e9-43f5-94e0-3ca31f2aaaf2|127.0.0.1:15063, 9b620cf5-1dd4-4083-97bd-ff44c8fea23e|127.0.0.1:15071, 2f036b56-942d-42f4-908f-5b0be9aff918|127.0.0.1:15079]|listeners:[], old=null}
2025-09-13 17:34:11,648 [3dbe4e49-25e9-43f5-94e0-3ca31f2aaaf2@group-3DEBD952707A-LeaderElection300] INFO  impl.LeaderElection (LeaderElection.java:logAndReturn(206)) - 3dbe4e49-25e9-43f5-94e0-3ca31f2aaaf2@group-3DEBD952707A-LeaderElection300: PRE_VOTE DISCOVERED_A_NEW_TERM (term=2) received 1 response(s) and 0 exception(s):
2025-09-13 17:34:11,648 [3dbe4e49-25e9-43f5-94e0-3ca31f2aaaf2@group-3DEBD952707A-LeaderElection300] INFO  impl.LeaderElection (LeaderElection.java:logAndReturn(210)) -   Response 0: 3dbe4e49-25e9-43f5-94e0-3ca31f2aaaf2<-9b620cf5-1dd4-4083-97bd-ff44c8fea23e#0:FAIL-t2-last:(t:2, i:6)
2025-09-13 17:34:11,648 [3dbe4e49-25e9-43f5-94e0-3ca31f2aaaf2@group-3DEBD952707A-LeaderElection300] INFO  impl.LeaderElection (LeaderElection.java:askForVotes(450)) - 3dbe4e49-25e9-43f5-94e0-3ca31f2aaaf2@group-3DEBD952707A-LeaderElection300 PRE_VOTE round 0: result DISCOVERED_A_NEW_TERM (term=2)
2025-09-13 17:34:11,648 [3dbe4e49-25e9-43f5-94e0-3ca31f2aaaf2@group-3DEBD952707A-LeaderElection300] INFO  server.RaftServer$Division (RaftServerImpl.java:setRole(392)) - 3dbe4e49-25e9-43f5-94e0-3ca31f2aaaf2@group-3DEBD952707A: changes role from CANDIDATE to FOLLOWER at term 1 for DISCOVERED_A_NEW_TERM (term=2)
2025-09-13 17:34:11,648 [3dbe4e49-25e9-43f5-94e0-3ca31f2aaaf2@group-3DEBD952707A-LeaderElection300] INFO  impl.RoleInfo (RoleInfo.java:shutdownLeaderElection(141)) - 3dbe4e49-25e9-43f5-94e0-3ca31f2aaaf2: shutdown 3dbe4e49-25e9-43f5-94e0-3ca31f2aaaf2@group-3DEBD952707A-LeaderElection300
2025-09-13 17:34:11,648 [grpc-default-executor-10] INFO  impl.VoteContext (VoteContext.java:log(49)) - 2f036b56-942d-42f4-908f-5b0be9aff918@group-3DEBD952707A-LEADER: reject PRE_VOTE from 3dbe4e49-25e9-43f5-94e0-3ca31f2aaaf2: this server is the leader and still has leadership
2025-09-13 17:34:11,648 [3dbe4e49-25e9-43f5-94e0-3ca31f2aaaf2@group-3DEBD952707A-LeaderElection300] INFO  impl.RoleInfo (RoleInfo.java:updateAndGet(148)) - 3dbe4e49-25e9-43f5-94e0-3ca31f2aaaf2: start 3dbe4e49-25e9-43f5-94e0-3ca31f2aaaf2@group-3DEBD952707A-FollowerState
2025-09-13 17:34:11,649 [grpc-default-executor-10] INFO  server.RaftServer$Division (RaftServerImpl.java:requestVote(1455)) - 2f036b56-942d-42f4-908f-5b0be9aff918@group-3DEBD952707A replies to PRE_VOTE vote request: 3dbe4e49-25e9-43f5-94e0-3ca31f2aaaf2<-2f036b56-942d-42f4-908f-5b0be9aff918#0:FAIL-t2-last:(t:2, i:6). Peer's state: 2f036b56-942d-42f4-908f-5b0be9aff918@group-3DEBD952707A:t2, leader=2f036b56-942d-42f4-908f-5b0be9aff918, voted=2f036b56-942d-42f4-908f-5b0be9aff918, raftlog=Memoized:2f036b56-942d-42f4-908f-5b0be9aff918@group-3DEBD952707A-SegmentedRaftLog:OPENED:c6:last(t:2, i:6), conf=conf: {index: 1, cur=peers:[3dbe4e49-25e9-43f5-94e0-3ca31f2aaaf2|127.0.0.1:15063, 9b620cf5-1dd4-4083-97bd-ff44c8fea23e|127.0.0.1:15071, 2f036b56-942d-42f4-908f-5b0be9aff918|127.0.0.1:15079]|listeners:[], old=null}
2025-09-13 17:34:11,649 [3dbe4e49-25e9-43f5-94e0-3ca31f2aaaf2@group-3DEBD952707A-LeaderElection300] INFO  server.RaftServer$Division (RaftServerImpl.java:setFirstElection(576)) - 3dbe4e49-25e9-43f5-94e0-3ca31f2aaaf2@group-3DEBD952707A: set firstElectionSinceStartup to false for DISCOVERED_A_NEW_TERM (term=2)
2025-09-13 17:34:11,682 [3dbe4e49-25e9-43f5-94e0-3ca31f2aaaf2@group-A8D25C85FDCF-FollowerState] INFO  impl.FollowerState (FollowerState.java:runImpl(161)) - 3dbe4e49-25e9-43f5-94e0-3ca31f2aaaf2@group-A8D25C85FDCF-FollowerState: change to CANDIDATE, lastRpcElapsedTime:1055554957ns, electionTimeout:1055ms
2025-09-13 17:34:11,682 [3dbe4e49-25e9-43f5-94e0-3ca31f2aaaf2@group-A8D25C85FDCF-FollowerState] INFO  impl.RoleInfo (RoleInfo.java:shutdownFollowerState(121)) - 3dbe4e49-25e9-43f5-94e0-3ca31f2aaaf2: shutdown 3dbe4e49-25e9-43f5-94e0-3ca31f2aaaf2@group-A8D25C85FDCF-FollowerState
2025-09-13 17:34:11,682 [3dbe4e49-25e9-43f5-94e0-3ca31f2aaaf2@group-A8D25C85FDCF-FollowerState] INFO  server.RaftServer$Division (RaftServerImpl.java:setRole(392)) - 3dbe4e49-25e9-43f5-94e0-3ca31f2aaaf2@group-A8D25C85FDCF: changes role from  FOLLOWER to CANDIDATE at term 1 for changeToCandidate
2025-09-13 17:34:11,683 [3dbe4e49-25e9-43f5-94e0-3ca31f2aaaf2@group-A8D25C85FDCF-FollowerState] INFO  impl.RoleInfo (RoleInfo.java:updateAndGet(148)) - 3dbe4e49-25e9-43f5-94e0-3ca31f2aaaf2: start 3dbe4e49-25e9-43f5-94e0-3ca31f2aaaf2@group-A8D25C85FDCF-LeaderElection301
2025-09-13 17:34:11,683 [3dbe4e49-25e9-43f5-94e0-3ca31f2aaaf2@group-A8D25C85FDCF-LeaderElection301] INFO  impl.LeaderElection (LeaderElection.java:askForVotes(448)) - 3dbe4e49-25e9-43f5-94e0-3ca31f2aaaf2@group-A8D25C85FDCF-LeaderElection301 PRE_VOTE round 0: submit vote requests at term 1 for conf: {index: 0, cur=peers:[3dbe4e49-25e9-43f5-94e0-3ca31f2aaaf2|127.0.0.1:15063, 9b620cf5-1dd4-4083-97bd-ff44c8fea23e|127.0.0.1:15071, 2f036b56-942d-42f4-908f-5b0be9aff918|127.0.0.1:15079]|listeners:[], old=null}
2025-09-13 17:34:11,684 [grpc-default-executor-10] INFO  server.RaftServer$Division (RaftServerImpl.java:requestVote(1421)) - 9b620cf5-1dd4-4083-97bd-ff44c8fea23e@group-A8D25C85FDCF: receive requestVote(PRE_VOTE, 3dbe4e49-25e9-43f5-94e0-3ca31f2aaaf2, group-A8D25C85FDCF, 1, (t:1, i:16))
2025-09-13 17:34:11,684 [grpc-default-executor-8] INFO  server.RaftServer$Division (RaftServerImpl.java:requestVote(1421)) - 2f036b56-942d-42f4-908f-5b0be9aff918@group-A8D25C85FDCF: receive requestVote(PRE_VOTE, 3dbe4e49-25e9-43f5-94e0-3ca31f2aaaf2, group-A8D25C85FDCF, 1, (t:1, i:16))
2025-09-13 17:34:11,684 [grpc-default-executor-10] INFO  impl.VoteContext (VoteContext.java:log(49)) - 9b620cf5-1dd4-4083-97bd-ff44c8fea23e@group-A8D25C85FDCF-LEADER: reject PRE_VOTE from 3dbe4e49-25e9-43f5-94e0-3ca31f2aaaf2: this server is the leader and still has leadership
2025-09-13 17:34:11,684 [grpc-default-executor-8] INFO  impl.VoteContext (VoteContext.java:log(49)) - 2f036b56-942d-42f4-908f-5b0be9aff918@group-A8D25C85FDCF-FOLLOWER: reject PRE_VOTE from 3dbe4e49-25e9-43f5-94e0-3ca31f2aaaf2: this server is a follower and still has a valid leader 9b620cf5-1dd4-4083-97bd-ff44c8fea23e different than the candidate 3dbe4e49-25e9-43f5-94e0-3ca31f2aaaf2
2025-09-13 17:34:11,684 [grpc-default-executor-8] INFO  server.RaftServer$Division (RaftServerImpl.java:requestVote(1455)) - 2f036b56-942d-42f4-908f-5b0be9aff918@group-A8D25C85FDCF replies to PRE_VOTE vote request: 3dbe4e49-25e9-43f5-94e0-3ca31f2aaaf2<-2f036b56-942d-42f4-908f-5b0be9aff918#0:FAIL-t1-last:(t:1, i:26). Peer's state: 2f036b56-942d-42f4-908f-5b0be9aff918@group-A8D25C85FDCF:t1, leader=9b620cf5-1dd4-4083-97bd-ff44c8fea23e, voted=9b620cf5-1dd4-4083-97bd-ff44c8fea23e, raftlog=Memoized:2f036b56-942d-42f4-908f-5b0be9aff918@group-A8D25C85FDCF-SegmentedRaftLog:OPENED:c26:last(t:1, i:26), conf=conf: {index: 0, cur=peers:[3dbe4e49-25e9-43f5-94e0-3ca31f2aaaf2|127.0.0.1:15063, 9b620cf5-1dd4-4083-97bd-ff44c8fea23e|127.0.0.1:15071, 2f036b56-942d-42f4-908f-5b0be9aff918|127.0.0.1:15079]|listeners:[], old=null}
2025-09-13 17:34:11,684 [grpc-default-executor-10] INFO  server.RaftServer$Division (RaftServerImpl.java:requestVote(1455)) - 9b620cf5-1dd4-4083-97bd-ff44c8fea23e@group-A8D25C85FDCF replies to PRE_VOTE vote request: 3dbe4e49-25e9-43f5-94e0-3ca31f2aaaf2<-9b620cf5-1dd4-4083-97bd-ff44c8fea23e#0:FAIL-t1-last:(t:1, i:26). Peer's state: 9b620cf5-1dd4-4083-97bd-ff44c8fea23e@group-A8D25C85FDCF:t1, leader=9b620cf5-1dd4-4083-97bd-ff44c8fea23e, voted=9b620cf5-1dd4-4083-97bd-ff44c8fea23e, raftlog=Memoized:9b620cf5-1dd4-4083-97bd-ff44c8fea23e@group-A8D25C85FDCF-SegmentedRaftLog:OPENED:c26:last(t:1, i:26), conf=conf: {index: 0, cur=peers:[3dbe4e49-25e9-43f5-94e0-3ca31f2aaaf2|127.0.0.1:15063, 9b620cf5-1dd4-4083-97bd-ff44c8fea23e|127.0.0.1:15071, 2f036b56-942d-42f4-908f-5b0be9aff918|127.0.0.1:15079]|listeners:[], old=null}
2025-09-13 17:34:11,684 [3dbe4e49-25e9-43f5-94e0-3ca31f2aaaf2@group-A8D25C85FDCF-LeaderElection301] INFO  impl.LeaderElection (LeaderElection.java:logAndReturn(206)) - 3dbe4e49-25e9-43f5-94e0-3ca31f2aaaf2@group-A8D25C85FDCF-LeaderElection301: PRE_VOTE REJECTED received 2 response(s) and 0 exception(s):
2025-09-13 17:34:11,684 [3dbe4e49-25e9-43f5-94e0-3ca31f2aaaf2@group-A8D25C85FDCF-LeaderElection301] INFO  impl.LeaderElection (LeaderElection.java:logAndReturn(210)) -   Response 0: 3dbe4e49-25e9-43f5-94e0-3ca31f2aaaf2<-9b620cf5-1dd4-4083-97bd-ff44c8fea23e#0:FAIL-t1-last:(t:1, i:26)
2025-09-13 17:34:11,685 [3dbe4e49-25e9-43f5-94e0-3ca31f2aaaf2@group-A8D25C85FDCF-LeaderElection301] INFO  impl.LeaderElection (LeaderElection.java:logAndReturn(210)) -   Response 1: 3dbe4e49-25e9-43f5-94e0-3ca31f2aaaf2<-2f036b56-942d-42f4-908f-5b0be9aff918#0:FAIL-t1-last:(t:1, i:26)
2025-09-13 17:34:11,685 [3dbe4e49-25e9-43f5-94e0-3ca31f2aaaf2@group-A8D25C85FDCF-LeaderElection301] INFO  impl.LeaderElection (LeaderElection.java:askForVotes(450)) - 3dbe4e49-25e9-43f5-94e0-3ca31f2aaaf2@group-A8D25C85FDCF-LeaderElection301 PRE_VOTE round 0: result REJECTED
2025-09-13 17:34:11,685 [3dbe4e49-25e9-43f5-94e0-3ca31f2aaaf2@group-A8D25C85FDCF-LeaderElection301] INFO  server.RaftServer$Division (RaftServerImpl.java:setRole(392)) - 3dbe4e49-25e9-43f5-94e0-3ca31f2aaaf2@group-A8D25C85FDCF: changes role from CANDIDATE to FOLLOWER at term 1 for REJECTED
2025-09-13 17:34:11,685 [3dbe4e49-25e9-43f5-94e0-3ca31f2aaaf2@group-A8D25C85FDCF-LeaderElection301] INFO  impl.RoleInfo (RoleInfo.java:shutdownLeaderElection(141)) - 3dbe4e49-25e9-43f5-94e0-3ca31f2aaaf2: shutdown 3dbe4e49-25e9-43f5-94e0-3ca31f2aaaf2@group-A8D25C85FDCF-LeaderElection301
2025-09-13 17:34:11,685 [3dbe4e49-25e9-43f5-94e0-3ca31f2aaaf2@group-A8D25C85FDCF-LeaderElection301] INFO  impl.RoleInfo (RoleInfo.java:updateAndGet(148)) - 3dbe4e49-25e9-43f5-94e0-3ca31f2aaaf2: start 3dbe4e49-25e9-43f5-94e0-3ca31f2aaaf2@group-A8D25C85FDCF-FollowerState
2025-09-13 17:34:11,685 [3dbe4e49-25e9-43f5-94e0-3ca31f2aaaf2@group-A8D25C85FDCF-LeaderElection301] INFO  server.RaftServer$Division (RaftServerImpl.java:setFirstElection(576)) - 3dbe4e49-25e9-43f5-94e0-3ca31f2aaaf2@group-A8D25C85FDCF: set firstElectionSinceStartup to false for REJECTED
2025-09-13 17:34:11,737 [3dbe4e49-25e9-43f5-94e0-3ca31f2aaaf2@group-7B0F0416234C-FollowerState] INFO  impl.FollowerState (FollowerState.java:runImpl(161)) - 3dbe4e49-25e9-43f5-94e0-3ca31f2aaaf2@group-7B0F0416234C-FollowerState: change to CANDIDATE, lastRpcElapsedTime:1110021821ns, electionTimeout:1109ms
2025-09-13 17:34:11,737 [3dbe4e49-25e9-43f5-94e0-3ca31f2aaaf2@group-7B0F0416234C-FollowerState] INFO  impl.RoleInfo (RoleInfo.java:shutdownFollowerState(121)) - 3dbe4e49-25e9-43f5-94e0-3ca31f2aaaf2: shutdown 3dbe4e49-25e9-43f5-94e0-3ca31f2aaaf2@group-7B0F0416234C-FollowerState
2025-09-13 17:34:11,737 [3dbe4e49-25e9-43f5-94e0-3ca31f2aaaf2@group-7B0F0416234C-FollowerState] INFO  server.RaftServer$Division (RaftServerImpl.java:setRole(392)) - 3dbe4e49-25e9-43f5-94e0-3ca31f2aaaf2@group-7B0F0416234C: changes role from  FOLLOWER to CANDIDATE at term 1 for changeToCandidate
2025-09-13 17:34:11,737 [3dbe4e49-25e9-43f5-94e0-3ca31f2aaaf2@group-7B0F0416234C-FollowerState] INFO  impl.RoleInfo (RoleInfo.java:updateAndGet(148)) - 3dbe4e49-25e9-43f5-94e0-3ca31f2aaaf2: start 3dbe4e49-25e9-43f5-94e0-3ca31f2aaaf2@group-7B0F0416234C-LeaderElection302
2025-09-13 17:34:11,737 [3dbe4e49-25e9-43f5-94e0-3ca31f2aaaf2@group-7B0F0416234C-LeaderElection302] INFO  impl.LeaderElection (LeaderElection.java:askForVotes(448)) - 3dbe4e49-25e9-43f5-94e0-3ca31f2aaaf2@group-7B0F0416234C-LeaderElection302 PRE_VOTE round 0: submit vote requests at term 1 for conf: {index: 0, cur=peers:[3dbe4e49-25e9-43f5-94e0-3ca31f2aaaf2|127.0.0.1:15063]|listeners:[], old=null}
2025-09-13 17:34:11,737 [3dbe4e49-25e9-43f5-94e0-3ca31f2aaaf2@group-7B0F0416234C-LeaderElection302] INFO  impl.LeaderElection (LeaderElection.java:askForVotes(450)) - 3dbe4e49-25e9-43f5-94e0-3ca31f2aaaf2@group-7B0F0416234C-LeaderElection302 PRE_VOTE round 0: result PASSED (term=1)
2025-09-13 17:34:11,739 [3dbe4e49-25e9-43f5-94e0-3ca31f2aaaf2@group-7B0F0416234C-LeaderElection302] INFO  impl.LeaderElection (LeaderElection.java:askForVotes(448)) - 3dbe4e49-25e9-43f5-94e0-3ca31f2aaaf2@group-7B0F0416234C-LeaderElection302 ELECTION round 0: submit vote requests at term 2 for conf: {index: 0, cur=peers:[3dbe4e49-25e9-43f5-94e0-3ca31f2aaaf2|127.0.0.1:15063]|listeners:[], old=null}
2025-09-13 17:34:11,739 [3dbe4e49-25e9-43f5-94e0-3ca31f2aaaf2@group-7B0F0416234C-LeaderElection302] INFO  impl.LeaderElection (LeaderElection.java:askForVotes(450)) - 3dbe4e49-25e9-43f5-94e0-3ca31f2aaaf2@group-7B0F0416234C-LeaderElection302 ELECTION round 0: result PASSED (term=2)
2025-09-13 17:34:11,739 [3dbe4e49-25e9-43f5-94e0-3ca31f2aaaf2@group-7B0F0416234C-LeaderElection302] INFO  impl.RoleInfo (RoleInfo.java:shutdownLeaderElection(141)) - 3dbe4e49-25e9-43f5-94e0-3ca31f2aaaf2: shutdown 3dbe4e49-25e9-43f5-94e0-3ca31f2aaaf2@group-7B0F0416234C-LeaderElection302
2025-09-13 17:34:11,739 [3dbe4e49-25e9-43f5-94e0-3ca31f2aaaf2@group-7B0F0416234C-LeaderElection302] INFO  server.RaftServer$Division (RaftServerImpl.java:setRole(392)) - 3dbe4e49-25e9-43f5-94e0-3ca31f2aaaf2@group-7B0F0416234C: changes role from CANDIDATE to LEADER at term 2 for changeToLeader
2025-09-13 17:34:11,739 [3dbe4e49-25e9-43f5-94e0-3ca31f2aaaf2@group-7B0F0416234C-LeaderElection302] INFO  server.RaftServerConfigKeys (ConfUtils.java:logFallback(69)) - raft.server.staging.timeout = 3600ms (fallback to raft.server.rpc.timeout.max)
2025-09-13 17:34:11,739 [3dbe4e49-25e9-43f5-94e0-3ca31f2aaaf2@group-7B0F0416234C-LeaderElection302] INFO  server.RaftServerConfigKeys (ConfUtils.java:logGet(62)) - raft.server.write.byte-limit = 1024 M (=1073741824) (custom)
2025-09-13 17:34:11,740 [3dbe4e49-25e9-43f5-94e0-3ca31f2aaaf2@group-7B0F0416234C-LeaderElection302] INFO  impl.RoleInfo (RoleInfo.java:updateAndGet(148)) - 3dbe4e49-25e9-43f5-94e0-3ca31f2aaaf2: start 3dbe4e49-25e9-43f5-94e0-3ca31f2aaaf2@group-7B0F0416234C-LeaderStateImpl
2025-09-13 17:34:11,740 [3dbe4e49-25e9-43f5-94e0-3ca31f2aaaf2@group-7B0F0416234C-LeaderElection302] INFO  server.RaftServer$Division (RaftServerImpl.java:setFirstElection(576)) - 3dbe4e49-25e9-43f5-94e0-3ca31f2aaaf2@group-7B0F0416234C: set firstElectionSinceStartup to false for becomeLeader
2025-09-13 17:34:11,740 [3dbe4e49-25e9-43f5-94e0-3ca31f2aaaf2@group-7B0F0416234C-LeaderElection302] INFO  ratis.XceiverServerRatis (XceiverServerRatis.java:handleLeaderChangedNotification(932)) - Leader change notification received for group: group-7B0F0416234C with new leaderId: 3dbe4e49-25e9-43f5-94e0-3ca31f2aaaf2
2025-09-13 17:34:11,740 [3dbe4e49-25e9-43f5-94e0-3ca31f2aaaf2@group-7B0F0416234C-LeaderElection302] INFO  server.RaftServer$Division (ServerState.java:setLeader(272)) - 3dbe4e49-25e9-43f5-94e0-3ca31f2aaaf2@group-7B0F0416234C: change Leader from null to 3dbe4e49-25e9-43f5-94e0-3ca31f2aaaf2 at term 2 for becomeLeader, leader elected after 1837ms
2025-09-13 17:34:11,740 [3dbe4e49-25e9-43f5-94e0-3ca31f2aaaf2@group-7B0F0416234C-LeaderElection302] INFO  segmented.SegmentedRaftLogWorker (SegmentedRaftLogWorker.java:rollLogSegment(445)) - 3dbe4e49-25e9-43f5-94e0-3ca31f2aaaf2@group-7B0F0416234C-SegmentedRaftLogWorker: Rolling segment log-0_0 to index:0
2025-09-13 17:34:11,740 [3dbe4e49-25e9-43f5-94e0-3ca31f2aaaf2@group-7B0F0416234C-LeaderElection302] INFO  server.RaftServer$Division (ServerState.java:setRaftConf(386)) - 3dbe4e49-25e9-43f5-94e0-3ca31f2aaaf2@group-7B0F0416234C: set configuration conf: {index: 1, cur=peers:[3dbe4e49-25e9-43f5-94e0-3ca31f2aaaf2|127.0.0.1:15063]|listeners:[], old=null}
2025-09-13 17:34:11,741 [3dbe4e49-25e9-43f5-94e0-3ca31f2aaaf2@group-7B0F0416234C-SegmentedRaftLogWorker] INFO  segmented.SegmentedRaftLogWorker (SegmentedRaftLogWorker.java:execute(604)) - 3dbe4e49-25e9-43f5-94e0-3ca31f2aaaf2@group-7B0F0416234C-SegmentedRaftLogWorker: Rolled log segment from /home/runner/work/ozone/ozone/hadoop-ozone/integration-test/target/test-dir/MiniOzoneClusterImpl-1331a795-ed08-415d-924a-7661a5cf51a5/ozone-metadata/datanode-7/ratis/f5ff5807-9027-40e4-b9dd-7b0f0416234c/current/log_inprogress_0 to /home/runner/work/ozone/ozone/hadoop-ozone/integration-test/target/test-dir/MiniOzoneClusterImpl-1331a795-ed08-415d-924a-7661a5cf51a5/ozone-metadata/datanode-7/ratis/f5ff5807-9027-40e4-b9dd-7b0f0416234c/current/log_0-0
2025-09-13 17:34:11,741 [3dbe4e49-25e9-43f5-94e0-3ca31f2aaaf2@group-7B0F0416234C-SegmentedRaftLogWorker] INFO  segmented.BufferedWriteChannel (BufferedWriteChannel.java:open(61)) - open log_inprogress_1 at position 0
2025-09-13 17:34:11,747 [3dbe4e49-25e9-43f5-94e0-3ca31f2aaaf2@group-7B0F0416234C-SegmentedRaftLogWorker] INFO  segmented.SegmentedRaftLogWorker (SegmentedRaftLogWorker.java:execute(647)) - 3dbe4e49-25e9-43f5-94e0-3ca31f2aaaf2@group-7B0F0416234C-SegmentedRaftLogWorker: created new log segment /home/runner/work/ozone/ozone/hadoop-ozone/integration-test/target/test-dir/MiniOzoneClusterImpl-1331a795-ed08-415d-924a-7661a5cf51a5/ozone-metadata/datanode-7/ratis/f5ff5807-9027-40e4-b9dd-7b0f0416234c/current/log_inprogress_1
2025-09-13 17:34:11,749 [3dbe4e49-25e9-43f5-94e0-3ca31f2aaaf2@group-7B0F0416234C-StateMachineUpdater] INFO  server.RaftServer$Division (LeaderStateImpl.java:checkStartIndex(309)) - Leader 3dbe4e49-25e9-43f5-94e0-3ca31f2aaaf2@group-7B0F0416234C-LeaderStateImpl is ready since appliedIndex == startIndex == 1
2025-09-13 17:34:11,758 [timer2] INFO  server.GrpcServerProtocolService (GrpcServerProtocolService.java:lambda$null$7(175)) - 9b620cf5-1dd4-4083-97bd-ff44c8fea23e: Completed APPEND_ENTRIES, lastReply: null  (Repeated 2 times in the last 5.000s)
2025-09-13 17:34:11,758 [timer1] INFO  server.GrpcServerProtocolService (GrpcServerProtocolService.java:lambda$onCompleted$6(171)) - 2f036b56-942d-42f4-908f-5b0be9aff918: Completed APPEND_ENTRIES, lastRequest: 3dbe4e49-25e9-43f5-94e0-3ca31f2aaaf2->2f036b56-942d-42f4-908f-5b0be9aff918#1-t1,previous=<PROTO_DEFAULT>,leaderCommit=-1,initializing? false,entries: size=1, first=(t:1, i:0), CONFIGURATIONENTRY(current:id:"3dbe4e49-25e9-43f5-94e0-3ca31f2aaaf2"address:"127.0.0.1:15063"priority:1dataStreamAddress:"127.0.0.1:15064"clientAddress:"127.0.0.1:15061"adminAddress:"127.0.0.1:15062"startupRole:FOLLOWER, id:"9b620cf5-1dd4-4083-97bd-ff44c8fea23e"address:"127.0.0.1:15071"dataStreamAddress:"127.0.0.1:15072"clientAddress:"127.0.0.1:15069"adminAddress:"127.0.0.1:15070"startupRole:FOLLOWER, id:"2f036b56-942d-42f4-908f-5b0be9aff918"address:"127.0.0.1:15079"dataStreamAddress:"127.0.0.1:15080"clientAddress:"127.0.0.1:15077"adminAddress:"127.0.0.1:15078"startupRole:FOLLOWER, old:)  (Repeated 2 times in the last 5.000s)
2025-09-13 17:34:11,758 [timer0] INFO  server.GrpcServerProtocolService (GrpcServerProtocolService.java:lambda$onCompleted$6(171)) - 9b620cf5-1dd4-4083-97bd-ff44c8fea23e: Completed APPEND_ENTRIES, lastRequest: 3dbe4e49-25e9-43f5-94e0-3ca31f2aaaf2->9b620cf5-1dd4-4083-97bd-ff44c8fea23e#1-t1,previous=<PROTO_DEFAULT>,leaderCommit=-1,initializing? false,entries: size=1, first=(t:1, i:0), CONFIGURATIONENTRY(current:id:"3dbe4e49-25e9-43f5-94e0-3ca31f2aaaf2"address:"127.0.0.1:15063"priority:1dataStreamAddress:"127.0.0.1:15064"clientAddress:"127.0.0.1:15061"adminAddress:"127.0.0.1:15062"startupRole:FOLLOWER, id:"9b620cf5-1dd4-4083-97bd-ff44c8fea23e"address:"127.0.0.1:15071"dataStreamAddress:"127.0.0.1:15072"clientAddress:"127.0.0.1:15069"adminAddress:"127.0.0.1:15070"startupRole:FOLLOWER, id:"2f036b56-942d-42f4-908f-5b0be9aff918"address:"127.0.0.1:15079"dataStreamAddress:"127.0.0.1:15080"clientAddress:"127.0.0.1:15077"adminAddress:"127.0.0.1:15078"startupRole:FOLLOWER, old:)  (Repeated 2 times in the last 5.000s)
2025-09-13 17:34:11,758 [timer3] INFO  server.GrpcServerProtocolService (GrpcServerProtocolService.java:lambda$null$7(175)) - 2f036b56-942d-42f4-908f-5b0be9aff918: Completed APPEND_ENTRIES, lastReply: null  (Repeated 2 times in the last 5.001s)
2025-09-13 17:34:11,763 [timer6] WARN  server.GrpcLogAppender (GrpcLogAppender.java:lambda$resetClient$1(228)) - 9b620cf5-1dd4-4083-97bd-ff44c8fea23e@group-A8D25C85FDCF->3dbe4e49-25e9-43f5-94e0-3ca31f2aaaf2-GrpcLogAppender: Follower failed (request=null, errorCount=14); keep nextIndex (17) unchanged and retry. (Repeated 14 times in the last 5.000s)
2025-09-13 17:34:11,764 [timer7] WARN  server.GrpcLogAppender (LogUtils.java:warn(127)) - 9b620cf5-1dd4-4083-97bd-ff44c8fea23e@group-A8D25C85FDCF->3dbe4e49-25e9-43f5-94e0-3ca31f2aaaf2-AppendLogResponseHandler: Failed appendEntries (Repeated 32 times in the last 5.002s): org.apache.ratis.thirdparty.io.grpc.StatusRuntimeException: UNAVAILABLE: io exception
  Caused by: org.apache.ratis.thirdparty.io.netty.channel.AbstractChannel$AnnotatedConnectException: finishConnect(..) failed: Connection refused: /127.0.0.1:15063
  Caused by: java.net.ConnectException: finishConnect(..) failed: Connection refused
2025-09-13 17:34:11,984 [grpc-default-executor-10] INFO  ratis.XceiverServerRatis (XceiverServerRatis.java:handleLeaderChangedNotification(932)) - Leader change notification received for group: group-3DEBD952707A with new leaderId: 2f036b56-942d-42f4-908f-5b0be9aff918
2025-09-13 17:34:11,984 [grpc-default-executor-10] INFO  server.RaftServer$Division (ServerState.java:setLeader(272)) - 3dbe4e49-25e9-43f5-94e0-3ca31f2aaaf2@group-3DEBD952707A: change Leader from null to 2f036b56-942d-42f4-908f-5b0be9aff918 at term 2 for appendEntries, leader elected after 2062ms
2025-09-13 17:34:11,984 [grpc-default-executor-10] INFO  server.RaftServer$Division (RaftServerImpl.java:checkInconsistentAppendEntries(1673)) - 3dbe4e49-25e9-43f5-94e0-3ca31f2aaaf2@group-3DEBD952707A: Failed appendEntries as previous log entry ((t:2, i:6)) is not found
2025-09-13 17:34:11,984 [grpc-default-executor-10] INFO  server.RaftServer$Division (RaftServerImpl.java:appendEntriesAsync(1594)) - 3dbe4e49-25e9-43f5-94e0-3ca31f2aaaf2@group-3DEBD952707A: appendEntries* reply 2f036b56-942d-42f4-908f-5b0be9aff918<-3dbe4e49-25e9-43f5-94e0-3ca31f2aaaf2#1418:FAIL-t2,INCONSISTENCY,nextIndex=1,followerCommit=0,matchIndex=-1
2025-09-13 17:34:11,985 [grpc-default-executor-10] WARN  server.GrpcLogAppender (GrpcLogAppender.java:lambda$onNextImpl$0(527)) - 2f036b56-942d-42f4-908f-5b0be9aff918@group-3DEBD952707A->3dbe4e49-25e9-43f5-94e0-3ca31f2aaaf2-AppendLogResponseHandler: received INCONSISTENCY reply with nextIndex 1, errorCount=23, request=AppendEntriesRequest:cid=1418,entriesCount=0 
2025-09-13 17:34:11,985 [grpc-default-executor-10] INFO  leader.FollowerInfo (FollowerInfoImpl.java:info(70)) - 2f036b56-942d-42f4-908f-5b0be9aff918@group-3DEBD952707A->3dbe4e49-25e9-43f5-94e0-3ca31f2aaaf2: setNextIndex nextIndex: updateUnconditionally 7 -> 1
2025-09-13 17:34:11,988 [grpc-default-executor-10] INFO  server.RaftServer$Division (ServerState.java:setRaftConf(386)) - 3dbe4e49-25e9-43f5-94e0-3ca31f2aaaf2@group-3DEBD952707A: set configuration conf: {index: 1, cur=peers:[3dbe4e49-25e9-43f5-94e0-3ca31f2aaaf2|127.0.0.1:15063, 9b620cf5-1dd4-4083-97bd-ff44c8fea23e|127.0.0.1:15071, 2f036b56-942d-42f4-908f-5b0be9aff918|127.0.0.1:15079]|listeners:[], old=null}
2025-09-13 17:34:11,988 [grpc-default-executor-10] INFO  segmented.SegmentedRaftLogWorker (SegmentedRaftLogWorker.java:rollLogSegment(445)) - 3dbe4e49-25e9-43f5-94e0-3ca31f2aaaf2@group-3DEBD952707A-SegmentedRaftLogWorker: Rolling segment log-0_0 to index:0
2025-09-13 17:34:11,989 [3dbe4e49-25e9-43f5-94e0-3ca31f2aaaf2@group-3DEBD952707A-SegmentedRaftLogWorker] INFO  segmented.SegmentedRaftLogWorker (SegmentedRaftLogWorker.java:execute(604)) - 3dbe4e49-25e9-43f5-94e0-3ca31f2aaaf2@group-3DEBD952707A-SegmentedRaftLogWorker: Rolled log segment from /home/runner/work/ozone/ozone/hadoop-ozone/integration-test/target/test-dir/MiniOzoneClusterImpl-1331a795-ed08-415d-924a-7661a5cf51a5/ozone-metadata/datanode-7/ratis/0ca82692-2fba-4cdd-8f6b-3debd952707a/current/log_inprogress_0 to /home/runner/work/ozone/ozone/hadoop-ozone/integration-test/target/test-dir/MiniOzoneClusterImpl-1331a795-ed08-415d-924a-7661a5cf51a5/ozone-metadata/datanode-7/ratis/0ca82692-2fba-4cdd-8f6b-3debd952707a/current/log_0-0
2025-09-13 17:34:11,989 [3dbe4e49-25e9-43f5-94e0-3ca31f2aaaf2@group-3DEBD952707A-SegmentedRaftLogWorker] INFO  segmented.BufferedWriteChannel (BufferedWriteChannel.java:open(61)) - open log_inprogress_1 at position 0
2025-09-13 17:34:11,995 [3dbe4e49-25e9-43f5-94e0-3ca31f2aaaf2@group-3DEBD952707A-SegmentedRaftLogWorker] INFO  segmented.SegmentedRaftLogWorker (SegmentedRaftLogWorker.java:execute(647)) - 3dbe4e49-25e9-43f5-94e0-3ca31f2aaaf2@group-3DEBD952707A-SegmentedRaftLogWorker: created new log segment /home/runner/work/ozone/ozone/hadoop-ozone/integration-test/target/test-dir/MiniOzoneClusterImpl-1331a795-ed08-415d-924a-7661a5cf51a5/ozone-metadata/datanode-7/ratis/0ca82692-2fba-4cdd-8f6b-3debd952707a/current/log_inprogress_1
2025-09-13 17:34:11,999 [ForkJoinPool-1-worker-1] INFO  ozoneimpl.OzoneContainer (OzoneContainer.java:stop(549)) - Attempting to stop container services.
2025-09-13 17:34:12,000 [ContainerMetadataScanner] WARN  ozoneimpl.AbstractBackgroundContainerScanner (AbstractBackgroundContainerScanner.java:handleRemainingSleep(136)) - Background container scan was interrupted.
2025-09-13 17:34:12,000 [ContainerMetadataScanner] INFO  ozoneimpl.AbstractBackgroundContainerScanner (AbstractBackgroundContainerScanner.java:run(63)) - org.apache.hadoop.ozone.container.ozoneimpl.BackgroundContainerMetadataScanner@b5d2b3 exiting.
2025-09-13 17:34:12,000 [ForkJoinPool-1-worker-1] INFO  ozoneimpl.BackgroundContainerDataScanner (BackgroundContainerDataScanner.java:shutdown(87)) - ContainerDataScanner(/home/runner/work/ozone/ozone/hadoop-ozone/integration-test/target/test-dir/MiniOzoneClusterImpl-1331a795-ed08-415d-924a-7661a5cf51a5/ozone-metadata/datanode-7/data-0/hdds) is shutting down. 
2025-09-13 17:34:12,000 [ContainerDataScanner(/home/runner/work/ozone/ozone/hadoop-ozone/integration-test/target/test-dir/MiniOzoneClusterImpl-1331a795-ed08-415d-924a-7661a5cf51a5/ozone-metadata/datanode-7/data-0/hdds)] WARN  ozoneimpl.AbstractBackgroundContainerScanner (AbstractBackgroundContainerScanner.java:handleRemainingSleep(136)) - Background container scan was interrupted.
2025-09-13 17:34:12,000 [ContainerDataScanner(/home/runner/work/ozone/ozone/hadoop-ozone/integration-test/target/test-dir/MiniOzoneClusterImpl-1331a795-ed08-415d-924a-7661a5cf51a5/ozone-metadata/datanode-7/data-0/hdds)] INFO  ozoneimpl.AbstractBackgroundContainerScanner (AbstractBackgroundContainerScanner.java:run(63)) - ContainerDataScanner(/home/runner/work/ozone/ozone/hadoop-ozone/integration-test/target/test-dir/MiniOzoneClusterImpl-1331a795-ed08-415d-924a-7661a5cf51a5/ozone-metadata/datanode-7/data-0/hdds, DS-63a6c3b7-4525-47d9-ad60-45ee0a1c7b71) exiting.
2025-09-13 17:34:12,000 [ForkJoinPool-1-worker-1] INFO  ozoneimpl.OnDemandContainerScanner (OnDemandContainerScanner.java:shutdown(141)) - On-demand container scanner is shutting down.
2025-09-13 17:34:12,001 [ForkJoinPool-1-worker-1] INFO  ratis.XceiverServerRatis (XceiverServerRatis.java:stop(595)) - Closing XceiverServerRatis(3dbe4e49-25e9-43f5-94e0-3ca31f2aaaf2)
2025-09-13 17:34:12,001 [ForkJoinPool-1-worker-1] INFO  server.RaftServer (RaftServerProxy.java:lambda$close$9(422)) - 3dbe4e49-25e9-43f5-94e0-3ca31f2aaaf2: close
2025-09-13 17:34:12,001 [3dbe4e49-25e9-43f5-94e0-3ca31f2aaaf2-impl-thread3] INFO  server.RaftServer$Division (RaftServerImpl.java:lambda$close$1(527)) - 3dbe4e49-25e9-43f5-94e0-3ca31f2aaaf2@group-A8D25C85FDCF: shutdown
2025-09-13 17:34:12,001 [3dbe4e49-25e9-43f5-94e0-3ca31f2aaaf2-impl-thread2] INFO  server.RaftServer$Division (RaftServerImpl.java:lambda$close$1(527)) - 3dbe4e49-25e9-43f5-94e0-3ca31f2aaaf2@group-7B0F0416234C: shutdown
2025-09-13 17:34:12,001 [3dbe4e49-25e9-43f5-94e0-3ca31f2aaaf2-impl-thread1] INFO  server.RaftServer$Division (RaftServerImpl.java:lambda$close$1(527)) - 3dbe4e49-25e9-43f5-94e0-3ca31f2aaaf2@group-3DEBD952707A: shutdown
2025-09-13 17:34:12,001 [3dbe4e49-25e9-43f5-94e0-3ca31f2aaaf2-impl-thread2] INFO  util.JmxRegister (JmxRegister.java:unregister(74)) - Successfully un-registered JMX Bean with object name Ratis:service=RaftServer,group=group-7B0F0416234C,id=3dbe4e49-25e9-43f5-94e0-3ca31f2aaaf2
2025-09-13 17:34:12,001 [3dbe4e49-25e9-43f5-94e0-3ca31f2aaaf2-impl-thread1] INFO  util.JmxRegister (JmxRegister.java:unregister(74)) - Successfully un-registered JMX Bean with object name Ratis:service=RaftServer,group=group-3DEBD952707A,id=3dbe4e49-25e9-43f5-94e0-3ca31f2aaaf2
2025-09-13 17:34:12,001 [3dbe4e49-25e9-43f5-94e0-3ca31f2aaaf2-impl-thread2] INFO  impl.RoleInfo (RoleInfo.java:shutdownLeaderState(103)) - 3dbe4e49-25e9-43f5-94e0-3ca31f2aaaf2: shutdown 3dbe4e49-25e9-43f5-94e0-3ca31f2aaaf2@group-7B0F0416234C-LeaderStateImpl
2025-09-13 17:34:12,001 [3dbe4e49-25e9-43f5-94e0-3ca31f2aaaf2-impl-thread1] INFO  impl.RoleInfo (RoleInfo.java:shutdownFollowerState(121)) - 3dbe4e49-25e9-43f5-94e0-3ca31f2aaaf2: shutdown 3dbe4e49-25e9-43f5-94e0-3ca31f2aaaf2@group-3DEBD952707A-FollowerState
2025-09-13 17:34:12,001 [3dbe4e49-25e9-43f5-94e0-3ca31f2aaaf2-impl-thread1] INFO  impl.StateMachineUpdater (StateMachineUpdater.java:stopAndJoin(163)) - 3dbe4e49-25e9-43f5-94e0-3ca31f2aaaf2@group-3DEBD952707A-StateMachineUpdater: set stopIndex = 6
2025-09-13 17:34:12,002 [3dbe4e49-25e9-43f5-94e0-3ca31f2aaaf2-impl-thread2] INFO  impl.PendingRequests (PendingRequests.java:sendNotLeaderResponses(287)) - 3dbe4e49-25e9-43f5-94e0-3ca31f2aaaf2@group-7B0F0416234C-PendingRequests: sendNotLeaderResponses
2025-09-13 17:34:12,001 [ForkJoinPool-1-worker-1] INFO  server.GrpcServicesImpl (GrpcServicesImpl.java:closeImpl(355)) - 3dbe4e49-25e9-43f5-94e0-3ca31f2aaaf2: shutdown server org.apache.ratis.grpc.server.GrpcClientProtocolService now
2025-09-13 17:34:12,002 [3dbe4e49-25e9-43f5-94e0-3ca31f2aaaf2@group-3DEBD952707A-FollowerState] INFO  impl.FollowerState (FollowerState.java:runImpl(170)) - 3dbe4e49-25e9-43f5-94e0-3ca31f2aaaf2@group-3DEBD952707A-FollowerState was interrupted
2025-09-13 17:34:12,002 [3dbe4e49-25e9-43f5-94e0-3ca31f2aaaf2@group-3DEBD952707A-StateMachineUpdater] INFO  ratis.ContainerStateMachine (ContainerStateMachine.java:takeSnapshot(427)) - group-3DEBD952707A: Taking a snapshot at:(t:2, i:6) file /home/runner/work/ozone/ozone/hadoop-ozone/integration-test/target/test-dir/MiniOzoneClusterImpl-1331a795-ed08-415d-924a-7661a5cf51a5/ozone-metadata/datanode-7/ratis/0ca82692-2fba-4cdd-8f6b-3debd952707a/sm/snapshot.2_6
2025-09-13 17:34:12,001 [3dbe4e49-25e9-43f5-94e0-3ca31f2aaaf2-impl-thread3] INFO  util.JmxRegister (JmxRegister.java:unregister(74)) - Successfully un-registered JMX Bean with object name Ratis:service=RaftServer,group=group-A8D25C85FDCF,id=3dbe4e49-25e9-43f5-94e0-3ca31f2aaaf2
2025-09-13 17:34:12,002 [3dbe4e49-25e9-43f5-94e0-3ca31f2aaaf2-impl-thread3] INFO  impl.RoleInfo (RoleInfo.java:shutdownFollowerState(121)) - 3dbe4e49-25e9-43f5-94e0-3ca31f2aaaf2: shutdown 3dbe4e49-25e9-43f5-94e0-3ca31f2aaaf2@group-A8D25C85FDCF-FollowerState
2025-09-13 17:34:12,002 [3dbe4e49-25e9-43f5-94e0-3ca31f2aaaf2-impl-thread3] INFO  impl.StateMachineUpdater (StateMachineUpdater.java:stopAndJoin(163)) - 3dbe4e49-25e9-43f5-94e0-3ca31f2aaaf2@group-A8D25C85FDCF-StateMachineUpdater: set stopIndex = 14
2025-09-13 17:34:12,002 [3dbe4e49-25e9-43f5-94e0-3ca31f2aaaf2@group-A8D25C85FDCF-StateMachineUpdater] INFO  impl.StateMachineUpdater (StateMachineUpdater.java:stop(140)) - 3dbe4e49-25e9-43f5-94e0-3ca31f2aaaf2@group-A8D25C85FDCF-StateMachineUpdater: closing ContainerStateMachine, lastApplied=(t:1, i:14)
2025-09-13 17:34:12,002 [3dbe4e49-25e9-43f5-94e0-3ca31f2aaaf2@group-A8D25C85FDCF-FollowerState] INFO  impl.FollowerState (FollowerState.java:runImpl(170)) - 3dbe4e49-25e9-43f5-94e0-3ca31f2aaaf2@group-A8D25C85FDCF-FollowerState was interrupted
2025-09-13 17:34:12,002 [3dbe4e49-25e9-43f5-94e0-3ca31f2aaaf2@group-A8D25C85FDCF-cacheEviction-AwaitToRun] INFO  util.AwaitToRun (AwaitToRun.java:run(49)) - 3dbe4e49-25e9-43f5-94e0-3ca31f2aaaf2@group-A8D25C85FDCF-cacheEviction-AwaitToRun-AwaitForSignal is interrupted
2025-09-13 17:34:12,003 [3dbe4e49-25e9-43f5-94e0-3ca31f2aaaf2-impl-thread2] INFO  impl.StateMachineUpdater (StateMachineUpdater.java:stopAndJoin(163)) - 3dbe4e49-25e9-43f5-94e0-3ca31f2aaaf2@group-7B0F0416234C-StateMachineUpdater: set stopIndex = 2
2025-09-13 17:34:12,003 [3dbe4e49-25e9-43f5-94e0-3ca31f2aaaf2@group-7B0F0416234C-StateMachineUpdater] INFO  ratis.ContainerStateMachine (ContainerStateMachine.java:takeSnapshot(427)) - group-7B0F0416234C: Taking a snapshot at:(t:2, i:2) file /home/runner/work/ozone/ozone/hadoop-ozone/integration-test/target/test-dir/MiniOzoneClusterImpl-1331a795-ed08-415d-924a-7661a5cf51a5/ozone-metadata/datanode-7/ratis/f5ff5807-9027-40e4-b9dd-7b0f0416234c/sm/snapshot.2_2
2025-09-13 17:34:12,003 [3dbe4e49-25e9-43f5-94e0-3ca31f2aaaf2@group-3DEBD952707A-StateMachineUpdater] INFO  ratis.ContainerStateMachine (ContainerStateMachine.java:takeSnapshot(436)) - group-3DEBD952707A: Finished taking a snapshot at:(t:2, i:6) file:/home/runner/work/ozone/ozone/hadoop-ozone/integration-test/target/test-dir/MiniOzoneClusterImpl-1331a795-ed08-415d-924a-7661a5cf51a5/ozone-metadata/datanode-7/ratis/0ca82692-2fba-4cdd-8f6b-3debd952707a/sm/snapshot.2_6 took: 1 ms
2025-09-13 17:34:12,003 [3dbe4e49-25e9-43f5-94e0-3ca31f2aaaf2@group-3DEBD952707A-StateMachineUpdater] INFO  impl.StateMachineUpdater (StateMachineUpdater.java:takeSnapshot(307)) - 3dbe4e49-25e9-43f5-94e0-3ca31f2aaaf2@group-3DEBD952707A-StateMachineUpdater: Took a snapshot at index 6
2025-09-13 17:34:12,003 [3dbe4e49-25e9-43f5-94e0-3ca31f2aaaf2@group-3DEBD952707A-StateMachineUpdater] INFO  impl.StateMachineUpdater (StateMachineUpdater.java:lambda$new$0(101)) - 3dbe4e49-25e9-43f5-94e0-3ca31f2aaaf2@group-3DEBD952707A-StateMachineUpdater: snapshotIndex: updateIncreasingly 0 -> 6
2025-09-13 17:34:12,003 [3dbe4e49-25e9-43f5-94e0-3ca31f2aaaf2@group-3DEBD952707A-StateMachineUpdater] INFO  impl.StateMachineUpdater (StateMachineUpdater.java:stop(140)) - 3dbe4e49-25e9-43f5-94e0-3ca31f2aaaf2@group-3DEBD952707A-StateMachineUpdater: closing ContainerStateMachine, lastApplied=(t:2, i:6)
2025-09-13 17:34:12,003 [3dbe4e49-25e9-43f5-94e0-3ca31f2aaaf2@group-7B0F0416234C-StateMachineUpdater] INFO  ratis.ContainerStateMachine (ContainerStateMachine.java:takeSnapshot(436)) - group-7B0F0416234C: Finished taking a snapshot at:(t:2, i:2) file:/home/runner/work/ozone/ozone/hadoop-ozone/integration-test/target/test-dir/MiniOzoneClusterImpl-1331a795-ed08-415d-924a-7661a5cf51a5/ozone-metadata/datanode-7/ratis/f5ff5807-9027-40e4-b9dd-7b0f0416234c/sm/snapshot.2_2 took: 1 ms
2025-09-13 17:34:12,003 [3dbe4e49-25e9-43f5-94e0-3ca31f2aaaf2@group-7B0F0416234C-StateMachineUpdater] INFO  impl.StateMachineUpdater (StateMachineUpdater.java:takeSnapshot(307)) - 3dbe4e49-25e9-43f5-94e0-3ca31f2aaaf2@group-7B0F0416234C-StateMachineUpdater: Took a snapshot at index 2
2025-09-13 17:34:12,003 [3dbe4e49-25e9-43f5-94e0-3ca31f2aaaf2@group-7B0F0416234C-StateMachineUpdater] INFO  impl.StateMachineUpdater (StateMachineUpdater.java:lambda$new$0(101)) - 3dbe4e49-25e9-43f5-94e0-3ca31f2aaaf2@group-7B0F0416234C-StateMachineUpdater: snapshotIndex: updateIncreasingly 0 -> 2
2025-09-13 17:34:12,003 [3dbe4e49-25e9-43f5-94e0-3ca31f2aaaf2@group-7B0F0416234C-StateMachineUpdater] INFO  impl.StateMachineUpdater (StateMachineUpdater.java:stop(140)) - 3dbe4e49-25e9-43f5-94e0-3ca31f2aaaf2@group-7B0F0416234C-StateMachineUpdater: closing ContainerStateMachine, lastApplied=(t:2, i:2)
2025-09-13 17:34:12,004 [Thread-2845] INFO  server.GrpcServerProtocolClient (GrpcServerProtocolClient.java:close(105)) - 9b620cf5-1dd4-4083-97bd-ff44c8fea23e Close channels
2025-09-13 17:34:12,004 [3dbe4e49-25e9-43f5-94e0-3ca31f2aaaf2@group-7B0F0416234C-cacheEviction-AwaitToRun] INFO  util.AwaitToRun (AwaitToRun.java:run(49)) - 3dbe4e49-25e9-43f5-94e0-3ca31f2aaaf2@group-7B0F0416234C-cacheEviction-AwaitToRun-AwaitForSignal is interrupted
2025-09-13 17:34:12,004 [3dbe4e49-25e9-43f5-94e0-3ca31f2aaaf2@group-3DEBD952707A-cacheEviction-AwaitToRun] INFO  util.AwaitToRun (AwaitToRun.java:run(49)) - 3dbe4e49-25e9-43f5-94e0-3ca31f2aaaf2@group-3DEBD952707A-cacheEviction-AwaitToRun-AwaitForSignal is interrupted
2025-09-13 17:34:12,004 [Thread-2846] INFO  server.GrpcServerProtocolClient (GrpcServerProtocolClient.java:close(105)) - 2f036b56-942d-42f4-908f-5b0be9aff918 Close channels
2025-09-13 17:34:12,004 [ForkJoinPool-1-worker-1] INFO  server.GrpcServicesImpl (GrpcServicesImpl.java:closeImpl(364)) - 3dbe4e49-25e9-43f5-94e0-3ca31f2aaaf2: shutdown server org.apache.ratis.grpc.server.GrpcClientProtocolService successfully
2025-09-13 17:34:12,005 [ForkJoinPool-1-worker-1] INFO  server.GrpcServicesImpl (GrpcServicesImpl.java:closeImpl(355)) - 3dbe4e49-25e9-43f5-94e0-3ca31f2aaaf2: shutdown server GrpcServerProtocolService now
2025-09-13 17:34:12,006 [grpc-default-executor-10] WARN  server.GrpcServerProtocolService (LogUtils.java:warn(127)) - 3dbe4e49-25e9-43f5-94e0-3ca31f2aaaf2: APPEND_ENTRIES onError, lastRequest: null: org.apache.ratis.thirdparty.io.grpc.StatusRuntimeException: CANCELLED: client cancelled
2025-09-13 17:34:12,006 [ForkJoinPool-1-worker-1] INFO  server.GrpcServicesImpl (GrpcServicesImpl.java:closeImpl(364)) - 3dbe4e49-25e9-43f5-94e0-3ca31f2aaaf2: shutdown server GrpcServerProtocolService successfully
2025-09-13 17:34:12,006 [ForkJoinPool-1-worker-1] INFO  server.GrpcServicesImpl (GrpcServicesImpl.java:closeImpl(355)) - 3dbe4e49-25e9-43f5-94e0-3ca31f2aaaf2: shutdown server org.apache.ratis.grpc.server.GrpcAdminProtocolService now
2025-09-13 17:34:12,006 [grpc-default-executor-12] WARN  server.GrpcServerProtocolService (LogUtils.java:warn(127)) - 3dbe4e49-25e9-43f5-94e0-3ca31f2aaaf2: APPEND_ENTRIES onError, lastRequest: 2f036b56-942d-42f4-908f-5b0be9aff918->3dbe4e49-25e9-43f5-94e0-3ca31f2aaaf2#1419-t2,previous=(t:1, i:0),leaderCommit=6,initializing? false,entries: size=6, first=(t:2, i:1), CONFIGURATIONENTRY(current:id:"3dbe4e49-25e9-43f5-94e0-3ca31f2aaaf2"address:"127.0.0.1:15063"priority:1dataStreamAddress:"127.0.0.1:15064"clientAddress:"127.0.0.1:15061"adminAddress:"127.0.0.1:15062"startupRole:FOLLOWER, id:"9b620cf5-1dd4-4083-97bd-ff44c8fea23e"address:"127.0.0.1:15071"dataStreamAddress:"127.0.0.1:15072"clientAddress:"127.0.0.1:15069"adminAddress:"127.0.0.1:15070"startupRole:FOLLOWER, id:"2f036b56-942d-42f4-908f-5b0be9aff918"address:"127.0.0.1:15079"dataStreamAddress:"127.0.0.1:15080"clientAddress:"127.0.0.1:15077"adminAddress:"127.0.0.1:15078"startupRole:FOLLOWER, old:): org.apache.ratis.thirdparty.io.grpc.StatusRuntimeException: CANCELLED: client cancelled
2025-09-13 17:34:12,007 [ForkJoinPool-1-worker-1] INFO  server.GrpcServicesImpl (GrpcServicesImpl.java:closeImpl(364)) - 3dbe4e49-25e9-43f5-94e0-3ca31f2aaaf2: shutdown server org.apache.ratis.grpc.server.GrpcAdminProtocolService successfully
2025-09-13 17:34:12,007 [3dbe4e49-25e9-43f5-94e0-3ca31f2aaaf2-NettyServerStreamRpc-bossGroup--thread1] INFO  logging.LoggingHandler (AbstractInternalLogger.java:log(148)) - [id: 0x4b978fc5, L:/0.0.0.0:15064] CLOSE
2025-09-13 17:34:12,007 [3dbe4e49-25e9-43f5-94e0-3ca31f2aaaf2-NettyServerStreamRpc-bossGroup--thread1] INFO  logging.LoggingHandler (AbstractInternalLogger.java:log(148)) - [id: 0x4b978fc5, L:/0.0.0.0:15064] INACTIVE
2025-09-13 17:34:12,007 [3dbe4e49-25e9-43f5-94e0-3ca31f2aaaf2-NettyServerStreamRpc-bossGroup--thread1] INFO  logging.LoggingHandler (AbstractInternalLogger.java:log(148)) - [id: 0x4b978fc5, L:/0.0.0.0:15064] UNREGISTERED
2025-09-13 17:34:12,627 [3dbe4e49-25e9-43f5-94e0-3ca31f2aaaf2-impl-thread3] INFO  segmented.SegmentedRaftLogWorker (SegmentedRaftLogWorker.java:close(254)) - 3dbe4e49-25e9-43f5-94e0-3ca31f2aaaf2@group-A8D25C85FDCF-SegmentedRaftLogWorker close()
2025-09-13 17:34:12,628 [3dbe4e49-25e9-43f5-94e0-3ca31f2aaaf2-impl-thread3] INFO  ratis.ContainerStateMachine (ContainerStateMachine.java:notifyServerShutdown(1038)) - group-A8D25C85FDCF is closed by HddsDatanodeService
2025-09-13 17:34:12,749 [3dbe4e49-25e9-43f5-94e0-3ca31f2aaaf2-impl-thread2] INFO  segmented.SegmentedRaftLogWorker (SegmentedRaftLogWorker.java:close(254)) - 3dbe4e49-25e9-43f5-94e0-3ca31f2aaaf2@group-7B0F0416234C-SegmentedRaftLogWorker close()
2025-09-13 17:34:12,749 [3dbe4e49-25e9-43f5-94e0-3ca31f2aaaf2-impl-thread2] INFO  ratis.ContainerStateMachine (ContainerStateMachine.java:notifyServerShutdown(1038)) - group-7B0F0416234C is closed by HddsDatanodeService
2025-09-13 17:34:12,998 [3dbe4e49-25e9-43f5-94e0-3ca31f2aaaf2-impl-thread1] INFO  segmented.SegmentedRaftLogWorker (SegmentedRaftLogWorker.java:close(254)) - 3dbe4e49-25e9-43f5-94e0-3ca31f2aaaf2@group-3DEBD952707A-SegmentedRaftLogWorker close()
2025-09-13 17:34:12,998 [3dbe4e49-25e9-43f5-94e0-3ca31f2aaaf2-impl-thread1] INFO  ratis.ContainerStateMachine (ContainerStateMachine.java:notifyServerShutdown(1038)) - group-3DEBD952707A is closed by HddsDatanodeService
2025-09-13 17:34:12,999 [JvmPauseMonitor19] INFO  util.JvmPauseMonitor (JvmPauseMonitor.java:run(152)) - JvmPauseMonitor-3dbe4e49-25e9-43f5-94e0-3ca31f2aaaf2: Stopped
2025-09-13 17:34:13,067 [timer4] WARN  server.GrpcLogAppender (LogUtils.java:warn(127)) - 2f036b56-942d-42f4-908f-5b0be9aff918@group-3DEBD952707A->3dbe4e49-25e9-43f5-94e0-3ca31f2aaaf2-AppendLogResponseHandler: Failed appendEntries (Repeated 30 times in the last 5.000s): org.apache.ratis.thirdparty.io.grpc.StatusRuntimeException: UNAVAILABLE: io exception
  Caused by: org.apache.ratis.thirdparty.io.netty.channel.AbstractChannel$AnnotatedConnectException: finishConnect(..) failed: Connection refused: /127.0.0.1:15063
  Caused by: java.net.ConnectException: finishConnect(..) failed: Connection refused
2025-09-13 17:34:13,069 [timer5] WARN  server.GrpcLogAppender (GrpcLogAppender.java:lambda$resetClient$1(228)) - 2f036b56-942d-42f4-908f-5b0be9aff918@group-3DEBD952707A->3dbe4e49-25e9-43f5-94e0-3ca31f2aaaf2-GrpcLogAppender: Follower failed (request=null, errorCount=2); keep nextIndex (1) unchanged and retry. (Repeated 2 times in the last 5.001s)
2025-09-13 17:34:13,069 [timer0] WARN  server.GrpcLogAppender (GrpcLogAppender.java:lambda$resetClient$1(228)) - 2f036b56-942d-42f4-908f-5b0be9aff918@group-3DEBD952707A->3dbe4e49-25e9-43f5-94e0-3ca31f2aaaf2-GrpcLogAppender: Follower failed (request=null, errorCount=4); keep nextIndex (2) unchanged and retry. (Repeated 2 times in the last 4.999s)
2025-09-13 17:34:13,081 [timer4] WARN  server.GrpcLogAppender (GrpcLogAppender.java:lambda$resetClient$1(228)) - 2f036b56-942d-42f4-908f-5b0be9aff918@group-3DEBD952707A->3dbe4e49-25e9-43f5-94e0-3ca31f2aaaf2-GrpcLogAppender: Follower failed (request=null, errorCount=16); keep nextIndex (3) unchanged and retry. (Repeated 12 times in the last 5.000s)
2025-09-13 17:34:13,198 [2f036b56-942d-42f4-908f-5b0be9aff918@group-3DEBD952707A-LeaderStateImpl] INFO  impl.TransferLeadership (TransferLeadership.java:tryTransferLeadership(258)) - 2f036b56-942d-42f4-908f-5b0be9aff918@group-3DEBD952707A: start transferring leadership to 3dbe4e49-25e9-43f5-94e0-3ca31f2aaaf2
2025-09-13 17:34:13,198 [2f036b56-942d-42f4-908f-5b0be9aff918@group-3DEBD952707A-LeaderStateImpl] INFO  impl.TransferLeadership (TransferLeadership.java:sendStartLeaderElection(210)) - 2f036b56-942d-42f4-908f-5b0be9aff918@group-3DEBD952707A: sendStartLeaderElection to follower 3dbe4e49-25e9-43f5-94e0-3ca31f2aaaf2, lastEntry=(t:2, i:6)
2025-09-13 17:34:13,198 [2f036b56-942d-42f4-908f-5b0be9aff918@group-3DEBD952707A-LeaderStateImpl] INFO  impl.TransferLeadership (TransferLeadership.java:tryTransferLeadership(266)) - 2f036b56-942d-42f4-908f-5b0be9aff918@group-3DEBD952707A: SUCCESS sent StartLeaderElection to transferee 3dbe4e49-25e9-43f5-94e0-3ca31f2aaaf2 immediately as it already has up-to-date log
2025-09-13 17:34:13,198 [2f036b56-942d-42f4-908f-5b0be9aff918-server-thread1] WARN  impl.TransferLeadership (TransferLeadership.java:lambda$sendStartLeaderElection$2(227)) - 2f036b56-942d-42f4-908f-5b0be9aff918@group-3DEBD952707A: Failed to startLeaderElection for 3dbe4e49-25e9-43f5-94e0-3ca31f2aaaf2
java.util.concurrent.CompletionException: org.apache.ratis.thirdparty.io.grpc.StatusRuntimeException: UNAVAILABLE: io exception
	at java.base/java.util.concurrent.CompletableFuture.encodeThrowable(CompletableFuture.java:315)
	at java.base/java.util.concurrent.CompletableFuture.completeThrowable(CompletableFuture.java:320)
	at java.base/java.util.concurrent.CompletableFuture$AsyncSupply.run(CompletableFuture.java:1770)
	at java.base/java.util.concurrent.ThreadPoolExecutor.runWorker(ThreadPoolExecutor.java:1144)
	at java.base/java.util.concurrent.ThreadPoolExecutor$Worker.run(ThreadPoolExecutor.java:642)
	at java.base/java.lang.Thread.run(Thread.java:1583)
Caused by: org.apache.ratis.thirdparty.io.grpc.StatusRuntimeException: UNAVAILABLE: io exception
	at org.apache.ratis.thirdparty.io.grpc.stub.ClientCalls.toStatusRuntimeException(ClientCalls.java:351)
	at org.apache.ratis.thirdparty.io.grpc.stub.ClientCalls.getUnchecked(ClientCalls.java:332)
	at org.apache.ratis.thirdparty.io.grpc.stub.ClientCalls.blockingUnaryCall(ClientCalls.java:174)
	at org.apache.ratis.proto.grpc.RaftServerProtocolServiceGrpc$RaftServerProtocolServiceBlockingStub.startLeaderElection(RaftServerProtocolServiceGrpc.java:422)
	at org.apache.ratis.grpc.server.GrpcServerProtocolClient.startLeaderElection(GrpcServerProtocolClient.java:123)
	at org.apache.ratis.grpc.server.GrpcServicesImpl.startLeaderElection(GrpcServicesImpl.java:423)
	at org.apache.ratis.server.impl.TransferLeadership.lambda$sendStartLeaderElection$1(TransferLeadership.java:218)
	at java.base/java.util.concurrent.CompletableFuture$AsyncSupply.run(CompletableFuture.java:1768)
	... 3 more
Caused by: org.apache.ratis.thirdparty.io.netty.channel.AbstractChannel$AnnotatedConnectException: finishConnect(..) failed: Connection refused: /127.0.0.1:15063
Caused by: java.net.ConnectException: finishConnect(..) failed: Connection refused
	at org.apache.ratis.thirdparty.io.netty.channel.unix.Errors.newConnectException0(Errors.java:166)
	at org.apache.ratis.thirdparty.io.netty.channel.unix.Errors.handleConnectErrno(Errors.java:131)
	at org.apache.ratis.thirdparty.io.netty.channel.unix.Socket.finishConnect(Socket.java:359)
	at org.apache.ratis.thirdparty.io.netty.channel.epoll.AbstractEpollChannel$AbstractEpollUnsafe.doFinishConnect(AbstractEpollChannel.java:715)
	at org.apache.ratis.thirdparty.io.netty.channel.epoll.AbstractEpollChannel$AbstractEpollUnsafe.finishConnect(AbstractEpollChannel.java:692)
	at org.apache.ratis.thirdparty.io.netty.channel.epoll.AbstractEpollChannel$AbstractEpollUnsafe.epollOutReady(AbstractEpollChannel.java:567)
	at org.apache.ratis.thirdparty.io.netty.channel.epoll.EpollEventLoop.processReady(EpollEventLoop.java:491)
	at org.apache.ratis.thirdparty.io.netty.channel.epoll.EpollEventLoop.run(EpollEventLoop.java:399)
	at org.apache.ratis.thirdparty.io.netty.util.concurrent.SingleThreadEventExecutor$4.run(SingleThreadEventExecutor.java:998)
	at org.apache.ratis.thirdparty.io.netty.util.internal.ThreadExecutorMap$2.run(ThreadExecutorMap.java:74)
	at org.apache.ratis.thirdparty.io.netty.util.concurrent.FastThreadLocalRunnable.run(FastThreadLocalRunnable.java:30)
	at java.base/java.lang.Thread.run(Thread.java:1583)
2025-09-13 17:34:13,253 [grpc-default-executor-10] WARN  server.GrpcLogAppender (LogUtils.java:warn(127)) - 2f036b56-942d-42f4-908f-5b0be9aff918@group-3DEBD952707A->3dbe4e49-25e9-43f5-94e0-3ca31f2aaaf2-AppendLogResponseHandler: Failed appendEntries: org.apache.ratis.thirdparty.io.grpc.StatusRuntimeException: UNAVAILABLE: io exception
  Caused by: org.apache.ratis.thirdparty.io.netty.channel.AbstractChannel$AnnotatedConnectException: finishConnect(..) failed: Connection refused: /127.0.0.1:15063
  Caused by: java.net.ConnectException: finishConnect(..) failed: Connection refused
2025-09-13 17:34:13,486 [22454e81-7bda-41d4-8b71-c0b680f2e12d-server-thread2] INFO  server.RaftServer$Division (RaftServerImpl.java:takeSnapshotAsync(1241)) - 22454e81-7bda-41d4-8b71-c0b680f2e12d@group-7661A5CF51A5: takeSnapshotAsync SnapshotManagementRequest:client-09B8F48E9DCD->22454e81-7bda-41d4-8b71-c0b680f2e12d@group-7661A5CF51A5, cid=49, seq=null, RO, null, Create:
2025-09-13 17:34:14,398 [2f036b56-942d-42f4-908f-5b0be9aff918@group-3DEBD952707A-LeaderStateImpl] INFO  impl.TransferLeadership (TransferLeadership.java:tryTransferLeadership(258)) - 2f036b56-942d-42f4-908f-5b0be9aff918@group-3DEBD952707A: start transferring leadership to 3dbe4e49-25e9-43f5-94e0-3ca31f2aaaf2
2025-09-13 17:34:14,398 [2f036b56-942d-42f4-908f-5b0be9aff918@group-3DEBD952707A-LeaderStateImpl] INFO  impl.TransferLeadership (TransferLeadership.java:sendStartLeaderElection(210)) - 2f036b56-942d-42f4-908f-5b0be9aff918@group-3DEBD952707A: sendStartLeaderElection to follower 3dbe4e49-25e9-43f5-94e0-3ca31f2aaaf2, lastEntry=(t:2, i:6)
2025-09-13 17:34:14,398 [2f036b56-942d-42f4-908f-5b0be9aff918@group-3DEBD952707A-LeaderStateImpl] INFO  impl.TransferLeadership (TransferLeadership.java:tryTransferLeadership(266)) - 2f036b56-942d-42f4-908f-5b0be9aff918@group-3DEBD952707A: SUCCESS sent StartLeaderElection to transferee 3dbe4e49-25e9-43f5-94e0-3ca31f2aaaf2 immediately as it already has up-to-date log
2025-09-13 17:34:14,399 [2f036b56-942d-42f4-908f-5b0be9aff918-server-thread1] WARN  impl.TransferLeadership (TransferLeadership.java:lambda$sendStartLeaderElection$2(227)) - 2f036b56-942d-42f4-908f-5b0be9aff918@group-3DEBD952707A: Failed to startLeaderElection for 3dbe4e49-25e9-43f5-94e0-3ca31f2aaaf2
java.util.concurrent.CompletionException: org.apache.ratis.thirdparty.io.grpc.StatusRuntimeException: UNAVAILABLE: io exception
	at java.base/java.util.concurrent.CompletableFuture.encodeThrowable(CompletableFuture.java:315)
	at java.base/java.util.concurrent.CompletableFuture.completeThrowable(CompletableFuture.java:320)
	at java.base/java.util.concurrent.CompletableFuture$AsyncSupply.run(CompletableFuture.java:1770)
	at java.base/java.util.concurrent.ThreadPoolExecutor.runWorker(ThreadPoolExecutor.java:1144)
	at java.base/java.util.concurrent.ThreadPoolExecutor$Worker.run(ThreadPoolExecutor.java:642)
	at java.base/java.lang.Thread.run(Thread.java:1583)
Caused by: org.apache.ratis.thirdparty.io.grpc.StatusRuntimeException: UNAVAILABLE: io exception
	at org.apache.ratis.thirdparty.io.grpc.stub.ClientCalls.toStatusRuntimeException(ClientCalls.java:351)
	at org.apache.ratis.thirdparty.io.grpc.stub.ClientCalls.getUnchecked(ClientCalls.java:332)
	at org.apache.ratis.thirdparty.io.grpc.stub.ClientCalls.blockingUnaryCall(ClientCalls.java:174)
	at org.apache.ratis.proto.grpc.RaftServerProtocolServiceGrpc$RaftServerProtocolServiceBlockingStub.startLeaderElection(RaftServerProtocolServiceGrpc.java:422)
	at org.apache.ratis.grpc.server.GrpcServerProtocolClient.startLeaderElection(GrpcServerProtocolClient.java:123)
	at org.apache.ratis.grpc.server.GrpcServicesImpl.startLeaderElection(GrpcServicesImpl.java:423)
	at org.apache.ratis.server.impl.TransferLeadership.lambda$sendStartLeaderElection$1(TransferLeadership.java:218)
	at java.base/java.util.concurrent.CompletableFuture$AsyncSupply.run(CompletableFuture.java:1768)
	... 3 more
Caused by: org.apache.ratis.thirdparty.io.netty.channel.AbstractChannel$AnnotatedConnectException: finishConnect(..) failed: Connection refused: /127.0.0.1:15063
Caused by: java.net.ConnectException: finishConnect(..) failed: Connection refused
	at org.apache.ratis.thirdparty.io.netty.channel.unix.Errors.newConnectException0(Errors.java:166)
	at org.apache.ratis.thirdparty.io.netty.channel.unix.Errors.handleConnectErrno(Errors.java:131)
	at org.apache.ratis.thirdparty.io.netty.channel.unix.Socket.finishConnect(Socket.java:359)
	at org.apache.ratis.thirdparty.io.netty.channel.epoll.AbstractEpollChannel$AbstractEpollUnsafe.doFinishConnect(AbstractEpollChannel.java:715)
	at org.apache.ratis.thirdparty.io.netty.channel.epoll.AbstractEpollChannel$AbstractEpollUnsafe.finishConnect(AbstractEpollChannel.java:692)
	at org.apache.ratis.thirdparty.io.netty.channel.epoll.AbstractEpollChannel$AbstractEpollUnsafe.epollOutReady(AbstractEpollChannel.java:567)
	at org.apache.ratis.thirdparty.io.netty.channel.epoll.EpollEventLoop.processReady(EpollEventLoop.java:491)
	at org.apache.ratis.thirdparty.io.netty.channel.epoll.EpollEventLoop.run(EpollEventLoop.java:399)
	at org.apache.ratis.thirdparty.io.netty.util.concurrent.SingleThreadEventExecutor$4.run(SingleThreadEventExecutor.java:998)
	at org.apache.ratis.thirdparty.io.netty.util.internal.ThreadExecutorMap$2.run(ThreadExecutorMap.java:74)
	at org.apache.ratis.thirdparty.io.netty.util.concurrent.FastThreadLocalRunnable.run(FastThreadLocalRunnable.java:30)
	at java.base/java.lang.Thread.run(Thread.java:1583)
2025-09-13 17:34:14,633 [timer7] INFO  server.GrpcServerProtocolService (GrpcServerProtocolService.java:lambda$onCompleted$6(171)) - 13facd30-3950-4310-8b1a-93d004abbbdd: Completed APPEND_ENTRIES, lastRequest: null  (Repeated 2 times in the last 5.000s)
2025-09-13 17:34:14,633 [timer2] INFO  server.GrpcServerProtocolService (GrpcServerProtocolService.java:lambda$null$7(175)) - 9e23e878-9bb3-42b5-8b94-e0e229812e65: Completed APPEND_ENTRIES, lastReply: null  (Repeated 2 times in the last 5.000s)
2025-09-13 17:34:14,633 [timer0] INFO  server.GrpcServerProtocolService (GrpcServerProtocolService.java:lambda$null$7(175)) - 13facd30-3950-4310-8b1a-93d004abbbdd: Completed APPEND_ENTRIES, lastReply: null  (Repeated 2 times in the last 5.001s)
2025-09-13 17:34:14,633 [timer1] INFO  server.GrpcServerProtocolService (GrpcServerProtocolService.java:lambda$onCompleted$6(171)) - 9e23e878-9bb3-42b5-8b94-e0e229812e65: Completed APPEND_ENTRIES, lastRequest: 36d876fb-a458-4393-963b-58eeedb8ba95->9e23e878-9bb3-42b5-8b94-e0e229812e65#3-t6,previous=(t:6, i:9),leaderCommit=9,initializing? false,entries: size=1, first=(t:6, i:10), METADATAENTRY(c:9)  (Repeated 2 times in the last 5.000s)
2025-09-13 17:34:14,777 [timer2] WARN  server.GrpcLogAppender (GrpcLogAppender.java:lambda$resetClient$1(228)) - 9b620cf5-1dd4-4083-97bd-ff44c8fea23e@group-A8D25C85FDCF->3dbe4e49-25e9-43f5-94e0-3ca31f2aaaf2-GrpcLogAppender: Follower failed (request=null, errorCount=16); keep nextIndex (18) unchanged and retry. (Repeated 2 times in the last 5.000s)
2025-09-13 17:34:14,782 [timer7] WARN  server.GrpcLogAppender (GrpcLogAppender.java:lambda$resetClient$1(228)) - 9b620cf5-1dd4-4083-97bd-ff44c8fea23e@group-A8D25C85FDCF->3dbe4e49-25e9-43f5-94e0-3ca31f2aaaf2-GrpcLogAppender: Follower failed (request=null, errorCount=18); keep nextIndex (20) unchanged and retry. (Repeated 2 times in the last 5.003s)
2025-09-13 17:34:14,784 [timer2] WARN  server.GrpcLogAppender (GrpcLogAppender.java:lambda$resetClient$1(228)) - 9b620cf5-1dd4-4083-97bd-ff44c8fea23e@group-A8D25C85FDCF->3dbe4e49-25e9-43f5-94e0-3ca31f2aaaf2-GrpcLogAppender: Follower failed (request=null, errorCount=20); keep nextIndex (22) unchanged and retry. (Repeated 2 times in the last 5.000s)
2025-09-13 17:34:14,786 [timer5] WARN  server.GrpcLogAppender (GrpcLogAppender.java:lambda$resetClient$1(228)) - 9b620cf5-1dd4-4083-97bd-ff44c8fea23e@group-A8D25C85FDCF->3dbe4e49-25e9-43f5-94e0-3ca31f2aaaf2-GrpcLogAppender: Follower failed (request=null, errorCount=22); keep nextIndex (23) unchanged and retry. (Repeated 2 times in the last 5.001s)
2025-09-13 17:34:14,789 [timer3] WARN  server.GrpcLogAppender (GrpcLogAppender.java:lambda$resetClient$1(228)) - 9b620cf5-1dd4-4083-97bd-ff44c8fea23e@group-A8D25C85FDCF->3dbe4e49-25e9-43f5-94e0-3ca31f2aaaf2-GrpcLogAppender: Follower failed (request=null, errorCount=24); keep nextIndex (24) unchanged and retry. (Repeated 2 times in the last 5.001s)
2025-09-13 17:34:14,791 [timer5] WARN  server.GrpcLogAppender (GrpcLogAppender.java:lambda$resetClient$1(228)) - 9b620cf5-1dd4-4083-97bd-ff44c8fea23e@group-A8D25C85FDCF->3dbe4e49-25e9-43f5-94e0-3ca31f2aaaf2-GrpcLogAppender: Follower failed (request=null, errorCount=26); keep nextIndex (25) unchanged and retry. (Repeated 2 times in the last 5.001s)
2025-09-13 17:34:14,795 [timer3] WARN  server.GrpcLogAppender (GrpcLogAppender.java:lambda$resetClient$1(228)) - 9b620cf5-1dd4-4083-97bd-ff44c8fea23e@group-A8D25C85FDCF->3dbe4e49-25e9-43f5-94e0-3ca31f2aaaf2-GrpcLogAppender: Follower failed (request=null, errorCount=28); keep nextIndex (26) unchanged and retry. (Repeated 2 times in the last 5.000s)
2025-09-13 17:34:14,797 [timer6] WARN  server.GrpcLogAppender (GrpcLogAppender.java:lambda$resetClient$1(228)) - 9b620cf5-1dd4-4083-97bd-ff44c8fea23e@group-A8D25C85FDCF->3dbe4e49-25e9-43f5-94e0-3ca31f2aaaf2-GrpcLogAppender: Follower failed (request=null, errorCount=32); keep nextIndex (27) unchanged and retry. (Repeated 4 times in the last 5.000s)
2025-09-13 17:34:15,001 [ForkJoinPool-1-worker-1] INFO  utils.DatanodeStoreCache (DatanodeStoreCache.java:shutdownCache(110)) - Skip clearing cache in mini cluster mode. Entries left: [/home/runner/work/ozone/ozone/hadoop-ozone/integration-test/target/test-dir/MiniOzoneClusterImpl-1331a795-ed08-415d-924a-7661a5cf51a5/ozone-metadata/datanode-1/data-0/hdds/1331a795-ed08-415d-924a-7661a5cf51a5/DS-cef04933-4ce8-4840-b22e-4ad87088cbdd/container.db, /home/runner/work/ozone/ozone/hadoop-ozone/integration-test/target/test-dir/MiniOzoneClusterImpl-1331a795-ed08-415d-924a-7661a5cf51a5/ozone-metadata/datanode-10/data-0/hdds/1331a795-ed08-415d-924a-7661a5cf51a5/DS-2f2d0a7f-394e-472e-bb26-a84cc7eb1472/container.db, /home/runner/work/ozone/ozone/hadoop-ozone/integration-test/target/test-dir/MiniOzoneClusterImpl-1331a795-ed08-415d-924a-7661a5cf51a5/ozone-metadata/datanode-2/data-0/hdds/1331a795-ed08-415d-924a-7661a5cf51a5/DS-ce29b877-3335-47dd-ae87-6ca9399c09a2/container.db, /home/runner/work/ozone/ozone/hadoop-ozone/integration-test/target/test-dir/MiniOzoneClusterImpl-1331a795-ed08-415d-924a-7661a5cf51a5/ozone-metadata/datanode-3/data-0/hdds/1331a795-ed08-415d-924a-7661a5cf51a5/DS-7c74f027-72de-49ce-b83a-c2c2856c274d/container.db, /home/runner/work/ozone/ozone/hadoop-ozone/integration-test/target/test-dir/MiniOzoneClusterImpl-1331a795-ed08-415d-924a-7661a5cf51a5/ozone-metadata/datanode-4/data-0/hdds/1331a795-ed08-415d-924a-7661a5cf51a5/DS-e1c55588-49a5-4291-a123-18ab5048c25f/container.db, /home/runner/work/ozone/ozone/hadoop-ozone/integration-test/target/test-dir/MiniOzoneClusterImpl-1331a795-ed08-415d-924a-7661a5cf51a5/ozone-metadata/datanode-5/data-0/hdds/1331a795-ed08-415d-924a-7661a5cf51a5/DS-84acdda9-c348-442e-9156-67d0a73b2541/container.db, /home/runner/work/ozone/ozone/hadoop-ozone/integration-test/target/test-dir/MiniOzoneClusterImpl-1331a795-ed08-415d-924a-7661a5cf51a5/ozone-metadata/datanode-6/data-0/hdds/1331a795-ed08-415d-924a-7661a5cf51a5/DS-22fb78ac-1833-44ab-8f02-751f4fb3033d/container.db, /home/runner/work/ozone/ozone/hadoop-ozone/integration-test/target/test-dir/MiniOzoneClusterImpl-1331a795-ed08-415d-924a-7661a5cf51a5/ozone-metadata/datanode-7/data-0/hdds/1331a795-ed08-415d-924a-7661a5cf51a5/DS-63a6c3b7-4525-47d9-ad60-45ee0a1c7b71/container.db, /home/runner/work/ozone/ozone/hadoop-ozone/integration-test/target/test-dir/MiniOzoneClusterImpl-1331a795-ed08-415d-924a-7661a5cf51a5/ozone-metadata/datanode-8/data-0/hdds/1331a795-ed08-415d-924a-7661a5cf51a5/DS-643ce4cb-c5d1-46d9-b647-00c002703750/container.db, /home/runner/work/ozone/ozone/hadoop-ozone/integration-test/target/test-dir/MiniOzoneClusterImpl-1331a795-ed08-415d-924a-7661a5cf51a5/ozone-metadata/datanode-9/data-0/hdds/1331a795-ed08-415d-924a-7661a5cf51a5/DS-8a555c84-68d0-42a4-8e7e-de18356c0fbd/container.db]
2025-09-13 17:34:15,003 [ForkJoinPool-1-worker-1] INFO  utils.DatanodeStoreCache (DatanodeStoreCache.java:removeDB(104)) - Removed db /home/runner/work/ozone/ozone/hadoop-ozone/integration-test/target/test-dir/MiniOzoneClusterImpl-1331a795-ed08-415d-924a-7661a5cf51a5/ozone-metadata/datanode-7/data-0/hdds/1331a795-ed08-415d-924a-7661a5cf51a5/DS-63a6c3b7-4525-47d9-ad60-45ee0a1c7b71/container.db from cache
2025-09-13 17:34:15,003 [ForkJoinPool-1-worker-1] INFO  volume.HddsVolume (HddsVolume.java:closeDbStore(609)) - SchemaV3 db is stopped at /home/runner/work/ozone/ozone/hadoop-ozone/integration-test/target/test-dir/MiniOzoneClusterImpl-1331a795-ed08-415d-924a-7661a5cf51a5/ozone-metadata/datanode-7/data-0/hdds/1331a795-ed08-415d-924a-7661a5cf51a5/DS-63a6c3b7-4525-47d9-ad60-45ee0a1c7b71/container.db for volume DS-63a6c3b7-4525-47d9-ad60-45ee0a1c7b71
2025-09-13 17:34:15,003 [ForkJoinPool-1-worker-1] INFO  utils.BackgroundService (BackgroundService.java:shutdown(195)) - Shutting down service BlockDeletingService
2025-09-13 17:34:15,004 [ForkJoinPool-1-worker-1] INFO  utils.BackgroundService (BackgroundService.java:shutdown(195)) - Shutting down service StaleRecoveringContainerScrubbingService
2025-09-13 17:34:15,005 [ForkJoinPool-1-worker-1] INFO  statemachine.DatanodeStateMachine (DatanodeStateMachine.java:stopDaemon(654)) - Ozone container server stopped.
2025-09-13 17:34:15,018 [ForkJoinPool-1-worker-1] INFO  handler.ContextHandler (ContextHandler.java:doStop(1159)) - Stopped o.e.j.w.WebAppContext@18c869f7{hddsDatanode,/,null,STOPPED}{jar:file:/home/runner/work/ozone/ozone/hadoop-hdds/container-service/target/hdds-container-service-2.1.0-SNAPSHOT.jar!/webapps/hddsDatanode}
2025-09-13 17:34:15,018 [ForkJoinPool-1-worker-1] INFO  server.AbstractConnector (AbstractConnector.java:doStop(383)) - Stopped ServerConnector@6bb1fac2{HTTP/1.1, (http/1.1)}{0.0.0.0:15058}
2025-09-13 17:34:15,018 [ForkJoinPool-1-worker-1] INFO  server.session (HouseKeeper.java:stopScavenging(149)) - node0 Stopped scavenging
2025-09-13 17:34:15,019 [ForkJoinPool-1-worker-1] INFO  handler.ContextHandler (ContextHandler.java:doStop(1159)) - Stopped o.e.j.s.ServletContextHandler@45af159c{static,/static,jar:file:/home/runner/work/ozone/ozone/hadoop-hdds/container-service/target/hdds-container-service-2.1.0-SNAPSHOT.jar!/webapps/static,STOPPED}
2025-09-13 17:34:15,019 [ForkJoinPool-1-worker-1] INFO  handler.ContextHandler (ContextHandler.java:doStop(1159)) - Stopped o.e.j.s.ServletContextHandler@77a64b38{logs,/logs,file:///home/runner/work/ozone/ozone/hadoop-ozone/integration-test/target/log,STOPPED}
2025-09-13 17:34:15,020 [ForkJoinPool-1-worker-1] INFO  ozone.HddsDatanodeClientProtocolServer (HddsDatanodeClientProtocolServer.java:stop(82)) - Stopping the RPC server for Client Protocol
2025-09-13 17:34:15,020 [ForkJoinPool-1-worker-1] INFO  ipc.Server (Server.java:stop(3697)) - Stopping server on 15059
2025-09-13 17:34:15,021 [IPC Server Responder] INFO  ipc.Server (Server.java:run(1718)) - Stopping IPC Server Responder
2025-09-13 17:34:15,021 [IPC Server listener on 15059] INFO  ipc.Server (Server.java:run(1585)) - Stopping IPC Server listener on 15059
2025-09-13 17:34:15,029 [grpc-default-executor-12] ERROR impl.OrderedAsync (OrderedAsync.java:lambda$send$4(181)) - Failed to send request, message=cmdType: WriteChunk
traceID: ""
containerID: 9
datanodeUuid: "3dbe4e49-25e9-43f5-94e0-3ca31f2aaaf2"
writeChunk {
  blockID {
    containerID: 9
    localID: 115816896921600011
    blockCommitSequenceId: 4
    replicaIndex: 0
  }
  chunkData {
    chunkName: "115816896921600011_chunk_2"
    offset: 1048576
    len: 1048576
    checksumData {
      type: CRC32
      bytesPerChecksum: 16384
      checksums: "\326\360U\321"
      checksums: "\326\360U\321"
      checksums: "\326\360U\321"
      checksums: "\326\360U\321"
      checksums: "\326\360U\321"
      checksums: "\326\360U\321"
      checksums: "\326\360U\321"
      checksums: "\326\360U\321"
      checksums: "\326\360U\321"
      checksums: "\326\360U\321"
      checksums: "\326\360U\321"
      checksums: "\326\360U\321"
      checksums: "\326\360U\321"
      checksums: "\326\360U\321"
      checksums: "\326\360U\321"
      checksums: "\326\360U\321"
      checksums: "\326\360U\321"
      checksums: "\326\360U\321"
      checksums: "\326\360U\321"
      checksums: "\326\360U\321"
      checksums: "\326\360U\321"
      checksums: "\326\360U\321"
      checksums: "\326\360U\321"
      checksums: "\326\360U\321"
      checksums: "\326\360U\321"
      checksums: "\326\360U\321"
      checksums: "\326\360U\321"
      checksums: "\326\360U\321"
      checksums: "\326\360U\321"
      checksums: "\326\360U\321"
      checksums: "\326\360U\321"
      checksums: "\326\360U\321"
      checksums: "\326\360U\321"
      checksums: "\326\360U\321"
      checksums: "\326\360U\321"
      checksums: "\326\360U\321"
      checksums: "\326\360U\321"
      checksums: "\326\360U\321"
      checksums: "\326\360U\321"
      checksums: "\326\360U\321"
      checksums: "\326\360U\321"
      checksums: "\326\360U\321"
      checksums: "\326\360U\321"
      checksums: "\326\360U\321"
      checksums: "\326\360U\321"
      checksums: "\326\360U\321"
      checksums: "\326\360U\321"
      checksums: "\326\360U\321"
      checksums: "\326\360U\321"
      checksums: "\326\360U\321"
      checksums: "\326\360U\321"
      checksums: "\326\360U\321"
      checksums: "\326\360U\321"
      checksums: "\326\360U\321"
      checksums: "\326\360U\321"
      checksums: "\326\360U\321"
      checksums: "\326\360U\321"
      checksums: "\326\360U\321"
      checksums: "\326\360U\321"
      checksums: "\326\360U\321"
      checksums: "\326\360U\321"
      checksums: "\326\360U\321"
      checksums: "\326\360U\321"
      checksums: "\277r/p"
    }
  }
}
version: 3
, data.size=1048576
java.util.concurrent.CompletionException: org.apache.ratis.protocol.exceptions.LeaderSteppingDownException: 2f036b56-942d-42f4-908f-5b0be9aff918@group-3DEBD952707A is stepping down
	at org.apache.ratis.client.impl.RaftClientImpl.handleRaftException(RaftClientImpl.java:373)
	at org.apache.ratis.client.impl.OrderedAsync.lambda$send$3(OrderedAsync.java:175)
	at java.base/java.util.concurrent.CompletableFuture$UniApply.tryFire(CompletableFuture.java:646)
	at java.base/java.util.concurrent.CompletableFuture.postComplete(CompletableFuture.java:510)
	at java.base/java.util.concurrent.CompletableFuture.complete(CompletableFuture.java:2179)
	at org.apache.ratis.client.impl.OrderedAsync$PendingOrderedRequest.setReply(OrderedAsync.java:105)
	at org.apache.ratis.client.impl.OrderedAsync$PendingOrderedRequest.setReply(OrderedAsync.java:66)
	at org.apache.ratis.util.SlidingWindow$RequestMap.setReply(SlidingWindow.java:147)
	at org.apache.ratis.util.SlidingWindow$Client.receiveReply(SlidingWindow.java:351)
	at org.apache.ratis.client.impl.OrderedAsync.lambda$sendRequestWithRetry$5(OrderedAsync.java:210)
	at java.base/java.util.concurrent.CompletableFuture$UniAccept.tryFire(CompletableFuture.java:718)
	at java.base/java.util.concurrent.CompletableFuture.postComplete(CompletableFuture.java:510)
	at java.base/java.util.concurrent.CompletableFuture.complete(CompletableFuture.java:2179)
	at org.apache.ratis.grpc.client.GrpcClientProtocolClient$AsyncStreamObservers$1.lambda$onNext$0(GrpcClientProtocolClient.java:325)
	at java.base/java.util.Optional.ifPresent(Optional.java:178)
	at org.apache.ratis.grpc.client.GrpcClientProtocolClient$AsyncStreamObservers.handleReplyFuture(GrpcClientProtocolClient.java:381)
	at org.apache.ratis.grpc.client.GrpcClientProtocolClient$AsyncStreamObservers.access$100(GrpcClientProtocolClient.java:303)
	at org.apache.ratis.grpc.client.GrpcClientProtocolClient$AsyncStreamObservers$1.onNext(GrpcClientProtocolClient.java:325)
	at org.apache.ratis.grpc.client.GrpcClientProtocolClient$AsyncStreamObservers$1.onNext(GrpcClientProtocolClient.java:308)
	at org.apache.ratis.thirdparty.io.grpc.stub.ClientCalls$StreamObserverToCallListenerAdapter.onMessage(ClientCalls.java:551)
	at org.apache.ratis.thirdparty.io.grpc.ForwardingClientCallListener.onMessage(ForwardingClientCallListener.java:33)
	at org.apache.ratis.thirdparty.io.grpc.internal.ClientCallImpl$ClientStreamListenerImpl$1MessagesAvailable.runInternal(ClientCallImpl.java:661)
	at org.apache.ratis.thirdparty.io.grpc.internal.ClientCallImpl$ClientStreamListenerImpl$1MessagesAvailable.runInContext(ClientCallImpl.java:648)
	at org.apache.ratis.thirdparty.io.grpc.internal.ContextRunnable.run(ContextRunnable.java:37)
	at org.apache.ratis.thirdparty.io.grpc.internal.SerializingExecutor.run(SerializingExecutor.java:133)
	at java.base/java.util.concurrent.ThreadPoolExecutor.runWorker(ThreadPoolExecutor.java:1144)
	at java.base/java.util.concurrent.ThreadPoolExecutor$Worker.run(ThreadPoolExecutor.java:642)
	at java.base/java.lang.Thread.run(Thread.java:1583)
Caused by: org.apache.ratis.protocol.exceptions.LeaderSteppingDownException: 2f036b56-942d-42f4-908f-5b0be9aff918@group-3DEBD952707A is stepping down
	at org.apache.ratis.server.impl.RaftServerImpl.checkLeaderState(RaftServerImpl.java:784)
	at org.apache.ratis.server.impl.RaftServerImpl.checkLeaderState(RaftServerImpl.java:755)
	at org.apache.ratis.server.impl.RaftServerImpl.writeAsyncImpl(RaftServerImpl.java:972)
	at org.apache.ratis.server.impl.RaftServerImpl.writeAsync(RaftServerImpl.java:960)
	at org.apache.ratis.server.impl.RaftServerImpl.replyFuture(RaftServerImpl.java:953)
	at org.apache.ratis.server.impl.RaftServerImpl.submitClientRequestAsync(RaftServerImpl.java:930)
	at org.apache.ratis.server.impl.RaftServerImpl.lambda$null$11(RaftServerImpl.java:919)
	at org.apache.ratis.util.JavaUtils.callAsUnchecked(JavaUtils.java:118)
	at org.apache.ratis.server.impl.RaftServerImpl.lambda$executeSubmitClientRequestAsync$12(RaftServerImpl.java:919)
	at java.base/java.util.concurrent.CompletableFuture$AsyncSupply.run(CompletableFuture.java:1768)
	... 3 more
2025-09-13 17:34:15,031 [grpc-default-executor-12] ERROR impl.OrderedAsync (OrderedAsync.java:lambda$send$4(181)) - Failed to send request, message=cmdType: PutBlock
traceID: ""
containerID: 9
datanodeUuid: "3dbe4e49-25e9-43f5-94e0-3ca31f2aaaf2"
putBlock {
  blockData {
    blockID {
      containerID: 9
      localID: 115816896921600011
      blockCommitSequenceId: 0
    }
    metadata {
      key: "TYPE"
      value: "KEY"
    }
    chunks {
      chunkName: "115816896921600011_chunk_1"
      offset: 0
      len: 1048576
      checksumData {
        type: CRC32
        bytesPerChecksum: 16384
        checksums: "\326\360U\321"
        checksums: "\326\360U\321"
        checksums: "\326\360U\321"
        checksums: "\326\360U\321"
        checksums: "\326\360U\321"
        checksums: "\326\360U\321"
        checksums: "\326\360U\321"
        checksums: "\326\360U\321"
        checksums: "\326\360U\321"
        checksums: "\326\360U\321"
        checksums: "\326\360U\321"
        checksums: "\326\360U\321"
        checksums: "\326\360U\321"
        checksums: "\326\360U\321"
        checksums: "\326\360U\321"
        checksums: "\326\360U\321"
        checksums: "\326\360U\321"
        checksums: "\326\360U\321"
        checksums: "\326\360U\321"
        checksums: "\326\360U\321"
        checksums: "\326\360U\321"
        checksums: "\326\360U\321"
        checksums: "\326\360U\321"
        checksums: "\326\360U\321"
        checksums: "\326\360U\321"
        checksums: "\326\360U\321"
        checksums: "\326\360U\321"
        checksums: "\326\360U\321"
        checksums: "\326\360U\321"
        checksums: "\326\360U\321"
        checksums: "\326\360U\321"
        checksums: "\326\360U\321"
        checksums: "\326\360U\321"
        checksums: "\326\360U\321"
        checksums: "\326\360U\321"
        checksums: "\326\360U\321"
        checksums: "\326\360U\321"
        checksums: "\326\360U\321"
        checksums: "\326\360U\321"
        checksums: "\326\360U\321"
        checksums: "\326\360U\321"
        checksums: "\326\360U\321"
        checksums: "\326\360U\321"
        checksums: "\326\360U\321"
        checksums: "\326\360U\321"
        checksums: "\326\360U\321"
        checksums: "\326\360U\321"
        checksums: "\326\360U\321"
        checksums: "\326\360U\321"
        checksums: "\326\360U\321"
        checksums: "\326\360U\321"
        checksums: "\326\360U\321"
        checksums: "\326\360U\321"
        checksums: "\326\360U\321"
        checksums: "\326\360U\321"
        checksums: "\326\360U\321"
        checksums: "\326\360U\321"
        checksums: "\326\360U\321"
        checksums: "\326\360U\321"
        checksums: "\326\360U\321"
        checksums: "\326\360U\321"
        checksums: "\326\360U\321"
        checksums: "\326\360U\321"
        checksums: "\277r/p"
      }
    }
    chunks {
      chunkName: "115816896921600011_chunk_2"
      offset: 1048576
      len: 1048576
      checksumData {
        type: CRC32
        bytesPerChecksum: 16384
        checksums: "\326\360U\321"
        checksums: "\326\360U\321"
        checksums: "\326\360U\321"
        checksums: "\326\360U\321"
        checksums: "\326\360U\321"
        checksums: "\326\360U\321"
        checksums: "\326\360U\321"
        checksums: "\326\360U\321"
        checksums: "\326\360U\321"
        checksums: "\326\360U\321"
        checksums: "\326\360U\321"
        checksums: "\326\360U\321"
        checksums: "\326\360U\321"
        checksums: "\326\360U\321"
        checksums: "\326\360U\321"
        checksums: "\326\360U\321"
        checksums: "\326\360U\321"
        checksums: "\326\360U\321"
        checksums: "\326\360U\321"
        checksums: "\326\360U\321"
        checksums: "\326\360U\321"
        checksums: "\326\360U\321"
        checksums: "\326\360U\321"
        checksums: "\326\360U\321"
        checksums: "\326\360U\321"
        checksums: "\326\360U\321"
        checksums: "\326\360U\321"
        checksums: "\326\360U\321"
        checksums: "\326\360U\321"
        checksums: "\326\360U\321"
        checksums: "\326\360U\321"
        checksums: "\326\360U\321"
        checksums: "\326\360U\321"
        checksums: "\326\360U\321"
        checksums: "\326\360U\321"
        checksums: "\326\360U\321"
        checksums: "\326\360U\321"
        checksums: "\326\360U\321"
        checksums: "\326\360U\321"
        checksums: "\326\360U\321"
        checksums: "\326\360U\321"
        checksums: "\326\360U\321"
        checksums: "\326\360U\321"
        checksums: "\326\360U\321"
        checksums: "\326\360U\321"
        checksums: "\326\360U\321"
        checksums: "\326\360U\321"
        checksums: "\326\360U\321"
        checksums: "\326\360U\321"
        checksums: "\326\360U\321"
        checksums: "\326\360U\321"
        checksums: "\326\360U\321"
        checksums: "\326\360U\321"
        checksums: "\326\360U\321"
        checksums: "\326\360U\321"
        checksums: "\326\360U\321"
        checksums: "\326\360U\321"
        checksums: "\326\360U\321"
        checksums: "\326\360U\321"
        checksums: "\326\360U\321"
        checksums: "\326\360U\321"
        checksums: "\326\360U\321"
        checksums: "\326\360U\321"
        checksums: "\277r/p"
      }
    }
  }
  eof: false
}
version: 3
, data.size=0
java.util.concurrent.CompletionException: org.apache.ratis.protocol.exceptions.LeaderSteppingDownException: 2f036b56-942d-42f4-908f-5b0be9aff918@group-3DEBD952707A is stepping down
	at org.apache.ratis.client.impl.RaftClientImpl.handleRaftException(RaftClientImpl.java:373)
	at org.apache.ratis.client.impl.OrderedAsync.lambda$send$3(OrderedAsync.java:175)
	at java.base/java.util.concurrent.CompletableFuture$UniApply.tryFire(CompletableFuture.java:646)
	at java.base/java.util.concurrent.CompletableFuture.postComplete(CompletableFuture.java:510)
	at java.base/java.util.concurrent.CompletableFuture.complete(CompletableFuture.java:2179)
	at org.apache.ratis.client.impl.OrderedAsync$PendingOrderedRequest.setReply(OrderedAsync.java:105)
	at org.apache.ratis.client.impl.OrderedAsync$PendingOrderedRequest.setReply(OrderedAsync.java:66)
	at org.apache.ratis.util.SlidingWindow$RequestMap.setReply(SlidingWindow.java:147)
	at org.apache.ratis.util.SlidingWindow$Client.receiveReply(SlidingWindow.java:351)
	at org.apache.ratis.client.impl.OrderedAsync.lambda$sendRequestWithRetry$5(OrderedAsync.java:210)
	at java.base/java.util.concurrent.CompletableFuture$UniAccept.tryFire(CompletableFuture.java:718)
	at java.base/java.util.concurrent.CompletableFuture.postComplete(CompletableFuture.java:510)
	at java.base/java.util.concurrent.CompletableFuture.complete(CompletableFuture.java:2179)
	at org.apache.ratis.grpc.client.GrpcClientProtocolClient$AsyncStreamObservers$1.lambda$onNext$0(GrpcClientProtocolClient.java:325)
	at java.base/java.util.Optional.ifPresent(Optional.java:178)
	at org.apache.ratis.grpc.client.GrpcClientProtocolClient$AsyncStreamObservers.handleReplyFuture(GrpcClientProtocolClient.java:381)
	at org.apache.ratis.grpc.client.GrpcClientProtocolClient$AsyncStreamObservers.access$100(GrpcClientProtocolClient.java:303)
	at org.apache.ratis.grpc.client.GrpcClientProtocolClient$AsyncStreamObservers$1.onNext(GrpcClientProtocolClient.java:325)
	at org.apache.ratis.grpc.client.GrpcClientProtocolClient$AsyncStreamObservers$1.onNext(GrpcClientProtocolClient.java:308)
	at org.apache.ratis.thirdparty.io.grpc.stub.ClientCalls$StreamObserverToCallListenerAdapter.onMessage(ClientCalls.java:551)
	at org.apache.ratis.thirdparty.io.grpc.ForwardingClientCallListener.onMessage(ForwardingClientCallListener.java:33)
	at org.apache.ratis.thirdparty.io.grpc.internal.ClientCallImpl$ClientStreamListenerImpl$1MessagesAvailable.runInternal(ClientCallImpl.java:661)
	at org.apache.ratis.thirdparty.io.grpc.internal.ClientCallImpl$ClientStreamListenerImpl$1MessagesAvailable.runInContext(ClientCallImpl.java:648)
	at org.apache.ratis.thirdparty.io.grpc.internal.ContextRunnable.run(ContextRunnable.java:37)
	at org.apache.ratis.thirdparty.io.grpc.internal.SerializingExecutor.run(SerializingExecutor.java:133)
	at java.base/java.util.concurrent.ThreadPoolExecutor.runWorker(ThreadPoolExecutor.java:1144)
	at java.base/java.util.concurrent.ThreadPoolExecutor$Worker.run(ThreadPoolExecutor.java:642)
	at java.base/java.lang.Thread.run(Thread.java:1583)
Caused by: org.apache.ratis.protocol.exceptions.LeaderSteppingDownException: 2f036b56-942d-42f4-908f-5b0be9aff918@group-3DEBD952707A is stepping down
	at org.apache.ratis.server.impl.RaftServerImpl.checkLeaderState(RaftServerImpl.java:784)
	at org.apache.ratis.server.impl.RaftServerImpl.checkLeaderState(RaftServerImpl.java:755)
	at org.apache.ratis.server.impl.RaftServerImpl.writeAsyncImpl(RaftServerImpl.java:972)
	at org.apache.ratis.server.impl.RaftServerImpl.writeAsync(RaftServerImpl.java:960)
	at org.apache.ratis.server.impl.RaftServerImpl.replyFuture(RaftServerImpl.java:953)
	at org.apache.ratis.server.impl.RaftServerImpl.submitClientRequestAsync(RaftServerImpl.java:930)
	at org.apache.ratis.server.impl.RaftServerImpl.lambda$null$11(RaftServerImpl.java:919)
	at org.apache.ratis.util.JavaUtils.callAsUnchecked(JavaUtils.java:118)
	at org.apache.ratis.server.impl.RaftServerImpl.lambda$executeSubmitClientRequestAsync$12(RaftServerImpl.java:919)
	at java.base/java.util.concurrent.CompletableFuture$AsyncSupply.run(CompletableFuture.java:1768)
	... 3 more
2025-09-13 17:34:15,032 [grpc-default-executor-12] ERROR impl.OrderedAsync (OrderedAsync.java:lambda$send$4(181)) - Failed to send request, message=cmdType: WriteChunk
traceID: ""
containerID: 9
datanodeUuid: "3dbe4e49-25e9-43f5-94e0-3ca31f2aaaf2"
writeChunk {
  blockID {
    containerID: 9
    localID: 115816896921600011
    blockCommitSequenceId: 4
    replicaIndex: 0
  }
  chunkData {
    chunkName: "115816896921600011_chunk_3"
    offset: 2097152
    len: 1048576
    checksumData {
      type: CRC32
      bytesPerChecksum: 16384
      checksums: "\326\360U\321"
      checksums: "\326\360U\321"
      checksums: "\326\360U\321"
      checksums: "\326\360U\321"
      checksums: "\326\360U\321"
      checksums: "\326\360U\321"
      checksums: "\326\360U\321"
      checksums: "\326\360U\321"
      checksums: "\326\360U\321"
      checksums: "\326\360U\321"
      checksums: "\326\360U\321"
      checksums: "\326\360U\321"
      checksums: "\326\360U\321"
      checksums: "\326\360U\321"
      checksums: "\326\360U\321"
      checksums: "\326\360U\321"
      checksums: "\326\360U\321"
      checksums: "\326\360U\321"
      checksums: "\326\360U\321"
      checksums: "\326\360U\321"
      checksums: "\326\360U\321"
      checksums: "\326\360U\321"
      checksums: "\326\360U\321"
      checksums: "\326\360U\321"
      checksums: "\326\360U\321"
      checksums: "\326\360U\321"
      checksums: "\326\360U\321"
      checksums: "\326\360U\321"
      checksums: "\326\360U\321"
      checksums: "\326\360U\321"
      checksums: "\326\360U\321"
      checksums: "\326\360U\321"
      checksums: "\326\360U\321"
      checksums: "\326\360U\321"
      checksums: "\326\360U\321"
      checksums: "\326\360U\321"
      checksums: "\326\360U\321"
      checksums: "\326\360U\321"
      checksums: "\326\360U\321"
      checksums: "\326\360U\321"
      checksums: "\326\360U\321"
      checksums: "\326\360U\321"
      checksums: "\326\360U\321"
      checksums: "\326\360U\321"
      checksums: "\326\360U\321"
      checksums: "\326\360U\321"
      checksums: "\326\360U\321"
      checksums: "\326\360U\321"
      checksums: "\326\360U\321"
      checksums: "\326\360U\321"
      checksums: "\326\360U\321"
      checksums: "\326\360U\321"
      checksums: "\326\360U\321"
      checksums: "\326\360U\321"
      checksums: "\326\360U\321"
      checksums: "\326\360U\321"
      checksums: "\326\360U\321"
      checksums: "\326\360U\321"
      checksums: "\326\360U\321"
      checksums: "\326\360U\321"
      checksums: "\326\360U\321"
      checksums: "\326\360U\321"
      checksums: "\326\360U\321"
      checksums: "\277r/p"
    }
  }
}
version: 3
, data.size=1048576
java.util.concurrent.CompletionException: org.apache.ratis.protocol.exceptions.LeaderSteppingDownException: 2f036b56-942d-42f4-908f-5b0be9aff918@group-3DEBD952707A is stepping down
	at org.apache.ratis.client.impl.RaftClientImpl.handleRaftException(RaftClientImpl.java:373)
	at org.apache.ratis.client.impl.OrderedAsync.lambda$send$3(OrderedAsync.java:175)
	at java.base/java.util.concurrent.CompletableFuture$UniApply.tryFire(CompletableFuture.java:646)
	at java.base/java.util.concurrent.CompletableFuture.postComplete(CompletableFuture.java:510)
	at java.base/java.util.concurrent.CompletableFuture.complete(CompletableFuture.java:2179)
	at org.apache.ratis.client.impl.OrderedAsync$PendingOrderedRequest.setReply(OrderedAsync.java:105)
	at org.apache.ratis.client.impl.OrderedAsync$PendingOrderedRequest.setReply(OrderedAsync.java:66)
	at org.apache.ratis.util.SlidingWindow$RequestMap.setReply(SlidingWindow.java:147)
	at org.apache.ratis.util.SlidingWindow$Client.receiveReply(SlidingWindow.java:351)
	at org.apache.ratis.client.impl.OrderedAsync.lambda$sendRequestWithRetry$5(OrderedAsync.java:210)
	at java.base/java.util.concurrent.CompletableFuture$UniAccept.tryFire(CompletableFuture.java:718)
	at java.base/java.util.concurrent.CompletableFuture.postComplete(CompletableFuture.java:510)
	at java.base/java.util.concurrent.CompletableFuture.complete(CompletableFuture.java:2179)
	at org.apache.ratis.grpc.client.GrpcClientProtocolClient$AsyncStreamObservers$1.lambda$onNext$0(GrpcClientProtocolClient.java:325)
	at java.base/java.util.Optional.ifPresent(Optional.java:178)
	at org.apache.ratis.grpc.client.GrpcClientProtocolClient$AsyncStreamObservers.handleReplyFuture(GrpcClientProtocolClient.java:381)
	at org.apache.ratis.grpc.client.GrpcClientProtocolClient$AsyncStreamObservers.access$100(GrpcClientProtocolClient.java:303)
	at org.apache.ratis.grpc.client.GrpcClientProtocolClient$AsyncStreamObservers$1.onNext(GrpcClientProtocolClient.java:325)
	at org.apache.ratis.grpc.client.GrpcClientProtocolClient$AsyncStreamObservers$1.onNext(GrpcClientProtocolClient.java:308)
	at org.apache.ratis.thirdparty.io.grpc.stub.ClientCalls$StreamObserverToCallListenerAdapter.onMessage(ClientCalls.java:551)
	at org.apache.ratis.thirdparty.io.grpc.ForwardingClientCallListener.onMessage(ForwardingClientCallListener.java:33)
	at org.apache.ratis.thirdparty.io.grpc.internal.ClientCallImpl$ClientStreamListenerImpl$1MessagesAvailable.runInternal(ClientCallImpl.java:661)
	at org.apache.ratis.thirdparty.io.grpc.internal.ClientCallImpl$ClientStreamListenerImpl$1MessagesAvailable.runInContext(ClientCallImpl.java:648)
	at org.apache.ratis.thirdparty.io.grpc.internal.ContextRunnable.run(ContextRunnable.java:37)
	at org.apache.ratis.thirdparty.io.grpc.internal.SerializingExecutor.run(SerializingExecutor.java:133)
	at java.base/java.util.concurrent.ThreadPoolExecutor.runWorker(ThreadPoolExecutor.java:1144)
	at java.base/java.util.concurrent.ThreadPoolExecutor$Worker.run(ThreadPoolExecutor.java:642)
	at java.base/java.lang.Thread.run(Thread.java:1583)
Caused by: org.apache.ratis.protocol.exceptions.LeaderSteppingDownException: 2f036b56-942d-42f4-908f-5b0be9aff918@group-3DEBD952707A is stepping down
	at org.apache.ratis.server.impl.RaftServerImpl.checkLeaderState(RaftServerImpl.java:784)
	at org.apache.ratis.server.impl.RaftServerImpl.checkLeaderState(RaftServerImpl.java:755)
	at org.apache.ratis.server.impl.RaftServerImpl.writeAsyncImpl(RaftServerImpl.java:972)
	at org.apache.ratis.server.impl.RaftServerImpl.writeAsync(RaftServerImpl.java:960)
	at org.apache.ratis.server.impl.RaftServerImpl.replyFuture(RaftServerImpl.java:953)
	at org.apache.ratis.server.impl.RaftServerImpl.submitClientRequestAsync(RaftServerImpl.java:930)
	at org.apache.ratis.server.impl.RaftServerImpl.lambda$null$11(RaftServerImpl.java:919)
	at org.apache.ratis.util.JavaUtils.callAsUnchecked(JavaUtils.java:118)
	at org.apache.ratis.server.impl.RaftServerImpl.lambda$executeSubmitClientRequestAsync$12(RaftServerImpl.java:919)
	at java.base/java.util.concurrent.CompletableFuture$AsyncSupply.run(CompletableFuture.java:1768)
	... 3 more
2025-09-13 17:34:15,033 [grpc-default-executor-12] ERROR impl.OrderedAsync (OrderedAsync.java:lambda$send$4(181)) - Failed to send request, message=cmdType: PutBlock
traceID: ""
containerID: 9
datanodeUuid: "3dbe4e49-25e9-43f5-94e0-3ca31f2aaaf2"
putBlock {
  blockData {
    blockID {
      containerID: 9
      localID: 115816896921600011
      blockCommitSequenceId: 0
    }
    metadata {
      key: "TYPE"
      value: "KEY"
    }
    chunks {
      chunkName: "115816896921600011_chunk_1"
      offset: 0
      len: 1048576
      checksumData {
        type: CRC32
        bytesPerChecksum: 16384
        checksums: "\326\360U\321"
        checksums: "\326\360U\321"
        checksums: "\326\360U\321"
        checksums: "\326\360U\321"
        checksums: "\326\360U\321"
        checksums: "\326\360U\321"
        checksums: "\326\360U\321"
        checksums: "\326\360U\321"
        checksums: "\326\360U\321"
        checksums: "\326\360U\321"
        checksums: "\326\360U\321"
        checksums: "\326\360U\321"
        checksums: "\326\360U\321"
        checksums: "\326\360U\321"
        checksums: "\326\360U\321"
        checksums: "\326\360U\321"
        checksums: "\326\360U\321"
        checksums: "\326\360U\321"
        checksums: "\326\360U\321"
        checksums: "\326\360U\321"
        checksums: "\326\360U\321"
        checksums: "\326\360U\321"
        checksums: "\326\360U\321"
        checksums: "\326\360U\321"
        checksums: "\326\360U\321"
        checksums: "\326\360U\321"
        checksums: "\326\360U\321"
        checksums: "\326\360U\321"
        checksums: "\326\360U\321"
        checksums: "\326\360U\321"
        checksums: "\326\360U\321"
        checksums: "\326\360U\321"
        checksums: "\326\360U\321"
        checksums: "\326\360U\321"
        checksums: "\326\360U\321"
        checksums: "\326\360U\321"
        checksums: "\326\360U\321"
        checksums: "\326\360U\321"
        checksums: "\326\360U\321"
        checksums: "\326\360U\321"
        checksums: "\326\360U\321"
        checksums: "\326\360U\321"
        checksums: "\326\360U\321"
        checksums: "\326\360U\321"
        checksums: "\326\360U\321"
        checksums: "\326\360U\321"
        checksums: "\326\360U\321"
        checksums: "\326\360U\321"
        checksums: "\326\360U\321"
        checksums: "\326\360U\321"
        checksums: "\326\360U\321"
        checksums: "\326\360U\321"
        checksums: "\326\360U\321"
        checksums: "\326\360U\321"
        checksums: "\326\360U\321"
        checksums: "\326\360U\321"
        checksums: "\326\360U\321"
        checksums: "\326\360U\321"
        checksums: "\326\360U\321"
        checksums: "\326\360U\321"
        checksums: "\326\360U\321"
        checksums: "\326\360U\321"
        checksums: "\326\360U\321"
        checksums: "\277r/p"
      }
    }
    chunks {
      chunkName: "115816896921600011_chunk_2"
      offset: 1048576
      len: 1048576
      checksumData {
        type: CRC32
        bytesPerChecksum: 16384
        checksums: "\326\360U\321"
        checksums: "\326\360U\321"
        checksums: "\326\360U\321"
        checksums: "\326\360U\321"
        checksums: "\326\360U\321"
        checksums: "\326\360U\321"
        checksums: "\326\360U\321"
        checksums: "\326\360U\321"
        checksums: "\326\360U\321"
        checksums: "\326\360U\321"
        checksums: "\326\360U\321"
        checksums: "\326\360U\321"
        checksums: "\326\360U\321"
        checksums: "\326\360U\321"
        checksums: "\326\360U\321"
        checksums: "\326\360U\321"
        checksums: "\326\360U\321"
        checksums: "\326\360U\321"
        checksums: "\326\360U\321"
        checksums: "\326\360U\321"
        checksums: "\326\360U\321"
        checksums: "\326\360U\321"
        checksums: "\326\360U\321"
        checksums: "\326\360U\321"
        checksums: "\326\360U\321"
        checksums: "\326\360U\321"
        checksums: "\326\360U\321"
        checksums: "\326\360U\321"
        checksums: "\326\360U\321"
        checksums: "\326\360U\321"
        checksums: "\326\360U\321"
        checksums: "\326\360U\321"
        checksums: "\326\360U\321"
        checksums: "\326\360U\321"
        checksums: "\326\360U\321"
        checksums: "\326\360U\321"
        checksums: "\326\360U\321"
        checksums: "\326\360U\321"
        checksums: "\326\360U\321"
        checksums: "\326\360U\321"
        checksums: "\326\360U\321"
        checksums: "\326\360U\321"
        checksums: "\326\360U\321"
        checksums: "\326\360U\321"
        checksums: "\326\360U\321"
        checksums: "\326\360U\321"
        checksums: "\326\360U\321"
        checksums: "\326\360U\321"
        checksums: "\326\360U\321"
        checksums: "\326\360U\321"
        checksums: "\326\360U\321"
        checksums: "\326\360U\321"
        checksums: "\326\360U\321"
        checksums: "\326\360U\321"
        checksums: "\326\360U\321"
        checksums: "\326\360U\321"
        checksums: "\326\360U\321"
        checksums: "\326\360U\321"
        checksums: "\326\360U\321"
        checksums: "\326\360U\321"
        checksums: "\326\360U\321"
        checksums: "\326\360U\321"
        checksums: "\326\360U\321"
        checksums: "\277r/p"
      }
    }
    chunks {
      chunkName: "115816896921600011_chunk_3"
      offset: 2097152
      len: 1048576
      checksumData {
        type: CRC32
        bytesPerChecksum: 16384
        checksums: "\326\360U\321"
        checksums: "\326\360U\321"
        checksums: "\326\360U\321"
        checksums: "\326\360U\321"
        checksums: "\326\360U\321"
        checksums: "\326\360U\321"
        checksums: "\326\360U\321"
        checksums: "\326\360U\321"
        checksums: "\326\360U\321"
        checksums: "\326\360U\321"
        checksums: "\326\360U\321"
        checksums: "\326\360U\321"
        checksums: "\326\360U\321"
        checksums: "\326\360U\321"
        checksums: "\326\360U\321"
        checksums: "\326\360U\321"
        checksums: "\326\360U\321"
        checksums: "\326\360U\321"
        checksums: "\326\360U\321"
        checksums: "\326\360U\321"
        checksums: "\326\360U\321"
        checksums: "\326\360U\321"
        checksums: "\326\360U\321"
        checksums: "\326\360U\321"
        checksums: "\326\360U\321"
        checksums: "\326\360U\321"
        checksums: "\326\360U\321"
        checksums: "\326\360U\321"
        checksums: "\326\360U\321"
        checksums: "\326\360U\321"
        checksums: "\326\360U\321"
        checksums: "\326\360U\321"
        checksums: "\326\360U\321"
        checksums: "\326\360U\321"
        checksums: "\326\360U\321"
        checksums: "\326\360U\321"
        checksums: "\326\360U\321"
        checksums: "\326\360U\321"
        checksums: "\326\360U\321"
        checksums: "\326\360U\321"
        checksums: "\326\360U\321"
        checksums: "\326\360U\321"
        checksums: "\326\360U\321"
        checksums: "\326\360U\321"
        checksums: "\326\360U\321"
        checksums: "\326\360U\321"
        checksums: "\326\360U\321"
        checksums: "\326\360U\321"
        checksums: "\326\360U\321"
        checksums: "\326\360U\321"
        checksums: "\326\360U\321"
        checksums: "\326\360U\321"
        checksums: "\326\360U\321"
        checksums: "\326\360U\321"
        checksums: "\326\360U\321"
        checksums: "\326\360U\321"
        checksums: "\326\360U\321"
        checksums: "\326\360U\321"
        checksums: "\326\360U\321"
        checksums: "\326\360U\321"
        checksums: "\326\360U\321"
        checksums: "\326\360U\321"
        checksums: "\326\360U\321"
        checksums: "\277r/p"
      }
    }
  }
  eof: false
}
version: 3
, data.size=0
java.util.concurrent.CompletionException: org.apache.ratis.protocol.exceptions.LeaderSteppingDownException: 2f036b56-942d-42f4-908f-5b0be9aff918@group-3DEBD952707A is stepping down
	at org.apache.ratis.client.impl.RaftClientImpl.handleRaftException(RaftClientImpl.java:373)
	at org.apache.ratis.client.impl.OrderedAsync.lambda$send$3(OrderedAsync.java:175)
	at java.base/java.util.concurrent.CompletableFuture$UniApply.tryFire(CompletableFuture.java:646)
	at java.base/java.util.concurrent.CompletableFuture.postComplete(CompletableFuture.java:510)
	at java.base/java.util.concurrent.CompletableFuture.complete(CompletableFuture.java:2179)
	at org.apache.ratis.client.impl.OrderedAsync$PendingOrderedRequest.setReply(OrderedAsync.java:105)
	at org.apache.ratis.client.impl.OrderedAsync$PendingOrderedRequest.setReply(OrderedAsync.java:66)
	at org.apache.ratis.util.SlidingWindow$RequestMap.setReply(SlidingWindow.java:147)
	at org.apache.ratis.util.SlidingWindow$Client.receiveReply(SlidingWindow.java:351)
	at org.apache.ratis.client.impl.OrderedAsync.lambda$sendRequestWithRetry$5(OrderedAsync.java:210)
	at java.base/java.util.concurrent.CompletableFuture$UniAccept.tryFire(CompletableFuture.java:718)
	at java.base/java.util.concurrent.CompletableFuture.postComplete(CompletableFuture.java:510)
	at java.base/java.util.concurrent.CompletableFuture.complete(CompletableFuture.java:2179)
	at org.apache.ratis.grpc.client.GrpcClientProtocolClient$AsyncStreamObservers$1.lambda$onNext$0(GrpcClientProtocolClient.java:325)
	at java.base/java.util.Optional.ifPresent(Optional.java:178)
	at org.apache.ratis.grpc.client.GrpcClientProtocolClient$AsyncStreamObservers.handleReplyFuture(GrpcClientProtocolClient.java:381)
	at org.apache.ratis.grpc.client.GrpcClientProtocolClient$AsyncStreamObservers.access$100(GrpcClientProtocolClient.java:303)
	at org.apache.ratis.grpc.client.GrpcClientProtocolClient$AsyncStreamObservers$1.onNext(GrpcClientProtocolClient.java:325)
	at org.apache.ratis.grpc.client.GrpcClientProtocolClient$AsyncStreamObservers$1.onNext(GrpcClientProtocolClient.java:308)
	at org.apache.ratis.thirdparty.io.grpc.stub.ClientCalls$StreamObserverToCallListenerAdapter.onMessage(ClientCalls.java:551)
	at org.apache.ratis.thirdparty.io.grpc.ForwardingClientCallListener.onMessage(ForwardingClientCallListener.java:33)
	at org.apache.ratis.thirdparty.io.grpc.internal.ClientCallImpl$ClientStreamListenerImpl$1MessagesAvailable.runInternal(ClientCallImpl.java:661)
	at org.apache.ratis.thirdparty.io.grpc.internal.ClientCallImpl$ClientStreamListenerImpl$1MessagesAvailable.runInContext(ClientCallImpl.java:648)
	at org.apache.ratis.thirdparty.io.grpc.internal.ContextRunnable.run(ContextRunnable.java:37)
	at org.apache.ratis.thirdparty.io.grpc.internal.SerializingExecutor.run(SerializingExecutor.java:133)
	at java.base/java.util.concurrent.ThreadPoolExecutor.runWorker(ThreadPoolExecutor.java:1144)
	at java.base/java.util.concurrent.ThreadPoolExecutor$Worker.run(ThreadPoolExecutor.java:642)
	at java.base/java.lang.Thread.run(Thread.java:1583)
Caused by: org.apache.ratis.protocol.exceptions.LeaderSteppingDownException: 2f036b56-942d-42f4-908f-5b0be9aff918@group-3DEBD952707A is stepping down
	at org.apache.ratis.server.impl.RaftServerImpl.checkLeaderState(RaftServerImpl.java:784)
	at org.apache.ratis.server.impl.RaftServerImpl.checkLeaderState(RaftServerImpl.java:755)
	at org.apache.ratis.server.impl.RaftServerImpl.writeAsyncImpl(RaftServerImpl.java:972)
	at org.apache.ratis.server.impl.RaftServerImpl.writeAsync(RaftServerImpl.java:960)
	at org.apache.ratis.server.impl.RaftServerImpl.replyFuture(RaftServerImpl.java:953)
	at org.apache.ratis.server.impl.RaftServerImpl.submitClientRequestAsync(RaftServerImpl.java:930)
	at org.apache.ratis.server.impl.RaftServerImpl.lambda$null$11(RaftServerImpl.java:919)
	at org.apache.ratis.util.JavaUtils.callAsUnchecked(JavaUtils.java:118)
	at org.apache.ratis.server.impl.RaftServerImpl.lambda$executeSubmitClientRequestAsync$12(RaftServerImpl.java:919)
	at java.base/java.util.concurrent.CompletableFuture$AsyncSupply.run(CompletableFuture.java:1768)
	... 3 more
2025-09-13 17:34:15,034 [ForkJoinPool-1-worker-1] WARN  io.KeyOutputStream (KeyOutputStream.java:handleExceptionInternal(377)) - Encountered exception java.io.IOException: Unexpected Storage Container Exception: java.util.concurrent.CompletionException: Failed to write chunk 115816896921600011_chunk_2 into block conID: 9 locID: 115816896921600011 bcsId: 4 replicaIndex: null on the pipeline Pipeline{ Id: 0ca82692-2fba-4cdd-8f6b-3debd952707a, Nodes: [ {3dbe4e49-25e9-43f5-94e0-3ca31f2aaaf2(localhost/127.0.0.1), ReplicaIndex: 0}, {9b620cf5-1dd4-4083-97bd-ff44c8fea23e(localhost/127.0.0.1), ReplicaIndex: 0}, {2f036b56-942d-42f4-908f-5b0be9aff918(localhost/127.0.0.1), ReplicaIndex: 0},], ReplicationConfig: RATIS/THREE, State:OPEN, leaderId:2f036b56-942d-42f4-908f-5b0be9aff918, CreationTimestamp2025-09-13T17:31:21.930Z[Etc/UTC]}. The last committed block length is 1048576, uncommitted data length is 2097152 retry count 0
2025-09-13 17:34:15,048 [grpc-default-executor-10] WARN  server.GrpcLogAppender (LogUtils.java:warn(127)) - 9b620cf5-1dd4-4083-97bd-ff44c8fea23e@group-A8D25C85FDCF->3dbe4e49-25e9-43f5-94e0-3ca31f2aaaf2-AppendLogResponseHandler: Failed appendEntries: org.apache.ratis.thirdparty.io.grpc.StatusRuntimeException: UNAVAILABLE: io exception
  Caused by: org.apache.ratis.thirdparty.io.netty.channel.AbstractChannel$AnnotatedConnectException: finishConnect(..) failed: Connection refused: /127.0.0.1:15063
  Caused by: java.net.ConnectException: finishConnect(..) failed: Connection refused
2025-09-13 17:34:15,048 [grpc-default-executor-10] WARN  server.GrpcLogAppender (GrpcLogAppender.java:lambda$resetClient$1(228)) - 9b620cf5-1dd4-4083-97bd-ff44c8fea23e@group-A8D25C85FDCF->3dbe4e49-25e9-43f5-94e0-3ca31f2aaaf2-GrpcLogAppender: Follower failed (request=null, errorCount=33); keep nextIndex (27) unchanged and retry.
2025-09-13 17:34:15,052 [grpc-default-executor-9] WARN  server.GrpcLogAppender (GrpcLogAppender.java:lambda$resetClient$1(228)) - 9b620cf5-1dd4-4083-97bd-ff44c8fea23e@group-A8D25C85FDCF->3dbe4e49-25e9-43f5-94e0-3ca31f2aaaf2-GrpcLogAppender: Follower failed (request=null, errorCount=35); keep nextIndex (30) unchanged and retry.
2025-09-13 17:34:15,055 [grpc-default-executor-10] WARN  server.GrpcLogAppender (GrpcLogAppender.java:lambda$resetClient$1(228)) - 9b620cf5-1dd4-4083-97bd-ff44c8fea23e@group-A8D25C85FDCF->3dbe4e49-25e9-43f5-94e0-3ca31f2aaaf2-GrpcLogAppender: Follower failed (request=null, errorCount=37); keep nextIndex (31) unchanged and retry.
2025-09-13 17:34:15,126 [timer5] WARN  server.GrpcLogAppender (GrpcLogAppender.java:lambda$resetClient$1(228)) - 2f036b56-942d-42f4-908f-5b0be9aff918@group-3DEBD952707A->3dbe4e49-25e9-43f5-94e0-3ca31f2aaaf2-GrpcLogAppender: Follower failed (request=null, errorCount=18); keep nextIndex (6) unchanged and retry. (Repeated 2 times in the last 5.002s)
2025-09-13 17:34:15,126 [timer6] WARN  server.GrpcLogAppender (GrpcLogAppender.java:lambda$resetClient$1(228)) - 2f036b56-942d-42f4-908f-5b0be9aff918@group-3DEBD952707A->3dbe4e49-25e9-43f5-94e0-3ca31f2aaaf2-GrpcLogAppender: Follower failed (request=null, errorCount=14); keep nextIndex (7) unchanged and retry. (Repeated 18 times in the last 5.000s)
2025-09-13 17:34:15,599 [2f036b56-942d-42f4-908f-5b0be9aff918@group-3DEBD952707A-LeaderStateImpl] INFO  impl.TransferLeadership (TransferLeadership.java:tryTransferLeadership(258)) - 2f036b56-942d-42f4-908f-5b0be9aff918@group-3DEBD952707A: start transferring leadership to 3dbe4e49-25e9-43f5-94e0-3ca31f2aaaf2
2025-09-13 17:34:15,599 [2f036b56-942d-42f4-908f-5b0be9aff918@group-3DEBD952707A-LeaderStateImpl] INFO  impl.TransferLeadership (TransferLeadership.java:sendStartLeaderElection(210)) - 2f036b56-942d-42f4-908f-5b0be9aff918@group-3DEBD952707A: sendStartLeaderElection to follower 3dbe4e49-25e9-43f5-94e0-3ca31f2aaaf2, lastEntry=(t:2, i:6)
2025-09-13 17:34:15,599 [2f036b56-942d-42f4-908f-5b0be9aff918@group-3DEBD952707A-LeaderStateImpl] INFO  impl.TransferLeadership (TransferLeadership.java:tryTransferLeadership(266)) - 2f036b56-942d-42f4-908f-5b0be9aff918@group-3DEBD952707A: SUCCESS sent StartLeaderElection to transferee 3dbe4e49-25e9-43f5-94e0-3ca31f2aaaf2 immediately as it already has up-to-date log
2025-09-13 17:34:15,599 [2f036b56-942d-42f4-908f-5b0be9aff918-server-thread1] WARN  impl.TransferLeadership (TransferLeadership.java:lambda$sendStartLeaderElection$2(227)) - 2f036b56-942d-42f4-908f-5b0be9aff918@group-3DEBD952707A: Failed to startLeaderElection for 3dbe4e49-25e9-43f5-94e0-3ca31f2aaaf2
java.util.concurrent.CompletionException: org.apache.ratis.thirdparty.io.grpc.StatusRuntimeException: UNAVAILABLE: io exception
	at java.base/java.util.concurrent.CompletableFuture.encodeThrowable(CompletableFuture.java:315)
	at java.base/java.util.concurrent.CompletableFuture.completeThrowable(CompletableFuture.java:320)
	at java.base/java.util.concurrent.CompletableFuture$AsyncSupply.run(CompletableFuture.java:1770)
	at java.base/java.util.concurrent.ThreadPoolExecutor.runWorker(ThreadPoolExecutor.java:1144)
	at java.base/java.util.concurrent.ThreadPoolExecutor$Worker.run(ThreadPoolExecutor.java:642)
	at java.base/java.lang.Thread.run(Thread.java:1583)
Caused by: org.apache.ratis.thirdparty.io.grpc.StatusRuntimeException: UNAVAILABLE: io exception
	at org.apache.ratis.thirdparty.io.grpc.stub.ClientCalls.toStatusRuntimeException(ClientCalls.java:351)
	at org.apache.ratis.thirdparty.io.grpc.stub.ClientCalls.getUnchecked(ClientCalls.java:332)
	at org.apache.ratis.thirdparty.io.grpc.stub.ClientCalls.blockingUnaryCall(ClientCalls.java:174)
	at org.apache.ratis.proto.grpc.RaftServerProtocolServiceGrpc$RaftServerProtocolServiceBlockingStub.startLeaderElection(RaftServerProtocolServiceGrpc.java:422)
	at org.apache.ratis.grpc.server.GrpcServerProtocolClient.startLeaderElection(GrpcServerProtocolClient.java:123)
	at org.apache.ratis.grpc.server.GrpcServicesImpl.startLeaderElection(GrpcServicesImpl.java:423)
	at org.apache.ratis.server.impl.TransferLeadership.lambda$sendStartLeaderElection$1(TransferLeadership.java:218)
	at java.base/java.util.concurrent.CompletableFuture$AsyncSupply.run(CompletableFuture.java:1768)
	... 3 more
Caused by: org.apache.ratis.thirdparty.io.netty.channel.AbstractChannel$AnnotatedConnectException: finishConnect(..) failed: Connection refused: /127.0.0.1:15063
Caused by: java.net.ConnectException: finishConnect(..) failed: Connection refused
	at org.apache.ratis.thirdparty.io.netty.channel.unix.Errors.newConnectException0(Errors.java:166)
	at org.apache.ratis.thirdparty.io.netty.channel.unix.Errors.handleConnectErrno(Errors.java:131)
	at org.apache.ratis.thirdparty.io.netty.channel.unix.Socket.finishConnect(Socket.java:359)
	at org.apache.ratis.thirdparty.io.netty.channel.epoll.AbstractEpollChannel$AbstractEpollUnsafe.doFinishConnect(AbstractEpollChannel.java:715)
	at org.apache.ratis.thirdparty.io.netty.channel.epoll.AbstractEpollChannel$AbstractEpollUnsafe.finishConnect(AbstractEpollChannel.java:692)
	at org.apache.ratis.thirdparty.io.netty.channel.epoll.AbstractEpollChannel$AbstractEpollUnsafe.epollOutReady(AbstractEpollChannel.java:567)
	at org.apache.ratis.thirdparty.io.netty.channel.epoll.EpollEventLoop.processReady(EpollEventLoop.java:491)
	at org.apache.ratis.thirdparty.io.netty.channel.epoll.EpollEventLoop.run(EpollEventLoop.java:399)
	at org.apache.ratis.thirdparty.io.netty.util.concurrent.SingleThreadEventExecutor$4.run(SingleThreadEventExecutor.java:998)
	at org.apache.ratis.thirdparty.io.netty.util.internal.ThreadExecutorMap$2.run(ThreadExecutorMap.java:74)
	at org.apache.ratis.thirdparty.io.netty.util.concurrent.FastThreadLocalRunnable.run(FastThreadLocalRunnable.java:30)
	at java.base/java.lang.Thread.run(Thread.java:1583)
2025-09-13 17:34:16,020 [grpc-default-executor-10] WARN  server.GrpcLogAppender (GrpcLogAppender.java:lambda$resetClient$1(228)) - 2f036b56-942d-42f4-908f-5b0be9aff918@group-3DEBD952707A->3dbe4e49-25e9-43f5-94e0-3ca31f2aaaf2-GrpcLogAppender: Follower failed (request=null, errorCount=15); keep nextIndex (7) unchanged and retry.
2025-09-13 17:34:16,799 [2f036b56-942d-42f4-908f-5b0be9aff918@group-3DEBD952707A-LeaderStateImpl] INFO  impl.TransferLeadership (TransferLeadership.java:tryTransferLeadership(258)) - 2f036b56-942d-42f4-908f-5b0be9aff918@group-3DEBD952707A: start transferring leadership to 3dbe4e49-25e9-43f5-94e0-3ca31f2aaaf2
2025-09-13 17:34:16,799 [2f036b56-942d-42f4-908f-5b0be9aff918@group-3DEBD952707A-LeaderStateImpl] INFO  impl.TransferLeadership (TransferLeadership.java:sendStartLeaderElection(210)) - 2f036b56-942d-42f4-908f-5b0be9aff918@group-3DEBD952707A: sendStartLeaderElection to follower 3dbe4e49-25e9-43f5-94e0-3ca31f2aaaf2, lastEntry=(t:2, i:6)
2025-09-13 17:34:16,799 [2f036b56-942d-42f4-908f-5b0be9aff918@group-3DEBD952707A-LeaderStateImpl] INFO  impl.TransferLeadership (TransferLeadership.java:tryTransferLeadership(266)) - 2f036b56-942d-42f4-908f-5b0be9aff918@group-3DEBD952707A: SUCCESS sent StartLeaderElection to transferee 3dbe4e49-25e9-43f5-94e0-3ca31f2aaaf2 immediately as it already has up-to-date log
2025-09-13 17:34:16,799 [2f036b56-942d-42f4-908f-5b0be9aff918-server-thread1] WARN  impl.TransferLeadership (TransferLeadership.java:lambda$sendStartLeaderElection$2(227)) - 2f036b56-942d-42f4-908f-5b0be9aff918@group-3DEBD952707A: Failed to startLeaderElection for 3dbe4e49-25e9-43f5-94e0-3ca31f2aaaf2
java.util.concurrent.CompletionException: org.apache.ratis.thirdparty.io.grpc.StatusRuntimeException: UNAVAILABLE: io exception
	at java.base/java.util.concurrent.CompletableFuture.encodeThrowable(CompletableFuture.java:315)
	at java.base/java.util.concurrent.CompletableFuture.completeThrowable(CompletableFuture.java:320)
	at java.base/java.util.concurrent.CompletableFuture$AsyncSupply.run(CompletableFuture.java:1770)
	at java.base/java.util.concurrent.ThreadPoolExecutor.runWorker(ThreadPoolExecutor.java:1144)
	at java.base/java.util.concurrent.ThreadPoolExecutor$Worker.run(ThreadPoolExecutor.java:642)
	at java.base/java.lang.Thread.run(Thread.java:1583)
Caused by: org.apache.ratis.thirdparty.io.grpc.StatusRuntimeException: UNAVAILABLE: io exception
	at org.apache.ratis.thirdparty.io.grpc.stub.ClientCalls.toStatusRuntimeException(ClientCalls.java:351)
	at org.apache.ratis.thirdparty.io.grpc.stub.ClientCalls.getUnchecked(ClientCalls.java:332)
	at org.apache.ratis.thirdparty.io.grpc.stub.ClientCalls.blockingUnaryCall(ClientCalls.java:174)
	at org.apache.ratis.proto.grpc.RaftServerProtocolServiceGrpc$RaftServerProtocolServiceBlockingStub.startLeaderElection(RaftServerProtocolServiceGrpc.java:422)
	at org.apache.ratis.grpc.server.GrpcServerProtocolClient.startLeaderElection(GrpcServerProtocolClient.java:123)
	at org.apache.ratis.grpc.server.GrpcServicesImpl.startLeaderElection(GrpcServicesImpl.java:423)
	at org.apache.ratis.server.impl.TransferLeadership.lambda$sendStartLeaderElection$1(TransferLeadership.java:218)
	at java.base/java.util.concurrent.CompletableFuture$AsyncSupply.run(CompletableFuture.java:1768)
	... 3 more
Caused by: org.apache.ratis.thirdparty.io.netty.channel.AbstractChannel$AnnotatedConnectException: finishConnect(..) failed: Connection refused: /127.0.0.1:15063
Caused by: java.net.ConnectException: finishConnect(..) failed: Connection refused
	at org.apache.ratis.thirdparty.io.netty.channel.unix.Errors.newConnectException0(Errors.java:166)
	at org.apache.ratis.thirdparty.io.netty.channel.unix.Errors.handleConnectErrno(Errors.java:131)
	at org.apache.ratis.thirdparty.io.netty.channel.unix.Socket.finishConnect(Socket.java:359)
	at org.apache.ratis.thirdparty.io.netty.channel.epoll.AbstractEpollChannel$AbstractEpollUnsafe.doFinishConnect(AbstractEpollChannel.java:715)
	at org.apache.ratis.thirdparty.io.netty.channel.epoll.AbstractEpollChannel$AbstractEpollUnsafe.finishConnect(AbstractEpollChannel.java:692)
	at org.apache.ratis.thirdparty.io.netty.channel.epoll.AbstractEpollChannel$AbstractEpollUnsafe.epollOutReady(AbstractEpollChannel.java:567)
	at org.apache.ratis.thirdparty.io.netty.channel.epoll.EpollEventLoop.processReady(EpollEventLoop.java:491)
	at org.apache.ratis.thirdparty.io.netty.channel.epoll.EpollEventLoop.run(EpollEventLoop.java:399)
	at org.apache.ratis.thirdparty.io.netty.util.concurrent.SingleThreadEventExecutor$4.run(SingleThreadEventExecutor.java:998)
	at org.apache.ratis.thirdparty.io.netty.util.internal.ThreadExecutorMap$2.run(ThreadExecutorMap.java:74)
	at org.apache.ratis.thirdparty.io.netty.util.concurrent.FastThreadLocalRunnable.run(FastThreadLocalRunnable.java:30)
	at java.base/java.lang.Thread.run(Thread.java:1583)
2025-09-13 17:34:17,999 [2f036b56-942d-42f4-908f-5b0be9aff918@group-3DEBD952707A-LeaderStateImpl] INFO  impl.TransferLeadership (TransferLeadership.java:tryTransferLeadership(258)) - 2f036b56-942d-42f4-908f-5b0be9aff918@group-3DEBD952707A: start transferring leadership to 3dbe4e49-25e9-43f5-94e0-3ca31f2aaaf2
2025-09-13 17:34:18,000 [2f036b56-942d-42f4-908f-5b0be9aff918@group-3DEBD952707A-LeaderStateImpl] INFO  impl.TransferLeadership (TransferLeadership.java:sendStartLeaderElection(210)) - 2f036b56-942d-42f4-908f-5b0be9aff918@group-3DEBD952707A: sendStartLeaderElection to follower 3dbe4e49-25e9-43f5-94e0-3ca31f2aaaf2, lastEntry=(t:2, i:6)
2025-09-13 17:34:18,000 [2f036b56-942d-42f4-908f-5b0be9aff918@group-3DEBD952707A-LeaderStateImpl] INFO  impl.TransferLeadership (TransferLeadership.java:tryTransferLeadership(266)) - 2f036b56-942d-42f4-908f-5b0be9aff918@group-3DEBD952707A: SUCCESS sent StartLeaderElection to transferee 3dbe4e49-25e9-43f5-94e0-3ca31f2aaaf2 immediately as it already has up-to-date log
2025-09-13 17:34:18,000 [2f036b56-942d-42f4-908f-5b0be9aff918-server-thread1] WARN  impl.TransferLeadership (TransferLeadership.java:lambda$sendStartLeaderElection$2(227)) - 2f036b56-942d-42f4-908f-5b0be9aff918@group-3DEBD952707A: Failed to startLeaderElection for 3dbe4e49-25e9-43f5-94e0-3ca31f2aaaf2
java.util.concurrent.CompletionException: org.apache.ratis.thirdparty.io.grpc.StatusRuntimeException: UNAVAILABLE: io exception
	at java.base/java.util.concurrent.CompletableFuture.encodeThrowable(CompletableFuture.java:315)
	at java.base/java.util.concurrent.CompletableFuture.completeThrowable(CompletableFuture.java:320)
	at java.base/java.util.concurrent.CompletableFuture$AsyncSupply.run(CompletableFuture.java:1770)
	at java.base/java.util.concurrent.ThreadPoolExecutor.runWorker(ThreadPoolExecutor.java:1144)
	at java.base/java.util.concurrent.ThreadPoolExecutor$Worker.run(ThreadPoolExecutor.java:642)
	at java.base/java.lang.Thread.run(Thread.java:1583)
Caused by: org.apache.ratis.thirdparty.io.grpc.StatusRuntimeException: UNAVAILABLE: io exception
	at org.apache.ratis.thirdparty.io.grpc.stub.ClientCalls.toStatusRuntimeException(ClientCalls.java:351)
	at org.apache.ratis.thirdparty.io.grpc.stub.ClientCalls.getUnchecked(ClientCalls.java:332)
	at org.apache.ratis.thirdparty.io.grpc.stub.ClientCalls.blockingUnaryCall(ClientCalls.java:174)
	at org.apache.ratis.proto.grpc.RaftServerProtocolServiceGrpc$RaftServerProtocolServiceBlockingStub.startLeaderElection(RaftServerProtocolServiceGrpc.java:422)
	at org.apache.ratis.grpc.server.GrpcServerProtocolClient.startLeaderElection(GrpcServerProtocolClient.java:123)
	at org.apache.ratis.grpc.server.GrpcServicesImpl.startLeaderElection(GrpcServicesImpl.java:423)
	at org.apache.ratis.server.impl.TransferLeadership.lambda$sendStartLeaderElection$1(TransferLeadership.java:218)
	at java.base/java.util.concurrent.CompletableFuture$AsyncSupply.run(CompletableFuture.java:1768)
	... 3 more
Caused by: org.apache.ratis.thirdparty.io.netty.channel.AbstractChannel$AnnotatedConnectException: finishConnect(..) failed: Connection refused: /127.0.0.1:15063
Caused by: java.net.ConnectException: finishConnect(..) failed: Connection refused
	at org.apache.ratis.thirdparty.io.netty.channel.unix.Errors.newConnectException0(Errors.java:166)
	at org.apache.ratis.thirdparty.io.netty.channel.unix.Errors.handleConnectErrno(Errors.java:131)
	at org.apache.ratis.thirdparty.io.netty.channel.unix.Socket.finishConnect(Socket.java:359)
	at org.apache.ratis.thirdparty.io.netty.channel.epoll.AbstractEpollChannel$AbstractEpollUnsafe.doFinishConnect(AbstractEpollChannel.java:715)
	at org.apache.ratis.thirdparty.io.netty.channel.epoll.AbstractEpollChannel$AbstractEpollUnsafe.finishConnect(AbstractEpollChannel.java:692)
	at org.apache.ratis.thirdparty.io.netty.channel.epoll.AbstractEpollChannel$AbstractEpollUnsafe.epollOutReady(AbstractEpollChannel.java:567)
	at org.apache.ratis.thirdparty.io.netty.channel.epoll.EpollEventLoop.processReady(EpollEventLoop.java:491)
	at org.apache.ratis.thirdparty.io.netty.channel.epoll.EpollEventLoop.run(EpollEventLoop.java:399)
	at org.apache.ratis.thirdparty.io.netty.util.concurrent.SingleThreadEventExecutor$4.run(SingleThreadEventExecutor.java:998)
	at org.apache.ratis.thirdparty.io.netty.util.internal.ThreadExecutorMap$2.run(ThreadExecutorMap.java:74)
	at org.apache.ratis.thirdparty.io.netty.util.concurrent.FastThreadLocalRunnable.run(FastThreadLocalRunnable.java:30)
	at java.base/java.lang.Thread.run(Thread.java:1583)
2025-09-13 17:34:18,056 [ForkJoinPool.commonPool-worker-4] WARN  scm.XceiverClientRatis (XceiverClientRatis.java:lambda$watchForCommit$6(313)) - ALL_COMMITTED way commit failed on pipeline Pipeline{ Id: 04878825-8370-49d4-b879-a8d25c85fdcf, Nodes: [ {3dbe4e49-25e9-43f5-94e0-3ca31f2aaaf2(localhost/127.0.0.1), ReplicaIndex: 0}, {9b620cf5-1dd4-4083-97bd-ff44c8fea23e(localhost/127.0.0.1), ReplicaIndex: 0}, {2f036b56-942d-42f4-908f-5b0be9aff918(localhost/127.0.0.1), ReplicaIndex: 0},], ReplicationConfig: RATIS/THREE, State:OPEN, leaderId:9b620cf5-1dd4-4083-97bd-ff44c8fea23e, CreationTimestamp2025-09-13T17:31:21.934Z[Etc/UTC]}
java.util.concurrent.CompletionException: org.apache.ratis.protocol.exceptions.TimeoutIOException: client-25EC832CAACC->9b620cf5-1dd4-4083-97bd-ff44c8fea23e request #92 timeout 3000ms
	at java.base/java.util.concurrent.CompletableFuture.encodeThrowable(CompletableFuture.java:332)
	at java.base/java.util.concurrent.CompletableFuture.completeThrowable(CompletableFuture.java:347)
	at java.base/java.util.concurrent.CompletableFuture$UniApply.tryFire(CompletableFuture.java:636)
	at java.base/java.util.concurrent.CompletableFuture.postComplete(CompletableFuture.java:510)
	at java.base/java.util.concurrent.CompletableFuture.completeExceptionally(CompletableFuture.java:2194)
	at org.apache.ratis.client.impl.UnorderedAsync.lambda$sendRequestWithRetry$4(UnorderedAsync.java:102)
	at java.base/java.util.concurrent.CompletableFuture.uniWhenComplete(CompletableFuture.java:863)
	at java.base/java.util.concurrent.CompletableFuture$UniWhenComplete.tryFire(CompletableFuture.java:841)
	at java.base/java.util.concurrent.CompletableFuture$Completion.exec(CompletableFuture.java:483)
	at java.base/java.util.concurrent.ForkJoinTask.doExec(ForkJoinTask.java:387)
	at java.base/java.util.concurrent.ForkJoinPool$WorkQueue.topLevelExec(ForkJoinPool.java:1312)
	at java.base/java.util.concurrent.ForkJoinPool.scan(ForkJoinPool.java:1843)
	at java.base/java.util.concurrent.ForkJoinPool.runWorker(ForkJoinPool.java:1808)
	at java.base/java.util.concurrent.ForkJoinWorkerThread.run(ForkJoinWorkerThread.java:188)
Caused by: org.apache.ratis.protocol.exceptions.TimeoutIOException: client-25EC832CAACC->9b620cf5-1dd4-4083-97bd-ff44c8fea23e request #92 timeout 3000ms
	at org.apache.ratis.grpc.client.GrpcClientProtocolClient$AsyncStreamObservers.lambda$timeoutCheck$5(GrpcClientProtocolClient.java:377)
	at java.base/java.util.Optional.ifPresent(Optional.java:178)
	at org.apache.ratis.grpc.client.GrpcClientProtocolClient$AsyncStreamObservers.handleReplyFuture(GrpcClientProtocolClient.java:381)
	at org.apache.ratis.grpc.client.GrpcClientProtocolClient$AsyncStreamObservers.timeoutCheck(GrpcClientProtocolClient.java:376)
	at org.apache.ratis.grpc.client.GrpcClientProtocolClient$AsyncStreamObservers.lambda$onNext$1(GrpcClientProtocolClient.java:365)
	at org.apache.ratis.util.TimeoutTimer.lambda$onTimeout$2(TimeoutTimer.java:101)
	at org.apache.ratis.util.LogUtils.runAndLog(LogUtils.java:38)
	at org.apache.ratis.util.LogUtils$1.run(LogUtils.java:78)
	at org.apache.ratis.util.TimeoutTimer$Task.run(TimeoutTimer.java:55)
	at java.base/java.util.TimerThread.mainLoop(Timer.java:566)
	at java.base/java.util.TimerThread.run(Timer.java:516)
2025-09-13 17:34:18,059 [ForkJoinPool.commonPool-worker-4] INFO  scm.XceiverClientRatis (XceiverClientRatis.java:lambda$handleFailedAllCommit$8(348)) - Could not commit index 28 on pipeline Pipeline{ Id: 04878825-8370-49d4-b879-a8d25c85fdcf, Nodes: [ {3dbe4e49-25e9-43f5-94e0-3ca31f2aaaf2(localhost/127.0.0.1), ReplicaIndex: 0}, {9b620cf5-1dd4-4083-97bd-ff44c8fea23e(localhost/127.0.0.1), ReplicaIndex: 0}, {2f036b56-942d-42f4-908f-5b0be9aff918(localhost/127.0.0.1), ReplicaIndex: 0},], ReplicationConfig: RATIS/THREE, State:OPEN, leaderId:9b620cf5-1dd4-4083-97bd-ff44c8fea23e, CreationTimestamp2025-09-13T17:31:21.934Z[Etc/UTC]} to all the nodes. Server 3dbe4e49-25e9-43f5-94e0-3ca31f2aaaf2 has failed. Committed by majority.
2025-09-13 17:34:18,059 [ForkJoinPool.commonPool-worker-4] WARN  storage.BlockOutputStream (BlockOutputStream.java:checkReply(557)) - Failed to commit BlockId conID: 7 locID: 115816896921600012 bcsId: 28 replicaIndex: null on Pipeline{ Id: 04878825-8370-49d4-b879-a8d25c85fdcf, Nodes: [ {3dbe4e49-25e9-43f5-94e0-3ca31f2aaaf2(localhost/127.0.0.1), ReplicaIndex: 0}, {9b620cf5-1dd4-4083-97bd-ff44c8fea23e(localhost/127.0.0.1), ReplicaIndex: 0}, {2f036b56-942d-42f4-908f-5b0be9aff918(localhost/127.0.0.1), ReplicaIndex: 0},], ReplicationConfig: RATIS/THREE, State:OPEN, leaderId:9b620cf5-1dd4-4083-97bd-ff44c8fea23e, CreationTimestamp2025-09-13T17:31:21.934Z[Etc/UTC]}. Failed nodes: [3dbe4e49-25e9-43f5-94e0-3ca31f2aaaf2(null/null)]
2025-09-13 17:34:18,070 [grpc-default-executor-9] WARN  server.GrpcLogAppender (GrpcLogAppender.java:lambda$resetClient$1(228)) - 9b620cf5-1dd4-4083-97bd-ff44c8fea23e@group-A8D25C85FDCF->3dbe4e49-25e9-43f5-94e0-3ca31f2aaaf2-GrpcLogAppender: Follower failed (request=null, errorCount=43); keep nextIndex (35) unchanged and retry.
2025-09-13 17:34:18,185 [null-request--thread2] INFO  server.GrpcClientProtocolService (GrpcClientProtocolService.java:lambda$processClientRequest$0(284)) - Failed RaftClientRequest:client-25EC832CAACC->9b620cf5-1dd4-4083-97bd-ff44c8fea23e@group-A8D25C85FDCF, cid=92, seq=null, Watch-ALL_COMMITTED(28), Message:<EMPTY>, reply=RaftClientReply:client-25EC832CAACC->9b620cf5-1dd4-4083-97bd-ff44c8fea23e@group-A8D25C85FDCF, cid=92, FAILED org.apache.ratis.protocol.exceptions.NotReplicatedException: Request with call Id 92 and log index 28 is not yet replicated to ALL_COMMITTED, logIndex=28, commits[9b620cf5-1dd4-4083-97bd-ff44c8fea23e:c34, 3dbe4e49-25e9-43f5-94e0-3ca31f2aaaf2:c14, 2f036b56-942d-42f4-908f-5b0be9aff918:c32]
2025-09-13 17:34:18,201 [om1-KeyDeletingService#4] INFO  service.KeyDeletingService (KeyDeletingService.java:processKeyDeletes(148)) - Send 1 key(s) to SCM, first 1 keys: [BlockGroup[groupID='/datanodefailurehandlingtest/datanodefailurehandlingtest/c5646085-afef-4c06-9aa4-e71c23e5b8a3/-9223372036854772480', blockIDs=[conID: 3 locID: 115816896921600006 bcsId: 0 replicaIndex: null]]]
2025-09-13 17:34:18,203 [om1-KeyDeletingService#4] INFO  service.KeyDeletingService (KeyDeletingService.java:processKeyDeletes(153)) - 1 BlockGroup deletion are acked by SCM in 3 ms
2025-09-13 17:34:18,205 [om1-KeyDeletingService#4] INFO  service.KeyDeletingService (KeyDeletingService.java:processKeyDeletes(161)) - Blocks for 1 (out of 1) keys are deleted from DB in 1 ms. Limit per task is 50000.
2025-09-13 17:34:18,254 [timer5] WARN  server.GrpcLogAppender (LogUtils.java:warn(127)) - 2f036b56-942d-42f4-908f-5b0be9aff918@group-3DEBD952707A->3dbe4e49-25e9-43f5-94e0-3ca31f2aaaf2-AppendLogResponseHandler: Failed appendEntries (Repeated 12 times in the last 5.001s): org.apache.ratis.thirdparty.io.grpc.StatusRuntimeException: UNAVAILABLE: io exception
  Caused by: org.apache.ratis.thirdparty.io.netty.channel.AbstractChannel$AnnotatedConnectException: finishConnect(..) failed: Connection refused: /127.0.0.1:15063
  Caused by: java.net.ConnectException: finishConnect(..) failed: Connection refused
2025-09-13 17:34:19,200 [2f036b56-942d-42f4-908f-5b0be9aff918@group-3DEBD952707A-LeaderStateImpl] INFO  impl.TransferLeadership (TransferLeadership.java:tryTransferLeadership(258)) - 2f036b56-942d-42f4-908f-5b0be9aff918@group-3DEBD952707A: start transferring leadership to 3dbe4e49-25e9-43f5-94e0-3ca31f2aaaf2
2025-09-13 17:34:19,200 [2f036b56-942d-42f4-908f-5b0be9aff918@group-3DEBD952707A-LeaderStateImpl] INFO  impl.TransferLeadership (TransferLeadership.java:sendStartLeaderElection(210)) - 2f036b56-942d-42f4-908f-5b0be9aff918@group-3DEBD952707A: sendStartLeaderElection to follower 3dbe4e49-25e9-43f5-94e0-3ca31f2aaaf2, lastEntry=(t:2, i:6)
2025-09-13 17:34:19,200 [2f036b56-942d-42f4-908f-5b0be9aff918@group-3DEBD952707A-LeaderStateImpl] INFO  impl.TransferLeadership (TransferLeadership.java:tryTransferLeadership(266)) - 2f036b56-942d-42f4-908f-5b0be9aff918@group-3DEBD952707A: SUCCESS sent StartLeaderElection to transferee 3dbe4e49-25e9-43f5-94e0-3ca31f2aaaf2 immediately as it already has up-to-date log
2025-09-13 17:34:19,201 [2f036b56-942d-42f4-908f-5b0be9aff918-server-thread1] WARN  impl.TransferLeadership (TransferLeadership.java:lambda$sendStartLeaderElection$2(227)) - 2f036b56-942d-42f4-908f-5b0be9aff918@group-3DEBD952707A: Failed to startLeaderElection for 3dbe4e49-25e9-43f5-94e0-3ca31f2aaaf2
java.util.concurrent.CompletionException: org.apache.ratis.thirdparty.io.grpc.StatusRuntimeException: UNAVAILABLE: io exception
	at java.base/java.util.concurrent.CompletableFuture.encodeThrowable(CompletableFuture.java:315)
	at java.base/java.util.concurrent.CompletableFuture.completeThrowable(CompletableFuture.java:320)
	at java.base/java.util.concurrent.CompletableFuture$AsyncSupply.run(CompletableFuture.java:1770)
	at java.base/java.util.concurrent.ThreadPoolExecutor.runWorker(ThreadPoolExecutor.java:1144)
	at java.base/java.util.concurrent.ThreadPoolExecutor$Worker.run(ThreadPoolExecutor.java:642)
	at java.base/java.lang.Thread.run(Thread.java:1583)
Caused by: org.apache.ratis.thirdparty.io.grpc.StatusRuntimeException: UNAVAILABLE: io exception
	at org.apache.ratis.thirdparty.io.grpc.stub.ClientCalls.toStatusRuntimeException(ClientCalls.java:351)
	at org.apache.ratis.thirdparty.io.grpc.stub.ClientCalls.getUnchecked(ClientCalls.java:332)
	at org.apache.ratis.thirdparty.io.grpc.stub.ClientCalls.blockingUnaryCall(ClientCalls.java:174)
	at org.apache.ratis.proto.grpc.RaftServerProtocolServiceGrpc$RaftServerProtocolServiceBlockingStub.startLeaderElection(RaftServerProtocolServiceGrpc.java:422)
	at org.apache.ratis.grpc.server.GrpcServerProtocolClient.startLeaderElection(GrpcServerProtocolClient.java:123)
	at org.apache.ratis.grpc.server.GrpcServicesImpl.startLeaderElection(GrpcServicesImpl.java:423)
	at org.apache.ratis.server.impl.TransferLeadership.lambda$sendStartLeaderElection$1(TransferLeadership.java:218)
	at java.base/java.util.concurrent.CompletableFuture$AsyncSupply.run(CompletableFuture.java:1768)
	... 3 more
Caused by: org.apache.ratis.thirdparty.io.netty.channel.AbstractChannel$AnnotatedConnectException: finishConnect(..) failed: Connection refused: /127.0.0.1:15063
Caused by: java.net.ConnectException: finishConnect(..) failed: Connection refused
	at org.apache.ratis.thirdparty.io.netty.channel.unix.Errors.newConnectException0(Errors.java:166)
	at org.apache.ratis.thirdparty.io.netty.channel.unix.Errors.handleConnectErrno(Errors.java:131)
	at org.apache.ratis.thirdparty.io.netty.channel.unix.Socket.finishConnect(Socket.java:359)
	at org.apache.ratis.thirdparty.io.netty.channel.epoll.AbstractEpollChannel$AbstractEpollUnsafe.doFinishConnect(AbstractEpollChannel.java:715)
	at org.apache.ratis.thirdparty.io.netty.channel.epoll.AbstractEpollChannel$AbstractEpollUnsafe.finishConnect(AbstractEpollChannel.java:692)
	at org.apache.ratis.thirdparty.io.netty.channel.epoll.AbstractEpollChannel$AbstractEpollUnsafe.epollOutReady(AbstractEpollChannel.java:567)
	at org.apache.ratis.thirdparty.io.netty.channel.epoll.EpollEventLoop.processReady(EpollEventLoop.java:491)
	at org.apache.ratis.thirdparty.io.netty.channel.epoll.EpollEventLoop.run(EpollEventLoop.java:399)
	at org.apache.ratis.thirdparty.io.netty.util.concurrent.SingleThreadEventExecutor$4.run(SingleThreadEventExecutor.java:998)
	at org.apache.ratis.thirdparty.io.netty.util.internal.ThreadExecutorMap$2.run(ThreadExecutorMap.java:74)
	at org.apache.ratis.thirdparty.io.netty.util.concurrent.FastThreadLocalRunnable.run(FastThreadLocalRunnable.java:30)
	at java.base/java.lang.Thread.run(Thread.java:1583)
2025-09-13 17:34:19,226 [grpc-default-executor-9] WARN  server.GrpcLogAppender (LogUtils.java:warn(127)) - 2f036b56-942d-42f4-908f-5b0be9aff918@group-3DEBD952707A->3dbe4e49-25e9-43f5-94e0-3ca31f2aaaf2-AppendLogResponseHandler: Failed appendEntries: org.apache.ratis.thirdparty.io.grpc.StatusRuntimeException: UNAVAILABLE: io exception
  Caused by: org.apache.ratis.thirdparty.io.netty.channel.AbstractChannel$AnnotatedConnectException: finishConnect(..) failed: Connection refused: /127.0.0.1:15063
  Caused by: java.net.ConnectException: finishConnect(..) failed: Connection refused
2025-09-13 17:34:20,048 [timer0] WARN  server.GrpcLogAppender (LogUtils.java:warn(127)) - 9b620cf5-1dd4-4083-97bd-ff44c8fea23e@group-A8D25C85FDCF->3dbe4e49-25e9-43f5-94e0-3ca31f2aaaf2-AppendLogResponseHandler: Failed appendEntries (Repeated 14 times in the last 5.000s): org.apache.ratis.thirdparty.io.grpc.StatusRuntimeException: UNAVAILABLE: io exception
  Caused by: org.apache.ratis.thirdparty.io.netty.channel.AbstractChannel$AnnotatedConnectException: finishConnect(..) failed: Connection refused: /127.0.0.1:15063
  Caused by: java.net.ConnectException: finishConnect(..) failed: Connection refused
2025-09-13 17:34:20,048 [timer1] WARN  server.GrpcLogAppender (GrpcLogAppender.java:lambda$resetClient$1(228)) - 9b620cf5-1dd4-4083-97bd-ff44c8fea23e@group-A8D25C85FDCF->3dbe4e49-25e9-43f5-94e0-3ca31f2aaaf2-GrpcLogAppender: Follower failed (request=null, errorCount=34); keep nextIndex (27) unchanged and retry. (Repeated 2 times in the last 5.001s)
2025-09-13 17:34:20,052 [timer3] WARN  server.GrpcLogAppender (GrpcLogAppender.java:lambda$resetClient$1(228)) - 9b620cf5-1dd4-4083-97bd-ff44c8fea23e@group-A8D25C85FDCF->3dbe4e49-25e9-43f5-94e0-3ca31f2aaaf2-GrpcLogAppender: Follower failed (request=null, errorCount=36); keep nextIndex (30) unchanged and retry. (Repeated 2 times in the last 5.000s)
2025-09-13 17:34:20,055 [timer6] WARN  server.GrpcLogAppender (GrpcLogAppender.java:lambda$resetClient$1(228)) - 9b620cf5-1dd4-4083-97bd-ff44c8fea23e@group-A8D25C85FDCF->3dbe4e49-25e9-43f5-94e0-3ca31f2aaaf2-GrpcLogAppender: Follower failed (request=null, errorCount=42); keep nextIndex (31) unchanged and retry. (Repeated 6 times in the last 5.000s)
2025-09-13 17:34:20,401 [2f036b56-942d-42f4-908f-5b0be9aff918@group-3DEBD952707A-LeaderStateImpl] INFO  impl.TransferLeadership (TransferLeadership.java:tryTransferLeadership(258)) - 2f036b56-942d-42f4-908f-5b0be9aff918@group-3DEBD952707A: start transferring leadership to 3dbe4e49-25e9-43f5-94e0-3ca31f2aaaf2
2025-09-13 17:34:20,401 [2f036b56-942d-42f4-908f-5b0be9aff918@group-3DEBD952707A-LeaderStateImpl] INFO  impl.TransferLeadership (TransferLeadership.java:sendStartLeaderElection(210)) - 2f036b56-942d-42f4-908f-5b0be9aff918@group-3DEBD952707A: sendStartLeaderElection to follower 3dbe4e49-25e9-43f5-94e0-3ca31f2aaaf2, lastEntry=(t:2, i:6)
2025-09-13 17:34:20,401 [2f036b56-942d-42f4-908f-5b0be9aff918@group-3DEBD952707A-LeaderStateImpl] INFO  impl.TransferLeadership (TransferLeadership.java:tryTransferLeadership(266)) - 2f036b56-942d-42f4-908f-5b0be9aff918@group-3DEBD952707A: SUCCESS sent StartLeaderElection to transferee 3dbe4e49-25e9-43f5-94e0-3ca31f2aaaf2 immediately as it already has up-to-date log
2025-09-13 17:34:20,401 [2f036b56-942d-42f4-908f-5b0be9aff918-server-thread1] WARN  impl.TransferLeadership (TransferLeadership.java:lambda$sendStartLeaderElection$2(227)) - 2f036b56-942d-42f4-908f-5b0be9aff918@group-3DEBD952707A: Failed to startLeaderElection for 3dbe4e49-25e9-43f5-94e0-3ca31f2aaaf2
java.util.concurrent.CompletionException: org.apache.ratis.thirdparty.io.grpc.StatusRuntimeException: UNAVAILABLE: io exception
	at java.base/java.util.concurrent.CompletableFuture.encodeThrowable(CompletableFuture.java:315)
	at java.base/java.util.concurrent.CompletableFuture.completeThrowable(CompletableFuture.java:320)
	at java.base/java.util.concurrent.CompletableFuture$AsyncSupply.run(CompletableFuture.java:1770)
	at java.base/java.util.concurrent.ThreadPoolExecutor.runWorker(ThreadPoolExecutor.java:1144)
	at java.base/java.util.concurrent.ThreadPoolExecutor$Worker.run(ThreadPoolExecutor.java:642)
	at java.base/java.lang.Thread.run(Thread.java:1583)
Caused by: org.apache.ratis.thirdparty.io.grpc.StatusRuntimeException: UNAVAILABLE: io exception
	at org.apache.ratis.thirdparty.io.grpc.stub.ClientCalls.toStatusRuntimeException(ClientCalls.java:351)
	at org.apache.ratis.thirdparty.io.grpc.stub.ClientCalls.getUnchecked(ClientCalls.java:332)
	at org.apache.ratis.thirdparty.io.grpc.stub.ClientCalls.blockingUnaryCall(ClientCalls.java:174)
	at org.apache.ratis.proto.grpc.RaftServerProtocolServiceGrpc$RaftServerProtocolServiceBlockingStub.startLeaderElection(RaftServerProtocolServiceGrpc.java:422)
	at org.apache.ratis.grpc.server.GrpcServerProtocolClient.startLeaderElection(GrpcServerProtocolClient.java:123)
	at org.apache.ratis.grpc.server.GrpcServicesImpl.startLeaderElection(GrpcServicesImpl.java:423)
	at org.apache.ratis.server.impl.TransferLeadership.lambda$sendStartLeaderElection$1(TransferLeadership.java:218)
	at java.base/java.util.concurrent.CompletableFuture$AsyncSupply.run(CompletableFuture.java:1768)
	... 3 more
Caused by: org.apache.ratis.thirdparty.io.netty.channel.AbstractChannel$AnnotatedConnectException: finishConnect(..) failed: Connection refused: /127.0.0.1:15063
Caused by: java.net.ConnectException: finishConnect(..) failed: Connection refused
	at org.apache.ratis.thirdparty.io.netty.channel.unix.Errors.newConnectException0(Errors.java:166)
	at org.apache.ratis.thirdparty.io.netty.channel.unix.Errors.handleConnectErrno(Errors.java:131)
	at org.apache.ratis.thirdparty.io.netty.channel.unix.Socket.finishConnect(Socket.java:359)
	at org.apache.ratis.thirdparty.io.netty.channel.epoll.AbstractEpollChannel$AbstractEpollUnsafe.doFinishConnect(AbstractEpollChannel.java:715)
	at org.apache.ratis.thirdparty.io.netty.channel.epoll.AbstractEpollChannel$AbstractEpollUnsafe.finishConnect(AbstractEpollChannel.java:692)
	at org.apache.ratis.thirdparty.io.netty.channel.epoll.AbstractEpollChannel$AbstractEpollUnsafe.epollOutReady(AbstractEpollChannel.java:567)
	at org.apache.ratis.thirdparty.io.netty.channel.epoll.EpollEventLoop.processReady(EpollEventLoop.java:491)
	at org.apache.ratis.thirdparty.io.netty.channel.epoll.EpollEventLoop.run(EpollEventLoop.java:399)
	at org.apache.ratis.thirdparty.io.netty.util.concurrent.SingleThreadEventExecutor$4.run(SingleThreadEventExecutor.java:998)
	at org.apache.ratis.thirdparty.io.netty.util.internal.ThreadExecutorMap$2.run(ThreadExecutorMap.java:74)
	at org.apache.ratis.thirdparty.io.netty.util.concurrent.FastThreadLocalRunnable.run(FastThreadLocalRunnable.java:30)
	at java.base/java.lang.Thread.run(Thread.java:1583)
2025-09-13 17:34:21,020 [timer7] WARN  server.GrpcLogAppender (GrpcLogAppender.java:lambda$resetClient$1(228)) - 2f036b56-942d-42f4-908f-5b0be9aff918@group-3DEBD952707A->3dbe4e49-25e9-43f5-94e0-3ca31f2aaaf2-GrpcLogAppender: Follower failed (request=null, errorCount=24); keep nextIndex (7) unchanged and retry. (Repeated 10 times in the last 5.001s)
2025-09-13 17:34:21,048 [grpc-default-executor-9] WARN  server.GrpcLogAppender (GrpcLogAppender.java:lambda$resetClient$1(228)) - 2f036b56-942d-42f4-908f-5b0be9aff918@group-3DEBD952707A->3dbe4e49-25e9-43f5-94e0-3ca31f2aaaf2-GrpcLogAppender: Follower failed (request=null, errorCount=25); keep nextIndex (7) unchanged and retry.
2025-09-13 17:34:21,072 [ForkJoinPool.commonPool-worker-4] WARN  scm.XceiverClientRatis (XceiverClientRatis.java:lambda$watchForCommit$6(313)) - ALL_COMMITTED way commit failed on pipeline Pipeline{ Id: 04878825-8370-49d4-b879-a8d25c85fdcf, Nodes: [ {3dbe4e49-25e9-43f5-94e0-3ca31f2aaaf2(localhost/127.0.0.1), ReplicaIndex: 0}, {9b620cf5-1dd4-4083-97bd-ff44c8fea23e(localhost/127.0.0.1), ReplicaIndex: 0}, {2f036b56-942d-42f4-908f-5b0be9aff918(localhost/127.0.0.1), ReplicaIndex: 0},], ReplicationConfig: RATIS/THREE, State:OPEN, leaderId:9b620cf5-1dd4-4083-97bd-ff44c8fea23e, CreationTimestamp2025-09-13T17:31:21.934Z[Etc/UTC]}
java.util.concurrent.CompletionException: org.apache.ratis.protocol.exceptions.TimeoutIOException: client-25EC832CAACC->9b620cf5-1dd4-4083-97bd-ff44c8fea23e request #96 timeout 3000ms
	at java.base/java.util.concurrent.CompletableFuture.encodeThrowable(CompletableFuture.java:332)
	at java.base/java.util.concurrent.CompletableFuture.completeThrowable(CompletableFuture.java:347)
	at java.base/java.util.concurrent.CompletableFuture$UniApply.tryFire(CompletableFuture.java:636)
	at java.base/java.util.concurrent.CompletableFuture.postComplete(CompletableFuture.java:510)
	at java.base/java.util.concurrent.CompletableFuture.completeExceptionally(CompletableFuture.java:2194)
	at org.apache.ratis.client.impl.UnorderedAsync.lambda$sendRequestWithRetry$4(UnorderedAsync.java:102)
	at java.base/java.util.concurrent.CompletableFuture.uniWhenComplete(CompletableFuture.java:863)
	at java.base/java.util.concurrent.CompletableFuture$UniWhenComplete.tryFire(CompletableFuture.java:841)
	at java.base/java.util.concurrent.CompletableFuture$Completion.exec(CompletableFuture.java:483)
	at java.base/java.util.concurrent.ForkJoinTask.doExec(ForkJoinTask.java:387)
	at java.base/java.util.concurrent.ForkJoinPool$WorkQueue.topLevelExec(ForkJoinPool.java:1312)
	at java.base/java.util.concurrent.ForkJoinPool.scan(ForkJoinPool.java:1843)
	at java.base/java.util.concurrent.ForkJoinPool.runWorker(ForkJoinPool.java:1808)
	at java.base/java.util.concurrent.ForkJoinWorkerThread.run(ForkJoinWorkerThread.java:188)
Caused by: org.apache.ratis.protocol.exceptions.TimeoutIOException: client-25EC832CAACC->9b620cf5-1dd4-4083-97bd-ff44c8fea23e request #96 timeout 3000ms
	at org.apache.ratis.grpc.client.GrpcClientProtocolClient$AsyncStreamObservers.lambda$timeoutCheck$5(GrpcClientProtocolClient.java:377)
	at java.base/java.util.Optional.ifPresent(Optional.java:178)
	at org.apache.ratis.grpc.client.GrpcClientProtocolClient$AsyncStreamObservers.handleReplyFuture(GrpcClientProtocolClient.java:381)
	at org.apache.ratis.grpc.client.GrpcClientProtocolClient$AsyncStreamObservers.timeoutCheck(GrpcClientProtocolClient.java:376)
	at org.apache.ratis.grpc.client.GrpcClientProtocolClient$AsyncStreamObservers.lambda$onNext$1(GrpcClientProtocolClient.java:365)
	at org.apache.ratis.util.TimeoutTimer.lambda$onTimeout$2(TimeoutTimer.java:101)
	at org.apache.ratis.util.LogUtils.runAndLog(LogUtils.java:38)
	at org.apache.ratis.util.LogUtils$1.run(LogUtils.java:78)
	at org.apache.ratis.util.TimeoutTimer$Task.run(TimeoutTimer.java:55)
	at java.base/java.util.TimerThread.mainLoop(Timer.java:566)
	at java.base/java.util.TimerThread.run(Timer.java:516)
2025-09-13 17:34:21,073 [ForkJoinPool.commonPool-worker-4] INFO  scm.XceiverClientRatis (XceiverClientRatis.java:lambda$handleFailedAllCommit$8(348)) - Could not commit index 32 on pipeline Pipeline{ Id: 04878825-8370-49d4-b879-a8d25c85fdcf, Nodes: [ {3dbe4e49-25e9-43f5-94e0-3ca31f2aaaf2(localhost/127.0.0.1), ReplicaIndex: 0}, {9b620cf5-1dd4-4083-97bd-ff44c8fea23e(localhost/127.0.0.1), ReplicaIndex: 0}, {2f036b56-942d-42f4-908f-5b0be9aff918(localhost/127.0.0.1), ReplicaIndex: 0},], ReplicationConfig: RATIS/THREE, State:OPEN, leaderId:9b620cf5-1dd4-4083-97bd-ff44c8fea23e, CreationTimestamp2025-09-13T17:31:21.934Z[Etc/UTC]} to all the nodes. Server 3dbe4e49-25e9-43f5-94e0-3ca31f2aaaf2 has failed. Committed by majority.
2025-09-13 17:34:21,073 [ForkJoinPool.commonPool-worker-4] WARN  storage.BlockOutputStream (BlockOutputStream.java:checkReply(557)) - Failed to commit BlockId conID: 7 locID: 115816896921600012 bcsId: 32 replicaIndex: null on Pipeline{ Id: 04878825-8370-49d4-b879-a8d25c85fdcf, Nodes: [ {3dbe4e49-25e9-43f5-94e0-3ca31f2aaaf2(localhost/127.0.0.1), ReplicaIndex: 0}, {9b620cf5-1dd4-4083-97bd-ff44c8fea23e(localhost/127.0.0.1), ReplicaIndex: 0}, {2f036b56-942d-42f4-908f-5b0be9aff918(localhost/127.0.0.1), ReplicaIndex: 0},], ReplicationConfig: RATIS/THREE, State:OPEN, leaderId:9b620cf5-1dd4-4083-97bd-ff44c8fea23e, CreationTimestamp2025-09-13T17:31:21.934Z[Etc/UTC]}. Failed nodes: [3dbe4e49-25e9-43f5-94e0-3ca31f2aaaf2(null/null)]
2025-09-13 17:34:21,073 [ForkJoinPool-1-worker-1] INFO  io.BlockOutputStreamEntry (BlockOutputStreamEntry.java:writeOnRetry(192)) - BlockOutputStreamEntry:d8487b4e-8701-4928-8ebe-42f9dc0707dc conID: 7 locID: 115816896921600012 bcsId: 0 replicaIndex: null: Finish retrying with len 2097152, currentPosition 2097152
2025-09-13 17:34:21,073 [ForkJoinPool-1-worker-1] INFO  io.BlockOutputStreamEntry (BlockOutputStreamEntry.java:finishRetryHandling(141)) - BlockOutputStreamEntry:d8487b4e-8701-4928-8ebe-42f9dc0707dc conID: 7 locID: 115816896921600012 bcsId: 0 replicaIndex: null: Exiting retry handling mode
]]></system-out>
  </testcase>
  <testcase name="" classname="org.apache.hadoop.ozone.client.rpc.TestFailureHandlingByClient" time="193.002">
    <failure message="Found 2 leaked objects, check logs" type="java.lang.AssertionError"><![CDATA[java.lang.AssertionError: Found 2 leaked objects, check logs
	at org.apache.hadoop.hdds.utils.db.CodecBuffer.assertNoLeaks(CodecBuffer.java:238)
	at org.apache.hadoop.hdds.utils.db.CodecTestUtil.gc(CodecTestUtil.java:54)
	at org.apache.hadoop.ozone.MiniOzoneClusterImpl.shutdown(MiniOzoneClusterImpl.java:374)
	at org.apache.hadoop.ozone.client.rpc.TestFailureHandlingByClient.shutdown(TestFailureHandlingByClient.java:179)
	at java.base/java.lang.reflect.Method.invoke(Method.java:580)
	at java.base/java.util.ArrayList.forEach(ArrayList.java:1596)
	at java.base/java.util.Collections$UnmodifiableCollection.forEach(Collections.java:1117)
	at java.base/java.util.concurrent.ForkJoinTask.doExec(ForkJoinTask.java:387)
	at java.base/java.util.concurrent.ForkJoinPool$WorkQueue.topLevelExec(ForkJoinPool.java:1312)
	at java.base/java.util.concurrent.ForkJoinPool.scan(ForkJoinPool.java:1843)
	at java.base/java.util.concurrent.ForkJoinPool.runWorker(ForkJoinPool.java:1808)
	at java.base/java.util.concurrent.ForkJoinWorkerThread.run(ForkJoinWorkerThread.java:188)
]]></failure>
    <system-out><![CDATA[2025-09-13 17:34:21,092 [ForkJoinPool-1-worker-1] INFO  ozone.MiniOzoneClusterImpl (MiniOzoneClusterImpl.java:shutdown(373)) - Shutting down the Mini Ozone Cluster
2025-09-13 17:34:21,093 [ForkJoinPool-1-worker-1] INFO  db.CodecTestUtil (CodecTestUtil.java:gc(50)) - gc 0
2025-09-13 17:34:21,177 [LeakDetector-OzoneClientObject1] WARN  client.OzoneClientFactory (HddsUtils.java:reportLeak(879)) - OzoneClient is not closed properly
StackTrace for unclosed instance: org.apache.hadoop.ozone.client.OzoneClientFactory.getRpcClient(OzoneClientFactory.java:176)
org.apache.hadoop.ozone.client.OzoneClientFactory.getRpcClient(OzoneClientFactory.java:161)
org.apache.hadoop.ozone.client.rpc.TestFailureHandlingByClient.testDatanodeExclusionWithMajorityCommit(TestFailureHandlingByClient.java:430)
java.base/jdk.internal.reflect.DirectMethodHandleAccessor.invoke(DirectMethodHandleAccessor.java:103)
java.base/java.lang.reflect.Method.invoke(Method.java:580)
org.junit.platform.commons.util.ReflectionUtils.invokeMethod(ReflectionUtils.java:787)
org.junit.platform.commons.support.ReflectionSupport.invokeMethod(ReflectionSupport.java:478)
org.junit.jupiter.engine.execution.MethodInvocation.proceed(MethodInvocation.java:60)
org.junit.jupiter.engine.execution.InvocationInterceptorChain$ValidatingInvocation.proceed(InvocationInterceptorChain.java:131)
org.junit.jupiter.engine.extension.SameThreadTimeoutInvocation.proceed(SameThreadTimeoutInvocation.java:49)
org.junit.jupiter.engine.extension.TimeoutExtension.intercept(TimeoutExtension.java:161)
org.junit.jupiter.engine.extension.TimeoutExtension.interceptTestableMethod(TimeoutExtension.java:152)
org.junit.jupiter.engine.extension.TimeoutExtension.interceptTestTemplateMethod(TimeoutExtension.java:99)
org.junit.jupiter.engine.execution.InterceptingExecutableInvoker$ReflectiveInterceptorCall.lambda$ofVoidMethod$0(InterceptingExecutableInvoker.java:112)
org.junit.jupiter.engine.execution.InterceptingExecutableInvoker.lambda$invoke$0(InterceptingExecutableInvoker.java:94)
org.junit.jupiter.engine.execution.InvocationInterceptorChain$InterceptedInvocation.proceed(InvocationInterceptorChain.java:106)
org.junit.jupiter.engine.execution.InvocationInterceptorChain.proceed(InvocationInterceptorChain.java:64)
org.junit.jupiter.engine.execution.InvocationInterceptorChain.chainAndInvoke(InvocationInterceptorChain.java:45)
org.junit.jupiter.engine.execution.InvocationInterceptorChain.invoke(InvocationInterceptorChain.java:37)
org.junit.jupiter.engine.execution.InterceptingExecutableInvoker.invoke(InterceptingExecutableInvoker.java:93)
org.junit.jupiter.engine.execution.InterceptingExecutableInvoker.invoke(InterceptingExecutableInvoker.java:87)
org.junit.jupiter.engine.descriptor.TestMethodTestDescriptor.lambda$invokeTestMethod$4(TestMethodTestDescriptor.java:221)
org.junit.platform.engine.support.hierarchical.ThrowableCollector.execute(ThrowableCollector.java:73)
org.junit.jupiter.engine.descriptor.TestMethodTestDescriptor.invokeTestMethod(TestMethodTestDescriptor.java:217)
org.junit.jupiter.engine.descriptor.TestMethodTestDescriptor.execute(TestMethodTestDescriptor.java:159)
org.junit.jupiter.engine.descriptor.TestMethodTestDescriptor.execute(TestMethodTestDescriptor.java:70)
org.junit.platform.engine.support.hierarchical.NodeTestTask.lambda$executeRecursively$6(NodeTestTask.java:157)
org.junit.platform.engine.support.hierarchical.ThrowableCollector.execute(ThrowableCollector.java:73)
org.junit.platform.engine.support.hierarchical.NodeTestTask.lambda$executeRecursively$8(NodeTestTask.java:147)
org.junit.platform.engine.support.hierarchical.Node.around(Node.java:137)
org.junit.platform.engine.support.hierarchical.NodeTestTask.lambda$executeRecursively$9(NodeTestTask.java:145)
org.junit.platform.engine.support.hierarchical.ThrowableCollector.execute(ThrowableCollector.java:73)
org.junit.platform.engine.support.hierarchical.NodeTestTask.executeRecursively(NodeTestTask.java:144)
org.junit.platform.engine.support.hierarchical.NodeTestTask.execute(NodeTestTask.java:101)
org.junit.platform.engine.support.hierarchical.ForkJoinPoolHierarchicalTestExecutorService$ExclusiveTask.exec(ForkJoinPoolHierarchicalTestExecutorService.java:274)
org.junit.platform.engine.support.hierarchical.ForkJoinPoolHierarchicalTestExecutorService$ExclusiveTask.execSync(ForkJoinPoolHierarchicalTestExecutorService.java:247)
org.junit.platform.engine.support.hierarchical.ForkJoinPoolHierarchicalTestExecutorService.submit(ForkJoinPoolHierarchicalTestExecutorService.java:148)
org.junit.platform.engine.support.hierarchical.NodeTestTask$DefaultDynamicTestExecutor.execute(NodeTestTask.java:232)
org.junit.platform.engine.support.hierarchical.NodeTestTask$DefaultDynamicTestExecutor.execute(NodeTestTask.java:210)
org.junit.jupiter.engine.descriptor.TemplateExecutor.execute(TemplateExecutor.java:98)
org.junit.jupiter.engine.descriptor.TemplateExecutor.lambda$executeForProvider$0(TemplateExecutor.java:61)
java.base/java.util.Optional.ifPresent(Optional.java:178)
org.junit.jupiter.engine.descriptor.TemplateExecutor.lambda$executeForProvider$1(TemplateExecutor.java:61)
java.base/java.util.stream.ForEachOps$ForEachOp$OfRef.accept(ForEachOps.java:184)
java.base/java.util.stream.ReferencePipeline$3$1.accept(ReferencePipeline.java:197)
java.base/java.util.stream.ForEachOps$ForEachOp$OfRef.accept(ForEachOps.java:184)
java.base/java.util.stream.ForEachOps$ForEachOp$OfRef.accept(ForEachOps.java:184)
java.base/java.util.stream.ReferencePipeline$3$1.accept(ReferencePipeline.java:197)
java.base/java.util.Iterator.forEachRemaining(Iterator.java:133)
java.base/java.util.Spliterators$IteratorSpliterator.forEachRemaining(Spliterators.java:1939)
java.base/java.util.stream.AbstractPipeline.copyInto(AbstractPipeline.java:509)
java.base/java.util.stream.AbstractPipeline.wrapAndCopyInto(AbstractPipeline.java:499)
java.base/java.util.stream.ForEachOps$ForEachOp.evaluateSequential(ForEachOps.java:151)
java.base/java.util.stream.ForEachOps$ForEachOp$OfRef.evaluateSequential(ForEachOps.java:174)
java.base/java.util.stream.AbstractPipeline.evaluate(AbstractPipeline.java:234)
java.base/java.util.stream.ReferencePipeline.forEach(ReferencePipeline.java:596)
java.base/java.util.stream.ReferencePipeline$7$1.accept(ReferencePipeline.java:276)
java.base/java.util.ArrayList$ArrayListSpliterator.forEachRemaining(ArrayList.java:1708)
java.base/java.util.stream.AbstractPipeline.copyInto(AbstractPipeline.java:509)
java.base/java.util.stream.AbstractPipeline.wrapAndCopyInto(AbstractPipeline.java:499)
java.base/java.util.stream.ForEachOps$ForEachOp.evaluateSequential(ForEachOps.java:151)
java.base/java.util.stream.ForEachOps$ForEachOp$OfRef.evaluateSequential(ForEachOps.java:174)
java.base/java.util.stream.AbstractPipeline.evaluate(AbstractPipeline.java:234)
java.base/java.util.stream.ReferencePipeline.forEach(ReferencePipeline.java:596)
java.base/java.util.stream.ReferencePipeline$7$1.accept(ReferencePipeline.java:276)
java.base/java.util.stream.ReferencePipeline$3$1.accept(ReferencePipeline.java:197)
java.base/java.util.stream.ReferencePipeline$3$1.accept(ReferencePipeline.java:197)
java.base/java.util.stream.ReferencePipeline$3$1.accept(ReferencePipeline.java:197)
java.base/java.util.ArrayList$ArrayListSpliterator.forEachRemaining(ArrayList.java:1708)
java.base/java.util.stream.AbstractPipeline.copyInto(AbstractPipeline.java:509)
java.base/java.util.stream.AbstractPipeline.wrapAndCopyInto(AbstractPipeline.java:499)
java.base/java.util.stream.ForEachOps$ForEachOp.evaluateSequential(ForEachOps.java:151)
java.base/java.util.stream.ForEachOps$ForEachOp$OfRef.evaluateSequential(ForEachOps.java:174)
java.base/java.util.stream.AbstractPipeline.evaluate(AbstractPipeline.java:234)
java.base/java.util.stream.ReferencePipeline.forEach(ReferencePipeline.java:596)
org.junit.jupiter.engine.descriptor.TemplateExecutor.executeForProvider(TemplateExecutor.java:59)
org.junit.jupiter.engine.descriptor.TemplateExecutor.execute(TemplateExecutor.java:48)
org.junit.jupiter.engine.descriptor.TestTemplateTestDescriptor.execute(TestTemplateTestDescriptor.java:112)
org.junit.jupiter.engine.descriptor.TestTemplateTestDescriptor.execute(TestTemplateTestDescriptor.java:40)
org.junit.platform.engine.support.hierarchical.NodeTestTask.lambda$executeRecursively$6(NodeTestTask.java:157)
org.junit.platform.engine.support.hierarchical.ThrowableCollector.execute(ThrowableCollector.java:73)
org.junit.platform.engine.support.hierarchical.NodeTestTask.lambda$executeRecursively$8(NodeTestTask.java:147)
org.junit.platform.engine.support.hierarchical.Node.around(Node.java:137)
org.junit.platform.engine.support.hierarchical.NodeTestTask.lambda$executeRecursively$9(NodeTestTask.java:145)
org.junit.platform.engine.support.hierarchical.ThrowableCollector.execute(ThrowableCollector.java:73)
org.junit.platform.engine.support.hierarchical.NodeTestTask.executeRecursively(NodeTestTask.java:144)
org.junit.platform.engine.support.hierarchical.NodeTestTask.execute(NodeTestTask.java:101)
org.junit.platform.engine.support.hierarchical.ForkJoinPoolHierarchicalTestExecutorService$ExclusiveTask.exec(ForkJoinPoolHierarchicalTestExecutorService.java:274)
org.junit.platform.engine.support.hierarchical.ForkJoinPoolHierarchicalTestExecutorService$ExclusiveTask.execSync(ForkJoinPoolHierarchicalTestExecutorService.java:247)
org.junit.platform.engine.support.hierarchical.ForkJoinPoolHierarchicalTestExecutorService.executeSync(ForkJoinPoolHierarchicalTestExecutorService.java:194)
org.junit.platform.engine.support.hierarchical.ForkJoinPoolHierarchicalTestExecutorService.invokeAll(ForkJoinPoolHierarchicalTestExecutorService.java:166)
org.junit.platform.engine.support.hierarchical.NodeTestTask.lambda$executeRecursively$6(NodeTestTask.java:161)
org.junit.platform.engine.support.hierarchical.ThrowableCollector.execute(ThrowableCollector.java:73)
org.junit.platform.engine.support.hierarchical.NodeTestTask.lambda$executeRecursively$8(NodeTestTask.java:147)
org.junit.platform.engine.support.hierarchical.Node.around(Node.java:137)
org.junit.platform.engine.support.hierarchical.NodeTestTask.lambda$executeRecursively$9(NodeTestTask.java:145)
org.junit.platform.engine.support.hierarchical.ThrowableCollector.execute(ThrowableCollector.java:73)
org.junit.platform.engine.support.hierarchical.NodeTestTask.executeRecursively(NodeTestTask.java:144)
org.junit.platform.engine.support.hierarchical.NodeTestTask.execute(NodeTestTask.java:101)
org.junit.platform.engine.support.hierarchical.ForkJoinPoolHierarchicalTestExecutorService$ExclusiveTask.exec(ForkJoinPoolHierarchicalTestExecutorService.java:274)
org.junit.platform.engine.support.hierarchical.ForkJoinPoolHierarchicalTestExecutorService$ExclusiveTask.execSync(ForkJoinPoolHierarchicalTestExecutorService.java:247)
org.junit.platform.engine.support.hierarchical.ForkJoinPoolHierarchicalTestExecutorService.invokeAll(ForkJoinPoolHierarchicalTestExecutorService.java:159)
org.junit.platform.engine.support.hierarchical.NodeTestTask.lambda$executeRecursively$6(NodeTestTask.java:161)
org.junit.platform.engine.support.hierarchical.ThrowableCollector.execute(ThrowableCollector.java:73)
org.junit.platform.engine.support.hierarchical.NodeTestTask.lambda$executeRecursively$8(NodeTestTask.java:147)
org.junit.platform.engine.support.hierarchical.Node.around(Node.java:137)
org.junit.platform.engine.support.hierarchical.NodeTestTask.lambda$executeRecursively$9(NodeTestTask.java:145)
org.junit.platform.engine.support.hierarchical.ThrowableCollector.execute(ThrowableCollector.java:73)
org.junit.platform.engine.support.hierarchical.NodeTestTask.executeRecursively(NodeTestTask.java:144)
org.junit.platform.engine.support.hierarchical.NodeTestTask.execute(NodeTestTask.java:101)
org.junit.platform.engine.support.hierarchical.ForkJoinPoolHierarchicalTestExecutorService$ExclusiveTask.exec(ForkJoinPoolHierarchicalTestExecutorService.java:274)
java.base/java.util.concurrent.ForkJoinTask.doExec(ForkJoinTask.java:387)
java.base/java.util.concurrent.ForkJoinPool$WorkQueue.topLevelExec(ForkJoinPool.java:1312)
java.base/java.util.concurrent.ForkJoinPool.scan(ForkJoinPool.java:1843)
java.base/java.util.concurrent.ForkJoinPool.runWorker(ForkJoinPool.java:1808)
java.base/java.util.concurrent.ForkJoinWorkerThread.run(ForkJoinWorkerThread.java:188)

2025-09-13 17:34:21,178 [Finalizer] WARN  db.CodecBuffer (CodecBuffer.java:detectLeaks(281)) - LEAK 1: [0<=0<=1048576: ], refCnt=1, capacity=1048576 allocation:
org.apache.hadoop.hdds.utils.db.CodecBuffer.<init>(CodecBuffer.java:53)
org.apache.hadoop.hdds.utils.db.CodecBuffer$LeakDetector$1.<init>(CodecBuffer.java:100)
org.apache.hadoop.hdds.utils.db.CodecBuffer$LeakDetector.newCodecBuffer(CodecBuffer.java:100)
org.apache.hadoop.hdds.utils.db.CodecBuffer$Factory.newCodecBuffer(CodecBuffer.java:93)
org.apache.hadoop.hdds.utils.db.CodecBuffer$Factory.newCodecBuffer(CodecBuffer.java:89)
org.apache.hadoop.hdds.utils.db.CodecBuffer.allocate(CodecBuffer.java:204)
org.apache.hadoop.hdds.utils.db.CodecBuffer.allocateDirect(CodecBuffer.java:212)
org.apache.hadoop.ozone.common.ChunkBuffer.allocate(ChunkBuffer.java:48)
org.apache.hadoop.hdds.scm.storage.BufferPool.allocateBuffer(BufferPool.java:98)
org.apache.hadoop.hdds.scm.storage.BlockOutputStream.allocateNewBufferIfNeeded(BlockOutputStream.java:427)
org.apache.hadoop.hdds.scm.storage.BlockOutputStream.write(BlockOutputStream.java:384)
org.apache.hadoop.ozone.client.io.BlockOutputStreamEntry.write(BlockOutputStreamEntry.java:183)
org.apache.hadoop.ozone.client.io.KeyOutputStream.writeToOutputStream(KeyOutputStream.java:298)
org.apache.hadoop.ozone.client.io.KeyOutputStream.handleWrite(KeyOutputStream.java:274)
org.apache.hadoop.ozone.client.io.KeyOutputStream.lambda$write$1(KeyOutputStream.java:240)
org.apache.hadoop.ozone.client.io.KeyOutputStream.doInWriteLock(KeyOutputStream.java:251)
org.apache.hadoop.ozone.client.io.KeyOutputStream.write(KeyOutputStream.java:239)
org.apache.hadoop.ozone.client.io.OzoneOutputStream.write(OzoneOutputStream.java:93)
java.base/java.io.OutputStream.write(OutputStream.java:124)
org.apache.hadoop.ozone.client.rpc.TestFailureHandlingByClient.testDatanodeExclusionWithMajorityCommit(TestFailureHandlingByClient.java:466)
java.base/jdk.internal.reflect.DirectMethodHandleAccessor.invoke(DirectMethodHandleAccessor.java:103)
java.base/java.lang.reflect.Method.invoke(Method.java:580)
org.junit.platform.commons.util.ReflectionUtils.invokeMethod(ReflectionUtils.java:787)
org.junit.platform.commons.support.ReflectionSupport.invokeMethod(ReflectionSupport.java:478)
org.junit.jupiter.engine.execution.MethodInvocation.proceed(MethodInvocation.java:60)
org.junit.jupiter.engine.execution.InvocationInterceptorChain$ValidatingInvocation.proceed(InvocationInterceptorChain.java:131)
org.junit.jupiter.engine.extension.SameThreadTimeoutInvocation.proceed(SameThreadTimeoutInvocation.java:49)
org.junit.jupiter.engine.extension.TimeoutExtension.intercept(TimeoutExtension.java:161)
org.junit.jupiter.engine.extension.TimeoutExtension.interceptTestableMethod(TimeoutExtension.java:152)
org.junit.jupiter.engine.extension.TimeoutExtension.interceptTestTemplateMethod(TimeoutExtension.java:99)
org.junit.jupiter.engine.execution.InterceptingExecutableInvoker$ReflectiveInterceptorCall.lambda$ofVoidMethod$0(InterceptingExecutableInvoker.java:112)
org.junit.jupiter.engine.execution.InterceptingExecutableInvoker.lambda$invoke$0(InterceptingExecutableInvoker.java:94)
org.junit.jupiter.engine.execution.InvocationInterceptorChain$InterceptedInvocation.proceed(InvocationInterceptorChain.java:106)
org.junit.jupiter.engine.execution.InvocationInterceptorChain.proceed(InvocationInterceptorChain.java:64)
org.junit.jupiter.engine.execution.InvocationInterceptorChain.chainAndInvoke(InvocationInterceptorChain.java:45)
org.junit.jupiter.engine.execution.InvocationInterceptorChain.invoke(InvocationInterceptorChain.java:37)
org.junit.jupiter.engine.execution.InterceptingExecutableInvoker.invoke(InterceptingExecutableInvoker.java:93)
org.junit.jupiter.engine.execution.InterceptingExecutableInvoker.invoke(InterceptingExecutableInvoker.java:87)
org.junit.jupiter.engine.descriptor.TestMethodTestDescriptor.lambda$invokeTestMethod$4(TestMethodTestDescriptor.java:221)
org.junit.platform.engine.support.hierarchical.ThrowableCollector.execute(ThrowableCollector.java:73)
org.junit.jupiter.engine.descriptor.TestMethodTestDescriptor.invokeTestMethod(TestMethodTestDescriptor.java:217)
org.junit.jupiter.engine.descriptor.TestMethodTestDescriptor.execute(TestMethodTestDescriptor.java:159)
org.junit.jupiter.engine.descriptor.TestMethodTestDescriptor.execute(TestMethodTestDescriptor.java:70)
org.junit.platform.engine.support.hierarchical.NodeTestTask.lambda$executeRecursively$6(NodeTestTask.java:157)
org.junit.platform.engine.support.hierarchical.ThrowableCollector.execute(ThrowableCollector.java:73)
org.junit.platform.engine.support.hierarchical.NodeTestTask.lambda$executeRecursively$8(NodeTestTask.java:147)
org.junit.platform.engine.support.hierarchical.Node.around(Node.java:137)
org.junit.platform.engine.support.hierarchical.NodeTestTask.lambda$executeRecursively$9(NodeTestTask.java:145)
org.junit.platform.engine.support.hierarchical.ThrowableCollector.execute(ThrowableCollector.java:73)
org.junit.platform.engine.support.hierarchical.NodeTestTask.executeRecursively(NodeTestTask.java:144)
org.junit.platform.engine.support.hierarchical.NodeTestTask.execute(NodeTestTask.java:101)
org.junit.platform.engine.support.hierarchical.ForkJoinPoolHierarchicalTestExecutorService$ExclusiveTask.exec(ForkJoinPoolHierarchicalTestExecutorService.java:274)
org.junit.platform.engine.support.hierarchical.ForkJoinPoolHierarchicalTestExecutorService$ExclusiveTask.execSync(ForkJoinPoolHierarchicalTestExecutorService.java:247)
org.junit.platform.engine.support.hierarchical.ForkJoinPoolHierarchicalTestExecutorService.submit(ForkJoinPoolHierarchicalTestExecutorService.java:148)
org.junit.platform.engine.support.hierarchical.NodeTestTask$DefaultDynamicTestExecutor.execute(NodeTestTask.java:232)
org.junit.platform.engine.support.hierarchical.NodeTestTask$DefaultDynamicTestExecutor.execute(NodeTestTask.java:210)
org.junit.jupiter.engine.descriptor.TemplateExecutor.execute(TemplateExecutor.java:98)
org.junit.jupiter.engine.descriptor.TemplateExecutor.lambda$executeForProvider$0(TemplateExecutor.java:61)
java.base/java.util.Optional.ifPresent(Optional.java:178)
org.junit.jupiter.engine.descriptor.TemplateExecutor.lambda$executeForProvider$1(TemplateExecutor.java:61)
java.base/java.util.stream.ForEachOps$ForEachOp$OfRef.accept(ForEachOps.java:184)
java.base/java.util.stream.ReferencePipeline$3$1.accept(ReferencePipeline.java:197)
java.base/java.util.stream.ForEachOps$ForEachOp$OfRef.accept(ForEachOps.java:184)
java.base/java.util.stream.ForEachOps$ForEachOp$OfRef.accept(ForEachOps.java:184)
java.base/java.util.stream.ReferencePipeline$3$1.accept(ReferencePipeline.java:197)
java.base/java.util.Iterator.forEachRemaining(Iterator.java:133)
java.base/java.util.Spliterators$IteratorSpliterator.forEachRemaining(Spliterators.java:1939)
java.base/java.util.stream.AbstractPipeline.copyInto(AbstractPipeline.java:509)
java.base/java.util.stream.AbstractPipeline.wrapAndCopyInto(AbstractPipeline.java:499)
java.base/java.util.stream.ForEachOps$ForEachOp.evaluateSequential(ForEachOps.java:151)
java.base/java.util.stream.ForEachOps$ForEachOp$OfRef.evaluateSequential(ForEachOps.java:174)
java.base/java.util.stream.AbstractPipeline.evaluate(AbstractPipeline.java:234)
java.base/java.util.stream.ReferencePipeline.forEach(ReferencePipeline.java:596)
java.base/java.util.stream.ReferencePipeline$7$1.accept(ReferencePipeline.java:276)
java.base/java.util.ArrayList$ArrayListSpliterator.forEachRemaining(ArrayList.java:1708)
java.base/java.util.stream.AbstractPipeline.copyInto(AbstractPipeline.java:509)
java.base/java.util.stream.AbstractPipeline.wrapAndCopyInto(AbstractPipeline.java:499)
java.base/java.util.stream.ForEachOps$ForEachOp.evaluateSequential(ForEachOps.java:151)
java.base/java.util.stream.ForEachOps$ForEachOp$OfRef.evaluateSequential(ForEachOps.java:174)
java.base/java.util.stream.AbstractPipeline.evaluate(AbstractPipeline.java:234)
java.base/java.util.stream.ReferencePipeline.forEach(ReferencePipeline.java:596)
java.base/java.util.stream.ReferencePipeline$7$1.accept(ReferencePipeline.java:276)
java.base/java.util.stream.ReferencePipeline$3$1.accept(ReferencePipeline.java:197)
java.base/java.util.stream.ReferencePipeline$3$1.accept(ReferencePipeline.java:197)
java.base/java.util.stream.ReferencePipeline$3$1.accept(ReferencePipeline.java:197)
java.base/java.util.ArrayList$ArrayListSpliterator.forEachRemaining(ArrayList.java:1708)
java.base/java.util.stream.AbstractPipeline.copyInto(AbstractPipeline.java:509)
java.base/java.util.stream.AbstractPipeline.wrapAndCopyInto(AbstractPipeline.java:499)
java.base/java.util.stream.ForEachOps$ForEachOp.evaluateSequential(ForEachOps.java:151)
java.base/java.util.stream.ForEachOps$ForEachOp$OfRef.evaluateSequential(ForEachOps.java:174)
java.base/java.util.stream.AbstractPipeline.evaluate(AbstractPipeline.java:234)
java.base/java.util.stream.ReferencePipeline.forEach(ReferencePipeline.java:596)
org.junit.jupiter.engine.descriptor.TemplateExecutor.executeForProvider(TemplateExecutor.java:59)
org.junit.jupiter.engine.descriptor.TemplateExecutor.execute(TemplateExecutor.java:48)
org.junit.jupiter.engine.descriptor.TestTemplateTestDescriptor.execute(TestTemplateTestDescriptor.java:112)
org.junit.jupiter.engine.descriptor.TestTemplateTestDescriptor.execute(TestTemplateTestDescriptor.java:40)
org.junit.platform.engine.support.hierarchical.NodeTestTask.lambda$executeRecursively$6(NodeTestTask.java:157)
org.junit.platform.engine.support.hierarchical.ThrowableCollector.execute(ThrowableCollector.java:73)
org.junit.platform.engine.support.hierarchical.NodeTestTask.lambda$executeRecursively$8(NodeTestTask.java:147)
org.junit.platform.engine.support.hierarchical.Node.around(Node.java:137)
org.junit.platform.engine.support.hierarchical.NodeTestTask.lambda$executeRecursively$9(NodeTestTask.java:145)
org.junit.platform.engine.support.hierarchical.ThrowableCollector.execute(ThrowableCollector.java:73)
org.junit.platform.engine.support.hierarchical.NodeTestTask.executeRecursively(NodeTestTask.java:144)
org.junit.platform.engine.support.hierarchical.NodeTestTask.execute(NodeTestTask.java:101)
org.junit.platform.engine.support.hierarchical.ForkJoinPoolHierarchicalTestExecutorService$ExclusiveTask.exec(ForkJoinPoolHierarchicalTestExecutorService.java:274)
org.junit.platform.engine.support.hierarchical.ForkJoinPoolHierarchicalTestExecutorService$ExclusiveTask.execSync(ForkJoinPoolHierarchicalTestExecutorService.java:247)
org.junit.platform.engine.support.hierarchical.ForkJoinPoolHierarchicalTestExecutorService.executeSync(ForkJoinPoolHierarchicalTestExecutorService.java:194)
org.junit.platform.engine.support.hierarchical.ForkJoinPoolHierarchicalTestExecutorService.invokeAll(ForkJoinPoolHierarchicalTestExecutorService.java:166)
org.junit.platform.engine.support.hierarchical.NodeTestTask.lambda$executeRecursively$6(NodeTestTask.java:161)
org.junit.platform.engine.support.hierarchical.ThrowableCollector.execute(ThrowableCollector.java:73)
org.junit.platform.engine.support.hierarchical.NodeTestTask.lambda$executeRecursively$8(NodeTestTask.java:147)
org.junit.platform.engine.support.hierarchical.Node.around(Node.java:137)
org.junit.platform.engine.support.hierarchical.NodeTestTask.lambda$executeRecursively$9(NodeTestTask.java:145)
org.junit.platform.engine.support.hierarchical.ThrowableCollector.execute(ThrowableCollector.java:73)
org.junit.platform.engine.support.hierarchical.NodeTestTask.executeRecursively(NodeTestTask.java:144)
org.junit.platform.engine.support.hierarchical.NodeTestTask.execute(NodeTestTask.java:101)
org.junit.platform.engine.support.hierarchical.ForkJoinPoolHierarchicalTestExecutorService$ExclusiveTask.exec(ForkJoinPoolHierarchicalTestExecutorService.java:274)
org.junit.platform.engine.support.hierarchical.ForkJoinPoolHierarchicalTestExecutorService$ExclusiveTask.execSync(ForkJoinPoolHierarchicalTestExecutorService.java:247)
org.junit.platform.engine.support.hierarchical.ForkJoinPoolHierarchicalTestExecutorService.invokeAll(ForkJoinPoolHierarchicalTestExecutorService.java:159)
org.junit.platform.engine.support.hierarchical.NodeTestTask.lambda$executeRecursively$6(NodeTestTask.java:161)
org.junit.platform.engine.support.hierarchical.ThrowableCollector.execute(ThrowableCollector.java:73)
org.junit.platform.engine.support.hierarchical.NodeTestTask.lambda$executeRecursively$8(NodeTestTask.java:147)
org.junit.platform.engine.support.hierarchical.Node.around(Node.java:137)
org.junit.platform.engine.support.hierarchical.NodeTestTask.lambda$executeRecursively$9(NodeTestTask.java:145)
org.junit.platform.engine.support.hierarchical.ThrowableCollector.execute(ThrowableCollector.java:73)
org.junit.platform.engine.support.hierarchical.NodeTestTask.executeRecursively(NodeTestTask.java:144)
org.junit.platform.engine.support.hierarchical.NodeTestTask.execute(NodeTestTask.java:101)
org.junit.platform.engine.support.hierarchical.ForkJoinPoolHierarchicalTestExecutorService$ExclusiveTask.exec(ForkJoinPoolHierarchicalTestExecutorService.java:274)
java.base/java.util.concurrent.ForkJoinTask.doExec(ForkJoinTask.java:387)
java.base/java.util.concurrent.ForkJoinPool$WorkQueue.topLevelExec(ForkJoinPool.java:1312)
java.base/java.util.concurrent.ForkJoinPool.scan(ForkJoinPool.java:1843)
java.base/java.util.concurrent.ForkJoinPool.runWorker(ForkJoinPool.java:1808)
java.base/java.util.concurrent.ForkJoinWorkerThread.run(ForkJoinWorkerThread.java:188)

2025-09-13 17:34:21,178 [Finalizer] WARN  db.CodecBuffer (CodecBuffer.java:detectLeaks(281)) - LEAK 2: [0<=0<=1048576: ], refCnt=1, capacity=1048576 allocation:
org.apache.hadoop.hdds.utils.db.CodecBuffer.<init>(CodecBuffer.java:53)
org.apache.hadoop.hdds.utils.db.CodecBuffer$LeakDetector$1.<init>(CodecBuffer.java:100)
org.apache.hadoop.hdds.utils.db.CodecBuffer$LeakDetector.newCodecBuffer(CodecBuffer.java:100)
org.apache.hadoop.hdds.utils.db.CodecBuffer$Factory.newCodecBuffer(CodecBuffer.java:93)
org.apache.hadoop.hdds.utils.db.CodecBuffer$Factory.newCodecBuffer(CodecBuffer.java:89)
org.apache.hadoop.hdds.utils.db.CodecBuffer.allocate(CodecBuffer.java:204)
org.apache.hadoop.hdds.utils.db.CodecBuffer.allocateDirect(CodecBuffer.java:212)
org.apache.hadoop.ozone.common.ChunkBuffer.allocate(ChunkBuffer.java:48)
org.apache.hadoop.hdds.scm.storage.BufferPool.allocateBuffer(BufferPool.java:98)
org.apache.hadoop.hdds.scm.storage.BlockOutputStream.allocateNewBufferIfNeeded(BlockOutputStream.java:427)
org.apache.hadoop.hdds.scm.storage.BlockOutputStream.write(BlockOutputStream.java:384)
org.apache.hadoop.ozone.client.io.BlockOutputStreamEntry.write(BlockOutputStreamEntry.java:183)
org.apache.hadoop.ozone.client.io.KeyOutputStream.writeToOutputStream(KeyOutputStream.java:298)
org.apache.hadoop.ozone.client.io.KeyOutputStream.handleWrite(KeyOutputStream.java:274)
org.apache.hadoop.ozone.client.io.KeyOutputStream.lambda$write$1(KeyOutputStream.java:240)
org.apache.hadoop.ozone.client.io.KeyOutputStream.doInWriteLock(KeyOutputStream.java:251)
org.apache.hadoop.ozone.client.io.KeyOutputStream.write(KeyOutputStream.java:239)
org.apache.hadoop.ozone.client.io.OzoneOutputStream.write(OzoneOutputStream.java:93)
java.base/java.io.OutputStream.write(OutputStream.java:124)
org.apache.hadoop.ozone.client.rpc.TestFailureHandlingByClient.testDatanodeExclusionWithMajorityCommit(TestFailureHandlingByClient.java:448)
java.base/jdk.internal.reflect.DirectMethodHandleAccessor.invoke(DirectMethodHandleAccessor.java:103)
java.base/java.lang.reflect.Method.invoke(Method.java:580)
org.junit.platform.commons.util.ReflectionUtils.invokeMethod(ReflectionUtils.java:787)
org.junit.platform.commons.support.ReflectionSupport.invokeMethod(ReflectionSupport.java:478)
org.junit.jupiter.engine.execution.MethodInvocation.proceed(MethodInvocation.java:60)
org.junit.jupiter.engine.execution.InvocationInterceptorChain$ValidatingInvocation.proceed(InvocationInterceptorChain.java:131)
org.junit.jupiter.engine.extension.SameThreadTimeoutInvocation.proceed(SameThreadTimeoutInvocation.java:49)
org.junit.jupiter.engine.extension.TimeoutExtension.intercept(TimeoutExtension.java:161)
org.junit.jupiter.engine.extension.TimeoutExtension.interceptTestableMethod(TimeoutExtension.java:152)
org.junit.jupiter.engine.extension.TimeoutExtension.interceptTestTemplateMethod(TimeoutExtension.java:99)
org.junit.jupiter.engine.execution.InterceptingExecutableInvoker$ReflectiveInterceptorCall.lambda$ofVoidMethod$0(InterceptingExecutableInvoker.java:112)
org.junit.jupiter.engine.execution.InterceptingExecutableInvoker.lambda$invoke$0(InterceptingExecutableInvoker.java:94)
org.junit.jupiter.engine.execution.InvocationInterceptorChain$InterceptedInvocation.proceed(InvocationInterceptorChain.java:106)
org.junit.jupiter.engine.execution.InvocationInterceptorChain.proceed(InvocationInterceptorChain.java:64)
org.junit.jupiter.engine.execution.InvocationInterceptorChain.chainAndInvoke(InvocationInterceptorChain.java:45)
org.junit.jupiter.engine.execution.InvocationInterceptorChain.invoke(InvocationInterceptorChain.java:37)
org.junit.jupiter.engine.execution.InterceptingExecutableInvoker.invoke(InterceptingExecutableInvoker.java:93)
org.junit.jupiter.engine.execution.InterceptingExecutableInvoker.invoke(InterceptingExecutableInvoker.java:87)
org.junit.jupiter.engine.descriptor.TestMethodTestDescriptor.lambda$invokeTestMethod$4(TestMethodTestDescriptor.java:221)
org.junit.platform.engine.support.hierarchical.ThrowableCollector.execute(ThrowableCollector.java:73)
org.junit.jupiter.engine.descriptor.TestMethodTestDescriptor.invokeTestMethod(TestMethodTestDescriptor.java:217)
org.junit.jupiter.engine.descriptor.TestMethodTestDescriptor.execute(TestMethodTestDescriptor.java:159)
org.junit.jupiter.engine.descriptor.TestMethodTestDescriptor.execute(TestMethodTestDescriptor.java:70)
org.junit.platform.engine.support.hierarchical.NodeTestTask.lambda$executeRecursively$6(NodeTestTask.java:157)
org.junit.platform.engine.support.hierarchical.ThrowableCollector.execute(ThrowableCollector.java:73)
org.junit.platform.engine.support.hierarchical.NodeTestTask.lambda$executeRecursively$8(NodeTestTask.java:147)
org.junit.platform.engine.support.hierarchical.Node.around(Node.java:137)
org.junit.platform.engine.support.hierarchical.NodeTestTask.lambda$executeRecursively$9(NodeTestTask.java:145)
org.junit.platform.engine.support.hierarchical.ThrowableCollector.execute(ThrowableCollector.java:73)
org.junit.platform.engine.support.hierarchical.NodeTestTask.executeRecursively(NodeTestTask.java:144)
org.junit.platform.engine.support.hierarchical.NodeTestTask.execute(NodeTestTask.java:101)
org.junit.platform.engine.support.hierarchical.ForkJoinPoolHierarchicalTestExecutorService$ExclusiveTask.exec(ForkJoinPoolHierarchicalTestExecutorService.java:274)
org.junit.platform.engine.support.hierarchical.ForkJoinPoolHierarchicalTestExecutorService$ExclusiveTask.execSync(ForkJoinPoolHierarchicalTestExecutorService.java:247)
org.junit.platform.engine.support.hierarchical.ForkJoinPoolHierarchicalTestExecutorService.submit(ForkJoinPoolHierarchicalTestExecutorService.java:148)
org.junit.platform.engine.support.hierarchical.NodeTestTask$DefaultDynamicTestExecutor.execute(NodeTestTask.java:232)
org.junit.platform.engine.support.hierarchical.NodeTestTask$DefaultDynamicTestExecutor.execute(NodeTestTask.java:210)
org.junit.jupiter.engine.descriptor.TemplateExecutor.execute(TemplateExecutor.java:98)
org.junit.jupiter.engine.descriptor.TemplateExecutor.lambda$executeForProvider$0(TemplateExecutor.java:61)
java.base/java.util.Optional.ifPresent(Optional.java:178)
org.junit.jupiter.engine.descriptor.TemplateExecutor.lambda$executeForProvider$1(TemplateExecutor.java:61)
java.base/java.util.stream.ForEachOps$ForEachOp$OfRef.accept(ForEachOps.java:184)
java.base/java.util.stream.ReferencePipeline$3$1.accept(ReferencePipeline.java:197)
java.base/java.util.stream.ForEachOps$ForEachOp$OfRef.accept(ForEachOps.java:184)
java.base/java.util.stream.ForEachOps$ForEachOp$OfRef.accept(ForEachOps.java:184)
java.base/java.util.stream.ReferencePipeline$3$1.accept(ReferencePipeline.java:197)
java.base/java.util.Iterator.forEachRemaining(Iterator.java:133)
java.base/java.util.Spliterators$IteratorSpliterator.forEachRemaining(Spliterators.java:1939)
java.base/java.util.stream.AbstractPipeline.copyInto(AbstractPipeline.java:509)
java.base/java.util.stream.AbstractPipeline.wrapAndCopyInto(AbstractPipeline.java:499)
java.base/java.util.stream.ForEachOps$ForEachOp.evaluateSequential(ForEachOps.java:151)
java.base/java.util.stream.ForEachOps$ForEachOp$OfRef.evaluateSequential(ForEachOps.java:174)
java.base/java.util.stream.AbstractPipeline.evaluate(AbstractPipeline.java:234)
java.base/java.util.stream.ReferencePipeline.forEach(ReferencePipeline.java:596)
java.base/java.util.stream.ReferencePipeline$7$1.accept(ReferencePipeline.java:276)
java.base/java.util.ArrayList$ArrayListSpliterator.forEachRemaining(ArrayList.java:1708)
java.base/java.util.stream.AbstractPipeline.copyInto(AbstractPipeline.java:509)
java.base/java.util.stream.AbstractPipeline.wrapAndCopyInto(AbstractPipeline.java:499)
java.base/java.util.stream.ForEachOps$ForEachOp.evaluateSequential(ForEachOps.java:151)
java.base/java.util.stream.ForEachOps$ForEachOp$OfRef.evaluateSequential(ForEachOps.java:174)
java.base/java.util.stream.AbstractPipeline.evaluate(AbstractPipeline.java:234)
java.base/java.util.stream.ReferencePipeline.forEach(ReferencePipeline.java:596)
java.base/java.util.stream.ReferencePipeline$7$1.accept(ReferencePipeline.java:276)
java.base/java.util.stream.ReferencePipeline$3$1.accept(ReferencePipeline.java:197)
java.base/java.util.stream.ReferencePipeline$3$1.accept(ReferencePipeline.java:197)
java.base/java.util.stream.ReferencePipeline$3$1.accept(ReferencePipeline.java:197)
java.base/java.util.ArrayList$ArrayListSpliterator.forEachRemaining(ArrayList.java:1708)
java.base/java.util.stream.AbstractPipeline.copyInto(AbstractPipeline.java:509)
java.base/java.util.stream.AbstractPipeline.wrapAndCopyInto(AbstractPipeline.java:499)
java.base/java.util.stream.ForEachOps$ForEachOp.evaluateSequential(ForEachOps.java:151)
java.base/java.util.stream.ForEachOps$ForEachOp$OfRef.evaluateSequential(ForEachOps.java:174)
java.base/java.util.stream.AbstractPipeline.evaluate(AbstractPipeline.java:234)
java.base/java.util.stream.ReferencePipeline.forEach(ReferencePipeline.java:596)
org.junit.jupiter.engine.descriptor.TemplateExecutor.executeForProvider(TemplateExecutor.java:59)
org.junit.jupiter.engine.descriptor.TemplateExecutor.execute(TemplateExecutor.java:48)
org.junit.jupiter.engine.descriptor.TestTemplateTestDescriptor.execute(TestTemplateTestDescriptor.java:112)
org.junit.jupiter.engine.descriptor.TestTemplateTestDescriptor.execute(TestTemplateTestDescriptor.java:40)
org.junit.platform.engine.support.hierarchical.NodeTestTask.lambda$executeRecursively$6(NodeTestTask.java:157)
org.junit.platform.engine.support.hierarchical.ThrowableCollector.execute(ThrowableCollector.java:73)
org.junit.platform.engine.support.hierarchical.NodeTestTask.lambda$executeRecursively$8(NodeTestTask.java:147)
org.junit.platform.engine.support.hierarchical.Node.around(Node.java:137)
org.junit.platform.engine.support.hierarchical.NodeTestTask.lambda$executeRecursively$9(NodeTestTask.java:145)
org.junit.platform.engine.support.hierarchical.ThrowableCollector.execute(ThrowableCollector.java:73)
org.junit.platform.engine.support.hierarchical.NodeTestTask.executeRecursively(NodeTestTask.java:144)
org.junit.platform.engine.support.hierarchical.NodeTestTask.execute(NodeTestTask.java:101)
org.junit.platform.engine.support.hierarchical.ForkJoinPoolHierarchicalTestExecutorService$ExclusiveTask.exec(ForkJoinPoolHierarchicalTestExecutorService.java:274)
org.junit.platform.engine.support.hierarchical.ForkJoinPoolHierarchicalTestExecutorService$ExclusiveTask.execSync(ForkJoinPoolHierarchicalTestExecutorService.java:247)
org.junit.platform.engine.support.hierarchical.ForkJoinPoolHierarchicalTestExecutorService.executeSync(ForkJoinPoolHierarchicalTestExecutorService.java:194)
org.junit.platform.engine.support.hierarchical.ForkJoinPoolHierarchicalTestExecutorService.invokeAll(ForkJoinPoolHierarchicalTestExecutorService.java:166)
org.junit.platform.engine.support.hierarchical.NodeTestTask.lambda$executeRecursively$6(NodeTestTask.java:161)
org.junit.platform.engine.support.hierarchical.ThrowableCollector.execute(ThrowableCollector.java:73)
org.junit.platform.engine.support.hierarchical.NodeTestTask.lambda$executeRecursively$8(NodeTestTask.java:147)
org.junit.platform.engine.support.hierarchical.Node.around(Node.java:137)
org.junit.platform.engine.support.hierarchical.NodeTestTask.lambda$executeRecursively$9(NodeTestTask.java:145)
org.junit.platform.engine.support.hierarchical.ThrowableCollector.execute(ThrowableCollector.java:73)
org.junit.platform.engine.support.hierarchical.NodeTestTask.executeRecursively(NodeTestTask.java:144)
org.junit.platform.engine.support.hierarchical.NodeTestTask.execute(NodeTestTask.java:101)
org.junit.platform.engine.support.hierarchical.ForkJoinPoolHierarchicalTestExecutorService$ExclusiveTask.exec(ForkJoinPoolHierarchicalTestExecutorService.java:274)
org.junit.platform.engine.support.hierarchical.ForkJoinPoolHierarchicalTestExecutorService$ExclusiveTask.execSync(ForkJoinPoolHierarchicalTestExecutorService.java:247)
org.junit.platform.engine.support.hierarchical.ForkJoinPoolHierarchicalTestExecutorService.invokeAll(ForkJoinPoolHierarchicalTestExecutorService.java:159)
org.junit.platform.engine.support.hierarchical.NodeTestTask.lambda$executeRecursively$6(NodeTestTask.java:161)
org.junit.platform.engine.support.hierarchical.ThrowableCollector.execute(ThrowableCollector.java:73)
org.junit.platform.engine.support.hierarchical.NodeTestTask.lambda$executeRecursively$8(NodeTestTask.java:147)
org.junit.platform.engine.support.hierarchical.Node.around(Node.java:137)
org.junit.platform.engine.support.hierarchical.NodeTestTask.lambda$executeRecursively$9(NodeTestTask.java:145)
org.junit.platform.engine.support.hierarchical.ThrowableCollector.execute(ThrowableCollector.java:73)
org.junit.platform.engine.support.hierarchical.NodeTestTask.executeRecursively(NodeTestTask.java:144)
org.junit.platform.engine.support.hierarchical.NodeTestTask.execute(NodeTestTask.java:101)
org.junit.platform.engine.support.hierarchical.ForkJoinPoolHierarchicalTestExecutorService$ExclusiveTask.exec(ForkJoinPoolHierarchicalTestExecutorService.java:274)
java.base/java.util.concurrent.ForkJoinTask.doExec(ForkJoinTask.java:387)
java.base/java.util.concurrent.ForkJoinPool$WorkQueue.topLevelExec(ForkJoinPool.java:1312)
java.base/java.util.concurrent.ForkJoinPool.scan(ForkJoinPool.java:1843)
java.base/java.util.concurrent.ForkJoinPool.runWorker(ForkJoinPool.java:1808)
java.base/java.util.concurrent.ForkJoinWorkerThread.run(ForkJoinWorkerThread.java:188)

2025-09-13 17:34:21,185 [null-request--thread2] INFO  server.GrpcClientProtocolService (GrpcClientProtocolService.java:lambda$processClientRequest$0(284)) - Failed RaftClientRequest:client-25EC832CAACC->9b620cf5-1dd4-4083-97bd-ff44c8fea23e@group-A8D25C85FDCF, cid=96, seq=null, Watch-ALL_COMMITTED(32), Message:<EMPTY>, reply=RaftClientReply:client-25EC832CAACC->9b620cf5-1dd4-4083-97bd-ff44c8fea23e@group-A8D25C85FDCF, cid=96, FAILED org.apache.ratis.protocol.exceptions.NotReplicatedException: Request with call Id 96 and log index 32 is not yet replicated to ALL_COMMITTED, logIndex=32, commits[9b620cf5-1dd4-4083-97bd-ff44c8fea23e:c34, 3dbe4e49-25e9-43f5-94e0-3ca31f2aaaf2:c14, 2f036b56-942d-42f4-908f-5b0be9aff918:c34]
]]></system-out>
  </testcase>
</testsuite>