<?xml version="1.0" encoding="UTF-8"?>
<testsuite xmlns:xsi="http://www.w3.org/2001/XMLSchema-instance" xsi:noNamespaceSchemaLocation="https://maven.apache.org/surefire/maven-surefire-plugin/xsd/surefire-test-report-3.0.xsd" version="3.0" name="org.apache.hadoop.ozone.om.TestOzoneManagerHAWithData" time="147.429" tests="5" errors="2" skipped="0" failures="0">
  <properties>
    <property name="awt.toolkit" value="sun.awt.X11.XToolkit"/>
    <property name="file.encoding.pkg" value="sun.io"/>
    <property name="java.specification.version" value="1.8"/>
    <property name="sun.cpu.isalist" value=""/>
    <property name="sun.jnu.encoding" value="UTF-8"/>
    <property name="java.class.path" value="/home/runner/work/ozone/ozone/hadoop-ozone/integration-test/target/test-classes:/home/runner/work/ozone/ozone/hadoop-ozone/integration-test/target/classes:/home/runner/.m2/repository/org/apache/ozone/ozone-common/1.3.0-SNAPSHOT/ozone-common-1.3.0-SNAPSHOT.jar:/home/runner/.m2/repository/io/grpc/grpc-netty/1.48.1/grpc-netty-1.48.1.jar:/home/runner/.m2/repository/io/grpc/grpc-core/1.48.1/grpc-core-1.48.1.jar:/home/runner/.m2/repository/com/google/android/annotations/4.1.1.4/annotations-4.1.1.4.jar:/home/runner/.m2/repository/org/codehaus/mojo/animal-sniffer-annotations/1.21/animal-sniffer-annotations-1.21.jar:/home/runner/.m2/repository/com/google/errorprone/error_prone_annotations/2.2.0/error_prone_annotations-2.2.0.jar:/home/runner/.m2/repository/io/perfmark/perfmark-api/0.25.0/perfmark-api-0.25.0.jar:/home/runner/.m2/repository/io/netty/netty-codec-http2/4.1.79.Final/netty-codec-http2-4.1.79.Final.jar:/home/runner/.m2/repository/io/netty/netty-common/4.1.79.Final/netty-common-4.1.79.Final.jar:/home/runner/.m2/repository/io/netty/netty-buffer/4.1.79.Final/netty-buffer-4.1.79.Final.jar:/home/runner/.m2/repository/io/netty/netty-codec-http/4.1.79.Final/netty-codec-http-4.1.79.Final.jar:/home/runner/.m2/repository/io/netty/netty-handler-proxy/4.1.79.Final/netty-handler-proxy-4.1.79.Final.jar:/home/runner/.m2/repository/io/netty/netty-codec-socks/4.1.79.Final/netty-codec-socks-4.1.79.Final.jar:/home/runner/.m2/repository/io/netty/netty-tcnative-boringssl-static/2.0.53.Final/netty-tcnative-boringssl-static-2.0.53.Final.jar:/home/runner/.m2/repository/io/netty/netty-tcnative-classes/2.0.53.Final/netty-tcnative-classes-2.0.53.Final.jar:/home/runner/.m2/repository/io/netty/netty-tcnative-boringssl-static/2.0.53.Final/netty-tcnative-boringssl-static-2.0.53.Final-linux-x86_64.jar:/home/runner/.m2/repository/io/netty/netty-tcnative-boringssl-static/2.0.53.Final/netty-tcnative-boringssl-static-2.0.53.Final-linux-aarch_64.jar:/home/runner/.m2/repository/io/netty/netty-tcnative-boringssl-static/2.0.53.Final/netty-tcnative-boringssl-static-2.0.53.Final-osx-x86_64.jar:/home/runner/.m2/repository/io/netty/netty-tcnative-boringssl-static/2.0.53.Final/netty-tcnative-boringssl-static-2.0.53.Final-osx-aarch_64.jar:/home/runner/.m2/repository/io/netty/netty-tcnative-boringssl-static/2.0.53.Final/netty-tcnative-boringssl-static-2.0.53.Final-windows-x86_64.jar:/home/runner/.m2/repository/org/apache/commons/commons-compress/1.21/commons-compress-1.21.jar:/home/runner/.m2/repository/org/apache/ozone/hdds-common/1.3.0-SNAPSHOT/hdds-common-1.3.0-SNAPSHOT.jar:/home/runner/.m2/repository/org/apache/ozone/hdds-client/1.3.0-SNAPSHOT/hdds-client-1.3.0-SNAPSHOT.jar:/home/runner/.m2/repository/org/apache/ozone/ozone-interface-client/1.3.0-SNAPSHOT/ozone-interface-client-1.3.0-SNAPSHOT.jar:/home/runner/.m2/repository/org/apache/ozone/hdds-test-utils/1.3.0-SNAPSHOT/hdds-test-utils-1.3.0-SNAPSHOT.jar:/home/runner/.m2/repository/com/google/guava/guava/31.1-jre/guava-31.1-jre.jar:/home/runner/.m2/repository/com/google/guava/failureaccess/1.0.1/failureaccess-1.0.1.jar:/home/runner/.m2/repository/com/google/guava/listenablefuture/9999.0-empty-to-avoid-conflict-with-guava/listenablefuture-9999.0-empty-to-avoid-conflict-with-guava.jar:/home/runner/.m2/repository/com/google/code/findbugs/jsr305/3.0.0/jsr305-3.0.0.jar:/home/runner/.m2/repository/org/checkerframework/checker-qual/3.12.0/checker-qual-3.12.0.jar:/home/runner/.m2/repository/com/google/j2objc/j2objc-annotations/1.3/j2objc-annotations-1.3.jar:/home/runner/.m2/repository/commons-io/commons-io/2.11.0/commons-io-2.11.0.jar:/home/runner/.m2/repository/commons-logging/commons-logging/1.2/commons-logging-1.2.jar:/home/runner/.m2/repository/ch/qos/reload4j/reload4j/1.2.22/reload4j-1.2.22.jar:/home/runner/.m2/repository/org/slf4j/slf4j-api/1.7.36/slf4j-api-1.7.36.jar:/home/runner/.m2/repository/org/apache/ozone/hdds-server-scm/1.3.0-SNAPSHOT/hdds-server-scm-1.3.0-SNAPSHOT.jar:/home/runner/.m2/repository/org/apache/ozone/hdds-container-service/1.3.0-SNAPSHOT/hdds-container-service-1.3.0-SNAPSHOT.jar:/home/runner/.m2/repository/org/apache/ozone/hdds-hadoop-dependency-server/1.3.0-SNAPSHOT/hdds-hadoop-dependency-server-1.3.0-SNAPSHOT.jar:/home/runner/.m2/repository/org/apache/hadoop/hadoop-hdfs/3.3.1/hadoop-hdfs-3.3.1.jar:/home/runner/.m2/repository/org/eclipse/jetty/jetty-util-ajax/9.4.43.v20210629/jetty-util-ajax-9.4.43.v20210629.jar:/home/runner/.m2/repository/commons-daemon/commons-daemon/1.0.13/commons-daemon-1.0.13.jar:/home/runner/.m2/repository/org/apache/ozone/hdds-server-framework/1.3.0-SNAPSHOT/hdds-server-framework-1.3.0-SNAPSHOT.jar:/home/runner/.m2/repository/org/apache/ozone/hdds-interface-server/1.3.0-SNAPSHOT/hdds-interface-server-1.3.0-SNAPSHOT.jar:/home/runner/.m2/repository/org/apache/logging/log4j/log4j-core/2.17.1/log4j-core-2.17.1.jar:/home/runner/.m2/repository/com/lmax/disruptor/3.4.2/disruptor-3.4.2.jar:/home/runner/.m2/repository/org/eclipse/jetty/jetty-servlet/9.4.43.v20210629/jetty-servlet-9.4.43.v20210629.jar:/home/runner/.m2/repository/org/eclipse/jetty/jetty-security/9.4.43.v20210629/jetty-security-9.4.43.v20210629.jar:/home/runner/.m2/repository/org/rocksdb/rocksdbjni/7.4.5/rocksdbjni-7.4.5.jar:/home/runner/.m2/repository/io/prometheus/simpleclient_dropwizard/0.7.0/simpleclient_dropwizard-0.7.0.jar:/home/runner/.m2/repository/io/prometheus/simpleclient/0.7.0/simpleclient-0.7.0.jar:/home/runner/.m2/repository/io/prometheus/simpleclient_common/0.7.0/simpleclient_common-0.7.0.jar:/home/runner/.m2/repository/io/dropwizard/metrics/metrics-core/3.2.4/metrics-core-3.2.4.jar:/home/runner/.m2/repository/org/apache/hadoop/hadoop-hdfs-client/3.3.1/hadoop-hdfs-client-3.3.1.jar:/home/runner/.m2/repository/org/bouncycastle/bcprov-jdk15on/1.67/bcprov-jdk15on-1.67.jar:/home/runner/.m2/repository/com/google/protobuf/protobuf-java/2.5.0/protobuf-java-2.5.0.jar:/home/runner/.m2/repository/org/apache/ozone/ozone-manager/1.3.0-SNAPSHOT/ozone-manager-1.3.0-SNAPSHOT.jar:/home/runner/.m2/repository/org/aspectj/aspectjrt/1.9.7/aspectjrt-1.9.7.jar:/home/runner/.m2/repository/org/aspectj/aspectjweaver/1.9.7/aspectjweaver-1.9.7.jar:/home/runner/.m2/repository/org/apache/ozone/hdds-interface-client/1.3.0-SNAPSHOT/hdds-interface-client-1.3.0-SNAPSHOT.jar:/home/runner/.m2/repository/org/apache/hadoop/thirdparty/hadoop-shaded-protobuf_3_7/1.1.1/hadoop-shaded-protobuf_3_7-1.1.1.jar:/home/runner/.m2/repository/org/apache/ozone/ozone-interface-storage/1.3.0-SNAPSHOT/ozone-interface-storage-1.3.0-SNAPSHOT.jar:/home/runner/.m2/repository/org/reflections/reflections/0.9.11/reflections-0.9.11.jar:/home/runner/.m2/repository/com/sun/jersey/jersey-client/1.19/jersey-client-1.19.jar:/home/runner/.m2/repository/org/apache/ranger/ranger-intg/2.3.0/ranger-intg-2.3.0.jar:/home/runner/.m2/repository/org/apache/ranger/ranger-plugins-common/2.3.0/ranger-plugins-common-2.3.0.jar:/home/runner/.m2/repository/commons-lang/commons-lang/2.6/commons-lang-2.6.jar:/home/runner/.m2/repository/org/codehaus/jackson/jackson-jaxrs/1.9.13/jackson-jaxrs-1.9.13.jar:/home/runner/.m2/repository/org/apache/ranger/ranger-plugins-cred/2.3.0/ranger-plugins-cred-2.3.0.jar:/home/runner/.m2/repository/org/apache/ranger/ranger-plugins-audit/2.3.0/ranger-plugins-audit-2.3.0.jar:/home/runner/.m2/repository/org/eclipse/jetty/jetty-client/9.4.31.v20200723/jetty-client-9.4.31.v20200723.jar:/home/runner/.m2/repository/org/apache/httpcomponents/httpmime/4.5.6/httpmime-4.5.6.jar:/home/runner/.m2/repository/org/apache/httpcomponents/httpcore-nio/4.4.6/httpcore-nio-4.4.6.jar:/home/runner/.m2/repository/org/apache/httpcomponents/httpasyncclient/4.1.3/httpasyncclient-4.1.3.jar:/home/runner/.m2/repository/com/carrotsearch/hppc/0.8.0/hppc-0.8.0.jar:/home/runner/.m2/repository/org/apache/orc/orc-core/1.5.8/orc-core-1.5.8.jar:/home/runner/.m2/repository/net/java/dev/jna/jna/5.2.0/jna-5.2.0.jar:/home/runner/.m2/repository/net/java/dev/jna/jna-platform/5.2.0/jna-platform-5.2.0.jar:/home/runner/.m2/repository/com/kstruct/gethostname4j/0.0.2/gethostname4j-0.0.2.jar:/home/runner/.m2/repository/org/apache/ranger/ranger-plugin-classloader/2.3.0/ranger-plugin-classloader-2.3.0.jar:/home/runner/.m2/repository/org/apache/hadoop/hadoop-minikdc/3.3.1/hadoop-minikdc-3.3.1.jar:/home/runner/.m2/repository/org/apache/kerby/kerb-simplekdc/1.0.1/kerb-simplekdc-1.0.1.jar:/home/runner/.m2/repository/org/apache/kerby/kerb-client/1.0.1/kerb-client-1.0.1.jar:/home/runner/.m2/repository/org/apache/kerby/kerby-config/1.0.1/kerby-config-1.0.1.jar:/home/runner/.m2/repository/org/apache/kerby/kerb-common/1.0.1/kerb-common-1.0.1.jar:/home/runner/.m2/repository/org/apache/kerby/kerb-crypto/1.0.1/kerb-crypto-1.0.1.jar:/home/runner/.m2/repository/org/apache/kerby/kerb-util/1.0.1/kerb-util-1.0.1.jar:/home/runner/.m2/repository/org/apache/kerby/token-provider/1.0.1/token-provider-1.0.1.jar:/home/runner/.m2/repository/org/apache/kerby/kerb-admin/1.0.1/kerb-admin-1.0.1.jar:/home/runner/.m2/repository/org/apache/kerby/kerb-server/1.0.1/kerb-server-1.0.1.jar:/home/runner/.m2/repository/org/apache/kerby/kerb-identity/1.0.1/kerb-identity-1.0.1.jar:/home/runner/.m2/repository/org/apache/kerby/kerby-xdr/1.0.1/kerby-xdr-1.0.1.jar:/home/runner/.m2/repository/org/apache/ozone/ozone-s3gateway/1.3.0-SNAPSHOT/ozone-s3gateway-1.3.0-SNAPSHOT.jar:/home/runner/.m2/repository/org/javassist/javassist/3.21.0-GA/javassist-3.21.0-GA.jar:/home/runner/.m2/repository/org/jboss/weld/servlet/weld-servlet/2.4.7.Final/weld-servlet-2.4.7.Final.jar:/home/runner/.m2/repository/org/glassfish/jersey/containers/jersey-container-servlet-core/2.34/jersey-container-servlet-core-2.34.jar:/home/runner/.m2/repository/org/glassfish/hk2/external/jakarta.inject/2.6.1/jakarta.inject-2.6.1.jar:/home/runner/.m2/repository/org/glassfish/jersey/core/jersey-common/2.34/jersey-common-2.34.jar:/home/runner/.m2/repository/jakarta/ws/rs/jakarta.ws.rs-api/2.1.6/jakarta.ws.rs-api-2.1.6.jar:/home/runner/.m2/repository/org/glassfish/jersey/ext/cdi/jersey-cdi1x/2.34/jersey-cdi1x-2.34.jar:/home/runner/.m2/repository/org/glassfish/jersey/inject/jersey-hk2/2.34/jersey-hk2-2.34.jar:/home/runner/.m2/repository/org/glassfish/hk2/hk2-locator/2.6.1/hk2-locator-2.6.1.jar:/home/runner/.m2/repository/org/glassfish/jersey/media/jersey-media-jaxb/2.34/jersey-media-jaxb-2.34.jar:/home/runner/.m2/repository/org/glassfish/hk2/osgi-resource-locator/1.0.3/osgi-resource-locator-1.0.3.jar:/home/runner/.m2/repository/org/glassfish/hk2/hk2-api/2.5.0/hk2-api-2.5.0.jar:/home/runner/.m2/repository/org/glassfish/hk2/hk2-utils/2.5.0/hk2-utils-2.5.0.jar:/home/runner/.m2/repository/org/glassfish/hk2/external/aopalliance-repackaged/2.5.0/aopalliance-repackaged-2.5.0.jar:/home/runner/.m2/repository/com/fasterxml/jackson/dataformat/jackson-dataformat-xml/2.13.2/jackson-dataformat-xml-2.13.2.jar:/home/runner/.m2/repository/com/fasterxml/jackson/core/jackson-core/2.13.2/jackson-core-2.13.2.jar:/home/runner/.m2/repository/org/codehaus/woodstox/stax2-api/3.1.4/stax2-api-3.1.4.jar:/home/runner/.m2/repository/com/fasterxml/woodstox/woodstox-core/5.0.3/woodstox-core-5.0.3.jar:/home/runner/.m2/repository/com/fasterxml/jackson/module/jackson-module-jaxb-annotations/2.13.2/jackson-module-jaxb-annotations-2.13.2.jar:/home/runner/.m2/repository/jakarta/xml/bind/jakarta.xml.bind-api/2.3.3/jakarta.xml.bind-api-2.3.3.jar:/home/runner/.m2/repository/jakarta/activation/jakarta.activation-api/1.2.1/jakarta.activation-api-1.2.1.jar:/home/runner/.m2/repository/javax/enterprise/cdi-api/1.2/cdi-api-1.2.jar:/home/runner/.m2/repository/javax/el/javax.el-api/3.0.0/javax.el-api-3.0.0.jar:/home/runner/.m2/repository/javax/interceptor/javax.interceptor-api/1.2/javax.interceptor-api-1.2.jar:/home/runner/.m2/repository/javax/inject/javax.inject/1/javax.inject-1.jar:/home/runner/.m2/repository/javax/xml/bind/jaxb-api/2.3.0/jaxb-api-2.3.0.jar:/home/runner/.m2/repository/org/glassfish/jaxb/jaxb-runtime/2.3.0.1/jaxb-runtime-2.3.0.1.jar:/home/runner/.m2/repository/org/glassfish/jaxb/jaxb-core/2.3.0.1/jaxb-core-2.3.0.1.jar:/home/runner/.m2/repository/org/glassfish/jaxb/txw2/2.3.0.1/txw2-2.3.0.1.jar:/home/runner/.m2/repository/com/sun/istack/istack-commons-runtime/3.0.5/istack-commons-runtime-3.0.5.jar:/home/runner/.m2/repository/org/jvnet/staxex/stax-ex/1.7.8/stax-ex-1.7.8.jar:/home/runner/.m2/repository/com/sun/xml/fastinfoset/FastInfoset/1.2.13/FastInfoset-1.2.13.jar:/home/runner/.m2/repository/javax/activation/activation/1.1.1/activation-1.1.1.jar:/home/runner/.m2/repository/io/grpc/grpc-protobuf/1.48.1/grpc-protobuf-1.48.1.jar:/home/runner/.m2/repository/io/grpc/grpc-api/1.48.1/grpc-api-1.48.1.jar:/home/runner/.m2/repository/io/grpc/grpc-context/1.48.1/grpc-context-1.48.1.jar:/home/runner/.m2/repository/com/google/api/grpc/proto-google-common-protos/2.9.0/proto-google-common-protos-2.9.0.jar:/home/runner/.m2/repository/io/grpc/grpc-protobuf-lite/1.48.1/grpc-protobuf-lite-1.48.1.jar:/home/runner/.m2/repository/io/grpc/grpc-stub/1.48.1/grpc-stub-1.48.1.jar:/home/runner/.m2/repository/io/netty/netty-transport/4.1.79.Final/netty-transport-4.1.79.Final.jar:/home/runner/.m2/repository/io/netty/netty-resolver/4.1.79.Final/netty-resolver-4.1.79.Final.jar:/home/runner/.m2/repository/org/apache/ozone/ozone-csi/1.3.0-SNAPSHOT/ozone-csi-1.3.0-SNAPSHOT.jar:/home/runner/.m2/repository/com/google/protobuf/protobuf-java-util/3.19.2/protobuf-java-util-3.19.2.jar:/home/runner/.m2/repository/com/google/code/gson/gson/2.9.0/gson-2.9.0.jar:/home/runner/.m2/repository/org/apache/ozone/hdds-config/1.3.0-SNAPSHOT/hdds-config-1.3.0-SNAPSHOT.jar:/home/runner/.m2/repository/io/netty/netty-transport-native-epoll/4.1.79.Final/netty-transport-native-epoll-4.1.79.Final-linux-x86_64.jar:/home/runner/.m2/repository/io/netty/netty-transport-classes-epoll/4.1.79.Final/netty-transport-classes-epoll-4.1.79.Final.jar:/home/runner/.m2/repository/io/netty/netty-transport-native-unix-common/4.1.79.Final/netty-transport-native-unix-common-4.1.79.Final.jar:/home/runner/.m2/repository/org/slf4j/slf4j-reload4j/1.7.36/slf4j-reload4j-1.7.36.jar:/home/runner/.m2/repository/org/apache/ozone/ozone-recon/1.3.0-SNAPSHOT/ozone-recon-1.3.0-SNAPSHOT.jar:/home/runner/.m2/repository/org/apache/ozone/ozone-reconcodegen/1.3.0-SNAPSHOT/ozone-reconcodegen-1.3.0-SNAPSHOT.jar:/home/runner/.m2/repository/com/google/inject/extensions/guice-multibindings/4.0/guice-multibindings-4.0.jar:/home/runner/.m2/repository/com/google/inject/guice/4.0/guice-4.0.jar:/home/runner/.m2/repository/aopalliance/aopalliance/1.0/aopalliance-1.0.jar:/home/runner/.m2/repository/com/google/inject/extensions/guice-assistedinject/4.0/guice-assistedinject-4.0.jar:/home/runner/.m2/repository/com/google/inject/extensions/guice-servlet/4.0/guice-servlet-4.0.jar:/home/runner/.m2/repository/org/glassfish/jersey/containers/jersey-container-servlet/2.34/jersey-container-servlet-2.34.jar:/home/runner/.m2/repository/org/glassfish/hk2/guice-bridge/2.5.0/guice-bridge-2.5.0.jar:/home/runner/.m2/repository/org/glassfish/jersey/core/jersey-server/2.34/jersey-server-2.34.jar:/home/runner/.m2/repository/org/glassfish/jersey/core/jersey-client/2.34/jersey-client-2.34.jar:/home/runner/.m2/repository/jakarta/annotation/jakarta.annotation-api/1.3.5/jakarta.annotation-api-1.3.5.jar:/home/runner/.m2/repository/jakarta/validation/jakarta.validation-api/2.0.2/jakarta.validation-api-2.0.2.jar:/home/runner/.m2/repository/org/glassfish/jersey/media/jersey-media-json-jackson/2.34/jersey-media-json-jackson-2.34.jar:/home/runner/.m2/repository/org/glassfish/jersey/ext/jersey-entity-filtering/2.34/jersey-entity-filtering-2.34.jar:/home/runner/.m2/repository/org/jooq/jooq/3.11.10/jooq-3.11.10.jar:/home/runner/.m2/repository/org/jooq/jooq-meta/3.11.10/jooq-meta-3.11.10.jar:/home/runner/.m2/repository/org/jooq/jooq-codegen/3.11.10/jooq-codegen-3.11.10.jar:/home/runner/.m2/repository/com/jolbox/bonecp/0.8.0.RELEASE/bonecp-0.8.0.RELEASE.jar:/home/runner/.m2/repository/org/apache/derby/derby/10.14.2.0/derby-10.14.2.0.jar:/home/runner/.m2/repository/org/xerial/sqlite-jdbc/3.25.2/sqlite-jdbc-3.25.2.jar:/home/runner/.m2/repository/org/springframework/spring-jdbc/5.2.20.RELEASE/spring-jdbc-5.2.20.RELEASE.jar:/home/runner/.m2/repository/org/springframework/spring-beans/5.2.20.RELEASE/spring-beans-5.2.20.RELEASE.jar:/home/runner/.m2/repository/org/springframework/spring-core/5.2.20.RELEASE/spring-core-5.2.20.RELEASE.jar:/home/runner/.m2/repository/org/springframework/spring-jcl/5.2.20.RELEASE/spring-jcl-5.2.20.RELEASE.jar:/home/runner/.m2/repository/org/springframework/spring-tx/5.2.20.RELEASE/spring-tx-5.2.20.RELEASE.jar:/home/runner/.m2/repository/org/apache/ozone/ozone-client/1.3.0-SNAPSHOT/ozone-client-1.3.0-SNAPSHOT.jar:/home/runner/.m2/repository/org/apache/ozone/hdds-erasurecode/1.3.0-SNAPSHOT/hdds-erasurecode-1.3.0-SNAPSHOT.jar:/home/runner/.m2/repository/com/github/spotbugs/spotbugs-annotations/3.1.12/spotbugs-annotations-3.1.12.jar:/home/runner/.m2/repository/org/apache/ozone/ozone-filesystem/1.3.0-SNAPSHOT/ozone-filesystem-1.3.0-SNAPSHOT.jar:/home/runner/.m2/repository/org/apache/ozone/ozone-filesystem-common/1.3.0-SNAPSHOT/ozone-filesystem-common-1.3.0-SNAPSHOT.jar:/home/runner/.m2/repository/org/apache/ozone/ozone-tools/1.3.0-SNAPSHOT/ozone-tools-1.3.0-SNAPSHOT.jar:/home/runner/.m2/repository/org/apache/ratis/ratis-tools/2.3.0/ratis-tools-2.3.0.jar:/home/runner/.m2/repository/com/amazonaws/aws-java-sdk-core/1.12.261/aws-java-sdk-core-1.12.261.jar:/home/runner/.m2/repository/org/apache/httpcomponents/httpclient/4.5.13/httpclient-4.5.13.jar:/home/runner/.m2/repository/org/apache/httpcomponents/httpcore/4.4.13/httpcore-4.4.13.jar:/home/runner/.m2/repository/software/amazon/ion/ion-java/1.0.2/ion-java-1.0.2.jar:/home/runner/.m2/repository/com/fasterxml/jackson/dataformat/jackson-dataformat-cbor/2.13.2/jackson-dataformat-cbor-2.13.2.jar:/home/runner/.m2/repository/joda-time/joda-time/2.8.1/joda-time-2.8.1.jar:/home/runner/.m2/repository/com/amazonaws/aws-java-sdk-s3/1.12.261/aws-java-sdk-s3-1.12.261.jar:/home/runner/.m2/repository/com/amazonaws/aws-java-sdk-kms/1.12.261/aws-java-sdk-kms-1.12.261.jar:/home/runner/.m2/repository/com/amazonaws/jmespath-java/1.12.261/jmespath-java-1.12.261.jar:/home/runner/.m2/repository/org/kohsuke/metainf-services/metainf-services/1.8/metainf-services-1.8.jar:/home/runner/.m2/repository/org/apache/ozone/hdds-tools/1.3.0-SNAPSHOT/hdds-tools-1.3.0-SNAPSHOT.jar:/home/runner/.m2/repository/commons-cli/commons-cli/1.2/commons-cli-1.2.jar:/home/runner/.m2/repository/org/apache/commons/commons-lang3/3.7/commons-lang3-3.7.jar:/home/runner/.m2/repository/org/apache/ozone/ozone-manager/1.3.0-SNAPSHOT/ozone-manager-1.3.0-SNAPSHOT-tests.jar:/home/runner/.m2/repository/org/apache/ozone/hdds-common/1.3.0-SNAPSHOT/hdds-common-1.3.0-SNAPSHOT-tests.jar:/home/runner/.m2/repository/org/apache/ozone/hdds-hadoop-dependency-client/1.3.0-SNAPSHOT/hdds-hadoop-dependency-client-1.3.0-SNAPSHOT.jar:/home/runner/.m2/repository/info/picocli/picocli/4.6.1/picocli-4.6.1.jar:/home/runner/.m2/repository/com/fasterxml/jackson/core/jackson-annotations/2.13.2/jackson-annotations-2.13.2.jar:/home/runner/.m2/repository/com/fasterxml/jackson/datatype/jackson-datatype-jsr310/2.13.2/jackson-datatype-jsr310-2.13.2.jar:/home/runner/.m2/repository/org/apache/ozone/hdds-annotation-processing/1.3.0-SNAPSHOT/hdds-annotation-processing-1.3.0-SNAPSHOT.jar:/home/runner/.m2/repository/javax/annotation/javax.annotation-api/1.2/javax.annotation-api-1.2.jar:/home/runner/.m2/repository/org/apache/ratis/ratis-server/2.3.0/ratis-server-2.3.0.jar:/home/runner/.m2/repository/org/apache/ratis/ratis-client/2.3.0/ratis-client-2.3.0.jar:/home/runner/.m2/repository/org/apache/ratis/ratis-server-api/2.3.0/ratis-server-api-2.3.0.jar:/home/runner/.m2/repository/org/apache/ratis/ratis-metrics/2.3.0/ratis-metrics-2.3.0.jar:/home/runner/.m2/repository/org/apache/ratis/ratis-netty/2.3.0/ratis-netty-2.3.0.jar:/home/runner/.m2/repository/org/apache/ratis/ratis-grpc/2.3.0/ratis-grpc-2.3.0.jar:/home/runner/.m2/repository/org/apache/logging/log4j/log4j-api/2.17.1/log4j-api-2.17.1.jar:/home/runner/.m2/repository/org/apache/commons/commons-pool2/2.6.0/commons-pool2-2.6.0.jar:/home/runner/.m2/repository/org/bouncycastle/bcpkix-jdk15on/1.67/bcpkix-jdk15on-1.67.jar:/home/runner/.m2/repository/commons-validator/commons-validator/1.6/commons-validator-1.6.jar:/home/runner/.m2/repository/commons-beanutils/commons-beanutils/1.9.4/commons-beanutils-1.9.4.jar:/home/runner/.m2/repository/commons-digester/commons-digester/1.8.1/commons-digester-1.8.1.jar:/home/runner/.m2/repository/commons-collections/commons-collections/3.2.2/commons-collections-3.2.2.jar:/home/runner/.m2/repository/io/jaegertracing/jaeger-client/1.6.0/jaeger-client-1.6.0.jar:/home/runner/.m2/repository/io/jaegertracing/jaeger-thrift/1.6.0/jaeger-thrift-1.6.0.jar:/home/runner/.m2/repository/org/apache/thrift/libthrift/0.14.1/libthrift-0.14.1.jar:/home/runner/.m2/repository/com/squareup/okhttp3/okhttp/4.9.0/okhttp-4.9.0.jar:/home/runner/.m2/repository/com/squareup/okio/okio/2.8.0/okio-2.8.0.jar:/home/runner/.m2/repository/io/jaegertracing/jaeger-core/1.6.0/jaeger-core-1.6.0.jar:/home/runner/.m2/repository/io/jaegertracing/jaeger-tracerresolver/1.6.0/jaeger-tracerresolver-1.6.0.jar:/home/runner/.m2/repository/io/opentracing/contrib/opentracing-tracerresolver/0.1.8/opentracing-tracerresolver-0.1.8.jar:/home/runner/.m2/repository/org/jetbrains/kotlin/kotlin-stdlib/1.6.21/kotlin-stdlib-1.6.21.jar:/home/runner/.m2/repository/org/jetbrains/kotlin/kotlin-stdlib-common/1.6.21/kotlin-stdlib-common-1.6.21.jar:/home/runner/.m2/repository/org/jetbrains/annotations/13.0/annotations-13.0.jar:/home/runner/.m2/repository/io/opentracing/opentracing-util/0.33.0/opentracing-util-0.33.0.jar:/home/runner/.m2/repository/io/opentracing/opentracing-api/0.33.0/opentracing-api-0.33.0.jar:/home/runner/.m2/repository/io/opentracing/opentracing-noop/0.33.0/opentracing-noop-0.33.0.jar:/home/runner/.m2/repository/org/yaml/snakeyaml/1.32/snakeyaml-1.32.jar:/home/runner/.m2/repository/org/apache/ozone/hdds-interface-admin/1.3.0-SNAPSHOT/hdds-interface-admin-1.3.0-SNAPSHOT.jar:/home/runner/.m2/repository/junit/junit/4.13.1/junit-4.13.1.jar:/home/runner/.m2/repository/org/hamcrest/hamcrest-core/1.3/hamcrest-core-1.3.jar:/home/runner/.m2/repository/org/junit/jupiter/junit-jupiter-api/5.8.2/junit-jupiter-api-5.8.2.jar:/home/runner/.m2/repository/org/opentest4j/opentest4j/1.2.0/opentest4j-1.2.0.jar:/home/runner/.m2/repository/org/junit/platform/junit-platform-commons/1.8.2/junit-platform-commons-1.8.2.jar:/home/runner/.m2/repository/org/apiguardian/apiguardian-api/1.1.2/apiguardian-api-1.1.2.jar:/home/runner/.m2/repository/org/junit/jupiter/junit-jupiter-params/5.8.2/junit-jupiter-params-5.8.2.jar:/home/runner/.m2/repository/org/junit/jupiter/junit-jupiter-migrationsupport/5.8.2/junit-jupiter-migrationsupport-5.8.2.jar:/home/runner/.m2/repository/org/junit/jupiter/junit-jupiter-engine/5.8.2/junit-jupiter-engine-5.8.2.jar:/home/runner/.m2/repository/org/junit/platform/junit-platform-engine/1.8.2/junit-platform-engine-1.8.2.jar:/home/runner/.m2/repository/org/junit/vintage/junit-vintage-engine/5.8.2/junit-vintage-engine-5.8.2.jar:/home/runner/.m2/repository/org/junit/platform/junit-platform-launcher/1.8.2/junit-platform-launcher-1.8.2.jar:/home/runner/.m2/repository/org/mockito/mockito-core/2.28.2/mockito-core-2.28.2.jar:/home/runner/.m2/repository/net/bytebuddy/byte-buddy/1.9.10/byte-buddy-1.9.10.jar:/home/runner/.m2/repository/net/bytebuddy/byte-buddy-agent/1.9.10/byte-buddy-agent-1.9.10.jar:/home/runner/.m2/repository/org/objenesis/objenesis/1.0/objenesis-1.0.jar:/home/runner/.m2/repository/org/apache/hadoop/hadoop-kms/3.3.1/hadoop-kms-3.3.1.jar:/home/runner/.m2/repository/org/apache/hadoop/hadoop-auth/3.3.1/hadoop-auth-3.3.1.jar:/home/runner/.m2/repository/com/nimbusds/nimbus-jose-jwt/7.9/nimbus-jose-jwt-7.9.jar:/home/runner/.m2/repository/com/github/stephenc/jcip/jcip-annotations/1.0-1/jcip-annotations-1.0-1.jar:/home/runner/.m2/repository/net/minidev/json-smart/2.4.7/json-smart-2.4.7.jar:/home/runner/.m2/repository/net/minidev/accessors-smart/2.4.7/accessors-smart-2.4.7.jar:/home/runner/.m2/repository/org/ow2/asm/asm/5.0.4/asm-5.0.4.jar:/home/runner/.m2/repository/org/apache/zookeeper/zookeeper/3.5.6/zookeeper-3.5.6.jar:/home/runner/.m2/repository/org/apache/zookeeper/zookeeper-jute/3.5.6/zookeeper-jute-3.5.6.jar:/home/runner/.m2/repository/org/apache/yetus/audience-annotations/0.5.0/audience-annotations-0.5.0.jar:/home/runner/.m2/repository/org/apache/curator/curator-framework/4.2.0/curator-framework-4.2.0.jar:/home/runner/.m2/repository/org/apache/hadoop/thirdparty/hadoop-shaded-guava/1.1.1/hadoop-shaded-guava-1.1.1.jar:/home/runner/.m2/repository/com/sun/jersey/jersey-core/1.19/jersey-core-1.19.jar:/home/runner/.m2/repository/javax/ws/rs/jsr311-api/1.1.1/jsr311-api-1.1.1.jar:/home/runner/.m2/repository/com/sun/jersey/jersey-server/1.19/jersey-server-1.19.jar:/home/runner/.m2/repository/javax/servlet/javax.servlet-api/3.1.0/javax.servlet-api-3.1.0.jar:/home/runner/.m2/repository/org/eclipse/jetty/jetty-server/9.4.43.v20210629/jetty-server-9.4.43.v20210629.jar:/home/runner/.m2/repository/org/eclipse/jetty/jetty-http/9.4.43.v20210629/jetty-http-9.4.43.v20210629.jar:/home/runner/.m2/repository/org/eclipse/jetty/jetty-io/9.4.43.v20210629/jetty-io-9.4.43.v20210629.jar:/home/runner/.m2/repository/org/eclipse/jetty/jetty-webapp/9.4.43.v20210629/jetty-webapp-9.4.43.v20210629.jar:/home/runner/.m2/repository/org/eclipse/jetty/jetty-xml/9.4.43.v20210629/jetty-xml-9.4.43.v20210629.jar:/home/runner/.m2/repository/org/apache/hadoop/hadoop-common/3.3.1/hadoop-common-3.3.1.jar:/home/runner/.m2/repository/org/apache/commons/commons-math3/3.1.1/commons-math3-3.1.1.jar:/home/runner/.m2/repository/commons-net/commons-net/3.6/commons-net-3.6.jar:/home/runner/.m2/repository/com/sun/jersey/jersey-servlet/1.19/jersey-servlet-1.19.jar:/home/runner/.m2/repository/com/sun/jersey/jersey-json/1.19/jersey-json-1.19.jar:/home/runner/.m2/repository/org/codehaus/jettison/jettison/1.1/jettison-1.1.jar:/home/runner/.m2/repository/com/sun/xml/bind/jaxb-impl/2.2.3-1/jaxb-impl-2.2.3-1.jar:/home/runner/.m2/repository/org/codehaus/jackson/jackson-xc/1.9.2/jackson-xc-1.9.2.jar:/home/runner/.m2/repository/org/apache/commons/commons-configuration2/2.1.1/commons-configuration2-2.1.1.jar:/home/runner/.m2/repository/org/apache/commons/commons-text/1.4/commons-text-1.4.jar:/home/runner/.m2/repository/com/google/re2j/re2j/1.1/re2j-1.1.jar:/home/runner/.m2/repository/com/jcraft/jsch/0.1.54/jsch-0.1.54.jar:/home/runner/.m2/repository/org/apache/curator/curator-client/4.2.0/curator-client-4.2.0.jar:/home/runner/.m2/repository/org/apache/curator/curator-recipes/4.2.0/curator-recipes-4.2.0.jar:/home/runner/.m2/repository/org/apache/htrace/htrace-core4/4.1.0-incubating/htrace-core4-4.1.0-incubating.jar:/home/runner/.m2/repository/org/apache/kerby/kerb-core/1.0.1/kerb-core-1.0.1.jar:/home/runner/.m2/repository/org/apache/kerby/kerby-pkix/1.0.1/kerby-pkix-1.0.1.jar:/home/runner/.m2/repository/org/apache/kerby/kerby-asn1/1.0.1/kerby-asn1-1.0.1.jar:/home/runner/.m2/repository/org/apache/kerby/kerby-util/1.0.1/kerby-util-1.0.1.jar:/home/runner/.m2/repository/dnsjava/dnsjava/2.1.7/dnsjava-2.1.7.jar:/home/runner/.m2/repository/org/xerial/snappy/snappy-java/1.1.8.2/snappy-java-1.1.8.2.jar:/home/runner/.m2/repository/org/eclipse/jetty/jetty-util/9.4.43.v20210629/jetty-util-9.4.43.v20210629.jar:/home/runner/.m2/repository/com/fasterxml/jackson/core/jackson-databind/2.13.2.2/jackson-databind-2.13.2.2.jar:/home/runner/.m2/repository/org/apache/hadoop/hadoop-kms/3.3.1/hadoop-kms-3.3.1-tests.jar:/home/runner/.m2/repository/org/apache/ozone/hdds-server-scm/1.3.0-SNAPSHOT/hdds-server-scm-1.3.0-SNAPSHOT-tests.jar:/home/runner/.m2/repository/org/apache/ozone/hdds-container-service/1.3.0-SNAPSHOT/hdds-container-service-1.3.0-SNAPSHOT-tests.jar:/home/runner/.m2/repository/commons-codec/commons-codec/1.11/commons-codec-1.11.jar:/home/runner/.m2/repository/io/netty/netty-codec/4.1.79.Final/netty-codec-4.1.79.Final.jar:/home/runner/.m2/repository/io/netty/netty-handler/4.1.79.Final/netty-handler-4.1.79.Final.jar:/home/runner/.m2/repository/org/apache/ozone/hdds-hadoop-dependency-test/1.3.0-SNAPSHOT/hdds-hadoop-dependency-test-1.3.0-SNAPSHOT.jar:/home/runner/.m2/repository/org/apache/hadoop/hadoop-common/3.3.1/hadoop-common-3.3.1-tests.jar:/home/runner/.m2/repository/org/apache/hadoop/hadoop-hdfs/3.3.1/hadoop-hdfs-3.3.1-tests.jar:/home/runner/.m2/repository/org/assertj/assertj-core/3.12.2/assertj-core-3.12.2.jar:/home/runner/.m2/repository/org/apache/hadoop/hadoop-distcp/3.3.1/hadoop-distcp-3.3.1.jar:/home/runner/.m2/repository/org/apache/hadoop/hadoop-mapreduce-client-jobclient/3.3.1/hadoop-mapreduce-client-jobclient-3.3.1.jar:/home/runner/.m2/repository/org/apache/hadoop/hadoop-mapreduce-client-common/3.3.1/hadoop-mapreduce-client-common-3.3.1.jar:/home/runner/.m2/repository/org/apache/hadoop/hadoop-yarn-common/3.3.1/hadoop-yarn-common-3.3.1.jar:/home/runner/.m2/repository/org/apache/hadoop/hadoop-yarn-api/3.3.1/hadoop-yarn-api-3.3.1.jar:/home/runner/.m2/repository/com/sun/jersey/contribs/jersey-guice/1.19/jersey-guice-1.19.jar:/home/runner/.m2/repository/com/fasterxml/jackson/jaxrs/jackson-jaxrs-json-provider/2.13.2/jackson-jaxrs-json-provider-2.13.2.jar:/home/runner/.m2/repository/com/fasterxml/jackson/jaxrs/jackson-jaxrs-base/2.13.2/jackson-jaxrs-base-2.13.2.jar:/home/runner/.m2/repository/org/apache/hadoop/hadoop-yarn-client/3.3.1/hadoop-yarn-client-3.3.1.jar:/home/runner/.m2/repository/org/eclipse/jetty/websocket/websocket-client/9.4.40.v20210413/websocket-client-9.4.40.v20210413.jar:/home/runner/.m2/repository/org/eclipse/jetty/websocket/websocket-common/9.4.40.v20210413/websocket-common-9.4.40.v20210413.jar:/home/runner/.m2/repository/org/eclipse/jetty/websocket/websocket-api/9.4.40.v20210413/websocket-api-9.4.40.v20210413.jar:/home/runner/.m2/repository/org/jline/jline/3.9.0/jline-3.9.0.jar:/home/runner/.m2/repository/org/apache/hadoop/hadoop-mapreduce-client-core/3.3.1/hadoop-mapreduce-client-core-3.3.1.jar:/home/runner/.m2/repository/org/apache/avro/avro/1.7.7/avro-1.7.7.jar:/home/runner/.m2/repository/org/codehaus/jackson/jackson-core-asl/1.9.13/jackson-core-asl-1.9.13.jar:/home/runner/.m2/repository/org/codehaus/jackson/jackson-mapper-asl/1.9.13/jackson-mapper-asl-1.9.13.jar:/home/runner/.m2/repository/com/thoughtworks/paranamer/paranamer/2.3/paranamer-2.3.jar:/home/runner/.m2/repository/org/apache/hadoop/hadoop-annotations/3.3.1/hadoop-annotations-3.3.1.jar:/opt/hostedtoolcache/jdk/8.0.345/x64/jre/../lib/tools.jar:/home/runner/.m2/repository/io/netty/netty/3.10.6.Final/netty-3.10.6.Final.jar:/home/runner/.m2/repository/org/apache/hadoop/hadoop-distcp/3.3.1/hadoop-distcp-3.3.1-tests.jar:/home/runner/.m2/repository/org/slf4j/jul-to-slf4j/1.7.36/jul-to-slf4j-1.7.36.jar:/home/runner/.m2/repository/org/apache/ratis/ratis-common/2.3.0/ratis-common-2.3.0.jar:/home/runner/.m2/repository/org/apache/ratis/ratis-thirdparty-misc/1.0.0/ratis-thirdparty-misc-1.0.0.jar:/home/runner/.m2/repository/org/apache/ratis/ratis-proto/2.3.0/ratis-proto-2.3.0.jar:"/>
    <property name="java.vm.vendor" value="Azul Systems, Inc."/>
    <property name="sun.arch.data.model" value="64"/>
    <property name="test.build.dir" value="/home/runner/work/ozone/ozone/hadoop-ozone/integration-test/target/test-dir"/>
    <property name="test.cache.data" value=""/>
    <property name="java.vendor.url" value="http://www.azul.com/"/>
    <property name="user.timezone" value="Etc/UTC"/>
    <property name="java.vm.specification.version" value="1.8"/>
    <property name="os.name" value="Linux"/>
    <property name="test.build.data" value="/home/runner/work/ozone/ozone/hadoop-ozone/integration-test/target/test-dir"/>
    <property name="sun.java.launcher" value="SUN_STANDARD"/>
    <property name="sun.boot.library.path" value="/opt/hostedtoolcache/jdk/8.0.345/x64/jre/lib/amd64"/>
    <property name="sun.java.command" value="/home/runner/work/ozone/ozone/hadoop-ozone/integration-test/target/surefire/surefirebooter2018818318218186868.jar /home/runner/work/ozone/ozone/hadoop-ozone/integration-test/target/surefire 2022-09-29T00-57-02_043-jvmRun1 surefire6585420655027045768tmp surefire_315486269870408924069tmp"/>
    <property name="surefire.test.class.path" value="/home/runner/work/ozone/ozone/hadoop-ozone/integration-test/target/test-classes:/home/runner/work/ozone/ozone/hadoop-ozone/integration-test/target/classes:/home/runner/.m2/repository/org/apache/ozone/ozone-common/1.3.0-SNAPSHOT/ozone-common-1.3.0-SNAPSHOT.jar:/home/runner/.m2/repository/io/grpc/grpc-netty/1.48.1/grpc-netty-1.48.1.jar:/home/runner/.m2/repository/io/grpc/grpc-core/1.48.1/grpc-core-1.48.1.jar:/home/runner/.m2/repository/com/google/android/annotations/4.1.1.4/annotations-4.1.1.4.jar:/home/runner/.m2/repository/org/codehaus/mojo/animal-sniffer-annotations/1.21/animal-sniffer-annotations-1.21.jar:/home/runner/.m2/repository/com/google/errorprone/error_prone_annotations/2.2.0/error_prone_annotations-2.2.0.jar:/home/runner/.m2/repository/io/perfmark/perfmark-api/0.25.0/perfmark-api-0.25.0.jar:/home/runner/.m2/repository/io/netty/netty-codec-http2/4.1.79.Final/netty-codec-http2-4.1.79.Final.jar:/home/runner/.m2/repository/io/netty/netty-common/4.1.79.Final/netty-common-4.1.79.Final.jar:/home/runner/.m2/repository/io/netty/netty-buffer/4.1.79.Final/netty-buffer-4.1.79.Final.jar:/home/runner/.m2/repository/io/netty/netty-codec-http/4.1.79.Final/netty-codec-http-4.1.79.Final.jar:/home/runner/.m2/repository/io/netty/netty-handler-proxy/4.1.79.Final/netty-handler-proxy-4.1.79.Final.jar:/home/runner/.m2/repository/io/netty/netty-codec-socks/4.1.79.Final/netty-codec-socks-4.1.79.Final.jar:/home/runner/.m2/repository/io/netty/netty-tcnative-boringssl-static/2.0.53.Final/netty-tcnative-boringssl-static-2.0.53.Final.jar:/home/runner/.m2/repository/io/netty/netty-tcnative-classes/2.0.53.Final/netty-tcnative-classes-2.0.53.Final.jar:/home/runner/.m2/repository/io/netty/netty-tcnative-boringssl-static/2.0.53.Final/netty-tcnative-boringssl-static-2.0.53.Final-linux-x86_64.jar:/home/runner/.m2/repository/io/netty/netty-tcnative-boringssl-static/2.0.53.Final/netty-tcnative-boringssl-static-2.0.53.Final-linux-aarch_64.jar:/home/runner/.m2/repository/io/netty/netty-tcnative-boringssl-static/2.0.53.Final/netty-tcnative-boringssl-static-2.0.53.Final-osx-x86_64.jar:/home/runner/.m2/repository/io/netty/netty-tcnative-boringssl-static/2.0.53.Final/netty-tcnative-boringssl-static-2.0.53.Final-osx-aarch_64.jar:/home/runner/.m2/repository/io/netty/netty-tcnative-boringssl-static/2.0.53.Final/netty-tcnative-boringssl-static-2.0.53.Final-windows-x86_64.jar:/home/runner/.m2/repository/org/apache/commons/commons-compress/1.21/commons-compress-1.21.jar:/home/runner/.m2/repository/org/apache/ozone/hdds-common/1.3.0-SNAPSHOT/hdds-common-1.3.0-SNAPSHOT.jar:/home/runner/.m2/repository/org/apache/ozone/hdds-client/1.3.0-SNAPSHOT/hdds-client-1.3.0-SNAPSHOT.jar:/home/runner/.m2/repository/org/apache/ozone/ozone-interface-client/1.3.0-SNAPSHOT/ozone-interface-client-1.3.0-SNAPSHOT.jar:/home/runner/.m2/repository/org/apache/ozone/hdds-test-utils/1.3.0-SNAPSHOT/hdds-test-utils-1.3.0-SNAPSHOT.jar:/home/runner/.m2/repository/com/google/guava/guava/31.1-jre/guava-31.1-jre.jar:/home/runner/.m2/repository/com/google/guava/failureaccess/1.0.1/failureaccess-1.0.1.jar:/home/runner/.m2/repository/com/google/guava/listenablefuture/9999.0-empty-to-avoid-conflict-with-guava/listenablefuture-9999.0-empty-to-avoid-conflict-with-guava.jar:/home/runner/.m2/repository/com/google/code/findbugs/jsr305/3.0.0/jsr305-3.0.0.jar:/home/runner/.m2/repository/org/checkerframework/checker-qual/3.12.0/checker-qual-3.12.0.jar:/home/runner/.m2/repository/com/google/j2objc/j2objc-annotations/1.3/j2objc-annotations-1.3.jar:/home/runner/.m2/repository/commons-io/commons-io/2.11.0/commons-io-2.11.0.jar:/home/runner/.m2/repository/commons-logging/commons-logging/1.2/commons-logging-1.2.jar:/home/runner/.m2/repository/ch/qos/reload4j/reload4j/1.2.22/reload4j-1.2.22.jar:/home/runner/.m2/repository/org/slf4j/slf4j-api/1.7.36/slf4j-api-1.7.36.jar:/home/runner/.m2/repository/org/apache/ozone/hdds-server-scm/1.3.0-SNAPSHOT/hdds-server-scm-1.3.0-SNAPSHOT.jar:/home/runner/.m2/repository/org/apache/ozone/hdds-container-service/1.3.0-SNAPSHOT/hdds-container-service-1.3.0-SNAPSHOT.jar:/home/runner/.m2/repository/org/apache/ozone/hdds-hadoop-dependency-server/1.3.0-SNAPSHOT/hdds-hadoop-dependency-server-1.3.0-SNAPSHOT.jar:/home/runner/.m2/repository/org/apache/hadoop/hadoop-hdfs/3.3.1/hadoop-hdfs-3.3.1.jar:/home/runner/.m2/repository/org/eclipse/jetty/jetty-util-ajax/9.4.43.v20210629/jetty-util-ajax-9.4.43.v20210629.jar:/home/runner/.m2/repository/commons-daemon/commons-daemon/1.0.13/commons-daemon-1.0.13.jar:/home/runner/.m2/repository/org/apache/ozone/hdds-server-framework/1.3.0-SNAPSHOT/hdds-server-framework-1.3.0-SNAPSHOT.jar:/home/runner/.m2/repository/org/apache/ozone/hdds-interface-server/1.3.0-SNAPSHOT/hdds-interface-server-1.3.0-SNAPSHOT.jar:/home/runner/.m2/repository/org/apache/logging/log4j/log4j-core/2.17.1/log4j-core-2.17.1.jar:/home/runner/.m2/repository/com/lmax/disruptor/3.4.2/disruptor-3.4.2.jar:/home/runner/.m2/repository/org/eclipse/jetty/jetty-servlet/9.4.43.v20210629/jetty-servlet-9.4.43.v20210629.jar:/home/runner/.m2/repository/org/eclipse/jetty/jetty-security/9.4.43.v20210629/jetty-security-9.4.43.v20210629.jar:/home/runner/.m2/repository/org/rocksdb/rocksdbjni/7.4.5/rocksdbjni-7.4.5.jar:/home/runner/.m2/repository/io/prometheus/simpleclient_dropwizard/0.7.0/simpleclient_dropwizard-0.7.0.jar:/home/runner/.m2/repository/io/prometheus/simpleclient/0.7.0/simpleclient-0.7.0.jar:/home/runner/.m2/repository/io/prometheus/simpleclient_common/0.7.0/simpleclient_common-0.7.0.jar:/home/runner/.m2/repository/io/dropwizard/metrics/metrics-core/3.2.4/metrics-core-3.2.4.jar:/home/runner/.m2/repository/org/apache/hadoop/hadoop-hdfs-client/3.3.1/hadoop-hdfs-client-3.3.1.jar:/home/runner/.m2/repository/org/bouncycastle/bcprov-jdk15on/1.67/bcprov-jdk15on-1.67.jar:/home/runner/.m2/repository/com/google/protobuf/protobuf-java/2.5.0/protobuf-java-2.5.0.jar:/home/runner/.m2/repository/org/apache/ozone/ozone-manager/1.3.0-SNAPSHOT/ozone-manager-1.3.0-SNAPSHOT.jar:/home/runner/.m2/repository/org/aspectj/aspectjrt/1.9.7/aspectjrt-1.9.7.jar:/home/runner/.m2/repository/org/aspectj/aspectjweaver/1.9.7/aspectjweaver-1.9.7.jar:/home/runner/.m2/repository/org/apache/ozone/hdds-interface-client/1.3.0-SNAPSHOT/hdds-interface-client-1.3.0-SNAPSHOT.jar:/home/runner/.m2/repository/org/apache/hadoop/thirdparty/hadoop-shaded-protobuf_3_7/1.1.1/hadoop-shaded-protobuf_3_7-1.1.1.jar:/home/runner/.m2/repository/org/apache/ozone/ozone-interface-storage/1.3.0-SNAPSHOT/ozone-interface-storage-1.3.0-SNAPSHOT.jar:/home/runner/.m2/repository/org/reflections/reflections/0.9.11/reflections-0.9.11.jar:/home/runner/.m2/repository/com/sun/jersey/jersey-client/1.19/jersey-client-1.19.jar:/home/runner/.m2/repository/org/apache/ranger/ranger-intg/2.3.0/ranger-intg-2.3.0.jar:/home/runner/.m2/repository/org/apache/ranger/ranger-plugins-common/2.3.0/ranger-plugins-common-2.3.0.jar:/home/runner/.m2/repository/commons-lang/commons-lang/2.6/commons-lang-2.6.jar:/home/runner/.m2/repository/org/codehaus/jackson/jackson-jaxrs/1.9.13/jackson-jaxrs-1.9.13.jar:/home/runner/.m2/repository/org/apache/ranger/ranger-plugins-cred/2.3.0/ranger-plugins-cred-2.3.0.jar:/home/runner/.m2/repository/org/apache/ranger/ranger-plugins-audit/2.3.0/ranger-plugins-audit-2.3.0.jar:/home/runner/.m2/repository/org/eclipse/jetty/jetty-client/9.4.31.v20200723/jetty-client-9.4.31.v20200723.jar:/home/runner/.m2/repository/org/apache/httpcomponents/httpmime/4.5.6/httpmime-4.5.6.jar:/home/runner/.m2/repository/org/apache/httpcomponents/httpcore-nio/4.4.6/httpcore-nio-4.4.6.jar:/home/runner/.m2/repository/org/apache/httpcomponents/httpasyncclient/4.1.3/httpasyncclient-4.1.3.jar:/home/runner/.m2/repository/com/carrotsearch/hppc/0.8.0/hppc-0.8.0.jar:/home/runner/.m2/repository/org/apache/orc/orc-core/1.5.8/orc-core-1.5.8.jar:/home/runner/.m2/repository/net/java/dev/jna/jna/5.2.0/jna-5.2.0.jar:/home/runner/.m2/repository/net/java/dev/jna/jna-platform/5.2.0/jna-platform-5.2.0.jar:/home/runner/.m2/repository/com/kstruct/gethostname4j/0.0.2/gethostname4j-0.0.2.jar:/home/runner/.m2/repository/org/apache/ranger/ranger-plugin-classloader/2.3.0/ranger-plugin-classloader-2.3.0.jar:/home/runner/.m2/repository/org/apache/hadoop/hadoop-minikdc/3.3.1/hadoop-minikdc-3.3.1.jar:/home/runner/.m2/repository/org/apache/kerby/kerb-simplekdc/1.0.1/kerb-simplekdc-1.0.1.jar:/home/runner/.m2/repository/org/apache/kerby/kerb-client/1.0.1/kerb-client-1.0.1.jar:/home/runner/.m2/repository/org/apache/kerby/kerby-config/1.0.1/kerby-config-1.0.1.jar:/home/runner/.m2/repository/org/apache/kerby/kerb-common/1.0.1/kerb-common-1.0.1.jar:/home/runner/.m2/repository/org/apache/kerby/kerb-crypto/1.0.1/kerb-crypto-1.0.1.jar:/home/runner/.m2/repository/org/apache/kerby/kerb-util/1.0.1/kerb-util-1.0.1.jar:/home/runner/.m2/repository/org/apache/kerby/token-provider/1.0.1/token-provider-1.0.1.jar:/home/runner/.m2/repository/org/apache/kerby/kerb-admin/1.0.1/kerb-admin-1.0.1.jar:/home/runner/.m2/repository/org/apache/kerby/kerb-server/1.0.1/kerb-server-1.0.1.jar:/home/runner/.m2/repository/org/apache/kerby/kerb-identity/1.0.1/kerb-identity-1.0.1.jar:/home/runner/.m2/repository/org/apache/kerby/kerby-xdr/1.0.1/kerby-xdr-1.0.1.jar:/home/runner/.m2/repository/org/apache/ozone/ozone-s3gateway/1.3.0-SNAPSHOT/ozone-s3gateway-1.3.0-SNAPSHOT.jar:/home/runner/.m2/repository/org/javassist/javassist/3.21.0-GA/javassist-3.21.0-GA.jar:/home/runner/.m2/repository/org/jboss/weld/servlet/weld-servlet/2.4.7.Final/weld-servlet-2.4.7.Final.jar:/home/runner/.m2/repository/org/glassfish/jersey/containers/jersey-container-servlet-core/2.34/jersey-container-servlet-core-2.34.jar:/home/runner/.m2/repository/org/glassfish/hk2/external/jakarta.inject/2.6.1/jakarta.inject-2.6.1.jar:/home/runner/.m2/repository/org/glassfish/jersey/core/jersey-common/2.34/jersey-common-2.34.jar:/home/runner/.m2/repository/jakarta/ws/rs/jakarta.ws.rs-api/2.1.6/jakarta.ws.rs-api-2.1.6.jar:/home/runner/.m2/repository/org/glassfish/jersey/ext/cdi/jersey-cdi1x/2.34/jersey-cdi1x-2.34.jar:/home/runner/.m2/repository/org/glassfish/jersey/inject/jersey-hk2/2.34/jersey-hk2-2.34.jar:/home/runner/.m2/repository/org/glassfish/hk2/hk2-locator/2.6.1/hk2-locator-2.6.1.jar:/home/runner/.m2/repository/org/glassfish/jersey/media/jersey-media-jaxb/2.34/jersey-media-jaxb-2.34.jar:/home/runner/.m2/repository/org/glassfish/hk2/osgi-resource-locator/1.0.3/osgi-resource-locator-1.0.3.jar:/home/runner/.m2/repository/org/glassfish/hk2/hk2-api/2.5.0/hk2-api-2.5.0.jar:/home/runner/.m2/repository/org/glassfish/hk2/hk2-utils/2.5.0/hk2-utils-2.5.0.jar:/home/runner/.m2/repository/org/glassfish/hk2/external/aopalliance-repackaged/2.5.0/aopalliance-repackaged-2.5.0.jar:/home/runner/.m2/repository/com/fasterxml/jackson/dataformat/jackson-dataformat-xml/2.13.2/jackson-dataformat-xml-2.13.2.jar:/home/runner/.m2/repository/com/fasterxml/jackson/core/jackson-core/2.13.2/jackson-core-2.13.2.jar:/home/runner/.m2/repository/org/codehaus/woodstox/stax2-api/3.1.4/stax2-api-3.1.4.jar:/home/runner/.m2/repository/com/fasterxml/woodstox/woodstox-core/5.0.3/woodstox-core-5.0.3.jar:/home/runner/.m2/repository/com/fasterxml/jackson/module/jackson-module-jaxb-annotations/2.13.2/jackson-module-jaxb-annotations-2.13.2.jar:/home/runner/.m2/repository/jakarta/xml/bind/jakarta.xml.bind-api/2.3.3/jakarta.xml.bind-api-2.3.3.jar:/home/runner/.m2/repository/jakarta/activation/jakarta.activation-api/1.2.1/jakarta.activation-api-1.2.1.jar:/home/runner/.m2/repository/javax/enterprise/cdi-api/1.2/cdi-api-1.2.jar:/home/runner/.m2/repository/javax/el/javax.el-api/3.0.0/javax.el-api-3.0.0.jar:/home/runner/.m2/repository/javax/interceptor/javax.interceptor-api/1.2/javax.interceptor-api-1.2.jar:/home/runner/.m2/repository/javax/inject/javax.inject/1/javax.inject-1.jar:/home/runner/.m2/repository/javax/xml/bind/jaxb-api/2.3.0/jaxb-api-2.3.0.jar:/home/runner/.m2/repository/org/glassfish/jaxb/jaxb-runtime/2.3.0.1/jaxb-runtime-2.3.0.1.jar:/home/runner/.m2/repository/org/glassfish/jaxb/jaxb-core/2.3.0.1/jaxb-core-2.3.0.1.jar:/home/runner/.m2/repository/org/glassfish/jaxb/txw2/2.3.0.1/txw2-2.3.0.1.jar:/home/runner/.m2/repository/com/sun/istack/istack-commons-runtime/3.0.5/istack-commons-runtime-3.0.5.jar:/home/runner/.m2/repository/org/jvnet/staxex/stax-ex/1.7.8/stax-ex-1.7.8.jar:/home/runner/.m2/repository/com/sun/xml/fastinfoset/FastInfoset/1.2.13/FastInfoset-1.2.13.jar:/home/runner/.m2/repository/javax/activation/activation/1.1.1/activation-1.1.1.jar:/home/runner/.m2/repository/io/grpc/grpc-protobuf/1.48.1/grpc-protobuf-1.48.1.jar:/home/runner/.m2/repository/io/grpc/grpc-api/1.48.1/grpc-api-1.48.1.jar:/home/runner/.m2/repository/io/grpc/grpc-context/1.48.1/grpc-context-1.48.1.jar:/home/runner/.m2/repository/com/google/api/grpc/proto-google-common-protos/2.9.0/proto-google-common-protos-2.9.0.jar:/home/runner/.m2/repository/io/grpc/grpc-protobuf-lite/1.48.1/grpc-protobuf-lite-1.48.1.jar:/home/runner/.m2/repository/io/grpc/grpc-stub/1.48.1/grpc-stub-1.48.1.jar:/home/runner/.m2/repository/io/netty/netty-transport/4.1.79.Final/netty-transport-4.1.79.Final.jar:/home/runner/.m2/repository/io/netty/netty-resolver/4.1.79.Final/netty-resolver-4.1.79.Final.jar:/home/runner/.m2/repository/org/apache/ozone/ozone-csi/1.3.0-SNAPSHOT/ozone-csi-1.3.0-SNAPSHOT.jar:/home/runner/.m2/repository/com/google/protobuf/protobuf-java-util/3.19.2/protobuf-java-util-3.19.2.jar:/home/runner/.m2/repository/com/google/code/gson/gson/2.9.0/gson-2.9.0.jar:/home/runner/.m2/repository/org/apache/ozone/hdds-config/1.3.0-SNAPSHOT/hdds-config-1.3.0-SNAPSHOT.jar:/home/runner/.m2/repository/io/netty/netty-transport-native-epoll/4.1.79.Final/netty-transport-native-epoll-4.1.79.Final-linux-x86_64.jar:/home/runner/.m2/repository/io/netty/netty-transport-classes-epoll/4.1.79.Final/netty-transport-classes-epoll-4.1.79.Final.jar:/home/runner/.m2/repository/io/netty/netty-transport-native-unix-common/4.1.79.Final/netty-transport-native-unix-common-4.1.79.Final.jar:/home/runner/.m2/repository/org/slf4j/slf4j-reload4j/1.7.36/slf4j-reload4j-1.7.36.jar:/home/runner/.m2/repository/org/apache/ozone/ozone-recon/1.3.0-SNAPSHOT/ozone-recon-1.3.0-SNAPSHOT.jar:/home/runner/.m2/repository/org/apache/ozone/ozone-reconcodegen/1.3.0-SNAPSHOT/ozone-reconcodegen-1.3.0-SNAPSHOT.jar:/home/runner/.m2/repository/com/google/inject/extensions/guice-multibindings/4.0/guice-multibindings-4.0.jar:/home/runner/.m2/repository/com/google/inject/guice/4.0/guice-4.0.jar:/home/runner/.m2/repository/aopalliance/aopalliance/1.0/aopalliance-1.0.jar:/home/runner/.m2/repository/com/google/inject/extensions/guice-assistedinject/4.0/guice-assistedinject-4.0.jar:/home/runner/.m2/repository/com/google/inject/extensions/guice-servlet/4.0/guice-servlet-4.0.jar:/home/runner/.m2/repository/org/glassfish/jersey/containers/jersey-container-servlet/2.34/jersey-container-servlet-2.34.jar:/home/runner/.m2/repository/org/glassfish/hk2/guice-bridge/2.5.0/guice-bridge-2.5.0.jar:/home/runner/.m2/repository/org/glassfish/jersey/core/jersey-server/2.34/jersey-server-2.34.jar:/home/runner/.m2/repository/org/glassfish/jersey/core/jersey-client/2.34/jersey-client-2.34.jar:/home/runner/.m2/repository/jakarta/annotation/jakarta.annotation-api/1.3.5/jakarta.annotation-api-1.3.5.jar:/home/runner/.m2/repository/jakarta/validation/jakarta.validation-api/2.0.2/jakarta.validation-api-2.0.2.jar:/home/runner/.m2/repository/org/glassfish/jersey/media/jersey-media-json-jackson/2.34/jersey-media-json-jackson-2.34.jar:/home/runner/.m2/repository/org/glassfish/jersey/ext/jersey-entity-filtering/2.34/jersey-entity-filtering-2.34.jar:/home/runner/.m2/repository/org/jooq/jooq/3.11.10/jooq-3.11.10.jar:/home/runner/.m2/repository/org/jooq/jooq-meta/3.11.10/jooq-meta-3.11.10.jar:/home/runner/.m2/repository/org/jooq/jooq-codegen/3.11.10/jooq-codegen-3.11.10.jar:/home/runner/.m2/repository/com/jolbox/bonecp/0.8.0.RELEASE/bonecp-0.8.0.RELEASE.jar:/home/runner/.m2/repository/org/apache/derby/derby/10.14.2.0/derby-10.14.2.0.jar:/home/runner/.m2/repository/org/xerial/sqlite-jdbc/3.25.2/sqlite-jdbc-3.25.2.jar:/home/runner/.m2/repository/org/springframework/spring-jdbc/5.2.20.RELEASE/spring-jdbc-5.2.20.RELEASE.jar:/home/runner/.m2/repository/org/springframework/spring-beans/5.2.20.RELEASE/spring-beans-5.2.20.RELEASE.jar:/home/runner/.m2/repository/org/springframework/spring-core/5.2.20.RELEASE/spring-core-5.2.20.RELEASE.jar:/home/runner/.m2/repository/org/springframework/spring-jcl/5.2.20.RELEASE/spring-jcl-5.2.20.RELEASE.jar:/home/runner/.m2/repository/org/springframework/spring-tx/5.2.20.RELEASE/spring-tx-5.2.20.RELEASE.jar:/home/runner/.m2/repository/org/apache/ozone/ozone-client/1.3.0-SNAPSHOT/ozone-client-1.3.0-SNAPSHOT.jar:/home/runner/.m2/repository/org/apache/ozone/hdds-erasurecode/1.3.0-SNAPSHOT/hdds-erasurecode-1.3.0-SNAPSHOT.jar:/home/runner/.m2/repository/com/github/spotbugs/spotbugs-annotations/3.1.12/spotbugs-annotations-3.1.12.jar:/home/runner/.m2/repository/org/apache/ozone/ozone-filesystem/1.3.0-SNAPSHOT/ozone-filesystem-1.3.0-SNAPSHOT.jar:/home/runner/.m2/repository/org/apache/ozone/ozone-filesystem-common/1.3.0-SNAPSHOT/ozone-filesystem-common-1.3.0-SNAPSHOT.jar:/home/runner/.m2/repository/org/apache/ozone/ozone-tools/1.3.0-SNAPSHOT/ozone-tools-1.3.0-SNAPSHOT.jar:/home/runner/.m2/repository/org/apache/ratis/ratis-tools/2.3.0/ratis-tools-2.3.0.jar:/home/runner/.m2/repository/com/amazonaws/aws-java-sdk-core/1.12.261/aws-java-sdk-core-1.12.261.jar:/home/runner/.m2/repository/org/apache/httpcomponents/httpclient/4.5.13/httpclient-4.5.13.jar:/home/runner/.m2/repository/org/apache/httpcomponents/httpcore/4.4.13/httpcore-4.4.13.jar:/home/runner/.m2/repository/software/amazon/ion/ion-java/1.0.2/ion-java-1.0.2.jar:/home/runner/.m2/repository/com/fasterxml/jackson/dataformat/jackson-dataformat-cbor/2.13.2/jackson-dataformat-cbor-2.13.2.jar:/home/runner/.m2/repository/joda-time/joda-time/2.8.1/joda-time-2.8.1.jar:/home/runner/.m2/repository/com/amazonaws/aws-java-sdk-s3/1.12.261/aws-java-sdk-s3-1.12.261.jar:/home/runner/.m2/repository/com/amazonaws/aws-java-sdk-kms/1.12.261/aws-java-sdk-kms-1.12.261.jar:/home/runner/.m2/repository/com/amazonaws/jmespath-java/1.12.261/jmespath-java-1.12.261.jar:/home/runner/.m2/repository/org/kohsuke/metainf-services/metainf-services/1.8/metainf-services-1.8.jar:/home/runner/.m2/repository/org/apache/ozone/hdds-tools/1.3.0-SNAPSHOT/hdds-tools-1.3.0-SNAPSHOT.jar:/home/runner/.m2/repository/commons-cli/commons-cli/1.2/commons-cli-1.2.jar:/home/runner/.m2/repository/org/apache/commons/commons-lang3/3.7/commons-lang3-3.7.jar:/home/runner/.m2/repository/org/apache/ozone/ozone-manager/1.3.0-SNAPSHOT/ozone-manager-1.3.0-SNAPSHOT-tests.jar:/home/runner/.m2/repository/org/apache/ozone/hdds-common/1.3.0-SNAPSHOT/hdds-common-1.3.0-SNAPSHOT-tests.jar:/home/runner/.m2/repository/org/apache/ozone/hdds-hadoop-dependency-client/1.3.0-SNAPSHOT/hdds-hadoop-dependency-client-1.3.0-SNAPSHOT.jar:/home/runner/.m2/repository/info/picocli/picocli/4.6.1/picocli-4.6.1.jar:/home/runner/.m2/repository/com/fasterxml/jackson/core/jackson-annotations/2.13.2/jackson-annotations-2.13.2.jar:/home/runner/.m2/repository/com/fasterxml/jackson/datatype/jackson-datatype-jsr310/2.13.2/jackson-datatype-jsr310-2.13.2.jar:/home/runner/.m2/repository/org/apache/ozone/hdds-annotation-processing/1.3.0-SNAPSHOT/hdds-annotation-processing-1.3.0-SNAPSHOT.jar:/home/runner/.m2/repository/javax/annotation/javax.annotation-api/1.2/javax.annotation-api-1.2.jar:/home/runner/.m2/repository/org/apache/ratis/ratis-server/2.3.0/ratis-server-2.3.0.jar:/home/runner/.m2/repository/org/apache/ratis/ratis-client/2.3.0/ratis-client-2.3.0.jar:/home/runner/.m2/repository/org/apache/ratis/ratis-server-api/2.3.0/ratis-server-api-2.3.0.jar:/home/runner/.m2/repository/org/apache/ratis/ratis-metrics/2.3.0/ratis-metrics-2.3.0.jar:/home/runner/.m2/repository/org/apache/ratis/ratis-netty/2.3.0/ratis-netty-2.3.0.jar:/home/runner/.m2/repository/org/apache/ratis/ratis-grpc/2.3.0/ratis-grpc-2.3.0.jar:/home/runner/.m2/repository/org/apache/logging/log4j/log4j-api/2.17.1/log4j-api-2.17.1.jar:/home/runner/.m2/repository/org/apache/commons/commons-pool2/2.6.0/commons-pool2-2.6.0.jar:/home/runner/.m2/repository/org/bouncycastle/bcpkix-jdk15on/1.67/bcpkix-jdk15on-1.67.jar:/home/runner/.m2/repository/commons-validator/commons-validator/1.6/commons-validator-1.6.jar:/home/runner/.m2/repository/commons-beanutils/commons-beanutils/1.9.4/commons-beanutils-1.9.4.jar:/home/runner/.m2/repository/commons-digester/commons-digester/1.8.1/commons-digester-1.8.1.jar:/home/runner/.m2/repository/commons-collections/commons-collections/3.2.2/commons-collections-3.2.2.jar:/home/runner/.m2/repository/io/jaegertracing/jaeger-client/1.6.0/jaeger-client-1.6.0.jar:/home/runner/.m2/repository/io/jaegertracing/jaeger-thrift/1.6.0/jaeger-thrift-1.6.0.jar:/home/runner/.m2/repository/org/apache/thrift/libthrift/0.14.1/libthrift-0.14.1.jar:/home/runner/.m2/repository/com/squareup/okhttp3/okhttp/4.9.0/okhttp-4.9.0.jar:/home/runner/.m2/repository/com/squareup/okio/okio/2.8.0/okio-2.8.0.jar:/home/runner/.m2/repository/io/jaegertracing/jaeger-core/1.6.0/jaeger-core-1.6.0.jar:/home/runner/.m2/repository/io/jaegertracing/jaeger-tracerresolver/1.6.0/jaeger-tracerresolver-1.6.0.jar:/home/runner/.m2/repository/io/opentracing/contrib/opentracing-tracerresolver/0.1.8/opentracing-tracerresolver-0.1.8.jar:/home/runner/.m2/repository/org/jetbrains/kotlin/kotlin-stdlib/1.6.21/kotlin-stdlib-1.6.21.jar:/home/runner/.m2/repository/org/jetbrains/kotlin/kotlin-stdlib-common/1.6.21/kotlin-stdlib-common-1.6.21.jar:/home/runner/.m2/repository/org/jetbrains/annotations/13.0/annotations-13.0.jar:/home/runner/.m2/repository/io/opentracing/opentracing-util/0.33.0/opentracing-util-0.33.0.jar:/home/runner/.m2/repository/io/opentracing/opentracing-api/0.33.0/opentracing-api-0.33.0.jar:/home/runner/.m2/repository/io/opentracing/opentracing-noop/0.33.0/opentracing-noop-0.33.0.jar:/home/runner/.m2/repository/org/yaml/snakeyaml/1.32/snakeyaml-1.32.jar:/home/runner/.m2/repository/org/apache/ozone/hdds-interface-admin/1.3.0-SNAPSHOT/hdds-interface-admin-1.3.0-SNAPSHOT.jar:/home/runner/.m2/repository/junit/junit/4.13.1/junit-4.13.1.jar:/home/runner/.m2/repository/org/hamcrest/hamcrest-core/1.3/hamcrest-core-1.3.jar:/home/runner/.m2/repository/org/junit/jupiter/junit-jupiter-api/5.8.2/junit-jupiter-api-5.8.2.jar:/home/runner/.m2/repository/org/opentest4j/opentest4j/1.2.0/opentest4j-1.2.0.jar:/home/runner/.m2/repository/org/junit/platform/junit-platform-commons/1.8.2/junit-platform-commons-1.8.2.jar:/home/runner/.m2/repository/org/apiguardian/apiguardian-api/1.1.2/apiguardian-api-1.1.2.jar:/home/runner/.m2/repository/org/junit/jupiter/junit-jupiter-params/5.8.2/junit-jupiter-params-5.8.2.jar:/home/runner/.m2/repository/org/junit/jupiter/junit-jupiter-migrationsupport/5.8.2/junit-jupiter-migrationsupport-5.8.2.jar:/home/runner/.m2/repository/org/junit/jupiter/junit-jupiter-engine/5.8.2/junit-jupiter-engine-5.8.2.jar:/home/runner/.m2/repository/org/junit/platform/junit-platform-engine/1.8.2/junit-platform-engine-1.8.2.jar:/home/runner/.m2/repository/org/junit/vintage/junit-vintage-engine/5.8.2/junit-vintage-engine-5.8.2.jar:/home/runner/.m2/repository/org/junit/platform/junit-platform-launcher/1.8.2/junit-platform-launcher-1.8.2.jar:/home/runner/.m2/repository/org/mockito/mockito-core/2.28.2/mockito-core-2.28.2.jar:/home/runner/.m2/repository/net/bytebuddy/byte-buddy/1.9.10/byte-buddy-1.9.10.jar:/home/runner/.m2/repository/net/bytebuddy/byte-buddy-agent/1.9.10/byte-buddy-agent-1.9.10.jar:/home/runner/.m2/repository/org/objenesis/objenesis/1.0/objenesis-1.0.jar:/home/runner/.m2/repository/org/apache/hadoop/hadoop-kms/3.3.1/hadoop-kms-3.3.1.jar:/home/runner/.m2/repository/org/apache/hadoop/hadoop-auth/3.3.1/hadoop-auth-3.3.1.jar:/home/runner/.m2/repository/com/nimbusds/nimbus-jose-jwt/7.9/nimbus-jose-jwt-7.9.jar:/home/runner/.m2/repository/com/github/stephenc/jcip/jcip-annotations/1.0-1/jcip-annotations-1.0-1.jar:/home/runner/.m2/repository/net/minidev/json-smart/2.4.7/json-smart-2.4.7.jar:/home/runner/.m2/repository/net/minidev/accessors-smart/2.4.7/accessors-smart-2.4.7.jar:/home/runner/.m2/repository/org/ow2/asm/asm/5.0.4/asm-5.0.4.jar:/home/runner/.m2/repository/org/apache/zookeeper/zookeeper/3.5.6/zookeeper-3.5.6.jar:/home/runner/.m2/repository/org/apache/zookeeper/zookeeper-jute/3.5.6/zookeeper-jute-3.5.6.jar:/home/runner/.m2/repository/org/apache/yetus/audience-annotations/0.5.0/audience-annotations-0.5.0.jar:/home/runner/.m2/repository/org/apache/curator/curator-framework/4.2.0/curator-framework-4.2.0.jar:/home/runner/.m2/repository/org/apache/hadoop/thirdparty/hadoop-shaded-guava/1.1.1/hadoop-shaded-guava-1.1.1.jar:/home/runner/.m2/repository/com/sun/jersey/jersey-core/1.19/jersey-core-1.19.jar:/home/runner/.m2/repository/javax/ws/rs/jsr311-api/1.1.1/jsr311-api-1.1.1.jar:/home/runner/.m2/repository/com/sun/jersey/jersey-server/1.19/jersey-server-1.19.jar:/home/runner/.m2/repository/javax/servlet/javax.servlet-api/3.1.0/javax.servlet-api-3.1.0.jar:/home/runner/.m2/repository/org/eclipse/jetty/jetty-server/9.4.43.v20210629/jetty-server-9.4.43.v20210629.jar:/home/runner/.m2/repository/org/eclipse/jetty/jetty-http/9.4.43.v20210629/jetty-http-9.4.43.v20210629.jar:/home/runner/.m2/repository/org/eclipse/jetty/jetty-io/9.4.43.v20210629/jetty-io-9.4.43.v20210629.jar:/home/runner/.m2/repository/org/eclipse/jetty/jetty-webapp/9.4.43.v20210629/jetty-webapp-9.4.43.v20210629.jar:/home/runner/.m2/repository/org/eclipse/jetty/jetty-xml/9.4.43.v20210629/jetty-xml-9.4.43.v20210629.jar:/home/runner/.m2/repository/org/apache/hadoop/hadoop-common/3.3.1/hadoop-common-3.3.1.jar:/home/runner/.m2/repository/org/apache/commons/commons-math3/3.1.1/commons-math3-3.1.1.jar:/home/runner/.m2/repository/commons-net/commons-net/3.6/commons-net-3.6.jar:/home/runner/.m2/repository/com/sun/jersey/jersey-servlet/1.19/jersey-servlet-1.19.jar:/home/runner/.m2/repository/com/sun/jersey/jersey-json/1.19/jersey-json-1.19.jar:/home/runner/.m2/repository/org/codehaus/jettison/jettison/1.1/jettison-1.1.jar:/home/runner/.m2/repository/com/sun/xml/bind/jaxb-impl/2.2.3-1/jaxb-impl-2.2.3-1.jar:/home/runner/.m2/repository/org/codehaus/jackson/jackson-xc/1.9.2/jackson-xc-1.9.2.jar:/home/runner/.m2/repository/org/apache/commons/commons-configuration2/2.1.1/commons-configuration2-2.1.1.jar:/home/runner/.m2/repository/org/apache/commons/commons-text/1.4/commons-text-1.4.jar:/home/runner/.m2/repository/com/google/re2j/re2j/1.1/re2j-1.1.jar:/home/runner/.m2/repository/com/jcraft/jsch/0.1.54/jsch-0.1.54.jar:/home/runner/.m2/repository/org/apache/curator/curator-client/4.2.0/curator-client-4.2.0.jar:/home/runner/.m2/repository/org/apache/curator/curator-recipes/4.2.0/curator-recipes-4.2.0.jar:/home/runner/.m2/repository/org/apache/htrace/htrace-core4/4.1.0-incubating/htrace-core4-4.1.0-incubating.jar:/home/runner/.m2/repository/org/apache/kerby/kerb-core/1.0.1/kerb-core-1.0.1.jar:/home/runner/.m2/repository/org/apache/kerby/kerby-pkix/1.0.1/kerby-pkix-1.0.1.jar:/home/runner/.m2/repository/org/apache/kerby/kerby-asn1/1.0.1/kerby-asn1-1.0.1.jar:/home/runner/.m2/repository/org/apache/kerby/kerby-util/1.0.1/kerby-util-1.0.1.jar:/home/runner/.m2/repository/dnsjava/dnsjava/2.1.7/dnsjava-2.1.7.jar:/home/runner/.m2/repository/org/xerial/snappy/snappy-java/1.1.8.2/snappy-java-1.1.8.2.jar:/home/runner/.m2/repository/org/eclipse/jetty/jetty-util/9.4.43.v20210629/jetty-util-9.4.43.v20210629.jar:/home/runner/.m2/repository/com/fasterxml/jackson/core/jackson-databind/2.13.2.2/jackson-databind-2.13.2.2.jar:/home/runner/.m2/repository/org/apache/hadoop/hadoop-kms/3.3.1/hadoop-kms-3.3.1-tests.jar:/home/runner/.m2/repository/org/apache/ozone/hdds-server-scm/1.3.0-SNAPSHOT/hdds-server-scm-1.3.0-SNAPSHOT-tests.jar:/home/runner/.m2/repository/org/apache/ozone/hdds-container-service/1.3.0-SNAPSHOT/hdds-container-service-1.3.0-SNAPSHOT-tests.jar:/home/runner/.m2/repository/commons-codec/commons-codec/1.11/commons-codec-1.11.jar:/home/runner/.m2/repository/io/netty/netty-codec/4.1.79.Final/netty-codec-4.1.79.Final.jar:/home/runner/.m2/repository/io/netty/netty-handler/4.1.79.Final/netty-handler-4.1.79.Final.jar:/home/runner/.m2/repository/org/apache/ozone/hdds-hadoop-dependency-test/1.3.0-SNAPSHOT/hdds-hadoop-dependency-test-1.3.0-SNAPSHOT.jar:/home/runner/.m2/repository/org/apache/hadoop/hadoop-common/3.3.1/hadoop-common-3.3.1-tests.jar:/home/runner/.m2/repository/org/apache/hadoop/hadoop-hdfs/3.3.1/hadoop-hdfs-3.3.1-tests.jar:/home/runner/.m2/repository/org/assertj/assertj-core/3.12.2/assertj-core-3.12.2.jar:/home/runner/.m2/repository/org/apache/hadoop/hadoop-distcp/3.3.1/hadoop-distcp-3.3.1.jar:/home/runner/.m2/repository/org/apache/hadoop/hadoop-mapreduce-client-jobclient/3.3.1/hadoop-mapreduce-client-jobclient-3.3.1.jar:/home/runner/.m2/repository/org/apache/hadoop/hadoop-mapreduce-client-common/3.3.1/hadoop-mapreduce-client-common-3.3.1.jar:/home/runner/.m2/repository/org/apache/hadoop/hadoop-yarn-common/3.3.1/hadoop-yarn-common-3.3.1.jar:/home/runner/.m2/repository/org/apache/hadoop/hadoop-yarn-api/3.3.1/hadoop-yarn-api-3.3.1.jar:/home/runner/.m2/repository/com/sun/jersey/contribs/jersey-guice/1.19/jersey-guice-1.19.jar:/home/runner/.m2/repository/com/fasterxml/jackson/jaxrs/jackson-jaxrs-json-provider/2.13.2/jackson-jaxrs-json-provider-2.13.2.jar:/home/runner/.m2/repository/com/fasterxml/jackson/jaxrs/jackson-jaxrs-base/2.13.2/jackson-jaxrs-base-2.13.2.jar:/home/runner/.m2/repository/org/apache/hadoop/hadoop-yarn-client/3.3.1/hadoop-yarn-client-3.3.1.jar:/home/runner/.m2/repository/org/eclipse/jetty/websocket/websocket-client/9.4.40.v20210413/websocket-client-9.4.40.v20210413.jar:/home/runner/.m2/repository/org/eclipse/jetty/websocket/websocket-common/9.4.40.v20210413/websocket-common-9.4.40.v20210413.jar:/home/runner/.m2/repository/org/eclipse/jetty/websocket/websocket-api/9.4.40.v20210413/websocket-api-9.4.40.v20210413.jar:/home/runner/.m2/repository/org/jline/jline/3.9.0/jline-3.9.0.jar:/home/runner/.m2/repository/org/apache/hadoop/hadoop-mapreduce-client-core/3.3.1/hadoop-mapreduce-client-core-3.3.1.jar:/home/runner/.m2/repository/org/apache/avro/avro/1.7.7/avro-1.7.7.jar:/home/runner/.m2/repository/org/codehaus/jackson/jackson-core-asl/1.9.13/jackson-core-asl-1.9.13.jar:/home/runner/.m2/repository/org/codehaus/jackson/jackson-mapper-asl/1.9.13/jackson-mapper-asl-1.9.13.jar:/home/runner/.m2/repository/com/thoughtworks/paranamer/paranamer/2.3/paranamer-2.3.jar:/home/runner/.m2/repository/org/apache/hadoop/hadoop-annotations/3.3.1/hadoop-annotations-3.3.1.jar:/opt/hostedtoolcache/jdk/8.0.345/x64/jre/../lib/tools.jar:/home/runner/.m2/repository/io/netty/netty/3.10.6.Final/netty-3.10.6.Final.jar:/home/runner/.m2/repository/org/apache/hadoop/hadoop-distcp/3.3.1/hadoop-distcp-3.3.1-tests.jar:/home/runner/.m2/repository/org/slf4j/jul-to-slf4j/1.7.36/jul-to-slf4j-1.7.36.jar:/home/runner/.m2/repository/org/apache/ratis/ratis-common/2.3.0/ratis-common-2.3.0.jar:/home/runner/.m2/repository/org/apache/ratis/ratis-thirdparty-misc/1.0.0/ratis-thirdparty-misc-1.0.0.jar:/home/runner/.m2/repository/org/apache/ratis/ratis-proto/2.3.0/ratis-proto-2.3.0.jar:"/>
    <property name="sun.cpu.endian" value="little"/>
    <property name="user.home" value="/home/runner"/>
    <property name="user.language" value="en"/>
    <property name="java.specification.vendor" value="Oracle Corporation"/>
    <property name="java.home" value="/opt/hostedtoolcache/jdk/8.0.345/x64/jre"/>
    <property name="java.security.krb5.conf" value="/home/runner/work/ozone/ozone/hadoop-ozone/integration-test/target/test-classes/krb5.conf"/>
    <property name="basedir" value="/home/runner/work/ozone/ozone/hadoop-ozone/integration-test"/>
    <property name="file.separator" value="/"/>
    <property name="line.separator" value="&#10;"/>
    <property name="jdk.vendor.version" value="Zulu 8.64.0.19-CA-linux64"/>
    <property name="java.vm.specification.vendor" value="Oracle Corporation"/>
    <property name="java.specification.name" value="Java Platform API Specification"/>
    <property name="java.awt.graphicsenv" value="sun.awt.X11GraphicsEnvironment"/>
    <property name="skip.installnpx" value="true"/>
    <property name="surefire.real.class.path" value="/home/runner/work/ozone/ozone/hadoop-ozone/integration-test/target/surefire/surefirebooter2018818318218186868.jar:/home/runner/.m2/repository/org/jacoco/org.jacoco.agent/0.8.5/org.jacoco.agent-0.8.5-runtime.jar"/>
    <property name="hadoop.log.dir" value="/home/runner/work/ozone/ozone/hadoop-ozone/integration-test/target/log"/>
    <property name="sun.boot.class.path" value="/opt/hostedtoolcache/jdk/8.0.345/x64/jre/lib/resources.jar:/opt/hostedtoolcache/jdk/8.0.345/x64/jre/lib/rt.jar:/opt/hostedtoolcache/jdk/8.0.345/x64/jre/lib/sunrsasign.jar:/opt/hostedtoolcache/jdk/8.0.345/x64/jre/lib/jsse.jar:/opt/hostedtoolcache/jdk/8.0.345/x64/jre/lib/jce.jar:/opt/hostedtoolcache/jdk/8.0.345/x64/jre/lib/charsets.jar:/opt/hostedtoolcache/jdk/8.0.345/x64/jre/lib/jfr.jar:/opt/hostedtoolcache/jdk/8.0.345/x64/jre/lib/cat.jar:/opt/hostedtoolcache/jdk/8.0.345/x64/jre/classes"/>
    <property name="sun.management.compiler" value="HotSpot 64-Bit Tiered Compilers"/>
    <property name="skip.npx" value="true"/>
    <property name="java.runtime.version" value="1.8.0_345-b01"/>
    <property name="java.net.preferIPv4Stack" value="true"/>
    <property name="user.name" value="runner"/>
    <property name="path.separator" value=":"/>
    <property name="java.security.egd" value="file:///dev/urandom"/>
    <property name="os.version" value="5.15.0-1020-azure"/>
    <property name="java.endorsed.dirs" value="/opt/hostedtoolcache/jdk/8.0.345/x64/jre/lib/endorsed"/>
    <property name="java.runtime.name" value="OpenJDK Runtime Environment"/>
    <property name="file.encoding" value="UTF-8"/>
    <property name="java.vm.name" value="OpenJDK 64-Bit Server VM"/>
    <property name="test.build.webapps" value=""/>
    <property name="localRepository" value="/home/runner/.m2/repository"/>
    <property name="jetty.git.hash" value="526006ecfa3af7f1a27ef3a288e2bef7ea9dd7e8"/>
    <property name="java.vendor.url.bug" value="http://www.azul.com/support/"/>
    <property name="java.io.tmpdir" value="/tmp"/>
    <property name="require.test.libhadoop" value=""/>
    <property name="java.version" value="1.8.0_345"/>
    <property name="user.dir" value="/home/runner/work/ozone/ozone/hadoop-ozone/integration-test"/>
    <property name="os.arch" value="amd64"/>
    <property name="java.vm.specification.name" value="Java Virtual Machine Specification"/>
    <property name="test.build.classes" value="/home/runner/work/ozone/ozone/hadoop-ozone/integration-test/target/test-classes"/>
    <property name="java.awt.printerjob" value="sun.print.PSPrinterJob"/>
    <property name="sun.os.patch.level" value="unknown"/>
    <property name="hadoop.tmp.dir" value="/home/runner/work/ozone/ozone/hadoop-ozone/integration-test/target/tmp"/>
    <property name="java.library.path" value="/usr/java/packages/lib/amd64:/usr/lib64:/lib64:/lib:/usr/lib"/>
    <property name="java.vm.info" value="mixed mode"/>
    <property name="java.vendor" value="Azul Systems, Inc."/>
    <property name="java.vm.version" value="25.345-b01"/>
    <property name="java.ext.dirs" value="/opt/hostedtoolcache/jdk/8.0.345/x64/jre/lib/ext:/usr/java/packages/lib/ext"/>
    <property name="sun.io.unicode.encoding" value="UnicodeLittle"/>
    <property name="java.class.version" value="52.0"/>
  </properties>
  <testcase name="testMultipartUpload" classname="org.apache.hadoop.ozone.om.TestOzoneManagerHAWithData" time="11.108">
    <system-out><![CDATA[2022-09-29 01:22:49,671 [main] WARN  server.ServerUtils (ServerUtils.java:getScmDbDir(148)) - ozone.scm.db.dirs is not configured. We recommend adding this setting. Falling back to ozone.metadata.dirs instead.
2022-09-29 01:22:49,746 [main] WARN  server.ServerUtils (ServerUtils.java:getScmDbDir(148)) - ozone.scm.db.dirs is not configured. We recommend adding this setting. Falling back to ozone.metadata.dirs instead.
2022-09-29 01:22:49,749 [main] INFO  ha.SCMHANodeDetails (SCMHANodeDetails.java:loadSCMHAConfig(209)) - ServiceID for StorageContainerManager is null
2022-09-29 01:22:49,758 [main] WARN  ha.SCMHANodeDetails (SCMHANodeDetails.java:validateSCMHAConfig(182)) - Invalid config ozone.scm.ratis.enable. The config was not specified, but the default value true conflicts with the expected config value false. Falling back to the expected value. Current State of SCM: SCM is running in Non-HA without Ratis Ratis SCM -> Non Ratis SCM or Non HA SCM -> HA SCM is not supported
2022-09-29 01:22:49,758 [main] INFO  ha.SCMHANodeDetails (SCMHANodeDetails.java:loadSCMHAConfig(214)) - ozone.scm.default.service.id is not defined, falling back to ozone.scm.service.ids to find serviceID for StorageContainerManager if it is HA enabled cluster
2022-09-29 01:22:50,244 [main] WARN  utils.HAUtils (HAUtils.java:getMetaDir(342)) - ozone.scm.db.dirs is not configured. We recommend adding this setting. Falling back to ozone.metadata.dirs instead.
2022-09-29 01:22:50,438 [main] WARN  db.DBStoreBuilder (DBStoreBuilder.java:applyDBDefinition(144)) - ozone.scm.db.dirs is not configured. We recommend adding this setting. Falling back to ozone.metadata.dirs instead.
2022-09-29 01:22:50,634 [main] INFO  net.NodeSchemaLoader (NodeSchemaLoader.java:loadSchemaFromFile(129)) - Loading schema from [jar:file:/home/runner/.m2/repository/org/apache/ozone/hdds-common/1.3.0-SNAPSHOT/hdds-common-1.3.0-SNAPSHOT.jar!/network-topology-default.xml]
2022-09-29 01:22:50,636 [main] INFO  net.NodeSchemaLoader (NodeSchemaLoader.java:loadSchema(176)) - Loading network topology layer schema file
2022-09-29 01:22:50,676 [main] INFO  metrics.MetricRegistries (MetricRegistriesLoader.java:load(64)) - Loaded MetricRegistries class org.apache.ratis.metrics.impl.MetricRegistriesImpl
2022-09-29 01:22:50,682 [main] INFO  upgrade.AbstractLayoutVersionManager (AbstractLayoutVersionManager.java:init(83)) - Initializing Layout version manager with metadata layout = DATANODE_SCHEMA_V3 (version = 4), software layout = DATANODE_SCHEMA_V3 (version = 4)
2022-09-29 01:22:50,861 [main] INFO  reflections.Reflections (Reflections.java:scan(232)) - Reflections took 114 ms to scan 7 urls, producing 135 keys and 327 values 
2022-09-29 01:22:50,952 [main] INFO  ha.SequenceIdGenerator (SequenceIdGenerator.java:upgradeToSequenceId(349)) - upgrade localId to 109611004723200000
2022-09-29 01:22:50,952 [main] INFO  ha.SequenceIdGenerator (SequenceIdGenerator.java:upgradeToSequenceId(359)) - upgrade delTxnId to 0
2022-09-29 01:22:50,956 [main] INFO  ha.SequenceIdGenerator (SequenceIdGenerator.java:upgradeToSequenceId(376)) - upgrade containerId to 0
2022-09-29 01:22:50,958 [main] INFO  ha.SequenceIdGenerator (SequenceIdGenerator.java:<init>(220)) - Init the HA SequenceIdGenerator.
2022-09-29 01:22:50,995 [main] WARN  server.ServerUtils (ServerUtils.java:sanitizeUserArgs(73)) - ozone.scm.stale.node.interval value = 300000 is larger than max = 100000 based on the key value of ozone.scm.heartbeat.thread.interval, reset to the max value 100000.
2022-09-29 01:22:50,995 [main] WARN  server.ServerUtils (ServerUtils.java:sanitizeUserArgs(73)) - ozone.scm.stale.node.interval value = 300000 is larger than max = 100000 based on the key value of ozone.scm.heartbeat.thread.interval, reset to the max value 100000.
2022-09-29 01:22:51,001 [main] INFO  node.SCMNodeManager (SCMNodeManager.java:<init>(149)) - Entering startup safe mode.
2022-09-29 01:22:51,071 [main] INFO  algorithms.ContainerPlacementPolicyFactory (ContainerPlacementPolicyFactory.java:getPolicyInternal(86)) - Create container placement policy of type org.apache.hadoop.hdds.scm.container.placement.algorithms.SCMContainerPlacementRandom
2022-09-29 01:22:51,073 [main] INFO  algorithms.ContainerPlacementPolicyFactory (ContainerPlacementPolicyFactory.java:getPolicyInternal(86)) - Create container placement policy of type org.apache.hadoop.hdds.scm.container.placement.algorithms.SCMContainerPlacementRackScatter
2022-09-29 01:22:51,082 [main] INFO  pipeline.PipelineStateManagerImpl (PipelineStateManagerImpl.java:initialize(78)) - No pipeline exists in current db
2022-09-29 01:22:51,115 [main] INFO  algorithms.LeaderChoosePolicyFactory (LeaderChoosePolicyFactory.java:getPolicy(57)) - Create leader choose policy of type org.apache.hadoop.hdds.scm.pipeline.leader.choose.algorithms.MinLeaderCountChoosePolicy
2022-09-29 01:22:51,116 [main] INFO  algorithms.ContainerPlacementPolicyFactory (ContainerPlacementPolicyFactory.java:getPolicyInternal(86)) - Create container placement policy of type org.apache.hadoop.hdds.scm.container.placement.algorithms.SCMContainerPlacementRackScatter
2022-09-29 01:22:51,121 [main] INFO  ha.SCMServiceManager (SCMServiceManager.java:register(42)) - Registering service BackgroundPipelineCreator.
2022-09-29 01:22:51,121 [main] INFO  pipeline.BackgroundPipelineCreator (BackgroundPipelineCreator.java:start(124)) - Starting RatisPipelineUtilsThread.
2022-09-29 01:22:51,125 [main] INFO  BackgroundPipelineScrubber (BackgroundSCMService.java:start(68)) - Starting BackgroundPipelineScrubber Service.
2022-09-29 01:22:51,128 [main] INFO  ha.SCMServiceManager (SCMServiceManager.java:register(42)) - Registering service BackgroundPipelineScrubber.
2022-09-29 01:22:51,141 [main] INFO  ExpiredContainerReplicaOpScrubber (BackgroundSCMService.java:start(68)) - Starting ExpiredContainerReplicaOpScrubber Service.
2022-09-29 01:22:51,141 [main] INFO  ha.SCMServiceManager (SCMServiceManager.java:register(42)) - Registering service ExpiredContainerReplicaOpScrubber.
2022-09-29 01:22:51,179 [main] INFO  algorithms.PipelineChoosePolicyFactory (PipelineChoosePolicyFactory.java:createPipelineChoosePolicyFromClass(73)) - Create pipeline choose policy of type org.apache.hadoop.hdds.scm.pipeline.choose.algorithms.RandomPipelineChoosePolicy
2022-09-29 01:22:51,195 [main] INFO  ha.SCMServiceManager (SCMServiceManager.java:register(42)) - Registering service SCMBlockDeletingService.
2022-09-29 01:22:51,236 [main] INFO  replication.ReplicationManager (ReplicationManager.java:start(223)) - Starting Replication Monitor Thread.
2022-09-29 01:22:51,242 [main] INFO  ha.SCMServiceManager (SCMServiceManager.java:register(42)) - Registering service ReplicationManager.
2022-09-29 01:22:51,244 [ReplicationMonitor] INFO  replication.ReplicationManager (ReplicationManager.java:processAll(291)) - Replication Manager is not ready to run until 3000ms after safemode exit
2022-09-29 01:22:51,254 [main] INFO  safemode.ContainerSafeModeRule (ContainerSafeModeRule.java:<init>(89)) - containers with one replica threshold count 0
2022-09-29 01:22:51,257 [main] INFO  safemode.HealthyPipelineSafeModeRule (HealthyPipelineSafeModeRule.java:initializeRule(169)) - Total pipeline count is 0, healthy pipeline threshold count is 1
2022-09-29 01:22:51,259 [main] INFO  safemode.OneReplicaPipelineSafeModeRule (OneReplicaPipelineSafeModeRule.java:initializeRule(180)) - Total pipeline count is 0, pipeline's with at least one datanode reported threshold count is 0
2022-09-29 01:22:51,574 [main] INFO  audit.AuditLogger (AuditLogger.java:refreshDebugCmdSet(126)) - Refresh DebugCmdSet for SCMAudit to [].
2022-09-29 01:22:51,605 [main] INFO  ipc.CallQueueManager (CallQueueManager.java:<init>(90)) - Using callQueue: class java.util.concurrent.LinkedBlockingQueue, queueCapacity: 2000, scheduler: class org.apache.hadoop.ipc.DefaultRpcScheduler, ipcBackoff: false.
2022-09-29 01:22:51,645 [Socket Reader #1 for port 0] INFO  ipc.Server (Server.java:run(1265)) - Starting Socket Reader #1 for port 0
2022-09-29 01:22:51,701 [Listener at 0.0.0.0/42241] INFO  audit.AuditLogger (AuditLogger.java:refreshDebugCmdSet(126)) - Refresh DebugCmdSet for SCMAudit to [].
2022-09-29 01:22:51,710 [Listener at 0.0.0.0/42241] INFO  ipc.CallQueueManager (CallQueueManager.java:<init>(90)) - Using callQueue: class java.util.concurrent.LinkedBlockingQueue, queueCapacity: 2000, scheduler: class org.apache.hadoop.ipc.DefaultRpcScheduler, ipcBackoff: false.
2022-09-29 01:22:51,712 [Socket Reader #1 for port 0] INFO  ipc.Server (Server.java:run(1265)) - Starting Socket Reader #1 for port 0
2022-09-29 01:22:51,746 [Listener at 0.0.0.0/40603] INFO  audit.AuditLogger (AuditLogger.java:refreshDebugCmdSet(126)) - Refresh DebugCmdSet for SCMAudit to [].
2022-09-29 01:22:51,757 [Listener at 0.0.0.0/40603] INFO  ipc.CallQueueManager (CallQueueManager.java:<init>(90)) - Using callQueue: class java.util.concurrent.LinkedBlockingQueue, queueCapacity: 2000, scheduler: class org.apache.hadoop.ipc.DefaultRpcScheduler, ipcBackoff: false.
2022-09-29 01:22:51,760 [Socket Reader #1 for port 0] INFO  ipc.Server (Server.java:run(1265)) - Starting Socket Reader #1 for port 0
2022-09-29 01:22:51,927 [Listener at 0.0.0.0/33085] INFO  ha.SCMServiceManager (SCMServiceManager.java:register(42)) - Registering service ContainerBalancer.
2022-09-29 01:22:51,928 [Listener at 0.0.0.0/33085] INFO  server.StorageContainerManager (StorageContainerManager.java:<init>(410)) - 
Container Balancer status:
Key                            Value
Running                        false
Container Balancer Configuration values:
Key                                                Value
Threshold                                          10
Max Datanodes to Involve per Iteration(percent)    20
Max Size to Move per Iteration                     500GB
Max Size Entering Target per Iteration             26GB
Max Size Leaving Source per Iteration              26GB

2022-09-29 01:22:51,929 [Listener at 0.0.0.0/33085] WARN  events.EventQueue (EventQueue.java:fireEvent(216)) - No event handler registered for event TypedEvent{payloadType=SafeModeStatus, name='Safe mode status'}
2022-09-29 01:22:51,930 [Listener at 0.0.0.0/33085] INFO  ha.SCMContext (SCMContext.java:updateSafeModeStatus(228)) - Update SafeModeStatus from SafeModeStatus{safeModeStatus=true, preCheckPassed=false} to SafeModeStatus{safeModeStatus=true, preCheckPassed=false}.
2022-09-29 01:22:51,933 [Listener at 0.0.0.0/33085] INFO  server.StorageContainerManager (StorageContainerManager.java:start(1436)) - StorageContainerLocationProtocol RPC server is listening at /0.0.0.0:33085
2022-09-29 01:22:51,999 [Listener at 0.0.0.0/33085] WARN  impl.MetricsConfig (MetricsConfig.java:loadFirst(136)) - Cannot locate configuration: tried hadoop-metrics2-storagecontainermanager.properties,hadoop-metrics2.properties
2022-09-29 01:22:52,013 [Listener at 0.0.0.0/33085] INFO  impl.MetricsSystemImpl (MetricsSystemImpl.java:startTimer(378)) - Scheduled Metric snapshot period at 10 second(s).
2022-09-29 01:22:52,013 [Listener at 0.0.0.0/33085] INFO  impl.MetricsSystemImpl (MetricsSystemImpl.java:start(191)) - StorageContainerManager metrics system started
2022-09-29 01:22:52,282 [Listener at 0.0.0.0/33085] INFO  server.SCMClientProtocolServer (SCMClientProtocolServer.java:start(170)) - RPC server for Client  is listening at /0.0.0.0:33085
2022-09-29 01:22:52,282 [IPC Server Responder] INFO  ipc.Server (Server.java:run(1507)) - IPC Server Responder: starting
2022-09-29 01:22:52,284 [IPC Server listener on 0] INFO  ipc.Server (Server.java:run(1344)) - IPC Server listener on 0: starting
2022-09-29 01:22:52,286 [Listener at 0.0.0.0/33085] INFO  server.StorageContainerManager (StorageContainerManager.java:start(1451)) - ScmBlockLocationProtocol RPC server is listening at /0.0.0.0:40603
2022-09-29 01:22:52,287 [Listener at 0.0.0.0/33085] INFO  server.SCMBlockProtocolServer (SCMBlockProtocolServer.java:start(152)) - RPC server for Block Protocol is listening at /0.0.0.0:40603
2022-09-29 01:22:52,287 [IPC Server Responder] INFO  ipc.Server (Server.java:run(1507)) - IPC Server Responder: starting
2022-09-29 01:22:52,288 [IPC Server listener on 0] INFO  ipc.Server (Server.java:run(1344)) - IPC Server listener on 0: starting
2022-09-29 01:22:52,290 [Listener at 0.0.0.0/33085] INFO  server.SCMDatanodeProtocolServer (SCMDatanodeProtocolServer.java:start(186)) - ScmDatanodeProtocol RPC server for DataNodes is listening at /0.0.0.0:42241
2022-09-29 01:22:52,291 [IPC Server Responder] INFO  ipc.Server (Server.java:run(1507)) - IPC Server Responder: starting
2022-09-29 01:22:52,291 [IPC Server listener on 0] INFO  ipc.Server (Server.java:run(1344)) - IPC Server listener on 0: starting
2022-09-29 01:22:52,326 [org.apache.hadoop.util.JvmPauseMonitor$Monitor@46df794e] INFO  util.JvmPauseMonitor (JvmPauseMonitor.java:run(188)) - Starting JVM pause monitor
2022-09-29 01:22:52,327 [Listener at 0.0.0.0/33085] INFO  http.BaseHttpServer (BaseHttpServer.java:newHttpServer2BuilderForOzone(213)) - Starting Web-server for scm at: http://0.0.0.0:0
2022-09-29 01:22:52,327 [Listener at 0.0.0.0/33085] INFO  http.BaseHttpServer (BaseHttpServer.java:<init>(108)) - Hadoop Security Enabled: false Ozone Security Enabled: false Ozone HTTP Security Enabled: false 
2022-09-29 01:22:52,354 [Listener at 0.0.0.0/33085] INFO  util.log (Log.java:initialized(170)) - Logging initialized @4133ms to org.eclipse.jetty.util.log.Slf4jLog
2022-09-29 01:22:52,464 [Listener at 0.0.0.0/33085] INFO  server.AuthenticationFilter (AuthenticationFilter.java:constructSecretProvider(240)) - Unable to initialize FileSignerSecretProvider, falling back to use random secrets.
2022-09-29 01:22:52,469 [Listener at 0.0.0.0/33085] WARN  http.HttpRequestLog (HttpRequestLog.java:getRequestLog(103)) - Jetty request log can only be enabled using Log4j
2022-09-29 01:22:52,477 [Listener at 0.0.0.0/33085] INFO  http.HttpServer2 (HttpServer2.java:addGlobalFilter(1029)) - Added global filter 'safety' (class=org.apache.hadoop.hdds.server.http.HttpServer2$QuotingInputFilter)
2022-09-29 01:22:52,480 [Listener at 0.0.0.0/33085] INFO  http.HttpServer2 (HttpServer2.java:addFilter(1005)) - Added filter static_user_filter (class=org.apache.hadoop.http.lib.StaticUserWebFilter$StaticUserFilter) to context scm
2022-09-29 01:22:52,481 [Listener at 0.0.0.0/33085] INFO  http.HttpServer2 (HttpServer2.java:addFilter(1013)) - Added filter static_user_filter (class=org.apache.hadoop.http.lib.StaticUserWebFilter$StaticUserFilter) to context logs
2022-09-29 01:22:52,481 [Listener at 0.0.0.0/33085] INFO  http.HttpServer2 (HttpServer2.java:addFilter(1013)) - Added filter static_user_filter (class=org.apache.hadoop.http.lib.StaticUserWebFilter$StaticUserFilter) to context static
2022-09-29 01:22:52,522 [Listener at 0.0.0.0/33085] INFO  http.HttpServer2 (HttpServer2.java:bindListener(1248)) - Jetty bound to port 45899
2022-09-29 01:22:52,523 [Listener at 0.0.0.0/33085] INFO  server.Server (Server.java:doStart(375)) - jetty-9.4.43.v20210629; built: 2021-06-30T11:07:22.254Z; git: 526006ecfa3af7f1a27ef3a288e2bef7ea9dd7e8; jvm 1.8.0_345-b01
2022-09-29 01:22:52,549 [Listener at 0.0.0.0/33085] INFO  server.session (DefaultSessionIdManager.java:doStart(334)) - DefaultSessionIdManager workerName=node0
2022-09-29 01:22:52,550 [Listener at 0.0.0.0/33085] INFO  server.session (DefaultSessionIdManager.java:doStart(339)) - No SessionScavenger set, using defaults
2022-09-29 01:22:52,551 [Listener at 0.0.0.0/33085] INFO  server.session (HouseKeeper.java:startScavenging(132)) - node0 Scavenging every 660000ms
2022-09-29 01:22:52,577 [Listener at 0.0.0.0/33085] INFO  handler.ContextHandler (ContextHandler.java:doStart(915)) - Started o.e.j.s.ServletContextHandler@53086bdc{logs,/logs,file:///home/runner/work/ozone/ozone/hadoop-ozone/integration-test/target/log,AVAILABLE}
2022-09-29 01:22:52,578 [Listener at 0.0.0.0/33085] INFO  handler.ContextHandler (ContextHandler.java:doStart(915)) - Started o.e.j.s.ServletContextHandler@2db4a84a{static,/static,file:///home/runner/work/ozone/ozone/hadoop-ozone/integration-test/target/test-classes/webapps/static,AVAILABLE}
2022-09-29 01:22:52,625 [Listener at 0.0.0.0/33085] INFO  handler.ContextHandler (ContextHandler.java:doStart(915)) - Started o.e.j.w.WebAppContext@28705150{scm,/,file:///home/runner/work/ozone/ozone/hadoop-ozone/integration-test/target/test-classes/webapps/scm/,AVAILABLE}{file:/home/runner/work/ozone/ozone/hadoop-ozone/integration-test/target/test-classes/webapps/scm}
2022-09-29 01:22:52,636 [Listener at 0.0.0.0/33085] INFO  server.AbstractConnector (AbstractConnector.java:doStart(331)) - Started ServerConnector@3545c913{HTTP/1.1, (http/1.1)}{0.0.0.0:45899}
2022-09-29 01:22:52,637 [Listener at 0.0.0.0/33085] INFO  server.Server (Server.java:doStart(415)) - Started @4415ms
2022-09-29 01:22:52,640 [Listener at 0.0.0.0/33085] INFO  impl.MetricsSinkAdapter (MetricsSinkAdapter.java:start(204)) - Sink prometheus started
2022-09-29 01:22:52,640 [Listener at 0.0.0.0/33085] INFO  impl.MetricsSystemImpl (MetricsSystemImpl.java:registerSink(305)) - Registered sink prometheus
2022-09-29 01:22:52,641 [Listener at 0.0.0.0/33085] INFO  http.BaseHttpServer (BaseHttpServer.java:updateConnectorAddress(333)) - HTTP server of scm listening at http://0.0.0.0:45899
2022-09-29 01:22:52,689 [Listener at 0.0.0.0/33085] INFO  audit.AuditLogger (AuditLogger.java:refreshDebugCmdSet(126)) - Refresh DebugCmdSet for OMAudit to [].
2022-09-29 01:22:52,766 [Listener at 0.0.0.0/33085] INFO  ha.OMHANodeDetails (OMHANodeDetails.java:loadOMHAConfig(121)) - ServiceID for OzoneManager is om-service-test1
2022-09-29 01:22:52,773 [Listener at 0.0.0.0/33085] INFO  ha.OMHANodeDetails (OMHANodeDetails.java:loadOMHAConfig(201)) - Found matching OM address with OMServiceId: om-service-test1, OMNodeId: omNode-1, RPC Address: localhost:37925 and Ratis port: 40693
2022-09-29 01:22:52,773 [Listener at 0.0.0.0/33085] INFO  ha.OMHANodeDetails (ConfUtils.java:setNodeSpecificConfigs(97)) - Setting configuration key ozone.om.http-address with value of key ozone.om.http-address.om-service-test1.omNode-1: 127.0.0.1:34119
2022-09-29 01:22:52,773 [Listener at 0.0.0.0/33085] INFO  ha.OMHANodeDetails (ConfUtils.java:setNodeSpecificConfigs(97)) - Setting configuration key ozone.om.https-address with value of key ozone.om.https-address.om-service-test1.omNode-1: 127.0.0.1:37043
2022-09-29 01:22:52,774 [Listener at 0.0.0.0/33085] INFO  ha.OMHANodeDetails (ConfUtils.java:setNodeSpecificConfigs(97)) - Setting configuration key ozone.om.address with value of key ozone.om.address.om-service-test1.omNode-1: 127.0.0.1:37925
2022-09-29 01:22:52,774 [Listener at 0.0.0.0/33085] WARN  server.ServerUtils (ServerUtils.java:getDBPath(225)) - ozone.om.db.dirs is not configured. We recommend adding this setting. Falling back to ozone.metadata.dirs instead.
2022-09-29 01:22:52,793 [Listener at 0.0.0.0/33085] INFO  proxy.SCMBlockLocationFailoverProxyProvider (SCMBlockLocationFailoverProxyProvider.java:<init>(114)) - Created block location fail-over proxy with 1 nodes: [nodeId=scmNodeId,nodeAddress=/0.0.0.0:40603]
OM initialization succeeded.Current cluster id for sd=/home/runner/work/ozone/ozone/hadoop-ozone/integration-test/target/test-dir/MiniOzoneClusterImpl-a442e60d-e435-415e-98a9-f45e33772b0d/omNode-1/om;cid=a442e60d-e435-415e-98a9-f45e33772b0d;layoutVersion=3
2022-09-29 01:22:53,042 [Listener at 0.0.0.0/33085] INFO  ha.OMHANodeDetails (OMHANodeDetails.java:loadOMHAConfig(121)) - ServiceID for OzoneManager is om-service-test1
2022-09-29 01:22:53,043 [Listener at 0.0.0.0/33085] INFO  ha.OMHANodeDetails (OMHANodeDetails.java:loadOMHAConfig(201)) - Found matching OM address with OMServiceId: om-service-test1, OMNodeId: omNode-1, RPC Address: localhost:37925 and Ratis port: 40693
2022-09-29 01:22:53,043 [Listener at 0.0.0.0/33085] INFO  ha.OMHANodeDetails (ConfUtils.java:setNodeSpecificConfigs(97)) - Setting configuration key ozone.om.http-address with value of key ozone.om.http-address.om-service-test1.omNode-1: 127.0.0.1:34119
2022-09-29 01:22:53,043 [Listener at 0.0.0.0/33085] INFO  ha.OMHANodeDetails (ConfUtils.java:setNodeSpecificConfigs(97)) - Setting configuration key ozone.om.https-address with value of key ozone.om.https-address.om-service-test1.omNode-1: 127.0.0.1:37043
2022-09-29 01:22:53,043 [Listener at 0.0.0.0/33085] INFO  ha.OMHANodeDetails (ConfUtils.java:setNodeSpecificConfigs(97)) - Setting configuration key ozone.om.address with value of key ozone.om.address.om-service-test1.omNode-1: 127.0.0.1:37925
2022-09-29 01:22:53,043 [Listener at 0.0.0.0/33085] WARN  server.ServerUtils (ServerUtils.java:getDBPath(225)) - ozone.om.db.dirs is not configured. We recommend adding this setting. Falling back to ozone.metadata.dirs instead.
2022-09-29 01:22:53,045 [Listener at 0.0.0.0/33085] INFO  upgrade.AbstractLayoutVersionManager (AbstractLayoutVersionManager.java:init(83)) - Initializing Layout version manager with metadata layout = MULTITENANCY_SCHEMA (version = 3), software layout = MULTITENANCY_SCHEMA (version = 3)
2022-09-29 01:22:53,131 [Listener at 0.0.0.0/33085] INFO  reflections.Reflections (Reflections.java:scan(232)) - Reflections took 81 ms to scan 2 urls, producing 153 keys and 427 values [using 2 cores]
2022-09-29 01:22:53,136 [Listener at 0.0.0.0/33085] INFO  upgrade.OMLayoutVersionManager (OMLayoutVersionManager.java:lambda$0(115)) - Skipping Upgrade Action MockOmUpgradeAction since it has been finalized.
2022-09-29 01:22:53,137 [Listener at 0.0.0.0/33085] WARN  server.ServerUtils (ServerUtils.java:getDBPath(225)) - ozone.om.db.dirs is not configured. We recommend adding this setting. Falling back to ozone.metadata.dirs instead.
2022-09-29 01:22:53,275 [Listener at 0.0.0.0/33085] INFO  proxy.SCMBlockLocationFailoverProxyProvider (SCMBlockLocationFailoverProxyProvider.java:<init>(114)) - Created block location fail-over proxy with 1 nodes: [nodeId=scmNodeId,nodeAddress=/0.0.0.0:40603]
2022-09-29 01:22:53,278 [Listener at 0.0.0.0/33085] INFO  proxy.SCMBlockLocationFailoverProxyProvider (SCMBlockLocationFailoverProxyProvider.java:<init>(114)) - Created block location fail-over proxy with 1 nodes: [nodeId=scmNodeId,nodeAddress=/0.0.0.0:40603]
2022-09-29 01:22:53,301 [Listener at 0.0.0.0/33085] WARN  server.ServerUtils (ServerUtils.java:getDBPath(225)) - ozone.om.db.dirs is not configured. We recommend adding this setting. Falling back to ozone.metadata.dirs instead.
2022-09-29 01:22:53,307 [Listener at 0.0.0.0/33085] INFO  codec.OmKeyInfoCodec (OmKeyInfoCodec.java:<init>(49)) - OmKeyInfoCodec ignorePipeline = true
2022-09-29 01:22:53,308 [Listener at 0.0.0.0/33085] INFO  codec.RepeatedOmKeyInfoCodec (RepeatedOmKeyInfoCodec.java:<init>(41)) - RepeatedOmKeyInfoCodec ignorePipeline = true
2022-09-29 01:22:53,471 [Listener at 0.0.0.0/33085] INFO  om.OzoneManager (OzoneManager.java:instantiateServices(709)) - S3 Multi-Tenancy is disabled
2022-09-29 01:22:53,575 [Listener at 0.0.0.0/33085] INFO  om.OzoneManager (OzoneManager.java:addS3GVolumeToDB(4324)) - Created Volume s3v With Owner runner required for S3Gateway operations.
2022-09-29 01:22:53,634 [Listener at 0.0.0.0/33085] WARN  server.ServerUtils (ServerUtils.java:getDefaultRatisDirectory(237)) - Storage directory for Ratis is not configured. It is a good idea to map this to an SSD disk. Falling back to ozone.metadata.dirs
2022-09-29 01:22:53,634 [Listener at 0.0.0.0/33085] WARN  utils.OzoneManagerRatisUtils (OzoneManagerRatisUtils.java:getOMRatisSnapshotDirectory(434)) - ozone.om.ratis.snapshot.dir is not configured. Falling back to ozone.metadata.dirs config
2022-09-29 01:22:53,645 [Listener at 0.0.0.0/33085] INFO  snapshot.OzoneManagerSnapshotProvider (OzoneManagerSnapshotProvider.java:<init>(76)) - Initializing OM Snapshot Provider
2022-09-29 01:22:53,768 [Listener at 0.0.0.0/33085] WARN  server.ServerUtils (ServerUtils.java:getDefaultRatisDirectory(237)) - Storage directory for Ratis is not configured. It is a good idea to map this to an SSD disk. Falling back to ozone.metadata.dirs
2022-09-29 01:22:53,796 [Listener at 0.0.0.0/33085] INFO  ratis.OzoneManagerRatisServer (OzoneManagerRatisServer.java:<init>(160)) - Instantiating OM Ratis server with groupID: om-service-test1 and peers: localhost:40693, localhost:45481, localhost:42303
2022-09-29 01:22:53,804 [Listener at 0.0.0.0/33085] INFO  ratis.OzoneManagerStateMachine (OzoneManagerStateMachine.java:loadSnapshotInfoFromDB(632)) - LastAppliedIndex is set from TransactionInfo from OM DB as (t:0, i:~)
2022-09-29 01:22:53,865 [Listener at 0.0.0.0/33085] INFO  server.RaftServer (ConfUtils.java:logGet(46)) - raft.rpc.type = GRPC (default)
2022-09-29 01:22:53,946 [Listener at 0.0.0.0/33085] INFO  grpc.GrpcFactory (GrpcFactory.java:checkPooledByteBufAllocatorUseCacheForAllThreads(48)) - PERFORMANCE WARNING: useCacheForAllThreads is true that may cause Netty to create a lot garbage objects and, as a result, trigger GC.
	It is recommended to disable useCacheForAllThreads by setting -Dorg.apache.ratis.thirdparty.io.netty.allocator.useCacheForAllThreads=false in command line.
2022-09-29 01:22:53,949 [Listener at 0.0.0.0/33085] INFO  grpc.GrpcConfigKeys (ConfUtils.java:logGet(46)) - raft.grpc.admin.port = -1 (default)
2022-09-29 01:22:53,950 [Listener at 0.0.0.0/33085] INFO  grpc.GrpcConfigKeys (ConfUtils.java:logGet(46)) - raft.grpc.server.port = 40693 (custom)
2022-09-29 01:22:53,951 [Listener at 0.0.0.0/33085] INFO  grpc.GrpcConfigKeys (ConfUtils.java:logGet(46)) - raft.grpc.client.port = -1 (default)
2022-09-29 01:22:53,951 [Listener at 0.0.0.0/33085] INFO  grpc.GrpcConfigKeys (ConfUtils.java:logGet(46)) - raft.grpc.server.port = 40693 (custom)
2022-09-29 01:22:53,951 [Listener at 0.0.0.0/33085] INFO  grpc.GrpcConfigKeys (ConfUtils.java:logGet(46)) - raft.grpc.server.port = 40693 (custom)
2022-09-29 01:22:53,952 [Listener at 0.0.0.0/33085] INFO  server.GrpcService (ConfUtils.java:logGet(46)) - raft.grpc.message.size.max = 33554432 (custom)
2022-09-29 01:22:53,953 [Listener at 0.0.0.0/33085] INFO  server.RaftServerConfigKeys (ConfUtils.java:logGet(46)) - raft.server.log.appender.buffer.byte-limit = 33554432 (custom)
2022-09-29 01:22:53,953 [Listener at 0.0.0.0/33085] INFO  server.GrpcService (ConfUtils.java:logGet(46)) - raft.grpc.flow.control.window = 1MB (=1048576) (default)
2022-09-29 01:22:53,954 [Listener at 0.0.0.0/33085] INFO  server.RaftServerConfigKeys (ConfUtils.java:logGet(46)) - raft.server.rpc.request.timeout = 3000ms (default)
2022-09-29 01:22:53,970 [Listener at 0.0.0.0/33085] INFO  grpc.GrpcConfigKeys (ConfUtils.java:logGet(46)) - raft.grpc.server.async.request.thread.pool.cached = true (default)
2022-09-29 01:22:53,970 [Listener at 0.0.0.0/33085] INFO  grpc.GrpcConfigKeys (ConfUtils.java:logGet(46)) - raft.grpc.server.async.request.thread.pool.size = 32 (default)
2022-09-29 01:22:54,256 [Listener at 0.0.0.0/33085] INFO  impl.DataStreamServerImpl (ConfUtils.java:logGet(46)) - raft.datastream.type = DISABLED (default)
2022-09-29 01:22:54,259 [Listener at 0.0.0.0/33085] INFO  server.RaftServerConfigKeys (ConfUtils.java:logGet(46)) - raft.server.threadpool.proxy.cached = true (default)
2022-09-29 01:22:54,259 [Listener at 0.0.0.0/33085] INFO  server.RaftServerConfigKeys (ConfUtils.java:logGet(46)) - raft.server.threadpool.proxy.size = 0 (default)
2022-09-29 01:22:54,260 [Listener at 0.0.0.0/33085] INFO  server.RaftServerConfigKeys (ConfUtils.java:logGet(46)) - raft.server.rpc.slowness.timeout = 2s (custom)
2022-09-29 01:22:54,260 [Listener at 0.0.0.0/33085] INFO  server.RaftServerConfigKeys (ConfUtils.java:logGet(46)) - raft.server.leaderelection.leader.step-down.wait-time = 10s (default)
2022-09-29 01:22:54,262 [Listener at 0.0.0.0/33085] INFO  server.RaftServerConfigKeys (ConfUtils.java:logGet(46)) - raft.server.storage.dir = [/home/runner/work/ozone/ozone/hadoop-ozone/integration-test/target/test-dir/MiniOzoneClusterImpl-a442e60d-e435-415e-98a9-f45e33772b0d/omNode-1/ratis] (custom)
2022-09-29 01:22:54,272 [Listener at 0.0.0.0/33085] INFO  server.RaftServer (RaftServerProxy.java:addNew(96)) - omNode-1: addNew group-523986131536:[omNode-3|rpc:localhost:45481|priority:0, omNode-1|rpc:localhost:40693|priority:0, omNode-2|rpc:localhost:42303|priority:0] returns group-523986131536:java.util.concurrent.CompletableFuture@262ac4cc[Not completed]
2022-09-29 01:22:54,272 [Listener at 0.0.0.0/33085] INFO  om.OzoneManager (OzoneManager.java:initializeRatisServer(1976)) - OzoneManager Ratis server initialized at port 40693
2022-09-29 01:22:54,288 [Listener at 0.0.0.0/33085] INFO  om.OzoneManager (OzoneManager.java:getRpcServer(1099)) - Creating RPC Server
2022-09-29 01:22:54,316 [pool-55-thread-1] INFO  server.RaftServer$Division (RaftServerImpl.java:<init>(190)) - omNode-1: new RaftServerImpl for group-523986131536:[omNode-3|rpc:localhost:45481|priority:0, omNode-1|rpc:localhost:40693|priority:0, omNode-2|rpc:localhost:42303|priority:0] with OzoneManagerStateMachine:uninitialized
2022-09-29 01:22:54,318 [pool-55-thread-1] INFO  server.RaftServerConfigKeys (ConfUtils.java:logGet(46)) - raft.server.rpc.timeout.min = 1s (custom)
2022-09-29 01:22:54,323 [pool-55-thread-1] INFO  server.RaftServerConfigKeys (ConfUtils.java:logGet(46)) - raft.server.rpc.timeout.max = 1200ms (custom)
2022-09-29 01:22:54,323 [pool-55-thread-1] INFO  server.RaftServerConfigKeys (ConfUtils.java:logGet(46)) - raft.server.rpc.sleep.time = 25ms (default)
2022-09-29 01:22:54,323 [pool-55-thread-1] INFO  server.RaftServerConfigKeys (ConfUtils.java:logGet(46)) - raft.server.rpc.slowness.timeout = 2s (custom)
2022-09-29 01:22:54,324 [pool-55-thread-1] INFO  server.RaftServerConfigKeys (ConfUtils.java:logGet(46)) - raft.server.leaderelection.leader.step-down.wait-time = 10s (default)
2022-09-29 01:22:54,324 [pool-55-thread-1] INFO  server.RaftServerConfigKeys (ConfUtils.java:logGet(46)) - raft.server.sleep.deviation.threshold = 300ms (default)
2022-09-29 01:22:54,330 [pool-55-thread-1] INFO  server.RaftServer$Division (ServerState.java:<init>(107)) - omNode-1@group-523986131536: ConfigurationManager, init=-1: [omNode-3|rpc:localhost:45481|priority:0, omNode-1|rpc:localhost:40693|priority:0, omNode-2|rpc:localhost:42303|priority:0], old=null, confs=<EMPTY_MAP>
2022-09-29 01:22:54,340 [pool-55-thread-1] INFO  server.RaftServerConfigKeys (ConfUtils.java:logGet(46)) - raft.server.storage.dir = [/home/runner/work/ozone/ozone/hadoop-ozone/integration-test/target/test-dir/MiniOzoneClusterImpl-a442e60d-e435-415e-98a9-f45e33772b0d/omNode-1/ratis] (custom)
2022-09-29 01:22:54,344 [pool-55-thread-1] INFO  server.RaftServerConfigKeys (ConfUtils.java:logGet(46)) - raft.server.log.corruption.policy = EXCEPTION (default)
2022-09-29 01:22:54,344 [pool-55-thread-1] INFO  server.RaftServerConfigKeys (ConfUtils.java:logGet(46)) - raft.server.storage.free-space.min = 0MB (=0) (default)
2022-09-29 01:22:54,346 [pool-55-thread-1] INFO  storage.RaftStorageDirectory (RaftStorageDirectoryImpl.java:analyzeStorage(135)) - The storage directory /home/runner/work/ozone/ozone/hadoop-ozone/integration-test/target/test-dir/MiniOzoneClusterImpl-a442e60d-e435-415e-98a9-f45e33772b0d/omNode-1/ratis/c9bc4cf4-3bc3-3c60-a66b-523986131536 does not exist. Creating ...
2022-09-29 01:22:54,357 [pool-55-thread-1] INFO  storage.RaftStorageDirectory (RaftStorageDirectoryImpl.java:tryLock(230)) - Lock on /home/runner/work/ozone/ozone/hadoop-ozone/integration-test/target/test-dir/MiniOzoneClusterImpl-a442e60d-e435-415e-98a9-f45e33772b0d/omNode-1/ratis/c9bc4cf4-3bc3-3c60-a66b-523986131536/in_use.lock acquired by nodename 41909@fv-az182-579
2022-09-29 01:22:54,366 [pool-55-thread-1] INFO  storage.RaftStorage (RaftStorageImpl.java:format(89)) - Storage directory /home/runner/work/ozone/ozone/hadoop-ozone/integration-test/target/test-dir/MiniOzoneClusterImpl-a442e60d-e435-415e-98a9-f45e33772b0d/omNode-1/ratis/c9bc4cf4-3bc3-3c60-a66b-523986131536 has been successfully formatted.
2022-09-29 01:22:54,369 [pool-55-thread-1] INFO  server.RaftServerConfigKeys (ConfUtils.java:logGet(46)) - raft.server.notification.no-leader.timeout = 2s (custom)
2022-09-29 01:22:54,371 [pool-55-thread-1] INFO  server.RaftServerConfigKeys (ConfUtils.java:logGet(46)) - raft.server.log.use.memory = false (default)
2022-09-29 01:22:54,379 [pool-55-thread-1] INFO  server.RaftServerConfigKeys (ConfUtils.java:logGet(46)) - raft.server.log.purge.gap = 50 (custom)
2022-09-29 01:22:54,379 [pool-55-thread-1] INFO  server.RaftServerConfigKeys (ConfUtils.java:logGet(46)) - raft.server.log.appender.buffer.byte-limit = 33554432 (custom)
2022-09-29 01:22:54,381 [pool-55-thread-1] INFO  server.RaftServerConfigKeys (ConfUtils.java:logGet(46)) - raft.server.log.statemachine.data.read.timeout = 1000ms (default)
2022-09-29 01:22:54,416 [pool-55-thread-1] INFO  server.RaftServerConfigKeys (ConfUtils.java:logGet(46)) - raft.server.log.segment.size.max = 4194304 (custom)
2022-09-29 01:22:54,442 [pool-55-thread-1] INFO  server.RaftServerConfigKeys (ConfUtils.java:logGet(46)) - raft.server.log.segment.cache.num.max = 2 (custom)
2022-09-29 01:22:54,443 [pool-55-thread-1] INFO  server.RaftServerConfigKeys (ConfUtils.java:logGet(46)) - raft.server.log.segment.cache.size.max = 200MB (=209715200) (default)
2022-09-29 01:22:54,489 [pool-55-thread-1] INFO  segmented.SegmentedRaftLogWorker (SegmentedRaftLogWorker.java:<init>(187)) - new omNode-1@group-523986131536-SegmentedRaftLogWorker for RaftStorageImpl:Storage Directory /home/runner/work/ozone/ozone/hadoop-ozone/integration-test/target/test-dir/MiniOzoneClusterImpl-a442e60d-e435-415e-98a9-f45e33772b0d/omNode-1/ratis/c9bc4cf4-3bc3-3c60-a66b-523986131536
2022-09-29 01:22:54,490 [pool-55-thread-1] INFO  server.RaftServerConfigKeys (ConfUtils.java:logGet(46)) - raft.server.log.queue.byte-limit = 64MB (=67108864) (default)
2022-09-29 01:22:54,490 [pool-55-thread-1] INFO  server.RaftServerConfigKeys (ConfUtils.java:logGet(46)) - raft.server.log.queue.element-limit = 4096 (default)
2022-09-29 01:22:54,491 [pool-55-thread-1] INFO  server.RaftServerConfigKeys (ConfUtils.java:logGet(46)) - raft.server.log.segment.size.max = 4194304 (custom)
2022-09-29 01:22:54,491 [pool-55-thread-1] INFO  server.RaftServerConfigKeys (ConfUtils.java:logGet(46)) - raft.server.log.preallocated.size = 4194304 (custom)
2022-09-29 01:22:54,492 [pool-55-thread-1] INFO  server.RaftServerConfigKeys (ConfUtils.java:logGet(46)) - raft.server.log.force.sync.num = 128 (default)
2022-09-29 01:22:54,493 [pool-55-thread-1] INFO  server.RaftServerConfigKeys (ConfUtils.java:logGet(46)) - raft.server.log.statemachine.data.sync = true (default)
2022-09-29 01:22:54,493 [pool-55-thread-1] INFO  server.RaftServerConfigKeys (ConfUtils.java:logGet(46)) - raft.server.log.statemachine.data.sync.timeout = 10s (default)
2022-09-29 01:22:54,493 [pool-55-thread-1] INFO  server.RaftServerConfigKeys (ConfUtils.java:logGet(46)) - raft.server.log.statemachine.data.sync.timeout.retry = -1 (default)
2022-09-29 01:22:54,515 [pool-55-thread-1] INFO  server.RaftServerConfigKeys (ConfUtils.java:logGet(46)) - raft.server.log.write.buffer.size = 64KB (=65536) (default)
2022-09-29 01:22:54,516 [pool-55-thread-1] INFO  server.RaftServerConfigKeys (ConfUtils.java:logGet(46)) - raft.server.log.unsafe-flush.enabled = false (default)
2022-09-29 01:22:54,528 [pool-55-thread-1] INFO  server.RaftServerConfigKeys (ConfUtils.java:logGet(46)) - raft.server.log.statemachine.data.caching.enabled = false (default)
2022-09-29 01:22:54,534 [pool-55-thread-1] INFO  segmented.SegmentedRaftLogWorker (SegmentedRaftLogWorker.java:lambda$new$0(135)) - omNode-1@group-523986131536-SegmentedRaftLogWorker: flushIndex: setUnconditionally 0 -> -1
2022-09-29 01:22:54,534 [pool-55-thread-1] INFO  segmented.SegmentedRaftLogWorker (SegmentedRaftLogWorker.java:lambda$new$0(135)) - omNode-1@group-523986131536-SegmentedRaftLogWorker: safeCacheEvictIndex: setUnconditionally 0 -> -1
2022-09-29 01:22:54,673 [pool-55-thread-1] INFO  server.RaftServerConfigKeys (ConfUtils.java:logGet(46)) - raft.server.snapshot.auto.trigger.enabled = true (custom)
2022-09-29 01:22:54,674 [pool-55-thread-1] INFO  server.RaftServerConfigKeys (ConfUtils.java:logGet(46)) - raft.server.snapshot.auto.trigger.threshold = 50 (custom)
2022-09-29 01:22:54,674 [pool-55-thread-1] INFO  server.RaftServerConfigKeys (ConfUtils.java:logGet(46)) - raft.server.snapshot.retention.file.num = -1 (default)
2022-09-29 01:22:54,675 [pool-55-thread-1] INFO  server.RaftServerConfigKeys (ConfUtils.java:logGet(46)) - raft.server.log.purge.upto.snapshot.index = true (custom)
2022-09-29 01:22:54,677 [pool-55-thread-1] INFO  server.RaftServerConfigKeys (ConfUtils.java:logGet(46)) - raft.server.retrycache.expirytime = 30000ms (custom)
2022-09-29 01:22:54,677 [pool-55-thread-1] INFO  server.RaftServerConfigKeys (ConfUtils.java:logGet(46)) - raft.server.retrycache.statistics.expirytime = 100μs (default)
2022-09-29 01:22:54,773 [pool-55-thread-1] INFO  server.RaftServerConfigKeys (ConfUtils.java:logGet(46)) - raft.server.log.appender.install.snapshot.enabled = false (custom)
2022-09-29 01:22:54,773 [pool-55-thread-1] INFO  server.RaftServerConfigKeys (ConfUtils.java:logGet(46)) - raft.server.threadpool.server.cached = true (default)
2022-09-29 01:22:54,773 [pool-55-thread-1] INFO  server.RaftServerConfigKeys (ConfUtils.java:logGet(46)) - raft.server.threadpool.server.size = 0 (default)
2022-09-29 01:22:54,774 [pool-55-thread-1] INFO  server.RaftServerConfigKeys (ConfUtils.java:logGet(46)) - raft.server.threadpool.client.cached = true (default)
2022-09-29 01:22:54,774 [pool-55-thread-1] INFO  server.RaftServerConfigKeys (ConfUtils.java:logGet(46)) - raft.server.threadpool.client.size = 0 (default)
2022-09-29 01:22:55,057 [Listener at 0.0.0.0/33085] INFO  reflections.Reflections (Reflections.java:scan(232)) - Reflections took 692 ms to scan 19 urls, producing 67 keys and 4214 values [using 2 cores]
2022-09-29 01:22:55,222 [Listener at 0.0.0.0/33085] INFO  ipc.CallQueueManager (CallQueueManager.java:<init>(90)) - Using callQueue: class java.util.concurrent.LinkedBlockingQueue, queueCapacity: 2000, scheduler: class org.apache.hadoop.ipc.DefaultRpcScheduler, ipcBackoff: false.
2022-09-29 01:22:55,224 [Socket Reader #1 for port 37925] INFO  ipc.Server (Server.java:run(1265)) - Starting Socket Reader #1 for port 37925
2022-09-29 01:22:55,258 [Listener at 127.0.0.1/37925] INFO  impl.MetricsSystemImpl (MetricsSystemImpl.java:init(158)) - OzoneManager metrics system started (again)
2022-09-29 01:22:55,269 [Listener at 127.0.0.1/37925] INFO  om.OzoneManager (OzoneManager.java:start(1483)) - OzoneManager RPC server is listening at localhost/127.0.0.1:37925
2022-09-29 01:22:55,269 [Listener at 127.0.0.1/37925] INFO  ratis.OzoneManagerRatisServer (OzoneManagerRatisServer.java:start(555)) - Starting OzoneManagerRatisServer omNode-1 at port 40693
2022-09-29 01:22:55,271 [omNode-1-impl-thread1] INFO  server.RaftServer$Division (RaftServerImpl.java:start(310)) - omNode-1@group-523986131536: start as a follower, conf=-1: [omNode-3|rpc:localhost:45481|priority:0, omNode-1|rpc:localhost:40693|priority:0, omNode-2|rpc:localhost:42303|priority:0], old=null
2022-09-29 01:22:55,271 [omNode-1-impl-thread1] INFO  server.RaftServer$Division (RaftServerImpl.java:setRole(299)) - omNode-1@group-523986131536: changes role from      null to FOLLOWER at term 0 for startAsFollower
2022-09-29 01:22:55,273 [omNode-1-impl-thread1] INFO  impl.RoleInfo (RoleInfo.java:updateAndGet(139)) - omNode-1: start omNode-1@group-523986131536-FollowerState
2022-09-29 01:22:55,274 [omNode-1-impl-thread1] INFO  util.JmxRegister (JmxRegister.java:tryRegister(44)) - Successfully registered JMX Bean with object name Ratis:service=RaftServer,group=group-523986131536,id=omNode-1
2022-09-29 01:22:55,278 [Listener at 127.0.0.1/37925] INFO  server.RaftServer (RaftServerProxy.java:lambda$start$6(382)) - omNode-1: start RPC server
2022-09-29 01:22:55,385 [Listener at 127.0.0.1/37925] INFO  server.GrpcService (GrpcService.java:startImpl(260)) - omNode-1: GrpcService started, listening on 40693
2022-09-29 01:22:55,391 [org.apache.ratis.util.JvmPauseMonitor$$Lambda$699/1983328127@6572bcb5] INFO  util.JvmPauseMonitor (JvmPauseMonitor.java:run(103)) - JvmPauseMonitor-omNode-1: Started
2022-09-29 01:22:55,391 [Listener at 127.0.0.1/37925] INFO  om.OzoneManager (OzoneManager.java:start(1499)) - Version File has different layout version (3) than OM DB (null). That is expected if this OM has never been finalized to a newer layout version.
2022-09-29 01:22:55,403 [Listener at 127.0.0.1/37925] INFO  http.BaseHttpServer (BaseHttpServer.java:newHttpServer2BuilderForOzone(213)) - Starting Web-server for ozoneManager at: http://0.0.0.0:34119
2022-09-29 01:22:55,403 [Listener at 127.0.0.1/37925] INFO  http.BaseHttpServer (BaseHttpServer.java:<init>(108)) - Hadoop Security Enabled: false Ozone Security Enabled: false Ozone HTTP Security Enabled: false 
2022-09-29 01:22:55,404 [Listener at 127.0.0.1/37925] INFO  server.AuthenticationFilter (AuthenticationFilter.java:constructSecretProvider(240)) - Unable to initialize FileSignerSecretProvider, falling back to use random secrets.
2022-09-29 01:22:55,405 [Listener at 127.0.0.1/37925] WARN  http.HttpRequestLog (HttpRequestLog.java:getRequestLog(103)) - Jetty request log can only be enabled using Log4j
2022-09-29 01:22:55,407 [Listener at 127.0.0.1/37925] INFO  http.HttpServer2 (HttpServer2.java:addGlobalFilter(1029)) - Added global filter 'safety' (class=org.apache.hadoop.hdds.server.http.HttpServer2$QuotingInputFilter)
2022-09-29 01:22:55,408 [Listener at 127.0.0.1/37925] INFO  http.HttpServer2 (HttpServer2.java:addFilter(1005)) - Added filter static_user_filter (class=org.apache.hadoop.http.lib.StaticUserWebFilter$StaticUserFilter) to context ozoneManager
2022-09-29 01:22:55,408 [Listener at 127.0.0.1/37925] INFO  http.HttpServer2 (HttpServer2.java:addFilter(1013)) - Added filter static_user_filter (class=org.apache.hadoop.http.lib.StaticUserWebFilter$StaticUserFilter) to context logs
2022-09-29 01:22:55,408 [Listener at 127.0.0.1/37925] INFO  http.HttpServer2 (HttpServer2.java:addFilter(1013)) - Added filter static_user_filter (class=org.apache.hadoop.http.lib.StaticUserWebFilter$StaticUserFilter) to context static
2022-09-29 01:22:55,410 [Listener at 127.0.0.1/37925] INFO  http.HttpServer2 (HttpServer2.java:bindListener(1248)) - Jetty bound to port 34119
2022-09-29 01:22:55,410 [Listener at 127.0.0.1/37925] INFO  server.Server (Server.java:doStart(375)) - jetty-9.4.43.v20210629; built: 2021-06-30T11:07:22.254Z; git: 526006ecfa3af7f1a27ef3a288e2bef7ea9dd7e8; jvm 1.8.0_345-b01
2022-09-29 01:22:55,418 [Listener at 127.0.0.1/37925] INFO  server.session (DefaultSessionIdManager.java:doStart(334)) - DefaultSessionIdManager workerName=node0
2022-09-29 01:22:55,418 [Listener at 127.0.0.1/37925] INFO  server.session (DefaultSessionIdManager.java:doStart(339)) - No SessionScavenger set, using defaults
2022-09-29 01:22:55,419 [Listener at 127.0.0.1/37925] INFO  server.session (HouseKeeper.java:startScavenging(132)) - node0 Scavenging every 660000ms
2022-09-29 01:22:55,419 [Listener at 127.0.0.1/37925] INFO  handler.ContextHandler (ContextHandler.java:doStart(915)) - Started o.e.j.s.ServletContextHandler@285836c9{logs,/logs,file:///home/runner/work/ozone/ozone/hadoop-ozone/integration-test/target/log,AVAILABLE}
2022-09-29 01:22:55,420 [Listener at 127.0.0.1/37925] INFO  handler.ContextHandler (ContextHandler.java:doStart(915)) - Started o.e.j.s.ServletContextHandler@478cea4{static,/static,file:///home/runner/work/ozone/ozone/hadoop-ozone/integration-test/target/test-classes/webapps/static,AVAILABLE}
2022-09-29 01:22:55,423 [Listener at 127.0.0.1/37925] INFO  handler.ContextHandler (ContextHandler.java:doStart(915)) - Started o.e.j.w.WebAppContext@1c0c5835{ozoneManager,/,file:///home/runner/work/ozone/ozone/hadoop-ozone/integration-test/target/test-classes/webapps/ozoneManager/,AVAILABLE}{file:/home/runner/work/ozone/ozone/hadoop-ozone/integration-test/target/test-classes/webapps/ozoneManager}
2022-09-29 01:22:55,424 [Listener at 127.0.0.1/37925] INFO  server.AbstractConnector (AbstractConnector.java:doStart(331)) - Started ServerConnector@5eac0402{HTTP/1.1, (http/1.1)}{0.0.0.0:34119}
2022-09-29 01:22:55,425 [Listener at 127.0.0.1/37925] INFO  server.Server (Server.java:doStart(415)) - Started @7203ms
2022-09-29 01:22:55,425 [Listener at 127.0.0.1/37925] WARN  impl.MetricsSystemImpl (MetricsSystemImpl.java:register(279)) - Sink prometheus already exists!
2022-09-29 01:22:55,425 [Listener at 127.0.0.1/37925] INFO  http.BaseHttpServer (BaseHttpServer.java:updateConnectorAddress(333)) - HTTP server of ozoneManager listening at http://0.0.0.0:34119
2022-09-29 01:22:55,428 [IPC Server Responder] INFO  ipc.Server (Server.java:run(1507)) - IPC Server Responder: starting
2022-09-29 01:22:55,428 [IPC Server listener on 37925] INFO  ipc.Server (Server.java:run(1344)) - IPC Server listener on 37925: starting
2022-09-29 01:22:55,436 [Listener at 127.0.0.1/37925] INFO  om.OzoneManager (OzoneManager.java:startTrashEmptier(1920)) - Trash Interval set to 0. Files deleted won't move to trash
2022-09-29 01:22:55,437 [Listener at 127.0.0.1/37925] INFO  ozone.MiniOzoneHAClusterImpl (MiniOzoneHAClusterImpl.java:createOMService(527)) - Started OzoneManager omNode-1 RPC server at localhost/127.0.0.1:37925
2022-09-29 01:22:55,438 [Listener at 127.0.0.1/37925] INFO  ha.OMHANodeDetails (OMHANodeDetails.java:loadOMHAConfig(121)) - ServiceID for OzoneManager is om-service-test1
2022-09-29 01:22:55,438 [Listener at 127.0.0.1/37925] INFO  ha.OMHANodeDetails (OMHANodeDetails.java:loadOMHAConfig(201)) - Found matching OM address with OMServiceId: om-service-test1, OMNodeId: omNode-2, RPC Address: localhost:41255 and Ratis port: 42303
2022-09-29 01:22:55,439 [Listener at 127.0.0.1/37925] INFO  ha.OMHANodeDetails (ConfUtils.java:setNodeSpecificConfigs(97)) - Setting configuration key ozone.om.http-address with value of key ozone.om.http-address.om-service-test1.omNode-2: 127.0.0.1:43849
2022-09-29 01:22:55,440 [Listener at 127.0.0.1/37925] INFO  ha.OMHANodeDetails (ConfUtils.java:setNodeSpecificConfigs(97)) - Setting configuration key ozone.om.https-address with value of key ozone.om.https-address.om-service-test1.omNode-2: 127.0.0.1:39773
2022-09-29 01:22:55,440 [Listener at 127.0.0.1/37925] INFO  ha.OMHANodeDetails (ConfUtils.java:setNodeSpecificConfigs(97)) - Setting configuration key ozone.om.address with value of key ozone.om.address.om-service-test1.omNode-2: 127.0.0.1:41255
2022-09-29 01:22:55,440 [Listener at 127.0.0.1/37925] WARN  server.ServerUtils (ServerUtils.java:getDBPath(225)) - ozone.om.db.dirs is not configured. We recommend adding this setting. Falling back to ozone.metadata.dirs instead.
2022-09-29 01:22:55,441 [Listener at 127.0.0.1/37925] INFO  proxy.SCMBlockLocationFailoverProxyProvider (SCMBlockLocationFailoverProxyProvider.java:<init>(114)) - Created block location fail-over proxy with 1 nodes: [nodeId=scmNodeId,nodeAddress=/0.0.0.0:40603]
2022-09-29 01:22:55,444 [org.apache.hadoop.util.JvmPauseMonitor$Monitor@4cc7f8d9] INFO  util.JvmPauseMonitor (JvmPauseMonitor.java:run(188)) - Starting JVM pause monitor
OM initialization succeeded.Current cluster id for sd=/home/runner/work/ozone/ozone/hadoop-ozone/integration-test/target/test-dir/MiniOzoneClusterImpl-a442e60d-e435-415e-98a9-f45e33772b0d/omNode-2/om;cid=a442e60d-e435-415e-98a9-f45e33772b0d;layoutVersion=3
2022-09-29 01:22:55,447 [Listener at 127.0.0.1/37925] INFO  ha.OMHANodeDetails (OMHANodeDetails.java:loadOMHAConfig(121)) - ServiceID for OzoneManager is om-service-test1
2022-09-29 01:22:55,448 [Listener at 127.0.0.1/37925] INFO  ha.OMHANodeDetails (OMHANodeDetails.java:loadOMHAConfig(201)) - Found matching OM address with OMServiceId: om-service-test1, OMNodeId: omNode-2, RPC Address: localhost:41255 and Ratis port: 42303
2022-09-29 01:22:55,448 [Listener at 127.0.0.1/37925] INFO  ha.OMHANodeDetails (ConfUtils.java:setNodeSpecificConfigs(97)) - Setting configuration key ozone.om.http-address with value of key ozone.om.http-address.om-service-test1.omNode-2: 127.0.0.1:43849
2022-09-29 01:22:55,448 [Listener at 127.0.0.1/37925] INFO  ha.OMHANodeDetails (ConfUtils.java:setNodeSpecificConfigs(97)) - Setting configuration key ozone.om.https-address with value of key ozone.om.https-address.om-service-test1.omNode-2: 127.0.0.1:39773
2022-09-29 01:22:55,448 [Listener at 127.0.0.1/37925] INFO  ha.OMHANodeDetails (ConfUtils.java:setNodeSpecificConfigs(97)) - Setting configuration key ozone.om.address with value of key ozone.om.address.om-service-test1.omNode-2: 127.0.0.1:41255
2022-09-29 01:22:55,448 [Listener at 127.0.0.1/37925] WARN  server.ServerUtils (ServerUtils.java:getDBPath(225)) - ozone.om.db.dirs is not configured. We recommend adding this setting. Falling back to ozone.metadata.dirs instead.
2022-09-29 01:22:55,449 [Listener at 127.0.0.1/37925] INFO  upgrade.AbstractLayoutVersionManager (AbstractLayoutVersionManager.java:init(83)) - Initializing Layout version manager with metadata layout = MULTITENANCY_SCHEMA (version = 3), software layout = MULTITENANCY_SCHEMA (version = 3)
2022-09-29 01:22:55,527 [Listener at 127.0.0.1/37925] INFO  reflections.Reflections (Reflections.java:scan(232)) - Reflections took 77 ms to scan 2 urls, producing 153 keys and 427 values [using 2 cores]
2022-09-29 01:22:55,527 [Listener at 127.0.0.1/37925] INFO  upgrade.OMLayoutVersionManager (OMLayoutVersionManager.java:lambda$0(115)) - Skipping Upgrade Action MockOmUpgradeAction since it has been finalized.
2022-09-29 01:22:55,528 [Listener at 127.0.0.1/37925] WARN  server.ServerUtils (ServerUtils.java:getDBPath(225)) - ozone.om.db.dirs is not configured. We recommend adding this setting. Falling back to ozone.metadata.dirs instead.
2022-09-29 01:22:55,528 [Listener at 127.0.0.1/37925] INFO  proxy.SCMBlockLocationFailoverProxyProvider (SCMBlockLocationFailoverProxyProvider.java:<init>(114)) - Created block location fail-over proxy with 1 nodes: [nodeId=scmNodeId,nodeAddress=/0.0.0.0:40603]
2022-09-29 01:22:55,530 [Listener at 127.0.0.1/37925] INFO  proxy.SCMBlockLocationFailoverProxyProvider (SCMBlockLocationFailoverProxyProvider.java:<init>(114)) - Created block location fail-over proxy with 1 nodes: [nodeId=scmNodeId,nodeAddress=/0.0.0.0:40603]
2022-09-29 01:22:55,542 [Listener at 127.0.0.1/37925] WARN  server.ServerUtils (ServerUtils.java:getDBPath(225)) - ozone.om.db.dirs is not configured. We recommend adding this setting. Falling back to ozone.metadata.dirs instead.
2022-09-29 01:22:55,543 [Listener at 127.0.0.1/37925] INFO  codec.OmKeyInfoCodec (OmKeyInfoCodec.java:<init>(49)) - OmKeyInfoCodec ignorePipeline = true
2022-09-29 01:22:55,543 [Listener at 127.0.0.1/37925] INFO  codec.RepeatedOmKeyInfoCodec (RepeatedOmKeyInfoCodec.java:<init>(41)) - RepeatedOmKeyInfoCodec ignorePipeline = true
2022-09-29 01:22:55,689 [Listener at 127.0.0.1/37925] INFO  om.OzoneManager (OzoneManager.java:instantiateServices(709)) - S3 Multi-Tenancy is disabled
2022-09-29 01:22:55,691 [Listener at 127.0.0.1/37925] INFO  om.OzoneManager (OzoneManager.java:addS3GVolumeToDB(4324)) - Created Volume s3v With Owner runner required for S3Gateway operations.
2022-09-29 01:22:55,691 [Listener at 127.0.0.1/37925] WARN  server.ServerUtils (ServerUtils.java:getDefaultRatisDirectory(237)) - Storage directory for Ratis is not configured. It is a good idea to map this to an SSD disk. Falling back to ozone.metadata.dirs
2022-09-29 01:22:55,691 [Listener at 127.0.0.1/37925] WARN  utils.OzoneManagerRatisUtils (OzoneManagerRatisUtils.java:getOMRatisSnapshotDirectory(434)) - ozone.om.ratis.snapshot.dir is not configured. Falling back to ozone.metadata.dirs config
2022-09-29 01:22:55,692 [Listener at 127.0.0.1/37925] INFO  snapshot.OzoneManagerSnapshotProvider (OzoneManagerSnapshotProvider.java:<init>(76)) - Initializing OM Snapshot Provider
2022-09-29 01:22:55,693 [Listener at 127.0.0.1/37925] WARN  impl.MetricRegistriesImpl (MetricRegistriesImpl.java:addReporterRegistration(111)) - New reporters are added after registries were created. Some metrics will be missing from the reporter. Please add reporter before adding any new registry.
2022-09-29 01:22:55,693 [Listener at 127.0.0.1/37925] WARN  impl.MetricRegistriesImpl (MetricRegistriesImpl.java:addReporterRegistration(111)) - New reporters are added after registries were created. Some metrics will be missing from the reporter. Please add reporter before adding any new registry.
2022-09-29 01:22:55,693 [Listener at 127.0.0.1/37925] WARN  server.ServerUtils (ServerUtils.java:getDefaultRatisDirectory(237)) - Storage directory for Ratis is not configured. It is a good idea to map this to an SSD disk. Falling back to ozone.metadata.dirs
2022-09-29 01:22:55,695 [Listener at 127.0.0.1/37925] INFO  ratis.OzoneManagerRatisServer (OzoneManagerRatisServer.java:<init>(160)) - Instantiating OM Ratis server with groupID: om-service-test1 and peers: localhost:42303, localhost:45481, localhost:40693
2022-09-29 01:22:55,695 [Listener at 127.0.0.1/37925] INFO  ratis.OzoneManagerStateMachine (OzoneManagerStateMachine.java:loadSnapshotInfoFromDB(632)) - LastAppliedIndex is set from TransactionInfo from OM DB as (t:0, i:~)
2022-09-29 01:22:55,696 [Listener at 127.0.0.1/37925] INFO  server.RaftServer (ConfUtils.java:logGet(46)) - raft.rpc.type = GRPC (default)
2022-09-29 01:22:55,696 [Listener at 127.0.0.1/37925] INFO  grpc.GrpcFactory (GrpcFactory.java:checkPooledByteBufAllocatorUseCacheForAllThreads(48)) - PERFORMANCE WARNING: useCacheForAllThreads is true that may cause Netty to create a lot garbage objects and, as a result, trigger GC.
	It is recommended to disable useCacheForAllThreads by setting -Dorg.apache.ratis.thirdparty.io.netty.allocator.useCacheForAllThreads=false in command line.
2022-09-29 01:22:55,696 [Listener at 127.0.0.1/37925] INFO  grpc.GrpcConfigKeys (ConfUtils.java:logGet(46)) - raft.grpc.admin.port = -1 (default)
2022-09-29 01:22:55,696 [Listener at 127.0.0.1/37925] INFO  grpc.GrpcConfigKeys (ConfUtils.java:logGet(46)) - raft.grpc.server.port = 42303 (custom)
2022-09-29 01:22:55,697 [Listener at 127.0.0.1/37925] INFO  grpc.GrpcConfigKeys (ConfUtils.java:logGet(46)) - raft.grpc.client.port = -1 (default)
2022-09-29 01:22:55,697 [Listener at 127.0.0.1/37925] INFO  grpc.GrpcConfigKeys (ConfUtils.java:logGet(46)) - raft.grpc.server.port = 42303 (custom)
2022-09-29 01:22:55,697 [Listener at 127.0.0.1/37925] INFO  grpc.GrpcConfigKeys (ConfUtils.java:logGet(46)) - raft.grpc.server.port = 42303 (custom)
2022-09-29 01:22:55,697 [Listener at 127.0.0.1/37925] INFO  server.GrpcService (ConfUtils.java:logGet(46)) - raft.grpc.message.size.max = 33554432 (custom)
2022-09-29 01:22:55,697 [Listener at 127.0.0.1/37925] INFO  server.RaftServerConfigKeys (ConfUtils.java:logGet(46)) - raft.server.log.appender.buffer.byte-limit = 33554432 (custom)
2022-09-29 01:22:55,697 [Listener at 127.0.0.1/37925] INFO  server.GrpcService (ConfUtils.java:logGet(46)) - raft.grpc.flow.control.window = 1MB (=1048576) (default)
2022-09-29 01:22:55,697 [Listener at 127.0.0.1/37925] INFO  server.RaftServerConfigKeys (ConfUtils.java:logGet(46)) - raft.server.rpc.request.timeout = 3000ms (default)
2022-09-29 01:22:55,698 [Listener at 127.0.0.1/37925] INFO  grpc.GrpcConfigKeys (ConfUtils.java:logGet(46)) - raft.grpc.server.async.request.thread.pool.cached = true (default)
2022-09-29 01:22:55,698 [Listener at 127.0.0.1/37925] INFO  grpc.GrpcConfigKeys (ConfUtils.java:logGet(46)) - raft.grpc.server.async.request.thread.pool.size = 32 (default)
2022-09-29 01:22:55,699 [Listener at 127.0.0.1/37925] INFO  impl.DataStreamServerImpl (ConfUtils.java:logGet(46)) - raft.datastream.type = DISABLED (default)
2022-09-29 01:22:55,699 [Listener at 127.0.0.1/37925] INFO  server.RaftServerConfigKeys (ConfUtils.java:logGet(46)) - raft.server.threadpool.proxy.cached = true (default)
2022-09-29 01:22:55,699 [Listener at 127.0.0.1/37925] INFO  server.RaftServerConfigKeys (ConfUtils.java:logGet(46)) - raft.server.threadpool.proxy.size = 0 (default)
2022-09-29 01:22:55,700 [Listener at 127.0.0.1/37925] INFO  server.RaftServerConfigKeys (ConfUtils.java:logGet(46)) - raft.server.rpc.slowness.timeout = 2s (custom)
2022-09-29 01:22:55,700 [Listener at 127.0.0.1/37925] INFO  server.RaftServerConfigKeys (ConfUtils.java:logGet(46)) - raft.server.leaderelection.leader.step-down.wait-time = 10s (default)
2022-09-29 01:22:55,700 [Listener at 127.0.0.1/37925] INFO  server.RaftServerConfigKeys (ConfUtils.java:logGet(46)) - raft.server.storage.dir = [/home/runner/work/ozone/ozone/hadoop-ozone/integration-test/target/test-dir/MiniOzoneClusterImpl-a442e60d-e435-415e-98a9-f45e33772b0d/omNode-2/ratis] (custom)
2022-09-29 01:22:55,703 [Listener at 127.0.0.1/37925] INFO  server.RaftServer (RaftServerProxy.java:addNew(96)) - omNode-2: addNew group-523986131536:[omNode-3|rpc:localhost:45481|priority:0, omNode-1|rpc:localhost:40693|priority:0, omNode-2|rpc:localhost:42303|priority:0] returns group-523986131536:java.util.concurrent.CompletableFuture@3c042ee3[Not completed]
2022-09-29 01:22:55,703 [Listener at 127.0.0.1/37925] INFO  om.OzoneManager (OzoneManager.java:initializeRatisServer(1976)) - OzoneManager Ratis server initialized at port 42303
2022-09-29 01:22:55,708 [pool-82-thread-1] INFO  server.RaftServer$Division (RaftServerImpl.java:<init>(190)) - omNode-2: new RaftServerImpl for group-523986131536:[omNode-3|rpc:localhost:45481|priority:0, omNode-1|rpc:localhost:40693|priority:0, omNode-2|rpc:localhost:42303|priority:0] with OzoneManagerStateMachine:uninitialized
2022-09-29 01:22:55,708 [pool-82-thread-1] INFO  server.RaftServerConfigKeys (ConfUtils.java:logGet(46)) - raft.server.rpc.timeout.min = 1s (custom)
2022-09-29 01:22:55,708 [pool-82-thread-1] INFO  server.RaftServerConfigKeys (ConfUtils.java:logGet(46)) - raft.server.rpc.timeout.max = 1200ms (custom)
2022-09-29 01:22:55,708 [pool-82-thread-1] INFO  server.RaftServerConfigKeys (ConfUtils.java:logGet(46)) - raft.server.rpc.sleep.time = 25ms (default)
2022-09-29 01:22:55,708 [pool-82-thread-1] INFO  server.RaftServerConfigKeys (ConfUtils.java:logGet(46)) - raft.server.rpc.slowness.timeout = 2s (custom)
2022-09-29 01:22:55,708 [pool-82-thread-1] INFO  server.RaftServerConfigKeys (ConfUtils.java:logGet(46)) - raft.server.leaderelection.leader.step-down.wait-time = 10s (default)
2022-09-29 01:22:55,708 [pool-82-thread-1] INFO  server.RaftServerConfigKeys (ConfUtils.java:logGet(46)) - raft.server.sleep.deviation.threshold = 300ms (default)
2022-09-29 01:22:55,708 [Listener at 127.0.0.1/37925] INFO  om.OzoneManager (OzoneManager.java:getRpcServer(1099)) - Creating RPC Server
2022-09-29 01:22:55,708 [pool-82-thread-1] INFO  server.RaftServer$Division (ServerState.java:<init>(107)) - omNode-2@group-523986131536: ConfigurationManager, init=-1: [omNode-3|rpc:localhost:45481|priority:0, omNode-1|rpc:localhost:40693|priority:0, omNode-2|rpc:localhost:42303|priority:0], old=null, confs=<EMPTY_MAP>
2022-09-29 01:22:55,710 [pool-82-thread-1] INFO  server.RaftServerConfigKeys (ConfUtils.java:logGet(46)) - raft.server.storage.dir = [/home/runner/work/ozone/ozone/hadoop-ozone/integration-test/target/test-dir/MiniOzoneClusterImpl-a442e60d-e435-415e-98a9-f45e33772b0d/omNode-2/ratis] (custom)
2022-09-29 01:22:55,710 [pool-82-thread-1] INFO  server.RaftServerConfigKeys (ConfUtils.java:logGet(46)) - raft.server.log.corruption.policy = EXCEPTION (default)
2022-09-29 01:22:55,711 [pool-82-thread-1] INFO  server.RaftServerConfigKeys (ConfUtils.java:logGet(46)) - raft.server.storage.free-space.min = 0MB (=0) (default)
2022-09-29 01:22:55,711 [pool-82-thread-1] INFO  storage.RaftStorageDirectory (RaftStorageDirectoryImpl.java:analyzeStorage(135)) - The storage directory /home/runner/work/ozone/ozone/hadoop-ozone/integration-test/target/test-dir/MiniOzoneClusterImpl-a442e60d-e435-415e-98a9-f45e33772b0d/omNode-2/ratis/c9bc4cf4-3bc3-3c60-a66b-523986131536 does not exist. Creating ...
2022-09-29 01:22:55,716 [pool-82-thread-1] INFO  storage.RaftStorageDirectory (RaftStorageDirectoryImpl.java:tryLock(230)) - Lock on /home/runner/work/ozone/ozone/hadoop-ozone/integration-test/target/test-dir/MiniOzoneClusterImpl-a442e60d-e435-415e-98a9-f45e33772b0d/omNode-2/ratis/c9bc4cf4-3bc3-3c60-a66b-523986131536/in_use.lock acquired by nodename 41909@fv-az182-579
2022-09-29 01:22:55,718 [pool-82-thread-1] INFO  storage.RaftStorage (RaftStorageImpl.java:format(89)) - Storage directory /home/runner/work/ozone/ozone/hadoop-ozone/integration-test/target/test-dir/MiniOzoneClusterImpl-a442e60d-e435-415e-98a9-f45e33772b0d/omNode-2/ratis/c9bc4cf4-3bc3-3c60-a66b-523986131536 has been successfully formatted.
2022-09-29 01:22:55,719 [pool-82-thread-1] INFO  server.RaftServerConfigKeys (ConfUtils.java:logGet(46)) - raft.server.notification.no-leader.timeout = 2s (custom)
2022-09-29 01:22:55,719 [pool-82-thread-1] INFO  server.RaftServerConfigKeys (ConfUtils.java:logGet(46)) - raft.server.log.use.memory = false (default)
2022-09-29 01:22:55,719 [pool-82-thread-1] INFO  server.RaftServerConfigKeys (ConfUtils.java:logGet(46)) - raft.server.log.purge.gap = 50 (custom)
2022-09-29 01:22:55,719 [pool-82-thread-1] INFO  server.RaftServerConfigKeys (ConfUtils.java:logGet(46)) - raft.server.log.appender.buffer.byte-limit = 33554432 (custom)
2022-09-29 01:22:55,719 [pool-82-thread-1] INFO  server.RaftServerConfigKeys (ConfUtils.java:logGet(46)) - raft.server.log.statemachine.data.read.timeout = 1000ms (default)
2022-09-29 01:22:55,719 [pool-82-thread-1] INFO  server.RaftServerConfigKeys (ConfUtils.java:logGet(46)) - raft.server.log.segment.size.max = 4194304 (custom)
2022-09-29 01:22:55,720 [pool-82-thread-1] INFO  server.RaftServerConfigKeys (ConfUtils.java:logGet(46)) - raft.server.log.segment.cache.num.max = 2 (custom)
2022-09-29 01:22:55,720 [pool-82-thread-1] INFO  server.RaftServerConfigKeys (ConfUtils.java:logGet(46)) - raft.server.log.segment.cache.size.max = 200MB (=209715200) (default)
2022-09-29 01:22:55,720 [pool-82-thread-1] INFO  segmented.SegmentedRaftLogWorker (SegmentedRaftLogWorker.java:<init>(187)) - new omNode-2@group-523986131536-SegmentedRaftLogWorker for RaftStorageImpl:Storage Directory /home/runner/work/ozone/ozone/hadoop-ozone/integration-test/target/test-dir/MiniOzoneClusterImpl-a442e60d-e435-415e-98a9-f45e33772b0d/omNode-2/ratis/c9bc4cf4-3bc3-3c60-a66b-523986131536
2022-09-29 01:22:55,720 [pool-82-thread-1] INFO  server.RaftServerConfigKeys (ConfUtils.java:logGet(46)) - raft.server.log.queue.byte-limit = 64MB (=67108864) (default)
2022-09-29 01:22:55,720 [pool-82-thread-1] INFO  server.RaftServerConfigKeys (ConfUtils.java:logGet(46)) - raft.server.log.queue.element-limit = 4096 (default)
2022-09-29 01:22:55,720 [pool-82-thread-1] INFO  server.RaftServerConfigKeys (ConfUtils.java:logGet(46)) - raft.server.log.segment.size.max = 4194304 (custom)
2022-09-29 01:22:55,720 [pool-82-thread-1] INFO  server.RaftServerConfigKeys (ConfUtils.java:logGet(46)) - raft.server.log.preallocated.size = 4194304 (custom)
2022-09-29 01:22:55,720 [pool-82-thread-1] INFO  server.RaftServerConfigKeys (ConfUtils.java:logGet(46)) - raft.server.log.force.sync.num = 128 (default)
2022-09-29 01:22:55,721 [pool-82-thread-1] INFO  server.RaftServerConfigKeys (ConfUtils.java:logGet(46)) - raft.server.log.statemachine.data.sync = true (default)
2022-09-29 01:22:55,721 [pool-82-thread-1] INFO  server.RaftServerConfigKeys (ConfUtils.java:logGet(46)) - raft.server.log.statemachine.data.sync.timeout = 10s (default)
2022-09-29 01:22:55,721 [pool-82-thread-1] INFO  server.RaftServerConfigKeys (ConfUtils.java:logGet(46)) - raft.server.log.statemachine.data.sync.timeout.retry = -1 (default)
2022-09-29 01:22:55,722 [pool-82-thread-1] INFO  server.RaftServerConfigKeys (ConfUtils.java:logGet(46)) - raft.server.log.write.buffer.size = 64KB (=65536) (default)
2022-09-29 01:22:55,722 [pool-82-thread-1] INFO  server.RaftServerConfigKeys (ConfUtils.java:logGet(46)) - raft.server.log.unsafe-flush.enabled = false (default)
2022-09-29 01:22:55,722 [pool-82-thread-1] INFO  server.RaftServerConfigKeys (ConfUtils.java:logGet(46)) - raft.server.log.statemachine.data.caching.enabled = false (default)
2022-09-29 01:22:55,722 [pool-82-thread-1] INFO  segmented.SegmentedRaftLogWorker (SegmentedRaftLogWorker.java:lambda$new$0(135)) - omNode-2@group-523986131536-SegmentedRaftLogWorker: flushIndex: setUnconditionally 0 -> -1
2022-09-29 01:22:55,722 [pool-82-thread-1] INFO  segmented.SegmentedRaftLogWorker (SegmentedRaftLogWorker.java:lambda$new$0(135)) - omNode-2@group-523986131536-SegmentedRaftLogWorker: safeCacheEvictIndex: setUnconditionally 0 -> -1
2022-09-29 01:22:55,723 [pool-82-thread-1] INFO  server.RaftServerConfigKeys (ConfUtils.java:logGet(46)) - raft.server.snapshot.auto.trigger.enabled = true (custom)
2022-09-29 01:22:55,723 [pool-82-thread-1] INFO  server.RaftServerConfigKeys (ConfUtils.java:logGet(46)) - raft.server.snapshot.auto.trigger.threshold = 50 (custom)
2022-09-29 01:22:55,723 [pool-82-thread-1] INFO  server.RaftServerConfigKeys (ConfUtils.java:logGet(46)) - raft.server.snapshot.retention.file.num = -1 (default)
2022-09-29 01:22:55,723 [pool-82-thread-1] INFO  server.RaftServerConfigKeys (ConfUtils.java:logGet(46)) - raft.server.log.purge.upto.snapshot.index = true (custom)
2022-09-29 01:22:55,723 [pool-82-thread-1] INFO  server.RaftServerConfigKeys (ConfUtils.java:logGet(46)) - raft.server.retrycache.expirytime = 30000ms (custom)
2022-09-29 01:22:55,724 [pool-82-thread-1] INFO  server.RaftServerConfigKeys (ConfUtils.java:logGet(46)) - raft.server.retrycache.statistics.expirytime = 100μs (default)
2022-09-29 01:22:55,725 [pool-82-thread-1] INFO  server.RaftServerConfigKeys (ConfUtils.java:logGet(46)) - raft.server.log.appender.install.snapshot.enabled = false (custom)
2022-09-29 01:22:55,725 [pool-82-thread-1] INFO  server.RaftServerConfigKeys (ConfUtils.java:logGet(46)) - raft.server.threadpool.server.cached = true (default)
2022-09-29 01:22:55,725 [pool-82-thread-1] INFO  server.RaftServerConfigKeys (ConfUtils.java:logGet(46)) - raft.server.threadpool.server.size = 0 (default)
2022-09-29 01:22:55,725 [pool-82-thread-1] INFO  server.RaftServerConfigKeys (ConfUtils.java:logGet(46)) - raft.server.threadpool.client.cached = true (default)
2022-09-29 01:22:55,725 [pool-82-thread-1] INFO  server.RaftServerConfigKeys (ConfUtils.java:logGet(46)) - raft.server.threadpool.client.size = 0 (default)
2022-09-29 01:22:56,092 [Listener at 127.0.0.1/37925] INFO  reflections.Reflections (Reflections.java:scan(232)) - Reflections took 383 ms to scan 19 urls, producing 67 keys and 4214 values [using 2 cores]
2022-09-29 01:22:56,094 [Listener at 127.0.0.1/37925] INFO  ipc.CallQueueManager (CallQueueManager.java:<init>(90)) - Using callQueue: class java.util.concurrent.LinkedBlockingQueue, queueCapacity: 2000, scheduler: class org.apache.hadoop.ipc.DefaultRpcScheduler, ipcBackoff: false.
2022-09-29 01:22:56,098 [Socket Reader #1 for port 41255] INFO  ipc.Server (Server.java:run(1265)) - Starting Socket Reader #1 for port 41255
2022-09-29 01:22:56,116 [Listener at 127.0.0.1/41255] INFO  impl.MetricsSystemImpl (MetricsSystemImpl.java:init(158)) - OzoneManager metrics system started (again)
2022-09-29 01:22:56,127 [Listener at 127.0.0.1/41255] INFO  om.OzoneManager (OzoneManager.java:start(1483)) - OzoneManager RPC server is listening at localhost/127.0.0.1:41255
2022-09-29 01:22:56,127 [Listener at 127.0.0.1/41255] INFO  ratis.OzoneManagerRatisServer (OzoneManagerRatisServer.java:start(555)) - Starting OzoneManagerRatisServer omNode-2 at port 42303
2022-09-29 01:22:56,127 [omNode-2-impl-thread1] INFO  server.RaftServer$Division (RaftServerImpl.java:start(310)) - omNode-2@group-523986131536: start as a follower, conf=-1: [omNode-3|rpc:localhost:45481|priority:0, omNode-1|rpc:localhost:40693|priority:0, omNode-2|rpc:localhost:42303|priority:0], old=null
2022-09-29 01:22:56,127 [omNode-2-impl-thread1] INFO  server.RaftServer$Division (RaftServerImpl.java:setRole(299)) - omNode-2@group-523986131536: changes role from      null to FOLLOWER at term 0 for startAsFollower
2022-09-29 01:22:56,127 [omNode-2-impl-thread1] INFO  impl.RoleInfo (RoleInfo.java:updateAndGet(139)) - omNode-2: start omNode-2@group-523986131536-FollowerState
2022-09-29 01:22:56,128 [omNode-2-impl-thread1] INFO  util.JmxRegister (JmxRegister.java:tryRegister(44)) - Successfully registered JMX Bean with object name Ratis:service=RaftServer,group=group-523986131536,id=omNode-2
2022-09-29 01:22:56,129 [Listener at 127.0.0.1/41255] INFO  server.RaftServer (RaftServerProxy.java:lambda$start$6(382)) - omNode-2: start RPC server
2022-09-29 01:22:56,133 [Listener at 127.0.0.1/41255] INFO  server.GrpcService (GrpcService.java:startImpl(260)) - omNode-2: GrpcService started, listening on 42303
2022-09-29 01:22:56,136 [Listener at 127.0.0.1/41255] INFO  om.OzoneManager (OzoneManager.java:start(1499)) - Version File has different layout version (3) than OM DB (null). That is expected if this OM has never been finalized to a newer layout version.
2022-09-29 01:22:56,139 [org.apache.ratis.util.JvmPauseMonitor$$Lambda$699/1983328127@402fd8ab] INFO  util.JvmPauseMonitor (JvmPauseMonitor.java:run(103)) - JvmPauseMonitor-omNode-2: Started
2022-09-29 01:22:56,144 [Listener at 127.0.0.1/41255] INFO  http.BaseHttpServer (BaseHttpServer.java:newHttpServer2BuilderForOzone(213)) - Starting Web-server for ozoneManager at: http://0.0.0.0:43849
2022-09-29 01:22:56,144 [Listener at 127.0.0.1/41255] INFO  http.BaseHttpServer (BaseHttpServer.java:<init>(108)) - Hadoop Security Enabled: false Ozone Security Enabled: false Ozone HTTP Security Enabled: false 
2022-09-29 01:22:56,146 [Listener at 127.0.0.1/41255] INFO  server.AuthenticationFilter (AuthenticationFilter.java:constructSecretProvider(240)) - Unable to initialize FileSignerSecretProvider, falling back to use random secrets.
2022-09-29 01:22:56,146 [Listener at 127.0.0.1/41255] WARN  http.HttpRequestLog (HttpRequestLog.java:getRequestLog(103)) - Jetty request log can only be enabled using Log4j
2022-09-29 01:22:56,148 [Listener at 127.0.0.1/41255] INFO  http.HttpServer2 (HttpServer2.java:addGlobalFilter(1029)) - Added global filter 'safety' (class=org.apache.hadoop.hdds.server.http.HttpServer2$QuotingInputFilter)
2022-09-29 01:22:56,149 [Listener at 127.0.0.1/41255] INFO  http.HttpServer2 (HttpServer2.java:addFilter(1005)) - Added filter static_user_filter (class=org.apache.hadoop.http.lib.StaticUserWebFilter$StaticUserFilter) to context ozoneManager
2022-09-29 01:22:56,149 [Listener at 127.0.0.1/41255] INFO  http.HttpServer2 (HttpServer2.java:addFilter(1013)) - Added filter static_user_filter (class=org.apache.hadoop.http.lib.StaticUserWebFilter$StaticUserFilter) to context static
2022-09-29 01:22:56,149 [Listener at 127.0.0.1/41255] INFO  http.HttpServer2 (HttpServer2.java:addFilter(1013)) - Added filter static_user_filter (class=org.apache.hadoop.http.lib.StaticUserWebFilter$StaticUserFilter) to context logs
2022-09-29 01:22:56,150 [Listener at 127.0.0.1/41255] INFO  http.HttpServer2 (HttpServer2.java:bindListener(1248)) - Jetty bound to port 43849
2022-09-29 01:22:56,150 [Listener at 127.0.0.1/41255] INFO  server.Server (Server.java:doStart(375)) - jetty-9.4.43.v20210629; built: 2021-06-30T11:07:22.254Z; git: 526006ecfa3af7f1a27ef3a288e2bef7ea9dd7e8; jvm 1.8.0_345-b01
2022-09-29 01:22:56,157 [Listener at 127.0.0.1/41255] INFO  server.session (DefaultSessionIdManager.java:doStart(334)) - DefaultSessionIdManager workerName=node0
2022-09-29 01:22:56,157 [Listener at 127.0.0.1/41255] INFO  server.session (DefaultSessionIdManager.java:doStart(339)) - No SessionScavenger set, using defaults
2022-09-29 01:22:56,158 [Listener at 127.0.0.1/41255] INFO  server.session (HouseKeeper.java:startScavenging(132)) - node0 Scavenging every 600000ms
2022-09-29 01:22:56,159 [Listener at 127.0.0.1/41255] INFO  handler.ContextHandler (ContextHandler.java:doStart(915)) - Started o.e.j.s.ServletContextHandler@6f51c04f{logs,/logs,file:///home/runner/work/ozone/ozone/hadoop-ozone/integration-test/target/log,AVAILABLE}
2022-09-29 01:22:56,159 [Listener at 127.0.0.1/41255] INFO  handler.ContextHandler (ContextHandler.java:doStart(915)) - Started o.e.j.s.ServletContextHandler@14c4b3e1{static,/static,file:///home/runner/work/ozone/ozone/hadoop-ozone/integration-test/target/test-classes/webapps/static,AVAILABLE}
2022-09-29 01:22:56,163 [Listener at 127.0.0.1/41255] INFO  handler.ContextHandler (ContextHandler.java:doStart(915)) - Started o.e.j.w.WebAppContext@4d089dcd{ozoneManager,/,file:///home/runner/work/ozone/ozone/hadoop-ozone/integration-test/target/test-classes/webapps/ozoneManager/,AVAILABLE}{file:/home/runner/work/ozone/ozone/hadoop-ozone/integration-test/target/test-classes/webapps/ozoneManager}
2022-09-29 01:22:56,168 [Listener at 127.0.0.1/41255] INFO  server.AbstractConnector (AbstractConnector.java:doStart(331)) - Started ServerConnector@379c38eb{HTTP/1.1, (http/1.1)}{0.0.0.0:43849}
2022-09-29 01:22:56,168 [Listener at 127.0.0.1/41255] INFO  server.Server (Server.java:doStart(415)) - Started @7947ms
2022-09-29 01:22:56,168 [Listener at 127.0.0.1/41255] WARN  impl.MetricsSystemImpl (MetricsSystemImpl.java:register(279)) - Sink prometheus already exists!
2022-09-29 01:22:56,169 [Listener at 127.0.0.1/41255] INFO  http.BaseHttpServer (BaseHttpServer.java:updateConnectorAddress(333)) - HTTP server of ozoneManager listening at http://0.0.0.0:43849
2022-09-29 01:22:56,172 [IPC Server Responder] INFO  ipc.Server (Server.java:run(1507)) - IPC Server Responder: starting
2022-09-29 01:22:56,172 [IPC Server listener on 41255] INFO  ipc.Server (Server.java:run(1344)) - IPC Server listener on 41255: starting
2022-09-29 01:22:56,180 [Listener at 127.0.0.1/41255] INFO  om.OzoneManager (OzoneManager.java:startTrashEmptier(1920)) - Trash Interval set to 0. Files deleted won't move to trash
2022-09-29 01:22:56,181 [Listener at 127.0.0.1/41255] INFO  ozone.MiniOzoneHAClusterImpl (MiniOzoneHAClusterImpl.java:createOMService(527)) - Started OzoneManager omNode-2 RPC server at localhost/127.0.0.1:41255
2022-09-29 01:22:56,181 [Listener at 127.0.0.1/41255] INFO  ha.OMHANodeDetails (OMHANodeDetails.java:loadOMHAConfig(121)) - ServiceID for OzoneManager is om-service-test1
2022-09-29 01:22:56,182 [Listener at 127.0.0.1/41255] INFO  ha.OMHANodeDetails (OMHANodeDetails.java:loadOMHAConfig(201)) - Found matching OM address with OMServiceId: om-service-test1, OMNodeId: omNode-3, RPC Address: localhost:46485 and Ratis port: 45481
2022-09-29 01:22:56,182 [Listener at 127.0.0.1/41255] INFO  ha.OMHANodeDetails (ConfUtils.java:setNodeSpecificConfigs(97)) - Setting configuration key ozone.om.http-address with value of key ozone.om.http-address.om-service-test1.omNode-3: 127.0.0.1:41793
2022-09-29 01:22:56,182 [Listener at 127.0.0.1/41255] INFO  ha.OMHANodeDetails (ConfUtils.java:setNodeSpecificConfigs(97)) - Setting configuration key ozone.om.https-address with value of key ozone.om.https-address.om-service-test1.omNode-3: 127.0.0.1:42151
2022-09-29 01:22:56,182 [Listener at 127.0.0.1/41255] INFO  ha.OMHANodeDetails (ConfUtils.java:setNodeSpecificConfigs(97)) - Setting configuration key ozone.om.address with value of key ozone.om.address.om-service-test1.omNode-3: 127.0.0.1:46485
2022-09-29 01:22:56,182 [Listener at 127.0.0.1/41255] WARN  server.ServerUtils (ServerUtils.java:getDBPath(225)) - ozone.om.db.dirs is not configured. We recommend adding this setting. Falling back to ozone.metadata.dirs instead.
2022-09-29 01:22:56,184 [Listener at 127.0.0.1/41255] INFO  proxy.SCMBlockLocationFailoverProxyProvider (SCMBlockLocationFailoverProxyProvider.java:<init>(114)) - Created block location fail-over proxy with 1 nodes: [nodeId=scmNodeId,nodeAddress=/0.0.0.0:40603]
2022-09-29 01:22:56,184 [org.apache.hadoop.util.JvmPauseMonitor$Monitor@8a743a1] INFO  util.JvmPauseMonitor (JvmPauseMonitor.java:run(188)) - Starting JVM pause monitor
OM initialization succeeded.Current cluster id for sd=/home/runner/work/ozone/ozone/hadoop-ozone/integration-test/target/test-dir/MiniOzoneClusterImpl-a442e60d-e435-415e-98a9-f45e33772b0d/omNode-3/om;cid=a442e60d-e435-415e-98a9-f45e33772b0d;layoutVersion=3
2022-09-29 01:22:56,207 [Listener at 127.0.0.1/41255] INFO  ha.OMHANodeDetails (OMHANodeDetails.java:loadOMHAConfig(121)) - ServiceID for OzoneManager is om-service-test1
2022-09-29 01:22:56,208 [Listener at 127.0.0.1/41255] INFO  ha.OMHANodeDetails (OMHANodeDetails.java:loadOMHAConfig(201)) - Found matching OM address with OMServiceId: om-service-test1, OMNodeId: omNode-3, RPC Address: localhost:46485 and Ratis port: 45481
2022-09-29 01:22:56,208 [Listener at 127.0.0.1/41255] INFO  ha.OMHANodeDetails (ConfUtils.java:setNodeSpecificConfigs(97)) - Setting configuration key ozone.om.http-address with value of key ozone.om.http-address.om-service-test1.omNode-3: 127.0.0.1:41793
2022-09-29 01:22:56,208 [Listener at 127.0.0.1/41255] INFO  ha.OMHANodeDetails (ConfUtils.java:setNodeSpecificConfigs(97)) - Setting configuration key ozone.om.https-address with value of key ozone.om.https-address.om-service-test1.omNode-3: 127.0.0.1:42151
2022-09-29 01:22:56,209 [Listener at 127.0.0.1/41255] INFO  ha.OMHANodeDetails (ConfUtils.java:setNodeSpecificConfigs(97)) - Setting configuration key ozone.om.address with value of key ozone.om.address.om-service-test1.omNode-3: 127.0.0.1:46485
2022-09-29 01:22:56,209 [Listener at 127.0.0.1/41255] WARN  server.ServerUtils (ServerUtils.java:getDBPath(225)) - ozone.om.db.dirs is not configured. We recommend adding this setting. Falling back to ozone.metadata.dirs instead.
2022-09-29 01:22:56,209 [Listener at 127.0.0.1/41255] INFO  upgrade.AbstractLayoutVersionManager (AbstractLayoutVersionManager.java:init(83)) - Initializing Layout version manager with metadata layout = MULTITENANCY_SCHEMA (version = 3), software layout = MULTITENANCY_SCHEMA (version = 3)
2022-09-29 01:22:56,284 [Listener at 127.0.0.1/41255] INFO  reflections.Reflections (Reflections.java:scan(232)) - Reflections took 74 ms to scan 2 urls, producing 153 keys and 427 values [using 2 cores]
2022-09-29 01:22:56,285 [Listener at 127.0.0.1/41255] INFO  upgrade.OMLayoutVersionManager (OMLayoutVersionManager.java:lambda$0(115)) - Skipping Upgrade Action MockOmUpgradeAction since it has been finalized.
2022-09-29 01:22:56,286 [Listener at 127.0.0.1/41255] WARN  server.ServerUtils (ServerUtils.java:getDBPath(225)) - ozone.om.db.dirs is not configured. We recommend adding this setting. Falling back to ozone.metadata.dirs instead.
2022-09-29 01:22:56,287 [Listener at 127.0.0.1/41255] INFO  proxy.SCMBlockLocationFailoverProxyProvider (SCMBlockLocationFailoverProxyProvider.java:<init>(114)) - Created block location fail-over proxy with 1 nodes: [nodeId=scmNodeId,nodeAddress=/0.0.0.0:40603]
2022-09-29 01:22:56,291 [Listener at 127.0.0.1/41255] INFO  proxy.SCMBlockLocationFailoverProxyProvider (SCMBlockLocationFailoverProxyProvider.java:<init>(114)) - Created block location fail-over proxy with 1 nodes: [nodeId=scmNodeId,nodeAddress=/0.0.0.0:40603]
2022-09-29 01:22:56,307 [Listener at 127.0.0.1/41255] WARN  server.ServerUtils (ServerUtils.java:getDBPath(225)) - ozone.om.db.dirs is not configured. We recommend adding this setting. Falling back to ozone.metadata.dirs instead.
2022-09-29 01:22:56,307 [Listener at 127.0.0.1/41255] INFO  codec.OmKeyInfoCodec (OmKeyInfoCodec.java:<init>(49)) - OmKeyInfoCodec ignorePipeline = true
2022-09-29 01:22:56,307 [Listener at 127.0.0.1/41255] INFO  codec.RepeatedOmKeyInfoCodec (RepeatedOmKeyInfoCodec.java:<init>(41)) - RepeatedOmKeyInfoCodec ignorePipeline = true
2022-09-29 01:22:56,393 [omNode-1@group-523986131536-FollowerState] INFO  impl.FollowerState (FollowerState.java:run(143)) - omNode-1@group-523986131536-FollowerState: change to CANDIDATE, lastRpcElapsedTime:1121176196ns, electionTimeout:1114ms
2022-09-29 01:22:56,395 [omNode-1@group-523986131536-FollowerState] INFO  impl.RoleInfo (RoleInfo.java:shutdownFollowerState(110)) - omNode-1: shutdown omNode-1@group-523986131536-FollowerState
2022-09-29 01:22:56,395 [omNode-1@group-523986131536-FollowerState] INFO  server.RaftServer$Division (RaftServerImpl.java:setRole(299)) - omNode-1@group-523986131536: changes role from  FOLLOWER to CANDIDATE at term 0 for changeToCandidate
2022-09-29 01:22:56,418 [omNode-1@group-523986131536-FollowerState] INFO  server.RaftServerConfigKeys (ConfUtils.java:logGet(46)) - raft.server.leaderelection.pre-vote = false (custom)
2022-09-29 01:22:56,418 [omNode-1@group-523986131536-FollowerState] INFO  impl.RoleInfo (RoleInfo.java:updateAndGet(139)) - omNode-1: start omNode-1@group-523986131536-LeaderElection1
2022-09-29 01:22:56,422 [omNode-1@group-523986131536-LeaderElection1] INFO  impl.LeaderElection (LeaderElection.java:askForVotes(310)) - omNode-1@group-523986131536-LeaderElection1 ELECTION round 0: submit vote requests at term 1 for -1: [omNode-3|rpc:localhost:45481|priority:0, omNode-1|rpc:localhost:40693|priority:0, omNode-2|rpc:localhost:42303|priority:0], old=null
2022-09-29 01:22:56,470 [Listener at 127.0.0.1/41255] INFO  om.OzoneManager (OzoneManager.java:instantiateServices(709)) - S3 Multi-Tenancy is disabled
2022-09-29 01:22:56,475 [Listener at 127.0.0.1/41255] INFO  om.OzoneManager (OzoneManager.java:addS3GVolumeToDB(4324)) - Created Volume s3v With Owner runner required for S3Gateway operations.
2022-09-29 01:22:56,475 [Listener at 127.0.0.1/41255] WARN  server.ServerUtils (ServerUtils.java:getDefaultRatisDirectory(237)) - Storage directory for Ratis is not configured. It is a good idea to map this to an SSD disk. Falling back to ozone.metadata.dirs
2022-09-29 01:22:56,484 [Listener at 127.0.0.1/41255] WARN  utils.OzoneManagerRatisUtils (OzoneManagerRatisUtils.java:getOMRatisSnapshotDirectory(434)) - ozone.om.ratis.snapshot.dir is not configured. Falling back to ozone.metadata.dirs config
2022-09-29 01:22:56,484 [Listener at 127.0.0.1/41255] INFO  snapshot.OzoneManagerSnapshotProvider (OzoneManagerSnapshotProvider.java:<init>(76)) - Initializing OM Snapshot Provider
2022-09-29 01:22:56,492 [Listener at 127.0.0.1/41255] WARN  impl.MetricRegistriesImpl (MetricRegistriesImpl.java:addReporterRegistration(111)) - New reporters are added after registries were created. Some metrics will be missing from the reporter. Please add reporter before adding any new registry.
2022-09-29 01:22:56,492 [Listener at 127.0.0.1/41255] WARN  impl.MetricRegistriesImpl (MetricRegistriesImpl.java:addReporterRegistration(111)) - New reporters are added after registries were created. Some metrics will be missing from the reporter. Please add reporter before adding any new registry.
2022-09-29 01:22:56,492 [Listener at 127.0.0.1/41255] WARN  server.ServerUtils (ServerUtils.java:getDefaultRatisDirectory(237)) - Storage directory for Ratis is not configured. It is a good idea to map this to an SSD disk. Falling back to ozone.metadata.dirs
2022-09-29 01:22:56,494 [Listener at 127.0.0.1/41255] INFO  ratis.OzoneManagerRatisServer (OzoneManagerRatisServer.java:<init>(160)) - Instantiating OM Ratis server with groupID: om-service-test1 and peers: localhost:45481, localhost:40693, localhost:42303
2022-09-29 01:22:56,494 [Listener at 127.0.0.1/41255] INFO  ratis.OzoneManagerStateMachine (OzoneManagerStateMachine.java:loadSnapshotInfoFromDB(632)) - LastAppliedIndex is set from TransactionInfo from OM DB as (t:0, i:~)
2022-09-29 01:22:56,499 [Listener at 127.0.0.1/41255] INFO  server.RaftServer (ConfUtils.java:logGet(46)) - raft.rpc.type = GRPC (default)
2022-09-29 01:22:56,499 [Listener at 127.0.0.1/41255] INFO  grpc.GrpcFactory (GrpcFactory.java:checkPooledByteBufAllocatorUseCacheForAllThreads(48)) - PERFORMANCE WARNING: useCacheForAllThreads is true that may cause Netty to create a lot garbage objects and, as a result, trigger GC.
	It is recommended to disable useCacheForAllThreads by setting -Dorg.apache.ratis.thirdparty.io.netty.allocator.useCacheForAllThreads=false in command line.
2022-09-29 01:22:56,499 [Listener at 127.0.0.1/41255] INFO  grpc.GrpcConfigKeys (ConfUtils.java:logGet(46)) - raft.grpc.admin.port = -1 (default)
2022-09-29 01:22:56,499 [Listener at 127.0.0.1/41255] INFO  grpc.GrpcConfigKeys (ConfUtils.java:logGet(46)) - raft.grpc.server.port = 45481 (custom)
2022-09-29 01:22:56,499 [Listener at 127.0.0.1/41255] INFO  grpc.GrpcConfigKeys (ConfUtils.java:logGet(46)) - raft.grpc.client.port = -1 (default)
2022-09-29 01:22:56,499 [Listener at 127.0.0.1/41255] INFO  grpc.GrpcConfigKeys (ConfUtils.java:logGet(46)) - raft.grpc.server.port = 45481 (custom)
2022-09-29 01:22:56,500 [Listener at 127.0.0.1/41255] INFO  grpc.GrpcConfigKeys (ConfUtils.java:logGet(46)) - raft.grpc.server.port = 45481 (custom)
2022-09-29 01:22:56,500 [Listener at 127.0.0.1/41255] INFO  server.GrpcService (ConfUtils.java:logGet(46)) - raft.grpc.message.size.max = 33554432 (custom)
2022-09-29 01:22:56,500 [Listener at 127.0.0.1/41255] INFO  server.RaftServerConfigKeys (ConfUtils.java:logGet(46)) - raft.server.log.appender.buffer.byte-limit = 33554432 (custom)
2022-09-29 01:22:56,500 [Listener at 127.0.0.1/41255] INFO  server.GrpcService (ConfUtils.java:logGet(46)) - raft.grpc.flow.control.window = 1MB (=1048576) (default)
2022-09-29 01:22:56,500 [Listener at 127.0.0.1/41255] INFO  server.RaftServerConfigKeys (ConfUtils.java:logGet(46)) - raft.server.rpc.request.timeout = 3000ms (default)
2022-09-29 01:22:56,500 [Listener at 127.0.0.1/41255] INFO  grpc.GrpcConfigKeys (ConfUtils.java:logGet(46)) - raft.grpc.server.async.request.thread.pool.cached = true (default)
2022-09-29 01:22:56,500 [Listener at 127.0.0.1/41255] INFO  grpc.GrpcConfigKeys (ConfUtils.java:logGet(46)) - raft.grpc.server.async.request.thread.pool.size = 32 (default)
2022-09-29 01:22:56,501 [Listener at 127.0.0.1/41255] INFO  impl.DataStreamServerImpl (ConfUtils.java:logGet(46)) - raft.datastream.type = DISABLED (default)
2022-09-29 01:22:56,502 [Listener at 127.0.0.1/41255] INFO  server.RaftServerConfigKeys (ConfUtils.java:logGet(46)) - raft.server.threadpool.proxy.cached = true (default)
2022-09-29 01:22:56,502 [Listener at 127.0.0.1/41255] INFO  server.RaftServerConfigKeys (ConfUtils.java:logGet(46)) - raft.server.threadpool.proxy.size = 0 (default)
2022-09-29 01:22:56,502 [Listener at 127.0.0.1/41255] INFO  server.RaftServerConfigKeys (ConfUtils.java:logGet(46)) - raft.server.rpc.slowness.timeout = 2s (custom)
2022-09-29 01:22:56,502 [Listener at 127.0.0.1/41255] INFO  server.RaftServerConfigKeys (ConfUtils.java:logGet(46)) - raft.server.leaderelection.leader.step-down.wait-time = 10s (default)
2022-09-29 01:22:56,502 [Listener at 127.0.0.1/41255] INFO  server.RaftServerConfigKeys (ConfUtils.java:logGet(46)) - raft.server.storage.dir = [/home/runner/work/ozone/ozone/hadoop-ozone/integration-test/target/test-dir/MiniOzoneClusterImpl-a442e60d-e435-415e-98a9-f45e33772b0d/omNode-3/ratis] (custom)
2022-09-29 01:22:56,510 [Listener at 127.0.0.1/41255] INFO  server.RaftServer (RaftServerProxy.java:addNew(96)) - omNode-3: addNew group-523986131536:[omNode-3|rpc:localhost:45481|priority:0, omNode-1|rpc:localhost:40693|priority:0, omNode-2|rpc:localhost:42303|priority:0] returns group-523986131536:java.util.concurrent.CompletableFuture@459dad43[Not completed]
2022-09-29 01:22:56,510 [Listener at 127.0.0.1/41255] INFO  om.OzoneManager (OzoneManager.java:initializeRatisServer(1976)) - OzoneManager Ratis server initialized at port 45481
2022-09-29 01:22:56,648 [pool-107-thread-1] INFO  server.RaftServer$Division (RaftServerImpl.java:<init>(190)) - omNode-3: new RaftServerImpl for group-523986131536:[omNode-3|rpc:localhost:45481|priority:0, omNode-1|rpc:localhost:40693|priority:0, omNode-2|rpc:localhost:42303|priority:0] with OzoneManagerStateMachine:uninitialized
2022-09-29 01:22:56,648 [pool-107-thread-1] INFO  server.RaftServerConfigKeys (ConfUtils.java:logGet(46)) - raft.server.rpc.timeout.min = 1s (custom)
2022-09-29 01:22:56,648 [pool-107-thread-1] INFO  server.RaftServerConfigKeys (ConfUtils.java:logGet(46)) - raft.server.rpc.timeout.max = 1200ms (custom)
2022-09-29 01:22:56,648 [pool-107-thread-1] INFO  server.RaftServerConfigKeys (ConfUtils.java:logGet(46)) - raft.server.rpc.sleep.time = 25ms (default)
2022-09-29 01:22:56,648 [pool-107-thread-1] INFO  server.RaftServerConfigKeys (ConfUtils.java:logGet(46)) - raft.server.rpc.slowness.timeout = 2s (custom)
2022-09-29 01:22:56,648 [pool-107-thread-1] INFO  server.RaftServerConfigKeys (ConfUtils.java:logGet(46)) - raft.server.leaderelection.leader.step-down.wait-time = 10s (default)
2022-09-29 01:22:56,648 [pool-107-thread-1] INFO  server.RaftServerConfigKeys (ConfUtils.java:logGet(46)) - raft.server.sleep.deviation.threshold = 300ms (default)
2022-09-29 01:22:56,648 [pool-107-thread-1] INFO  server.RaftServer$Division (ServerState.java:<init>(107)) - omNode-3@group-523986131536: ConfigurationManager, init=-1: [omNode-3|rpc:localhost:45481|priority:0, omNode-1|rpc:localhost:40693|priority:0, omNode-2|rpc:localhost:42303|priority:0], old=null, confs=<EMPTY_MAP>
2022-09-29 01:22:56,648 [pool-107-thread-1] INFO  server.RaftServerConfigKeys (ConfUtils.java:logGet(46)) - raft.server.storage.dir = [/home/runner/work/ozone/ozone/hadoop-ozone/integration-test/target/test-dir/MiniOzoneClusterImpl-a442e60d-e435-415e-98a9-f45e33772b0d/omNode-3/ratis] (custom)
2022-09-29 01:22:56,648 [Listener at 127.0.0.1/41255] INFO  om.OzoneManager (OzoneManager.java:getRpcServer(1099)) - Creating RPC Server
2022-09-29 01:22:56,649 [pool-107-thread-1] INFO  server.RaftServerConfigKeys (ConfUtils.java:logGet(46)) - raft.server.log.corruption.policy = EXCEPTION (default)
2022-09-29 01:22:56,651 [pool-107-thread-1] INFO  server.RaftServerConfigKeys (ConfUtils.java:logGet(46)) - raft.server.storage.free-space.min = 0MB (=0) (default)
2022-09-29 01:22:56,651 [pool-107-thread-1] INFO  storage.RaftStorageDirectory (RaftStorageDirectoryImpl.java:analyzeStorage(135)) - The storage directory /home/runner/work/ozone/ozone/hadoop-ozone/integration-test/target/test-dir/MiniOzoneClusterImpl-a442e60d-e435-415e-98a9-f45e33772b0d/omNode-3/ratis/c9bc4cf4-3bc3-3c60-a66b-523986131536 does not exist. Creating ...
2022-09-29 01:22:56,655 [pool-107-thread-1] INFO  storage.RaftStorageDirectory (RaftStorageDirectoryImpl.java:tryLock(230)) - Lock on /home/runner/work/ozone/ozone/hadoop-ozone/integration-test/target/test-dir/MiniOzoneClusterImpl-a442e60d-e435-415e-98a9-f45e33772b0d/omNode-3/ratis/c9bc4cf4-3bc3-3c60-a66b-523986131536/in_use.lock acquired by nodename 41909@fv-az182-579
2022-09-29 01:22:56,657 [pool-107-thread-1] INFO  storage.RaftStorage (RaftStorageImpl.java:format(89)) - Storage directory /home/runner/work/ozone/ozone/hadoop-ozone/integration-test/target/test-dir/MiniOzoneClusterImpl-a442e60d-e435-415e-98a9-f45e33772b0d/omNode-3/ratis/c9bc4cf4-3bc3-3c60-a66b-523986131536 has been successfully formatted.
2022-09-29 01:22:56,658 [pool-107-thread-1] INFO  server.RaftServerConfigKeys (ConfUtils.java:logGet(46)) - raft.server.notification.no-leader.timeout = 2s (custom)
2022-09-29 01:22:56,658 [pool-107-thread-1] INFO  server.RaftServerConfigKeys (ConfUtils.java:logGet(46)) - raft.server.log.use.memory = false (default)
2022-09-29 01:22:56,658 [pool-107-thread-1] INFO  server.RaftServerConfigKeys (ConfUtils.java:logGet(46)) - raft.server.log.purge.gap = 50 (custom)
2022-09-29 01:22:56,658 [pool-107-thread-1] INFO  server.RaftServerConfigKeys (ConfUtils.java:logGet(46)) - raft.server.log.appender.buffer.byte-limit = 33554432 (custom)
2022-09-29 01:22:56,658 [pool-107-thread-1] INFO  server.RaftServerConfigKeys (ConfUtils.java:logGet(46)) - raft.server.log.statemachine.data.read.timeout = 1000ms (default)
2022-09-29 01:22:56,658 [pool-107-thread-1] INFO  server.RaftServerConfigKeys (ConfUtils.java:logGet(46)) - raft.server.log.segment.size.max = 4194304 (custom)
2022-09-29 01:22:56,659 [pool-107-thread-1] INFO  server.RaftServerConfigKeys (ConfUtils.java:logGet(46)) - raft.server.log.segment.cache.num.max = 2 (custom)
2022-09-29 01:22:56,659 [pool-107-thread-1] INFO  server.RaftServerConfigKeys (ConfUtils.java:logGet(46)) - raft.server.log.segment.cache.size.max = 200MB (=209715200) (default)
2022-09-29 01:22:56,659 [pool-107-thread-1] INFO  segmented.SegmentedRaftLogWorker (SegmentedRaftLogWorker.java:<init>(187)) - new omNode-3@group-523986131536-SegmentedRaftLogWorker for RaftStorageImpl:Storage Directory /home/runner/work/ozone/ozone/hadoop-ozone/integration-test/target/test-dir/MiniOzoneClusterImpl-a442e60d-e435-415e-98a9-f45e33772b0d/omNode-3/ratis/c9bc4cf4-3bc3-3c60-a66b-523986131536
2022-09-29 01:22:56,659 [pool-107-thread-1] INFO  server.RaftServerConfigKeys (ConfUtils.java:logGet(46)) - raft.server.log.queue.byte-limit = 64MB (=67108864) (default)
2022-09-29 01:22:56,659 [pool-107-thread-1] INFO  server.RaftServerConfigKeys (ConfUtils.java:logGet(46)) - raft.server.log.queue.element-limit = 4096 (default)
2022-09-29 01:22:56,659 [pool-107-thread-1] INFO  server.RaftServerConfigKeys (ConfUtils.java:logGet(46)) - raft.server.log.segment.size.max = 4194304 (custom)
2022-09-29 01:22:56,659 [pool-107-thread-1] INFO  server.RaftServerConfigKeys (ConfUtils.java:logGet(46)) - raft.server.log.preallocated.size = 4194304 (custom)
2022-09-29 01:22:56,659 [pool-107-thread-1] INFO  server.RaftServerConfigKeys (ConfUtils.java:logGet(46)) - raft.server.log.force.sync.num = 128 (default)
2022-09-29 01:22:56,659 [pool-107-thread-1] INFO  server.RaftServerConfigKeys (ConfUtils.java:logGet(46)) - raft.server.log.statemachine.data.sync = true (default)
2022-09-29 01:22:56,659 [pool-107-thread-1] INFO  server.RaftServerConfigKeys (ConfUtils.java:logGet(46)) - raft.server.log.statemachine.data.sync.timeout = 10s (default)
2022-09-29 01:22:56,659 [pool-107-thread-1] INFO  server.RaftServerConfigKeys (ConfUtils.java:logGet(46)) - raft.server.log.statemachine.data.sync.timeout.retry = -1 (default)
2022-09-29 01:22:56,666 [pool-107-thread-1] INFO  server.RaftServerConfigKeys (ConfUtils.java:logGet(46)) - raft.server.log.write.buffer.size = 64KB (=65536) (default)
2022-09-29 01:22:56,666 [pool-107-thread-1] INFO  server.RaftServerConfigKeys (ConfUtils.java:logGet(46)) - raft.server.log.unsafe-flush.enabled = false (default)
2022-09-29 01:22:56,666 [pool-107-thread-1] INFO  server.RaftServerConfigKeys (ConfUtils.java:logGet(46)) - raft.server.log.statemachine.data.caching.enabled = false (default)
2022-09-29 01:22:56,667 [pool-107-thread-1] INFO  segmented.SegmentedRaftLogWorker (SegmentedRaftLogWorker.java:lambda$new$0(135)) - omNode-3@group-523986131536-SegmentedRaftLogWorker: flushIndex: setUnconditionally 0 -> -1
2022-09-29 01:22:56,667 [pool-107-thread-1] INFO  segmented.SegmentedRaftLogWorker (SegmentedRaftLogWorker.java:lambda$new$0(135)) - omNode-3@group-523986131536-SegmentedRaftLogWorker: safeCacheEvictIndex: setUnconditionally 0 -> -1
2022-09-29 01:22:56,667 [pool-107-thread-1] INFO  server.RaftServerConfigKeys (ConfUtils.java:logGet(46)) - raft.server.snapshot.auto.trigger.enabled = true (custom)
2022-09-29 01:22:56,667 [pool-107-thread-1] INFO  server.RaftServerConfigKeys (ConfUtils.java:logGet(46)) - raft.server.snapshot.auto.trigger.threshold = 50 (custom)
2022-09-29 01:22:56,667 [pool-107-thread-1] INFO  server.RaftServerConfigKeys (ConfUtils.java:logGet(46)) - raft.server.snapshot.retention.file.num = -1 (default)
2022-09-29 01:22:56,667 [pool-107-thread-1] INFO  server.RaftServerConfigKeys (ConfUtils.java:logGet(46)) - raft.server.log.purge.upto.snapshot.index = true (custom)
2022-09-29 01:22:56,667 [pool-107-thread-1] INFO  server.RaftServerConfigKeys (ConfUtils.java:logGet(46)) - raft.server.retrycache.expirytime = 30000ms (custom)
2022-09-29 01:22:56,667 [pool-107-thread-1] INFO  server.RaftServerConfigKeys (ConfUtils.java:logGet(46)) - raft.server.retrycache.statistics.expirytime = 100μs (default)
2022-09-29 01:22:56,669 [pool-107-thread-1] INFO  server.RaftServerConfigKeys (ConfUtils.java:logGet(46)) - raft.server.log.appender.install.snapshot.enabled = false (custom)
2022-09-29 01:22:56,669 [pool-107-thread-1] INFO  server.RaftServerConfigKeys (ConfUtils.java:logGet(46)) - raft.server.threadpool.server.cached = true (default)
2022-09-29 01:22:56,669 [pool-107-thread-1] INFO  server.RaftServerConfigKeys (ConfUtils.java:logGet(46)) - raft.server.threadpool.server.size = 0 (default)
2022-09-29 01:22:56,669 [pool-107-thread-1] INFO  server.RaftServerConfigKeys (ConfUtils.java:logGet(46)) - raft.server.threadpool.client.cached = true (default)
2022-09-29 01:22:56,669 [pool-107-thread-1] INFO  server.RaftServerConfigKeys (ConfUtils.java:logGet(46)) - raft.server.threadpool.client.size = 0 (default)
2022-09-29 01:22:57,145 [omNode-1@group-523986131536-LeaderElection1] INFO  impl.LeaderElection (LogUtils.java:infoOrTrace(137)) - omNode-1@group-523986131536-LeaderElection1 got exception when requesting votes: java.util.concurrent.ExecutionException: org.apache.ratis.thirdparty.io.grpc.StatusRuntimeException: UNAVAILABLE: io exception
2022-09-29 01:22:57,195 [Listener at 127.0.0.1/41255] INFO  reflections.Reflections (Reflections.java:scan(232)) - Reflections took 539 ms to scan 19 urls, producing 67 keys and 4214 values [using 2 cores]
2022-09-29 01:22:57,197 [Listener at 127.0.0.1/41255] INFO  ipc.CallQueueManager (CallQueueManager.java:<init>(90)) - Using callQueue: class java.util.concurrent.LinkedBlockingQueue, queueCapacity: 2000, scheduler: class org.apache.hadoop.ipc.DefaultRpcScheduler, ipcBackoff: false.
2022-09-29 01:22:57,205 [Socket Reader #1 for port 46485] INFO  ipc.Server (Server.java:run(1265)) - Starting Socket Reader #1 for port 46485
2022-09-29 01:22:57,216 [omNode-2@group-523986131536-FollowerState] INFO  impl.FollowerState (FollowerState.java:run(143)) - omNode-2@group-523986131536-FollowerState: change to CANDIDATE, lastRpcElapsedTime:1088400584ns, electionTimeout:1079ms
2022-09-29 01:22:57,216 [omNode-2@group-523986131536-FollowerState] INFO  impl.RoleInfo (RoleInfo.java:shutdownFollowerState(110)) - omNode-2: shutdown omNode-2@group-523986131536-FollowerState
2022-09-29 01:22:57,216 [omNode-2@group-523986131536-FollowerState] INFO  server.RaftServer$Division (RaftServerImpl.java:setRole(299)) - omNode-2@group-523986131536: changes role from  FOLLOWER to CANDIDATE at term 0 for changeToCandidate
2022-09-29 01:22:57,217 [omNode-2@group-523986131536-FollowerState] INFO  server.RaftServerConfigKeys (ConfUtils.java:logGet(46)) - raft.server.leaderelection.pre-vote = false (custom)
2022-09-29 01:22:57,217 [omNode-2@group-523986131536-FollowerState] INFO  impl.RoleInfo (RoleInfo.java:updateAndGet(139)) - omNode-2: start omNode-2@group-523986131536-LeaderElection2
2022-09-29 01:22:57,238 [Listener at 127.0.0.1/46485] INFO  impl.MetricsSystemImpl (MetricsSystemImpl.java:init(158)) - OzoneManager metrics system started (again)
2022-09-29 01:22:57,242 [omNode-2@group-523986131536-LeaderElection2] INFO  impl.LeaderElection (LeaderElection.java:askForVotes(310)) - omNode-2@group-523986131536-LeaderElection2 ELECTION round 0: submit vote requests at term 1 for -1: [omNode-3|rpc:localhost:45481|priority:0, omNode-1|rpc:localhost:40693|priority:0, omNode-2|rpc:localhost:42303|priority:0], old=null
2022-09-29 01:22:57,264 [Listener at 127.0.0.1/46485] INFO  om.OzoneManager (OzoneManager.java:start(1483)) - OzoneManager RPC server is listening at localhost/127.0.0.1:46485
2022-09-29 01:22:57,264 [Listener at 127.0.0.1/46485] INFO  ratis.OzoneManagerRatisServer (OzoneManagerRatisServer.java:start(555)) - Starting OzoneManagerRatisServer omNode-3 at port 45481
2022-09-29 01:22:57,272 [omNode-3-impl-thread1] INFO  server.RaftServer$Division (RaftServerImpl.java:start(310)) - omNode-3@group-523986131536: start as a follower, conf=-1: [omNode-3|rpc:localhost:45481|priority:0, omNode-1|rpc:localhost:40693|priority:0, omNode-2|rpc:localhost:42303|priority:0], old=null
2022-09-29 01:22:57,272 [omNode-3-impl-thread1] INFO  server.RaftServer$Division (RaftServerImpl.java:setRole(299)) - omNode-3@group-523986131536: changes role from      null to FOLLOWER at term 0 for startAsFollower
2022-09-29 01:22:57,272 [omNode-3-impl-thread1] INFO  impl.RoleInfo (RoleInfo.java:updateAndGet(139)) - omNode-3: start omNode-3@group-523986131536-FollowerState
2022-09-29 01:22:57,279 [omNode-2@group-523986131536-LeaderElection2] INFO  impl.LeaderElection (LogUtils.java:infoOrTrace(137)) - omNode-2@group-523986131536-LeaderElection2 got exception when requesting votes: java.util.concurrent.ExecutionException: org.apache.ratis.thirdparty.io.grpc.StatusRuntimeException: UNAVAILABLE: io exception
2022-09-29 01:22:57,283 [omNode-3-impl-thread1] INFO  util.JmxRegister (JmxRegister.java:tryRegister(44)) - Successfully registered JMX Bean with object name Ratis:service=RaftServer,group=group-523986131536,id=omNode-3
2022-09-29 01:22:57,290 [Listener at 127.0.0.1/46485] INFO  server.RaftServer (RaftServerProxy.java:lambda$start$6(382)) - omNode-3: start RPC server
2022-09-29 01:22:57,296 [Listener at 127.0.0.1/46485] INFO  server.GrpcService (GrpcService.java:startImpl(260)) - omNode-3: GrpcService started, listening on 45481
2022-09-29 01:22:57,304 [Listener at 127.0.0.1/46485] INFO  om.OzoneManager (OzoneManager.java:start(1499)) - Version File has different layout version (3) than OM DB (null). That is expected if this OM has never been finalized to a newer layout version.
2022-09-29 01:22:57,305 [org.apache.ratis.util.JvmPauseMonitor$$Lambda$699/1983328127@48771b1a] INFO  util.JvmPauseMonitor (JvmPauseMonitor.java:run(103)) - JvmPauseMonitor-omNode-3: Started
2022-09-29 01:22:57,312 [Listener at 127.0.0.1/46485] INFO  http.BaseHttpServer (BaseHttpServer.java:newHttpServer2BuilderForOzone(213)) - Starting Web-server for ozoneManager at: http://0.0.0.0:41793
2022-09-29 01:22:57,312 [Listener at 127.0.0.1/46485] INFO  http.BaseHttpServer (BaseHttpServer.java:<init>(108)) - Hadoop Security Enabled: false Ozone Security Enabled: false Ozone HTTP Security Enabled: false 
2022-09-29 01:22:57,313 [Listener at 127.0.0.1/46485] INFO  server.AuthenticationFilter (AuthenticationFilter.java:constructSecretProvider(240)) - Unable to initialize FileSignerSecretProvider, falling back to use random secrets.
2022-09-29 01:22:57,322 [Listener at 127.0.0.1/46485] WARN  http.HttpRequestLog (HttpRequestLog.java:getRequestLog(103)) - Jetty request log can only be enabled using Log4j
2022-09-29 01:22:57,324 [Listener at 127.0.0.1/46485] INFO  http.HttpServer2 (HttpServer2.java:addGlobalFilter(1029)) - Added global filter 'safety' (class=org.apache.hadoop.hdds.server.http.HttpServer2$QuotingInputFilter)
2022-09-29 01:22:57,325 [Listener at 127.0.0.1/46485] INFO  http.HttpServer2 (HttpServer2.java:addFilter(1005)) - Added filter static_user_filter (class=org.apache.hadoop.http.lib.StaticUserWebFilter$StaticUserFilter) to context ozoneManager
2022-09-29 01:22:57,325 [Listener at 127.0.0.1/46485] INFO  http.HttpServer2 (HttpServer2.java:addFilter(1013)) - Added filter static_user_filter (class=org.apache.hadoop.http.lib.StaticUserWebFilter$StaticUserFilter) to context static
2022-09-29 01:22:57,325 [Listener at 127.0.0.1/46485] INFO  http.HttpServer2 (HttpServer2.java:addFilter(1013)) - Added filter static_user_filter (class=org.apache.hadoop.http.lib.StaticUserWebFilter$StaticUserFilter) to context logs
2022-09-29 01:22:57,326 [Listener at 127.0.0.1/46485] INFO  http.HttpServer2 (HttpServer2.java:bindListener(1248)) - Jetty bound to port 41793
2022-09-29 01:22:57,326 [Listener at 127.0.0.1/46485] INFO  server.Server (Server.java:doStart(375)) - jetty-9.4.43.v20210629; built: 2021-06-30T11:07:22.254Z; git: 526006ecfa3af7f1a27ef3a288e2bef7ea9dd7e8; jvm 1.8.0_345-b01
2022-09-29 01:22:57,334 [Listener at 127.0.0.1/46485] INFO  server.session (DefaultSessionIdManager.java:doStart(334)) - DefaultSessionIdManager workerName=node0
2022-09-29 01:22:57,335 [Listener at 127.0.0.1/46485] INFO  server.session (DefaultSessionIdManager.java:doStart(339)) - No SessionScavenger set, using defaults
2022-09-29 01:22:57,336 [Listener at 127.0.0.1/46485] INFO  server.session (HouseKeeper.java:startScavenging(132)) - node0 Scavenging every 660000ms
2022-09-29 01:22:57,339 [grpc-default-executor-1] INFO  server.RaftServer$Division (RaftServerImpl.java:requestVote(1152)) - omNode-2@group-523986131536: receive requestVote(ELECTION, omNode-1, group-523986131536, 1, (t:0, i:~))
2022-09-29 01:22:57,340 [grpc-default-executor-1] INFO  impl.VoteContext (VoteContext.java:log(48)) - omNode-2@group-523986131536-CANDIDATE: reject ELECTION from omNode-1: already has voted for omNode-2 at current term 1
2022-09-29 01:22:57,342 [Listener at 127.0.0.1/46485] INFO  handler.ContextHandler (ContextHandler.java:doStart(915)) - Started o.e.j.s.ServletContextHandler@288c6f9{logs,/logs,file:///home/runner/work/ozone/ozone/hadoop-ozone/integration-test/target/log,AVAILABLE}
2022-09-29 01:22:57,342 [Listener at 127.0.0.1/46485] INFO  handler.ContextHandler (ContextHandler.java:doStart(915)) - Started o.e.j.s.ServletContextHandler@37f73847{static,/static,file:///home/runner/work/ozone/ozone/hadoop-ozone/integration-test/target/test-classes/webapps/static,AVAILABLE}
2022-09-29 01:22:57,348 [Listener at 127.0.0.1/46485] INFO  handler.ContextHandler (ContextHandler.java:doStart(915)) - Started o.e.j.w.WebAppContext@7a364bfe{ozoneManager,/,file:///home/runner/work/ozone/ozone/hadoop-ozone/integration-test/target/test-classes/webapps/ozoneManager/,AVAILABLE}{file:/home/runner/work/ozone/ozone/hadoop-ozone/integration-test/target/test-classes/webapps/ozoneManager}
2022-09-29 01:22:57,356 [Listener at 127.0.0.1/46485] INFO  server.AbstractConnector (AbstractConnector.java:doStart(331)) - Started ServerConnector@4e2e2fed{HTTP/1.1, (http/1.1)}{0.0.0.0:41793}
2022-09-29 01:22:57,357 [Listener at 127.0.0.1/46485] INFO  server.Server (Server.java:doStart(415)) - Started @9135ms
2022-09-29 01:22:57,357 [Listener at 127.0.0.1/46485] WARN  impl.MetricsSystemImpl (MetricsSystemImpl.java:register(279)) - Sink prometheus already exists!
2022-09-29 01:22:57,357 [Listener at 127.0.0.1/46485] INFO  http.BaseHttpServer (BaseHttpServer.java:updateConnectorAddress(333)) - HTTP server of ozoneManager listening at http://0.0.0.0:41793
2022-09-29 01:22:57,358 [grpc-default-executor-1] INFO  server.RaftServer$Division (RaftServerImpl.java:requestVote(1184)) - omNode-2@group-523986131536 replies to ELECTION vote request: omNode-1<-omNode-2#0:FAIL-t1. Peer's state: omNode-2@group-523986131536:t1, leader=null, voted=omNode-2, raftlog=omNode-2@group-523986131536-SegmentedRaftLog:OPENED:c-1, conf=-1: [omNode-3|rpc:localhost:45481|priority:0, omNode-1|rpc:localhost:40693|priority:0, omNode-2|rpc:localhost:42303|priority:0], old=null
2022-09-29 01:22:57,358 [IPC Server Responder] INFO  ipc.Server (Server.java:run(1507)) - IPC Server Responder: starting
2022-09-29 01:22:57,358 [IPC Server listener on 46485] INFO  ipc.Server (Server.java:run(1344)) - IPC Server listener on 46485: starting
2022-09-29 01:22:57,362 [Listener at 127.0.0.1/46485] INFO  om.OzoneManager (OzoneManager.java:startTrashEmptier(1920)) - Trash Interval set to 0. Files deleted won't move to trash
2022-09-29 01:22:57,363 [Listener at 127.0.0.1/46485] INFO  ozone.MiniOzoneHAClusterImpl (MiniOzoneHAClusterImpl.java:createOMService(527)) - Started OzoneManager omNode-3 RPC server at localhost/127.0.0.1:46485
2022-09-29 01:22:57,376 [org.apache.hadoop.util.JvmPauseMonitor$Monitor@6b906d88] INFO  util.JvmPauseMonitor (JvmPauseMonitor.java:run(188)) - Starting JVM pause monitor
2022-09-29 01:22:57,388 [omNode-1@group-523986131536-LeaderElection1] INFO  impl.LeaderElection (LeaderElection.java:logAndReturn(90)) - omNode-1@group-523986131536-LeaderElection1: ELECTION REJECTED received 1 response(s) and 1 exception(s):
2022-09-29 01:22:57,388 [omNode-1@group-523986131536-LeaderElection1] INFO  impl.LeaderElection (LeaderElection.java:logAndReturn(94)) -   Response 0: omNode-1<-omNode-2#0:FAIL-t1
2022-09-29 01:22:57,388 [omNode-1@group-523986131536-LeaderElection1] INFO  impl.LeaderElection (LogUtils.java:infoOrTrace(137)) -   Exception 1: java.util.concurrent.ExecutionException: org.apache.ratis.thirdparty.io.grpc.StatusRuntimeException: UNAVAILABLE: io exception
2022-09-29 01:22:57,388 [omNode-1@group-523986131536-LeaderElection1] INFO  impl.LeaderElection (LeaderElection.java:askForVotes(312)) - omNode-1@group-523986131536-LeaderElection1 ELECTION round 0: result REJECTED
2022-09-29 01:22:57,388 [grpc-default-executor-1] INFO  server.RaftServer$Division (RaftServerImpl.java:requestVote(1152)) - omNode-1@group-523986131536: receive requestVote(ELECTION, omNode-2, group-523986131536, 1, (t:0, i:~))
2022-09-29 01:22:57,389 [omNode-1@group-523986131536-LeaderElection1] INFO  server.RaftServer$Division (RaftServerImpl.java:setRole(299)) - omNode-1@group-523986131536: changes role from CANDIDATE to FOLLOWER at term 1 for REJECTED
2022-09-29 01:22:57,389 [omNode-1@group-523986131536-LeaderElection1] INFO  impl.RoleInfo (RoleInfo.java:shutdownLeaderElection(130)) - omNode-1: shutdown omNode-1@group-523986131536-LeaderElection1
2022-09-29 01:22:57,389 [omNode-1@group-523986131536-LeaderElection1] INFO  impl.RoleInfo (RoleInfo.java:updateAndGet(139)) - omNode-1: start omNode-1@group-523986131536-FollowerState
2022-09-29 01:22:57,390 [grpc-default-executor-1] INFO  impl.VoteContext (VoteContext.java:log(48)) - omNode-1@group-523986131536-FOLLOWER: reject ELECTION from omNode-2: already has voted for omNode-1 at current term 1
2022-09-29 01:22:57,390 [grpc-default-executor-1] INFO  server.RaftServer$Division (RaftServerImpl.java:requestVote(1184)) - omNode-1@group-523986131536 replies to ELECTION vote request: omNode-2<-omNode-1#0:FAIL-t1. Peer's state: omNode-1@group-523986131536:t1, leader=null, voted=omNode-1, raftlog=omNode-1@group-523986131536-SegmentedRaftLog:OPENED:c-1, conf=-1: [omNode-3|rpc:localhost:45481|priority:0, omNode-1|rpc:localhost:40693|priority:0, omNode-2|rpc:localhost:42303|priority:0], old=null
2022-09-29 01:22:57,410 [omNode-2@group-523986131536-LeaderElection2] INFO  impl.LeaderElection (LeaderElection.java:logAndReturn(90)) - omNode-2@group-523986131536-LeaderElection2: ELECTION REJECTED received 1 response(s) and 1 exception(s):
2022-09-29 01:22:57,410 [omNode-2@group-523986131536-LeaderElection2] INFO  impl.LeaderElection (LeaderElection.java:logAndReturn(94)) -   Response 0: omNode-2<-omNode-1#0:FAIL-t1
2022-09-29 01:22:57,410 [omNode-2@group-523986131536-LeaderElection2] INFO  impl.LeaderElection (LogUtils.java:infoOrTrace(137)) -   Exception 1: java.util.concurrent.ExecutionException: org.apache.ratis.thirdparty.io.grpc.StatusRuntimeException: UNAVAILABLE: io exception
2022-09-29 01:22:57,410 [omNode-2@group-523986131536-LeaderElection2] INFO  impl.LeaderElection (LeaderElection.java:askForVotes(312)) - omNode-2@group-523986131536-LeaderElection2 ELECTION round 0: result REJECTED
2022-09-29 01:22:57,410 [omNode-2@group-523986131536-LeaderElection2] INFO  server.RaftServer$Division (RaftServerImpl.java:setRole(299)) - omNode-2@group-523986131536: changes role from CANDIDATE to FOLLOWER at term 1 for REJECTED
2022-09-29 01:22:57,410 [omNode-2@group-523986131536-LeaderElection2] INFO  impl.RoleInfo (RoleInfo.java:shutdownLeaderElection(130)) - omNode-2: shutdown omNode-2@group-523986131536-LeaderElection2
2022-09-29 01:22:57,410 [omNode-2@group-523986131536-LeaderElection2] INFO  impl.RoleInfo (RoleInfo.java:updateAndGet(139)) - omNode-2: start omNode-2@group-523986131536-FollowerState
2022-09-29 01:22:57,600 [Listener at 127.0.0.1/46485] WARN  impl.MetricRegistriesImpl (MetricRegistriesImpl.java:addReporterRegistration(111)) - New reporters are added after registries were created. Some metrics will be missing from the reporter. Please add reporter before adding any new registry.
2022-09-29 01:22:57,600 [Listener at 127.0.0.1/46485] WARN  impl.MetricRegistriesImpl (MetricRegistriesImpl.java:addReporterRegistration(111)) - New reporters are added after registries were created. Some metrics will be missing from the reporter. Please add reporter before adding any new registry.
2022-09-29 01:22:57,601 [Listener at 127.0.0.1/46485] INFO  impl.MetricsSystemImpl (MetricsSystemImpl.java:init(158)) - HddsDatanode metrics system started (again)
2022-09-29 01:22:57,615 [Listener at 127.0.0.1/46485] INFO  ozone.HddsDatanodeService (HddsDatanodeService.java:start(236)) - HddsDatanodeService host:fv-az182-579.xlcsutvm5t3ellfcnbcbis3udb.bx.internal.cloudapp.net ip:10.1.1.32
2022-09-29 01:22:57,643 [Listener at 127.0.0.1/46485] INFO  upgrade.AbstractLayoutVersionManager (AbstractLayoutVersionManager.java:init(83)) - Initializing Layout version manager with metadata layout = DATANODE_SCHEMA_V3 (version = 4), software layout = DATANODE_SCHEMA_V3 (version = 4)
2022-09-29 01:22:57,686 [Listener at 127.0.0.1/46485] INFO  reflections.Reflections (Reflections.java:scan(232)) - Reflections took 41 ms to scan 7 urls, producing 135 keys and 327 values 
2022-09-29 01:22:57,689 [Listener at 127.0.0.1/46485] INFO  statemachine.DatanodeStateMachine (DatanodeStateMachine.java:getEndPointTaskThreadPoolSize(237)) - Datanode State Machine Task Thread Pool size 2
2022-09-29 01:22:57,743 [Listener at 127.0.0.1/46485] INFO  volume.HddsVolume (HddsVolume.java:<init>(117)) - Creating HddsVolume: /home/runner/work/ozone/ozone/hadoop-ozone/integration-test/target/test-dir/MiniOzoneClusterImpl-a442e60d-e435-415e-98a9-f45e33772b0d/datanode-0/data-0/containers/hdds of storage type : DISK capacity : 9223372036854775807
2022-09-29 01:22:57,746 [Listener at 127.0.0.1/46485] INFO  volume.MutableVolumeSet (MutableVolumeSet.java:initializeVolumeSet(174)) - Added Volume : /home/runner/work/ozone/ozone/hadoop-ozone/integration-test/target/test-dir/MiniOzoneClusterImpl-a442e60d-e435-415e-98a9-f45e33772b0d/datanode-0/data-0/containers/hdds to VolumeSet
2022-09-29 01:22:57,747 [Listener at 127.0.0.1/46485] INFO  volume.ThrottledAsyncChecker (ThrottledAsyncChecker.java:schedule(141)) - Scheduling a check for /home/runner/work/ozone/ozone/hadoop-ozone/integration-test/target/test-dir/MiniOzoneClusterImpl-a442e60d-e435-415e-98a9-f45e33772b0d/datanode-0/data-0/containers/hdds
2022-09-29 01:22:57,764 [Listener at 127.0.0.1/46485] INFO  volume.StorageVolumeChecker (StorageVolumeChecker.java:checkAllVolumes(202)) - Scheduled health check for volume /home/runner/work/ozone/ozone/hadoop-ozone/integration-test/target/test-dir/MiniOzoneClusterImpl-a442e60d-e435-415e-98a9-f45e33772b0d/datanode-0/data-0/containers/hdds
2022-09-29 01:22:57,780 [Listener at 127.0.0.1/46485] INFO  volume.MutableVolumeSet (MutableVolumeSet.java:initializeVolumeSet(174)) - Added Volume : /home/runner/work/ozone/ozone/hadoop-ozone/integration-test/target/test-dir/MiniOzoneClusterImpl-a442e60d-e435-415e-98a9-f45e33772b0d/datanode-0/data/ratis to VolumeSet
2022-09-29 01:22:57,780 [Listener at 127.0.0.1/46485] INFO  volume.ThrottledAsyncChecker (ThrottledAsyncChecker.java:schedule(141)) - Scheduling a check for /home/runner/work/ozone/ozone/hadoop-ozone/integration-test/target/test-dir/MiniOzoneClusterImpl-a442e60d-e435-415e-98a9-f45e33772b0d/datanode-0/data/ratis
2022-09-29 01:22:57,780 [Listener at 127.0.0.1/46485] INFO  volume.StorageVolumeChecker (StorageVolumeChecker.java:checkAllVolumes(202)) - Scheduled health check for volume /home/runner/work/ozone/ozone/hadoop-ozone/integration-test/target/test-dir/MiniOzoneClusterImpl-a442e60d-e435-415e-98a9-f45e33772b0d/datanode-0/data/ratis
2022-09-29 01:22:57,800 [Thread-234] INFO  ozoneimpl.ContainerReader (ContainerReader.java:readVolume(175)) - Finish verifying containers on volume /home/runner/work/ozone/ozone/hadoop-ozone/integration-test/target/test-dir/MiniOzoneClusterImpl-a442e60d-e435-415e-98a9-f45e33772b0d/datanode-0/data-0/containers/hdds
2022-09-29 01:22:57,800 [Listener at 127.0.0.1/46485] INFO  ozoneimpl.OzoneContainer (OzoneContainer.java:buildContainerSet(300)) - Build ContainerSet costs 0s
2022-09-29 01:22:57,842 [Listener at 127.0.0.1/46485] INFO  audit.AuditLogger (AuditLogger.java:refreshDebugCmdSet(126)) - Refresh DebugCmdSet for DNAudit to [].
2022-09-29 01:22:57,869 [Listener at 127.0.0.1/46485] INFO  server.RaftServer (ConfUtils.java:logGet(46)) - raft.rpc.type = GRPC (default)
2022-09-29 01:22:57,869 [Listener at 127.0.0.1/46485] INFO  grpc.GrpcFactory (GrpcFactory.java:checkPooledByteBufAllocatorUseCacheForAllThreads(48)) - PERFORMANCE WARNING: useCacheForAllThreads is true that may cause Netty to create a lot garbage objects and, as a result, trigger GC.
	It is recommended to disable useCacheForAllThreads by setting -Dorg.apache.ratis.thirdparty.io.netty.allocator.useCacheForAllThreads=false in command line.
2022-09-29 01:22:57,869 [Listener at 127.0.0.1/46485] INFO  grpc.GrpcConfigKeys (ConfUtils.java:logGet(46)) - raft.grpc.admin.port = 0 (custom)
2022-09-29 01:22:57,869 [Listener at 127.0.0.1/46485] INFO  grpc.GrpcConfigKeys (ConfUtils.java:logGet(46)) - raft.grpc.client.port = 0 (custom)
2022-09-29 01:22:57,869 [Listener at 127.0.0.1/46485] INFO  grpc.GrpcConfigKeys (ConfUtils.java:logGet(46)) - raft.grpc.server.port = 0 (default)
2022-09-29 01:22:57,869 [Listener at 127.0.0.1/46485] INFO  server.GrpcService (ConfUtils.java:logGet(46)) - raft.grpc.message.size.max = 32MB (=33554432) (custom)
2022-09-29 01:22:57,870 [Listener at 127.0.0.1/46485] INFO  server.RaftServerConfigKeys (ConfUtils.java:logGet(46)) - raft.server.log.appender.buffer.byte-limit = 33554432 (custom)
2022-09-29 01:22:57,870 [Listener at 127.0.0.1/46485] INFO  server.GrpcService (ConfUtils.java:logGet(46)) - raft.grpc.flow.control.window = 5MB (=5242880) (custom)
2022-09-29 01:22:57,870 [Listener at 127.0.0.1/46485] INFO  server.RaftServerConfigKeys (ConfUtils.java:logGet(46)) - raft.server.rpc.request.timeout = 60s (custom)
2022-09-29 01:22:57,870 [Listener at 127.0.0.1/46485] INFO  grpc.GrpcConfigKeys (ConfUtils.java:logGet(46)) - raft.grpc.server.async.request.thread.pool.cached = true (default)
2022-09-29 01:22:57,872 [Listener at 127.0.0.1/46485] INFO  grpc.GrpcConfigKeys (ConfUtils.java:logGet(46)) - raft.grpc.server.async.request.thread.pool.size = 32 (default)
2022-09-29 01:22:57,873 [Listener at 127.0.0.1/46485] INFO  impl.DataStreamServerImpl (ConfUtils.java:logGet(46)) - raft.datastream.type = DISABLED (default)
2022-09-29 01:22:57,873 [Listener at 127.0.0.1/46485] INFO  server.RaftServerConfigKeys (ConfUtils.java:logGet(46)) - raft.server.threadpool.proxy.cached = true (default)
2022-09-29 01:22:57,873 [Listener at 127.0.0.1/46485] INFO  server.RaftServerConfigKeys (ConfUtils.java:logGet(46)) - raft.server.threadpool.proxy.size = 0 (default)
2022-09-29 01:22:57,873 [Listener at 127.0.0.1/46485] INFO  server.RaftServerConfigKeys (ConfUtils.java:logGet(46)) - raft.server.rpc.slowness.timeout = 300s (custom)
2022-09-29 01:22:57,874 [Listener at 127.0.0.1/46485] INFO  server.RaftServerConfigKeys (ConfUtils.java:logGet(46)) - raft.server.leaderelection.leader.step-down.wait-time = 10s (default)
2022-09-29 01:22:57,874 [Listener at 127.0.0.1/46485] INFO  server.RaftServerConfigKeys (ConfUtils.java:logGet(46)) - raft.server.storage.dir = [/home/runner/work/ozone/ozone/hadoop-ozone/integration-test/target/test-dir/MiniOzoneClusterImpl-a442e60d-e435-415e-98a9-f45e33772b0d/datanode-0/data/ratis] (custom)
2022-09-29 01:22:57,891 [Listener at 127.0.0.1/46485] INFO  server.XceiverServerGrpc (XceiverServerGrpc.java:<init>(132)) - GrpcServer channel type EpollServerSocketChannel
2022-09-29 01:22:57,968 [Listener at 127.0.0.1/46485] INFO  http.BaseHttpServer (BaseHttpServer.java:newHttpServer2BuilderForOzone(213)) - Starting Web-server for hddsDatanode at: http://0.0.0.0:0
2022-09-29 01:22:57,968 [Listener at 127.0.0.1/46485] INFO  http.BaseHttpServer (BaseHttpServer.java:<init>(108)) - Hadoop Security Enabled: false Ozone Security Enabled: false Ozone HTTP Security Enabled: false 
2022-09-29 01:22:57,969 [Listener at 127.0.0.1/46485] INFO  server.AuthenticationFilter (AuthenticationFilter.java:constructSecretProvider(240)) - Unable to initialize FileSignerSecretProvider, falling back to use random secrets.
2022-09-29 01:22:57,970 [Listener at 127.0.0.1/46485] WARN  http.HttpRequestLog (HttpRequestLog.java:getRequestLog(103)) - Jetty request log can only be enabled using Log4j
2022-09-29 01:22:57,971 [Listener at 127.0.0.1/46485] INFO  http.HttpServer2 (HttpServer2.java:addGlobalFilter(1029)) - Added global filter 'safety' (class=org.apache.hadoop.hdds.server.http.HttpServer2$QuotingInputFilter)
2022-09-29 01:22:57,972 [Listener at 127.0.0.1/46485] INFO  http.HttpServer2 (HttpServer2.java:addFilter(1005)) - Added filter static_user_filter (class=org.apache.hadoop.http.lib.StaticUserWebFilter$StaticUserFilter) to context hddsDatanode
2022-09-29 01:22:57,972 [Listener at 127.0.0.1/46485] INFO  http.HttpServer2 (HttpServer2.java:addFilter(1013)) - Added filter static_user_filter (class=org.apache.hadoop.http.lib.StaticUserWebFilter$StaticUserFilter) to context logs
2022-09-29 01:22:57,972 [Listener at 127.0.0.1/46485] INFO  http.HttpServer2 (HttpServer2.java:addFilter(1013)) - Added filter static_user_filter (class=org.apache.hadoop.http.lib.StaticUserWebFilter$StaticUserFilter) to context static
2022-09-29 01:22:57,973 [Listener at 127.0.0.1/46485] INFO  http.HttpServer2 (HttpServer2.java:bindListener(1248)) - Jetty bound to port 33795
2022-09-29 01:22:57,973 [Listener at 127.0.0.1/46485] INFO  server.Server (Server.java:doStart(375)) - jetty-9.4.43.v20210629; built: 2021-06-30T11:07:22.254Z; git: 526006ecfa3af7f1a27ef3a288e2bef7ea9dd7e8; jvm 1.8.0_345-b01
2022-09-29 01:22:57,983 [Listener at 127.0.0.1/46485] INFO  server.session (DefaultSessionIdManager.java:doStart(334)) - DefaultSessionIdManager workerName=node0
2022-09-29 01:22:57,984 [Listener at 127.0.0.1/46485] INFO  server.session (DefaultSessionIdManager.java:doStart(339)) - No SessionScavenger set, using defaults
2022-09-29 01:22:57,984 [Listener at 127.0.0.1/46485] INFO  server.session (HouseKeeper.java:startScavenging(132)) - node0 Scavenging every 660000ms
2022-09-29 01:22:57,985 [Listener at 127.0.0.1/46485] INFO  handler.ContextHandler (ContextHandler.java:doStart(915)) - Started o.e.j.s.ServletContextHandler@36a0e677{logs,/logs,file:///home/runner/work/ozone/ozone/hadoop-ozone/integration-test/target/log,AVAILABLE}
2022-09-29 01:22:57,985 [Listener at 127.0.0.1/46485] INFO  handler.ContextHandler (ContextHandler.java:doStart(915)) - Started o.e.j.s.ServletContextHandler@13a09d37{static,/static,jar:file:/home/runner/.m2/repository/org/apache/ozone/hdds-container-service/1.3.0-SNAPSHOT/hdds-container-service-1.3.0-SNAPSHOT.jar!/webapps/static,AVAILABLE}
2022-09-29 01:22:58,178 [Listener at 127.0.0.1/46485] INFO  handler.ContextHandler (ContextHandler.java:doStart(915)) - Started o.e.j.w.WebAppContext@854d6db{hddsDatanode,/,file:///tmp/jetty-0_0_0_0-33795-hdds-container-service-1_3_0-SNAPSHOT_jar-_-any-2126077884325098360/webapp/,AVAILABLE}{jar:file:/home/runner/.m2/repository/org/apache/ozone/hdds-container-service/1.3.0-SNAPSHOT/hdds-container-service-1.3.0-SNAPSHOT.jar!/webapps/hddsDatanode}
2022-09-29 01:22:58,179 [Listener at 127.0.0.1/46485] INFO  server.AbstractConnector (AbstractConnector.java:doStart(331)) - Started ServerConnector@7589fc89{HTTP/1.1, (http/1.1)}{0.0.0.0:33795}
2022-09-29 01:22:58,179 [Listener at 127.0.0.1/46485] INFO  server.Server (Server.java:doStart(415)) - Started @9958ms
2022-09-29 01:22:58,179 [Listener at 127.0.0.1/46485] WARN  impl.MetricsSystemImpl (MetricsSystemImpl.java:register(279)) - Sink prometheus already exists!
2022-09-29 01:22:58,180 [Listener at 127.0.0.1/46485] INFO  http.BaseHttpServer (BaseHttpServer.java:updateConnectorAddress(333)) - HTTP server of hddsDatanode listening at http://0.0.0.0:33795
2022-09-29 01:22:58,181 [Listener at 127.0.0.1/46485] WARN  impl.MetricRegistriesImpl (MetricRegistriesImpl.java:addReporterRegistration(111)) - New reporters are added after registries were created. Some metrics will be missing from the reporter. Please add reporter before adding any new registry.
2022-09-29 01:22:58,182 [Listener at 127.0.0.1/46485] WARN  impl.MetricRegistriesImpl (MetricRegistriesImpl.java:addReporterRegistration(111)) - New reporters are added after registries were created. Some metrics will be missing from the reporter. Please add reporter before adding any new registry.
2022-09-29 01:22:58,182 [Listener at 127.0.0.1/46485] INFO  impl.MetricsSystemImpl (MetricsSystemImpl.java:init(158)) - HddsDatanode metrics system started (again)
2022-09-29 01:22:58,184 [Datanode State Machine Daemon Thread] INFO  statemachine.DatanodeStateMachine (DatanodeStateMachine.java:lambda$startDaemon$0(492)) - Ozone container server started.
2022-09-29 01:22:58,199 [Listener at 127.0.0.1/46485] INFO  ozone.HddsDatanodeService (HddsDatanodeService.java:start(236)) - HddsDatanodeService host:fv-az182-579.xlcsutvm5t3ellfcnbcbis3udb.bx.internal.cloudapp.net ip:10.1.1.32
2022-09-29 01:22:58,207 [org.apache.hadoop.util.JvmPauseMonitor$Monitor@49073769] INFO  util.JvmPauseMonitor (JvmPauseMonitor.java:run(188)) - Starting JVM pause monitor
2022-09-29 01:22:58,238 [Listener at 127.0.0.1/46485] INFO  upgrade.AbstractLayoutVersionManager (AbstractLayoutVersionManager.java:init(83)) - Initializing Layout version manager with metadata layout = DATANODE_SCHEMA_V3 (version = 4), software layout = DATANODE_SCHEMA_V3 (version = 4)
2022-09-29 01:22:58,286 [omNode-3@group-523986131536-FollowerState] INFO  impl.FollowerState (FollowerState.java:run(143)) - omNode-3@group-523986131536-FollowerState: change to CANDIDATE, lastRpcElapsedTime:1013713345ns, electionTimeout:1000ms
2022-09-29 01:22:58,286 [omNode-3@group-523986131536-FollowerState] INFO  impl.RoleInfo (RoleInfo.java:shutdownFollowerState(110)) - omNode-3: shutdown omNode-3@group-523986131536-FollowerState
2022-09-29 01:22:58,286 [omNode-3@group-523986131536-FollowerState] INFO  server.RaftServer$Division (RaftServerImpl.java:setRole(299)) - omNode-3@group-523986131536: changes role from  FOLLOWER to CANDIDATE at term 0 for changeToCandidate
2022-09-29 01:22:58,286 [omNode-3@group-523986131536-FollowerState] INFO  server.RaftServerConfigKeys (ConfUtils.java:logGet(46)) - raft.server.leaderelection.pre-vote = false (custom)
2022-09-29 01:22:58,286 [omNode-3@group-523986131536-FollowerState] INFO  impl.RoleInfo (RoleInfo.java:updateAndGet(139)) - omNode-3: start omNode-3@group-523986131536-LeaderElection3
2022-09-29 01:22:58,296 [Datanode State Machine Task Thread - 0] INFO  datanode.InitDatanodeState (InitDatanodeState.java:persistContainerDatanodeDetails(138)) - DatanodeDetails is persisted to /home/runner/work/ozone/ozone/hadoop-ozone/integration-test/target/test-dir/MiniOzoneClusterImpl-a442e60d-e435-415e-98a9-f45e33772b0d/datanode-0/meta/datanode.id
2022-09-29 01:22:58,298 [omNode-3@group-523986131536-LeaderElection3] INFO  impl.LeaderElection (LeaderElection.java:askForVotes(310)) - omNode-3@group-523986131536-LeaderElection3 ELECTION round 0: submit vote requests at term 1 for -1: [omNode-3|rpc:localhost:45481|priority:0, omNode-1|rpc:localhost:40693|priority:0, omNode-2|rpc:localhost:42303|priority:0], old=null
2022-09-29 01:22:58,326 [grpc-default-executor-1] INFO  server.RaftServer$Division (RaftServerImpl.java:requestVote(1152)) - omNode-1@group-523986131536: receive requestVote(ELECTION, omNode-3, group-523986131536, 1, (t:0, i:~))
2022-09-29 01:22:58,327 [grpc-default-executor-1] INFO  impl.VoteContext (VoteContext.java:log(48)) - omNode-1@group-523986131536-FOLLOWER: reject ELECTION from omNode-3: already has voted for omNode-1 at current term 1
2022-09-29 01:22:58,327 [grpc-default-executor-1] INFO  server.RaftServer$Division (RaftServerImpl.java:requestVote(1184)) - omNode-1@group-523986131536 replies to ELECTION vote request: omNode-3<-omNode-1#0:FAIL-t1. Peer's state: omNode-1@group-523986131536:t1, leader=null, voted=omNode-1, raftlog=omNode-1@group-523986131536-SegmentedRaftLog:OPENED:c-1, conf=-1: [omNode-3|rpc:localhost:45481|priority:0, omNode-1|rpc:localhost:40693|priority:0, omNode-2|rpc:localhost:42303|priority:0], old=null
2022-09-29 01:22:58,331 [Listener at 127.0.0.1/46485] INFO  reflections.Reflections (Reflections.java:scan(232)) - Reflections took 88 ms to scan 7 urls, producing 135 keys and 327 values 
2022-09-29 01:22:58,335 [Listener at 127.0.0.1/46485] INFO  statemachine.DatanodeStateMachine (DatanodeStateMachine.java:getEndPointTaskThreadPoolSize(237)) - Datanode State Machine Task Thread Pool size 2
2022-09-29 01:22:58,341 [grpc-default-executor-1] INFO  server.RaftServer$Division (RaftServerImpl.java:requestVote(1152)) - omNode-2@group-523986131536: receive requestVote(ELECTION, omNode-3, group-523986131536, 1, (t:0, i:~))
2022-09-29 01:22:58,341 [grpc-default-executor-1] INFO  impl.VoteContext (VoteContext.java:log(48)) - omNode-2@group-523986131536-FOLLOWER: reject ELECTION from omNode-3: already has voted for omNode-2 at current term 1
2022-09-29 01:22:58,341 [grpc-default-executor-1] INFO  server.RaftServer$Division (RaftServerImpl.java:requestVote(1184)) - omNode-2@group-523986131536 replies to ELECTION vote request: omNode-3<-omNode-2#0:FAIL-t1. Peer's state: omNode-2@group-523986131536:t1, leader=null, voted=omNode-2, raftlog=omNode-2@group-523986131536-SegmentedRaftLog:OPENED:c-1, conf=-1: [omNode-3|rpc:localhost:45481|priority:0, omNode-1|rpc:localhost:40693|priority:0, omNode-2|rpc:localhost:42303|priority:0], old=null
2022-09-29 01:22:58,354 [omNode-3@group-523986131536-LeaderElection3] INFO  impl.LeaderElection (LeaderElection.java:logAndReturn(90)) - omNode-3@group-523986131536-LeaderElection3: ELECTION REJECTED received 2 response(s) and 0 exception(s):
2022-09-29 01:22:58,354 [omNode-3@group-523986131536-LeaderElection3] INFO  impl.LeaderElection (LeaderElection.java:logAndReturn(94)) -   Response 0: omNode-3<-omNode-1#0:FAIL-t1
2022-09-29 01:22:58,354 [omNode-3@group-523986131536-LeaderElection3] INFO  impl.LeaderElection (LeaderElection.java:logAndReturn(94)) -   Response 1: omNode-3<-omNode-2#0:FAIL-t1
2022-09-29 01:22:58,354 [omNode-3@group-523986131536-LeaderElection3] INFO  impl.LeaderElection (LeaderElection.java:askForVotes(312)) - omNode-3@group-523986131536-LeaderElection3 ELECTION round 0: result REJECTED
2022-09-29 01:22:58,355 [omNode-3@group-523986131536-LeaderElection3] INFO  server.RaftServer$Division (RaftServerImpl.java:setRole(299)) - omNode-3@group-523986131536: changes role from CANDIDATE to FOLLOWER at term 1 for REJECTED
2022-09-29 01:22:58,355 [Listener at 127.0.0.1/46485] INFO  volume.HddsVolume (HddsVolume.java:<init>(117)) - Creating HddsVolume: /home/runner/work/ozone/ozone/hadoop-ozone/integration-test/target/test-dir/MiniOzoneClusterImpl-a442e60d-e435-415e-98a9-f45e33772b0d/datanode-1/data-0/containers/hdds of storage type : DISK capacity : 9223372036854775807
2022-09-29 01:22:58,355 [Listener at 127.0.0.1/46485] INFO  volume.MutableVolumeSet (MutableVolumeSet.java:initializeVolumeSet(174)) - Added Volume : /home/runner/work/ozone/ozone/hadoop-ozone/integration-test/target/test-dir/MiniOzoneClusterImpl-a442e60d-e435-415e-98a9-f45e33772b0d/datanode-1/data-0/containers/hdds to VolumeSet
2022-09-29 01:22:58,355 [Listener at 127.0.0.1/46485] INFO  volume.ThrottledAsyncChecker (ThrottledAsyncChecker.java:schedule(141)) - Scheduling a check for /home/runner/work/ozone/ozone/hadoop-ozone/integration-test/target/test-dir/MiniOzoneClusterImpl-a442e60d-e435-415e-98a9-f45e33772b0d/datanode-1/data-0/containers/hdds
2022-09-29 01:22:58,355 [omNode-3@group-523986131536-LeaderElection3] INFO  impl.RoleInfo (RoleInfo.java:shutdownLeaderElection(130)) - omNode-3: shutdown omNode-3@group-523986131536-LeaderElection3
2022-09-29 01:22:58,356 [Listener at 127.0.0.1/46485] INFO  volume.StorageVolumeChecker (StorageVolumeChecker.java:checkAllVolumes(202)) - Scheduled health check for volume /home/runner/work/ozone/ozone/hadoop-ozone/integration-test/target/test-dir/MiniOzoneClusterImpl-a442e60d-e435-415e-98a9-f45e33772b0d/datanode-1/data-0/containers/hdds
2022-09-29 01:22:58,364 [omNode-3@group-523986131536-LeaderElection3] INFO  impl.RoleInfo (RoleInfo.java:updateAndGet(139)) - omNode-3: start omNode-3@group-523986131536-FollowerState
2022-09-29 01:22:58,376 [Listener at 127.0.0.1/46485] INFO  volume.MutableVolumeSet (MutableVolumeSet.java:initializeVolumeSet(174)) - Added Volume : /home/runner/work/ozone/ozone/hadoop-ozone/integration-test/target/test-dir/MiniOzoneClusterImpl-a442e60d-e435-415e-98a9-f45e33772b0d/datanode-1/data/ratis to VolumeSet
2022-09-29 01:22:58,376 [Listener at 127.0.0.1/46485] INFO  volume.ThrottledAsyncChecker (ThrottledAsyncChecker.java:schedule(141)) - Scheduling a check for /home/runner/work/ozone/ozone/hadoop-ozone/integration-test/target/test-dir/MiniOzoneClusterImpl-a442e60d-e435-415e-98a9-f45e33772b0d/datanode-1/data/ratis
2022-09-29 01:22:58,376 [Listener at 127.0.0.1/46485] INFO  volume.StorageVolumeChecker (StorageVolumeChecker.java:checkAllVolumes(202)) - Scheduled health check for volume /home/runner/work/ozone/ozone/hadoop-ozone/integration-test/target/test-dir/MiniOzoneClusterImpl-a442e60d-e435-415e-98a9-f45e33772b0d/datanode-1/data/ratis
2022-09-29 01:22:58,388 [Thread-251] INFO  ozoneimpl.ContainerReader (ContainerReader.java:readVolume(175)) - Finish verifying containers on volume /home/runner/work/ozone/ozone/hadoop-ozone/integration-test/target/test-dir/MiniOzoneClusterImpl-a442e60d-e435-415e-98a9-f45e33772b0d/datanode-1/data-0/containers/hdds
2022-09-29 01:22:58,388 [Listener at 127.0.0.1/46485] INFO  ozoneimpl.OzoneContainer (OzoneContainer.java:buildContainerSet(300)) - Build ContainerSet costs 0s
2022-09-29 01:22:58,392 [Listener at 127.0.0.1/46485] INFO  server.RaftServer (ConfUtils.java:logGet(46)) - raft.rpc.type = GRPC (default)
2022-09-29 01:22:58,392 [Listener at 127.0.0.1/46485] INFO  grpc.GrpcFactory (GrpcFactory.java:checkPooledByteBufAllocatorUseCacheForAllThreads(48)) - PERFORMANCE WARNING: useCacheForAllThreads is true that may cause Netty to create a lot garbage objects and, as a result, trigger GC.
	It is recommended to disable useCacheForAllThreads by setting -Dorg.apache.ratis.thirdparty.io.netty.allocator.useCacheForAllThreads=false in command line.
2022-09-29 01:22:58,392 [Listener at 127.0.0.1/46485] INFO  grpc.GrpcConfigKeys (ConfUtils.java:logGet(46)) - raft.grpc.admin.port = 0 (custom)
2022-09-29 01:22:58,392 [Listener at 127.0.0.1/46485] INFO  grpc.GrpcConfigKeys (ConfUtils.java:logGet(46)) - raft.grpc.client.port = 0 (custom)
2022-09-29 01:22:58,392 [Listener at 127.0.0.1/46485] INFO  grpc.GrpcConfigKeys (ConfUtils.java:logGet(46)) - raft.grpc.server.port = 0 (default)
2022-09-29 01:22:58,392 [Listener at 127.0.0.1/46485] INFO  server.GrpcService (ConfUtils.java:logGet(46)) - raft.grpc.message.size.max = 32MB (=33554432) (custom)
2022-09-29 01:22:58,393 [Listener at 127.0.0.1/46485] INFO  server.RaftServerConfigKeys (ConfUtils.java:logGet(46)) - raft.server.log.appender.buffer.byte-limit = 33554432 (custom)
2022-09-29 01:22:58,393 [Listener at 127.0.0.1/46485] INFO  server.GrpcService (ConfUtils.java:logGet(46)) - raft.grpc.flow.control.window = 5MB (=5242880) (custom)
2022-09-29 01:22:58,393 [Listener at 127.0.0.1/46485] INFO  server.RaftServerConfigKeys (ConfUtils.java:logGet(46)) - raft.server.rpc.request.timeout = 60s (custom)
2022-09-29 01:22:58,393 [Listener at 127.0.0.1/46485] INFO  grpc.GrpcConfigKeys (ConfUtils.java:logGet(46)) - raft.grpc.server.async.request.thread.pool.cached = true (default)
2022-09-29 01:22:58,393 [Listener at 127.0.0.1/46485] INFO  grpc.GrpcConfigKeys (ConfUtils.java:logGet(46)) - raft.grpc.server.async.request.thread.pool.size = 32 (default)
2022-09-29 01:22:58,394 [Listener at 127.0.0.1/46485] INFO  impl.DataStreamServerImpl (ConfUtils.java:logGet(46)) - raft.datastream.type = DISABLED (default)
2022-09-29 01:22:58,394 [Listener at 127.0.0.1/46485] INFO  server.RaftServerConfigKeys (ConfUtils.java:logGet(46)) - raft.server.threadpool.proxy.cached = true (default)
2022-09-29 01:22:58,395 [Listener at 127.0.0.1/46485] INFO  server.RaftServerConfigKeys (ConfUtils.java:logGet(46)) - raft.server.threadpool.proxy.size = 0 (default)
2022-09-29 01:22:58,395 [Listener at 127.0.0.1/46485] INFO  server.RaftServerConfigKeys (ConfUtils.java:logGet(46)) - raft.server.rpc.slowness.timeout = 300s (custom)
2022-09-29 01:22:58,395 [Listener at 127.0.0.1/46485] INFO  server.RaftServerConfigKeys (ConfUtils.java:logGet(46)) - raft.server.leaderelection.leader.step-down.wait-time = 10s (default)
2022-09-29 01:22:58,395 [Listener at 127.0.0.1/46485] INFO  server.RaftServerConfigKeys (ConfUtils.java:logGet(46)) - raft.server.storage.dir = [/home/runner/work/ozone/ozone/hadoop-ozone/integration-test/target/test-dir/MiniOzoneClusterImpl-a442e60d-e435-415e-98a9-f45e33772b0d/datanode-1/data/ratis] (custom)
2022-09-29 01:22:58,397 [Listener at 127.0.0.1/46485] INFO  server.XceiverServerGrpc (XceiverServerGrpc.java:<init>(132)) - GrpcServer channel type EpollServerSocketChannel
2022-09-29 01:22:58,402 [Listener at 127.0.0.1/46485] INFO  http.BaseHttpServer (BaseHttpServer.java:newHttpServer2BuilderForOzone(213)) - Starting Web-server for hddsDatanode at: http://0.0.0.0:0
2022-09-29 01:22:58,402 [Listener at 127.0.0.1/46485] INFO  http.BaseHttpServer (BaseHttpServer.java:<init>(108)) - Hadoop Security Enabled: false Ozone Security Enabled: false Ozone HTTP Security Enabled: false 
2022-09-29 01:22:58,403 [Listener at 127.0.0.1/46485] INFO  server.AuthenticationFilter (AuthenticationFilter.java:constructSecretProvider(240)) - Unable to initialize FileSignerSecretProvider, falling back to use random secrets.
2022-09-29 01:22:58,404 [Listener at 127.0.0.1/46485] WARN  http.HttpRequestLog (HttpRequestLog.java:getRequestLog(103)) - Jetty request log can only be enabled using Log4j
2022-09-29 01:22:58,405 [Listener at 127.0.0.1/46485] INFO  http.HttpServer2 (HttpServer2.java:addGlobalFilter(1029)) - Added global filter 'safety' (class=org.apache.hadoop.hdds.server.http.HttpServer2$QuotingInputFilter)
2022-09-29 01:22:58,406 [Listener at 127.0.0.1/46485] INFO  http.HttpServer2 (HttpServer2.java:addFilter(1005)) - Added filter static_user_filter (class=org.apache.hadoop.http.lib.StaticUserWebFilter$StaticUserFilter) to context hddsDatanode
2022-09-29 01:22:58,406 [Listener at 127.0.0.1/46485] INFO  http.HttpServer2 (HttpServer2.java:addFilter(1013)) - Added filter static_user_filter (class=org.apache.hadoop.http.lib.StaticUserWebFilter$StaticUserFilter) to context static
2022-09-29 01:22:58,406 [Listener at 127.0.0.1/46485] INFO  http.HttpServer2 (HttpServer2.java:addFilter(1013)) - Added filter static_user_filter (class=org.apache.hadoop.http.lib.StaticUserWebFilter$StaticUserFilter) to context logs
2022-09-29 01:22:58,407 [Listener at 127.0.0.1/46485] INFO  http.HttpServer2 (HttpServer2.java:bindListener(1248)) - Jetty bound to port 40161
2022-09-29 01:22:58,407 [Listener at 127.0.0.1/46485] INFO  server.Server (Server.java:doStart(375)) - jetty-9.4.43.v20210629; built: 2021-06-30T11:07:22.254Z; git: 526006ecfa3af7f1a27ef3a288e2bef7ea9dd7e8; jvm 1.8.0_345-b01
2022-09-29 01:22:58,409 [Listener at 127.0.0.1/46485] INFO  server.session (DefaultSessionIdManager.java:doStart(334)) - DefaultSessionIdManager workerName=node0
2022-09-29 01:22:58,409 [Listener at 127.0.0.1/46485] INFO  server.session (DefaultSessionIdManager.java:doStart(339)) - No SessionScavenger set, using defaults
2022-09-29 01:22:58,409 [Listener at 127.0.0.1/46485] INFO  server.session (HouseKeeper.java:startScavenging(132)) - node0 Scavenging every 600000ms
2022-09-29 01:22:58,409 [omNode-1@group-523986131536-FollowerState] INFO  impl.FollowerState (FollowerState.java:run(143)) - omNode-1@group-523986131536-FollowerState: change to CANDIDATE, lastRpcElapsedTime:1020051625ns, electionTimeout:1009ms
2022-09-29 01:22:58,409 [omNode-1@group-523986131536-FollowerState] INFO  impl.RoleInfo (RoleInfo.java:shutdownFollowerState(110)) - omNode-1: shutdown omNode-1@group-523986131536-FollowerState
2022-09-29 01:22:58,410 [omNode-1@group-523986131536-FollowerState] INFO  server.RaftServer$Division (RaftServerImpl.java:setRole(299)) - omNode-1@group-523986131536: changes role from  FOLLOWER to CANDIDATE at term 1 for changeToCandidate
2022-09-29 01:22:58,410 [omNode-1@group-523986131536-FollowerState] INFO  server.RaftServerConfigKeys (ConfUtils.java:logGet(46)) - raft.server.leaderelection.pre-vote = false (custom)
2022-09-29 01:22:58,410 [omNode-1@group-523986131536-FollowerState] INFO  impl.RoleInfo (RoleInfo.java:updateAndGet(139)) - omNode-1: start omNode-1@group-523986131536-LeaderElection4
2022-09-29 01:22:58,410 [Listener at 127.0.0.1/46485] INFO  handler.ContextHandler (ContextHandler.java:doStart(915)) - Started o.e.j.s.ServletContextHandler@4e7dcf03{logs,/logs,file:///home/runner/work/ozone/ozone/hadoop-ozone/integration-test/target/log,AVAILABLE}
2022-09-29 01:22:58,410 [Listener at 127.0.0.1/46485] INFO  handler.ContextHandler (ContextHandler.java:doStart(915)) - Started o.e.j.s.ServletContextHandler@3453e1f{static,/static,jar:file:/home/runner/.m2/repository/org/apache/ozone/hdds-container-service/1.3.0-SNAPSHOT/hdds-container-service-1.3.0-SNAPSHOT.jar!/webapps/static,AVAILABLE}
2022-09-29 01:22:58,414 [omNode-1@group-523986131536-LeaderElection4] INFO  impl.LeaderElection (LeaderElection.java:askForVotes(310)) - omNode-1@group-523986131536-LeaderElection4 ELECTION round 0: submit vote requests at term 2 for -1: [omNode-3|rpc:localhost:45481|priority:0, omNode-1|rpc:localhost:40693|priority:0, omNode-2|rpc:localhost:42303|priority:0], old=null
2022-09-29 01:22:58,436 [grpc-default-executor-1] INFO  server.RaftServer$Division (RaftServerImpl.java:requestVote(1152)) - omNode-3@group-523986131536: receive requestVote(ELECTION, omNode-1, group-523986131536, 2, (t:0, i:~))
2022-09-29 01:22:58,437 [omNode-2@group-523986131536-FollowerState] INFO  impl.FollowerState (FollowerState.java:run(143)) - omNode-2@group-523986131536-FollowerState: change to CANDIDATE, lastRpcElapsedTime:1026635407ns, electionTimeout:1026ms
2022-09-29 01:22:58,437 [omNode-2@group-523986131536-FollowerState] INFO  impl.RoleInfo (RoleInfo.java:shutdownFollowerState(110)) - omNode-2: shutdown omNode-2@group-523986131536-FollowerState
2022-09-29 01:22:58,437 [omNode-2@group-523986131536-FollowerState] INFO  server.RaftServer$Division (RaftServerImpl.java:setRole(299)) - omNode-2@group-523986131536: changes role from  FOLLOWER to CANDIDATE at term 1 for changeToCandidate
2022-09-29 01:22:58,437 [omNode-2@group-523986131536-FollowerState] INFO  server.RaftServerConfigKeys (ConfUtils.java:logGet(46)) - raft.server.leaderelection.pre-vote = false (custom)
2022-09-29 01:22:58,437 [omNode-2@group-523986131536-FollowerState] INFO  impl.RoleInfo (RoleInfo.java:updateAndGet(139)) - omNode-2: start omNode-2@group-523986131536-LeaderElection5
2022-09-29 01:22:58,438 [grpc-default-executor-1] INFO  impl.VoteContext (VoteContext.java:log(48)) - omNode-3@group-523986131536-FOLLOWER: accept ELECTION from omNode-1: our priority 0 <= candidate's priority 0
2022-09-29 01:22:58,438 [grpc-default-executor-1] INFO  server.RaftServer$Division (RaftServerImpl.java:setRole(299)) - omNode-3@group-523986131536: changes role from  FOLLOWER to FOLLOWER at term 2 for candidate:omNode-1
2022-09-29 01:22:58,438 [grpc-default-executor-1] INFO  impl.RoleInfo (RoleInfo.java:shutdownFollowerState(110)) - omNode-3: shutdown omNode-3@group-523986131536-FollowerState
2022-09-29 01:22:58,438 [grpc-default-executor-1] INFO  impl.RoleInfo (RoleInfo.java:updateAndGet(139)) - omNode-3: start omNode-3@group-523986131536-FollowerState
2022-09-29 01:22:58,438 [omNode-3@group-523986131536-FollowerState] INFO  impl.FollowerState (FollowerState.java:run(152)) - omNode-3@group-523986131536-FollowerState was interrupted
2022-09-29 01:22:58,448 [grpc-default-executor-0] INFO  server.RaftServer$Division (RaftServerImpl.java:requestVote(1152)) - omNode-2@group-523986131536: receive requestVote(ELECTION, omNode-1, group-523986131536, 2, (t:0, i:~))
2022-09-29 01:22:58,448 [grpc-default-executor-0] INFO  impl.VoteContext (VoteContext.java:log(48)) - omNode-2@group-523986131536-CANDIDATE: accept ELECTION from omNode-1: our priority 0 <= candidate's priority 0
2022-09-29 01:22:58,449 [grpc-default-executor-0] INFO  server.RaftServer$Division (RaftServerImpl.java:setRole(299)) - omNode-2@group-523986131536: changes role from CANDIDATE to FOLLOWER at term 2 for candidate:omNode-1
2022-09-29 01:22:58,449 [grpc-default-executor-0] INFO  impl.RoleInfo (RoleInfo.java:shutdownLeaderElection(130)) - omNode-2: shutdown omNode-2@group-523986131536-LeaderElection5
2022-09-29 01:22:58,449 [grpc-default-executor-0] INFO  impl.RoleInfo (RoleInfo.java:updateAndGet(139)) - omNode-2: start omNode-2@group-523986131536-FollowerState
2022-09-29 01:22:58,449 [grpc-default-executor-1] INFO  server.RaftServer$Division (RaftServerImpl.java:requestVote(1184)) - omNode-3@group-523986131536 replies to ELECTION vote request: omNode-1<-omNode-3#0:OK-t2. Peer's state: omNode-3@group-523986131536:t2, leader=null, voted=omNode-1, raftlog=omNode-3@group-523986131536-SegmentedRaftLog:OPENED:c-1, conf=-1: [omNode-3|rpc:localhost:45481|priority:0, omNode-1|rpc:localhost:40693|priority:0, omNode-2|rpc:localhost:42303|priority:0], old=null
2022-09-29 01:22:58,456 [grpc-default-executor-0] INFO  server.RaftServer$Division (RaftServerImpl.java:requestVote(1184)) - omNode-2@group-523986131536 replies to ELECTION vote request: omNode-1<-omNode-2#0:OK-t2. Peer's state: omNode-2@group-523986131536:t2, leader=null, voted=omNode-1, raftlog=omNode-2@group-523986131536-SegmentedRaftLog:OPENED:c-1, conf=-1: [omNode-3|rpc:localhost:45481|priority:0, omNode-1|rpc:localhost:40693|priority:0, omNode-2|rpc:localhost:42303|priority:0], old=null
2022-09-29 01:22:58,457 [omNode-1@group-523986131536-LeaderElection4] INFO  impl.LeaderElection (LeaderElection.java:logAndReturn(90)) - omNode-1@group-523986131536-LeaderElection4: ELECTION PASSED received 1 response(s) and 0 exception(s):
2022-09-29 01:22:58,457 [omNode-1@group-523986131536-LeaderElection4] INFO  impl.LeaderElection (LeaderElection.java:logAndReturn(94)) -   Response 0: omNode-1<-omNode-3#0:OK-t2
2022-09-29 01:22:58,457 [omNode-1@group-523986131536-LeaderElection4] INFO  impl.LeaderElection (LeaderElection.java:askForVotes(312)) - omNode-1@group-523986131536-LeaderElection4 ELECTION round 0: result PASSED
2022-09-29 01:22:58,457 [omNode-1@group-523986131536-LeaderElection4] INFO  impl.RoleInfo (RoleInfo.java:shutdownLeaderElection(130)) - omNode-1: shutdown omNode-1@group-523986131536-LeaderElection4
2022-09-29 01:22:58,457 [omNode-1@group-523986131536-LeaderElection4] INFO  server.RaftServer$Division (RaftServerImpl.java:setRole(299)) - omNode-1@group-523986131536: changes role from CANDIDATE to LEADER at term 2 for changeToLeader
2022-09-29 01:22:58,457 [omNode-1@group-523986131536-LeaderElection4] INFO  server.RaftServer$Division (ServerState.java:setLeader(287)) - omNode-1@group-523986131536: change Leader from null to omNode-1 at term 2 for becomeLeader, leader elected after 4088ms
2022-09-29 01:22:58,467 [omNode-1@group-523986131536-LeaderElection4] INFO  server.RaftServerConfigKeys (ConfUtils.java:logGet(46)) - raft.server.staging.catchup.gap = 1000 (default)
2022-09-29 01:22:58,478 [omNode-1@group-523986131536-LeaderElection4] INFO  server.RaftServerConfigKeys (ConfUtils.java:logGet(46)) - raft.server.write.element-limit = 4096 (default)
2022-09-29 01:22:58,479 [omNode-1@group-523986131536-LeaderElection4] INFO  server.RaftServerConfigKeys (ConfUtils.java:logGet(46)) - raft.server.write.byte-limit = 64MB (=67108864) (default)
2022-09-29 01:22:58,490 [omNode-1@group-523986131536-LeaderElection4] INFO  server.RaftServerConfigKeys (ConfUtils.java:logGet(46)) - raft.server.watch.timeout = 10s (default)
2022-09-29 01:22:58,490 [omNode-1@group-523986131536-LeaderElection4] INFO  server.RaftServerConfigKeys (ConfUtils.java:logGet(46)) - raft.server.watch.timeout.denomination = 1s (default)
2022-09-29 01:22:58,490 [omNode-1@group-523986131536-LeaderElection4] INFO  server.RaftServerConfigKeys (ConfUtils.java:logGet(46)) - raft.server.watch.element-limit = 65536 (default)
2022-09-29 01:22:58,494 [omNode-1@group-523986131536-LeaderElection4] INFO  server.RaftServerConfigKeys (ConfUtils.java:logGet(46)) - raft.server.write.element-limit = 4096 (default)
2022-09-29 01:22:58,496 [omNode-1@group-523986131536-LeaderElection4] INFO  server.RaftServerConfigKeys (ConfUtils.java:logGet(46)) - raft.server.write.follower.gap.ratio.max = -1.0 (default)
2022-09-29 01:22:58,505 [omNode-1@group-523986131536-LeaderElection4] INFO  server.RaftServerConfigKeys (ConfUtils.java:logGet(46)) - raft.server.log.appender.snapshot.chunk.size.max = 16MB (=16777216) (default)
2022-09-29 01:22:58,505 [omNode-1@group-523986131536-LeaderElection4] INFO  server.RaftServerConfigKeys (ConfUtils.java:logGet(46)) - raft.server.log.appender.buffer.byte-limit = 33554432 (custom)
2022-09-29 01:22:58,505 [omNode-1@group-523986131536-LeaderElection4] INFO  server.RaftServerConfigKeys (ConfUtils.java:logGet(46)) - raft.server.log.appender.buffer.element-limit = 1024 (custom)
2022-09-29 01:22:58,507 [omNode-1@group-523986131536-LeaderElection4] INFO  grpc.GrpcConfigKeys (ConfUtils.java:logGet(46)) - raft.grpc.server.leader.outstanding.appends.max = 128 (default)
2022-09-29 01:22:58,516 [omNode-1@group-523986131536-LeaderElection4] INFO  server.RaftServerConfigKeys (ConfUtils.java:logGet(46)) - raft.server.rpc.request.timeout = 3000ms (default)
2022-09-29 01:22:58,516 [omNode-1@group-523986131536-LeaderElection4] INFO  server.RaftServerConfigKeys (ConfUtils.java:logGet(46)) - raft.server.log.appender.install.snapshot.enabled = false (custom)
2022-09-29 01:22:58,519 [omNode-1@group-523986131536-LeaderElection4] INFO  server.RaftServerConfigKeys (ConfUtils.java:logGet(46)) - raft.server.log.appender.snapshot.chunk.size.max = 16MB (=16777216) (default)
2022-09-29 01:22:58,519 [omNode-1@group-523986131536-LeaderElection4] INFO  server.RaftServerConfigKeys (ConfUtils.java:logGet(46)) - raft.server.log.appender.buffer.byte-limit = 33554432 (custom)
2022-09-29 01:22:58,520 [omNode-1@group-523986131536-LeaderElection4] INFO  server.RaftServerConfigKeys (ConfUtils.java:logGet(46)) - raft.server.log.appender.buffer.element-limit = 1024 (custom)
2022-09-29 01:22:58,520 [omNode-1@group-523986131536-LeaderElection4] INFO  grpc.GrpcConfigKeys (ConfUtils.java:logGet(46)) - raft.grpc.server.leader.outstanding.appends.max = 128 (default)
2022-09-29 01:22:58,520 [omNode-1@group-523986131536-LeaderElection4] INFO  server.RaftServerConfigKeys (ConfUtils.java:logGet(46)) - raft.server.rpc.request.timeout = 3000ms (default)
2022-09-29 01:22:58,520 [omNode-1@group-523986131536-LeaderElection4] INFO  server.RaftServerConfigKeys (ConfUtils.java:logGet(46)) - raft.server.log.appender.install.snapshot.enabled = false (custom)
2022-09-29 01:22:58,523 [omNode-1@group-523986131536-LeaderElection4] INFO  impl.RoleInfo (RoleInfo.java:updateAndGet(139)) - omNode-1: start omNode-1@group-523986131536-LeaderStateImpl
2022-09-29 01:22:58,546 [omNode-1@group-523986131536-LeaderElection4] INFO  segmented.SegmentedRaftLogWorker (SegmentedRaftLogWorker.java:startLogSegment(425)) - omNode-1@group-523986131536-SegmentedRaftLogWorker: Starting segment from index:0
2022-09-29 01:22:58,597 [omNode-1@group-523986131536-LeaderElection4] INFO  server.RaftServer$Division (ServerState.java:setRaftConf(393)) - omNode-1@group-523986131536: set configuration 0: [omNode-3|rpc:localhost:45481|admin:|client:|dataStream:|priority:0, omNode-1|rpc:localhost:40693|admin:|client:|dataStream:|priority:0, omNode-2|rpc:localhost:42303|admin:|client:|dataStream:|priority:0], old=null
2022-09-29 01:22:58,628 [omNode-2-server-thread1] INFO  server.RaftServer$Division (ServerState.java:setLeader(287)) - omNode-2@group-523986131536: change Leader from null to omNode-1 at term 2 for appendEntries, leader elected after 2909ms
2022-09-29 01:22:58,632 [omNode-3-server-thread1] INFO  server.RaftServer$Division (ServerState.java:setLeader(287)) - omNode-3@group-523986131536: change Leader from null to omNode-1 at term 2 for appendEntries, leader elected after 1974ms
2022-09-29 01:22:58,682 [omNode-3-server-thread1] INFO  server.RaftServer$Division (ServerState.java:setRaftConf(393)) - omNode-3@group-523986131536: set configuration 0: [omNode-3|rpc:localhost:45481|admin:|client:|dataStream:|priority:0, omNode-1|rpc:localhost:40693|admin:|client:|dataStream:|priority:0, omNode-2|rpc:localhost:42303|admin:|client:|dataStream:|priority:0], old=null
2022-09-29 01:22:58,682 [omNode-2-server-thread1] INFO  server.RaftServer$Division (ServerState.java:setRaftConf(393)) - omNode-2@group-523986131536: set configuration 0: [omNode-3|rpc:localhost:45481|admin:|client:|dataStream:|priority:0, omNode-1|rpc:localhost:40693|admin:|client:|dataStream:|priority:0, omNode-2|rpc:localhost:42303|admin:|client:|dataStream:|priority:0], old=null
2022-09-29 01:22:58,682 [omNode-3-server-thread1] INFO  segmented.SegmentedRaftLogWorker (SegmentedRaftLogWorker.java:startLogSegment(425)) - omNode-3@group-523986131536-SegmentedRaftLogWorker: Starting segment from index:0
2022-09-29 01:22:58,682 [omNode-2-server-thread1] INFO  segmented.SegmentedRaftLogWorker (SegmentedRaftLogWorker.java:startLogSegment(425)) - omNode-2@group-523986131536-SegmentedRaftLogWorker: Starting segment from index:0
2022-09-29 01:22:58,712 [omNode-2@group-523986131536-SegmentedRaftLogWorker] INFO  segmented.SegmentedRaftLogWorker (SegmentedRaftLogWorker.java:execute(629)) - omNode-2@group-523986131536-SegmentedRaftLogWorker: created new log segment /home/runner/work/ozone/ozone/hadoop-ozone/integration-test/target/test-dir/MiniOzoneClusterImpl-a442e60d-e435-415e-98a9-f45e33772b0d/omNode-2/ratis/c9bc4cf4-3bc3-3c60-a66b-523986131536/current/log_inprogress_0
2022-09-29 01:22:58,713 [omNode-3@group-523986131536-SegmentedRaftLogWorker] INFO  segmented.SegmentedRaftLogWorker (SegmentedRaftLogWorker.java:execute(629)) - omNode-3@group-523986131536-SegmentedRaftLogWorker: created new log segment /home/runner/work/ozone/ozone/hadoop-ozone/integration-test/target/test-dir/MiniOzoneClusterImpl-a442e60d-e435-415e-98a9-f45e33772b0d/omNode-3/ratis/c9bc4cf4-3bc3-3c60-a66b-523986131536/current/log_inprogress_0
2022-09-29 01:22:58,723 [omNode-1@group-523986131536-SegmentedRaftLogWorker] INFO  segmented.SegmentedRaftLogWorker (SegmentedRaftLogWorker.java:execute(629)) - omNode-1@group-523986131536-SegmentedRaftLogWorker: created new log segment /home/runner/work/ozone/ozone/hadoop-ozone/integration-test/target/test-dir/MiniOzoneClusterImpl-a442e60d-e435-415e-98a9-f45e33772b0d/omNode-1/ratis/c9bc4cf4-3bc3-3c60-a66b-523986131536/current/log_inprogress_0
2022-09-29 01:22:58,741 [Listener at 127.0.0.1/46485] INFO  handler.ContextHandler (ContextHandler.java:doStart(915)) - Started o.e.j.w.WebAppContext@41a0a072{hddsDatanode,/,file:///tmp/jetty-0_0_0_0-40161-hdds-container-service-1_3_0-SNAPSHOT_jar-_-any-6933489987385086218/webapp/,AVAILABLE}{jar:file:/home/runner/.m2/repository/org/apache/ozone/hdds-container-service/1.3.0-SNAPSHOT/hdds-container-service-1.3.0-SNAPSHOT.jar!/webapps/hddsDatanode}
2022-09-29 01:22:58,743 [Listener at 127.0.0.1/46485] INFO  server.AbstractConnector (AbstractConnector.java:doStart(331)) - Started ServerConnector@2702326d{HTTP/1.1, (http/1.1)}{0.0.0.0:40161}
2022-09-29 01:22:58,743 [Listener at 127.0.0.1/46485] INFO  server.Server (Server.java:doStart(415)) - Started @10522ms
2022-09-29 01:22:58,743 [Listener at 127.0.0.1/46485] WARN  impl.MetricsSystemImpl (MetricsSystemImpl.java:register(279)) - Sink prometheus already exists!
2022-09-29 01:22:58,744 [Listener at 127.0.0.1/46485] INFO  http.BaseHttpServer (BaseHttpServer.java:updateConnectorAddress(333)) - HTTP server of hddsDatanode listening at http://0.0.0.0:40161
2022-09-29 01:22:58,747 [Listener at 127.0.0.1/46485] WARN  impl.MetricRegistriesImpl (MetricRegistriesImpl.java:addReporterRegistration(111)) - New reporters are added after registries were created. Some metrics will be missing from the reporter. Please add reporter before adding any new registry.
2022-09-29 01:22:58,747 [Listener at 127.0.0.1/46485] WARN  impl.MetricRegistriesImpl (MetricRegistriesImpl.java:addReporterRegistration(111)) - New reporters are added after registries were created. Some metrics will be missing from the reporter. Please add reporter before adding any new registry.
2022-09-29 01:22:58,747 [Listener at 127.0.0.1/46485] INFO  impl.MetricsSystemImpl (MetricsSystemImpl.java:init(158)) - HddsDatanode metrics system started (again)
2022-09-29 01:22:58,752 [Datanode State Machine Daemon Thread] INFO  statemachine.DatanodeStateMachine (DatanodeStateMachine.java:lambda$startDaemon$0(492)) - Ozone container server started.
2022-09-29 01:22:58,761 [Listener at 127.0.0.1/46485] INFO  ozone.HddsDatanodeService (HddsDatanodeService.java:start(236)) - HddsDatanodeService host:fv-az182-579.xlcsutvm5t3ellfcnbcbis3udb.bx.internal.cloudapp.net ip:10.1.1.32
2022-09-29 01:22:58,764 [org.apache.hadoop.util.JvmPauseMonitor$Monitor@33df9695] INFO  util.JvmPauseMonitor (JvmPauseMonitor.java:run(188)) - Starting JVM pause monitor
2022-09-29 01:22:58,776 [Datanode State Machine Task Thread - 0] INFO  datanode.InitDatanodeState (InitDatanodeState.java:persistContainerDatanodeDetails(138)) - DatanodeDetails is persisted to /home/runner/work/ozone/ozone/hadoop-ozone/integration-test/target/test-dir/MiniOzoneClusterImpl-a442e60d-e435-415e-98a9-f45e33772b0d/datanode-1/meta/datanode.id
2022-09-29 01:22:58,793 [Listener at 127.0.0.1/46485] INFO  upgrade.AbstractLayoutVersionManager (AbstractLayoutVersionManager.java:init(83)) - Initializing Layout version manager with metadata layout = DATANODE_SCHEMA_V3 (version = 4), software layout = DATANODE_SCHEMA_V3 (version = 4)
2022-09-29 01:22:58,817 [omNode-1@group-523986131536-StateMachineUpdater] INFO  ratis.OzoneManagerStateMachine (OzoneManagerStateMachine.java:notifyConfigurationChanged(192)) - Received Configuration change notification from Ratis. New Peer list:
[id: "omNode-3"
address: "localhost:45481"
, id: "omNode-1"
address: "localhost:40693"
, id: "omNode-2"
address: "localhost:42303"
]
2022-09-29 01:22:58,853 [Listener at 127.0.0.1/46485] INFO  reflections.Reflections (Reflections.java:scan(232)) - Reflections took 56 ms to scan 7 urls, producing 135 keys and 327 values 
2022-09-29 01:22:58,855 [Listener at 127.0.0.1/46485] INFO  statemachine.DatanodeStateMachine (DatanodeStateMachine.java:getEndPointTaskThreadPoolSize(237)) - Datanode State Machine Task Thread Pool size 2
2022-09-29 01:22:58,860 [Listener at 127.0.0.1/46485] INFO  volume.HddsVolume (HddsVolume.java:<init>(117)) - Creating HddsVolume: /home/runner/work/ozone/ozone/hadoop-ozone/integration-test/target/test-dir/MiniOzoneClusterImpl-a442e60d-e435-415e-98a9-f45e33772b0d/datanode-2/data-0/containers/hdds of storage type : DISK capacity : 9223372036854775807
2022-09-29 01:22:58,861 [Listener at 127.0.0.1/46485] INFO  volume.MutableVolumeSet (MutableVolumeSet.java:initializeVolumeSet(174)) - Added Volume : /home/runner/work/ozone/ozone/hadoop-ozone/integration-test/target/test-dir/MiniOzoneClusterImpl-a442e60d-e435-415e-98a9-f45e33772b0d/datanode-2/data-0/containers/hdds to VolumeSet
2022-09-29 01:22:58,861 [Listener at 127.0.0.1/46485] INFO  volume.ThrottledAsyncChecker (ThrottledAsyncChecker.java:schedule(141)) - Scheduling a check for /home/runner/work/ozone/ozone/hadoop-ozone/integration-test/target/test-dir/MiniOzoneClusterImpl-a442e60d-e435-415e-98a9-f45e33772b0d/datanode-2/data-0/containers/hdds
2022-09-29 01:22:58,861 [Listener at 127.0.0.1/46485] INFO  volume.StorageVolumeChecker (StorageVolumeChecker.java:checkAllVolumes(202)) - Scheduled health check for volume /home/runner/work/ozone/ozone/hadoop-ozone/integration-test/target/test-dir/MiniOzoneClusterImpl-a442e60d-e435-415e-98a9-f45e33772b0d/datanode-2/data-0/containers/hdds
2022-09-29 01:22:58,872 [Listener at 127.0.0.1/46485] INFO  volume.MutableVolumeSet (MutableVolumeSet.java:initializeVolumeSet(174)) - Added Volume : /home/runner/work/ozone/ozone/hadoop-ozone/integration-test/target/test-dir/MiniOzoneClusterImpl-a442e60d-e435-415e-98a9-f45e33772b0d/datanode-2/data/ratis to VolumeSet
2022-09-29 01:22:58,872 [Listener at 127.0.0.1/46485] INFO  volume.ThrottledAsyncChecker (ThrottledAsyncChecker.java:schedule(141)) - Scheduling a check for /home/runner/work/ozone/ozone/hadoop-ozone/integration-test/target/test-dir/MiniOzoneClusterImpl-a442e60d-e435-415e-98a9-f45e33772b0d/datanode-2/data/ratis
2022-09-29 01:22:58,872 [Listener at 127.0.0.1/46485] INFO  volume.StorageVolumeChecker (StorageVolumeChecker.java:checkAllVolumes(202)) - Scheduled health check for volume /home/runner/work/ozone/ozone/hadoop-ozone/integration-test/target/test-dir/MiniOzoneClusterImpl-a442e60d-e435-415e-98a9-f45e33772b0d/datanode-2/data/ratis
2022-09-29 01:22:58,882 [Thread-280] INFO  ozoneimpl.ContainerReader (ContainerReader.java:readVolume(175)) - Finish verifying containers on volume /home/runner/work/ozone/ozone/hadoop-ozone/integration-test/target/test-dir/MiniOzoneClusterImpl-a442e60d-e435-415e-98a9-f45e33772b0d/datanode-2/data-0/containers/hdds
2022-09-29 01:22:58,882 [Listener at 127.0.0.1/46485] INFO  ozoneimpl.OzoneContainer (OzoneContainer.java:buildContainerSet(300)) - Build ContainerSet costs 0s
2022-09-29 01:22:58,884 [Listener at 127.0.0.1/46485] INFO  server.RaftServer (ConfUtils.java:logGet(46)) - raft.rpc.type = GRPC (default)
2022-09-29 01:22:58,885 [Listener at 127.0.0.1/46485] INFO  grpc.GrpcFactory (GrpcFactory.java:checkPooledByteBufAllocatorUseCacheForAllThreads(48)) - PERFORMANCE WARNING: useCacheForAllThreads is true that may cause Netty to create a lot garbage objects and, as a result, trigger GC.
	It is recommended to disable useCacheForAllThreads by setting -Dorg.apache.ratis.thirdparty.io.netty.allocator.useCacheForAllThreads=false in command line.
2022-09-29 01:22:58,885 [Listener at 127.0.0.1/46485] INFO  grpc.GrpcConfigKeys (ConfUtils.java:logGet(46)) - raft.grpc.admin.port = 0 (custom)
2022-09-29 01:22:58,885 [Listener at 127.0.0.1/46485] INFO  grpc.GrpcConfigKeys (ConfUtils.java:logGet(46)) - raft.grpc.client.port = 0 (custom)
2022-09-29 01:22:58,885 [Listener at 127.0.0.1/46485] INFO  grpc.GrpcConfigKeys (ConfUtils.java:logGet(46)) - raft.grpc.server.port = 0 (default)
2022-09-29 01:22:58,885 [Listener at 127.0.0.1/46485] INFO  server.GrpcService (ConfUtils.java:logGet(46)) - raft.grpc.message.size.max = 32MB (=33554432) (custom)
2022-09-29 01:22:58,885 [Listener at 127.0.0.1/46485] INFO  server.RaftServerConfigKeys (ConfUtils.java:logGet(46)) - raft.server.log.appender.buffer.byte-limit = 33554432 (custom)
2022-09-29 01:22:58,887 [Listener at 127.0.0.1/46485] INFO  server.GrpcService (ConfUtils.java:logGet(46)) - raft.grpc.flow.control.window = 5MB (=5242880) (custom)
2022-09-29 01:22:58,888 [Listener at 127.0.0.1/46485] INFO  server.RaftServerConfigKeys (ConfUtils.java:logGet(46)) - raft.server.rpc.request.timeout = 60s (custom)
2022-09-29 01:22:58,888 [Listener at 127.0.0.1/46485] INFO  grpc.GrpcConfigKeys (ConfUtils.java:logGet(46)) - raft.grpc.server.async.request.thread.pool.cached = true (default)
2022-09-29 01:22:58,888 [Listener at 127.0.0.1/46485] INFO  grpc.GrpcConfigKeys (ConfUtils.java:logGet(46)) - raft.grpc.server.async.request.thread.pool.size = 32 (default)
2022-09-29 01:22:58,889 [Listener at 127.0.0.1/46485] INFO  impl.DataStreamServerImpl (ConfUtils.java:logGet(46)) - raft.datastream.type = DISABLED (default)
2022-09-29 01:22:58,889 [Listener at 127.0.0.1/46485] INFO  server.RaftServerConfigKeys (ConfUtils.java:logGet(46)) - raft.server.threadpool.proxy.cached = true (default)
2022-09-29 01:22:58,889 [Listener at 127.0.0.1/46485] INFO  server.RaftServerConfigKeys (ConfUtils.java:logGet(46)) - raft.server.threadpool.proxy.size = 0 (default)
2022-09-29 01:22:58,889 [Listener at 127.0.0.1/46485] INFO  server.RaftServerConfigKeys (ConfUtils.java:logGet(46)) - raft.server.rpc.slowness.timeout = 300s (custom)
2022-09-29 01:22:58,889 [Listener at 127.0.0.1/46485] INFO  server.RaftServerConfigKeys (ConfUtils.java:logGet(46)) - raft.server.leaderelection.leader.step-down.wait-time = 10s (default)
2022-09-29 01:22:58,889 [Listener at 127.0.0.1/46485] INFO  server.RaftServerConfigKeys (ConfUtils.java:logGet(46)) - raft.server.storage.dir = [/home/runner/work/ozone/ozone/hadoop-ozone/integration-test/target/test-dir/MiniOzoneClusterImpl-a442e60d-e435-415e-98a9-f45e33772b0d/datanode-2/data/ratis] (custom)
2022-09-29 01:22:58,892 [Listener at 127.0.0.1/46485] INFO  server.XceiverServerGrpc (XceiverServerGrpc.java:<init>(132)) - GrpcServer channel type EpollServerSocketChannel
2022-09-29 01:22:58,895 [Listener at 127.0.0.1/46485] INFO  http.BaseHttpServer (BaseHttpServer.java:newHttpServer2BuilderForOzone(213)) - Starting Web-server for hddsDatanode at: http://0.0.0.0:0
2022-09-29 01:22:58,895 [Listener at 127.0.0.1/46485] INFO  http.BaseHttpServer (BaseHttpServer.java:<init>(108)) - Hadoop Security Enabled: false Ozone Security Enabled: false Ozone HTTP Security Enabled: false 
2022-09-29 01:22:58,897 [Listener at 127.0.0.1/46485] INFO  server.AuthenticationFilter (AuthenticationFilter.java:constructSecretProvider(240)) - Unable to initialize FileSignerSecretProvider, falling back to use random secrets.
2022-09-29 01:22:58,897 [Listener at 127.0.0.1/46485] WARN  http.HttpRequestLog (HttpRequestLog.java:getRequestLog(103)) - Jetty request log can only be enabled using Log4j
2022-09-29 01:22:58,898 [Listener at 127.0.0.1/46485] INFO  http.HttpServer2 (HttpServer2.java:addGlobalFilter(1029)) - Added global filter 'safety' (class=org.apache.hadoop.hdds.server.http.HttpServer2$QuotingInputFilter)
2022-09-29 01:22:58,899 [Listener at 127.0.0.1/46485] INFO  http.HttpServer2 (HttpServer2.java:addFilter(1005)) - Added filter static_user_filter (class=org.apache.hadoop.http.lib.StaticUserWebFilter$StaticUserFilter) to context hddsDatanode
2022-09-29 01:22:58,899 [Listener at 127.0.0.1/46485] INFO  http.HttpServer2 (HttpServer2.java:addFilter(1013)) - Added filter static_user_filter (class=org.apache.hadoop.http.lib.StaticUserWebFilter$StaticUserFilter) to context logs
2022-09-29 01:22:58,899 [Listener at 127.0.0.1/46485] INFO  http.HttpServer2 (HttpServer2.java:addFilter(1013)) - Added filter static_user_filter (class=org.apache.hadoop.http.lib.StaticUserWebFilter$StaticUserFilter) to context static
2022-09-29 01:22:58,900 [Listener at 127.0.0.1/46485] INFO  http.HttpServer2 (HttpServer2.java:bindListener(1248)) - Jetty bound to port 33571
2022-09-29 01:22:58,900 [Listener at 127.0.0.1/46485] INFO  server.Server (Server.java:doStart(375)) - jetty-9.4.43.v20210629; built: 2021-06-30T11:07:22.254Z; git: 526006ecfa3af7f1a27ef3a288e2bef7ea9dd7e8; jvm 1.8.0_345-b01
2022-09-29 01:22:58,905 [Listener at 127.0.0.1/46485] INFO  server.session (DefaultSessionIdManager.java:doStart(334)) - DefaultSessionIdManager workerName=node0
2022-09-29 01:22:58,905 [Listener at 127.0.0.1/46485] INFO  server.session (DefaultSessionIdManager.java:doStart(339)) - No SessionScavenger set, using defaults
2022-09-29 01:22:58,905 [Listener at 127.0.0.1/46485] INFO  server.session (HouseKeeper.java:startScavenging(132)) - node0 Scavenging every 600000ms
2022-09-29 01:22:58,906 [Listener at 127.0.0.1/46485] INFO  handler.ContextHandler (ContextHandler.java:doStart(915)) - Started o.e.j.s.ServletContextHandler@16b0a770{logs,/logs,file:///home/runner/work/ozone/ozone/hadoop-ozone/integration-test/target/log,AVAILABLE}
2022-09-29 01:22:58,906 [Listener at 127.0.0.1/46485] INFO  handler.ContextHandler (ContextHandler.java:doStart(915)) - Started o.e.j.s.ServletContextHandler@19608022{static,/static,jar:file:/home/runner/.m2/repository/org/apache/ozone/hdds-container-service/1.3.0-SNAPSHOT/hdds-container-service-1.3.0-SNAPSHOT.jar!/webapps/static,AVAILABLE}
2022-09-29 01:22:59,071 [Listener at 127.0.0.1/46485] INFO  handler.ContextHandler (ContextHandler.java:doStart(915)) - Started o.e.j.w.WebAppContext@d9d2c3e{hddsDatanode,/,file:///tmp/jetty-0_0_0_0-33571-hdds-container-service-1_3_0-SNAPSHOT_jar-_-any-8555317127101783633/webapp/,AVAILABLE}{jar:file:/home/runner/.m2/repository/org/apache/ozone/hdds-container-service/1.3.0-SNAPSHOT/hdds-container-service-1.3.0-SNAPSHOT.jar!/webapps/hddsDatanode}
2022-09-29 01:22:59,073 [Listener at 127.0.0.1/46485] INFO  server.AbstractConnector (AbstractConnector.java:doStart(331)) - Started ServerConnector@2749980a{HTTP/1.1, (http/1.1)}{0.0.0.0:33571}
2022-09-29 01:22:59,073 [Listener at 127.0.0.1/46485] INFO  server.Server (Server.java:doStart(415)) - Started @10852ms
2022-09-29 01:22:59,073 [Listener at 127.0.0.1/46485] WARN  impl.MetricsSystemImpl (MetricsSystemImpl.java:register(279)) - Sink prometheus already exists!
2022-09-29 01:22:59,074 [Listener at 127.0.0.1/46485] INFO  http.BaseHttpServer (BaseHttpServer.java:updateConnectorAddress(333)) - HTTP server of hddsDatanode listening at http://0.0.0.0:33571
2022-09-29 01:22:59,074 [Datanode State Machine Daemon Thread] INFO  statemachine.DatanodeStateMachine (DatanodeStateMachine.java:lambda$startDaemon$0(492)) - Ozone container server started.
2022-09-29 01:22:59,077 [Listener at 127.0.0.1/46485] INFO  ozone.MiniOzoneClusterImpl (MiniOzoneClusterImpl.java:lambda$waitForClusterToBeReady$0(216)) - Waiting for nodes to be ready. Got 0 of 3 DN Heartbeats.
2022-09-29 01:22:59,077 [Listener at 127.0.0.1/46485] INFO  ozone.MiniOzoneClusterImpl (MiniOzoneClusterImpl.java:lambda$waitForClusterToBeReady$0(219)) - Waiting for cluster to exit safe mode
2022-09-29 01:22:59,077 [Listener at 127.0.0.1/46485] INFO  ozone.MiniOzoneClusterImpl (MiniOzoneClusterImpl.java:lambda$waitForClusterToBeReady$0(221)) - SCM became leader
2022-09-29 01:22:59,078 [org.apache.hadoop.util.JvmPauseMonitor$Monitor@1196038c] INFO  util.JvmPauseMonitor (JvmPauseMonitor.java:run(188)) - Starting JVM pause monitor
2022-09-29 01:22:59,080 [Datanode State Machine Task Thread - 0] INFO  datanode.InitDatanodeState (InitDatanodeState.java:persistContainerDatanodeDetails(138)) - DatanodeDetails is persisted to /home/runner/work/ozone/ozone/hadoop-ozone/integration-test/target/test-dir/MiniOzoneClusterImpl-a442e60d-e435-415e-98a9-f45e33772b0d/datanode-2/meta/datanode.id
2022-09-29 01:22:59,226 [omNode-3@group-523986131536-StateMachineUpdater] INFO  ratis.OzoneManagerStateMachine (OzoneManagerStateMachine.java:notifyConfigurationChanged(192)) - Received Configuration change notification from Ratis. New Peer list:
[id: "omNode-3"
address: "localhost:45481"
, id: "omNode-1"
address: "localhost:40693"
, id: "omNode-2"
address: "localhost:42303"
]
2022-09-29 01:22:59,229 [omNode-2@group-523986131536-StateMachineUpdater] INFO  ratis.OzoneManagerStateMachine (OzoneManagerStateMachine.java:notifyConfigurationChanged(192)) - Received Configuration change notification from Ratis. New Peer list:
[id: "omNode-3"
address: "localhost:45481"
, id: "omNode-1"
address: "localhost:40693"
, id: "omNode-2"
address: "localhost:42303"
]
2022-09-29 01:23:00,077 [Listener at 127.0.0.1/46485] INFO  ozone.MiniOzoneClusterImpl (MiniOzoneClusterImpl.java:lambda$waitForClusterToBeReady$0(216)) - Waiting for nodes to be ready. Got 0 of 3 DN Heartbeats.
2022-09-29 01:23:00,078 [Listener at 127.0.0.1/46485] INFO  ozone.MiniOzoneClusterImpl (MiniOzoneClusterImpl.java:lambda$waitForClusterToBeReady$0(219)) - Waiting for cluster to exit safe mode
2022-09-29 01:23:00,078 [Listener at 127.0.0.1/46485] INFO  ozone.MiniOzoneClusterImpl (MiniOzoneClusterImpl.java:lambda$waitForClusterToBeReady$0(221)) - SCM became leader
2022-09-29 01:23:00,304 [EndpointStateMachine task thread for /0.0.0.0:42241 - 0 ] INFO  volume.HddsVolume (HddsVolume.java:createDbStore(307)) - SchemaV3 db is created and loaded at /home/runner/work/ozone/ozone/hadoop-ozone/integration-test/target/test-dir/MiniOzoneClusterImpl-a442e60d-e435-415e-98a9-f45e33772b0d/datanode-0/data-0/containers/hdds/a442e60d-e435-415e-98a9-f45e33772b0d/DS-a830196a-11c3-4fa1-aa07-db77313a3466/container.db for volume DS-a830196a-11c3-4fa1-aa07-db77313a3466
2022-09-29 01:23:00,308 [EndpointStateMachine task thread for /0.0.0.0:42241 - 0 ] INFO  volume.HddsVolume (HddsVolume.java:closeDbStore(338)) - SchemaV3 db is stopped at /home/runner/work/ozone/ozone/hadoop-ozone/integration-test/target/test-dir/MiniOzoneClusterImpl-a442e60d-e435-415e-98a9-f45e33772b0d/datanode-0/data-0/containers/hdds/a442e60d-e435-415e-98a9-f45e33772b0d/DS-a830196a-11c3-4fa1-aa07-db77313a3466/container.db for volume DS-a830196a-11c3-4fa1-aa07-db77313a3466
2022-09-29 01:23:00,308 [EndpointStateMachine task thread for /0.0.0.0:42241 - 0 ] INFO  ozoneimpl.OzoneContainer (OzoneContainer.java:start(378)) - Attempting to start container services.
2022-09-29 01:23:00,310 [EndpointStateMachine task thread for /0.0.0.0:42241 - 0 ] INFO  ozoneimpl.OzoneContainer (OzoneContainer.java:startContainerScrub(313)) - Background container scanner has been disabled.
2022-09-29 01:23:00,312 [EndpointStateMachine task thread for /0.0.0.0:42241 - 0 ] INFO  replication.ReplicationServer (ReplicationServer.java:start(111)) - ReplicationServer is started using port 44127
2022-09-29 01:23:00,314 [EndpointStateMachine task thread for /0.0.0.0:42241 - 0 ] INFO  ratis.XceiverServerRatis (XceiverServerRatis.java:start(481)) - Starting XceiverServerRatis 574ea199-4fc5-4e12-82c5-94eb8c91283e
2022-09-29 01:23:00,317 [EndpointStateMachine task thread for /0.0.0.0:42241 - 0 ] INFO  server.RaftServer (RaftServerProxy.java:lambda$start$6(382)) - 574ea199-4fc5-4e12-82c5-94eb8c91283e: start RPC server
2022-09-29 01:23:00,318 [EndpointStateMachine task thread for /0.0.0.0:42241 - 0 ] INFO  server.GrpcService (GrpcService.java:startImpl(260)) - 574ea199-4fc5-4e12-82c5-94eb8c91283e: GrpcService started, listening on 46123
2022-09-29 01:23:00,320 [org.apache.ratis.util.JvmPauseMonitor$$Lambda$699/1983328127@6038a1e7] INFO  util.JvmPauseMonitor (JvmPauseMonitor.java:run(103)) - JvmPauseMonitor-574ea199-4fc5-4e12-82c5-94eb8c91283e: Started
2022-09-29 01:23:00,320 [EndpointStateMachine task thread for /0.0.0.0:42241 - 0 ] INFO  ratis.XceiverServerRatis (XceiverServerRatis.java:getRealPort(502)) - XceiverServerRatis 574ea199-4fc5-4e12-82c5-94eb8c91283e is started using port 46123 for RATIS
2022-09-29 01:23:00,320 [EndpointStateMachine task thread for /0.0.0.0:42241 - 0 ] INFO  ratis.XceiverServerRatis (XceiverServerRatis.java:getRealPort(502)) - XceiverServerRatis 574ea199-4fc5-4e12-82c5-94eb8c91283e is started using port 46123 for RATIS_ADMIN
2022-09-29 01:23:00,320 [EndpointStateMachine task thread for /0.0.0.0:42241 - 0 ] INFO  ratis.XceiverServerRatis (XceiverServerRatis.java:getRealPort(502)) - XceiverServerRatis 574ea199-4fc5-4e12-82c5-94eb8c91283e is started using port 46123 for RATIS_SERVER
2022-09-29 01:23:00,324 [EndpointStateMachine task thread for /0.0.0.0:42241 - 0 ] INFO  server.XceiverServerGrpc (XceiverServerGrpc.java:start(180)) - XceiverServerGrpc 574ea199-4fc5-4e12-82c5-94eb8c91283e is started using port 39911
2022-09-29 01:23:00,793 [EndpointStateMachine task thread for /0.0.0.0:42241 - 0 ] INFO  volume.HddsVolume (HddsVolume.java:createDbStore(307)) - SchemaV3 db is created and loaded at /home/runner/work/ozone/ozone/hadoop-ozone/integration-test/target/test-dir/MiniOzoneClusterImpl-a442e60d-e435-415e-98a9-f45e33772b0d/datanode-1/data-0/containers/hdds/a442e60d-e435-415e-98a9-f45e33772b0d/DS-e01d9cca-2388-472d-a2da-eeb5e8e9cb79/container.db for volume DS-e01d9cca-2388-472d-a2da-eeb5e8e9cb79
2022-09-29 01:23:00,795 [EndpointStateMachine task thread for /0.0.0.0:42241 - 0 ] INFO  volume.HddsVolume (HddsVolume.java:closeDbStore(338)) - SchemaV3 db is stopped at /home/runner/work/ozone/ozone/hadoop-ozone/integration-test/target/test-dir/MiniOzoneClusterImpl-a442e60d-e435-415e-98a9-f45e33772b0d/datanode-1/data-0/containers/hdds/a442e60d-e435-415e-98a9-f45e33772b0d/DS-e01d9cca-2388-472d-a2da-eeb5e8e9cb79/container.db for volume DS-e01d9cca-2388-472d-a2da-eeb5e8e9cb79
2022-09-29 01:23:00,795 [EndpointStateMachine task thread for /0.0.0.0:42241 - 0 ] INFO  ozoneimpl.OzoneContainer (OzoneContainer.java:start(378)) - Attempting to start container services.
2022-09-29 01:23:00,796 [EndpointStateMachine task thread for /0.0.0.0:42241 - 0 ] INFO  ozoneimpl.OzoneContainer (OzoneContainer.java:startContainerScrub(313)) - Background container scanner has been disabled.
2022-09-29 01:23:00,798 [EndpointStateMachine task thread for /0.0.0.0:42241 - 0 ] INFO  replication.ReplicationServer (ReplicationServer.java:start(111)) - ReplicationServer is started using port 45993
2022-09-29 01:23:00,798 [EndpointStateMachine task thread for /0.0.0.0:42241 - 0 ] INFO  ratis.XceiverServerRatis (XceiverServerRatis.java:start(481)) - Starting XceiverServerRatis 607e46f6-8430-4252-8b38-005d1aa49d3c
2022-09-29 01:23:00,799 [EndpointStateMachine task thread for /0.0.0.0:42241 - 0 ] INFO  server.RaftServer (RaftServerProxy.java:lambda$start$6(382)) - 607e46f6-8430-4252-8b38-005d1aa49d3c: start RPC server
2022-09-29 01:23:00,805 [EndpointStateMachine task thread for /0.0.0.0:42241 - 0 ] INFO  server.GrpcService (GrpcService.java:startImpl(260)) - 607e46f6-8430-4252-8b38-005d1aa49d3c: GrpcService started, listening on 41899
2022-09-29 01:23:00,806 [EndpointStateMachine task thread for /0.0.0.0:42241 - 0 ] INFO  ratis.XceiverServerRatis (XceiverServerRatis.java:getRealPort(502)) - XceiverServerRatis 607e46f6-8430-4252-8b38-005d1aa49d3c is started using port 41899 for RATIS
2022-09-29 01:23:00,806 [org.apache.ratis.util.JvmPauseMonitor$$Lambda$699/1983328127@680181d6] INFO  util.JvmPauseMonitor (JvmPauseMonitor.java:run(103)) - JvmPauseMonitor-607e46f6-8430-4252-8b38-005d1aa49d3c: Started
2022-09-29 01:23:00,806 [EndpointStateMachine task thread for /0.0.0.0:42241 - 0 ] INFO  ratis.XceiverServerRatis (XceiverServerRatis.java:getRealPort(502)) - XceiverServerRatis 607e46f6-8430-4252-8b38-005d1aa49d3c is started using port 41899 for RATIS_ADMIN
2022-09-29 01:23:00,806 [EndpointStateMachine task thread for /0.0.0.0:42241 - 0 ] INFO  ratis.XceiverServerRatis (XceiverServerRatis.java:getRealPort(502)) - XceiverServerRatis 607e46f6-8430-4252-8b38-005d1aa49d3c is started using port 41899 for RATIS_SERVER
2022-09-29 01:23:00,808 [EndpointStateMachine task thread for /0.0.0.0:42241 - 0 ] INFO  server.XceiverServerGrpc (XceiverServerGrpc.java:start(180)) - XceiverServerGrpc 607e46f6-8430-4252-8b38-005d1aa49d3c is started using port 40675
2022-09-29 01:23:01,078 [Listener at 127.0.0.1/46485] INFO  ozone.MiniOzoneClusterImpl (MiniOzoneClusterImpl.java:lambda$waitForClusterToBeReady$0(216)) - Waiting for nodes to be ready. Got 0 of 3 DN Heartbeats.
2022-09-29 01:23:01,079 [Listener at 127.0.0.1/46485] INFO  ozone.MiniOzoneClusterImpl (MiniOzoneClusterImpl.java:lambda$waitForClusterToBeReady$0(219)) - Waiting for cluster to exit safe mode
2022-09-29 01:23:01,079 [Listener at 127.0.0.1/46485] INFO  ozone.MiniOzoneClusterImpl (MiniOzoneClusterImpl.java:lambda$waitForClusterToBeReady$0(221)) - SCM became leader
2022-09-29 01:23:01,123 [EndpointStateMachine task thread for /0.0.0.0:42241 - 0 ] INFO  volume.HddsVolume (HddsVolume.java:createDbStore(307)) - SchemaV3 db is created and loaded at /home/runner/work/ozone/ozone/hadoop-ozone/integration-test/target/test-dir/MiniOzoneClusterImpl-a442e60d-e435-415e-98a9-f45e33772b0d/datanode-2/data-0/containers/hdds/a442e60d-e435-415e-98a9-f45e33772b0d/DS-49ef0471-5508-4458-971a-eaadf6f9ef66/container.db for volume DS-49ef0471-5508-4458-971a-eaadf6f9ef66
2022-09-29 01:23:01,124 [EndpointStateMachine task thread for /0.0.0.0:42241 - 0 ] INFO  volume.HddsVolume (HddsVolume.java:closeDbStore(338)) - SchemaV3 db is stopped at /home/runner/work/ozone/ozone/hadoop-ozone/integration-test/target/test-dir/MiniOzoneClusterImpl-a442e60d-e435-415e-98a9-f45e33772b0d/datanode-2/data-0/containers/hdds/a442e60d-e435-415e-98a9-f45e33772b0d/DS-49ef0471-5508-4458-971a-eaadf6f9ef66/container.db for volume DS-49ef0471-5508-4458-971a-eaadf6f9ef66
2022-09-29 01:23:01,124 [EndpointStateMachine task thread for /0.0.0.0:42241 - 0 ] INFO  ozoneimpl.OzoneContainer (OzoneContainer.java:start(378)) - Attempting to start container services.
2022-09-29 01:23:01,124 [EndpointStateMachine task thread for /0.0.0.0:42241 - 0 ] INFO  ozoneimpl.OzoneContainer (OzoneContainer.java:startContainerScrub(313)) - Background container scanner has been disabled.
2022-09-29 01:23:01,129 [EndpointStateMachine task thread for /0.0.0.0:42241 - 0 ] INFO  replication.ReplicationServer (ReplicationServer.java:start(111)) - ReplicationServer is started using port 45541
2022-09-29 01:23:01,129 [EndpointStateMachine task thread for /0.0.0.0:42241 - 0 ] INFO  ratis.XceiverServerRatis (XceiverServerRatis.java:start(481)) - Starting XceiverServerRatis 2d6d5b8e-e752-4562-8a63-86fab6cb8fe2
2022-09-29 01:23:01,130 [EndpointStateMachine task thread for /0.0.0.0:42241 - 0 ] INFO  server.RaftServer (RaftServerProxy.java:lambda$start$6(382)) - 2d6d5b8e-e752-4562-8a63-86fab6cb8fe2: start RPC server
2022-09-29 01:23:01,131 [EndpointStateMachine task thread for /0.0.0.0:42241 - 0 ] INFO  server.GrpcService (GrpcService.java:startImpl(260)) - 2d6d5b8e-e752-4562-8a63-86fab6cb8fe2: GrpcService started, listening on 37041
2022-09-29 01:23:01,132 [EndpointStateMachine task thread for /0.0.0.0:42241 - 0 ] INFO  ratis.XceiverServerRatis (XceiverServerRatis.java:getRealPort(502)) - XceiverServerRatis 2d6d5b8e-e752-4562-8a63-86fab6cb8fe2 is started using port 37041 for RATIS
2022-09-29 01:23:01,132 [org.apache.ratis.util.JvmPauseMonitor$$Lambda$699/1983328127@452cdd62] INFO  util.JvmPauseMonitor (JvmPauseMonitor.java:run(103)) - JvmPauseMonitor-2d6d5b8e-e752-4562-8a63-86fab6cb8fe2: Started
2022-09-29 01:23:01,132 [EndpointStateMachine task thread for /0.0.0.0:42241 - 0 ] INFO  ratis.XceiverServerRatis (XceiverServerRatis.java:getRealPort(502)) - XceiverServerRatis 2d6d5b8e-e752-4562-8a63-86fab6cb8fe2 is started using port 37041 for RATIS_ADMIN
2022-09-29 01:23:01,132 [EndpointStateMachine task thread for /0.0.0.0:42241 - 0 ] INFO  ratis.XceiverServerRatis (XceiverServerRatis.java:getRealPort(502)) - XceiverServerRatis 2d6d5b8e-e752-4562-8a63-86fab6cb8fe2 is started using port 37041 for RATIS_SERVER
2022-09-29 01:23:01,134 [EndpointStateMachine task thread for /0.0.0.0:42241 - 0 ] INFO  server.XceiverServerGrpc (XceiverServerGrpc.java:start(180)) - XceiverServerGrpc 2d6d5b8e-e752-4562-8a63-86fab6cb8fe2 is started using port 42433
2022-09-29 01:23:02,079 [Listener at 127.0.0.1/46485] INFO  ozone.MiniOzoneClusterImpl (MiniOzoneClusterImpl.java:lambda$waitForClusterToBeReady$0(216)) - Waiting for nodes to be ready. Got 0 of 3 DN Heartbeats.
2022-09-29 01:23:02,079 [Listener at 127.0.0.1/46485] INFO  ozone.MiniOzoneClusterImpl (MiniOzoneClusterImpl.java:lambda$waitForClusterToBeReady$0(219)) - Waiting for cluster to exit safe mode
2022-09-29 01:23:02,079 [Listener at 127.0.0.1/46485] INFO  ozone.MiniOzoneClusterImpl (MiniOzoneClusterImpl.java:lambda$waitForClusterToBeReady$0(221)) - SCM became leader
2022-09-29 01:23:02,236 [IPC Server handler 13 on default port 42241] INFO  net.NetworkTopologyImpl (NetworkTopologyImpl.java:add(112)) - Added a new node: /default-rack/574ea199-4fc5-4e12-82c5-94eb8c91283e
2022-09-29 01:23:02,238 [IPC Server handler 13 on default port 42241] INFO  node.SCMNodeManager (SCMNodeManager.java:register(397)) - Registered Data node : 574ea199-4fc5-4e12-82c5-94eb8c91283e{ip: 10.1.1.32, host: fv-az182-579.xlcsutvm5t3ellfcnbcbis3udb.bx.internal.cloudapp.net, ports: [REPLICATION=44127, RATIS=46123, RATIS_ADMIN=46123, RATIS_SERVER=46123, STANDALONE=39911], networkLocation: /default-rack, certSerialId: null, persistedOpState: null, persistedOpStateExpiryEpochSec: 0}
2022-09-29 01:23:02,242 [EventQueue-NewNodeForNewNodeHandler] INFO  pipeline.BackgroundPipelineCreator (BackgroundPipelineCreator.java:notifyEventTriggered(276)) - trigger a one-shot run on RatisPipelineUtilsThread.
2022-09-29 01:23:02,249 [RatisPipelineUtilsThread - 0] INFO  pipeline.RatisPipelineProvider (RatisPipelineProvider.java:lambda$create$0(195)) - Sending CreatePipelineCommand for pipeline:PipelineID=f9f9d737-c6d4-48cc-b8fb-a54044e036fb to datanode:574ea199-4fc5-4e12-82c5-94eb8c91283e
2022-09-29 01:23:02,250 [EventQueue-NodeRegistrationContainerReportForContainerSafeModeRule] INFO  safemode.SCMSafeModeManager (SCMSafeModeManager.java:validateSafeModeExitRules(204)) - ContainerSafeModeRule rule is successfully validated
2022-09-29 01:23:02,250 [EventQueue-NodeRegistrationContainerReportForDataNodeSafeModeRule] INFO  safemode.SCMSafeModeManager (DataNodeSafeModeRule.java:process(71)) - SCM in safe mode. 1 DataNodes registered, 3 required.
2022-09-29 01:23:02,260 [EventQueue-PipelineReportForOneReplicaPipelineSafeModeRule] INFO  safemode.SCMSafeModeManager (SCMSafeModeManager.java:validateSafeModeExitRules(204)) - AtleastOneDatanodeReportedRule rule is successfully validated
2022-09-29 01:23:02,274 [RatisPipelineUtilsThread - 0] INFO  pipeline.PipelineStateManagerImpl (PipelineStateManagerImpl.java:addPipeline(103)) - Created pipeline Pipeline[ Id: f9f9d737-c6d4-48cc-b8fb-a54044e036fb, Nodes: 574ea199-4fc5-4e12-82c5-94eb8c91283e{ip: 10.1.1.32, host: fv-az182-579.xlcsutvm5t3ellfcnbcbis3udb.bx.internal.cloudapp.net, ports: [REPLICATION=44127, RATIS=46123, RATIS_ADMIN=46123, RATIS_SERVER=46123, STANDALONE=39911], networkLocation: /default-rack, certSerialId: null, persistedOpState: IN_SERVICE, persistedOpStateExpiryEpochSec: 0}, ReplicationConfig: RATIS/ONE, State:ALLOCATED, leaderId:, CreationTimestamp2022-09-29T01:23:02.248Z[Etc/UTC]].
2022-09-29 01:23:02,765 [IPC Server handler 0 on default port 42241] INFO  net.NetworkTopologyImpl (NetworkTopologyImpl.java:add(112)) - Added a new node: /default-rack/607e46f6-8430-4252-8b38-005d1aa49d3c
2022-09-29 01:23:02,765 [IPC Server handler 0 on default port 42241] INFO  node.SCMNodeManager (SCMNodeManager.java:register(397)) - Registered Data node : 607e46f6-8430-4252-8b38-005d1aa49d3c{ip: 10.1.1.32, host: fv-az182-579.xlcsutvm5t3ellfcnbcbis3udb.bx.internal.cloudapp.net, ports: [REPLICATION=45993, RATIS=41899, RATIS_ADMIN=41899, RATIS_SERVER=41899, STANDALONE=40675], networkLocation: /default-rack, certSerialId: null, persistedOpState: null, persistedOpStateExpiryEpochSec: 0}
2022-09-29 01:23:02,766 [EventQueue-NewNodeForNewNodeHandler] INFO  pipeline.BackgroundPipelineCreator (BackgroundPipelineCreator.java:notifyEventTriggered(276)) - trigger a one-shot run on RatisPipelineUtilsThread.
2022-09-29 01:23:02,766 [EventQueue-NodeRegistrationContainerReportForDataNodeSafeModeRule] INFO  safemode.SCMSafeModeManager (DataNodeSafeModeRule.java:process(71)) - SCM in safe mode. 2 DataNodes registered, 3 required.
2022-09-29 01:23:02,769 [RatisPipelineUtilsThread - 0] INFO  pipeline.RatisPipelineProvider (RatisPipelineProvider.java:lambda$create$0(195)) - Sending CreatePipelineCommand for pipeline:PipelineID=2b5bec3a-9efc-4676-a043-5a7d209cc613 to datanode:607e46f6-8430-4252-8b38-005d1aa49d3c
2022-09-29 01:23:02,769 [RatisPipelineUtilsThread - 0] INFO  pipeline.PipelineStateManagerImpl (PipelineStateManagerImpl.java:addPipeline(103)) - Created pipeline Pipeline[ Id: 2b5bec3a-9efc-4676-a043-5a7d209cc613, Nodes: 607e46f6-8430-4252-8b38-005d1aa49d3c{ip: 10.1.1.32, host: fv-az182-579.xlcsutvm5t3ellfcnbcbis3udb.bx.internal.cloudapp.net, ports: [REPLICATION=45993, RATIS=41899, RATIS_ADMIN=41899, RATIS_SERVER=41899, STANDALONE=40675], networkLocation: /default-rack, certSerialId: null, persistedOpState: IN_SERVICE, persistedOpStateExpiryEpochSec: 0}, ReplicationConfig: RATIS/ONE, State:ALLOCATED, leaderId:, CreationTimestamp2022-09-29T01:23:02.768Z[Etc/UTC]].
2022-09-29 01:23:03,080 [Listener at 127.0.0.1/46485] INFO  ozone.MiniOzoneClusterImpl (MiniOzoneClusterImpl.java:lambda$waitForClusterToBeReady$0(216)) - Waiting for nodes to be ready. Got 2 of 3 DN Heartbeats.
2022-09-29 01:23:03,081 [Listener at 127.0.0.1/46485] INFO  ozone.MiniOzoneClusterImpl (MiniOzoneClusterImpl.java:lambda$waitForClusterToBeReady$0(219)) - Waiting for cluster to exit safe mode
2022-09-29 01:23:03,081 [Listener at 127.0.0.1/46485] INFO  ozone.MiniOzoneClusterImpl (MiniOzoneClusterImpl.java:lambda$waitForClusterToBeReady$0(221)) - SCM became leader
2022-09-29 01:23:03,081 [IPC Server handler 1 on default port 42241] INFO  net.NetworkTopologyImpl (NetworkTopologyImpl.java:add(112)) - Added a new node: /default-rack/2d6d5b8e-e752-4562-8a63-86fab6cb8fe2
2022-09-29 01:23:03,082 [IPC Server handler 1 on default port 42241] INFO  node.SCMNodeManager (SCMNodeManager.java:register(397)) - Registered Data node : 2d6d5b8e-e752-4562-8a63-86fab6cb8fe2{ip: 10.1.1.32, host: fv-az182-579.xlcsutvm5t3ellfcnbcbis3udb.bx.internal.cloudapp.net, ports: [REPLICATION=45541, RATIS=37041, RATIS_ADMIN=37041, RATIS_SERVER=37041, STANDALONE=42433], networkLocation: /default-rack, certSerialId: null, persistedOpState: null, persistedOpStateExpiryEpochSec: 0}
2022-09-29 01:23:03,083 [EventQueue-NewNodeForNewNodeHandler] INFO  pipeline.BackgroundPipelineCreator (BackgroundPipelineCreator.java:notifyEventTriggered(276)) - trigger a one-shot run on RatisPipelineUtilsThread.
2022-09-29 01:23:03,083 [EventQueue-NodeRegistrationContainerReportForDataNodeSafeModeRule] INFO  safemode.SCMSafeModeManager (DataNodeSafeModeRule.java:process(71)) - SCM in safe mode. 3 DataNodes registered, 3 required.
2022-09-29 01:23:03,083 [EventQueue-NodeRegistrationContainerReportForDataNodeSafeModeRule] INFO  safemode.SCMSafeModeManager (SCMSafeModeManager.java:validateSafeModeExitRules(204)) - DataNodeSafeModeRule rule is successfully validated
2022-09-29 01:23:03,083 [EventQueue-NodeRegistrationContainerReportForDataNodeSafeModeRule] INFO  safemode.SCMSafeModeManager (SCMSafeModeManager.java:completePreCheck(233)) - All SCM safe mode pre check rules have passed
2022-09-29 01:23:03,083 [EventQueue-NodeRegistrationContainerReportForDataNodeSafeModeRule] WARN  events.EventQueue (EventQueue.java:fireEvent(216)) - No event handler registered for event TypedEvent{payloadType=SafeModeStatus, name='Safe mode status'}
2022-09-29 01:23:03,083 [EventQueue-NodeRegistrationContainerReportForDataNodeSafeModeRule] INFO  ha.SCMContext (SCMContext.java:updateSafeModeStatus(228)) - Update SafeModeStatus from SafeModeStatus{safeModeStatus=true, preCheckPassed=false} to SafeModeStatus{safeModeStatus=true, preCheckPassed=true}.
2022-09-29 01:23:03,083 [EventQueue-NodeRegistrationContainerReportForDataNodeSafeModeRule] INFO  pipeline.BackgroundPipelineCreator (BackgroundPipelineCreator.java:notifyEventTriggered(276)) - trigger a one-shot run on RatisPipelineUtilsThread.
2022-09-29 01:23:03,083 [RatisPipelineUtilsThread - 0] INFO  pipeline.RatisPipelineProvider (RatisPipelineProvider.java:lambda$create$0(195)) - Sending CreatePipelineCommand for pipeline:PipelineID=b3b00d9c-da31-4e21-99da-fcda62ee7b01 to datanode:2d6d5b8e-e752-4562-8a63-86fab6cb8fe2
2022-09-29 01:23:03,084 [RatisPipelineUtilsThread - 0] INFO  pipeline.PipelineStateManagerImpl (PipelineStateManagerImpl.java:addPipeline(103)) - Created pipeline Pipeline[ Id: b3b00d9c-da31-4e21-99da-fcda62ee7b01, Nodes: 2d6d5b8e-e752-4562-8a63-86fab6cb8fe2{ip: 10.1.1.32, host: fv-az182-579.xlcsutvm5t3ellfcnbcbis3udb.bx.internal.cloudapp.net, ports: [REPLICATION=45541, RATIS=37041, RATIS_ADMIN=37041, RATIS_SERVER=37041, STANDALONE=42433], networkLocation: /default-rack, certSerialId: null, persistedOpState: IN_SERVICE, persistedOpStateExpiryEpochSec: 0}, ReplicationConfig: RATIS/ONE, State:ALLOCATED, leaderId:, CreationTimestamp2022-09-29T01:23:03.083Z[Etc/UTC]].
2022-09-29 01:23:03,088 [RatisPipelineUtilsThread - 0] INFO  pipeline.RatisPipelineProvider (RatisPipelineProvider.java:lambda$create$0(195)) - Sending CreatePipelineCommand for pipeline:PipelineID=7134ed8b-2986-49c9-be5f-a1433e37e7d3 to datanode:574ea199-4fc5-4e12-82c5-94eb8c91283e
2022-09-29 01:23:03,088 [RatisPipelineUtilsThread - 0] INFO  pipeline.RatisPipelineProvider (RatisPipelineProvider.java:lambda$create$0(195)) - Sending CreatePipelineCommand for pipeline:PipelineID=7134ed8b-2986-49c9-be5f-a1433e37e7d3 to datanode:607e46f6-8430-4252-8b38-005d1aa49d3c
2022-09-29 01:23:03,088 [RatisPipelineUtilsThread - 0] INFO  pipeline.RatisPipelineProvider (RatisPipelineProvider.java:lambda$create$0(195)) - Sending CreatePipelineCommand for pipeline:PipelineID=7134ed8b-2986-49c9-be5f-a1433e37e7d3 to datanode:2d6d5b8e-e752-4562-8a63-86fab6cb8fe2
2022-09-29 01:23:03,089 [RatisPipelineUtilsThread - 0] INFO  pipeline.PipelineStateManagerImpl (PipelineStateManagerImpl.java:addPipeline(103)) - Created pipeline Pipeline[ Id: 7134ed8b-2986-49c9-be5f-a1433e37e7d3, Nodes: 574ea199-4fc5-4e12-82c5-94eb8c91283e{ip: 10.1.1.32, host: fv-az182-579.xlcsutvm5t3ellfcnbcbis3udb.bx.internal.cloudapp.net, ports: [REPLICATION=44127, RATIS=46123, RATIS_ADMIN=46123, RATIS_SERVER=46123, STANDALONE=39911], networkLocation: /default-rack, certSerialId: null, persistedOpState: IN_SERVICE, persistedOpStateExpiryEpochSec: 0}607e46f6-8430-4252-8b38-005d1aa49d3c{ip: 10.1.1.32, host: fv-az182-579.xlcsutvm5t3ellfcnbcbis3udb.bx.internal.cloudapp.net, ports: [REPLICATION=45993, RATIS=41899, RATIS_ADMIN=41899, RATIS_SERVER=41899, STANDALONE=40675], networkLocation: /default-rack, certSerialId: null, persistedOpState: IN_SERVICE, persistedOpStateExpiryEpochSec: 0}2d6d5b8e-e752-4562-8a63-86fab6cb8fe2{ip: 10.1.1.32, host: fv-az182-579.xlcsutvm5t3ellfcnbcbis3udb.bx.internal.cloudapp.net, ports: [REPLICATION=45541, RATIS=37041, RATIS_ADMIN=37041, RATIS_SERVER=37041, STANDALONE=42433], networkLocation: /default-rack, certSerialId: null, persistedOpState: IN_SERVICE, persistedOpStateExpiryEpochSec: 0}, ReplicationConfig: RATIS/THREE, State:ALLOCATED, leaderId:, CreationTimestamp2022-09-29T01:23:03.088Z[Etc/UTC]].
2022-09-29 01:23:03,090 [RatisPipelineUtilsThread - 0] INFO  pipeline.RatisPipelineProvider (RatisPipelineProvider.java:lambda$create$0(195)) - Sending CreatePipelineCommand for pipeline:PipelineID=1addb3d2-a2de-4258-9c29-20810f2c5144 to datanode:574ea199-4fc5-4e12-82c5-94eb8c91283e
2022-09-29 01:23:03,090 [RatisPipelineUtilsThread - 0] INFO  pipeline.RatisPipelineProvider (RatisPipelineProvider.java:lambda$create$0(195)) - Sending CreatePipelineCommand for pipeline:PipelineID=1addb3d2-a2de-4258-9c29-20810f2c5144 to datanode:2d6d5b8e-e752-4562-8a63-86fab6cb8fe2
2022-09-29 01:23:03,090 [RatisPipelineUtilsThread - 0] INFO  pipeline.RatisPipelineProvider (RatisPipelineProvider.java:lambda$create$0(195)) - Sending CreatePipelineCommand for pipeline:PipelineID=1addb3d2-a2de-4258-9c29-20810f2c5144 to datanode:607e46f6-8430-4252-8b38-005d1aa49d3c
2022-09-29 01:23:03,090 [RatisPipelineUtilsThread - 0] INFO  pipeline.PipelineStateManagerImpl (PipelineStateManagerImpl.java:addPipeline(103)) - Created pipeline Pipeline[ Id: 1addb3d2-a2de-4258-9c29-20810f2c5144, Nodes: 574ea199-4fc5-4e12-82c5-94eb8c91283e{ip: 10.1.1.32, host: fv-az182-579.xlcsutvm5t3ellfcnbcbis3udb.bx.internal.cloudapp.net, ports: [REPLICATION=44127, RATIS=46123, RATIS_ADMIN=46123, RATIS_SERVER=46123, STANDALONE=39911], networkLocation: /default-rack, certSerialId: null, persistedOpState: IN_SERVICE, persistedOpStateExpiryEpochSec: 0}2d6d5b8e-e752-4562-8a63-86fab6cb8fe2{ip: 10.1.1.32, host: fv-az182-579.xlcsutvm5t3ellfcnbcbis3udb.bx.internal.cloudapp.net, ports: [REPLICATION=45541, RATIS=37041, RATIS_ADMIN=37041, RATIS_SERVER=37041, STANDALONE=42433], networkLocation: /default-rack, certSerialId: null, persistedOpState: IN_SERVICE, persistedOpStateExpiryEpochSec: 0}607e46f6-8430-4252-8b38-005d1aa49d3c{ip: 10.1.1.32, host: fv-az182-579.xlcsutvm5t3ellfcnbcbis3udb.bx.internal.cloudapp.net, ports: [REPLICATION=45993, RATIS=41899, RATIS_ADMIN=41899, RATIS_SERVER=41899, STANDALONE=40675], networkLocation: /default-rack, certSerialId: null, persistedOpState: IN_SERVICE, persistedOpStateExpiryEpochSec: 0}, ReplicationConfig: RATIS/THREE, State:ALLOCATED, leaderId:, CreationTimestamp2022-09-29T01:23:03.090Z[Etc/UTC]].
2022-09-29 01:23:03,091 [RatisPipelineUtilsThread - 0] INFO  pipeline.PipelineManagerImpl (PipelineManagerImpl.java:recordMetricsForPipeline(796)) - Pipeline: PipelineID=1addb3d2-a2de-4258-9c29-20810f2c5144 contains same datanodes as previous pipelines: PipelineID=7134ed8b-2986-49c9-be5f-a1433e37e7d3 nodeIds: 574ea199-4fc5-4e12-82c5-94eb8c91283e, 2d6d5b8e-e752-4562-8a63-86fab6cb8fe2, 607e46f6-8430-4252-8b38-005d1aa49d3c
2022-09-29 01:23:04,081 [Listener at 127.0.0.1/46485] INFO  ozone.MiniOzoneClusterImpl (MiniOzoneClusterImpl.java:lambda$waitForClusterToBeReady$0(216)) - Nodes are ready. Got 3 of 3 DN Heartbeats.
2022-09-29 01:23:04,082 [Listener at 127.0.0.1/46485] INFO  ozone.MiniOzoneClusterImpl (MiniOzoneClusterImpl.java:lambda$waitForClusterToBeReady$0(219)) - Waiting for cluster to exit safe mode
2022-09-29 01:23:04,082 [Listener at 127.0.0.1/46485] INFO  ozone.MiniOzoneClusterImpl (MiniOzoneClusterImpl.java:lambda$waitForClusterToBeReady$0(221)) - SCM became leader
2022-09-29 01:23:05,083 [Listener at 127.0.0.1/46485] INFO  ozone.MiniOzoneClusterImpl (MiniOzoneClusterImpl.java:lambda$waitForClusterToBeReady$0(216)) - Nodes are ready. Got 3 of 3 DN Heartbeats.
2022-09-29 01:23:05,083 [Listener at 127.0.0.1/46485] INFO  ozone.MiniOzoneClusterImpl (MiniOzoneClusterImpl.java:lambda$waitForClusterToBeReady$0(219)) - Waiting for cluster to exit safe mode
2022-09-29 01:23:05,083 [Listener at 127.0.0.1/46485] INFO  ozone.MiniOzoneClusterImpl (MiniOzoneClusterImpl.java:lambda$waitForClusterToBeReady$0(221)) - SCM became leader
2022-09-29 01:23:05,231 [Command processor thread] INFO  server.RaftServer (RaftServerProxy.java:addNew(96)) - 574ea199-4fc5-4e12-82c5-94eb8c91283e: addNew group-A54044E036FB:[574ea199-4fc5-4e12-82c5-94eb8c91283e|rpc:10.1.1.32:46123|priority:1] returns group-A54044E036FB:java.util.concurrent.CompletableFuture@43d62833[Not completed]
2022-09-29 01:23:05,239 [pool-122-thread-1] INFO  server.RaftServer$Division (RaftServerImpl.java:<init>(190)) - 574ea199-4fc5-4e12-82c5-94eb8c91283e: new RaftServerImpl for group-A54044E036FB:[574ea199-4fc5-4e12-82c5-94eb8c91283e|rpc:10.1.1.32:46123|priority:1] with ContainerStateMachine:uninitialized
2022-09-29 01:23:05,239 [pool-122-thread-1] INFO  server.RaftServerConfigKeys (ConfUtils.java:logGet(46)) - raft.server.rpc.timeout.min = 5s (custom)
2022-09-29 01:23:05,239 [pool-122-thread-1] INFO  server.RaftServerConfigKeys (ConfUtils.java:logGet(46)) - raft.server.rpc.timeout.max = 5200ms (custom)
2022-09-29 01:23:05,239 [pool-122-thread-1] INFO  server.RaftServerConfigKeys (ConfUtils.java:logGet(46)) - raft.server.rpc.sleep.time = 25ms (default)
2022-09-29 01:23:05,240 [pool-122-thread-1] INFO  server.RaftServerConfigKeys (ConfUtils.java:logGet(46)) - raft.server.rpc.slowness.timeout = 300s (custom)
2022-09-29 01:23:05,240 [pool-122-thread-1] INFO  server.RaftServerConfigKeys (ConfUtils.java:logGet(46)) - raft.server.leaderelection.leader.step-down.wait-time = 10s (default)
2022-09-29 01:23:05,240 [pool-122-thread-1] INFO  server.RaftServerConfigKeys (ConfUtils.java:logGet(46)) - raft.server.sleep.deviation.threshold = 300ms (default)
2022-09-29 01:23:05,240 [pool-122-thread-1] INFO  server.RaftServer$Division (ServerState.java:<init>(107)) - 574ea199-4fc5-4e12-82c5-94eb8c91283e@group-A54044E036FB: ConfigurationManager, init=-1: [574ea199-4fc5-4e12-82c5-94eb8c91283e|rpc:10.1.1.32:46123|priority:1], old=null, confs=<EMPTY_MAP>
2022-09-29 01:23:05,240 [pool-122-thread-1] INFO  server.RaftServerConfigKeys (ConfUtils.java:logGet(46)) - raft.server.storage.dir = [/home/runner/work/ozone/ozone/hadoop-ozone/integration-test/target/test-dir/MiniOzoneClusterImpl-a442e60d-e435-415e-98a9-f45e33772b0d/datanode-0/data/ratis] (custom)
2022-09-29 01:23:05,240 [pool-122-thread-1] INFO  server.RaftServerConfigKeys (ConfUtils.java:logGet(46)) - raft.server.log.corruption.policy = EXCEPTION (default)
2022-09-29 01:23:05,240 [pool-122-thread-1] INFO  server.RaftServerConfigKeys (ConfUtils.java:logGet(46)) - raft.server.storage.free-space.min = 0MB (=0) (default)
2022-09-29 01:23:05,240 [pool-122-thread-1] INFO  storage.RaftStorageDirectory (RaftStorageDirectoryImpl.java:analyzeStorage(135)) - The storage directory /home/runner/work/ozone/ozone/hadoop-ozone/integration-test/target/test-dir/MiniOzoneClusterImpl-a442e60d-e435-415e-98a9-f45e33772b0d/datanode-0/data/ratis/f9f9d737-c6d4-48cc-b8fb-a54044e036fb does not exist. Creating ...
2022-09-29 01:23:05,242 [pool-122-thread-1] INFO  storage.RaftStorageDirectory (RaftStorageDirectoryImpl.java:tryLock(230)) - Lock on /home/runner/work/ozone/ozone/hadoop-ozone/integration-test/target/test-dir/MiniOzoneClusterImpl-a442e60d-e435-415e-98a9-f45e33772b0d/datanode-0/data/ratis/f9f9d737-c6d4-48cc-b8fb-a54044e036fb/in_use.lock acquired by nodename 41909@fv-az182-579
2022-09-29 01:23:05,244 [pool-122-thread-1] INFO  storage.RaftStorage (RaftStorageImpl.java:format(89)) - Storage directory /home/runner/work/ozone/ozone/hadoop-ozone/integration-test/target/test-dir/MiniOzoneClusterImpl-a442e60d-e435-415e-98a9-f45e33772b0d/datanode-0/data/ratis/f9f9d737-c6d4-48cc-b8fb-a54044e036fb has been successfully formatted.
2022-09-29 01:23:05,247 [pool-122-thread-1] INFO  ratis.ContainerStateMachine (ContainerStateMachine.java:loadSnapshot(236)) - group-A54044E036FB: The snapshot info is null. Setting the last applied indexto:(t:0, i:~)
2022-09-29 01:23:05,254 [pool-122-thread-1] INFO  server.RaftServerConfigKeys (ConfUtils.java:logGet(46)) - raft.server.notification.no-leader.timeout = 300s (custom)
2022-09-29 01:23:05,254 [pool-122-thread-1] INFO  server.RaftServerConfigKeys (ConfUtils.java:logGet(46)) - raft.server.log.use.memory = false (default)
2022-09-29 01:23:05,254 [pool-122-thread-1] INFO  server.RaftServerConfigKeys (ConfUtils.java:logGet(46)) - raft.server.log.purge.gap = 1000000 (custom)
2022-09-29 01:23:05,254 [pool-122-thread-1] INFO  server.RaftServerConfigKeys (ConfUtils.java:logGet(46)) - raft.server.log.appender.buffer.byte-limit = 33554432 (custom)
2022-09-29 01:23:05,254 [pool-122-thread-1] INFO  server.RaftServerConfigKeys (ConfUtils.java:logGet(46)) - raft.server.log.statemachine.data.read.timeout = 1000ms (default)
2022-09-29 01:23:05,254 [pool-122-thread-1] INFO  server.RaftServerConfigKeys (ConfUtils.java:logGet(46)) - raft.server.log.segment.size.max = 1048576 (custom)
2022-09-29 01:23:05,255 [pool-122-thread-1] INFO  server.RaftServerConfigKeys (ConfUtils.java:logGet(46)) - raft.server.log.segment.cache.num.max = 2 (custom)
2022-09-29 01:23:05,255 [pool-122-thread-1] INFO  server.RaftServerConfigKeys (ConfUtils.java:logGet(46)) - raft.server.log.segment.cache.size.max = 200MB (=209715200) (default)
2022-09-29 01:23:05,255 [pool-122-thread-1] INFO  segmented.SegmentedRaftLogWorker (SegmentedRaftLogWorker.java:<init>(187)) - new 574ea199-4fc5-4e12-82c5-94eb8c91283e@group-A54044E036FB-SegmentedRaftLogWorker for RaftStorageImpl:Storage Directory /home/runner/work/ozone/ozone/hadoop-ozone/integration-test/target/test-dir/MiniOzoneClusterImpl-a442e60d-e435-415e-98a9-f45e33772b0d/datanode-0/data/ratis/f9f9d737-c6d4-48cc-b8fb-a54044e036fb
2022-09-29 01:23:05,255 [pool-122-thread-1] INFO  server.RaftServerConfigKeys (ConfUtils.java:logGet(46)) - raft.server.log.queue.byte-limit = 4294967296 (custom)
2022-09-29 01:23:05,255 [pool-122-thread-1] INFO  server.RaftServerConfigKeys (ConfUtils.java:logGet(46)) - raft.server.log.queue.element-limit = 1024 (custom)
2022-09-29 01:23:05,255 [pool-122-thread-1] INFO  server.RaftServerConfigKeys (ConfUtils.java:logGet(46)) - raft.server.log.segment.size.max = 1048576 (custom)
2022-09-29 01:23:05,255 [pool-122-thread-1] INFO  server.RaftServerConfigKeys (ConfUtils.java:logGet(46)) - raft.server.log.preallocated.size = 16384 (custom)
2022-09-29 01:23:05,255 [pool-122-thread-1] INFO  server.RaftServerConfigKeys (ConfUtils.java:logGet(46)) - raft.server.log.force.sync.num = 128 (default)
2022-09-29 01:23:05,255 [pool-122-thread-1] INFO  server.RaftServerConfigKeys (ConfUtils.java:logGet(46)) - raft.server.log.statemachine.data.sync = true (default)
2022-09-29 01:23:05,259 [pool-122-thread-1] INFO  server.RaftServerConfigKeys (ConfUtils.java:logGet(46)) - raft.server.log.statemachine.data.sync.timeout = 10s (default)
2022-09-29 01:23:05,259 [pool-122-thread-1] INFO  server.RaftServerConfigKeys (ConfUtils.java:logGet(46)) - raft.server.log.statemachine.data.sync.timeout.retry = -1 (default)
2022-09-29 01:23:05,260 [pool-122-thread-1] INFO  server.RaftServerConfigKeys (ConfUtils.java:logGet(46)) - raft.server.log.write.buffer.size = 1048576 (custom)
2022-09-29 01:23:05,263 [pool-122-thread-1] INFO  server.RaftServerConfigKeys (ConfUtils.java:logGet(46)) - raft.server.log.unsafe-flush.enabled = false (default)
2022-09-29 01:23:05,263 [pool-122-thread-1] INFO  server.RaftServerConfigKeys (ConfUtils.java:logGet(46)) - raft.server.log.statemachine.data.caching.enabled = true (custom)
2022-09-29 01:23:05,263 [pool-122-thread-1] INFO  segmented.SegmentedRaftLogWorker (SegmentedRaftLogWorker.java:lambda$new$0(135)) - 574ea199-4fc5-4e12-82c5-94eb8c91283e@group-A54044E036FB-SegmentedRaftLogWorker: flushIndex: setUnconditionally 0 -> -1
2022-09-29 01:23:05,263 [pool-122-thread-1] INFO  segmented.SegmentedRaftLogWorker (SegmentedRaftLogWorker.java:lambda$new$0(135)) - 574ea199-4fc5-4e12-82c5-94eb8c91283e@group-A54044E036FB-SegmentedRaftLogWorker: safeCacheEvictIndex: setUnconditionally 0 -> -1
2022-09-29 01:23:05,263 [pool-122-thread-1] INFO  server.RaftServerConfigKeys (ConfUtils.java:logGet(46)) - raft.server.snapshot.auto.trigger.enabled = true (custom)
2022-09-29 01:23:05,264 [pool-122-thread-1] INFO  server.RaftServerConfigKeys (ConfUtils.java:logGet(46)) - raft.server.snapshot.auto.trigger.threshold = 10000 (custom)
2022-09-29 01:23:05,264 [pool-122-thread-1] INFO  server.RaftServerConfigKeys (ConfUtils.java:logGet(46)) - raft.server.snapshot.retention.file.num = 5 (custom)
2022-09-29 01:23:05,264 [pool-122-thread-1] INFO  server.RaftServerConfigKeys (ConfUtils.java:logGet(46)) - raft.server.log.purge.upto.snapshot.index = false (default)
2022-09-29 01:23:05,264 [pool-122-thread-1] INFO  server.RaftServerConfigKeys (ConfUtils.java:logGet(46)) - raft.server.retrycache.expirytime = 600000ms (custom)
2022-09-29 01:23:05,264 [pool-122-thread-1] INFO  server.RaftServerConfigKeys (ConfUtils.java:logGet(46)) - raft.server.retrycache.statistics.expirytime = 100μs (default)
2022-09-29 01:23:05,265 [pool-122-thread-1] INFO  server.RaftServerConfigKeys (ConfUtils.java:logGet(46)) - raft.server.log.appender.install.snapshot.enabled = false (custom)
2022-09-29 01:23:05,265 [pool-122-thread-1] INFO  server.RaftServerConfigKeys (ConfUtils.java:logGet(46)) - raft.server.threadpool.server.cached = true (default)
2022-09-29 01:23:05,265 [pool-122-thread-1] INFO  server.RaftServerConfigKeys (ConfUtils.java:logGet(46)) - raft.server.threadpool.server.size = 0 (default)
2022-09-29 01:23:05,265 [pool-122-thread-1] INFO  server.RaftServerConfigKeys (ConfUtils.java:logGet(46)) - raft.server.threadpool.client.cached = true (default)
2022-09-29 01:23:05,265 [pool-122-thread-1] INFO  server.RaftServerConfigKeys (ConfUtils.java:logGet(46)) - raft.server.threadpool.client.size = 0 (default)
2022-09-29 01:23:05,266 [pool-122-thread-1] INFO  server.RaftServer$Division (RaftServerImpl.java:start(310)) - 574ea199-4fc5-4e12-82c5-94eb8c91283e@group-A54044E036FB: start as a follower, conf=-1: [574ea199-4fc5-4e12-82c5-94eb8c91283e|rpc:10.1.1.32:46123|priority:1], old=null
2022-09-29 01:23:05,266 [pool-122-thread-1] INFO  server.RaftServer$Division (RaftServerImpl.java:setRole(299)) - 574ea199-4fc5-4e12-82c5-94eb8c91283e@group-A54044E036FB: changes role from      null to FOLLOWER at term 0 for startAsFollower
2022-09-29 01:23:05,266 [pool-122-thread-1] INFO  impl.RoleInfo (RoleInfo.java:updateAndGet(139)) - 574ea199-4fc5-4e12-82c5-94eb8c91283e: start 574ea199-4fc5-4e12-82c5-94eb8c91283e@group-A54044E036FB-FollowerState
2022-09-29 01:23:05,267 [pool-122-thread-1] INFO  util.JmxRegister (JmxRegister.java:tryRegister(44)) - Successfully registered JMX Bean with object name Ratis:service=RaftServer,group=group-A54044E036FB,id=574ea199-4fc5-4e12-82c5-94eb8c91283e
2022-09-29 01:23:05,271 [Command processor thread] INFO  ratis.XceiverServerRatis (XceiverServerRatis.java:addGroup(765)) - Created group PipelineID=f9f9d737-c6d4-48cc-b8fb-a54044e036fb
2022-09-29 01:23:05,271 [Command processor thread] INFO  commandhandler.CreatePipelineCommandHandler (CreatePipelineCommandHandler.java:handle(113)) - Created Pipeline RATIS ONE PipelineID=f9f9d737-c6d4-48cc-b8fb-a54044e036fb.
2022-09-29 01:23:05,272 [Command processor thread] INFO  server.RaftServer (RaftServerProxy.java:addNew(96)) - 574ea199-4fc5-4e12-82c5-94eb8c91283e: addNew group-A1433E37E7D3:[2d6d5b8e-e752-4562-8a63-86fab6cb8fe2|rpc:10.1.1.32:37041|priority:0, 574ea199-4fc5-4e12-82c5-94eb8c91283e|rpc:10.1.1.32:46123|priority:1, 607e46f6-8430-4252-8b38-005d1aa49d3c|rpc:10.1.1.32:41899|priority:0] returns group-A1433E37E7D3:java.util.concurrent.CompletableFuture@4d2a2889[Not completed]
2022-09-29 01:23:05,273 [pool-122-thread-1] INFO  server.RaftServer$Division (RaftServerImpl.java:<init>(190)) - 574ea199-4fc5-4e12-82c5-94eb8c91283e: new RaftServerImpl for group-A1433E37E7D3:[2d6d5b8e-e752-4562-8a63-86fab6cb8fe2|rpc:10.1.1.32:37041|priority:0, 574ea199-4fc5-4e12-82c5-94eb8c91283e|rpc:10.1.1.32:46123|priority:1, 607e46f6-8430-4252-8b38-005d1aa49d3c|rpc:10.1.1.32:41899|priority:0] with ContainerStateMachine:uninitialized
2022-09-29 01:23:05,273 [pool-122-thread-1] INFO  server.RaftServerConfigKeys (ConfUtils.java:logGet(46)) - raft.server.rpc.timeout.min = 5s (custom)
2022-09-29 01:23:05,273 [pool-122-thread-1] INFO  server.RaftServerConfigKeys (ConfUtils.java:logGet(46)) - raft.server.rpc.timeout.max = 5200ms (custom)
2022-09-29 01:23:05,273 [pool-122-thread-1] INFO  server.RaftServerConfigKeys (ConfUtils.java:logGet(46)) - raft.server.rpc.sleep.time = 25ms (default)
2022-09-29 01:23:05,273 [pool-122-thread-1] INFO  server.RaftServerConfigKeys (ConfUtils.java:logGet(46)) - raft.server.rpc.slowness.timeout = 300s (custom)
2022-09-29 01:23:05,273 [pool-122-thread-1] INFO  server.RaftServerConfigKeys (ConfUtils.java:logGet(46)) - raft.server.leaderelection.leader.step-down.wait-time = 10s (default)
2022-09-29 01:23:05,273 [pool-122-thread-1] INFO  server.RaftServerConfigKeys (ConfUtils.java:logGet(46)) - raft.server.sleep.deviation.threshold = 300ms (default)
2022-09-29 01:23:05,273 [pool-122-thread-1] INFO  server.RaftServer$Division (ServerState.java:<init>(107)) - 574ea199-4fc5-4e12-82c5-94eb8c91283e@group-A1433E37E7D3: ConfigurationManager, init=-1: [2d6d5b8e-e752-4562-8a63-86fab6cb8fe2|rpc:10.1.1.32:37041|priority:0, 574ea199-4fc5-4e12-82c5-94eb8c91283e|rpc:10.1.1.32:46123|priority:1, 607e46f6-8430-4252-8b38-005d1aa49d3c|rpc:10.1.1.32:41899|priority:0], old=null, confs=<EMPTY_MAP>
2022-09-29 01:23:05,273 [pool-122-thread-1] INFO  server.RaftServerConfigKeys (ConfUtils.java:logGet(46)) - raft.server.storage.dir = [/home/runner/work/ozone/ozone/hadoop-ozone/integration-test/target/test-dir/MiniOzoneClusterImpl-a442e60d-e435-415e-98a9-f45e33772b0d/datanode-0/data/ratis] (custom)
2022-09-29 01:23:05,273 [pool-122-thread-1] INFO  server.RaftServerConfigKeys (ConfUtils.java:logGet(46)) - raft.server.log.corruption.policy = EXCEPTION (default)
2022-09-29 01:23:05,273 [pool-122-thread-1] INFO  server.RaftServerConfigKeys (ConfUtils.java:logGet(46)) - raft.server.storage.free-space.min = 0MB (=0) (default)
2022-09-29 01:23:05,274 [pool-122-thread-1] INFO  storage.RaftStorageDirectory (RaftStorageDirectoryImpl.java:analyzeStorage(135)) - The storage directory /home/runner/work/ozone/ozone/hadoop-ozone/integration-test/target/test-dir/MiniOzoneClusterImpl-a442e60d-e435-415e-98a9-f45e33772b0d/datanode-0/data/ratis/7134ed8b-2986-49c9-be5f-a1433e37e7d3 does not exist. Creating ...
2022-09-29 01:23:05,275 [pool-122-thread-1] INFO  storage.RaftStorageDirectory (RaftStorageDirectoryImpl.java:tryLock(230)) - Lock on /home/runner/work/ozone/ozone/hadoop-ozone/integration-test/target/test-dir/MiniOzoneClusterImpl-a442e60d-e435-415e-98a9-f45e33772b0d/datanode-0/data/ratis/7134ed8b-2986-49c9-be5f-a1433e37e7d3/in_use.lock acquired by nodename 41909@fv-az182-579
2022-09-29 01:23:05,276 [EventQueue-PipelineReportForPipelineReportHandler] INFO  pipeline.PipelineManagerImpl (PipelineManagerImpl.java:openPipeline(367)) - Pipeline Pipeline[ Id: f9f9d737-c6d4-48cc-b8fb-a54044e036fb, Nodes: 574ea199-4fc5-4e12-82c5-94eb8c91283e{ip: 10.1.1.32, host: fv-az182-579.xlcsutvm5t3ellfcnbcbis3udb.bx.internal.cloudapp.net, ports: [REPLICATION=44127, RATIS=46123, RATIS_ADMIN=46123, RATIS_SERVER=46123, STANDALONE=39911], networkLocation: /default-rack, certSerialId: null, persistedOpState: IN_SERVICE, persistedOpStateExpiryEpochSec: 0}, ReplicationConfig: RATIS/ONE, State:ALLOCATED, leaderId:574ea199-4fc5-4e12-82c5-94eb8c91283e, CreationTimestamp2022-09-29T01:23:02.248Z[Etc/UTC]] moved to OPEN state
2022-09-29 01:23:05,277 [pool-122-thread-1] INFO  storage.RaftStorage (RaftStorageImpl.java:format(89)) - Storage directory /home/runner/work/ozone/ozone/hadoop-ozone/integration-test/target/test-dir/MiniOzoneClusterImpl-a442e60d-e435-415e-98a9-f45e33772b0d/datanode-0/data/ratis/7134ed8b-2986-49c9-be5f-a1433e37e7d3 has been successfully formatted.
2022-09-29 01:23:05,277 [pool-122-thread-1] INFO  ratis.ContainerStateMachine (ContainerStateMachine.java:loadSnapshot(236)) - group-A1433E37E7D3: The snapshot info is null. Setting the last applied indexto:(t:0, i:~)
2022-09-29 01:23:05,277 [pool-122-thread-1] INFO  server.RaftServerConfigKeys (ConfUtils.java:logGet(46)) - raft.server.notification.no-leader.timeout = 300s (custom)
2022-09-29 01:23:05,277 [pool-122-thread-1] INFO  server.RaftServerConfigKeys (ConfUtils.java:logGet(46)) - raft.server.log.use.memory = false (default)
2022-09-29 01:23:05,278 [pool-122-thread-1] INFO  server.RaftServerConfigKeys (ConfUtils.java:logGet(46)) - raft.server.log.purge.gap = 1000000 (custom)
2022-09-29 01:23:05,278 [pool-122-thread-1] INFO  server.RaftServerConfigKeys (ConfUtils.java:logGet(46)) - raft.server.log.appender.buffer.byte-limit = 33554432 (custom)
2022-09-29 01:23:05,278 [pool-122-thread-1] INFO  server.RaftServerConfigKeys (ConfUtils.java:logGet(46)) - raft.server.log.statemachine.data.read.timeout = 1000ms (default)
2022-09-29 01:23:05,278 [pool-122-thread-1] INFO  server.RaftServerConfigKeys (ConfUtils.java:logGet(46)) - raft.server.log.segment.size.max = 1048576 (custom)
2022-09-29 01:23:05,279 [pool-122-thread-1] INFO  server.RaftServerConfigKeys (ConfUtils.java:logGet(46)) - raft.server.log.segment.cache.num.max = 2 (custom)
2022-09-29 01:23:05,279 [pool-122-thread-1] INFO  server.RaftServerConfigKeys (ConfUtils.java:logGet(46)) - raft.server.log.segment.cache.size.max = 200MB (=209715200) (default)
2022-09-29 01:23:05,279 [pool-122-thread-1] INFO  segmented.SegmentedRaftLogWorker (SegmentedRaftLogWorker.java:<init>(187)) - new 574ea199-4fc5-4e12-82c5-94eb8c91283e@group-A1433E37E7D3-SegmentedRaftLogWorker for RaftStorageImpl:Storage Directory /home/runner/work/ozone/ozone/hadoop-ozone/integration-test/target/test-dir/MiniOzoneClusterImpl-a442e60d-e435-415e-98a9-f45e33772b0d/datanode-0/data/ratis/7134ed8b-2986-49c9-be5f-a1433e37e7d3
2022-09-29 01:23:05,279 [pool-122-thread-1] INFO  server.RaftServerConfigKeys (ConfUtils.java:logGet(46)) - raft.server.log.queue.byte-limit = 4294967296 (custom)
2022-09-29 01:23:05,279 [pool-122-thread-1] INFO  server.RaftServerConfigKeys (ConfUtils.java:logGet(46)) - raft.server.log.queue.element-limit = 1024 (custom)
2022-09-29 01:23:05,279 [pool-122-thread-1] INFO  server.RaftServerConfigKeys (ConfUtils.java:logGet(46)) - raft.server.log.segment.size.max = 1048576 (custom)
2022-09-29 01:23:05,279 [pool-122-thread-1] INFO  server.RaftServerConfigKeys (ConfUtils.java:logGet(46)) - raft.server.log.preallocated.size = 16384 (custom)
2022-09-29 01:23:05,279 [pool-122-thread-1] INFO  server.RaftServerConfigKeys (ConfUtils.java:logGet(46)) - raft.server.log.force.sync.num = 128 (default)
2022-09-29 01:23:05,279 [pool-122-thread-1] INFO  server.RaftServerConfigKeys (ConfUtils.java:logGet(46)) - raft.server.log.statemachine.data.sync = true (default)
2022-09-29 01:23:05,279 [pool-122-thread-1] INFO  server.RaftServerConfigKeys (ConfUtils.java:logGet(46)) - raft.server.log.statemachine.data.sync.timeout = 10s (default)
2022-09-29 01:23:05,279 [pool-122-thread-1] INFO  server.RaftServerConfigKeys (ConfUtils.java:logGet(46)) - raft.server.log.statemachine.data.sync.timeout.retry = -1 (default)
2022-09-29 01:23:05,280 [pool-122-thread-1] INFO  server.RaftServerConfigKeys (ConfUtils.java:logGet(46)) - raft.server.log.write.buffer.size = 1048576 (custom)
2022-09-29 01:23:05,281 [pool-122-thread-1] INFO  server.RaftServerConfigKeys (ConfUtils.java:logGet(46)) - raft.server.log.unsafe-flush.enabled = false (default)
2022-09-29 01:23:05,281 [pool-122-thread-1] INFO  server.RaftServerConfigKeys (ConfUtils.java:logGet(46)) - raft.server.log.statemachine.data.caching.enabled = true (custom)
2022-09-29 01:23:05,281 [pool-122-thread-1] INFO  segmented.SegmentedRaftLogWorker (SegmentedRaftLogWorker.java:lambda$new$0(135)) - 574ea199-4fc5-4e12-82c5-94eb8c91283e@group-A1433E37E7D3-SegmentedRaftLogWorker: flushIndex: setUnconditionally 0 -> -1
2022-09-29 01:23:05,281 [pool-122-thread-1] INFO  segmented.SegmentedRaftLogWorker (SegmentedRaftLogWorker.java:lambda$new$0(135)) - 574ea199-4fc5-4e12-82c5-94eb8c91283e@group-A1433E37E7D3-SegmentedRaftLogWorker: safeCacheEvictIndex: setUnconditionally 0 -> -1
2022-09-29 01:23:05,284 [pool-122-thread-1] INFO  server.RaftServerConfigKeys (ConfUtils.java:logGet(46)) - raft.server.snapshot.auto.trigger.enabled = true (custom)
2022-09-29 01:23:05,284 [pool-122-thread-1] INFO  server.RaftServerConfigKeys (ConfUtils.java:logGet(46)) - raft.server.snapshot.auto.trigger.threshold = 10000 (custom)
2022-09-29 01:23:05,284 [pool-122-thread-1] INFO  server.RaftServerConfigKeys (ConfUtils.java:logGet(46)) - raft.server.snapshot.retention.file.num = 5 (custom)
2022-09-29 01:23:05,284 [pool-122-thread-1] INFO  server.RaftServerConfigKeys (ConfUtils.java:logGet(46)) - raft.server.log.purge.upto.snapshot.index = false (default)
2022-09-29 01:23:05,284 [pool-122-thread-1] INFO  server.RaftServerConfigKeys (ConfUtils.java:logGet(46)) - raft.server.retrycache.expirytime = 600000ms (custom)
2022-09-29 01:23:05,284 [pool-122-thread-1] INFO  server.RaftServerConfigKeys (ConfUtils.java:logGet(46)) - raft.server.retrycache.statistics.expirytime = 100μs (default)
2022-09-29 01:23:05,285 [pool-122-thread-1] INFO  server.RaftServerConfigKeys (ConfUtils.java:logGet(46)) - raft.server.log.appender.install.snapshot.enabled = false (custom)
2022-09-29 01:23:05,285 [pool-122-thread-1] INFO  server.RaftServerConfigKeys (ConfUtils.java:logGet(46)) - raft.server.threadpool.server.cached = true (default)
2022-09-29 01:23:05,285 [pool-122-thread-1] INFO  server.RaftServerConfigKeys (ConfUtils.java:logGet(46)) - raft.server.threadpool.server.size = 0 (default)
2022-09-29 01:23:05,285 [pool-122-thread-1] INFO  server.RaftServerConfigKeys (ConfUtils.java:logGet(46)) - raft.server.threadpool.client.cached = true (default)
2022-09-29 01:23:05,285 [pool-122-thread-1] INFO  server.RaftServerConfigKeys (ConfUtils.java:logGet(46)) - raft.server.threadpool.client.size = 0 (default)
2022-09-29 01:23:05,285 [pool-122-thread-1] INFO  server.RaftServer$Division (RaftServerImpl.java:start(310)) - 574ea199-4fc5-4e12-82c5-94eb8c91283e@group-A1433E37E7D3: start as a follower, conf=-1: [2d6d5b8e-e752-4562-8a63-86fab6cb8fe2|rpc:10.1.1.32:37041|priority:0, 574ea199-4fc5-4e12-82c5-94eb8c91283e|rpc:10.1.1.32:46123|priority:1, 607e46f6-8430-4252-8b38-005d1aa49d3c|rpc:10.1.1.32:41899|priority:0], old=null
2022-09-29 01:23:05,286 [pool-122-thread-1] INFO  server.RaftServer$Division (RaftServerImpl.java:setRole(299)) - 574ea199-4fc5-4e12-82c5-94eb8c91283e@group-A1433E37E7D3: changes role from      null to FOLLOWER at term 0 for startAsFollower
2022-09-29 01:23:05,286 [pool-122-thread-1] INFO  impl.RoleInfo (RoleInfo.java:updateAndGet(139)) - 574ea199-4fc5-4e12-82c5-94eb8c91283e: start 574ea199-4fc5-4e12-82c5-94eb8c91283e@group-A1433E37E7D3-FollowerState
2022-09-29 01:23:05,286 [pool-122-thread-1] INFO  util.JmxRegister (JmxRegister.java:tryRegister(44)) - Successfully registered JMX Bean with object name Ratis:service=RaftServer,group=group-A1433E37E7D3,id=574ea199-4fc5-4e12-82c5-94eb8c91283e
2022-09-29 01:23:05,290 [EventQueue-OpenPipelineForHealthyPipelineSafeModeRule] INFO  safemode.SCMSafeModeManager (HealthyPipelineSafeModeRule.java:process(137)) - SCM in safe mode. Healthy pipelines reported count is 0, required healthy pipeline reported count is 1
2022-09-29 01:23:05,291 [Command processor thread] INFO  ratis.XceiverServerRatis (XceiverServerRatis.java:addGroup(765)) - Created group PipelineID=7134ed8b-2986-49c9-be5f-a1433e37e7d3
2022-09-29 01:23:05,300 [EventQueue-OpenPipelineForHealthyPipelineSafeModeRule] INFO  safemode.SCMSafeModeManager (HealthyPipelineSafeModeRule.java:process(137)) - SCM in safe mode. Healthy pipelines reported count is 0, required healthy pipeline reported count is 1
2022-09-29 01:23:05,361 [grpc-default-executor-0] INFO  server.RaftServer (RaftServerProxy.java:addNew(96)) - 607e46f6-8430-4252-8b38-005d1aa49d3c: addNew group-A1433E37E7D3:[2d6d5b8e-e752-4562-8a63-86fab6cb8fe2|rpc:10.1.1.32:37041|dataStream:|priority:0, 574ea199-4fc5-4e12-82c5-94eb8c91283e|rpc:10.1.1.32:46123|dataStream:|priority:1, 607e46f6-8430-4252-8b38-005d1aa49d3c|rpc:10.1.1.32:41899|dataStream:|priority:0] returns group-A1433E37E7D3:java.util.concurrent.CompletableFuture@2a2dc24a[Not completed]
2022-09-29 01:23:05,362 [pool-145-thread-1] INFO  server.RaftServer$Division (RaftServerImpl.java:<init>(190)) - 607e46f6-8430-4252-8b38-005d1aa49d3c: new RaftServerImpl for group-A1433E37E7D3:[2d6d5b8e-e752-4562-8a63-86fab6cb8fe2|rpc:10.1.1.32:37041|dataStream:|priority:0, 574ea199-4fc5-4e12-82c5-94eb8c91283e|rpc:10.1.1.32:46123|dataStream:|priority:1, 607e46f6-8430-4252-8b38-005d1aa49d3c|rpc:10.1.1.32:41899|dataStream:|priority:0] with ContainerStateMachine:uninitialized
2022-09-29 01:23:05,362 [pool-145-thread-1] INFO  server.RaftServerConfigKeys (ConfUtils.java:logGet(46)) - raft.server.rpc.timeout.min = 5s (custom)
2022-09-29 01:23:05,363 [pool-145-thread-1] INFO  server.RaftServerConfigKeys (ConfUtils.java:logGet(46)) - raft.server.rpc.timeout.max = 5200ms (custom)
2022-09-29 01:23:05,363 [pool-145-thread-1] INFO  server.RaftServerConfigKeys (ConfUtils.java:logGet(46)) - raft.server.rpc.sleep.time = 25ms (default)
2022-09-29 01:23:05,363 [pool-145-thread-1] INFO  server.RaftServerConfigKeys (ConfUtils.java:logGet(46)) - raft.server.rpc.slowness.timeout = 300s (custom)
2022-09-29 01:23:05,363 [pool-145-thread-1] INFO  server.RaftServerConfigKeys (ConfUtils.java:logGet(46)) - raft.server.leaderelection.leader.step-down.wait-time = 10s (default)
2022-09-29 01:23:05,363 [pool-145-thread-1] INFO  server.RaftServerConfigKeys (ConfUtils.java:logGet(46)) - raft.server.sleep.deviation.threshold = 300ms (default)
2022-09-29 01:23:05,363 [pool-145-thread-1] INFO  server.RaftServer$Division (ServerState.java:<init>(107)) - 607e46f6-8430-4252-8b38-005d1aa49d3c@group-A1433E37E7D3: ConfigurationManager, init=-1: [2d6d5b8e-e752-4562-8a63-86fab6cb8fe2|rpc:10.1.1.32:37041|dataStream:|priority:0, 574ea199-4fc5-4e12-82c5-94eb8c91283e|rpc:10.1.1.32:46123|dataStream:|priority:1, 607e46f6-8430-4252-8b38-005d1aa49d3c|rpc:10.1.1.32:41899|dataStream:|priority:0], old=null, confs=<EMPTY_MAP>
2022-09-29 01:23:05,363 [pool-145-thread-1] INFO  server.RaftServerConfigKeys (ConfUtils.java:logGet(46)) - raft.server.storage.dir = [/home/runner/work/ozone/ozone/hadoop-ozone/integration-test/target/test-dir/MiniOzoneClusterImpl-a442e60d-e435-415e-98a9-f45e33772b0d/datanode-1/data/ratis] (custom)
2022-09-29 01:23:05,363 [pool-145-thread-1] INFO  server.RaftServerConfigKeys (ConfUtils.java:logGet(46)) - raft.server.log.corruption.policy = EXCEPTION (default)
2022-09-29 01:23:05,363 [pool-145-thread-1] INFO  server.RaftServerConfigKeys (ConfUtils.java:logGet(46)) - raft.server.storage.free-space.min = 0MB (=0) (default)
2022-09-29 01:23:05,363 [pool-145-thread-1] INFO  storage.RaftStorageDirectory (RaftStorageDirectoryImpl.java:analyzeStorage(135)) - The storage directory /home/runner/work/ozone/ozone/hadoop-ozone/integration-test/target/test-dir/MiniOzoneClusterImpl-a442e60d-e435-415e-98a9-f45e33772b0d/datanode-1/data/ratis/7134ed8b-2986-49c9-be5f-a1433e37e7d3 does not exist. Creating ...
2022-09-29 01:23:05,365 [pool-145-thread-1] INFO  storage.RaftStorageDirectory (RaftStorageDirectoryImpl.java:tryLock(230)) - Lock on /home/runner/work/ozone/ozone/hadoop-ozone/integration-test/target/test-dir/MiniOzoneClusterImpl-a442e60d-e435-415e-98a9-f45e33772b0d/datanode-1/data/ratis/7134ed8b-2986-49c9-be5f-a1433e37e7d3/in_use.lock acquired by nodename 41909@fv-az182-579
2022-09-29 01:23:05,367 [pool-145-thread-1] INFO  storage.RaftStorage (RaftStorageImpl.java:format(89)) - Storage directory /home/runner/work/ozone/ozone/hadoop-ozone/integration-test/target/test-dir/MiniOzoneClusterImpl-a442e60d-e435-415e-98a9-f45e33772b0d/datanode-1/data/ratis/7134ed8b-2986-49c9-be5f-a1433e37e7d3 has been successfully formatted.
2022-09-29 01:23:05,368 [pool-145-thread-1] INFO  ratis.ContainerStateMachine (ContainerStateMachine.java:loadSnapshot(236)) - group-A1433E37E7D3: The snapshot info is null. Setting the last applied indexto:(t:0, i:~)
2022-09-29 01:23:05,369 [pool-145-thread-1] INFO  server.RaftServerConfigKeys (ConfUtils.java:logGet(46)) - raft.server.notification.no-leader.timeout = 300s (custom)
2022-09-29 01:23:05,369 [pool-145-thread-1] INFO  server.RaftServerConfigKeys (ConfUtils.java:logGet(46)) - raft.server.log.use.memory = false (default)
2022-09-29 01:23:05,369 [pool-145-thread-1] INFO  server.RaftServerConfigKeys (ConfUtils.java:logGet(46)) - raft.server.log.purge.gap = 1000000 (custom)
2022-09-29 01:23:05,369 [pool-145-thread-1] INFO  server.RaftServerConfigKeys (ConfUtils.java:logGet(46)) - raft.server.log.appender.buffer.byte-limit = 33554432 (custom)
2022-09-29 01:23:05,369 [pool-145-thread-1] INFO  server.RaftServerConfigKeys (ConfUtils.java:logGet(46)) - raft.server.log.statemachine.data.read.timeout = 1000ms (default)
2022-09-29 01:23:05,369 [pool-145-thread-1] INFO  server.RaftServerConfigKeys (ConfUtils.java:logGet(46)) - raft.server.log.segment.size.max = 1048576 (custom)
2022-09-29 01:23:05,369 [pool-145-thread-1] INFO  server.RaftServerConfigKeys (ConfUtils.java:logGet(46)) - raft.server.log.segment.cache.num.max = 2 (custom)
2022-09-29 01:23:05,370 [pool-145-thread-1] INFO  server.RaftServerConfigKeys (ConfUtils.java:logGet(46)) - raft.server.log.segment.cache.size.max = 200MB (=209715200) (default)
2022-09-29 01:23:05,370 [pool-145-thread-1] INFO  segmented.SegmentedRaftLogWorker (SegmentedRaftLogWorker.java:<init>(187)) - new 607e46f6-8430-4252-8b38-005d1aa49d3c@group-A1433E37E7D3-SegmentedRaftLogWorker for RaftStorageImpl:Storage Directory /home/runner/work/ozone/ozone/hadoop-ozone/integration-test/target/test-dir/MiniOzoneClusterImpl-a442e60d-e435-415e-98a9-f45e33772b0d/datanode-1/data/ratis/7134ed8b-2986-49c9-be5f-a1433e37e7d3
2022-09-29 01:23:05,370 [pool-145-thread-1] INFO  server.RaftServerConfigKeys (ConfUtils.java:logGet(46)) - raft.server.log.queue.byte-limit = 4294967296 (custom)
2022-09-29 01:23:05,370 [pool-145-thread-1] INFO  server.RaftServerConfigKeys (ConfUtils.java:logGet(46)) - raft.server.log.queue.element-limit = 1024 (custom)
2022-09-29 01:23:05,370 [pool-145-thread-1] INFO  server.RaftServerConfigKeys (ConfUtils.java:logGet(46)) - raft.server.log.segment.size.max = 1048576 (custom)
2022-09-29 01:23:05,370 [pool-145-thread-1] INFO  server.RaftServerConfigKeys (ConfUtils.java:logGet(46)) - raft.server.log.preallocated.size = 16384 (custom)
2022-09-29 01:23:05,370 [pool-145-thread-1] INFO  server.RaftServerConfigKeys (ConfUtils.java:logGet(46)) - raft.server.log.force.sync.num = 128 (default)
2022-09-29 01:23:05,370 [pool-145-thread-1] INFO  server.RaftServerConfigKeys (ConfUtils.java:logGet(46)) - raft.server.log.statemachine.data.sync = true (default)
2022-09-29 01:23:05,370 [pool-145-thread-1] INFO  server.RaftServerConfigKeys (ConfUtils.java:logGet(46)) - raft.server.log.statemachine.data.sync.timeout = 10s (default)
2022-09-29 01:23:05,370 [pool-145-thread-1] INFO  server.RaftServerConfigKeys (ConfUtils.java:logGet(46)) - raft.server.log.statemachine.data.sync.timeout.retry = -1 (default)
2022-09-29 01:23:05,371 [pool-145-thread-1] INFO  server.RaftServerConfigKeys (ConfUtils.java:logGet(46)) - raft.server.log.write.buffer.size = 1048576 (custom)
2022-09-29 01:23:05,377 [pool-145-thread-1] INFO  server.RaftServerConfigKeys (ConfUtils.java:logGet(46)) - raft.server.log.unsafe-flush.enabled = false (default)
2022-09-29 01:23:05,377 [pool-145-thread-1] INFO  server.RaftServerConfigKeys (ConfUtils.java:logGet(46)) - raft.server.log.statemachine.data.caching.enabled = true (custom)
2022-09-29 01:23:05,383 [pool-145-thread-1] INFO  segmented.SegmentedRaftLogWorker (SegmentedRaftLogWorker.java:lambda$new$0(135)) - 607e46f6-8430-4252-8b38-005d1aa49d3c@group-A1433E37E7D3-SegmentedRaftLogWorker: flushIndex: setUnconditionally 0 -> -1
2022-09-29 01:23:05,383 [pool-145-thread-1] INFO  segmented.SegmentedRaftLogWorker (SegmentedRaftLogWorker.java:lambda$new$0(135)) - 607e46f6-8430-4252-8b38-005d1aa49d3c@group-A1433E37E7D3-SegmentedRaftLogWorker: safeCacheEvictIndex: setUnconditionally 0 -> -1
2022-09-29 01:23:05,383 [pool-145-thread-1] INFO  server.RaftServerConfigKeys (ConfUtils.java:logGet(46)) - raft.server.snapshot.auto.trigger.enabled = true (custom)
2022-09-29 01:23:05,383 [pool-145-thread-1] INFO  server.RaftServerConfigKeys (ConfUtils.java:logGet(46)) - raft.server.snapshot.auto.trigger.threshold = 10000 (custom)
2022-09-29 01:23:05,383 [pool-145-thread-1] INFO  server.RaftServerConfigKeys (ConfUtils.java:logGet(46)) - raft.server.snapshot.retention.file.num = 5 (custom)
2022-09-29 01:23:05,383 [pool-145-thread-1] INFO  server.RaftServerConfigKeys (ConfUtils.java:logGet(46)) - raft.server.log.purge.upto.snapshot.index = false (default)
2022-09-29 01:23:05,383 [pool-145-thread-1] INFO  server.RaftServerConfigKeys (ConfUtils.java:logGet(46)) - raft.server.retrycache.expirytime = 600000ms (custom)
2022-09-29 01:23:05,383 [pool-145-thread-1] INFO  server.RaftServerConfigKeys (ConfUtils.java:logGet(46)) - raft.server.retrycache.statistics.expirytime = 100μs (default)
2022-09-29 01:23:05,384 [pool-145-thread-1] INFO  server.RaftServerConfigKeys (ConfUtils.java:logGet(46)) - raft.server.log.appender.install.snapshot.enabled = false (custom)
2022-09-29 01:23:05,384 [pool-145-thread-1] INFO  server.RaftServerConfigKeys (ConfUtils.java:logGet(46)) - raft.server.threadpool.server.cached = true (default)
2022-09-29 01:23:05,384 [pool-145-thread-1] INFO  server.RaftServerConfigKeys (ConfUtils.java:logGet(46)) - raft.server.threadpool.server.size = 0 (default)
2022-09-29 01:23:05,384 [pool-145-thread-1] INFO  server.RaftServerConfigKeys (ConfUtils.java:logGet(46)) - raft.server.threadpool.client.cached = true (default)
2022-09-29 01:23:05,384 [pool-145-thread-1] INFO  server.RaftServerConfigKeys (ConfUtils.java:logGet(46)) - raft.server.threadpool.client.size = 0 (default)
2022-09-29 01:23:05,384 [pool-145-thread-1] INFO  server.RaftServer$Division (RaftServerImpl.java:start(310)) - 607e46f6-8430-4252-8b38-005d1aa49d3c@group-A1433E37E7D3: start as a follower, conf=-1: [2d6d5b8e-e752-4562-8a63-86fab6cb8fe2|rpc:10.1.1.32:37041|dataStream:|priority:0, 574ea199-4fc5-4e12-82c5-94eb8c91283e|rpc:10.1.1.32:46123|dataStream:|priority:1, 607e46f6-8430-4252-8b38-005d1aa49d3c|rpc:10.1.1.32:41899|dataStream:|priority:0], old=null
2022-09-29 01:23:05,385 [pool-145-thread-1] INFO  server.RaftServer$Division (RaftServerImpl.java:setRole(299)) - 607e46f6-8430-4252-8b38-005d1aa49d3c@group-A1433E37E7D3: changes role from      null to FOLLOWER at term 0 for startAsFollower
2022-09-29 01:23:05,385 [pool-145-thread-1] INFO  impl.RoleInfo (RoleInfo.java:updateAndGet(139)) - 607e46f6-8430-4252-8b38-005d1aa49d3c: start 607e46f6-8430-4252-8b38-005d1aa49d3c@group-A1433E37E7D3-FollowerState
2022-09-29 01:23:05,385 [pool-145-thread-1] INFO  util.JmxRegister (JmxRegister.java:tryRegister(44)) - Successfully registered JMX Bean with object name Ratis:service=RaftServer,group=group-A1433E37E7D3,id=607e46f6-8430-4252-8b38-005d1aa49d3c
2022-09-29 01:23:05,425 [grpc-default-executor-0] INFO  server.RaftServer (RaftServerProxy.java:addNew(96)) - 2d6d5b8e-e752-4562-8a63-86fab6cb8fe2: addNew group-A1433E37E7D3:[2d6d5b8e-e752-4562-8a63-86fab6cb8fe2|rpc:10.1.1.32:37041|dataStream:|priority:0, 574ea199-4fc5-4e12-82c5-94eb8c91283e|rpc:10.1.1.32:46123|dataStream:|priority:1, 607e46f6-8430-4252-8b38-005d1aa49d3c|rpc:10.1.1.32:41899|dataStream:|priority:0] returns group-A1433E37E7D3:java.util.concurrent.CompletableFuture@5c6a3371[Not completed]
2022-09-29 01:23:05,428 [pool-168-thread-1] INFO  server.RaftServer$Division (RaftServerImpl.java:<init>(190)) - 2d6d5b8e-e752-4562-8a63-86fab6cb8fe2: new RaftServerImpl for group-A1433E37E7D3:[2d6d5b8e-e752-4562-8a63-86fab6cb8fe2|rpc:10.1.1.32:37041|dataStream:|priority:0, 574ea199-4fc5-4e12-82c5-94eb8c91283e|rpc:10.1.1.32:46123|dataStream:|priority:1, 607e46f6-8430-4252-8b38-005d1aa49d3c|rpc:10.1.1.32:41899|dataStream:|priority:0] with ContainerStateMachine:uninitialized
2022-09-29 01:23:05,428 [pool-168-thread-1] INFO  server.RaftServerConfigKeys (ConfUtils.java:logGet(46)) - raft.server.rpc.timeout.min = 5s (custom)
2022-09-29 01:23:05,428 [pool-168-thread-1] INFO  server.RaftServerConfigKeys (ConfUtils.java:logGet(46)) - raft.server.rpc.timeout.max = 5200ms (custom)
2022-09-29 01:23:05,428 [pool-168-thread-1] INFO  server.RaftServerConfigKeys (ConfUtils.java:logGet(46)) - raft.server.rpc.sleep.time = 25ms (default)
2022-09-29 01:23:05,428 [pool-168-thread-1] INFO  server.RaftServerConfigKeys (ConfUtils.java:logGet(46)) - raft.server.rpc.slowness.timeout = 300s (custom)
2022-09-29 01:23:05,428 [pool-168-thread-1] INFO  server.RaftServerConfigKeys (ConfUtils.java:logGet(46)) - raft.server.leaderelection.leader.step-down.wait-time = 10s (default)
2022-09-29 01:23:05,428 [pool-168-thread-1] INFO  server.RaftServerConfigKeys (ConfUtils.java:logGet(46)) - raft.server.sleep.deviation.threshold = 300ms (default)
2022-09-29 01:23:05,428 [pool-168-thread-1] INFO  server.RaftServer$Division (ServerState.java:<init>(107)) - 2d6d5b8e-e752-4562-8a63-86fab6cb8fe2@group-A1433E37E7D3: ConfigurationManager, init=-1: [2d6d5b8e-e752-4562-8a63-86fab6cb8fe2|rpc:10.1.1.32:37041|dataStream:|priority:0, 574ea199-4fc5-4e12-82c5-94eb8c91283e|rpc:10.1.1.32:46123|dataStream:|priority:1, 607e46f6-8430-4252-8b38-005d1aa49d3c|rpc:10.1.1.32:41899|dataStream:|priority:0], old=null, confs=<EMPTY_MAP>
2022-09-29 01:23:05,428 [pool-168-thread-1] INFO  server.RaftServerConfigKeys (ConfUtils.java:logGet(46)) - raft.server.storage.dir = [/home/runner/work/ozone/ozone/hadoop-ozone/integration-test/target/test-dir/MiniOzoneClusterImpl-a442e60d-e435-415e-98a9-f45e33772b0d/datanode-2/data/ratis] (custom)
2022-09-29 01:23:05,428 [pool-168-thread-1] INFO  server.RaftServerConfigKeys (ConfUtils.java:logGet(46)) - raft.server.log.corruption.policy = EXCEPTION (default)
2022-09-29 01:23:05,428 [pool-168-thread-1] INFO  server.RaftServerConfigKeys (ConfUtils.java:logGet(46)) - raft.server.storage.free-space.min = 0MB (=0) (default)
2022-09-29 01:23:05,428 [pool-168-thread-1] INFO  storage.RaftStorageDirectory (RaftStorageDirectoryImpl.java:analyzeStorage(135)) - The storage directory /home/runner/work/ozone/ozone/hadoop-ozone/integration-test/target/test-dir/MiniOzoneClusterImpl-a442e60d-e435-415e-98a9-f45e33772b0d/datanode-2/data/ratis/7134ed8b-2986-49c9-be5f-a1433e37e7d3 does not exist. Creating ...
2022-09-29 01:23:05,430 [pool-168-thread-1] INFO  storage.RaftStorageDirectory (RaftStorageDirectoryImpl.java:tryLock(230)) - Lock on /home/runner/work/ozone/ozone/hadoop-ozone/integration-test/target/test-dir/MiniOzoneClusterImpl-a442e60d-e435-415e-98a9-f45e33772b0d/datanode-2/data/ratis/7134ed8b-2986-49c9-be5f-a1433e37e7d3/in_use.lock acquired by nodename 41909@fv-az182-579
2022-09-29 01:23:05,431 [pool-168-thread-1] INFO  storage.RaftStorage (RaftStorageImpl.java:format(89)) - Storage directory /home/runner/work/ozone/ozone/hadoop-ozone/integration-test/target/test-dir/MiniOzoneClusterImpl-a442e60d-e435-415e-98a9-f45e33772b0d/datanode-2/data/ratis/7134ed8b-2986-49c9-be5f-a1433e37e7d3 has been successfully formatted.
2022-09-29 01:23:05,432 [pool-168-thread-1] INFO  ratis.ContainerStateMachine (ContainerStateMachine.java:loadSnapshot(236)) - group-A1433E37E7D3: The snapshot info is null. Setting the last applied indexto:(t:0, i:~)
2022-09-29 01:23:05,432 [pool-168-thread-1] INFO  server.RaftServerConfigKeys (ConfUtils.java:logGet(46)) - raft.server.notification.no-leader.timeout = 300s (custom)
2022-09-29 01:23:05,436 [pool-168-thread-1] INFO  server.RaftServerConfigKeys (ConfUtils.java:logGet(46)) - raft.server.log.use.memory = false (default)
2022-09-29 01:23:05,436 [pool-168-thread-1] INFO  server.RaftServerConfigKeys (ConfUtils.java:logGet(46)) - raft.server.log.purge.gap = 1000000 (custom)
2022-09-29 01:23:05,436 [pool-168-thread-1] INFO  server.RaftServerConfigKeys (ConfUtils.java:logGet(46)) - raft.server.log.appender.buffer.byte-limit = 33554432 (custom)
2022-09-29 01:23:05,436 [pool-168-thread-1] INFO  server.RaftServerConfigKeys (ConfUtils.java:logGet(46)) - raft.server.log.statemachine.data.read.timeout = 1000ms (default)
2022-09-29 01:23:05,436 [pool-168-thread-1] INFO  server.RaftServerConfigKeys (ConfUtils.java:logGet(46)) - raft.server.log.segment.size.max = 1048576 (custom)
2022-09-29 01:23:05,444 [pool-168-thread-1] INFO  server.RaftServerConfigKeys (ConfUtils.java:logGet(46)) - raft.server.log.segment.cache.num.max = 2 (custom)
2022-09-29 01:23:05,444 [pool-168-thread-1] INFO  server.RaftServerConfigKeys (ConfUtils.java:logGet(46)) - raft.server.log.segment.cache.size.max = 200MB (=209715200) (default)
2022-09-29 01:23:05,444 [pool-168-thread-1] INFO  segmented.SegmentedRaftLogWorker (SegmentedRaftLogWorker.java:<init>(187)) - new 2d6d5b8e-e752-4562-8a63-86fab6cb8fe2@group-A1433E37E7D3-SegmentedRaftLogWorker for RaftStorageImpl:Storage Directory /home/runner/work/ozone/ozone/hadoop-ozone/integration-test/target/test-dir/MiniOzoneClusterImpl-a442e60d-e435-415e-98a9-f45e33772b0d/datanode-2/data/ratis/7134ed8b-2986-49c9-be5f-a1433e37e7d3
2022-09-29 01:23:05,444 [pool-168-thread-1] INFO  server.RaftServerConfigKeys (ConfUtils.java:logGet(46)) - raft.server.log.queue.byte-limit = 4294967296 (custom)
2022-09-29 01:23:05,444 [pool-168-thread-1] INFO  server.RaftServerConfigKeys (ConfUtils.java:logGet(46)) - raft.server.log.queue.element-limit = 1024 (custom)
2022-09-29 01:23:05,444 [pool-168-thread-1] INFO  server.RaftServerConfigKeys (ConfUtils.java:logGet(46)) - raft.server.log.segment.size.max = 1048576 (custom)
2022-09-29 01:23:05,444 [pool-168-thread-1] INFO  server.RaftServerConfigKeys (ConfUtils.java:logGet(46)) - raft.server.log.preallocated.size = 16384 (custom)
2022-09-29 01:23:05,445 [pool-168-thread-1] INFO  server.RaftServerConfigKeys (ConfUtils.java:logGet(46)) - raft.server.log.force.sync.num = 128 (default)
2022-09-29 01:23:05,445 [pool-168-thread-1] INFO  server.RaftServerConfigKeys (ConfUtils.java:logGet(46)) - raft.server.log.statemachine.data.sync = true (default)
2022-09-29 01:23:05,445 [pool-168-thread-1] INFO  server.RaftServerConfigKeys (ConfUtils.java:logGet(46)) - raft.server.log.statemachine.data.sync.timeout = 10s (default)
2022-09-29 01:23:05,445 [pool-168-thread-1] INFO  server.RaftServerConfigKeys (ConfUtils.java:logGet(46)) - raft.server.log.statemachine.data.sync.timeout.retry = -1 (default)
2022-09-29 01:23:05,445 [pool-168-thread-1] INFO  server.RaftServerConfigKeys (ConfUtils.java:logGet(46)) - raft.server.log.write.buffer.size = 1048576 (custom)
2022-09-29 01:23:05,446 [pool-168-thread-1] INFO  server.RaftServerConfigKeys (ConfUtils.java:logGet(46)) - raft.server.log.unsafe-flush.enabled = false (default)
2022-09-29 01:23:05,446 [pool-168-thread-1] INFO  server.RaftServerConfigKeys (ConfUtils.java:logGet(46)) - raft.server.log.statemachine.data.caching.enabled = true (custom)
2022-09-29 01:23:05,446 [pool-168-thread-1] INFO  segmented.SegmentedRaftLogWorker (SegmentedRaftLogWorker.java:lambda$new$0(135)) - 2d6d5b8e-e752-4562-8a63-86fab6cb8fe2@group-A1433E37E7D3-SegmentedRaftLogWorker: flushIndex: setUnconditionally 0 -> -1
2022-09-29 01:23:05,446 [pool-168-thread-1] INFO  segmented.SegmentedRaftLogWorker (SegmentedRaftLogWorker.java:lambda$new$0(135)) - 2d6d5b8e-e752-4562-8a63-86fab6cb8fe2@group-A1433E37E7D3-SegmentedRaftLogWorker: safeCacheEvictIndex: setUnconditionally 0 -> -1
2022-09-29 01:23:05,446 [pool-168-thread-1] INFO  server.RaftServerConfigKeys (ConfUtils.java:logGet(46)) - raft.server.snapshot.auto.trigger.enabled = true (custom)
2022-09-29 01:23:05,447 [pool-168-thread-1] INFO  server.RaftServerConfigKeys (ConfUtils.java:logGet(46)) - raft.server.snapshot.auto.trigger.threshold = 10000 (custom)
2022-09-29 01:23:05,447 [pool-168-thread-1] INFO  server.RaftServerConfigKeys (ConfUtils.java:logGet(46)) - raft.server.snapshot.retention.file.num = 5 (custom)
2022-09-29 01:23:05,447 [pool-168-thread-1] INFO  server.RaftServerConfigKeys (ConfUtils.java:logGet(46)) - raft.server.log.purge.upto.snapshot.index = false (default)
2022-09-29 01:23:05,447 [pool-168-thread-1] INFO  server.RaftServerConfigKeys (ConfUtils.java:logGet(46)) - raft.server.retrycache.expirytime = 600000ms (custom)
2022-09-29 01:23:05,447 [pool-168-thread-1] INFO  server.RaftServerConfigKeys (ConfUtils.java:logGet(46)) - raft.server.retrycache.statistics.expirytime = 100μs (default)
2022-09-29 01:23:05,448 [pool-168-thread-1] INFO  server.RaftServerConfigKeys (ConfUtils.java:logGet(46)) - raft.server.log.appender.install.snapshot.enabled = false (custom)
2022-09-29 01:23:05,448 [pool-168-thread-1] INFO  server.RaftServerConfigKeys (ConfUtils.java:logGet(46)) - raft.server.threadpool.server.cached = true (default)
2022-09-29 01:23:05,448 [pool-168-thread-1] INFO  server.RaftServerConfigKeys (ConfUtils.java:logGet(46)) - raft.server.threadpool.server.size = 0 (default)
2022-09-29 01:23:05,448 [pool-168-thread-1] INFO  server.RaftServerConfigKeys (ConfUtils.java:logGet(46)) - raft.server.threadpool.client.cached = true (default)
2022-09-29 01:23:05,448 [pool-168-thread-1] INFO  server.RaftServerConfigKeys (ConfUtils.java:logGet(46)) - raft.server.threadpool.client.size = 0 (default)
2022-09-29 01:23:05,448 [pool-168-thread-1] INFO  server.RaftServer$Division (RaftServerImpl.java:start(310)) - 2d6d5b8e-e752-4562-8a63-86fab6cb8fe2@group-A1433E37E7D3: start as a follower, conf=-1: [2d6d5b8e-e752-4562-8a63-86fab6cb8fe2|rpc:10.1.1.32:37041|dataStream:|priority:0, 574ea199-4fc5-4e12-82c5-94eb8c91283e|rpc:10.1.1.32:46123|dataStream:|priority:1, 607e46f6-8430-4252-8b38-005d1aa49d3c|rpc:10.1.1.32:41899|dataStream:|priority:0], old=null
2022-09-29 01:23:05,448 [pool-168-thread-1] INFO  server.RaftServer$Division (RaftServerImpl.java:setRole(299)) - 2d6d5b8e-e752-4562-8a63-86fab6cb8fe2@group-A1433E37E7D3: changes role from      null to FOLLOWER at term 0 for startAsFollower
2022-09-29 01:23:05,448 [pool-168-thread-1] INFO  impl.RoleInfo (RoleInfo.java:updateAndGet(139)) - 2d6d5b8e-e752-4562-8a63-86fab6cb8fe2: start 2d6d5b8e-e752-4562-8a63-86fab6cb8fe2@group-A1433E37E7D3-FollowerState
2022-09-29 01:23:05,451 [pool-168-thread-1] INFO  util.JmxRegister (JmxRegister.java:tryRegister(44)) - Successfully registered JMX Bean with object name Ratis:service=RaftServer,group=group-A1433E37E7D3,id=2d6d5b8e-e752-4562-8a63-86fab6cb8fe2
2022-09-29 01:23:05,460 [Command processor thread] INFO  commandhandler.CreatePipelineCommandHandler (CreatePipelineCommandHandler.java:handle(113)) - Created Pipeline RATIS THREE PipelineID=7134ed8b-2986-49c9-be5f-a1433e37e7d3.
2022-09-29 01:23:05,460 [Command processor thread] INFO  server.RaftServer (RaftServerProxy.java:addNew(96)) - 574ea199-4fc5-4e12-82c5-94eb8c91283e: addNew group-20810F2C5144:[2d6d5b8e-e752-4562-8a63-86fab6cb8fe2|rpc:10.1.1.32:37041|priority:1, 574ea199-4fc5-4e12-82c5-94eb8c91283e|rpc:10.1.1.32:46123|priority:0, 607e46f6-8430-4252-8b38-005d1aa49d3c|rpc:10.1.1.32:41899|priority:0] returns group-20810F2C5144:java.util.concurrent.CompletableFuture@413b3535[Not completed]
2022-09-29 01:23:05,461 [pool-122-thread-1] INFO  server.RaftServer$Division (RaftServerImpl.java:<init>(190)) - 574ea199-4fc5-4e12-82c5-94eb8c91283e: new RaftServerImpl for group-20810F2C5144:[2d6d5b8e-e752-4562-8a63-86fab6cb8fe2|rpc:10.1.1.32:37041|priority:1, 574ea199-4fc5-4e12-82c5-94eb8c91283e|rpc:10.1.1.32:46123|priority:0, 607e46f6-8430-4252-8b38-005d1aa49d3c|rpc:10.1.1.32:41899|priority:0] with ContainerStateMachine:uninitialized
2022-09-29 01:23:05,461 [pool-122-thread-1] INFO  server.RaftServerConfigKeys (ConfUtils.java:logGet(46)) - raft.server.rpc.timeout.min = 5s (custom)
2022-09-29 01:23:05,461 [pool-122-thread-1] INFO  server.RaftServerConfigKeys (ConfUtils.java:logGet(46)) - raft.server.rpc.timeout.max = 5200ms (custom)
2022-09-29 01:23:05,461 [pool-122-thread-1] INFO  server.RaftServerConfigKeys (ConfUtils.java:logGet(46)) - raft.server.rpc.sleep.time = 25ms (default)
2022-09-29 01:23:05,461 [pool-122-thread-1] INFO  server.RaftServerConfigKeys (ConfUtils.java:logGet(46)) - raft.server.rpc.slowness.timeout = 300s (custom)
2022-09-29 01:23:05,462 [pool-122-thread-1] INFO  server.RaftServerConfigKeys (ConfUtils.java:logGet(46)) - raft.server.leaderelection.leader.step-down.wait-time = 10s (default)
2022-09-29 01:23:05,462 [pool-122-thread-1] INFO  server.RaftServerConfigKeys (ConfUtils.java:logGet(46)) - raft.server.sleep.deviation.threshold = 300ms (default)
2022-09-29 01:23:05,462 [pool-122-thread-1] INFO  server.RaftServer$Division (ServerState.java:<init>(107)) - 574ea199-4fc5-4e12-82c5-94eb8c91283e@group-20810F2C5144: ConfigurationManager, init=-1: [2d6d5b8e-e752-4562-8a63-86fab6cb8fe2|rpc:10.1.1.32:37041|priority:1, 574ea199-4fc5-4e12-82c5-94eb8c91283e|rpc:10.1.1.32:46123|priority:0, 607e46f6-8430-4252-8b38-005d1aa49d3c|rpc:10.1.1.32:41899|priority:0], old=null, confs=<EMPTY_MAP>
2022-09-29 01:23:05,462 [pool-122-thread-1] INFO  server.RaftServerConfigKeys (ConfUtils.java:logGet(46)) - raft.server.storage.dir = [/home/runner/work/ozone/ozone/hadoop-ozone/integration-test/target/test-dir/MiniOzoneClusterImpl-a442e60d-e435-415e-98a9-f45e33772b0d/datanode-0/data/ratis] (custom)
2022-09-29 01:23:05,462 [pool-122-thread-1] INFO  server.RaftServerConfigKeys (ConfUtils.java:logGet(46)) - raft.server.log.corruption.policy = EXCEPTION (default)
2022-09-29 01:23:05,462 [pool-122-thread-1] INFO  server.RaftServerConfigKeys (ConfUtils.java:logGet(46)) - raft.server.storage.free-space.min = 0MB (=0) (default)
2022-09-29 01:23:05,462 [pool-122-thread-1] INFO  storage.RaftStorageDirectory (RaftStorageDirectoryImpl.java:analyzeStorage(135)) - The storage directory /home/runner/work/ozone/ozone/hadoop-ozone/integration-test/target/test-dir/MiniOzoneClusterImpl-a442e60d-e435-415e-98a9-f45e33772b0d/datanode-0/data/ratis/1addb3d2-a2de-4258-9c29-20810f2c5144 does not exist. Creating ...
2022-09-29 01:23:05,464 [pool-122-thread-1] INFO  storage.RaftStorageDirectory (RaftStorageDirectoryImpl.java:tryLock(230)) - Lock on /home/runner/work/ozone/ozone/hadoop-ozone/integration-test/target/test-dir/MiniOzoneClusterImpl-a442e60d-e435-415e-98a9-f45e33772b0d/datanode-0/data/ratis/1addb3d2-a2de-4258-9c29-20810f2c5144/in_use.lock acquired by nodename 41909@fv-az182-579
2022-09-29 01:23:05,467 [pool-122-thread-1] INFO  storage.RaftStorage (RaftStorageImpl.java:format(89)) - Storage directory /home/runner/work/ozone/ozone/hadoop-ozone/integration-test/target/test-dir/MiniOzoneClusterImpl-a442e60d-e435-415e-98a9-f45e33772b0d/datanode-0/data/ratis/1addb3d2-a2de-4258-9c29-20810f2c5144 has been successfully formatted.
2022-09-29 01:23:05,467 [pool-122-thread-1] INFO  ratis.ContainerStateMachine (ContainerStateMachine.java:loadSnapshot(236)) - group-20810F2C5144: The snapshot info is null. Setting the last applied indexto:(t:0, i:~)
2022-09-29 01:23:05,468 [pool-122-thread-1] INFO  server.RaftServerConfigKeys (ConfUtils.java:logGet(46)) - raft.server.notification.no-leader.timeout = 300s (custom)
2022-09-29 01:23:05,468 [pool-122-thread-1] INFO  server.RaftServerConfigKeys (ConfUtils.java:logGet(46)) - raft.server.log.use.memory = false (default)
2022-09-29 01:23:05,468 [pool-122-thread-1] INFO  server.RaftServerConfigKeys (ConfUtils.java:logGet(46)) - raft.server.log.purge.gap = 1000000 (custom)
2022-09-29 01:23:05,468 [pool-122-thread-1] INFO  server.RaftServerConfigKeys (ConfUtils.java:logGet(46)) - raft.server.log.appender.buffer.byte-limit = 33554432 (custom)
2022-09-29 01:23:05,468 [pool-122-thread-1] INFO  server.RaftServerConfigKeys (ConfUtils.java:logGet(46)) - raft.server.log.statemachine.data.read.timeout = 1000ms (default)
2022-09-29 01:23:05,468 [pool-122-thread-1] INFO  server.RaftServerConfigKeys (ConfUtils.java:logGet(46)) - raft.server.log.segment.size.max = 1048576 (custom)
2022-09-29 01:23:05,471 [EventQueue-OpenPipelineForHealthyPipelineSafeModeRule] INFO  safemode.SCMSafeModeManager (HealthyPipelineSafeModeRule.java:process(137)) - SCM in safe mode. Healthy pipelines reported count is 0, required healthy pipeline reported count is 1
2022-09-29 01:23:05,471 [pool-122-thread-1] INFO  server.RaftServerConfigKeys (ConfUtils.java:logGet(46)) - raft.server.log.segment.cache.num.max = 2 (custom)
2022-09-29 01:23:05,471 [pool-122-thread-1] INFO  server.RaftServerConfigKeys (ConfUtils.java:logGet(46)) - raft.server.log.segment.cache.size.max = 200MB (=209715200) (default)
2022-09-29 01:23:05,471 [pool-122-thread-1] INFO  segmented.SegmentedRaftLogWorker (SegmentedRaftLogWorker.java:<init>(187)) - new 574ea199-4fc5-4e12-82c5-94eb8c91283e@group-20810F2C5144-SegmentedRaftLogWorker for RaftStorageImpl:Storage Directory /home/runner/work/ozone/ozone/hadoop-ozone/integration-test/target/test-dir/MiniOzoneClusterImpl-a442e60d-e435-415e-98a9-f45e33772b0d/datanode-0/data/ratis/1addb3d2-a2de-4258-9c29-20810f2c5144
2022-09-29 01:23:05,471 [pool-122-thread-1] INFO  server.RaftServerConfigKeys (ConfUtils.java:logGet(46)) - raft.server.log.queue.byte-limit = 4294967296 (custom)
2022-09-29 01:23:05,471 [pool-122-thread-1] INFO  server.RaftServerConfigKeys (ConfUtils.java:logGet(46)) - raft.server.log.queue.element-limit = 1024 (custom)
2022-09-29 01:23:05,471 [pool-122-thread-1] INFO  server.RaftServerConfigKeys (ConfUtils.java:logGet(46)) - raft.server.log.segment.size.max = 1048576 (custom)
2022-09-29 01:23:05,471 [pool-122-thread-1] INFO  server.RaftServerConfigKeys (ConfUtils.java:logGet(46)) - raft.server.log.preallocated.size = 16384 (custom)
2022-09-29 01:23:05,471 [pool-122-thread-1] INFO  server.RaftServerConfigKeys (ConfUtils.java:logGet(46)) - raft.server.log.force.sync.num = 128 (default)
2022-09-29 01:23:05,471 [pool-122-thread-1] INFO  server.RaftServerConfigKeys (ConfUtils.java:logGet(46)) - raft.server.log.statemachine.data.sync = true (default)
2022-09-29 01:23:05,471 [pool-122-thread-1] INFO  server.RaftServerConfigKeys (ConfUtils.java:logGet(46)) - raft.server.log.statemachine.data.sync.timeout = 10s (default)
2022-09-29 01:23:05,472 [pool-122-thread-1] INFO  server.RaftServerConfigKeys (ConfUtils.java:logGet(46)) - raft.server.log.statemachine.data.sync.timeout.retry = -1 (default)
2022-09-29 01:23:05,472 [pool-122-thread-1] INFO  server.RaftServerConfigKeys (ConfUtils.java:logGet(46)) - raft.server.log.write.buffer.size = 1048576 (custom)
2022-09-29 01:23:05,473 [pool-122-thread-1] INFO  server.RaftServerConfigKeys (ConfUtils.java:logGet(46)) - raft.server.log.unsafe-flush.enabled = false (default)
2022-09-29 01:23:05,473 [pool-122-thread-1] INFO  server.RaftServerConfigKeys (ConfUtils.java:logGet(46)) - raft.server.log.statemachine.data.caching.enabled = true (custom)
2022-09-29 01:23:05,473 [pool-122-thread-1] INFO  segmented.SegmentedRaftLogWorker (SegmentedRaftLogWorker.java:lambda$new$0(135)) - 574ea199-4fc5-4e12-82c5-94eb8c91283e@group-20810F2C5144-SegmentedRaftLogWorker: flushIndex: setUnconditionally 0 -> -1
2022-09-29 01:23:05,473 [pool-122-thread-1] INFO  segmented.SegmentedRaftLogWorker (SegmentedRaftLogWorker.java:lambda$new$0(135)) - 574ea199-4fc5-4e12-82c5-94eb8c91283e@group-20810F2C5144-SegmentedRaftLogWorker: safeCacheEvictIndex: setUnconditionally 0 -> -1
2022-09-29 01:23:05,473 [pool-122-thread-1] INFO  server.RaftServerConfigKeys (ConfUtils.java:logGet(46)) - raft.server.snapshot.auto.trigger.enabled = true (custom)
2022-09-29 01:23:05,473 [pool-122-thread-1] INFO  server.RaftServerConfigKeys (ConfUtils.java:logGet(46)) - raft.server.snapshot.auto.trigger.threshold = 10000 (custom)
2022-09-29 01:23:05,473 [pool-122-thread-1] INFO  server.RaftServerConfigKeys (ConfUtils.java:logGet(46)) - raft.server.snapshot.retention.file.num = 5 (custom)
2022-09-29 01:23:05,473 [pool-122-thread-1] INFO  server.RaftServerConfigKeys (ConfUtils.java:logGet(46)) - raft.server.log.purge.upto.snapshot.index = false (default)
2022-09-29 01:23:05,474 [pool-122-thread-1] INFO  server.RaftServerConfigKeys (ConfUtils.java:logGet(46)) - raft.server.retrycache.expirytime = 600000ms (custom)
2022-09-29 01:23:05,474 [pool-122-thread-1] INFO  server.RaftServerConfigKeys (ConfUtils.java:logGet(46)) - raft.server.retrycache.statistics.expirytime = 100μs (default)
2022-09-29 01:23:05,474 [pool-122-thread-1] INFO  server.RaftServerConfigKeys (ConfUtils.java:logGet(46)) - raft.server.log.appender.install.snapshot.enabled = false (custom)
2022-09-29 01:23:05,474 [pool-122-thread-1] INFO  server.RaftServerConfigKeys (ConfUtils.java:logGet(46)) - raft.server.threadpool.server.cached = true (default)
2022-09-29 01:23:05,474 [pool-122-thread-1] INFO  server.RaftServerConfigKeys (ConfUtils.java:logGet(46)) - raft.server.threadpool.server.size = 0 (default)
2022-09-29 01:23:05,475 [pool-122-thread-1] INFO  server.RaftServerConfigKeys (ConfUtils.java:logGet(46)) - raft.server.threadpool.client.cached = true (default)
2022-09-29 01:23:05,475 [pool-122-thread-1] INFO  server.RaftServerConfigKeys (ConfUtils.java:logGet(46)) - raft.server.threadpool.client.size = 0 (default)
2022-09-29 01:23:05,475 [pool-122-thread-1] INFO  server.RaftServer$Division (RaftServerImpl.java:start(310)) - 574ea199-4fc5-4e12-82c5-94eb8c91283e@group-20810F2C5144: start as a follower, conf=-1: [2d6d5b8e-e752-4562-8a63-86fab6cb8fe2|rpc:10.1.1.32:37041|priority:1, 574ea199-4fc5-4e12-82c5-94eb8c91283e|rpc:10.1.1.32:46123|priority:0, 607e46f6-8430-4252-8b38-005d1aa49d3c|rpc:10.1.1.32:41899|priority:0], old=null
2022-09-29 01:23:05,475 [pool-122-thread-1] INFO  server.RaftServer$Division (RaftServerImpl.java:setRole(299)) - 574ea199-4fc5-4e12-82c5-94eb8c91283e@group-20810F2C5144: changes role from      null to FOLLOWER at term 0 for startAsFollower
2022-09-29 01:23:05,475 [pool-122-thread-1] INFO  impl.RoleInfo (RoleInfo.java:updateAndGet(139)) - 574ea199-4fc5-4e12-82c5-94eb8c91283e: start 574ea199-4fc5-4e12-82c5-94eb8c91283e@group-20810F2C5144-FollowerState
2022-09-29 01:23:05,475 [pool-122-thread-1] INFO  util.JmxRegister (JmxRegister.java:tryRegister(44)) - Successfully registered JMX Bean with object name Ratis:service=RaftServer,group=group-20810F2C5144,id=574ea199-4fc5-4e12-82c5-94eb8c91283e
2022-09-29 01:23:05,480 [Command processor thread] INFO  ratis.XceiverServerRatis (XceiverServerRatis.java:addGroup(765)) - Created group PipelineID=1addb3d2-a2de-4258-9c29-20810f2c5144
2022-09-29 01:23:05,490 [grpc-default-executor-0] INFO  server.RaftServer (RaftServerProxy.java:addNew(96)) - 2d6d5b8e-e752-4562-8a63-86fab6cb8fe2: addNew group-20810F2C5144:[2d6d5b8e-e752-4562-8a63-86fab6cb8fe2|rpc:10.1.1.32:37041|dataStream:|priority:1, 574ea199-4fc5-4e12-82c5-94eb8c91283e|rpc:10.1.1.32:46123|dataStream:|priority:0, 607e46f6-8430-4252-8b38-005d1aa49d3c|rpc:10.1.1.32:41899|dataStream:|priority:0] returns group-20810F2C5144:java.util.concurrent.CompletableFuture@137be927[Not completed]
2022-09-29 01:23:05,491 [pool-168-thread-1] INFO  server.RaftServer$Division (RaftServerImpl.java:<init>(190)) - 2d6d5b8e-e752-4562-8a63-86fab6cb8fe2: new RaftServerImpl for group-20810F2C5144:[2d6d5b8e-e752-4562-8a63-86fab6cb8fe2|rpc:10.1.1.32:37041|dataStream:|priority:1, 574ea199-4fc5-4e12-82c5-94eb8c91283e|rpc:10.1.1.32:46123|dataStream:|priority:0, 607e46f6-8430-4252-8b38-005d1aa49d3c|rpc:10.1.1.32:41899|dataStream:|priority:0] with ContainerStateMachine:uninitialized
2022-09-29 01:23:05,491 [pool-168-thread-1] INFO  server.RaftServerConfigKeys (ConfUtils.java:logGet(46)) - raft.server.rpc.timeout.min = 5s (custom)
2022-09-29 01:23:05,491 [pool-168-thread-1] INFO  server.RaftServerConfigKeys (ConfUtils.java:logGet(46)) - raft.server.rpc.timeout.max = 5200ms (custom)
2022-09-29 01:23:05,491 [pool-168-thread-1] INFO  server.RaftServerConfigKeys (ConfUtils.java:logGet(46)) - raft.server.rpc.sleep.time = 25ms (default)
2022-09-29 01:23:05,491 [pool-168-thread-1] INFO  server.RaftServerConfigKeys (ConfUtils.java:logGet(46)) - raft.server.rpc.slowness.timeout = 300s (custom)
2022-09-29 01:23:05,491 [pool-168-thread-1] INFO  server.RaftServerConfigKeys (ConfUtils.java:logGet(46)) - raft.server.leaderelection.leader.step-down.wait-time = 10s (default)
2022-09-29 01:23:05,491 [pool-168-thread-1] INFO  server.RaftServerConfigKeys (ConfUtils.java:logGet(46)) - raft.server.sleep.deviation.threshold = 300ms (default)
2022-09-29 01:23:05,491 [pool-168-thread-1] INFO  server.RaftServer$Division (ServerState.java:<init>(107)) - 2d6d5b8e-e752-4562-8a63-86fab6cb8fe2@group-20810F2C5144: ConfigurationManager, init=-1: [2d6d5b8e-e752-4562-8a63-86fab6cb8fe2|rpc:10.1.1.32:37041|dataStream:|priority:1, 574ea199-4fc5-4e12-82c5-94eb8c91283e|rpc:10.1.1.32:46123|dataStream:|priority:0, 607e46f6-8430-4252-8b38-005d1aa49d3c|rpc:10.1.1.32:41899|dataStream:|priority:0], old=null, confs=<EMPTY_MAP>
2022-09-29 01:23:05,491 [pool-168-thread-1] INFO  server.RaftServerConfigKeys (ConfUtils.java:logGet(46)) - raft.server.storage.dir = [/home/runner/work/ozone/ozone/hadoop-ozone/integration-test/target/test-dir/MiniOzoneClusterImpl-a442e60d-e435-415e-98a9-f45e33772b0d/datanode-2/data/ratis] (custom)
2022-09-29 01:23:05,491 [pool-168-thread-1] INFO  server.RaftServerConfigKeys (ConfUtils.java:logGet(46)) - raft.server.log.corruption.policy = EXCEPTION (default)
2022-09-29 01:23:05,491 [pool-168-thread-1] INFO  server.RaftServerConfigKeys (ConfUtils.java:logGet(46)) - raft.server.storage.free-space.min = 0MB (=0) (default)
2022-09-29 01:23:05,491 [pool-168-thread-1] INFO  storage.RaftStorageDirectory (RaftStorageDirectoryImpl.java:analyzeStorage(135)) - The storage directory /home/runner/work/ozone/ozone/hadoop-ozone/integration-test/target/test-dir/MiniOzoneClusterImpl-a442e60d-e435-415e-98a9-f45e33772b0d/datanode-2/data/ratis/1addb3d2-a2de-4258-9c29-20810f2c5144 does not exist. Creating ...
2022-09-29 01:23:05,492 [pool-168-thread-1] INFO  storage.RaftStorageDirectory (RaftStorageDirectoryImpl.java:tryLock(230)) - Lock on /home/runner/work/ozone/ozone/hadoop-ozone/integration-test/target/test-dir/MiniOzoneClusterImpl-a442e60d-e435-415e-98a9-f45e33772b0d/datanode-2/data/ratis/1addb3d2-a2de-4258-9c29-20810f2c5144/in_use.lock acquired by nodename 41909@fv-az182-579
2022-09-29 01:23:05,493 [pool-168-thread-1] INFO  storage.RaftStorage (RaftStorageImpl.java:format(89)) - Storage directory /home/runner/work/ozone/ozone/hadoop-ozone/integration-test/target/test-dir/MiniOzoneClusterImpl-a442e60d-e435-415e-98a9-f45e33772b0d/datanode-2/data/ratis/1addb3d2-a2de-4258-9c29-20810f2c5144 has been successfully formatted.
2022-09-29 01:23:05,494 [pool-168-thread-1] INFO  ratis.ContainerStateMachine (ContainerStateMachine.java:loadSnapshot(236)) - group-20810F2C5144: The snapshot info is null. Setting the last applied indexto:(t:0, i:~)
2022-09-29 01:23:05,494 [pool-168-thread-1] INFO  server.RaftServerConfigKeys (ConfUtils.java:logGet(46)) - raft.server.notification.no-leader.timeout = 300s (custom)
2022-09-29 01:23:05,494 [pool-168-thread-1] INFO  server.RaftServerConfigKeys (ConfUtils.java:logGet(46)) - raft.server.log.use.memory = false (default)
2022-09-29 01:23:05,495 [pool-168-thread-1] INFO  server.RaftServerConfigKeys (ConfUtils.java:logGet(46)) - raft.server.log.purge.gap = 1000000 (custom)
2022-09-29 01:23:05,495 [pool-168-thread-1] INFO  server.RaftServerConfigKeys (ConfUtils.java:logGet(46)) - raft.server.log.appender.buffer.byte-limit = 33554432 (custom)
2022-09-29 01:23:05,495 [pool-168-thread-1] INFO  server.RaftServerConfigKeys (ConfUtils.java:logGet(46)) - raft.server.log.statemachine.data.read.timeout = 1000ms (default)
2022-09-29 01:23:05,495 [pool-168-thread-1] INFO  server.RaftServerConfigKeys (ConfUtils.java:logGet(46)) - raft.server.log.segment.size.max = 1048576 (custom)
2022-09-29 01:23:05,495 [pool-168-thread-1] INFO  server.RaftServerConfigKeys (ConfUtils.java:logGet(46)) - raft.server.log.segment.cache.num.max = 2 (custom)
2022-09-29 01:23:05,495 [pool-168-thread-1] INFO  server.RaftServerConfigKeys (ConfUtils.java:logGet(46)) - raft.server.log.segment.cache.size.max = 200MB (=209715200) (default)
2022-09-29 01:23:05,495 [pool-168-thread-1] INFO  segmented.SegmentedRaftLogWorker (SegmentedRaftLogWorker.java:<init>(187)) - new 2d6d5b8e-e752-4562-8a63-86fab6cb8fe2@group-20810F2C5144-SegmentedRaftLogWorker for RaftStorageImpl:Storage Directory /home/runner/work/ozone/ozone/hadoop-ozone/integration-test/target/test-dir/MiniOzoneClusterImpl-a442e60d-e435-415e-98a9-f45e33772b0d/datanode-2/data/ratis/1addb3d2-a2de-4258-9c29-20810f2c5144
2022-09-29 01:23:05,495 [pool-168-thread-1] INFO  server.RaftServerConfigKeys (ConfUtils.java:logGet(46)) - raft.server.log.queue.byte-limit = 4294967296 (custom)
2022-09-29 01:23:05,495 [pool-168-thread-1] INFO  server.RaftServerConfigKeys (ConfUtils.java:logGet(46)) - raft.server.log.queue.element-limit = 1024 (custom)
2022-09-29 01:23:05,495 [pool-168-thread-1] INFO  server.RaftServerConfigKeys (ConfUtils.java:logGet(46)) - raft.server.log.segment.size.max = 1048576 (custom)
2022-09-29 01:23:05,495 [pool-168-thread-1] INFO  server.RaftServerConfigKeys (ConfUtils.java:logGet(46)) - raft.server.log.preallocated.size = 16384 (custom)
2022-09-29 01:23:05,495 [pool-168-thread-1] INFO  server.RaftServerConfigKeys (ConfUtils.java:logGet(46)) - raft.server.log.force.sync.num = 128 (default)
2022-09-29 01:23:05,495 [pool-168-thread-1] INFO  server.RaftServerConfigKeys (ConfUtils.java:logGet(46)) - raft.server.log.statemachine.data.sync = true (default)
2022-09-29 01:23:05,495 [pool-168-thread-1] INFO  server.RaftServerConfigKeys (ConfUtils.java:logGet(46)) - raft.server.log.statemachine.data.sync.timeout = 10s (default)
2022-09-29 01:23:05,495 [pool-168-thread-1] INFO  server.RaftServerConfigKeys (ConfUtils.java:logGet(46)) - raft.server.log.statemachine.data.sync.timeout.retry = -1 (default)
2022-09-29 01:23:05,496 [pool-168-thread-1] INFO  server.RaftServerConfigKeys (ConfUtils.java:logGet(46)) - raft.server.log.write.buffer.size = 1048576 (custom)
2022-09-29 01:23:05,497 [pool-168-thread-1] INFO  server.RaftServerConfigKeys (ConfUtils.java:logGet(46)) - raft.server.log.unsafe-flush.enabled = false (default)
2022-09-29 01:23:05,497 [pool-168-thread-1] INFO  server.RaftServerConfigKeys (ConfUtils.java:logGet(46)) - raft.server.log.statemachine.data.caching.enabled = true (custom)
2022-09-29 01:23:05,497 [pool-168-thread-1] INFO  segmented.SegmentedRaftLogWorker (SegmentedRaftLogWorker.java:lambda$new$0(135)) - 2d6d5b8e-e752-4562-8a63-86fab6cb8fe2@group-20810F2C5144-SegmentedRaftLogWorker: flushIndex: setUnconditionally 0 -> -1
2022-09-29 01:23:05,497 [pool-168-thread-1] INFO  segmented.SegmentedRaftLogWorker (SegmentedRaftLogWorker.java:lambda$new$0(135)) - 2d6d5b8e-e752-4562-8a63-86fab6cb8fe2@group-20810F2C5144-SegmentedRaftLogWorker: safeCacheEvictIndex: setUnconditionally 0 -> -1
2022-09-29 01:23:05,497 [pool-168-thread-1] INFO  server.RaftServerConfigKeys (ConfUtils.java:logGet(46)) - raft.server.snapshot.auto.trigger.enabled = true (custom)
2022-09-29 01:23:05,497 [pool-168-thread-1] INFO  server.RaftServerConfigKeys (ConfUtils.java:logGet(46)) - raft.server.snapshot.auto.trigger.threshold = 10000 (custom)
2022-09-29 01:23:05,497 [pool-168-thread-1] INFO  server.RaftServerConfigKeys (ConfUtils.java:logGet(46)) - raft.server.snapshot.retention.file.num = 5 (custom)
2022-09-29 01:23:05,497 [pool-168-thread-1] INFO  server.RaftServerConfigKeys (ConfUtils.java:logGet(46)) - raft.server.log.purge.upto.snapshot.index = false (default)
2022-09-29 01:23:05,497 [pool-168-thread-1] INFO  server.RaftServerConfigKeys (ConfUtils.java:logGet(46)) - raft.server.retrycache.expirytime = 600000ms (custom)
2022-09-29 01:23:05,497 [pool-168-thread-1] INFO  server.RaftServerConfigKeys (ConfUtils.java:logGet(46)) - raft.server.retrycache.statistics.expirytime = 100μs (default)
2022-09-29 01:23:05,505 [pool-168-thread-1] INFO  server.RaftServerConfigKeys (ConfUtils.java:logGet(46)) - raft.server.log.appender.install.snapshot.enabled = false (custom)
2022-09-29 01:23:05,505 [pool-168-thread-1] INFO  server.RaftServerConfigKeys (ConfUtils.java:logGet(46)) - raft.server.threadpool.server.cached = true (default)
2022-09-29 01:23:05,505 [pool-168-thread-1] INFO  server.RaftServerConfigKeys (ConfUtils.java:logGet(46)) - raft.server.threadpool.server.size = 0 (default)
2022-09-29 01:23:05,505 [pool-168-thread-1] INFO  server.RaftServerConfigKeys (ConfUtils.java:logGet(46)) - raft.server.threadpool.client.cached = true (default)
2022-09-29 01:23:05,505 [pool-168-thread-1] INFO  server.RaftServerConfigKeys (ConfUtils.java:logGet(46)) - raft.server.threadpool.client.size = 0 (default)
2022-09-29 01:23:05,505 [pool-168-thread-1] INFO  server.RaftServer$Division (RaftServerImpl.java:start(310)) - 2d6d5b8e-e752-4562-8a63-86fab6cb8fe2@group-20810F2C5144: start as a follower, conf=-1: [2d6d5b8e-e752-4562-8a63-86fab6cb8fe2|rpc:10.1.1.32:37041|dataStream:|priority:1, 574ea199-4fc5-4e12-82c5-94eb8c91283e|rpc:10.1.1.32:46123|dataStream:|priority:0, 607e46f6-8430-4252-8b38-005d1aa49d3c|rpc:10.1.1.32:41899|dataStream:|priority:0], old=null
2022-09-29 01:23:05,505 [pool-168-thread-1] INFO  server.RaftServer$Division (RaftServerImpl.java:setRole(299)) - 2d6d5b8e-e752-4562-8a63-86fab6cb8fe2@group-20810F2C5144: changes role from      null to FOLLOWER at term 0 for startAsFollower
2022-09-29 01:23:05,505 [pool-168-thread-1] INFO  impl.RoleInfo (RoleInfo.java:updateAndGet(139)) - 2d6d5b8e-e752-4562-8a63-86fab6cb8fe2: start 2d6d5b8e-e752-4562-8a63-86fab6cb8fe2@group-20810F2C5144-FollowerState
2022-09-29 01:23:05,505 [pool-168-thread-1] INFO  util.JmxRegister (JmxRegister.java:tryRegister(44)) - Successfully registered JMX Bean with object name Ratis:service=RaftServer,group=group-20810F2C5144,id=2d6d5b8e-e752-4562-8a63-86fab6cb8fe2
2022-09-29 01:23:05,518 [grpc-default-executor-0] INFO  server.RaftServer (RaftServerProxy.java:addNew(96)) - 607e46f6-8430-4252-8b38-005d1aa49d3c: addNew group-20810F2C5144:[2d6d5b8e-e752-4562-8a63-86fab6cb8fe2|rpc:10.1.1.32:37041|dataStream:|priority:1, 574ea199-4fc5-4e12-82c5-94eb8c91283e|rpc:10.1.1.32:46123|dataStream:|priority:0, 607e46f6-8430-4252-8b38-005d1aa49d3c|rpc:10.1.1.32:41899|dataStream:|priority:0] returns group-20810F2C5144:java.util.concurrent.CompletableFuture@62e3c690[Not completed]
2022-09-29 01:23:05,520 [pool-145-thread-1] INFO  server.RaftServer$Division (RaftServerImpl.java:<init>(190)) - 607e46f6-8430-4252-8b38-005d1aa49d3c: new RaftServerImpl for group-20810F2C5144:[2d6d5b8e-e752-4562-8a63-86fab6cb8fe2|rpc:10.1.1.32:37041|dataStream:|priority:1, 574ea199-4fc5-4e12-82c5-94eb8c91283e|rpc:10.1.1.32:46123|dataStream:|priority:0, 607e46f6-8430-4252-8b38-005d1aa49d3c|rpc:10.1.1.32:41899|dataStream:|priority:0] with ContainerStateMachine:uninitialized
2022-09-29 01:23:05,520 [pool-145-thread-1] INFO  server.RaftServerConfigKeys (ConfUtils.java:logGet(46)) - raft.server.rpc.timeout.min = 5s (custom)
2022-09-29 01:23:05,520 [pool-145-thread-1] INFO  server.RaftServerConfigKeys (ConfUtils.java:logGet(46)) - raft.server.rpc.timeout.max = 5200ms (custom)
2022-09-29 01:23:05,520 [pool-145-thread-1] INFO  server.RaftServerConfigKeys (ConfUtils.java:logGet(46)) - raft.server.rpc.sleep.time = 25ms (default)
2022-09-29 01:23:05,520 [pool-145-thread-1] INFO  server.RaftServerConfigKeys (ConfUtils.java:logGet(46)) - raft.server.rpc.slowness.timeout = 300s (custom)
2022-09-29 01:23:05,520 [pool-145-thread-1] INFO  server.RaftServerConfigKeys (ConfUtils.java:logGet(46)) - raft.server.leaderelection.leader.step-down.wait-time = 10s (default)
2022-09-29 01:23:05,520 [pool-145-thread-1] INFO  server.RaftServerConfigKeys (ConfUtils.java:logGet(46)) - raft.server.sleep.deviation.threshold = 300ms (default)
2022-09-29 01:23:05,520 [pool-145-thread-1] INFO  server.RaftServer$Division (ServerState.java:<init>(107)) - 607e46f6-8430-4252-8b38-005d1aa49d3c@group-20810F2C5144: ConfigurationManager, init=-1: [2d6d5b8e-e752-4562-8a63-86fab6cb8fe2|rpc:10.1.1.32:37041|dataStream:|priority:1, 574ea199-4fc5-4e12-82c5-94eb8c91283e|rpc:10.1.1.32:46123|dataStream:|priority:0, 607e46f6-8430-4252-8b38-005d1aa49d3c|rpc:10.1.1.32:41899|dataStream:|priority:0], old=null, confs=<EMPTY_MAP>
2022-09-29 01:23:05,520 [pool-145-thread-1] INFO  server.RaftServerConfigKeys (ConfUtils.java:logGet(46)) - raft.server.storage.dir = [/home/runner/work/ozone/ozone/hadoop-ozone/integration-test/target/test-dir/MiniOzoneClusterImpl-a442e60d-e435-415e-98a9-f45e33772b0d/datanode-1/data/ratis] (custom)
2022-09-29 01:23:05,520 [pool-145-thread-1] INFO  server.RaftServerConfigKeys (ConfUtils.java:logGet(46)) - raft.server.log.corruption.policy = EXCEPTION (default)
2022-09-29 01:23:05,520 [pool-145-thread-1] INFO  server.RaftServerConfigKeys (ConfUtils.java:logGet(46)) - raft.server.storage.free-space.min = 0MB (=0) (default)
2022-09-29 01:23:05,520 [pool-145-thread-1] INFO  storage.RaftStorageDirectory (RaftStorageDirectoryImpl.java:analyzeStorage(135)) - The storage directory /home/runner/work/ozone/ozone/hadoop-ozone/integration-test/target/test-dir/MiniOzoneClusterImpl-a442e60d-e435-415e-98a9-f45e33772b0d/datanode-1/data/ratis/1addb3d2-a2de-4258-9c29-20810f2c5144 does not exist. Creating ...
2022-09-29 01:23:05,522 [pool-145-thread-1] INFO  storage.RaftStorageDirectory (RaftStorageDirectoryImpl.java:tryLock(230)) - Lock on /home/runner/work/ozone/ozone/hadoop-ozone/integration-test/target/test-dir/MiniOzoneClusterImpl-a442e60d-e435-415e-98a9-f45e33772b0d/datanode-1/data/ratis/1addb3d2-a2de-4258-9c29-20810f2c5144/in_use.lock acquired by nodename 41909@fv-az182-579
2022-09-29 01:23:05,523 [pool-145-thread-1] INFO  storage.RaftStorage (RaftStorageImpl.java:format(89)) - Storage directory /home/runner/work/ozone/ozone/hadoop-ozone/integration-test/target/test-dir/MiniOzoneClusterImpl-a442e60d-e435-415e-98a9-f45e33772b0d/datanode-1/data/ratis/1addb3d2-a2de-4258-9c29-20810f2c5144 has been successfully formatted.
2022-09-29 01:23:05,524 [pool-145-thread-1] INFO  ratis.ContainerStateMachine (ContainerStateMachine.java:loadSnapshot(236)) - group-20810F2C5144: The snapshot info is null. Setting the last applied indexto:(t:0, i:~)
2022-09-29 01:23:05,524 [pool-145-thread-1] INFO  server.RaftServerConfigKeys (ConfUtils.java:logGet(46)) - raft.server.notification.no-leader.timeout = 300s (custom)
2022-09-29 01:23:05,525 [pool-145-thread-1] INFO  server.RaftServerConfigKeys (ConfUtils.java:logGet(46)) - raft.server.log.use.memory = false (default)
2022-09-29 01:23:05,525 [pool-145-thread-1] INFO  server.RaftServerConfigKeys (ConfUtils.java:logGet(46)) - raft.server.log.purge.gap = 1000000 (custom)
2022-09-29 01:23:05,525 [pool-145-thread-1] INFO  server.RaftServerConfigKeys (ConfUtils.java:logGet(46)) - raft.server.log.appender.buffer.byte-limit = 33554432 (custom)
2022-09-29 01:23:05,525 [pool-145-thread-1] INFO  server.RaftServerConfigKeys (ConfUtils.java:logGet(46)) - raft.server.log.statemachine.data.read.timeout = 1000ms (default)
2022-09-29 01:23:05,525 [pool-145-thread-1] INFO  server.RaftServerConfigKeys (ConfUtils.java:logGet(46)) - raft.server.log.segment.size.max = 1048576 (custom)
2022-09-29 01:23:05,525 [pool-145-thread-1] INFO  server.RaftServerConfigKeys (ConfUtils.java:logGet(46)) - raft.server.log.segment.cache.num.max = 2 (custom)
2022-09-29 01:23:05,525 [pool-145-thread-1] INFO  server.RaftServerConfigKeys (ConfUtils.java:logGet(46)) - raft.server.log.segment.cache.size.max = 200MB (=209715200) (default)
2022-09-29 01:23:05,525 [pool-145-thread-1] INFO  segmented.SegmentedRaftLogWorker (SegmentedRaftLogWorker.java:<init>(187)) - new 607e46f6-8430-4252-8b38-005d1aa49d3c@group-20810F2C5144-SegmentedRaftLogWorker for RaftStorageImpl:Storage Directory /home/runner/work/ozone/ozone/hadoop-ozone/integration-test/target/test-dir/MiniOzoneClusterImpl-a442e60d-e435-415e-98a9-f45e33772b0d/datanode-1/data/ratis/1addb3d2-a2de-4258-9c29-20810f2c5144
2022-09-29 01:23:05,525 [pool-145-thread-1] INFO  server.RaftServerConfigKeys (ConfUtils.java:logGet(46)) - raft.server.log.queue.byte-limit = 4294967296 (custom)
2022-09-29 01:23:05,525 [pool-145-thread-1] INFO  server.RaftServerConfigKeys (ConfUtils.java:logGet(46)) - raft.server.log.queue.element-limit = 1024 (custom)
2022-09-29 01:23:05,525 [pool-145-thread-1] INFO  server.RaftServerConfigKeys (ConfUtils.java:logGet(46)) - raft.server.log.segment.size.max = 1048576 (custom)
2022-09-29 01:23:05,525 [pool-145-thread-1] INFO  server.RaftServerConfigKeys (ConfUtils.java:logGet(46)) - raft.server.log.preallocated.size = 16384 (custom)
2022-09-29 01:23:05,525 [pool-145-thread-1] INFO  server.RaftServerConfigKeys (ConfUtils.java:logGet(46)) - raft.server.log.force.sync.num = 128 (default)
2022-09-29 01:23:05,525 [pool-145-thread-1] INFO  server.RaftServerConfigKeys (ConfUtils.java:logGet(46)) - raft.server.log.statemachine.data.sync = true (default)
2022-09-29 01:23:05,525 [pool-145-thread-1] INFO  server.RaftServerConfigKeys (ConfUtils.java:logGet(46)) - raft.server.log.statemachine.data.sync.timeout = 10s (default)
2022-09-29 01:23:05,526 [pool-145-thread-1] INFO  server.RaftServerConfigKeys (ConfUtils.java:logGet(46)) - raft.server.log.statemachine.data.sync.timeout.retry = -1 (default)
2022-09-29 01:23:05,526 [pool-145-thread-1] INFO  server.RaftServerConfigKeys (ConfUtils.java:logGet(46)) - raft.server.log.write.buffer.size = 1048576 (custom)
2022-09-29 01:23:05,527 [pool-145-thread-1] INFO  server.RaftServerConfigKeys (ConfUtils.java:logGet(46)) - raft.server.log.unsafe-flush.enabled = false (default)
2022-09-29 01:23:05,527 [pool-145-thread-1] INFO  server.RaftServerConfigKeys (ConfUtils.java:logGet(46)) - raft.server.log.statemachine.data.caching.enabled = true (custom)
2022-09-29 01:23:05,527 [pool-145-thread-1] INFO  segmented.SegmentedRaftLogWorker (SegmentedRaftLogWorker.java:lambda$new$0(135)) - 607e46f6-8430-4252-8b38-005d1aa49d3c@group-20810F2C5144-SegmentedRaftLogWorker: flushIndex: setUnconditionally 0 -> -1
2022-09-29 01:23:05,527 [pool-145-thread-1] INFO  segmented.SegmentedRaftLogWorker (SegmentedRaftLogWorker.java:lambda$new$0(135)) - 607e46f6-8430-4252-8b38-005d1aa49d3c@group-20810F2C5144-SegmentedRaftLogWorker: safeCacheEvictIndex: setUnconditionally 0 -> -1
2022-09-29 01:23:05,528 [pool-145-thread-1] INFO  server.RaftServerConfigKeys (ConfUtils.java:logGet(46)) - raft.server.snapshot.auto.trigger.enabled = true (custom)
2022-09-29 01:23:05,528 [pool-145-thread-1] INFO  server.RaftServerConfigKeys (ConfUtils.java:logGet(46)) - raft.server.snapshot.auto.trigger.threshold = 10000 (custom)
2022-09-29 01:23:05,528 [pool-145-thread-1] INFO  server.RaftServerConfigKeys (ConfUtils.java:logGet(46)) - raft.server.snapshot.retention.file.num = 5 (custom)
2022-09-29 01:23:05,528 [pool-145-thread-1] INFO  server.RaftServerConfigKeys (ConfUtils.java:logGet(46)) - raft.server.log.purge.upto.snapshot.index = false (default)
2022-09-29 01:23:05,528 [pool-145-thread-1] INFO  server.RaftServerConfigKeys (ConfUtils.java:logGet(46)) - raft.server.retrycache.expirytime = 600000ms (custom)
2022-09-29 01:23:05,528 [pool-145-thread-1] INFO  server.RaftServerConfigKeys (ConfUtils.java:logGet(46)) - raft.server.retrycache.statistics.expirytime = 100μs (default)
2022-09-29 01:23:05,529 [pool-145-thread-1] INFO  server.RaftServerConfigKeys (ConfUtils.java:logGet(46)) - raft.server.log.appender.install.snapshot.enabled = false (custom)
2022-09-29 01:23:05,529 [pool-145-thread-1] INFO  server.RaftServerConfigKeys (ConfUtils.java:logGet(46)) - raft.server.threadpool.server.cached = true (default)
2022-09-29 01:23:05,529 [pool-145-thread-1] INFO  server.RaftServerConfigKeys (ConfUtils.java:logGet(46)) - raft.server.threadpool.server.size = 0 (default)
2022-09-29 01:23:05,529 [pool-145-thread-1] INFO  server.RaftServerConfigKeys (ConfUtils.java:logGet(46)) - raft.server.threadpool.client.cached = true (default)
2022-09-29 01:23:05,529 [pool-145-thread-1] INFO  server.RaftServerConfigKeys (ConfUtils.java:logGet(46)) - raft.server.threadpool.client.size = 0 (default)
2022-09-29 01:23:05,529 [pool-145-thread-1] INFO  server.RaftServer$Division (RaftServerImpl.java:start(310)) - 607e46f6-8430-4252-8b38-005d1aa49d3c@group-20810F2C5144: start as a follower, conf=-1: [2d6d5b8e-e752-4562-8a63-86fab6cb8fe2|rpc:10.1.1.32:37041|dataStream:|priority:1, 574ea199-4fc5-4e12-82c5-94eb8c91283e|rpc:10.1.1.32:46123|dataStream:|priority:0, 607e46f6-8430-4252-8b38-005d1aa49d3c|rpc:10.1.1.32:41899|dataStream:|priority:0], old=null
2022-09-29 01:23:05,529 [pool-145-thread-1] INFO  server.RaftServer$Division (RaftServerImpl.java:setRole(299)) - 607e46f6-8430-4252-8b38-005d1aa49d3c@group-20810F2C5144: changes role from      null to FOLLOWER at term 0 for startAsFollower
2022-09-29 01:23:05,529 [pool-145-thread-1] INFO  impl.RoleInfo (RoleInfo.java:updateAndGet(139)) - 607e46f6-8430-4252-8b38-005d1aa49d3c: start 607e46f6-8430-4252-8b38-005d1aa49d3c@group-20810F2C5144-FollowerState
2022-09-29 01:23:05,530 [pool-145-thread-1] INFO  util.JmxRegister (JmxRegister.java:tryRegister(44)) - Successfully registered JMX Bean with object name Ratis:service=RaftServer,group=group-20810F2C5144,id=607e46f6-8430-4252-8b38-005d1aa49d3c
2022-09-29 01:23:05,535 [Command processor thread] INFO  commandhandler.CreatePipelineCommandHandler (CreatePipelineCommandHandler.java:handle(113)) - Created Pipeline RATIS THREE PipelineID=1addb3d2-a2de-4258-9c29-20810f2c5144.
2022-09-29 01:23:05,764 [Command processor thread] INFO  server.RaftServer (RaftServerProxy.java:addNew(96)) - 607e46f6-8430-4252-8b38-005d1aa49d3c: addNew group-5A7D209CC613:[607e46f6-8430-4252-8b38-005d1aa49d3c|rpc:10.1.1.32:41899|priority:1] returns group-5A7D209CC613:java.util.concurrent.CompletableFuture@3105f7b4[Not completed]
2022-09-29 01:23:05,766 [pool-145-thread-1] INFO  server.RaftServer$Division (RaftServerImpl.java:<init>(190)) - 607e46f6-8430-4252-8b38-005d1aa49d3c: new RaftServerImpl for group-5A7D209CC613:[607e46f6-8430-4252-8b38-005d1aa49d3c|rpc:10.1.1.32:41899|priority:1] with ContainerStateMachine:uninitialized
2022-09-29 01:23:05,766 [pool-145-thread-1] INFO  server.RaftServerConfigKeys (ConfUtils.java:logGet(46)) - raft.server.rpc.timeout.min = 5s (custom)
2022-09-29 01:23:05,766 [pool-145-thread-1] INFO  server.RaftServerConfigKeys (ConfUtils.java:logGet(46)) - raft.server.rpc.timeout.max = 5200ms (custom)
2022-09-29 01:23:05,767 [pool-145-thread-1] INFO  server.RaftServerConfigKeys (ConfUtils.java:logGet(46)) - raft.server.rpc.sleep.time = 25ms (default)
2022-09-29 01:23:05,767 [pool-145-thread-1] INFO  server.RaftServerConfigKeys (ConfUtils.java:logGet(46)) - raft.server.rpc.slowness.timeout = 300s (custom)
2022-09-29 01:23:05,767 [pool-145-thread-1] INFO  server.RaftServerConfigKeys (ConfUtils.java:logGet(46)) - raft.server.leaderelection.leader.step-down.wait-time = 10s (default)
2022-09-29 01:23:05,767 [pool-145-thread-1] INFO  server.RaftServerConfigKeys (ConfUtils.java:logGet(46)) - raft.server.sleep.deviation.threshold = 300ms (default)
2022-09-29 01:23:05,767 [pool-145-thread-1] INFO  server.RaftServer$Division (ServerState.java:<init>(107)) - 607e46f6-8430-4252-8b38-005d1aa49d3c@group-5A7D209CC613: ConfigurationManager, init=-1: [607e46f6-8430-4252-8b38-005d1aa49d3c|rpc:10.1.1.32:41899|priority:1], old=null, confs=<EMPTY_MAP>
2022-09-29 01:23:05,767 [pool-145-thread-1] INFO  server.RaftServerConfigKeys (ConfUtils.java:logGet(46)) - raft.server.storage.dir = [/home/runner/work/ozone/ozone/hadoop-ozone/integration-test/target/test-dir/MiniOzoneClusterImpl-a442e60d-e435-415e-98a9-f45e33772b0d/datanode-1/data/ratis] (custom)
2022-09-29 01:23:05,767 [pool-145-thread-1] INFO  server.RaftServerConfigKeys (ConfUtils.java:logGet(46)) - raft.server.log.corruption.policy = EXCEPTION (default)
2022-09-29 01:23:05,767 [pool-145-thread-1] INFO  server.RaftServerConfigKeys (ConfUtils.java:logGet(46)) - raft.server.storage.free-space.min = 0MB (=0) (default)
2022-09-29 01:23:05,767 [pool-145-thread-1] INFO  storage.RaftStorageDirectory (RaftStorageDirectoryImpl.java:analyzeStorage(135)) - The storage directory /home/runner/work/ozone/ozone/hadoop-ozone/integration-test/target/test-dir/MiniOzoneClusterImpl-a442e60d-e435-415e-98a9-f45e33772b0d/datanode-1/data/ratis/2b5bec3a-9efc-4676-a043-5a7d209cc613 does not exist. Creating ...
2022-09-29 01:23:05,768 [pool-145-thread-1] INFO  storage.RaftStorageDirectory (RaftStorageDirectoryImpl.java:tryLock(230)) - Lock on /home/runner/work/ozone/ozone/hadoop-ozone/integration-test/target/test-dir/MiniOzoneClusterImpl-a442e60d-e435-415e-98a9-f45e33772b0d/datanode-1/data/ratis/2b5bec3a-9efc-4676-a043-5a7d209cc613/in_use.lock acquired by nodename 41909@fv-az182-579
2022-09-29 01:23:05,770 [pool-145-thread-1] INFO  storage.RaftStorage (RaftStorageImpl.java:format(89)) - Storage directory /home/runner/work/ozone/ozone/hadoop-ozone/integration-test/target/test-dir/MiniOzoneClusterImpl-a442e60d-e435-415e-98a9-f45e33772b0d/datanode-1/data/ratis/2b5bec3a-9efc-4676-a043-5a7d209cc613 has been successfully formatted.
2022-09-29 01:23:05,772 [pool-145-thread-1] INFO  ratis.ContainerStateMachine (ContainerStateMachine.java:loadSnapshot(236)) - group-5A7D209CC613: The snapshot info is null. Setting the last applied indexto:(t:0, i:~)
2022-09-29 01:23:05,772 [pool-145-thread-1] INFO  server.RaftServerConfigKeys (ConfUtils.java:logGet(46)) - raft.server.notification.no-leader.timeout = 300s (custom)
2022-09-29 01:23:05,773 [pool-145-thread-1] INFO  server.RaftServerConfigKeys (ConfUtils.java:logGet(46)) - raft.server.log.use.memory = false (default)
2022-09-29 01:23:05,773 [pool-145-thread-1] INFO  server.RaftServerConfigKeys (ConfUtils.java:logGet(46)) - raft.server.log.purge.gap = 1000000 (custom)
2022-09-29 01:23:05,773 [pool-145-thread-1] INFO  server.RaftServerConfigKeys (ConfUtils.java:logGet(46)) - raft.server.log.appender.buffer.byte-limit = 33554432 (custom)
2022-09-29 01:23:05,773 [pool-145-thread-1] INFO  server.RaftServerConfigKeys (ConfUtils.java:logGet(46)) - raft.server.log.statemachine.data.read.timeout = 1000ms (default)
2022-09-29 01:23:05,773 [pool-145-thread-1] INFO  server.RaftServerConfigKeys (ConfUtils.java:logGet(46)) - raft.server.log.segment.size.max = 1048576 (custom)
2022-09-29 01:23:05,773 [pool-145-thread-1] INFO  server.RaftServerConfigKeys (ConfUtils.java:logGet(46)) - raft.server.log.segment.cache.num.max = 2 (custom)
2022-09-29 01:23:05,773 [pool-145-thread-1] INFO  server.RaftServerConfigKeys (ConfUtils.java:logGet(46)) - raft.server.log.segment.cache.size.max = 200MB (=209715200) (default)
2022-09-29 01:23:05,773 [pool-145-thread-1] INFO  segmented.SegmentedRaftLogWorker (SegmentedRaftLogWorker.java:<init>(187)) - new 607e46f6-8430-4252-8b38-005d1aa49d3c@group-5A7D209CC613-SegmentedRaftLogWorker for RaftStorageImpl:Storage Directory /home/runner/work/ozone/ozone/hadoop-ozone/integration-test/target/test-dir/MiniOzoneClusterImpl-a442e60d-e435-415e-98a9-f45e33772b0d/datanode-1/data/ratis/2b5bec3a-9efc-4676-a043-5a7d209cc613
2022-09-29 01:23:05,773 [pool-145-thread-1] INFO  server.RaftServerConfigKeys (ConfUtils.java:logGet(46)) - raft.server.log.queue.byte-limit = 4294967296 (custom)
2022-09-29 01:23:05,773 [pool-145-thread-1] INFO  server.RaftServerConfigKeys (ConfUtils.java:logGet(46)) - raft.server.log.queue.element-limit = 1024 (custom)
2022-09-29 01:23:05,773 [EventQueue-PipelineReportForPipelineReportHandler] INFO  pipeline.PipelineManagerImpl (PipelineManagerImpl.java:openPipeline(367)) - Pipeline Pipeline[ Id: 2b5bec3a-9efc-4676-a043-5a7d209cc613, Nodes: 607e46f6-8430-4252-8b38-005d1aa49d3c{ip: 10.1.1.32, host: fv-az182-579.xlcsutvm5t3ellfcnbcbis3udb.bx.internal.cloudapp.net, ports: [REPLICATION=45993, RATIS=41899, RATIS_ADMIN=41899, RATIS_SERVER=41899, STANDALONE=40675], networkLocation: /default-rack, certSerialId: null, persistedOpState: IN_SERVICE, persistedOpStateExpiryEpochSec: 0}, ReplicationConfig: RATIS/ONE, State:ALLOCATED, leaderId:607e46f6-8430-4252-8b38-005d1aa49d3c, CreationTimestamp2022-09-29T01:23:02.768Z[Etc/UTC]] moved to OPEN state
2022-09-29 01:23:05,773 [pool-145-thread-1] INFO  server.RaftServerConfigKeys (ConfUtils.java:logGet(46)) - raft.server.log.segment.size.max = 1048576 (custom)
2022-09-29 01:23:05,774 [pool-145-thread-1] INFO  server.RaftServerConfigKeys (ConfUtils.java:logGet(46)) - raft.server.log.preallocated.size = 16384 (custom)
2022-09-29 01:23:05,774 [pool-145-thread-1] INFO  server.RaftServerConfigKeys (ConfUtils.java:logGet(46)) - raft.server.log.force.sync.num = 128 (default)
2022-09-29 01:23:05,776 [pool-145-thread-1] INFO  server.RaftServerConfigKeys (ConfUtils.java:logGet(46)) - raft.server.log.statemachine.data.sync = true (default)
2022-09-29 01:23:05,776 [pool-145-thread-1] INFO  server.RaftServerConfigKeys (ConfUtils.java:logGet(46)) - raft.server.log.statemachine.data.sync.timeout = 10s (default)
2022-09-29 01:23:05,776 [pool-145-thread-1] INFO  server.RaftServerConfigKeys (ConfUtils.java:logGet(46)) - raft.server.log.statemachine.data.sync.timeout.retry = -1 (default)
2022-09-29 01:23:05,776 [pool-145-thread-1] INFO  server.RaftServerConfigKeys (ConfUtils.java:logGet(46)) - raft.server.log.write.buffer.size = 1048576 (custom)
2022-09-29 01:23:05,777 [pool-145-thread-1] INFO  server.RaftServerConfigKeys (ConfUtils.java:logGet(46)) - raft.server.log.unsafe-flush.enabled = false (default)
2022-09-29 01:23:05,777 [pool-145-thread-1] INFO  server.RaftServerConfigKeys (ConfUtils.java:logGet(46)) - raft.server.log.statemachine.data.caching.enabled = true (custom)
2022-09-29 01:23:05,774 [EventQueue-OpenPipelineForHealthyPipelineSafeModeRule] INFO  safemode.SCMSafeModeManager (HealthyPipelineSafeModeRule.java:process(137)) - SCM in safe mode. Healthy pipelines reported count is 0, required healthy pipeline reported count is 1
2022-09-29 01:23:05,777 [pool-145-thread-1] INFO  segmented.SegmentedRaftLogWorker (SegmentedRaftLogWorker.java:lambda$new$0(135)) - 607e46f6-8430-4252-8b38-005d1aa49d3c@group-5A7D209CC613-SegmentedRaftLogWorker: flushIndex: setUnconditionally 0 -> -1
2022-09-29 01:23:05,778 [pool-145-thread-1] INFO  segmented.SegmentedRaftLogWorker (SegmentedRaftLogWorker.java:lambda$new$0(135)) - 607e46f6-8430-4252-8b38-005d1aa49d3c@group-5A7D209CC613-SegmentedRaftLogWorker: safeCacheEvictIndex: setUnconditionally 0 -> -1
2022-09-29 01:23:05,778 [pool-145-thread-1] INFO  server.RaftServerConfigKeys (ConfUtils.java:logGet(46)) - raft.server.snapshot.auto.trigger.enabled = true (custom)
2022-09-29 01:23:05,779 [pool-145-thread-1] INFO  server.RaftServerConfigKeys (ConfUtils.java:logGet(46)) - raft.server.snapshot.auto.trigger.threshold = 10000 (custom)
2022-09-29 01:23:05,779 [pool-145-thread-1] INFO  server.RaftServerConfigKeys (ConfUtils.java:logGet(46)) - raft.server.snapshot.retention.file.num = 5 (custom)
2022-09-29 01:23:05,779 [pool-145-thread-1] INFO  server.RaftServerConfigKeys (ConfUtils.java:logGet(46)) - raft.server.log.purge.upto.snapshot.index = false (default)
2022-09-29 01:23:05,779 [pool-145-thread-1] INFO  server.RaftServerConfigKeys (ConfUtils.java:logGet(46)) - raft.server.retrycache.expirytime = 600000ms (custom)
2022-09-29 01:23:05,779 [pool-145-thread-1] INFO  server.RaftServerConfigKeys (ConfUtils.java:logGet(46)) - raft.server.retrycache.statistics.expirytime = 100μs (default)
2022-09-29 01:23:05,780 [pool-145-thread-1] INFO  server.RaftServerConfigKeys (ConfUtils.java:logGet(46)) - raft.server.log.appender.install.snapshot.enabled = false (custom)
2022-09-29 01:23:05,780 [pool-145-thread-1] INFO  server.RaftServerConfigKeys (ConfUtils.java:logGet(46)) - raft.server.threadpool.server.cached = true (default)
2022-09-29 01:23:05,780 [pool-145-thread-1] INFO  server.RaftServerConfigKeys (ConfUtils.java:logGet(46)) - raft.server.threadpool.server.size = 0 (default)
2022-09-29 01:23:05,780 [pool-145-thread-1] INFO  server.RaftServerConfigKeys (ConfUtils.java:logGet(46)) - raft.server.threadpool.client.cached = true (default)
2022-09-29 01:23:05,780 [pool-145-thread-1] INFO  server.RaftServerConfigKeys (ConfUtils.java:logGet(46)) - raft.server.threadpool.client.size = 0 (default)
2022-09-29 01:23:05,780 [pool-145-thread-1] INFO  server.RaftServer$Division (RaftServerImpl.java:start(310)) - 607e46f6-8430-4252-8b38-005d1aa49d3c@group-5A7D209CC613: start as a follower, conf=-1: [607e46f6-8430-4252-8b38-005d1aa49d3c|rpc:10.1.1.32:41899|priority:1], old=null
2022-09-29 01:23:05,780 [pool-145-thread-1] INFO  server.RaftServer$Division (RaftServerImpl.java:setRole(299)) - 607e46f6-8430-4252-8b38-005d1aa49d3c@group-5A7D209CC613: changes role from      null to FOLLOWER at term 0 for startAsFollower
2022-09-29 01:23:05,780 [pool-145-thread-1] INFO  impl.RoleInfo (RoleInfo.java:updateAndGet(139)) - 607e46f6-8430-4252-8b38-005d1aa49d3c: start 607e46f6-8430-4252-8b38-005d1aa49d3c@group-5A7D209CC613-FollowerState
2022-09-29 01:23:05,781 [pool-145-thread-1] INFO  util.JmxRegister (JmxRegister.java:tryRegister(44)) - Successfully registered JMX Bean with object name Ratis:service=RaftServer,group=group-5A7D209CC613,id=607e46f6-8430-4252-8b38-005d1aa49d3c
2022-09-29 01:23:05,781 [Command processor thread] INFO  ratis.XceiverServerRatis (XceiverServerRatis.java:addGroup(765)) - Created group PipelineID=2b5bec3a-9efc-4676-a043-5a7d209cc613
2022-09-29 01:23:05,781 [Command processor thread] INFO  commandhandler.CreatePipelineCommandHandler (CreatePipelineCommandHandler.java:handle(113)) - Created Pipeline RATIS ONE PipelineID=2b5bec3a-9efc-4676-a043-5a7d209cc613.
2022-09-29 01:23:06,079 [Command processor thread] INFO  server.RaftServer (RaftServerProxy.java:addNew(96)) - 2d6d5b8e-e752-4562-8a63-86fab6cb8fe2: addNew group-FCDA62EE7B01:[2d6d5b8e-e752-4562-8a63-86fab6cb8fe2|rpc:10.1.1.32:37041|priority:1] returns group-FCDA62EE7B01:java.util.concurrent.CompletableFuture@182b75b3[Not completed]
2022-09-29 01:23:06,080 [pool-168-thread-1] INFO  server.RaftServer$Division (RaftServerImpl.java:<init>(190)) - 2d6d5b8e-e752-4562-8a63-86fab6cb8fe2: new RaftServerImpl for group-FCDA62EE7B01:[2d6d5b8e-e752-4562-8a63-86fab6cb8fe2|rpc:10.1.1.32:37041|priority:1] with ContainerStateMachine:uninitialized
2022-09-29 01:23:06,080 [pool-168-thread-1] INFO  server.RaftServerConfigKeys (ConfUtils.java:logGet(46)) - raft.server.rpc.timeout.min = 5s (custom)
2022-09-29 01:23:06,080 [pool-168-thread-1] INFO  server.RaftServerConfigKeys (ConfUtils.java:logGet(46)) - raft.server.rpc.timeout.max = 5200ms (custom)
2022-09-29 01:23:06,081 [pool-168-thread-1] INFO  server.RaftServerConfigKeys (ConfUtils.java:logGet(46)) - raft.server.rpc.sleep.time = 25ms (default)
2022-09-29 01:23:06,081 [pool-168-thread-1] INFO  server.RaftServerConfigKeys (ConfUtils.java:logGet(46)) - raft.server.rpc.slowness.timeout = 300s (custom)
2022-09-29 01:23:06,081 [pool-168-thread-1] INFO  server.RaftServerConfigKeys (ConfUtils.java:logGet(46)) - raft.server.leaderelection.leader.step-down.wait-time = 10s (default)
2022-09-29 01:23:06,081 [pool-168-thread-1] INFO  server.RaftServerConfigKeys (ConfUtils.java:logGet(46)) - raft.server.sleep.deviation.threshold = 300ms (default)
2022-09-29 01:23:06,081 [pool-168-thread-1] INFO  server.RaftServer$Division (ServerState.java:<init>(107)) - 2d6d5b8e-e752-4562-8a63-86fab6cb8fe2@group-FCDA62EE7B01: ConfigurationManager, init=-1: [2d6d5b8e-e752-4562-8a63-86fab6cb8fe2|rpc:10.1.1.32:37041|priority:1], old=null, confs=<EMPTY_MAP>
2022-09-29 01:23:06,081 [pool-168-thread-1] INFO  server.RaftServerConfigKeys (ConfUtils.java:logGet(46)) - raft.server.storage.dir = [/home/runner/work/ozone/ozone/hadoop-ozone/integration-test/target/test-dir/MiniOzoneClusterImpl-a442e60d-e435-415e-98a9-f45e33772b0d/datanode-2/data/ratis] (custom)
2022-09-29 01:23:06,081 [pool-168-thread-1] INFO  server.RaftServerConfigKeys (ConfUtils.java:logGet(46)) - raft.server.log.corruption.policy = EXCEPTION (default)
2022-09-29 01:23:06,081 [pool-168-thread-1] INFO  server.RaftServerConfigKeys (ConfUtils.java:logGet(46)) - raft.server.storage.free-space.min = 0MB (=0) (default)
2022-09-29 01:23:06,081 [pool-168-thread-1] INFO  storage.RaftStorageDirectory (RaftStorageDirectoryImpl.java:analyzeStorage(135)) - The storage directory /home/runner/work/ozone/ozone/hadoop-ozone/integration-test/target/test-dir/MiniOzoneClusterImpl-a442e60d-e435-415e-98a9-f45e33772b0d/datanode-2/data/ratis/b3b00d9c-da31-4e21-99da-fcda62ee7b01 does not exist. Creating ...
2022-09-29 01:23:06,082 [pool-168-thread-1] INFO  storage.RaftStorageDirectory (RaftStorageDirectoryImpl.java:tryLock(230)) - Lock on /home/runner/work/ozone/ozone/hadoop-ozone/integration-test/target/test-dir/MiniOzoneClusterImpl-a442e60d-e435-415e-98a9-f45e33772b0d/datanode-2/data/ratis/b3b00d9c-da31-4e21-99da-fcda62ee7b01/in_use.lock acquired by nodename 41909@fv-az182-579
2022-09-29 01:23:06,083 [Listener at 127.0.0.1/46485] INFO  ozone.MiniOzoneClusterImpl (MiniOzoneClusterImpl.java:lambda$waitForClusterToBeReady$0(216)) - Nodes are ready. Got 3 of 3 DN Heartbeats.
2022-09-29 01:23:06,084 [Listener at 127.0.0.1/46485] INFO  ozone.MiniOzoneClusterImpl (MiniOzoneClusterImpl.java:lambda$waitForClusterToBeReady$0(219)) - Waiting for cluster to exit safe mode
2022-09-29 01:23:06,084 [Listener at 127.0.0.1/46485] INFO  ozone.MiniOzoneClusterImpl (MiniOzoneClusterImpl.java:lambda$waitForClusterToBeReady$0(221)) - SCM became leader
2022-09-29 01:23:06,084 [pool-168-thread-1] INFO  storage.RaftStorage (RaftStorageImpl.java:format(89)) - Storage directory /home/runner/work/ozone/ozone/hadoop-ozone/integration-test/target/test-dir/MiniOzoneClusterImpl-a442e60d-e435-415e-98a9-f45e33772b0d/datanode-2/data/ratis/b3b00d9c-da31-4e21-99da-fcda62ee7b01 has been successfully formatted.
2022-09-29 01:23:06,085 [pool-168-thread-1] INFO  ratis.ContainerStateMachine (ContainerStateMachine.java:loadSnapshot(236)) - group-FCDA62EE7B01: The snapshot info is null. Setting the last applied indexto:(t:0, i:~)
2022-09-29 01:23:06,085 [pool-168-thread-1] INFO  server.RaftServerConfigKeys (ConfUtils.java:logGet(46)) - raft.server.notification.no-leader.timeout = 300s (custom)
2022-09-29 01:23:06,085 [pool-168-thread-1] INFO  server.RaftServerConfigKeys (ConfUtils.java:logGet(46)) - raft.server.log.use.memory = false (default)
2022-09-29 01:23:06,085 [pool-168-thread-1] INFO  server.RaftServerConfigKeys (ConfUtils.java:logGet(46)) - raft.server.log.purge.gap = 1000000 (custom)
2022-09-29 01:23:06,085 [pool-168-thread-1] INFO  server.RaftServerConfigKeys (ConfUtils.java:logGet(46)) - raft.server.log.appender.buffer.byte-limit = 33554432 (custom)
2022-09-29 01:23:06,085 [pool-168-thread-1] INFO  server.RaftServerConfigKeys (ConfUtils.java:logGet(46)) - raft.server.log.statemachine.data.read.timeout = 1000ms (default)
2022-09-29 01:23:06,085 [pool-168-thread-1] INFO  server.RaftServerConfigKeys (ConfUtils.java:logGet(46)) - raft.server.log.segment.size.max = 1048576 (custom)
2022-09-29 01:23:06,087 [pool-168-thread-1] INFO  server.RaftServerConfigKeys (ConfUtils.java:logGet(46)) - raft.server.log.segment.cache.num.max = 2 (custom)
2022-09-29 01:23:06,087 [pool-168-thread-1] INFO  server.RaftServerConfigKeys (ConfUtils.java:logGet(46)) - raft.server.log.segment.cache.size.max = 200MB (=209715200) (default)
2022-09-29 01:23:06,087 [pool-168-thread-1] INFO  segmented.SegmentedRaftLogWorker (SegmentedRaftLogWorker.java:<init>(187)) - new 2d6d5b8e-e752-4562-8a63-86fab6cb8fe2@group-FCDA62EE7B01-SegmentedRaftLogWorker for RaftStorageImpl:Storage Directory /home/runner/work/ozone/ozone/hadoop-ozone/integration-test/target/test-dir/MiniOzoneClusterImpl-a442e60d-e435-415e-98a9-f45e33772b0d/datanode-2/data/ratis/b3b00d9c-da31-4e21-99da-fcda62ee7b01
2022-09-29 01:23:06,087 [EventQueue-PipelineReportForPipelineReportHandler] INFO  pipeline.PipelineManagerImpl (PipelineManagerImpl.java:openPipeline(367)) - Pipeline Pipeline[ Id: b3b00d9c-da31-4e21-99da-fcda62ee7b01, Nodes: 2d6d5b8e-e752-4562-8a63-86fab6cb8fe2{ip: 10.1.1.32, host: fv-az182-579.xlcsutvm5t3ellfcnbcbis3udb.bx.internal.cloudapp.net, ports: [REPLICATION=45541, RATIS=37041, RATIS_ADMIN=37041, RATIS_SERVER=37041, STANDALONE=42433], networkLocation: /default-rack, certSerialId: null, persistedOpState: IN_SERVICE, persistedOpStateExpiryEpochSec: 0}, ReplicationConfig: RATIS/ONE, State:ALLOCATED, leaderId:2d6d5b8e-e752-4562-8a63-86fab6cb8fe2, CreationTimestamp2022-09-29T01:23:03.083Z[Etc/UTC]] moved to OPEN state
2022-09-29 01:23:06,088 [EventQueue-OpenPipelineForHealthyPipelineSafeModeRule] INFO  safemode.SCMSafeModeManager (HealthyPipelineSafeModeRule.java:process(137)) - SCM in safe mode. Healthy pipelines reported count is 0, required healthy pipeline reported count is 1
2022-09-29 01:23:06,089 [pool-168-thread-1] INFO  server.RaftServerConfigKeys (ConfUtils.java:logGet(46)) - raft.server.log.queue.byte-limit = 4294967296 (custom)
2022-09-29 01:23:06,090 [pool-168-thread-1] INFO  server.RaftServerConfigKeys (ConfUtils.java:logGet(46)) - raft.server.log.queue.element-limit = 1024 (custom)
2022-09-29 01:23:06,090 [pool-168-thread-1] INFO  server.RaftServerConfigKeys (ConfUtils.java:logGet(46)) - raft.server.log.segment.size.max = 1048576 (custom)
2022-09-29 01:23:06,090 [pool-168-thread-1] INFO  server.RaftServerConfigKeys (ConfUtils.java:logGet(46)) - raft.server.log.preallocated.size = 16384 (custom)
2022-09-29 01:23:06,090 [pool-168-thread-1] INFO  server.RaftServerConfigKeys (ConfUtils.java:logGet(46)) - raft.server.log.force.sync.num = 128 (default)
2022-09-29 01:23:06,090 [pool-168-thread-1] INFO  server.RaftServerConfigKeys (ConfUtils.java:logGet(46)) - raft.server.log.statemachine.data.sync = true (default)
2022-09-29 01:23:06,090 [pool-168-thread-1] INFO  server.RaftServerConfigKeys (ConfUtils.java:logGet(46)) - raft.server.log.statemachine.data.sync.timeout = 10s (default)
2022-09-29 01:23:06,090 [pool-168-thread-1] INFO  server.RaftServerConfigKeys (ConfUtils.java:logGet(46)) - raft.server.log.statemachine.data.sync.timeout.retry = -1 (default)
2022-09-29 01:23:06,090 [pool-168-thread-1] INFO  server.RaftServerConfigKeys (ConfUtils.java:logGet(46)) - raft.server.log.write.buffer.size = 1048576 (custom)
2022-09-29 01:23:06,091 [pool-168-thread-1] INFO  server.RaftServerConfigKeys (ConfUtils.java:logGet(46)) - raft.server.log.unsafe-flush.enabled = false (default)
2022-09-29 01:23:06,091 [pool-168-thread-1] INFO  server.RaftServerConfigKeys (ConfUtils.java:logGet(46)) - raft.server.log.statemachine.data.caching.enabled = true (custom)
2022-09-29 01:23:06,091 [pool-168-thread-1] INFO  segmented.SegmentedRaftLogWorker (SegmentedRaftLogWorker.java:lambda$new$0(135)) - 2d6d5b8e-e752-4562-8a63-86fab6cb8fe2@group-FCDA62EE7B01-SegmentedRaftLogWorker: flushIndex: setUnconditionally 0 -> -1
2022-09-29 01:23:06,091 [pool-168-thread-1] INFO  segmented.SegmentedRaftLogWorker (SegmentedRaftLogWorker.java:lambda$new$0(135)) - 2d6d5b8e-e752-4562-8a63-86fab6cb8fe2@group-FCDA62EE7B01-SegmentedRaftLogWorker: safeCacheEvictIndex: setUnconditionally 0 -> -1
2022-09-29 01:23:06,092 [pool-168-thread-1] INFO  server.RaftServerConfigKeys (ConfUtils.java:logGet(46)) - raft.server.snapshot.auto.trigger.enabled = true (custom)
2022-09-29 01:23:06,092 [pool-168-thread-1] INFO  server.RaftServerConfigKeys (ConfUtils.java:logGet(46)) - raft.server.snapshot.auto.trigger.threshold = 10000 (custom)
2022-09-29 01:23:06,092 [pool-168-thread-1] INFO  server.RaftServerConfigKeys (ConfUtils.java:logGet(46)) - raft.server.snapshot.retention.file.num = 5 (custom)
2022-09-29 01:23:06,092 [pool-168-thread-1] INFO  server.RaftServerConfigKeys (ConfUtils.java:logGet(46)) - raft.server.log.purge.upto.snapshot.index = false (default)
2022-09-29 01:23:06,092 [pool-168-thread-1] INFO  server.RaftServerConfigKeys (ConfUtils.java:logGet(46)) - raft.server.retrycache.expirytime = 600000ms (custom)
2022-09-29 01:23:06,092 [pool-168-thread-1] INFO  server.RaftServerConfigKeys (ConfUtils.java:logGet(46)) - raft.server.retrycache.statistics.expirytime = 100μs (default)
2022-09-29 01:23:06,094 [pool-168-thread-1] INFO  server.RaftServerConfigKeys (ConfUtils.java:logGet(46)) - raft.server.log.appender.install.snapshot.enabled = false (custom)
2022-09-29 01:23:06,094 [pool-168-thread-1] INFO  server.RaftServerConfigKeys (ConfUtils.java:logGet(46)) - raft.server.threadpool.server.cached = true (default)
2022-09-29 01:23:06,094 [pool-168-thread-1] INFO  server.RaftServerConfigKeys (ConfUtils.java:logGet(46)) - raft.server.threadpool.server.size = 0 (default)
2022-09-29 01:23:06,094 [pool-168-thread-1] INFO  server.RaftServerConfigKeys (ConfUtils.java:logGet(46)) - raft.server.threadpool.client.cached = true (default)
2022-09-29 01:23:06,094 [pool-168-thread-1] INFO  server.RaftServerConfigKeys (ConfUtils.java:logGet(46)) - raft.server.threadpool.client.size = 0 (default)
2022-09-29 01:23:06,094 [pool-168-thread-1] INFO  server.RaftServer$Division (RaftServerImpl.java:start(310)) - 2d6d5b8e-e752-4562-8a63-86fab6cb8fe2@group-FCDA62EE7B01: start as a follower, conf=-1: [2d6d5b8e-e752-4562-8a63-86fab6cb8fe2|rpc:10.1.1.32:37041|priority:1], old=null
2022-09-29 01:23:06,094 [pool-168-thread-1] INFO  server.RaftServer$Division (RaftServerImpl.java:setRole(299)) - 2d6d5b8e-e752-4562-8a63-86fab6cb8fe2@group-FCDA62EE7B01: changes role from      null to FOLLOWER at term 0 for startAsFollower
2022-09-29 01:23:06,094 [pool-168-thread-1] INFO  impl.RoleInfo (RoleInfo.java:updateAndGet(139)) - 2d6d5b8e-e752-4562-8a63-86fab6cb8fe2: start 2d6d5b8e-e752-4562-8a63-86fab6cb8fe2@group-FCDA62EE7B01-FollowerState
2022-09-29 01:23:06,095 [pool-168-thread-1] INFO  util.JmxRegister (JmxRegister.java:tryRegister(44)) - Successfully registered JMX Bean with object name Ratis:service=RaftServer,group=group-FCDA62EE7B01,id=2d6d5b8e-e752-4562-8a63-86fab6cb8fe2
2022-09-29 01:23:06,096 [Command processor thread] INFO  ratis.XceiverServerRatis (XceiverServerRatis.java:addGroup(765)) - Created group PipelineID=b3b00d9c-da31-4e21-99da-fcda62ee7b01
2022-09-29 01:23:06,096 [Command processor thread] INFO  commandhandler.CreatePipelineCommandHandler (CreatePipelineCommandHandler.java:handle(113)) - Created Pipeline RATIS ONE PipelineID=b3b00d9c-da31-4e21-99da-fcda62ee7b01.
2022-09-29 01:23:07,084 [Listener at 127.0.0.1/46485] INFO  ozone.MiniOzoneClusterImpl (MiniOzoneClusterImpl.java:lambda$waitForClusterToBeReady$0(216)) - Nodes are ready. Got 3 of 3 DN Heartbeats.
2022-09-29 01:23:07,084 [Listener at 127.0.0.1/46485] INFO  ozone.MiniOzoneClusterImpl (MiniOzoneClusterImpl.java:lambda$waitForClusterToBeReady$0(219)) - Waiting for cluster to exit safe mode
2022-09-29 01:23:07,084 [Listener at 127.0.0.1/46485] INFO  ozone.MiniOzoneClusterImpl (MiniOzoneClusterImpl.java:lambda$waitForClusterToBeReady$0(221)) - SCM became leader
2022-09-29 01:23:08,085 [Listener at 127.0.0.1/46485] INFO  ozone.MiniOzoneClusterImpl (MiniOzoneClusterImpl.java:lambda$waitForClusterToBeReady$0(216)) - Nodes are ready. Got 3 of 3 DN Heartbeats.
2022-09-29 01:23:08,085 [Listener at 127.0.0.1/46485] INFO  ozone.MiniOzoneClusterImpl (MiniOzoneClusterImpl.java:lambda$waitForClusterToBeReady$0(219)) - Waiting for cluster to exit safe mode
2022-09-29 01:23:08,085 [Listener at 127.0.0.1/46485] INFO  ozone.MiniOzoneClusterImpl (MiniOzoneClusterImpl.java:lambda$waitForClusterToBeReady$0(221)) - SCM became leader
2022-09-29 01:23:09,086 [Listener at 127.0.0.1/46485] INFO  ozone.MiniOzoneClusterImpl (MiniOzoneClusterImpl.java:lambda$waitForClusterToBeReady$0(216)) - Nodes are ready. Got 3 of 3 DN Heartbeats.
2022-09-29 01:23:09,087 [Listener at 127.0.0.1/46485] INFO  ozone.MiniOzoneClusterImpl (MiniOzoneClusterImpl.java:lambda$waitForClusterToBeReady$0(219)) - Waiting for cluster to exit safe mode
2022-09-29 01:23:09,087 [Listener at 127.0.0.1/46485] INFO  ozone.MiniOzoneClusterImpl (MiniOzoneClusterImpl.java:lambda$waitForClusterToBeReady$0(221)) - SCM became leader
2022-09-29 01:23:10,087 [Listener at 127.0.0.1/46485] INFO  ozone.MiniOzoneClusterImpl (MiniOzoneClusterImpl.java:lambda$waitForClusterToBeReady$0(216)) - Nodes are ready. Got 3 of 3 DN Heartbeats.
2022-09-29 01:23:10,087 [Listener at 127.0.0.1/46485] INFO  ozone.MiniOzoneClusterImpl (MiniOzoneClusterImpl.java:lambda$waitForClusterToBeReady$0(219)) - Waiting for cluster to exit safe mode
2022-09-29 01:23:10,087 [Listener at 127.0.0.1/46485] INFO  ozone.MiniOzoneClusterImpl (MiniOzoneClusterImpl.java:lambda$waitForClusterToBeReady$0(221)) - SCM became leader
2022-09-29 01:23:10,361 [574ea199-4fc5-4e12-82c5-94eb8c91283e@group-A54044E036FB-FollowerState] INFO  impl.FollowerState (FollowerState.java:run(143)) - 574ea199-4fc5-4e12-82c5-94eb8c91283e@group-A54044E036FB-FollowerState: change to CANDIDATE, lastRpcElapsedTime:5095328338ns, electionTimeout:5093ms
2022-09-29 01:23:10,361 [574ea199-4fc5-4e12-82c5-94eb8c91283e@group-A54044E036FB-FollowerState] INFO  impl.RoleInfo (RoleInfo.java:shutdownFollowerState(110)) - 574ea199-4fc5-4e12-82c5-94eb8c91283e: shutdown 574ea199-4fc5-4e12-82c5-94eb8c91283e@group-A54044E036FB-FollowerState
2022-09-29 01:23:10,361 [574ea199-4fc5-4e12-82c5-94eb8c91283e@group-A54044E036FB-FollowerState] INFO  server.RaftServer$Division (RaftServerImpl.java:setRole(299)) - 574ea199-4fc5-4e12-82c5-94eb8c91283e@group-A54044E036FB: changes role from  FOLLOWER to CANDIDATE at term 0 for changeToCandidate
2022-09-29 01:23:10,362 [574ea199-4fc5-4e12-82c5-94eb8c91283e@group-A54044E036FB-FollowerState] INFO  server.RaftServerConfigKeys (ConfUtils.java:logGet(46)) - raft.server.leaderelection.pre-vote = false (custom)
2022-09-29 01:23:10,362 [574ea199-4fc5-4e12-82c5-94eb8c91283e@group-A54044E036FB-FollowerState] INFO  impl.RoleInfo (RoleInfo.java:updateAndGet(139)) - 574ea199-4fc5-4e12-82c5-94eb8c91283e: start 574ea199-4fc5-4e12-82c5-94eb8c91283e@group-A54044E036FB-LeaderElection6
2022-09-29 01:23:10,365 [574ea199-4fc5-4e12-82c5-94eb8c91283e@group-A54044E036FB-LeaderElection6] INFO  impl.LeaderElection (LeaderElection.java:askForVotes(310)) - 574ea199-4fc5-4e12-82c5-94eb8c91283e@group-A54044E036FB-LeaderElection6 ELECTION round 0: submit vote requests at term 1 for -1: [574ea199-4fc5-4e12-82c5-94eb8c91283e|rpc:10.1.1.32:46123|priority:1], old=null
2022-09-29 01:23:10,365 [574ea199-4fc5-4e12-82c5-94eb8c91283e@group-A54044E036FB-LeaderElection6] INFO  impl.LeaderElection (LeaderElection.java:askForVotes(312)) - 574ea199-4fc5-4e12-82c5-94eb8c91283e@group-A54044E036FB-LeaderElection6 ELECTION round 0: result PASSED (term=1)
2022-09-29 01:23:10,365 [574ea199-4fc5-4e12-82c5-94eb8c91283e@group-A54044E036FB-LeaderElection6] INFO  impl.RoleInfo (RoleInfo.java:shutdownLeaderElection(130)) - 574ea199-4fc5-4e12-82c5-94eb8c91283e: shutdown 574ea199-4fc5-4e12-82c5-94eb8c91283e@group-A54044E036FB-LeaderElection6
2022-09-29 01:23:10,365 [574ea199-4fc5-4e12-82c5-94eb8c91283e@group-A54044E036FB-LeaderElection6] INFO  server.RaftServer$Division (RaftServerImpl.java:setRole(299)) - 574ea199-4fc5-4e12-82c5-94eb8c91283e@group-A54044E036FB: changes role from CANDIDATE to LEADER at term 1 for changeToLeader
2022-09-29 01:23:10,365 [574ea199-4fc5-4e12-82c5-94eb8c91283e@group-A54044E036FB-LeaderElection6] INFO  ratis.XceiverServerRatis (XceiverServerRatis.java:handleLeaderChangedNotification(863)) - Leader change notification received for group: group-A54044E036FB with new leaderId: 574ea199-4fc5-4e12-82c5-94eb8c91283e
2022-09-29 01:23:10,366 [574ea199-4fc5-4e12-82c5-94eb8c91283e@group-A54044E036FB-LeaderElection6] INFO  server.RaftServer$Division (ServerState.java:setLeader(287)) - 574ea199-4fc5-4e12-82c5-94eb8c91283e@group-A54044E036FB: change Leader from null to 574ea199-4fc5-4e12-82c5-94eb8c91283e at term 1 for becomeLeader, leader elected after 5117ms
2022-09-29 01:23:10,366 [574ea199-4fc5-4e12-82c5-94eb8c91283e@group-A54044E036FB-LeaderElection6] INFO  server.RaftServerConfigKeys (ConfUtils.java:logGet(46)) - raft.server.staging.catchup.gap = 1000 (default)
2022-09-29 01:23:10,366 [574ea199-4fc5-4e12-82c5-94eb8c91283e@group-A54044E036FB-LeaderElection6] INFO  server.RaftServerConfigKeys (ConfUtils.java:logGet(46)) - raft.server.write.element-limit = 1024 (custom)
2022-09-29 01:23:10,366 [574ea199-4fc5-4e12-82c5-94eb8c91283e@group-A54044E036FB-LeaderElection6] INFO  server.RaftServerConfigKeys (ConfUtils.java:logGet(46)) - raft.server.write.byte-limit = 1024 M (=1073741824) (custom)
2022-09-29 01:23:10,367 [574ea199-4fc5-4e12-82c5-94eb8c91283e@group-A54044E036FB-LeaderElection6] INFO  server.RaftServerConfigKeys (ConfUtils.java:logGet(46)) - raft.server.watch.timeout = 180s (custom)
2022-09-29 01:23:10,367 [574ea199-4fc5-4e12-82c5-94eb8c91283e@group-A54044E036FB-LeaderElection6] INFO  server.RaftServerConfigKeys (ConfUtils.java:logGet(46)) - raft.server.watch.timeout.denomination = 1s (default)
2022-09-29 01:23:10,368 [EventQueue-OpenPipelineForHealthyPipelineSafeModeRule] INFO  safemode.SCMSafeModeManager (HealthyPipelineSafeModeRule.java:process(137)) - SCM in safe mode. Healthy pipelines reported count is 0, required healthy pipeline reported count is 1
2022-09-29 01:23:10,368 [574ea199-4fc5-4e12-82c5-94eb8c91283e@group-A54044E036FB-LeaderElection6] INFO  server.RaftServerConfigKeys (ConfUtils.java:logGet(46)) - raft.server.watch.element-limit = 65536 (default)
2022-09-29 01:23:10,368 [574ea199-4fc5-4e12-82c5-94eb8c91283e@group-A54044E036FB-LeaderElection6] INFO  server.RaftServerConfigKeys (ConfUtils.java:logGet(46)) - raft.server.write.element-limit = 1024 (custom)
2022-09-29 01:23:10,368 [574ea199-4fc5-4e12-82c5-94eb8c91283e@group-A54044E036FB-LeaderElection6] INFO  server.RaftServerConfigKeys (ConfUtils.java:logGet(46)) - raft.server.write.follower.gap.ratio.max = -1.0 (default)
2022-09-29 01:23:10,369 [574ea199-4fc5-4e12-82c5-94eb8c91283e@group-A54044E036FB-LeaderElection6] INFO  impl.RoleInfo (RoleInfo.java:updateAndGet(139)) - 574ea199-4fc5-4e12-82c5-94eb8c91283e: start 574ea199-4fc5-4e12-82c5-94eb8c91283e@group-A54044E036FB-LeaderStateImpl
2022-09-29 01:23:10,369 [574ea199-4fc5-4e12-82c5-94eb8c91283e@group-A54044E036FB-LeaderElection6] INFO  segmented.SegmentedRaftLogWorker (SegmentedRaftLogWorker.java:startLogSegment(425)) - 574ea199-4fc5-4e12-82c5-94eb8c91283e@group-A54044E036FB-SegmentedRaftLogWorker: Starting segment from index:0
2022-09-29 01:23:10,370 [574ea199-4fc5-4e12-82c5-94eb8c91283e@group-A54044E036FB-LeaderElection6] INFO  server.RaftServer$Division (ServerState.java:setRaftConf(393)) - 574ea199-4fc5-4e12-82c5-94eb8c91283e@group-A54044E036FB: set configuration 0: [574ea199-4fc5-4e12-82c5-94eb8c91283e|rpc:10.1.1.32:46123|dataStream:|priority:1], old=null
2022-09-29 01:23:10,370 [574ea199-4fc5-4e12-82c5-94eb8c91283e@group-A54044E036FB-SegmentedRaftLogWorker] INFO  segmented.SegmentedRaftLogWorker (SegmentedRaftLogWorker.java:execute(629)) - 574ea199-4fc5-4e12-82c5-94eb8c91283e@group-A54044E036FB-SegmentedRaftLogWorker: created new log segment /home/runner/work/ozone/ozone/hadoop-ozone/integration-test/target/test-dir/MiniOzoneClusterImpl-a442e60d-e435-415e-98a9-f45e33772b0d/datanode-0/data/ratis/f9f9d737-c6d4-48cc-b8fb-a54044e036fb/current/log_inprogress_0
2022-09-29 01:23:10,399 [607e46f6-8430-4252-8b38-005d1aa49d3c@group-A1433E37E7D3-FollowerState] INFO  impl.FollowerState (FollowerState.java:run(143)) - 607e46f6-8430-4252-8b38-005d1aa49d3c@group-A1433E37E7D3-FollowerState: change to CANDIDATE, lastRpcElapsedTime:5013974125ns, electionTimeout:5013ms
2022-09-29 01:23:10,399 [607e46f6-8430-4252-8b38-005d1aa49d3c@group-A1433E37E7D3-FollowerState] INFO  impl.RoleInfo (RoleInfo.java:shutdownFollowerState(110)) - 607e46f6-8430-4252-8b38-005d1aa49d3c: shutdown 607e46f6-8430-4252-8b38-005d1aa49d3c@group-A1433E37E7D3-FollowerState
2022-09-29 01:23:10,399 [607e46f6-8430-4252-8b38-005d1aa49d3c@group-A1433E37E7D3-FollowerState] INFO  server.RaftServer$Division (RaftServerImpl.java:setRole(299)) - 607e46f6-8430-4252-8b38-005d1aa49d3c@group-A1433E37E7D3: changes role from  FOLLOWER to CANDIDATE at term 0 for changeToCandidate
2022-09-29 01:23:10,399 [607e46f6-8430-4252-8b38-005d1aa49d3c@group-A1433E37E7D3-FollowerState] INFO  server.RaftServerConfigKeys (ConfUtils.java:logGet(46)) - raft.server.leaderelection.pre-vote = false (custom)
2022-09-29 01:23:10,399 [607e46f6-8430-4252-8b38-005d1aa49d3c@group-A1433E37E7D3-FollowerState] INFO  impl.RoleInfo (RoleInfo.java:updateAndGet(139)) - 607e46f6-8430-4252-8b38-005d1aa49d3c: start 607e46f6-8430-4252-8b38-005d1aa49d3c@group-A1433E37E7D3-LeaderElection7
2022-09-29 01:23:10,402 [607e46f6-8430-4252-8b38-005d1aa49d3c@group-A1433E37E7D3-LeaderElection7] INFO  impl.LeaderElection (LeaderElection.java:askForVotes(310)) - 607e46f6-8430-4252-8b38-005d1aa49d3c@group-A1433E37E7D3-LeaderElection7 ELECTION round 0: submit vote requests at term 1 for -1: [2d6d5b8e-e752-4562-8a63-86fab6cb8fe2|rpc:10.1.1.32:37041|dataStream:|priority:0, 574ea199-4fc5-4e12-82c5-94eb8c91283e|rpc:10.1.1.32:46123|dataStream:|priority:1, 607e46f6-8430-4252-8b38-005d1aa49d3c|rpc:10.1.1.32:41899|dataStream:|priority:0], old=null
2022-09-29 01:23:10,414 [grpc-default-executor-0] INFO  server.RaftServer$Division (RaftServerImpl.java:requestVote(1152)) - 574ea199-4fc5-4e12-82c5-94eb8c91283e@group-A1433E37E7D3: receive requestVote(ELECTION, 607e46f6-8430-4252-8b38-005d1aa49d3c, group-A1433E37E7D3, 1, (t:0, i:0))
2022-09-29 01:23:10,414 [grpc-default-executor-0] INFO  impl.VoteContext (VoteContext.java:log(48)) - 574ea199-4fc5-4e12-82c5-94eb8c91283e@group-A1433E37E7D3-FOLLOWER: reject ELECTION from 607e46f6-8430-4252-8b38-005d1aa49d3c: our priority 1 > candidate's priority 0
2022-09-29 01:23:10,414 [grpc-default-executor-0] INFO  server.RaftServer$Division (RaftServerImpl.java:setRole(299)) - 574ea199-4fc5-4e12-82c5-94eb8c91283e@group-A1433E37E7D3: changes role from  FOLLOWER to FOLLOWER at term 1 for candidate:607e46f6-8430-4252-8b38-005d1aa49d3c
2022-09-29 01:23:10,414 [grpc-default-executor-0] INFO  impl.RoleInfo (RoleInfo.java:shutdownFollowerState(110)) - 574ea199-4fc5-4e12-82c5-94eb8c91283e: shutdown 574ea199-4fc5-4e12-82c5-94eb8c91283e@group-A1433E37E7D3-FollowerState
2022-09-29 01:23:10,414 [grpc-default-executor-0] INFO  impl.RoleInfo (RoleInfo.java:updateAndGet(139)) - 574ea199-4fc5-4e12-82c5-94eb8c91283e: start 574ea199-4fc5-4e12-82c5-94eb8c91283e@group-A1433E37E7D3-FollowerState
2022-09-29 01:23:10,414 [574ea199-4fc5-4e12-82c5-94eb8c91283e@group-A1433E37E7D3-FollowerState] INFO  impl.FollowerState (FollowerState.java:run(152)) - 574ea199-4fc5-4e12-82c5-94eb8c91283e@group-A1433E37E7D3-FollowerState was interrupted
2022-09-29 01:23:10,415 [grpc-default-executor-0] INFO  server.RaftServer$Division (RaftServerImpl.java:requestVote(1184)) - 574ea199-4fc5-4e12-82c5-94eb8c91283e@group-A1433E37E7D3 replies to ELECTION vote request: 607e46f6-8430-4252-8b38-005d1aa49d3c<-574ea199-4fc5-4e12-82c5-94eb8c91283e#0:FAIL-t1. Peer's state: 574ea199-4fc5-4e12-82c5-94eb8c91283e@group-A1433E37E7D3:t1, leader=null, voted=null, raftlog=574ea199-4fc5-4e12-82c5-94eb8c91283e@group-A1433E37E7D3-SegmentedRaftLog:OPENED:c-1, conf=-1: [2d6d5b8e-e752-4562-8a63-86fab6cb8fe2|rpc:10.1.1.32:37041|priority:0, 574ea199-4fc5-4e12-82c5-94eb8c91283e|rpc:10.1.1.32:46123|priority:1, 607e46f6-8430-4252-8b38-005d1aa49d3c|rpc:10.1.1.32:41899|priority:0], old=null
2022-09-29 01:23:10,417 [grpc-default-executor-1] INFO  server.RaftServer$Division (RaftServerImpl.java:requestVote(1152)) - 2d6d5b8e-e752-4562-8a63-86fab6cb8fe2@group-A1433E37E7D3: receive requestVote(ELECTION, 607e46f6-8430-4252-8b38-005d1aa49d3c, group-A1433E37E7D3, 1, (t:0, i:0))
2022-09-29 01:23:10,417 [grpc-default-executor-1] INFO  impl.VoteContext (VoteContext.java:log(48)) - 2d6d5b8e-e752-4562-8a63-86fab6cb8fe2@group-A1433E37E7D3-FOLLOWER: accept ELECTION from 607e46f6-8430-4252-8b38-005d1aa49d3c: our priority 0 <= candidate's priority 0
2022-09-29 01:23:10,417 [grpc-default-executor-1] INFO  server.RaftServer$Division (RaftServerImpl.java:setRole(299)) - 2d6d5b8e-e752-4562-8a63-86fab6cb8fe2@group-A1433E37E7D3: changes role from  FOLLOWER to FOLLOWER at term 1 for candidate:607e46f6-8430-4252-8b38-005d1aa49d3c
2022-09-29 01:23:10,418 [grpc-default-executor-1] INFO  impl.RoleInfo (RoleInfo.java:shutdownFollowerState(110)) - 2d6d5b8e-e752-4562-8a63-86fab6cb8fe2: shutdown 2d6d5b8e-e752-4562-8a63-86fab6cb8fe2@group-A1433E37E7D3-FollowerState
2022-09-29 01:23:10,418 [grpc-default-executor-1] INFO  impl.RoleInfo (RoleInfo.java:updateAndGet(139)) - 2d6d5b8e-e752-4562-8a63-86fab6cb8fe2: start 2d6d5b8e-e752-4562-8a63-86fab6cb8fe2@group-A1433E37E7D3-FollowerState
2022-09-29 01:23:10,418 [2d6d5b8e-e752-4562-8a63-86fab6cb8fe2@group-A1433E37E7D3-FollowerState] INFO  impl.FollowerState (FollowerState.java:run(152)) - 2d6d5b8e-e752-4562-8a63-86fab6cb8fe2@group-A1433E37E7D3-FollowerState was interrupted
2022-09-29 01:23:10,425 [607e46f6-8430-4252-8b38-005d1aa49d3c@group-A1433E37E7D3-LeaderElection7] INFO  impl.LeaderElection (LeaderElection.java:logAndReturn(90)) - 607e46f6-8430-4252-8b38-005d1aa49d3c@group-A1433E37E7D3-LeaderElection7: ELECTION REJECTED received 1 response(s) and 0 exception(s):
2022-09-29 01:23:10,426 [607e46f6-8430-4252-8b38-005d1aa49d3c@group-A1433E37E7D3-LeaderElection7] INFO  impl.LeaderElection (LeaderElection.java:logAndReturn(94)) -   Response 0: 607e46f6-8430-4252-8b38-005d1aa49d3c<-574ea199-4fc5-4e12-82c5-94eb8c91283e#0:FAIL-t1
2022-09-29 01:23:10,426 [607e46f6-8430-4252-8b38-005d1aa49d3c@group-A1433E37E7D3-LeaderElection7] INFO  impl.LeaderElection (LeaderElection.java:askForVotes(312)) - 607e46f6-8430-4252-8b38-005d1aa49d3c@group-A1433E37E7D3-LeaderElection7 ELECTION round 0: result REJECTED
2022-09-29 01:23:10,426 [607e46f6-8430-4252-8b38-005d1aa49d3c@group-A1433E37E7D3-LeaderElection7] INFO  server.RaftServer$Division (RaftServerImpl.java:setRole(299)) - 607e46f6-8430-4252-8b38-005d1aa49d3c@group-A1433E37E7D3: changes role from CANDIDATE to FOLLOWER at term 1 for REJECTED
2022-09-29 01:23:10,426 [607e46f6-8430-4252-8b38-005d1aa49d3c@group-A1433E37E7D3-LeaderElection7] INFO  impl.RoleInfo (RoleInfo.java:shutdownLeaderElection(130)) - 607e46f6-8430-4252-8b38-005d1aa49d3c: shutdown 607e46f6-8430-4252-8b38-005d1aa49d3c@group-A1433E37E7D3-LeaderElection7
2022-09-29 01:23:10,426 [607e46f6-8430-4252-8b38-005d1aa49d3c@group-A1433E37E7D3-LeaderElection7] INFO  impl.RoleInfo (RoleInfo.java:updateAndGet(139)) - 607e46f6-8430-4252-8b38-005d1aa49d3c: start 607e46f6-8430-4252-8b38-005d1aa49d3c@group-A1433E37E7D3-FollowerState
2022-09-29 01:23:10,426 [grpc-default-executor-1] INFO  server.RaftServer$Division (RaftServerImpl.java:requestVote(1184)) - 2d6d5b8e-e752-4562-8a63-86fab6cb8fe2@group-A1433E37E7D3 replies to ELECTION vote request: 607e46f6-8430-4252-8b38-005d1aa49d3c<-2d6d5b8e-e752-4562-8a63-86fab6cb8fe2#0:OK-t1. Peer's state: 2d6d5b8e-e752-4562-8a63-86fab6cb8fe2@group-A1433E37E7D3:t1, leader=null, voted=607e46f6-8430-4252-8b38-005d1aa49d3c, raftlog=2d6d5b8e-e752-4562-8a63-86fab6cb8fe2@group-A1433E37E7D3-SegmentedRaftLog:OPENED:c-1, conf=-1: [2d6d5b8e-e752-4562-8a63-86fab6cb8fe2|rpc:10.1.1.32:37041|dataStream:|priority:0, 574ea199-4fc5-4e12-82c5-94eb8c91283e|rpc:10.1.1.32:46123|dataStream:|priority:1, 607e46f6-8430-4252-8b38-005d1aa49d3c|rpc:10.1.1.32:41899|dataStream:|priority:0], old=null
2022-09-29 01:23:10,552 [607e46f6-8430-4252-8b38-005d1aa49d3c@group-20810F2C5144-FollowerState] INFO  impl.FollowerState (FollowerState.java:run(143)) - 607e46f6-8430-4252-8b38-005d1aa49d3c@group-20810F2C5144-FollowerState: change to CANDIDATE, lastRpcElapsedTime:5022387030ns, electionTimeout:5022ms
2022-09-29 01:23:10,552 [607e46f6-8430-4252-8b38-005d1aa49d3c@group-20810F2C5144-FollowerState] INFO  impl.RoleInfo (RoleInfo.java:shutdownFollowerState(110)) - 607e46f6-8430-4252-8b38-005d1aa49d3c: shutdown 607e46f6-8430-4252-8b38-005d1aa49d3c@group-20810F2C5144-FollowerState
2022-09-29 01:23:10,552 [607e46f6-8430-4252-8b38-005d1aa49d3c@group-20810F2C5144-FollowerState] INFO  server.RaftServer$Division (RaftServerImpl.java:setRole(299)) - 607e46f6-8430-4252-8b38-005d1aa49d3c@group-20810F2C5144: changes role from  FOLLOWER to CANDIDATE at term 0 for changeToCandidate
2022-09-29 01:23:10,552 [607e46f6-8430-4252-8b38-005d1aa49d3c@group-20810F2C5144-FollowerState] INFO  server.RaftServerConfigKeys (ConfUtils.java:logGet(46)) - raft.server.leaderelection.pre-vote = false (custom)
2022-09-29 01:23:10,552 [607e46f6-8430-4252-8b38-005d1aa49d3c@group-20810F2C5144-FollowerState] INFO  impl.RoleInfo (RoleInfo.java:updateAndGet(139)) - 607e46f6-8430-4252-8b38-005d1aa49d3c: start 607e46f6-8430-4252-8b38-005d1aa49d3c@group-20810F2C5144-LeaderElection8
2022-09-29 01:23:10,555 [607e46f6-8430-4252-8b38-005d1aa49d3c@group-20810F2C5144-LeaderElection8] INFO  impl.LeaderElection (LeaderElection.java:askForVotes(310)) - 607e46f6-8430-4252-8b38-005d1aa49d3c@group-20810F2C5144-LeaderElection8 ELECTION round 0: submit vote requests at term 1 for -1: [2d6d5b8e-e752-4562-8a63-86fab6cb8fe2|rpc:10.1.1.32:37041|dataStream:|priority:1, 574ea199-4fc5-4e12-82c5-94eb8c91283e|rpc:10.1.1.32:46123|dataStream:|priority:0, 607e46f6-8430-4252-8b38-005d1aa49d3c|rpc:10.1.1.32:41899|dataStream:|priority:0], old=null
2022-09-29 01:23:10,560 [grpc-default-executor-1] INFO  server.RaftServer$Division (RaftServerImpl.java:requestVote(1152)) - 574ea199-4fc5-4e12-82c5-94eb8c91283e@group-20810F2C5144: receive requestVote(ELECTION, 607e46f6-8430-4252-8b38-005d1aa49d3c, group-20810F2C5144, 1, (t:0, i:0))
2022-09-29 01:23:10,561 [grpc-default-executor-1] INFO  impl.VoteContext (VoteContext.java:log(48)) - 574ea199-4fc5-4e12-82c5-94eb8c91283e@group-20810F2C5144-FOLLOWER: accept ELECTION from 607e46f6-8430-4252-8b38-005d1aa49d3c: our priority 0 <= candidate's priority 0
2022-09-29 01:23:10,561 [grpc-default-executor-1] INFO  server.RaftServer$Division (RaftServerImpl.java:setRole(299)) - 574ea199-4fc5-4e12-82c5-94eb8c91283e@group-20810F2C5144: changes role from  FOLLOWER to FOLLOWER at term 1 for candidate:607e46f6-8430-4252-8b38-005d1aa49d3c
2022-09-29 01:23:10,561 [grpc-default-executor-1] INFO  impl.RoleInfo (RoleInfo.java:shutdownFollowerState(110)) - 574ea199-4fc5-4e12-82c5-94eb8c91283e: shutdown 574ea199-4fc5-4e12-82c5-94eb8c91283e@group-20810F2C5144-FollowerState
2022-09-29 01:23:10,561 [grpc-default-executor-1] INFO  impl.RoleInfo (RoleInfo.java:updateAndGet(139)) - 574ea199-4fc5-4e12-82c5-94eb8c91283e: start 574ea199-4fc5-4e12-82c5-94eb8c91283e@group-20810F2C5144-FollowerState
2022-09-29 01:23:10,561 [574ea199-4fc5-4e12-82c5-94eb8c91283e@group-20810F2C5144-FollowerState] INFO  impl.FollowerState (FollowerState.java:run(152)) - 574ea199-4fc5-4e12-82c5-94eb8c91283e@group-20810F2C5144-FollowerState was interrupted
2022-09-29 01:23:10,563 [grpc-default-executor-1] INFO  server.RaftServer$Division (RaftServerImpl.java:requestVote(1184)) - 574ea199-4fc5-4e12-82c5-94eb8c91283e@group-20810F2C5144 replies to ELECTION vote request: 607e46f6-8430-4252-8b38-005d1aa49d3c<-574ea199-4fc5-4e12-82c5-94eb8c91283e#0:OK-t1. Peer's state: 574ea199-4fc5-4e12-82c5-94eb8c91283e@group-20810F2C5144:t1, leader=null, voted=607e46f6-8430-4252-8b38-005d1aa49d3c, raftlog=574ea199-4fc5-4e12-82c5-94eb8c91283e@group-20810F2C5144-SegmentedRaftLog:OPENED:c-1, conf=-1: [2d6d5b8e-e752-4562-8a63-86fab6cb8fe2|rpc:10.1.1.32:37041|priority:1, 574ea199-4fc5-4e12-82c5-94eb8c91283e|rpc:10.1.1.32:46123|priority:0, 607e46f6-8430-4252-8b38-005d1aa49d3c|rpc:10.1.1.32:41899|priority:0], old=null
2022-09-29 01:23:10,563 [grpc-default-executor-0] INFO  server.RaftServer$Division (RaftServerImpl.java:requestVote(1152)) - 2d6d5b8e-e752-4562-8a63-86fab6cb8fe2@group-20810F2C5144: receive requestVote(ELECTION, 607e46f6-8430-4252-8b38-005d1aa49d3c, group-20810F2C5144, 1, (t:0, i:0))
2022-09-29 01:23:10,563 [grpc-default-executor-0] INFO  impl.VoteContext (VoteContext.java:log(48)) - 2d6d5b8e-e752-4562-8a63-86fab6cb8fe2@group-20810F2C5144-FOLLOWER: reject ELECTION from 607e46f6-8430-4252-8b38-005d1aa49d3c: our priority 1 > candidate's priority 0
2022-09-29 01:23:10,563 [grpc-default-executor-0] INFO  server.RaftServer$Division (RaftServerImpl.java:setRole(299)) - 2d6d5b8e-e752-4562-8a63-86fab6cb8fe2@group-20810F2C5144: changes role from  FOLLOWER to FOLLOWER at term 1 for candidate:607e46f6-8430-4252-8b38-005d1aa49d3c
2022-09-29 01:23:10,563 [grpc-default-executor-0] INFO  impl.RoleInfo (RoleInfo.java:shutdownFollowerState(110)) - 2d6d5b8e-e752-4562-8a63-86fab6cb8fe2: shutdown 2d6d5b8e-e752-4562-8a63-86fab6cb8fe2@group-20810F2C5144-FollowerState
2022-09-29 01:23:10,563 [grpc-default-executor-0] INFO  impl.RoleInfo (RoleInfo.java:updateAndGet(139)) - 2d6d5b8e-e752-4562-8a63-86fab6cb8fe2: start 2d6d5b8e-e752-4562-8a63-86fab6cb8fe2@group-20810F2C5144-FollowerState
2022-09-29 01:23:10,563 [2d6d5b8e-e752-4562-8a63-86fab6cb8fe2@group-20810F2C5144-FollowerState] INFO  impl.FollowerState (FollowerState.java:run(152)) - 2d6d5b8e-e752-4562-8a63-86fab6cb8fe2@group-20810F2C5144-FollowerState was interrupted
2022-09-29 01:23:10,566 [grpc-default-executor-0] INFO  server.RaftServer$Division (RaftServerImpl.java:requestVote(1184)) - 2d6d5b8e-e752-4562-8a63-86fab6cb8fe2@group-20810F2C5144 replies to ELECTION vote request: 607e46f6-8430-4252-8b38-005d1aa49d3c<-2d6d5b8e-e752-4562-8a63-86fab6cb8fe2#0:FAIL-t1. Peer's state: 2d6d5b8e-e752-4562-8a63-86fab6cb8fe2@group-20810F2C5144:t1, leader=null, voted=null, raftlog=2d6d5b8e-e752-4562-8a63-86fab6cb8fe2@group-20810F2C5144-SegmentedRaftLog:OPENED:c-1, conf=-1: [2d6d5b8e-e752-4562-8a63-86fab6cb8fe2|rpc:10.1.1.32:37041|dataStream:|priority:1, 574ea199-4fc5-4e12-82c5-94eb8c91283e|rpc:10.1.1.32:46123|dataStream:|priority:0, 607e46f6-8430-4252-8b38-005d1aa49d3c|rpc:10.1.1.32:41899|dataStream:|priority:0], old=null
2022-09-29 01:23:10,567 [607e46f6-8430-4252-8b38-005d1aa49d3c@group-20810F2C5144-LeaderElection8] INFO  impl.LeaderElection (LeaderElection.java:logAndReturn(90)) - 607e46f6-8430-4252-8b38-005d1aa49d3c@group-20810F2C5144-LeaderElection8: ELECTION REJECTED received 2 response(s) and 0 exception(s):
2022-09-29 01:23:10,567 [607e46f6-8430-4252-8b38-005d1aa49d3c@group-20810F2C5144-LeaderElection8] INFO  impl.LeaderElection (LeaderElection.java:logAndReturn(94)) -   Response 0: 607e46f6-8430-4252-8b38-005d1aa49d3c<-2d6d5b8e-e752-4562-8a63-86fab6cb8fe2#0:FAIL-t1
2022-09-29 01:23:10,567 [607e46f6-8430-4252-8b38-005d1aa49d3c@group-20810F2C5144-LeaderElection8] INFO  impl.LeaderElection (LeaderElection.java:logAndReturn(94)) -   Response 1: 607e46f6-8430-4252-8b38-005d1aa49d3c<-574ea199-4fc5-4e12-82c5-94eb8c91283e#0:OK-t1
2022-09-29 01:23:10,567 [607e46f6-8430-4252-8b38-005d1aa49d3c@group-20810F2C5144-LeaderElection8] INFO  impl.LeaderElection (LeaderElection.java:askForVotes(312)) - 607e46f6-8430-4252-8b38-005d1aa49d3c@group-20810F2C5144-LeaderElection8 ELECTION round 0: result REJECTED
2022-09-29 01:23:10,567 [607e46f6-8430-4252-8b38-005d1aa49d3c@group-20810F2C5144-LeaderElection8] INFO  server.RaftServer$Division (RaftServerImpl.java:setRole(299)) - 607e46f6-8430-4252-8b38-005d1aa49d3c@group-20810F2C5144: changes role from CANDIDATE to FOLLOWER at term 1 for REJECTED
2022-09-29 01:23:10,567 [607e46f6-8430-4252-8b38-005d1aa49d3c@group-20810F2C5144-LeaderElection8] INFO  impl.RoleInfo (RoleInfo.java:shutdownLeaderElection(130)) - 607e46f6-8430-4252-8b38-005d1aa49d3c: shutdown 607e46f6-8430-4252-8b38-005d1aa49d3c@group-20810F2C5144-LeaderElection8
2022-09-29 01:23:10,567 [607e46f6-8430-4252-8b38-005d1aa49d3c@group-20810F2C5144-LeaderElection8] INFO  impl.RoleInfo (RoleInfo.java:updateAndGet(139)) - 607e46f6-8430-4252-8b38-005d1aa49d3c: start 607e46f6-8430-4252-8b38-005d1aa49d3c@group-20810F2C5144-FollowerState
2022-09-29 01:23:10,889 [607e46f6-8430-4252-8b38-005d1aa49d3c@group-5A7D209CC613-FollowerState] INFO  impl.FollowerState (FollowerState.java:run(143)) - 607e46f6-8430-4252-8b38-005d1aa49d3c@group-5A7D209CC613-FollowerState: change to CANDIDATE, lastRpcElapsedTime:5108337799ns, electionTimeout:5108ms
2022-09-29 01:23:10,890 [607e46f6-8430-4252-8b38-005d1aa49d3c@group-5A7D209CC613-FollowerState] INFO  impl.RoleInfo (RoleInfo.java:shutdownFollowerState(110)) - 607e46f6-8430-4252-8b38-005d1aa49d3c: shutdown 607e46f6-8430-4252-8b38-005d1aa49d3c@group-5A7D209CC613-FollowerState
2022-09-29 01:23:10,890 [607e46f6-8430-4252-8b38-005d1aa49d3c@group-5A7D209CC613-FollowerState] INFO  server.RaftServer$Division (RaftServerImpl.java:setRole(299)) - 607e46f6-8430-4252-8b38-005d1aa49d3c@group-5A7D209CC613: changes role from  FOLLOWER to CANDIDATE at term 0 for changeToCandidate
2022-09-29 01:23:10,890 [607e46f6-8430-4252-8b38-005d1aa49d3c@group-5A7D209CC613-FollowerState] INFO  server.RaftServerConfigKeys (ConfUtils.java:logGet(46)) - raft.server.leaderelection.pre-vote = false (custom)
2022-09-29 01:23:10,890 [607e46f6-8430-4252-8b38-005d1aa49d3c@group-5A7D209CC613-FollowerState] INFO  impl.RoleInfo (RoleInfo.java:updateAndGet(139)) - 607e46f6-8430-4252-8b38-005d1aa49d3c: start 607e46f6-8430-4252-8b38-005d1aa49d3c@group-5A7D209CC613-LeaderElection9
2022-09-29 01:23:10,893 [607e46f6-8430-4252-8b38-005d1aa49d3c@group-5A7D209CC613-LeaderElection9] INFO  impl.LeaderElection (LeaderElection.java:askForVotes(310)) - 607e46f6-8430-4252-8b38-005d1aa49d3c@group-5A7D209CC613-LeaderElection9 ELECTION round 0: submit vote requests at term 1 for -1: [607e46f6-8430-4252-8b38-005d1aa49d3c|rpc:10.1.1.32:41899|priority:1], old=null
2022-09-29 01:23:10,893 [607e46f6-8430-4252-8b38-005d1aa49d3c@group-5A7D209CC613-LeaderElection9] INFO  impl.LeaderElection (LeaderElection.java:askForVotes(312)) - 607e46f6-8430-4252-8b38-005d1aa49d3c@group-5A7D209CC613-LeaderElection9 ELECTION round 0: result PASSED (term=1)
2022-09-29 01:23:10,893 [607e46f6-8430-4252-8b38-005d1aa49d3c@group-5A7D209CC613-LeaderElection9] INFO  impl.RoleInfo (RoleInfo.java:shutdownLeaderElection(130)) - 607e46f6-8430-4252-8b38-005d1aa49d3c: shutdown 607e46f6-8430-4252-8b38-005d1aa49d3c@group-5A7D209CC613-LeaderElection9
2022-09-29 01:23:10,893 [607e46f6-8430-4252-8b38-005d1aa49d3c@group-5A7D209CC613-LeaderElection9] INFO  server.RaftServer$Division (RaftServerImpl.java:setRole(299)) - 607e46f6-8430-4252-8b38-005d1aa49d3c@group-5A7D209CC613: changes role from CANDIDATE to LEADER at term 1 for changeToLeader
2022-09-29 01:23:10,893 [607e46f6-8430-4252-8b38-005d1aa49d3c@group-5A7D209CC613-LeaderElection9] INFO  ratis.XceiverServerRatis (XceiverServerRatis.java:handleLeaderChangedNotification(863)) - Leader change notification received for group: group-5A7D209CC613 with new leaderId: 607e46f6-8430-4252-8b38-005d1aa49d3c
2022-09-29 01:23:10,893 [607e46f6-8430-4252-8b38-005d1aa49d3c@group-5A7D209CC613-LeaderElection9] INFO  server.RaftServer$Division (ServerState.java:setLeader(287)) - 607e46f6-8430-4252-8b38-005d1aa49d3c@group-5A7D209CC613: change Leader from null to 607e46f6-8430-4252-8b38-005d1aa49d3c at term 1 for becomeLeader, leader elected after 5120ms
2022-09-29 01:23:10,894 [607e46f6-8430-4252-8b38-005d1aa49d3c@group-5A7D209CC613-LeaderElection9] INFO  server.RaftServerConfigKeys (ConfUtils.java:logGet(46)) - raft.server.staging.catchup.gap = 1000 (default)
2022-09-29 01:23:10,894 [607e46f6-8430-4252-8b38-005d1aa49d3c@group-5A7D209CC613-LeaderElection9] INFO  server.RaftServerConfigKeys (ConfUtils.java:logGet(46)) - raft.server.write.element-limit = 1024 (custom)
2022-09-29 01:23:10,894 [607e46f6-8430-4252-8b38-005d1aa49d3c@group-5A7D209CC613-LeaderElection9] INFO  server.RaftServerConfigKeys (ConfUtils.java:logGet(46)) - raft.server.write.byte-limit = 1024 M (=1073741824) (custom)
2022-09-29 01:23:10,894 [607e46f6-8430-4252-8b38-005d1aa49d3c@group-5A7D209CC613-LeaderElection9] INFO  server.RaftServerConfigKeys (ConfUtils.java:logGet(46)) - raft.server.watch.timeout = 180s (custom)
2022-09-29 01:23:10,894 [607e46f6-8430-4252-8b38-005d1aa49d3c@group-5A7D209CC613-LeaderElection9] INFO  server.RaftServerConfigKeys (ConfUtils.java:logGet(46)) - raft.server.watch.timeout.denomination = 1s (default)
2022-09-29 01:23:10,897 [EventQueue-OpenPipelineForHealthyPipelineSafeModeRule] INFO  safemode.SCMSafeModeManager (HealthyPipelineSafeModeRule.java:process(137)) - SCM in safe mode. Healthy pipelines reported count is 0, required healthy pipeline reported count is 1
2022-09-29 01:23:10,898 [607e46f6-8430-4252-8b38-005d1aa49d3c@group-5A7D209CC613-LeaderElection9] INFO  server.RaftServerConfigKeys (ConfUtils.java:logGet(46)) - raft.server.watch.element-limit = 65536 (default)
2022-09-29 01:23:10,898 [607e46f6-8430-4252-8b38-005d1aa49d3c@group-5A7D209CC613-LeaderElection9] INFO  server.RaftServerConfigKeys (ConfUtils.java:logGet(46)) - raft.server.write.element-limit = 1024 (custom)
2022-09-29 01:23:10,898 [607e46f6-8430-4252-8b38-005d1aa49d3c@group-5A7D209CC613-LeaderElection9] INFO  server.RaftServerConfigKeys (ConfUtils.java:logGet(46)) - raft.server.write.follower.gap.ratio.max = -1.0 (default)
2022-09-29 01:23:10,898 [607e46f6-8430-4252-8b38-005d1aa49d3c@group-5A7D209CC613-LeaderElection9] INFO  impl.RoleInfo (RoleInfo.java:updateAndGet(139)) - 607e46f6-8430-4252-8b38-005d1aa49d3c: start 607e46f6-8430-4252-8b38-005d1aa49d3c@group-5A7D209CC613-LeaderStateImpl
2022-09-29 01:23:10,899 [607e46f6-8430-4252-8b38-005d1aa49d3c@group-5A7D209CC613-LeaderElection9] INFO  segmented.SegmentedRaftLogWorker (SegmentedRaftLogWorker.java:startLogSegment(425)) - 607e46f6-8430-4252-8b38-005d1aa49d3c@group-5A7D209CC613-SegmentedRaftLogWorker: Starting segment from index:0
2022-09-29 01:23:10,900 [607e46f6-8430-4252-8b38-005d1aa49d3c@group-5A7D209CC613-SegmentedRaftLogWorker] INFO  segmented.SegmentedRaftLogWorker (SegmentedRaftLogWorker.java:execute(629)) - 607e46f6-8430-4252-8b38-005d1aa49d3c@group-5A7D209CC613-SegmentedRaftLogWorker: created new log segment /home/runner/work/ozone/ozone/hadoop-ozone/integration-test/target/test-dir/MiniOzoneClusterImpl-a442e60d-e435-415e-98a9-f45e33772b0d/datanode-1/data/ratis/2b5bec3a-9efc-4676-a043-5a7d209cc613/current/log_inprogress_0
2022-09-29 01:23:10,903 [607e46f6-8430-4252-8b38-005d1aa49d3c@group-5A7D209CC613-LeaderElection9] INFO  server.RaftServer$Division (ServerState.java:setRaftConf(393)) - 607e46f6-8430-4252-8b38-005d1aa49d3c@group-5A7D209CC613: set configuration 0: [607e46f6-8430-4252-8b38-005d1aa49d3c|rpc:10.1.1.32:41899|dataStream:|priority:1], old=null
2022-09-29 01:23:11,088 [Listener at 127.0.0.1/46485] INFO  ozone.MiniOzoneClusterImpl (MiniOzoneClusterImpl.java:lambda$waitForClusterToBeReady$0(216)) - Nodes are ready. Got 3 of 3 DN Heartbeats.
2022-09-29 01:23:11,088 [Listener at 127.0.0.1/46485] INFO  ozone.MiniOzoneClusterImpl (MiniOzoneClusterImpl.java:lambda$waitForClusterToBeReady$0(219)) - Waiting for cluster to exit safe mode
2022-09-29 01:23:11,088 [Listener at 127.0.0.1/46485] INFO  ozone.MiniOzoneClusterImpl (MiniOzoneClusterImpl.java:lambda$waitForClusterToBeReady$0(221)) - SCM became leader
2022-09-29 01:23:11,227 [2d6d5b8e-e752-4562-8a63-86fab6cb8fe2@group-FCDA62EE7B01-FollowerState] INFO  impl.FollowerState (FollowerState.java:run(143)) - 2d6d5b8e-e752-4562-8a63-86fab6cb8fe2@group-FCDA62EE7B01-FollowerState: change to CANDIDATE, lastRpcElapsedTime:5132808604ns, electionTimeout:5131ms
2022-09-29 01:23:11,228 [2d6d5b8e-e752-4562-8a63-86fab6cb8fe2@group-FCDA62EE7B01-FollowerState] INFO  impl.RoleInfo (RoleInfo.java:shutdownFollowerState(110)) - 2d6d5b8e-e752-4562-8a63-86fab6cb8fe2: shutdown 2d6d5b8e-e752-4562-8a63-86fab6cb8fe2@group-FCDA62EE7B01-FollowerState
2022-09-29 01:23:11,228 [2d6d5b8e-e752-4562-8a63-86fab6cb8fe2@group-FCDA62EE7B01-FollowerState] INFO  server.RaftServer$Division (RaftServerImpl.java:setRole(299)) - 2d6d5b8e-e752-4562-8a63-86fab6cb8fe2@group-FCDA62EE7B01: changes role from  FOLLOWER to CANDIDATE at term 0 for changeToCandidate
2022-09-29 01:23:11,228 [2d6d5b8e-e752-4562-8a63-86fab6cb8fe2@group-FCDA62EE7B01-FollowerState] INFO  server.RaftServerConfigKeys (ConfUtils.java:logGet(46)) - raft.server.leaderelection.pre-vote = false (custom)
2022-09-29 01:23:11,228 [2d6d5b8e-e752-4562-8a63-86fab6cb8fe2@group-FCDA62EE7B01-FollowerState] INFO  impl.RoleInfo (RoleInfo.java:updateAndGet(139)) - 2d6d5b8e-e752-4562-8a63-86fab6cb8fe2: start 2d6d5b8e-e752-4562-8a63-86fab6cb8fe2@group-FCDA62EE7B01-LeaderElection10
2022-09-29 01:23:11,234 [2d6d5b8e-e752-4562-8a63-86fab6cb8fe2@group-FCDA62EE7B01-LeaderElection10] INFO  impl.LeaderElection (LeaderElection.java:askForVotes(310)) - 2d6d5b8e-e752-4562-8a63-86fab6cb8fe2@group-FCDA62EE7B01-LeaderElection10 ELECTION round 0: submit vote requests at term 1 for -1: [2d6d5b8e-e752-4562-8a63-86fab6cb8fe2|rpc:10.1.1.32:37041|priority:1], old=null
2022-09-29 01:23:11,234 [2d6d5b8e-e752-4562-8a63-86fab6cb8fe2@group-FCDA62EE7B01-LeaderElection10] INFO  impl.LeaderElection (LeaderElection.java:askForVotes(312)) - 2d6d5b8e-e752-4562-8a63-86fab6cb8fe2@group-FCDA62EE7B01-LeaderElection10 ELECTION round 0: result PASSED (term=1)
2022-09-29 01:23:11,234 [2d6d5b8e-e752-4562-8a63-86fab6cb8fe2@group-FCDA62EE7B01-LeaderElection10] INFO  impl.RoleInfo (RoleInfo.java:shutdownLeaderElection(130)) - 2d6d5b8e-e752-4562-8a63-86fab6cb8fe2: shutdown 2d6d5b8e-e752-4562-8a63-86fab6cb8fe2@group-FCDA62EE7B01-LeaderElection10
2022-09-29 01:23:11,234 [2d6d5b8e-e752-4562-8a63-86fab6cb8fe2@group-FCDA62EE7B01-LeaderElection10] INFO  server.RaftServer$Division (RaftServerImpl.java:setRole(299)) - 2d6d5b8e-e752-4562-8a63-86fab6cb8fe2@group-FCDA62EE7B01: changes role from CANDIDATE to LEADER at term 1 for changeToLeader
2022-09-29 01:23:11,234 [2d6d5b8e-e752-4562-8a63-86fab6cb8fe2@group-FCDA62EE7B01-LeaderElection10] INFO  ratis.XceiverServerRatis (XceiverServerRatis.java:handleLeaderChangedNotification(863)) - Leader change notification received for group: group-FCDA62EE7B01 with new leaderId: 2d6d5b8e-e752-4562-8a63-86fab6cb8fe2
2022-09-29 01:23:11,234 [2d6d5b8e-e752-4562-8a63-86fab6cb8fe2@group-FCDA62EE7B01-LeaderElection10] INFO  server.RaftServer$Division (ServerState.java:setLeader(287)) - 2d6d5b8e-e752-4562-8a63-86fab6cb8fe2@group-FCDA62EE7B01: change Leader from null to 2d6d5b8e-e752-4562-8a63-86fab6cb8fe2 at term 1 for becomeLeader, leader elected after 5149ms
2022-09-29 01:23:11,234 [2d6d5b8e-e752-4562-8a63-86fab6cb8fe2@group-FCDA62EE7B01-LeaderElection10] INFO  server.RaftServerConfigKeys (ConfUtils.java:logGet(46)) - raft.server.staging.catchup.gap = 1000 (default)
2022-09-29 01:23:11,235 [2d6d5b8e-e752-4562-8a63-86fab6cb8fe2@group-FCDA62EE7B01-LeaderElection10] INFO  server.RaftServerConfigKeys (ConfUtils.java:logGet(46)) - raft.server.write.element-limit = 1024 (custom)
2022-09-29 01:23:11,235 [2d6d5b8e-e752-4562-8a63-86fab6cb8fe2@group-FCDA62EE7B01-LeaderElection10] INFO  server.RaftServerConfigKeys (ConfUtils.java:logGet(46)) - raft.server.write.byte-limit = 1024 M (=1073741824) (custom)
2022-09-29 01:23:11,236 [EventQueue-OpenPipelineForHealthyPipelineSafeModeRule] INFO  safemode.SCMSafeModeManager (HealthyPipelineSafeModeRule.java:process(137)) - SCM in safe mode. Healthy pipelines reported count is 0, required healthy pipeline reported count is 1
2022-09-29 01:23:11,237 [2d6d5b8e-e752-4562-8a63-86fab6cb8fe2@group-FCDA62EE7B01-LeaderElection10] INFO  server.RaftServerConfigKeys (ConfUtils.java:logGet(46)) - raft.server.watch.timeout = 180s (custom)
2022-09-29 01:23:11,237 [2d6d5b8e-e752-4562-8a63-86fab6cb8fe2@group-FCDA62EE7B01-LeaderElection10] INFO  server.RaftServerConfigKeys (ConfUtils.java:logGet(46)) - raft.server.watch.timeout.denomination = 1s (default)
2022-09-29 01:23:11,237 [2d6d5b8e-e752-4562-8a63-86fab6cb8fe2@group-FCDA62EE7B01-LeaderElection10] INFO  server.RaftServerConfigKeys (ConfUtils.java:logGet(46)) - raft.server.watch.element-limit = 65536 (default)
2022-09-29 01:23:11,237 [2d6d5b8e-e752-4562-8a63-86fab6cb8fe2@group-FCDA62EE7B01-LeaderElection10] INFO  server.RaftServerConfigKeys (ConfUtils.java:logGet(46)) - raft.server.write.element-limit = 1024 (custom)
2022-09-29 01:23:11,237 [2d6d5b8e-e752-4562-8a63-86fab6cb8fe2@group-FCDA62EE7B01-LeaderElection10] INFO  server.RaftServerConfigKeys (ConfUtils.java:logGet(46)) - raft.server.write.follower.gap.ratio.max = -1.0 (default)
2022-09-29 01:23:11,238 [2d6d5b8e-e752-4562-8a63-86fab6cb8fe2@group-FCDA62EE7B01-LeaderElection10] INFO  impl.RoleInfo (RoleInfo.java:updateAndGet(139)) - 2d6d5b8e-e752-4562-8a63-86fab6cb8fe2: start 2d6d5b8e-e752-4562-8a63-86fab6cb8fe2@group-FCDA62EE7B01-LeaderStateImpl
2022-09-29 01:23:11,238 [2d6d5b8e-e752-4562-8a63-86fab6cb8fe2@group-FCDA62EE7B01-LeaderElection10] INFO  segmented.SegmentedRaftLogWorker (SegmentedRaftLogWorker.java:startLogSegment(425)) - 2d6d5b8e-e752-4562-8a63-86fab6cb8fe2@group-FCDA62EE7B01-SegmentedRaftLogWorker: Starting segment from index:0
2022-09-29 01:23:11,239 [2d6d5b8e-e752-4562-8a63-86fab6cb8fe2@group-FCDA62EE7B01-SegmentedRaftLogWorker] INFO  segmented.SegmentedRaftLogWorker (SegmentedRaftLogWorker.java:execute(629)) - 2d6d5b8e-e752-4562-8a63-86fab6cb8fe2@group-FCDA62EE7B01-SegmentedRaftLogWorker: created new log segment /home/runner/work/ozone/ozone/hadoop-ozone/integration-test/target/test-dir/MiniOzoneClusterImpl-a442e60d-e435-415e-98a9-f45e33772b0d/datanode-2/data/ratis/b3b00d9c-da31-4e21-99da-fcda62ee7b01/current/log_inprogress_0
2022-09-29 01:23:11,241 [2d6d5b8e-e752-4562-8a63-86fab6cb8fe2@group-FCDA62EE7B01-LeaderElection10] INFO  server.RaftServer$Division (ServerState.java:setRaftConf(393)) - 2d6d5b8e-e752-4562-8a63-86fab6cb8fe2@group-FCDA62EE7B01: set configuration 0: [2d6d5b8e-e752-4562-8a63-86fab6cb8fe2|rpc:10.1.1.32:37041|dataStream:|priority:1], old=null
2022-09-29 01:23:12,088 [Listener at 127.0.0.1/46485] INFO  ozone.MiniOzoneClusterImpl (MiniOzoneClusterImpl.java:lambda$waitForClusterToBeReady$0(216)) - Nodes are ready. Got 3 of 3 DN Heartbeats.
2022-09-29 01:23:12,089 [Listener at 127.0.0.1/46485] INFO  ozone.MiniOzoneClusterImpl (MiniOzoneClusterImpl.java:lambda$waitForClusterToBeReady$0(219)) - Waiting for cluster to exit safe mode
2022-09-29 01:23:12,089 [Listener at 127.0.0.1/46485] INFO  ozone.MiniOzoneClusterImpl (MiniOzoneClusterImpl.java:lambda$waitForClusterToBeReady$0(221)) - SCM became leader
2022-09-29 01:23:13,090 [Listener at 127.0.0.1/46485] INFO  ozone.MiniOzoneClusterImpl (MiniOzoneClusterImpl.java:lambda$waitForClusterToBeReady$0(216)) - Nodes are ready. Got 3 of 3 DN Heartbeats.
2022-09-29 01:23:13,090 [Listener at 127.0.0.1/46485] INFO  ozone.MiniOzoneClusterImpl (MiniOzoneClusterImpl.java:lambda$waitForClusterToBeReady$0(219)) - Waiting for cluster to exit safe mode
2022-09-29 01:23:13,090 [Listener at 127.0.0.1/46485] INFO  ozone.MiniOzoneClusterImpl (MiniOzoneClusterImpl.java:lambda$waitForClusterToBeReady$0(221)) - SCM became leader
2022-09-29 01:23:14,090 [Listener at 127.0.0.1/46485] INFO  ozone.MiniOzoneClusterImpl (MiniOzoneClusterImpl.java:lambda$waitForClusterToBeReady$0(216)) - Nodes are ready. Got 3 of 3 DN Heartbeats.
2022-09-29 01:23:14,091 [Listener at 127.0.0.1/46485] INFO  ozone.MiniOzoneClusterImpl (MiniOzoneClusterImpl.java:lambda$waitForClusterToBeReady$0(219)) - Waiting for cluster to exit safe mode
2022-09-29 01:23:14,091 [Listener at 127.0.0.1/46485] INFO  ozone.MiniOzoneClusterImpl (MiniOzoneClusterImpl.java:lambda$waitForClusterToBeReady$0(221)) - SCM became leader
2022-09-29 01:23:15,091 [Listener at 127.0.0.1/46485] INFO  ozone.MiniOzoneClusterImpl (MiniOzoneClusterImpl.java:lambda$waitForClusterToBeReady$0(216)) - Nodes are ready. Got 3 of 3 DN Heartbeats.
2022-09-29 01:23:15,091 [Listener at 127.0.0.1/46485] INFO  ozone.MiniOzoneClusterImpl (MiniOzoneClusterImpl.java:lambda$waitForClusterToBeReady$0(219)) - Waiting for cluster to exit safe mode
2022-09-29 01:23:15,091 [Listener at 127.0.0.1/46485] INFO  ozone.MiniOzoneClusterImpl (MiniOzoneClusterImpl.java:lambda$waitForClusterToBeReady$0(221)) - SCM became leader
2022-09-29 01:23:15,543 [574ea199-4fc5-4e12-82c5-94eb8c91283e@group-A1433E37E7D3-FollowerState] INFO  impl.FollowerState (FollowerState.java:run(143)) - 574ea199-4fc5-4e12-82c5-94eb8c91283e@group-A1433E37E7D3-FollowerState: change to CANDIDATE, lastRpcElapsedTime:5128937628ns, electionTimeout:5127ms
2022-09-29 01:23:15,543 [574ea199-4fc5-4e12-82c5-94eb8c91283e@group-A1433E37E7D3-FollowerState] INFO  impl.RoleInfo (RoleInfo.java:shutdownFollowerState(110)) - 574ea199-4fc5-4e12-82c5-94eb8c91283e: shutdown 574ea199-4fc5-4e12-82c5-94eb8c91283e@group-A1433E37E7D3-FollowerState
2022-09-29 01:23:15,543 [574ea199-4fc5-4e12-82c5-94eb8c91283e@group-A1433E37E7D3-FollowerState] INFO  server.RaftServer$Division (RaftServerImpl.java:setRole(299)) - 574ea199-4fc5-4e12-82c5-94eb8c91283e@group-A1433E37E7D3: changes role from  FOLLOWER to CANDIDATE at term 1 for changeToCandidate
2022-09-29 01:23:15,543 [574ea199-4fc5-4e12-82c5-94eb8c91283e@group-A1433E37E7D3-FollowerState] INFO  server.RaftServerConfigKeys (ConfUtils.java:logGet(46)) - raft.server.leaderelection.pre-vote = false (custom)
2022-09-29 01:23:15,543 [574ea199-4fc5-4e12-82c5-94eb8c91283e@group-A1433E37E7D3-FollowerState] INFO  impl.RoleInfo (RoleInfo.java:updateAndGet(139)) - 574ea199-4fc5-4e12-82c5-94eb8c91283e: start 574ea199-4fc5-4e12-82c5-94eb8c91283e@group-A1433E37E7D3-LeaderElection11
2022-09-29 01:23:15,546 [574ea199-4fc5-4e12-82c5-94eb8c91283e@group-A1433E37E7D3-LeaderElection11] INFO  impl.LeaderElection (LeaderElection.java:askForVotes(310)) - 574ea199-4fc5-4e12-82c5-94eb8c91283e@group-A1433E37E7D3-LeaderElection11 ELECTION round 0: submit vote requests at term 2 for -1: [2d6d5b8e-e752-4562-8a63-86fab6cb8fe2|rpc:10.1.1.32:37041|priority:0, 574ea199-4fc5-4e12-82c5-94eb8c91283e|rpc:10.1.1.32:46123|priority:1, 607e46f6-8430-4252-8b38-005d1aa49d3c|rpc:10.1.1.32:41899|priority:0], old=null
2022-09-29 01:23:15,557 [grpc-default-executor-0] INFO  server.RaftServer$Division (RaftServerImpl.java:requestVote(1152)) - 607e46f6-8430-4252-8b38-005d1aa49d3c@group-A1433E37E7D3: receive requestVote(ELECTION, 574ea199-4fc5-4e12-82c5-94eb8c91283e, group-A1433E37E7D3, 2, (t:0, i:0))
2022-09-29 01:23:15,557 [grpc-default-executor-1] INFO  server.RaftServer$Division (RaftServerImpl.java:requestVote(1152)) - 2d6d5b8e-e752-4562-8a63-86fab6cb8fe2@group-A1433E37E7D3: receive requestVote(ELECTION, 574ea199-4fc5-4e12-82c5-94eb8c91283e, group-A1433E37E7D3, 2, (t:0, i:0))
2022-09-29 01:23:15,557 [grpc-default-executor-0] INFO  impl.VoteContext (VoteContext.java:log(48)) - 607e46f6-8430-4252-8b38-005d1aa49d3c@group-A1433E37E7D3-FOLLOWER: accept ELECTION from 574ea199-4fc5-4e12-82c5-94eb8c91283e: our priority 0 <= candidate's priority 1
2022-09-29 01:23:15,557 [grpc-default-executor-0] INFO  server.RaftServer$Division (RaftServerImpl.java:setRole(299)) - 607e46f6-8430-4252-8b38-005d1aa49d3c@group-A1433E37E7D3: changes role from  FOLLOWER to FOLLOWER at term 2 for candidate:574ea199-4fc5-4e12-82c5-94eb8c91283e
2022-09-29 01:23:15,557 [grpc-default-executor-0] INFO  impl.RoleInfo (RoleInfo.java:shutdownFollowerState(110)) - 607e46f6-8430-4252-8b38-005d1aa49d3c: shutdown 607e46f6-8430-4252-8b38-005d1aa49d3c@group-A1433E37E7D3-FollowerState
2022-09-29 01:23:15,558 [grpc-default-executor-0] INFO  impl.RoleInfo (RoleInfo.java:updateAndGet(139)) - 607e46f6-8430-4252-8b38-005d1aa49d3c: start 607e46f6-8430-4252-8b38-005d1aa49d3c@group-A1433E37E7D3-FollowerState
2022-09-29 01:23:15,558 [607e46f6-8430-4252-8b38-005d1aa49d3c@group-A1433E37E7D3-FollowerState] INFO  impl.FollowerState (FollowerState.java:run(152)) - 607e46f6-8430-4252-8b38-005d1aa49d3c@group-A1433E37E7D3-FollowerState was interrupted
2022-09-29 01:23:15,557 [grpc-default-executor-1] INFO  impl.VoteContext (VoteContext.java:log(48)) - 2d6d5b8e-e752-4562-8a63-86fab6cb8fe2@group-A1433E37E7D3-FOLLOWER: accept ELECTION from 574ea199-4fc5-4e12-82c5-94eb8c91283e: our priority 0 <= candidate's priority 1
2022-09-29 01:23:15,558 [grpc-default-executor-1] INFO  server.RaftServer$Division (RaftServerImpl.java:setRole(299)) - 2d6d5b8e-e752-4562-8a63-86fab6cb8fe2@group-A1433E37E7D3: changes role from  FOLLOWER to FOLLOWER at term 2 for candidate:574ea199-4fc5-4e12-82c5-94eb8c91283e
2022-09-29 01:23:15,558 [grpc-default-executor-1] INFO  impl.RoleInfo (RoleInfo.java:shutdownFollowerState(110)) - 2d6d5b8e-e752-4562-8a63-86fab6cb8fe2: shutdown 2d6d5b8e-e752-4562-8a63-86fab6cb8fe2@group-A1433E37E7D3-FollowerState
2022-09-29 01:23:15,558 [grpc-default-executor-1] INFO  impl.RoleInfo (RoleInfo.java:updateAndGet(139)) - 2d6d5b8e-e752-4562-8a63-86fab6cb8fe2: start 2d6d5b8e-e752-4562-8a63-86fab6cb8fe2@group-A1433E37E7D3-FollowerState
2022-09-29 01:23:15,558 [2d6d5b8e-e752-4562-8a63-86fab6cb8fe2@group-A1433E37E7D3-FollowerState] INFO  impl.FollowerState (FollowerState.java:run(152)) - 2d6d5b8e-e752-4562-8a63-86fab6cb8fe2@group-A1433E37E7D3-FollowerState was interrupted
2022-09-29 01:23:15,559 [grpc-default-executor-0] INFO  server.RaftServer$Division (RaftServerImpl.java:requestVote(1184)) - 607e46f6-8430-4252-8b38-005d1aa49d3c@group-A1433E37E7D3 replies to ELECTION vote request: 574ea199-4fc5-4e12-82c5-94eb8c91283e<-607e46f6-8430-4252-8b38-005d1aa49d3c#0:OK-t2. Peer's state: 607e46f6-8430-4252-8b38-005d1aa49d3c@group-A1433E37E7D3:t2, leader=null, voted=574ea199-4fc5-4e12-82c5-94eb8c91283e, raftlog=607e46f6-8430-4252-8b38-005d1aa49d3c@group-A1433E37E7D3-SegmentedRaftLog:OPENED:c-1, conf=-1: [2d6d5b8e-e752-4562-8a63-86fab6cb8fe2|rpc:10.1.1.32:37041|dataStream:|priority:0, 574ea199-4fc5-4e12-82c5-94eb8c91283e|rpc:10.1.1.32:46123|dataStream:|priority:1, 607e46f6-8430-4252-8b38-005d1aa49d3c|rpc:10.1.1.32:41899|dataStream:|priority:0], old=null
2022-09-29 01:23:15,561 [grpc-default-executor-1] INFO  server.RaftServer$Division (RaftServerImpl.java:requestVote(1184)) - 2d6d5b8e-e752-4562-8a63-86fab6cb8fe2@group-A1433E37E7D3 replies to ELECTION vote request: 574ea199-4fc5-4e12-82c5-94eb8c91283e<-2d6d5b8e-e752-4562-8a63-86fab6cb8fe2#0:OK-t2. Peer's state: 2d6d5b8e-e752-4562-8a63-86fab6cb8fe2@group-A1433E37E7D3:t2, leader=null, voted=574ea199-4fc5-4e12-82c5-94eb8c91283e, raftlog=2d6d5b8e-e752-4562-8a63-86fab6cb8fe2@group-A1433E37E7D3-SegmentedRaftLog:OPENED:c-1, conf=-1: [2d6d5b8e-e752-4562-8a63-86fab6cb8fe2|rpc:10.1.1.32:37041|dataStream:|priority:0, 574ea199-4fc5-4e12-82c5-94eb8c91283e|rpc:10.1.1.32:46123|dataStream:|priority:1, 607e46f6-8430-4252-8b38-005d1aa49d3c|rpc:10.1.1.32:41899|dataStream:|priority:0], old=null
2022-09-29 01:23:15,562 [574ea199-4fc5-4e12-82c5-94eb8c91283e@group-A1433E37E7D3-LeaderElection11] INFO  impl.LeaderElection (LeaderElection.java:logAndReturn(90)) - 574ea199-4fc5-4e12-82c5-94eb8c91283e@group-A1433E37E7D3-LeaderElection11: ELECTION PASSED received 1 response(s) and 0 exception(s):
2022-09-29 01:23:15,562 [574ea199-4fc5-4e12-82c5-94eb8c91283e@group-A1433E37E7D3-LeaderElection11] INFO  impl.LeaderElection (LeaderElection.java:logAndReturn(94)) -   Response 0: 574ea199-4fc5-4e12-82c5-94eb8c91283e<-2d6d5b8e-e752-4562-8a63-86fab6cb8fe2#0:OK-t2
2022-09-29 01:23:15,562 [574ea199-4fc5-4e12-82c5-94eb8c91283e@group-A1433E37E7D3-LeaderElection11] INFO  impl.LeaderElection (LeaderElection.java:askForVotes(312)) - 574ea199-4fc5-4e12-82c5-94eb8c91283e@group-A1433E37E7D3-LeaderElection11 ELECTION round 0: result PASSED
2022-09-29 01:23:15,562 [574ea199-4fc5-4e12-82c5-94eb8c91283e@group-A1433E37E7D3-LeaderElection11] INFO  impl.RoleInfo (RoleInfo.java:shutdownLeaderElection(130)) - 574ea199-4fc5-4e12-82c5-94eb8c91283e: shutdown 574ea199-4fc5-4e12-82c5-94eb8c91283e@group-A1433E37E7D3-LeaderElection11
2022-09-29 01:23:15,562 [574ea199-4fc5-4e12-82c5-94eb8c91283e@group-A1433E37E7D3-LeaderElection11] INFO  server.RaftServer$Division (RaftServerImpl.java:setRole(299)) - 574ea199-4fc5-4e12-82c5-94eb8c91283e@group-A1433E37E7D3: changes role from CANDIDATE to LEADER at term 2 for changeToLeader
2022-09-29 01:23:15,562 [574ea199-4fc5-4e12-82c5-94eb8c91283e@group-A1433E37E7D3-LeaderElection11] INFO  ratis.XceiverServerRatis (XceiverServerRatis.java:handleLeaderChangedNotification(863)) - Leader change notification received for group: group-A1433E37E7D3 with new leaderId: 574ea199-4fc5-4e12-82c5-94eb8c91283e
2022-09-29 01:23:15,562 [574ea199-4fc5-4e12-82c5-94eb8c91283e@group-A1433E37E7D3-LeaderElection11] INFO  server.RaftServer$Division (ServerState.java:setLeader(287)) - 574ea199-4fc5-4e12-82c5-94eb8c91283e@group-A1433E37E7D3: change Leader from null to 574ea199-4fc5-4e12-82c5-94eb8c91283e at term 2 for becomeLeader, leader elected after 10285ms
2022-09-29 01:23:15,562 [574ea199-4fc5-4e12-82c5-94eb8c91283e@group-A1433E37E7D3-LeaderElection11] INFO  server.RaftServerConfigKeys (ConfUtils.java:logGet(46)) - raft.server.staging.catchup.gap = 1000 (default)
2022-09-29 01:23:15,563 [574ea199-4fc5-4e12-82c5-94eb8c91283e@group-A1433E37E7D3-LeaderElection11] INFO  server.RaftServerConfigKeys (ConfUtils.java:logGet(46)) - raft.server.write.element-limit = 1024 (custom)
2022-09-29 01:23:15,563 [574ea199-4fc5-4e12-82c5-94eb8c91283e@group-A1433E37E7D3-LeaderElection11] INFO  server.RaftServerConfigKeys (ConfUtils.java:logGet(46)) - raft.server.write.byte-limit = 1024 M (=1073741824) (custom)
2022-09-29 01:23:15,563 [574ea199-4fc5-4e12-82c5-94eb8c91283e@group-A1433E37E7D3-LeaderElection11] INFO  server.RaftServerConfigKeys (ConfUtils.java:logGet(46)) - raft.server.watch.timeout = 180s (custom)
2022-09-29 01:23:15,563 [574ea199-4fc5-4e12-82c5-94eb8c91283e@group-A1433E37E7D3-LeaderElection11] INFO  server.RaftServerConfigKeys (ConfUtils.java:logGet(46)) - raft.server.watch.timeout.denomination = 1s (default)
2022-09-29 01:23:15,563 [574ea199-4fc5-4e12-82c5-94eb8c91283e@group-A1433E37E7D3-LeaderElection11] INFO  server.RaftServerConfigKeys (ConfUtils.java:logGet(46)) - raft.server.watch.element-limit = 65536 (default)
2022-09-29 01:23:15,563 [574ea199-4fc5-4e12-82c5-94eb8c91283e@group-A1433E37E7D3-LeaderElection11] INFO  server.RaftServerConfigKeys (ConfUtils.java:logGet(46)) - raft.server.write.element-limit = 1024 (custom)
2022-09-29 01:23:15,563 [574ea199-4fc5-4e12-82c5-94eb8c91283e@group-A1433E37E7D3-LeaderElection11] INFO  server.RaftServerConfigKeys (ConfUtils.java:logGet(46)) - raft.server.write.follower.gap.ratio.max = -1.0 (default)
2022-09-29 01:23:15,564 [574ea199-4fc5-4e12-82c5-94eb8c91283e@group-A1433E37E7D3-LeaderElection11] INFO  server.RaftServerConfigKeys (ConfUtils.java:logGet(46)) - raft.server.log.appender.snapshot.chunk.size.max = 16MB (=16777216) (default)
2022-09-29 01:23:15,564 [574ea199-4fc5-4e12-82c5-94eb8c91283e@group-A1433E37E7D3-LeaderElection11] INFO  server.RaftServerConfigKeys (ConfUtils.java:logGet(46)) - raft.server.log.appender.buffer.byte-limit = 33554432 (custom)
2022-09-29 01:23:15,564 [574ea199-4fc5-4e12-82c5-94eb8c91283e@group-A1433E37E7D3-LeaderElection11] INFO  server.RaftServerConfigKeys (ConfUtils.java:logGet(46)) - raft.server.log.appender.buffer.element-limit = 1 (custom)
2022-09-29 01:23:15,564 [574ea199-4fc5-4e12-82c5-94eb8c91283e@group-A1433E37E7D3-LeaderElection11] INFO  grpc.GrpcConfigKeys (ConfUtils.java:logGet(46)) - raft.grpc.server.leader.outstanding.appends.max = 128 (default)
2022-09-29 01:23:15,564 [574ea199-4fc5-4e12-82c5-94eb8c91283e@group-A1433E37E7D3-LeaderElection11] INFO  server.RaftServerConfigKeys (ConfUtils.java:logGet(46)) - raft.server.rpc.request.timeout = 60s (custom)
2022-09-29 01:23:15,564 [EventQueue-PipelineReportForPipelineReportHandler] INFO  pipeline.PipelineManagerImpl (PipelineManagerImpl.java:openPipeline(367)) - Pipeline Pipeline[ Id: 7134ed8b-2986-49c9-be5f-a1433e37e7d3, Nodes: 574ea199-4fc5-4e12-82c5-94eb8c91283e{ip: 10.1.1.32, host: fv-az182-579.xlcsutvm5t3ellfcnbcbis3udb.bx.internal.cloudapp.net, ports: [REPLICATION=44127, RATIS=46123, RATIS_ADMIN=46123, RATIS_SERVER=46123, STANDALONE=39911], networkLocation: /default-rack, certSerialId: null, persistedOpState: IN_SERVICE, persistedOpStateExpiryEpochSec: 0}607e46f6-8430-4252-8b38-005d1aa49d3c{ip: 10.1.1.32, host: fv-az182-579.xlcsutvm5t3ellfcnbcbis3udb.bx.internal.cloudapp.net, ports: [REPLICATION=45993, RATIS=41899, RATIS_ADMIN=41899, RATIS_SERVER=41899, STANDALONE=40675], networkLocation: /default-rack, certSerialId: null, persistedOpState: IN_SERVICE, persistedOpStateExpiryEpochSec: 0}2d6d5b8e-e752-4562-8a63-86fab6cb8fe2{ip: 10.1.1.32, host: fv-az182-579.xlcsutvm5t3ellfcnbcbis3udb.bx.internal.cloudapp.net, ports: [REPLICATION=45541, RATIS=37041, RATIS_ADMIN=37041, RATIS_SERVER=37041, STANDALONE=42433], networkLocation: /default-rack, certSerialId: null, persistedOpState: IN_SERVICE, persistedOpStateExpiryEpochSec: 0}, ReplicationConfig: RATIS/THREE, State:ALLOCATED, leaderId:574ea199-4fc5-4e12-82c5-94eb8c91283e, CreationTimestamp2022-09-29T01:23:03.088Z[Etc/UTC]] moved to OPEN state
2022-09-29 01:23:15,564 [574ea199-4fc5-4e12-82c5-94eb8c91283e@group-A1433E37E7D3-LeaderElection11] INFO  server.RaftServerConfigKeys (ConfUtils.java:logGet(46)) - raft.server.log.appender.install.snapshot.enabled = false (custom)
2022-09-29 01:23:15,565 [574ea199-4fc5-4e12-82c5-94eb8c91283e@group-A1433E37E7D3-LeaderElection11] INFO  server.RaftServerConfigKeys (ConfUtils.java:logGet(46)) - raft.server.log.appender.snapshot.chunk.size.max = 16MB (=16777216) (default)
2022-09-29 01:23:15,565 [574ea199-4fc5-4e12-82c5-94eb8c91283e@group-A1433E37E7D3-LeaderElection11] INFO  server.RaftServerConfigKeys (ConfUtils.java:logGet(46)) - raft.server.log.appender.buffer.byte-limit = 33554432 (custom)
2022-09-29 01:23:15,565 [574ea199-4fc5-4e12-82c5-94eb8c91283e@group-A1433E37E7D3-LeaderElection11] INFO  server.RaftServerConfigKeys (ConfUtils.java:logGet(46)) - raft.server.log.appender.buffer.element-limit = 1 (custom)
2022-09-29 01:23:15,566 [574ea199-4fc5-4e12-82c5-94eb8c91283e@group-A1433E37E7D3-LeaderElection11] INFO  grpc.GrpcConfigKeys (ConfUtils.java:logGet(46)) - raft.grpc.server.leader.outstanding.appends.max = 128 (default)
2022-09-29 01:23:15,566 [574ea199-4fc5-4e12-82c5-94eb8c91283e@group-A1433E37E7D3-LeaderElection11] INFO  server.RaftServerConfigKeys (ConfUtils.java:logGet(46)) - raft.server.rpc.request.timeout = 60s (custom)
2022-09-29 01:23:15,566 [574ea199-4fc5-4e12-82c5-94eb8c91283e@group-A1433E37E7D3-LeaderElection11] INFO  server.RaftServerConfigKeys (ConfUtils.java:logGet(46)) - raft.server.log.appender.install.snapshot.enabled = false (custom)
2022-09-29 01:23:15,566 [574ea199-4fc5-4e12-82c5-94eb8c91283e@group-A1433E37E7D3-LeaderElection11] INFO  impl.RoleInfo (RoleInfo.java:updateAndGet(139)) - 574ea199-4fc5-4e12-82c5-94eb8c91283e: start 574ea199-4fc5-4e12-82c5-94eb8c91283e@group-A1433E37E7D3-LeaderStateImpl
2022-09-29 01:23:15,566 [574ea199-4fc5-4e12-82c5-94eb8c91283e@group-A1433E37E7D3-LeaderElection11] INFO  segmented.SegmentedRaftLogWorker (SegmentedRaftLogWorker.java:startLogSegment(425)) - 574ea199-4fc5-4e12-82c5-94eb8c91283e@group-A1433E37E7D3-SegmentedRaftLogWorker: Starting segment from index:0
2022-09-29 01:23:15,567 [574ea199-4fc5-4e12-82c5-94eb8c91283e@group-A1433E37E7D3-SegmentedRaftLogWorker] INFO  segmented.SegmentedRaftLogWorker (SegmentedRaftLogWorker.java:execute(629)) - 574ea199-4fc5-4e12-82c5-94eb8c91283e@group-A1433E37E7D3-SegmentedRaftLogWorker: created new log segment /home/runner/work/ozone/ozone/hadoop-ozone/integration-test/target/test-dir/MiniOzoneClusterImpl-a442e60d-e435-415e-98a9-f45e33772b0d/datanode-0/data/ratis/7134ed8b-2986-49c9-be5f-a1433e37e7d3/current/log_inprogress_0
2022-09-29 01:23:15,564 [EventQueue-OpenPipelineForHealthyPipelineSafeModeRule] INFO  safemode.SCMSafeModeManager (HealthyPipelineSafeModeRule.java:process(137)) - SCM in safe mode. Healthy pipelines reported count is 0, required healthy pipeline reported count is 1
2022-09-29 01:23:15,576 [EventQueue-OpenPipelineForHealthyPipelineSafeModeRule] INFO  safemode.SCMSafeModeManager (HealthyPipelineSafeModeRule.java:process(137)) - SCM in safe mode. Healthy pipelines reported count is 1, required healthy pipeline reported count is 1
2022-09-29 01:23:15,577 [EventQueue-OpenPipelineForHealthyPipelineSafeModeRule] INFO  safemode.SCMSafeModeManager (SCMSafeModeManager.java:validateSafeModeExitRules(204)) - HealthyPipelineSafeModeRule rule is successfully validated
2022-09-29 01:23:15,577 [EventQueue-OpenPipelineForHealthyPipelineSafeModeRule] INFO  safemode.SCMSafeModeManager (SCMSafeModeManager.java:validateSafeModeExitRules(219)) - ScmSafeModeManager, all rules are successfully validated
2022-09-29 01:23:15,577 [EventQueue-OpenPipelineForHealthyPipelineSafeModeRule] INFO  safemode.SCMSafeModeManager (SCMSafeModeManager.java:exitSafeMode(248)) - SCM exiting safe mode.
2022-09-29 01:23:15,577 [EventQueue-OpenPipelineForHealthyPipelineSafeModeRule] WARN  events.EventQueue (EventQueue.java:fireEvent(216)) - No event handler registered for event TypedEvent{payloadType=SafeModeStatus, name='Safe mode status'}
2022-09-29 01:23:15,577 [EventQueue-OpenPipelineForHealthyPipelineSafeModeRule] INFO  ha.SCMContext (SCMContext.java:updateSafeModeStatus(228)) - Update SafeModeStatus from SafeModeStatus{safeModeStatus=true, preCheckPassed=true} to SafeModeStatus{safeModeStatus=false, preCheckPassed=true}.
2022-09-29 01:23:15,577 [EventQueue-OpenPipelineForHealthyPipelineSafeModeRule] INFO  pipeline.BackgroundPipelineCreator (BackgroundPipelineCreator.java:notifyStatusChanged(254)) - Service BackgroundPipelineCreator transitions to RUNNING.
2022-09-29 01:23:15,577 [EventQueue-OpenPipelineForHealthyPipelineSafeModeRule] INFO  BackgroundPipelineScrubber (BackgroundSCMService.java:notifyStatusChanged(82)) - Service BackgroundPipelineScrubber transitions to RUNNING.
2022-09-29 01:23:15,577 [EventQueue-OpenPipelineForHealthyPipelineSafeModeRule] INFO  ExpiredContainerReplicaOpScrubber (BackgroundSCMService.java:notifyStatusChanged(82)) - Service ExpiredContainerReplicaOpScrubber transitions to RUNNING.
2022-09-29 01:23:15,577 [EventQueue-OpenPipelineForHealthyPipelineSafeModeRule] INFO  replication.ReplicationManager (ReplicationManager.java:notifyStatusChanged(728)) - Service ReplicationManager transitions to RUNNING.
2022-09-29 01:23:15,580 [EventQueue-OpenPipelineForHealthyPipelineSafeModeRule] WARN  balancer.ContainerBalancer (ContainerBalancer.java:shouldRun(936)) - Could not find persisted configuration for ContainerBalancer when checking if ContainerBalancer should run. ContainerBalancer should not run now.
2022-09-29 01:23:15,584 [574ea199-4fc5-4e12-82c5-94eb8c91283e@group-A1433E37E7D3-LeaderElection11] INFO  server.RaftServer$Division (ServerState.java:setRaftConf(393)) - 574ea199-4fc5-4e12-82c5-94eb8c91283e@group-A1433E37E7D3: set configuration 0: [2d6d5b8e-e752-4562-8a63-86fab6cb8fe2|rpc:10.1.1.32:37041|dataStream:|priority:0, 574ea199-4fc5-4e12-82c5-94eb8c91283e|rpc:10.1.1.32:46123|dataStream:|priority:1, 607e46f6-8430-4252-8b38-005d1aa49d3c|rpc:10.1.1.32:41899|dataStream:|priority:0], old=null
2022-09-29 01:23:15,588 [2d6d5b8e-e752-4562-8a63-86fab6cb8fe2-server-thread1] INFO  ratis.XceiverServerRatis (XceiverServerRatis.java:handleLeaderChangedNotification(863)) - Leader change notification received for group: group-A1433E37E7D3 with new leaderId: 574ea199-4fc5-4e12-82c5-94eb8c91283e
2022-09-29 01:23:15,588 [2d6d5b8e-e752-4562-8a63-86fab6cb8fe2-server-thread1] INFO  server.RaftServer$Division (ServerState.java:setLeader(287)) - 2d6d5b8e-e752-4562-8a63-86fab6cb8fe2@group-A1433E37E7D3: change Leader from null to 574ea199-4fc5-4e12-82c5-94eb8c91283e at term 2 for appendEntries, leader elected after 10156ms
2022-09-29 01:23:15,588 [607e46f6-8430-4252-8b38-005d1aa49d3c-server-thread1] INFO  ratis.XceiverServerRatis (XceiverServerRatis.java:handleLeaderChangedNotification(863)) - Leader change notification received for group: group-A1433E37E7D3 with new leaderId: 574ea199-4fc5-4e12-82c5-94eb8c91283e
2022-09-29 01:23:15,588 [607e46f6-8430-4252-8b38-005d1aa49d3c-server-thread1] INFO  server.RaftServer$Division (ServerState.java:setLeader(287)) - 607e46f6-8430-4252-8b38-005d1aa49d3c@group-A1433E37E7D3: change Leader from null to 574ea199-4fc5-4e12-82c5-94eb8c91283e at term 2 for appendEntries, leader elected after 10219ms
2022-09-29 01:23:15,596 [607e46f6-8430-4252-8b38-005d1aa49d3c-server-thread1] INFO  server.RaftServer$Division (ServerState.java:setRaftConf(393)) - 607e46f6-8430-4252-8b38-005d1aa49d3c@group-A1433E37E7D3: set configuration 0: [2d6d5b8e-e752-4562-8a63-86fab6cb8fe2|rpc:10.1.1.32:37041|dataStream:|priority:0, 574ea199-4fc5-4e12-82c5-94eb8c91283e|rpc:10.1.1.32:46123|dataStream:|priority:1, 607e46f6-8430-4252-8b38-005d1aa49d3c|rpc:10.1.1.32:41899|dataStream:|priority:0], old=null
2022-09-29 01:23:15,596 [607e46f6-8430-4252-8b38-005d1aa49d3c-server-thread1] INFO  segmented.SegmentedRaftLogWorker (SegmentedRaftLogWorker.java:startLogSegment(425)) - 607e46f6-8430-4252-8b38-005d1aa49d3c@group-A1433E37E7D3-SegmentedRaftLogWorker: Starting segment from index:0
2022-09-29 01:23:15,598 [2d6d5b8e-e752-4562-8a63-86fab6cb8fe2-server-thread1] INFO  server.RaftServer$Division (ServerState.java:setRaftConf(393)) - 2d6d5b8e-e752-4562-8a63-86fab6cb8fe2@group-A1433E37E7D3: set configuration 0: [2d6d5b8e-e752-4562-8a63-86fab6cb8fe2|rpc:10.1.1.32:37041|dataStream:|priority:0, 574ea199-4fc5-4e12-82c5-94eb8c91283e|rpc:10.1.1.32:46123|dataStream:|priority:1, 607e46f6-8430-4252-8b38-005d1aa49d3c|rpc:10.1.1.32:41899|dataStream:|priority:0], old=null
2022-09-29 01:23:15,598 [2d6d5b8e-e752-4562-8a63-86fab6cb8fe2-server-thread1] INFO  segmented.SegmentedRaftLogWorker (SegmentedRaftLogWorker.java:startLogSegment(425)) - 2d6d5b8e-e752-4562-8a63-86fab6cb8fe2@group-A1433E37E7D3-SegmentedRaftLogWorker: Starting segment from index:0
2022-09-29 01:23:15,598 [607e46f6-8430-4252-8b38-005d1aa49d3c@group-A1433E37E7D3-SegmentedRaftLogWorker] INFO  segmented.SegmentedRaftLogWorker (SegmentedRaftLogWorker.java:execute(629)) - 607e46f6-8430-4252-8b38-005d1aa49d3c@group-A1433E37E7D3-SegmentedRaftLogWorker: created new log segment /home/runner/work/ozone/ozone/hadoop-ozone/integration-test/target/test-dir/MiniOzoneClusterImpl-a442e60d-e435-415e-98a9-f45e33772b0d/datanode-1/data/ratis/7134ed8b-2986-49c9-be5f-a1433e37e7d3/current/log_inprogress_0
2022-09-29 01:23:15,599 [2d6d5b8e-e752-4562-8a63-86fab6cb8fe2@group-A1433E37E7D3-SegmentedRaftLogWorker] INFO  segmented.SegmentedRaftLogWorker (SegmentedRaftLogWorker.java:execute(629)) - 2d6d5b8e-e752-4562-8a63-86fab6cb8fe2@group-A1433E37E7D3-SegmentedRaftLogWorker: created new log segment /home/runner/work/ozone/ozone/hadoop-ozone/integration-test/target/test-dir/MiniOzoneClusterImpl-a442e60d-e435-415e-98a9-f45e33772b0d/datanode-2/data/ratis/7134ed8b-2986-49c9-be5f-a1433e37e7d3/current/log_inprogress_0
2022-09-29 01:23:15,627 [574ea199-4fc5-4e12-82c5-94eb8c91283e@group-20810F2C5144-FollowerState] INFO  impl.FollowerState (FollowerState.java:run(143)) - 574ea199-4fc5-4e12-82c5-94eb8c91283e@group-20810F2C5144-FollowerState: change to CANDIDATE, lastRpcElapsedTime:5063858691ns, electionTimeout:5063ms
2022-09-29 01:23:15,627 [574ea199-4fc5-4e12-82c5-94eb8c91283e@group-20810F2C5144-FollowerState] INFO  impl.RoleInfo (RoleInfo.java:shutdownFollowerState(110)) - 574ea199-4fc5-4e12-82c5-94eb8c91283e: shutdown 574ea199-4fc5-4e12-82c5-94eb8c91283e@group-20810F2C5144-FollowerState
2022-09-29 01:23:15,627 [574ea199-4fc5-4e12-82c5-94eb8c91283e@group-20810F2C5144-FollowerState] INFO  server.RaftServer$Division (RaftServerImpl.java:setRole(299)) - 574ea199-4fc5-4e12-82c5-94eb8c91283e@group-20810F2C5144: changes role from  FOLLOWER to CANDIDATE at term 1 for changeToCandidate
2022-09-29 01:23:15,627 [574ea199-4fc5-4e12-82c5-94eb8c91283e@group-20810F2C5144-FollowerState] INFO  server.RaftServerConfigKeys (ConfUtils.java:logGet(46)) - raft.server.leaderelection.pre-vote = false (custom)
2022-09-29 01:23:15,627 [574ea199-4fc5-4e12-82c5-94eb8c91283e@group-20810F2C5144-FollowerState] INFO  impl.RoleInfo (RoleInfo.java:updateAndGet(139)) - 574ea199-4fc5-4e12-82c5-94eb8c91283e: start 574ea199-4fc5-4e12-82c5-94eb8c91283e@group-20810F2C5144-LeaderElection12
2022-09-29 01:23:15,629 [574ea199-4fc5-4e12-82c5-94eb8c91283e@group-20810F2C5144-LeaderElection12] INFO  impl.LeaderElection (LeaderElection.java:askForVotes(310)) - 574ea199-4fc5-4e12-82c5-94eb8c91283e@group-20810F2C5144-LeaderElection12 ELECTION round 0: submit vote requests at term 2 for -1: [2d6d5b8e-e752-4562-8a63-86fab6cb8fe2|rpc:10.1.1.32:37041|priority:1, 574ea199-4fc5-4e12-82c5-94eb8c91283e|rpc:10.1.1.32:46123|priority:0, 607e46f6-8430-4252-8b38-005d1aa49d3c|rpc:10.1.1.32:41899|priority:0], old=null
2022-09-29 01:23:15,632 [grpc-default-executor-0] INFO  server.RaftServer$Division (RaftServerImpl.java:requestVote(1152)) - 607e46f6-8430-4252-8b38-005d1aa49d3c@group-20810F2C5144: receive requestVote(ELECTION, 574ea199-4fc5-4e12-82c5-94eb8c91283e, group-20810F2C5144, 2, (t:0, i:0))
2022-09-29 01:23:15,633 [grpc-default-executor-0] INFO  impl.VoteContext (VoteContext.java:log(48)) - 607e46f6-8430-4252-8b38-005d1aa49d3c@group-20810F2C5144-FOLLOWER: accept ELECTION from 574ea199-4fc5-4e12-82c5-94eb8c91283e: our priority 0 <= candidate's priority 0
2022-09-29 01:23:15,633 [grpc-default-executor-0] INFO  server.RaftServer$Division (RaftServerImpl.java:setRole(299)) - 607e46f6-8430-4252-8b38-005d1aa49d3c@group-20810F2C5144: changes role from  FOLLOWER to FOLLOWER at term 2 for candidate:574ea199-4fc5-4e12-82c5-94eb8c91283e
2022-09-29 01:23:15,633 [grpc-default-executor-0] INFO  impl.RoleInfo (RoleInfo.java:shutdownFollowerState(110)) - 607e46f6-8430-4252-8b38-005d1aa49d3c: shutdown 607e46f6-8430-4252-8b38-005d1aa49d3c@group-20810F2C5144-FollowerState
2022-09-29 01:23:15,633 [grpc-default-executor-0] INFO  impl.RoleInfo (RoleInfo.java:updateAndGet(139)) - 607e46f6-8430-4252-8b38-005d1aa49d3c: start 607e46f6-8430-4252-8b38-005d1aa49d3c@group-20810F2C5144-FollowerState
2022-09-29 01:23:15,634 [607e46f6-8430-4252-8b38-005d1aa49d3c@group-20810F2C5144-FollowerState] INFO  impl.FollowerState (FollowerState.java:run(152)) - 607e46f6-8430-4252-8b38-005d1aa49d3c@group-20810F2C5144-FollowerState was interrupted
2022-09-29 01:23:15,641 [grpc-default-executor-1] INFO  server.RaftServer$Division (RaftServerImpl.java:requestVote(1152)) - 2d6d5b8e-e752-4562-8a63-86fab6cb8fe2@group-20810F2C5144: receive requestVote(ELECTION, 574ea199-4fc5-4e12-82c5-94eb8c91283e, group-20810F2C5144, 2, (t:0, i:0))
2022-09-29 01:23:15,642 [grpc-default-executor-1] INFO  impl.VoteContext (VoteContext.java:log(48)) - 2d6d5b8e-e752-4562-8a63-86fab6cb8fe2@group-20810F2C5144-FOLLOWER: reject ELECTION from 574ea199-4fc5-4e12-82c5-94eb8c91283e: our priority 1 > candidate's priority 0
2022-09-29 01:23:15,642 [grpc-default-executor-1] INFO  server.RaftServer$Division (RaftServerImpl.java:setRole(299)) - 2d6d5b8e-e752-4562-8a63-86fab6cb8fe2@group-20810F2C5144: changes role from  FOLLOWER to FOLLOWER at term 2 for candidate:574ea199-4fc5-4e12-82c5-94eb8c91283e
2022-09-29 01:23:15,642 [grpc-default-executor-1] INFO  impl.RoleInfo (RoleInfo.java:shutdownFollowerState(110)) - 2d6d5b8e-e752-4562-8a63-86fab6cb8fe2: shutdown 2d6d5b8e-e752-4562-8a63-86fab6cb8fe2@group-20810F2C5144-FollowerState
2022-09-29 01:23:15,642 [grpc-default-executor-1] INFO  impl.RoleInfo (RoleInfo.java:updateAndGet(139)) - 2d6d5b8e-e752-4562-8a63-86fab6cb8fe2: start 2d6d5b8e-e752-4562-8a63-86fab6cb8fe2@group-20810F2C5144-FollowerState
2022-09-29 01:23:15,644 [grpc-default-executor-0] INFO  server.RaftServer$Division (RaftServerImpl.java:requestVote(1184)) - 607e46f6-8430-4252-8b38-005d1aa49d3c@group-20810F2C5144 replies to ELECTION vote request: 574ea199-4fc5-4e12-82c5-94eb8c91283e<-607e46f6-8430-4252-8b38-005d1aa49d3c#0:OK-t2. Peer's state: 607e46f6-8430-4252-8b38-005d1aa49d3c@group-20810F2C5144:t2, leader=null, voted=574ea199-4fc5-4e12-82c5-94eb8c91283e, raftlog=607e46f6-8430-4252-8b38-005d1aa49d3c@group-20810F2C5144-SegmentedRaftLog:OPENED:c-1, conf=-1: [2d6d5b8e-e752-4562-8a63-86fab6cb8fe2|rpc:10.1.1.32:37041|dataStream:|priority:1, 574ea199-4fc5-4e12-82c5-94eb8c91283e|rpc:10.1.1.32:46123|dataStream:|priority:0, 607e46f6-8430-4252-8b38-005d1aa49d3c|rpc:10.1.1.32:41899|dataStream:|priority:0], old=null
2022-09-29 01:23:15,646 [2d6d5b8e-e752-4562-8a63-86fab6cb8fe2@group-20810F2C5144-FollowerState] INFO  impl.FollowerState (FollowerState.java:run(152)) - 2d6d5b8e-e752-4562-8a63-86fab6cb8fe2@group-20810F2C5144-FollowerState was interrupted
2022-09-29 01:23:15,647 [grpc-default-executor-1] INFO  server.RaftServer$Division (RaftServerImpl.java:requestVote(1184)) - 2d6d5b8e-e752-4562-8a63-86fab6cb8fe2@group-20810F2C5144 replies to ELECTION vote request: 574ea199-4fc5-4e12-82c5-94eb8c91283e<-2d6d5b8e-e752-4562-8a63-86fab6cb8fe2#0:FAIL-t2. Peer's state: 2d6d5b8e-e752-4562-8a63-86fab6cb8fe2@group-20810F2C5144:t2, leader=null, voted=null, raftlog=2d6d5b8e-e752-4562-8a63-86fab6cb8fe2@group-20810F2C5144-SegmentedRaftLog:OPENED:c-1, conf=-1: [2d6d5b8e-e752-4562-8a63-86fab6cb8fe2|rpc:10.1.1.32:37041|dataStream:|priority:1, 574ea199-4fc5-4e12-82c5-94eb8c91283e|rpc:10.1.1.32:46123|dataStream:|priority:0, 607e46f6-8430-4252-8b38-005d1aa49d3c|rpc:10.1.1.32:41899|dataStream:|priority:0], old=null
2022-09-29 01:23:15,650 [574ea199-4fc5-4e12-82c5-94eb8c91283e@group-20810F2C5144-LeaderElection12] INFO  impl.LeaderElection (LeaderElection.java:logAndReturn(90)) - 574ea199-4fc5-4e12-82c5-94eb8c91283e@group-20810F2C5144-LeaderElection12: ELECTION REJECTED received 2 response(s) and 0 exception(s):
2022-09-29 01:23:15,650 [574ea199-4fc5-4e12-82c5-94eb8c91283e@group-20810F2C5144-LeaderElection12] INFO  impl.LeaderElection (LeaderElection.java:logAndReturn(94)) -   Response 0: 574ea199-4fc5-4e12-82c5-94eb8c91283e<-2d6d5b8e-e752-4562-8a63-86fab6cb8fe2#0:FAIL-t2
2022-09-29 01:23:15,650 [574ea199-4fc5-4e12-82c5-94eb8c91283e@group-20810F2C5144-LeaderElection12] INFO  impl.LeaderElection (LeaderElection.java:logAndReturn(94)) -   Response 1: 574ea199-4fc5-4e12-82c5-94eb8c91283e<-607e46f6-8430-4252-8b38-005d1aa49d3c#0:OK-t2
2022-09-29 01:23:15,650 [574ea199-4fc5-4e12-82c5-94eb8c91283e@group-20810F2C5144-LeaderElection12] INFO  impl.LeaderElection (LeaderElection.java:askForVotes(312)) - 574ea199-4fc5-4e12-82c5-94eb8c91283e@group-20810F2C5144-LeaderElection12 ELECTION round 0: result REJECTED
2022-09-29 01:23:15,650 [574ea199-4fc5-4e12-82c5-94eb8c91283e@group-20810F2C5144-LeaderElection12] INFO  server.RaftServer$Division (RaftServerImpl.java:setRole(299)) - 574ea199-4fc5-4e12-82c5-94eb8c91283e@group-20810F2C5144: changes role from CANDIDATE to FOLLOWER at term 2 for REJECTED
2022-09-29 01:23:15,650 [574ea199-4fc5-4e12-82c5-94eb8c91283e@group-20810F2C5144-LeaderElection12] INFO  impl.RoleInfo (RoleInfo.java:shutdownLeaderElection(130)) - 574ea199-4fc5-4e12-82c5-94eb8c91283e: shutdown 574ea199-4fc5-4e12-82c5-94eb8c91283e@group-20810F2C5144-LeaderElection12
2022-09-29 01:23:15,650 [574ea199-4fc5-4e12-82c5-94eb8c91283e@group-20810F2C5144-LeaderElection12] INFO  impl.RoleInfo (RoleInfo.java:updateAndGet(139)) - 574ea199-4fc5-4e12-82c5-94eb8c91283e: start 574ea199-4fc5-4e12-82c5-94eb8c91283e@group-20810F2C5144-FollowerState
2022-09-29 01:23:16,092 [Listener at 127.0.0.1/46485] INFO  ozone.MiniOzoneClusterImpl (MiniOzoneClusterImpl.java:lambda$waitForClusterToBeReady$0(216)) - Nodes are ready. Got 3 of 3 DN Heartbeats.
2022-09-29 01:23:16,093 [Listener at 127.0.0.1/46485] INFO  ozone.MiniOzoneClusterImpl (MiniOzoneClusterImpl.java:lambda$waitForClusterToBeReady$0(219)) - Cluster exits safe mode
2022-09-29 01:23:16,093 [Listener at 127.0.0.1/46485] INFO  ozone.MiniOzoneClusterImpl (MiniOzoneClusterImpl.java:lambda$waitForClusterToBeReady$0(221)) - SCM became leader
2022-09-29 01:23:16,553 [Listener at 127.0.0.1/46485] INFO  rpc.RpcClient (RpcClient.java:createVolume(471)) - Creating Volume: volume42087, with user57481 as owner and space quota set to -1 bytes, counts quota set to -1
2022-09-29 01:23:16,603 [OM StateMachine ApplyTransaction Thread - 0] INFO  volume.OMVolumeCreateRequest (OMVolumeCreateRequest.java:validateAndUpdateCache(195)) - created volume:volume42087 for user:user57481
2022-09-29 01:23:16,613 [OM StateMachine ApplyTransaction Thread - 0] INFO  volume.OMVolumeCreateRequest (OMVolumeCreateRequest.java:validateAndUpdateCache(195)) - created volume:volume42087 for user:user57481
2022-09-29 01:23:16,626 [OM StateMachine ApplyTransaction Thread - 0] INFO  volume.OMVolumeCreateRequest (OMVolumeCreateRequest.java:validateAndUpdateCache(195)) - created volume:volume42087 for user:user57481
2022-09-29 01:23:16,639 [Listener at 127.0.0.1/46485] INFO  rpc.RpcClient (RpcClient.java:createBucket(674)) - Creating Bucket: volume42087/33515e6c-8885-4b4b-94e8-678e4ffc348a, with server-side default bucket layout, runner as owner, Versioning false, Storage Type set to DISK and Encryption set to false 
2022-09-29 01:23:16,659 [OM StateMachine ApplyTransaction Thread - 0] INFO  bucket.OMBucketCreateRequest (OMBucketCreateRequest.java:validateAndUpdateCache(260)) - created bucket: 33515e6c-8885-4b4b-94e8-678e4ffc348a of layout LEGACY in volume: volume42087
2022-09-29 01:23:16,662 [OM StateMachine ApplyTransaction Thread - 0] INFO  bucket.OMBucketCreateRequest (OMBucketCreateRequest.java:validateAndUpdateCache(260)) - created bucket: 33515e6c-8885-4b4b-94e8-678e4ffc348a of layout LEGACY in volume: volume42087
2022-09-29 01:23:16,671 [OM StateMachine ApplyTransaction Thread - 0] INFO  bucket.OMBucketCreateRequest (OMBucketCreateRequest.java:validateAndUpdateCache(260)) - created bucket: 33515e6c-8885-4b4b-94e8-678e4ffc348a of layout LEGACY in volume: volume42087
2022-09-29 01:23:16,778 [IPC Server handler 2 on default port 40603] INFO  ha.SequenceIdGenerator (SequenceIdGenerator.java:getNextId(128)) - Allocate a batch for containerId, change lastId from 0 to 1000.
2022-09-29 01:23:16,788 [IPC Server handler 2 on default port 40603] WARN  ha.SequenceIdGenerator (SequenceIdGenerator.java:allocateBatch(237)) - Failed to allocate a batch for localId, expected lastId is 0, actual lastId is 109611004723200000.
2022-09-29 01:23:16,788 [IPC Server handler 2 on default port 40603] INFO  ha.SequenceIdGenerator (SequenceIdGenerator.java:getNextId(128)) - Allocate a batch for localId, change lastId from 109611004723200000 to 109611004723201000.
2022-09-29 01:23:16,847 [Listener at 127.0.0.1/46485] INFO  impl.MetricsSystemImpl (MetricsSystemImpl.java:init(158)) - XceiverClientMetrics metrics system started (again)
2022-09-29 01:23:17,420 [Listener at 127.0.0.1/46485] INFO  rpc.RpcClient (RpcClient.java:createVolume(471)) - Creating Volume: volume48585, with user82235 as owner and space quota set to -1 bytes, counts quota set to -1
2022-09-29 01:23:17,427 [OM StateMachine ApplyTransaction Thread - 0] INFO  volume.OMVolumeCreateRequest (OMVolumeCreateRequest.java:validateAndUpdateCache(195)) - created volume:volume48585 for user:user82235
2022-09-29 01:23:17,430 [Listener at 127.0.0.1/46485] INFO  rpc.RpcClient (RpcClient.java:createBucket(674)) - Creating Bucket: volume48585/af07628f-77b7-41ff-a1c8-e6aefc16a58f, with server-side default bucket layout, runner as owner, Versioning false, Storage Type set to DISK and Encryption set to false 
2022-09-29 01:23:17,439 [OM StateMachine ApplyTransaction Thread - 0] INFO  volume.OMVolumeCreateRequest (OMVolumeCreateRequest.java:validateAndUpdateCache(195)) - created volume:volume48585 for user:user82235
2022-09-29 01:23:17,440 [OM StateMachine ApplyTransaction Thread - 0] INFO  volume.OMVolumeCreateRequest (OMVolumeCreateRequest.java:validateAndUpdateCache(195)) - created volume:volume48585 for user:user82235
2022-09-29 01:23:17,443 [OM StateMachine ApplyTransaction Thread - 0] INFO  bucket.OMBucketCreateRequest (OMBucketCreateRequest.java:validateAndUpdateCache(260)) - created bucket: af07628f-77b7-41ff-a1c8-e6aefc16a58f of layout LEGACY in volume: volume48585
2022-09-29 01:23:17,453 [OM StateMachine ApplyTransaction Thread - 0] INFO  bucket.OMBucketCreateRequest (OMBucketCreateRequest.java:validateAndUpdateCache(260)) - created bucket: af07628f-77b7-41ff-a1c8-e6aefc16a58f of layout LEGACY in volume: volume48585
2022-09-29 01:23:17,455 [OM StateMachine ApplyTransaction Thread - 0] INFO  bucket.OMBucketCreateRequest (OMBucketCreateRequest.java:validateAndUpdateCache(260)) - created bucket: af07628f-77b7-41ff-a1c8-e6aefc16a58f of layout LEGACY in volume: volume48585
2022-09-29 01:23:17,461 [Listener at 127.0.0.1/46485] INFO  om.OzoneManager (OzoneManager.java:stop(2035)) - omNode-1[localhost:37925]: Stopping Ozone Manager
2022-09-29 01:23:17,461 [Listener at 127.0.0.1/46485] INFO  ipc.Server (Server.java:stop(3414)) - Stopping server on 37925
2022-09-29 01:23:17,470 [IPC Server listener on 37925] INFO  ipc.Server (Server.java:run(1376)) - Stopping IPC Server listener on 37925
2022-09-29 01:23:17,471 [IPC Server Responder] INFO  ipc.Server (Server.java:run(1512)) - Stopping IPC Server Responder
2022-09-29 01:23:17,475 [Listener at 127.0.0.1/46485] INFO  server.RaftServer (RaftServerProxy.java:lambda$close$7(398)) - omNode-1: close
2022-09-29 01:23:17,475 [Listener at 127.0.0.1/46485] INFO  server.RaftServer$Division (RaftServerImpl.java:lambda$close$4(434)) - omNode-1@group-523986131536: shutdown
2022-09-29 01:23:17,476 [Listener at 127.0.0.1/46485] INFO  util.JmxRegister (JmxRegister.java:unregister(73)) - Successfully un-registered JMX Bean with object name Ratis:service=RaftServer,group=group-523986131536,id=omNode-1
2022-09-29 01:23:17,476 [Listener at 127.0.0.1/46485] INFO  impl.RoleInfo (RoleInfo.java:shutdownLeaderState(93)) - omNode-1: shutdown omNode-1@group-523986131536-LeaderStateImpl
2022-09-29 01:23:17,476 [omNode-1@group-523986131536->omNode-3-GrpcLogAppender-LogAppenderDaemon] WARN  server.GrpcLogAppender (GrpcLogAppender.java:mayWait(171)) - omNode-1@group-523986131536->omNode-3-GrpcLogAppender: Wait interrupted by java.lang.InterruptedException
2022-09-29 01:23:17,476 [Listener at 127.0.0.1/46485] INFO  impl.PendingRequests (PendingRequests.java:sendNotLeaderResponses(282)) - omNode-1@group-523986131536-PendingRequests: sendNotLeaderResponses
2022-09-29 01:23:17,479 [omNode-1@group-523986131536->omNode-2-GrpcLogAppender-LogAppenderDaemon] WARN  server.GrpcLogAppender (GrpcLogAppender.java:mayWait(171)) - omNode-1@group-523986131536->omNode-2-GrpcLogAppender: Wait interrupted by java.lang.InterruptedException
2022-09-29 01:23:17,481 [omNode-1@group-523986131536-StateMachineUpdater] INFO  ratis.OzoneManagerStateMachine (OzoneManagerStateMachine.java:takeSnapshot(441)) - Current Snapshot Index (t:2, i:20)
2022-09-29 01:23:17,482 [grpc-default-executor-1] INFO  server.GrpcServerProtocolService (GrpcServerProtocolService.java:onCompleted(140)) - omNode-2: Completed APPEND_ENTRIES, lastRequest: omNode-1->omNode-2#200-t2,previous=(t:2, i:19),leaderCommit=19,initializing? true,entries: size=1, first=(t:2, i:20), METADATAENTRY(c:19)
2022-09-29 01:23:17,482 [omNode-1@group-523986131536-StateMachineUpdater] INFO  impl.StateMachineUpdater (StateMachineUpdater.java:takeSnapshot(287)) - omNode-1@group-523986131536-StateMachineUpdater: Took a snapshot at index 20
2022-09-29 01:23:17,482 [omNode-1@group-523986131536-StateMachineUpdater] INFO  impl.StateMachineUpdater (StateMachineUpdater.java:lambda$new$0(92)) - omNode-1@group-523986131536-StateMachineUpdater: snapshotIndex: updateIncreasingly -1 -> 20
2022-09-29 01:23:17,482 [omNode-1@group-523986131536-StateMachineUpdater] INFO  ratis.OzoneManagerStateMachine (OzoneManagerStateMachine.java:close(495)) - StateMachine has shutdown. Shutdown OzoneManager if not already shutdown.
2022-09-29 01:23:17,482 [omNode-1@group-523986131536-StateMachineUpdater] INFO  ratis.OzoneManagerDoubleBuffer (OzoneManagerDoubleBuffer.java:stop(466)) - Stopping OMDoubleBuffer flush thread
2022-09-29 01:23:17,482 [grpc-default-executor-2] INFO  server.GrpcLogAppender (GrpcLogAppender.java:onCompleted(339)) - omNode-1@group-523986131536->omNode-2-AppendLogResponseHandler: follower responses appendEntries COMPLETED
2022-09-29 01:23:17,485 [grpc-default-executor-2] INFO  leader.FollowerInfo (FollowerInfoImpl.java:lambda$new$0(48)) - omNode-1@group-523986131536->omNode-2: nextIndex: updateUnconditionally 21 -> 20
2022-09-29 01:23:17,482 [OMDoubleBufferFlushThread] INFO  ratis.OzoneManagerDoubleBuffer (OzoneManagerDoubleBuffer.java:flushTransactions(385)) - OMDoubleBuffer flush thread OMDoubleBufferFlushThread is interrupted and will exit.
2022-09-29 01:23:17,482 [Listener at 127.0.0.1/46485] INFO  impl.StateMachineUpdater (StateMachineUpdater.java:stopAndJoin(153)) - omNode-1@group-523986131536-StateMachineUpdater: set stopIndex = 20
2022-09-29 01:23:17,483 [grpc-default-executor-0] INFO  server.GrpcServerProtocolService (GrpcServerProtocolService.java:onCompleted(140)) - omNode-3: Completed APPEND_ENTRIES, lastRequest: omNode-1->omNode-3#205-t2,previous=(t:2, i:19),leaderCommit=19,initializing? true,entries: size=1, first=(t:2, i:20), METADATAENTRY(c:19)
2022-09-29 01:23:17,487 [grpc-default-executor-2] INFO  server.GrpcLogAppender (GrpcLogAppender.java:onCompleted(339)) - omNode-1@group-523986131536->omNode-3-AppendLogResponseHandler: follower responses appendEntries COMPLETED
2022-09-29 01:23:17,487 [Listener at 127.0.0.1/46485] INFO  server.RaftServer$Division (ServerState.java:close(429)) - omNode-1@group-523986131536: closes. applyIndex: 20
2022-09-29 01:23:17,487 [grpc-default-executor-2] INFO  leader.FollowerInfo (FollowerInfoImpl.java:lambda$new$0(48)) - omNode-1@group-523986131536->omNode-3: nextIndex: updateUnconditionally 21 -> 20
2022-09-29 01:23:17,488 [omNode-1@group-523986131536-SegmentedRaftLogWorker] INFO  segmented.SegmentedRaftLogWorker (SegmentedRaftLogWorker.java:run(336)) - omNode-1@group-523986131536-SegmentedRaftLogWorker was interrupted, exiting. There are 0 tasks remaining in the queue.
2022-09-29 01:23:17,489 [Listener at 127.0.0.1/46485] INFO  segmented.SegmentedRaftLogWorker (SegmentedRaftLogWorker.java:close(246)) - omNode-1@group-523986131536-SegmentedRaftLogWorker close()
2022-09-29 01:23:17,491 [Listener at 127.0.0.1/46485] INFO  server.GrpcService (GrpcService.java:closeImpl(269)) - omNode-1: shutdown server with port 40693 now
2022-09-29 01:23:17,504 [Listener at 127.0.0.1/46485] INFO  server.GrpcService (GrpcService.java:closeImpl(278)) - omNode-1: shutdown server with port 40693 successfully
2022-09-29 01:23:17,505 [org.apache.ratis.util.JvmPauseMonitor$$Lambda$699/1983328127@6572bcb5] INFO  util.JvmPauseMonitor (JvmPauseMonitor.java:run(109)) - JvmPauseMonitor-omNode-1: Stopped
2022-09-29 01:23:17,507 [Listener at 127.0.0.1/46485] INFO  ratis.OzoneManagerStateMachine (OzoneManagerStateMachine.java:close(495)) - StateMachine has shutdown. Shutdown OzoneManager if not already shutdown.
2022-09-29 01:23:17,507 [Listener at 127.0.0.1/46485] INFO  ratis.OzoneManagerDoubleBuffer (OzoneManagerDoubleBuffer.java:stop(478)) - OMDoubleBuffer flush thread is not running.
2022-09-29 01:23:17,507 [Listener at 127.0.0.1/46485] INFO  utils.BackgroundService (BackgroundService.java:shutdown(141)) - Shutting down service KeyDeletingService
2022-09-29 01:23:17,507 [Listener at 127.0.0.1/46485] INFO  utils.BackgroundService (BackgroundService.java:shutdown(141)) - Shutting down service DirectoryDeletingService
2022-09-29 01:23:17,508 [Listener at 127.0.0.1/46485] INFO  utils.BackgroundService (BackgroundService.java:shutdown(141)) - Shutting down service OpenKeyCleanupService
2022-09-29 01:23:17,509 [Listener at 127.0.0.1/46485] INFO  handler.ContextHandler (ContextHandler.java:doStop(1153)) - Stopped o.e.j.w.WebAppContext@1c0c5835{ozoneManager,/,null,STOPPED}{file:/home/runner/work/ozone/ozone/hadoop-ozone/integration-test/target/test-classes/webapps/ozoneManager}
2022-09-29 01:23:17,513 [Listener at 127.0.0.1/46485] INFO  server.AbstractConnector (AbstractConnector.java:doStop(381)) - Stopped ServerConnector@5eac0402{HTTP/1.1, (http/1.1)}{0.0.0.0:34119}
2022-09-29 01:23:17,513 [Listener at 127.0.0.1/46485] INFO  server.session (HouseKeeper.java:stopScavenging(149)) - node0 Stopped scavenging
2022-09-29 01:23:17,513 [Listener at 127.0.0.1/46485] INFO  handler.ContextHandler (ContextHandler.java:doStop(1153)) - Stopped o.e.j.s.ServletContextHandler@478cea4{static,/static,file:///home/runner/work/ozone/ozone/hadoop-ozone/integration-test/target/test-classes/webapps/static,STOPPED}
2022-09-29 01:23:17,513 [Listener at 127.0.0.1/46485] INFO  handler.ContextHandler (ContextHandler.java:doStop(1153)) - Stopped o.e.j.s.ServletContextHandler@285836c9{logs,/logs,file:///home/runner/work/ozone/ozone/hadoop-ozone/integration-test/target/log,STOPPED}
2022-09-29 01:23:19,067 [omNode-2@group-523986131536-FollowerState] INFO  impl.FollowerState (FollowerState.java:run(143)) - omNode-2@group-523986131536-FollowerState: change to CANDIDATE, lastRpcElapsedTime:1602595930ns, electionTimeout:1023ms
2022-09-29 01:23:19,067 [omNode-2@group-523986131536-FollowerState] INFO  impl.RoleInfo (RoleInfo.java:shutdownFollowerState(110)) - omNode-2: shutdown omNode-2@group-523986131536-FollowerState
2022-09-29 01:23:19,068 [omNode-2@group-523986131536-FollowerState] INFO  server.RaftServer$Division (RaftServerImpl.java:setRole(299)) - omNode-2@group-523986131536: changes role from  FOLLOWER to CANDIDATE at term 2 for changeToCandidate
2022-09-29 01:23:19,068 [omNode-2@group-523986131536-FollowerState] INFO  server.RaftServerConfigKeys (ConfUtils.java:logGet(46)) - raft.server.leaderelection.pre-vote = false (custom)
2022-09-29 01:23:19,068 [omNode-2@group-523986131536-FollowerState] INFO  impl.RoleInfo (RoleInfo.java:updateAndGet(139)) - omNode-2: start omNode-2@group-523986131536-LeaderElection13
2022-09-29 01:23:19,068 [omNode-2@group-523986131536-LeaderElection13] INFO  server.RaftServer$Division (ServerState.java:setLeader(287)) - omNode-2@group-523986131536: change Leader from omNode-1 to null at term 2 for ELECTION
2022-09-29 01:23:19,071 [omNode-2@group-523986131536-LeaderElection13] INFO  impl.LeaderElection (LeaderElection.java:askForVotes(310)) - omNode-2@group-523986131536-LeaderElection13 ELECTION round 0: submit vote requests at term 3 for 0: [omNode-3|rpc:localhost:45481|admin:|client:|dataStream:|priority:0, omNode-1|rpc:localhost:40693|admin:|client:|dataStream:|priority:0, omNode-2|rpc:localhost:42303|admin:|client:|dataStream:|priority:0], old=null
2022-09-29 01:23:19,076 [grpc-default-executor-2] INFO  server.RaftServer$Division (RaftServerImpl.java:requestVote(1152)) - omNode-3@group-523986131536: receive requestVote(ELECTION, omNode-2, group-523986131536, 3, (t:2, i:20))
2022-09-29 01:23:19,077 [grpc-default-executor-2] INFO  impl.VoteContext (VoteContext.java:log(48)) - omNode-3@group-523986131536-FOLLOWER: accept ELECTION from omNode-2: our priority 0 <= candidate's priority 0
2022-09-29 01:23:19,077 [grpc-default-executor-2] INFO  server.RaftServer$Division (ServerState.java:setLeader(287)) - omNode-3@group-523986131536: change Leader from omNode-1 to null at term 3 for updateCurrentTerm
2022-09-29 01:23:19,077 [grpc-default-executor-2] INFO  server.RaftServer$Division (RaftServerImpl.java:setRole(299)) - omNode-3@group-523986131536: changes role from  FOLLOWER to FOLLOWER at term 3 for candidate:omNode-2
2022-09-29 01:23:19,077 [grpc-default-executor-2] INFO  impl.RoleInfo (RoleInfo.java:shutdownFollowerState(110)) - omNode-3: shutdown omNode-3@group-523986131536-FollowerState
2022-09-29 01:23:19,077 [grpc-default-executor-2] INFO  impl.RoleInfo (RoleInfo.java:updateAndGet(139)) - omNode-3: start omNode-3@group-523986131536-FollowerState
2022-09-29 01:23:19,077 [omNode-3@group-523986131536-FollowerState] INFO  impl.FollowerState (FollowerState.java:run(152)) - omNode-3@group-523986131536-FollowerState was interrupted
2022-09-29 01:23:19,079 [grpc-default-executor-2] INFO  server.RaftServer$Division (RaftServerImpl.java:requestVote(1184)) - omNode-3@group-523986131536 replies to ELECTION vote request: omNode-2<-omNode-3#0:OK-t3. Peer's state: omNode-3@group-523986131536:t3, leader=null, voted=omNode-2, raftlog=omNode-3@group-523986131536-SegmentedRaftLog:OPENED:c19, conf=0: [omNode-3|rpc:localhost:45481|admin:|client:|dataStream:|priority:0, omNode-1|rpc:localhost:40693|admin:|client:|dataStream:|priority:0, omNode-2|rpc:localhost:42303|admin:|client:|dataStream:|priority:0], old=null
2022-09-29 01:23:19,082 [omNode-2@group-523986131536-LeaderElection13] INFO  impl.LeaderElection (LeaderElection.java:logAndReturn(90)) - omNode-2@group-523986131536-LeaderElection13: ELECTION PASSED received 1 response(s) and 0 exception(s):
2022-09-29 01:23:19,082 [omNode-2@group-523986131536-LeaderElection13] INFO  impl.LeaderElection (LeaderElection.java:logAndReturn(94)) -   Response 0: omNode-2<-omNode-3#0:OK-t3
2022-09-29 01:23:19,083 [omNode-2@group-523986131536-LeaderElection13] INFO  impl.LeaderElection (LeaderElection.java:askForVotes(312)) - omNode-2@group-523986131536-LeaderElection13 ELECTION round 0: result PASSED
2022-09-29 01:23:19,083 [omNode-2@group-523986131536-LeaderElection13] INFO  impl.RoleInfo (RoleInfo.java:shutdownLeaderElection(130)) - omNode-2: shutdown omNode-2@group-523986131536-LeaderElection13
2022-09-29 01:23:19,083 [omNode-2@group-523986131536-LeaderElection13] INFO  server.RaftServer$Division (RaftServerImpl.java:setRole(299)) - omNode-2@group-523986131536: changes role from CANDIDATE to LEADER at term 3 for changeToLeader
2022-09-29 01:23:19,083 [omNode-2@group-523986131536-LeaderElection13] INFO  server.RaftServer$Division (ServerState.java:setLeader(287)) - omNode-2@group-523986131536: change Leader from null to omNode-2 at term 3 for becomeLeader, leader elected after 15ms
2022-09-29 01:23:19,083 [omNode-2@group-523986131536-LeaderElection13] INFO  server.RaftServerConfigKeys (ConfUtils.java:logGet(46)) - raft.server.staging.catchup.gap = 1000 (default)
2022-09-29 01:23:19,083 [omNode-2@group-523986131536-LeaderElection13] INFO  server.RaftServerConfigKeys (ConfUtils.java:logGet(46)) - raft.server.write.element-limit = 4096 (default)
2022-09-29 01:23:19,083 [omNode-2@group-523986131536-LeaderElection13] INFO  server.RaftServerConfigKeys (ConfUtils.java:logGet(46)) - raft.server.write.byte-limit = 64MB (=67108864) (default)
2022-09-29 01:23:19,084 [omNode-2@group-523986131536-LeaderElection13] INFO  server.RaftServerConfigKeys (ConfUtils.java:logGet(46)) - raft.server.watch.timeout = 10s (default)
2022-09-29 01:23:19,084 [omNode-2@group-523986131536-LeaderElection13] INFO  server.RaftServerConfigKeys (ConfUtils.java:logGet(46)) - raft.server.watch.timeout.denomination = 1s (default)
2022-09-29 01:23:19,084 [omNode-2@group-523986131536-LeaderElection13] INFO  server.RaftServerConfigKeys (ConfUtils.java:logGet(46)) - raft.server.watch.element-limit = 65536 (default)
2022-09-29 01:23:19,084 [omNode-2@group-523986131536-LeaderElection13] INFO  server.RaftServerConfigKeys (ConfUtils.java:logGet(46)) - raft.server.write.element-limit = 4096 (default)
2022-09-29 01:23:19,084 [omNode-2@group-523986131536-LeaderElection13] INFO  server.RaftServerConfigKeys (ConfUtils.java:logGet(46)) - raft.server.write.follower.gap.ratio.max = -1.0 (default)
2022-09-29 01:23:19,084 [omNode-2@group-523986131536-LeaderElection13] INFO  server.RaftServerConfigKeys (ConfUtils.java:logGet(46)) - raft.server.log.appender.snapshot.chunk.size.max = 16MB (=16777216) (default)
2022-09-29 01:23:19,084 [omNode-2@group-523986131536-LeaderElection13] INFO  server.RaftServerConfigKeys (ConfUtils.java:logGet(46)) - raft.server.log.appender.buffer.byte-limit = 33554432 (custom)
2022-09-29 01:23:19,084 [omNode-2@group-523986131536-LeaderElection13] INFO  server.RaftServerConfigKeys (ConfUtils.java:logGet(46)) - raft.server.log.appender.buffer.element-limit = 1024 (custom)
2022-09-29 01:23:19,084 [omNode-2@group-523986131536-LeaderElection13] INFO  grpc.GrpcConfigKeys (ConfUtils.java:logGet(46)) - raft.grpc.server.leader.outstanding.appends.max = 128 (default)
2022-09-29 01:23:19,085 [omNode-2@group-523986131536-LeaderElection13] INFO  server.RaftServerConfigKeys (ConfUtils.java:logGet(46)) - raft.server.rpc.request.timeout = 3000ms (default)
2022-09-29 01:23:19,085 [omNode-2@group-523986131536-LeaderElection13] INFO  server.RaftServerConfigKeys (ConfUtils.java:logGet(46)) - raft.server.log.appender.install.snapshot.enabled = false (custom)
2022-09-29 01:23:19,085 [omNode-2@group-523986131536-LeaderElection13] INFO  server.RaftServerConfigKeys (ConfUtils.java:logGet(46)) - raft.server.log.appender.snapshot.chunk.size.max = 16MB (=16777216) (default)
2022-09-29 01:23:19,085 [omNode-2@group-523986131536-LeaderElection13] INFO  server.RaftServerConfigKeys (ConfUtils.java:logGet(46)) - raft.server.log.appender.buffer.byte-limit = 33554432 (custom)
2022-09-29 01:23:19,085 [omNode-2@group-523986131536-LeaderElection13] INFO  server.RaftServerConfigKeys (ConfUtils.java:logGet(46)) - raft.server.log.appender.buffer.element-limit = 1024 (custom)
2022-09-29 01:23:19,085 [omNode-2@group-523986131536-LeaderElection13] INFO  grpc.GrpcConfigKeys (ConfUtils.java:logGet(46)) - raft.grpc.server.leader.outstanding.appends.max = 128 (default)
2022-09-29 01:23:19,085 [omNode-2@group-523986131536-LeaderElection13] INFO  server.RaftServerConfigKeys (ConfUtils.java:logGet(46)) - raft.server.rpc.request.timeout = 3000ms (default)
2022-09-29 01:23:19,085 [omNode-2@group-523986131536-LeaderElection13] INFO  server.RaftServerConfigKeys (ConfUtils.java:logGet(46)) - raft.server.log.appender.install.snapshot.enabled = false (custom)
2022-09-29 01:23:19,086 [omNode-2@group-523986131536-LeaderElection13] INFO  impl.RoleInfo (RoleInfo.java:updateAndGet(139)) - omNode-2: start omNode-2@group-523986131536-LeaderStateImpl
2022-09-29 01:23:19,086 [omNode-2@group-523986131536-LeaderElection13] INFO  segmented.SegmentedRaftLogWorker (SegmentedRaftLogWorker.java:rollLogSegment(430)) - omNode-2@group-523986131536-SegmentedRaftLogWorker: Rolling segment log-0_20 to index:20
2022-09-29 01:23:19,092 [omNode-3-server-thread1] INFO  server.RaftServer$Division (ServerState.java:setLeader(287)) - omNode-3@group-523986131536: change Leader from null to omNode-2 at term 3 for appendEntries, leader elected after 15ms
2022-09-29 01:23:19,092 [omNode-2@group-523986131536-LeaderElection13] INFO  server.RaftServer$Division (ServerState.java:setRaftConf(393)) - omNode-2@group-523986131536: set configuration 21: [omNode-3|rpc:localhost:45481|admin:|client:|dataStream:|priority:0, omNode-1|rpc:localhost:40693|admin:|client:|dataStream:|priority:0, omNode-2|rpc:localhost:42303|admin:|client:|dataStream:|priority:0], old=null
2022-09-29 01:23:19,098 [omNode-2@group-523986131536-SegmentedRaftLogWorker] INFO  segmented.SegmentedRaftLogWorker (SegmentedRaftLogWorker.java:execute(586)) - omNode-2@group-523986131536-SegmentedRaftLogWorker: Rolled log segment from /home/runner/work/ozone/ozone/hadoop-ozone/integration-test/target/test-dir/MiniOzoneClusterImpl-a442e60d-e435-415e-98a9-f45e33772b0d/omNode-2/ratis/c9bc4cf4-3bc3-3c60-a66b-523986131536/current/log_inprogress_0 to /home/runner/work/ozone/ozone/hadoop-ozone/integration-test/target/test-dir/MiniOzoneClusterImpl-a442e60d-e435-415e-98a9-f45e33772b0d/omNode-2/ratis/c9bc4cf4-3bc3-3c60-a66b-523986131536/current/log_0-20
2022-09-29 01:23:19,103 [omNode-3-server-thread1] INFO  server.RaftServer$Division (ServerState.java:setRaftConf(393)) - omNode-3@group-523986131536: set configuration 21: [omNode-3|rpc:localhost:45481|admin:|client:|dataStream:|priority:0, omNode-1|rpc:localhost:40693|admin:|client:|dataStream:|priority:0, omNode-2|rpc:localhost:42303|admin:|client:|dataStream:|priority:0], old=null
2022-09-29 01:23:19,103 [omNode-3-server-thread1] INFO  segmented.SegmentedRaftLogWorker (SegmentedRaftLogWorker.java:rollLogSegment(430)) - omNode-3@group-523986131536-SegmentedRaftLogWorker: Rolling segment log-0_20 to index:20
2022-09-29 01:23:19,104 [omNode-3@group-523986131536-SegmentedRaftLogWorker] INFO  segmented.SegmentedRaftLogWorker (SegmentedRaftLogWorker.java:execute(586)) - omNode-3@group-523986131536-SegmentedRaftLogWorker: Rolled log segment from /home/runner/work/ozone/ozone/hadoop-ozone/integration-test/target/test-dir/MiniOzoneClusterImpl-a442e60d-e435-415e-98a9-f45e33772b0d/omNode-3/ratis/c9bc4cf4-3bc3-3c60-a66b-523986131536/current/log_inprogress_0 to /home/runner/work/ozone/ozone/hadoop-ozone/integration-test/target/test-dir/MiniOzoneClusterImpl-a442e60d-e435-415e-98a9-f45e33772b0d/omNode-3/ratis/c9bc4cf4-3bc3-3c60-a66b-523986131536/current/log_0-20
2022-09-29 01:23:19,108 [grpc-default-executor-0] WARN  server.GrpcLogAppender (LogUtils.java:warn(122)) - omNode-2@group-523986131536->omNode-1-AppendLogResponseHandler: Failed appendEntries: org.apache.ratis.thirdparty.io.grpc.StatusRuntimeException: UNAVAILABLE: io exception
2022-09-29 01:23:19,109 [grpc-default-executor-0] WARN  server.GrpcLogAppender (GrpcLogAppender.java:resetClient(111)) - omNode-2@group-523986131536->omNode-1-GrpcLogAppender: Leader has not got in touch with Follower omNode-2@group-523986131536->omNode-1(c-1,m0,n22, attendVote=true, lastRpcSendTime=1, lastRpcResponseTime=1225) yet, just keep nextIndex unchanged and retry.
2022-09-29 01:23:19,116 [omNode-2@group-523986131536-SegmentedRaftLogWorker] INFO  segmented.SegmentedRaftLogWorker (SegmentedRaftLogWorker.java:execute(629)) - omNode-2@group-523986131536-SegmentedRaftLogWorker: created new log segment /home/runner/work/ozone/ozone/hadoop-ozone/integration-test/target/test-dir/MiniOzoneClusterImpl-a442e60d-e435-415e-98a9-f45e33772b0d/omNode-2/ratis/c9bc4cf4-3bc3-3c60-a66b-523986131536/current/log_inprogress_21
2022-09-29 01:23:19,117 [omNode-3@group-523986131536-SegmentedRaftLogWorker] INFO  segmented.SegmentedRaftLogWorker (SegmentedRaftLogWorker.java:execute(629)) - omNode-3@group-523986131536-SegmentedRaftLogWorker: created new log segment /home/runner/work/ozone/ozone/hadoop-ozone/integration-test/target/test-dir/MiniOzoneClusterImpl-a442e60d-e435-415e-98a9-f45e33772b0d/omNode-3/ratis/c9bc4cf4-3bc3-3c60-a66b-523986131536/current/log_inprogress_21
2022-09-29 01:23:19,122 [omNode-2@group-523986131536-StateMachineUpdater] INFO  ratis.OzoneManagerStateMachine (OzoneManagerStateMachine.java:notifyConfigurationChanged(192)) - Received Configuration change notification from Ratis. New Peer list:
[id: "omNode-3"
address: "localhost:45481"
, id: "omNode-1"
address: "localhost:40693"
, id: "omNode-2"
address: "localhost:42303"
]
2022-09-29 01:23:19,123 [grpc-default-executor-2] WARN  server.GrpcLogAppender (LogUtils.java:warn(122)) - omNode-2@group-523986131536->omNode-1-AppendLogResponseHandler: Failed appendEntries: org.apache.ratis.thirdparty.io.grpc.StatusRuntimeException: UNAVAILABLE: io exception
2022-09-29 01:23:19,124 [grpc-default-executor-2] WARN  server.GrpcLogAppender (GrpcLogAppender.java:resetClient(111)) - omNode-2@group-523986131536->omNode-1-GrpcLogAppender: Leader has not got in touch with Follower omNode-2@group-523986131536->omNode-1(c-1,m0,n23, attendVote=true, lastRpcSendTime=0, lastRpcResponseTime=1239) yet, just keep nextIndex unchanged and retry.
2022-09-29 01:23:19,127 [omNode-3@group-523986131536-StateMachineUpdater] INFO  ratis.OzoneManagerStateMachine (OzoneManagerStateMachine.java:notifyConfigurationChanged(192)) - Received Configuration change notification from Ratis. New Peer list:
[id: "omNode-3"
address: "localhost:45481"
, id: "omNode-1"
address: "localhost:40693"
, id: "omNode-2"
address: "localhost:42303"
]
2022-09-29 01:23:19,359 [grpc-default-executor-0] WARN  server.GrpcLogAppender (LogUtils.java:warn(122)) - omNode-2@group-523986131536->omNode-1-AppendLogResponseHandler: Failed appendEntries: org.apache.ratis.thirdparty.io.grpc.StatusRuntimeException: UNAVAILABLE: io exception
2022-09-29 01:23:19,360 [grpc-default-executor-0] WARN  server.GrpcLogAppender (GrpcLogAppender.java:resetClient(111)) - omNode-2@group-523986131536->omNode-1-GrpcLogAppender: Leader has not got in touch with Follower omNode-2@group-523986131536->omNode-1(c-1,m0,n23, attendVote=true, lastRpcSendTime=236, lastRpcResponseTime=1475) yet, just keep nextIndex unchanged and retry.
2022-09-29 01:23:19,614 [grpc-default-executor-0] WARN  server.GrpcLogAppender (LogUtils.java:warn(122)) - omNode-2@group-523986131536->omNode-1-AppendLogResponseHandler: Failed appendEntries: org.apache.ratis.thirdparty.io.grpc.StatusRuntimeException: UNAVAILABLE: io exception
2022-09-29 01:23:19,615 [grpc-default-executor-0] WARN  server.GrpcLogAppender (GrpcLogAppender.java:resetClient(111)) - omNode-2@group-523986131536->omNode-1-GrpcLogAppender: Leader has not got in touch with Follower omNode-2@group-523986131536->omNode-1(c-1,m0,n23, attendVote=true, lastRpcSendTime=0, lastRpcResponseTime=1730) yet, just keep nextIndex unchanged and retry.
2022-09-29 01:23:19,864 [grpc-default-executor-0] WARN  server.GrpcLogAppender (LogUtils.java:warn(122)) - omNode-2@group-523986131536->omNode-1-AppendLogResponseHandler: Failed appendEntries: org.apache.ratis.thirdparty.io.grpc.StatusRuntimeException: UNAVAILABLE: io exception
2022-09-29 01:23:19,865 [grpc-default-executor-0] WARN  server.GrpcLogAppender (GrpcLogAppender.java:resetClient(111)) - omNode-2@group-523986131536->omNode-1-GrpcLogAppender: Leader has not got in touch with Follower omNode-2@group-523986131536->omNode-1(c-1,m0,n23, attendVote=true, lastRpcSendTime=0, lastRpcResponseTime=1981) yet, just keep nextIndex unchanged and retry.
2022-09-29 01:23:20,115 [grpc-default-executor-0] WARN  server.GrpcLogAppender (LogUtils.java:warn(122)) - omNode-2@group-523986131536->omNode-1-AppendLogResponseHandler: Failed appendEntries: org.apache.ratis.thirdparty.io.grpc.StatusRuntimeException: UNAVAILABLE: io exception
2022-09-29 01:23:20,116 [grpc-default-executor-0] WARN  server.GrpcLogAppender (GrpcLogAppender.java:resetClient(111)) - omNode-2@group-523986131536->omNode-1-GrpcLogAppender: Leader has not got in touch with Follower omNode-2@group-523986131536->omNode-1(c-1,m0,n23, attendVote=true, lastRpcSendTime=0, lastRpcResponseTime=2231) yet, just keep nextIndex unchanged and retry.
2022-09-29 01:23:20,365 [grpc-default-executor-0] WARN  server.GrpcLogAppender (LogUtils.java:warn(122)) - omNode-2@group-523986131536->omNode-1-AppendLogResponseHandler: Failed appendEntries: org.apache.ratis.thirdparty.io.grpc.StatusRuntimeException: UNAVAILABLE: io exception
2022-09-29 01:23:20,366 [grpc-default-executor-0] WARN  server.GrpcLogAppender (GrpcLogAppender.java:resetClient(111)) - omNode-2@group-523986131536->omNode-1-GrpcLogAppender: Leader has not got in touch with Follower omNode-2@group-523986131536->omNode-1(c-1,m0,n23, attendVote=true, lastRpcSendTime=0, lastRpcResponseTime=2482) yet, just keep nextIndex unchanged and retry.
2022-09-29 01:23:20,616 [grpc-default-executor-2] WARN  server.GrpcLogAppender (LogUtils.java:warn(122)) - omNode-2@group-523986131536->omNode-1-AppendLogResponseHandler: Failed appendEntries: org.apache.ratis.thirdparty.io.grpc.StatusRuntimeException: UNAVAILABLE: io exception
2022-09-29 01:23:20,616 [grpc-default-executor-2] WARN  server.GrpcLogAppender (GrpcLogAppender.java:resetClient(111)) - omNode-2@group-523986131536->omNode-1-GrpcLogAppender: Leader has not got in touch with Follower omNode-2@group-523986131536->omNode-1(c-1,m0,n23, attendVote=true, lastRpcSendTime=250, lastRpcResponseTime=2732) yet, just keep nextIndex unchanged and retry.
2022-09-29 01:23:20,769 [2d6d5b8e-e752-4562-8a63-86fab6cb8fe2@group-20810F2C5144-FollowerState] INFO  impl.FollowerState (FollowerState.java:run(143)) - 2d6d5b8e-e752-4562-8a63-86fab6cb8fe2@group-20810F2C5144-FollowerState: change to CANDIDATE, lastRpcElapsedTime:5127096068ns, electionTimeout:5125ms
2022-09-29 01:23:20,770 [2d6d5b8e-e752-4562-8a63-86fab6cb8fe2@group-20810F2C5144-FollowerState] INFO  impl.RoleInfo (RoleInfo.java:shutdownFollowerState(110)) - 2d6d5b8e-e752-4562-8a63-86fab6cb8fe2: shutdown 2d6d5b8e-e752-4562-8a63-86fab6cb8fe2@group-20810F2C5144-FollowerState
2022-09-29 01:23:20,770 [2d6d5b8e-e752-4562-8a63-86fab6cb8fe2@group-20810F2C5144-FollowerState] INFO  server.RaftServer$Division (RaftServerImpl.java:setRole(299)) - 2d6d5b8e-e752-4562-8a63-86fab6cb8fe2@group-20810F2C5144: changes role from  FOLLOWER to CANDIDATE at term 2 for changeToCandidate
2022-09-29 01:23:20,770 [2d6d5b8e-e752-4562-8a63-86fab6cb8fe2@group-20810F2C5144-FollowerState] INFO  server.RaftServerConfigKeys (ConfUtils.java:logGet(46)) - raft.server.leaderelection.pre-vote = false (custom)
2022-09-29 01:23:20,770 [2d6d5b8e-e752-4562-8a63-86fab6cb8fe2@group-20810F2C5144-FollowerState] INFO  impl.RoleInfo (RoleInfo.java:updateAndGet(139)) - 2d6d5b8e-e752-4562-8a63-86fab6cb8fe2: start 2d6d5b8e-e752-4562-8a63-86fab6cb8fe2@group-20810F2C5144-LeaderElection14
2022-09-29 01:23:20,774 [2d6d5b8e-e752-4562-8a63-86fab6cb8fe2@group-20810F2C5144-LeaderElection14] INFO  impl.LeaderElection (LeaderElection.java:askForVotes(310)) - 2d6d5b8e-e752-4562-8a63-86fab6cb8fe2@group-20810F2C5144-LeaderElection14 ELECTION round 0: submit vote requests at term 3 for -1: [2d6d5b8e-e752-4562-8a63-86fab6cb8fe2|rpc:10.1.1.32:37041|dataStream:|priority:1, 574ea199-4fc5-4e12-82c5-94eb8c91283e|rpc:10.1.1.32:46123|dataStream:|priority:0, 607e46f6-8430-4252-8b38-005d1aa49d3c|rpc:10.1.1.32:41899|dataStream:|priority:0], old=null
2022-09-29 01:23:20,795 [grpc-default-executor-2] INFO  server.RaftServer$Division (RaftServerImpl.java:requestVote(1152)) - 574ea199-4fc5-4e12-82c5-94eb8c91283e@group-20810F2C5144: receive requestVote(ELECTION, 2d6d5b8e-e752-4562-8a63-86fab6cb8fe2, group-20810F2C5144, 3, (t:0, i:0))
2022-09-29 01:23:20,795 [grpc-default-executor-2] INFO  impl.VoteContext (VoteContext.java:log(48)) - 574ea199-4fc5-4e12-82c5-94eb8c91283e@group-20810F2C5144-FOLLOWER: accept ELECTION from 2d6d5b8e-e752-4562-8a63-86fab6cb8fe2: our priority 0 <= candidate's priority 1
2022-09-29 01:23:20,795 [grpc-default-executor-2] INFO  server.RaftServer$Division (RaftServerImpl.java:setRole(299)) - 574ea199-4fc5-4e12-82c5-94eb8c91283e@group-20810F2C5144: changes role from  FOLLOWER to FOLLOWER at term 3 for candidate:2d6d5b8e-e752-4562-8a63-86fab6cb8fe2
2022-09-29 01:23:20,795 [grpc-default-executor-2] INFO  impl.RoleInfo (RoleInfo.java:shutdownFollowerState(110)) - 574ea199-4fc5-4e12-82c5-94eb8c91283e: shutdown 574ea199-4fc5-4e12-82c5-94eb8c91283e@group-20810F2C5144-FollowerState
2022-09-29 01:23:20,795 [grpc-default-executor-2] INFO  impl.RoleInfo (RoleInfo.java:updateAndGet(139)) - 574ea199-4fc5-4e12-82c5-94eb8c91283e: start 574ea199-4fc5-4e12-82c5-94eb8c91283e@group-20810F2C5144-FollowerState
2022-09-29 01:23:20,795 [574ea199-4fc5-4e12-82c5-94eb8c91283e@group-20810F2C5144-FollowerState] INFO  impl.FollowerState (FollowerState.java:run(152)) - 574ea199-4fc5-4e12-82c5-94eb8c91283e@group-20810F2C5144-FollowerState was interrupted
2022-09-29 01:23:20,798 [grpc-default-executor-0] INFO  server.RaftServer$Division (RaftServerImpl.java:requestVote(1152)) - 607e46f6-8430-4252-8b38-005d1aa49d3c@group-20810F2C5144: receive requestVote(ELECTION, 2d6d5b8e-e752-4562-8a63-86fab6cb8fe2, group-20810F2C5144, 3, (t:0, i:0))
2022-09-29 01:23:20,798 [grpc-default-executor-0] INFO  impl.VoteContext (VoteContext.java:log(48)) - 607e46f6-8430-4252-8b38-005d1aa49d3c@group-20810F2C5144-FOLLOWER: accept ELECTION from 2d6d5b8e-e752-4562-8a63-86fab6cb8fe2: our priority 0 <= candidate's priority 1
2022-09-29 01:23:20,798 [grpc-default-executor-0] INFO  server.RaftServer$Division (RaftServerImpl.java:setRole(299)) - 607e46f6-8430-4252-8b38-005d1aa49d3c@group-20810F2C5144: changes role from  FOLLOWER to FOLLOWER at term 3 for candidate:2d6d5b8e-e752-4562-8a63-86fab6cb8fe2
2022-09-29 01:23:20,798 [grpc-default-executor-0] INFO  impl.RoleInfo (RoleInfo.java:shutdownFollowerState(110)) - 607e46f6-8430-4252-8b38-005d1aa49d3c: shutdown 607e46f6-8430-4252-8b38-005d1aa49d3c@group-20810F2C5144-FollowerState
2022-09-29 01:23:20,798 [grpc-default-executor-0] INFO  impl.RoleInfo (RoleInfo.java:updateAndGet(139)) - 607e46f6-8430-4252-8b38-005d1aa49d3c: start 607e46f6-8430-4252-8b38-005d1aa49d3c@group-20810F2C5144-FollowerState
2022-09-29 01:23:20,800 [607e46f6-8430-4252-8b38-005d1aa49d3c@group-20810F2C5144-FollowerState] INFO  impl.FollowerState (FollowerState.java:run(152)) - 607e46f6-8430-4252-8b38-005d1aa49d3c@group-20810F2C5144-FollowerState was interrupted
2022-09-29 01:23:20,801 [grpc-default-executor-2] INFO  server.RaftServer$Division (RaftServerImpl.java:requestVote(1184)) - 574ea199-4fc5-4e12-82c5-94eb8c91283e@group-20810F2C5144 replies to ELECTION vote request: 2d6d5b8e-e752-4562-8a63-86fab6cb8fe2<-574ea199-4fc5-4e12-82c5-94eb8c91283e#0:OK-t3. Peer's state: 574ea199-4fc5-4e12-82c5-94eb8c91283e@group-20810F2C5144:t3, leader=null, voted=2d6d5b8e-e752-4562-8a63-86fab6cb8fe2, raftlog=574ea199-4fc5-4e12-82c5-94eb8c91283e@group-20810F2C5144-SegmentedRaftLog:OPENED:c-1, conf=-1: [2d6d5b8e-e752-4562-8a63-86fab6cb8fe2|rpc:10.1.1.32:37041|priority:1, 574ea199-4fc5-4e12-82c5-94eb8c91283e|rpc:10.1.1.32:46123|priority:0, 607e46f6-8430-4252-8b38-005d1aa49d3c|rpc:10.1.1.32:41899|priority:0], old=null
2022-09-29 01:23:20,802 [2d6d5b8e-e752-4562-8a63-86fab6cb8fe2@group-20810F2C5144-LeaderElection14] INFO  impl.LeaderElection (LeaderElection.java:logAndReturn(90)) - 2d6d5b8e-e752-4562-8a63-86fab6cb8fe2@group-20810F2C5144-LeaderElection14: ELECTION PASSED received 1 response(s) and 0 exception(s):
2022-09-29 01:23:20,802 [2d6d5b8e-e752-4562-8a63-86fab6cb8fe2@group-20810F2C5144-LeaderElection14] INFO  impl.LeaderElection (LeaderElection.java:logAndReturn(94)) -   Response 0: 2d6d5b8e-e752-4562-8a63-86fab6cb8fe2<-574ea199-4fc5-4e12-82c5-94eb8c91283e#0:OK-t3
2022-09-29 01:23:20,802 [2d6d5b8e-e752-4562-8a63-86fab6cb8fe2@group-20810F2C5144-LeaderElection14] INFO  impl.LeaderElection (LeaderElection.java:askForVotes(312)) - 2d6d5b8e-e752-4562-8a63-86fab6cb8fe2@group-20810F2C5144-LeaderElection14 ELECTION round 0: result PASSED
2022-09-29 01:23:20,802 [2d6d5b8e-e752-4562-8a63-86fab6cb8fe2@group-20810F2C5144-LeaderElection14] INFO  impl.RoleInfo (RoleInfo.java:shutdownLeaderElection(130)) - 2d6d5b8e-e752-4562-8a63-86fab6cb8fe2: shutdown 2d6d5b8e-e752-4562-8a63-86fab6cb8fe2@group-20810F2C5144-LeaderElection14
2022-09-29 01:23:20,802 [2d6d5b8e-e752-4562-8a63-86fab6cb8fe2@group-20810F2C5144-LeaderElection14] INFO  server.RaftServer$Division (RaftServerImpl.java:setRole(299)) - 2d6d5b8e-e752-4562-8a63-86fab6cb8fe2@group-20810F2C5144: changes role from CANDIDATE to LEADER at term 3 for changeToLeader
2022-09-29 01:23:20,802 [2d6d5b8e-e752-4562-8a63-86fab6cb8fe2@group-20810F2C5144-LeaderElection14] INFO  ratis.XceiverServerRatis (XceiverServerRatis.java:handleLeaderChangedNotification(863)) - Leader change notification received for group: group-20810F2C5144 with new leaderId: 2d6d5b8e-e752-4562-8a63-86fab6cb8fe2
2022-09-29 01:23:20,802 [2d6d5b8e-e752-4562-8a63-86fab6cb8fe2@group-20810F2C5144-LeaderElection14] INFO  server.RaftServer$Division (ServerState.java:setLeader(287)) - 2d6d5b8e-e752-4562-8a63-86fab6cb8fe2@group-20810F2C5144: change Leader from null to 2d6d5b8e-e752-4562-8a63-86fab6cb8fe2 at term 3 for becomeLeader, leader elected after 15307ms
2022-09-29 01:23:20,802 [2d6d5b8e-e752-4562-8a63-86fab6cb8fe2@group-20810F2C5144-LeaderElection14] INFO  server.RaftServerConfigKeys (ConfUtils.java:logGet(46)) - raft.server.staging.catchup.gap = 1000 (default)
2022-09-29 01:23:20,803 [2d6d5b8e-e752-4562-8a63-86fab6cb8fe2@group-20810F2C5144-LeaderElection14] INFO  server.RaftServerConfigKeys (ConfUtils.java:logGet(46)) - raft.server.write.element-limit = 1024 (custom)
2022-09-29 01:23:20,803 [2d6d5b8e-e752-4562-8a63-86fab6cb8fe2@group-20810F2C5144-LeaderElection14] INFO  server.RaftServerConfigKeys (ConfUtils.java:logGet(46)) - raft.server.write.byte-limit = 1024 M (=1073741824) (custom)
2022-09-29 01:23:20,803 [2d6d5b8e-e752-4562-8a63-86fab6cb8fe2@group-20810F2C5144-LeaderElection14] INFO  server.RaftServerConfigKeys (ConfUtils.java:logGet(46)) - raft.server.watch.timeout = 180s (custom)
2022-09-29 01:23:20,803 [2d6d5b8e-e752-4562-8a63-86fab6cb8fe2@group-20810F2C5144-LeaderElection14] INFO  server.RaftServerConfigKeys (ConfUtils.java:logGet(46)) - raft.server.watch.timeout.denomination = 1s (default)
2022-09-29 01:23:20,803 [2d6d5b8e-e752-4562-8a63-86fab6cb8fe2@group-20810F2C5144-LeaderElection14] INFO  server.RaftServerConfigKeys (ConfUtils.java:logGet(46)) - raft.server.watch.element-limit = 65536 (default)
2022-09-29 01:23:20,803 [2d6d5b8e-e752-4562-8a63-86fab6cb8fe2@group-20810F2C5144-LeaderElection14] INFO  server.RaftServerConfigKeys (ConfUtils.java:logGet(46)) - raft.server.write.element-limit = 1024 (custom)
2022-09-29 01:23:20,803 [2d6d5b8e-e752-4562-8a63-86fab6cb8fe2@group-20810F2C5144-LeaderElection14] INFO  server.RaftServerConfigKeys (ConfUtils.java:logGet(46)) - raft.server.write.follower.gap.ratio.max = -1.0 (default)
2022-09-29 01:23:20,803 [2d6d5b8e-e752-4562-8a63-86fab6cb8fe2@group-20810F2C5144-LeaderElection14] INFO  server.RaftServerConfigKeys (ConfUtils.java:logGet(46)) - raft.server.log.appender.snapshot.chunk.size.max = 16MB (=16777216) (default)
2022-09-29 01:23:20,804 [2d6d5b8e-e752-4562-8a63-86fab6cb8fe2@group-20810F2C5144-LeaderElection14] INFO  server.RaftServerConfigKeys (ConfUtils.java:logGet(46)) - raft.server.log.appender.buffer.byte-limit = 33554432 (custom)
2022-09-29 01:23:20,804 [2d6d5b8e-e752-4562-8a63-86fab6cb8fe2@group-20810F2C5144-LeaderElection14] INFO  server.RaftServerConfigKeys (ConfUtils.java:logGet(46)) - raft.server.log.appender.buffer.element-limit = 1 (custom)
2022-09-29 01:23:20,804 [2d6d5b8e-e752-4562-8a63-86fab6cb8fe2@group-20810F2C5144-LeaderElection14] INFO  grpc.GrpcConfigKeys (ConfUtils.java:logGet(46)) - raft.grpc.server.leader.outstanding.appends.max = 128 (default)
2022-09-29 01:23:20,808 [2d6d5b8e-e752-4562-8a63-86fab6cb8fe2@group-20810F2C5144-LeaderElection14] INFO  server.RaftServerConfigKeys (ConfUtils.java:logGet(46)) - raft.server.rpc.request.timeout = 60s (custom)
2022-09-29 01:23:20,808 [2d6d5b8e-e752-4562-8a63-86fab6cb8fe2@group-20810F2C5144-LeaderElection14] INFO  server.RaftServerConfigKeys (ConfUtils.java:logGet(46)) - raft.server.log.appender.install.snapshot.enabled = false (custom)
2022-09-29 01:23:20,809 [2d6d5b8e-e752-4562-8a63-86fab6cb8fe2@group-20810F2C5144-LeaderElection14] INFO  server.RaftServerConfigKeys (ConfUtils.java:logGet(46)) - raft.server.log.appender.snapshot.chunk.size.max = 16MB (=16777216) (default)
2022-09-29 01:23:20,809 [2d6d5b8e-e752-4562-8a63-86fab6cb8fe2@group-20810F2C5144-LeaderElection14] INFO  server.RaftServerConfigKeys (ConfUtils.java:logGet(46)) - raft.server.log.appender.buffer.byte-limit = 33554432 (custom)
2022-09-29 01:23:20,809 [2d6d5b8e-e752-4562-8a63-86fab6cb8fe2@group-20810F2C5144-LeaderElection14] INFO  server.RaftServerConfigKeys (ConfUtils.java:logGet(46)) - raft.server.log.appender.buffer.element-limit = 1 (custom)
2022-09-29 01:23:20,809 [2d6d5b8e-e752-4562-8a63-86fab6cb8fe2@group-20810F2C5144-LeaderElection14] INFO  grpc.GrpcConfigKeys (ConfUtils.java:logGet(46)) - raft.grpc.server.leader.outstanding.appends.max = 128 (default)
2022-09-29 01:23:20,809 [2d6d5b8e-e752-4562-8a63-86fab6cb8fe2@group-20810F2C5144-LeaderElection14] INFO  server.RaftServerConfigKeys (ConfUtils.java:logGet(46)) - raft.server.rpc.request.timeout = 60s (custom)
2022-09-29 01:23:20,809 [2d6d5b8e-e752-4562-8a63-86fab6cb8fe2@group-20810F2C5144-LeaderElection14] INFO  server.RaftServerConfigKeys (ConfUtils.java:logGet(46)) - raft.server.log.appender.install.snapshot.enabled = false (custom)
2022-09-29 01:23:20,809 [2d6d5b8e-e752-4562-8a63-86fab6cb8fe2@group-20810F2C5144-LeaderElection14] INFO  impl.RoleInfo (RoleInfo.java:updateAndGet(139)) - 2d6d5b8e-e752-4562-8a63-86fab6cb8fe2: start 2d6d5b8e-e752-4562-8a63-86fab6cb8fe2@group-20810F2C5144-LeaderStateImpl
2022-09-29 01:23:20,810 [2d6d5b8e-e752-4562-8a63-86fab6cb8fe2@group-20810F2C5144-LeaderElection14] INFO  segmented.SegmentedRaftLogWorker (SegmentedRaftLogWorker.java:startLogSegment(425)) - 2d6d5b8e-e752-4562-8a63-86fab6cb8fe2@group-20810F2C5144-SegmentedRaftLogWorker: Starting segment from index:0
2022-09-29 01:23:20,807 [grpc-default-executor-0] INFO  server.RaftServer$Division (RaftServerImpl.java:requestVote(1184)) - 607e46f6-8430-4252-8b38-005d1aa49d3c@group-20810F2C5144 replies to ELECTION vote request: 2d6d5b8e-e752-4562-8a63-86fab6cb8fe2<-607e46f6-8430-4252-8b38-005d1aa49d3c#0:OK-t3. Peer's state: 607e46f6-8430-4252-8b38-005d1aa49d3c@group-20810F2C5144:t3, leader=null, voted=2d6d5b8e-e752-4562-8a63-86fab6cb8fe2, raftlog=607e46f6-8430-4252-8b38-005d1aa49d3c@group-20810F2C5144-SegmentedRaftLog:OPENED:c-1, conf=-1: [2d6d5b8e-e752-4562-8a63-86fab6cb8fe2|rpc:10.1.1.32:37041|dataStream:|priority:1, 574ea199-4fc5-4e12-82c5-94eb8c91283e|rpc:10.1.1.32:46123|dataStream:|priority:0, 607e46f6-8430-4252-8b38-005d1aa49d3c|rpc:10.1.1.32:41899|dataStream:|priority:0], old=null
2022-09-29 01:23:20,806 [EventQueue-PipelineReportForPipelineReportHandler] INFO  pipeline.PipelineManagerImpl (PipelineManagerImpl.java:openPipeline(367)) - Pipeline Pipeline[ Id: 1addb3d2-a2de-4258-9c29-20810f2c5144, Nodes: 574ea199-4fc5-4e12-82c5-94eb8c91283e{ip: 10.1.1.32, host: fv-az182-579.xlcsutvm5t3ellfcnbcbis3udb.bx.internal.cloudapp.net, ports: [REPLICATION=44127, RATIS=46123, RATIS_ADMIN=46123, RATIS_SERVER=46123, STANDALONE=39911], networkLocation: /default-rack, certSerialId: null, persistedOpState: IN_SERVICE, persistedOpStateExpiryEpochSec: 0}2d6d5b8e-e752-4562-8a63-86fab6cb8fe2{ip: 10.1.1.32, host: fv-az182-579.xlcsutvm5t3ellfcnbcbis3udb.bx.internal.cloudapp.net, ports: [REPLICATION=45541, RATIS=37041, RATIS_ADMIN=37041, RATIS_SERVER=37041, STANDALONE=42433], networkLocation: /default-rack, certSerialId: null, persistedOpState: IN_SERVICE, persistedOpStateExpiryEpochSec: 0}607e46f6-8430-4252-8b38-005d1aa49d3c{ip: 10.1.1.32, host: fv-az182-579.xlcsutvm5t3ellfcnbcbis3udb.bx.internal.cloudapp.net, ports: [REPLICATION=45993, RATIS=41899, RATIS_ADMIN=41899, RATIS_SERVER=41899, STANDALONE=40675], networkLocation: /default-rack, certSerialId: null, persistedOpState: IN_SERVICE, persistedOpStateExpiryEpochSec: 0}, ReplicationConfig: RATIS/THREE, State:ALLOCATED, leaderId:2d6d5b8e-e752-4562-8a63-86fab6cb8fe2, CreationTimestamp2022-09-29T01:23:03.090Z[Etc/UTC]] moved to OPEN state
2022-09-29 01:23:20,813 [2d6d5b8e-e752-4562-8a63-86fab6cb8fe2@group-20810F2C5144-SegmentedRaftLogWorker] INFO  segmented.SegmentedRaftLogWorker (SegmentedRaftLogWorker.java:execute(629)) - 2d6d5b8e-e752-4562-8a63-86fab6cb8fe2@group-20810F2C5144-SegmentedRaftLogWorker: created new log segment /home/runner/work/ozone/ozone/hadoop-ozone/integration-test/target/test-dir/MiniOzoneClusterImpl-a442e60d-e435-415e-98a9-f45e33772b0d/datanode-2/data/ratis/1addb3d2-a2de-4258-9c29-20810f2c5144/current/log_inprogress_0
2022-09-29 01:23:20,817 [2d6d5b8e-e752-4562-8a63-86fab6cb8fe2@group-20810F2C5144-LeaderElection14] INFO  server.RaftServer$Division (ServerState.java:setRaftConf(393)) - 2d6d5b8e-e752-4562-8a63-86fab6cb8fe2@group-20810F2C5144: set configuration 0: [2d6d5b8e-e752-4562-8a63-86fab6cb8fe2|rpc:10.1.1.32:37041|dataStream:|priority:1, 574ea199-4fc5-4e12-82c5-94eb8c91283e|rpc:10.1.1.32:46123|dataStream:|priority:0, 607e46f6-8430-4252-8b38-005d1aa49d3c|rpc:10.1.1.32:41899|dataStream:|priority:0], old=null
2022-09-29 01:23:20,847 [574ea199-4fc5-4e12-82c5-94eb8c91283e-server-thread1] INFO  ratis.XceiverServerRatis (XceiverServerRatis.java:handleLeaderChangedNotification(863)) - Leader change notification received for group: group-20810F2C5144 with new leaderId: 2d6d5b8e-e752-4562-8a63-86fab6cb8fe2
2022-09-29 01:23:20,847 [574ea199-4fc5-4e12-82c5-94eb8c91283e-server-thread1] INFO  server.RaftServer$Division (ServerState.java:setLeader(287)) - 574ea199-4fc5-4e12-82c5-94eb8c91283e@group-20810F2C5144: change Leader from null to 2d6d5b8e-e752-4562-8a63-86fab6cb8fe2 at term 3 for appendEntries, leader elected after 15379ms
2022-09-29 01:23:20,867 [grpc-default-executor-1] WARN  server.GrpcLogAppender (LogUtils.java:warn(122)) - omNode-2@group-523986131536->omNode-1-AppendLogResponseHandler: Failed appendEntries: org.apache.ratis.thirdparty.io.grpc.StatusRuntimeException: UNAVAILABLE: io exception
2022-09-29 01:23:20,867 [grpc-default-executor-1] WARN  server.GrpcLogAppender (GrpcLogAppender.java:resetClient(111)) - omNode-2@group-523986131536->omNode-1-GrpcLogAppender: Leader has not got in touch with Follower omNode-2@group-523986131536->omNode-1(c-1,m0,n23, attendVote=true, lastRpcSendTime=250, lastRpcResponseTime=2983) yet, just keep nextIndex unchanged and retry.
2022-09-29 01:23:20,867 [607e46f6-8430-4252-8b38-005d1aa49d3c-server-thread1] INFO  ratis.XceiverServerRatis (XceiverServerRatis.java:handleLeaderChangedNotification(863)) - Leader change notification received for group: group-20810F2C5144 with new leaderId: 2d6d5b8e-e752-4562-8a63-86fab6cb8fe2
2022-09-29 01:23:20,867 [607e46f6-8430-4252-8b38-005d1aa49d3c-server-thread1] INFO  server.RaftServer$Division (ServerState.java:setLeader(287)) - 607e46f6-8430-4252-8b38-005d1aa49d3c@group-20810F2C5144: change Leader from null to 2d6d5b8e-e752-4562-8a63-86fab6cb8fe2 at term 3 for appendEntries, leader elected after 15330ms
2022-09-29 01:23:20,876 [574ea199-4fc5-4e12-82c5-94eb8c91283e-server-thread2] INFO  server.RaftServer$Division (ServerState.java:setRaftConf(393)) - 574ea199-4fc5-4e12-82c5-94eb8c91283e@group-20810F2C5144: set configuration 0: [2d6d5b8e-e752-4562-8a63-86fab6cb8fe2|rpc:10.1.1.32:37041|dataStream:|priority:1, 574ea199-4fc5-4e12-82c5-94eb8c91283e|rpc:10.1.1.32:46123|dataStream:|priority:0, 607e46f6-8430-4252-8b38-005d1aa49d3c|rpc:10.1.1.32:41899|dataStream:|priority:0], old=null
2022-09-29 01:23:20,877 [574ea199-4fc5-4e12-82c5-94eb8c91283e-server-thread2] INFO  segmented.SegmentedRaftLogWorker (SegmentedRaftLogWorker.java:startLogSegment(425)) - 574ea199-4fc5-4e12-82c5-94eb8c91283e@group-20810F2C5144-SegmentedRaftLogWorker: Starting segment from index:0
2022-09-29 01:23:20,878 [574ea199-4fc5-4e12-82c5-94eb8c91283e@group-20810F2C5144-SegmentedRaftLogWorker] INFO  segmented.SegmentedRaftLogWorker (SegmentedRaftLogWorker.java:execute(629)) - 574ea199-4fc5-4e12-82c5-94eb8c91283e@group-20810F2C5144-SegmentedRaftLogWorker: created new log segment /home/runner/work/ozone/ozone/hadoop-ozone/integration-test/target/test-dir/MiniOzoneClusterImpl-a442e60d-e435-415e-98a9-f45e33772b0d/datanode-0/data/ratis/1addb3d2-a2de-4258-9c29-20810f2c5144/current/log_inprogress_0
2022-09-29 01:23:20,894 [607e46f6-8430-4252-8b38-005d1aa49d3c-server-thread1] INFO  server.RaftServer$Division (ServerState.java:setRaftConf(393)) - 607e46f6-8430-4252-8b38-005d1aa49d3c@group-20810F2C5144: set configuration 0: [2d6d5b8e-e752-4562-8a63-86fab6cb8fe2|rpc:10.1.1.32:37041|dataStream:|priority:1, 574ea199-4fc5-4e12-82c5-94eb8c91283e|rpc:10.1.1.32:46123|dataStream:|priority:0, 607e46f6-8430-4252-8b38-005d1aa49d3c|rpc:10.1.1.32:41899|dataStream:|priority:0], old=null
2022-09-29 01:23:20,894 [607e46f6-8430-4252-8b38-005d1aa49d3c-server-thread1] INFO  segmented.SegmentedRaftLogWorker (SegmentedRaftLogWorker.java:startLogSegment(425)) - 607e46f6-8430-4252-8b38-005d1aa49d3c@group-20810F2C5144-SegmentedRaftLogWorker: Starting segment from index:0
2022-09-29 01:23:20,896 [607e46f6-8430-4252-8b38-005d1aa49d3c@group-20810F2C5144-SegmentedRaftLogWorker] INFO  segmented.SegmentedRaftLogWorker (SegmentedRaftLogWorker.java:execute(629)) - 607e46f6-8430-4252-8b38-005d1aa49d3c@group-20810F2C5144-SegmentedRaftLogWorker: created new log segment /home/runner/work/ozone/ozone/hadoop-ozone/integration-test/target/test-dir/MiniOzoneClusterImpl-a442e60d-e435-415e-98a9-f45e33772b0d/datanode-1/data/ratis/1addb3d2-a2de-4258-9c29-20810f2c5144/current/log_inprogress_0
2022-09-29 01:23:21,118 [grpc-default-executor-0] WARN  server.GrpcLogAppender (LogUtils.java:warn(122)) - omNode-2@group-523986131536->omNode-1-AppendLogResponseHandler: Failed appendEntries: org.apache.ratis.thirdparty.io.grpc.StatusRuntimeException: UNAVAILABLE: io exception
2022-09-29 01:23:21,119 [grpc-default-executor-0] WARN  server.GrpcLogAppender (GrpcLogAppender.java:resetClient(111)) - omNode-2@group-523986131536->omNode-1-GrpcLogAppender: Leader has not got in touch with Follower omNode-2@group-523986131536->omNode-1(c-1,m0,n23, attendVote=true, lastRpcSendTime=0, lastRpcResponseTime=3234) yet, just keep nextIndex unchanged and retry.
2022-09-29 01:23:21,242 [Under Replicated Processor] INFO  replication.UnderReplicatedProcessor (UnderReplicatedProcessor.java:processAll(92)) - Processed 0 under replicated containers, failed processing 0
2022-09-29 01:23:21,256 [Over Replicated Processor] INFO  replication.OverReplicatedProcessor (OverReplicatedProcessor.java:processAll(90)) - Processed 0 over replicated containers, failed processing 0
2022-09-29 01:23:21,368 [grpc-default-executor-0] WARN  server.GrpcLogAppender (LogUtils.java:warn(122)) - omNode-2@group-523986131536->omNode-1-AppendLogResponseHandler: Failed appendEntries: org.apache.ratis.thirdparty.io.grpc.StatusRuntimeException: UNAVAILABLE: io exception
2022-09-29 01:23:21,369 [grpc-default-executor-0] WARN  server.GrpcLogAppender (GrpcLogAppender.java:resetClient(111)) - omNode-2@group-523986131536->omNode-1-GrpcLogAppender: Leader has not got in touch with Follower omNode-2@group-523986131536->omNode-1(c-1,m0,n23, attendVote=true, lastRpcSendTime=0, lastRpcResponseTime=3485) yet, just keep nextIndex unchanged and retry.
2022-09-29 01:23:21,619 [grpc-default-executor-0] WARN  server.GrpcLogAppender (LogUtils.java:warn(122)) - omNode-2@group-523986131536->omNode-1-AppendLogResponseHandler: Failed appendEntries: org.apache.ratis.thirdparty.io.grpc.StatusRuntimeException: UNAVAILABLE: io exception
2022-09-29 01:23:21,620 [grpc-default-executor-0] WARN  server.GrpcLogAppender (GrpcLogAppender.java:resetClient(111)) - omNode-2@group-523986131536->omNode-1-GrpcLogAppender: Leader has not got in touch with Follower omNode-2@group-523986131536->omNode-1(c-1,m0,n23, attendVote=true, lastRpcSendTime=0, lastRpcResponseTime=3735) yet, just keep nextIndex unchanged and retry.
2022-09-29 01:23:21,869 [grpc-default-executor-0] WARN  server.GrpcLogAppender (LogUtils.java:warn(122)) - omNode-2@group-523986131536->omNode-1-AppendLogResponseHandler: Failed appendEntries: org.apache.ratis.thirdparty.io.grpc.StatusRuntimeException: UNAVAILABLE: io exception
2022-09-29 01:23:21,870 [grpc-default-executor-0] WARN  server.GrpcLogAppender (GrpcLogAppender.java:resetClient(111)) - omNode-2@group-523986131536->omNode-1-GrpcLogAppender: Leader has not got in touch with Follower omNode-2@group-523986131536->omNode-1(c-1,m0,n23, attendVote=true, lastRpcSendTime=0, lastRpcResponseTime=3986) yet, just keep nextIndex unchanged and retry.
2022-09-29 01:23:22,120 [grpc-default-executor-0] WARN  server.GrpcLogAppender (LogUtils.java:warn(122)) - omNode-2@group-523986131536->omNode-1-AppendLogResponseHandler: Failed appendEntries: org.apache.ratis.thirdparty.io.grpc.StatusRuntimeException: UNAVAILABLE: io exception
2022-09-29 01:23:22,121 [grpc-default-executor-0] WARN  server.GrpcLogAppender (GrpcLogAppender.java:resetClient(111)) - omNode-2@group-523986131536->omNode-1-GrpcLogAppender: Leader has not got in touch with Follower omNode-2@group-523986131536->omNode-1(c-1,m0,n23, attendVote=true, lastRpcSendTime=0, lastRpcResponseTime=4236) yet, just keep nextIndex unchanged and retry.
2022-09-29 01:23:22,372 [grpc-default-executor-0] WARN  server.GrpcLogAppender (LogUtils.java:warn(122)) - omNode-2@group-523986131536->omNode-1-AppendLogResponseHandler: Failed appendEntries: org.apache.ratis.thirdparty.io.grpc.StatusRuntimeException: UNAVAILABLE: io exception
2022-09-29 01:23:22,373 [grpc-default-executor-0] WARN  server.GrpcLogAppender (GrpcLogAppender.java:resetClient(111)) - omNode-2@group-523986131536->omNode-1-GrpcLogAppender: Leader has not got in touch with Follower omNode-2@group-523986131536->omNode-1(c-1,m0,n23, attendVote=true, lastRpcSendTime=0, lastRpcResponseTime=4488) yet, just keep nextIndex unchanged and retry.
2022-09-29 01:23:22,623 [grpc-default-executor-0] WARN  server.GrpcLogAppender (LogUtils.java:warn(122)) - omNode-2@group-523986131536->omNode-1-AppendLogResponseHandler: Failed appendEntries: org.apache.ratis.thirdparty.io.grpc.StatusRuntimeException: UNAVAILABLE: io exception
2022-09-29 01:23:22,623 [grpc-default-executor-0] WARN  server.GrpcLogAppender (GrpcLogAppender.java:resetClient(111)) - omNode-2@group-523986131536->omNode-1-GrpcLogAppender: Leader has not got in touch with Follower omNode-2@group-523986131536->omNode-1(c-1,m0,n23, attendVote=true, lastRpcSendTime=0, lastRpcResponseTime=4739) yet, just keep nextIndex unchanged and retry.
2022-09-29 01:23:22,873 [grpc-default-executor-0] WARN  server.GrpcLogAppender (LogUtils.java:warn(122)) - omNode-2@group-523986131536->omNode-1-AppendLogResponseHandler: Failed appendEntries: org.apache.ratis.thirdparty.io.grpc.StatusRuntimeException: UNAVAILABLE: io exception
2022-09-29 01:23:22,874 [grpc-default-executor-0] WARN  server.GrpcLogAppender (GrpcLogAppender.java:resetClient(111)) - omNode-2@group-523986131536->omNode-1-GrpcLogAppender: Leader has not got in touch with Follower omNode-2@group-523986131536->omNode-1(c-1,m0,n23, attendVote=true, lastRpcSendTime=0, lastRpcResponseTime=4989) yet, just keep nextIndex unchanged and retry.
2022-09-29 01:23:23,123 [grpc-default-executor-0] WARN  server.GrpcLogAppender (LogUtils.java:warn(122)) - omNode-2@group-523986131536->omNode-1-AppendLogResponseHandler: Failed appendEntries: org.apache.ratis.thirdparty.io.grpc.StatusRuntimeException: UNAVAILABLE: io exception
2022-09-29 01:23:23,124 [grpc-default-executor-0] WARN  server.GrpcLogAppender (GrpcLogAppender.java:resetClient(111)) - omNode-2@group-523986131536->omNode-1-GrpcLogAppender: Leader has not got in touch with Follower omNode-2@group-523986131536->omNode-1(c-1,m0,n23, attendVote=true, lastRpcSendTime=0, lastRpcResponseTime=5240) yet, just keep nextIndex unchanged and retry.
2022-09-29 01:23:23,374 [grpc-default-executor-0] WARN  server.GrpcLogAppender (LogUtils.java:warn(122)) - omNode-2@group-523986131536->omNode-1-AppendLogResponseHandler: Failed appendEntries: org.apache.ratis.thirdparty.io.grpc.StatusRuntimeException: UNAVAILABLE: io exception
2022-09-29 01:23:23,374 [grpc-default-executor-0] WARN  server.GrpcLogAppender (GrpcLogAppender.java:resetClient(111)) - omNode-2@group-523986131536->omNode-1-GrpcLogAppender: Leader has not got in touch with Follower omNode-2@group-523986131536->omNode-1(c-1,m0,n23, attendVote=true, lastRpcSendTime=0, lastRpcResponseTime=5490) yet, just keep nextIndex unchanged and retry.
2022-09-29 01:23:23,624 [grpc-default-executor-2] WARN  server.GrpcLogAppender (LogUtils.java:warn(122)) - omNode-2@group-523986131536->omNode-1-AppendLogResponseHandler: Failed appendEntries: org.apache.ratis.thirdparty.io.grpc.StatusRuntimeException: UNAVAILABLE: io exception
2022-09-29 01:23:23,625 [grpc-default-executor-2] WARN  server.GrpcLogAppender (GrpcLogAppender.java:resetClient(111)) - omNode-2@group-523986131536->omNode-1-GrpcLogAppender: Leader has not got in touch with Follower omNode-2@group-523986131536->omNode-1(c-1,m0,n23, attendVote=true, lastRpcSendTime=0, lastRpcResponseTime=5740) yet, just keep nextIndex unchanged and retry.
2022-09-29 01:23:23,874 [grpc-default-executor-2] WARN  server.GrpcLogAppender (LogUtils.java:warn(122)) - omNode-2@group-523986131536->omNode-1-AppendLogResponseHandler: Failed appendEntries: org.apache.ratis.thirdparty.io.grpc.StatusRuntimeException: UNAVAILABLE: io exception
2022-09-29 01:23:23,875 [grpc-default-executor-2] WARN  server.GrpcLogAppender (GrpcLogAppender.java:resetClient(111)) - omNode-2@group-523986131536->omNode-1-GrpcLogAppender: Leader has not got in touch with Follower omNode-2@group-523986131536->omNode-1(c-1,m0,n23, attendVote=true, lastRpcSendTime=0, lastRpcResponseTime=5991) yet, just keep nextIndex unchanged and retry.
2022-09-29 01:23:24,125 [grpc-default-executor-2] WARN  server.GrpcLogAppender (LogUtils.java:warn(122)) - omNode-2@group-523986131536->omNode-1-AppendLogResponseHandler: Failed appendEntries: org.apache.ratis.thirdparty.io.grpc.StatusRuntimeException: UNAVAILABLE: io exception
2022-09-29 01:23:24,126 [grpc-default-executor-2] WARN  server.GrpcLogAppender (GrpcLogAppender.java:resetClient(111)) - omNode-2@group-523986131536->omNode-1-GrpcLogAppender: Leader has not got in touch with Follower omNode-2@group-523986131536->omNode-1(c-1,m0,n23, attendVote=true, lastRpcSendTime=0, lastRpcResponseTime=6241) yet, just keep nextIndex unchanged and retry.
2022-09-29 01:23:24,375 [grpc-default-executor-2] WARN  server.GrpcLogAppender (LogUtils.java:warn(122)) - omNode-2@group-523986131536->omNode-1-AppendLogResponseHandler: Failed appendEntries: org.apache.ratis.thirdparty.io.grpc.StatusRuntimeException: UNAVAILABLE: io exception
2022-09-29 01:23:24,376 [grpc-default-executor-2] WARN  server.GrpcLogAppender (GrpcLogAppender.java:resetClient(111)) - omNode-2@group-523986131536->omNode-1-GrpcLogAppender: Leader has not got in touch with Follower omNode-2@group-523986131536->omNode-1(c-1,m0,n23, attendVote=true, lastRpcSendTime=0, lastRpcResponseTime=6492) yet, just keep nextIndex unchanged and retry.
2022-09-29 01:23:24,626 [grpc-default-executor-2] WARN  server.GrpcLogAppender (LogUtils.java:warn(122)) - omNode-2@group-523986131536->omNode-1-AppendLogResponseHandler: Failed appendEntries: org.apache.ratis.thirdparty.io.grpc.StatusRuntimeException: UNAVAILABLE: io exception
2022-09-29 01:23:24,626 [grpc-default-executor-2] WARN  server.GrpcLogAppender (GrpcLogAppender.java:resetClient(111)) - omNode-2@group-523986131536->omNode-1-GrpcLogAppender: Leader has not got in touch with Follower omNode-2@group-523986131536->omNode-1(c-1,m0,n23, attendVote=true, lastRpcSendTime=0, lastRpcResponseTime=6742) yet, just keep nextIndex unchanged and retry.
2022-09-29 01:23:24,876 [grpc-default-executor-2] WARN  server.GrpcLogAppender (LogUtils.java:warn(122)) - omNode-2@group-523986131536->omNode-1-AppendLogResponseHandler: Failed appendEntries: org.apache.ratis.thirdparty.io.grpc.StatusRuntimeException: UNAVAILABLE: io exception
2022-09-29 01:23:24,877 [grpc-default-executor-2] WARN  server.GrpcLogAppender (GrpcLogAppender.java:resetClient(111)) - omNode-2@group-523986131536->omNode-1-GrpcLogAppender: Leader has not got in touch with Follower omNode-2@group-523986131536->omNode-1(c-1,m0,n23, attendVote=true, lastRpcSendTime=0, lastRpcResponseTime=6992) yet, just keep nextIndex unchanged and retry.
2022-09-29 01:23:25,126 [grpc-default-executor-2] WARN  server.GrpcLogAppender (LogUtils.java:warn(122)) - omNode-2@group-523986131536->omNode-1-AppendLogResponseHandler: Failed appendEntries: org.apache.ratis.thirdparty.io.grpc.StatusRuntimeException: UNAVAILABLE: io exception
2022-09-29 01:23:25,127 [grpc-default-executor-2] WARN  server.GrpcLogAppender (GrpcLogAppender.java:resetClient(111)) - omNode-2@group-523986131536->omNode-1-GrpcLogAppender: Leader has not got in touch with Follower omNode-2@group-523986131536->omNode-1(c-1,m0,n23, attendVote=true, lastRpcSendTime=0, lastRpcResponseTime=7243) yet, just keep nextIndex unchanged and retry.
2022-09-29 01:23:25,377 [grpc-default-executor-2] WARN  server.GrpcLogAppender (LogUtils.java:warn(122)) - omNode-2@group-523986131536->omNode-1-AppendLogResponseHandler: Failed appendEntries: org.apache.ratis.thirdparty.io.grpc.StatusRuntimeException: UNAVAILABLE: io exception
2022-09-29 01:23:25,377 [grpc-default-executor-2] WARN  server.GrpcLogAppender (GrpcLogAppender.java:resetClient(111)) - omNode-2@group-523986131536->omNode-1-GrpcLogAppender: Leader has not got in touch with Follower omNode-2@group-523986131536->omNode-1(c-1,m0,n23, attendVote=true, lastRpcSendTime=0, lastRpcResponseTime=7493) yet, just keep nextIndex unchanged and retry.
2022-09-29 01:23:25,529 [Listener at 127.0.0.1/46485] INFO  retry.RetryInvocationHandler (RetryInvocationHandler.java:log(411)) - com.google.protobuf.ServiceException: java.io.EOFException: End of File Exception between local host is: "fv-az182-579/10.1.1.32"; destination host is: "localhost":37925; : java.io.EOFException; For more details see:  http://wiki.apache.org/hadoop/EOFException, while invoking $Proxy55.submitRequest over nodeId=omNode-1,nodeAddress=127.0.0.1:37925. Trying to failover immediately.
2022-09-29 01:23:25,537 [grpc-default-executor-2] WARN  server.GrpcLogAppender (LogUtils.java:warn(122)) - omNode-2@group-523986131536->omNode-1-AppendLogResponseHandler: Failed appendEntries: org.apache.ratis.thirdparty.io.grpc.StatusRuntimeException: UNAVAILABLE: io exception
2022-09-29 01:23:25,538 [grpc-default-executor-2] WARN  server.GrpcLogAppender (GrpcLogAppender.java:resetClient(111)) - omNode-2@group-523986131536->omNode-1-GrpcLogAppender: Leader has not got in touch with Follower omNode-2@group-523986131536->omNode-1(c-1,m0,n24, attendVote=true, lastRpcSendTime=161, lastRpcResponseTime=7654) yet, just keep nextIndex unchanged and retry.
2022-09-29 01:23:25,544 [grpc-default-executor-0] WARN  server.GrpcLogAppender (LogUtils.java:warn(122)) - omNode-2@group-523986131536->omNode-1-AppendLogResponseHandler: Failed appendEntries: org.apache.ratis.thirdparty.io.grpc.StatusRuntimeException: UNAVAILABLE: io exception
2022-09-29 01:23:25,544 [grpc-default-executor-0] WARN  server.GrpcLogAppender (GrpcLogAppender.java:resetClient(111)) - omNode-2@group-523986131536->omNode-1-GrpcLogAppender: Leader has not got in touch with Follower omNode-2@group-523986131536->omNode-1(c-1,m0,n25, attendVote=true, lastRpcSendTime=2, lastRpcResponseTime=7660) yet, just keep nextIndex unchanged and retry.
2022-09-29 01:23:25,581 [grpc-default-executor-0] WARN  server.GrpcLogAppender (LogUtils.java:warn(122)) - omNode-2@group-523986131536->omNode-1-AppendLogResponseHandler: Failed appendEntries: org.apache.ratis.thirdparty.io.grpc.StatusRuntimeException: UNAVAILABLE: io exception
2022-09-29 01:23:25,581 [grpc-default-executor-0] WARN  server.GrpcLogAppender (GrpcLogAppender.java:resetClient(111)) - omNode-2@group-523986131536->omNode-1-GrpcLogAppender: Leader has not got in touch with Follower omNode-2@group-523986131536->omNode-1(c-1,m0,n26, attendVote=true, lastRpcSendTime=38, lastRpcResponseTime=7697) yet, just keep nextIndex unchanged and retry.
2022-09-29 01:23:25,594 [grpc-default-executor-0] WARN  server.GrpcLogAppender (LogUtils.java:warn(122)) - omNode-2@group-523986131536->omNode-1-AppendLogResponseHandler: Failed appendEntries: org.apache.ratis.thirdparty.io.grpc.StatusRuntimeException: UNAVAILABLE: io exception
2022-09-29 01:23:25,602 [grpc-default-executor-0] WARN  server.GrpcLogAppender (GrpcLogAppender.java:resetClient(111)) - omNode-2@group-523986131536->omNode-1-GrpcLogAppender: Leader has not got in touch with Follower omNode-2@group-523986131536->omNode-1(c-1,m0,n27, attendVote=true, lastRpcSendTime=8, lastRpcResponseTime=7718) yet, just keep nextIndex unchanged and retry.
2022-09-29 01:23:25,604 [grpc-default-executor-0] WARN  server.GrpcLogAppender (LogUtils.java:warn(122)) - omNode-2@group-523986131536->omNode-1-AppendLogResponseHandler: Failed appendEntries: org.apache.ratis.thirdparty.io.grpc.StatusRuntimeException: UNAVAILABLE: io exception
2022-09-29 01:23:25,604 [grpc-default-executor-0] WARN  server.GrpcLogAppender (GrpcLogAppender.java:resetClient(111)) - omNode-2@group-523986131536->omNode-1-GrpcLogAppender: Leader has not got in touch with Follower omNode-2@group-523986131536->omNode-1(c-1,m0,n27, attendVote=true, lastRpcSendTime=0, lastRpcResponseTime=7720) yet, just keep nextIndex unchanged and retry.
2022-09-29 01:23:25,732 [grpc-default-executor-1] WARN  server.GrpcLogAppender (LogUtils.java:warn(122)) - omNode-2@group-523986131536->omNode-1-AppendLogResponseHandler: Failed appendEntries: org.apache.ratis.thirdparty.io.grpc.StatusRuntimeException: UNAVAILABLE: io exception
2022-09-29 01:23:25,733 [grpc-default-executor-1] WARN  server.GrpcLogAppender (GrpcLogAppender.java:resetClient(111)) - omNode-2@group-523986131536->omNode-1-GrpcLogAppender: Leader has not got in touch with Follower omNode-2@group-523986131536->omNode-1(c-1,m0,n28, attendVote=true, lastRpcSendTime=0, lastRpcResponseTime=7848) yet, just keep nextIndex unchanged and retry.
2022-09-29 01:23:25,739 [grpc-default-executor-1] WARN  server.GrpcLogAppender (LogUtils.java:warn(122)) - omNode-2@group-523986131536->omNode-1-AppendLogResponseHandler: Failed appendEntries: org.apache.ratis.thirdparty.io.grpc.StatusRuntimeException: UNAVAILABLE: io exception
2022-09-29 01:23:25,741 [grpc-default-executor-1] WARN  server.GrpcLogAppender (GrpcLogAppender.java:resetClient(111)) - omNode-2@group-523986131536->omNode-1-GrpcLogAppender: Leader has not got in touch with Follower omNode-2@group-523986131536->omNode-1(c-1,m0,n29, attendVote=true, lastRpcSendTime=2, lastRpcResponseTime=7856) yet, just keep nextIndex unchanged and retry.
2022-09-29 01:23:25,744 [grpc-default-executor-2] WARN  server.GrpcLogAppender (LogUtils.java:warn(122)) - omNode-2@group-523986131536->omNode-1-AppendLogResponseHandler: Failed appendEntries: org.apache.ratis.thirdparty.io.grpc.StatusRuntimeException: UNAVAILABLE: io exception
2022-09-29 01:23:25,745 [grpc-default-executor-2] WARN  server.GrpcLogAppender (GrpcLogAppender.java:resetClient(111)) - omNode-2@group-523986131536->omNode-1-GrpcLogAppender: Leader has not got in touch with Follower omNode-2@group-523986131536->omNode-1(c-1,m0,n30, attendVote=true, lastRpcSendTime=3, lastRpcResponseTime=7860) yet, just keep nextIndex unchanged and retry.
2022-09-29 01:23:25,761 [grpc-default-executor-2] WARN  server.GrpcLogAppender (LogUtils.java:warn(122)) - omNode-2@group-523986131536->omNode-1-AppendLogResponseHandler: Failed appendEntries: org.apache.ratis.thirdparty.io.grpc.StatusRuntimeException: UNAVAILABLE: io exception
2022-09-29 01:23:25,762 [grpc-default-executor-2] WARN  server.GrpcLogAppender (GrpcLogAppender.java:resetClient(111)) - omNode-2@group-523986131536->omNode-1-GrpcLogAppender: Leader has not got in touch with Follower omNode-2@group-523986131536->omNode-1(c-1,m0,n31, attendVote=true, lastRpcSendTime=21, lastRpcResponseTime=7878) yet, just keep nextIndex unchanged and retry.
2022-09-29 01:23:25,811 [Listener at 127.0.0.1/46485] INFO  om.OzoneManager (OzoneManager.java:stop(2035)) - omNode-3[localhost:46485]: Stopping Ozone Manager
2022-09-29 01:23:25,811 [Listener at 127.0.0.1/46485] INFO  ipc.Server (Server.java:stop(3414)) - Stopping server on 46485
2022-09-29 01:23:25,816 [IPC Server listener on 46485] INFO  ipc.Server (Server.java:run(1376)) - Stopping IPC Server listener on 46485
2022-09-29 01:23:25,819 [IPC Server Responder] INFO  ipc.Server (Server.java:run(1512)) - Stopping IPC Server Responder
2022-09-29 01:23:25,819 [Listener at 127.0.0.1/46485] INFO  server.RaftServer (RaftServerProxy.java:lambda$close$7(398)) - omNode-3: close
2022-09-29 01:23:25,820 [Listener at 127.0.0.1/46485] INFO  server.RaftServer$Division (RaftServerImpl.java:lambda$close$4(434)) - omNode-3@group-523986131536: shutdown
2022-09-29 01:23:25,820 [Listener at 127.0.0.1/46485] INFO  util.JmxRegister (JmxRegister.java:unregister(73)) - Successfully un-registered JMX Bean with object name Ratis:service=RaftServer,group=group-523986131536,id=omNode-3
2022-09-29 01:23:25,820 [Listener at 127.0.0.1/46485] INFO  impl.RoleInfo (RoleInfo.java:shutdownFollowerState(110)) - omNode-3: shutdown omNode-3@group-523986131536-FollowerState
2022-09-29 01:23:25,820 [omNode-3@group-523986131536-FollowerState] INFO  impl.FollowerState (FollowerState.java:run(152)) - omNode-3@group-523986131536-FollowerState was interrupted
2022-09-29 01:23:25,828 [omNode-3@group-523986131536-StateMachineUpdater] INFO  ratis.OzoneManagerStateMachine (OzoneManagerStateMachine.java:takeSnapshot(441)) - Current Snapshot Index (t:3, i:29)
2022-09-29 01:23:25,828 [Listener at 127.0.0.1/46485] INFO  impl.StateMachineUpdater (StateMachineUpdater.java:stopAndJoin(153)) - omNode-3@group-523986131536-StateMachineUpdater: set stopIndex = 29
2022-09-29 01:23:25,828 [omNode-3@group-523986131536-StateMachineUpdater] INFO  impl.StateMachineUpdater (StateMachineUpdater.java:takeSnapshot(287)) - omNode-3@group-523986131536-StateMachineUpdater: Took a snapshot at index 29
2022-09-29 01:23:25,828 [omNode-3@group-523986131536-StateMachineUpdater] INFO  impl.StateMachineUpdater (StateMachineUpdater.java:lambda$new$0(92)) - omNode-3@group-523986131536-StateMachineUpdater: snapshotIndex: updateIncreasingly -1 -> 29
2022-09-29 01:23:25,828 [omNode-3@group-523986131536-StateMachineUpdater] INFO  ratis.OzoneManagerStateMachine (OzoneManagerStateMachine.java:close(495)) - StateMachine has shutdown. Shutdown OzoneManager if not already shutdown.
2022-09-29 01:23:25,829 [omNode-3@group-523986131536-StateMachineUpdater] INFO  ratis.OzoneManagerDoubleBuffer (OzoneManagerDoubleBuffer.java:stop(466)) - Stopping OMDoubleBuffer flush thread
2022-09-29 01:23:25,829 [OMDoubleBufferFlushThread] INFO  ratis.OzoneManagerDoubleBuffer (OzoneManagerDoubleBuffer.java:flushTransactions(385)) - OMDoubleBuffer flush thread OMDoubleBufferFlushThread is interrupted and will exit.
2022-09-29 01:23:25,829 [Listener at 127.0.0.1/46485] INFO  server.RaftServer$Division (ServerState.java:close(429)) - omNode-3@group-523986131536: closes. applyIndex: 29
2022-09-29 01:23:25,832 [omNode-3@group-523986131536-SegmentedRaftLogWorker] INFO  segmented.SegmentedRaftLogWorker (SegmentedRaftLogWorker.java:run(336)) - omNode-3@group-523986131536-SegmentedRaftLogWorker was interrupted, exiting. There are 0 tasks remaining in the queue.
2022-09-29 01:23:25,833 [Listener at 127.0.0.1/46485] INFO  segmented.SegmentedRaftLogWorker (SegmentedRaftLogWorker.java:close(246)) - omNode-3@group-523986131536-SegmentedRaftLogWorker close()
2022-09-29 01:23:25,835 [Listener at 127.0.0.1/46485] INFO  server.GrpcService (GrpcService.java:closeImpl(269)) - omNode-3: shutdown server with port 45481 now
2022-09-29 01:23:25,844 [grpc-default-executor-0] WARN  server.GrpcLogAppender (LogUtils.java:warn(122)) - omNode-2@group-523986131536->omNode-3-AppendLogResponseHandler: Failed appendEntries: org.apache.ratis.thirdparty.io.grpc.StatusRuntimeException: CANCELLED: RST_STREAM closed stream. HTTP/2 error code: CANCEL
2022-09-29 01:23:25,844 [grpc-default-executor-1] WARN  server.GrpcServerProtocolService (LogUtils.java:warn(122)) - omNode-3: installSnapshot onError, lastRequest: omNode-2->omNode-3#87-t3,previous=(t:3, i:29),leaderCommit=29,initializing? true,entries: size=1, first=(t:3, i:30), METADATAENTRY(c:29): org.apache.ratis.thirdparty.io.grpc.StatusRuntimeException: CANCELLED: client cancelled
2022-09-29 01:23:25,844 [grpc-default-executor-0] INFO  leader.FollowerInfo (FollowerInfoImpl.java:lambda$new$0(48)) - omNode-2@group-523986131536->omNode-3: nextIndex: updateUnconditionally 31 -> 30
2022-09-29 01:23:25,848 [Listener at 127.0.0.1/46485] INFO  server.GrpcService (GrpcService.java:closeImpl(278)) - omNode-3: shutdown server with port 45481 successfully
2022-09-29 01:23:25,848 [org.apache.ratis.util.JvmPauseMonitor$$Lambda$699/1983328127@48771b1a] INFO  util.JvmPauseMonitor (JvmPauseMonitor.java:run(109)) - JvmPauseMonitor-omNode-3: Stopped
2022-09-29 01:23:25,850 [Listener at 127.0.0.1/46485] INFO  ratis.OzoneManagerStateMachine (OzoneManagerStateMachine.java:close(495)) - StateMachine has shutdown. Shutdown OzoneManager if not already shutdown.
2022-09-29 01:23:25,850 [Listener at 127.0.0.1/46485] INFO  ratis.OzoneManagerDoubleBuffer (OzoneManagerDoubleBuffer.java:stop(478)) - OMDoubleBuffer flush thread is not running.
2022-09-29 01:23:25,850 [Listener at 127.0.0.1/46485] INFO  utils.BackgroundService (BackgroundService.java:shutdown(141)) - Shutting down service KeyDeletingService
2022-09-29 01:23:25,850 [Listener at 127.0.0.1/46485] INFO  utils.BackgroundService (BackgroundService.java:shutdown(141)) - Shutting down service DirectoryDeletingService
2022-09-29 01:23:25,850 [Listener at 127.0.0.1/46485] INFO  utils.BackgroundService (BackgroundService.java:shutdown(141)) - Shutting down service OpenKeyCleanupService
2022-09-29 01:23:25,851 [Listener at 127.0.0.1/46485] INFO  handler.ContextHandler (ContextHandler.java:doStop(1153)) - Stopped o.e.j.w.WebAppContext@7a364bfe{ozoneManager,/,null,STOPPED}{file:/home/runner/work/ozone/ozone/hadoop-ozone/integration-test/target/test-classes/webapps/ozoneManager}
2022-09-29 01:23:25,851 [Listener at 127.0.0.1/46485] INFO  server.AbstractConnector (AbstractConnector.java:doStop(381)) - Stopped ServerConnector@4e2e2fed{HTTP/1.1, (http/1.1)}{0.0.0.0:41793}
2022-09-29 01:23:25,852 [Listener at 127.0.0.1/46485] INFO  server.session (HouseKeeper.java:stopScavenging(149)) - node0 Stopped scavenging
2022-09-29 01:23:25,852 [Listener at 127.0.0.1/46485] INFO  handler.ContextHandler (ContextHandler.java:doStop(1153)) - Stopped o.e.j.s.ServletContextHandler@37f73847{static,/static,file:///home/runner/work/ozone/ozone/hadoop-ozone/integration-test/target/test-classes/webapps/static,STOPPED}
2022-09-29 01:23:25,852 [Listener at 127.0.0.1/46485] INFO  handler.ContextHandler (ContextHandler.java:doStop(1153)) - Stopped o.e.j.s.ServletContextHandler@288c6f9{logs,/logs,file:///home/runner/work/ozone/ozone/hadoop-ozone/integration-test/target/log,STOPPED}
2022-09-29 01:23:25,856 [grpc-default-executor-1] WARN  server.GrpcLogAppender (LogUtils.java:warn(122)) - omNode-2@group-523986131536->omNode-1-AppendLogResponseHandler: Failed appendEntries: org.apache.ratis.thirdparty.io.grpc.StatusRuntimeException: UNAVAILABLE: io exception
2022-09-29 01:23:25,856 [grpc-default-executor-1] WARN  server.GrpcLogAppender (GrpcLogAppender.java:resetClient(111)) - omNode-2@group-523986131536->omNode-1-GrpcLogAppender: Leader has not got in touch with Follower omNode-2@group-523986131536->omNode-1(c-1,m0,n31, attendVote=true, lastRpcSendTime=1, lastRpcResponseTime=7972) yet, just keep nextIndex unchanged and retry.
2022-09-29 01:23:25,866 [Listener at 127.0.0.1/46485] INFO  om.OzoneManager (OzoneManager.java:restart(1572)) - OzoneManager RPC server is listening at localhost/127.0.0.1:46485
2022-09-29 01:23:25,866 [Listener at 127.0.0.1/46485] INFO  impl.MetricsSystemImpl (MetricsSystemImpl.java:init(158)) - OzoneManager metrics system started (again)
2022-09-29 01:23:25,868 [grpc-default-executor-0] WARN  server.GrpcLogAppender (LogUtils.java:warn(122)) - omNode-2@group-523986131536->omNode-3-AppendLogResponseHandler: Failed appendEntries: org.apache.ratis.thirdparty.io.grpc.StatusRuntimeException: UNAVAILABLE: io exception
2022-09-29 01:23:25,868 [grpc-default-executor-0] INFO  leader.FollowerInfo (FollowerInfoImpl.java:lambda$new$0(48)) - omNode-2@group-523986131536->omNode-3: nextIndex: updateUnconditionally 31 -> 30
2022-09-29 01:23:25,894 [Listener at 127.0.0.1/46485] WARN  server.ServerUtils (ServerUtils.java:getDBPath(225)) - ozone.om.db.dirs is not configured. We recommend adding this setting. Falling back to ozone.metadata.dirs instead.
2022-09-29 01:23:25,895 [Listener at 127.0.0.1/46485] INFO  codec.OmKeyInfoCodec (OmKeyInfoCodec.java:<init>(49)) - OmKeyInfoCodec ignorePipeline = true
2022-09-29 01:23:25,895 [Listener at 127.0.0.1/46485] INFO  codec.RepeatedOmKeyInfoCodec (RepeatedOmKeyInfoCodec.java:<init>(41)) - RepeatedOmKeyInfoCodec ignorePipeline = true
2022-09-29 01:23:25,982 [Listener at 127.0.0.1/46485] INFO  om.OzoneManager (OzoneManager.java:instantiateServices(709)) - S3 Multi-Tenancy is disabled
2022-09-29 01:23:25,994 [Listener at 127.0.0.1/46485] WARN  impl.MetricRegistriesImpl (MetricRegistriesImpl.java:addReporterRegistration(111)) - New reporters are added after registries were created. Some metrics will be missing from the reporter. Please add reporter before adding any new registry.
2022-09-29 01:23:25,994 [Listener at 127.0.0.1/46485] WARN  impl.MetricRegistriesImpl (MetricRegistriesImpl.java:addReporterRegistration(111)) - New reporters are added after registries were created. Some metrics will be missing from the reporter. Please add reporter before adding any new registry.
2022-09-29 01:23:25,994 [Listener at 127.0.0.1/46485] WARN  server.ServerUtils (ServerUtils.java:getDefaultRatisDirectory(237)) - Storage directory for Ratis is not configured. It is a good idea to map this to an SSD disk. Falling back to ozone.metadata.dirs
2022-09-29 01:23:25,996 [Listener at 127.0.0.1/46485] INFO  ratis.OzoneManagerRatisServer (OzoneManagerRatisServer.java:<init>(160)) - Instantiating OM Ratis server with groupID: om-service-test1 and peers: localhost:45481, localhost:40693, localhost:42303
2022-09-29 01:23:25,997 [Listener at 127.0.0.1/46485] INFO  ratis.OzoneManagerStateMachine (OzoneManagerStateMachine.java:loadSnapshotInfoFromDB(632)) - LastAppliedIndex is set from TransactionInfo from OM DB as (t:3, i:29)
2022-09-29 01:23:26,000 [Listener at 127.0.0.1/46485] INFO  server.RaftServer (ConfUtils.java:logGet(46)) - raft.rpc.type = GRPC (default)
2022-09-29 01:23:26,000 [Listener at 127.0.0.1/46485] INFO  grpc.GrpcFactory (GrpcFactory.java:checkPooledByteBufAllocatorUseCacheForAllThreads(48)) - PERFORMANCE WARNING: useCacheForAllThreads is true that may cause Netty to create a lot garbage objects and, as a result, trigger GC.
	It is recommended to disable useCacheForAllThreads by setting -Dorg.apache.ratis.thirdparty.io.netty.allocator.useCacheForAllThreads=false in command line.
2022-09-29 01:23:26,000 [Listener at 127.0.0.1/46485] INFO  grpc.GrpcConfigKeys (ConfUtils.java:logGet(46)) - raft.grpc.admin.port = -1 (default)
2022-09-29 01:23:26,000 [Listener at 127.0.0.1/46485] INFO  grpc.GrpcConfigKeys (ConfUtils.java:logGet(46)) - raft.grpc.server.port = 45481 (custom)
2022-09-29 01:23:26,001 [Listener at 127.0.0.1/46485] INFO  grpc.GrpcConfigKeys (ConfUtils.java:logGet(46)) - raft.grpc.client.port = -1 (default)
2022-09-29 01:23:26,001 [Listener at 127.0.0.1/46485] INFO  grpc.GrpcConfigKeys (ConfUtils.java:logGet(46)) - raft.grpc.server.port = 45481 (custom)
2022-09-29 01:23:26,001 [Listener at 127.0.0.1/46485] INFO  grpc.GrpcConfigKeys (ConfUtils.java:logGet(46)) - raft.grpc.server.port = 45481 (custom)
2022-09-29 01:23:26,001 [Listener at 127.0.0.1/46485] INFO  server.GrpcService (ConfUtils.java:logGet(46)) - raft.grpc.message.size.max = 33554432 (custom)
2022-09-29 01:23:26,001 [Listener at 127.0.0.1/46485] INFO  server.RaftServerConfigKeys (ConfUtils.java:logGet(46)) - raft.server.log.appender.buffer.byte-limit = 33554432 (custom)
2022-09-29 01:23:26,001 [Listener at 127.0.0.1/46485] INFO  server.GrpcService (ConfUtils.java:logGet(46)) - raft.grpc.flow.control.window = 1MB (=1048576) (default)
2022-09-29 01:23:26,001 [Listener at 127.0.0.1/46485] INFO  server.RaftServerConfigKeys (ConfUtils.java:logGet(46)) - raft.server.rpc.request.timeout = 3000ms (default)
2022-09-29 01:23:26,001 [Listener at 127.0.0.1/46485] INFO  grpc.GrpcConfigKeys (ConfUtils.java:logGet(46)) - raft.grpc.server.async.request.thread.pool.cached = true (default)
2022-09-29 01:23:26,001 [Listener at 127.0.0.1/46485] INFO  grpc.GrpcConfigKeys (ConfUtils.java:logGet(46)) - raft.grpc.server.async.request.thread.pool.size = 32 (default)
2022-09-29 01:23:26,003 [Listener at 127.0.0.1/46485] INFO  impl.DataStreamServerImpl (ConfUtils.java:logGet(46)) - raft.datastream.type = DISABLED (default)
2022-09-29 01:23:26,003 [Listener at 127.0.0.1/46485] INFO  server.RaftServerConfigKeys (ConfUtils.java:logGet(46)) - raft.server.threadpool.proxy.cached = true (default)
2022-09-29 01:23:26,003 [Listener at 127.0.0.1/46485] INFO  server.RaftServerConfigKeys (ConfUtils.java:logGet(46)) - raft.server.threadpool.proxy.size = 0 (default)
2022-09-29 01:23:26,003 [Listener at 127.0.0.1/46485] INFO  server.RaftServerConfigKeys (ConfUtils.java:logGet(46)) - raft.server.rpc.slowness.timeout = 2s (custom)
2022-09-29 01:23:26,004 [Listener at 127.0.0.1/46485] INFO  server.RaftServerConfigKeys (ConfUtils.java:logGet(46)) - raft.server.leaderelection.leader.step-down.wait-time = 10s (default)
2022-09-29 01:23:26,006 [Listener at 127.0.0.1/46485] INFO  server.RaftServerConfigKeys (ConfUtils.java:logGet(46)) - raft.server.storage.dir = [/home/runner/work/ozone/ozone/hadoop-ozone/integration-test/target/test-dir/MiniOzoneClusterImpl-a442e60d-e435-415e-98a9-f45e33772b0d/omNode-3/ratis] (custom)
2022-09-29 01:23:26,008 [omNode-3-impl-thread1] INFO  server.RaftServer (RaftServerProxy.java:initGroupDir(247)) - omNode-3: found a subdirectory /home/runner/work/ozone/ozone/hadoop-ozone/integration-test/target/test-dir/MiniOzoneClusterImpl-a442e60d-e435-415e-98a9-f45e33772b0d/omNode-3/ratis/c9bc4cf4-3bc3-3c60-a66b-523986131536
2022-09-29 01:23:26,008 [Listener at 127.0.0.1/46485] INFO  server.RaftServer (RaftServerProxy.java:addNew(96)) - omNode-3: addNew group-523986131536:[omNode-3|rpc:localhost:45481|priority:0, omNode-1|rpc:localhost:40693|priority:0, omNode-2|rpc:localhost:42303|priority:0] returns group-523986131536:java.util.concurrent.CompletableFuture@7aab927b[Not completed]
2022-09-29 01:23:26,008 [Listener at 127.0.0.1/46485] INFO  om.OzoneManager (OzoneManager.java:initializeRatisServer(1976)) - OzoneManager Ratis server initialized at port 45481
2022-09-29 01:23:26,009 [Listener at 127.0.0.1/46485] INFO  ratis.OzoneManagerRatisServer (OzoneManagerRatisServer.java:start(555)) - Starting OzoneManagerRatisServer omNode-3 at port 45481
2022-09-29 01:23:26,009 [pool-232-thread-1] INFO  server.RaftServer$Division (RaftServerImpl.java:<init>(190)) - omNode-3: new RaftServerImpl for group-523986131536:[omNode-3|rpc:localhost:45481|priority:0, omNode-1|rpc:localhost:40693|priority:0, omNode-2|rpc:localhost:42303|priority:0] with OzoneManagerStateMachine:uninitialized
2022-09-29 01:23:26,009 [pool-232-thread-1] INFO  server.RaftServerConfigKeys (ConfUtils.java:logGet(46)) - raft.server.rpc.timeout.min = 1s (custom)
2022-09-29 01:23:26,009 [pool-232-thread-1] INFO  server.RaftServerConfigKeys (ConfUtils.java:logGet(46)) - raft.server.rpc.timeout.max = 1200ms (custom)
2022-09-29 01:23:26,009 [pool-232-thread-1] INFO  server.RaftServerConfigKeys (ConfUtils.java:logGet(46)) - raft.server.rpc.sleep.time = 25ms (default)
2022-09-29 01:23:26,011 [pool-232-thread-1] INFO  server.RaftServerConfigKeys (ConfUtils.java:logGet(46)) - raft.server.rpc.slowness.timeout = 2s (custom)
2022-09-29 01:23:26,012 [pool-232-thread-1] INFO  server.RaftServerConfigKeys (ConfUtils.java:logGet(46)) - raft.server.leaderelection.leader.step-down.wait-time = 10s (default)
2022-09-29 01:23:26,012 [pool-232-thread-1] INFO  server.RaftServerConfigKeys (ConfUtils.java:logGet(46)) - raft.server.sleep.deviation.threshold = 300ms (default)
2022-09-29 01:23:26,012 [pool-232-thread-1] INFO  server.RaftServer$Division (ServerState.java:<init>(107)) - omNode-3@group-523986131536: ConfigurationManager, init=-1: [omNode-3|rpc:localhost:45481|priority:0, omNode-1|rpc:localhost:40693|priority:0, omNode-2|rpc:localhost:42303|priority:0], old=null, confs=<EMPTY_MAP>
2022-09-29 01:23:26,012 [pool-232-thread-1] INFO  server.RaftServerConfigKeys (ConfUtils.java:logGet(46)) - raft.server.storage.dir = [/home/runner/work/ozone/ozone/hadoop-ozone/integration-test/target/test-dir/MiniOzoneClusterImpl-a442e60d-e435-415e-98a9-f45e33772b0d/omNode-3/ratis] (custom)
2022-09-29 01:23:26,012 [pool-232-thread-1] INFO  server.RaftServerConfigKeys (ConfUtils.java:logGet(46)) - raft.server.log.corruption.policy = EXCEPTION (default)
2022-09-29 01:23:26,012 [pool-232-thread-1] INFO  server.RaftServerConfigKeys (ConfUtils.java:logGet(46)) - raft.server.storage.free-space.min = 0MB (=0) (default)
2022-09-29 01:23:26,013 [pool-232-thread-1] INFO  storage.RaftStorageDirectory (RaftStorageDirectoryImpl.java:tryLock(230)) - Lock on /home/runner/work/ozone/ozone/hadoop-ozone/integration-test/target/test-dir/MiniOzoneClusterImpl-a442e60d-e435-415e-98a9-f45e33772b0d/omNode-3/ratis/c9bc4cf4-3bc3-3c60-a66b-523986131536/in_use.lock acquired by nodename 41909@fv-az182-579
2022-09-29 01:23:26,014 [pool-232-thread-1] INFO  storage.RaftStorage (RaftStorageImpl.java:analyzeAndRecoverStorage(110)) - Read RaftStorageMetadata{term=3, votedFor=omNode-2} from /home/runner/work/ozone/ozone/hadoop-ozone/integration-test/target/test-dir/MiniOzoneClusterImpl-a442e60d-e435-415e-98a9-f45e33772b0d/omNode-3/ratis/c9bc4cf4-3bc3-3c60-a66b-523986131536/current/raft-meta
2022-09-29 01:23:26,015 [pool-232-thread-1] INFO  server.RaftServer$Division (ServerState.java:setRaftConf(393)) - omNode-3@group-523986131536: set configuration 21: [omNode-3|rpc:localhost:45481|admin:|client:|dataStream:|priority:0, omNode-1|rpc:localhost:40693|admin:|client:|dataStream:|priority:0, omNode-2|rpc:localhost:42303|admin:|client:|dataStream:|priority:0], old=null
2022-09-29 01:23:26,015 [pool-232-thread-1] INFO  server.RaftServerConfigKeys (ConfUtils.java:logGet(46)) - raft.server.notification.no-leader.timeout = 2s (custom)
2022-09-29 01:23:26,015 [pool-232-thread-1] INFO  server.RaftServerConfigKeys (ConfUtils.java:logGet(46)) - raft.server.log.use.memory = false (default)
2022-09-29 01:23:26,015 [pool-232-thread-1] INFO  server.RaftServerConfigKeys (ConfUtils.java:logGet(46)) - raft.server.log.purge.gap = 50 (custom)
2022-09-29 01:23:26,015 [pool-232-thread-1] INFO  server.RaftServerConfigKeys (ConfUtils.java:logGet(46)) - raft.server.log.appender.buffer.byte-limit = 33554432 (custom)
2022-09-29 01:23:26,015 [pool-232-thread-1] INFO  server.RaftServerConfigKeys (ConfUtils.java:logGet(46)) - raft.server.log.statemachine.data.read.timeout = 1000ms (default)
2022-09-29 01:23:26,016 [pool-232-thread-1] INFO  server.RaftServerConfigKeys (ConfUtils.java:logGet(46)) - raft.server.log.segment.size.max = 4194304 (custom)
2022-09-29 01:23:26,017 [pool-232-thread-1] INFO  server.RaftServerConfigKeys (ConfUtils.java:logGet(46)) - raft.server.log.segment.cache.num.max = 2 (custom)
2022-09-29 01:23:26,017 [pool-232-thread-1] INFO  server.RaftServerConfigKeys (ConfUtils.java:logGet(46)) - raft.server.log.segment.cache.size.max = 200MB (=209715200) (default)
2022-09-29 01:23:26,017 [pool-232-thread-1] INFO  segmented.SegmentedRaftLogWorker (SegmentedRaftLogWorker.java:<init>(187)) - new omNode-3@group-523986131536-SegmentedRaftLogWorker for RaftStorageImpl:Storage Directory /home/runner/work/ozone/ozone/hadoop-ozone/integration-test/target/test-dir/MiniOzoneClusterImpl-a442e60d-e435-415e-98a9-f45e33772b0d/omNode-3/ratis/c9bc4cf4-3bc3-3c60-a66b-523986131536
2022-09-29 01:23:26,017 [pool-232-thread-1] INFO  server.RaftServerConfigKeys (ConfUtils.java:logGet(46)) - raft.server.log.queue.byte-limit = 64MB (=67108864) (default)
2022-09-29 01:23:26,017 [pool-232-thread-1] INFO  server.RaftServerConfigKeys (ConfUtils.java:logGet(46)) - raft.server.log.queue.element-limit = 4096 (default)
2022-09-29 01:23:26,017 [pool-232-thread-1] INFO  server.RaftServerConfigKeys (ConfUtils.java:logGet(46)) - raft.server.log.segment.size.max = 4194304 (custom)
2022-09-29 01:23:26,017 [pool-232-thread-1] INFO  server.RaftServerConfigKeys (ConfUtils.java:logGet(46)) - raft.server.log.preallocated.size = 4194304 (custom)
2022-09-29 01:23:26,017 [pool-232-thread-1] INFO  server.RaftServerConfigKeys (ConfUtils.java:logGet(46)) - raft.server.log.force.sync.num = 128 (default)
2022-09-29 01:23:26,017 [pool-232-thread-1] INFO  server.RaftServerConfigKeys (ConfUtils.java:logGet(46)) - raft.server.log.statemachine.data.sync = true (default)
2022-09-29 01:23:26,017 [pool-232-thread-1] INFO  server.RaftServerConfigKeys (ConfUtils.java:logGet(46)) - raft.server.log.statemachine.data.sync.timeout = 10s (default)
2022-09-29 01:23:26,017 [pool-232-thread-1] INFO  server.RaftServerConfigKeys (ConfUtils.java:logGet(46)) - raft.server.log.statemachine.data.sync.timeout.retry = -1 (default)
2022-09-29 01:23:26,024 [pool-232-thread-1] INFO  server.RaftServerConfigKeys (ConfUtils.java:logGet(46)) - raft.server.log.write.buffer.size = 64KB (=65536) (default)
2022-09-29 01:23:26,024 [pool-232-thread-1] INFO  server.RaftServerConfigKeys (ConfUtils.java:logGet(46)) - raft.server.log.unsafe-flush.enabled = false (default)
2022-09-29 01:23:26,024 [pool-232-thread-1] INFO  server.RaftServerConfigKeys (ConfUtils.java:logGet(46)) - raft.server.log.statemachine.data.caching.enabled = false (default)
2022-09-29 01:23:26,030 [pool-232-thread-1] INFO  server.RaftServer$Division (ServerState.java:setRaftConf(393)) - omNode-3@group-523986131536: set configuration 0: [omNode-3|rpc:localhost:45481|admin:|client:|dataStream:|priority:0, omNode-1|rpc:localhost:40693|admin:|client:|dataStream:|priority:0, omNode-2|rpc:localhost:42303|admin:|client:|dataStream:|priority:0], old=null
2022-09-29 01:23:26,032 [pool-232-thread-1] INFO  segmented.LogSegment (LogSegment.java:loadSegment(173)) - Successfully read 21 entries from segment file /home/runner/work/ozone/ozone/hadoop-ozone/integration-test/target/test-dir/MiniOzoneClusterImpl-a442e60d-e435-415e-98a9-f45e33772b0d/omNode-3/ratis/c9bc4cf4-3bc3-3c60-a66b-523986131536/current/log_0-20
2022-09-29 01:23:26,033 [pool-232-thread-1] INFO  server.RaftServer$Division (ServerState.java:setRaftConf(393)) - omNode-3@group-523986131536: set configuration 21: [omNode-3|rpc:localhost:45481|admin:|client:|dataStream:|priority:0, omNode-1|rpc:localhost:40693|admin:|client:|dataStream:|priority:0, omNode-2|rpc:localhost:42303|admin:|client:|dataStream:|priority:0], old=null
2022-09-29 01:23:26,034 [pool-232-thread-1] INFO  segmented.LogSegment (LogSegment.java:loadSegment(173)) - Successfully read 10 entries from segment file /home/runner/work/ozone/ozone/hadoop-ozone/integration-test/target/test-dir/MiniOzoneClusterImpl-a442e60d-e435-415e-98a9-f45e33772b0d/omNode-3/ratis/c9bc4cf4-3bc3-3c60-a66b-523986131536/current/log_inprogress_21
2022-09-29 01:23:26,034 [pool-232-thread-1] INFO  segmented.SegmentedRaftLogWorker (SegmentedRaftLogWorker.java:lambda$new$0(135)) - omNode-3@group-523986131536-SegmentedRaftLogWorker: flushIndex: setUnconditionally 0 -> 30
2022-09-29 01:23:26,034 [pool-232-thread-1] INFO  segmented.SegmentedRaftLogWorker (SegmentedRaftLogWorker.java:lambda$new$0(135)) - omNode-3@group-523986131536-SegmentedRaftLogWorker: safeCacheEvictIndex: setUnconditionally 0 -> 20
2022-09-29 01:23:26,036 [pool-232-thread-1] INFO  raftlog.RaftLog (RaftLogBase.java:lambda$new$0(53)) - omNode-3@group-523986131536-SegmentedRaftLog: commitIndex: updateToMax old=29, new=29, updated? false
2022-09-29 01:23:26,036 [pool-232-thread-1] INFO  server.RaftServerConfigKeys (ConfUtils.java:logGet(46)) - raft.server.snapshot.auto.trigger.enabled = true (custom)
2022-09-29 01:23:26,036 [pool-232-thread-1] INFO  server.RaftServerConfigKeys (ConfUtils.java:logGet(46)) - raft.server.snapshot.auto.trigger.threshold = 50 (custom)
2022-09-29 01:23:26,036 [pool-232-thread-1] INFO  server.RaftServerConfigKeys (ConfUtils.java:logGet(46)) - raft.server.snapshot.retention.file.num = -1 (default)
2022-09-29 01:23:26,036 [pool-232-thread-1] INFO  server.RaftServerConfigKeys (ConfUtils.java:logGet(46)) - raft.server.log.purge.upto.snapshot.index = true (custom)
2022-09-29 01:23:26,036 [pool-232-thread-1] INFO  server.RaftServerConfigKeys (ConfUtils.java:logGet(46)) - raft.server.retrycache.expirytime = 30000ms (custom)
2022-09-29 01:23:26,036 [pool-232-thread-1] INFO  server.RaftServerConfigKeys (ConfUtils.java:logGet(46)) - raft.server.retrycache.statistics.expirytime = 100μs (default)
2022-09-29 01:23:26,037 [pool-232-thread-1] INFO  server.RaftServerConfigKeys (ConfUtils.java:logGet(46)) - raft.server.log.appender.install.snapshot.enabled = false (custom)
2022-09-29 01:23:26,037 [pool-232-thread-1] INFO  server.RaftServerConfigKeys (ConfUtils.java:logGet(46)) - raft.server.threadpool.server.cached = true (default)
2022-09-29 01:23:26,037 [pool-232-thread-1] INFO  server.RaftServerConfigKeys (ConfUtils.java:logGet(46)) - raft.server.threadpool.server.size = 0 (default)
2022-09-29 01:23:26,037 [pool-232-thread-1] INFO  server.RaftServerConfigKeys (ConfUtils.java:logGet(46)) - raft.server.threadpool.client.cached = true (default)
2022-09-29 01:23:26,037 [pool-232-thread-1] INFO  server.RaftServerConfigKeys (ConfUtils.java:logGet(46)) - raft.server.threadpool.client.size = 0 (default)
2022-09-29 01:23:26,038 [omNode-3-impl-thread1] INFO  server.RaftServer$Division (RaftServerImpl.java:start(310)) - omNode-3@group-523986131536: start as a follower, conf=21: [omNode-3|rpc:localhost:45481|admin:|client:|dataStream:|priority:0, omNode-1|rpc:localhost:40693|admin:|client:|dataStream:|priority:0, omNode-2|rpc:localhost:42303|admin:|client:|dataStream:|priority:0], old=null
2022-09-29 01:23:26,038 [omNode-3-impl-thread1] INFO  server.RaftServer$Division (RaftServerImpl.java:setRole(299)) - omNode-3@group-523986131536: changes role from      null to FOLLOWER at term 3 for startAsFollower
2022-09-29 01:23:26,038 [omNode-3-impl-thread1] INFO  impl.RoleInfo (RoleInfo.java:updateAndGet(139)) - omNode-3: start omNode-3@group-523986131536-FollowerState
2022-09-29 01:23:26,038 [omNode-3-impl-thread1] INFO  util.JmxRegister (JmxRegister.java:tryRegister(44)) - Successfully registered JMX Bean with object name Ratis:service=RaftServer,group=group-523986131536,id=omNode-3
2022-09-29 01:23:26,044 [Listener at 127.0.0.1/46485] INFO  server.RaftServer (RaftServerProxy.java:lambda$start$6(382)) - omNode-3: start RPC server
2022-09-29 01:23:26,053 [Listener at 127.0.0.1/46485] INFO  server.GrpcService (GrpcService.java:startImpl(260)) - omNode-3: GrpcService started, listening on 45481
2022-09-29 01:23:26,054 [Listener at 127.0.0.1/46485] INFO  om.OzoneManager (OzoneManager.java:getRpcServer(1099)) - Creating RPC Server
2022-09-29 01:23:26,055 [org.apache.ratis.util.JvmPauseMonitor$$Lambda$699/1983328127@5ec52444] INFO  util.JvmPauseMonitor (JvmPauseMonitor.java:run(103)) - JvmPauseMonitor-omNode-3: Started
2022-09-29 01:23:26,105 [grpc-default-executor-0] WARN  server.GrpcLogAppender (LogUtils.java:warn(122)) - omNode-2@group-523986131536->omNode-1-AppendLogResponseHandler: Failed appendEntries: org.apache.ratis.thirdparty.io.grpc.StatusRuntimeException: UNAVAILABLE: io exception
2022-09-29 01:23:26,106 [grpc-default-executor-0] WARN  server.GrpcLogAppender (GrpcLogAppender.java:resetClient(111)) - omNode-2@group-523986131536->omNode-1-GrpcLogAppender: Leader has not got in touch with Follower omNode-2@group-523986131536->omNode-1(c-1,m0,n31, attendVote=true, lastRpcSendTime=251, lastRpcResponseTime=8221) yet, just keep nextIndex unchanged and retry.
2022-09-29 01:23:26,277 [grpc-default-executor-0] WARN  server.GrpcLogAppender (LogUtils.java:warn(122)) - omNode-2@group-523986131536->omNode-3-AppendLogResponseHandler: Failed appendEntries: org.apache.ratis.thirdparty.io.grpc.StatusRuntimeException: UNAVAILABLE: io exception
2022-09-29 01:23:26,278 [grpc-default-executor-0] INFO  leader.FollowerInfo (FollowerInfoImpl.java:lambda$new$0(48)) - omNode-2@group-523986131536->omNode-3: nextIndex: updateUnconditionally 31 -> 30
2022-09-29 01:23:26,359 [grpc-default-executor-0] WARN  server.GrpcLogAppender (LogUtils.java:warn(122)) - omNode-2@group-523986131536->omNode-1-AppendLogResponseHandler: Failed appendEntries: org.apache.ratis.thirdparty.io.grpc.StatusRuntimeException: UNAVAILABLE: io exception
2022-09-29 01:23:26,360 [grpc-default-executor-0] WARN  server.GrpcLogAppender (GrpcLogAppender.java:resetClient(111)) - omNode-2@group-523986131536->omNode-1-GrpcLogAppender: Leader has not got in touch with Follower omNode-2@group-523986131536->omNode-1(c-1,m0,n31, attendVote=true, lastRpcSendTime=251, lastRpcResponseTime=8475) yet, just keep nextIndex unchanged and retry.
2022-09-29 01:23:26,502 [Listener at 127.0.0.1/46485] INFO  reflections.Reflections (Reflections.java:scan(232)) - Reflections took 448 ms to scan 19 urls, producing 67 keys and 4214 values [using 2 cores]
2022-09-29 01:23:26,504 [Listener at 127.0.0.1/46485] INFO  ipc.CallQueueManager (CallQueueManager.java:<init>(90)) - Using callQueue: class java.util.concurrent.LinkedBlockingQueue, queueCapacity: 2000, scheduler: class org.apache.hadoop.ipc.DefaultRpcScheduler, ipcBackoff: false.
2022-09-29 01:23:26,506 [Socket Reader #1 for port 46485] INFO  ipc.Server (Server.java:run(1265)) - Starting Socket Reader #1 for port 46485
2022-09-29 01:23:26,508 [Listener at localhost/46485] INFO  http.BaseHttpServer (BaseHttpServer.java:newHttpServer2BuilderForOzone(213)) - Starting Web-server for ozoneManager at: http://0.0.0.0:41793
2022-09-29 01:23:26,508 [Listener at localhost/46485] INFO  http.BaseHttpServer (BaseHttpServer.java:<init>(108)) - Hadoop Security Enabled: false Ozone Security Enabled: false Ozone HTTP Security Enabled: false 
2022-09-29 01:23:26,510 [Listener at localhost/46485] INFO  server.AuthenticationFilter (AuthenticationFilter.java:constructSecretProvider(240)) - Unable to initialize FileSignerSecretProvider, falling back to use random secrets.
2022-09-29 01:23:26,510 [Listener at localhost/46485] WARN  http.HttpRequestLog (HttpRequestLog.java:getRequestLog(103)) - Jetty request log can only be enabled using Log4j
2022-09-29 01:23:26,518 [Listener at localhost/46485] INFO  http.HttpServer2 (HttpServer2.java:addGlobalFilter(1029)) - Added global filter 'safety' (class=org.apache.hadoop.hdds.server.http.HttpServer2$QuotingInputFilter)
2022-09-29 01:23:26,519 [Listener at localhost/46485] INFO  http.HttpServer2 (HttpServer2.java:addFilter(1005)) - Added filter static_user_filter (class=org.apache.hadoop.http.lib.StaticUserWebFilter$StaticUserFilter) to context ozoneManager
2022-09-29 01:23:26,519 [Listener at localhost/46485] INFO  http.HttpServer2 (HttpServer2.java:addFilter(1013)) - Added filter static_user_filter (class=org.apache.hadoop.http.lib.StaticUserWebFilter$StaticUserFilter) to context static
2022-09-29 01:23:26,519 [Listener at localhost/46485] INFO  http.HttpServer2 (HttpServer2.java:addFilter(1013)) - Added filter static_user_filter (class=org.apache.hadoop.http.lib.StaticUserWebFilter$StaticUserFilter) to context logs
2022-09-29 01:23:26,522 [Listener at localhost/46485] INFO  http.HttpServer2 (HttpServer2.java:bindListener(1248)) - Jetty bound to port 41793
2022-09-29 01:23:26,522 [Listener at localhost/46485] INFO  server.Server (Server.java:doStart(375)) - jetty-9.4.43.v20210629; built: 2021-06-30T11:07:22.254Z; git: 526006ecfa3af7f1a27ef3a288e2bef7ea9dd7e8; jvm 1.8.0_345-b01
2022-09-29 01:23:26,525 [Listener at localhost/46485] INFO  server.session (DefaultSessionIdManager.java:doStart(334)) - DefaultSessionIdManager workerName=node0
2022-09-29 01:23:26,525 [Listener at localhost/46485] INFO  server.session (DefaultSessionIdManager.java:doStart(339)) - No SessionScavenger set, using defaults
2022-09-29 01:23:26,525 [Listener at localhost/46485] INFO  server.session (HouseKeeper.java:startScavenging(132)) - node0 Scavenging every 600000ms
2022-09-29 01:23:26,527 [Listener at localhost/46485] INFO  handler.ContextHandler (ContextHandler.java:doStart(915)) - Started o.e.j.s.ServletContextHandler@45959d{logs,/logs,file:///home/runner/work/ozone/ozone/hadoop-ozone/integration-test/target/log,AVAILABLE}
2022-09-29 01:23:26,527 [Listener at localhost/46485] INFO  handler.ContextHandler (ContextHandler.java:doStart(915)) - Started o.e.j.s.ServletContextHandler@14ce43fe{static,/static,file:///home/runner/work/ozone/ozone/hadoop-ozone/integration-test/target/test-classes/webapps/static,AVAILABLE}
2022-09-29 01:23:26,531 [Listener at localhost/46485] INFO  handler.ContextHandler (ContextHandler.java:doStart(915)) - Started o.e.j.w.WebAppContext@3e406969{ozoneManager,/,file:///home/runner/work/ozone/ozone/hadoop-ozone/integration-test/target/test-classes/webapps/ozoneManager/,AVAILABLE}{file:/home/runner/work/ozone/ozone/hadoop-ozone/integration-test/target/test-classes/webapps/ozoneManager}
2022-09-29 01:23:26,541 [Listener at localhost/46485] INFO  server.AbstractConnector (AbstractConnector.java:doStart(331)) - Started ServerConnector@5cd16678{HTTP/1.1, (http/1.1)}{0.0.0.0:41793}
2022-09-29 01:23:26,541 [Listener at localhost/46485] INFO  server.Server (Server.java:doStart(415)) - Started @38320ms
2022-09-29 01:23:26,541 [Listener at localhost/46485] WARN  impl.MetricsSystemImpl (MetricsSystemImpl.java:register(279)) - Sink prometheus already exists!
2022-09-29 01:23:26,541 [Listener at localhost/46485] INFO  http.BaseHttpServer (BaseHttpServer.java:updateConnectorAddress(333)) - HTTP server of ozoneManager listening at http://0.0.0.0:41793
2022-09-29 01:23:26,542 [IPC Server Responder] INFO  ipc.Server (Server.java:run(1507)) - IPC Server Responder: starting
2022-09-29 01:23:26,542 [IPC Server listener on 46485] INFO  ipc.Server (Server.java:run(1344)) - IPC Server listener on 46485: starting
2022-09-29 01:23:26,545 [omNode-3-server-thread1] INFO  server.RaftServer$Division (ServerState.java:setLeader(287)) - omNode-3@group-523986131536: change Leader from null to omNode-2 at term 3 for appendEntries, leader elected after 529ms
2022-09-29 01:23:26,551 [Listener at localhost/46485] INFO  om.OzoneManager (OzoneManager.java:startTrashEmptier(1920)) - Trash Interval set to 0. Files deleted won't move to trash
2022-09-29 01:23:26,552 [Listener at localhost/46485] INFO  om.OzoneManager (OzoneManager.java:stop(2035)) - omNode-1[localhost:37925]: Stopping Ozone Manager
2022-09-29 01:23:26,552 [Listener at localhost/46485] INFO  om.OzoneManager (OzoneManager.java:restart(1572)) - OzoneManager RPC server is listening at localhost/127.0.0.1:37925
2022-09-29 01:23:26,552 [Listener at localhost/46485] INFO  impl.MetricsSystemImpl (MetricsSystemImpl.java:init(158)) - OzoneManager metrics system started (again)
2022-09-29 01:23:26,561 [org.apache.hadoop.util.JvmPauseMonitor$Monitor@4fd2738f] INFO  util.JvmPauseMonitor (JvmPauseMonitor.java:run(188)) - Starting JVM pause monitor
2022-09-29 01:23:26,570 [Listener at localhost/46485] WARN  server.ServerUtils (ServerUtils.java:getDBPath(225)) - ozone.om.db.dirs is not configured. We recommend adding this setting. Falling back to ozone.metadata.dirs instead.
2022-09-29 01:23:26,570 [Listener at localhost/46485] INFO  codec.OmKeyInfoCodec (OmKeyInfoCodec.java:<init>(49)) - OmKeyInfoCodec ignorePipeline = true
2022-09-29 01:23:26,570 [Listener at localhost/46485] INFO  codec.RepeatedOmKeyInfoCodec (RepeatedOmKeyInfoCodec.java:<init>(41)) - RepeatedOmKeyInfoCodec ignorePipeline = true
2022-09-29 01:23:26,611 [grpc-default-executor-1] WARN  server.GrpcLogAppender (LogUtils.java:warn(122)) - omNode-2@group-523986131536->omNode-1-AppendLogResponseHandler: Failed appendEntries: org.apache.ratis.thirdparty.io.grpc.StatusRuntimeException: UNAVAILABLE: io exception
2022-09-29 01:23:26,612 [grpc-default-executor-1] WARN  server.GrpcLogAppender (GrpcLogAppender.java:resetClient(111)) - omNode-2@group-523986131536->omNode-1-GrpcLogAppender: Leader has not got in touch with Follower omNode-2@group-523986131536->omNode-1(c-1,m0,n31, attendVote=true, lastRpcSendTime=251, lastRpcResponseTime=8728) yet, just keep nextIndex unchanged and retry.
2022-09-29 01:23:26,621 [Listener at localhost/46485] INFO  om.OzoneManager (OzoneManager.java:instantiateServices(709)) - S3 Multi-Tenancy is disabled
2022-09-29 01:23:26,622 [Listener at localhost/46485] WARN  impl.MetricRegistriesImpl (MetricRegistriesImpl.java:addReporterRegistration(111)) - New reporters are added after registries were created. Some metrics will be missing from the reporter. Please add reporter before adding any new registry.
2022-09-29 01:23:26,622 [Listener at localhost/46485] WARN  impl.MetricRegistriesImpl (MetricRegistriesImpl.java:addReporterRegistration(111)) - New reporters are added after registries were created. Some metrics will be missing from the reporter. Please add reporter before adding any new registry.
2022-09-29 01:23:26,622 [Listener at localhost/46485] WARN  server.ServerUtils (ServerUtils.java:getDefaultRatisDirectory(237)) - Storage directory for Ratis is not configured. It is a good idea to map this to an SSD disk. Falling back to ozone.metadata.dirs
2022-09-29 01:23:26,624 [Listener at localhost/46485] INFO  ratis.OzoneManagerRatisServer (OzoneManagerRatisServer.java:<init>(160)) - Instantiating OM Ratis server with groupID: om-service-test1 and peers: localhost:40693, localhost:45481, localhost:42303
2022-09-29 01:23:26,624 [Listener at localhost/46485] INFO  ratis.OzoneManagerStateMachine (OzoneManagerStateMachine.java:loadSnapshotInfoFromDB(632)) - LastAppliedIndex is set from TransactionInfo from OM DB as (t:2, i:20)
2022-09-29 01:23:26,628 [Listener at localhost/46485] INFO  server.RaftServer (ConfUtils.java:logGet(46)) - raft.rpc.type = GRPC (default)
2022-09-29 01:23:26,628 [Listener at localhost/46485] INFO  grpc.GrpcFactory (GrpcFactory.java:checkPooledByteBufAllocatorUseCacheForAllThreads(48)) - PERFORMANCE WARNING: useCacheForAllThreads is true that may cause Netty to create a lot garbage objects and, as a result, trigger GC.
	It is recommended to disable useCacheForAllThreads by setting -Dorg.apache.ratis.thirdparty.io.netty.allocator.useCacheForAllThreads=false in command line.
2022-09-29 01:23:26,628 [Listener at localhost/46485] INFO  grpc.GrpcConfigKeys (ConfUtils.java:logGet(46)) - raft.grpc.admin.port = -1 (default)
2022-09-29 01:23:26,628 [Listener at localhost/46485] INFO  grpc.GrpcConfigKeys (ConfUtils.java:logGet(46)) - raft.grpc.server.port = 40693 (custom)
2022-09-29 01:23:26,628 [Listener at localhost/46485] INFO  grpc.GrpcConfigKeys (ConfUtils.java:logGet(46)) - raft.grpc.client.port = -1 (default)
2022-09-29 01:23:26,629 [Listener at localhost/46485] INFO  grpc.GrpcConfigKeys (ConfUtils.java:logGet(46)) - raft.grpc.server.port = 40693 (custom)
2022-09-29 01:23:26,629 [Listener at localhost/46485] INFO  grpc.GrpcConfigKeys (ConfUtils.java:logGet(46)) - raft.grpc.server.port = 40693 (custom)
2022-09-29 01:23:26,629 [Listener at localhost/46485] INFO  server.GrpcService (ConfUtils.java:logGet(46)) - raft.grpc.message.size.max = 33554432 (custom)
2022-09-29 01:23:26,629 [Listener at localhost/46485] INFO  server.RaftServerConfigKeys (ConfUtils.java:logGet(46)) - raft.server.log.appender.buffer.byte-limit = 33554432 (custom)
2022-09-29 01:23:26,629 [Listener at localhost/46485] INFO  server.GrpcService (ConfUtils.java:logGet(46)) - raft.grpc.flow.control.window = 1MB (=1048576) (default)
2022-09-29 01:23:26,629 [Listener at localhost/46485] INFO  server.RaftServerConfigKeys (ConfUtils.java:logGet(46)) - raft.server.rpc.request.timeout = 3000ms (default)
2022-09-29 01:23:26,629 [Listener at localhost/46485] INFO  grpc.GrpcConfigKeys (ConfUtils.java:logGet(46)) - raft.grpc.server.async.request.thread.pool.cached = true (default)
2022-09-29 01:23:26,629 [Listener at localhost/46485] INFO  grpc.GrpcConfigKeys (ConfUtils.java:logGet(46)) - raft.grpc.server.async.request.thread.pool.size = 32 (default)
2022-09-29 01:23:26,631 [Listener at localhost/46485] INFO  impl.DataStreamServerImpl (ConfUtils.java:logGet(46)) - raft.datastream.type = DISABLED (default)
2022-09-29 01:23:26,631 [Listener at localhost/46485] INFO  server.RaftServerConfigKeys (ConfUtils.java:logGet(46)) - raft.server.threadpool.proxy.cached = true (default)
2022-09-29 01:23:26,631 [Listener at localhost/46485] INFO  server.RaftServerConfigKeys (ConfUtils.java:logGet(46)) - raft.server.threadpool.proxy.size = 0 (default)
2022-09-29 01:23:26,632 [Listener at localhost/46485] INFO  server.RaftServerConfigKeys (ConfUtils.java:logGet(46)) - raft.server.rpc.slowness.timeout = 2s (custom)
2022-09-29 01:23:26,632 [Listener at localhost/46485] INFO  server.RaftServerConfigKeys (ConfUtils.java:logGet(46)) - raft.server.leaderelection.leader.step-down.wait-time = 10s (default)
2022-09-29 01:23:26,632 [Listener at localhost/46485] INFO  server.RaftServerConfigKeys (ConfUtils.java:logGet(46)) - raft.server.storage.dir = [/home/runner/work/ozone/ozone/hadoop-ozone/integration-test/target/test-dir/MiniOzoneClusterImpl-a442e60d-e435-415e-98a9-f45e33772b0d/omNode-1/ratis] (custom)
2022-09-29 01:23:26,634 [omNode-1-impl-thread1] INFO  server.RaftServer (RaftServerProxy.java:initGroupDir(247)) - omNode-1: found a subdirectory /home/runner/work/ozone/ozone/hadoop-ozone/integration-test/target/test-dir/MiniOzoneClusterImpl-a442e60d-e435-415e-98a9-f45e33772b0d/omNode-1/ratis/c9bc4cf4-3bc3-3c60-a66b-523986131536
2022-09-29 01:23:26,635 [Listener at localhost/46485] INFO  server.RaftServer (RaftServerProxy.java:addNew(96)) - omNode-1: addNew group-523986131536:[omNode-3|rpc:localhost:45481|priority:0, omNode-1|rpc:localhost:40693|priority:0, omNode-2|rpc:localhost:42303|priority:0] returns group-523986131536:java.util.concurrent.CompletableFuture@4d4bad5a[Not completed]
2022-09-29 01:23:26,635 [Listener at localhost/46485] INFO  om.OzoneManager (OzoneManager.java:initializeRatisServer(1976)) - OzoneManager Ratis server initialized at port 40693
2022-09-29 01:23:26,635 [Listener at localhost/46485] INFO  ratis.OzoneManagerRatisServer (OzoneManagerRatisServer.java:start(555)) - Starting OzoneManagerRatisServer omNode-1 at port 40693
2022-09-29 01:23:26,635 [pool-256-thread-1] INFO  server.RaftServer$Division (RaftServerImpl.java:<init>(190)) - omNode-1: new RaftServerImpl for group-523986131536:[omNode-3|rpc:localhost:45481|priority:0, omNode-1|rpc:localhost:40693|priority:0, omNode-2|rpc:localhost:42303|priority:0] with OzoneManagerStateMachine:uninitialized
2022-09-29 01:23:26,635 [pool-256-thread-1] INFO  server.RaftServerConfigKeys (ConfUtils.java:logGet(46)) - raft.server.rpc.timeout.min = 1s (custom)
2022-09-29 01:23:26,635 [pool-256-thread-1] INFO  server.RaftServerConfigKeys (ConfUtils.java:logGet(46)) - raft.server.rpc.timeout.max = 1200ms (custom)
2022-09-29 01:23:26,635 [pool-256-thread-1] INFO  server.RaftServerConfigKeys (ConfUtils.java:logGet(46)) - raft.server.rpc.sleep.time = 25ms (default)
2022-09-29 01:23:26,635 [pool-256-thread-1] INFO  server.RaftServerConfigKeys (ConfUtils.java:logGet(46)) - raft.server.rpc.slowness.timeout = 2s (custom)
2022-09-29 01:23:26,635 [pool-256-thread-1] INFO  server.RaftServerConfigKeys (ConfUtils.java:logGet(46)) - raft.server.leaderelection.leader.step-down.wait-time = 10s (default)
2022-09-29 01:23:26,635 [pool-256-thread-1] INFO  server.RaftServerConfigKeys (ConfUtils.java:logGet(46)) - raft.server.sleep.deviation.threshold = 300ms (default)
2022-09-29 01:23:26,635 [pool-256-thread-1] INFO  server.RaftServer$Division (ServerState.java:<init>(107)) - omNode-1@group-523986131536: ConfigurationManager, init=-1: [omNode-3|rpc:localhost:45481|priority:0, omNode-1|rpc:localhost:40693|priority:0, omNode-2|rpc:localhost:42303|priority:0], old=null, confs=<EMPTY_MAP>
2022-09-29 01:23:26,635 [pool-256-thread-1] INFO  server.RaftServerConfigKeys (ConfUtils.java:logGet(46)) - raft.server.storage.dir = [/home/runner/work/ozone/ozone/hadoop-ozone/integration-test/target/test-dir/MiniOzoneClusterImpl-a442e60d-e435-415e-98a9-f45e33772b0d/omNode-1/ratis] (custom)
2022-09-29 01:23:26,636 [pool-256-thread-1] INFO  server.RaftServerConfigKeys (ConfUtils.java:logGet(46)) - raft.server.log.corruption.policy = EXCEPTION (default)
2022-09-29 01:23:26,636 [pool-256-thread-1] INFO  server.RaftServerConfigKeys (ConfUtils.java:logGet(46)) - raft.server.storage.free-space.min = 0MB (=0) (default)
2022-09-29 01:23:26,637 [pool-256-thread-1] INFO  storage.RaftStorageDirectory (RaftStorageDirectoryImpl.java:tryLock(230)) - Lock on /home/runner/work/ozone/ozone/hadoop-ozone/integration-test/target/test-dir/MiniOzoneClusterImpl-a442e60d-e435-415e-98a9-f45e33772b0d/omNode-1/ratis/c9bc4cf4-3bc3-3c60-a66b-523986131536/in_use.lock acquired by nodename 41909@fv-az182-579
2022-09-29 01:23:26,637 [pool-256-thread-1] INFO  storage.RaftStorage (RaftStorageImpl.java:analyzeAndRecoverStorage(110)) - Read RaftStorageMetadata{term=2, votedFor=omNode-1} from /home/runner/work/ozone/ozone/hadoop-ozone/integration-test/target/test-dir/MiniOzoneClusterImpl-a442e60d-e435-415e-98a9-f45e33772b0d/omNode-1/ratis/c9bc4cf4-3bc3-3c60-a66b-523986131536/current/raft-meta
2022-09-29 01:23:26,638 [pool-256-thread-1] INFO  server.RaftServer$Division (ServerState.java:setRaftConf(393)) - omNode-1@group-523986131536: set configuration 0: [omNode-3|rpc:localhost:45481|admin:|client:|dataStream:|priority:0, omNode-1|rpc:localhost:40693|admin:|client:|dataStream:|priority:0, omNode-2|rpc:localhost:42303|admin:|client:|dataStream:|priority:0], old=null
2022-09-29 01:23:26,638 [pool-256-thread-1] INFO  server.RaftServerConfigKeys (ConfUtils.java:logGet(46)) - raft.server.notification.no-leader.timeout = 2s (custom)
2022-09-29 01:23:26,638 [pool-256-thread-1] INFO  server.RaftServerConfigKeys (ConfUtils.java:logGet(46)) - raft.server.log.use.memory = false (default)
2022-09-29 01:23:26,638 [pool-256-thread-1] INFO  server.RaftServerConfigKeys (ConfUtils.java:logGet(46)) - raft.server.log.purge.gap = 50 (custom)
2022-09-29 01:23:26,638 [pool-256-thread-1] INFO  server.RaftServerConfigKeys (ConfUtils.java:logGet(46)) - raft.server.log.appender.buffer.byte-limit = 33554432 (custom)
2022-09-29 01:23:26,638 [pool-256-thread-1] INFO  server.RaftServerConfigKeys (ConfUtils.java:logGet(46)) - raft.server.log.statemachine.data.read.timeout = 1000ms (default)
2022-09-29 01:23:26,638 [pool-256-thread-1] INFO  server.RaftServerConfigKeys (ConfUtils.java:logGet(46)) - raft.server.log.segment.size.max = 4194304 (custom)
2022-09-29 01:23:26,639 [pool-256-thread-1] INFO  server.RaftServerConfigKeys (ConfUtils.java:logGet(46)) - raft.server.log.segment.cache.num.max = 2 (custom)
2022-09-29 01:23:26,639 [pool-256-thread-1] INFO  server.RaftServerConfigKeys (ConfUtils.java:logGet(46)) - raft.server.log.segment.cache.size.max = 200MB (=209715200) (default)
2022-09-29 01:23:26,639 [pool-256-thread-1] INFO  segmented.SegmentedRaftLogWorker (SegmentedRaftLogWorker.java:<init>(187)) - new omNode-1@group-523986131536-SegmentedRaftLogWorker for RaftStorageImpl:Storage Directory /home/runner/work/ozone/ozone/hadoop-ozone/integration-test/target/test-dir/MiniOzoneClusterImpl-a442e60d-e435-415e-98a9-f45e33772b0d/omNode-1/ratis/c9bc4cf4-3bc3-3c60-a66b-523986131536
2022-09-29 01:23:26,639 [pool-256-thread-1] INFO  server.RaftServerConfigKeys (ConfUtils.java:logGet(46)) - raft.server.log.queue.byte-limit = 64MB (=67108864) (default)
2022-09-29 01:23:26,639 [pool-256-thread-1] INFO  server.RaftServerConfigKeys (ConfUtils.java:logGet(46)) - raft.server.log.queue.element-limit = 4096 (default)
2022-09-29 01:23:26,639 [pool-256-thread-1] INFO  server.RaftServerConfigKeys (ConfUtils.java:logGet(46)) - raft.server.log.segment.size.max = 4194304 (custom)
2022-09-29 01:23:26,639 [pool-256-thread-1] INFO  server.RaftServerConfigKeys (ConfUtils.java:logGet(46)) - raft.server.log.preallocated.size = 4194304 (custom)
2022-09-29 01:23:26,639 [pool-256-thread-1] INFO  server.RaftServerConfigKeys (ConfUtils.java:logGet(46)) - raft.server.log.force.sync.num = 128 (default)
2022-09-29 01:23:26,639 [pool-256-thread-1] INFO  server.RaftServerConfigKeys (ConfUtils.java:logGet(46)) - raft.server.log.statemachine.data.sync = true (default)
2022-09-29 01:23:26,639 [pool-256-thread-1] INFO  server.RaftServerConfigKeys (ConfUtils.java:logGet(46)) - raft.server.log.statemachine.data.sync.timeout = 10s (default)
2022-09-29 01:23:26,639 [pool-256-thread-1] INFO  server.RaftServerConfigKeys (ConfUtils.java:logGet(46)) - raft.server.log.statemachine.data.sync.timeout.retry = -1 (default)
2022-09-29 01:23:26,639 [pool-256-thread-1] INFO  server.RaftServerConfigKeys (ConfUtils.java:logGet(46)) - raft.server.log.write.buffer.size = 64KB (=65536) (default)
2022-09-29 01:23:26,640 [pool-256-thread-1] INFO  server.RaftServerConfigKeys (ConfUtils.java:logGet(46)) - raft.server.log.unsafe-flush.enabled = false (default)
2022-09-29 01:23:26,640 [pool-256-thread-1] INFO  server.RaftServerConfigKeys (ConfUtils.java:logGet(46)) - raft.server.log.statemachine.data.caching.enabled = false (default)
2022-09-29 01:23:26,640 [pool-256-thread-1] INFO  server.RaftServer$Division (ServerState.java:setRaftConf(393)) - omNode-1@group-523986131536: set configuration 0: [omNode-3|rpc:localhost:45481|admin:|client:|dataStream:|priority:0, omNode-1|rpc:localhost:40693|admin:|client:|dataStream:|priority:0, omNode-2|rpc:localhost:42303|admin:|client:|dataStream:|priority:0], old=null
2022-09-29 01:23:26,642 [pool-256-thread-1] INFO  segmented.LogSegment (LogSegment.java:loadSegment(173)) - Successfully read 21 entries from segment file /home/runner/work/ozone/ozone/hadoop-ozone/integration-test/target/test-dir/MiniOzoneClusterImpl-a442e60d-e435-415e-98a9-f45e33772b0d/omNode-1/ratis/c9bc4cf4-3bc3-3c60-a66b-523986131536/current/log_inprogress_0
2022-09-29 01:23:26,644 [pool-256-thread-1] INFO  segmented.SegmentedRaftLogWorker (SegmentedRaftLogWorker.java:lambda$new$0(135)) - omNode-1@group-523986131536-SegmentedRaftLogWorker: flushIndex: setUnconditionally 0 -> 20
2022-09-29 01:23:26,645 [pool-256-thread-1] INFO  segmented.SegmentedRaftLogWorker (SegmentedRaftLogWorker.java:lambda$new$0(135)) - omNode-1@group-523986131536-SegmentedRaftLogWorker: safeCacheEvictIndex: setUnconditionally 0 -> -1
2022-09-29 01:23:26,645 [pool-256-thread-1] INFO  raftlog.RaftLog (RaftLogBase.java:lambda$new$0(53)) - omNode-1@group-523986131536-SegmentedRaftLog: commitIndex: updateToMax old=20, new=19, updated? false
2022-09-29 01:23:26,648 [pool-256-thread-1] INFO  server.RaftServerConfigKeys (ConfUtils.java:logGet(46)) - raft.server.snapshot.auto.trigger.enabled = true (custom)
2022-09-29 01:23:26,648 [pool-256-thread-1] INFO  server.RaftServerConfigKeys (ConfUtils.java:logGet(46)) - raft.server.snapshot.auto.trigger.threshold = 50 (custom)
2022-09-29 01:23:26,648 [pool-256-thread-1] INFO  server.RaftServerConfigKeys (ConfUtils.java:logGet(46)) - raft.server.snapshot.retention.file.num = -1 (default)
2022-09-29 01:23:26,649 [pool-256-thread-1] INFO  server.RaftServerConfigKeys (ConfUtils.java:logGet(46)) - raft.server.log.purge.upto.snapshot.index = true (custom)
2022-09-29 01:23:26,649 [pool-256-thread-1] INFO  server.RaftServerConfigKeys (ConfUtils.java:logGet(46)) - raft.server.retrycache.expirytime = 30000ms (custom)
2022-09-29 01:23:26,649 [pool-256-thread-1] INFO  server.RaftServerConfigKeys (ConfUtils.java:logGet(46)) - raft.server.retrycache.statistics.expirytime = 100μs (default)
2022-09-29 01:23:26,649 [pool-256-thread-1] INFO  server.RaftServerConfigKeys (ConfUtils.java:logGet(46)) - raft.server.log.appender.install.snapshot.enabled = false (custom)
2022-09-29 01:23:26,649 [pool-256-thread-1] INFO  server.RaftServerConfigKeys (ConfUtils.java:logGet(46)) - raft.server.threadpool.server.cached = true (default)
2022-09-29 01:23:26,650 [pool-256-thread-1] INFO  server.RaftServerConfigKeys (ConfUtils.java:logGet(46)) - raft.server.threadpool.server.size = 0 (default)
2022-09-29 01:23:26,650 [pool-256-thread-1] INFO  server.RaftServerConfigKeys (ConfUtils.java:logGet(46)) - raft.server.threadpool.client.cached = true (default)
2022-09-29 01:23:26,650 [pool-256-thread-1] INFO  server.RaftServerConfigKeys (ConfUtils.java:logGet(46)) - raft.server.threadpool.client.size = 0 (default)
2022-09-29 01:23:26,650 [omNode-1-impl-thread1] INFO  server.RaftServer$Division (RaftServerImpl.java:start(310)) - omNode-1@group-523986131536: start as a follower, conf=0: [omNode-3|rpc:localhost:45481|admin:|client:|dataStream:|priority:0, omNode-1|rpc:localhost:40693|admin:|client:|dataStream:|priority:0, omNode-2|rpc:localhost:42303|admin:|client:|dataStream:|priority:0], old=null
2022-09-29 01:23:26,650 [omNode-1-impl-thread1] INFO  server.RaftServer$Division (RaftServerImpl.java:setRole(299)) - omNode-1@group-523986131536: changes role from      null to FOLLOWER at term 2 for startAsFollower
2022-09-29 01:23:26,650 [omNode-1-impl-thread1] INFO  impl.RoleInfo (RoleInfo.java:updateAndGet(139)) - omNode-1: start omNode-1@group-523986131536-FollowerState
2022-09-29 01:23:26,650 [omNode-1-impl-thread1] INFO  util.JmxRegister (JmxRegister.java:tryRegister(44)) - Successfully registered JMX Bean with object name Ratis:service=RaftServer,group=group-523986131536,id=omNode-1
2022-09-29 01:23:26,651 [Listener at localhost/46485] INFO  server.RaftServer (RaftServerProxy.java:lambda$start$6(382)) - omNode-1: start RPC server
2022-09-29 01:23:26,671 [Listener at localhost/46485] INFO  server.GrpcService (GrpcService.java:startImpl(260)) - omNode-1: GrpcService started, listening on 40693
2022-09-29 01:23:26,676 [Listener at localhost/46485] INFO  om.OzoneManager (OzoneManager.java:getRpcServer(1099)) - Creating RPC Server
2022-09-29 01:23:26,678 [org.apache.ratis.util.JvmPauseMonitor$$Lambda$699/1983328127@424b3233] INFO  util.JvmPauseMonitor (JvmPauseMonitor.java:run(103)) - JvmPauseMonitor-omNode-1: Started
2022-09-29 01:23:26,867 [grpc-default-executor-1] WARN  server.GrpcLogAppender (LogUtils.java:warn(122)) - omNode-2@group-523986131536->omNode-1-AppendLogResponseHandler: Failed appendEntries: org.apache.ratis.thirdparty.io.grpc.StatusRuntimeException: UNAVAILABLE: io exception
2022-09-29 01:23:26,867 [grpc-default-executor-1] WARN  server.GrpcLogAppender (GrpcLogAppender.java:resetClient(111)) - omNode-2@group-523986131536->omNode-1-GrpcLogAppender: Leader has not got in touch with Follower omNode-2@group-523986131536->omNode-1(c-1,m0,n31, attendVote=true, lastRpcSendTime=255, lastRpcResponseTime=8983) yet, just keep nextIndex unchanged and retry.
2022-09-29 01:23:27,097 [Listener at localhost/46485] INFO  reflections.Reflections (Reflections.java:scan(232)) - Reflections took 419 ms to scan 19 urls, producing 67 keys and 4214 values [using 2 cores]
2022-09-29 01:23:27,098 [Listener at localhost/46485] INFO  ipc.CallQueueManager (CallQueueManager.java:<init>(90)) - Using callQueue: class java.util.concurrent.LinkedBlockingQueue, queueCapacity: 2000, scheduler: class org.apache.hadoop.ipc.DefaultRpcScheduler, ipcBackoff: false.
2022-09-29 01:23:27,099 [Socket Reader #1 for port 37925] INFO  ipc.Server (Server.java:run(1265)) - Starting Socket Reader #1 for port 37925
2022-09-29 01:23:27,103 [Listener at localhost/37925] INFO  http.BaseHttpServer (BaseHttpServer.java:newHttpServer2BuilderForOzone(213)) - Starting Web-server for ozoneManager at: http://0.0.0.0:34119
2022-09-29 01:23:27,104 [Listener at localhost/37925] INFO  http.BaseHttpServer (BaseHttpServer.java:<init>(108)) - Hadoop Security Enabled: false Ozone Security Enabled: false Ozone HTTP Security Enabled: false 
2022-09-29 01:23:27,105 [Listener at localhost/37925] INFO  server.AuthenticationFilter (AuthenticationFilter.java:constructSecretProvider(240)) - Unable to initialize FileSignerSecretProvider, falling back to use random secrets.
2022-09-29 01:23:27,111 [Listener at localhost/37925] WARN  http.HttpRequestLog (HttpRequestLog.java:getRequestLog(103)) - Jetty request log can only be enabled using Log4j
2022-09-29 01:23:27,113 [Listener at localhost/37925] INFO  http.HttpServer2 (HttpServer2.java:addGlobalFilter(1029)) - Added global filter 'safety' (class=org.apache.hadoop.hdds.server.http.HttpServer2$QuotingInputFilter)
2022-09-29 01:23:27,113 [Listener at localhost/37925] INFO  http.HttpServer2 (HttpServer2.java:addFilter(1005)) - Added filter static_user_filter (class=org.apache.hadoop.http.lib.StaticUserWebFilter$StaticUserFilter) to context ozoneManager
2022-09-29 01:23:27,114 [Listener at localhost/37925] INFO  http.HttpServer2 (HttpServer2.java:addFilter(1013)) - Added filter static_user_filter (class=org.apache.hadoop.http.lib.StaticUserWebFilter$StaticUserFilter) to context logs
2022-09-29 01:23:27,114 [Listener at localhost/37925] INFO  http.HttpServer2 (HttpServer2.java:addFilter(1013)) - Added filter static_user_filter (class=org.apache.hadoop.http.lib.StaticUserWebFilter$StaticUserFilter) to context static
2022-09-29 01:23:27,114 [Listener at localhost/37925] INFO  http.HttpServer2 (HttpServer2.java:bindListener(1248)) - Jetty bound to port 34119
2022-09-29 01:23:27,114 [Listener at localhost/37925] INFO  server.Server (Server.java:doStart(375)) - jetty-9.4.43.v20210629; built: 2021-06-30T11:07:22.254Z; git: 526006ecfa3af7f1a27ef3a288e2bef7ea9dd7e8; jvm 1.8.0_345-b01
2022-09-29 01:23:27,116 [Listener at localhost/37925] INFO  server.session (DefaultSessionIdManager.java:doStart(334)) - DefaultSessionIdManager workerName=node0
2022-09-29 01:23:27,116 [Listener at localhost/37925] INFO  server.session (DefaultSessionIdManager.java:doStart(339)) - No SessionScavenger set, using defaults
2022-09-29 01:23:27,116 [Listener at localhost/37925] INFO  server.session (HouseKeeper.java:startScavenging(132)) - node0 Scavenging every 660000ms
2022-09-29 01:23:27,118 [Listener at localhost/37925] INFO  handler.ContextHandler (ContextHandler.java:doStart(915)) - Started o.e.j.s.ServletContextHandler@1fad3858{logs,/logs,file:///home/runner/work/ozone/ozone/hadoop-ozone/integration-test/target/log,AVAILABLE}
2022-09-29 01:23:27,118 [Listener at localhost/37925] INFO  handler.ContextHandler (ContextHandler.java:doStart(915)) - Started o.e.j.s.ServletContextHandler@c143ceb{static,/static,file:///home/runner/work/ozone/ozone/hadoop-ozone/integration-test/target/test-classes/webapps/static,AVAILABLE}
2022-09-29 01:23:27,121 [Listener at localhost/37925] INFO  handler.ContextHandler (ContextHandler.java:doStart(915)) - Started o.e.j.w.WebAppContext@325b2e79{ozoneManager,/,file:///home/runner/work/ozone/ozone/hadoop-ozone/integration-test/target/test-classes/webapps/ozoneManager/,AVAILABLE}{file:/home/runner/work/ozone/ozone/hadoop-ozone/integration-test/target/test-classes/webapps/ozoneManager}
2022-09-29 01:23:27,123 [omNode-1-server-thread1] INFO  server.RaftServer$Division (ServerState.java:setLeader(287)) - omNode-1@group-523986131536: change Leader from null to omNode-2 at term 3 for appendEntries, leader elected after 484ms
2022-09-29 01:23:27,123 [omNode-1-server-thread1] INFO  server.RaftServer$Division (RaftServerImpl.java:checkInconsistentAppendEntries(1424)) - omNode-1@group-523986131536: Failed appendEntries as previous log entry ((t:3, i:30)) is not found
2022-09-29 01:23:27,123 [omNode-1-server-thread1] INFO  server.RaftServer$Division (RaftServerImpl.java:checkInconsistentAppendEntries(1394)) - omNode-1@group-523986131536: inconsistency entries. Reply:omNode-2<-omNode-1#6904462:FAIL-t2,INCONSISTENCY,nextIndex=21,followerCommit=20
2022-09-29 01:23:27,123 [Listener at localhost/37925] INFO  server.AbstractConnector (AbstractConnector.java:doStart(331)) - Started ServerConnector@36b819{HTTP/1.1, (http/1.1)}{0.0.0.0:34119}
2022-09-29 01:23:27,123 [Listener at localhost/37925] INFO  server.Server (Server.java:doStart(415)) - Started @38902ms
2022-09-29 01:23:27,123 [Listener at localhost/37925] WARN  impl.MetricsSystemImpl (MetricsSystemImpl.java:register(279)) - Sink prometheus already exists!
2022-09-29 01:23:27,124 [Listener at localhost/37925] INFO  http.BaseHttpServer (BaseHttpServer.java:updateConnectorAddress(333)) - HTTP server of ozoneManager listening at http://0.0.0.0:34119
2022-09-29 01:23:27,124 [IPC Server Responder] INFO  ipc.Server (Server.java:run(1507)) - IPC Server Responder: starting
2022-09-29 01:23:27,125 [grpc-default-executor-1] INFO  leader.FollowerInfo (FollowerInfoImpl.java:lambda$new$0(48)) - omNode-2@group-523986131536->omNode-1: nextIndex: updateUnconditionally 31 -> 21
2022-09-29 01:23:27,126 [IPC Server listener on 37925] INFO  ipc.Server (Server.java:run(1344)) - IPC Server listener on 37925: starting
2022-09-29 01:23:27,129 [Listener at localhost/37925] INFO  om.OzoneManager (OzoneManager.java:startTrashEmptier(1920)) - Trash Interval set to 0. Files deleted won't move to trash
2022-09-29 01:23:27,129 [Listener at localhost/37925] INFO  om.OzoneManager (OzoneManager.java:stop(2035)) - omNode-2[localhost:41255]: Stopping Ozone Manager
2022-09-29 01:23:27,130 [Listener at localhost/37925] INFO  ipc.Server (Server.java:stop(3414)) - Stopping server on 41255
2022-09-29 01:23:27,132 [org.apache.hadoop.util.JvmPauseMonitor$Monitor@588a0e45] INFO  util.JvmPauseMonitor (JvmPauseMonitor.java:run(188)) - Starting JVM pause monitor
2022-09-29 01:23:27,135 [IPC Server listener on 41255] INFO  ipc.Server (Server.java:run(1376)) - Stopping IPC Server listener on 41255
2022-09-29 01:23:27,136 [IPC Server Responder] INFO  ipc.Server (Server.java:run(1512)) - Stopping IPC Server Responder
2022-09-29 01:23:27,136 [Listener at localhost/37925] INFO  server.RaftServer (RaftServerProxy.java:lambda$close$7(398)) - omNode-2: close
2022-09-29 01:23:27,137 [Listener at localhost/37925] INFO  server.RaftServer$Division (RaftServerImpl.java:lambda$close$4(434)) - omNode-2@group-523986131536: shutdown
2022-09-29 01:23:27,137 [Listener at localhost/37925] INFO  util.JmxRegister (JmxRegister.java:unregister(73)) - Successfully un-registered JMX Bean with object name Ratis:service=RaftServer,group=group-523986131536,id=omNode-2
2022-09-29 01:23:27,138 [Listener at localhost/37925] INFO  impl.RoleInfo (RoleInfo.java:shutdownLeaderState(93)) - omNode-2: shutdown omNode-2@group-523986131536-LeaderStateImpl
2022-09-29 01:23:27,138 [Listener at localhost/37925] INFO  impl.PendingRequests (PendingRequests.java:sendNotLeaderResponses(282)) - omNode-2@group-523986131536-PendingRequests: sendNotLeaderResponses
2022-09-29 01:23:27,136 [omNode-1-server-thread2] INFO  server.RaftServer$Division (ServerState.java:setRaftConf(393)) - omNode-1@group-523986131536: set configuration 21: [omNode-3|rpc:localhost:45481|admin:|client:|dataStream:|priority:0, omNode-1|rpc:localhost:40693|admin:|client:|dataStream:|priority:0, omNode-2|rpc:localhost:42303|admin:|client:|dataStream:|priority:0], old=null
2022-09-29 01:23:27,139 [omNode-2@group-523986131536-StateMachineUpdater] INFO  ratis.OzoneManagerStateMachine (OzoneManagerStateMachine.java:takeSnapshot(441)) - Current Snapshot Index (t:3, i:30)
2022-09-29 01:23:27,140 [omNode-2@group-523986131536-StateMachineUpdater] INFO  impl.StateMachineUpdater (StateMachineUpdater.java:takeSnapshot(287)) - omNode-2@group-523986131536-StateMachineUpdater: Took a snapshot at index 30
2022-09-29 01:23:27,140 [omNode-2@group-523986131536-StateMachineUpdater] INFO  impl.StateMachineUpdater (StateMachineUpdater.java:lambda$new$0(92)) - omNode-2@group-523986131536-StateMachineUpdater: snapshotIndex: updateIncreasingly -1 -> 30
2022-09-29 01:23:27,140 [omNode-2@group-523986131536-StateMachineUpdater] INFO  ratis.OzoneManagerStateMachine (OzoneManagerStateMachine.java:close(495)) - StateMachine has shutdown. Shutdown OzoneManager if not already shutdown.
2022-09-29 01:23:27,140 [omNode-2@group-523986131536-StateMachineUpdater] INFO  ratis.OzoneManagerDoubleBuffer (OzoneManagerDoubleBuffer.java:stop(466)) - Stopping OMDoubleBuffer flush thread
2022-09-29 01:23:27,140 [OMDoubleBufferFlushThread] INFO  ratis.OzoneManagerDoubleBuffer (OzoneManagerDoubleBuffer.java:flushTransactions(385)) - OMDoubleBuffer flush thread OMDoubleBufferFlushThread is interrupted and will exit.
2022-09-29 01:23:27,139 [Listener at localhost/37925] INFO  impl.StateMachineUpdater (StateMachineUpdater.java:stopAndJoin(153)) - omNode-2@group-523986131536-StateMachineUpdater: set stopIndex = 30
2022-09-29 01:23:27,138 [omNode-2@group-523986131536->omNode-1-GrpcLogAppender-LogAppenderDaemon] WARN  server.GrpcLogAppender (GrpcLogAppender.java:mayWait(171)) - omNode-2@group-523986131536->omNode-1-GrpcLogAppender: Wait interrupted by java.lang.InterruptedException
2022-09-29 01:23:27,138 [omNode-2@group-523986131536->omNode-3-GrpcLogAppender-LogAppenderDaemon] WARN  server.GrpcLogAppender (GrpcLogAppender.java:mayWait(171)) - omNode-2@group-523986131536->omNode-3-GrpcLogAppender: Wait interrupted by java.lang.InterruptedException
2022-09-29 01:23:27,141 [grpc-default-executor-0] INFO  server.GrpcServerProtocolService (GrpcServerProtocolService.java:onCompleted(140)) - omNode-3: Completed APPEND_ENTRIES, lastRequest: omNode-2->omNode-3#100-t3,previous=(t:3, i:29),leaderCommit=30,initializing? true,entries: size=1, first=(t:3, i:30), METADATAENTRY(c:29)
2022-09-29 01:23:27,142 [omNode-1-server-thread2] INFO  segmented.SegmentedRaftLogWorker (SegmentedRaftLogWorker.java:rollLogSegment(430)) - omNode-1@group-523986131536-SegmentedRaftLogWorker: Rolling segment log-0_20 to index:20
2022-09-29 01:23:27,142 [grpc-default-executor-2] INFO  server.GrpcLogAppender (GrpcLogAppender.java:onCompleted(339)) - omNode-2@group-523986131536->omNode-3-AppendLogResponseHandler: follower responses appendEntries COMPLETED
2022-09-29 01:23:27,142 [grpc-default-executor-2] INFO  leader.FollowerInfo (FollowerInfoImpl.java:lambda$new$0(48)) - omNode-2@group-523986131536->omNode-3: nextIndex: updateUnconditionally 31 -> 30
2022-09-29 01:23:27,143 [Listener at localhost/37925] INFO  server.RaftServer$Division (ServerState.java:close(429)) - omNode-2@group-523986131536: closes. applyIndex: 30
2022-09-29 01:23:27,144 [omNode-1@group-523986131536-SegmentedRaftLogWorker] INFO  segmented.SegmentedRaftLogWorker (SegmentedRaftLogWorker.java:execute(586)) - omNode-1@group-523986131536-SegmentedRaftLogWorker: Rolled log segment from /home/runner/work/ozone/ozone/hadoop-ozone/integration-test/target/test-dir/MiniOzoneClusterImpl-a442e60d-e435-415e-98a9-f45e33772b0d/omNode-1/ratis/c9bc4cf4-3bc3-3c60-a66b-523986131536/current/log_inprogress_0 to /home/runner/work/ozone/ozone/hadoop-ozone/integration-test/target/test-dir/MiniOzoneClusterImpl-a442e60d-e435-415e-98a9-f45e33772b0d/omNode-1/ratis/c9bc4cf4-3bc3-3c60-a66b-523986131536/current/log_0-20
2022-09-29 01:23:27,147 [omNode-2@group-523986131536-SegmentedRaftLogWorker] INFO  segmented.SegmentedRaftLogWorker (SegmentedRaftLogWorker.java:run(336)) - omNode-2@group-523986131536-SegmentedRaftLogWorker was interrupted, exiting. There are 0 tasks remaining in the queue.
2022-09-29 01:23:27,147 [grpc-default-executor-1] INFO  server.GrpcServerProtocolService (GrpcServerProtocolService.java:onCompleted(140)) - omNode-1: Completed APPEND_ENTRIES, lastRequest: omNode-2->omNode-1#6904463-t3,previous=(t:2, i:20),leaderCommit=30,initializing? true,entries: size=10, first=(t:3, i:21), CONFIGURATIONENTRY
2022-09-29 01:23:27,148 [grpc-default-executor-0] INFO  server.GrpcLogAppender (GrpcLogAppender.java:onCompleted(339)) - omNode-2@group-523986131536->omNode-1-AppendLogResponseHandler: follower responses appendEntries COMPLETED
2022-09-29 01:23:27,148 [grpc-default-executor-0] INFO  leader.FollowerInfo (FollowerInfoImpl.java:lambda$new$0(48)) - omNode-2@group-523986131536->omNode-1: nextIndex: updateUnconditionally 31 -> 1
2022-09-29 01:23:27,150 [Listener at localhost/37925] INFO  segmented.SegmentedRaftLogWorker (SegmentedRaftLogWorker.java:close(246)) - omNode-2@group-523986131536-SegmentedRaftLogWorker close()
2022-09-29 01:23:27,151 [Listener at localhost/37925] INFO  server.GrpcService (GrpcService.java:closeImpl(269)) - omNode-2: shutdown server with port 42303 now
2022-09-29 01:23:27,157 [omNode-1@group-523986131536-SegmentedRaftLogWorker] INFO  segmented.SegmentedRaftLogWorker (SegmentedRaftLogWorker.java:execute(629)) - omNode-1@group-523986131536-SegmentedRaftLogWorker: created new log segment /home/runner/work/ozone/ozone/hadoop-ozone/integration-test/target/test-dir/MiniOzoneClusterImpl-a442e60d-e435-415e-98a9-f45e33772b0d/omNode-1/ratis/c9bc4cf4-3bc3-3c60-a66b-523986131536/current/log_inprogress_21
2022-09-29 01:23:27,160 [Listener at localhost/37925] INFO  server.GrpcService (GrpcService.java:closeImpl(278)) - omNode-2: shutdown server with port 42303 successfully
2022-09-29 01:23:27,160 [org.apache.ratis.util.JvmPauseMonitor$$Lambda$699/1983328127@402fd8ab] INFO  util.JvmPauseMonitor (JvmPauseMonitor.java:run(109)) - JvmPauseMonitor-omNode-2: Stopped
2022-09-29 01:23:27,162 [omNode-1@group-523986131536-StateMachineUpdater] INFO  ratis.OzoneManagerStateMachine (OzoneManagerStateMachine.java:notifyConfigurationChanged(192)) - Received Configuration change notification from Ratis. New Peer list:
[id: "omNode-3"
address: "localhost:45481"
, id: "omNode-1"
address: "localhost:40693"
, id: "omNode-2"
address: "localhost:42303"
]
2022-09-29 01:23:27,164 [Listener at localhost/37925] INFO  ratis.OzoneManagerStateMachine (OzoneManagerStateMachine.java:close(495)) - StateMachine has shutdown. Shutdown OzoneManager if not already shutdown.
2022-09-29 01:23:27,164 [Listener at localhost/37925] INFO  ratis.OzoneManagerDoubleBuffer (OzoneManagerDoubleBuffer.java:stop(478)) - OMDoubleBuffer flush thread is not running.
2022-09-29 01:23:27,164 [Listener at localhost/37925] INFO  utils.BackgroundService (BackgroundService.java:shutdown(141)) - Shutting down service KeyDeletingService
2022-09-29 01:23:27,165 [Listener at localhost/37925] INFO  utils.BackgroundService (BackgroundService.java:shutdown(141)) - Shutting down service DirectoryDeletingService
2022-09-29 01:23:27,165 [Listener at localhost/37925] INFO  utils.BackgroundService (BackgroundService.java:shutdown(141)) - Shutting down service OpenKeyCleanupService
2022-09-29 01:23:27,166 [Listener at localhost/37925] INFO  handler.ContextHandler (ContextHandler.java:doStop(1153)) - Stopped o.e.j.w.WebAppContext@4d089dcd{ozoneManager,/,null,STOPPED}{file:/home/runner/work/ozone/ozone/hadoop-ozone/integration-test/target/test-classes/webapps/ozoneManager}
2022-09-29 01:23:27,166 [Listener at localhost/37925] INFO  server.AbstractConnector (AbstractConnector.java:doStop(381)) - Stopped ServerConnector@379c38eb{HTTP/1.1, (http/1.1)}{0.0.0.0:43849}
2022-09-29 01:23:27,166 [Listener at localhost/37925] INFO  server.session (HouseKeeper.java:stopScavenging(149)) - node0 Stopped scavenging
2022-09-29 01:23:27,167 [Listener at localhost/37925] INFO  handler.ContextHandler (ContextHandler.java:doStop(1153)) - Stopped o.e.j.s.ServletContextHandler@14c4b3e1{static,/static,file:///home/runner/work/ozone/ozone/hadoop-ozone/integration-test/target/test-classes/webapps/static,STOPPED}
2022-09-29 01:23:27,167 [Listener at localhost/37925] INFO  handler.ContextHandler (ContextHandler.java:doStop(1153)) - Stopped o.e.j.s.ServletContextHandler@6f51c04f{logs,/logs,file:///home/runner/work/ozone/ozone/hadoop-ozone/integration-test/target/log,STOPPED}
2022-09-29 01:23:27,169 [Listener at localhost/37925] INFO  om.OzoneManager (OzoneManager.java:restart(1572)) - OzoneManager RPC server is listening at localhost/127.0.0.1:41255
2022-09-29 01:23:27,169 [Listener at localhost/37925] INFO  impl.MetricsSystemImpl (MetricsSystemImpl.java:init(158)) - OzoneManager metrics system started (again)
2022-09-29 01:23:27,199 [Listener at localhost/37925] WARN  server.ServerUtils (ServerUtils.java:getDBPath(225)) - ozone.om.db.dirs is not configured. We recommend adding this setting. Falling back to ozone.metadata.dirs instead.
2022-09-29 01:23:27,200 [Listener at localhost/37925] INFO  codec.OmKeyInfoCodec (OmKeyInfoCodec.java:<init>(49)) - OmKeyInfoCodec ignorePipeline = true
2022-09-29 01:23:27,200 [Listener at localhost/37925] INFO  codec.RepeatedOmKeyInfoCodec (RepeatedOmKeyInfoCodec.java:<init>(41)) - RepeatedOmKeyInfoCodec ignorePipeline = true
2022-09-29 01:23:27,237 [Listener at localhost/37925] INFO  om.OzoneManager (OzoneManager.java:instantiateServices(709)) - S3 Multi-Tenancy is disabled
2022-09-29 01:23:27,238 [Listener at localhost/37925] WARN  impl.MetricRegistriesImpl (MetricRegistriesImpl.java:addReporterRegistration(111)) - New reporters are added after registries were created. Some metrics will be missing from the reporter. Please add reporter before adding any new registry.
2022-09-29 01:23:27,238 [Listener at localhost/37925] WARN  impl.MetricRegistriesImpl (MetricRegistriesImpl.java:addReporterRegistration(111)) - New reporters are added after registries were created. Some metrics will be missing from the reporter. Please add reporter before adding any new registry.
2022-09-29 01:23:27,238 [Listener at localhost/37925] WARN  server.ServerUtils (ServerUtils.java:getDefaultRatisDirectory(237)) - Storage directory for Ratis is not configured. It is a good idea to map this to an SSD disk. Falling back to ozone.metadata.dirs
2022-09-29 01:23:27,239 [Listener at localhost/37925] INFO  ratis.OzoneManagerRatisServer (OzoneManagerRatisServer.java:<init>(160)) - Instantiating OM Ratis server with groupID: om-service-test1 and peers: localhost:42303, localhost:45481, localhost:40693
2022-09-29 01:23:27,239 [Listener at localhost/37925] INFO  ratis.OzoneManagerStateMachine (OzoneManagerStateMachine.java:loadSnapshotInfoFromDB(632)) - LastAppliedIndex is set from TransactionInfo from OM DB as (t:3, i:30)
2022-09-29 01:23:27,240 [Listener at localhost/37925] INFO  server.RaftServer (ConfUtils.java:logGet(46)) - raft.rpc.type = GRPC (default)
2022-09-29 01:23:27,240 [Listener at localhost/37925] INFO  grpc.GrpcFactory (GrpcFactory.java:checkPooledByteBufAllocatorUseCacheForAllThreads(48)) - PERFORMANCE WARNING: useCacheForAllThreads is true that may cause Netty to create a lot garbage objects and, as a result, trigger GC.
	It is recommended to disable useCacheForAllThreads by setting -Dorg.apache.ratis.thirdparty.io.netty.allocator.useCacheForAllThreads=false in command line.
2022-09-29 01:23:27,240 [Listener at localhost/37925] INFO  grpc.GrpcConfigKeys (ConfUtils.java:logGet(46)) - raft.grpc.admin.port = -1 (default)
2022-09-29 01:23:27,240 [Listener at localhost/37925] INFO  grpc.GrpcConfigKeys (ConfUtils.java:logGet(46)) - raft.grpc.server.port = 42303 (custom)
2022-09-29 01:23:27,240 [Listener at localhost/37925] INFO  grpc.GrpcConfigKeys (ConfUtils.java:logGet(46)) - raft.grpc.client.port = -1 (default)
2022-09-29 01:23:27,241 [Listener at localhost/37925] INFO  grpc.GrpcConfigKeys (ConfUtils.java:logGet(46)) - raft.grpc.server.port = 42303 (custom)
2022-09-29 01:23:27,241 [Listener at localhost/37925] INFO  grpc.GrpcConfigKeys (ConfUtils.java:logGet(46)) - raft.grpc.server.port = 42303 (custom)
2022-09-29 01:23:27,241 [Listener at localhost/37925] INFO  server.GrpcService (ConfUtils.java:logGet(46)) - raft.grpc.message.size.max = 33554432 (custom)
2022-09-29 01:23:27,241 [Listener at localhost/37925] INFO  server.RaftServerConfigKeys (ConfUtils.java:logGet(46)) - raft.server.log.appender.buffer.byte-limit = 33554432 (custom)
2022-09-29 01:23:27,241 [Listener at localhost/37925] INFO  server.GrpcService (ConfUtils.java:logGet(46)) - raft.grpc.flow.control.window = 1MB (=1048576) (default)
2022-09-29 01:23:27,241 [Listener at localhost/37925] INFO  server.RaftServerConfigKeys (ConfUtils.java:logGet(46)) - raft.server.rpc.request.timeout = 3000ms (default)
2022-09-29 01:23:27,241 [Listener at localhost/37925] INFO  grpc.GrpcConfigKeys (ConfUtils.java:logGet(46)) - raft.grpc.server.async.request.thread.pool.cached = true (default)
2022-09-29 01:23:27,241 [Listener at localhost/37925] INFO  grpc.GrpcConfigKeys (ConfUtils.java:logGet(46)) - raft.grpc.server.async.request.thread.pool.size = 32 (default)
2022-09-29 01:23:27,242 [Listener at localhost/37925] INFO  impl.DataStreamServerImpl (ConfUtils.java:logGet(46)) - raft.datastream.type = DISABLED (default)
2022-09-29 01:23:27,243 [Listener at localhost/37925] INFO  server.RaftServerConfigKeys (ConfUtils.java:logGet(46)) - raft.server.threadpool.proxy.cached = true (default)
2022-09-29 01:23:27,243 [Listener at localhost/37925] INFO  server.RaftServerConfigKeys (ConfUtils.java:logGet(46)) - raft.server.threadpool.proxy.size = 0 (default)
2022-09-29 01:23:27,243 [Listener at localhost/37925] INFO  server.RaftServerConfigKeys (ConfUtils.java:logGet(46)) - raft.server.rpc.slowness.timeout = 2s (custom)
2022-09-29 01:23:27,243 [Listener at localhost/37925] INFO  server.RaftServerConfigKeys (ConfUtils.java:logGet(46)) - raft.server.leaderelection.leader.step-down.wait-time = 10s (default)
2022-09-29 01:23:27,243 [Listener at localhost/37925] INFO  server.RaftServerConfigKeys (ConfUtils.java:logGet(46)) - raft.server.storage.dir = [/home/runner/work/ozone/ozone/hadoop-ozone/integration-test/target/test-dir/MiniOzoneClusterImpl-a442e60d-e435-415e-98a9-f45e33772b0d/omNode-2/ratis] (custom)
2022-09-29 01:23:27,244 [omNode-2-impl-thread1] INFO  server.RaftServer (RaftServerProxy.java:initGroupDir(247)) - omNode-2: found a subdirectory /home/runner/work/ozone/ozone/hadoop-ozone/integration-test/target/test-dir/MiniOzoneClusterImpl-a442e60d-e435-415e-98a9-f45e33772b0d/omNode-2/ratis/c9bc4cf4-3bc3-3c60-a66b-523986131536
2022-09-29 01:23:27,244 [Listener at localhost/37925] INFO  server.RaftServer (RaftServerProxy.java:addNew(96)) - omNode-2: addNew group-523986131536:[omNode-3|rpc:localhost:45481|priority:0, omNode-1|rpc:localhost:40693|priority:0, omNode-2|rpc:localhost:42303|priority:0] returns group-523986131536:java.util.concurrent.CompletableFuture@215deaf[Not completed]
2022-09-29 01:23:27,244 [Listener at localhost/37925] INFO  om.OzoneManager (OzoneManager.java:initializeRatisServer(1976)) - OzoneManager Ratis server initialized at port 42303
2022-09-29 01:23:27,244 [pool-280-thread-1] INFO  server.RaftServer$Division (RaftServerImpl.java:<init>(190)) - omNode-2: new RaftServerImpl for group-523986131536:[omNode-3|rpc:localhost:45481|priority:0, omNode-1|rpc:localhost:40693|priority:0, omNode-2|rpc:localhost:42303|priority:0] with OzoneManagerStateMachine:uninitialized
2022-09-29 01:23:27,244 [Listener at localhost/37925] INFO  ratis.OzoneManagerRatisServer (OzoneManagerRatisServer.java:start(555)) - Starting OzoneManagerRatisServer omNode-2 at port 42303
2022-09-29 01:23:27,244 [pool-280-thread-1] INFO  server.RaftServerConfigKeys (ConfUtils.java:logGet(46)) - raft.server.rpc.timeout.min = 1s (custom)
2022-09-29 01:23:27,244 [pool-280-thread-1] INFO  server.RaftServerConfigKeys (ConfUtils.java:logGet(46)) - raft.server.rpc.timeout.max = 1200ms (custom)
2022-09-29 01:23:27,244 [pool-280-thread-1] INFO  server.RaftServerConfigKeys (ConfUtils.java:logGet(46)) - raft.server.rpc.sleep.time = 25ms (default)
2022-09-29 01:23:27,244 [pool-280-thread-1] INFO  server.RaftServerConfigKeys (ConfUtils.java:logGet(46)) - raft.server.rpc.slowness.timeout = 2s (custom)
2022-09-29 01:23:27,245 [pool-280-thread-1] INFO  server.RaftServerConfigKeys (ConfUtils.java:logGet(46)) - raft.server.leaderelection.leader.step-down.wait-time = 10s (default)
2022-09-29 01:23:27,245 [pool-280-thread-1] INFO  server.RaftServerConfigKeys (ConfUtils.java:logGet(46)) - raft.server.sleep.deviation.threshold = 300ms (default)
2022-09-29 01:23:27,245 [pool-280-thread-1] INFO  server.RaftServer$Division (ServerState.java:<init>(107)) - omNode-2@group-523986131536: ConfigurationManager, init=-1: [omNode-3|rpc:localhost:45481|priority:0, omNode-1|rpc:localhost:40693|priority:0, omNode-2|rpc:localhost:42303|priority:0], old=null, confs=<EMPTY_MAP>
2022-09-29 01:23:27,245 [pool-280-thread-1] INFO  server.RaftServerConfigKeys (ConfUtils.java:logGet(46)) - raft.server.storage.dir = [/home/runner/work/ozone/ozone/hadoop-ozone/integration-test/target/test-dir/MiniOzoneClusterImpl-a442e60d-e435-415e-98a9-f45e33772b0d/omNode-2/ratis] (custom)
2022-09-29 01:23:27,245 [pool-280-thread-1] INFO  server.RaftServerConfigKeys (ConfUtils.java:logGet(46)) - raft.server.log.corruption.policy = EXCEPTION (default)
2022-09-29 01:23:27,245 [pool-280-thread-1] INFO  server.RaftServerConfigKeys (ConfUtils.java:logGet(46)) - raft.server.storage.free-space.min = 0MB (=0) (default)
2022-09-29 01:23:27,246 [pool-280-thread-1] INFO  storage.RaftStorageDirectory (RaftStorageDirectoryImpl.java:tryLock(230)) - Lock on /home/runner/work/ozone/ozone/hadoop-ozone/integration-test/target/test-dir/MiniOzoneClusterImpl-a442e60d-e435-415e-98a9-f45e33772b0d/omNode-2/ratis/c9bc4cf4-3bc3-3c60-a66b-523986131536/in_use.lock acquired by nodename 41909@fv-az182-579
2022-09-29 01:23:27,246 [pool-280-thread-1] INFO  storage.RaftStorage (RaftStorageImpl.java:analyzeAndRecoverStorage(110)) - Read RaftStorageMetadata{term=3, votedFor=omNode-2} from /home/runner/work/ozone/ozone/hadoop-ozone/integration-test/target/test-dir/MiniOzoneClusterImpl-a442e60d-e435-415e-98a9-f45e33772b0d/omNode-2/ratis/c9bc4cf4-3bc3-3c60-a66b-523986131536/current/raft-meta
2022-09-29 01:23:27,246 [pool-280-thread-1] INFO  server.RaftServer$Division (ServerState.java:setRaftConf(393)) - omNode-2@group-523986131536: set configuration 21: [omNode-3|rpc:localhost:45481|admin:|client:|dataStream:|priority:0, omNode-1|rpc:localhost:40693|admin:|client:|dataStream:|priority:0, omNode-2|rpc:localhost:42303|admin:|client:|dataStream:|priority:0], old=null
2022-09-29 01:23:27,246 [pool-280-thread-1] INFO  server.RaftServerConfigKeys (ConfUtils.java:logGet(46)) - raft.server.notification.no-leader.timeout = 2s (custom)
2022-09-29 01:23:27,246 [pool-280-thread-1] INFO  server.RaftServerConfigKeys (ConfUtils.java:logGet(46)) - raft.server.log.use.memory = false (default)
2022-09-29 01:23:27,246 [pool-280-thread-1] INFO  server.RaftServerConfigKeys (ConfUtils.java:logGet(46)) - raft.server.log.purge.gap = 50 (custom)
2022-09-29 01:23:27,247 [pool-280-thread-1] INFO  server.RaftServerConfigKeys (ConfUtils.java:logGet(46)) - raft.server.log.appender.buffer.byte-limit = 33554432 (custom)
2022-09-29 01:23:27,247 [pool-280-thread-1] INFO  server.RaftServerConfigKeys (ConfUtils.java:logGet(46)) - raft.server.log.statemachine.data.read.timeout = 1000ms (default)
2022-09-29 01:23:27,247 [pool-280-thread-1] INFO  server.RaftServerConfigKeys (ConfUtils.java:logGet(46)) - raft.server.log.segment.size.max = 4194304 (custom)
2022-09-29 01:23:27,247 [pool-280-thread-1] INFO  server.RaftServerConfigKeys (ConfUtils.java:logGet(46)) - raft.server.log.segment.cache.num.max = 2 (custom)
2022-09-29 01:23:27,247 [pool-280-thread-1] INFO  server.RaftServerConfigKeys (ConfUtils.java:logGet(46)) - raft.server.log.segment.cache.size.max = 200MB (=209715200) (default)
2022-09-29 01:23:27,247 [pool-280-thread-1] INFO  segmented.SegmentedRaftLogWorker (SegmentedRaftLogWorker.java:<init>(187)) - new omNode-2@group-523986131536-SegmentedRaftLogWorker for RaftStorageImpl:Storage Directory /home/runner/work/ozone/ozone/hadoop-ozone/integration-test/target/test-dir/MiniOzoneClusterImpl-a442e60d-e435-415e-98a9-f45e33772b0d/omNode-2/ratis/c9bc4cf4-3bc3-3c60-a66b-523986131536
2022-09-29 01:23:27,247 [pool-280-thread-1] INFO  server.RaftServerConfigKeys (ConfUtils.java:logGet(46)) - raft.server.log.queue.byte-limit = 64MB (=67108864) (default)
2022-09-29 01:23:27,247 [pool-280-thread-1] INFO  server.RaftServerConfigKeys (ConfUtils.java:logGet(46)) - raft.server.log.queue.element-limit = 4096 (default)
2022-09-29 01:23:27,247 [pool-280-thread-1] INFO  server.RaftServerConfigKeys (ConfUtils.java:logGet(46)) - raft.server.log.segment.size.max = 4194304 (custom)
2022-09-29 01:23:27,247 [pool-280-thread-1] INFO  server.RaftServerConfigKeys (ConfUtils.java:logGet(46)) - raft.server.log.preallocated.size = 4194304 (custom)
2022-09-29 01:23:27,247 [pool-280-thread-1] INFO  server.RaftServerConfigKeys (ConfUtils.java:logGet(46)) - raft.server.log.force.sync.num = 128 (default)
2022-09-29 01:23:27,247 [pool-280-thread-1] INFO  server.RaftServerConfigKeys (ConfUtils.java:logGet(46)) - raft.server.log.statemachine.data.sync = true (default)
2022-09-29 01:23:27,247 [pool-280-thread-1] INFO  server.RaftServerConfigKeys (ConfUtils.java:logGet(46)) - raft.server.log.statemachine.data.sync.timeout = 10s (default)
2022-09-29 01:23:27,247 [pool-280-thread-1] INFO  server.RaftServerConfigKeys (ConfUtils.java:logGet(46)) - raft.server.log.statemachine.data.sync.timeout.retry = -1 (default)
2022-09-29 01:23:27,248 [pool-280-thread-1] INFO  server.RaftServerConfigKeys (ConfUtils.java:logGet(46)) - raft.server.log.write.buffer.size = 64KB (=65536) (default)
2022-09-29 01:23:27,248 [pool-280-thread-1] INFO  server.RaftServerConfigKeys (ConfUtils.java:logGet(46)) - raft.server.log.unsafe-flush.enabled = false (default)
2022-09-29 01:23:27,248 [pool-280-thread-1] INFO  server.RaftServerConfigKeys (ConfUtils.java:logGet(46)) - raft.server.log.statemachine.data.caching.enabled = false (default)
2022-09-29 01:23:27,249 [pool-280-thread-1] INFO  server.RaftServer$Division (ServerState.java:setRaftConf(393)) - omNode-2@group-523986131536: set configuration 0: [omNode-3|rpc:localhost:45481|admin:|client:|dataStream:|priority:0, omNode-1|rpc:localhost:40693|admin:|client:|dataStream:|priority:0, omNode-2|rpc:localhost:42303|admin:|client:|dataStream:|priority:0], old=null
2022-09-29 01:23:27,249 [pool-280-thread-1] INFO  segmented.LogSegment (LogSegment.java:loadSegment(173)) - Successfully read 21 entries from segment file /home/runner/work/ozone/ozone/hadoop-ozone/integration-test/target/test-dir/MiniOzoneClusterImpl-a442e60d-e435-415e-98a9-f45e33772b0d/omNode-2/ratis/c9bc4cf4-3bc3-3c60-a66b-523986131536/current/log_0-20
2022-09-29 01:23:27,250 [pool-280-thread-1] INFO  server.RaftServer$Division (ServerState.java:setRaftConf(393)) - omNode-2@group-523986131536: set configuration 21: [omNode-3|rpc:localhost:45481|admin:|client:|dataStream:|priority:0, omNode-1|rpc:localhost:40693|admin:|client:|dataStream:|priority:0, omNode-2|rpc:localhost:42303|admin:|client:|dataStream:|priority:0], old=null
2022-09-29 01:23:27,250 [pool-280-thread-1] INFO  segmented.LogSegment (LogSegment.java:loadSegment(173)) - Successfully read 10 entries from segment file /home/runner/work/ozone/ozone/hadoop-ozone/integration-test/target/test-dir/MiniOzoneClusterImpl-a442e60d-e435-415e-98a9-f45e33772b0d/omNode-2/ratis/c9bc4cf4-3bc3-3c60-a66b-523986131536/current/log_inprogress_21
2022-09-29 01:23:27,250 [pool-280-thread-1] INFO  segmented.SegmentedRaftLogWorker (SegmentedRaftLogWorker.java:lambda$new$0(135)) - omNode-2@group-523986131536-SegmentedRaftLogWorker: flushIndex: setUnconditionally 0 -> 30
2022-09-29 01:23:27,250 [pool-280-thread-1] INFO  segmented.SegmentedRaftLogWorker (SegmentedRaftLogWorker.java:lambda$new$0(135)) - omNode-2@group-523986131536-SegmentedRaftLogWorker: safeCacheEvictIndex: setUnconditionally 0 -> 20
2022-09-29 01:23:27,250 [pool-280-thread-1] INFO  raftlog.RaftLog (RaftLogBase.java:lambda$new$0(53)) - omNode-2@group-523986131536-SegmentedRaftLog: commitIndex: updateToMax old=30, new=29, updated? false
2022-09-29 01:23:27,250 [pool-280-thread-1] INFO  server.RaftServerConfigKeys (ConfUtils.java:logGet(46)) - raft.server.snapshot.auto.trigger.enabled = true (custom)
2022-09-29 01:23:27,250 [pool-280-thread-1] INFO  server.RaftServerConfigKeys (ConfUtils.java:logGet(46)) - raft.server.snapshot.auto.trigger.threshold = 50 (custom)
2022-09-29 01:23:27,250 [pool-280-thread-1] INFO  server.RaftServerConfigKeys (ConfUtils.java:logGet(46)) - raft.server.snapshot.retention.file.num = -1 (default)
2022-09-29 01:23:27,250 [pool-280-thread-1] INFO  server.RaftServerConfigKeys (ConfUtils.java:logGet(46)) - raft.server.log.purge.upto.snapshot.index = true (custom)
2022-09-29 01:23:27,250 [pool-280-thread-1] INFO  server.RaftServerConfigKeys (ConfUtils.java:logGet(46)) - raft.server.retrycache.expirytime = 30000ms (custom)
2022-09-29 01:23:27,250 [pool-280-thread-1] INFO  server.RaftServerConfigKeys (ConfUtils.java:logGet(46)) - raft.server.retrycache.statistics.expirytime = 100μs (default)
2022-09-29 01:23:27,251 [pool-280-thread-1] INFO  server.RaftServerConfigKeys (ConfUtils.java:logGet(46)) - raft.server.log.appender.install.snapshot.enabled = false (custom)
2022-09-29 01:23:27,251 [pool-280-thread-1] INFO  server.RaftServerConfigKeys (ConfUtils.java:logGet(46)) - raft.server.threadpool.server.cached = true (default)
2022-09-29 01:23:27,251 [pool-280-thread-1] INFO  server.RaftServerConfigKeys (ConfUtils.java:logGet(46)) - raft.server.threadpool.server.size = 0 (default)
2022-09-29 01:23:27,251 [pool-280-thread-1] INFO  server.RaftServerConfigKeys (ConfUtils.java:logGet(46)) - raft.server.threadpool.client.cached = true (default)
2022-09-29 01:23:27,251 [pool-280-thread-1] INFO  server.RaftServerConfigKeys (ConfUtils.java:logGet(46)) - raft.server.threadpool.client.size = 0 (default)
2022-09-29 01:23:27,252 [omNode-2-impl-thread1] INFO  server.RaftServer$Division (RaftServerImpl.java:start(310)) - omNode-2@group-523986131536: start as a follower, conf=21: [omNode-3|rpc:localhost:45481|admin:|client:|dataStream:|priority:0, omNode-1|rpc:localhost:40693|admin:|client:|dataStream:|priority:0, omNode-2|rpc:localhost:42303|admin:|client:|dataStream:|priority:0], old=null
2022-09-29 01:23:27,252 [omNode-2-impl-thread1] INFO  server.RaftServer$Division (RaftServerImpl.java:setRole(299)) - omNode-2@group-523986131536: changes role from      null to FOLLOWER at term 3 for startAsFollower
2022-09-29 01:23:27,252 [omNode-2-impl-thread1] INFO  impl.RoleInfo (RoleInfo.java:updateAndGet(139)) - omNode-2: start omNode-2@group-523986131536-FollowerState
2022-09-29 01:23:27,256 [omNode-2-impl-thread1] INFO  util.JmxRegister (JmxRegister.java:tryRegister(44)) - Successfully registered JMX Bean with object name Ratis:service=RaftServer,group=group-523986131536,id=omNode-2
2022-09-29 01:23:27,256 [Listener at localhost/37925] INFO  server.RaftServer (RaftServerProxy.java:lambda$start$6(382)) - omNode-2: start RPC server
2022-09-29 01:23:27,259 [Listener at localhost/37925] INFO  server.GrpcService (GrpcService.java:startImpl(260)) - omNode-2: GrpcService started, listening on 42303
2022-09-29 01:23:27,260 [Listener at localhost/37925] INFO  om.OzoneManager (OzoneManager.java:getRpcServer(1099)) - Creating RPC Server
2022-09-29 01:23:27,260 [org.apache.ratis.util.JvmPauseMonitor$$Lambda$699/1983328127@13ba8120] INFO  util.JvmPauseMonitor (JvmPauseMonitor.java:run(103)) - JvmPauseMonitor-omNode-2: Started
2022-09-29 01:23:27,592 [Listener at localhost/37925] INFO  reflections.Reflections (Reflections.java:scan(232)) - Reflections took 331 ms to scan 19 urls, producing 67 keys and 4214 values [using 2 cores]
2022-09-29 01:23:27,593 [Listener at localhost/37925] INFO  ipc.CallQueueManager (CallQueueManager.java:<init>(90)) - Using callQueue: class java.util.concurrent.LinkedBlockingQueue, queueCapacity: 2000, scheduler: class org.apache.hadoop.ipc.DefaultRpcScheduler, ipcBackoff: false.
2022-09-29 01:23:27,594 [Socket Reader #1 for port 41255] INFO  ipc.Server (Server.java:run(1265)) - Starting Socket Reader #1 for port 41255
2022-09-29 01:23:27,597 [Listener at localhost/41255] INFO  http.BaseHttpServer (BaseHttpServer.java:newHttpServer2BuilderForOzone(213)) - Starting Web-server for ozoneManager at: http://0.0.0.0:43849
2022-09-29 01:23:27,597 [Listener at localhost/41255] INFO  http.BaseHttpServer (BaseHttpServer.java:<init>(108)) - Hadoop Security Enabled: false Ozone Security Enabled: false Ozone HTTP Security Enabled: false 
2022-09-29 01:23:27,598 [Listener at localhost/41255] INFO  server.AuthenticationFilter (AuthenticationFilter.java:constructSecretProvider(240)) - Unable to initialize FileSignerSecretProvider, falling back to use random secrets.
2022-09-29 01:23:27,599 [Listener at localhost/41255] WARN  http.HttpRequestLog (HttpRequestLog.java:getRequestLog(103)) - Jetty request log can only be enabled using Log4j
2022-09-29 01:23:27,601 [Listener at localhost/41255] INFO  http.HttpServer2 (HttpServer2.java:addGlobalFilter(1029)) - Added global filter 'safety' (class=org.apache.hadoop.hdds.server.http.HttpServer2$QuotingInputFilter)
2022-09-29 01:23:27,601 [Listener at localhost/41255] INFO  http.HttpServer2 (HttpServer2.java:addFilter(1005)) - Added filter static_user_filter (class=org.apache.hadoop.http.lib.StaticUserWebFilter$StaticUserFilter) to context ozoneManager
2022-09-29 01:23:27,602 [Listener at localhost/41255] INFO  http.HttpServer2 (HttpServer2.java:addFilter(1013)) - Added filter static_user_filter (class=org.apache.hadoop.http.lib.StaticUserWebFilter$StaticUserFilter) to context static
2022-09-29 01:23:27,602 [Listener at localhost/41255] INFO  http.HttpServer2 (HttpServer2.java:addFilter(1013)) - Added filter static_user_filter (class=org.apache.hadoop.http.lib.StaticUserWebFilter$StaticUserFilter) to context logs
2022-09-29 01:23:27,602 [Listener at localhost/41255] INFO  http.HttpServer2 (HttpServer2.java:bindListener(1248)) - Jetty bound to port 43849
2022-09-29 01:23:27,602 [Listener at localhost/41255] INFO  server.Server (Server.java:doStart(375)) - jetty-9.4.43.v20210629; built: 2021-06-30T11:07:22.254Z; git: 526006ecfa3af7f1a27ef3a288e2bef7ea9dd7e8; jvm 1.8.0_345-b01
2022-09-29 01:23:27,604 [Listener at localhost/41255] INFO  server.session (DefaultSessionIdManager.java:doStart(334)) - DefaultSessionIdManager workerName=node0
2022-09-29 01:23:27,604 [Listener at localhost/41255] INFO  server.session (DefaultSessionIdManager.java:doStart(339)) - No SessionScavenger set, using defaults
2022-09-29 01:23:27,604 [Listener at localhost/41255] INFO  server.session (HouseKeeper.java:startScavenging(132)) - node0 Scavenging every 660000ms
2022-09-29 01:23:27,605 [Listener at localhost/41255] INFO  handler.ContextHandler (ContextHandler.java:doStart(915)) - Started o.e.j.s.ServletContextHandler@3de41291{logs,/logs,file:///home/runner/work/ozone/ozone/hadoop-ozone/integration-test/target/log,AVAILABLE}
2022-09-29 01:23:27,605 [Listener at localhost/41255] INFO  handler.ContextHandler (ContextHandler.java:doStart(915)) - Started o.e.j.s.ServletContextHandler@21b26eb6{static,/static,file:///home/runner/work/ozone/ozone/hadoop-ozone/integration-test/target/test-classes/webapps/static,AVAILABLE}
2022-09-29 01:23:27,609 [Listener at localhost/41255] INFO  handler.ContextHandler (ContextHandler.java:doStart(915)) - Started o.e.j.w.WebAppContext@25850671{ozoneManager,/,file:///home/runner/work/ozone/ozone/hadoop-ozone/integration-test/target/test-classes/webapps/ozoneManager/,AVAILABLE}{file:/home/runner/work/ozone/ozone/hadoop-ozone/integration-test/target/test-classes/webapps/ozoneManager}
2022-09-29 01:23:27,610 [Listener at localhost/41255] INFO  server.AbstractConnector (AbstractConnector.java:doStart(331)) - Started ServerConnector@143977f1{HTTP/1.1, (http/1.1)}{0.0.0.0:43849}
2022-09-29 01:23:27,611 [Listener at localhost/41255] INFO  server.Server (Server.java:doStart(415)) - Started @39389ms
2022-09-29 01:23:27,611 [Listener at localhost/41255] WARN  impl.MetricsSystemImpl (MetricsSystemImpl.java:register(279)) - Sink prometheus already exists!
2022-09-29 01:23:27,611 [Listener at localhost/41255] INFO  http.BaseHttpServer (BaseHttpServer.java:updateConnectorAddress(333)) - HTTP server of ozoneManager listening at http://0.0.0.0:43849
2022-09-29 01:23:27,612 [IPC Server Responder] INFO  ipc.Server (Server.java:run(1507)) - IPC Server Responder: starting
2022-09-29 01:23:27,617 [IPC Server listener on 41255] INFO  ipc.Server (Server.java:run(1344)) - IPC Server listener on 41255: starting
2022-09-29 01:23:27,619 [Listener at localhost/41255] INFO  om.OzoneManager (OzoneManager.java:startTrashEmptier(1920)) - Trash Interval set to 0. Files deleted won't move to trash
2022-09-29 01:23:27,620 [org.apache.hadoop.util.JvmPauseMonitor$Monitor@3b33304b] INFO  util.JvmPauseMonitor (JvmPauseMonitor.java:run(188)) - Starting JVM pause monitor
]]></system-out>
  </testcase>
  <testcase name="testListParts" classname="org.apache.hadoop.ozone.om.TestOzoneManagerHAWithData" time="14.322">
    <system-out><![CDATA[2022-09-29 01:23:27,638 [Listener at localhost/41255] INFO  rpc.RpcClient (RpcClient.java:createVolume(471)) - Creating Volume: volume90856, with user68682 as owner and space quota set to -1 bytes, counts quota set to -1
2022-09-29 01:23:27,640 [Listener at localhost/41255] INFO  retry.RetryInvocationHandler (RetryInvocationHandler.java:log(411)) - com.google.protobuf.ServiceException: java.io.EOFException: End of File Exception between local host is: "fv-az182-579/10.1.1.32"; destination host is: "localhost":41255; : java.io.EOFException; For more details see:  http://wiki.apache.org/hadoop/EOFException, while invoking $Proxy55.submitRequest over nodeId=omNode-2,nodeAddress=127.0.0.1:41255. Trying to failover immediately.
2022-09-29 01:23:27,654 [Listener at localhost/41255] INFO  retry.RetryInvocationHandler (RetryInvocationHandler.java:log(411)) - com.google.protobuf.ServiceException: org.apache.hadoop.ipc.RemoteException(org.apache.hadoop.ozone.om.exceptions.OMNotLeaderException): OM:omNode-3 is not the leader. Could not determine the leader node.
	at org.apache.hadoop.ozone.om.OzoneManager.checkLeaderStatus(OzoneManager.java:4053)
	at org.apache.hadoop.ozone.om.ratis.utils.OzoneManagerRatisUtils.checkLeaderStatus(OzoneManagerRatisUtils.java:446)
	at org.apache.hadoop.ozone.protocolPB.OzoneManagerProtocolServerSideTranslatorPB.processRequest(OzoneManagerProtocolServerSideTranslatorPB.java:181)
	at org.apache.hadoop.hdds.server.OzoneProtocolMessageDispatcher.processRequest(OzoneProtocolMessageDispatcher.java:87)
	at org.apache.hadoop.ozone.protocolPB.OzoneManagerProtocolServerSideTranslatorPB.submitRequest(OzoneManagerProtocolServerSideTranslatorPB.java:147)
	at org.apache.hadoop.ozone.protocol.proto.OzoneManagerProtocolProtos$OzoneManagerService$2.callBlockingMethod(OzoneManagerProtocolProtos.java)
	at org.apache.hadoop.ipc.ProtobufRpcEngine$Server.processCall(ProtobufRpcEngine.java:466)
	at org.apache.hadoop.ipc.ProtobufRpcEngine2$Server$ProtoBufRpcInvoker.call(ProtobufRpcEngine2.java:574)
	at org.apache.hadoop.ipc.ProtobufRpcEngine2$Server$ProtoBufRpcInvoker.call(ProtobufRpcEngine2.java:552)
	at org.apache.hadoop.ipc.RPC$Server.call(RPC.java:1093)
	at org.apache.hadoop.ipc.Server$RpcCall.run(Server.java:1035)
	at org.apache.hadoop.ipc.Server$RpcCall.run(Server.java:963)
	at java.security.AccessController.doPrivileged(Native Method)
	at javax.security.auth.Subject.doAs(Subject.java:422)
	at org.apache.hadoop.security.UserGroupInformation.doAs(UserGroupInformation.java:1878)
	at org.apache.hadoop.ipc.Server$Handler.run(Server.java:2966)
, while invoking $Proxy55.submitRequest over nodeId=omNode-3,nodeAddress=127.0.0.1:46485 after 1 failover attempts. Trying to failover after sleeping for 2000ms.
2022-09-29 01:23:28,320 [omNode-2@group-523986131536-FollowerState] INFO  impl.FollowerState (FollowerState.java:run(143)) - omNode-2@group-523986131536-FollowerState: change to CANDIDATE, lastRpcElapsedTime:1068429756ns, electionTimeout:1064ms
2022-09-29 01:23:28,321 [omNode-2@group-523986131536-FollowerState] INFO  impl.RoleInfo (RoleInfo.java:shutdownFollowerState(110)) - omNode-2: shutdown omNode-2@group-523986131536-FollowerState
2022-09-29 01:23:28,321 [omNode-2@group-523986131536-FollowerState] INFO  server.RaftServer$Division (RaftServerImpl.java:setRole(299)) - omNode-2@group-523986131536: changes role from  FOLLOWER to CANDIDATE at term 3 for changeToCandidate
2022-09-29 01:23:28,321 [omNode-2@group-523986131536-FollowerState] INFO  server.RaftServerConfigKeys (ConfUtils.java:logGet(46)) - raft.server.leaderelection.pre-vote = false (custom)
2022-09-29 01:23:28,321 [omNode-2@group-523986131536-FollowerState] INFO  impl.RoleInfo (RoleInfo.java:updateAndGet(139)) - omNode-2: start omNode-2@group-523986131536-LeaderElection15
2022-09-29 01:23:28,325 [omNode-2@group-523986131536-LeaderElection15] INFO  impl.LeaderElection (LeaderElection.java:askForVotes(310)) - omNode-2@group-523986131536-LeaderElection15 ELECTION round 0: submit vote requests at term 4 for 21: [omNode-3|rpc:localhost:45481|admin:|client:|dataStream:|priority:0, omNode-1|rpc:localhost:40693|admin:|client:|dataStream:|priority:0, omNode-2|rpc:localhost:42303|admin:|client:|dataStream:|priority:0], old=null
2022-09-29 01:23:28,340 [grpc-default-executor-0] INFO  server.RaftServer$Division (RaftServerImpl.java:requestVote(1152)) - omNode-1@group-523986131536: receive requestVote(ELECTION, omNode-2, group-523986131536, 4, (t:3, i:30))
2022-09-29 01:23:28,340 [grpc-default-executor-0] INFO  impl.VoteContext (VoteContext.java:log(48)) - omNode-1@group-523986131536-FOLLOWER: accept ELECTION from omNode-2: our priority 0 <= candidate's priority 0
2022-09-29 01:23:28,340 [grpc-default-executor-0] INFO  server.RaftServer$Division (ServerState.java:setLeader(287)) - omNode-1@group-523986131536: change Leader from omNode-2 to null at term 4 for updateCurrentTerm
2022-09-29 01:23:28,341 [grpc-default-executor-0] INFO  server.RaftServer$Division (RaftServerImpl.java:setRole(299)) - omNode-1@group-523986131536: changes role from  FOLLOWER to FOLLOWER at term 4 for candidate:omNode-2
2022-09-29 01:23:28,341 [grpc-default-executor-0] INFO  impl.RoleInfo (RoleInfo.java:shutdownFollowerState(110)) - omNode-1: shutdown omNode-1@group-523986131536-FollowerState
2022-09-29 01:23:28,341 [grpc-default-executor-0] INFO  impl.RoleInfo (RoleInfo.java:updateAndGet(139)) - omNode-1: start omNode-1@group-523986131536-FollowerState
2022-09-29 01:23:28,341 [omNode-1@group-523986131536-FollowerState] INFO  impl.FollowerState (FollowerState.java:run(152)) - omNode-1@group-523986131536-FollowerState was interrupted
2022-09-29 01:23:28,344 [grpc-default-executor-1] INFO  server.RaftServer$Division (RaftServerImpl.java:requestVote(1152)) - omNode-3@group-523986131536: receive requestVote(ELECTION, omNode-2, group-523986131536, 4, (t:3, i:30))
2022-09-29 01:23:28,344 [grpc-default-executor-1] INFO  impl.VoteContext (VoteContext.java:log(48)) - omNode-3@group-523986131536-FOLLOWER: accept ELECTION from omNode-2: our priority 0 <= candidate's priority 0
2022-09-29 01:23:28,344 [grpc-default-executor-1] INFO  server.RaftServer$Division (ServerState.java:setLeader(287)) - omNode-3@group-523986131536: change Leader from omNode-2 to null at term 4 for updateCurrentTerm
2022-09-29 01:23:28,344 [grpc-default-executor-1] INFO  server.RaftServer$Division (RaftServerImpl.java:setRole(299)) - omNode-3@group-523986131536: changes role from  FOLLOWER to FOLLOWER at term 4 for candidate:omNode-2
2022-09-29 01:23:28,344 [grpc-default-executor-1] INFO  impl.RoleInfo (RoleInfo.java:shutdownFollowerState(110)) - omNode-3: shutdown omNode-3@group-523986131536-FollowerState
2022-09-29 01:23:28,344 [grpc-default-executor-1] INFO  impl.RoleInfo (RoleInfo.java:updateAndGet(139)) - omNode-3: start omNode-3@group-523986131536-FollowerState
2022-09-29 01:23:28,344 [omNode-3@group-523986131536-FollowerState] INFO  impl.FollowerState (FollowerState.java:run(152)) - omNode-3@group-523986131536-FollowerState was interrupted
2022-09-29 01:23:28,344 [grpc-default-executor-0] INFO  server.RaftServer$Division (RaftServerImpl.java:requestVote(1184)) - omNode-1@group-523986131536 replies to ELECTION vote request: omNode-2<-omNode-1#0:OK-t4. Peer's state: omNode-1@group-523986131536:t4, leader=null, voted=omNode-2, raftlog=omNode-1@group-523986131536-SegmentedRaftLog:OPENED:c30, conf=21: [omNode-3|rpc:localhost:45481|admin:|client:|dataStream:|priority:0, omNode-1|rpc:localhost:40693|admin:|client:|dataStream:|priority:0, omNode-2|rpc:localhost:42303|admin:|client:|dataStream:|priority:0], old=null
2022-09-29 01:23:28,346 [omNode-2@group-523986131536-LeaderElection15] INFO  impl.LeaderElection (LeaderElection.java:logAndReturn(90)) - omNode-2@group-523986131536-LeaderElection15: ELECTION PASSED received 1 response(s) and 0 exception(s):
2022-09-29 01:23:28,346 [omNode-2@group-523986131536-LeaderElection15] INFO  impl.LeaderElection (LeaderElection.java:logAndReturn(94)) -   Response 0: omNode-2<-omNode-1#0:OK-t4
2022-09-29 01:23:28,346 [omNode-2@group-523986131536-LeaderElection15] INFO  impl.LeaderElection (LeaderElection.java:askForVotes(312)) - omNode-2@group-523986131536-LeaderElection15 ELECTION round 0: result PASSED
2022-09-29 01:23:28,346 [omNode-2@group-523986131536-LeaderElection15] INFO  impl.RoleInfo (RoleInfo.java:shutdownLeaderElection(130)) - omNode-2: shutdown omNode-2@group-523986131536-LeaderElection15
2022-09-29 01:23:28,346 [omNode-2@group-523986131536-LeaderElection15] INFO  server.RaftServer$Division (RaftServerImpl.java:setRole(299)) - omNode-2@group-523986131536: changes role from CANDIDATE to LEADER at term 4 for changeToLeader
2022-09-29 01:23:28,346 [omNode-2@group-523986131536-LeaderElection15] INFO  server.RaftServer$Division (ServerState.java:setLeader(287)) - omNode-2@group-523986131536: change Leader from null to omNode-2 at term 4 for becomeLeader, leader elected after 1099ms
2022-09-29 01:23:28,346 [omNode-2@group-523986131536-LeaderElection15] INFO  server.RaftServerConfigKeys (ConfUtils.java:logGet(46)) - raft.server.staging.catchup.gap = 1000 (default)
2022-09-29 01:23:28,346 [omNode-2@group-523986131536-LeaderElection15] INFO  server.RaftServerConfigKeys (ConfUtils.java:logGet(46)) - raft.server.write.element-limit = 4096 (default)
2022-09-29 01:23:28,348 [grpc-default-executor-1] INFO  server.RaftServer$Division (RaftServerImpl.java:requestVote(1184)) - omNode-3@group-523986131536 replies to ELECTION vote request: omNode-2<-omNode-3#0:OK-t4. Peer's state: omNode-3@group-523986131536:t4, leader=null, voted=omNode-2, raftlog=omNode-3@group-523986131536-SegmentedRaftLog:OPENED:c30, conf=21: [omNode-3|rpc:localhost:45481|admin:|client:|dataStream:|priority:0, omNode-1|rpc:localhost:40693|admin:|client:|dataStream:|priority:0, omNode-2|rpc:localhost:42303|admin:|client:|dataStream:|priority:0], old=null
2022-09-29 01:23:28,348 [omNode-2@group-523986131536-LeaderElection15] INFO  server.RaftServerConfigKeys (ConfUtils.java:logGet(46)) - raft.server.write.byte-limit = 64MB (=67108864) (default)
2022-09-29 01:23:28,353 [omNode-2@group-523986131536-LeaderElection15] INFO  server.RaftServerConfigKeys (ConfUtils.java:logGet(46)) - raft.server.watch.timeout = 10s (default)
2022-09-29 01:23:28,353 [omNode-2@group-523986131536-LeaderElection15] INFO  server.RaftServerConfigKeys (ConfUtils.java:logGet(46)) - raft.server.watch.timeout.denomination = 1s (default)
2022-09-29 01:23:28,353 [omNode-2@group-523986131536-LeaderElection15] INFO  server.RaftServerConfigKeys (ConfUtils.java:logGet(46)) - raft.server.watch.element-limit = 65536 (default)
2022-09-29 01:23:28,353 [omNode-2@group-523986131536-LeaderElection15] INFO  server.RaftServerConfigKeys (ConfUtils.java:logGet(46)) - raft.server.write.element-limit = 4096 (default)
2022-09-29 01:23:28,353 [omNode-2@group-523986131536-LeaderElection15] INFO  server.RaftServerConfigKeys (ConfUtils.java:logGet(46)) - raft.server.write.follower.gap.ratio.max = -1.0 (default)
2022-09-29 01:23:28,353 [omNode-2@group-523986131536-LeaderElection15] INFO  server.RaftServerConfigKeys (ConfUtils.java:logGet(46)) - raft.server.log.appender.snapshot.chunk.size.max = 16MB (=16777216) (default)
2022-09-29 01:23:28,354 [omNode-2@group-523986131536-LeaderElection15] INFO  server.RaftServerConfigKeys (ConfUtils.java:logGet(46)) - raft.server.log.appender.buffer.byte-limit = 33554432 (custom)
2022-09-29 01:23:28,354 [omNode-2@group-523986131536-LeaderElection15] INFO  server.RaftServerConfigKeys (ConfUtils.java:logGet(46)) - raft.server.log.appender.buffer.element-limit = 1024 (custom)
2022-09-29 01:23:28,354 [omNode-2@group-523986131536-LeaderElection15] INFO  grpc.GrpcConfigKeys (ConfUtils.java:logGet(46)) - raft.grpc.server.leader.outstanding.appends.max = 128 (default)
2022-09-29 01:23:28,354 [omNode-2@group-523986131536-LeaderElection15] INFO  server.RaftServerConfigKeys (ConfUtils.java:logGet(46)) - raft.server.rpc.request.timeout = 3000ms (default)
2022-09-29 01:23:28,354 [omNode-2@group-523986131536-LeaderElection15] INFO  server.RaftServerConfigKeys (ConfUtils.java:logGet(46)) - raft.server.log.appender.install.snapshot.enabled = false (custom)
2022-09-29 01:23:28,355 [omNode-2@group-523986131536-LeaderElection15] INFO  server.RaftServerConfigKeys (ConfUtils.java:logGet(46)) - raft.server.log.appender.snapshot.chunk.size.max = 16MB (=16777216) (default)
2022-09-29 01:23:28,355 [omNode-2@group-523986131536-LeaderElection15] INFO  server.RaftServerConfigKeys (ConfUtils.java:logGet(46)) - raft.server.log.appender.buffer.byte-limit = 33554432 (custom)
2022-09-29 01:23:28,355 [omNode-2@group-523986131536-LeaderElection15] INFO  server.RaftServerConfigKeys (ConfUtils.java:logGet(46)) - raft.server.log.appender.buffer.element-limit = 1024 (custom)
2022-09-29 01:23:28,355 [omNode-2@group-523986131536-LeaderElection15] INFO  grpc.GrpcConfigKeys (ConfUtils.java:logGet(46)) - raft.grpc.server.leader.outstanding.appends.max = 128 (default)
2022-09-29 01:23:28,355 [omNode-2@group-523986131536-LeaderElection15] INFO  server.RaftServerConfigKeys (ConfUtils.java:logGet(46)) - raft.server.rpc.request.timeout = 3000ms (default)
2022-09-29 01:23:28,355 [omNode-2@group-523986131536-LeaderElection15] INFO  server.RaftServerConfigKeys (ConfUtils.java:logGet(46)) - raft.server.log.appender.install.snapshot.enabled = false (custom)
2022-09-29 01:23:28,355 [omNode-2@group-523986131536-LeaderElection15] INFO  impl.RoleInfo (RoleInfo.java:updateAndGet(139)) - omNode-2: start omNode-2@group-523986131536-LeaderStateImpl
2022-09-29 01:23:28,355 [omNode-2@group-523986131536-LeaderElection15] INFO  segmented.SegmentedRaftLogWorker (SegmentedRaftLogWorker.java:rollLogSegment(430)) - omNode-2@group-523986131536-SegmentedRaftLogWorker: Rolling segment log-21_30 to index:30
2022-09-29 01:23:28,360 [omNode-2@group-523986131536-LeaderElection15] INFO  server.RaftServer$Division (ServerState.java:setRaftConf(393)) - omNode-2@group-523986131536: set configuration 31: [omNode-3|rpc:localhost:45481|admin:|client:|dataStream:|priority:0, omNode-1|rpc:localhost:40693|admin:|client:|dataStream:|priority:0, omNode-2|rpc:localhost:42303|admin:|client:|dataStream:|priority:0], old=null
2022-09-29 01:23:28,361 [omNode-2@group-523986131536-SegmentedRaftLogWorker] INFO  segmented.SegmentedRaftLogWorker (SegmentedRaftLogWorker.java:execute(586)) - omNode-2@group-523986131536-SegmentedRaftLogWorker: Rolled log segment from /home/runner/work/ozone/ozone/hadoop-ozone/integration-test/target/test-dir/MiniOzoneClusterImpl-a442e60d-e435-415e-98a9-f45e33772b0d/omNode-2/ratis/c9bc4cf4-3bc3-3c60-a66b-523986131536/current/log_inprogress_21 to /home/runner/work/ozone/ozone/hadoop-ozone/integration-test/target/test-dir/MiniOzoneClusterImpl-a442e60d-e435-415e-98a9-f45e33772b0d/omNode-2/ratis/c9bc4cf4-3bc3-3c60-a66b-523986131536/current/log_21-30
2022-09-29 01:23:28,366 [omNode-3-server-thread1] INFO  server.RaftServer$Division (ServerState.java:setLeader(287)) - omNode-3@group-523986131536: change Leader from null to omNode-2 at term 4 for appendEntries, leader elected after 21ms
2022-09-29 01:23:28,371 [omNode-3-server-thread1] INFO  server.RaftServer$Division (ServerState.java:setRaftConf(393)) - omNode-3@group-523986131536: set configuration 31: [omNode-3|rpc:localhost:45481|admin:|client:|dataStream:|priority:0, omNode-1|rpc:localhost:40693|admin:|client:|dataStream:|priority:0, omNode-2|rpc:localhost:42303|admin:|client:|dataStream:|priority:0], old=null
2022-09-29 01:23:28,372 [omNode-3-server-thread1] INFO  segmented.SegmentedRaftLogWorker (SegmentedRaftLogWorker.java:rollLogSegment(430)) - omNode-3@group-523986131536-SegmentedRaftLogWorker: Rolling segment log-21_30 to index:30
2022-09-29 01:23:28,373 [omNode-3@group-523986131536-SegmentedRaftLogWorker] INFO  segmented.SegmentedRaftLogWorker (SegmentedRaftLogWorker.java:execute(586)) - omNode-3@group-523986131536-SegmentedRaftLogWorker: Rolled log segment from /home/runner/work/ozone/ozone/hadoop-ozone/integration-test/target/test-dir/MiniOzoneClusterImpl-a442e60d-e435-415e-98a9-f45e33772b0d/omNode-3/ratis/c9bc4cf4-3bc3-3c60-a66b-523986131536/current/log_inprogress_21 to /home/runner/work/ozone/ozone/hadoop-ozone/integration-test/target/test-dir/MiniOzoneClusterImpl-a442e60d-e435-415e-98a9-f45e33772b0d/omNode-3/ratis/c9bc4cf4-3bc3-3c60-a66b-523986131536/current/log_21-30
2022-09-29 01:23:28,384 [omNode-1-server-thread2] INFO  server.RaftServer$Division (ServerState.java:setLeader(287)) - omNode-1@group-523986131536: change Leader from null to omNode-2 at term 4 for appendEntries, leader elected after 43ms
2022-09-29 01:23:28,385 [omNode-2@group-523986131536-SegmentedRaftLogWorker] INFO  segmented.SegmentedRaftLogWorker (SegmentedRaftLogWorker.java:execute(629)) - omNode-2@group-523986131536-SegmentedRaftLogWorker: created new log segment /home/runner/work/ozone/ozone/hadoop-ozone/integration-test/target/test-dir/MiniOzoneClusterImpl-a442e60d-e435-415e-98a9-f45e33772b0d/omNode-2/ratis/c9bc4cf4-3bc3-3c60-a66b-523986131536/current/log_inprogress_31
2022-09-29 01:23:28,387 [omNode-1-server-thread2] INFO  server.RaftServer$Division (ServerState.java:setRaftConf(393)) - omNode-1@group-523986131536: set configuration 31: [omNode-3|rpc:localhost:45481|admin:|client:|dataStream:|priority:0, omNode-1|rpc:localhost:40693|admin:|client:|dataStream:|priority:0, omNode-2|rpc:localhost:42303|admin:|client:|dataStream:|priority:0], old=null
2022-09-29 01:23:28,387 [omNode-1-server-thread2] INFO  segmented.SegmentedRaftLogWorker (SegmentedRaftLogWorker.java:rollLogSegment(430)) - omNode-1@group-523986131536-SegmentedRaftLogWorker: Rolling segment log-21_30 to index:30
2022-09-29 01:23:28,386 [omNode-3@group-523986131536-SegmentedRaftLogWorker] INFO  segmented.SegmentedRaftLogWorker (SegmentedRaftLogWorker.java:execute(629)) - omNode-3@group-523986131536-SegmentedRaftLogWorker: created new log segment /home/runner/work/ozone/ozone/hadoop-ozone/integration-test/target/test-dir/MiniOzoneClusterImpl-a442e60d-e435-415e-98a9-f45e33772b0d/omNode-3/ratis/c9bc4cf4-3bc3-3c60-a66b-523986131536/current/log_inprogress_31
2022-09-29 01:23:28,388 [omNode-1@group-523986131536-SegmentedRaftLogWorker] INFO  segmented.SegmentedRaftLogWorker (SegmentedRaftLogWorker.java:execute(586)) - omNode-1@group-523986131536-SegmentedRaftLogWorker: Rolled log segment from /home/runner/work/ozone/ozone/hadoop-ozone/integration-test/target/test-dir/MiniOzoneClusterImpl-a442e60d-e435-415e-98a9-f45e33772b0d/omNode-1/ratis/c9bc4cf4-3bc3-3c60-a66b-523986131536/current/log_inprogress_21 to /home/runner/work/ozone/ozone/hadoop-ozone/integration-test/target/test-dir/MiniOzoneClusterImpl-a442e60d-e435-415e-98a9-f45e33772b0d/omNode-1/ratis/c9bc4cf4-3bc3-3c60-a66b-523986131536/current/log_21-30
2022-09-29 01:23:28,392 [omNode-2@group-523986131536-StateMachineUpdater] INFO  ratis.OzoneManagerStateMachine (OzoneManagerStateMachine.java:notifyConfigurationChanged(192)) - Received Configuration change notification from Ratis. New Peer list:
[id: "omNode-3"
address: "localhost:45481"
, id: "omNode-1"
address: "localhost:40693"
, id: "omNode-2"
address: "localhost:42303"
]
2022-09-29 01:23:28,400 [omNode-3@group-523986131536-StateMachineUpdater] INFO  ratis.OzoneManagerStateMachine (OzoneManagerStateMachine.java:notifyConfigurationChanged(192)) - Received Configuration change notification from Ratis. New Peer list:
[id: "omNode-3"
address: "localhost:45481"
, id: "omNode-1"
address: "localhost:40693"
, id: "omNode-2"
address: "localhost:42303"
]
2022-09-29 01:23:28,402 [omNode-1@group-523986131536-SegmentedRaftLogWorker] INFO  segmented.SegmentedRaftLogWorker (SegmentedRaftLogWorker.java:execute(629)) - omNode-1@group-523986131536-SegmentedRaftLogWorker: created new log segment /home/runner/work/ozone/ozone/hadoop-ozone/integration-test/target/test-dir/MiniOzoneClusterImpl-a442e60d-e435-415e-98a9-f45e33772b0d/omNode-1/ratis/c9bc4cf4-3bc3-3c60-a66b-523986131536/current/log_inprogress_31
2022-09-29 01:23:28,403 [omNode-1@group-523986131536-StateMachineUpdater] INFO  ratis.OzoneManagerStateMachine (OzoneManagerStateMachine.java:notifyConfigurationChanged(192)) - Received Configuration change notification from Ratis. New Peer list:
[id: "omNode-3"
address: "localhost:45481"
, id: "omNode-1"
address: "localhost:40693"
, id: "omNode-2"
address: "localhost:42303"
]
2022-09-29 01:23:29,661 [Listener at localhost/41255] INFO  retry.RetryInvocationHandler (RetryInvocationHandler.java:log(411)) - com.google.protobuf.ServiceException: org.apache.hadoop.ipc.RemoteException(org.apache.hadoop.ozone.om.exceptions.OMNotLeaderException): OM:omNode-1 is not the leader. Could not determine the leader node.
	at org.apache.hadoop.ozone.om.OzoneManager.checkLeaderStatus(OzoneManager.java:4053)
	at org.apache.hadoop.ozone.om.ratis.utils.OzoneManagerRatisUtils.checkLeaderStatus(OzoneManagerRatisUtils.java:446)
	at org.apache.hadoop.ozone.protocolPB.OzoneManagerProtocolServerSideTranslatorPB.processRequest(OzoneManagerProtocolServerSideTranslatorPB.java:181)
	at org.apache.hadoop.hdds.server.OzoneProtocolMessageDispatcher.processRequest(OzoneProtocolMessageDispatcher.java:87)
	at org.apache.hadoop.ozone.protocolPB.OzoneManagerProtocolServerSideTranslatorPB.submitRequest(OzoneManagerProtocolServerSideTranslatorPB.java:147)
	at org.apache.hadoop.ozone.protocol.proto.OzoneManagerProtocolProtos$OzoneManagerService$2.callBlockingMethod(OzoneManagerProtocolProtos.java)
	at org.apache.hadoop.ipc.ProtobufRpcEngine$Server.processCall(ProtobufRpcEngine.java:466)
	at org.apache.hadoop.ipc.ProtobufRpcEngine2$Server$ProtoBufRpcInvoker.call(ProtobufRpcEngine2.java:574)
	at org.apache.hadoop.ipc.ProtobufRpcEngine2$Server$ProtoBufRpcInvoker.call(ProtobufRpcEngine2.java:552)
	at org.apache.hadoop.ipc.RPC$Server.call(RPC.java:1093)
	at org.apache.hadoop.ipc.Server$RpcCall.run(Server.java:1035)
	at org.apache.hadoop.ipc.Server$RpcCall.run(Server.java:963)
	at java.security.AccessController.doPrivileged(Native Method)
	at javax.security.auth.Subject.doAs(Subject.java:422)
	at org.apache.hadoop.security.UserGroupInformation.doAs(UserGroupInformation.java:1878)
	at org.apache.hadoop.ipc.Server$Handler.run(Server.java:2966)
, while invoking $Proxy55.submitRequest over nodeId=omNode-1,nodeAddress=127.0.0.1:37925 after 2 failover attempts. Trying to failover immediately.
2022-09-29 01:23:29,676 [OM StateMachine ApplyTransaction Thread - 0] INFO  volume.OMVolumeCreateRequest (OMVolumeCreateRequest.java:validateAndUpdateCache(195)) - created volume:volume90856 for user:user68682
2022-09-29 01:23:29,681 [OM StateMachine ApplyTransaction Thread - 0] INFO  volume.OMVolumeCreateRequest (OMVolumeCreateRequest.java:validateAndUpdateCache(195)) - created volume:volume90856 for user:user68682
2022-09-29 01:23:29,687 [OM StateMachine ApplyTransaction Thread - 0] INFO  volume.OMVolumeCreateRequest (OMVolumeCreateRequest.java:validateAndUpdateCache(195)) - created volume:volume90856 for user:user68682
2022-09-29 01:23:29,691 [Listener at localhost/41255] INFO  rpc.RpcClient (RpcClient.java:createBucket(674)) - Creating Bucket: volume90856/52998e29-762d-4bc9-bd9f-a4a959677cb4, with server-side default bucket layout, runner as owner, Versioning false, Storage Type set to DISK and Encryption set to false 
2022-09-29 01:23:29,702 [OM StateMachine ApplyTransaction Thread - 0] INFO  bucket.OMBucketCreateRequest (OMBucketCreateRequest.java:validateAndUpdateCache(260)) - created bucket: 52998e29-762d-4bc9-bd9f-a4a959677cb4 of layout LEGACY in volume: volume90856
2022-09-29 01:23:29,705 [OM StateMachine ApplyTransaction Thread - 0] INFO  bucket.OMBucketCreateRequest (OMBucketCreateRequest.java:validateAndUpdateCache(260)) - created bucket: 52998e29-762d-4bc9-bd9f-a4a959677cb4 of layout LEGACY in volume: volume90856
2022-09-29 01:23:29,711 [OM StateMachine ApplyTransaction Thread - 0] INFO  bucket.OMBucketCreateRequest (OMBucketCreateRequest.java:validateAndUpdateCache(260)) - created bucket: 52998e29-762d-4bc9-bd9f-a4a959677cb4 of layout LEGACY in volume: volume90856
2022-09-29 01:23:30,030 [Listener at localhost/41255] INFO  om.OzoneManager (OzoneManager.java:stop(2035)) - omNode-2[localhost:41255]: Stopping Ozone Manager
2022-09-29 01:23:30,030 [Listener at localhost/41255] INFO  ipc.Server (Server.java:stop(3414)) - Stopping server on 41255
2022-09-29 01:23:30,033 [IPC Server listener on 41255] INFO  ipc.Server (Server.java:run(1376)) - Stopping IPC Server listener on 41255
2022-09-29 01:23:30,042 [IPC Server Responder] INFO  ipc.Server (Server.java:run(1512)) - Stopping IPC Server Responder
2022-09-29 01:23:30,043 [Listener at localhost/41255] INFO  server.RaftServer (RaftServerProxy.java:lambda$close$7(398)) - omNode-2: close
2022-09-29 01:23:30,043 [Listener at localhost/41255] INFO  server.RaftServer$Division (RaftServerImpl.java:lambda$close$4(434)) - omNode-2@group-523986131536: shutdown
2022-09-29 01:23:30,044 [Listener at localhost/41255] INFO  util.JmxRegister (JmxRegister.java:unregister(73)) - Successfully un-registered JMX Bean with object name Ratis:service=RaftServer,group=group-523986131536,id=omNode-2
2022-09-29 01:23:30,044 [Listener at localhost/41255] INFO  impl.RoleInfo (RoleInfo.java:shutdownLeaderState(93)) - omNode-2: shutdown omNode-2@group-523986131536-LeaderStateImpl
2022-09-29 01:23:30,044 [omNode-2@group-523986131536->omNode-3-GrpcLogAppender-LogAppenderDaemon] WARN  server.GrpcLogAppender (GrpcLogAppender.java:mayWait(171)) - omNode-2@group-523986131536->omNode-3-GrpcLogAppender: Wait interrupted by java.lang.InterruptedException
2022-09-29 01:23:30,044 [omNode-2@group-523986131536->omNode-1-GrpcLogAppender-LogAppenderDaemon] WARN  server.GrpcLogAppender (GrpcLogAppender.java:mayWait(171)) - omNode-2@group-523986131536->omNode-1-GrpcLogAppender: Wait interrupted by java.lang.InterruptedException
2022-09-29 01:23:30,045 [grpc-default-executor-0] INFO  server.GrpcServerProtocolService (GrpcServerProtocolService.java:onCompleted(140)) - omNode-3: Completed APPEND_ENTRIES, lastRequest: omNode-2->omNode-3#128-t4,previous=(t:4, i:55),leaderCommit=55,initializing? true,entries: size=1, first=(t:4, i:56), METADATAENTRY(c:55)
2022-09-29 01:23:30,044 [Listener at localhost/41255] INFO  impl.PendingRequests (PendingRequests.java:sendNotLeaderResponses(282)) - omNode-2@group-523986131536-PendingRequests: sendNotLeaderResponses
2022-09-29 01:23:30,048 [grpc-default-executor-0] INFO  server.GrpcServerProtocolService (GrpcServerProtocolService.java:onCompleted(140)) - omNode-1: Completed APPEND_ENTRIES, lastRequest: omNode-2->omNode-1#133-t4,previous=(t:4, i:55),leaderCommit=55,initializing? true,entries: size=1, first=(t:4, i:56), METADATAENTRY(c:55)
2022-09-29 01:23:30,049 [grpc-default-executor-1] INFO  server.GrpcLogAppender (GrpcLogAppender.java:onCompleted(339)) - omNode-2@group-523986131536->omNode-3-AppendLogResponseHandler: follower responses appendEntries COMPLETED
2022-09-29 01:23:30,049 [Listener at localhost/41255] INFO  impl.StateMachineUpdater (StateMachineUpdater.java:stopAndJoin(153)) - omNode-2@group-523986131536-StateMachineUpdater: set stopIndex = 56
2022-09-29 01:23:30,049 [grpc-default-executor-1] INFO  leader.FollowerInfo (FollowerInfoImpl.java:lambda$new$0(48)) - omNode-2@group-523986131536->omNode-3: nextIndex: updateUnconditionally 57 -> 56
2022-09-29 01:23:30,050 [omNode-2@group-523986131536-StateMachineUpdater] INFO  ratis.OzoneManagerStateMachine (OzoneManagerStateMachine.java:takeSnapshot(441)) - Current Snapshot Index (t:4, i:56)
2022-09-29 01:23:30,051 [omNode-2@group-523986131536-StateMachineUpdater] INFO  impl.StateMachineUpdater (StateMachineUpdater.java:takeSnapshot(287)) - omNode-2@group-523986131536-StateMachineUpdater: Took a snapshot at index 56
2022-09-29 01:23:30,051 [omNode-2@group-523986131536-StateMachineUpdater] INFO  impl.StateMachineUpdater (StateMachineUpdater.java:lambda$new$0(92)) - omNode-2@group-523986131536-StateMachineUpdater: snapshotIndex: updateIncreasingly 30 -> 56
2022-09-29 01:23:30,051 [omNode-2@group-523986131536-StateMachineUpdater] INFO  raftlog.RaftLog (RaftLogBase.java:purge(308)) - omNode-2@group-523986131536-SegmentedRaftLog: purge 56
2022-09-29 01:23:30,052 [omNode-2@group-523986131536-StateMachineUpdater] INFO  raftlog.RaftLog (RaftLogBase.java:lambda$new$0(53)) - omNode-2@group-523986131536-SegmentedRaftLog: snapshotIndex: updateIncreasingly 30 -> 56
2022-09-29 01:23:30,052 [grpc-default-executor-2] INFO  server.GrpcLogAppender (GrpcLogAppender.java:onCompleted(339)) - omNode-2@group-523986131536->omNode-1-AppendLogResponseHandler: follower responses appendEntries COMPLETED
2022-09-29 01:23:30,052 [grpc-default-executor-2] INFO  leader.FollowerInfo (FollowerInfoImpl.java:lambda$new$0(48)) - omNode-2@group-523986131536->omNode-1: nextIndex: updateUnconditionally 57 -> 56
2022-09-29 01:23:30,054 [omNode-2@group-523986131536-StateMachineUpdater] INFO  raftlog.RaftLog (RaftLogBase.java:lambda$new$0(53)) - omNode-2@group-523986131536-SegmentedRaftLog: purgeIndex: updateToMax old=-1, new=30, updated? true
2022-09-29 01:23:30,054 [omNode-2@group-523986131536-StateMachineUpdater] INFO  ratis.OzoneManagerStateMachine (OzoneManagerStateMachine.java:close(495)) - StateMachine has shutdown. Shutdown OzoneManager if not already shutdown.
2022-09-29 01:23:30,054 [omNode-2@group-523986131536-StateMachineUpdater] INFO  ratis.OzoneManagerDoubleBuffer (OzoneManagerDoubleBuffer.java:stop(466)) - Stopping OMDoubleBuffer flush thread
2022-09-29 01:23:30,054 [OMDoubleBufferFlushThread] INFO  ratis.OzoneManagerDoubleBuffer (OzoneManagerDoubleBuffer.java:flushTransactions(385)) - OMDoubleBuffer flush thread OMDoubleBufferFlushThread is interrupted and will exit.
2022-09-29 01:23:30,057 [Listener at localhost/41255] INFO  server.RaftServer$Division (ServerState.java:close(429)) - omNode-2@group-523986131536: closes. applyIndex: 56
2022-09-29 01:23:30,057 [omNode-2@group-523986131536-SegmentedRaftLogWorker] INFO  segmented.SegmentedRaftLogWorker (SegmentedRaftLogWorker.java:run(336)) - omNode-2@group-523986131536-SegmentedRaftLogWorker was interrupted, exiting. There are 0 tasks remaining in the queue.
2022-09-29 01:23:30,058 [Listener at localhost/41255] INFO  segmented.SegmentedRaftLogWorker (SegmentedRaftLogWorker.java:close(246)) - omNode-2@group-523986131536-SegmentedRaftLogWorker close()
2022-09-29 01:23:30,061 [Listener at localhost/41255] INFO  server.GrpcService (GrpcService.java:closeImpl(269)) - omNode-2: shutdown server with port 42303 now
2022-09-29 01:23:30,069 [Listener at localhost/41255] INFO  server.GrpcService (GrpcService.java:closeImpl(278)) - omNode-2: shutdown server with port 42303 successfully
2022-09-29 01:23:30,069 [org.apache.ratis.util.JvmPauseMonitor$$Lambda$699/1983328127@13ba8120] INFO  util.JvmPauseMonitor (JvmPauseMonitor.java:run(109)) - JvmPauseMonitor-omNode-2: Stopped
2022-09-29 01:23:30,069 [Listener at localhost/41255] INFO  ratis.OzoneManagerStateMachine (OzoneManagerStateMachine.java:close(495)) - StateMachine has shutdown. Shutdown OzoneManager if not already shutdown.
2022-09-29 01:23:30,070 [Listener at localhost/41255] INFO  ratis.OzoneManagerDoubleBuffer (OzoneManagerDoubleBuffer.java:stop(478)) - OMDoubleBuffer flush thread is not running.
2022-09-29 01:23:30,070 [Listener at localhost/41255] INFO  handler.ContextHandler (ContextHandler.java:doStop(1153)) - Stopped o.e.j.w.WebAppContext@25850671{ozoneManager,/,null,STOPPED}{file:/home/runner/work/ozone/ozone/hadoop-ozone/integration-test/target/test-classes/webapps/ozoneManager}
2022-09-29 01:23:30,070 [Listener at localhost/41255] INFO  server.AbstractConnector (AbstractConnector.java:doStop(381)) - Stopped ServerConnector@143977f1{HTTP/1.1, (http/1.1)}{0.0.0.0:43849}
2022-09-29 01:23:30,071 [Listener at localhost/41255] INFO  server.session (HouseKeeper.java:stopScavenging(149)) - node0 Stopped scavenging
2022-09-29 01:23:30,071 [Listener at localhost/41255] INFO  handler.ContextHandler (ContextHandler.java:doStop(1153)) - Stopped o.e.j.s.ServletContextHandler@21b26eb6{static,/static,file:///home/runner/work/ozone/ozone/hadoop-ozone/integration-test/target/test-classes/webapps/static,STOPPED}
2022-09-29 01:23:30,071 [Listener at localhost/41255] INFO  handler.ContextHandler (ContextHandler.java:doStop(1153)) - Stopped o.e.j.s.ServletContextHandler@3de41291{logs,/logs,file:///home/runner/work/ozone/ozone/hadoop-ozone/integration-test/target/log,STOPPED}
2022-09-29 01:23:31,559 [omNode-1@group-523986131536-FollowerState] INFO  impl.FollowerState (FollowerState.java:run(143)) - omNode-1@group-523986131536-FollowerState: change to CANDIDATE, lastRpcElapsedTime:1544184114ns, electionTimeout:1136ms
2022-09-29 01:23:31,559 [omNode-1@group-523986131536-FollowerState] INFO  impl.RoleInfo (RoleInfo.java:shutdownFollowerState(110)) - omNode-1: shutdown omNode-1@group-523986131536-FollowerState
2022-09-29 01:23:31,560 [omNode-1@group-523986131536-FollowerState] INFO  server.RaftServer$Division (RaftServerImpl.java:setRole(299)) - omNode-1@group-523986131536: changes role from  FOLLOWER to CANDIDATE at term 4 for changeToCandidate
2022-09-29 01:23:31,560 [omNode-1@group-523986131536-FollowerState] INFO  server.RaftServerConfigKeys (ConfUtils.java:logGet(46)) - raft.server.leaderelection.pre-vote = false (custom)
2022-09-29 01:23:31,560 [omNode-1@group-523986131536-FollowerState] INFO  impl.RoleInfo (RoleInfo.java:updateAndGet(139)) - omNode-1: start omNode-1@group-523986131536-LeaderElection16
2022-09-29 01:23:31,569 [omNode-1@group-523986131536-LeaderElection16] INFO  server.RaftServer$Division (ServerState.java:setLeader(287)) - omNode-1@group-523986131536: change Leader from omNode-2 to null at term 4 for ELECTION
2022-09-29 01:23:31,597 [omNode-1@group-523986131536-LeaderElection16] INFO  impl.LeaderElection (LeaderElection.java:askForVotes(310)) - omNode-1@group-523986131536-LeaderElection16 ELECTION round 0: submit vote requests at term 5 for 31: [omNode-3|rpc:localhost:45481|admin:|client:|dataStream:|priority:0, omNode-1|rpc:localhost:40693|admin:|client:|dataStream:|priority:0, omNode-2|rpc:localhost:42303|admin:|client:|dataStream:|priority:0], old=null
2022-09-29 01:23:31,606 [grpc-default-executor-1] INFO  server.RaftServer$Division (RaftServerImpl.java:requestVote(1152)) - omNode-3@group-523986131536: receive requestVote(ELECTION, omNode-1, group-523986131536, 5, (t:4, i:56))
2022-09-29 01:23:31,607 [grpc-default-executor-1] INFO  impl.VoteContext (VoteContext.java:log(48)) - omNode-3@group-523986131536-FOLLOWER: accept ELECTION from omNode-1: our priority 0 <= candidate's priority 0
2022-09-29 01:23:31,607 [grpc-default-executor-1] INFO  server.RaftServer$Division (ServerState.java:setLeader(287)) - omNode-3@group-523986131536: change Leader from omNode-2 to null at term 5 for updateCurrentTerm
2022-09-29 01:23:31,607 [grpc-default-executor-1] INFO  server.RaftServer$Division (RaftServerImpl.java:setRole(299)) - omNode-3@group-523986131536: changes role from  FOLLOWER to FOLLOWER at term 5 for candidate:omNode-1
2022-09-29 01:23:31,607 [grpc-default-executor-1] INFO  impl.RoleInfo (RoleInfo.java:shutdownFollowerState(110)) - omNode-3: shutdown omNode-3@group-523986131536-FollowerState
2022-09-29 01:23:31,607 [grpc-default-executor-1] INFO  impl.RoleInfo (RoleInfo.java:updateAndGet(139)) - omNode-3: start omNode-3@group-523986131536-FollowerState
2022-09-29 01:23:31,607 [omNode-1@group-523986131536-LeaderElection16] INFO  impl.LeaderElection (LogUtils.java:infoOrTrace(137)) - omNode-1@group-523986131536-LeaderElection16 got exception when requesting votes: java.util.concurrent.ExecutionException: org.apache.ratis.thirdparty.io.grpc.StatusRuntimeException: UNAVAILABLE: io exception
2022-09-29 01:23:31,607 [omNode-3@group-523986131536-FollowerState] INFO  impl.FollowerState (FollowerState.java:run(152)) - omNode-3@group-523986131536-FollowerState was interrupted
2022-09-29 01:23:31,619 [grpc-default-executor-1] INFO  server.RaftServer$Division (RaftServerImpl.java:requestVote(1184)) - omNode-3@group-523986131536 replies to ELECTION vote request: omNode-1<-omNode-3#0:OK-t5. Peer's state: omNode-3@group-523986131536:t5, leader=null, voted=omNode-1, raftlog=omNode-3@group-523986131536-SegmentedRaftLog:OPENED:c55, conf=31: [omNode-3|rpc:localhost:45481|admin:|client:|dataStream:|priority:0, omNode-1|rpc:localhost:40693|admin:|client:|dataStream:|priority:0, omNode-2|rpc:localhost:42303|admin:|client:|dataStream:|priority:0], old=null
2022-09-29 01:23:31,620 [omNode-1@group-523986131536-LeaderElection16] INFO  impl.LeaderElection (LeaderElection.java:logAndReturn(90)) - omNode-1@group-523986131536-LeaderElection16: ELECTION PASSED received 1 response(s) and 1 exception(s):
2022-09-29 01:23:31,620 [omNode-1@group-523986131536-LeaderElection16] INFO  impl.LeaderElection (LeaderElection.java:logAndReturn(94)) -   Response 0: omNode-1<-omNode-3#0:OK-t5
2022-09-29 01:23:31,620 [omNode-1@group-523986131536-LeaderElection16] INFO  impl.LeaderElection (LogUtils.java:infoOrTrace(137)) -   Exception 1: java.util.concurrent.ExecutionException: org.apache.ratis.thirdparty.io.grpc.StatusRuntimeException: UNAVAILABLE: io exception
2022-09-29 01:23:31,620 [omNode-1@group-523986131536-LeaderElection16] INFO  impl.LeaderElection (LeaderElection.java:askForVotes(312)) - omNode-1@group-523986131536-LeaderElection16 ELECTION round 0: result PASSED
2022-09-29 01:23:31,620 [omNode-1@group-523986131536-LeaderElection16] INFO  impl.RoleInfo (RoleInfo.java:shutdownLeaderElection(130)) - omNode-1: shutdown omNode-1@group-523986131536-LeaderElection16
2022-09-29 01:23:31,620 [omNode-1@group-523986131536-LeaderElection16] INFO  server.RaftServer$Division (RaftServerImpl.java:setRole(299)) - omNode-1@group-523986131536: changes role from CANDIDATE to LEADER at term 5 for changeToLeader
2022-09-29 01:23:31,620 [omNode-1@group-523986131536-LeaderElection16] INFO  server.RaftServer$Division (ServerState.java:setLeader(287)) - omNode-1@group-523986131536: change Leader from null to omNode-1 at term 5 for becomeLeader, leader elected after 51ms
2022-09-29 01:23:31,620 [omNode-1@group-523986131536-LeaderElection16] INFO  server.RaftServerConfigKeys (ConfUtils.java:logGet(46)) - raft.server.staging.catchup.gap = 1000 (default)
2022-09-29 01:23:31,621 [omNode-1@group-523986131536-LeaderElection16] INFO  server.RaftServerConfigKeys (ConfUtils.java:logGet(46)) - raft.server.write.element-limit = 4096 (default)
2022-09-29 01:23:31,621 [omNode-1@group-523986131536-LeaderElection16] INFO  server.RaftServerConfigKeys (ConfUtils.java:logGet(46)) - raft.server.write.byte-limit = 64MB (=67108864) (default)
2022-09-29 01:23:31,621 [omNode-1@group-523986131536-LeaderElection16] INFO  server.RaftServerConfigKeys (ConfUtils.java:logGet(46)) - raft.server.watch.timeout = 10s (default)
2022-09-29 01:23:31,621 [omNode-1@group-523986131536-LeaderElection16] INFO  server.RaftServerConfigKeys (ConfUtils.java:logGet(46)) - raft.server.watch.timeout.denomination = 1s (default)
2022-09-29 01:23:31,621 [omNode-1@group-523986131536-LeaderElection16] INFO  server.RaftServerConfigKeys (ConfUtils.java:logGet(46)) - raft.server.watch.element-limit = 65536 (default)
2022-09-29 01:23:31,621 [omNode-1@group-523986131536-LeaderElection16] INFO  server.RaftServerConfigKeys (ConfUtils.java:logGet(46)) - raft.server.write.element-limit = 4096 (default)
2022-09-29 01:23:31,621 [omNode-1@group-523986131536-LeaderElection16] INFO  server.RaftServerConfigKeys (ConfUtils.java:logGet(46)) - raft.server.write.follower.gap.ratio.max = -1.0 (default)
2022-09-29 01:23:31,622 [omNode-1@group-523986131536-LeaderElection16] INFO  server.RaftServerConfigKeys (ConfUtils.java:logGet(46)) - raft.server.log.appender.snapshot.chunk.size.max = 16MB (=16777216) (default)
2022-09-29 01:23:31,622 [omNode-1@group-523986131536-LeaderElection16] INFO  server.RaftServerConfigKeys (ConfUtils.java:logGet(46)) - raft.server.log.appender.buffer.byte-limit = 33554432 (custom)
2022-09-29 01:23:31,622 [omNode-1@group-523986131536-LeaderElection16] INFO  server.RaftServerConfigKeys (ConfUtils.java:logGet(46)) - raft.server.log.appender.buffer.element-limit = 1024 (custom)
2022-09-29 01:23:31,622 [omNode-1@group-523986131536-LeaderElection16] INFO  grpc.GrpcConfigKeys (ConfUtils.java:logGet(46)) - raft.grpc.server.leader.outstanding.appends.max = 128 (default)
2022-09-29 01:23:31,622 [omNode-1@group-523986131536-LeaderElection16] INFO  server.RaftServerConfigKeys (ConfUtils.java:logGet(46)) - raft.server.rpc.request.timeout = 3000ms (default)
2022-09-29 01:23:31,622 [omNode-1@group-523986131536-LeaderElection16] INFO  server.RaftServerConfigKeys (ConfUtils.java:logGet(46)) - raft.server.log.appender.install.snapshot.enabled = false (custom)
2022-09-29 01:23:31,622 [omNode-1@group-523986131536-LeaderElection16] INFO  server.RaftServerConfigKeys (ConfUtils.java:logGet(46)) - raft.server.log.appender.snapshot.chunk.size.max = 16MB (=16777216) (default)
2022-09-29 01:23:31,623 [omNode-1@group-523986131536-LeaderElection16] INFO  server.RaftServerConfigKeys (ConfUtils.java:logGet(46)) - raft.server.log.appender.buffer.byte-limit = 33554432 (custom)
2022-09-29 01:23:31,623 [omNode-1@group-523986131536-LeaderElection16] INFO  server.RaftServerConfigKeys (ConfUtils.java:logGet(46)) - raft.server.log.appender.buffer.element-limit = 1024 (custom)
2022-09-29 01:23:31,623 [omNode-1@group-523986131536-LeaderElection16] INFO  grpc.GrpcConfigKeys (ConfUtils.java:logGet(46)) - raft.grpc.server.leader.outstanding.appends.max = 128 (default)
2022-09-29 01:23:31,623 [omNode-1@group-523986131536-LeaderElection16] INFO  server.RaftServerConfigKeys (ConfUtils.java:logGet(46)) - raft.server.rpc.request.timeout = 3000ms (default)
2022-09-29 01:23:31,623 [omNode-1@group-523986131536-LeaderElection16] INFO  server.RaftServerConfigKeys (ConfUtils.java:logGet(46)) - raft.server.log.appender.install.snapshot.enabled = false (custom)
2022-09-29 01:23:31,623 [omNode-1@group-523986131536-LeaderElection16] INFO  impl.RoleInfo (RoleInfo.java:updateAndGet(139)) - omNode-1: start omNode-1@group-523986131536-LeaderStateImpl
2022-09-29 01:23:31,625 [omNode-1@group-523986131536-LeaderElection16] INFO  segmented.SegmentedRaftLogWorker (SegmentedRaftLogWorker.java:rollLogSegment(430)) - omNode-1@group-523986131536-SegmentedRaftLogWorker: Rolling segment log-31_56 to index:56
2022-09-29 01:23:31,626 [omNode-1@group-523986131536-SegmentedRaftLogWorker] INFO  segmented.SegmentedRaftLogWorker (SegmentedRaftLogWorker.java:execute(586)) - omNode-1@group-523986131536-SegmentedRaftLogWorker: Rolled log segment from /home/runner/work/ozone/ozone/hadoop-ozone/integration-test/target/test-dir/MiniOzoneClusterImpl-a442e60d-e435-415e-98a9-f45e33772b0d/omNode-1/ratis/c9bc4cf4-3bc3-3c60-a66b-523986131536/current/log_inprogress_31 to /home/runner/work/ozone/ozone/hadoop-ozone/integration-test/target/test-dir/MiniOzoneClusterImpl-a442e60d-e435-415e-98a9-f45e33772b0d/omNode-1/ratis/c9bc4cf4-3bc3-3c60-a66b-523986131536/current/log_31-56
2022-09-29 01:23:31,632 [omNode-1@group-523986131536-LeaderElection16] INFO  server.RaftServer$Division (ServerState.java:setRaftConf(393)) - omNode-1@group-523986131536: set configuration 57: [omNode-3|rpc:localhost:45481|admin:|client:|dataStream:|priority:0, omNode-1|rpc:localhost:40693|admin:|client:|dataStream:|priority:0, omNode-2|rpc:localhost:42303|admin:|client:|dataStream:|priority:0], old=null
2022-09-29 01:23:31,632 [omNode-3-server-thread1] INFO  server.RaftServer$Division (ServerState.java:setLeader(287)) - omNode-3@group-523986131536: change Leader from null to omNode-1 at term 5 for appendEntries, leader elected after 25ms
2022-09-29 01:23:31,638 [omNode-1@group-523986131536-SegmentedRaftLogWorker] INFO  segmented.SegmentedRaftLogWorker (SegmentedRaftLogWorker.java:execute(629)) - omNode-1@group-523986131536-SegmentedRaftLogWorker: created new log segment /home/runner/work/ozone/ozone/hadoop-ozone/integration-test/target/test-dir/MiniOzoneClusterImpl-a442e60d-e435-415e-98a9-f45e33772b0d/omNode-1/ratis/c9bc4cf4-3bc3-3c60-a66b-523986131536/current/log_inprogress_57
2022-09-29 01:23:31,639 [omNode-3-server-thread1] INFO  server.RaftServer$Division (ServerState.java:setRaftConf(393)) - omNode-3@group-523986131536: set configuration 57: [omNode-3|rpc:localhost:45481|admin:|client:|dataStream:|priority:0, omNode-1|rpc:localhost:40693|admin:|client:|dataStream:|priority:0, omNode-2|rpc:localhost:42303|admin:|client:|dataStream:|priority:0], old=null
2022-09-29 01:23:31,639 [omNode-3-server-thread1] INFO  segmented.SegmentedRaftLogWorker (SegmentedRaftLogWorker.java:rollLogSegment(430)) - omNode-3@group-523986131536-SegmentedRaftLogWorker: Rolling segment log-31_56 to index:56
2022-09-29 01:23:31,640 [omNode-3@group-523986131536-SegmentedRaftLogWorker] INFO  segmented.SegmentedRaftLogWorker (SegmentedRaftLogWorker.java:execute(586)) - omNode-3@group-523986131536-SegmentedRaftLogWorker: Rolled log segment from /home/runner/work/ozone/ozone/hadoop-ozone/integration-test/target/test-dir/MiniOzoneClusterImpl-a442e60d-e435-415e-98a9-f45e33772b0d/omNode-3/ratis/c9bc4cf4-3bc3-3c60-a66b-523986131536/current/log_inprogress_31 to /home/runner/work/ozone/ozone/hadoop-ozone/integration-test/target/test-dir/MiniOzoneClusterImpl-a442e60d-e435-415e-98a9-f45e33772b0d/omNode-3/ratis/c9bc4cf4-3bc3-3c60-a66b-523986131536/current/log_31-56
2022-09-29 01:23:31,641 [grpc-default-executor-2] WARN  server.GrpcLogAppender (LogUtils.java:warn(122)) - omNode-1@group-523986131536->omNode-2-AppendLogResponseHandler: Failed appendEntries: org.apache.ratis.thirdparty.io.grpc.StatusRuntimeException: UNAVAILABLE: io exception
2022-09-29 01:23:31,642 [grpc-default-executor-2] WARN  server.GrpcLogAppender (GrpcLogAppender.java:resetClient(111)) - omNode-1@group-523986131536->omNode-2-GrpcLogAppender: Leader has not got in touch with Follower omNode-1@group-523986131536->omNode-2(c-1,m0,n58, attendVote=true, lastRpcSendTime=3, lastRpcResponseTime=1221) yet, just keep nextIndex unchanged and retry.
2022-09-29 01:23:31,650 [omNode-3@group-523986131536-SegmentedRaftLogWorker] INFO  segmented.SegmentedRaftLogWorker (SegmentedRaftLogWorker.java:execute(629)) - omNode-3@group-523986131536-SegmentedRaftLogWorker: created new log segment /home/runner/work/ozone/ozone/hadoop-ozone/integration-test/target/test-dir/MiniOzoneClusterImpl-a442e60d-e435-415e-98a9-f45e33772b0d/omNode-3/ratis/c9bc4cf4-3bc3-3c60-a66b-523986131536/current/log_inprogress_57
2022-09-29 01:23:31,661 [omNode-1@group-523986131536-StateMachineUpdater] INFO  ratis.OzoneManagerStateMachine (OzoneManagerStateMachine.java:notifyConfigurationChanged(192)) - Received Configuration change notification from Ratis. New Peer list:
[id: "omNode-3"
address: "localhost:45481"
, id: "omNode-1"
address: "localhost:40693"
, id: "omNode-2"
address: "localhost:42303"
]
2022-09-29 01:23:31,663 [grpc-default-executor-1] WARN  server.GrpcLogAppender (LogUtils.java:warn(122)) - omNode-1@group-523986131536->omNode-2-AppendLogResponseHandler: Failed appendEntries: org.apache.ratis.thirdparty.io.grpc.StatusRuntimeException: UNAVAILABLE: io exception
2022-09-29 01:23:31,663 [grpc-default-executor-1] WARN  server.GrpcLogAppender (GrpcLogAppender.java:resetClient(111)) - omNode-1@group-523986131536->omNode-2-GrpcLogAppender: Leader has not got in touch with Follower omNode-1@group-523986131536->omNode-2(c-1,m0,n59, attendVote=true, lastRpcSendTime=19, lastRpcResponseTime=1242) yet, just keep nextIndex unchanged and retry.
2022-09-29 01:23:31,668 [omNode-3@group-523986131536-StateMachineUpdater] INFO  ratis.OzoneManagerStateMachine (OzoneManagerStateMachine.java:notifyConfigurationChanged(192)) - Received Configuration change notification from Ratis. New Peer list:
[id: "omNode-3"
address: "localhost:45481"
, id: "omNode-1"
address: "localhost:40693"
, id: "omNode-2"
address: "localhost:42303"
]
2022-09-29 01:23:31,889 [grpc-default-executor-1] WARN  server.GrpcLogAppender (LogUtils.java:warn(122)) - omNode-1@group-523986131536->omNode-2-AppendLogResponseHandler: Failed appendEntries: org.apache.ratis.thirdparty.io.grpc.StatusRuntimeException: UNAVAILABLE: io exception
2022-09-29 01:23:31,890 [grpc-default-executor-1] WARN  server.GrpcLogAppender (GrpcLogAppender.java:resetClient(111)) - omNode-1@group-523986131536->omNode-2-GrpcLogAppender: Leader has not got in touch with Follower omNode-1@group-523986131536->omNode-2(c-1,m0,n59, attendVote=true, lastRpcSendTime=0, lastRpcResponseTime=1469) yet, just keep nextIndex unchanged and retry.
2022-09-29 01:23:32,140 [grpc-default-executor-1] WARN  server.GrpcLogAppender (LogUtils.java:warn(122)) - omNode-1@group-523986131536->omNode-2-AppendLogResponseHandler: Failed appendEntries: org.apache.ratis.thirdparty.io.grpc.StatusRuntimeException: UNAVAILABLE: io exception
2022-09-29 01:23:32,140 [grpc-default-executor-1] WARN  server.GrpcLogAppender (GrpcLogAppender.java:resetClient(111)) - omNode-1@group-523986131536->omNode-2-GrpcLogAppender: Leader has not got in touch with Follower omNode-1@group-523986131536->omNode-2(c-1,m0,n59, attendVote=true, lastRpcSendTime=251, lastRpcResponseTime=1719) yet, just keep nextIndex unchanged and retry.
2022-09-29 01:23:32,393 [grpc-default-executor-1] WARN  server.GrpcLogAppender (LogUtils.java:warn(122)) - omNode-1@group-523986131536->omNode-2-AppendLogResponseHandler: Failed appendEntries: org.apache.ratis.thirdparty.io.grpc.StatusRuntimeException: UNAVAILABLE: io exception
2022-09-29 01:23:32,394 [grpc-default-executor-1] WARN  server.GrpcLogAppender (GrpcLogAppender.java:resetClient(111)) - omNode-1@group-523986131536->omNode-2-GrpcLogAppender: Leader has not got in touch with Follower omNode-1@group-523986131536->omNode-2(c-1,m0,n59, attendVote=true, lastRpcSendTime=0, lastRpcResponseTime=1972) yet, just keep nextIndex unchanged and retry.
2022-09-29 01:23:32,643 [grpc-default-executor-1] WARN  server.GrpcLogAppender (LogUtils.java:warn(122)) - omNode-1@group-523986131536->omNode-2-AppendLogResponseHandler: Failed appendEntries: org.apache.ratis.thirdparty.io.grpc.StatusRuntimeException: UNAVAILABLE: io exception
2022-09-29 01:23:32,644 [grpc-default-executor-1] WARN  server.GrpcLogAppender (GrpcLogAppender.java:resetClient(111)) - omNode-1@group-523986131536->omNode-2-GrpcLogAppender: Leader has not got in touch with Follower omNode-1@group-523986131536->omNode-2(c-1,m0,n59, attendVote=true, lastRpcSendTime=0, lastRpcResponseTime=2223) yet, just keep nextIndex unchanged and retry.
2022-09-29 01:23:32,894 [grpc-default-executor-1] WARN  server.GrpcLogAppender (LogUtils.java:warn(122)) - omNode-1@group-523986131536->omNode-2-AppendLogResponseHandler: Failed appendEntries: org.apache.ratis.thirdparty.io.grpc.StatusRuntimeException: UNAVAILABLE: io exception
2022-09-29 01:23:32,895 [grpc-default-executor-1] WARN  server.GrpcLogAppender (GrpcLogAppender.java:resetClient(111)) - omNode-1@group-523986131536->omNode-2-GrpcLogAppender: Leader has not got in touch with Follower omNode-1@group-523986131536->omNode-2(c-1,m0,n59, attendVote=true, lastRpcSendTime=0, lastRpcResponseTime=2473) yet, just keep nextIndex unchanged and retry.
2022-09-29 01:23:33,144 [grpc-default-executor-1] WARN  server.GrpcLogAppender (LogUtils.java:warn(122)) - omNode-1@group-523986131536->omNode-2-AppendLogResponseHandler: Failed appendEntries: org.apache.ratis.thirdparty.io.grpc.StatusRuntimeException: UNAVAILABLE: io exception
2022-09-29 01:23:33,145 [grpc-default-executor-1] WARN  server.GrpcLogAppender (GrpcLogAppender.java:resetClient(111)) - omNode-1@group-523986131536->omNode-2-GrpcLogAppender: Leader has not got in touch with Follower omNode-1@group-523986131536->omNode-2(c-1,m0,n59, attendVote=true, lastRpcSendTime=0, lastRpcResponseTime=2723) yet, just keep nextIndex unchanged and retry.
2022-09-29 01:23:33,394 [grpc-default-executor-1] WARN  server.GrpcLogAppender (LogUtils.java:warn(122)) - omNode-1@group-523986131536->omNode-2-AppendLogResponseHandler: Failed appendEntries: org.apache.ratis.thirdparty.io.grpc.StatusRuntimeException: UNAVAILABLE: io exception
2022-09-29 01:23:33,395 [grpc-default-executor-1] WARN  server.GrpcLogAppender (GrpcLogAppender.java:resetClient(111)) - omNode-1@group-523986131536->omNode-2-GrpcLogAppender: Leader has not got in touch with Follower omNode-1@group-523986131536->omNode-2(c-1,m0,n59, attendVote=true, lastRpcSendTime=0, lastRpcResponseTime=2974) yet, just keep nextIndex unchanged and retry.
2022-09-29 01:23:33,645 [grpc-default-executor-1] WARN  server.GrpcLogAppender (LogUtils.java:warn(122)) - omNode-1@group-523986131536->omNode-2-AppendLogResponseHandler: Failed appendEntries: org.apache.ratis.thirdparty.io.grpc.StatusRuntimeException: UNAVAILABLE: io exception
2022-09-29 01:23:33,646 [grpc-default-executor-1] WARN  server.GrpcLogAppender (GrpcLogAppender.java:resetClient(111)) - omNode-1@group-523986131536->omNode-2-GrpcLogAppender: Leader has not got in touch with Follower omNode-1@group-523986131536->omNode-2(c-1,m0,n59, attendVote=true, lastRpcSendTime=0, lastRpcResponseTime=3224) yet, just keep nextIndex unchanged and retry.
2022-09-29 01:23:33,895 [grpc-default-executor-1] WARN  server.GrpcLogAppender (LogUtils.java:warn(122)) - omNode-1@group-523986131536->omNode-2-AppendLogResponseHandler: Failed appendEntries: org.apache.ratis.thirdparty.io.grpc.StatusRuntimeException: UNAVAILABLE: io exception
2022-09-29 01:23:33,896 [grpc-default-executor-1] WARN  server.GrpcLogAppender (GrpcLogAppender.java:resetClient(111)) - omNode-1@group-523986131536->omNode-2-GrpcLogAppender: Leader has not got in touch with Follower omNode-1@group-523986131536->omNode-2(c-1,m0,n59, attendVote=true, lastRpcSendTime=251, lastRpcResponseTime=3474) yet, just keep nextIndex unchanged and retry.
2022-09-29 01:23:34,147 [grpc-default-executor-1] WARN  server.GrpcLogAppender (LogUtils.java:warn(122)) - omNode-1@group-523986131536->omNode-2-AppendLogResponseHandler: Failed appendEntries: org.apache.ratis.thirdparty.io.grpc.StatusRuntimeException: UNAVAILABLE: io exception
2022-09-29 01:23:34,147 [grpc-default-executor-1] WARN  server.GrpcLogAppender (GrpcLogAppender.java:resetClient(111)) - omNode-1@group-523986131536->omNode-2-GrpcLogAppender: Leader has not got in touch with Follower omNode-1@group-523986131536->omNode-2(c-1,m0,n59, attendVote=true, lastRpcSendTime=0, lastRpcResponseTime=3726) yet, just keep nextIndex unchanged and retry.
2022-09-29 01:23:34,397 [grpc-default-executor-1] WARN  server.GrpcLogAppender (LogUtils.java:warn(122)) - omNode-1@group-523986131536->omNode-2-AppendLogResponseHandler: Failed appendEntries: org.apache.ratis.thirdparty.io.grpc.StatusRuntimeException: UNAVAILABLE: io exception
2022-09-29 01:23:34,398 [grpc-default-executor-1] WARN  server.GrpcLogAppender (GrpcLogAppender.java:resetClient(111)) - omNode-1@group-523986131536->omNode-2-GrpcLogAppender: Leader has not got in touch with Follower omNode-1@group-523986131536->omNode-2(c-1,m0,n59, attendVote=true, lastRpcSendTime=0, lastRpcResponseTime=3976) yet, just keep nextIndex unchanged and retry.
2022-09-29 01:23:34,647 [grpc-default-executor-1] WARN  server.GrpcLogAppender (LogUtils.java:warn(122)) - omNode-1@group-523986131536->omNode-2-AppendLogResponseHandler: Failed appendEntries: org.apache.ratis.thirdparty.io.grpc.StatusRuntimeException: UNAVAILABLE: io exception
2022-09-29 01:23:34,648 [grpc-default-executor-1] WARN  server.GrpcLogAppender (GrpcLogAppender.java:resetClient(111)) - omNode-1@group-523986131536->omNode-2-GrpcLogAppender: Leader has not got in touch with Follower omNode-1@group-523986131536->omNode-2(c-1,m0,n59, attendVote=true, lastRpcSendTime=0, lastRpcResponseTime=4227) yet, just keep nextIndex unchanged and retry.
2022-09-29 01:23:34,898 [grpc-default-executor-1] WARN  server.GrpcLogAppender (LogUtils.java:warn(122)) - omNode-1@group-523986131536->omNode-2-AppendLogResponseHandler: Failed appendEntries: org.apache.ratis.thirdparty.io.grpc.StatusRuntimeException: UNAVAILABLE: io exception
2022-09-29 01:23:34,898 [grpc-default-executor-1] WARN  server.GrpcLogAppender (GrpcLogAppender.java:resetClient(111)) - omNode-1@group-523986131536->omNode-2-GrpcLogAppender: Leader has not got in touch with Follower omNode-1@group-523986131536->omNode-2(c-1,m0,n59, attendVote=true, lastRpcSendTime=0, lastRpcResponseTime=4477) yet, just keep nextIndex unchanged and retry.
2022-09-29 01:23:35,148 [grpc-default-executor-1] WARN  server.GrpcLogAppender (LogUtils.java:warn(122)) - omNode-1@group-523986131536->omNode-2-AppendLogResponseHandler: Failed appendEntries: org.apache.ratis.thirdparty.io.grpc.StatusRuntimeException: UNAVAILABLE: io exception
2022-09-29 01:23:35,149 [grpc-default-executor-1] WARN  server.GrpcLogAppender (GrpcLogAppender.java:resetClient(111)) - omNode-1@group-523986131536->omNode-2-GrpcLogAppender: Leader has not got in touch with Follower omNode-1@group-523986131536->omNode-2(c-1,m0,n59, attendVote=true, lastRpcSendTime=0, lastRpcResponseTime=4727) yet, just keep nextIndex unchanged and retry.
2022-09-29 01:23:35,399 [grpc-default-executor-1] WARN  server.GrpcLogAppender (LogUtils.java:warn(122)) - omNode-1@group-523986131536->omNode-2-AppendLogResponseHandler: Failed appendEntries: org.apache.ratis.thirdparty.io.grpc.StatusRuntimeException: UNAVAILABLE: io exception
2022-09-29 01:23:35,400 [grpc-default-executor-1] WARN  server.GrpcLogAppender (GrpcLogAppender.java:resetClient(111)) - omNode-1@group-523986131536->omNode-2-GrpcLogAppender: Leader has not got in touch with Follower omNode-1@group-523986131536->omNode-2(c-1,m0,n59, attendVote=true, lastRpcSendTime=0, lastRpcResponseTime=4978) yet, just keep nextIndex unchanged and retry.
2022-09-29 01:23:35,649 [grpc-default-executor-1] WARN  server.GrpcLogAppender (LogUtils.java:warn(122)) - omNode-1@group-523986131536->omNode-2-AppendLogResponseHandler: Failed appendEntries: org.apache.ratis.thirdparty.io.grpc.StatusRuntimeException: UNAVAILABLE: io exception
2022-09-29 01:23:35,650 [grpc-default-executor-1] WARN  server.GrpcLogAppender (GrpcLogAppender.java:resetClient(111)) - omNode-1@group-523986131536->omNode-2-GrpcLogAppender: Leader has not got in touch with Follower omNode-1@group-523986131536->omNode-2(c-1,m0,n59, attendVote=true, lastRpcSendTime=0, lastRpcResponseTime=5229) yet, just keep nextIndex unchanged and retry.
2022-09-29 01:23:35,900 [grpc-default-executor-1] WARN  server.GrpcLogAppender (LogUtils.java:warn(122)) - omNode-1@group-523986131536->omNode-2-AppendLogResponseHandler: Failed appendEntries: org.apache.ratis.thirdparty.io.grpc.StatusRuntimeException: UNAVAILABLE: io exception
2022-09-29 01:23:35,901 [grpc-default-executor-1] WARN  server.GrpcLogAppender (GrpcLogAppender.java:resetClient(111)) - omNode-1@group-523986131536->omNode-2-GrpcLogAppender: Leader has not got in touch with Follower omNode-1@group-523986131536->omNode-2(c-1,m0,n59, attendVote=true, lastRpcSendTime=0, lastRpcResponseTime=5479) yet, just keep nextIndex unchanged and retry.
2022-09-29 01:23:36,150 [grpc-default-executor-1] WARN  server.GrpcLogAppender (LogUtils.java:warn(122)) - omNode-1@group-523986131536->omNode-2-AppendLogResponseHandler: Failed appendEntries: org.apache.ratis.thirdparty.io.grpc.StatusRuntimeException: UNAVAILABLE: io exception
2022-09-29 01:23:36,151 [grpc-default-executor-1] WARN  server.GrpcLogAppender (GrpcLogAppender.java:resetClient(111)) - omNode-1@group-523986131536->omNode-2-GrpcLogAppender: Leader has not got in touch with Follower omNode-1@group-523986131536->omNode-2(c-1,m0,n59, attendVote=true, lastRpcSendTime=0, lastRpcResponseTime=5730) yet, just keep nextIndex unchanged and retry.
2022-09-29 01:23:36,401 [grpc-default-executor-1] WARN  server.GrpcLogAppender (LogUtils.java:warn(122)) - omNode-1@group-523986131536->omNode-2-AppendLogResponseHandler: Failed appendEntries: org.apache.ratis.thirdparty.io.grpc.StatusRuntimeException: UNAVAILABLE: io exception
2022-09-29 01:23:36,401 [grpc-default-executor-1] WARN  server.GrpcLogAppender (GrpcLogAppender.java:resetClient(111)) - omNode-1@group-523986131536->omNode-2-GrpcLogAppender: Leader has not got in touch with Follower omNode-1@group-523986131536->omNode-2(c-1,m0,n59, attendVote=true, lastRpcSendTime=0, lastRpcResponseTime=5980) yet, just keep nextIndex unchanged and retry.
2022-09-29 01:23:36,651 [grpc-default-executor-1] WARN  server.GrpcLogAppender (LogUtils.java:warn(122)) - omNode-1@group-523986131536->omNode-2-AppendLogResponseHandler: Failed appendEntries: org.apache.ratis.thirdparty.io.grpc.StatusRuntimeException: UNAVAILABLE: io exception
2022-09-29 01:23:36,652 [grpc-default-executor-1] WARN  server.GrpcLogAppender (GrpcLogAppender.java:resetClient(111)) - omNode-1@group-523986131536->omNode-2-GrpcLogAppender: Leader has not got in touch with Follower omNode-1@group-523986131536->omNode-2(c-1,m0,n59, attendVote=true, lastRpcSendTime=0, lastRpcResponseTime=6230) yet, just keep nextIndex unchanged and retry.
2022-09-29 01:23:36,902 [grpc-default-executor-1] WARN  server.GrpcLogAppender (LogUtils.java:warn(122)) - omNode-1@group-523986131536->omNode-2-AppendLogResponseHandler: Failed appendEntries: org.apache.ratis.thirdparty.io.grpc.StatusRuntimeException: UNAVAILABLE: io exception
2022-09-29 01:23:36,903 [grpc-default-executor-1] WARN  server.GrpcLogAppender (GrpcLogAppender.java:resetClient(111)) - omNode-1@group-523986131536->omNode-2-GrpcLogAppender: Leader has not got in touch with Follower omNode-1@group-523986131536->omNode-2(c-1,m0,n59, attendVote=true, lastRpcSendTime=1, lastRpcResponseTime=6481) yet, just keep nextIndex unchanged and retry.
2022-09-29 01:23:37,152 [grpc-default-executor-1] WARN  server.GrpcLogAppender (LogUtils.java:warn(122)) - omNode-1@group-523986131536->omNode-2-AppendLogResponseHandler: Failed appendEntries: org.apache.ratis.thirdparty.io.grpc.StatusRuntimeException: UNAVAILABLE: io exception
2022-09-29 01:23:37,153 [grpc-default-executor-1] WARN  server.GrpcLogAppender (GrpcLogAppender.java:resetClient(111)) - omNode-1@group-523986131536->omNode-2-GrpcLogAppender: Leader has not got in touch with Follower omNode-1@group-523986131536->omNode-2(c-1,m0,n59, attendVote=true, lastRpcSendTime=0, lastRpcResponseTime=6731) yet, just keep nextIndex unchanged and retry.
2022-09-29 01:23:37,402 [grpc-default-executor-1] WARN  server.GrpcLogAppender (LogUtils.java:warn(122)) - omNode-1@group-523986131536->omNode-2-AppendLogResponseHandler: Failed appendEntries: org.apache.ratis.thirdparty.io.grpc.StatusRuntimeException: UNAVAILABLE: io exception
2022-09-29 01:23:37,403 [grpc-default-executor-1] WARN  server.GrpcLogAppender (GrpcLogAppender.java:resetClient(111)) - omNode-1@group-523986131536->omNode-2-GrpcLogAppender: Leader has not got in touch with Follower omNode-1@group-523986131536->omNode-2(c-1,m0,n59, attendVote=true, lastRpcSendTime=0, lastRpcResponseTime=6981) yet, just keep nextIndex unchanged and retry.
2022-09-29 01:23:37,652 [grpc-default-executor-1] WARN  server.GrpcLogAppender (LogUtils.java:warn(122)) - omNode-1@group-523986131536->omNode-2-AppendLogResponseHandler: Failed appendEntries: org.apache.ratis.thirdparty.io.grpc.StatusRuntimeException: UNAVAILABLE: io exception
2022-09-29 01:23:37,653 [grpc-default-executor-1] WARN  server.GrpcLogAppender (GrpcLogAppender.java:resetClient(111)) - omNode-1@group-523986131536->omNode-2-GrpcLogAppender: Leader has not got in touch with Follower omNode-1@group-523986131536->omNode-2(c-1,m0,n59, attendVote=true, lastRpcSendTime=0, lastRpcResponseTime=7232) yet, just keep nextIndex unchanged and retry.
2022-09-29 01:23:37,903 [grpc-default-executor-1] WARN  server.GrpcLogAppender (LogUtils.java:warn(122)) - omNode-1@group-523986131536->omNode-2-AppendLogResponseHandler: Failed appendEntries: org.apache.ratis.thirdparty.io.grpc.StatusRuntimeException: UNAVAILABLE: io exception
2022-09-29 01:23:37,903 [grpc-default-executor-1] WARN  server.GrpcLogAppender (GrpcLogAppender.java:resetClient(111)) - omNode-1@group-523986131536->omNode-2-GrpcLogAppender: Leader has not got in touch with Follower omNode-1@group-523986131536->omNode-2(c-1,m0,n59, attendVote=true, lastRpcSendTime=0, lastRpcResponseTime=7482) yet, just keep nextIndex unchanged and retry.
2022-09-29 01:23:38,075 [Listener at localhost/41255] INFO  retry.RetryInvocationHandler (RetryInvocationHandler.java:log(411)) - com.google.protobuf.ServiceException: java.io.EOFException: End of File Exception between local host is: "fv-az182-579/10.1.1.32"; destination host is: "localhost":41255; : java.io.EOFException; For more details see:  http://wiki.apache.org/hadoop/EOFException, while invoking $Proxy55.submitRequest over nodeId=omNode-2,nodeAddress=127.0.0.1:41255. Trying to failover immediately.
2022-09-29 01:23:38,085 [Listener at localhost/41255] INFO  retry.RetryInvocationHandler (RetryInvocationHandler.java:log(411)) - com.google.protobuf.ServiceException: org.apache.hadoop.ipc.RemoteException(org.apache.hadoop.ozone.om.exceptions.OMNotLeaderException): OM:omNode-3 is not the leader. Could not determine the leader node.
	at org.apache.hadoop.ozone.protocolPB.OzoneManagerProtocolServerSideTranslatorPB.createNotLeaderException(OzoneManagerProtocolServerSideTranslatorPB.java:248)
	at org.apache.hadoop.ozone.protocolPB.OzoneManagerProtocolServerSideTranslatorPB.createLeaderErrorException(OzoneManagerProtocolServerSideTranslatorPB.java:235)
	at org.apache.hadoop.ozone.protocolPB.OzoneManagerProtocolServerSideTranslatorPB.submitReadRequestToOM(OzoneManagerProtocolServerSideTranslatorPB.java:228)
	at org.apache.hadoop.ozone.protocolPB.OzoneManagerProtocolServerSideTranslatorPB.processRequest(OzoneManagerProtocolServerSideTranslatorPB.java:175)
	at org.apache.hadoop.hdds.server.OzoneProtocolMessageDispatcher.processRequest(OzoneProtocolMessageDispatcher.java:87)
	at org.apache.hadoop.ozone.protocolPB.OzoneManagerProtocolServerSideTranslatorPB.submitRequest(OzoneManagerProtocolServerSideTranslatorPB.java:147)
	at org.apache.hadoop.ozone.protocol.proto.OzoneManagerProtocolProtos$OzoneManagerService$2.callBlockingMethod(OzoneManagerProtocolProtos.java)
	at org.apache.hadoop.ipc.ProtobufRpcEngine$Server.processCall(ProtobufRpcEngine.java:466)
	at org.apache.hadoop.ipc.ProtobufRpcEngine2$Server$ProtoBufRpcInvoker.call(ProtobufRpcEngine2.java:574)
	at org.apache.hadoop.ipc.ProtobufRpcEngine2$Server$ProtoBufRpcInvoker.call(ProtobufRpcEngine2.java:552)
	at org.apache.hadoop.ipc.RPC$Server.call(RPC.java:1093)
	at org.apache.hadoop.ipc.Server$RpcCall.run(Server.java:1035)
	at org.apache.hadoop.ipc.Server$RpcCall.run(Server.java:963)
	at java.security.AccessController.doPrivileged(Native Method)
	at javax.security.auth.Subject.doAs(Subject.java:422)
	at org.apache.hadoop.security.UserGroupInformation.doAs(UserGroupInformation.java:1878)
	at org.apache.hadoop.ipc.Server$Handler.run(Server.java:2966)
, while invoking $Proxy55.submitRequest over nodeId=omNode-3,nodeAddress=127.0.0.1:46485 after 1 failover attempts. Trying to failover after sleeping for 2000ms.
2022-09-29 01:23:38,153 [grpc-default-executor-1] WARN  server.GrpcLogAppender (LogUtils.java:warn(122)) - omNode-1@group-523986131536->omNode-2-AppendLogResponseHandler: Failed appendEntries: org.apache.ratis.thirdparty.io.grpc.StatusRuntimeException: UNAVAILABLE: io exception
2022-09-29 01:23:38,154 [grpc-default-executor-1] WARN  server.GrpcLogAppender (GrpcLogAppender.java:resetClient(111)) - omNode-1@group-523986131536->omNode-2-GrpcLogAppender: Leader has not got in touch with Follower omNode-1@group-523986131536->omNode-2(c-1,m0,n59, attendVote=true, lastRpcSendTime=250, lastRpcResponseTime=7732) yet, just keep nextIndex unchanged and retry.
2022-09-29 01:23:38,404 [grpc-default-executor-2] WARN  server.GrpcLogAppender (LogUtils.java:warn(122)) - omNode-1@group-523986131536->omNode-2-AppendLogResponseHandler: Failed appendEntries: org.apache.ratis.thirdparty.io.grpc.StatusRuntimeException: UNAVAILABLE: io exception
2022-09-29 01:23:38,407 [grpc-default-executor-2] WARN  server.GrpcLogAppender (GrpcLogAppender.java:resetClient(111)) - omNode-1@group-523986131536->omNode-2-GrpcLogAppender: Leader has not got in touch with Follower omNode-1@group-523986131536->omNode-2(c-1,m0,n59, attendVote=true, lastRpcSendTime=3, lastRpcResponseTime=7986) yet, just keep nextIndex unchanged and retry.
2022-09-29 01:23:38,655 [grpc-default-executor-2] WARN  server.GrpcLogAppender (LogUtils.java:warn(122)) - omNode-1@group-523986131536->omNode-2-AppendLogResponseHandler: Failed appendEntries: org.apache.ratis.thirdparty.io.grpc.StatusRuntimeException: UNAVAILABLE: io exception
2022-09-29 01:23:38,655 [grpc-default-executor-2] WARN  server.GrpcLogAppender (GrpcLogAppender.java:resetClient(111)) - omNode-1@group-523986131536->omNode-2-GrpcLogAppender: Leader has not got in touch with Follower omNode-1@group-523986131536->omNode-2(c-1,m0,n59, attendVote=true, lastRpcSendTime=251, lastRpcResponseTime=8234) yet, just keep nextIndex unchanged and retry.
2022-09-29 01:23:38,906 [grpc-default-executor-2] WARN  server.GrpcLogAppender (LogUtils.java:warn(122)) - omNode-1@group-523986131536->omNode-2-AppendLogResponseHandler: Failed appendEntries: org.apache.ratis.thirdparty.io.grpc.StatusRuntimeException: UNAVAILABLE: io exception
2022-09-29 01:23:38,906 [grpc-default-executor-2] WARN  server.GrpcLogAppender (GrpcLogAppender.java:resetClient(111)) - omNode-1@group-523986131536->omNode-2-GrpcLogAppender: Leader has not got in touch with Follower omNode-1@group-523986131536->omNode-2(c-1,m0,n59, attendVote=true, lastRpcSendTime=0, lastRpcResponseTime=8485) yet, just keep nextIndex unchanged and retry.
2022-09-29 01:23:39,156 [grpc-default-executor-2] WARN  server.GrpcLogAppender (LogUtils.java:warn(122)) - omNode-1@group-523986131536->omNode-2-AppendLogResponseHandler: Failed appendEntries: org.apache.ratis.thirdparty.io.grpc.StatusRuntimeException: UNAVAILABLE: io exception
2022-09-29 01:23:39,157 [grpc-default-executor-2] WARN  server.GrpcLogAppender (GrpcLogAppender.java:resetClient(111)) - omNode-1@group-523986131536->omNode-2-GrpcLogAppender: Leader has not got in touch with Follower omNode-1@group-523986131536->omNode-2(c-1,m0,n59, attendVote=true, lastRpcSendTime=0, lastRpcResponseTime=8735) yet, just keep nextIndex unchanged and retry.
2022-09-29 01:23:39,406 [grpc-default-executor-2] WARN  server.GrpcLogAppender (LogUtils.java:warn(122)) - omNode-1@group-523986131536->omNode-2-AppendLogResponseHandler: Failed appendEntries: org.apache.ratis.thirdparty.io.grpc.StatusRuntimeException: UNAVAILABLE: io exception
2022-09-29 01:23:39,407 [grpc-default-executor-2] WARN  server.GrpcLogAppender (GrpcLogAppender.java:resetClient(111)) - omNode-1@group-523986131536->omNode-2-GrpcLogAppender: Leader has not got in touch with Follower omNode-1@group-523986131536->omNode-2(c-1,m0,n59, attendVote=true, lastRpcSendTime=0, lastRpcResponseTime=8986) yet, just keep nextIndex unchanged and retry.
2022-09-29 01:23:39,657 [grpc-default-executor-2] WARN  server.GrpcLogAppender (LogUtils.java:warn(122)) - omNode-1@group-523986131536->omNode-2-AppendLogResponseHandler: Failed appendEntries: org.apache.ratis.thirdparty.io.grpc.StatusRuntimeException: UNAVAILABLE: io exception
2022-09-29 01:23:39,658 [grpc-default-executor-2] WARN  server.GrpcLogAppender (GrpcLogAppender.java:resetClient(111)) - omNode-1@group-523986131536->omNode-2-GrpcLogAppender: Leader has not got in touch with Follower omNode-1@group-523986131536->omNode-2(c-1,m0,n59, attendVote=true, lastRpcSendTime=0, lastRpcResponseTime=9236) yet, just keep nextIndex unchanged and retry.
2022-09-29 01:23:39,907 [grpc-default-executor-2] WARN  server.GrpcLogAppender (LogUtils.java:warn(122)) - omNode-1@group-523986131536->omNode-2-AppendLogResponseHandler: Failed appendEntries: org.apache.ratis.thirdparty.io.grpc.StatusRuntimeException: UNAVAILABLE: io exception
2022-09-29 01:23:39,908 [grpc-default-executor-2] WARN  server.GrpcLogAppender (GrpcLogAppender.java:resetClient(111)) - omNode-1@group-523986131536->omNode-2-GrpcLogAppender: Leader has not got in touch with Follower omNode-1@group-523986131536->omNode-2(c-1,m0,n59, attendVote=true, lastRpcSendTime=0, lastRpcResponseTime=9486) yet, just keep nextIndex unchanged and retry.
2022-09-29 01:23:40,097 [Listener at localhost/41255] INFO  om.OzoneManager (OzoneManager.java:stop(2035)) - omNode-3[localhost:46485]: Stopping Ozone Manager
2022-09-29 01:23:40,097 [Listener at localhost/41255] INFO  ipc.Server (Server.java:stop(3414)) - Stopping server on 46485
2022-09-29 01:23:40,099 [IPC Server Responder] INFO  ipc.Server (Server.java:run(1512)) - Stopping IPC Server Responder
2022-09-29 01:23:40,100 [IPC Server listener on 46485] INFO  ipc.Server (Server.java:run(1376)) - Stopping IPC Server listener on 46485
2022-09-29 01:23:40,104 [Listener at localhost/41255] INFO  server.RaftServer (RaftServerProxy.java:lambda$close$7(398)) - omNode-3: close
2022-09-29 01:23:40,105 [Listener at localhost/41255] INFO  server.RaftServer$Division (RaftServerImpl.java:lambda$close$4(434)) - omNode-3@group-523986131536: shutdown
2022-09-29 01:23:40,105 [Listener at localhost/41255] INFO  util.JmxRegister (JmxRegister.java:unregister(73)) - Successfully un-registered JMX Bean with object name Ratis:service=RaftServer,group=group-523986131536,id=omNode-3
2022-09-29 01:23:40,105 [Listener at localhost/41255] INFO  impl.RoleInfo (RoleInfo.java:shutdownFollowerState(110)) - omNode-3: shutdown omNode-3@group-523986131536-FollowerState
2022-09-29 01:23:40,105 [Listener at localhost/41255] INFO  impl.StateMachineUpdater (StateMachineUpdater.java:stopAndJoin(153)) - omNode-3@group-523986131536-StateMachineUpdater: set stopIndex = 58
2022-09-29 01:23:40,105 [omNode-3@group-523986131536-StateMachineUpdater] INFO  ratis.OzoneManagerStateMachine (OzoneManagerStateMachine.java:takeSnapshot(441)) - Current Snapshot Index (t:5, i:58)
2022-09-29 01:23:40,105 [omNode-3@group-523986131536-StateMachineUpdater] INFO  impl.StateMachineUpdater (StateMachineUpdater.java:takeSnapshot(287)) - omNode-3@group-523986131536-StateMachineUpdater: Took a snapshot at index 58
2022-09-29 01:23:40,106 [omNode-3@group-523986131536-StateMachineUpdater] INFO  impl.StateMachineUpdater (StateMachineUpdater.java:lambda$new$0(92)) - omNode-3@group-523986131536-StateMachineUpdater: snapshotIndex: updateIncreasingly 29 -> 58
2022-09-29 01:23:40,106 [omNode-3@group-523986131536-StateMachineUpdater] INFO  raftlog.RaftLog (RaftLogBase.java:purge(308)) - omNode-3@group-523986131536-SegmentedRaftLog: purge 58
2022-09-29 01:23:40,106 [omNode-3@group-523986131536-StateMachineUpdater] INFO  raftlog.RaftLog (RaftLogBase.java:lambda$new$0(53)) - omNode-3@group-523986131536-SegmentedRaftLog: snapshotIndex: updateIncreasingly 29 -> 58
2022-09-29 01:23:40,106 [omNode-3@group-523986131536-StateMachineUpdater] INFO  ratis.OzoneManagerStateMachine (OzoneManagerStateMachine.java:close(495)) - StateMachine has shutdown. Shutdown OzoneManager if not already shutdown.
2022-09-29 01:23:40,106 [omNode-3@group-523986131536-StateMachineUpdater] INFO  ratis.OzoneManagerDoubleBuffer (OzoneManagerDoubleBuffer.java:stop(466)) - Stopping OMDoubleBuffer flush thread
2022-09-29 01:23:40,106 [OMDoubleBufferFlushThread] INFO  ratis.OzoneManagerDoubleBuffer (OzoneManagerDoubleBuffer.java:flushTransactions(385)) - OMDoubleBuffer flush thread OMDoubleBufferFlushThread is interrupted and will exit.
2022-09-29 01:23:40,105 [omNode-3@group-523986131536-FollowerState] INFO  impl.FollowerState (FollowerState.java:run(152)) - omNode-3@group-523986131536-FollowerState was interrupted
2022-09-29 01:23:40,109 [Listener at localhost/41255] INFO  server.RaftServer$Division (ServerState.java:close(429)) - omNode-3@group-523986131536: closes. applyIndex: 58
2022-09-29 01:23:40,109 [omNode-3@group-523986131536-SegmentedRaftLogWorker] INFO  raftlog.RaftLog (RaftLogBase.java:lambda$new$0(53)) - omNode-3@group-523986131536-SegmentedRaftLog: purgeIndex: updateToMax old=-1, new=56, updated? true
2022-09-29 01:23:40,112 [Listener at localhost/41255] INFO  segmented.SegmentedRaftLogWorker (SegmentedRaftLogWorker.java:close(246)) - omNode-3@group-523986131536-SegmentedRaftLogWorker close()
2022-09-29 01:23:40,117 [Listener at localhost/41255] INFO  server.GrpcService (GrpcService.java:closeImpl(269)) - omNode-3: shutdown server with port 45481 now
2022-09-29 01:23:40,124 [grpc-default-executor-1] WARN  server.GrpcServerProtocolService (LogUtils.java:warn(122)) - omNode-3: installSnapshot onError, lastRequest: omNode-1->omNode-3#2-t5,previous=(t:5, i:57),leaderCommit=57,initializing? true,entries: size=1, first=(t:5, i:58), METADATAENTRY(c:57): org.apache.ratis.thirdparty.io.grpc.StatusRuntimeException: CANCELLED: client cancelled
2022-09-29 01:23:40,124 [Listener at localhost/41255] INFO  server.GrpcService (GrpcService.java:closeImpl(278)) - omNode-3: shutdown server with port 45481 successfully
2022-09-29 01:23:40,127 [grpc-default-executor-2] WARN  server.GrpcLogAppender (LogUtils.java:warn(122)) - omNode-1@group-523986131536->omNode-3-AppendLogResponseHandler: Failed appendEntries: org.apache.ratis.thirdparty.io.grpc.StatusRuntimeException: CANCELLED: RST_STREAM closed stream. HTTP/2 error code: CANCEL
2022-09-29 01:23:40,127 [grpc-default-executor-2] INFO  leader.FollowerInfo (FollowerInfoImpl.java:lambda$new$0(48)) - omNode-1@group-523986131536->omNode-3: nextIndex: updateUnconditionally 59 -> 58
2022-09-29 01:23:40,128 [org.apache.ratis.util.JvmPauseMonitor$$Lambda$699/1983328127@5ec52444] INFO  util.JvmPauseMonitor (JvmPauseMonitor.java:run(109)) - JvmPauseMonitor-omNode-3: Stopped
2022-09-29 01:23:40,128 [Listener at localhost/41255] INFO  ratis.OzoneManagerStateMachine (OzoneManagerStateMachine.java:close(495)) - StateMachine has shutdown. Shutdown OzoneManager if not already shutdown.
2022-09-29 01:23:40,128 [Listener at localhost/41255] INFO  ratis.OzoneManagerDoubleBuffer (OzoneManagerDoubleBuffer.java:stop(478)) - OMDoubleBuffer flush thread is not running.
2022-09-29 01:23:40,129 [Listener at localhost/41255] INFO  handler.ContextHandler (ContextHandler.java:doStop(1153)) - Stopped o.e.j.w.WebAppContext@3e406969{ozoneManager,/,null,STOPPED}{file:/home/runner/work/ozone/ozone/hadoop-ozone/integration-test/target/test-classes/webapps/ozoneManager}
2022-09-29 01:23:40,129 [Listener at localhost/41255] INFO  server.AbstractConnector (AbstractConnector.java:doStop(381)) - Stopped ServerConnector@5cd16678{HTTP/1.1, (http/1.1)}{0.0.0.0:41793}
2022-09-29 01:23:40,129 [Listener at localhost/41255] INFO  server.session (HouseKeeper.java:stopScavenging(149)) - node0 Stopped scavenging
2022-09-29 01:23:40,129 [Listener at localhost/41255] INFO  handler.ContextHandler (ContextHandler.java:doStop(1153)) - Stopped o.e.j.s.ServletContextHandler@14ce43fe{static,/static,file:///home/runner/work/ozone/ozone/hadoop-ozone/integration-test/target/test-classes/webapps/static,STOPPED}
2022-09-29 01:23:40,130 [Listener at localhost/41255] INFO  handler.ContextHandler (ContextHandler.java:doStop(1153)) - Stopped o.e.j.s.ServletContextHandler@45959d{logs,/logs,file:///home/runner/work/ozone/ozone/hadoop-ozone/integration-test/target/log,STOPPED}
2022-09-29 01:23:40,134 [Listener at localhost/41255] INFO  om.OzoneManager (OzoneManager.java:restart(1572)) - OzoneManager RPC server is listening at localhost/127.0.0.1:46485
2022-09-29 01:23:40,134 [Listener at localhost/41255] INFO  impl.MetricsSystemImpl (MetricsSystemImpl.java:init(158)) - OzoneManager metrics system started (again)
2022-09-29 01:23:40,140 [grpc-default-executor-1] WARN  server.GrpcLogAppender (LogUtils.java:warn(122)) - omNode-1@group-523986131536->omNode-3-AppendLogResponseHandler: Failed appendEntries: org.apache.ratis.thirdparty.io.grpc.StatusRuntimeException: UNAVAILABLE: io exception
2022-09-29 01:23:40,140 [grpc-default-executor-1] INFO  leader.FollowerInfo (FollowerInfoImpl.java:lambda$new$0(48)) - omNode-1@group-523986131536->omNode-3: nextIndex: updateUnconditionally 59 -> 58
2022-09-29 01:23:40,155 [Listener at localhost/41255] WARN  server.ServerUtils (ServerUtils.java:getDBPath(225)) - ozone.om.db.dirs is not configured. We recommend adding this setting. Falling back to ozone.metadata.dirs instead.
2022-09-29 01:23:40,156 [Listener at localhost/41255] INFO  codec.OmKeyInfoCodec (OmKeyInfoCodec.java:<init>(49)) - OmKeyInfoCodec ignorePipeline = true
2022-09-29 01:23:40,156 [Listener at localhost/41255] INFO  codec.RepeatedOmKeyInfoCodec (RepeatedOmKeyInfoCodec.java:<init>(41)) - RepeatedOmKeyInfoCodec ignorePipeline = true
2022-09-29 01:23:40,159 [grpc-default-executor-1] WARN  server.GrpcLogAppender (LogUtils.java:warn(122)) - omNode-1@group-523986131536->omNode-2-AppendLogResponseHandler: Failed appendEntries: org.apache.ratis.thirdparty.io.grpc.StatusRuntimeException: UNAVAILABLE: io exception
2022-09-29 01:23:40,159 [grpc-default-executor-1] WARN  server.GrpcLogAppender (GrpcLogAppender.java:resetClient(111)) - omNode-1@group-523986131536->omNode-2-GrpcLogAppender: Leader has not got in touch with Follower omNode-1@group-523986131536->omNode-2(c-1,m0,n59, attendVote=true, lastRpcSendTime=1, lastRpcResponseTime=9738) yet, just keep nextIndex unchanged and retry.
2022-09-29 01:23:40,204 [Listener at localhost/41255] INFO  om.OzoneManager (OzoneManager.java:instantiateServices(709)) - S3 Multi-Tenancy is disabled
2022-09-29 01:23:40,205 [Listener at localhost/41255] WARN  impl.MetricRegistriesImpl (MetricRegistriesImpl.java:addReporterRegistration(111)) - New reporters are added after registries were created. Some metrics will be missing from the reporter. Please add reporter before adding any new registry.
2022-09-29 01:23:40,205 [Listener at localhost/41255] WARN  impl.MetricRegistriesImpl (MetricRegistriesImpl.java:addReporterRegistration(111)) - New reporters are added after registries were created. Some metrics will be missing from the reporter. Please add reporter before adding any new registry.
2022-09-29 01:23:40,205 [Listener at localhost/41255] WARN  server.ServerUtils (ServerUtils.java:getDefaultRatisDirectory(237)) - Storage directory for Ratis is not configured. It is a good idea to map this to an SSD disk. Falling back to ozone.metadata.dirs
2022-09-29 01:23:40,206 [Listener at localhost/41255] INFO  ratis.OzoneManagerRatisServer (OzoneManagerRatisServer.java:<init>(160)) - Instantiating OM Ratis server with groupID: om-service-test1 and peers: localhost:45481, localhost:40693, localhost:42303
2022-09-29 01:23:40,207 [Listener at localhost/41255] INFO  ratis.OzoneManagerStateMachine (OzoneManagerStateMachine.java:loadSnapshotInfoFromDB(632)) - LastAppliedIndex is set from TransactionInfo from OM DB as (t:5, i:58)
2022-09-29 01:23:40,208 [Listener at localhost/41255] INFO  server.RaftServer (ConfUtils.java:logGet(46)) - raft.rpc.type = GRPC (default)
2022-09-29 01:23:40,208 [Listener at localhost/41255] INFO  grpc.GrpcFactory (GrpcFactory.java:checkPooledByteBufAllocatorUseCacheForAllThreads(48)) - PERFORMANCE WARNING: useCacheForAllThreads is true that may cause Netty to create a lot garbage objects and, as a result, trigger GC.
	It is recommended to disable useCacheForAllThreads by setting -Dorg.apache.ratis.thirdparty.io.netty.allocator.useCacheForAllThreads=false in command line.
2022-09-29 01:23:40,208 [Listener at localhost/41255] INFO  grpc.GrpcConfigKeys (ConfUtils.java:logGet(46)) - raft.grpc.admin.port = -1 (default)
2022-09-29 01:23:40,208 [Listener at localhost/41255] INFO  grpc.GrpcConfigKeys (ConfUtils.java:logGet(46)) - raft.grpc.server.port = 45481 (custom)
2022-09-29 01:23:40,208 [Listener at localhost/41255] INFO  grpc.GrpcConfigKeys (ConfUtils.java:logGet(46)) - raft.grpc.client.port = -1 (default)
2022-09-29 01:23:40,209 [Listener at localhost/41255] INFO  grpc.GrpcConfigKeys (ConfUtils.java:logGet(46)) - raft.grpc.server.port = 45481 (custom)
2022-09-29 01:23:40,209 [Listener at localhost/41255] INFO  grpc.GrpcConfigKeys (ConfUtils.java:logGet(46)) - raft.grpc.server.port = 45481 (custom)
2022-09-29 01:23:40,209 [Listener at localhost/41255] INFO  server.GrpcService (ConfUtils.java:logGet(46)) - raft.grpc.message.size.max = 33554432 (custom)
2022-09-29 01:23:40,209 [Listener at localhost/41255] INFO  server.RaftServerConfigKeys (ConfUtils.java:logGet(46)) - raft.server.log.appender.buffer.byte-limit = 33554432 (custom)
2022-09-29 01:23:40,209 [Listener at localhost/41255] INFO  server.GrpcService (ConfUtils.java:logGet(46)) - raft.grpc.flow.control.window = 1MB (=1048576) (default)
2022-09-29 01:23:40,209 [Listener at localhost/41255] INFO  server.RaftServerConfigKeys (ConfUtils.java:logGet(46)) - raft.server.rpc.request.timeout = 3000ms (default)
2022-09-29 01:23:40,209 [Listener at localhost/41255] INFO  grpc.GrpcConfigKeys (ConfUtils.java:logGet(46)) - raft.grpc.server.async.request.thread.pool.cached = true (default)
2022-09-29 01:23:40,209 [Listener at localhost/41255] INFO  grpc.GrpcConfigKeys (ConfUtils.java:logGet(46)) - raft.grpc.server.async.request.thread.pool.size = 32 (default)
2022-09-29 01:23:40,211 [Listener at localhost/41255] INFO  impl.DataStreamServerImpl (ConfUtils.java:logGet(46)) - raft.datastream.type = DISABLED (default)
2022-09-29 01:23:40,211 [Listener at localhost/41255] INFO  server.RaftServerConfigKeys (ConfUtils.java:logGet(46)) - raft.server.threadpool.proxy.cached = true (default)
2022-09-29 01:23:40,211 [Listener at localhost/41255] INFO  server.RaftServerConfigKeys (ConfUtils.java:logGet(46)) - raft.server.threadpool.proxy.size = 0 (default)
2022-09-29 01:23:40,211 [Listener at localhost/41255] INFO  server.RaftServerConfigKeys (ConfUtils.java:logGet(46)) - raft.server.rpc.slowness.timeout = 2s (custom)
2022-09-29 01:23:40,211 [Listener at localhost/41255] INFO  server.RaftServerConfigKeys (ConfUtils.java:logGet(46)) - raft.server.leaderelection.leader.step-down.wait-time = 10s (default)
2022-09-29 01:23:40,211 [Listener at localhost/41255] INFO  server.RaftServerConfigKeys (ConfUtils.java:logGet(46)) - raft.server.storage.dir = [/home/runner/work/ozone/ozone/hadoop-ozone/integration-test/target/test-dir/MiniOzoneClusterImpl-a442e60d-e435-415e-98a9-f45e33772b0d/omNode-3/ratis] (custom)
2022-09-29 01:23:40,220 [omNode-3-impl-thread1] INFO  server.RaftServer (RaftServerProxy.java:initGroupDir(247)) - omNode-3: found a subdirectory /home/runner/work/ozone/ozone/hadoop-ozone/integration-test/target/test-dir/MiniOzoneClusterImpl-a442e60d-e435-415e-98a9-f45e33772b0d/omNode-3/ratis/c9bc4cf4-3bc3-3c60-a66b-523986131536
2022-09-29 01:23:40,220 [Listener at localhost/41255] INFO  server.RaftServer (RaftServerProxy.java:addNew(96)) - omNode-3: addNew group-523986131536:[omNode-3|rpc:localhost:45481|priority:0, omNode-1|rpc:localhost:40693|priority:0, omNode-2|rpc:localhost:42303|priority:0] returns group-523986131536:java.util.concurrent.CompletableFuture@1b442652[Not completed]
2022-09-29 01:23:40,220 [Listener at localhost/41255] INFO  om.OzoneManager (OzoneManager.java:initializeRatisServer(1976)) - OzoneManager Ratis server initialized at port 45481
2022-09-29 01:23:40,221 [Listener at localhost/41255] INFO  ratis.OzoneManagerRatisServer (OzoneManagerRatisServer.java:start(555)) - Starting OzoneManagerRatisServer omNode-3 at port 45481
2022-09-29 01:23:40,221 [pool-319-thread-1] INFO  server.RaftServer$Division (RaftServerImpl.java:<init>(190)) - omNode-3: new RaftServerImpl for group-523986131536:[omNode-3|rpc:localhost:45481|priority:0, omNode-1|rpc:localhost:40693|priority:0, omNode-2|rpc:localhost:42303|priority:0] with OzoneManagerStateMachine:uninitialized
2022-09-29 01:23:40,221 [pool-319-thread-1] INFO  server.RaftServerConfigKeys (ConfUtils.java:logGet(46)) - raft.server.rpc.timeout.min = 1s (custom)
2022-09-29 01:23:40,221 [pool-319-thread-1] INFO  server.RaftServerConfigKeys (ConfUtils.java:logGet(46)) - raft.server.rpc.timeout.max = 1200ms (custom)
2022-09-29 01:23:40,221 [pool-319-thread-1] INFO  server.RaftServerConfigKeys (ConfUtils.java:logGet(46)) - raft.server.rpc.sleep.time = 25ms (default)
2022-09-29 01:23:40,221 [pool-319-thread-1] INFO  server.RaftServerConfigKeys (ConfUtils.java:logGet(46)) - raft.server.rpc.slowness.timeout = 2s (custom)
2022-09-29 01:23:40,221 [pool-319-thread-1] INFO  server.RaftServerConfigKeys (ConfUtils.java:logGet(46)) - raft.server.leaderelection.leader.step-down.wait-time = 10s (default)
2022-09-29 01:23:40,221 [pool-319-thread-1] INFO  server.RaftServerConfigKeys (ConfUtils.java:logGet(46)) - raft.server.sleep.deviation.threshold = 300ms (default)
2022-09-29 01:23:40,221 [pool-319-thread-1] INFO  server.RaftServer$Division (ServerState.java:<init>(107)) - omNode-3@group-523986131536: ConfigurationManager, init=-1: [omNode-3|rpc:localhost:45481|priority:0, omNode-1|rpc:localhost:40693|priority:0, omNode-2|rpc:localhost:42303|priority:0], old=null, confs=<EMPTY_MAP>
2022-09-29 01:23:40,221 [pool-319-thread-1] INFO  server.RaftServerConfigKeys (ConfUtils.java:logGet(46)) - raft.server.storage.dir = [/home/runner/work/ozone/ozone/hadoop-ozone/integration-test/target/test-dir/MiniOzoneClusterImpl-a442e60d-e435-415e-98a9-f45e33772b0d/omNode-3/ratis] (custom)
2022-09-29 01:23:40,221 [pool-319-thread-1] INFO  server.RaftServerConfigKeys (ConfUtils.java:logGet(46)) - raft.server.log.corruption.policy = EXCEPTION (default)
2022-09-29 01:23:40,221 [pool-319-thread-1] INFO  server.RaftServerConfigKeys (ConfUtils.java:logGet(46)) - raft.server.storage.free-space.min = 0MB (=0) (default)
2022-09-29 01:23:40,223 [grpc-default-executor-1] WARN  server.GrpcLogAppender (LogUtils.java:warn(122)) - omNode-1@group-523986131536->omNode-3-AppendLogResponseHandler: Failed appendEntries: org.apache.ratis.thirdparty.io.grpc.StatusRuntimeException: UNAVAILABLE: io exception
2022-09-29 01:23:40,223 [grpc-default-executor-1] INFO  leader.FollowerInfo (FollowerInfoImpl.java:lambda$new$0(48)) - omNode-1@group-523986131536->omNode-3: nextIndex: updateUnconditionally 59 -> 58
2022-09-29 01:23:40,226 [pool-319-thread-1] INFO  storage.RaftStorageDirectory (RaftStorageDirectoryImpl.java:tryLock(230)) - Lock on /home/runner/work/ozone/ozone/hadoop-ozone/integration-test/target/test-dir/MiniOzoneClusterImpl-a442e60d-e435-415e-98a9-f45e33772b0d/omNode-3/ratis/c9bc4cf4-3bc3-3c60-a66b-523986131536/in_use.lock acquired by nodename 41909@fv-az182-579
2022-09-29 01:23:40,226 [pool-319-thread-1] INFO  storage.RaftStorage (RaftStorageImpl.java:analyzeAndRecoverStorage(110)) - Read RaftStorageMetadata{term=5, votedFor=omNode-1} from /home/runner/work/ozone/ozone/hadoop-ozone/integration-test/target/test-dir/MiniOzoneClusterImpl-a442e60d-e435-415e-98a9-f45e33772b0d/omNode-3/ratis/c9bc4cf4-3bc3-3c60-a66b-523986131536/current/raft-meta
2022-09-29 01:23:40,226 [pool-319-thread-1] INFO  server.RaftServer$Division (ServerState.java:setRaftConf(393)) - omNode-3@group-523986131536: set configuration 57: [omNode-3|rpc:localhost:45481|admin:|client:|dataStream:|priority:0, omNode-1|rpc:localhost:40693|admin:|client:|dataStream:|priority:0, omNode-2|rpc:localhost:42303|admin:|client:|dataStream:|priority:0], old=null
2022-09-29 01:23:40,226 [pool-319-thread-1] INFO  server.RaftServerConfigKeys (ConfUtils.java:logGet(46)) - raft.server.notification.no-leader.timeout = 2s (custom)
2022-09-29 01:23:40,226 [pool-319-thread-1] INFO  server.RaftServerConfigKeys (ConfUtils.java:logGet(46)) - raft.server.log.use.memory = false (default)
2022-09-29 01:23:40,226 [pool-319-thread-1] INFO  server.RaftServerConfigKeys (ConfUtils.java:logGet(46)) - raft.server.log.purge.gap = 50 (custom)
2022-09-29 01:23:40,227 [pool-319-thread-1] INFO  server.RaftServerConfigKeys (ConfUtils.java:logGet(46)) - raft.server.log.appender.buffer.byte-limit = 33554432 (custom)
2022-09-29 01:23:40,227 [pool-319-thread-1] INFO  server.RaftServerConfigKeys (ConfUtils.java:logGet(46)) - raft.server.log.statemachine.data.read.timeout = 1000ms (default)
2022-09-29 01:23:40,227 [pool-319-thread-1] INFO  server.RaftServerConfigKeys (ConfUtils.java:logGet(46)) - raft.server.log.segment.size.max = 4194304 (custom)
2022-09-29 01:23:40,227 [pool-319-thread-1] INFO  server.RaftServerConfigKeys (ConfUtils.java:logGet(46)) - raft.server.log.segment.cache.num.max = 2 (custom)
2022-09-29 01:23:40,227 [pool-319-thread-1] INFO  server.RaftServerConfigKeys (ConfUtils.java:logGet(46)) - raft.server.log.segment.cache.size.max = 200MB (=209715200) (default)
2022-09-29 01:23:40,227 [pool-319-thread-1] INFO  segmented.SegmentedRaftLogWorker (SegmentedRaftLogWorker.java:<init>(187)) - new omNode-3@group-523986131536-SegmentedRaftLogWorker for RaftStorageImpl:Storage Directory /home/runner/work/ozone/ozone/hadoop-ozone/integration-test/target/test-dir/MiniOzoneClusterImpl-a442e60d-e435-415e-98a9-f45e33772b0d/omNode-3/ratis/c9bc4cf4-3bc3-3c60-a66b-523986131536
2022-09-29 01:23:40,227 [pool-319-thread-1] INFO  server.RaftServerConfigKeys (ConfUtils.java:logGet(46)) - raft.server.log.queue.byte-limit = 64MB (=67108864) (default)
2022-09-29 01:23:40,227 [pool-319-thread-1] INFO  server.RaftServerConfigKeys (ConfUtils.java:logGet(46)) - raft.server.log.queue.element-limit = 4096 (default)
2022-09-29 01:23:40,227 [pool-319-thread-1] INFO  server.RaftServerConfigKeys (ConfUtils.java:logGet(46)) - raft.server.log.segment.size.max = 4194304 (custom)
2022-09-29 01:23:40,227 [pool-319-thread-1] INFO  server.RaftServerConfigKeys (ConfUtils.java:logGet(46)) - raft.server.log.preallocated.size = 4194304 (custom)
2022-09-29 01:23:40,227 [pool-319-thread-1] INFO  server.RaftServerConfigKeys (ConfUtils.java:logGet(46)) - raft.server.log.force.sync.num = 128 (default)
2022-09-29 01:23:40,227 [pool-319-thread-1] INFO  server.RaftServerConfigKeys (ConfUtils.java:logGet(46)) - raft.server.log.statemachine.data.sync = true (default)
2022-09-29 01:23:40,227 [pool-319-thread-1] INFO  server.RaftServerConfigKeys (ConfUtils.java:logGet(46)) - raft.server.log.statemachine.data.sync.timeout = 10s (default)
2022-09-29 01:23:40,227 [pool-319-thread-1] INFO  server.RaftServerConfigKeys (ConfUtils.java:logGet(46)) - raft.server.log.statemachine.data.sync.timeout.retry = -1 (default)
2022-09-29 01:23:40,238 [pool-319-thread-1] INFO  server.RaftServerConfigKeys (ConfUtils.java:logGet(46)) - raft.server.log.write.buffer.size = 64KB (=65536) (default)
2022-09-29 01:23:40,238 [pool-319-thread-1] INFO  server.RaftServerConfigKeys (ConfUtils.java:logGet(46)) - raft.server.log.unsafe-flush.enabled = false (default)
2022-09-29 01:23:40,238 [pool-319-thread-1] INFO  server.RaftServerConfigKeys (ConfUtils.java:logGet(46)) - raft.server.log.statemachine.data.caching.enabled = false (default)
2022-09-29 01:23:40,239 [pool-319-thread-1] INFO  server.RaftServer$Division (ServerState.java:setRaftConf(393)) - omNode-3@group-523986131536: set configuration 57: [omNode-3|rpc:localhost:45481|admin:|client:|dataStream:|priority:0, omNode-1|rpc:localhost:40693|admin:|client:|dataStream:|priority:0, omNode-2|rpc:localhost:42303|admin:|client:|dataStream:|priority:0], old=null
2022-09-29 01:23:40,239 [pool-319-thread-1] INFO  segmented.LogSegment (LogSegment.java:loadSegment(173)) - Successfully read 2 entries from segment file /home/runner/work/ozone/ozone/hadoop-ozone/integration-test/target/test-dir/MiniOzoneClusterImpl-a442e60d-e435-415e-98a9-f45e33772b0d/omNode-3/ratis/c9bc4cf4-3bc3-3c60-a66b-523986131536/current/log_inprogress_57
2022-09-29 01:23:40,239 [pool-319-thread-1] INFO  segmented.SegmentedRaftLogWorker (SegmentedRaftLogWorker.java:lambda$new$0(135)) - omNode-3@group-523986131536-SegmentedRaftLogWorker: flushIndex: setUnconditionally 0 -> 58
2022-09-29 01:23:40,239 [pool-319-thread-1] INFO  segmented.SegmentedRaftLogWorker (SegmentedRaftLogWorker.java:lambda$new$0(135)) - omNode-3@group-523986131536-SegmentedRaftLogWorker: safeCacheEvictIndex: setUnconditionally 0 -> -1
2022-09-29 01:23:40,239 [pool-319-thread-1] INFO  raftlog.RaftLog (RaftLogBase.java:lambda$new$0(53)) - omNode-3@group-523986131536-SegmentedRaftLog: commitIndex: updateToMax old=58, new=57, updated? false
2022-09-29 01:23:40,239 [pool-319-thread-1] INFO  raftlog.RaftLog (RaftLogBase.java:lambda$new$0(53)) - omNode-3@group-523986131536-SegmentedRaftLog: purgeIndex: updateIncreasingly -1 -> 56
2022-09-29 01:23:40,239 [pool-319-thread-1] INFO  server.RaftServerConfigKeys (ConfUtils.java:logGet(46)) - raft.server.snapshot.auto.trigger.enabled = true (custom)
2022-09-29 01:23:40,239 [pool-319-thread-1] INFO  server.RaftServerConfigKeys (ConfUtils.java:logGet(46)) - raft.server.snapshot.auto.trigger.threshold = 50 (custom)
2022-09-29 01:23:40,239 [pool-319-thread-1] INFO  server.RaftServerConfigKeys (ConfUtils.java:logGet(46)) - raft.server.snapshot.retention.file.num = -1 (default)
2022-09-29 01:23:40,239 [pool-319-thread-1] INFO  server.RaftServerConfigKeys (ConfUtils.java:logGet(46)) - raft.server.log.purge.upto.snapshot.index = true (custom)
2022-09-29 01:23:40,239 [pool-319-thread-1] INFO  server.RaftServerConfigKeys (ConfUtils.java:logGet(46)) - raft.server.retrycache.expirytime = 30000ms (custom)
2022-09-29 01:23:40,239 [pool-319-thread-1] INFO  server.RaftServerConfigKeys (ConfUtils.java:logGet(46)) - raft.server.retrycache.statistics.expirytime = 100μs (default)
2022-09-29 01:23:40,240 [pool-319-thread-1] INFO  server.RaftServerConfigKeys (ConfUtils.java:logGet(46)) - raft.server.log.appender.install.snapshot.enabled = false (custom)
2022-09-29 01:23:40,241 [pool-319-thread-1] INFO  server.RaftServerConfigKeys (ConfUtils.java:logGet(46)) - raft.server.threadpool.server.cached = true (default)
2022-09-29 01:23:40,241 [pool-319-thread-1] INFO  server.RaftServerConfigKeys (ConfUtils.java:logGet(46)) - raft.server.threadpool.server.size = 0 (default)
2022-09-29 01:23:40,241 [pool-319-thread-1] INFO  server.RaftServerConfigKeys (ConfUtils.java:logGet(46)) - raft.server.threadpool.client.cached = true (default)
2022-09-29 01:23:40,241 [pool-319-thread-1] INFO  server.RaftServerConfigKeys (ConfUtils.java:logGet(46)) - raft.server.threadpool.client.size = 0 (default)
2022-09-29 01:23:40,244 [omNode-3-impl-thread1] INFO  server.RaftServer$Division (RaftServerImpl.java:start(310)) - omNode-3@group-523986131536: start as a follower, conf=57: [omNode-3|rpc:localhost:45481|admin:|client:|dataStream:|priority:0, omNode-1|rpc:localhost:40693|admin:|client:|dataStream:|priority:0, omNode-2|rpc:localhost:42303|admin:|client:|dataStream:|priority:0], old=null
2022-09-29 01:23:40,244 [omNode-3-impl-thread1] INFO  server.RaftServer$Division (RaftServerImpl.java:setRole(299)) - omNode-3@group-523986131536: changes role from      null to FOLLOWER at term 5 for startAsFollower
2022-09-29 01:23:40,244 [omNode-3-impl-thread1] INFO  impl.RoleInfo (RoleInfo.java:updateAndGet(139)) - omNode-3: start omNode-3@group-523986131536-FollowerState
2022-09-29 01:23:40,246 [omNode-3-impl-thread1] INFO  util.JmxRegister (JmxRegister.java:tryRegister(44)) - Successfully registered JMX Bean with object name Ratis:service=RaftServer,group=group-523986131536,id=omNode-3
2022-09-29 01:23:40,247 [Listener at localhost/41255] INFO  server.RaftServer (RaftServerProxy.java:lambda$start$6(382)) - omNode-3: start RPC server
2022-09-29 01:23:40,249 [Listener at localhost/41255] INFO  server.GrpcService (GrpcService.java:startImpl(260)) - omNode-3: GrpcService started, listening on 45481
2022-09-29 01:23:40,252 [Listener at localhost/41255] INFO  om.OzoneManager (OzoneManager.java:getRpcServer(1099)) - Creating RPC Server
2022-09-29 01:23:40,255 [org.apache.ratis.util.JvmPauseMonitor$$Lambda$699/1983328127@b5e643a] INFO  util.JvmPauseMonitor (JvmPauseMonitor.java:run(103)) - JvmPauseMonitor-omNode-3: Started
2022-09-29 01:23:40,416 [grpc-default-executor-1] WARN  server.GrpcLogAppender (LogUtils.java:warn(122)) - omNode-1@group-523986131536->omNode-2-AppendLogResponseHandler: Failed appendEntries: org.apache.ratis.thirdparty.io.grpc.StatusRuntimeException: UNAVAILABLE: io exception
2022-09-29 01:23:40,416 [grpc-default-executor-1] WARN  server.GrpcLogAppender (GrpcLogAppender.java:resetClient(111)) - omNode-1@group-523986131536->omNode-2-GrpcLogAppender: Leader has not got in touch with Follower omNode-1@group-523986131536->omNode-2(c-1,m0,n59, attendVote=true, lastRpcSendTime=259, lastRpcResponseTime=9995) yet, just keep nextIndex unchanged and retry.
2022-09-29 01:23:40,473 [grpc-default-executor-1] WARN  server.GrpcLogAppender (LogUtils.java:warn(122)) - omNode-1@group-523986131536->omNode-3-AppendLogResponseHandler: Failed appendEntries: org.apache.ratis.thirdparty.io.grpc.StatusRuntimeException: UNAVAILABLE: io exception
2022-09-29 01:23:40,474 [grpc-default-executor-1] INFO  leader.FollowerInfo (FollowerInfoImpl.java:lambda$new$0(48)) - omNode-1@group-523986131536->omNode-3: nextIndex: updateUnconditionally 59 -> 58
2022-09-29 01:23:40,669 [grpc-default-executor-2] WARN  server.GrpcLogAppender (LogUtils.java:warn(122)) - omNode-1@group-523986131536->omNode-2-AppendLogResponseHandler: Failed appendEntries: org.apache.ratis.thirdparty.io.grpc.StatusRuntimeException: UNAVAILABLE: io exception
2022-09-29 01:23:40,669 [grpc-default-executor-2] WARN  server.GrpcLogAppender (GrpcLogAppender.java:resetClient(111)) - omNode-1@group-523986131536->omNode-2-GrpcLogAppender: Leader has not got in touch with Follower omNode-1@group-523986131536->omNode-2(c-1,m0,n59, attendVote=true, lastRpcSendTime=251, lastRpcResponseTime=10248) yet, just keep nextIndex unchanged and retry.
2022-09-29 01:23:40,744 [omNode-3-server-thread1] INFO  server.RaftServer$Division (ServerState.java:setLeader(287)) - omNode-3@group-523986131536: change Leader from null to omNode-1 at term 5 for appendEntries, leader elected after 517ms
2022-09-29 01:23:40,755 [omNode-3-server-thread1] INFO  server.RaftServer$Division (RaftServerImpl.java:checkInconsistentAppendEntries(1414)) - omNode-3@group-523986131536: Failed appendEntries as the first entry (index 58) already exists (snapshotIndex: 58, commitIndex: 58)
2022-09-29 01:23:40,755 [omNode-3-server-thread1] INFO  server.RaftServer$Division (RaftServerImpl.java:checkInconsistentAppendEntries(1394)) - omNode-3@group-523986131536: inconsistency entries. Reply:omNode-1<-omNode-3#73:FAIL-t5,INCONSISTENCY,nextIndex=59,followerCommit=58
2022-09-29 01:23:40,769 [grpc-default-executor-1] INFO  leader.FollowerInfo (FollowerInfoImpl.java:lambda$new$0(48)) - omNode-1@group-523986131536->omNode-3: nextIndex: updateUnconditionally 59 -> 59
2022-09-29 01:23:40,815 [Listener at localhost/41255] INFO  reflections.Reflections (Reflections.java:scan(232)) - Reflections took 562 ms to scan 19 urls, producing 67 keys and 4214 values [using 2 cores]
2022-09-29 01:23:40,816 [Listener at localhost/41255] INFO  ipc.CallQueueManager (CallQueueManager.java:<init>(90)) - Using callQueue: class java.util.concurrent.LinkedBlockingQueue, queueCapacity: 2000, scheduler: class org.apache.hadoop.ipc.DefaultRpcScheduler, ipcBackoff: false.
2022-09-29 01:23:40,817 [Socket Reader #1 for port 46485] INFO  ipc.Server (Server.java:run(1265)) - Starting Socket Reader #1 for port 46485
2022-09-29 01:23:40,820 [Listener at localhost/46485] INFO  http.BaseHttpServer (BaseHttpServer.java:newHttpServer2BuilderForOzone(213)) - Starting Web-server for ozoneManager at: http://0.0.0.0:41793
2022-09-29 01:23:40,820 [Listener at localhost/46485] INFO  http.BaseHttpServer (BaseHttpServer.java:<init>(108)) - Hadoop Security Enabled: false Ozone Security Enabled: false Ozone HTTP Security Enabled: false 
2022-09-29 01:23:40,821 [Listener at localhost/46485] INFO  server.AuthenticationFilter (AuthenticationFilter.java:constructSecretProvider(240)) - Unable to initialize FileSignerSecretProvider, falling back to use random secrets.
2022-09-29 01:23:40,822 [Listener at localhost/46485] WARN  http.HttpRequestLog (HttpRequestLog.java:getRequestLog(103)) - Jetty request log can only be enabled using Log4j
2022-09-29 01:23:40,824 [Listener at localhost/46485] INFO  http.HttpServer2 (HttpServer2.java:addGlobalFilter(1029)) - Added global filter 'safety' (class=org.apache.hadoop.hdds.server.http.HttpServer2$QuotingInputFilter)
2022-09-29 01:23:40,825 [Listener at localhost/46485] INFO  http.HttpServer2 (HttpServer2.java:addFilter(1005)) - Added filter static_user_filter (class=org.apache.hadoop.http.lib.StaticUserWebFilter$StaticUserFilter) to context ozoneManager
2022-09-29 01:23:40,825 [Listener at localhost/46485] INFO  http.HttpServer2 (HttpServer2.java:addFilter(1013)) - Added filter static_user_filter (class=org.apache.hadoop.http.lib.StaticUserWebFilter$StaticUserFilter) to context logs
2022-09-29 01:23:40,825 [Listener at localhost/46485] INFO  http.HttpServer2 (HttpServer2.java:addFilter(1013)) - Added filter static_user_filter (class=org.apache.hadoop.http.lib.StaticUserWebFilter$StaticUserFilter) to context static
2022-09-29 01:23:40,827 [Listener at localhost/46485] INFO  http.HttpServer2 (HttpServer2.java:bindListener(1248)) - Jetty bound to port 41793
2022-09-29 01:23:40,827 [Listener at localhost/46485] INFO  server.Server (Server.java:doStart(375)) - jetty-9.4.43.v20210629; built: 2021-06-30T11:07:22.254Z; git: 526006ecfa3af7f1a27ef3a288e2bef7ea9dd7e8; jvm 1.8.0_345-b01
2022-09-29 01:23:40,828 [Listener at localhost/46485] INFO  server.session (DefaultSessionIdManager.java:doStart(334)) - DefaultSessionIdManager workerName=node0
2022-09-29 01:23:40,829 [Listener at localhost/46485] INFO  server.session (DefaultSessionIdManager.java:doStart(339)) - No SessionScavenger set, using defaults
2022-09-29 01:23:40,829 [Listener at localhost/46485] INFO  server.session (HouseKeeper.java:startScavenging(132)) - node0 Scavenging every 600000ms
2022-09-29 01:23:40,829 [Listener at localhost/46485] INFO  handler.ContextHandler (ContextHandler.java:doStart(915)) - Started o.e.j.s.ServletContextHandler@14def9a4{logs,/logs,file:///home/runner/work/ozone/ozone/hadoop-ozone/integration-test/target/log,AVAILABLE}
2022-09-29 01:23:40,830 [Listener at localhost/46485] INFO  handler.ContextHandler (ContextHandler.java:doStart(915)) - Started o.e.j.s.ServletContextHandler@70558c8b{static,/static,file:///home/runner/work/ozone/ozone/hadoop-ozone/integration-test/target/test-classes/webapps/static,AVAILABLE}
2022-09-29 01:23:40,839 [Listener at localhost/46485] INFO  handler.ContextHandler (ContextHandler.java:doStart(915)) - Started o.e.j.w.WebAppContext@4513f28f{ozoneManager,/,file:///home/runner/work/ozone/ozone/hadoop-ozone/integration-test/target/test-classes/webapps/ozoneManager/,AVAILABLE}{file:/home/runner/work/ozone/ozone/hadoop-ozone/integration-test/target/test-classes/webapps/ozoneManager}
2022-09-29 01:23:40,847 [Listener at localhost/46485] INFO  server.AbstractConnector (AbstractConnector.java:doStart(331)) - Started ServerConnector@73d29f04{HTTP/1.1, (http/1.1)}{0.0.0.0:41793}
2022-09-29 01:23:40,847 [Listener at localhost/46485] INFO  server.Server (Server.java:doStart(415)) - Started @52626ms
2022-09-29 01:23:40,848 [Listener at localhost/46485] WARN  impl.MetricsSystemImpl (MetricsSystemImpl.java:register(279)) - Sink prometheus already exists!
2022-09-29 01:23:40,848 [Listener at localhost/46485] INFO  http.BaseHttpServer (BaseHttpServer.java:updateConnectorAddress(333)) - HTTP server of ozoneManager listening at http://0.0.0.0:41793
2022-09-29 01:23:40,848 [IPC Server Responder] INFO  ipc.Server (Server.java:run(1507)) - IPC Server Responder: starting
2022-09-29 01:23:40,849 [IPC Server listener on 46485] INFO  ipc.Server (Server.java:run(1344)) - IPC Server listener on 46485: starting
2022-09-29 01:23:40,851 [Listener at localhost/46485] INFO  om.OzoneManager (OzoneManager.java:startTrashEmptier(1920)) - Trash Interval set to 0. Files deleted won't move to trash
2022-09-29 01:23:40,851 [Listener at localhost/46485] INFO  om.OzoneManager (OzoneManager.java:stop(2035)) - omNode-1[localhost:37925]: Stopping Ozone Manager
2022-09-29 01:23:40,851 [Listener at localhost/46485] INFO  ipc.Server (Server.java:stop(3414)) - Stopping server on 37925
2022-09-29 01:23:40,854 [org.apache.hadoop.util.JvmPauseMonitor$Monitor@441bf3e1] INFO  util.JvmPauseMonitor (JvmPauseMonitor.java:run(188)) - Starting JVM pause monitor
2022-09-29 01:23:40,855 [IPC Server listener on 37925] INFO  ipc.Server (Server.java:run(1376)) - Stopping IPC Server listener on 37925
2022-09-29 01:23:40,855 [IPC Server Responder] INFO  ipc.Server (Server.java:run(1512)) - Stopping IPC Server Responder
2022-09-29 01:23:40,856 [Listener at localhost/46485] INFO  server.RaftServer (RaftServerProxy.java:lambda$close$7(398)) - omNode-1: close
2022-09-29 01:23:40,856 [Listener at localhost/46485] INFO  server.RaftServer$Division (RaftServerImpl.java:lambda$close$4(434)) - omNode-1@group-523986131536: shutdown
2022-09-29 01:23:40,856 [Listener at localhost/46485] INFO  util.JmxRegister (JmxRegister.java:unregister(73)) - Successfully un-registered JMX Bean with object name Ratis:service=RaftServer,group=group-523986131536,id=omNode-1
2022-09-29 01:23:40,856 [Listener at localhost/46485] INFO  impl.RoleInfo (RoleInfo.java:shutdownLeaderState(93)) - omNode-1: shutdown omNode-1@group-523986131536-LeaderStateImpl
2022-09-29 01:23:40,856 [Listener at localhost/46485] INFO  impl.PendingRequests (PendingRequests.java:sendNotLeaderResponses(282)) - omNode-1@group-523986131536-PendingRequests: sendNotLeaderResponses
2022-09-29 01:23:40,856 [omNode-1@group-523986131536->omNode-3-GrpcLogAppender-LogAppenderDaemon] WARN  server.GrpcLogAppender (GrpcLogAppender.java:mayWait(171)) - omNode-1@group-523986131536->omNode-3-GrpcLogAppender: Wait interrupted by java.lang.InterruptedException
2022-09-29 01:23:40,861 [Listener at localhost/46485] INFO  impl.StateMachineUpdater (StateMachineUpdater.java:stopAndJoin(153)) - omNode-1@group-523986131536-StateMachineUpdater: set stopIndex = 58
2022-09-29 01:23:40,861 [grpc-default-executor-1] INFO  server.GrpcServerProtocolService (GrpcServerProtocolService.java:onCompleted(140)) - omNode-3: Completed APPEND_ENTRIES, lastRequest: omNode-1->omNode-3#73-t5,previous=(t:5, i:57),leaderCommit=58,initializing? true,entries: size=1, first=(t:5, i:58), METADATAENTRY(c:57)
2022-09-29 01:23:40,861 [omNode-1@group-523986131536-StateMachineUpdater] INFO  ratis.OzoneManagerStateMachine (OzoneManagerStateMachine.java:takeSnapshot(441)) - Current Snapshot Index (t:5, i:58)
2022-09-29 01:23:40,861 [omNode-1@group-523986131536-StateMachineUpdater] INFO  impl.StateMachineUpdater (StateMachineUpdater.java:takeSnapshot(287)) - omNode-1@group-523986131536-StateMachineUpdater: Took a snapshot at index 58
2022-09-29 01:23:40,861 [omNode-1@group-523986131536-StateMachineUpdater] INFO  impl.StateMachineUpdater (StateMachineUpdater.java:lambda$new$0(92)) - omNode-1@group-523986131536-StateMachineUpdater: snapshotIndex: updateIncreasingly 20 -> 58
2022-09-29 01:23:40,861 [omNode-1@group-523986131536-StateMachineUpdater] INFO  raftlog.RaftLog (RaftLogBase.java:purge(308)) - omNode-1@group-523986131536-SegmentedRaftLog: purge 58
2022-09-29 01:23:40,861 [omNode-1@group-523986131536-StateMachineUpdater] INFO  raftlog.RaftLog (RaftLogBase.java:lambda$new$0(53)) - omNode-1@group-523986131536-SegmentedRaftLog: snapshotIndex: updateIncreasingly 20 -> 58
2022-09-29 01:23:40,861 [omNode-1@group-523986131536-StateMachineUpdater] INFO  ratis.OzoneManagerStateMachine (OzoneManagerStateMachine.java:close(495)) - StateMachine has shutdown. Shutdown OzoneManager if not already shutdown.
2022-09-29 01:23:40,861 [omNode-1@group-523986131536-StateMachineUpdater] INFO  ratis.OzoneManagerDoubleBuffer (OzoneManagerDoubleBuffer.java:stop(466)) - Stopping OMDoubleBuffer flush thread
2022-09-29 01:23:40,862 [omNode-1@group-523986131536-SegmentedRaftLogWorker] INFO  raftlog.RaftLog (RaftLogBase.java:lambda$new$0(53)) - omNode-1@group-523986131536-SegmentedRaftLog: purgeIndex: updateToMax old=-1, new=56, updated? true
2022-09-29 01:23:40,862 [OMDoubleBufferFlushThread] INFO  ratis.OzoneManagerDoubleBuffer (OzoneManagerDoubleBuffer.java:flushTransactions(385)) - OMDoubleBuffer flush thread OMDoubleBufferFlushThread is interrupted and will exit.
2022-09-29 01:23:40,862 [grpc-default-executor-2] INFO  server.GrpcLogAppender (GrpcLogAppender.java:onCompleted(339)) - omNode-1@group-523986131536->omNode-3-AppendLogResponseHandler: follower responses appendEntries COMPLETED
2022-09-29 01:23:40,862 [grpc-default-executor-2] INFO  leader.FollowerInfo (FollowerInfoImpl.java:lambda$new$0(48)) - omNode-1@group-523986131536->omNode-3: nextIndex: updateUnconditionally 59 -> 58
2022-09-29 01:23:40,864 [Listener at localhost/46485] INFO  server.RaftServer$Division (ServerState.java:close(429)) - omNode-1@group-523986131536: closes. applyIndex: 58
2022-09-29 01:23:40,865 [omNode-1@group-523986131536-SegmentedRaftLogWorker] INFO  segmented.SegmentedRaftLogWorker (SegmentedRaftLogWorker.java:run(336)) - omNode-1@group-523986131536-SegmentedRaftLogWorker was interrupted, exiting. There are 0 tasks remaining in the queue.
2022-09-29 01:23:40,866 [Listener at localhost/46485] INFO  segmented.SegmentedRaftLogWorker (SegmentedRaftLogWorker.java:close(246)) - omNode-1@group-523986131536-SegmentedRaftLogWorker close()
2022-09-29 01:23:40,868 [Listener at localhost/46485] INFO  server.GrpcService (GrpcService.java:closeImpl(269)) - omNode-1: shutdown server with port 40693 now
2022-09-29 01:23:40,873 [Listener at localhost/46485] INFO  server.GrpcService (GrpcService.java:closeImpl(278)) - omNode-1: shutdown server with port 40693 successfully
2022-09-29 01:23:40,873 [org.apache.ratis.util.JvmPauseMonitor$$Lambda$699/1983328127@424b3233] INFO  util.JvmPauseMonitor (JvmPauseMonitor.java:run(109)) - JvmPauseMonitor-omNode-1: Stopped
2022-09-29 01:23:40,873 [Listener at localhost/46485] INFO  ratis.OzoneManagerStateMachine (OzoneManagerStateMachine.java:close(495)) - StateMachine has shutdown. Shutdown OzoneManager if not already shutdown.
2022-09-29 01:23:40,873 [Listener at localhost/46485] INFO  ratis.OzoneManagerDoubleBuffer (OzoneManagerDoubleBuffer.java:stop(478)) - OMDoubleBuffer flush thread is not running.
2022-09-29 01:23:40,874 [Listener at localhost/46485] INFO  handler.ContextHandler (ContextHandler.java:doStop(1153)) - Stopped o.e.j.w.WebAppContext@325b2e79{ozoneManager,/,null,STOPPED}{file:/home/runner/work/ozone/ozone/hadoop-ozone/integration-test/target/test-classes/webapps/ozoneManager}
2022-09-29 01:23:40,874 [Listener at localhost/46485] INFO  server.AbstractConnector (AbstractConnector.java:doStop(381)) - Stopped ServerConnector@36b819{HTTP/1.1, (http/1.1)}{0.0.0.0:34119}
2022-09-29 01:23:40,874 [Listener at localhost/46485] INFO  server.session (HouseKeeper.java:stopScavenging(149)) - node0 Stopped scavenging
2022-09-29 01:23:40,875 [Listener at localhost/46485] INFO  handler.ContextHandler (ContextHandler.java:doStop(1153)) - Stopped o.e.j.s.ServletContextHandler@c143ceb{static,/static,file:///home/runner/work/ozone/ozone/hadoop-ozone/integration-test/target/test-classes/webapps/static,STOPPED}
2022-09-29 01:23:40,877 [Listener at localhost/46485] INFO  handler.ContextHandler (ContextHandler.java:doStop(1153)) - Stopped o.e.j.s.ServletContextHandler@1fad3858{logs,/logs,file:///home/runner/work/ozone/ozone/hadoop-ozone/integration-test/target/log,STOPPED}
2022-09-29 01:23:40,881 [Listener at localhost/46485] INFO  om.OzoneManager (OzoneManager.java:restart(1572)) - OzoneManager RPC server is listening at localhost/127.0.0.1:37925
2022-09-29 01:23:40,881 [Listener at localhost/46485] INFO  impl.MetricsSystemImpl (MetricsSystemImpl.java:init(158)) - OzoneManager metrics system started (again)
2022-09-29 01:23:40,893 [Listener at localhost/46485] WARN  server.ServerUtils (ServerUtils.java:getDBPath(225)) - ozone.om.db.dirs is not configured. We recommend adding this setting. Falling back to ozone.metadata.dirs instead.
2022-09-29 01:23:40,893 [Listener at localhost/46485] INFO  codec.OmKeyInfoCodec (OmKeyInfoCodec.java:<init>(49)) - OmKeyInfoCodec ignorePipeline = true
2022-09-29 01:23:40,893 [Listener at localhost/46485] INFO  codec.RepeatedOmKeyInfoCodec (RepeatedOmKeyInfoCodec.java:<init>(41)) - RepeatedOmKeyInfoCodec ignorePipeline = true
2022-09-29 01:23:40,935 [Listener at localhost/46485] INFO  om.OzoneManager (OzoneManager.java:instantiateServices(709)) - S3 Multi-Tenancy is disabled
2022-09-29 01:23:40,939 [Listener at localhost/46485] WARN  impl.MetricRegistriesImpl (MetricRegistriesImpl.java:addReporterRegistration(111)) - New reporters are added after registries were created. Some metrics will be missing from the reporter. Please add reporter before adding any new registry.
2022-09-29 01:23:40,939 [Listener at localhost/46485] WARN  impl.MetricRegistriesImpl (MetricRegistriesImpl.java:addReporterRegistration(111)) - New reporters are added after registries were created. Some metrics will be missing from the reporter. Please add reporter before adding any new registry.
2022-09-29 01:23:40,939 [Listener at localhost/46485] WARN  server.ServerUtils (ServerUtils.java:getDefaultRatisDirectory(237)) - Storage directory for Ratis is not configured. It is a good idea to map this to an SSD disk. Falling back to ozone.metadata.dirs
2022-09-29 01:23:40,940 [Listener at localhost/46485] INFO  ratis.OzoneManagerRatisServer (OzoneManagerRatisServer.java:<init>(160)) - Instantiating OM Ratis server with groupID: om-service-test1 and peers: localhost:40693, localhost:45481, localhost:42303
2022-09-29 01:23:40,941 [Listener at localhost/46485] INFO  ratis.OzoneManagerStateMachine (OzoneManagerStateMachine.java:loadSnapshotInfoFromDB(632)) - LastAppliedIndex is set from TransactionInfo from OM DB as (t:5, i:58)
2022-09-29 01:23:40,941 [Listener at localhost/46485] INFO  server.RaftServer (ConfUtils.java:logGet(46)) - raft.rpc.type = GRPC (default)
2022-09-29 01:23:40,941 [Listener at localhost/46485] INFO  grpc.GrpcFactory (GrpcFactory.java:checkPooledByteBufAllocatorUseCacheForAllThreads(48)) - PERFORMANCE WARNING: useCacheForAllThreads is true that may cause Netty to create a lot garbage objects and, as a result, trigger GC.
	It is recommended to disable useCacheForAllThreads by setting -Dorg.apache.ratis.thirdparty.io.netty.allocator.useCacheForAllThreads=false in command line.
2022-09-29 01:23:40,941 [Listener at localhost/46485] INFO  grpc.GrpcConfigKeys (ConfUtils.java:logGet(46)) - raft.grpc.admin.port = -1 (default)
2022-09-29 01:23:40,941 [Listener at localhost/46485] INFO  grpc.GrpcConfigKeys (ConfUtils.java:logGet(46)) - raft.grpc.server.port = 40693 (custom)
2022-09-29 01:23:40,942 [Listener at localhost/46485] INFO  grpc.GrpcConfigKeys (ConfUtils.java:logGet(46)) - raft.grpc.client.port = -1 (default)
2022-09-29 01:23:40,942 [Listener at localhost/46485] INFO  grpc.GrpcConfigKeys (ConfUtils.java:logGet(46)) - raft.grpc.server.port = 40693 (custom)
2022-09-29 01:23:40,942 [Listener at localhost/46485] INFO  grpc.GrpcConfigKeys (ConfUtils.java:logGet(46)) - raft.grpc.server.port = 40693 (custom)
2022-09-29 01:23:40,942 [Listener at localhost/46485] INFO  server.GrpcService (ConfUtils.java:logGet(46)) - raft.grpc.message.size.max = 33554432 (custom)
2022-09-29 01:23:40,942 [Listener at localhost/46485] INFO  server.RaftServerConfigKeys (ConfUtils.java:logGet(46)) - raft.server.log.appender.buffer.byte-limit = 33554432 (custom)
2022-09-29 01:23:40,942 [Listener at localhost/46485] INFO  server.GrpcService (ConfUtils.java:logGet(46)) - raft.grpc.flow.control.window = 1MB (=1048576) (default)
2022-09-29 01:23:40,942 [Listener at localhost/46485] INFO  server.RaftServerConfigKeys (ConfUtils.java:logGet(46)) - raft.server.rpc.request.timeout = 3000ms (default)
2022-09-29 01:23:40,942 [Listener at localhost/46485] INFO  grpc.GrpcConfigKeys (ConfUtils.java:logGet(46)) - raft.grpc.server.async.request.thread.pool.cached = true (default)
2022-09-29 01:23:40,943 [Listener at localhost/46485] INFO  grpc.GrpcConfigKeys (ConfUtils.java:logGet(46)) - raft.grpc.server.async.request.thread.pool.size = 32 (default)
2022-09-29 01:23:40,944 [Listener at localhost/46485] INFO  impl.DataStreamServerImpl (ConfUtils.java:logGet(46)) - raft.datastream.type = DISABLED (default)
2022-09-29 01:23:40,944 [Listener at localhost/46485] INFO  server.RaftServerConfigKeys (ConfUtils.java:logGet(46)) - raft.server.threadpool.proxy.cached = true (default)
2022-09-29 01:23:40,944 [Listener at localhost/46485] INFO  server.RaftServerConfigKeys (ConfUtils.java:logGet(46)) - raft.server.threadpool.proxy.size = 0 (default)
2022-09-29 01:23:40,944 [Listener at localhost/46485] INFO  server.RaftServerConfigKeys (ConfUtils.java:logGet(46)) - raft.server.rpc.slowness.timeout = 2s (custom)
2022-09-29 01:23:40,944 [Listener at localhost/46485] INFO  server.RaftServerConfigKeys (ConfUtils.java:logGet(46)) - raft.server.leaderelection.leader.step-down.wait-time = 10s (default)
2022-09-29 01:23:40,944 [Listener at localhost/46485] INFO  server.RaftServerConfigKeys (ConfUtils.java:logGet(46)) - raft.server.storage.dir = [/home/runner/work/ozone/ozone/hadoop-ozone/integration-test/target/test-dir/MiniOzoneClusterImpl-a442e60d-e435-415e-98a9-f45e33772b0d/omNode-1/ratis] (custom)
2022-09-29 01:23:40,945 [omNode-1-impl-thread1] INFO  server.RaftServer (RaftServerProxy.java:initGroupDir(247)) - omNode-1: found a subdirectory /home/runner/work/ozone/ozone/hadoop-ozone/integration-test/target/test-dir/MiniOzoneClusterImpl-a442e60d-e435-415e-98a9-f45e33772b0d/omNode-1/ratis/c9bc4cf4-3bc3-3c60-a66b-523986131536
2022-09-29 01:23:40,945 [Listener at localhost/46485] INFO  server.RaftServer (RaftServerProxy.java:addNew(96)) - omNode-1: addNew group-523986131536:[omNode-3|rpc:localhost:45481|priority:0, omNode-1|rpc:localhost:40693|priority:0, omNode-2|rpc:localhost:42303|priority:0] returns group-523986131536:java.util.concurrent.CompletableFuture@751bb6ff[Not completed]
2022-09-29 01:23:40,945 [pool-343-thread-1] INFO  server.RaftServer$Division (RaftServerImpl.java:<init>(190)) - omNode-1: new RaftServerImpl for group-523986131536:[omNode-3|rpc:localhost:45481|priority:0, omNode-1|rpc:localhost:40693|priority:0, omNode-2|rpc:localhost:42303|priority:0] with OzoneManagerStateMachine:uninitialized
2022-09-29 01:23:40,946 [Listener at localhost/46485] INFO  om.OzoneManager (OzoneManager.java:initializeRatisServer(1976)) - OzoneManager Ratis server initialized at port 40693
2022-09-29 01:23:40,946 [pool-343-thread-1] INFO  server.RaftServerConfigKeys (ConfUtils.java:logGet(46)) - raft.server.rpc.timeout.min = 1s (custom)
2022-09-29 01:23:40,946 [Listener at localhost/46485] INFO  ratis.OzoneManagerRatisServer (OzoneManagerRatisServer.java:start(555)) - Starting OzoneManagerRatisServer omNode-1 at port 40693
2022-09-29 01:23:40,946 [pool-343-thread-1] INFO  server.RaftServerConfigKeys (ConfUtils.java:logGet(46)) - raft.server.rpc.timeout.max = 1200ms (custom)
2022-09-29 01:23:40,946 [pool-343-thread-1] INFO  server.RaftServerConfigKeys (ConfUtils.java:logGet(46)) - raft.server.rpc.sleep.time = 25ms (default)
2022-09-29 01:23:40,946 [pool-343-thread-1] INFO  server.RaftServerConfigKeys (ConfUtils.java:logGet(46)) - raft.server.rpc.slowness.timeout = 2s (custom)
2022-09-29 01:23:40,946 [pool-343-thread-1] INFO  server.RaftServerConfigKeys (ConfUtils.java:logGet(46)) - raft.server.leaderelection.leader.step-down.wait-time = 10s (default)
2022-09-29 01:23:40,946 [pool-343-thread-1] INFO  server.RaftServerConfigKeys (ConfUtils.java:logGet(46)) - raft.server.sleep.deviation.threshold = 300ms (default)
2022-09-29 01:23:40,946 [pool-343-thread-1] INFO  server.RaftServer$Division (ServerState.java:<init>(107)) - omNode-1@group-523986131536: ConfigurationManager, init=-1: [omNode-3|rpc:localhost:45481|priority:0, omNode-1|rpc:localhost:40693|priority:0, omNode-2|rpc:localhost:42303|priority:0], old=null, confs=<EMPTY_MAP>
2022-09-29 01:23:40,946 [pool-343-thread-1] INFO  server.RaftServerConfigKeys (ConfUtils.java:logGet(46)) - raft.server.storage.dir = [/home/runner/work/ozone/ozone/hadoop-ozone/integration-test/target/test-dir/MiniOzoneClusterImpl-a442e60d-e435-415e-98a9-f45e33772b0d/omNode-1/ratis] (custom)
2022-09-29 01:23:40,946 [pool-343-thread-1] INFO  server.RaftServerConfigKeys (ConfUtils.java:logGet(46)) - raft.server.log.corruption.policy = EXCEPTION (default)
2022-09-29 01:23:40,946 [pool-343-thread-1] INFO  server.RaftServerConfigKeys (ConfUtils.java:logGet(46)) - raft.server.storage.free-space.min = 0MB (=0) (default)
2022-09-29 01:23:40,947 [pool-343-thread-1] INFO  storage.RaftStorageDirectory (RaftStorageDirectoryImpl.java:tryLock(230)) - Lock on /home/runner/work/ozone/ozone/hadoop-ozone/integration-test/target/test-dir/MiniOzoneClusterImpl-a442e60d-e435-415e-98a9-f45e33772b0d/omNode-1/ratis/c9bc4cf4-3bc3-3c60-a66b-523986131536/in_use.lock acquired by nodename 41909@fv-az182-579
2022-09-29 01:23:40,948 [pool-343-thread-1] INFO  storage.RaftStorage (RaftStorageImpl.java:analyzeAndRecoverStorage(110)) - Read RaftStorageMetadata{term=5, votedFor=omNode-1} from /home/runner/work/ozone/ozone/hadoop-ozone/integration-test/target/test-dir/MiniOzoneClusterImpl-a442e60d-e435-415e-98a9-f45e33772b0d/omNode-1/ratis/c9bc4cf4-3bc3-3c60-a66b-523986131536/current/raft-meta
2022-09-29 01:23:40,948 [pool-343-thread-1] INFO  server.RaftServer$Division (ServerState.java:setRaftConf(393)) - omNode-1@group-523986131536: set configuration 57: [omNode-3|rpc:localhost:45481|admin:|client:|dataStream:|priority:0, omNode-1|rpc:localhost:40693|admin:|client:|dataStream:|priority:0, omNode-2|rpc:localhost:42303|admin:|client:|dataStream:|priority:0], old=null
2022-09-29 01:23:40,948 [pool-343-thread-1] INFO  server.RaftServerConfigKeys (ConfUtils.java:logGet(46)) - raft.server.notification.no-leader.timeout = 2s (custom)
2022-09-29 01:23:40,948 [pool-343-thread-1] INFO  server.RaftServerConfigKeys (ConfUtils.java:logGet(46)) - raft.server.log.use.memory = false (default)
2022-09-29 01:23:40,949 [pool-343-thread-1] INFO  server.RaftServerConfigKeys (ConfUtils.java:logGet(46)) - raft.server.log.purge.gap = 50 (custom)
2022-09-29 01:23:40,949 [pool-343-thread-1] INFO  server.RaftServerConfigKeys (ConfUtils.java:logGet(46)) - raft.server.log.appender.buffer.byte-limit = 33554432 (custom)
2022-09-29 01:23:40,949 [pool-343-thread-1] INFO  server.RaftServerConfigKeys (ConfUtils.java:logGet(46)) - raft.server.log.statemachine.data.read.timeout = 1000ms (default)
2022-09-29 01:23:40,950 [pool-343-thread-1] INFO  server.RaftServerConfigKeys (ConfUtils.java:logGet(46)) - raft.server.log.segment.size.max = 4194304 (custom)
2022-09-29 01:23:40,950 [pool-343-thread-1] INFO  server.RaftServerConfigKeys (ConfUtils.java:logGet(46)) - raft.server.log.segment.cache.num.max = 2 (custom)
2022-09-29 01:23:40,950 [pool-343-thread-1] INFO  server.RaftServerConfigKeys (ConfUtils.java:logGet(46)) - raft.server.log.segment.cache.size.max = 200MB (=209715200) (default)
2022-09-29 01:23:40,951 [pool-343-thread-1] INFO  segmented.SegmentedRaftLogWorker (SegmentedRaftLogWorker.java:<init>(187)) - new omNode-1@group-523986131536-SegmentedRaftLogWorker for RaftStorageImpl:Storage Directory /home/runner/work/ozone/ozone/hadoop-ozone/integration-test/target/test-dir/MiniOzoneClusterImpl-a442e60d-e435-415e-98a9-f45e33772b0d/omNode-1/ratis/c9bc4cf4-3bc3-3c60-a66b-523986131536
2022-09-29 01:23:40,951 [pool-343-thread-1] INFO  server.RaftServerConfigKeys (ConfUtils.java:logGet(46)) - raft.server.log.queue.byte-limit = 64MB (=67108864) (default)
2022-09-29 01:23:40,951 [pool-343-thread-1] INFO  server.RaftServerConfigKeys (ConfUtils.java:logGet(46)) - raft.server.log.queue.element-limit = 4096 (default)
2022-09-29 01:23:40,951 [pool-343-thread-1] INFO  server.RaftServerConfigKeys (ConfUtils.java:logGet(46)) - raft.server.log.segment.size.max = 4194304 (custom)
2022-09-29 01:23:40,951 [pool-343-thread-1] INFO  server.RaftServerConfigKeys (ConfUtils.java:logGet(46)) - raft.server.log.preallocated.size = 4194304 (custom)
2022-09-29 01:23:40,951 [pool-343-thread-1] INFO  server.RaftServerConfigKeys (ConfUtils.java:logGet(46)) - raft.server.log.force.sync.num = 128 (default)
2022-09-29 01:23:40,951 [pool-343-thread-1] INFO  server.RaftServerConfigKeys (ConfUtils.java:logGet(46)) - raft.server.log.statemachine.data.sync = true (default)
2022-09-29 01:23:40,951 [pool-343-thread-1] INFO  server.RaftServerConfigKeys (ConfUtils.java:logGet(46)) - raft.server.log.statemachine.data.sync.timeout = 10s (default)
2022-09-29 01:23:40,951 [pool-343-thread-1] INFO  server.RaftServerConfigKeys (ConfUtils.java:logGet(46)) - raft.server.log.statemachine.data.sync.timeout.retry = -1 (default)
2022-09-29 01:23:40,952 [pool-343-thread-1] INFO  server.RaftServerConfigKeys (ConfUtils.java:logGet(46)) - raft.server.log.write.buffer.size = 64KB (=65536) (default)
2022-09-29 01:23:40,952 [pool-343-thread-1] INFO  server.RaftServerConfigKeys (ConfUtils.java:logGet(46)) - raft.server.log.unsafe-flush.enabled = false (default)
2022-09-29 01:23:40,952 [pool-343-thread-1] INFO  server.RaftServerConfigKeys (ConfUtils.java:logGet(46)) - raft.server.log.statemachine.data.caching.enabled = false (default)
2022-09-29 01:23:40,952 [pool-343-thread-1] INFO  server.RaftServer$Division (ServerState.java:setRaftConf(393)) - omNode-1@group-523986131536: set configuration 57: [omNode-3|rpc:localhost:45481|admin:|client:|dataStream:|priority:0, omNode-1|rpc:localhost:40693|admin:|client:|dataStream:|priority:0, omNode-2|rpc:localhost:42303|admin:|client:|dataStream:|priority:0], old=null
2022-09-29 01:23:40,952 [pool-343-thread-1] INFO  segmented.LogSegment (LogSegment.java:loadSegment(173)) - Successfully read 2 entries from segment file /home/runner/work/ozone/ozone/hadoop-ozone/integration-test/target/test-dir/MiniOzoneClusterImpl-a442e60d-e435-415e-98a9-f45e33772b0d/omNode-1/ratis/c9bc4cf4-3bc3-3c60-a66b-523986131536/current/log_inprogress_57
2022-09-29 01:23:40,953 [pool-343-thread-1] INFO  segmented.SegmentedRaftLogWorker (SegmentedRaftLogWorker.java:lambda$new$0(135)) - omNode-1@group-523986131536-SegmentedRaftLogWorker: flushIndex: setUnconditionally 0 -> 58
2022-09-29 01:23:40,953 [pool-343-thread-1] INFO  segmented.SegmentedRaftLogWorker (SegmentedRaftLogWorker.java:lambda$new$0(135)) - omNode-1@group-523986131536-SegmentedRaftLogWorker: safeCacheEvictIndex: setUnconditionally 0 -> -1
2022-09-29 01:23:40,953 [pool-343-thread-1] INFO  raftlog.RaftLog (RaftLogBase.java:lambda$new$0(53)) - omNode-1@group-523986131536-SegmentedRaftLog: commitIndex: updateToMax old=58, new=57, updated? false
2022-09-29 01:23:40,953 [pool-343-thread-1] INFO  raftlog.RaftLog (RaftLogBase.java:lambda$new$0(53)) - omNode-1@group-523986131536-SegmentedRaftLog: purgeIndex: updateIncreasingly -1 -> 56
2022-09-29 01:23:40,953 [pool-343-thread-1] INFO  server.RaftServerConfigKeys (ConfUtils.java:logGet(46)) - raft.server.snapshot.auto.trigger.enabled = true (custom)
2022-09-29 01:23:40,953 [pool-343-thread-1] INFO  server.RaftServerConfigKeys (ConfUtils.java:logGet(46)) - raft.server.snapshot.auto.trigger.threshold = 50 (custom)
2022-09-29 01:23:40,953 [pool-343-thread-1] INFO  server.RaftServerConfigKeys (ConfUtils.java:logGet(46)) - raft.server.snapshot.retention.file.num = -1 (default)
2022-09-29 01:23:40,953 [pool-343-thread-1] INFO  server.RaftServerConfigKeys (ConfUtils.java:logGet(46)) - raft.server.log.purge.upto.snapshot.index = true (custom)
2022-09-29 01:23:40,953 [pool-343-thread-1] INFO  server.RaftServerConfigKeys (ConfUtils.java:logGet(46)) - raft.server.retrycache.expirytime = 30000ms (custom)
2022-09-29 01:23:40,953 [pool-343-thread-1] INFO  server.RaftServerConfigKeys (ConfUtils.java:logGet(46)) - raft.server.retrycache.statistics.expirytime = 100μs (default)
2022-09-29 01:23:40,954 [pool-343-thread-1] INFO  server.RaftServerConfigKeys (ConfUtils.java:logGet(46)) - raft.server.log.appender.install.snapshot.enabled = false (custom)
2022-09-29 01:23:40,954 [pool-343-thread-1] INFO  server.RaftServerConfigKeys (ConfUtils.java:logGet(46)) - raft.server.threadpool.server.cached = true (default)
2022-09-29 01:23:40,954 [pool-343-thread-1] INFO  server.RaftServerConfigKeys (ConfUtils.java:logGet(46)) - raft.server.threadpool.server.size = 0 (default)
2022-09-29 01:23:40,954 [pool-343-thread-1] INFO  server.RaftServerConfigKeys (ConfUtils.java:logGet(46)) - raft.server.threadpool.client.cached = true (default)
2022-09-29 01:23:40,954 [pool-343-thread-1] INFO  server.RaftServerConfigKeys (ConfUtils.java:logGet(46)) - raft.server.threadpool.client.size = 0 (default)
2022-09-29 01:23:40,955 [omNode-1-impl-thread1] INFO  server.RaftServer$Division (RaftServerImpl.java:start(310)) - omNode-1@group-523986131536: start as a follower, conf=57: [omNode-3|rpc:localhost:45481|admin:|client:|dataStream:|priority:0, omNode-1|rpc:localhost:40693|admin:|client:|dataStream:|priority:0, omNode-2|rpc:localhost:42303|admin:|client:|dataStream:|priority:0], old=null
2022-09-29 01:23:40,955 [omNode-1-impl-thread1] INFO  server.RaftServer$Division (RaftServerImpl.java:setRole(299)) - omNode-1@group-523986131536: changes role from      null to FOLLOWER at term 5 for startAsFollower
2022-09-29 01:23:40,955 [omNode-1-impl-thread1] INFO  impl.RoleInfo (RoleInfo.java:updateAndGet(139)) - omNode-1: start omNode-1@group-523986131536-FollowerState
2022-09-29 01:23:40,955 [omNode-1-impl-thread1] INFO  util.JmxRegister (JmxRegister.java:tryRegister(44)) - Successfully registered JMX Bean with object name Ratis:service=RaftServer,group=group-523986131536,id=omNode-1
2022-09-29 01:23:40,957 [Listener at localhost/46485] INFO  server.RaftServer (RaftServerProxy.java:lambda$start$6(382)) - omNode-1: start RPC server
2022-09-29 01:23:40,959 [Listener at localhost/46485] INFO  server.GrpcService (GrpcService.java:startImpl(260)) - omNode-1: GrpcService started, listening on 40693
2022-09-29 01:23:40,959 [Listener at localhost/46485] INFO  om.OzoneManager (OzoneManager.java:getRpcServer(1099)) - Creating RPC Server
2022-09-29 01:23:40,959 [org.apache.ratis.util.JvmPauseMonitor$$Lambda$699/1983328127@573f0b25] INFO  util.JvmPauseMonitor (JvmPauseMonitor.java:run(103)) - JvmPauseMonitor-omNode-1: Started
2022-09-29 01:23:41,403 [org.apache.ratis.util.JvmPauseMonitor$$Lambda$699/1983328127@b5e643a] WARN  util.JvmPauseMonitor (JvmPauseMonitor.java:detectPause(124)) - JvmPauseMonitor-omNode-3: Detected pause in JVM or host machine (eg GC): pause of approximately 147880374ns.
GC pool 'PS MarkSweep' had collection(s): count=1 time=152ms
GC pool 'PS Scavenge' had collection(s): count=1 time=35ms
2022-09-29 01:23:41,504 [Listener at localhost/46485] INFO  reflections.Reflections (Reflections.java:scan(232)) - Reflections took 543 ms to scan 19 urls, producing 67 keys and 4214 values [using 2 cores]
2022-09-29 01:23:41,505 [Listener at localhost/46485] INFO  ipc.CallQueueManager (CallQueueManager.java:<init>(90)) - Using callQueue: class java.util.concurrent.LinkedBlockingQueue, queueCapacity: 2000, scheduler: class org.apache.hadoop.ipc.DefaultRpcScheduler, ipcBackoff: false.
2022-09-29 01:23:41,506 [Socket Reader #1 for port 37925] INFO  ipc.Server (Server.java:run(1265)) - Starting Socket Reader #1 for port 37925
2022-09-29 01:23:41,510 [Listener at localhost/37925] INFO  http.BaseHttpServer (BaseHttpServer.java:newHttpServer2BuilderForOzone(213)) - Starting Web-server for ozoneManager at: http://0.0.0.0:34119
2022-09-29 01:23:41,511 [Listener at localhost/37925] INFO  http.BaseHttpServer (BaseHttpServer.java:<init>(108)) - Hadoop Security Enabled: false Ozone Security Enabled: false Ozone HTTP Security Enabled: false 
2022-09-29 01:23:41,512 [Listener at localhost/37925] INFO  server.AuthenticationFilter (AuthenticationFilter.java:constructSecretProvider(240)) - Unable to initialize FileSignerSecretProvider, falling back to use random secrets.
2022-09-29 01:23:41,512 [Listener at localhost/37925] WARN  http.HttpRequestLog (HttpRequestLog.java:getRequestLog(103)) - Jetty request log can only be enabled using Log4j
2022-09-29 01:23:41,514 [Listener at localhost/37925] INFO  http.HttpServer2 (HttpServer2.java:addGlobalFilter(1029)) - Added global filter 'safety' (class=org.apache.hadoop.hdds.server.http.HttpServer2$QuotingInputFilter)
2022-09-29 01:23:41,514 [Listener at localhost/37925] INFO  http.HttpServer2 (HttpServer2.java:addFilter(1005)) - Added filter static_user_filter (class=org.apache.hadoop.http.lib.StaticUserWebFilter$StaticUserFilter) to context ozoneManager
2022-09-29 01:23:41,515 [Listener at localhost/37925] INFO  http.HttpServer2 (HttpServer2.java:addFilter(1013)) - Added filter static_user_filter (class=org.apache.hadoop.http.lib.StaticUserWebFilter$StaticUserFilter) to context logs
2022-09-29 01:23:41,515 [Listener at localhost/37925] INFO  http.HttpServer2 (HttpServer2.java:addFilter(1013)) - Added filter static_user_filter (class=org.apache.hadoop.http.lib.StaticUserWebFilter$StaticUserFilter) to context static
2022-09-29 01:23:41,515 [Listener at localhost/37925] INFO  http.HttpServer2 (HttpServer2.java:bindListener(1248)) - Jetty bound to port 34119
2022-09-29 01:23:41,515 [Listener at localhost/37925] INFO  server.Server (Server.java:doStart(375)) - jetty-9.4.43.v20210629; built: 2021-06-30T11:07:22.254Z; git: 526006ecfa3af7f1a27ef3a288e2bef7ea9dd7e8; jvm 1.8.0_345-b01
2022-09-29 01:23:41,517 [Listener at localhost/37925] INFO  server.session (DefaultSessionIdManager.java:doStart(334)) - DefaultSessionIdManager workerName=node0
2022-09-29 01:23:41,517 [Listener at localhost/37925] INFO  server.session (DefaultSessionIdManager.java:doStart(339)) - No SessionScavenger set, using defaults
2022-09-29 01:23:41,517 [Listener at localhost/37925] INFO  server.session (HouseKeeper.java:startScavenging(132)) - node0 Scavenging every 600000ms
2022-09-29 01:23:41,518 [Listener at localhost/37925] INFO  handler.ContextHandler (ContextHandler.java:doStart(915)) - Started o.e.j.s.ServletContextHandler@1bb8de48{logs,/logs,file:///home/runner/work/ozone/ozone/hadoop-ozone/integration-test/target/log,AVAILABLE}
2022-09-29 01:23:41,518 [Listener at localhost/37925] INFO  handler.ContextHandler (ContextHandler.java:doStart(915)) - Started o.e.j.s.ServletContextHandler@63925c05{static,/static,file:///home/runner/work/ozone/ozone/hadoop-ozone/integration-test/target/test-classes/webapps/static,AVAILABLE}
2022-09-29 01:23:41,521 [Listener at localhost/37925] INFO  handler.ContextHandler (ContextHandler.java:doStart(915)) - Started o.e.j.w.WebAppContext@d981e45{ozoneManager,/,file:///home/runner/work/ozone/ozone/hadoop-ozone/integration-test/target/test-classes/webapps/ozoneManager/,AVAILABLE}{file:/home/runner/work/ozone/ozone/hadoop-ozone/integration-test/target/test-classes/webapps/ozoneManager}
2022-09-29 01:23:41,524 [Listener at localhost/37925] INFO  server.AbstractConnector (AbstractConnector.java:doStart(331)) - Started ServerConnector@584fb2ee{HTTP/1.1, (http/1.1)}{0.0.0.0:34119}
2022-09-29 01:23:41,524 [Listener at localhost/37925] INFO  server.Server (Server.java:doStart(415)) - Started @53303ms
2022-09-29 01:23:41,524 [Listener at localhost/37925] WARN  impl.MetricsSystemImpl (MetricsSystemImpl.java:register(279)) - Sink prometheus already exists!
2022-09-29 01:23:41,525 [Listener at localhost/37925] INFO  http.BaseHttpServer (BaseHttpServer.java:updateConnectorAddress(333)) - HTTP server of ozoneManager listening at http://0.0.0.0:34119
2022-09-29 01:23:41,525 [IPC Server Responder] INFO  ipc.Server (Server.java:run(1507)) - IPC Server Responder: starting
2022-09-29 01:23:41,525 [IPC Server listener on 37925] INFO  ipc.Server (Server.java:run(1344)) - IPC Server listener on 37925: starting
2022-09-29 01:23:41,527 [Listener at localhost/37925] INFO  om.OzoneManager (OzoneManager.java:startTrashEmptier(1920)) - Trash Interval set to 0. Files deleted won't move to trash
2022-09-29 01:23:41,528 [Listener at localhost/37925] INFO  om.OzoneManager (OzoneManager.java:stop(2035)) - omNode-2[localhost:41255]: Stopping Ozone Manager
2022-09-29 01:23:41,528 [Listener at localhost/37925] INFO  om.OzoneManager (OzoneManager.java:restart(1572)) - OzoneManager RPC server is listening at localhost/127.0.0.1:41255
2022-09-29 01:23:41,528 [Listener at localhost/37925] INFO  impl.MetricsSystemImpl (MetricsSystemImpl.java:init(158)) - OzoneManager metrics system started (again)
2022-09-29 01:23:41,547 [Listener at localhost/37925] WARN  server.ServerUtils (ServerUtils.java:getDBPath(225)) - ozone.om.db.dirs is not configured. We recommend adding this setting. Falling back to ozone.metadata.dirs instead.
2022-09-29 01:23:41,548 [Listener at localhost/37925] INFO  codec.OmKeyInfoCodec (OmKeyInfoCodec.java:<init>(49)) - OmKeyInfoCodec ignorePipeline = true
2022-09-29 01:23:41,548 [Listener at localhost/37925] INFO  codec.RepeatedOmKeyInfoCodec (RepeatedOmKeyInfoCodec.java:<init>(41)) - RepeatedOmKeyInfoCodec ignorePipeline = true
2022-09-29 01:23:41,548 [org.apache.hadoop.util.JvmPauseMonitor$Monitor@183db2e8] INFO  util.JvmPauseMonitor (JvmPauseMonitor.java:run(188)) - Starting JVM pause monitor
2022-09-29 01:23:41,588 [Listener at localhost/37925] INFO  om.OzoneManager (OzoneManager.java:instantiateServices(709)) - S3 Multi-Tenancy is disabled
2022-09-29 01:23:41,602 [Listener at localhost/37925] WARN  impl.MetricRegistriesImpl (MetricRegistriesImpl.java:addReporterRegistration(111)) - New reporters are added after registries were created. Some metrics will be missing from the reporter. Please add reporter before adding any new registry.
2022-09-29 01:23:41,602 [Listener at localhost/37925] WARN  impl.MetricRegistriesImpl (MetricRegistriesImpl.java:addReporterRegistration(111)) - New reporters are added after registries were created. Some metrics will be missing from the reporter. Please add reporter before adding any new registry.
2022-09-29 01:23:41,602 [Listener at localhost/37925] WARN  server.ServerUtils (ServerUtils.java:getDefaultRatisDirectory(237)) - Storage directory for Ratis is not configured. It is a good idea to map this to an SSD disk. Falling back to ozone.metadata.dirs
2022-09-29 01:23:41,603 [Listener at localhost/37925] INFO  ratis.OzoneManagerRatisServer (OzoneManagerRatisServer.java:<init>(160)) - Instantiating OM Ratis server with groupID: om-service-test1 and peers: localhost:42303, localhost:45481, localhost:40693
2022-09-29 01:23:41,604 [Listener at localhost/37925] INFO  ratis.OzoneManagerStateMachine (OzoneManagerStateMachine.java:loadSnapshotInfoFromDB(632)) - LastAppliedIndex is set from TransactionInfo from OM DB as (t:4, i:56)
2022-09-29 01:23:41,608 [Listener at localhost/37925] INFO  server.RaftServer (ConfUtils.java:logGet(46)) - raft.rpc.type = GRPC (default)
2022-09-29 01:23:41,608 [Listener at localhost/37925] INFO  grpc.GrpcFactory (GrpcFactory.java:checkPooledByteBufAllocatorUseCacheForAllThreads(48)) - PERFORMANCE WARNING: useCacheForAllThreads is true that may cause Netty to create a lot garbage objects and, as a result, trigger GC.
	It is recommended to disable useCacheForAllThreads by setting -Dorg.apache.ratis.thirdparty.io.netty.allocator.useCacheForAllThreads=false in command line.
2022-09-29 01:23:41,608 [Listener at localhost/37925] INFO  grpc.GrpcConfigKeys (ConfUtils.java:logGet(46)) - raft.grpc.admin.port = -1 (default)
2022-09-29 01:23:41,608 [Listener at localhost/37925] INFO  grpc.GrpcConfigKeys (ConfUtils.java:logGet(46)) - raft.grpc.server.port = 42303 (custom)
2022-09-29 01:23:41,609 [Listener at localhost/37925] INFO  grpc.GrpcConfigKeys (ConfUtils.java:logGet(46)) - raft.grpc.client.port = -1 (default)
2022-09-29 01:23:41,609 [Listener at localhost/37925] INFO  grpc.GrpcConfigKeys (ConfUtils.java:logGet(46)) - raft.grpc.server.port = 42303 (custom)
2022-09-29 01:23:41,609 [Listener at localhost/37925] INFO  grpc.GrpcConfigKeys (ConfUtils.java:logGet(46)) - raft.grpc.server.port = 42303 (custom)
2022-09-29 01:23:41,609 [Listener at localhost/37925] INFO  server.GrpcService (ConfUtils.java:logGet(46)) - raft.grpc.message.size.max = 33554432 (custom)
2022-09-29 01:23:41,609 [Listener at localhost/37925] INFO  server.RaftServerConfigKeys (ConfUtils.java:logGet(46)) - raft.server.log.appender.buffer.byte-limit = 33554432 (custom)
2022-09-29 01:23:41,609 [Listener at localhost/37925] INFO  server.GrpcService (ConfUtils.java:logGet(46)) - raft.grpc.flow.control.window = 1MB (=1048576) (default)
2022-09-29 01:23:41,609 [Listener at localhost/37925] INFO  server.RaftServerConfigKeys (ConfUtils.java:logGet(46)) - raft.server.rpc.request.timeout = 3000ms (default)
2022-09-29 01:23:41,609 [Listener at localhost/37925] INFO  grpc.GrpcConfigKeys (ConfUtils.java:logGet(46)) - raft.grpc.server.async.request.thread.pool.cached = true (default)
2022-09-29 01:23:41,609 [Listener at localhost/37925] INFO  grpc.GrpcConfigKeys (ConfUtils.java:logGet(46)) - raft.grpc.server.async.request.thread.pool.size = 32 (default)
2022-09-29 01:23:41,611 [Listener at localhost/37925] INFO  impl.DataStreamServerImpl (ConfUtils.java:logGet(46)) - raft.datastream.type = DISABLED (default)
2022-09-29 01:23:41,611 [Listener at localhost/37925] INFO  server.RaftServerConfigKeys (ConfUtils.java:logGet(46)) - raft.server.threadpool.proxy.cached = true (default)
2022-09-29 01:23:41,611 [Listener at localhost/37925] INFO  server.RaftServerConfigKeys (ConfUtils.java:logGet(46)) - raft.server.threadpool.proxy.size = 0 (default)
2022-09-29 01:23:41,611 [Listener at localhost/37925] INFO  server.RaftServerConfigKeys (ConfUtils.java:logGet(46)) - raft.server.rpc.slowness.timeout = 2s (custom)
2022-09-29 01:23:41,611 [Listener at localhost/37925] INFO  server.RaftServerConfigKeys (ConfUtils.java:logGet(46)) - raft.server.leaderelection.leader.step-down.wait-time = 10s (default)
2022-09-29 01:23:41,611 [Listener at localhost/37925] INFO  server.RaftServerConfigKeys (ConfUtils.java:logGet(46)) - raft.server.storage.dir = [/home/runner/work/ozone/ozone/hadoop-ozone/integration-test/target/test-dir/MiniOzoneClusterImpl-a442e60d-e435-415e-98a9-f45e33772b0d/omNode-2/ratis] (custom)
2022-09-29 01:23:41,612 [omNode-2-impl-thread1] INFO  server.RaftServer (RaftServerProxy.java:initGroupDir(247)) - omNode-2: found a subdirectory /home/runner/work/ozone/ozone/hadoop-ozone/integration-test/target/test-dir/MiniOzoneClusterImpl-a442e60d-e435-415e-98a9-f45e33772b0d/omNode-2/ratis/c9bc4cf4-3bc3-3c60-a66b-523986131536
2022-09-29 01:23:41,612 [Listener at localhost/37925] INFO  server.RaftServer (RaftServerProxy.java:addNew(96)) - omNode-2: addNew group-523986131536:[omNode-3|rpc:localhost:45481|priority:0, omNode-1|rpc:localhost:40693|priority:0, omNode-2|rpc:localhost:42303|priority:0] returns group-523986131536:java.util.concurrent.CompletableFuture@44b9f6c9[Not completed]
2022-09-29 01:23:41,612 [Listener at localhost/37925] INFO  om.OzoneManager (OzoneManager.java:initializeRatisServer(1976)) - OzoneManager Ratis server initialized at port 42303
2022-09-29 01:23:41,612 [Listener at localhost/37925] INFO  ratis.OzoneManagerRatisServer (OzoneManagerRatisServer.java:start(555)) - Starting OzoneManagerRatisServer omNode-2 at port 42303
2022-09-29 01:23:41,613 [pool-367-thread-1] INFO  server.RaftServer$Division (RaftServerImpl.java:<init>(190)) - omNode-2: new RaftServerImpl for group-523986131536:[omNode-3|rpc:localhost:45481|priority:0, omNode-1|rpc:localhost:40693|priority:0, omNode-2|rpc:localhost:42303|priority:0] with OzoneManagerStateMachine:uninitialized
2022-09-29 01:23:41,613 [pool-367-thread-1] INFO  server.RaftServerConfigKeys (ConfUtils.java:logGet(46)) - raft.server.rpc.timeout.min = 1s (custom)
2022-09-29 01:23:41,613 [pool-367-thread-1] INFO  server.RaftServerConfigKeys (ConfUtils.java:logGet(46)) - raft.server.rpc.timeout.max = 1200ms (custom)
2022-09-29 01:23:41,613 [pool-367-thread-1] INFO  server.RaftServerConfigKeys (ConfUtils.java:logGet(46)) - raft.server.rpc.sleep.time = 25ms (default)
2022-09-29 01:23:41,613 [pool-367-thread-1] INFO  server.RaftServerConfigKeys (ConfUtils.java:logGet(46)) - raft.server.rpc.slowness.timeout = 2s (custom)
2022-09-29 01:23:41,613 [pool-367-thread-1] INFO  server.RaftServerConfigKeys (ConfUtils.java:logGet(46)) - raft.server.leaderelection.leader.step-down.wait-time = 10s (default)
2022-09-29 01:23:41,613 [pool-367-thread-1] INFO  server.RaftServerConfigKeys (ConfUtils.java:logGet(46)) - raft.server.sleep.deviation.threshold = 300ms (default)
2022-09-29 01:23:41,613 [pool-367-thread-1] INFO  server.RaftServer$Division (ServerState.java:<init>(107)) - omNode-2@group-523986131536: ConfigurationManager, init=-1: [omNode-3|rpc:localhost:45481|priority:0, omNode-1|rpc:localhost:40693|priority:0, omNode-2|rpc:localhost:42303|priority:0], old=null, confs=<EMPTY_MAP>
2022-09-29 01:23:41,613 [pool-367-thread-1] INFO  server.RaftServerConfigKeys (ConfUtils.java:logGet(46)) - raft.server.storage.dir = [/home/runner/work/ozone/ozone/hadoop-ozone/integration-test/target/test-dir/MiniOzoneClusterImpl-a442e60d-e435-415e-98a9-f45e33772b0d/omNode-2/ratis] (custom)
2022-09-29 01:23:41,613 [pool-367-thread-1] INFO  server.RaftServerConfigKeys (ConfUtils.java:logGet(46)) - raft.server.log.corruption.policy = EXCEPTION (default)
2022-09-29 01:23:41,613 [pool-367-thread-1] INFO  server.RaftServerConfigKeys (ConfUtils.java:logGet(46)) - raft.server.storage.free-space.min = 0MB (=0) (default)
2022-09-29 01:23:41,615 [pool-367-thread-1] INFO  storage.RaftStorageDirectory (RaftStorageDirectoryImpl.java:tryLock(230)) - Lock on /home/runner/work/ozone/ozone/hadoop-ozone/integration-test/target/test-dir/MiniOzoneClusterImpl-a442e60d-e435-415e-98a9-f45e33772b0d/omNode-2/ratis/c9bc4cf4-3bc3-3c60-a66b-523986131536/in_use.lock acquired by nodename 41909@fv-az182-579
2022-09-29 01:23:41,615 [pool-367-thread-1] INFO  storage.RaftStorage (RaftStorageImpl.java:analyzeAndRecoverStorage(110)) - Read RaftStorageMetadata{term=4, votedFor=omNode-2} from /home/runner/work/ozone/ozone/hadoop-ozone/integration-test/target/test-dir/MiniOzoneClusterImpl-a442e60d-e435-415e-98a9-f45e33772b0d/omNode-2/ratis/c9bc4cf4-3bc3-3c60-a66b-523986131536/current/raft-meta
2022-09-29 01:23:41,615 [pool-367-thread-1] INFO  server.RaftServer$Division (ServerState.java:setRaftConf(393)) - omNode-2@group-523986131536: set configuration 31: [omNode-3|rpc:localhost:45481|admin:|client:|dataStream:|priority:0, omNode-1|rpc:localhost:40693|admin:|client:|dataStream:|priority:0, omNode-2|rpc:localhost:42303|admin:|client:|dataStream:|priority:0], old=null
2022-09-29 01:23:41,616 [pool-367-thread-1] INFO  server.RaftServerConfigKeys (ConfUtils.java:logGet(46)) - raft.server.notification.no-leader.timeout = 2s (custom)
2022-09-29 01:23:41,616 [pool-367-thread-1] INFO  server.RaftServerConfigKeys (ConfUtils.java:logGet(46)) - raft.server.log.use.memory = false (default)
2022-09-29 01:23:41,616 [pool-367-thread-1] INFO  server.RaftServerConfigKeys (ConfUtils.java:logGet(46)) - raft.server.log.purge.gap = 50 (custom)
2022-09-29 01:23:41,616 [pool-367-thread-1] INFO  server.RaftServerConfigKeys (ConfUtils.java:logGet(46)) - raft.server.log.appender.buffer.byte-limit = 33554432 (custom)
2022-09-29 01:23:41,616 [pool-367-thread-1] INFO  server.RaftServerConfigKeys (ConfUtils.java:logGet(46)) - raft.server.log.statemachine.data.read.timeout = 1000ms (default)
2022-09-29 01:23:41,616 [pool-367-thread-1] INFO  server.RaftServerConfigKeys (ConfUtils.java:logGet(46)) - raft.server.log.segment.size.max = 4194304 (custom)
2022-09-29 01:23:41,616 [pool-367-thread-1] INFO  server.RaftServerConfigKeys (ConfUtils.java:logGet(46)) - raft.server.log.segment.cache.num.max = 2 (custom)
2022-09-29 01:23:41,616 [pool-367-thread-1] INFO  server.RaftServerConfigKeys (ConfUtils.java:logGet(46)) - raft.server.log.segment.cache.size.max = 200MB (=209715200) (default)
2022-09-29 01:23:41,616 [pool-367-thread-1] INFO  segmented.SegmentedRaftLogWorker (SegmentedRaftLogWorker.java:<init>(187)) - new omNode-2@group-523986131536-SegmentedRaftLogWorker for RaftStorageImpl:Storage Directory /home/runner/work/ozone/ozone/hadoop-ozone/integration-test/target/test-dir/MiniOzoneClusterImpl-a442e60d-e435-415e-98a9-f45e33772b0d/omNode-2/ratis/c9bc4cf4-3bc3-3c60-a66b-523986131536
2022-09-29 01:23:41,616 [pool-367-thread-1] INFO  server.RaftServerConfigKeys (ConfUtils.java:logGet(46)) - raft.server.log.queue.byte-limit = 64MB (=67108864) (default)
2022-09-29 01:23:41,616 [pool-367-thread-1] INFO  server.RaftServerConfigKeys (ConfUtils.java:logGet(46)) - raft.server.log.queue.element-limit = 4096 (default)
2022-09-29 01:23:41,617 [pool-367-thread-1] INFO  server.RaftServerConfigKeys (ConfUtils.java:logGet(46)) - raft.server.log.segment.size.max = 4194304 (custom)
2022-09-29 01:23:41,617 [pool-367-thread-1] INFO  server.RaftServerConfigKeys (ConfUtils.java:logGet(46)) - raft.server.log.preallocated.size = 4194304 (custom)
2022-09-29 01:23:41,617 [pool-367-thread-1] INFO  server.RaftServerConfigKeys (ConfUtils.java:logGet(46)) - raft.server.log.force.sync.num = 128 (default)
2022-09-29 01:23:41,617 [pool-367-thread-1] INFO  server.RaftServerConfigKeys (ConfUtils.java:logGet(46)) - raft.server.log.statemachine.data.sync = true (default)
2022-09-29 01:23:41,617 [pool-367-thread-1] INFO  server.RaftServerConfigKeys (ConfUtils.java:logGet(46)) - raft.server.log.statemachine.data.sync.timeout = 10s (default)
2022-09-29 01:23:41,617 [pool-367-thread-1] INFO  server.RaftServerConfigKeys (ConfUtils.java:logGet(46)) - raft.server.log.statemachine.data.sync.timeout.retry = -1 (default)
2022-09-29 01:23:41,618 [pool-367-thread-1] INFO  server.RaftServerConfigKeys (ConfUtils.java:logGet(46)) - raft.server.log.write.buffer.size = 64KB (=65536) (default)
2022-09-29 01:23:41,618 [pool-367-thread-1] INFO  server.RaftServerConfigKeys (ConfUtils.java:logGet(46)) - raft.server.log.unsafe-flush.enabled = false (default)
2022-09-29 01:23:41,618 [pool-367-thread-1] INFO  server.RaftServerConfigKeys (ConfUtils.java:logGet(46)) - raft.server.log.statemachine.data.caching.enabled = false (default)
2022-09-29 01:23:41,619 [pool-367-thread-1] INFO  server.RaftServer$Division (ServerState.java:setRaftConf(393)) - omNode-2@group-523986131536: set configuration 31: [omNode-3|rpc:localhost:45481|admin:|client:|dataStream:|priority:0, omNode-1|rpc:localhost:40693|admin:|client:|dataStream:|priority:0, omNode-2|rpc:localhost:42303|admin:|client:|dataStream:|priority:0], old=null
2022-09-29 01:23:41,621 [pool-367-thread-1] INFO  segmented.LogSegment (LogSegment.java:loadSegment(173)) - Successfully read 26 entries from segment file /home/runner/work/ozone/ozone/hadoop-ozone/integration-test/target/test-dir/MiniOzoneClusterImpl-a442e60d-e435-415e-98a9-f45e33772b0d/omNode-2/ratis/c9bc4cf4-3bc3-3c60-a66b-523986131536/current/log_inprogress_31
2022-09-29 01:23:41,621 [pool-367-thread-1] INFO  segmented.SegmentedRaftLogWorker (SegmentedRaftLogWorker.java:lambda$new$0(135)) - omNode-2@group-523986131536-SegmentedRaftLogWorker: flushIndex: setUnconditionally 0 -> 56
2022-09-29 01:23:41,621 [pool-367-thread-1] INFO  segmented.SegmentedRaftLogWorker (SegmentedRaftLogWorker.java:lambda$new$0(135)) - omNode-2@group-523986131536-SegmentedRaftLogWorker: safeCacheEvictIndex: setUnconditionally 0 -> -1
2022-09-29 01:23:41,621 [pool-367-thread-1] INFO  raftlog.RaftLog (RaftLogBase.java:lambda$new$0(53)) - omNode-2@group-523986131536-SegmentedRaftLog: commitIndex: updateToMax old=56, new=55, updated? false
2022-09-29 01:23:41,621 [pool-367-thread-1] INFO  raftlog.RaftLog (RaftLogBase.java:lambda$new$0(53)) - omNode-2@group-523986131536-SegmentedRaftLog: purgeIndex: updateIncreasingly -1 -> 30
2022-09-29 01:23:41,621 [pool-367-thread-1] INFO  server.RaftServerConfigKeys (ConfUtils.java:logGet(46)) - raft.server.snapshot.auto.trigger.enabled = true (custom)
2022-09-29 01:23:41,621 [pool-367-thread-1] INFO  server.RaftServerConfigKeys (ConfUtils.java:logGet(46)) - raft.server.snapshot.auto.trigger.threshold = 50 (custom)
2022-09-29 01:23:41,621 [pool-367-thread-1] INFO  server.RaftServerConfigKeys (ConfUtils.java:logGet(46)) - raft.server.snapshot.retention.file.num = -1 (default)
2022-09-29 01:23:41,621 [pool-367-thread-1] INFO  server.RaftServerConfigKeys (ConfUtils.java:logGet(46)) - raft.server.log.purge.upto.snapshot.index = true (custom)
2022-09-29 01:23:41,621 [pool-367-thread-1] INFO  server.RaftServerConfigKeys (ConfUtils.java:logGet(46)) - raft.server.retrycache.expirytime = 30000ms (custom)
2022-09-29 01:23:41,621 [pool-367-thread-1] INFO  server.RaftServerConfigKeys (ConfUtils.java:logGet(46)) - raft.server.retrycache.statistics.expirytime = 100μs (default)
2022-09-29 01:23:41,622 [pool-367-thread-1] INFO  server.RaftServerConfigKeys (ConfUtils.java:logGet(46)) - raft.server.log.appender.install.snapshot.enabled = false (custom)
2022-09-29 01:23:41,622 [pool-367-thread-1] INFO  server.RaftServerConfigKeys (ConfUtils.java:logGet(46)) - raft.server.threadpool.server.cached = true (default)
2022-09-29 01:23:41,622 [pool-367-thread-1] INFO  server.RaftServerConfigKeys (ConfUtils.java:logGet(46)) - raft.server.threadpool.server.size = 0 (default)
2022-09-29 01:23:41,622 [pool-367-thread-1] INFO  server.RaftServerConfigKeys (ConfUtils.java:logGet(46)) - raft.server.threadpool.client.cached = true (default)
2022-09-29 01:23:41,622 [pool-367-thread-1] INFO  server.RaftServerConfigKeys (ConfUtils.java:logGet(46)) - raft.server.threadpool.client.size = 0 (default)
2022-09-29 01:23:41,623 [omNode-2-impl-thread1] INFO  server.RaftServer$Division (RaftServerImpl.java:start(310)) - omNode-2@group-523986131536: start as a follower, conf=31: [omNode-3|rpc:localhost:45481|admin:|client:|dataStream:|priority:0, omNode-1|rpc:localhost:40693|admin:|client:|dataStream:|priority:0, omNode-2|rpc:localhost:42303|admin:|client:|dataStream:|priority:0], old=null
2022-09-29 01:23:41,623 [omNode-2-impl-thread1] INFO  server.RaftServer$Division (RaftServerImpl.java:setRole(299)) - omNode-2@group-523986131536: changes role from      null to FOLLOWER at term 4 for startAsFollower
2022-09-29 01:23:41,623 [omNode-2-impl-thread1] INFO  impl.RoleInfo (RoleInfo.java:updateAndGet(139)) - omNode-2: start omNode-2@group-523986131536-FollowerState
2022-09-29 01:23:41,623 [omNode-2-impl-thread1] INFO  util.JmxRegister (JmxRegister.java:tryRegister(44)) - Successfully registered JMX Bean with object name Ratis:service=RaftServer,group=group-523986131536,id=omNode-2
2022-09-29 01:23:41,623 [Listener at localhost/37925] INFO  server.RaftServer (RaftServerProxy.java:lambda$start$6(382)) - omNode-2: start RPC server
2022-09-29 01:23:41,626 [Listener at localhost/37925] INFO  server.GrpcService (GrpcService.java:startImpl(260)) - omNode-2: GrpcService started, listening on 42303
2022-09-29 01:23:41,628 [Listener at localhost/37925] INFO  om.OzoneManager (OzoneManager.java:getRpcServer(1099)) - Creating RPC Server
2022-09-29 01:23:41,629 [org.apache.ratis.util.JvmPauseMonitor$$Lambda$699/1983328127@3df3a9f8] INFO  util.JvmPauseMonitor (JvmPauseMonitor.java:run(103)) - JvmPauseMonitor-omNode-2: Started
2022-09-29 01:23:41,928 [Listener at localhost/37925] INFO  reflections.Reflections (Reflections.java:scan(232)) - Reflections took 298 ms to scan 19 urls, producing 67 keys and 4214 values [using 2 cores]
2022-09-29 01:23:41,929 [Listener at localhost/37925] INFO  ipc.CallQueueManager (CallQueueManager.java:<init>(90)) - Using callQueue: class java.util.concurrent.LinkedBlockingQueue, queueCapacity: 2000, scheduler: class org.apache.hadoop.ipc.DefaultRpcScheduler, ipcBackoff: false.
2022-09-29 01:23:41,929 [Socket Reader #1 for port 41255] INFO  ipc.Server (Server.java:run(1265)) - Starting Socket Reader #1 for port 41255
2022-09-29 01:23:41,932 [Listener at localhost/41255] INFO  http.BaseHttpServer (BaseHttpServer.java:newHttpServer2BuilderForOzone(213)) - Starting Web-server for ozoneManager at: http://0.0.0.0:43849
2022-09-29 01:23:41,932 [Listener at localhost/41255] INFO  http.BaseHttpServer (BaseHttpServer.java:<init>(108)) - Hadoop Security Enabled: false Ozone Security Enabled: false Ozone HTTP Security Enabled: false 
2022-09-29 01:23:41,933 [Listener at localhost/41255] INFO  server.AuthenticationFilter (AuthenticationFilter.java:constructSecretProvider(240)) - Unable to initialize FileSignerSecretProvider, falling back to use random secrets.
2022-09-29 01:23:41,934 [Listener at localhost/41255] WARN  http.HttpRequestLog (HttpRequestLog.java:getRequestLog(103)) - Jetty request log can only be enabled using Log4j
2022-09-29 01:23:41,935 [Listener at localhost/41255] INFO  http.HttpServer2 (HttpServer2.java:addGlobalFilter(1029)) - Added global filter 'safety' (class=org.apache.hadoop.hdds.server.http.HttpServer2$QuotingInputFilter)
2022-09-29 01:23:41,936 [Listener at localhost/41255] INFO  http.HttpServer2 (HttpServer2.java:addFilter(1005)) - Added filter static_user_filter (class=org.apache.hadoop.http.lib.StaticUserWebFilter$StaticUserFilter) to context ozoneManager
2022-09-29 01:23:41,936 [Listener at localhost/41255] INFO  http.HttpServer2 (HttpServer2.java:addFilter(1013)) - Added filter static_user_filter (class=org.apache.hadoop.http.lib.StaticUserWebFilter$StaticUserFilter) to context static
2022-09-29 01:23:41,936 [Listener at localhost/41255] INFO  http.HttpServer2 (HttpServer2.java:addFilter(1013)) - Added filter static_user_filter (class=org.apache.hadoop.http.lib.StaticUserWebFilter$StaticUserFilter) to context logs
2022-09-29 01:23:41,937 [Listener at localhost/41255] INFO  http.HttpServer2 (HttpServer2.java:bindListener(1248)) - Jetty bound to port 43849
2022-09-29 01:23:41,937 [Listener at localhost/41255] INFO  server.Server (Server.java:doStart(375)) - jetty-9.4.43.v20210629; built: 2021-06-30T11:07:22.254Z; git: 526006ecfa3af7f1a27ef3a288e2bef7ea9dd7e8; jvm 1.8.0_345-b01
2022-09-29 01:23:41,938 [Listener at localhost/41255] INFO  server.session (DefaultSessionIdManager.java:doStart(334)) - DefaultSessionIdManager workerName=node0
2022-09-29 01:23:41,938 [Listener at localhost/41255] INFO  server.session (DefaultSessionIdManager.java:doStart(339)) - No SessionScavenger set, using defaults
2022-09-29 01:23:41,938 [Listener at localhost/41255] INFO  server.session (HouseKeeper.java:startScavenging(132)) - node0 Scavenging every 660000ms
2022-09-29 01:23:41,939 [Listener at localhost/41255] INFO  handler.ContextHandler (ContextHandler.java:doStart(915)) - Started o.e.j.s.ServletContextHandler@3f71d964{logs,/logs,file:///home/runner/work/ozone/ozone/hadoop-ozone/integration-test/target/log,AVAILABLE}
2022-09-29 01:23:41,939 [Listener at localhost/41255] INFO  handler.ContextHandler (ContextHandler.java:doStart(915)) - Started o.e.j.s.ServletContextHandler@1b47915{static,/static,file:///home/runner/work/ozone/ozone/hadoop-ozone/integration-test/target/test-classes/webapps/static,AVAILABLE}
2022-09-29 01:23:41,943 [Listener at localhost/41255] INFO  handler.ContextHandler (ContextHandler.java:doStart(915)) - Started o.e.j.w.WebAppContext@5a68cb53{ozoneManager,/,file:///home/runner/work/ozone/ozone/hadoop-ozone/integration-test/target/test-classes/webapps/ozoneManager/,AVAILABLE}{file:/home/runner/work/ozone/ozone/hadoop-ozone/integration-test/target/test-classes/webapps/ozoneManager}
2022-09-29 01:23:41,944 [Listener at localhost/41255] INFO  server.AbstractConnector (AbstractConnector.java:doStart(331)) - Started ServerConnector@6924bec6{HTTP/1.1, (http/1.1)}{0.0.0.0:43849}
2022-09-29 01:23:41,944 [Listener at localhost/41255] INFO  server.Server (Server.java:doStart(415)) - Started @53723ms
2022-09-29 01:23:41,944 [Listener at localhost/41255] WARN  impl.MetricsSystemImpl (MetricsSystemImpl.java:register(279)) - Sink prometheus already exists!
2022-09-29 01:23:41,945 [Listener at localhost/41255] INFO  http.BaseHttpServer (BaseHttpServer.java:updateConnectorAddress(333)) - HTTP server of ozoneManager listening at http://0.0.0.0:43849
2022-09-29 01:23:41,945 [IPC Server Responder] INFO  ipc.Server (Server.java:run(1507)) - IPC Server Responder: starting
2022-09-29 01:23:41,946 [IPC Server listener on 41255] INFO  ipc.Server (Server.java:run(1344)) - IPC Server listener on 41255: starting
2022-09-29 01:23:41,948 [Listener at localhost/41255] INFO  om.OzoneManager (OzoneManager.java:startTrashEmptier(1920)) - Trash Interval set to 0. Files deleted won't move to trash
2022-09-29 01:23:41,949 [org.apache.hadoop.util.JvmPauseMonitor$Monitor@1cebd5fd] INFO  util.JvmPauseMonitor (JvmPauseMonitor.java:run(188)) - Starting JVM pause monitor
]]></system-out>
  </testcase>
  <testcase name="testFileOperationsAndDelete" classname="org.apache.hadoop.ozone.om.TestOzoneManagerHAWithData" time="5.061">
    <error type="java.lang.RuntimeException"><![CDATA[java.lang.RuntimeException: java.util.concurrent.ExecutionException: java.lang.IllegalStateException: zip file closed
	at org.reflections.Reflections.scan(Reflections.java:213)
	at org.reflections.Reflections.<init>(Reflections.java:123)
	at org.apache.hadoop.ozone.om.request.validation.ValidatorRegistry.<init>(ValidatorRegistry.java:71)
	at org.apache.hadoop.ozone.om.request.validation.ValidatorRegistry.<init>(ValidatorRegistry.java:59)
	at org.apache.hadoop.ozone.om.request.validation.RequestValidations.load(RequestValidations.java:59)
	at org.apache.hadoop.ozone.protocolPB.OzoneManagerProtocolServerSideTranslatorPB.<init>(OzoneManagerProtocolServerSideTranslatorPB.java:127)
	at org.apache.hadoop.ozone.om.OzoneManager.getRpcServer(OzoneManager.java:1116)
	at org.apache.hadoop.ozone.om.OzoneManager.restart(OzoneManager.java:1610)
	at org.apache.hadoop.ozone.MiniOzoneHAClusterImpl.restartOzoneManager(MiniOzoneHAClusterImpl.java:229)
	at org.apache.hadoop.ozone.om.TestOzoneManagerHA.resetCluster(TestOzoneManagerHA.java:188)
	at sun.reflect.NativeMethodAccessorImpl.invoke0(Native Method)
	at sun.reflect.NativeMethodAccessorImpl.invoke(NativeMethodAccessorImpl.java:62)
	at sun.reflect.DelegatingMethodAccessorImpl.invoke(DelegatingMethodAccessorImpl.java:43)
	at java.lang.reflect.Method.invoke(Method.java:498)
	at org.junit.platform.commons.util.ReflectionUtils.invokeMethod(ReflectionUtils.java:725)
	at org.junit.jupiter.engine.execution.MethodInvocation.proceed(MethodInvocation.java:60)
	at org.junit.jupiter.engine.execution.InvocationInterceptorChain$ValidatingInvocation.proceed(InvocationInterceptorChain.java:131)
	at org.junit.jupiter.engine.extension.TimeoutExtension.intercept(TimeoutExtension.java:149)
	at org.junit.jupiter.engine.extension.TimeoutExtension.interceptLifecycleMethod(TimeoutExtension.java:126)
	at org.junit.jupiter.engine.extension.TimeoutExtension.interceptAfterEachMethod(TimeoutExtension.java:108)
	at org.junit.jupiter.engine.execution.ExecutableInvoker$ReflectiveInterceptorCall.lambda$ofVoidMethod$0(ExecutableInvoker.java:115)
	at org.junit.jupiter.engine.execution.ExecutableInvoker.lambda$invoke$0(ExecutableInvoker.java:105)
	at org.junit.jupiter.engine.execution.InvocationInterceptorChain$InterceptedInvocation.proceed(InvocationInterceptorChain.java:106)
	at org.junit.jupiter.engine.execution.InvocationInterceptorChain.proceed(InvocationInterceptorChain.java:64)
	at org.junit.jupiter.engine.execution.InvocationInterceptorChain.chainAndInvoke(InvocationInterceptorChain.java:45)
	at org.junit.jupiter.engine.execution.InvocationInterceptorChain.invoke(InvocationInterceptorChain.java:37)
	at org.junit.jupiter.engine.execution.ExecutableInvoker.invoke(ExecutableInvoker.java:104)
	at org.junit.jupiter.engine.execution.ExecutableInvoker.invoke(ExecutableInvoker.java:98)
	at org.junit.jupiter.engine.descriptor.ClassBasedTestDescriptor.invokeMethodInExtensionContext(ClassBasedTestDescriptor.java:506)
	at org.junit.jupiter.engine.descriptor.ClassBasedTestDescriptor.lambda$synthesizeAfterEachMethodAdapter$22(ClassBasedTestDescriptor.java:496)
	at org.junit.jupiter.engine.descriptor.TestMethodTestDescriptor.lambda$invokeAfterEachMethods$10(TestMethodTestDescriptor.java:240)
	at org.junit.jupiter.engine.descriptor.TestMethodTestDescriptor.lambda$invokeAllAfterMethodsOrCallbacks$13(TestMethodTestDescriptor.java:273)
	at org.junit.platform.engine.support.hierarchical.ThrowableCollector.execute(ThrowableCollector.java:73)
	at org.junit.jupiter.engine.descriptor.TestMethodTestDescriptor.lambda$invokeAllAfterMethodsOrCallbacks$14(TestMethodTestDescriptor.java:273)
	at java.util.ArrayList.forEach(ArrayList.java:1259)
	at org.junit.jupiter.engine.descriptor.TestMethodTestDescriptor.invokeAllAfterMethodsOrCallbacks(TestMethodTestDescriptor.java:272)
	at org.junit.jupiter.engine.descriptor.TestMethodTestDescriptor.invokeAfterEachMethods(TestMethodTestDescriptor.java:238)
	at org.junit.jupiter.engine.descriptor.TestMethodTestDescriptor.execute(TestMethodTestDescriptor.java:139)
	at org.junit.jupiter.engine.descriptor.TestMethodTestDescriptor.execute(TestMethodTestDescriptor.java:66)
	at org.junit.platform.engine.support.hierarchical.NodeTestTask.lambda$executeRecursively$6(NodeTestTask.java:151)
	at org.junit.platform.engine.support.hierarchical.ThrowableCollector.execute(ThrowableCollector.java:73)
	at org.junit.platform.engine.support.hierarchical.NodeTestTask.lambda$executeRecursively$8(NodeTestTask.java:141)
	at org.junit.platform.engine.support.hierarchical.Node.around(Node.java:137)
	at org.junit.platform.engine.support.hierarchical.NodeTestTask.lambda$executeRecursively$9(NodeTestTask.java:139)
	at org.junit.platform.engine.support.hierarchical.ThrowableCollector.execute(ThrowableCollector.java:73)
	at org.junit.platform.engine.support.hierarchical.NodeTestTask.executeRecursively(NodeTestTask.java:138)
	at org.junit.platform.engine.support.hierarchical.NodeTestTask.execute(NodeTestTask.java:95)
	at java.util.ArrayList.forEach(ArrayList.java:1259)
	at org.junit.platform.engine.support.hierarchical.SameThreadHierarchicalTestExecutorService.invokeAll(SameThreadHierarchicalTestExecutorService.java:41)
	at org.junit.platform.engine.support.hierarchical.NodeTestTask.lambda$executeRecursively$6(NodeTestTask.java:155)
	at org.junit.platform.engine.support.hierarchical.ThrowableCollector.execute(ThrowableCollector.java:73)
	at org.junit.platform.engine.support.hierarchical.NodeTestTask.lambda$executeRecursively$8(NodeTestTask.java:141)
	at org.junit.platform.engine.support.hierarchical.Node.around(Node.java:137)
	at org.junit.platform.engine.support.hierarchical.NodeTestTask.lambda$executeRecursively$9(NodeTestTask.java:139)
	at org.junit.platform.engine.support.hierarchical.ThrowableCollector.execute(ThrowableCollector.java:73)
	at org.junit.platform.engine.support.hierarchical.NodeTestTask.executeRecursively(NodeTestTask.java:138)
	at org.junit.platform.engine.support.hierarchical.NodeTestTask.execute(NodeTestTask.java:95)
	at java.util.ArrayList.forEach(ArrayList.java:1259)
	at org.junit.platform.engine.support.hierarchical.SameThreadHierarchicalTestExecutorService.invokeAll(SameThreadHierarchicalTestExecutorService.java:41)
	at org.junit.platform.engine.support.hierarchical.NodeTestTask.lambda$executeRecursively$6(NodeTestTask.java:155)
	at org.junit.platform.engine.support.hierarchical.ThrowableCollector.execute(ThrowableCollector.java:73)
	at org.junit.platform.engine.support.hierarchical.NodeTestTask.lambda$executeRecursively$8(NodeTestTask.java:141)
	at org.junit.platform.engine.support.hierarchical.Node.around(Node.java:137)
	at org.junit.platform.engine.support.hierarchical.NodeTestTask.lambda$executeRecursively$9(NodeTestTask.java:139)
	at org.junit.platform.engine.support.hierarchical.ThrowableCollector.execute(ThrowableCollector.java:73)
	at org.junit.platform.engine.support.hierarchical.NodeTestTask.executeRecursively(NodeTestTask.java:138)
	at org.junit.platform.engine.support.hierarchical.NodeTestTask.execute(NodeTestTask.java:95)
	at org.junit.platform.engine.support.hierarchical.SameThreadHierarchicalTestExecutorService.submit(SameThreadHierarchicalTestExecutorService.java:35)
	at org.junit.platform.engine.support.hierarchical.HierarchicalTestExecutor.execute(HierarchicalTestExecutor.java:57)
	at org.junit.platform.engine.support.hierarchical.HierarchicalTestEngine.execute(HierarchicalTestEngine.java:54)
	at org.junit.platform.launcher.core.EngineExecutionOrchestrator.execute(EngineExecutionOrchestrator.java:107)
	at org.junit.platform.launcher.core.EngineExecutionOrchestrator.execute(EngineExecutionOrchestrator.java:88)
	at org.junit.platform.launcher.core.EngineExecutionOrchestrator.lambda$execute$0(EngineExecutionOrchestrator.java:54)
	at org.junit.platform.launcher.core.EngineExecutionOrchestrator.withInterceptedStreams(EngineExecutionOrchestrator.java:67)
	at org.junit.platform.launcher.core.EngineExecutionOrchestrator.execute(EngineExecutionOrchestrator.java:52)
	at org.junit.platform.launcher.core.DefaultLauncher.execute(DefaultLauncher.java:114)
	at org.junit.platform.launcher.core.DefaultLauncher.execute(DefaultLauncher.java:86)
	at org.junit.platform.launcher.core.DefaultLauncherSession$DelegatingLauncher.execute(DefaultLauncherSession.java:86)
	at org.junit.platform.launcher.core.SessionPerRequestLauncher.execute(SessionPerRequestLauncher.java:53)
	at org.apache.maven.surefire.junitplatform.JUnitPlatformProvider.execute(JUnitPlatformProvider.java:188)
	at org.apache.maven.surefire.junitplatform.JUnitPlatformProvider.invokeAllTests(JUnitPlatformProvider.java:154)
	at org.apache.maven.surefire.junitplatform.JUnitPlatformProvider.invoke(JUnitPlatformProvider.java:124)
	at org.apache.maven.surefire.booter.ForkedBooter.runSuitesInProcess(ForkedBooter.java:428)
	at org.apache.maven.surefire.booter.ForkedBooter.execute(ForkedBooter.java:162)
	at org.apache.maven.surefire.booter.ForkedBooter.run(ForkedBooter.java:562)
	at org.apache.maven.surefire.booter.ForkedBooter.main(ForkedBooter.java:548)
Caused by: java.util.concurrent.ExecutionException: java.lang.IllegalStateException: zip file closed
	at java.util.concurrent.FutureTask.report(FutureTask.java:122)
	at java.util.concurrent.FutureTask.get(FutureTask.java:192)
	... 86 more
Caused by: java.lang.IllegalStateException: zip file closed
	at java.util.zip.ZipFile.ensureOpen(ZipFile.java:701)
	at java.util.zip.ZipFile.access$200(ZipFile.java:61)
	at java.util.zip.ZipFile$ZipEntryIterator.hasNext(ZipFile.java:523)
	at java.util.zip.ZipFile$ZipEntryIterator.hasMoreElements(ZipFile.java:518)
	at java.util.jar.JarFile$JarEntryIterator.hasNext(JarFile.java:266)
	at java.util.jar.JarFile$JarEntryIterator.hasMoreElements(JarFile.java:275)
	at org.reflections.vfs.ZipDir$1$1.computeNext(ZipDir.java:30)
	at org.reflections.vfs.ZipDir$1$1.computeNext(ZipDir.java:26)
	at com.google.common.collect.AbstractIterator.tryToComputeNext(AbstractIterator.java:146)
	at com.google.common.collect.AbstractIterator.hasNext(AbstractIterator.java:141)
	at org.reflections.Reflections.scan(Reflections.java:243)
	at org.reflections.Reflections$1.run(Reflections.java:198)
	at java.util.concurrent.Executors$RunnableAdapter.call(Executors.java:511)
	at java.util.concurrent.FutureTask.run(FutureTask.java:266)
	at java.util.concurrent.ThreadPoolExecutor.runWorker(ThreadPoolExecutor.java:1149)
	at java.util.concurrent.ThreadPoolExecutor$Worker.run(ThreadPoolExecutor.java:624)
	at java.lang.Thread.run(Thread.java:750)
]]></error>
    <system-out><![CDATA[2022-09-29 01:23:41,965 [Listener at localhost/41255] INFO  rpc.RpcClient (RpcClient.java:createVolume(471)) - Creating Volume: volume30230, with user96848 as owner and space quota set to -1 bytes, counts quota set to -1
2022-09-29 01:23:41,966 [Listener at localhost/41255] INFO  retry.RetryInvocationHandler (RetryInvocationHandler.java:log(411)) - com.google.protobuf.ServiceException: java.io.EOFException: End of File Exception between local host is: "fv-az182-579/10.1.1.32"; destination host is: "localhost":37925; : java.io.EOFException; For more details see:  http://wiki.apache.org/hadoop/EOFException, while invoking $Proxy55.submitRequest over nodeId=omNode-1,nodeAddress=127.0.0.1:37925. Trying to failover immediately.
2022-09-29 01:23:41,970 [Listener at localhost/41255] INFO  retry.RetryInvocationHandler (RetryInvocationHandler.java:log(411)) - com.google.protobuf.ServiceException: org.apache.hadoop.ipc.RemoteException(org.apache.hadoop.ozone.om.exceptions.OMNotLeaderException): OM:omNode-2 is not the leader. Could not determine the leader node.
	at org.apache.hadoop.ozone.om.OzoneManager.checkLeaderStatus(OzoneManager.java:4053)
	at org.apache.hadoop.ozone.om.ratis.utils.OzoneManagerRatisUtils.checkLeaderStatus(OzoneManagerRatisUtils.java:446)
	at org.apache.hadoop.ozone.protocolPB.OzoneManagerProtocolServerSideTranslatorPB.processRequest(OzoneManagerProtocolServerSideTranslatorPB.java:181)
	at org.apache.hadoop.hdds.server.OzoneProtocolMessageDispatcher.processRequest(OzoneProtocolMessageDispatcher.java:87)
	at org.apache.hadoop.ozone.protocolPB.OzoneManagerProtocolServerSideTranslatorPB.submitRequest(OzoneManagerProtocolServerSideTranslatorPB.java:147)
	at org.apache.hadoop.ozone.protocol.proto.OzoneManagerProtocolProtos$OzoneManagerService$2.callBlockingMethod(OzoneManagerProtocolProtos.java)
	at org.apache.hadoop.ipc.ProtobufRpcEngine$Server.processCall(ProtobufRpcEngine.java:466)
	at org.apache.hadoop.ipc.ProtobufRpcEngine2$Server$ProtoBufRpcInvoker.call(ProtobufRpcEngine2.java:574)
	at org.apache.hadoop.ipc.ProtobufRpcEngine2$Server$ProtoBufRpcInvoker.call(ProtobufRpcEngine2.java:552)
	at org.apache.hadoop.ipc.RPC$Server.call(RPC.java:1093)
	at org.apache.hadoop.ipc.Server$RpcCall.run(Server.java:1035)
	at org.apache.hadoop.ipc.Server$RpcCall.run(Server.java:963)
	at java.security.AccessController.doPrivileged(Native Method)
	at javax.security.auth.Subject.doAs(Subject.java:422)
	at org.apache.hadoop.security.UserGroupInformation.doAs(UserGroupInformation.java:1878)
	at org.apache.hadoop.ipc.Server$Handler.run(Server.java:2966)
, while invoking $Proxy55.submitRequest over nodeId=omNode-2,nodeAddress=127.0.0.1:41255 after 1 failover attempts. Trying to failover immediately.
2022-09-29 01:23:41,972 [Listener at localhost/41255] INFO  retry.RetryInvocationHandler (RetryInvocationHandler.java:log(411)) - com.google.protobuf.ServiceException: java.io.EOFException: End of File Exception between local host is: "fv-az182-579/10.1.1.32"; destination host is: "localhost":46485; : java.io.EOFException; For more details see:  http://wiki.apache.org/hadoop/EOFException, while invoking $Proxy55.submitRequest over nodeId=omNode-3,nodeAddress=127.0.0.1:46485 after 2 failover attempts. Trying to failover after sleeping for 2000ms.
2022-09-29 01:23:42,129 [omNode-1@group-523986131536-FollowerState] INFO  impl.FollowerState (FollowerState.java:run(143)) - omNode-1@group-523986131536-FollowerState: change to CANDIDATE, lastRpcElapsedTime:1174353854ns, electionTimeout:1174ms
2022-09-29 01:23:42,130 [omNode-1@group-523986131536-FollowerState] INFO  impl.RoleInfo (RoleInfo.java:shutdownFollowerState(110)) - omNode-1: shutdown omNode-1@group-523986131536-FollowerState
2022-09-29 01:23:42,130 [omNode-1@group-523986131536-FollowerState] INFO  server.RaftServer$Division (RaftServerImpl.java:setRole(299)) - omNode-1@group-523986131536: changes role from  FOLLOWER to CANDIDATE at term 5 for changeToCandidate
2022-09-29 01:23:42,130 [omNode-1@group-523986131536-FollowerState] INFO  server.RaftServerConfigKeys (ConfUtils.java:logGet(46)) - raft.server.leaderelection.pre-vote = false (custom)
2022-09-29 01:23:42,130 [omNode-1@group-523986131536-FollowerState] INFO  impl.RoleInfo (RoleInfo.java:updateAndGet(139)) - omNode-1: start omNode-1@group-523986131536-LeaderElection17
2022-09-29 01:23:42,134 [omNode-1@group-523986131536-LeaderElection17] INFO  impl.LeaderElection (LeaderElection.java:askForVotes(310)) - omNode-1@group-523986131536-LeaderElection17 ELECTION round 0: submit vote requests at term 6 for 57: [omNode-3|rpc:localhost:45481|admin:|client:|dataStream:|priority:0, omNode-1|rpc:localhost:40693|admin:|client:|dataStream:|priority:0, omNode-2|rpc:localhost:42303|admin:|client:|dataStream:|priority:0], old=null
2022-09-29 01:23:42,142 [grpc-default-executor-1] INFO  server.RaftServer$Division (RaftServerImpl.java:requestVote(1152)) - omNode-2@group-523986131536: receive requestVote(ELECTION, omNode-1, group-523986131536, 6, (t:5, i:58))
2022-09-29 01:23:42,142 [grpc-default-executor-1] INFO  impl.VoteContext (VoteContext.java:log(48)) - omNode-2@group-523986131536-FOLLOWER: accept ELECTION from omNode-1: our last entry (t:4, i:56) < candidate's last entry (t:5, i:58)
2022-09-29 01:23:42,142 [grpc-default-executor-1] INFO  server.RaftServer$Division (RaftServerImpl.java:setRole(299)) - omNode-2@group-523986131536: changes role from  FOLLOWER to FOLLOWER at term 6 for candidate:omNode-1
2022-09-29 01:23:42,142 [grpc-default-executor-1] INFO  impl.RoleInfo (RoleInfo.java:shutdownFollowerState(110)) - omNode-2: shutdown omNode-2@group-523986131536-FollowerState
2022-09-29 01:23:42,142 [grpc-default-executor-1] INFO  impl.RoleInfo (RoleInfo.java:updateAndGet(139)) - omNode-2: start omNode-2@group-523986131536-FollowerState
2022-09-29 01:23:42,142 [omNode-2@group-523986131536-FollowerState] INFO  impl.FollowerState (FollowerState.java:run(152)) - omNode-2@group-523986131536-FollowerState was interrupted
2022-09-29 01:23:42,145 [grpc-default-executor-1] INFO  server.RaftServer$Division (RaftServerImpl.java:requestVote(1184)) - omNode-2@group-523986131536 replies to ELECTION vote request: omNode-1<-omNode-2#0:OK-t6. Peer's state: omNode-2@group-523986131536:t6, leader=null, voted=omNode-1, raftlog=omNode-2@group-523986131536-SegmentedRaftLog:OPENED:c56, conf=31: [omNode-3|rpc:localhost:45481|admin:|client:|dataStream:|priority:0, omNode-1|rpc:localhost:40693|admin:|client:|dataStream:|priority:0, omNode-2|rpc:localhost:42303|admin:|client:|dataStream:|priority:0], old=null
2022-09-29 01:23:42,147 [grpc-default-executor-1] INFO  server.RaftServer$Division (RaftServerImpl.java:requestVote(1152)) - omNode-3@group-523986131536: receive requestVote(ELECTION, omNode-1, group-523986131536, 6, (t:5, i:58))
2022-09-29 01:23:42,148 [grpc-default-executor-1] INFO  impl.VoteContext (VoteContext.java:log(48)) - omNode-3@group-523986131536-FOLLOWER: accept ELECTION from omNode-1: our priority 0 <= candidate's priority 0
2022-09-29 01:23:42,148 [grpc-default-executor-1] INFO  server.RaftServer$Division (ServerState.java:setLeader(287)) - omNode-3@group-523986131536: change Leader from omNode-1 to null at term 6 for updateCurrentTerm
2022-09-29 01:23:42,148 [grpc-default-executor-1] INFO  server.RaftServer$Division (RaftServerImpl.java:setRole(299)) - omNode-3@group-523986131536: changes role from  FOLLOWER to FOLLOWER at term 6 for candidate:omNode-1
2022-09-29 01:23:42,148 [grpc-default-executor-1] INFO  impl.RoleInfo (RoleInfo.java:shutdownFollowerState(110)) - omNode-3: shutdown omNode-3@group-523986131536-FollowerState
2022-09-29 01:23:42,148 [grpc-default-executor-1] INFO  impl.RoleInfo (RoleInfo.java:updateAndGet(139)) - omNode-3: start omNode-3@group-523986131536-FollowerState
2022-09-29 01:23:42,148 [omNode-3@group-523986131536-FollowerState] INFO  impl.FollowerState (FollowerState.java:run(152)) - omNode-3@group-523986131536-FollowerState was interrupted
2022-09-29 01:23:42,149 [grpc-default-executor-1] INFO  server.RaftServer$Division (RaftServerImpl.java:requestVote(1184)) - omNode-3@group-523986131536 replies to ELECTION vote request: omNode-1<-omNode-3#0:OK-t6. Peer's state: omNode-3@group-523986131536:t6, leader=null, voted=omNode-1, raftlog=omNode-3@group-523986131536-SegmentedRaftLog:OPENED:c58, conf=57: [omNode-3|rpc:localhost:45481|admin:|client:|dataStream:|priority:0, omNode-1|rpc:localhost:40693|admin:|client:|dataStream:|priority:0, omNode-2|rpc:localhost:42303|admin:|client:|dataStream:|priority:0], old=null
2022-09-29 01:23:42,153 [omNode-1@group-523986131536-LeaderElection17] INFO  impl.LeaderElection (LeaderElection.java:logAndReturn(90)) - omNode-1@group-523986131536-LeaderElection17: ELECTION PASSED received 1 response(s) and 0 exception(s):
2022-09-29 01:23:42,153 [omNode-1@group-523986131536-LeaderElection17] INFO  impl.LeaderElection (LeaderElection.java:logAndReturn(94)) -   Response 0: omNode-1<-omNode-3#0:OK-t6
2022-09-29 01:23:42,153 [omNode-1@group-523986131536-LeaderElection17] INFO  impl.LeaderElection (LeaderElection.java:askForVotes(312)) - omNode-1@group-523986131536-LeaderElection17 ELECTION round 0: result PASSED
2022-09-29 01:23:42,153 [omNode-1@group-523986131536-LeaderElection17] INFO  impl.RoleInfo (RoleInfo.java:shutdownLeaderElection(130)) - omNode-1: shutdown omNode-1@group-523986131536-LeaderElection17
2022-09-29 01:23:42,153 [omNode-1@group-523986131536-LeaderElection17] INFO  server.RaftServer$Division (RaftServerImpl.java:setRole(299)) - omNode-1@group-523986131536: changes role from CANDIDATE to LEADER at term 6 for changeToLeader
2022-09-29 01:23:42,153 [omNode-1@group-523986131536-LeaderElection17] INFO  server.RaftServer$Division (ServerState.java:setLeader(287)) - omNode-1@group-523986131536: change Leader from null to omNode-1 at term 6 for becomeLeader, leader elected after 1204ms
2022-09-29 01:23:42,153 [omNode-1@group-523986131536-LeaderElection17] INFO  server.RaftServerConfigKeys (ConfUtils.java:logGet(46)) - raft.server.staging.catchup.gap = 1000 (default)
2022-09-29 01:23:42,153 [omNode-1@group-523986131536-LeaderElection17] INFO  server.RaftServerConfigKeys (ConfUtils.java:logGet(46)) - raft.server.write.element-limit = 4096 (default)
2022-09-29 01:23:42,153 [omNode-1@group-523986131536-LeaderElection17] INFO  server.RaftServerConfigKeys (ConfUtils.java:logGet(46)) - raft.server.write.byte-limit = 64MB (=67108864) (default)
2022-09-29 01:23:42,153 [omNode-1@group-523986131536-LeaderElection17] INFO  server.RaftServerConfigKeys (ConfUtils.java:logGet(46)) - raft.server.watch.timeout = 10s (default)
2022-09-29 01:23:42,153 [omNode-1@group-523986131536-LeaderElection17] INFO  server.RaftServerConfigKeys (ConfUtils.java:logGet(46)) - raft.server.watch.timeout.denomination = 1s (default)
2022-09-29 01:23:42,153 [omNode-1@group-523986131536-LeaderElection17] INFO  server.RaftServerConfigKeys (ConfUtils.java:logGet(46)) - raft.server.watch.element-limit = 65536 (default)
2022-09-29 01:23:42,153 [omNode-1@group-523986131536-LeaderElection17] INFO  server.RaftServerConfigKeys (ConfUtils.java:logGet(46)) - raft.server.write.element-limit = 4096 (default)
2022-09-29 01:23:42,153 [omNode-1@group-523986131536-LeaderElection17] INFO  server.RaftServerConfigKeys (ConfUtils.java:logGet(46)) - raft.server.write.follower.gap.ratio.max = -1.0 (default)
2022-09-29 01:23:42,154 [omNode-1@group-523986131536-LeaderElection17] INFO  server.RaftServerConfigKeys (ConfUtils.java:logGet(46)) - raft.server.log.appender.snapshot.chunk.size.max = 16MB (=16777216) (default)
2022-09-29 01:23:42,154 [omNode-1@group-523986131536-LeaderElection17] INFO  server.RaftServerConfigKeys (ConfUtils.java:logGet(46)) - raft.server.log.appender.buffer.byte-limit = 33554432 (custom)
2022-09-29 01:23:42,154 [omNode-1@group-523986131536-LeaderElection17] INFO  server.RaftServerConfigKeys (ConfUtils.java:logGet(46)) - raft.server.log.appender.buffer.element-limit = 1024 (custom)
2022-09-29 01:23:42,154 [omNode-1@group-523986131536-LeaderElection17] INFO  grpc.GrpcConfigKeys (ConfUtils.java:logGet(46)) - raft.grpc.server.leader.outstanding.appends.max = 128 (default)
2022-09-29 01:23:42,154 [omNode-1@group-523986131536-LeaderElection17] INFO  server.RaftServerConfigKeys (ConfUtils.java:logGet(46)) - raft.server.rpc.request.timeout = 3000ms (default)
2022-09-29 01:23:42,154 [omNode-1@group-523986131536-LeaderElection17] INFO  server.RaftServerConfigKeys (ConfUtils.java:logGet(46)) - raft.server.log.appender.install.snapshot.enabled = false (custom)
2022-09-29 01:23:42,155 [omNode-1@group-523986131536-LeaderElection17] INFO  server.RaftServerConfigKeys (ConfUtils.java:logGet(46)) - raft.server.log.appender.snapshot.chunk.size.max = 16MB (=16777216) (default)
2022-09-29 01:23:42,155 [omNode-1@group-523986131536-LeaderElection17] INFO  server.RaftServerConfigKeys (ConfUtils.java:logGet(46)) - raft.server.log.appender.buffer.byte-limit = 33554432 (custom)
2022-09-29 01:23:42,155 [omNode-1@group-523986131536-LeaderElection17] INFO  server.RaftServerConfigKeys (ConfUtils.java:logGet(46)) - raft.server.log.appender.buffer.element-limit = 1024 (custom)
2022-09-29 01:23:42,155 [omNode-1@group-523986131536-LeaderElection17] INFO  grpc.GrpcConfigKeys (ConfUtils.java:logGet(46)) - raft.grpc.server.leader.outstanding.appends.max = 128 (default)
2022-09-29 01:23:42,155 [omNode-1@group-523986131536-LeaderElection17] INFO  server.RaftServerConfigKeys (ConfUtils.java:logGet(46)) - raft.server.rpc.request.timeout = 3000ms (default)
2022-09-29 01:23:42,155 [omNode-1@group-523986131536-LeaderElection17] INFO  server.RaftServerConfigKeys (ConfUtils.java:logGet(46)) - raft.server.log.appender.install.snapshot.enabled = false (custom)
2022-09-29 01:23:42,155 [omNode-1@group-523986131536-LeaderElection17] INFO  impl.RoleInfo (RoleInfo.java:updateAndGet(139)) - omNode-1: start omNode-1@group-523986131536-LeaderStateImpl
2022-09-29 01:23:42,156 [omNode-1@group-523986131536-LeaderElection17] INFO  segmented.SegmentedRaftLogWorker (SegmentedRaftLogWorker.java:rollLogSegment(430)) - omNode-1@group-523986131536-SegmentedRaftLogWorker: Rolling segment log-57_58 to index:58
2022-09-29 01:23:42,160 [omNode-1@group-523986131536-SegmentedRaftLogWorker] INFO  segmented.SegmentedRaftLogWorker (SegmentedRaftLogWorker.java:execute(586)) - omNode-1@group-523986131536-SegmentedRaftLogWorker: Rolled log segment from /home/runner/work/ozone/ozone/hadoop-ozone/integration-test/target/test-dir/MiniOzoneClusterImpl-a442e60d-e435-415e-98a9-f45e33772b0d/omNode-1/ratis/c9bc4cf4-3bc3-3c60-a66b-523986131536/current/log_inprogress_57 to /home/runner/work/ozone/ozone/hadoop-ozone/integration-test/target/test-dir/MiniOzoneClusterImpl-a442e60d-e435-415e-98a9-f45e33772b0d/omNode-1/ratis/c9bc4cf4-3bc3-3c60-a66b-523986131536/current/log_57-58
2022-09-29 01:23:42,164 [omNode-1@group-523986131536-LeaderElection17] INFO  server.RaftServer$Division (ServerState.java:setRaftConf(393)) - omNode-1@group-523986131536: set configuration 59: [omNode-3|rpc:localhost:45481|admin:|client:|dataStream:|priority:0, omNode-1|rpc:localhost:40693|admin:|client:|dataStream:|priority:0, omNode-2|rpc:localhost:42303|admin:|client:|dataStream:|priority:0], old=null
2022-09-29 01:23:42,165 [omNode-3-server-thread1] INFO  server.RaftServer$Division (ServerState.java:setLeader(287)) - omNode-3@group-523986131536: change Leader from null to omNode-1 at term 6 for appendEntries, leader elected after 17ms
2022-09-29 01:23:42,168 [omNode-2-server-thread1] INFO  server.RaftServer$Division (ServerState.java:setLeader(287)) - omNode-2@group-523986131536: change Leader from null to omNode-1 at term 6 for appendEntries, leader elected after 552ms
2022-09-29 01:23:42,168 [omNode-3-server-thread1] INFO  server.RaftServer$Division (ServerState.java:setRaftConf(393)) - omNode-3@group-523986131536: set configuration 59: [omNode-3|rpc:localhost:45481|admin:|client:|dataStream:|priority:0, omNode-1|rpc:localhost:40693|admin:|client:|dataStream:|priority:0, omNode-2|rpc:localhost:42303|admin:|client:|dataStream:|priority:0], old=null
2022-09-29 01:23:42,168 [omNode-2-server-thread1] INFO  server.RaftServer$Division (RaftServerImpl.java:checkInconsistentAppendEntries(1424)) - omNode-2@group-523986131536: Failed appendEntries as previous log entry ((t:5, i:58)) is not found
2022-09-29 01:23:42,169 [omNode-2-server-thread1] INFO  server.RaftServer$Division (RaftServerImpl.java:checkInconsistentAppendEntries(1394)) - omNode-2@group-523986131536: inconsistency entries. Reply:omNode-1<-omNode-2#0:FAIL-t6,INCONSISTENCY,nextIndex=57,followerCommit=56
2022-09-29 01:23:42,169 [omNode-3-server-thread1] INFO  segmented.SegmentedRaftLogWorker (SegmentedRaftLogWorker.java:rollLogSegment(430)) - omNode-3@group-523986131536-SegmentedRaftLogWorker: Rolling segment log-57_58 to index:58
2022-09-29 01:23:42,169 [omNode-3@group-523986131536-SegmentedRaftLogWorker] INFO  segmented.SegmentedRaftLogWorker (SegmentedRaftLogWorker.java:execute(586)) - omNode-3@group-523986131536-SegmentedRaftLogWorker: Rolled log segment from /home/runner/work/ozone/ozone/hadoop-ozone/integration-test/target/test-dir/MiniOzoneClusterImpl-a442e60d-e435-415e-98a9-f45e33772b0d/omNode-3/ratis/c9bc4cf4-3bc3-3c60-a66b-523986131536/current/log_inprogress_57 to /home/runner/work/ozone/ozone/hadoop-ozone/integration-test/target/test-dir/MiniOzoneClusterImpl-a442e60d-e435-415e-98a9-f45e33772b0d/omNode-3/ratis/c9bc4cf4-3bc3-3c60-a66b-523986131536/current/log_57-58
2022-09-29 01:23:42,172 [omNode-1@group-523986131536-SegmentedRaftLogWorker] INFO  segmented.SegmentedRaftLogWorker (SegmentedRaftLogWorker.java:execute(629)) - omNode-1@group-523986131536-SegmentedRaftLogWorker: created new log segment /home/runner/work/ozone/ozone/hadoop-ozone/integration-test/target/test-dir/MiniOzoneClusterImpl-a442e60d-e435-415e-98a9-f45e33772b0d/omNode-1/ratis/c9bc4cf4-3bc3-3c60-a66b-523986131536/current/log_inprogress_59
2022-09-29 01:23:42,173 [grpc-default-executor-2] INFO  leader.FollowerInfo (FollowerInfoImpl.java:lambda$new$0(48)) - omNode-1@group-523986131536->omNode-2: nextIndex: updateUnconditionally 60 -> 57
2022-09-29 01:23:42,173 [omNode-1@group-523986131536->omNode-2-GrpcLogAppender-LogAppenderDaemon] ERROR leader.LogAppenderDaemon (LogAppenderDaemon.java:run(86)) - omNode-1@group-523986131536->omNode-2-GrpcLogAppender-LogAppenderDaemon failed
java.lang.NullPointerException: omNode-1@group-523986131536->omNode-2: Previous TermIndex not found for firstIndex = 57
	at java.util.Objects.requireNonNull(Objects.java:290)
	at org.apache.ratis.server.leader.LogAppenderBase.assertProtos(LogAppenderBase.java:176)
	at org.apache.ratis.server.leader.LogAppenderBase.newAppendEntriesRequest(LogAppenderBase.java:161)
	at org.apache.ratis.grpc.server.GrpcLogAppender.appendLog(GrpcLogAppender.java:206)
	at org.apache.ratis.grpc.server.GrpcLogAppender.run(GrpcLogAppender.java:148)
	at org.apache.ratis.server.leader.LogAppenderDaemon.run(LogAppenderDaemon.java:77)
	at java.lang.Thread.run(Thread.java:750)
2022-09-29 01:23:42,175 [omNode-1@group-523986131536->omNode-2-GrpcLogAppender-LogAppenderDaemon] INFO  server.RaftServer$Division (LeaderStateImpl.java:restart(532)) - omNode-1@group-523986131536-LeaderStateImpl: Restarting GrpcLogAppender for omNode-1@group-523986131536->omNode-2
2022-09-29 01:23:42,175 [omNode-1@group-523986131536->omNode-2-GrpcLogAppender-LogAppenderDaemon] INFO  server.RaftServerConfigKeys (ConfUtils.java:logGet(46)) - raft.server.log.appender.snapshot.chunk.size.max = 16MB (=16777216) (default)
2022-09-29 01:23:42,175 [omNode-1@group-523986131536->omNode-2-GrpcLogAppender-LogAppenderDaemon] INFO  server.RaftServerConfigKeys (ConfUtils.java:logGet(46)) - raft.server.log.appender.buffer.byte-limit = 33554432 (custom)
2022-09-29 01:23:42,175 [omNode-1@group-523986131536->omNode-2-GrpcLogAppender-LogAppenderDaemon] INFO  server.RaftServerConfigKeys (ConfUtils.java:logGet(46)) - raft.server.log.appender.buffer.element-limit = 1024 (custom)
2022-09-29 01:23:42,175 [omNode-1@group-523986131536->omNode-2-GrpcLogAppender-LogAppenderDaemon] INFO  grpc.GrpcConfigKeys (ConfUtils.java:logGet(46)) - raft.grpc.server.leader.outstanding.appends.max = 128 (default)
2022-09-29 01:23:42,175 [omNode-1@group-523986131536->omNode-2-GrpcLogAppender-LogAppenderDaemon] INFO  server.RaftServerConfigKeys (ConfUtils.java:logGet(46)) - raft.server.rpc.request.timeout = 3000ms (default)
2022-09-29 01:23:42,175 [omNode-1@group-523986131536->omNode-2-GrpcLogAppender-LogAppenderDaemon] INFO  server.RaftServerConfigKeys (ConfUtils.java:logGet(46)) - raft.server.log.appender.install.snapshot.enabled = false (custom)
2022-09-29 01:23:42,174 [omNode-2-server-thread1] INFO  server.RaftServer$Division (RaftServerImpl.java:checkInconsistentAppendEntries(1424)) - omNode-2@group-523986131536: Failed appendEntries as previous log entry ((t:5, i:58)) is not found
2022-09-29 01:23:42,176 [omNode-2-server-thread1] INFO  server.RaftServer$Division (RaftServerImpl.java:checkInconsistentAppendEntries(1394)) - omNode-2@group-523986131536: inconsistency entries. Reply:omNode-1<-omNode-2#1:FAIL-t6,INCONSISTENCY,nextIndex=57,followerCommit=56
2022-09-29 01:23:42,180 [omNode-3@group-523986131536-SegmentedRaftLogWorker] INFO  segmented.SegmentedRaftLogWorker (SegmentedRaftLogWorker.java:execute(629)) - omNode-3@group-523986131536-SegmentedRaftLogWorker: created new log segment /home/runner/work/ozone/ozone/hadoop-ozone/integration-test/target/test-dir/MiniOzoneClusterImpl-a442e60d-e435-415e-98a9-f45e33772b0d/omNode-3/ratis/c9bc4cf4-3bc3-3c60-a66b-523986131536/current/log_inprogress_59
2022-09-29 01:23:42,181 [grpc-default-executor-1] INFO  leader.FollowerInfo (FollowerInfoImpl.java:lambda$new$0(48)) - omNode-1@group-523986131536->omNode-2: nextIndex: updateUnconditionally 57 -> 57
2022-09-29 01:23:42,182 [omNode-1@group-523986131536->omNode-2-GrpcLogAppender-LogAppenderDaemon] INFO  server.GrpcLogAppender (GrpcLogAppender.java:installSnapshot(541)) - omNode-1@group-523986131536->omNode-2-GrpcLogAppender: followerNextIndex = 0 but logStartIndex = 57, notify follower to install snapshot-(t:5, i:57)
2022-09-29 01:23:42,193 [omNode-1@group-523986131536->omNode-2-GrpcLogAppender-LogAppenderDaemon] INFO  server.GrpcLogAppender (GrpcLogAppender.java:installSnapshot(549)) - omNode-1@group-523986131536->omNode-2-GrpcLogAppender: send omNode-1->omNode-2#0-t6,notify:(t:5, i:57)
2022-09-29 01:23:42,193 [omNode-1@group-523986131536-StateMachineUpdater] INFO  ratis.OzoneManagerStateMachine (OzoneManagerStateMachine.java:notifyConfigurationChanged(192)) - Received Configuration change notification from Ratis. New Peer list:
[id: "omNode-3"
address: "localhost:45481"
, id: "omNode-1"
address: "localhost:40693"
, id: "omNode-2"
address: "localhost:42303"
]
2022-09-29 01:23:42,196 [omNode-3@group-523986131536-StateMachineUpdater] INFO  ratis.OzoneManagerStateMachine (OzoneManagerStateMachine.java:notifyConfigurationChanged(192)) - Received Configuration change notification from Ratis. New Peer list:
[id: "omNode-3"
address: "localhost:45481"
, id: "omNode-1"
address: "localhost:40693"
, id: "omNode-2"
address: "localhost:42303"
]
2022-09-29 01:23:42,198 [grpc-default-executor-1] INFO  impl.SnapshotInstallationHandler (SnapshotInstallationHandler.java:installSnapshot(84)) - omNode-2@group-523986131536: receive installSnapshot: omNode-1->omNode-2#0-t6,notify:(t:5, i:57)
2022-09-29 01:23:42,198 [grpc-default-executor-1] INFO  impl.SnapshotInstallationHandler (SnapshotInstallationHandler.java:notifyStateMachineToInstallSnapshot(215)) - omNode-2@group-523986131536: Received notification to install snapshot at index 57
2022-09-29 01:23:42,198 [grpc-default-executor-1] INFO  impl.SnapshotInstallationHandler (SnapshotInstallationHandler.java:notifyStateMachineToInstallSnapshot(224)) - omNode-2@group-523986131536: InstallSnapshot notification result: ALREADY_INSTALLED, current snapshot index: 56
2022-09-29 01:23:42,206 [grpc-default-executor-1] INFO  impl.SnapshotInstallationHandler (SnapshotInstallationHandler.java:installSnapshotImpl(129)) - omNode-2@group-523986131536: set new configuration index: 59
configurationEntry {
  peers {
    id: "omNode-3"
    address: "localhost:45481"
  }
  peers {
    id: "omNode-1"
    address: "localhost:40693"
  }
  peers {
    id: "omNode-2"
    address: "localhost:42303"
  }
}
 from snapshot
2022-09-29 01:23:42,206 [grpc-default-executor-1] INFO  server.RaftServer$Division (ServerState.java:setRaftConf(393)) - omNode-2@group-523986131536: set configuration 59: [omNode-3|rpc:localhost:45481|admin:|client:|dataStream:|priority:0, omNode-1|rpc:localhost:40693|admin:|client:|dataStream:|priority:0, omNode-2|rpc:localhost:42303|admin:|client:|dataStream:|priority:0], old=null
2022-09-29 01:23:42,207 [grpc-default-executor-1] INFO  ratis.OzoneManagerStateMachine (OzoneManagerStateMachine.java:notifyConfigurationChanged(192)) - Received Configuration change notification from Ratis. New Peer list:
[id: "omNode-3"
address: "localhost:45481"
, id: "omNode-1"
address: "localhost:40693"
, id: "omNode-2"
address: "localhost:42303"
]
2022-09-29 01:23:42,207 [grpc-default-executor-1] INFO  impl.SnapshotInstallationHandler (SnapshotInstallationHandler.java:installSnapshot(95)) - omNode-2@group-523986131536: reply installSnapshot: omNode-1<-omNode-2#0:FAIL-t6,ALREADY_INSTALLED,snapshotIndex=56
2022-09-29 01:23:42,207 [grpc-default-executor-1] INFO  server.GrpcServerProtocolService (GrpcServerProtocolService.java:onCompleted(140)) - omNode-2: Completed INSTALL_SNAPSHOT, lastRequest: omNode-1->omNode-2#0-t6,notify:(t:5, i:57)
2022-09-29 01:23:42,211 [grpc-default-executor-1] INFO  server.GrpcLogAppender (GrpcLogAppender.java:onNext(403)) - omNode-1@group-523986131536->omNode-2-InstallSnapshotResponseHandler: received the first reply omNode-1<-omNode-2#0:FAIL-t6,ALREADY_INSTALLED,snapshotIndex=56
2022-09-29 01:23:42,211 [grpc-default-executor-1] INFO  server.GrpcLogAppender (GrpcLogAppender.java:onNext(426)) - omNode-1@group-523986131536->omNode-2-InstallSnapshotResponseHandler: Follower snapshot is already at index 56.
2022-09-29 01:23:42,211 [grpc-default-executor-1] INFO  leader.FollowerInfo (FollowerInfoImpl.java:lambda$new$0(48)) - omNode-1@group-523986131536->omNode-2: snapshotIndex: setUnconditionally 0 -> 56
2022-09-29 01:23:42,211 [grpc-default-executor-1] INFO  leader.FollowerInfo (FollowerInfoImpl.java:lambda$new$0(48)) - omNode-1@group-523986131536->omNode-2: matchIndex: setUnconditionally 0 -> 56
2022-09-29 01:23:42,211 [grpc-default-executor-1] INFO  leader.FollowerInfo (FollowerInfoImpl.java:lambda$new$0(48)) - omNode-1@group-523986131536->omNode-2: nextIndex: setUnconditionally 0 -> 57
2022-09-29 01:23:42,211 [grpc-default-executor-1] INFO  leader.FollowerInfo (FollowerInfoImpl.java:setAttemptedToInstallSnapshot(118)) - Follower omNode-1@group-523986131536->omNode-2 acknowledged installing snapshot
2022-09-29 01:23:42,211 [grpc-default-executor-1] INFO  leader.FollowerInfo (FollowerInfoImpl.java:lambda$new$0(48)) - omNode-1@group-523986131536->omNode-2: nextIndex: updateToMax old=57, new=57, updated? false
2022-09-29 01:23:42,718 [omNode-2-server-thread1] INFO  server.RaftServer$Division (RaftServerImpl.java:checkInconsistentAppendEntries(1424)) - omNode-2@group-523986131536: Failed appendEntries as previous log entry ((t:6, i:60)) is not found
2022-09-29 01:23:42,718 [omNode-2-server-thread1] INFO  server.RaftServer$Division (RaftServerImpl.java:checkInconsistentAppendEntries(1394)) - omNode-2@group-523986131536: inconsistency entries. Reply:omNode-1<-omNode-2#52:FAIL-t6,INCONSISTENCY,nextIndex=57,followerCommit=56
2022-09-29 01:23:42,720 [grpc-default-executor-1] INFO  leader.FollowerInfo (FollowerInfoImpl.java:lambda$new$0(48)) - omNode-1@group-523986131536->omNode-2: nextIndex: updateUnconditionally 61 -> 57
2022-09-29 01:23:43,221 [omNode-2-server-thread1] INFO  server.RaftServer$Division (RaftServerImpl.java:checkInconsistentAppendEntries(1424)) - omNode-2@group-523986131536: Failed appendEntries as previous log entry ((t:6, i:60)) is not found
2022-09-29 01:23:43,222 [omNode-2-server-thread1] INFO  server.RaftServer$Division (RaftServerImpl.java:checkInconsistentAppendEntries(1394)) - omNode-2@group-523986131536: inconsistency entries. Reply:omNode-1<-omNode-2#102:FAIL-t6,INCONSISTENCY,nextIndex=57,followerCommit=56
2022-09-29 01:23:43,222 [grpc-default-executor-1] INFO  leader.FollowerInfo (FollowerInfoImpl.java:lambda$new$0(48)) - omNode-1@group-523986131536->omNode-2: nextIndex: updateUnconditionally 61 -> 57
2022-09-29 01:23:43,723 [omNode-2-server-thread1] INFO  server.RaftServer$Division (RaftServerImpl.java:checkInconsistentAppendEntries(1424)) - omNode-2@group-523986131536: Failed appendEntries as previous log entry ((t:6, i:60)) is not found
2022-09-29 01:23:43,723 [omNode-2-server-thread1] INFO  server.RaftServer$Division (RaftServerImpl.java:checkInconsistentAppendEntries(1394)) - omNode-2@group-523986131536: inconsistency entries. Reply:omNode-1<-omNode-2#153:FAIL-t6,INCONSISTENCY,nextIndex=57,followerCommit=56
2022-09-29 01:23:43,724 [grpc-default-executor-2] INFO  leader.FollowerInfo (FollowerInfoImpl.java:lambda$new$0(48)) - omNode-1@group-523986131536->omNode-2: nextIndex: updateUnconditionally 61 -> 57
2022-09-29 01:23:43,985 [omNode-2-server-thread1] INFO  server.RaftServer$Division (RaftServerImpl.java:checkInconsistentAppendEntries(1424)) - omNode-2@group-523986131536: Failed appendEntries as previous log entry ((t:6, i:60)) is not found
2022-09-29 01:23:43,985 [omNode-2-server-thread1] INFO  server.RaftServer$Division (RaftServerImpl.java:checkInconsistentAppendEntries(1394)) - omNode-2@group-523986131536: inconsistency entries. Reply:omNode-1<-omNode-2#180:FAIL-t6,INCONSISTENCY,nextIndex=57,followerCommit=56
2022-09-29 01:23:43,989 [omNode-2-server-thread1] INFO  server.RaftServer$Division (RaftServerImpl.java:checkInconsistentAppendEntries(1424)) - omNode-2@group-523986131536: Failed appendEntries as previous log entry ((t:6, i:61)) is not found
2022-09-29 01:23:43,989 [omNode-2-server-thread1] INFO  server.RaftServer$Division (RaftServerImpl.java:checkInconsistentAppendEntries(1394)) - omNode-2@group-523986131536: inconsistency entries. Reply:omNode-1<-omNode-2#181:FAIL-t6,INCONSISTENCY,nextIndex=57,followerCommit=56
2022-09-29 01:23:43,989 [OM StateMachine ApplyTransaction Thread - 0] INFO  volume.OMVolumeCreateRequest (OMVolumeCreateRequest.java:validateAndUpdateCache(195)) - created volume:volume30230 for user:user96848
2022-09-29 01:23:44,007 [Listener at localhost/41255] INFO  rpc.RpcClient (RpcClient.java:createBucket(674)) - Creating Bucket: volume30230/711e4b60-8a36-4f37-bab4-d9bf6e1d1da1, with server-side default bucket layout, runner as owner, Versioning false, Storage Type set to DISK and Encryption set to false 
2022-09-29 01:23:44,009 [OM StateMachine ApplyTransaction Thread - 0] INFO  volume.OMVolumeCreateRequest (OMVolumeCreateRequest.java:validateAndUpdateCache(195)) - created volume:volume30230 for user:user96848
2022-09-29 01:23:44,011 [omNode-2-server-thread1] INFO  server.RaftServer$Division (RaftServerImpl.java:checkInconsistentAppendEntries(1424)) - omNode-2@group-523986131536: Failed appendEntries as previous log entry ((t:6, i:62)) is not found
2022-09-29 01:23:44,011 [omNode-2-server-thread1] INFO  server.RaftServer$Division (RaftServerImpl.java:checkInconsistentAppendEntries(1394)) - omNode-2@group-523986131536: inconsistency entries. Reply:omNode-1<-omNode-2#184:FAIL-t6,INCONSISTENCY,nextIndex=57,followerCommit=56
2022-09-29 01:23:44,023 [OM StateMachine ApplyTransaction Thread - 0] INFO  bucket.OMBucketCreateRequest (OMBucketCreateRequest.java:validateAndUpdateCache(260)) - created bucket: 711e4b60-8a36-4f37-bab4-d9bf6e1d1da1 of layout LEGACY in volume: volume30230
2022-09-29 01:23:44,025 [omNode-2-server-thread1] INFO  server.RaftServer$Division (RaftServerImpl.java:checkInconsistentAppendEntries(1424)) - omNode-2@group-523986131536: Failed appendEntries as previous log entry ((t:6, i:63)) is not found
2022-09-29 01:23:44,025 [omNode-2-server-thread1] INFO  server.RaftServer$Division (RaftServerImpl.java:checkInconsistentAppendEntries(1394)) - omNode-2@group-523986131536: inconsistency entries. Reply:omNode-1<-omNode-2#187:FAIL-t6,INCONSISTENCY,nextIndex=57,followerCommit=56
2022-09-29 01:23:44,035 [OM StateMachine ApplyTransaction Thread - 0] INFO  bucket.OMBucketCreateRequest (OMBucketCreateRequest.java:validateAndUpdateCache(260)) - created bucket: 711e4b60-8a36-4f37-bab4-d9bf6e1d1da1 of layout LEGACY in volume: volume30230
2022-09-29 01:23:44,062 [omNode-2-server-thread1] INFO  server.RaftServer$Division (RaftServerImpl.java:checkInconsistentAppendEntries(1424)) - omNode-2@group-523986131536: Failed appendEntries as previous log entry ((t:6, i:64)) is not found
2022-09-29 01:23:44,062 [omNode-2-server-thread1] INFO  server.RaftServer$Division (RaftServerImpl.java:checkInconsistentAppendEntries(1394)) - omNode-2@group-523986131536: inconsistency entries. Reply:omNode-1<-omNode-2#193:FAIL-t6,INCONSISTENCY,nextIndex=57,followerCommit=56
2022-09-29 01:23:44,066 [omNode-2-server-thread1] INFO  server.RaftServer$Division (RaftServerImpl.java:checkInconsistentAppendEntries(1424)) - omNode-2@group-523986131536: Failed appendEntries as previous log entry ((t:6, i:65)) is not found
2022-09-29 01:23:44,066 [omNode-2-server-thread1] INFO  server.RaftServer$Division (RaftServerImpl.java:checkInconsistentAppendEntries(1394)) - omNode-2@group-523986131536: inconsistency entries. Reply:omNode-1<-omNode-2#194:FAIL-t6,INCONSISTENCY,nextIndex=57,followerCommit=56
2022-09-29 01:23:44,140 [omNode-2-server-thread1] INFO  server.RaftServer$Division (RaftServerImpl.java:checkInconsistentAppendEntries(1424)) - omNode-2@group-523986131536: Failed appendEntries as previous log entry ((t:6, i:66)) is not found
2022-09-29 01:23:44,140 [omNode-2-server-thread1] INFO  server.RaftServer$Division (RaftServerImpl.java:checkInconsistentAppendEntries(1394)) - omNode-2@group-523986131536: inconsistency entries. Reply:omNode-1<-omNode-2#203:FAIL-t6,INCONSISTENCY,nextIndex=57,followerCommit=56
2022-09-29 01:23:44,144 [omNode-2-server-thread1] INFO  server.RaftServer$Division (RaftServerImpl.java:checkInconsistentAppendEntries(1424)) - omNode-2@group-523986131536: Failed appendEntries as previous log entry ((t:6, i:67)) is not found
2022-09-29 01:23:44,144 [omNode-2-server-thread1] INFO  server.RaftServer$Division (RaftServerImpl.java:checkInconsistentAppendEntries(1394)) - omNode-2@group-523986131536: inconsistency entries. Reply:omNode-1<-omNode-2#205:FAIL-t6,INCONSISTENCY,nextIndex=57,followerCommit=56
2022-09-29 01:23:44,178 [omNode-2-server-thread1] INFO  server.RaftServer$Division (RaftServerImpl.java:checkInconsistentAppendEntries(1424)) - omNode-2@group-523986131536: Failed appendEntries as previous log entry ((t:6, i:68)) is not found
2022-09-29 01:23:44,178 [omNode-2-server-thread1] INFO  server.RaftServer$Division (RaftServerImpl.java:checkInconsistentAppendEntries(1394)) - omNode-2@group-523986131536: inconsistency entries. Reply:omNode-1<-omNode-2#210:FAIL-t6,INCONSISTENCY,nextIndex=57,followerCommit=56
2022-09-29 01:23:44,184 [omNode-2-server-thread1] INFO  server.RaftServer$Division (RaftServerImpl.java:checkInconsistentAppendEntries(1424)) - omNode-2@group-523986131536: Failed appendEntries as previous log entry ((t:6, i:69)) is not found
2022-09-29 01:23:44,184 [omNode-2-server-thread1] INFO  server.RaftServer$Division (RaftServerImpl.java:checkInconsistentAppendEntries(1394)) - omNode-2@group-523986131536: inconsistency entries. Reply:omNode-1<-omNode-2#212:FAIL-t6,INCONSISTENCY,nextIndex=57,followerCommit=56
2022-09-29 01:23:44,201 [omNode-2-server-thread1] INFO  server.RaftServer$Division (RaftServerImpl.java:checkInconsistentAppendEntries(1424)) - omNode-2@group-523986131536: Failed appendEntries as previous log entry ((t:6, i:70)) is not found
2022-09-29 01:23:44,201 [omNode-2-server-thread1] INFO  server.RaftServer$Division (RaftServerImpl.java:checkInconsistentAppendEntries(1394)) - omNode-2@group-523986131536: inconsistency entries. Reply:omNode-1<-omNode-2#216:FAIL-t6,INCONSISTENCY,nextIndex=57,followerCommit=56
2022-09-29 01:23:44,206 [omNode-2-server-thread1] INFO  server.RaftServer$Division (RaftServerImpl.java:checkInconsistentAppendEntries(1424)) - omNode-2@group-523986131536: Failed appendEntries as previous log entry ((t:6, i:71)) is not found
2022-09-29 01:23:44,206 [omNode-2-server-thread1] INFO  server.RaftServer$Division (RaftServerImpl.java:checkInconsistentAppendEntries(1394)) - omNode-2@group-523986131536: inconsistency entries. Reply:omNode-1<-omNode-2#218:FAIL-t6,INCONSISTENCY,nextIndex=57,followerCommit=56
2022-09-29 01:23:44,227 [omNode-2-server-thread1] INFO  server.RaftServer$Division (RaftServerImpl.java:checkInconsistentAppendEntries(1424)) - omNode-2@group-523986131536: Failed appendEntries as previous log entry ((t:6, i:72)) is not found
2022-09-29 01:23:44,228 [omNode-2-server-thread1] INFO  server.RaftServer$Division (RaftServerImpl.java:checkInconsistentAppendEntries(1394)) - omNode-2@group-523986131536: inconsistency entries. Reply:omNode-1<-omNode-2#222:FAIL-t6,INCONSISTENCY,nextIndex=57,followerCommit=56
2022-09-29 01:23:44,228 [grpc-default-executor-2] INFO  leader.FollowerInfo (FollowerInfoImpl.java:lambda$new$0(48)) - omNode-1@group-523986131536->omNode-2: nextIndex: updateUnconditionally 74 -> 57
2022-09-29 01:23:44,229 [omNode-2-server-thread1] INFO  server.RaftServer$Division (RaftServerImpl.java:checkInconsistentAppendEntries(1424)) - omNode-2@group-523986131536: Failed appendEntries as previous log entry ((t:6, i:72)) is not found
2022-09-29 01:23:44,229 [omNode-2-server-thread1] INFO  server.RaftServer$Division (RaftServerImpl.java:checkInconsistentAppendEntries(1394)) - omNode-2@group-523986131536: inconsistency entries. Reply:omNode-1<-omNode-2#223:FAIL-t6,INCONSISTENCY,nextIndex=57,followerCommit=56
2022-09-29 01:23:44,237 [omNode-2-server-thread1] INFO  server.RaftServer$Division (RaftServerImpl.java:checkInconsistentAppendEntries(1424)) - omNode-2@group-523986131536: Failed appendEntries as previous log entry ((t:6, i:73)) is not found
2022-09-29 01:23:44,237 [omNode-2-server-thread1] INFO  server.RaftServer$Division (RaftServerImpl.java:checkInconsistentAppendEntries(1394)) - omNode-2@group-523986131536: inconsistency entries. Reply:omNode-1<-omNode-2#225:FAIL-t6,INCONSISTENCY,nextIndex=57,followerCommit=56
2022-09-29 01:23:44,252 [omNode-2-server-thread1] INFO  server.RaftServer$Division (RaftServerImpl.java:checkInconsistentAppendEntries(1424)) - omNode-2@group-523986131536: Failed appendEntries as previous log entry ((t:6, i:74)) is not found
2022-09-29 01:23:44,253 [omNode-2-server-thread1] INFO  server.RaftServer$Division (RaftServerImpl.java:checkInconsistentAppendEntries(1394)) - omNode-2@group-523986131536: inconsistency entries. Reply:omNode-1<-omNode-2#228:FAIL-t6,INCONSISTENCY,nextIndex=57,followerCommit=56
2022-09-29 01:23:44,260 [omNode-2-server-thread1] INFO  server.RaftServer$Division (RaftServerImpl.java:checkInconsistentAppendEntries(1424)) - omNode-2@group-523986131536: Failed appendEntries as previous log entry ((t:6, i:75)) is not found
2022-09-29 01:23:44,260 [omNode-2-server-thread1] INFO  server.RaftServer$Division (RaftServerImpl.java:checkInconsistentAppendEntries(1394)) - omNode-2@group-523986131536: inconsistency entries. Reply:omNode-1<-omNode-2#230:FAIL-t6,INCONSISTENCY,nextIndex=57,followerCommit=56
2022-09-29 01:23:44,278 [omNode-2-server-thread1] INFO  server.RaftServer$Division (RaftServerImpl.java:checkInconsistentAppendEntries(1424)) - omNode-2@group-523986131536: Failed appendEntries as previous log entry ((t:6, i:76)) is not found
2022-09-29 01:23:44,278 [omNode-2-server-thread1] INFO  server.RaftServer$Division (RaftServerImpl.java:checkInconsistentAppendEntries(1394)) - omNode-2@group-523986131536: inconsistency entries. Reply:omNode-1<-omNode-2#234:FAIL-t6,INCONSISTENCY,nextIndex=57,followerCommit=56
2022-09-29 01:23:44,288 [omNode-2-server-thread1] INFO  server.RaftServer$Division (RaftServerImpl.java:checkInconsistentAppendEntries(1424)) - omNode-2@group-523986131536: Failed appendEntries as previous log entry ((t:6, i:77)) is not found
2022-09-29 01:23:44,288 [omNode-2-server-thread1] INFO  server.RaftServer$Division (RaftServerImpl.java:checkInconsistentAppendEntries(1394)) - omNode-2@group-523986131536: inconsistency entries. Reply:omNode-1<-omNode-2#236:FAIL-t6,INCONSISTENCY,nextIndex=57,followerCommit=56
01:23:44.287 [OM StateMachine ApplyTransaction Thread - 0] ERROR OMAudit - user=runner | ip=127.0.0.1 | op=CREATE_FILE {volume=volume30230, bucket=711e4b60-8a36-4f37-bab4-d9bf6e1d1da1, key=dir1/dir2/dir3/file1, dataSize=23, replicationType=RATIS, replicationFactor=ONE} | ret=FAILURE
org.apache.hadoop.ozone.om.exceptions.OMException: File dir1/dir2/dir3/file1 already exists
	at org.apache.hadoop.ozone.om.request.file.OMFileCreateRequest.checkDirectoryResult(OMFileCreateRequest.java:360) ~[ozone-manager-1.3.0-SNAPSHOT.jar:?]
	at org.apache.hadoop.ozone.om.request.file.OMFileCreateRequest.validateAndUpdateCache(OMFileCreateRequest.java:240) ~[ozone-manager-1.3.0-SNAPSHOT.jar:?]
	at org.apache.hadoop.ozone.protocolPB.OzoneManagerRequestHandler.handleWriteRequest(OzoneManagerRequestHandler.java:304) ~[ozone-manager-1.3.0-SNAPSHOT.jar:?]
	at org.apache.hadoop.ozone.om.ratis.OzoneManagerStateMachine.runCommand(OzoneManagerStateMachine.java:529) ~[ozone-manager-1.3.0-SNAPSHOT.jar:?]
	at org.apache.hadoop.ozone.om.ratis.OzoneManagerStateMachine.lambda$1(OzoneManagerStateMachine.java:324) ~[ozone-manager-1.3.0-SNAPSHOT.jar:?]
	at java.util.concurrent.CompletableFuture$AsyncSupply.run(CompletableFuture.java:1604) [?:1.8.0_345]
	at java.util.concurrent.ThreadPoolExecutor.runWorker(ThreadPoolExecutor.java:1149) [?:1.8.0_345]
	at java.util.concurrent.ThreadPoolExecutor$Worker.run(ThreadPoolExecutor.java:624) [?:1.8.0_345]
	at java.lang.Thread.run(Thread.java:750) [?:1.8.0_345]
01:23:44.290 [OM StateMachine ApplyTransaction Thread - 0] ERROR OMAudit - user=runner | ip=127.0.0.1 | op=CREATE_FILE {volume=volume30230, bucket=711e4b60-8a36-4f37-bab4-d9bf6e1d1da1, key=dir1/dir2/dir3/file1, dataSize=23, replicationType=RATIS, replicationFactor=ONE} | ret=FAILURE
org.apache.hadoop.ozone.om.exceptions.OMException: File dir1/dir2/dir3/file1 already exists
	at org.apache.hadoop.ozone.om.request.file.OMFileCreateRequest.checkDirectoryResult(OMFileCreateRequest.java:360) ~[ozone-manager-1.3.0-SNAPSHOT.jar:?]
	at org.apache.hadoop.ozone.om.request.file.OMFileCreateRequest.validateAndUpdateCache(OMFileCreateRequest.java:240) ~[ozone-manager-1.3.0-SNAPSHOT.jar:?]
	at org.apache.hadoop.ozone.protocolPB.OzoneManagerRequestHandler.handleWriteRequest(OzoneManagerRequestHandler.java:304) ~[ozone-manager-1.3.0-SNAPSHOT.jar:?]
	at org.apache.hadoop.ozone.om.ratis.OzoneManagerStateMachine.runCommand(OzoneManagerStateMachine.java:529) ~[ozone-manager-1.3.0-SNAPSHOT.jar:?]
	at org.apache.hadoop.ozone.om.ratis.OzoneManagerStateMachine.lambda$1(OzoneManagerStateMachine.java:324) ~[ozone-manager-1.3.0-SNAPSHOT.jar:?]
	at java.util.concurrent.CompletableFuture$AsyncSupply.run(CompletableFuture.java:1604) [?:1.8.0_345]
	at java.util.concurrent.ThreadPoolExecutor.runWorker(ThreadPoolExecutor.java:1149) [?:1.8.0_345]
	at java.util.concurrent.ThreadPoolExecutor$Worker.run(ThreadPoolExecutor.java:624) [?:1.8.0_345]
	at java.lang.Thread.run(Thread.java:750) [?:1.8.0_345]
2022-09-29 01:23:44,301 [OM StateMachine ApplyTransaction Thread - 0] ERROR file.OMFileCreateRequest (OMFileCreateRequest.java:validateAndUpdateCache(337)) - File create failed. Volume:volume30230, Bucket:711e4b60-8a36-4f37-bab4-d9bf6e1d1da1, Keydir1/dir2/dir3/file1.
FILE_ALREADY_EXISTS org.apache.hadoop.ozone.om.exceptions.OMException: File dir1/dir2/dir3/file1 already exists
	at org.apache.hadoop.ozone.om.request.file.OMFileCreateRequest.checkDirectoryResult(OMFileCreateRequest.java:360)
	at org.apache.hadoop.ozone.om.request.file.OMFileCreateRequest.validateAndUpdateCache(OMFileCreateRequest.java:240)
	at org.apache.hadoop.ozone.protocolPB.OzoneManagerRequestHandler.handleWriteRequest(OzoneManagerRequestHandler.java:304)
	at org.apache.hadoop.ozone.om.ratis.OzoneManagerStateMachine.runCommand(OzoneManagerStateMachine.java:529)
	at org.apache.hadoop.ozone.om.ratis.OzoneManagerStateMachine.lambda$1(OzoneManagerStateMachine.java:324)
	at java.util.concurrent.CompletableFuture$AsyncSupply.run(CompletableFuture.java:1604)
	at java.util.concurrent.ThreadPoolExecutor.runWorker(ThreadPoolExecutor.java:1149)
	at java.util.concurrent.ThreadPoolExecutor$Worker.run(ThreadPoolExecutor.java:624)
	at java.lang.Thread.run(Thread.java:750)
2022-09-29 01:23:44,301 [OM StateMachine ApplyTransaction Thread - 0] ERROR file.OMFileCreateRequest (OMFileCreateRequest.java:validateAndUpdateCache(337)) - File create failed. Volume:volume30230, Bucket:711e4b60-8a36-4f37-bab4-d9bf6e1d1da1, Keydir1/dir2/dir3/file1.
FILE_ALREADY_EXISTS org.apache.hadoop.ozone.om.exceptions.OMException: File dir1/dir2/dir3/file1 already exists
	at org.apache.hadoop.ozone.om.request.file.OMFileCreateRequest.checkDirectoryResult(OMFileCreateRequest.java:360)
	at org.apache.hadoop.ozone.om.request.file.OMFileCreateRequest.validateAndUpdateCache(OMFileCreateRequest.java:240)
	at org.apache.hadoop.ozone.protocolPB.OzoneManagerRequestHandler.handleWriteRequest(OzoneManagerRequestHandler.java:304)
	at org.apache.hadoop.ozone.om.ratis.OzoneManagerStateMachine.runCommand(OzoneManagerStateMachine.java:529)
	at org.apache.hadoop.ozone.om.ratis.OzoneManagerStateMachine.lambda$1(OzoneManagerStateMachine.java:324)
	at java.util.concurrent.CompletableFuture$AsyncSupply.run(CompletableFuture.java:1604)
	at java.util.concurrent.ThreadPoolExecutor.runWorker(ThreadPoolExecutor.java:1149)
	at java.util.concurrent.ThreadPoolExecutor$Worker.run(ThreadPoolExecutor.java:624)
	at java.lang.Thread.run(Thread.java:750)
2022-09-29 01:23:44,308 [omNode-2-server-thread1] INFO  server.RaftServer$Division (RaftServerImpl.java:checkInconsistentAppendEntries(1424)) - omNode-2@group-523986131536: Failed appendEntries as previous log entry ((t:6, i:78)) is not found
2022-09-29 01:23:44,308 [omNode-2-server-thread1] INFO  server.RaftServer$Division (RaftServerImpl.java:checkInconsistentAppendEntries(1394)) - omNode-2@group-523986131536: inconsistency entries. Reply:omNode-1<-omNode-2#241:FAIL-t6,INCONSISTENCY,nextIndex=57,followerCommit=56
2022-09-29 01:23:44,312 [omNode-2-server-thread1] INFO  server.RaftServer$Division (RaftServerImpl.java:checkInconsistentAppendEntries(1424)) - omNode-2@group-523986131536: Failed appendEntries as previous log entry ((t:6, i:79)) is not found
2022-09-29 01:23:44,312 [omNode-2-server-thread1] INFO  server.RaftServer$Division (RaftServerImpl.java:checkInconsistentAppendEntries(1394)) - omNode-2@group-523986131536: inconsistency entries. Reply:omNode-1<-omNode-2#243:FAIL-t6,INCONSISTENCY,nextIndex=57,followerCommit=56
2022-09-29 01:23:44,322 [omNode-2-server-thread1] INFO  server.RaftServer$Division (RaftServerImpl.java:checkInconsistentAppendEntries(1424)) - omNode-2@group-523986131536: Failed appendEntries as previous log entry ((t:6, i:80)) is not found
2022-09-29 01:23:44,322 [omNode-2-server-thread1] INFO  server.RaftServer$Division (RaftServerImpl.java:checkInconsistentAppendEntries(1394)) - omNode-2@group-523986131536: inconsistency entries. Reply:omNode-1<-omNode-2#245:FAIL-t6,INCONSISTENCY,nextIndex=57,followerCommit=56
2022-09-29 01:23:44,325 [omNode-2-server-thread1] INFO  server.RaftServer$Division (RaftServerImpl.java:checkInconsistentAppendEntries(1424)) - omNode-2@group-523986131536: Failed appendEntries as previous log entry ((t:6, i:81)) is not found
2022-09-29 01:23:44,325 [omNode-2-server-thread1] INFO  server.RaftServer$Division (RaftServerImpl.java:checkInconsistentAppendEntries(1394)) - omNode-2@group-523986131536: inconsistency entries. Reply:omNode-1<-omNode-2#247:FAIL-t6,INCONSISTENCY,nextIndex=57,followerCommit=56
01:23:44.325 [OM StateMachine ApplyTransaction Thread - 0] ERROR OMAudit - user=runner | ip=127.0.0.1 | op=CREATE_FILE {volume=volume30230, bucket=711e4b60-8a36-4f37-bab4-d9bf6e1d1da1, key=folder/folder2, dataSize=23, replicationType=RATIS, replicationFactor=ONE} | ret=FAILURE
org.apache.hadoop.ozone.om.exceptions.OMException: Can not write to directory: folder/folder2
	at org.apache.hadoop.ozone.om.request.file.OMFileCreateRequest.checkDirectoryResult(OMFileCreateRequest.java:364) ~[ozone-manager-1.3.0-SNAPSHOT.jar:?]
	at org.apache.hadoop.ozone.om.request.file.OMFileCreateRequest.validateAndUpdateCache(OMFileCreateRequest.java:240) ~[ozone-manager-1.3.0-SNAPSHOT.jar:?]
	at org.apache.hadoop.ozone.protocolPB.OzoneManagerRequestHandler.handleWriteRequest(OzoneManagerRequestHandler.java:304) ~[ozone-manager-1.3.0-SNAPSHOT.jar:?]
	at org.apache.hadoop.ozone.om.ratis.OzoneManagerStateMachine.runCommand(OzoneManagerStateMachine.java:529) ~[ozone-manager-1.3.0-SNAPSHOT.jar:?]
	at org.apache.hadoop.ozone.om.ratis.OzoneManagerStateMachine.lambda$1(OzoneManagerStateMachine.java:324) ~[ozone-manager-1.3.0-SNAPSHOT.jar:?]
	at java.util.concurrent.CompletableFuture$AsyncSupply.run(CompletableFuture.java:1604) [?:1.8.0_345]
	at java.util.concurrent.ThreadPoolExecutor.runWorker(ThreadPoolExecutor.java:1149) [?:1.8.0_345]
	at java.util.concurrent.ThreadPoolExecutor$Worker.run(ThreadPoolExecutor.java:624) [?:1.8.0_345]
	at java.lang.Thread.run(Thread.java:750) [?:1.8.0_345]
2022-09-29 01:23:44,326 [OM StateMachine ApplyTransaction Thread - 0] ERROR file.OMFileCreateRequest (OMFileCreateRequest.java:validateAndUpdateCache(337)) - File create failed. Volume:volume30230, Bucket:711e4b60-8a36-4f37-bab4-d9bf6e1d1da1, Keyfolder/folder2.
NOT_A_FILE org.apache.hadoop.ozone.om.exceptions.OMException: Can not write to directory: folder/folder2
	at org.apache.hadoop.ozone.om.request.file.OMFileCreateRequest.checkDirectoryResult(OMFileCreateRequest.java:364)
	at org.apache.hadoop.ozone.om.request.file.OMFileCreateRequest.validateAndUpdateCache(OMFileCreateRequest.java:240)
	at org.apache.hadoop.ozone.protocolPB.OzoneManagerRequestHandler.handleWriteRequest(OzoneManagerRequestHandler.java:304)
	at org.apache.hadoop.ozone.om.ratis.OzoneManagerStateMachine.runCommand(OzoneManagerStateMachine.java:529)
	at org.apache.hadoop.ozone.om.ratis.OzoneManagerStateMachine.lambda$1(OzoneManagerStateMachine.java:324)
	at java.util.concurrent.CompletableFuture$AsyncSupply.run(CompletableFuture.java:1604)
	at java.util.concurrent.ThreadPoolExecutor.runWorker(ThreadPoolExecutor.java:1149)
	at java.util.concurrent.ThreadPoolExecutor$Worker.run(ThreadPoolExecutor.java:624)
	at java.lang.Thread.run(Thread.java:750)
01:23:44.333 [OM StateMachine ApplyTransaction Thread - 0] ERROR OMAudit - user=runner | ip=127.0.0.1 | op=CREATE_FILE {volume=volume30230, bucket=711e4b60-8a36-4f37-bab4-d9bf6e1d1da1, key=folder/folder2, dataSize=23, replicationType=RATIS, replicationFactor=ONE} | ret=FAILURE
org.apache.hadoop.ozone.om.exceptions.OMException: Can not write to directory: folder/folder2
	at org.apache.hadoop.ozone.om.request.file.OMFileCreateRequest.checkDirectoryResult(OMFileCreateRequest.java:364) ~[ozone-manager-1.3.0-SNAPSHOT.jar:?]
	at org.apache.hadoop.ozone.om.request.file.OMFileCreateRequest.validateAndUpdateCache(OMFileCreateRequest.java:240) ~[ozone-manager-1.3.0-SNAPSHOT.jar:?]
	at org.apache.hadoop.ozone.protocolPB.OzoneManagerRequestHandler.handleWriteRequest(OzoneManagerRequestHandler.java:304) ~[ozone-manager-1.3.0-SNAPSHOT.jar:?]
	at org.apache.hadoop.ozone.om.ratis.OzoneManagerStateMachine.runCommand(OzoneManagerStateMachine.java:529) ~[ozone-manager-1.3.0-SNAPSHOT.jar:?]
	at org.apache.hadoop.ozone.om.ratis.OzoneManagerStateMachine.lambda$1(OzoneManagerStateMachine.java:324) ~[ozone-manager-1.3.0-SNAPSHOT.jar:?]
	at java.util.concurrent.CompletableFuture$AsyncSupply.run(CompletableFuture.java:1604) [?:1.8.0_345]
	at java.util.concurrent.ThreadPoolExecutor.runWorker(ThreadPoolExecutor.java:1149) [?:1.8.0_345]
	at java.util.concurrent.ThreadPoolExecutor$Worker.run(ThreadPoolExecutor.java:624) [?:1.8.0_345]
	at java.lang.Thread.run(Thread.java:750) [?:1.8.0_345]
2022-09-29 01:23:44,334 [OM StateMachine ApplyTransaction Thread - 0] ERROR file.OMFileCreateRequest (OMFileCreateRequest.java:validateAndUpdateCache(337)) - File create failed. Volume:volume30230, Bucket:711e4b60-8a36-4f37-bab4-d9bf6e1d1da1, Keyfolder/folder2.
NOT_A_FILE org.apache.hadoop.ozone.om.exceptions.OMException: Can not write to directory: folder/folder2
	at org.apache.hadoop.ozone.om.request.file.OMFileCreateRequest.checkDirectoryResult(OMFileCreateRequest.java:364)
	at org.apache.hadoop.ozone.om.request.file.OMFileCreateRequest.validateAndUpdateCache(OMFileCreateRequest.java:240)
	at org.apache.hadoop.ozone.protocolPB.OzoneManagerRequestHandler.handleWriteRequest(OzoneManagerRequestHandler.java:304)
	at org.apache.hadoop.ozone.om.ratis.OzoneManagerStateMachine.runCommand(OzoneManagerStateMachine.java:529)
	at org.apache.hadoop.ozone.om.ratis.OzoneManagerStateMachine.lambda$1(OzoneManagerStateMachine.java:324)
	at java.util.concurrent.CompletableFuture$AsyncSupply.run(CompletableFuture.java:1604)
	at java.util.concurrent.ThreadPoolExecutor.runWorker(ThreadPoolExecutor.java:1149)
	at java.util.concurrent.ThreadPoolExecutor$Worker.run(ThreadPoolExecutor.java:624)
	at java.lang.Thread.run(Thread.java:750)
2022-09-29 01:23:44,345 [Listener at localhost/41255] INFO  rpc.RpcClient (RpcClient.java:createVolume(471)) - Creating Volume: volume97115, with user59715 as owner and space quota set to -1 bytes, counts quota set to -1
2022-09-29 01:23:44,348 [omNode-2-server-thread1] INFO  server.RaftServer$Division (RaftServerImpl.java:checkInconsistentAppendEntries(1424)) - omNode-2@group-523986131536: Failed appendEntries as previous log entry ((t:6, i:82)) is not found
2022-09-29 01:23:44,348 [omNode-2-server-thread1] INFO  server.RaftServer$Division (RaftServerImpl.java:checkInconsistentAppendEntries(1394)) - omNode-2@group-523986131536: inconsistency entries. Reply:omNode-1<-omNode-2#251:FAIL-t6,INCONSISTENCY,nextIndex=57,followerCommit=56
2022-09-29 01:23:44,351 [OM StateMachine ApplyTransaction Thread - 0] INFO  volume.OMVolumeCreateRequest (OMVolumeCreateRequest.java:validateAndUpdateCache(195)) - created volume:volume97115 for user:user59715
2022-09-29 01:23:44,353 [omNode-2-server-thread1] INFO  server.RaftServer$Division (RaftServerImpl.java:checkInconsistentAppendEntries(1424)) - omNode-2@group-523986131536: Failed appendEntries as previous log entry ((t:6, i:83)) is not found
2022-09-29 01:23:44,353 [omNode-2-server-thread1] INFO  server.RaftServer$Division (RaftServerImpl.java:checkInconsistentAppendEntries(1394)) - omNode-2@group-523986131536: inconsistency entries. Reply:omNode-1<-omNode-2#253:FAIL-t6,INCONSISTENCY,nextIndex=57,followerCommit=56
2022-09-29 01:23:44,355 [OM StateMachine ApplyTransaction Thread - 0] INFO  volume.OMVolumeCreateRequest (OMVolumeCreateRequest.java:validateAndUpdateCache(195)) - created volume:volume97115 for user:user59715
2022-09-29 01:23:44,356 [Listener at localhost/41255] INFO  rpc.RpcClient (RpcClient.java:createBucket(674)) - Creating Bucket: volume97115/84b06d0c-a30a-480f-abc1-3c4fc009c1e4, with server-side default bucket layout, runner as owner, Versioning false, Storage Type set to DISK and Encryption set to false 
2022-09-29 01:23:44,358 [omNode-2-server-thread1] INFO  server.RaftServer$Division (RaftServerImpl.java:checkInconsistentAppendEntries(1424)) - omNode-2@group-523986131536: Failed appendEntries as previous log entry ((t:6, i:84)) is not found
2022-09-29 01:23:44,358 [omNode-2-server-thread1] INFO  server.RaftServer$Division (RaftServerImpl.java:checkInconsistentAppendEntries(1394)) - omNode-2@group-523986131536: inconsistency entries. Reply:omNode-1<-omNode-2#254:FAIL-t6,INCONSISTENCY,nextIndex=57,followerCommit=56
2022-09-29 01:23:44,360 [omNode-2-server-thread1] INFO  server.RaftServer$Division (RaftServerImpl.java:checkInconsistentAppendEntries(1424)) - omNode-2@group-523986131536: Failed appendEntries as previous log entry ((t:6, i:85)) is not found
2022-09-29 01:23:44,360 [omNode-2-server-thread1] INFO  server.RaftServer$Division (RaftServerImpl.java:checkInconsistentAppendEntries(1394)) - omNode-2@group-523986131536: inconsistency entries. Reply:omNode-1<-omNode-2#256:FAIL-t6,INCONSISTENCY,nextIndex=57,followerCommit=56
2022-09-29 01:23:44,360 [OM StateMachine ApplyTransaction Thread - 0] INFO  bucket.OMBucketCreateRequest (OMBucketCreateRequest.java:validateAndUpdateCache(260)) - created bucket: 84b06d0c-a30a-480f-abc1-3c4fc009c1e4 of layout LEGACY in volume: volume97115
2022-09-29 01:23:44,364 [OM StateMachine ApplyTransaction Thread - 0] INFO  bucket.OMBucketCreateRequest (OMBucketCreateRequest.java:validateAndUpdateCache(260)) - created bucket: 84b06d0c-a30a-480f-abc1-3c4fc009c1e4 of layout LEGACY in volume: volume97115
2022-09-29 01:23:44,370 [omNode-2-server-thread1] INFO  server.RaftServer$Division (RaftServerImpl.java:checkInconsistentAppendEntries(1424)) - omNode-2@group-523986131536: Failed appendEntries as previous log entry ((t:6, i:86)) is not found
2022-09-29 01:23:44,370 [omNode-2-server-thread1] INFO  server.RaftServer$Division (RaftServerImpl.java:checkInconsistentAppendEntries(1394)) - omNode-2@group-523986131536: inconsistency entries. Reply:omNode-1<-omNode-2#259:FAIL-t6,INCONSISTENCY,nextIndex=57,followerCommit=56
2022-09-29 01:23:44,372 [omNode-2-server-thread1] INFO  server.RaftServer$Division (RaftServerImpl.java:checkInconsistentAppendEntries(1424)) - omNode-2@group-523986131536: Failed appendEntries as previous log entry ((t:6, i:87)) is not found
2022-09-29 01:23:44,372 [omNode-2-server-thread1] INFO  server.RaftServer$Division (RaftServerImpl.java:checkInconsistentAppendEntries(1394)) - omNode-2@group-523986131536: inconsistency entries. Reply:omNode-1<-omNode-2#261:FAIL-t6,INCONSISTENCY,nextIndex=57,followerCommit=56
2022-09-29 01:23:44,438 [omNode-2-server-thread1] INFO  server.RaftServer$Division (RaftServerImpl.java:checkInconsistentAppendEntries(1424)) - omNode-2@group-523986131536: Failed appendEntries as previous log entry ((t:6, i:88)) is not found
2022-09-29 01:23:44,438 [omNode-2-server-thread1] INFO  server.RaftServer$Division (RaftServerImpl.java:checkInconsistentAppendEntries(1394)) - omNode-2@group-523986131536: inconsistency entries. Reply:omNode-1<-omNode-2#269:FAIL-t6,INCONSISTENCY,nextIndex=57,followerCommit=56
2022-09-29 01:23:44,446 [omNode-2-server-thread1] INFO  server.RaftServer$Division (RaftServerImpl.java:checkInconsistentAppendEntries(1424)) - omNode-2@group-523986131536: Failed appendEntries as previous log entry ((t:6, i:89)) is not found
2022-09-29 01:23:44,446 [omNode-2-server-thread1] INFO  server.RaftServer$Division (RaftServerImpl.java:checkInconsistentAppendEntries(1394)) - omNode-2@group-523986131536: inconsistency entries. Reply:omNode-1<-omNode-2#271:FAIL-t6,INCONSISTENCY,nextIndex=57,followerCommit=56
2022-09-29 01:23:44,470 [omNode-2-server-thread1] INFO  server.RaftServer$Division (RaftServerImpl.java:checkInconsistentAppendEntries(1424)) - omNode-2@group-523986131536: Failed appendEntries as previous log entry ((t:6, i:90)) is not found
2022-09-29 01:23:44,470 [omNode-2-server-thread1] INFO  server.RaftServer$Division (RaftServerImpl.java:checkInconsistentAppendEntries(1394)) - omNode-2@group-523986131536: inconsistency entries. Reply:omNode-1<-omNode-2#275:FAIL-t6,INCONSISTENCY,nextIndex=57,followerCommit=56
01:23:44.472 [OM StateMachine ApplyTransaction Thread - 0] ERROR OMAudit - user=runner | ip=127.0.0.1 | op=CREATE_FILE {volume=volume97115, bucket=84b06d0c-a30a-480f-abc1-3c4fc009c1e4, key=dir1/dir2/dir3/file1, dataSize=11, replicationType=RATIS, replicationFactor=ONE} | ret=FAILURE
org.apache.hadoop.ozone.om.exceptions.OMException: Cannot create file : dir1/dir2/dir3/file1 as one of parent directory is not created
	at org.apache.hadoop.ozone.om.request.file.OMFileCreateRequest.checkAllParentsExist(OMFileCreateRequest.java:387) ~[ozone-manager-1.3.0-SNAPSHOT.jar:?]
	at org.apache.hadoop.ozone.om.request.file.OMFileCreateRequest.validateAndUpdateCache(OMFileCreateRequest.java:243) ~[ozone-manager-1.3.0-SNAPSHOT.jar:?]
	at org.apache.hadoop.ozone.protocolPB.OzoneManagerRequestHandler.handleWriteRequest(OzoneManagerRequestHandler.java:304) ~[ozone-manager-1.3.0-SNAPSHOT.jar:?]
	at org.apache.hadoop.ozone.om.ratis.OzoneManagerStateMachine.runCommand(OzoneManagerStateMachine.java:529) ~[ozone-manager-1.3.0-SNAPSHOT.jar:?]
	at org.apache.hadoop.ozone.om.ratis.OzoneManagerStateMachine.lambda$1(OzoneManagerStateMachine.java:324) ~[ozone-manager-1.3.0-SNAPSHOT.jar:?]
	at java.util.concurrent.CompletableFuture$AsyncSupply.run(CompletableFuture.java:1604) [?:1.8.0_345]
	at java.util.concurrent.ThreadPoolExecutor.runWorker(ThreadPoolExecutor.java:1149) [?:1.8.0_345]
	at java.util.concurrent.ThreadPoolExecutor$Worker.run(ThreadPoolExecutor.java:624) [?:1.8.0_345]
	at java.lang.Thread.run(Thread.java:750) [?:1.8.0_345]
2022-09-29 01:23:44,472 [OM StateMachine ApplyTransaction Thread - 0] ERROR file.OMFileCreateRequest (OMFileCreateRequest.java:validateAndUpdateCache(337)) - File create failed. Volume:volume97115, Bucket:84b06d0c-a30a-480f-abc1-3c4fc009c1e4, Keydir1/dir2/dir3/file1.
DIRECTORY_NOT_FOUND org.apache.hadoop.ozone.om.exceptions.OMException: Cannot create file : dir1/dir2/dir3/file1 as one of parent directory is not created
	at org.apache.hadoop.ozone.om.request.file.OMFileCreateRequest.checkAllParentsExist(OMFileCreateRequest.java:387)
	at org.apache.hadoop.ozone.om.request.file.OMFileCreateRequest.validateAndUpdateCache(OMFileCreateRequest.java:243)
	at org.apache.hadoop.ozone.protocolPB.OzoneManagerRequestHandler.handleWriteRequest(OzoneManagerRequestHandler.java:304)
	at org.apache.hadoop.ozone.om.ratis.OzoneManagerStateMachine.runCommand(OzoneManagerStateMachine.java:529)
	at org.apache.hadoop.ozone.om.ratis.OzoneManagerStateMachine.lambda$1(OzoneManagerStateMachine.java:324)
	at java.util.concurrent.CompletableFuture$AsyncSupply.run(CompletableFuture.java:1604)
	at java.util.concurrent.ThreadPoolExecutor.runWorker(ThreadPoolExecutor.java:1149)
	at java.util.concurrent.ThreadPoolExecutor$Worker.run(ThreadPoolExecutor.java:624)
	at java.lang.Thread.run(Thread.java:750)
01:23:44.473 [OM StateMachine ApplyTransaction Thread - 0] ERROR OMAudit - user=runner | ip=127.0.0.1 | op=CREATE_FILE {volume=volume97115, bucket=84b06d0c-a30a-480f-abc1-3c4fc009c1e4, key=dir1/dir2/dir3/file1, dataSize=11, replicationType=RATIS, replicationFactor=ONE} | ret=FAILURE
org.apache.hadoop.ozone.om.exceptions.OMException: Cannot create file : dir1/dir2/dir3/file1 as one of parent directory is not created
	at org.apache.hadoop.ozone.om.request.file.OMFileCreateRequest.checkAllParentsExist(OMFileCreateRequest.java:387) ~[ozone-manager-1.3.0-SNAPSHOT.jar:?]
	at org.apache.hadoop.ozone.om.request.file.OMFileCreateRequest.validateAndUpdateCache(OMFileCreateRequest.java:243) ~[ozone-manager-1.3.0-SNAPSHOT.jar:?]
	at org.apache.hadoop.ozone.protocolPB.OzoneManagerRequestHandler.handleWriteRequest(OzoneManagerRequestHandler.java:304) ~[ozone-manager-1.3.0-SNAPSHOT.jar:?]
	at org.apache.hadoop.ozone.om.ratis.OzoneManagerStateMachine.runCommand(OzoneManagerStateMachine.java:529) ~[ozone-manager-1.3.0-SNAPSHOT.jar:?]
	at org.apache.hadoop.ozone.om.ratis.OzoneManagerStateMachine.lambda$1(OzoneManagerStateMachine.java:324) ~[ozone-manager-1.3.0-SNAPSHOT.jar:?]
	at java.util.concurrent.CompletableFuture$AsyncSupply.run(CompletableFuture.java:1604) [?:1.8.0_345]
	at java.util.concurrent.ThreadPoolExecutor.runWorker(ThreadPoolExecutor.java:1149) [?:1.8.0_345]
	at java.util.concurrent.ThreadPoolExecutor$Worker.run(ThreadPoolExecutor.java:624) [?:1.8.0_345]
	at java.lang.Thread.run(Thread.java:750) [?:1.8.0_345]
2022-09-29 01:23:44,474 [OM StateMachine ApplyTransaction Thread - 0] ERROR file.OMFileCreateRequest (OMFileCreateRequest.java:validateAndUpdateCache(337)) - File create failed. Volume:volume97115, Bucket:84b06d0c-a30a-480f-abc1-3c4fc009c1e4, Keydir1/dir2/dir3/file1.
DIRECTORY_NOT_FOUND org.apache.hadoop.ozone.om.exceptions.OMException: Cannot create file : dir1/dir2/dir3/file1 as one of parent directory is not created
	at org.apache.hadoop.ozone.om.request.file.OMFileCreateRequest.checkAllParentsExist(OMFileCreateRequest.java:387)
	at org.apache.hadoop.ozone.om.request.file.OMFileCreateRequest.validateAndUpdateCache(OMFileCreateRequest.java:243)
	at org.apache.hadoop.ozone.protocolPB.OzoneManagerRequestHandler.handleWriteRequest(OzoneManagerRequestHandler.java:304)
	at org.apache.hadoop.ozone.om.ratis.OzoneManagerStateMachine.runCommand(OzoneManagerStateMachine.java:529)
	at org.apache.hadoop.ozone.om.ratis.OzoneManagerStateMachine.lambda$1(OzoneManagerStateMachine.java:324)
	at java.util.concurrent.CompletableFuture$AsyncSupply.run(CompletableFuture.java:1604)
	at java.util.concurrent.ThreadPoolExecutor.runWorker(ThreadPoolExecutor.java:1149)
	at java.util.concurrent.ThreadPoolExecutor$Worker.run(ThreadPoolExecutor.java:624)
	at java.lang.Thread.run(Thread.java:750)
2022-09-29 01:23:44,475 [omNode-2-server-thread1] INFO  server.RaftServer$Division (RaftServerImpl.java:checkInconsistentAppendEntries(1424)) - omNode-2@group-523986131536: Failed appendEntries as previous log entry ((t:6, i:91)) is not found
2022-09-29 01:23:44,475 [omNode-2-server-thread1] INFO  server.RaftServer$Division (RaftServerImpl.java:checkInconsistentAppendEntries(1394)) - omNode-2@group-523986131536: inconsistency entries. Reply:omNode-1<-omNode-2#277:FAIL-t6,INCONSISTENCY,nextIndex=57,followerCommit=56
2022-09-29 01:23:44,476 [omNode-2-server-thread1] INFO  server.RaftServer$Division (RaftServerImpl.java:checkInconsistentAppendEntries(1424)) - omNode-2@group-523986131536: Failed appendEntries as previous log entry ((t:6, i:92)) is not found
2022-09-29 01:23:44,476 [omNode-2-server-thread1] INFO  server.RaftServer$Division (RaftServerImpl.java:checkInconsistentAppendEntries(1394)) - omNode-2@group-523986131536: inconsistency entries. Reply:omNode-1<-omNode-2#279:FAIL-t6,INCONSISTENCY,nextIndex=57,followerCommit=56
2022-09-29 01:23:44,478 [omNode-2-server-thread1] INFO  server.RaftServer$Division (RaftServerImpl.java:checkInconsistentAppendEntries(1424)) - omNode-2@group-523986131536: Failed appendEntries as previous log entry ((t:6, i:93)) is not found
2022-09-29 01:23:44,478 [omNode-2-server-thread1] INFO  server.RaftServer$Division (RaftServerImpl.java:checkInconsistentAppendEntries(1394)) - omNode-2@group-523986131536: inconsistency entries. Reply:omNode-1<-omNode-2#281:FAIL-t6,INCONSISTENCY,nextIndex=57,followerCommit=56
2022-09-29 01:23:44,483 [omNode-2-server-thread1] INFO  server.RaftServer$Division (RaftServerImpl.java:checkInconsistentAppendEntries(1424)) - omNode-2@group-523986131536: Failed appendEntries as previous log entry ((t:6, i:94)) is not found
2022-09-29 01:23:44,483 [omNode-2-server-thread1] INFO  server.RaftServer$Division (RaftServerImpl.java:checkInconsistentAppendEntries(1394)) - omNode-2@group-523986131536: inconsistency entries. Reply:omNode-1<-omNode-2#282:FAIL-t6,INCONSISTENCY,nextIndex=57,followerCommit=56
2022-09-29 01:23:44,491 [omNode-2-server-thread1] INFO  server.RaftServer$Division (RaftServerImpl.java:checkInconsistentAppendEntries(1424)) - omNode-2@group-523986131536: Failed appendEntries as previous log entry ((t:6, i:95)) is not found
2022-09-29 01:23:44,491 [omNode-2-server-thread1] INFO  server.RaftServer$Division (RaftServerImpl.java:checkInconsistentAppendEntries(1394)) - omNode-2@group-523986131536: inconsistency entries. Reply:omNode-1<-omNode-2#285:FAIL-t6,INCONSISTENCY,nextIndex=57,followerCommit=56
2022-09-29 01:23:44,504 [omNode-2-server-thread1] INFO  server.RaftServer$Division (RaftServerImpl.java:checkInconsistentAppendEntries(1424)) - omNode-2@group-523986131536: Failed appendEntries as previous log entry ((t:6, i:96)) is not found
2022-09-29 01:23:44,504 [omNode-2-server-thread1] INFO  server.RaftServer$Division (RaftServerImpl.java:checkInconsistentAppendEntries(1394)) - omNode-2@group-523986131536: inconsistency entries. Reply:omNode-1<-omNode-2#288:FAIL-t6,INCONSISTENCY,nextIndex=57,followerCommit=56
2022-09-29 01:23:44,507 [omNode-2-server-thread1] INFO  server.RaftServer$Division (RaftServerImpl.java:checkInconsistentAppendEntries(1424)) - omNode-2@group-523986131536: Failed appendEntries as previous log entry ((t:6, i:97)) is not found
2022-09-29 01:23:44,507 [omNode-2-server-thread1] INFO  server.RaftServer$Division (RaftServerImpl.java:checkInconsistentAppendEntries(1394)) - omNode-2@group-523986131536: inconsistency entries. Reply:omNode-1<-omNode-2#290:FAIL-t6,INCONSISTENCY,nextIndex=57,followerCommit=56
2022-09-29 01:23:44,524 [omNode-2-server-thread1] INFO  server.RaftServer$Division (RaftServerImpl.java:checkInconsistentAppendEntries(1424)) - omNode-2@group-523986131536: Failed appendEntries as previous log entry ((t:6, i:98)) is not found
2022-09-29 01:23:44,524 [omNode-2-server-thread1] INFO  server.RaftServer$Division (RaftServerImpl.java:checkInconsistentAppendEntries(1394)) - omNode-2@group-523986131536: inconsistency entries. Reply:omNode-1<-omNode-2#292:FAIL-t6,INCONSISTENCY,nextIndex=57,followerCommit=56
2022-09-29 01:23:44,531 [omNode-2-server-thread1] INFO  server.RaftServer$Division (RaftServerImpl.java:checkInconsistentAppendEntries(1424)) - omNode-2@group-523986131536: Failed appendEntries as previous log entry ((t:6, i:99)) is not found
2022-09-29 01:23:44,531 [omNode-2-server-thread1] INFO  server.RaftServer$Division (RaftServerImpl.java:checkInconsistentAppendEntries(1394)) - omNode-2@group-523986131536: inconsistency entries. Reply:omNode-1<-omNode-2#294:FAIL-t6,INCONSISTENCY,nextIndex=57,followerCommit=56
2022-09-29 01:23:44,576 [omNode-2-server-thread1] INFO  server.RaftServer$Division (RaftServerImpl.java:checkInconsistentAppendEntries(1424)) - omNode-2@group-523986131536: Failed appendEntries as previous log entry ((t:6, i:100)) is not found
2022-09-29 01:23:44,576 [omNode-2-server-thread1] INFO  server.RaftServer$Division (RaftServerImpl.java:checkInconsistentAppendEntries(1394)) - omNode-2@group-523986131536: inconsistency entries. Reply:omNode-1<-omNode-2#300:FAIL-t6,INCONSISTENCY,nextIndex=57,followerCommit=56
2022-09-29 01:23:44,580 [omNode-2-server-thread1] INFO  server.RaftServer$Division (RaftServerImpl.java:checkInconsistentAppendEntries(1424)) - omNode-2@group-523986131536: Failed appendEntries as previous log entry ((t:6, i:101)) is not found
2022-09-29 01:23:44,580 [omNode-2-server-thread1] INFO  server.RaftServer$Division (RaftServerImpl.java:checkInconsistentAppendEntries(1394)) - omNode-2@group-523986131536: inconsistency entries. Reply:omNode-1<-omNode-2#302:FAIL-t6,INCONSISTENCY,nextIndex=57,followerCommit=56
2022-09-29 01:23:44,603 [omNode-2-server-thread1] INFO  server.RaftServer$Division (RaftServerImpl.java:checkInconsistentAppendEntries(1424)) - omNode-2@group-523986131536: Failed appendEntries as previous log entry ((t:6, i:102)) is not found
2022-09-29 01:23:44,603 [omNode-2-server-thread1] INFO  server.RaftServer$Division (RaftServerImpl.java:checkInconsistentAppendEntries(1394)) - omNode-2@group-523986131536: inconsistency entries. Reply:omNode-1<-omNode-2#305:FAIL-t6,INCONSISTENCY,nextIndex=57,followerCommit=56
01:23:44.609 [OM StateMachine ApplyTransaction Thread - 0] ERROR OMAudit - user=runner | ip=127.0.0.1 | op=CREATE_FILE {volume=volume97115, bucket=84b06d0c-a30a-480f-abc1-3c4fc009c1e4, key=dir1/dir2/dir3/file1, dataSize=23, replicationType=RATIS, replicationFactor=ONE} | ret=FAILURE
org.apache.hadoop.ozone.om.exceptions.OMException: File dir1/dir2/dir3/file1 already exists
	at org.apache.hadoop.ozone.om.request.file.OMFileCreateRequest.checkDirectoryResult(OMFileCreateRequest.java:360) ~[ozone-manager-1.3.0-SNAPSHOT.jar:?]
	at org.apache.hadoop.ozone.om.request.file.OMFileCreateRequest.validateAndUpdateCache(OMFileCreateRequest.java:240) ~[ozone-manager-1.3.0-SNAPSHOT.jar:?]
	at org.apache.hadoop.ozone.protocolPB.OzoneManagerRequestHandler.handleWriteRequest(OzoneManagerRequestHandler.java:304) ~[ozone-manager-1.3.0-SNAPSHOT.jar:?]
	at org.apache.hadoop.ozone.om.ratis.OzoneManagerStateMachine.runCommand(OzoneManagerStateMachine.java:529) ~[ozone-manager-1.3.0-SNAPSHOT.jar:?]
	at org.apache.hadoop.ozone.om.ratis.OzoneManagerStateMachine.lambda$1(OzoneManagerStateMachine.java:324) ~[ozone-manager-1.3.0-SNAPSHOT.jar:?]
	at java.util.concurrent.CompletableFuture$AsyncSupply.run(CompletableFuture.java:1604) [?:1.8.0_345]
	at java.util.concurrent.ThreadPoolExecutor.runWorker(ThreadPoolExecutor.java:1149) [?:1.8.0_345]
	at java.util.concurrent.ThreadPoolExecutor$Worker.run(ThreadPoolExecutor.java:624) [?:1.8.0_345]
	at java.lang.Thread.run(Thread.java:750) [?:1.8.0_345]
2022-09-29 01:23:44,610 [OM StateMachine ApplyTransaction Thread - 0] ERROR file.OMFileCreateRequest (OMFileCreateRequest.java:validateAndUpdateCache(337)) - File create failed. Volume:volume97115, Bucket:84b06d0c-a30a-480f-abc1-3c4fc009c1e4, Keydir1/dir2/dir3/file1.
FILE_ALREADY_EXISTS org.apache.hadoop.ozone.om.exceptions.OMException: File dir1/dir2/dir3/file1 already exists
	at org.apache.hadoop.ozone.om.request.file.OMFileCreateRequest.checkDirectoryResult(OMFileCreateRequest.java:360)
	at org.apache.hadoop.ozone.om.request.file.OMFileCreateRequest.validateAndUpdateCache(OMFileCreateRequest.java:240)
	at org.apache.hadoop.ozone.protocolPB.OzoneManagerRequestHandler.handleWriteRequest(OzoneManagerRequestHandler.java:304)
	at org.apache.hadoop.ozone.om.ratis.OzoneManagerStateMachine.runCommand(OzoneManagerStateMachine.java:529)
	at org.apache.hadoop.ozone.om.ratis.OzoneManagerStateMachine.lambda$1(OzoneManagerStateMachine.java:324)
	at java.util.concurrent.CompletableFuture$AsyncSupply.run(CompletableFuture.java:1604)
	at java.util.concurrent.ThreadPoolExecutor.runWorker(ThreadPoolExecutor.java:1149)
	at java.util.concurrent.ThreadPoolExecutor$Worker.run(ThreadPoolExecutor.java:624)
	at java.lang.Thread.run(Thread.java:750)
2022-09-29 01:23:44,611 [omNode-2-server-thread1] INFO  server.RaftServer$Division (RaftServerImpl.java:checkInconsistentAppendEntries(1424)) - omNode-2@group-523986131536: Failed appendEntries as previous log entry ((t:6, i:103)) is not found
2022-09-29 01:23:44,611 [omNode-2-server-thread1] INFO  server.RaftServer$Division (RaftServerImpl.java:checkInconsistentAppendEntries(1394)) - omNode-2@group-523986131536: inconsistency entries. Reply:omNode-1<-omNode-2#307:FAIL-t6,INCONSISTENCY,nextIndex=57,followerCommit=56
2022-09-29 01:23:44,612 [omNode-2-server-thread1] INFO  server.RaftServer$Division (RaftServerImpl.java:checkInconsistentAppendEntries(1424)) - omNode-2@group-523986131536: Failed appendEntries as previous log entry ((t:6, i:104)) is not found
2022-09-29 01:23:44,612 [omNode-2-server-thread1] INFO  server.RaftServer$Division (RaftServerImpl.java:checkInconsistentAppendEntries(1394)) - omNode-2@group-523986131536: inconsistency entries. Reply:omNode-1<-omNode-2#308:FAIL-t6,INCONSISTENCY,nextIndex=57,followerCommit=56
01:23:44.617 [OM StateMachine ApplyTransaction Thread - 0] ERROR OMAudit - user=runner | ip=127.0.0.1 | op=CREATE_FILE {volume=volume97115, bucket=84b06d0c-a30a-480f-abc1-3c4fc009c1e4, key=dir1/dir2/dir3/file1, dataSize=23, replicationType=RATIS, replicationFactor=ONE} | ret=FAILURE
org.apache.hadoop.ozone.om.exceptions.OMException: File dir1/dir2/dir3/file1 already exists
	at org.apache.hadoop.ozone.om.request.file.OMFileCreateRequest.checkDirectoryResult(OMFileCreateRequest.java:360) ~[ozone-manager-1.3.0-SNAPSHOT.jar:?]
	at org.apache.hadoop.ozone.om.request.file.OMFileCreateRequest.validateAndUpdateCache(OMFileCreateRequest.java:240) ~[ozone-manager-1.3.0-SNAPSHOT.jar:?]
	at org.apache.hadoop.ozone.protocolPB.OzoneManagerRequestHandler.handleWriteRequest(OzoneManagerRequestHandler.java:304) ~[ozone-manager-1.3.0-SNAPSHOT.jar:?]
	at org.apache.hadoop.ozone.om.ratis.OzoneManagerStateMachine.runCommand(OzoneManagerStateMachine.java:529) ~[ozone-manager-1.3.0-SNAPSHOT.jar:?]
	at org.apache.hadoop.ozone.om.ratis.OzoneManagerStateMachine.lambda$1(OzoneManagerStateMachine.java:324) ~[ozone-manager-1.3.0-SNAPSHOT.jar:?]
	at java.util.concurrent.CompletableFuture$AsyncSupply.run(CompletableFuture.java:1604) [?:1.8.0_345]
	at java.util.concurrent.ThreadPoolExecutor.runWorker(ThreadPoolExecutor.java:1149) [?:1.8.0_345]
	at java.util.concurrent.ThreadPoolExecutor$Worker.run(ThreadPoolExecutor.java:624) [?:1.8.0_345]
	at java.lang.Thread.run(Thread.java:750) [?:1.8.0_345]
2022-09-29 01:23:44,617 [OM StateMachine ApplyTransaction Thread - 0] ERROR file.OMFileCreateRequest (OMFileCreateRequest.java:validateAndUpdateCache(337)) - File create failed. Volume:volume97115, Bucket:84b06d0c-a30a-480f-abc1-3c4fc009c1e4, Keydir1/dir2/dir3/file1.
FILE_ALREADY_EXISTS org.apache.hadoop.ozone.om.exceptions.OMException: File dir1/dir2/dir3/file1 already exists
	at org.apache.hadoop.ozone.om.request.file.OMFileCreateRequest.checkDirectoryResult(OMFileCreateRequest.java:360)
	at org.apache.hadoop.ozone.om.request.file.OMFileCreateRequest.validateAndUpdateCache(OMFileCreateRequest.java:240)
	at org.apache.hadoop.ozone.protocolPB.OzoneManagerRequestHandler.handleWriteRequest(OzoneManagerRequestHandler.java:304)
	at org.apache.hadoop.ozone.om.ratis.OzoneManagerStateMachine.runCommand(OzoneManagerStateMachine.java:529)
	at org.apache.hadoop.ozone.om.ratis.OzoneManagerStateMachine.lambda$1(OzoneManagerStateMachine.java:324)
	at java.util.concurrent.CompletableFuture$AsyncSupply.run(CompletableFuture.java:1604)
	at java.util.concurrent.ThreadPoolExecutor.runWorker(ThreadPoolExecutor.java:1149)
	at java.util.concurrent.ThreadPoolExecutor$Worker.run(ThreadPoolExecutor.java:624)
	at java.lang.Thread.run(Thread.java:750)
2022-09-29 01:23:44,622 [omNode-2-server-thread1] INFO  server.RaftServer$Division (RaftServerImpl.java:checkInconsistentAppendEntries(1424)) - omNode-2@group-523986131536: Failed appendEntries as previous log entry ((t:6, i:105)) is not found
2022-09-29 01:23:44,622 [omNode-2-server-thread1] INFO  server.RaftServer$Division (RaftServerImpl.java:checkInconsistentAppendEntries(1394)) - omNode-2@group-523986131536: inconsistency entries. Reply:omNode-1<-omNode-2#311:FAIL-t6,INCONSISTENCY,nextIndex=57,followerCommit=56
2022-09-29 01:23:44,625 [omNode-2-server-thread1] INFO  server.RaftServer$Division (RaftServerImpl.java:checkInconsistentAppendEntries(1424)) - omNode-2@group-523986131536: Failed appendEntries as previous log entry ((t:6, i:106)) is not found
2022-09-29 01:23:44,625 [omNode-2-server-thread1] INFO  server.RaftServer$Division (RaftServerImpl.java:checkInconsistentAppendEntries(1394)) - omNode-2@group-523986131536: inconsistency entries. Reply:omNode-1<-omNode-2#312:FAIL-t6,INCONSISTENCY,nextIndex=57,followerCommit=56
2022-09-29 01:23:44,630 [omNode-2-server-thread1] INFO  server.RaftServer$Division (RaftServerImpl.java:checkInconsistentAppendEntries(1424)) - omNode-2@group-523986131536: Failed appendEntries as previous log entry ((t:6, i:107)) is not found
2022-09-29 01:23:44,630 [omNode-2-server-thread1] INFO  server.RaftServer$Division (RaftServerImpl.java:checkInconsistentAppendEntries(1394)) - omNode-2@group-523986131536: inconsistency entries. Reply:omNode-1<-omNode-2#314:FAIL-t6,INCONSISTENCY,nextIndex=57,followerCommit=56
2022-09-29 01:23:44,638 [omNode-1@group-523986131536-StateMachineUpdater] INFO  ratis.OzoneManagerStateMachine (OzoneManagerStateMachine.java:takeSnapshot(441)) - Current Snapshot Index (t:6, i:108)
2022-09-29 01:23:44,638 [omNode-1@group-523986131536-StateMachineUpdater] INFO  impl.StateMachineUpdater (StateMachineUpdater.java:takeSnapshot(287)) - omNode-1@group-523986131536-StateMachineUpdater: Took a snapshot at index 108
2022-09-29 01:23:44,638 [omNode-1@group-523986131536-StateMachineUpdater] INFO  impl.StateMachineUpdater (StateMachineUpdater.java:lambda$new$0(92)) - omNode-1@group-523986131536-StateMachineUpdater: snapshotIndex: updateIncreasingly 58 -> 108
2022-09-29 01:23:44,638 [omNode-1@group-523986131536-StateMachineUpdater] INFO  raftlog.RaftLog (RaftLogBase.java:purge(308)) - omNode-1@group-523986131536-SegmentedRaftLog: purge 108
2022-09-29 01:23:44,638 [omNode-1@group-523986131536-StateMachineUpdater] INFO  raftlog.RaftLog (RaftLogBase.java:lambda$new$0(53)) - omNode-1@group-523986131536-SegmentedRaftLog: snapshotIndex: updateIncreasingly 58 -> 108
2022-09-29 01:23:44,639 [omNode-1@group-523986131536-SegmentedRaftLogWorker] INFO  raftlog.RaftLog (RaftLogBase.java:lambda$new$0(53)) - omNode-1@group-523986131536-SegmentedRaftLog: purgeIndex: updateToMax old=56, new=58, updated? true
2022-09-29 01:23:44,647 [omNode-2-server-thread1] INFO  server.RaftServer$Division (RaftServerImpl.java:checkInconsistentAppendEntries(1424)) - omNode-2@group-523986131536: Failed appendEntries as previous log entry ((t:6, i:108)) is not found
2022-09-29 01:23:44,647 [omNode-2-server-thread1] INFO  server.RaftServer$Division (RaftServerImpl.java:checkInconsistentAppendEntries(1394)) - omNode-2@group-523986131536: inconsistency entries. Reply:omNode-1<-omNode-2#317:FAIL-t6,INCONSISTENCY,nextIndex=57,followerCommit=56
2022-09-29 01:23:44,648 [omNode-3@group-523986131536-StateMachineUpdater] INFO  ratis.OzoneManagerStateMachine (OzoneManagerStateMachine.java:takeSnapshot(441)) - Current Snapshot Index (t:6, i:108)
2022-09-29 01:23:44,648 [omNode-3@group-523986131536-StateMachineUpdater] INFO  impl.StateMachineUpdater (StateMachineUpdater.java:takeSnapshot(287)) - omNode-3@group-523986131536-StateMachineUpdater: Took a snapshot at index 108
2022-09-29 01:23:44,648 [omNode-3@group-523986131536-StateMachineUpdater] INFO  impl.StateMachineUpdater (StateMachineUpdater.java:lambda$new$0(92)) - omNode-3@group-523986131536-StateMachineUpdater: snapshotIndex: updateIncreasingly 58 -> 108
2022-09-29 01:23:44,648 [omNode-3@group-523986131536-StateMachineUpdater] INFO  raftlog.RaftLog (RaftLogBase.java:purge(308)) - omNode-3@group-523986131536-SegmentedRaftLog: purge 108
2022-09-29 01:23:44,648 [omNode-3@group-523986131536-StateMachineUpdater] INFO  raftlog.RaftLog (RaftLogBase.java:lambda$new$0(53)) - omNode-3@group-523986131536-SegmentedRaftLog: snapshotIndex: updateIncreasingly 58 -> 108
2022-09-29 01:23:44,649 [omNode-3@group-523986131536-SegmentedRaftLogWorker] INFO  raftlog.RaftLog (RaftLogBase.java:lambda$new$0(53)) - omNode-3@group-523986131536-SegmentedRaftLog: purgeIndex: updateToMax old=56, new=58, updated? true
2022-09-29 01:23:44,651 [omNode-2-server-thread1] INFO  server.RaftServer$Division (RaftServerImpl.java:checkInconsistentAppendEntries(1424)) - omNode-2@group-523986131536: Failed appendEntries as previous log entry ((t:6, i:109)) is not found
2022-09-29 01:23:44,651 [omNode-2-server-thread1] INFO  server.RaftServer$Division (RaftServerImpl.java:checkInconsistentAppendEntries(1394)) - omNode-2@group-523986131536: inconsistency entries. Reply:omNode-1<-omNode-2#319:FAIL-t6,INCONSISTENCY,nextIndex=57,followerCommit=56
2022-09-29 01:23:44,670 [omNode-2-server-thread1] INFO  server.RaftServer$Division (RaftServerImpl.java:checkInconsistentAppendEntries(1424)) - omNode-2@group-523986131536: Failed appendEntries as previous log entry ((t:6, i:110)) is not found
2022-09-29 01:23:44,670 [omNode-2-server-thread1] INFO  server.RaftServer$Division (RaftServerImpl.java:checkInconsistentAppendEntries(1394)) - omNode-2@group-523986131536: inconsistency entries. Reply:omNode-1<-omNode-2#323:FAIL-t6,INCONSISTENCY,nextIndex=57,followerCommit=56
2022-09-29 01:23:44,675 [omNode-2-server-thread1] INFO  server.RaftServer$Division (RaftServerImpl.java:checkInconsistentAppendEntries(1424)) - omNode-2@group-523986131536: Failed appendEntries as previous log entry ((t:6, i:111)) is not found
2022-09-29 01:23:44,675 [omNode-2-server-thread1] INFO  server.RaftServer$Division (RaftServerImpl.java:checkInconsistentAppendEntries(1394)) - omNode-2@group-523986131536: inconsistency entries. Reply:omNode-1<-omNode-2#325:FAIL-t6,INCONSISTENCY,nextIndex=57,followerCommit=56
2022-09-29 01:23:44,686 [omNode-2-server-thread1] INFO  server.RaftServer$Division (RaftServerImpl.java:checkInconsistentAppendEntries(1424)) - omNode-2@group-523986131536: Failed appendEntries as previous log entry ((t:6, i:112)) is not found
2022-09-29 01:23:44,686 [omNode-2-server-thread1] INFO  server.RaftServer$Division (RaftServerImpl.java:checkInconsistentAppendEntries(1394)) - omNode-2@group-523986131536: inconsistency entries. Reply:omNode-1<-omNode-2#327:FAIL-t6,INCONSISTENCY,nextIndex=57,followerCommit=56
2022-09-29 01:23:44,689 [omNode-2-server-thread1] INFO  server.RaftServer$Division (RaftServerImpl.java:checkInconsistentAppendEntries(1424)) - omNode-2@group-523986131536: Failed appendEntries as previous log entry ((t:6, i:113)) is not found
2022-09-29 01:23:44,689 [omNode-2-server-thread1] INFO  server.RaftServer$Division (RaftServerImpl.java:checkInconsistentAppendEntries(1394)) - omNode-2@group-523986131536: inconsistency entries. Reply:omNode-1<-omNode-2#329:FAIL-t6,INCONSISTENCY,nextIndex=57,followerCommit=56
2022-09-29 01:23:44,704 [omNode-2-server-thread1] INFO  server.RaftServer$Division (RaftServerImpl.java:checkInconsistentAppendEntries(1424)) - omNode-2@group-523986131536: Failed appendEntries as previous log entry ((t:6, i:114)) is not found
2022-09-29 01:23:44,704 [omNode-2-server-thread1] INFO  server.RaftServer$Division (RaftServerImpl.java:checkInconsistentAppendEntries(1394)) - omNode-2@group-523986131536: inconsistency entries. Reply:omNode-1<-omNode-2#332:FAIL-t6,INCONSISTENCY,nextIndex=57,followerCommit=56
2022-09-29 01:23:44,710 [omNode-2-server-thread1] INFO  server.RaftServer$Division (RaftServerImpl.java:checkInconsistentAppendEntries(1424)) - omNode-2@group-523986131536: Failed appendEntries as previous log entry ((t:6, i:115)) is not found
2022-09-29 01:23:44,710 [omNode-2-server-thread1] INFO  server.RaftServer$Division (RaftServerImpl.java:checkInconsistentAppendEntries(1394)) - omNode-2@group-523986131536: inconsistency entries. Reply:omNode-1<-omNode-2#334:FAIL-t6,INCONSISTENCY,nextIndex=57,followerCommit=56
2022-09-29 01:23:44,713 [omNode-2-server-thread1] INFO  server.RaftServer$Division (RaftServerImpl.java:checkInconsistentAppendEntries(1424)) - omNode-2@group-523986131536: Failed appendEntries as previous log entry ((t:6, i:116)) is not found
2022-09-29 01:23:44,713 [omNode-2-server-thread1] INFO  server.RaftServer$Division (RaftServerImpl.java:checkInconsistentAppendEntries(1394)) - omNode-2@group-523986131536: inconsistency entries. Reply:omNode-1<-omNode-2#335:FAIL-t6,INCONSISTENCY,nextIndex=57,followerCommit=56
01:23:44.721 [OM StateMachine ApplyTransaction Thread - 0] ERROR OMAudit - user=runner | ip=127.0.0.1 | op=CREATE_FILE {volume=volume97115, bucket=84b06d0c-a30a-480f-abc1-3c4fc009c1e4, key=folder/folder2, dataSize=23, replicationType=RATIS, replicationFactor=ONE} | ret=FAILURE
org.apache.hadoop.ozone.om.exceptions.OMException: Can not write to directory: folder/folder2
	at org.apache.hadoop.ozone.om.request.file.OMFileCreateRequest.checkDirectoryResult(OMFileCreateRequest.java:364) ~[ozone-manager-1.3.0-SNAPSHOT.jar:?]
	at org.apache.hadoop.ozone.om.request.file.OMFileCreateRequest.validateAndUpdateCache(OMFileCreateRequest.java:240) ~[ozone-manager-1.3.0-SNAPSHOT.jar:?]
	at org.apache.hadoop.ozone.protocolPB.OzoneManagerRequestHandler.handleWriteRequest(OzoneManagerRequestHandler.java:304) ~[ozone-manager-1.3.0-SNAPSHOT.jar:?]
	at org.apache.hadoop.ozone.om.ratis.OzoneManagerStateMachine.runCommand(OzoneManagerStateMachine.java:529) ~[ozone-manager-1.3.0-SNAPSHOT.jar:?]
	at org.apache.hadoop.ozone.om.ratis.OzoneManagerStateMachine.lambda$1(OzoneManagerStateMachine.java:324) ~[ozone-manager-1.3.0-SNAPSHOT.jar:?]
	at java.util.concurrent.CompletableFuture$AsyncSupply.run(CompletableFuture.java:1604) [?:1.8.0_345]
	at java.util.concurrent.ThreadPoolExecutor.runWorker(ThreadPoolExecutor.java:1149) [?:1.8.0_345]
	at java.util.concurrent.ThreadPoolExecutor$Worker.run(ThreadPoolExecutor.java:624) [?:1.8.0_345]
	at java.lang.Thread.run(Thread.java:750) [?:1.8.0_345]
2022-09-29 01:23:44,721 [OM StateMachine ApplyTransaction Thread - 0] ERROR file.OMFileCreateRequest (OMFileCreateRequest.java:validateAndUpdateCache(337)) - File create failed. Volume:volume97115, Bucket:84b06d0c-a30a-480f-abc1-3c4fc009c1e4, Keyfolder/folder2.
NOT_A_FILE org.apache.hadoop.ozone.om.exceptions.OMException: Can not write to directory: folder/folder2
	at org.apache.hadoop.ozone.om.request.file.OMFileCreateRequest.checkDirectoryResult(OMFileCreateRequest.java:364)
	at org.apache.hadoop.ozone.om.request.file.OMFileCreateRequest.validateAndUpdateCache(OMFileCreateRequest.java:240)
	at org.apache.hadoop.ozone.protocolPB.OzoneManagerRequestHandler.handleWriteRequest(OzoneManagerRequestHandler.java:304)
	at org.apache.hadoop.ozone.om.ratis.OzoneManagerStateMachine.runCommand(OzoneManagerStateMachine.java:529)
	at org.apache.hadoop.ozone.om.ratis.OzoneManagerStateMachine.lambda$1(OzoneManagerStateMachine.java:324)
	at java.util.concurrent.CompletableFuture$AsyncSupply.run(CompletableFuture.java:1604)
	at java.util.concurrent.ThreadPoolExecutor.runWorker(ThreadPoolExecutor.java:1149)
	at java.util.concurrent.ThreadPoolExecutor$Worker.run(ThreadPoolExecutor.java:624)
	at java.lang.Thread.run(Thread.java:750)
2022-09-29 01:23:44,722 [omNode-2-server-thread1] INFO  server.RaftServer$Division (RaftServerImpl.java:checkInconsistentAppendEntries(1424)) - omNode-2@group-523986131536: Failed appendEntries as previous log entry ((t:6, i:117)) is not found
2022-09-29 01:23:44,722 [omNode-2-server-thread1] INFO  server.RaftServer$Division (RaftServerImpl.java:checkInconsistentAppendEntries(1394)) - omNode-2@group-523986131536: inconsistency entries. Reply:omNode-1<-omNode-2#338:FAIL-t6,INCONSISTENCY,nextIndex=57,followerCommit=56
01:23:44.724 [OM StateMachine ApplyTransaction Thread - 0] ERROR OMAudit - user=runner | ip=127.0.0.1 | op=CREATE_FILE {volume=volume97115, bucket=84b06d0c-a30a-480f-abc1-3c4fc009c1e4, key=folder/folder2, dataSize=23, replicationType=RATIS, replicationFactor=ONE} | ret=FAILURE
org.apache.hadoop.ozone.om.exceptions.OMException: Can not write to directory: folder/folder2
	at org.apache.hadoop.ozone.om.request.file.OMFileCreateRequest.checkDirectoryResult(OMFileCreateRequest.java:364) ~[ozone-manager-1.3.0-SNAPSHOT.jar:?]
	at org.apache.hadoop.ozone.om.request.file.OMFileCreateRequest.validateAndUpdateCache(OMFileCreateRequest.java:240) ~[ozone-manager-1.3.0-SNAPSHOT.jar:?]
	at org.apache.hadoop.ozone.protocolPB.OzoneManagerRequestHandler.handleWriteRequest(OzoneManagerRequestHandler.java:304) ~[ozone-manager-1.3.0-SNAPSHOT.jar:?]
	at org.apache.hadoop.ozone.om.ratis.OzoneManagerStateMachine.runCommand(OzoneManagerStateMachine.java:529) ~[ozone-manager-1.3.0-SNAPSHOT.jar:?]
	at org.apache.hadoop.ozone.om.ratis.OzoneManagerStateMachine.lambda$1(OzoneManagerStateMachine.java:324) ~[ozone-manager-1.3.0-SNAPSHOT.jar:?]
	at java.util.concurrent.CompletableFuture$AsyncSupply.run(CompletableFuture.java:1604) [?:1.8.0_345]
	at java.util.concurrent.ThreadPoolExecutor.runWorker(ThreadPoolExecutor.java:1149) [?:1.8.0_345]
	at java.util.concurrent.ThreadPoolExecutor$Worker.run(ThreadPoolExecutor.java:624) [?:1.8.0_345]
	at java.lang.Thread.run(Thread.java:750) [?:1.8.0_345]
2022-09-29 01:23:44,725 [OM StateMachine ApplyTransaction Thread - 0] ERROR file.OMFileCreateRequest (OMFileCreateRequest.java:validateAndUpdateCache(337)) - File create failed. Volume:volume97115, Bucket:84b06d0c-a30a-480f-abc1-3c4fc009c1e4, Keyfolder/folder2.
NOT_A_FILE org.apache.hadoop.ozone.om.exceptions.OMException: Can not write to directory: folder/folder2
	at org.apache.hadoop.ozone.om.request.file.OMFileCreateRequest.checkDirectoryResult(OMFileCreateRequest.java:364)
	at org.apache.hadoop.ozone.om.request.file.OMFileCreateRequest.validateAndUpdateCache(OMFileCreateRequest.java:240)
	at org.apache.hadoop.ozone.protocolPB.OzoneManagerRequestHandler.handleWriteRequest(OzoneManagerRequestHandler.java:304)
	at org.apache.hadoop.ozone.om.ratis.OzoneManagerStateMachine.runCommand(OzoneManagerStateMachine.java:529)
	at org.apache.hadoop.ozone.om.ratis.OzoneManagerStateMachine.lambda$1(OzoneManagerStateMachine.java:324)
	at java.util.concurrent.CompletableFuture$AsyncSupply.run(CompletableFuture.java:1604)
	at java.util.concurrent.ThreadPoolExecutor.runWorker(ThreadPoolExecutor.java:1149)
	at java.util.concurrent.ThreadPoolExecutor$Worker.run(ThreadPoolExecutor.java:624)
	at java.lang.Thread.run(Thread.java:750)
2022-09-29 01:23:44,729 [omNode-2-server-thread1] INFO  server.RaftServer$Division (RaftServerImpl.java:checkInconsistentAppendEntries(1424)) - omNode-2@group-523986131536: Failed appendEntries as previous log entry ((t:6, i:118)) is not found
2022-09-29 01:23:44,729 [omNode-2-server-thread1] INFO  server.RaftServer$Division (RaftServerImpl.java:checkInconsistentAppendEntries(1394)) - omNode-2@group-523986131536: inconsistency entries. Reply:omNode-1<-omNode-2#341:FAIL-t6,INCONSISTENCY,nextIndex=57,followerCommit=56
2022-09-29 01:23:44,729 [grpc-default-executor-0] INFO  leader.FollowerInfo (FollowerInfoImpl.java:lambda$new$0(48)) - omNode-1@group-523986131536->omNode-2: nextIndex: updateUnconditionally 119 -> 57
2022-09-29 01:23:44,730 [omNode-1@group-523986131536->omNode-2-GrpcLogAppender-LogAppenderDaemon] INFO  server.GrpcLogAppender (GrpcLogAppender.java:installSnapshot(541)) - omNode-1@group-523986131536->omNode-2-GrpcLogAppender: followerNextIndex = 57 but logStartIndex = 59, notify follower to install snapshot-(t:6, i:59)
2022-09-29 01:23:44,730 [omNode-1@group-523986131536->omNode-2-GrpcLogAppender-LogAppenderDaemon] INFO  server.GrpcLogAppender (GrpcLogAppender.java:installSnapshot(549)) - omNode-1@group-523986131536->omNode-2-GrpcLogAppender: send omNode-1->omNode-2#0-t6,notify:(t:6, i:59)
2022-09-29 01:23:44,732 [grpc-default-executor-1] INFO  impl.SnapshotInstallationHandler (SnapshotInstallationHandler.java:installSnapshot(84)) - omNode-2@group-523986131536: receive installSnapshot: omNode-1->omNode-2#0-t6,notify:(t:6, i:59)
2022-09-29 01:23:44,732 [grpc-default-executor-1] INFO  impl.SnapshotInstallationHandler (SnapshotInstallationHandler.java:notifyStateMachineToInstallSnapshot(215)) - omNode-2@group-523986131536: Received notification to install snapshot at index 59
2022-09-29 01:23:44,736 [grpc-default-executor-1] INFO  impl.SnapshotInstallationHandler (SnapshotInstallationHandler.java:notifyStateMachineToInstallSnapshot(248)) - omNode-2@group-523986131536: notifyInstallSnapshot: nextIndex is 57 but the leader's first available index is 59.
2022-09-29 01:23:44,736 [grpc-default-executor-1] INFO  ratis.OzoneManagerStateMachine (OzoneManagerStateMachine.java:notifyInstallSnapshotFromLeader(470)) - Received install snapshot notification from OM leader: omNode-1 with term index: (t:6, i:59)
2022-09-29 01:23:44,737 [grpc-default-executor-1] INFO  impl.SnapshotInstallationHandler (SnapshotInstallationHandler.java:installSnapshot(95)) - omNode-2@group-523986131536: reply installSnapshot: omNode-1<-omNode-2#0:FAIL-t6,IN_PROGRESS
2022-09-29 01:23:44,737 [grpc-default-executor-1] INFO  server.GrpcServerProtocolService (GrpcServerProtocolService.java:onCompleted(140)) - omNode-2: Completed INSTALL_SNAPSHOT, lastRequest: omNode-1->omNode-2#0-t6,notify:(t:6, i:59)
2022-09-29 01:23:44,738 [grpc-default-executor-1] INFO  server.GrpcLogAppender (GrpcLogAppender.java:onNext(403)) - omNode-1@group-523986131536->omNode-2-InstallSnapshotResponseHandler: received a reply omNode-1<-omNode-2#0:FAIL-t6,IN_PROGRESS
2022-09-29 01:23:44,737 [pool-366-thread-1] INFO  om.OzoneManager (OzoneManager.java:getDBCheckpointFromLeader(3841)) - Downloading checkpoint from leader OM omNode-1 and reloading state from the checkpoint.
2022-09-29 01:23:44,739 [grpc-default-executor-1] INFO  server.GrpcLogAppender (GrpcLogAppender.java:onNext(421)) - omNode-1@group-523986131536->omNode-2-InstallSnapshotResponseHandler: InstallSnapshot in progress.
2022-09-29 01:23:44,739 [Listener at localhost/41255] INFO  rpc.RpcClient (RpcClient.java:createVolume(471)) - Creating Volume: volume14738, with user40360 as owner and space quota set to -1 bytes, counts quota set to -1
2022-09-29 01:23:44,739 [omNode-1@group-523986131536->omNode-2-GrpcLogAppender-LogAppenderDaemon] INFO  server.GrpcLogAppender (GrpcLogAppender.java:installSnapshot(541)) - omNode-1@group-523986131536->omNode-2-GrpcLogAppender: followerNextIndex = 57 but logStartIndex = 59, notify follower to install snapshot-(t:6, i:59)
2022-09-29 01:23:44,740 [omNode-1@group-523986131536->omNode-2-GrpcLogAppender-LogAppenderDaemon] INFO  server.GrpcLogAppender (GrpcLogAppender.java:installSnapshot(549)) - omNode-1@group-523986131536->omNode-2-GrpcLogAppender: send omNode-1->omNode-2#0-t6,notify:(t:6, i:59)
2022-09-29 01:23:44,741 [omNode-2-server-thread1] INFO  server.RaftServer$Division (RaftServerImpl.java:checkInconsistentAppendEntries(1402)) - omNode-2@group-523986131536: Failed appendEntries as snapshot (59) installation is in progress
2022-09-29 01:23:44,741 [omNode-2-server-thread1] INFO  server.RaftServer$Division (RaftServerImpl.java:checkInconsistentAppendEntries(1394)) - omNode-2@group-523986131536: inconsistency entries. Reply:omNode-1<-omNode-2#342:FAIL-t6,INCONSISTENCY,nextIndex=57,followerCommit=56
2022-09-29 01:23:44,744 [grpc-default-executor-2] INFO  leader.FollowerInfo (FollowerInfoImpl.java:lambda$new$0(48)) - omNode-1@group-523986131536->omNode-2: nextIndex: updateUnconditionally 57 -> 57
2022-09-29 01:23:44,748 [pool-366-thread-1] INFO  snapshot.OzoneManagerSnapshotProvider (OzoneManagerSnapshotProvider.java:getOzoneManagerDBSnapshot(122)) - Downloading latest checkpoint from Leader OM omNode-1. Checkpoint URL: http://127.0.0.1:34119/dbCheckpoint?flushBeforeCheckpoint=true
2022-09-29 01:23:44,749 [OM StateMachine ApplyTransaction Thread - 0] INFO  volume.OMVolumeCreateRequest (OMVolumeCreateRequest.java:validateAndUpdateCache(195)) - created volume:volume14738 for user:user40360
2022-09-29 01:23:44,744 [grpc-default-executor-0] INFO  impl.SnapshotInstallationHandler (SnapshotInstallationHandler.java:installSnapshot(84)) - omNode-2@group-523986131536: receive installSnapshot: omNode-1->omNode-2#0-t6,notify:(t:6, i:59)
2022-09-29 01:23:44,751 [Listener at localhost/41255] INFO  rpc.RpcClient (RpcClient.java:createBucket(674)) - Creating Bucket: volume14738/5adb91a9-6c37-408c-b8ac-0ba9281aa42e, with server-side default bucket layout, runner as owner, Versioning false, Storage Type set to DISK and Encryption set to false 
2022-09-29 01:23:44,752 [OM StateMachine ApplyTransaction Thread - 0] INFO  volume.OMVolumeCreateRequest (OMVolumeCreateRequest.java:validateAndUpdateCache(195)) - created volume:volume14738 for user:user40360
2022-09-29 01:23:44,755 [grpc-default-executor-0] INFO  impl.SnapshotInstallationHandler (SnapshotInstallationHandler.java:installSnapshot(95)) - omNode-2@group-523986131536: reply installSnapshot: omNode-1<-omNode-2#0:FAIL-t6,IN_PROGRESS
2022-09-29 01:23:44,756 [grpc-default-executor-0] INFO  server.GrpcServerProtocolService (GrpcServerProtocolService.java:onCompleted(140)) - omNode-2: Completed INSTALL_SNAPSHOT, lastRequest: omNode-1->omNode-2#0-t6,notify:(t:6, i:59)
2022-09-29 01:23:44,756 [grpc-default-executor-1] INFO  server.GrpcLogAppender (GrpcLogAppender.java:onNext(403)) - omNode-1@group-523986131536->omNode-2-InstallSnapshotResponseHandler: received a reply omNode-1<-omNode-2#0:FAIL-t6,IN_PROGRESS
2022-09-29 01:23:44,756 [grpc-default-executor-1] INFO  server.GrpcLogAppender (GrpcLogAppender.java:onNext(421)) - omNode-1@group-523986131536->omNode-2-InstallSnapshotResponseHandler: InstallSnapshot in progress.
2022-09-29 01:23:44,756 [omNode-1@group-523986131536->omNode-2-GrpcLogAppender-LogAppenderDaemon] INFO  server.GrpcLogAppender (GrpcLogAppender.java:installSnapshot(541)) - omNode-1@group-523986131536->omNode-2-GrpcLogAppender: followerNextIndex = 57 but logStartIndex = 59, notify follower to install snapshot-(t:6, i:59)
2022-09-29 01:23:44,757 [omNode-1@group-523986131536->omNode-2-GrpcLogAppender-LogAppenderDaemon] INFO  server.GrpcLogAppender (GrpcLogAppender.java:installSnapshot(549)) - omNode-1@group-523986131536->omNode-2-GrpcLogAppender: send omNode-1->omNode-2#0-t6,notify:(t:6, i:59)
2022-09-29 01:23:44,757 [omNode-2-server-thread1] INFO  server.RaftServer$Division (RaftServerImpl.java:checkInconsistentAppendEntries(1402)) - omNode-2@group-523986131536: Failed appendEntries as snapshot (59) installation is in progress
2022-09-29 01:23:44,757 [omNode-2-server-thread1] INFO  server.RaftServer$Division (RaftServerImpl.java:checkInconsistentAppendEntries(1394)) - omNode-2@group-523986131536: inconsistency entries. Reply:omNode-1<-omNode-2#343:FAIL-t6,INCONSISTENCY,nextIndex=57,followerCommit=56
2022-09-29 01:23:44,758 [grpc-default-executor-1] INFO  leader.FollowerInfo (FollowerInfoImpl.java:lambda$new$0(48)) - omNode-1@group-523986131536->omNode-2: nextIndex: updateUnconditionally 57 -> 57
2022-09-29 01:23:44,760 [grpc-default-executor-0] INFO  impl.SnapshotInstallationHandler (SnapshotInstallationHandler.java:installSnapshot(84)) - omNode-2@group-523986131536: receive installSnapshot: omNode-1->omNode-2#0-t6,notify:(t:6, i:59)
2022-09-29 01:23:44,760 [grpc-default-executor-0] INFO  impl.SnapshotInstallationHandler (SnapshotInstallationHandler.java:installSnapshot(95)) - omNode-2@group-523986131536: reply installSnapshot: omNode-1<-omNode-2#0:FAIL-t6,IN_PROGRESS
2022-09-29 01:23:44,760 [grpc-default-executor-0] INFO  server.GrpcServerProtocolService (GrpcServerProtocolService.java:onCompleted(140)) - omNode-2: Completed INSTALL_SNAPSHOT, lastRequest: omNode-1->omNode-2#0-t6,notify:(t:6, i:59)
2022-09-29 01:23:44,761 [grpc-default-executor-1] INFO  server.GrpcLogAppender (GrpcLogAppender.java:onNext(403)) - omNode-1@group-523986131536->omNode-2-InstallSnapshotResponseHandler: received a reply omNode-1<-omNode-2#0:FAIL-t6,IN_PROGRESS
2022-09-29 01:23:44,761 [grpc-default-executor-1] INFO  server.GrpcLogAppender (GrpcLogAppender.java:onNext(421)) - omNode-1@group-523986131536->omNode-2-InstallSnapshotResponseHandler: InstallSnapshot in progress.
2022-09-29 01:23:44,761 [omNode-1@group-523986131536->omNode-2-GrpcLogAppender-LogAppenderDaemon] INFO  server.GrpcLogAppender (GrpcLogAppender.java:installSnapshot(541)) - omNode-1@group-523986131536->omNode-2-GrpcLogAppender: followerNextIndex = 57 but logStartIndex = 59, notify follower to install snapshot-(t:6, i:59)
2022-09-29 01:23:44,761 [omNode-1@group-523986131536->omNode-2-GrpcLogAppender-LogAppenderDaemon] INFO  server.GrpcLogAppender (GrpcLogAppender.java:installSnapshot(549)) - omNode-1@group-523986131536->omNode-2-GrpcLogAppender: send omNode-1->omNode-2#0-t6,notify:(t:6, i:59)
2022-09-29 01:23:44,762 [omNode-2-server-thread1] INFO  server.RaftServer$Division (RaftServerImpl.java:checkInconsistentAppendEntries(1402)) - omNode-2@group-523986131536: Failed appendEntries as snapshot (59) installation is in progress
2022-09-29 01:23:44,762 [omNode-2-server-thread1] INFO  server.RaftServer$Division (RaftServerImpl.java:checkInconsistentAppendEntries(1394)) - omNode-2@group-523986131536: inconsistency entries. Reply:omNode-1<-omNode-2#344:FAIL-t6,INCONSISTENCY,nextIndex=57,followerCommit=56
2022-09-29 01:23:44,762 [grpc-default-executor-2] INFO  leader.FollowerInfo (FollowerInfoImpl.java:lambda$new$0(48)) - omNode-1@group-523986131536->omNode-2: nextIndex: updateUnconditionally 57 -> 57
2022-09-29 01:23:44,764 [grpc-default-executor-1] INFO  impl.SnapshotInstallationHandler (SnapshotInstallationHandler.java:installSnapshot(84)) - omNode-2@group-523986131536: receive installSnapshot: omNode-1->omNode-2#0-t6,notify:(t:6, i:59)
2022-09-29 01:23:44,764 [grpc-default-executor-1] INFO  impl.SnapshotInstallationHandler (SnapshotInstallationHandler.java:installSnapshot(95)) - omNode-2@group-523986131536: reply installSnapshot: omNode-1<-omNode-2#0:FAIL-t6,IN_PROGRESS
2022-09-29 01:23:44,764 [grpc-default-executor-1] INFO  server.GrpcServerProtocolService (GrpcServerProtocolService.java:onCompleted(140)) - omNode-2: Completed INSTALL_SNAPSHOT, lastRequest: omNode-1->omNode-2#0-t6,notify:(t:6, i:59)
2022-09-29 01:23:44,765 [OM StateMachine ApplyTransaction Thread - 0] INFO  bucket.OMBucketCreateRequest (OMBucketCreateRequest.java:validateAndUpdateCache(260)) - created bucket: 5adb91a9-6c37-408c-b8ac-0ba9281aa42e of layout LEGACY in volume: volume14738
2022-09-29 01:23:44,767 [grpc-default-executor-0] INFO  server.GrpcLogAppender (GrpcLogAppender.java:onNext(403)) - omNode-1@group-523986131536->omNode-2-InstallSnapshotResponseHandler: received a reply omNode-1<-omNode-2#0:FAIL-t6,IN_PROGRESS
2022-09-29 01:23:44,768 [grpc-default-executor-0] INFO  server.GrpcLogAppender (GrpcLogAppender.java:onNext(421)) - omNode-1@group-523986131536->omNode-2-InstallSnapshotResponseHandler: InstallSnapshot in progress.
2022-09-29 01:23:44,768 [omNode-1@group-523986131536->omNode-2-GrpcLogAppender-LogAppenderDaemon] INFO  server.GrpcLogAppender (GrpcLogAppender.java:installSnapshot(541)) - omNode-1@group-523986131536->omNode-2-GrpcLogAppender: followerNextIndex = 57 but logStartIndex = 59, notify follower to install snapshot-(t:6, i:59)
2022-09-29 01:23:44,768 [omNode-1@group-523986131536->omNode-2-GrpcLogAppender-LogAppenderDaemon] INFO  server.GrpcLogAppender (GrpcLogAppender.java:installSnapshot(549)) - omNode-1@group-523986131536->omNode-2-GrpcLogAppender: send omNode-1->omNode-2#0-t6,notify:(t:6, i:59)
2022-09-29 01:23:44,771 [omNode-2-server-thread1] INFO  server.RaftServer$Division (RaftServerImpl.java:checkInconsistentAppendEntries(1402)) - omNode-2@group-523986131536: Failed appendEntries as snapshot (59) installation is in progress
2022-09-29 01:23:44,771 [omNode-2-server-thread1] INFO  server.RaftServer$Division (RaftServerImpl.java:checkInconsistentAppendEntries(1394)) - omNode-2@group-523986131536: inconsistency entries. Reply:omNode-1<-omNode-2#345:FAIL-t6,INCONSISTENCY,nextIndex=57,followerCommit=56
2022-09-29 01:23:44,772 [grpc-default-executor-0] INFO  leader.FollowerInfo (FollowerInfoImpl.java:lambda$new$0(48)) - omNode-1@group-523986131536->omNode-2: nextIndex: updateUnconditionally 57 -> 57
2022-09-29 01:23:44,776 [grpc-default-executor-1] INFO  impl.SnapshotInstallationHandler (SnapshotInstallationHandler.java:installSnapshot(84)) - omNode-2@group-523986131536: receive installSnapshot: omNode-1->omNode-2#0-t6,notify:(t:6, i:59)
2022-09-29 01:23:44,777 [grpc-default-executor-1] INFO  impl.SnapshotInstallationHandler (SnapshotInstallationHandler.java:installSnapshot(95)) - omNode-2@group-523986131536: reply installSnapshot: omNode-1<-omNode-2#0:FAIL-t6,IN_PROGRESS
2022-09-29 01:23:44,777 [grpc-default-executor-1] INFO  server.GrpcServerProtocolService (GrpcServerProtocolService.java:onCompleted(140)) - omNode-2: Completed INSTALL_SNAPSHOT, lastRequest: omNode-1->omNode-2#0-t6,notify:(t:6, i:59)
2022-09-29 01:23:44,777 [grpc-default-executor-0] INFO  server.GrpcLogAppender (GrpcLogAppender.java:onNext(403)) - omNode-1@group-523986131536->omNode-2-InstallSnapshotResponseHandler: received a reply omNode-1<-omNode-2#0:FAIL-t6,IN_PROGRESS
2022-09-29 01:23:44,777 [grpc-default-executor-0] INFO  server.GrpcLogAppender (GrpcLogAppender.java:onNext(421)) - omNode-1@group-523986131536->omNode-2-InstallSnapshotResponseHandler: InstallSnapshot in progress.
2022-09-29 01:23:44,777 [omNode-1@group-523986131536->omNode-2-GrpcLogAppender-LogAppenderDaemon] INFO  server.GrpcLogAppender (GrpcLogAppender.java:installSnapshot(541)) - omNode-1@group-523986131536->omNode-2-GrpcLogAppender: followerNextIndex = 57 but logStartIndex = 59, notify follower to install snapshot-(t:6, i:59)
2022-09-29 01:23:44,778 [omNode-1@group-523986131536->omNode-2-GrpcLogAppender-LogAppenderDaemon] INFO  server.GrpcLogAppender (GrpcLogAppender.java:installSnapshot(549)) - omNode-1@group-523986131536->omNode-2-GrpcLogAppender: send omNode-1->omNode-2#0-t6,notify:(t:6, i:59)
2022-09-29 01:23:44,778 [omNode-2-server-thread1] INFO  server.RaftServer$Division (RaftServerImpl.java:checkInconsistentAppendEntries(1402)) - omNode-2@group-523986131536: Failed appendEntries as snapshot (59) installation is in progress
2022-09-29 01:23:44,778 [omNode-2-server-thread1] INFO  server.RaftServer$Division (RaftServerImpl.java:checkInconsistentAppendEntries(1394)) - omNode-2@group-523986131536: inconsistency entries. Reply:omNode-1<-omNode-2#346:FAIL-t6,INCONSISTENCY,nextIndex=57,followerCommit=56
2022-09-29 01:23:44,779 [grpc-default-executor-1] INFO  leader.FollowerInfo (FollowerInfoImpl.java:lambda$new$0(48)) - omNode-1@group-523986131536->omNode-2: nextIndex: updateUnconditionally 57 -> 57
2022-09-29 01:23:44,780 [grpc-default-executor-0] INFO  impl.SnapshotInstallationHandler (SnapshotInstallationHandler.java:installSnapshot(84)) - omNode-2@group-523986131536: receive installSnapshot: omNode-1->omNode-2#0-t6,notify:(t:6, i:59)
2022-09-29 01:23:44,780 [grpc-default-executor-0] INFO  impl.SnapshotInstallationHandler (SnapshotInstallationHandler.java:installSnapshot(95)) - omNode-2@group-523986131536: reply installSnapshot: omNode-1<-omNode-2#0:FAIL-t6,IN_PROGRESS
2022-09-29 01:23:44,780 [grpc-default-executor-0] INFO  server.GrpcServerProtocolService (GrpcServerProtocolService.java:onCompleted(140)) - omNode-2: Completed INSTALL_SNAPSHOT, lastRequest: omNode-1->omNode-2#0-t6,notify:(t:6, i:59)
2022-09-29 01:23:44,781 [OM StateMachine ApplyTransaction Thread - 0] INFO  bucket.OMBucketCreateRequest (OMBucketCreateRequest.java:validateAndUpdateCache(260)) - created bucket: 5adb91a9-6c37-408c-b8ac-0ba9281aa42e of layout LEGACY in volume: volume14738
2022-09-29 01:23:44,781 [grpc-default-executor-1] INFO  server.GrpcLogAppender (GrpcLogAppender.java:onNext(403)) - omNode-1@group-523986131536->omNode-2-InstallSnapshotResponseHandler: received a reply omNode-1<-omNode-2#0:FAIL-t6,IN_PROGRESS
2022-09-29 01:23:44,781 [grpc-default-executor-1] INFO  server.GrpcLogAppender (GrpcLogAppender.java:onNext(421)) - omNode-1@group-523986131536->omNode-2-InstallSnapshotResponseHandler: InstallSnapshot in progress.
2022-09-29 01:23:44,782 [omNode-1@group-523986131536->omNode-2-GrpcLogAppender-LogAppenderDaemon] INFO  server.GrpcLogAppender (GrpcLogAppender.java:installSnapshot(541)) - omNode-1@group-523986131536->omNode-2-GrpcLogAppender: followerNextIndex = 57 but logStartIndex = 59, notify follower to install snapshot-(t:6, i:59)
2022-09-29 01:23:44,782 [omNode-1@group-523986131536->omNode-2-GrpcLogAppender-LogAppenderDaemon] INFO  server.GrpcLogAppender (GrpcLogAppender.java:installSnapshot(549)) - omNode-1@group-523986131536->omNode-2-GrpcLogAppender: send omNode-1->omNode-2#0-t6,notify:(t:6, i:59)
2022-09-29 01:23:44,784 [omNode-2-server-thread1] INFO  server.RaftServer$Division (RaftServerImpl.java:checkInconsistentAppendEntries(1402)) - omNode-2@group-523986131536: Failed appendEntries as snapshot (59) installation is in progress
2022-09-29 01:23:44,784 [omNode-2-server-thread1] INFO  server.RaftServer$Division (RaftServerImpl.java:checkInconsistentAppendEntries(1394)) - omNode-2@group-523986131536: inconsistency entries. Reply:omNode-1<-omNode-2#347:FAIL-t6,INCONSISTENCY,nextIndex=57,followerCommit=56
2022-09-29 01:23:44,787 [grpc-default-executor-1] INFO  leader.FollowerInfo (FollowerInfoImpl.java:lambda$new$0(48)) - omNode-1@group-523986131536->omNode-2: nextIndex: updateUnconditionally 57 -> 57
2022-09-29 01:23:44,800 [grpc-default-executor-0] INFO  impl.SnapshotInstallationHandler (SnapshotInstallationHandler.java:installSnapshot(84)) - omNode-2@group-523986131536: receive installSnapshot: omNode-1->omNode-2#0-t6,notify:(t:6, i:59)
2022-09-29 01:23:44,801 [grpc-default-executor-0] INFO  impl.SnapshotInstallationHandler (SnapshotInstallationHandler.java:installSnapshot(95)) - omNode-2@group-523986131536: reply installSnapshot: omNode-1<-omNode-2#0:FAIL-t6,IN_PROGRESS
2022-09-29 01:23:44,801 [grpc-default-executor-0] INFO  server.GrpcServerProtocolService (GrpcServerProtocolService.java:onCompleted(140)) - omNode-2: Completed INSTALL_SNAPSHOT, lastRequest: omNode-1->omNode-2#0-t6,notify:(t:6, i:59)
2022-09-29 01:23:44,803 [grpc-default-executor-1] INFO  server.GrpcLogAppender (GrpcLogAppender.java:onNext(403)) - omNode-1@group-523986131536->omNode-2-InstallSnapshotResponseHandler: received a reply omNode-1<-omNode-2#0:FAIL-t6,IN_PROGRESS
2022-09-29 01:23:44,803 [grpc-default-executor-1] INFO  server.GrpcLogAppender (GrpcLogAppender.java:onNext(421)) - omNode-1@group-523986131536->omNode-2-InstallSnapshotResponseHandler: InstallSnapshot in progress.
2022-09-29 01:23:44,803 [omNode-1@group-523986131536->omNode-2-GrpcLogAppender-LogAppenderDaemon] INFO  server.GrpcLogAppender (GrpcLogAppender.java:installSnapshot(541)) - omNode-1@group-523986131536->omNode-2-GrpcLogAppender: followerNextIndex = 57 but logStartIndex = 59, notify follower to install snapshot-(t:6, i:59)
2022-09-29 01:23:44,804 [omNode-1@group-523986131536->omNode-2-GrpcLogAppender-LogAppenderDaemon] INFO  server.GrpcLogAppender (GrpcLogAppender.java:installSnapshot(549)) - omNode-1@group-523986131536->omNode-2-GrpcLogAppender: send omNode-1->omNode-2#0-t6,notify:(t:6, i:59)
2022-09-29 01:23:44,818 [omNode-2-server-thread1] INFO  server.RaftServer$Division (RaftServerImpl.java:checkInconsistentAppendEntries(1402)) - omNode-2@group-523986131536: Failed appendEntries as snapshot (59) installation is in progress
2022-09-29 01:23:44,818 [omNode-2-server-thread1] INFO  server.RaftServer$Division (RaftServerImpl.java:checkInconsistentAppendEntries(1394)) - omNode-2@group-523986131536: inconsistency entries. Reply:omNode-1<-omNode-2#348:FAIL-t6,INCONSISTENCY,nextIndex=57,followerCommit=56
2022-09-29 01:23:44,818 [grpc-default-executor-1] INFO  impl.SnapshotInstallationHandler (SnapshotInstallationHandler.java:installSnapshot(84)) - omNode-2@group-523986131536: receive installSnapshot: omNode-1->omNode-2#0-t6,notify:(t:6, i:59)
2022-09-29 01:23:44,818 [grpc-default-executor-1] INFO  impl.SnapshotInstallationHandler (SnapshotInstallationHandler.java:installSnapshot(95)) - omNode-2@group-523986131536: reply installSnapshot: omNode-1<-omNode-2#0:FAIL-t6,IN_PROGRESS
2022-09-29 01:23:44,818 [grpc-default-executor-1] INFO  server.GrpcServerProtocolService (GrpcServerProtocolService.java:onCompleted(140)) - omNode-2: Completed INSTALL_SNAPSHOT, lastRequest: omNode-1->omNode-2#0-t6,notify:(t:6, i:59)
2022-09-29 01:23:44,820 [grpc-default-executor-1] INFO  server.GrpcLogAppender (GrpcLogAppender.java:onNext(403)) - omNode-1@group-523986131536->omNode-2-InstallSnapshotResponseHandler: received a reply omNode-1<-omNode-2#0:FAIL-t6,IN_PROGRESS
2022-09-29 01:23:44,820 [grpc-default-executor-1] INFO  server.GrpcLogAppender (GrpcLogAppender.java:onNext(421)) - omNode-1@group-523986131536->omNode-2-InstallSnapshotResponseHandler: InstallSnapshot in progress.
2022-09-29 01:23:44,822 [omNode-1@group-523986131536->omNode-2-GrpcLogAppender-LogAppenderDaemon] INFO  server.GrpcLogAppender (GrpcLogAppender.java:installSnapshot(541)) - omNode-1@group-523986131536->omNode-2-GrpcLogAppender: followerNextIndex = 57 but logStartIndex = 59, notify follower to install snapshot-(t:6, i:59)
2022-09-29 01:23:44,822 [omNode-1@group-523986131536->omNode-2-GrpcLogAppender-LogAppenderDaemon] INFO  server.GrpcLogAppender (GrpcLogAppender.java:installSnapshot(549)) - omNode-1@group-523986131536->omNode-2-GrpcLogAppender: send omNode-1->omNode-2#0-t6,notify:(t:6, i:59)
2022-09-29 01:23:44,824 [omNode-2-server-thread1] INFO  server.RaftServer$Division (RaftServerImpl.java:checkInconsistentAppendEntries(1402)) - omNode-2@group-523986131536: Failed appendEntries as snapshot (59) installation is in progress
2022-09-29 01:23:44,824 [omNode-2-server-thread1] INFO  server.RaftServer$Division (RaftServerImpl.java:checkInconsistentAppendEntries(1394)) - omNode-2@group-523986131536: inconsistency entries. Reply:omNode-1<-omNode-2#349:FAIL-t6,INCONSISTENCY,nextIndex=57,followerCommit=56
2022-09-29 01:23:44,825 [grpc-default-executor-3] INFO  leader.FollowerInfo (FollowerInfoImpl.java:lambda$new$0(48)) - omNode-1@group-523986131536->omNode-2: nextIndex: updateUnconditionally 57 -> 57
2022-09-29 01:23:44,825 [grpc-default-executor-3] INFO  leader.FollowerInfo (FollowerInfoImpl.java:lambda$new$0(48)) - omNode-1@group-523986131536->omNode-2: nextIndex: updateUnconditionally 57 -> 57
2022-09-29 01:23:44,841 [grpc-default-executor-1] INFO  impl.SnapshotInstallationHandler (SnapshotInstallationHandler.java:installSnapshot(84)) - omNode-2@group-523986131536: receive installSnapshot: omNode-1->omNode-2#0-t6,notify:(t:6, i:59)
2022-09-29 01:23:44,841 [grpc-default-executor-1] INFO  impl.SnapshotInstallationHandler (SnapshotInstallationHandler.java:installSnapshot(95)) - omNode-2@group-523986131536: reply installSnapshot: omNode-1<-omNode-2#0:FAIL-t6,IN_PROGRESS
2022-09-29 01:23:44,842 [grpc-default-executor-1] INFO  server.GrpcServerProtocolService (GrpcServerProtocolService.java:onCompleted(140)) - omNode-2: Completed INSTALL_SNAPSHOT, lastRequest: omNode-1->omNode-2#0-t6,notify:(t:6, i:59)
2022-09-29 01:23:44,843 [grpc-default-executor-2] INFO  server.GrpcLogAppender (GrpcLogAppender.java:onNext(403)) - omNode-1@group-523986131536->omNode-2-InstallSnapshotResponseHandler: received a reply omNode-1<-omNode-2#0:FAIL-t6,IN_PROGRESS
2022-09-29 01:23:44,843 [grpc-default-executor-2] INFO  server.GrpcLogAppender (GrpcLogAppender.java:onNext(421)) - omNode-1@group-523986131536->omNode-2-InstallSnapshotResponseHandler: InstallSnapshot in progress.
2022-09-29 01:23:44,843 [omNode-1@group-523986131536->omNode-2-GrpcLogAppender-LogAppenderDaemon] INFO  server.GrpcLogAppender (GrpcLogAppender.java:installSnapshot(541)) - omNode-1@group-523986131536->omNode-2-GrpcLogAppender: followerNextIndex = 57 but logStartIndex = 59, notify follower to install snapshot-(t:6, i:59)
2022-09-29 01:23:44,843 [omNode-1@group-523986131536->omNode-2-GrpcLogAppender-LogAppenderDaemon] INFO  server.GrpcLogAppender (GrpcLogAppender.java:installSnapshot(549)) - omNode-1@group-523986131536->omNode-2-GrpcLogAppender: send omNode-1->omNode-2#0-t6,notify:(t:6, i:59)
2022-09-29 01:23:44,845 [omNode-2-server-thread1] INFO  server.RaftServer$Division (RaftServerImpl.java:checkInconsistentAppendEntries(1402)) - omNode-2@group-523986131536: Failed appendEntries as snapshot (59) installation is in progress
2022-09-29 01:23:44,845 [omNode-2-server-thread1] INFO  server.RaftServer$Division (RaftServerImpl.java:checkInconsistentAppendEntries(1394)) - omNode-2@group-523986131536: inconsistency entries. Reply:omNode-1<-omNode-2#350:FAIL-t6,INCONSISTENCY,nextIndex=57,followerCommit=56
2022-09-29 01:23:44,846 [grpc-default-executor-1] INFO  leader.FollowerInfo (FollowerInfoImpl.java:lambda$new$0(48)) - omNode-1@group-523986131536->omNode-2: nextIndex: updateUnconditionally 57 -> 57
2022-09-29 01:23:44,856 [grpc-default-executor-2] INFO  impl.SnapshotInstallationHandler (SnapshotInstallationHandler.java:installSnapshot(84)) - omNode-2@group-523986131536: receive installSnapshot: omNode-1->omNode-2#0-t6,notify:(t:6, i:59)
2022-09-29 01:23:44,857 [grpc-default-executor-2] INFO  impl.SnapshotInstallationHandler (SnapshotInstallationHandler.java:installSnapshot(95)) - omNode-2@group-523986131536: reply installSnapshot: omNode-1<-omNode-2#0:FAIL-t6,IN_PROGRESS
2022-09-29 01:23:44,857 [grpc-default-executor-2] INFO  server.GrpcServerProtocolService (GrpcServerProtocolService.java:onCompleted(140)) - omNode-2: Completed INSTALL_SNAPSHOT, lastRequest: omNode-1->omNode-2#0-t6,notify:(t:6, i:59)
2022-09-29 01:23:44,858 [grpc-default-executor-1] INFO  server.GrpcLogAppender (GrpcLogAppender.java:onNext(403)) - omNode-1@group-523986131536->omNode-2-InstallSnapshotResponseHandler: received a reply omNode-1<-omNode-2#0:FAIL-t6,IN_PROGRESS
2022-09-29 01:23:44,858 [grpc-default-executor-1] INFO  server.GrpcLogAppender (GrpcLogAppender.java:onNext(421)) - omNode-1@group-523986131536->omNode-2-InstallSnapshotResponseHandler: InstallSnapshot in progress.
2022-09-29 01:23:44,858 [omNode-1@group-523986131536->omNode-2-GrpcLogAppender-LogAppenderDaemon] INFO  server.GrpcLogAppender (GrpcLogAppender.java:installSnapshot(541)) - omNode-1@group-523986131536->omNode-2-GrpcLogAppender: followerNextIndex = 57 but logStartIndex = 59, notify follower to install snapshot-(t:6, i:59)
2022-09-29 01:23:44,859 [omNode-1@group-523986131536->omNode-2-GrpcLogAppender-LogAppenderDaemon] INFO  server.GrpcLogAppender (GrpcLogAppender.java:installSnapshot(549)) - omNode-1@group-523986131536->omNode-2-GrpcLogAppender: send omNode-1->omNode-2#0-t6,notify:(t:6, i:59)
2022-09-29 01:23:44,860 [omNode-2-server-thread1] INFO  server.RaftServer$Division (RaftServerImpl.java:checkInconsistentAppendEntries(1402)) - omNode-2@group-523986131536: Failed appendEntries as snapshot (59) installation is in progress
2022-09-29 01:23:44,861 [omNode-2-server-thread1] INFO  server.RaftServer$Division (RaftServerImpl.java:checkInconsistentAppendEntries(1394)) - omNode-2@group-523986131536: inconsistency entries. Reply:omNode-1<-omNode-2#351:FAIL-t6,INCONSISTENCY,nextIndex=57,followerCommit=56
2022-09-29 01:23:44,862 [grpc-default-executor-1] INFO  leader.FollowerInfo (FollowerInfoImpl.java:lambda$new$0(48)) - omNode-1@group-523986131536->omNode-2: nextIndex: updateUnconditionally 57 -> 57
2022-09-29 01:23:44,862 [grpc-default-executor-2] INFO  impl.SnapshotInstallationHandler (SnapshotInstallationHandler.java:installSnapshot(84)) - omNode-2@group-523986131536: receive installSnapshot: omNode-1->omNode-2#0-t6,notify:(t:6, i:59)
2022-09-29 01:23:44,862 [grpc-default-executor-2] INFO  impl.SnapshotInstallationHandler (SnapshotInstallationHandler.java:installSnapshot(95)) - omNode-2@group-523986131536: reply installSnapshot: omNode-1<-omNode-2#0:FAIL-t6,IN_PROGRESS
2022-09-29 01:23:44,862 [grpc-default-executor-2] INFO  server.GrpcServerProtocolService (GrpcServerProtocolService.java:onCompleted(140)) - omNode-2: Completed INSTALL_SNAPSHOT, lastRequest: omNode-1->omNode-2#0-t6,notify:(t:6, i:59)
2022-09-29 01:23:44,863 [grpc-default-executor-1] INFO  server.GrpcLogAppender (GrpcLogAppender.java:onNext(403)) - omNode-1@group-523986131536->omNode-2-InstallSnapshotResponseHandler: received a reply omNode-1<-omNode-2#0:FAIL-t6,IN_PROGRESS
2022-09-29 01:23:44,863 [grpc-default-executor-1] INFO  server.GrpcLogAppender (GrpcLogAppender.java:onNext(421)) - omNode-1@group-523986131536->omNode-2-InstallSnapshotResponseHandler: InstallSnapshot in progress.
2022-09-29 01:23:44,863 [omNode-1@group-523986131536->omNode-2-GrpcLogAppender-LogAppenderDaemon] INFO  server.GrpcLogAppender (GrpcLogAppender.java:installSnapshot(541)) - omNode-1@group-523986131536->omNode-2-GrpcLogAppender: followerNextIndex = 57 but logStartIndex = 59, notify follower to install snapshot-(t:6, i:59)
2022-09-29 01:23:44,863 [omNode-1@group-523986131536->omNode-2-GrpcLogAppender-LogAppenderDaemon] INFO  server.GrpcLogAppender (GrpcLogAppender.java:installSnapshot(549)) - omNode-1@group-523986131536->omNode-2-GrpcLogAppender: send omNode-1->omNode-2#0-t6,notify:(t:6, i:59)
2022-09-29 01:23:44,864 [omNode-2-server-thread1] INFO  server.RaftServer$Division (RaftServerImpl.java:checkInconsistentAppendEntries(1402)) - omNode-2@group-523986131536: Failed appendEntries as snapshot (59) installation is in progress
2022-09-29 01:23:44,864 [omNode-2-server-thread1] INFO  server.RaftServer$Division (RaftServerImpl.java:checkInconsistentAppendEntries(1394)) - omNode-2@group-523986131536: inconsistency entries. Reply:omNode-1<-omNode-2#352:FAIL-t6,INCONSISTENCY,nextIndex=57,followerCommit=56
2022-09-29 01:23:44,865 [grpc-default-executor-2] INFO  leader.FollowerInfo (FollowerInfoImpl.java:lambda$new$0(48)) - omNode-1@group-523986131536->omNode-2: nextIndex: updateUnconditionally 57 -> 57
2022-09-29 01:23:44,866 [grpc-default-executor-1] INFO  impl.SnapshotInstallationHandler (SnapshotInstallationHandler.java:installSnapshot(84)) - omNode-2@group-523986131536: receive installSnapshot: omNode-1->omNode-2#0-t6,notify:(t:6, i:59)
2022-09-29 01:23:44,866 [grpc-default-executor-1] INFO  impl.SnapshotInstallationHandler (SnapshotInstallationHandler.java:installSnapshot(95)) - omNode-2@group-523986131536: reply installSnapshot: omNode-1<-omNode-2#0:FAIL-t6,IN_PROGRESS
2022-09-29 01:23:44,866 [grpc-default-executor-1] INFO  server.GrpcServerProtocolService (GrpcServerProtocolService.java:onCompleted(140)) - omNode-2: Completed INSTALL_SNAPSHOT, lastRequest: omNode-1->omNode-2#0-t6,notify:(t:6, i:59)
2022-09-29 01:23:44,866 [grpc-default-executor-1] INFO  server.GrpcLogAppender (GrpcLogAppender.java:onNext(403)) - omNode-1@group-523986131536->omNode-2-InstallSnapshotResponseHandler: received a reply omNode-1<-omNode-2#0:FAIL-t6,IN_PROGRESS
2022-09-29 01:23:44,867 [grpc-default-executor-1] INFO  server.GrpcLogAppender (GrpcLogAppender.java:onNext(421)) - omNode-1@group-523986131536->omNode-2-InstallSnapshotResponseHandler: InstallSnapshot in progress.
2022-09-29 01:23:44,867 [omNode-1@group-523986131536->omNode-2-GrpcLogAppender-LogAppenderDaemon] INFO  server.GrpcLogAppender (GrpcLogAppender.java:installSnapshot(541)) - omNode-1@group-523986131536->omNode-2-GrpcLogAppender: followerNextIndex = 57 but logStartIndex = 59, notify follower to install snapshot-(t:6, i:59)
2022-09-29 01:23:44,867 [omNode-1@group-523986131536->omNode-2-GrpcLogAppender-LogAppenderDaemon] INFO  server.GrpcLogAppender (GrpcLogAppender.java:installSnapshot(549)) - omNode-1@group-523986131536->omNode-2-GrpcLogAppender: send omNode-1->omNode-2#0-t6,notify:(t:6, i:59)
2022-09-29 01:23:44,869 [omNode-2-server-thread1] INFO  server.RaftServer$Division (RaftServerImpl.java:checkInconsistentAppendEntries(1402)) - omNode-2@group-523986131536: Failed appendEntries as snapshot (59) installation is in progress
2022-09-29 01:23:44,869 [omNode-2-server-thread1] INFO  server.RaftServer$Division (RaftServerImpl.java:checkInconsistentAppendEntries(1394)) - omNode-2@group-523986131536: inconsistency entries. Reply:omNode-1<-omNode-2#353:FAIL-t6,INCONSISTENCY,nextIndex=57,followerCommit=56
2022-09-29 01:23:44,872 [grpc-default-executor-3] INFO  leader.FollowerInfo (FollowerInfoImpl.java:lambda$new$0(48)) - omNode-1@group-523986131536->omNode-2: nextIndex: updateUnconditionally 57 -> 57
2022-09-29 01:23:44,872 [grpc-default-executor-1] INFO  impl.SnapshotInstallationHandler (SnapshotInstallationHandler.java:installSnapshot(84)) - omNode-2@group-523986131536: receive installSnapshot: omNode-1->omNode-2#0-t6,notify:(t:6, i:59)
2022-09-29 01:23:44,872 [grpc-default-executor-1] INFO  impl.SnapshotInstallationHandler (SnapshotInstallationHandler.java:installSnapshot(95)) - omNode-2@group-523986131536: reply installSnapshot: omNode-1<-omNode-2#0:FAIL-t6,IN_PROGRESS
2022-09-29 01:23:44,872 [grpc-default-executor-1] INFO  server.GrpcServerProtocolService (GrpcServerProtocolService.java:onCompleted(140)) - omNode-2: Completed INSTALL_SNAPSHOT, lastRequest: omNode-1->omNode-2#0-t6,notify:(t:6, i:59)
2022-09-29 01:23:44,873 [grpc-default-executor-2] INFO  server.GrpcLogAppender (GrpcLogAppender.java:onNext(403)) - omNode-1@group-523986131536->omNode-2-InstallSnapshotResponseHandler: received a reply omNode-1<-omNode-2#0:FAIL-t6,IN_PROGRESS
2022-09-29 01:23:44,873 [grpc-default-executor-2] INFO  server.GrpcLogAppender (GrpcLogAppender.java:onNext(421)) - omNode-1@group-523986131536->omNode-2-InstallSnapshotResponseHandler: InstallSnapshot in progress.
2022-09-29 01:23:44,873 [omNode-1@group-523986131536->omNode-2-GrpcLogAppender-LogAppenderDaemon] INFO  server.GrpcLogAppender (GrpcLogAppender.java:installSnapshot(541)) - omNode-1@group-523986131536->omNode-2-GrpcLogAppender: followerNextIndex = 57 but logStartIndex = 59, notify follower to install snapshot-(t:6, i:59)
2022-09-29 01:23:44,873 [omNode-1@group-523986131536->omNode-2-GrpcLogAppender-LogAppenderDaemon] INFO  server.GrpcLogAppender (GrpcLogAppender.java:installSnapshot(549)) - omNode-1@group-523986131536->omNode-2-GrpcLogAppender: send omNode-1->omNode-2#0-t6,notify:(t:6, i:59)
2022-09-29 01:23:44,875 [omNode-2-server-thread1] INFO  server.RaftServer$Division (RaftServerImpl.java:checkInconsistentAppendEntries(1402)) - omNode-2@group-523986131536: Failed appendEntries as snapshot (59) installation is in progress
2022-09-29 01:23:44,875 [omNode-2-server-thread1] INFO  server.RaftServer$Division (RaftServerImpl.java:checkInconsistentAppendEntries(1394)) - omNode-2@group-523986131536: inconsistency entries. Reply:omNode-1<-omNode-2#354:FAIL-t6,INCONSISTENCY,nextIndex=57,followerCommit=56
2022-09-29 01:23:44,875 [grpc-default-executor-3] INFO  leader.FollowerInfo (FollowerInfoImpl.java:lambda$new$0(48)) - omNode-1@group-523986131536->omNode-2: nextIndex: updateUnconditionally 57 -> 57
2022-09-29 01:23:44,880 [grpc-default-executor-2] INFO  impl.SnapshotInstallationHandler (SnapshotInstallationHandler.java:installSnapshot(84)) - omNode-2@group-523986131536: receive installSnapshot: omNode-1->omNode-2#0-t6,notify:(t:6, i:59)
2022-09-29 01:23:44,881 [grpc-default-executor-2] INFO  impl.SnapshotInstallationHandler (SnapshotInstallationHandler.java:installSnapshot(95)) - omNode-2@group-523986131536: reply installSnapshot: omNode-1<-omNode-2#0:FAIL-t6,IN_PROGRESS
2022-09-29 01:23:44,881 [grpc-default-executor-2] INFO  server.GrpcServerProtocolService (GrpcServerProtocolService.java:onCompleted(140)) - omNode-2: Completed INSTALL_SNAPSHOT, lastRequest: omNode-1->omNode-2#0-t6,notify:(t:6, i:59)
2022-09-29 01:23:44,881 [grpc-default-executor-2] INFO  server.GrpcLogAppender (GrpcLogAppender.java:onNext(403)) - omNode-1@group-523986131536->omNode-2-InstallSnapshotResponseHandler: received a reply omNode-1<-omNode-2#0:FAIL-t6,IN_PROGRESS
2022-09-29 01:23:44,881 [grpc-default-executor-2] INFO  server.GrpcLogAppender (GrpcLogAppender.java:onNext(421)) - omNode-1@group-523986131536->omNode-2-InstallSnapshotResponseHandler: InstallSnapshot in progress.
2022-09-29 01:23:44,882 [omNode-1@group-523986131536->omNode-2-GrpcLogAppender-LogAppenderDaemon] INFO  server.GrpcLogAppender (GrpcLogAppender.java:installSnapshot(541)) - omNode-1@group-523986131536->omNode-2-GrpcLogAppender: followerNextIndex = 57 but logStartIndex = 59, notify follower to install snapshot-(t:6, i:59)
2022-09-29 01:23:44,882 [omNode-1@group-523986131536->omNode-2-GrpcLogAppender-LogAppenderDaemon] INFO  server.GrpcLogAppender (GrpcLogAppender.java:installSnapshot(549)) - omNode-1@group-523986131536->omNode-2-GrpcLogAppender: send omNode-1->omNode-2#0-t6,notify:(t:6, i:59)
2022-09-29 01:23:44,883 [omNode-2-server-thread1] INFO  server.RaftServer$Division (RaftServerImpl.java:checkInconsistentAppendEntries(1402)) - omNode-2@group-523986131536: Failed appendEntries as snapshot (59) installation is in progress
2022-09-29 01:23:44,883 [omNode-2-server-thread1] INFO  server.RaftServer$Division (RaftServerImpl.java:checkInconsistentAppendEntries(1394)) - omNode-2@group-523986131536: inconsistency entries. Reply:omNode-1<-omNode-2#355:FAIL-t6,INCONSISTENCY,nextIndex=57,followerCommit=56
2022-09-29 01:23:44,890 [grpc-default-executor-2] INFO  impl.SnapshotInstallationHandler (SnapshotInstallationHandler.java:installSnapshot(84)) - omNode-2@group-523986131536: receive installSnapshot: omNode-1->omNode-2#0-t6,notify:(t:6, i:59)
2022-09-29 01:23:44,890 [grpc-default-executor-0] INFO  leader.FollowerInfo (FollowerInfoImpl.java:lambda$new$0(48)) - omNode-1@group-523986131536->omNode-2: nextIndex: updateUnconditionally 57 -> 57
2022-09-29 01:23:44,890 [grpc-default-executor-2] INFO  impl.SnapshotInstallationHandler (SnapshotInstallationHandler.java:installSnapshot(95)) - omNode-2@group-523986131536: reply installSnapshot: omNode-1<-omNode-2#0:FAIL-t6,IN_PROGRESS
2022-09-29 01:23:44,890 [grpc-default-executor-2] INFO  server.GrpcServerProtocolService (GrpcServerProtocolService.java:onCompleted(140)) - omNode-2: Completed INSTALL_SNAPSHOT, lastRequest: omNode-1->omNode-2#0-t6,notify:(t:6, i:59)
2022-09-29 01:23:44,890 [grpc-default-executor-0] INFO  server.GrpcLogAppender (GrpcLogAppender.java:onNext(403)) - omNode-1@group-523986131536->omNode-2-InstallSnapshotResponseHandler: received a reply omNode-1<-omNode-2#0:FAIL-t6,IN_PROGRESS
2022-09-29 01:23:44,890 [grpc-default-executor-0] INFO  server.GrpcLogAppender (GrpcLogAppender.java:onNext(421)) - omNode-1@group-523986131536->omNode-2-InstallSnapshotResponseHandler: InstallSnapshot in progress.
2022-09-29 01:23:44,891 [omNode-1@group-523986131536->omNode-2-GrpcLogAppender-LogAppenderDaemon] INFO  server.GrpcLogAppender (GrpcLogAppender.java:installSnapshot(541)) - omNode-1@group-523986131536->omNode-2-GrpcLogAppender: followerNextIndex = 57 but logStartIndex = 59, notify follower to install snapshot-(t:6, i:59)
2022-09-29 01:23:44,891 [omNode-1@group-523986131536->omNode-2-GrpcLogAppender-LogAppenderDaemon] INFO  server.GrpcLogAppender (GrpcLogAppender.java:installSnapshot(549)) - omNode-1@group-523986131536->omNode-2-GrpcLogAppender: send omNode-1->omNode-2#0-t6,notify:(t:6, i:59)
2022-09-29 01:23:44,892 [omNode-2-server-thread1] INFO  server.RaftServer$Division (RaftServerImpl.java:checkInconsistentAppendEntries(1402)) - omNode-2@group-523986131536: Failed appendEntries as snapshot (59) installation is in progress
2022-09-29 01:23:44,892 [omNode-2-server-thread1] INFO  server.RaftServer$Division (RaftServerImpl.java:checkInconsistentAppendEntries(1394)) - omNode-2@group-523986131536: inconsistency entries. Reply:omNode-1<-omNode-2#356:FAIL-t6,INCONSISTENCY,nextIndex=57,followerCommit=56
2022-09-29 01:23:44,895 [grpc-default-executor-0] INFO  impl.SnapshotInstallationHandler (SnapshotInstallationHandler.java:installSnapshot(84)) - omNode-2@group-523986131536: receive installSnapshot: omNode-1->omNode-2#0-t6,notify:(t:6, i:59)
2022-09-29 01:23:44,895 [grpc-default-executor-0] INFO  impl.SnapshotInstallationHandler (SnapshotInstallationHandler.java:installSnapshot(95)) - omNode-2@group-523986131536: reply installSnapshot: omNode-1<-omNode-2#0:FAIL-t6,IN_PROGRESS
2022-09-29 01:23:44,895 [grpc-default-executor-0] INFO  server.GrpcServerProtocolService (GrpcServerProtocolService.java:onCompleted(140)) - omNode-2: Completed INSTALL_SNAPSHOT, lastRequest: omNode-1->omNode-2#0-t6,notify:(t:6, i:59)
2022-09-29 01:23:44,897 [grpc-default-executor-2] INFO  server.GrpcLogAppender (GrpcLogAppender.java:onNext(403)) - omNode-1@group-523986131536->omNode-2-InstallSnapshotResponseHandler: received a reply omNode-1<-omNode-2#0:FAIL-t6,IN_PROGRESS
2022-09-29 01:23:44,897 [grpc-default-executor-2] INFO  server.GrpcLogAppender (GrpcLogAppender.java:onNext(421)) - omNode-1@group-523986131536->omNode-2-InstallSnapshotResponseHandler: InstallSnapshot in progress.
2022-09-29 01:23:44,897 [grpc-default-executor-0] INFO  leader.FollowerInfo (FollowerInfoImpl.java:lambda$new$0(48)) - omNode-1@group-523986131536->omNode-2: nextIndex: updateUnconditionally 57 -> 57
2022-09-29 01:23:44,897 [omNode-1@group-523986131536->omNode-2-GrpcLogAppender-LogAppenderDaemon] INFO  server.GrpcLogAppender (GrpcLogAppender.java:installSnapshot(541)) - omNode-1@group-523986131536->omNode-2-GrpcLogAppender: followerNextIndex = 57 but logStartIndex = 59, notify follower to install snapshot-(t:6, i:59)
2022-09-29 01:23:44,897 [omNode-1@group-523986131536->omNode-2-GrpcLogAppender-LogAppenderDaemon] INFO  server.GrpcLogAppender (GrpcLogAppender.java:installSnapshot(549)) - omNode-1@group-523986131536->omNode-2-GrpcLogAppender: send omNode-1->omNode-2#0-t6,notify:(t:6, i:59)
2022-09-29 01:23:44,898 [omNode-2-server-thread1] INFO  server.RaftServer$Division (RaftServerImpl.java:checkInconsistentAppendEntries(1402)) - omNode-2@group-523986131536: Failed appendEntries as snapshot (59) installation is in progress
2022-09-29 01:23:44,898 [omNode-2-server-thread1] INFO  server.RaftServer$Division (RaftServerImpl.java:checkInconsistentAppendEntries(1394)) - omNode-2@group-523986131536: inconsistency entries. Reply:omNode-1<-omNode-2#357:FAIL-t6,INCONSISTENCY,nextIndex=57,followerCommit=56
2022-09-29 01:23:44,902 [grpc-default-executor-2] INFO  impl.SnapshotInstallationHandler (SnapshotInstallationHandler.java:installSnapshot(84)) - omNode-2@group-523986131536: receive installSnapshot: omNode-1->omNode-2#0-t6,notify:(t:6, i:59)
2022-09-29 01:23:44,902 [grpc-default-executor-2] INFO  impl.SnapshotInstallationHandler (SnapshotInstallationHandler.java:installSnapshot(95)) - omNode-2@group-523986131536: reply installSnapshot: omNode-1<-omNode-2#0:FAIL-t6,IN_PROGRESS
2022-09-29 01:23:44,902 [grpc-default-executor-2] INFO  server.GrpcServerProtocolService (GrpcServerProtocolService.java:onCompleted(140)) - omNode-2: Completed INSTALL_SNAPSHOT, lastRequest: omNode-1->omNode-2#0-t6,notify:(t:6, i:59)
2022-09-29 01:23:44,905 [grpc-default-executor-3] INFO  leader.FollowerInfo (FollowerInfoImpl.java:lambda$new$0(48)) - omNode-1@group-523986131536->omNode-2: nextIndex: updateUnconditionally 57 -> 57
2022-09-29 01:23:44,905 [grpc-default-executor-2] INFO  server.GrpcLogAppender (GrpcLogAppender.java:onNext(403)) - omNode-1@group-523986131536->omNode-2-InstallSnapshotResponseHandler: received a reply omNode-1<-omNode-2#0:FAIL-t6,IN_PROGRESS
2022-09-29 01:23:44,905 [grpc-default-executor-2] INFO  server.GrpcLogAppender (GrpcLogAppender.java:onNext(421)) - omNode-1@group-523986131536->omNode-2-InstallSnapshotResponseHandler: InstallSnapshot in progress.
2022-09-29 01:23:44,906 [omNode-1@group-523986131536->omNode-2-GrpcLogAppender-LogAppenderDaemon] INFO  server.GrpcLogAppender (GrpcLogAppender.java:installSnapshot(541)) - omNode-1@group-523986131536->omNode-2-GrpcLogAppender: followerNextIndex = 57 but logStartIndex = 59, notify follower to install snapshot-(t:6, i:59)
2022-09-29 01:23:44,906 [omNode-1@group-523986131536->omNode-2-GrpcLogAppender-LogAppenderDaemon] INFO  server.GrpcLogAppender (GrpcLogAppender.java:installSnapshot(549)) - omNode-1@group-523986131536->omNode-2-GrpcLogAppender: send omNode-1->omNode-2#0-t6,notify:(t:6, i:59)
2022-09-29 01:23:44,909 [omNode-2-server-thread1] INFO  server.RaftServer$Division (RaftServerImpl.java:checkInconsistentAppendEntries(1402)) - omNode-2@group-523986131536: Failed appendEntries as snapshot (59) installation is in progress
2022-09-29 01:23:44,909 [omNode-2-server-thread1] INFO  server.RaftServer$Division (RaftServerImpl.java:checkInconsistentAppendEntries(1394)) - omNode-2@group-523986131536: inconsistency entries. Reply:omNode-1<-omNode-2#358:FAIL-t6,INCONSISTENCY,nextIndex=57,followerCommit=56
2022-09-29 01:23:44,910 [grpc-default-executor-2] INFO  impl.SnapshotInstallationHandler (SnapshotInstallationHandler.java:installSnapshot(84)) - omNode-2@group-523986131536: receive installSnapshot: omNode-1->omNode-2#0-t6,notify:(t:6, i:59)
2022-09-29 01:23:44,911 [grpc-default-executor-2] INFO  impl.SnapshotInstallationHandler (SnapshotInstallationHandler.java:installSnapshot(95)) - omNode-2@group-523986131536: reply installSnapshot: omNode-1<-omNode-2#0:FAIL-t6,IN_PROGRESS
2022-09-29 01:23:44,911 [grpc-default-executor-2] INFO  server.GrpcServerProtocolService (GrpcServerProtocolService.java:onCompleted(140)) - omNode-2: Completed INSTALL_SNAPSHOT, lastRequest: omNode-1->omNode-2#0-t6,notify:(t:6, i:59)
2022-09-29 01:23:44,911 [grpc-default-executor-0] INFO  leader.FollowerInfo (FollowerInfoImpl.java:lambda$new$0(48)) - omNode-1@group-523986131536->omNode-2: nextIndex: updateUnconditionally 57 -> 57
2022-09-29 01:23:44,912 [grpc-default-executor-0] INFO  server.GrpcLogAppender (GrpcLogAppender.java:onNext(403)) - omNode-1@group-523986131536->omNode-2-InstallSnapshotResponseHandler: received a reply omNode-1<-omNode-2#0:FAIL-t6,IN_PROGRESS
2022-09-29 01:23:44,912 [grpc-default-executor-0] INFO  server.GrpcLogAppender (GrpcLogAppender.java:onNext(421)) - omNode-1@group-523986131536->omNode-2-InstallSnapshotResponseHandler: InstallSnapshot in progress.
2022-09-29 01:23:44,912 [omNode-1@group-523986131536->omNode-2-GrpcLogAppender-LogAppenderDaemon] INFO  server.GrpcLogAppender (GrpcLogAppender.java:installSnapshot(541)) - omNode-1@group-523986131536->omNode-2-GrpcLogAppender: followerNextIndex = 57 but logStartIndex = 59, notify follower to install snapshot-(t:6, i:59)
2022-09-29 01:23:44,912 [omNode-1@group-523986131536->omNode-2-GrpcLogAppender-LogAppenderDaemon] INFO  server.GrpcLogAppender (GrpcLogAppender.java:installSnapshot(549)) - omNode-1@group-523986131536->omNode-2-GrpcLogAppender: send omNode-1->omNode-2#0-t6,notify:(t:6, i:59)
2022-09-29 01:23:44,914 [omNode-2-server-thread1] INFO  server.RaftServer$Division (RaftServerImpl.java:checkInconsistentAppendEntries(1402)) - omNode-2@group-523986131536: Failed appendEntries as snapshot (59) installation is in progress
2022-09-29 01:23:44,914 [omNode-2-server-thread1] INFO  server.RaftServer$Division (RaftServerImpl.java:checkInconsistentAppendEntries(1394)) - omNode-2@group-523986131536: inconsistency entries. Reply:omNode-1<-omNode-2#359:FAIL-t6,INCONSISTENCY,nextIndex=57,followerCommit=56
2022-09-29 01:23:44,916 [grpc-default-executor-3] INFO  impl.SnapshotInstallationHandler (SnapshotInstallationHandler.java:installSnapshot(84)) - omNode-2@group-523986131536: receive installSnapshot: omNode-1->omNode-2#0-t6,notify:(t:6, i:59)
2022-09-29 01:23:44,916 [grpc-default-executor-3] INFO  impl.SnapshotInstallationHandler (SnapshotInstallationHandler.java:installSnapshot(95)) - omNode-2@group-523986131536: reply installSnapshot: omNode-1<-omNode-2#0:FAIL-t6,IN_PROGRESS
2022-09-29 01:23:44,916 [grpc-default-executor-3] INFO  server.GrpcServerProtocolService (GrpcServerProtocolService.java:onCompleted(140)) - omNode-2: Completed INSTALL_SNAPSHOT, lastRequest: omNode-1->omNode-2#0-t6,notify:(t:6, i:59)
2022-09-29 01:23:44,917 [grpc-default-executor-0] INFO  server.GrpcLogAppender (GrpcLogAppender.java:onNext(403)) - omNode-1@group-523986131536->omNode-2-InstallSnapshotResponseHandler: received a reply omNode-1<-omNode-2#0:FAIL-t6,IN_PROGRESS
2022-09-29 01:23:44,917 [grpc-default-executor-3] INFO  leader.FollowerInfo (FollowerInfoImpl.java:lambda$new$0(48)) - omNode-1@group-523986131536->omNode-2: nextIndex: updateUnconditionally 57 -> 57
2022-09-29 01:23:44,917 [grpc-default-executor-0] INFO  server.GrpcLogAppender (GrpcLogAppender.java:onNext(421)) - omNode-1@group-523986131536->omNode-2-InstallSnapshotResponseHandler: InstallSnapshot in progress.
2022-09-29 01:23:44,920 [omNode-1@group-523986131536->omNode-2-GrpcLogAppender-LogAppenderDaemon] INFO  server.GrpcLogAppender (GrpcLogAppender.java:installSnapshot(541)) - omNode-1@group-523986131536->omNode-2-GrpcLogAppender: followerNextIndex = 57 but logStartIndex = 59, notify follower to install snapshot-(t:6, i:59)
2022-09-29 01:23:44,920 [omNode-1@group-523986131536->omNode-2-GrpcLogAppender-LogAppenderDaemon] INFO  server.GrpcLogAppender (GrpcLogAppender.java:installSnapshot(549)) - omNode-1@group-523986131536->omNode-2-GrpcLogAppender: send omNode-1->omNode-2#0-t6,notify:(t:6, i:59)
2022-09-29 01:23:44,926 [omNode-2-server-thread1] INFO  server.RaftServer$Division (RaftServerImpl.java:checkInconsistentAppendEntries(1402)) - omNode-2@group-523986131536: Failed appendEntries as snapshot (59) installation is in progress
2022-09-29 01:23:44,926 [omNode-2-server-thread1] INFO  server.RaftServer$Division (RaftServerImpl.java:checkInconsistentAppendEntries(1394)) - omNode-2@group-523986131536: inconsistency entries. Reply:omNode-1<-omNode-2#360:FAIL-t6,INCONSISTENCY,nextIndex=57,followerCommit=56
2022-09-29 01:23:44,926 [grpc-default-executor-0] INFO  impl.SnapshotInstallationHandler (SnapshotInstallationHandler.java:installSnapshot(84)) - omNode-2@group-523986131536: receive installSnapshot: omNode-1->omNode-2#0-t6,notify:(t:6, i:59)
2022-09-29 01:23:44,926 [grpc-default-executor-0] INFO  impl.SnapshotInstallationHandler (SnapshotInstallationHandler.java:installSnapshot(95)) - omNode-2@group-523986131536: reply installSnapshot: omNode-1<-omNode-2#0:FAIL-t6,IN_PROGRESS
2022-09-29 01:23:44,926 [grpc-default-executor-0] INFO  server.GrpcServerProtocolService (GrpcServerProtocolService.java:onCompleted(140)) - omNode-2: Completed INSTALL_SNAPSHOT, lastRequest: omNode-1->omNode-2#0-t6,notify:(t:6, i:59)
2022-09-29 01:23:44,927 [grpc-default-executor-0] INFO  leader.FollowerInfo (FollowerInfoImpl.java:lambda$new$0(48)) - omNode-1@group-523986131536->omNode-2: nextIndex: updateUnconditionally 57 -> 57
2022-09-29 01:23:44,927 [grpc-default-executor-3] INFO  server.GrpcLogAppender (GrpcLogAppender.java:onNext(403)) - omNode-1@group-523986131536->omNode-2-InstallSnapshotResponseHandler: received a reply omNode-1<-omNode-2#0:FAIL-t6,IN_PROGRESS
2022-09-29 01:23:44,927 [grpc-default-executor-3] INFO  server.GrpcLogAppender (GrpcLogAppender.java:onNext(421)) - omNode-1@group-523986131536->omNode-2-InstallSnapshotResponseHandler: InstallSnapshot in progress.
2022-09-29 01:23:44,928 [omNode-1@group-523986131536->omNode-2-GrpcLogAppender-LogAppenderDaemon] INFO  server.GrpcLogAppender (GrpcLogAppender.java:installSnapshot(541)) - omNode-1@group-523986131536->omNode-2-GrpcLogAppender: followerNextIndex = 57 but logStartIndex = 59, notify follower to install snapshot-(t:6, i:59)
2022-09-29 01:23:44,928 [omNode-1@group-523986131536->omNode-2-GrpcLogAppender-LogAppenderDaemon] INFO  server.GrpcLogAppender (GrpcLogAppender.java:installSnapshot(549)) - omNode-1@group-523986131536->omNode-2-GrpcLogAppender: send omNode-1->omNode-2#0-t6,notify:(t:6, i:59)
2022-09-29 01:23:44,929 [omNode-2-server-thread1] INFO  server.RaftServer$Division (RaftServerImpl.java:checkInconsistentAppendEntries(1402)) - omNode-2@group-523986131536: Failed appendEntries as snapshot (59) installation is in progress
2022-09-29 01:23:44,929 [omNode-2-server-thread1] INFO  server.RaftServer$Division (RaftServerImpl.java:checkInconsistentAppendEntries(1394)) - omNode-2@group-523986131536: inconsistency entries. Reply:omNode-1<-omNode-2#361:FAIL-t6,INCONSISTENCY,nextIndex=57,followerCommit=56
2022-09-29 01:23:44,930 [grpc-default-executor-0] INFO  impl.SnapshotInstallationHandler (SnapshotInstallationHandler.java:installSnapshot(84)) - omNode-2@group-523986131536: receive installSnapshot: omNode-1->omNode-2#0-t6,notify:(t:6, i:59)
2022-09-29 01:23:44,930 [grpc-default-executor-0] INFO  impl.SnapshotInstallationHandler (SnapshotInstallationHandler.java:installSnapshot(95)) - omNode-2@group-523986131536: reply installSnapshot: omNode-1<-omNode-2#0:FAIL-t6,IN_PROGRESS
2022-09-29 01:23:44,930 [grpc-default-executor-0] INFO  server.GrpcServerProtocolService (GrpcServerProtocolService.java:onCompleted(140)) - omNode-2: Completed INSTALL_SNAPSHOT, lastRequest: omNode-1->omNode-2#0-t6,notify:(t:6, i:59)
2022-09-29 01:23:44,930 [grpc-default-executor-0] INFO  leader.FollowerInfo (FollowerInfoImpl.java:lambda$new$0(48)) - omNode-1@group-523986131536->omNode-2: nextIndex: updateUnconditionally 57 -> 57
2022-09-29 01:23:44,931 [grpc-default-executor-3] INFO  server.GrpcLogAppender (GrpcLogAppender.java:onNext(403)) - omNode-1@group-523986131536->omNode-2-InstallSnapshotResponseHandler: received a reply omNode-1<-omNode-2#0:FAIL-t6,IN_PROGRESS
2022-09-29 01:23:44,931 [grpc-default-executor-3] INFO  server.GrpcLogAppender (GrpcLogAppender.java:onNext(421)) - omNode-1@group-523986131536->omNode-2-InstallSnapshotResponseHandler: InstallSnapshot in progress.
2022-09-29 01:23:44,931 [omNode-1@group-523986131536->omNode-2-GrpcLogAppender-LogAppenderDaemon] INFO  server.GrpcLogAppender (GrpcLogAppender.java:installSnapshot(541)) - omNode-1@group-523986131536->omNode-2-GrpcLogAppender: followerNextIndex = 57 but logStartIndex = 59, notify follower to install snapshot-(t:6, i:59)
2022-09-29 01:23:44,931 [omNode-1@group-523986131536->omNode-2-GrpcLogAppender-LogAppenderDaemon] INFO  server.GrpcLogAppender (GrpcLogAppender.java:installSnapshot(549)) - omNode-1@group-523986131536->omNode-2-GrpcLogAppender: send omNode-1->omNode-2#0-t6,notify:(t:6, i:59)
2022-09-29 01:23:44,931 [omNode-2-server-thread1] INFO  server.RaftServer$Division (RaftServerImpl.java:checkInconsistentAppendEntries(1402)) - omNode-2@group-523986131536: Failed appendEntries as snapshot (59) installation is in progress
2022-09-29 01:23:44,931 [omNode-2-server-thread1] INFO  server.RaftServer$Division (RaftServerImpl.java:checkInconsistentAppendEntries(1394)) - omNode-2@group-523986131536: inconsistency entries. Reply:omNode-1<-omNode-2#362:FAIL-t6,INCONSISTENCY,nextIndex=57,followerCommit=56
2022-09-29 01:23:44,932 [grpc-default-executor-0] INFO  leader.FollowerInfo (FollowerInfoImpl.java:lambda$new$0(48)) - omNode-1@group-523986131536->omNode-2: nextIndex: updateUnconditionally 57 -> 57
2022-09-29 01:23:44,932 [grpc-default-executor-3] INFO  impl.SnapshotInstallationHandler (SnapshotInstallationHandler.java:installSnapshot(84)) - omNode-2@group-523986131536: receive installSnapshot: omNode-1->omNode-2#0-t6,notify:(t:6, i:59)
2022-09-29 01:23:44,932 [grpc-default-executor-3] INFO  impl.SnapshotInstallationHandler (SnapshotInstallationHandler.java:installSnapshot(95)) - omNode-2@group-523986131536: reply installSnapshot: omNode-1<-omNode-2#0:FAIL-t6,IN_PROGRESS
2022-09-29 01:23:44,932 [grpc-default-executor-3] INFO  server.GrpcServerProtocolService (GrpcServerProtocolService.java:onCompleted(140)) - omNode-2: Completed INSTALL_SNAPSHOT, lastRequest: omNode-1->omNode-2#0-t6,notify:(t:6, i:59)
2022-09-29 01:23:44,933 [grpc-default-executor-0] INFO  server.GrpcLogAppender (GrpcLogAppender.java:onNext(403)) - omNode-1@group-523986131536->omNode-2-InstallSnapshotResponseHandler: received a reply omNode-1<-omNode-2#0:FAIL-t6,IN_PROGRESS
2022-09-29 01:23:44,933 [grpc-default-executor-0] INFO  server.GrpcLogAppender (GrpcLogAppender.java:onNext(421)) - omNode-1@group-523986131536->omNode-2-InstallSnapshotResponseHandler: InstallSnapshot in progress.
2022-09-29 01:23:44,933 [omNode-1@group-523986131536->omNode-2-GrpcLogAppender-LogAppenderDaemon] INFO  server.GrpcLogAppender (GrpcLogAppender.java:installSnapshot(541)) - omNode-1@group-523986131536->omNode-2-GrpcLogAppender: followerNextIndex = 57 but logStartIndex = 59, notify follower to install snapshot-(t:6, i:59)
2022-09-29 01:23:44,933 [omNode-1@group-523986131536->omNode-2-GrpcLogAppender-LogAppenderDaemon] INFO  server.GrpcLogAppender (GrpcLogAppender.java:installSnapshot(549)) - omNode-1@group-523986131536->omNode-2-GrpcLogAppender: send omNode-1->omNode-2#0-t6,notify:(t:6, i:59)
2022-09-29 01:23:44,934 [omNode-2-server-thread1] INFO  server.RaftServer$Division (RaftServerImpl.java:checkInconsistentAppendEntries(1402)) - omNode-2@group-523986131536: Failed appendEntries as snapshot (59) installation is in progress
2022-09-29 01:23:44,934 [omNode-2-server-thread1] INFO  server.RaftServer$Division (RaftServerImpl.java:checkInconsistentAppendEntries(1394)) - omNode-2@group-523986131536: inconsistency entries. Reply:omNode-1<-omNode-2#363:FAIL-t6,INCONSISTENCY,nextIndex=57,followerCommit=56
2022-09-29 01:23:44,934 [grpc-default-executor-0] INFO  impl.SnapshotInstallationHandler (SnapshotInstallationHandler.java:installSnapshot(84)) - omNode-2@group-523986131536: receive installSnapshot: omNode-1->omNode-2#0-t6,notify:(t:6, i:59)
2022-09-29 01:23:44,934 [grpc-default-executor-0] INFO  impl.SnapshotInstallationHandler (SnapshotInstallationHandler.java:installSnapshot(95)) - omNode-2@group-523986131536: reply installSnapshot: omNode-1<-omNode-2#0:FAIL-t6,IN_PROGRESS
2022-09-29 01:23:44,935 [grpc-default-executor-0] INFO  server.GrpcServerProtocolService (GrpcServerProtocolService.java:onCompleted(140)) - omNode-2: Completed INSTALL_SNAPSHOT, lastRequest: omNode-1->omNode-2#0-t6,notify:(t:6, i:59)
2022-09-29 01:23:44,935 [grpc-default-executor-0] INFO  leader.FollowerInfo (FollowerInfoImpl.java:lambda$new$0(48)) - omNode-1@group-523986131536->omNode-2: nextIndex: updateUnconditionally 57 -> 57
2022-09-29 01:23:44,935 [grpc-default-executor-3] INFO  server.GrpcLogAppender (GrpcLogAppender.java:onNext(403)) - omNode-1@group-523986131536->omNode-2-InstallSnapshotResponseHandler: received a reply omNode-1<-omNode-2#0:FAIL-t6,IN_PROGRESS
2022-09-29 01:23:44,935 [grpc-default-executor-3] INFO  server.GrpcLogAppender (GrpcLogAppender.java:onNext(421)) - omNode-1@group-523986131536->omNode-2-InstallSnapshotResponseHandler: InstallSnapshot in progress.
2022-09-29 01:23:44,936 [omNode-1@group-523986131536->omNode-2-GrpcLogAppender-LogAppenderDaemon] INFO  server.GrpcLogAppender (GrpcLogAppender.java:installSnapshot(541)) - omNode-1@group-523986131536->omNode-2-GrpcLogAppender: followerNextIndex = 57 but logStartIndex = 59, notify follower to install snapshot-(t:6, i:59)
2022-09-29 01:23:44,936 [omNode-1@group-523986131536->omNode-2-GrpcLogAppender-LogAppenderDaemon] INFO  server.GrpcLogAppender (GrpcLogAppender.java:installSnapshot(549)) - omNode-1@group-523986131536->omNode-2-GrpcLogAppender: send omNode-1->omNode-2#0-t6,notify:(t:6, i:59)
2022-09-29 01:23:44,937 [omNode-2-server-thread1] INFO  server.RaftServer$Division (RaftServerImpl.java:checkInconsistentAppendEntries(1402)) - omNode-2@group-523986131536: Failed appendEntries as snapshot (59) installation is in progress
2022-09-29 01:23:44,938 [omNode-2-server-thread1] INFO  server.RaftServer$Division (RaftServerImpl.java:checkInconsistentAppendEntries(1394)) - omNode-2@group-523986131536: inconsistency entries. Reply:omNode-1<-omNode-2#364:FAIL-t6,INCONSISTENCY,nextIndex=57,followerCommit=56
2022-09-29 01:23:44,938 [grpc-default-executor-3] INFO  impl.SnapshotInstallationHandler (SnapshotInstallationHandler.java:installSnapshot(84)) - omNode-2@group-523986131536: receive installSnapshot: omNode-1->omNode-2#0-t6,notify:(t:6, i:59)
2022-09-29 01:23:44,938 [grpc-default-executor-3] INFO  impl.SnapshotInstallationHandler (SnapshotInstallationHandler.java:installSnapshot(95)) - omNode-2@group-523986131536: reply installSnapshot: omNode-1<-omNode-2#0:FAIL-t6,IN_PROGRESS
2022-09-29 01:23:44,938 [grpc-default-executor-3] INFO  server.GrpcServerProtocolService (GrpcServerProtocolService.java:onCompleted(140)) - omNode-2: Completed INSTALL_SNAPSHOT, lastRequest: omNode-1->omNode-2#0-t6,notify:(t:6, i:59)
2022-09-29 01:23:44,938 [grpc-default-executor-3] INFO  leader.FollowerInfo (FollowerInfoImpl.java:lambda$new$0(48)) - omNode-1@group-523986131536->omNode-2: nextIndex: updateUnconditionally 57 -> 57
2022-09-29 01:23:44,939 [grpc-default-executor-3] INFO  server.GrpcLogAppender (GrpcLogAppender.java:onNext(403)) - omNode-1@group-523986131536->omNode-2-InstallSnapshotResponseHandler: received a reply omNode-1<-omNode-2#0:FAIL-t6,IN_PROGRESS
2022-09-29 01:23:44,939 [grpc-default-executor-3] INFO  server.GrpcLogAppender (GrpcLogAppender.java:onNext(421)) - omNode-1@group-523986131536->omNode-2-InstallSnapshotResponseHandler: InstallSnapshot in progress.
2022-09-29 01:23:44,939 [omNode-1@group-523986131536->omNode-2-GrpcLogAppender-LogAppenderDaemon] INFO  server.GrpcLogAppender (GrpcLogAppender.java:installSnapshot(541)) - omNode-1@group-523986131536->omNode-2-GrpcLogAppender: followerNextIndex = 57 but logStartIndex = 59, notify follower to install snapshot-(t:6, i:59)
2022-09-29 01:23:44,939 [omNode-1@group-523986131536->omNode-2-GrpcLogAppender-LogAppenderDaemon] INFO  server.GrpcLogAppender (GrpcLogAppender.java:installSnapshot(549)) - omNode-1@group-523986131536->omNode-2-GrpcLogAppender: send omNode-1->omNode-2#0-t6,notify:(t:6, i:59)
2022-09-29 01:23:44,942 [omNode-2-server-thread1] INFO  server.RaftServer$Division (RaftServerImpl.java:checkInconsistentAppendEntries(1402)) - omNode-2@group-523986131536: Failed appendEntries as snapshot (59) installation is in progress
2022-09-29 01:23:44,942 [omNode-2-server-thread1] INFO  server.RaftServer$Division (RaftServerImpl.java:checkInconsistentAppendEntries(1394)) - omNode-2@group-523986131536: inconsistency entries. Reply:omNode-1<-omNode-2#365:FAIL-t6,INCONSISTENCY,nextIndex=57,followerCommit=56
2022-09-29 01:23:44,942 [grpc-default-executor-3] INFO  impl.SnapshotInstallationHandler (SnapshotInstallationHandler.java:installSnapshot(84)) - omNode-2@group-523986131536: receive installSnapshot: omNode-1->omNode-2#0-t6,notify:(t:6, i:59)
2022-09-29 01:23:44,942 [grpc-default-executor-3] INFO  impl.SnapshotInstallationHandler (SnapshotInstallationHandler.java:installSnapshot(95)) - omNode-2@group-523986131536: reply installSnapshot: omNode-1<-omNode-2#0:FAIL-t6,IN_PROGRESS
2022-09-29 01:23:44,943 [grpc-default-executor-3] INFO  server.GrpcServerProtocolService (GrpcServerProtocolService.java:onCompleted(140)) - omNode-2: Completed INSTALL_SNAPSHOT, lastRequest: omNode-1->omNode-2#0-t6,notify:(t:6, i:59)
2022-09-29 01:23:44,943 [grpc-default-executor-0] INFO  leader.FollowerInfo (FollowerInfoImpl.java:lambda$new$0(48)) - omNode-1@group-523986131536->omNode-2: nextIndex: updateUnconditionally 57 -> 57
2022-09-29 01:23:44,943 [grpc-default-executor-3] INFO  server.GrpcLogAppender (GrpcLogAppender.java:onNext(403)) - omNode-1@group-523986131536->omNode-2-InstallSnapshotResponseHandler: received a reply omNode-1<-omNode-2#0:FAIL-t6,IN_PROGRESS
2022-09-29 01:23:44,943 [grpc-default-executor-3] INFO  server.GrpcLogAppender (GrpcLogAppender.java:onNext(421)) - omNode-1@group-523986131536->omNode-2-InstallSnapshotResponseHandler: InstallSnapshot in progress.
2022-09-29 01:23:44,943 [omNode-1@group-523986131536->omNode-2-GrpcLogAppender-LogAppenderDaemon] INFO  server.GrpcLogAppender (GrpcLogAppender.java:installSnapshot(541)) - omNode-1@group-523986131536->omNode-2-GrpcLogAppender: followerNextIndex = 57 but logStartIndex = 59, notify follower to install snapshot-(t:6, i:59)
2022-09-29 01:23:44,944 [omNode-1@group-523986131536->omNode-2-GrpcLogAppender-LogAppenderDaemon] INFO  server.GrpcLogAppender (GrpcLogAppender.java:installSnapshot(549)) - omNode-1@group-523986131536->omNode-2-GrpcLogAppender: send omNode-1->omNode-2#0-t6,notify:(t:6, i:59)
2022-09-29 01:23:44,945 [omNode-2-server-thread1] INFO  server.RaftServer$Division (RaftServerImpl.java:checkInconsistentAppendEntries(1402)) - omNode-2@group-523986131536: Failed appendEntries as snapshot (59) installation is in progress
2022-09-29 01:23:44,945 [omNode-2-server-thread1] INFO  server.RaftServer$Division (RaftServerImpl.java:checkInconsistentAppendEntries(1394)) - omNode-2@group-523986131536: inconsistency entries. Reply:omNode-1<-omNode-2#366:FAIL-t6,INCONSISTENCY,nextIndex=57,followerCommit=56
2022-09-29 01:23:44,946 [grpc-default-executor-3] INFO  impl.SnapshotInstallationHandler (SnapshotInstallationHandler.java:installSnapshot(84)) - omNode-2@group-523986131536: receive installSnapshot: omNode-1->omNode-2#0-t6,notify:(t:6, i:59)
2022-09-29 01:23:44,946 [grpc-default-executor-3] INFO  impl.SnapshotInstallationHandler (SnapshotInstallationHandler.java:installSnapshot(95)) - omNode-2@group-523986131536: reply installSnapshot: omNode-1<-omNode-2#0:FAIL-t6,IN_PROGRESS
2022-09-29 01:23:44,946 [grpc-default-executor-3] INFO  server.GrpcServerProtocolService (GrpcServerProtocolService.java:onCompleted(140)) - omNode-2: Completed INSTALL_SNAPSHOT, lastRequest: omNode-1->omNode-2#0-t6,notify:(t:6, i:59)
2022-09-29 01:23:44,947 [grpc-default-executor-0] INFO  leader.FollowerInfo (FollowerInfoImpl.java:lambda$new$0(48)) - omNode-1@group-523986131536->omNode-2: nextIndex: updateUnconditionally 57 -> 57
2022-09-29 01:23:44,947 [grpc-default-executor-3] INFO  server.GrpcLogAppender (GrpcLogAppender.java:onNext(403)) - omNode-1@group-523986131536->omNode-2-InstallSnapshotResponseHandler: received a reply omNode-1<-omNode-2#0:FAIL-t6,IN_PROGRESS
2022-09-29 01:23:44,947 [grpc-default-executor-3] INFO  server.GrpcLogAppender (GrpcLogAppender.java:onNext(421)) - omNode-1@group-523986131536->omNode-2-InstallSnapshotResponseHandler: InstallSnapshot in progress.
2022-09-29 01:23:44,947 [omNode-1@group-523986131536->omNode-2-GrpcLogAppender-LogAppenderDaemon] INFO  server.GrpcLogAppender (GrpcLogAppender.java:installSnapshot(541)) - omNode-1@group-523986131536->omNode-2-GrpcLogAppender: followerNextIndex = 57 but logStartIndex = 59, notify follower to install snapshot-(t:6, i:59)
2022-09-29 01:23:44,947 [omNode-1@group-523986131536->omNode-2-GrpcLogAppender-LogAppenderDaemon] INFO  server.GrpcLogAppender (GrpcLogAppender.java:installSnapshot(549)) - omNode-1@group-523986131536->omNode-2-GrpcLogAppender: send omNode-1->omNode-2#0-t6,notify:(t:6, i:59)
2022-09-29 01:23:44,949 [omNode-2-server-thread1] INFO  server.RaftServer$Division (RaftServerImpl.java:checkInconsistentAppendEntries(1402)) - omNode-2@group-523986131536: Failed appendEntries as snapshot (59) installation is in progress
2022-09-29 01:23:44,949 [omNode-2-server-thread1] INFO  server.RaftServer$Division (RaftServerImpl.java:checkInconsistentAppendEntries(1394)) - omNode-2@group-523986131536: inconsistency entries. Reply:omNode-1<-omNode-2#367:FAIL-t6,INCONSISTENCY,nextIndex=57,followerCommit=56
2022-09-29 01:23:44,949 [grpc-default-executor-3] INFO  impl.SnapshotInstallationHandler (SnapshotInstallationHandler.java:installSnapshot(84)) - omNode-2@group-523986131536: receive installSnapshot: omNode-1->omNode-2#0-t6,notify:(t:6, i:59)
2022-09-29 01:23:44,949 [grpc-default-executor-3] INFO  impl.SnapshotInstallationHandler (SnapshotInstallationHandler.java:installSnapshot(95)) - omNode-2@group-523986131536: reply installSnapshot: omNode-1<-omNode-2#0:FAIL-t6,IN_PROGRESS
2022-09-29 01:23:44,950 [grpc-default-executor-3] INFO  server.GrpcServerProtocolService (GrpcServerProtocolService.java:onCompleted(140)) - omNode-2: Completed INSTALL_SNAPSHOT, lastRequest: omNode-1->omNode-2#0-t6,notify:(t:6, i:59)
2022-09-29 01:23:44,951 [grpc-default-executor-0] INFO  leader.FollowerInfo (FollowerInfoImpl.java:lambda$new$0(48)) - omNode-1@group-523986131536->omNode-2: nextIndex: updateUnconditionally 57 -> 57
2022-09-29 01:23:44,951 [grpc-default-executor-3] INFO  server.GrpcLogAppender (GrpcLogAppender.java:onNext(403)) - omNode-1@group-523986131536->omNode-2-InstallSnapshotResponseHandler: received a reply omNode-1<-omNode-2#0:FAIL-t6,IN_PROGRESS
2022-09-29 01:23:44,951 [grpc-default-executor-3] INFO  server.GrpcLogAppender (GrpcLogAppender.java:onNext(421)) - omNode-1@group-523986131536->omNode-2-InstallSnapshotResponseHandler: InstallSnapshot in progress.
2022-09-29 01:23:44,951 [omNode-1@group-523986131536->omNode-2-GrpcLogAppender-LogAppenderDaemon] INFO  server.GrpcLogAppender (GrpcLogAppender.java:installSnapshot(541)) - omNode-1@group-523986131536->omNode-2-GrpcLogAppender: followerNextIndex = 57 but logStartIndex = 59, notify follower to install snapshot-(t:6, i:59)
2022-09-29 01:23:44,951 [omNode-1@group-523986131536->omNode-2-GrpcLogAppender-LogAppenderDaemon] INFO  server.GrpcLogAppender (GrpcLogAppender.java:installSnapshot(549)) - omNode-1@group-523986131536->omNode-2-GrpcLogAppender: send omNode-1->omNode-2#0-t6,notify:(t:6, i:59)
2022-09-29 01:23:44,952 [omNode-2-server-thread1] INFO  server.RaftServer$Division (RaftServerImpl.java:checkInconsistentAppendEntries(1402)) - omNode-2@group-523986131536: Failed appendEntries as snapshot (59) installation is in progress
2022-09-29 01:23:44,952 [omNode-2-server-thread1] INFO  server.RaftServer$Division (RaftServerImpl.java:checkInconsistentAppendEntries(1394)) - omNode-2@group-523986131536: inconsistency entries. Reply:omNode-1<-omNode-2#368:FAIL-t6,INCONSISTENCY,nextIndex=57,followerCommit=56
2022-09-29 01:23:44,953 [grpc-default-executor-3] INFO  impl.SnapshotInstallationHandler (SnapshotInstallationHandler.java:installSnapshot(84)) - omNode-2@group-523986131536: receive installSnapshot: omNode-1->omNode-2#0-t6,notify:(t:6, i:59)
2022-09-29 01:23:44,953 [grpc-default-executor-3] INFO  impl.SnapshotInstallationHandler (SnapshotInstallationHandler.java:installSnapshot(95)) - omNode-2@group-523986131536: reply installSnapshot: omNode-1<-omNode-2#0:FAIL-t6,IN_PROGRESS
2022-09-29 01:23:44,953 [grpc-default-executor-3] INFO  server.GrpcServerProtocolService (GrpcServerProtocolService.java:onCompleted(140)) - omNode-2: Completed INSTALL_SNAPSHOT, lastRequest: omNode-1->omNode-2#0-t6,notify:(t:6, i:59)
2022-09-29 01:23:44,953 [grpc-default-executor-0] INFO  leader.FollowerInfo (FollowerInfoImpl.java:lambda$new$0(48)) - omNode-1@group-523986131536->omNode-2: nextIndex: updateUnconditionally 57 -> 57
2022-09-29 01:23:44,954 [grpc-default-executor-3] INFO  server.GrpcLogAppender (GrpcLogAppender.java:onNext(403)) - omNode-1@group-523986131536->omNode-2-InstallSnapshotResponseHandler: received a reply omNode-1<-omNode-2#0:FAIL-t6,IN_PROGRESS
2022-09-29 01:23:44,954 [grpc-default-executor-3] INFO  server.GrpcLogAppender (GrpcLogAppender.java:onNext(421)) - omNode-1@group-523986131536->omNode-2-InstallSnapshotResponseHandler: InstallSnapshot in progress.
2022-09-29 01:23:44,954 [omNode-1@group-523986131536->omNode-2-GrpcLogAppender-LogAppenderDaemon] INFO  server.GrpcLogAppender (GrpcLogAppender.java:installSnapshot(541)) - omNode-1@group-523986131536->omNode-2-GrpcLogAppender: followerNextIndex = 57 but logStartIndex = 59, notify follower to install snapshot-(t:6, i:59)
2022-09-29 01:23:44,954 [omNode-1@group-523986131536->omNode-2-GrpcLogAppender-LogAppenderDaemon] INFO  server.GrpcLogAppender (GrpcLogAppender.java:installSnapshot(549)) - omNode-1@group-523986131536->omNode-2-GrpcLogAppender: send omNode-1->omNode-2#0-t6,notify:(t:6, i:59)
2022-09-29 01:23:44,955 [omNode-2-server-thread1] INFO  server.RaftServer$Division (RaftServerImpl.java:checkInconsistentAppendEntries(1402)) - omNode-2@group-523986131536: Failed appendEntries as snapshot (59) installation is in progress
2022-09-29 01:23:44,955 [omNode-2-server-thread1] INFO  server.RaftServer$Division (RaftServerImpl.java:checkInconsistentAppendEntries(1394)) - omNode-2@group-523986131536: inconsistency entries. Reply:omNode-1<-omNode-2#369:FAIL-t6,INCONSISTENCY,nextIndex=57,followerCommit=56
2022-09-29 01:23:44,955 [grpc-default-executor-3] INFO  impl.SnapshotInstallationHandler (SnapshotInstallationHandler.java:installSnapshot(84)) - omNode-2@group-523986131536: receive installSnapshot: omNode-1->omNode-2#0-t6,notify:(t:6, i:59)
2022-09-29 01:23:44,955 [grpc-default-executor-3] INFO  impl.SnapshotInstallationHandler (SnapshotInstallationHandler.java:installSnapshot(95)) - omNode-2@group-523986131536: reply installSnapshot: omNode-1<-omNode-2#0:FAIL-t6,IN_PROGRESS
2022-09-29 01:23:44,955 [grpc-default-executor-3] INFO  server.GrpcServerProtocolService (GrpcServerProtocolService.java:onCompleted(140)) - omNode-2: Completed INSTALL_SNAPSHOT, lastRequest: omNode-1->omNode-2#0-t6,notify:(t:6, i:59)
2022-09-29 01:23:44,956 [grpc-default-executor-0] INFO  leader.FollowerInfo (FollowerInfoImpl.java:lambda$new$0(48)) - omNode-1@group-523986131536->omNode-2: nextIndex: updateUnconditionally 57 -> 57
2022-09-29 01:23:44,956 [grpc-default-executor-3] INFO  server.GrpcLogAppender (GrpcLogAppender.java:onNext(403)) - omNode-1@group-523986131536->omNode-2-InstallSnapshotResponseHandler: received a reply omNode-1<-omNode-2#0:FAIL-t6,IN_PROGRESS
2022-09-29 01:23:44,956 [grpc-default-executor-3] INFO  server.GrpcLogAppender (GrpcLogAppender.java:onNext(421)) - omNode-1@group-523986131536->omNode-2-InstallSnapshotResponseHandler: InstallSnapshot in progress.
2022-09-29 01:23:44,956 [omNode-1@group-523986131536->omNode-2-GrpcLogAppender-LogAppenderDaemon] INFO  server.GrpcLogAppender (GrpcLogAppender.java:installSnapshot(541)) - omNode-1@group-523986131536->omNode-2-GrpcLogAppender: followerNextIndex = 57 but logStartIndex = 59, notify follower to install snapshot-(t:6, i:59)
2022-09-29 01:23:44,956 [omNode-1@group-523986131536->omNode-2-GrpcLogAppender-LogAppenderDaemon] INFO  server.GrpcLogAppender (GrpcLogAppender.java:installSnapshot(549)) - omNode-1@group-523986131536->omNode-2-GrpcLogAppender: send omNode-1->omNode-2#0-t6,notify:(t:6, i:59)
2022-09-29 01:23:44,959 [omNode-2-server-thread1] INFO  server.RaftServer$Division (RaftServerImpl.java:checkInconsistentAppendEntries(1402)) - omNode-2@group-523986131536: Failed appendEntries as snapshot (59) installation is in progress
2022-09-29 01:23:44,959 [omNode-2-server-thread1] INFO  server.RaftServer$Division (RaftServerImpl.java:checkInconsistentAppendEntries(1394)) - omNode-2@group-523986131536: inconsistency entries. Reply:omNode-1<-omNode-2#370:FAIL-t6,INCONSISTENCY,nextIndex=57,followerCommit=56
2022-09-29 01:23:44,959 [grpc-default-executor-3] INFO  impl.SnapshotInstallationHandler (SnapshotInstallationHandler.java:installSnapshot(84)) - omNode-2@group-523986131536: receive installSnapshot: omNode-1->omNode-2#0-t6,notify:(t:6, i:59)
2022-09-29 01:23:44,960 [grpc-default-executor-3] INFO  impl.SnapshotInstallationHandler (SnapshotInstallationHandler.java:installSnapshot(95)) - omNode-2@group-523986131536: reply installSnapshot: omNode-1<-omNode-2#0:FAIL-t6,IN_PROGRESS
2022-09-29 01:23:44,960 [grpc-default-executor-2] INFO  server.GrpcLogAppender (GrpcLogAppender.java:onNext(403)) - omNode-1@group-523986131536->omNode-2-InstallSnapshotResponseHandler: received a reply omNode-1<-omNode-2#0:FAIL-t6,IN_PROGRESS
2022-09-29 01:23:44,960 [grpc-default-executor-2] INFO  server.GrpcLogAppender (GrpcLogAppender.java:onNext(421)) - omNode-1@group-523986131536->omNode-2-InstallSnapshotResponseHandler: InstallSnapshot in progress.
2022-09-29 01:23:44,960 [grpc-default-executor-3] INFO  server.GrpcServerProtocolService (GrpcServerProtocolService.java:onCompleted(140)) - omNode-2: Completed INSTALL_SNAPSHOT, lastRequest: omNode-1->omNode-2#0-t6,notify:(t:6, i:59)
2022-09-29 01:23:44,960 [grpc-default-executor-0] INFO  leader.FollowerInfo (FollowerInfoImpl.java:lambda$new$0(48)) - omNode-1@group-523986131536->omNode-2: nextIndex: updateUnconditionally 57 -> 57
2022-09-29 01:23:44,962 [omNode-1@group-523986131536->omNode-2-GrpcLogAppender-LogAppenderDaemon] INFO  server.GrpcLogAppender (GrpcLogAppender.java:installSnapshot(541)) - omNode-1@group-523986131536->omNode-2-GrpcLogAppender: followerNextIndex = 57 but logStartIndex = 59, notify follower to install snapshot-(t:6, i:59)
2022-09-29 01:23:44,962 [omNode-1@group-523986131536->omNode-2-GrpcLogAppender-LogAppenderDaemon] INFO  server.GrpcLogAppender (GrpcLogAppender.java:installSnapshot(549)) - omNode-1@group-523986131536->omNode-2-GrpcLogAppender: send omNode-1->omNode-2#0-t6,notify:(t:6, i:59)
2022-09-29 01:23:44,963 [grpc-default-executor-2] INFO  impl.SnapshotInstallationHandler (SnapshotInstallationHandler.java:installSnapshot(84)) - omNode-2@group-523986131536: receive installSnapshot: omNode-1->omNode-2#0-t6,notify:(t:6, i:59)
2022-09-29 01:23:44,963 [grpc-default-executor-2] INFO  impl.SnapshotInstallationHandler (SnapshotInstallationHandler.java:installSnapshot(95)) - omNode-2@group-523986131536: reply installSnapshot: omNode-1<-omNode-2#0:FAIL-t6,IN_PROGRESS
2022-09-29 01:23:44,963 [grpc-default-executor-2] INFO  server.GrpcServerProtocolService (GrpcServerProtocolService.java:onCompleted(140)) - omNode-2: Completed INSTALL_SNAPSHOT, lastRequest: omNode-1->omNode-2#0-t6,notify:(t:6, i:59)
2022-09-29 01:23:44,963 [omNode-2-server-thread1] INFO  server.RaftServer$Division (RaftServerImpl.java:checkInconsistentAppendEntries(1402)) - omNode-2@group-523986131536: Failed appendEntries as snapshot (59) installation is in progress
2022-09-29 01:23:44,963 [omNode-2-server-thread1] INFO  server.RaftServer$Division (RaftServerImpl.java:checkInconsistentAppendEntries(1394)) - omNode-2@group-523986131536: inconsistency entries. Reply:omNode-1<-omNode-2#371:FAIL-t6,INCONSISTENCY,nextIndex=57,followerCommit=56
2022-09-29 01:23:44,964 [grpc-default-executor-2] INFO  server.GrpcLogAppender (GrpcLogAppender.java:onNext(403)) - omNode-1@group-523986131536->omNode-2-InstallSnapshotResponseHandler: received a reply omNode-1<-omNode-2#0:FAIL-t6,IN_PROGRESS
2022-09-29 01:23:44,964 [grpc-default-executor-2] INFO  server.GrpcLogAppender (GrpcLogAppender.java:onNext(421)) - omNode-1@group-523986131536->omNode-2-InstallSnapshotResponseHandler: InstallSnapshot in progress.
2022-09-29 01:23:44,964 [grpc-default-executor-0] INFO  leader.FollowerInfo (FollowerInfoImpl.java:lambda$new$0(48)) - omNode-1@group-523986131536->omNode-2: nextIndex: updateUnconditionally 57 -> 57
2022-09-29 01:23:44,964 [omNode-1@group-523986131536->omNode-2-GrpcLogAppender-LogAppenderDaemon] INFO  server.GrpcLogAppender (GrpcLogAppender.java:installSnapshot(541)) - omNode-1@group-523986131536->omNode-2-GrpcLogAppender: followerNextIndex = 57 but logStartIndex = 59, notify follower to install snapshot-(t:6, i:59)
2022-09-29 01:23:44,964 [omNode-1@group-523986131536->omNode-2-GrpcLogAppender-LogAppenderDaemon] INFO  server.GrpcLogAppender (GrpcLogAppender.java:installSnapshot(549)) - omNode-1@group-523986131536->omNode-2-GrpcLogAppender: send omNode-1->omNode-2#0-t6,notify:(t:6, i:59)
2022-09-29 01:23:44,965 [omNode-2-server-thread1] INFO  server.RaftServer$Division (RaftServerImpl.java:checkInconsistentAppendEntries(1402)) - omNode-2@group-523986131536: Failed appendEntries as snapshot (59) installation is in progress
2022-09-29 01:23:44,965 [omNode-2-server-thread1] INFO  server.RaftServer$Division (RaftServerImpl.java:checkInconsistentAppendEntries(1394)) - omNode-2@group-523986131536: inconsistency entries. Reply:omNode-1<-omNode-2#372:FAIL-t6,INCONSISTENCY,nextIndex=57,followerCommit=56
2022-09-29 01:23:44,965 [grpc-default-executor-2] INFO  leader.FollowerInfo (FollowerInfoImpl.java:lambda$new$0(48)) - omNode-1@group-523986131536->omNode-2: nextIndex: updateUnconditionally 57 -> 57
2022-09-29 01:23:44,966 [grpc-default-executor-2] INFO  impl.SnapshotInstallationHandler (SnapshotInstallationHandler.java:installSnapshot(84)) - omNode-2@group-523986131536: receive installSnapshot: omNode-1->omNode-2#0-t6,notify:(t:6, i:59)
2022-09-29 01:23:44,966 [grpc-default-executor-2] INFO  impl.SnapshotInstallationHandler (SnapshotInstallationHandler.java:installSnapshot(95)) - omNode-2@group-523986131536: reply installSnapshot: omNode-1<-omNode-2#0:FAIL-t6,IN_PROGRESS
2022-09-29 01:23:44,966 [grpc-default-executor-2] INFO  server.GrpcServerProtocolService (GrpcServerProtocolService.java:onCompleted(140)) - omNode-2: Completed INSTALL_SNAPSHOT, lastRequest: omNode-1->omNode-2#0-t6,notify:(t:6, i:59)
2022-09-29 01:23:44,966 [grpc-default-executor-2] INFO  server.GrpcLogAppender (GrpcLogAppender.java:onNext(403)) - omNode-1@group-523986131536->omNode-2-InstallSnapshotResponseHandler: received a reply omNode-1<-omNode-2#0:FAIL-t6,IN_PROGRESS
2022-09-29 01:23:44,966 [grpc-default-executor-2] INFO  server.GrpcLogAppender (GrpcLogAppender.java:onNext(421)) - omNode-1@group-523986131536->omNode-2-InstallSnapshotResponseHandler: InstallSnapshot in progress.
2022-09-29 01:23:44,967 [omNode-1@group-523986131536->omNode-2-GrpcLogAppender-LogAppenderDaemon] INFO  server.GrpcLogAppender (GrpcLogAppender.java:installSnapshot(541)) - omNode-1@group-523986131536->omNode-2-GrpcLogAppender: followerNextIndex = 57 but logStartIndex = 59, notify follower to install snapshot-(t:6, i:59)
2022-09-29 01:23:44,967 [omNode-1@group-523986131536->omNode-2-GrpcLogAppender-LogAppenderDaemon] INFO  server.GrpcLogAppender (GrpcLogAppender.java:installSnapshot(549)) - omNode-1@group-523986131536->omNode-2-GrpcLogAppender: send omNode-1->omNode-2#0-t6,notify:(t:6, i:59)
2022-09-29 01:23:44,968 [omNode-2-server-thread1] INFO  server.RaftServer$Division (RaftServerImpl.java:checkInconsistentAppendEntries(1402)) - omNode-2@group-523986131536: Failed appendEntries as snapshot (59) installation is in progress
2022-09-29 01:23:44,968 [omNode-2-server-thread1] INFO  server.RaftServer$Division (RaftServerImpl.java:checkInconsistentAppendEntries(1394)) - omNode-2@group-523986131536: inconsistency entries. Reply:omNode-1<-omNode-2#373:FAIL-t6,INCONSISTENCY,nextIndex=57,followerCommit=56
2022-09-29 01:23:44,968 [grpc-default-executor-2] INFO  impl.SnapshotInstallationHandler (SnapshotInstallationHandler.java:installSnapshot(84)) - omNode-2@group-523986131536: receive installSnapshot: omNode-1->omNode-2#0-t6,notify:(t:6, i:59)
2022-09-29 01:23:44,968 [grpc-default-executor-2] INFO  impl.SnapshotInstallationHandler (SnapshotInstallationHandler.java:installSnapshot(95)) - omNode-2@group-523986131536: reply installSnapshot: omNode-1<-omNode-2#0:FAIL-t6,IN_PROGRESS
2022-09-29 01:23:44,968 [grpc-default-executor-2] INFO  server.GrpcServerProtocolService (GrpcServerProtocolService.java:onCompleted(140)) - omNode-2: Completed INSTALL_SNAPSHOT, lastRequest: omNode-1->omNode-2#0-t6,notify:(t:6, i:59)
2022-09-29 01:23:44,969 [grpc-default-executor-0] INFO  leader.FollowerInfo (FollowerInfoImpl.java:lambda$new$0(48)) - omNode-1@group-523986131536->omNode-2: nextIndex: updateUnconditionally 57 -> 57
2022-09-29 01:23:44,969 [grpc-default-executor-2] INFO  server.GrpcLogAppender (GrpcLogAppender.java:onNext(403)) - omNode-1@group-523986131536->omNode-2-InstallSnapshotResponseHandler: received a reply omNode-1<-omNode-2#0:FAIL-t6,IN_PROGRESS
2022-09-29 01:23:44,969 [grpc-default-executor-2] INFO  server.GrpcLogAppender (GrpcLogAppender.java:onNext(421)) - omNode-1@group-523986131536->omNode-2-InstallSnapshotResponseHandler: InstallSnapshot in progress.
2022-09-29 01:23:44,972 [omNode-1@group-523986131536->omNode-2-GrpcLogAppender-LogAppenderDaemon] INFO  server.GrpcLogAppender (GrpcLogAppender.java:installSnapshot(541)) - omNode-1@group-523986131536->omNode-2-GrpcLogAppender: followerNextIndex = 57 but logStartIndex = 59, notify follower to install snapshot-(t:6, i:59)
2022-09-29 01:23:44,972 [omNode-1@group-523986131536->omNode-2-GrpcLogAppender-LogAppenderDaemon] INFO  server.GrpcLogAppender (GrpcLogAppender.java:installSnapshot(549)) - omNode-1@group-523986131536->omNode-2-GrpcLogAppender: send omNode-1->omNode-2#0-t6,notify:(t:6, i:59)
2022-09-29 01:23:44,981 [omNode-2-server-thread1] INFO  server.RaftServer$Division (RaftServerImpl.java:checkInconsistentAppendEntries(1402)) - omNode-2@group-523986131536: Failed appendEntries as snapshot (59) installation is in progress
2022-09-29 01:23:44,981 [omNode-2-server-thread1] INFO  server.RaftServer$Division (RaftServerImpl.java:checkInconsistentAppendEntries(1394)) - omNode-2@group-523986131536: inconsistency entries. Reply:omNode-1<-omNode-2#374:FAIL-t6,INCONSISTENCY,nextIndex=57,followerCommit=56
2022-09-29 01:23:44,981 [grpc-default-executor-2] INFO  impl.SnapshotInstallationHandler (SnapshotInstallationHandler.java:installSnapshot(84)) - omNode-2@group-523986131536: receive installSnapshot: omNode-1->omNode-2#0-t6,notify:(t:6, i:59)
2022-09-29 01:23:44,981 [grpc-default-executor-2] INFO  impl.SnapshotInstallationHandler (SnapshotInstallationHandler.java:installSnapshot(95)) - omNode-2@group-523986131536: reply installSnapshot: omNode-1<-omNode-2#0:FAIL-t6,IN_PROGRESS
2022-09-29 01:23:44,981 [grpc-default-executor-2] INFO  server.GrpcServerProtocolService (GrpcServerProtocolService.java:onCompleted(140)) - omNode-2: Completed INSTALL_SNAPSHOT, lastRequest: omNode-1->omNode-2#0-t6,notify:(t:6, i:59)
2022-09-29 01:23:44,982 [grpc-default-executor-0] INFO  leader.FollowerInfo (FollowerInfoImpl.java:lambda$new$0(48)) - omNode-1@group-523986131536->omNode-2: nextIndex: updateUnconditionally 57 -> 57
2022-09-29 01:23:44,982 [grpc-default-executor-2] INFO  server.GrpcLogAppender (GrpcLogAppender.java:onNext(403)) - omNode-1@group-523986131536->omNode-2-InstallSnapshotResponseHandler: received a reply omNode-1<-omNode-2#0:FAIL-t6,IN_PROGRESS
2022-09-29 01:23:44,982 [grpc-default-executor-2] INFO  server.GrpcLogAppender (GrpcLogAppender.java:onNext(421)) - omNode-1@group-523986131536->omNode-2-InstallSnapshotResponseHandler: InstallSnapshot in progress.
2022-09-29 01:23:44,982 [omNode-1@group-523986131536->omNode-2-GrpcLogAppender-LogAppenderDaemon] INFO  server.GrpcLogAppender (GrpcLogAppender.java:installSnapshot(541)) - omNode-1@group-523986131536->omNode-2-GrpcLogAppender: followerNextIndex = 57 but logStartIndex = 59, notify follower to install snapshot-(t:6, i:59)
2022-09-29 01:23:44,982 [omNode-1@group-523986131536->omNode-2-GrpcLogAppender-LogAppenderDaemon] INFO  server.GrpcLogAppender (GrpcLogAppender.java:installSnapshot(549)) - omNode-1@group-523986131536->omNode-2-GrpcLogAppender: send omNode-1->omNode-2#0-t6,notify:(t:6, i:59)
2022-09-29 01:23:44,983 [omNode-2-server-thread1] INFO  server.RaftServer$Division (RaftServerImpl.java:checkInconsistentAppendEntries(1402)) - omNode-2@group-523986131536: Failed appendEntries as snapshot (59) installation is in progress
2022-09-29 01:23:44,983 [omNode-2-server-thread1] INFO  server.RaftServer$Division (RaftServerImpl.java:checkInconsistentAppendEntries(1394)) - omNode-2@group-523986131536: inconsistency entries. Reply:omNode-1<-omNode-2#375:FAIL-t6,INCONSISTENCY,nextIndex=57,followerCommit=56
2022-09-29 01:23:44,983 [grpc-default-executor-2] INFO  impl.SnapshotInstallationHandler (SnapshotInstallationHandler.java:installSnapshot(84)) - omNode-2@group-523986131536: receive installSnapshot: omNode-1->omNode-2#0-t6,notify:(t:6, i:59)
2022-09-29 01:23:44,983 [grpc-default-executor-2] INFO  impl.SnapshotInstallationHandler (SnapshotInstallationHandler.java:installSnapshot(95)) - omNode-2@group-523986131536: reply installSnapshot: omNode-1<-omNode-2#0:FAIL-t6,IN_PROGRESS
2022-09-29 01:23:44,984 [grpc-default-executor-0] INFO  leader.FollowerInfo (FollowerInfoImpl.java:lambda$new$0(48)) - omNode-1@group-523986131536->omNode-2: nextIndex: updateUnconditionally 57 -> 57
2022-09-29 01:23:44,984 [grpc-default-executor-2] INFO  server.GrpcServerProtocolService (GrpcServerProtocolService.java:onCompleted(140)) - omNode-2: Completed INSTALL_SNAPSHOT, lastRequest: omNode-1->omNode-2#0-t6,notify:(t:6, i:59)
2022-09-29 01:23:44,984 [grpc-default-executor-3] INFO  server.GrpcLogAppender (GrpcLogAppender.java:onNext(403)) - omNode-1@group-523986131536->omNode-2-InstallSnapshotResponseHandler: received a reply omNode-1<-omNode-2#0:FAIL-t6,IN_PROGRESS
2022-09-29 01:23:44,984 [grpc-default-executor-3] INFO  server.GrpcLogAppender (GrpcLogAppender.java:onNext(421)) - omNode-1@group-523986131536->omNode-2-InstallSnapshotResponseHandler: InstallSnapshot in progress.
2022-09-29 01:23:44,984 [omNode-1@group-523986131536->omNode-2-GrpcLogAppender-LogAppenderDaemon] INFO  server.GrpcLogAppender (GrpcLogAppender.java:installSnapshot(541)) - omNode-1@group-523986131536->omNode-2-GrpcLogAppender: followerNextIndex = 57 but logStartIndex = 59, notify follower to install snapshot-(t:6, i:59)
2022-09-29 01:23:44,985 [omNode-1@group-523986131536->omNode-2-GrpcLogAppender-LogAppenderDaemon] INFO  server.GrpcLogAppender (GrpcLogAppender.java:installSnapshot(549)) - omNode-1@group-523986131536->omNode-2-GrpcLogAppender: send omNode-1->omNode-2#0-t6,notify:(t:6, i:59)
2022-09-29 01:23:44,985 [omNode-2-server-thread1] INFO  server.RaftServer$Division (RaftServerImpl.java:checkInconsistentAppendEntries(1402)) - omNode-2@group-523986131536: Failed appendEntries as snapshot (59) installation is in progress
2022-09-29 01:23:44,985 [omNode-2-server-thread1] INFO  server.RaftServer$Division (RaftServerImpl.java:checkInconsistentAppendEntries(1394)) - omNode-2@group-523986131536: inconsistency entries. Reply:omNode-1<-omNode-2#376:FAIL-t6,INCONSISTENCY,nextIndex=57,followerCommit=56
2022-09-29 01:23:44,986 [grpc-default-executor-3] INFO  impl.SnapshotInstallationHandler (SnapshotInstallationHandler.java:installSnapshot(84)) - omNode-2@group-523986131536: receive installSnapshot: omNode-1->omNode-2#0-t6,notify:(t:6, i:59)
2022-09-29 01:23:44,986 [grpc-default-executor-3] INFO  impl.SnapshotInstallationHandler (SnapshotInstallationHandler.java:installSnapshot(95)) - omNode-2@group-523986131536: reply installSnapshot: omNode-1<-omNode-2#0:FAIL-t6,IN_PROGRESS
2022-09-29 01:23:44,986 [grpc-default-executor-3] INFO  server.GrpcServerProtocolService (GrpcServerProtocolService.java:onCompleted(140)) - omNode-2: Completed INSTALL_SNAPSHOT, lastRequest: omNode-1->omNode-2#0-t6,notify:(t:6, i:59)
2022-09-29 01:23:44,986 [grpc-default-executor-3] INFO  server.GrpcLogAppender (GrpcLogAppender.java:onNext(403)) - omNode-1@group-523986131536->omNode-2-InstallSnapshotResponseHandler: received a reply omNode-1<-omNode-2#0:FAIL-t6,IN_PROGRESS
2022-09-29 01:23:44,987 [grpc-default-executor-3] INFO  server.GrpcLogAppender (GrpcLogAppender.java:onNext(421)) - omNode-1@group-523986131536->omNode-2-InstallSnapshotResponseHandler: InstallSnapshot in progress.
2022-09-29 01:23:44,987 [omNode-1@group-523986131536->omNode-2-GrpcLogAppender-LogAppenderDaemon] INFO  server.GrpcLogAppender (GrpcLogAppender.java:installSnapshot(541)) - omNode-1@group-523986131536->omNode-2-GrpcLogAppender: followerNextIndex = 57 but logStartIndex = 59, notify follower to install snapshot-(t:6, i:59)
2022-09-29 01:23:44,987 [omNode-1@group-523986131536->omNode-2-GrpcLogAppender-LogAppenderDaemon] INFO  server.GrpcLogAppender (GrpcLogAppender.java:installSnapshot(549)) - omNode-1@group-523986131536->omNode-2-GrpcLogAppender: send omNode-1->omNode-2#0-t6,notify:(t:6, i:59)
2022-09-29 01:23:44,987 [grpc-default-executor-2] INFO  leader.FollowerInfo (FollowerInfoImpl.java:lambda$new$0(48)) - omNode-1@group-523986131536->omNode-2: nextIndex: updateUnconditionally 57 -> 57
2022-09-29 01:23:44,988 [omNode-2-server-thread1] INFO  server.RaftServer$Division (RaftServerImpl.java:checkInconsistentAppendEntries(1402)) - omNode-2@group-523986131536: Failed appendEntries as snapshot (59) installation is in progress
2022-09-29 01:23:44,988 [omNode-2-server-thread1] INFO  server.RaftServer$Division (RaftServerImpl.java:checkInconsistentAppendEntries(1394)) - omNode-2@group-523986131536: inconsistency entries. Reply:omNode-1<-omNode-2#377:FAIL-t6,INCONSISTENCY,nextIndex=57,followerCommit=56
2022-09-29 01:23:44,988 [grpc-default-executor-2] INFO  impl.SnapshotInstallationHandler (SnapshotInstallationHandler.java:installSnapshot(84)) - omNode-2@group-523986131536: receive installSnapshot: omNode-1->omNode-2#0-t6,notify:(t:6, i:59)
2022-09-29 01:23:44,989 [grpc-default-executor-2] INFO  impl.SnapshotInstallationHandler (SnapshotInstallationHandler.java:installSnapshot(95)) - omNode-2@group-523986131536: reply installSnapshot: omNode-1<-omNode-2#0:FAIL-t6,IN_PROGRESS
2022-09-29 01:23:44,989 [grpc-default-executor-3] INFO  server.GrpcLogAppender (GrpcLogAppender.java:onNext(403)) - omNode-1@group-523986131536->omNode-2-InstallSnapshotResponseHandler: received a reply omNode-1<-omNode-2#0:FAIL-t6,IN_PROGRESS
2022-09-29 01:23:44,989 [grpc-default-executor-3] INFO  server.GrpcLogAppender (GrpcLogAppender.java:onNext(421)) - omNode-1@group-523986131536->omNode-2-InstallSnapshotResponseHandler: InstallSnapshot in progress.
2022-09-29 01:23:44,989 [grpc-default-executor-0] INFO  leader.FollowerInfo (FollowerInfoImpl.java:lambda$new$0(48)) - omNode-1@group-523986131536->omNode-2: nextIndex: updateUnconditionally 57 -> 57
2022-09-29 01:23:44,989 [grpc-default-executor-2] INFO  server.GrpcServerProtocolService (GrpcServerProtocolService.java:onCompleted(140)) - omNode-2: Completed INSTALL_SNAPSHOT, lastRequest: omNode-1->omNode-2#0-t6,notify:(t:6, i:59)
2022-09-29 01:23:44,991 [omNode-1@group-523986131536->omNode-2-GrpcLogAppender-LogAppenderDaemon] INFO  server.GrpcLogAppender (GrpcLogAppender.java:installSnapshot(541)) - omNode-1@group-523986131536->omNode-2-GrpcLogAppender: followerNextIndex = 57 but logStartIndex = 59, notify follower to install snapshot-(t:6, i:59)
2022-09-29 01:23:44,991 [omNode-1@group-523986131536->omNode-2-GrpcLogAppender-LogAppenderDaemon] INFO  server.GrpcLogAppender (GrpcLogAppender.java:installSnapshot(549)) - omNode-1@group-523986131536->omNode-2-GrpcLogAppender: send omNode-1->omNode-2#0-t6,notify:(t:6, i:59)
2022-09-29 01:23:44,992 [omNode-2-server-thread1] INFO  server.RaftServer$Division (RaftServerImpl.java:checkInconsistentAppendEntries(1402)) - omNode-2@group-523986131536: Failed appendEntries as snapshot (59) installation is in progress
2022-09-29 01:23:44,992 [grpc-default-executor-2] INFO  impl.SnapshotInstallationHandler (SnapshotInstallationHandler.java:installSnapshot(84)) - omNode-2@group-523986131536: receive installSnapshot: omNode-1->omNode-2#0-t6,notify:(t:6, i:59)
2022-09-29 01:23:44,992 [omNode-2-server-thread1] INFO  server.RaftServer$Division (RaftServerImpl.java:checkInconsistentAppendEntries(1394)) - omNode-2@group-523986131536: inconsistency entries. Reply:omNode-1<-omNode-2#378:FAIL-t6,INCONSISTENCY,nextIndex=57,followerCommit=56
2022-09-29 01:23:44,993 [grpc-default-executor-2] INFO  impl.SnapshotInstallationHandler (SnapshotInstallationHandler.java:installSnapshot(95)) - omNode-2@group-523986131536: reply installSnapshot: omNode-1<-omNode-2#0:FAIL-t6,IN_PROGRESS
2022-09-29 01:23:44,993 [grpc-default-executor-2] INFO  server.GrpcServerProtocolService (GrpcServerProtocolService.java:onCompleted(140)) - omNode-2: Completed INSTALL_SNAPSHOT, lastRequest: omNode-1->omNode-2#0-t6,notify:(t:6, i:59)
2022-09-29 01:23:44,996 [grpc-default-executor-3] INFO  leader.FollowerInfo (FollowerInfoImpl.java:lambda$new$0(48)) - omNode-1@group-523986131536->omNode-2: nextIndex: updateUnconditionally 57 -> 57
2022-09-29 01:23:44,996 [grpc-default-executor-2] INFO  server.GrpcLogAppender (GrpcLogAppender.java:onNext(403)) - omNode-1@group-523986131536->omNode-2-InstallSnapshotResponseHandler: received a reply omNode-1<-omNode-2#0:FAIL-t6,IN_PROGRESS
2022-09-29 01:23:44,996 [grpc-default-executor-2] INFO  server.GrpcLogAppender (GrpcLogAppender.java:onNext(421)) - omNode-1@group-523986131536->omNode-2-InstallSnapshotResponseHandler: InstallSnapshot in progress.
2022-09-29 01:23:44,996 [omNode-1@group-523986131536->omNode-2-GrpcLogAppender-LogAppenderDaemon] INFO  server.GrpcLogAppender (GrpcLogAppender.java:installSnapshot(541)) - omNode-1@group-523986131536->omNode-2-GrpcLogAppender: followerNextIndex = 57 but logStartIndex = 59, notify follower to install snapshot-(t:6, i:59)
2022-09-29 01:23:44,997 [omNode-1@group-523986131536->omNode-2-GrpcLogAppender-LogAppenderDaemon] INFO  server.GrpcLogAppender (GrpcLogAppender.java:installSnapshot(549)) - omNode-1@group-523986131536->omNode-2-GrpcLogAppender: send omNode-1->omNode-2#0-t6,notify:(t:6, i:59)
2022-09-29 01:23:45,006 [omNode-2-server-thread1] INFO  server.RaftServer$Division (RaftServerImpl.java:checkInconsistentAppendEntries(1402)) - omNode-2@group-523986131536: Failed appendEntries as snapshot (59) installation is in progress
2022-09-29 01:23:45,006 [omNode-2-server-thread1] INFO  server.RaftServer$Division (RaftServerImpl.java:checkInconsistentAppendEntries(1394)) - omNode-2@group-523986131536: inconsistency entries. Reply:omNode-1<-omNode-2#379:FAIL-t6,INCONSISTENCY,nextIndex=57,followerCommit=56
2022-09-29 01:23:45,007 [grpc-default-executor-2] INFO  impl.SnapshotInstallationHandler (SnapshotInstallationHandler.java:installSnapshot(84)) - omNode-2@group-523986131536: receive installSnapshot: omNode-1->omNode-2#0-t6,notify:(t:6, i:59)
2022-09-29 01:23:45,007 [grpc-default-executor-2] INFO  impl.SnapshotInstallationHandler (SnapshotInstallationHandler.java:installSnapshot(95)) - omNode-2@group-523986131536: reply installSnapshot: omNode-1<-omNode-2#0:FAIL-t6,IN_PROGRESS
2022-09-29 01:23:45,007 [grpc-default-executor-2] INFO  server.GrpcServerProtocolService (GrpcServerProtocolService.java:onCompleted(140)) - omNode-2: Completed INSTALL_SNAPSHOT, lastRequest: omNode-1->omNode-2#0-t6,notify:(t:6, i:59)
2022-09-29 01:23:45,008 [grpc-default-executor-0] INFO  leader.FollowerInfo (FollowerInfoImpl.java:lambda$new$0(48)) - omNode-1@group-523986131536->omNode-2: nextIndex: updateUnconditionally 57 -> 57
2022-09-29 01:23:45,008 [grpc-default-executor-2] INFO  server.GrpcLogAppender (GrpcLogAppender.java:onNext(403)) - omNode-1@group-523986131536->omNode-2-InstallSnapshotResponseHandler: received a reply omNode-1<-omNode-2#0:FAIL-t6,IN_PROGRESS
2022-09-29 01:23:45,008 [grpc-default-executor-2] INFO  server.GrpcLogAppender (GrpcLogAppender.java:onNext(421)) - omNode-1@group-523986131536->omNode-2-InstallSnapshotResponseHandler: InstallSnapshot in progress.
2022-09-29 01:23:45,008 [omNode-1@group-523986131536->omNode-2-GrpcLogAppender-LogAppenderDaemon] INFO  server.GrpcLogAppender (GrpcLogAppender.java:installSnapshot(541)) - omNode-1@group-523986131536->omNode-2-GrpcLogAppender: followerNextIndex = 57 but logStartIndex = 59, notify follower to install snapshot-(t:6, i:59)
2022-09-29 01:23:45,008 [omNode-1@group-523986131536->omNode-2-GrpcLogAppender-LogAppenderDaemon] INFO  server.GrpcLogAppender (GrpcLogAppender.java:installSnapshot(549)) - omNode-1@group-523986131536->omNode-2-GrpcLogAppender: send omNode-1->omNode-2#0-t6,notify:(t:6, i:59)
2022-09-29 01:23:45,009 [omNode-2-server-thread1] INFO  server.RaftServer$Division (RaftServerImpl.java:checkInconsistentAppendEntries(1402)) - omNode-2@group-523986131536: Failed appendEntries as snapshot (59) installation is in progress
2022-09-29 01:23:45,009 [grpc-default-executor-0] INFO  impl.SnapshotInstallationHandler (SnapshotInstallationHandler.java:installSnapshot(84)) - omNode-2@group-523986131536: receive installSnapshot: omNode-1->omNode-2#0-t6,notify:(t:6, i:59)
2022-09-29 01:23:45,009 [omNode-2-server-thread1] INFO  server.RaftServer$Division (RaftServerImpl.java:checkInconsistentAppendEntries(1394)) - omNode-2@group-523986131536: inconsistency entries. Reply:omNode-1<-omNode-2#380:FAIL-t6,INCONSISTENCY,nextIndex=57,followerCommit=56
2022-09-29 01:23:45,009 [grpc-default-executor-0] INFO  impl.SnapshotInstallationHandler (SnapshotInstallationHandler.java:installSnapshot(95)) - omNode-2@group-523986131536: reply installSnapshot: omNode-1<-omNode-2#0:FAIL-t6,IN_PROGRESS
2022-09-29 01:23:45,009 [grpc-default-executor-0] INFO  server.GrpcServerProtocolService (GrpcServerProtocolService.java:onCompleted(140)) - omNode-2: Completed INSTALL_SNAPSHOT, lastRequest: omNode-1->omNode-2#0-t6,notify:(t:6, i:59)
2022-09-29 01:23:45,010 [grpc-default-executor-0] INFO  leader.FollowerInfo (FollowerInfoImpl.java:lambda$new$0(48)) - omNode-1@group-523986131536->omNode-2: nextIndex: updateUnconditionally 57 -> 57
2022-09-29 01:23:45,010 [grpc-default-executor-2] INFO  server.GrpcLogAppender (GrpcLogAppender.java:onNext(403)) - omNode-1@group-523986131536->omNode-2-InstallSnapshotResponseHandler: received a reply omNode-1<-omNode-2#0:FAIL-t6,IN_PROGRESS
2022-09-29 01:23:45,010 [grpc-default-executor-2] INFO  server.GrpcLogAppender (GrpcLogAppender.java:onNext(421)) - omNode-1@group-523986131536->omNode-2-InstallSnapshotResponseHandler: InstallSnapshot in progress.
2022-09-29 01:23:45,010 [omNode-1@group-523986131536->omNode-2-GrpcLogAppender-LogAppenderDaemon] INFO  server.GrpcLogAppender (GrpcLogAppender.java:installSnapshot(541)) - omNode-1@group-523986131536->omNode-2-GrpcLogAppender: followerNextIndex = 57 but logStartIndex = 59, notify follower to install snapshot-(t:6, i:59)
2022-09-29 01:23:45,010 [omNode-1@group-523986131536->omNode-2-GrpcLogAppender-LogAppenderDaemon] INFO  server.GrpcLogAppender (GrpcLogAppender.java:installSnapshot(549)) - omNode-1@group-523986131536->omNode-2-GrpcLogAppender: send omNode-1->omNode-2#0-t6,notify:(t:6, i:59)
2022-09-29 01:23:45,011 [omNode-2-server-thread1] INFO  server.RaftServer$Division (RaftServerImpl.java:checkInconsistentAppendEntries(1402)) - omNode-2@group-523986131536: Failed appendEntries as snapshot (59) installation is in progress
2022-09-29 01:23:45,011 [grpc-default-executor-0] INFO  impl.SnapshotInstallationHandler (SnapshotInstallationHandler.java:installSnapshot(84)) - omNode-2@group-523986131536: receive installSnapshot: omNode-1->omNode-2#0-t6,notify:(t:6, i:59)
2022-09-29 01:23:45,011 [omNode-2-server-thread1] INFO  server.RaftServer$Division (RaftServerImpl.java:checkInconsistentAppendEntries(1394)) - omNode-2@group-523986131536: inconsistency entries. Reply:omNode-1<-omNode-2#381:FAIL-t6,INCONSISTENCY,nextIndex=57,followerCommit=56
2022-09-29 01:23:45,012 [grpc-default-executor-0] INFO  impl.SnapshotInstallationHandler (SnapshotInstallationHandler.java:installSnapshot(95)) - omNode-2@group-523986131536: reply installSnapshot: omNode-1<-omNode-2#0:FAIL-t6,IN_PROGRESS
2022-09-29 01:23:45,012 [grpc-default-executor-0] INFO  server.GrpcServerProtocolService (GrpcServerProtocolService.java:onCompleted(140)) - omNode-2: Completed INSTALL_SNAPSHOT, lastRequest: omNode-1->omNode-2#0-t6,notify:(t:6, i:59)
2022-09-29 01:23:45,012 [grpc-default-executor-0] INFO  leader.FollowerInfo (FollowerInfoImpl.java:lambda$new$0(48)) - omNode-1@group-523986131536->omNode-2: nextIndex: updateUnconditionally 57 -> 57
2022-09-29 01:23:45,012 [grpc-default-executor-2] INFO  server.GrpcLogAppender (GrpcLogAppender.java:onNext(403)) - omNode-1@group-523986131536->omNode-2-InstallSnapshotResponseHandler: received a reply omNode-1<-omNode-2#0:FAIL-t6,IN_PROGRESS
2022-09-29 01:23:45,012 [grpc-default-executor-2] INFO  server.GrpcLogAppender (GrpcLogAppender.java:onNext(421)) - omNode-1@group-523986131536->omNode-2-InstallSnapshotResponseHandler: InstallSnapshot in progress.
2022-09-29 01:23:45,013 [omNode-1@group-523986131536->omNode-2-GrpcLogAppender-LogAppenderDaemon] INFO  server.GrpcLogAppender (GrpcLogAppender.java:installSnapshot(541)) - omNode-1@group-523986131536->omNode-2-GrpcLogAppender: followerNextIndex = 57 but logStartIndex = 59, notify follower to install snapshot-(t:6, i:59)
2022-09-29 01:23:45,013 [omNode-1@group-523986131536->omNode-2-GrpcLogAppender-LogAppenderDaemon] INFO  server.GrpcLogAppender (GrpcLogAppender.java:installSnapshot(549)) - omNode-1@group-523986131536->omNode-2-GrpcLogAppender: send omNode-1->omNode-2#0-t6,notify:(t:6, i:59)
2022-09-29 01:23:45,014 [omNode-2-server-thread1] INFO  server.RaftServer$Division (RaftServerImpl.java:checkInconsistentAppendEntries(1402)) - omNode-2@group-523986131536: Failed appendEntries as snapshot (59) installation is in progress
2022-09-29 01:23:45,014 [grpc-default-executor-0] INFO  impl.SnapshotInstallationHandler (SnapshotInstallationHandler.java:installSnapshot(84)) - omNode-2@group-523986131536: receive installSnapshot: omNode-1->omNode-2#0-t6,notify:(t:6, i:59)
2022-09-29 01:23:45,014 [omNode-2-server-thread1] INFO  server.RaftServer$Division (RaftServerImpl.java:checkInconsistentAppendEntries(1394)) - omNode-2@group-523986131536: inconsistency entries. Reply:omNode-1<-omNode-2#382:FAIL-t6,INCONSISTENCY,nextIndex=57,followerCommit=56
2022-09-29 01:23:45,015 [grpc-default-executor-0] INFO  impl.SnapshotInstallationHandler (SnapshotInstallationHandler.java:installSnapshot(95)) - omNode-2@group-523986131536: reply installSnapshot: omNode-1<-omNode-2#0:FAIL-t6,IN_PROGRESS
2022-09-29 01:23:45,015 [grpc-default-executor-0] INFO  server.GrpcServerProtocolService (GrpcServerProtocolService.java:onCompleted(140)) - omNode-2: Completed INSTALL_SNAPSHOT, lastRequest: omNode-1->omNode-2#0-t6,notify:(t:6, i:59)
2022-09-29 01:23:45,016 [grpc-default-executor-2] INFO  leader.FollowerInfo (FollowerInfoImpl.java:lambda$new$0(48)) - omNode-1@group-523986131536->omNode-2: nextIndex: updateUnconditionally 57 -> 57
2022-09-29 01:23:45,016 [grpc-default-executor-0] INFO  server.GrpcLogAppender (GrpcLogAppender.java:onNext(403)) - omNode-1@group-523986131536->omNode-2-InstallSnapshotResponseHandler: received a reply omNode-1<-omNode-2#0:FAIL-t6,IN_PROGRESS
2022-09-29 01:23:45,016 [grpc-default-executor-0] INFO  server.GrpcLogAppender (GrpcLogAppender.java:onNext(421)) - omNode-1@group-523986131536->omNode-2-InstallSnapshotResponseHandler: InstallSnapshot in progress.
2022-09-29 01:23:45,016 [omNode-1@group-523986131536->omNode-2-GrpcLogAppender-LogAppenderDaemon] INFO  server.GrpcLogAppender (GrpcLogAppender.java:installSnapshot(541)) - omNode-1@group-523986131536->omNode-2-GrpcLogAppender: followerNextIndex = 57 but logStartIndex = 59, notify follower to install snapshot-(t:6, i:59)
2022-09-29 01:23:45,016 [omNode-1@group-523986131536->omNode-2-GrpcLogAppender-LogAppenderDaemon] INFO  server.GrpcLogAppender (GrpcLogAppender.java:installSnapshot(549)) - omNode-1@group-523986131536->omNode-2-GrpcLogAppender: send omNode-1->omNode-2#0-t6,notify:(t:6, i:59)
2022-09-29 01:23:45,017 [omNode-2-server-thread1] INFO  server.RaftServer$Division (RaftServerImpl.java:checkInconsistentAppendEntries(1402)) - omNode-2@group-523986131536: Failed appendEntries as snapshot (59) installation is in progress
2022-09-29 01:23:45,017 [grpc-default-executor-2] INFO  impl.SnapshotInstallationHandler (SnapshotInstallationHandler.java:installSnapshot(84)) - omNode-2@group-523986131536: receive installSnapshot: omNode-1->omNode-2#0-t6,notify:(t:6, i:59)
2022-09-29 01:23:45,017 [omNode-2-server-thread1] INFO  server.RaftServer$Division (RaftServerImpl.java:checkInconsistentAppendEntries(1394)) - omNode-2@group-523986131536: inconsistency entries. Reply:omNode-1<-omNode-2#383:FAIL-t6,INCONSISTENCY,nextIndex=57,followerCommit=56
2022-09-29 01:23:45,018 [grpc-default-executor-2] INFO  impl.SnapshotInstallationHandler (SnapshotInstallationHandler.java:installSnapshot(95)) - omNode-2@group-523986131536: reply installSnapshot: omNode-1<-omNode-2#0:FAIL-t6,IN_PROGRESS
2022-09-29 01:23:45,018 [grpc-default-executor-2] INFO  server.GrpcServerProtocolService (GrpcServerProtocolService.java:onCompleted(140)) - omNode-2: Completed INSTALL_SNAPSHOT, lastRequest: omNode-1->omNode-2#0-t6,notify:(t:6, i:59)
2022-09-29 01:23:45,018 [grpc-default-executor-0] INFO  server.GrpcLogAppender (GrpcLogAppender.java:onNext(403)) - omNode-1@group-523986131536->omNode-2-InstallSnapshotResponseHandler: received a reply omNode-1<-omNode-2#0:FAIL-t6,IN_PROGRESS
2022-09-29 01:23:45,019 [grpc-default-executor-0] INFO  server.GrpcLogAppender (GrpcLogAppender.java:onNext(421)) - omNode-1@group-523986131536->omNode-2-InstallSnapshotResponseHandler: InstallSnapshot in progress.
2022-09-29 01:23:45,019 [omNode-1@group-523986131536->omNode-2-GrpcLogAppender-LogAppenderDaemon] INFO  server.GrpcLogAppender (GrpcLogAppender.java:installSnapshot(541)) - omNode-1@group-523986131536->omNode-2-GrpcLogAppender: followerNextIndex = 57 but logStartIndex = 59, notify follower to install snapshot-(t:6, i:59)
2022-09-29 01:23:45,019 [omNode-1@group-523986131536->omNode-2-GrpcLogAppender-LogAppenderDaemon] INFO  server.GrpcLogAppender (GrpcLogAppender.java:installSnapshot(549)) - omNode-1@group-523986131536->omNode-2-GrpcLogAppender: send omNode-1->omNode-2#0-t6,notify:(t:6, i:59)
2022-09-29 01:23:45,019 [grpc-default-executor-2] INFO  leader.FollowerInfo (FollowerInfoImpl.java:lambda$new$0(48)) - omNode-1@group-523986131536->omNode-2: nextIndex: updateUnconditionally 57 -> 57
2022-09-29 01:23:45,020 [omNode-2-server-thread1] INFO  server.RaftServer$Division (RaftServerImpl.java:checkInconsistentAppendEntries(1402)) - omNode-2@group-523986131536: Failed appendEntries as snapshot (59) installation is in progress
2022-09-29 01:23:45,020 [grpc-default-executor-0] INFO  impl.SnapshotInstallationHandler (SnapshotInstallationHandler.java:installSnapshot(84)) - omNode-2@group-523986131536: receive installSnapshot: omNode-1->omNode-2#0-t6,notify:(t:6, i:59)
2022-09-29 01:23:45,020 [omNode-2-server-thread1] INFO  server.RaftServer$Division (RaftServerImpl.java:checkInconsistentAppendEntries(1394)) - omNode-2@group-523986131536: inconsistency entries. Reply:omNode-1<-omNode-2#384:FAIL-t6,INCONSISTENCY,nextIndex=57,followerCommit=56
2022-09-29 01:23:45,020 [grpc-default-executor-0] INFO  impl.SnapshotInstallationHandler (SnapshotInstallationHandler.java:installSnapshot(95)) - omNode-2@group-523986131536: reply installSnapshot: omNode-1<-omNode-2#0:FAIL-t6,IN_PROGRESS
2022-09-29 01:23:45,020 [grpc-default-executor-0] INFO  server.GrpcServerProtocolService (GrpcServerProtocolService.java:onCompleted(140)) - omNode-2: Completed INSTALL_SNAPSHOT, lastRequest: omNode-1->omNode-2#0-t6,notify:(t:6, i:59)
2022-09-29 01:23:45,021 [grpc-default-executor-2] INFO  server.GrpcLogAppender (GrpcLogAppender.java:onNext(403)) - omNode-1@group-523986131536->omNode-2-InstallSnapshotResponseHandler: received a reply omNode-1<-omNode-2#0:FAIL-t6,IN_PROGRESS
2022-09-29 01:23:45,021 [grpc-default-executor-2] INFO  server.GrpcLogAppender (GrpcLogAppender.java:onNext(421)) - omNode-1@group-523986131536->omNode-2-InstallSnapshotResponseHandler: InstallSnapshot in progress.
2022-09-29 01:23:45,021 [omNode-1@group-523986131536->omNode-2-GrpcLogAppender-LogAppenderDaemon] INFO  server.GrpcLogAppender (GrpcLogAppender.java:installSnapshot(541)) - omNode-1@group-523986131536->omNode-2-GrpcLogAppender: followerNextIndex = 57 but logStartIndex = 59, notify follower to install snapshot-(t:6, i:59)
2022-09-29 01:23:45,021 [omNode-1@group-523986131536->omNode-2-GrpcLogAppender-LogAppenderDaemon] INFO  server.GrpcLogAppender (GrpcLogAppender.java:installSnapshot(549)) - omNode-1@group-523986131536->omNode-2-GrpcLogAppender: send omNode-1->omNode-2#0-t6,notify:(t:6, i:59)
2022-09-29 01:23:45,022 [grpc-default-executor-0] INFO  leader.FollowerInfo (FollowerInfoImpl.java:lambda$new$0(48)) - omNode-1@group-523986131536->omNode-2: nextIndex: updateUnconditionally 57 -> 57
2022-09-29 01:23:45,022 [omNode-2-server-thread1] INFO  server.RaftServer$Division (RaftServerImpl.java:checkInconsistentAppendEntries(1402)) - omNode-2@group-523986131536: Failed appendEntries as snapshot (59) installation is in progress
2022-09-29 01:23:45,022 [grpc-default-executor-2] INFO  impl.SnapshotInstallationHandler (SnapshotInstallationHandler.java:installSnapshot(84)) - omNode-2@group-523986131536: receive installSnapshot: omNode-1->omNode-2#0-t6,notify:(t:6, i:59)
2022-09-29 01:23:45,022 [omNode-2-server-thread1] INFO  server.RaftServer$Division (RaftServerImpl.java:checkInconsistentAppendEntries(1394)) - omNode-2@group-523986131536: inconsistency entries. Reply:omNode-1<-omNode-2#385:FAIL-t6,INCONSISTENCY,nextIndex=57,followerCommit=56
2022-09-29 01:23:45,022 [grpc-default-executor-2] INFO  impl.SnapshotInstallationHandler (SnapshotInstallationHandler.java:installSnapshot(95)) - omNode-2@group-523986131536: reply installSnapshot: omNode-1<-omNode-2#0:FAIL-t6,IN_PROGRESS
2022-09-29 01:23:45,023 [grpc-default-executor-2] INFO  server.GrpcServerProtocolService (GrpcServerProtocolService.java:onCompleted(140)) - omNode-2: Completed INSTALL_SNAPSHOT, lastRequest: omNode-1->omNode-2#0-t6,notify:(t:6, i:59)
2022-09-29 01:23:45,023 [grpc-default-executor-0] INFO  server.GrpcLogAppender (GrpcLogAppender.java:onNext(403)) - omNode-1@group-523986131536->omNode-2-InstallSnapshotResponseHandler: received a reply omNode-1<-omNode-2#0:FAIL-t6,IN_PROGRESS
2022-09-29 01:23:45,023 [grpc-default-executor-0] INFO  server.GrpcLogAppender (GrpcLogAppender.java:onNext(421)) - omNode-1@group-523986131536->omNode-2-InstallSnapshotResponseHandler: InstallSnapshot in progress.
2022-09-29 01:23:45,023 [omNode-1@group-523986131536->omNode-2-GrpcLogAppender-LogAppenderDaemon] INFO  server.GrpcLogAppender (GrpcLogAppender.java:installSnapshot(541)) - omNode-1@group-523986131536->omNode-2-GrpcLogAppender: followerNextIndex = 57 but logStartIndex = 59, notify follower to install snapshot-(t:6, i:59)
2022-09-29 01:23:45,023 [omNode-1@group-523986131536->omNode-2-GrpcLogAppender-LogAppenderDaemon] INFO  server.GrpcLogAppender (GrpcLogAppender.java:installSnapshot(549)) - omNode-1@group-523986131536->omNode-2-GrpcLogAppender: send omNode-1->omNode-2#0-t6,notify:(t:6, i:59)
2022-09-29 01:23:45,024 [grpc-default-executor-2] INFO  leader.FollowerInfo (FollowerInfoImpl.java:lambda$new$0(48)) - omNode-1@group-523986131536->omNode-2: nextIndex: updateUnconditionally 57 -> 57
2022-09-29 01:23:45,025 [omNode-2-server-thread1] INFO  server.RaftServer$Division (RaftServerImpl.java:checkInconsistentAppendEntries(1402)) - omNode-2@group-523986131536: Failed appendEntries as snapshot (59) installation is in progress
2022-09-29 01:23:45,025 [omNode-2-server-thread1] INFO  server.RaftServer$Division (RaftServerImpl.java:checkInconsistentAppendEntries(1394)) - omNode-2@group-523986131536: inconsistency entries. Reply:omNode-1<-omNode-2#386:FAIL-t6,INCONSISTENCY,nextIndex=57,followerCommit=56
2022-09-29 01:23:45,025 [grpc-default-executor-2] INFO  impl.SnapshotInstallationHandler (SnapshotInstallationHandler.java:installSnapshot(84)) - omNode-2@group-523986131536: receive installSnapshot: omNode-1->omNode-2#0-t6,notify:(t:6, i:59)
2022-09-29 01:23:45,027 [grpc-default-executor-2] INFO  impl.SnapshotInstallationHandler (SnapshotInstallationHandler.java:installSnapshot(95)) - omNode-2@group-523986131536: reply installSnapshot: omNode-1<-omNode-2#0:FAIL-t6,IN_PROGRESS
2022-09-29 01:23:45,028 [grpc-default-executor-2] INFO  server.GrpcServerProtocolService (GrpcServerProtocolService.java:onCompleted(140)) - omNode-2: Completed INSTALL_SNAPSHOT, lastRequest: omNode-1->omNode-2#0-t6,notify:(t:6, i:59)
2022-09-29 01:23:45,029 [grpc-default-executor-3] INFO  leader.FollowerInfo (FollowerInfoImpl.java:lambda$new$0(48)) - omNode-1@group-523986131536->omNode-2: nextIndex: updateUnconditionally 57 -> 57
2022-09-29 01:23:45,029 [grpc-default-executor-3] INFO  server.GrpcLogAppender (GrpcLogAppender.java:onNext(403)) - omNode-1@group-523986131536->omNode-2-InstallSnapshotResponseHandler: received a reply omNode-1<-omNode-2#0:FAIL-t6,IN_PROGRESS
2022-09-29 01:23:45,029 [grpc-default-executor-3] INFO  server.GrpcLogAppender (GrpcLogAppender.java:onNext(421)) - omNode-1@group-523986131536->omNode-2-InstallSnapshotResponseHandler: InstallSnapshot in progress.
2022-09-29 01:23:45,030 [omNode-1@group-523986131536->omNode-2-GrpcLogAppender-LogAppenderDaemon] INFO  server.GrpcLogAppender (GrpcLogAppender.java:installSnapshot(541)) - omNode-1@group-523986131536->omNode-2-GrpcLogAppender: followerNextIndex = 57 but logStartIndex = 59, notify follower to install snapshot-(t:6, i:59)
2022-09-29 01:23:45,030 [omNode-1@group-523986131536->omNode-2-GrpcLogAppender-LogAppenderDaemon] INFO  server.GrpcLogAppender (GrpcLogAppender.java:installSnapshot(549)) - omNode-1@group-523986131536->omNode-2-GrpcLogAppender: send omNode-1->omNode-2#0-t6,notify:(t:6, i:59)
2022-09-29 01:23:45,031 [omNode-2-server-thread1] INFO  server.RaftServer$Division (RaftServerImpl.java:checkInconsistentAppendEntries(1402)) - omNode-2@group-523986131536: Failed appendEntries as snapshot (59) installation is in progress
2022-09-29 01:23:45,031 [omNode-2-server-thread1] INFO  server.RaftServer$Division (RaftServerImpl.java:checkInconsistentAppendEntries(1394)) - omNode-2@group-523986131536: inconsistency entries. Reply:omNode-1<-omNode-2#387:FAIL-t6,INCONSISTENCY,nextIndex=57,followerCommit=56
2022-09-29 01:23:45,031 [grpc-default-executor-2] INFO  impl.SnapshotInstallationHandler (SnapshotInstallationHandler.java:installSnapshot(84)) - omNode-2@group-523986131536: receive installSnapshot: omNode-1->omNode-2#0-t6,notify:(t:6, i:59)
2022-09-29 01:23:45,031 [grpc-default-executor-2] INFO  impl.SnapshotInstallationHandler (SnapshotInstallationHandler.java:installSnapshot(95)) - omNode-2@group-523986131536: reply installSnapshot: omNode-1<-omNode-2#0:FAIL-t6,IN_PROGRESS
2022-09-29 01:23:45,031 [grpc-default-executor-2] INFO  server.GrpcServerProtocolService (GrpcServerProtocolService.java:onCompleted(140)) - omNode-2: Completed INSTALL_SNAPSHOT, lastRequest: omNode-1->omNode-2#0-t6,notify:(t:6, i:59)
2022-09-29 01:23:45,032 [qtp596910879-1092] INFO  utils.DBCheckpointServlet (DBCheckpointServlet.java:doGet(109)) - Received request to obtain DB checkpoint snapshot
2022-09-29 01:23:45,035 [grpc-default-executor-2] INFO  leader.FollowerInfo (FollowerInfoImpl.java:lambda$new$0(48)) - omNode-1@group-523986131536->omNode-2: nextIndex: updateUnconditionally 57 -> 57
2022-09-29 01:23:45,035 [grpc-default-executor-2] INFO  server.GrpcLogAppender (GrpcLogAppender.java:onNext(403)) - omNode-1@group-523986131536->omNode-2-InstallSnapshotResponseHandler: received a reply omNode-1<-omNode-2#0:FAIL-t6,IN_PROGRESS
2022-09-29 01:23:45,035 [grpc-default-executor-2] INFO  server.GrpcLogAppender (GrpcLogAppender.java:onNext(421)) - omNode-1@group-523986131536->omNode-2-InstallSnapshotResponseHandler: InstallSnapshot in progress.
2022-09-29 01:23:45,036 [omNode-1@group-523986131536->omNode-2-GrpcLogAppender-LogAppenderDaemon] INFO  server.GrpcLogAppender (GrpcLogAppender.java:installSnapshot(541)) - omNode-1@group-523986131536->omNode-2-GrpcLogAppender: followerNextIndex = 57 but logStartIndex = 59, notify follower to install snapshot-(t:6, i:59)
2022-09-29 01:23:45,036 [omNode-1@group-523986131536->omNode-2-GrpcLogAppender-LogAppenderDaemon] INFO  server.GrpcLogAppender (GrpcLogAppender.java:installSnapshot(549)) - omNode-1@group-523986131536->omNode-2-GrpcLogAppender: send omNode-1->omNode-2#0-t6,notify:(t:6, i:59)
2022-09-29 01:23:45,038 [omNode-2-server-thread1] INFO  server.RaftServer$Division (RaftServerImpl.java:checkInconsistentAppendEntries(1402)) - omNode-2@group-523986131536: Failed appendEntries as snapshot (59) installation is in progress
2022-09-29 01:23:45,038 [omNode-2-server-thread1] INFO  server.RaftServer$Division (RaftServerImpl.java:checkInconsistentAppendEntries(1394)) - omNode-2@group-523986131536: inconsistency entries. Reply:omNode-1<-omNode-2#388:FAIL-t6,INCONSISTENCY,nextIndex=57,followerCommit=56
2022-09-29 01:23:45,038 [grpc-default-executor-0] INFO  impl.SnapshotInstallationHandler (SnapshotInstallationHandler.java:installSnapshot(84)) - omNode-2@group-523986131536: receive installSnapshot: omNode-1->omNode-2#0-t6,notify:(t:6, i:59)
2022-09-29 01:23:45,038 [grpc-default-executor-0] INFO  impl.SnapshotInstallationHandler (SnapshotInstallationHandler.java:installSnapshot(95)) - omNode-2@group-523986131536: reply installSnapshot: omNode-1<-omNode-2#0:FAIL-t6,IN_PROGRESS
2022-09-29 01:23:45,038 [grpc-default-executor-0] INFO  server.GrpcServerProtocolService (GrpcServerProtocolService.java:onCompleted(140)) - omNode-2: Completed INSTALL_SNAPSHOT, lastRequest: omNode-1->omNode-2#0-t6,notify:(t:6, i:59)
2022-09-29 01:23:45,042 [grpc-default-executor-2] INFO  leader.FollowerInfo (FollowerInfoImpl.java:lambda$new$0(48)) - omNode-1@group-523986131536->omNode-2: nextIndex: updateUnconditionally 57 -> 57
2022-09-29 01:23:45,042 [grpc-default-executor-2] INFO  server.GrpcLogAppender (GrpcLogAppender.java:onNext(403)) - omNode-1@group-523986131536->omNode-2-InstallSnapshotResponseHandler: received a reply omNode-1<-omNode-2#0:FAIL-t6,IN_PROGRESS
2022-09-29 01:23:45,043 [grpc-default-executor-2] INFO  server.GrpcLogAppender (GrpcLogAppender.java:onNext(421)) - omNode-1@group-523986131536->omNode-2-InstallSnapshotResponseHandler: InstallSnapshot in progress.
2022-09-29 01:23:45,044 [omNode-1@group-523986131536->omNode-2-GrpcLogAppender-LogAppenderDaemon] INFO  server.GrpcLogAppender (GrpcLogAppender.java:installSnapshot(541)) - omNode-1@group-523986131536->omNode-2-GrpcLogAppender: followerNextIndex = 57 but logStartIndex = 59, notify follower to install snapshot-(t:6, i:59)
2022-09-29 01:23:45,044 [omNode-1@group-523986131536->omNode-2-GrpcLogAppender-LogAppenderDaemon] INFO  server.GrpcLogAppender (GrpcLogAppender.java:installSnapshot(549)) - omNode-1@group-523986131536->omNode-2-GrpcLogAppender: send omNode-1->omNode-2#0-t6,notify:(t:6, i:59)
2022-09-29 01:23:45,053 [grpc-default-executor-3] INFO  impl.SnapshotInstallationHandler (SnapshotInstallationHandler.java:installSnapshot(84)) - omNode-2@group-523986131536: receive installSnapshot: omNode-1->omNode-2#0-t6,notify:(t:6, i:59)
2022-09-29 01:23:45,053 [omNode-2-server-thread1] INFO  server.RaftServer$Division (RaftServerImpl.java:checkInconsistentAppendEntries(1402)) - omNode-2@group-523986131536: Failed appendEntries as snapshot (59) installation is in progress
2022-09-29 01:23:45,053 [omNode-2-server-thread1] INFO  server.RaftServer$Division (RaftServerImpl.java:checkInconsistentAppendEntries(1394)) - omNode-2@group-523986131536: inconsistency entries. Reply:omNode-1<-omNode-2#389:FAIL-t6,INCONSISTENCY,nextIndex=57,followerCommit=56
2022-09-29 01:23:45,053 [grpc-default-executor-3] INFO  impl.SnapshotInstallationHandler (SnapshotInstallationHandler.java:installSnapshot(95)) - omNode-2@group-523986131536: reply installSnapshot: omNode-1<-omNode-2#0:FAIL-t6,IN_PROGRESS
2022-09-29 01:23:45,054 [grpc-default-executor-3] INFO  server.GrpcServerProtocolService (GrpcServerProtocolService.java:onCompleted(140)) - omNode-2: Completed INSTALL_SNAPSHOT, lastRequest: omNode-1->omNode-2#0-t6,notify:(t:6, i:59)
2022-09-29 01:23:45,054 [grpc-default-executor-0] INFO  server.GrpcLogAppender (GrpcLogAppender.java:onNext(403)) - omNode-1@group-523986131536->omNode-2-InstallSnapshotResponseHandler: received a reply omNode-1<-omNode-2#0:FAIL-t6,IN_PROGRESS
2022-09-29 01:23:45,054 [grpc-default-executor-0] INFO  server.GrpcLogAppender (GrpcLogAppender.java:onNext(421)) - omNode-1@group-523986131536->omNode-2-InstallSnapshotResponseHandler: InstallSnapshot in progress.
2022-09-29 01:23:45,054 [grpc-default-executor-3] INFO  leader.FollowerInfo (FollowerInfoImpl.java:lambda$new$0(48)) - omNode-1@group-523986131536->omNode-2: nextIndex: updateUnconditionally 57 -> 57
2022-09-29 01:23:45,055 [omNode-1@group-523986131536->omNode-2-GrpcLogAppender-LogAppenderDaemon] INFO  server.GrpcLogAppender (GrpcLogAppender.java:installSnapshot(541)) - omNode-1@group-523986131536->omNode-2-GrpcLogAppender: followerNextIndex = 57 but logStartIndex = 59, notify follower to install snapshot-(t:6, i:59)
2022-09-29 01:23:45,055 [omNode-1@group-523986131536->omNode-2-GrpcLogAppender-LogAppenderDaemon] INFO  server.GrpcLogAppender (GrpcLogAppender.java:installSnapshot(549)) - omNode-1@group-523986131536->omNode-2-GrpcLogAppender: send omNode-1->omNode-2#0-t6,notify:(t:6, i:59)
2022-09-29 01:23:45,060 [omNode-2-server-thread1] INFO  server.RaftServer$Division (RaftServerImpl.java:checkInconsistentAppendEntries(1402)) - omNode-2@group-523986131536: Failed appendEntries as snapshot (59) installation is in progress
2022-09-29 01:23:45,060 [omNode-2-server-thread1] INFO  server.RaftServer$Division (RaftServerImpl.java:checkInconsistentAppendEntries(1394)) - omNode-2@group-523986131536: inconsistency entries. Reply:omNode-1<-omNode-2#390:FAIL-t6,INCONSISTENCY,nextIndex=57,followerCommit=56
2022-09-29 01:23:45,061 [grpc-default-executor-0] INFO  leader.FollowerInfo (FollowerInfoImpl.java:lambda$new$0(48)) - omNode-1@group-523986131536->omNode-2: nextIndex: updateUnconditionally 57 -> 57
2022-09-29 01:23:45,061 [grpc-default-executor-0] INFO  impl.SnapshotInstallationHandler (SnapshotInstallationHandler.java:installSnapshot(84)) - omNode-2@group-523986131536: receive installSnapshot: omNode-1->omNode-2#0-t6,notify:(t:6, i:59)
2022-09-29 01:23:45,061 [grpc-default-executor-0] INFO  impl.SnapshotInstallationHandler (SnapshotInstallationHandler.java:installSnapshot(95)) - omNode-2@group-523986131536: reply installSnapshot: omNode-1<-omNode-2#0:FAIL-t6,IN_PROGRESS
2022-09-29 01:23:45,061 [grpc-default-executor-0] INFO  server.GrpcServerProtocolService (GrpcServerProtocolService.java:onCompleted(140)) - omNode-2: Completed INSTALL_SNAPSHOT, lastRequest: omNode-1->omNode-2#0-t6,notify:(t:6, i:59)
2022-09-29 01:23:45,062 [grpc-default-executor-0] INFO  server.GrpcLogAppender (GrpcLogAppender.java:onNext(403)) - omNode-1@group-523986131536->omNode-2-InstallSnapshotResponseHandler: received a reply omNode-1<-omNode-2#0:FAIL-t6,IN_PROGRESS
2022-09-29 01:23:45,062 [grpc-default-executor-0] INFO  server.GrpcLogAppender (GrpcLogAppender.java:onNext(421)) - omNode-1@group-523986131536->omNode-2-InstallSnapshotResponseHandler: InstallSnapshot in progress.
2022-09-29 01:23:45,062 [omNode-1@group-523986131536->omNode-2-GrpcLogAppender-LogAppenderDaemon] INFO  server.GrpcLogAppender (GrpcLogAppender.java:installSnapshot(541)) - omNode-1@group-523986131536->omNode-2-GrpcLogAppender: followerNextIndex = 57 but logStartIndex = 59, notify follower to install snapshot-(t:6, i:59)
2022-09-29 01:23:45,062 [omNode-1@group-523986131536->omNode-2-GrpcLogAppender-LogAppenderDaemon] INFO  server.GrpcLogAppender (GrpcLogAppender.java:installSnapshot(549)) - omNode-1@group-523986131536->omNode-2-GrpcLogAppender: send omNode-1->omNode-2#0-t6,notify:(t:6, i:59)
2022-09-29 01:23:45,063 [omNode-2-server-thread1] INFO  server.RaftServer$Division (RaftServerImpl.java:checkInconsistentAppendEntries(1402)) - omNode-2@group-523986131536: Failed appendEntries as snapshot (59) installation is in progress
2022-09-29 01:23:45,063 [omNode-2-server-thread1] INFO  server.RaftServer$Division (RaftServerImpl.java:checkInconsistentAppendEntries(1394)) - omNode-2@group-523986131536: inconsistency entries. Reply:omNode-1<-omNode-2#391:FAIL-t6,INCONSISTENCY,nextIndex=57,followerCommit=56
2022-09-29 01:23:45,063 [grpc-default-executor-0] INFO  leader.FollowerInfo (FollowerInfoImpl.java:lambda$new$0(48)) - omNode-1@group-523986131536->omNode-2: nextIndex: updateUnconditionally 57 -> 57
2022-09-29 01:23:45,063 [grpc-default-executor-0] INFO  impl.SnapshotInstallationHandler (SnapshotInstallationHandler.java:installSnapshot(84)) - omNode-2@group-523986131536: receive installSnapshot: omNode-1->omNode-2#0-t6,notify:(t:6, i:59)
2022-09-29 01:23:45,064 [grpc-default-executor-0] INFO  impl.SnapshotInstallationHandler (SnapshotInstallationHandler.java:installSnapshot(95)) - omNode-2@group-523986131536: reply installSnapshot: omNode-1<-omNode-2#0:FAIL-t6,IN_PROGRESS
2022-09-29 01:23:45,064 [grpc-default-executor-0] INFO  server.GrpcServerProtocolService (GrpcServerProtocolService.java:onCompleted(140)) - omNode-2: Completed INSTALL_SNAPSHOT, lastRequest: omNode-1->omNode-2#0-t6,notify:(t:6, i:59)
2022-09-29 01:23:45,064 [grpc-default-executor-0] INFO  server.GrpcLogAppender (GrpcLogAppender.java:onNext(403)) - omNode-1@group-523986131536->omNode-2-InstallSnapshotResponseHandler: received a reply omNode-1<-omNode-2#0:FAIL-t6,IN_PROGRESS
2022-09-29 01:23:45,064 [grpc-default-executor-0] INFO  server.GrpcLogAppender (GrpcLogAppender.java:onNext(421)) - omNode-1@group-523986131536->omNode-2-InstallSnapshotResponseHandler: InstallSnapshot in progress.
2022-09-29 01:23:45,064 [omNode-1@group-523986131536->omNode-2-GrpcLogAppender-LogAppenderDaemon] INFO  server.GrpcLogAppender (GrpcLogAppender.java:installSnapshot(541)) - omNode-1@group-523986131536->omNode-2-GrpcLogAppender: followerNextIndex = 57 but logStartIndex = 59, notify follower to install snapshot-(t:6, i:59)
2022-09-29 01:23:45,065 [omNode-1@group-523986131536->omNode-2-GrpcLogAppender-LogAppenderDaemon] INFO  server.GrpcLogAppender (GrpcLogAppender.java:installSnapshot(549)) - omNode-1@group-523986131536->omNode-2-GrpcLogAppender: send omNode-1->omNode-2#0-t6,notify:(t:6, i:59)
2022-09-29 01:23:45,065 [omNode-2-server-thread1] INFO  server.RaftServer$Division (RaftServerImpl.java:checkInconsistentAppendEntries(1402)) - omNode-2@group-523986131536: Failed appendEntries as snapshot (59) installation is in progress
2022-09-29 01:23:45,065 [grpc-default-executor-3] INFO  impl.SnapshotInstallationHandler (SnapshotInstallationHandler.java:installSnapshot(84)) - omNode-2@group-523986131536: receive installSnapshot: omNode-1->omNode-2#0-t6,notify:(t:6, i:59)
2022-09-29 01:23:45,065 [omNode-2-server-thread1] INFO  server.RaftServer$Division (RaftServerImpl.java:checkInconsistentAppendEntries(1394)) - omNode-2@group-523986131536: inconsistency entries. Reply:omNode-1<-omNode-2#392:FAIL-t6,INCONSISTENCY,nextIndex=57,followerCommit=56
2022-09-29 01:23:45,066 [grpc-default-executor-3] INFO  impl.SnapshotInstallationHandler (SnapshotInstallationHandler.java:installSnapshot(95)) - omNode-2@group-523986131536: reply installSnapshot: omNode-1<-omNode-2#0:FAIL-t6,IN_PROGRESS
2022-09-29 01:23:45,066 [grpc-default-executor-3] INFO  server.GrpcServerProtocolService (GrpcServerProtocolService.java:onCompleted(140)) - omNode-2: Completed INSTALL_SNAPSHOT, lastRequest: omNode-1->omNode-2#0-t6,notify:(t:6, i:59)
2022-09-29 01:23:45,066 [qtp596910879-1092] INFO  db.RDBCheckpointManager (RDBCheckpointManager.java:createCheckpoint(81)) - Created checkpoint at /home/runner/work/ozone/ozone/hadoop-ozone/integration-test/target/test-dir/MiniOzoneClusterImpl-a442e60d-e435-415e-98a9-f45e33772b0d/omNode-1/db.checkpoints/om.db_checkpoint_1664414625035 in 31 milliseconds
2022-09-29 01:23:45,066 [grpc-default-executor-3] INFO  leader.FollowerInfo (FollowerInfoImpl.java:lambda$new$0(48)) - omNode-1@group-523986131536->omNode-2: nextIndex: updateUnconditionally 57 -> 57
2022-09-29 01:23:45,066 [grpc-default-executor-0] INFO  server.GrpcLogAppender (GrpcLogAppender.java:onNext(403)) - omNode-1@group-523986131536->omNode-2-InstallSnapshotResponseHandler: received a reply omNode-1<-omNode-2#0:FAIL-t6,IN_PROGRESS
2022-09-29 01:23:45,067 [grpc-default-executor-0] INFO  server.GrpcLogAppender (GrpcLogAppender.java:onNext(421)) - omNode-1@group-523986131536->omNode-2-InstallSnapshotResponseHandler: InstallSnapshot in progress.
2022-09-29 01:23:45,067 [omNode-1@group-523986131536->omNode-2-GrpcLogAppender-LogAppenderDaemon] INFO  server.GrpcLogAppender (GrpcLogAppender.java:installSnapshot(541)) - omNode-1@group-523986131536->omNode-2-GrpcLogAppender: followerNextIndex = 57 but logStartIndex = 59, notify follower to install snapshot-(t:6, i:59)
2022-09-29 01:23:45,067 [omNode-1@group-523986131536->omNode-2-GrpcLogAppender-LogAppenderDaemon] INFO  server.GrpcLogAppender (GrpcLogAppender.java:installSnapshot(549)) - omNode-1@group-523986131536->omNode-2-GrpcLogAppender: send omNode-1->omNode-2#0-t6,notify:(t:6, i:59)
2022-09-29 01:23:45,068 [omNode-2-server-thread1] INFO  server.RaftServer$Division (RaftServerImpl.java:checkInconsistentAppendEntries(1402)) - omNode-2@group-523986131536: Failed appendEntries as snapshot (59) installation is in progress
2022-09-29 01:23:45,068 [grpc-default-executor-3] INFO  impl.SnapshotInstallationHandler (SnapshotInstallationHandler.java:installSnapshot(84)) - omNode-2@group-523986131536: receive installSnapshot: omNode-1->omNode-2#0-t6,notify:(t:6, i:59)
2022-09-29 01:23:45,068 [omNode-2-server-thread1] INFO  server.RaftServer$Division (RaftServerImpl.java:checkInconsistentAppendEntries(1394)) - omNode-2@group-523986131536: inconsistency entries. Reply:omNode-1<-omNode-2#393:FAIL-t6,INCONSISTENCY,nextIndex=57,followerCommit=56
2022-09-29 01:23:45,068 [grpc-default-executor-3] INFO  impl.SnapshotInstallationHandler (SnapshotInstallationHandler.java:installSnapshot(95)) - omNode-2@group-523986131536: reply installSnapshot: omNode-1<-omNode-2#0:FAIL-t6,IN_PROGRESS
2022-09-29 01:23:45,068 [grpc-default-executor-0] INFO  server.GrpcServerProtocolService (GrpcServerProtocolService.java:onCompleted(140)) - omNode-2: Completed INSTALL_SNAPSHOT, lastRequest: omNode-1->omNode-2#0-t6,notify:(t:6, i:59)
2022-09-29 01:23:45,069 [grpc-default-executor-3] INFO  leader.FollowerInfo (FollowerInfoImpl.java:lambda$new$0(48)) - omNode-1@group-523986131536->omNode-2: nextIndex: updateUnconditionally 57 -> 57
2022-09-29 01:23:45,069 [grpc-default-executor-0] INFO  server.GrpcLogAppender (GrpcLogAppender.java:onNext(403)) - omNode-1@group-523986131536->omNode-2-InstallSnapshotResponseHandler: received a reply omNode-1<-omNode-2#0:FAIL-t6,IN_PROGRESS
2022-09-29 01:23:45,069 [grpc-default-executor-0] INFO  server.GrpcLogAppender (GrpcLogAppender.java:onNext(421)) - omNode-1@group-523986131536->omNode-2-InstallSnapshotResponseHandler: InstallSnapshot in progress.
2022-09-29 01:23:45,069 [omNode-1@group-523986131536->omNode-2-GrpcLogAppender-LogAppenderDaemon] INFO  server.GrpcLogAppender (GrpcLogAppender.java:installSnapshot(541)) - omNode-1@group-523986131536->omNode-2-GrpcLogAppender: followerNextIndex = 57 but logStartIndex = 59, notify follower to install snapshot-(t:6, i:59)
2022-09-29 01:23:45,069 [omNode-1@group-523986131536->omNode-2-GrpcLogAppender-LogAppenderDaemon] INFO  server.GrpcLogAppender (GrpcLogAppender.java:installSnapshot(549)) - omNode-1@group-523986131536->omNode-2-GrpcLogAppender: send omNode-1->omNode-2#0-t6,notify:(t:6, i:59)
2022-09-29 01:23:45,070 [omNode-2-server-thread1] INFO  server.RaftServer$Division (RaftServerImpl.java:checkInconsistentAppendEntries(1402)) - omNode-2@group-523986131536: Failed appendEntries as snapshot (59) installation is in progress
2022-09-29 01:23:45,070 [omNode-2-server-thread1] INFO  server.RaftServer$Division (RaftServerImpl.java:checkInconsistentAppendEntries(1394)) - omNode-2@group-523986131536: inconsistency entries. Reply:omNode-1<-omNode-2#394:FAIL-t6,INCONSISTENCY,nextIndex=57,followerCommit=56
2022-09-29 01:23:45,070 [grpc-default-executor-0] INFO  impl.SnapshotInstallationHandler (SnapshotInstallationHandler.java:installSnapshot(84)) - omNode-2@group-523986131536: receive installSnapshot: omNode-1->omNode-2#0-t6,notify:(t:6, i:59)
2022-09-29 01:23:45,070 [grpc-default-executor-0] INFO  impl.SnapshotInstallationHandler (SnapshotInstallationHandler.java:installSnapshot(95)) - omNode-2@group-523986131536: reply installSnapshot: omNode-1<-omNode-2#0:FAIL-t6,IN_PROGRESS
2022-09-29 01:23:45,070 [grpc-default-executor-3] INFO  leader.FollowerInfo (FollowerInfoImpl.java:lambda$new$0(48)) - omNode-1@group-523986131536->omNode-2: nextIndex: updateUnconditionally 57 -> 57
2022-09-29 01:23:45,076 [grpc-default-executor-0] INFO  server.GrpcServerProtocolService (GrpcServerProtocolService.java:onCompleted(140)) - omNode-2: Completed INSTALL_SNAPSHOT, lastRequest: omNode-1->omNode-2#0-t6,notify:(t:6, i:59)
2022-09-29 01:23:45,080 [grpc-default-executor-0] INFO  server.GrpcLogAppender (GrpcLogAppender.java:onNext(403)) - omNode-1@group-523986131536->omNode-2-InstallSnapshotResponseHandler: received a reply omNode-1<-omNode-2#0:FAIL-t6,IN_PROGRESS
2022-09-29 01:23:45,080 [grpc-default-executor-0] INFO  server.GrpcLogAppender (GrpcLogAppender.java:onNext(421)) - omNode-1@group-523986131536->omNode-2-InstallSnapshotResponseHandler: InstallSnapshot in progress.
2022-09-29 01:23:45,080 [omNode-1@group-523986131536->omNode-2-GrpcLogAppender-LogAppenderDaemon] INFO  server.GrpcLogAppender (GrpcLogAppender.java:installSnapshot(541)) - omNode-1@group-523986131536->omNode-2-GrpcLogAppender: followerNextIndex = 57 but logStartIndex = 59, notify follower to install snapshot-(t:6, i:59)
2022-09-29 01:23:45,080 [omNode-1@group-523986131536->omNode-2-GrpcLogAppender-LogAppenderDaemon] INFO  server.GrpcLogAppender (GrpcLogAppender.java:installSnapshot(549)) - omNode-1@group-523986131536->omNode-2-GrpcLogAppender: send omNode-1->omNode-2#0-t6,notify:(t:6, i:59)
2022-09-29 01:23:45,082 [omNode-2-server-thread1] INFO  server.RaftServer$Division (RaftServerImpl.java:checkInconsistentAppendEntries(1402)) - omNode-2@group-523986131536: Failed appendEntries as snapshot (59) installation is in progress
2022-09-29 01:23:45,082 [grpc-default-executor-0] INFO  impl.SnapshotInstallationHandler (SnapshotInstallationHandler.java:installSnapshot(84)) - omNode-2@group-523986131536: receive installSnapshot: omNode-1->omNode-2#0-t6,notify:(t:6, i:59)
2022-09-29 01:23:45,082 [omNode-2-server-thread1] INFO  server.RaftServer$Division (RaftServerImpl.java:checkInconsistentAppendEntries(1394)) - omNode-2@group-523986131536: inconsistency entries. Reply:omNode-1<-omNode-2#395:FAIL-t6,INCONSISTENCY,nextIndex=57,followerCommit=56
2022-09-29 01:23:45,083 [grpc-default-executor-0] INFO  impl.SnapshotInstallationHandler (SnapshotInstallationHandler.java:installSnapshot(95)) - omNode-2@group-523986131536: reply installSnapshot: omNode-1<-omNode-2#0:FAIL-t6,IN_PROGRESS
2022-09-29 01:23:45,083 [grpc-default-executor-0] INFO  server.GrpcServerProtocolService (GrpcServerProtocolService.java:onCompleted(140)) - omNode-2: Completed INSTALL_SNAPSHOT, lastRequest: omNode-1->omNode-2#0-t6,notify:(t:6, i:59)
2022-09-29 01:23:45,083 [grpc-default-executor-3] INFO  leader.FollowerInfo (FollowerInfoImpl.java:lambda$new$0(48)) - omNode-1@group-523986131536->omNode-2: nextIndex: updateUnconditionally 57 -> 57
2022-09-29 01:23:45,083 [grpc-default-executor-0] INFO  server.GrpcLogAppender (GrpcLogAppender.java:onNext(403)) - omNode-1@group-523986131536->omNode-2-InstallSnapshotResponseHandler: received a reply omNode-1<-omNode-2#0:FAIL-t6,IN_PROGRESS
2022-09-29 01:23:45,083 [grpc-default-executor-0] INFO  server.GrpcLogAppender (GrpcLogAppender.java:onNext(421)) - omNode-1@group-523986131536->omNode-2-InstallSnapshotResponseHandler: InstallSnapshot in progress.
2022-09-29 01:23:45,084 [omNode-1@group-523986131536->omNode-2-GrpcLogAppender-LogAppenderDaemon] INFO  server.GrpcLogAppender (GrpcLogAppender.java:installSnapshot(541)) - omNode-1@group-523986131536->omNode-2-GrpcLogAppender: followerNextIndex = 57 but logStartIndex = 59, notify follower to install snapshot-(t:6, i:59)
2022-09-29 01:23:45,084 [omNode-1@group-523986131536->omNode-2-GrpcLogAppender-LogAppenderDaemon] INFO  server.GrpcLogAppender (GrpcLogAppender.java:installSnapshot(549)) - omNode-1@group-523986131536->omNode-2-GrpcLogAppender: send omNode-1->omNode-2#0-t6,notify:(t:6, i:59)
2022-09-29 01:23:45,085 [omNode-2-server-thread1] INFO  server.RaftServer$Division (RaftServerImpl.java:checkInconsistentAppendEntries(1402)) - omNode-2@group-523986131536: Failed appendEntries as snapshot (59) installation is in progress
2022-09-29 01:23:45,085 [grpc-default-executor-0] INFO  impl.SnapshotInstallationHandler (SnapshotInstallationHandler.java:installSnapshot(84)) - omNode-2@group-523986131536: receive installSnapshot: omNode-1->omNode-2#0-t6,notify:(t:6, i:59)
2022-09-29 01:23:45,085 [omNode-2-server-thread1] INFO  server.RaftServer$Division (RaftServerImpl.java:checkInconsistentAppendEntries(1394)) - omNode-2@group-523986131536: inconsistency entries. Reply:omNode-1<-omNode-2#396:FAIL-t6,INCONSISTENCY,nextIndex=57,followerCommit=56
2022-09-29 01:23:45,085 [grpc-default-executor-0] INFO  impl.SnapshotInstallationHandler (SnapshotInstallationHandler.java:installSnapshot(95)) - omNode-2@group-523986131536: reply installSnapshot: omNode-1<-omNode-2#0:FAIL-t6,IN_PROGRESS
2022-09-29 01:23:45,085 [grpc-default-executor-0] INFO  server.GrpcServerProtocolService (GrpcServerProtocolService.java:onCompleted(140)) - omNode-2: Completed INSTALL_SNAPSHOT, lastRequest: omNode-1->omNode-2#0-t6,notify:(t:6, i:59)
2022-09-29 01:23:45,085 [grpc-default-executor-3] INFO  server.GrpcLogAppender (GrpcLogAppender.java:onNext(403)) - omNode-1@group-523986131536->omNode-2-InstallSnapshotResponseHandler: received a reply omNode-1<-omNode-2#0:FAIL-t6,IN_PROGRESS
2022-09-29 01:23:45,086 [grpc-default-executor-3] INFO  server.GrpcLogAppender (GrpcLogAppender.java:onNext(421)) - omNode-1@group-523986131536->omNode-2-InstallSnapshotResponseHandler: InstallSnapshot in progress.
2022-09-29 01:23:45,086 [grpc-default-executor-0] INFO  leader.FollowerInfo (FollowerInfoImpl.java:lambda$new$0(48)) - omNode-1@group-523986131536->omNode-2: nextIndex: updateUnconditionally 57 -> 57
2022-09-29 01:23:45,086 [omNode-1@group-523986131536->omNode-2-GrpcLogAppender-LogAppenderDaemon] INFO  server.GrpcLogAppender (GrpcLogAppender.java:installSnapshot(541)) - omNode-1@group-523986131536->omNode-2-GrpcLogAppender: followerNextIndex = 57 but logStartIndex = 59, notify follower to install snapshot-(t:6, i:59)
2022-09-29 01:23:45,086 [omNode-1@group-523986131536->omNode-2-GrpcLogAppender-LogAppenderDaemon] INFO  server.GrpcLogAppender (GrpcLogAppender.java:installSnapshot(549)) - omNode-1@group-523986131536->omNode-2-GrpcLogAppender: send omNode-1->omNode-2#0-t6,notify:(t:6, i:59)
2022-09-29 01:23:45,087 [omNode-2-server-thread1] INFO  server.RaftServer$Division (RaftServerImpl.java:checkInconsistentAppendEntries(1402)) - omNode-2@group-523986131536: Failed appendEntries as snapshot (59) installation is in progress
2022-09-29 01:23:45,087 [grpc-default-executor-0] INFO  impl.SnapshotInstallationHandler (SnapshotInstallationHandler.java:installSnapshot(84)) - omNode-2@group-523986131536: receive installSnapshot: omNode-1->omNode-2#0-t6,notify:(t:6, i:59)
2022-09-29 01:23:45,087 [omNode-2-server-thread1] INFO  server.RaftServer$Division (RaftServerImpl.java:checkInconsistentAppendEntries(1394)) - omNode-2@group-523986131536: inconsistency entries. Reply:omNode-1<-omNode-2#397:FAIL-t6,INCONSISTENCY,nextIndex=57,followerCommit=56
2022-09-29 01:23:45,087 [grpc-default-executor-0] INFO  impl.SnapshotInstallationHandler (SnapshotInstallationHandler.java:installSnapshot(95)) - omNode-2@group-523986131536: reply installSnapshot: omNode-1<-omNode-2#0:FAIL-t6,IN_PROGRESS
2022-09-29 01:23:45,087 [grpc-default-executor-0] INFO  server.GrpcServerProtocolService (GrpcServerProtocolService.java:onCompleted(140)) - omNode-2: Completed INSTALL_SNAPSHOT, lastRequest: omNode-1->omNode-2#0-t6,notify:(t:6, i:59)
2022-09-29 01:23:45,088 [grpc-default-executor-2] INFO  leader.FollowerInfo (FollowerInfoImpl.java:lambda$new$0(48)) - omNode-1@group-523986131536->omNode-2: nextIndex: updateUnconditionally 57 -> 57
2022-09-29 01:23:45,088 [grpc-default-executor-2] INFO  server.GrpcLogAppender (GrpcLogAppender.java:onNext(403)) - omNode-1@group-523986131536->omNode-2-InstallSnapshotResponseHandler: received a reply omNode-1<-omNode-2#0:FAIL-t6,IN_PROGRESS
2022-09-29 01:23:45,088 [grpc-default-executor-2] INFO  server.GrpcLogAppender (GrpcLogAppender.java:onNext(421)) - omNode-1@group-523986131536->omNode-2-InstallSnapshotResponseHandler: InstallSnapshot in progress.
2022-09-29 01:23:45,088 [omNode-1@group-523986131536->omNode-2-GrpcLogAppender-LogAppenderDaemon] INFO  server.GrpcLogAppender (GrpcLogAppender.java:installSnapshot(541)) - omNode-1@group-523986131536->omNode-2-GrpcLogAppender: followerNextIndex = 57 but logStartIndex = 59, notify follower to install snapshot-(t:6, i:59)
2022-09-29 01:23:45,088 [omNode-1@group-523986131536->omNode-2-GrpcLogAppender-LogAppenderDaemon] INFO  server.GrpcLogAppender (GrpcLogAppender.java:installSnapshot(549)) - omNode-1@group-523986131536->omNode-2-GrpcLogAppender: send omNode-1->omNode-2#0-t6,notify:(t:6, i:59)
2022-09-29 01:23:45,089 [omNode-2-server-thread1] INFO  server.RaftServer$Division (RaftServerImpl.java:checkInconsistentAppendEntries(1402)) - omNode-2@group-523986131536: Failed appendEntries as snapshot (59) installation is in progress
2022-09-29 01:23:45,089 [omNode-2-server-thread1] INFO  server.RaftServer$Division (RaftServerImpl.java:checkInconsistentAppendEntries(1394)) - omNode-2@group-523986131536: inconsistency entries. Reply:omNode-1<-omNode-2#398:FAIL-t6,INCONSISTENCY,nextIndex=57,followerCommit=56
2022-09-29 01:23:45,089 [grpc-default-executor-0] INFO  impl.SnapshotInstallationHandler (SnapshotInstallationHandler.java:installSnapshot(84)) - omNode-2@group-523986131536: receive installSnapshot: omNode-1->omNode-2#0-t6,notify:(t:6, i:59)
2022-09-29 01:23:45,089 [grpc-default-executor-0] INFO  impl.SnapshotInstallationHandler (SnapshotInstallationHandler.java:installSnapshot(95)) - omNode-2@group-523986131536: reply installSnapshot: omNode-1<-omNode-2#0:FAIL-t6,IN_PROGRESS
2022-09-29 01:23:45,090 [grpc-default-executor-0] INFO  server.GrpcServerProtocolService (GrpcServerProtocolService.java:onCompleted(140)) - omNode-2: Completed INSTALL_SNAPSHOT, lastRequest: omNode-1->omNode-2#0-t6,notify:(t:6, i:59)
2022-09-29 01:23:45,090 [grpc-default-executor-2] INFO  leader.FollowerInfo (FollowerInfoImpl.java:lambda$new$0(48)) - omNode-1@group-523986131536->omNode-2: nextIndex: updateUnconditionally 57 -> 57
2022-09-29 01:23:45,090 [grpc-default-executor-2] INFO  server.GrpcLogAppender (GrpcLogAppender.java:onNext(403)) - omNode-1@group-523986131536->omNode-2-InstallSnapshotResponseHandler: received a reply omNode-1<-omNode-2#0:FAIL-t6,IN_PROGRESS
2022-09-29 01:23:45,090 [grpc-default-executor-2] INFO  server.GrpcLogAppender (GrpcLogAppender.java:onNext(421)) - omNode-1@group-523986131536->omNode-2-InstallSnapshotResponseHandler: InstallSnapshot in progress.
2022-09-29 01:23:45,090 [omNode-1@group-523986131536->omNode-2-GrpcLogAppender-LogAppenderDaemon] INFO  server.GrpcLogAppender (GrpcLogAppender.java:installSnapshot(541)) - omNode-1@group-523986131536->omNode-2-GrpcLogAppender: followerNextIndex = 57 but logStartIndex = 59, notify follower to install snapshot-(t:6, i:59)
2022-09-29 01:23:45,091 [omNode-1@group-523986131536->omNode-2-GrpcLogAppender-LogAppenderDaemon] INFO  server.GrpcLogAppender (GrpcLogAppender.java:installSnapshot(549)) - omNode-1@group-523986131536->omNode-2-GrpcLogAppender: send omNode-1->omNode-2#0-t6,notify:(t:6, i:59)
2022-09-29 01:23:45,091 [omNode-2-server-thread1] INFO  server.RaftServer$Division (RaftServerImpl.java:checkInconsistentAppendEntries(1402)) - omNode-2@group-523986131536: Failed appendEntries as snapshot (59) installation is in progress
2022-09-29 01:23:45,091 [omNode-2-server-thread1] INFO  server.RaftServer$Division (RaftServerImpl.java:checkInconsistentAppendEntries(1394)) - omNode-2@group-523986131536: inconsistency entries. Reply:omNode-1<-omNode-2#399:FAIL-t6,INCONSISTENCY,nextIndex=57,followerCommit=56
2022-09-29 01:23:45,091 [grpc-default-executor-0] INFO  impl.SnapshotInstallationHandler (SnapshotInstallationHandler.java:installSnapshot(84)) - omNode-2@group-523986131536: receive installSnapshot: omNode-1->omNode-2#0-t6,notify:(t:6, i:59)
2022-09-29 01:23:45,092 [grpc-default-executor-0] INFO  impl.SnapshotInstallationHandler (SnapshotInstallationHandler.java:installSnapshot(95)) - omNode-2@group-523986131536: reply installSnapshot: omNode-1<-omNode-2#0:FAIL-t6,IN_PROGRESS
2022-09-29 01:23:45,092 [grpc-default-executor-0] INFO  server.GrpcServerProtocolService (GrpcServerProtocolService.java:onCompleted(140)) - omNode-2: Completed INSTALL_SNAPSHOT, lastRequest: omNode-1->omNode-2#0-t6,notify:(t:6, i:59)
2022-09-29 01:23:45,092 [grpc-default-executor-2] INFO  leader.FollowerInfo (FollowerInfoImpl.java:lambda$new$0(48)) - omNode-1@group-523986131536->omNode-2: nextIndex: updateUnconditionally 57 -> 57
2022-09-29 01:23:45,092 [grpc-default-executor-2] INFO  server.GrpcLogAppender (GrpcLogAppender.java:onNext(403)) - omNode-1@group-523986131536->omNode-2-InstallSnapshotResponseHandler: received a reply omNode-1<-omNode-2#0:FAIL-t6,IN_PROGRESS
2022-09-29 01:23:45,093 [grpc-default-executor-2] INFO  server.GrpcLogAppender (GrpcLogAppender.java:onNext(421)) - omNode-1@group-523986131536->omNode-2-InstallSnapshotResponseHandler: InstallSnapshot in progress.
2022-09-29 01:23:45,093 [omNode-1@group-523986131536->omNode-2-GrpcLogAppender-LogAppenderDaemon] INFO  server.GrpcLogAppender (GrpcLogAppender.java:installSnapshot(541)) - omNode-1@group-523986131536->omNode-2-GrpcLogAppender: followerNextIndex = 57 but logStartIndex = 59, notify follower to install snapshot-(t:6, i:59)
2022-09-29 01:23:45,093 [omNode-1@group-523986131536->omNode-2-GrpcLogAppender-LogAppenderDaemon] INFO  server.GrpcLogAppender (GrpcLogAppender.java:installSnapshot(549)) - omNode-1@group-523986131536->omNode-2-GrpcLogAppender: send omNode-1->omNode-2#0-t6,notify:(t:6, i:59)
2022-09-29 01:23:45,094 [omNode-2-server-thread1] INFO  server.RaftServer$Division (RaftServerImpl.java:checkInconsistentAppendEntries(1402)) - omNode-2@group-523986131536: Failed appendEntries as snapshot (59) installation is in progress
2022-09-29 01:23:45,094 [omNode-2-server-thread1] INFO  server.RaftServer$Division (RaftServerImpl.java:checkInconsistentAppendEntries(1394)) - omNode-2@group-523986131536: inconsistency entries. Reply:omNode-1<-omNode-2#400:FAIL-t6,INCONSISTENCY,nextIndex=57,followerCommit=56
2022-09-29 01:23:45,094 [grpc-default-executor-0] INFO  impl.SnapshotInstallationHandler (SnapshotInstallationHandler.java:installSnapshot(84)) - omNode-2@group-523986131536: receive installSnapshot: omNode-1->omNode-2#0-t6,notify:(t:6, i:59)
2022-09-29 01:23:45,094 [grpc-default-executor-0] INFO  impl.SnapshotInstallationHandler (SnapshotInstallationHandler.java:installSnapshot(95)) - omNode-2@group-523986131536: reply installSnapshot: omNode-1<-omNode-2#0:FAIL-t6,IN_PROGRESS
2022-09-29 01:23:45,094 [grpc-default-executor-0] INFO  server.GrpcServerProtocolService (GrpcServerProtocolService.java:onCompleted(140)) - omNode-2: Completed INSTALL_SNAPSHOT, lastRequest: omNode-1->omNode-2#0-t6,notify:(t:6, i:59)
2022-09-29 01:23:45,095 [grpc-default-executor-2] INFO  leader.FollowerInfo (FollowerInfoImpl.java:lambda$new$0(48)) - omNode-1@group-523986131536->omNode-2: nextIndex: updateUnconditionally 57 -> 57
2022-09-29 01:23:45,095 [grpc-default-executor-2] INFO  server.GrpcLogAppender (GrpcLogAppender.java:onNext(403)) - omNode-1@group-523986131536->omNode-2-InstallSnapshotResponseHandler: received a reply omNode-1<-omNode-2#0:FAIL-t6,IN_PROGRESS
2022-09-29 01:23:45,095 [grpc-default-executor-2] INFO  server.GrpcLogAppender (GrpcLogAppender.java:onNext(421)) - omNode-1@group-523986131536->omNode-2-InstallSnapshotResponseHandler: InstallSnapshot in progress.
2022-09-29 01:23:45,095 [omNode-1@group-523986131536->omNode-2-GrpcLogAppender-LogAppenderDaemon] INFO  server.GrpcLogAppender (GrpcLogAppender.java:installSnapshot(541)) - omNode-1@group-523986131536->omNode-2-GrpcLogAppender: followerNextIndex = 57 but logStartIndex = 59, notify follower to install snapshot-(t:6, i:59)
2022-09-29 01:23:45,095 [omNode-1@group-523986131536->omNode-2-GrpcLogAppender-LogAppenderDaemon] INFO  server.GrpcLogAppender (GrpcLogAppender.java:installSnapshot(549)) - omNode-1@group-523986131536->omNode-2-GrpcLogAppender: send omNode-1->omNode-2#0-t6,notify:(t:6, i:59)
2022-09-29 01:23:45,096 [omNode-2-server-thread1] INFO  server.RaftServer$Division (RaftServerImpl.java:checkInconsistentAppendEntries(1402)) - omNode-2@group-523986131536: Failed appendEntries as snapshot (59) installation is in progress
2022-09-29 01:23:45,096 [grpc-default-executor-0] INFO  impl.SnapshotInstallationHandler (SnapshotInstallationHandler.java:installSnapshot(84)) - omNode-2@group-523986131536: receive installSnapshot: omNode-1->omNode-2#0-t6,notify:(t:6, i:59)
2022-09-29 01:23:45,096 [omNode-2-server-thread1] INFO  server.RaftServer$Division (RaftServerImpl.java:checkInconsistentAppendEntries(1394)) - omNode-2@group-523986131536: inconsistency entries. Reply:omNode-1<-omNode-2#401:FAIL-t6,INCONSISTENCY,nextIndex=57,followerCommit=56
2022-09-29 01:23:45,096 [grpc-default-executor-0] INFO  impl.SnapshotInstallationHandler (SnapshotInstallationHandler.java:installSnapshot(95)) - omNode-2@group-523986131536: reply installSnapshot: omNode-1<-omNode-2#0:FAIL-t6,IN_PROGRESS
2022-09-29 01:23:45,096 [grpc-default-executor-0] INFO  server.GrpcServerProtocolService (GrpcServerProtocolService.java:onCompleted(140)) - omNode-2: Completed INSTALL_SNAPSHOT, lastRequest: omNode-1->omNode-2#0-t6,notify:(t:6, i:59)
2022-09-29 01:23:45,097 [grpc-default-executor-2] INFO  leader.FollowerInfo (FollowerInfoImpl.java:lambda$new$0(48)) - omNode-1@group-523986131536->omNode-2: nextIndex: updateUnconditionally 57 -> 57
2022-09-29 01:23:45,097 [grpc-default-executor-2] INFO  server.GrpcLogAppender (GrpcLogAppender.java:onNext(403)) - omNode-1@group-523986131536->omNode-2-InstallSnapshotResponseHandler: received a reply omNode-1<-omNode-2#0:FAIL-t6,IN_PROGRESS
2022-09-29 01:23:45,097 [grpc-default-executor-2] INFO  server.GrpcLogAppender (GrpcLogAppender.java:onNext(421)) - omNode-1@group-523986131536->omNode-2-InstallSnapshotResponseHandler: InstallSnapshot in progress.
2022-09-29 01:23:45,097 [omNode-1@group-523986131536->omNode-2-GrpcLogAppender-LogAppenderDaemon] INFO  server.GrpcLogAppender (GrpcLogAppender.java:installSnapshot(541)) - omNode-1@group-523986131536->omNode-2-GrpcLogAppender: followerNextIndex = 57 but logStartIndex = 59, notify follower to install snapshot-(t:6, i:59)
2022-09-29 01:23:45,098 [omNode-1@group-523986131536->omNode-2-GrpcLogAppender-LogAppenderDaemon] INFO  server.GrpcLogAppender (GrpcLogAppender.java:installSnapshot(549)) - omNode-1@group-523986131536->omNode-2-GrpcLogAppender: send omNode-1->omNode-2#0-t6,notify:(t:6, i:59)
2022-09-29 01:23:45,104 [omNode-2-server-thread1] INFO  server.RaftServer$Division (RaftServerImpl.java:checkInconsistentAppendEntries(1402)) - omNode-2@group-523986131536: Failed appendEntries as snapshot (59) installation is in progress
2022-09-29 01:23:45,104 [omNode-2-server-thread1] INFO  server.RaftServer$Division (RaftServerImpl.java:checkInconsistentAppendEntries(1394)) - omNode-2@group-523986131536: inconsistency entries. Reply:omNode-1<-omNode-2#402:FAIL-t6,INCONSISTENCY,nextIndex=57,followerCommit=56
2022-09-29 01:23:45,104 [grpc-default-executor-0] INFO  impl.SnapshotInstallationHandler (SnapshotInstallationHandler.java:installSnapshot(84)) - omNode-2@group-523986131536: receive installSnapshot: omNode-1->omNode-2#0-t6,notify:(t:6, i:59)
2022-09-29 01:23:45,104 [grpc-default-executor-0] INFO  impl.SnapshotInstallationHandler (SnapshotInstallationHandler.java:installSnapshot(95)) - omNode-2@group-523986131536: reply installSnapshot: omNode-1<-omNode-2#0:FAIL-t6,IN_PROGRESS
2022-09-29 01:23:45,105 [grpc-default-executor-0] INFO  server.GrpcServerProtocolService (GrpcServerProtocolService.java:onCompleted(140)) - omNode-2: Completed INSTALL_SNAPSHOT, lastRequest: omNode-1->omNode-2#0-t6,notify:(t:6, i:59)
2022-09-29 01:23:45,106 [grpc-default-executor-2] INFO  leader.FollowerInfo (FollowerInfoImpl.java:lambda$new$0(48)) - omNode-1@group-523986131536->omNode-2: nextIndex: updateUnconditionally 57 -> 57
2022-09-29 01:23:45,106 [grpc-default-executor-0] INFO  server.GrpcLogAppender (GrpcLogAppender.java:onNext(403)) - omNode-1@group-523986131536->omNode-2-InstallSnapshotResponseHandler: received a reply omNode-1<-omNode-2#0:FAIL-t6,IN_PROGRESS
2022-09-29 01:23:45,106 [grpc-default-executor-0] INFO  server.GrpcLogAppender (GrpcLogAppender.java:onNext(421)) - omNode-1@group-523986131536->omNode-2-InstallSnapshotResponseHandler: InstallSnapshot in progress.
2022-09-29 01:23:45,108 [omNode-1@group-523986131536->omNode-2-GrpcLogAppender-LogAppenderDaemon] INFO  server.GrpcLogAppender (GrpcLogAppender.java:installSnapshot(541)) - omNode-1@group-523986131536->omNode-2-GrpcLogAppender: followerNextIndex = 57 but logStartIndex = 59, notify follower to install snapshot-(t:6, i:59)
2022-09-29 01:23:45,108 [omNode-1@group-523986131536->omNode-2-GrpcLogAppender-LogAppenderDaemon] INFO  server.GrpcLogAppender (GrpcLogAppender.java:installSnapshot(549)) - omNode-1@group-523986131536->omNode-2-GrpcLogAppender: send omNode-1->omNode-2#0-t6,notify:(t:6, i:59)
2022-09-29 01:23:45,111 [grpc-default-executor-0] INFO  impl.SnapshotInstallationHandler (SnapshotInstallationHandler.java:installSnapshot(84)) - omNode-2@group-523986131536: receive installSnapshot: omNode-1->omNode-2#0-t6,notify:(t:6, i:59)
2022-09-29 01:23:45,111 [grpc-default-executor-0] INFO  impl.SnapshotInstallationHandler (SnapshotInstallationHandler.java:installSnapshot(95)) - omNode-2@group-523986131536: reply installSnapshot: omNode-1<-omNode-2#0:FAIL-t6,IN_PROGRESS
2022-09-29 01:23:45,112 [grpc-default-executor-0] INFO  server.GrpcServerProtocolService (GrpcServerProtocolService.java:onCompleted(140)) - omNode-2: Completed INSTALL_SNAPSHOT, lastRequest: omNode-1->omNode-2#0-t6,notify:(t:6, i:59)
2022-09-29 01:23:45,112 [omNode-2-server-thread1] INFO  server.RaftServer$Division (RaftServerImpl.java:checkInconsistentAppendEntries(1402)) - omNode-2@group-523986131536: Failed appendEntries as snapshot (59) installation is in progress
2022-09-29 01:23:45,112 [omNode-2-server-thread1] INFO  server.RaftServer$Division (RaftServerImpl.java:checkInconsistentAppendEntries(1394)) - omNode-2@group-523986131536: inconsistency entries. Reply:omNode-1<-omNode-2#403:FAIL-t6,INCONSISTENCY,nextIndex=57,followerCommit=56
2022-09-29 01:23:45,116 [grpc-default-executor-0] INFO  server.GrpcLogAppender (GrpcLogAppender.java:onNext(403)) - omNode-1@group-523986131536->omNode-2-InstallSnapshotResponseHandler: received a reply omNode-1<-omNode-2#0:FAIL-t6,IN_PROGRESS
2022-09-29 01:23:45,116 [grpc-default-executor-0] INFO  server.GrpcLogAppender (GrpcLogAppender.java:onNext(421)) - omNode-1@group-523986131536->omNode-2-InstallSnapshotResponseHandler: InstallSnapshot in progress.
2022-09-29 01:23:45,116 [grpc-default-executor-2] INFO  leader.FollowerInfo (FollowerInfoImpl.java:lambda$new$0(48)) - omNode-1@group-523986131536->omNode-2: nextIndex: updateUnconditionally 57 -> 57
2022-09-29 01:23:45,116 [omNode-1@group-523986131536->omNode-2-GrpcLogAppender-LogAppenderDaemon] INFO  server.GrpcLogAppender (GrpcLogAppender.java:installSnapshot(541)) - omNode-1@group-523986131536->omNode-2-GrpcLogAppender: followerNextIndex = 57 but logStartIndex = 59, notify follower to install snapshot-(t:6, i:59)
2022-09-29 01:23:45,117 [omNode-1@group-523986131536->omNode-2-GrpcLogAppender-LogAppenderDaemon] INFO  server.GrpcLogAppender (GrpcLogAppender.java:installSnapshot(549)) - omNode-1@group-523986131536->omNode-2-GrpcLogAppender: send omNode-1->omNode-2#0-t6,notify:(t:6, i:59)
2022-09-29 01:23:45,118 [grpc-default-executor-1] INFO  impl.SnapshotInstallationHandler (SnapshotInstallationHandler.java:installSnapshot(84)) - omNode-2@group-523986131536: receive installSnapshot: omNode-1->omNode-2#0-t6,notify:(t:6, i:59)
2022-09-29 01:23:45,119 [grpc-default-executor-1] INFO  impl.SnapshotInstallationHandler (SnapshotInstallationHandler.java:installSnapshot(95)) - omNode-2@group-523986131536: reply installSnapshot: omNode-1<-omNode-2#0:FAIL-t6,IN_PROGRESS
2022-09-29 01:23:45,119 [grpc-default-executor-1] INFO  server.GrpcServerProtocolService (GrpcServerProtocolService.java:onCompleted(140)) - omNode-2: Completed INSTALL_SNAPSHOT, lastRequest: omNode-1->omNode-2#0-t6,notify:(t:6, i:59)
2022-09-29 01:23:45,119 [omNode-2-server-thread1] INFO  server.RaftServer$Division (RaftServerImpl.java:checkInconsistentAppendEntries(1402)) - omNode-2@group-523986131536: Failed appendEntries as snapshot (59) installation is in progress
2022-09-29 01:23:45,119 [omNode-2-server-thread1] INFO  server.RaftServer$Division (RaftServerImpl.java:checkInconsistentAppendEntries(1394)) - omNode-2@group-523986131536: inconsistency entries. Reply:omNode-1<-omNode-2#404:FAIL-t6,INCONSISTENCY,nextIndex=57,followerCommit=56
2022-09-29 01:23:45,119 [grpc-default-executor-3] INFO  server.GrpcLogAppender (GrpcLogAppender.java:onNext(403)) - omNode-1@group-523986131536->omNode-2-InstallSnapshotResponseHandler: received a reply omNode-1<-omNode-2#0:FAIL-t6,IN_PROGRESS
2022-09-29 01:23:45,119 [grpc-default-executor-3] INFO  server.GrpcLogAppender (GrpcLogAppender.java:onNext(421)) - omNode-1@group-523986131536->omNode-2-InstallSnapshotResponseHandler: InstallSnapshot in progress.
2022-09-29 01:23:45,120 [omNode-1@group-523986131536->omNode-2-GrpcLogAppender-LogAppenderDaemon] INFO  server.GrpcLogAppender (GrpcLogAppender.java:installSnapshot(541)) - omNode-1@group-523986131536->omNode-2-GrpcLogAppender: followerNextIndex = 57 but logStartIndex = 59, notify follower to install snapshot-(t:6, i:59)
2022-09-29 01:23:45,120 [grpc-default-executor-3] INFO  leader.FollowerInfo (FollowerInfoImpl.java:lambda$new$0(48)) - omNode-1@group-523986131536->omNode-2: nextIndex: updateUnconditionally 57 -> 57
2022-09-29 01:23:45,120 [omNode-1@group-523986131536->omNode-2-GrpcLogAppender-LogAppenderDaemon] INFO  server.GrpcLogAppender (GrpcLogAppender.java:installSnapshot(549)) - omNode-1@group-523986131536->omNode-2-GrpcLogAppender: send omNode-1->omNode-2#0-t6,notify:(t:6, i:59)
2022-09-29 01:23:45,120 [omNode-2-server-thread1] INFO  server.RaftServer$Division (RaftServerImpl.java:checkInconsistentAppendEntries(1402)) - omNode-2@group-523986131536: Failed appendEntries as snapshot (59) installation is in progress
2022-09-29 01:23:45,120 [omNode-2-server-thread1] INFO  server.RaftServer$Division (RaftServerImpl.java:checkInconsistentAppendEntries(1394)) - omNode-2@group-523986131536: inconsistency entries. Reply:omNode-1<-omNode-2#405:FAIL-t6,INCONSISTENCY,nextIndex=57,followerCommit=56
2022-09-29 01:23:45,120 [grpc-default-executor-3] INFO  leader.FollowerInfo (FollowerInfoImpl.java:lambda$new$0(48)) - omNode-1@group-523986131536->omNode-2: nextIndex: updateUnconditionally 57 -> 57
2022-09-29 01:23:45,121 [grpc-default-executor-1] INFO  impl.SnapshotInstallationHandler (SnapshotInstallationHandler.java:installSnapshot(84)) - omNode-2@group-523986131536: receive installSnapshot: omNode-1->omNode-2#0-t6,notify:(t:6, i:59)
2022-09-29 01:23:45,121 [grpc-default-executor-1] INFO  impl.SnapshotInstallationHandler (SnapshotInstallationHandler.java:installSnapshot(95)) - omNode-2@group-523986131536: reply installSnapshot: omNode-1<-omNode-2#0:FAIL-t6,IN_PROGRESS
2022-09-29 01:23:45,121 [grpc-default-executor-1] INFO  server.GrpcServerProtocolService (GrpcServerProtocolService.java:onCompleted(140)) - omNode-2: Completed INSTALL_SNAPSHOT, lastRequest: omNode-1->omNode-2#0-t6,notify:(t:6, i:59)
2022-09-29 01:23:45,121 [grpc-default-executor-1] INFO  server.GrpcLogAppender (GrpcLogAppender.java:onNext(403)) - omNode-1@group-523986131536->omNode-2-InstallSnapshotResponseHandler: received a reply omNode-1<-omNode-2#0:FAIL-t6,IN_PROGRESS
2022-09-29 01:23:45,121 [grpc-default-executor-1] INFO  server.GrpcLogAppender (GrpcLogAppender.java:onNext(421)) - omNode-1@group-523986131536->omNode-2-InstallSnapshotResponseHandler: InstallSnapshot in progress.
2022-09-29 01:23:45,122 [omNode-1@group-523986131536->omNode-2-GrpcLogAppender-LogAppenderDaemon] INFO  server.GrpcLogAppender (GrpcLogAppender.java:installSnapshot(541)) - omNode-1@group-523986131536->omNode-2-GrpcLogAppender: followerNextIndex = 57 but logStartIndex = 59, notify follower to install snapshot-(t:6, i:59)
2022-09-29 01:23:45,122 [omNode-1@group-523986131536->omNode-2-GrpcLogAppender-LogAppenderDaemon] INFO  server.GrpcLogAppender (GrpcLogAppender.java:installSnapshot(549)) - omNode-1@group-523986131536->omNode-2-GrpcLogAppender: send omNode-1->omNode-2#0-t6,notify:(t:6, i:59)
2022-09-29 01:23:45,124 [grpc-default-executor-1] INFO  impl.SnapshotInstallationHandler (SnapshotInstallationHandler.java:installSnapshot(84)) - omNode-2@group-523986131536: receive installSnapshot: omNode-1->omNode-2#0-t6,notify:(t:6, i:59)
2022-09-29 01:23:45,124 [grpc-default-executor-1] INFO  impl.SnapshotInstallationHandler (SnapshotInstallationHandler.java:installSnapshot(95)) - omNode-2@group-523986131536: reply installSnapshot: omNode-1<-omNode-2#0:FAIL-t6,IN_PROGRESS
2022-09-29 01:23:45,124 [grpc-default-executor-1] INFO  server.GrpcServerProtocolService (GrpcServerProtocolService.java:onCompleted(140)) - omNode-2: Completed INSTALL_SNAPSHOT, lastRequest: omNode-1->omNode-2#0-t6,notify:(t:6, i:59)
2022-09-29 01:23:45,124 [omNode-2-server-thread1] INFO  server.RaftServer$Division (RaftServerImpl.java:checkInconsistentAppendEntries(1402)) - omNode-2@group-523986131536: Failed appendEntries as snapshot (59) installation is in progress
2022-09-29 01:23:45,125 [omNode-2-server-thread1] INFO  server.RaftServer$Division (RaftServerImpl.java:checkInconsistentAppendEntries(1394)) - omNode-2@group-523986131536: inconsistency entries. Reply:omNode-1<-omNode-2#406:FAIL-t6,INCONSISTENCY,nextIndex=57,followerCommit=56
2022-09-29 01:23:45,125 [grpc-default-executor-1] INFO  server.GrpcLogAppender (GrpcLogAppender.java:onNext(403)) - omNode-1@group-523986131536->omNode-2-InstallSnapshotResponseHandler: received a reply omNode-1<-omNode-2#0:FAIL-t6,IN_PROGRESS
2022-09-29 01:23:45,125 [grpc-default-executor-1] INFO  server.GrpcLogAppender (GrpcLogAppender.java:onNext(421)) - omNode-1@group-523986131536->omNode-2-InstallSnapshotResponseHandler: InstallSnapshot in progress.
2022-09-29 01:23:45,125 [omNode-1@group-523986131536->omNode-2-GrpcLogAppender-LogAppenderDaemon] INFO  server.GrpcLogAppender (GrpcLogAppender.java:installSnapshot(541)) - omNode-1@group-523986131536->omNode-2-GrpcLogAppender: followerNextIndex = 57 but logStartIndex = 59, notify follower to install snapshot-(t:6, i:59)
2022-09-29 01:23:45,126 [omNode-1@group-523986131536->omNode-2-GrpcLogAppender-LogAppenderDaemon] INFO  server.GrpcLogAppender (GrpcLogAppender.java:installSnapshot(549)) - omNode-1@group-523986131536->omNode-2-GrpcLogAppender: send omNode-1->omNode-2#0-t6,notify:(t:6, i:59)
2022-09-29 01:23:45,126 [grpc-default-executor-3] INFO  leader.FollowerInfo (FollowerInfoImpl.java:lambda$new$0(48)) - omNode-1@group-523986131536->omNode-2: nextIndex: updateUnconditionally 57 -> 57
2022-09-29 01:23:45,130 [grpc-default-executor-1] INFO  impl.SnapshotInstallationHandler (SnapshotInstallationHandler.java:installSnapshot(84)) - omNode-2@group-523986131536: receive installSnapshot: omNode-1->omNode-2#0-t6,notify:(t:6, i:59)
2022-09-29 01:23:45,130 [grpc-default-executor-1] INFO  impl.SnapshotInstallationHandler (SnapshotInstallationHandler.java:installSnapshot(95)) - omNode-2@group-523986131536: reply installSnapshot: omNode-1<-omNode-2#0:FAIL-t6,IN_PROGRESS
2022-09-29 01:23:45,130 [grpc-default-executor-1] INFO  server.GrpcServerProtocolService (GrpcServerProtocolService.java:onCompleted(140)) - omNode-2: Completed INSTALL_SNAPSHOT, lastRequest: omNode-1->omNode-2#0-t6,notify:(t:6, i:59)
2022-09-29 01:23:45,131 [omNode-2-server-thread1] INFO  server.RaftServer$Division (RaftServerImpl.java:checkInconsistentAppendEntries(1402)) - omNode-2@group-523986131536: Failed appendEntries as snapshot (59) installation is in progress
2022-09-29 01:23:45,131 [omNode-2-server-thread1] INFO  server.RaftServer$Division (RaftServerImpl.java:checkInconsistentAppendEntries(1394)) - omNode-2@group-523986131536: inconsistency entries. Reply:omNode-1<-omNode-2#407:FAIL-t6,INCONSISTENCY,nextIndex=57,followerCommit=56
2022-09-29 01:23:45,131 [grpc-default-executor-2] INFO  server.GrpcLogAppender (GrpcLogAppender.java:onNext(403)) - omNode-1@group-523986131536->omNode-2-InstallSnapshotResponseHandler: received a reply omNode-1<-omNode-2#0:FAIL-t6,IN_PROGRESS
2022-09-29 01:23:45,131 [grpc-default-executor-2] INFO  server.GrpcLogAppender (GrpcLogAppender.java:onNext(421)) - omNode-1@group-523986131536->omNode-2-InstallSnapshotResponseHandler: InstallSnapshot in progress.
2022-09-29 01:23:45,132 [grpc-default-executor-2] INFO  leader.FollowerInfo (FollowerInfoImpl.java:lambda$new$0(48)) - omNode-1@group-523986131536->omNode-2: nextIndex: updateUnconditionally 57 -> 57
2022-09-29 01:23:45,132 [omNode-1@group-523986131536->omNode-2-GrpcLogAppender-LogAppenderDaemon] INFO  server.GrpcLogAppender (GrpcLogAppender.java:installSnapshot(541)) - omNode-1@group-523986131536->omNode-2-GrpcLogAppender: followerNextIndex = 57 but logStartIndex = 59, notify follower to install snapshot-(t:6, i:59)
2022-09-29 01:23:45,132 [omNode-1@group-523986131536->omNode-2-GrpcLogAppender-LogAppenderDaemon] INFO  server.GrpcLogAppender (GrpcLogAppender.java:installSnapshot(549)) - omNode-1@group-523986131536->omNode-2-GrpcLogAppender: send omNode-1->omNode-2#0-t6,notify:(t:6, i:59)
2022-09-29 01:23:45,134 [omNode-2-server-thread1] INFO  server.RaftServer$Division (RaftServerImpl.java:checkInconsistentAppendEntries(1402)) - omNode-2@group-523986131536: Failed appendEntries as snapshot (59) installation is in progress
2022-09-29 01:23:45,134 [grpc-default-executor-2] INFO  impl.SnapshotInstallationHandler (SnapshotInstallationHandler.java:installSnapshot(84)) - omNode-2@group-523986131536: receive installSnapshot: omNode-1->omNode-2#0-t6,notify:(t:6, i:59)
2022-09-29 01:23:45,134 [omNode-2-server-thread1] INFO  server.RaftServer$Division (RaftServerImpl.java:checkInconsistentAppendEntries(1394)) - omNode-2@group-523986131536: inconsistency entries. Reply:omNode-1<-omNode-2#408:FAIL-t6,INCONSISTENCY,nextIndex=57,followerCommit=56
2022-09-29 01:23:45,134 [grpc-default-executor-2] INFO  impl.SnapshotInstallationHandler (SnapshotInstallationHandler.java:installSnapshot(95)) - omNode-2@group-523986131536: reply installSnapshot: omNode-1<-omNode-2#0:FAIL-t6,IN_PROGRESS
2022-09-29 01:23:45,135 [grpc-default-executor-2] INFO  server.GrpcServerProtocolService (GrpcServerProtocolService.java:onCompleted(140)) - omNode-2: Completed INSTALL_SNAPSHOT, lastRequest: omNode-1->omNode-2#0-t6,notify:(t:6, i:59)
2022-09-29 01:23:45,135 [grpc-default-executor-3] INFO  server.GrpcLogAppender (GrpcLogAppender.java:onNext(403)) - omNode-1@group-523986131536->omNode-2-InstallSnapshotResponseHandler: received a reply omNode-1<-omNode-2#0:FAIL-t6,IN_PROGRESS
2022-09-29 01:23:45,135 [grpc-default-executor-3] INFO  server.GrpcLogAppender (GrpcLogAppender.java:onNext(421)) - omNode-1@group-523986131536->omNode-2-InstallSnapshotResponseHandler: InstallSnapshot in progress.
2022-09-29 01:23:45,135 [omNode-1@group-523986131536->omNode-2-GrpcLogAppender-LogAppenderDaemon] INFO  server.GrpcLogAppender (GrpcLogAppender.java:installSnapshot(541)) - omNode-1@group-523986131536->omNode-2-GrpcLogAppender: followerNextIndex = 57 but logStartIndex = 59, notify follower to install snapshot-(t:6, i:59)
2022-09-29 01:23:45,135 [omNode-1@group-523986131536->omNode-2-GrpcLogAppender-LogAppenderDaemon] INFO  server.GrpcLogAppender (GrpcLogAppender.java:installSnapshot(549)) - omNode-1@group-523986131536->omNode-2-GrpcLogAppender: send omNode-1->omNode-2#0-t6,notify:(t:6, i:59)
2022-09-29 01:23:45,136 [grpc-default-executor-3] INFO  leader.FollowerInfo (FollowerInfoImpl.java:lambda$new$0(48)) - omNode-1@group-523986131536->omNode-2: nextIndex: updateUnconditionally 57 -> 57
2022-09-29 01:23:45,136 [grpc-default-executor-3] INFO  impl.SnapshotInstallationHandler (SnapshotInstallationHandler.java:installSnapshot(84)) - omNode-2@group-523986131536: receive installSnapshot: omNode-1->omNode-2#0-t6,notify:(t:6, i:59)
2022-09-29 01:23:45,137 [grpc-default-executor-3] INFO  impl.SnapshotInstallationHandler (SnapshotInstallationHandler.java:installSnapshot(95)) - omNode-2@group-523986131536: reply installSnapshot: omNode-1<-omNode-2#0:FAIL-t6,IN_PROGRESS
2022-09-29 01:23:45,137 [grpc-default-executor-3] INFO  server.GrpcServerProtocolService (GrpcServerProtocolService.java:onCompleted(140)) - omNode-2: Completed INSTALL_SNAPSHOT, lastRequest: omNode-1->omNode-2#0-t6,notify:(t:6, i:59)
2022-09-29 01:23:45,137 [omNode-2-server-thread1] INFO  server.RaftServer$Division (RaftServerImpl.java:checkInconsistentAppendEntries(1402)) - omNode-2@group-523986131536: Failed appendEntries as snapshot (59) installation is in progress
2022-09-29 01:23:45,137 [omNode-2-server-thread1] INFO  server.RaftServer$Division (RaftServerImpl.java:checkInconsistentAppendEntries(1394)) - omNode-2@group-523986131536: inconsistency entries. Reply:omNode-1<-omNode-2#409:FAIL-t6,INCONSISTENCY,nextIndex=57,followerCommit=56
2022-09-29 01:23:45,137 [grpc-default-executor-2] INFO  server.GrpcLogAppender (GrpcLogAppender.java:onNext(403)) - omNode-1@group-523986131536->omNode-2-InstallSnapshotResponseHandler: received a reply omNode-1<-omNode-2#0:FAIL-t6,IN_PROGRESS
2022-09-29 01:23:45,137 [grpc-default-executor-2] INFO  server.GrpcLogAppender (GrpcLogAppender.java:onNext(421)) - omNode-1@group-523986131536->omNode-2-InstallSnapshotResponseHandler: InstallSnapshot in progress.
2022-09-29 01:23:45,138 [omNode-1@group-523986131536->omNode-2-GrpcLogAppender-LogAppenderDaemon] INFO  server.GrpcLogAppender (GrpcLogAppender.java:installSnapshot(541)) - omNode-1@group-523986131536->omNode-2-GrpcLogAppender: followerNextIndex = 57 but logStartIndex = 59, notify follower to install snapshot-(t:6, i:59)
2022-09-29 01:23:45,138 [omNode-1@group-523986131536->omNode-2-GrpcLogAppender-LogAppenderDaemon] INFO  server.GrpcLogAppender (GrpcLogAppender.java:installSnapshot(549)) - omNode-1@group-523986131536->omNode-2-GrpcLogAppender: send omNode-1->omNode-2#0-t6,notify:(t:6, i:59)
2022-09-29 01:23:45,138 [omNode-2-server-thread1] INFO  server.RaftServer$Division (RaftServerImpl.java:checkInconsistentAppendEntries(1402)) - omNode-2@group-523986131536: Failed appendEntries as snapshot (59) installation is in progress
2022-09-29 01:23:45,139 [omNode-2-server-thread1] INFO  server.RaftServer$Division (RaftServerImpl.java:checkInconsistentAppendEntries(1394)) - omNode-2@group-523986131536: inconsistency entries. Reply:omNode-1<-omNode-2#410:FAIL-t6,INCONSISTENCY,nextIndex=57,followerCommit=56
2022-09-29 01:23:45,139 [grpc-default-executor-2] INFO  impl.SnapshotInstallationHandler (SnapshotInstallationHandler.java:installSnapshot(84)) - omNode-2@group-523986131536: receive installSnapshot: omNode-1->omNode-2#0-t6,notify:(t:6, i:59)
2022-09-29 01:23:45,139 [grpc-default-executor-2] INFO  impl.SnapshotInstallationHandler (SnapshotInstallationHandler.java:installSnapshot(95)) - omNode-2@group-523986131536: reply installSnapshot: omNode-1<-omNode-2#0:FAIL-t6,IN_PROGRESS
2022-09-29 01:23:45,139 [grpc-default-executor-2] INFO  server.GrpcServerProtocolService (GrpcServerProtocolService.java:onCompleted(140)) - omNode-2: Completed INSTALL_SNAPSHOT, lastRequest: omNode-1->omNode-2#0-t6,notify:(t:6, i:59)
2022-09-29 01:23:45,139 [grpc-default-executor-3] INFO  leader.FollowerInfo (FollowerInfoImpl.java:lambda$new$0(48)) - omNode-1@group-523986131536->omNode-2: nextIndex: updateUnconditionally 57 -> 57
2022-09-29 01:23:45,140 [grpc-default-executor-3] INFO  server.GrpcLogAppender (GrpcLogAppender.java:onNext(403)) - omNode-1@group-523986131536->omNode-2-InstallSnapshotResponseHandler: received a reply omNode-1<-omNode-2#0:FAIL-t6,IN_PROGRESS
2022-09-29 01:23:45,140 [grpc-default-executor-3] INFO  server.GrpcLogAppender (GrpcLogAppender.java:onNext(421)) - omNode-1@group-523986131536->omNode-2-InstallSnapshotResponseHandler: InstallSnapshot in progress.
2022-09-29 01:23:45,140 [omNode-1@group-523986131536->omNode-2-GrpcLogAppender-LogAppenderDaemon] INFO  server.GrpcLogAppender (GrpcLogAppender.java:installSnapshot(541)) - omNode-1@group-523986131536->omNode-2-GrpcLogAppender: followerNextIndex = 57 but logStartIndex = 59, notify follower to install snapshot-(t:6, i:59)
2022-09-29 01:23:45,140 [omNode-1@group-523986131536->omNode-2-GrpcLogAppender-LogAppenderDaemon] INFO  server.GrpcLogAppender (GrpcLogAppender.java:installSnapshot(549)) - omNode-1@group-523986131536->omNode-2-GrpcLogAppender: send omNode-1->omNode-2#0-t6,notify:(t:6, i:59)
2022-09-29 01:23:45,141 [grpc-default-executor-3] INFO  impl.SnapshotInstallationHandler (SnapshotInstallationHandler.java:installSnapshot(84)) - omNode-2@group-523986131536: receive installSnapshot: omNode-1->omNode-2#0-t6,notify:(t:6, i:59)
2022-09-29 01:23:45,141 [grpc-default-executor-3] INFO  impl.SnapshotInstallationHandler (SnapshotInstallationHandler.java:installSnapshot(95)) - omNode-2@group-523986131536: reply installSnapshot: omNode-1<-omNode-2#0:FAIL-t6,IN_PROGRESS
2022-09-29 01:23:45,141 [grpc-default-executor-3] INFO  server.GrpcServerProtocolService (GrpcServerProtocolService.java:onCompleted(140)) - omNode-2: Completed INSTALL_SNAPSHOT, lastRequest: omNode-1->omNode-2#0-t6,notify:(t:6, i:59)
2022-09-29 01:23:45,141 [omNode-2-server-thread1] INFO  server.RaftServer$Division (RaftServerImpl.java:checkInconsistentAppendEntries(1402)) - omNode-2@group-523986131536: Failed appendEntries as snapshot (59) installation is in progress
2022-09-29 01:23:45,142 [omNode-2-server-thread1] INFO  server.RaftServer$Division (RaftServerImpl.java:checkInconsistentAppendEntries(1394)) - omNode-2@group-523986131536: inconsistency entries. Reply:omNode-1<-omNode-2#411:FAIL-t6,INCONSISTENCY,nextIndex=57,followerCommit=56
2022-09-29 01:23:45,142 [grpc-default-executor-3] INFO  leader.FollowerInfo (FollowerInfoImpl.java:lambda$new$0(48)) - omNode-1@group-523986131536->omNode-2: nextIndex: updateUnconditionally 57 -> 57
2022-09-29 01:23:45,142 [grpc-default-executor-2] INFO  server.GrpcLogAppender (GrpcLogAppender.java:onNext(403)) - omNode-1@group-523986131536->omNode-2-InstallSnapshotResponseHandler: received a reply omNode-1<-omNode-2#0:FAIL-t6,IN_PROGRESS
2022-09-29 01:23:45,142 [grpc-default-executor-2] INFO  server.GrpcLogAppender (GrpcLogAppender.java:onNext(421)) - omNode-1@group-523986131536->omNode-2-InstallSnapshotResponseHandler: InstallSnapshot in progress.
2022-09-29 01:23:45,142 [omNode-1@group-523986131536->omNode-2-GrpcLogAppender-LogAppenderDaemon] INFO  server.GrpcLogAppender (GrpcLogAppender.java:installSnapshot(541)) - omNode-1@group-523986131536->omNode-2-GrpcLogAppender: followerNextIndex = 57 but logStartIndex = 59, notify follower to install snapshot-(t:6, i:59)
2022-09-29 01:23:45,142 [omNode-1@group-523986131536->omNode-2-GrpcLogAppender-LogAppenderDaemon] INFO  server.GrpcLogAppender (GrpcLogAppender.java:installSnapshot(549)) - omNode-1@group-523986131536->omNode-2-GrpcLogAppender: send omNode-1->omNode-2#0-t6,notify:(t:6, i:59)
2022-09-29 01:23:45,143 [grpc-default-executor-2] INFO  leader.FollowerInfo (FollowerInfoImpl.java:lambda$new$0(48)) - omNode-1@group-523986131536->omNode-2: nextIndex: updateUnconditionally 57 -> 57
2022-09-29 01:23:45,143 [grpc-default-executor-2] INFO  impl.SnapshotInstallationHandler (SnapshotInstallationHandler.java:installSnapshot(84)) - omNode-2@group-523986131536: receive installSnapshot: omNode-1->omNode-2#0-t6,notify:(t:6, i:59)
2022-09-29 01:23:45,144 [grpc-default-executor-2] INFO  impl.SnapshotInstallationHandler (SnapshotInstallationHandler.java:installSnapshot(95)) - omNode-2@group-523986131536: reply installSnapshot: omNode-1<-omNode-2#0:FAIL-t6,IN_PROGRESS
2022-09-29 01:23:45,144 [grpc-default-executor-2] INFO  server.GrpcServerProtocolService (GrpcServerProtocolService.java:onCompleted(140)) - omNode-2: Completed INSTALL_SNAPSHOT, lastRequest: omNode-1->omNode-2#0-t6,notify:(t:6, i:59)
2022-09-29 01:23:45,144 [omNode-2-server-thread1] INFO  server.RaftServer$Division (RaftServerImpl.java:checkInconsistentAppendEntries(1402)) - omNode-2@group-523986131536: Failed appendEntries as snapshot (59) installation is in progress
2022-09-29 01:23:45,144 [omNode-2-server-thread1] INFO  server.RaftServer$Division (RaftServerImpl.java:checkInconsistentAppendEntries(1394)) - omNode-2@group-523986131536: inconsistency entries. Reply:omNode-1<-omNode-2#412:FAIL-t6,INCONSISTENCY,nextIndex=57,followerCommit=56
2022-09-29 01:23:45,144 [grpc-default-executor-2] INFO  server.GrpcLogAppender (GrpcLogAppender.java:onNext(403)) - omNode-1@group-523986131536->omNode-2-InstallSnapshotResponseHandler: received a reply omNode-1<-omNode-2#0:FAIL-t6,IN_PROGRESS
2022-09-29 01:23:45,144 [grpc-default-executor-2] INFO  server.GrpcLogAppender (GrpcLogAppender.java:onNext(421)) - omNode-1@group-523986131536->omNode-2-InstallSnapshotResponseHandler: InstallSnapshot in progress.
2022-09-29 01:23:45,145 [omNode-1@group-523986131536->omNode-2-GrpcLogAppender-LogAppenderDaemon] INFO  server.GrpcLogAppender (GrpcLogAppender.java:installSnapshot(541)) - omNode-1@group-523986131536->omNode-2-GrpcLogAppender: followerNextIndex = 57 but logStartIndex = 59, notify follower to install snapshot-(t:6, i:59)
2022-09-29 01:23:45,145 [omNode-1@group-523986131536->omNode-2-GrpcLogAppender-LogAppenderDaemon] INFO  server.GrpcLogAppender (GrpcLogAppender.java:installSnapshot(549)) - omNode-1@group-523986131536->omNode-2-GrpcLogAppender: send omNode-1->omNode-2#0-t6,notify:(t:6, i:59)
2022-09-29 01:23:45,145 [omNode-2-server-thread1] INFO  server.RaftServer$Division (RaftServerImpl.java:checkInconsistentAppendEntries(1402)) - omNode-2@group-523986131536: Failed appendEntries as snapshot (59) installation is in progress
2022-09-29 01:23:45,145 [omNode-2-server-thread1] INFO  server.RaftServer$Division (RaftServerImpl.java:checkInconsistentAppendEntries(1394)) - omNode-2@group-523986131536: inconsistency entries. Reply:omNode-1<-omNode-2#413:FAIL-t6,INCONSISTENCY,nextIndex=57,followerCommit=56
2022-09-29 01:23:45,146 [grpc-default-executor-2] INFO  impl.SnapshotInstallationHandler (SnapshotInstallationHandler.java:installSnapshot(84)) - omNode-2@group-523986131536: receive installSnapshot: omNode-1->omNode-2#0-t6,notify:(t:6, i:59)
2022-09-29 01:23:45,146 [grpc-default-executor-2] INFO  impl.SnapshotInstallationHandler (SnapshotInstallationHandler.java:installSnapshot(95)) - omNode-2@group-523986131536: reply installSnapshot: omNode-1<-omNode-2#0:FAIL-t6,IN_PROGRESS
2022-09-29 01:23:45,146 [grpc-default-executor-2] INFO  server.GrpcServerProtocolService (GrpcServerProtocolService.java:onCompleted(140)) - omNode-2: Completed INSTALL_SNAPSHOT, lastRequest: omNode-1->omNode-2#0-t6,notify:(t:6, i:59)
2022-09-29 01:23:45,146 [grpc-default-executor-3] INFO  leader.FollowerInfo (FollowerInfoImpl.java:lambda$new$0(48)) - omNode-1@group-523986131536->omNode-2: nextIndex: updateUnconditionally 57 -> 57
2022-09-29 01:23:45,147 [grpc-default-executor-3] INFO  server.GrpcLogAppender (GrpcLogAppender.java:onNext(403)) - omNode-1@group-523986131536->omNode-2-InstallSnapshotResponseHandler: received a reply omNode-1<-omNode-2#0:FAIL-t6,IN_PROGRESS
2022-09-29 01:23:45,147 [grpc-default-executor-3] INFO  server.GrpcLogAppender (GrpcLogAppender.java:onNext(421)) - omNode-1@group-523986131536->omNode-2-InstallSnapshotResponseHandler: InstallSnapshot in progress.
2022-09-29 01:23:45,147 [omNode-1@group-523986131536->omNode-2-GrpcLogAppender-LogAppenderDaemon] INFO  server.GrpcLogAppender (GrpcLogAppender.java:installSnapshot(541)) - omNode-1@group-523986131536->omNode-2-GrpcLogAppender: followerNextIndex = 57 but logStartIndex = 59, notify follower to install snapshot-(t:6, i:59)
2022-09-29 01:23:45,147 [omNode-1@group-523986131536->omNode-2-GrpcLogAppender-LogAppenderDaemon] INFO  server.GrpcLogAppender (GrpcLogAppender.java:installSnapshot(549)) - omNode-1@group-523986131536->omNode-2-GrpcLogAppender: send omNode-1->omNode-2#0-t6,notify:(t:6, i:59)
2022-09-29 01:23:45,148 [grpc-default-executor-3] INFO  impl.SnapshotInstallationHandler (SnapshotInstallationHandler.java:installSnapshot(84)) - omNode-2@group-523986131536: receive installSnapshot: omNode-1->omNode-2#0-t6,notify:(t:6, i:59)
2022-09-29 01:23:45,148 [grpc-default-executor-3] INFO  impl.SnapshotInstallationHandler (SnapshotInstallationHandler.java:installSnapshot(95)) - omNode-2@group-523986131536: reply installSnapshot: omNode-1<-omNode-2#0:FAIL-t6,IN_PROGRESS
2022-09-29 01:23:45,148 [grpc-default-executor-3] INFO  server.GrpcServerProtocolService (GrpcServerProtocolService.java:onCompleted(140)) - omNode-2: Completed INSTALL_SNAPSHOT, lastRequest: omNode-1->omNode-2#0-t6,notify:(t:6, i:59)
2022-09-29 01:23:45,148 [omNode-2-server-thread1] INFO  server.RaftServer$Division (RaftServerImpl.java:checkInconsistentAppendEntries(1402)) - omNode-2@group-523986131536: Failed appendEntries as snapshot (59) installation is in progress
2022-09-29 01:23:45,148 [grpc-default-executor-3] INFO  leader.FollowerInfo (FollowerInfoImpl.java:lambda$new$0(48)) - omNode-1@group-523986131536->omNode-2: nextIndex: updateUnconditionally 57 -> 57
2022-09-29 01:23:45,148 [omNode-2-server-thread1] INFO  server.RaftServer$Division (RaftServerImpl.java:checkInconsistentAppendEntries(1394)) - omNode-2@group-523986131536: inconsistency entries. Reply:omNode-1<-omNode-2#414:FAIL-t6,INCONSISTENCY,nextIndex=57,followerCommit=56
2022-09-29 01:23:45,149 [grpc-default-executor-2] INFO  server.GrpcLogAppender (GrpcLogAppender.java:onNext(403)) - omNode-1@group-523986131536->omNode-2-InstallSnapshotResponseHandler: received a reply omNode-1<-omNode-2#0:FAIL-t6,IN_PROGRESS
2022-09-29 01:23:45,149 [grpc-default-executor-2] INFO  server.GrpcLogAppender (GrpcLogAppender.java:onNext(421)) - omNode-1@group-523986131536->omNode-2-InstallSnapshotResponseHandler: InstallSnapshot in progress.
2022-09-29 01:23:45,149 [omNode-1@group-523986131536->omNode-2-GrpcLogAppender-LogAppenderDaemon] INFO  server.GrpcLogAppender (GrpcLogAppender.java:installSnapshot(541)) - omNode-1@group-523986131536->omNode-2-GrpcLogAppender: followerNextIndex = 57 but logStartIndex = 59, notify follower to install snapshot-(t:6, i:59)
2022-09-29 01:23:45,149 [omNode-1@group-523986131536->omNode-2-GrpcLogAppender-LogAppenderDaemon] INFO  server.GrpcLogAppender (GrpcLogAppender.java:installSnapshot(549)) - omNode-1@group-523986131536->omNode-2-GrpcLogAppender: send omNode-1->omNode-2#0-t6,notify:(t:6, i:59)
2022-09-29 01:23:45,150 [grpc-default-executor-2] INFO  leader.FollowerInfo (FollowerInfoImpl.java:lambda$new$0(48)) - omNode-1@group-523986131536->omNode-2: nextIndex: updateUnconditionally 57 -> 57
2022-09-29 01:23:45,150 [omNode-2-server-thread1] INFO  server.RaftServer$Division (RaftServerImpl.java:checkInconsistentAppendEntries(1402)) - omNode-2@group-523986131536: Failed appendEntries as snapshot (59) installation is in progress
2022-09-29 01:23:45,150 [omNode-2-server-thread1] INFO  server.RaftServer$Division (RaftServerImpl.java:checkInconsistentAppendEntries(1394)) - omNode-2@group-523986131536: inconsistency entries. Reply:omNode-1<-omNode-2#415:FAIL-t6,INCONSISTENCY,nextIndex=57,followerCommit=56
2022-09-29 01:23:45,150 [grpc-default-executor-2] INFO  impl.SnapshotInstallationHandler (SnapshotInstallationHandler.java:installSnapshot(84)) - omNode-2@group-523986131536: receive installSnapshot: omNode-1->omNode-2#0-t6,notify:(t:6, i:59)
2022-09-29 01:23:45,150 [grpc-default-executor-2] INFO  impl.SnapshotInstallationHandler (SnapshotInstallationHandler.java:installSnapshot(95)) - omNode-2@group-523986131536: reply installSnapshot: omNode-1<-omNode-2#0:FAIL-t6,IN_PROGRESS
2022-09-29 01:23:45,151 [grpc-default-executor-2] INFO  server.GrpcServerProtocolService (GrpcServerProtocolService.java:onCompleted(140)) - omNode-2: Completed INSTALL_SNAPSHOT, lastRequest: omNode-1->omNode-2#0-t6,notify:(t:6, i:59)
2022-09-29 01:23:45,152 [grpc-default-executor-3] INFO  server.GrpcLogAppender (GrpcLogAppender.java:onNext(403)) - omNode-1@group-523986131536->omNode-2-InstallSnapshotResponseHandler: received a reply omNode-1<-omNode-2#0:FAIL-t6,IN_PROGRESS
2022-09-29 01:23:45,152 [grpc-default-executor-3] INFO  server.GrpcLogAppender (GrpcLogAppender.java:onNext(421)) - omNode-1@group-523986131536->omNode-2-InstallSnapshotResponseHandler: InstallSnapshot in progress.
2022-09-29 01:23:45,152 [omNode-1@group-523986131536->omNode-2-GrpcLogAppender-LogAppenderDaemon] INFO  server.GrpcLogAppender (GrpcLogAppender.java:installSnapshot(541)) - omNode-1@group-523986131536->omNode-2-GrpcLogAppender: followerNextIndex = 57 but logStartIndex = 59, notify follower to install snapshot-(t:6, i:59)
2022-09-29 01:23:45,153 [omNode-1@group-523986131536->omNode-2-GrpcLogAppender-LogAppenderDaemon] INFO  server.GrpcLogAppender (GrpcLogAppender.java:installSnapshot(549)) - omNode-1@group-523986131536->omNode-2-GrpcLogAppender: send omNode-1->omNode-2#0-t6,notify:(t:6, i:59)
2022-09-29 01:23:45,153 [grpc-default-executor-3] INFO  leader.FollowerInfo (FollowerInfoImpl.java:lambda$new$0(48)) - omNode-1@group-523986131536->omNode-2: nextIndex: updateUnconditionally 57 -> 57
2022-09-29 01:23:45,153 [grpc-default-executor-3] INFO  impl.SnapshotInstallationHandler (SnapshotInstallationHandler.java:installSnapshot(84)) - omNode-2@group-523986131536: receive installSnapshot: omNode-1->omNode-2#0-t6,notify:(t:6, i:59)
2022-09-29 01:23:45,154 [grpc-default-executor-3] INFO  impl.SnapshotInstallationHandler (SnapshotInstallationHandler.java:installSnapshot(95)) - omNode-2@group-523986131536: reply installSnapshot: omNode-1<-omNode-2#0:FAIL-t6,IN_PROGRESS
2022-09-29 01:23:45,154 [grpc-default-executor-3] INFO  server.GrpcServerProtocolService (GrpcServerProtocolService.java:onCompleted(140)) - omNode-2: Completed INSTALL_SNAPSHOT, lastRequest: omNode-1->omNode-2#0-t6,notify:(t:6, i:59)
2022-09-29 01:23:45,154 [omNode-2-server-thread1] INFO  server.RaftServer$Division (RaftServerImpl.java:checkInconsistentAppendEntries(1402)) - omNode-2@group-523986131536: Failed appendEntries as snapshot (59) installation is in progress
2022-09-29 01:23:45,154 [omNode-2-server-thread1] INFO  server.RaftServer$Division (RaftServerImpl.java:checkInconsistentAppendEntries(1394)) - omNode-2@group-523986131536: inconsistency entries. Reply:omNode-1<-omNode-2#416:FAIL-t6,INCONSISTENCY,nextIndex=57,followerCommit=56
2022-09-29 01:23:45,154 [grpc-default-executor-2] INFO  server.GrpcLogAppender (GrpcLogAppender.java:onNext(403)) - omNode-1@group-523986131536->omNode-2-InstallSnapshotResponseHandler: received a reply omNode-1<-omNode-2#0:FAIL-t6,IN_PROGRESS
2022-09-29 01:23:45,154 [grpc-default-executor-2] INFO  server.GrpcLogAppender (GrpcLogAppender.java:onNext(421)) - omNode-1@group-523986131536->omNode-2-InstallSnapshotResponseHandler: InstallSnapshot in progress.
2022-09-29 01:23:45,155 [omNode-1@group-523986131536->omNode-2-GrpcLogAppender-LogAppenderDaemon] INFO  server.GrpcLogAppender (GrpcLogAppender.java:installSnapshot(541)) - omNode-1@group-523986131536->omNode-2-GrpcLogAppender: followerNextIndex = 57 but logStartIndex = 59, notify follower to install snapshot-(t:6, i:59)
2022-09-29 01:23:45,155 [omNode-1@group-523986131536->omNode-2-GrpcLogAppender-LogAppenderDaemon] INFO  server.GrpcLogAppender (GrpcLogAppender.java:installSnapshot(549)) - omNode-1@group-523986131536->omNode-2-GrpcLogAppender: send omNode-1->omNode-2#0-t6,notify:(t:6, i:59)
2022-09-29 01:23:45,156 [omNode-2-server-thread1] INFO  server.RaftServer$Division (RaftServerImpl.java:checkInconsistentAppendEntries(1402)) - omNode-2@group-523986131536: Failed appendEntries as snapshot (59) installation is in progress
2022-09-29 01:23:45,156 [omNode-2-server-thread1] INFO  server.RaftServer$Division (RaftServerImpl.java:checkInconsistentAppendEntries(1394)) - omNode-2@group-523986131536: inconsistency entries. Reply:omNode-1<-omNode-2#417:FAIL-t6,INCONSISTENCY,nextIndex=57,followerCommit=56
2022-09-29 01:23:45,156 [grpc-default-executor-2] INFO  impl.SnapshotInstallationHandler (SnapshotInstallationHandler.java:installSnapshot(84)) - omNode-2@group-523986131536: receive installSnapshot: omNode-1->omNode-2#0-t6,notify:(t:6, i:59)
2022-09-29 01:23:45,156 [grpc-default-executor-2] INFO  impl.SnapshotInstallationHandler (SnapshotInstallationHandler.java:installSnapshot(95)) - omNode-2@group-523986131536: reply installSnapshot: omNode-1<-omNode-2#0:FAIL-t6,IN_PROGRESS
2022-09-29 01:23:45,156 [grpc-default-executor-2] INFO  server.GrpcServerProtocolService (GrpcServerProtocolService.java:onCompleted(140)) - omNode-2: Completed INSTALL_SNAPSHOT, lastRequest: omNode-1->omNode-2#0-t6,notify:(t:6, i:59)
2022-09-29 01:23:45,157 [grpc-default-executor-2] INFO  leader.FollowerInfo (FollowerInfoImpl.java:lambda$new$0(48)) - omNode-1@group-523986131536->omNode-2: nextIndex: updateUnconditionally 57 -> 57
2022-09-29 01:23:45,157 [grpc-default-executor-2] INFO  server.GrpcLogAppender (GrpcLogAppender.java:onNext(403)) - omNode-1@group-523986131536->omNode-2-InstallSnapshotResponseHandler: received a reply omNode-1<-omNode-2#0:FAIL-t6,IN_PROGRESS
2022-09-29 01:23:45,157 [grpc-default-executor-2] INFO  server.GrpcLogAppender (GrpcLogAppender.java:onNext(421)) - omNode-1@group-523986131536->omNode-2-InstallSnapshotResponseHandler: InstallSnapshot in progress.
2022-09-29 01:23:45,157 [omNode-1@group-523986131536->omNode-2-GrpcLogAppender-LogAppenderDaemon] INFO  server.GrpcLogAppender (GrpcLogAppender.java:installSnapshot(541)) - omNode-1@group-523986131536->omNode-2-GrpcLogAppender: followerNextIndex = 57 but logStartIndex = 59, notify follower to install snapshot-(t:6, i:59)
2022-09-29 01:23:45,157 [omNode-1@group-523986131536->omNode-2-GrpcLogAppender-LogAppenderDaemon] INFO  server.GrpcLogAppender (GrpcLogAppender.java:installSnapshot(549)) - omNode-1@group-523986131536->omNode-2-GrpcLogAppender: send omNode-1->omNode-2#0-t6,notify:(t:6, i:59)
2022-09-29 01:23:45,158 [grpc-default-executor-2] INFO  leader.FollowerInfo (FollowerInfoImpl.java:lambda$new$0(48)) - omNode-1@group-523986131536->omNode-2: nextIndex: updateUnconditionally 57 -> 57
2022-09-29 01:23:45,167 [grpc-default-executor-3] INFO  impl.SnapshotInstallationHandler (SnapshotInstallationHandler.java:installSnapshot(84)) - omNode-2@group-523986131536: receive installSnapshot: omNode-1->omNode-2#0-t6,notify:(t:6, i:59)
2022-09-29 01:23:45,167 [grpc-default-executor-3] INFO  impl.SnapshotInstallationHandler (SnapshotInstallationHandler.java:installSnapshot(95)) - omNode-2@group-523986131536: reply installSnapshot: omNode-1<-omNode-2#0:FAIL-t6,IN_PROGRESS
2022-09-29 01:23:45,168 [grpc-default-executor-3] INFO  server.GrpcServerProtocolService (GrpcServerProtocolService.java:onCompleted(140)) - omNode-2: Completed INSTALL_SNAPSHOT, lastRequest: omNode-1->omNode-2#0-t6,notify:(t:6, i:59)
2022-09-29 01:23:45,168 [omNode-2-server-thread1] INFO  server.RaftServer$Division (RaftServerImpl.java:checkInconsistentAppendEntries(1402)) - omNode-2@group-523986131536: Failed appendEntries as snapshot (59) installation is in progress
2022-09-29 01:23:45,168 [omNode-2-server-thread1] INFO  server.RaftServer$Division (RaftServerImpl.java:checkInconsistentAppendEntries(1394)) - omNode-2@group-523986131536: inconsistency entries. Reply:omNode-1<-omNode-2#418:FAIL-t6,INCONSISTENCY,nextIndex=57,followerCommit=56
2022-09-29 01:23:45,168 [grpc-default-executor-0] INFO  server.GrpcLogAppender (GrpcLogAppender.java:onNext(403)) - omNode-1@group-523986131536->omNode-2-InstallSnapshotResponseHandler: received a reply omNode-1<-omNode-2#0:FAIL-t6,IN_PROGRESS
2022-09-29 01:23:45,168 [grpc-default-executor-0] INFO  server.GrpcLogAppender (GrpcLogAppender.java:onNext(421)) - omNode-1@group-523986131536->omNode-2-InstallSnapshotResponseHandler: InstallSnapshot in progress.
2022-09-29 01:23:45,169 [omNode-1@group-523986131536->omNode-2-GrpcLogAppender-LogAppenderDaemon] INFO  server.GrpcLogAppender (GrpcLogAppender.java:installSnapshot(541)) - omNode-1@group-523986131536->omNode-2-GrpcLogAppender: followerNextIndex = 57 but logStartIndex = 59, notify follower to install snapshot-(t:6, i:59)
2022-09-29 01:23:45,169 [omNode-1@group-523986131536->omNode-2-GrpcLogAppender-LogAppenderDaemon] INFO  server.GrpcLogAppender (GrpcLogAppender.java:installSnapshot(549)) - omNode-1@group-523986131536->omNode-2-GrpcLogAppender: send omNode-1->omNode-2#0-t6,notify:(t:6, i:59)
2022-09-29 01:23:45,170 [grpc-default-executor-0] INFO  leader.FollowerInfo (FollowerInfoImpl.java:lambda$new$0(48)) - omNode-1@group-523986131536->omNode-2: nextIndex: updateUnconditionally 57 -> 57
2022-09-29 01:23:45,170 [omNode-2-server-thread1] INFO  server.RaftServer$Division (RaftServerImpl.java:checkInconsistentAppendEntries(1402)) - omNode-2@group-523986131536: Failed appendEntries as snapshot (59) installation is in progress
2022-09-29 01:23:45,170 [omNode-2-server-thread1] INFO  server.RaftServer$Division (RaftServerImpl.java:checkInconsistentAppendEntries(1394)) - omNode-2@group-523986131536: inconsistency entries. Reply:omNode-1<-omNode-2#419:FAIL-t6,INCONSISTENCY,nextIndex=57,followerCommit=56
2022-09-29 01:23:45,171 [grpc-default-executor-0] INFO  impl.SnapshotInstallationHandler (SnapshotInstallationHandler.java:installSnapshot(84)) - omNode-2@group-523986131536: receive installSnapshot: omNode-1->omNode-2#0-t6,notify:(t:6, i:59)
2022-09-29 01:23:45,171 [grpc-default-executor-0] INFO  impl.SnapshotInstallationHandler (SnapshotInstallationHandler.java:installSnapshot(95)) - omNode-2@group-523986131536: reply installSnapshot: omNode-1<-omNode-2#0:FAIL-t6,IN_PROGRESS
2022-09-29 01:23:45,172 [grpc-default-executor-0] INFO  server.GrpcServerProtocolService (GrpcServerProtocolService.java:onCompleted(140)) - omNode-2: Completed INSTALL_SNAPSHOT, lastRequest: omNode-1->omNode-2#0-t6,notify:(t:6, i:59)
2022-09-29 01:23:45,173 [grpc-default-executor-0] INFO  leader.FollowerInfo (FollowerInfoImpl.java:lambda$new$0(48)) - omNode-1@group-523986131536->omNode-2: nextIndex: updateUnconditionally 57 -> 57
2022-09-29 01:23:45,173 [grpc-default-executor-2] INFO  server.GrpcLogAppender (GrpcLogAppender.java:onNext(403)) - omNode-1@group-523986131536->omNode-2-InstallSnapshotResponseHandler: received a reply omNode-1<-omNode-2#0:FAIL-t6,IN_PROGRESS
2022-09-29 01:23:45,173 [grpc-default-executor-2] INFO  server.GrpcLogAppender (GrpcLogAppender.java:onNext(421)) - omNode-1@group-523986131536->omNode-2-InstallSnapshotResponseHandler: InstallSnapshot in progress.
2022-09-29 01:23:45,173 [omNode-1@group-523986131536->omNode-2-GrpcLogAppender-LogAppenderDaemon] INFO  server.GrpcLogAppender (GrpcLogAppender.java:installSnapshot(541)) - omNode-1@group-523986131536->omNode-2-GrpcLogAppender: followerNextIndex = 57 but logStartIndex = 59, notify follower to install snapshot-(t:6, i:59)
2022-09-29 01:23:45,173 [omNode-1@group-523986131536->omNode-2-GrpcLogAppender-LogAppenderDaemon] INFO  server.GrpcLogAppender (GrpcLogAppender.java:installSnapshot(549)) - omNode-1@group-523986131536->omNode-2-GrpcLogAppender: send omNode-1->omNode-2#0-t6,notify:(t:6, i:59)
2022-09-29 01:23:45,179 [omNode-2-server-thread1] INFO  server.RaftServer$Division (RaftServerImpl.java:checkInconsistentAppendEntries(1402)) - omNode-2@group-523986131536: Failed appendEntries as snapshot (59) installation is in progress
2022-09-29 01:23:45,179 [omNode-2-server-thread1] INFO  server.RaftServer$Division (RaftServerImpl.java:checkInconsistentAppendEntries(1394)) - omNode-2@group-523986131536: inconsistency entries. Reply:omNode-1<-omNode-2#420:FAIL-t6,INCONSISTENCY,nextIndex=57,followerCommit=56
2022-09-29 01:23:45,180 [grpc-default-executor-2] INFO  impl.SnapshotInstallationHandler (SnapshotInstallationHandler.java:installSnapshot(84)) - omNode-2@group-523986131536: receive installSnapshot: omNode-1->omNode-2#0-t6,notify:(t:6, i:59)
2022-09-29 01:23:45,180 [grpc-default-executor-0] INFO  leader.FollowerInfo (FollowerInfoImpl.java:lambda$new$0(48)) - omNode-1@group-523986131536->omNode-2: nextIndex: updateUnconditionally 57 -> 57
2022-09-29 01:23:45,180 [grpc-default-executor-2] INFO  impl.SnapshotInstallationHandler (SnapshotInstallationHandler.java:installSnapshot(95)) - omNode-2@group-523986131536: reply installSnapshot: omNode-1<-omNode-2#0:FAIL-t6,IN_PROGRESS
2022-09-29 01:23:45,180 [grpc-default-executor-2] INFO  server.GrpcServerProtocolService (GrpcServerProtocolService.java:onCompleted(140)) - omNode-2: Completed INSTALL_SNAPSHOT, lastRequest: omNode-1->omNode-2#0-t6,notify:(t:6, i:59)
2022-09-29 01:23:45,181 [grpc-default-executor-2] INFO  server.GrpcLogAppender (GrpcLogAppender.java:onNext(403)) - omNode-1@group-523986131536->omNode-2-InstallSnapshotResponseHandler: received a reply omNode-1<-omNode-2#0:FAIL-t6,IN_PROGRESS
2022-09-29 01:23:45,181 [grpc-default-executor-2] INFO  server.GrpcLogAppender (GrpcLogAppender.java:onNext(421)) - omNode-1@group-523986131536->omNode-2-InstallSnapshotResponseHandler: InstallSnapshot in progress.
2022-09-29 01:23:45,181 [omNode-1@group-523986131536->omNode-2-GrpcLogAppender-LogAppenderDaemon] INFO  server.GrpcLogAppender (GrpcLogAppender.java:installSnapshot(541)) - omNode-1@group-523986131536->omNode-2-GrpcLogAppender: followerNextIndex = 57 but logStartIndex = 59, notify follower to install snapshot-(t:6, i:59)
2022-09-29 01:23:45,181 [omNode-1@group-523986131536->omNode-2-GrpcLogAppender-LogAppenderDaemon] INFO  server.GrpcLogAppender (GrpcLogAppender.java:installSnapshot(549)) - omNode-1@group-523986131536->omNode-2-GrpcLogAppender: send omNode-1->omNode-2#0-t6,notify:(t:6, i:59)
2022-09-29 01:23:45,183 [omNode-2-server-thread1] INFO  server.RaftServer$Division (RaftServerImpl.java:checkInconsistentAppendEntries(1402)) - omNode-2@group-523986131536: Failed appendEntries as snapshot (59) installation is in progress
2022-09-29 01:23:45,183 [omNode-2-server-thread1] INFO  server.RaftServer$Division (RaftServerImpl.java:checkInconsistentAppendEntries(1394)) - omNode-2@group-523986131536: inconsistency entries. Reply:omNode-1<-omNode-2#421:FAIL-t6,INCONSISTENCY,nextIndex=57,followerCommit=56
2022-09-29 01:23:45,183 [grpc-default-executor-3] INFO  impl.SnapshotInstallationHandler (SnapshotInstallationHandler.java:installSnapshot(84)) - omNode-2@group-523986131536: receive installSnapshot: omNode-1->omNode-2#0-t6,notify:(t:6, i:59)
2022-09-29 01:23:45,183 [grpc-default-executor-3] INFO  impl.SnapshotInstallationHandler (SnapshotInstallationHandler.java:installSnapshot(95)) - omNode-2@group-523986131536: reply installSnapshot: omNode-1<-omNode-2#0:FAIL-t6,IN_PROGRESS
2022-09-29 01:23:45,183 [grpc-default-executor-3] INFO  server.GrpcServerProtocolService (GrpcServerProtocolService.java:onCompleted(140)) - omNode-2: Completed INSTALL_SNAPSHOT, lastRequest: omNode-1->omNode-2#0-t6,notify:(t:6, i:59)
2022-09-29 01:23:45,184 [grpc-default-executor-0] INFO  leader.FollowerInfo (FollowerInfoImpl.java:lambda$new$0(48)) - omNode-1@group-523986131536->omNode-2: nextIndex: updateUnconditionally 57 -> 57
2022-09-29 01:23:45,192 [grpc-default-executor-2] INFO  server.GrpcLogAppender (GrpcLogAppender.java:onNext(403)) - omNode-1@group-523986131536->omNode-2-InstallSnapshotResponseHandler: received a reply omNode-1<-omNode-2#0:FAIL-t6,IN_PROGRESS
2022-09-29 01:23:45,192 [grpc-default-executor-2] INFO  server.GrpcLogAppender (GrpcLogAppender.java:onNext(421)) - omNode-1@group-523986131536->omNode-2-InstallSnapshotResponseHandler: InstallSnapshot in progress.
2022-09-29 01:23:45,192 [omNode-1@group-523986131536->omNode-2-GrpcLogAppender-LogAppenderDaemon] INFO  server.GrpcLogAppender (GrpcLogAppender.java:installSnapshot(541)) - omNode-1@group-523986131536->omNode-2-GrpcLogAppender: followerNextIndex = 57 but logStartIndex = 59, notify follower to install snapshot-(t:6, i:59)
2022-09-29 01:23:45,192 [omNode-1@group-523986131536->omNode-2-GrpcLogAppender-LogAppenderDaemon] INFO  server.GrpcLogAppender (GrpcLogAppender.java:installSnapshot(549)) - omNode-1@group-523986131536->omNode-2-GrpcLogAppender: send omNode-1->omNode-2#0-t6,notify:(t:6, i:59)
2022-09-29 01:23:45,193 [omNode-2-server-thread1] INFO  server.RaftServer$Division (RaftServerImpl.java:checkInconsistentAppendEntries(1402)) - omNode-2@group-523986131536: Failed appendEntries as snapshot (59) installation is in progress
2022-09-29 01:23:45,193 [omNode-2-server-thread1] INFO  server.RaftServer$Division (RaftServerImpl.java:checkInconsistentAppendEntries(1394)) - omNode-2@group-523986131536: inconsistency entries. Reply:omNode-1<-omNode-2#422:FAIL-t6,INCONSISTENCY,nextIndex=57,followerCommit=56
2022-09-29 01:23:45,193 [grpc-default-executor-0] INFO  leader.FollowerInfo (FollowerInfoImpl.java:lambda$new$0(48)) - omNode-1@group-523986131536->omNode-2: nextIndex: updateUnconditionally 57 -> 57
2022-09-29 01:23:45,193 [grpc-default-executor-0] INFO  impl.SnapshotInstallationHandler (SnapshotInstallationHandler.java:installSnapshot(84)) - omNode-2@group-523986131536: receive installSnapshot: omNode-1->omNode-2#0-t6,notify:(t:6, i:59)
2022-09-29 01:23:45,193 [grpc-default-executor-0] INFO  impl.SnapshotInstallationHandler (SnapshotInstallationHandler.java:installSnapshot(95)) - omNode-2@group-523986131536: reply installSnapshot: omNode-1<-omNode-2#0:FAIL-t6,IN_PROGRESS
2022-09-29 01:23:45,194 [grpc-default-executor-0] INFO  server.GrpcServerProtocolService (GrpcServerProtocolService.java:onCompleted(140)) - omNode-2: Completed INSTALL_SNAPSHOT, lastRequest: omNode-1->omNode-2#0-t6,notify:(t:6, i:59)
2022-09-29 01:23:45,194 [grpc-default-executor-2] INFO  server.GrpcLogAppender (GrpcLogAppender.java:onNext(403)) - omNode-1@group-523986131536->omNode-2-InstallSnapshotResponseHandler: received a reply omNode-1<-omNode-2#0:FAIL-t6,IN_PROGRESS
2022-09-29 01:23:45,194 [grpc-default-executor-2] INFO  server.GrpcLogAppender (GrpcLogAppender.java:onNext(421)) - omNode-1@group-523986131536->omNode-2-InstallSnapshotResponseHandler: InstallSnapshot in progress.
2022-09-29 01:23:45,194 [omNode-1@group-523986131536->omNode-2-GrpcLogAppender-LogAppenderDaemon] INFO  server.GrpcLogAppender (GrpcLogAppender.java:installSnapshot(541)) - omNode-1@group-523986131536->omNode-2-GrpcLogAppender: followerNextIndex = 57 but logStartIndex = 59, notify follower to install snapshot-(t:6, i:59)
2022-09-29 01:23:45,194 [omNode-1@group-523986131536->omNode-2-GrpcLogAppender-LogAppenderDaemon] INFO  server.GrpcLogAppender (GrpcLogAppender.java:installSnapshot(549)) - omNode-1@group-523986131536->omNode-2-GrpcLogAppender: send omNode-1->omNode-2#0-t6,notify:(t:6, i:59)
2022-09-29 01:23:45,195 [omNode-2-server-thread1] INFO  server.RaftServer$Division (RaftServerImpl.java:checkInconsistentAppendEntries(1402)) - omNode-2@group-523986131536: Failed appendEntries as snapshot (59) installation is in progress
2022-09-29 01:23:45,195 [omNode-2-server-thread1] INFO  server.RaftServer$Division (RaftServerImpl.java:checkInconsistentAppendEntries(1394)) - omNode-2@group-523986131536: inconsistency entries. Reply:omNode-1<-omNode-2#423:FAIL-t6,INCONSISTENCY,nextIndex=57,followerCommit=56
2022-09-29 01:23:45,196 [grpc-default-executor-0] INFO  impl.SnapshotInstallationHandler (SnapshotInstallationHandler.java:installSnapshot(84)) - omNode-2@group-523986131536: receive installSnapshot: omNode-1->omNode-2#0-t6,notify:(t:6, i:59)
2022-09-29 01:23:45,196 [grpc-default-executor-0] INFO  impl.SnapshotInstallationHandler (SnapshotInstallationHandler.java:installSnapshot(95)) - omNode-2@group-523986131536: reply installSnapshot: omNode-1<-omNode-2#0:FAIL-t6,IN_PROGRESS
2022-09-29 01:23:45,196 [grpc-default-executor-0] INFO  server.GrpcServerProtocolService (GrpcServerProtocolService.java:onCompleted(140)) - omNode-2: Completed INSTALL_SNAPSHOT, lastRequest: omNode-1->omNode-2#0-t6,notify:(t:6, i:59)
2022-09-29 01:23:45,196 [grpc-default-executor-2] INFO  server.GrpcLogAppender (GrpcLogAppender.java:onNext(403)) - omNode-1@group-523986131536->omNode-2-InstallSnapshotResponseHandler: received a reply omNode-1<-omNode-2#0:FAIL-t6,IN_PROGRESS
2022-09-29 01:23:45,197 [grpc-default-executor-2] INFO  server.GrpcLogAppender (GrpcLogAppender.java:onNext(421)) - omNode-1@group-523986131536->omNode-2-InstallSnapshotResponseHandler: InstallSnapshot in progress.
2022-09-29 01:23:45,197 [omNode-1@group-523986131536->omNode-2-GrpcLogAppender-LogAppenderDaemon] INFO  server.GrpcLogAppender (GrpcLogAppender.java:installSnapshot(541)) - omNode-1@group-523986131536->omNode-2-GrpcLogAppender: followerNextIndex = 57 but logStartIndex = 59, notify follower to install snapshot-(t:6, i:59)
2022-09-29 01:23:45,197 [omNode-1@group-523986131536->omNode-2-GrpcLogAppender-LogAppenderDaemon] INFO  server.GrpcLogAppender (GrpcLogAppender.java:installSnapshot(549)) - omNode-1@group-523986131536->omNode-2-GrpcLogAppender: send omNode-1->omNode-2#0-t6,notify:(t:6, i:59)
2022-09-29 01:23:45,197 [omNode-2-server-thread1] INFO  server.RaftServer$Division (RaftServerImpl.java:checkInconsistentAppendEntries(1402)) - omNode-2@group-523986131536: Failed appendEntries as snapshot (59) installation is in progress
2022-09-29 01:23:45,198 [omNode-2-server-thread1] INFO  server.RaftServer$Division (RaftServerImpl.java:checkInconsistentAppendEntries(1394)) - omNode-2@group-523986131536: inconsistency entries. Reply:omNode-1<-omNode-2#424:FAIL-t6,INCONSISTENCY,nextIndex=57,followerCommit=56
2022-09-29 01:23:45,198 [grpc-default-executor-0] INFO  leader.FollowerInfo (FollowerInfoImpl.java:lambda$new$0(48)) - omNode-1@group-523986131536->omNode-2: nextIndex: updateUnconditionally 57 -> 57
2022-09-29 01:23:45,198 [grpc-default-executor-2] INFO  leader.FollowerInfo (FollowerInfoImpl.java:lambda$new$0(48)) - omNode-1@group-523986131536->omNode-2: nextIndex: updateUnconditionally 57 -> 57
2022-09-29 01:23:45,198 [grpc-default-executor-0] INFO  impl.SnapshotInstallationHandler (SnapshotInstallationHandler.java:installSnapshot(84)) - omNode-2@group-523986131536: receive installSnapshot: omNode-1->omNode-2#0-t6,notify:(t:6, i:59)
2022-09-29 01:23:45,198 [grpc-default-executor-0] INFO  impl.SnapshotInstallationHandler (SnapshotInstallationHandler.java:installSnapshot(95)) - omNode-2@group-523986131536: reply installSnapshot: omNode-1<-omNode-2#0:FAIL-t6,IN_PROGRESS
2022-09-29 01:23:45,199 [grpc-default-executor-0] INFO  server.GrpcServerProtocolService (GrpcServerProtocolService.java:onCompleted(140)) - omNode-2: Completed INSTALL_SNAPSHOT, lastRequest: omNode-1->omNode-2#0-t6,notify:(t:6, i:59)
2022-09-29 01:23:45,199 [grpc-default-executor-2] INFO  server.GrpcLogAppender (GrpcLogAppender.java:onNext(403)) - omNode-1@group-523986131536->omNode-2-InstallSnapshotResponseHandler: received a reply omNode-1<-omNode-2#0:FAIL-t6,IN_PROGRESS
2022-09-29 01:23:45,199 [grpc-default-executor-2] INFO  server.GrpcLogAppender (GrpcLogAppender.java:onNext(421)) - omNode-1@group-523986131536->omNode-2-InstallSnapshotResponseHandler: InstallSnapshot in progress.
2022-09-29 01:23:45,199 [omNode-1@group-523986131536->omNode-2-GrpcLogAppender-LogAppenderDaemon] INFO  server.GrpcLogAppender (GrpcLogAppender.java:installSnapshot(541)) - omNode-1@group-523986131536->omNode-2-GrpcLogAppender: followerNextIndex = 57 but logStartIndex = 59, notify follower to install snapshot-(t:6, i:59)
2022-09-29 01:23:45,199 [omNode-1@group-523986131536->omNode-2-GrpcLogAppender-LogAppenderDaemon] INFO  server.GrpcLogAppender (GrpcLogAppender.java:installSnapshot(549)) - omNode-1@group-523986131536->omNode-2-GrpcLogAppender: send omNode-1->omNode-2#0-t6,notify:(t:6, i:59)
2022-09-29 01:23:45,200 [omNode-2-server-thread1] INFO  server.RaftServer$Division (RaftServerImpl.java:checkInconsistentAppendEntries(1402)) - omNode-2@group-523986131536: Failed appendEntries as snapshot (59) installation is in progress
2022-09-29 01:23:45,200 [omNode-2-server-thread1] INFO  server.RaftServer$Division (RaftServerImpl.java:checkInconsistentAppendEntries(1394)) - omNode-2@group-523986131536: inconsistency entries. Reply:omNode-1<-omNode-2#425:FAIL-t6,INCONSISTENCY,nextIndex=57,followerCommit=56
2022-09-29 01:23:45,200 [grpc-default-executor-2] INFO  impl.SnapshotInstallationHandler (SnapshotInstallationHandler.java:installSnapshot(84)) - omNode-2@group-523986131536: receive installSnapshot: omNode-1->omNode-2#0-t6,notify:(t:6, i:59)
2022-09-29 01:23:45,201 [grpc-default-executor-2] INFO  impl.SnapshotInstallationHandler (SnapshotInstallationHandler.java:installSnapshot(95)) - omNode-2@group-523986131536: reply installSnapshot: omNode-1<-omNode-2#0:FAIL-t6,IN_PROGRESS
2022-09-29 01:23:45,201 [grpc-default-executor-2] INFO  server.GrpcServerProtocolService (GrpcServerProtocolService.java:onCompleted(140)) - omNode-2: Completed INSTALL_SNAPSHOT, lastRequest: omNode-1->omNode-2#0-t6,notify:(t:6, i:59)
2022-09-29 01:23:45,201 [grpc-default-executor-3] INFO  leader.FollowerInfo (FollowerInfoImpl.java:lambda$new$0(48)) - omNode-1@group-523986131536->omNode-2: nextIndex: updateUnconditionally 57 -> 57
2022-09-29 01:23:45,202 [grpc-default-executor-2] INFO  server.GrpcLogAppender (GrpcLogAppender.java:onNext(403)) - omNode-1@group-523986131536->omNode-2-InstallSnapshotResponseHandler: received a reply omNode-1<-omNode-2#0:FAIL-t6,IN_PROGRESS
2022-09-29 01:23:45,202 [grpc-default-executor-2] INFO  server.GrpcLogAppender (GrpcLogAppender.java:onNext(421)) - omNode-1@group-523986131536->omNode-2-InstallSnapshotResponseHandler: InstallSnapshot in progress.
2022-09-29 01:23:45,202 [omNode-1@group-523986131536->omNode-2-GrpcLogAppender-LogAppenderDaemon] INFO  server.GrpcLogAppender (GrpcLogAppender.java:installSnapshot(541)) - omNode-1@group-523986131536->omNode-2-GrpcLogAppender: followerNextIndex = 57 but logStartIndex = 59, notify follower to install snapshot-(t:6, i:59)
2022-09-29 01:23:45,202 [omNode-1@group-523986131536->omNode-2-GrpcLogAppender-LogAppenderDaemon] INFO  server.GrpcLogAppender (GrpcLogAppender.java:installSnapshot(549)) - omNode-1@group-523986131536->omNode-2-GrpcLogAppender: send omNode-1->omNode-2#0-t6,notify:(t:6, i:59)
2022-09-29 01:23:45,203 [omNode-2-server-thread1] INFO  server.RaftServer$Division (RaftServerImpl.java:checkInconsistentAppendEntries(1402)) - omNode-2@group-523986131536: Failed appendEntries as snapshot (59) installation is in progress
2022-09-29 01:23:45,203 [omNode-2-server-thread1] INFO  server.RaftServer$Division (RaftServerImpl.java:checkInconsistentAppendEntries(1394)) - omNode-2@group-523986131536: inconsistency entries. Reply:omNode-1<-omNode-2#426:FAIL-t6,INCONSISTENCY,nextIndex=57,followerCommit=56
2022-09-29 01:23:45,203 [grpc-default-executor-2] INFO  impl.SnapshotInstallationHandler (SnapshotInstallationHandler.java:installSnapshot(84)) - omNode-2@group-523986131536: receive installSnapshot: omNode-1->omNode-2#0-t6,notify:(t:6, i:59)
2022-09-29 01:23:45,203 [grpc-default-executor-2] INFO  impl.SnapshotInstallationHandler (SnapshotInstallationHandler.java:installSnapshot(95)) - omNode-2@group-523986131536: reply installSnapshot: omNode-1<-omNode-2#0:FAIL-t6,IN_PROGRESS
2022-09-29 01:23:45,203 [grpc-default-executor-2] INFO  server.GrpcServerProtocolService (GrpcServerProtocolService.java:onCompleted(140)) - omNode-2: Completed INSTALL_SNAPSHOT, lastRequest: omNode-1->omNode-2#0-t6,notify:(t:6, i:59)
2022-09-29 01:23:45,204 [grpc-default-executor-3] INFO  leader.FollowerInfo (FollowerInfoImpl.java:lambda$new$0(48)) - omNode-1@group-523986131536->omNode-2: nextIndex: updateUnconditionally 57 -> 57
2022-09-29 01:23:45,204 [grpc-default-executor-1] INFO  server.GrpcLogAppender (GrpcLogAppender.java:onNext(403)) - omNode-1@group-523986131536->omNode-2-InstallSnapshotResponseHandler: received a reply omNode-1<-omNode-2#0:FAIL-t6,IN_PROGRESS
2022-09-29 01:23:45,204 [grpc-default-executor-1] INFO  server.GrpcLogAppender (GrpcLogAppender.java:onNext(421)) - omNode-1@group-523986131536->omNode-2-InstallSnapshotResponseHandler: InstallSnapshot in progress.
2022-09-29 01:23:45,204 [omNode-1@group-523986131536->omNode-2-GrpcLogAppender-LogAppenderDaemon] INFO  server.GrpcLogAppender (GrpcLogAppender.java:installSnapshot(541)) - omNode-1@group-523986131536->omNode-2-GrpcLogAppender: followerNextIndex = 57 but logStartIndex = 59, notify follower to install snapshot-(t:6, i:59)
2022-09-29 01:23:45,204 [omNode-1@group-523986131536->omNode-2-GrpcLogAppender-LogAppenderDaemon] INFO  server.GrpcLogAppender (GrpcLogAppender.java:installSnapshot(549)) - omNode-1@group-523986131536->omNode-2-GrpcLogAppender: send omNode-1->omNode-2#0-t6,notify:(t:6, i:59)
2022-09-29 01:23:45,205 [omNode-2-server-thread1] INFO  server.RaftServer$Division (RaftServerImpl.java:checkInconsistentAppendEntries(1402)) - omNode-2@group-523986131536: Failed appendEntries as snapshot (59) installation is in progress
2022-09-29 01:23:45,205 [omNode-2-server-thread1] INFO  server.RaftServer$Division (RaftServerImpl.java:checkInconsistentAppendEntries(1394)) - omNode-2@group-523986131536: inconsistency entries. Reply:omNode-1<-omNode-2#427:FAIL-t6,INCONSISTENCY,nextIndex=57,followerCommit=56
2022-09-29 01:23:45,206 [grpc-default-executor-3] INFO  impl.SnapshotInstallationHandler (SnapshotInstallationHandler.java:installSnapshot(84)) - omNode-2@group-523986131536: receive installSnapshot: omNode-1->omNode-2#0-t6,notify:(t:6, i:59)
2022-09-29 01:23:45,206 [grpc-default-executor-3] INFO  impl.SnapshotInstallationHandler (SnapshotInstallationHandler.java:installSnapshot(95)) - omNode-2@group-523986131536: reply installSnapshot: omNode-1<-omNode-2#0:FAIL-t6,IN_PROGRESS
2022-09-29 01:23:45,206 [qtp596910879-1092] INFO  utils.DBCheckpointServlet (DBCheckpointServlet.java:doGet(182)) - Time taken to write the checkpoint to response output stream: 134 milliseconds
2022-09-29 01:23:45,206 [grpc-default-executor-3] INFO  server.GrpcServerProtocolService (GrpcServerProtocolService.java:onCompleted(140)) - omNode-2: Completed INSTALL_SNAPSHOT, lastRequest: omNode-1->omNode-2#0-t6,notify:(t:6, i:59)
2022-09-29 01:23:45,206 [qtp596910879-1092] INFO  db.RocksDBCheckpoint (RocksDBCheckpoint.java:cleanupCheckpoint(78)) - Cleaning up RocksDB checkpoint at /home/runner/work/ozone/ozone/hadoop-ozone/integration-test/target/test-dir/MiniOzoneClusterImpl-a442e60d-e435-415e-98a9-f45e33772b0d/omNode-1/db.checkpoints/om.db_checkpoint_1664414625035
2022-09-29 01:23:45,209 [grpc-default-executor-1] INFO  leader.FollowerInfo (FollowerInfoImpl.java:lambda$new$0(48)) - omNode-1@group-523986131536->omNode-2: nextIndex: updateUnconditionally 57 -> 57
2022-09-29 01:23:45,209 [grpc-default-executor-1] INFO  server.GrpcLogAppender (GrpcLogAppender.java:onNext(403)) - omNode-1@group-523986131536->omNode-2-InstallSnapshotResponseHandler: received a reply omNode-1<-omNode-2#0:FAIL-t6,IN_PROGRESS
2022-09-29 01:23:45,209 [grpc-default-executor-1] INFO  server.GrpcLogAppender (GrpcLogAppender.java:onNext(421)) - omNode-1@group-523986131536->omNode-2-InstallSnapshotResponseHandler: InstallSnapshot in progress.
2022-09-29 01:23:45,209 [omNode-1@group-523986131536->omNode-2-GrpcLogAppender-LogAppenderDaemon] INFO  server.GrpcLogAppender (GrpcLogAppender.java:installSnapshot(541)) - omNode-1@group-523986131536->omNode-2-GrpcLogAppender: followerNextIndex = 57 but logStartIndex = 59, notify follower to install snapshot-(t:6, i:59)
2022-09-29 01:23:45,210 [omNode-1@group-523986131536->omNode-2-GrpcLogAppender-LogAppenderDaemon] INFO  server.GrpcLogAppender (GrpcLogAppender.java:installSnapshot(549)) - omNode-1@group-523986131536->omNode-2-GrpcLogAppender: send omNode-1->omNode-2#0-t6,notify:(t:6, i:59)
2022-09-29 01:23:45,210 [omNode-2-server-thread1] INFO  server.RaftServer$Division (RaftServerImpl.java:checkInconsistentAppendEntries(1402)) - omNode-2@group-523986131536: Failed appendEntries as snapshot (59) installation is in progress
2022-09-29 01:23:45,210 [omNode-2-server-thread1] INFO  server.RaftServer$Division (RaftServerImpl.java:checkInconsistentAppendEntries(1394)) - omNode-2@group-523986131536: inconsistency entries. Reply:omNode-1<-omNode-2#428:FAIL-t6,INCONSISTENCY,nextIndex=57,followerCommit=56
2022-09-29 01:23:45,211 [grpc-default-executor-2] INFO  impl.SnapshotInstallationHandler (SnapshotInstallationHandler.java:installSnapshot(84)) - omNode-2@group-523986131536: receive installSnapshot: omNode-1->omNode-2#0-t6,notify:(t:6, i:59)
2022-09-29 01:23:45,211 [grpc-default-executor-2] INFO  impl.SnapshotInstallationHandler (SnapshotInstallationHandler.java:installSnapshot(95)) - omNode-2@group-523986131536: reply installSnapshot: omNode-1<-omNode-2#0:FAIL-t6,IN_PROGRESS
2022-09-29 01:23:45,211 [grpc-default-executor-2] INFO  server.GrpcServerProtocolService (GrpcServerProtocolService.java:onCompleted(140)) - omNode-2: Completed INSTALL_SNAPSHOT, lastRequest: omNode-1->omNode-2#0-t6,notify:(t:6, i:59)
2022-09-29 01:23:45,211 [grpc-default-executor-1] INFO  leader.FollowerInfo (FollowerInfoImpl.java:lambda$new$0(48)) - omNode-1@group-523986131536->omNode-2: nextIndex: updateUnconditionally 57 -> 57
2022-09-29 01:23:45,212 [grpc-default-executor-1] INFO  server.GrpcLogAppender (GrpcLogAppender.java:onNext(403)) - omNode-1@group-523986131536->omNode-2-InstallSnapshotResponseHandler: received a reply omNode-1<-omNode-2#0:FAIL-t6,IN_PROGRESS
2022-09-29 01:23:45,212 [grpc-default-executor-1] INFO  server.GrpcLogAppender (GrpcLogAppender.java:onNext(421)) - omNode-1@group-523986131536->omNode-2-InstallSnapshotResponseHandler: InstallSnapshot in progress.
2022-09-29 01:23:45,212 [omNode-1@group-523986131536->omNode-2-GrpcLogAppender-LogAppenderDaemon] INFO  server.GrpcLogAppender (GrpcLogAppender.java:installSnapshot(541)) - omNode-1@group-523986131536->omNode-2-GrpcLogAppender: followerNextIndex = 57 but logStartIndex = 59, notify follower to install snapshot-(t:6, i:59)
2022-09-29 01:23:45,212 [omNode-1@group-523986131536->omNode-2-GrpcLogAppender-LogAppenderDaemon] INFO  server.GrpcLogAppender (GrpcLogAppender.java:installSnapshot(549)) - omNode-1@group-523986131536->omNode-2-GrpcLogAppender: send omNode-1->omNode-2#0-t6,notify:(t:6, i:59)
2022-09-29 01:23:45,213 [omNode-2-server-thread1] INFO  server.RaftServer$Division (RaftServerImpl.java:checkInconsistentAppendEntries(1402)) - omNode-2@group-523986131536: Failed appendEntries as snapshot (59) installation is in progress
2022-09-29 01:23:45,213 [omNode-2-server-thread1] INFO  server.RaftServer$Division (RaftServerImpl.java:checkInconsistentAppendEntries(1394)) - omNode-2@group-523986131536: inconsistency entries. Reply:omNode-1<-omNode-2#429:FAIL-t6,INCONSISTENCY,nextIndex=57,followerCommit=56
2022-09-29 01:23:45,213 [grpc-default-executor-3] INFO  impl.SnapshotInstallationHandler (SnapshotInstallationHandler.java:installSnapshot(84)) - omNode-2@group-523986131536: receive installSnapshot: omNode-1->omNode-2#0-t6,notify:(t:6, i:59)
2022-09-29 01:23:45,213 [grpc-default-executor-3] INFO  impl.SnapshotInstallationHandler (SnapshotInstallationHandler.java:installSnapshot(95)) - omNode-2@group-523986131536: reply installSnapshot: omNode-1<-omNode-2#0:FAIL-t6,IN_PROGRESS
2022-09-29 01:23:45,214 [grpc-default-executor-3] INFO  server.GrpcServerProtocolService (GrpcServerProtocolService.java:onCompleted(140)) - omNode-2: Completed INSTALL_SNAPSHOT, lastRequest: omNode-1->omNode-2#0-t6,notify:(t:6, i:59)
2022-09-29 01:23:45,214 [grpc-default-executor-1] INFO  leader.FollowerInfo (FollowerInfoImpl.java:lambda$new$0(48)) - omNode-1@group-523986131536->omNode-2: nextIndex: updateUnconditionally 57 -> 57
2022-09-29 01:23:45,214 [grpc-default-executor-1] INFO  server.GrpcLogAppender (GrpcLogAppender.java:onNext(403)) - omNode-1@group-523986131536->omNode-2-InstallSnapshotResponseHandler: received a reply omNode-1<-omNode-2#0:FAIL-t6,IN_PROGRESS
2022-09-29 01:23:45,214 [grpc-default-executor-1] INFO  server.GrpcLogAppender (GrpcLogAppender.java:onNext(421)) - omNode-1@group-523986131536->omNode-2-InstallSnapshotResponseHandler: InstallSnapshot in progress.
2022-09-29 01:23:45,215 [omNode-1@group-523986131536->omNode-2-GrpcLogAppender-LogAppenderDaemon] INFO  server.GrpcLogAppender (GrpcLogAppender.java:installSnapshot(541)) - omNode-1@group-523986131536->omNode-2-GrpcLogAppender: followerNextIndex = 57 but logStartIndex = 59, notify follower to install snapshot-(t:6, i:59)
2022-09-29 01:23:45,215 [omNode-1@group-523986131536->omNode-2-GrpcLogAppender-LogAppenderDaemon] INFO  server.GrpcLogAppender (GrpcLogAppender.java:installSnapshot(549)) - omNode-1@group-523986131536->omNode-2-GrpcLogAppender: send omNode-1->omNode-2#0-t6,notify:(t:6, i:59)
2022-09-29 01:23:45,215 [omNode-2-server-thread1] INFO  server.RaftServer$Division (RaftServerImpl.java:checkInconsistentAppendEntries(1402)) - omNode-2@group-523986131536: Failed appendEntries as snapshot (59) installation is in progress
2022-09-29 01:23:45,215 [omNode-2-server-thread1] INFO  server.RaftServer$Division (RaftServerImpl.java:checkInconsistentAppendEntries(1394)) - omNode-2@group-523986131536: inconsistency entries. Reply:omNode-1<-omNode-2#430:FAIL-t6,INCONSISTENCY,nextIndex=57,followerCommit=56
2022-09-29 01:23:45,216 [grpc-default-executor-3] INFO  impl.SnapshotInstallationHandler (SnapshotInstallationHandler.java:installSnapshot(84)) - omNode-2@group-523986131536: receive installSnapshot: omNode-1->omNode-2#0-t6,notify:(t:6, i:59)
2022-09-29 01:23:45,216 [grpc-default-executor-3] INFO  impl.SnapshotInstallationHandler (SnapshotInstallationHandler.java:installSnapshot(95)) - omNode-2@group-523986131536: reply installSnapshot: omNode-1<-omNode-2#0:FAIL-t6,IN_PROGRESS
2022-09-29 01:23:45,216 [grpc-default-executor-3] INFO  server.GrpcServerProtocolService (GrpcServerProtocolService.java:onCompleted(140)) - omNode-2: Completed INSTALL_SNAPSHOT, lastRequest: omNode-1->omNode-2#0-t6,notify:(t:6, i:59)
2022-09-29 01:23:45,217 [grpc-default-executor-1] INFO  leader.FollowerInfo (FollowerInfoImpl.java:lambda$new$0(48)) - omNode-1@group-523986131536->omNode-2: nextIndex: updateUnconditionally 57 -> 57
2022-09-29 01:23:45,217 [grpc-default-executor-1] INFO  server.GrpcLogAppender (GrpcLogAppender.java:onNext(403)) - omNode-1@group-523986131536->omNode-2-InstallSnapshotResponseHandler: received a reply omNode-1<-omNode-2#0:FAIL-t6,IN_PROGRESS
2022-09-29 01:23:45,217 [grpc-default-executor-1] INFO  server.GrpcLogAppender (GrpcLogAppender.java:onNext(421)) - omNode-1@group-523986131536->omNode-2-InstallSnapshotResponseHandler: InstallSnapshot in progress.
2022-09-29 01:23:45,217 [omNode-1@group-523986131536->omNode-2-GrpcLogAppender-LogAppenderDaemon] INFO  server.GrpcLogAppender (GrpcLogAppender.java:installSnapshot(541)) - omNode-1@group-523986131536->omNode-2-GrpcLogAppender: followerNextIndex = 57 but logStartIndex = 59, notify follower to install snapshot-(t:6, i:59)
2022-09-29 01:23:45,217 [omNode-1@group-523986131536->omNode-2-GrpcLogAppender-LogAppenderDaemon] INFO  server.GrpcLogAppender (GrpcLogAppender.java:installSnapshot(549)) - omNode-1@group-523986131536->omNode-2-GrpcLogAppender: send omNode-1->omNode-2#0-t6,notify:(t:6, i:59)
2022-09-29 01:23:45,218 [omNode-2-server-thread1] INFO  server.RaftServer$Division (RaftServerImpl.java:checkInconsistentAppendEntries(1402)) - omNode-2@group-523986131536: Failed appendEntries as snapshot (59) installation is in progress
2022-09-29 01:23:45,218 [omNode-2-server-thread1] INFO  server.RaftServer$Division (RaftServerImpl.java:checkInconsistentAppendEntries(1394)) - omNode-2@group-523986131536: inconsistency entries. Reply:omNode-1<-omNode-2#431:FAIL-t6,INCONSISTENCY,nextIndex=57,followerCommit=56
2022-09-29 01:23:45,218 [grpc-default-executor-3] INFO  impl.SnapshotInstallationHandler (SnapshotInstallationHandler.java:installSnapshot(84)) - omNode-2@group-523986131536: receive installSnapshot: omNode-1->omNode-2#0-t6,notify:(t:6, i:59)
2022-09-29 01:23:45,218 [grpc-default-executor-3] INFO  impl.SnapshotInstallationHandler (SnapshotInstallationHandler.java:installSnapshot(95)) - omNode-2@group-523986131536: reply installSnapshot: omNode-1<-omNode-2#0:FAIL-t6,IN_PROGRESS
2022-09-29 01:23:45,219 [grpc-default-executor-3] INFO  server.GrpcServerProtocolService (GrpcServerProtocolService.java:onCompleted(140)) - omNode-2: Completed INSTALL_SNAPSHOT, lastRequest: omNode-1->omNode-2#0-t6,notify:(t:6, i:59)
2022-09-29 01:23:45,219 [grpc-default-executor-1] INFO  leader.FollowerInfo (FollowerInfoImpl.java:lambda$new$0(48)) - omNode-1@group-523986131536->omNode-2: nextIndex: updateUnconditionally 57 -> 57
2022-09-29 01:23:45,219 [grpc-default-executor-1] INFO  server.GrpcLogAppender (GrpcLogAppender.java:onNext(403)) - omNode-1@group-523986131536->omNode-2-InstallSnapshotResponseHandler: received a reply omNode-1<-omNode-2#0:FAIL-t6,IN_PROGRESS
2022-09-29 01:23:45,220 [grpc-default-executor-1] INFO  server.GrpcLogAppender (GrpcLogAppender.java:onNext(421)) - omNode-1@group-523986131536->omNode-2-InstallSnapshotResponseHandler: InstallSnapshot in progress.
2022-09-29 01:23:45,220 [omNode-1@group-523986131536->omNode-2-GrpcLogAppender-LogAppenderDaemon] INFO  server.GrpcLogAppender (GrpcLogAppender.java:installSnapshot(541)) - omNode-1@group-523986131536->omNode-2-GrpcLogAppender: followerNextIndex = 57 but logStartIndex = 59, notify follower to install snapshot-(t:6, i:59)
2022-09-29 01:23:45,220 [omNode-1@group-523986131536->omNode-2-GrpcLogAppender-LogAppenderDaemon] INFO  server.GrpcLogAppender (GrpcLogAppender.java:installSnapshot(549)) - omNode-1@group-523986131536->omNode-2-GrpcLogAppender: send omNode-1->omNode-2#0-t6,notify:(t:6, i:59)
2022-09-29 01:23:45,221 [omNode-2-server-thread1] INFO  server.RaftServer$Division (RaftServerImpl.java:checkInconsistentAppendEntries(1402)) - omNode-2@group-523986131536: Failed appendEntries as snapshot (59) installation is in progress
2022-09-29 01:23:45,221 [omNode-2-server-thread1] INFO  server.RaftServer$Division (RaftServerImpl.java:checkInconsistentAppendEntries(1394)) - omNode-2@group-523986131536: inconsistency entries. Reply:omNode-1<-omNode-2#432:FAIL-t6,INCONSISTENCY,nextIndex=57,followerCommit=56
2022-09-29 01:23:45,221 [grpc-default-executor-2] INFO  impl.SnapshotInstallationHandler (SnapshotInstallationHandler.java:installSnapshot(84)) - omNode-2@group-523986131536: receive installSnapshot: omNode-1->omNode-2#0-t6,notify:(t:6, i:59)
2022-09-29 01:23:45,221 [grpc-default-executor-2] INFO  impl.SnapshotInstallationHandler (SnapshotInstallationHandler.java:installSnapshot(95)) - omNode-2@group-523986131536: reply installSnapshot: omNode-1<-omNode-2#0:FAIL-t6,IN_PROGRESS
2022-09-29 01:23:45,221 [grpc-default-executor-2] INFO  server.GrpcServerProtocolService (GrpcServerProtocolService.java:onCompleted(140)) - omNode-2: Completed INSTALL_SNAPSHOT, lastRequest: omNode-1->omNode-2#0-t6,notify:(t:6, i:59)
2022-09-29 01:23:45,222 [grpc-default-executor-2] INFO  leader.FollowerInfo (FollowerInfoImpl.java:lambda$new$0(48)) - omNode-1@group-523986131536->omNode-2: nextIndex: updateUnconditionally 57 -> 57
2022-09-29 01:23:45,222 [grpc-default-executor-1] INFO  server.GrpcLogAppender (GrpcLogAppender.java:onNext(403)) - omNode-1@group-523986131536->omNode-2-InstallSnapshotResponseHandler: received a reply omNode-1<-omNode-2#0:FAIL-t6,IN_PROGRESS
2022-09-29 01:23:45,222 [grpc-default-executor-1] INFO  server.GrpcLogAppender (GrpcLogAppender.java:onNext(421)) - omNode-1@group-523986131536->omNode-2-InstallSnapshotResponseHandler: InstallSnapshot in progress.
2022-09-29 01:23:45,222 [omNode-1@group-523986131536->omNode-2-GrpcLogAppender-LogAppenderDaemon] INFO  server.GrpcLogAppender (GrpcLogAppender.java:installSnapshot(541)) - omNode-1@group-523986131536->omNode-2-GrpcLogAppender: followerNextIndex = 57 but logStartIndex = 59, notify follower to install snapshot-(t:6, i:59)
2022-09-29 01:23:45,222 [omNode-1@group-523986131536->omNode-2-GrpcLogAppender-LogAppenderDaemon] INFO  server.GrpcLogAppender (GrpcLogAppender.java:installSnapshot(549)) - omNode-1@group-523986131536->omNode-2-GrpcLogAppender: send omNode-1->omNode-2#0-t6,notify:(t:6, i:59)
2022-09-29 01:23:45,227 [omNode-2-server-thread1] INFO  server.RaftServer$Division (RaftServerImpl.java:checkInconsistentAppendEntries(1402)) - omNode-2@group-523986131536: Failed appendEntries as snapshot (59) installation is in progress
2022-09-29 01:23:45,227 [omNode-2-server-thread1] INFO  server.RaftServer$Division (RaftServerImpl.java:checkInconsistentAppendEntries(1394)) - omNode-2@group-523986131536: inconsistency entries. Reply:omNode-1<-omNode-2#433:FAIL-t6,INCONSISTENCY,nextIndex=57,followerCommit=56
2022-09-29 01:23:45,227 [grpc-default-executor-1] INFO  impl.SnapshotInstallationHandler (SnapshotInstallationHandler.java:installSnapshot(84)) - omNode-2@group-523986131536: receive installSnapshot: omNode-1->omNode-2#0-t6,notify:(t:6, i:59)
2022-09-29 01:23:45,227 [grpc-default-executor-1] INFO  impl.SnapshotInstallationHandler (SnapshotInstallationHandler.java:installSnapshot(95)) - omNode-2@group-523986131536: reply installSnapshot: omNode-1<-omNode-2#0:FAIL-t6,IN_PROGRESS
2022-09-29 01:23:45,228 [grpc-default-executor-1] INFO  server.GrpcServerProtocolService (GrpcServerProtocolService.java:onCompleted(140)) - omNode-2: Completed INSTALL_SNAPSHOT, lastRequest: omNode-1->omNode-2#0-t6,notify:(t:6, i:59)
2022-09-29 01:23:45,230 [grpc-default-executor-2] INFO  server.GrpcLogAppender (GrpcLogAppender.java:onNext(403)) - omNode-1@group-523986131536->omNode-2-InstallSnapshotResponseHandler: received a reply omNode-1<-omNode-2#0:FAIL-t6,IN_PROGRESS
2022-09-29 01:23:45,230 [grpc-default-executor-2] INFO  server.GrpcLogAppender (GrpcLogAppender.java:onNext(421)) - omNode-1@group-523986131536->omNode-2-InstallSnapshotResponseHandler: InstallSnapshot in progress.
2022-09-29 01:23:45,231 [grpc-default-executor-1] INFO  leader.FollowerInfo (FollowerInfoImpl.java:lambda$new$0(48)) - omNode-1@group-523986131536->omNode-2: nextIndex: updateUnconditionally 57 -> 57
2022-09-29 01:23:45,231 [omNode-1@group-523986131536->omNode-2-GrpcLogAppender-LogAppenderDaemon] INFO  server.GrpcLogAppender (GrpcLogAppender.java:installSnapshot(541)) - omNode-1@group-523986131536->omNode-2-GrpcLogAppender: followerNextIndex = 57 but logStartIndex = 59, notify follower to install snapshot-(t:6, i:59)
2022-09-29 01:23:45,232 [omNode-1@group-523986131536->omNode-2-GrpcLogAppender-LogAppenderDaemon] INFO  server.GrpcLogAppender (GrpcLogAppender.java:installSnapshot(549)) - omNode-1@group-523986131536->omNode-2-GrpcLogAppender: send omNode-1->omNode-2#0-t6,notify:(t:6, i:59)
2022-09-29 01:23:45,232 [omNode-2-server-thread1] INFO  server.RaftServer$Division (RaftServerImpl.java:checkInconsistentAppendEntries(1402)) - omNode-2@group-523986131536: Failed appendEntries as snapshot (59) installation is in progress
2022-09-29 01:23:45,232 [omNode-2-server-thread1] INFO  server.RaftServer$Division (RaftServerImpl.java:checkInconsistentAppendEntries(1394)) - omNode-2@group-523986131536: inconsistency entries. Reply:omNode-1<-omNode-2#434:FAIL-t6,INCONSISTENCY,nextIndex=57,followerCommit=56
2022-09-29 01:23:45,233 [grpc-default-executor-2] INFO  leader.FollowerInfo (FollowerInfoImpl.java:lambda$new$0(48)) - omNode-1@group-523986131536->omNode-2: nextIndex: updateUnconditionally 57 -> 57
2022-09-29 01:23:45,233 [grpc-default-executor-1] INFO  impl.SnapshotInstallationHandler (SnapshotInstallationHandler.java:installSnapshot(84)) - omNode-2@group-523986131536: receive installSnapshot: omNode-1->omNode-2#0-t6,notify:(t:6, i:59)
2022-09-29 01:23:45,233 [grpc-default-executor-1] INFO  impl.SnapshotInstallationHandler (SnapshotInstallationHandler.java:installSnapshot(95)) - omNode-2@group-523986131536: reply installSnapshot: omNode-1<-omNode-2#0:FAIL-t6,IN_PROGRESS
2022-09-29 01:23:45,233 [grpc-default-executor-1] INFO  server.GrpcServerProtocolService (GrpcServerProtocolService.java:onCompleted(140)) - omNode-2: Completed INSTALL_SNAPSHOT, lastRequest: omNode-1->omNode-2#0-t6,notify:(t:6, i:59)
2022-09-29 01:23:45,233 [grpc-default-executor-1] INFO  server.GrpcLogAppender (GrpcLogAppender.java:onNext(403)) - omNode-1@group-523986131536->omNode-2-InstallSnapshotResponseHandler: received a reply omNode-1<-omNode-2#0:FAIL-t6,IN_PROGRESS
2022-09-29 01:23:45,233 [grpc-default-executor-1] INFO  server.GrpcLogAppender (GrpcLogAppender.java:onNext(421)) - omNode-1@group-523986131536->omNode-2-InstallSnapshotResponseHandler: InstallSnapshot in progress.
2022-09-29 01:23:45,234 [omNode-1@group-523986131536->omNode-2-GrpcLogAppender-LogAppenderDaemon] INFO  server.GrpcLogAppender (GrpcLogAppender.java:installSnapshot(541)) - omNode-1@group-523986131536->omNode-2-GrpcLogAppender: followerNextIndex = 57 but logStartIndex = 59, notify follower to install snapshot-(t:6, i:59)
2022-09-29 01:23:45,234 [omNode-1@group-523986131536->omNode-2-GrpcLogAppender-LogAppenderDaemon] INFO  server.GrpcLogAppender (GrpcLogAppender.java:installSnapshot(549)) - omNode-1@group-523986131536->omNode-2-GrpcLogAppender: send omNode-1->omNode-2#0-t6,notify:(t:6, i:59)
2022-09-29 01:23:45,234 [omNode-2-server-thread1] INFO  server.RaftServer$Division (RaftServerImpl.java:checkInconsistentAppendEntries(1402)) - omNode-2@group-523986131536: Failed appendEntries as snapshot (59) installation is in progress
2022-09-29 01:23:45,234 [omNode-2-server-thread1] INFO  server.RaftServer$Division (RaftServerImpl.java:checkInconsistentAppendEntries(1394)) - omNode-2@group-523986131536: inconsistency entries. Reply:omNode-1<-omNode-2#435:FAIL-t6,INCONSISTENCY,nextIndex=57,followerCommit=56
2022-09-29 01:23:45,235 [grpc-default-executor-2] INFO  impl.SnapshotInstallationHandler (SnapshotInstallationHandler.java:installSnapshot(84)) - omNode-2@group-523986131536: receive installSnapshot: omNode-1->omNode-2#0-t6,notify:(t:6, i:59)
2022-09-29 01:23:45,235 [grpc-default-executor-2] INFO  impl.SnapshotInstallationHandler (SnapshotInstallationHandler.java:installSnapshot(95)) - omNode-2@group-523986131536: reply installSnapshot: omNode-1<-omNode-2#0:FAIL-t6,IN_PROGRESS
2022-09-29 01:23:45,235 [grpc-default-executor-2] INFO  server.GrpcServerProtocolService (GrpcServerProtocolService.java:onCompleted(140)) - omNode-2: Completed INSTALL_SNAPSHOT, lastRequest: omNode-1->omNode-2#0-t6,notify:(t:6, i:59)
2022-09-29 01:23:45,235 [grpc-default-executor-1] INFO  leader.FollowerInfo (FollowerInfoImpl.java:lambda$new$0(48)) - omNode-1@group-523986131536->omNode-2: nextIndex: updateUnconditionally 57 -> 57
2022-09-29 01:23:45,236 [grpc-default-executor-1] INFO  server.GrpcLogAppender (GrpcLogAppender.java:onNext(403)) - omNode-1@group-523986131536->omNode-2-InstallSnapshotResponseHandler: received a reply omNode-1<-omNode-2#0:FAIL-t6,IN_PROGRESS
2022-09-29 01:23:45,236 [grpc-default-executor-1] INFO  server.GrpcLogAppender (GrpcLogAppender.java:onNext(421)) - omNode-1@group-523986131536->omNode-2-InstallSnapshotResponseHandler: InstallSnapshot in progress.
2022-09-29 01:23:45,236 [omNode-1@group-523986131536->omNode-2-GrpcLogAppender-LogAppenderDaemon] INFO  server.GrpcLogAppender (GrpcLogAppender.java:installSnapshot(541)) - omNode-1@group-523986131536->omNode-2-GrpcLogAppender: followerNextIndex = 57 but logStartIndex = 59, notify follower to install snapshot-(t:6, i:59)
2022-09-29 01:23:45,236 [omNode-1@group-523986131536->omNode-2-GrpcLogAppender-LogAppenderDaemon] INFO  server.GrpcLogAppender (GrpcLogAppender.java:installSnapshot(549)) - omNode-1@group-523986131536->omNode-2-GrpcLogAppender: send omNode-1->omNode-2#0-t6,notify:(t:6, i:59)
2022-09-29 01:23:45,236 [omNode-2-server-thread1] INFO  server.RaftServer$Division (RaftServerImpl.java:checkInconsistentAppendEntries(1402)) - omNode-2@group-523986131536: Failed appendEntries as snapshot (59) installation is in progress
2022-09-29 01:23:45,236 [omNode-2-server-thread1] INFO  server.RaftServer$Division (RaftServerImpl.java:checkInconsistentAppendEntries(1394)) - omNode-2@group-523986131536: inconsistency entries. Reply:omNode-1<-omNode-2#436:FAIL-t6,INCONSISTENCY,nextIndex=57,followerCommit=56
2022-09-29 01:23:45,237 [grpc-default-executor-1] INFO  leader.FollowerInfo (FollowerInfoImpl.java:lambda$new$0(48)) - omNode-1@group-523986131536->omNode-2: nextIndex: updateUnconditionally 57 -> 57
2022-09-29 01:23:45,237 [grpc-default-executor-2] INFO  impl.SnapshotInstallationHandler (SnapshotInstallationHandler.java:installSnapshot(84)) - omNode-2@group-523986131536: receive installSnapshot: omNode-1->omNode-2#0-t6,notify:(t:6, i:59)
2022-09-29 01:23:45,238 [grpc-default-executor-2] INFO  impl.SnapshotInstallationHandler (SnapshotInstallationHandler.java:installSnapshot(95)) - omNode-2@group-523986131536: reply installSnapshot: omNode-1<-omNode-2#0:FAIL-t6,IN_PROGRESS
2022-09-29 01:23:45,238 [grpc-default-executor-2] INFO  server.GrpcServerProtocolService (GrpcServerProtocolService.java:onCompleted(140)) - omNode-2: Completed INSTALL_SNAPSHOT, lastRequest: omNode-1->omNode-2#0-t6,notify:(t:6, i:59)
2022-09-29 01:23:45,238 [grpc-default-executor-2] INFO  server.GrpcLogAppender (GrpcLogAppender.java:onNext(403)) - omNode-1@group-523986131536->omNode-2-InstallSnapshotResponseHandler: received a reply omNode-1<-omNode-2#0:FAIL-t6,IN_PROGRESS
2022-09-29 01:23:45,238 [grpc-default-executor-2] INFO  server.GrpcLogAppender (GrpcLogAppender.java:onNext(421)) - omNode-1@group-523986131536->omNode-2-InstallSnapshotResponseHandler: InstallSnapshot in progress.
2022-09-29 01:23:45,239 [omNode-1@group-523986131536->omNode-2-GrpcLogAppender-LogAppenderDaemon] INFO  server.GrpcLogAppender (GrpcLogAppender.java:installSnapshot(541)) - omNode-1@group-523986131536->omNode-2-GrpcLogAppender: followerNextIndex = 57 but logStartIndex = 59, notify follower to install snapshot-(t:6, i:59)
2022-09-29 01:23:45,239 [omNode-1@group-523986131536->omNode-2-GrpcLogAppender-LogAppenderDaemon] INFO  server.GrpcLogAppender (GrpcLogAppender.java:installSnapshot(549)) - omNode-1@group-523986131536->omNode-2-GrpcLogAppender: send omNode-1->omNode-2#0-t6,notify:(t:6, i:59)
2022-09-29 01:23:45,239 [omNode-2-server-thread1] INFO  server.RaftServer$Division (RaftServerImpl.java:checkInconsistentAppendEntries(1402)) - omNode-2@group-523986131536: Failed appendEntries as snapshot (59) installation is in progress
2022-09-29 01:23:45,240 [omNode-2-server-thread1] INFO  server.RaftServer$Division (RaftServerImpl.java:checkInconsistentAppendEntries(1394)) - omNode-2@group-523986131536: inconsistency entries. Reply:omNode-1<-omNode-2#437:FAIL-t6,INCONSISTENCY,nextIndex=57,followerCommit=56
2022-09-29 01:23:45,240 [grpc-default-executor-3] INFO  impl.SnapshotInstallationHandler (SnapshotInstallationHandler.java:installSnapshot(84)) - omNode-2@group-523986131536: receive installSnapshot: omNode-1->omNode-2#0-t6,notify:(t:6, i:59)
2022-09-29 01:23:45,240 [grpc-default-executor-3] INFO  impl.SnapshotInstallationHandler (SnapshotInstallationHandler.java:installSnapshot(95)) - omNode-2@group-523986131536: reply installSnapshot: omNode-1<-omNode-2#0:FAIL-t6,IN_PROGRESS
2022-09-29 01:23:45,240 [grpc-default-executor-3] INFO  server.GrpcServerProtocolService (GrpcServerProtocolService.java:onCompleted(140)) - omNode-2: Completed INSTALL_SNAPSHOT, lastRequest: omNode-1->omNode-2#0-t6,notify:(t:6, i:59)
2022-09-29 01:23:45,241 [grpc-default-executor-2] INFO  leader.FollowerInfo (FollowerInfoImpl.java:lambda$new$0(48)) - omNode-1@group-523986131536->omNode-2: nextIndex: updateUnconditionally 57 -> 57
2022-09-29 01:23:45,241 [grpc-default-executor-3] INFO  server.GrpcLogAppender (GrpcLogAppender.java:onNext(403)) - omNode-1@group-523986131536->omNode-2-InstallSnapshotResponseHandler: received a reply omNode-1<-omNode-2#0:FAIL-t6,IN_PROGRESS
2022-09-29 01:23:45,241 [grpc-default-executor-3] INFO  server.GrpcLogAppender (GrpcLogAppender.java:onNext(421)) - omNode-1@group-523986131536->omNode-2-InstallSnapshotResponseHandler: InstallSnapshot in progress.
2022-09-29 01:23:45,242 [omNode-1@group-523986131536->omNode-2-GrpcLogAppender-LogAppenderDaemon] INFO  server.GrpcLogAppender (GrpcLogAppender.java:installSnapshot(541)) - omNode-1@group-523986131536->omNode-2-GrpcLogAppender: followerNextIndex = 57 but logStartIndex = 59, notify follower to install snapshot-(t:6, i:59)
2022-09-29 01:23:45,242 [omNode-1@group-523986131536->omNode-2-GrpcLogAppender-LogAppenderDaemon] INFO  server.GrpcLogAppender (GrpcLogAppender.java:installSnapshot(549)) - omNode-1@group-523986131536->omNode-2-GrpcLogAppender: send omNode-1->omNode-2#0-t6,notify:(t:6, i:59)
2022-09-29 01:23:45,242 [omNode-2-server-thread1] INFO  server.RaftServer$Division (RaftServerImpl.java:checkInconsistentAppendEntries(1402)) - omNode-2@group-523986131536: Failed appendEntries as snapshot (59) installation is in progress
2022-09-29 01:23:45,243 [omNode-2-server-thread1] INFO  server.RaftServer$Division (RaftServerImpl.java:checkInconsistentAppendEntries(1394)) - omNode-2@group-523986131536: inconsistency entries. Reply:omNode-1<-omNode-2#438:FAIL-t6,INCONSISTENCY,nextIndex=57,followerCommit=56
2022-09-29 01:23:45,243 [grpc-default-executor-2] INFO  impl.SnapshotInstallationHandler (SnapshotInstallationHandler.java:installSnapshot(84)) - omNode-2@group-523986131536: receive installSnapshot: omNode-1->omNode-2#0-t6,notify:(t:6, i:59)
2022-09-29 01:23:45,243 [grpc-default-executor-2] INFO  impl.SnapshotInstallationHandler (SnapshotInstallationHandler.java:installSnapshot(95)) - omNode-2@group-523986131536: reply installSnapshot: omNode-1<-omNode-2#0:FAIL-t6,IN_PROGRESS
2022-09-29 01:23:45,243 [grpc-default-executor-2] INFO  server.GrpcServerProtocolService (GrpcServerProtocolService.java:onCompleted(140)) - omNode-2: Completed INSTALL_SNAPSHOT, lastRequest: omNode-1->omNode-2#0-t6,notify:(t:6, i:59)
2022-09-29 01:23:45,247 [grpc-default-executor-3] INFO  leader.FollowerInfo (FollowerInfoImpl.java:lambda$new$0(48)) - omNode-1@group-523986131536->omNode-2: nextIndex: updateUnconditionally 57 -> 57
2022-09-29 01:23:45,247 [grpc-default-executor-3] INFO  server.GrpcLogAppender (GrpcLogAppender.java:onNext(403)) - omNode-1@group-523986131536->omNode-2-InstallSnapshotResponseHandler: received a reply omNode-1<-omNode-2#0:FAIL-t6,IN_PROGRESS
2022-09-29 01:23:45,247 [grpc-default-executor-3] INFO  server.GrpcLogAppender (GrpcLogAppender.java:onNext(421)) - omNode-1@group-523986131536->omNode-2-InstallSnapshotResponseHandler: InstallSnapshot in progress.
2022-09-29 01:23:45,247 [omNode-1@group-523986131536->omNode-2-GrpcLogAppender-LogAppenderDaemon] INFO  server.GrpcLogAppender (GrpcLogAppender.java:installSnapshot(541)) - omNode-1@group-523986131536->omNode-2-GrpcLogAppender: followerNextIndex = 57 but logStartIndex = 59, notify follower to install snapshot-(t:6, i:59)
2022-09-29 01:23:45,247 [omNode-1@group-523986131536->omNode-2-GrpcLogAppender-LogAppenderDaemon] INFO  server.GrpcLogAppender (GrpcLogAppender.java:installSnapshot(549)) - omNode-1@group-523986131536->omNode-2-GrpcLogAppender: send omNode-1->omNode-2#0-t6,notify:(t:6, i:59)
2022-09-29 01:23:45,248 [omNode-2-server-thread1] INFO  server.RaftServer$Division (RaftServerImpl.java:checkInconsistentAppendEntries(1402)) - omNode-2@group-523986131536: Failed appendEntries as snapshot (59) installation is in progress
2022-09-29 01:23:45,248 [omNode-2-server-thread1] INFO  server.RaftServer$Division (RaftServerImpl.java:checkInconsistentAppendEntries(1394)) - omNode-2@group-523986131536: inconsistency entries. Reply:omNode-1<-omNode-2#439:FAIL-t6,INCONSISTENCY,nextIndex=57,followerCommit=56
2022-09-29 01:23:45,249 [grpc-default-executor-2] INFO  impl.SnapshotInstallationHandler (SnapshotInstallationHandler.java:installSnapshot(84)) - omNode-2@group-523986131536: receive installSnapshot: omNode-1->omNode-2#0-t6,notify:(t:6, i:59)
2022-09-29 01:23:45,249 [grpc-default-executor-2] INFO  impl.SnapshotInstallationHandler (SnapshotInstallationHandler.java:installSnapshot(95)) - omNode-2@group-523986131536: reply installSnapshot: omNode-1<-omNode-2#0:FAIL-t6,IN_PROGRESS
2022-09-29 01:23:45,249 [grpc-default-executor-2] INFO  server.GrpcServerProtocolService (GrpcServerProtocolService.java:onCompleted(140)) - omNode-2: Completed INSTALL_SNAPSHOT, lastRequest: omNode-1->omNode-2#0-t6,notify:(t:6, i:59)
2022-09-29 01:23:45,249 [grpc-default-executor-3] INFO  leader.FollowerInfo (FollowerInfoImpl.java:lambda$new$0(48)) - omNode-1@group-523986131536->omNode-2: nextIndex: updateUnconditionally 57 -> 57
2022-09-29 01:23:45,249 [grpc-default-executor-3] INFO  server.GrpcLogAppender (GrpcLogAppender.java:onNext(403)) - omNode-1@group-523986131536->omNode-2-InstallSnapshotResponseHandler: received a reply omNode-1<-omNode-2#0:FAIL-t6,IN_PROGRESS
2022-09-29 01:23:45,250 [grpc-default-executor-3] INFO  server.GrpcLogAppender (GrpcLogAppender.java:onNext(421)) - omNode-1@group-523986131536->omNode-2-InstallSnapshotResponseHandler: InstallSnapshot in progress.
2022-09-29 01:23:45,250 [omNode-1@group-523986131536->omNode-2-GrpcLogAppender-LogAppenderDaemon] INFO  server.GrpcLogAppender (GrpcLogAppender.java:installSnapshot(541)) - omNode-1@group-523986131536->omNode-2-GrpcLogAppender: followerNextIndex = 57 but logStartIndex = 59, notify follower to install snapshot-(t:6, i:59)
2022-09-29 01:23:45,250 [omNode-1@group-523986131536->omNode-2-GrpcLogAppender-LogAppenderDaemon] INFO  server.GrpcLogAppender (GrpcLogAppender.java:installSnapshot(549)) - omNode-1@group-523986131536->omNode-2-GrpcLogAppender: send omNode-1->omNode-2#0-t6,notify:(t:6, i:59)
2022-09-29 01:23:45,251 [omNode-2-server-thread1] INFO  server.RaftServer$Division (RaftServerImpl.java:checkInconsistentAppendEntries(1402)) - omNode-2@group-523986131536: Failed appendEntries as snapshot (59) installation is in progress
2022-09-29 01:23:45,251 [omNode-2-server-thread1] INFO  server.RaftServer$Division (RaftServerImpl.java:checkInconsistentAppendEntries(1394)) - omNode-2@group-523986131536: inconsistency entries. Reply:omNode-1<-omNode-2#440:FAIL-t6,INCONSISTENCY,nextIndex=57,followerCommit=56
2022-09-29 01:23:45,251 [grpc-default-executor-2] INFO  impl.SnapshotInstallationHandler (SnapshotInstallationHandler.java:installSnapshot(84)) - omNode-2@group-523986131536: receive installSnapshot: omNode-1->omNode-2#0-t6,notify:(t:6, i:59)
2022-09-29 01:23:45,251 [grpc-default-executor-2] INFO  impl.SnapshotInstallationHandler (SnapshotInstallationHandler.java:installSnapshot(95)) - omNode-2@group-523986131536: reply installSnapshot: omNode-1<-omNode-2#0:FAIL-t6,IN_PROGRESS
2022-09-29 01:23:45,251 [grpc-default-executor-2] INFO  server.GrpcServerProtocolService (GrpcServerProtocolService.java:onCompleted(140)) - omNode-2: Completed INSTALL_SNAPSHOT, lastRequest: omNode-1->omNode-2#0-t6,notify:(t:6, i:59)
2022-09-29 01:23:45,252 [grpc-default-executor-3] INFO  leader.FollowerInfo (FollowerInfoImpl.java:lambda$new$0(48)) - omNode-1@group-523986131536->omNode-2: nextIndex: updateUnconditionally 57 -> 57
2022-09-29 01:23:45,252 [grpc-default-executor-3] INFO  server.GrpcLogAppender (GrpcLogAppender.java:onNext(403)) - omNode-1@group-523986131536->omNode-2-InstallSnapshotResponseHandler: received a reply omNode-1<-omNode-2#0:FAIL-t6,IN_PROGRESS
2022-09-29 01:23:45,252 [grpc-default-executor-3] INFO  server.GrpcLogAppender (GrpcLogAppender.java:onNext(421)) - omNode-1@group-523986131536->omNode-2-InstallSnapshotResponseHandler: InstallSnapshot in progress.
2022-09-29 01:23:45,252 [omNode-1@group-523986131536->omNode-2-GrpcLogAppender-LogAppenderDaemon] INFO  server.GrpcLogAppender (GrpcLogAppender.java:installSnapshot(541)) - omNode-1@group-523986131536->omNode-2-GrpcLogAppender: followerNextIndex = 57 but logStartIndex = 59, notify follower to install snapshot-(t:6, i:59)
2022-09-29 01:23:45,252 [omNode-1@group-523986131536->omNode-2-GrpcLogAppender-LogAppenderDaemon] INFO  server.GrpcLogAppender (GrpcLogAppender.java:installSnapshot(549)) - omNode-1@group-523986131536->omNode-2-GrpcLogAppender: send omNode-1->omNode-2#0-t6,notify:(t:6, i:59)
2022-09-29 01:23:45,253 [omNode-2-server-thread1] INFO  server.RaftServer$Division (RaftServerImpl.java:checkInconsistentAppendEntries(1402)) - omNode-2@group-523986131536: Failed appendEntries as snapshot (59) installation is in progress
2022-09-29 01:23:45,253 [omNode-2-server-thread1] INFO  server.RaftServer$Division (RaftServerImpl.java:checkInconsistentAppendEntries(1394)) - omNode-2@group-523986131536: inconsistency entries. Reply:omNode-1<-omNode-2#441:FAIL-t6,INCONSISTENCY,nextIndex=57,followerCommit=56
2022-09-29 01:23:45,254 [grpc-default-executor-2] INFO  impl.SnapshotInstallationHandler (SnapshotInstallationHandler.java:installSnapshot(84)) - omNode-2@group-523986131536: receive installSnapshot: omNode-1->omNode-2#0-t6,notify:(t:6, i:59)
2022-09-29 01:23:45,254 [grpc-default-executor-2] INFO  impl.SnapshotInstallationHandler (SnapshotInstallationHandler.java:installSnapshot(95)) - omNode-2@group-523986131536: reply installSnapshot: omNode-1<-omNode-2#0:FAIL-t6,IN_PROGRESS
2022-09-29 01:23:45,254 [grpc-default-executor-2] INFO  server.GrpcServerProtocolService (GrpcServerProtocolService.java:onCompleted(140)) - omNode-2: Completed INSTALL_SNAPSHOT, lastRequest: omNode-1->omNode-2#0-t6,notify:(t:6, i:59)
2022-09-29 01:23:45,254 [grpc-default-executor-3] INFO  leader.FollowerInfo (FollowerInfoImpl.java:lambda$new$0(48)) - omNode-1@group-523986131536->omNode-2: nextIndex: updateUnconditionally 57 -> 57
2022-09-29 01:23:45,254 [grpc-default-executor-3] INFO  server.GrpcLogAppender (GrpcLogAppender.java:onNext(403)) - omNode-1@group-523986131536->omNode-2-InstallSnapshotResponseHandler: received a reply omNode-1<-omNode-2#0:FAIL-t6,IN_PROGRESS
2022-09-29 01:23:45,255 [grpc-default-executor-3] INFO  server.GrpcLogAppender (GrpcLogAppender.java:onNext(421)) - omNode-1@group-523986131536->omNode-2-InstallSnapshotResponseHandler: InstallSnapshot in progress.
2022-09-29 01:23:45,255 [omNode-1@group-523986131536->omNode-2-GrpcLogAppender-LogAppenderDaemon] INFO  server.GrpcLogAppender (GrpcLogAppender.java:installSnapshot(541)) - omNode-1@group-523986131536->omNode-2-GrpcLogAppender: followerNextIndex = 57 but logStartIndex = 59, notify follower to install snapshot-(t:6, i:59)
2022-09-29 01:23:45,255 [omNode-1@group-523986131536->omNode-2-GrpcLogAppender-LogAppenderDaemon] INFO  server.GrpcLogAppender (GrpcLogAppender.java:installSnapshot(549)) - omNode-1@group-523986131536->omNode-2-GrpcLogAppender: send omNode-1->omNode-2#0-t6,notify:(t:6, i:59)
2022-09-29 01:23:45,255 [omNode-2-server-thread1] INFO  server.RaftServer$Division (RaftServerImpl.java:checkInconsistentAppendEntries(1402)) - omNode-2@group-523986131536: Failed appendEntries as snapshot (59) installation is in progress
2022-09-29 01:23:45,256 [omNode-2-server-thread1] INFO  server.RaftServer$Division (RaftServerImpl.java:checkInconsistentAppendEntries(1394)) - omNode-2@group-523986131536: inconsistency entries. Reply:omNode-1<-omNode-2#442:FAIL-t6,INCONSISTENCY,nextIndex=57,followerCommit=56
2022-09-29 01:23:45,256 [grpc-default-executor-2] INFO  impl.SnapshotInstallationHandler (SnapshotInstallationHandler.java:installSnapshot(84)) - omNode-2@group-523986131536: receive installSnapshot: omNode-1->omNode-2#0-t6,notify:(t:6, i:59)
2022-09-29 01:23:45,256 [grpc-default-executor-2] INFO  impl.SnapshotInstallationHandler (SnapshotInstallationHandler.java:installSnapshot(95)) - omNode-2@group-523986131536: reply installSnapshot: omNode-1<-omNode-2#0:FAIL-t6,IN_PROGRESS
2022-09-29 01:23:45,256 [grpc-default-executor-2] INFO  server.GrpcServerProtocolService (GrpcServerProtocolService.java:onCompleted(140)) - omNode-2: Completed INSTALL_SNAPSHOT, lastRequest: omNode-1->omNode-2#0-t6,notify:(t:6, i:59)
2022-09-29 01:23:45,258 [grpc-default-executor-3] INFO  leader.FollowerInfo (FollowerInfoImpl.java:lambda$new$0(48)) - omNode-1@group-523986131536->omNode-2: nextIndex: updateUnconditionally 57 -> 57
2022-09-29 01:23:45,258 [grpc-default-executor-2] INFO  server.GrpcLogAppender (GrpcLogAppender.java:onNext(403)) - omNode-1@group-523986131536->omNode-2-InstallSnapshotResponseHandler: received a reply omNode-1<-omNode-2#0:FAIL-t6,IN_PROGRESS
2022-09-29 01:23:45,258 [grpc-default-executor-2] INFO  server.GrpcLogAppender (GrpcLogAppender.java:onNext(421)) - omNode-1@group-523986131536->omNode-2-InstallSnapshotResponseHandler: InstallSnapshot in progress.
2022-09-29 01:23:45,259 [omNode-1@group-523986131536->omNode-2-GrpcLogAppender-LogAppenderDaemon] INFO  server.GrpcLogAppender (GrpcLogAppender.java:installSnapshot(541)) - omNode-1@group-523986131536->omNode-2-GrpcLogAppender: followerNextIndex = 57 but logStartIndex = 59, notify follower to install snapshot-(t:6, i:59)
2022-09-29 01:23:45,259 [omNode-1@group-523986131536->omNode-2-GrpcLogAppender-LogAppenderDaemon] INFO  server.GrpcLogAppender (GrpcLogAppender.java:installSnapshot(549)) - omNode-1@group-523986131536->omNode-2-GrpcLogAppender: send omNode-1->omNode-2#0-t6,notify:(t:6, i:59)
2022-09-29 01:23:45,275 [grpc-default-executor-2] INFO  impl.SnapshotInstallationHandler (SnapshotInstallationHandler.java:installSnapshot(84)) - omNode-2@group-523986131536: receive installSnapshot: omNode-1->omNode-2#0-t6,notify:(t:6, i:59)
2022-09-29 01:23:45,275 [omNode-2-server-thread1] INFO  server.RaftServer$Division (RaftServerImpl.java:checkInconsistentAppendEntries(1402)) - omNode-2@group-523986131536: Failed appendEntries as snapshot (59) installation is in progress
2022-09-29 01:23:45,276 [omNode-2-server-thread1] INFO  server.RaftServer$Division (RaftServerImpl.java:checkInconsistentAppendEntries(1394)) - omNode-2@group-523986131536: inconsistency entries. Reply:omNode-1<-omNode-2#443:FAIL-t6,INCONSISTENCY,nextIndex=57,followerCommit=56
2022-09-29 01:23:45,277 [grpc-default-executor-2] INFO  impl.SnapshotInstallationHandler (SnapshotInstallationHandler.java:installSnapshot(95)) - omNode-2@group-523986131536: reply installSnapshot: omNode-1<-omNode-2#0:FAIL-t6,IN_PROGRESS
2022-09-29 01:23:45,278 [grpc-default-executor-2] INFO  server.GrpcServerProtocolService (GrpcServerProtocolService.java:onCompleted(140)) - omNode-2: Completed INSTALL_SNAPSHOT, lastRequest: omNode-1->omNode-2#0-t6,notify:(t:6, i:59)
2022-09-29 01:23:45,278 [grpc-default-executor-2] INFO  leader.FollowerInfo (FollowerInfoImpl.java:lambda$new$0(48)) - omNode-1@group-523986131536->omNode-2: nextIndex: updateUnconditionally 57 -> 57
2022-09-29 01:23:45,278 [grpc-default-executor-2] INFO  server.GrpcLogAppender (GrpcLogAppender.java:onNext(403)) - omNode-1@group-523986131536->omNode-2-InstallSnapshotResponseHandler: received a reply omNode-1<-omNode-2#0:FAIL-t6,IN_PROGRESS
2022-09-29 01:23:45,278 [grpc-default-executor-2] INFO  server.GrpcLogAppender (GrpcLogAppender.java:onNext(421)) - omNode-1@group-523986131536->omNode-2-InstallSnapshotResponseHandler: InstallSnapshot in progress.
2022-09-29 01:23:45,279 [omNode-1@group-523986131536->omNode-2-GrpcLogAppender-LogAppenderDaemon] INFO  server.GrpcLogAppender (GrpcLogAppender.java:installSnapshot(541)) - omNode-1@group-523986131536->omNode-2-GrpcLogAppender: followerNextIndex = 57 but logStartIndex = 59, notify follower to install snapshot-(t:6, i:59)
2022-09-29 01:23:45,279 [omNode-1@group-523986131536->omNode-2-GrpcLogAppender-LogAppenderDaemon] INFO  server.GrpcLogAppender (GrpcLogAppender.java:installSnapshot(549)) - omNode-1@group-523986131536->omNode-2-GrpcLogAppender: send omNode-1->omNode-2#0-t6,notify:(t:6, i:59)
2022-09-29 01:23:45,287 [omNode-2-server-thread1] INFO  server.RaftServer$Division (RaftServerImpl.java:checkInconsistentAppendEntries(1402)) - omNode-2@group-523986131536: Failed appendEntries as snapshot (59) installation is in progress
2022-09-29 01:23:45,287 [omNode-2-server-thread1] INFO  server.RaftServer$Division (RaftServerImpl.java:checkInconsistentAppendEntries(1394)) - omNode-2@group-523986131536: inconsistency entries. Reply:omNode-1<-omNode-2#444:FAIL-t6,INCONSISTENCY,nextIndex=57,followerCommit=56
2022-09-29 01:23:45,287 [grpc-default-executor-2] INFO  impl.SnapshotInstallationHandler (SnapshotInstallationHandler.java:installSnapshot(84)) - omNode-2@group-523986131536: receive installSnapshot: omNode-1->omNode-2#0-t6,notify:(t:6, i:59)
2022-09-29 01:23:45,287 [grpc-default-executor-2] INFO  impl.SnapshotInstallationHandler (SnapshotInstallationHandler.java:installSnapshot(95)) - omNode-2@group-523986131536: reply installSnapshot: omNode-1<-omNode-2#0:FAIL-t6,IN_PROGRESS
2022-09-29 01:23:45,287 [grpc-default-executor-2] INFO  server.GrpcServerProtocolService (GrpcServerProtocolService.java:onCompleted(140)) - omNode-2: Completed INSTALL_SNAPSHOT, lastRequest: omNode-1->omNode-2#0-t6,notify:(t:6, i:59)
2022-09-29 01:23:45,290 [grpc-default-executor-2] INFO  leader.FollowerInfo (FollowerInfoImpl.java:lambda$new$0(48)) - omNode-1@group-523986131536->omNode-2: nextIndex: updateUnconditionally 57 -> 57
2022-09-29 01:23:45,290 [grpc-default-executor-2] INFO  server.GrpcLogAppender (GrpcLogAppender.java:onNext(403)) - omNode-1@group-523986131536->omNode-2-InstallSnapshotResponseHandler: received a reply omNode-1<-omNode-2#0:FAIL-t6,IN_PROGRESS
2022-09-29 01:23:45,290 [grpc-default-executor-2] INFO  server.GrpcLogAppender (GrpcLogAppender.java:onNext(421)) - omNode-1@group-523986131536->omNode-2-InstallSnapshotResponseHandler: InstallSnapshot in progress.
2022-09-29 01:23:45,290 [omNode-1@group-523986131536->omNode-2-GrpcLogAppender-LogAppenderDaemon] INFO  server.GrpcLogAppender (GrpcLogAppender.java:installSnapshot(541)) - omNode-1@group-523986131536->omNode-2-GrpcLogAppender: followerNextIndex = 57 but logStartIndex = 59, notify follower to install snapshot-(t:6, i:59)
2022-09-29 01:23:45,290 [omNode-1@group-523986131536->omNode-2-GrpcLogAppender-LogAppenderDaemon] INFO  server.GrpcLogAppender (GrpcLogAppender.java:installSnapshot(549)) - omNode-1@group-523986131536->omNode-2-GrpcLogAppender: send omNode-1->omNode-2#0-t6,notify:(t:6, i:59)
2022-09-29 01:23:45,292 [omNode-2-server-thread1] INFO  server.RaftServer$Division (RaftServerImpl.java:checkInconsistentAppendEntries(1402)) - omNode-2@group-523986131536: Failed appendEntries as snapshot (59) installation is in progress
2022-09-29 01:23:45,292 [omNode-2-server-thread1] INFO  server.RaftServer$Division (RaftServerImpl.java:checkInconsistentAppendEntries(1394)) - omNode-2@group-523986131536: inconsistency entries. Reply:omNode-1<-omNode-2#445:FAIL-t6,INCONSISTENCY,nextIndex=57,followerCommit=56
2022-09-29 01:23:45,292 [grpc-default-executor-2] INFO  impl.SnapshotInstallationHandler (SnapshotInstallationHandler.java:installSnapshot(84)) - omNode-2@group-523986131536: receive installSnapshot: omNode-1->omNode-2#0-t6,notify:(t:6, i:59)
2022-09-29 01:23:45,292 [grpc-default-executor-2] INFO  impl.SnapshotInstallationHandler (SnapshotInstallationHandler.java:installSnapshot(95)) - omNode-2@group-523986131536: reply installSnapshot: omNode-1<-omNode-2#0:FAIL-t6,IN_PROGRESS
2022-09-29 01:23:45,292 [grpc-default-executor-2] INFO  server.GrpcServerProtocolService (GrpcServerProtocolService.java:onCompleted(140)) - omNode-2: Completed INSTALL_SNAPSHOT, lastRequest: omNode-1->omNode-2#0-t6,notify:(t:6, i:59)
2022-09-29 01:23:45,298 [grpc-default-executor-2] INFO  leader.FollowerInfo (FollowerInfoImpl.java:lambda$new$0(48)) - omNode-1@group-523986131536->omNode-2: nextIndex: updateUnconditionally 57 -> 57
2022-09-29 01:23:45,298 [pool-366-thread-1] INFO  snapshot.OzoneManagerSnapshotProvider (OzoneManagerSnapshotProvider.java:getOzoneManagerDBSnapshot(154)) - Successfully downloaded latest checkpoint from leader OM: omNode-1
2022-09-29 01:23:45,298 [grpc-default-executor-2] INFO  server.GrpcLogAppender (GrpcLogAppender.java:onNext(403)) - omNode-1@group-523986131536->omNode-2-InstallSnapshotResponseHandler: received a reply omNode-1<-omNode-2#0:FAIL-t6,IN_PROGRESS
2022-09-29 01:23:45,298 [grpc-default-executor-2] INFO  server.GrpcLogAppender (GrpcLogAppender.java:onNext(421)) - omNode-1@group-523986131536->omNode-2-InstallSnapshotResponseHandler: InstallSnapshot in progress.
2022-09-29 01:23:45,298 [pool-366-thread-1] INFO  om.OzoneManager (OzoneManager.java:installSnapshotFromLeader(3658)) - Downloaded checkpoint from Leader omNode-1 to the location /home/runner/work/ozone/ozone/hadoop-ozone/integration-test/target/test-dir/MiniOzoneClusterImpl-a442e60d-e435-415e-98a9-f45e33772b0d/omNode-2/snapshot/om.db-omNode-1-1664414624748
2022-09-29 01:23:45,298 [omNode-1@group-523986131536->omNode-2-GrpcLogAppender-LogAppenderDaemon] INFO  server.GrpcLogAppender (GrpcLogAppender.java:installSnapshot(541)) - omNode-1@group-523986131536->omNode-2-GrpcLogAppender: followerNextIndex = 57 but logStartIndex = 59, notify follower to install snapshot-(t:6, i:59)
2022-09-29 01:23:45,299 [omNode-1@group-523986131536->omNode-2-GrpcLogAppender-LogAppenderDaemon] INFO  server.GrpcLogAppender (GrpcLogAppender.java:installSnapshot(549)) - omNode-1@group-523986131536->omNode-2-GrpcLogAppender: send omNode-1->omNode-2#0-t6,notify:(t:6, i:59)
2022-09-29 01:23:45,300 [omNode-2-server-thread1] INFO  server.RaftServer$Division (RaftServerImpl.java:checkInconsistentAppendEntries(1402)) - omNode-2@group-523986131536: Failed appendEntries as snapshot (59) installation is in progress
2022-09-29 01:23:45,300 [omNode-2-server-thread1] INFO  server.RaftServer$Division (RaftServerImpl.java:checkInconsistentAppendEntries(1394)) - omNode-2@group-523986131536: inconsistency entries. Reply:omNode-1<-omNode-2#446:FAIL-t6,INCONSISTENCY,nextIndex=57,followerCommit=56
2022-09-29 01:23:45,300 [grpc-default-executor-2] INFO  impl.SnapshotInstallationHandler (SnapshotInstallationHandler.java:installSnapshot(84)) - omNode-2@group-523986131536: receive installSnapshot: omNode-1->omNode-2#0-t6,notify:(t:6, i:59)
2022-09-29 01:23:45,300 [grpc-default-executor-2] INFO  impl.SnapshotInstallationHandler (SnapshotInstallationHandler.java:installSnapshot(95)) - omNode-2@group-523986131536: reply installSnapshot: omNode-1<-omNode-2#0:FAIL-t6,IN_PROGRESS
2022-09-29 01:23:45,300 [grpc-default-executor-2] INFO  server.GrpcServerProtocolService (GrpcServerProtocolService.java:onCompleted(140)) - omNode-2: Completed INSTALL_SNAPSHOT, lastRequest: omNode-1->omNode-2#0-t6,notify:(t:6, i:59)
2022-09-29 01:23:45,300 [pool-366-thread-1] INFO  codec.RepeatedOmKeyInfoCodec (RepeatedOmKeyInfoCodec.java:<init>(41)) - RepeatedOmKeyInfoCodec ignorePipeline = true
2022-09-29 01:23:45,304 [pool-366-thread-1] INFO  codec.OmKeyInfoCodec (OmKeyInfoCodec.java:<init>(49)) - OmKeyInfoCodec ignorePipeline = true
2022-09-29 01:23:45,305 [pool-366-thread-1] INFO  codec.OmKeyInfoCodec (OmKeyInfoCodec.java:<init>(49)) - OmKeyInfoCodec ignorePipeline = true
2022-09-29 01:23:45,305 [pool-366-thread-1] INFO  codec.OmKeyInfoCodec (OmKeyInfoCodec.java:<init>(49)) - OmKeyInfoCodec ignorePipeline = true
2022-09-29 01:23:45,305 [pool-366-thread-1] INFO  codec.OmKeyInfoCodec (OmKeyInfoCodec.java:<init>(49)) - OmKeyInfoCodec ignorePipeline = true
2022-09-29 01:23:45,305 [pool-366-thread-1] INFO  codec.OmKeyInfoCodec (OmKeyInfoCodec.java:<init>(49)) - OmKeyInfoCodec ignorePipeline = true
2022-09-29 01:23:45,305 [grpc-default-executor-3] INFO  server.GrpcLogAppender (GrpcLogAppender.java:onNext(403)) - omNode-1@group-523986131536->omNode-2-InstallSnapshotResponseHandler: received a reply omNode-1<-omNode-2#0:FAIL-t6,IN_PROGRESS
2022-09-29 01:23:45,305 [grpc-default-executor-3] INFO  server.GrpcLogAppender (GrpcLogAppender.java:onNext(421)) - omNode-1@group-523986131536->omNode-2-InstallSnapshotResponseHandler: InstallSnapshot in progress.
2022-09-29 01:23:45,306 [omNode-1@group-523986131536->omNode-2-GrpcLogAppender-LogAppenderDaemon] INFO  server.GrpcLogAppender (GrpcLogAppender.java:installSnapshot(541)) - omNode-1@group-523986131536->omNode-2-GrpcLogAppender: followerNextIndex = 57 but logStartIndex = 59, notify follower to install snapshot-(t:6, i:59)
2022-09-29 01:23:45,306 [omNode-1@group-523986131536->omNode-2-GrpcLogAppender-LogAppenderDaemon] INFO  server.GrpcLogAppender (GrpcLogAppender.java:installSnapshot(549)) - omNode-1@group-523986131536->omNode-2-GrpcLogAppender: send omNode-1->omNode-2#0-t6,notify:(t:6, i:59)
2022-09-29 01:23:45,306 [grpc-default-executor-3] INFO  leader.FollowerInfo (FollowerInfoImpl.java:lambda$new$0(48)) - omNode-1@group-523986131536->omNode-2: nextIndex: updateUnconditionally 57 -> 57
2022-09-29 01:23:45,307 [grpc-default-executor-3] INFO  impl.SnapshotInstallationHandler (SnapshotInstallationHandler.java:installSnapshot(84)) - omNode-2@group-523986131536: receive installSnapshot: omNode-1->omNode-2#0-t6,notify:(t:6, i:59)
2022-09-29 01:23:45,307 [grpc-default-executor-3] INFO  impl.SnapshotInstallationHandler (SnapshotInstallationHandler.java:installSnapshot(95)) - omNode-2@group-523986131536: reply installSnapshot: omNode-1<-omNode-2#0:FAIL-t6,IN_PROGRESS
2022-09-29 01:23:45,307 [grpc-default-executor-3] INFO  server.GrpcServerProtocolService (GrpcServerProtocolService.java:onCompleted(140)) - omNode-2: Completed INSTALL_SNAPSHOT, lastRequest: omNode-1->omNode-2#0-t6,notify:(t:6, i:59)
2022-09-29 01:23:45,308 [omNode-2-server-thread1] INFO  server.RaftServer$Division (RaftServerImpl.java:checkInconsistentAppendEntries(1402)) - omNode-2@group-523986131536: Failed appendEntries as snapshot (59) installation is in progress
2022-09-29 01:23:45,308 [omNode-2-server-thread1] INFO  server.RaftServer$Division (RaftServerImpl.java:checkInconsistentAppendEntries(1394)) - omNode-2@group-523986131536: inconsistency entries. Reply:omNode-1<-omNode-2#447:FAIL-t6,INCONSISTENCY,nextIndex=57,followerCommit=56
2022-09-29 01:23:45,308 [grpc-default-executor-3] INFO  server.GrpcLogAppender (GrpcLogAppender.java:onNext(403)) - omNode-1@group-523986131536->omNode-2-InstallSnapshotResponseHandler: received a reply omNode-1<-omNode-2#0:FAIL-t6,IN_PROGRESS
2022-09-29 01:23:45,308 [grpc-default-executor-3] INFO  server.GrpcLogAppender (GrpcLogAppender.java:onNext(421)) - omNode-1@group-523986131536->omNode-2-InstallSnapshotResponseHandler: InstallSnapshot in progress.
2022-09-29 01:23:45,308 [omNode-1@group-523986131536->omNode-2-GrpcLogAppender-LogAppenderDaemon] INFO  server.GrpcLogAppender (GrpcLogAppender.java:installSnapshot(541)) - omNode-1@group-523986131536->omNode-2-GrpcLogAppender: followerNextIndex = 57 but logStartIndex = 59, notify follower to install snapshot-(t:6, i:59)
2022-09-29 01:23:45,308 [omNode-1@group-523986131536->omNode-2-GrpcLogAppender-LogAppenderDaemon] INFO  server.GrpcLogAppender (GrpcLogAppender.java:installSnapshot(549)) - omNode-1@group-523986131536->omNode-2-GrpcLogAppender: send omNode-1->omNode-2#0-t6,notify:(t:6, i:59)
2022-09-29 01:23:45,309 [grpc-default-executor-2] INFO  leader.FollowerInfo (FollowerInfoImpl.java:lambda$new$0(48)) - omNode-1@group-523986131536->omNode-2: nextIndex: updateUnconditionally 57 -> 57
2022-09-29 01:23:45,309 [omNode-2-server-thread1] INFO  server.RaftServer$Division (RaftServerImpl.java:checkInconsistentAppendEntries(1402)) - omNode-2@group-523986131536: Failed appendEntries as snapshot (59) installation is in progress
2022-09-29 01:23:45,309 [omNode-2-server-thread1] INFO  server.RaftServer$Division (RaftServerImpl.java:checkInconsistentAppendEntries(1394)) - omNode-2@group-523986131536: inconsistency entries. Reply:omNode-1<-omNode-2#448:FAIL-t6,INCONSISTENCY,nextIndex=57,followerCommit=56
2022-09-29 01:23:45,310 [grpc-default-executor-2] INFO  impl.SnapshotInstallationHandler (SnapshotInstallationHandler.java:installSnapshot(84)) - omNode-2@group-523986131536: receive installSnapshot: omNode-1->omNode-2#0-t6,notify:(t:6, i:59)
2022-09-29 01:23:45,310 [grpc-default-executor-2] INFO  impl.SnapshotInstallationHandler (SnapshotInstallationHandler.java:installSnapshot(95)) - omNode-2@group-523986131536: reply installSnapshot: omNode-1<-omNode-2#0:FAIL-t6,IN_PROGRESS
2022-09-29 01:23:45,310 [grpc-default-executor-2] INFO  server.GrpcServerProtocolService (GrpcServerProtocolService.java:onCompleted(140)) - omNode-2: Completed INSTALL_SNAPSHOT, lastRequest: omNode-1->omNode-2#0-t6,notify:(t:6, i:59)
2022-09-29 01:23:45,310 [grpc-default-executor-3] INFO  leader.FollowerInfo (FollowerInfoImpl.java:lambda$new$0(48)) - omNode-1@group-523986131536->omNode-2: nextIndex: updateUnconditionally 57 -> 57
2022-09-29 01:23:45,311 [grpc-default-executor-3] INFO  server.GrpcLogAppender (GrpcLogAppender.java:onNext(403)) - omNode-1@group-523986131536->omNode-2-InstallSnapshotResponseHandler: received a reply omNode-1<-omNode-2#0:FAIL-t6,IN_PROGRESS
2022-09-29 01:23:45,311 [grpc-default-executor-3] INFO  server.GrpcLogAppender (GrpcLogAppender.java:onNext(421)) - omNode-1@group-523986131536->omNode-2-InstallSnapshotResponseHandler: InstallSnapshot in progress.
2022-09-29 01:23:45,311 [omNode-1@group-523986131536->omNode-2-GrpcLogAppender-LogAppenderDaemon] INFO  server.GrpcLogAppender (GrpcLogAppender.java:installSnapshot(541)) - omNode-1@group-523986131536->omNode-2-GrpcLogAppender: followerNextIndex = 57 but logStartIndex = 59, notify follower to install snapshot-(t:6, i:59)
2022-09-29 01:23:45,311 [omNode-1@group-523986131536->omNode-2-GrpcLogAppender-LogAppenderDaemon] INFO  server.GrpcLogAppender (GrpcLogAppender.java:installSnapshot(549)) - omNode-1@group-523986131536->omNode-2-GrpcLogAppender: send omNode-1->omNode-2#0-t6,notify:(t:6, i:59)
2022-09-29 01:23:45,317 [omNode-2-server-thread1] INFO  server.RaftServer$Division (RaftServerImpl.java:checkInconsistentAppendEntries(1402)) - omNode-2@group-523986131536: Failed appendEntries as snapshot (59) installation is in progress
2022-09-29 01:23:45,317 [omNode-2-server-thread1] INFO  server.RaftServer$Division (RaftServerImpl.java:checkInconsistentAppendEntries(1394)) - omNode-2@group-523986131536: inconsistency entries. Reply:omNode-1<-omNode-2#449:FAIL-t6,INCONSISTENCY,nextIndex=57,followerCommit=56
2022-09-29 01:23:45,317 [grpc-default-executor-0] INFO  impl.SnapshotInstallationHandler (SnapshotInstallationHandler.java:installSnapshot(84)) - omNode-2@group-523986131536: receive installSnapshot: omNode-1->omNode-2#0-t6,notify:(t:6, i:59)
2022-09-29 01:23:45,318 [grpc-default-executor-0] INFO  impl.SnapshotInstallationHandler (SnapshotInstallationHandler.java:installSnapshot(95)) - omNode-2@group-523986131536: reply installSnapshot: omNode-1<-omNode-2#0:FAIL-t6,IN_PROGRESS
2022-09-29 01:23:45,318 [grpc-default-executor-0] INFO  server.GrpcServerProtocolService (GrpcServerProtocolService.java:onCompleted(140)) - omNode-2: Completed INSTALL_SNAPSHOT, lastRequest: omNode-1->omNode-2#0-t6,notify:(t:6, i:59)
2022-09-29 01:23:45,318 [grpc-default-executor-1] INFO  server.GrpcLogAppender (GrpcLogAppender.java:onNext(403)) - omNode-1@group-523986131536->omNode-2-InstallSnapshotResponseHandler: received a reply omNode-1<-omNode-2#0:FAIL-t6,IN_PROGRESS
2022-09-29 01:23:45,318 [grpc-default-executor-1] INFO  server.GrpcLogAppender (GrpcLogAppender.java:onNext(421)) - omNode-1@group-523986131536->omNode-2-InstallSnapshotResponseHandler: InstallSnapshot in progress.
2022-09-29 01:23:45,318 [grpc-default-executor-0] INFO  leader.FollowerInfo (FollowerInfoImpl.java:lambda$new$0(48)) - omNode-1@group-523986131536->omNode-2: nextIndex: updateUnconditionally 57 -> 57
2022-09-29 01:23:45,319 [omNode-1@group-523986131536->omNode-2-GrpcLogAppender-LogAppenderDaemon] INFO  server.GrpcLogAppender (GrpcLogAppender.java:installSnapshot(541)) - omNode-1@group-523986131536->omNode-2-GrpcLogAppender: followerNextIndex = 57 but logStartIndex = 59, notify follower to install snapshot-(t:6, i:59)
2022-09-29 01:23:45,319 [omNode-1@group-523986131536->omNode-2-GrpcLogAppender-LogAppenderDaemon] INFO  server.GrpcLogAppender (GrpcLogAppender.java:installSnapshot(549)) - omNode-1@group-523986131536->omNode-2-GrpcLogAppender: send omNode-1->omNode-2#0-t6,notify:(t:6, i:59)
2022-09-29 01:23:45,319 [omNode-2-server-thread1] INFO  server.RaftServer$Division (RaftServerImpl.java:checkInconsistentAppendEntries(1402)) - omNode-2@group-523986131536: Failed appendEntries as snapshot (59) installation is in progress
2022-09-29 01:23:45,319 [omNode-2-server-thread1] INFO  server.RaftServer$Division (RaftServerImpl.java:checkInconsistentAppendEntries(1394)) - omNode-2@group-523986131536: inconsistency entries. Reply:omNode-1<-omNode-2#450:FAIL-t6,INCONSISTENCY,nextIndex=57,followerCommit=56
2022-09-29 01:23:45,319 [grpc-default-executor-2] INFO  impl.SnapshotInstallationHandler (SnapshotInstallationHandler.java:installSnapshot(84)) - omNode-2@group-523986131536: receive installSnapshot: omNode-1->omNode-2#0-t6,notify:(t:6, i:59)
2022-09-29 01:23:45,320 [grpc-default-executor-2] INFO  impl.SnapshotInstallationHandler (SnapshotInstallationHandler.java:installSnapshot(95)) - omNode-2@group-523986131536: reply installSnapshot: omNode-1<-omNode-2#0:FAIL-t6,IN_PROGRESS
2022-09-29 01:23:45,320 [grpc-default-executor-2] INFO  server.GrpcServerProtocolService (GrpcServerProtocolService.java:onCompleted(140)) - omNode-2: Completed INSTALL_SNAPSHOT, lastRequest: omNode-1->omNode-2#0-t6,notify:(t:6, i:59)
2022-09-29 01:23:45,321 [grpc-default-executor-0] INFO  server.GrpcLogAppender (GrpcLogAppender.java:onNext(403)) - omNode-1@group-523986131536->omNode-2-InstallSnapshotResponseHandler: received a reply omNode-1<-omNode-2#0:FAIL-t6,IN_PROGRESS
2022-09-29 01:23:45,321 [grpc-default-executor-0] INFO  server.GrpcLogAppender (GrpcLogAppender.java:onNext(421)) - omNode-1@group-523986131536->omNode-2-InstallSnapshotResponseHandler: InstallSnapshot in progress.
2022-09-29 01:23:45,321 [omNode-1@group-523986131536->omNode-2-GrpcLogAppender-LogAppenderDaemon] INFO  server.GrpcLogAppender (GrpcLogAppender.java:installSnapshot(541)) - omNode-1@group-523986131536->omNode-2-GrpcLogAppender: followerNextIndex = 57 but logStartIndex = 59, notify follower to install snapshot-(t:6, i:59)
2022-09-29 01:23:45,322 [omNode-1@group-523986131536->omNode-2-GrpcLogAppender-LogAppenderDaemon] INFO  server.GrpcLogAppender (GrpcLogAppender.java:installSnapshot(549)) - omNode-1@group-523986131536->omNode-2-GrpcLogAppender: send omNode-1->omNode-2#0-t6,notify:(t:6, i:59)
2022-09-29 01:23:45,324 [grpc-default-executor-1] INFO  leader.FollowerInfo (FollowerInfoImpl.java:lambda$new$0(48)) - omNode-1@group-523986131536->omNode-2: nextIndex: updateUnconditionally 57 -> 57
2022-09-29 01:23:45,325 [grpc-default-executor-1] INFO  impl.SnapshotInstallationHandler (SnapshotInstallationHandler.java:installSnapshot(84)) - omNode-2@group-523986131536: receive installSnapshot: omNode-1->omNode-2#0-t6,notify:(t:6, i:59)
2022-09-29 01:23:45,325 [grpc-default-executor-1] INFO  impl.SnapshotInstallationHandler (SnapshotInstallationHandler.java:installSnapshot(95)) - omNode-2@group-523986131536: reply installSnapshot: omNode-1<-omNode-2#0:FAIL-t6,IN_PROGRESS
2022-09-29 01:23:45,325 [grpc-default-executor-1] INFO  server.GrpcServerProtocolService (GrpcServerProtocolService.java:onCompleted(140)) - omNode-2: Completed INSTALL_SNAPSHOT, lastRequest: omNode-1->omNode-2#0-t6,notify:(t:6, i:59)
2022-09-29 01:23:45,326 [omNode-2-server-thread1] INFO  server.RaftServer$Division (RaftServerImpl.java:checkInconsistentAppendEntries(1402)) - omNode-2@group-523986131536: Failed appendEntries as snapshot (59) installation is in progress
2022-09-29 01:23:45,326 [omNode-2-server-thread1] INFO  server.RaftServer$Division (RaftServerImpl.java:checkInconsistentAppendEntries(1394)) - omNode-2@group-523986131536: inconsistency entries. Reply:omNode-1<-omNode-2#451:FAIL-t6,INCONSISTENCY,nextIndex=57,followerCommit=56
2022-09-29 01:23:45,326 [grpc-default-executor-1] INFO  server.GrpcLogAppender (GrpcLogAppender.java:onNext(403)) - omNode-1@group-523986131536->omNode-2-InstallSnapshotResponseHandler: received a reply omNode-1<-omNode-2#0:FAIL-t6,IN_PROGRESS
2022-09-29 01:23:45,326 [grpc-default-executor-1] INFO  server.GrpcLogAppender (GrpcLogAppender.java:onNext(421)) - omNode-1@group-523986131536->omNode-2-InstallSnapshotResponseHandler: InstallSnapshot in progress.
2022-09-29 01:23:45,327 [omNode-1@group-523986131536->omNode-2-GrpcLogAppender-LogAppenderDaemon] INFO  server.GrpcLogAppender (GrpcLogAppender.java:installSnapshot(541)) - omNode-1@group-523986131536->omNode-2-GrpcLogAppender: followerNextIndex = 57 but logStartIndex = 59, notify follower to install snapshot-(t:6, i:59)
2022-09-29 01:23:45,327 [omNode-1@group-523986131536->omNode-2-GrpcLogAppender-LogAppenderDaemon] INFO  server.GrpcLogAppender (GrpcLogAppender.java:installSnapshot(549)) - omNode-1@group-523986131536->omNode-2-GrpcLogAppender: send omNode-1->omNode-2#0-t6,notify:(t:6, i:59)
2022-09-29 01:23:45,327 [grpc-default-executor-1] INFO  leader.FollowerInfo (FollowerInfoImpl.java:lambda$new$0(48)) - omNode-1@group-523986131536->omNode-2: nextIndex: updateUnconditionally 57 -> 57
2022-09-29 01:23:45,328 [omNode-2-server-thread1] INFO  server.RaftServer$Division (RaftServerImpl.java:checkInconsistentAppendEntries(1402)) - omNode-2@group-523986131536: Failed appendEntries as snapshot (59) installation is in progress
2022-09-29 01:23:45,328 [omNode-2-server-thread1] INFO  server.RaftServer$Division (RaftServerImpl.java:checkInconsistentAppendEntries(1394)) - omNode-2@group-523986131536: inconsistency entries. Reply:omNode-1<-omNode-2#452:FAIL-t6,INCONSISTENCY,nextIndex=57,followerCommit=56
2022-09-29 01:23:45,328 [grpc-default-executor-1] INFO  impl.SnapshotInstallationHandler (SnapshotInstallationHandler.java:installSnapshot(84)) - omNode-2@group-523986131536: receive installSnapshot: omNode-1->omNode-2#0-t6,notify:(t:6, i:59)
2022-09-29 01:23:45,328 [grpc-default-executor-1] INFO  impl.SnapshotInstallationHandler (SnapshotInstallationHandler.java:installSnapshot(95)) - omNode-2@group-523986131536: reply installSnapshot: omNode-1<-omNode-2#0:FAIL-t6,IN_PROGRESS
2022-09-29 01:23:45,328 [grpc-default-executor-1] INFO  server.GrpcServerProtocolService (GrpcServerProtocolService.java:onCompleted(140)) - omNode-2: Completed INSTALL_SNAPSHOT, lastRequest: omNode-1->omNode-2#0-t6,notify:(t:6, i:59)
2022-09-29 01:23:45,329 [grpc-default-executor-2] INFO  leader.FollowerInfo (FollowerInfoImpl.java:lambda$new$0(48)) - omNode-1@group-523986131536->omNode-2: nextIndex: updateUnconditionally 57 -> 57
2022-09-29 01:23:45,329 [grpc-default-executor-2] INFO  server.GrpcLogAppender (GrpcLogAppender.java:onNext(403)) - omNode-1@group-523986131536->omNode-2-InstallSnapshotResponseHandler: received a reply omNode-1<-omNode-2#0:FAIL-t6,IN_PROGRESS
2022-09-29 01:23:45,329 [grpc-default-executor-2] INFO  server.GrpcLogAppender (GrpcLogAppender.java:onNext(421)) - omNode-1@group-523986131536->omNode-2-InstallSnapshotResponseHandler: InstallSnapshot in progress.
2022-09-29 01:23:45,329 [omNode-1@group-523986131536->omNode-2-GrpcLogAppender-LogAppenderDaemon] INFO  server.GrpcLogAppender (GrpcLogAppender.java:installSnapshot(541)) - omNode-1@group-523986131536->omNode-2-GrpcLogAppender: followerNextIndex = 57 but logStartIndex = 59, notify follower to install snapshot-(t:6, i:59)
2022-09-29 01:23:45,329 [omNode-1@group-523986131536->omNode-2-GrpcLogAppender-LogAppenderDaemon] INFO  server.GrpcLogAppender (GrpcLogAppender.java:installSnapshot(549)) - omNode-1@group-523986131536->omNode-2-GrpcLogAppender: send omNode-1->omNode-2#0-t6,notify:(t:6, i:59)
2022-09-29 01:23:45,330 [grpc-default-executor-2] INFO  impl.SnapshotInstallationHandler (SnapshotInstallationHandler.java:installSnapshot(84)) - omNode-2@group-523986131536: receive installSnapshot: omNode-1->omNode-2#0-t6,notify:(t:6, i:59)
2022-09-29 01:23:45,330 [grpc-default-executor-2] INFO  impl.SnapshotInstallationHandler (SnapshotInstallationHandler.java:installSnapshot(95)) - omNode-2@group-523986131536: reply installSnapshot: omNode-1<-omNode-2#0:FAIL-t6,IN_PROGRESS
2022-09-29 01:23:45,330 [grpc-default-executor-2] INFO  server.GrpcServerProtocolService (GrpcServerProtocolService.java:onCompleted(140)) - omNode-2: Completed INSTALL_SNAPSHOT, lastRequest: omNode-1->omNode-2#0-t6,notify:(t:6, i:59)
2022-09-29 01:23:45,331 [omNode-2-server-thread1] INFO  server.RaftServer$Division (RaftServerImpl.java:checkInconsistentAppendEntries(1402)) - omNode-2@group-523986131536: Failed appendEntries as snapshot (59) installation is in progress
2022-09-29 01:23:45,331 [omNode-2-server-thread1] INFO  server.RaftServer$Division (RaftServerImpl.java:checkInconsistentAppendEntries(1394)) - omNode-2@group-523986131536: inconsistency entries. Reply:omNode-1<-omNode-2#453:FAIL-t6,INCONSISTENCY,nextIndex=57,followerCommit=56
2022-09-29 01:23:45,331 [grpc-default-executor-1] INFO  server.GrpcLogAppender (GrpcLogAppender.java:onNext(403)) - omNode-1@group-523986131536->omNode-2-InstallSnapshotResponseHandler: received a reply omNode-1<-omNode-2#0:FAIL-t6,IN_PROGRESS
2022-09-29 01:23:45,331 [grpc-default-executor-1] INFO  server.GrpcLogAppender (GrpcLogAppender.java:onNext(421)) - omNode-1@group-523986131536->omNode-2-InstallSnapshotResponseHandler: InstallSnapshot in progress.
2022-09-29 01:23:45,331 [omNode-1@group-523986131536->omNode-2-GrpcLogAppender-LogAppenderDaemon] INFO  server.GrpcLogAppender (GrpcLogAppender.java:installSnapshot(541)) - omNode-1@group-523986131536->omNode-2-GrpcLogAppender: followerNextIndex = 57 but logStartIndex = 59, notify follower to install snapshot-(t:6, i:59)
2022-09-29 01:23:45,332 [omNode-1@group-523986131536->omNode-2-GrpcLogAppender-LogAppenderDaemon] INFO  server.GrpcLogAppender (GrpcLogAppender.java:installSnapshot(549)) - omNode-1@group-523986131536->omNode-2-GrpcLogAppender: send omNode-1->omNode-2#0-t6,notify:(t:6, i:59)
2022-09-29 01:23:45,332 [grpc-default-executor-1] INFO  leader.FollowerInfo (FollowerInfoImpl.java:lambda$new$0(48)) - omNode-1@group-523986131536->omNode-2: nextIndex: updateUnconditionally 57 -> 57
2022-09-29 01:23:45,332 [omNode-2-server-thread1] INFO  server.RaftServer$Division (RaftServerImpl.java:checkInconsistentAppendEntries(1402)) - omNode-2@group-523986131536: Failed appendEntries as snapshot (59) installation is in progress
2022-09-29 01:23:45,333 [omNode-2-server-thread1] INFO  server.RaftServer$Division (RaftServerImpl.java:checkInconsistentAppendEntries(1394)) - omNode-2@group-523986131536: inconsistency entries. Reply:omNode-1<-omNode-2#454:FAIL-t6,INCONSISTENCY,nextIndex=57,followerCommit=56
2022-09-29 01:23:45,333 [grpc-default-executor-1] INFO  impl.SnapshotInstallationHandler (SnapshotInstallationHandler.java:installSnapshot(84)) - omNode-2@group-523986131536: receive installSnapshot: omNode-1->omNode-2#0-t6,notify:(t:6, i:59)
2022-09-29 01:23:45,333 [grpc-default-executor-1] INFO  impl.SnapshotInstallationHandler (SnapshotInstallationHandler.java:installSnapshot(95)) - omNode-2@group-523986131536: reply installSnapshot: omNode-1<-omNode-2#0:FAIL-t6,IN_PROGRESS
2022-09-29 01:23:45,333 [grpc-default-executor-1] INFO  server.GrpcServerProtocolService (GrpcServerProtocolService.java:onCompleted(140)) - omNode-2: Completed INSTALL_SNAPSHOT, lastRequest: omNode-1->omNode-2#0-t6,notify:(t:6, i:59)
2022-09-29 01:23:45,334 [grpc-default-executor-2] INFO  leader.FollowerInfo (FollowerInfoImpl.java:lambda$new$0(48)) - omNode-1@group-523986131536->omNode-2: nextIndex: updateUnconditionally 57 -> 57
2022-09-29 01:23:45,334 [grpc-default-executor-2] INFO  server.GrpcLogAppender (GrpcLogAppender.java:onNext(403)) - omNode-1@group-523986131536->omNode-2-InstallSnapshotResponseHandler: received a reply omNode-1<-omNode-2#0:FAIL-t6,IN_PROGRESS
2022-09-29 01:23:45,334 [grpc-default-executor-2] INFO  server.GrpcLogAppender (GrpcLogAppender.java:onNext(421)) - omNode-1@group-523986131536->omNode-2-InstallSnapshotResponseHandler: InstallSnapshot in progress.
2022-09-29 01:23:45,334 [omNode-1@group-523986131536->omNode-2-GrpcLogAppender-LogAppenderDaemon] INFO  server.GrpcLogAppender (GrpcLogAppender.java:installSnapshot(541)) - omNode-1@group-523986131536->omNode-2-GrpcLogAppender: followerNextIndex = 57 but logStartIndex = 59, notify follower to install snapshot-(t:6, i:59)
2022-09-29 01:23:45,334 [omNode-1@group-523986131536->omNode-2-GrpcLogAppender-LogAppenderDaemon] INFO  server.GrpcLogAppender (GrpcLogAppender.java:installSnapshot(549)) - omNode-1@group-523986131536->omNode-2-GrpcLogAppender: send omNode-1->omNode-2#0-t6,notify:(t:6, i:59)
2022-09-29 01:23:45,336 [omNode-2-server-thread1] INFO  server.RaftServer$Division (RaftServerImpl.java:checkInconsistentAppendEntries(1402)) - omNode-2@group-523986131536: Failed appendEntries as snapshot (59) installation is in progress
2022-09-29 01:23:45,336 [omNode-2-server-thread1] INFO  server.RaftServer$Division (RaftServerImpl.java:checkInconsistentAppendEntries(1394)) - omNode-2@group-523986131536: inconsistency entries. Reply:omNode-1<-omNode-2#455:FAIL-t6,INCONSISTENCY,nextIndex=57,followerCommit=56
2022-09-29 01:23:45,336 [grpc-default-executor-2] INFO  impl.SnapshotInstallationHandler (SnapshotInstallationHandler.java:installSnapshot(84)) - omNode-2@group-523986131536: receive installSnapshot: omNode-1->omNode-2#0-t6,notify:(t:6, i:59)
2022-09-29 01:23:45,336 [grpc-default-executor-2] INFO  impl.SnapshotInstallationHandler (SnapshotInstallationHandler.java:installSnapshot(95)) - omNode-2@group-523986131536: reply installSnapshot: omNode-1<-omNode-2#0:FAIL-t6,IN_PROGRESS
2022-09-29 01:23:45,337 [grpc-default-executor-2] INFO  server.GrpcServerProtocolService (GrpcServerProtocolService.java:onCompleted(140)) - omNode-2: Completed INSTALL_SNAPSHOT, lastRequest: omNode-1->omNode-2#0-t6,notify:(t:6, i:59)
2022-09-29 01:23:45,337 [grpc-default-executor-0] INFO  server.GrpcLogAppender (GrpcLogAppender.java:onNext(403)) - omNode-1@group-523986131536->omNode-2-InstallSnapshotResponseHandler: received a reply omNode-1<-omNode-2#0:FAIL-t6,IN_PROGRESS
2022-09-29 01:23:45,337 [grpc-default-executor-0] INFO  server.GrpcLogAppender (GrpcLogAppender.java:onNext(421)) - omNode-1@group-523986131536->omNode-2-InstallSnapshotResponseHandler: InstallSnapshot in progress.
2022-09-29 01:23:45,337 [omNode-1@group-523986131536->omNode-2-GrpcLogAppender-LogAppenderDaemon] INFO  server.GrpcLogAppender (GrpcLogAppender.java:installSnapshot(541)) - omNode-1@group-523986131536->omNode-2-GrpcLogAppender: followerNextIndex = 57 but logStartIndex = 59, notify follower to install snapshot-(t:6, i:59)
2022-09-29 01:23:45,337 [omNode-1@group-523986131536->omNode-2-GrpcLogAppender-LogAppenderDaemon] INFO  server.GrpcLogAppender (GrpcLogAppender.java:installSnapshot(549)) - omNode-1@group-523986131536->omNode-2-GrpcLogAppender: send omNode-1->omNode-2#0-t6,notify:(t:6, i:59)
2022-09-29 01:23:45,338 [grpc-default-executor-2] INFO  leader.FollowerInfo (FollowerInfoImpl.java:lambda$new$0(48)) - omNode-1@group-523986131536->omNode-2: nextIndex: updateUnconditionally 57 -> 57
2022-09-29 01:23:45,338 [omNode-2-server-thread1] INFO  server.RaftServer$Division (RaftServerImpl.java:checkInconsistentAppendEntries(1402)) - omNode-2@group-523986131536: Failed appendEntries as snapshot (59) installation is in progress
2022-09-29 01:23:45,338 [omNode-2-server-thread1] INFO  server.RaftServer$Division (RaftServerImpl.java:checkInconsistentAppendEntries(1394)) - omNode-2@group-523986131536: inconsistency entries. Reply:omNode-1<-omNode-2#456:FAIL-t6,INCONSISTENCY,nextIndex=57,followerCommit=56
2022-09-29 01:23:45,339 [grpc-default-executor-0] INFO  impl.SnapshotInstallationHandler (SnapshotInstallationHandler.java:installSnapshot(84)) - omNode-2@group-523986131536: receive installSnapshot: omNode-1->omNode-2#0-t6,notify:(t:6, i:59)
2022-09-29 01:23:45,339 [grpc-default-executor-0] INFO  impl.SnapshotInstallationHandler (SnapshotInstallationHandler.java:installSnapshot(95)) - omNode-2@group-523986131536: reply installSnapshot: omNode-1<-omNode-2#0:FAIL-t6,IN_PROGRESS
2022-09-29 01:23:45,339 [grpc-default-executor-0] INFO  server.GrpcServerProtocolService (GrpcServerProtocolService.java:onCompleted(140)) - omNode-2: Completed INSTALL_SNAPSHOT, lastRequest: omNode-1->omNode-2#0-t6,notify:(t:6, i:59)
2022-09-29 01:23:45,340 [grpc-default-executor-0] INFO  server.GrpcLogAppender (GrpcLogAppender.java:onNext(403)) - omNode-1@group-523986131536->omNode-2-InstallSnapshotResponseHandler: received a reply omNode-1<-omNode-2#0:FAIL-t6,IN_PROGRESS
2022-09-29 01:23:45,340 [grpc-default-executor-0] INFO  server.GrpcLogAppender (GrpcLogAppender.java:onNext(421)) - omNode-1@group-523986131536->omNode-2-InstallSnapshotResponseHandler: InstallSnapshot in progress.
2022-09-29 01:23:45,340 [omNode-1@group-523986131536->omNode-2-GrpcLogAppender-LogAppenderDaemon] INFO  server.GrpcLogAppender (GrpcLogAppender.java:installSnapshot(541)) - omNode-1@group-523986131536->omNode-2-GrpcLogAppender: followerNextIndex = 57 but logStartIndex = 59, notify follower to install snapshot-(t:6, i:59)
2022-09-29 01:23:45,340 [omNode-1@group-523986131536->omNode-2-GrpcLogAppender-LogAppenderDaemon] INFO  server.GrpcLogAppender (GrpcLogAppender.java:installSnapshot(549)) - omNode-1@group-523986131536->omNode-2-GrpcLogAppender: send omNode-1->omNode-2#0-t6,notify:(t:6, i:59)
2022-09-29 01:23:45,340 [grpc-default-executor-2] INFO  leader.FollowerInfo (FollowerInfoImpl.java:lambda$new$0(48)) - omNode-1@group-523986131536->omNode-2: nextIndex: updateUnconditionally 57 -> 57
2022-09-29 01:23:45,341 [omNode-2-server-thread1] INFO  server.RaftServer$Division (RaftServerImpl.java:checkInconsistentAppendEntries(1402)) - omNode-2@group-523986131536: Failed appendEntries as snapshot (59) installation is in progress
2022-09-29 01:23:45,341 [omNode-2-server-thread1] INFO  server.RaftServer$Division (RaftServerImpl.java:checkInconsistentAppendEntries(1394)) - omNode-2@group-523986131536: inconsistency entries. Reply:omNode-1<-omNode-2#457:FAIL-t6,INCONSISTENCY,nextIndex=57,followerCommit=56
2022-09-29 01:23:45,341 [grpc-default-executor-2] INFO  impl.SnapshotInstallationHandler (SnapshotInstallationHandler.java:installSnapshot(84)) - omNode-2@group-523986131536: receive installSnapshot: omNode-1->omNode-2#0-t6,notify:(t:6, i:59)
2022-09-29 01:23:45,341 [grpc-default-executor-2] INFO  impl.SnapshotInstallationHandler (SnapshotInstallationHandler.java:installSnapshot(95)) - omNode-2@group-523986131536: reply installSnapshot: omNode-1<-omNode-2#0:FAIL-t6,IN_PROGRESS
2022-09-29 01:23:45,341 [grpc-default-executor-2] INFO  server.GrpcServerProtocolService (GrpcServerProtocolService.java:onCompleted(140)) - omNode-2: Completed INSTALL_SNAPSHOT, lastRequest: omNode-1->omNode-2#0-t6,notify:(t:6, i:59)
2022-09-29 01:23:45,342 [grpc-default-executor-0] INFO  server.GrpcLogAppender (GrpcLogAppender.java:onNext(403)) - omNode-1@group-523986131536->omNode-2-InstallSnapshotResponseHandler: received a reply omNode-1<-omNode-2#0:FAIL-t6,IN_PROGRESS
2022-09-29 01:23:45,342 [grpc-default-executor-0] INFO  server.GrpcLogAppender (GrpcLogAppender.java:onNext(421)) - omNode-1@group-523986131536->omNode-2-InstallSnapshotResponseHandler: InstallSnapshot in progress.
2022-09-29 01:23:45,342 [omNode-1@group-523986131536->omNode-2-GrpcLogAppender-LogAppenderDaemon] INFO  server.GrpcLogAppender (GrpcLogAppender.java:installSnapshot(541)) - omNode-1@group-523986131536->omNode-2-GrpcLogAppender: followerNextIndex = 57 but logStartIndex = 59, notify follower to install snapshot-(t:6, i:59)
2022-09-29 01:23:45,342 [omNode-1@group-523986131536->omNode-2-GrpcLogAppender-LogAppenderDaemon] INFO  server.GrpcLogAppender (GrpcLogAppender.java:installSnapshot(549)) - omNode-1@group-523986131536->omNode-2-GrpcLogAppender: send omNode-1->omNode-2#0-t6,notify:(t:6, i:59)
2022-09-29 01:23:45,343 [grpc-default-executor-2] INFO  leader.FollowerInfo (FollowerInfoImpl.java:lambda$new$0(48)) - omNode-1@group-523986131536->omNode-2: nextIndex: updateUnconditionally 57 -> 57
2022-09-29 01:23:45,343 [omNode-2-server-thread1] INFO  server.RaftServer$Division (RaftServerImpl.java:checkInconsistentAppendEntries(1402)) - omNode-2@group-523986131536: Failed appendEntries as snapshot (59) installation is in progress
2022-09-29 01:23:45,343 [omNode-2-server-thread1] INFO  server.RaftServer$Division (RaftServerImpl.java:checkInconsistentAppendEntries(1394)) - omNode-2@group-523986131536: inconsistency entries. Reply:omNode-1<-omNode-2#458:FAIL-t6,INCONSISTENCY,nextIndex=57,followerCommit=56
2022-09-29 01:23:45,344 [grpc-default-executor-2] INFO  impl.SnapshotInstallationHandler (SnapshotInstallationHandler.java:installSnapshot(84)) - omNode-2@group-523986131536: receive installSnapshot: omNode-1->omNode-2#0-t6,notify:(t:6, i:59)
2022-09-29 01:23:45,344 [grpc-default-executor-2] INFO  impl.SnapshotInstallationHandler (SnapshotInstallationHandler.java:installSnapshot(95)) - omNode-2@group-523986131536: reply installSnapshot: omNode-1<-omNode-2#0:FAIL-t6,IN_PROGRESS
2022-09-29 01:23:45,344 [grpc-default-executor-2] INFO  server.GrpcServerProtocolService (GrpcServerProtocolService.java:onCompleted(140)) - omNode-2: Completed INSTALL_SNAPSHOT, lastRequest: omNode-1->omNode-2#0-t6,notify:(t:6, i:59)
2022-09-29 01:23:45,344 [grpc-default-executor-0] INFO  server.GrpcLogAppender (GrpcLogAppender.java:onNext(403)) - omNode-1@group-523986131536->omNode-2-InstallSnapshotResponseHandler: received a reply omNode-1<-omNode-2#0:FAIL-t6,IN_PROGRESS
2022-09-29 01:23:45,344 [grpc-default-executor-0] INFO  server.GrpcLogAppender (GrpcLogAppender.java:onNext(421)) - omNode-1@group-523986131536->omNode-2-InstallSnapshotResponseHandler: InstallSnapshot in progress.
2022-09-29 01:23:45,345 [omNode-1@group-523986131536->omNode-2-GrpcLogAppender-LogAppenderDaemon] INFO  server.GrpcLogAppender (GrpcLogAppender.java:installSnapshot(541)) - omNode-1@group-523986131536->omNode-2-GrpcLogAppender: followerNextIndex = 57 but logStartIndex = 59, notify follower to install snapshot-(t:6, i:59)
2022-09-29 01:23:45,345 [omNode-1@group-523986131536->omNode-2-GrpcLogAppender-LogAppenderDaemon] INFO  server.GrpcLogAppender (GrpcLogAppender.java:installSnapshot(549)) - omNode-1@group-523986131536->omNode-2-GrpcLogAppender: send omNode-1->omNode-2#0-t6,notify:(t:6, i:59)
2022-09-29 01:23:45,345 [grpc-default-executor-2] INFO  leader.FollowerInfo (FollowerInfoImpl.java:lambda$new$0(48)) - omNode-1@group-523986131536->omNode-2: nextIndex: updateUnconditionally 57 -> 57
2022-09-29 01:23:45,346 [omNode-2-server-thread1] INFO  server.RaftServer$Division (RaftServerImpl.java:checkInconsistentAppendEntries(1402)) - omNode-2@group-523986131536: Failed appendEntries as snapshot (59) installation is in progress
2022-09-29 01:23:45,346 [omNode-2-server-thread1] INFO  server.RaftServer$Division (RaftServerImpl.java:checkInconsistentAppendEntries(1394)) - omNode-2@group-523986131536: inconsistency entries. Reply:omNode-1<-omNode-2#459:FAIL-t6,INCONSISTENCY,nextIndex=57,followerCommit=56
2022-09-29 01:23:45,346 [grpc-default-executor-0] INFO  impl.SnapshotInstallationHandler (SnapshotInstallationHandler.java:installSnapshot(84)) - omNode-2@group-523986131536: receive installSnapshot: omNode-1->omNode-2#0-t6,notify:(t:6, i:59)
2022-09-29 01:23:45,346 [grpc-default-executor-0] INFO  impl.SnapshotInstallationHandler (SnapshotInstallationHandler.java:installSnapshot(95)) - omNode-2@group-523986131536: reply installSnapshot: omNode-1<-omNode-2#0:FAIL-t6,IN_PROGRESS
2022-09-29 01:23:45,346 [grpc-default-executor-0] INFO  server.GrpcServerProtocolService (GrpcServerProtocolService.java:onCompleted(140)) - omNode-2: Completed INSTALL_SNAPSHOT, lastRequest: omNode-1->omNode-2#0-t6,notify:(t:6, i:59)
2022-09-29 01:23:45,347 [grpc-default-executor-0] INFO  server.GrpcLogAppender (GrpcLogAppender.java:onNext(403)) - omNode-1@group-523986131536->omNode-2-InstallSnapshotResponseHandler: received a reply omNode-1<-omNode-2#0:FAIL-t6,IN_PROGRESS
2022-09-29 01:23:45,347 [grpc-default-executor-0] INFO  server.GrpcLogAppender (GrpcLogAppender.java:onNext(421)) - omNode-1@group-523986131536->omNode-2-InstallSnapshotResponseHandler: InstallSnapshot in progress.
2022-09-29 01:23:45,347 [omNode-1@group-523986131536->omNode-2-GrpcLogAppender-LogAppenderDaemon] INFO  server.GrpcLogAppender (GrpcLogAppender.java:installSnapshot(541)) - omNode-1@group-523986131536->omNode-2-GrpcLogAppender: followerNextIndex = 57 but logStartIndex = 59, notify follower to install snapshot-(t:6, i:59)
2022-09-29 01:23:45,347 [omNode-1@group-523986131536->omNode-2-GrpcLogAppender-LogAppenderDaemon] INFO  server.GrpcLogAppender (GrpcLogAppender.java:installSnapshot(549)) - omNode-1@group-523986131536->omNode-2-GrpcLogAppender: send omNode-1->omNode-2#0-t6,notify:(t:6, i:59)
2022-09-29 01:23:45,347 [grpc-default-executor-2] INFO  leader.FollowerInfo (FollowerInfoImpl.java:lambda$new$0(48)) - omNode-1@group-523986131536->omNode-2: nextIndex: updateUnconditionally 57 -> 57
2022-09-29 01:23:45,348 [omNode-2-server-thread1] INFO  server.RaftServer$Division (RaftServerImpl.java:checkInconsistentAppendEntries(1402)) - omNode-2@group-523986131536: Failed appendEntries as snapshot (59) installation is in progress
2022-09-29 01:23:45,348 [omNode-2-server-thread1] INFO  server.RaftServer$Division (RaftServerImpl.java:checkInconsistentAppendEntries(1394)) - omNode-2@group-523986131536: inconsistency entries. Reply:omNode-1<-omNode-2#460:FAIL-t6,INCONSISTENCY,nextIndex=57,followerCommit=56
2022-09-29 01:23:45,348 [grpc-default-executor-2] INFO  impl.SnapshotInstallationHandler (SnapshotInstallationHandler.java:installSnapshot(84)) - omNode-2@group-523986131536: receive installSnapshot: omNode-1->omNode-2#0-t6,notify:(t:6, i:59)
2022-09-29 01:23:45,349 [grpc-default-executor-2] INFO  impl.SnapshotInstallationHandler (SnapshotInstallationHandler.java:installSnapshot(95)) - omNode-2@group-523986131536: reply installSnapshot: omNode-1<-omNode-2#0:FAIL-t6,IN_PROGRESS
2022-09-29 01:23:45,349 [grpc-default-executor-2] INFO  server.GrpcServerProtocolService (GrpcServerProtocolService.java:onCompleted(140)) - omNode-2: Completed INSTALL_SNAPSHOT, lastRequest: omNode-1->omNode-2#0-t6,notify:(t:6, i:59)
2022-09-29 01:23:45,349 [grpc-default-executor-0] INFO  server.GrpcLogAppender (GrpcLogAppender.java:onNext(403)) - omNode-1@group-523986131536->omNode-2-InstallSnapshotResponseHandler: received a reply omNode-1<-omNode-2#0:FAIL-t6,IN_PROGRESS
2022-09-29 01:23:45,349 [grpc-default-executor-0] INFO  server.GrpcLogAppender (GrpcLogAppender.java:onNext(421)) - omNode-1@group-523986131536->omNode-2-InstallSnapshotResponseHandler: InstallSnapshot in progress.
2022-09-29 01:23:45,349 [omNode-1@group-523986131536->omNode-2-GrpcLogAppender-LogAppenderDaemon] INFO  server.GrpcLogAppender (GrpcLogAppender.java:installSnapshot(541)) - omNode-1@group-523986131536->omNode-2-GrpcLogAppender: followerNextIndex = 57 but logStartIndex = 59, notify follower to install snapshot-(t:6, i:59)
2022-09-29 01:23:45,350 [omNode-1@group-523986131536->omNode-2-GrpcLogAppender-LogAppenderDaemon] INFO  server.GrpcLogAppender (GrpcLogAppender.java:installSnapshot(549)) - omNode-1@group-523986131536->omNode-2-GrpcLogAppender: send omNode-1->omNode-2#0-t6,notify:(t:6, i:59)
2022-09-29 01:23:45,350 [grpc-default-executor-2] INFO  leader.FollowerInfo (FollowerInfoImpl.java:lambda$new$0(48)) - omNode-1@group-523986131536->omNode-2: nextIndex: updateUnconditionally 57 -> 57
2022-09-29 01:23:45,350 [omNode-2-server-thread1] INFO  server.RaftServer$Division (RaftServerImpl.java:checkInconsistentAppendEntries(1402)) - omNode-2@group-523986131536: Failed appendEntries as snapshot (59) installation is in progress
2022-09-29 01:23:45,350 [omNode-2-server-thread1] INFO  server.RaftServer$Division (RaftServerImpl.java:checkInconsistentAppendEntries(1394)) - omNode-2@group-523986131536: inconsistency entries. Reply:omNode-1<-omNode-2#461:FAIL-t6,INCONSISTENCY,nextIndex=57,followerCommit=56
2022-09-29 01:23:45,351 [grpc-default-executor-2] INFO  impl.SnapshotInstallationHandler (SnapshotInstallationHandler.java:installSnapshot(84)) - omNode-2@group-523986131536: receive installSnapshot: omNode-1->omNode-2#0-t6,notify:(t:6, i:59)
2022-09-29 01:23:45,351 [grpc-default-executor-2] INFO  impl.SnapshotInstallationHandler (SnapshotInstallationHandler.java:installSnapshot(95)) - omNode-2@group-523986131536: reply installSnapshot: omNode-1<-omNode-2#0:FAIL-t6,IN_PROGRESS
2022-09-29 01:23:45,351 [grpc-default-executor-2] INFO  server.GrpcServerProtocolService (GrpcServerProtocolService.java:onCompleted(140)) - omNode-2: Completed INSTALL_SNAPSHOT, lastRequest: omNode-1->omNode-2#0-t6,notify:(t:6, i:59)
2022-09-29 01:23:45,352 [grpc-default-executor-0] INFO  server.GrpcLogAppender (GrpcLogAppender.java:onNext(403)) - omNode-1@group-523986131536->omNode-2-InstallSnapshotResponseHandler: received a reply omNode-1<-omNode-2#0:FAIL-t6,IN_PROGRESS
2022-09-29 01:23:45,352 [grpc-default-executor-0] INFO  server.GrpcLogAppender (GrpcLogAppender.java:onNext(421)) - omNode-1@group-523986131536->omNode-2-InstallSnapshotResponseHandler: InstallSnapshot in progress.
2022-09-29 01:23:45,352 [omNode-1@group-523986131536->omNode-2-GrpcLogAppender-LogAppenderDaemon] INFO  server.GrpcLogAppender (GrpcLogAppender.java:installSnapshot(541)) - omNode-1@group-523986131536->omNode-2-GrpcLogAppender: followerNextIndex = 57 but logStartIndex = 59, notify follower to install snapshot-(t:6, i:59)
2022-09-29 01:23:45,352 [omNode-1@group-523986131536->omNode-2-GrpcLogAppender-LogAppenderDaemon] INFO  server.GrpcLogAppender (GrpcLogAppender.java:installSnapshot(549)) - omNode-1@group-523986131536->omNode-2-GrpcLogAppender: send omNode-1->omNode-2#0-t6,notify:(t:6, i:59)
2022-09-29 01:23:45,352 [grpc-default-executor-2] INFO  leader.FollowerInfo (FollowerInfoImpl.java:lambda$new$0(48)) - omNode-1@group-523986131536->omNode-2: nextIndex: updateUnconditionally 57 -> 57
2022-09-29 01:23:45,353 [omNode-2-server-thread1] INFO  server.RaftServer$Division (RaftServerImpl.java:checkInconsistentAppendEntries(1402)) - omNode-2@group-523986131536: Failed appendEntries as snapshot (59) installation is in progress
2022-09-29 01:23:45,353 [omNode-2-server-thread1] INFO  server.RaftServer$Division (RaftServerImpl.java:checkInconsistentAppendEntries(1394)) - omNode-2@group-523986131536: inconsistency entries. Reply:omNode-1<-omNode-2#462:FAIL-t6,INCONSISTENCY,nextIndex=57,followerCommit=56
2022-09-29 01:23:45,353 [grpc-default-executor-2] INFO  impl.SnapshotInstallationHandler (SnapshotInstallationHandler.java:installSnapshot(84)) - omNode-2@group-523986131536: receive installSnapshot: omNode-1->omNode-2#0-t6,notify:(t:6, i:59)
2022-09-29 01:23:45,353 [grpc-default-executor-2] INFO  impl.SnapshotInstallationHandler (SnapshotInstallationHandler.java:installSnapshot(95)) - omNode-2@group-523986131536: reply installSnapshot: omNode-1<-omNode-2#0:FAIL-t6,IN_PROGRESS
2022-09-29 01:23:45,353 [grpc-default-executor-2] INFO  server.GrpcServerProtocolService (GrpcServerProtocolService.java:onCompleted(140)) - omNode-2: Completed INSTALL_SNAPSHOT, lastRequest: omNode-1->omNode-2#0-t6,notify:(t:6, i:59)
2022-09-29 01:23:45,354 [grpc-default-executor-0] INFO  leader.FollowerInfo (FollowerInfoImpl.java:lambda$new$0(48)) - omNode-1@group-523986131536->omNode-2: nextIndex: updateUnconditionally 57 -> 57
2022-09-29 01:23:45,354 [grpc-default-executor-0] INFO  server.GrpcLogAppender (GrpcLogAppender.java:onNext(403)) - omNode-1@group-523986131536->omNode-2-InstallSnapshotResponseHandler: received a reply omNode-1<-omNode-2#0:FAIL-t6,IN_PROGRESS
2022-09-29 01:23:45,354 [grpc-default-executor-0] INFO  server.GrpcLogAppender (GrpcLogAppender.java:onNext(421)) - omNode-1@group-523986131536->omNode-2-InstallSnapshotResponseHandler: InstallSnapshot in progress.
2022-09-29 01:23:45,355 [omNode-1@group-523986131536->omNode-2-GrpcLogAppender-LogAppenderDaemon] INFO  server.GrpcLogAppender (GrpcLogAppender.java:installSnapshot(541)) - omNode-1@group-523986131536->omNode-2-GrpcLogAppender: followerNextIndex = 57 but logStartIndex = 59, notify follower to install snapshot-(t:6, i:59)
2022-09-29 01:23:45,355 [omNode-1@group-523986131536->omNode-2-GrpcLogAppender-LogAppenderDaemon] INFO  server.GrpcLogAppender (GrpcLogAppender.java:installSnapshot(549)) - omNode-1@group-523986131536->omNode-2-GrpcLogAppender: send omNode-1->omNode-2#0-t6,notify:(t:6, i:59)
2022-09-29 01:23:45,356 [omNode-2-server-thread1] INFO  server.RaftServer$Division (RaftServerImpl.java:checkInconsistentAppendEntries(1402)) - omNode-2@group-523986131536: Failed appendEntries as snapshot (59) installation is in progress
2022-09-29 01:23:45,356 [omNode-2-server-thread1] INFO  server.RaftServer$Division (RaftServerImpl.java:checkInconsistentAppendEntries(1394)) - omNode-2@group-523986131536: inconsistency entries. Reply:omNode-1<-omNode-2#463:FAIL-t6,INCONSISTENCY,nextIndex=57,followerCommit=56
2022-09-29 01:23:45,356 [grpc-default-executor-0] INFO  impl.SnapshotInstallationHandler (SnapshotInstallationHandler.java:installSnapshot(84)) - omNode-2@group-523986131536: receive installSnapshot: omNode-1->omNode-2#0-t6,notify:(t:6, i:59)
2022-09-29 01:23:45,356 [grpc-default-executor-0] INFO  impl.SnapshotInstallationHandler (SnapshotInstallationHandler.java:installSnapshot(95)) - omNode-2@group-523986131536: reply installSnapshot: omNode-1<-omNode-2#0:FAIL-t6,IN_PROGRESS
2022-09-29 01:23:45,356 [grpc-default-executor-0] INFO  server.GrpcServerProtocolService (GrpcServerProtocolService.java:onCompleted(140)) - omNode-2: Completed INSTALL_SNAPSHOT, lastRequest: omNode-1->omNode-2#0-t6,notify:(t:6, i:59)
2022-09-29 01:23:45,358 [grpc-default-executor-0] INFO  server.GrpcLogAppender (GrpcLogAppender.java:onNext(403)) - omNode-1@group-523986131536->omNode-2-InstallSnapshotResponseHandler: received a reply omNode-1<-omNode-2#0:FAIL-t6,IN_PROGRESS
2022-09-29 01:23:45,358 [grpc-default-executor-0] INFO  server.GrpcLogAppender (GrpcLogAppender.java:onNext(421)) - omNode-1@group-523986131536->omNode-2-InstallSnapshotResponseHandler: InstallSnapshot in progress.
2022-09-29 01:23:45,359 [omNode-1@group-523986131536->omNode-2-GrpcLogAppender-LogAppenderDaemon] INFO  server.GrpcLogAppender (GrpcLogAppender.java:installSnapshot(541)) - omNode-1@group-523986131536->omNode-2-GrpcLogAppender: followerNextIndex = 57 but logStartIndex = 59, notify follower to install snapshot-(t:6, i:59)
2022-09-29 01:23:45,359 [omNode-1@group-523986131536->omNode-2-GrpcLogAppender-LogAppenderDaemon] INFO  server.GrpcLogAppender (GrpcLogAppender.java:installSnapshot(549)) - omNode-1@group-523986131536->omNode-2-GrpcLogAppender: send omNode-1->omNode-2#0-t6,notify:(t:6, i:59)
2022-09-29 01:23:45,359 [grpc-default-executor-2] INFO  leader.FollowerInfo (FollowerInfoImpl.java:lambda$new$0(48)) - omNode-1@group-523986131536->omNode-2: nextIndex: updateUnconditionally 57 -> 57
2022-09-29 01:23:45,360 [omNode-2-server-thread1] INFO  server.RaftServer$Division (RaftServerImpl.java:checkInconsistentAppendEntries(1402)) - omNode-2@group-523986131536: Failed appendEntries as snapshot (59) installation is in progress
2022-09-29 01:23:45,360 [omNode-2-server-thread1] INFO  server.RaftServer$Division (RaftServerImpl.java:checkInconsistentAppendEntries(1394)) - omNode-2@group-523986131536: inconsistency entries. Reply:omNode-1<-omNode-2#464:FAIL-t6,INCONSISTENCY,nextIndex=57,followerCommit=56
2022-09-29 01:23:45,360 [grpc-default-executor-2] INFO  impl.SnapshotInstallationHandler (SnapshotInstallationHandler.java:installSnapshot(84)) - omNode-2@group-523986131536: receive installSnapshot: omNode-1->omNode-2#0-t6,notify:(t:6, i:59)
2022-09-29 01:23:45,361 [grpc-default-executor-2] INFO  impl.SnapshotInstallationHandler (SnapshotInstallationHandler.java:installSnapshot(95)) - omNode-2@group-523986131536: reply installSnapshot: omNode-1<-omNode-2#0:FAIL-t6,IN_PROGRESS
2022-09-29 01:23:45,361 [grpc-default-executor-2] INFO  server.GrpcServerProtocolService (GrpcServerProtocolService.java:onCompleted(140)) - omNode-2: Completed INSTALL_SNAPSHOT, lastRequest: omNode-1->omNode-2#0-t6,notify:(t:6, i:59)
2022-09-29 01:23:45,361 [grpc-default-executor-0] INFO  server.GrpcLogAppender (GrpcLogAppender.java:onNext(403)) - omNode-1@group-523986131536->omNode-2-InstallSnapshotResponseHandler: received a reply omNode-1<-omNode-2#0:FAIL-t6,IN_PROGRESS
2022-09-29 01:23:45,361 [grpc-default-executor-0] INFO  server.GrpcLogAppender (GrpcLogAppender.java:onNext(421)) - omNode-1@group-523986131536->omNode-2-InstallSnapshotResponseHandler: InstallSnapshot in progress.
2022-09-29 01:23:45,362 [omNode-1@group-523986131536->omNode-2-GrpcLogAppender-LogAppenderDaemon] INFO  server.GrpcLogAppender (GrpcLogAppender.java:installSnapshot(541)) - omNode-1@group-523986131536->omNode-2-GrpcLogAppender: followerNextIndex = 57 but logStartIndex = 59, notify follower to install snapshot-(t:6, i:59)
2022-09-29 01:23:45,362 [omNode-1@group-523986131536->omNode-2-GrpcLogAppender-LogAppenderDaemon] INFO  server.GrpcLogAppender (GrpcLogAppender.java:installSnapshot(549)) - omNode-1@group-523986131536->omNode-2-GrpcLogAppender: send omNode-1->omNode-2#0-t6,notify:(t:6, i:59)
2022-09-29 01:23:45,362 [grpc-default-executor-2] INFO  leader.FollowerInfo (FollowerInfoImpl.java:lambda$new$0(48)) - omNode-1@group-523986131536->omNode-2: nextIndex: updateUnconditionally 57 -> 57
2022-09-29 01:23:45,363 [omNode-2-server-thread1] INFO  server.RaftServer$Division (RaftServerImpl.java:checkInconsistentAppendEntries(1402)) - omNode-2@group-523986131536: Failed appendEntries as snapshot (59) installation is in progress
2022-09-29 01:23:45,363 [omNode-2-server-thread1] INFO  server.RaftServer$Division (RaftServerImpl.java:checkInconsistentAppendEntries(1394)) - omNode-2@group-523986131536: inconsistency entries. Reply:omNode-1<-omNode-2#465:FAIL-t6,INCONSISTENCY,nextIndex=57,followerCommit=56
2022-09-29 01:23:45,363 [grpc-default-executor-2] INFO  impl.SnapshotInstallationHandler (SnapshotInstallationHandler.java:installSnapshot(84)) - omNode-2@group-523986131536: receive installSnapshot: omNode-1->omNode-2#0-t6,notify:(t:6, i:59)
2022-09-29 01:23:45,363 [grpc-default-executor-2] INFO  impl.SnapshotInstallationHandler (SnapshotInstallationHandler.java:installSnapshot(95)) - omNode-2@group-523986131536: reply installSnapshot: omNode-1<-omNode-2#0:FAIL-t6,IN_PROGRESS
2022-09-29 01:23:45,363 [grpc-default-executor-2] INFO  server.GrpcServerProtocolService (GrpcServerProtocolService.java:onCompleted(140)) - omNode-2: Completed INSTALL_SNAPSHOT, lastRequest: omNode-1->omNode-2#0-t6,notify:(t:6, i:59)
2022-09-29 01:23:45,364 [grpc-default-executor-0] INFO  server.GrpcLogAppender (GrpcLogAppender.java:onNext(403)) - omNode-1@group-523986131536->omNode-2-InstallSnapshotResponseHandler: received a reply omNode-1<-omNode-2#0:FAIL-t6,IN_PROGRESS
2022-09-29 01:23:45,364 [grpc-default-executor-0] INFO  server.GrpcLogAppender (GrpcLogAppender.java:onNext(421)) - omNode-1@group-523986131536->omNode-2-InstallSnapshotResponseHandler: InstallSnapshot in progress.
2022-09-29 01:23:45,364 [omNode-1@group-523986131536->omNode-2-GrpcLogAppender-LogAppenderDaemon] INFO  server.GrpcLogAppender (GrpcLogAppender.java:installSnapshot(541)) - omNode-1@group-523986131536->omNode-2-GrpcLogAppender: followerNextIndex = 57 but logStartIndex = 59, notify follower to install snapshot-(t:6, i:59)
2022-09-29 01:23:45,364 [omNode-1@group-523986131536->omNode-2-GrpcLogAppender-LogAppenderDaemon] INFO  server.GrpcLogAppender (GrpcLogAppender.java:installSnapshot(549)) - omNode-1@group-523986131536->omNode-2-GrpcLogAppender: send omNode-1->omNode-2#0-t6,notify:(t:6, i:59)
2022-09-29 01:23:45,364 [grpc-default-executor-2] INFO  leader.FollowerInfo (FollowerInfoImpl.java:lambda$new$0(48)) - omNode-1@group-523986131536->omNode-2: nextIndex: updateUnconditionally 57 -> 57
2022-09-29 01:23:45,365 [omNode-2-server-thread1] INFO  server.RaftServer$Division (RaftServerImpl.java:checkInconsistentAppendEntries(1402)) - omNode-2@group-523986131536: Failed appendEntries as snapshot (59) installation is in progress
2022-09-29 01:23:45,365 [omNode-2-server-thread1] INFO  server.RaftServer$Division (RaftServerImpl.java:checkInconsistentAppendEntries(1394)) - omNode-2@group-523986131536: inconsistency entries. Reply:omNode-1<-omNode-2#466:FAIL-t6,INCONSISTENCY,nextIndex=57,followerCommit=56
2022-09-29 01:23:45,365 [grpc-default-executor-2] INFO  impl.SnapshotInstallationHandler (SnapshotInstallationHandler.java:installSnapshot(84)) - omNode-2@group-523986131536: receive installSnapshot: omNode-1->omNode-2#0-t6,notify:(t:6, i:59)
2022-09-29 01:23:45,366 [grpc-default-executor-2] INFO  impl.SnapshotInstallationHandler (SnapshotInstallationHandler.java:installSnapshot(95)) - omNode-2@group-523986131536: reply installSnapshot: omNode-1<-omNode-2#0:FAIL-t6,IN_PROGRESS
2022-09-29 01:23:45,366 [grpc-default-executor-2] INFO  server.GrpcServerProtocolService (GrpcServerProtocolService.java:onCompleted(140)) - omNode-2: Completed INSTALL_SNAPSHOT, lastRequest: omNode-1->omNode-2#0-t6,notify:(t:6, i:59)
2022-09-29 01:23:45,366 [grpc-default-executor-0] INFO  server.GrpcLogAppender (GrpcLogAppender.java:onNext(403)) - omNode-1@group-523986131536->omNode-2-InstallSnapshotResponseHandler: received a reply omNode-1<-omNode-2#0:FAIL-t6,IN_PROGRESS
2022-09-29 01:23:45,366 [grpc-default-executor-0] INFO  server.GrpcLogAppender (GrpcLogAppender.java:onNext(421)) - omNode-1@group-523986131536->omNode-2-InstallSnapshotResponseHandler: InstallSnapshot in progress.
2022-09-29 01:23:45,367 [omNode-1@group-523986131536->omNode-2-GrpcLogAppender-LogAppenderDaemon] INFO  server.GrpcLogAppender (GrpcLogAppender.java:installSnapshot(541)) - omNode-1@group-523986131536->omNode-2-GrpcLogAppender: followerNextIndex = 57 but logStartIndex = 59, notify follower to install snapshot-(t:6, i:59)
2022-09-29 01:23:45,367 [omNode-1@group-523986131536->omNode-2-GrpcLogAppender-LogAppenderDaemon] INFO  server.GrpcLogAppender (GrpcLogAppender.java:installSnapshot(549)) - omNode-1@group-523986131536->omNode-2-GrpcLogAppender: send omNode-1->omNode-2#0-t6,notify:(t:6, i:59)
2022-09-29 01:23:45,368 [grpc-default-executor-2] INFO  leader.FollowerInfo (FollowerInfoImpl.java:lambda$new$0(48)) - omNode-1@group-523986131536->omNode-2: nextIndex: updateUnconditionally 57 -> 57
2022-09-29 01:23:45,369 [omNode-2-server-thread1] INFO  server.RaftServer$Division (RaftServerImpl.java:checkInconsistentAppendEntries(1402)) - omNode-2@group-523986131536: Failed appendEntries as snapshot (59) installation is in progress
2022-09-29 01:23:45,369 [omNode-2-server-thread1] INFO  server.RaftServer$Division (RaftServerImpl.java:checkInconsistentAppendEntries(1394)) - omNode-2@group-523986131536: inconsistency entries. Reply:omNode-1<-omNode-2#467:FAIL-t6,INCONSISTENCY,nextIndex=57,followerCommit=56
2022-09-29 01:23:45,369 [grpc-default-executor-2] INFO  impl.SnapshotInstallationHandler (SnapshotInstallationHandler.java:installSnapshot(84)) - omNode-2@group-523986131536: receive installSnapshot: omNode-1->omNode-2#0-t6,notify:(t:6, i:59)
2022-09-29 01:23:45,369 [grpc-default-executor-2] INFO  impl.SnapshotInstallationHandler (SnapshotInstallationHandler.java:installSnapshot(95)) - omNode-2@group-523986131536: reply installSnapshot: omNode-1<-omNode-2#0:FAIL-t6,IN_PROGRESS
2022-09-29 01:23:45,369 [grpc-default-executor-2] INFO  server.GrpcServerProtocolService (GrpcServerProtocolService.java:onCompleted(140)) - omNode-2: Completed INSTALL_SNAPSHOT, lastRequest: omNode-1->omNode-2#0-t6,notify:(t:6, i:59)
2022-09-29 01:23:45,370 [grpc-default-executor-0] INFO  server.GrpcLogAppender (GrpcLogAppender.java:onNext(403)) - omNode-1@group-523986131536->omNode-2-InstallSnapshotResponseHandler: received a reply omNode-1<-omNode-2#0:FAIL-t6,IN_PROGRESS
2022-09-29 01:23:45,370 [grpc-default-executor-0] INFO  server.GrpcLogAppender (GrpcLogAppender.java:onNext(421)) - omNode-1@group-523986131536->omNode-2-InstallSnapshotResponseHandler: InstallSnapshot in progress.
2022-09-29 01:23:45,370 [omNode-1@group-523986131536->omNode-2-GrpcLogAppender-LogAppenderDaemon] INFO  server.GrpcLogAppender (GrpcLogAppender.java:installSnapshot(541)) - omNode-1@group-523986131536->omNode-2-GrpcLogAppender: followerNextIndex = 57 but logStartIndex = 59, notify follower to install snapshot-(t:6, i:59)
2022-09-29 01:23:45,370 [omNode-1@group-523986131536->omNode-2-GrpcLogAppender-LogAppenderDaemon] INFO  server.GrpcLogAppender (GrpcLogAppender.java:installSnapshot(549)) - omNode-1@group-523986131536->omNode-2-GrpcLogAppender: send omNode-1->omNode-2#0-t6,notify:(t:6, i:59)
2022-09-29 01:23:45,370 [grpc-default-executor-2] INFO  leader.FollowerInfo (FollowerInfoImpl.java:lambda$new$0(48)) - omNode-1@group-523986131536->omNode-2: nextIndex: updateUnconditionally 57 -> 57
2022-09-29 01:23:45,371 [omNode-2-server-thread1] INFO  server.RaftServer$Division (RaftServerImpl.java:checkInconsistentAppendEntries(1402)) - omNode-2@group-523986131536: Failed appendEntries as snapshot (59) installation is in progress
2022-09-29 01:23:45,371 [omNode-2-server-thread1] INFO  server.RaftServer$Division (RaftServerImpl.java:checkInconsistentAppendEntries(1394)) - omNode-2@group-523986131536: inconsistency entries. Reply:omNode-1<-omNode-2#468:FAIL-t6,INCONSISTENCY,nextIndex=57,followerCommit=56
2022-09-29 01:23:45,372 [grpc-default-executor-0] INFO  impl.SnapshotInstallationHandler (SnapshotInstallationHandler.java:installSnapshot(84)) - omNode-2@group-523986131536: receive installSnapshot: omNode-1->omNode-2#0-t6,notify:(t:6, i:59)
2022-09-29 01:23:45,372 [grpc-default-executor-0] INFO  impl.SnapshotInstallationHandler (SnapshotInstallationHandler.java:installSnapshot(95)) - omNode-2@group-523986131536: reply installSnapshot: omNode-1<-omNode-2#0:FAIL-t6,IN_PROGRESS
2022-09-29 01:23:45,372 [grpc-default-executor-0] INFO  server.GrpcServerProtocolService (GrpcServerProtocolService.java:onCompleted(140)) - omNode-2: Completed INSTALL_SNAPSHOT, lastRequest: omNode-1->omNode-2#0-t6,notify:(t:6, i:59)
2022-09-29 01:23:45,373 [grpc-default-executor-0] INFO  leader.FollowerInfo (FollowerInfoImpl.java:lambda$new$0(48)) - omNode-1@group-523986131536->omNode-2: nextIndex: updateUnconditionally 57 -> 57
2022-09-29 01:23:45,373 [grpc-default-executor-0] INFO  server.GrpcLogAppender (GrpcLogAppender.java:onNext(403)) - omNode-1@group-523986131536->omNode-2-InstallSnapshotResponseHandler: received a reply omNode-1<-omNode-2#0:FAIL-t6,IN_PROGRESS
2022-09-29 01:23:45,374 [grpc-default-executor-0] INFO  server.GrpcLogAppender (GrpcLogAppender.java:onNext(421)) - omNode-1@group-523986131536->omNode-2-InstallSnapshotResponseHandler: InstallSnapshot in progress.
2022-09-29 01:23:45,374 [omNode-1@group-523986131536->omNode-2-GrpcLogAppender-LogAppenderDaemon] INFO  server.GrpcLogAppender (GrpcLogAppender.java:installSnapshot(541)) - omNode-1@group-523986131536->omNode-2-GrpcLogAppender: followerNextIndex = 57 but logStartIndex = 59, notify follower to install snapshot-(t:6, i:59)
2022-09-29 01:23:45,374 [omNode-1@group-523986131536->omNode-2-GrpcLogAppender-LogAppenderDaemon] INFO  server.GrpcLogAppender (GrpcLogAppender.java:installSnapshot(549)) - omNode-1@group-523986131536->omNode-2-GrpcLogAppender: send omNode-1->omNode-2#0-t6,notify:(t:6, i:59)
2022-09-29 01:23:45,375 [omNode-2-server-thread1] INFO  server.RaftServer$Division (RaftServerImpl.java:checkInconsistentAppendEntries(1402)) - omNode-2@group-523986131536: Failed appendEntries as snapshot (59) installation is in progress
2022-09-29 01:23:45,376 [omNode-2-server-thread1] INFO  server.RaftServer$Division (RaftServerImpl.java:checkInconsistentAppendEntries(1394)) - omNode-2@group-523986131536: inconsistency entries. Reply:omNode-1<-omNode-2#469:FAIL-t6,INCONSISTENCY,nextIndex=57,followerCommit=56
2022-09-29 01:23:45,376 [grpc-default-executor-2] INFO  impl.SnapshotInstallationHandler (SnapshotInstallationHandler.java:installSnapshot(84)) - omNode-2@group-523986131536: receive installSnapshot: omNode-1->omNode-2#0-t6,notify:(t:6, i:59)
2022-09-29 01:23:45,376 [grpc-default-executor-2] INFO  impl.SnapshotInstallationHandler (SnapshotInstallationHandler.java:installSnapshot(95)) - omNode-2@group-523986131536: reply installSnapshot: omNode-1<-omNode-2#0:FAIL-t6,IN_PROGRESS
2022-09-29 01:23:45,376 [grpc-default-executor-2] INFO  server.GrpcServerProtocolService (GrpcServerProtocolService.java:onCompleted(140)) - omNode-2: Completed INSTALL_SNAPSHOT, lastRequest: omNode-1->omNode-2#0-t6,notify:(t:6, i:59)
2022-09-29 01:23:45,377 [grpc-default-executor-0] INFO  server.GrpcLogAppender (GrpcLogAppender.java:onNext(403)) - omNode-1@group-523986131536->omNode-2-InstallSnapshotResponseHandler: received a reply omNode-1<-omNode-2#0:FAIL-t6,IN_PROGRESS
2022-09-29 01:23:45,377 [grpc-default-executor-0] INFO  server.GrpcLogAppender (GrpcLogAppender.java:onNext(421)) - omNode-1@group-523986131536->omNode-2-InstallSnapshotResponseHandler: InstallSnapshot in progress.
2022-09-29 01:23:45,377 [omNode-1@group-523986131536->omNode-2-GrpcLogAppender-LogAppenderDaemon] INFO  server.GrpcLogAppender (GrpcLogAppender.java:installSnapshot(541)) - omNode-1@group-523986131536->omNode-2-GrpcLogAppender: followerNextIndex = 57 but logStartIndex = 59, notify follower to install snapshot-(t:6, i:59)
2022-09-29 01:23:45,377 [omNode-1@group-523986131536->omNode-2-GrpcLogAppender-LogAppenderDaemon] INFO  server.GrpcLogAppender (GrpcLogAppender.java:installSnapshot(549)) - omNode-1@group-523986131536->omNode-2-GrpcLogAppender: send omNode-1->omNode-2#0-t6,notify:(t:6, i:59)
2022-09-29 01:23:45,378 [grpc-default-executor-2] INFO  leader.FollowerInfo (FollowerInfoImpl.java:lambda$new$0(48)) - omNode-1@group-523986131536->omNode-2: nextIndex: updateUnconditionally 57 -> 57
2022-09-29 01:23:45,378 [omNode-2-server-thread1] INFO  server.RaftServer$Division (RaftServerImpl.java:checkInconsistentAppendEntries(1402)) - omNode-2@group-523986131536: Failed appendEntries as snapshot (59) installation is in progress
2022-09-29 01:23:45,378 [omNode-2-server-thread1] INFO  server.RaftServer$Division (RaftServerImpl.java:checkInconsistentAppendEntries(1394)) - omNode-2@group-523986131536: inconsistency entries. Reply:omNode-1<-omNode-2#470:FAIL-t6,INCONSISTENCY,nextIndex=57,followerCommit=56
2022-09-29 01:23:45,379 [grpc-default-executor-2] INFO  impl.SnapshotInstallationHandler (SnapshotInstallationHandler.java:installSnapshot(84)) - omNode-2@group-523986131536: receive installSnapshot: omNode-1->omNode-2#0-t6,notify:(t:6, i:59)
2022-09-29 01:23:45,379 [grpc-default-executor-2] INFO  impl.SnapshotInstallationHandler (SnapshotInstallationHandler.java:installSnapshot(95)) - omNode-2@group-523986131536: reply installSnapshot: omNode-1<-omNode-2#0:FAIL-t6,IN_PROGRESS
2022-09-29 01:23:45,379 [grpc-default-executor-2] INFO  server.GrpcServerProtocolService (GrpcServerProtocolService.java:onCompleted(140)) - omNode-2: Completed INSTALL_SNAPSHOT, lastRequest: omNode-1->omNode-2#0-t6,notify:(t:6, i:59)
2022-09-29 01:23:45,379 [grpc-default-executor-0] INFO  leader.FollowerInfo (FollowerInfoImpl.java:lambda$new$0(48)) - omNode-1@group-523986131536->omNode-2: nextIndex: updateUnconditionally 57 -> 57
2022-09-29 01:23:45,380 [grpc-default-executor-2] INFO  server.GrpcLogAppender (GrpcLogAppender.java:onNext(403)) - omNode-1@group-523986131536->omNode-2-InstallSnapshotResponseHandler: received a reply omNode-1<-omNode-2#0:FAIL-t6,IN_PROGRESS
2022-09-29 01:23:45,380 [grpc-default-executor-2] INFO  server.GrpcLogAppender (GrpcLogAppender.java:onNext(421)) - omNode-1@group-523986131536->omNode-2-InstallSnapshotResponseHandler: InstallSnapshot in progress.
2022-09-29 01:23:45,380 [omNode-1@group-523986131536->omNode-2-GrpcLogAppender-LogAppenderDaemon] INFO  server.GrpcLogAppender (GrpcLogAppender.java:installSnapshot(541)) - omNode-1@group-523986131536->omNode-2-GrpcLogAppender: followerNextIndex = 57 but logStartIndex = 59, notify follower to install snapshot-(t:6, i:59)
2022-09-29 01:23:45,380 [omNode-1@group-523986131536->omNode-2-GrpcLogAppender-LogAppenderDaemon] INFO  server.GrpcLogAppender (GrpcLogAppender.java:installSnapshot(549)) - omNode-1@group-523986131536->omNode-2-GrpcLogAppender: send omNode-1->omNode-2#0-t6,notify:(t:6, i:59)
2022-09-29 01:23:45,381 [omNode-2-server-thread1] INFO  server.RaftServer$Division (RaftServerImpl.java:checkInconsistentAppendEntries(1402)) - omNode-2@group-523986131536: Failed appendEntries as snapshot (59) installation is in progress
2022-09-29 01:23:45,381 [omNode-2-server-thread1] INFO  server.RaftServer$Division (RaftServerImpl.java:checkInconsistentAppendEntries(1394)) - omNode-2@group-523986131536: inconsistency entries. Reply:omNode-1<-omNode-2#471:FAIL-t6,INCONSISTENCY,nextIndex=57,followerCommit=56
2022-09-29 01:23:45,381 [grpc-default-executor-2] INFO  impl.SnapshotInstallationHandler (SnapshotInstallationHandler.java:installSnapshot(84)) - omNode-2@group-523986131536: receive installSnapshot: omNode-1->omNode-2#0-t6,notify:(t:6, i:59)
2022-09-29 01:23:45,381 [grpc-default-executor-2] INFO  impl.SnapshotInstallationHandler (SnapshotInstallationHandler.java:installSnapshot(95)) - omNode-2@group-523986131536: reply installSnapshot: omNode-1<-omNode-2#0:FAIL-t6,IN_PROGRESS
2022-09-29 01:23:45,381 [grpc-default-executor-2] INFO  server.GrpcServerProtocolService (GrpcServerProtocolService.java:onCompleted(140)) - omNode-2: Completed INSTALL_SNAPSHOT, lastRequest: omNode-1->omNode-2#0-t6,notify:(t:6, i:59)
2022-09-29 01:23:45,382 [grpc-default-executor-0] INFO  leader.FollowerInfo (FollowerInfoImpl.java:lambda$new$0(48)) - omNode-1@group-523986131536->omNode-2: nextIndex: updateUnconditionally 57 -> 57
2022-09-29 01:23:45,382 [grpc-default-executor-0] INFO  server.GrpcLogAppender (GrpcLogAppender.java:onNext(403)) - omNode-1@group-523986131536->omNode-2-InstallSnapshotResponseHandler: received a reply omNode-1<-omNode-2#0:FAIL-t6,IN_PROGRESS
2022-09-29 01:23:45,382 [grpc-default-executor-0] INFO  server.GrpcLogAppender (GrpcLogAppender.java:onNext(421)) - omNode-1@group-523986131536->omNode-2-InstallSnapshotResponseHandler: InstallSnapshot in progress.
2022-09-29 01:23:45,382 [omNode-1@group-523986131536->omNode-2-GrpcLogAppender-LogAppenderDaemon] INFO  server.GrpcLogAppender (GrpcLogAppender.java:installSnapshot(541)) - omNode-1@group-523986131536->omNode-2-GrpcLogAppender: followerNextIndex = 57 but logStartIndex = 59, notify follower to install snapshot-(t:6, i:59)
2022-09-29 01:23:45,382 [omNode-1@group-523986131536->omNode-2-GrpcLogAppender-LogAppenderDaemon] INFO  server.GrpcLogAppender (GrpcLogAppender.java:installSnapshot(549)) - omNode-1@group-523986131536->omNode-2-GrpcLogAppender: send omNode-1->omNode-2#0-t6,notify:(t:6, i:59)
2022-09-29 01:23:45,383 [omNode-2-server-thread1] INFO  server.RaftServer$Division (RaftServerImpl.java:checkInconsistentAppendEntries(1402)) - omNode-2@group-523986131536: Failed appendEntries as snapshot (59) installation is in progress
2022-09-29 01:23:45,383 [omNode-2-server-thread1] INFO  server.RaftServer$Division (RaftServerImpl.java:checkInconsistentAppendEntries(1394)) - omNode-2@group-523986131536: inconsistency entries. Reply:omNode-1<-omNode-2#472:FAIL-t6,INCONSISTENCY,nextIndex=57,followerCommit=56
2022-09-29 01:23:45,383 [grpc-default-executor-2] INFO  impl.SnapshotInstallationHandler (SnapshotInstallationHandler.java:installSnapshot(84)) - omNode-2@group-523986131536: receive installSnapshot: omNode-1->omNode-2#0-t6,notify:(t:6, i:59)
2022-09-29 01:23:45,384 [grpc-default-executor-2] INFO  impl.SnapshotInstallationHandler (SnapshotInstallationHandler.java:installSnapshot(95)) - omNode-2@group-523986131536: reply installSnapshot: omNode-1<-omNode-2#0:FAIL-t6,IN_PROGRESS
2022-09-29 01:23:45,384 [grpc-default-executor-2] INFO  server.GrpcServerProtocolService (GrpcServerProtocolService.java:onCompleted(140)) - omNode-2: Completed INSTALL_SNAPSHOT, lastRequest: omNode-1->omNode-2#0-t6,notify:(t:6, i:59)
2022-09-29 01:23:45,384 [grpc-default-executor-0] INFO  leader.FollowerInfo (FollowerInfoImpl.java:lambda$new$0(48)) - omNode-1@group-523986131536->omNode-2: nextIndex: updateUnconditionally 57 -> 57
2022-09-29 01:23:45,385 [grpc-default-executor-0] INFO  server.GrpcLogAppender (GrpcLogAppender.java:onNext(403)) - omNode-1@group-523986131536->omNode-2-InstallSnapshotResponseHandler: received a reply omNode-1<-omNode-2#0:FAIL-t6,IN_PROGRESS
2022-09-29 01:23:45,385 [grpc-default-executor-0] INFO  server.GrpcLogAppender (GrpcLogAppender.java:onNext(421)) - omNode-1@group-523986131536->omNode-2-InstallSnapshotResponseHandler: InstallSnapshot in progress.
2022-09-29 01:23:45,385 [omNode-1@group-523986131536->omNode-2-GrpcLogAppender-LogAppenderDaemon] INFO  server.GrpcLogAppender (GrpcLogAppender.java:installSnapshot(541)) - omNode-1@group-523986131536->omNode-2-GrpcLogAppender: followerNextIndex = 57 but logStartIndex = 59, notify follower to install snapshot-(t:6, i:59)
2022-09-29 01:23:45,385 [omNode-1@group-523986131536->omNode-2-GrpcLogAppender-LogAppenderDaemon] INFO  server.GrpcLogAppender (GrpcLogAppender.java:installSnapshot(549)) - omNode-1@group-523986131536->omNode-2-GrpcLogAppender: send omNode-1->omNode-2#0-t6,notify:(t:6, i:59)
2022-09-29 01:23:45,386 [omNode-2-server-thread1] INFO  server.RaftServer$Division (RaftServerImpl.java:checkInconsistentAppendEntries(1402)) - omNode-2@group-523986131536: Failed appendEntries as snapshot (59) installation is in progress
2022-09-29 01:23:45,386 [omNode-2-server-thread1] INFO  server.RaftServer$Division (RaftServerImpl.java:checkInconsistentAppendEntries(1394)) - omNode-2@group-523986131536: inconsistency entries. Reply:omNode-1<-omNode-2#473:FAIL-t6,INCONSISTENCY,nextIndex=57,followerCommit=56
2022-09-29 01:23:45,386 [grpc-default-executor-1] INFO  impl.SnapshotInstallationHandler (SnapshotInstallationHandler.java:installSnapshot(84)) - omNode-2@group-523986131536: receive installSnapshot: omNode-1->omNode-2#0-t6,notify:(t:6, i:59)
2022-09-29 01:23:45,386 [grpc-default-executor-1] INFO  impl.SnapshotInstallationHandler (SnapshotInstallationHandler.java:installSnapshot(95)) - omNode-2@group-523986131536: reply installSnapshot: omNode-1<-omNode-2#0:FAIL-t6,IN_PROGRESS
2022-09-29 01:23:45,387 [grpc-default-executor-1] INFO  server.GrpcServerProtocolService (GrpcServerProtocolService.java:onCompleted(140)) - omNode-2: Completed INSTALL_SNAPSHOT, lastRequest: omNode-1->omNode-2#0-t6,notify:(t:6, i:59)
2022-09-29 01:23:45,387 [grpc-default-executor-0] INFO  leader.FollowerInfo (FollowerInfoImpl.java:lambda$new$0(48)) - omNode-1@group-523986131536->omNode-2: nextIndex: updateUnconditionally 57 -> 57
2022-09-29 01:23:45,388 [grpc-default-executor-0] INFO  server.GrpcLogAppender (GrpcLogAppender.java:onNext(403)) - omNode-1@group-523986131536->omNode-2-InstallSnapshotResponseHandler: received a reply omNode-1<-omNode-2#0:FAIL-t6,IN_PROGRESS
2022-09-29 01:23:45,388 [grpc-default-executor-0] INFO  server.GrpcLogAppender (GrpcLogAppender.java:onNext(421)) - omNode-1@group-523986131536->omNode-2-InstallSnapshotResponseHandler: InstallSnapshot in progress.
2022-09-29 01:23:45,388 [omNode-1@group-523986131536->omNode-2-GrpcLogAppender-LogAppenderDaemon] INFO  server.GrpcLogAppender (GrpcLogAppender.java:installSnapshot(541)) - omNode-1@group-523986131536->omNode-2-GrpcLogAppender: followerNextIndex = 57 but logStartIndex = 59, notify follower to install snapshot-(t:6, i:59)
2022-09-29 01:23:45,388 [omNode-1@group-523986131536->omNode-2-GrpcLogAppender-LogAppenderDaemon] INFO  server.GrpcLogAppender (GrpcLogAppender.java:installSnapshot(549)) - omNode-1@group-523986131536->omNode-2-GrpcLogAppender: send omNode-1->omNode-2#0-t6,notify:(t:6, i:59)
2022-09-29 01:23:45,389 [omNode-2-server-thread1] INFO  server.RaftServer$Division (RaftServerImpl.java:checkInconsistentAppendEntries(1402)) - omNode-2@group-523986131536: Failed appendEntries as snapshot (59) installation is in progress
2022-09-29 01:23:45,389 [omNode-2-server-thread1] INFO  server.RaftServer$Division (RaftServerImpl.java:checkInconsistentAppendEntries(1394)) - omNode-2@group-523986131536: inconsistency entries. Reply:omNode-1<-omNode-2#474:FAIL-t6,INCONSISTENCY,nextIndex=57,followerCommit=56
2022-09-29 01:23:45,390 [grpc-default-executor-1] INFO  impl.SnapshotInstallationHandler (SnapshotInstallationHandler.java:installSnapshot(84)) - omNode-2@group-523986131536: receive installSnapshot: omNode-1->omNode-2#0-t6,notify:(t:6, i:59)
2022-09-29 01:23:45,390 [grpc-default-executor-1] INFO  impl.SnapshotInstallationHandler (SnapshotInstallationHandler.java:installSnapshot(95)) - omNode-2@group-523986131536: reply installSnapshot: omNode-1<-omNode-2#0:FAIL-t6,IN_PROGRESS
2022-09-29 01:23:45,390 [grpc-default-executor-1] INFO  server.GrpcServerProtocolService (GrpcServerProtocolService.java:onCompleted(140)) - omNode-2: Completed INSTALL_SNAPSHOT, lastRequest: omNode-1->omNode-2#0-t6,notify:(t:6, i:59)
2022-09-29 01:23:45,391 [grpc-default-executor-0] INFO  leader.FollowerInfo (FollowerInfoImpl.java:lambda$new$0(48)) - omNode-1@group-523986131536->omNode-2: nextIndex: updateUnconditionally 57 -> 57
2022-09-29 01:23:45,391 [grpc-default-executor-0] INFO  server.GrpcLogAppender (GrpcLogAppender.java:onNext(403)) - omNode-1@group-523986131536->omNode-2-InstallSnapshotResponseHandler: received a reply omNode-1<-omNode-2#0:FAIL-t6,IN_PROGRESS
2022-09-29 01:23:45,391 [grpc-default-executor-0] INFO  server.GrpcLogAppender (GrpcLogAppender.java:onNext(421)) - omNode-1@group-523986131536->omNode-2-InstallSnapshotResponseHandler: InstallSnapshot in progress.
2022-09-29 01:23:45,391 [omNode-1@group-523986131536->omNode-2-GrpcLogAppender-LogAppenderDaemon] INFO  server.GrpcLogAppender (GrpcLogAppender.java:installSnapshot(541)) - omNode-1@group-523986131536->omNode-2-GrpcLogAppender: followerNextIndex = 57 but logStartIndex = 59, notify follower to install snapshot-(t:6, i:59)
2022-09-29 01:23:45,391 [omNode-1@group-523986131536->omNode-2-GrpcLogAppender-LogAppenderDaemon] INFO  server.GrpcLogAppender (GrpcLogAppender.java:installSnapshot(549)) - omNode-1@group-523986131536->omNode-2-GrpcLogAppender: send omNode-1->omNode-2#0-t6,notify:(t:6, i:59)
2022-09-29 01:23:45,392 [omNode-2-server-thread1] INFO  server.RaftServer$Division (RaftServerImpl.java:checkInconsistentAppendEntries(1402)) - omNode-2@group-523986131536: Failed appendEntries as snapshot (59) installation is in progress
2022-09-29 01:23:45,392 [omNode-2-server-thread1] INFO  server.RaftServer$Division (RaftServerImpl.java:checkInconsistentAppendEntries(1394)) - omNode-2@group-523986131536: inconsistency entries. Reply:omNode-1<-omNode-2#475:FAIL-t6,INCONSISTENCY,nextIndex=57,followerCommit=56
2022-09-29 01:23:45,392 [grpc-default-executor-1] INFO  impl.SnapshotInstallationHandler (SnapshotInstallationHandler.java:installSnapshot(84)) - omNode-2@group-523986131536: receive installSnapshot: omNode-1->omNode-2#0-t6,notify:(t:6, i:59)
2022-09-29 01:23:45,393 [grpc-default-executor-1] INFO  impl.SnapshotInstallationHandler (SnapshotInstallationHandler.java:installSnapshot(95)) - omNode-2@group-523986131536: reply installSnapshot: omNode-1<-omNode-2#0:FAIL-t6,IN_PROGRESS
2022-09-29 01:23:45,402 [grpc-default-executor-1] INFO  server.GrpcServerProtocolService (GrpcServerProtocolService.java:onCompleted(140)) - omNode-2: Completed INSTALL_SNAPSHOT, lastRequest: omNode-1->omNode-2#0-t6,notify:(t:6, i:59)
2022-09-29 01:23:45,402 [grpc-default-executor-1] INFO  leader.FollowerInfo (FollowerInfoImpl.java:lambda$new$0(48)) - omNode-1@group-523986131536->omNode-2: nextIndex: updateUnconditionally 57 -> 57
2022-09-29 01:23:45,403 [grpc-default-executor-1] INFO  server.GrpcLogAppender (GrpcLogAppender.java:onNext(403)) - omNode-1@group-523986131536->omNode-2-InstallSnapshotResponseHandler: received a reply omNode-1<-omNode-2#0:FAIL-t6,IN_PROGRESS
2022-09-29 01:23:45,403 [grpc-default-executor-1] INFO  server.GrpcLogAppender (GrpcLogAppender.java:onNext(421)) - omNode-1@group-523986131536->omNode-2-InstallSnapshotResponseHandler: InstallSnapshot in progress.
2022-09-29 01:23:45,404 [omNode-1@group-523986131536->omNode-2-GrpcLogAppender-LogAppenderDaemon] INFO  server.GrpcLogAppender (GrpcLogAppender.java:installSnapshot(541)) - omNode-1@group-523986131536->omNode-2-GrpcLogAppender: followerNextIndex = 57 but logStartIndex = 59, notify follower to install snapshot-(t:6, i:59)
2022-09-29 01:23:45,404 [omNode-1@group-523986131536->omNode-2-GrpcLogAppender-LogAppenderDaemon] INFO  server.GrpcLogAppender (GrpcLogAppender.java:installSnapshot(549)) - omNode-1@group-523986131536->omNode-2-GrpcLogAppender: send omNode-1->omNode-2#0-t6,notify:(t:6, i:59)
2022-09-29 01:23:45,408 [omNode-2-server-thread1] INFO  server.RaftServer$Division (RaftServerImpl.java:checkInconsistentAppendEntries(1402)) - omNode-2@group-523986131536: Failed appendEntries as snapshot (59) installation is in progress
2022-09-29 01:23:45,408 [omNode-2-server-thread1] INFO  server.RaftServer$Division (RaftServerImpl.java:checkInconsistentAppendEntries(1394)) - omNode-2@group-523986131536: inconsistency entries. Reply:omNode-1<-omNode-2#476:FAIL-t6,INCONSISTENCY,nextIndex=57,followerCommit=56
2022-09-29 01:23:45,410 [grpc-default-executor-0] INFO  impl.SnapshotInstallationHandler (SnapshotInstallationHandler.java:installSnapshot(84)) - omNode-2@group-523986131536: receive installSnapshot: omNode-1->omNode-2#0-t6,notify:(t:6, i:59)
2022-09-29 01:23:45,410 [grpc-default-executor-1] INFO  leader.FollowerInfo (FollowerInfoImpl.java:lambda$new$0(48)) - omNode-1@group-523986131536->omNode-2: nextIndex: updateUnconditionally 57 -> 57
2022-09-29 01:23:45,410 [grpc-default-executor-0] INFO  impl.SnapshotInstallationHandler (SnapshotInstallationHandler.java:installSnapshot(95)) - omNode-2@group-523986131536: reply installSnapshot: omNode-1<-omNode-2#0:FAIL-t6,IN_PROGRESS
2022-09-29 01:23:45,410 [grpc-default-executor-0] INFO  server.GrpcServerProtocolService (GrpcServerProtocolService.java:onCompleted(140)) - omNode-2: Completed INSTALL_SNAPSHOT, lastRequest: omNode-1->omNode-2#0-t6,notify:(t:6, i:59)
2022-09-29 01:23:45,411 [grpc-default-executor-0] INFO  server.GrpcLogAppender (GrpcLogAppender.java:onNext(403)) - omNode-1@group-523986131536->omNode-2-InstallSnapshotResponseHandler: received a reply omNode-1<-omNode-2#0:FAIL-t6,IN_PROGRESS
2022-09-29 01:23:45,411 [grpc-default-executor-0] INFO  server.GrpcLogAppender (GrpcLogAppender.java:onNext(421)) - omNode-1@group-523986131536->omNode-2-InstallSnapshotResponseHandler: InstallSnapshot in progress.
2022-09-29 01:23:45,411 [omNode-1@group-523986131536->omNode-2-GrpcLogAppender-LogAppenderDaemon] INFO  server.GrpcLogAppender (GrpcLogAppender.java:installSnapshot(541)) - omNode-1@group-523986131536->omNode-2-GrpcLogAppender: followerNextIndex = 57 but logStartIndex = 59, notify follower to install snapshot-(t:6, i:59)
2022-09-29 01:23:45,411 [omNode-1@group-523986131536->omNode-2-GrpcLogAppender-LogAppenderDaemon] INFO  server.GrpcLogAppender (GrpcLogAppender.java:installSnapshot(549)) - omNode-1@group-523986131536->omNode-2-GrpcLogAppender: send omNode-1->omNode-2#0-t6,notify:(t:6, i:59)
2022-09-29 01:23:45,412 [grpc-default-executor-0] INFO  impl.SnapshotInstallationHandler (SnapshotInstallationHandler.java:installSnapshot(84)) - omNode-2@group-523986131536: receive installSnapshot: omNode-1->omNode-2#0-t6,notify:(t:6, i:59)
2022-09-29 01:23:45,412 [grpc-default-executor-0] INFO  impl.SnapshotInstallationHandler (SnapshotInstallationHandler.java:installSnapshot(95)) - omNode-2@group-523986131536: reply installSnapshot: omNode-1<-omNode-2#0:FAIL-t6,IN_PROGRESS
2022-09-29 01:23:45,413 [grpc-default-executor-0] INFO  server.GrpcServerProtocolService (GrpcServerProtocolService.java:onCompleted(140)) - omNode-2: Completed INSTALL_SNAPSHOT, lastRequest: omNode-1->omNode-2#0-t6,notify:(t:6, i:59)
2022-09-29 01:23:45,413 [omNode-2-server-thread1] INFO  server.RaftServer$Division (RaftServerImpl.java:checkInconsistentAppendEntries(1402)) - omNode-2@group-523986131536: Failed appendEntries as snapshot (59) installation is in progress
2022-09-29 01:23:45,413 [omNode-2-server-thread1] INFO  server.RaftServer$Division (RaftServerImpl.java:checkInconsistentAppendEntries(1394)) - omNode-2@group-523986131536: inconsistency entries. Reply:omNode-1<-omNode-2#477:FAIL-t6,INCONSISTENCY,nextIndex=57,followerCommit=56
2022-09-29 01:23:45,414 [grpc-default-executor-3] INFO  leader.FollowerInfo (FollowerInfoImpl.java:lambda$new$0(48)) - omNode-1@group-523986131536->omNode-2: nextIndex: updateUnconditionally 57 -> 57
2022-09-29 01:23:45,414 [grpc-default-executor-0] INFO  server.GrpcLogAppender (GrpcLogAppender.java:onNext(403)) - omNode-1@group-523986131536->omNode-2-InstallSnapshotResponseHandler: received a reply omNode-1<-omNode-2#0:FAIL-t6,IN_PROGRESS
2022-09-29 01:23:45,415 [grpc-default-executor-0] INFO  server.GrpcLogAppender (GrpcLogAppender.java:onNext(421)) - omNode-1@group-523986131536->omNode-2-InstallSnapshotResponseHandler: InstallSnapshot in progress.
2022-09-29 01:23:45,415 [omNode-1@group-523986131536->omNode-2-GrpcLogAppender-LogAppenderDaemon] INFO  server.GrpcLogAppender (GrpcLogAppender.java:installSnapshot(541)) - omNode-1@group-523986131536->omNode-2-GrpcLogAppender: followerNextIndex = 57 but logStartIndex = 59, notify follower to install snapshot-(t:6, i:59)
2022-09-29 01:23:45,415 [omNode-1@group-523986131536->omNode-2-GrpcLogAppender-LogAppenderDaemon] INFO  server.GrpcLogAppender (GrpcLogAppender.java:installSnapshot(549)) - omNode-1@group-523986131536->omNode-2-GrpcLogAppender: send omNode-1->omNode-2#0-t6,notify:(t:6, i:59)
2022-09-29 01:23:45,416 [omNode-2-server-thread1] INFO  server.RaftServer$Division (RaftServerImpl.java:checkInconsistentAppendEntries(1402)) - omNode-2@group-523986131536: Failed appendEntries as snapshot (59) installation is in progress
2022-09-29 01:23:45,416 [omNode-2-server-thread1] INFO  server.RaftServer$Division (RaftServerImpl.java:checkInconsistentAppendEntries(1394)) - omNode-2@group-523986131536: inconsistency entries. Reply:omNode-1<-omNode-2#478:FAIL-t6,INCONSISTENCY,nextIndex=57,followerCommit=56
2022-09-29 01:23:45,416 [grpc-default-executor-1] INFO  leader.FollowerInfo (FollowerInfoImpl.java:lambda$new$0(48)) - omNode-1@group-523986131536->omNode-2: nextIndex: updateUnconditionally 57 -> 57
2022-09-29 01:23:45,417 [grpc-default-executor-0] INFO  impl.SnapshotInstallationHandler (SnapshotInstallationHandler.java:installSnapshot(84)) - omNode-2@group-523986131536: receive installSnapshot: omNode-1->omNode-2#0-t6,notify:(t:6, i:59)
2022-09-29 01:23:45,417 [grpc-default-executor-0] INFO  impl.SnapshotInstallationHandler (SnapshotInstallationHandler.java:installSnapshot(95)) - omNode-2@group-523986131536: reply installSnapshot: omNode-1<-omNode-2#0:FAIL-t6,IN_PROGRESS
2022-09-29 01:23:45,417 [grpc-default-executor-0] INFO  server.GrpcServerProtocolService (GrpcServerProtocolService.java:onCompleted(140)) - omNode-2: Completed INSTALL_SNAPSHOT, lastRequest: omNode-1->omNode-2#0-t6,notify:(t:6, i:59)
2022-09-29 01:23:45,419 [grpc-default-executor-0] INFO  server.GrpcLogAppender (GrpcLogAppender.java:onNext(403)) - omNode-1@group-523986131536->omNode-2-InstallSnapshotResponseHandler: received a reply omNode-1<-omNode-2#0:FAIL-t6,IN_PROGRESS
2022-09-29 01:23:45,420 [grpc-default-executor-0] INFO  server.GrpcLogAppender (GrpcLogAppender.java:onNext(421)) - omNode-1@group-523986131536->omNode-2-InstallSnapshotResponseHandler: InstallSnapshot in progress.
2022-09-29 01:23:45,420 [omNode-1@group-523986131536->omNode-2-GrpcLogAppender-LogAppenderDaemon] INFO  server.GrpcLogAppender (GrpcLogAppender.java:installSnapshot(541)) - omNode-1@group-523986131536->omNode-2-GrpcLogAppender: followerNextIndex = 57 but logStartIndex = 59, notify follower to install snapshot-(t:6, i:59)
2022-09-29 01:23:45,420 [omNode-1@group-523986131536->omNode-2-GrpcLogAppender-LogAppenderDaemon] INFO  server.GrpcLogAppender (GrpcLogAppender.java:installSnapshot(549)) - omNode-1@group-523986131536->omNode-2-GrpcLogAppender: send omNode-1->omNode-2#0-t6,notify:(t:6, i:59)
2022-09-29 01:23:45,421 [omNode-2-server-thread1] INFO  server.RaftServer$Division (RaftServerImpl.java:checkInconsistentAppendEntries(1402)) - omNode-2@group-523986131536: Failed appendEntries as snapshot (59) installation is in progress
2022-09-29 01:23:45,421 [omNode-2-server-thread1] INFO  server.RaftServer$Division (RaftServerImpl.java:checkInconsistentAppendEntries(1394)) - omNode-2@group-523986131536: inconsistency entries. Reply:omNode-1<-omNode-2#479:FAIL-t6,INCONSISTENCY,nextIndex=57,followerCommit=56
2022-09-29 01:23:45,423 [grpc-default-executor-1] INFO  leader.FollowerInfo (FollowerInfoImpl.java:lambda$new$0(48)) - omNode-1@group-523986131536->omNode-2: nextIndex: updateUnconditionally 57 -> 57
2022-09-29 01:23:45,423 [grpc-default-executor-0] INFO  impl.SnapshotInstallationHandler (SnapshotInstallationHandler.java:installSnapshot(84)) - omNode-2@group-523986131536: receive installSnapshot: omNode-1->omNode-2#0-t6,notify:(t:6, i:59)
2022-09-29 01:23:45,423 [grpc-default-executor-0] INFO  impl.SnapshotInstallationHandler (SnapshotInstallationHandler.java:installSnapshot(95)) - omNode-2@group-523986131536: reply installSnapshot: omNode-1<-omNode-2#0:FAIL-t6,IN_PROGRESS
2022-09-29 01:23:45,423 [grpc-default-executor-0] INFO  server.GrpcServerProtocolService (GrpcServerProtocolService.java:onCompleted(140)) - omNode-2: Completed INSTALL_SNAPSHOT, lastRequest: omNode-1->omNode-2#0-t6,notify:(t:6, i:59)
2022-09-29 01:23:45,424 [grpc-default-executor-1] INFO  server.GrpcLogAppender (GrpcLogAppender.java:onNext(403)) - omNode-1@group-523986131536->omNode-2-InstallSnapshotResponseHandler: received a reply omNode-1<-omNode-2#0:FAIL-t6,IN_PROGRESS
2022-09-29 01:23:45,424 [grpc-default-executor-1] INFO  server.GrpcLogAppender (GrpcLogAppender.java:onNext(421)) - omNode-1@group-523986131536->omNode-2-InstallSnapshotResponseHandler: InstallSnapshot in progress.
2022-09-29 01:23:45,424 [omNode-1@group-523986131536->omNode-2-GrpcLogAppender-LogAppenderDaemon] INFO  server.GrpcLogAppender (GrpcLogAppender.java:installSnapshot(541)) - omNode-1@group-523986131536->omNode-2-GrpcLogAppender: followerNextIndex = 57 but logStartIndex = 59, notify follower to install snapshot-(t:6, i:59)
2022-09-29 01:23:45,424 [omNode-1@group-523986131536->omNode-2-GrpcLogAppender-LogAppenderDaemon] INFO  server.GrpcLogAppender (GrpcLogAppender.java:installSnapshot(549)) - omNode-1@group-523986131536->omNode-2-GrpcLogAppender: send omNode-1->omNode-2#0-t6,notify:(t:6, i:59)
2022-09-29 01:23:45,424 [omNode-2-server-thread1] INFO  server.RaftServer$Division (RaftServerImpl.java:checkInconsistentAppendEntries(1402)) - omNode-2@group-523986131536: Failed appendEntries as snapshot (59) installation is in progress
2022-09-29 01:23:45,424 [omNode-2-server-thread1] INFO  server.RaftServer$Division (RaftServerImpl.java:checkInconsistentAppendEntries(1394)) - omNode-2@group-523986131536: inconsistency entries. Reply:omNode-1<-omNode-2#480:FAIL-t6,INCONSISTENCY,nextIndex=57,followerCommit=56
2022-09-29 01:23:45,425 [grpc-default-executor-1] INFO  leader.FollowerInfo (FollowerInfoImpl.java:lambda$new$0(48)) - omNode-1@group-523986131536->omNode-2: nextIndex: updateUnconditionally 57 -> 57
2022-09-29 01:23:45,425 [grpc-default-executor-0] INFO  impl.SnapshotInstallationHandler (SnapshotInstallationHandler.java:installSnapshot(84)) - omNode-2@group-523986131536: receive installSnapshot: omNode-1->omNode-2#0-t6,notify:(t:6, i:59)
2022-09-29 01:23:45,425 [grpc-default-executor-0] INFO  impl.SnapshotInstallationHandler (SnapshotInstallationHandler.java:installSnapshot(95)) - omNode-2@group-523986131536: reply installSnapshot: omNode-1<-omNode-2#0:FAIL-t6,IN_PROGRESS
2022-09-29 01:23:45,425 [grpc-default-executor-0] INFO  server.GrpcServerProtocolService (GrpcServerProtocolService.java:onCompleted(140)) - omNode-2: Completed INSTALL_SNAPSHOT, lastRequest: omNode-1->omNode-2#0-t6,notify:(t:6, i:59)
2022-09-29 01:23:45,426 [grpc-default-executor-1] INFO  server.GrpcLogAppender (GrpcLogAppender.java:onNext(403)) - omNode-1@group-523986131536->omNode-2-InstallSnapshotResponseHandler: received a reply omNode-1<-omNode-2#0:FAIL-t6,IN_PROGRESS
2022-09-29 01:23:45,426 [grpc-default-executor-1] INFO  server.GrpcLogAppender (GrpcLogAppender.java:onNext(421)) - omNode-1@group-523986131536->omNode-2-InstallSnapshotResponseHandler: InstallSnapshot in progress.
2022-09-29 01:23:45,426 [omNode-1@group-523986131536->omNode-2-GrpcLogAppender-LogAppenderDaemon] INFO  server.GrpcLogAppender (GrpcLogAppender.java:installSnapshot(541)) - omNode-1@group-523986131536->omNode-2-GrpcLogAppender: followerNextIndex = 57 but logStartIndex = 59, notify follower to install snapshot-(t:6, i:59)
2022-09-29 01:23:45,426 [omNode-1@group-523986131536->omNode-2-GrpcLogAppender-LogAppenderDaemon] INFO  server.GrpcLogAppender (GrpcLogAppender.java:installSnapshot(549)) - omNode-1@group-523986131536->omNode-2-GrpcLogAppender: send omNode-1->omNode-2#0-t6,notify:(t:6, i:59)
2022-09-29 01:23:45,428 [omNode-2-server-thread1] INFO  server.RaftServer$Division (RaftServerImpl.java:checkInconsistentAppendEntries(1402)) - omNode-2@group-523986131536: Failed appendEntries as snapshot (59) installation is in progress
2022-09-29 01:23:45,428 [omNode-2-server-thread1] INFO  server.RaftServer$Division (RaftServerImpl.java:checkInconsistentAppendEntries(1394)) - omNode-2@group-523986131536: inconsistency entries. Reply:omNode-1<-omNode-2#481:FAIL-t6,INCONSISTENCY,nextIndex=57,followerCommit=56
2022-09-29 01:23:45,429 [grpc-default-executor-0] INFO  impl.SnapshotInstallationHandler (SnapshotInstallationHandler.java:installSnapshot(84)) - omNode-2@group-523986131536: receive installSnapshot: omNode-1->omNode-2#0-t6,notify:(t:6, i:59)
2022-09-29 01:23:45,429 [grpc-default-executor-0] INFO  impl.SnapshotInstallationHandler (SnapshotInstallationHandler.java:installSnapshot(95)) - omNode-2@group-523986131536: reply installSnapshot: omNode-1<-omNode-2#0:FAIL-t6,IN_PROGRESS
2022-09-29 01:23:45,429 [grpc-default-executor-0] INFO  server.GrpcServerProtocolService (GrpcServerProtocolService.java:onCompleted(140)) - omNode-2: Completed INSTALL_SNAPSHOT, lastRequest: omNode-1->omNode-2#0-t6,notify:(t:6, i:59)
2022-09-29 01:23:45,430 [grpc-default-executor-0] INFO  server.GrpcLogAppender (GrpcLogAppender.java:onNext(403)) - omNode-1@group-523986131536->omNode-2-InstallSnapshotResponseHandler: received a reply omNode-1<-omNode-2#0:FAIL-t6,IN_PROGRESS
2022-09-29 01:23:45,430 [grpc-default-executor-0] INFO  server.GrpcLogAppender (GrpcLogAppender.java:onNext(421)) - omNode-1@group-523986131536->omNode-2-InstallSnapshotResponseHandler: InstallSnapshot in progress.
2022-09-29 01:23:45,430 [omNode-1@group-523986131536->omNode-2-GrpcLogAppender-LogAppenderDaemon] INFO  server.GrpcLogAppender (GrpcLogAppender.java:installSnapshot(541)) - omNode-1@group-523986131536->omNode-2-GrpcLogAppender: followerNextIndex = 57 but logStartIndex = 59, notify follower to install snapshot-(t:6, i:59)
2022-09-29 01:23:45,430 [omNode-1@group-523986131536->omNode-2-GrpcLogAppender-LogAppenderDaemon] INFO  server.GrpcLogAppender (GrpcLogAppender.java:installSnapshot(549)) - omNode-1@group-523986131536->omNode-2-GrpcLogAppender: send omNode-1->omNode-2#0-t6,notify:(t:6, i:59)
2022-09-29 01:23:45,431 [grpc-default-executor-1] INFO  leader.FollowerInfo (FollowerInfoImpl.java:lambda$new$0(48)) - omNode-1@group-523986131536->omNode-2: nextIndex: updateUnconditionally 57 -> 57
2022-09-29 01:23:45,432 [omNode-2-server-thread1] INFO  server.RaftServer$Division (RaftServerImpl.java:checkInconsistentAppendEntries(1402)) - omNode-2@group-523986131536: Failed appendEntries as snapshot (59) installation is in progress
2022-09-29 01:23:45,432 [omNode-2-server-thread1] INFO  server.RaftServer$Division (RaftServerImpl.java:checkInconsistentAppendEntries(1394)) - omNode-2@group-523986131536: inconsistency entries. Reply:omNode-1<-omNode-2#482:FAIL-t6,INCONSISTENCY,nextIndex=57,followerCommit=56
2022-09-29 01:23:45,432 [grpc-default-executor-2] INFO  leader.FollowerInfo (FollowerInfoImpl.java:lambda$new$0(48)) - omNode-1@group-523986131536->omNode-2: nextIndex: updateUnconditionally 57 -> 57
2022-09-29 01:23:45,433 [grpc-default-executor-1] INFO  impl.SnapshotInstallationHandler (SnapshotInstallationHandler.java:installSnapshot(84)) - omNode-2@group-523986131536: receive installSnapshot: omNode-1->omNode-2#0-t6,notify:(t:6, i:59)
2022-09-29 01:23:45,433 [grpc-default-executor-1] INFO  impl.SnapshotInstallationHandler (SnapshotInstallationHandler.java:installSnapshot(95)) - omNode-2@group-523986131536: reply installSnapshot: omNode-1<-omNode-2#0:FAIL-t6,IN_PROGRESS
2022-09-29 01:23:45,433 [grpc-default-executor-1] INFO  server.GrpcServerProtocolService (GrpcServerProtocolService.java:onCompleted(140)) - omNode-2: Completed INSTALL_SNAPSHOT, lastRequest: omNode-1->omNode-2#0-t6,notify:(t:6, i:59)
2022-09-29 01:23:45,433 [grpc-default-executor-0] INFO  server.GrpcLogAppender (GrpcLogAppender.java:onNext(403)) - omNode-1@group-523986131536->omNode-2-InstallSnapshotResponseHandler: received a reply omNode-1<-omNode-2#0:FAIL-t6,IN_PROGRESS
2022-09-29 01:23:45,434 [grpc-default-executor-0] INFO  server.GrpcLogAppender (GrpcLogAppender.java:onNext(421)) - omNode-1@group-523986131536->omNode-2-InstallSnapshotResponseHandler: InstallSnapshot in progress.
2022-09-29 01:23:45,437 [omNode-1@group-523986131536->omNode-2-GrpcLogAppender-LogAppenderDaemon] INFO  server.GrpcLogAppender (GrpcLogAppender.java:installSnapshot(541)) - omNode-1@group-523986131536->omNode-2-GrpcLogAppender: followerNextIndex = 57 but logStartIndex = 59, notify follower to install snapshot-(t:6, i:59)
2022-09-29 01:23:45,437 [omNode-1@group-523986131536->omNode-2-GrpcLogAppender-LogAppenderDaemon] INFO  server.GrpcLogAppender (GrpcLogAppender.java:installSnapshot(549)) - omNode-1@group-523986131536->omNode-2-GrpcLogAppender: send omNode-1->omNode-2#0-t6,notify:(t:6, i:59)
2022-09-29 01:23:45,437 [omNode-2-server-thread1] INFO  server.RaftServer$Division (RaftServerImpl.java:checkInconsistentAppendEntries(1402)) - omNode-2@group-523986131536: Failed appendEntries as snapshot (59) installation is in progress
2022-09-29 01:23:45,437 [omNode-2-server-thread1] INFO  server.RaftServer$Division (RaftServerImpl.java:checkInconsistentAppendEntries(1394)) - omNode-2@group-523986131536: inconsistency entries. Reply:omNode-1<-omNode-2#483:FAIL-t6,INCONSISTENCY,nextIndex=57,followerCommit=56
2022-09-29 01:23:45,438 [grpc-default-executor-1] INFO  leader.FollowerInfo (FollowerInfoImpl.java:lambda$new$0(48)) - omNode-1@group-523986131536->omNode-2: nextIndex: updateUnconditionally 57 -> 57
2022-09-29 01:23:45,438 [grpc-default-executor-1] INFO  impl.SnapshotInstallationHandler (SnapshotInstallationHandler.java:installSnapshot(84)) - omNode-2@group-523986131536: receive installSnapshot: omNode-1->omNode-2#0-t6,notify:(t:6, i:59)
2022-09-29 01:23:45,438 [grpc-default-executor-1] INFO  impl.SnapshotInstallationHandler (SnapshotInstallationHandler.java:installSnapshot(95)) - omNode-2@group-523986131536: reply installSnapshot: omNode-1<-omNode-2#0:FAIL-t6,IN_PROGRESS
2022-09-29 01:23:45,438 [grpc-default-executor-1] INFO  server.GrpcServerProtocolService (GrpcServerProtocolService.java:onCompleted(140)) - omNode-2: Completed INSTALL_SNAPSHOT, lastRequest: omNode-1->omNode-2#0-t6,notify:(t:6, i:59)
2022-09-29 01:23:45,439 [grpc-default-executor-2] INFO  server.GrpcLogAppender (GrpcLogAppender.java:onNext(403)) - omNode-1@group-523986131536->omNode-2-InstallSnapshotResponseHandler: received a reply omNode-1<-omNode-2#0:FAIL-t6,IN_PROGRESS
2022-09-29 01:23:45,439 [grpc-default-executor-2] INFO  server.GrpcLogAppender (GrpcLogAppender.java:onNext(421)) - omNode-1@group-523986131536->omNode-2-InstallSnapshotResponseHandler: InstallSnapshot in progress.
2022-09-29 01:23:45,439 [omNode-1@group-523986131536->omNode-2-GrpcLogAppender-LogAppenderDaemon] INFO  server.GrpcLogAppender (GrpcLogAppender.java:installSnapshot(541)) - omNode-1@group-523986131536->omNode-2-GrpcLogAppender: followerNextIndex = 57 but logStartIndex = 59, notify follower to install snapshot-(t:6, i:59)
2022-09-29 01:23:45,440 [omNode-1@group-523986131536->omNode-2-GrpcLogAppender-LogAppenderDaemon] INFO  server.GrpcLogAppender (GrpcLogAppender.java:installSnapshot(549)) - omNode-1@group-523986131536->omNode-2-GrpcLogAppender: send omNode-1->omNode-2#0-t6,notify:(t:6, i:59)
2022-09-29 01:23:45,442 [omNode-2-server-thread1] INFO  server.RaftServer$Division (RaftServerImpl.java:checkInconsistentAppendEntries(1402)) - omNode-2@group-523986131536: Failed appendEntries as snapshot (59) installation is in progress
2022-09-29 01:23:45,442 [omNode-2-server-thread1] INFO  server.RaftServer$Division (RaftServerImpl.java:checkInconsistentAppendEntries(1394)) - omNode-2@group-523986131536: inconsistency entries. Reply:omNode-1<-omNode-2#484:FAIL-t6,INCONSISTENCY,nextIndex=57,followerCommit=56
2022-09-29 01:23:45,443 [grpc-default-executor-0] INFO  leader.FollowerInfo (FollowerInfoImpl.java:lambda$new$0(48)) - omNode-1@group-523986131536->omNode-2: nextIndex: updateUnconditionally 57 -> 57
2022-09-29 01:23:45,443 [grpc-default-executor-2] INFO  impl.SnapshotInstallationHandler (SnapshotInstallationHandler.java:installSnapshot(84)) - omNode-2@group-523986131536: receive installSnapshot: omNode-1->omNode-2#0-t6,notify:(t:6, i:59)
2022-09-29 01:23:45,443 [grpc-default-executor-2] INFO  impl.SnapshotInstallationHandler (SnapshotInstallationHandler.java:installSnapshot(95)) - omNode-2@group-523986131536: reply installSnapshot: omNode-1<-omNode-2#0:FAIL-t6,IN_PROGRESS
2022-09-29 01:23:45,443 [grpc-default-executor-2] INFO  server.GrpcServerProtocolService (GrpcServerProtocolService.java:onCompleted(140)) - omNode-2: Completed INSTALL_SNAPSHOT, lastRequest: omNode-1->omNode-2#0-t6,notify:(t:6, i:59)
2022-09-29 01:23:45,444 [grpc-default-executor-1] INFO  server.GrpcLogAppender (GrpcLogAppender.java:onNext(403)) - omNode-1@group-523986131536->omNode-2-InstallSnapshotResponseHandler: received a reply omNode-1<-omNode-2#0:FAIL-t6,IN_PROGRESS
2022-09-29 01:23:45,444 [grpc-default-executor-1] INFO  server.GrpcLogAppender (GrpcLogAppender.java:onNext(421)) - omNode-1@group-523986131536->omNode-2-InstallSnapshotResponseHandler: InstallSnapshot in progress.
2022-09-29 01:23:45,444 [omNode-1@group-523986131536->omNode-2-GrpcLogAppender-LogAppenderDaemon] INFO  server.GrpcLogAppender (GrpcLogAppender.java:installSnapshot(541)) - omNode-1@group-523986131536->omNode-2-GrpcLogAppender: followerNextIndex = 57 but logStartIndex = 59, notify follower to install snapshot-(t:6, i:59)
2022-09-29 01:23:45,444 [omNode-1@group-523986131536->omNode-2-GrpcLogAppender-LogAppenderDaemon] INFO  server.GrpcLogAppender (GrpcLogAppender.java:installSnapshot(549)) - omNode-1@group-523986131536->omNode-2-GrpcLogAppender: send omNode-1->omNode-2#0-t6,notify:(t:6, i:59)
2022-09-29 01:23:45,445 [grpc-default-executor-1] INFO  impl.SnapshotInstallationHandler (SnapshotInstallationHandler.java:installSnapshot(84)) - omNode-2@group-523986131536: receive installSnapshot: omNode-1->omNode-2#0-t6,notify:(t:6, i:59)
2022-09-29 01:23:45,445 [grpc-default-executor-1] INFO  impl.SnapshotInstallationHandler (SnapshotInstallationHandler.java:installSnapshot(95)) - omNode-2@group-523986131536: reply installSnapshot: omNode-1<-omNode-2#0:FAIL-t6,IN_PROGRESS
2022-09-29 01:23:45,445 [grpc-default-executor-1] INFO  server.GrpcServerProtocolService (GrpcServerProtocolService.java:onCompleted(140)) - omNode-2: Completed INSTALL_SNAPSHOT, lastRequest: omNode-1->omNode-2#0-t6,notify:(t:6, i:59)
2022-09-29 01:23:45,445 [omNode-2-server-thread1] INFO  server.RaftServer$Division (RaftServerImpl.java:checkInconsistentAppendEntries(1402)) - omNode-2@group-523986131536: Failed appendEntries as snapshot (59) installation is in progress
2022-09-29 01:23:45,445 [omNode-2-server-thread1] INFO  server.RaftServer$Division (RaftServerImpl.java:checkInconsistentAppendEntries(1394)) - omNode-2@group-523986131536: inconsistency entries. Reply:omNode-1<-omNode-2#485:FAIL-t6,INCONSISTENCY,nextIndex=57,followerCommit=56
2022-09-29 01:23:45,445 [grpc-default-executor-1] INFO  server.GrpcLogAppender (GrpcLogAppender.java:onNext(403)) - omNode-1@group-523986131536->omNode-2-InstallSnapshotResponseHandler: received a reply omNode-1<-omNode-2#0:FAIL-t6,IN_PROGRESS
2022-09-29 01:23:45,446 [grpc-default-executor-1] INFO  server.GrpcLogAppender (GrpcLogAppender.java:onNext(421)) - omNode-1@group-523986131536->omNode-2-InstallSnapshotResponseHandler: InstallSnapshot in progress.
2022-09-29 01:23:45,446 [grpc-default-executor-2] INFO  leader.FollowerInfo (FollowerInfoImpl.java:lambda$new$0(48)) - omNode-1@group-523986131536->omNode-2: nextIndex: updateUnconditionally 57 -> 57
2022-09-29 01:23:45,446 [omNode-1@group-523986131536->omNode-2-GrpcLogAppender-LogAppenderDaemon] INFO  server.GrpcLogAppender (GrpcLogAppender.java:installSnapshot(541)) - omNode-1@group-523986131536->omNode-2-GrpcLogAppender: followerNextIndex = 57 but logStartIndex = 59, notify follower to install snapshot-(t:6, i:59)
2022-09-29 01:23:45,446 [omNode-1@group-523986131536->omNode-2-GrpcLogAppender-LogAppenderDaemon] INFO  server.GrpcLogAppender (GrpcLogAppender.java:installSnapshot(549)) - omNode-1@group-523986131536->omNode-2-GrpcLogAppender: send omNode-1->omNode-2#0-t6,notify:(t:6, i:59)
2022-09-29 01:23:45,446 [omNode-2-server-thread1] INFO  server.RaftServer$Division (RaftServerImpl.java:checkInconsistentAppendEntries(1402)) - omNode-2@group-523986131536: Failed appendEntries as snapshot (59) installation is in progress
2022-09-29 01:23:45,446 [omNode-2-server-thread1] INFO  server.RaftServer$Division (RaftServerImpl.java:checkInconsistentAppendEntries(1394)) - omNode-2@group-523986131536: inconsistency entries. Reply:omNode-1<-omNode-2#486:FAIL-t6,INCONSISTENCY,nextIndex=57,followerCommit=56
2022-09-29 01:23:45,447 [grpc-default-executor-1] INFO  impl.SnapshotInstallationHandler (SnapshotInstallationHandler.java:installSnapshot(84)) - omNode-2@group-523986131536: receive installSnapshot: omNode-1->omNode-2#0-t6,notify:(t:6, i:59)
2022-09-29 01:23:45,447 [grpc-default-executor-1] INFO  impl.SnapshotInstallationHandler (SnapshotInstallationHandler.java:installSnapshot(95)) - omNode-2@group-523986131536: reply installSnapshot: omNode-1<-omNode-2#0:FAIL-t6,IN_PROGRESS
2022-09-29 01:23:45,447 [grpc-default-executor-1] INFO  server.GrpcServerProtocolService (GrpcServerProtocolService.java:onCompleted(140)) - omNode-2: Completed INSTALL_SNAPSHOT, lastRequest: omNode-1->omNode-2#0-t6,notify:(t:6, i:59)
2022-09-29 01:23:45,447 [grpc-default-executor-2] INFO  leader.FollowerInfo (FollowerInfoImpl.java:lambda$new$0(48)) - omNode-1@group-523986131536->omNode-2: nextIndex: updateUnconditionally 57 -> 57
2022-09-29 01:23:45,447 [grpc-default-executor-1] INFO  server.GrpcLogAppender (GrpcLogAppender.java:onNext(403)) - omNode-1@group-523986131536->omNode-2-InstallSnapshotResponseHandler: received a reply omNode-1<-omNode-2#0:FAIL-t6,IN_PROGRESS
2022-09-29 01:23:45,447 [grpc-default-executor-1] INFO  server.GrpcLogAppender (GrpcLogAppender.java:onNext(421)) - omNode-1@group-523986131536->omNode-2-InstallSnapshotResponseHandler: InstallSnapshot in progress.
2022-09-29 01:23:45,448 [omNode-1@group-523986131536->omNode-2-GrpcLogAppender-LogAppenderDaemon] INFO  server.GrpcLogAppender (GrpcLogAppender.java:installSnapshot(541)) - omNode-1@group-523986131536->omNode-2-GrpcLogAppender: followerNextIndex = 57 but logStartIndex = 59, notify follower to install snapshot-(t:6, i:59)
2022-09-29 01:23:45,448 [omNode-1@group-523986131536->omNode-2-GrpcLogAppender-LogAppenderDaemon] INFO  server.GrpcLogAppender (GrpcLogAppender.java:installSnapshot(549)) - omNode-1@group-523986131536->omNode-2-GrpcLogAppender: send omNode-1->omNode-2#0-t6,notify:(t:6, i:59)
2022-09-29 01:23:45,450 [grpc-default-executor-1] INFO  impl.SnapshotInstallationHandler (SnapshotInstallationHandler.java:installSnapshot(84)) - omNode-2@group-523986131536: receive installSnapshot: omNode-1->omNode-2#0-t6,notify:(t:6, i:59)
2022-09-29 01:23:45,450 [grpc-default-executor-1] INFO  impl.SnapshotInstallationHandler (SnapshotInstallationHandler.java:installSnapshot(95)) - omNode-2@group-523986131536: reply installSnapshot: omNode-1<-omNode-2#0:FAIL-t6,IN_PROGRESS
2022-09-29 01:23:45,450 [grpc-default-executor-1] INFO  server.GrpcServerProtocolService (GrpcServerProtocolService.java:onCompleted(140)) - omNode-2: Completed INSTALL_SNAPSHOT, lastRequest: omNode-1->omNode-2#0-t6,notify:(t:6, i:59)
2022-09-29 01:23:45,450 [omNode-2-server-thread1] INFO  server.RaftServer$Division (RaftServerImpl.java:checkInconsistentAppendEntries(1402)) - omNode-2@group-523986131536: Failed appendEntries as snapshot (59) installation is in progress
2022-09-29 01:23:45,450 [omNode-2-server-thread1] INFO  server.RaftServer$Division (RaftServerImpl.java:checkInconsistentAppendEntries(1394)) - omNode-2@group-523986131536: inconsistency entries. Reply:omNode-1<-omNode-2#487:FAIL-t6,INCONSISTENCY,nextIndex=57,followerCommit=56
2022-09-29 01:23:45,451 [grpc-default-executor-1] INFO  server.GrpcLogAppender (GrpcLogAppender.java:onNext(403)) - omNode-1@group-523986131536->omNode-2-InstallSnapshotResponseHandler: received a reply omNode-1<-omNode-2#0:FAIL-t6,IN_PROGRESS
2022-09-29 01:23:45,451 [grpc-default-executor-1] INFO  server.GrpcLogAppender (GrpcLogAppender.java:onNext(421)) - omNode-1@group-523986131536->omNode-2-InstallSnapshotResponseHandler: InstallSnapshot in progress.
2022-09-29 01:23:45,451 [omNode-1@group-523986131536->omNode-2-GrpcLogAppender-LogAppenderDaemon] INFO  server.GrpcLogAppender (GrpcLogAppender.java:installSnapshot(541)) - omNode-1@group-523986131536->omNode-2-GrpcLogAppender: followerNextIndex = 57 but logStartIndex = 59, notify follower to install snapshot-(t:6, i:59)
2022-09-29 01:23:45,451 [omNode-1@group-523986131536->omNode-2-GrpcLogAppender-LogAppenderDaemon] INFO  server.GrpcLogAppender (GrpcLogAppender.java:installSnapshot(549)) - omNode-1@group-523986131536->omNode-2-GrpcLogAppender: send omNode-1->omNode-2#0-t6,notify:(t:6, i:59)
2022-09-29 01:23:45,451 [grpc-default-executor-2] INFO  leader.FollowerInfo (FollowerInfoImpl.java:lambda$new$0(48)) - omNode-1@group-523986131536->omNode-2: nextIndex: updateUnconditionally 57 -> 57
2022-09-29 01:23:45,452 [omNode-2-server-thread1] INFO  server.RaftServer$Division (RaftServerImpl.java:checkInconsistentAppendEntries(1402)) - omNode-2@group-523986131536: Failed appendEntries as snapshot (59) installation is in progress
2022-09-29 01:23:45,452 [omNode-2-server-thread1] INFO  server.RaftServer$Division (RaftServerImpl.java:checkInconsistentAppendEntries(1394)) - omNode-2@group-523986131536: inconsistency entries. Reply:omNode-1<-omNode-2#488:FAIL-t6,INCONSISTENCY,nextIndex=57,followerCommit=56
2022-09-29 01:23:45,452 [grpc-default-executor-2] INFO  impl.SnapshotInstallationHandler (SnapshotInstallationHandler.java:installSnapshot(84)) - omNode-2@group-523986131536: receive installSnapshot: omNode-1->omNode-2#0-t6,notify:(t:6, i:59)
2022-09-29 01:23:45,452 [grpc-default-executor-2] INFO  impl.SnapshotInstallationHandler (SnapshotInstallationHandler.java:installSnapshot(95)) - omNode-2@group-523986131536: reply installSnapshot: omNode-1<-omNode-2#0:FAIL-t6,IN_PROGRESS
2022-09-29 01:23:45,452 [grpc-default-executor-2] INFO  server.GrpcServerProtocolService (GrpcServerProtocolService.java:onCompleted(140)) - omNode-2: Completed INSTALL_SNAPSHOT, lastRequest: omNode-1->omNode-2#0-t6,notify:(t:6, i:59)
2022-09-29 01:23:45,453 [grpc-default-executor-1] INFO  leader.FollowerInfo (FollowerInfoImpl.java:lambda$new$0(48)) - omNode-1@group-523986131536->omNode-2: nextIndex: updateUnconditionally 57 -> 57
2022-09-29 01:23:45,453 [grpc-default-executor-2] INFO  server.GrpcLogAppender (GrpcLogAppender.java:onNext(403)) - omNode-1@group-523986131536->omNode-2-InstallSnapshotResponseHandler: received a reply omNode-1<-omNode-2#0:FAIL-t6,IN_PROGRESS
2022-09-29 01:23:45,453 [grpc-default-executor-2] INFO  server.GrpcLogAppender (GrpcLogAppender.java:onNext(421)) - omNode-1@group-523986131536->omNode-2-InstallSnapshotResponseHandler: InstallSnapshot in progress.
2022-09-29 01:23:45,453 [omNode-1@group-523986131536->omNode-2-GrpcLogAppender-LogAppenderDaemon] INFO  server.GrpcLogAppender (GrpcLogAppender.java:installSnapshot(541)) - omNode-1@group-523986131536->omNode-2-GrpcLogAppender: followerNextIndex = 57 but logStartIndex = 59, notify follower to install snapshot-(t:6, i:59)
2022-09-29 01:23:45,453 [omNode-1@group-523986131536->omNode-2-GrpcLogAppender-LogAppenderDaemon] INFO  server.GrpcLogAppender (GrpcLogAppender.java:installSnapshot(549)) - omNode-1@group-523986131536->omNode-2-GrpcLogAppender: send omNode-1->omNode-2#0-t6,notify:(t:6, i:59)
2022-09-29 01:23:45,453 [omNode-2-server-thread1] INFO  server.RaftServer$Division (RaftServerImpl.java:checkInconsistentAppendEntries(1402)) - omNode-2@group-523986131536: Failed appendEntries as snapshot (59) installation is in progress
2022-09-29 01:23:45,454 [omNode-2-server-thread1] INFO  server.RaftServer$Division (RaftServerImpl.java:checkInconsistentAppendEntries(1394)) - omNode-2@group-523986131536: inconsistency entries. Reply:omNode-1<-omNode-2#489:FAIL-t6,INCONSISTENCY,nextIndex=57,followerCommit=56
2022-09-29 01:23:45,454 [grpc-default-executor-2] INFO  impl.SnapshotInstallationHandler (SnapshotInstallationHandler.java:installSnapshot(84)) - omNode-2@group-523986131536: receive installSnapshot: omNode-1->omNode-2#0-t6,notify:(t:6, i:59)
2022-09-29 01:23:45,454 [grpc-default-executor-2] INFO  impl.SnapshotInstallationHandler (SnapshotInstallationHandler.java:installSnapshot(95)) - omNode-2@group-523986131536: reply installSnapshot: omNode-1<-omNode-2#0:FAIL-t6,IN_PROGRESS
2022-09-29 01:23:45,454 [grpc-default-executor-2] INFO  server.GrpcServerProtocolService (GrpcServerProtocolService.java:onCompleted(140)) - omNode-2: Completed INSTALL_SNAPSHOT, lastRequest: omNode-1->omNode-2#0-t6,notify:(t:6, i:59)
2022-09-29 01:23:45,454 [grpc-default-executor-1] INFO  leader.FollowerInfo (FollowerInfoImpl.java:lambda$new$0(48)) - omNode-1@group-523986131536->omNode-2: nextIndex: updateUnconditionally 57 -> 57
2022-09-29 01:23:45,455 [grpc-default-executor-2] INFO  server.GrpcLogAppender (GrpcLogAppender.java:onNext(403)) - omNode-1@group-523986131536->omNode-2-InstallSnapshotResponseHandler: received a reply omNode-1<-omNode-2#0:FAIL-t6,IN_PROGRESS
2022-09-29 01:23:45,455 [grpc-default-executor-2] INFO  server.GrpcLogAppender (GrpcLogAppender.java:onNext(421)) - omNode-1@group-523986131536->omNode-2-InstallSnapshotResponseHandler: InstallSnapshot in progress.
2022-09-29 01:23:45,455 [omNode-1@group-523986131536->omNode-2-GrpcLogAppender-LogAppenderDaemon] INFO  server.GrpcLogAppender (GrpcLogAppender.java:installSnapshot(541)) - omNode-1@group-523986131536->omNode-2-GrpcLogAppender: followerNextIndex = 57 but logStartIndex = 59, notify follower to install snapshot-(t:6, i:59)
2022-09-29 01:23:45,455 [omNode-1@group-523986131536->omNode-2-GrpcLogAppender-LogAppenderDaemon] INFO  server.GrpcLogAppender (GrpcLogAppender.java:installSnapshot(549)) - omNode-1@group-523986131536->omNode-2-GrpcLogAppender: send omNode-1->omNode-2#0-t6,notify:(t:6, i:59)
2022-09-29 01:23:45,456 [omNode-2-server-thread1] INFO  server.RaftServer$Division (RaftServerImpl.java:checkInconsistentAppendEntries(1402)) - omNode-2@group-523986131536: Failed appendEntries as snapshot (59) installation is in progress
2022-09-29 01:23:45,456 [grpc-default-executor-0] INFO  impl.SnapshotInstallationHandler (SnapshotInstallationHandler.java:installSnapshot(84)) - omNode-2@group-523986131536: receive installSnapshot: omNode-1->omNode-2#0-t6,notify:(t:6, i:59)
2022-09-29 01:23:45,456 [omNode-2-server-thread1] INFO  server.RaftServer$Division (RaftServerImpl.java:checkInconsistentAppendEntries(1394)) - omNode-2@group-523986131536: inconsistency entries. Reply:omNode-1<-omNode-2#490:FAIL-t6,INCONSISTENCY,nextIndex=57,followerCommit=56
2022-09-29 01:23:45,456 [grpc-default-executor-0] INFO  impl.SnapshotInstallationHandler (SnapshotInstallationHandler.java:installSnapshot(95)) - omNode-2@group-523986131536: reply installSnapshot: omNode-1<-omNode-2#0:FAIL-t6,IN_PROGRESS
2022-09-29 01:23:45,456 [grpc-default-executor-0] INFO  server.GrpcServerProtocolService (GrpcServerProtocolService.java:onCompleted(140)) - omNode-2: Completed INSTALL_SNAPSHOT, lastRequest: omNode-1->omNode-2#0-t6,notify:(t:6, i:59)
2022-09-29 01:23:45,457 [grpc-default-executor-1] INFO  server.GrpcLogAppender (GrpcLogAppender.java:onNext(403)) - omNode-1@group-523986131536->omNode-2-InstallSnapshotResponseHandler: received a reply omNode-1<-omNode-2#0:FAIL-t6,IN_PROGRESS
2022-09-29 01:23:45,457 [grpc-default-executor-1] INFO  server.GrpcLogAppender (GrpcLogAppender.java:onNext(421)) - omNode-1@group-523986131536->omNode-2-InstallSnapshotResponseHandler: InstallSnapshot in progress.
2022-09-29 01:23:45,457 [omNode-1@group-523986131536->omNode-2-GrpcLogAppender-LogAppenderDaemon] INFO  server.GrpcLogAppender (GrpcLogAppender.java:installSnapshot(541)) - omNode-1@group-523986131536->omNode-2-GrpcLogAppender: followerNextIndex = 57 but logStartIndex = 59, notify follower to install snapshot-(t:6, i:59)
2022-09-29 01:23:45,457 [omNode-1@group-523986131536->omNode-2-GrpcLogAppender-LogAppenderDaemon] INFO  server.GrpcLogAppender (GrpcLogAppender.java:installSnapshot(549)) - omNode-1@group-523986131536->omNode-2-GrpcLogAppender: send omNode-1->omNode-2#0-t6,notify:(t:6, i:59)
2022-09-29 01:23:45,457 [grpc-default-executor-0] INFO  leader.FollowerInfo (FollowerInfoImpl.java:lambda$new$0(48)) - omNode-1@group-523986131536->omNode-2: nextIndex: updateUnconditionally 57 -> 57
2022-09-29 01:23:45,458 [omNode-2-server-thread1] INFO  server.RaftServer$Division (RaftServerImpl.java:checkInconsistentAppendEntries(1402)) - omNode-2@group-523986131536: Failed appendEntries as snapshot (59) installation is in progress
2022-09-29 01:23:45,458 [omNode-2-server-thread1] INFO  server.RaftServer$Division (RaftServerImpl.java:checkInconsistentAppendEntries(1394)) - omNode-2@group-523986131536: inconsistency entries. Reply:omNode-1<-omNode-2#491:FAIL-t6,INCONSISTENCY,nextIndex=57,followerCommit=56
2022-09-29 01:23:45,458 [grpc-default-executor-1] INFO  impl.SnapshotInstallationHandler (SnapshotInstallationHandler.java:installSnapshot(84)) - omNode-2@group-523986131536: receive installSnapshot: omNode-1->omNode-2#0-t6,notify:(t:6, i:59)
2022-09-29 01:23:45,458 [grpc-default-executor-1] INFO  impl.SnapshotInstallationHandler (SnapshotInstallationHandler.java:installSnapshot(95)) - omNode-2@group-523986131536: reply installSnapshot: omNode-1<-omNode-2#0:FAIL-t6,IN_PROGRESS
2022-09-29 01:23:45,458 [grpc-default-executor-1] INFO  server.GrpcServerProtocolService (GrpcServerProtocolService.java:onCompleted(140)) - omNode-2: Completed INSTALL_SNAPSHOT, lastRequest: omNode-1->omNode-2#0-t6,notify:(t:6, i:59)
2022-09-29 01:23:45,459 [grpc-default-executor-2] INFO  leader.FollowerInfo (FollowerInfoImpl.java:lambda$new$0(48)) - omNode-1@group-523986131536->omNode-2: nextIndex: updateUnconditionally 57 -> 57
2022-09-29 01:23:45,459 [grpc-default-executor-1] INFO  server.GrpcLogAppender (GrpcLogAppender.java:onNext(403)) - omNode-1@group-523986131536->omNode-2-InstallSnapshotResponseHandler: received a reply omNode-1<-omNode-2#0:FAIL-t6,IN_PROGRESS
2022-09-29 01:23:45,459 [grpc-default-executor-1] INFO  server.GrpcLogAppender (GrpcLogAppender.java:onNext(421)) - omNode-1@group-523986131536->omNode-2-InstallSnapshotResponseHandler: InstallSnapshot in progress.
2022-09-29 01:23:45,459 [omNode-1@group-523986131536->omNode-2-GrpcLogAppender-LogAppenderDaemon] INFO  server.GrpcLogAppender (GrpcLogAppender.java:installSnapshot(541)) - omNode-1@group-523986131536->omNode-2-GrpcLogAppender: followerNextIndex = 57 but logStartIndex = 59, notify follower to install snapshot-(t:6, i:59)
2022-09-29 01:23:45,459 [omNode-1@group-523986131536->omNode-2-GrpcLogAppender-LogAppenderDaemon] INFO  server.GrpcLogAppender (GrpcLogAppender.java:installSnapshot(549)) - omNode-1@group-523986131536->omNode-2-GrpcLogAppender: send omNode-1->omNode-2#0-t6,notify:(t:6, i:59)
2022-09-29 01:23:45,461 [grpc-default-executor-1] INFO  impl.SnapshotInstallationHandler (SnapshotInstallationHandler.java:installSnapshot(84)) - omNode-2@group-523986131536: receive installSnapshot: omNode-1->omNode-2#0-t6,notify:(t:6, i:59)
2022-09-29 01:23:45,461 [grpc-default-executor-1] INFO  impl.SnapshotInstallationHandler (SnapshotInstallationHandler.java:installSnapshot(95)) - omNode-2@group-523986131536: reply installSnapshot: omNode-1<-omNode-2#0:FAIL-t6,IN_PROGRESS
2022-09-29 01:23:45,461 [grpc-default-executor-1] INFO  server.GrpcServerProtocolService (GrpcServerProtocolService.java:onCompleted(140)) - omNode-2: Completed INSTALL_SNAPSHOT, lastRequest: omNode-1->omNode-2#0-t6,notify:(t:6, i:59)
2022-09-29 01:23:45,462 [grpc-default-executor-1] INFO  server.GrpcLogAppender (GrpcLogAppender.java:onNext(403)) - omNode-1@group-523986131536->omNode-2-InstallSnapshotResponseHandler: received a reply omNode-1<-omNode-2#0:FAIL-t6,IN_PROGRESS
2022-09-29 01:23:45,462 [grpc-default-executor-1] INFO  server.GrpcLogAppender (GrpcLogAppender.java:onNext(421)) - omNode-1@group-523986131536->omNode-2-InstallSnapshotResponseHandler: InstallSnapshot in progress.
2022-09-29 01:23:45,462 [omNode-1@group-523986131536->omNode-2-GrpcLogAppender-LogAppenderDaemon] INFO  server.GrpcLogAppender (GrpcLogAppender.java:installSnapshot(541)) - omNode-1@group-523986131536->omNode-2-GrpcLogAppender: followerNextIndex = 57 but logStartIndex = 59, notify follower to install snapshot-(t:6, i:59)
2022-09-29 01:23:45,462 [omNode-1@group-523986131536->omNode-2-GrpcLogAppender-LogAppenderDaemon] INFO  server.GrpcLogAppender (GrpcLogAppender.java:installSnapshot(549)) - omNode-1@group-523986131536->omNode-2-GrpcLogAppender: send omNode-1->omNode-2#0-t6,notify:(t:6, i:59)
2022-09-29 01:23:45,463 [grpc-default-executor-1] INFO  impl.SnapshotInstallationHandler (SnapshotInstallationHandler.java:installSnapshot(84)) - omNode-2@group-523986131536: receive installSnapshot: omNode-1->omNode-2#0-t6,notify:(t:6, i:59)
2022-09-29 01:23:45,463 [grpc-default-executor-1] INFO  impl.SnapshotInstallationHandler (SnapshotInstallationHandler.java:installSnapshot(95)) - omNode-2@group-523986131536: reply installSnapshot: omNode-1<-omNode-2#0:FAIL-t6,IN_PROGRESS
2022-09-29 01:23:45,463 [grpc-default-executor-1] INFO  server.GrpcServerProtocolService (GrpcServerProtocolService.java:onCompleted(140)) - omNode-2: Completed INSTALL_SNAPSHOT, lastRequest: omNode-1->omNode-2#0-t6,notify:(t:6, i:59)
2022-09-29 01:23:45,463 [omNode-2-server-thread1] INFO  server.RaftServer$Division (RaftServerImpl.java:checkInconsistentAppendEntries(1402)) - omNode-2@group-523986131536: Failed appendEntries as snapshot (59) installation is in progress
2022-09-29 01:23:45,463 [grpc-default-executor-1] INFO  server.GrpcLogAppender (GrpcLogAppender.java:onNext(403)) - omNode-1@group-523986131536->omNode-2-InstallSnapshotResponseHandler: received a reply omNode-1<-omNode-2#0:FAIL-t6,IN_PROGRESS
2022-09-29 01:23:45,463 [grpc-default-executor-1] INFO  server.GrpcLogAppender (GrpcLogAppender.java:onNext(421)) - omNode-1@group-523986131536->omNode-2-InstallSnapshotResponseHandler: InstallSnapshot in progress.
2022-09-29 01:23:45,463 [omNode-2-server-thread1] INFO  server.RaftServer$Division (RaftServerImpl.java:checkInconsistentAppendEntries(1394)) - omNode-2@group-523986131536: inconsistency entries. Reply:omNode-1<-omNode-2#492:FAIL-t6,INCONSISTENCY,nextIndex=57,followerCommit=56
2022-09-29 01:23:45,464 [omNode-1@group-523986131536->omNode-2-GrpcLogAppender-LogAppenderDaemon] INFO  server.GrpcLogAppender (GrpcLogAppender.java:installSnapshot(541)) - omNode-1@group-523986131536->omNode-2-GrpcLogAppender: followerNextIndex = 57 but logStartIndex = 59, notify follower to install snapshot-(t:6, i:59)
2022-09-29 01:23:45,464 [omNode-1@group-523986131536->omNode-2-GrpcLogAppender-LogAppenderDaemon] INFO  server.GrpcLogAppender (GrpcLogAppender.java:installSnapshot(549)) - omNode-1@group-523986131536->omNode-2-GrpcLogAppender: send omNode-1->omNode-2#0-t6,notify:(t:6, i:59)
2022-09-29 01:23:45,465 [grpc-default-executor-1] INFO  leader.FollowerInfo (FollowerInfoImpl.java:lambda$new$0(48)) - omNode-1@group-523986131536->omNode-2: nextIndex: updateUnconditionally 57 -> 57
2022-09-29 01:23:45,465 [omNode-2-server-thread1] INFO  server.RaftServer$Division (RaftServerImpl.java:checkInconsistentAppendEntries(1402)) - omNode-2@group-523986131536: Failed appendEntries as snapshot (59) installation is in progress
2022-09-29 01:23:45,465 [omNode-2-server-thread1] INFO  server.RaftServer$Division (RaftServerImpl.java:checkInconsistentAppendEntries(1394)) - omNode-2@group-523986131536: inconsistency entries. Reply:omNode-1<-omNode-2#493:FAIL-t6,INCONSISTENCY,nextIndex=57,followerCommit=56
2022-09-29 01:23:45,468 [omNode-2-server-thread1] INFO  server.RaftServer$Division (RaftServerImpl.java:checkInconsistentAppendEntries(1402)) - omNode-2@group-523986131536: Failed appendEntries as snapshot (59) installation is in progress
2022-09-29 01:23:45,468 [omNode-2-server-thread1] INFO  server.RaftServer$Division (RaftServerImpl.java:checkInconsistentAppendEntries(1394)) - omNode-2@group-523986131536: inconsistency entries. Reply:omNode-1<-omNode-2#494:FAIL-t6,INCONSISTENCY,nextIndex=57,followerCommit=56
2022-09-29 01:23:45,471 [grpc-default-executor-1] INFO  impl.SnapshotInstallationHandler (SnapshotInstallationHandler.java:installSnapshot(84)) - omNode-2@group-523986131536: receive installSnapshot: omNode-1->omNode-2#0-t6,notify:(t:6, i:59)
2022-09-29 01:23:45,471 [grpc-default-executor-1] INFO  impl.SnapshotInstallationHandler (SnapshotInstallationHandler.java:installSnapshot(95)) - omNode-2@group-523986131536: reply installSnapshot: omNode-1<-omNode-2#0:FAIL-t6,IN_PROGRESS
2022-09-29 01:23:45,471 [grpc-default-executor-1] INFO  server.GrpcServerProtocolService (GrpcServerProtocolService.java:onCompleted(140)) - omNode-2: Completed INSTALL_SNAPSHOT, lastRequest: omNode-1->omNode-2#0-t6,notify:(t:6, i:59)
2022-09-29 01:23:45,472 [grpc-default-executor-2] INFO  leader.FollowerInfo (FollowerInfoImpl.java:lambda$new$0(48)) - omNode-1@group-523986131536->omNode-2: nextIndex: updateUnconditionally 57 -> 57
2022-09-29 01:23:45,472 [grpc-default-executor-1] INFO  server.GrpcLogAppender (GrpcLogAppender.java:onNext(403)) - omNode-1@group-523986131536->omNode-2-InstallSnapshotResponseHandler: received a reply omNode-1<-omNode-2#0:FAIL-t6,IN_PROGRESS
2022-09-29 01:23:45,472 [grpc-default-executor-1] INFO  server.GrpcLogAppender (GrpcLogAppender.java:onNext(421)) - omNode-1@group-523986131536->omNode-2-InstallSnapshotResponseHandler: InstallSnapshot in progress.
2022-09-29 01:23:45,472 [omNode-1@group-523986131536->omNode-2-GrpcLogAppender-LogAppenderDaemon] INFO  server.GrpcLogAppender (GrpcLogAppender.java:installSnapshot(541)) - omNode-1@group-523986131536->omNode-2-GrpcLogAppender: followerNextIndex = 57 but logStartIndex = 59, notify follower to install snapshot-(t:6, i:59)
2022-09-29 01:23:45,472 [omNode-1@group-523986131536->omNode-2-GrpcLogAppender-LogAppenderDaemon] INFO  server.GrpcLogAppender (GrpcLogAppender.java:installSnapshot(549)) - omNode-1@group-523986131536->omNode-2-GrpcLogAppender: send omNode-1->omNode-2#0-t6,notify:(t:6, i:59)
2022-09-29 01:23:45,473 [grpc-default-executor-2] INFO  leader.FollowerInfo (FollowerInfoImpl.java:lambda$new$0(48)) - omNode-1@group-523986131536->omNode-2: nextIndex: updateUnconditionally 57 -> 57
2022-09-29 01:23:45,473 [omNode-2-server-thread1] INFO  server.RaftServer$Division (RaftServerImpl.java:checkInconsistentAppendEntries(1402)) - omNode-2@group-523986131536: Failed appendEntries as snapshot (59) installation is in progress
2022-09-29 01:23:45,473 [omNode-2-server-thread1] INFO  server.RaftServer$Division (RaftServerImpl.java:checkInconsistentAppendEntries(1394)) - omNode-2@group-523986131536: inconsistency entries. Reply:omNode-1<-omNode-2#495:FAIL-t6,INCONSISTENCY,nextIndex=57,followerCommit=56
2022-09-29 01:23:45,474 [grpc-default-executor-1] INFO  impl.SnapshotInstallationHandler (SnapshotInstallationHandler.java:installSnapshot(84)) - omNode-2@group-523986131536: receive installSnapshot: omNode-1->omNode-2#0-t6,notify:(t:6, i:59)
2022-09-29 01:23:45,474 [grpc-default-executor-1] INFO  impl.SnapshotInstallationHandler (SnapshotInstallationHandler.java:installSnapshot(95)) - omNode-2@group-523986131536: reply installSnapshot: omNode-1<-omNode-2#0:FAIL-t6,IN_PROGRESS
2022-09-29 01:23:45,474 [grpc-default-executor-1] INFO  server.GrpcServerProtocolService (GrpcServerProtocolService.java:onCompleted(140)) - omNode-2: Completed INSTALL_SNAPSHOT, lastRequest: omNode-1->omNode-2#0-t6,notify:(t:6, i:59)
2022-09-29 01:23:45,474 [grpc-default-executor-2] INFO  leader.FollowerInfo (FollowerInfoImpl.java:lambda$new$0(48)) - omNode-1@group-523986131536->omNode-2: nextIndex: updateUnconditionally 57 -> 57
2022-09-29 01:23:45,475 [grpc-default-executor-1] INFO  server.GrpcLogAppender (GrpcLogAppender.java:onNext(403)) - omNode-1@group-523986131536->omNode-2-InstallSnapshotResponseHandler: received a reply omNode-1<-omNode-2#0:FAIL-t6,IN_PROGRESS
2022-09-29 01:23:45,475 [grpc-default-executor-1] INFO  server.GrpcLogAppender (GrpcLogAppender.java:onNext(421)) - omNode-1@group-523986131536->omNode-2-InstallSnapshotResponseHandler: InstallSnapshot in progress.
2022-09-29 01:23:45,475 [omNode-1@group-523986131536->omNode-2-GrpcLogAppender-LogAppenderDaemon] INFO  server.GrpcLogAppender (GrpcLogAppender.java:installSnapshot(541)) - omNode-1@group-523986131536->omNode-2-GrpcLogAppender: followerNextIndex = 57 but logStartIndex = 59, notify follower to install snapshot-(t:6, i:59)
2022-09-29 01:23:45,475 [omNode-2-server-thread1] INFO  server.RaftServer$Division (RaftServerImpl.java:checkInconsistentAppendEntries(1402)) - omNode-2@group-523986131536: Failed appendEntries as snapshot (59) installation is in progress
2022-09-29 01:23:45,475 [omNode-2-server-thread1] INFO  server.RaftServer$Division (RaftServerImpl.java:checkInconsistentAppendEntries(1394)) - omNode-2@group-523986131536: inconsistency entries. Reply:omNode-1<-omNode-2#496:FAIL-t6,INCONSISTENCY,nextIndex=57,followerCommit=56
2022-09-29 01:23:45,475 [grpc-default-executor-1] INFO  leader.FollowerInfo (FollowerInfoImpl.java:lambda$new$0(48)) - omNode-1@group-523986131536->omNode-2: nextIndex: updateUnconditionally 57 -> 57
2022-09-29 01:23:45,476 [omNode-1@group-523986131536->omNode-2-GrpcLogAppender-LogAppenderDaemon] INFO  server.GrpcLogAppender (GrpcLogAppender.java:installSnapshot(549)) - omNode-1@group-523986131536->omNode-2-GrpcLogAppender: send omNode-1->omNode-2#0-t6,notify:(t:6, i:59)
2022-09-29 01:23:45,476 [grpc-default-executor-2] INFO  impl.SnapshotInstallationHandler (SnapshotInstallationHandler.java:installSnapshot(84)) - omNode-2@group-523986131536: receive installSnapshot: omNode-1->omNode-2#0-t6,notify:(t:6, i:59)
2022-09-29 01:23:45,477 [grpc-default-executor-2] INFO  impl.SnapshotInstallationHandler (SnapshotInstallationHandler.java:installSnapshot(95)) - omNode-2@group-523986131536: reply installSnapshot: omNode-1<-omNode-2#0:FAIL-t6,IN_PROGRESS
2022-09-29 01:23:45,477 [grpc-default-executor-2] INFO  server.GrpcServerProtocolService (GrpcServerProtocolService.java:onCompleted(140)) - omNode-2: Completed INSTALL_SNAPSHOT, lastRequest: omNode-1->omNode-2#0-t6,notify:(t:6, i:59)
2022-09-29 01:23:45,477 [grpc-default-executor-2] INFO  server.GrpcLogAppender (GrpcLogAppender.java:onNext(403)) - omNode-1@group-523986131536->omNode-2-InstallSnapshotResponseHandler: received a reply omNode-1<-omNode-2#0:FAIL-t6,IN_PROGRESS
2022-09-29 01:23:45,477 [grpc-default-executor-2] INFO  server.GrpcLogAppender (GrpcLogAppender.java:onNext(421)) - omNode-1@group-523986131536->omNode-2-InstallSnapshotResponseHandler: InstallSnapshot in progress.
2022-09-29 01:23:45,478 [omNode-1@group-523986131536->omNode-2-GrpcLogAppender-LogAppenderDaemon] INFO  server.GrpcLogAppender (GrpcLogAppender.java:installSnapshot(541)) - omNode-1@group-523986131536->omNode-2-GrpcLogAppender: followerNextIndex = 57 but logStartIndex = 59, notify follower to install snapshot-(t:6, i:59)
2022-09-29 01:23:45,478 [omNode-1@group-523986131536->omNode-2-GrpcLogAppender-LogAppenderDaemon] INFO  server.GrpcLogAppender (GrpcLogAppender.java:installSnapshot(549)) - omNode-1@group-523986131536->omNode-2-GrpcLogAppender: send omNode-1->omNode-2#0-t6,notify:(t:6, i:59)
2022-09-29 01:23:45,478 [omNode-2-server-thread1] INFO  server.RaftServer$Division (RaftServerImpl.java:checkInconsistentAppendEntries(1402)) - omNode-2@group-523986131536: Failed appendEntries as snapshot (59) installation is in progress
2022-09-29 01:23:45,478 [omNode-2-server-thread1] INFO  server.RaftServer$Division (RaftServerImpl.java:checkInconsistentAppendEntries(1394)) - omNode-2@group-523986131536: inconsistency entries. Reply:omNode-1<-omNode-2#497:FAIL-t6,INCONSISTENCY,nextIndex=57,followerCommit=56
2022-09-29 01:23:45,478 [grpc-default-executor-2] INFO  impl.SnapshotInstallationHandler (SnapshotInstallationHandler.java:installSnapshot(84)) - omNode-2@group-523986131536: receive installSnapshot: omNode-1->omNode-2#0-t6,notify:(t:6, i:59)
2022-09-29 01:23:45,479 [grpc-default-executor-2] INFO  impl.SnapshotInstallationHandler (SnapshotInstallationHandler.java:installSnapshot(95)) - omNode-2@group-523986131536: reply installSnapshot: omNode-1<-omNode-2#0:FAIL-t6,IN_PROGRESS
2022-09-29 01:23:45,479 [grpc-default-executor-2] INFO  server.GrpcServerProtocolService (GrpcServerProtocolService.java:onCompleted(140)) - omNode-2: Completed INSTALL_SNAPSHOT, lastRequest: omNode-1->omNode-2#0-t6,notify:(t:6, i:59)
2022-09-29 01:23:45,479 [grpc-default-executor-2] INFO  leader.FollowerInfo (FollowerInfoImpl.java:lambda$new$0(48)) - omNode-1@group-523986131536->omNode-2: nextIndex: updateUnconditionally 57 -> 57
2022-09-29 01:23:45,479 [grpc-default-executor-2] INFO  server.GrpcLogAppender (GrpcLogAppender.java:onNext(403)) - omNode-1@group-523986131536->omNode-2-InstallSnapshotResponseHandler: received a reply omNode-1<-omNode-2#0:FAIL-t6,IN_PROGRESS
2022-09-29 01:23:45,479 [grpc-default-executor-2] INFO  server.GrpcLogAppender (GrpcLogAppender.java:onNext(421)) - omNode-1@group-523986131536->omNode-2-InstallSnapshotResponseHandler: InstallSnapshot in progress.
2022-09-29 01:23:45,480 [omNode-1@group-523986131536->omNode-2-GrpcLogAppender-LogAppenderDaemon] INFO  server.GrpcLogAppender (GrpcLogAppender.java:installSnapshot(541)) - omNode-1@group-523986131536->omNode-2-GrpcLogAppender: followerNextIndex = 57 but logStartIndex = 59, notify follower to install snapshot-(t:6, i:59)
2022-09-29 01:23:45,480 [omNode-1@group-523986131536->omNode-2-GrpcLogAppender-LogAppenderDaemon] INFO  server.GrpcLogAppender (GrpcLogAppender.java:installSnapshot(549)) - omNode-1@group-523986131536->omNode-2-GrpcLogAppender: send omNode-1->omNode-2#0-t6,notify:(t:6, i:59)
2022-09-29 01:23:45,481 [omNode-2-server-thread1] INFO  server.RaftServer$Division (RaftServerImpl.java:checkInconsistentAppendEntries(1402)) - omNode-2@group-523986131536: Failed appendEntries as snapshot (59) installation is in progress
2022-09-29 01:23:45,481 [grpc-default-executor-1] INFO  impl.SnapshotInstallationHandler (SnapshotInstallationHandler.java:installSnapshot(84)) - omNode-2@group-523986131536: receive installSnapshot: omNode-1->omNode-2#0-t6,notify:(t:6, i:59)
2022-09-29 01:23:45,481 [omNode-2-server-thread1] INFO  server.RaftServer$Division (RaftServerImpl.java:checkInconsistentAppendEntries(1394)) - omNode-2@group-523986131536: inconsistency entries. Reply:omNode-1<-omNode-2#498:FAIL-t6,INCONSISTENCY,nextIndex=57,followerCommit=56
2022-09-29 01:23:45,481 [grpc-default-executor-1] INFO  impl.SnapshotInstallationHandler (SnapshotInstallationHandler.java:installSnapshot(95)) - omNode-2@group-523986131536: reply installSnapshot: omNode-1<-omNode-2#0:FAIL-t6,IN_PROGRESS
2022-09-29 01:23:45,481 [grpc-default-executor-1] INFO  server.GrpcServerProtocolService (GrpcServerProtocolService.java:onCompleted(140)) - omNode-2: Completed INSTALL_SNAPSHOT, lastRequest: omNode-1->omNode-2#0-t6,notify:(t:6, i:59)
2022-09-29 01:23:45,482 [grpc-default-executor-0] INFO  leader.FollowerInfo (FollowerInfoImpl.java:lambda$new$0(48)) - omNode-1@group-523986131536->omNode-2: nextIndex: updateUnconditionally 57 -> 57
2022-09-29 01:23:45,482 [grpc-default-executor-0] INFO  server.GrpcLogAppender (GrpcLogAppender.java:onNext(403)) - omNode-1@group-523986131536->omNode-2-InstallSnapshotResponseHandler: received a reply omNode-1<-omNode-2#0:FAIL-t6,IN_PROGRESS
2022-09-29 01:23:45,482 [grpc-default-executor-0] INFO  server.GrpcLogAppender (GrpcLogAppender.java:onNext(421)) - omNode-1@group-523986131536->omNode-2-InstallSnapshotResponseHandler: InstallSnapshot in progress.
2022-09-29 01:23:45,482 [omNode-1@group-523986131536->omNode-2-GrpcLogAppender-LogAppenderDaemon] INFO  server.GrpcLogAppender (GrpcLogAppender.java:installSnapshot(541)) - omNode-1@group-523986131536->omNode-2-GrpcLogAppender: followerNextIndex = 57 but logStartIndex = 59, notify follower to install snapshot-(t:6, i:59)
2022-09-29 01:23:45,482 [omNode-1@group-523986131536->omNode-2-GrpcLogAppender-LogAppenderDaemon] INFO  server.GrpcLogAppender (GrpcLogAppender.java:installSnapshot(549)) - omNode-1@group-523986131536->omNode-2-GrpcLogAppender: send omNode-1->omNode-2#0-t6,notify:(t:6, i:59)
2022-09-29 01:23:45,486 [omNode-2-server-thread1] INFO  server.RaftServer$Division (RaftServerImpl.java:checkInconsistentAppendEntries(1402)) - omNode-2@group-523986131536: Failed appendEntries as snapshot (59) installation is in progress
2022-09-29 01:23:45,486 [grpc-default-executor-1] INFO  impl.SnapshotInstallationHandler (SnapshotInstallationHandler.java:installSnapshot(84)) - omNode-2@group-523986131536: receive installSnapshot: omNode-1->omNode-2#0-t6,notify:(t:6, i:59)
2022-09-29 01:23:45,486 [omNode-2-server-thread1] INFO  server.RaftServer$Division (RaftServerImpl.java:checkInconsistentAppendEntries(1394)) - omNode-2@group-523986131536: inconsistency entries. Reply:omNode-1<-omNode-2#499:FAIL-t6,INCONSISTENCY,nextIndex=57,followerCommit=56
2022-09-29 01:23:45,486 [grpc-default-executor-1] INFO  impl.SnapshotInstallationHandler (SnapshotInstallationHandler.java:installSnapshot(95)) - omNode-2@group-523986131536: reply installSnapshot: omNode-1<-omNode-2#0:FAIL-t6,IN_PROGRESS
2022-09-29 01:23:45,487 [grpc-default-executor-1] INFO  server.GrpcServerProtocolService (GrpcServerProtocolService.java:onCompleted(140)) - omNode-2: Completed INSTALL_SNAPSHOT, lastRequest: omNode-1->omNode-2#0-t6,notify:(t:6, i:59)
2022-09-29 01:23:45,487 [grpc-default-executor-2] INFO  leader.FollowerInfo (FollowerInfoImpl.java:lambda$new$0(48)) - omNode-1@group-523986131536->omNode-2: nextIndex: updateUnconditionally 57 -> 57
2022-09-29 01:23:45,488 [grpc-default-executor-2] INFO  server.GrpcLogAppender (GrpcLogAppender.java:onNext(403)) - omNode-1@group-523986131536->omNode-2-InstallSnapshotResponseHandler: received a reply omNode-1<-omNode-2#0:FAIL-t6,IN_PROGRESS
2022-09-29 01:23:45,488 [grpc-default-executor-2] INFO  server.GrpcLogAppender (GrpcLogAppender.java:onNext(421)) - omNode-1@group-523986131536->omNode-2-InstallSnapshotResponseHandler: InstallSnapshot in progress.
2022-09-29 01:23:45,488 [omNode-1@group-523986131536->omNode-2-GrpcLogAppender-LogAppenderDaemon] INFO  server.GrpcLogAppender (GrpcLogAppender.java:installSnapshot(541)) - omNode-1@group-523986131536->omNode-2-GrpcLogAppender: followerNextIndex = 57 but logStartIndex = 59, notify follower to install snapshot-(t:6, i:59)
2022-09-29 01:23:45,488 [omNode-1@group-523986131536->omNode-2-GrpcLogAppender-LogAppenderDaemon] INFO  server.GrpcLogAppender (GrpcLogAppender.java:installSnapshot(549)) - omNode-1@group-523986131536->omNode-2-GrpcLogAppender: send omNode-1->omNode-2#0-t6,notify:(t:6, i:59)
2022-09-29 01:23:45,489 [grpc-default-executor-1] INFO  impl.SnapshotInstallationHandler (SnapshotInstallationHandler.java:installSnapshot(84)) - omNode-2@group-523986131536: receive installSnapshot: omNode-1->omNode-2#0-t6,notify:(t:6, i:59)
2022-09-29 01:23:45,489 [grpc-default-executor-1] INFO  impl.SnapshotInstallationHandler (SnapshotInstallationHandler.java:installSnapshot(95)) - omNode-2@group-523986131536: reply installSnapshot: omNode-1<-omNode-2#0:FAIL-t6,IN_PROGRESS
2022-09-29 01:23:45,490 [grpc-default-executor-1] INFO  server.GrpcServerProtocolService (GrpcServerProtocolService.java:onCompleted(140)) - omNode-2: Completed INSTALL_SNAPSHOT, lastRequest: omNode-1->omNode-2#0-t6,notify:(t:6, i:59)
2022-09-29 01:23:45,490 [omNode-2-server-thread1] INFO  server.RaftServer$Division (RaftServerImpl.java:checkInconsistentAppendEntries(1402)) - omNode-2@group-523986131536: Failed appendEntries as snapshot (59) installation is in progress
2022-09-29 01:23:45,490 [omNode-2-server-thread1] INFO  server.RaftServer$Division (RaftServerImpl.java:checkInconsistentAppendEntries(1394)) - omNode-2@group-523986131536: inconsistency entries. Reply:omNode-1<-omNode-2#500:FAIL-t6,INCONSISTENCY,nextIndex=57,followerCommit=56
2022-09-29 01:23:45,492 [grpc-default-executor-2] INFO  server.GrpcLogAppender (GrpcLogAppender.java:onNext(403)) - omNode-1@group-523986131536->omNode-2-InstallSnapshotResponseHandler: received a reply omNode-1<-omNode-2#0:FAIL-t6,IN_PROGRESS
2022-09-29 01:23:45,493 [grpc-default-executor-2] INFO  server.GrpcLogAppender (GrpcLogAppender.java:onNext(421)) - omNode-1@group-523986131536->omNode-2-InstallSnapshotResponseHandler: InstallSnapshot in progress.
2022-09-29 01:23:45,493 [omNode-1@group-523986131536->omNode-2-GrpcLogAppender-LogAppenderDaemon] INFO  server.GrpcLogAppender (GrpcLogAppender.java:installSnapshot(541)) - omNode-1@group-523986131536->omNode-2-GrpcLogAppender: followerNextIndex = 57 but logStartIndex = 59, notify follower to install snapshot-(t:6, i:59)
2022-09-29 01:23:45,493 [omNode-1@group-523986131536->omNode-2-GrpcLogAppender-LogAppenderDaemon] INFO  server.GrpcLogAppender (GrpcLogAppender.java:installSnapshot(549)) - omNode-1@group-523986131536->omNode-2-GrpcLogAppender: send omNode-1->omNode-2#0-t6,notify:(t:6, i:59)
2022-09-29 01:23:45,493 [grpc-default-executor-0] INFO  leader.FollowerInfo (FollowerInfoImpl.java:lambda$new$0(48)) - omNode-1@group-523986131536->omNode-2: nextIndex: updateUnconditionally 57 -> 57
2022-09-29 01:23:45,494 [grpc-default-executor-1] INFO  impl.SnapshotInstallationHandler (SnapshotInstallationHandler.java:installSnapshot(84)) - omNode-2@group-523986131536: receive installSnapshot: omNode-1->omNode-2#0-t6,notify:(t:6, i:59)
2022-09-29 01:23:45,494 [grpc-default-executor-1] INFO  impl.SnapshotInstallationHandler (SnapshotInstallationHandler.java:installSnapshot(95)) - omNode-2@group-523986131536: reply installSnapshot: omNode-1<-omNode-2#0:FAIL-t6,IN_PROGRESS
2022-09-29 01:23:45,494 [omNode-2-server-thread1] INFO  server.RaftServer$Division (RaftServerImpl.java:checkInconsistentAppendEntries(1402)) - omNode-2@group-523986131536: Failed appendEntries as snapshot (59) installation is in progress
2022-09-29 01:23:45,494 [omNode-2-server-thread1] INFO  server.RaftServer$Division (RaftServerImpl.java:checkInconsistentAppendEntries(1394)) - omNode-2@group-523986131536: inconsistency entries. Reply:omNode-1<-omNode-2#501:FAIL-t6,INCONSISTENCY,nextIndex=57,followerCommit=56
2022-09-29 01:23:45,494 [grpc-default-executor-1] INFO  server.GrpcServerProtocolService (GrpcServerProtocolService.java:onCompleted(140)) - omNode-2: Completed INSTALL_SNAPSHOT, lastRequest: omNode-1->omNode-2#0-t6,notify:(t:6, i:59)
2022-09-29 01:23:45,496 [grpc-default-executor-0] INFO  server.GrpcLogAppender (GrpcLogAppender.java:onNext(403)) - omNode-1@group-523986131536->omNode-2-InstallSnapshotResponseHandler: received a reply omNode-1<-omNode-2#0:FAIL-t6,IN_PROGRESS
2022-09-29 01:23:45,496 [grpc-default-executor-0] INFO  server.GrpcLogAppender (GrpcLogAppender.java:onNext(421)) - omNode-1@group-523986131536->omNode-2-InstallSnapshotResponseHandler: InstallSnapshot in progress.
2022-09-29 01:23:45,496 [grpc-default-executor-0] INFO  leader.FollowerInfo (FollowerInfoImpl.java:lambda$new$0(48)) - omNode-1@group-523986131536->omNode-2: nextIndex: updateUnconditionally 57 -> 57
2022-09-29 01:23:45,496 [omNode-1@group-523986131536->omNode-2-GrpcLogAppender-LogAppenderDaemon] INFO  server.GrpcLogAppender (GrpcLogAppender.java:installSnapshot(541)) - omNode-1@group-523986131536->omNode-2-GrpcLogAppender: followerNextIndex = 57 but logStartIndex = 59, notify follower to install snapshot-(t:6, i:59)
2022-09-29 01:23:45,496 [omNode-1@group-523986131536->omNode-2-GrpcLogAppender-LogAppenderDaemon] INFO  server.GrpcLogAppender (GrpcLogAppender.java:installSnapshot(549)) - omNode-1@group-523986131536->omNode-2-GrpcLogAppender: send omNode-1->omNode-2#0-t6,notify:(t:6, i:59)
2022-09-29 01:23:45,498 [omNode-2-server-thread1] INFO  server.RaftServer$Division (RaftServerImpl.java:checkInconsistentAppendEntries(1402)) - omNode-2@group-523986131536: Failed appendEntries as snapshot (59) installation is in progress
2022-09-29 01:23:45,499 [grpc-default-executor-3] INFO  impl.SnapshotInstallationHandler (SnapshotInstallationHandler.java:installSnapshot(84)) - omNode-2@group-523986131536: receive installSnapshot: omNode-1->omNode-2#0-t6,notify:(t:6, i:59)
2022-09-29 01:23:45,499 [omNode-2-server-thread1] INFO  server.RaftServer$Division (RaftServerImpl.java:checkInconsistentAppendEntries(1394)) - omNode-2@group-523986131536: inconsistency entries. Reply:omNode-1<-omNode-2#502:FAIL-t6,INCONSISTENCY,nextIndex=57,followerCommit=56
2022-09-29 01:23:45,499 [grpc-default-executor-3] INFO  impl.SnapshotInstallationHandler (SnapshotInstallationHandler.java:installSnapshot(95)) - omNode-2@group-523986131536: reply installSnapshot: omNode-1<-omNode-2#0:FAIL-t6,IN_PROGRESS
2022-09-29 01:23:45,499 [grpc-default-executor-3] INFO  server.GrpcServerProtocolService (GrpcServerProtocolService.java:onCompleted(140)) - omNode-2: Completed INSTALL_SNAPSHOT, lastRequest: omNode-1->omNode-2#0-t6,notify:(t:6, i:59)
2022-09-29 01:23:45,502 [grpc-default-executor-2] INFO  leader.FollowerInfo (FollowerInfoImpl.java:lambda$new$0(48)) - omNode-1@group-523986131536->omNode-2: nextIndex: updateUnconditionally 57 -> 57
2022-09-29 01:23:45,503 [grpc-default-executor-2] INFO  server.GrpcLogAppender (GrpcLogAppender.java:onNext(403)) - omNode-1@group-523986131536->omNode-2-InstallSnapshotResponseHandler: received a reply omNode-1<-omNode-2#0:FAIL-t6,IN_PROGRESS
2022-09-29 01:23:45,503 [grpc-default-executor-2] INFO  server.GrpcLogAppender (GrpcLogAppender.java:onNext(421)) - omNode-1@group-523986131536->omNode-2-InstallSnapshotResponseHandler: InstallSnapshot in progress.
2022-09-29 01:23:45,503 [omNode-1@group-523986131536->omNode-2-GrpcLogAppender-LogAppenderDaemon] INFO  server.GrpcLogAppender (GrpcLogAppender.java:installSnapshot(541)) - omNode-1@group-523986131536->omNode-2-GrpcLogAppender: followerNextIndex = 57 but logStartIndex = 59, notify follower to install snapshot-(t:6, i:59)
2022-09-29 01:23:45,503 [omNode-1@group-523986131536->omNode-2-GrpcLogAppender-LogAppenderDaemon] INFO  server.GrpcLogAppender (GrpcLogAppender.java:installSnapshot(549)) - omNode-1@group-523986131536->omNode-2-GrpcLogAppender: send omNode-1->omNode-2#0-t6,notify:(t:6, i:59)
2022-09-29 01:23:45,504 [omNode-2-server-thread1] INFO  server.RaftServer$Division (RaftServerImpl.java:checkInconsistentAppendEntries(1402)) - omNode-2@group-523986131536: Failed appendEntries as snapshot (59) installation is in progress
2022-09-29 01:23:45,504 [omNode-2-server-thread1] INFO  server.RaftServer$Division (RaftServerImpl.java:checkInconsistentAppendEntries(1394)) - omNode-2@group-523986131536: inconsistency entries. Reply:omNode-1<-omNode-2#503:FAIL-t6,INCONSISTENCY,nextIndex=57,followerCommit=56
2022-09-29 01:23:45,504 [OM StateMachine ApplyTransaction Thread - 0] ERROR key.OMKeysDeleteRequest (OMKeysDeleteRequest.java:validateAndUpdateCache(146)) - Received a request to delete a Key does not exist /volume14738/5adb91a9-6c37-408c-b8ac-0ba9281aa42e/dir/file3
2022-09-29 01:23:45,505 [Listener at localhost/41255] INFO  om.OzoneManager (OzoneManager.java:stop(2035)) - omNode-3[localhost:46485]: Stopping Ozone Manager
2022-09-29 01:23:45,506 [Listener at localhost/41255] INFO  ipc.Server (Server.java:stop(3414)) - Stopping server on 46485
2022-09-29 01:23:45,517 [IPC Server Responder] INFO  ipc.Server (Server.java:run(1512)) - Stopping IPC Server Responder
2022-09-29 01:23:45,517 [Listener at localhost/41255] INFO  server.RaftServer (RaftServerProxy.java:lambda$close$7(398)) - omNode-3: close
2022-09-29 01:23:45,517 [Listener at localhost/41255] INFO  server.RaftServer$Division (RaftServerImpl.java:lambda$close$4(434)) - omNode-3@group-523986131536: shutdown
2022-09-29 01:23:45,517 [Listener at localhost/41255] INFO  util.JmxRegister (JmxRegister.java:unregister(73)) - Successfully un-registered JMX Bean with object name Ratis:service=RaftServer,group=group-523986131536,id=omNode-3
2022-09-29 01:23:45,518 [Listener at localhost/41255] INFO  impl.RoleInfo (RoleInfo.java:shutdownFollowerState(110)) - omNode-3: shutdown omNode-3@group-523986131536-FollowerState
2022-09-29 01:23:45,518 [Listener at localhost/41255] INFO  impl.StateMachineUpdater (StateMachineUpdater.java:stopAndJoin(153)) - omNode-3@group-523986131536-StateMachineUpdater: set stopIndex = 142
2022-09-29 01:23:45,519 [omNode-3@group-523986131536-FollowerState] INFO  impl.FollowerState (FollowerState.java:run(152)) - omNode-3@group-523986131536-FollowerState was interrupted
2022-09-29 01:23:45,519 [omNode-3@group-523986131536-StateMachineUpdater] INFO  ratis.OzoneManagerStateMachine (OzoneManagerStateMachine.java:takeSnapshot(441)) - Current Snapshot Index (t:6, i:142)
2022-09-29 01:23:45,520 [omNode-3@group-523986131536-StateMachineUpdater] INFO  impl.StateMachineUpdater (StateMachineUpdater.java:takeSnapshot(287)) - omNode-3@group-523986131536-StateMachineUpdater: Took a snapshot at index 142
2022-09-29 01:23:45,520 [omNode-3@group-523986131536-StateMachineUpdater] INFO  impl.StateMachineUpdater (StateMachineUpdater.java:lambda$new$0(92)) - omNode-3@group-523986131536-StateMachineUpdater: snapshotIndex: updateIncreasingly 108 -> 142
2022-09-29 01:23:45,520 [omNode-3@group-523986131536-StateMachineUpdater] INFO  raftlog.RaftLog (RaftLogBase.java:purge(308)) - omNode-3@group-523986131536-SegmentedRaftLog: purge 142
2022-09-29 01:23:45,520 [omNode-3@group-523986131536-StateMachineUpdater] INFO  raftlog.RaftLog (RaftLogBase.java:lambda$new$0(53)) - omNode-3@group-523986131536-SegmentedRaftLog: snapshotIndex: updateIncreasingly 108 -> 142
2022-09-29 01:23:45,520 [omNode-3@group-523986131536-StateMachineUpdater] INFO  raftlog.RaftLog (RaftLogBase.java:lambda$new$0(53)) - omNode-3@group-523986131536-SegmentedRaftLog: purgeIndex: updateToMax old=58, new=142, updated? true
2022-09-29 01:23:45,520 [omNode-3@group-523986131536-StateMachineUpdater] INFO  ratis.OzoneManagerStateMachine (OzoneManagerStateMachine.java:close(495)) - StateMachine has shutdown. Shutdown OzoneManager if not already shutdown.
2022-09-29 01:23:45,520 [omNode-3@group-523986131536-StateMachineUpdater] INFO  ratis.OzoneManagerDoubleBuffer (OzoneManagerDoubleBuffer.java:stop(466)) - Stopping OMDoubleBuffer flush thread
2022-09-29 01:23:45,520 [OMDoubleBufferFlushThread] INFO  ratis.OzoneManagerDoubleBuffer (OzoneManagerDoubleBuffer.java:flushTransactions(385)) - OMDoubleBuffer flush thread OMDoubleBufferFlushThread is interrupted and will exit.
2022-09-29 01:23:45,523 [Listener at localhost/41255] INFO  server.RaftServer$Division (ServerState.java:close(429)) - omNode-3@group-523986131536: closes. applyIndex: 142
2022-09-29 01:23:45,523 [IPC Server listener on 46485] INFO  ipc.Server (Server.java:run(1376)) - Stopping IPC Server listener on 46485
2022-09-29 01:23:45,524 [grpc-default-executor-3] INFO  leader.FollowerInfo (FollowerInfoImpl.java:lambda$new$0(48)) - omNode-1@group-523986131536->omNode-2: nextIndex: updateUnconditionally 57 -> 57
2022-09-29 01:23:45,523 [omNode-3@group-523986131536-SegmentedRaftLogWorker] INFO  segmented.SegmentedRaftLogWorker (SegmentedRaftLogWorker.java:run(336)) - omNode-3@group-523986131536-SegmentedRaftLogWorker was interrupted, exiting. There are 0 tasks remaining in the queue.
2022-09-29 01:23:45,525 [grpc-default-executor-3] INFO  impl.SnapshotInstallationHandler (SnapshotInstallationHandler.java:installSnapshot(84)) - omNode-2@group-523986131536: receive installSnapshot: omNode-1->omNode-2#0-t6,notify:(t:6, i:59)
2022-09-29 01:23:45,525 [grpc-default-executor-3] INFO  impl.SnapshotInstallationHandler (SnapshotInstallationHandler.java:installSnapshot(95)) - omNode-2@group-523986131536: reply installSnapshot: omNode-1<-omNode-2#0:FAIL-t6,IN_PROGRESS
2022-09-29 01:23:45,525 [grpc-default-executor-3] INFO  server.GrpcServerProtocolService (GrpcServerProtocolService.java:onCompleted(140)) - omNode-2: Completed INSTALL_SNAPSHOT, lastRequest: omNode-1->omNode-2#0-t6,notify:(t:6, i:59)
2022-09-29 01:23:45,526 [grpc-default-executor-3] INFO  server.GrpcLogAppender (GrpcLogAppender.java:onNext(403)) - omNode-1@group-523986131536->omNode-2-InstallSnapshotResponseHandler: received a reply omNode-1<-omNode-2#0:FAIL-t6,IN_PROGRESS
2022-09-29 01:23:45,526 [grpc-default-executor-3] INFO  server.GrpcLogAppender (GrpcLogAppender.java:onNext(421)) - omNode-1@group-523986131536->omNode-2-InstallSnapshotResponseHandler: InstallSnapshot in progress.
2022-09-29 01:23:45,526 [omNode-1@group-523986131536->omNode-2-GrpcLogAppender-LogAppenderDaemon] INFO  server.GrpcLogAppender (GrpcLogAppender.java:installSnapshot(541)) - omNode-1@group-523986131536->omNode-2-GrpcLogAppender: followerNextIndex = 57 but logStartIndex = 59, notify follower to install snapshot-(t:6, i:59)
2022-09-29 01:23:45,526 [omNode-1@group-523986131536->omNode-2-GrpcLogAppender-LogAppenderDaemon] INFO  server.GrpcLogAppender (GrpcLogAppender.java:installSnapshot(549)) - omNode-1@group-523986131536->omNode-2-GrpcLogAppender: send omNode-1->omNode-2#0-t6,notify:(t:6, i:59)
2022-09-29 01:23:45,526 [omNode-2-server-thread1] INFO  server.RaftServer$Division (RaftServerImpl.java:checkInconsistentAppendEntries(1402)) - omNode-2@group-523986131536: Failed appendEntries as snapshot (59) installation is in progress
2022-09-29 01:23:45,526 [omNode-2-server-thread1] INFO  server.RaftServer$Division (RaftServerImpl.java:checkInconsistentAppendEntries(1394)) - omNode-2@group-523986131536: inconsistency entries. Reply:omNode-1<-omNode-2#504:FAIL-t6,INCONSISTENCY,nextIndex=57,followerCommit=56
2022-09-29 01:23:45,527 [grpc-default-executor-2] INFO  impl.SnapshotInstallationHandler (SnapshotInstallationHandler.java:installSnapshot(84)) - omNode-2@group-523986131536: receive installSnapshot: omNode-1->omNode-2#0-t6,notify:(t:6, i:59)
2022-09-29 01:23:45,527 [grpc-default-executor-2] INFO  impl.SnapshotInstallationHandler (SnapshotInstallationHandler.java:installSnapshot(95)) - omNode-2@group-523986131536: reply installSnapshot: omNode-1<-omNode-2#0:FAIL-t6,IN_PROGRESS
2022-09-29 01:23:45,527 [grpc-default-executor-2] INFO  server.GrpcServerProtocolService (GrpcServerProtocolService.java:onCompleted(140)) - omNode-2: Completed INSTALL_SNAPSHOT, lastRequest: omNode-1->omNode-2#0-t6,notify:(t:6, i:59)
2022-09-29 01:23:45,527 [grpc-default-executor-3] INFO  leader.FollowerInfo (FollowerInfoImpl.java:lambda$new$0(48)) - omNode-1@group-523986131536->omNode-2: nextIndex: updateUnconditionally 57 -> 57
2022-09-29 01:23:45,528 [grpc-default-executor-3] INFO  server.GrpcLogAppender (GrpcLogAppender.java:onNext(403)) - omNode-1@group-523986131536->omNode-2-InstallSnapshotResponseHandler: received a reply omNode-1<-omNode-2#0:FAIL-t6,IN_PROGRESS
2022-09-29 01:23:45,528 [grpc-default-executor-3] INFO  server.GrpcLogAppender (GrpcLogAppender.java:onNext(421)) - omNode-1@group-523986131536->omNode-2-InstallSnapshotResponseHandler: InstallSnapshot in progress.
2022-09-29 01:23:45,528 [omNode-1@group-523986131536->omNode-2-GrpcLogAppender-LogAppenderDaemon] INFO  server.GrpcLogAppender (GrpcLogAppender.java:installSnapshot(541)) - omNode-1@group-523986131536->omNode-2-GrpcLogAppender: followerNextIndex = 57 but logStartIndex = 59, notify follower to install snapshot-(t:6, i:59)
2022-09-29 01:23:45,528 [omNode-1@group-523986131536->omNode-2-GrpcLogAppender-LogAppenderDaemon] INFO  server.GrpcLogAppender (GrpcLogAppender.java:installSnapshot(549)) - omNode-1@group-523986131536->omNode-2-GrpcLogAppender: send omNode-1->omNode-2#0-t6,notify:(t:6, i:59)
2022-09-29 01:23:45,528 [omNode-2-server-thread1] INFO  server.RaftServer$Division (RaftServerImpl.java:checkInconsistentAppendEntries(1402)) - omNode-2@group-523986131536: Failed appendEntries as snapshot (59) installation is in progress
2022-09-29 01:23:45,528 [omNode-2-server-thread1] INFO  server.RaftServer$Division (RaftServerImpl.java:checkInconsistentAppendEntries(1394)) - omNode-2@group-523986131536: inconsistency entries. Reply:omNode-1<-omNode-2#505:FAIL-t6,INCONSISTENCY,nextIndex=57,followerCommit=56
2022-09-29 01:23:45,529 [grpc-default-executor-3] INFO  impl.SnapshotInstallationHandler (SnapshotInstallationHandler.java:installSnapshot(84)) - omNode-2@group-523986131536: receive installSnapshot: omNode-1->omNode-2#0-t6,notify:(t:6, i:59)
2022-09-29 01:23:45,529 [grpc-default-executor-3] INFO  impl.SnapshotInstallationHandler (SnapshotInstallationHandler.java:installSnapshot(95)) - omNode-2@group-523986131536: reply installSnapshot: omNode-1<-omNode-2#0:FAIL-t6,IN_PROGRESS
2022-09-29 01:23:45,529 [grpc-default-executor-3] INFO  server.GrpcServerProtocolService (GrpcServerProtocolService.java:onCompleted(140)) - omNode-2: Completed INSTALL_SNAPSHOT, lastRequest: omNode-1->omNode-2#0-t6,notify:(t:6, i:59)
2022-09-29 01:23:45,530 [grpc-default-executor-2] INFO  leader.FollowerInfo (FollowerInfoImpl.java:lambda$new$0(48)) - omNode-1@group-523986131536->omNode-2: nextIndex: updateUnconditionally 57 -> 57
2022-09-29 01:23:45,530 [grpc-default-executor-2] INFO  server.GrpcLogAppender (GrpcLogAppender.java:onNext(403)) - omNode-1@group-523986131536->omNode-2-InstallSnapshotResponseHandler: received a reply omNode-1<-omNode-2#0:FAIL-t6,IN_PROGRESS
2022-09-29 01:23:45,530 [grpc-default-executor-2] INFO  server.GrpcLogAppender (GrpcLogAppender.java:onNext(421)) - omNode-1@group-523986131536->omNode-2-InstallSnapshotResponseHandler: InstallSnapshot in progress.
2022-09-29 01:23:45,530 [omNode-1@group-523986131536->omNode-2-GrpcLogAppender-LogAppenderDaemon] INFO  server.GrpcLogAppender (GrpcLogAppender.java:installSnapshot(541)) - omNode-1@group-523986131536->omNode-2-GrpcLogAppender: followerNextIndex = 57 but logStartIndex = 59, notify follower to install snapshot-(t:6, i:59)
2022-09-29 01:23:45,530 [omNode-1@group-523986131536->omNode-2-GrpcLogAppender-LogAppenderDaemon] INFO  server.GrpcLogAppender (GrpcLogAppender.java:installSnapshot(549)) - omNode-1@group-523986131536->omNode-2-GrpcLogAppender: send omNode-1->omNode-2#0-t6,notify:(t:6, i:59)
2022-09-29 01:23:45,530 [omNode-2-server-thread1] INFO  server.RaftServer$Division (RaftServerImpl.java:checkInconsistentAppendEntries(1402)) - omNode-2@group-523986131536: Failed appendEntries as snapshot (59) installation is in progress
2022-09-29 01:23:45,531 [omNode-2-server-thread1] INFO  server.RaftServer$Division (RaftServerImpl.java:checkInconsistentAppendEntries(1394)) - omNode-2@group-523986131536: inconsistency entries. Reply:omNode-1<-omNode-2#506:FAIL-t6,INCONSISTENCY,nextIndex=57,followerCommit=56
2022-09-29 01:23:45,531 [grpc-default-executor-2] INFO  impl.SnapshotInstallationHandler (SnapshotInstallationHandler.java:installSnapshot(84)) - omNode-2@group-523986131536: receive installSnapshot: omNode-1->omNode-2#0-t6,notify:(t:6, i:59)
2022-09-29 01:23:45,531 [grpc-default-executor-2] INFO  impl.SnapshotInstallationHandler (SnapshotInstallationHandler.java:installSnapshot(95)) - omNode-2@group-523986131536: reply installSnapshot: omNode-1<-omNode-2#0:FAIL-t6,IN_PROGRESS
2022-09-29 01:23:45,531 [grpc-default-executor-2] INFO  server.GrpcServerProtocolService (GrpcServerProtocolService.java:onCompleted(140)) - omNode-2: Completed INSTALL_SNAPSHOT, lastRequest: omNode-1->omNode-2#0-t6,notify:(t:6, i:59)
2022-09-29 01:23:45,532 [grpc-default-executor-2] INFO  server.GrpcLogAppender (GrpcLogAppender.java:onNext(403)) - omNode-1@group-523986131536->omNode-2-InstallSnapshotResponseHandler: received a reply omNode-1<-omNode-2#0:FAIL-t6,IN_PROGRESS
2022-09-29 01:23:45,532 [grpc-default-executor-2] INFO  server.GrpcLogAppender (GrpcLogAppender.java:onNext(421)) - omNode-1@group-523986131536->omNode-2-InstallSnapshotResponseHandler: InstallSnapshot in progress.
2022-09-29 01:23:45,532 [grpc-default-executor-3] INFO  leader.FollowerInfo (FollowerInfoImpl.java:lambda$new$0(48)) - omNode-1@group-523986131536->omNode-2: nextIndex: updateUnconditionally 57 -> 57
2022-09-29 01:23:45,532 [omNode-1@group-523986131536->omNode-2-GrpcLogAppender-LogAppenderDaemon] INFO  server.GrpcLogAppender (GrpcLogAppender.java:installSnapshot(541)) - omNode-1@group-523986131536->omNode-2-GrpcLogAppender: followerNextIndex = 57 but logStartIndex = 59, notify follower to install snapshot-(t:6, i:59)
2022-09-29 01:23:45,532 [omNode-1@group-523986131536->omNode-2-GrpcLogAppender-LogAppenderDaemon] INFO  server.GrpcLogAppender (GrpcLogAppender.java:installSnapshot(549)) - omNode-1@group-523986131536->omNode-2-GrpcLogAppender: send omNode-1->omNode-2#0-t6,notify:(t:6, i:59)
2022-09-29 01:23:45,532 [omNode-2-server-thread1] INFO  server.RaftServer$Division (RaftServerImpl.java:checkInconsistentAppendEntries(1402)) - omNode-2@group-523986131536: Failed appendEntries as snapshot (59) installation is in progress
2022-09-29 01:23:45,532 [omNode-2-server-thread1] INFO  server.RaftServer$Division (RaftServerImpl.java:checkInconsistentAppendEntries(1394)) - omNode-2@group-523986131536: inconsistency entries. Reply:omNode-1<-omNode-2#507:FAIL-t6,INCONSISTENCY,nextIndex=57,followerCommit=56
2022-09-29 01:23:45,534 [Listener at localhost/41255] INFO  segmented.SegmentedRaftLogWorker (SegmentedRaftLogWorker.java:close(246)) - omNode-3@group-523986131536-SegmentedRaftLogWorker close()
2022-09-29 01:23:45,534 [grpc-default-executor-3] INFO  impl.SnapshotInstallationHandler (SnapshotInstallationHandler.java:installSnapshot(84)) - omNode-2@group-523986131536: receive installSnapshot: omNode-1->omNode-2#0-t6,notify:(t:6, i:59)
2022-09-29 01:23:45,534 [grpc-default-executor-3] INFO  impl.SnapshotInstallationHandler (SnapshotInstallationHandler.java:installSnapshot(95)) - omNode-2@group-523986131536: reply installSnapshot: omNode-1<-omNode-2#0:FAIL-t6,IN_PROGRESS
2022-09-29 01:23:45,536 [grpc-default-executor-2] INFO  leader.FollowerInfo (FollowerInfoImpl.java:lambda$new$0(48)) - omNode-1@group-523986131536->omNode-2: nextIndex: updateUnconditionally 57 -> 57
2022-09-29 01:23:45,536 [grpc-default-executor-3] INFO  server.GrpcServerProtocolService (GrpcServerProtocolService.java:onCompleted(140)) - omNode-2: Completed INSTALL_SNAPSHOT, lastRequest: omNode-1->omNode-2#0-t6,notify:(t:6, i:59)
2022-09-29 01:23:45,535 [Listener at localhost/41255] INFO  server.GrpcService (GrpcService.java:closeImpl(269)) - omNode-3: shutdown server with port 45481 now
2022-09-29 01:23:45,536 [grpc-default-executor-3] INFO  server.GrpcLogAppender (GrpcLogAppender.java:onNext(403)) - omNode-1@group-523986131536->omNode-2-InstallSnapshotResponseHandler: received a reply omNode-1<-omNode-2#0:FAIL-t6,IN_PROGRESS
2022-09-29 01:23:45,536 [grpc-default-executor-3] INFO  server.GrpcLogAppender (GrpcLogAppender.java:onNext(421)) - omNode-1@group-523986131536->omNode-2-InstallSnapshotResponseHandler: InstallSnapshot in progress.
2022-09-29 01:23:45,537 [omNode-1@group-523986131536->omNode-2-GrpcLogAppender-LogAppenderDaemon] INFO  server.GrpcLogAppender (GrpcLogAppender.java:installSnapshot(541)) - omNode-1@group-523986131536->omNode-2-GrpcLogAppender: followerNextIndex = 57 but logStartIndex = 59, notify follower to install snapshot-(t:6, i:59)
2022-09-29 01:23:45,537 [omNode-1@group-523986131536->omNode-2-GrpcLogAppender-LogAppenderDaemon] INFO  server.GrpcLogAppender (GrpcLogAppender.java:installSnapshot(549)) - omNode-1@group-523986131536->omNode-2-GrpcLogAppender: send omNode-1->omNode-2#0-t6,notify:(t:6, i:59)
2022-09-29 01:23:45,537 [omNode-2-server-thread1] INFO  server.RaftServer$Division (RaftServerImpl.java:checkInconsistentAppendEntries(1402)) - omNode-2@group-523986131536: Failed appendEntries as snapshot (59) installation is in progress
2022-09-29 01:23:45,537 [omNode-2-server-thread1] INFO  server.RaftServer$Division (RaftServerImpl.java:checkInconsistentAppendEntries(1394)) - omNode-2@group-523986131536: inconsistency entries. Reply:omNode-1<-omNode-2#508:FAIL-t6,INCONSISTENCY,nextIndex=57,followerCommit=56
2022-09-29 01:23:45,538 [grpc-default-executor-2] INFO  impl.SnapshotInstallationHandler (SnapshotInstallationHandler.java:installSnapshot(84)) - omNode-2@group-523986131536: receive installSnapshot: omNode-1->omNode-2#0-t6,notify:(t:6, i:59)
2022-09-29 01:23:45,538 [grpc-default-executor-1] INFO  leader.FollowerInfo (FollowerInfoImpl.java:lambda$new$0(48)) - omNode-1@group-523986131536->omNode-2: nextIndex: updateUnconditionally 57 -> 57
2022-09-29 01:23:45,538 [grpc-default-executor-2] INFO  impl.SnapshotInstallationHandler (SnapshotInstallationHandler.java:installSnapshot(95)) - omNode-2@group-523986131536: reply installSnapshot: omNode-1<-omNode-2#0:FAIL-t6,IN_PROGRESS
2022-09-29 01:23:45,538 [grpc-default-executor-2] INFO  server.GrpcServerProtocolService (GrpcServerProtocolService.java:onCompleted(140)) - omNode-2: Completed INSTALL_SNAPSHOT, lastRequest: omNode-1->omNode-2#0-t6,notify:(t:6, i:59)
2022-09-29 01:23:45,538 [grpc-default-executor-2] INFO  server.GrpcLogAppender (GrpcLogAppender.java:onNext(403)) - omNode-1@group-523986131536->omNode-2-InstallSnapshotResponseHandler: received a reply omNode-1<-omNode-2#0:FAIL-t6,IN_PROGRESS
2022-09-29 01:23:45,538 [grpc-default-executor-2] INFO  server.GrpcLogAppender (GrpcLogAppender.java:onNext(421)) - omNode-1@group-523986131536->omNode-2-InstallSnapshotResponseHandler: InstallSnapshot in progress.
2022-09-29 01:23:45,539 [omNode-1@group-523986131536->omNode-2-GrpcLogAppender-LogAppenderDaemon] INFO  server.GrpcLogAppender (GrpcLogAppender.java:installSnapshot(541)) - omNode-1@group-523986131536->omNode-2-GrpcLogAppender: followerNextIndex = 57 but logStartIndex = 59, notify follower to install snapshot-(t:6, i:59)
2022-09-29 01:23:45,539 [omNode-1@group-523986131536->omNode-2-GrpcLogAppender-LogAppenderDaemon] INFO  server.GrpcLogAppender (GrpcLogAppender.java:installSnapshot(549)) - omNode-1@group-523986131536->omNode-2-GrpcLogAppender: send omNode-1->omNode-2#0-t6,notify:(t:6, i:59)
2022-09-29 01:23:45,539 [pool-366-thread-1] INFO  om.OzoneManager (OzoneManager.java:installCheckpoint(3683)) - Installing checkpoint with OMTransactionInfo 6#129
2022-09-29 01:23:45,539 [pool-366-thread-1] INFO  ratis.OzoneManagerStateMachine (OzoneManagerStateMachine.java:pause(389)) - OzoneManagerStateMachine is pausing
2022-09-29 01:23:45,539 [pool-366-thread-1] INFO  ratis.OzoneManagerDoubleBuffer (OzoneManagerDoubleBuffer.java:stop(466)) - Stopping OMDoubleBuffer flush thread
2022-09-29 01:23:45,540 [grpc-default-executor-2] INFO  impl.SnapshotInstallationHandler (SnapshotInstallationHandler.java:installSnapshot(84)) - omNode-2@group-523986131536: receive installSnapshot: omNode-1->omNode-2#0-t6,notify:(t:6, i:59)
2022-09-29 01:23:45,540 [omNode-2-server-thread1] INFO  server.RaftServer$Division (RaftServerImpl.java:checkInconsistentAppendEntries(1402)) - omNode-2@group-523986131536: Failed appendEntries as snapshot (59) installation is in progress
2022-09-29 01:23:45,540 [omNode-2-server-thread1] INFO  server.RaftServer$Division (RaftServerImpl.java:checkInconsistentAppendEntries(1394)) - omNode-2@group-523986131536: inconsistency entries. Reply:omNode-1<-omNode-2#509:FAIL-t6,INCONSISTENCY,nextIndex=57,followerCommit=56
2022-09-29 01:23:45,540 [grpc-default-executor-2] INFO  impl.SnapshotInstallationHandler (SnapshotInstallationHandler.java:installSnapshot(95)) - omNode-2@group-523986131536: reply installSnapshot: omNode-1<-omNode-2#0:FAIL-t6,IN_PROGRESS
2022-09-29 01:23:45,540 [grpc-default-executor-2] INFO  server.GrpcServerProtocolService (GrpcServerProtocolService.java:onCompleted(140)) - omNode-2: Completed INSTALL_SNAPSHOT, lastRequest: omNode-1->omNode-2#0-t6,notify:(t:6, i:59)
2022-09-29 01:23:45,540 [grpc-default-executor-1] INFO  leader.FollowerInfo (FollowerInfoImpl.java:lambda$new$0(48)) - omNode-1@group-523986131536->omNode-2: nextIndex: updateUnconditionally 57 -> 57
2022-09-29 01:23:45,545 [grpc-default-executor-1] INFO  server.GrpcLogAppender (GrpcLogAppender.java:onNext(403)) - omNode-1@group-523986131536->omNode-2-InstallSnapshotResponseHandler: received a reply omNode-1<-omNode-2#0:FAIL-t6,IN_PROGRESS
2022-09-29 01:23:45,545 [grpc-default-executor-1] INFO  server.GrpcLogAppender (GrpcLogAppender.java:onNext(421)) - omNode-1@group-523986131536->omNode-2-InstallSnapshotResponseHandler: InstallSnapshot in progress.
2022-09-29 01:23:45,545 [OMDoubleBufferFlushThread] INFO  ratis.OzoneManagerDoubleBuffer (OzoneManagerDoubleBuffer.java:flushTransactions(385)) - OMDoubleBuffer flush thread OMDoubleBufferFlushThread is interrupted and will exit.
2022-09-29 01:23:45,545 [grpc-default-executor-3] WARN  server.GrpcServerProtocolService (LogUtils.java:warn(122)) - omNode-3: installSnapshot onError, lastRequest: omNode-1->omNode-3#275-t6,previous=(t:6, i:143),leaderCommit=143,initializing? true,entries: size=1, first=(t:6, i:144), METADATAENTRY(c:143): org.apache.ratis.thirdparty.io.grpc.StatusRuntimeException: CANCELLED: client cancelled
2022-09-29 01:23:45,545 [grpc-default-executor-3] WARN  server.GrpcLogAppender (LogUtils.java:warn(122)) - omNode-1@group-523986131536->omNode-3-AppendLogResponseHandler: Failed appendEntries: org.apache.ratis.thirdparty.io.grpc.StatusRuntimeException: CANCELLED: RST_STREAM closed stream. HTTP/2 error code: CANCEL
2022-09-29 01:23:45,546 [Listener at localhost/41255] INFO  server.GrpcService (GrpcService.java:closeImpl(278)) - omNode-3: shutdown server with port 45481 successfully
2022-09-29 01:23:45,546 [grpc-default-executor-3] INFO  leader.FollowerInfo (FollowerInfoImpl.java:lambda$new$0(48)) - omNode-1@group-523986131536->omNode-3: nextIndex: updateUnconditionally 145 -> 144
2022-09-29 01:23:45,546 [omNode-1@group-523986131536->omNode-2-GrpcLogAppender-LogAppenderDaemon] INFO  server.GrpcLogAppender (GrpcLogAppender.java:installSnapshot(541)) - omNode-1@group-523986131536->omNode-2-GrpcLogAppender: followerNextIndex = 57 but logStartIndex = 59, notify follower to install snapshot-(t:6, i:59)
2022-09-29 01:23:45,546 [omNode-1@group-523986131536->omNode-2-GrpcLogAppender-LogAppenderDaemon] INFO  server.GrpcLogAppender (GrpcLogAppender.java:installSnapshot(549)) - omNode-1@group-523986131536->omNode-2-GrpcLogAppender: send omNode-1->omNode-2#0-t6,notify:(t:6, i:59)
2022-09-29 01:23:45,546 [org.apache.ratis.util.JvmPauseMonitor$$Lambda$699/1983328127@b5e643a] INFO  util.JvmPauseMonitor (JvmPauseMonitor.java:run(109)) - JvmPauseMonitor-omNode-3: Stopped
2022-09-29 01:23:45,547 [omNode-2-server-thread1] INFO  server.RaftServer$Division (RaftServerImpl.java:checkInconsistentAppendEntries(1402)) - omNode-2@group-523986131536: Failed appendEntries as snapshot (59) installation is in progress
2022-09-29 01:23:45,547 [omNode-2-server-thread1] INFO  server.RaftServer$Division (RaftServerImpl.java:checkInconsistentAppendEntries(1394)) - omNode-2@group-523986131536: inconsistency entries. Reply:omNode-1<-omNode-2#510:FAIL-t6,INCONSISTENCY,nextIndex=57,followerCommit=56
2022-09-29 01:23:45,547 [Listener at localhost/41255] INFO  ratis.OzoneManagerStateMachine (OzoneManagerStateMachine.java:close(495)) - StateMachine has shutdown. Shutdown OzoneManager if not already shutdown.
2022-09-29 01:23:45,547 [Listener at localhost/41255] INFO  ratis.OzoneManagerDoubleBuffer (OzoneManagerDoubleBuffer.java:stop(478)) - OMDoubleBuffer flush thread is not running.
2022-09-29 01:23:45,547 [grpc-default-executor-3] INFO  impl.SnapshotInstallationHandler (SnapshotInstallationHandler.java:installSnapshot(84)) - omNode-2@group-523986131536: receive installSnapshot: omNode-1->omNode-2#0-t6,notify:(t:6, i:59)
2022-09-29 01:23:45,547 [grpc-default-executor-3] INFO  impl.SnapshotInstallationHandler (SnapshotInstallationHandler.java:installSnapshot(95)) - omNode-2@group-523986131536: reply installSnapshot: omNode-1<-omNode-2#0:FAIL-t6,IN_PROGRESS
2022-09-29 01:23:45,547 [grpc-default-executor-3] INFO  server.GrpcServerProtocolService (GrpcServerProtocolService.java:onCompleted(140)) - omNode-2: Completed INSTALL_SNAPSHOT, lastRequest: omNode-1->omNode-2#0-t6,notify:(t:6, i:59)
2022-09-29 01:23:45,547 [Listener at localhost/41255] INFO  handler.ContextHandler (ContextHandler.java:doStop(1153)) - Stopped o.e.j.w.WebAppContext@4513f28f{ozoneManager,/,null,STOPPED}{file:/home/runner/work/ozone/ozone/hadoop-ozone/integration-test/target/test-classes/webapps/ozoneManager}
2022-09-29 01:23:45,548 [grpc-default-executor-2] INFO  leader.FollowerInfo (FollowerInfoImpl.java:lambda$new$0(48)) - omNode-1@group-523986131536->omNode-2: nextIndex: updateUnconditionally 57 -> 57
2022-09-29 01:23:45,548 [Listener at localhost/41255] INFO  server.AbstractConnector (AbstractConnector.java:doStop(381)) - Stopped ServerConnector@73d29f04{HTTP/1.1, (http/1.1)}{0.0.0.0:41793}
2022-09-29 01:23:45,548 [Listener at localhost/41255] INFO  server.session (HouseKeeper.java:stopScavenging(149)) - node0 Stopped scavenging
2022-09-29 01:23:45,548 [Listener at localhost/41255] INFO  handler.ContextHandler (ContextHandler.java:doStop(1153)) - Stopped o.e.j.s.ServletContextHandler@70558c8b{static,/static,file:///home/runner/work/ozone/ozone/hadoop-ozone/integration-test/target/test-classes/webapps/static,STOPPED}
2022-09-29 01:23:45,549 [Listener at localhost/41255] INFO  handler.ContextHandler (ContextHandler.java:doStop(1153)) - Stopped o.e.j.s.ServletContextHandler@14def9a4{logs,/logs,file:///home/runner/work/ozone/ozone/hadoop-ozone/integration-test/target/log,STOPPED}
2022-09-29 01:23:45,548 [grpc-default-executor-2] INFO  server.GrpcLogAppender (GrpcLogAppender.java:onNext(403)) - omNode-1@group-523986131536->omNode-2-InstallSnapshotResponseHandler: received a reply omNode-1<-omNode-2#0:FAIL-t6,IN_PROGRESS
2022-09-29 01:23:45,549 [grpc-default-executor-2] INFO  server.GrpcLogAppender (GrpcLogAppender.java:onNext(421)) - omNode-1@group-523986131536->omNode-2-InstallSnapshotResponseHandler: InstallSnapshot in progress.
2022-09-29 01:23:45,549 [omNode-1@group-523986131536->omNode-2-GrpcLogAppender-LogAppenderDaemon] INFO  server.GrpcLogAppender (GrpcLogAppender.java:installSnapshot(541)) - omNode-1@group-523986131536->omNode-2-GrpcLogAppender: followerNextIndex = 57 but logStartIndex = 59, notify follower to install snapshot-(t:6, i:59)
2022-09-29 01:23:45,549 [omNode-1@group-523986131536->omNode-2-GrpcLogAppender-LogAppenderDaemon] INFO  server.GrpcLogAppender (GrpcLogAppender.java:installSnapshot(549)) - omNode-1@group-523986131536->omNode-2-GrpcLogAppender: send omNode-1->omNode-2#0-t6,notify:(t:6, i:59)
2022-09-29 01:23:45,550 [grpc-default-executor-2] INFO  impl.SnapshotInstallationHandler (SnapshotInstallationHandler.java:installSnapshot(84)) - omNode-2@group-523986131536: receive installSnapshot: omNode-1->omNode-2#0-t6,notify:(t:6, i:59)
2022-09-29 01:23:45,550 [omNode-2-server-thread1] INFO  server.RaftServer$Division (RaftServerImpl.java:checkInconsistentAppendEntries(1402)) - omNode-2@group-523986131536: Failed appendEntries as snapshot (59) installation is in progress
2022-09-29 01:23:45,550 [omNode-2-server-thread1] INFO  server.RaftServer$Division (RaftServerImpl.java:checkInconsistentAppendEntries(1394)) - omNode-2@group-523986131536: inconsistency entries. Reply:omNode-1<-omNode-2#511:FAIL-t6,INCONSISTENCY,nextIndex=57,followerCommit=56
2022-09-29 01:23:45,550 [grpc-default-executor-2] INFO  impl.SnapshotInstallationHandler (SnapshotInstallationHandler.java:installSnapshot(95)) - omNode-2@group-523986131536: reply installSnapshot: omNode-1<-omNode-2#0:FAIL-t6,IN_PROGRESS
2022-09-29 01:23:45,550 [grpc-default-executor-2] INFO  server.GrpcServerProtocolService (GrpcServerProtocolService.java:onCompleted(140)) - omNode-2: Completed INSTALL_SNAPSHOT, lastRequest: omNode-1->omNode-2#0-t6,notify:(t:6, i:59)
2022-09-29 01:23:45,551 [grpc-default-executor-3] INFO  leader.FollowerInfo (FollowerInfoImpl.java:lambda$new$0(48)) - omNode-1@group-523986131536->omNode-2: nextIndex: updateUnconditionally 57 -> 57
2022-09-29 01:23:45,551 [grpc-default-executor-3] INFO  server.GrpcLogAppender (GrpcLogAppender.java:onNext(403)) - omNode-1@group-523986131536->omNode-2-InstallSnapshotResponseHandler: received a reply omNode-1<-omNode-2#0:FAIL-t6,IN_PROGRESS
2022-09-29 01:23:45,551 [grpc-default-executor-3] INFO  server.GrpcLogAppender (GrpcLogAppender.java:onNext(421)) - omNode-1@group-523986131536->omNode-2-InstallSnapshotResponseHandler: InstallSnapshot in progress.
2022-09-29 01:23:45,551 [omNode-1@group-523986131536->omNode-2-GrpcLogAppender-LogAppenderDaemon] INFO  server.GrpcLogAppender (GrpcLogAppender.java:installSnapshot(541)) - omNode-1@group-523986131536->omNode-2-GrpcLogAppender: followerNextIndex = 57 but logStartIndex = 59, notify follower to install snapshot-(t:6, i:59)
2022-09-29 01:23:45,552 [omNode-1@group-523986131536->omNode-2-GrpcLogAppender-LogAppenderDaemon] INFO  server.GrpcLogAppender (GrpcLogAppender.java:installSnapshot(549)) - omNode-1@group-523986131536->omNode-2-GrpcLogAppender: send omNode-1->omNode-2#0-t6,notify:(t:6, i:59)
2022-09-29 01:23:45,552 [omNode-2-server-thread1] INFO  server.RaftServer$Division (RaftServerImpl.java:checkInconsistentAppendEntries(1402)) - omNode-2@group-523986131536: Failed appendEntries as snapshot (59) installation is in progress
2022-09-29 01:23:45,552 [omNode-2-server-thread1] INFO  server.RaftServer$Division (RaftServerImpl.java:checkInconsistentAppendEntries(1394)) - omNode-2@group-523986131536: inconsistency entries. Reply:omNode-1<-omNode-2#512:FAIL-t6,INCONSISTENCY,nextIndex=57,followerCommit=56
2022-09-29 01:23:45,552 [Listener at localhost/41255] INFO  om.OzoneManager (OzoneManager.java:restart(1572)) - OzoneManager RPC server is listening at localhost/127.0.0.1:46485
2022-09-29 01:23:45,552 [Listener at localhost/41255] INFO  impl.MetricsSystemImpl (MetricsSystemImpl.java:init(158)) - OzoneManager metrics system started (again)
2022-09-29 01:23:45,552 [grpc-default-executor-3] INFO  impl.SnapshotInstallationHandler (SnapshotInstallationHandler.java:installSnapshot(84)) - omNode-2@group-523986131536: receive installSnapshot: omNode-1->omNode-2#0-t6,notify:(t:6, i:59)
2022-09-29 01:23:45,552 [grpc-default-executor-0] INFO  leader.FollowerInfo (FollowerInfoImpl.java:lambda$new$0(48)) - omNode-1@group-523986131536->omNode-2: nextIndex: updateUnconditionally 57 -> 57
2022-09-29 01:23:45,552 [grpc-default-executor-3] INFO  impl.SnapshotInstallationHandler (SnapshotInstallationHandler.java:installSnapshot(95)) - omNode-2@group-523986131536: reply installSnapshot: omNode-1<-omNode-2#0:FAIL-t6,IN_PROGRESS
2022-09-29 01:23:45,553 [grpc-default-executor-3] INFO  server.GrpcServerProtocolService (GrpcServerProtocolService.java:onCompleted(140)) - omNode-2: Completed INSTALL_SNAPSHOT, lastRequest: omNode-1->omNode-2#0-t6,notify:(t:6, i:59)
2022-09-29 01:23:45,553 [grpc-default-executor-3] INFO  server.GrpcLogAppender (GrpcLogAppender.java:onNext(403)) - omNode-1@group-523986131536->omNode-2-InstallSnapshotResponseHandler: received a reply omNode-1<-omNode-2#0:FAIL-t6,IN_PROGRESS
2022-09-29 01:23:45,553 [grpc-default-executor-3] INFO  server.GrpcLogAppender (GrpcLogAppender.java:onNext(421)) - omNode-1@group-523986131536->omNode-2-InstallSnapshotResponseHandler: InstallSnapshot in progress.
2022-09-29 01:23:45,553 [omNode-1@group-523986131536->omNode-2-GrpcLogAppender-LogAppenderDaemon] INFO  server.GrpcLogAppender (GrpcLogAppender.java:installSnapshot(541)) - omNode-1@group-523986131536->omNode-2-GrpcLogAppender: followerNextIndex = 57 but logStartIndex = 59, notify follower to install snapshot-(t:6, i:59)
2022-09-29 01:23:45,553 [omNode-1@group-523986131536->omNode-2-GrpcLogAppender-LogAppenderDaemon] INFO  server.GrpcLogAppender (GrpcLogAppender.java:installSnapshot(549)) - omNode-1@group-523986131536->omNode-2-GrpcLogAppender: send omNode-1->omNode-2#0-t6,notify:(t:6, i:59)
2022-09-29 01:23:45,553 [omNode-2-server-thread1] INFO  server.RaftServer$Division (RaftServerImpl.java:checkInconsistentAppendEntries(1402)) - omNode-2@group-523986131536: Failed appendEntries as snapshot (59) installation is in progress
2022-09-29 01:23:45,553 [omNode-2-server-thread1] INFO  server.RaftServer$Division (RaftServerImpl.java:checkInconsistentAppendEntries(1394)) - omNode-2@group-523986131536: inconsistency entries. Reply:omNode-1<-omNode-2#513:FAIL-t6,INCONSISTENCY,nextIndex=57,followerCommit=56
2022-09-29 01:23:45,554 [grpc-default-executor-0] INFO  impl.SnapshotInstallationHandler (SnapshotInstallationHandler.java:installSnapshot(84)) - omNode-2@group-523986131536: receive installSnapshot: omNode-1->omNode-2#0-t6,notify:(t:6, i:59)
2022-09-29 01:23:45,554 [grpc-default-executor-0] INFO  impl.SnapshotInstallationHandler (SnapshotInstallationHandler.java:installSnapshot(95)) - omNode-2@group-523986131536: reply installSnapshot: omNode-1<-omNode-2#0:FAIL-t6,IN_PROGRESS
2022-09-29 01:23:45,554 [grpc-default-executor-0] INFO  server.GrpcServerProtocolService (GrpcServerProtocolService.java:onCompleted(140)) - omNode-2: Completed INSTALL_SNAPSHOT, lastRequest: omNode-1->omNode-2#0-t6,notify:(t:6, i:59)
2022-09-29 01:23:45,555 [grpc-default-executor-0] INFO  leader.FollowerInfo (FollowerInfoImpl.java:lambda$new$0(48)) - omNode-1@group-523986131536->omNode-2: nextIndex: updateUnconditionally 57 -> 57
2022-09-29 01:23:45,555 [grpc-default-executor-0] INFO  server.GrpcLogAppender (GrpcLogAppender.java:onNext(403)) - omNode-1@group-523986131536->omNode-2-InstallSnapshotResponseHandler: received a reply omNode-1<-omNode-2#0:FAIL-t6,IN_PROGRESS
2022-09-29 01:23:45,555 [grpc-default-executor-0] INFO  server.GrpcLogAppender (GrpcLogAppender.java:onNext(421)) - omNode-1@group-523986131536->omNode-2-InstallSnapshotResponseHandler: InstallSnapshot in progress.
2022-09-29 01:23:45,556 [omNode-1@group-523986131536->omNode-2-GrpcLogAppender-LogAppenderDaemon] INFO  server.GrpcLogAppender (GrpcLogAppender.java:installSnapshot(541)) - omNode-1@group-523986131536->omNode-2-GrpcLogAppender: followerNextIndex = 57 but logStartIndex = 59, notify follower to install snapshot-(t:6, i:59)
2022-09-29 01:23:45,556 [omNode-1@group-523986131536->omNode-2-GrpcLogAppender-LogAppenderDaemon] INFO  server.GrpcLogAppender (GrpcLogAppender.java:installSnapshot(549)) - omNode-1@group-523986131536->omNode-2-GrpcLogAppender: send omNode-1->omNode-2#0-t6,notify:(t:6, i:59)
2022-09-29 01:23:45,556 [omNode-2-server-thread1] INFO  server.RaftServer$Division (RaftServerImpl.java:checkInconsistentAppendEntries(1402)) - omNode-2@group-523986131536: Failed appendEntries as snapshot (59) installation is in progress
2022-09-29 01:23:45,557 [omNode-2-server-thread1] INFO  server.RaftServer$Division (RaftServerImpl.java:checkInconsistentAppendEntries(1394)) - omNode-2@group-523986131536: inconsistency entries. Reply:omNode-1<-omNode-2#514:FAIL-t6,INCONSISTENCY,nextIndex=57,followerCommit=56
2022-09-29 01:23:45,557 [grpc-default-executor-3] INFO  impl.SnapshotInstallationHandler (SnapshotInstallationHandler.java:installSnapshot(84)) - omNode-2@group-523986131536: receive installSnapshot: omNode-1->omNode-2#0-t6,notify:(t:6, i:59)
2022-09-29 01:23:45,557 [grpc-default-executor-3] INFO  impl.SnapshotInstallationHandler (SnapshotInstallationHandler.java:installSnapshot(95)) - omNode-2@group-523986131536: reply installSnapshot: omNode-1<-omNode-2#0:FAIL-t6,IN_PROGRESS
2022-09-29 01:23:45,557 [grpc-default-executor-3] INFO  server.GrpcServerProtocolService (GrpcServerProtocolService.java:onCompleted(140)) - omNode-2: Completed INSTALL_SNAPSHOT, lastRequest: omNode-1->omNode-2#0-t6,notify:(t:6, i:59)
2022-09-29 01:23:45,557 [grpc-default-executor-0] INFO  leader.FollowerInfo (FollowerInfoImpl.java:lambda$new$0(48)) - omNode-1@group-523986131536->omNode-2: nextIndex: updateUnconditionally 57 -> 57
2022-09-29 01:23:45,557 [grpc-default-executor-0] INFO  server.GrpcLogAppender (GrpcLogAppender.java:onNext(403)) - omNode-1@group-523986131536->omNode-2-InstallSnapshotResponseHandler: received a reply omNode-1<-omNode-2#0:FAIL-t6,IN_PROGRESS
2022-09-29 01:23:45,558 [grpc-default-executor-0] INFO  server.GrpcLogAppender (GrpcLogAppender.java:onNext(421)) - omNode-1@group-523986131536->omNode-2-InstallSnapshotResponseHandler: InstallSnapshot in progress.
2022-09-29 01:23:45,558 [omNode-1@group-523986131536->omNode-2-GrpcLogAppender-LogAppenderDaemon] INFO  server.GrpcLogAppender (GrpcLogAppender.java:installSnapshot(541)) - omNode-1@group-523986131536->omNode-2-GrpcLogAppender: followerNextIndex = 57 but logStartIndex = 59, notify follower to install snapshot-(t:6, i:59)
2022-09-29 01:23:45,558 [omNode-1@group-523986131536->omNode-2-GrpcLogAppender-LogAppenderDaemon] INFO  server.GrpcLogAppender (GrpcLogAppender.java:installSnapshot(549)) - omNode-1@group-523986131536->omNode-2-GrpcLogAppender: send omNode-1->omNode-2#0-t6,notify:(t:6, i:59)
2022-09-29 01:23:45,564 [pool-366-thread-1] INFO  ipc.Server (Server.java:stop(3414)) - Stopping server on 41255
2022-09-29 01:23:45,564 [grpc-default-executor-0] WARN  server.GrpcLogAppender (LogUtils.java:warn(122)) - omNode-1@group-523986131536->omNode-3-AppendLogResponseHandler: Failed appendEntries: org.apache.ratis.thirdparty.io.grpc.StatusRuntimeException: UNAVAILABLE: io exception
2022-09-29 01:23:45,565 [grpc-default-executor-0] INFO  leader.FollowerInfo (FollowerInfoImpl.java:lambda$new$0(48)) - omNode-1@group-523986131536->omNode-3: nextIndex: updateUnconditionally 145 -> 144
2022-09-29 01:23:45,568 [omNode-2-server-thread1] INFO  server.RaftServer$Division (RaftServerImpl.java:checkInconsistentAppendEntries(1402)) - omNode-2@group-523986131536: Failed appendEntries as snapshot (59) installation is in progress
2022-09-29 01:23:45,568 [omNode-2-server-thread1] INFO  server.RaftServer$Division (RaftServerImpl.java:checkInconsistentAppendEntries(1394)) - omNode-2@group-523986131536: inconsistency entries. Reply:omNode-1<-omNode-2#515:FAIL-t6,INCONSISTENCY,nextIndex=57,followerCommit=56
2022-09-29 01:23:45,568 [grpc-default-executor-0] INFO  impl.SnapshotInstallationHandler (SnapshotInstallationHandler.java:installSnapshot(84)) - omNode-2@group-523986131536: receive installSnapshot: omNode-1->omNode-2#0-t6,notify:(t:6, i:59)
2022-09-29 01:23:45,568 [IPC Server Responder] INFO  ipc.Server (Server.java:run(1512)) - Stopping IPC Server Responder
2022-09-29 01:23:45,568 [grpc-default-executor-0] INFO  impl.SnapshotInstallationHandler (SnapshotInstallationHandler.java:installSnapshot(95)) - omNode-2@group-523986131536: reply installSnapshot: omNode-1<-omNode-2#0:FAIL-t6,IN_PROGRESS
2022-09-29 01:23:45,569 [grpc-default-executor-0] INFO  server.GrpcServerProtocolService (GrpcServerProtocolService.java:onCompleted(140)) - omNode-2: Completed INSTALL_SNAPSHOT, lastRequest: omNode-1->omNode-2#0-t6,notify:(t:6, i:59)
2022-09-29 01:23:45,569 [IPC Server listener on 41255] INFO  ipc.Server (Server.java:run(1376)) - Stopping IPC Server listener on 41255
2022-09-29 01:23:45,569 [grpc-default-executor-2] INFO  leader.FollowerInfo (FollowerInfoImpl.java:lambda$new$0(48)) - omNode-1@group-523986131536->omNode-2: nextIndex: updateUnconditionally 57 -> 57
2022-09-29 01:23:45,571 [pool-366-thread-1] INFO  om.OzoneManager (OzoneManager.java:installCheckpoint(3734)) - RPC server is stopped. Spend 21 ms.
2022-09-29 01:23:45,571 [pool-366-thread-1] INFO  om.OzoneManager (OzoneManager.java:installCheckpoint(3741)) - metadataManager is stopped. Spend 1 ms.
2022-09-29 01:23:45,576 [grpc-default-executor-3] INFO  server.GrpcLogAppender (GrpcLogAppender.java:onNext(403)) - omNode-1@group-523986131536->omNode-2-InstallSnapshotResponseHandler: received a reply omNode-1<-omNode-2#0:FAIL-t6,IN_PROGRESS
2022-09-29 01:23:45,576 [grpc-default-executor-3] INFO  server.GrpcLogAppender (GrpcLogAppender.java:onNext(421)) - omNode-1@group-523986131536->omNode-2-InstallSnapshotResponseHandler: InstallSnapshot in progress.
2022-09-29 01:23:45,576 [pool-366-thread-1] INFO  om.OzoneManager (OzoneManager.java:installCheckpoint(3755)) - Replaced DB with checkpoint from OM: omNode-1, term: 6, index: 129, time: 5 ms
2022-09-29 01:23:45,577 [omNode-2-server-thread1] INFO  server.RaftServer$Division (RaftServerImpl.java:checkInconsistentAppendEntries(1402)) - omNode-2@group-523986131536: Failed appendEntries as snapshot (59) installation is in progress
2022-09-29 01:23:45,577 [omNode-2-server-thread1] INFO  server.RaftServer$Division (RaftServerImpl.java:checkInconsistentAppendEntries(1394)) - omNode-2@group-523986131536: inconsistency entries. Reply:omNode-1<-omNode-2#516:FAIL-t6,INCONSISTENCY,nextIndex=57,followerCommit=56
2022-09-29 01:23:45,576 [omNode-1@group-523986131536->omNode-2-GrpcLogAppender-LogAppenderDaemon] INFO  server.GrpcLogAppender (GrpcLogAppender.java:installSnapshot(541)) - omNode-1@group-523986131536->omNode-2-GrpcLogAppender: followerNextIndex = 57 but logStartIndex = 59, notify follower to install snapshot-(t:6, i:59)
2022-09-29 01:23:45,577 [omNode-1@group-523986131536->omNode-2-GrpcLogAppender-LogAppenderDaemon] INFO  server.GrpcLogAppender (GrpcLogAppender.java:installSnapshot(549)) - omNode-1@group-523986131536->omNode-2-GrpcLogAppender: send omNode-1->omNode-2#0-t6,notify:(t:6, i:59)
2022-09-29 01:23:45,577 [grpc-default-executor-3] INFO  impl.SnapshotInstallationHandler (SnapshotInstallationHandler.java:installSnapshot(84)) - omNode-2@group-523986131536: receive installSnapshot: omNode-1->omNode-2#0-t6,notify:(t:6, i:59)
2022-09-29 01:23:45,578 [grpc-default-executor-0] INFO  leader.FollowerInfo (FollowerInfoImpl.java:lambda$new$0(48)) - omNode-1@group-523986131536->omNode-2: nextIndex: updateUnconditionally 57 -> 57
2022-09-29 01:23:45,578 [grpc-default-executor-3] INFO  impl.SnapshotInstallationHandler (SnapshotInstallationHandler.java:installSnapshot(95)) - omNode-2@group-523986131536: reply installSnapshot: omNode-1<-omNode-2#0:FAIL-t6,IN_PROGRESS
2022-09-29 01:23:45,578 [grpc-default-executor-3] INFO  server.GrpcServerProtocolService (GrpcServerProtocolService.java:onCompleted(140)) - omNode-2: Completed INSTALL_SNAPSHOT, lastRequest: omNode-1->omNode-2#0-t6,notify:(t:6, i:59)
2022-09-29 01:23:45,580 [grpc-default-executor-3] INFO  server.GrpcLogAppender (GrpcLogAppender.java:onNext(403)) - omNode-1@group-523986131536->omNode-2-InstallSnapshotResponseHandler: received a reply omNode-1<-omNode-2#0:FAIL-t6,IN_PROGRESS
2022-09-29 01:23:45,580 [grpc-default-executor-3] INFO  server.GrpcLogAppender (GrpcLogAppender.java:onNext(421)) - omNode-1@group-523986131536->omNode-2-InstallSnapshotResponseHandler: InstallSnapshot in progress.
2022-09-29 01:23:45,580 [omNode-1@group-523986131536->omNode-2-GrpcLogAppender-LogAppenderDaemon] INFO  server.GrpcLogAppender (GrpcLogAppender.java:installSnapshot(541)) - omNode-1@group-523986131536->omNode-2-GrpcLogAppender: followerNextIndex = 57 but logStartIndex = 59, notify follower to install snapshot-(t:6, i:59)
2022-09-29 01:23:45,580 [omNode-1@group-523986131536->omNode-2-GrpcLogAppender-LogAppenderDaemon] INFO  server.GrpcLogAppender (GrpcLogAppender.java:installSnapshot(549)) - omNode-1@group-523986131536->omNode-2-GrpcLogAppender: send omNode-1->omNode-2#0-t6,notify:(t:6, i:59)
2022-09-29 01:23:45,580 [pool-366-thread-1] WARN  server.ServerUtils (ServerUtils.java:getDBPath(225)) - ozone.om.db.dirs is not configured. We recommend adding this setting. Falling back to ozone.metadata.dirs instead.
2022-09-29 01:23:45,581 [grpc-default-executor-0] INFO  impl.SnapshotInstallationHandler (SnapshotInstallationHandler.java:installSnapshot(84)) - omNode-2@group-523986131536: receive installSnapshot: omNode-1->omNode-2#0-t6,notify:(t:6, i:59)
2022-09-29 01:23:45,580 [omNode-2-server-thread1] INFO  server.RaftServer$Division (RaftServerImpl.java:checkInconsistentAppendEntries(1402)) - omNode-2@group-523986131536: Failed appendEntries as snapshot (59) installation is in progress
2022-09-29 01:23:45,581 [omNode-2-server-thread1] INFO  server.RaftServer$Division (RaftServerImpl.java:checkInconsistentAppendEntries(1394)) - omNode-2@group-523986131536: inconsistency entries. Reply:omNode-1<-omNode-2#517:FAIL-t6,INCONSISTENCY,nextIndex=57,followerCommit=56
2022-09-29 01:23:45,581 [grpc-default-executor-0] INFO  impl.SnapshotInstallationHandler (SnapshotInstallationHandler.java:installSnapshot(95)) - omNode-2@group-523986131536: reply installSnapshot: omNode-1<-omNode-2#0:FAIL-t6,IN_PROGRESS
2022-09-29 01:23:45,581 [grpc-default-executor-0] INFO  server.GrpcServerProtocolService (GrpcServerProtocolService.java:onCompleted(140)) - omNode-2: Completed INSTALL_SNAPSHOT, lastRequest: omNode-1->omNode-2#0-t6,notify:(t:6, i:59)
2022-09-29 01:23:45,582 [grpc-default-executor-3] INFO  leader.FollowerInfo (FollowerInfoImpl.java:lambda$new$0(48)) - omNode-1@group-523986131536->omNode-2: nextIndex: updateUnconditionally 57 -> 57
2022-09-29 01:23:45,582 [grpc-default-executor-2] INFO  server.GrpcLogAppender (GrpcLogAppender.java:onNext(403)) - omNode-1@group-523986131536->omNode-2-InstallSnapshotResponseHandler: received a reply omNode-1<-omNode-2#0:FAIL-t6,IN_PROGRESS
2022-09-29 01:23:45,582 [grpc-default-executor-2] INFO  server.GrpcLogAppender (GrpcLogAppender.java:onNext(421)) - omNode-1@group-523986131536->omNode-2-InstallSnapshotResponseHandler: InstallSnapshot in progress.
2022-09-29 01:23:45,582 [omNode-1@group-523986131536->omNode-2-GrpcLogAppender-LogAppenderDaemon] INFO  server.GrpcLogAppender (GrpcLogAppender.java:installSnapshot(541)) - omNode-1@group-523986131536->omNode-2-GrpcLogAppender: followerNextIndex = 57 but logStartIndex = 59, notify follower to install snapshot-(t:6, i:59)
2022-09-29 01:23:45,582 [omNode-1@group-523986131536->omNode-2-GrpcLogAppender-LogAppenderDaemon] INFO  server.GrpcLogAppender (GrpcLogAppender.java:installSnapshot(549)) - omNode-1@group-523986131536->omNode-2-GrpcLogAppender: send omNode-1->omNode-2#0-t6,notify:(t:6, i:59)
2022-09-29 01:23:45,582 [pool-366-thread-1] INFO  codec.OmKeyInfoCodec (OmKeyInfoCodec.java:<init>(49)) - OmKeyInfoCodec ignorePipeline = true
2022-09-29 01:23:45,583 [grpc-default-executor-2] INFO  impl.SnapshotInstallationHandler (SnapshotInstallationHandler.java:installSnapshot(84)) - omNode-2@group-523986131536: receive installSnapshot: omNode-1->omNode-2#0-t6,notify:(t:6, i:59)
2022-09-29 01:23:45,582 [omNode-2-server-thread1] INFO  server.RaftServer$Division (RaftServerImpl.java:checkInconsistentAppendEntries(1402)) - omNode-2@group-523986131536: Failed appendEntries as snapshot (59) installation is in progress
2022-09-29 01:23:45,583 [pool-366-thread-1] INFO  codec.RepeatedOmKeyInfoCodec (RepeatedOmKeyInfoCodec.java:<init>(41)) - RepeatedOmKeyInfoCodec ignorePipeline = true
2022-09-29 01:23:45,583 [omNode-2-server-thread1] INFO  server.RaftServer$Division (RaftServerImpl.java:checkInconsistentAppendEntries(1394)) - omNode-2@group-523986131536: inconsistency entries. Reply:omNode-1<-omNode-2#518:FAIL-t6,INCONSISTENCY,nextIndex=57,followerCommit=56
2022-09-29 01:23:45,583 [grpc-default-executor-2] INFO  impl.SnapshotInstallationHandler (SnapshotInstallationHandler.java:installSnapshot(95)) - omNode-2@group-523986131536: reply installSnapshot: omNode-1<-omNode-2#0:FAIL-t6,IN_PROGRESS
2022-09-29 01:23:45,583 [grpc-default-executor-2] INFO  server.GrpcServerProtocolService (GrpcServerProtocolService.java:onCompleted(140)) - omNode-2: Completed INSTALL_SNAPSHOT, lastRequest: omNode-1->omNode-2#0-t6,notify:(t:6, i:59)
2022-09-29 01:23:45,584 [grpc-default-executor-2] INFO  leader.FollowerInfo (FollowerInfoImpl.java:lambda$new$0(48)) - omNode-1@group-523986131536->omNode-2: nextIndex: updateUnconditionally 57 -> 57
2022-09-29 01:23:45,584 [grpc-default-executor-0] INFO  server.GrpcLogAppender (GrpcLogAppender.java:onNext(403)) - omNode-1@group-523986131536->omNode-2-InstallSnapshotResponseHandler: received a reply omNode-1<-omNode-2#0:FAIL-t6,IN_PROGRESS
2022-09-29 01:23:45,584 [grpc-default-executor-0] INFO  server.GrpcLogAppender (GrpcLogAppender.java:onNext(421)) - omNode-1@group-523986131536->omNode-2-InstallSnapshotResponseHandler: InstallSnapshot in progress.
2022-09-29 01:23:45,584 [omNode-1@group-523986131536->omNode-2-GrpcLogAppender-LogAppenderDaemon] INFO  server.GrpcLogAppender (GrpcLogAppender.java:installSnapshot(541)) - omNode-1@group-523986131536->omNode-2-GrpcLogAppender: followerNextIndex = 57 but logStartIndex = 59, notify follower to install snapshot-(t:6, i:59)
2022-09-29 01:23:45,585 [omNode-1@group-523986131536->omNode-2-GrpcLogAppender-LogAppenderDaemon] INFO  server.GrpcLogAppender (GrpcLogAppender.java:installSnapshot(549)) - omNode-1@group-523986131536->omNode-2-GrpcLogAppender: send omNode-1->omNode-2#0-t6,notify:(t:6, i:59)
2022-09-29 01:23:45,585 [omNode-2-server-thread1] INFO  server.RaftServer$Division (RaftServerImpl.java:checkInconsistentAppendEntries(1402)) - omNode-2@group-523986131536: Failed appendEntries as snapshot (59) installation is in progress
2022-09-29 01:23:45,585 [omNode-2-server-thread1] INFO  server.RaftServer$Division (RaftServerImpl.java:checkInconsistentAppendEntries(1394)) - omNode-2@group-523986131536: inconsistency entries. Reply:omNode-1<-omNode-2#519:FAIL-t6,INCONSISTENCY,nextIndex=57,followerCommit=56
2022-09-29 01:23:45,586 [grpc-default-executor-0] INFO  impl.SnapshotInstallationHandler (SnapshotInstallationHandler.java:installSnapshot(84)) - omNode-2@group-523986131536: receive installSnapshot: omNode-1->omNode-2#0-t6,notify:(t:6, i:59)
2022-09-29 01:23:45,586 [grpc-default-executor-0] INFO  impl.SnapshotInstallationHandler (SnapshotInstallationHandler.java:installSnapshot(95)) - omNode-2@group-523986131536: reply installSnapshot: omNode-1<-omNode-2#0:FAIL-t6,IN_PROGRESS
2022-09-29 01:23:45,586 [grpc-default-executor-0] INFO  server.GrpcServerProtocolService (GrpcServerProtocolService.java:onCompleted(140)) - omNode-2: Completed INSTALL_SNAPSHOT, lastRequest: omNode-1->omNode-2#0-t6,notify:(t:6, i:59)
2022-09-29 01:23:45,586 [grpc-default-executor-2] INFO  server.GrpcLogAppender (GrpcLogAppender.java:onNext(403)) - omNode-1@group-523986131536->omNode-2-InstallSnapshotResponseHandler: received a reply omNode-1<-omNode-2#0:FAIL-t6,IN_PROGRESS
2022-09-29 01:23:45,586 [grpc-default-executor-2] INFO  server.GrpcLogAppender (GrpcLogAppender.java:onNext(421)) - omNode-1@group-523986131536->omNode-2-InstallSnapshotResponseHandler: InstallSnapshot in progress.
2022-09-29 01:23:45,587 [grpc-default-executor-0] INFO  leader.FollowerInfo (FollowerInfoImpl.java:lambda$new$0(48)) - omNode-1@group-523986131536->omNode-2: nextIndex: updateUnconditionally 57 -> 57
2022-09-29 01:23:45,587 [omNode-1@group-523986131536->omNode-2-GrpcLogAppender-LogAppenderDaemon] INFO  server.GrpcLogAppender (GrpcLogAppender.java:installSnapshot(541)) - omNode-1@group-523986131536->omNode-2-GrpcLogAppender: followerNextIndex = 57 but logStartIndex = 59, notify follower to install snapshot-(t:6, i:59)
2022-09-29 01:23:45,587 [omNode-1@group-523986131536->omNode-2-GrpcLogAppender-LogAppenderDaemon] INFO  server.GrpcLogAppender (GrpcLogAppender.java:installSnapshot(549)) - omNode-1@group-523986131536->omNode-2-GrpcLogAppender: send omNode-1->omNode-2#0-t6,notify:(t:6, i:59)
2022-09-29 01:23:45,587 [omNode-2-server-thread1] INFO  server.RaftServer$Division (RaftServerImpl.java:checkInconsistentAppendEntries(1402)) - omNode-2@group-523986131536: Failed appendEntries as snapshot (59) installation is in progress
2022-09-29 01:23:45,587 [omNode-2-server-thread1] INFO  server.RaftServer$Division (RaftServerImpl.java:checkInconsistentAppendEntries(1394)) - omNode-2@group-523986131536: inconsistency entries. Reply:omNode-1<-omNode-2#520:FAIL-t6,INCONSISTENCY,nextIndex=57,followerCommit=56
2022-09-29 01:23:45,588 [grpc-default-executor-0] INFO  impl.SnapshotInstallationHandler (SnapshotInstallationHandler.java:installSnapshot(84)) - omNode-2@group-523986131536: receive installSnapshot: omNode-1->omNode-2#0-t6,notify:(t:6, i:59)
2022-09-29 01:23:45,588 [grpc-default-executor-0] INFO  impl.SnapshotInstallationHandler (SnapshotInstallationHandler.java:installSnapshot(95)) - omNode-2@group-523986131536: reply installSnapshot: omNode-1<-omNode-2#0:FAIL-t6,IN_PROGRESS
2022-09-29 01:23:45,588 [grpc-default-executor-0] INFO  server.GrpcServerProtocolService (GrpcServerProtocolService.java:onCompleted(140)) - omNode-2: Completed INSTALL_SNAPSHOT, lastRequest: omNode-1->omNode-2#0-t6,notify:(t:6, i:59)
2022-09-29 01:23:45,588 [grpc-default-executor-3] INFO  server.GrpcLogAppender (GrpcLogAppender.java:onNext(403)) - omNode-1@group-523986131536->omNode-2-InstallSnapshotResponseHandler: received a reply omNode-1<-omNode-2#0:FAIL-t6,IN_PROGRESS
2022-09-29 01:23:45,588 [grpc-default-executor-3] INFO  server.GrpcLogAppender (GrpcLogAppender.java:onNext(421)) - omNode-1@group-523986131536->omNode-2-InstallSnapshotResponseHandler: InstallSnapshot in progress.
2022-09-29 01:23:45,588 [grpc-default-executor-2] INFO  leader.FollowerInfo (FollowerInfoImpl.java:lambda$new$0(48)) - omNode-1@group-523986131536->omNode-2: nextIndex: updateUnconditionally 57 -> 57
2022-09-29 01:23:45,589 [omNode-1@group-523986131536->omNode-2-GrpcLogAppender-LogAppenderDaemon] INFO  server.GrpcLogAppender (GrpcLogAppender.java:installSnapshot(541)) - omNode-1@group-523986131536->omNode-2-GrpcLogAppender: followerNextIndex = 57 but logStartIndex = 59, notify follower to install snapshot-(t:6, i:59)
2022-09-29 01:23:45,589 [omNode-1@group-523986131536->omNode-2-GrpcLogAppender-LogAppenderDaemon] INFO  server.GrpcLogAppender (GrpcLogAppender.java:installSnapshot(549)) - omNode-1@group-523986131536->omNode-2-GrpcLogAppender: send omNode-1->omNode-2#0-t6,notify:(t:6, i:59)
2022-09-29 01:23:45,589 [omNode-2-server-thread1] INFO  server.RaftServer$Division (RaftServerImpl.java:checkInconsistentAppendEntries(1402)) - omNode-2@group-523986131536: Failed appendEntries as snapshot (59) installation is in progress
2022-09-29 01:23:45,589 [omNode-2-server-thread1] INFO  server.RaftServer$Division (RaftServerImpl.java:checkInconsistentAppendEntries(1394)) - omNode-2@group-523986131536: inconsistency entries. Reply:omNode-1<-omNode-2#521:FAIL-t6,INCONSISTENCY,nextIndex=57,followerCommit=56
2022-09-29 01:23:45,589 [grpc-default-executor-0] INFO  impl.SnapshotInstallationHandler (SnapshotInstallationHandler.java:installSnapshot(84)) - omNode-2@group-523986131536: receive installSnapshot: omNode-1->omNode-2#0-t6,notify:(t:6, i:59)
2022-09-29 01:23:45,589 [grpc-default-executor-0] INFO  impl.SnapshotInstallationHandler (SnapshotInstallationHandler.java:installSnapshot(95)) - omNode-2@group-523986131536: reply installSnapshot: omNode-1<-omNode-2#0:FAIL-t6,IN_PROGRESS
2022-09-29 01:23:45,590 [grpc-default-executor-0] INFO  server.GrpcServerProtocolService (GrpcServerProtocolService.java:onCompleted(140)) - omNode-2: Completed INSTALL_SNAPSHOT, lastRequest: omNode-1->omNode-2#0-t6,notify:(t:6, i:59)
2022-09-29 01:23:45,590 [grpc-default-executor-3] INFO  leader.FollowerInfo (FollowerInfoImpl.java:lambda$new$0(48)) - omNode-1@group-523986131536->omNode-2: nextIndex: updateUnconditionally 57 -> 57
2022-09-29 01:23:45,590 [grpc-default-executor-2] INFO  server.GrpcLogAppender (GrpcLogAppender.java:onNext(403)) - omNode-1@group-523986131536->omNode-2-InstallSnapshotResponseHandler: received a reply omNode-1<-omNode-2#0:FAIL-t6,IN_PROGRESS
2022-09-29 01:23:45,590 [grpc-default-executor-2] INFO  server.GrpcLogAppender (GrpcLogAppender.java:onNext(421)) - omNode-1@group-523986131536->omNode-2-InstallSnapshotResponseHandler: InstallSnapshot in progress.
2022-09-29 01:23:45,590 [omNode-1@group-523986131536->omNode-2-GrpcLogAppender-LogAppenderDaemon] INFO  server.GrpcLogAppender (GrpcLogAppender.java:installSnapshot(541)) - omNode-1@group-523986131536->omNode-2-GrpcLogAppender: followerNextIndex = 57 but logStartIndex = 59, notify follower to install snapshot-(t:6, i:59)
2022-09-29 01:23:45,590 [omNode-1@group-523986131536->omNode-2-GrpcLogAppender-LogAppenderDaemon] INFO  server.GrpcLogAppender (GrpcLogAppender.java:installSnapshot(549)) - omNode-1@group-523986131536->omNode-2-GrpcLogAppender: send omNode-1->omNode-2#0-t6,notify:(t:6, i:59)
2022-09-29 01:23:45,591 [omNode-2-server-thread1] INFO  server.RaftServer$Division (RaftServerImpl.java:checkInconsistentAppendEntries(1402)) - omNode-2@group-523986131536: Failed appendEntries as snapshot (59) installation is in progress
2022-09-29 01:23:45,591 [omNode-2-server-thread1] INFO  server.RaftServer$Division (RaftServerImpl.java:checkInconsistentAppendEntries(1394)) - omNode-2@group-523986131536: inconsistency entries. Reply:omNode-1<-omNode-2#522:FAIL-t6,INCONSISTENCY,nextIndex=57,followerCommit=56
2022-09-29 01:23:45,591 [grpc-default-executor-2] INFO  impl.SnapshotInstallationHandler (SnapshotInstallationHandler.java:installSnapshot(84)) - omNode-2@group-523986131536: receive installSnapshot: omNode-1->omNode-2#0-t6,notify:(t:6, i:59)
2022-09-29 01:23:45,591 [grpc-default-executor-2] INFO  impl.SnapshotInstallationHandler (SnapshotInstallationHandler.java:installSnapshot(95)) - omNode-2@group-523986131536: reply installSnapshot: omNode-1<-omNode-2#0:FAIL-t6,IN_PROGRESS
2022-09-29 01:23:45,591 [grpc-default-executor-2] INFO  server.GrpcServerProtocolService (GrpcServerProtocolService.java:onCompleted(140)) - omNode-2: Completed INSTALL_SNAPSHOT, lastRequest: omNode-1->omNode-2#0-t6,notify:(t:6, i:59)
2022-09-29 01:23:45,592 [grpc-default-executor-2] INFO  leader.FollowerInfo (FollowerInfoImpl.java:lambda$new$0(48)) - omNode-1@group-523986131536->omNode-2: nextIndex: updateUnconditionally 57 -> 57
2022-09-29 01:23:45,592 [grpc-default-executor-0] INFO  server.GrpcLogAppender (GrpcLogAppender.java:onNext(403)) - omNode-1@group-523986131536->omNode-2-InstallSnapshotResponseHandler: received a reply omNode-1<-omNode-2#0:FAIL-t6,IN_PROGRESS
2022-09-29 01:23:45,592 [grpc-default-executor-0] INFO  server.GrpcLogAppender (GrpcLogAppender.java:onNext(421)) - omNode-1@group-523986131536->omNode-2-InstallSnapshotResponseHandler: InstallSnapshot in progress.
2022-09-29 01:23:45,592 [omNode-1@group-523986131536->omNode-2-GrpcLogAppender-LogAppenderDaemon] INFO  server.GrpcLogAppender (GrpcLogAppender.java:installSnapshot(541)) - omNode-1@group-523986131536->omNode-2-GrpcLogAppender: followerNextIndex = 57 but logStartIndex = 59, notify follower to install snapshot-(t:6, i:59)
2022-09-29 01:23:45,592 [omNode-1@group-523986131536->omNode-2-GrpcLogAppender-LogAppenderDaemon] INFO  server.GrpcLogAppender (GrpcLogAppender.java:installSnapshot(549)) - omNode-1@group-523986131536->omNode-2-GrpcLogAppender: send omNode-1->omNode-2#0-t6,notify:(t:6, i:59)
2022-09-29 01:23:45,593 [omNode-2-server-thread1] INFO  server.RaftServer$Division (RaftServerImpl.java:checkInconsistentAppendEntries(1402)) - omNode-2@group-523986131536: Failed appendEntries as snapshot (59) installation is in progress
2022-09-29 01:23:45,593 [omNode-2-server-thread1] INFO  server.RaftServer$Division (RaftServerImpl.java:checkInconsistentAppendEntries(1394)) - omNode-2@group-523986131536: inconsistency entries. Reply:omNode-1<-omNode-2#523:FAIL-t6,INCONSISTENCY,nextIndex=57,followerCommit=56
2022-09-29 01:23:45,593 [grpc-default-executor-0] INFO  impl.SnapshotInstallationHandler (SnapshotInstallationHandler.java:installSnapshot(84)) - omNode-2@group-523986131536: receive installSnapshot: omNode-1->omNode-2#0-t6,notify:(t:6, i:59)
2022-09-29 01:23:45,593 [grpc-default-executor-0] INFO  impl.SnapshotInstallationHandler (SnapshotInstallationHandler.java:installSnapshot(95)) - omNode-2@group-523986131536: reply installSnapshot: omNode-1<-omNode-2#0:FAIL-t6,IN_PROGRESS
2022-09-29 01:23:45,593 [grpc-default-executor-0] INFO  server.GrpcServerProtocolService (GrpcServerProtocolService.java:onCompleted(140)) - omNode-2: Completed INSTALL_SNAPSHOT, lastRequest: omNode-1->omNode-2#0-t6,notify:(t:6, i:59)
2022-09-29 01:23:45,594 [grpc-default-executor-2] INFO  server.GrpcLogAppender (GrpcLogAppender.java:onNext(403)) - omNode-1@group-523986131536->omNode-2-InstallSnapshotResponseHandler: received a reply omNode-1<-omNode-2#0:FAIL-t6,IN_PROGRESS
2022-09-29 01:23:45,594 [grpc-default-executor-2] INFO  server.GrpcLogAppender (GrpcLogAppender.java:onNext(421)) - omNode-1@group-523986131536->omNode-2-InstallSnapshotResponseHandler: InstallSnapshot in progress.
2022-09-29 01:23:45,594 [grpc-default-executor-0] INFO  leader.FollowerInfo (FollowerInfoImpl.java:lambda$new$0(48)) - omNode-1@group-523986131536->omNode-2: nextIndex: updateUnconditionally 57 -> 57
2022-09-29 01:23:45,594 [omNode-1@group-523986131536->omNode-2-GrpcLogAppender-LogAppenderDaemon] INFO  server.GrpcLogAppender (GrpcLogAppender.java:installSnapshot(541)) - omNode-1@group-523986131536->omNode-2-GrpcLogAppender: followerNextIndex = 57 but logStartIndex = 59, notify follower to install snapshot-(t:6, i:59)
2022-09-29 01:23:45,594 [omNode-1@group-523986131536->omNode-2-GrpcLogAppender-LogAppenderDaemon] INFO  server.GrpcLogAppender (GrpcLogAppender.java:installSnapshot(549)) - omNode-1@group-523986131536->omNode-2-GrpcLogAppender: send omNode-1->omNode-2#0-t6,notify:(t:6, i:59)
2022-09-29 01:23:45,595 [omNode-2-server-thread1] INFO  server.RaftServer$Division (RaftServerImpl.java:checkInconsistentAppendEntries(1402)) - omNode-2@group-523986131536: Failed appendEntries as snapshot (59) installation is in progress
2022-09-29 01:23:45,595 [omNode-2-server-thread1] INFO  server.RaftServer$Division (RaftServerImpl.java:checkInconsistentAppendEntries(1394)) - omNode-2@group-523986131536: inconsistency entries. Reply:omNode-1<-omNode-2#524:FAIL-t6,INCONSISTENCY,nextIndex=57,followerCommit=56
2022-09-29 01:23:45,595 [grpc-default-executor-0] INFO  impl.SnapshotInstallationHandler (SnapshotInstallationHandler.java:installSnapshot(84)) - omNode-2@group-523986131536: receive installSnapshot: omNode-1->omNode-2#0-t6,notify:(t:6, i:59)
2022-09-29 01:23:45,595 [grpc-default-executor-0] INFO  impl.SnapshotInstallationHandler (SnapshotInstallationHandler.java:installSnapshot(95)) - omNode-2@group-523986131536: reply installSnapshot: omNode-1<-omNode-2#0:FAIL-t6,IN_PROGRESS
2022-09-29 01:23:45,595 [grpc-default-executor-0] INFO  server.GrpcServerProtocolService (GrpcServerProtocolService.java:onCompleted(140)) - omNode-2: Completed INSTALL_SNAPSHOT, lastRequest: omNode-1->omNode-2#0-t6,notify:(t:6, i:59)
2022-09-29 01:23:45,596 [grpc-default-executor-2] INFO  leader.FollowerInfo (FollowerInfoImpl.java:lambda$new$0(48)) - omNode-1@group-523986131536->omNode-2: nextIndex: updateUnconditionally 57 -> 57
2022-09-29 01:23:45,596 [grpc-default-executor-2] INFO  server.GrpcLogAppender (GrpcLogAppender.java:onNext(403)) - omNode-1@group-523986131536->omNode-2-InstallSnapshotResponseHandler: received a reply omNode-1<-omNode-2#0:FAIL-t6,IN_PROGRESS
2022-09-29 01:23:45,596 [grpc-default-executor-2] INFO  server.GrpcLogAppender (GrpcLogAppender.java:onNext(421)) - omNode-1@group-523986131536->omNode-2-InstallSnapshotResponseHandler: InstallSnapshot in progress.
2022-09-29 01:23:45,596 [omNode-1@group-523986131536->omNode-2-GrpcLogAppender-LogAppenderDaemon] INFO  server.GrpcLogAppender (GrpcLogAppender.java:installSnapshot(541)) - omNode-1@group-523986131536->omNode-2-GrpcLogAppender: followerNextIndex = 57 but logStartIndex = 59, notify follower to install snapshot-(t:6, i:59)
2022-09-29 01:23:45,596 [omNode-1@group-523986131536->omNode-2-GrpcLogAppender-LogAppenderDaemon] INFO  server.GrpcLogAppender (GrpcLogAppender.java:installSnapshot(549)) - omNode-1@group-523986131536->omNode-2-GrpcLogAppender: send omNode-1->omNode-2#0-t6,notify:(t:6, i:59)
2022-09-29 01:23:45,597 [omNode-2-server-thread1] INFO  server.RaftServer$Division (RaftServerImpl.java:checkInconsistentAppendEntries(1402)) - omNode-2@group-523986131536: Failed appendEntries as snapshot (59) installation is in progress
2022-09-29 01:23:45,597 [omNode-2-server-thread1] INFO  server.RaftServer$Division (RaftServerImpl.java:checkInconsistentAppendEntries(1394)) - omNode-2@group-523986131536: inconsistency entries. Reply:omNode-1<-omNode-2#525:FAIL-t6,INCONSISTENCY,nextIndex=57,followerCommit=56
2022-09-29 01:23:45,597 [grpc-default-executor-0] INFO  impl.SnapshotInstallationHandler (SnapshotInstallationHandler.java:installSnapshot(84)) - omNode-2@group-523986131536: receive installSnapshot: omNode-1->omNode-2#0-t6,notify:(t:6, i:59)
2022-09-29 01:23:45,597 [grpc-default-executor-0] INFO  impl.SnapshotInstallationHandler (SnapshotInstallationHandler.java:installSnapshot(95)) - omNode-2@group-523986131536: reply installSnapshot: omNode-1<-omNode-2#0:FAIL-t6,IN_PROGRESS
2022-09-29 01:23:45,597 [grpc-default-executor-0] INFO  server.GrpcServerProtocolService (GrpcServerProtocolService.java:onCompleted(140)) - omNode-2: Completed INSTALL_SNAPSHOT, lastRequest: omNode-1->omNode-2#0-t6,notify:(t:6, i:59)
2022-09-29 01:23:45,598 [grpc-default-executor-2] INFO  leader.FollowerInfo (FollowerInfoImpl.java:lambda$new$0(48)) - omNode-1@group-523986131536->omNode-2: nextIndex: updateUnconditionally 57 -> 57
2022-09-29 01:23:45,598 [grpc-default-executor-2] INFO  server.GrpcLogAppender (GrpcLogAppender.java:onNext(403)) - omNode-1@group-523986131536->omNode-2-InstallSnapshotResponseHandler: received a reply omNode-1<-omNode-2#0:FAIL-t6,IN_PROGRESS
2022-09-29 01:23:45,598 [grpc-default-executor-2] INFO  server.GrpcLogAppender (GrpcLogAppender.java:onNext(421)) - omNode-1@group-523986131536->omNode-2-InstallSnapshotResponseHandler: InstallSnapshot in progress.
2022-09-29 01:23:45,598 [omNode-1@group-523986131536->omNode-2-GrpcLogAppender-LogAppenderDaemon] INFO  server.GrpcLogAppender (GrpcLogAppender.java:installSnapshot(541)) - omNode-1@group-523986131536->omNode-2-GrpcLogAppender: followerNextIndex = 57 but logStartIndex = 59, notify follower to install snapshot-(t:6, i:59)
2022-09-29 01:23:45,598 [omNode-1@group-523986131536->omNode-2-GrpcLogAppender-LogAppenderDaemon] INFO  server.GrpcLogAppender (GrpcLogAppender.java:installSnapshot(549)) - omNode-1@group-523986131536->omNode-2-GrpcLogAppender: send omNode-1->omNode-2#0-t6,notify:(t:6, i:59)
2022-09-29 01:23:45,599 [omNode-2-server-thread1] INFO  server.RaftServer$Division (RaftServerImpl.java:checkInconsistentAppendEntries(1402)) - omNode-2@group-523986131536: Failed appendEntries as snapshot (59) installation is in progress
2022-09-29 01:23:45,599 [omNode-2-server-thread1] INFO  server.RaftServer$Division (RaftServerImpl.java:checkInconsistentAppendEntries(1394)) - omNode-2@group-523986131536: inconsistency entries. Reply:omNode-1<-omNode-2#526:FAIL-t6,INCONSISTENCY,nextIndex=57,followerCommit=56
2022-09-29 01:23:45,599 [grpc-default-executor-0] INFO  impl.SnapshotInstallationHandler (SnapshotInstallationHandler.java:installSnapshot(84)) - omNode-2@group-523986131536: receive installSnapshot: omNode-1->omNode-2#0-t6,notify:(t:6, i:59)
2022-09-29 01:23:45,599 [grpc-default-executor-0] INFO  impl.SnapshotInstallationHandler (SnapshotInstallationHandler.java:installSnapshot(95)) - omNode-2@group-523986131536: reply installSnapshot: omNode-1<-omNode-2#0:FAIL-t6,IN_PROGRESS
2022-09-29 01:23:45,600 [grpc-default-executor-0] INFO  server.GrpcServerProtocolService (GrpcServerProtocolService.java:onCompleted(140)) - omNode-2: Completed INSTALL_SNAPSHOT, lastRequest: omNode-1->omNode-2#0-t6,notify:(t:6, i:59)
2022-09-29 01:23:45,600 [grpc-default-executor-2] INFO  leader.FollowerInfo (FollowerInfoImpl.java:lambda$new$0(48)) - omNode-1@group-523986131536->omNode-2: nextIndex: updateUnconditionally 57 -> 57
2022-09-29 01:23:45,600 [grpc-default-executor-2] INFO  server.GrpcLogAppender (GrpcLogAppender.java:onNext(403)) - omNode-1@group-523986131536->omNode-2-InstallSnapshotResponseHandler: received a reply omNode-1<-omNode-2#0:FAIL-t6,IN_PROGRESS
2022-09-29 01:23:45,600 [grpc-default-executor-2] INFO  server.GrpcLogAppender (GrpcLogAppender.java:onNext(421)) - omNode-1@group-523986131536->omNode-2-InstallSnapshotResponseHandler: InstallSnapshot in progress.
2022-09-29 01:23:45,600 [omNode-1@group-523986131536->omNode-2-GrpcLogAppender-LogAppenderDaemon] INFO  server.GrpcLogAppender (GrpcLogAppender.java:installSnapshot(541)) - omNode-1@group-523986131536->omNode-2-GrpcLogAppender: followerNextIndex = 57 but logStartIndex = 59, notify follower to install snapshot-(t:6, i:59)
2022-09-29 01:23:45,601 [omNode-1@group-523986131536->omNode-2-GrpcLogAppender-LogAppenderDaemon] INFO  server.GrpcLogAppender (GrpcLogAppender.java:installSnapshot(549)) - omNode-1@group-523986131536->omNode-2-GrpcLogAppender: send omNode-1->omNode-2#0-t6,notify:(t:6, i:59)
2022-09-29 01:23:45,601 [omNode-2-server-thread1] INFO  server.RaftServer$Division (RaftServerImpl.java:checkInconsistentAppendEntries(1402)) - omNode-2@group-523986131536: Failed appendEntries as snapshot (59) installation is in progress
2022-09-29 01:23:45,601 [omNode-2-server-thread1] INFO  server.RaftServer$Division (RaftServerImpl.java:checkInconsistentAppendEntries(1394)) - omNode-2@group-523986131536: inconsistency entries. Reply:omNode-1<-omNode-2#527:FAIL-t6,INCONSISTENCY,nextIndex=57,followerCommit=56
2022-09-29 01:23:45,601 [grpc-default-executor-0] INFO  impl.SnapshotInstallationHandler (SnapshotInstallationHandler.java:installSnapshot(84)) - omNode-2@group-523986131536: receive installSnapshot: omNode-1->omNode-2#0-t6,notify:(t:6, i:59)
2022-09-29 01:23:45,602 [grpc-default-executor-0] INFO  impl.SnapshotInstallationHandler (SnapshotInstallationHandler.java:installSnapshot(95)) - omNode-2@group-523986131536: reply installSnapshot: omNode-1<-omNode-2#0:FAIL-t6,IN_PROGRESS
2022-09-29 01:23:45,602 [grpc-default-executor-0] INFO  server.GrpcServerProtocolService (GrpcServerProtocolService.java:onCompleted(140)) - omNode-2: Completed INSTALL_SNAPSHOT, lastRequest: omNode-1->omNode-2#0-t6,notify:(t:6, i:59)
2022-09-29 01:23:45,602 [grpc-default-executor-2] INFO  leader.FollowerInfo (FollowerInfoImpl.java:lambda$new$0(48)) - omNode-1@group-523986131536->omNode-2: nextIndex: updateUnconditionally 57 -> 57
2022-09-29 01:23:45,602 [Listener at localhost/41255] WARN  server.ServerUtils (ServerUtils.java:getDBPath(225)) - ozone.om.db.dirs is not configured. We recommend adding this setting. Falling back to ozone.metadata.dirs instead.
2022-09-29 01:23:45,602 [grpc-default-executor-2] INFO  server.GrpcLogAppender (GrpcLogAppender.java:onNext(403)) - omNode-1@group-523986131536->omNode-2-InstallSnapshotResponseHandler: received a reply omNode-1<-omNode-2#0:FAIL-t6,IN_PROGRESS
2022-09-29 01:23:45,608 [grpc-default-executor-2] INFO  server.GrpcLogAppender (GrpcLogAppender.java:onNext(421)) - omNode-1@group-523986131536->omNode-2-InstallSnapshotResponseHandler: InstallSnapshot in progress.
2022-09-29 01:23:45,608 [omNode-1@group-523986131536->omNode-2-GrpcLogAppender-LogAppenderDaemon] INFO  server.GrpcLogAppender (GrpcLogAppender.java:installSnapshot(541)) - omNode-1@group-523986131536->omNode-2-GrpcLogAppender: followerNextIndex = 57 but logStartIndex = 59, notify follower to install snapshot-(t:6, i:59)
2022-09-29 01:23:45,608 [omNode-1@group-523986131536->omNode-2-GrpcLogAppender-LogAppenderDaemon] INFO  server.GrpcLogAppender (GrpcLogAppender.java:installSnapshot(549)) - omNode-1@group-523986131536->omNode-2-GrpcLogAppender: send omNode-1->omNode-2#0-t6,notify:(t:6, i:59)
2022-09-29 01:23:45,609 [omNode-2-server-thread1] INFO  server.RaftServer$Division (RaftServerImpl.java:checkInconsistentAppendEntries(1402)) - omNode-2@group-523986131536: Failed appendEntries as snapshot (59) installation is in progress
2022-09-29 01:23:45,609 [omNode-2-server-thread1] INFO  server.RaftServer$Division (RaftServerImpl.java:checkInconsistentAppendEntries(1394)) - omNode-2@group-523986131536: inconsistency entries. Reply:omNode-1<-omNode-2#528:FAIL-t6,INCONSISTENCY,nextIndex=57,followerCommit=56
2022-09-29 01:23:45,609 [grpc-default-executor-2] INFO  impl.SnapshotInstallationHandler (SnapshotInstallationHandler.java:installSnapshot(84)) - omNode-2@group-523986131536: receive installSnapshot: omNode-1->omNode-2#0-t6,notify:(t:6, i:59)
2022-09-29 01:23:45,609 [grpc-default-executor-2] INFO  impl.SnapshotInstallationHandler (SnapshotInstallationHandler.java:installSnapshot(95)) - omNode-2@group-523986131536: reply installSnapshot: omNode-1<-omNode-2#0:FAIL-t6,IN_PROGRESS
2022-09-29 01:23:45,609 [grpc-default-executor-2] INFO  server.GrpcServerProtocolService (GrpcServerProtocolService.java:onCompleted(140)) - omNode-2: Completed INSTALL_SNAPSHOT, lastRequest: omNode-1->omNode-2#0-t6,notify:(t:6, i:59)
2022-09-29 01:23:45,609 [grpc-default-executor-0] INFO  leader.FollowerInfo (FollowerInfoImpl.java:lambda$new$0(48)) - omNode-1@group-523986131536->omNode-2: nextIndex: updateUnconditionally 57 -> 57
2022-09-29 01:23:45,657 [pool-366-thread-1] INFO  om.OzoneManager (OzoneManager.java:instantiateServices(709)) - S3 Multi-Tenancy is disabled
2022-09-29 01:23:45,660 [Listener at localhost/41255] INFO  codec.OmKeyInfoCodec (OmKeyInfoCodec.java:<init>(49)) - OmKeyInfoCodec ignorePipeline = true
2022-09-29 01:23:45,660 [Listener at localhost/41255] INFO  codec.RepeatedOmKeyInfoCodec (RepeatedOmKeyInfoCodec.java:<init>(41)) - RepeatedOmKeyInfoCodec ignorePipeline = true
2022-09-29 01:23:45,662 [grpc-default-executor-2] INFO  server.GrpcLogAppender (GrpcLogAppender.java:onNext(403)) - omNode-1@group-523986131536->omNode-2-InstallSnapshotResponseHandler: received a reply omNode-1<-omNode-2#0:FAIL-t6,IN_PROGRESS
2022-09-29 01:23:45,662 [grpc-default-executor-2] INFO  server.GrpcLogAppender (GrpcLogAppender.java:onNext(421)) - omNode-1@group-523986131536->omNode-2-InstallSnapshotResponseHandler: InstallSnapshot in progress.
2022-09-29 01:23:45,667 [omNode-1@group-523986131536->omNode-2-GrpcLogAppender-LogAppenderDaemon] INFO  server.GrpcLogAppender (GrpcLogAppender.java:installSnapshot(541)) - omNode-1@group-523986131536->omNode-2-GrpcLogAppender: followerNextIndex = 57 but logStartIndex = 59, notify follower to install snapshot-(t:6, i:59)
2022-09-29 01:23:45,667 [omNode-1@group-523986131536->omNode-2-GrpcLogAppender-LogAppenderDaemon] INFO  server.GrpcLogAppender (GrpcLogAppender.java:installSnapshot(549)) - omNode-1@group-523986131536->omNode-2-GrpcLogAppender: send omNode-1->omNode-2#0-t6,notify:(t:6, i:59)
2022-09-29 01:23:45,668 [grpc-default-executor-2] INFO  impl.SnapshotInstallationHandler (SnapshotInstallationHandler.java:installSnapshot(84)) - omNode-2@group-523986131536: receive installSnapshot: omNode-1->omNode-2#0-t6,notify:(t:6, i:59)
2022-09-29 01:23:45,668 [omNode-2-server-thread1] INFO  server.RaftServer$Division (RaftServerImpl.java:checkInconsistentAppendEntries(1402)) - omNode-2@group-523986131536: Failed appendEntries as snapshot (59) installation is in progress
2022-09-29 01:23:45,669 [omNode-2-server-thread1] INFO  server.RaftServer$Division (RaftServerImpl.java:checkInconsistentAppendEntries(1394)) - omNode-2@group-523986131536: inconsistency entries. Reply:omNode-1<-omNode-2#529:FAIL-t6,INCONSISTENCY,nextIndex=57,followerCommit=56
2022-09-29 01:23:45,669 [grpc-default-executor-2] INFO  impl.SnapshotInstallationHandler (SnapshotInstallationHandler.java:installSnapshot(95)) - omNode-2@group-523986131536: reply installSnapshot: omNode-1<-omNode-2#0:FAIL-t6,IN_PROGRESS
2022-09-29 01:23:45,669 [grpc-default-executor-3] INFO  leader.FollowerInfo (FollowerInfoImpl.java:lambda$new$0(48)) - omNode-1@group-523986131536->omNode-2: nextIndex: updateUnconditionally 57 -> 57
2022-09-29 01:23:45,669 [grpc-default-executor-2] INFO  server.GrpcServerProtocolService (GrpcServerProtocolService.java:onCompleted(140)) - omNode-2: Completed INSTALL_SNAPSHOT, lastRequest: omNode-1->omNode-2#0-t6,notify:(t:6, i:59)
2022-09-29 01:23:45,670 [grpc-default-executor-2] INFO  server.GrpcLogAppender (GrpcLogAppender.java:onNext(403)) - omNode-1@group-523986131536->omNode-2-InstallSnapshotResponseHandler: received a reply omNode-1<-omNode-2#0:FAIL-t6,IN_PROGRESS
2022-09-29 01:23:45,670 [grpc-default-executor-2] INFO  server.GrpcLogAppender (GrpcLogAppender.java:onNext(421)) - omNode-1@group-523986131536->omNode-2-InstallSnapshotResponseHandler: InstallSnapshot in progress.
2022-09-29 01:23:45,670 [omNode-1@group-523986131536->omNode-2-GrpcLogAppender-LogAppenderDaemon] INFO  server.GrpcLogAppender (GrpcLogAppender.java:installSnapshot(541)) - omNode-1@group-523986131536->omNode-2-GrpcLogAppender: followerNextIndex = 57 but logStartIndex = 59, notify follower to install snapshot-(t:6, i:59)
2022-09-29 01:23:45,670 [omNode-1@group-523986131536->omNode-2-GrpcLogAppender-LogAppenderDaemon] INFO  server.GrpcLogAppender (GrpcLogAppender.java:installSnapshot(549)) - omNode-1@group-523986131536->omNode-2-GrpcLogAppender: send omNode-1->omNode-2#0-t6,notify:(t:6, i:59)
2022-09-29 01:23:45,671 [omNode-2-server-thread1] INFO  server.RaftServer$Division (RaftServerImpl.java:checkInconsistentAppendEntries(1402)) - omNode-2@group-523986131536: Failed appendEntries as snapshot (59) installation is in progress
2022-09-29 01:23:45,671 [omNode-2-server-thread1] INFO  server.RaftServer$Division (RaftServerImpl.java:checkInconsistentAppendEntries(1394)) - omNode-2@group-523986131536: inconsistency entries. Reply:omNode-1<-omNode-2#530:FAIL-t6,INCONSISTENCY,nextIndex=57,followerCommit=56
2022-09-29 01:23:45,671 [grpc-default-executor-3] INFO  impl.SnapshotInstallationHandler (SnapshotInstallationHandler.java:installSnapshot(84)) - omNode-2@group-523986131536: receive installSnapshot: omNode-1->omNode-2#0-t6,notify:(t:6, i:59)
2022-09-29 01:23:45,671 [grpc-default-executor-3] INFO  impl.SnapshotInstallationHandler (SnapshotInstallationHandler.java:installSnapshot(95)) - omNode-2@group-523986131536: reply installSnapshot: omNode-1<-omNode-2#0:FAIL-t6,IN_PROGRESS
2022-09-29 01:23:45,671 [grpc-default-executor-3] INFO  server.GrpcServerProtocolService (GrpcServerProtocolService.java:onCompleted(140)) - omNode-2: Completed INSTALL_SNAPSHOT, lastRequest: omNode-1->omNode-2#0-t6,notify:(t:6, i:59)
2022-09-29 01:23:45,679 [pool-366-thread-1] INFO  om.OzoneManager (OzoneManager.java:startTrashEmptier(1920)) - Trash Interval set to 0. Files deleted won't move to trash
2022-09-29 01:23:45,679 [pool-366-thread-1] INFO  ratis.OzoneManagerStateMachine (OzoneManagerStateMachine.java:unpause(406)) - OzoneManagerStateMachine is un-pausing
2022-09-29 01:23:45,683 [grpc-default-executor-2] INFO  server.GrpcLogAppender (GrpcLogAppender.java:onNext(403)) - omNode-1@group-523986131536->omNode-2-InstallSnapshotResponseHandler: received a reply omNode-1<-omNode-2#0:FAIL-t6,IN_PROGRESS
2022-09-29 01:23:45,683 [grpc-default-executor-2] INFO  server.GrpcLogAppender (GrpcLogAppender.java:onNext(421)) - omNode-1@group-523986131536->omNode-2-InstallSnapshotResponseHandler: InstallSnapshot in progress.
2022-09-29 01:23:45,683 [omNode-1@group-523986131536->omNode-2-GrpcLogAppender-LogAppenderDaemon] INFO  server.GrpcLogAppender (GrpcLogAppender.java:installSnapshot(541)) - omNode-1@group-523986131536->omNode-2-GrpcLogAppender: followerNextIndex = 57 but logStartIndex = 59, notify follower to install snapshot-(t:6, i:59)
2022-09-29 01:23:45,683 [grpc-default-executor-0] INFO  leader.FollowerInfo (FollowerInfoImpl.java:lambda$new$0(48)) - omNode-1@group-523986131536->omNode-2: nextIndex: updateUnconditionally 57 -> 57
2022-09-29 01:23:45,683 [omNode-1@group-523986131536->omNode-2-GrpcLogAppender-LogAppenderDaemon] INFO  server.GrpcLogAppender (GrpcLogAppender.java:installSnapshot(549)) - omNode-1@group-523986131536->omNode-2-GrpcLogAppender: send omNode-1->omNode-2#0-t6,notify:(t:6, i:59)
2022-09-29 01:23:45,684 [omNode-2-server-thread1] INFO  server.RaftServer$Division (RaftServerImpl.java:checkInconsistentAppendEntries(1402)) - omNode-2@group-523986131536: Failed appendEntries as snapshot (59) installation is in progress
2022-09-29 01:23:45,684 [omNode-2-server-thread1] INFO  server.RaftServer$Division (RaftServerImpl.java:checkInconsistentAppendEntries(1394)) - omNode-2@group-523986131536: inconsistency entries. Reply:omNode-1<-omNode-2#531:FAIL-t6,INCONSISTENCY,nextIndex=57,followerCommit=56
2022-09-29 01:23:45,684 [grpc-default-executor-2] INFO  impl.SnapshotInstallationHandler (SnapshotInstallationHandler.java:installSnapshot(84)) - omNode-2@group-523986131536: receive installSnapshot: omNode-1->omNode-2#0-t6,notify:(t:6, i:59)
2022-09-29 01:23:45,684 [grpc-default-executor-2] INFO  impl.SnapshotInstallationHandler (SnapshotInstallationHandler.java:installSnapshot(95)) - omNode-2@group-523986131536: reply installSnapshot: omNode-1<-omNode-2#0:FAIL-t6,IN_PROGRESS
2022-09-29 01:23:45,685 [grpc-default-executor-2] INFO  server.GrpcServerProtocolService (GrpcServerProtocolService.java:onCompleted(140)) - omNode-2: Completed INSTALL_SNAPSHOT, lastRequest: omNode-1->omNode-2#0-t6,notify:(t:6, i:59)
2022-09-29 01:23:45,685 [grpc-default-executor-1] INFO  server.GrpcLogAppender (GrpcLogAppender.java:onNext(403)) - omNode-1@group-523986131536->omNode-2-InstallSnapshotResponseHandler: received a reply omNode-1<-omNode-2#0:FAIL-t6,IN_PROGRESS
2022-09-29 01:23:45,685 [grpc-default-executor-1] INFO  server.GrpcLogAppender (GrpcLogAppender.java:onNext(421)) - omNode-1@group-523986131536->omNode-2-InstallSnapshotResponseHandler: InstallSnapshot in progress.
2022-09-29 01:23:45,685 [grpc-default-executor-0] INFO  leader.FollowerInfo (FollowerInfoImpl.java:lambda$new$0(48)) - omNode-1@group-523986131536->omNode-2: nextIndex: updateUnconditionally 57 -> 57
2022-09-29 01:23:45,685 [omNode-1@group-523986131536->omNode-2-GrpcLogAppender-LogAppenderDaemon] INFO  server.GrpcLogAppender (GrpcLogAppender.java:installSnapshot(541)) - omNode-1@group-523986131536->omNode-2-GrpcLogAppender: followerNextIndex = 57 but logStartIndex = 59, notify follower to install snapshot-(t:6, i:59)
2022-09-29 01:23:45,685 [omNode-1@group-523986131536->omNode-2-GrpcLogAppender-LogAppenderDaemon] INFO  server.GrpcLogAppender (GrpcLogAppender.java:installSnapshot(549)) - omNode-1@group-523986131536->omNode-2-GrpcLogAppender: send omNode-1->omNode-2#0-t6,notify:(t:6, i:59)
2022-09-29 01:23:45,686 [omNode-2-server-thread1] INFO  server.RaftServer$Division (RaftServerImpl.java:checkInconsistentAppendEntries(1402)) - omNode-2@group-523986131536: Failed appendEntries as snapshot (59) installation is in progress
2022-09-29 01:23:45,686 [grpc-default-executor-2] INFO  impl.SnapshotInstallationHandler (SnapshotInstallationHandler.java:installSnapshot(84)) - omNode-2@group-523986131536: receive installSnapshot: omNode-1->omNode-2#0-t6,notify:(t:6, i:59)
2022-09-29 01:23:45,686 [omNode-2-server-thread1] INFO  server.RaftServer$Division (RaftServerImpl.java:checkInconsistentAppendEntries(1394)) - omNode-2@group-523986131536: inconsistency entries. Reply:omNode-1<-omNode-2#532:FAIL-t6,INCONSISTENCY,nextIndex=57,followerCommit=56
2022-09-29 01:23:45,687 [grpc-default-executor-2] INFO  impl.SnapshotInstallationHandler (SnapshotInstallationHandler.java:installSnapshot(95)) - omNode-2@group-523986131536: reply installSnapshot: omNode-1<-omNode-2#0:FAIL-t6,IN_PROGRESS
2022-09-29 01:23:45,687 [grpc-default-executor-2] INFO  server.GrpcServerProtocolService (GrpcServerProtocolService.java:onCompleted(140)) - omNode-2: Completed INSTALL_SNAPSHOT, lastRequest: omNode-1->omNode-2#0-t6,notify:(t:6, i:59)
2022-09-29 01:23:45,689 [grpc-default-executor-1] INFO  server.GrpcLogAppender (GrpcLogAppender.java:onNext(403)) - omNode-1@group-523986131536->omNode-2-InstallSnapshotResponseHandler: received a reply omNode-1<-omNode-2#0:FAIL-t6,IN_PROGRESS
2022-09-29 01:23:45,689 [grpc-default-executor-1] INFO  server.GrpcLogAppender (GrpcLogAppender.java:onNext(421)) - omNode-1@group-523986131536->omNode-2-InstallSnapshotResponseHandler: InstallSnapshot in progress.
2022-09-29 01:23:45,689 [grpc-default-executor-0] INFO  leader.FollowerInfo (FollowerInfoImpl.java:lambda$new$0(48)) - omNode-1@group-523986131536->omNode-2: nextIndex: updateUnconditionally 57 -> 57
2022-09-29 01:23:45,689 [omNode-1@group-523986131536->omNode-2-GrpcLogAppender-LogAppenderDaemon] INFO  server.GrpcLogAppender (GrpcLogAppender.java:installSnapshot(541)) - omNode-1@group-523986131536->omNode-2-GrpcLogAppender: followerNextIndex = 57 but logStartIndex = 59, notify follower to install snapshot-(t:6, i:59)
2022-09-29 01:23:45,689 [omNode-1@group-523986131536->omNode-2-GrpcLogAppender-LogAppenderDaemon] INFO  server.GrpcLogAppender (GrpcLogAppender.java:installSnapshot(549)) - omNode-1@group-523986131536->omNode-2-GrpcLogAppender: send omNode-1->omNode-2#0-t6,notify:(t:6, i:59)
2022-09-29 01:23:45,690 [omNode-2-server-thread1] INFO  server.RaftServer$Division (RaftServerImpl.java:checkInconsistentAppendEntries(1402)) - omNode-2@group-523986131536: Failed appendEntries as snapshot (59) installation is in progress
2022-09-29 01:23:45,690 [omNode-2-server-thread1] INFO  server.RaftServer$Division (RaftServerImpl.java:checkInconsistentAppendEntries(1394)) - omNode-2@group-523986131536: inconsistency entries. Reply:omNode-1<-omNode-2#533:FAIL-t6,INCONSISTENCY,nextIndex=57,followerCommit=56
2022-09-29 01:23:45,690 [grpc-default-executor-2] INFO  impl.SnapshotInstallationHandler (SnapshotInstallationHandler.java:installSnapshot(84)) - omNode-2@group-523986131536: receive installSnapshot: omNode-1->omNode-2#0-t6,notify:(t:6, i:59)
2022-09-29 01:23:45,691 [grpc-default-executor-2] INFO  impl.SnapshotInstallationHandler (SnapshotInstallationHandler.java:installSnapshot(95)) - omNode-2@group-523986131536: reply installSnapshot: omNode-1<-omNode-2#0:FAIL-t6,IN_PROGRESS
2022-09-29 01:23:45,691 [grpc-default-executor-2] INFO  server.GrpcServerProtocolService (GrpcServerProtocolService.java:onCompleted(140)) - omNode-2: Completed INSTALL_SNAPSHOT, lastRequest: omNode-1->omNode-2#0-t6,notify:(t:6, i:59)
2022-09-29 01:23:45,691 [grpc-default-executor-1] INFO  server.GrpcLogAppender (GrpcLogAppender.java:onNext(403)) - omNode-1@group-523986131536->omNode-2-InstallSnapshotResponseHandler: received a reply omNode-1<-omNode-2#0:FAIL-t6,IN_PROGRESS
2022-09-29 01:23:45,691 [grpc-default-executor-1] INFO  server.GrpcLogAppender (GrpcLogAppender.java:onNext(421)) - omNode-1@group-523986131536->omNode-2-InstallSnapshotResponseHandler: InstallSnapshot in progress.
2022-09-29 01:23:45,691 [grpc-default-executor-0] INFO  leader.FollowerInfo (FollowerInfoImpl.java:lambda$new$0(48)) - omNode-1@group-523986131536->omNode-2: nextIndex: updateUnconditionally 57 -> 57
2022-09-29 01:23:45,691 [omNode-1@group-523986131536->omNode-2-GrpcLogAppender-LogAppenderDaemon] INFO  server.GrpcLogAppender (GrpcLogAppender.java:installSnapshot(541)) - omNode-1@group-523986131536->omNode-2-GrpcLogAppender: followerNextIndex = 57 but logStartIndex = 59, notify follower to install snapshot-(t:6, i:59)
2022-09-29 01:23:45,691 [omNode-1@group-523986131536->omNode-2-GrpcLogAppender-LogAppenderDaemon] INFO  server.GrpcLogAppender (GrpcLogAppender.java:installSnapshot(549)) - omNode-1@group-523986131536->omNode-2-GrpcLogAppender: send omNode-1->omNode-2#0-t6,notify:(t:6, i:59)
2022-09-29 01:23:45,692 [omNode-2-server-thread1] INFO  server.RaftServer$Division (RaftServerImpl.java:checkInconsistentAppendEntries(1402)) - omNode-2@group-523986131536: Failed appendEntries as snapshot (59) installation is in progress
2022-09-29 01:23:45,692 [omNode-2-server-thread1] INFO  server.RaftServer$Division (RaftServerImpl.java:checkInconsistentAppendEntries(1394)) - omNode-2@group-523986131536: inconsistency entries. Reply:omNode-1<-omNode-2#534:FAIL-t6,INCONSISTENCY,nextIndex=57,followerCommit=56
2022-09-29 01:23:45,693 [grpc-default-executor-2] INFO  impl.SnapshotInstallationHandler (SnapshotInstallationHandler.java:installSnapshot(84)) - omNode-2@group-523986131536: receive installSnapshot: omNode-1->omNode-2#0-t6,notify:(t:6, i:59)
2022-09-29 01:23:45,693 [grpc-default-executor-2] INFO  impl.SnapshotInstallationHandler (SnapshotInstallationHandler.java:installSnapshot(95)) - omNode-2@group-523986131536: reply installSnapshot: omNode-1<-omNode-2#0:FAIL-t6,IN_PROGRESS
2022-09-29 01:23:45,693 [grpc-default-executor-2] INFO  server.GrpcServerProtocolService (GrpcServerProtocolService.java:onCompleted(140)) - omNode-2: Completed INSTALL_SNAPSHOT, lastRequest: omNode-1->omNode-2#0-t6,notify:(t:6, i:59)
2022-09-29 01:23:45,694 [grpc-default-executor-1] INFO  server.GrpcLogAppender (GrpcLogAppender.java:onNext(403)) - omNode-1@group-523986131536->omNode-2-InstallSnapshotResponseHandler: received a reply omNode-1<-omNode-2#0:FAIL-t6,IN_PROGRESS
2022-09-29 01:23:45,694 [grpc-default-executor-1] INFO  server.GrpcLogAppender (GrpcLogAppender.java:onNext(421)) - omNode-1@group-523986131536->omNode-2-InstallSnapshotResponseHandler: InstallSnapshot in progress.
2022-09-29 01:23:45,695 [grpc-default-executor-0] INFO  leader.FollowerInfo (FollowerInfoImpl.java:lambda$new$0(48)) - omNode-1@group-523986131536->omNode-2: nextIndex: updateUnconditionally 57 -> 57
2022-09-29 01:23:45,695 [omNode-1@group-523986131536->omNode-2-GrpcLogAppender-LogAppenderDaemon] INFO  server.GrpcLogAppender (GrpcLogAppender.java:installSnapshot(541)) - omNode-1@group-523986131536->omNode-2-GrpcLogAppender: followerNextIndex = 57 but logStartIndex = 59, notify follower to install snapshot-(t:6, i:59)
2022-09-29 01:23:45,695 [omNode-1@group-523986131536->omNode-2-GrpcLogAppender-LogAppenderDaemon] INFO  server.GrpcLogAppender (GrpcLogAppender.java:installSnapshot(549)) - omNode-1@group-523986131536->omNode-2-GrpcLogAppender: send omNode-1->omNode-2#0-t6,notify:(t:6, i:59)
2022-09-29 01:23:45,695 [omNode-2-server-thread1] INFO  server.RaftServer$Division (RaftServerImpl.java:checkInconsistentAppendEntries(1402)) - omNode-2@group-523986131536: Failed appendEntries as snapshot (59) installation is in progress
2022-09-29 01:23:45,696 [omNode-2-server-thread1] INFO  server.RaftServer$Division (RaftServerImpl.java:checkInconsistentAppendEntries(1394)) - omNode-2@group-523986131536: inconsistency entries. Reply:omNode-1<-omNode-2#535:FAIL-t6,INCONSISTENCY,nextIndex=57,followerCommit=56
2022-09-29 01:23:45,696 [grpc-default-executor-2] INFO  impl.SnapshotInstallationHandler (SnapshotInstallationHandler.java:installSnapshot(84)) - omNode-2@group-523986131536: receive installSnapshot: omNode-1->omNode-2#0-t6,notify:(t:6, i:59)
2022-09-29 01:23:45,696 [grpc-default-executor-2] INFO  impl.SnapshotInstallationHandler (SnapshotInstallationHandler.java:installSnapshot(95)) - omNode-2@group-523986131536: reply installSnapshot: omNode-1<-omNode-2#0:FAIL-t6,IN_PROGRESS
2022-09-29 01:23:45,696 [grpc-default-executor-2] INFO  server.GrpcServerProtocolService (GrpcServerProtocolService.java:onCompleted(140)) - omNode-2: Completed INSTALL_SNAPSHOT, lastRequest: omNode-1->omNode-2#0-t6,notify:(t:6, i:59)
2022-09-29 01:23:45,697 [grpc-default-executor-0] INFO  server.GrpcLogAppender (GrpcLogAppender.java:onNext(403)) - omNode-1@group-523986131536->omNode-2-InstallSnapshotResponseHandler: received a reply omNode-1<-omNode-2#0:FAIL-t6,IN_PROGRESS
2022-09-29 01:23:45,697 [grpc-default-executor-0] INFO  server.GrpcLogAppender (GrpcLogAppender.java:onNext(421)) - omNode-1@group-523986131536->omNode-2-InstallSnapshotResponseHandler: InstallSnapshot in progress.
2022-09-29 01:23:45,697 [omNode-1@group-523986131536->omNode-2-GrpcLogAppender-LogAppenderDaemon] INFO  server.GrpcLogAppender (GrpcLogAppender.java:installSnapshot(541)) - omNode-1@group-523986131536->omNode-2-GrpcLogAppender: followerNextIndex = 57 but logStartIndex = 59, notify follower to install snapshot-(t:6, i:59)
2022-09-29 01:23:45,697 [omNode-1@group-523986131536->omNode-2-GrpcLogAppender-LogAppenderDaemon] INFO  server.GrpcLogAppender (GrpcLogAppender.java:installSnapshot(549)) - omNode-1@group-523986131536->omNode-2-GrpcLogAppender: send omNode-1->omNode-2#0-t6,notify:(t:6, i:59)
2022-09-29 01:23:45,698 [omNode-2-server-thread1] INFO  server.RaftServer$Division (RaftServerImpl.java:checkInconsistentAppendEntries(1402)) - omNode-2@group-523986131536: Failed appendEntries as snapshot (59) installation is in progress
2022-09-29 01:23:45,698 [omNode-2-server-thread1] INFO  server.RaftServer$Division (RaftServerImpl.java:checkInconsistentAppendEntries(1394)) - omNode-2@group-523986131536: inconsistency entries. Reply:omNode-1<-omNode-2#536:FAIL-t6,INCONSISTENCY,nextIndex=57,followerCommit=56
2022-09-29 01:23:45,698 [grpc-default-executor-2] INFO  leader.FollowerInfo (FollowerInfoImpl.java:lambda$new$0(48)) - omNode-1@group-523986131536->omNode-2: nextIndex: updateUnconditionally 57 -> 57
2022-09-29 01:23:45,698 [grpc-default-executor-2] INFO  impl.SnapshotInstallationHandler (SnapshotInstallationHandler.java:installSnapshot(84)) - omNode-2@group-523986131536: receive installSnapshot: omNode-1->omNode-2#0-t6,notify:(t:6, i:59)
2022-09-29 01:23:45,698 [grpc-default-executor-2] INFO  impl.SnapshotInstallationHandler (SnapshotInstallationHandler.java:installSnapshot(95)) - omNode-2@group-523986131536: reply installSnapshot: omNode-1<-omNode-2#0:FAIL-t6,IN_PROGRESS
2022-09-29 01:23:45,698 [grpc-default-executor-2] INFO  server.GrpcServerProtocolService (GrpcServerProtocolService.java:onCompleted(140)) - omNode-2: Completed INSTALL_SNAPSHOT, lastRequest: omNode-1->omNode-2#0-t6,notify:(t:6, i:59)
2022-09-29 01:23:45,699 [grpc-default-executor-0] INFO  server.GrpcLogAppender (GrpcLogAppender.java:onNext(403)) - omNode-1@group-523986131536->omNode-2-InstallSnapshotResponseHandler: received a reply omNode-1<-omNode-2#0:FAIL-t6,IN_PROGRESS
2022-09-29 01:23:45,699 [grpc-default-executor-0] INFO  server.GrpcLogAppender (GrpcLogAppender.java:onNext(421)) - omNode-1@group-523986131536->omNode-2-InstallSnapshotResponseHandler: InstallSnapshot in progress.
2022-09-29 01:23:45,699 [omNode-1@group-523986131536->omNode-2-GrpcLogAppender-LogAppenderDaemon] INFO  server.GrpcLogAppender (GrpcLogAppender.java:installSnapshot(541)) - omNode-1@group-523986131536->omNode-2-GrpcLogAppender: followerNextIndex = 57 but logStartIndex = 59, notify follower to install snapshot-(t:6, i:59)
2022-09-29 01:23:45,699 [omNode-1@group-523986131536->omNode-2-GrpcLogAppender-LogAppenderDaemon] INFO  server.GrpcLogAppender (GrpcLogAppender.java:installSnapshot(549)) - omNode-1@group-523986131536->omNode-2-GrpcLogAppender: send omNode-1->omNode-2#0-t6,notify:(t:6, i:59)
2022-09-29 01:23:45,701 [omNode-2-server-thread1] INFO  server.RaftServer$Division (RaftServerImpl.java:checkInconsistentAppendEntries(1402)) - omNode-2@group-523986131536: Failed appendEntries as snapshot (59) installation is in progress
2022-09-29 01:23:45,701 [omNode-2-server-thread1] INFO  server.RaftServer$Division (RaftServerImpl.java:checkInconsistentAppendEntries(1394)) - omNode-2@group-523986131536: inconsistency entries. Reply:omNode-1<-omNode-2#537:FAIL-t6,INCONSISTENCY,nextIndex=57,followerCommit=56
2022-09-29 01:23:45,701 [grpc-default-executor-0] INFO  impl.SnapshotInstallationHandler (SnapshotInstallationHandler.java:installSnapshot(84)) - omNode-2@group-523986131536: receive installSnapshot: omNode-1->omNode-2#0-t6,notify:(t:6, i:59)
2022-09-29 01:23:45,702 [grpc-default-executor-0] INFO  impl.SnapshotInstallationHandler (SnapshotInstallationHandler.java:installSnapshot(95)) - omNode-2@group-523986131536: reply installSnapshot: omNode-1<-omNode-2#0:FAIL-t6,IN_PROGRESS
2022-09-29 01:23:45,702 [grpc-default-executor-0] INFO  server.GrpcServerProtocolService (GrpcServerProtocolService.java:onCompleted(140)) - omNode-2: Completed INSTALL_SNAPSHOT, lastRequest: omNode-1->omNode-2#0-t6,notify:(t:6, i:59)
2022-09-29 01:23:45,702 [grpc-default-executor-2] INFO  leader.FollowerInfo (FollowerInfoImpl.java:lambda$new$0(48)) - omNode-1@group-523986131536->omNode-2: nextIndex: updateUnconditionally 57 -> 57
2022-09-29 01:23:45,702 [grpc-default-executor-0] INFO  leader.FollowerInfo (FollowerInfoImpl.java:lambda$new$0(48)) - omNode-1@group-523986131536->omNode-2: nextIndex: updateUnconditionally 57 -> 57
2022-09-29 01:23:45,702 [grpc-default-executor-2] INFO  server.GrpcLogAppender (GrpcLogAppender.java:onNext(403)) - omNode-1@group-523986131536->omNode-2-InstallSnapshotResponseHandler: received a reply omNode-1<-omNode-2#0:FAIL-t6,IN_PROGRESS
2022-09-29 01:23:45,702 [grpc-default-executor-2] INFO  server.GrpcLogAppender (GrpcLogAppender.java:onNext(421)) - omNode-1@group-523986131536->omNode-2-InstallSnapshotResponseHandler: InstallSnapshot in progress.
2022-09-29 01:23:45,703 [omNode-1@group-523986131536->omNode-2-GrpcLogAppender-LogAppenderDaemon] INFO  server.GrpcLogAppender (GrpcLogAppender.java:installSnapshot(541)) - omNode-1@group-523986131536->omNode-2-GrpcLogAppender: followerNextIndex = 57 but logStartIndex = 59, notify follower to install snapshot-(t:6, i:59)
2022-09-29 01:23:45,703 [omNode-1@group-523986131536->omNode-2-GrpcLogAppender-LogAppenderDaemon] INFO  server.GrpcLogAppender (GrpcLogAppender.java:installSnapshot(549)) - omNode-1@group-523986131536->omNode-2-GrpcLogAppender: send omNode-1->omNode-2#0-t6,notify:(t:6, i:59)
2022-09-29 01:23:45,703 [omNode-2-server-thread1] INFO  server.RaftServer$Division (RaftServerImpl.java:checkInconsistentAppendEntries(1402)) - omNode-2@group-523986131536: Failed appendEntries as snapshot (59) installation is in progress
2022-09-29 01:23:45,703 [omNode-2-server-thread1] INFO  server.RaftServer$Division (RaftServerImpl.java:checkInconsistentAppendEntries(1394)) - omNode-2@group-523986131536: inconsistency entries. Reply:omNode-1<-omNode-2#538:FAIL-t6,INCONSISTENCY,nextIndex=57,followerCommit=56
2022-09-29 01:23:45,704 [grpc-default-executor-2] INFO  impl.SnapshotInstallationHandler (SnapshotInstallationHandler.java:installSnapshot(84)) - omNode-2@group-523986131536: receive installSnapshot: omNode-1->omNode-2#0-t6,notify:(t:6, i:59)
2022-09-29 01:23:45,704 [grpc-default-executor-2] INFO  impl.SnapshotInstallationHandler (SnapshotInstallationHandler.java:installSnapshot(95)) - omNode-2@group-523986131536: reply installSnapshot: omNode-1<-omNode-2#0:FAIL-t6,IN_PROGRESS
2022-09-29 01:23:45,704 [grpc-default-executor-2] INFO  server.GrpcServerProtocolService (GrpcServerProtocolService.java:onCompleted(140)) - omNode-2: Completed INSTALL_SNAPSHOT, lastRequest: omNode-1->omNode-2#0-t6,notify:(t:6, i:59)
2022-09-29 01:23:45,704 [grpc-default-executor-1] INFO  server.GrpcLogAppender (GrpcLogAppender.java:onNext(403)) - omNode-1@group-523986131536->omNode-2-InstallSnapshotResponseHandler: received a reply omNode-1<-omNode-2#0:FAIL-t6,IN_PROGRESS
2022-09-29 01:23:45,704 [grpc-default-executor-1] INFO  server.GrpcLogAppender (GrpcLogAppender.java:onNext(421)) - omNode-1@group-523986131536->omNode-2-InstallSnapshotResponseHandler: InstallSnapshot in progress.
2022-09-29 01:23:45,705 [grpc-default-executor-0] INFO  leader.FollowerInfo (FollowerInfoImpl.java:lambda$new$0(48)) - omNode-1@group-523986131536->omNode-2: nextIndex: updateUnconditionally 57 -> 57
2022-09-29 01:23:45,705 [omNode-1@group-523986131536->omNode-2-GrpcLogAppender-LogAppenderDaemon] INFO  server.GrpcLogAppender (GrpcLogAppender.java:installSnapshot(541)) - omNode-1@group-523986131536->omNode-2-GrpcLogAppender: followerNextIndex = 57 but logStartIndex = 59, notify follower to install snapshot-(t:6, i:59)
2022-09-29 01:23:45,705 [omNode-1@group-523986131536->omNode-2-GrpcLogAppender-LogAppenderDaemon] INFO  server.GrpcLogAppender (GrpcLogAppender.java:installSnapshot(549)) - omNode-1@group-523986131536->omNode-2-GrpcLogAppender: send omNode-1->omNode-2#0-t6,notify:(t:6, i:59)
2022-09-29 01:23:45,706 [omNode-2-server-thread1] INFO  server.RaftServer$Division (RaftServerImpl.java:checkInconsistentAppendEntries(1402)) - omNode-2@group-523986131536: Failed appendEntries as snapshot (59) installation is in progress
2022-09-29 01:23:45,706 [omNode-2-server-thread1] INFO  server.RaftServer$Division (RaftServerImpl.java:checkInconsistentAppendEntries(1394)) - omNode-2@group-523986131536: inconsistency entries. Reply:omNode-1<-omNode-2#539:FAIL-t6,INCONSISTENCY,nextIndex=57,followerCommit=56
2022-09-29 01:23:45,707 [grpc-default-executor-2] INFO  impl.SnapshotInstallationHandler (SnapshotInstallationHandler.java:installSnapshot(84)) - omNode-2@group-523986131536: receive installSnapshot: omNode-1->omNode-2#0-t6,notify:(t:6, i:59)
2022-09-29 01:23:45,707 [grpc-default-executor-2] INFO  impl.SnapshotInstallationHandler (SnapshotInstallationHandler.java:installSnapshot(95)) - omNode-2@group-523986131536: reply installSnapshot: omNode-1<-omNode-2#0:FAIL-t6,IN_PROGRESS
2022-09-29 01:23:45,707 [grpc-default-executor-2] INFO  server.GrpcServerProtocolService (GrpcServerProtocolService.java:onCompleted(140)) - omNode-2: Completed INSTALL_SNAPSHOT, lastRequest: omNode-1->omNode-2#0-t6,notify:(t:6, i:59)
2022-09-29 01:23:45,708 [grpc-default-executor-1] INFO  server.GrpcLogAppender (GrpcLogAppender.java:onNext(403)) - omNode-1@group-523986131536->omNode-2-InstallSnapshotResponseHandler: received a reply omNode-1<-omNode-2#0:FAIL-t6,IN_PROGRESS
2022-09-29 01:23:45,708 [grpc-default-executor-1] INFO  server.GrpcLogAppender (GrpcLogAppender.java:onNext(421)) - omNode-1@group-523986131536->omNode-2-InstallSnapshotResponseHandler: InstallSnapshot in progress.
2022-09-29 01:23:45,708 [grpc-default-executor-0] INFO  leader.FollowerInfo (FollowerInfoImpl.java:lambda$new$0(48)) - omNode-1@group-523986131536->omNode-2: nextIndex: updateUnconditionally 57 -> 57
2022-09-29 01:23:45,708 [omNode-1@group-523986131536->omNode-2-GrpcLogAppender-LogAppenderDaemon] INFO  server.GrpcLogAppender (GrpcLogAppender.java:installSnapshot(541)) - omNode-1@group-523986131536->omNode-2-GrpcLogAppender: followerNextIndex = 57 but logStartIndex = 59, notify follower to install snapshot-(t:6, i:59)
2022-09-29 01:23:45,708 [omNode-1@group-523986131536->omNode-2-GrpcLogAppender-LogAppenderDaemon] INFO  server.GrpcLogAppender (GrpcLogAppender.java:installSnapshot(549)) - omNode-1@group-523986131536->omNode-2-GrpcLogAppender: send omNode-1->omNode-2#0-t6,notify:(t:6, i:59)
2022-09-29 01:23:45,709 [omNode-2-server-thread1] INFO  server.RaftServer$Division (RaftServerImpl.java:checkInconsistentAppendEntries(1402)) - omNode-2@group-523986131536: Failed appendEntries as snapshot (59) installation is in progress
2022-09-29 01:23:45,709 [omNode-2-server-thread1] INFO  server.RaftServer$Division (RaftServerImpl.java:checkInconsistentAppendEntries(1394)) - omNode-2@group-523986131536: inconsistency entries. Reply:omNode-1<-omNode-2#540:FAIL-t6,INCONSISTENCY,nextIndex=57,followerCommit=56
2022-09-29 01:23:45,710 [grpc-default-executor-2] INFO  impl.SnapshotInstallationHandler (SnapshotInstallationHandler.java:installSnapshot(84)) - omNode-2@group-523986131536: receive installSnapshot: omNode-1->omNode-2#0-t6,notify:(t:6, i:59)
2022-09-29 01:23:45,710 [grpc-default-executor-2] INFO  impl.SnapshotInstallationHandler (SnapshotInstallationHandler.java:installSnapshot(95)) - omNode-2@group-523986131536: reply installSnapshot: omNode-1<-omNode-2#0:FAIL-t6,IN_PROGRESS
2022-09-29 01:23:45,710 [grpc-default-executor-2] INFO  server.GrpcServerProtocolService (GrpcServerProtocolService.java:onCompleted(140)) - omNode-2: Completed INSTALL_SNAPSHOT, lastRequest: omNode-1->omNode-2#0-t6,notify:(t:6, i:59)
2022-09-29 01:23:45,710 [grpc-default-executor-0] INFO  leader.FollowerInfo (FollowerInfoImpl.java:lambda$new$0(48)) - omNode-1@group-523986131536->omNode-2: nextIndex: updateUnconditionally 57 -> 57
2022-09-29 01:23:45,710 [grpc-default-executor-3] INFO  server.GrpcLogAppender (GrpcLogAppender.java:onNext(403)) - omNode-1@group-523986131536->omNode-2-InstallSnapshotResponseHandler: received a reply omNode-1<-omNode-2#0:FAIL-t6,IN_PROGRESS
2022-09-29 01:23:45,710 [grpc-default-executor-3] INFO  server.GrpcLogAppender (GrpcLogAppender.java:onNext(421)) - omNode-1@group-523986131536->omNode-2-InstallSnapshotResponseHandler: InstallSnapshot in progress.
2022-09-29 01:23:45,711 [omNode-1@group-523986131536->omNode-2-GrpcLogAppender-LogAppenderDaemon] INFO  server.GrpcLogAppender (GrpcLogAppender.java:installSnapshot(541)) - omNode-1@group-523986131536->omNode-2-GrpcLogAppender: followerNextIndex = 57 but logStartIndex = 59, notify follower to install snapshot-(t:6, i:59)
2022-09-29 01:23:45,711 [omNode-1@group-523986131536->omNode-2-GrpcLogAppender-LogAppenderDaemon] INFO  server.GrpcLogAppender (GrpcLogAppender.java:installSnapshot(549)) - omNode-1@group-523986131536->omNode-2-GrpcLogAppender: send omNode-1->omNode-2#0-t6,notify:(t:6, i:59)
2022-09-29 01:23:45,712 [pool-366-thread-1] INFO  om.OzoneManager (OzoneManager.java:installCheckpoint(3777)) - Reloaded OM state with Term: 6 and Index: 129. Spend 136 ms
2022-09-29 01:23:45,712 [pool-366-thread-1] INFO  om.OzoneManager (OzoneManager.java:getRpcServer(1099)) - Creating RPC Server
2022-09-29 01:23:45,713 [omNode-2-server-thread1] INFO  server.RaftServer$Division (RaftServerImpl.java:checkInconsistentAppendEntries(1402)) - omNode-2@group-523986131536: Failed appendEntries as snapshot (59) installation is in progress
2022-09-29 01:23:45,713 [omNode-2-server-thread1] INFO  server.RaftServer$Division (RaftServerImpl.java:checkInconsistentAppendEntries(1394)) - omNode-2@group-523986131536: inconsistency entries. Reply:omNode-1<-omNode-2#541:FAIL-t6,INCONSISTENCY,nextIndex=57,followerCommit=56
2022-09-29 01:23:45,714 [grpc-default-executor-2] INFO  leader.FollowerInfo (FollowerInfoImpl.java:lambda$new$0(48)) - omNode-1@group-523986131536->omNode-2: nextIndex: updateUnconditionally 57 -> 57
2022-09-29 01:23:45,714 [grpc-default-executor-2] INFO  impl.SnapshotInstallationHandler (SnapshotInstallationHandler.java:installSnapshot(84)) - omNode-2@group-523986131536: receive installSnapshot: omNode-1->omNode-2#0-t6,notify:(t:6, i:59)
2022-09-29 01:23:45,714 [grpc-default-executor-2] INFO  impl.SnapshotInstallationHandler (SnapshotInstallationHandler.java:installSnapshot(95)) - omNode-2@group-523986131536: reply installSnapshot: omNode-1<-omNode-2#0:FAIL-t6,IN_PROGRESS
2022-09-29 01:23:45,714 [grpc-default-executor-2] INFO  server.GrpcServerProtocolService (GrpcServerProtocolService.java:onCompleted(140)) - omNode-2: Completed INSTALL_SNAPSHOT, lastRequest: omNode-1->omNode-2#0-t6,notify:(t:6, i:59)
2022-09-29 01:23:45,715 [grpc-default-executor-3] INFO  server.GrpcLogAppender (GrpcLogAppender.java:onNext(403)) - omNode-1@group-523986131536->omNode-2-InstallSnapshotResponseHandler: received a reply omNode-1<-omNode-2#0:FAIL-t6,IN_PROGRESS
2022-09-29 01:23:45,715 [grpc-default-executor-3] INFO  server.GrpcLogAppender (GrpcLogAppender.java:onNext(421)) - omNode-1@group-523986131536->omNode-2-InstallSnapshotResponseHandler: InstallSnapshot in progress.
2022-09-29 01:23:45,715 [omNode-1@group-523986131536->omNode-2-GrpcLogAppender-LogAppenderDaemon] INFO  server.GrpcLogAppender (GrpcLogAppender.java:installSnapshot(541)) - omNode-1@group-523986131536->omNode-2-GrpcLogAppender: followerNextIndex = 57 but logStartIndex = 59, notify follower to install snapshot-(t:6, i:59)
2022-09-29 01:23:45,715 [omNode-1@group-523986131536->omNode-2-GrpcLogAppender-LogAppenderDaemon] INFO  server.GrpcLogAppender (GrpcLogAppender.java:installSnapshot(549)) - omNode-1@group-523986131536->omNode-2-GrpcLogAppender: send omNode-1->omNode-2#0-t6,notify:(t:6, i:59)
2022-09-29 01:23:45,716 [omNode-2-server-thread1] INFO  server.RaftServer$Division (RaftServerImpl.java:checkInconsistentAppendEntries(1402)) - omNode-2@group-523986131536: Failed appendEntries as snapshot (59) installation is in progress
2022-09-29 01:23:45,716 [omNode-2-server-thread1] INFO  server.RaftServer$Division (RaftServerImpl.java:checkInconsistentAppendEntries(1394)) - omNode-2@group-523986131536: inconsistency entries. Reply:omNode-1<-omNode-2#542:FAIL-t6,INCONSISTENCY,nextIndex=57,followerCommit=56
2022-09-29 01:23:45,716 [grpc-default-executor-3] INFO  impl.SnapshotInstallationHandler (SnapshotInstallationHandler.java:installSnapshot(84)) - omNode-2@group-523986131536: receive installSnapshot: omNode-1->omNode-2#0-t6,notify:(t:6, i:59)
2022-09-29 01:23:45,716 [grpc-default-executor-3] INFO  impl.SnapshotInstallationHandler (SnapshotInstallationHandler.java:installSnapshot(95)) - omNode-2@group-523986131536: reply installSnapshot: omNode-1<-omNode-2#0:FAIL-t6,IN_PROGRESS
2022-09-29 01:23:45,716 [grpc-default-executor-3] INFO  server.GrpcServerProtocolService (GrpcServerProtocolService.java:onCompleted(140)) - omNode-2: Completed INSTALL_SNAPSHOT, lastRequest: omNode-1->omNode-2#0-t6,notify:(t:6, i:59)
2022-09-29 01:23:45,717 [grpc-default-executor-3] INFO  leader.FollowerInfo (FollowerInfoImpl.java:lambda$new$0(48)) - omNode-1@group-523986131536->omNode-2: nextIndex: updateUnconditionally 57 -> 57
2022-09-29 01:23:45,717 [grpc-default-executor-2] INFO  server.GrpcLogAppender (GrpcLogAppender.java:onNext(403)) - omNode-1@group-523986131536->omNode-2-InstallSnapshotResponseHandler: received a reply omNode-1<-omNode-2#0:FAIL-t6,IN_PROGRESS
2022-09-29 01:23:45,717 [grpc-default-executor-2] INFO  server.GrpcLogAppender (GrpcLogAppender.java:onNext(421)) - omNode-1@group-523986131536->omNode-2-InstallSnapshotResponseHandler: InstallSnapshot in progress.
2022-09-29 01:23:45,717 [omNode-1@group-523986131536->omNode-2-GrpcLogAppender-LogAppenderDaemon] INFO  server.GrpcLogAppender (GrpcLogAppender.java:installSnapshot(541)) - omNode-1@group-523986131536->omNode-2-GrpcLogAppender: followerNextIndex = 57 but logStartIndex = 59, notify follower to install snapshot-(t:6, i:59)
2022-09-29 01:23:45,717 [omNode-1@group-523986131536->omNode-2-GrpcLogAppender-LogAppenderDaemon] INFO  server.GrpcLogAppender (GrpcLogAppender.java:installSnapshot(549)) - omNode-1@group-523986131536->omNode-2-GrpcLogAppender: send omNode-1->omNode-2#0-t6,notify:(t:6, i:59)
2022-09-29 01:23:45,718 [omNode-2-server-thread1] INFO  server.RaftServer$Division (RaftServerImpl.java:checkInconsistentAppendEntries(1402)) - omNode-2@group-523986131536: Failed appendEntries as snapshot (59) installation is in progress
2022-09-29 01:23:45,718 [omNode-2-server-thread1] INFO  server.RaftServer$Division (RaftServerImpl.java:checkInconsistentAppendEntries(1394)) - omNode-2@group-523986131536: inconsistency entries. Reply:omNode-1<-omNode-2#543:FAIL-t6,INCONSISTENCY,nextIndex=57,followerCommit=56
2022-09-29 01:23:45,718 [grpc-default-executor-2] INFO  impl.SnapshotInstallationHandler (SnapshotInstallationHandler.java:installSnapshot(84)) - omNode-2@group-523986131536: receive installSnapshot: omNode-1->omNode-2#0-t6,notify:(t:6, i:59)
2022-09-29 01:23:45,719 [grpc-default-executor-2] INFO  impl.SnapshotInstallationHandler (SnapshotInstallationHandler.java:installSnapshot(95)) - omNode-2@group-523986131536: reply installSnapshot: omNode-1<-omNode-2#0:FAIL-t6,IN_PROGRESS
2022-09-29 01:23:45,719 [grpc-default-executor-2] INFO  server.GrpcServerProtocolService (GrpcServerProtocolService.java:onCompleted(140)) - omNode-2: Completed INSTALL_SNAPSHOT, lastRequest: omNode-1->omNode-2#0-t6,notify:(t:6, i:59)
2022-09-29 01:23:45,719 [grpc-default-executor-3] INFO  leader.FollowerInfo (FollowerInfoImpl.java:lambda$new$0(48)) - omNode-1@group-523986131536->omNode-2: nextIndex: updateUnconditionally 57 -> 57
2022-09-29 01:23:45,719 [grpc-default-executor-3] INFO  server.GrpcLogAppender (GrpcLogAppender.java:onNext(403)) - omNode-1@group-523986131536->omNode-2-InstallSnapshotResponseHandler: received a reply omNode-1<-omNode-2#0:FAIL-t6,IN_PROGRESS
2022-09-29 01:23:45,719 [grpc-default-executor-3] INFO  server.GrpcLogAppender (GrpcLogAppender.java:onNext(421)) - omNode-1@group-523986131536->omNode-2-InstallSnapshotResponseHandler: InstallSnapshot in progress.
2022-09-29 01:23:45,720 [omNode-1@group-523986131536->omNode-2-GrpcLogAppender-LogAppenderDaemon] INFO  server.GrpcLogAppender (GrpcLogAppender.java:installSnapshot(541)) - omNode-1@group-523986131536->omNode-2-GrpcLogAppender: followerNextIndex = 57 but logStartIndex = 59, notify follower to install snapshot-(t:6, i:59)
2022-09-29 01:23:45,720 [omNode-1@group-523986131536->omNode-2-GrpcLogAppender-LogAppenderDaemon] INFO  server.GrpcLogAppender (GrpcLogAppender.java:installSnapshot(549)) - omNode-1@group-523986131536->omNode-2-GrpcLogAppender: send omNode-1->omNode-2#0-t6,notify:(t:6, i:59)
2022-09-29 01:23:45,720 [omNode-2-server-thread1] INFO  server.RaftServer$Division (RaftServerImpl.java:checkInconsistentAppendEntries(1402)) - omNode-2@group-523986131536: Failed appendEntries as snapshot (59) installation is in progress
2022-09-29 01:23:45,720 [omNode-2-server-thread1] INFO  server.RaftServer$Division (RaftServerImpl.java:checkInconsistentAppendEntries(1394)) - omNode-2@group-523986131536: inconsistency entries. Reply:omNode-1<-omNode-2#544:FAIL-t6,INCONSISTENCY,nextIndex=57,followerCommit=56
2022-09-29 01:23:45,724 [grpc-default-executor-2] INFO  impl.SnapshotInstallationHandler (SnapshotInstallationHandler.java:installSnapshot(84)) - omNode-2@group-523986131536: receive installSnapshot: omNode-1->omNode-2#0-t6,notify:(t:6, i:59)
2022-09-29 01:23:45,724 [grpc-default-executor-2] INFO  impl.SnapshotInstallationHandler (SnapshotInstallationHandler.java:installSnapshot(95)) - omNode-2@group-523986131536: reply installSnapshot: omNode-1<-omNode-2#0:FAIL-t6,IN_PROGRESS
2022-09-29 01:23:45,724 [grpc-default-executor-2] INFO  server.GrpcServerProtocolService (GrpcServerProtocolService.java:onCompleted(140)) - omNode-2: Completed INSTALL_SNAPSHOT, lastRequest: omNode-1->omNode-2#0-t6,notify:(t:6, i:59)
2022-09-29 01:23:45,725 [grpc-default-executor-3] INFO  leader.FollowerInfo (FollowerInfoImpl.java:lambda$new$0(48)) - omNode-1@group-523986131536->omNode-2: nextIndex: updateUnconditionally 57 -> 57
2022-09-29 01:23:45,725 [grpc-default-executor-3] INFO  server.GrpcLogAppender (GrpcLogAppender.java:onNext(403)) - omNode-1@group-523986131536->omNode-2-InstallSnapshotResponseHandler: received a reply omNode-1<-omNode-2#0:FAIL-t6,IN_PROGRESS
2022-09-29 01:23:45,725 [grpc-default-executor-3] INFO  server.GrpcLogAppender (GrpcLogAppender.java:onNext(421)) - omNode-1@group-523986131536->omNode-2-InstallSnapshotResponseHandler: InstallSnapshot in progress.
2022-09-29 01:23:45,725 [omNode-1@group-523986131536->omNode-2-GrpcLogAppender-LogAppenderDaemon] INFO  server.GrpcLogAppender (GrpcLogAppender.java:installSnapshot(541)) - omNode-1@group-523986131536->omNode-2-GrpcLogAppender: followerNextIndex = 57 but logStartIndex = 59, notify follower to install snapshot-(t:6, i:59)
2022-09-29 01:23:45,725 [omNode-1@group-523986131536->omNode-2-GrpcLogAppender-LogAppenderDaemon] INFO  server.GrpcLogAppender (GrpcLogAppender.java:installSnapshot(549)) - omNode-1@group-523986131536->omNode-2-GrpcLogAppender: send omNode-1->omNode-2#0-t6,notify:(t:6, i:59)
2022-09-29 01:23:45,726 [omNode-2-server-thread1] INFO  server.RaftServer$Division (RaftServerImpl.java:checkInconsistentAppendEntries(1402)) - omNode-2@group-523986131536: Failed appendEntries as snapshot (59) installation is in progress
2022-09-29 01:23:45,726 [omNode-2-server-thread1] INFO  server.RaftServer$Division (RaftServerImpl.java:checkInconsistentAppendEntries(1394)) - omNode-2@group-523986131536: inconsistency entries. Reply:omNode-1<-omNode-2#545:FAIL-t6,INCONSISTENCY,nextIndex=57,followerCommit=56
2022-09-29 01:23:45,726 [grpc-default-executor-3] INFO  impl.SnapshotInstallationHandler (SnapshotInstallationHandler.java:installSnapshot(84)) - omNode-2@group-523986131536: receive installSnapshot: omNode-1->omNode-2#0-t6,notify:(t:6, i:59)
2022-09-29 01:23:45,726 [grpc-default-executor-3] INFO  impl.SnapshotInstallationHandler (SnapshotInstallationHandler.java:installSnapshot(95)) - omNode-2@group-523986131536: reply installSnapshot: omNode-1<-omNode-2#0:FAIL-t6,IN_PROGRESS
2022-09-29 01:23:45,726 [grpc-default-executor-3] INFO  server.GrpcServerProtocolService (GrpcServerProtocolService.java:onCompleted(140)) - omNode-2: Completed INSTALL_SNAPSHOT, lastRequest: omNode-1->omNode-2#0-t6,notify:(t:6, i:59)
2022-09-29 01:23:45,727 [grpc-default-executor-3] INFO  leader.FollowerInfo (FollowerInfoImpl.java:lambda$new$0(48)) - omNode-1@group-523986131536->omNode-2: nextIndex: updateUnconditionally 57 -> 57
2022-09-29 01:23:45,727 [grpc-default-executor-2] INFO  server.GrpcLogAppender (GrpcLogAppender.java:onNext(403)) - omNode-1@group-523986131536->omNode-2-InstallSnapshotResponseHandler: received a reply omNode-1<-omNode-2#0:FAIL-t6,IN_PROGRESS
2022-09-29 01:23:45,727 [grpc-default-executor-2] INFO  server.GrpcLogAppender (GrpcLogAppender.java:onNext(421)) - omNode-1@group-523986131536->omNode-2-InstallSnapshotResponseHandler: InstallSnapshot in progress.
2022-09-29 01:23:45,727 [omNode-1@group-523986131536->omNode-2-GrpcLogAppender-LogAppenderDaemon] INFO  server.GrpcLogAppender (GrpcLogAppender.java:installSnapshot(541)) - omNode-1@group-523986131536->omNode-2-GrpcLogAppender: followerNextIndex = 57 but logStartIndex = 59, notify follower to install snapshot-(t:6, i:59)
2022-09-29 01:23:45,727 [omNode-1@group-523986131536->omNode-2-GrpcLogAppender-LogAppenderDaemon] INFO  server.GrpcLogAppender (GrpcLogAppender.java:installSnapshot(549)) - omNode-1@group-523986131536->omNode-2-GrpcLogAppender: send omNode-1->omNode-2#0-t6,notify:(t:6, i:59)
2022-09-29 01:23:45,728 [omNode-2-server-thread1] INFO  server.RaftServer$Division (RaftServerImpl.java:checkInconsistentAppendEntries(1402)) - omNode-2@group-523986131536: Failed appendEntries as snapshot (59) installation is in progress
2022-09-29 01:23:45,728 [omNode-2-server-thread1] INFO  server.RaftServer$Division (RaftServerImpl.java:checkInconsistentAppendEntries(1394)) - omNode-2@group-523986131536: inconsistency entries. Reply:omNode-1<-omNode-2#546:FAIL-t6,INCONSISTENCY,nextIndex=57,followerCommit=56
2022-09-29 01:23:45,728 [grpc-default-executor-2] INFO  impl.SnapshotInstallationHandler (SnapshotInstallationHandler.java:installSnapshot(84)) - omNode-2@group-523986131536: receive installSnapshot: omNode-1->omNode-2#0-t6,notify:(t:6, i:59)
2022-09-29 01:23:45,729 [grpc-default-executor-2] INFO  impl.SnapshotInstallationHandler (SnapshotInstallationHandler.java:installSnapshot(95)) - omNode-2@group-523986131536: reply installSnapshot: omNode-1<-omNode-2#0:FAIL-t6,IN_PROGRESS
2022-09-29 01:23:45,729 [grpc-default-executor-2] INFO  server.GrpcServerProtocolService (GrpcServerProtocolService.java:onCompleted(140)) - omNode-2: Completed INSTALL_SNAPSHOT, lastRequest: omNode-1->omNode-2#0-t6,notify:(t:6, i:59)
2022-09-29 01:23:45,729 [grpc-default-executor-3] INFO  server.GrpcLogAppender (GrpcLogAppender.java:onNext(403)) - omNode-1@group-523986131536->omNode-2-InstallSnapshotResponseHandler: received a reply omNode-1<-omNode-2#0:FAIL-t6,IN_PROGRESS
2022-09-29 01:23:45,729 [grpc-default-executor-3] INFO  server.GrpcLogAppender (GrpcLogAppender.java:onNext(421)) - omNode-1@group-523986131536->omNode-2-InstallSnapshotResponseHandler: InstallSnapshot in progress.
2022-09-29 01:23:45,730 [omNode-1@group-523986131536->omNode-2-GrpcLogAppender-LogAppenderDaemon] INFO  server.GrpcLogAppender (GrpcLogAppender.java:installSnapshot(541)) - omNode-1@group-523986131536->omNode-2-GrpcLogAppender: followerNextIndex = 57 but logStartIndex = 59, notify follower to install snapshot-(t:6, i:59)
2022-09-29 01:23:45,730 [omNode-1@group-523986131536->omNode-2-GrpcLogAppender-LogAppenderDaemon] INFO  server.GrpcLogAppender (GrpcLogAppender.java:installSnapshot(549)) - omNode-1@group-523986131536->omNode-2-GrpcLogAppender: send omNode-1->omNode-2#0-t6,notify:(t:6, i:59)
2022-09-29 01:23:45,730 [grpc-default-executor-2] INFO  leader.FollowerInfo (FollowerInfoImpl.java:lambda$new$0(48)) - omNode-1@group-523986131536->omNode-2: nextIndex: updateUnconditionally 57 -> 57
2022-09-29 01:23:45,730 [omNode-2-server-thread1] INFO  server.RaftServer$Division (RaftServerImpl.java:checkInconsistentAppendEntries(1402)) - omNode-2@group-523986131536: Failed appendEntries as snapshot (59) installation is in progress
2022-09-29 01:23:45,730 [omNode-2-server-thread1] INFO  server.RaftServer$Division (RaftServerImpl.java:checkInconsistentAppendEntries(1394)) - omNode-2@group-523986131536: inconsistency entries. Reply:omNode-1<-omNode-2#547:FAIL-t6,INCONSISTENCY,nextIndex=57,followerCommit=56
2022-09-29 01:23:45,731 [grpc-default-executor-2] INFO  impl.SnapshotInstallationHandler (SnapshotInstallationHandler.java:installSnapshot(84)) - omNode-2@group-523986131536: receive installSnapshot: omNode-1->omNode-2#0-t6,notify:(t:6, i:59)
2022-09-29 01:23:45,731 [grpc-default-executor-2] INFO  impl.SnapshotInstallationHandler (SnapshotInstallationHandler.java:installSnapshot(95)) - omNode-2@group-523986131536: reply installSnapshot: omNode-1<-omNode-2#0:FAIL-t6,IN_PROGRESS
2022-09-29 01:23:45,732 [grpc-default-executor-2] INFO  server.GrpcServerProtocolService (GrpcServerProtocolService.java:onCompleted(140)) - omNode-2: Completed INSTALL_SNAPSHOT, lastRequest: omNode-1->omNode-2#0-t6,notify:(t:6, i:59)
2022-09-29 01:23:45,732 [grpc-default-executor-3] INFO  leader.FollowerInfo (FollowerInfoImpl.java:lambda$new$0(48)) - omNode-1@group-523986131536->omNode-2: nextIndex: updateUnconditionally 57 -> 57
2022-09-29 01:23:45,732 [grpc-default-executor-3] INFO  server.GrpcLogAppender (GrpcLogAppender.java:onNext(403)) - omNode-1@group-523986131536->omNode-2-InstallSnapshotResponseHandler: received a reply omNode-1<-omNode-2#0:FAIL-t6,IN_PROGRESS
2022-09-29 01:23:45,732 [grpc-default-executor-3] INFO  server.GrpcLogAppender (GrpcLogAppender.java:onNext(421)) - omNode-1@group-523986131536->omNode-2-InstallSnapshotResponseHandler: InstallSnapshot in progress.
2022-09-29 01:23:45,739 [omNode-1@group-523986131536->omNode-2-GrpcLogAppender-LogAppenderDaemon] INFO  server.GrpcLogAppender (GrpcLogAppender.java:installSnapshot(541)) - omNode-1@group-523986131536->omNode-2-GrpcLogAppender: followerNextIndex = 57 but logStartIndex = 59, notify follower to install snapshot-(t:6, i:59)
2022-09-29 01:23:45,739 [omNode-1@group-523986131536->omNode-2-GrpcLogAppender-LogAppenderDaemon] INFO  server.GrpcLogAppender (GrpcLogAppender.java:installSnapshot(549)) - omNode-1@group-523986131536->omNode-2-GrpcLogAppender: send omNode-1->omNode-2#0-t6,notify:(t:6, i:59)
2022-09-29 01:23:45,742 [omNode-2-server-thread1] INFO  server.RaftServer$Division (RaftServerImpl.java:checkInconsistentAppendEntries(1402)) - omNode-2@group-523986131536: Failed appendEntries as snapshot (59) installation is in progress
2022-09-29 01:23:45,742 [omNode-2-server-thread1] INFO  server.RaftServer$Division (RaftServerImpl.java:checkInconsistentAppendEntries(1394)) - omNode-2@group-523986131536: inconsistency entries. Reply:omNode-1<-omNode-2#548:FAIL-t6,INCONSISTENCY,nextIndex=57,followerCommit=56
2022-09-29 01:23:45,742 [grpc-default-executor-3] INFO  impl.SnapshotInstallationHandler (SnapshotInstallationHandler.java:installSnapshot(84)) - omNode-2@group-523986131536: receive installSnapshot: omNode-1->omNode-2#0-t6,notify:(t:6, i:59)
2022-09-29 01:23:45,742 [grpc-default-executor-3] INFO  impl.SnapshotInstallationHandler (SnapshotInstallationHandler.java:installSnapshot(95)) - omNode-2@group-523986131536: reply installSnapshot: omNode-1<-omNode-2#0:FAIL-t6,IN_PROGRESS
2022-09-29 01:23:45,743 [grpc-default-executor-3] INFO  server.GrpcServerProtocolService (GrpcServerProtocolService.java:onCompleted(140)) - omNode-2: Completed INSTALL_SNAPSHOT, lastRequest: omNode-1->omNode-2#0-t6,notify:(t:6, i:59)
2022-09-29 01:23:45,743 [grpc-default-executor-2] INFO  leader.FollowerInfo (FollowerInfoImpl.java:lambda$new$0(48)) - omNode-1@group-523986131536->omNode-2: nextIndex: updateUnconditionally 57 -> 57
2022-09-29 01:23:45,743 [grpc-default-executor-0] INFO  server.GrpcLogAppender (GrpcLogAppender.java:onNext(403)) - omNode-1@group-523986131536->omNode-2-InstallSnapshotResponseHandler: received a reply omNode-1<-omNode-2#0:FAIL-t6,IN_PROGRESS
2022-09-29 01:23:45,743 [grpc-default-executor-0] INFO  server.GrpcLogAppender (GrpcLogAppender.java:onNext(421)) - omNode-1@group-523986131536->omNode-2-InstallSnapshotResponseHandler: InstallSnapshot in progress.
2022-09-29 01:23:45,743 [omNode-1@group-523986131536->omNode-2-GrpcLogAppender-LogAppenderDaemon] INFO  server.GrpcLogAppender (GrpcLogAppender.java:installSnapshot(541)) - omNode-1@group-523986131536->omNode-2-GrpcLogAppender: followerNextIndex = 57 but logStartIndex = 59, notify follower to install snapshot-(t:6, i:59)
2022-09-29 01:23:45,744 [omNode-1@group-523986131536->omNode-2-GrpcLogAppender-LogAppenderDaemon] INFO  server.GrpcLogAppender (GrpcLogAppender.java:installSnapshot(549)) - omNode-1@group-523986131536->omNode-2-GrpcLogAppender: send omNode-1->omNode-2#0-t6,notify:(t:6, i:59)
2022-09-29 01:23:45,744 [omNode-2-server-thread1] INFO  server.RaftServer$Division (RaftServerImpl.java:checkInconsistentAppendEntries(1402)) - omNode-2@group-523986131536: Failed appendEntries as snapshot (59) installation is in progress
2022-09-29 01:23:45,744 [omNode-2-server-thread1] INFO  server.RaftServer$Division (RaftServerImpl.java:checkInconsistentAppendEntries(1394)) - omNode-2@group-523986131536: inconsistency entries. Reply:omNode-1<-omNode-2#549:FAIL-t6,INCONSISTENCY,nextIndex=57,followerCommit=56
2022-09-29 01:23:45,746 [grpc-default-executor-3] INFO  impl.SnapshotInstallationHandler (SnapshotInstallationHandler.java:installSnapshot(84)) - omNode-2@group-523986131536: receive installSnapshot: omNode-1->omNode-2#0-t6,notify:(t:6, i:59)
2022-09-29 01:23:45,746 [grpc-default-executor-3] INFO  impl.SnapshotInstallationHandler (SnapshotInstallationHandler.java:installSnapshot(95)) - omNode-2@group-523986131536: reply installSnapshot: omNode-1<-omNode-2#0:FAIL-t6,IN_PROGRESS
2022-09-29 01:23:45,747 [grpc-default-executor-3] INFO  server.GrpcServerProtocolService (GrpcServerProtocolService.java:onCompleted(140)) - omNode-2: Completed INSTALL_SNAPSHOT, lastRequest: omNode-1->omNode-2#0-t6,notify:(t:6, i:59)
2022-09-29 01:23:45,747 [grpc-default-executor-2] INFO  server.GrpcLogAppender (GrpcLogAppender.java:onNext(403)) - omNode-1@group-523986131536->omNode-2-InstallSnapshotResponseHandler: received a reply omNode-1<-omNode-2#0:FAIL-t6,IN_PROGRESS
2022-09-29 01:23:45,747 [grpc-default-executor-2] INFO  server.GrpcLogAppender (GrpcLogAppender.java:onNext(421)) - omNode-1@group-523986131536->omNode-2-InstallSnapshotResponseHandler: InstallSnapshot in progress.
2022-09-29 01:23:45,747 [omNode-1@group-523986131536->omNode-2-GrpcLogAppender-LogAppenderDaemon] INFO  server.GrpcLogAppender (GrpcLogAppender.java:installSnapshot(541)) - omNode-1@group-523986131536->omNode-2-GrpcLogAppender: followerNextIndex = 57 but logStartIndex = 59, notify follower to install snapshot-(t:6, i:59)
2022-09-29 01:23:45,747 [omNode-1@group-523986131536->omNode-2-GrpcLogAppender-LogAppenderDaemon] INFO  server.GrpcLogAppender (GrpcLogAppender.java:installSnapshot(549)) - omNode-1@group-523986131536->omNode-2-GrpcLogAppender: send omNode-1->omNode-2#0-t6,notify:(t:6, i:59)
2022-09-29 01:23:45,748 [grpc-default-executor-3] INFO  leader.FollowerInfo (FollowerInfoImpl.java:lambda$new$0(48)) - omNode-1@group-523986131536->omNode-2: nextIndex: updateUnconditionally 57 -> 57
2022-09-29 01:23:45,748 [omNode-2-server-thread1] INFO  server.RaftServer$Division (RaftServerImpl.java:checkInconsistentAppendEntries(1402)) - omNode-2@group-523986131536: Failed appendEntries as snapshot (59) installation is in progress
2022-09-29 01:23:45,748 [omNode-2-server-thread1] INFO  server.RaftServer$Division (RaftServerImpl.java:checkInconsistentAppendEntries(1394)) - omNode-2@group-523986131536: inconsistency entries. Reply:omNode-1<-omNode-2#550:FAIL-t6,INCONSISTENCY,nextIndex=57,followerCommit=56
2022-09-29 01:23:45,749 [grpc-default-executor-3] INFO  impl.SnapshotInstallationHandler (SnapshotInstallationHandler.java:installSnapshot(84)) - omNode-2@group-523986131536: receive installSnapshot: omNode-1->omNode-2#0-t6,notify:(t:6, i:59)
2022-09-29 01:23:45,749 [grpc-default-executor-3] INFO  impl.SnapshotInstallationHandler (SnapshotInstallationHandler.java:installSnapshot(95)) - omNode-2@group-523986131536: reply installSnapshot: omNode-1<-omNode-2#0:FAIL-t6,IN_PROGRESS
2022-09-29 01:23:45,749 [grpc-default-executor-3] INFO  server.GrpcServerProtocolService (GrpcServerProtocolService.java:onCompleted(140)) - omNode-2: Completed INSTALL_SNAPSHOT, lastRequest: omNode-1->omNode-2#0-t6,notify:(t:6, i:59)
2022-09-29 01:23:45,749 [grpc-default-executor-0] INFO  server.GrpcLogAppender (GrpcLogAppender.java:onNext(403)) - omNode-1@group-523986131536->omNode-2-InstallSnapshotResponseHandler: received a reply omNode-1<-omNode-2#0:FAIL-t6,IN_PROGRESS
2022-09-29 01:23:45,749 [grpc-default-executor-0] INFO  server.GrpcLogAppender (GrpcLogAppender.java:onNext(421)) - omNode-1@group-523986131536->omNode-2-InstallSnapshotResponseHandler: InstallSnapshot in progress.
2022-09-29 01:23:45,750 [grpc-default-executor-2] INFO  leader.FollowerInfo (FollowerInfoImpl.java:lambda$new$0(48)) - omNode-1@group-523986131536->omNode-2: nextIndex: updateUnconditionally 57 -> 57
2022-09-29 01:23:45,750 [omNode-1@group-523986131536->omNode-2-GrpcLogAppender-LogAppenderDaemon] INFO  server.GrpcLogAppender (GrpcLogAppender.java:installSnapshot(541)) - omNode-1@group-523986131536->omNode-2-GrpcLogAppender: followerNextIndex = 57 but logStartIndex = 59, notify follower to install snapshot-(t:6, i:59)
2022-09-29 01:23:45,750 [omNode-1@group-523986131536->omNode-2-GrpcLogAppender-LogAppenderDaemon] INFO  server.GrpcLogAppender (GrpcLogAppender.java:installSnapshot(549)) - omNode-1@group-523986131536->omNode-2-GrpcLogAppender: send omNode-1->omNode-2#0-t6,notify:(t:6, i:59)
2022-09-29 01:23:45,750 [omNode-2-server-thread1] INFO  server.RaftServer$Division (RaftServerImpl.java:checkInconsistentAppendEntries(1402)) - omNode-2@group-523986131536: Failed appendEntries as snapshot (59) installation is in progress
2022-09-29 01:23:45,751 [omNode-2-server-thread1] INFO  server.RaftServer$Division (RaftServerImpl.java:checkInconsistentAppendEntries(1394)) - omNode-2@group-523986131536: inconsistency entries. Reply:omNode-1<-omNode-2#551:FAIL-t6,INCONSISTENCY,nextIndex=57,followerCommit=56
2022-09-29 01:23:45,751 [grpc-default-executor-3] INFO  impl.SnapshotInstallationHandler (SnapshotInstallationHandler.java:installSnapshot(84)) - omNode-2@group-523986131536: receive installSnapshot: omNode-1->omNode-2#0-t6,notify:(t:6, i:59)
2022-09-29 01:23:45,751 [grpc-default-executor-3] INFO  impl.SnapshotInstallationHandler (SnapshotInstallationHandler.java:installSnapshot(95)) - omNode-2@group-523986131536: reply installSnapshot: omNode-1<-omNode-2#0:FAIL-t6,IN_PROGRESS
2022-09-29 01:23:45,751 [grpc-default-executor-3] INFO  server.GrpcServerProtocolService (GrpcServerProtocolService.java:onCompleted(140)) - omNode-2: Completed INSTALL_SNAPSHOT, lastRequest: omNode-1->omNode-2#0-t6,notify:(t:6, i:59)
2022-09-29 01:23:45,752 [grpc-default-executor-0] INFO  server.GrpcLogAppender (GrpcLogAppender.java:onNext(403)) - omNode-1@group-523986131536->omNode-2-InstallSnapshotResponseHandler: received a reply omNode-1<-omNode-2#0:FAIL-t6,IN_PROGRESS
2022-09-29 01:23:45,752 [grpc-default-executor-0] INFO  server.GrpcLogAppender (GrpcLogAppender.java:onNext(421)) - omNode-1@group-523986131536->omNode-2-InstallSnapshotResponseHandler: InstallSnapshot in progress.
2022-09-29 01:23:45,752 [grpc-default-executor-2] INFO  leader.FollowerInfo (FollowerInfoImpl.java:lambda$new$0(48)) - omNode-1@group-523986131536->omNode-2: nextIndex: updateUnconditionally 57 -> 57
2022-09-29 01:23:45,752 [omNode-1@group-523986131536->omNode-2-GrpcLogAppender-LogAppenderDaemon] INFO  server.GrpcLogAppender (GrpcLogAppender.java:installSnapshot(541)) - omNode-1@group-523986131536->omNode-2-GrpcLogAppender: followerNextIndex = 57 but logStartIndex = 59, notify follower to install snapshot-(t:6, i:59)
2022-09-29 01:23:45,752 [omNode-1@group-523986131536->omNode-2-GrpcLogAppender-LogAppenderDaemon] INFO  server.GrpcLogAppender (GrpcLogAppender.java:installSnapshot(549)) - omNode-1@group-523986131536->omNode-2-GrpcLogAppender: send omNode-1->omNode-2#0-t6,notify:(t:6, i:59)
2022-09-29 01:23:45,753 [omNode-2-server-thread1] INFO  server.RaftServer$Division (RaftServerImpl.java:checkInconsistentAppendEntries(1402)) - omNode-2@group-523986131536: Failed appendEntries as snapshot (59) installation is in progress
2022-09-29 01:23:45,753 [omNode-2-server-thread1] INFO  server.RaftServer$Division (RaftServerImpl.java:checkInconsistentAppendEntries(1394)) - omNode-2@group-523986131536: inconsistency entries. Reply:omNode-1<-omNode-2#552:FAIL-t6,INCONSISTENCY,nextIndex=57,followerCommit=56
2022-09-29 01:23:45,753 [grpc-default-executor-3] INFO  impl.SnapshotInstallationHandler (SnapshotInstallationHandler.java:installSnapshot(84)) - omNode-2@group-523986131536: receive installSnapshot: omNode-1->omNode-2#0-t6,notify:(t:6, i:59)
2022-09-29 01:23:45,753 [grpc-default-executor-3] INFO  impl.SnapshotInstallationHandler (SnapshotInstallationHandler.java:installSnapshot(95)) - omNode-2@group-523986131536: reply installSnapshot: omNode-1<-omNode-2#0:FAIL-t6,IN_PROGRESS
2022-09-29 01:23:45,753 [grpc-default-executor-3] INFO  server.GrpcServerProtocolService (GrpcServerProtocolService.java:onCompleted(140)) - omNode-2: Completed INSTALL_SNAPSHOT, lastRequest: omNode-1->omNode-2#0-t6,notify:(t:6, i:59)
2022-09-29 01:23:45,754 [grpc-default-executor-2] INFO  server.GrpcLogAppender (GrpcLogAppender.java:onNext(403)) - omNode-1@group-523986131536->omNode-2-InstallSnapshotResponseHandler: received a reply omNode-1<-omNode-2#0:FAIL-t6,IN_PROGRESS
2022-09-29 01:23:45,754 [grpc-default-executor-2] INFO  server.GrpcLogAppender (GrpcLogAppender.java:onNext(421)) - omNode-1@group-523986131536->omNode-2-InstallSnapshotResponseHandler: InstallSnapshot in progress.
2022-09-29 01:23:45,754 [omNode-1@group-523986131536->omNode-2-GrpcLogAppender-LogAppenderDaemon] INFO  server.GrpcLogAppender (GrpcLogAppender.java:installSnapshot(541)) - omNode-1@group-523986131536->omNode-2-GrpcLogAppender: followerNextIndex = 57 but logStartIndex = 59, notify follower to install snapshot-(t:6, i:59)
2022-09-29 01:23:45,754 [omNode-1@group-523986131536->omNode-2-GrpcLogAppender-LogAppenderDaemon] INFO  server.GrpcLogAppender (GrpcLogAppender.java:installSnapshot(549)) - omNode-1@group-523986131536->omNode-2-GrpcLogAppender: send omNode-1->omNode-2#0-t6,notify:(t:6, i:59)
2022-09-29 01:23:45,754 [grpc-default-executor-3] INFO  leader.FollowerInfo (FollowerInfoImpl.java:lambda$new$0(48)) - omNode-1@group-523986131536->omNode-2: nextIndex: updateUnconditionally 57 -> 57
2022-09-29 01:23:45,755 [omNode-2-server-thread1] INFO  server.RaftServer$Division (RaftServerImpl.java:checkInconsistentAppendEntries(1402)) - omNode-2@group-523986131536: Failed appendEntries as snapshot (59) installation is in progress
2022-09-29 01:23:45,755 [omNode-2-server-thread1] INFO  server.RaftServer$Division (RaftServerImpl.java:checkInconsistentAppendEntries(1394)) - omNode-2@group-523986131536: inconsistency entries. Reply:omNode-1<-omNode-2#553:FAIL-t6,INCONSISTENCY,nextIndex=57,followerCommit=56
2022-09-29 01:23:45,755 [grpc-default-executor-2] INFO  impl.SnapshotInstallationHandler (SnapshotInstallationHandler.java:installSnapshot(84)) - omNode-2@group-523986131536: receive installSnapshot: omNode-1->omNode-2#0-t6,notify:(t:6, i:59)
2022-09-29 01:23:45,755 [grpc-default-executor-2] INFO  impl.SnapshotInstallationHandler (SnapshotInstallationHandler.java:installSnapshot(95)) - omNode-2@group-523986131536: reply installSnapshot: omNode-1<-omNode-2#0:FAIL-t6,IN_PROGRESS
2022-09-29 01:23:45,756 [grpc-default-executor-2] INFO  server.GrpcServerProtocolService (GrpcServerProtocolService.java:onCompleted(140)) - omNode-2: Completed INSTALL_SNAPSHOT, lastRequest: omNode-1->omNode-2#0-t6,notify:(t:6, i:59)
2022-09-29 01:23:45,756 [grpc-default-executor-3] INFO  leader.FollowerInfo (FollowerInfoImpl.java:lambda$new$0(48)) - omNode-1@group-523986131536->omNode-2: nextIndex: updateUnconditionally 57 -> 57
2022-09-29 01:23:45,756 [grpc-default-executor-3] INFO  server.GrpcLogAppender (GrpcLogAppender.java:onNext(403)) - omNode-1@group-523986131536->omNode-2-InstallSnapshotResponseHandler: received a reply omNode-1<-omNode-2#0:FAIL-t6,IN_PROGRESS
2022-09-29 01:23:45,756 [grpc-default-executor-3] INFO  server.GrpcLogAppender (GrpcLogAppender.java:onNext(421)) - omNode-1@group-523986131536->omNode-2-InstallSnapshotResponseHandler: InstallSnapshot in progress.
2022-09-29 01:23:45,757 [omNode-1@group-523986131536->omNode-2-GrpcLogAppender-LogAppenderDaemon] INFO  server.GrpcLogAppender (GrpcLogAppender.java:installSnapshot(541)) - omNode-1@group-523986131536->omNode-2-GrpcLogAppender: followerNextIndex = 57 but logStartIndex = 59, notify follower to install snapshot-(t:6, i:59)
2022-09-29 01:23:45,757 [omNode-1@group-523986131536->omNode-2-GrpcLogAppender-LogAppenderDaemon] INFO  server.GrpcLogAppender (GrpcLogAppender.java:installSnapshot(549)) - omNode-1@group-523986131536->omNode-2-GrpcLogAppender: send omNode-1->omNode-2#0-t6,notify:(t:6, i:59)
2022-09-29 01:23:45,759 [omNode-2-server-thread1] INFO  server.RaftServer$Division (RaftServerImpl.java:checkInconsistentAppendEntries(1402)) - omNode-2@group-523986131536: Failed appendEntries as snapshot (59) installation is in progress
2022-09-29 01:23:45,759 [omNode-2-server-thread1] INFO  server.RaftServer$Division (RaftServerImpl.java:checkInconsistentAppendEntries(1394)) - omNode-2@group-523986131536: inconsistency entries. Reply:omNode-1<-omNode-2#554:FAIL-t6,INCONSISTENCY,nextIndex=57,followerCommit=56
2022-09-29 01:23:45,759 [grpc-default-executor-3] INFO  impl.SnapshotInstallationHandler (SnapshotInstallationHandler.java:installSnapshot(84)) - omNode-2@group-523986131536: receive installSnapshot: omNode-1->omNode-2#0-t6,notify:(t:6, i:59)
2022-09-29 01:23:45,760 [grpc-default-executor-3] INFO  impl.SnapshotInstallationHandler (SnapshotInstallationHandler.java:installSnapshot(95)) - omNode-2@group-523986131536: reply installSnapshot: omNode-1<-omNode-2#0:FAIL-t6,IN_PROGRESS
2022-09-29 01:23:45,760 [grpc-default-executor-3] INFO  server.GrpcServerProtocolService (GrpcServerProtocolService.java:onCompleted(140)) - omNode-2: Completed INSTALL_SNAPSHOT, lastRequest: omNode-1->omNode-2#0-t6,notify:(t:6, i:59)
2022-09-29 01:23:45,760 [grpc-default-executor-2] INFO  leader.FollowerInfo (FollowerInfoImpl.java:lambda$new$0(48)) - omNode-1@group-523986131536->omNode-2: nextIndex: updateUnconditionally 57 -> 57
2022-09-29 01:23:45,760 [grpc-default-executor-0] INFO  server.GrpcLogAppender (GrpcLogAppender.java:onNext(403)) - omNode-1@group-523986131536->omNode-2-InstallSnapshotResponseHandler: received a reply omNode-1<-omNode-2#0:FAIL-t6,IN_PROGRESS
2022-09-29 01:23:45,760 [grpc-default-executor-0] INFO  server.GrpcLogAppender (GrpcLogAppender.java:onNext(421)) - omNode-1@group-523986131536->omNode-2-InstallSnapshotResponseHandler: InstallSnapshot in progress.
2022-09-29 01:23:45,761 [omNode-1@group-523986131536->omNode-2-GrpcLogAppender-LogAppenderDaemon] INFO  server.GrpcLogAppender (GrpcLogAppender.java:installSnapshot(541)) - omNode-1@group-523986131536->omNode-2-GrpcLogAppender: followerNextIndex = 57 but logStartIndex = 59, notify follower to install snapshot-(t:6, i:59)
2022-09-29 01:23:45,761 [omNode-1@group-523986131536->omNode-2-GrpcLogAppender-LogAppenderDaemon] INFO  server.GrpcLogAppender (GrpcLogAppender.java:installSnapshot(549)) - omNode-1@group-523986131536->omNode-2-GrpcLogAppender: send omNode-1->omNode-2#0-t6,notify:(t:6, i:59)
2022-09-29 01:23:45,761 [omNode-2-server-thread1] INFO  server.RaftServer$Division (RaftServerImpl.java:checkInconsistentAppendEntries(1402)) - omNode-2@group-523986131536: Failed appendEntries as snapshot (59) installation is in progress
2022-09-29 01:23:45,761 [omNode-2-server-thread1] INFO  server.RaftServer$Division (RaftServerImpl.java:checkInconsistentAppendEntries(1394)) - omNode-2@group-523986131536: inconsistency entries. Reply:omNode-1<-omNode-2#555:FAIL-t6,INCONSISTENCY,nextIndex=57,followerCommit=56
2022-09-29 01:23:45,762 [grpc-default-executor-3] INFO  impl.SnapshotInstallationHandler (SnapshotInstallationHandler.java:installSnapshot(84)) - omNode-2@group-523986131536: receive installSnapshot: omNode-1->omNode-2#0-t6,notify:(t:6, i:59)
2022-09-29 01:23:45,762 [grpc-default-executor-3] INFO  impl.SnapshotInstallationHandler (SnapshotInstallationHandler.java:installSnapshot(95)) - omNode-2@group-523986131536: reply installSnapshot: omNode-1<-omNode-2#0:FAIL-t6,IN_PROGRESS
2022-09-29 01:23:45,762 [grpc-default-executor-3] INFO  server.GrpcServerProtocolService (GrpcServerProtocolService.java:onCompleted(140)) - omNode-2: Completed INSTALL_SNAPSHOT, lastRequest: omNode-1->omNode-2#0-t6,notify:(t:6, i:59)
2022-09-29 01:23:45,762 [grpc-default-executor-0] INFO  leader.FollowerInfo (FollowerInfoImpl.java:lambda$new$0(48)) - omNode-1@group-523986131536->omNode-2: nextIndex: updateUnconditionally 57 -> 57
2022-09-29 01:23:45,762 [grpc-default-executor-0] INFO  server.GrpcLogAppender (GrpcLogAppender.java:onNext(403)) - omNode-1@group-523986131536->omNode-2-InstallSnapshotResponseHandler: received a reply omNode-1<-omNode-2#0:FAIL-t6,IN_PROGRESS
2022-09-29 01:23:45,762 [grpc-default-executor-0] INFO  server.GrpcLogAppender (GrpcLogAppender.java:onNext(421)) - omNode-1@group-523986131536->omNode-2-InstallSnapshotResponseHandler: InstallSnapshot in progress.
2022-09-29 01:23:45,768 [omNode-1@group-523986131536->omNode-2-GrpcLogAppender-LogAppenderDaemon] INFO  server.GrpcLogAppender (GrpcLogAppender.java:installSnapshot(541)) - omNode-1@group-523986131536->omNode-2-GrpcLogAppender: followerNextIndex = 57 but logStartIndex = 59, notify follower to install snapshot-(t:6, i:59)
2022-09-29 01:23:45,768 [omNode-1@group-523986131536->omNode-2-GrpcLogAppender-LogAppenderDaemon] INFO  server.GrpcLogAppender (GrpcLogAppender.java:installSnapshot(549)) - omNode-1@group-523986131536->omNode-2-GrpcLogAppender: send omNode-1->omNode-2#0-t6,notify:(t:6, i:59)
2022-09-29 01:23:45,768 [omNode-2-server-thread1] INFO  server.RaftServer$Division (RaftServerImpl.java:checkInconsistentAppendEntries(1402)) - omNode-2@group-523986131536: Failed appendEntries as snapshot (59) installation is in progress
2022-09-29 01:23:45,768 [omNode-2-server-thread1] INFO  server.RaftServer$Division (RaftServerImpl.java:checkInconsistentAppendEntries(1394)) - omNode-2@group-523986131536: inconsistency entries. Reply:omNode-1<-omNode-2#556:FAIL-t6,INCONSISTENCY,nextIndex=57,followerCommit=56
2022-09-29 01:23:45,769 [grpc-default-executor-3] INFO  impl.SnapshotInstallationHandler (SnapshotInstallationHandler.java:installSnapshot(84)) - omNode-2@group-523986131536: receive installSnapshot: omNode-1->omNode-2#0-t6,notify:(t:6, i:59)
2022-09-29 01:23:45,769 [grpc-default-executor-3] INFO  impl.SnapshotInstallationHandler (SnapshotInstallationHandler.java:installSnapshot(95)) - omNode-2@group-523986131536: reply installSnapshot: omNode-1<-omNode-2#0:FAIL-t6,IN_PROGRESS
2022-09-29 01:23:45,769 [grpc-default-executor-3] INFO  server.GrpcServerProtocolService (GrpcServerProtocolService.java:onCompleted(140)) - omNode-2: Completed INSTALL_SNAPSHOT, lastRequest: omNode-1->omNode-2#0-t6,notify:(t:6, i:59)
2022-09-29 01:23:45,769 [grpc-default-executor-0] INFO  leader.FollowerInfo (FollowerInfoImpl.java:lambda$new$0(48)) - omNode-1@group-523986131536->omNode-2: nextIndex: updateUnconditionally 57 -> 57
2022-09-29 01:23:45,770 [grpc-default-executor-0] INFO  server.GrpcLogAppender (GrpcLogAppender.java:onNext(403)) - omNode-1@group-523986131536->omNode-2-InstallSnapshotResponseHandler: received a reply omNode-1<-omNode-2#0:FAIL-t6,IN_PROGRESS
2022-09-29 01:23:45,770 [grpc-default-executor-0] INFO  server.GrpcLogAppender (GrpcLogAppender.java:onNext(421)) - omNode-1@group-523986131536->omNode-2-InstallSnapshotResponseHandler: InstallSnapshot in progress.
2022-09-29 01:23:45,770 [omNode-1@group-523986131536->omNode-2-GrpcLogAppender-LogAppenderDaemon] INFO  server.GrpcLogAppender (GrpcLogAppender.java:installSnapshot(541)) - omNode-1@group-523986131536->omNode-2-GrpcLogAppender: followerNextIndex = 57 but logStartIndex = 59, notify follower to install snapshot-(t:6, i:59)
2022-09-29 01:23:45,770 [omNode-1@group-523986131536->omNode-2-GrpcLogAppender-LogAppenderDaemon] INFO  server.GrpcLogAppender (GrpcLogAppender.java:installSnapshot(549)) - omNode-1@group-523986131536->omNode-2-GrpcLogAppender: send omNode-1->omNode-2#0-t6,notify:(t:6, i:59)
2022-09-29 01:23:45,771 [omNode-2-server-thread1] INFO  server.RaftServer$Division (RaftServerImpl.java:checkInconsistentAppendEntries(1402)) - omNode-2@group-523986131536: Failed appendEntries as snapshot (59) installation is in progress
2022-09-29 01:23:45,771 [omNode-2-server-thread1] INFO  server.RaftServer$Division (RaftServerImpl.java:checkInconsistentAppendEntries(1394)) - omNode-2@group-523986131536: inconsistency entries. Reply:omNode-1<-omNode-2#557:FAIL-t6,INCONSISTENCY,nextIndex=57,followerCommit=56
2022-09-29 01:23:45,771 [grpc-default-executor-0] INFO  impl.SnapshotInstallationHandler (SnapshotInstallationHandler.java:installSnapshot(84)) - omNode-2@group-523986131536: receive installSnapshot: omNode-1->omNode-2#0-t6,notify:(t:6, i:59)
2022-09-29 01:23:45,771 [grpc-default-executor-0] INFO  impl.SnapshotInstallationHandler (SnapshotInstallationHandler.java:installSnapshot(95)) - omNode-2@group-523986131536: reply installSnapshot: omNode-1<-omNode-2#0:FAIL-t6,IN_PROGRESS
2022-09-29 01:23:45,771 [grpc-default-executor-0] INFO  server.GrpcServerProtocolService (GrpcServerProtocolService.java:onCompleted(140)) - omNode-2: Completed INSTALL_SNAPSHOT, lastRequest: omNode-1->omNode-2#0-t6,notify:(t:6, i:59)
2022-09-29 01:23:45,776 [grpc-default-executor-0] INFO  leader.FollowerInfo (FollowerInfoImpl.java:lambda$new$0(48)) - omNode-1@group-523986131536->omNode-2: nextIndex: updateUnconditionally 57 -> 57
2022-09-29 01:23:45,776 [grpc-default-executor-3] INFO  server.GrpcLogAppender (GrpcLogAppender.java:onNext(403)) - omNode-1@group-523986131536->omNode-2-InstallSnapshotResponseHandler: received a reply omNode-1<-omNode-2#0:FAIL-t6,IN_PROGRESS
2022-09-29 01:23:45,776 [grpc-default-executor-3] INFO  server.GrpcLogAppender (GrpcLogAppender.java:onNext(421)) - omNode-1@group-523986131536->omNode-2-InstallSnapshotResponseHandler: InstallSnapshot in progress.
2022-09-29 01:23:45,777 [omNode-1@group-523986131536->omNode-2-GrpcLogAppender-LogAppenderDaemon] INFO  server.GrpcLogAppender (GrpcLogAppender.java:installSnapshot(541)) - omNode-1@group-523986131536->omNode-2-GrpcLogAppender: followerNextIndex = 57 but logStartIndex = 59, notify follower to install snapshot-(t:6, i:59)
2022-09-29 01:23:45,777 [omNode-1@group-523986131536->omNode-2-GrpcLogAppender-LogAppenderDaemon] INFO  server.GrpcLogAppender (GrpcLogAppender.java:installSnapshot(549)) - omNode-1@group-523986131536->omNode-2-GrpcLogAppender: send omNode-1->omNode-2#0-t6,notify:(t:6, i:59)
2022-09-29 01:23:45,777 [omNode-2-server-thread1] INFO  server.RaftServer$Division (RaftServerImpl.java:checkInconsistentAppendEntries(1402)) - omNode-2@group-523986131536: Failed appendEntries as snapshot (59) installation is in progress
2022-09-29 01:23:45,777 [omNode-2-server-thread1] INFO  server.RaftServer$Division (RaftServerImpl.java:checkInconsistentAppendEntries(1394)) - omNode-2@group-523986131536: inconsistency entries. Reply:omNode-1<-omNode-2#558:FAIL-t6,INCONSISTENCY,nextIndex=57,followerCommit=56
2022-09-29 01:23:45,778 [grpc-default-executor-3] INFO  impl.SnapshotInstallationHandler (SnapshotInstallationHandler.java:installSnapshot(84)) - omNode-2@group-523986131536: receive installSnapshot: omNode-1->omNode-2#0-t6,notify:(t:6, i:59)
2022-09-29 01:23:45,778 [grpc-default-executor-3] INFO  impl.SnapshotInstallationHandler (SnapshotInstallationHandler.java:installSnapshot(95)) - omNode-2@group-523986131536: reply installSnapshot: omNode-1<-omNode-2#0:FAIL-t6,IN_PROGRESS
2022-09-29 01:23:45,778 [grpc-default-executor-3] INFO  server.GrpcServerProtocolService (GrpcServerProtocolService.java:onCompleted(140)) - omNode-2: Completed INSTALL_SNAPSHOT, lastRequest: omNode-1->omNode-2#0-t6,notify:(t:6, i:59)
2022-09-29 01:23:45,778 [grpc-default-executor-0] INFO  server.GrpcLogAppender (GrpcLogAppender.java:onNext(403)) - omNode-1@group-523986131536->omNode-2-InstallSnapshotResponseHandler: received a reply omNode-1<-omNode-2#0:FAIL-t6,IN_PROGRESS
2022-09-29 01:23:45,778 [grpc-default-executor-0] INFO  server.GrpcLogAppender (GrpcLogAppender.java:onNext(421)) - omNode-1@group-523986131536->omNode-2-InstallSnapshotResponseHandler: InstallSnapshot in progress.
2022-09-29 01:23:45,779 [omNode-1@group-523986131536->omNode-2-GrpcLogAppender-LogAppenderDaemon] INFO  server.GrpcLogAppender (GrpcLogAppender.java:installSnapshot(541)) - omNode-1@group-523986131536->omNode-2-GrpcLogAppender: followerNextIndex = 57 but logStartIndex = 59, notify follower to install snapshot-(t:6, i:59)
2022-09-29 01:23:45,779 [omNode-1@group-523986131536->omNode-2-GrpcLogAppender-LogAppenderDaemon] INFO  server.GrpcLogAppender (GrpcLogAppender.java:installSnapshot(549)) - omNode-1@group-523986131536->omNode-2-GrpcLogAppender: send omNode-1->omNode-2#0-t6,notify:(t:6, i:59)
2022-09-29 01:23:45,779 [grpc-default-executor-3] INFO  leader.FollowerInfo (FollowerInfoImpl.java:lambda$new$0(48)) - omNode-1@group-523986131536->omNode-2: nextIndex: updateUnconditionally 57 -> 57
2022-09-29 01:23:45,780 [omNode-2-server-thread1] INFO  server.RaftServer$Division (RaftServerImpl.java:checkInconsistentAppendEntries(1402)) - omNode-2@group-523986131536: Failed appendEntries as snapshot (59) installation is in progress
2022-09-29 01:23:45,780 [omNode-2-server-thread1] INFO  server.RaftServer$Division (RaftServerImpl.java:checkInconsistentAppendEntries(1394)) - omNode-2@group-523986131536: inconsistency entries. Reply:omNode-1<-omNode-2#559:FAIL-t6,INCONSISTENCY,nextIndex=57,followerCommit=56
2022-09-29 01:23:45,780 [grpc-default-executor-0] INFO  impl.SnapshotInstallationHandler (SnapshotInstallationHandler.java:installSnapshot(84)) - omNode-2@group-523986131536: receive installSnapshot: omNode-1->omNode-2#0-t6,notify:(t:6, i:59)
2022-09-29 01:23:45,780 [grpc-default-executor-0] INFO  impl.SnapshotInstallationHandler (SnapshotInstallationHandler.java:installSnapshot(95)) - omNode-2@group-523986131536: reply installSnapshot: omNode-1<-omNode-2#0:FAIL-t6,IN_PROGRESS
2022-09-29 01:23:45,780 [grpc-default-executor-0] INFO  server.GrpcServerProtocolService (GrpcServerProtocolService.java:onCompleted(140)) - omNode-2: Completed INSTALL_SNAPSHOT, lastRequest: omNode-1->omNode-2#0-t6,notify:(t:6, i:59)
2022-09-29 01:23:45,781 [grpc-default-executor-0] INFO  leader.FollowerInfo (FollowerInfoImpl.java:lambda$new$0(48)) - omNode-1@group-523986131536->omNode-2: nextIndex: updateUnconditionally 57 -> 57
2022-09-29 01:23:45,781 [grpc-default-executor-3] INFO  server.GrpcLogAppender (GrpcLogAppender.java:onNext(403)) - omNode-1@group-523986131536->omNode-2-InstallSnapshotResponseHandler: received a reply omNode-1<-omNode-2#0:FAIL-t6,IN_PROGRESS
2022-09-29 01:23:45,781 [grpc-default-executor-3] INFO  server.GrpcLogAppender (GrpcLogAppender.java:onNext(421)) - omNode-1@group-523986131536->omNode-2-InstallSnapshotResponseHandler: InstallSnapshot in progress.
2022-09-29 01:23:45,781 [omNode-1@group-523986131536->omNode-2-GrpcLogAppender-LogAppenderDaemon] INFO  server.GrpcLogAppender (GrpcLogAppender.java:installSnapshot(541)) - omNode-1@group-523986131536->omNode-2-GrpcLogAppender: followerNextIndex = 57 but logStartIndex = 59, notify follower to install snapshot-(t:6, i:59)
2022-09-29 01:23:45,781 [omNode-1@group-523986131536->omNode-2-GrpcLogAppender-LogAppenderDaemon] INFO  server.GrpcLogAppender (GrpcLogAppender.java:installSnapshot(549)) - omNode-1@group-523986131536->omNode-2-GrpcLogAppender: send omNode-1->omNode-2#0-t6,notify:(t:6, i:59)
2022-09-29 01:23:45,782 [omNode-2-server-thread1] INFO  server.RaftServer$Division (RaftServerImpl.java:checkInconsistentAppendEntries(1402)) - omNode-2@group-523986131536: Failed appendEntries as snapshot (59) installation is in progress
2022-09-29 01:23:45,782 [omNode-2-server-thread1] INFO  server.RaftServer$Division (RaftServerImpl.java:checkInconsistentAppendEntries(1394)) - omNode-2@group-523986131536: inconsistency entries. Reply:omNode-1<-omNode-2#560:FAIL-t6,INCONSISTENCY,nextIndex=57,followerCommit=56
2022-09-29 01:23:45,782 [grpc-default-executor-3] INFO  impl.SnapshotInstallationHandler (SnapshotInstallationHandler.java:installSnapshot(84)) - omNode-2@group-523986131536: receive installSnapshot: omNode-1->omNode-2#0-t6,notify:(t:6, i:59)
2022-09-29 01:23:45,782 [grpc-default-executor-3] INFO  impl.SnapshotInstallationHandler (SnapshotInstallationHandler.java:installSnapshot(95)) - omNode-2@group-523986131536: reply installSnapshot: omNode-1<-omNode-2#0:FAIL-t6,IN_PROGRESS
2022-09-29 01:23:45,782 [grpc-default-executor-3] INFO  server.GrpcServerProtocolService (GrpcServerProtocolService.java:onCompleted(140)) - omNode-2: Completed INSTALL_SNAPSHOT, lastRequest: omNode-1->omNode-2#0-t6,notify:(t:6, i:59)
2022-09-29 01:23:45,783 [grpc-default-executor-0] INFO  server.GrpcLogAppender (GrpcLogAppender.java:onNext(403)) - omNode-1@group-523986131536->omNode-2-InstallSnapshotResponseHandler: received a reply omNode-1<-omNode-2#0:FAIL-t6,IN_PROGRESS
2022-09-29 01:23:45,783 [grpc-default-executor-0] INFO  server.GrpcLogAppender (GrpcLogAppender.java:onNext(421)) - omNode-1@group-523986131536->omNode-2-InstallSnapshotResponseHandler: InstallSnapshot in progress.
2022-09-29 01:23:45,783 [omNode-1@group-523986131536->omNode-2-GrpcLogAppender-LogAppenderDaemon] INFO  server.GrpcLogAppender (GrpcLogAppender.java:installSnapshot(541)) - omNode-1@group-523986131536->omNode-2-GrpcLogAppender: followerNextIndex = 57 but logStartIndex = 59, notify follower to install snapshot-(t:6, i:59)
2022-09-29 01:23:45,783 [omNode-1@group-523986131536->omNode-2-GrpcLogAppender-LogAppenderDaemon] INFO  server.GrpcLogAppender (GrpcLogAppender.java:installSnapshot(549)) - omNode-1@group-523986131536->omNode-2-GrpcLogAppender: send omNode-1->omNode-2#0-t6,notify:(t:6, i:59)
2022-09-29 01:23:45,783 [grpc-default-executor-3] INFO  leader.FollowerInfo (FollowerInfoImpl.java:lambda$new$0(48)) - omNode-1@group-523986131536->omNode-2: nextIndex: updateUnconditionally 57 -> 57
2022-09-29 01:23:45,784 [omNode-2-server-thread1] INFO  server.RaftServer$Division (RaftServerImpl.java:checkInconsistentAppendEntries(1402)) - omNode-2@group-523986131536: Failed appendEntries as snapshot (59) installation is in progress
2022-09-29 01:23:45,784 [omNode-2-server-thread1] INFO  server.RaftServer$Division (RaftServerImpl.java:checkInconsistentAppendEntries(1394)) - omNode-2@group-523986131536: inconsistency entries. Reply:omNode-1<-omNode-2#561:FAIL-t6,INCONSISTENCY,nextIndex=57,followerCommit=56
2022-09-29 01:23:45,784 [grpc-default-executor-3] INFO  impl.SnapshotInstallationHandler (SnapshotInstallationHandler.java:installSnapshot(84)) - omNode-2@group-523986131536: receive installSnapshot: omNode-1->omNode-2#0-t6,notify:(t:6, i:59)
2022-09-29 01:23:45,785 [grpc-default-executor-3] INFO  impl.SnapshotInstallationHandler (SnapshotInstallationHandler.java:installSnapshot(95)) - omNode-2@group-523986131536: reply installSnapshot: omNode-1<-omNode-2#0:FAIL-t6,IN_PROGRESS
2022-09-29 01:23:45,785 [grpc-default-executor-3] INFO  server.GrpcServerProtocolService (GrpcServerProtocolService.java:onCompleted(140)) - omNode-2: Completed INSTALL_SNAPSHOT, lastRequest: omNode-1->omNode-2#0-t6,notify:(t:6, i:59)
2022-09-29 01:23:45,785 [grpc-default-executor-0] INFO  server.GrpcLogAppender (GrpcLogAppender.java:onNext(403)) - omNode-1@group-523986131536->omNode-2-InstallSnapshotResponseHandler: received a reply omNode-1<-omNode-2#0:FAIL-t6,IN_PROGRESS
2022-09-29 01:23:45,785 [grpc-default-executor-0] INFO  server.GrpcLogAppender (GrpcLogAppender.java:onNext(421)) - omNode-1@group-523986131536->omNode-2-InstallSnapshotResponseHandler: InstallSnapshot in progress.
2022-09-29 01:23:45,785 [omNode-1@group-523986131536->omNode-2-GrpcLogAppender-LogAppenderDaemon] INFO  server.GrpcLogAppender (GrpcLogAppender.java:installSnapshot(541)) - omNode-1@group-523986131536->omNode-2-GrpcLogAppender: followerNextIndex = 57 but logStartIndex = 59, notify follower to install snapshot-(t:6, i:59)
2022-09-29 01:23:45,786 [omNode-1@group-523986131536->omNode-2-GrpcLogAppender-LogAppenderDaemon] INFO  server.GrpcLogAppender (GrpcLogAppender.java:installSnapshot(549)) - omNode-1@group-523986131536->omNode-2-GrpcLogAppender: send omNode-1->omNode-2#0-t6,notify:(t:6, i:59)
2022-09-29 01:23:45,786 [grpc-default-executor-3] INFO  leader.FollowerInfo (FollowerInfoImpl.java:lambda$new$0(48)) - omNode-1@group-523986131536->omNode-2: nextIndex: updateUnconditionally 57 -> 57
2022-09-29 01:23:45,786 [omNode-2-server-thread1] INFO  server.RaftServer$Division (RaftServerImpl.java:checkInconsistentAppendEntries(1402)) - omNode-2@group-523986131536: Failed appendEntries as snapshot (59) installation is in progress
2022-09-29 01:23:45,786 [omNode-2-server-thread1] INFO  server.RaftServer$Division (RaftServerImpl.java:checkInconsistentAppendEntries(1394)) - omNode-2@group-523986131536: inconsistency entries. Reply:omNode-1<-omNode-2#562:FAIL-t6,INCONSISTENCY,nextIndex=57,followerCommit=56
2022-09-29 01:23:45,787 [grpc-default-executor-3] INFO  impl.SnapshotInstallationHandler (SnapshotInstallationHandler.java:installSnapshot(84)) - omNode-2@group-523986131536: receive installSnapshot: omNode-1->omNode-2#0-t6,notify:(t:6, i:59)
2022-09-29 01:23:45,787 [grpc-default-executor-3] INFO  impl.SnapshotInstallationHandler (SnapshotInstallationHandler.java:installSnapshot(95)) - omNode-2@group-523986131536: reply installSnapshot: omNode-1<-omNode-2#0:FAIL-t6,IN_PROGRESS
2022-09-29 01:23:45,787 [grpc-default-executor-3] INFO  server.GrpcServerProtocolService (GrpcServerProtocolService.java:onCompleted(140)) - omNode-2: Completed INSTALL_SNAPSHOT, lastRequest: omNode-1->omNode-2#0-t6,notify:(t:6, i:59)
2022-09-29 01:23:45,787 [grpc-default-executor-0] INFO  leader.FollowerInfo (FollowerInfoImpl.java:lambda$new$0(48)) - omNode-1@group-523986131536->omNode-2: nextIndex: updateUnconditionally 57 -> 57
2022-09-29 01:23:45,787 [grpc-default-executor-0] INFO  server.GrpcLogAppender (GrpcLogAppender.java:onNext(403)) - omNode-1@group-523986131536->omNode-2-InstallSnapshotResponseHandler: received a reply omNode-1<-omNode-2#0:FAIL-t6,IN_PROGRESS
2022-09-29 01:23:45,787 [grpc-default-executor-0] INFO  server.GrpcLogAppender (GrpcLogAppender.java:onNext(421)) - omNode-1@group-523986131536->omNode-2-InstallSnapshotResponseHandler: InstallSnapshot in progress.
2022-09-29 01:23:45,788 [omNode-1@group-523986131536->omNode-2-GrpcLogAppender-LogAppenderDaemon] INFO  server.GrpcLogAppender (GrpcLogAppender.java:installSnapshot(541)) - omNode-1@group-523986131536->omNode-2-GrpcLogAppender: followerNextIndex = 57 but logStartIndex = 59, notify follower to install snapshot-(t:6, i:59)
2022-09-29 01:23:45,788 [omNode-1@group-523986131536->omNode-2-GrpcLogAppender-LogAppenderDaemon] INFO  server.GrpcLogAppender (GrpcLogAppender.java:installSnapshot(549)) - omNode-1@group-523986131536->omNode-2-GrpcLogAppender: send omNode-1->omNode-2#0-t6,notify:(t:6, i:59)
2022-09-29 01:23:45,789 [omNode-2-server-thread1] INFO  server.RaftServer$Division (RaftServerImpl.java:checkInconsistentAppendEntries(1402)) - omNode-2@group-523986131536: Failed appendEntries as snapshot (59) installation is in progress
2022-09-29 01:23:45,789 [omNode-2-server-thread1] INFO  server.RaftServer$Division (RaftServerImpl.java:checkInconsistentAppendEntries(1394)) - omNode-2@group-523986131536: inconsistency entries. Reply:omNode-1<-omNode-2#563:FAIL-t6,INCONSISTENCY,nextIndex=57,followerCommit=56
2022-09-29 01:23:45,789 [grpc-default-executor-3] INFO  impl.SnapshotInstallationHandler (SnapshotInstallationHandler.java:installSnapshot(84)) - omNode-2@group-523986131536: receive installSnapshot: omNode-1->omNode-2#0-t6,notify:(t:6, i:59)
2022-09-29 01:23:45,789 [grpc-default-executor-3] INFO  impl.SnapshotInstallationHandler (SnapshotInstallationHandler.java:installSnapshot(95)) - omNode-2@group-523986131536: reply installSnapshot: omNode-1<-omNode-2#0:FAIL-t6,IN_PROGRESS
2022-09-29 01:23:45,789 [grpc-default-executor-3] INFO  server.GrpcServerProtocolService (GrpcServerProtocolService.java:onCompleted(140)) - omNode-2: Completed INSTALL_SNAPSHOT, lastRequest: omNode-1->omNode-2#0-t6,notify:(t:6, i:59)
2022-09-29 01:23:45,789 [grpc-default-executor-0] INFO  leader.FollowerInfo (FollowerInfoImpl.java:lambda$new$0(48)) - omNode-1@group-523986131536->omNode-2: nextIndex: updateUnconditionally 57 -> 57
2022-09-29 01:23:45,790 [grpc-default-executor-0] INFO  server.GrpcLogAppender (GrpcLogAppender.java:onNext(403)) - omNode-1@group-523986131536->omNode-2-InstallSnapshotResponseHandler: received a reply omNode-1<-omNode-2#0:FAIL-t6,IN_PROGRESS
2022-09-29 01:23:45,790 [grpc-default-executor-0] INFO  server.GrpcLogAppender (GrpcLogAppender.java:onNext(421)) - omNode-1@group-523986131536->omNode-2-InstallSnapshotResponseHandler: InstallSnapshot in progress.
2022-09-29 01:23:45,790 [omNode-1@group-523986131536->omNode-2-GrpcLogAppender-LogAppenderDaemon] INFO  server.GrpcLogAppender (GrpcLogAppender.java:installSnapshot(541)) - omNode-1@group-523986131536->omNode-2-GrpcLogAppender: followerNextIndex = 57 but logStartIndex = 59, notify follower to install snapshot-(t:6, i:59)
2022-09-29 01:23:45,790 [omNode-1@group-523986131536->omNode-2-GrpcLogAppender-LogAppenderDaemon] INFO  server.GrpcLogAppender (GrpcLogAppender.java:installSnapshot(549)) - omNode-1@group-523986131536->omNode-2-GrpcLogAppender: send omNode-1->omNode-2#0-t6,notify:(t:6, i:59)
2022-09-29 01:23:45,791 [omNode-2-server-thread1] INFO  server.RaftServer$Division (RaftServerImpl.java:checkInconsistentAppendEntries(1402)) - omNode-2@group-523986131536: Failed appendEntries as snapshot (59) installation is in progress
2022-09-29 01:23:45,791 [omNode-2-server-thread1] INFO  server.RaftServer$Division (RaftServerImpl.java:checkInconsistentAppendEntries(1394)) - omNode-2@group-523986131536: inconsistency entries. Reply:omNode-1<-omNode-2#564:FAIL-t6,INCONSISTENCY,nextIndex=57,followerCommit=56
2022-09-29 01:23:45,791 [grpc-default-executor-3] INFO  impl.SnapshotInstallationHandler (SnapshotInstallationHandler.java:installSnapshot(84)) - omNode-2@group-523986131536: receive installSnapshot: omNode-1->omNode-2#0-t6,notify:(t:6, i:59)
2022-09-29 01:23:45,791 [grpc-default-executor-3] INFO  impl.SnapshotInstallationHandler (SnapshotInstallationHandler.java:installSnapshot(95)) - omNode-2@group-523986131536: reply installSnapshot: omNode-1<-omNode-2#0:FAIL-t6,IN_PROGRESS
2022-09-29 01:23:45,791 [grpc-default-executor-3] INFO  server.GrpcServerProtocolService (GrpcServerProtocolService.java:onCompleted(140)) - omNode-2: Completed INSTALL_SNAPSHOT, lastRequest: omNode-1->omNode-2#0-t6,notify:(t:6, i:59)
2022-09-29 01:23:45,792 [grpc-default-executor-0] INFO  leader.FollowerInfo (FollowerInfoImpl.java:lambda$new$0(48)) - omNode-1@group-523986131536->omNode-2: nextIndex: updateUnconditionally 57 -> 57
2022-09-29 01:23:45,792 [grpc-default-executor-0] INFO  server.GrpcLogAppender (GrpcLogAppender.java:onNext(403)) - omNode-1@group-523986131536->omNode-2-InstallSnapshotResponseHandler: received a reply omNode-1<-omNode-2#0:FAIL-t6,IN_PROGRESS
2022-09-29 01:23:45,792 [grpc-default-executor-0] INFO  server.GrpcLogAppender (GrpcLogAppender.java:onNext(421)) - omNode-1@group-523986131536->omNode-2-InstallSnapshotResponseHandler: InstallSnapshot in progress.
2022-09-29 01:23:45,792 [omNode-1@group-523986131536->omNode-2-GrpcLogAppender-LogAppenderDaemon] INFO  server.GrpcLogAppender (GrpcLogAppender.java:installSnapshot(541)) - omNode-1@group-523986131536->omNode-2-GrpcLogAppender: followerNextIndex = 57 but logStartIndex = 59, notify follower to install snapshot-(t:6, i:59)
2022-09-29 01:23:45,792 [omNode-1@group-523986131536->omNode-2-GrpcLogAppender-LogAppenderDaemon] INFO  server.GrpcLogAppender (GrpcLogAppender.java:installSnapshot(549)) - omNode-1@group-523986131536->omNode-2-GrpcLogAppender: send omNode-1->omNode-2#0-t6,notify:(t:6, i:59)
2022-09-29 01:23:45,793 [omNode-2-server-thread1] INFO  server.RaftServer$Division (RaftServerImpl.java:checkInconsistentAppendEntries(1402)) - omNode-2@group-523986131536: Failed appendEntries as snapshot (59) installation is in progress
2022-09-29 01:23:45,793 [omNode-2-server-thread1] INFO  server.RaftServer$Division (RaftServerImpl.java:checkInconsistentAppendEntries(1394)) - omNode-2@group-523986131536: inconsistency entries. Reply:omNode-1<-omNode-2#565:FAIL-t6,INCONSISTENCY,nextIndex=57,followerCommit=56
2022-09-29 01:23:45,793 [grpc-default-executor-3] INFO  impl.SnapshotInstallationHandler (SnapshotInstallationHandler.java:installSnapshot(84)) - omNode-2@group-523986131536: receive installSnapshot: omNode-1->omNode-2#0-t6,notify:(t:6, i:59)
2022-09-29 01:23:45,793 [grpc-default-executor-3] INFO  impl.SnapshotInstallationHandler (SnapshotInstallationHandler.java:installSnapshot(95)) - omNode-2@group-523986131536: reply installSnapshot: omNode-1<-omNode-2#0:FAIL-t6,IN_PROGRESS
2022-09-29 01:23:45,794 [grpc-default-executor-3] INFO  server.GrpcServerProtocolService (GrpcServerProtocolService.java:onCompleted(140)) - omNode-2: Completed INSTALL_SNAPSHOT, lastRequest: omNode-1->omNode-2#0-t6,notify:(t:6, i:59)
2022-09-29 01:23:45,794 [grpc-default-executor-0] INFO  leader.FollowerInfo (FollowerInfoImpl.java:lambda$new$0(48)) - omNode-1@group-523986131536->omNode-2: nextIndex: updateUnconditionally 57 -> 57
2022-09-29 01:23:45,794 [grpc-default-executor-0] INFO  server.GrpcLogAppender (GrpcLogAppender.java:onNext(403)) - omNode-1@group-523986131536->omNode-2-InstallSnapshotResponseHandler: received a reply omNode-1<-omNode-2#0:FAIL-t6,IN_PROGRESS
2022-09-29 01:23:45,794 [grpc-default-executor-0] INFO  server.GrpcLogAppender (GrpcLogAppender.java:onNext(421)) - omNode-1@group-523986131536->omNode-2-InstallSnapshotResponseHandler: InstallSnapshot in progress.
2022-09-29 01:23:45,794 [omNode-1@group-523986131536->omNode-2-GrpcLogAppender-LogAppenderDaemon] INFO  server.GrpcLogAppender (GrpcLogAppender.java:installSnapshot(541)) - omNode-1@group-523986131536->omNode-2-GrpcLogAppender: followerNextIndex = 57 but logStartIndex = 59, notify follower to install snapshot-(t:6, i:59)
2022-09-29 01:23:45,796 [omNode-1@group-523986131536->omNode-2-GrpcLogAppender-LogAppenderDaemon] INFO  server.GrpcLogAppender (GrpcLogAppender.java:installSnapshot(549)) - omNode-1@group-523986131536->omNode-2-GrpcLogAppender: send omNode-1->omNode-2#0-t6,notify:(t:6, i:59)
2022-09-29 01:23:45,797 [omNode-2-server-thread1] INFO  server.RaftServer$Division (RaftServerImpl.java:checkInconsistentAppendEntries(1402)) - omNode-2@group-523986131536: Failed appendEntries as snapshot (59) installation is in progress
2022-09-29 01:23:45,797 [omNode-2-server-thread1] INFO  server.RaftServer$Division (RaftServerImpl.java:checkInconsistentAppendEntries(1394)) - omNode-2@group-523986131536: inconsistency entries. Reply:omNode-1<-omNode-2#566:FAIL-t6,INCONSISTENCY,nextIndex=57,followerCommit=56
2022-09-29 01:23:45,797 [grpc-default-executor-3] INFO  impl.SnapshotInstallationHandler (SnapshotInstallationHandler.java:installSnapshot(84)) - omNode-2@group-523986131536: receive installSnapshot: omNode-1->omNode-2#0-t6,notify:(t:6, i:59)
2022-09-29 01:23:45,797 [grpc-default-executor-3] INFO  impl.SnapshotInstallationHandler (SnapshotInstallationHandler.java:installSnapshot(95)) - omNode-2@group-523986131536: reply installSnapshot: omNode-1<-omNode-2#0:FAIL-t6,IN_PROGRESS
2022-09-29 01:23:45,797 [grpc-default-executor-3] INFO  server.GrpcServerProtocolService (GrpcServerProtocolService.java:onCompleted(140)) - omNode-2: Completed INSTALL_SNAPSHOT, lastRequest: omNode-1->omNode-2#0-t6,notify:(t:6, i:59)
2022-09-29 01:23:45,798 [grpc-default-executor-0] INFO  leader.FollowerInfo (FollowerInfoImpl.java:lambda$new$0(48)) - omNode-1@group-523986131536->omNode-2: nextIndex: updateUnconditionally 57 -> 57
2022-09-29 01:23:45,798 [grpc-default-executor-0] INFO  server.GrpcLogAppender (GrpcLogAppender.java:onNext(403)) - omNode-1@group-523986131536->omNode-2-InstallSnapshotResponseHandler: received a reply omNode-1<-omNode-2#0:FAIL-t6,IN_PROGRESS
2022-09-29 01:23:45,798 [grpc-default-executor-0] INFO  server.GrpcLogAppender (GrpcLogAppender.java:onNext(421)) - omNode-1@group-523986131536->omNode-2-InstallSnapshotResponseHandler: InstallSnapshot in progress.
2022-09-29 01:23:45,798 [omNode-1@group-523986131536->omNode-2-GrpcLogAppender-LogAppenderDaemon] INFO  server.GrpcLogAppender (GrpcLogAppender.java:installSnapshot(541)) - omNode-1@group-523986131536->omNode-2-GrpcLogAppender: followerNextIndex = 57 but logStartIndex = 59, notify follower to install snapshot-(t:6, i:59)
2022-09-29 01:23:45,798 [omNode-1@group-523986131536->omNode-2-GrpcLogAppender-LogAppenderDaemon] INFO  server.GrpcLogAppender (GrpcLogAppender.java:installSnapshot(549)) - omNode-1@group-523986131536->omNode-2-GrpcLogAppender: send omNode-1->omNode-2#0-t6,notify:(t:6, i:59)
2022-09-29 01:23:45,799 [omNode-2-server-thread1] INFO  server.RaftServer$Division (RaftServerImpl.java:checkInconsistentAppendEntries(1402)) - omNode-2@group-523986131536: Failed appendEntries as snapshot (59) installation is in progress
2022-09-29 01:23:45,799 [omNode-2-server-thread1] INFO  server.RaftServer$Division (RaftServerImpl.java:checkInconsistentAppendEntries(1394)) - omNode-2@group-523986131536: inconsistency entries. Reply:omNode-1<-omNode-2#567:FAIL-t6,INCONSISTENCY,nextIndex=57,followerCommit=56
2022-09-29 01:23:45,799 [grpc-default-executor-3] INFO  impl.SnapshotInstallationHandler (SnapshotInstallationHandler.java:installSnapshot(84)) - omNode-2@group-523986131536: receive installSnapshot: omNode-1->omNode-2#0-t6,notify:(t:6, i:59)
2022-09-29 01:23:45,800 [grpc-default-executor-3] INFO  impl.SnapshotInstallationHandler (SnapshotInstallationHandler.java:installSnapshot(95)) - omNode-2@group-523986131536: reply installSnapshot: omNode-1<-omNode-2#0:FAIL-t6,IN_PROGRESS
2022-09-29 01:23:45,800 [grpc-default-executor-3] INFO  server.GrpcServerProtocolService (GrpcServerProtocolService.java:onCompleted(140)) - omNode-2: Completed INSTALL_SNAPSHOT, lastRequest: omNode-1->omNode-2#0-t6,notify:(t:6, i:59)
2022-09-29 01:23:45,812 [grpc-default-executor-0] INFO  leader.FollowerInfo (FollowerInfoImpl.java:lambda$new$0(48)) - omNode-1@group-523986131536->omNode-2: nextIndex: updateUnconditionally 57 -> 57
2022-09-29 01:23:45,812 [grpc-default-executor-0] INFO  server.GrpcLogAppender (GrpcLogAppender.java:onNext(403)) - omNode-1@group-523986131536->omNode-2-InstallSnapshotResponseHandler: received a reply omNode-1<-omNode-2#0:FAIL-t6,IN_PROGRESS
2022-09-29 01:23:45,812 [grpc-default-executor-0] INFO  server.GrpcLogAppender (GrpcLogAppender.java:onNext(421)) - omNode-1@group-523986131536->omNode-2-InstallSnapshotResponseHandler: InstallSnapshot in progress.
2022-09-29 01:23:45,813 [omNode-1@group-523986131536->omNode-2-GrpcLogAppender-LogAppenderDaemon] INFO  server.GrpcLogAppender (GrpcLogAppender.java:installSnapshot(541)) - omNode-1@group-523986131536->omNode-2-GrpcLogAppender: followerNextIndex = 57 but logStartIndex = 59, notify follower to install snapshot-(t:6, i:59)
2022-09-29 01:23:45,813 [omNode-1@group-523986131536->omNode-2-GrpcLogAppender-LogAppenderDaemon] INFO  server.GrpcLogAppender (GrpcLogAppender.java:installSnapshot(549)) - omNode-1@group-523986131536->omNode-2-GrpcLogAppender: send omNode-1->omNode-2#0-t6,notify:(t:6, i:59)
2022-09-29 01:23:45,814 [omNode-2-server-thread1] INFO  server.RaftServer$Division (RaftServerImpl.java:checkInconsistentAppendEntries(1402)) - omNode-2@group-523986131536: Failed appendEntries as snapshot (59) installation is in progress
2022-09-29 01:23:45,814 [omNode-2-server-thread1] INFO  server.RaftServer$Division (RaftServerImpl.java:checkInconsistentAppendEntries(1394)) - omNode-2@group-523986131536: inconsistency entries. Reply:omNode-1<-omNode-2#568:FAIL-t6,INCONSISTENCY,nextIndex=57,followerCommit=56
2022-09-29 01:23:45,814 [grpc-default-executor-3] INFO  impl.SnapshotInstallationHandler (SnapshotInstallationHandler.java:installSnapshot(84)) - omNode-2@group-523986131536: receive installSnapshot: omNode-1->omNode-2#0-t6,notify:(t:6, i:59)
2022-09-29 01:23:45,814 [grpc-default-executor-3] INFO  impl.SnapshotInstallationHandler (SnapshotInstallationHandler.java:installSnapshot(95)) - omNode-2@group-523986131536: reply installSnapshot: omNode-1<-omNode-2#0:FAIL-t6,IN_PROGRESS
2022-09-29 01:23:45,814 [grpc-default-executor-3] INFO  server.GrpcServerProtocolService (GrpcServerProtocolService.java:onCompleted(140)) - omNode-2: Completed INSTALL_SNAPSHOT, lastRequest: omNode-1->omNode-2#0-t6,notify:(t:6, i:59)
2022-09-29 01:23:45,815 [grpc-default-executor-0] INFO  server.GrpcLogAppender (GrpcLogAppender.java:onNext(403)) - omNode-1@group-523986131536->omNode-2-InstallSnapshotResponseHandler: received a reply omNode-1<-omNode-2#0:FAIL-t6,IN_PROGRESS
2022-09-29 01:23:45,815 [grpc-default-executor-0] INFO  server.GrpcLogAppender (GrpcLogAppender.java:onNext(421)) - omNode-1@group-523986131536->omNode-2-InstallSnapshotResponseHandler: InstallSnapshot in progress.
2022-09-29 01:23:45,815 [omNode-1@group-523986131536->omNode-2-GrpcLogAppender-LogAppenderDaemon] INFO  server.GrpcLogAppender (GrpcLogAppender.java:installSnapshot(541)) - omNode-1@group-523986131536->omNode-2-GrpcLogAppender: followerNextIndex = 57 but logStartIndex = 59, notify follower to install snapshot-(t:6, i:59)
2022-09-29 01:23:45,815 [omNode-1@group-523986131536->omNode-2-GrpcLogAppender-LogAppenderDaemon] INFO  server.GrpcLogAppender (GrpcLogAppender.java:installSnapshot(549)) - omNode-1@group-523986131536->omNode-2-GrpcLogAppender: send omNode-1->omNode-2#0-t6,notify:(t:6, i:59)
2022-09-29 01:23:45,815 [grpc-default-executor-3] INFO  leader.FollowerInfo (FollowerInfoImpl.java:lambda$new$0(48)) - omNode-1@group-523986131536->omNode-2: nextIndex: updateUnconditionally 57 -> 57
2022-09-29 01:23:45,816 [omNode-2-server-thread1] INFO  server.RaftServer$Division (RaftServerImpl.java:checkInconsistentAppendEntries(1402)) - omNode-2@group-523986131536: Failed appendEntries as snapshot (59) installation is in progress
2022-09-29 01:23:45,816 [omNode-2-server-thread1] INFO  server.RaftServer$Division (RaftServerImpl.java:checkInconsistentAppendEntries(1394)) - omNode-2@group-523986131536: inconsistency entries. Reply:omNode-1<-omNode-2#569:FAIL-t6,INCONSISTENCY,nextIndex=57,followerCommit=56
2022-09-29 01:23:45,816 [grpc-default-executor-3] INFO  impl.SnapshotInstallationHandler (SnapshotInstallationHandler.java:installSnapshot(84)) - omNode-2@group-523986131536: receive installSnapshot: omNode-1->omNode-2#0-t6,notify:(t:6, i:59)
2022-09-29 01:23:45,817 [grpc-default-executor-3] INFO  impl.SnapshotInstallationHandler (SnapshotInstallationHandler.java:installSnapshot(95)) - omNode-2@group-523986131536: reply installSnapshot: omNode-1<-omNode-2#0:FAIL-t6,IN_PROGRESS
2022-09-29 01:23:45,817 [grpc-default-executor-3] INFO  server.GrpcServerProtocolService (GrpcServerProtocolService.java:onCompleted(140)) - omNode-2: Completed INSTALL_SNAPSHOT, lastRequest: omNode-1->omNode-2#0-t6,notify:(t:6, i:59)
2022-09-29 01:23:45,817 [grpc-default-executor-0] INFO  server.GrpcLogAppender (GrpcLogAppender.java:onNext(403)) - omNode-1@group-523986131536->omNode-2-InstallSnapshotResponseHandler: received a reply omNode-1<-omNode-2#0:FAIL-t6,IN_PROGRESS
2022-09-29 01:23:45,817 [grpc-default-executor-0] INFO  server.GrpcLogAppender (GrpcLogAppender.java:onNext(421)) - omNode-1@group-523986131536->omNode-2-InstallSnapshotResponseHandler: InstallSnapshot in progress.
2022-09-29 01:23:45,817 [omNode-1@group-523986131536->omNode-2-GrpcLogAppender-LogAppenderDaemon] INFO  server.GrpcLogAppender (GrpcLogAppender.java:installSnapshot(541)) - omNode-1@group-523986131536->omNode-2-GrpcLogAppender: followerNextIndex = 57 but logStartIndex = 59, notify follower to install snapshot-(t:6, i:59)
2022-09-29 01:23:45,818 [omNode-1@group-523986131536->omNode-2-GrpcLogAppender-LogAppenderDaemon] INFO  server.GrpcLogAppender (GrpcLogAppender.java:installSnapshot(549)) - omNode-1@group-523986131536->omNode-2-GrpcLogAppender: send omNode-1->omNode-2#0-t6,notify:(t:6, i:59)
2022-09-29 01:23:45,818 [grpc-default-executor-3] INFO  leader.FollowerInfo (FollowerInfoImpl.java:lambda$new$0(48)) - omNode-1@group-523986131536->omNode-2: nextIndex: updateUnconditionally 57 -> 57
2022-09-29 01:23:45,818 [omNode-2-server-thread1] INFO  server.RaftServer$Division (RaftServerImpl.java:checkInconsistentAppendEntries(1402)) - omNode-2@group-523986131536: Failed appendEntries as snapshot (59) installation is in progress
2022-09-29 01:23:45,818 [omNode-2-server-thread1] INFO  server.RaftServer$Division (RaftServerImpl.java:checkInconsistentAppendEntries(1394)) - omNode-2@group-523986131536: inconsistency entries. Reply:omNode-1<-omNode-2#570:FAIL-t6,INCONSISTENCY,nextIndex=57,followerCommit=56
2022-09-29 01:23:45,819 [grpc-default-executor-0] INFO  impl.SnapshotInstallationHandler (SnapshotInstallationHandler.java:installSnapshot(84)) - omNode-2@group-523986131536: receive installSnapshot: omNode-1->omNode-2#0-t6,notify:(t:6, i:59)
2022-09-29 01:23:45,819 [grpc-default-executor-0] INFO  impl.SnapshotInstallationHandler (SnapshotInstallationHandler.java:installSnapshot(95)) - omNode-2@group-523986131536: reply installSnapshot: omNode-1<-omNode-2#0:FAIL-t6,IN_PROGRESS
2022-09-29 01:23:45,819 [grpc-default-executor-0] INFO  server.GrpcServerProtocolService (GrpcServerProtocolService.java:onCompleted(140)) - omNode-2: Completed INSTALL_SNAPSHOT, lastRequest: omNode-1->omNode-2#0-t6,notify:(t:6, i:59)
2022-09-29 01:23:45,819 [grpc-default-executor-0] INFO  leader.FollowerInfo (FollowerInfoImpl.java:lambda$new$0(48)) - omNode-1@group-523986131536->omNode-2: nextIndex: updateUnconditionally 57 -> 57
2022-09-29 01:23:45,820 [grpc-default-executor-3] INFO  server.GrpcLogAppender (GrpcLogAppender.java:onNext(403)) - omNode-1@group-523986131536->omNode-2-InstallSnapshotResponseHandler: received a reply omNode-1<-omNode-2#0:FAIL-t6,IN_PROGRESS
2022-09-29 01:23:45,820 [grpc-default-executor-3] INFO  server.GrpcLogAppender (GrpcLogAppender.java:onNext(421)) - omNode-1@group-523986131536->omNode-2-InstallSnapshotResponseHandler: InstallSnapshot in progress.
2022-09-29 01:23:45,820 [omNode-1@group-523986131536->omNode-2-GrpcLogAppender-LogAppenderDaemon] INFO  server.GrpcLogAppender (GrpcLogAppender.java:installSnapshot(541)) - omNode-1@group-523986131536->omNode-2-GrpcLogAppender: followerNextIndex = 57 but logStartIndex = 59, notify follower to install snapshot-(t:6, i:59)
2022-09-29 01:23:45,820 [omNode-1@group-523986131536->omNode-2-GrpcLogAppender-LogAppenderDaemon] INFO  server.GrpcLogAppender (GrpcLogAppender.java:installSnapshot(549)) - omNode-1@group-523986131536->omNode-2-GrpcLogAppender: send omNode-1->omNode-2#0-t6,notify:(t:6, i:59)
2022-09-29 01:23:45,820 [omNode-2-server-thread1] INFO  server.RaftServer$Division (RaftServerImpl.java:checkInconsistentAppendEntries(1402)) - omNode-2@group-523986131536: Failed appendEntries as snapshot (59) installation is in progress
2022-09-29 01:23:45,821 [omNode-2-server-thread1] INFO  server.RaftServer$Division (RaftServerImpl.java:checkInconsistentAppendEntries(1394)) - omNode-2@group-523986131536: inconsistency entries. Reply:omNode-1<-omNode-2#571:FAIL-t6,INCONSISTENCY,nextIndex=57,followerCommit=56
2022-09-29 01:23:45,821 [grpc-default-executor-3] INFO  impl.SnapshotInstallationHandler (SnapshotInstallationHandler.java:installSnapshot(84)) - omNode-2@group-523986131536: receive installSnapshot: omNode-1->omNode-2#0-t6,notify:(t:6, i:59)
2022-09-29 01:23:45,821 [grpc-default-executor-3] INFO  impl.SnapshotInstallationHandler (SnapshotInstallationHandler.java:installSnapshot(95)) - omNode-2@group-523986131536: reply installSnapshot: omNode-1<-omNode-2#0:FAIL-t6,IN_PROGRESS
2022-09-29 01:23:45,821 [grpc-default-executor-3] INFO  server.GrpcServerProtocolService (GrpcServerProtocolService.java:onCompleted(140)) - omNode-2: Completed INSTALL_SNAPSHOT, lastRequest: omNode-1->omNode-2#0-t6,notify:(t:6, i:59)
2022-09-29 01:23:45,822 [grpc-default-executor-0] INFO  server.GrpcLogAppender (GrpcLogAppender.java:onNext(403)) - omNode-1@group-523986131536->omNode-2-InstallSnapshotResponseHandler: received a reply omNode-1<-omNode-2#0:FAIL-t6,IN_PROGRESS
2022-09-29 01:23:45,822 [grpc-default-executor-0] INFO  server.GrpcLogAppender (GrpcLogAppender.java:onNext(421)) - omNode-1@group-523986131536->omNode-2-InstallSnapshotResponseHandler: InstallSnapshot in progress.
2022-09-29 01:23:45,822 [omNode-1@group-523986131536->omNode-2-GrpcLogAppender-LogAppenderDaemon] INFO  server.GrpcLogAppender (GrpcLogAppender.java:installSnapshot(541)) - omNode-1@group-523986131536->omNode-2-GrpcLogAppender: followerNextIndex = 57 but logStartIndex = 59, notify follower to install snapshot-(t:6, i:59)
2022-09-29 01:23:45,822 [omNode-1@group-523986131536->omNode-2-GrpcLogAppender-LogAppenderDaemon] INFO  server.GrpcLogAppender (GrpcLogAppender.java:installSnapshot(549)) - omNode-1@group-523986131536->omNode-2-GrpcLogAppender: send omNode-1->omNode-2#0-t6,notify:(t:6, i:59)
2022-09-29 01:23:45,822 [grpc-default-executor-3] INFO  leader.FollowerInfo (FollowerInfoImpl.java:lambda$new$0(48)) - omNode-1@group-523986131536->omNode-2: nextIndex: updateUnconditionally 57 -> 57
2022-09-29 01:23:45,823 [omNode-2-server-thread1] INFO  server.RaftServer$Division (RaftServerImpl.java:checkInconsistentAppendEntries(1402)) - omNode-2@group-523986131536: Failed appendEntries as snapshot (59) installation is in progress
2022-09-29 01:23:45,823 [omNode-2-server-thread1] INFO  server.RaftServer$Division (RaftServerImpl.java:checkInconsistentAppendEntries(1394)) - omNode-2@group-523986131536: inconsistency entries. Reply:omNode-1<-omNode-2#572:FAIL-t6,INCONSISTENCY,nextIndex=57,followerCommit=56
2022-09-29 01:23:45,823 [grpc-default-executor-3] INFO  impl.SnapshotInstallationHandler (SnapshotInstallationHandler.java:installSnapshot(84)) - omNode-2@group-523986131536: receive installSnapshot: omNode-1->omNode-2#0-t6,notify:(t:6, i:59)
2022-09-29 01:23:45,823 [grpc-default-executor-3] INFO  impl.SnapshotInstallationHandler (SnapshotInstallationHandler.java:installSnapshot(95)) - omNode-2@group-523986131536: reply installSnapshot: omNode-1<-omNode-2#0:FAIL-t6,IN_PROGRESS
2022-09-29 01:23:45,823 [grpc-default-executor-3] INFO  server.GrpcServerProtocolService (GrpcServerProtocolService.java:onCompleted(140)) - omNode-2: Completed INSTALL_SNAPSHOT, lastRequest: omNode-1->omNode-2#0-t6,notify:(t:6, i:59)
2022-09-29 01:23:45,824 [grpc-default-executor-0] INFO  server.GrpcLogAppender (GrpcLogAppender.java:onNext(403)) - omNode-1@group-523986131536->omNode-2-InstallSnapshotResponseHandler: received a reply omNode-1<-omNode-2#0:FAIL-t6,IN_PROGRESS
2022-09-29 01:23:45,824 [grpc-default-executor-0] INFO  server.GrpcLogAppender (GrpcLogAppender.java:onNext(421)) - omNode-1@group-523986131536->omNode-2-InstallSnapshotResponseHandler: InstallSnapshot in progress.
2022-09-29 01:23:45,824 [omNode-1@group-523986131536->omNode-2-GrpcLogAppender-LogAppenderDaemon] INFO  server.GrpcLogAppender (GrpcLogAppender.java:installSnapshot(541)) - omNode-1@group-523986131536->omNode-2-GrpcLogAppender: followerNextIndex = 57 but logStartIndex = 59, notify follower to install snapshot-(t:6, i:59)
2022-09-29 01:23:45,824 [omNode-1@group-523986131536->omNode-2-GrpcLogAppender-LogAppenderDaemon] INFO  server.GrpcLogAppender (GrpcLogAppender.java:installSnapshot(549)) - omNode-1@group-523986131536->omNode-2-GrpcLogAppender: send omNode-1->omNode-2#0-t6,notify:(t:6, i:59)
2022-09-29 01:23:45,825 [grpc-default-executor-3] INFO  leader.FollowerInfo (FollowerInfoImpl.java:lambda$new$0(48)) - omNode-1@group-523986131536->omNode-2: nextIndex: updateUnconditionally 57 -> 57
2022-09-29 01:23:45,825 [omNode-2-server-thread1] INFO  server.RaftServer$Division (RaftServerImpl.java:checkInconsistentAppendEntries(1402)) - omNode-2@group-523986131536: Failed appendEntries as snapshot (59) installation is in progress
2022-09-29 01:23:45,825 [omNode-2-server-thread1] INFO  server.RaftServer$Division (RaftServerImpl.java:checkInconsistentAppendEntries(1394)) - omNode-2@group-523986131536: inconsistency entries. Reply:omNode-1<-omNode-2#573:FAIL-t6,INCONSISTENCY,nextIndex=57,followerCommit=56
2022-09-29 01:23:45,825 [grpc-default-executor-0] INFO  impl.SnapshotInstallationHandler (SnapshotInstallationHandler.java:installSnapshot(84)) - omNode-2@group-523986131536: receive installSnapshot: omNode-1->omNode-2#0-t6,notify:(t:6, i:59)
2022-09-29 01:23:45,825 [grpc-default-executor-0] INFO  impl.SnapshotInstallationHandler (SnapshotInstallationHandler.java:installSnapshot(95)) - omNode-2@group-523986131536: reply installSnapshot: omNode-1<-omNode-2#0:FAIL-t6,IN_PROGRESS
2022-09-29 01:23:45,826 [grpc-default-executor-0] INFO  server.GrpcServerProtocolService (GrpcServerProtocolService.java:onCompleted(140)) - omNode-2: Completed INSTALL_SNAPSHOT, lastRequest: omNode-1->omNode-2#0-t6,notify:(t:6, i:59)
2022-09-29 01:23:45,826 [grpc-default-executor-0] INFO  leader.FollowerInfo (FollowerInfoImpl.java:lambda$new$0(48)) - omNode-1@group-523986131536->omNode-2: nextIndex: updateUnconditionally 57 -> 57
2022-09-29 01:23:45,826 [grpc-default-executor-3] INFO  server.GrpcLogAppender (GrpcLogAppender.java:onNext(403)) - omNode-1@group-523986131536->omNode-2-InstallSnapshotResponseHandler: received a reply omNode-1<-omNode-2#0:FAIL-t6,IN_PROGRESS
2022-09-29 01:23:45,826 [grpc-default-executor-3] INFO  server.GrpcLogAppender (GrpcLogAppender.java:onNext(421)) - omNode-1@group-523986131536->omNode-2-InstallSnapshotResponseHandler: InstallSnapshot in progress.
2022-09-29 01:23:45,826 [omNode-1@group-523986131536->omNode-2-GrpcLogAppender-LogAppenderDaemon] INFO  server.GrpcLogAppender (GrpcLogAppender.java:installSnapshot(541)) - omNode-1@group-523986131536->omNode-2-GrpcLogAppender: followerNextIndex = 57 but logStartIndex = 59, notify follower to install snapshot-(t:6, i:59)
2022-09-29 01:23:45,827 [omNode-1@group-523986131536->omNode-2-GrpcLogAppender-LogAppenderDaemon] INFO  server.GrpcLogAppender (GrpcLogAppender.java:installSnapshot(549)) - omNode-1@group-523986131536->omNode-2-GrpcLogAppender: send omNode-1->omNode-2#0-t6,notify:(t:6, i:59)
2022-09-29 01:23:45,827 [omNode-2-server-thread1] INFO  server.RaftServer$Division (RaftServerImpl.java:checkInconsistentAppendEntries(1402)) - omNode-2@group-523986131536: Failed appendEntries as snapshot (59) installation is in progress
2022-09-29 01:23:45,827 [omNode-2-server-thread1] INFO  server.RaftServer$Division (RaftServerImpl.java:checkInconsistentAppendEntries(1394)) - omNode-2@group-523986131536: inconsistency entries. Reply:omNode-1<-omNode-2#574:FAIL-t6,INCONSISTENCY,nextIndex=57,followerCommit=56
2022-09-29 01:23:45,828 [grpc-default-executor-3] INFO  impl.SnapshotInstallationHandler (SnapshotInstallationHandler.java:installSnapshot(84)) - omNode-2@group-523986131536: receive installSnapshot: omNode-1->omNode-2#0-t6,notify:(t:6, i:59)
2022-09-29 01:23:45,828 [grpc-default-executor-3] INFO  impl.SnapshotInstallationHandler (SnapshotInstallationHandler.java:installSnapshot(95)) - omNode-2@group-523986131536: reply installSnapshot: omNode-1<-omNode-2#0:FAIL-t6,IN_PROGRESS
2022-09-29 01:23:45,828 [grpc-default-executor-3] INFO  server.GrpcServerProtocolService (GrpcServerProtocolService.java:onCompleted(140)) - omNode-2: Completed INSTALL_SNAPSHOT, lastRequest: omNode-1->omNode-2#0-t6,notify:(t:6, i:59)
2022-09-29 01:23:45,832 [grpc-default-executor-0] INFO  server.GrpcLogAppender (GrpcLogAppender.java:onNext(403)) - omNode-1@group-523986131536->omNode-2-InstallSnapshotResponseHandler: received a reply omNode-1<-omNode-2#0:FAIL-t6,IN_PROGRESS
2022-09-29 01:23:45,832 [grpc-default-executor-0] INFO  server.GrpcLogAppender (GrpcLogAppender.java:onNext(421)) - omNode-1@group-523986131536->omNode-2-InstallSnapshotResponseHandler: InstallSnapshot in progress.
2022-09-29 01:23:45,832 [omNode-1@group-523986131536->omNode-2-GrpcLogAppender-LogAppenderDaemon] INFO  server.GrpcLogAppender (GrpcLogAppender.java:installSnapshot(541)) - omNode-1@group-523986131536->omNode-2-GrpcLogAppender: followerNextIndex = 57 but logStartIndex = 59, notify follower to install snapshot-(t:6, i:59)
2022-09-29 01:23:45,833 [omNode-1@group-523986131536->omNode-2-GrpcLogAppender-LogAppenderDaemon] INFO  server.GrpcLogAppender (GrpcLogAppender.java:installSnapshot(549)) - omNode-1@group-523986131536->omNode-2-GrpcLogAppender: send omNode-1->omNode-2#0-t6,notify:(t:6, i:59)
2022-09-29 01:23:45,833 [omNode-2-server-thread1] INFO  server.RaftServer$Division (RaftServerImpl.java:checkInconsistentAppendEntries(1402)) - omNode-2@group-523986131536: Failed appendEntries as snapshot (59) installation is in progress
2022-09-29 01:23:45,833 [omNode-2-server-thread1] INFO  server.RaftServer$Division (RaftServerImpl.java:checkInconsistentAppendEntries(1394)) - omNode-2@group-523986131536: inconsistency entries. Reply:omNode-1<-omNode-2#575:FAIL-t6,INCONSISTENCY,nextIndex=57,followerCommit=56
2022-09-29 01:23:45,833 [grpc-default-executor-3] INFO  leader.FollowerInfo (FollowerInfoImpl.java:lambda$new$0(48)) - omNode-1@group-523986131536->omNode-2: nextIndex: updateUnconditionally 57 -> 57
2022-09-29 01:23:45,834 [grpc-default-executor-3] INFO  impl.SnapshotInstallationHandler (SnapshotInstallationHandler.java:installSnapshot(84)) - omNode-2@group-523986131536: receive installSnapshot: omNode-1->omNode-2#0-t6,notify:(t:6, i:59)
2022-09-29 01:23:45,834 [grpc-default-executor-3] INFO  impl.SnapshotInstallationHandler (SnapshotInstallationHandler.java:installSnapshot(95)) - omNode-2@group-523986131536: reply installSnapshot: omNode-1<-omNode-2#0:FAIL-t6,IN_PROGRESS
2022-09-29 01:23:45,834 [grpc-default-executor-3] INFO  server.GrpcServerProtocolService (GrpcServerProtocolService.java:onCompleted(140)) - omNode-2: Completed INSTALL_SNAPSHOT, lastRequest: omNode-1->omNode-2#0-t6,notify:(t:6, i:59)
2022-09-29 01:23:45,834 [grpc-default-executor-0] INFO  leader.FollowerInfo (FollowerInfoImpl.java:lambda$new$0(48)) - omNode-1@group-523986131536->omNode-2: nextIndex: updateUnconditionally 57 -> 57
2022-09-29 01:23:45,835 [grpc-default-executor-3] INFO  server.GrpcLogAppender (GrpcLogAppender.java:onNext(403)) - omNode-1@group-523986131536->omNode-2-InstallSnapshotResponseHandler: received a reply omNode-1<-omNode-2#0:FAIL-t6,IN_PROGRESS
2022-09-29 01:23:45,835 [grpc-default-executor-3] INFO  server.GrpcLogAppender (GrpcLogAppender.java:onNext(421)) - omNode-1@group-523986131536->omNode-2-InstallSnapshotResponseHandler: InstallSnapshot in progress.
2022-09-29 01:23:45,835 [omNode-1@group-523986131536->omNode-2-GrpcLogAppender-LogAppenderDaemon] INFO  server.GrpcLogAppender (GrpcLogAppender.java:installSnapshot(541)) - omNode-1@group-523986131536->omNode-2-GrpcLogAppender: followerNextIndex = 57 but logStartIndex = 59, notify follower to install snapshot-(t:6, i:59)
2022-09-29 01:23:45,835 [omNode-1@group-523986131536->omNode-2-GrpcLogAppender-LogAppenderDaemon] INFO  server.GrpcLogAppender (GrpcLogAppender.java:installSnapshot(549)) - omNode-1@group-523986131536->omNode-2-GrpcLogAppender: send omNode-1->omNode-2#0-t6,notify:(t:6, i:59)
2022-09-29 01:23:45,836 [omNode-2-server-thread1] INFO  server.RaftServer$Division (RaftServerImpl.java:checkInconsistentAppendEntries(1402)) - omNode-2@group-523986131536: Failed appendEntries as snapshot (59) installation is in progress
2022-09-29 01:23:45,836 [omNode-2-server-thread1] INFO  server.RaftServer$Division (RaftServerImpl.java:checkInconsistentAppendEntries(1394)) - omNode-2@group-523986131536: inconsistency entries. Reply:omNode-1<-omNode-2#576:FAIL-t6,INCONSISTENCY,nextIndex=57,followerCommit=56
2022-09-29 01:23:45,836 [grpc-default-executor-0] INFO  impl.SnapshotInstallationHandler (SnapshotInstallationHandler.java:installSnapshot(84)) - omNode-2@group-523986131536: receive installSnapshot: omNode-1->omNode-2#0-t6,notify:(t:6, i:59)
2022-09-29 01:23:45,836 [grpc-default-executor-0] INFO  impl.SnapshotInstallationHandler (SnapshotInstallationHandler.java:installSnapshot(95)) - omNode-2@group-523986131536: reply installSnapshot: omNode-1<-omNode-2#0:FAIL-t6,IN_PROGRESS
2022-09-29 01:23:45,836 [grpc-default-executor-0] INFO  server.GrpcServerProtocolService (GrpcServerProtocolService.java:onCompleted(140)) - omNode-2: Completed INSTALL_SNAPSHOT, lastRequest: omNode-1->omNode-2#0-t6,notify:(t:6, i:59)
2022-09-29 01:23:45,837 [grpc-default-executor-0] INFO  leader.FollowerInfo (FollowerInfoImpl.java:lambda$new$0(48)) - omNode-1@group-523986131536->omNode-2: nextIndex: updateUnconditionally 57 -> 57
2022-09-29 01:23:45,837 [grpc-default-executor-3] INFO  server.GrpcLogAppender (GrpcLogAppender.java:onNext(403)) - omNode-1@group-523986131536->omNode-2-InstallSnapshotResponseHandler: received a reply omNode-1<-omNode-2#0:FAIL-t6,IN_PROGRESS
2022-09-29 01:23:45,837 [grpc-default-executor-3] INFO  server.GrpcLogAppender (GrpcLogAppender.java:onNext(421)) - omNode-1@group-523986131536->omNode-2-InstallSnapshotResponseHandler: InstallSnapshot in progress.
2022-09-29 01:23:45,837 [omNode-1@group-523986131536->omNode-2-GrpcLogAppender-LogAppenderDaemon] INFO  server.GrpcLogAppender (GrpcLogAppender.java:installSnapshot(541)) - omNode-1@group-523986131536->omNode-2-GrpcLogAppender: followerNextIndex = 57 but logStartIndex = 59, notify follower to install snapshot-(t:6, i:59)
2022-09-29 01:23:45,837 [omNode-1@group-523986131536->omNode-2-GrpcLogAppender-LogAppenderDaemon] INFO  server.GrpcLogAppender (GrpcLogAppender.java:installSnapshot(549)) - omNode-1@group-523986131536->omNode-2-GrpcLogAppender: send omNode-1->omNode-2#0-t6,notify:(t:6, i:59)
2022-09-29 01:23:45,849 [omNode-2-server-thread1] INFO  server.RaftServer$Division (RaftServerImpl.java:checkInconsistentAppendEntries(1402)) - omNode-2@group-523986131536: Failed appendEntries as snapshot (59) installation is in progress
2022-09-29 01:23:45,849 [omNode-2-server-thread1] INFO  server.RaftServer$Division (RaftServerImpl.java:checkInconsistentAppendEntries(1394)) - omNode-2@group-523986131536: inconsistency entries. Reply:omNode-1<-omNode-2#577:FAIL-t6,INCONSISTENCY,nextIndex=57,followerCommit=56
2022-09-29 01:23:45,850 [grpc-default-executor-3] INFO  impl.SnapshotInstallationHandler (SnapshotInstallationHandler.java:installSnapshot(84)) - omNode-2@group-523986131536: receive installSnapshot: omNode-1->omNode-2#0-t6,notify:(t:6, i:59)
2022-09-29 01:23:45,850 [grpc-default-executor-3] INFO  impl.SnapshotInstallationHandler (SnapshotInstallationHandler.java:installSnapshot(95)) - omNode-2@group-523986131536: reply installSnapshot: omNode-1<-omNode-2#0:FAIL-t6,IN_PROGRESS
2022-09-29 01:23:45,850 [grpc-default-executor-3] INFO  server.GrpcServerProtocolService (GrpcServerProtocolService.java:onCompleted(140)) - omNode-2: Completed INSTALL_SNAPSHOT, lastRequest: omNode-1->omNode-2#0-t6,notify:(t:6, i:59)
2022-09-29 01:23:45,850 [grpc-default-executor-0] INFO  server.GrpcLogAppender (GrpcLogAppender.java:onNext(403)) - omNode-1@group-523986131536->omNode-2-InstallSnapshotResponseHandler: received a reply omNode-1<-omNode-2#0:FAIL-t6,IN_PROGRESS
2022-09-29 01:23:45,850 [grpc-default-executor-0] INFO  server.GrpcLogAppender (GrpcLogAppender.java:onNext(421)) - omNode-1@group-523986131536->omNode-2-InstallSnapshotResponseHandler: InstallSnapshot in progress.
2022-09-29 01:23:45,851 [omNode-1@group-523986131536->omNode-2-GrpcLogAppender-LogAppenderDaemon] INFO  server.GrpcLogAppender (GrpcLogAppender.java:installSnapshot(541)) - omNode-1@group-523986131536->omNode-2-GrpcLogAppender: followerNextIndex = 57 but logStartIndex = 59, notify follower to install snapshot-(t:6, i:59)
2022-09-29 01:23:45,851 [omNode-1@group-523986131536->omNode-2-GrpcLogAppender-LogAppenderDaemon] INFO  server.GrpcLogAppender (GrpcLogAppender.java:installSnapshot(549)) - omNode-1@group-523986131536->omNode-2-GrpcLogAppender: send omNode-1->omNode-2#0-t6,notify:(t:6, i:59)
2022-09-29 01:23:45,851 [grpc-default-executor-3] INFO  leader.FollowerInfo (FollowerInfoImpl.java:lambda$new$0(48)) - omNode-1@group-523986131536->omNode-2: nextIndex: updateUnconditionally 57 -> 57
2022-09-29 01:23:45,851 [omNode-2-server-thread1] INFO  server.RaftServer$Division (RaftServerImpl.java:checkInconsistentAppendEntries(1402)) - omNode-2@group-523986131536: Failed appendEntries as snapshot (59) installation is in progress
2022-09-29 01:23:45,851 [omNode-2-server-thread1] INFO  server.RaftServer$Division (RaftServerImpl.java:checkInconsistentAppendEntries(1394)) - omNode-2@group-523986131536: inconsistency entries. Reply:omNode-1<-omNode-2#578:FAIL-t6,INCONSISTENCY,nextIndex=57,followerCommit=56
2022-09-29 01:23:45,852 [grpc-default-executor-3] INFO  impl.SnapshotInstallationHandler (SnapshotInstallationHandler.java:installSnapshot(84)) - omNode-2@group-523986131536: receive installSnapshot: omNode-1->omNode-2#0-t6,notify:(t:6, i:59)
2022-09-29 01:23:45,852 [grpc-default-executor-3] INFO  impl.SnapshotInstallationHandler (SnapshotInstallationHandler.java:installSnapshot(95)) - omNode-2@group-523986131536: reply installSnapshot: omNode-1<-omNode-2#0:FAIL-t6,IN_PROGRESS
2022-09-29 01:23:45,852 [grpc-default-executor-3] INFO  server.GrpcServerProtocolService (GrpcServerProtocolService.java:onCompleted(140)) - omNode-2: Completed INSTALL_SNAPSHOT, lastRequest: omNode-1->omNode-2#0-t6,notify:(t:6, i:59)
2022-09-29 01:23:45,852 [grpc-default-executor-0] INFO  server.GrpcLogAppender (GrpcLogAppender.java:onNext(403)) - omNode-1@group-523986131536->omNode-2-InstallSnapshotResponseHandler: received a reply omNode-1<-omNode-2#0:FAIL-t6,IN_PROGRESS
2022-09-29 01:23:45,853 [grpc-default-executor-0] INFO  server.GrpcLogAppender (GrpcLogAppender.java:onNext(421)) - omNode-1@group-523986131536->omNode-2-InstallSnapshotResponseHandler: InstallSnapshot in progress.
2022-09-29 01:23:45,853 [omNode-1@group-523986131536->omNode-2-GrpcLogAppender-LogAppenderDaemon] INFO  server.GrpcLogAppender (GrpcLogAppender.java:installSnapshot(541)) - omNode-1@group-523986131536->omNode-2-GrpcLogAppender: followerNextIndex = 57 but logStartIndex = 59, notify follower to install snapshot-(t:6, i:59)
2022-09-29 01:23:45,853 [omNode-1@group-523986131536->omNode-2-GrpcLogAppender-LogAppenderDaemon] INFO  server.GrpcLogAppender (GrpcLogAppender.java:installSnapshot(549)) - omNode-1@group-523986131536->omNode-2-GrpcLogAppender: send omNode-1->omNode-2#0-t6,notify:(t:6, i:59)
2022-09-29 01:23:45,853 [grpc-default-executor-3] INFO  leader.FollowerInfo (FollowerInfoImpl.java:lambda$new$0(48)) - omNode-1@group-523986131536->omNode-2: nextIndex: updateUnconditionally 57 -> 57
2022-09-29 01:23:45,854 [omNode-2-server-thread1] INFO  server.RaftServer$Division (RaftServerImpl.java:checkInconsistentAppendEntries(1402)) - omNode-2@group-523986131536: Failed appendEntries as snapshot (59) installation is in progress
2022-09-29 01:23:45,854 [omNode-2-server-thread1] INFO  server.RaftServer$Division (RaftServerImpl.java:checkInconsistentAppendEntries(1394)) - omNode-2@group-523986131536: inconsistency entries. Reply:omNode-1<-omNode-2#579:FAIL-t6,INCONSISTENCY,nextIndex=57,followerCommit=56
2022-09-29 01:23:45,854 [grpc-default-executor-0] INFO  impl.SnapshotInstallationHandler (SnapshotInstallationHandler.java:installSnapshot(84)) - omNode-2@group-523986131536: receive installSnapshot: omNode-1->omNode-2#0-t6,notify:(t:6, i:59)
2022-09-29 01:23:45,854 [grpc-default-executor-0] INFO  impl.SnapshotInstallationHandler (SnapshotInstallationHandler.java:installSnapshot(95)) - omNode-2@group-523986131536: reply installSnapshot: omNode-1<-omNode-2#0:FAIL-t6,IN_PROGRESS
2022-09-29 01:23:45,854 [grpc-default-executor-0] INFO  server.GrpcServerProtocolService (GrpcServerProtocolService.java:onCompleted(140)) - omNode-2: Completed INSTALL_SNAPSHOT, lastRequest: omNode-1->omNode-2#0-t6,notify:(t:6, i:59)
2022-09-29 01:23:45,855 [grpc-default-executor-0] INFO  server.GrpcLogAppender (GrpcLogAppender.java:onNext(403)) - omNode-1@group-523986131536->omNode-2-InstallSnapshotResponseHandler: received a reply omNode-1<-omNode-2#0:FAIL-t6,IN_PROGRESS
2022-09-29 01:23:45,855 [grpc-default-executor-0] INFO  server.GrpcLogAppender (GrpcLogAppender.java:onNext(421)) - omNode-1@group-523986131536->omNode-2-InstallSnapshotResponseHandler: InstallSnapshot in progress.
2022-09-29 01:23:45,855 [omNode-1@group-523986131536->omNode-2-GrpcLogAppender-LogAppenderDaemon] INFO  server.GrpcLogAppender (GrpcLogAppender.java:installSnapshot(541)) - omNode-1@group-523986131536->omNode-2-GrpcLogAppender: followerNextIndex = 57 but logStartIndex = 59, notify follower to install snapshot-(t:6, i:59)
2022-09-29 01:23:45,855 [omNode-1@group-523986131536->omNode-2-GrpcLogAppender-LogAppenderDaemon] INFO  server.GrpcLogAppender (GrpcLogAppender.java:installSnapshot(549)) - omNode-1@group-523986131536->omNode-2-GrpcLogAppender: send omNode-1->omNode-2#0-t6,notify:(t:6, i:59)
2022-09-29 01:23:45,855 [grpc-default-executor-3] INFO  leader.FollowerInfo (FollowerInfoImpl.java:lambda$new$0(48)) - omNode-1@group-523986131536->omNode-2: nextIndex: updateUnconditionally 57 -> 57
2022-09-29 01:23:45,856 [omNode-2-server-thread1] INFO  server.RaftServer$Division (RaftServerImpl.java:checkInconsistentAppendEntries(1402)) - omNode-2@group-523986131536: Failed appendEntries as snapshot (59) installation is in progress
2022-09-29 01:23:45,856 [omNode-2-server-thread1] INFO  server.RaftServer$Division (RaftServerImpl.java:checkInconsistentAppendEntries(1394)) - omNode-2@group-523986131536: inconsistency entries. Reply:omNode-1<-omNode-2#580:FAIL-t6,INCONSISTENCY,nextIndex=57,followerCommit=56
2022-09-29 01:23:45,856 [grpc-default-executor-3] INFO  impl.SnapshotInstallationHandler (SnapshotInstallationHandler.java:installSnapshot(84)) - omNode-2@group-523986131536: receive installSnapshot: omNode-1->omNode-2#0-t6,notify:(t:6, i:59)
2022-09-29 01:23:45,856 [grpc-default-executor-3] INFO  impl.SnapshotInstallationHandler (SnapshotInstallationHandler.java:installSnapshot(95)) - omNode-2@group-523986131536: reply installSnapshot: omNode-1<-omNode-2#0:FAIL-t6,IN_PROGRESS
2022-09-29 01:23:45,857 [grpc-default-executor-3] INFO  server.GrpcServerProtocolService (GrpcServerProtocolService.java:onCompleted(140)) - omNode-2: Completed INSTALL_SNAPSHOT, lastRequest: omNode-1->omNode-2#0-t6,notify:(t:6, i:59)
2022-09-29 01:23:45,857 [grpc-default-executor-0] INFO  server.GrpcLogAppender (GrpcLogAppender.java:onNext(403)) - omNode-1@group-523986131536->omNode-2-InstallSnapshotResponseHandler: received a reply omNode-1<-omNode-2#0:FAIL-t6,IN_PROGRESS
2022-09-29 01:23:45,857 [grpc-default-executor-0] INFO  server.GrpcLogAppender (GrpcLogAppender.java:onNext(421)) - omNode-1@group-523986131536->omNode-2-InstallSnapshotResponseHandler: InstallSnapshot in progress.
2022-09-29 01:23:45,857 [omNode-1@group-523986131536->omNode-2-GrpcLogAppender-LogAppenderDaemon] INFO  server.GrpcLogAppender (GrpcLogAppender.java:installSnapshot(541)) - omNode-1@group-523986131536->omNode-2-GrpcLogAppender: followerNextIndex = 57 but logStartIndex = 59, notify follower to install snapshot-(t:6, i:59)
2022-09-29 01:23:45,857 [omNode-1@group-523986131536->omNode-2-GrpcLogAppender-LogAppenderDaemon] INFO  server.GrpcLogAppender (GrpcLogAppender.java:installSnapshot(549)) - omNode-1@group-523986131536->omNode-2-GrpcLogAppender: send omNode-1->omNode-2#0-t6,notify:(t:6, i:59)
2022-09-29 01:23:45,857 [grpc-default-executor-3] INFO  leader.FollowerInfo (FollowerInfoImpl.java:lambda$new$0(48)) - omNode-1@group-523986131536->omNode-2: nextIndex: updateUnconditionally 57 -> 57
2022-09-29 01:23:45,858 [omNode-2-server-thread1] INFO  server.RaftServer$Division (RaftServerImpl.java:checkInconsistentAppendEntries(1402)) - omNode-2@group-523986131536: Failed appendEntries as snapshot (59) installation is in progress
2022-09-29 01:23:45,858 [omNode-2-server-thread1] INFO  server.RaftServer$Division (RaftServerImpl.java:checkInconsistentAppendEntries(1394)) - omNode-2@group-523986131536: inconsistency entries. Reply:omNode-1<-omNode-2#581:FAIL-t6,INCONSISTENCY,nextIndex=57,followerCommit=56
2022-09-29 01:23:45,858 [grpc-default-executor-2] INFO  impl.SnapshotInstallationHandler (SnapshotInstallationHandler.java:installSnapshot(84)) - omNode-2@group-523986131536: receive installSnapshot: omNode-1->omNode-2#0-t6,notify:(t:6, i:59)
2022-09-29 01:23:45,859 [grpc-default-executor-2] INFO  impl.SnapshotInstallationHandler (SnapshotInstallationHandler.java:installSnapshot(95)) - omNode-2@group-523986131536: reply installSnapshot: omNode-1<-omNode-2#0:FAIL-t6,IN_PROGRESS
2022-09-29 01:23:45,859 [grpc-default-executor-2] INFO  server.GrpcServerProtocolService (GrpcServerProtocolService.java:onCompleted(140)) - omNode-2: Completed INSTALL_SNAPSHOT, lastRequest: omNode-1->omNode-2#0-t6,notify:(t:6, i:59)
2022-09-29 01:23:45,859 [grpc-default-executor-2] INFO  leader.FollowerInfo (FollowerInfoImpl.java:lambda$new$0(48)) - omNode-1@group-523986131536->omNode-2: nextIndex: updateUnconditionally 57 -> 57
2022-09-29 01:23:45,859 [grpc-default-executor-2] INFO  server.GrpcLogAppender (GrpcLogAppender.java:onNext(403)) - omNode-1@group-523986131536->omNode-2-InstallSnapshotResponseHandler: received a reply omNode-1<-omNode-2#0:FAIL-t6,IN_PROGRESS
2022-09-29 01:23:45,859 [grpc-default-executor-2] INFO  server.GrpcLogAppender (GrpcLogAppender.java:onNext(421)) - omNode-1@group-523986131536->omNode-2-InstallSnapshotResponseHandler: InstallSnapshot in progress.
2022-09-29 01:23:45,860 [omNode-1@group-523986131536->omNode-2-GrpcLogAppender-LogAppenderDaemon] INFO  server.GrpcLogAppender (GrpcLogAppender.java:installSnapshot(541)) - omNode-1@group-523986131536->omNode-2-GrpcLogAppender: followerNextIndex = 57 but logStartIndex = 59, notify follower to install snapshot-(t:6, i:59)
2022-09-29 01:23:45,860 [omNode-1@group-523986131536->omNode-2-GrpcLogAppender-LogAppenderDaemon] INFO  server.GrpcLogAppender (GrpcLogAppender.java:installSnapshot(549)) - omNode-1@group-523986131536->omNode-2-GrpcLogAppender: send omNode-1->omNode-2#0-t6,notify:(t:6, i:59)
2022-09-29 01:23:45,860 [omNode-2-server-thread1] INFO  server.RaftServer$Division (RaftServerImpl.java:checkInconsistentAppendEntries(1402)) - omNode-2@group-523986131536: Failed appendEntries as snapshot (59) installation is in progress
2022-09-29 01:23:45,860 [omNode-2-server-thread1] INFO  server.RaftServer$Division (RaftServerImpl.java:checkInconsistentAppendEntries(1394)) - omNode-2@group-523986131536: inconsistency entries. Reply:omNode-1<-omNode-2#582:FAIL-t6,INCONSISTENCY,nextIndex=57,followerCommit=56
2022-09-29 01:23:45,861 [grpc-default-executor-3] INFO  impl.SnapshotInstallationHandler (SnapshotInstallationHandler.java:installSnapshot(84)) - omNode-2@group-523986131536: receive installSnapshot: omNode-1->omNode-2#0-t6,notify:(t:6, i:59)
2022-09-29 01:23:45,861 [grpc-default-executor-3] INFO  impl.SnapshotInstallationHandler (SnapshotInstallationHandler.java:installSnapshot(95)) - omNode-2@group-523986131536: reply installSnapshot: omNode-1<-omNode-2#0:FAIL-t6,IN_PROGRESS
2022-09-29 01:23:45,861 [grpc-default-executor-3] INFO  server.GrpcServerProtocolService (GrpcServerProtocolService.java:onCompleted(140)) - omNode-2: Completed INSTALL_SNAPSHOT, lastRequest: omNode-1->omNode-2#0-t6,notify:(t:6, i:59)
2022-09-29 01:23:45,861 [grpc-default-executor-2] INFO  leader.FollowerInfo (FollowerInfoImpl.java:lambda$new$0(48)) - omNode-1@group-523986131536->omNode-2: nextIndex: updateUnconditionally 57 -> 57
2022-09-29 01:23:45,862 [grpc-default-executor-2] INFO  server.GrpcLogAppender (GrpcLogAppender.java:onNext(403)) - omNode-1@group-523986131536->omNode-2-InstallSnapshotResponseHandler: received a reply omNode-1<-omNode-2#0:FAIL-t6,IN_PROGRESS
2022-09-29 01:23:45,862 [grpc-default-executor-2] INFO  server.GrpcLogAppender (GrpcLogAppender.java:onNext(421)) - omNode-1@group-523986131536->omNode-2-InstallSnapshotResponseHandler: InstallSnapshot in progress.
2022-09-29 01:23:45,864 [omNode-1@group-523986131536->omNode-2-GrpcLogAppender-LogAppenderDaemon] INFO  server.GrpcLogAppender (GrpcLogAppender.java:installSnapshot(541)) - omNode-1@group-523986131536->omNode-2-GrpcLogAppender: followerNextIndex = 57 but logStartIndex = 59, notify follower to install snapshot-(t:6, i:59)
2022-09-29 01:23:45,864 [omNode-1@group-523986131536->omNode-2-GrpcLogAppender-LogAppenderDaemon] INFO  server.GrpcLogAppender (GrpcLogAppender.java:installSnapshot(549)) - omNode-1@group-523986131536->omNode-2-GrpcLogAppender: send omNode-1->omNode-2#0-t6,notify:(t:6, i:59)
2022-09-29 01:23:45,865 [omNode-2-server-thread1] INFO  server.RaftServer$Division (RaftServerImpl.java:checkInconsistentAppendEntries(1402)) - omNode-2@group-523986131536: Failed appendEntries as snapshot (59) installation is in progress
2022-09-29 01:23:45,865 [omNode-2-server-thread1] INFO  server.RaftServer$Division (RaftServerImpl.java:checkInconsistentAppendEntries(1394)) - omNode-2@group-523986131536: inconsistency entries. Reply:omNode-1<-omNode-2#583:FAIL-t6,INCONSISTENCY,nextIndex=57,followerCommit=56
2022-09-29 01:23:45,865 [grpc-default-executor-3] INFO  impl.SnapshotInstallationHandler (SnapshotInstallationHandler.java:installSnapshot(84)) - omNode-2@group-523986131536: receive installSnapshot: omNode-1->omNode-2#0-t6,notify:(t:6, i:59)
2022-09-29 01:23:45,865 [grpc-default-executor-3] INFO  impl.SnapshotInstallationHandler (SnapshotInstallationHandler.java:installSnapshot(95)) - omNode-2@group-523986131536: reply installSnapshot: omNode-1<-omNode-2#0:FAIL-t6,IN_PROGRESS
2022-09-29 01:23:45,865 [grpc-default-executor-3] INFO  server.GrpcServerProtocolService (GrpcServerProtocolService.java:onCompleted(140)) - omNode-2: Completed INSTALL_SNAPSHOT, lastRequest: omNode-1->omNode-2#0-t6,notify:(t:6, i:59)
2022-09-29 01:23:45,866 [grpc-default-executor-2] INFO  leader.FollowerInfo (FollowerInfoImpl.java:lambda$new$0(48)) - omNode-1@group-523986131536->omNode-2: nextIndex: updateUnconditionally 57 -> 57
2022-09-29 01:23:45,866 [grpc-default-executor-2] INFO  server.GrpcLogAppender (GrpcLogAppender.java:onNext(403)) - omNode-1@group-523986131536->omNode-2-InstallSnapshotResponseHandler: received a reply omNode-1<-omNode-2#0:FAIL-t6,IN_PROGRESS
2022-09-29 01:23:45,866 [grpc-default-executor-2] INFO  server.GrpcLogAppender (GrpcLogAppender.java:onNext(421)) - omNode-1@group-523986131536->omNode-2-InstallSnapshotResponseHandler: InstallSnapshot in progress.
2022-09-29 01:23:45,866 [omNode-1@group-523986131536->omNode-2-GrpcLogAppender-LogAppenderDaemon] INFO  server.GrpcLogAppender (GrpcLogAppender.java:installSnapshot(541)) - omNode-1@group-523986131536->omNode-2-GrpcLogAppender: followerNextIndex = 57 but logStartIndex = 59, notify follower to install snapshot-(t:6, i:59)
2022-09-29 01:23:45,866 [omNode-1@group-523986131536->omNode-2-GrpcLogAppender-LogAppenderDaemon] INFO  server.GrpcLogAppender (GrpcLogAppender.java:installSnapshot(549)) - omNode-1@group-523986131536->omNode-2-GrpcLogAppender: send omNode-1->omNode-2#0-t6,notify:(t:6, i:59)
2022-09-29 01:23:45,867 [omNode-2-server-thread1] INFO  server.RaftServer$Division (RaftServerImpl.java:checkInconsistentAppendEntries(1402)) - omNode-2@group-523986131536: Failed appendEntries as snapshot (59) installation is in progress
2022-09-29 01:23:45,867 [omNode-2-server-thread1] INFO  server.RaftServer$Division (RaftServerImpl.java:checkInconsistentAppendEntries(1394)) - omNode-2@group-523986131536: inconsistency entries. Reply:omNode-1<-omNode-2#584:FAIL-t6,INCONSISTENCY,nextIndex=57,followerCommit=56
2022-09-29 01:23:45,867 [grpc-default-executor-0] INFO  impl.SnapshotInstallationHandler (SnapshotInstallationHandler.java:installSnapshot(84)) - omNode-2@group-523986131536: receive installSnapshot: omNode-1->omNode-2#0-t6,notify:(t:6, i:59)
2022-09-29 01:23:45,867 [grpc-default-executor-0] INFO  impl.SnapshotInstallationHandler (SnapshotInstallationHandler.java:installSnapshot(95)) - omNode-2@group-523986131536: reply installSnapshot: omNode-1<-omNode-2#0:FAIL-t6,IN_PROGRESS
2022-09-29 01:23:45,868 [grpc-default-executor-0] INFO  server.GrpcServerProtocolService (GrpcServerProtocolService.java:onCompleted(140)) - omNode-2: Completed INSTALL_SNAPSHOT, lastRequest: omNode-1->omNode-2#0-t6,notify:(t:6, i:59)
2022-09-29 01:23:45,868 [grpc-default-executor-2] INFO  leader.FollowerInfo (FollowerInfoImpl.java:lambda$new$0(48)) - omNode-1@group-523986131536->omNode-2: nextIndex: updateUnconditionally 57 -> 57
2022-09-29 01:23:45,868 [grpc-default-executor-2] INFO  server.GrpcLogAppender (GrpcLogAppender.java:onNext(403)) - omNode-1@group-523986131536->omNode-2-InstallSnapshotResponseHandler: received a reply omNode-1<-omNode-2#0:FAIL-t6,IN_PROGRESS
2022-09-29 01:23:45,868 [grpc-default-executor-2] INFO  server.GrpcLogAppender (GrpcLogAppender.java:onNext(421)) - omNode-1@group-523986131536->omNode-2-InstallSnapshotResponseHandler: InstallSnapshot in progress.
2022-09-29 01:23:45,868 [omNode-1@group-523986131536->omNode-2-GrpcLogAppender-LogAppenderDaemon] INFO  server.GrpcLogAppender (GrpcLogAppender.java:installSnapshot(541)) - omNode-1@group-523986131536->omNode-2-GrpcLogAppender: followerNextIndex = 57 but logStartIndex = 59, notify follower to install snapshot-(t:6, i:59)
2022-09-29 01:23:45,869 [omNode-1@group-523986131536->omNode-2-GrpcLogAppender-LogAppenderDaemon] INFO  server.GrpcLogAppender (GrpcLogAppender.java:installSnapshot(549)) - omNode-1@group-523986131536->omNode-2-GrpcLogAppender: send omNode-1->omNode-2#0-t6,notify:(t:6, i:59)
2022-09-29 01:23:45,869 [omNode-2-server-thread1] INFO  server.RaftServer$Division (RaftServerImpl.java:checkInconsistentAppendEntries(1402)) - omNode-2@group-523986131536: Failed appendEntries as snapshot (59) installation is in progress
2022-09-29 01:23:45,869 [omNode-2-server-thread1] INFO  server.RaftServer$Division (RaftServerImpl.java:checkInconsistentAppendEntries(1394)) - omNode-2@group-523986131536: inconsistency entries. Reply:omNode-1<-omNode-2#585:FAIL-t6,INCONSISTENCY,nextIndex=57,followerCommit=56
2022-09-29 01:23:45,870 [grpc-default-executor-0] INFO  impl.SnapshotInstallationHandler (SnapshotInstallationHandler.java:installSnapshot(84)) - omNode-2@group-523986131536: receive installSnapshot: omNode-1->omNode-2#0-t6,notify:(t:6, i:59)
2022-09-29 01:23:45,870 [grpc-default-executor-0] INFO  impl.SnapshotInstallationHandler (SnapshotInstallationHandler.java:installSnapshot(95)) - omNode-2@group-523986131536: reply installSnapshot: omNode-1<-omNode-2#0:FAIL-t6,IN_PROGRESS
2022-09-29 01:23:45,870 [grpc-default-executor-0] INFO  server.GrpcServerProtocolService (GrpcServerProtocolService.java:onCompleted(140)) - omNode-2: Completed INSTALL_SNAPSHOT, lastRequest: omNode-1->omNode-2#0-t6,notify:(t:6, i:59)
2022-09-29 01:23:45,870 [grpc-default-executor-2] INFO  leader.FollowerInfo (FollowerInfoImpl.java:lambda$new$0(48)) - omNode-1@group-523986131536->omNode-2: nextIndex: updateUnconditionally 57 -> 57
2022-09-29 01:23:45,870 [grpc-default-executor-2] INFO  server.GrpcLogAppender (GrpcLogAppender.java:onNext(403)) - omNode-1@group-523986131536->omNode-2-InstallSnapshotResponseHandler: received a reply omNode-1<-omNode-2#0:FAIL-t6,IN_PROGRESS
2022-09-29 01:23:45,871 [grpc-default-executor-2] INFO  server.GrpcLogAppender (GrpcLogAppender.java:onNext(421)) - omNode-1@group-523986131536->omNode-2-InstallSnapshotResponseHandler: InstallSnapshot in progress.
2022-09-29 01:23:45,871 [omNode-1@group-523986131536->omNode-2-GrpcLogAppender-LogAppenderDaemon] INFO  server.GrpcLogAppender (GrpcLogAppender.java:installSnapshot(541)) - omNode-1@group-523986131536->omNode-2-GrpcLogAppender: followerNextIndex = 57 but logStartIndex = 59, notify follower to install snapshot-(t:6, i:59)
2022-09-29 01:23:45,871 [omNode-1@group-523986131536->omNode-2-GrpcLogAppender-LogAppenderDaemon] INFO  server.GrpcLogAppender (GrpcLogAppender.java:installSnapshot(549)) - omNode-1@group-523986131536->omNode-2-GrpcLogAppender: send omNode-1->omNode-2#0-t6,notify:(t:6, i:59)
2022-09-29 01:23:45,871 [omNode-2-server-thread1] INFO  server.RaftServer$Division (RaftServerImpl.java:checkInconsistentAppendEntries(1402)) - omNode-2@group-523986131536: Failed appendEntries as snapshot (59) installation is in progress
2022-09-29 01:23:45,872 [omNode-2-server-thread1] INFO  server.RaftServer$Division (RaftServerImpl.java:checkInconsistentAppendEntries(1394)) - omNode-2@group-523986131536: inconsistency entries. Reply:omNode-1<-omNode-2#586:FAIL-t6,INCONSISTENCY,nextIndex=57,followerCommit=56
2022-09-29 01:23:45,872 [grpc-default-executor-3] INFO  impl.SnapshotInstallationHandler (SnapshotInstallationHandler.java:installSnapshot(84)) - omNode-2@group-523986131536: receive installSnapshot: omNode-1->omNode-2#0-t6,notify:(t:6, i:59)
2022-09-29 01:23:45,872 [grpc-default-executor-3] INFO  impl.SnapshotInstallationHandler (SnapshotInstallationHandler.java:installSnapshot(95)) - omNode-2@group-523986131536: reply installSnapshot: omNode-1<-omNode-2#0:FAIL-t6,IN_PROGRESS
2022-09-29 01:23:45,872 [grpc-default-executor-3] INFO  server.GrpcServerProtocolService (GrpcServerProtocolService.java:onCompleted(140)) - omNode-2: Completed INSTALL_SNAPSHOT, lastRequest: omNode-1->omNode-2#0-t6,notify:(t:6, i:59)
2022-09-29 01:23:45,872 [grpc-default-executor-2] INFO  leader.FollowerInfo (FollowerInfoImpl.java:lambda$new$0(48)) - omNode-1@group-523986131536->omNode-2: nextIndex: updateUnconditionally 57 -> 57
2022-09-29 01:23:45,873 [grpc-default-executor-2] INFO  server.GrpcLogAppender (GrpcLogAppender.java:onNext(403)) - omNode-1@group-523986131536->omNode-2-InstallSnapshotResponseHandler: received a reply omNode-1<-omNode-2#0:FAIL-t6,IN_PROGRESS
2022-09-29 01:23:45,873 [grpc-default-executor-2] INFO  server.GrpcLogAppender (GrpcLogAppender.java:onNext(421)) - omNode-1@group-523986131536->omNode-2-InstallSnapshotResponseHandler: InstallSnapshot in progress.
2022-09-29 01:23:45,873 [omNode-1@group-523986131536->omNode-2-GrpcLogAppender-LogAppenderDaemon] INFO  server.GrpcLogAppender (GrpcLogAppender.java:installSnapshot(541)) - omNode-1@group-523986131536->omNode-2-GrpcLogAppender: followerNextIndex = 57 but logStartIndex = 59, notify follower to install snapshot-(t:6, i:59)
2022-09-29 01:23:45,873 [omNode-1@group-523986131536->omNode-2-GrpcLogAppender-LogAppenderDaemon] INFO  server.GrpcLogAppender (GrpcLogAppender.java:installSnapshot(549)) - omNode-1@group-523986131536->omNode-2-GrpcLogAppender: send omNode-1->omNode-2#0-t6,notify:(t:6, i:59)
2022-09-29 01:23:45,874 [omNode-2-server-thread1] INFO  server.RaftServer$Division (RaftServerImpl.java:checkInconsistentAppendEntries(1402)) - omNode-2@group-523986131536: Failed appendEntries as snapshot (59) installation is in progress
2022-09-29 01:23:45,874 [omNode-2-server-thread1] INFO  server.RaftServer$Division (RaftServerImpl.java:checkInconsistentAppendEntries(1394)) - omNode-2@group-523986131536: inconsistency entries. Reply:omNode-1<-omNode-2#587:FAIL-t6,INCONSISTENCY,nextIndex=57,followerCommit=56
2022-09-29 01:23:45,874 [grpc-default-executor-0] INFO  impl.SnapshotInstallationHandler (SnapshotInstallationHandler.java:installSnapshot(84)) - omNode-2@group-523986131536: receive installSnapshot: omNode-1->omNode-2#0-t6,notify:(t:6, i:59)
2022-09-29 01:23:45,874 [grpc-default-executor-0] INFO  impl.SnapshotInstallationHandler (SnapshotInstallationHandler.java:installSnapshot(95)) - omNode-2@group-523986131536: reply installSnapshot: omNode-1<-omNode-2#0:FAIL-t6,IN_PROGRESS
2022-09-29 01:23:45,874 [grpc-default-executor-0] INFO  server.GrpcServerProtocolService (GrpcServerProtocolService.java:onCompleted(140)) - omNode-2: Completed INSTALL_SNAPSHOT, lastRequest: omNode-1->omNode-2#0-t6,notify:(t:6, i:59)
2022-09-29 01:23:45,875 [grpc-default-executor-2] INFO  leader.FollowerInfo (FollowerInfoImpl.java:lambda$new$0(48)) - omNode-1@group-523986131536->omNode-2: nextIndex: updateUnconditionally 57 -> 57
2022-09-29 01:23:45,875 [grpc-default-executor-2] INFO  server.GrpcLogAppender (GrpcLogAppender.java:onNext(403)) - omNode-1@group-523986131536->omNode-2-InstallSnapshotResponseHandler: received a reply omNode-1<-omNode-2#0:FAIL-t6,IN_PROGRESS
2022-09-29 01:23:45,875 [grpc-default-executor-2] INFO  server.GrpcLogAppender (GrpcLogAppender.java:onNext(421)) - omNode-1@group-523986131536->omNode-2-InstallSnapshotResponseHandler: InstallSnapshot in progress.
2022-09-29 01:23:45,875 [omNode-1@group-523986131536->omNode-2-GrpcLogAppender-LogAppenderDaemon] INFO  server.GrpcLogAppender (GrpcLogAppender.java:installSnapshot(541)) - omNode-1@group-523986131536->omNode-2-GrpcLogAppender: followerNextIndex = 57 but logStartIndex = 59, notify follower to install snapshot-(t:6, i:59)
2022-09-29 01:23:45,875 [omNode-1@group-523986131536->omNode-2-GrpcLogAppender-LogAppenderDaemon] INFO  server.GrpcLogAppender (GrpcLogAppender.java:installSnapshot(549)) - omNode-1@group-523986131536->omNode-2-GrpcLogAppender: send omNode-1->omNode-2#0-t6,notify:(t:6, i:59)
2022-09-29 01:23:45,876 [omNode-2-server-thread1] INFO  server.RaftServer$Division (RaftServerImpl.java:checkInconsistentAppendEntries(1402)) - omNode-2@group-523986131536: Failed appendEntries as snapshot (59) installation is in progress
2022-09-29 01:23:45,876 [omNode-2-server-thread1] INFO  server.RaftServer$Division (RaftServerImpl.java:checkInconsistentAppendEntries(1394)) - omNode-2@group-523986131536: inconsistency entries. Reply:omNode-1<-omNode-2#588:FAIL-t6,INCONSISTENCY,nextIndex=57,followerCommit=56
2022-09-29 01:23:45,876 [grpc-default-executor-0] INFO  impl.SnapshotInstallationHandler (SnapshotInstallationHandler.java:installSnapshot(84)) - omNode-2@group-523986131536: receive installSnapshot: omNode-1->omNode-2#0-t6,notify:(t:6, i:59)
2022-09-29 01:23:45,876 [grpc-default-executor-0] INFO  impl.SnapshotInstallationHandler (SnapshotInstallationHandler.java:installSnapshot(95)) - omNode-2@group-523986131536: reply installSnapshot: omNode-1<-omNode-2#0:FAIL-t6,IN_PROGRESS
2022-09-29 01:23:45,877 [grpc-default-executor-0] INFO  server.GrpcServerProtocolService (GrpcServerProtocolService.java:onCompleted(140)) - omNode-2: Completed INSTALL_SNAPSHOT, lastRequest: omNode-1->omNode-2#0-t6,notify:(t:6, i:59)
2022-09-29 01:23:45,880 [grpc-default-executor-2] INFO  leader.FollowerInfo (FollowerInfoImpl.java:lambda$new$0(48)) - omNode-1@group-523986131536->omNode-2: nextIndex: updateUnconditionally 57 -> 57
2022-09-29 01:23:45,880 [grpc-default-executor-2] INFO  server.GrpcLogAppender (GrpcLogAppender.java:onNext(403)) - omNode-1@group-523986131536->omNode-2-InstallSnapshotResponseHandler: received a reply omNode-1<-omNode-2#0:FAIL-t6,IN_PROGRESS
2022-09-29 01:23:45,880 [grpc-default-executor-2] INFO  server.GrpcLogAppender (GrpcLogAppender.java:onNext(421)) - omNode-1@group-523986131536->omNode-2-InstallSnapshotResponseHandler: InstallSnapshot in progress.
2022-09-29 01:23:45,880 [omNode-1@group-523986131536->omNode-2-GrpcLogAppender-LogAppenderDaemon] INFO  server.GrpcLogAppender (GrpcLogAppender.java:installSnapshot(541)) - omNode-1@group-523986131536->omNode-2-GrpcLogAppender: followerNextIndex = 57 but logStartIndex = 59, notify follower to install snapshot-(t:6, i:59)
2022-09-29 01:23:45,880 [omNode-1@group-523986131536->omNode-2-GrpcLogAppender-LogAppenderDaemon] INFO  server.GrpcLogAppender (GrpcLogAppender.java:installSnapshot(549)) - omNode-1@group-523986131536->omNode-2-GrpcLogAppender: send omNode-1->omNode-2#0-t6,notify:(t:6, i:59)
2022-09-29 01:23:45,881 [omNode-2-server-thread1] INFO  server.RaftServer$Division (RaftServerImpl.java:checkInconsistentAppendEntries(1402)) - omNode-2@group-523986131536: Failed appendEntries as snapshot (59) installation is in progress
2022-09-29 01:23:45,881 [omNode-2-server-thread1] INFO  server.RaftServer$Division (RaftServerImpl.java:checkInconsistentAppendEntries(1394)) - omNode-2@group-523986131536: inconsistency entries. Reply:omNode-1<-omNode-2#589:FAIL-t6,INCONSISTENCY,nextIndex=57,followerCommit=56
2022-09-29 01:23:45,881 [grpc-default-executor-3] INFO  impl.SnapshotInstallationHandler (SnapshotInstallationHandler.java:installSnapshot(84)) - omNode-2@group-523986131536: receive installSnapshot: omNode-1->omNode-2#0-t6,notify:(t:6, i:59)
2022-09-29 01:23:45,881 [grpc-default-executor-3] INFO  impl.SnapshotInstallationHandler (SnapshotInstallationHandler.java:installSnapshot(95)) - omNode-2@group-523986131536: reply installSnapshot: omNode-1<-omNode-2#0:FAIL-t6,IN_PROGRESS
2022-09-29 01:23:45,881 [grpc-default-executor-3] INFO  server.GrpcServerProtocolService (GrpcServerProtocolService.java:onCompleted(140)) - omNode-2: Completed INSTALL_SNAPSHOT, lastRequest: omNode-1->omNode-2#0-t6,notify:(t:6, i:59)
2022-09-29 01:23:45,882 [grpc-default-executor-2] INFO  leader.FollowerInfo (FollowerInfoImpl.java:lambda$new$0(48)) - omNode-1@group-523986131536->omNode-2: nextIndex: updateUnconditionally 57 -> 57
2022-09-29 01:23:45,882 [grpc-default-executor-2] INFO  server.GrpcLogAppender (GrpcLogAppender.java:onNext(403)) - omNode-1@group-523986131536->omNode-2-InstallSnapshotResponseHandler: received a reply omNode-1<-omNode-2#0:FAIL-t6,IN_PROGRESS
2022-09-29 01:23:45,882 [grpc-default-executor-2] INFO  server.GrpcLogAppender (GrpcLogAppender.java:onNext(421)) - omNode-1@group-523986131536->omNode-2-InstallSnapshotResponseHandler: InstallSnapshot in progress.
2022-09-29 01:23:45,882 [omNode-1@group-523986131536->omNode-2-GrpcLogAppender-LogAppenderDaemon] INFO  server.GrpcLogAppender (GrpcLogAppender.java:installSnapshot(541)) - omNode-1@group-523986131536->omNode-2-GrpcLogAppender: followerNextIndex = 57 but logStartIndex = 59, notify follower to install snapshot-(t:6, i:59)
2022-09-29 01:23:45,882 [omNode-1@group-523986131536->omNode-2-GrpcLogAppender-LogAppenderDaemon] INFO  server.GrpcLogAppender (GrpcLogAppender.java:installSnapshot(549)) - omNode-1@group-523986131536->omNode-2-GrpcLogAppender: send omNode-1->omNode-2#0-t6,notify:(t:6, i:59)
2022-09-29 01:23:45,883 [omNode-2-server-thread1] INFO  server.RaftServer$Division (RaftServerImpl.java:checkInconsistentAppendEntries(1402)) - omNode-2@group-523986131536: Failed appendEntries as snapshot (59) installation is in progress
2022-09-29 01:23:45,883 [omNode-2-server-thread1] INFO  server.RaftServer$Division (RaftServerImpl.java:checkInconsistentAppendEntries(1394)) - omNode-2@group-523986131536: inconsistency entries. Reply:omNode-1<-omNode-2#590:FAIL-t6,INCONSISTENCY,nextIndex=57,followerCommit=56
2022-09-29 01:23:45,883 [grpc-default-executor-0] INFO  impl.SnapshotInstallationHandler (SnapshotInstallationHandler.java:installSnapshot(84)) - omNode-2@group-523986131536: receive installSnapshot: omNode-1->omNode-2#0-t6,notify:(t:6, i:59)
2022-09-29 01:23:45,884 [grpc-default-executor-0] INFO  impl.SnapshotInstallationHandler (SnapshotInstallationHandler.java:installSnapshot(95)) - omNode-2@group-523986131536: reply installSnapshot: omNode-1<-omNode-2#0:FAIL-t6,IN_PROGRESS
2022-09-29 01:23:45,884 [grpc-default-executor-0] INFO  server.GrpcServerProtocolService (GrpcServerProtocolService.java:onCompleted(140)) - omNode-2: Completed INSTALL_SNAPSHOT, lastRequest: omNode-1->omNode-2#0-t6,notify:(t:6, i:59)
2022-09-29 01:23:45,884 [grpc-default-executor-2] INFO  leader.FollowerInfo (FollowerInfoImpl.java:lambda$new$0(48)) - omNode-1@group-523986131536->omNode-2: nextIndex: updateUnconditionally 57 -> 57
2022-09-29 01:23:45,884 [grpc-default-executor-2] INFO  server.GrpcLogAppender (GrpcLogAppender.java:onNext(403)) - omNode-1@group-523986131536->omNode-2-InstallSnapshotResponseHandler: received a reply omNode-1<-omNode-2#0:FAIL-t6,IN_PROGRESS
2022-09-29 01:23:45,884 [grpc-default-executor-2] INFO  server.GrpcLogAppender (GrpcLogAppender.java:onNext(421)) - omNode-1@group-523986131536->omNode-2-InstallSnapshotResponseHandler: InstallSnapshot in progress.
2022-09-29 01:23:45,885 [omNode-1@group-523986131536->omNode-2-GrpcLogAppender-LogAppenderDaemon] INFO  server.GrpcLogAppender (GrpcLogAppender.java:installSnapshot(541)) - omNode-1@group-523986131536->omNode-2-GrpcLogAppender: followerNextIndex = 57 but logStartIndex = 59, notify follower to install snapshot-(t:6, i:59)
2022-09-29 01:23:45,885 [omNode-1@group-523986131536->omNode-2-GrpcLogAppender-LogAppenderDaemon] INFO  server.GrpcLogAppender (GrpcLogAppender.java:installSnapshot(549)) - omNode-1@group-523986131536->omNode-2-GrpcLogAppender: send omNode-1->omNode-2#0-t6,notify:(t:6, i:59)
2022-09-29 01:23:45,885 [omNode-2-server-thread1] INFO  server.RaftServer$Division (RaftServerImpl.java:checkInconsistentAppendEntries(1402)) - omNode-2@group-523986131536: Failed appendEntries as snapshot (59) installation is in progress
2022-09-29 01:23:45,885 [omNode-2-server-thread1] INFO  server.RaftServer$Division (RaftServerImpl.java:checkInconsistentAppendEntries(1394)) - omNode-2@group-523986131536: inconsistency entries. Reply:omNode-1<-omNode-2#591:FAIL-t6,INCONSISTENCY,nextIndex=57,followerCommit=56
2022-09-29 01:23:45,886 [grpc-default-executor-0] INFO  impl.SnapshotInstallationHandler (SnapshotInstallationHandler.java:installSnapshot(84)) - omNode-2@group-523986131536: receive installSnapshot: omNode-1->omNode-2#0-t6,notify:(t:6, i:59)
2022-09-29 01:23:45,886 [grpc-default-executor-0] INFO  impl.SnapshotInstallationHandler (SnapshotInstallationHandler.java:installSnapshot(95)) - omNode-2@group-523986131536: reply installSnapshot: omNode-1<-omNode-2#0:FAIL-t6,IN_PROGRESS
2022-09-29 01:23:45,886 [grpc-default-executor-0] INFO  server.GrpcServerProtocolService (GrpcServerProtocolService.java:onCompleted(140)) - omNode-2: Completed INSTALL_SNAPSHOT, lastRequest: omNode-1->omNode-2#0-t6,notify:(t:6, i:59)
2022-09-29 01:23:45,886 [grpc-default-executor-2] INFO  leader.FollowerInfo (FollowerInfoImpl.java:lambda$new$0(48)) - omNode-1@group-523986131536->omNode-2: nextIndex: updateUnconditionally 57 -> 57
2022-09-29 01:23:45,887 [grpc-default-executor-2] INFO  server.GrpcLogAppender (GrpcLogAppender.java:onNext(403)) - omNode-1@group-523986131536->omNode-2-InstallSnapshotResponseHandler: received a reply omNode-1<-omNode-2#0:FAIL-t6,IN_PROGRESS
2022-09-29 01:23:45,887 [grpc-default-executor-2] INFO  server.GrpcLogAppender (GrpcLogAppender.java:onNext(421)) - omNode-1@group-523986131536->omNode-2-InstallSnapshotResponseHandler: InstallSnapshot in progress.
2022-09-29 01:23:45,887 [omNode-1@group-523986131536->omNode-2-GrpcLogAppender-LogAppenderDaemon] INFO  server.GrpcLogAppender (GrpcLogAppender.java:installSnapshot(541)) - omNode-1@group-523986131536->omNode-2-GrpcLogAppender: followerNextIndex = 57 but logStartIndex = 59, notify follower to install snapshot-(t:6, i:59)
2022-09-29 01:23:45,887 [omNode-1@group-523986131536->omNode-2-GrpcLogAppender-LogAppenderDaemon] INFO  server.GrpcLogAppender (GrpcLogAppender.java:installSnapshot(549)) - omNode-1@group-523986131536->omNode-2-GrpcLogAppender: send omNode-1->omNode-2#0-t6,notify:(t:6, i:59)
2022-09-29 01:23:45,888 [omNode-2-server-thread1] INFO  server.RaftServer$Division (RaftServerImpl.java:checkInconsistentAppendEntries(1402)) - omNode-2@group-523986131536: Failed appendEntries as snapshot (59) installation is in progress
2022-09-29 01:23:45,888 [omNode-2-server-thread1] INFO  server.RaftServer$Division (RaftServerImpl.java:checkInconsistentAppendEntries(1394)) - omNode-2@group-523986131536: inconsistency entries. Reply:omNode-1<-omNode-2#592:FAIL-t6,INCONSISTENCY,nextIndex=57,followerCommit=56
2022-09-29 01:23:45,888 [grpc-default-executor-0] INFO  impl.SnapshotInstallationHandler (SnapshotInstallationHandler.java:installSnapshot(84)) - omNode-2@group-523986131536: receive installSnapshot: omNode-1->omNode-2#0-t6,notify:(t:6, i:59)
2022-09-29 01:23:45,888 [grpc-default-executor-0] INFO  impl.SnapshotInstallationHandler (SnapshotInstallationHandler.java:installSnapshot(95)) - omNode-2@group-523986131536: reply installSnapshot: omNode-1<-omNode-2#0:FAIL-t6,IN_PROGRESS
2022-09-29 01:23:45,888 [grpc-default-executor-0] INFO  server.GrpcServerProtocolService (GrpcServerProtocolService.java:onCompleted(140)) - omNode-2: Completed INSTALL_SNAPSHOT, lastRequest: omNode-1->omNode-2#0-t6,notify:(t:6, i:59)
2022-09-29 01:23:45,889 [grpc-default-executor-2] INFO  leader.FollowerInfo (FollowerInfoImpl.java:lambda$new$0(48)) - omNode-1@group-523986131536->omNode-2: nextIndex: updateUnconditionally 57 -> 57
2022-09-29 01:23:45,889 [grpc-default-executor-2] INFO  server.GrpcLogAppender (GrpcLogAppender.java:onNext(403)) - omNode-1@group-523986131536->omNode-2-InstallSnapshotResponseHandler: received a reply omNode-1<-omNode-2#0:FAIL-t6,IN_PROGRESS
2022-09-29 01:23:45,889 [grpc-default-executor-2] INFO  server.GrpcLogAppender (GrpcLogAppender.java:onNext(421)) - omNode-1@group-523986131536->omNode-2-InstallSnapshotResponseHandler: InstallSnapshot in progress.
2022-09-29 01:23:45,889 [omNode-1@group-523986131536->omNode-2-GrpcLogAppender-LogAppenderDaemon] INFO  server.GrpcLogAppender (GrpcLogAppender.java:installSnapshot(541)) - omNode-1@group-523986131536->omNode-2-GrpcLogAppender: followerNextIndex = 57 but logStartIndex = 59, notify follower to install snapshot-(t:6, i:59)
2022-09-29 01:23:45,889 [omNode-1@group-523986131536->omNode-2-GrpcLogAppender-LogAppenderDaemon] INFO  server.GrpcLogAppender (GrpcLogAppender.java:installSnapshot(549)) - omNode-1@group-523986131536->omNode-2-GrpcLogAppender: send omNode-1->omNode-2#0-t6,notify:(t:6, i:59)
2022-09-29 01:23:45,890 [omNode-2-server-thread1] INFO  server.RaftServer$Division (RaftServerImpl.java:checkInconsistentAppendEntries(1402)) - omNode-2@group-523986131536: Failed appendEntries as snapshot (59) installation is in progress
2022-09-29 01:23:45,890 [omNode-2-server-thread1] INFO  server.RaftServer$Division (RaftServerImpl.java:checkInconsistentAppendEntries(1394)) - omNode-2@group-523986131536: inconsistency entries. Reply:omNode-1<-omNode-2#593:FAIL-t6,INCONSISTENCY,nextIndex=57,followerCommit=56
2022-09-29 01:23:45,890 [grpc-default-executor-3] INFO  impl.SnapshotInstallationHandler (SnapshotInstallationHandler.java:installSnapshot(84)) - omNode-2@group-523986131536: receive installSnapshot: omNode-1->omNode-2#0-t6,notify:(t:6, i:59)
2022-09-29 01:23:45,890 [grpc-default-executor-3] INFO  impl.SnapshotInstallationHandler (SnapshotInstallationHandler.java:installSnapshot(95)) - omNode-2@group-523986131536: reply installSnapshot: omNode-1<-omNode-2#0:FAIL-t6,IN_PROGRESS
2022-09-29 01:23:45,890 [grpc-default-executor-3] INFO  server.GrpcServerProtocolService (GrpcServerProtocolService.java:onCompleted(140)) - omNode-2: Completed INSTALL_SNAPSHOT, lastRequest: omNode-1->omNode-2#0-t6,notify:(t:6, i:59)
2022-09-29 01:23:45,891 [grpc-default-executor-2] INFO  leader.FollowerInfo (FollowerInfoImpl.java:lambda$new$0(48)) - omNode-1@group-523986131536->omNode-2: nextIndex: updateUnconditionally 57 -> 57
2022-09-29 01:23:45,891 [grpc-default-executor-2] INFO  server.GrpcLogAppender (GrpcLogAppender.java:onNext(403)) - omNode-1@group-523986131536->omNode-2-InstallSnapshotResponseHandler: received a reply omNode-1<-omNode-2#0:FAIL-t6,IN_PROGRESS
2022-09-29 01:23:45,891 [grpc-default-executor-2] INFO  server.GrpcLogAppender (GrpcLogAppender.java:onNext(421)) - omNode-1@group-523986131536->omNode-2-InstallSnapshotResponseHandler: InstallSnapshot in progress.
2022-09-29 01:23:45,891 [omNode-1@group-523986131536->omNode-2-GrpcLogAppender-LogAppenderDaemon] INFO  server.GrpcLogAppender (GrpcLogAppender.java:installSnapshot(541)) - omNode-1@group-523986131536->omNode-2-GrpcLogAppender: followerNextIndex = 57 but logStartIndex = 59, notify follower to install snapshot-(t:6, i:59)
2022-09-29 01:23:45,891 [omNode-1@group-523986131536->omNode-2-GrpcLogAppender-LogAppenderDaemon] INFO  server.GrpcLogAppender (GrpcLogAppender.java:installSnapshot(549)) - omNode-1@group-523986131536->omNode-2-GrpcLogAppender: send omNode-1->omNode-2#0-t6,notify:(t:6, i:59)
2022-09-29 01:23:45,892 [omNode-2-server-thread1] INFO  server.RaftServer$Division (RaftServerImpl.java:checkInconsistentAppendEntries(1402)) - omNode-2@group-523986131536: Failed appendEntries as snapshot (59) installation is in progress
2022-09-29 01:23:45,892 [omNode-2-server-thread1] INFO  server.RaftServer$Division (RaftServerImpl.java:checkInconsistentAppendEntries(1394)) - omNode-2@group-523986131536: inconsistency entries. Reply:omNode-1<-omNode-2#594:FAIL-t6,INCONSISTENCY,nextIndex=57,followerCommit=56
2022-09-29 01:23:45,892 [grpc-default-executor-3] INFO  impl.SnapshotInstallationHandler (SnapshotInstallationHandler.java:installSnapshot(84)) - omNode-2@group-523986131536: receive installSnapshot: omNode-1->omNode-2#0-t6,notify:(t:6, i:59)
2022-09-29 01:23:45,892 [grpc-default-executor-3] INFO  impl.SnapshotInstallationHandler (SnapshotInstallationHandler.java:installSnapshot(95)) - omNode-2@group-523986131536: reply installSnapshot: omNode-1<-omNode-2#0:FAIL-t6,IN_PROGRESS
2022-09-29 01:23:45,893 [grpc-default-executor-3] INFO  server.GrpcServerProtocolService (GrpcServerProtocolService.java:onCompleted(140)) - omNode-2: Completed INSTALL_SNAPSHOT, lastRequest: omNode-1->omNode-2#0-t6,notify:(t:6, i:59)
2022-09-29 01:23:45,893 [grpc-default-executor-2] INFO  leader.FollowerInfo (FollowerInfoImpl.java:lambda$new$0(48)) - omNode-1@group-523986131536->omNode-2: nextIndex: updateUnconditionally 57 -> 57
2022-09-29 01:23:45,893 [grpc-default-executor-2] INFO  server.GrpcLogAppender (GrpcLogAppender.java:onNext(403)) - omNode-1@group-523986131536->omNode-2-InstallSnapshotResponseHandler: received a reply omNode-1<-omNode-2#0:FAIL-t6,IN_PROGRESS
2022-09-29 01:23:45,893 [grpc-default-executor-2] INFO  server.GrpcLogAppender (GrpcLogAppender.java:onNext(421)) - omNode-1@group-523986131536->omNode-2-InstallSnapshotResponseHandler: InstallSnapshot in progress.
2022-09-29 01:23:45,893 [omNode-1@group-523986131536->omNode-2-GrpcLogAppender-LogAppenderDaemon] INFO  server.GrpcLogAppender (GrpcLogAppender.java:installSnapshot(541)) - omNode-1@group-523986131536->omNode-2-GrpcLogAppender: followerNextIndex = 57 but logStartIndex = 59, notify follower to install snapshot-(t:6, i:59)
2022-09-29 01:23:45,894 [omNode-1@group-523986131536->omNode-2-GrpcLogAppender-LogAppenderDaemon] INFO  server.GrpcLogAppender (GrpcLogAppender.java:installSnapshot(549)) - omNode-1@group-523986131536->omNode-2-GrpcLogAppender: send omNode-1->omNode-2#0-t6,notify:(t:6, i:59)
2022-09-29 01:23:45,894 [omNode-2-server-thread1] INFO  server.RaftServer$Division (RaftServerImpl.java:checkInconsistentAppendEntries(1402)) - omNode-2@group-523986131536: Failed appendEntries as snapshot (59) installation is in progress
2022-09-29 01:23:45,894 [omNode-2-server-thread1] INFO  server.RaftServer$Division (RaftServerImpl.java:checkInconsistentAppendEntries(1394)) - omNode-2@group-523986131536: inconsistency entries. Reply:omNode-1<-omNode-2#595:FAIL-t6,INCONSISTENCY,nextIndex=57,followerCommit=56
2022-09-29 01:23:45,895 [grpc-default-executor-2] INFO  impl.SnapshotInstallationHandler (SnapshotInstallationHandler.java:installSnapshot(84)) - omNode-2@group-523986131536: receive installSnapshot: omNode-1->omNode-2#0-t6,notify:(t:6, i:59)
2022-09-29 01:23:45,895 [grpc-default-executor-2] INFO  impl.SnapshotInstallationHandler (SnapshotInstallationHandler.java:installSnapshot(95)) - omNode-2@group-523986131536: reply installSnapshot: omNode-1<-omNode-2#0:FAIL-t6,IN_PROGRESS
2022-09-29 01:23:45,895 [grpc-default-executor-2] INFO  server.GrpcServerProtocolService (GrpcServerProtocolService.java:onCompleted(140)) - omNode-2: Completed INSTALL_SNAPSHOT, lastRequest: omNode-1->omNode-2#0-t6,notify:(t:6, i:59)
2022-09-29 01:23:45,904 [grpc-default-executor-2] INFO  leader.FollowerInfo (FollowerInfoImpl.java:lambda$new$0(48)) - omNode-1@group-523986131536->omNode-2: nextIndex: updateUnconditionally 57 -> 57
2022-09-29 01:23:45,904 [grpc-default-executor-2] INFO  server.GrpcLogAppender (GrpcLogAppender.java:onNext(403)) - omNode-1@group-523986131536->omNode-2-InstallSnapshotResponseHandler: received a reply omNode-1<-omNode-2#0:FAIL-t6,IN_PROGRESS
2022-09-29 01:23:45,904 [grpc-default-executor-2] INFO  server.GrpcLogAppender (GrpcLogAppender.java:onNext(421)) - omNode-1@group-523986131536->omNode-2-InstallSnapshotResponseHandler: InstallSnapshot in progress.
2022-09-29 01:23:45,904 [omNode-1@group-523986131536->omNode-2-GrpcLogAppender-LogAppenderDaemon] INFO  server.GrpcLogAppender (GrpcLogAppender.java:installSnapshot(541)) - omNode-1@group-523986131536->omNode-2-GrpcLogAppender: followerNextIndex = 57 but logStartIndex = 59, notify follower to install snapshot-(t:6, i:59)
2022-09-29 01:23:45,905 [omNode-1@group-523986131536->omNode-2-GrpcLogAppender-LogAppenderDaemon] INFO  server.GrpcLogAppender (GrpcLogAppender.java:installSnapshot(549)) - omNode-1@group-523986131536->omNode-2-GrpcLogAppender: send omNode-1->omNode-2#0-t6,notify:(t:6, i:59)
2022-09-29 01:23:45,905 [omNode-2-server-thread1] INFO  server.RaftServer$Division (RaftServerImpl.java:checkInconsistentAppendEntries(1402)) - omNode-2@group-523986131536: Failed appendEntries as snapshot (59) installation is in progress
2022-09-29 01:23:45,905 [omNode-2-server-thread1] INFO  server.RaftServer$Division (RaftServerImpl.java:checkInconsistentAppendEntries(1394)) - omNode-2@group-523986131536: inconsistency entries. Reply:omNode-1<-omNode-2#596:FAIL-t6,INCONSISTENCY,nextIndex=57,followerCommit=56
2022-09-29 01:23:45,906 [grpc-default-executor-2] INFO  impl.SnapshotInstallationHandler (SnapshotInstallationHandler.java:installSnapshot(84)) - omNode-2@group-523986131536: receive installSnapshot: omNode-1->omNode-2#0-t6,notify:(t:6, i:59)
2022-09-29 01:23:45,906 [grpc-default-executor-2] INFO  impl.SnapshotInstallationHandler (SnapshotInstallationHandler.java:installSnapshot(95)) - omNode-2@group-523986131536: reply installSnapshot: omNode-1<-omNode-2#0:FAIL-t6,IN_PROGRESS
2022-09-29 01:23:45,906 [grpc-default-executor-2] INFO  server.GrpcServerProtocolService (GrpcServerProtocolService.java:onCompleted(140)) - omNode-2: Completed INSTALL_SNAPSHOT, lastRequest: omNode-1->omNode-2#0-t6,notify:(t:6, i:59)
2022-09-29 01:23:45,906 [grpc-default-executor-2] INFO  leader.FollowerInfo (FollowerInfoImpl.java:lambda$new$0(48)) - omNode-1@group-523986131536->omNode-2: nextIndex: updateUnconditionally 57 -> 57
2022-09-29 01:23:45,907 [grpc-default-executor-2] INFO  server.GrpcLogAppender (GrpcLogAppender.java:onNext(403)) - omNode-1@group-523986131536->omNode-2-InstallSnapshotResponseHandler: received a reply omNode-1<-omNode-2#0:FAIL-t6,IN_PROGRESS
2022-09-29 01:23:45,907 [grpc-default-executor-2] INFO  server.GrpcLogAppender (GrpcLogAppender.java:onNext(421)) - omNode-1@group-523986131536->omNode-2-InstallSnapshotResponseHandler: InstallSnapshot in progress.
2022-09-29 01:23:45,907 [omNode-1@group-523986131536->omNode-2-GrpcLogAppender-LogAppenderDaemon] INFO  server.GrpcLogAppender (GrpcLogAppender.java:installSnapshot(541)) - omNode-1@group-523986131536->omNode-2-GrpcLogAppender: followerNextIndex = 57 but logStartIndex = 59, notify follower to install snapshot-(t:6, i:59)
2022-09-29 01:23:45,907 [omNode-1@group-523986131536->omNode-2-GrpcLogAppender-LogAppenderDaemon] INFO  server.GrpcLogAppender (GrpcLogAppender.java:installSnapshot(549)) - omNode-1@group-523986131536->omNode-2-GrpcLogAppender: send omNode-1->omNode-2#0-t6,notify:(t:6, i:59)
2022-09-29 01:23:45,908 [omNode-2-server-thread1] INFO  server.RaftServer$Division (RaftServerImpl.java:checkInconsistentAppendEntries(1402)) - omNode-2@group-523986131536: Failed appendEntries as snapshot (59) installation is in progress
2022-09-29 01:23:45,908 [omNode-2-server-thread1] INFO  server.RaftServer$Division (RaftServerImpl.java:checkInconsistentAppendEntries(1394)) - omNode-2@group-523986131536: inconsistency entries. Reply:omNode-1<-omNode-2#597:FAIL-t6,INCONSISTENCY,nextIndex=57,followerCommit=56
2022-09-29 01:23:45,908 [grpc-default-executor-2] INFO  impl.SnapshotInstallationHandler (SnapshotInstallationHandler.java:installSnapshot(84)) - omNode-2@group-523986131536: receive installSnapshot: omNode-1->omNode-2#0-t6,notify:(t:6, i:59)
2022-09-29 01:23:45,908 [grpc-default-executor-2] INFO  impl.SnapshotInstallationHandler (SnapshotInstallationHandler.java:installSnapshot(95)) - omNode-2@group-523986131536: reply installSnapshot: omNode-1<-omNode-2#0:FAIL-t6,IN_PROGRESS
2022-09-29 01:23:45,908 [grpc-default-executor-2] INFO  server.GrpcServerProtocolService (GrpcServerProtocolService.java:onCompleted(140)) - omNode-2: Completed INSTALL_SNAPSHOT, lastRequest: omNode-1->omNode-2#0-t6,notify:(t:6, i:59)
2022-09-29 01:23:45,909 [grpc-default-executor-2] INFO  leader.FollowerInfo (FollowerInfoImpl.java:lambda$new$0(48)) - omNode-1@group-523986131536->omNode-2: nextIndex: updateUnconditionally 57 -> 57
2022-09-29 01:23:45,909 [grpc-default-executor-2] INFO  server.GrpcLogAppender (GrpcLogAppender.java:onNext(403)) - omNode-1@group-523986131536->omNode-2-InstallSnapshotResponseHandler: received a reply omNode-1<-omNode-2#0:FAIL-t6,IN_PROGRESS
2022-09-29 01:23:45,909 [grpc-default-executor-2] INFO  server.GrpcLogAppender (GrpcLogAppender.java:onNext(421)) - omNode-1@group-523986131536->omNode-2-InstallSnapshotResponseHandler: InstallSnapshot in progress.
2022-09-29 01:23:45,909 [omNode-1@group-523986131536->omNode-2-GrpcLogAppender-LogAppenderDaemon] INFO  server.GrpcLogAppender (GrpcLogAppender.java:installSnapshot(541)) - omNode-1@group-523986131536->omNode-2-GrpcLogAppender: followerNextIndex = 57 but logStartIndex = 59, notify follower to install snapshot-(t:6, i:59)
2022-09-29 01:23:45,909 [omNode-1@group-523986131536->omNode-2-GrpcLogAppender-LogAppenderDaemon] INFO  server.GrpcLogAppender (GrpcLogAppender.java:installSnapshot(549)) - omNode-1@group-523986131536->omNode-2-GrpcLogAppender: send omNode-1->omNode-2#0-t6,notify:(t:6, i:59)
2022-09-29 01:23:45,910 [omNode-2-server-thread1] INFO  server.RaftServer$Division (RaftServerImpl.java:checkInconsistentAppendEntries(1402)) - omNode-2@group-523986131536: Failed appendEntries as snapshot (59) installation is in progress
2022-09-29 01:23:45,910 [omNode-2-server-thread1] INFO  server.RaftServer$Division (RaftServerImpl.java:checkInconsistentAppendEntries(1394)) - omNode-2@group-523986131536: inconsistency entries. Reply:omNode-1<-omNode-2#598:FAIL-t6,INCONSISTENCY,nextIndex=57,followerCommit=56
2022-09-29 01:23:45,910 [grpc-default-executor-2] INFO  impl.SnapshotInstallationHandler (SnapshotInstallationHandler.java:installSnapshot(84)) - omNode-2@group-523986131536: receive installSnapshot: omNode-1->omNode-2#0-t6,notify:(t:6, i:59)
2022-09-29 01:23:45,910 [grpc-default-executor-2] INFO  impl.SnapshotInstallationHandler (SnapshotInstallationHandler.java:installSnapshot(95)) - omNode-2@group-523986131536: reply installSnapshot: omNode-1<-omNode-2#0:FAIL-t6,IN_PROGRESS
2022-09-29 01:23:45,910 [grpc-default-executor-2] INFO  server.GrpcServerProtocolService (GrpcServerProtocolService.java:onCompleted(140)) - omNode-2: Completed INSTALL_SNAPSHOT, lastRequest: omNode-1->omNode-2#0-t6,notify:(t:6, i:59)
2022-09-29 01:23:45,911 [grpc-default-executor-2] INFO  leader.FollowerInfo (FollowerInfoImpl.java:lambda$new$0(48)) - omNode-1@group-523986131536->omNode-2: nextIndex: updateUnconditionally 57 -> 57
2022-09-29 01:23:45,911 [grpc-default-executor-2] INFO  server.GrpcLogAppender (GrpcLogAppender.java:onNext(403)) - omNode-1@group-523986131536->omNode-2-InstallSnapshotResponseHandler: received a reply omNode-1<-omNode-2#0:FAIL-t6,IN_PROGRESS
2022-09-29 01:23:45,911 [grpc-default-executor-2] INFO  server.GrpcLogAppender (GrpcLogAppender.java:onNext(421)) - omNode-1@group-523986131536->omNode-2-InstallSnapshotResponseHandler: InstallSnapshot in progress.
2022-09-29 01:23:45,911 [omNode-1@group-523986131536->omNode-2-GrpcLogAppender-LogAppenderDaemon] INFO  server.GrpcLogAppender (GrpcLogAppender.java:installSnapshot(541)) - omNode-1@group-523986131536->omNode-2-GrpcLogAppender: followerNextIndex = 57 but logStartIndex = 59, notify follower to install snapshot-(t:6, i:59)
2022-09-29 01:23:45,911 [omNode-1@group-523986131536->omNode-2-GrpcLogAppender-LogAppenderDaemon] INFO  server.GrpcLogAppender (GrpcLogAppender.java:installSnapshot(549)) - omNode-1@group-523986131536->omNode-2-GrpcLogAppender: send omNode-1->omNode-2#0-t6,notify:(t:6, i:59)
2022-09-29 01:23:45,912 [omNode-2-server-thread1] INFO  server.RaftServer$Division (RaftServerImpl.java:checkInconsistentAppendEntries(1402)) - omNode-2@group-523986131536: Failed appendEntries as snapshot (59) installation is in progress
2022-09-29 01:23:45,912 [omNode-2-server-thread1] INFO  server.RaftServer$Division (RaftServerImpl.java:checkInconsistentAppendEntries(1394)) - omNode-2@group-523986131536: inconsistency entries. Reply:omNode-1<-omNode-2#599:FAIL-t6,INCONSISTENCY,nextIndex=57,followerCommit=56
2022-09-29 01:23:45,913 [grpc-default-executor-2] INFO  impl.SnapshotInstallationHandler (SnapshotInstallationHandler.java:installSnapshot(84)) - omNode-2@group-523986131536: receive installSnapshot: omNode-1->omNode-2#0-t6,notify:(t:6, i:59)
2022-09-29 01:23:45,913 [grpc-default-executor-2] INFO  impl.SnapshotInstallationHandler (SnapshotInstallationHandler.java:installSnapshot(95)) - omNode-2@group-523986131536: reply installSnapshot: omNode-1<-omNode-2#0:FAIL-t6,IN_PROGRESS
2022-09-29 01:23:45,913 [grpc-default-executor-2] INFO  server.GrpcServerProtocolService (GrpcServerProtocolService.java:onCompleted(140)) - omNode-2: Completed INSTALL_SNAPSHOT, lastRequest: omNode-1->omNode-2#0-t6,notify:(t:6, i:59)
2022-09-29 01:23:45,915 [grpc-default-executor-3] INFO  server.GrpcLogAppender (GrpcLogAppender.java:onNext(403)) - omNode-1@group-523986131536->omNode-2-InstallSnapshotResponseHandler: received a reply omNode-1<-omNode-2#0:FAIL-t6,IN_PROGRESS
2022-09-29 01:23:45,915 [grpc-default-executor-3] INFO  server.GrpcLogAppender (GrpcLogAppender.java:onNext(421)) - omNode-1@group-523986131536->omNode-2-InstallSnapshotResponseHandler: InstallSnapshot in progress.
2022-09-29 01:23:45,916 [omNode-1@group-523986131536->omNode-2-GrpcLogAppender-LogAppenderDaemon] INFO  server.GrpcLogAppender (GrpcLogAppender.java:installSnapshot(541)) - omNode-1@group-523986131536->omNode-2-GrpcLogAppender: followerNextIndex = 57 but logStartIndex = 59, notify follower to install snapshot-(t:6, i:59)
2022-09-29 01:23:45,916 [omNode-1@group-523986131536->omNode-2-GrpcLogAppender-LogAppenderDaemon] INFO  server.GrpcLogAppender (GrpcLogAppender.java:installSnapshot(549)) - omNode-1@group-523986131536->omNode-2-GrpcLogAppender: send omNode-1->omNode-2#0-t6,notify:(t:6, i:59)
2022-09-29 01:23:45,916 [grpc-default-executor-2] INFO  leader.FollowerInfo (FollowerInfoImpl.java:lambda$new$0(48)) - omNode-1@group-523986131536->omNode-2: nextIndex: updateUnconditionally 57 -> 57
2022-09-29 01:23:45,917 [omNode-2-server-thread1] INFO  server.RaftServer$Division (RaftServerImpl.java:checkInconsistentAppendEntries(1402)) - omNode-2@group-523986131536: Failed appendEntries as snapshot (59) installation is in progress
2022-09-29 01:23:45,917 [omNode-2-server-thread1] INFO  server.RaftServer$Division (RaftServerImpl.java:checkInconsistentAppendEntries(1394)) - omNode-2@group-523986131536: inconsistency entries. Reply:omNode-1<-omNode-2#600:FAIL-t6,INCONSISTENCY,nextIndex=57,followerCommit=56
2022-09-29 01:23:45,917 [grpc-default-executor-3] INFO  impl.SnapshotInstallationHandler (SnapshotInstallationHandler.java:installSnapshot(84)) - omNode-2@group-523986131536: receive installSnapshot: omNode-1->omNode-2#0-t6,notify:(t:6, i:59)
2022-09-29 01:23:45,917 [grpc-default-executor-3] INFO  impl.SnapshotInstallationHandler (SnapshotInstallationHandler.java:installSnapshot(95)) - omNode-2@group-523986131536: reply installSnapshot: omNode-1<-omNode-2#0:FAIL-t6,IN_PROGRESS
2022-09-29 01:23:45,917 [grpc-default-executor-3] INFO  server.GrpcServerProtocolService (GrpcServerProtocolService.java:onCompleted(140)) - omNode-2: Completed INSTALL_SNAPSHOT, lastRequest: omNode-1->omNode-2#0-t6,notify:(t:6, i:59)
2022-09-29 01:23:45,917 [grpc-default-executor-3] INFO  leader.FollowerInfo (FollowerInfoImpl.java:lambda$new$0(48)) - omNode-1@group-523986131536->omNode-2: nextIndex: updateUnconditionally 57 -> 57
2022-09-29 01:23:45,918 [grpc-default-executor-3] INFO  server.GrpcLogAppender (GrpcLogAppender.java:onNext(403)) - omNode-1@group-523986131536->omNode-2-InstallSnapshotResponseHandler: received a reply omNode-1<-omNode-2#0:FAIL-t6,IN_PROGRESS
2022-09-29 01:23:45,918 [grpc-default-executor-3] INFO  server.GrpcLogAppender (GrpcLogAppender.java:onNext(421)) - omNode-1@group-523986131536->omNode-2-InstallSnapshotResponseHandler: InstallSnapshot in progress.
2022-09-29 01:23:45,918 [omNode-1@group-523986131536->omNode-2-GrpcLogAppender-LogAppenderDaemon] INFO  server.GrpcLogAppender (GrpcLogAppender.java:installSnapshot(541)) - omNode-1@group-523986131536->omNode-2-GrpcLogAppender: followerNextIndex = 57 but logStartIndex = 59, notify follower to install snapshot-(t:6, i:59)
2022-09-29 01:23:45,918 [omNode-1@group-523986131536->omNode-2-GrpcLogAppender-LogAppenderDaemon] INFO  server.GrpcLogAppender (GrpcLogAppender.java:installSnapshot(549)) - omNode-1@group-523986131536->omNode-2-GrpcLogAppender: send omNode-1->omNode-2#0-t6,notify:(t:6, i:59)
2022-09-29 01:23:45,919 [omNode-2-server-thread1] INFO  server.RaftServer$Division (RaftServerImpl.java:checkInconsistentAppendEntries(1402)) - omNode-2@group-523986131536: Failed appendEntries as snapshot (59) installation is in progress
2022-09-29 01:23:45,919 [omNode-2-server-thread1] INFO  server.RaftServer$Division (RaftServerImpl.java:checkInconsistentAppendEntries(1394)) - omNode-2@group-523986131536: inconsistency entries. Reply:omNode-1<-omNode-2#601:FAIL-t6,INCONSISTENCY,nextIndex=57,followerCommit=56
2022-09-29 01:23:45,919 [grpc-default-executor-3] INFO  impl.SnapshotInstallationHandler (SnapshotInstallationHandler.java:installSnapshot(84)) - omNode-2@group-523986131536: receive installSnapshot: omNode-1->omNode-2#0-t6,notify:(t:6, i:59)
2022-09-29 01:23:45,919 [grpc-default-executor-3] INFO  impl.SnapshotInstallationHandler (SnapshotInstallationHandler.java:installSnapshot(95)) - omNode-2@group-523986131536: reply installSnapshot: omNode-1<-omNode-2#0:FAIL-t6,IN_PROGRESS
2022-09-29 01:23:45,919 [grpc-default-executor-3] INFO  server.GrpcServerProtocolService (GrpcServerProtocolService.java:onCompleted(140)) - omNode-2: Completed INSTALL_SNAPSHOT, lastRequest: omNode-1->omNode-2#0-t6,notify:(t:6, i:59)
2022-09-29 01:23:45,920 [grpc-default-executor-3] INFO  leader.FollowerInfo (FollowerInfoImpl.java:lambda$new$0(48)) - omNode-1@group-523986131536->omNode-2: nextIndex: updateUnconditionally 57 -> 57
2022-09-29 01:23:45,920 [grpc-default-executor-3] INFO  server.GrpcLogAppender (GrpcLogAppender.java:onNext(403)) - omNode-1@group-523986131536->omNode-2-InstallSnapshotResponseHandler: received a reply omNode-1<-omNode-2#0:FAIL-t6,IN_PROGRESS
2022-09-29 01:23:45,920 [grpc-default-executor-3] INFO  server.GrpcLogAppender (GrpcLogAppender.java:onNext(421)) - omNode-1@group-523986131536->omNode-2-InstallSnapshotResponseHandler: InstallSnapshot in progress.
2022-09-29 01:23:45,920 [omNode-1@group-523986131536->omNode-2-GrpcLogAppender-LogAppenderDaemon] INFO  server.GrpcLogAppender (GrpcLogAppender.java:installSnapshot(541)) - omNode-1@group-523986131536->omNode-2-GrpcLogAppender: followerNextIndex = 57 but logStartIndex = 59, notify follower to install snapshot-(t:6, i:59)
2022-09-29 01:23:45,920 [omNode-1@group-523986131536->omNode-2-GrpcLogAppender-LogAppenderDaemon] INFO  server.GrpcLogAppender (GrpcLogAppender.java:installSnapshot(549)) - omNode-1@group-523986131536->omNode-2-GrpcLogAppender: send omNode-1->omNode-2#0-t6,notify:(t:6, i:59)
2022-09-29 01:23:45,921 [omNode-2-server-thread1] INFO  server.RaftServer$Division (RaftServerImpl.java:checkInconsistentAppendEntries(1402)) - omNode-2@group-523986131536: Failed appendEntries as snapshot (59) installation is in progress
2022-09-29 01:23:45,921 [omNode-2-server-thread1] INFO  server.RaftServer$Division (RaftServerImpl.java:checkInconsistentAppendEntries(1394)) - omNode-2@group-523986131536: inconsistency entries. Reply:omNode-1<-omNode-2#602:FAIL-t6,INCONSISTENCY,nextIndex=57,followerCommit=56
2022-09-29 01:23:45,921 [grpc-default-executor-3] INFO  impl.SnapshotInstallationHandler (SnapshotInstallationHandler.java:installSnapshot(84)) - omNode-2@group-523986131536: receive installSnapshot: omNode-1->omNode-2#0-t6,notify:(t:6, i:59)
2022-09-29 01:23:45,921 [grpc-default-executor-3] INFO  impl.SnapshotInstallationHandler (SnapshotInstallationHandler.java:installSnapshot(95)) - omNode-2@group-523986131536: reply installSnapshot: omNode-1<-omNode-2#0:FAIL-t6,IN_PROGRESS
2022-09-29 01:23:45,921 [grpc-default-executor-3] INFO  server.GrpcServerProtocolService (GrpcServerProtocolService.java:onCompleted(140)) - omNode-2: Completed INSTALL_SNAPSHOT, lastRequest: omNode-1->omNode-2#0-t6,notify:(t:6, i:59)
2022-09-29 01:23:45,922 [grpc-default-executor-3] INFO  leader.FollowerInfo (FollowerInfoImpl.java:lambda$new$0(48)) - omNode-1@group-523986131536->omNode-2: nextIndex: updateUnconditionally 57 -> 57
2022-09-29 01:23:45,923 [grpc-default-executor-3] INFO  server.GrpcLogAppender (GrpcLogAppender.java:onNext(403)) - omNode-1@group-523986131536->omNode-2-InstallSnapshotResponseHandler: received a reply omNode-1<-omNode-2#0:FAIL-t6,IN_PROGRESS
2022-09-29 01:23:45,923 [grpc-default-executor-3] INFO  server.GrpcLogAppender (GrpcLogAppender.java:onNext(421)) - omNode-1@group-523986131536->omNode-2-InstallSnapshotResponseHandler: InstallSnapshot in progress.
2022-09-29 01:23:45,923 [omNode-1@group-523986131536->omNode-2-GrpcLogAppender-LogAppenderDaemon] INFO  server.GrpcLogAppender (GrpcLogAppender.java:installSnapshot(541)) - omNode-1@group-523986131536->omNode-2-GrpcLogAppender: followerNextIndex = 57 but logStartIndex = 59, notify follower to install snapshot-(t:6, i:59)
2022-09-29 01:23:45,923 [omNode-1@group-523986131536->omNode-2-GrpcLogAppender-LogAppenderDaemon] INFO  server.GrpcLogAppender (GrpcLogAppender.java:installSnapshot(549)) - omNode-1@group-523986131536->omNode-2-GrpcLogAppender: send omNode-1->omNode-2#0-t6,notify:(t:6, i:59)
2022-09-29 01:23:45,924 [omNode-2-server-thread1] INFO  server.RaftServer$Division (RaftServerImpl.java:checkInconsistentAppendEntries(1402)) - omNode-2@group-523986131536: Failed appendEntries as snapshot (59) installation is in progress
2022-09-29 01:23:45,924 [omNode-2-server-thread1] INFO  server.RaftServer$Division (RaftServerImpl.java:checkInconsistentAppendEntries(1394)) - omNode-2@group-523986131536: inconsistency entries. Reply:omNode-1<-omNode-2#603:FAIL-t6,INCONSISTENCY,nextIndex=57,followerCommit=56
2022-09-29 01:23:45,924 [grpc-default-executor-3] INFO  impl.SnapshotInstallationHandler (SnapshotInstallationHandler.java:installSnapshot(84)) - omNode-2@group-523986131536: receive installSnapshot: omNode-1->omNode-2#0-t6,notify:(t:6, i:59)
2022-09-29 01:23:45,924 [grpc-default-executor-3] INFO  impl.SnapshotInstallationHandler (SnapshotInstallationHandler.java:installSnapshot(95)) - omNode-2@group-523986131536: reply installSnapshot: omNode-1<-omNode-2#0:FAIL-t6,IN_PROGRESS
2022-09-29 01:23:45,924 [grpc-default-executor-3] INFO  server.GrpcServerProtocolService (GrpcServerProtocolService.java:onCompleted(140)) - omNode-2: Completed INSTALL_SNAPSHOT, lastRequest: omNode-1->omNode-2#0-t6,notify:(t:6, i:59)
2022-09-29 01:23:45,925 [grpc-default-executor-3] INFO  leader.FollowerInfo (FollowerInfoImpl.java:lambda$new$0(48)) - omNode-1@group-523986131536->omNode-2: nextIndex: updateUnconditionally 57 -> 57
2022-09-29 01:23:45,925 [grpc-default-executor-3] INFO  server.GrpcLogAppender (GrpcLogAppender.java:onNext(403)) - omNode-1@group-523986131536->omNode-2-InstallSnapshotResponseHandler: received a reply omNode-1<-omNode-2#0:FAIL-t6,IN_PROGRESS
2022-09-29 01:23:45,925 [grpc-default-executor-3] INFO  server.GrpcLogAppender (GrpcLogAppender.java:onNext(421)) - omNode-1@group-523986131536->omNode-2-InstallSnapshotResponseHandler: InstallSnapshot in progress.
2022-09-29 01:23:45,925 [omNode-1@group-523986131536->omNode-2-GrpcLogAppender-LogAppenderDaemon] INFO  server.GrpcLogAppender (GrpcLogAppender.java:installSnapshot(541)) - omNode-1@group-523986131536->omNode-2-GrpcLogAppender: followerNextIndex = 57 but logStartIndex = 59, notify follower to install snapshot-(t:6, i:59)
2022-09-29 01:23:45,925 [omNode-1@group-523986131536->omNode-2-GrpcLogAppender-LogAppenderDaemon] INFO  server.GrpcLogAppender (GrpcLogAppender.java:installSnapshot(549)) - omNode-1@group-523986131536->omNode-2-GrpcLogAppender: send omNode-1->omNode-2#0-t6,notify:(t:6, i:59)
2022-09-29 01:23:45,926 [omNode-2-server-thread1] INFO  server.RaftServer$Division (RaftServerImpl.java:checkInconsistentAppendEntries(1402)) - omNode-2@group-523986131536: Failed appendEntries as snapshot (59) installation is in progress
2022-09-29 01:23:45,926 [omNode-2-server-thread1] INFO  server.RaftServer$Division (RaftServerImpl.java:checkInconsistentAppendEntries(1394)) - omNode-2@group-523986131536: inconsistency entries. Reply:omNode-1<-omNode-2#604:FAIL-t6,INCONSISTENCY,nextIndex=57,followerCommit=56
2022-09-29 01:23:45,926 [grpc-default-executor-3] INFO  impl.SnapshotInstallationHandler (SnapshotInstallationHandler.java:installSnapshot(84)) - omNode-2@group-523986131536: receive installSnapshot: omNode-1->omNode-2#0-t6,notify:(t:6, i:59)
2022-09-29 01:23:45,926 [grpc-default-executor-3] INFO  impl.SnapshotInstallationHandler (SnapshotInstallationHandler.java:installSnapshot(95)) - omNode-2@group-523986131536: reply installSnapshot: omNode-1<-omNode-2#0:FAIL-t6,IN_PROGRESS
2022-09-29 01:23:45,926 [grpc-default-executor-3] INFO  server.GrpcServerProtocolService (GrpcServerProtocolService.java:onCompleted(140)) - omNode-2: Completed INSTALL_SNAPSHOT, lastRequest: omNode-1->omNode-2#0-t6,notify:(t:6, i:59)
2022-09-29 01:23:45,927 [grpc-default-executor-3] INFO  leader.FollowerInfo (FollowerInfoImpl.java:lambda$new$0(48)) - omNode-1@group-523986131536->omNode-2: nextIndex: updateUnconditionally 57 -> 57
2022-09-29 01:23:45,927 [grpc-default-executor-3] INFO  server.GrpcLogAppender (GrpcLogAppender.java:onNext(403)) - omNode-1@group-523986131536->omNode-2-InstallSnapshotResponseHandler: received a reply omNode-1<-omNode-2#0:FAIL-t6,IN_PROGRESS
2022-09-29 01:23:45,927 [grpc-default-executor-3] INFO  server.GrpcLogAppender (GrpcLogAppender.java:onNext(421)) - omNode-1@group-523986131536->omNode-2-InstallSnapshotResponseHandler: InstallSnapshot in progress.
2022-09-29 01:23:45,927 [omNode-1@group-523986131536->omNode-2-GrpcLogAppender-LogAppenderDaemon] INFO  server.GrpcLogAppender (GrpcLogAppender.java:installSnapshot(541)) - omNode-1@group-523986131536->omNode-2-GrpcLogAppender: followerNextIndex = 57 but logStartIndex = 59, notify follower to install snapshot-(t:6, i:59)
2022-09-29 01:23:45,927 [omNode-1@group-523986131536->omNode-2-GrpcLogAppender-LogAppenderDaemon] INFO  server.GrpcLogAppender (GrpcLogAppender.java:installSnapshot(549)) - omNode-1@group-523986131536->omNode-2-GrpcLogAppender: send omNode-1->omNode-2#0-t6,notify:(t:6, i:59)
2022-09-29 01:23:45,929 [omNode-2-server-thread1] INFO  server.RaftServer$Division (RaftServerImpl.java:checkInconsistentAppendEntries(1402)) - omNode-2@group-523986131536: Failed appendEntries as snapshot (59) installation is in progress
2022-09-29 01:23:45,929 [omNode-2-server-thread1] INFO  server.RaftServer$Division (RaftServerImpl.java:checkInconsistentAppendEntries(1394)) - omNode-2@group-523986131536: inconsistency entries. Reply:omNode-1<-omNode-2#605:FAIL-t6,INCONSISTENCY,nextIndex=57,followerCommit=56
2022-09-29 01:23:45,929 [grpc-default-executor-3] INFO  impl.SnapshotInstallationHandler (SnapshotInstallationHandler.java:installSnapshot(84)) - omNode-2@group-523986131536: receive installSnapshot: omNode-1->omNode-2#0-t6,notify:(t:6, i:59)
2022-09-29 01:23:45,929 [grpc-default-executor-3] INFO  impl.SnapshotInstallationHandler (SnapshotInstallationHandler.java:installSnapshot(95)) - omNode-2@group-523986131536: reply installSnapshot: omNode-1<-omNode-2#0:FAIL-t6,IN_PROGRESS
2022-09-29 01:23:45,929 [grpc-default-executor-3] INFO  server.GrpcServerProtocolService (GrpcServerProtocolService.java:onCompleted(140)) - omNode-2: Completed INSTALL_SNAPSHOT, lastRequest: omNode-1->omNode-2#0-t6,notify:(t:6, i:59)
2022-09-29 01:23:45,930 [grpc-default-executor-3] INFO  leader.FollowerInfo (FollowerInfoImpl.java:lambda$new$0(48)) - omNode-1@group-523986131536->omNode-2: nextIndex: updateUnconditionally 57 -> 57
2022-09-29 01:23:45,930 [grpc-default-executor-3] INFO  server.GrpcLogAppender (GrpcLogAppender.java:onNext(403)) - omNode-1@group-523986131536->omNode-2-InstallSnapshotResponseHandler: received a reply omNode-1<-omNode-2#0:FAIL-t6,IN_PROGRESS
2022-09-29 01:23:45,930 [grpc-default-executor-3] INFO  server.GrpcLogAppender (GrpcLogAppender.java:onNext(421)) - omNode-1@group-523986131536->omNode-2-InstallSnapshotResponseHandler: InstallSnapshot in progress.
2022-09-29 01:23:45,930 [omNode-1@group-523986131536->omNode-2-GrpcLogAppender-LogAppenderDaemon] INFO  server.GrpcLogAppender (GrpcLogAppender.java:installSnapshot(541)) - omNode-1@group-523986131536->omNode-2-GrpcLogAppender: followerNextIndex = 57 but logStartIndex = 59, notify follower to install snapshot-(t:6, i:59)
2022-09-29 01:23:45,930 [omNode-1@group-523986131536->omNode-2-GrpcLogAppender-LogAppenderDaemon] INFO  server.GrpcLogAppender (GrpcLogAppender.java:installSnapshot(549)) - omNode-1@group-523986131536->omNode-2-GrpcLogAppender: send omNode-1->omNode-2#0-t6,notify:(t:6, i:59)
2022-09-29 01:23:45,931 [omNode-2-server-thread1] INFO  server.RaftServer$Division (RaftServerImpl.java:checkInconsistentAppendEntries(1402)) - omNode-2@group-523986131536: Failed appendEntries as snapshot (59) installation is in progress
2022-09-29 01:23:45,931 [omNode-2-server-thread1] INFO  server.RaftServer$Division (RaftServerImpl.java:checkInconsistentAppendEntries(1394)) - omNode-2@group-523986131536: inconsistency entries. Reply:omNode-1<-omNode-2#606:FAIL-t6,INCONSISTENCY,nextIndex=57,followerCommit=56
2022-09-29 01:23:45,931 [grpc-default-executor-3] INFO  impl.SnapshotInstallationHandler (SnapshotInstallationHandler.java:installSnapshot(84)) - omNode-2@group-523986131536: receive installSnapshot: omNode-1->omNode-2#0-t6,notify:(t:6, i:59)
2022-09-29 01:23:45,931 [grpc-default-executor-3] INFO  impl.SnapshotInstallationHandler (SnapshotInstallationHandler.java:installSnapshot(95)) - omNode-2@group-523986131536: reply installSnapshot: omNode-1<-omNode-2#0:FAIL-t6,IN_PROGRESS
2022-09-29 01:23:45,931 [grpc-default-executor-3] INFO  server.GrpcServerProtocolService (GrpcServerProtocolService.java:onCompleted(140)) - omNode-2: Completed INSTALL_SNAPSHOT, lastRequest: omNode-1->omNode-2#0-t6,notify:(t:6, i:59)
2022-09-29 01:23:45,932 [grpc-default-executor-3] INFO  leader.FollowerInfo (FollowerInfoImpl.java:lambda$new$0(48)) - omNode-1@group-523986131536->omNode-2: nextIndex: updateUnconditionally 57 -> 57
2022-09-29 01:23:45,932 [grpc-default-executor-3] INFO  server.GrpcLogAppender (GrpcLogAppender.java:onNext(403)) - omNode-1@group-523986131536->omNode-2-InstallSnapshotResponseHandler: received a reply omNode-1<-omNode-2#0:FAIL-t6,IN_PROGRESS
2022-09-29 01:23:45,932 [grpc-default-executor-3] INFO  server.GrpcLogAppender (GrpcLogAppender.java:onNext(421)) - omNode-1@group-523986131536->omNode-2-InstallSnapshotResponseHandler: InstallSnapshot in progress.
2022-09-29 01:23:45,932 [omNode-1@group-523986131536->omNode-2-GrpcLogAppender-LogAppenderDaemon] INFO  server.GrpcLogAppender (GrpcLogAppender.java:installSnapshot(541)) - omNode-1@group-523986131536->omNode-2-GrpcLogAppender: followerNextIndex = 57 but logStartIndex = 59, notify follower to install snapshot-(t:6, i:59)
2022-09-29 01:23:45,932 [omNode-1@group-523986131536->omNode-2-GrpcLogAppender-LogAppenderDaemon] INFO  server.GrpcLogAppender (GrpcLogAppender.java:installSnapshot(549)) - omNode-1@group-523986131536->omNode-2-GrpcLogAppender: send omNode-1->omNode-2#0-t6,notify:(t:6, i:59)
2022-09-29 01:23:45,933 [omNode-2-server-thread1] INFO  server.RaftServer$Division (RaftServerImpl.java:checkInconsistentAppendEntries(1402)) - omNode-2@group-523986131536: Failed appendEntries as snapshot (59) installation is in progress
2022-09-29 01:23:45,933 [omNode-2-server-thread1] INFO  server.RaftServer$Division (RaftServerImpl.java:checkInconsistentAppendEntries(1394)) - omNode-2@group-523986131536: inconsistency entries. Reply:omNode-1<-omNode-2#607:FAIL-t6,INCONSISTENCY,nextIndex=57,followerCommit=56
2022-09-29 01:23:45,933 [grpc-default-executor-2] INFO  impl.SnapshotInstallationHandler (SnapshotInstallationHandler.java:installSnapshot(84)) - omNode-2@group-523986131536: receive installSnapshot: omNode-1->omNode-2#0-t6,notify:(t:6, i:59)
2022-09-29 01:23:45,934 [grpc-default-executor-2] INFO  impl.SnapshotInstallationHandler (SnapshotInstallationHandler.java:installSnapshot(95)) - omNode-2@group-523986131536: reply installSnapshot: omNode-1<-omNode-2#0:FAIL-t6,IN_PROGRESS
2022-09-29 01:23:45,934 [grpc-default-executor-2] INFO  server.GrpcServerProtocolService (GrpcServerProtocolService.java:onCompleted(140)) - omNode-2: Completed INSTALL_SNAPSHOT, lastRequest: omNode-1->omNode-2#0-t6,notify:(t:6, i:59)
2022-09-29 01:23:45,935 [grpc-default-executor-3] INFO  leader.FollowerInfo (FollowerInfoImpl.java:lambda$new$0(48)) - omNode-1@group-523986131536->omNode-2: nextIndex: updateUnconditionally 57 -> 57
2022-09-29 01:23:45,935 [grpc-default-executor-3] INFO  server.GrpcLogAppender (GrpcLogAppender.java:onNext(403)) - omNode-1@group-523986131536->omNode-2-InstallSnapshotResponseHandler: received a reply omNode-1<-omNode-2#0:FAIL-t6,IN_PROGRESS
2022-09-29 01:23:45,935 [grpc-default-executor-3] INFO  server.GrpcLogAppender (GrpcLogAppender.java:onNext(421)) - omNode-1@group-523986131536->omNode-2-InstallSnapshotResponseHandler: InstallSnapshot in progress.
2022-09-29 01:23:45,935 [omNode-1@group-523986131536->omNode-2-GrpcLogAppender-LogAppenderDaemon] INFO  server.GrpcLogAppender (GrpcLogAppender.java:installSnapshot(541)) - omNode-1@group-523986131536->omNode-2-GrpcLogAppender: followerNextIndex = 57 but logStartIndex = 59, notify follower to install snapshot-(t:6, i:59)
2022-09-29 01:23:45,935 [omNode-1@group-523986131536->omNode-2-GrpcLogAppender-LogAppenderDaemon] INFO  server.GrpcLogAppender (GrpcLogAppender.java:installSnapshot(549)) - omNode-1@group-523986131536->omNode-2-GrpcLogAppender: send omNode-1->omNode-2#0-t6,notify:(t:6, i:59)
2022-09-29 01:23:45,936 [omNode-2-server-thread1] INFO  server.RaftServer$Division (RaftServerImpl.java:checkInconsistentAppendEntries(1402)) - omNode-2@group-523986131536: Failed appendEntries as snapshot (59) installation is in progress
2022-09-29 01:23:45,936 [omNode-2-server-thread1] INFO  server.RaftServer$Division (RaftServerImpl.java:checkInconsistentAppendEntries(1394)) - omNode-2@group-523986131536: inconsistency entries. Reply:omNode-1<-omNode-2#608:FAIL-t6,INCONSISTENCY,nextIndex=57,followerCommit=56
2022-09-29 01:23:45,936 [grpc-default-executor-1] INFO  impl.SnapshotInstallationHandler (SnapshotInstallationHandler.java:installSnapshot(84)) - omNode-2@group-523986131536: receive installSnapshot: omNode-1->omNode-2#0-t6,notify:(t:6, i:59)
2022-09-29 01:23:45,936 [grpc-default-executor-1] INFO  impl.SnapshotInstallationHandler (SnapshotInstallationHandler.java:installSnapshot(95)) - omNode-2@group-523986131536: reply installSnapshot: omNode-1<-omNode-2#0:FAIL-t6,IN_PROGRESS
2022-09-29 01:23:45,937 [grpc-default-executor-1] INFO  server.GrpcServerProtocolService (GrpcServerProtocolService.java:onCompleted(140)) - omNode-2: Completed INSTALL_SNAPSHOT, lastRequest: omNode-1->omNode-2#0-t6,notify:(t:6, i:59)
2022-09-29 01:23:45,937 [grpc-default-executor-3] INFO  leader.FollowerInfo (FollowerInfoImpl.java:lambda$new$0(48)) - omNode-1@group-523986131536->omNode-2: nextIndex: updateUnconditionally 57 -> 57
2022-09-29 01:23:45,937 [grpc-default-executor-3] INFO  server.GrpcLogAppender (GrpcLogAppender.java:onNext(403)) - omNode-1@group-523986131536->omNode-2-InstallSnapshotResponseHandler: received a reply omNode-1<-omNode-2#0:FAIL-t6,IN_PROGRESS
2022-09-29 01:23:45,937 [grpc-default-executor-3] INFO  server.GrpcLogAppender (GrpcLogAppender.java:onNext(421)) - omNode-1@group-523986131536->omNode-2-InstallSnapshotResponseHandler: InstallSnapshot in progress.
2022-09-29 01:23:45,939 [omNode-1@group-523986131536->omNode-2-GrpcLogAppender-LogAppenderDaemon] INFO  server.GrpcLogAppender (GrpcLogAppender.java:installSnapshot(541)) - omNode-1@group-523986131536->omNode-2-GrpcLogAppender: followerNextIndex = 57 but logStartIndex = 59, notify follower to install snapshot-(t:6, i:59)
2022-09-29 01:23:45,939 [omNode-1@group-523986131536->omNode-2-GrpcLogAppender-LogAppenderDaemon] INFO  server.GrpcLogAppender (GrpcLogAppender.java:installSnapshot(549)) - omNode-1@group-523986131536->omNode-2-GrpcLogAppender: send omNode-1->omNode-2#0-t6,notify:(t:6, i:59)
2022-09-29 01:23:45,940 [omNode-2-server-thread1] INFO  server.RaftServer$Division (RaftServerImpl.java:checkInconsistentAppendEntries(1402)) - omNode-2@group-523986131536: Failed appendEntries as snapshot (59) installation is in progress
2022-09-29 01:23:45,940 [omNode-2-server-thread1] INFO  server.RaftServer$Division (RaftServerImpl.java:checkInconsistentAppendEntries(1394)) - omNode-2@group-523986131536: inconsistency entries. Reply:omNode-1<-omNode-2#609:FAIL-t6,INCONSISTENCY,nextIndex=57,followerCommit=56
2022-09-29 01:23:45,940 [grpc-default-executor-1] INFO  impl.SnapshotInstallationHandler (SnapshotInstallationHandler.java:installSnapshot(84)) - omNode-2@group-523986131536: receive installSnapshot: omNode-1->omNode-2#0-t6,notify:(t:6, i:59)
2022-09-29 01:23:45,941 [grpc-default-executor-1] INFO  impl.SnapshotInstallationHandler (SnapshotInstallationHandler.java:installSnapshot(95)) - omNode-2@group-523986131536: reply installSnapshot: omNode-1<-omNode-2#0:FAIL-t6,IN_PROGRESS
2022-09-29 01:23:45,941 [grpc-default-executor-1] INFO  server.GrpcServerProtocolService (GrpcServerProtocolService.java:onCompleted(140)) - omNode-2: Completed INSTALL_SNAPSHOT, lastRequest: omNode-1->omNode-2#0-t6,notify:(t:6, i:59)
2022-09-29 01:23:45,942 [grpc-default-executor-2] INFO  leader.FollowerInfo (FollowerInfoImpl.java:lambda$new$0(48)) - omNode-1@group-523986131536->omNode-2: nextIndex: updateUnconditionally 57 -> 57
2022-09-29 01:23:45,942 [grpc-default-executor-2] INFO  server.GrpcLogAppender (GrpcLogAppender.java:onNext(403)) - omNode-1@group-523986131536->omNode-2-InstallSnapshotResponseHandler: received a reply omNode-1<-omNode-2#0:FAIL-t6,IN_PROGRESS
2022-09-29 01:23:45,942 [grpc-default-executor-2] INFO  server.GrpcLogAppender (GrpcLogAppender.java:onNext(421)) - omNode-1@group-523986131536->omNode-2-InstallSnapshotResponseHandler: InstallSnapshot in progress.
2022-09-29 01:23:45,943 [omNode-1@group-523986131536->omNode-2-GrpcLogAppender-LogAppenderDaemon] INFO  server.GrpcLogAppender (GrpcLogAppender.java:installSnapshot(541)) - omNode-1@group-523986131536->omNode-2-GrpcLogAppender: followerNextIndex = 57 but logStartIndex = 59, notify follower to install snapshot-(t:6, i:59)
2022-09-29 01:23:45,943 [omNode-1@group-523986131536->omNode-2-GrpcLogAppender-LogAppenderDaemon] INFO  server.GrpcLogAppender (GrpcLogAppender.java:installSnapshot(549)) - omNode-1@group-523986131536->omNode-2-GrpcLogAppender: send omNode-1->omNode-2#0-t6,notify:(t:6, i:59)
2022-09-29 01:23:45,944 [omNode-2-server-thread1] INFO  server.RaftServer$Division (RaftServerImpl.java:checkInconsistentAppendEntries(1402)) - omNode-2@group-523986131536: Failed appendEntries as snapshot (59) installation is in progress
2022-09-29 01:23:45,944 [omNode-2-server-thread1] INFO  server.RaftServer$Division (RaftServerImpl.java:checkInconsistentAppendEntries(1394)) - omNode-2@group-523986131536: inconsistency entries. Reply:omNode-1<-omNode-2#610:FAIL-t6,INCONSISTENCY,nextIndex=57,followerCommit=56
2022-09-29 01:23:45,945 [grpc-default-executor-2] INFO  impl.SnapshotInstallationHandler (SnapshotInstallationHandler.java:installSnapshot(84)) - omNode-2@group-523986131536: receive installSnapshot: omNode-1->omNode-2#0-t6,notify:(t:6, i:59)
2022-09-29 01:23:45,945 [grpc-default-executor-2] INFO  impl.SnapshotInstallationHandler (SnapshotInstallationHandler.java:installSnapshot(95)) - omNode-2@group-523986131536: reply installSnapshot: omNode-1<-omNode-2#0:FAIL-t6,IN_PROGRESS
2022-09-29 01:23:45,945 [grpc-default-executor-2] INFO  server.GrpcServerProtocolService (GrpcServerProtocolService.java:onCompleted(140)) - omNode-2: Completed INSTALL_SNAPSHOT, lastRequest: omNode-1->omNode-2#0-t6,notify:(t:6, i:59)
2022-09-29 01:23:45,945 [grpc-default-executor-2] INFO  leader.FollowerInfo (FollowerInfoImpl.java:lambda$new$0(48)) - omNode-1@group-523986131536->omNode-2: nextIndex: updateUnconditionally 57 -> 57
2022-09-29 01:23:45,945 [grpc-default-executor-2] INFO  server.GrpcLogAppender (GrpcLogAppender.java:onNext(403)) - omNode-1@group-523986131536->omNode-2-InstallSnapshotResponseHandler: received a reply omNode-1<-omNode-2#0:FAIL-t6,IN_PROGRESS
2022-09-29 01:23:45,945 [grpc-default-executor-2] INFO  server.GrpcLogAppender (GrpcLogAppender.java:onNext(421)) - omNode-1@group-523986131536->omNode-2-InstallSnapshotResponseHandler: InstallSnapshot in progress.
2022-09-29 01:23:45,946 [omNode-1@group-523986131536->omNode-2-GrpcLogAppender-LogAppenderDaemon] INFO  server.GrpcLogAppender (GrpcLogAppender.java:installSnapshot(541)) - omNode-1@group-523986131536->omNode-2-GrpcLogAppender: followerNextIndex = 57 but logStartIndex = 59, notify follower to install snapshot-(t:6, i:59)
2022-09-29 01:23:45,946 [omNode-1@group-523986131536->omNode-2-GrpcLogAppender-LogAppenderDaemon] INFO  server.GrpcLogAppender (GrpcLogAppender.java:installSnapshot(549)) - omNode-1@group-523986131536->omNode-2-GrpcLogAppender: send omNode-1->omNode-2#0-t6,notify:(t:6, i:59)
2022-09-29 01:23:45,947 [omNode-2-server-thread1] INFO  server.RaftServer$Division (RaftServerImpl.java:checkInconsistentAppendEntries(1402)) - omNode-2@group-523986131536: Failed appendEntries as snapshot (59) installation is in progress
2022-09-29 01:23:45,947 [omNode-2-server-thread1] INFO  server.RaftServer$Division (RaftServerImpl.java:checkInconsistentAppendEntries(1394)) - omNode-2@group-523986131536: inconsistency entries. Reply:omNode-1<-omNode-2#611:FAIL-t6,INCONSISTENCY,nextIndex=57,followerCommit=56
2022-09-29 01:23:45,947 [grpc-default-executor-2] INFO  impl.SnapshotInstallationHandler (SnapshotInstallationHandler.java:installSnapshot(84)) - omNode-2@group-523986131536: receive installSnapshot: omNode-1->omNode-2#0-t6,notify:(t:6, i:59)
2022-09-29 01:23:45,947 [grpc-default-executor-2] INFO  impl.SnapshotInstallationHandler (SnapshotInstallationHandler.java:installSnapshot(95)) - omNode-2@group-523986131536: reply installSnapshot: omNode-1<-omNode-2#0:FAIL-t6,IN_PROGRESS
2022-09-29 01:23:45,948 [grpc-default-executor-2] INFO  server.GrpcServerProtocolService (GrpcServerProtocolService.java:onCompleted(140)) - omNode-2: Completed INSTALL_SNAPSHOT, lastRequest: omNode-1->omNode-2#0-t6,notify:(t:6, i:59)
2022-09-29 01:23:45,949 [grpc-default-executor-2] INFO  leader.FollowerInfo (FollowerInfoImpl.java:lambda$new$0(48)) - omNode-1@group-523986131536->omNode-2: nextIndex: updateUnconditionally 57 -> 57
2022-09-29 01:23:45,949 [grpc-default-executor-2] INFO  server.GrpcLogAppender (GrpcLogAppender.java:onNext(403)) - omNode-1@group-523986131536->omNode-2-InstallSnapshotResponseHandler: received a reply omNode-1<-omNode-2#0:FAIL-t6,IN_PROGRESS
2022-09-29 01:23:45,949 [grpc-default-executor-2] INFO  server.GrpcLogAppender (GrpcLogAppender.java:onNext(421)) - omNode-1@group-523986131536->omNode-2-InstallSnapshotResponseHandler: InstallSnapshot in progress.
2022-09-29 01:23:45,949 [omNode-1@group-523986131536->omNode-2-GrpcLogAppender-LogAppenderDaemon] INFO  server.GrpcLogAppender (GrpcLogAppender.java:installSnapshot(541)) - omNode-1@group-523986131536->omNode-2-GrpcLogAppender: followerNextIndex = 57 but logStartIndex = 59, notify follower to install snapshot-(t:6, i:59)
2022-09-29 01:23:45,949 [omNode-1@group-523986131536->omNode-2-GrpcLogAppender-LogAppenderDaemon] INFO  server.GrpcLogAppender (GrpcLogAppender.java:installSnapshot(549)) - omNode-1@group-523986131536->omNode-2-GrpcLogAppender: send omNode-1->omNode-2#0-t6,notify:(t:6, i:59)
2022-09-29 01:23:45,950 [omNode-2-server-thread1] INFO  server.RaftServer$Division (RaftServerImpl.java:checkInconsistentAppendEntries(1402)) - omNode-2@group-523986131536: Failed appendEntries as snapshot (59) installation is in progress
2022-09-29 01:23:45,950 [omNode-2-server-thread1] INFO  server.RaftServer$Division (RaftServerImpl.java:checkInconsistentAppendEntries(1394)) - omNode-2@group-523986131536: inconsistency entries. Reply:omNode-1<-omNode-2#612:FAIL-t6,INCONSISTENCY,nextIndex=57,followerCommit=56
2022-09-29 01:23:45,950 [grpc-default-executor-1] INFO  impl.SnapshotInstallationHandler (SnapshotInstallationHandler.java:installSnapshot(84)) - omNode-2@group-523986131536: receive installSnapshot: omNode-1->omNode-2#0-t6,notify:(t:6, i:59)
2022-09-29 01:23:45,951 [grpc-default-executor-1] INFO  impl.SnapshotInstallationHandler (SnapshotInstallationHandler.java:installSnapshot(95)) - omNode-2@group-523986131536: reply installSnapshot: omNode-1<-omNode-2#0:FAIL-t6,IN_PROGRESS
2022-09-29 01:23:45,951 [grpc-default-executor-1] INFO  server.GrpcServerProtocolService (GrpcServerProtocolService.java:onCompleted(140)) - omNode-2: Completed INSTALL_SNAPSHOT, lastRequest: omNode-1->omNode-2#0-t6,notify:(t:6, i:59)
2022-09-29 01:23:45,953 [grpc-default-executor-2] INFO  leader.FollowerInfo (FollowerInfoImpl.java:lambda$new$0(48)) - omNode-1@group-523986131536->omNode-2: nextIndex: updateUnconditionally 57 -> 57
2022-09-29 01:23:45,953 [grpc-default-executor-2] INFO  server.GrpcLogAppender (GrpcLogAppender.java:onNext(403)) - omNode-1@group-523986131536->omNode-2-InstallSnapshotResponseHandler: received a reply omNode-1<-omNode-2#0:FAIL-t6,IN_PROGRESS
2022-09-29 01:23:45,953 [grpc-default-executor-2] INFO  server.GrpcLogAppender (GrpcLogAppender.java:onNext(421)) - omNode-1@group-523986131536->omNode-2-InstallSnapshotResponseHandler: InstallSnapshot in progress.
2022-09-29 01:23:45,953 [omNode-1@group-523986131536->omNode-2-GrpcLogAppender-LogAppenderDaemon] INFO  server.GrpcLogAppender (GrpcLogAppender.java:installSnapshot(541)) - omNode-1@group-523986131536->omNode-2-GrpcLogAppender: followerNextIndex = 57 but logStartIndex = 59, notify follower to install snapshot-(t:6, i:59)
2022-09-29 01:23:45,954 [omNode-1@group-523986131536->omNode-2-GrpcLogAppender-LogAppenderDaemon] INFO  server.GrpcLogAppender (GrpcLogAppender.java:installSnapshot(549)) - omNode-1@group-523986131536->omNode-2-GrpcLogAppender: send omNode-1->omNode-2#0-t6,notify:(t:6, i:59)
2022-09-29 01:23:45,957 [omNode-2-server-thread1] INFO  server.RaftServer$Division (RaftServerImpl.java:checkInconsistentAppendEntries(1402)) - omNode-2@group-523986131536: Failed appendEntries as snapshot (59) installation is in progress
2022-09-29 01:23:45,957 [omNode-2-server-thread1] INFO  server.RaftServer$Division (RaftServerImpl.java:checkInconsistentAppendEntries(1394)) - omNode-2@group-523986131536: inconsistency entries. Reply:omNode-1<-omNode-2#613:FAIL-t6,INCONSISTENCY,nextIndex=57,followerCommit=56
2022-09-29 01:23:45,957 [grpc-default-executor-1] INFO  impl.SnapshotInstallationHandler (SnapshotInstallationHandler.java:installSnapshot(84)) - omNode-2@group-523986131536: receive installSnapshot: omNode-1->omNode-2#0-t6,notify:(t:6, i:59)
2022-09-29 01:23:45,957 [grpc-default-executor-1] INFO  impl.SnapshotInstallationHandler (SnapshotInstallationHandler.java:installSnapshot(95)) - omNode-2@group-523986131536: reply installSnapshot: omNode-1<-omNode-2#0:FAIL-t6,IN_PROGRESS
2022-09-29 01:23:45,957 [grpc-default-executor-1] INFO  server.GrpcServerProtocolService (GrpcServerProtocolService.java:onCompleted(140)) - omNode-2: Completed INSTALL_SNAPSHOT, lastRequest: omNode-1->omNode-2#0-t6,notify:(t:6, i:59)
2022-09-29 01:23:45,962 [grpc-default-executor-2] INFO  leader.FollowerInfo (FollowerInfoImpl.java:lambda$new$0(48)) - omNode-1@group-523986131536->omNode-2: nextIndex: updateUnconditionally 57 -> 57
2022-09-29 01:23:45,963 [grpc-default-executor-2] INFO  server.GrpcLogAppender (GrpcLogAppender.java:onNext(403)) - omNode-1@group-523986131536->omNode-2-InstallSnapshotResponseHandler: received a reply omNode-1<-omNode-2#0:FAIL-t6,IN_PROGRESS
2022-09-29 01:23:45,963 [grpc-default-executor-2] INFO  server.GrpcLogAppender (GrpcLogAppender.java:onNext(421)) - omNode-1@group-523986131536->omNode-2-InstallSnapshotResponseHandler: InstallSnapshot in progress.
2022-09-29 01:23:45,963 [omNode-1@group-523986131536->omNode-2-GrpcLogAppender-LogAppenderDaemon] INFO  server.GrpcLogAppender (GrpcLogAppender.java:installSnapshot(541)) - omNode-1@group-523986131536->omNode-2-GrpcLogAppender: followerNextIndex = 57 but logStartIndex = 59, notify follower to install snapshot-(t:6, i:59)
2022-09-29 01:23:45,963 [omNode-1@group-523986131536->omNode-2-GrpcLogAppender-LogAppenderDaemon] INFO  server.GrpcLogAppender (GrpcLogAppender.java:installSnapshot(549)) - omNode-1@group-523986131536->omNode-2-GrpcLogAppender: send omNode-1->omNode-2#0-t6,notify:(t:6, i:59)
2022-09-29 01:23:45,964 [omNode-2-server-thread1] INFO  server.RaftServer$Division (RaftServerImpl.java:checkInconsistentAppendEntries(1402)) - omNode-2@group-523986131536: Failed appendEntries as snapshot (59) installation is in progress
2022-09-29 01:23:45,964 [omNode-2-server-thread1] INFO  server.RaftServer$Division (RaftServerImpl.java:checkInconsistentAppendEntries(1394)) - omNode-2@group-523986131536: inconsistency entries. Reply:omNode-1<-omNode-2#614:FAIL-t6,INCONSISTENCY,nextIndex=57,followerCommit=56
2022-09-29 01:23:45,964 [grpc-default-executor-1] INFO  impl.SnapshotInstallationHandler (SnapshotInstallationHandler.java:installSnapshot(84)) - omNode-2@group-523986131536: receive installSnapshot: omNode-1->omNode-2#0-t6,notify:(t:6, i:59)
2022-09-29 01:23:45,964 [grpc-default-executor-1] INFO  impl.SnapshotInstallationHandler (SnapshotInstallationHandler.java:installSnapshot(95)) - omNode-2@group-523986131536: reply installSnapshot: omNode-1<-omNode-2#0:FAIL-t6,IN_PROGRESS
2022-09-29 01:23:45,964 [grpc-default-executor-1] INFO  server.GrpcServerProtocolService (GrpcServerProtocolService.java:onCompleted(140)) - omNode-2: Completed INSTALL_SNAPSHOT, lastRequest: omNode-1->omNode-2#0-t6,notify:(t:6, i:59)
2022-09-29 01:23:45,965 [grpc-default-executor-2] INFO  leader.FollowerInfo (FollowerInfoImpl.java:lambda$new$0(48)) - omNode-1@group-523986131536->omNode-2: nextIndex: updateUnconditionally 57 -> 57
2022-09-29 01:23:45,965 [grpc-default-executor-2] INFO  server.GrpcLogAppender (GrpcLogAppender.java:onNext(403)) - omNode-1@group-523986131536->omNode-2-InstallSnapshotResponseHandler: received a reply omNode-1<-omNode-2#0:FAIL-t6,IN_PROGRESS
2022-09-29 01:23:45,965 [grpc-default-executor-2] INFO  server.GrpcLogAppender (GrpcLogAppender.java:onNext(421)) - omNode-1@group-523986131536->omNode-2-InstallSnapshotResponseHandler: InstallSnapshot in progress.
2022-09-29 01:23:45,965 [omNode-1@group-523986131536->omNode-2-GrpcLogAppender-LogAppenderDaemon] INFO  server.GrpcLogAppender (GrpcLogAppender.java:installSnapshot(541)) - omNode-1@group-523986131536->omNode-2-GrpcLogAppender: followerNextIndex = 57 but logStartIndex = 59, notify follower to install snapshot-(t:6, i:59)
2022-09-29 01:23:45,965 [omNode-1@group-523986131536->omNode-2-GrpcLogAppender-LogAppenderDaemon] INFO  server.GrpcLogAppender (GrpcLogAppender.java:installSnapshot(549)) - omNode-1@group-523986131536->omNode-2-GrpcLogAppender: send omNode-1->omNode-2#0-t6,notify:(t:6, i:59)
2022-09-29 01:23:45,966 [omNode-2-server-thread1] INFO  server.RaftServer$Division (RaftServerImpl.java:checkInconsistentAppendEntries(1402)) - omNode-2@group-523986131536: Failed appendEntries as snapshot (59) installation is in progress
2022-09-29 01:23:45,966 [omNode-2-server-thread1] INFO  server.RaftServer$Division (RaftServerImpl.java:checkInconsistentAppendEntries(1394)) - omNode-2@group-523986131536: inconsistency entries. Reply:omNode-1<-omNode-2#615:FAIL-t6,INCONSISTENCY,nextIndex=57,followerCommit=56
2022-09-29 01:23:45,966 [grpc-default-executor-1] INFO  impl.SnapshotInstallationHandler (SnapshotInstallationHandler.java:installSnapshot(84)) - omNode-2@group-523986131536: receive installSnapshot: omNode-1->omNode-2#0-t6,notify:(t:6, i:59)
2022-09-29 01:23:45,966 [grpc-default-executor-1] INFO  impl.SnapshotInstallationHandler (SnapshotInstallationHandler.java:installSnapshot(95)) - omNode-2@group-523986131536: reply installSnapshot: omNode-1<-omNode-2#0:FAIL-t6,IN_PROGRESS
2022-09-29 01:23:45,966 [grpc-default-executor-1] INFO  server.GrpcServerProtocolService (GrpcServerProtocolService.java:onCompleted(140)) - omNode-2: Completed INSTALL_SNAPSHOT, lastRequest: omNode-1->omNode-2#0-t6,notify:(t:6, i:59)
2022-09-29 01:23:45,967 [grpc-default-executor-2] INFO  leader.FollowerInfo (FollowerInfoImpl.java:lambda$new$0(48)) - omNode-1@group-523986131536->omNode-2: nextIndex: updateUnconditionally 57 -> 57
2022-09-29 01:23:45,967 [grpc-default-executor-2] INFO  server.GrpcLogAppender (GrpcLogAppender.java:onNext(403)) - omNode-1@group-523986131536->omNode-2-InstallSnapshotResponseHandler: received a reply omNode-1<-omNode-2#0:FAIL-t6,IN_PROGRESS
2022-09-29 01:23:45,967 [grpc-default-executor-2] INFO  server.GrpcLogAppender (GrpcLogAppender.java:onNext(421)) - omNode-1@group-523986131536->omNode-2-InstallSnapshotResponseHandler: InstallSnapshot in progress.
2022-09-29 01:23:45,967 [omNode-1@group-523986131536->omNode-2-GrpcLogAppender-LogAppenderDaemon] INFO  server.GrpcLogAppender (GrpcLogAppender.java:installSnapshot(541)) - omNode-1@group-523986131536->omNode-2-GrpcLogAppender: followerNextIndex = 57 but logStartIndex = 59, notify follower to install snapshot-(t:6, i:59)
2022-09-29 01:23:45,967 [omNode-1@group-523986131536->omNode-2-GrpcLogAppender-LogAppenderDaemon] INFO  server.GrpcLogAppender (GrpcLogAppender.java:installSnapshot(549)) - omNode-1@group-523986131536->omNode-2-GrpcLogAppender: send omNode-1->omNode-2#0-t6,notify:(t:6, i:59)
2022-09-29 01:23:45,968 [omNode-2-server-thread1] INFO  server.RaftServer$Division (RaftServerImpl.java:checkInconsistentAppendEntries(1402)) - omNode-2@group-523986131536: Failed appendEntries as snapshot (59) installation is in progress
2022-09-29 01:23:45,968 [omNode-2-server-thread1] INFO  server.RaftServer$Division (RaftServerImpl.java:checkInconsistentAppendEntries(1394)) - omNode-2@group-523986131536: inconsistency entries. Reply:omNode-1<-omNode-2#616:FAIL-t6,INCONSISTENCY,nextIndex=57,followerCommit=56
2022-09-29 01:23:45,968 [grpc-default-executor-1] INFO  impl.SnapshotInstallationHandler (SnapshotInstallationHandler.java:installSnapshot(84)) - omNode-2@group-523986131536: receive installSnapshot: omNode-1->omNode-2#0-t6,notify:(t:6, i:59)
2022-09-29 01:23:45,968 [grpc-default-executor-1] INFO  impl.SnapshotInstallationHandler (SnapshotInstallationHandler.java:installSnapshot(95)) - omNode-2@group-523986131536: reply installSnapshot: omNode-1<-omNode-2#0:FAIL-t6,IN_PROGRESS
2022-09-29 01:23:45,971 [grpc-default-executor-1] INFO  server.GrpcServerProtocolService (GrpcServerProtocolService.java:onCompleted(140)) - omNode-2: Completed INSTALL_SNAPSHOT, lastRequest: omNode-1->omNode-2#0-t6,notify:(t:6, i:59)
2022-09-29 01:23:45,971 [grpc-default-executor-2] INFO  leader.FollowerInfo (FollowerInfoImpl.java:lambda$new$0(48)) - omNode-1@group-523986131536->omNode-2: nextIndex: updateUnconditionally 57 -> 57
2022-09-29 01:23:45,971 [grpc-default-executor-2] INFO  server.GrpcLogAppender (GrpcLogAppender.java:onNext(403)) - omNode-1@group-523986131536->omNode-2-InstallSnapshotResponseHandler: received a reply omNode-1<-omNode-2#0:FAIL-t6,IN_PROGRESS
2022-09-29 01:23:45,971 [grpc-default-executor-2] INFO  server.GrpcLogAppender (GrpcLogAppender.java:onNext(421)) - omNode-1@group-523986131536->omNode-2-InstallSnapshotResponseHandler: InstallSnapshot in progress.
2022-09-29 01:23:45,971 [omNode-1@group-523986131536->omNode-2-GrpcLogAppender-LogAppenderDaemon] INFO  server.GrpcLogAppender (GrpcLogAppender.java:installSnapshot(541)) - omNode-1@group-523986131536->omNode-2-GrpcLogAppender: followerNextIndex = 57 but logStartIndex = 59, notify follower to install snapshot-(t:6, i:59)
2022-09-29 01:23:45,972 [omNode-1@group-523986131536->omNode-2-GrpcLogAppender-LogAppenderDaemon] INFO  server.GrpcLogAppender (GrpcLogAppender.java:installSnapshot(549)) - omNode-1@group-523986131536->omNode-2-GrpcLogAppender: send omNode-1->omNode-2#0-t6,notify:(t:6, i:59)
2022-09-29 01:23:45,972 [omNode-2-server-thread1] INFO  server.RaftServer$Division (RaftServerImpl.java:checkInconsistentAppendEntries(1402)) - omNode-2@group-523986131536: Failed appendEntries as snapshot (59) installation is in progress
2022-09-29 01:23:45,972 [omNode-2-server-thread1] INFO  server.RaftServer$Division (RaftServerImpl.java:checkInconsistentAppendEntries(1394)) - omNode-2@group-523986131536: inconsistency entries. Reply:omNode-1<-omNode-2#617:FAIL-t6,INCONSISTENCY,nextIndex=57,followerCommit=56
2022-09-29 01:23:45,973 [grpc-default-executor-1] INFO  impl.SnapshotInstallationHandler (SnapshotInstallationHandler.java:installSnapshot(84)) - omNode-2@group-523986131536: receive installSnapshot: omNode-1->omNode-2#0-t6,notify:(t:6, i:59)
2022-09-29 01:23:45,973 [grpc-default-executor-1] INFO  impl.SnapshotInstallationHandler (SnapshotInstallationHandler.java:installSnapshot(95)) - omNode-2@group-523986131536: reply installSnapshot: omNode-1<-omNode-2#0:FAIL-t6,IN_PROGRESS
2022-09-29 01:23:45,973 [grpc-default-executor-1] INFO  server.GrpcServerProtocolService (GrpcServerProtocolService.java:onCompleted(140)) - omNode-2: Completed INSTALL_SNAPSHOT, lastRequest: omNode-1->omNode-2#0-t6,notify:(t:6, i:59)
2022-09-29 01:23:45,973 [grpc-default-executor-2] INFO  leader.FollowerInfo (FollowerInfoImpl.java:lambda$new$0(48)) - omNode-1@group-523986131536->omNode-2: nextIndex: updateUnconditionally 57 -> 57
2022-09-29 01:23:45,973 [grpc-default-executor-2] INFO  server.GrpcLogAppender (GrpcLogAppender.java:onNext(403)) - omNode-1@group-523986131536->omNode-2-InstallSnapshotResponseHandler: received a reply omNode-1<-omNode-2#0:FAIL-t6,IN_PROGRESS
2022-09-29 01:23:45,973 [grpc-default-executor-2] INFO  server.GrpcLogAppender (GrpcLogAppender.java:onNext(421)) - omNode-1@group-523986131536->omNode-2-InstallSnapshotResponseHandler: InstallSnapshot in progress.
2022-09-29 01:23:45,974 [omNode-1@group-523986131536->omNode-2-GrpcLogAppender-LogAppenderDaemon] INFO  server.GrpcLogAppender (GrpcLogAppender.java:installSnapshot(541)) - omNode-1@group-523986131536->omNode-2-GrpcLogAppender: followerNextIndex = 57 but logStartIndex = 59, notify follower to install snapshot-(t:6, i:59)
2022-09-29 01:23:45,974 [omNode-1@group-523986131536->omNode-2-GrpcLogAppender-LogAppenderDaemon] INFO  server.GrpcLogAppender (GrpcLogAppender.java:installSnapshot(549)) - omNode-1@group-523986131536->omNode-2-GrpcLogAppender: send omNode-1->omNode-2#0-t6,notify:(t:6, i:59)
2022-09-29 01:23:45,974 [omNode-2-server-thread1] INFO  server.RaftServer$Division (RaftServerImpl.java:checkInconsistentAppendEntries(1402)) - omNode-2@group-523986131536: Failed appendEntries as snapshot (59) installation is in progress
2022-09-29 01:23:45,974 [omNode-2-server-thread1] INFO  server.RaftServer$Division (RaftServerImpl.java:checkInconsistentAppendEntries(1394)) - omNode-2@group-523986131536: inconsistency entries. Reply:omNode-1<-omNode-2#618:FAIL-t6,INCONSISTENCY,nextIndex=57,followerCommit=56
2022-09-29 01:23:45,975 [grpc-default-executor-1] INFO  impl.SnapshotInstallationHandler (SnapshotInstallationHandler.java:installSnapshot(84)) - omNode-2@group-523986131536: receive installSnapshot: omNode-1->omNode-2#0-t6,notify:(t:6, i:59)
2022-09-29 01:23:45,975 [grpc-default-executor-1] INFO  impl.SnapshotInstallationHandler (SnapshotInstallationHandler.java:installSnapshot(95)) - omNode-2@group-523986131536: reply installSnapshot: omNode-1<-omNode-2#0:FAIL-t6,IN_PROGRESS
2022-09-29 01:23:45,975 [grpc-default-executor-1] INFO  server.GrpcServerProtocolService (GrpcServerProtocolService.java:onCompleted(140)) - omNode-2: Completed INSTALL_SNAPSHOT, lastRequest: omNode-1->omNode-2#0-t6,notify:(t:6, i:59)
2022-09-29 01:23:45,976 [grpc-default-executor-2] INFO  leader.FollowerInfo (FollowerInfoImpl.java:lambda$new$0(48)) - omNode-1@group-523986131536->omNode-2: nextIndex: updateUnconditionally 57 -> 57
2022-09-29 01:23:45,976 [grpc-default-executor-2] INFO  server.GrpcLogAppender (GrpcLogAppender.java:onNext(403)) - omNode-1@group-523986131536->omNode-2-InstallSnapshotResponseHandler: received a reply omNode-1<-omNode-2#0:FAIL-t6,IN_PROGRESS
2022-09-29 01:23:45,976 [grpc-default-executor-2] INFO  server.GrpcLogAppender (GrpcLogAppender.java:onNext(421)) - omNode-1@group-523986131536->omNode-2-InstallSnapshotResponseHandler: InstallSnapshot in progress.
2022-09-29 01:23:45,976 [omNode-1@group-523986131536->omNode-2-GrpcLogAppender-LogAppenderDaemon] INFO  server.GrpcLogAppender (GrpcLogAppender.java:installSnapshot(541)) - omNode-1@group-523986131536->omNode-2-GrpcLogAppender: followerNextIndex = 57 but logStartIndex = 59, notify follower to install snapshot-(t:6, i:59)
2022-09-29 01:23:45,976 [omNode-1@group-523986131536->omNode-2-GrpcLogAppender-LogAppenderDaemon] INFO  server.GrpcLogAppender (GrpcLogAppender.java:installSnapshot(549)) - omNode-1@group-523986131536->omNode-2-GrpcLogAppender: send omNode-1->omNode-2#0-t6,notify:(t:6, i:59)
2022-09-29 01:23:45,977 [omNode-2-server-thread1] INFO  server.RaftServer$Division (RaftServerImpl.java:checkInconsistentAppendEntries(1402)) - omNode-2@group-523986131536: Failed appendEntries as snapshot (59) installation is in progress
2022-09-29 01:23:45,977 [omNode-2-server-thread1] INFO  server.RaftServer$Division (RaftServerImpl.java:checkInconsistentAppendEntries(1394)) - omNode-2@group-523986131536: inconsistency entries. Reply:omNode-1<-omNode-2#619:FAIL-t6,INCONSISTENCY,nextIndex=57,followerCommit=56
2022-09-29 01:23:45,977 [grpc-default-executor-0] INFO  impl.SnapshotInstallationHandler (SnapshotInstallationHandler.java:installSnapshot(84)) - omNode-2@group-523986131536: receive installSnapshot: omNode-1->omNode-2#0-t6,notify:(t:6, i:59)
2022-09-29 01:23:45,978 [grpc-default-executor-0] INFO  impl.SnapshotInstallationHandler (SnapshotInstallationHandler.java:installSnapshot(95)) - omNode-2@group-523986131536: reply installSnapshot: omNode-1<-omNode-2#0:FAIL-t6,IN_PROGRESS
2022-09-29 01:23:45,978 [grpc-default-executor-0] INFO  server.GrpcServerProtocolService (GrpcServerProtocolService.java:onCompleted(140)) - omNode-2: Completed INSTALL_SNAPSHOT, lastRequest: omNode-1->omNode-2#0-t6,notify:(t:6, i:59)
2022-09-29 01:23:45,978 [grpc-default-executor-2] INFO  leader.FollowerInfo (FollowerInfoImpl.java:lambda$new$0(48)) - omNode-1@group-523986131536->omNode-2: nextIndex: updateUnconditionally 57 -> 57
2022-09-29 01:23:45,978 [grpc-default-executor-2] INFO  server.GrpcLogAppender (GrpcLogAppender.java:onNext(403)) - omNode-1@group-523986131536->omNode-2-InstallSnapshotResponseHandler: received a reply omNode-1<-omNode-2#0:FAIL-t6,IN_PROGRESS
2022-09-29 01:23:45,978 [grpc-default-executor-2] INFO  server.GrpcLogAppender (GrpcLogAppender.java:onNext(421)) - omNode-1@group-523986131536->omNode-2-InstallSnapshotResponseHandler: InstallSnapshot in progress.
2022-09-29 01:23:45,979 [omNode-1@group-523986131536->omNode-2-GrpcLogAppender-LogAppenderDaemon] INFO  server.GrpcLogAppender (GrpcLogAppender.java:installSnapshot(541)) - omNode-1@group-523986131536->omNode-2-GrpcLogAppender: followerNextIndex = 57 but logStartIndex = 59, notify follower to install snapshot-(t:6, i:59)
2022-09-29 01:23:45,979 [omNode-1@group-523986131536->omNode-2-GrpcLogAppender-LogAppenderDaemon] INFO  server.GrpcLogAppender (GrpcLogAppender.java:installSnapshot(549)) - omNode-1@group-523986131536->omNode-2-GrpcLogAppender: send omNode-1->omNode-2#0-t6,notify:(t:6, i:59)
2022-09-29 01:23:45,979 [omNode-2-server-thread1] INFO  server.RaftServer$Division (RaftServerImpl.java:checkInconsistentAppendEntries(1402)) - omNode-2@group-523986131536: Failed appendEntries as snapshot (59) installation is in progress
2022-09-29 01:23:45,979 [omNode-2-server-thread1] INFO  server.RaftServer$Division (RaftServerImpl.java:checkInconsistentAppendEntries(1394)) - omNode-2@group-523986131536: inconsistency entries. Reply:omNode-1<-omNode-2#620:FAIL-t6,INCONSISTENCY,nextIndex=57,followerCommit=56
2022-09-29 01:23:45,980 [grpc-default-executor-0] INFO  impl.SnapshotInstallationHandler (SnapshotInstallationHandler.java:installSnapshot(84)) - omNode-2@group-523986131536: receive installSnapshot: omNode-1->omNode-2#0-t6,notify:(t:6, i:59)
2022-09-29 01:23:45,980 [grpc-default-executor-0] INFO  impl.SnapshotInstallationHandler (SnapshotInstallationHandler.java:installSnapshot(95)) - omNode-2@group-523986131536: reply installSnapshot: omNode-1<-omNode-2#0:FAIL-t6,IN_PROGRESS
2022-09-29 01:23:45,980 [grpc-default-executor-0] INFO  server.GrpcServerProtocolService (GrpcServerProtocolService.java:onCompleted(140)) - omNode-2: Completed INSTALL_SNAPSHOT, lastRequest: omNode-1->omNode-2#0-t6,notify:(t:6, i:59)
2022-09-29 01:23:45,980 [grpc-default-executor-2] INFO  leader.FollowerInfo (FollowerInfoImpl.java:lambda$new$0(48)) - omNode-1@group-523986131536->omNode-2: nextIndex: updateUnconditionally 57 -> 57
2022-09-29 01:23:45,980 [grpc-default-executor-2] INFO  server.GrpcLogAppender (GrpcLogAppender.java:onNext(403)) - omNode-1@group-523986131536->omNode-2-InstallSnapshotResponseHandler: received a reply omNode-1<-omNode-2#0:FAIL-t6,IN_PROGRESS
2022-09-29 01:23:45,980 [grpc-default-executor-2] INFO  server.GrpcLogAppender (GrpcLogAppender.java:onNext(421)) - omNode-1@group-523986131536->omNode-2-InstallSnapshotResponseHandler: InstallSnapshot in progress.
2022-09-29 01:23:45,981 [omNode-1@group-523986131536->omNode-2-GrpcLogAppender-LogAppenderDaemon] INFO  server.GrpcLogAppender (GrpcLogAppender.java:installSnapshot(541)) - omNode-1@group-523986131536->omNode-2-GrpcLogAppender: followerNextIndex = 57 but logStartIndex = 59, notify follower to install snapshot-(t:6, i:59)
2022-09-29 01:23:45,981 [omNode-1@group-523986131536->omNode-2-GrpcLogAppender-LogAppenderDaemon] INFO  server.GrpcLogAppender (GrpcLogAppender.java:installSnapshot(549)) - omNode-1@group-523986131536->omNode-2-GrpcLogAppender: send omNode-1->omNode-2#0-t6,notify:(t:6, i:59)
2022-09-29 01:23:45,981 [omNode-2-server-thread1] INFO  server.RaftServer$Division (RaftServerImpl.java:checkInconsistentAppendEntries(1402)) - omNode-2@group-523986131536: Failed appendEntries as snapshot (59) installation is in progress
2022-09-29 01:23:45,981 [omNode-2-server-thread1] INFO  server.RaftServer$Division (RaftServerImpl.java:checkInconsistentAppendEntries(1394)) - omNode-2@group-523986131536: inconsistency entries. Reply:omNode-1<-omNode-2#621:FAIL-t6,INCONSISTENCY,nextIndex=57,followerCommit=56
2022-09-29 01:23:45,982 [grpc-default-executor-0] INFO  impl.SnapshotInstallationHandler (SnapshotInstallationHandler.java:installSnapshot(84)) - omNode-2@group-523986131536: receive installSnapshot: omNode-1->omNode-2#0-t6,notify:(t:6, i:59)
2022-09-29 01:23:45,982 [grpc-default-executor-0] INFO  impl.SnapshotInstallationHandler (SnapshotInstallationHandler.java:installSnapshot(95)) - omNode-2@group-523986131536: reply installSnapshot: omNode-1<-omNode-2#0:FAIL-t6,IN_PROGRESS
2022-09-29 01:23:45,982 [grpc-default-executor-0] INFO  server.GrpcServerProtocolService (GrpcServerProtocolService.java:onCompleted(140)) - omNode-2: Completed INSTALL_SNAPSHOT, lastRequest: omNode-1->omNode-2#0-t6,notify:(t:6, i:59)
2022-09-29 01:23:45,982 [grpc-default-executor-2] INFO  leader.FollowerInfo (FollowerInfoImpl.java:lambda$new$0(48)) - omNode-1@group-523986131536->omNode-2: nextIndex: updateUnconditionally 57 -> 57
2022-09-29 01:23:45,982 [grpc-default-executor-2] INFO  server.GrpcLogAppender (GrpcLogAppender.java:onNext(403)) - omNode-1@group-523986131536->omNode-2-InstallSnapshotResponseHandler: received a reply omNode-1<-omNode-2#0:FAIL-t6,IN_PROGRESS
2022-09-29 01:23:45,983 [grpc-default-executor-2] INFO  server.GrpcLogAppender (GrpcLogAppender.java:onNext(421)) - omNode-1@group-523986131536->omNode-2-InstallSnapshotResponseHandler: InstallSnapshot in progress.
2022-09-29 01:23:45,983 [omNode-1@group-523986131536->omNode-2-GrpcLogAppender-LogAppenderDaemon] INFO  server.GrpcLogAppender (GrpcLogAppender.java:installSnapshot(541)) - omNode-1@group-523986131536->omNode-2-GrpcLogAppender: followerNextIndex = 57 but logStartIndex = 59, notify follower to install snapshot-(t:6, i:59)
2022-09-29 01:23:45,983 [omNode-1@group-523986131536->omNode-2-GrpcLogAppender-LogAppenderDaemon] INFO  server.GrpcLogAppender (GrpcLogAppender.java:installSnapshot(549)) - omNode-1@group-523986131536->omNode-2-GrpcLogAppender: send omNode-1->omNode-2#0-t6,notify:(t:6, i:59)
2022-09-29 01:23:45,983 [omNode-2-server-thread1] INFO  server.RaftServer$Division (RaftServerImpl.java:checkInconsistentAppendEntries(1402)) - omNode-2@group-523986131536: Failed appendEntries as snapshot (59) installation is in progress
2022-09-29 01:23:45,984 [omNode-2-server-thread1] INFO  server.RaftServer$Division (RaftServerImpl.java:checkInconsistentAppendEntries(1394)) - omNode-2@group-523986131536: inconsistency entries. Reply:omNode-1<-omNode-2#622:FAIL-t6,INCONSISTENCY,nextIndex=57,followerCommit=56
2022-09-29 01:23:45,984 [grpc-default-executor-0] INFO  impl.SnapshotInstallationHandler (SnapshotInstallationHandler.java:installSnapshot(84)) - omNode-2@group-523986131536: receive installSnapshot: omNode-1->omNode-2#0-t6,notify:(t:6, i:59)
2022-09-29 01:23:45,984 [grpc-default-executor-0] INFO  impl.SnapshotInstallationHandler (SnapshotInstallationHandler.java:installSnapshot(95)) - omNode-2@group-523986131536: reply installSnapshot: omNode-1<-omNode-2#0:FAIL-t6,IN_PROGRESS
2022-09-29 01:23:45,984 [grpc-default-executor-0] INFO  server.GrpcServerProtocolService (GrpcServerProtocolService.java:onCompleted(140)) - omNode-2: Completed INSTALL_SNAPSHOT, lastRequest: omNode-1->omNode-2#0-t6,notify:(t:6, i:59)
2022-09-29 01:23:45,984 [grpc-default-executor-2] INFO  leader.FollowerInfo (FollowerInfoImpl.java:lambda$new$0(48)) - omNode-1@group-523986131536->omNode-2: nextIndex: updateUnconditionally 57 -> 57
2022-09-29 01:23:45,985 [grpc-default-executor-2] INFO  server.GrpcLogAppender (GrpcLogAppender.java:onNext(403)) - omNode-1@group-523986131536->omNode-2-InstallSnapshotResponseHandler: received a reply omNode-1<-omNode-2#0:FAIL-t6,IN_PROGRESS
2022-09-29 01:23:45,985 [grpc-default-executor-2] INFO  server.GrpcLogAppender (GrpcLogAppender.java:onNext(421)) - omNode-1@group-523986131536->omNode-2-InstallSnapshotResponseHandler: InstallSnapshot in progress.
2022-09-29 01:23:45,985 [omNode-1@group-523986131536->omNode-2-GrpcLogAppender-LogAppenderDaemon] INFO  server.GrpcLogAppender (GrpcLogAppender.java:installSnapshot(541)) - omNode-1@group-523986131536->omNode-2-GrpcLogAppender: followerNextIndex = 57 but logStartIndex = 59, notify follower to install snapshot-(t:6, i:59)
2022-09-29 01:23:45,985 [omNode-1@group-523986131536->omNode-2-GrpcLogAppender-LogAppenderDaemon] INFO  server.GrpcLogAppender (GrpcLogAppender.java:installSnapshot(549)) - omNode-1@group-523986131536->omNode-2-GrpcLogAppender: send omNode-1->omNode-2#0-t6,notify:(t:6, i:59)
2022-09-29 01:23:45,986 [omNode-2-server-thread1] INFO  server.RaftServer$Division (RaftServerImpl.java:checkInconsistentAppendEntries(1402)) - omNode-2@group-523986131536: Failed appendEntries as snapshot (59) installation is in progress
2022-09-29 01:23:45,986 [omNode-2-server-thread1] INFO  server.RaftServer$Division (RaftServerImpl.java:checkInconsistentAppendEntries(1394)) - omNode-2@group-523986131536: inconsistency entries. Reply:omNode-1<-omNode-2#623:FAIL-t6,INCONSISTENCY,nextIndex=57,followerCommit=56
2022-09-29 01:23:45,986 [grpc-default-executor-0] INFO  impl.SnapshotInstallationHandler (SnapshotInstallationHandler.java:installSnapshot(84)) - omNode-2@group-523986131536: receive installSnapshot: omNode-1->omNode-2#0-t6,notify:(t:6, i:59)
2022-09-29 01:23:45,986 [grpc-default-executor-0] INFO  impl.SnapshotInstallationHandler (SnapshotInstallationHandler.java:installSnapshot(95)) - omNode-2@group-523986131536: reply installSnapshot: omNode-1<-omNode-2#0:FAIL-t6,IN_PROGRESS
2022-09-29 01:23:45,986 [grpc-default-executor-0] INFO  server.GrpcServerProtocolService (GrpcServerProtocolService.java:onCompleted(140)) - omNode-2: Completed INSTALL_SNAPSHOT, lastRequest: omNode-1->omNode-2#0-t6,notify:(t:6, i:59)
2022-09-29 01:23:45,987 [grpc-default-executor-2] INFO  leader.FollowerInfo (FollowerInfoImpl.java:lambda$new$0(48)) - omNode-1@group-523986131536->omNode-2: nextIndex: updateUnconditionally 57 -> 57
2022-09-29 01:23:45,987 [grpc-default-executor-2] INFO  server.GrpcLogAppender (GrpcLogAppender.java:onNext(403)) - omNode-1@group-523986131536->omNode-2-InstallSnapshotResponseHandler: received a reply omNode-1<-omNode-2#0:FAIL-t6,IN_PROGRESS
2022-09-29 01:23:45,987 [grpc-default-executor-2] INFO  server.GrpcLogAppender (GrpcLogAppender.java:onNext(421)) - omNode-1@group-523986131536->omNode-2-InstallSnapshotResponseHandler: InstallSnapshot in progress.
2022-09-29 01:23:45,987 [omNode-1@group-523986131536->omNode-2-GrpcLogAppender-LogAppenderDaemon] INFO  server.GrpcLogAppender (GrpcLogAppender.java:installSnapshot(541)) - omNode-1@group-523986131536->omNode-2-GrpcLogAppender: followerNextIndex = 57 but logStartIndex = 59, notify follower to install snapshot-(t:6, i:59)
2022-09-29 01:23:45,987 [omNode-1@group-523986131536->omNode-2-GrpcLogAppender-LogAppenderDaemon] INFO  server.GrpcLogAppender (GrpcLogAppender.java:installSnapshot(549)) - omNode-1@group-523986131536->omNode-2-GrpcLogAppender: send omNode-1->omNode-2#0-t6,notify:(t:6, i:59)
2022-09-29 01:23:45,988 [omNode-2-server-thread1] INFO  server.RaftServer$Division (RaftServerImpl.java:checkInconsistentAppendEntries(1402)) - omNode-2@group-523986131536: Failed appendEntries as snapshot (59) installation is in progress
2022-09-29 01:23:45,988 [omNode-2-server-thread1] INFO  server.RaftServer$Division (RaftServerImpl.java:checkInconsistentAppendEntries(1394)) - omNode-2@group-523986131536: inconsistency entries. Reply:omNode-1<-omNode-2#624:FAIL-t6,INCONSISTENCY,nextIndex=57,followerCommit=56
2022-09-29 01:23:45,988 [grpc-default-executor-0] INFO  impl.SnapshotInstallationHandler (SnapshotInstallationHandler.java:installSnapshot(84)) - omNode-2@group-523986131536: receive installSnapshot: omNode-1->omNode-2#0-t6,notify:(t:6, i:59)
2022-09-29 01:23:45,988 [grpc-default-executor-0] INFO  impl.SnapshotInstallationHandler (SnapshotInstallationHandler.java:installSnapshot(95)) - omNode-2@group-523986131536: reply installSnapshot: omNode-1<-omNode-2#0:FAIL-t6,IN_PROGRESS
2022-09-29 01:23:45,988 [grpc-default-executor-0] INFO  server.GrpcServerProtocolService (GrpcServerProtocolService.java:onCompleted(140)) - omNode-2: Completed INSTALL_SNAPSHOT, lastRequest: omNode-1->omNode-2#0-t6,notify:(t:6, i:59)
2022-09-29 01:23:45,990 [Listener at localhost/41255] INFO  om.OzoneManager (OzoneManager.java:instantiateServices(709)) - S3 Multi-Tenancy is disabled
2022-09-29 01:23:45,991 [grpc-default-executor-2] INFO  leader.FollowerInfo (FollowerInfoImpl.java:lambda$new$0(48)) - omNode-1@group-523986131536->omNode-2: nextIndex: updateUnconditionally 57 -> 57
2022-09-29 01:23:45,992 [grpc-default-executor-2] INFO  server.GrpcLogAppender (GrpcLogAppender.java:onNext(403)) - omNode-1@group-523986131536->omNode-2-InstallSnapshotResponseHandler: received a reply omNode-1<-omNode-2#0:FAIL-t6,IN_PROGRESS
2022-09-29 01:23:45,992 [grpc-default-executor-2] INFO  server.GrpcLogAppender (GrpcLogAppender.java:onNext(421)) - omNode-1@group-523986131536->omNode-2-InstallSnapshotResponseHandler: InstallSnapshot in progress.
2022-09-29 01:23:45,992 [omNode-1@group-523986131536->omNode-2-GrpcLogAppender-LogAppenderDaemon] INFO  server.GrpcLogAppender (GrpcLogAppender.java:installSnapshot(541)) - omNode-1@group-523986131536->omNode-2-GrpcLogAppender: followerNextIndex = 57 but logStartIndex = 59, notify follower to install snapshot-(t:6, i:59)
2022-09-29 01:23:45,992 [omNode-1@group-523986131536->omNode-2-GrpcLogAppender-LogAppenderDaemon] INFO  server.GrpcLogAppender (GrpcLogAppender.java:installSnapshot(549)) - omNode-1@group-523986131536->omNode-2-GrpcLogAppender: send omNode-1->omNode-2#0-t6,notify:(t:6, i:59)
2022-09-29 01:23:45,993 [omNode-2-server-thread1] INFO  server.RaftServer$Division (RaftServerImpl.java:checkInconsistentAppendEntries(1402)) - omNode-2@group-523986131536: Failed appendEntries as snapshot (59) installation is in progress
2022-09-29 01:23:45,993 [omNode-2-server-thread1] INFO  server.RaftServer$Division (RaftServerImpl.java:checkInconsistentAppendEntries(1394)) - omNode-2@group-523986131536: inconsistency entries. Reply:omNode-1<-omNode-2#625:FAIL-t6,INCONSISTENCY,nextIndex=57,followerCommit=56
2022-09-29 01:23:45,993 [grpc-default-executor-0] INFO  impl.SnapshotInstallationHandler (SnapshotInstallationHandler.java:installSnapshot(84)) - omNode-2@group-523986131536: receive installSnapshot: omNode-1->omNode-2#0-t6,notify:(t:6, i:59)
2022-09-29 01:23:45,993 [grpc-default-executor-0] INFO  impl.SnapshotInstallationHandler (SnapshotInstallationHandler.java:installSnapshot(95)) - omNode-2@group-523986131536: reply installSnapshot: omNode-1<-omNode-2#0:FAIL-t6,IN_PROGRESS
2022-09-29 01:23:45,993 [grpc-default-executor-0] INFO  server.GrpcServerProtocolService (GrpcServerProtocolService.java:onCompleted(140)) - omNode-2: Completed INSTALL_SNAPSHOT, lastRequest: omNode-1->omNode-2#0-t6,notify:(t:6, i:59)
2022-09-29 01:23:45,994 [grpc-default-executor-2] INFO  leader.FollowerInfo (FollowerInfoImpl.java:lambda$new$0(48)) - omNode-1@group-523986131536->omNode-2: nextIndex: updateUnconditionally 57 -> 57
2022-09-29 01:23:45,994 [grpc-default-executor-2] INFO  server.GrpcLogAppender (GrpcLogAppender.java:onNext(403)) - omNode-1@group-523986131536->omNode-2-InstallSnapshotResponseHandler: received a reply omNode-1<-omNode-2#0:FAIL-t6,IN_PROGRESS
2022-09-29 01:23:45,994 [grpc-default-executor-2] INFO  server.GrpcLogAppender (GrpcLogAppender.java:onNext(421)) - omNode-1@group-523986131536->omNode-2-InstallSnapshotResponseHandler: InstallSnapshot in progress.
2022-09-29 01:23:45,994 [omNode-1@group-523986131536->omNode-2-GrpcLogAppender-LogAppenderDaemon] INFO  server.GrpcLogAppender (GrpcLogAppender.java:installSnapshot(541)) - omNode-1@group-523986131536->omNode-2-GrpcLogAppender: followerNextIndex = 57 but logStartIndex = 59, notify follower to install snapshot-(t:6, i:59)
2022-09-29 01:23:45,994 [omNode-1@group-523986131536->omNode-2-GrpcLogAppender-LogAppenderDaemon] INFO  server.GrpcLogAppender (GrpcLogAppender.java:installSnapshot(549)) - omNode-1@group-523986131536->omNode-2-GrpcLogAppender: send omNode-1->omNode-2#0-t6,notify:(t:6, i:59)
2022-09-29 01:23:45,995 [omNode-2-server-thread1] INFO  server.RaftServer$Division (RaftServerImpl.java:checkInconsistentAppendEntries(1402)) - omNode-2@group-523986131536: Failed appendEntries as snapshot (59) installation is in progress
2022-09-29 01:23:45,995 [omNode-2-server-thread1] INFO  server.RaftServer$Division (RaftServerImpl.java:checkInconsistentAppendEntries(1394)) - omNode-2@group-523986131536: inconsistency entries. Reply:omNode-1<-omNode-2#626:FAIL-t6,INCONSISTENCY,nextIndex=57,followerCommit=56
2022-09-29 01:23:45,995 [grpc-default-executor-0] INFO  impl.SnapshotInstallationHandler (SnapshotInstallationHandler.java:installSnapshot(84)) - omNode-2@group-523986131536: receive installSnapshot: omNode-1->omNode-2#0-t6,notify:(t:6, i:59)
2022-09-29 01:23:45,995 [grpc-default-executor-0] INFO  impl.SnapshotInstallationHandler (SnapshotInstallationHandler.java:installSnapshot(95)) - omNode-2@group-523986131536: reply installSnapshot: omNode-1<-omNode-2#0:FAIL-t6,IN_PROGRESS
2022-09-29 01:23:45,995 [grpc-default-executor-0] INFO  server.GrpcServerProtocolService (GrpcServerProtocolService.java:onCompleted(140)) - omNode-2: Completed INSTALL_SNAPSHOT, lastRequest: omNode-1->omNode-2#0-t6,notify:(t:6, i:59)
2022-09-29 01:23:45,996 [grpc-default-executor-2] INFO  leader.FollowerInfo (FollowerInfoImpl.java:lambda$new$0(48)) - omNode-1@group-523986131536->omNode-2: nextIndex: updateUnconditionally 57 -> 57
2022-09-29 01:23:45,996 [grpc-default-executor-2] INFO  server.GrpcLogAppender (GrpcLogAppender.java:onNext(403)) - omNode-1@group-523986131536->omNode-2-InstallSnapshotResponseHandler: received a reply omNode-1<-omNode-2#0:FAIL-t6,IN_PROGRESS
2022-09-29 01:23:45,996 [grpc-default-executor-2] INFO  server.GrpcLogAppender (GrpcLogAppender.java:onNext(421)) - omNode-1@group-523986131536->omNode-2-InstallSnapshotResponseHandler: InstallSnapshot in progress.
2022-09-29 01:23:45,996 [omNode-1@group-523986131536->omNode-2-GrpcLogAppender-LogAppenderDaemon] INFO  server.GrpcLogAppender (GrpcLogAppender.java:installSnapshot(541)) - omNode-1@group-523986131536->omNode-2-GrpcLogAppender: followerNextIndex = 57 but logStartIndex = 59, notify follower to install snapshot-(t:6, i:59)
2022-09-29 01:23:45,996 [omNode-1@group-523986131536->omNode-2-GrpcLogAppender-LogAppenderDaemon] INFO  server.GrpcLogAppender (GrpcLogAppender.java:installSnapshot(549)) - omNode-1@group-523986131536->omNode-2-GrpcLogAppender: send omNode-1->omNode-2#0-t6,notify:(t:6, i:59)
2022-09-29 01:23:45,997 [omNode-2-server-thread1] INFO  server.RaftServer$Division (RaftServerImpl.java:checkInconsistentAppendEntries(1402)) - omNode-2@group-523986131536: Failed appendEntries as snapshot (59) installation is in progress
2022-09-29 01:23:45,997 [omNode-2-server-thread1] INFO  server.RaftServer$Division (RaftServerImpl.java:checkInconsistentAppendEntries(1394)) - omNode-2@group-523986131536: inconsistency entries. Reply:omNode-1<-omNode-2#627:FAIL-t6,INCONSISTENCY,nextIndex=57,followerCommit=56
2022-09-29 01:23:45,997 [grpc-default-executor-0] INFO  impl.SnapshotInstallationHandler (SnapshotInstallationHandler.java:installSnapshot(84)) - omNode-2@group-523986131536: receive installSnapshot: omNode-1->omNode-2#0-t6,notify:(t:6, i:59)
2022-09-29 01:23:45,997 [grpc-default-executor-0] INFO  impl.SnapshotInstallationHandler (SnapshotInstallationHandler.java:installSnapshot(95)) - omNode-2@group-523986131536: reply installSnapshot: omNode-1<-omNode-2#0:FAIL-t6,IN_PROGRESS
2022-09-29 01:23:45,998 [grpc-default-executor-0] INFO  server.GrpcServerProtocolService (GrpcServerProtocolService.java:onCompleted(140)) - omNode-2: Completed INSTALL_SNAPSHOT, lastRequest: omNode-1->omNode-2#0-t6,notify:(t:6, i:59)
2022-09-29 01:23:45,998 [grpc-default-executor-2] INFO  leader.FollowerInfo (FollowerInfoImpl.java:lambda$new$0(48)) - omNode-1@group-523986131536->omNode-2: nextIndex: updateUnconditionally 57 -> 57
2022-09-29 01:23:45,998 [grpc-default-executor-2] INFO  server.GrpcLogAppender (GrpcLogAppender.java:onNext(403)) - omNode-1@group-523986131536->omNode-2-InstallSnapshotResponseHandler: received a reply omNode-1<-omNode-2#0:FAIL-t6,IN_PROGRESS
2022-09-29 01:23:45,998 [grpc-default-executor-2] INFO  server.GrpcLogAppender (GrpcLogAppender.java:onNext(421)) - omNode-1@group-523986131536->omNode-2-InstallSnapshotResponseHandler: InstallSnapshot in progress.
2022-09-29 01:23:45,998 [omNode-1@group-523986131536->omNode-2-GrpcLogAppender-LogAppenderDaemon] INFO  server.GrpcLogAppender (GrpcLogAppender.java:installSnapshot(541)) - omNode-1@group-523986131536->omNode-2-GrpcLogAppender: followerNextIndex = 57 but logStartIndex = 59, notify follower to install snapshot-(t:6, i:59)
2022-09-29 01:23:45,998 [omNode-1@group-523986131536->omNode-2-GrpcLogAppender-LogAppenderDaemon] INFO  server.GrpcLogAppender (GrpcLogAppender.java:installSnapshot(549)) - omNode-1@group-523986131536->omNode-2-GrpcLogAppender: send omNode-1->omNode-2#0-t6,notify:(t:6, i:59)
2022-09-29 01:23:45,999 [omNode-2-server-thread1] INFO  server.RaftServer$Division (RaftServerImpl.java:checkInconsistentAppendEntries(1402)) - omNode-2@group-523986131536: Failed appendEntries as snapshot (59) installation is in progress
2022-09-29 01:23:45,999 [omNode-2-server-thread1] INFO  server.RaftServer$Division (RaftServerImpl.java:checkInconsistentAppendEntries(1394)) - omNode-2@group-523986131536: inconsistency entries. Reply:omNode-1<-omNode-2#628:FAIL-t6,INCONSISTENCY,nextIndex=57,followerCommit=56
2022-09-29 01:23:45,999 [grpc-default-executor-0] INFO  impl.SnapshotInstallationHandler (SnapshotInstallationHandler.java:installSnapshot(84)) - omNode-2@group-523986131536: receive installSnapshot: omNode-1->omNode-2#0-t6,notify:(t:6, i:59)
2022-09-29 01:23:45,999 [grpc-default-executor-0] INFO  impl.SnapshotInstallationHandler (SnapshotInstallationHandler.java:installSnapshot(95)) - omNode-2@group-523986131536: reply installSnapshot: omNode-1<-omNode-2#0:FAIL-t6,IN_PROGRESS
2022-09-29 01:23:46,000 [grpc-default-executor-0] INFO  server.GrpcServerProtocolService (GrpcServerProtocolService.java:onCompleted(140)) - omNode-2: Completed INSTALL_SNAPSHOT, lastRequest: omNode-1->omNode-2#0-t6,notify:(t:6, i:59)
2022-09-29 01:23:46,000 [grpc-default-executor-2] INFO  leader.FollowerInfo (FollowerInfoImpl.java:lambda$new$0(48)) - omNode-1@group-523986131536->omNode-2: nextIndex: updateUnconditionally 57 -> 57
2022-09-29 01:23:46,000 [grpc-default-executor-2] INFO  server.GrpcLogAppender (GrpcLogAppender.java:onNext(403)) - omNode-1@group-523986131536->omNode-2-InstallSnapshotResponseHandler: received a reply omNode-1<-omNode-2#0:FAIL-t6,IN_PROGRESS
2022-09-29 01:23:46,000 [grpc-default-executor-2] INFO  server.GrpcLogAppender (GrpcLogAppender.java:onNext(421)) - omNode-1@group-523986131536->omNode-2-InstallSnapshotResponseHandler: InstallSnapshot in progress.
2022-09-29 01:23:46,000 [omNode-1@group-523986131536->omNode-2-GrpcLogAppender-LogAppenderDaemon] INFO  server.GrpcLogAppender (GrpcLogAppender.java:installSnapshot(541)) - omNode-1@group-523986131536->omNode-2-GrpcLogAppender: followerNextIndex = 57 but logStartIndex = 59, notify follower to install snapshot-(t:6, i:59)
2022-09-29 01:23:46,001 [omNode-1@group-523986131536->omNode-2-GrpcLogAppender-LogAppenderDaemon] INFO  server.GrpcLogAppender (GrpcLogAppender.java:installSnapshot(549)) - omNode-1@group-523986131536->omNode-2-GrpcLogAppender: send omNode-1->omNode-2#0-t6,notify:(t:6, i:59)
2022-09-29 01:23:46,001 [omNode-2-server-thread1] INFO  server.RaftServer$Division (RaftServerImpl.java:checkInconsistentAppendEntries(1402)) - omNode-2@group-523986131536: Failed appendEntries as snapshot (59) installation is in progress
2022-09-29 01:23:46,001 [omNode-2-server-thread1] INFO  server.RaftServer$Division (RaftServerImpl.java:checkInconsistentAppendEntries(1394)) - omNode-2@group-523986131536: inconsistency entries. Reply:omNode-1<-omNode-2#629:FAIL-t6,INCONSISTENCY,nextIndex=57,followerCommit=56
2022-09-29 01:23:46,001 [grpc-default-executor-0] INFO  impl.SnapshotInstallationHandler (SnapshotInstallationHandler.java:installSnapshot(84)) - omNode-2@group-523986131536: receive installSnapshot: omNode-1->omNode-2#0-t6,notify:(t:6, i:59)
2022-09-29 01:23:46,002 [grpc-default-executor-0] INFO  impl.SnapshotInstallationHandler (SnapshotInstallationHandler.java:installSnapshot(95)) - omNode-2@group-523986131536: reply installSnapshot: omNode-1<-omNode-2#0:FAIL-t6,IN_PROGRESS
2022-09-29 01:23:46,002 [grpc-default-executor-0] INFO  server.GrpcServerProtocolService (GrpcServerProtocolService.java:onCompleted(140)) - omNode-2: Completed INSTALL_SNAPSHOT, lastRequest: omNode-1->omNode-2#0-t6,notify:(t:6, i:59)
2022-09-29 01:23:46,002 [grpc-default-executor-2] INFO  leader.FollowerInfo (FollowerInfoImpl.java:lambda$new$0(48)) - omNode-1@group-523986131536->omNode-2: nextIndex: updateUnconditionally 57 -> 57
2022-09-29 01:23:46,002 [grpc-default-executor-2] INFO  server.GrpcLogAppender (GrpcLogAppender.java:onNext(403)) - omNode-1@group-523986131536->omNode-2-InstallSnapshotResponseHandler: received a reply omNode-1<-omNode-2#0:FAIL-t6,IN_PROGRESS
2022-09-29 01:23:46,002 [grpc-default-executor-2] INFO  server.GrpcLogAppender (GrpcLogAppender.java:onNext(421)) - omNode-1@group-523986131536->omNode-2-InstallSnapshotResponseHandler: InstallSnapshot in progress.
2022-09-29 01:23:46,002 [omNode-1@group-523986131536->omNode-2-GrpcLogAppender-LogAppenderDaemon] INFO  server.GrpcLogAppender (GrpcLogAppender.java:installSnapshot(541)) - omNode-1@group-523986131536->omNode-2-GrpcLogAppender: followerNextIndex = 57 but logStartIndex = 59, notify follower to install snapshot-(t:6, i:59)
2022-09-29 01:23:46,003 [omNode-1@group-523986131536->omNode-2-GrpcLogAppender-LogAppenderDaemon] INFO  server.GrpcLogAppender (GrpcLogAppender.java:installSnapshot(549)) - omNode-1@group-523986131536->omNode-2-GrpcLogAppender: send omNode-1->omNode-2#0-t6,notify:(t:6, i:59)
2022-09-29 01:23:46,003 [omNode-2-server-thread1] INFO  server.RaftServer$Division (RaftServerImpl.java:checkInconsistentAppendEntries(1402)) - omNode-2@group-523986131536: Failed appendEntries as snapshot (59) installation is in progress
2022-09-29 01:23:46,003 [omNode-2-server-thread1] INFO  server.RaftServer$Division (RaftServerImpl.java:checkInconsistentAppendEntries(1394)) - omNode-2@group-523986131536: inconsistency entries. Reply:omNode-1<-omNode-2#630:FAIL-t6,INCONSISTENCY,nextIndex=57,followerCommit=56
2022-09-29 01:23:46,004 [grpc-default-executor-0] INFO  impl.SnapshotInstallationHandler (SnapshotInstallationHandler.java:installSnapshot(84)) - omNode-2@group-523986131536: receive installSnapshot: omNode-1->omNode-2#0-t6,notify:(t:6, i:59)
2022-09-29 01:23:46,004 [grpc-default-executor-0] INFO  impl.SnapshotInstallationHandler (SnapshotInstallationHandler.java:installSnapshot(95)) - omNode-2@group-523986131536: reply installSnapshot: omNode-1<-omNode-2#0:FAIL-t6,IN_PROGRESS
2022-09-29 01:23:46,004 [grpc-default-executor-0] INFO  server.GrpcServerProtocolService (GrpcServerProtocolService.java:onCompleted(140)) - omNode-2: Completed INSTALL_SNAPSHOT, lastRequest: omNode-1->omNode-2#0-t6,notify:(t:6, i:59)
2022-09-29 01:23:46,004 [grpc-default-executor-2] INFO  leader.FollowerInfo (FollowerInfoImpl.java:lambda$new$0(48)) - omNode-1@group-523986131536->omNode-2: nextIndex: updateUnconditionally 57 -> 57
2022-09-29 01:23:46,004 [grpc-default-executor-2] INFO  server.GrpcLogAppender (GrpcLogAppender.java:onNext(403)) - omNode-1@group-523986131536->omNode-2-InstallSnapshotResponseHandler: received a reply omNode-1<-omNode-2#0:FAIL-t6,IN_PROGRESS
2022-09-29 01:23:46,004 [grpc-default-executor-2] INFO  server.GrpcLogAppender (GrpcLogAppender.java:onNext(421)) - omNode-1@group-523986131536->omNode-2-InstallSnapshotResponseHandler: InstallSnapshot in progress.
2022-09-29 01:23:46,005 [omNode-1@group-523986131536->omNode-2-GrpcLogAppender-LogAppenderDaemon] INFO  server.GrpcLogAppender (GrpcLogAppender.java:installSnapshot(541)) - omNode-1@group-523986131536->omNode-2-GrpcLogAppender: followerNextIndex = 57 but logStartIndex = 59, notify follower to install snapshot-(t:6, i:59)
2022-09-29 01:23:46,005 [omNode-1@group-523986131536->omNode-2-GrpcLogAppender-LogAppenderDaemon] INFO  server.GrpcLogAppender (GrpcLogAppender.java:installSnapshot(549)) - omNode-1@group-523986131536->omNode-2-GrpcLogAppender: send omNode-1->omNode-2#0-t6,notify:(t:6, i:59)
2022-09-29 01:23:46,005 [grpc-default-executor-2] WARN  server.GrpcLogAppender (LogUtils.java:warn(122)) - omNode-1@group-523986131536->omNode-3-AppendLogResponseHandler: Failed appendEntries: org.apache.ratis.thirdparty.io.grpc.StatusRuntimeException: UNAVAILABLE: io exception
2022-09-29 01:23:46,005 [grpc-default-executor-2] INFO  leader.FollowerInfo (FollowerInfoImpl.java:lambda$new$0(48)) - omNode-1@group-523986131536->omNode-3: nextIndex: updateUnconditionally 145 -> 144
2022-09-29 01:23:46,007 [omNode-2-server-thread1] INFO  server.RaftServer$Division (RaftServerImpl.java:checkInconsistentAppendEntries(1402)) - omNode-2@group-523986131536: Failed appendEntries as snapshot (59) installation is in progress
2022-09-29 01:23:46,007 [omNode-2-server-thread1] INFO  server.RaftServer$Division (RaftServerImpl.java:checkInconsistentAppendEntries(1394)) - omNode-2@group-523986131536: inconsistency entries. Reply:omNode-1<-omNode-2#631:FAIL-t6,INCONSISTENCY,nextIndex=57,followerCommit=56
2022-09-29 01:23:46,007 [grpc-default-executor-0] INFO  impl.SnapshotInstallationHandler (SnapshotInstallationHandler.java:installSnapshot(84)) - omNode-2@group-523986131536: receive installSnapshot: omNode-1->omNode-2#0-t6,notify:(t:6, i:59)
2022-09-29 01:23:46,007 [grpc-default-executor-0] INFO  impl.SnapshotInstallationHandler (SnapshotInstallationHandler.java:installSnapshot(95)) - omNode-2@group-523986131536: reply installSnapshot: omNode-1<-omNode-2#0:FAIL-t6,IN_PROGRESS
2022-09-29 01:23:46,007 [grpc-default-executor-0] INFO  server.GrpcServerProtocolService (GrpcServerProtocolService.java:onCompleted(140)) - omNode-2: Completed INSTALL_SNAPSHOT, lastRequest: omNode-1->omNode-2#0-t6,notify:(t:6, i:59)
2022-09-29 01:23:46,008 [grpc-default-executor-2] INFO  leader.FollowerInfo (FollowerInfoImpl.java:lambda$new$0(48)) - omNode-1@group-523986131536->omNode-2: nextIndex: updateUnconditionally 57 -> 57
2022-09-29 01:23:46,008 [grpc-default-executor-2] INFO  server.GrpcLogAppender (GrpcLogAppender.java:onNext(403)) - omNode-1@group-523986131536->omNode-2-InstallSnapshotResponseHandler: received a reply omNode-1<-omNode-2#0:FAIL-t6,IN_PROGRESS
2022-09-29 01:23:46,008 [grpc-default-executor-2] INFO  server.GrpcLogAppender (GrpcLogAppender.java:onNext(421)) - omNode-1@group-523986131536->omNode-2-InstallSnapshotResponseHandler: InstallSnapshot in progress.
2022-09-29 01:23:46,008 [omNode-1@group-523986131536->omNode-2-GrpcLogAppender-LogAppenderDaemon] INFO  server.GrpcLogAppender (GrpcLogAppender.java:installSnapshot(541)) - omNode-1@group-523986131536->omNode-2-GrpcLogAppender: followerNextIndex = 57 but logStartIndex = 59, notify follower to install snapshot-(t:6, i:59)
2022-09-29 01:23:46,008 [omNode-1@group-523986131536->omNode-2-GrpcLogAppender-LogAppenderDaemon] INFO  server.GrpcLogAppender (GrpcLogAppender.java:installSnapshot(549)) - omNode-1@group-523986131536->omNode-2-GrpcLogAppender: send omNode-1->omNode-2#0-t6,notify:(t:6, i:59)
2022-09-29 01:23:46,009 [omNode-2-server-thread1] INFO  server.RaftServer$Division (RaftServerImpl.java:checkInconsistentAppendEntries(1402)) - omNode-2@group-523986131536: Failed appendEntries as snapshot (59) installation is in progress
2022-09-29 01:23:46,009 [omNode-2-server-thread1] INFO  server.RaftServer$Division (RaftServerImpl.java:checkInconsistentAppendEntries(1394)) - omNode-2@group-523986131536: inconsistency entries. Reply:omNode-1<-omNode-2#632:FAIL-t6,INCONSISTENCY,nextIndex=57,followerCommit=56
2022-09-29 01:23:46,009 [grpc-default-executor-0] INFO  impl.SnapshotInstallationHandler (SnapshotInstallationHandler.java:installSnapshot(84)) - omNode-2@group-523986131536: receive installSnapshot: omNode-1->omNode-2#0-t6,notify:(t:6, i:59)
2022-09-29 01:23:46,010 [grpc-default-executor-0] INFO  impl.SnapshotInstallationHandler (SnapshotInstallationHandler.java:installSnapshot(95)) - omNode-2@group-523986131536: reply installSnapshot: omNode-1<-omNode-2#0:FAIL-t6,IN_PROGRESS
2022-09-29 01:23:46,010 [grpc-default-executor-0] INFO  server.GrpcServerProtocolService (GrpcServerProtocolService.java:onCompleted(140)) - omNode-2: Completed INSTALL_SNAPSHOT, lastRequest: omNode-1->omNode-2#0-t6,notify:(t:6, i:59)
2022-09-29 01:23:46,010 [grpc-default-executor-2] INFO  leader.FollowerInfo (FollowerInfoImpl.java:lambda$new$0(48)) - omNode-1@group-523986131536->omNode-2: nextIndex: updateUnconditionally 57 -> 57
2022-09-29 01:23:46,010 [grpc-default-executor-2] INFO  server.GrpcLogAppender (GrpcLogAppender.java:onNext(403)) - omNode-1@group-523986131536->omNode-2-InstallSnapshotResponseHandler: received a reply omNode-1<-omNode-2#0:FAIL-t6,IN_PROGRESS
2022-09-29 01:23:46,010 [grpc-default-executor-2] INFO  server.GrpcLogAppender (GrpcLogAppender.java:onNext(421)) - omNode-1@group-523986131536->omNode-2-InstallSnapshotResponseHandler: InstallSnapshot in progress.
2022-09-29 01:23:46,010 [omNode-1@group-523986131536->omNode-2-GrpcLogAppender-LogAppenderDaemon] INFO  server.GrpcLogAppender (GrpcLogAppender.java:installSnapshot(541)) - omNode-1@group-523986131536->omNode-2-GrpcLogAppender: followerNextIndex = 57 but logStartIndex = 59, notify follower to install snapshot-(t:6, i:59)
2022-09-29 01:23:46,011 [omNode-1@group-523986131536->omNode-2-GrpcLogAppender-LogAppenderDaemon] INFO  server.GrpcLogAppender (GrpcLogAppender.java:installSnapshot(549)) - omNode-1@group-523986131536->omNode-2-GrpcLogAppender: send omNode-1->omNode-2#0-t6,notify:(t:6, i:59)
2022-09-29 01:23:46,013 [omNode-2-server-thread1] INFO  server.RaftServer$Division (RaftServerImpl.java:checkInconsistentAppendEntries(1402)) - omNode-2@group-523986131536: Failed appendEntries as snapshot (59) installation is in progress
2022-09-29 01:23:46,013 [omNode-2-server-thread1] INFO  server.RaftServer$Division (RaftServerImpl.java:checkInconsistentAppendEntries(1394)) - omNode-2@group-523986131536: inconsistency entries. Reply:omNode-1<-omNode-2#633:FAIL-t6,INCONSISTENCY,nextIndex=57,followerCommit=56
2022-09-29 01:23:46,014 [grpc-default-executor-0] INFO  impl.SnapshotInstallationHandler (SnapshotInstallationHandler.java:installSnapshot(84)) - omNode-2@group-523986131536: receive installSnapshot: omNode-1->omNode-2#0-t6,notify:(t:6, i:59)
2022-09-29 01:23:46,014 [grpc-default-executor-0] INFO  impl.SnapshotInstallationHandler (SnapshotInstallationHandler.java:installSnapshot(95)) - omNode-2@group-523986131536: reply installSnapshot: omNode-1<-omNode-2#0:FAIL-t6,IN_PROGRESS
2022-09-29 01:23:46,014 [grpc-default-executor-0] INFO  server.GrpcServerProtocolService (GrpcServerProtocolService.java:onCompleted(140)) - omNode-2: Completed INSTALL_SNAPSHOT, lastRequest: omNode-1->omNode-2#0-t6,notify:(t:6, i:59)
2022-09-29 01:23:46,014 [Listener at localhost/41255] WARN  impl.MetricRegistriesImpl (MetricRegistriesImpl.java:addReporterRegistration(111)) - New reporters are added after registries were created. Some metrics will be missing from the reporter. Please add reporter before adding any new registry.
2022-09-29 01:23:46,014 [Listener at localhost/41255] WARN  impl.MetricRegistriesImpl (MetricRegistriesImpl.java:addReporterRegistration(111)) - New reporters are added after registries were created. Some metrics will be missing from the reporter. Please add reporter before adding any new registry.
2022-09-29 01:23:46,015 [Listener at localhost/41255] WARN  server.ServerUtils (ServerUtils.java:getDefaultRatisDirectory(237)) - Storage directory for Ratis is not configured. It is a good idea to map this to an SSD disk. Falling back to ozone.metadata.dirs
2022-09-29 01:23:46,016 [Listener at localhost/41255] INFO  ratis.OzoneManagerRatisServer (OzoneManagerRatisServer.java:<init>(160)) - Instantiating OM Ratis server with groupID: om-service-test1 and peers: localhost:45481, localhost:40693, localhost:42303
2022-09-29 01:23:46,016 [Listener at localhost/41255] INFO  ratis.OzoneManagerStateMachine (OzoneManagerStateMachine.java:loadSnapshotInfoFromDB(632)) - LastAppliedIndex is set from TransactionInfo from OM DB as (t:6, i:142)
2022-09-29 01:23:46,017 [grpc-default-executor-2] INFO  leader.FollowerInfo (FollowerInfoImpl.java:lambda$new$0(48)) - omNode-1@group-523986131536->omNode-2: nextIndex: updateUnconditionally 57 -> 57
2022-09-29 01:23:46,017 [grpc-default-executor-2] INFO  server.GrpcLogAppender (GrpcLogAppender.java:onNext(403)) - omNode-1@group-523986131536->omNode-2-InstallSnapshotResponseHandler: received a reply omNode-1<-omNode-2#0:FAIL-t6,IN_PROGRESS
2022-09-29 01:23:46,017 [grpc-default-executor-2] INFO  server.GrpcLogAppender (GrpcLogAppender.java:onNext(421)) - omNode-1@group-523986131536->omNode-2-InstallSnapshotResponseHandler: InstallSnapshot in progress.
2022-09-29 01:23:46,017 [omNode-1@group-523986131536->omNode-2-GrpcLogAppender-LogAppenderDaemon] INFO  server.GrpcLogAppender (GrpcLogAppender.java:installSnapshot(541)) - omNode-1@group-523986131536->omNode-2-GrpcLogAppender: followerNextIndex = 57 but logStartIndex = 59, notify follower to install snapshot-(t:6, i:59)
2022-09-29 01:23:46,017 [omNode-1@group-523986131536->omNode-2-GrpcLogAppender-LogAppenderDaemon] INFO  server.GrpcLogAppender (GrpcLogAppender.java:installSnapshot(549)) - omNode-1@group-523986131536->omNode-2-GrpcLogAppender: send omNode-1->omNode-2#0-t6,notify:(t:6, i:59)
2022-09-29 01:23:46,018 [omNode-2-server-thread1] INFO  server.RaftServer$Division (RaftServerImpl.java:checkInconsistentAppendEntries(1402)) - omNode-2@group-523986131536: Failed appendEntries as snapshot (59) installation is in progress
2022-09-29 01:23:46,018 [omNode-2-server-thread1] INFO  server.RaftServer$Division (RaftServerImpl.java:checkInconsistentAppendEntries(1394)) - omNode-2@group-523986131536: inconsistency entries. Reply:omNode-1<-omNode-2#634:FAIL-t6,INCONSISTENCY,nextIndex=57,followerCommit=56
2022-09-29 01:23:46,018 [grpc-default-executor-0] INFO  impl.SnapshotInstallationHandler (SnapshotInstallationHandler.java:installSnapshot(84)) - omNode-2@group-523986131536: receive installSnapshot: omNode-1->omNode-2#0-t6,notify:(t:6, i:59)
2022-09-29 01:23:46,018 [grpc-default-executor-0] INFO  impl.SnapshotInstallationHandler (SnapshotInstallationHandler.java:installSnapshot(95)) - omNode-2@group-523986131536: reply installSnapshot: omNode-1<-omNode-2#0:FAIL-t6,IN_PROGRESS
2022-09-29 01:23:46,018 [grpc-default-executor-0] INFO  server.GrpcServerProtocolService (GrpcServerProtocolService.java:onCompleted(140)) - omNode-2: Completed INSTALL_SNAPSHOT, lastRequest: omNode-1->omNode-2#0-t6,notify:(t:6, i:59)
2022-09-29 01:23:46,019 [grpc-default-executor-2] INFO  leader.FollowerInfo (FollowerInfoImpl.java:lambda$new$0(48)) - omNode-1@group-523986131536->omNode-2: nextIndex: updateUnconditionally 57 -> 57
2022-09-29 01:23:46,019 [grpc-default-executor-2] INFO  server.GrpcLogAppender (GrpcLogAppender.java:onNext(403)) - omNode-1@group-523986131536->omNode-2-InstallSnapshotResponseHandler: received a reply omNode-1<-omNode-2#0:FAIL-t6,IN_PROGRESS
2022-09-29 01:23:46,019 [grpc-default-executor-2] INFO  server.GrpcLogAppender (GrpcLogAppender.java:onNext(421)) - omNode-1@group-523986131536->omNode-2-InstallSnapshotResponseHandler: InstallSnapshot in progress.
2022-09-29 01:23:46,019 [omNode-1@group-523986131536->omNode-2-GrpcLogAppender-LogAppenderDaemon] INFO  server.GrpcLogAppender (GrpcLogAppender.java:installSnapshot(541)) - omNode-1@group-523986131536->omNode-2-GrpcLogAppender: followerNextIndex = 57 but logStartIndex = 59, notify follower to install snapshot-(t:6, i:59)
2022-09-29 01:23:46,019 [omNode-1@group-523986131536->omNode-2-GrpcLogAppender-LogAppenderDaemon] INFO  server.GrpcLogAppender (GrpcLogAppender.java:installSnapshot(549)) - omNode-1@group-523986131536->omNode-2-GrpcLogAppender: send omNode-1->omNode-2#0-t6,notify:(t:6, i:59)
2022-09-29 01:23:46,020 [omNode-2-server-thread1] INFO  server.RaftServer$Division (RaftServerImpl.java:checkInconsistentAppendEntries(1402)) - omNode-2@group-523986131536: Failed appendEntries as snapshot (59) installation is in progress
2022-09-29 01:23:46,020 [omNode-2-server-thread1] INFO  server.RaftServer$Division (RaftServerImpl.java:checkInconsistentAppendEntries(1394)) - omNode-2@group-523986131536: inconsistency entries. Reply:omNode-1<-omNode-2#635:FAIL-t6,INCONSISTENCY,nextIndex=57,followerCommit=56
2022-09-29 01:23:46,020 [grpc-default-executor-0] INFO  impl.SnapshotInstallationHandler (SnapshotInstallationHandler.java:installSnapshot(84)) - omNode-2@group-523986131536: receive installSnapshot: omNode-1->omNode-2#0-t6,notify:(t:6, i:59)
2022-09-29 01:23:46,020 [grpc-default-executor-0] INFO  impl.SnapshotInstallationHandler (SnapshotInstallationHandler.java:installSnapshot(95)) - omNode-2@group-523986131536: reply installSnapshot: omNode-1<-omNode-2#0:FAIL-t6,IN_PROGRESS
2022-09-29 01:23:46,021 [grpc-default-executor-0] INFO  server.GrpcServerProtocolService (GrpcServerProtocolService.java:onCompleted(140)) - omNode-2: Completed INSTALL_SNAPSHOT, lastRequest: omNode-1->omNode-2#0-t6,notify:(t:6, i:59)
2022-09-29 01:23:46,021 [grpc-default-executor-2] INFO  leader.FollowerInfo (FollowerInfoImpl.java:lambda$new$0(48)) - omNode-1@group-523986131536->omNode-2: nextIndex: updateUnconditionally 57 -> 57
2022-09-29 01:23:46,021 [grpc-default-executor-2] INFO  server.GrpcLogAppender (GrpcLogAppender.java:onNext(403)) - omNode-1@group-523986131536->omNode-2-InstallSnapshotResponseHandler: received a reply omNode-1<-omNode-2#0:FAIL-t6,IN_PROGRESS
2022-09-29 01:23:46,021 [grpc-default-executor-2] INFO  server.GrpcLogAppender (GrpcLogAppender.java:onNext(421)) - omNode-1@group-523986131536->omNode-2-InstallSnapshotResponseHandler: InstallSnapshot in progress.
2022-09-29 01:23:46,021 [omNode-1@group-523986131536->omNode-2-GrpcLogAppender-LogAppenderDaemon] INFO  server.GrpcLogAppender (GrpcLogAppender.java:installSnapshot(541)) - omNode-1@group-523986131536->omNode-2-GrpcLogAppender: followerNextIndex = 57 but logStartIndex = 59, notify follower to install snapshot-(t:6, i:59)
2022-09-29 01:23:46,021 [omNode-1@group-523986131536->omNode-2-GrpcLogAppender-LogAppenderDaemon] INFO  server.GrpcLogAppender (GrpcLogAppender.java:installSnapshot(549)) - omNode-1@group-523986131536->omNode-2-GrpcLogAppender: send omNode-1->omNode-2#0-t6,notify:(t:6, i:59)
2022-09-29 01:23:46,022 [omNode-2-server-thread1] INFO  server.RaftServer$Division (RaftServerImpl.java:checkInconsistentAppendEntries(1402)) - omNode-2@group-523986131536: Failed appendEntries as snapshot (59) installation is in progress
2022-09-29 01:23:46,022 [omNode-2-server-thread1] INFO  server.RaftServer$Division (RaftServerImpl.java:checkInconsistentAppendEntries(1394)) - omNode-2@group-523986131536: inconsistency entries. Reply:omNode-1<-omNode-2#636:FAIL-t6,INCONSISTENCY,nextIndex=57,followerCommit=56
2022-09-29 01:23:46,022 [grpc-default-executor-0] INFO  impl.SnapshotInstallationHandler (SnapshotInstallationHandler.java:installSnapshot(84)) - omNode-2@group-523986131536: receive installSnapshot: omNode-1->omNode-2#0-t6,notify:(t:6, i:59)
2022-09-29 01:23:46,022 [grpc-default-executor-0] INFO  impl.SnapshotInstallationHandler (SnapshotInstallationHandler.java:installSnapshot(95)) - omNode-2@group-523986131536: reply installSnapshot: omNode-1<-omNode-2#0:FAIL-t6,IN_PROGRESS
2022-09-29 01:23:46,023 [grpc-default-executor-0] INFO  server.GrpcServerProtocolService (GrpcServerProtocolService.java:onCompleted(140)) - omNode-2: Completed INSTALL_SNAPSHOT, lastRequest: omNode-1->omNode-2#0-t6,notify:(t:6, i:59)
2022-09-29 01:23:46,023 [grpc-default-executor-2] INFO  leader.FollowerInfo (FollowerInfoImpl.java:lambda$new$0(48)) - omNode-1@group-523986131536->omNode-2: nextIndex: updateUnconditionally 57 -> 57
2022-09-29 01:23:46,023 [grpc-default-executor-2] INFO  server.GrpcLogAppender (GrpcLogAppender.java:onNext(403)) - omNode-1@group-523986131536->omNode-2-InstallSnapshotResponseHandler: received a reply omNode-1<-omNode-2#0:FAIL-t6,IN_PROGRESS
2022-09-29 01:23:46,023 [grpc-default-executor-2] INFO  server.GrpcLogAppender (GrpcLogAppender.java:onNext(421)) - omNode-1@group-523986131536->omNode-2-InstallSnapshotResponseHandler: InstallSnapshot in progress.
2022-09-29 01:23:46,023 [omNode-1@group-523986131536->omNode-2-GrpcLogAppender-LogAppenderDaemon] INFO  server.GrpcLogAppender (GrpcLogAppender.java:installSnapshot(541)) - omNode-1@group-523986131536->omNode-2-GrpcLogAppender: followerNextIndex = 57 but logStartIndex = 59, notify follower to install snapshot-(t:6, i:59)
2022-09-29 01:23:46,024 [omNode-1@group-523986131536->omNode-2-GrpcLogAppender-LogAppenderDaemon] INFO  server.GrpcLogAppender (GrpcLogAppender.java:installSnapshot(549)) - omNode-1@group-523986131536->omNode-2-GrpcLogAppender: send omNode-1->omNode-2#0-t6,notify:(t:6, i:59)
2022-09-29 01:23:46,024 [omNode-2-server-thread1] INFO  server.RaftServer$Division (RaftServerImpl.java:checkInconsistentAppendEntries(1402)) - omNode-2@group-523986131536: Failed appendEntries as snapshot (59) installation is in progress
2022-09-29 01:23:46,024 [omNode-2-server-thread1] INFO  server.RaftServer$Division (RaftServerImpl.java:checkInconsistentAppendEntries(1394)) - omNode-2@group-523986131536: inconsistency entries. Reply:omNode-1<-omNode-2#637:FAIL-t6,INCONSISTENCY,nextIndex=57,followerCommit=56
2022-09-29 01:23:46,024 [grpc-default-executor-0] INFO  impl.SnapshotInstallationHandler (SnapshotInstallationHandler.java:installSnapshot(84)) - omNode-2@group-523986131536: receive installSnapshot: omNode-1->omNode-2#0-t6,notify:(t:6, i:59)
2022-09-29 01:23:46,025 [grpc-default-executor-0] INFO  impl.SnapshotInstallationHandler (SnapshotInstallationHandler.java:installSnapshot(95)) - omNode-2@group-523986131536: reply installSnapshot: omNode-1<-omNode-2#0:FAIL-t6,IN_PROGRESS
2022-09-29 01:23:46,025 [grpc-default-executor-0] INFO  server.GrpcServerProtocolService (GrpcServerProtocolService.java:onCompleted(140)) - omNode-2: Completed INSTALL_SNAPSHOT, lastRequest: omNode-1->omNode-2#0-t6,notify:(t:6, i:59)
2022-09-29 01:23:46,025 [grpc-default-executor-2] INFO  leader.FollowerInfo (FollowerInfoImpl.java:lambda$new$0(48)) - omNode-1@group-523986131536->omNode-2: nextIndex: updateUnconditionally 57 -> 57
2022-09-29 01:23:46,025 [grpc-default-executor-2] INFO  server.GrpcLogAppender (GrpcLogAppender.java:onNext(403)) - omNode-1@group-523986131536->omNode-2-InstallSnapshotResponseHandler: received a reply omNode-1<-omNode-2#0:FAIL-t6,IN_PROGRESS
2022-09-29 01:23:46,025 [grpc-default-executor-2] INFO  server.GrpcLogAppender (GrpcLogAppender.java:onNext(421)) - omNode-1@group-523986131536->omNode-2-InstallSnapshotResponseHandler: InstallSnapshot in progress.
2022-09-29 01:23:46,026 [omNode-1@group-523986131536->omNode-2-GrpcLogAppender-LogAppenderDaemon] INFO  server.GrpcLogAppender (GrpcLogAppender.java:installSnapshot(541)) - omNode-1@group-523986131536->omNode-2-GrpcLogAppender: followerNextIndex = 57 but logStartIndex = 59, notify follower to install snapshot-(t:6, i:59)
2022-09-29 01:23:46,026 [omNode-1@group-523986131536->omNode-2-GrpcLogAppender-LogAppenderDaemon] INFO  server.GrpcLogAppender (GrpcLogAppender.java:installSnapshot(549)) - omNode-1@group-523986131536->omNode-2-GrpcLogAppender: send omNode-1->omNode-2#0-t6,notify:(t:6, i:59)
2022-09-29 01:23:46,026 [omNode-2-server-thread1] INFO  server.RaftServer$Division (RaftServerImpl.java:checkInconsistentAppendEntries(1402)) - omNode-2@group-523986131536: Failed appendEntries as snapshot (59) installation is in progress
2022-09-29 01:23:46,026 [omNode-2-server-thread1] INFO  server.RaftServer$Division (RaftServerImpl.java:checkInconsistentAppendEntries(1394)) - omNode-2@group-523986131536: inconsistency entries. Reply:omNode-1<-omNode-2#638:FAIL-t6,INCONSISTENCY,nextIndex=57,followerCommit=56
2022-09-29 01:23:46,027 [grpc-default-executor-0] INFO  impl.SnapshotInstallationHandler (SnapshotInstallationHandler.java:installSnapshot(84)) - omNode-2@group-523986131536: receive installSnapshot: omNode-1->omNode-2#0-t6,notify:(t:6, i:59)
2022-09-29 01:23:46,027 [grpc-default-executor-0] INFO  impl.SnapshotInstallationHandler (SnapshotInstallationHandler.java:installSnapshot(95)) - omNode-2@group-523986131536: reply installSnapshot: omNode-1<-omNode-2#0:FAIL-t6,IN_PROGRESS
2022-09-29 01:23:46,027 [grpc-default-executor-0] INFO  server.GrpcServerProtocolService (GrpcServerProtocolService.java:onCompleted(140)) - omNode-2: Completed INSTALL_SNAPSHOT, lastRequest: omNode-1->omNode-2#0-t6,notify:(t:6, i:59)
2022-09-29 01:23:46,027 [grpc-default-executor-2] INFO  leader.FollowerInfo (FollowerInfoImpl.java:lambda$new$0(48)) - omNode-1@group-523986131536->omNode-2: nextIndex: updateUnconditionally 57 -> 57
2022-09-29 01:23:46,028 [grpc-default-executor-2] INFO  server.GrpcLogAppender (GrpcLogAppender.java:onNext(403)) - omNode-1@group-523986131536->omNode-2-InstallSnapshotResponseHandler: received a reply omNode-1<-omNode-2#0:FAIL-t6,IN_PROGRESS
2022-09-29 01:23:46,028 [grpc-default-executor-2] INFO  server.GrpcLogAppender (GrpcLogAppender.java:onNext(421)) - omNode-1@group-523986131536->omNode-2-InstallSnapshotResponseHandler: InstallSnapshot in progress.
2022-09-29 01:23:46,028 [omNode-1@group-523986131536->omNode-2-GrpcLogAppender-LogAppenderDaemon] INFO  server.GrpcLogAppender (GrpcLogAppender.java:installSnapshot(541)) - omNode-1@group-523986131536->omNode-2-GrpcLogAppender: followerNextIndex = 57 but logStartIndex = 59, notify follower to install snapshot-(t:6, i:59)
2022-09-29 01:23:46,028 [omNode-1@group-523986131536->omNode-2-GrpcLogAppender-LogAppenderDaemon] INFO  server.GrpcLogAppender (GrpcLogAppender.java:installSnapshot(549)) - omNode-1@group-523986131536->omNode-2-GrpcLogAppender: send omNode-1->omNode-2#0-t6,notify:(t:6, i:59)
2022-09-29 01:23:46,029 [omNode-2-server-thread1] INFO  server.RaftServer$Division (RaftServerImpl.java:checkInconsistentAppendEntries(1402)) - omNode-2@group-523986131536: Failed appendEntries as snapshot (59) installation is in progress
2022-09-29 01:23:46,029 [omNode-2-server-thread1] INFO  server.RaftServer$Division (RaftServerImpl.java:checkInconsistentAppendEntries(1394)) - omNode-2@group-523986131536: inconsistency entries. Reply:omNode-1<-omNode-2#639:FAIL-t6,INCONSISTENCY,nextIndex=57,followerCommit=56
2022-09-29 01:23:46,029 [grpc-default-executor-1] INFO  impl.SnapshotInstallationHandler (SnapshotInstallationHandler.java:installSnapshot(84)) - omNode-2@group-523986131536: receive installSnapshot: omNode-1->omNode-2#0-t6,notify:(t:6, i:59)
2022-09-29 01:23:46,029 [grpc-default-executor-1] INFO  impl.SnapshotInstallationHandler (SnapshotInstallationHandler.java:installSnapshot(95)) - omNode-2@group-523986131536: reply installSnapshot: omNode-1<-omNode-2#0:FAIL-t6,IN_PROGRESS
2022-09-29 01:23:46,029 [grpc-default-executor-1] INFO  server.GrpcServerProtocolService (GrpcServerProtocolService.java:onCompleted(140)) - omNode-2: Completed INSTALL_SNAPSHOT, lastRequest: omNode-1->omNode-2#0-t6,notify:(t:6, i:59)
2022-09-29 01:23:46,030 [grpc-default-executor-2] INFO  leader.FollowerInfo (FollowerInfoImpl.java:lambda$new$0(48)) - omNode-1@group-523986131536->omNode-2: nextIndex: updateUnconditionally 57 -> 57
2022-09-29 01:23:46,030 [grpc-default-executor-2] INFO  server.GrpcLogAppender (GrpcLogAppender.java:onNext(403)) - omNode-1@group-523986131536->omNode-2-InstallSnapshotResponseHandler: received a reply omNode-1<-omNode-2#0:FAIL-t6,IN_PROGRESS
2022-09-29 01:23:46,030 [grpc-default-executor-2] INFO  server.GrpcLogAppender (GrpcLogAppender.java:onNext(421)) - omNode-1@group-523986131536->omNode-2-InstallSnapshotResponseHandler: InstallSnapshot in progress.
2022-09-29 01:23:46,030 [omNode-1@group-523986131536->omNode-2-GrpcLogAppender-LogAppenderDaemon] INFO  server.GrpcLogAppender (GrpcLogAppender.java:installSnapshot(541)) - omNode-1@group-523986131536->omNode-2-GrpcLogAppender: followerNextIndex = 57 but logStartIndex = 59, notify follower to install snapshot-(t:6, i:59)
2022-09-29 01:23:46,030 [omNode-1@group-523986131536->omNode-2-GrpcLogAppender-LogAppenderDaemon] INFO  server.GrpcLogAppender (GrpcLogAppender.java:installSnapshot(549)) - omNode-1@group-523986131536->omNode-2-GrpcLogAppender: send omNode-1->omNode-2#0-t6,notify:(t:6, i:59)
2022-09-29 01:23:46,031 [omNode-2-server-thread1] INFO  server.RaftServer$Division (RaftServerImpl.java:checkInconsistentAppendEntries(1402)) - omNode-2@group-523986131536: Failed appendEntries as snapshot (59) installation is in progress
2022-09-29 01:23:46,031 [omNode-2-server-thread1] INFO  server.RaftServer$Division (RaftServerImpl.java:checkInconsistentAppendEntries(1394)) - omNode-2@group-523986131536: inconsistency entries. Reply:omNode-1<-omNode-2#640:FAIL-t6,INCONSISTENCY,nextIndex=57,followerCommit=56
2022-09-29 01:23:46,031 [grpc-default-executor-1] INFO  impl.SnapshotInstallationHandler (SnapshotInstallationHandler.java:installSnapshot(84)) - omNode-2@group-523986131536: receive installSnapshot: omNode-1->omNode-2#0-t6,notify:(t:6, i:59)
2022-09-29 01:23:46,031 [grpc-default-executor-1] INFO  impl.SnapshotInstallationHandler (SnapshotInstallationHandler.java:installSnapshot(95)) - omNode-2@group-523986131536: reply installSnapshot: omNode-1<-omNode-2#0:FAIL-t6,IN_PROGRESS
2022-09-29 01:23:46,031 [grpc-default-executor-1] INFO  server.GrpcServerProtocolService (GrpcServerProtocolService.java:onCompleted(140)) - omNode-2: Completed INSTALL_SNAPSHOT, lastRequest: omNode-1->omNode-2#0-t6,notify:(t:6, i:59)
2022-09-29 01:23:46,032 [Listener at localhost/41255] INFO  server.RaftServer (ConfUtils.java:logGet(46)) - raft.rpc.type = GRPC (default)
2022-09-29 01:23:46,032 [Listener at localhost/41255] INFO  grpc.GrpcFactory (GrpcFactory.java:checkPooledByteBufAllocatorUseCacheForAllThreads(48)) - PERFORMANCE WARNING: useCacheForAllThreads is true that may cause Netty to create a lot garbage objects and, as a result, trigger GC.
	It is recommended to disable useCacheForAllThreads by setting -Dorg.apache.ratis.thirdparty.io.netty.allocator.useCacheForAllThreads=false in command line.
2022-09-29 01:23:46,032 [Listener at localhost/41255] INFO  grpc.GrpcConfigKeys (ConfUtils.java:logGet(46)) - raft.grpc.admin.port = -1 (default)
2022-09-29 01:23:46,032 [Listener at localhost/41255] INFO  grpc.GrpcConfigKeys (ConfUtils.java:logGet(46)) - raft.grpc.server.port = 45481 (custom)
2022-09-29 01:23:46,032 [Listener at localhost/41255] INFO  grpc.GrpcConfigKeys (ConfUtils.java:logGet(46)) - raft.grpc.client.port = -1 (default)
2022-09-29 01:23:46,032 [Listener at localhost/41255] INFO  grpc.GrpcConfigKeys (ConfUtils.java:logGet(46)) - raft.grpc.server.port = 45481 (custom)
2022-09-29 01:23:46,033 [Listener at localhost/41255] INFO  grpc.GrpcConfigKeys (ConfUtils.java:logGet(46)) - raft.grpc.server.port = 45481 (custom)
2022-09-29 01:23:46,033 [Listener at localhost/41255] INFO  server.GrpcService (ConfUtils.java:logGet(46)) - raft.grpc.message.size.max = 33554432 (custom)
2022-09-29 01:23:46,033 [Listener at localhost/41255] INFO  server.RaftServerConfigKeys (ConfUtils.java:logGet(46)) - raft.server.log.appender.buffer.byte-limit = 33554432 (custom)
2022-09-29 01:23:46,033 [Listener at localhost/41255] INFO  server.GrpcService (ConfUtils.java:logGet(46)) - raft.grpc.flow.control.window = 1MB (=1048576) (default)
2022-09-29 01:23:46,033 [Listener at localhost/41255] INFO  server.RaftServerConfigKeys (ConfUtils.java:logGet(46)) - raft.server.rpc.request.timeout = 3000ms (default)
2022-09-29 01:23:46,033 [Listener at localhost/41255] INFO  grpc.GrpcConfigKeys (ConfUtils.java:logGet(46)) - raft.grpc.server.async.request.thread.pool.cached = true (default)
2022-09-29 01:23:46,033 [Listener at localhost/41255] INFO  grpc.GrpcConfigKeys (ConfUtils.java:logGet(46)) - raft.grpc.server.async.request.thread.pool.size = 32 (default)
2022-09-29 01:23:46,034 [Listener at localhost/41255] INFO  impl.DataStreamServerImpl (ConfUtils.java:logGet(46)) - raft.datastream.type = DISABLED (default)
2022-09-29 01:23:46,035 [Listener at localhost/41255] INFO  server.RaftServerConfigKeys (ConfUtils.java:logGet(46)) - raft.server.threadpool.proxy.cached = true (default)
2022-09-29 01:23:46,035 [Listener at localhost/41255] INFO  server.RaftServerConfigKeys (ConfUtils.java:logGet(46)) - raft.server.threadpool.proxy.size = 0 (default)
2022-09-29 01:23:46,035 [Listener at localhost/41255] INFO  server.RaftServerConfigKeys (ConfUtils.java:logGet(46)) - raft.server.rpc.slowness.timeout = 2s (custom)
2022-09-29 01:23:46,035 [Listener at localhost/41255] INFO  server.RaftServerConfigKeys (ConfUtils.java:logGet(46)) - raft.server.leaderelection.leader.step-down.wait-time = 10s (default)
2022-09-29 01:23:46,035 [Listener at localhost/41255] INFO  server.RaftServerConfigKeys (ConfUtils.java:logGet(46)) - raft.server.storage.dir = [/home/runner/work/ozone/ozone/hadoop-ozone/integration-test/target/test-dir/MiniOzoneClusterImpl-a442e60d-e435-415e-98a9-f45e33772b0d/omNode-3/ratis] (custom)
2022-09-29 01:23:46,036 [grpc-default-executor-2] INFO  leader.FollowerInfo (FollowerInfoImpl.java:lambda$new$0(48)) - omNode-1@group-523986131536->omNode-2: nextIndex: updateUnconditionally 57 -> 57
2022-09-29 01:23:46,036 [grpc-default-executor-2] INFO  server.GrpcLogAppender (GrpcLogAppender.java:onNext(403)) - omNode-1@group-523986131536->omNode-2-InstallSnapshotResponseHandler: received a reply omNode-1<-omNode-2#0:FAIL-t6,IN_PROGRESS
2022-09-29 01:23:46,036 [grpc-default-executor-2] INFO  server.GrpcLogAppender (GrpcLogAppender.java:onNext(421)) - omNode-1@group-523986131536->omNode-2-InstallSnapshotResponseHandler: InstallSnapshot in progress.
2022-09-29 01:23:46,036 [omNode-1@group-523986131536->omNode-2-GrpcLogAppender-LogAppenderDaemon] INFO  server.GrpcLogAppender (GrpcLogAppender.java:installSnapshot(541)) - omNode-1@group-523986131536->omNode-2-GrpcLogAppender: followerNextIndex = 57 but logStartIndex = 59, notify follower to install snapshot-(t:6, i:59)
2022-09-29 01:23:46,036 [omNode-1@group-523986131536->omNode-2-GrpcLogAppender-LogAppenderDaemon] INFO  server.GrpcLogAppender (GrpcLogAppender.java:installSnapshot(549)) - omNode-1@group-523986131536->omNode-2-GrpcLogAppender: send omNode-1->omNode-2#0-t6,notify:(t:6, i:59)
2022-09-29 01:23:46,037 [omNode-2-server-thread1] INFO  server.RaftServer$Division (RaftServerImpl.java:checkInconsistentAppendEntries(1402)) - omNode-2@group-523986131536: Failed appendEntries as snapshot (59) installation is in progress
2022-09-29 01:23:46,037 [omNode-2-server-thread1] INFO  server.RaftServer$Division (RaftServerImpl.java:checkInconsistentAppendEntries(1394)) - omNode-2@group-523986131536: inconsistency entries. Reply:omNode-1<-omNode-2#641:FAIL-t6,INCONSISTENCY,nextIndex=57,followerCommit=56
2022-09-29 01:23:46,037 [grpc-default-executor-1] INFO  impl.SnapshotInstallationHandler (SnapshotInstallationHandler.java:installSnapshot(84)) - omNode-2@group-523986131536: receive installSnapshot: omNode-1->omNode-2#0-t6,notify:(t:6, i:59)
2022-09-29 01:23:46,037 [grpc-default-executor-1] INFO  impl.SnapshotInstallationHandler (SnapshotInstallationHandler.java:installSnapshot(95)) - omNode-2@group-523986131536: reply installSnapshot: omNode-1<-omNode-2#0:FAIL-t6,IN_PROGRESS
2022-09-29 01:23:46,037 [grpc-default-executor-1] INFO  server.GrpcServerProtocolService (GrpcServerProtocolService.java:onCompleted(140)) - omNode-2: Completed INSTALL_SNAPSHOT, lastRequest: omNode-1->omNode-2#0-t6,notify:(t:6, i:59)
2022-09-29 01:23:46,038 [grpc-default-executor-2] INFO  leader.FollowerInfo (FollowerInfoImpl.java:lambda$new$0(48)) - omNode-1@group-523986131536->omNode-2: nextIndex: updateUnconditionally 57 -> 57
2022-09-29 01:23:46,038 [grpc-default-executor-2] INFO  server.GrpcLogAppender (GrpcLogAppender.java:onNext(403)) - omNode-1@group-523986131536->omNode-2-InstallSnapshotResponseHandler: received a reply omNode-1<-omNode-2#0:FAIL-t6,IN_PROGRESS
2022-09-29 01:23:46,038 [grpc-default-executor-2] INFO  server.GrpcLogAppender (GrpcLogAppender.java:onNext(421)) - omNode-1@group-523986131536->omNode-2-InstallSnapshotResponseHandler: InstallSnapshot in progress.
2022-09-29 01:23:46,038 [omNode-1@group-523986131536->omNode-2-GrpcLogAppender-LogAppenderDaemon] INFO  server.GrpcLogAppender (GrpcLogAppender.java:installSnapshot(541)) - omNode-1@group-523986131536->omNode-2-GrpcLogAppender: followerNextIndex = 57 but logStartIndex = 59, notify follower to install snapshot-(t:6, i:59)
2022-09-29 01:23:46,038 [omNode-1@group-523986131536->omNode-2-GrpcLogAppender-LogAppenderDaemon] INFO  server.GrpcLogAppender (GrpcLogAppender.java:installSnapshot(549)) - omNode-1@group-523986131536->omNode-2-GrpcLogAppender: send omNode-1->omNode-2#0-t6,notify:(t:6, i:59)
2022-09-29 01:23:46,039 [omNode-2-server-thread1] INFO  server.RaftServer$Division (RaftServerImpl.java:checkInconsistentAppendEntries(1402)) - omNode-2@group-523986131536: Failed appendEntries as snapshot (59) installation is in progress
2022-09-29 01:23:46,039 [omNode-2-server-thread1] INFO  server.RaftServer$Division (RaftServerImpl.java:checkInconsistentAppendEntries(1394)) - omNode-2@group-523986131536: inconsistency entries. Reply:omNode-1<-omNode-2#642:FAIL-t6,INCONSISTENCY,nextIndex=57,followerCommit=56
2022-09-29 01:23:46,039 [grpc-default-executor-1] INFO  impl.SnapshotInstallationHandler (SnapshotInstallationHandler.java:installSnapshot(84)) - omNode-2@group-523986131536: receive installSnapshot: omNode-1->omNode-2#0-t6,notify:(t:6, i:59)
2022-09-29 01:23:46,039 [grpc-default-executor-1] INFO  impl.SnapshotInstallationHandler (SnapshotInstallationHandler.java:installSnapshot(95)) - omNode-2@group-523986131536: reply installSnapshot: omNode-1<-omNode-2#0:FAIL-t6,IN_PROGRESS
2022-09-29 01:23:46,040 [grpc-default-executor-1] INFO  server.GrpcServerProtocolService (GrpcServerProtocolService.java:onCompleted(140)) - omNode-2: Completed INSTALL_SNAPSHOT, lastRequest: omNode-1->omNode-2#0-t6,notify:(t:6, i:59)
2022-09-29 01:23:46,040 [grpc-default-executor-2] INFO  leader.FollowerInfo (FollowerInfoImpl.java:lambda$new$0(48)) - omNode-1@group-523986131536->omNode-2: nextIndex: updateUnconditionally 57 -> 57
2022-09-29 01:23:46,040 [grpc-default-executor-2] INFO  server.GrpcLogAppender (GrpcLogAppender.java:onNext(403)) - omNode-1@group-523986131536->omNode-2-InstallSnapshotResponseHandler: received a reply omNode-1<-omNode-2#0:FAIL-t6,IN_PROGRESS
2022-09-29 01:23:46,040 [grpc-default-executor-2] INFO  server.GrpcLogAppender (GrpcLogAppender.java:onNext(421)) - omNode-1@group-523986131536->omNode-2-InstallSnapshotResponseHandler: InstallSnapshot in progress.
2022-09-29 01:23:46,040 [omNode-1@group-523986131536->omNode-2-GrpcLogAppender-LogAppenderDaemon] INFO  server.GrpcLogAppender (GrpcLogAppender.java:installSnapshot(541)) - omNode-1@group-523986131536->omNode-2-GrpcLogAppender: followerNextIndex = 57 but logStartIndex = 59, notify follower to install snapshot-(t:6, i:59)
2022-09-29 01:23:46,040 [omNode-1@group-523986131536->omNode-2-GrpcLogAppender-LogAppenderDaemon] INFO  server.GrpcLogAppender (GrpcLogAppender.java:installSnapshot(549)) - omNode-1@group-523986131536->omNode-2-GrpcLogAppender: send omNode-1->omNode-2#0-t6,notify:(t:6, i:59)
2022-09-29 01:23:46,041 [omNode-2-server-thread1] INFO  server.RaftServer$Division (RaftServerImpl.java:checkInconsistentAppendEntries(1402)) - omNode-2@group-523986131536: Failed appendEntries as snapshot (59) installation is in progress
2022-09-29 01:23:46,041 [omNode-2-server-thread1] INFO  server.RaftServer$Division (RaftServerImpl.java:checkInconsistentAppendEntries(1394)) - omNode-2@group-523986131536: inconsistency entries. Reply:omNode-1<-omNode-2#643:FAIL-t6,INCONSISTENCY,nextIndex=57,followerCommit=56
2022-09-29 01:23:46,041 [grpc-default-executor-2] INFO  impl.SnapshotInstallationHandler (SnapshotInstallationHandler.java:installSnapshot(84)) - omNode-2@group-523986131536: receive installSnapshot: omNode-1->omNode-2#0-t6,notify:(t:6, i:59)
2022-09-29 01:23:46,041 [grpc-default-executor-2] INFO  impl.SnapshotInstallationHandler (SnapshotInstallationHandler.java:installSnapshot(95)) - omNode-2@group-523986131536: reply installSnapshot: omNode-1<-omNode-2#0:FAIL-t6,IN_PROGRESS
2022-09-29 01:23:46,042 [grpc-default-executor-2] INFO  server.GrpcServerProtocolService (GrpcServerProtocolService.java:onCompleted(140)) - omNode-2: Completed INSTALL_SNAPSHOT, lastRequest: omNode-1->omNode-2#0-t6,notify:(t:6, i:59)
2022-09-29 01:23:46,042 [grpc-default-executor-2] INFO  leader.FollowerInfo (FollowerInfoImpl.java:lambda$new$0(48)) - omNode-1@group-523986131536->omNode-2: nextIndex: updateUnconditionally 57 -> 57
2022-09-29 01:23:46,042 [grpc-default-executor-2] INFO  server.GrpcLogAppender (GrpcLogAppender.java:onNext(403)) - omNode-1@group-523986131536->omNode-2-InstallSnapshotResponseHandler: received a reply omNode-1<-omNode-2#0:FAIL-t6,IN_PROGRESS
2022-09-29 01:23:46,042 [grpc-default-executor-2] INFO  server.GrpcLogAppender (GrpcLogAppender.java:onNext(421)) - omNode-1@group-523986131536->omNode-2-InstallSnapshotResponseHandler: InstallSnapshot in progress.
2022-09-29 01:23:46,042 [omNode-1@group-523986131536->omNode-2-GrpcLogAppender-LogAppenderDaemon] INFO  server.GrpcLogAppender (GrpcLogAppender.java:installSnapshot(541)) - omNode-1@group-523986131536->omNode-2-GrpcLogAppender: followerNextIndex = 57 but logStartIndex = 59, notify follower to install snapshot-(t:6, i:59)
2022-09-29 01:23:46,042 [omNode-1@group-523986131536->omNode-2-GrpcLogAppender-LogAppenderDaemon] INFO  server.GrpcLogAppender (GrpcLogAppender.java:installSnapshot(549)) - omNode-1@group-523986131536->omNode-2-GrpcLogAppender: send omNode-1->omNode-2#0-t6,notify:(t:6, i:59)
2022-09-29 01:23:46,043 [omNode-2-server-thread1] INFO  server.RaftServer$Division (RaftServerImpl.java:checkInconsistentAppendEntries(1402)) - omNode-2@group-523986131536: Failed appendEntries as snapshot (59) installation is in progress
2022-09-29 01:23:46,043 [omNode-2-server-thread1] INFO  server.RaftServer$Division (RaftServerImpl.java:checkInconsistentAppendEntries(1394)) - omNode-2@group-523986131536: inconsistency entries. Reply:omNode-1<-omNode-2#644:FAIL-t6,INCONSISTENCY,nextIndex=57,followerCommit=56
2022-09-29 01:23:46,043 [grpc-default-executor-2] INFO  impl.SnapshotInstallationHandler (SnapshotInstallationHandler.java:installSnapshot(84)) - omNode-2@group-523986131536: receive installSnapshot: omNode-1->omNode-2#0-t6,notify:(t:6, i:59)
2022-09-29 01:23:46,043 [grpc-default-executor-2] INFO  impl.SnapshotInstallationHandler (SnapshotInstallationHandler.java:installSnapshot(95)) - omNode-2@group-523986131536: reply installSnapshot: omNode-1<-omNode-2#0:FAIL-t6,IN_PROGRESS
2022-09-29 01:23:46,044 [grpc-default-executor-2] INFO  server.GrpcServerProtocolService (GrpcServerProtocolService.java:onCompleted(140)) - omNode-2: Completed INSTALL_SNAPSHOT, lastRequest: omNode-1->omNode-2#0-t6,notify:(t:6, i:59)
2022-09-29 01:23:46,044 [grpc-default-executor-2] INFO  leader.FollowerInfo (FollowerInfoImpl.java:lambda$new$0(48)) - omNode-1@group-523986131536->omNode-2: nextIndex: updateUnconditionally 57 -> 57
2022-09-29 01:23:46,044 [grpc-default-executor-2] INFO  server.GrpcLogAppender (GrpcLogAppender.java:onNext(403)) - omNode-1@group-523986131536->omNode-2-InstallSnapshotResponseHandler: received a reply omNode-1<-omNode-2#0:FAIL-t6,IN_PROGRESS
2022-09-29 01:23:46,044 [grpc-default-executor-2] INFO  server.GrpcLogAppender (GrpcLogAppender.java:onNext(421)) - omNode-1@group-523986131536->omNode-2-InstallSnapshotResponseHandler: InstallSnapshot in progress.
2022-09-29 01:23:46,044 [omNode-1@group-523986131536->omNode-2-GrpcLogAppender-LogAppenderDaemon] INFO  server.GrpcLogAppender (GrpcLogAppender.java:installSnapshot(541)) - omNode-1@group-523986131536->omNode-2-GrpcLogAppender: followerNextIndex = 57 but logStartIndex = 59, notify follower to install snapshot-(t:6, i:59)
2022-09-29 01:23:46,045 [omNode-1@group-523986131536->omNode-2-GrpcLogAppender-LogAppenderDaemon] INFO  server.GrpcLogAppender (GrpcLogAppender.java:installSnapshot(549)) - omNode-1@group-523986131536->omNode-2-GrpcLogAppender: send omNode-1->omNode-2#0-t6,notify:(t:6, i:59)
2022-09-29 01:23:46,045 [omNode-2-server-thread1] INFO  server.RaftServer$Division (RaftServerImpl.java:checkInconsistentAppendEntries(1402)) - omNode-2@group-523986131536: Failed appendEntries as snapshot (59) installation is in progress
2022-09-29 01:23:46,045 [omNode-2-server-thread1] INFO  server.RaftServer$Division (RaftServerImpl.java:checkInconsistentAppendEntries(1394)) - omNode-2@group-523986131536: inconsistency entries. Reply:omNode-1<-omNode-2#645:FAIL-t6,INCONSISTENCY,nextIndex=57,followerCommit=56
2022-09-29 01:23:46,045 [grpc-default-executor-2] INFO  impl.SnapshotInstallationHandler (SnapshotInstallationHandler.java:installSnapshot(84)) - omNode-2@group-523986131536: receive installSnapshot: omNode-1->omNode-2#0-t6,notify:(t:6, i:59)
2022-09-29 01:23:46,046 [grpc-default-executor-2] INFO  impl.SnapshotInstallationHandler (SnapshotInstallationHandler.java:installSnapshot(95)) - omNode-2@group-523986131536: reply installSnapshot: omNode-1<-omNode-2#0:FAIL-t6,IN_PROGRESS
2022-09-29 01:23:46,046 [grpc-default-executor-2] INFO  server.GrpcServerProtocolService (GrpcServerProtocolService.java:onCompleted(140)) - omNode-2: Completed INSTALL_SNAPSHOT, lastRequest: omNode-1->omNode-2#0-t6,notify:(t:6, i:59)
2022-09-29 01:23:46,046 [grpc-default-executor-2] INFO  leader.FollowerInfo (FollowerInfoImpl.java:lambda$new$0(48)) - omNode-1@group-523986131536->omNode-2: nextIndex: updateUnconditionally 57 -> 57
2022-09-29 01:23:46,046 [grpc-default-executor-2] INFO  server.GrpcLogAppender (GrpcLogAppender.java:onNext(403)) - omNode-1@group-523986131536->omNode-2-InstallSnapshotResponseHandler: received a reply omNode-1<-omNode-2#0:FAIL-t6,IN_PROGRESS
2022-09-29 01:23:46,046 [grpc-default-executor-2] INFO  server.GrpcLogAppender (GrpcLogAppender.java:onNext(421)) - omNode-1@group-523986131536->omNode-2-InstallSnapshotResponseHandler: InstallSnapshot in progress.
2022-09-29 01:23:46,047 [omNode-1@group-523986131536->omNode-2-GrpcLogAppender-LogAppenderDaemon] INFO  server.GrpcLogAppender (GrpcLogAppender.java:installSnapshot(541)) - omNode-1@group-523986131536->omNode-2-GrpcLogAppender: followerNextIndex = 57 but logStartIndex = 59, notify follower to install snapshot-(t:6, i:59)
2022-09-29 01:23:46,047 [omNode-1@group-523986131536->omNode-2-GrpcLogAppender-LogAppenderDaemon] INFO  server.GrpcLogAppender (GrpcLogAppender.java:installSnapshot(549)) - omNode-1@group-523986131536->omNode-2-GrpcLogAppender: send omNode-1->omNode-2#0-t6,notify:(t:6, i:59)
2022-09-29 01:23:46,047 [omNode-2-server-thread1] INFO  server.RaftServer$Division (RaftServerImpl.java:checkInconsistentAppendEntries(1402)) - omNode-2@group-523986131536: Failed appendEntries as snapshot (59) installation is in progress
2022-09-29 01:23:46,047 [omNode-2-server-thread1] INFO  server.RaftServer$Division (RaftServerImpl.java:checkInconsistentAppendEntries(1394)) - omNode-2@group-523986131536: inconsistency entries. Reply:omNode-1<-omNode-2#646:FAIL-t6,INCONSISTENCY,nextIndex=57,followerCommit=56
2022-09-29 01:23:46,048 [grpc-default-executor-1] INFO  impl.SnapshotInstallationHandler (SnapshotInstallationHandler.java:installSnapshot(84)) - omNode-2@group-523986131536: receive installSnapshot: omNode-1->omNode-2#0-t6,notify:(t:6, i:59)
2022-09-29 01:23:46,048 [grpc-default-executor-1] INFO  impl.SnapshotInstallationHandler (SnapshotInstallationHandler.java:installSnapshot(95)) - omNode-2@group-523986131536: reply installSnapshot: omNode-1<-omNode-2#0:FAIL-t6,IN_PROGRESS
2022-09-29 01:23:46,048 [grpc-default-executor-1] INFO  server.GrpcServerProtocolService (GrpcServerProtocolService.java:onCompleted(140)) - omNode-2: Completed INSTALL_SNAPSHOT, lastRequest: omNode-1->omNode-2#0-t6,notify:(t:6, i:59)
2022-09-29 01:23:46,048 [grpc-default-executor-2] INFO  leader.FollowerInfo (FollowerInfoImpl.java:lambda$new$0(48)) - omNode-1@group-523986131536->omNode-2: nextIndex: updateUnconditionally 57 -> 57
2022-09-29 01:23:46,048 [grpc-default-executor-2] INFO  server.GrpcLogAppender (GrpcLogAppender.java:onNext(403)) - omNode-1@group-523986131536->omNode-2-InstallSnapshotResponseHandler: received a reply omNode-1<-omNode-2#0:FAIL-t6,IN_PROGRESS
2022-09-29 01:23:46,049 [grpc-default-executor-2] INFO  server.GrpcLogAppender (GrpcLogAppender.java:onNext(421)) - omNode-1@group-523986131536->omNode-2-InstallSnapshotResponseHandler: InstallSnapshot in progress.
2022-09-29 01:23:46,049 [omNode-1@group-523986131536->omNode-2-GrpcLogAppender-LogAppenderDaemon] INFO  server.GrpcLogAppender (GrpcLogAppender.java:installSnapshot(541)) - omNode-1@group-523986131536->omNode-2-GrpcLogAppender: followerNextIndex = 57 but logStartIndex = 59, notify follower to install snapshot-(t:6, i:59)
2022-09-29 01:23:46,049 [omNode-1@group-523986131536->omNode-2-GrpcLogAppender-LogAppenderDaemon] INFO  server.GrpcLogAppender (GrpcLogAppender.java:installSnapshot(549)) - omNode-1@group-523986131536->omNode-2-GrpcLogAppender: send omNode-1->omNode-2#0-t6,notify:(t:6, i:59)
2022-09-29 01:23:46,050 [omNode-2-server-thread1] INFO  server.RaftServer$Division (RaftServerImpl.java:checkInconsistentAppendEntries(1402)) - omNode-2@group-523986131536: Failed appendEntries as snapshot (59) installation is in progress
2022-09-29 01:23:46,050 [omNode-2-server-thread1] INFO  server.RaftServer$Division (RaftServerImpl.java:checkInconsistentAppendEntries(1394)) - omNode-2@group-523986131536: inconsistency entries. Reply:omNode-1<-omNode-2#647:FAIL-t6,INCONSISTENCY,nextIndex=57,followerCommit=56
2022-09-29 01:23:46,050 [grpc-default-executor-2] INFO  impl.SnapshotInstallationHandler (SnapshotInstallationHandler.java:installSnapshot(84)) - omNode-2@group-523986131536: receive installSnapshot: omNode-1->omNode-2#0-t6,notify:(t:6, i:59)
2022-09-29 01:23:46,050 [grpc-default-executor-2] INFO  impl.SnapshotInstallationHandler (SnapshotInstallationHandler.java:installSnapshot(95)) - omNode-2@group-523986131536: reply installSnapshot: omNode-1<-omNode-2#0:FAIL-t6,IN_PROGRESS
2022-09-29 01:23:46,050 [grpc-default-executor-2] INFO  server.GrpcServerProtocolService (GrpcServerProtocolService.java:onCompleted(140)) - omNode-2: Completed INSTALL_SNAPSHOT, lastRequest: omNode-1->omNode-2#0-t6,notify:(t:6, i:59)
2022-09-29 01:23:46,051 [grpc-default-executor-2] INFO  leader.FollowerInfo (FollowerInfoImpl.java:lambda$new$0(48)) - omNode-1@group-523986131536->omNode-2: nextIndex: updateUnconditionally 57 -> 57
2022-09-29 01:23:46,051 [grpc-default-executor-2] INFO  server.GrpcLogAppender (GrpcLogAppender.java:onNext(403)) - omNode-1@group-523986131536->omNode-2-InstallSnapshotResponseHandler: received a reply omNode-1<-omNode-2#0:FAIL-t6,IN_PROGRESS
2022-09-29 01:23:46,051 [grpc-default-executor-2] INFO  server.GrpcLogAppender (GrpcLogAppender.java:onNext(421)) - omNode-1@group-523986131536->omNode-2-InstallSnapshotResponseHandler: InstallSnapshot in progress.
2022-09-29 01:23:46,053 [omNode-1@group-523986131536->omNode-2-GrpcLogAppender-LogAppenderDaemon] INFO  server.GrpcLogAppender (GrpcLogAppender.java:installSnapshot(541)) - omNode-1@group-523986131536->omNode-2-GrpcLogAppender: followerNextIndex = 57 but logStartIndex = 59, notify follower to install snapshot-(t:6, i:59)
2022-09-29 01:23:46,053 [omNode-1@group-523986131536->omNode-2-GrpcLogAppender-LogAppenderDaemon] INFO  server.GrpcLogAppender (GrpcLogAppender.java:installSnapshot(549)) - omNode-1@group-523986131536->omNode-2-GrpcLogAppender: send omNode-1->omNode-2#0-t6,notify:(t:6, i:59)
2022-09-29 01:23:46,054 [omNode-2-server-thread1] INFO  server.RaftServer$Division (RaftServerImpl.java:checkInconsistentAppendEntries(1402)) - omNode-2@group-523986131536: Failed appendEntries as snapshot (59) installation is in progress
2022-09-29 01:23:46,054 [omNode-2-server-thread1] INFO  server.RaftServer$Division (RaftServerImpl.java:checkInconsistentAppendEntries(1394)) - omNode-2@group-523986131536: inconsistency entries. Reply:omNode-1<-omNode-2#648:FAIL-t6,INCONSISTENCY,nextIndex=57,followerCommit=56
2022-09-29 01:23:46,054 [grpc-default-executor-2] INFO  impl.SnapshotInstallationHandler (SnapshotInstallationHandler.java:installSnapshot(84)) - omNode-2@group-523986131536: receive installSnapshot: omNode-1->omNode-2#0-t6,notify:(t:6, i:59)
2022-09-29 01:23:46,054 [grpc-default-executor-2] INFO  impl.SnapshotInstallationHandler (SnapshotInstallationHandler.java:installSnapshot(95)) - omNode-2@group-523986131536: reply installSnapshot: omNode-1<-omNode-2#0:FAIL-t6,IN_PROGRESS
2022-09-29 01:23:46,054 [grpc-default-executor-2] INFO  server.GrpcServerProtocolService (GrpcServerProtocolService.java:onCompleted(140)) - omNode-2: Completed INSTALL_SNAPSHOT, lastRequest: omNode-1->omNode-2#0-t6,notify:(t:6, i:59)
2022-09-29 01:23:46,055 [omNode-3-impl-thread1] INFO  server.RaftServer (RaftServerProxy.java:initGroupDir(247)) - omNode-3: found a subdirectory /home/runner/work/ozone/ozone/hadoop-ozone/integration-test/target/test-dir/MiniOzoneClusterImpl-a442e60d-e435-415e-98a9-f45e33772b0d/omNode-3/ratis/c9bc4cf4-3bc3-3c60-a66b-523986131536
2022-09-29 01:23:46,055 [grpc-default-executor-2] INFO  leader.FollowerInfo (FollowerInfoImpl.java:lambda$new$0(48)) - omNode-1@group-523986131536->omNode-2: nextIndex: updateUnconditionally 57 -> 57
2022-09-29 01:23:46,055 [grpc-default-executor-2] INFO  server.GrpcLogAppender (GrpcLogAppender.java:onNext(403)) - omNode-1@group-523986131536->omNode-2-InstallSnapshotResponseHandler: received a reply omNode-1<-omNode-2#0:FAIL-t6,IN_PROGRESS
2022-09-29 01:23:46,055 [grpc-default-executor-2] INFO  server.GrpcLogAppender (GrpcLogAppender.java:onNext(421)) - omNode-1@group-523986131536->omNode-2-InstallSnapshotResponseHandler: InstallSnapshot in progress.
2022-09-29 01:23:46,055 [omNode-1@group-523986131536->omNode-2-GrpcLogAppender-LogAppenderDaemon] INFO  server.GrpcLogAppender (GrpcLogAppender.java:installSnapshot(541)) - omNode-1@group-523986131536->omNode-2-GrpcLogAppender: followerNextIndex = 57 but logStartIndex = 59, notify follower to install snapshot-(t:6, i:59)
2022-09-29 01:23:46,056 [omNode-1@group-523986131536->omNode-2-GrpcLogAppender-LogAppenderDaemon] INFO  server.GrpcLogAppender (GrpcLogAppender.java:installSnapshot(549)) - omNode-1@group-523986131536->omNode-2-GrpcLogAppender: send omNode-1->omNode-2#0-t6,notify:(t:6, i:59)
2022-09-29 01:23:46,056 [omNode-2-server-thread1] INFO  server.RaftServer$Division (RaftServerImpl.java:checkInconsistentAppendEntries(1402)) - omNode-2@group-523986131536: Failed appendEntries as snapshot (59) installation is in progress
2022-09-29 01:23:46,056 [omNode-2-server-thread1] INFO  server.RaftServer$Division (RaftServerImpl.java:checkInconsistentAppendEntries(1394)) - omNode-2@group-523986131536: inconsistency entries. Reply:omNode-1<-omNode-2#649:FAIL-t6,INCONSISTENCY,nextIndex=57,followerCommit=56
2022-09-29 01:23:46,057 [grpc-default-executor-1] INFO  impl.SnapshotInstallationHandler (SnapshotInstallationHandler.java:installSnapshot(84)) - omNode-2@group-523986131536: receive installSnapshot: omNode-1->omNode-2#0-t6,notify:(t:6, i:59)
2022-09-29 01:23:46,057 [grpc-default-executor-1] INFO  impl.SnapshotInstallationHandler (SnapshotInstallationHandler.java:installSnapshot(95)) - omNode-2@group-523986131536: reply installSnapshot: omNode-1<-omNode-2#0:FAIL-t6,IN_PROGRESS
2022-09-29 01:23:46,057 [grpc-default-executor-1] INFO  server.GrpcServerProtocolService (GrpcServerProtocolService.java:onCompleted(140)) - omNode-2: Completed INSTALL_SNAPSHOT, lastRequest: omNode-1->omNode-2#0-t6,notify:(t:6, i:59)
2022-09-29 01:23:46,057 [grpc-default-executor-1] INFO  leader.FollowerInfo (FollowerInfoImpl.java:lambda$new$0(48)) - omNode-1@group-523986131536->omNode-2: nextIndex: updateUnconditionally 57 -> 57
2022-09-29 01:23:46,057 [grpc-default-executor-1] INFO  server.GrpcLogAppender (GrpcLogAppender.java:onNext(403)) - omNode-1@group-523986131536->omNode-2-InstallSnapshotResponseHandler: received a reply omNode-1<-omNode-2#0:FAIL-t6,IN_PROGRESS
2022-09-29 01:23:46,057 [grpc-default-executor-1] INFO  server.GrpcLogAppender (GrpcLogAppender.java:onNext(421)) - omNode-1@group-523986131536->omNode-2-InstallSnapshotResponseHandler: InstallSnapshot in progress.
2022-09-29 01:23:46,058 [omNode-1@group-523986131536->omNode-2-GrpcLogAppender-LogAppenderDaemon] INFO  server.GrpcLogAppender (GrpcLogAppender.java:installSnapshot(541)) - omNode-1@group-523986131536->omNode-2-GrpcLogAppender: followerNextIndex = 57 but logStartIndex = 59, notify follower to install snapshot-(t:6, i:59)
2022-09-29 01:23:46,058 [omNode-2-server-thread1] INFO  server.RaftServer$Division (RaftServerImpl.java:checkInconsistentAppendEntries(1402)) - omNode-2@group-523986131536: Failed appendEntries as snapshot (59) installation is in progress
2022-09-29 01:23:46,058 [omNode-2-server-thread1] INFO  server.RaftServer$Division (RaftServerImpl.java:checkInconsistentAppendEntries(1394)) - omNode-2@group-523986131536: inconsistency entries. Reply:omNode-1<-omNode-2#650:FAIL-t6,INCONSISTENCY,nextIndex=57,followerCommit=56
2022-09-29 01:23:46,058 [Listener at localhost/41255] INFO  server.RaftServer (RaftServerProxy.java:addNew(96)) - omNode-3: addNew group-523986131536:[omNode-3|rpc:localhost:45481|priority:0, omNode-1|rpc:localhost:40693|priority:0, omNode-2|rpc:localhost:42303|priority:0] returns group-523986131536:java.util.concurrent.CompletableFuture@30d3e6da[Not completed]
2022-09-29 01:23:46,058 [Listener at localhost/41255] INFO  om.OzoneManager (OzoneManager.java:initializeRatisServer(1976)) - OzoneManager Ratis server initialized at port 45481
2022-09-29 01:23:46,058 [Listener at localhost/41255] INFO  ratis.OzoneManagerRatisServer (OzoneManagerRatisServer.java:start(555)) - Starting OzoneManagerRatisServer omNode-3 at port 45481
2022-09-29 01:23:46,059 [pool-444-thread-1] INFO  server.RaftServer$Division (RaftServerImpl.java:<init>(190)) - omNode-3: new RaftServerImpl for group-523986131536:[omNode-3|rpc:localhost:45481|priority:0, omNode-1|rpc:localhost:40693|priority:0, omNode-2|rpc:localhost:42303|priority:0] with OzoneManagerStateMachine:uninitialized
2022-09-29 01:23:46,059 [pool-444-thread-1] INFO  server.RaftServerConfigKeys (ConfUtils.java:logGet(46)) - raft.server.rpc.timeout.min = 1s (custom)
2022-09-29 01:23:46,059 [pool-444-thread-1] INFO  server.RaftServerConfigKeys (ConfUtils.java:logGet(46)) - raft.server.rpc.timeout.max = 1200ms (custom)
2022-09-29 01:23:46,059 [pool-444-thread-1] INFO  server.RaftServerConfigKeys (ConfUtils.java:logGet(46)) - raft.server.rpc.sleep.time = 25ms (default)
2022-09-29 01:23:46,059 [pool-444-thread-1] INFO  server.RaftServerConfigKeys (ConfUtils.java:logGet(46)) - raft.server.rpc.slowness.timeout = 2s (custom)
2022-09-29 01:23:46,059 [pool-444-thread-1] INFO  server.RaftServerConfigKeys (ConfUtils.java:logGet(46)) - raft.server.leaderelection.leader.step-down.wait-time = 10s (default)
2022-09-29 01:23:46,059 [pool-444-thread-1] INFO  server.RaftServerConfigKeys (ConfUtils.java:logGet(46)) - raft.server.sleep.deviation.threshold = 300ms (default)
2022-09-29 01:23:46,059 [pool-444-thread-1] INFO  server.RaftServer$Division (ServerState.java:<init>(107)) - omNode-3@group-523986131536: ConfigurationManager, init=-1: [omNode-3|rpc:localhost:45481|priority:0, omNode-1|rpc:localhost:40693|priority:0, omNode-2|rpc:localhost:42303|priority:0], old=null, confs=<EMPTY_MAP>
2022-09-29 01:23:46,059 [pool-444-thread-1] INFO  server.RaftServerConfigKeys (ConfUtils.java:logGet(46)) - raft.server.storage.dir = [/home/runner/work/ozone/ozone/hadoop-ozone/integration-test/target/test-dir/MiniOzoneClusterImpl-a442e60d-e435-415e-98a9-f45e33772b0d/omNode-3/ratis] (custom)
2022-09-29 01:23:46,059 [pool-444-thread-1] INFO  server.RaftServerConfigKeys (ConfUtils.java:logGet(46)) - raft.server.log.corruption.policy = EXCEPTION (default)
2022-09-29 01:23:46,059 [pool-444-thread-1] INFO  server.RaftServerConfigKeys (ConfUtils.java:logGet(46)) - raft.server.storage.free-space.min = 0MB (=0) (default)
2022-09-29 01:23:46,061 [omNode-1@group-523986131536->omNode-2-GrpcLogAppender-LogAppenderDaemon] INFO  server.GrpcLogAppender (GrpcLogAppender.java:installSnapshot(549)) - omNode-1@group-523986131536->omNode-2-GrpcLogAppender: send omNode-1->omNode-2#0-t6,notify:(t:6, i:59)
2022-09-29 01:23:46,061 [grpc-default-executor-1] INFO  leader.FollowerInfo (FollowerInfoImpl.java:lambda$new$0(48)) - omNode-1@group-523986131536->omNode-2: nextIndex: updateUnconditionally 57 -> 57
2022-09-29 01:23:46,061 [pool-444-thread-1] INFO  storage.RaftStorageDirectory (RaftStorageDirectoryImpl.java:tryLock(230)) - Lock on /home/runner/work/ozone/ozone/hadoop-ozone/integration-test/target/test-dir/MiniOzoneClusterImpl-a442e60d-e435-415e-98a9-f45e33772b0d/omNode-3/ratis/c9bc4cf4-3bc3-3c60-a66b-523986131536/in_use.lock acquired by nodename 41909@fv-az182-579
2022-09-29 01:23:46,061 [grpc-default-executor-1] INFO  impl.SnapshotInstallationHandler (SnapshotInstallationHandler.java:installSnapshot(84)) - omNode-2@group-523986131536: receive installSnapshot: omNode-1->omNode-2#0-t6,notify:(t:6, i:59)
2022-09-29 01:23:46,061 [grpc-default-executor-1] INFO  impl.SnapshotInstallationHandler (SnapshotInstallationHandler.java:installSnapshot(95)) - omNode-2@group-523986131536: reply installSnapshot: omNode-1<-omNode-2#0:FAIL-t6,IN_PROGRESS
2022-09-29 01:23:46,062 [grpc-default-executor-1] INFO  server.GrpcServerProtocolService (GrpcServerProtocolService.java:onCompleted(140)) - omNode-2: Completed INSTALL_SNAPSHOT, lastRequest: omNode-1->omNode-2#0-t6,notify:(t:6, i:59)
2022-09-29 01:23:46,062 [grpc-default-executor-1] INFO  server.GrpcLogAppender (GrpcLogAppender.java:onNext(403)) - omNode-1@group-523986131536->omNode-2-InstallSnapshotResponseHandler: received a reply omNode-1<-omNode-2#0:FAIL-t6,IN_PROGRESS
2022-09-29 01:23:46,062 [grpc-default-executor-1] INFO  server.GrpcLogAppender (GrpcLogAppender.java:onNext(421)) - omNode-1@group-523986131536->omNode-2-InstallSnapshotResponseHandler: InstallSnapshot in progress.
2022-09-29 01:23:46,062 [omNode-1@group-523986131536->omNode-2-GrpcLogAppender-LogAppenderDaemon] INFO  server.GrpcLogAppender (GrpcLogAppender.java:installSnapshot(541)) - omNode-1@group-523986131536->omNode-2-GrpcLogAppender: followerNextIndex = 57 but logStartIndex = 59, notify follower to install snapshot-(t:6, i:59)
2022-09-29 01:23:46,062 [omNode-1@group-523986131536->omNode-2-GrpcLogAppender-LogAppenderDaemon] INFO  server.GrpcLogAppender (GrpcLogAppender.java:installSnapshot(549)) - omNode-1@group-523986131536->omNode-2-GrpcLogAppender: send omNode-1->omNode-2#0-t6,notify:(t:6, i:59)
2022-09-29 01:23:46,062 [omNode-2-server-thread1] INFO  server.RaftServer$Division (RaftServerImpl.java:checkInconsistentAppendEntries(1402)) - omNode-2@group-523986131536: Failed appendEntries as snapshot (59) installation is in progress
2022-09-29 01:23:46,062 [omNode-2-server-thread1] INFO  server.RaftServer$Division (RaftServerImpl.java:checkInconsistentAppendEntries(1394)) - omNode-2@group-523986131536: inconsistency entries. Reply:omNode-1<-omNode-2#651:FAIL-t6,INCONSISTENCY,nextIndex=57,followerCommit=56
2022-09-29 01:23:46,063 [pool-444-thread-1] INFO  storage.RaftStorage (RaftStorageImpl.java:analyzeAndRecoverStorage(110)) - Read RaftStorageMetadata{term=6, votedFor=omNode-1} from /home/runner/work/ozone/ozone/hadoop-ozone/integration-test/target/test-dir/MiniOzoneClusterImpl-a442e60d-e435-415e-98a9-f45e33772b0d/omNode-3/ratis/c9bc4cf4-3bc3-3c60-a66b-523986131536/current/raft-meta
2022-09-29 01:23:46,063 [grpc-default-executor-2] INFO  leader.FollowerInfo (FollowerInfoImpl.java:lambda$new$0(48)) - omNode-1@group-523986131536->omNode-2: nextIndex: updateUnconditionally 57 -> 57
2022-09-29 01:23:46,063 [grpc-default-executor-2] INFO  impl.SnapshotInstallationHandler (SnapshotInstallationHandler.java:installSnapshot(84)) - omNode-2@group-523986131536: receive installSnapshot: omNode-1->omNode-2#0-t6,notify:(t:6, i:59)
2022-09-29 01:23:46,063 [grpc-default-executor-2] INFO  impl.SnapshotInstallationHandler (SnapshotInstallationHandler.java:installSnapshot(95)) - omNode-2@group-523986131536: reply installSnapshot: omNode-1<-omNode-2#0:FAIL-t6,IN_PROGRESS
2022-09-29 01:23:46,063 [grpc-default-executor-2] INFO  server.GrpcServerProtocolService (GrpcServerProtocolService.java:onCompleted(140)) - omNode-2: Completed INSTALL_SNAPSHOT, lastRequest: omNode-1->omNode-2#0-t6,notify:(t:6, i:59)
2022-09-29 01:23:46,064 [pool-444-thread-1] INFO  server.RaftServer$Division (ServerState.java:setRaftConf(393)) - omNode-3@group-523986131536: set configuration 59: [omNode-3|rpc:localhost:45481|admin:|client:|dataStream:|priority:0, omNode-1|rpc:localhost:40693|admin:|client:|dataStream:|priority:0, omNode-2|rpc:localhost:42303|admin:|client:|dataStream:|priority:0], old=null
2022-09-29 01:23:46,064 [grpc-default-executor-2] INFO  server.GrpcLogAppender (GrpcLogAppender.java:onNext(403)) - omNode-1@group-523986131536->omNode-2-InstallSnapshotResponseHandler: received a reply omNode-1<-omNode-2#0:FAIL-t6,IN_PROGRESS
2022-09-29 01:23:46,064 [grpc-default-executor-2] INFO  server.GrpcLogAppender (GrpcLogAppender.java:onNext(421)) - omNode-1@group-523986131536->omNode-2-InstallSnapshotResponseHandler: InstallSnapshot in progress.
2022-09-29 01:23:46,064 [omNode-1@group-523986131536->omNode-2-GrpcLogAppender-LogAppenderDaemon] INFO  server.GrpcLogAppender (GrpcLogAppender.java:installSnapshot(541)) - omNode-1@group-523986131536->omNode-2-GrpcLogAppender: followerNextIndex = 57 but logStartIndex = 59, notify follower to install snapshot-(t:6, i:59)
2022-09-29 01:23:46,064 [omNode-1@group-523986131536->omNode-2-GrpcLogAppender-LogAppenderDaemon] INFO  server.GrpcLogAppender (GrpcLogAppender.java:installSnapshot(549)) - omNode-1@group-523986131536->omNode-2-GrpcLogAppender: send omNode-1->omNode-2#0-t6,notify:(t:6, i:59)
2022-09-29 01:23:46,064 [omNode-2-server-thread1] INFO  server.RaftServer$Division (RaftServerImpl.java:checkInconsistentAppendEntries(1402)) - omNode-2@group-523986131536: Failed appendEntries as snapshot (59) installation is in progress
2022-09-29 01:23:46,065 [omNode-2-server-thread1] INFO  server.RaftServer$Division (RaftServerImpl.java:checkInconsistentAppendEntries(1394)) - omNode-2@group-523986131536: inconsistency entries. Reply:omNode-1<-omNode-2#652:FAIL-t6,INCONSISTENCY,nextIndex=57,followerCommit=56
2022-09-29 01:23:46,064 [pool-444-thread-1] INFO  server.RaftServerConfigKeys (ConfUtils.java:logGet(46)) - raft.server.notification.no-leader.timeout = 2s (custom)
2022-09-29 01:23:46,065 [pool-444-thread-1] INFO  server.RaftServerConfigKeys (ConfUtils.java:logGet(46)) - raft.server.log.use.memory = false (default)
2022-09-29 01:23:46,065 [pool-444-thread-1] INFO  server.RaftServerConfigKeys (ConfUtils.java:logGet(46)) - raft.server.log.purge.gap = 50 (custom)
2022-09-29 01:23:46,065 [pool-444-thread-1] INFO  server.RaftServerConfigKeys (ConfUtils.java:logGet(46)) - raft.server.log.appender.buffer.byte-limit = 33554432 (custom)
2022-09-29 01:23:46,065 [pool-444-thread-1] INFO  server.RaftServerConfigKeys (ConfUtils.java:logGet(46)) - raft.server.log.statemachine.data.read.timeout = 1000ms (default)
2022-09-29 01:23:46,065 [grpc-default-executor-1] INFO  leader.FollowerInfo (FollowerInfoImpl.java:lambda$new$0(48)) - omNode-1@group-523986131536->omNode-2: nextIndex: updateUnconditionally 57 -> 57
2022-09-29 01:23:46,065 [pool-444-thread-1] INFO  server.RaftServerConfigKeys (ConfUtils.java:logGet(46)) - raft.server.log.segment.size.max = 4194304 (custom)
2022-09-29 01:23:46,066 [pool-444-thread-1] INFO  server.RaftServerConfigKeys (ConfUtils.java:logGet(46)) - raft.server.log.segment.cache.num.max = 2 (custom)
2022-09-29 01:23:46,066 [pool-444-thread-1] INFO  server.RaftServerConfigKeys (ConfUtils.java:logGet(46)) - raft.server.log.segment.cache.size.max = 200MB (=209715200) (default)
2022-09-29 01:23:46,066 [pool-444-thread-1] INFO  segmented.SegmentedRaftLogWorker (SegmentedRaftLogWorker.java:<init>(187)) - new omNode-3@group-523986131536-SegmentedRaftLogWorker for RaftStorageImpl:Storage Directory /home/runner/work/ozone/ozone/hadoop-ozone/integration-test/target/test-dir/MiniOzoneClusterImpl-a442e60d-e435-415e-98a9-f45e33772b0d/omNode-3/ratis/c9bc4cf4-3bc3-3c60-a66b-523986131536
2022-09-29 01:23:46,066 [pool-444-thread-1] INFO  server.RaftServerConfigKeys (ConfUtils.java:logGet(46)) - raft.server.log.queue.byte-limit = 64MB (=67108864) (default)
2022-09-29 01:23:46,066 [pool-444-thread-1] INFO  server.RaftServerConfigKeys (ConfUtils.java:logGet(46)) - raft.server.log.queue.element-limit = 4096 (default)
2022-09-29 01:23:46,066 [pool-444-thread-1] INFO  server.RaftServerConfigKeys (ConfUtils.java:logGet(46)) - raft.server.log.segment.size.max = 4194304 (custom)
2022-09-29 01:23:46,066 [pool-444-thread-1] INFO  server.RaftServerConfigKeys (ConfUtils.java:logGet(46)) - raft.server.log.preallocated.size = 4194304 (custom)
2022-09-29 01:23:46,066 [pool-444-thread-1] INFO  server.RaftServerConfigKeys (ConfUtils.java:logGet(46)) - raft.server.log.force.sync.num = 128 (default)
2022-09-29 01:23:46,066 [pool-444-thread-1] INFO  server.RaftServerConfigKeys (ConfUtils.java:logGet(46)) - raft.server.log.statemachine.data.sync = true (default)
2022-09-29 01:23:46,066 [pool-444-thread-1] INFO  server.RaftServerConfigKeys (ConfUtils.java:logGet(46)) - raft.server.log.statemachine.data.sync.timeout = 10s (default)
2022-09-29 01:23:46,066 [pool-444-thread-1] INFO  server.RaftServerConfigKeys (ConfUtils.java:logGet(46)) - raft.server.log.statemachine.data.sync.timeout.retry = -1 (default)
2022-09-29 01:23:46,067 [pool-444-thread-1] INFO  server.RaftServerConfigKeys (ConfUtils.java:logGet(46)) - raft.server.log.write.buffer.size = 64KB (=65536) (default)
2022-09-29 01:23:46,067 [pool-444-thread-1] INFO  server.RaftServerConfigKeys (ConfUtils.java:logGet(46)) - raft.server.log.unsafe-flush.enabled = false (default)
2022-09-29 01:23:46,067 [pool-444-thread-1] INFO  server.RaftServerConfigKeys (ConfUtils.java:logGet(46)) - raft.server.log.statemachine.data.caching.enabled = false (default)
2022-09-29 01:23:46,073 [grpc-default-executor-1] INFO  impl.SnapshotInstallationHandler (SnapshotInstallationHandler.java:installSnapshot(84)) - omNode-2@group-523986131536: receive installSnapshot: omNode-1->omNode-2#0-t6,notify:(t:6, i:59)
2022-09-29 01:23:46,073 [grpc-default-executor-1] INFO  impl.SnapshotInstallationHandler (SnapshotInstallationHandler.java:installSnapshot(95)) - omNode-2@group-523986131536: reply installSnapshot: omNode-1<-omNode-2#0:FAIL-t6,IN_PROGRESS
2022-09-29 01:23:46,073 [grpc-default-executor-1] INFO  server.GrpcServerProtocolService (GrpcServerProtocolService.java:onCompleted(140)) - omNode-2: Completed INSTALL_SNAPSHOT, lastRequest: omNode-1->omNode-2#0-t6,notify:(t:6, i:59)
2022-09-29 01:23:46,074 [grpc-default-executor-1] INFO  server.GrpcLogAppender (GrpcLogAppender.java:onNext(403)) - omNode-1@group-523986131536->omNode-2-InstallSnapshotResponseHandler: received a reply omNode-1<-omNode-2#0:FAIL-t6,IN_PROGRESS
2022-09-29 01:23:46,074 [grpc-default-executor-1] INFO  server.GrpcLogAppender (GrpcLogAppender.java:onNext(421)) - omNode-1@group-523986131536->omNode-2-InstallSnapshotResponseHandler: InstallSnapshot in progress.
2022-09-29 01:23:46,074 [omNode-1@group-523986131536->omNode-2-GrpcLogAppender-LogAppenderDaemon] INFO  server.GrpcLogAppender (GrpcLogAppender.java:installSnapshot(541)) - omNode-1@group-523986131536->omNode-2-GrpcLogAppender: followerNextIndex = 57 but logStartIndex = 59, notify follower to install snapshot-(t:6, i:59)
2022-09-29 01:23:46,074 [omNode-1@group-523986131536->omNode-2-GrpcLogAppender-LogAppenderDaemon] INFO  server.GrpcLogAppender (GrpcLogAppender.java:installSnapshot(549)) - omNode-1@group-523986131536->omNode-2-GrpcLogAppender: send omNode-1->omNode-2#0-t6,notify:(t:6, i:59)
2022-09-29 01:23:46,074 [omNode-2-server-thread1] INFO  server.RaftServer$Division (RaftServerImpl.java:checkInconsistentAppendEntries(1402)) - omNode-2@group-523986131536: Failed appendEntries as snapshot (59) installation is in progress
2022-09-29 01:23:46,074 [omNode-2-server-thread1] INFO  server.RaftServer$Division (RaftServerImpl.java:checkInconsistentAppendEntries(1394)) - omNode-2@group-523986131536: inconsistency entries. Reply:omNode-1<-omNode-2#653:FAIL-t6,INCONSISTENCY,nextIndex=57,followerCommit=56
2022-09-29 01:23:46,075 [pool-444-thread-1] INFO  server.RaftServer$Division (ServerState.java:setRaftConf(393)) - omNode-3@group-523986131536: set configuration 59: [omNode-3|rpc:localhost:45481|admin:|client:|dataStream:|priority:0, omNode-1|rpc:localhost:40693|admin:|client:|dataStream:|priority:0, omNode-2|rpc:localhost:42303|admin:|client:|dataStream:|priority:0], old=null
2022-09-29 01:23:46,075 [grpc-default-executor-2] INFO  leader.FollowerInfo (FollowerInfoImpl.java:lambda$new$0(48)) - omNode-1@group-523986131536->omNode-2: nextIndex: updateUnconditionally 57 -> 57
2022-09-29 01:23:46,075 [grpc-default-executor-2] INFO  impl.SnapshotInstallationHandler (SnapshotInstallationHandler.java:installSnapshot(84)) - omNode-2@group-523986131536: receive installSnapshot: omNode-1->omNode-2#0-t6,notify:(t:6, i:59)
2022-09-29 01:23:46,075 [grpc-default-executor-2] INFO  impl.SnapshotInstallationHandler (SnapshotInstallationHandler.java:installSnapshot(95)) - omNode-2@group-523986131536: reply installSnapshot: omNode-1<-omNode-2#0:FAIL-t6,IN_PROGRESS
2022-09-29 01:23:46,075 [grpc-default-executor-2] INFO  server.GrpcServerProtocolService (GrpcServerProtocolService.java:onCompleted(140)) - omNode-2: Completed INSTALL_SNAPSHOT, lastRequest: omNode-1->omNode-2#0-t6,notify:(t:6, i:59)
2022-09-29 01:23:46,076 [grpc-default-executor-2] INFO  server.GrpcLogAppender (GrpcLogAppender.java:onNext(403)) - omNode-1@group-523986131536->omNode-2-InstallSnapshotResponseHandler: received a reply omNode-1<-omNode-2#0:FAIL-t6,IN_PROGRESS
2022-09-29 01:23:46,076 [grpc-default-executor-2] INFO  server.GrpcLogAppender (GrpcLogAppender.java:onNext(421)) - omNode-1@group-523986131536->omNode-2-InstallSnapshotResponseHandler: InstallSnapshot in progress.
2022-09-29 01:23:46,076 [omNode-1@group-523986131536->omNode-2-GrpcLogAppender-LogAppenderDaemon] INFO  server.GrpcLogAppender (GrpcLogAppender.java:installSnapshot(541)) - omNode-1@group-523986131536->omNode-2-GrpcLogAppender: followerNextIndex = 57 but logStartIndex = 59, notify follower to install snapshot-(t:6, i:59)
2022-09-29 01:23:46,076 [omNode-1@group-523986131536->omNode-2-GrpcLogAppender-LogAppenderDaemon] INFO  server.GrpcLogAppender (GrpcLogAppender.java:installSnapshot(549)) - omNode-1@group-523986131536->omNode-2-GrpcLogAppender: send omNode-1->omNode-2#0-t6,notify:(t:6, i:59)
2022-09-29 01:23:46,076 [omNode-2-server-thread1] INFO  server.RaftServer$Division (RaftServerImpl.java:checkInconsistentAppendEntries(1402)) - omNode-2@group-523986131536: Failed appendEntries as snapshot (59) installation is in progress
2022-09-29 01:23:46,076 [omNode-2-server-thread1] INFO  server.RaftServer$Division (RaftServerImpl.java:checkInconsistentAppendEntries(1394)) - omNode-2@group-523986131536: inconsistency entries. Reply:omNode-1<-omNode-2#654:FAIL-t6,INCONSISTENCY,nextIndex=57,followerCommit=56
2022-09-29 01:23:46,077 [grpc-default-executor-2] INFO  leader.FollowerInfo (FollowerInfoImpl.java:lambda$new$0(48)) - omNode-1@group-523986131536->omNode-2: nextIndex: updateUnconditionally 57 -> 57
2022-09-29 01:23:46,077 [grpc-default-executor-2] INFO  impl.SnapshotInstallationHandler (SnapshotInstallationHandler.java:installSnapshot(84)) - omNode-2@group-523986131536: receive installSnapshot: omNode-1->omNode-2#0-t6,notify:(t:6, i:59)
2022-09-29 01:23:46,077 [grpc-default-executor-2] INFO  impl.SnapshotInstallationHandler (SnapshotInstallationHandler.java:installSnapshot(95)) - omNode-2@group-523986131536: reply installSnapshot: omNode-1<-omNode-2#0:FAIL-t6,IN_PROGRESS
2022-09-29 01:23:46,077 [pool-444-thread-1] INFO  segmented.LogSegment (LogSegment.java:loadSegment(173)) - Successfully read 85 entries from segment file /home/runner/work/ozone/ozone/hadoop-ozone/integration-test/target/test-dir/MiniOzoneClusterImpl-a442e60d-e435-415e-98a9-f45e33772b0d/omNode-3/ratis/c9bc4cf4-3bc3-3c60-a66b-523986131536/current/log_inprogress_59
2022-09-29 01:23:46,077 [grpc-default-executor-2] INFO  server.GrpcServerProtocolService (GrpcServerProtocolService.java:onCompleted(140)) - omNode-2: Completed INSTALL_SNAPSHOT, lastRequest: omNode-1->omNode-2#0-t6,notify:(t:6, i:59)
2022-09-29 01:23:46,078 [grpc-default-executor-2] INFO  server.GrpcLogAppender (GrpcLogAppender.java:onNext(403)) - omNode-1@group-523986131536->omNode-2-InstallSnapshotResponseHandler: received a reply omNode-1<-omNode-2#0:FAIL-t6,IN_PROGRESS
2022-09-29 01:23:46,078 [grpc-default-executor-2] INFO  server.GrpcLogAppender (GrpcLogAppender.java:onNext(421)) - omNode-1@group-523986131536->omNode-2-InstallSnapshotResponseHandler: InstallSnapshot in progress.
2022-09-29 01:23:46,078 [omNode-1@group-523986131536->omNode-2-GrpcLogAppender-LogAppenderDaemon] INFO  server.GrpcLogAppender (GrpcLogAppender.java:installSnapshot(541)) - omNode-1@group-523986131536->omNode-2-GrpcLogAppender: followerNextIndex = 57 but logStartIndex = 59, notify follower to install snapshot-(t:6, i:59)
2022-09-29 01:23:46,078 [omNode-1@group-523986131536->omNode-2-GrpcLogAppender-LogAppenderDaemon] INFO  server.GrpcLogAppender (GrpcLogAppender.java:installSnapshot(549)) - omNode-1@group-523986131536->omNode-2-GrpcLogAppender: send omNode-1->omNode-2#0-t6,notify:(t:6, i:59)
2022-09-29 01:23:46,078 [omNode-2-server-thread1] INFO  server.RaftServer$Division (RaftServerImpl.java:checkInconsistentAppendEntries(1402)) - omNode-2@group-523986131536: Failed appendEntries as snapshot (59) installation is in progress
2022-09-29 01:23:46,078 [omNode-2-server-thread1] INFO  server.RaftServer$Division (RaftServerImpl.java:checkInconsistentAppendEntries(1394)) - omNode-2@group-523986131536: inconsistency entries. Reply:omNode-1<-omNode-2#655:FAIL-t6,INCONSISTENCY,nextIndex=57,followerCommit=56
2022-09-29 01:23:46,077 [pool-444-thread-1] INFO  segmented.SegmentedRaftLogWorker (SegmentedRaftLogWorker.java:lambda$new$0(135)) - omNode-3@group-523986131536-SegmentedRaftLogWorker: flushIndex: setUnconditionally 0 -> 143
2022-09-29 01:23:46,078 [pool-444-thread-1] INFO  segmented.SegmentedRaftLogWorker (SegmentedRaftLogWorker.java:lambda$new$0(135)) - omNode-3@group-523986131536-SegmentedRaftLogWorker: safeCacheEvictIndex: setUnconditionally 0 -> -1
2022-09-29 01:23:46,079 [grpc-default-executor-2] INFO  leader.FollowerInfo (FollowerInfoImpl.java:lambda$new$0(48)) - omNode-1@group-523986131536->omNode-2: nextIndex: updateUnconditionally 57 -> 57
2022-09-29 01:23:46,079 [grpc-default-executor-2] INFO  impl.SnapshotInstallationHandler (SnapshotInstallationHandler.java:installSnapshot(84)) - omNode-2@group-523986131536: receive installSnapshot: omNode-1->omNode-2#0-t6,notify:(t:6, i:59)
2022-09-29 01:23:46,079 [grpc-default-executor-2] INFO  impl.SnapshotInstallationHandler (SnapshotInstallationHandler.java:installSnapshot(95)) - omNode-2@group-523986131536: reply installSnapshot: omNode-1<-omNode-2#0:FAIL-t6,IN_PROGRESS
2022-09-29 01:23:46,079 [grpc-default-executor-2] INFO  server.GrpcServerProtocolService (GrpcServerProtocolService.java:onCompleted(140)) - omNode-2: Completed INSTALL_SNAPSHOT, lastRequest: omNode-1->omNode-2#0-t6,notify:(t:6, i:59)
2022-09-29 01:23:46,080 [grpc-default-executor-2] INFO  server.GrpcLogAppender (GrpcLogAppender.java:onNext(403)) - omNode-1@group-523986131536->omNode-2-InstallSnapshotResponseHandler: received a reply omNode-1<-omNode-2#0:FAIL-t6,IN_PROGRESS
2022-09-29 01:23:46,080 [grpc-default-executor-2] INFO  server.GrpcLogAppender (GrpcLogAppender.java:onNext(421)) - omNode-1@group-523986131536->omNode-2-InstallSnapshotResponseHandler: InstallSnapshot in progress.
2022-09-29 01:23:46,080 [omNode-1@group-523986131536->omNode-2-GrpcLogAppender-LogAppenderDaemon] INFO  server.GrpcLogAppender (GrpcLogAppender.java:installSnapshot(541)) - omNode-1@group-523986131536->omNode-2-GrpcLogAppender: followerNextIndex = 57 but logStartIndex = 59, notify follower to install snapshot-(t:6, i:59)
2022-09-29 01:23:46,080 [omNode-1@group-523986131536->omNode-2-GrpcLogAppender-LogAppenderDaemon] INFO  server.GrpcLogAppender (GrpcLogAppender.java:installSnapshot(549)) - omNode-1@group-523986131536->omNode-2-GrpcLogAppender: send omNode-1->omNode-2#0-t6,notify:(t:6, i:59)
2022-09-29 01:23:46,080 [omNode-2-server-thread1] INFO  server.RaftServer$Division (RaftServerImpl.java:checkInconsistentAppendEntries(1402)) - omNode-2@group-523986131536: Failed appendEntries as snapshot (59) installation is in progress
2022-09-29 01:23:46,080 [omNode-2-server-thread1] INFO  server.RaftServer$Division (RaftServerImpl.java:checkInconsistentAppendEntries(1394)) - omNode-2@group-523986131536: inconsistency entries. Reply:omNode-1<-omNode-2#656:FAIL-t6,INCONSISTENCY,nextIndex=57,followerCommit=56
2022-09-29 01:23:46,081 [grpc-default-executor-2] INFO  leader.FollowerInfo (FollowerInfoImpl.java:lambda$new$0(48)) - omNode-1@group-523986131536->omNode-2: nextIndex: updateUnconditionally 57 -> 57
2022-09-29 01:23:46,081 [grpc-default-executor-2] INFO  impl.SnapshotInstallationHandler (SnapshotInstallationHandler.java:installSnapshot(84)) - omNode-2@group-523986131536: receive installSnapshot: omNode-1->omNode-2#0-t6,notify:(t:6, i:59)
2022-09-29 01:23:46,081 [grpc-default-executor-2] INFO  impl.SnapshotInstallationHandler (SnapshotInstallationHandler.java:installSnapshot(95)) - omNode-2@group-523986131536: reply installSnapshot: omNode-1<-omNode-2#0:FAIL-t6,IN_PROGRESS
2022-09-29 01:23:46,081 [grpc-default-executor-2] INFO  server.GrpcServerProtocolService (GrpcServerProtocolService.java:onCompleted(140)) - omNode-2: Completed INSTALL_SNAPSHOT, lastRequest: omNode-1->omNode-2#0-t6,notify:(t:6, i:59)
2022-09-29 01:23:46,081 [grpc-default-executor-2] INFO  server.GrpcLogAppender (GrpcLogAppender.java:onNext(403)) - omNode-1@group-523986131536->omNode-2-InstallSnapshotResponseHandler: received a reply omNode-1<-omNode-2#0:FAIL-t6,IN_PROGRESS
2022-09-29 01:23:46,082 [grpc-default-executor-2] INFO  server.GrpcLogAppender (GrpcLogAppender.java:onNext(421)) - omNode-1@group-523986131536->omNode-2-InstallSnapshotResponseHandler: InstallSnapshot in progress.
2022-09-29 01:23:46,082 [omNode-1@group-523986131536->omNode-2-GrpcLogAppender-LogAppenderDaemon] INFO  server.GrpcLogAppender (GrpcLogAppender.java:installSnapshot(541)) - omNode-1@group-523986131536->omNode-2-GrpcLogAppender: followerNextIndex = 57 but logStartIndex = 59, notify follower to install snapshot-(t:6, i:59)
2022-09-29 01:23:46,082 [omNode-1@group-523986131536->omNode-2-GrpcLogAppender-LogAppenderDaemon] INFO  server.GrpcLogAppender (GrpcLogAppender.java:installSnapshot(549)) - omNode-1@group-523986131536->omNode-2-GrpcLogAppender: send omNode-1->omNode-2#0-t6,notify:(t:6, i:59)
2022-09-29 01:23:46,082 [omNode-2-server-thread1] INFO  server.RaftServer$Division (RaftServerImpl.java:checkInconsistentAppendEntries(1402)) - omNode-2@group-523986131536: Failed appendEntries as snapshot (59) installation is in progress
2022-09-29 01:23:46,082 [omNode-2-server-thread1] INFO  server.RaftServer$Division (RaftServerImpl.java:checkInconsistentAppendEntries(1394)) - omNode-2@group-523986131536: inconsistency entries. Reply:omNode-1<-omNode-2#657:FAIL-t6,INCONSISTENCY,nextIndex=57,followerCommit=56
2022-09-29 01:23:46,082 [grpc-default-executor-2] INFO  leader.FollowerInfo (FollowerInfoImpl.java:lambda$new$0(48)) - omNode-1@group-523986131536->omNode-2: nextIndex: updateUnconditionally 57 -> 57
2022-09-29 01:23:46,083 [grpc-default-executor-2] INFO  impl.SnapshotInstallationHandler (SnapshotInstallationHandler.java:installSnapshot(84)) - omNode-2@group-523986131536: receive installSnapshot: omNode-1->omNode-2#0-t6,notify:(t:6, i:59)
2022-09-29 01:23:46,083 [grpc-default-executor-2] INFO  impl.SnapshotInstallationHandler (SnapshotInstallationHandler.java:installSnapshot(95)) - omNode-2@group-523986131536: reply installSnapshot: omNode-1<-omNode-2#0:FAIL-t6,IN_PROGRESS
2022-09-29 01:23:46,083 [grpc-default-executor-2] INFO  server.GrpcServerProtocolService (GrpcServerProtocolService.java:onCompleted(140)) - omNode-2: Completed INSTALL_SNAPSHOT, lastRequest: omNode-1->omNode-2#0-t6,notify:(t:6, i:59)
2022-09-29 01:23:46,083 [grpc-default-executor-1] INFO  server.GrpcLogAppender (GrpcLogAppender.java:onNext(403)) - omNode-1@group-523986131536->omNode-2-InstallSnapshotResponseHandler: received a reply omNode-1<-omNode-2#0:FAIL-t6,IN_PROGRESS
2022-09-29 01:23:46,083 [grpc-default-executor-1] INFO  server.GrpcLogAppender (GrpcLogAppender.java:onNext(421)) - omNode-1@group-523986131536->omNode-2-InstallSnapshotResponseHandler: InstallSnapshot in progress.
2022-09-29 01:23:46,083 [omNode-1@group-523986131536->omNode-2-GrpcLogAppender-LogAppenderDaemon] INFO  server.GrpcLogAppender (GrpcLogAppender.java:installSnapshot(541)) - omNode-1@group-523986131536->omNode-2-GrpcLogAppender: followerNextIndex = 57 but logStartIndex = 59, notify follower to install snapshot-(t:6, i:59)
2022-09-29 01:23:46,084 [omNode-1@group-523986131536->omNode-2-GrpcLogAppender-LogAppenderDaemon] INFO  server.GrpcLogAppender (GrpcLogAppender.java:installSnapshot(549)) - omNode-1@group-523986131536->omNode-2-GrpcLogAppender: send omNode-1->omNode-2#0-t6,notify:(t:6, i:59)
2022-09-29 01:23:46,084 [omNode-2-server-thread1] INFO  server.RaftServer$Division (RaftServerImpl.java:checkInconsistentAppendEntries(1402)) - omNode-2@group-523986131536: Failed appendEntries as snapshot (59) installation is in progress
2022-09-29 01:23:46,084 [omNode-2-server-thread1] INFO  server.RaftServer$Division (RaftServerImpl.java:checkInconsistentAppendEntries(1394)) - omNode-2@group-523986131536: inconsistency entries. Reply:omNode-1<-omNode-2#658:FAIL-t6,INCONSISTENCY,nextIndex=57,followerCommit=56
2022-09-29 01:23:46,084 [grpc-default-executor-1] INFO  impl.SnapshotInstallationHandler (SnapshotInstallationHandler.java:installSnapshot(84)) - omNode-2@group-523986131536: receive installSnapshot: omNode-1->omNode-2#0-t6,notify:(t:6, i:59)
2022-09-29 01:23:46,084 [grpc-default-executor-2] INFO  leader.FollowerInfo (FollowerInfoImpl.java:lambda$new$0(48)) - omNode-1@group-523986131536->omNode-2: nextIndex: updateUnconditionally 57 -> 57
2022-09-29 01:23:46,084 [grpc-default-executor-1] INFO  impl.SnapshotInstallationHandler (SnapshotInstallationHandler.java:installSnapshot(95)) - omNode-2@group-523986131536: reply installSnapshot: omNode-1<-omNode-2#0:FAIL-t6,IN_PROGRESS
2022-09-29 01:23:46,085 [grpc-default-executor-1] INFO  server.GrpcServerProtocolService (GrpcServerProtocolService.java:onCompleted(140)) - omNode-2: Completed INSTALL_SNAPSHOT, lastRequest: omNode-1->omNode-2#0-t6,notify:(t:6, i:59)
2022-09-29 01:23:46,085 [grpc-default-executor-1] INFO  server.GrpcLogAppender (GrpcLogAppender.java:onNext(403)) - omNode-1@group-523986131536->omNode-2-InstallSnapshotResponseHandler: received a reply omNode-1<-omNode-2#0:FAIL-t6,IN_PROGRESS
2022-09-29 01:23:46,085 [grpc-default-executor-1] INFO  server.GrpcLogAppender (GrpcLogAppender.java:onNext(421)) - omNode-1@group-523986131536->omNode-2-InstallSnapshotResponseHandler: InstallSnapshot in progress.
2022-09-29 01:23:46,085 [omNode-1@group-523986131536->omNode-2-GrpcLogAppender-LogAppenderDaemon] INFO  server.GrpcLogAppender (GrpcLogAppender.java:installSnapshot(541)) - omNode-1@group-523986131536->omNode-2-GrpcLogAppender: followerNextIndex = 57 but logStartIndex = 59, notify follower to install snapshot-(t:6, i:59)
2022-09-29 01:23:46,085 [omNode-1@group-523986131536->omNode-2-GrpcLogAppender-LogAppenderDaemon] INFO  server.GrpcLogAppender (GrpcLogAppender.java:installSnapshot(549)) - omNode-1@group-523986131536->omNode-2-GrpcLogAppender: send omNode-1->omNode-2#0-t6,notify:(t:6, i:59)
2022-09-29 01:23:46,085 [omNode-2-server-thread1] INFO  server.RaftServer$Division (RaftServerImpl.java:checkInconsistentAppendEntries(1402)) - omNode-2@group-523986131536: Failed appendEntries as snapshot (59) installation is in progress
2022-09-29 01:23:46,085 [omNode-2-server-thread1] INFO  server.RaftServer$Division (RaftServerImpl.java:checkInconsistentAppendEntries(1394)) - omNode-2@group-523986131536: inconsistency entries. Reply:omNode-1<-omNode-2#659:FAIL-t6,INCONSISTENCY,nextIndex=57,followerCommit=56
2022-09-29 01:23:46,086 [grpc-default-executor-2] INFO  impl.SnapshotInstallationHandler (SnapshotInstallationHandler.java:installSnapshot(84)) - omNode-2@group-523986131536: receive installSnapshot: omNode-1->omNode-2#0-t6,notify:(t:6, i:59)
2022-09-29 01:23:46,086 [grpc-default-executor-2] INFO  impl.SnapshotInstallationHandler (SnapshotInstallationHandler.java:installSnapshot(95)) - omNode-2@group-523986131536: reply installSnapshot: omNode-1<-omNode-2#0:FAIL-t6,IN_PROGRESS
2022-09-29 01:23:46,086 [grpc-default-executor-2] INFO  server.GrpcServerProtocolService (GrpcServerProtocolService.java:onCompleted(140)) - omNode-2: Completed INSTALL_SNAPSHOT, lastRequest: omNode-1->omNode-2#0-t6,notify:(t:6, i:59)
2022-09-29 01:23:46,086 [grpc-default-executor-1] INFO  server.GrpcLogAppender (GrpcLogAppender.java:onNext(403)) - omNode-1@group-523986131536->omNode-2-InstallSnapshotResponseHandler: received a reply omNode-1<-omNode-2#0:FAIL-t6,IN_PROGRESS
2022-09-29 01:23:46,087 [grpc-default-executor-1] INFO  server.GrpcLogAppender (GrpcLogAppender.java:onNext(421)) - omNode-1@group-523986131536->omNode-2-InstallSnapshotResponseHandler: InstallSnapshot in progress.
2022-09-29 01:23:46,087 [grpc-default-executor-2] INFO  leader.FollowerInfo (FollowerInfoImpl.java:lambda$new$0(48)) - omNode-1@group-523986131536->omNode-2: nextIndex: updateUnconditionally 57 -> 57
2022-09-29 01:23:46,087 [omNode-1@group-523986131536->omNode-2-GrpcLogAppender-LogAppenderDaemon] INFO  server.GrpcLogAppender (GrpcLogAppender.java:installSnapshot(541)) - omNode-1@group-523986131536->omNode-2-GrpcLogAppender: followerNextIndex = 57 but logStartIndex = 59, notify follower to install snapshot-(t:6, i:59)
2022-09-29 01:23:46,087 [omNode-1@group-523986131536->omNode-2-GrpcLogAppender-LogAppenderDaemon] INFO  server.GrpcLogAppender (GrpcLogAppender.java:installSnapshot(549)) - omNode-1@group-523986131536->omNode-2-GrpcLogAppender: send omNode-1->omNode-2#0-t6,notify:(t:6, i:59)
2022-09-29 01:23:46,087 [omNode-2-server-thread1] INFO  server.RaftServer$Division (RaftServerImpl.java:checkInconsistentAppendEntries(1402)) - omNode-2@group-523986131536: Failed appendEntries as snapshot (59) installation is in progress
2022-09-29 01:23:46,087 [omNode-2-server-thread1] INFO  server.RaftServer$Division (RaftServerImpl.java:checkInconsistentAppendEntries(1394)) - omNode-2@group-523986131536: inconsistency entries. Reply:omNode-1<-omNode-2#660:FAIL-t6,INCONSISTENCY,nextIndex=57,followerCommit=56
2022-09-29 01:23:46,087 [grpc-default-executor-1] INFO  impl.SnapshotInstallationHandler (SnapshotInstallationHandler.java:installSnapshot(84)) - omNode-2@group-523986131536: receive installSnapshot: omNode-1->omNode-2#0-t6,notify:(t:6, i:59)
2022-09-29 01:23:46,088 [grpc-default-executor-2] INFO  leader.FollowerInfo (FollowerInfoImpl.java:lambda$new$0(48)) - omNode-1@group-523986131536->omNode-2: nextIndex: updateUnconditionally 57 -> 57
2022-09-29 01:23:46,088 [grpc-default-executor-1] INFO  impl.SnapshotInstallationHandler (SnapshotInstallationHandler.java:installSnapshot(95)) - omNode-2@group-523986131536: reply installSnapshot: omNode-1<-omNode-2#0:FAIL-t6,IN_PROGRESS
2022-09-29 01:23:46,088 [grpc-default-executor-1] INFO  server.GrpcServerProtocolService (GrpcServerProtocolService.java:onCompleted(140)) - omNode-2: Completed INSTALL_SNAPSHOT, lastRequest: omNode-1->omNode-2#0-t6,notify:(t:6, i:59)
2022-09-29 01:23:46,088 [grpc-default-executor-1] INFO  server.GrpcLogAppender (GrpcLogAppender.java:onNext(403)) - omNode-1@group-523986131536->omNode-2-InstallSnapshotResponseHandler: received a reply omNode-1<-omNode-2#0:FAIL-t6,IN_PROGRESS
2022-09-29 01:23:46,088 [grpc-default-executor-1] INFO  server.GrpcLogAppender (GrpcLogAppender.java:onNext(421)) - omNode-1@group-523986131536->omNode-2-InstallSnapshotResponseHandler: InstallSnapshot in progress.
2022-09-29 01:23:46,090 [omNode-1@group-523986131536->omNode-2-GrpcLogAppender-LogAppenderDaemon] INFO  server.GrpcLogAppender (GrpcLogAppender.java:installSnapshot(541)) - omNode-1@group-523986131536->omNode-2-GrpcLogAppender: followerNextIndex = 57 but logStartIndex = 59, notify follower to install snapshot-(t:6, i:59)
2022-09-29 01:23:46,090 [omNode-1@group-523986131536->omNode-2-GrpcLogAppender-LogAppenderDaemon] INFO  server.GrpcLogAppender (GrpcLogAppender.java:installSnapshot(549)) - omNode-1@group-523986131536->omNode-2-GrpcLogAppender: send omNode-1->omNode-2#0-t6,notify:(t:6, i:59)
2022-09-29 01:23:46,091 [pool-444-thread-1] INFO  raftlog.RaftLog (RaftLogBase.java:lambda$new$0(53)) - omNode-3@group-523986131536-SegmentedRaftLog: commitIndex: updateToMax old=142, new=141, updated? false
2022-09-29 01:23:46,091 [pool-444-thread-1] INFO  raftlog.RaftLog (RaftLogBase.java:lambda$new$0(53)) - omNode-3@group-523986131536-SegmentedRaftLog: purgeIndex: updateIncreasingly -1 -> 58
2022-09-29 01:23:46,091 [pool-444-thread-1] INFO  server.RaftServerConfigKeys (ConfUtils.java:logGet(46)) - raft.server.snapshot.auto.trigger.enabled = true (custom)
2022-09-29 01:23:46,091 [pool-444-thread-1] INFO  server.RaftServerConfigKeys (ConfUtils.java:logGet(46)) - raft.server.snapshot.auto.trigger.threshold = 50 (custom)
2022-09-29 01:23:46,091 [pool-444-thread-1] INFO  server.RaftServerConfigKeys (ConfUtils.java:logGet(46)) - raft.server.snapshot.retention.file.num = -1 (default)
2022-09-29 01:23:46,091 [pool-444-thread-1] INFO  server.RaftServerConfigKeys (ConfUtils.java:logGet(46)) - raft.server.log.purge.upto.snapshot.index = true (custom)
2022-09-29 01:23:46,091 [pool-444-thread-1] INFO  server.RaftServerConfigKeys (ConfUtils.java:logGet(46)) - raft.server.retrycache.expirytime = 30000ms (custom)
2022-09-29 01:23:46,091 [pool-444-thread-1] INFO  server.RaftServerConfigKeys (ConfUtils.java:logGet(46)) - raft.server.retrycache.statistics.expirytime = 100μs (default)
2022-09-29 01:23:46,092 [pool-444-thread-1] INFO  server.RaftServerConfigKeys (ConfUtils.java:logGet(46)) - raft.server.log.appender.install.snapshot.enabled = false (custom)
2022-09-29 01:23:46,092 [pool-444-thread-1] INFO  server.RaftServerConfigKeys (ConfUtils.java:logGet(46)) - raft.server.threadpool.server.cached = true (default)
2022-09-29 01:23:46,092 [pool-444-thread-1] INFO  server.RaftServerConfigKeys (ConfUtils.java:logGet(46)) - raft.server.threadpool.server.size = 0 (default)
2022-09-29 01:23:46,092 [pool-444-thread-1] INFO  server.RaftServerConfigKeys (ConfUtils.java:logGet(46)) - raft.server.threadpool.client.cached = true (default)
2022-09-29 01:23:46,092 [pool-444-thread-1] INFO  server.RaftServerConfigKeys (ConfUtils.java:logGet(46)) - raft.server.threadpool.client.size = 0 (default)
2022-09-29 01:23:46,092 [omNode-3-impl-thread1] INFO  server.RaftServer$Division (RaftServerImpl.java:start(310)) - omNode-3@group-523986131536: start as a follower, conf=59: [omNode-3|rpc:localhost:45481|admin:|client:|dataStream:|priority:0, omNode-1|rpc:localhost:40693|admin:|client:|dataStream:|priority:0, omNode-2|rpc:localhost:42303|admin:|client:|dataStream:|priority:0], old=null
2022-09-29 01:23:46,092 [omNode-3-impl-thread1] INFO  server.RaftServer$Division (RaftServerImpl.java:setRole(299)) - omNode-3@group-523986131536: changes role from      null to FOLLOWER at term 6 for startAsFollower
2022-09-29 01:23:46,092 [omNode-3-impl-thread1] INFO  impl.RoleInfo (RoleInfo.java:updateAndGet(139)) - omNode-3: start omNode-3@group-523986131536-FollowerState
2022-09-29 01:23:46,093 [grpc-default-executor-1] INFO  impl.SnapshotInstallationHandler (SnapshotInstallationHandler.java:installSnapshot(84)) - omNode-2@group-523986131536: receive installSnapshot: omNode-1->omNode-2#0-t6,notify:(t:6, i:59)
2022-09-29 01:23:46,093 [grpc-default-executor-1] INFO  impl.SnapshotInstallationHandler (SnapshotInstallationHandler.java:installSnapshot(95)) - omNode-2@group-523986131536: reply installSnapshot: omNode-1<-omNode-2#0:FAIL-t6,IN_PROGRESS
2022-09-29 01:23:46,093 [grpc-default-executor-1] INFO  server.GrpcServerProtocolService (GrpcServerProtocolService.java:onCompleted(140)) - omNode-2: Completed INSTALL_SNAPSHOT, lastRequest: omNode-1->omNode-2#0-t6,notify:(t:6, i:59)
2022-09-29 01:23:46,093 [omNode-2-server-thread1] INFO  server.RaftServer$Division (RaftServerImpl.java:checkInconsistentAppendEntries(1402)) - omNode-2@group-523986131536: Failed appendEntries as snapshot (59) installation is in progress
2022-09-29 01:23:46,093 [omNode-2-server-thread1] INFO  server.RaftServer$Division (RaftServerImpl.java:checkInconsistentAppendEntries(1394)) - omNode-2@group-523986131536: inconsistency entries. Reply:omNode-1<-omNode-2#661:FAIL-t6,INCONSISTENCY,nextIndex=57,followerCommit=56
2022-09-29 01:23:46,094 [grpc-default-executor-1] INFO  server.GrpcLogAppender (GrpcLogAppender.java:onNext(403)) - omNode-1@group-523986131536->omNode-2-InstallSnapshotResponseHandler: received a reply omNode-1<-omNode-2#0:FAIL-t6,IN_PROGRESS
2022-09-29 01:23:46,094 [grpc-default-executor-1] INFO  server.GrpcLogAppender (GrpcLogAppender.java:onNext(421)) - omNode-1@group-523986131536->omNode-2-InstallSnapshotResponseHandler: InstallSnapshot in progress.
2022-09-29 01:23:46,094 [grpc-default-executor-2] INFO  leader.FollowerInfo (FollowerInfoImpl.java:lambda$new$0(48)) - omNode-1@group-523986131536->omNode-2: nextIndex: updateUnconditionally 57 -> 57
2022-09-29 01:23:46,094 [omNode-1@group-523986131536->omNode-2-GrpcLogAppender-LogAppenderDaemon] INFO  server.GrpcLogAppender (GrpcLogAppender.java:installSnapshot(541)) - omNode-1@group-523986131536->omNode-2-GrpcLogAppender: followerNextIndex = 57 but logStartIndex = 59, notify follower to install snapshot-(t:6, i:59)
2022-09-29 01:23:46,094 [omNode-1@group-523986131536->omNode-2-GrpcLogAppender-LogAppenderDaemon] INFO  server.GrpcLogAppender (GrpcLogAppender.java:installSnapshot(549)) - omNode-1@group-523986131536->omNode-2-GrpcLogAppender: send omNode-1->omNode-2#0-t6,notify:(t:6, i:59)
2022-09-29 01:23:46,094 [omNode-2-server-thread1] INFO  server.RaftServer$Division (RaftServerImpl.java:checkInconsistentAppendEntries(1402)) - omNode-2@group-523986131536: Failed appendEntries as snapshot (59) installation is in progress
2022-09-29 01:23:46,094 [omNode-2-server-thread1] INFO  server.RaftServer$Division (RaftServerImpl.java:checkInconsistentAppendEntries(1394)) - omNode-2@group-523986131536: inconsistency entries. Reply:omNode-1<-omNode-2#662:FAIL-t6,INCONSISTENCY,nextIndex=57,followerCommit=56
2022-09-29 01:23:46,095 [grpc-default-executor-2] INFO  impl.SnapshotInstallationHandler (SnapshotInstallationHandler.java:installSnapshot(84)) - omNode-2@group-523986131536: receive installSnapshot: omNode-1->omNode-2#0-t6,notify:(t:6, i:59)
2022-09-29 01:23:46,095 [grpc-default-executor-2] INFO  impl.SnapshotInstallationHandler (SnapshotInstallationHandler.java:installSnapshot(95)) - omNode-2@group-523986131536: reply installSnapshot: omNode-1<-omNode-2#0:FAIL-t6,IN_PROGRESS
2022-09-29 01:23:46,095 [grpc-default-executor-2] INFO  server.GrpcServerProtocolService (GrpcServerProtocolService.java:onCompleted(140)) - omNode-2: Completed INSTALL_SNAPSHOT, lastRequest: omNode-1->omNode-2#0-t6,notify:(t:6, i:59)
2022-09-29 01:23:46,095 [grpc-default-executor-1] INFO  server.GrpcLogAppender (GrpcLogAppender.java:onNext(403)) - omNode-1@group-523986131536->omNode-2-InstallSnapshotResponseHandler: received a reply omNode-1<-omNode-2#0:FAIL-t6,IN_PROGRESS
2022-09-29 01:23:46,095 [grpc-default-executor-1] INFO  server.GrpcLogAppender (GrpcLogAppender.java:onNext(421)) - omNode-1@group-523986131536->omNode-2-InstallSnapshotResponseHandler: InstallSnapshot in progress.
2022-09-29 01:23:46,096 [grpc-default-executor-2] INFO  leader.FollowerInfo (FollowerInfoImpl.java:lambda$new$0(48)) - omNode-1@group-523986131536->omNode-2: nextIndex: updateUnconditionally 57 -> 57
2022-09-29 01:23:46,096 [omNode-1@group-523986131536->omNode-2-GrpcLogAppender-LogAppenderDaemon] INFO  server.GrpcLogAppender (GrpcLogAppender.java:installSnapshot(541)) - omNode-1@group-523986131536->omNode-2-GrpcLogAppender: followerNextIndex = 57 but logStartIndex = 59, notify follower to install snapshot-(t:6, i:59)
2022-09-29 01:23:46,096 [omNode-1@group-523986131536->omNode-2-GrpcLogAppender-LogAppenderDaemon] INFO  server.GrpcLogAppender (GrpcLogAppender.java:installSnapshot(549)) - omNode-1@group-523986131536->omNode-2-GrpcLogAppender: send omNode-1->omNode-2#0-t6,notify:(t:6, i:59)
2022-09-29 01:23:46,096 [omNode-2-server-thread1] INFO  server.RaftServer$Division (RaftServerImpl.java:checkInconsistentAppendEntries(1402)) - omNode-2@group-523986131536: Failed appendEntries as snapshot (59) installation is in progress
2022-09-29 01:23:46,096 [omNode-2-server-thread1] INFO  server.RaftServer$Division (RaftServerImpl.java:checkInconsistentAppendEntries(1394)) - omNode-2@group-523986131536: inconsistency entries. Reply:omNode-1<-omNode-2#663:FAIL-t6,INCONSISTENCY,nextIndex=57,followerCommit=56
2022-09-29 01:23:46,096 [grpc-default-executor-1] INFO  impl.SnapshotInstallationHandler (SnapshotInstallationHandler.java:installSnapshot(84)) - omNode-2@group-523986131536: receive installSnapshot: omNode-1->omNode-2#0-t6,notify:(t:6, i:59)
2022-09-29 01:23:46,096 [grpc-default-executor-2] INFO  leader.FollowerInfo (FollowerInfoImpl.java:lambda$new$0(48)) - omNode-1@group-523986131536->omNode-2: nextIndex: updateUnconditionally 57 -> 57
2022-09-29 01:23:46,097 [grpc-default-executor-1] INFO  impl.SnapshotInstallationHandler (SnapshotInstallationHandler.java:installSnapshot(95)) - omNode-2@group-523986131536: reply installSnapshot: omNode-1<-omNode-2#0:FAIL-t6,IN_PROGRESS
2022-09-29 01:23:46,097 [grpc-default-executor-1] INFO  server.GrpcServerProtocolService (GrpcServerProtocolService.java:onCompleted(140)) - omNode-2: Completed INSTALL_SNAPSHOT, lastRequest: omNode-1->omNode-2#0-t6,notify:(t:6, i:59)
2022-09-29 01:23:46,097 [grpc-default-executor-1] INFO  server.GrpcLogAppender (GrpcLogAppender.java:onNext(403)) - omNode-1@group-523986131536->omNode-2-InstallSnapshotResponseHandler: received a reply omNode-1<-omNode-2#0:FAIL-t6,IN_PROGRESS
2022-09-29 01:23:46,097 [grpc-default-executor-1] INFO  server.GrpcLogAppender (GrpcLogAppender.java:onNext(421)) - omNode-1@group-523986131536->omNode-2-InstallSnapshotResponseHandler: InstallSnapshot in progress.
2022-09-29 01:23:46,097 [omNode-1@group-523986131536->omNode-2-GrpcLogAppender-LogAppenderDaemon] INFO  server.GrpcLogAppender (GrpcLogAppender.java:installSnapshot(541)) - omNode-1@group-523986131536->omNode-2-GrpcLogAppender: followerNextIndex = 57 but logStartIndex = 59, notify follower to install snapshot-(t:6, i:59)
2022-09-29 01:23:46,097 [omNode-1@group-523986131536->omNode-2-GrpcLogAppender-LogAppenderDaemon] INFO  server.GrpcLogAppender (GrpcLogAppender.java:installSnapshot(549)) - omNode-1@group-523986131536->omNode-2-GrpcLogAppender: send omNode-1->omNode-2#0-t6,notify:(t:6, i:59)
2022-09-29 01:23:46,097 [omNode-2-server-thread1] INFO  server.RaftServer$Division (RaftServerImpl.java:checkInconsistentAppendEntries(1402)) - omNode-2@group-523986131536: Failed appendEntries as snapshot (59) installation is in progress
2022-09-29 01:23:46,098 [omNode-2-server-thread1] INFO  server.RaftServer$Division (RaftServerImpl.java:checkInconsistentAppendEntries(1394)) - omNode-2@group-523986131536: inconsistency entries. Reply:omNode-1<-omNode-2#664:FAIL-t6,INCONSISTENCY,nextIndex=57,followerCommit=56
2022-09-29 01:23:46,098 [grpc-default-executor-2] INFO  impl.SnapshotInstallationHandler (SnapshotInstallationHandler.java:installSnapshot(84)) - omNode-2@group-523986131536: receive installSnapshot: omNode-1->omNode-2#0-t6,notify:(t:6, i:59)
2022-09-29 01:23:46,098 [grpc-default-executor-2] INFO  impl.SnapshotInstallationHandler (SnapshotInstallationHandler.java:installSnapshot(95)) - omNode-2@group-523986131536: reply installSnapshot: omNode-1<-omNode-2#0:FAIL-t6,IN_PROGRESS
2022-09-29 01:23:46,098 [grpc-default-executor-2] INFO  server.GrpcServerProtocolService (GrpcServerProtocolService.java:onCompleted(140)) - omNode-2: Completed INSTALL_SNAPSHOT, lastRequest: omNode-1->omNode-2#0-t6,notify:(t:6, i:59)
2022-09-29 01:23:46,099 [grpc-default-executor-1] INFO  server.GrpcLogAppender (GrpcLogAppender.java:onNext(403)) - omNode-1@group-523986131536->omNode-2-InstallSnapshotResponseHandler: received a reply omNode-1<-omNode-2#0:FAIL-t6,IN_PROGRESS
2022-09-29 01:23:46,099 [grpc-default-executor-1] INFO  server.GrpcLogAppender (GrpcLogAppender.java:onNext(421)) - omNode-1@group-523986131536->omNode-2-InstallSnapshotResponseHandler: InstallSnapshot in progress.
2022-09-29 01:23:46,099 [grpc-default-executor-2] INFO  leader.FollowerInfo (FollowerInfoImpl.java:lambda$new$0(48)) - omNode-1@group-523986131536->omNode-2: nextIndex: updateUnconditionally 57 -> 57
2022-09-29 01:23:46,099 [omNode-1@group-523986131536->omNode-2-GrpcLogAppender-LogAppenderDaemon] INFO  server.GrpcLogAppender (GrpcLogAppender.java:installSnapshot(541)) - omNode-1@group-523986131536->omNode-2-GrpcLogAppender: followerNextIndex = 57 but logStartIndex = 59, notify follower to install snapshot-(t:6, i:59)
2022-09-29 01:23:46,099 [omNode-1@group-523986131536->omNode-2-GrpcLogAppender-LogAppenderDaemon] INFO  server.GrpcLogAppender (GrpcLogAppender.java:installSnapshot(549)) - omNode-1@group-523986131536->omNode-2-GrpcLogAppender: send omNode-1->omNode-2#0-t6,notify:(t:6, i:59)
2022-09-29 01:23:46,099 [omNode-2-server-thread1] INFO  server.RaftServer$Division (RaftServerImpl.java:checkInconsistentAppendEntries(1402)) - omNode-2@group-523986131536: Failed appendEntries as snapshot (59) installation is in progress
2022-09-29 01:23:46,099 [omNode-2-server-thread1] INFO  server.RaftServer$Division (RaftServerImpl.java:checkInconsistentAppendEntries(1394)) - omNode-2@group-523986131536: inconsistency entries. Reply:omNode-1<-omNode-2#665:FAIL-t6,INCONSISTENCY,nextIndex=57,followerCommit=56
2022-09-29 01:23:46,100 [grpc-default-executor-1] INFO  impl.SnapshotInstallationHandler (SnapshotInstallationHandler.java:installSnapshot(84)) - omNode-2@group-523986131536: receive installSnapshot: omNode-1->omNode-2#0-t6,notify:(t:6, i:59)
2022-09-29 01:23:46,100 [grpc-default-executor-2] INFO  leader.FollowerInfo (FollowerInfoImpl.java:lambda$new$0(48)) - omNode-1@group-523986131536->omNode-2: nextIndex: updateUnconditionally 57 -> 57
2022-09-29 01:23:46,100 [grpc-default-executor-1] INFO  impl.SnapshotInstallationHandler (SnapshotInstallationHandler.java:installSnapshot(95)) - omNode-2@group-523986131536: reply installSnapshot: omNode-1<-omNode-2#0:FAIL-t6,IN_PROGRESS
2022-09-29 01:23:46,100 [grpc-default-executor-1] INFO  server.GrpcServerProtocolService (GrpcServerProtocolService.java:onCompleted(140)) - omNode-2: Completed INSTALL_SNAPSHOT, lastRequest: omNode-1->omNode-2#0-t6,notify:(t:6, i:59)
2022-09-29 01:23:46,100 [grpc-default-executor-1] INFO  server.GrpcLogAppender (GrpcLogAppender.java:onNext(403)) - omNode-1@group-523986131536->omNode-2-InstallSnapshotResponseHandler: received a reply omNode-1<-omNode-2#0:FAIL-t6,IN_PROGRESS
2022-09-29 01:23:46,100 [grpc-default-executor-1] INFO  server.GrpcLogAppender (GrpcLogAppender.java:onNext(421)) - omNode-1@group-523986131536->omNode-2-InstallSnapshotResponseHandler: InstallSnapshot in progress.
2022-09-29 01:23:46,100 [omNode-1@group-523986131536->omNode-2-GrpcLogAppender-LogAppenderDaemon] INFO  server.GrpcLogAppender (GrpcLogAppender.java:installSnapshot(541)) - omNode-1@group-523986131536->omNode-2-GrpcLogAppender: followerNextIndex = 57 but logStartIndex = 59, notify follower to install snapshot-(t:6, i:59)
2022-09-29 01:23:46,100 [omNode-1@group-523986131536->omNode-2-GrpcLogAppender-LogAppenderDaemon] INFO  server.GrpcLogAppender (GrpcLogAppender.java:installSnapshot(549)) - omNode-1@group-523986131536->omNode-2-GrpcLogAppender: send omNode-1->omNode-2#0-t6,notify:(t:6, i:59)
2022-09-29 01:23:46,101 [omNode-2-server-thread1] INFO  server.RaftServer$Division (RaftServerImpl.java:checkInconsistentAppendEntries(1402)) - omNode-2@group-523986131536: Failed appendEntries as snapshot (59) installation is in progress
2022-09-29 01:23:46,101 [omNode-2-server-thread1] INFO  server.RaftServer$Division (RaftServerImpl.java:checkInconsistentAppendEntries(1394)) - omNode-2@group-523986131536: inconsistency entries. Reply:omNode-1<-omNode-2#666:FAIL-t6,INCONSISTENCY,nextIndex=57,followerCommit=56
2022-09-29 01:23:46,101 [grpc-default-executor-2] INFO  impl.SnapshotInstallationHandler (SnapshotInstallationHandler.java:installSnapshot(84)) - omNode-2@group-523986131536: receive installSnapshot: omNode-1->omNode-2#0-t6,notify:(t:6, i:59)
2022-09-29 01:23:46,101 [grpc-default-executor-2] INFO  impl.SnapshotInstallationHandler (SnapshotInstallationHandler.java:installSnapshot(95)) - omNode-2@group-523986131536: reply installSnapshot: omNode-1<-omNode-2#0:FAIL-t6,IN_PROGRESS
2022-09-29 01:23:46,101 [grpc-default-executor-2] INFO  server.GrpcServerProtocolService (GrpcServerProtocolService.java:onCompleted(140)) - omNode-2: Completed INSTALL_SNAPSHOT, lastRequest: omNode-1->omNode-2#0-t6,notify:(t:6, i:59)
2022-09-29 01:23:46,102 [grpc-default-executor-1] INFO  server.GrpcLogAppender (GrpcLogAppender.java:onNext(403)) - omNode-1@group-523986131536->omNode-2-InstallSnapshotResponseHandler: received a reply omNode-1<-omNode-2#0:FAIL-t6,IN_PROGRESS
2022-09-29 01:23:46,102 [grpc-default-executor-1] INFO  server.GrpcLogAppender (GrpcLogAppender.java:onNext(421)) - omNode-1@group-523986131536->omNode-2-InstallSnapshotResponseHandler: InstallSnapshot in progress.
2022-09-29 01:23:46,102 [grpc-default-executor-2] INFO  leader.FollowerInfo (FollowerInfoImpl.java:lambda$new$0(48)) - omNode-1@group-523986131536->omNode-2: nextIndex: updateUnconditionally 57 -> 57
2022-09-29 01:23:46,102 [omNode-1@group-523986131536->omNode-2-GrpcLogAppender-LogAppenderDaemon] INFO  server.GrpcLogAppender (GrpcLogAppender.java:installSnapshot(541)) - omNode-1@group-523986131536->omNode-2-GrpcLogAppender: followerNextIndex = 57 but logStartIndex = 59, notify follower to install snapshot-(t:6, i:59)
2022-09-29 01:23:46,102 [omNode-1@group-523986131536->omNode-2-GrpcLogAppender-LogAppenderDaemon] INFO  server.GrpcLogAppender (GrpcLogAppender.java:installSnapshot(549)) - omNode-1@group-523986131536->omNode-2-GrpcLogAppender: send omNode-1->omNode-2#0-t6,notify:(t:6, i:59)
2022-09-29 01:23:46,104 [grpc-default-executor-1] INFO  impl.SnapshotInstallationHandler (SnapshotInstallationHandler.java:installSnapshot(84)) - omNode-2@group-523986131536: receive installSnapshot: omNode-1->omNode-2#0-t6,notify:(t:6, i:59)
2022-09-29 01:23:46,105 [grpc-default-executor-1] INFO  impl.SnapshotInstallationHandler (SnapshotInstallationHandler.java:installSnapshot(95)) - omNode-2@group-523986131536: reply installSnapshot: omNode-1<-omNode-2#0:FAIL-t6,IN_PROGRESS
2022-09-29 01:23:46,105 [grpc-default-executor-1] INFO  server.GrpcServerProtocolService (GrpcServerProtocolService.java:onCompleted(140)) - omNode-2: Completed INSTALL_SNAPSHOT, lastRequest: omNode-1->omNode-2#0-t6,notify:(t:6, i:59)
2022-09-29 01:23:46,105 [omNode-2-server-thread1] INFO  server.RaftServer$Division (RaftServerImpl.java:checkInconsistentAppendEntries(1402)) - omNode-2@group-523986131536: Failed appendEntries as snapshot (59) installation is in progress
2022-09-29 01:23:46,105 [omNode-2-server-thread1] INFO  server.RaftServer$Division (RaftServerImpl.java:checkInconsistentAppendEntries(1394)) - omNode-2@group-523986131536: inconsistency entries. Reply:omNode-1<-omNode-2#667:FAIL-t6,INCONSISTENCY,nextIndex=57,followerCommit=56
2022-09-29 01:23:46,105 [grpc-default-executor-1] INFO  server.GrpcLogAppender (GrpcLogAppender.java:onNext(403)) - omNode-1@group-523986131536->omNode-2-InstallSnapshotResponseHandler: received a reply omNode-1<-omNode-2#0:FAIL-t6,IN_PROGRESS
2022-09-29 01:23:46,105 [grpc-default-executor-1] INFO  server.GrpcLogAppender (GrpcLogAppender.java:onNext(421)) - omNode-1@group-523986131536->omNode-2-InstallSnapshotResponseHandler: InstallSnapshot in progress.
2022-09-29 01:23:46,105 [omNode-3-impl-thread1] INFO  util.JmxRegister (JmxRegister.java:tryRegister(44)) - Successfully registered JMX Bean with object name Ratis:service=RaftServer,group=group-523986131536,id=omNode-3
2022-09-29 01:23:46,106 [omNode-1@group-523986131536->omNode-2-GrpcLogAppender-LogAppenderDaemon] INFO  server.GrpcLogAppender (GrpcLogAppender.java:installSnapshot(541)) - omNode-1@group-523986131536->omNode-2-GrpcLogAppender: followerNextIndex = 57 but logStartIndex = 59, notify follower to install snapshot-(t:6, i:59)
2022-09-29 01:23:46,106 [omNode-1@group-523986131536->omNode-2-GrpcLogAppender-LogAppenderDaemon] INFO  server.GrpcLogAppender (GrpcLogAppender.java:installSnapshot(549)) - omNode-1@group-523986131536->omNode-2-GrpcLogAppender: send omNode-1->omNode-2#0-t6,notify:(t:6, i:59)
2022-09-29 01:23:46,106 [omNode-2-server-thread1] INFO  server.RaftServer$Division (RaftServerImpl.java:checkInconsistentAppendEntries(1402)) - omNode-2@group-523986131536: Failed appendEntries as snapshot (59) installation is in progress
2022-09-29 01:23:46,106 [omNode-2-server-thread1] INFO  server.RaftServer$Division (RaftServerImpl.java:checkInconsistentAppendEntries(1394)) - omNode-2@group-523986131536: inconsistency entries. Reply:omNode-1<-omNode-2#668:FAIL-t6,INCONSISTENCY,nextIndex=57,followerCommit=56
2022-09-29 01:23:46,106 [grpc-default-executor-1] INFO  leader.FollowerInfo (FollowerInfoImpl.java:lambda$new$0(48)) - omNode-1@group-523986131536->omNode-2: nextIndex: updateUnconditionally 57 -> 57
2022-09-29 01:23:46,106 [grpc-default-executor-1] INFO  impl.SnapshotInstallationHandler (SnapshotInstallationHandler.java:installSnapshot(84)) - omNode-2@group-523986131536: receive installSnapshot: omNode-1->omNode-2#0-t6,notify:(t:6, i:59)
2022-09-29 01:23:46,107 [grpc-default-executor-1] INFO  impl.SnapshotInstallationHandler (SnapshotInstallationHandler.java:installSnapshot(95)) - omNode-2@group-523986131536: reply installSnapshot: omNode-1<-omNode-2#0:FAIL-t6,IN_PROGRESS
2022-09-29 01:23:46,107 [grpc-default-executor-1] INFO  server.GrpcServerProtocolService (GrpcServerProtocolService.java:onCompleted(140)) - omNode-2: Completed INSTALL_SNAPSHOT, lastRequest: omNode-1->omNode-2#0-t6,notify:(t:6, i:59)
2022-09-29 01:23:46,107 [grpc-default-executor-0] INFO  leader.FollowerInfo (FollowerInfoImpl.java:lambda$new$0(48)) - omNode-1@group-523986131536->omNode-2: nextIndex: updateUnconditionally 57 -> 57
2022-09-29 01:23:46,107 [grpc-default-executor-0] INFO  server.GrpcLogAppender (GrpcLogAppender.java:onNext(403)) - omNode-1@group-523986131536->omNode-2-InstallSnapshotResponseHandler: received a reply omNode-1<-omNode-2#0:FAIL-t6,IN_PROGRESS
2022-09-29 01:23:46,107 [grpc-default-executor-0] INFO  server.GrpcLogAppender (GrpcLogAppender.java:onNext(421)) - omNode-1@group-523986131536->omNode-2-InstallSnapshotResponseHandler: InstallSnapshot in progress.
2022-09-29 01:23:46,107 [omNode-1@group-523986131536->omNode-2-GrpcLogAppender-LogAppenderDaemon] INFO  server.GrpcLogAppender (GrpcLogAppender.java:installSnapshot(541)) - omNode-1@group-523986131536->omNode-2-GrpcLogAppender: followerNextIndex = 57 but logStartIndex = 59, notify follower to install snapshot-(t:6, i:59)
2022-09-29 01:23:46,107 [omNode-1@group-523986131536->omNode-2-GrpcLogAppender-LogAppenderDaemon] INFO  server.GrpcLogAppender (GrpcLogAppender.java:installSnapshot(549)) - omNode-1@group-523986131536->omNode-2-GrpcLogAppender: send omNode-1->omNode-2#0-t6,notify:(t:6, i:59)
2022-09-29 01:23:46,108 [omNode-2-server-thread1] INFO  server.RaftServer$Division (RaftServerImpl.java:checkInconsistentAppendEntries(1402)) - omNode-2@group-523986131536: Failed appendEntries as snapshot (59) installation is in progress
2022-09-29 01:23:46,108 [omNode-2-server-thread1] INFO  server.RaftServer$Division (RaftServerImpl.java:checkInconsistentAppendEntries(1394)) - omNode-2@group-523986131536: inconsistency entries. Reply:omNode-1<-omNode-2#669:FAIL-t6,INCONSISTENCY,nextIndex=57,followerCommit=56
2022-09-29 01:23:46,108 [grpc-default-executor-0] INFO  impl.SnapshotInstallationHandler (SnapshotInstallationHandler.java:installSnapshot(84)) - omNode-2@group-523986131536: receive installSnapshot: omNode-1->omNode-2#0-t6,notify:(t:6, i:59)
2022-09-29 01:23:46,108 [grpc-default-executor-0] INFO  impl.SnapshotInstallationHandler (SnapshotInstallationHandler.java:installSnapshot(95)) - omNode-2@group-523986131536: reply installSnapshot: omNode-1<-omNode-2#0:FAIL-t6,IN_PROGRESS
2022-09-29 01:23:46,108 [grpc-default-executor-0] INFO  server.GrpcServerProtocolService (GrpcServerProtocolService.java:onCompleted(140)) - omNode-2: Completed INSTALL_SNAPSHOT, lastRequest: omNode-1->omNode-2#0-t6,notify:(t:6, i:59)
2022-09-29 01:23:46,109 [grpc-default-executor-0] INFO  leader.FollowerInfo (FollowerInfoImpl.java:lambda$new$0(48)) - omNode-1@group-523986131536->omNode-2: nextIndex: updateUnconditionally 57 -> 57
2022-09-29 01:23:46,109 [grpc-default-executor-0] INFO  server.GrpcLogAppender (GrpcLogAppender.java:onNext(403)) - omNode-1@group-523986131536->omNode-2-InstallSnapshotResponseHandler: received a reply omNode-1<-omNode-2#0:FAIL-t6,IN_PROGRESS
2022-09-29 01:23:46,109 [grpc-default-executor-0] INFO  server.GrpcLogAppender (GrpcLogAppender.java:onNext(421)) - omNode-1@group-523986131536->omNode-2-InstallSnapshotResponseHandler: InstallSnapshot in progress.
2022-09-29 01:23:46,109 [omNode-1@group-523986131536->omNode-2-GrpcLogAppender-LogAppenderDaemon] INFO  server.GrpcLogAppender (GrpcLogAppender.java:installSnapshot(541)) - omNode-1@group-523986131536->omNode-2-GrpcLogAppender: followerNextIndex = 57 but logStartIndex = 59, notify follower to install snapshot-(t:6, i:59)
2022-09-29 01:23:46,109 [omNode-1@group-523986131536->omNode-2-GrpcLogAppender-LogAppenderDaemon] INFO  server.GrpcLogAppender (GrpcLogAppender.java:installSnapshot(549)) - omNode-1@group-523986131536->omNode-2-GrpcLogAppender: send omNode-1->omNode-2#0-t6,notify:(t:6, i:59)
2022-09-29 01:23:46,112 [omNode-2-server-thread1] INFO  server.RaftServer$Division (RaftServerImpl.java:checkInconsistentAppendEntries(1402)) - omNode-2@group-523986131536: Failed appendEntries as snapshot (59) installation is in progress
2022-09-29 01:23:46,112 [omNode-2-server-thread1] INFO  server.RaftServer$Division (RaftServerImpl.java:checkInconsistentAppendEntries(1394)) - omNode-2@group-523986131536: inconsistency entries. Reply:omNode-1<-omNode-2#670:FAIL-t6,INCONSISTENCY,nextIndex=57,followerCommit=56
2022-09-29 01:23:46,112 [grpc-default-executor-0] INFO  impl.SnapshotInstallationHandler (SnapshotInstallationHandler.java:installSnapshot(84)) - omNode-2@group-523986131536: receive installSnapshot: omNode-1->omNode-2#0-t6,notify:(t:6, i:59)
2022-09-29 01:23:46,112 [grpc-default-executor-0] INFO  impl.SnapshotInstallationHandler (SnapshotInstallationHandler.java:installSnapshot(95)) - omNode-2@group-523986131536: reply installSnapshot: omNode-1<-omNode-2#0:FAIL-t6,IN_PROGRESS
2022-09-29 01:23:46,113 [grpc-default-executor-0] INFO  server.GrpcServerProtocolService (GrpcServerProtocolService.java:onCompleted(140)) - omNode-2: Completed INSTALL_SNAPSHOT, lastRequest: omNode-1->omNode-2#0-t6,notify:(t:6, i:59)
2022-09-29 01:23:46,113 [grpc-default-executor-0] INFO  leader.FollowerInfo (FollowerInfoImpl.java:lambda$new$0(48)) - omNode-1@group-523986131536->omNode-2: nextIndex: updateUnconditionally 57 -> 57
2022-09-29 01:23:46,113 [grpc-default-executor-0] INFO  server.GrpcLogAppender (GrpcLogAppender.java:onNext(403)) - omNode-1@group-523986131536->omNode-2-InstallSnapshotResponseHandler: received a reply omNode-1<-omNode-2#0:FAIL-t6,IN_PROGRESS
2022-09-29 01:23:46,113 [grpc-default-executor-0] INFO  server.GrpcLogAppender (GrpcLogAppender.java:onNext(421)) - omNode-1@group-523986131536->omNode-2-InstallSnapshotResponseHandler: InstallSnapshot in progress.
2022-09-29 01:23:46,113 [omNode-1@group-523986131536->omNode-2-GrpcLogAppender-LogAppenderDaemon] INFO  server.GrpcLogAppender (GrpcLogAppender.java:installSnapshot(541)) - omNode-1@group-523986131536->omNode-2-GrpcLogAppender: followerNextIndex = 57 but logStartIndex = 59, notify follower to install snapshot-(t:6, i:59)
2022-09-29 01:23:46,113 [omNode-1@group-523986131536->omNode-2-GrpcLogAppender-LogAppenderDaemon] INFO  server.GrpcLogAppender (GrpcLogAppender.java:installSnapshot(549)) - omNode-1@group-523986131536->omNode-2-GrpcLogAppender: send omNode-1->omNode-2#0-t6,notify:(t:6, i:59)
2022-09-29 01:23:46,114 [omNode-2-server-thread1] INFO  server.RaftServer$Division (RaftServerImpl.java:checkInconsistentAppendEntries(1402)) - omNode-2@group-523986131536: Failed appendEntries as snapshot (59) installation is in progress
2022-09-29 01:23:46,114 [omNode-2-server-thread1] INFO  server.RaftServer$Division (RaftServerImpl.java:checkInconsistentAppendEntries(1394)) - omNode-2@group-523986131536: inconsistency entries. Reply:omNode-1<-omNode-2#671:FAIL-t6,INCONSISTENCY,nextIndex=57,followerCommit=56
2022-09-29 01:23:46,114 [grpc-default-executor-0] INFO  impl.SnapshotInstallationHandler (SnapshotInstallationHandler.java:installSnapshot(84)) - omNode-2@group-523986131536: receive installSnapshot: omNode-1->omNode-2#0-t6,notify:(t:6, i:59)
2022-09-29 01:23:46,114 [grpc-default-executor-0] INFO  impl.SnapshotInstallationHandler (SnapshotInstallationHandler.java:installSnapshot(95)) - omNode-2@group-523986131536: reply installSnapshot: omNode-1<-omNode-2#0:FAIL-t6,IN_PROGRESS
2022-09-29 01:23:46,114 [grpc-default-executor-0] INFO  server.GrpcServerProtocolService (GrpcServerProtocolService.java:onCompleted(140)) - omNode-2: Completed INSTALL_SNAPSHOT, lastRequest: omNode-1->omNode-2#0-t6,notify:(t:6, i:59)
2022-09-29 01:23:46,115 [grpc-default-executor-0] INFO  leader.FollowerInfo (FollowerInfoImpl.java:lambda$new$0(48)) - omNode-1@group-523986131536->omNode-2: nextIndex: updateUnconditionally 57 -> 57
2022-09-29 01:23:46,115 [grpc-default-executor-0] INFO  server.GrpcLogAppender (GrpcLogAppender.java:onNext(403)) - omNode-1@group-523986131536->omNode-2-InstallSnapshotResponseHandler: received a reply omNode-1<-omNode-2#0:FAIL-t6,IN_PROGRESS
2022-09-29 01:23:46,115 [grpc-default-executor-0] INFO  server.GrpcLogAppender (GrpcLogAppender.java:onNext(421)) - omNode-1@group-523986131536->omNode-2-InstallSnapshotResponseHandler: InstallSnapshot in progress.
2022-09-29 01:23:46,115 [omNode-1@group-523986131536->omNode-2-GrpcLogAppender-LogAppenderDaemon] INFO  server.GrpcLogAppender (GrpcLogAppender.java:installSnapshot(541)) - omNode-1@group-523986131536->omNode-2-GrpcLogAppender: followerNextIndex = 57 but logStartIndex = 59, notify follower to install snapshot-(t:6, i:59)
2022-09-29 01:23:46,115 [omNode-1@group-523986131536->omNode-2-GrpcLogAppender-LogAppenderDaemon] INFO  server.GrpcLogAppender (GrpcLogAppender.java:installSnapshot(549)) - omNode-1@group-523986131536->omNode-2-GrpcLogAppender: send omNode-1->omNode-2#0-t6,notify:(t:6, i:59)
2022-09-29 01:23:46,120 [omNode-2-server-thread1] INFO  server.RaftServer$Division (RaftServerImpl.java:checkInconsistentAppendEntries(1402)) - omNode-2@group-523986131536: Failed appendEntries as snapshot (59) installation is in progress
2022-09-29 01:23:46,120 [grpc-default-executor-0] INFO  impl.SnapshotInstallationHandler (SnapshotInstallationHandler.java:installSnapshot(84)) - omNode-2@group-523986131536: receive installSnapshot: omNode-1->omNode-2#0-t6,notify:(t:6, i:59)
2022-09-29 01:23:46,123 [Listener at localhost/41255] INFO  server.RaftServer (RaftServerProxy.java:lambda$start$6(382)) - omNode-3: start RPC server
2022-09-29 01:23:46,120 [omNode-2-server-thread1] INFO  server.RaftServer$Division (RaftServerImpl.java:checkInconsistentAppendEntries(1394)) - omNode-2@group-523986131536: inconsistency entries. Reply:omNode-1<-omNode-2#672:FAIL-t6,INCONSISTENCY,nextIndex=57,followerCommit=56
2022-09-29 01:23:46,126 [Listener at localhost/41255] INFO  server.GrpcService (GrpcService.java:startImpl(260)) - omNode-3: GrpcService started, listening on 45481
2022-09-29 01:23:46,128 [Listener at localhost/41255] INFO  om.OzoneManager (OzoneManager.java:getRpcServer(1099)) - Creating RPC Server
2022-09-29 01:23:46,129 [org.apache.ratis.util.JvmPauseMonitor$$Lambda$699/1983328127@3771a8dc] INFO  util.JvmPauseMonitor (JvmPauseMonitor.java:run(103)) - JvmPauseMonitor-omNode-3: Started
2022-09-29 01:23:46,130 [grpc-default-executor-1] INFO  leader.FollowerInfo (FollowerInfoImpl.java:lambda$new$0(48)) - omNode-1@group-523986131536->omNode-2: nextIndex: updateUnconditionally 57 -> 57
2022-09-29 01:23:46,143 [grpc-default-executor-0] INFO  impl.SnapshotInstallationHandler (SnapshotInstallationHandler.java:installSnapshot(95)) - omNode-2@group-523986131536: reply installSnapshot: omNode-1<-omNode-2#0:FAIL-t6,IN_PROGRESS
2022-09-29 01:23:46,144 [grpc-default-executor-0] INFO  server.GrpcServerProtocolService (GrpcServerProtocolService.java:onCompleted(140)) - omNode-2: Completed INSTALL_SNAPSHOT, lastRequest: omNode-1->omNode-2#0-t6,notify:(t:6, i:59)
2022-09-29 01:23:46,144 [grpc-default-executor-0] INFO  server.GrpcLogAppender (GrpcLogAppender.java:onNext(403)) - omNode-1@group-523986131536->omNode-2-InstallSnapshotResponseHandler: received a reply omNode-1<-omNode-2#0:FAIL-t6,IN_PROGRESS
2022-09-29 01:23:46,144 [grpc-default-executor-0] INFO  server.GrpcLogAppender (GrpcLogAppender.java:onNext(421)) - omNode-1@group-523986131536->omNode-2-InstallSnapshotResponseHandler: InstallSnapshot in progress.
2022-09-29 01:23:46,145 [omNode-1@group-523986131536->omNode-2-GrpcLogAppender-LogAppenderDaemon] INFO  server.GrpcLogAppender (GrpcLogAppender.java:installSnapshot(541)) - omNode-1@group-523986131536->omNode-2-GrpcLogAppender: followerNextIndex = 57 but logStartIndex = 59, notify follower to install snapshot-(t:6, i:59)
2022-09-29 01:23:46,145 [omNode-1@group-523986131536->omNode-2-GrpcLogAppender-LogAppenderDaemon] INFO  server.GrpcLogAppender (GrpcLogAppender.java:installSnapshot(549)) - omNode-1@group-523986131536->omNode-2-GrpcLogAppender: send omNode-1->omNode-2#0-t6,notify:(t:6, i:59)
2022-09-29 01:23:46,145 [omNode-2-server-thread1] INFO  server.RaftServer$Division (RaftServerImpl.java:checkInconsistentAppendEntries(1402)) - omNode-2@group-523986131536: Failed appendEntries as snapshot (59) installation is in progress
2022-09-29 01:23:46,145 [omNode-2-server-thread1] INFO  server.RaftServer$Division (RaftServerImpl.java:checkInconsistentAppendEntries(1394)) - omNode-2@group-523986131536: inconsistency entries. Reply:omNode-1<-omNode-2#673:FAIL-t6,INCONSISTENCY,nextIndex=57,followerCommit=56
2022-09-29 01:23:46,148 [grpc-default-executor-1] INFO  impl.SnapshotInstallationHandler (SnapshotInstallationHandler.java:installSnapshot(84)) - omNode-2@group-523986131536: receive installSnapshot: omNode-1->omNode-2#0-t6,notify:(t:6, i:59)
2022-09-29 01:23:46,148 [grpc-default-executor-1] INFO  impl.SnapshotInstallationHandler (SnapshotInstallationHandler.java:installSnapshot(95)) - omNode-2@group-523986131536: reply installSnapshot: omNode-1<-omNode-2#0:FAIL-t6,IN_PROGRESS
2022-09-29 01:23:46,148 [grpc-default-executor-1] INFO  server.GrpcServerProtocolService (GrpcServerProtocolService.java:onCompleted(140)) - omNode-2: Completed INSTALL_SNAPSHOT, lastRequest: omNode-1->omNode-2#0-t6,notify:(t:6, i:59)
2022-09-29 01:23:46,149 [grpc-default-executor-2] INFO  server.GrpcLogAppender (GrpcLogAppender.java:onNext(403)) - omNode-1@group-523986131536->omNode-2-InstallSnapshotResponseHandler: received a reply omNode-1<-omNode-2#0:FAIL-t6,IN_PROGRESS
2022-09-29 01:23:46,149 [grpc-default-executor-2] INFO  server.GrpcLogAppender (GrpcLogAppender.java:onNext(421)) - omNode-1@group-523986131536->omNode-2-InstallSnapshotResponseHandler: InstallSnapshot in progress.
2022-09-29 01:23:46,149 [omNode-1@group-523986131536->omNode-2-GrpcLogAppender-LogAppenderDaemon] INFO  server.GrpcLogAppender (GrpcLogAppender.java:installSnapshot(541)) - omNode-1@group-523986131536->omNode-2-GrpcLogAppender: followerNextIndex = 57 but logStartIndex = 59, notify follower to install snapshot-(t:6, i:59)
2022-09-29 01:23:46,149 [omNode-1@group-523986131536->omNode-2-GrpcLogAppender-LogAppenderDaemon] INFO  server.GrpcLogAppender (GrpcLogAppender.java:installSnapshot(549)) - omNode-1@group-523986131536->omNode-2-GrpcLogAppender: send omNode-1->omNode-2#0-t6,notify:(t:6, i:59)
2022-09-29 01:23:46,149 [grpc-default-executor-1] INFO  leader.FollowerInfo (FollowerInfoImpl.java:lambda$new$0(48)) - omNode-1@group-523986131536->omNode-2: nextIndex: updateUnconditionally 57 -> 57
2022-09-29 01:23:46,150 [omNode-2-server-thread1] INFO  server.RaftServer$Division (RaftServerImpl.java:checkInconsistentAppendEntries(1402)) - omNode-2@group-523986131536: Failed appendEntries as snapshot (59) installation is in progress
2022-09-29 01:23:46,150 [grpc-default-executor-1] INFO  impl.SnapshotInstallationHandler (SnapshotInstallationHandler.java:installSnapshot(84)) - omNode-2@group-523986131536: receive installSnapshot: omNode-1->omNode-2#0-t6,notify:(t:6, i:59)
2022-09-29 01:23:46,150 [omNode-2-server-thread1] INFO  server.RaftServer$Division (RaftServerImpl.java:checkInconsistentAppendEntries(1394)) - omNode-2@group-523986131536: inconsistency entries. Reply:omNode-1<-omNode-2#674:FAIL-t6,INCONSISTENCY,nextIndex=57,followerCommit=56
2022-09-29 01:23:46,150 [grpc-default-executor-1] INFO  impl.SnapshotInstallationHandler (SnapshotInstallationHandler.java:installSnapshot(95)) - omNode-2@group-523986131536: reply installSnapshot: omNode-1<-omNode-2#0:FAIL-t6,IN_PROGRESS
2022-09-29 01:23:46,150 [grpc-default-executor-1] INFO  server.GrpcServerProtocolService (GrpcServerProtocolService.java:onCompleted(140)) - omNode-2: Completed INSTALL_SNAPSHOT, lastRequest: omNode-1->omNode-2#0-t6,notify:(t:6, i:59)
2022-09-29 01:23:46,151 [grpc-default-executor-2] INFO  leader.FollowerInfo (FollowerInfoImpl.java:lambda$new$0(48)) - omNode-1@group-523986131536->omNode-2: nextIndex: updateUnconditionally 57 -> 57
2022-09-29 01:23:46,151 [grpc-default-executor-0] INFO  server.GrpcLogAppender (GrpcLogAppender.java:onNext(403)) - omNode-1@group-523986131536->omNode-2-InstallSnapshotResponseHandler: received a reply omNode-1<-omNode-2#0:FAIL-t6,IN_PROGRESS
2022-09-29 01:23:46,151 [grpc-default-executor-0] INFO  server.GrpcLogAppender (GrpcLogAppender.java:onNext(421)) - omNode-1@group-523986131536->omNode-2-InstallSnapshotResponseHandler: InstallSnapshot in progress.
2022-09-29 01:23:46,151 [omNode-1@group-523986131536->omNode-2-GrpcLogAppender-LogAppenderDaemon] INFO  server.GrpcLogAppender (GrpcLogAppender.java:installSnapshot(541)) - omNode-1@group-523986131536->omNode-2-GrpcLogAppender: followerNextIndex = 57 but logStartIndex = 59, notify follower to install snapshot-(t:6, i:59)
2022-09-29 01:23:46,151 [omNode-1@group-523986131536->omNode-2-GrpcLogAppender-LogAppenderDaemon] INFO  server.GrpcLogAppender (GrpcLogAppender.java:installSnapshot(549)) - omNode-1@group-523986131536->omNode-2-GrpcLogAppender: send omNode-1->omNode-2#0-t6,notify:(t:6, i:59)
2022-09-29 01:23:46,152 [omNode-2-server-thread1] INFO  server.RaftServer$Division (RaftServerImpl.java:checkInconsistentAppendEntries(1402)) - omNode-2@group-523986131536: Failed appendEntries as snapshot (59) installation is in progress
2022-09-29 01:23:46,152 [omNode-2-server-thread1] INFO  server.RaftServer$Division (RaftServerImpl.java:checkInconsistentAppendEntries(1394)) - omNode-2@group-523986131536: inconsistency entries. Reply:omNode-1<-omNode-2#675:FAIL-t6,INCONSISTENCY,nextIndex=57,followerCommit=56
2022-09-29 01:23:46,153 [grpc-default-executor-1] INFO  impl.SnapshotInstallationHandler (SnapshotInstallationHandler.java:installSnapshot(84)) - omNode-2@group-523986131536: receive installSnapshot: omNode-1->omNode-2#0-t6,notify:(t:6, i:59)
2022-09-29 01:23:46,153 [grpc-default-executor-1] INFO  impl.SnapshotInstallationHandler (SnapshotInstallationHandler.java:installSnapshot(95)) - omNode-2@group-523986131536: reply installSnapshot: omNode-1<-omNode-2#0:FAIL-t6,IN_PROGRESS
2022-09-29 01:23:46,153 [grpc-default-executor-1] INFO  server.GrpcServerProtocolService (GrpcServerProtocolService.java:onCompleted(140)) - omNode-2: Completed INSTALL_SNAPSHOT, lastRequest: omNode-1->omNode-2#0-t6,notify:(t:6, i:59)
2022-09-29 01:23:46,153 [grpc-default-executor-0] INFO  server.GrpcLogAppender (GrpcLogAppender.java:onNext(403)) - omNode-1@group-523986131536->omNode-2-InstallSnapshotResponseHandler: received a reply omNode-1<-omNode-2#0:FAIL-t6,IN_PROGRESS
2022-09-29 01:23:46,154 [grpc-default-executor-0] INFO  server.GrpcLogAppender (GrpcLogAppender.java:onNext(421)) - omNode-1@group-523986131536->omNode-2-InstallSnapshotResponseHandler: InstallSnapshot in progress.
2022-09-29 01:23:46,154 [grpc-default-executor-1] INFO  leader.FollowerInfo (FollowerInfoImpl.java:lambda$new$0(48)) - omNode-1@group-523986131536->omNode-2: nextIndex: updateUnconditionally 57 -> 57
2022-09-29 01:23:46,154 [omNode-1@group-523986131536->omNode-2-GrpcLogAppender-LogAppenderDaemon] INFO  server.GrpcLogAppender (GrpcLogAppender.java:installSnapshot(541)) - omNode-1@group-523986131536->omNode-2-GrpcLogAppender: followerNextIndex = 57 but logStartIndex = 59, notify follower to install snapshot-(t:6, i:59)
2022-09-29 01:23:46,154 [omNode-1@group-523986131536->omNode-2-GrpcLogAppender-LogAppenderDaemon] INFO  server.GrpcLogAppender (GrpcLogAppender.java:installSnapshot(549)) - omNode-1@group-523986131536->omNode-2-GrpcLogAppender: send omNode-1->omNode-2#0-t6,notify:(t:6, i:59)
2022-09-29 01:23:46,157 [omNode-2-server-thread1] INFO  server.RaftServer$Division (RaftServerImpl.java:checkInconsistentAppendEntries(1402)) - omNode-2@group-523986131536: Failed appendEntries as snapshot (59) installation is in progress
2022-09-29 01:23:46,157 [omNode-2-server-thread1] INFO  server.RaftServer$Division (RaftServerImpl.java:checkInconsistentAppendEntries(1394)) - omNode-2@group-523986131536: inconsistency entries. Reply:omNode-1<-omNode-2#676:FAIL-t6,INCONSISTENCY,nextIndex=57,followerCommit=56
2022-09-29 01:23:46,157 [grpc-default-executor-0] INFO  impl.SnapshotInstallationHandler (SnapshotInstallationHandler.java:installSnapshot(84)) - omNode-2@group-523986131536: receive installSnapshot: omNode-1->omNode-2#0-t6,notify:(t:6, i:59)
2022-09-29 01:23:46,157 [grpc-default-executor-0] INFO  impl.SnapshotInstallationHandler (SnapshotInstallationHandler.java:installSnapshot(95)) - omNode-2@group-523986131536: reply installSnapshot: omNode-1<-omNode-2#0:FAIL-t6,IN_PROGRESS
2022-09-29 01:23:46,157 [grpc-default-executor-0] INFO  server.GrpcServerProtocolService (GrpcServerProtocolService.java:onCompleted(140)) - omNode-2: Completed INSTALL_SNAPSHOT, lastRequest: omNode-1->omNode-2#0-t6,notify:(t:6, i:59)
2022-09-29 01:23:46,157 [grpc-default-executor-0] INFO  leader.FollowerInfo (FollowerInfoImpl.java:lambda$new$0(48)) - omNode-1@group-523986131536->omNode-2: nextIndex: updateUnconditionally 57 -> 57
2022-09-29 01:23:46,158 [grpc-default-executor-1] INFO  server.GrpcLogAppender (GrpcLogAppender.java:onNext(403)) - omNode-1@group-523986131536->omNode-2-InstallSnapshotResponseHandler: received a reply omNode-1<-omNode-2#0:FAIL-t6,IN_PROGRESS
2022-09-29 01:23:46,158 [grpc-default-executor-1] INFO  server.GrpcLogAppender (GrpcLogAppender.java:onNext(421)) - omNode-1@group-523986131536->omNode-2-InstallSnapshotResponseHandler: InstallSnapshot in progress.
2022-09-29 01:23:46,158 [omNode-1@group-523986131536->omNode-2-GrpcLogAppender-LogAppenderDaemon] INFO  server.GrpcLogAppender (GrpcLogAppender.java:installSnapshot(541)) - omNode-1@group-523986131536->omNode-2-GrpcLogAppender: followerNextIndex = 57 but logStartIndex = 59, notify follower to install snapshot-(t:6, i:59)
2022-09-29 01:23:46,158 [omNode-1@group-523986131536->omNode-2-GrpcLogAppender-LogAppenderDaemon] INFO  server.GrpcLogAppender (GrpcLogAppender.java:installSnapshot(549)) - omNode-1@group-523986131536->omNode-2-GrpcLogAppender: send omNode-1->omNode-2#0-t6,notify:(t:6, i:59)
2022-09-29 01:23:46,159 [omNode-2-server-thread1] INFO  server.RaftServer$Division (RaftServerImpl.java:checkInconsistentAppendEntries(1402)) - omNode-2@group-523986131536: Failed appendEntries as snapshot (59) installation is in progress
2022-09-29 01:23:46,159 [omNode-2-server-thread1] INFO  server.RaftServer$Division (RaftServerImpl.java:checkInconsistentAppendEntries(1394)) - omNode-2@group-523986131536: inconsistency entries. Reply:omNode-1<-omNode-2#677:FAIL-t6,INCONSISTENCY,nextIndex=57,followerCommit=56
2022-09-29 01:23:46,159 [grpc-default-executor-1] INFO  impl.SnapshotInstallationHandler (SnapshotInstallationHandler.java:installSnapshot(84)) - omNode-2@group-523986131536: receive installSnapshot: omNode-1->omNode-2#0-t6,notify:(t:6, i:59)
2022-09-29 01:23:46,159 [grpc-default-executor-1] INFO  impl.SnapshotInstallationHandler (SnapshotInstallationHandler.java:installSnapshot(95)) - omNode-2@group-523986131536: reply installSnapshot: omNode-1<-omNode-2#0:FAIL-t6,IN_PROGRESS
2022-09-29 01:23:46,159 [grpc-default-executor-1] INFO  server.GrpcServerProtocolService (GrpcServerProtocolService.java:onCompleted(140)) - omNode-2: Completed INSTALL_SNAPSHOT, lastRequest: omNode-1->omNode-2#0-t6,notify:(t:6, i:59)
2022-09-29 01:23:46,160 [grpc-default-executor-0] INFO  server.GrpcLogAppender (GrpcLogAppender.java:onNext(403)) - omNode-1@group-523986131536->omNode-2-InstallSnapshotResponseHandler: received a reply omNode-1<-omNode-2#0:FAIL-t6,IN_PROGRESS
2022-09-29 01:23:46,160 [grpc-default-executor-0] INFO  server.GrpcLogAppender (GrpcLogAppender.java:onNext(421)) - omNode-1@group-523986131536->omNode-2-InstallSnapshotResponseHandler: InstallSnapshot in progress.
2022-09-29 01:23:46,160 [omNode-1@group-523986131536->omNode-2-GrpcLogAppender-LogAppenderDaemon] INFO  server.GrpcLogAppender (GrpcLogAppender.java:installSnapshot(541)) - omNode-1@group-523986131536->omNode-2-GrpcLogAppender: followerNextIndex = 57 but logStartIndex = 59, notify follower to install snapshot-(t:6, i:59)
2022-09-29 01:23:46,160 [omNode-1@group-523986131536->omNode-2-GrpcLogAppender-LogAppenderDaemon] INFO  server.GrpcLogAppender (GrpcLogAppender.java:installSnapshot(549)) - omNode-1@group-523986131536->omNode-2-GrpcLogAppender: send omNode-1->omNode-2#0-t6,notify:(t:6, i:59)
2022-09-29 01:23:46,160 [grpc-default-executor-1] INFO  leader.FollowerInfo (FollowerInfoImpl.java:lambda$new$0(48)) - omNode-1@group-523986131536->omNode-2: nextIndex: updateUnconditionally 57 -> 57
2022-09-29 01:23:46,161 [omNode-2-server-thread1] INFO  server.RaftServer$Division (RaftServerImpl.java:checkInconsistentAppendEntries(1402)) - omNode-2@group-523986131536: Failed appendEntries as snapshot (59) installation is in progress
2022-09-29 01:23:46,161 [omNode-2-server-thread1] INFO  server.RaftServer$Division (RaftServerImpl.java:checkInconsistentAppendEntries(1394)) - omNode-2@group-523986131536: inconsistency entries. Reply:omNode-1<-omNode-2#678:FAIL-t6,INCONSISTENCY,nextIndex=57,followerCommit=56
2022-09-29 01:23:46,161 [grpc-default-executor-1] INFO  impl.SnapshotInstallationHandler (SnapshotInstallationHandler.java:installSnapshot(84)) - omNode-2@group-523986131536: receive installSnapshot: omNode-1->omNode-2#0-t6,notify:(t:6, i:59)
2022-09-29 01:23:46,161 [grpc-default-executor-1] INFO  impl.SnapshotInstallationHandler (SnapshotInstallationHandler.java:installSnapshot(95)) - omNode-2@group-523986131536: reply installSnapshot: omNode-1<-omNode-2#0:FAIL-t6,IN_PROGRESS
2022-09-29 01:23:46,161 [grpc-default-executor-1] INFO  server.GrpcServerProtocolService (GrpcServerProtocolService.java:onCompleted(140)) - omNode-2: Completed INSTALL_SNAPSHOT, lastRequest: omNode-1->omNode-2#0-t6,notify:(t:6, i:59)
2022-09-29 01:23:46,162 [grpc-default-executor-2] INFO  server.GrpcLogAppender (GrpcLogAppender.java:onNext(403)) - omNode-1@group-523986131536->omNode-2-InstallSnapshotResponseHandler: received a reply omNode-1<-omNode-2#0:FAIL-t6,IN_PROGRESS
2022-09-29 01:23:46,162 [grpc-default-executor-2] INFO  server.GrpcLogAppender (GrpcLogAppender.java:onNext(421)) - omNode-1@group-523986131536->omNode-2-InstallSnapshotResponseHandler: InstallSnapshot in progress.
2022-09-29 01:23:46,162 [grpc-default-executor-0] INFO  leader.FollowerInfo (FollowerInfoImpl.java:lambda$new$0(48)) - omNode-1@group-523986131536->omNode-2: nextIndex: updateUnconditionally 57 -> 57
2022-09-29 01:23:46,162 [omNode-1@group-523986131536->omNode-2-GrpcLogAppender-LogAppenderDaemon] INFO  server.GrpcLogAppender (GrpcLogAppender.java:installSnapshot(541)) - omNode-1@group-523986131536->omNode-2-GrpcLogAppender: followerNextIndex = 57 but logStartIndex = 59, notify follower to install snapshot-(t:6, i:59)
2022-09-29 01:23:46,162 [omNode-1@group-523986131536->omNode-2-GrpcLogAppender-LogAppenderDaemon] INFO  server.GrpcLogAppender (GrpcLogAppender.java:installSnapshot(549)) - omNode-1@group-523986131536->omNode-2-GrpcLogAppender: send omNode-1->omNode-2#0-t6,notify:(t:6, i:59)
2022-09-29 01:23:46,163 [omNode-2-server-thread1] INFO  server.RaftServer$Division (RaftServerImpl.java:checkInconsistentAppendEntries(1402)) - omNode-2@group-523986131536: Failed appendEntries as snapshot (59) installation is in progress
2022-09-29 01:23:46,163 [omNode-2-server-thread1] INFO  server.RaftServer$Division (RaftServerImpl.java:checkInconsistentAppendEntries(1394)) - omNode-2@group-523986131536: inconsistency entries. Reply:omNode-1<-omNode-2#679:FAIL-t6,INCONSISTENCY,nextIndex=57,followerCommit=56
2022-09-29 01:23:46,163 [grpc-default-executor-1] INFO  impl.SnapshotInstallationHandler (SnapshotInstallationHandler.java:installSnapshot(84)) - omNode-2@group-523986131536: receive installSnapshot: omNode-1->omNode-2#0-t6,notify:(t:6, i:59)
2022-09-29 01:23:46,163 [grpc-default-executor-1] INFO  impl.SnapshotInstallationHandler (SnapshotInstallationHandler.java:installSnapshot(95)) - omNode-2@group-523986131536: reply installSnapshot: omNode-1<-omNode-2#0:FAIL-t6,IN_PROGRESS
2022-09-29 01:23:46,163 [grpc-default-executor-1] INFO  server.GrpcServerProtocolService (GrpcServerProtocolService.java:onCompleted(140)) - omNode-2: Completed INSTALL_SNAPSHOT, lastRequest: omNode-1->omNode-2#0-t6,notify:(t:6, i:59)
2022-09-29 01:23:46,164 [grpc-default-executor-2] INFO  server.GrpcLogAppender (GrpcLogAppender.java:onNext(403)) - omNode-1@group-523986131536->omNode-2-InstallSnapshotResponseHandler: received a reply omNode-1<-omNode-2#0:FAIL-t6,IN_PROGRESS
2022-09-29 01:23:46,164 [grpc-default-executor-2] INFO  server.GrpcLogAppender (GrpcLogAppender.java:onNext(421)) - omNode-1@group-523986131536->omNode-2-InstallSnapshotResponseHandler: InstallSnapshot in progress.
2022-09-29 01:23:46,164 [grpc-default-executor-0] INFO  leader.FollowerInfo (FollowerInfoImpl.java:lambda$new$0(48)) - omNode-1@group-523986131536->omNode-2: nextIndex: updateUnconditionally 57 -> 57
2022-09-29 01:23:46,164 [omNode-1@group-523986131536->omNode-2-GrpcLogAppender-LogAppenderDaemon] INFO  server.GrpcLogAppender (GrpcLogAppender.java:installSnapshot(541)) - omNode-1@group-523986131536->omNode-2-GrpcLogAppender: followerNextIndex = 57 but logStartIndex = 59, notify follower to install snapshot-(t:6, i:59)
2022-09-29 01:23:46,164 [omNode-1@group-523986131536->omNode-2-GrpcLogAppender-LogAppenderDaemon] INFO  server.GrpcLogAppender (GrpcLogAppender.java:installSnapshot(549)) - omNode-1@group-523986131536->omNode-2-GrpcLogAppender: send omNode-1->omNode-2#0-t6,notify:(t:6, i:59)
2022-09-29 01:23:46,165 [omNode-2-server-thread1] INFO  server.RaftServer$Division (RaftServerImpl.java:checkInconsistentAppendEntries(1402)) - omNode-2@group-523986131536: Failed appendEntries as snapshot (59) installation is in progress
2022-09-29 01:23:46,165 [omNode-2-server-thread1] INFO  server.RaftServer$Division (RaftServerImpl.java:checkInconsistentAppendEntries(1394)) - omNode-2@group-523986131536: inconsistency entries. Reply:omNode-1<-omNode-2#680:FAIL-t6,INCONSISTENCY,nextIndex=57,followerCommit=56
2022-09-29 01:23:46,170 [grpc-default-executor-2] INFO  impl.SnapshotInstallationHandler (SnapshotInstallationHandler.java:installSnapshot(84)) - omNode-2@group-523986131536: receive installSnapshot: omNode-1->omNode-2#0-t6,notify:(t:6, i:59)
2022-09-29 01:23:46,171 [grpc-default-executor-2] INFO  impl.SnapshotInstallationHandler (SnapshotInstallationHandler.java:installSnapshot(95)) - omNode-2@group-523986131536: reply installSnapshot: omNode-1<-omNode-2#0:FAIL-t6,IN_PROGRESS
2022-09-29 01:23:46,171 [grpc-default-executor-2] INFO  server.GrpcServerProtocolService (GrpcServerProtocolService.java:onCompleted(140)) - omNode-2: Completed INSTALL_SNAPSHOT, lastRequest: omNode-1->omNode-2#0-t6,notify:(t:6, i:59)
2022-09-29 01:23:46,171 [grpc-default-executor-2] INFO  leader.FollowerInfo (FollowerInfoImpl.java:lambda$new$0(48)) - omNode-1@group-523986131536->omNode-2: nextIndex: updateUnconditionally 57 -> 57
2022-09-29 01:23:46,171 [grpc-default-executor-1] INFO  server.GrpcLogAppender (GrpcLogAppender.java:onNext(403)) - omNode-1@group-523986131536->omNode-2-InstallSnapshotResponseHandler: received a reply omNode-1<-omNode-2#0:FAIL-t6,IN_PROGRESS
2022-09-29 01:23:46,171 [grpc-default-executor-1] INFO  server.GrpcLogAppender (GrpcLogAppender.java:onNext(421)) - omNode-1@group-523986131536->omNode-2-InstallSnapshotResponseHandler: InstallSnapshot in progress.
2022-09-29 01:23:46,172 [omNode-1@group-523986131536->omNode-2-GrpcLogAppender-LogAppenderDaemon] INFO  server.GrpcLogAppender (GrpcLogAppender.java:installSnapshot(541)) - omNode-1@group-523986131536->omNode-2-GrpcLogAppender: followerNextIndex = 57 but logStartIndex = 59, notify follower to install snapshot-(t:6, i:59)
2022-09-29 01:23:46,172 [omNode-1@group-523986131536->omNode-2-GrpcLogAppender-LogAppenderDaemon] INFO  server.GrpcLogAppender (GrpcLogAppender.java:installSnapshot(549)) - omNode-1@group-523986131536->omNode-2-GrpcLogAppender: send omNode-1->omNode-2#0-t6,notify:(t:6, i:59)
2022-09-29 01:23:46,172 [omNode-2-server-thread1] INFO  server.RaftServer$Division (RaftServerImpl.java:checkInconsistentAppendEntries(1402)) - omNode-2@group-523986131536: Failed appendEntries as snapshot (59) installation is in progress
2022-09-29 01:23:46,172 [omNode-2-server-thread1] INFO  server.RaftServer$Division (RaftServerImpl.java:checkInconsistentAppendEntries(1394)) - omNode-2@group-523986131536: inconsistency entries. Reply:omNode-1<-omNode-2#681:FAIL-t6,INCONSISTENCY,nextIndex=57,followerCommit=56
2022-09-29 01:23:46,173 [grpc-default-executor-1] INFO  impl.SnapshotInstallationHandler (SnapshotInstallationHandler.java:installSnapshot(84)) - omNode-2@group-523986131536: receive installSnapshot: omNode-1->omNode-2#0-t6,notify:(t:6, i:59)
2022-09-29 01:23:46,173 [grpc-default-executor-1] INFO  impl.SnapshotInstallationHandler (SnapshotInstallationHandler.java:installSnapshot(95)) - omNode-2@group-523986131536: reply installSnapshot: omNode-1<-omNode-2#0:FAIL-t6,IN_PROGRESS
2022-09-29 01:23:46,173 [grpc-default-executor-1] INFO  server.GrpcServerProtocolService (GrpcServerProtocolService.java:onCompleted(140)) - omNode-2: Completed INSTALL_SNAPSHOT, lastRequest: omNode-1->omNode-2#0-t6,notify:(t:6, i:59)
2022-09-29 01:23:46,173 [grpc-default-executor-1] INFO  leader.FollowerInfo (FollowerInfoImpl.java:lambda$new$0(48)) - omNode-1@group-523986131536->omNode-2: nextIndex: updateUnconditionally 57 -> 57
2022-09-29 01:23:46,174 [grpc-default-executor-1] INFO  server.GrpcLogAppender (GrpcLogAppender.java:onNext(403)) - omNode-1@group-523986131536->omNode-2-InstallSnapshotResponseHandler: received a reply omNode-1<-omNode-2#0:FAIL-t6,IN_PROGRESS
2022-09-29 01:23:46,174 [grpc-default-executor-1] INFO  server.GrpcLogAppender (GrpcLogAppender.java:onNext(421)) - omNode-1@group-523986131536->omNode-2-InstallSnapshotResponseHandler: InstallSnapshot in progress.
2022-09-29 01:23:46,174 [omNode-1@group-523986131536->omNode-2-GrpcLogAppender-LogAppenderDaemon] INFO  server.GrpcLogAppender (GrpcLogAppender.java:installSnapshot(541)) - omNode-1@group-523986131536->omNode-2-GrpcLogAppender: followerNextIndex = 57 but logStartIndex = 59, notify follower to install snapshot-(t:6, i:59)
2022-09-29 01:23:46,174 [omNode-1@group-523986131536->omNode-2-GrpcLogAppender-LogAppenderDaemon] INFO  server.GrpcLogAppender (GrpcLogAppender.java:installSnapshot(549)) - omNode-1@group-523986131536->omNode-2-GrpcLogAppender: send omNode-1->omNode-2#0-t6,notify:(t:6, i:59)
2022-09-29 01:23:46,175 [omNode-2-server-thread1] INFO  server.RaftServer$Division (RaftServerImpl.java:checkInconsistentAppendEntries(1402)) - omNode-2@group-523986131536: Failed appendEntries as snapshot (59) installation is in progress
2022-09-29 01:23:46,175 [omNode-2-server-thread1] INFO  server.RaftServer$Division (RaftServerImpl.java:checkInconsistentAppendEntries(1394)) - omNode-2@group-523986131536: inconsistency entries. Reply:omNode-1<-omNode-2#682:FAIL-t6,INCONSISTENCY,nextIndex=57,followerCommit=56
2022-09-29 01:23:46,175 [grpc-default-executor-2] INFO  impl.SnapshotInstallationHandler (SnapshotInstallationHandler.java:installSnapshot(84)) - omNode-2@group-523986131536: receive installSnapshot: omNode-1->omNode-2#0-t6,notify:(t:6, i:59)
2022-09-29 01:23:46,175 [grpc-default-executor-2] INFO  impl.SnapshotInstallationHandler (SnapshotInstallationHandler.java:installSnapshot(95)) - omNode-2@group-523986131536: reply installSnapshot: omNode-1<-omNode-2#0:FAIL-t6,IN_PROGRESS
2022-09-29 01:23:46,175 [grpc-default-executor-2] INFO  server.GrpcServerProtocolService (GrpcServerProtocolService.java:onCompleted(140)) - omNode-2: Completed INSTALL_SNAPSHOT, lastRequest: omNode-1->omNode-2#0-t6,notify:(t:6, i:59)
2022-09-29 01:23:46,175 [grpc-default-executor-2] INFO  server.GrpcLogAppender (GrpcLogAppender.java:onNext(403)) - omNode-1@group-523986131536->omNode-2-InstallSnapshotResponseHandler: received a reply omNode-1<-omNode-2#0:FAIL-t6,IN_PROGRESS
2022-09-29 01:23:46,176 [grpc-default-executor-2] INFO  server.GrpcLogAppender (GrpcLogAppender.java:onNext(421)) - omNode-1@group-523986131536->omNode-2-InstallSnapshotResponseHandler: InstallSnapshot in progress.
2022-09-29 01:23:46,176 [grpc-default-executor-1] INFO  leader.FollowerInfo (FollowerInfoImpl.java:lambda$new$0(48)) - omNode-1@group-523986131536->omNode-2: nextIndex: updateUnconditionally 57 -> 57
2022-09-29 01:23:46,176 [omNode-1@group-523986131536->omNode-2-GrpcLogAppender-LogAppenderDaemon] INFO  server.GrpcLogAppender (GrpcLogAppender.java:installSnapshot(541)) - omNode-1@group-523986131536->omNode-2-GrpcLogAppender: followerNextIndex = 57 but logStartIndex = 59, notify follower to install snapshot-(t:6, i:59)
2022-09-29 01:23:46,176 [omNode-1@group-523986131536->omNode-2-GrpcLogAppender-LogAppenderDaemon] INFO  server.GrpcLogAppender (GrpcLogAppender.java:installSnapshot(549)) - omNode-1@group-523986131536->omNode-2-GrpcLogAppender: send omNode-1->omNode-2#0-t6,notify:(t:6, i:59)
2022-09-29 01:23:46,177 [omNode-2-server-thread1] INFO  server.RaftServer$Division (RaftServerImpl.java:checkInconsistentAppendEntries(1402)) - omNode-2@group-523986131536: Failed appendEntries as snapshot (59) installation is in progress
2022-09-29 01:23:46,177 [omNode-2-server-thread1] INFO  server.RaftServer$Division (RaftServerImpl.java:checkInconsistentAppendEntries(1394)) - omNode-2@group-523986131536: inconsistency entries. Reply:omNode-1<-omNode-2#683:FAIL-t6,INCONSISTENCY,nextIndex=57,followerCommit=56
2022-09-29 01:23:46,177 [grpc-default-executor-1] INFO  impl.SnapshotInstallationHandler (SnapshotInstallationHandler.java:installSnapshot(84)) - omNode-2@group-523986131536: receive installSnapshot: omNode-1->omNode-2#0-t6,notify:(t:6, i:59)
2022-09-29 01:23:46,177 [grpc-default-executor-1] INFO  impl.SnapshotInstallationHandler (SnapshotInstallationHandler.java:installSnapshot(95)) - omNode-2@group-523986131536: reply installSnapshot: omNode-1<-omNode-2#0:FAIL-t6,IN_PROGRESS
2022-09-29 01:23:46,177 [grpc-default-executor-1] INFO  server.GrpcServerProtocolService (GrpcServerProtocolService.java:onCompleted(140)) - omNode-2: Completed INSTALL_SNAPSHOT, lastRequest: omNode-1->omNode-2#0-t6,notify:(t:6, i:59)
2022-09-29 01:23:46,178 [grpc-default-executor-2] INFO  leader.FollowerInfo (FollowerInfoImpl.java:lambda$new$0(48)) - omNode-1@group-523986131536->omNode-2: nextIndex: updateUnconditionally 57 -> 57
2022-09-29 01:23:46,178 [grpc-default-executor-2] INFO  server.GrpcLogAppender (GrpcLogAppender.java:onNext(403)) - omNode-1@group-523986131536->omNode-2-InstallSnapshotResponseHandler: received a reply omNode-1<-omNode-2#0:FAIL-t6,IN_PROGRESS
2022-09-29 01:23:46,178 [grpc-default-executor-2] INFO  server.GrpcLogAppender (GrpcLogAppender.java:onNext(421)) - omNode-1@group-523986131536->omNode-2-InstallSnapshotResponseHandler: InstallSnapshot in progress.
2022-09-29 01:23:46,178 [omNode-1@group-523986131536->omNode-2-GrpcLogAppender-LogAppenderDaemon] INFO  server.GrpcLogAppender (GrpcLogAppender.java:installSnapshot(541)) - omNode-1@group-523986131536->omNode-2-GrpcLogAppender: followerNextIndex = 57 but logStartIndex = 59, notify follower to install snapshot-(t:6, i:59)
2022-09-29 01:23:46,178 [omNode-1@group-523986131536->omNode-2-GrpcLogAppender-LogAppenderDaemon] INFO  server.GrpcLogAppender (GrpcLogAppender.java:installSnapshot(549)) - omNode-1@group-523986131536->omNode-2-GrpcLogAppender: send omNode-1->omNode-2#0-t6,notify:(t:6, i:59)
2022-09-29 01:23:46,179 [omNode-2-server-thread1] INFO  server.RaftServer$Division (RaftServerImpl.java:checkInconsistentAppendEntries(1402)) - omNode-2@group-523986131536: Failed appendEntries as snapshot (59) installation is in progress
2022-09-29 01:23:46,179 [omNode-2-server-thread1] INFO  server.RaftServer$Division (RaftServerImpl.java:checkInconsistentAppendEntries(1394)) - omNode-2@group-523986131536: inconsistency entries. Reply:omNode-1<-omNode-2#684:FAIL-t6,INCONSISTENCY,nextIndex=57,followerCommit=56
2022-09-29 01:23:46,179 [grpc-default-executor-1] INFO  impl.SnapshotInstallationHandler (SnapshotInstallationHandler.java:installSnapshot(84)) - omNode-2@group-523986131536: receive installSnapshot: omNode-1->omNode-2#0-t6,notify:(t:6, i:59)
2022-09-29 01:23:46,179 [grpc-default-executor-1] INFO  impl.SnapshotInstallationHandler (SnapshotInstallationHandler.java:installSnapshot(95)) - omNode-2@group-523986131536: reply installSnapshot: omNode-1<-omNode-2#0:FAIL-t6,IN_PROGRESS
2022-09-29 01:23:46,179 [grpc-default-executor-1] INFO  server.GrpcServerProtocolService (GrpcServerProtocolService.java:onCompleted(140)) - omNode-2: Completed INSTALL_SNAPSHOT, lastRequest: omNode-1->omNode-2#0-t6,notify:(t:6, i:59)
2022-09-29 01:23:46,180 [grpc-default-executor-1] INFO  leader.FollowerInfo (FollowerInfoImpl.java:lambda$new$0(48)) - omNode-1@group-523986131536->omNode-2: nextIndex: updateUnconditionally 57 -> 57
2022-09-29 01:23:46,180 [grpc-default-executor-0] INFO  server.GrpcLogAppender (GrpcLogAppender.java:onNext(403)) - omNode-1@group-523986131536->omNode-2-InstallSnapshotResponseHandler: received a reply omNode-1<-omNode-2#0:FAIL-t6,IN_PROGRESS
2022-09-29 01:23:46,180 [grpc-default-executor-0] INFO  server.GrpcLogAppender (GrpcLogAppender.java:onNext(421)) - omNode-1@group-523986131536->omNode-2-InstallSnapshotResponseHandler: InstallSnapshot in progress.
2022-09-29 01:23:46,180 [omNode-1@group-523986131536->omNode-2-GrpcLogAppender-LogAppenderDaemon] INFO  server.GrpcLogAppender (GrpcLogAppender.java:installSnapshot(541)) - omNode-1@group-523986131536->omNode-2-GrpcLogAppender: followerNextIndex = 57 but logStartIndex = 59, notify follower to install snapshot-(t:6, i:59)
2022-09-29 01:23:46,180 [omNode-1@group-523986131536->omNode-2-GrpcLogAppender-LogAppenderDaemon] INFO  server.GrpcLogAppender (GrpcLogAppender.java:installSnapshot(549)) - omNode-1@group-523986131536->omNode-2-GrpcLogAppender: send omNode-1->omNode-2#0-t6,notify:(t:6, i:59)
2022-09-29 01:23:46,181 [omNode-2-server-thread1] INFO  server.RaftServer$Division (RaftServerImpl.java:checkInconsistentAppendEntries(1402)) - omNode-2@group-523986131536: Failed appendEntries as snapshot (59) installation is in progress
2022-09-29 01:23:46,181 [omNode-2-server-thread1] INFO  server.RaftServer$Division (RaftServerImpl.java:checkInconsistentAppendEntries(1394)) - omNode-2@group-523986131536: inconsistency entries. Reply:omNode-1<-omNode-2#685:FAIL-t6,INCONSISTENCY,nextIndex=57,followerCommit=56
2022-09-29 01:23:46,181 [grpc-default-executor-1] INFO  impl.SnapshotInstallationHandler (SnapshotInstallationHandler.java:installSnapshot(84)) - omNode-2@group-523986131536: receive installSnapshot: omNode-1->omNode-2#0-t6,notify:(t:6, i:59)
2022-09-29 01:23:46,182 [grpc-default-executor-1] INFO  impl.SnapshotInstallationHandler (SnapshotInstallationHandler.java:installSnapshot(95)) - omNode-2@group-523986131536: reply installSnapshot: omNode-1<-omNode-2#0:FAIL-t6,IN_PROGRESS
2022-09-29 01:23:46,182 [grpc-default-executor-1] INFO  server.GrpcServerProtocolService (GrpcServerProtocolService.java:onCompleted(140)) - omNode-2: Completed INSTALL_SNAPSHOT, lastRequest: omNode-1->omNode-2#0-t6,notify:(t:6, i:59)
2022-09-29 01:23:46,182 [grpc-default-executor-0] INFO  leader.FollowerInfo (FollowerInfoImpl.java:lambda$new$0(48)) - omNode-1@group-523986131536->omNode-2: nextIndex: updateUnconditionally 57 -> 57
2022-09-29 01:23:46,182 [grpc-default-executor-0] INFO  server.GrpcLogAppender (GrpcLogAppender.java:onNext(403)) - omNode-1@group-523986131536->omNode-2-InstallSnapshotResponseHandler: received a reply omNode-1<-omNode-2#0:FAIL-t6,IN_PROGRESS
2022-09-29 01:23:46,182 [grpc-default-executor-0] INFO  server.GrpcLogAppender (GrpcLogAppender.java:onNext(421)) - omNode-1@group-523986131536->omNode-2-InstallSnapshotResponseHandler: InstallSnapshot in progress.
2022-09-29 01:23:46,183 [omNode-1@group-523986131536->omNode-2-GrpcLogAppender-LogAppenderDaemon] INFO  server.GrpcLogAppender (GrpcLogAppender.java:installSnapshot(541)) - omNode-1@group-523986131536->omNode-2-GrpcLogAppender: followerNextIndex = 57 but logStartIndex = 59, notify follower to install snapshot-(t:6, i:59)
2022-09-29 01:23:46,183 [omNode-1@group-523986131536->omNode-2-GrpcLogAppender-LogAppenderDaemon] INFO  server.GrpcLogAppender (GrpcLogAppender.java:installSnapshot(549)) - omNode-1@group-523986131536->omNode-2-GrpcLogAppender: send omNode-1->omNode-2#0-t6,notify:(t:6, i:59)
2022-09-29 01:23:46,183 [omNode-2-server-thread1] INFO  server.RaftServer$Division (RaftServerImpl.java:checkInconsistentAppendEntries(1402)) - omNode-2@group-523986131536: Failed appendEntries as snapshot (59) installation is in progress
2022-09-29 01:23:46,183 [omNode-2-server-thread1] INFO  server.RaftServer$Division (RaftServerImpl.java:checkInconsistentAppendEntries(1394)) - omNode-2@group-523986131536: inconsistency entries. Reply:omNode-1<-omNode-2#686:FAIL-t6,INCONSISTENCY,nextIndex=57,followerCommit=56
2022-09-29 01:23:46,183 [grpc-default-executor-2] INFO  impl.SnapshotInstallationHandler (SnapshotInstallationHandler.java:installSnapshot(84)) - omNode-2@group-523986131536: receive installSnapshot: omNode-1->omNode-2#0-t6,notify:(t:6, i:59)
2022-09-29 01:23:46,184 [grpc-default-executor-2] INFO  impl.SnapshotInstallationHandler (SnapshotInstallationHandler.java:installSnapshot(95)) - omNode-2@group-523986131536: reply installSnapshot: omNode-1<-omNode-2#0:FAIL-t6,IN_PROGRESS
2022-09-29 01:23:46,184 [grpc-default-executor-2] INFO  server.GrpcServerProtocolService (GrpcServerProtocolService.java:onCompleted(140)) - omNode-2: Completed INSTALL_SNAPSHOT, lastRequest: omNode-1->omNode-2#0-t6,notify:(t:6, i:59)
2022-09-29 01:23:46,184 [grpc-default-executor-0] INFO  leader.FollowerInfo (FollowerInfoImpl.java:lambda$new$0(48)) - omNode-1@group-523986131536->omNode-2: nextIndex: updateUnconditionally 57 -> 57
2022-09-29 01:23:46,184 [grpc-default-executor-0] INFO  server.GrpcLogAppender (GrpcLogAppender.java:onNext(403)) - omNode-1@group-523986131536->omNode-2-InstallSnapshotResponseHandler: received a reply omNode-1<-omNode-2#0:FAIL-t6,IN_PROGRESS
2022-09-29 01:23:46,184 [grpc-default-executor-0] INFO  server.GrpcLogAppender (GrpcLogAppender.java:onNext(421)) - omNode-1@group-523986131536->omNode-2-InstallSnapshotResponseHandler: InstallSnapshot in progress.
2022-09-29 01:23:46,185 [omNode-1@group-523986131536->omNode-2-GrpcLogAppender-LogAppenderDaemon] INFO  server.GrpcLogAppender (GrpcLogAppender.java:installSnapshot(541)) - omNode-1@group-523986131536->omNode-2-GrpcLogAppender: followerNextIndex = 57 but logStartIndex = 59, notify follower to install snapshot-(t:6, i:59)
2022-09-29 01:23:46,185 [omNode-1@group-523986131536->omNode-2-GrpcLogAppender-LogAppenderDaemon] INFO  server.GrpcLogAppender (GrpcLogAppender.java:installSnapshot(549)) - omNode-1@group-523986131536->omNode-2-GrpcLogAppender: send omNode-1->omNode-2#0-t6,notify:(t:6, i:59)
2022-09-29 01:23:46,187 [omNode-2-server-thread1] INFO  server.RaftServer$Division (RaftServerImpl.java:checkInconsistentAppendEntries(1402)) - omNode-2@group-523986131536: Failed appendEntries as snapshot (59) installation is in progress
2022-09-29 01:23:46,187 [omNode-2-server-thread1] INFO  server.RaftServer$Division (RaftServerImpl.java:checkInconsistentAppendEntries(1394)) - omNode-2@group-523986131536: inconsistency entries. Reply:omNode-1<-omNode-2#687:FAIL-t6,INCONSISTENCY,nextIndex=57,followerCommit=56
2022-09-29 01:23:46,187 [grpc-default-executor-2] INFO  impl.SnapshotInstallationHandler (SnapshotInstallationHandler.java:installSnapshot(84)) - omNode-2@group-523986131536: receive installSnapshot: omNode-1->omNode-2#0-t6,notify:(t:6, i:59)
2022-09-29 01:23:46,188 [grpc-default-executor-2] INFO  impl.SnapshotInstallationHandler (SnapshotInstallationHandler.java:installSnapshot(95)) - omNode-2@group-523986131536: reply installSnapshot: omNode-1<-omNode-2#0:FAIL-t6,IN_PROGRESS
2022-09-29 01:23:46,188 [grpc-default-executor-2] INFO  server.GrpcServerProtocolService (GrpcServerProtocolService.java:onCompleted(140)) - omNode-2: Completed INSTALL_SNAPSHOT, lastRequest: omNode-1->omNode-2#0-t6,notify:(t:6, i:59)
2022-09-29 01:23:46,188 [grpc-default-executor-0] INFO  leader.FollowerInfo (FollowerInfoImpl.java:lambda$new$0(48)) - omNode-1@group-523986131536->omNode-2: nextIndex: updateUnconditionally 57 -> 57
2022-09-29 01:23:46,188 [grpc-default-executor-0] INFO  server.GrpcLogAppender (GrpcLogAppender.java:onNext(403)) - omNode-1@group-523986131536->omNode-2-InstallSnapshotResponseHandler: received a reply omNode-1<-omNode-2#0:FAIL-t6,IN_PROGRESS
2022-09-29 01:23:46,188 [grpc-default-executor-0] INFO  server.GrpcLogAppender (GrpcLogAppender.java:onNext(421)) - omNode-1@group-523986131536->omNode-2-InstallSnapshotResponseHandler: InstallSnapshot in progress.
2022-09-29 01:23:46,188 [omNode-1@group-523986131536->omNode-2-GrpcLogAppender-LogAppenderDaemon] INFO  server.GrpcLogAppender (GrpcLogAppender.java:installSnapshot(541)) - omNode-1@group-523986131536->omNode-2-GrpcLogAppender: followerNextIndex = 57 but logStartIndex = 59, notify follower to install snapshot-(t:6, i:59)
2022-09-29 01:23:46,189 [omNode-1@group-523986131536->omNode-2-GrpcLogAppender-LogAppenderDaemon] INFO  server.GrpcLogAppender (GrpcLogAppender.java:installSnapshot(549)) - omNode-1@group-523986131536->omNode-2-GrpcLogAppender: send omNode-1->omNode-2#0-t6,notify:(t:6, i:59)
2022-09-29 01:23:46,189 [omNode-2-server-thread1] INFO  server.RaftServer$Division (RaftServerImpl.java:checkInconsistentAppendEntries(1402)) - omNode-2@group-523986131536: Failed appendEntries as snapshot (59) installation is in progress
2022-09-29 01:23:46,189 [omNode-2-server-thread1] INFO  server.RaftServer$Division (RaftServerImpl.java:checkInconsistentAppendEntries(1394)) - omNode-2@group-523986131536: inconsistency entries. Reply:omNode-1<-omNode-2#688:FAIL-t6,INCONSISTENCY,nextIndex=57,followerCommit=56
2022-09-29 01:23:46,189 [grpc-default-executor-2] INFO  impl.SnapshotInstallationHandler (SnapshotInstallationHandler.java:installSnapshot(84)) - omNode-2@group-523986131536: receive installSnapshot: omNode-1->omNode-2#0-t6,notify:(t:6, i:59)
2022-09-29 01:23:46,190 [grpc-default-executor-2] INFO  impl.SnapshotInstallationHandler (SnapshotInstallationHandler.java:installSnapshot(95)) - omNode-2@group-523986131536: reply installSnapshot: omNode-1<-omNode-2#0:FAIL-t6,IN_PROGRESS
2022-09-29 01:23:46,190 [grpc-default-executor-2] INFO  server.GrpcServerProtocolService (GrpcServerProtocolService.java:onCompleted(140)) - omNode-2: Completed INSTALL_SNAPSHOT, lastRequest: omNode-1->omNode-2#0-t6,notify:(t:6, i:59)
2022-09-29 01:23:46,190 [grpc-default-executor-0] INFO  leader.FollowerInfo (FollowerInfoImpl.java:lambda$new$0(48)) - omNode-1@group-523986131536->omNode-2: nextIndex: updateUnconditionally 57 -> 57
2022-09-29 01:23:46,190 [grpc-default-executor-0] INFO  server.GrpcLogAppender (GrpcLogAppender.java:onNext(403)) - omNode-1@group-523986131536->omNode-2-InstallSnapshotResponseHandler: received a reply omNode-1<-omNode-2#0:FAIL-t6,IN_PROGRESS
2022-09-29 01:23:46,190 [grpc-default-executor-0] INFO  server.GrpcLogAppender (GrpcLogAppender.java:onNext(421)) - omNode-1@group-523986131536->omNode-2-InstallSnapshotResponseHandler: InstallSnapshot in progress.
2022-09-29 01:23:46,191 [omNode-1@group-523986131536->omNode-2-GrpcLogAppender-LogAppenderDaemon] INFO  server.GrpcLogAppender (GrpcLogAppender.java:installSnapshot(541)) - omNode-1@group-523986131536->omNode-2-GrpcLogAppender: followerNextIndex = 57 but logStartIndex = 59, notify follower to install snapshot-(t:6, i:59)
2022-09-29 01:23:46,191 [omNode-1@group-523986131536->omNode-2-GrpcLogAppender-LogAppenderDaemon] INFO  server.GrpcLogAppender (GrpcLogAppender.java:installSnapshot(549)) - omNode-1@group-523986131536->omNode-2-GrpcLogAppender: send omNode-1->omNode-2#0-t6,notify:(t:6, i:59)
2022-09-29 01:23:46,191 [omNode-2-server-thread1] INFO  server.RaftServer$Division (RaftServerImpl.java:checkInconsistentAppendEntries(1402)) - omNode-2@group-523986131536: Failed appendEntries as snapshot (59) installation is in progress
2022-09-29 01:23:46,191 [omNode-2-server-thread1] INFO  server.RaftServer$Division (RaftServerImpl.java:checkInconsistentAppendEntries(1394)) - omNode-2@group-523986131536: inconsistency entries. Reply:omNode-1<-omNode-2#689:FAIL-t6,INCONSISTENCY,nextIndex=57,followerCommit=56
2022-09-29 01:23:46,192 [grpc-default-executor-1] INFO  impl.SnapshotInstallationHandler (SnapshotInstallationHandler.java:installSnapshot(84)) - omNode-2@group-523986131536: receive installSnapshot: omNode-1->omNode-2#0-t6,notify:(t:6, i:59)
2022-09-29 01:23:46,192 [grpc-default-executor-1] INFO  impl.SnapshotInstallationHandler (SnapshotInstallationHandler.java:installSnapshot(95)) - omNode-2@group-523986131536: reply installSnapshot: omNode-1<-omNode-2#0:FAIL-t6,IN_PROGRESS
2022-09-29 01:23:46,192 [grpc-default-executor-1] INFO  server.GrpcServerProtocolService (GrpcServerProtocolService.java:onCompleted(140)) - omNode-2: Completed INSTALL_SNAPSHOT, lastRequest: omNode-1->omNode-2#0-t6,notify:(t:6, i:59)
2022-09-29 01:23:46,192 [grpc-default-executor-0] INFO  leader.FollowerInfo (FollowerInfoImpl.java:lambda$new$0(48)) - omNode-1@group-523986131536->omNode-2: nextIndex: updateUnconditionally 57 -> 57
2022-09-29 01:23:46,192 [grpc-default-executor-0] INFO  server.GrpcLogAppender (GrpcLogAppender.java:onNext(403)) - omNode-1@group-523986131536->omNode-2-InstallSnapshotResponseHandler: received a reply omNode-1<-omNode-2#0:FAIL-t6,IN_PROGRESS
2022-09-29 01:23:46,192 [grpc-default-executor-0] INFO  server.GrpcLogAppender (GrpcLogAppender.java:onNext(421)) - omNode-1@group-523986131536->omNode-2-InstallSnapshotResponseHandler: InstallSnapshot in progress.
2022-09-29 01:23:46,193 [omNode-1@group-523986131536->omNode-2-GrpcLogAppender-LogAppenderDaemon] INFO  server.GrpcLogAppender (GrpcLogAppender.java:installSnapshot(541)) - omNode-1@group-523986131536->omNode-2-GrpcLogAppender: followerNextIndex = 57 but logStartIndex = 59, notify follower to install snapshot-(t:6, i:59)
2022-09-29 01:23:46,193 [omNode-1@group-523986131536->omNode-2-GrpcLogAppender-LogAppenderDaemon] INFO  server.GrpcLogAppender (GrpcLogAppender.java:installSnapshot(549)) - omNode-1@group-523986131536->omNode-2-GrpcLogAppender: send omNode-1->omNode-2#0-t6,notify:(t:6, i:59)
2022-09-29 01:23:46,193 [omNode-2-server-thread1] INFO  server.RaftServer$Division (RaftServerImpl.java:checkInconsistentAppendEntries(1402)) - omNode-2@group-523986131536: Failed appendEntries as snapshot (59) installation is in progress
2022-09-29 01:23:46,193 [omNode-2-server-thread1] INFO  server.RaftServer$Division (RaftServerImpl.java:checkInconsistentAppendEntries(1394)) - omNode-2@group-523986131536: inconsistency entries. Reply:omNode-1<-omNode-2#690:FAIL-t6,INCONSISTENCY,nextIndex=57,followerCommit=56
2022-09-29 01:23:46,194 [grpc-default-executor-2] INFO  impl.SnapshotInstallationHandler (SnapshotInstallationHandler.java:installSnapshot(84)) - omNode-2@group-523986131536: receive installSnapshot: omNode-1->omNode-2#0-t6,notify:(t:6, i:59)
2022-09-29 01:23:46,194 [grpc-default-executor-2] INFO  impl.SnapshotInstallationHandler (SnapshotInstallationHandler.java:installSnapshot(95)) - omNode-2@group-523986131536: reply installSnapshot: omNode-1<-omNode-2#0:FAIL-t6,IN_PROGRESS
2022-09-29 01:23:46,194 [grpc-default-executor-2] INFO  server.GrpcServerProtocolService (GrpcServerProtocolService.java:onCompleted(140)) - omNode-2: Completed INSTALL_SNAPSHOT, lastRequest: omNode-1->omNode-2#0-t6,notify:(t:6, i:59)
2022-09-29 01:23:46,194 [grpc-default-executor-0] INFO  leader.FollowerInfo (FollowerInfoImpl.java:lambda$new$0(48)) - omNode-1@group-523986131536->omNode-2: nextIndex: updateUnconditionally 57 -> 57
2022-09-29 01:23:46,194 [grpc-default-executor-0] INFO  server.GrpcLogAppender (GrpcLogAppender.java:onNext(403)) - omNode-1@group-523986131536->omNode-2-InstallSnapshotResponseHandler: received a reply omNode-1<-omNode-2#0:FAIL-t6,IN_PROGRESS
2022-09-29 01:23:46,195 [grpc-default-executor-0] INFO  server.GrpcLogAppender (GrpcLogAppender.java:onNext(421)) - omNode-1@group-523986131536->omNode-2-InstallSnapshotResponseHandler: InstallSnapshot in progress.
2022-09-29 01:23:46,195 [omNode-1@group-523986131536->omNode-2-GrpcLogAppender-LogAppenderDaemon] INFO  server.GrpcLogAppender (GrpcLogAppender.java:installSnapshot(541)) - omNode-1@group-523986131536->omNode-2-GrpcLogAppender: followerNextIndex = 57 but logStartIndex = 59, notify follower to install snapshot-(t:6, i:59)
2022-09-29 01:23:46,195 [omNode-1@group-523986131536->omNode-2-GrpcLogAppender-LogAppenderDaemon] INFO  server.GrpcLogAppender (GrpcLogAppender.java:installSnapshot(549)) - omNode-1@group-523986131536->omNode-2-GrpcLogAppender: send omNode-1->omNode-2#0-t6,notify:(t:6, i:59)
2022-09-29 01:23:46,195 [omNode-2-server-thread1] INFO  server.RaftServer$Division (RaftServerImpl.java:checkInconsistentAppendEntries(1402)) - omNode-2@group-523986131536: Failed appendEntries as snapshot (59) installation is in progress
2022-09-29 01:23:46,195 [omNode-2-server-thread1] INFO  server.RaftServer$Division (RaftServerImpl.java:checkInconsistentAppendEntries(1394)) - omNode-2@group-523986131536: inconsistency entries. Reply:omNode-1<-omNode-2#691:FAIL-t6,INCONSISTENCY,nextIndex=57,followerCommit=56
2022-09-29 01:23:46,196 [grpc-default-executor-2] INFO  impl.SnapshotInstallationHandler (SnapshotInstallationHandler.java:installSnapshot(84)) - omNode-2@group-523986131536: receive installSnapshot: omNode-1->omNode-2#0-t6,notify:(t:6, i:59)
2022-09-29 01:23:46,196 [grpc-default-executor-2] INFO  impl.SnapshotInstallationHandler (SnapshotInstallationHandler.java:installSnapshot(95)) - omNode-2@group-523986131536: reply installSnapshot: omNode-1<-omNode-2#0:FAIL-t6,IN_PROGRESS
2022-09-29 01:23:46,196 [grpc-default-executor-2] INFO  server.GrpcServerProtocolService (GrpcServerProtocolService.java:onCompleted(140)) - omNode-2: Completed INSTALL_SNAPSHOT, lastRequest: omNode-1->omNode-2#0-t6,notify:(t:6, i:59)
2022-09-29 01:23:46,204 [grpc-default-executor-0] INFO  leader.FollowerInfo (FollowerInfoImpl.java:lambda$new$0(48)) - omNode-1@group-523986131536->omNode-2: nextIndex: updateUnconditionally 57 -> 57
2022-09-29 01:23:46,204 [grpc-default-executor-0] INFO  server.GrpcLogAppender (GrpcLogAppender.java:onNext(403)) - omNode-1@group-523986131536->omNode-2-InstallSnapshotResponseHandler: received a reply omNode-1<-omNode-2#0:FAIL-t6,IN_PROGRESS
2022-09-29 01:23:46,204 [grpc-default-executor-0] INFO  server.GrpcLogAppender (GrpcLogAppender.java:onNext(421)) - omNode-1@group-523986131536->omNode-2-InstallSnapshotResponseHandler: InstallSnapshot in progress.
2022-09-29 01:23:46,204 [omNode-1@group-523986131536->omNode-2-GrpcLogAppender-LogAppenderDaemon] INFO  server.GrpcLogAppender (GrpcLogAppender.java:installSnapshot(541)) - omNode-1@group-523986131536->omNode-2-GrpcLogAppender: followerNextIndex = 57 but logStartIndex = 59, notify follower to install snapshot-(t:6, i:59)
2022-09-29 01:23:46,204 [omNode-1@group-523986131536->omNode-2-GrpcLogAppender-LogAppenderDaemon] INFO  server.GrpcLogAppender (GrpcLogAppender.java:installSnapshot(549)) - omNode-1@group-523986131536->omNode-2-GrpcLogAppender: send omNode-1->omNode-2#0-t6,notify:(t:6, i:59)
2022-09-29 01:23:46,205 [omNode-2-server-thread1] INFO  server.RaftServer$Division (RaftServerImpl.java:checkInconsistentAppendEntries(1402)) - omNode-2@group-523986131536: Failed appendEntries as snapshot (59) installation is in progress
2022-09-29 01:23:46,205 [omNode-2-server-thread1] INFO  server.RaftServer$Division (RaftServerImpl.java:checkInconsistentAppendEntries(1394)) - omNode-2@group-523986131536: inconsistency entries. Reply:omNode-1<-omNode-2#692:FAIL-t6,INCONSISTENCY,nextIndex=57,followerCommit=56
2022-09-29 01:23:46,205 [grpc-default-executor-2] INFO  impl.SnapshotInstallationHandler (SnapshotInstallationHandler.java:installSnapshot(84)) - omNode-2@group-523986131536: receive installSnapshot: omNode-1->omNode-2#0-t6,notify:(t:6, i:59)
2022-09-29 01:23:46,205 [grpc-default-executor-2] INFO  impl.SnapshotInstallationHandler (SnapshotInstallationHandler.java:installSnapshot(95)) - omNode-2@group-523986131536: reply installSnapshot: omNode-1<-omNode-2#0:FAIL-t6,IN_PROGRESS
2022-09-29 01:23:46,206 [grpc-default-executor-2] INFO  server.GrpcServerProtocolService (GrpcServerProtocolService.java:onCompleted(140)) - omNode-2: Completed INSTALL_SNAPSHOT, lastRequest: omNode-1->omNode-2#0-t6,notify:(t:6, i:59)
2022-09-29 01:23:46,206 [grpc-default-executor-0] INFO  leader.FollowerInfo (FollowerInfoImpl.java:lambda$new$0(48)) - omNode-1@group-523986131536->omNode-2: nextIndex: updateUnconditionally 57 -> 57
2022-09-29 01:23:46,207 [grpc-default-executor-0] INFO  server.GrpcLogAppender (GrpcLogAppender.java:onNext(403)) - omNode-1@group-523986131536->omNode-2-InstallSnapshotResponseHandler: received a reply omNode-1<-omNode-2#0:FAIL-t6,IN_PROGRESS
2022-09-29 01:23:46,209 [grpc-default-executor-0] INFO  server.GrpcLogAppender (GrpcLogAppender.java:onNext(421)) - omNode-1@group-523986131536->omNode-2-InstallSnapshotResponseHandler: InstallSnapshot in progress.
2022-09-29 01:23:46,210 [omNode-1@group-523986131536->omNode-2-GrpcLogAppender-LogAppenderDaemon] INFO  server.GrpcLogAppender (GrpcLogAppender.java:installSnapshot(541)) - omNode-1@group-523986131536->omNode-2-GrpcLogAppender: followerNextIndex = 57 but logStartIndex = 59, notify follower to install snapshot-(t:6, i:59)
2022-09-29 01:23:46,210 [omNode-1@group-523986131536->omNode-2-GrpcLogAppender-LogAppenderDaemon] INFO  server.GrpcLogAppender (GrpcLogAppender.java:installSnapshot(549)) - omNode-1@group-523986131536->omNode-2-GrpcLogAppender: send omNode-1->omNode-2#0-t6,notify:(t:6, i:59)
2022-09-29 01:23:46,210 [omNode-2-server-thread1] INFO  server.RaftServer$Division (RaftServerImpl.java:checkInconsistentAppendEntries(1402)) - omNode-2@group-523986131536: Failed appendEntries as snapshot (59) installation is in progress
2022-09-29 01:23:46,210 [omNode-2-server-thread1] INFO  server.RaftServer$Division (RaftServerImpl.java:checkInconsistentAppendEntries(1394)) - omNode-2@group-523986131536: inconsistency entries. Reply:omNode-1<-omNode-2#693:FAIL-t6,INCONSISTENCY,nextIndex=57,followerCommit=56
2022-09-29 01:23:46,211 [grpc-default-executor-1] INFO  impl.SnapshotInstallationHandler (SnapshotInstallationHandler.java:installSnapshot(84)) - omNode-2@group-523986131536: receive installSnapshot: omNode-1->omNode-2#0-t6,notify:(t:6, i:59)
2022-09-29 01:23:46,211 [grpc-default-executor-1] INFO  impl.SnapshotInstallationHandler (SnapshotInstallationHandler.java:installSnapshot(95)) - omNode-2@group-523986131536: reply installSnapshot: omNode-1<-omNode-2#0:FAIL-t6,IN_PROGRESS
2022-09-29 01:23:46,211 [grpc-default-executor-1] INFO  server.GrpcServerProtocolService (GrpcServerProtocolService.java:onCompleted(140)) - omNode-2: Completed INSTALL_SNAPSHOT, lastRequest: omNode-1->omNode-2#0-t6,notify:(t:6, i:59)
2022-09-29 01:23:46,214 [grpc-default-executor-0] INFO  leader.FollowerInfo (FollowerInfoImpl.java:lambda$new$0(48)) - omNode-1@group-523986131536->omNode-2: nextIndex: updateUnconditionally 57 -> 57
2022-09-29 01:23:46,214 [grpc-default-executor-0] INFO  server.GrpcLogAppender (GrpcLogAppender.java:onNext(403)) - omNode-1@group-523986131536->omNode-2-InstallSnapshotResponseHandler: received a reply omNode-1<-omNode-2#0:FAIL-t6,IN_PROGRESS
2022-09-29 01:23:46,214 [grpc-default-executor-0] INFO  server.GrpcLogAppender (GrpcLogAppender.java:onNext(421)) - omNode-1@group-523986131536->omNode-2-InstallSnapshotResponseHandler: InstallSnapshot in progress.
2022-09-29 01:23:46,215 [omNode-1@group-523986131536->omNode-2-GrpcLogAppender-LogAppenderDaemon] INFO  server.GrpcLogAppender (GrpcLogAppender.java:installSnapshot(541)) - omNode-1@group-523986131536->omNode-2-GrpcLogAppender: followerNextIndex = 57 but logStartIndex = 59, notify follower to install snapshot-(t:6, i:59)
2022-09-29 01:23:46,215 [omNode-1@group-523986131536->omNode-2-GrpcLogAppender-LogAppenderDaemon] INFO  server.GrpcLogAppender (GrpcLogAppender.java:installSnapshot(549)) - omNode-1@group-523986131536->omNode-2-GrpcLogAppender: send omNode-1->omNode-2#0-t6,notify:(t:6, i:59)
2022-09-29 01:23:46,215 [omNode-2-server-thread1] INFO  server.RaftServer$Division (RaftServerImpl.java:checkInconsistentAppendEntries(1402)) - omNode-2@group-523986131536: Failed appendEntries as snapshot (59) installation is in progress
2022-09-29 01:23:46,215 [omNode-2-server-thread1] INFO  server.RaftServer$Division (RaftServerImpl.java:checkInconsistentAppendEntries(1394)) - omNode-2@group-523986131536: inconsistency entries. Reply:omNode-1<-omNode-2#694:FAIL-t6,INCONSISTENCY,nextIndex=57,followerCommit=56
2022-09-29 01:23:46,216 [grpc-default-executor-2] INFO  impl.SnapshotInstallationHandler (SnapshotInstallationHandler.java:installSnapshot(84)) - omNode-2@group-523986131536: receive installSnapshot: omNode-1->omNode-2#0-t6,notify:(t:6, i:59)
2022-09-29 01:23:46,216 [grpc-default-executor-2] INFO  impl.SnapshotInstallationHandler (SnapshotInstallationHandler.java:installSnapshot(95)) - omNode-2@group-523986131536: reply installSnapshot: omNode-1<-omNode-2#0:FAIL-t6,IN_PROGRESS
2022-09-29 01:23:46,216 [grpc-default-executor-2] INFO  server.GrpcServerProtocolService (GrpcServerProtocolService.java:onCompleted(140)) - omNode-2: Completed INSTALL_SNAPSHOT, lastRequest: omNode-1->omNode-2#0-t6,notify:(t:6, i:59)
2022-09-29 01:23:46,216 [grpc-default-executor-0] INFO  leader.FollowerInfo (FollowerInfoImpl.java:lambda$new$0(48)) - omNode-1@group-523986131536->omNode-2: nextIndex: updateUnconditionally 57 -> 57
2022-09-29 01:23:46,217 [grpc-default-executor-0] INFO  server.GrpcLogAppender (GrpcLogAppender.java:onNext(403)) - omNode-1@group-523986131536->omNode-2-InstallSnapshotResponseHandler: received a reply omNode-1<-omNode-2#0:FAIL-t6,IN_PROGRESS
2022-09-29 01:23:46,217 [grpc-default-executor-0] INFO  server.GrpcLogAppender (GrpcLogAppender.java:onNext(421)) - omNode-1@group-523986131536->omNode-2-InstallSnapshotResponseHandler: InstallSnapshot in progress.
2022-09-29 01:23:46,217 [omNode-1@group-523986131536->omNode-2-GrpcLogAppender-LogAppenderDaemon] INFO  server.GrpcLogAppender (GrpcLogAppender.java:installSnapshot(541)) - omNode-1@group-523986131536->omNode-2-GrpcLogAppender: followerNextIndex = 57 but logStartIndex = 59, notify follower to install snapshot-(t:6, i:59)
2022-09-29 01:23:46,217 [omNode-1@group-523986131536->omNode-2-GrpcLogAppender-LogAppenderDaemon] INFO  server.GrpcLogAppender (GrpcLogAppender.java:installSnapshot(549)) - omNode-1@group-523986131536->omNode-2-GrpcLogAppender: send omNode-1->omNode-2#0-t6,notify:(t:6, i:59)
2022-09-29 01:23:46,218 [omNode-2-server-thread1] INFO  server.RaftServer$Division (RaftServerImpl.java:checkInconsistentAppendEntries(1402)) - omNode-2@group-523986131536: Failed appendEntries as snapshot (59) installation is in progress
2022-09-29 01:23:46,218 [omNode-2-server-thread1] INFO  server.RaftServer$Division (RaftServerImpl.java:checkInconsistentAppendEntries(1394)) - omNode-2@group-523986131536: inconsistency entries. Reply:omNode-1<-omNode-2#695:FAIL-t6,INCONSISTENCY,nextIndex=57,followerCommit=56
2022-09-29 01:23:46,218 [grpc-default-executor-2] INFO  impl.SnapshotInstallationHandler (SnapshotInstallationHandler.java:installSnapshot(84)) - omNode-2@group-523986131536: receive installSnapshot: omNode-1->omNode-2#0-t6,notify:(t:6, i:59)
2022-09-29 01:23:46,218 [grpc-default-executor-2] INFO  impl.SnapshotInstallationHandler (SnapshotInstallationHandler.java:installSnapshot(95)) - omNode-2@group-523986131536: reply installSnapshot: omNode-1<-omNode-2#0:FAIL-t6,IN_PROGRESS
2022-09-29 01:23:46,218 [grpc-default-executor-2] INFO  server.GrpcServerProtocolService (GrpcServerProtocolService.java:onCompleted(140)) - omNode-2: Completed INSTALL_SNAPSHOT, lastRequest: omNode-1->omNode-2#0-t6,notify:(t:6, i:59)
2022-09-29 01:23:46,219 [grpc-default-executor-0] INFO  leader.FollowerInfo (FollowerInfoImpl.java:lambda$new$0(48)) - omNode-1@group-523986131536->omNode-2: nextIndex: updateUnconditionally 57 -> 57
2022-09-29 01:23:46,219 [grpc-default-executor-0] INFO  server.GrpcLogAppender (GrpcLogAppender.java:onNext(403)) - omNode-1@group-523986131536->omNode-2-InstallSnapshotResponseHandler: received a reply omNode-1<-omNode-2#0:FAIL-t6,IN_PROGRESS
2022-09-29 01:23:46,219 [grpc-default-executor-0] INFO  server.GrpcLogAppender (GrpcLogAppender.java:onNext(421)) - omNode-1@group-523986131536->omNode-2-InstallSnapshotResponseHandler: InstallSnapshot in progress.
2022-09-29 01:23:46,219 [omNode-1@group-523986131536->omNode-2-GrpcLogAppender-LogAppenderDaemon] INFO  server.GrpcLogAppender (GrpcLogAppender.java:installSnapshot(541)) - omNode-1@group-523986131536->omNode-2-GrpcLogAppender: followerNextIndex = 57 but logStartIndex = 59, notify follower to install snapshot-(t:6, i:59)
2022-09-29 01:23:46,219 [omNode-1@group-523986131536->omNode-2-GrpcLogAppender-LogAppenderDaemon] INFO  server.GrpcLogAppender (GrpcLogAppender.java:installSnapshot(549)) - omNode-1@group-523986131536->omNode-2-GrpcLogAppender: send omNode-1->omNode-2#0-t6,notify:(t:6, i:59)
2022-09-29 01:23:46,220 [omNode-2-server-thread1] INFO  server.RaftServer$Division (RaftServerImpl.java:checkInconsistentAppendEntries(1402)) - omNode-2@group-523986131536: Failed appendEntries as snapshot (59) installation is in progress
2022-09-29 01:23:46,220 [omNode-2-server-thread1] INFO  server.RaftServer$Division (RaftServerImpl.java:checkInconsistentAppendEntries(1394)) - omNode-2@group-523986131536: inconsistency entries. Reply:omNode-1<-omNode-2#696:FAIL-t6,INCONSISTENCY,nextIndex=57,followerCommit=56
2022-09-29 01:23:46,220 [grpc-default-executor-1] INFO  impl.SnapshotInstallationHandler (SnapshotInstallationHandler.java:installSnapshot(84)) - omNode-2@group-523986131536: receive installSnapshot: omNode-1->omNode-2#0-t6,notify:(t:6, i:59)
2022-09-29 01:23:46,220 [grpc-default-executor-1] INFO  impl.SnapshotInstallationHandler (SnapshotInstallationHandler.java:installSnapshot(95)) - omNode-2@group-523986131536: reply installSnapshot: omNode-1<-omNode-2#0:FAIL-t6,IN_PROGRESS
2022-09-29 01:23:46,220 [grpc-default-executor-1] INFO  server.GrpcServerProtocolService (GrpcServerProtocolService.java:onCompleted(140)) - omNode-2: Completed INSTALL_SNAPSHOT, lastRequest: omNode-1->omNode-2#0-t6,notify:(t:6, i:59)
2022-09-29 01:23:46,221 [grpc-default-executor-0] INFO  leader.FollowerInfo (FollowerInfoImpl.java:lambda$new$0(48)) - omNode-1@group-523986131536->omNode-2: nextIndex: updateUnconditionally 57 -> 57
2022-09-29 01:23:46,221 [grpc-default-executor-0] INFO  server.GrpcLogAppender (GrpcLogAppender.java:onNext(403)) - omNode-1@group-523986131536->omNode-2-InstallSnapshotResponseHandler: received a reply omNode-1<-omNode-2#0:FAIL-t6,IN_PROGRESS
2022-09-29 01:23:46,221 [grpc-default-executor-0] INFO  server.GrpcLogAppender (GrpcLogAppender.java:onNext(421)) - omNode-1@group-523986131536->omNode-2-InstallSnapshotResponseHandler: InstallSnapshot in progress.
2022-09-29 01:23:46,221 [omNode-1@group-523986131536->omNode-2-GrpcLogAppender-LogAppenderDaemon] INFO  server.GrpcLogAppender (GrpcLogAppender.java:installSnapshot(541)) - omNode-1@group-523986131536->omNode-2-GrpcLogAppender: followerNextIndex = 57 but logStartIndex = 59, notify follower to install snapshot-(t:6, i:59)
2022-09-29 01:23:46,221 [omNode-1@group-523986131536->omNode-2-GrpcLogAppender-LogAppenderDaemon] INFO  server.GrpcLogAppender (GrpcLogAppender.java:installSnapshot(549)) - omNode-1@group-523986131536->omNode-2-GrpcLogAppender: send omNode-1->omNode-2#0-t6,notify:(t:6, i:59)
2022-09-29 01:23:46,222 [omNode-2-server-thread1] INFO  server.RaftServer$Division (RaftServerImpl.java:checkInconsistentAppendEntries(1402)) - omNode-2@group-523986131536: Failed appendEntries as snapshot (59) installation is in progress
2022-09-29 01:23:46,222 [omNode-2-server-thread1] INFO  server.RaftServer$Division (RaftServerImpl.java:checkInconsistentAppendEntries(1394)) - omNode-2@group-523986131536: inconsistency entries. Reply:omNode-1<-omNode-2#697:FAIL-t6,INCONSISTENCY,nextIndex=57,followerCommit=56
2022-09-29 01:23:46,222 [grpc-default-executor-1] INFO  impl.SnapshotInstallationHandler (SnapshotInstallationHandler.java:installSnapshot(84)) - omNode-2@group-523986131536: receive installSnapshot: omNode-1->omNode-2#0-t6,notify:(t:6, i:59)
2022-09-29 01:23:46,222 [grpc-default-executor-1] INFO  impl.SnapshotInstallationHandler (SnapshotInstallationHandler.java:installSnapshot(95)) - omNode-2@group-523986131536: reply installSnapshot: omNode-1<-omNode-2#0:FAIL-t6,IN_PROGRESS
2022-09-29 01:23:46,222 [grpc-default-executor-1] INFO  server.GrpcServerProtocolService (GrpcServerProtocolService.java:onCompleted(140)) - omNode-2: Completed INSTALL_SNAPSHOT, lastRequest: omNode-1->omNode-2#0-t6,notify:(t:6, i:59)
2022-09-29 01:23:46,223 [grpc-default-executor-0] INFO  leader.FollowerInfo (FollowerInfoImpl.java:lambda$new$0(48)) - omNode-1@group-523986131536->omNode-2: nextIndex: updateUnconditionally 57 -> 57
2022-09-29 01:23:46,223 [grpc-default-executor-0] INFO  server.GrpcLogAppender (GrpcLogAppender.java:onNext(403)) - omNode-1@group-523986131536->omNode-2-InstallSnapshotResponseHandler: received a reply omNode-1<-omNode-2#0:FAIL-t6,IN_PROGRESS
2022-09-29 01:23:46,223 [grpc-default-executor-0] INFO  server.GrpcLogAppender (GrpcLogAppender.java:onNext(421)) - omNode-1@group-523986131536->omNode-2-InstallSnapshotResponseHandler: InstallSnapshot in progress.
2022-09-29 01:23:46,223 [omNode-1@group-523986131536->omNode-2-GrpcLogAppender-LogAppenderDaemon] INFO  server.GrpcLogAppender (GrpcLogAppender.java:installSnapshot(541)) - omNode-1@group-523986131536->omNode-2-GrpcLogAppender: followerNextIndex = 57 but logStartIndex = 59, notify follower to install snapshot-(t:6, i:59)
2022-09-29 01:23:46,223 [omNode-1@group-523986131536->omNode-2-GrpcLogAppender-LogAppenderDaemon] INFO  server.GrpcLogAppender (GrpcLogAppender.java:installSnapshot(549)) - omNode-1@group-523986131536->omNode-2-GrpcLogAppender: send omNode-1->omNode-2#0-t6,notify:(t:6, i:59)
2022-09-29 01:23:46,224 [omNode-2-server-thread1] INFO  server.RaftServer$Division (RaftServerImpl.java:checkInconsistentAppendEntries(1402)) - omNode-2@group-523986131536: Failed appendEntries as snapshot (59) installation is in progress
2022-09-29 01:23:46,224 [omNode-2-server-thread1] INFO  server.RaftServer$Division (RaftServerImpl.java:checkInconsistentAppendEntries(1394)) - omNode-2@group-523986131536: inconsistency entries. Reply:omNode-1<-omNode-2#698:FAIL-t6,INCONSISTENCY,nextIndex=57,followerCommit=56
2022-09-29 01:23:46,224 [grpc-default-executor-1] INFO  impl.SnapshotInstallationHandler (SnapshotInstallationHandler.java:installSnapshot(84)) - omNode-2@group-523986131536: receive installSnapshot: omNode-1->omNode-2#0-t6,notify:(t:6, i:59)
2022-09-29 01:23:46,224 [grpc-default-executor-1] INFO  impl.SnapshotInstallationHandler (SnapshotInstallationHandler.java:installSnapshot(95)) - omNode-2@group-523986131536: reply installSnapshot: omNode-1<-omNode-2#0:FAIL-t6,IN_PROGRESS
2022-09-29 01:23:46,224 [grpc-default-executor-1] INFO  server.GrpcServerProtocolService (GrpcServerProtocolService.java:onCompleted(140)) - omNode-2: Completed INSTALL_SNAPSHOT, lastRequest: omNode-1->omNode-2#0-t6,notify:(t:6, i:59)
2022-09-29 01:23:46,225 [grpc-default-executor-0] INFO  leader.FollowerInfo (FollowerInfoImpl.java:lambda$new$0(48)) - omNode-1@group-523986131536->omNode-2: nextIndex: updateUnconditionally 57 -> 57
2022-09-29 01:23:46,225 [grpc-default-executor-0] INFO  server.GrpcLogAppender (GrpcLogAppender.java:onNext(403)) - omNode-1@group-523986131536->omNode-2-InstallSnapshotResponseHandler: received a reply omNode-1<-omNode-2#0:FAIL-t6,IN_PROGRESS
2022-09-29 01:23:46,225 [grpc-default-executor-0] INFO  server.GrpcLogAppender (GrpcLogAppender.java:onNext(421)) - omNode-1@group-523986131536->omNode-2-InstallSnapshotResponseHandler: InstallSnapshot in progress.
2022-09-29 01:23:46,225 [omNode-1@group-523986131536->omNode-2-GrpcLogAppender-LogAppenderDaemon] INFO  server.GrpcLogAppender (GrpcLogAppender.java:installSnapshot(541)) - omNode-1@group-523986131536->omNode-2-GrpcLogAppender: followerNextIndex = 57 but logStartIndex = 59, notify follower to install snapshot-(t:6, i:59)
2022-09-29 01:23:46,225 [omNode-1@group-523986131536->omNode-2-GrpcLogAppender-LogAppenderDaemon] INFO  server.GrpcLogAppender (GrpcLogAppender.java:installSnapshot(549)) - omNode-1@group-523986131536->omNode-2-GrpcLogAppender: send omNode-1->omNode-2#0-t6,notify:(t:6, i:59)
2022-09-29 01:23:46,226 [omNode-2-server-thread1] INFO  server.RaftServer$Division (RaftServerImpl.java:checkInconsistentAppendEntries(1402)) - omNode-2@group-523986131536: Failed appendEntries as snapshot (59) installation is in progress
2022-09-29 01:23:46,226 [omNode-2-server-thread1] INFO  server.RaftServer$Division (RaftServerImpl.java:checkInconsistentAppendEntries(1394)) - omNode-2@group-523986131536: inconsistency entries. Reply:omNode-1<-omNode-2#699:FAIL-t6,INCONSISTENCY,nextIndex=57,followerCommit=56
2022-09-29 01:23:46,226 [grpc-default-executor-1] INFO  impl.SnapshotInstallationHandler (SnapshotInstallationHandler.java:installSnapshot(84)) - omNode-2@group-523986131536: receive installSnapshot: omNode-1->omNode-2#0-t6,notify:(t:6, i:59)
2022-09-29 01:23:46,226 [grpc-default-executor-1] INFO  impl.SnapshotInstallationHandler (SnapshotInstallationHandler.java:installSnapshot(95)) - omNode-2@group-523986131536: reply installSnapshot: omNode-1<-omNode-2#0:FAIL-t6,IN_PROGRESS
2022-09-29 01:23:46,226 [grpc-default-executor-1] INFO  server.GrpcServerProtocolService (GrpcServerProtocolService.java:onCompleted(140)) - omNode-2: Completed INSTALL_SNAPSHOT, lastRequest: omNode-1->omNode-2#0-t6,notify:(t:6, i:59)
2022-09-29 01:23:46,227 [grpc-default-executor-0] INFO  leader.FollowerInfo (FollowerInfoImpl.java:lambda$new$0(48)) - omNode-1@group-523986131536->omNode-2: nextIndex: updateUnconditionally 57 -> 57
2022-09-29 01:23:46,227 [grpc-default-executor-0] INFO  server.GrpcLogAppender (GrpcLogAppender.java:onNext(403)) - omNode-1@group-523986131536->omNode-2-InstallSnapshotResponseHandler: received a reply omNode-1<-omNode-2#0:FAIL-t6,IN_PROGRESS
2022-09-29 01:23:46,227 [grpc-default-executor-0] INFO  server.GrpcLogAppender (GrpcLogAppender.java:onNext(421)) - omNode-1@group-523986131536->omNode-2-InstallSnapshotResponseHandler: InstallSnapshot in progress.
2022-09-29 01:23:46,227 [omNode-1@group-523986131536->omNode-2-GrpcLogAppender-LogAppenderDaemon] INFO  server.GrpcLogAppender (GrpcLogAppender.java:installSnapshot(541)) - omNode-1@group-523986131536->omNode-2-GrpcLogAppender: followerNextIndex = 57 but logStartIndex = 59, notify follower to install snapshot-(t:6, i:59)
2022-09-29 01:23:46,227 [omNode-1@group-523986131536->omNode-2-GrpcLogAppender-LogAppenderDaemon] INFO  server.GrpcLogAppender (GrpcLogAppender.java:installSnapshot(549)) - omNode-1@group-523986131536->omNode-2-GrpcLogAppender: send omNode-1->omNode-2#0-t6,notify:(t:6, i:59)
2022-09-29 01:23:46,228 [omNode-2-server-thread1] INFO  server.RaftServer$Division (RaftServerImpl.java:checkInconsistentAppendEntries(1402)) - omNode-2@group-523986131536: Failed appendEntries as snapshot (59) installation is in progress
2022-09-29 01:23:46,228 [omNode-2-server-thread1] INFO  server.RaftServer$Division (RaftServerImpl.java:checkInconsistentAppendEntries(1394)) - omNode-2@group-523986131536: inconsistency entries. Reply:omNode-1<-omNode-2#700:FAIL-t6,INCONSISTENCY,nextIndex=57,followerCommit=56
2022-09-29 01:23:46,228 [grpc-default-executor-1] INFO  impl.SnapshotInstallationHandler (SnapshotInstallationHandler.java:installSnapshot(84)) - omNode-2@group-523986131536: receive installSnapshot: omNode-1->omNode-2#0-t6,notify:(t:6, i:59)
2022-09-29 01:23:46,228 [grpc-default-executor-1] INFO  impl.SnapshotInstallationHandler (SnapshotInstallationHandler.java:installSnapshot(95)) - omNode-2@group-523986131536: reply installSnapshot: omNode-1<-omNode-2#0:FAIL-t6,IN_PROGRESS
2022-09-29 01:23:46,228 [grpc-default-executor-1] INFO  server.GrpcServerProtocolService (GrpcServerProtocolService.java:onCompleted(140)) - omNode-2: Completed INSTALL_SNAPSHOT, lastRequest: omNode-1->omNode-2#0-t6,notify:(t:6, i:59)
2022-09-29 01:23:46,232 [grpc-default-executor-0] INFO  leader.FollowerInfo (FollowerInfoImpl.java:lambda$new$0(48)) - omNode-1@group-523986131536->omNode-2: nextIndex: updateUnconditionally 57 -> 57
2022-09-29 01:23:46,232 [grpc-default-executor-0] INFO  server.GrpcLogAppender (GrpcLogAppender.java:onNext(403)) - omNode-1@group-523986131536->omNode-2-InstallSnapshotResponseHandler: received a reply omNode-1<-omNode-2#0:FAIL-t6,IN_PROGRESS
2022-09-29 01:23:46,232 [grpc-default-executor-0] INFO  server.GrpcLogAppender (GrpcLogAppender.java:onNext(421)) - omNode-1@group-523986131536->omNode-2-InstallSnapshotResponseHandler: InstallSnapshot in progress.
2022-09-29 01:23:46,232 [omNode-1@group-523986131536->omNode-2-GrpcLogAppender-LogAppenderDaemon] INFO  server.GrpcLogAppender (GrpcLogAppender.java:installSnapshot(541)) - omNode-1@group-523986131536->omNode-2-GrpcLogAppender: followerNextIndex = 57 but logStartIndex = 59, notify follower to install snapshot-(t:6, i:59)
2022-09-29 01:23:46,232 [omNode-1@group-523986131536->omNode-2-GrpcLogAppender-LogAppenderDaemon] INFO  server.GrpcLogAppender (GrpcLogAppender.java:installSnapshot(549)) - omNode-1@group-523986131536->omNode-2-GrpcLogAppender: send omNode-1->omNode-2#0-t6,notify:(t:6, i:59)
2022-09-29 01:23:46,233 [omNode-2-server-thread1] INFO  server.RaftServer$Division (RaftServerImpl.java:checkInconsistentAppendEntries(1402)) - omNode-2@group-523986131536: Failed appendEntries as snapshot (59) installation is in progress
2022-09-29 01:23:46,233 [omNode-2-server-thread1] INFO  server.RaftServer$Division (RaftServerImpl.java:checkInconsistentAppendEntries(1394)) - omNode-2@group-523986131536: inconsistency entries. Reply:omNode-1<-omNode-2#701:FAIL-t6,INCONSISTENCY,nextIndex=57,followerCommit=56
2022-09-29 01:23:46,233 [grpc-default-executor-2] INFO  impl.SnapshotInstallationHandler (SnapshotInstallationHandler.java:installSnapshot(84)) - omNode-2@group-523986131536: receive installSnapshot: omNode-1->omNode-2#0-t6,notify:(t:6, i:59)
2022-09-29 01:23:46,234 [grpc-default-executor-2] INFO  impl.SnapshotInstallationHandler (SnapshotInstallationHandler.java:installSnapshot(95)) - omNode-2@group-523986131536: reply installSnapshot: omNode-1<-omNode-2#0:FAIL-t6,IN_PROGRESS
2022-09-29 01:23:46,234 [grpc-default-executor-2] INFO  server.GrpcServerProtocolService (GrpcServerProtocolService.java:onCompleted(140)) - omNode-2: Completed INSTALL_SNAPSHOT, lastRequest: omNode-1->omNode-2#0-t6,notify:(t:6, i:59)
2022-09-29 01:23:46,234 [grpc-default-executor-0] INFO  leader.FollowerInfo (FollowerInfoImpl.java:lambda$new$0(48)) - omNode-1@group-523986131536->omNode-2: nextIndex: updateUnconditionally 57 -> 57
2022-09-29 01:23:46,234 [grpc-default-executor-0] INFO  server.GrpcLogAppender (GrpcLogAppender.java:onNext(403)) - omNode-1@group-523986131536->omNode-2-InstallSnapshotResponseHandler: received a reply omNode-1<-omNode-2#0:FAIL-t6,IN_PROGRESS
2022-09-29 01:23:46,234 [grpc-default-executor-0] INFO  server.GrpcLogAppender (GrpcLogAppender.java:onNext(421)) - omNode-1@group-523986131536->omNode-2-InstallSnapshotResponseHandler: InstallSnapshot in progress.
2022-09-29 01:23:46,235 [omNode-1@group-523986131536->omNode-2-GrpcLogAppender-LogAppenderDaemon] INFO  server.GrpcLogAppender (GrpcLogAppender.java:installSnapshot(541)) - omNode-1@group-523986131536->omNode-2-GrpcLogAppender: followerNextIndex = 57 but logStartIndex = 59, notify follower to install snapshot-(t:6, i:59)
2022-09-29 01:23:46,235 [omNode-1@group-523986131536->omNode-2-GrpcLogAppender-LogAppenderDaemon] INFO  server.GrpcLogAppender (GrpcLogAppender.java:installSnapshot(549)) - omNode-1@group-523986131536->omNode-2-GrpcLogAppender: send omNode-1->omNode-2#0-t6,notify:(t:6, i:59)
2022-09-29 01:23:46,235 [omNode-2-server-thread1] INFO  server.RaftServer$Division (RaftServerImpl.java:checkInconsistentAppendEntries(1402)) - omNode-2@group-523986131536: Failed appendEntries as snapshot (59) installation is in progress
2022-09-29 01:23:46,235 [omNode-2-server-thread1] INFO  server.RaftServer$Division (RaftServerImpl.java:checkInconsistentAppendEntries(1394)) - omNode-2@group-523986131536: inconsistency entries. Reply:omNode-1<-omNode-2#702:FAIL-t6,INCONSISTENCY,nextIndex=57,followerCommit=56
2022-09-29 01:23:46,236 [grpc-default-executor-2] INFO  impl.SnapshotInstallationHandler (SnapshotInstallationHandler.java:installSnapshot(84)) - omNode-2@group-523986131536: receive installSnapshot: omNode-1->omNode-2#0-t6,notify:(t:6, i:59)
2022-09-29 01:23:46,236 [grpc-default-executor-2] INFO  impl.SnapshotInstallationHandler (SnapshotInstallationHandler.java:installSnapshot(95)) - omNode-2@group-523986131536: reply installSnapshot: omNode-1<-omNode-2#0:FAIL-t6,IN_PROGRESS
2022-09-29 01:23:46,236 [grpc-default-executor-2] INFO  server.GrpcServerProtocolService (GrpcServerProtocolService.java:onCompleted(140)) - omNode-2: Completed INSTALL_SNAPSHOT, lastRequest: omNode-1->omNode-2#0-t6,notify:(t:6, i:59)
2022-09-29 01:23:46,236 [grpc-default-executor-0] INFO  leader.FollowerInfo (FollowerInfoImpl.java:lambda$new$0(48)) - omNode-1@group-523986131536->omNode-2: nextIndex: updateUnconditionally 57 -> 57
2022-09-29 01:23:46,236 [grpc-default-executor-0] INFO  server.GrpcLogAppender (GrpcLogAppender.java:onNext(403)) - omNode-1@group-523986131536->omNode-2-InstallSnapshotResponseHandler: received a reply omNode-1<-omNode-2#0:FAIL-t6,IN_PROGRESS
2022-09-29 01:23:46,236 [grpc-default-executor-0] INFO  server.GrpcLogAppender (GrpcLogAppender.java:onNext(421)) - omNode-1@group-523986131536->omNode-2-InstallSnapshotResponseHandler: InstallSnapshot in progress.
2022-09-29 01:23:46,237 [omNode-1@group-523986131536->omNode-2-GrpcLogAppender-LogAppenderDaemon] INFO  server.GrpcLogAppender (GrpcLogAppender.java:installSnapshot(541)) - omNode-1@group-523986131536->omNode-2-GrpcLogAppender: followerNextIndex = 57 but logStartIndex = 59, notify follower to install snapshot-(t:6, i:59)
2022-09-29 01:23:46,237 [omNode-1@group-523986131536->omNode-2-GrpcLogAppender-LogAppenderDaemon] INFO  server.GrpcLogAppender (GrpcLogAppender.java:installSnapshot(549)) - omNode-1@group-523986131536->omNode-2-GrpcLogAppender: send omNode-1->omNode-2#0-t6,notify:(t:6, i:59)
2022-09-29 01:23:46,237 [omNode-2-server-thread1] INFO  server.RaftServer$Division (RaftServerImpl.java:checkInconsistentAppendEntries(1402)) - omNode-2@group-523986131536: Failed appendEntries as snapshot (59) installation is in progress
2022-09-29 01:23:46,237 [omNode-2-server-thread1] INFO  server.RaftServer$Division (RaftServerImpl.java:checkInconsistentAppendEntries(1394)) - omNode-2@group-523986131536: inconsistency entries. Reply:omNode-1<-omNode-2#703:FAIL-t6,INCONSISTENCY,nextIndex=57,followerCommit=56
2022-09-29 01:23:46,238 [grpc-default-executor-2] INFO  impl.SnapshotInstallationHandler (SnapshotInstallationHandler.java:installSnapshot(84)) - omNode-2@group-523986131536: receive installSnapshot: omNode-1->omNode-2#0-t6,notify:(t:6, i:59)
2022-09-29 01:23:46,238 [grpc-default-executor-2] INFO  impl.SnapshotInstallationHandler (SnapshotInstallationHandler.java:installSnapshot(95)) - omNode-2@group-523986131536: reply installSnapshot: omNode-1<-omNode-2#0:FAIL-t6,IN_PROGRESS
2022-09-29 01:23:46,238 [grpc-default-executor-2] INFO  server.GrpcServerProtocolService (GrpcServerProtocolService.java:onCompleted(140)) - omNode-2: Completed INSTALL_SNAPSHOT, lastRequest: omNode-1->omNode-2#0-t6,notify:(t:6, i:59)
2022-09-29 01:23:46,238 [grpc-default-executor-0] INFO  leader.FollowerInfo (FollowerInfoImpl.java:lambda$new$0(48)) - omNode-1@group-523986131536->omNode-2: nextIndex: updateUnconditionally 57 -> 57
2022-09-29 01:23:46,238 [grpc-default-executor-0] INFO  server.GrpcLogAppender (GrpcLogAppender.java:onNext(403)) - omNode-1@group-523986131536->omNode-2-InstallSnapshotResponseHandler: received a reply omNode-1<-omNode-2#0:FAIL-t6,IN_PROGRESS
2022-09-29 01:23:46,238 [grpc-default-executor-0] INFO  server.GrpcLogAppender (GrpcLogAppender.java:onNext(421)) - omNode-1@group-523986131536->omNode-2-InstallSnapshotResponseHandler: InstallSnapshot in progress.
2022-09-29 01:23:46,239 [omNode-1@group-523986131536->omNode-2-GrpcLogAppender-LogAppenderDaemon] INFO  server.GrpcLogAppender (GrpcLogAppender.java:installSnapshot(541)) - omNode-1@group-523986131536->omNode-2-GrpcLogAppender: followerNextIndex = 57 but logStartIndex = 59, notify follower to install snapshot-(t:6, i:59)
2022-09-29 01:23:46,239 [omNode-1@group-523986131536->omNode-2-GrpcLogAppender-LogAppenderDaemon] INFO  server.GrpcLogAppender (GrpcLogAppender.java:installSnapshot(549)) - omNode-1@group-523986131536->omNode-2-GrpcLogAppender: send omNode-1->omNode-2#0-t6,notify:(t:6, i:59)
2022-09-29 01:23:46,239 [omNode-2-server-thread1] INFO  server.RaftServer$Division (RaftServerImpl.java:checkInconsistentAppendEntries(1402)) - omNode-2@group-523986131536: Failed appendEntries as snapshot (59) installation is in progress
2022-09-29 01:23:46,239 [omNode-2-server-thread1] INFO  server.RaftServer$Division (RaftServerImpl.java:checkInconsistentAppendEntries(1394)) - omNode-2@group-523986131536: inconsistency entries. Reply:omNode-1<-omNode-2#704:FAIL-t6,INCONSISTENCY,nextIndex=57,followerCommit=56
2022-09-29 01:23:46,240 [grpc-default-executor-2] INFO  impl.SnapshotInstallationHandler (SnapshotInstallationHandler.java:installSnapshot(84)) - omNode-2@group-523986131536: receive installSnapshot: omNode-1->omNode-2#0-t6,notify:(t:6, i:59)
2022-09-29 01:23:46,240 [grpc-default-executor-2] INFO  impl.SnapshotInstallationHandler (SnapshotInstallationHandler.java:installSnapshot(95)) - omNode-2@group-523986131536: reply installSnapshot: omNode-1<-omNode-2#0:FAIL-t6,IN_PROGRESS
2022-09-29 01:23:46,240 [grpc-default-executor-2] INFO  server.GrpcServerProtocolService (GrpcServerProtocolService.java:onCompleted(140)) - omNode-2: Completed INSTALL_SNAPSHOT, lastRequest: omNode-1->omNode-2#0-t6,notify:(t:6, i:59)
2022-09-29 01:23:46,240 [grpc-default-executor-0] INFO  leader.FollowerInfo (FollowerInfoImpl.java:lambda$new$0(48)) - omNode-1@group-523986131536->omNode-2: nextIndex: updateUnconditionally 57 -> 57
2022-09-29 01:23:46,240 [grpc-default-executor-0] INFO  server.GrpcLogAppender (GrpcLogAppender.java:onNext(403)) - omNode-1@group-523986131536->omNode-2-InstallSnapshotResponseHandler: received a reply omNode-1<-omNode-2#0:FAIL-t6,IN_PROGRESS
2022-09-29 01:23:46,240 [grpc-default-executor-0] INFO  server.GrpcLogAppender (GrpcLogAppender.java:onNext(421)) - omNode-1@group-523986131536->omNode-2-InstallSnapshotResponseHandler: InstallSnapshot in progress.
2022-09-29 01:23:46,241 [omNode-1@group-523986131536->omNode-2-GrpcLogAppender-LogAppenderDaemon] INFO  server.GrpcLogAppender (GrpcLogAppender.java:installSnapshot(541)) - omNode-1@group-523986131536->omNode-2-GrpcLogAppender: followerNextIndex = 57 but logStartIndex = 59, notify follower to install snapshot-(t:6, i:59)
2022-09-29 01:23:46,241 [omNode-1@group-523986131536->omNode-2-GrpcLogAppender-LogAppenderDaemon] INFO  server.GrpcLogAppender (GrpcLogAppender.java:installSnapshot(549)) - omNode-1@group-523986131536->omNode-2-GrpcLogAppender: send omNode-1->omNode-2#0-t6,notify:(t:6, i:59)
2022-09-29 01:23:46,241 [omNode-2-server-thread1] INFO  server.RaftServer$Division (RaftServerImpl.java:checkInconsistentAppendEntries(1402)) - omNode-2@group-523986131536: Failed appendEntries as snapshot (59) installation is in progress
2022-09-29 01:23:46,241 [omNode-2-server-thread1] INFO  server.RaftServer$Division (RaftServerImpl.java:checkInconsistentAppendEntries(1394)) - omNode-2@group-523986131536: inconsistency entries. Reply:omNode-1<-omNode-2#705:FAIL-t6,INCONSISTENCY,nextIndex=57,followerCommit=56
2022-09-29 01:23:46,242 [grpc-default-executor-2] INFO  impl.SnapshotInstallationHandler (SnapshotInstallationHandler.java:installSnapshot(84)) - omNode-2@group-523986131536: receive installSnapshot: omNode-1->omNode-2#0-t6,notify:(t:6, i:59)
2022-09-29 01:23:46,242 [grpc-default-executor-2] INFO  impl.SnapshotInstallationHandler (SnapshotInstallationHandler.java:installSnapshot(95)) - omNode-2@group-523986131536: reply installSnapshot: omNode-1<-omNode-2#0:FAIL-t6,IN_PROGRESS
2022-09-29 01:23:46,242 [grpc-default-executor-2] INFO  server.GrpcServerProtocolService (GrpcServerProtocolService.java:onCompleted(140)) - omNode-2: Completed INSTALL_SNAPSHOT, lastRequest: omNode-1->omNode-2#0-t6,notify:(t:6, i:59)
2022-09-29 01:23:46,242 [grpc-default-executor-0] INFO  leader.FollowerInfo (FollowerInfoImpl.java:lambda$new$0(48)) - omNode-1@group-523986131536->omNode-2: nextIndex: updateUnconditionally 57 -> 57
2022-09-29 01:23:46,242 [grpc-default-executor-0] INFO  server.GrpcLogAppender (GrpcLogAppender.java:onNext(403)) - omNode-1@group-523986131536->omNode-2-InstallSnapshotResponseHandler: received a reply omNode-1<-omNode-2#0:FAIL-t6,IN_PROGRESS
2022-09-29 01:23:46,242 [grpc-default-executor-0] INFO  server.GrpcLogAppender (GrpcLogAppender.java:onNext(421)) - omNode-1@group-523986131536->omNode-2-InstallSnapshotResponseHandler: InstallSnapshot in progress.
2022-09-29 01:23:46,243 [omNode-1@group-523986131536->omNode-2-GrpcLogAppender-LogAppenderDaemon] INFO  server.GrpcLogAppender (GrpcLogAppender.java:installSnapshot(541)) - omNode-1@group-523986131536->omNode-2-GrpcLogAppender: followerNextIndex = 57 but logStartIndex = 59, notify follower to install snapshot-(t:6, i:59)
2022-09-29 01:23:46,243 [omNode-1@group-523986131536->omNode-2-GrpcLogAppender-LogAppenderDaemon] INFO  server.GrpcLogAppender (GrpcLogAppender.java:installSnapshot(549)) - omNode-1@group-523986131536->omNode-2-GrpcLogAppender: send omNode-1->omNode-2#0-t6,notify:(t:6, i:59)
2022-09-29 01:23:46,243 [omNode-2-server-thread1] INFO  server.RaftServer$Division (RaftServerImpl.java:checkInconsistentAppendEntries(1402)) - omNode-2@group-523986131536: Failed appendEntries as snapshot (59) installation is in progress
2022-09-29 01:23:46,243 [omNode-2-server-thread1] INFO  server.RaftServer$Division (RaftServerImpl.java:checkInconsistentAppendEntries(1394)) - omNode-2@group-523986131536: inconsistency entries. Reply:omNode-1<-omNode-2#706:FAIL-t6,INCONSISTENCY,nextIndex=57,followerCommit=56
2022-09-29 01:23:46,244 [grpc-default-executor-2] INFO  impl.SnapshotInstallationHandler (SnapshotInstallationHandler.java:installSnapshot(84)) - omNode-2@group-523986131536: receive installSnapshot: omNode-1->omNode-2#0-t6,notify:(t:6, i:59)
2022-09-29 01:23:46,244 [grpc-default-executor-2] INFO  impl.SnapshotInstallationHandler (SnapshotInstallationHandler.java:installSnapshot(95)) - omNode-2@group-523986131536: reply installSnapshot: omNode-1<-omNode-2#0:FAIL-t6,IN_PROGRESS
2022-09-29 01:23:46,244 [grpc-default-executor-2] INFO  server.GrpcServerProtocolService (GrpcServerProtocolService.java:onCompleted(140)) - omNode-2: Completed INSTALL_SNAPSHOT, lastRequest: omNode-1->omNode-2#0-t6,notify:(t:6, i:59)
2022-09-29 01:23:46,244 [grpc-default-executor-0] INFO  leader.FollowerInfo (FollowerInfoImpl.java:lambda$new$0(48)) - omNode-1@group-523986131536->omNode-2: nextIndex: updateUnconditionally 57 -> 57
2022-09-29 01:23:46,244 [grpc-default-executor-0] INFO  server.GrpcLogAppender (GrpcLogAppender.java:onNext(403)) - omNode-1@group-523986131536->omNode-2-InstallSnapshotResponseHandler: received a reply omNode-1<-omNode-2#0:FAIL-t6,IN_PROGRESS
2022-09-29 01:23:46,245 [grpc-default-executor-0] INFO  server.GrpcLogAppender (GrpcLogAppender.java:onNext(421)) - omNode-1@group-523986131536->omNode-2-InstallSnapshotResponseHandler: InstallSnapshot in progress.
2022-09-29 01:23:46,245 [omNode-1@group-523986131536->omNode-2-GrpcLogAppender-LogAppenderDaemon] INFO  server.GrpcLogAppender (GrpcLogAppender.java:installSnapshot(541)) - omNode-1@group-523986131536->omNode-2-GrpcLogAppender: followerNextIndex = 57 but logStartIndex = 59, notify follower to install snapshot-(t:6, i:59)
2022-09-29 01:23:46,245 [omNode-1@group-523986131536->omNode-2-GrpcLogAppender-LogAppenderDaemon] INFO  server.GrpcLogAppender (GrpcLogAppender.java:installSnapshot(549)) - omNode-1@group-523986131536->omNode-2-GrpcLogAppender: send omNode-1->omNode-2#0-t6,notify:(t:6, i:59)
2022-09-29 01:23:46,245 [omNode-2-server-thread1] INFO  server.RaftServer$Division (RaftServerImpl.java:checkInconsistentAppendEntries(1402)) - omNode-2@group-523986131536: Failed appendEntries as snapshot (59) installation is in progress
2022-09-29 01:23:46,245 [omNode-2-server-thread1] INFO  server.RaftServer$Division (RaftServerImpl.java:checkInconsistentAppendEntries(1394)) - omNode-2@group-523986131536: inconsistency entries. Reply:omNode-1<-omNode-2#707:FAIL-t6,INCONSISTENCY,nextIndex=57,followerCommit=56
2022-09-29 01:23:46,246 [grpc-default-executor-2] INFO  impl.SnapshotInstallationHandler (SnapshotInstallationHandler.java:installSnapshot(84)) - omNode-2@group-523986131536: receive installSnapshot: omNode-1->omNode-2#0-t6,notify:(t:6, i:59)
2022-09-29 01:23:46,246 [grpc-default-executor-2] INFO  impl.SnapshotInstallationHandler (SnapshotInstallationHandler.java:installSnapshot(95)) - omNode-2@group-523986131536: reply installSnapshot: omNode-1<-omNode-2#0:FAIL-t6,IN_PROGRESS
2022-09-29 01:23:46,246 [grpc-default-executor-2] INFO  server.GrpcServerProtocolService (GrpcServerProtocolService.java:onCompleted(140)) - omNode-2: Completed INSTALL_SNAPSHOT, lastRequest: omNode-1->omNode-2#0-t6,notify:(t:6, i:59)
2022-09-29 01:23:46,246 [grpc-default-executor-0] INFO  leader.FollowerInfo (FollowerInfoImpl.java:lambda$new$0(48)) - omNode-1@group-523986131536->omNode-2: nextIndex: updateUnconditionally 57 -> 57
2022-09-29 01:23:46,246 [grpc-default-executor-0] INFO  server.GrpcLogAppender (GrpcLogAppender.java:onNext(403)) - omNode-1@group-523986131536->omNode-2-InstallSnapshotResponseHandler: received a reply omNode-1<-omNode-2#0:FAIL-t6,IN_PROGRESS
2022-09-29 01:23:46,246 [grpc-default-executor-0] INFO  server.GrpcLogAppender (GrpcLogAppender.java:onNext(421)) - omNode-1@group-523986131536->omNode-2-InstallSnapshotResponseHandler: InstallSnapshot in progress.
2022-09-29 01:23:46,247 [omNode-1@group-523986131536->omNode-2-GrpcLogAppender-LogAppenderDaemon] INFO  server.GrpcLogAppender (GrpcLogAppender.java:installSnapshot(541)) - omNode-1@group-523986131536->omNode-2-GrpcLogAppender: followerNextIndex = 57 but logStartIndex = 59, notify follower to install snapshot-(t:6, i:59)
2022-09-29 01:23:46,247 [omNode-1@group-523986131536->omNode-2-GrpcLogAppender-LogAppenderDaemon] INFO  server.GrpcLogAppender (GrpcLogAppender.java:installSnapshot(549)) - omNode-1@group-523986131536->omNode-2-GrpcLogAppender: send omNode-1->omNode-2#0-t6,notify:(t:6, i:59)
2022-09-29 01:23:46,247 [omNode-2-server-thread1] INFO  server.RaftServer$Division (RaftServerImpl.java:checkInconsistentAppendEntries(1402)) - omNode-2@group-523986131536: Failed appendEntries as snapshot (59) installation is in progress
2022-09-29 01:23:46,247 [omNode-2-server-thread1] INFO  server.RaftServer$Division (RaftServerImpl.java:checkInconsistentAppendEntries(1394)) - omNode-2@group-523986131536: inconsistency entries. Reply:omNode-1<-omNode-2#708:FAIL-t6,INCONSISTENCY,nextIndex=57,followerCommit=56
2022-09-29 01:23:46,248 [grpc-default-executor-2] INFO  impl.SnapshotInstallationHandler (SnapshotInstallationHandler.java:installSnapshot(84)) - omNode-2@group-523986131536: receive installSnapshot: omNode-1->omNode-2#0-t6,notify:(t:6, i:59)
2022-09-29 01:23:46,248 [grpc-default-executor-2] INFO  impl.SnapshotInstallationHandler (SnapshotInstallationHandler.java:installSnapshot(95)) - omNode-2@group-523986131536: reply installSnapshot: omNode-1<-omNode-2#0:FAIL-t6,IN_PROGRESS
2022-09-29 01:23:46,248 [grpc-default-executor-2] INFO  server.GrpcServerProtocolService (GrpcServerProtocolService.java:onCompleted(140)) - omNode-2: Completed INSTALL_SNAPSHOT, lastRequest: omNode-1->omNode-2#0-t6,notify:(t:6, i:59)
2022-09-29 01:23:46,253 [grpc-default-executor-0] INFO  leader.FollowerInfo (FollowerInfoImpl.java:lambda$new$0(48)) - omNode-1@group-523986131536->omNode-2: nextIndex: updateUnconditionally 57 -> 57
2022-09-29 01:23:46,254 [grpc-default-executor-0] INFO  server.GrpcLogAppender (GrpcLogAppender.java:onNext(403)) - omNode-1@group-523986131536->omNode-2-InstallSnapshotResponseHandler: received a reply omNode-1<-omNode-2#0:FAIL-t6,IN_PROGRESS
2022-09-29 01:23:46,254 [grpc-default-executor-0] INFO  server.GrpcLogAppender (GrpcLogAppender.java:onNext(421)) - omNode-1@group-523986131536->omNode-2-InstallSnapshotResponseHandler: InstallSnapshot in progress.
2022-09-29 01:23:46,254 [omNode-1@group-523986131536->omNode-2-GrpcLogAppender-LogAppenderDaemon] INFO  server.GrpcLogAppender (GrpcLogAppender.java:installSnapshot(541)) - omNode-1@group-523986131536->omNode-2-GrpcLogAppender: followerNextIndex = 57 but logStartIndex = 59, notify follower to install snapshot-(t:6, i:59)
2022-09-29 01:23:46,254 [omNode-1@group-523986131536->omNode-2-GrpcLogAppender-LogAppenderDaemon] INFO  server.GrpcLogAppender (GrpcLogAppender.java:installSnapshot(549)) - omNode-1@group-523986131536->omNode-2-GrpcLogAppender: send omNode-1->omNode-2#0-t6,notify:(t:6, i:59)
2022-09-29 01:23:46,255 [omNode-2-server-thread1] INFO  server.RaftServer$Division (RaftServerImpl.java:checkInconsistentAppendEntries(1402)) - omNode-2@group-523986131536: Failed appendEntries as snapshot (59) installation is in progress
2022-09-29 01:23:46,255 [omNode-2-server-thread1] INFO  server.RaftServer$Division (RaftServerImpl.java:checkInconsistentAppendEntries(1394)) - omNode-2@group-523986131536: inconsistency entries. Reply:omNode-1<-omNode-2#709:FAIL-t6,INCONSISTENCY,nextIndex=57,followerCommit=56
2022-09-29 01:23:46,255 [grpc-default-executor-0] INFO  impl.SnapshotInstallationHandler (SnapshotInstallationHandler.java:installSnapshot(84)) - omNode-2@group-523986131536: receive installSnapshot: omNode-1->omNode-2#0-t6,notify:(t:6, i:59)
2022-09-29 01:23:46,255 [grpc-default-executor-0] INFO  impl.SnapshotInstallationHandler (SnapshotInstallationHandler.java:installSnapshot(95)) - omNode-2@group-523986131536: reply installSnapshot: omNode-1<-omNode-2#0:FAIL-t6,IN_PROGRESS
2022-09-29 01:23:46,255 [grpc-default-executor-2] WARN  server.GrpcLogAppender (LogUtils.java:warn(122)) - omNode-1@group-523986131536->omNode-3-AppendLogResponseHandler: Failed appendEntries: org.apache.ratis.thirdparty.io.grpc.StatusRuntimeException: UNAVAILABLE: io exception
2022-09-29 01:23:46,258 [grpc-default-executor-2] INFO  leader.FollowerInfo (FollowerInfoImpl.java:lambda$new$0(48)) - omNode-1@group-523986131536->omNode-3: nextIndex: updateUnconditionally 145 -> 144
2022-09-29 01:23:46,258 [grpc-default-executor-2] INFO  server.GrpcServerProtocolService (GrpcServerProtocolService.java:onCompleted(140)) - omNode-2: Completed INSTALL_SNAPSHOT, lastRequest: omNode-1->omNode-2#0-t6,notify:(t:6, i:59)
2022-09-29 01:23:46,260 [grpc-default-executor-2] INFO  leader.FollowerInfo (FollowerInfoImpl.java:lambda$new$0(48)) - omNode-1@group-523986131536->omNode-2: nextIndex: updateUnconditionally 57 -> 57
2022-09-29 01:23:46,260 [grpc-default-executor-2] INFO  server.GrpcLogAppender (GrpcLogAppender.java:onNext(403)) - omNode-1@group-523986131536->omNode-2-InstallSnapshotResponseHandler: received a reply omNode-1<-omNode-2#0:FAIL-t6,IN_PROGRESS
2022-09-29 01:23:46,260 [grpc-default-executor-2] INFO  server.GrpcLogAppender (GrpcLogAppender.java:onNext(421)) - omNode-1@group-523986131536->omNode-2-InstallSnapshotResponseHandler: InstallSnapshot in progress.
2022-09-29 01:23:46,260 [omNode-1@group-523986131536->omNode-2-GrpcLogAppender-LogAppenderDaemon] INFO  server.GrpcLogAppender (GrpcLogAppender.java:installSnapshot(541)) - omNode-1@group-523986131536->omNode-2-GrpcLogAppender: followerNextIndex = 57 but logStartIndex = 59, notify follower to install snapshot-(t:6, i:59)
2022-09-29 01:23:46,260 [omNode-1@group-523986131536->omNode-2-GrpcLogAppender-LogAppenderDaemon] INFO  server.GrpcLogAppender (GrpcLogAppender.java:installSnapshot(549)) - omNode-1@group-523986131536->omNode-2-GrpcLogAppender: send omNode-1->omNode-2#0-t6,notify:(t:6, i:59)
2022-09-29 01:23:46,261 [omNode-2-server-thread1] INFO  server.RaftServer$Division (RaftServerImpl.java:checkInconsistentAppendEntries(1402)) - omNode-2@group-523986131536: Failed appendEntries as snapshot (59) installation is in progress
2022-09-29 01:23:46,261 [omNode-2-server-thread1] INFO  server.RaftServer$Division (RaftServerImpl.java:checkInconsistentAppendEntries(1394)) - omNode-2@group-523986131536: inconsistency entries. Reply:omNode-1<-omNode-2#710:FAIL-t6,INCONSISTENCY,nextIndex=57,followerCommit=56
2022-09-29 01:23:46,262 [grpc-default-executor-0] INFO  impl.SnapshotInstallationHandler (SnapshotInstallationHandler.java:installSnapshot(84)) - omNode-2@group-523986131536: receive installSnapshot: omNode-1->omNode-2#0-t6,notify:(t:6, i:59)
2022-09-29 01:23:46,262 [grpc-default-executor-0] INFO  impl.SnapshotInstallationHandler (SnapshotInstallationHandler.java:installSnapshot(95)) - omNode-2@group-523986131536: reply installSnapshot: omNode-1<-omNode-2#0:FAIL-t6,IN_PROGRESS
2022-09-29 01:23:46,262 [grpc-default-executor-0] INFO  server.GrpcServerProtocolService (GrpcServerProtocolService.java:onCompleted(140)) - omNode-2: Completed INSTALL_SNAPSHOT, lastRequest: omNode-1->omNode-2#0-t6,notify:(t:6, i:59)
2022-09-29 01:23:46,264 [grpc-default-executor-2] INFO  leader.FollowerInfo (FollowerInfoImpl.java:lambda$new$0(48)) - omNode-1@group-523986131536->omNode-2: nextIndex: updateUnconditionally 57 -> 57
2022-09-29 01:23:46,264 [grpc-default-executor-2] INFO  server.GrpcLogAppender (GrpcLogAppender.java:onNext(403)) - omNode-1@group-523986131536->omNode-2-InstallSnapshotResponseHandler: received a reply omNode-1<-omNode-2#0:FAIL-t6,IN_PROGRESS
2022-09-29 01:23:46,264 [grpc-default-executor-2] INFO  server.GrpcLogAppender (GrpcLogAppender.java:onNext(421)) - omNode-1@group-523986131536->omNode-2-InstallSnapshotResponseHandler: InstallSnapshot in progress.
2022-09-29 01:23:46,264 [omNode-1@group-523986131536->omNode-2-GrpcLogAppender-LogAppenderDaemon] INFO  server.GrpcLogAppender (GrpcLogAppender.java:installSnapshot(541)) - omNode-1@group-523986131536->omNode-2-GrpcLogAppender: followerNextIndex = 57 but logStartIndex = 59, notify follower to install snapshot-(t:6, i:59)
2022-09-29 01:23:46,264 [omNode-1@group-523986131536->omNode-2-GrpcLogAppender-LogAppenderDaemon] INFO  server.GrpcLogAppender (GrpcLogAppender.java:installSnapshot(549)) - omNode-1@group-523986131536->omNode-2-GrpcLogAppender: send omNode-1->omNode-2#0-t6,notify:(t:6, i:59)
2022-09-29 01:23:46,265 [omNode-2-server-thread1] INFO  server.RaftServer$Division (RaftServerImpl.java:checkInconsistentAppendEntries(1402)) - omNode-2@group-523986131536: Failed appendEntries as snapshot (59) installation is in progress
2022-09-29 01:23:46,265 [omNode-2-server-thread1] INFO  server.RaftServer$Division (RaftServerImpl.java:checkInconsistentAppendEntries(1394)) - omNode-2@group-523986131536: inconsistency entries. Reply:omNode-1<-omNode-2#711:FAIL-t6,INCONSISTENCY,nextIndex=57,followerCommit=56
2022-09-29 01:23:46,265 [grpc-default-executor-0] INFO  impl.SnapshotInstallationHandler (SnapshotInstallationHandler.java:installSnapshot(84)) - omNode-2@group-523986131536: receive installSnapshot: omNode-1->omNode-2#0-t6,notify:(t:6, i:59)
2022-09-29 01:23:46,265 [grpc-default-executor-0] INFO  impl.SnapshotInstallationHandler (SnapshotInstallationHandler.java:installSnapshot(95)) - omNode-2@group-523986131536: reply installSnapshot: omNode-1<-omNode-2#0:FAIL-t6,IN_PROGRESS
2022-09-29 01:23:46,266 [grpc-default-executor-0] INFO  server.GrpcServerProtocolService (GrpcServerProtocolService.java:onCompleted(140)) - omNode-2: Completed INSTALL_SNAPSHOT, lastRequest: omNode-1->omNode-2#0-t6,notify:(t:6, i:59)
2022-09-29 01:23:46,266 [grpc-default-executor-2] INFO  leader.FollowerInfo (FollowerInfoImpl.java:lambda$new$0(48)) - omNode-1@group-523986131536->omNode-2: nextIndex: updateUnconditionally 57 -> 57
2022-09-29 01:23:46,266 [grpc-default-executor-2] INFO  server.GrpcLogAppender (GrpcLogAppender.java:onNext(403)) - omNode-1@group-523986131536->omNode-2-InstallSnapshotResponseHandler: received a reply omNode-1<-omNode-2#0:FAIL-t6,IN_PROGRESS
2022-09-29 01:23:46,266 [grpc-default-executor-2] INFO  server.GrpcLogAppender (GrpcLogAppender.java:onNext(421)) - omNode-1@group-523986131536->omNode-2-InstallSnapshotResponseHandler: InstallSnapshot in progress.
2022-09-29 01:23:46,266 [omNode-1@group-523986131536->omNode-2-GrpcLogAppender-LogAppenderDaemon] INFO  server.GrpcLogAppender (GrpcLogAppender.java:installSnapshot(541)) - omNode-1@group-523986131536->omNode-2-GrpcLogAppender: followerNextIndex = 57 but logStartIndex = 59, notify follower to install snapshot-(t:6, i:59)
2022-09-29 01:23:46,266 [omNode-1@group-523986131536->omNode-2-GrpcLogAppender-LogAppenderDaemon] INFO  server.GrpcLogAppender (GrpcLogAppender.java:installSnapshot(549)) - omNode-1@group-523986131536->omNode-2-GrpcLogAppender: send omNode-1->omNode-2#0-t6,notify:(t:6, i:59)
2022-09-29 01:23:46,267 [omNode-2-server-thread1] INFO  server.RaftServer$Division (RaftServerImpl.java:checkInconsistentAppendEntries(1402)) - omNode-2@group-523986131536: Failed appendEntries as snapshot (59) installation is in progress
2022-09-29 01:23:46,267 [omNode-2-server-thread1] INFO  server.RaftServer$Division (RaftServerImpl.java:checkInconsistentAppendEntries(1394)) - omNode-2@group-523986131536: inconsistency entries. Reply:omNode-1<-omNode-2#712:FAIL-t6,INCONSISTENCY,nextIndex=57,followerCommit=56
2022-09-29 01:23:46,267 [grpc-default-executor-0] INFO  impl.SnapshotInstallationHandler (SnapshotInstallationHandler.java:installSnapshot(84)) - omNode-2@group-523986131536: receive installSnapshot: omNode-1->omNode-2#0-t6,notify:(t:6, i:59)
2022-09-29 01:23:46,267 [grpc-default-executor-0] INFO  impl.SnapshotInstallationHandler (SnapshotInstallationHandler.java:installSnapshot(95)) - omNode-2@group-523986131536: reply installSnapshot: omNode-1<-omNode-2#0:FAIL-t6,IN_PROGRESS
2022-09-29 01:23:46,267 [grpc-default-executor-0] INFO  server.GrpcServerProtocolService (GrpcServerProtocolService.java:onCompleted(140)) - omNode-2: Completed INSTALL_SNAPSHOT, lastRequest: omNode-1->omNode-2#0-t6,notify:(t:6, i:59)
2022-09-29 01:23:46,268 [grpc-default-executor-2] INFO  leader.FollowerInfo (FollowerInfoImpl.java:lambda$new$0(48)) - omNode-1@group-523986131536->omNode-2: nextIndex: updateUnconditionally 57 -> 57
2022-09-29 01:23:46,268 [grpc-default-executor-2] INFO  server.GrpcLogAppender (GrpcLogAppender.java:onNext(403)) - omNode-1@group-523986131536->omNode-2-InstallSnapshotResponseHandler: received a reply omNode-1<-omNode-2#0:FAIL-t6,IN_PROGRESS
2022-09-29 01:23:46,268 [grpc-default-executor-2] INFO  server.GrpcLogAppender (GrpcLogAppender.java:onNext(421)) - omNode-1@group-523986131536->omNode-2-InstallSnapshotResponseHandler: InstallSnapshot in progress.
2022-09-29 01:23:46,268 [omNode-1@group-523986131536->omNode-2-GrpcLogAppender-LogAppenderDaemon] INFO  server.GrpcLogAppender (GrpcLogAppender.java:installSnapshot(541)) - omNode-1@group-523986131536->omNode-2-GrpcLogAppender: followerNextIndex = 57 but logStartIndex = 59, notify follower to install snapshot-(t:6, i:59)
2022-09-29 01:23:46,268 [omNode-1@group-523986131536->omNode-2-GrpcLogAppender-LogAppenderDaemon] INFO  server.GrpcLogAppender (GrpcLogAppender.java:installSnapshot(549)) - omNode-1@group-523986131536->omNode-2-GrpcLogAppender: send omNode-1->omNode-2#0-t6,notify:(t:6, i:59)
2022-09-29 01:23:46,269 [omNode-2-server-thread1] INFO  server.RaftServer$Division (RaftServerImpl.java:checkInconsistentAppendEntries(1402)) - omNode-2@group-523986131536: Failed appendEntries as snapshot (59) installation is in progress
2022-09-29 01:23:46,269 [omNode-2-server-thread1] INFO  server.RaftServer$Division (RaftServerImpl.java:checkInconsistentAppendEntries(1394)) - omNode-2@group-523986131536: inconsistency entries. Reply:omNode-1<-omNode-2#713:FAIL-t6,INCONSISTENCY,nextIndex=57,followerCommit=56
2022-09-29 01:23:46,269 [grpc-default-executor-0] INFO  impl.SnapshotInstallationHandler (SnapshotInstallationHandler.java:installSnapshot(84)) - omNode-2@group-523986131536: receive installSnapshot: omNode-1->omNode-2#0-t6,notify:(t:6, i:59)
2022-09-29 01:23:46,269 [grpc-default-executor-0] INFO  impl.SnapshotInstallationHandler (SnapshotInstallationHandler.java:installSnapshot(95)) - omNode-2@group-523986131536: reply installSnapshot: omNode-1<-omNode-2#0:FAIL-t6,IN_PROGRESS
2022-09-29 01:23:46,270 [grpc-default-executor-0] INFO  server.GrpcServerProtocolService (GrpcServerProtocolService.java:onCompleted(140)) - omNode-2: Completed INSTALL_SNAPSHOT, lastRequest: omNode-1->omNode-2#0-t6,notify:(t:6, i:59)
2022-09-29 01:23:46,275 [grpc-default-executor-2] INFO  leader.FollowerInfo (FollowerInfoImpl.java:lambda$new$0(48)) - omNode-1@group-523986131536->omNode-2: nextIndex: updateUnconditionally 57 -> 57
2022-09-29 01:23:46,275 [grpc-default-executor-2] INFO  server.GrpcLogAppender (GrpcLogAppender.java:onNext(403)) - omNode-1@group-523986131536->omNode-2-InstallSnapshotResponseHandler: received a reply omNode-1<-omNode-2#0:FAIL-t6,IN_PROGRESS
2022-09-29 01:23:46,275 [grpc-default-executor-2] INFO  server.GrpcLogAppender (GrpcLogAppender.java:onNext(421)) - omNode-1@group-523986131536->omNode-2-InstallSnapshotResponseHandler: InstallSnapshot in progress.
2022-09-29 01:23:46,275 [omNode-1@group-523986131536->omNode-2-GrpcLogAppender-LogAppenderDaemon] INFO  server.GrpcLogAppender (GrpcLogAppender.java:installSnapshot(541)) - omNode-1@group-523986131536->omNode-2-GrpcLogAppender: followerNextIndex = 57 but logStartIndex = 59, notify follower to install snapshot-(t:6, i:59)
2022-09-29 01:23:46,275 [omNode-1@group-523986131536->omNode-2-GrpcLogAppender-LogAppenderDaemon] INFO  server.GrpcLogAppender (GrpcLogAppender.java:installSnapshot(549)) - omNode-1@group-523986131536->omNode-2-GrpcLogAppender: send omNode-1->omNode-2#0-t6,notify:(t:6, i:59)
2022-09-29 01:23:46,276 [omNode-2-server-thread1] INFO  server.RaftServer$Division (RaftServerImpl.java:checkInconsistentAppendEntries(1402)) - omNode-2@group-523986131536: Failed appendEntries as snapshot (59) installation is in progress
2022-09-29 01:23:46,276 [omNode-2-server-thread1] INFO  server.RaftServer$Division (RaftServerImpl.java:checkInconsistentAppendEntries(1394)) - omNode-2@group-523986131536: inconsistency entries. Reply:omNode-1<-omNode-2#714:FAIL-t6,INCONSISTENCY,nextIndex=57,followerCommit=56
2022-09-29 01:23:46,276 [grpc-default-executor-0] INFO  impl.SnapshotInstallationHandler (SnapshotInstallationHandler.java:installSnapshot(84)) - omNode-2@group-523986131536: receive installSnapshot: omNode-1->omNode-2#0-t6,notify:(t:6, i:59)
2022-09-29 01:23:46,276 [grpc-default-executor-0] INFO  impl.SnapshotInstallationHandler (SnapshotInstallationHandler.java:installSnapshot(95)) - omNode-2@group-523986131536: reply installSnapshot: omNode-1<-omNode-2#0:FAIL-t6,IN_PROGRESS
2022-09-29 01:23:46,277 [grpc-default-executor-0] INFO  server.GrpcServerProtocolService (GrpcServerProtocolService.java:onCompleted(140)) - omNode-2: Completed INSTALL_SNAPSHOT, lastRequest: omNode-1->omNode-2#0-t6,notify:(t:6, i:59)
2022-09-29 01:23:46,277 [grpc-default-executor-2] INFO  leader.FollowerInfo (FollowerInfoImpl.java:lambda$new$0(48)) - omNode-1@group-523986131536->omNode-2: nextIndex: updateUnconditionally 57 -> 57
2022-09-29 01:23:46,277 [grpc-default-executor-2] INFO  server.GrpcLogAppender (GrpcLogAppender.java:onNext(403)) - omNode-1@group-523986131536->omNode-2-InstallSnapshotResponseHandler: received a reply omNode-1<-omNode-2#0:FAIL-t6,IN_PROGRESS
2022-09-29 01:23:46,277 [grpc-default-executor-2] INFO  server.GrpcLogAppender (GrpcLogAppender.java:onNext(421)) - omNode-1@group-523986131536->omNode-2-InstallSnapshotResponseHandler: InstallSnapshot in progress.
2022-09-29 01:23:46,277 [omNode-1@group-523986131536->omNode-2-GrpcLogAppender-LogAppenderDaemon] INFO  server.GrpcLogAppender (GrpcLogAppender.java:installSnapshot(541)) - omNode-1@group-523986131536->omNode-2-GrpcLogAppender: followerNextIndex = 57 but logStartIndex = 59, notify follower to install snapshot-(t:6, i:59)
2022-09-29 01:23:46,277 [omNode-1@group-523986131536->omNode-2-GrpcLogAppender-LogAppenderDaemon] INFO  server.GrpcLogAppender (GrpcLogAppender.java:installSnapshot(549)) - omNode-1@group-523986131536->omNode-2-GrpcLogAppender: send omNode-1->omNode-2#0-t6,notify:(t:6, i:59)
2022-09-29 01:23:46,278 [omNode-2-server-thread1] INFO  server.RaftServer$Division (RaftServerImpl.java:checkInconsistentAppendEntries(1402)) - omNode-2@group-523986131536: Failed appendEntries as snapshot (59) installation is in progress
2022-09-29 01:23:46,278 [omNode-2-server-thread1] INFO  server.RaftServer$Division (RaftServerImpl.java:checkInconsistentAppendEntries(1394)) - omNode-2@group-523986131536: inconsistency entries. Reply:omNode-1<-omNode-2#715:FAIL-t6,INCONSISTENCY,nextIndex=57,followerCommit=56
2022-09-29 01:23:46,278 [grpc-default-executor-0] INFO  impl.SnapshotInstallationHandler (SnapshotInstallationHandler.java:installSnapshot(84)) - omNode-2@group-523986131536: receive installSnapshot: omNode-1->omNode-2#0-t6,notify:(t:6, i:59)
2022-09-29 01:23:46,278 [grpc-default-executor-0] INFO  impl.SnapshotInstallationHandler (SnapshotInstallationHandler.java:installSnapshot(95)) - omNode-2@group-523986131536: reply installSnapshot: omNode-1<-omNode-2#0:FAIL-t6,IN_PROGRESS
2022-09-29 01:23:46,279 [grpc-default-executor-0] INFO  server.GrpcServerProtocolService (GrpcServerProtocolService.java:onCompleted(140)) - omNode-2: Completed INSTALL_SNAPSHOT, lastRequest: omNode-1->omNode-2#0-t6,notify:(t:6, i:59)
2022-09-29 01:23:46,279 [grpc-default-executor-2] INFO  leader.FollowerInfo (FollowerInfoImpl.java:lambda$new$0(48)) - omNode-1@group-523986131536->omNode-2: nextIndex: updateUnconditionally 57 -> 57
2022-09-29 01:23:46,279 [grpc-default-executor-2] INFO  server.GrpcLogAppender (GrpcLogAppender.java:onNext(403)) - omNode-1@group-523986131536->omNode-2-InstallSnapshotResponseHandler: received a reply omNode-1<-omNode-2#0:FAIL-t6,IN_PROGRESS
2022-09-29 01:23:46,279 [grpc-default-executor-2] INFO  server.GrpcLogAppender (GrpcLogAppender.java:onNext(421)) - omNode-1@group-523986131536->omNode-2-InstallSnapshotResponseHandler: InstallSnapshot in progress.
2022-09-29 01:23:46,279 [omNode-1@group-523986131536->omNode-2-GrpcLogAppender-LogAppenderDaemon] INFO  server.GrpcLogAppender (GrpcLogAppender.java:installSnapshot(541)) - omNode-1@group-523986131536->omNode-2-GrpcLogAppender: followerNextIndex = 57 but logStartIndex = 59, notify follower to install snapshot-(t:6, i:59)
2022-09-29 01:23:46,279 [omNode-1@group-523986131536->omNode-2-GrpcLogAppender-LogAppenderDaemon] INFO  server.GrpcLogAppender (GrpcLogAppender.java:installSnapshot(549)) - omNode-1@group-523986131536->omNode-2-GrpcLogAppender: send omNode-1->omNode-2#0-t6,notify:(t:6, i:59)
2022-09-29 01:23:46,280 [omNode-2-server-thread1] INFO  server.RaftServer$Division (RaftServerImpl.java:checkInconsistentAppendEntries(1402)) - omNode-2@group-523986131536: Failed appendEntries as snapshot (59) installation is in progress
2022-09-29 01:23:46,280 [omNode-2-server-thread1] INFO  server.RaftServer$Division (RaftServerImpl.java:checkInconsistentAppendEntries(1394)) - omNode-2@group-523986131536: inconsistency entries. Reply:omNode-1<-omNode-2#716:FAIL-t6,INCONSISTENCY,nextIndex=57,followerCommit=56
2022-09-29 01:23:46,280 [grpc-default-executor-0] INFO  impl.SnapshotInstallationHandler (SnapshotInstallationHandler.java:installSnapshot(84)) - omNode-2@group-523986131536: receive installSnapshot: omNode-1->omNode-2#0-t6,notify:(t:6, i:59)
2022-09-29 01:23:46,280 [grpc-default-executor-0] INFO  impl.SnapshotInstallationHandler (SnapshotInstallationHandler.java:installSnapshot(95)) - omNode-2@group-523986131536: reply installSnapshot: omNode-1<-omNode-2#0:FAIL-t6,IN_PROGRESS
2022-09-29 01:23:46,281 [grpc-default-executor-0] INFO  server.GrpcServerProtocolService (GrpcServerProtocolService.java:onCompleted(140)) - omNode-2: Completed INSTALL_SNAPSHOT, lastRequest: omNode-1->omNode-2#0-t6,notify:(t:6, i:59)
2022-09-29 01:23:46,281 [grpc-default-executor-2] INFO  leader.FollowerInfo (FollowerInfoImpl.java:lambda$new$0(48)) - omNode-1@group-523986131536->omNode-2: nextIndex: updateUnconditionally 57 -> 57
2022-09-29 01:23:46,281 [grpc-default-executor-2] INFO  server.GrpcLogAppender (GrpcLogAppender.java:onNext(403)) - omNode-1@group-523986131536->omNode-2-InstallSnapshotResponseHandler: received a reply omNode-1<-omNode-2#0:FAIL-t6,IN_PROGRESS
2022-09-29 01:23:46,281 [grpc-default-executor-2] INFO  server.GrpcLogAppender (GrpcLogAppender.java:onNext(421)) - omNode-1@group-523986131536->omNode-2-InstallSnapshotResponseHandler: InstallSnapshot in progress.
2022-09-29 01:23:46,281 [omNode-1@group-523986131536->omNode-2-GrpcLogAppender-LogAppenderDaemon] INFO  server.GrpcLogAppender (GrpcLogAppender.java:installSnapshot(541)) - omNode-1@group-523986131536->omNode-2-GrpcLogAppender: followerNextIndex = 57 but logStartIndex = 59, notify follower to install snapshot-(t:6, i:59)
2022-09-29 01:23:46,281 [omNode-1@group-523986131536->omNode-2-GrpcLogAppender-LogAppenderDaemon] INFO  server.GrpcLogAppender (GrpcLogAppender.java:installSnapshot(549)) - omNode-1@group-523986131536->omNode-2-GrpcLogAppender: send omNode-1->omNode-2#0-t6,notify:(t:6, i:59)
2022-09-29 01:23:46,282 [omNode-2-server-thread1] INFO  server.RaftServer$Division (RaftServerImpl.java:checkInconsistentAppendEntries(1402)) - omNode-2@group-523986131536: Failed appendEntries as snapshot (59) installation is in progress
2022-09-29 01:23:46,282 [omNode-2-server-thread1] INFO  server.RaftServer$Division (RaftServerImpl.java:checkInconsistentAppendEntries(1394)) - omNode-2@group-523986131536: inconsistency entries. Reply:omNode-1<-omNode-2#717:FAIL-t6,INCONSISTENCY,nextIndex=57,followerCommit=56
2022-09-29 01:23:46,282 [grpc-default-executor-0] INFO  impl.SnapshotInstallationHandler (SnapshotInstallationHandler.java:installSnapshot(84)) - omNode-2@group-523986131536: receive installSnapshot: omNode-1->omNode-2#0-t6,notify:(t:6, i:59)
2022-09-29 01:23:46,282 [grpc-default-executor-0] INFO  impl.SnapshotInstallationHandler (SnapshotInstallationHandler.java:installSnapshot(95)) - omNode-2@group-523986131536: reply installSnapshot: omNode-1<-omNode-2#0:FAIL-t6,IN_PROGRESS
2022-09-29 01:23:46,283 [grpc-default-executor-0] INFO  server.GrpcServerProtocolService (GrpcServerProtocolService.java:onCompleted(140)) - omNode-2: Completed INSTALL_SNAPSHOT, lastRequest: omNode-1->omNode-2#0-t6,notify:(t:6, i:59)
2022-09-29 01:23:46,283 [grpc-default-executor-2] INFO  leader.FollowerInfo (FollowerInfoImpl.java:lambda$new$0(48)) - omNode-1@group-523986131536->omNode-2: nextIndex: updateUnconditionally 57 -> 57
2022-09-29 01:23:46,283 [grpc-default-executor-2] INFO  server.GrpcLogAppender (GrpcLogAppender.java:onNext(403)) - omNode-1@group-523986131536->omNode-2-InstallSnapshotResponseHandler: received a reply omNode-1<-omNode-2#0:FAIL-t6,IN_PROGRESS
2022-09-29 01:23:46,283 [grpc-default-executor-2] INFO  server.GrpcLogAppender (GrpcLogAppender.java:onNext(421)) - omNode-1@group-523986131536->omNode-2-InstallSnapshotResponseHandler: InstallSnapshot in progress.
2022-09-29 01:23:46,283 [omNode-1@group-523986131536->omNode-2-GrpcLogAppender-LogAppenderDaemon] INFO  server.GrpcLogAppender (GrpcLogAppender.java:installSnapshot(541)) - omNode-1@group-523986131536->omNode-2-GrpcLogAppender: followerNextIndex = 57 but logStartIndex = 59, notify follower to install snapshot-(t:6, i:59)
2022-09-29 01:23:46,283 [omNode-1@group-523986131536->omNode-2-GrpcLogAppender-LogAppenderDaemon] INFO  server.GrpcLogAppender (GrpcLogAppender.java:installSnapshot(549)) - omNode-1@group-523986131536->omNode-2-GrpcLogAppender: send omNode-1->omNode-2#0-t6,notify:(t:6, i:59)
2022-09-29 01:23:46,284 [omNode-2-server-thread1] INFO  server.RaftServer$Division (RaftServerImpl.java:checkInconsistentAppendEntries(1402)) - omNode-2@group-523986131536: Failed appendEntries as snapshot (59) installation is in progress
2022-09-29 01:23:46,284 [omNode-2-server-thread1] INFO  server.RaftServer$Division (RaftServerImpl.java:checkInconsistentAppendEntries(1394)) - omNode-2@group-523986131536: inconsistency entries. Reply:omNode-1<-omNode-2#718:FAIL-t6,INCONSISTENCY,nextIndex=57,followerCommit=56
2022-09-29 01:23:46,284 [grpc-default-executor-0] INFO  impl.SnapshotInstallationHandler (SnapshotInstallationHandler.java:installSnapshot(84)) - omNode-2@group-523986131536: receive installSnapshot: omNode-1->omNode-2#0-t6,notify:(t:6, i:59)
2022-09-29 01:23:46,284 [grpc-default-executor-0] INFO  impl.SnapshotInstallationHandler (SnapshotInstallationHandler.java:installSnapshot(95)) - omNode-2@group-523986131536: reply installSnapshot: omNode-1<-omNode-2#0:FAIL-t6,IN_PROGRESS
2022-09-29 01:23:46,285 [grpc-default-executor-0] INFO  server.GrpcServerProtocolService (GrpcServerProtocolService.java:onCompleted(140)) - omNode-2: Completed INSTALL_SNAPSHOT, lastRequest: omNode-1->omNode-2#0-t6,notify:(t:6, i:59)
2022-09-29 01:23:46,285 [grpc-default-executor-2] INFO  leader.FollowerInfo (FollowerInfoImpl.java:lambda$new$0(48)) - omNode-1@group-523986131536->omNode-2: nextIndex: updateUnconditionally 57 -> 57
2022-09-29 01:23:46,285 [grpc-default-executor-2] INFO  server.GrpcLogAppender (GrpcLogAppender.java:onNext(403)) - omNode-1@group-523986131536->omNode-2-InstallSnapshotResponseHandler: received a reply omNode-1<-omNode-2#0:FAIL-t6,IN_PROGRESS
2022-09-29 01:23:46,285 [grpc-default-executor-2] INFO  server.GrpcLogAppender (GrpcLogAppender.java:onNext(421)) - omNode-1@group-523986131536->omNode-2-InstallSnapshotResponseHandler: InstallSnapshot in progress.
2022-09-29 01:23:46,285 [omNode-1@group-523986131536->omNode-2-GrpcLogAppender-LogAppenderDaemon] INFO  server.GrpcLogAppender (GrpcLogAppender.java:installSnapshot(541)) - omNode-1@group-523986131536->omNode-2-GrpcLogAppender: followerNextIndex = 57 but logStartIndex = 59, notify follower to install snapshot-(t:6, i:59)
2022-09-29 01:23:46,285 [omNode-1@group-523986131536->omNode-2-GrpcLogAppender-LogAppenderDaemon] INFO  server.GrpcLogAppender (GrpcLogAppender.java:installSnapshot(549)) - omNode-1@group-523986131536->omNode-2-GrpcLogAppender: send omNode-1->omNode-2#0-t6,notify:(t:6, i:59)
2022-09-29 01:23:46,286 [omNode-2-server-thread1] INFO  server.RaftServer$Division (RaftServerImpl.java:checkInconsistentAppendEntries(1402)) - omNode-2@group-523986131536: Failed appendEntries as snapshot (59) installation is in progress
2022-09-29 01:23:46,286 [omNode-2-server-thread1] INFO  server.RaftServer$Division (RaftServerImpl.java:checkInconsistentAppendEntries(1394)) - omNode-2@group-523986131536: inconsistency entries. Reply:omNode-1<-omNode-2#719:FAIL-t6,INCONSISTENCY,nextIndex=57,followerCommit=56
2022-09-29 01:23:46,286 [grpc-default-executor-0] INFO  impl.SnapshotInstallationHandler (SnapshotInstallationHandler.java:installSnapshot(84)) - omNode-2@group-523986131536: receive installSnapshot: omNode-1->omNode-2#0-t6,notify:(t:6, i:59)
2022-09-29 01:23:46,286 [grpc-default-executor-0] INFO  impl.SnapshotInstallationHandler (SnapshotInstallationHandler.java:installSnapshot(95)) - omNode-2@group-523986131536: reply installSnapshot: omNode-1<-omNode-2#0:FAIL-t6,IN_PROGRESS
2022-09-29 01:23:46,287 [grpc-default-executor-0] INFO  server.GrpcServerProtocolService (GrpcServerProtocolService.java:onCompleted(140)) - omNode-2: Completed INSTALL_SNAPSHOT, lastRequest: omNode-1->omNode-2#0-t6,notify:(t:6, i:59)
2022-09-29 01:23:46,287 [grpc-default-executor-2] INFO  leader.FollowerInfo (FollowerInfoImpl.java:lambda$new$0(48)) - omNode-1@group-523986131536->omNode-2: nextIndex: updateUnconditionally 57 -> 57
2022-09-29 01:23:46,287 [grpc-default-executor-2] INFO  server.GrpcLogAppender (GrpcLogAppender.java:onNext(403)) - omNode-1@group-523986131536->omNode-2-InstallSnapshotResponseHandler: received a reply omNode-1<-omNode-2#0:FAIL-t6,IN_PROGRESS
2022-09-29 01:23:46,287 [grpc-default-executor-2] INFO  server.GrpcLogAppender (GrpcLogAppender.java:onNext(421)) - omNode-1@group-523986131536->omNode-2-InstallSnapshotResponseHandler: InstallSnapshot in progress.
2022-09-29 01:23:46,288 [omNode-1@group-523986131536->omNode-2-GrpcLogAppender-LogAppenderDaemon] INFO  server.GrpcLogAppender (GrpcLogAppender.java:installSnapshot(541)) - omNode-1@group-523986131536->omNode-2-GrpcLogAppender: followerNextIndex = 57 but logStartIndex = 59, notify follower to install snapshot-(t:6, i:59)
2022-09-29 01:23:46,288 [omNode-1@group-523986131536->omNode-2-GrpcLogAppender-LogAppenderDaemon] INFO  server.GrpcLogAppender (GrpcLogAppender.java:installSnapshot(549)) - omNode-1@group-523986131536->omNode-2-GrpcLogAppender: send omNode-1->omNode-2#0-t6,notify:(t:6, i:59)
2022-09-29 01:23:46,289 [omNode-2-server-thread1] INFO  server.RaftServer$Division (RaftServerImpl.java:checkInconsistentAppendEntries(1402)) - omNode-2@group-523986131536: Failed appendEntries as snapshot (59) installation is in progress
2022-09-29 01:23:46,289 [omNode-2-server-thread1] INFO  server.RaftServer$Division (RaftServerImpl.java:checkInconsistentAppendEntries(1394)) - omNode-2@group-523986131536: inconsistency entries. Reply:omNode-1<-omNode-2#720:FAIL-t6,INCONSISTENCY,nextIndex=57,followerCommit=56
2022-09-29 01:23:46,289 [grpc-default-executor-0] INFO  impl.SnapshotInstallationHandler (SnapshotInstallationHandler.java:installSnapshot(84)) - omNode-2@group-523986131536: receive installSnapshot: omNode-1->omNode-2#0-t6,notify:(t:6, i:59)
2022-09-29 01:23:46,289 [grpc-default-executor-0] INFO  impl.SnapshotInstallationHandler (SnapshotInstallationHandler.java:installSnapshot(95)) - omNode-2@group-523986131536: reply installSnapshot: omNode-1<-omNode-2#0:FAIL-t6,IN_PROGRESS
2022-09-29 01:23:46,290 [grpc-default-executor-0] INFO  server.GrpcServerProtocolService (GrpcServerProtocolService.java:onCompleted(140)) - omNode-2: Completed INSTALL_SNAPSHOT, lastRequest: omNode-1->omNode-2#0-t6,notify:(t:6, i:59)
2022-09-29 01:23:46,290 [grpc-default-executor-2] INFO  leader.FollowerInfo (FollowerInfoImpl.java:lambda$new$0(48)) - omNode-1@group-523986131536->omNode-2: nextIndex: updateUnconditionally 57 -> 57
2022-09-29 01:23:46,290 [grpc-default-executor-2] INFO  server.GrpcLogAppender (GrpcLogAppender.java:onNext(403)) - omNode-1@group-523986131536->omNode-2-InstallSnapshotResponseHandler: received a reply omNode-1<-omNode-2#0:FAIL-t6,IN_PROGRESS
2022-09-29 01:23:46,290 [grpc-default-executor-2] INFO  server.GrpcLogAppender (GrpcLogAppender.java:onNext(421)) - omNode-1@group-523986131536->omNode-2-InstallSnapshotResponseHandler: InstallSnapshot in progress.
2022-09-29 01:23:46,290 [omNode-1@group-523986131536->omNode-2-GrpcLogAppender-LogAppenderDaemon] INFO  server.GrpcLogAppender (GrpcLogAppender.java:installSnapshot(541)) - omNode-1@group-523986131536->omNode-2-GrpcLogAppender: followerNextIndex = 57 but logStartIndex = 59, notify follower to install snapshot-(t:6, i:59)
2022-09-29 01:23:46,291 [omNode-1@group-523986131536->omNode-2-GrpcLogAppender-LogAppenderDaemon] INFO  server.GrpcLogAppender (GrpcLogAppender.java:installSnapshot(549)) - omNode-1@group-523986131536->omNode-2-GrpcLogAppender: send omNode-1->omNode-2#0-t6,notify:(t:6, i:59)
2022-09-29 01:23:46,291 [omNode-2-server-thread1] INFO  server.RaftServer$Division (RaftServerImpl.java:checkInconsistentAppendEntries(1402)) - omNode-2@group-523986131536: Failed appendEntries as snapshot (59) installation is in progress
2022-09-29 01:23:46,291 [omNode-2-server-thread1] INFO  server.RaftServer$Division (RaftServerImpl.java:checkInconsistentAppendEntries(1394)) - omNode-2@group-523986131536: inconsistency entries. Reply:omNode-1<-omNode-2#721:FAIL-t6,INCONSISTENCY,nextIndex=57,followerCommit=56
2022-09-29 01:23:46,291 [grpc-default-executor-0] INFO  impl.SnapshotInstallationHandler (SnapshotInstallationHandler.java:installSnapshot(84)) - omNode-2@group-523986131536: receive installSnapshot: omNode-1->omNode-2#0-t6,notify:(t:6, i:59)
2022-09-29 01:23:46,292 [grpc-default-executor-0] INFO  impl.SnapshotInstallationHandler (SnapshotInstallationHandler.java:installSnapshot(95)) - omNode-2@group-523986131536: reply installSnapshot: omNode-1<-omNode-2#0:FAIL-t6,IN_PROGRESS
2022-09-29 01:23:46,292 [grpc-default-executor-0] INFO  server.GrpcServerProtocolService (GrpcServerProtocolService.java:onCompleted(140)) - omNode-2: Completed INSTALL_SNAPSHOT, lastRequest: omNode-1->omNode-2#0-t6,notify:(t:6, i:59)
2022-09-29 01:23:46,292 [grpc-default-executor-2] INFO  leader.FollowerInfo (FollowerInfoImpl.java:lambda$new$0(48)) - omNode-1@group-523986131536->omNode-2: nextIndex: updateUnconditionally 57 -> 57
2022-09-29 01:23:46,292 [grpc-default-executor-2] INFO  server.GrpcLogAppender (GrpcLogAppender.java:onNext(403)) - omNode-1@group-523986131536->omNode-2-InstallSnapshotResponseHandler: received a reply omNode-1<-omNode-2#0:FAIL-t6,IN_PROGRESS
2022-09-29 01:23:46,292 [grpc-default-executor-2] INFO  server.GrpcLogAppender (GrpcLogAppender.java:onNext(421)) - omNode-1@group-523986131536->omNode-2-InstallSnapshotResponseHandler: InstallSnapshot in progress.
2022-09-29 01:23:46,293 [omNode-1@group-523986131536->omNode-2-GrpcLogAppender-LogAppenderDaemon] INFO  server.GrpcLogAppender (GrpcLogAppender.java:installSnapshot(541)) - omNode-1@group-523986131536->omNode-2-GrpcLogAppender: followerNextIndex = 57 but logStartIndex = 59, notify follower to install snapshot-(t:6, i:59)
2022-09-29 01:23:46,293 [omNode-1@group-523986131536->omNode-2-GrpcLogAppender-LogAppenderDaemon] INFO  server.GrpcLogAppender (GrpcLogAppender.java:installSnapshot(549)) - omNode-1@group-523986131536->omNode-2-GrpcLogAppender: send omNode-1->omNode-2#0-t6,notify:(t:6, i:59)
2022-09-29 01:23:46,293 [omNode-2-server-thread1] INFO  server.RaftServer$Division (RaftServerImpl.java:checkInconsistentAppendEntries(1402)) - omNode-2@group-523986131536: Failed appendEntries as snapshot (59) installation is in progress
2022-09-29 01:23:46,293 [omNode-2-server-thread1] INFO  server.RaftServer$Division (RaftServerImpl.java:checkInconsistentAppendEntries(1394)) - omNode-2@group-523986131536: inconsistency entries. Reply:omNode-1<-omNode-2#722:FAIL-t6,INCONSISTENCY,nextIndex=57,followerCommit=56
2022-09-29 01:23:46,293 [grpc-default-executor-0] INFO  impl.SnapshotInstallationHandler (SnapshotInstallationHandler.java:installSnapshot(84)) - omNode-2@group-523986131536: receive installSnapshot: omNode-1->omNode-2#0-t6,notify:(t:6, i:59)
2022-09-29 01:23:46,294 [grpc-default-executor-0] INFO  impl.SnapshotInstallationHandler (SnapshotInstallationHandler.java:installSnapshot(95)) - omNode-2@group-523986131536: reply installSnapshot: omNode-1<-omNode-2#0:FAIL-t6,IN_PROGRESS
2022-09-29 01:23:46,294 [grpc-default-executor-0] INFO  server.GrpcServerProtocolService (GrpcServerProtocolService.java:onCompleted(140)) - omNode-2: Completed INSTALL_SNAPSHOT, lastRequest: omNode-1->omNode-2#0-t6,notify:(t:6, i:59)
2022-09-29 01:23:46,295 [grpc-default-executor-2] INFO  leader.FollowerInfo (FollowerInfoImpl.java:lambda$new$0(48)) - omNode-1@group-523986131536->omNode-2: nextIndex: updateUnconditionally 57 -> 57
2022-09-29 01:23:46,295 [grpc-default-executor-2] INFO  server.GrpcLogAppender (GrpcLogAppender.java:onNext(403)) - omNode-1@group-523986131536->omNode-2-InstallSnapshotResponseHandler: received a reply omNode-1<-omNode-2#0:FAIL-t6,IN_PROGRESS
2022-09-29 01:23:46,295 [grpc-default-executor-2] INFO  server.GrpcLogAppender (GrpcLogAppender.java:onNext(421)) - omNode-1@group-523986131536->omNode-2-InstallSnapshotResponseHandler: InstallSnapshot in progress.
2022-09-29 01:23:46,295 [omNode-1@group-523986131536->omNode-2-GrpcLogAppender-LogAppenderDaemon] INFO  server.GrpcLogAppender (GrpcLogAppender.java:installSnapshot(541)) - omNode-1@group-523986131536->omNode-2-GrpcLogAppender: followerNextIndex = 57 but logStartIndex = 59, notify follower to install snapshot-(t:6, i:59)
2022-09-29 01:23:46,296 [omNode-1@group-523986131536->omNode-2-GrpcLogAppender-LogAppenderDaemon] INFO  server.GrpcLogAppender (GrpcLogAppender.java:installSnapshot(549)) - omNode-1@group-523986131536->omNode-2-GrpcLogAppender: send omNode-1->omNode-2#0-t6,notify:(t:6, i:59)
2022-09-29 01:23:46,296 [omNode-2-server-thread1] INFO  server.RaftServer$Division (RaftServerImpl.java:checkInconsistentAppendEntries(1402)) - omNode-2@group-523986131536: Failed appendEntries as snapshot (59) installation is in progress
2022-09-29 01:23:46,296 [omNode-2-server-thread1] INFO  server.RaftServer$Division (RaftServerImpl.java:checkInconsistentAppendEntries(1394)) - omNode-2@group-523986131536: inconsistency entries. Reply:omNode-1<-omNode-2#723:FAIL-t6,INCONSISTENCY,nextIndex=57,followerCommit=56
2022-09-29 01:23:46,296 [grpc-default-executor-0] INFO  impl.SnapshotInstallationHandler (SnapshotInstallationHandler.java:installSnapshot(84)) - omNode-2@group-523986131536: receive installSnapshot: omNode-1->omNode-2#0-t6,notify:(t:6, i:59)
2022-09-29 01:23:46,297 [grpc-default-executor-0] INFO  impl.SnapshotInstallationHandler (SnapshotInstallationHandler.java:installSnapshot(95)) - omNode-2@group-523986131536: reply installSnapshot: omNode-1<-omNode-2#0:FAIL-t6,IN_PROGRESS
2022-09-29 01:23:46,297 [grpc-default-executor-0] INFO  server.GrpcServerProtocolService (GrpcServerProtocolService.java:onCompleted(140)) - omNode-2: Completed INSTALL_SNAPSHOT, lastRequest: omNode-1->omNode-2#0-t6,notify:(t:6, i:59)
2022-09-29 01:23:46,297 [grpc-default-executor-2] INFO  leader.FollowerInfo (FollowerInfoImpl.java:lambda$new$0(48)) - omNode-1@group-523986131536->omNode-2: nextIndex: updateUnconditionally 57 -> 57
2022-09-29 01:23:46,297 [grpc-default-executor-2] INFO  server.GrpcLogAppender (GrpcLogAppender.java:onNext(403)) - omNode-1@group-523986131536->omNode-2-InstallSnapshotResponseHandler: received a reply omNode-1<-omNode-2#0:FAIL-t6,IN_PROGRESS
2022-09-29 01:23:46,297 [grpc-default-executor-2] INFO  server.GrpcLogAppender (GrpcLogAppender.java:onNext(421)) - omNode-1@group-523986131536->omNode-2-InstallSnapshotResponseHandler: InstallSnapshot in progress.
2022-09-29 01:23:46,298 [omNode-1@group-523986131536->omNode-2-GrpcLogAppender-LogAppenderDaemon] INFO  server.GrpcLogAppender (GrpcLogAppender.java:installSnapshot(541)) - omNode-1@group-523986131536->omNode-2-GrpcLogAppender: followerNextIndex = 57 but logStartIndex = 59, notify follower to install snapshot-(t:6, i:59)
2022-09-29 01:23:46,298 [omNode-1@group-523986131536->omNode-2-GrpcLogAppender-LogAppenderDaemon] INFO  server.GrpcLogAppender (GrpcLogAppender.java:installSnapshot(549)) - omNode-1@group-523986131536->omNode-2-GrpcLogAppender: send omNode-1->omNode-2#0-t6,notify:(t:6, i:59)
2022-09-29 01:23:46,298 [omNode-2-server-thread1] INFO  server.RaftServer$Division (RaftServerImpl.java:checkInconsistentAppendEntries(1402)) - omNode-2@group-523986131536: Failed appendEntries as snapshot (59) installation is in progress
2022-09-29 01:23:46,298 [omNode-2-server-thread1] INFO  server.RaftServer$Division (RaftServerImpl.java:checkInconsistentAppendEntries(1394)) - omNode-2@group-523986131536: inconsistency entries. Reply:omNode-1<-omNode-2#724:FAIL-t6,INCONSISTENCY,nextIndex=57,followerCommit=56
2022-09-29 01:23:46,298 [grpc-default-executor-0] INFO  impl.SnapshotInstallationHandler (SnapshotInstallationHandler.java:installSnapshot(84)) - omNode-2@group-523986131536: receive installSnapshot: omNode-1->omNode-2#0-t6,notify:(t:6, i:59)
2022-09-29 01:23:46,299 [grpc-default-executor-0] INFO  impl.SnapshotInstallationHandler (SnapshotInstallationHandler.java:installSnapshot(95)) - omNode-2@group-523986131536: reply installSnapshot: omNode-1<-omNode-2#0:FAIL-t6,IN_PROGRESS
2022-09-29 01:23:46,299 [grpc-default-executor-0] INFO  server.GrpcServerProtocolService (GrpcServerProtocolService.java:onCompleted(140)) - omNode-2: Completed INSTALL_SNAPSHOT, lastRequest: omNode-1->omNode-2#0-t6,notify:(t:6, i:59)
2022-09-29 01:23:46,304 [grpc-default-executor-2] INFO  leader.FollowerInfo (FollowerInfoImpl.java:lambda$new$0(48)) - omNode-1@group-523986131536->omNode-2: nextIndex: updateUnconditionally 57 -> 57
2022-09-29 01:23:46,304 [grpc-default-executor-2] INFO  server.GrpcLogAppender (GrpcLogAppender.java:onNext(403)) - omNode-1@group-523986131536->omNode-2-InstallSnapshotResponseHandler: received a reply omNode-1<-omNode-2#0:FAIL-t6,IN_PROGRESS
2022-09-29 01:23:46,304 [grpc-default-executor-2] INFO  server.GrpcLogAppender (GrpcLogAppender.java:onNext(421)) - omNode-1@group-523986131536->omNode-2-InstallSnapshotResponseHandler: InstallSnapshot in progress.
2022-09-29 01:23:46,304 [omNode-1@group-523986131536->omNode-2-GrpcLogAppender-LogAppenderDaemon] INFO  server.GrpcLogAppender (GrpcLogAppender.java:installSnapshot(541)) - omNode-1@group-523986131536->omNode-2-GrpcLogAppender: followerNextIndex = 57 but logStartIndex = 59, notify follower to install snapshot-(t:6, i:59)
2022-09-29 01:23:46,304 [omNode-1@group-523986131536->omNode-2-GrpcLogAppender-LogAppenderDaemon] INFO  server.GrpcLogAppender (GrpcLogAppender.java:installSnapshot(549)) - omNode-1@group-523986131536->omNode-2-GrpcLogAppender: send omNode-1->omNode-2#0-t6,notify:(t:6, i:59)
2022-09-29 01:23:46,305 [omNode-2-server-thread1] INFO  server.RaftServer$Division (RaftServerImpl.java:checkInconsistentAppendEntries(1402)) - omNode-2@group-523986131536: Failed appendEntries as snapshot (59) installation is in progress
2022-09-29 01:23:46,305 [omNode-2-server-thread1] INFO  server.RaftServer$Division (RaftServerImpl.java:checkInconsistentAppendEntries(1394)) - omNode-2@group-523986131536: inconsistency entries. Reply:omNode-1<-omNode-2#725:FAIL-t6,INCONSISTENCY,nextIndex=57,followerCommit=56
2022-09-29 01:23:46,305 [grpc-default-executor-0] INFO  impl.SnapshotInstallationHandler (SnapshotInstallationHandler.java:installSnapshot(84)) - omNode-2@group-523986131536: receive installSnapshot: omNode-1->omNode-2#0-t6,notify:(t:6, i:59)
2022-09-29 01:23:46,306 [grpc-default-executor-0] INFO  impl.SnapshotInstallationHandler (SnapshotInstallationHandler.java:installSnapshot(95)) - omNode-2@group-523986131536: reply installSnapshot: omNode-1<-omNode-2#0:FAIL-t6,IN_PROGRESS
2022-09-29 01:23:46,306 [grpc-default-executor-0] INFO  server.GrpcServerProtocolService (GrpcServerProtocolService.java:onCompleted(140)) - omNode-2: Completed INSTALL_SNAPSHOT, lastRequest: omNode-1->omNode-2#0-t6,notify:(t:6, i:59)
2022-09-29 01:23:46,310 [grpc-default-executor-2] INFO  leader.FollowerInfo (FollowerInfoImpl.java:lambda$new$0(48)) - omNode-1@group-523986131536->omNode-2: nextIndex: updateUnconditionally 57 -> 57
2022-09-29 01:23:46,310 [grpc-default-executor-2] INFO  server.GrpcLogAppender (GrpcLogAppender.java:onNext(403)) - omNode-1@group-523986131536->omNode-2-InstallSnapshotResponseHandler: received a reply omNode-1<-omNode-2#0:FAIL-t6,IN_PROGRESS
2022-09-29 01:23:46,310 [grpc-default-executor-2] INFO  server.GrpcLogAppender (GrpcLogAppender.java:onNext(421)) - omNode-1@group-523986131536->omNode-2-InstallSnapshotResponseHandler: InstallSnapshot in progress.
2022-09-29 01:23:46,310 [omNode-1@group-523986131536->omNode-2-GrpcLogAppender-LogAppenderDaemon] INFO  server.GrpcLogAppender (GrpcLogAppender.java:installSnapshot(541)) - omNode-1@group-523986131536->omNode-2-GrpcLogAppender: followerNextIndex = 57 but logStartIndex = 59, notify follower to install snapshot-(t:6, i:59)
2022-09-29 01:23:46,310 [omNode-1@group-523986131536->omNode-2-GrpcLogAppender-LogAppenderDaemon] INFO  server.GrpcLogAppender (GrpcLogAppender.java:installSnapshot(549)) - omNode-1@group-523986131536->omNode-2-GrpcLogAppender: send omNode-1->omNode-2#0-t6,notify:(t:6, i:59)
2022-09-29 01:23:46,311 [omNode-2-server-thread1] INFO  server.RaftServer$Division (RaftServerImpl.java:checkInconsistentAppendEntries(1402)) - omNode-2@group-523986131536: Failed appendEntries as snapshot (59) installation is in progress
2022-09-29 01:23:46,311 [omNode-2-server-thread1] INFO  server.RaftServer$Division (RaftServerImpl.java:checkInconsistentAppendEntries(1394)) - omNode-2@group-523986131536: inconsistency entries. Reply:omNode-1<-omNode-2#726:FAIL-t6,INCONSISTENCY,nextIndex=57,followerCommit=56
2022-09-29 01:23:46,313 [grpc-default-executor-0] INFO  impl.SnapshotInstallationHandler (SnapshotInstallationHandler.java:installSnapshot(84)) - omNode-2@group-523986131536: receive installSnapshot: omNode-1->omNode-2#0-t6,notify:(t:6, i:59)
2022-09-29 01:23:46,313 [grpc-default-executor-0] INFO  impl.SnapshotInstallationHandler (SnapshotInstallationHandler.java:installSnapshot(95)) - omNode-2@group-523986131536: reply installSnapshot: omNode-1<-omNode-2#0:FAIL-t6,IN_PROGRESS
2022-09-29 01:23:46,313 [grpc-default-executor-0] INFO  server.GrpcServerProtocolService (GrpcServerProtocolService.java:onCompleted(140)) - omNode-2: Completed INSTALL_SNAPSHOT, lastRequest: omNode-1->omNode-2#0-t6,notify:(t:6, i:59)
2022-09-29 01:23:46,314 [grpc-default-executor-2] INFO  leader.FollowerInfo (FollowerInfoImpl.java:lambda$new$0(48)) - omNode-1@group-523986131536->omNode-2: nextIndex: updateUnconditionally 57 -> 57
2022-09-29 01:23:46,314 [grpc-default-executor-2] INFO  server.GrpcLogAppender (GrpcLogAppender.java:onNext(403)) - omNode-1@group-523986131536->omNode-2-InstallSnapshotResponseHandler: received a reply omNode-1<-omNode-2#0:FAIL-t6,IN_PROGRESS
2022-09-29 01:23:46,314 [grpc-default-executor-2] INFO  server.GrpcLogAppender (GrpcLogAppender.java:onNext(421)) - omNode-1@group-523986131536->omNode-2-InstallSnapshotResponseHandler: InstallSnapshot in progress.
2022-09-29 01:23:46,314 [omNode-1@group-523986131536->omNode-2-GrpcLogAppender-LogAppenderDaemon] INFO  server.GrpcLogAppender (GrpcLogAppender.java:installSnapshot(541)) - omNode-1@group-523986131536->omNode-2-GrpcLogAppender: followerNextIndex = 57 but logStartIndex = 59, notify follower to install snapshot-(t:6, i:59)
2022-09-29 01:23:46,314 [omNode-1@group-523986131536->omNode-2-GrpcLogAppender-LogAppenderDaemon] INFO  server.GrpcLogAppender (GrpcLogAppender.java:installSnapshot(549)) - omNode-1@group-523986131536->omNode-2-GrpcLogAppender: send omNode-1->omNode-2#0-t6,notify:(t:6, i:59)
2022-09-29 01:23:46,315 [omNode-2-server-thread1] INFO  server.RaftServer$Division (RaftServerImpl.java:checkInconsistentAppendEntries(1402)) - omNode-2@group-523986131536: Failed appendEntries as snapshot (59) installation is in progress
2022-09-29 01:23:46,315 [omNode-2-server-thread1] INFO  server.RaftServer$Division (RaftServerImpl.java:checkInconsistentAppendEntries(1394)) - omNode-2@group-523986131536: inconsistency entries. Reply:omNode-1<-omNode-2#727:FAIL-t6,INCONSISTENCY,nextIndex=57,followerCommit=56
2022-09-29 01:23:46,315 [grpc-default-executor-0] INFO  impl.SnapshotInstallationHandler (SnapshotInstallationHandler.java:installSnapshot(84)) - omNode-2@group-523986131536: receive installSnapshot: omNode-1->omNode-2#0-t6,notify:(t:6, i:59)
2022-09-29 01:23:46,315 [grpc-default-executor-0] INFO  impl.SnapshotInstallationHandler (SnapshotInstallationHandler.java:installSnapshot(95)) - omNode-2@group-523986131536: reply installSnapshot: omNode-1<-omNode-2#0:FAIL-t6,IN_PROGRESS
2022-09-29 01:23:46,315 [grpc-default-executor-0] INFO  server.GrpcServerProtocolService (GrpcServerProtocolService.java:onCompleted(140)) - omNode-2: Completed INSTALL_SNAPSHOT, lastRequest: omNode-1->omNode-2#0-t6,notify:(t:6, i:59)
2022-09-29 01:23:46,316 [grpc-default-executor-2] INFO  leader.FollowerInfo (FollowerInfoImpl.java:lambda$new$0(48)) - omNode-1@group-523986131536->omNode-2: nextIndex: updateUnconditionally 57 -> 57
2022-09-29 01:23:46,316 [grpc-default-executor-2] INFO  server.GrpcLogAppender (GrpcLogAppender.java:onNext(403)) - omNode-1@group-523986131536->omNode-2-InstallSnapshotResponseHandler: received a reply omNode-1<-omNode-2#0:FAIL-t6,IN_PROGRESS
2022-09-29 01:23:46,316 [grpc-default-executor-2] INFO  server.GrpcLogAppender (GrpcLogAppender.java:onNext(421)) - omNode-1@group-523986131536->omNode-2-InstallSnapshotResponseHandler: InstallSnapshot in progress.
2022-09-29 01:23:46,316 [omNode-1@group-523986131536->omNode-2-GrpcLogAppender-LogAppenderDaemon] INFO  server.GrpcLogAppender (GrpcLogAppender.java:installSnapshot(541)) - omNode-1@group-523986131536->omNode-2-GrpcLogAppender: followerNextIndex = 57 but logStartIndex = 59, notify follower to install snapshot-(t:6, i:59)
2022-09-29 01:23:46,316 [omNode-1@group-523986131536->omNode-2-GrpcLogAppender-LogAppenderDaemon] INFO  server.GrpcLogAppender (GrpcLogAppender.java:installSnapshot(549)) - omNode-1@group-523986131536->omNode-2-GrpcLogAppender: send omNode-1->omNode-2#0-t6,notify:(t:6, i:59)
2022-09-29 01:23:46,317 [omNode-2-server-thread1] INFO  server.RaftServer$Division (RaftServerImpl.java:checkInconsistentAppendEntries(1402)) - omNode-2@group-523986131536: Failed appendEntries as snapshot (59) installation is in progress
2022-09-29 01:23:46,317 [omNode-2-server-thread1] INFO  server.RaftServer$Division (RaftServerImpl.java:checkInconsistentAppendEntries(1394)) - omNode-2@group-523986131536: inconsistency entries. Reply:omNode-1<-omNode-2#728:FAIL-t6,INCONSISTENCY,nextIndex=57,followerCommit=56
2022-09-29 01:23:46,317 [grpc-default-executor-0] INFO  impl.SnapshotInstallationHandler (SnapshotInstallationHandler.java:installSnapshot(84)) - omNode-2@group-523986131536: receive installSnapshot: omNode-1->omNode-2#0-t6,notify:(t:6, i:59)
2022-09-29 01:23:46,317 [grpc-default-executor-0] INFO  impl.SnapshotInstallationHandler (SnapshotInstallationHandler.java:installSnapshot(95)) - omNode-2@group-523986131536: reply installSnapshot: omNode-1<-omNode-2#0:FAIL-t6,IN_PROGRESS
2022-09-29 01:23:46,318 [grpc-default-executor-0] INFO  server.GrpcServerProtocolService (GrpcServerProtocolService.java:onCompleted(140)) - omNode-2: Completed INSTALL_SNAPSHOT, lastRequest: omNode-1->omNode-2#0-t6,notify:(t:6, i:59)
2022-09-29 01:23:46,318 [grpc-default-executor-2] INFO  leader.FollowerInfo (FollowerInfoImpl.java:lambda$new$0(48)) - omNode-1@group-523986131536->omNode-2: nextIndex: updateUnconditionally 57 -> 57
2022-09-29 01:23:46,318 [grpc-default-executor-2] INFO  server.GrpcLogAppender (GrpcLogAppender.java:onNext(403)) - omNode-1@group-523986131536->omNode-2-InstallSnapshotResponseHandler: received a reply omNode-1<-omNode-2#0:FAIL-t6,IN_PROGRESS
2022-09-29 01:23:46,318 [grpc-default-executor-2] INFO  server.GrpcLogAppender (GrpcLogAppender.java:onNext(421)) - omNode-1@group-523986131536->omNode-2-InstallSnapshotResponseHandler: InstallSnapshot in progress.
2022-09-29 01:23:46,318 [omNode-1@group-523986131536->omNode-2-GrpcLogAppender-LogAppenderDaemon] INFO  server.GrpcLogAppender (GrpcLogAppender.java:installSnapshot(541)) - omNode-1@group-523986131536->omNode-2-GrpcLogAppender: followerNextIndex = 57 but logStartIndex = 59, notify follower to install snapshot-(t:6, i:59)
2022-09-29 01:23:46,318 [omNode-1@group-523986131536->omNode-2-GrpcLogAppender-LogAppenderDaemon] INFO  server.GrpcLogAppender (GrpcLogAppender.java:installSnapshot(549)) - omNode-1@group-523986131536->omNode-2-GrpcLogAppender: send omNode-1->omNode-2#0-t6,notify:(t:6, i:59)
2022-09-29 01:23:46,319 [omNode-2-server-thread1] INFO  server.RaftServer$Division (RaftServerImpl.java:checkInconsistentAppendEntries(1402)) - omNode-2@group-523986131536: Failed appendEntries as snapshot (59) installation is in progress
2022-09-29 01:23:46,319 [omNode-2-server-thread1] INFO  server.RaftServer$Division (RaftServerImpl.java:checkInconsistentAppendEntries(1394)) - omNode-2@group-523986131536: inconsistency entries. Reply:omNode-1<-omNode-2#729:FAIL-t6,INCONSISTENCY,nextIndex=57,followerCommit=56
2022-09-29 01:23:46,319 [grpc-default-executor-0] INFO  impl.SnapshotInstallationHandler (SnapshotInstallationHandler.java:installSnapshot(84)) - omNode-2@group-523986131536: receive installSnapshot: omNode-1->omNode-2#0-t6,notify:(t:6, i:59)
2022-09-29 01:23:46,319 [grpc-default-executor-0] INFO  impl.SnapshotInstallationHandler (SnapshotInstallationHandler.java:installSnapshot(95)) - omNode-2@group-523986131536: reply installSnapshot: omNode-1<-omNode-2#0:FAIL-t6,IN_PROGRESS
2022-09-29 01:23:46,320 [grpc-default-executor-0] INFO  server.GrpcServerProtocolService (GrpcServerProtocolService.java:onCompleted(140)) - omNode-2: Completed INSTALL_SNAPSHOT, lastRequest: omNode-1->omNode-2#0-t6,notify:(t:6, i:59)
2022-09-29 01:23:46,320 [grpc-default-executor-2] INFO  leader.FollowerInfo (FollowerInfoImpl.java:lambda$new$0(48)) - omNode-1@group-523986131536->omNode-2: nextIndex: updateUnconditionally 57 -> 57
2022-09-29 01:23:46,320 [grpc-default-executor-2] INFO  server.GrpcLogAppender (GrpcLogAppender.java:onNext(403)) - omNode-1@group-523986131536->omNode-2-InstallSnapshotResponseHandler: received a reply omNode-1<-omNode-2#0:FAIL-t6,IN_PROGRESS
2022-09-29 01:23:46,320 [grpc-default-executor-2] INFO  server.GrpcLogAppender (GrpcLogAppender.java:onNext(421)) - omNode-1@group-523986131536->omNode-2-InstallSnapshotResponseHandler: InstallSnapshot in progress.
2022-09-29 01:23:46,320 [omNode-1@group-523986131536->omNode-2-GrpcLogAppender-LogAppenderDaemon] INFO  server.GrpcLogAppender (GrpcLogAppender.java:installSnapshot(541)) - omNode-1@group-523986131536->omNode-2-GrpcLogAppender: followerNextIndex = 57 but logStartIndex = 59, notify follower to install snapshot-(t:6, i:59)
2022-09-29 01:23:46,320 [omNode-1@group-523986131536->omNode-2-GrpcLogAppender-LogAppenderDaemon] INFO  server.GrpcLogAppender (GrpcLogAppender.java:installSnapshot(549)) - omNode-1@group-523986131536->omNode-2-GrpcLogAppender: send omNode-1->omNode-2#0-t6,notify:(t:6, i:59)
2022-09-29 01:23:46,321 [omNode-2-server-thread1] INFO  server.RaftServer$Division (RaftServerImpl.java:checkInconsistentAppendEntries(1402)) - omNode-2@group-523986131536: Failed appendEntries as snapshot (59) installation is in progress
2022-09-29 01:23:46,321 [omNode-2-server-thread1] INFO  server.RaftServer$Division (RaftServerImpl.java:checkInconsistentAppendEntries(1394)) - omNode-2@group-523986131536: inconsistency entries. Reply:omNode-1<-omNode-2#730:FAIL-t6,INCONSISTENCY,nextIndex=57,followerCommit=56
2022-09-29 01:23:46,321 [grpc-default-executor-1] INFO  impl.SnapshotInstallationHandler (SnapshotInstallationHandler.java:installSnapshot(84)) - omNode-2@group-523986131536: receive installSnapshot: omNode-1->omNode-2#0-t6,notify:(t:6, i:59)
2022-09-29 01:23:46,321 [grpc-default-executor-1] INFO  impl.SnapshotInstallationHandler (SnapshotInstallationHandler.java:installSnapshot(95)) - omNode-2@group-523986131536: reply installSnapshot: omNode-1<-omNode-2#0:FAIL-t6,IN_PROGRESS
2022-09-29 01:23:46,322 [grpc-default-executor-1] INFO  server.GrpcServerProtocolService (GrpcServerProtocolService.java:onCompleted(140)) - omNode-2: Completed INSTALL_SNAPSHOT, lastRequest: omNode-1->omNode-2#0-t6,notify:(t:6, i:59)
2022-09-29 01:23:46,322 [grpc-default-executor-2] INFO  leader.FollowerInfo (FollowerInfoImpl.java:lambda$new$0(48)) - omNode-1@group-523986131536->omNode-2: nextIndex: updateUnconditionally 57 -> 57
2022-09-29 01:23:46,322 [grpc-default-executor-2] INFO  server.GrpcLogAppender (GrpcLogAppender.java:onNext(403)) - omNode-1@group-523986131536->omNode-2-InstallSnapshotResponseHandler: received a reply omNode-1<-omNode-2#0:FAIL-t6,IN_PROGRESS
2022-09-29 01:23:46,322 [grpc-default-executor-2] INFO  server.GrpcLogAppender (GrpcLogAppender.java:onNext(421)) - omNode-1@group-523986131536->omNode-2-InstallSnapshotResponseHandler: InstallSnapshot in progress.
2022-09-29 01:23:46,322 [omNode-1@group-523986131536->omNode-2-GrpcLogAppender-LogAppenderDaemon] INFO  server.GrpcLogAppender (GrpcLogAppender.java:installSnapshot(541)) - omNode-1@group-523986131536->omNode-2-GrpcLogAppender: followerNextIndex = 57 but logStartIndex = 59, notify follower to install snapshot-(t:6, i:59)
2022-09-29 01:23:46,323 [omNode-1@group-523986131536->omNode-2-GrpcLogAppender-LogAppenderDaemon] INFO  server.GrpcLogAppender (GrpcLogAppender.java:installSnapshot(549)) - omNode-1@group-523986131536->omNode-2-GrpcLogAppender: send omNode-1->omNode-2#0-t6,notify:(t:6, i:59)
2022-09-29 01:23:46,323 [omNode-2-server-thread1] INFO  server.RaftServer$Division (RaftServerImpl.java:checkInconsistentAppendEntries(1402)) - omNode-2@group-523986131536: Failed appendEntries as snapshot (59) installation is in progress
2022-09-29 01:23:46,323 [omNode-2-server-thread1] INFO  server.RaftServer$Division (RaftServerImpl.java:checkInconsistentAppendEntries(1394)) - omNode-2@group-523986131536: inconsistency entries. Reply:omNode-1<-omNode-2#731:FAIL-t6,INCONSISTENCY,nextIndex=57,followerCommit=56
2022-09-29 01:23:46,323 [grpc-default-executor-1] INFO  impl.SnapshotInstallationHandler (SnapshotInstallationHandler.java:installSnapshot(84)) - omNode-2@group-523986131536: receive installSnapshot: omNode-1->omNode-2#0-t6,notify:(t:6, i:59)
2022-09-29 01:23:46,324 [grpc-default-executor-1] INFO  impl.SnapshotInstallationHandler (SnapshotInstallationHandler.java:installSnapshot(95)) - omNode-2@group-523986131536: reply installSnapshot: omNode-1<-omNode-2#0:FAIL-t6,IN_PROGRESS
2022-09-29 01:23:46,324 [grpc-default-executor-1] INFO  server.GrpcServerProtocolService (GrpcServerProtocolService.java:onCompleted(140)) - omNode-2: Completed INSTALL_SNAPSHOT, lastRequest: omNode-1->omNode-2#0-t6,notify:(t:6, i:59)
2022-09-29 01:23:46,324 [grpc-default-executor-2] INFO  leader.FollowerInfo (FollowerInfoImpl.java:lambda$new$0(48)) - omNode-1@group-523986131536->omNode-2: nextIndex: updateUnconditionally 57 -> 57
2022-09-29 01:23:46,324 [grpc-default-executor-2] INFO  server.GrpcLogAppender (GrpcLogAppender.java:onNext(403)) - omNode-1@group-523986131536->omNode-2-InstallSnapshotResponseHandler: received a reply omNode-1<-omNode-2#0:FAIL-t6,IN_PROGRESS
2022-09-29 01:23:46,324 [grpc-default-executor-2] INFO  server.GrpcLogAppender (GrpcLogAppender.java:onNext(421)) - omNode-1@group-523986131536->omNode-2-InstallSnapshotResponseHandler: InstallSnapshot in progress.
2022-09-29 01:23:46,324 [omNode-1@group-523986131536->omNode-2-GrpcLogAppender-LogAppenderDaemon] INFO  server.GrpcLogAppender (GrpcLogAppender.java:installSnapshot(541)) - omNode-1@group-523986131536->omNode-2-GrpcLogAppender: followerNextIndex = 57 but logStartIndex = 59, notify follower to install snapshot-(t:6, i:59)
2022-09-29 01:23:46,325 [omNode-1@group-523986131536->omNode-2-GrpcLogAppender-LogAppenderDaemon] INFO  server.GrpcLogAppender (GrpcLogAppender.java:installSnapshot(549)) - omNode-1@group-523986131536->omNode-2-GrpcLogAppender: send omNode-1->omNode-2#0-t6,notify:(t:6, i:59)
2022-09-29 01:23:46,325 [omNode-2-server-thread1] INFO  server.RaftServer$Division (RaftServerImpl.java:checkInconsistentAppendEntries(1402)) - omNode-2@group-523986131536: Failed appendEntries as snapshot (59) installation is in progress
2022-09-29 01:23:46,325 [omNode-2-server-thread1] INFO  server.RaftServer$Division (RaftServerImpl.java:checkInconsistentAppendEntries(1394)) - omNode-2@group-523986131536: inconsistency entries. Reply:omNode-1<-omNode-2#732:FAIL-t6,INCONSISTENCY,nextIndex=57,followerCommit=56
2022-09-29 01:23:46,325 [grpc-default-executor-1] INFO  impl.SnapshotInstallationHandler (SnapshotInstallationHandler.java:installSnapshot(84)) - omNode-2@group-523986131536: receive installSnapshot: omNode-1->omNode-2#0-t6,notify:(t:6, i:59)
2022-09-29 01:23:46,326 [grpc-default-executor-1] INFO  impl.SnapshotInstallationHandler (SnapshotInstallationHandler.java:installSnapshot(95)) - omNode-2@group-523986131536: reply installSnapshot: omNode-1<-omNode-2#0:FAIL-t6,IN_PROGRESS
2022-09-29 01:23:46,326 [grpc-default-executor-1] INFO  server.GrpcServerProtocolService (GrpcServerProtocolService.java:onCompleted(140)) - omNode-2: Completed INSTALL_SNAPSHOT, lastRequest: omNode-1->omNode-2#0-t6,notify:(t:6, i:59)
2022-09-29 01:23:46,326 [grpc-default-executor-2] INFO  leader.FollowerInfo (FollowerInfoImpl.java:lambda$new$0(48)) - omNode-1@group-523986131536->omNode-2: nextIndex: updateUnconditionally 57 -> 57
2022-09-29 01:23:46,326 [grpc-default-executor-2] INFO  server.GrpcLogAppender (GrpcLogAppender.java:onNext(403)) - omNode-1@group-523986131536->omNode-2-InstallSnapshotResponseHandler: received a reply omNode-1<-omNode-2#0:FAIL-t6,IN_PROGRESS
2022-09-29 01:23:46,326 [grpc-default-executor-2] INFO  server.GrpcLogAppender (GrpcLogAppender.java:onNext(421)) - omNode-1@group-523986131536->omNode-2-InstallSnapshotResponseHandler: InstallSnapshot in progress.
2022-09-29 01:23:46,326 [omNode-1@group-523986131536->omNode-2-GrpcLogAppender-LogAppenderDaemon] INFO  server.GrpcLogAppender (GrpcLogAppender.java:installSnapshot(541)) - omNode-1@group-523986131536->omNode-2-GrpcLogAppender: followerNextIndex = 57 but logStartIndex = 59, notify follower to install snapshot-(t:6, i:59)
2022-09-29 01:23:46,327 [omNode-1@group-523986131536->omNode-2-GrpcLogAppender-LogAppenderDaemon] INFO  server.GrpcLogAppender (GrpcLogAppender.java:installSnapshot(549)) - omNode-1@group-523986131536->omNode-2-GrpcLogAppender: send omNode-1->omNode-2#0-t6,notify:(t:6, i:59)
2022-09-29 01:23:46,327 [omNode-2-server-thread1] INFO  server.RaftServer$Division (RaftServerImpl.java:checkInconsistentAppendEntries(1402)) - omNode-2@group-523986131536: Failed appendEntries as snapshot (59) installation is in progress
2022-09-29 01:23:46,327 [omNode-2-server-thread1] INFO  server.RaftServer$Division (RaftServerImpl.java:checkInconsistentAppendEntries(1394)) - omNode-2@group-523986131536: inconsistency entries. Reply:omNode-1<-omNode-2#733:FAIL-t6,INCONSISTENCY,nextIndex=57,followerCommit=56
2022-09-29 01:23:46,327 [grpc-default-executor-1] INFO  impl.SnapshotInstallationHandler (SnapshotInstallationHandler.java:installSnapshot(84)) - omNode-2@group-523986131536: receive installSnapshot: omNode-1->omNode-2#0-t6,notify:(t:6, i:59)
2022-09-29 01:23:46,328 [grpc-default-executor-1] INFO  impl.SnapshotInstallationHandler (SnapshotInstallationHandler.java:installSnapshot(95)) - omNode-2@group-523986131536: reply installSnapshot: omNode-1<-omNode-2#0:FAIL-t6,IN_PROGRESS
2022-09-29 01:23:46,328 [grpc-default-executor-1] INFO  server.GrpcServerProtocolService (GrpcServerProtocolService.java:onCompleted(140)) - omNode-2: Completed INSTALL_SNAPSHOT, lastRequest: omNode-1->omNode-2#0-t6,notify:(t:6, i:59)
2022-09-29 01:23:46,328 [grpc-default-executor-2] INFO  leader.FollowerInfo (FollowerInfoImpl.java:lambda$new$0(48)) - omNode-1@group-523986131536->omNode-2: nextIndex: updateUnconditionally 57 -> 57
2022-09-29 01:23:46,328 [grpc-default-executor-2] INFO  server.GrpcLogAppender (GrpcLogAppender.java:onNext(403)) - omNode-1@group-523986131536->omNode-2-InstallSnapshotResponseHandler: received a reply omNode-1<-omNode-2#0:FAIL-t6,IN_PROGRESS
2022-09-29 01:23:46,328 [grpc-default-executor-2] INFO  server.GrpcLogAppender (GrpcLogAppender.java:onNext(421)) - omNode-1@group-523986131536->omNode-2-InstallSnapshotResponseHandler: InstallSnapshot in progress.
2022-09-29 01:23:46,328 [omNode-1@group-523986131536->omNode-2-GrpcLogAppender-LogAppenderDaemon] INFO  server.GrpcLogAppender (GrpcLogAppender.java:installSnapshot(541)) - omNode-1@group-523986131536->omNode-2-GrpcLogAppender: followerNextIndex = 57 but logStartIndex = 59, notify follower to install snapshot-(t:6, i:59)
2022-09-29 01:23:46,329 [omNode-1@group-523986131536->omNode-2-GrpcLogAppender-LogAppenderDaemon] INFO  server.GrpcLogAppender (GrpcLogAppender.java:installSnapshot(549)) - omNode-1@group-523986131536->omNode-2-GrpcLogAppender: send omNode-1->omNode-2#0-t6,notify:(t:6, i:59)
2022-09-29 01:23:46,329 [omNode-2-server-thread1] INFO  server.RaftServer$Division (RaftServerImpl.java:checkInconsistentAppendEntries(1402)) - omNode-2@group-523986131536: Failed appendEntries as snapshot (59) installation is in progress
2022-09-29 01:23:46,329 [omNode-2-server-thread1] INFO  server.RaftServer$Division (RaftServerImpl.java:checkInconsistentAppendEntries(1394)) - omNode-2@group-523986131536: inconsistency entries. Reply:omNode-1<-omNode-2#734:FAIL-t6,INCONSISTENCY,nextIndex=57,followerCommit=56
2022-09-29 01:23:46,329 [grpc-default-executor-1] INFO  impl.SnapshotInstallationHandler (SnapshotInstallationHandler.java:installSnapshot(84)) - omNode-2@group-523986131536: receive installSnapshot: omNode-1->omNode-2#0-t6,notify:(t:6, i:59)
2022-09-29 01:23:46,330 [grpc-default-executor-1] INFO  impl.SnapshotInstallationHandler (SnapshotInstallationHandler.java:installSnapshot(95)) - omNode-2@group-523986131536: reply installSnapshot: omNode-1<-omNode-2#0:FAIL-t6,IN_PROGRESS
2022-09-29 01:23:46,330 [grpc-default-executor-1] INFO  server.GrpcServerProtocolService (GrpcServerProtocolService.java:onCompleted(140)) - omNode-2: Completed INSTALL_SNAPSHOT, lastRequest: omNode-1->omNode-2#0-t6,notify:(t:6, i:59)
2022-09-29 01:23:46,330 [grpc-default-executor-2] INFO  leader.FollowerInfo (FollowerInfoImpl.java:lambda$new$0(48)) - omNode-1@group-523986131536->omNode-2: nextIndex: updateUnconditionally 57 -> 57
2022-09-29 01:23:46,330 [grpc-default-executor-2] INFO  server.GrpcLogAppender (GrpcLogAppender.java:onNext(403)) - omNode-1@group-523986131536->omNode-2-InstallSnapshotResponseHandler: received a reply omNode-1<-omNode-2#0:FAIL-t6,IN_PROGRESS
2022-09-29 01:23:46,330 [grpc-default-executor-2] INFO  server.GrpcLogAppender (GrpcLogAppender.java:onNext(421)) - omNode-1@group-523986131536->omNode-2-InstallSnapshotResponseHandler: InstallSnapshot in progress.
2022-09-29 01:23:46,330 [omNode-1@group-523986131536->omNode-2-GrpcLogAppender-LogAppenderDaemon] INFO  server.GrpcLogAppender (GrpcLogAppender.java:installSnapshot(541)) - omNode-1@group-523986131536->omNode-2-GrpcLogAppender: followerNextIndex = 57 but logStartIndex = 59, notify follower to install snapshot-(t:6, i:59)
2022-09-29 01:23:46,331 [omNode-1@group-523986131536->omNode-2-GrpcLogAppender-LogAppenderDaemon] INFO  server.GrpcLogAppender (GrpcLogAppender.java:installSnapshot(549)) - omNode-1@group-523986131536->omNode-2-GrpcLogAppender: send omNode-1->omNode-2#0-t6,notify:(t:6, i:59)
2022-09-29 01:23:46,331 [omNode-2-server-thread1] INFO  server.RaftServer$Division (RaftServerImpl.java:checkInconsistentAppendEntries(1402)) - omNode-2@group-523986131536: Failed appendEntries as snapshot (59) installation is in progress
2022-09-29 01:23:46,331 [omNode-2-server-thread1] INFO  server.RaftServer$Division (RaftServerImpl.java:checkInconsistentAppendEntries(1394)) - omNode-2@group-523986131536: inconsistency entries. Reply:omNode-1<-omNode-2#735:FAIL-t6,INCONSISTENCY,nextIndex=57,followerCommit=56
2022-09-29 01:23:46,331 [grpc-default-executor-1] INFO  impl.SnapshotInstallationHandler (SnapshotInstallationHandler.java:installSnapshot(84)) - omNode-2@group-523986131536: receive installSnapshot: omNode-1->omNode-2#0-t6,notify:(t:6, i:59)
2022-09-29 01:23:46,331 [grpc-default-executor-1] INFO  impl.SnapshotInstallationHandler (SnapshotInstallationHandler.java:installSnapshot(95)) - omNode-2@group-523986131536: reply installSnapshot: omNode-1<-omNode-2#0:FAIL-t6,IN_PROGRESS
2022-09-29 01:23:46,332 [grpc-default-executor-1] INFO  server.GrpcServerProtocolService (GrpcServerProtocolService.java:onCompleted(140)) - omNode-2: Completed INSTALL_SNAPSHOT, lastRequest: omNode-1->omNode-2#0-t6,notify:(t:6, i:59)
2022-09-29 01:23:46,332 [grpc-default-executor-2] INFO  leader.FollowerInfo (FollowerInfoImpl.java:lambda$new$0(48)) - omNode-1@group-523986131536->omNode-2: nextIndex: updateUnconditionally 57 -> 57
2022-09-29 01:23:46,332 [grpc-default-executor-2] INFO  server.GrpcLogAppender (GrpcLogAppender.java:onNext(403)) - omNode-1@group-523986131536->omNode-2-InstallSnapshotResponseHandler: received a reply omNode-1<-omNode-2#0:FAIL-t6,IN_PROGRESS
2022-09-29 01:23:46,332 [grpc-default-executor-2] INFO  server.GrpcLogAppender (GrpcLogAppender.java:onNext(421)) - omNode-1@group-523986131536->omNode-2-InstallSnapshotResponseHandler: InstallSnapshot in progress.
2022-09-29 01:23:46,332 [omNode-1@group-523986131536->omNode-2-GrpcLogAppender-LogAppenderDaemon] INFO  server.GrpcLogAppender (GrpcLogAppender.java:installSnapshot(541)) - omNode-1@group-523986131536->omNode-2-GrpcLogAppender: followerNextIndex = 57 but logStartIndex = 59, notify follower to install snapshot-(t:6, i:59)
2022-09-29 01:23:46,333 [omNode-1@group-523986131536->omNode-2-GrpcLogAppender-LogAppenderDaemon] INFO  server.GrpcLogAppender (GrpcLogAppender.java:installSnapshot(549)) - omNode-1@group-523986131536->omNode-2-GrpcLogAppender: send omNode-1->omNode-2#0-t6,notify:(t:6, i:59)
2022-09-29 01:23:46,333 [omNode-2-server-thread1] INFO  server.RaftServer$Division (RaftServerImpl.java:checkInconsistentAppendEntries(1402)) - omNode-2@group-523986131536: Failed appendEntries as snapshot (59) installation is in progress
2022-09-29 01:23:46,333 [omNode-2-server-thread1] INFO  server.RaftServer$Division (RaftServerImpl.java:checkInconsistentAppendEntries(1394)) - omNode-2@group-523986131536: inconsistency entries. Reply:omNode-1<-omNode-2#736:FAIL-t6,INCONSISTENCY,nextIndex=57,followerCommit=56
2022-09-29 01:23:46,333 [grpc-default-executor-1] INFO  impl.SnapshotInstallationHandler (SnapshotInstallationHandler.java:installSnapshot(84)) - omNode-2@group-523986131536: receive installSnapshot: omNode-1->omNode-2#0-t6,notify:(t:6, i:59)
2022-09-29 01:23:46,333 [grpc-default-executor-1] INFO  impl.SnapshotInstallationHandler (SnapshotInstallationHandler.java:installSnapshot(95)) - omNode-2@group-523986131536: reply installSnapshot: omNode-1<-omNode-2#0:FAIL-t6,IN_PROGRESS
2022-09-29 01:23:46,334 [grpc-default-executor-1] INFO  server.GrpcServerProtocolService (GrpcServerProtocolService.java:onCompleted(140)) - omNode-2: Completed INSTALL_SNAPSHOT, lastRequest: omNode-1->omNode-2#0-t6,notify:(t:6, i:59)
2022-09-29 01:23:46,335 [grpc-default-executor-2] INFO  leader.FollowerInfo (FollowerInfoImpl.java:lambda$new$0(48)) - omNode-1@group-523986131536->omNode-2: nextIndex: updateUnconditionally 57 -> 57
2022-09-29 01:23:46,336 [grpc-default-executor-2] INFO  server.GrpcLogAppender (GrpcLogAppender.java:onNext(403)) - omNode-1@group-523986131536->omNode-2-InstallSnapshotResponseHandler: received a reply omNode-1<-omNode-2#0:FAIL-t6,IN_PROGRESS
2022-09-29 01:23:46,336 [grpc-default-executor-2] INFO  server.GrpcLogAppender (GrpcLogAppender.java:onNext(421)) - omNode-1@group-523986131536->omNode-2-InstallSnapshotResponseHandler: InstallSnapshot in progress.
2022-09-29 01:23:46,336 [omNode-1@group-523986131536->omNode-2-GrpcLogAppender-LogAppenderDaemon] INFO  server.GrpcLogAppender (GrpcLogAppender.java:installSnapshot(541)) - omNode-1@group-523986131536->omNode-2-GrpcLogAppender: followerNextIndex = 57 but logStartIndex = 59, notify follower to install snapshot-(t:6, i:59)
2022-09-29 01:23:46,336 [omNode-1@group-523986131536->omNode-2-GrpcLogAppender-LogAppenderDaemon] INFO  server.GrpcLogAppender (GrpcLogAppender.java:installSnapshot(549)) - omNode-1@group-523986131536->omNode-2-GrpcLogAppender: send omNode-1->omNode-2#0-t6,notify:(t:6, i:59)
2022-09-29 01:23:46,337 [omNode-2-server-thread1] INFO  server.RaftServer$Division (RaftServerImpl.java:checkInconsistentAppendEntries(1402)) - omNode-2@group-523986131536: Failed appendEntries as snapshot (59) installation is in progress
2022-09-29 01:23:46,337 [omNode-2-server-thread1] INFO  server.RaftServer$Division (RaftServerImpl.java:checkInconsistentAppendEntries(1394)) - omNode-2@group-523986131536: inconsistency entries. Reply:omNode-1<-omNode-2#737:FAIL-t6,INCONSISTENCY,nextIndex=57,followerCommit=56
2022-09-29 01:23:46,337 [grpc-default-executor-1] INFO  impl.SnapshotInstallationHandler (SnapshotInstallationHandler.java:installSnapshot(84)) - omNode-2@group-523986131536: receive installSnapshot: omNode-1->omNode-2#0-t6,notify:(t:6, i:59)
2022-09-29 01:23:46,337 [grpc-default-executor-1] INFO  impl.SnapshotInstallationHandler (SnapshotInstallationHandler.java:installSnapshot(95)) - omNode-2@group-523986131536: reply installSnapshot: omNode-1<-omNode-2#0:FAIL-t6,IN_PROGRESS
2022-09-29 01:23:46,337 [grpc-default-executor-1] INFO  server.GrpcServerProtocolService (GrpcServerProtocolService.java:onCompleted(140)) - omNode-2: Completed INSTALL_SNAPSHOT, lastRequest: omNode-1->omNode-2#0-t6,notify:(t:6, i:59)
2022-09-29 01:23:46,338 [grpc-default-executor-2] INFO  leader.FollowerInfo (FollowerInfoImpl.java:lambda$new$0(48)) - omNode-1@group-523986131536->omNode-2: nextIndex: updateUnconditionally 57 -> 57
2022-09-29 01:23:46,338 [grpc-default-executor-2] INFO  server.GrpcLogAppender (GrpcLogAppender.java:onNext(403)) - omNode-1@group-523986131536->omNode-2-InstallSnapshotResponseHandler: received a reply omNode-1<-omNode-2#0:FAIL-t6,IN_PROGRESS
2022-09-29 01:23:46,338 [grpc-default-executor-2] INFO  server.GrpcLogAppender (GrpcLogAppender.java:onNext(421)) - omNode-1@group-523986131536->omNode-2-InstallSnapshotResponseHandler: InstallSnapshot in progress.
2022-09-29 01:23:46,338 [omNode-1@group-523986131536->omNode-2-GrpcLogAppender-LogAppenderDaemon] INFO  server.GrpcLogAppender (GrpcLogAppender.java:installSnapshot(541)) - omNode-1@group-523986131536->omNode-2-GrpcLogAppender: followerNextIndex = 57 but logStartIndex = 59, notify follower to install snapshot-(t:6, i:59)
2022-09-29 01:23:46,338 [omNode-1@group-523986131536->omNode-2-GrpcLogAppender-LogAppenderDaemon] INFO  server.GrpcLogAppender (GrpcLogAppender.java:installSnapshot(549)) - omNode-1@group-523986131536->omNode-2-GrpcLogAppender: send omNode-1->omNode-2#0-t6,notify:(t:6, i:59)
2022-09-29 01:23:46,339 [omNode-2-server-thread1] INFO  server.RaftServer$Division (RaftServerImpl.java:checkInconsistentAppendEntries(1402)) - omNode-2@group-523986131536: Failed appendEntries as snapshot (59) installation is in progress
2022-09-29 01:23:46,339 [omNode-2-server-thread1] INFO  server.RaftServer$Division (RaftServerImpl.java:checkInconsistentAppendEntries(1394)) - omNode-2@group-523986131536: inconsistency entries. Reply:omNode-1<-omNode-2#738:FAIL-t6,INCONSISTENCY,nextIndex=57,followerCommit=56
2022-09-29 01:23:46,339 [grpc-default-executor-1] INFO  impl.SnapshotInstallationHandler (SnapshotInstallationHandler.java:installSnapshot(84)) - omNode-2@group-523986131536: receive installSnapshot: omNode-1->omNode-2#0-t6,notify:(t:6, i:59)
2022-09-29 01:23:46,339 [grpc-default-executor-1] INFO  impl.SnapshotInstallationHandler (SnapshotInstallationHandler.java:installSnapshot(95)) - omNode-2@group-523986131536: reply installSnapshot: omNode-1<-omNode-2#0:FAIL-t6,IN_PROGRESS
2022-09-29 01:23:46,339 [grpc-default-executor-1] INFO  server.GrpcServerProtocolService (GrpcServerProtocolService.java:onCompleted(140)) - omNode-2: Completed INSTALL_SNAPSHOT, lastRequest: omNode-1->omNode-2#0-t6,notify:(t:6, i:59)
2022-09-29 01:23:46,340 [grpc-default-executor-2] INFO  leader.FollowerInfo (FollowerInfoImpl.java:lambda$new$0(48)) - omNode-1@group-523986131536->omNode-2: nextIndex: updateUnconditionally 57 -> 57
2022-09-29 01:23:46,340 [grpc-default-executor-2] INFO  server.GrpcLogAppender (GrpcLogAppender.java:onNext(403)) - omNode-1@group-523986131536->omNode-2-InstallSnapshotResponseHandler: received a reply omNode-1<-omNode-2#0:FAIL-t6,IN_PROGRESS
2022-09-29 01:23:46,340 [grpc-default-executor-2] INFO  server.GrpcLogAppender (GrpcLogAppender.java:onNext(421)) - omNode-1@group-523986131536->omNode-2-InstallSnapshotResponseHandler: InstallSnapshot in progress.
2022-09-29 01:23:46,340 [omNode-1@group-523986131536->omNode-2-GrpcLogAppender-LogAppenderDaemon] INFO  server.GrpcLogAppender (GrpcLogAppender.java:installSnapshot(541)) - omNode-1@group-523986131536->omNode-2-GrpcLogAppender: followerNextIndex = 57 but logStartIndex = 59, notify follower to install snapshot-(t:6, i:59)
2022-09-29 01:23:46,340 [omNode-1@group-523986131536->omNode-2-GrpcLogAppender-LogAppenderDaemon] INFO  server.GrpcLogAppender (GrpcLogAppender.java:installSnapshot(549)) - omNode-1@group-523986131536->omNode-2-GrpcLogAppender: send omNode-1->omNode-2#0-t6,notify:(t:6, i:59)
2022-09-29 01:23:46,341 [omNode-2-server-thread1] INFO  server.RaftServer$Division (RaftServerImpl.java:checkInconsistentAppendEntries(1402)) - omNode-2@group-523986131536: Failed appendEntries as snapshot (59) installation is in progress
2022-09-29 01:23:46,341 [omNode-2-server-thread1] INFO  server.RaftServer$Division (RaftServerImpl.java:checkInconsistentAppendEntries(1394)) - omNode-2@group-523986131536: inconsistency entries. Reply:omNode-1<-omNode-2#739:FAIL-t6,INCONSISTENCY,nextIndex=57,followerCommit=56
2022-09-29 01:23:46,341 [grpc-default-executor-1] INFO  impl.SnapshotInstallationHandler (SnapshotInstallationHandler.java:installSnapshot(84)) - omNode-2@group-523986131536: receive installSnapshot: omNode-1->omNode-2#0-t6,notify:(t:6, i:59)
2022-09-29 01:23:46,341 [grpc-default-executor-1] INFO  impl.SnapshotInstallationHandler (SnapshotInstallationHandler.java:installSnapshot(95)) - omNode-2@group-523986131536: reply installSnapshot: omNode-1<-omNode-2#0:FAIL-t6,IN_PROGRESS
2022-09-29 01:23:46,341 [grpc-default-executor-1] INFO  server.GrpcServerProtocolService (GrpcServerProtocolService.java:onCompleted(140)) - omNode-2: Completed INSTALL_SNAPSHOT, lastRequest: omNode-1->omNode-2#0-t6,notify:(t:6, i:59)
2022-09-29 01:23:46,342 [grpc-default-executor-2] INFO  leader.FollowerInfo (FollowerInfoImpl.java:lambda$new$0(48)) - omNode-1@group-523986131536->omNode-2: nextIndex: updateUnconditionally 57 -> 57
2022-09-29 01:23:46,342 [grpc-default-executor-2] INFO  server.GrpcLogAppender (GrpcLogAppender.java:onNext(403)) - omNode-1@group-523986131536->omNode-2-InstallSnapshotResponseHandler: received a reply omNode-1<-omNode-2#0:FAIL-t6,IN_PROGRESS
2022-09-29 01:23:46,342 [grpc-default-executor-2] INFO  server.GrpcLogAppender (GrpcLogAppender.java:onNext(421)) - omNode-1@group-523986131536->omNode-2-InstallSnapshotResponseHandler: InstallSnapshot in progress.
2022-09-29 01:23:46,342 [omNode-1@group-523986131536->omNode-2-GrpcLogAppender-LogAppenderDaemon] INFO  server.GrpcLogAppender (GrpcLogAppender.java:installSnapshot(541)) - omNode-1@group-523986131536->omNode-2-GrpcLogAppender: followerNextIndex = 57 but logStartIndex = 59, notify follower to install snapshot-(t:6, i:59)
2022-09-29 01:23:46,342 [omNode-1@group-523986131536->omNode-2-GrpcLogAppender-LogAppenderDaemon] INFO  server.GrpcLogAppender (GrpcLogAppender.java:installSnapshot(549)) - omNode-1@group-523986131536->omNode-2-GrpcLogAppender: send omNode-1->omNode-2#0-t6,notify:(t:6, i:59)
2022-09-29 01:23:46,343 [omNode-2-server-thread1] INFO  server.RaftServer$Division (RaftServerImpl.java:checkInconsistentAppendEntries(1402)) - omNode-2@group-523986131536: Failed appendEntries as snapshot (59) installation is in progress
2022-09-29 01:23:46,343 [omNode-2-server-thread1] INFO  server.RaftServer$Division (RaftServerImpl.java:checkInconsistentAppendEntries(1394)) - omNode-2@group-523986131536: inconsistency entries. Reply:omNode-1<-omNode-2#740:FAIL-t6,INCONSISTENCY,nextIndex=57,followerCommit=56
2022-09-29 01:23:46,343 [grpc-default-executor-1] INFO  impl.SnapshotInstallationHandler (SnapshotInstallationHandler.java:installSnapshot(84)) - omNode-2@group-523986131536: receive installSnapshot: omNode-1->omNode-2#0-t6,notify:(t:6, i:59)
2022-09-29 01:23:46,343 [grpc-default-executor-1] INFO  impl.SnapshotInstallationHandler (SnapshotInstallationHandler.java:installSnapshot(95)) - omNode-2@group-523986131536: reply installSnapshot: omNode-1<-omNode-2#0:FAIL-t6,IN_PROGRESS
2022-09-29 01:23:46,343 [grpc-default-executor-1] INFO  server.GrpcServerProtocolService (GrpcServerProtocolService.java:onCompleted(140)) - omNode-2: Completed INSTALL_SNAPSHOT, lastRequest: omNode-1->omNode-2#0-t6,notify:(t:6, i:59)
2022-09-29 01:23:46,344 [grpc-default-executor-2] INFO  leader.FollowerInfo (FollowerInfoImpl.java:lambda$new$0(48)) - omNode-1@group-523986131536->omNode-2: nextIndex: updateUnconditionally 57 -> 57
2022-09-29 01:23:46,344 [grpc-default-executor-2] INFO  server.GrpcLogAppender (GrpcLogAppender.java:onNext(403)) - omNode-1@group-523986131536->omNode-2-InstallSnapshotResponseHandler: received a reply omNode-1<-omNode-2#0:FAIL-t6,IN_PROGRESS
2022-09-29 01:23:46,344 [grpc-default-executor-2] INFO  server.GrpcLogAppender (GrpcLogAppender.java:onNext(421)) - omNode-1@group-523986131536->omNode-2-InstallSnapshotResponseHandler: InstallSnapshot in progress.
2022-09-29 01:23:46,344 [omNode-1@group-523986131536->omNode-2-GrpcLogAppender-LogAppenderDaemon] INFO  server.GrpcLogAppender (GrpcLogAppender.java:installSnapshot(541)) - omNode-1@group-523986131536->omNode-2-GrpcLogAppender: followerNextIndex = 57 but logStartIndex = 59, notify follower to install snapshot-(t:6, i:59)
2022-09-29 01:23:46,344 [omNode-1@group-523986131536->omNode-2-GrpcLogAppender-LogAppenderDaemon] INFO  server.GrpcLogAppender (GrpcLogAppender.java:installSnapshot(549)) - omNode-1@group-523986131536->omNode-2-GrpcLogAppender: send omNode-1->omNode-2#0-t6,notify:(t:6, i:59)
2022-09-29 01:23:46,345 [omNode-2-server-thread1] INFO  server.RaftServer$Division (RaftServerImpl.java:checkInconsistentAppendEntries(1402)) - omNode-2@group-523986131536: Failed appendEntries as snapshot (59) installation is in progress
2022-09-29 01:23:46,345 [omNode-2-server-thread1] INFO  server.RaftServer$Division (RaftServerImpl.java:checkInconsistentAppendEntries(1394)) - omNode-2@group-523986131536: inconsistency entries. Reply:omNode-1<-omNode-2#741:FAIL-t6,INCONSISTENCY,nextIndex=57,followerCommit=56
2022-09-29 01:23:46,345 [grpc-default-executor-1] INFO  impl.SnapshotInstallationHandler (SnapshotInstallationHandler.java:installSnapshot(84)) - omNode-2@group-523986131536: receive installSnapshot: omNode-1->omNode-2#0-t6,notify:(t:6, i:59)
2022-09-29 01:23:46,345 [grpc-default-executor-1] INFO  impl.SnapshotInstallationHandler (SnapshotInstallationHandler.java:installSnapshot(95)) - omNode-2@group-523986131536: reply installSnapshot: omNode-1<-omNode-2#0:FAIL-t6,IN_PROGRESS
2022-09-29 01:23:46,346 [grpc-default-executor-1] INFO  server.GrpcServerProtocolService (GrpcServerProtocolService.java:onCompleted(140)) - omNode-2: Completed INSTALL_SNAPSHOT, lastRequest: omNode-1->omNode-2#0-t6,notify:(t:6, i:59)
2022-09-29 01:23:46,352 [grpc-default-executor-2] INFO  leader.FollowerInfo (FollowerInfoImpl.java:lambda$new$0(48)) - omNode-1@group-523986131536->omNode-2: nextIndex: updateUnconditionally 57 -> 57
2022-09-29 01:23:46,352 [grpc-default-executor-2] INFO  server.GrpcLogAppender (GrpcLogAppender.java:onNext(403)) - omNode-1@group-523986131536->omNode-2-InstallSnapshotResponseHandler: received a reply omNode-1<-omNode-2#0:FAIL-t6,IN_PROGRESS
2022-09-29 01:23:46,352 [grpc-default-executor-2] INFO  server.GrpcLogAppender (GrpcLogAppender.java:onNext(421)) - omNode-1@group-523986131536->omNode-2-InstallSnapshotResponseHandler: InstallSnapshot in progress.
2022-09-29 01:23:46,352 [omNode-1@group-523986131536->omNode-2-GrpcLogAppender-LogAppenderDaemon] INFO  server.GrpcLogAppender (GrpcLogAppender.java:installSnapshot(541)) - omNode-1@group-523986131536->omNode-2-GrpcLogAppender: followerNextIndex = 57 but logStartIndex = 59, notify follower to install snapshot-(t:6, i:59)
2022-09-29 01:23:46,353 [omNode-1@group-523986131536->omNode-2-GrpcLogAppender-LogAppenderDaemon] INFO  server.GrpcLogAppender (GrpcLogAppender.java:installSnapshot(549)) - omNode-1@group-523986131536->omNode-2-GrpcLogAppender: send omNode-1->omNode-2#0-t6,notify:(t:6, i:59)
2022-09-29 01:23:46,353 [omNode-2-server-thread1] INFO  server.RaftServer$Division (RaftServerImpl.java:checkInconsistentAppendEntries(1402)) - omNode-2@group-523986131536: Failed appendEntries as snapshot (59) installation is in progress
2022-09-29 01:23:46,353 [omNode-2-server-thread1] INFO  server.RaftServer$Division (RaftServerImpl.java:checkInconsistentAppendEntries(1394)) - omNode-2@group-523986131536: inconsistency entries. Reply:omNode-1<-omNode-2#742:FAIL-t6,INCONSISTENCY,nextIndex=57,followerCommit=56
2022-09-29 01:23:46,353 [grpc-default-executor-1] INFO  impl.SnapshotInstallationHandler (SnapshotInstallationHandler.java:installSnapshot(84)) - omNode-2@group-523986131536: receive installSnapshot: omNode-1->omNode-2#0-t6,notify:(t:6, i:59)
2022-09-29 01:23:46,354 [grpc-default-executor-1] INFO  impl.SnapshotInstallationHandler (SnapshotInstallationHandler.java:installSnapshot(95)) - omNode-2@group-523986131536: reply installSnapshot: omNode-1<-omNode-2#0:FAIL-t6,IN_PROGRESS
2022-09-29 01:23:46,354 [grpc-default-executor-1] INFO  server.GrpcServerProtocolService (GrpcServerProtocolService.java:onCompleted(140)) - omNode-2: Completed INSTALL_SNAPSHOT, lastRequest: omNode-1->omNode-2#0-t6,notify:(t:6, i:59)
2022-09-29 01:23:46,354 [grpc-default-executor-2] INFO  leader.FollowerInfo (FollowerInfoImpl.java:lambda$new$0(48)) - omNode-1@group-523986131536->omNode-2: nextIndex: updateUnconditionally 57 -> 57
2022-09-29 01:23:46,354 [grpc-default-executor-2] INFO  server.GrpcLogAppender (GrpcLogAppender.java:onNext(403)) - omNode-1@group-523986131536->omNode-2-InstallSnapshotResponseHandler: received a reply omNode-1<-omNode-2#0:FAIL-t6,IN_PROGRESS
2022-09-29 01:23:46,354 [grpc-default-executor-2] INFO  server.GrpcLogAppender (GrpcLogAppender.java:onNext(421)) - omNode-1@group-523986131536->omNode-2-InstallSnapshotResponseHandler: InstallSnapshot in progress.
2022-09-29 01:23:46,355 [omNode-1@group-523986131536->omNode-2-GrpcLogAppender-LogAppenderDaemon] INFO  server.GrpcLogAppender (GrpcLogAppender.java:installSnapshot(541)) - omNode-1@group-523986131536->omNode-2-GrpcLogAppender: followerNextIndex = 57 but logStartIndex = 59, notify follower to install snapshot-(t:6, i:59)
2022-09-29 01:23:46,357 [omNode-1@group-523986131536->omNode-2-GrpcLogAppender-LogAppenderDaemon] INFO  server.GrpcLogAppender (GrpcLogAppender.java:installSnapshot(549)) - omNode-1@group-523986131536->omNode-2-GrpcLogAppender: send omNode-1->omNode-2#0-t6,notify:(t:6, i:59)
2022-09-29 01:23:46,357 [omNode-2-server-thread1] INFO  server.RaftServer$Division (RaftServerImpl.java:checkInconsistentAppendEntries(1402)) - omNode-2@group-523986131536: Failed appendEntries as snapshot (59) installation is in progress
2022-09-29 01:23:46,358 [omNode-2-server-thread1] INFO  server.RaftServer$Division (RaftServerImpl.java:checkInconsistentAppendEntries(1394)) - omNode-2@group-523986131536: inconsistency entries. Reply:omNode-1<-omNode-2#743:FAIL-t6,INCONSISTENCY,nextIndex=57,followerCommit=56
2022-09-29 01:23:46,358 [grpc-default-executor-2] INFO  impl.SnapshotInstallationHandler (SnapshotInstallationHandler.java:installSnapshot(84)) - omNode-2@group-523986131536: receive installSnapshot: omNode-1->omNode-2#0-t6,notify:(t:6, i:59)
2022-09-29 01:23:46,358 [grpc-default-executor-2] INFO  impl.SnapshotInstallationHandler (SnapshotInstallationHandler.java:installSnapshot(95)) - omNode-2@group-523986131536: reply installSnapshot: omNode-1<-omNode-2#0:FAIL-t6,IN_PROGRESS
2022-09-29 01:23:46,358 [grpc-default-executor-2] INFO  server.GrpcServerProtocolService (GrpcServerProtocolService.java:onCompleted(140)) - omNode-2: Completed INSTALL_SNAPSHOT, lastRequest: omNode-1->omNode-2#0-t6,notify:(t:6, i:59)
2022-09-29 01:23:46,358 [grpc-default-executor-2] INFO  leader.FollowerInfo (FollowerInfoImpl.java:lambda$new$0(48)) - omNode-1@group-523986131536->omNode-2: nextIndex: updateUnconditionally 57 -> 57
2022-09-29 01:23:46,359 [grpc-default-executor-2] INFO  server.GrpcLogAppender (GrpcLogAppender.java:onNext(403)) - omNode-1@group-523986131536->omNode-2-InstallSnapshotResponseHandler: received a reply omNode-1<-omNode-2#0:FAIL-t6,IN_PROGRESS
2022-09-29 01:23:46,359 [grpc-default-executor-2] INFO  server.GrpcLogAppender (GrpcLogAppender.java:onNext(421)) - omNode-1@group-523986131536->omNode-2-InstallSnapshotResponseHandler: InstallSnapshot in progress.
2022-09-29 01:23:46,359 [omNode-1@group-523986131536->omNode-2-GrpcLogAppender-LogAppenderDaemon] INFO  server.GrpcLogAppender (GrpcLogAppender.java:installSnapshot(541)) - omNode-1@group-523986131536->omNode-2-GrpcLogAppender: followerNextIndex = 57 but logStartIndex = 59, notify follower to install snapshot-(t:6, i:59)
2022-09-29 01:23:46,359 [omNode-1@group-523986131536->omNode-2-GrpcLogAppender-LogAppenderDaemon] INFO  server.GrpcLogAppender (GrpcLogAppender.java:installSnapshot(549)) - omNode-1@group-523986131536->omNode-2-GrpcLogAppender: send omNode-1->omNode-2#0-t6,notify:(t:6, i:59)
2022-09-29 01:23:46,359 [omNode-2-server-thread1] INFO  server.RaftServer$Division (RaftServerImpl.java:checkInconsistentAppendEntries(1402)) - omNode-2@group-523986131536: Failed appendEntries as snapshot (59) installation is in progress
2022-09-29 01:23:46,360 [omNode-2-server-thread1] INFO  server.RaftServer$Division (RaftServerImpl.java:checkInconsistentAppendEntries(1394)) - omNode-2@group-523986131536: inconsistency entries. Reply:omNode-1<-omNode-2#744:FAIL-t6,INCONSISTENCY,nextIndex=57,followerCommit=56
2022-09-29 01:23:46,360 [grpc-default-executor-1] INFO  impl.SnapshotInstallationHandler (SnapshotInstallationHandler.java:installSnapshot(84)) - omNode-2@group-523986131536: receive installSnapshot: omNode-1->omNode-2#0-t6,notify:(t:6, i:59)
2022-09-29 01:23:46,360 [grpc-default-executor-1] INFO  impl.SnapshotInstallationHandler (SnapshotInstallationHandler.java:installSnapshot(95)) - omNode-2@group-523986131536: reply installSnapshot: omNode-1<-omNode-2#0:FAIL-t6,IN_PROGRESS
2022-09-29 01:23:46,360 [grpc-default-executor-1] INFO  server.GrpcServerProtocolService (GrpcServerProtocolService.java:onCompleted(140)) - omNode-2: Completed INSTALL_SNAPSHOT, lastRequest: omNode-1->omNode-2#0-t6,notify:(t:6, i:59)
2022-09-29 01:23:46,360 [grpc-default-executor-2] INFO  leader.FollowerInfo (FollowerInfoImpl.java:lambda$new$0(48)) - omNode-1@group-523986131536->omNode-2: nextIndex: updateUnconditionally 57 -> 57
2022-09-29 01:23:46,361 [grpc-default-executor-2] INFO  server.GrpcLogAppender (GrpcLogAppender.java:onNext(403)) - omNode-1@group-523986131536->omNode-2-InstallSnapshotResponseHandler: received a reply omNode-1<-omNode-2#0:FAIL-t6,IN_PROGRESS
2022-09-29 01:23:46,361 [grpc-default-executor-2] INFO  server.GrpcLogAppender (GrpcLogAppender.java:onNext(421)) - omNode-1@group-523986131536->omNode-2-InstallSnapshotResponseHandler: InstallSnapshot in progress.
2022-09-29 01:23:46,361 [omNode-1@group-523986131536->omNode-2-GrpcLogAppender-LogAppenderDaemon] INFO  server.GrpcLogAppender (GrpcLogAppender.java:installSnapshot(541)) - omNode-1@group-523986131536->omNode-2-GrpcLogAppender: followerNextIndex = 57 but logStartIndex = 59, notify follower to install snapshot-(t:6, i:59)
2022-09-29 01:23:46,361 [omNode-1@group-523986131536->omNode-2-GrpcLogAppender-LogAppenderDaemon] INFO  server.GrpcLogAppender (GrpcLogAppender.java:installSnapshot(549)) - omNode-1@group-523986131536->omNode-2-GrpcLogAppender: send omNode-1->omNode-2#0-t6,notify:(t:6, i:59)
2022-09-29 01:23:46,361 [omNode-2-server-thread1] INFO  server.RaftServer$Division (RaftServerImpl.java:checkInconsistentAppendEntries(1402)) - omNode-2@group-523986131536: Failed appendEntries as snapshot (59) installation is in progress
2022-09-29 01:23:46,362 [omNode-2-server-thread1] INFO  server.RaftServer$Division (RaftServerImpl.java:checkInconsistentAppendEntries(1394)) - omNode-2@group-523986131536: inconsistency entries. Reply:omNode-1<-omNode-2#745:FAIL-t6,INCONSISTENCY,nextIndex=57,followerCommit=56
2022-09-29 01:23:46,362 [grpc-default-executor-1] INFO  impl.SnapshotInstallationHandler (SnapshotInstallationHandler.java:installSnapshot(84)) - omNode-2@group-523986131536: receive installSnapshot: omNode-1->omNode-2#0-t6,notify:(t:6, i:59)
2022-09-29 01:23:46,362 [grpc-default-executor-1] INFO  impl.SnapshotInstallationHandler (SnapshotInstallationHandler.java:installSnapshot(95)) - omNode-2@group-523986131536: reply installSnapshot: omNode-1<-omNode-2#0:FAIL-t6,IN_PROGRESS
2022-09-29 01:23:46,362 [grpc-default-executor-1] INFO  server.GrpcServerProtocolService (GrpcServerProtocolService.java:onCompleted(140)) - omNode-2: Completed INSTALL_SNAPSHOT, lastRequest: omNode-1->omNode-2#0-t6,notify:(t:6, i:59)
2022-09-29 01:23:46,362 [grpc-default-executor-2] INFO  leader.FollowerInfo (FollowerInfoImpl.java:lambda$new$0(48)) - omNode-1@group-523986131536->omNode-2: nextIndex: updateUnconditionally 57 -> 57
2022-09-29 01:23:46,363 [grpc-default-executor-2] INFO  server.GrpcLogAppender (GrpcLogAppender.java:onNext(403)) - omNode-1@group-523986131536->omNode-2-InstallSnapshotResponseHandler: received a reply omNode-1<-omNode-2#0:FAIL-t6,IN_PROGRESS
2022-09-29 01:23:46,363 [grpc-default-executor-2] INFO  server.GrpcLogAppender (GrpcLogAppender.java:onNext(421)) - omNode-1@group-523986131536->omNode-2-InstallSnapshotResponseHandler: InstallSnapshot in progress.
2022-09-29 01:23:46,363 [omNode-1@group-523986131536->omNode-2-GrpcLogAppender-LogAppenderDaemon] INFO  server.GrpcLogAppender (GrpcLogAppender.java:installSnapshot(541)) - omNode-1@group-523986131536->omNode-2-GrpcLogAppender: followerNextIndex = 57 but logStartIndex = 59, notify follower to install snapshot-(t:6, i:59)
2022-09-29 01:23:46,363 [omNode-1@group-523986131536->omNode-2-GrpcLogAppender-LogAppenderDaemon] INFO  server.GrpcLogAppender (GrpcLogAppender.java:installSnapshot(549)) - omNode-1@group-523986131536->omNode-2-GrpcLogAppender: send omNode-1->omNode-2#0-t6,notify:(t:6, i:59)
2022-09-29 01:23:46,363 [omNode-2-server-thread1] INFO  server.RaftServer$Division (RaftServerImpl.java:checkInconsistentAppendEntries(1402)) - omNode-2@group-523986131536: Failed appendEntries as snapshot (59) installation is in progress
2022-09-29 01:23:46,364 [omNode-2-server-thread1] INFO  server.RaftServer$Division (RaftServerImpl.java:checkInconsistentAppendEntries(1394)) - omNode-2@group-523986131536: inconsistency entries. Reply:omNode-1<-omNode-2#746:FAIL-t6,INCONSISTENCY,nextIndex=57,followerCommit=56
2022-09-29 01:23:46,364 [grpc-default-executor-1] INFO  impl.SnapshotInstallationHandler (SnapshotInstallationHandler.java:installSnapshot(84)) - omNode-2@group-523986131536: receive installSnapshot: omNode-1->omNode-2#0-t6,notify:(t:6, i:59)
2022-09-29 01:23:46,364 [grpc-default-executor-1] INFO  impl.SnapshotInstallationHandler (SnapshotInstallationHandler.java:installSnapshot(95)) - omNode-2@group-523986131536: reply installSnapshot: omNode-1<-omNode-2#0:FAIL-t6,IN_PROGRESS
2022-09-29 01:23:46,364 [grpc-default-executor-1] INFO  server.GrpcServerProtocolService (GrpcServerProtocolService.java:onCompleted(140)) - omNode-2: Completed INSTALL_SNAPSHOT, lastRequest: omNode-1->omNode-2#0-t6,notify:(t:6, i:59)
2022-09-29 01:23:46,364 [grpc-default-executor-2] INFO  leader.FollowerInfo (FollowerInfoImpl.java:lambda$new$0(48)) - omNode-1@group-523986131536->omNode-2: nextIndex: updateUnconditionally 57 -> 57
2022-09-29 01:23:46,365 [grpc-default-executor-2] INFO  server.GrpcLogAppender (GrpcLogAppender.java:onNext(403)) - omNode-1@group-523986131536->omNode-2-InstallSnapshotResponseHandler: received a reply omNode-1<-omNode-2#0:FAIL-t6,IN_PROGRESS
2022-09-29 01:23:46,365 [grpc-default-executor-2] INFO  server.GrpcLogAppender (GrpcLogAppender.java:onNext(421)) - omNode-1@group-523986131536->omNode-2-InstallSnapshotResponseHandler: InstallSnapshot in progress.
2022-09-29 01:23:46,365 [omNode-1@group-523986131536->omNode-2-GrpcLogAppender-LogAppenderDaemon] INFO  server.GrpcLogAppender (GrpcLogAppender.java:installSnapshot(541)) - omNode-1@group-523986131536->omNode-2-GrpcLogAppender: followerNextIndex = 57 but logStartIndex = 59, notify follower to install snapshot-(t:6, i:59)
2022-09-29 01:23:46,365 [omNode-1@group-523986131536->omNode-2-GrpcLogAppender-LogAppenderDaemon] INFO  server.GrpcLogAppender (GrpcLogAppender.java:installSnapshot(549)) - omNode-1@group-523986131536->omNode-2-GrpcLogAppender: send omNode-1->omNode-2#0-t6,notify:(t:6, i:59)
2022-09-29 01:23:46,365 [omNode-2-server-thread1] INFO  server.RaftServer$Division (RaftServerImpl.java:checkInconsistentAppendEntries(1402)) - omNode-2@group-523986131536: Failed appendEntries as snapshot (59) installation is in progress
2022-09-29 01:23:46,366 [omNode-2-server-thread1] INFO  server.RaftServer$Division (RaftServerImpl.java:checkInconsistentAppendEntries(1394)) - omNode-2@group-523986131536: inconsistency entries. Reply:omNode-1<-omNode-2#747:FAIL-t6,INCONSISTENCY,nextIndex=57,followerCommit=56
2022-09-29 01:23:46,366 [grpc-default-executor-1] INFO  impl.SnapshotInstallationHandler (SnapshotInstallationHandler.java:installSnapshot(84)) - omNode-2@group-523986131536: receive installSnapshot: omNode-1->omNode-2#0-t6,notify:(t:6, i:59)
2022-09-29 01:23:46,366 [grpc-default-executor-1] INFO  impl.SnapshotInstallationHandler (SnapshotInstallationHandler.java:installSnapshot(95)) - omNode-2@group-523986131536: reply installSnapshot: omNode-1<-omNode-2#0:FAIL-t6,IN_PROGRESS
2022-09-29 01:23:46,366 [grpc-default-executor-1] INFO  server.GrpcServerProtocolService (GrpcServerProtocolService.java:onCompleted(140)) - omNode-2: Completed INSTALL_SNAPSHOT, lastRequest: omNode-1->omNode-2#0-t6,notify:(t:6, i:59)
2022-09-29 01:23:46,366 [grpc-default-executor-2] INFO  leader.FollowerInfo (FollowerInfoImpl.java:lambda$new$0(48)) - omNode-1@group-523986131536->omNode-2: nextIndex: updateUnconditionally 57 -> 57
2022-09-29 01:23:46,367 [grpc-default-executor-2] INFO  server.GrpcLogAppender (GrpcLogAppender.java:onNext(403)) - omNode-1@group-523986131536->omNode-2-InstallSnapshotResponseHandler: received a reply omNode-1<-omNode-2#0:FAIL-t6,IN_PROGRESS
2022-09-29 01:23:46,367 [grpc-default-executor-2] INFO  server.GrpcLogAppender (GrpcLogAppender.java:onNext(421)) - omNode-1@group-523986131536->omNode-2-InstallSnapshotResponseHandler: InstallSnapshot in progress.
2022-09-29 01:23:46,367 [omNode-1@group-523986131536->omNode-2-GrpcLogAppender-LogAppenderDaemon] INFO  server.GrpcLogAppender (GrpcLogAppender.java:installSnapshot(541)) - omNode-1@group-523986131536->omNode-2-GrpcLogAppender: followerNextIndex = 57 but logStartIndex = 59, notify follower to install snapshot-(t:6, i:59)
2022-09-29 01:23:46,367 [omNode-1@group-523986131536->omNode-2-GrpcLogAppender-LogAppenderDaemon] INFO  server.GrpcLogAppender (GrpcLogAppender.java:installSnapshot(549)) - omNode-1@group-523986131536->omNode-2-GrpcLogAppender: send omNode-1->omNode-2#0-t6,notify:(t:6, i:59)
2022-09-29 01:23:46,367 [omNode-2-server-thread1] INFO  server.RaftServer$Division (RaftServerImpl.java:checkInconsistentAppendEntries(1402)) - omNode-2@group-523986131536: Failed appendEntries as snapshot (59) installation is in progress
2022-09-29 01:23:46,368 [omNode-2-server-thread1] INFO  server.RaftServer$Division (RaftServerImpl.java:checkInconsistentAppendEntries(1394)) - omNode-2@group-523986131536: inconsistency entries. Reply:omNode-1<-omNode-2#748:FAIL-t6,INCONSISTENCY,nextIndex=57,followerCommit=56
2022-09-29 01:23:46,368 [grpc-default-executor-1] INFO  impl.SnapshotInstallationHandler (SnapshotInstallationHandler.java:installSnapshot(84)) - omNode-2@group-523986131536: receive installSnapshot: omNode-1->omNode-2#0-t6,notify:(t:6, i:59)
2022-09-29 01:23:46,368 [grpc-default-executor-1] INFO  impl.SnapshotInstallationHandler (SnapshotInstallationHandler.java:installSnapshot(95)) - omNode-2@group-523986131536: reply installSnapshot: omNode-1<-omNode-2#0:FAIL-t6,IN_PROGRESS
2022-09-29 01:23:46,368 [grpc-default-executor-1] INFO  server.GrpcServerProtocolService (GrpcServerProtocolService.java:onCompleted(140)) - omNode-2: Completed INSTALL_SNAPSHOT, lastRequest: omNode-1->omNode-2#0-t6,notify:(t:6, i:59)
2022-09-29 01:23:46,369 [grpc-default-executor-2] INFO  leader.FollowerInfo (FollowerInfoImpl.java:lambda$new$0(48)) - omNode-1@group-523986131536->omNode-2: nextIndex: updateUnconditionally 57 -> 57
2022-09-29 01:23:46,369 [grpc-default-executor-2] INFO  server.GrpcLogAppender (GrpcLogAppender.java:onNext(403)) - omNode-1@group-523986131536->omNode-2-InstallSnapshotResponseHandler: received a reply omNode-1<-omNode-2#0:FAIL-t6,IN_PROGRESS
2022-09-29 01:23:46,369 [grpc-default-executor-2] INFO  server.GrpcLogAppender (GrpcLogAppender.java:onNext(421)) - omNode-1@group-523986131536->omNode-2-InstallSnapshotResponseHandler: InstallSnapshot in progress.
2022-09-29 01:23:46,369 [omNode-1@group-523986131536->omNode-2-GrpcLogAppender-LogAppenderDaemon] INFO  server.GrpcLogAppender (GrpcLogAppender.java:installSnapshot(541)) - omNode-1@group-523986131536->omNode-2-GrpcLogAppender: followerNextIndex = 57 but logStartIndex = 59, notify follower to install snapshot-(t:6, i:59)
2022-09-29 01:23:46,369 [omNode-1@group-523986131536->omNode-2-GrpcLogAppender-LogAppenderDaemon] INFO  server.GrpcLogAppender (GrpcLogAppender.java:installSnapshot(549)) - omNode-1@group-523986131536->omNode-2-GrpcLogAppender: send omNode-1->omNode-2#0-t6,notify:(t:6, i:59)
2022-09-29 01:23:46,370 [omNode-2-server-thread1] INFO  server.RaftServer$Division (RaftServerImpl.java:checkInconsistentAppendEntries(1402)) - omNode-2@group-523986131536: Failed appendEntries as snapshot (59) installation is in progress
2022-09-29 01:23:46,370 [omNode-2-server-thread1] INFO  server.RaftServer$Division (RaftServerImpl.java:checkInconsistentAppendEntries(1394)) - omNode-2@group-523986131536: inconsistency entries. Reply:omNode-1<-omNode-2#749:FAIL-t6,INCONSISTENCY,nextIndex=57,followerCommit=56
2022-09-29 01:23:46,370 [grpc-default-executor-1] INFO  impl.SnapshotInstallationHandler (SnapshotInstallationHandler.java:installSnapshot(84)) - omNode-2@group-523986131536: receive installSnapshot: omNode-1->omNode-2#0-t6,notify:(t:6, i:59)
2022-09-29 01:23:46,370 [grpc-default-executor-1] INFO  impl.SnapshotInstallationHandler (SnapshotInstallationHandler.java:installSnapshot(95)) - omNode-2@group-523986131536: reply installSnapshot: omNode-1<-omNode-2#0:FAIL-t6,IN_PROGRESS
2022-09-29 01:23:46,370 [grpc-default-executor-1] INFO  server.GrpcServerProtocolService (GrpcServerProtocolService.java:onCompleted(140)) - omNode-2: Completed INSTALL_SNAPSHOT, lastRequest: omNode-1->omNode-2#0-t6,notify:(t:6, i:59)
2022-09-29 01:23:46,371 [grpc-default-executor-2] INFO  leader.FollowerInfo (FollowerInfoImpl.java:lambda$new$0(48)) - omNode-1@group-523986131536->omNode-2: nextIndex: updateUnconditionally 57 -> 57
2022-09-29 01:23:46,371 [grpc-default-executor-2] INFO  server.GrpcLogAppender (GrpcLogAppender.java:onNext(403)) - omNode-1@group-523986131536->omNode-2-InstallSnapshotResponseHandler: received a reply omNode-1<-omNode-2#0:FAIL-t6,IN_PROGRESS
2022-09-29 01:23:46,371 [grpc-default-executor-2] INFO  server.GrpcLogAppender (GrpcLogAppender.java:onNext(421)) - omNode-1@group-523986131536->omNode-2-InstallSnapshotResponseHandler: InstallSnapshot in progress.
2022-09-29 01:23:46,371 [omNode-1@group-523986131536->omNode-2-GrpcLogAppender-LogAppenderDaemon] INFO  server.GrpcLogAppender (GrpcLogAppender.java:installSnapshot(541)) - omNode-1@group-523986131536->omNode-2-GrpcLogAppender: followerNextIndex = 57 but logStartIndex = 59, notify follower to install snapshot-(t:6, i:59)
2022-09-29 01:23:46,371 [omNode-1@group-523986131536->omNode-2-GrpcLogAppender-LogAppenderDaemon] INFO  server.GrpcLogAppender (GrpcLogAppender.java:installSnapshot(549)) - omNode-1@group-523986131536->omNode-2-GrpcLogAppender: send omNode-1->omNode-2#0-t6,notify:(t:6, i:59)
2022-09-29 01:23:46,372 [omNode-2-server-thread1] INFO  server.RaftServer$Division (RaftServerImpl.java:checkInconsistentAppendEntries(1402)) - omNode-2@group-523986131536: Failed appendEntries as snapshot (59) installation is in progress
2022-09-29 01:23:46,372 [omNode-2-server-thread1] INFO  server.RaftServer$Division (RaftServerImpl.java:checkInconsistentAppendEntries(1394)) - omNode-2@group-523986131536: inconsistency entries. Reply:omNode-1<-omNode-2#750:FAIL-t6,INCONSISTENCY,nextIndex=57,followerCommit=56
2022-09-29 01:23:46,372 [grpc-default-executor-0] INFO  impl.SnapshotInstallationHandler (SnapshotInstallationHandler.java:installSnapshot(84)) - omNode-2@group-523986131536: receive installSnapshot: omNode-1->omNode-2#0-t6,notify:(t:6, i:59)
2022-09-29 01:23:46,372 [grpc-default-executor-0] INFO  impl.SnapshotInstallationHandler (SnapshotInstallationHandler.java:installSnapshot(95)) - omNode-2@group-523986131536: reply installSnapshot: omNode-1<-omNode-2#0:FAIL-t6,IN_PROGRESS
2022-09-29 01:23:46,372 [grpc-default-executor-0] INFO  server.GrpcServerProtocolService (GrpcServerProtocolService.java:onCompleted(140)) - omNode-2: Completed INSTALL_SNAPSHOT, lastRequest: omNode-1->omNode-2#0-t6,notify:(t:6, i:59)
2022-09-29 01:23:46,373 [grpc-default-executor-2] INFO  leader.FollowerInfo (FollowerInfoImpl.java:lambda$new$0(48)) - omNode-1@group-523986131536->omNode-2: nextIndex: updateUnconditionally 57 -> 57
2022-09-29 01:23:46,373 [grpc-default-executor-2] INFO  server.GrpcLogAppender (GrpcLogAppender.java:onNext(403)) - omNode-1@group-523986131536->omNode-2-InstallSnapshotResponseHandler: received a reply omNode-1<-omNode-2#0:FAIL-t6,IN_PROGRESS
2022-09-29 01:23:46,373 [grpc-default-executor-2] INFO  server.GrpcLogAppender (GrpcLogAppender.java:onNext(421)) - omNode-1@group-523986131536->omNode-2-InstallSnapshotResponseHandler: InstallSnapshot in progress.
2022-09-29 01:23:46,373 [omNode-1@group-523986131536->omNode-2-GrpcLogAppender-LogAppenderDaemon] INFO  server.GrpcLogAppender (GrpcLogAppender.java:installSnapshot(541)) - omNode-1@group-523986131536->omNode-2-GrpcLogAppender: followerNextIndex = 57 but logStartIndex = 59, notify follower to install snapshot-(t:6, i:59)
2022-09-29 01:23:46,373 [omNode-1@group-523986131536->omNode-2-GrpcLogAppender-LogAppenderDaemon] INFO  server.GrpcLogAppender (GrpcLogAppender.java:installSnapshot(549)) - omNode-1@group-523986131536->omNode-2-GrpcLogAppender: send omNode-1->omNode-2#0-t6,notify:(t:6, i:59)
2022-09-29 01:23:46,374 [omNode-2-server-thread1] INFO  server.RaftServer$Division (RaftServerImpl.java:checkInconsistentAppendEntries(1402)) - omNode-2@group-523986131536: Failed appendEntries as snapshot (59) installation is in progress
2022-09-29 01:23:46,374 [omNode-2-server-thread1] INFO  server.RaftServer$Division (RaftServerImpl.java:checkInconsistentAppendEntries(1394)) - omNode-2@group-523986131536: inconsistency entries. Reply:omNode-1<-omNode-2#751:FAIL-t6,INCONSISTENCY,nextIndex=57,followerCommit=56
2022-09-29 01:23:46,374 [grpc-default-executor-0] INFO  impl.SnapshotInstallationHandler (SnapshotInstallationHandler.java:installSnapshot(84)) - omNode-2@group-523986131536: receive installSnapshot: omNode-1->omNode-2#0-t6,notify:(t:6, i:59)
2022-09-29 01:23:46,374 [grpc-default-executor-0] INFO  impl.SnapshotInstallationHandler (SnapshotInstallationHandler.java:installSnapshot(95)) - omNode-2@group-523986131536: reply installSnapshot: omNode-1<-omNode-2#0:FAIL-t6,IN_PROGRESS
2022-09-29 01:23:46,374 [grpc-default-executor-0] INFO  server.GrpcServerProtocolService (GrpcServerProtocolService.java:onCompleted(140)) - omNode-2: Completed INSTALL_SNAPSHOT, lastRequest: omNode-1->omNode-2#0-t6,notify:(t:6, i:59)
2022-09-29 01:23:46,375 [grpc-default-executor-2] INFO  leader.FollowerInfo (FollowerInfoImpl.java:lambda$new$0(48)) - omNode-1@group-523986131536->omNode-2: nextIndex: updateUnconditionally 57 -> 57
2022-09-29 01:23:46,375 [grpc-default-executor-2] INFO  server.GrpcLogAppender (GrpcLogAppender.java:onNext(403)) - omNode-1@group-523986131536->omNode-2-InstallSnapshotResponseHandler: received a reply omNode-1<-omNode-2#0:FAIL-t6,IN_PROGRESS
2022-09-29 01:23:46,375 [grpc-default-executor-2] INFO  server.GrpcLogAppender (GrpcLogAppender.java:onNext(421)) - omNode-1@group-523986131536->omNode-2-InstallSnapshotResponseHandler: InstallSnapshot in progress.
2022-09-29 01:23:46,375 [omNode-1@group-523986131536->omNode-2-GrpcLogAppender-LogAppenderDaemon] INFO  server.GrpcLogAppender (GrpcLogAppender.java:installSnapshot(541)) - omNode-1@group-523986131536->omNode-2-GrpcLogAppender: followerNextIndex = 57 but logStartIndex = 59, notify follower to install snapshot-(t:6, i:59)
2022-09-29 01:23:46,375 [omNode-1@group-523986131536->omNode-2-GrpcLogAppender-LogAppenderDaemon] INFO  server.GrpcLogAppender (GrpcLogAppender.java:installSnapshot(549)) - omNode-1@group-523986131536->omNode-2-GrpcLogAppender: send omNode-1->omNode-2#0-t6,notify:(t:6, i:59)
2022-09-29 01:23:46,376 [omNode-2-server-thread1] INFO  server.RaftServer$Division (RaftServerImpl.java:checkInconsistentAppendEntries(1402)) - omNode-2@group-523986131536: Failed appendEntries as snapshot (59) installation is in progress
2022-09-29 01:23:46,376 [omNode-2-server-thread1] INFO  server.RaftServer$Division (RaftServerImpl.java:checkInconsistentAppendEntries(1394)) - omNode-2@group-523986131536: inconsistency entries. Reply:omNode-1<-omNode-2#752:FAIL-t6,INCONSISTENCY,nextIndex=57,followerCommit=56
2022-09-29 01:23:46,376 [grpc-default-executor-0] INFO  impl.SnapshotInstallationHandler (SnapshotInstallationHandler.java:installSnapshot(84)) - omNode-2@group-523986131536: receive installSnapshot: omNode-1->omNode-2#0-t6,notify:(t:6, i:59)
2022-09-29 01:23:46,376 [grpc-default-executor-0] INFO  impl.SnapshotInstallationHandler (SnapshotInstallationHandler.java:installSnapshot(95)) - omNode-2@group-523986131536: reply installSnapshot: omNode-1<-omNode-2#0:FAIL-t6,IN_PROGRESS
2022-09-29 01:23:46,376 [grpc-default-executor-0] INFO  server.GrpcServerProtocolService (GrpcServerProtocolService.java:onCompleted(140)) - omNode-2: Completed INSTALL_SNAPSHOT, lastRequest: omNode-1->omNode-2#0-t6,notify:(t:6, i:59)
2022-09-29 01:23:46,377 [grpc-default-executor-2] INFO  leader.FollowerInfo (FollowerInfoImpl.java:lambda$new$0(48)) - omNode-1@group-523986131536->omNode-2: nextIndex: updateUnconditionally 57 -> 57
2022-09-29 01:23:46,377 [grpc-default-executor-2] INFO  server.GrpcLogAppender (GrpcLogAppender.java:onNext(403)) - omNode-1@group-523986131536->omNode-2-InstallSnapshotResponseHandler: received a reply omNode-1<-omNode-2#0:FAIL-t6,IN_PROGRESS
2022-09-29 01:23:46,377 [grpc-default-executor-2] INFO  server.GrpcLogAppender (GrpcLogAppender.java:onNext(421)) - omNode-1@group-523986131536->omNode-2-InstallSnapshotResponseHandler: InstallSnapshot in progress.
2022-09-29 01:23:46,377 [omNode-1@group-523986131536->omNode-2-GrpcLogAppender-LogAppenderDaemon] INFO  server.GrpcLogAppender (GrpcLogAppender.java:installSnapshot(541)) - omNode-1@group-523986131536->omNode-2-GrpcLogAppender: followerNextIndex = 57 but logStartIndex = 59, notify follower to install snapshot-(t:6, i:59)
2022-09-29 01:23:46,377 [omNode-1@group-523986131536->omNode-2-GrpcLogAppender-LogAppenderDaemon] INFO  server.GrpcLogAppender (GrpcLogAppender.java:installSnapshot(549)) - omNode-1@group-523986131536->omNode-2-GrpcLogAppender: send omNode-1->omNode-2#0-t6,notify:(t:6, i:59)
2022-09-29 01:23:46,378 [omNode-2-server-thread1] INFO  server.RaftServer$Division (RaftServerImpl.java:checkInconsistentAppendEntries(1402)) - omNode-2@group-523986131536: Failed appendEntries as snapshot (59) installation is in progress
2022-09-29 01:23:46,378 [omNode-2-server-thread1] INFO  server.RaftServer$Division (RaftServerImpl.java:checkInconsistentAppendEntries(1394)) - omNode-2@group-523986131536: inconsistency entries. Reply:omNode-1<-omNode-2#753:FAIL-t6,INCONSISTENCY,nextIndex=57,followerCommit=56
2022-09-29 01:23:46,378 [grpc-default-executor-0] INFO  impl.SnapshotInstallationHandler (SnapshotInstallationHandler.java:installSnapshot(84)) - omNode-2@group-523986131536: receive installSnapshot: omNode-1->omNode-2#0-t6,notify:(t:6, i:59)
2022-09-29 01:23:46,378 [grpc-default-executor-0] INFO  impl.SnapshotInstallationHandler (SnapshotInstallationHandler.java:installSnapshot(95)) - omNode-2@group-523986131536: reply installSnapshot: omNode-1<-omNode-2#0:FAIL-t6,IN_PROGRESS
2022-09-29 01:23:46,378 [grpc-default-executor-0] INFO  server.GrpcServerProtocolService (GrpcServerProtocolService.java:onCompleted(140)) - omNode-2: Completed INSTALL_SNAPSHOT, lastRequest: omNode-1->omNode-2#0-t6,notify:(t:6, i:59)
2022-09-29 01:23:46,379 [grpc-default-executor-2] INFO  leader.FollowerInfo (FollowerInfoImpl.java:lambda$new$0(48)) - omNode-1@group-523986131536->omNode-2: nextIndex: updateUnconditionally 57 -> 57
2022-09-29 01:23:46,379 [grpc-default-executor-2] INFO  server.GrpcLogAppender (GrpcLogAppender.java:onNext(403)) - omNode-1@group-523986131536->omNode-2-InstallSnapshotResponseHandler: received a reply omNode-1<-omNode-2#0:FAIL-t6,IN_PROGRESS
2022-09-29 01:23:46,379 [grpc-default-executor-2] INFO  server.GrpcLogAppender (GrpcLogAppender.java:onNext(421)) - omNode-1@group-523986131536->omNode-2-InstallSnapshotResponseHandler: InstallSnapshot in progress.
2022-09-29 01:23:46,379 [omNode-1@group-523986131536->omNode-2-GrpcLogAppender-LogAppenderDaemon] INFO  server.GrpcLogAppender (GrpcLogAppender.java:installSnapshot(541)) - omNode-1@group-523986131536->omNode-2-GrpcLogAppender: followerNextIndex = 57 but logStartIndex = 59, notify follower to install snapshot-(t:6, i:59)
2022-09-29 01:23:46,379 [omNode-1@group-523986131536->omNode-2-GrpcLogAppender-LogAppenderDaemon] INFO  server.GrpcLogAppender (GrpcLogAppender.java:installSnapshot(549)) - omNode-1@group-523986131536->omNode-2-GrpcLogAppender: send omNode-1->omNode-2#0-t6,notify:(t:6, i:59)
2022-09-29 01:23:46,380 [omNode-2-server-thread1] INFO  server.RaftServer$Division (RaftServerImpl.java:checkInconsistentAppendEntries(1402)) - omNode-2@group-523986131536: Failed appendEntries as snapshot (59) installation is in progress
2022-09-29 01:23:46,380 [omNode-2-server-thread1] INFO  server.RaftServer$Division (RaftServerImpl.java:checkInconsistentAppendEntries(1394)) - omNode-2@group-523986131536: inconsistency entries. Reply:omNode-1<-omNode-2#754:FAIL-t6,INCONSISTENCY,nextIndex=57,followerCommit=56
2022-09-29 01:23:46,380 [grpc-default-executor-0] INFO  impl.SnapshotInstallationHandler (SnapshotInstallationHandler.java:installSnapshot(84)) - omNode-2@group-523986131536: receive installSnapshot: omNode-1->omNode-2#0-t6,notify:(t:6, i:59)
2022-09-29 01:23:46,380 [grpc-default-executor-0] INFO  impl.SnapshotInstallationHandler (SnapshotInstallationHandler.java:installSnapshot(95)) - omNode-2@group-523986131536: reply installSnapshot: omNode-1<-omNode-2#0:FAIL-t6,IN_PROGRESS
2022-09-29 01:23:46,380 [grpc-default-executor-0] INFO  server.GrpcServerProtocolService (GrpcServerProtocolService.java:onCompleted(140)) - omNode-2: Completed INSTALL_SNAPSHOT, lastRequest: omNode-1->omNode-2#0-t6,notify:(t:6, i:59)
2022-09-29 01:23:46,381 [grpc-default-executor-2] INFO  leader.FollowerInfo (FollowerInfoImpl.java:lambda$new$0(48)) - omNode-1@group-523986131536->omNode-2: nextIndex: updateUnconditionally 57 -> 57
2022-09-29 01:23:46,381 [grpc-default-executor-2] INFO  server.GrpcLogAppender (GrpcLogAppender.java:onNext(403)) - omNode-1@group-523986131536->omNode-2-InstallSnapshotResponseHandler: received a reply omNode-1<-omNode-2#0:FAIL-t6,IN_PROGRESS
2022-09-29 01:23:46,381 [grpc-default-executor-2] INFO  server.GrpcLogAppender (GrpcLogAppender.java:onNext(421)) - omNode-1@group-523986131536->omNode-2-InstallSnapshotResponseHandler: InstallSnapshot in progress.
2022-09-29 01:23:46,381 [omNode-1@group-523986131536->omNode-2-GrpcLogAppender-LogAppenderDaemon] INFO  server.GrpcLogAppender (GrpcLogAppender.java:installSnapshot(541)) - omNode-1@group-523986131536->omNode-2-GrpcLogAppender: followerNextIndex = 57 but logStartIndex = 59, notify follower to install snapshot-(t:6, i:59)
2022-09-29 01:23:46,381 [omNode-1@group-523986131536->omNode-2-GrpcLogAppender-LogAppenderDaemon] INFO  server.GrpcLogAppender (GrpcLogAppender.java:installSnapshot(549)) - omNode-1@group-523986131536->omNode-2-GrpcLogAppender: send omNode-1->omNode-2#0-t6,notify:(t:6, i:59)
2022-09-29 01:23:46,382 [omNode-2-server-thread1] INFO  server.RaftServer$Division (RaftServerImpl.java:checkInconsistentAppendEntries(1402)) - omNode-2@group-523986131536: Failed appendEntries as snapshot (59) installation is in progress
2022-09-29 01:23:46,382 [omNode-2-server-thread1] INFO  server.RaftServer$Division (RaftServerImpl.java:checkInconsistentAppendEntries(1394)) - omNode-2@group-523986131536: inconsistency entries. Reply:omNode-1<-omNode-2#755:FAIL-t6,INCONSISTENCY,nextIndex=57,followerCommit=56
2022-09-29 01:23:46,382 [grpc-default-executor-0] INFO  impl.SnapshotInstallationHandler (SnapshotInstallationHandler.java:installSnapshot(84)) - omNode-2@group-523986131536: receive installSnapshot: omNode-1->omNode-2#0-t6,notify:(t:6, i:59)
2022-09-29 01:23:46,382 [grpc-default-executor-0] INFO  impl.SnapshotInstallationHandler (SnapshotInstallationHandler.java:installSnapshot(95)) - omNode-2@group-523986131536: reply installSnapshot: omNode-1<-omNode-2#0:FAIL-t6,IN_PROGRESS
2022-09-29 01:23:46,382 [grpc-default-executor-0] INFO  server.GrpcServerProtocolService (GrpcServerProtocolService.java:onCompleted(140)) - omNode-2: Completed INSTALL_SNAPSHOT, lastRequest: omNode-1->omNode-2#0-t6,notify:(t:6, i:59)
2022-09-29 01:23:46,383 [grpc-default-executor-2] INFO  leader.FollowerInfo (FollowerInfoImpl.java:lambda$new$0(48)) - omNode-1@group-523986131536->omNode-2: nextIndex: updateUnconditionally 57 -> 57
2022-09-29 01:23:46,383 [grpc-default-executor-2] INFO  server.GrpcLogAppender (GrpcLogAppender.java:onNext(403)) - omNode-1@group-523986131536->omNode-2-InstallSnapshotResponseHandler: received a reply omNode-1<-omNode-2#0:FAIL-t6,IN_PROGRESS
2022-09-29 01:23:46,383 [grpc-default-executor-2] INFO  server.GrpcLogAppender (GrpcLogAppender.java:onNext(421)) - omNode-1@group-523986131536->omNode-2-InstallSnapshotResponseHandler: InstallSnapshot in progress.
2022-09-29 01:23:46,383 [omNode-1@group-523986131536->omNode-2-GrpcLogAppender-LogAppenderDaemon] INFO  server.GrpcLogAppender (GrpcLogAppender.java:installSnapshot(541)) - omNode-1@group-523986131536->omNode-2-GrpcLogAppender: followerNextIndex = 57 but logStartIndex = 59, notify follower to install snapshot-(t:6, i:59)
2022-09-29 01:23:46,383 [omNode-1@group-523986131536->omNode-2-GrpcLogAppender-LogAppenderDaemon] INFO  server.GrpcLogAppender (GrpcLogAppender.java:installSnapshot(549)) - omNode-1@group-523986131536->omNode-2-GrpcLogAppender: send omNode-1->omNode-2#0-t6,notify:(t:6, i:59)
2022-09-29 01:23:46,384 [omNode-2-server-thread1] INFO  server.RaftServer$Division (RaftServerImpl.java:checkInconsistentAppendEntries(1402)) - omNode-2@group-523986131536: Failed appendEntries as snapshot (59) installation is in progress
2022-09-29 01:23:46,384 [omNode-2-server-thread1] INFO  server.RaftServer$Division (RaftServerImpl.java:checkInconsistentAppendEntries(1394)) - omNode-2@group-523986131536: inconsistency entries. Reply:omNode-1<-omNode-2#756:FAIL-t6,INCONSISTENCY,nextIndex=57,followerCommit=56
2022-09-29 01:23:46,384 [grpc-default-executor-0] INFO  impl.SnapshotInstallationHandler (SnapshotInstallationHandler.java:installSnapshot(84)) - omNode-2@group-523986131536: receive installSnapshot: omNode-1->omNode-2#0-t6,notify:(t:6, i:59)
2022-09-29 01:23:46,384 [grpc-default-executor-0] INFO  impl.SnapshotInstallationHandler (SnapshotInstallationHandler.java:installSnapshot(95)) - omNode-2@group-523986131536: reply installSnapshot: omNode-1<-omNode-2#0:FAIL-t6,IN_PROGRESS
2022-09-29 01:23:46,384 [grpc-default-executor-0] INFO  server.GrpcServerProtocolService (GrpcServerProtocolService.java:onCompleted(140)) - omNode-2: Completed INSTALL_SNAPSHOT, lastRequest: omNode-1->omNode-2#0-t6,notify:(t:6, i:59)
2022-09-29 01:23:46,385 [grpc-default-executor-2] INFO  leader.FollowerInfo (FollowerInfoImpl.java:lambda$new$0(48)) - omNode-1@group-523986131536->omNode-2: nextIndex: updateUnconditionally 57 -> 57
2022-09-29 01:23:46,385 [grpc-default-executor-2] INFO  server.GrpcLogAppender (GrpcLogAppender.java:onNext(403)) - omNode-1@group-523986131536->omNode-2-InstallSnapshotResponseHandler: received a reply omNode-1<-omNode-2#0:FAIL-t6,IN_PROGRESS
2022-09-29 01:23:46,385 [grpc-default-executor-2] INFO  server.GrpcLogAppender (GrpcLogAppender.java:onNext(421)) - omNode-1@group-523986131536->omNode-2-InstallSnapshotResponseHandler: InstallSnapshot in progress.
2022-09-29 01:23:46,387 [omNode-1@group-523986131536->omNode-2-GrpcLogAppender-LogAppenderDaemon] INFO  server.GrpcLogAppender (GrpcLogAppender.java:installSnapshot(541)) - omNode-1@group-523986131536->omNode-2-GrpcLogAppender: followerNextIndex = 57 but logStartIndex = 59, notify follower to install snapshot-(t:6, i:59)
2022-09-29 01:23:46,387 [omNode-1@group-523986131536->omNode-2-GrpcLogAppender-LogAppenderDaemon] INFO  server.GrpcLogAppender (GrpcLogAppender.java:installSnapshot(549)) - omNode-1@group-523986131536->omNode-2-GrpcLogAppender: send omNode-1->omNode-2#0-t6,notify:(t:6, i:59)
2022-09-29 01:23:46,388 [omNode-2-server-thread1] INFO  server.RaftServer$Division (RaftServerImpl.java:checkInconsistentAppendEntries(1402)) - omNode-2@group-523986131536: Failed appendEntries as snapshot (59) installation is in progress
2022-09-29 01:23:46,388 [omNode-2-server-thread1] INFO  server.RaftServer$Division (RaftServerImpl.java:checkInconsistentAppendEntries(1394)) - omNode-2@group-523986131536: inconsistency entries. Reply:omNode-1<-omNode-2#757:FAIL-t6,INCONSISTENCY,nextIndex=57,followerCommit=56
2022-09-29 01:23:46,388 [grpc-default-executor-0] INFO  impl.SnapshotInstallationHandler (SnapshotInstallationHandler.java:installSnapshot(84)) - omNode-2@group-523986131536: receive installSnapshot: omNode-1->omNode-2#0-t6,notify:(t:6, i:59)
2022-09-29 01:23:46,388 [grpc-default-executor-0] INFO  impl.SnapshotInstallationHandler (SnapshotInstallationHandler.java:installSnapshot(95)) - omNode-2@group-523986131536: reply installSnapshot: omNode-1<-omNode-2#0:FAIL-t6,IN_PROGRESS
2022-09-29 01:23:46,388 [grpc-default-executor-0] INFO  server.GrpcServerProtocolService (GrpcServerProtocolService.java:onCompleted(140)) - omNode-2: Completed INSTALL_SNAPSHOT, lastRequest: omNode-1->omNode-2#0-t6,notify:(t:6, i:59)
2022-09-29 01:23:46,389 [grpc-default-executor-2] INFO  leader.FollowerInfo (FollowerInfoImpl.java:lambda$new$0(48)) - omNode-1@group-523986131536->omNode-2: nextIndex: updateUnconditionally 57 -> 57
2022-09-29 01:23:46,389 [grpc-default-executor-2] INFO  server.GrpcLogAppender (GrpcLogAppender.java:onNext(403)) - omNode-1@group-523986131536->omNode-2-InstallSnapshotResponseHandler: received a reply omNode-1<-omNode-2#0:FAIL-t6,IN_PROGRESS
2022-09-29 01:23:46,389 [grpc-default-executor-2] INFO  server.GrpcLogAppender (GrpcLogAppender.java:onNext(421)) - omNode-1@group-523986131536->omNode-2-InstallSnapshotResponseHandler: InstallSnapshot in progress.
2022-09-29 01:23:46,389 [omNode-1@group-523986131536->omNode-2-GrpcLogAppender-LogAppenderDaemon] INFO  server.GrpcLogAppender (GrpcLogAppender.java:installSnapshot(541)) - omNode-1@group-523986131536->omNode-2-GrpcLogAppender: followerNextIndex = 57 but logStartIndex = 59, notify follower to install snapshot-(t:6, i:59)
2022-09-29 01:23:46,389 [omNode-1@group-523986131536->omNode-2-GrpcLogAppender-LogAppenderDaemon] INFO  server.GrpcLogAppender (GrpcLogAppender.java:installSnapshot(549)) - omNode-1@group-523986131536->omNode-2-GrpcLogAppender: send omNode-1->omNode-2#0-t6,notify:(t:6, i:59)
2022-09-29 01:23:46,390 [omNode-2-server-thread1] INFO  server.RaftServer$Division (RaftServerImpl.java:checkInconsistentAppendEntries(1402)) - omNode-2@group-523986131536: Failed appendEntries as snapshot (59) installation is in progress
2022-09-29 01:23:46,390 [omNode-2-server-thread1] INFO  server.RaftServer$Division (RaftServerImpl.java:checkInconsistentAppendEntries(1394)) - omNode-2@group-523986131536: inconsistency entries. Reply:omNode-1<-omNode-2#758:FAIL-t6,INCONSISTENCY,nextIndex=57,followerCommit=56
2022-09-29 01:23:46,390 [grpc-default-executor-0] INFO  impl.SnapshotInstallationHandler (SnapshotInstallationHandler.java:installSnapshot(84)) - omNode-2@group-523986131536: receive installSnapshot: omNode-1->omNode-2#0-t6,notify:(t:6, i:59)
2022-09-29 01:23:46,390 [grpc-default-executor-0] INFO  impl.SnapshotInstallationHandler (SnapshotInstallationHandler.java:installSnapshot(95)) - omNode-2@group-523986131536: reply installSnapshot: omNode-1<-omNode-2#0:FAIL-t6,IN_PROGRESS
2022-09-29 01:23:46,390 [grpc-default-executor-0] INFO  server.GrpcServerProtocolService (GrpcServerProtocolService.java:onCompleted(140)) - omNode-2: Completed INSTALL_SNAPSHOT, lastRequest: omNode-1->omNode-2#0-t6,notify:(t:6, i:59)
2022-09-29 01:23:46,391 [grpc-default-executor-2] INFO  leader.FollowerInfo (FollowerInfoImpl.java:lambda$new$0(48)) - omNode-1@group-523986131536->omNode-2: nextIndex: updateUnconditionally 57 -> 57
2022-09-29 01:23:46,391 [grpc-default-executor-2] INFO  server.GrpcLogAppender (GrpcLogAppender.java:onNext(403)) - omNode-1@group-523986131536->omNode-2-InstallSnapshotResponseHandler: received a reply omNode-1<-omNode-2#0:FAIL-t6,IN_PROGRESS
2022-09-29 01:23:46,391 [grpc-default-executor-2] INFO  server.GrpcLogAppender (GrpcLogAppender.java:onNext(421)) - omNode-1@group-523986131536->omNode-2-InstallSnapshotResponseHandler: InstallSnapshot in progress.
2022-09-29 01:23:46,391 [omNode-1@group-523986131536->omNode-2-GrpcLogAppender-LogAppenderDaemon] INFO  server.GrpcLogAppender (GrpcLogAppender.java:installSnapshot(541)) - omNode-1@group-523986131536->omNode-2-GrpcLogAppender: followerNextIndex = 57 but logStartIndex = 59, notify follower to install snapshot-(t:6, i:59)
2022-09-29 01:23:46,391 [omNode-1@group-523986131536->omNode-2-GrpcLogAppender-LogAppenderDaemon] INFO  server.GrpcLogAppender (GrpcLogAppender.java:installSnapshot(549)) - omNode-1@group-523986131536->omNode-2-GrpcLogAppender: send omNode-1->omNode-2#0-t6,notify:(t:6, i:59)
2022-09-29 01:23:46,392 [omNode-2-server-thread1] INFO  server.RaftServer$Division (RaftServerImpl.java:checkInconsistentAppendEntries(1402)) - omNode-2@group-523986131536: Failed appendEntries as snapshot (59) installation is in progress
2022-09-29 01:23:46,392 [omNode-2-server-thread1] INFO  server.RaftServer$Division (RaftServerImpl.java:checkInconsistentAppendEntries(1394)) - omNode-2@group-523986131536: inconsistency entries. Reply:omNode-1<-omNode-2#759:FAIL-t6,INCONSISTENCY,nextIndex=57,followerCommit=56
2022-09-29 01:23:46,392 [grpc-default-executor-0] INFO  impl.SnapshotInstallationHandler (SnapshotInstallationHandler.java:installSnapshot(84)) - omNode-2@group-523986131536: receive installSnapshot: omNode-1->omNode-2#0-t6,notify:(t:6, i:59)
2022-09-29 01:23:46,392 [grpc-default-executor-0] INFO  impl.SnapshotInstallationHandler (SnapshotInstallationHandler.java:installSnapshot(95)) - omNode-2@group-523986131536: reply installSnapshot: omNode-1<-omNode-2#0:FAIL-t6,IN_PROGRESS
2022-09-29 01:23:46,392 [grpc-default-executor-0] INFO  server.GrpcServerProtocolService (GrpcServerProtocolService.java:onCompleted(140)) - omNode-2: Completed INSTALL_SNAPSHOT, lastRequest: omNode-1->omNode-2#0-t6,notify:(t:6, i:59)
2022-09-29 01:23:46,393 [grpc-default-executor-2] INFO  leader.FollowerInfo (FollowerInfoImpl.java:lambda$new$0(48)) - omNode-1@group-523986131536->omNode-2: nextIndex: updateUnconditionally 57 -> 57
2022-09-29 01:23:46,393 [grpc-default-executor-2] INFO  server.GrpcLogAppender (GrpcLogAppender.java:onNext(403)) - omNode-1@group-523986131536->omNode-2-InstallSnapshotResponseHandler: received a reply omNode-1<-omNode-2#0:FAIL-t6,IN_PROGRESS
2022-09-29 01:23:46,393 [grpc-default-executor-2] INFO  server.GrpcLogAppender (GrpcLogAppender.java:onNext(421)) - omNode-1@group-523986131536->omNode-2-InstallSnapshotResponseHandler: InstallSnapshot in progress.
2022-09-29 01:23:46,395 [omNode-1@group-523986131536->omNode-2-GrpcLogAppender-LogAppenderDaemon] INFO  server.GrpcLogAppender (GrpcLogAppender.java:installSnapshot(541)) - omNode-1@group-523986131536->omNode-2-GrpcLogAppender: followerNextIndex = 57 but logStartIndex = 59, notify follower to install snapshot-(t:6, i:59)
2022-09-29 01:23:46,395 [omNode-1@group-523986131536->omNode-2-GrpcLogAppender-LogAppenderDaemon] INFO  server.GrpcLogAppender (GrpcLogAppender.java:installSnapshot(549)) - omNode-1@group-523986131536->omNode-2-GrpcLogAppender: send omNode-1->omNode-2#0-t6,notify:(t:6, i:59)
2022-09-29 01:23:46,396 [omNode-2-server-thread1] INFO  server.RaftServer$Division (RaftServerImpl.java:checkInconsistentAppendEntries(1402)) - omNode-2@group-523986131536: Failed appendEntries as snapshot (59) installation is in progress
2022-09-29 01:23:46,396 [omNode-2-server-thread1] INFO  server.RaftServer$Division (RaftServerImpl.java:checkInconsistentAppendEntries(1394)) - omNode-2@group-523986131536: inconsistency entries. Reply:omNode-1<-omNode-2#760:FAIL-t6,INCONSISTENCY,nextIndex=57,followerCommit=56
2022-09-29 01:23:46,396 [grpc-default-executor-0] INFO  impl.SnapshotInstallationHandler (SnapshotInstallationHandler.java:installSnapshot(84)) - omNode-2@group-523986131536: receive installSnapshot: omNode-1->omNode-2#0-t6,notify:(t:6, i:59)
2022-09-29 01:23:46,396 [grpc-default-executor-0] INFO  impl.SnapshotInstallationHandler (SnapshotInstallationHandler.java:installSnapshot(95)) - omNode-2@group-523986131536: reply installSnapshot: omNode-1<-omNode-2#0:FAIL-t6,IN_PROGRESS
2022-09-29 01:23:46,396 [grpc-default-executor-0] INFO  server.GrpcServerProtocolService (GrpcServerProtocolService.java:onCompleted(140)) - omNode-2: Completed INSTALL_SNAPSHOT, lastRequest: omNode-1->omNode-2#0-t6,notify:(t:6, i:59)
2022-09-29 01:23:46,397 [grpc-default-executor-2] INFO  leader.FollowerInfo (FollowerInfoImpl.java:lambda$new$0(48)) - omNode-1@group-523986131536->omNode-2: nextIndex: updateUnconditionally 57 -> 57
2022-09-29 01:23:46,397 [grpc-default-executor-2] INFO  server.GrpcLogAppender (GrpcLogAppender.java:onNext(403)) - omNode-1@group-523986131536->omNode-2-InstallSnapshotResponseHandler: received a reply omNode-1<-omNode-2#0:FAIL-t6,IN_PROGRESS
2022-09-29 01:23:46,397 [grpc-default-executor-2] INFO  server.GrpcLogAppender (GrpcLogAppender.java:onNext(421)) - omNode-1@group-523986131536->omNode-2-InstallSnapshotResponseHandler: InstallSnapshot in progress.
2022-09-29 01:23:46,397 [omNode-1@group-523986131536->omNode-2-GrpcLogAppender-LogAppenderDaemon] INFO  server.GrpcLogAppender (GrpcLogAppender.java:installSnapshot(541)) - omNode-1@group-523986131536->omNode-2-GrpcLogAppender: followerNextIndex = 57 but logStartIndex = 59, notify follower to install snapshot-(t:6, i:59)
2022-09-29 01:23:46,397 [omNode-1@group-523986131536->omNode-2-GrpcLogAppender-LogAppenderDaemon] INFO  server.GrpcLogAppender (GrpcLogAppender.java:installSnapshot(549)) - omNode-1@group-523986131536->omNode-2-GrpcLogAppender: send omNode-1->omNode-2#0-t6,notify:(t:6, i:59)
2022-09-29 01:23:46,398 [omNode-2-server-thread1] INFO  server.RaftServer$Division (RaftServerImpl.java:checkInconsistentAppendEntries(1402)) - omNode-2@group-523986131536: Failed appendEntries as snapshot (59) installation is in progress
2022-09-29 01:23:46,398 [omNode-2-server-thread1] INFO  server.RaftServer$Division (RaftServerImpl.java:checkInconsistentAppendEntries(1394)) - omNode-2@group-523986131536: inconsistency entries. Reply:omNode-1<-omNode-2#761:FAIL-t6,INCONSISTENCY,nextIndex=57,followerCommit=56
2022-09-29 01:23:46,398 [grpc-default-executor-0] INFO  impl.SnapshotInstallationHandler (SnapshotInstallationHandler.java:installSnapshot(84)) - omNode-2@group-523986131536: receive installSnapshot: omNode-1->omNode-2#0-t6,notify:(t:6, i:59)
2022-09-29 01:23:46,398 [grpc-default-executor-0] INFO  impl.SnapshotInstallationHandler (SnapshotInstallationHandler.java:installSnapshot(95)) - omNode-2@group-523986131536: reply installSnapshot: omNode-1<-omNode-2#0:FAIL-t6,IN_PROGRESS
2022-09-29 01:23:46,398 [grpc-default-executor-0] INFO  server.GrpcServerProtocolService (GrpcServerProtocolService.java:onCompleted(140)) - omNode-2: Completed INSTALL_SNAPSHOT, lastRequest: omNode-1->omNode-2#0-t6,notify:(t:6, i:59)
2022-09-29 01:23:46,399 [grpc-default-executor-2] INFO  leader.FollowerInfo (FollowerInfoImpl.java:lambda$new$0(48)) - omNode-1@group-523986131536->omNode-2: nextIndex: updateUnconditionally 57 -> 57
2022-09-29 01:23:46,399 [grpc-default-executor-2] INFO  server.GrpcLogAppender (GrpcLogAppender.java:onNext(403)) - omNode-1@group-523986131536->omNode-2-InstallSnapshotResponseHandler: received a reply omNode-1<-omNode-2#0:FAIL-t6,IN_PROGRESS
2022-09-29 01:23:46,399 [grpc-default-executor-2] INFO  server.GrpcLogAppender (GrpcLogAppender.java:onNext(421)) - omNode-1@group-523986131536->omNode-2-InstallSnapshotResponseHandler: InstallSnapshot in progress.
2022-09-29 01:23:46,399 [omNode-1@group-523986131536->omNode-2-GrpcLogAppender-LogAppenderDaemon] INFO  server.GrpcLogAppender (GrpcLogAppender.java:installSnapshot(541)) - omNode-1@group-523986131536->omNode-2-GrpcLogAppender: followerNextIndex = 57 but logStartIndex = 59, notify follower to install snapshot-(t:6, i:59)
2022-09-29 01:23:46,399 [omNode-1@group-523986131536->omNode-2-GrpcLogAppender-LogAppenderDaemon] INFO  server.GrpcLogAppender (GrpcLogAppender.java:installSnapshot(549)) - omNode-1@group-523986131536->omNode-2-GrpcLogAppender: send omNode-1->omNode-2#0-t6,notify:(t:6, i:59)
2022-09-29 01:23:46,400 [omNode-2-server-thread1] INFO  server.RaftServer$Division (RaftServerImpl.java:checkInconsistentAppendEntries(1402)) - omNode-2@group-523986131536: Failed appendEntries as snapshot (59) installation is in progress
2022-09-29 01:23:46,400 [omNode-2-server-thread1] INFO  server.RaftServer$Division (RaftServerImpl.java:checkInconsistentAppendEntries(1394)) - omNode-2@group-523986131536: inconsistency entries. Reply:omNode-1<-omNode-2#762:FAIL-t6,INCONSISTENCY,nextIndex=57,followerCommit=56
2022-09-29 01:23:46,400 [grpc-default-executor-0] INFO  impl.SnapshotInstallationHandler (SnapshotInstallationHandler.java:installSnapshot(84)) - omNode-2@group-523986131536: receive installSnapshot: omNode-1->omNode-2#0-t6,notify:(t:6, i:59)
2022-09-29 01:23:46,400 [grpc-default-executor-0] INFO  impl.SnapshotInstallationHandler (SnapshotInstallationHandler.java:installSnapshot(95)) - omNode-2@group-523986131536: reply installSnapshot: omNode-1<-omNode-2#0:FAIL-t6,IN_PROGRESS
2022-09-29 01:23:46,400 [grpc-default-executor-0] INFO  server.GrpcServerProtocolService (GrpcServerProtocolService.java:onCompleted(140)) - omNode-2: Completed INSTALL_SNAPSHOT, lastRequest: omNode-1->omNode-2#0-t6,notify:(t:6, i:59)
2022-09-29 01:23:46,401 [grpc-default-executor-2] INFO  leader.FollowerInfo (FollowerInfoImpl.java:lambda$new$0(48)) - omNode-1@group-523986131536->omNode-2: nextIndex: updateUnconditionally 57 -> 57
2022-09-29 01:23:46,401 [grpc-default-executor-2] INFO  server.GrpcLogAppender (GrpcLogAppender.java:onNext(403)) - omNode-1@group-523986131536->omNode-2-InstallSnapshotResponseHandler: received a reply omNode-1<-omNode-2#0:FAIL-t6,IN_PROGRESS
2022-09-29 01:23:46,402 [grpc-default-executor-2] INFO  server.GrpcLogAppender (GrpcLogAppender.java:onNext(421)) - omNode-1@group-523986131536->omNode-2-InstallSnapshotResponseHandler: InstallSnapshot in progress.
2022-09-29 01:23:46,402 [omNode-1@group-523986131536->omNode-2-GrpcLogAppender-LogAppenderDaemon] INFO  server.GrpcLogAppender (GrpcLogAppender.java:installSnapshot(541)) - omNode-1@group-523986131536->omNode-2-GrpcLogAppender: followerNextIndex = 57 but logStartIndex = 59, notify follower to install snapshot-(t:6, i:59)
2022-09-29 01:23:46,402 [omNode-1@group-523986131536->omNode-2-GrpcLogAppender-LogAppenderDaemon] INFO  server.GrpcLogAppender (GrpcLogAppender.java:installSnapshot(549)) - omNode-1@group-523986131536->omNode-2-GrpcLogAppender: send omNode-1->omNode-2#0-t6,notify:(t:6, i:59)
2022-09-29 01:23:46,402 [omNode-2-server-thread1] INFO  server.RaftServer$Division (RaftServerImpl.java:checkInconsistentAppendEntries(1402)) - omNode-2@group-523986131536: Failed appendEntries as snapshot (59) installation is in progress
2022-09-29 01:23:46,402 [omNode-2-server-thread1] INFO  server.RaftServer$Division (RaftServerImpl.java:checkInconsistentAppendEntries(1394)) - omNode-2@group-523986131536: inconsistency entries. Reply:omNode-1<-omNode-2#763:FAIL-t6,INCONSISTENCY,nextIndex=57,followerCommit=56
2022-09-29 01:23:46,403 [grpc-default-executor-0] INFO  impl.SnapshotInstallationHandler (SnapshotInstallationHandler.java:installSnapshot(84)) - omNode-2@group-523986131536: receive installSnapshot: omNode-1->omNode-2#0-t6,notify:(t:6, i:59)
2022-09-29 01:23:46,403 [grpc-default-executor-0] INFO  impl.SnapshotInstallationHandler (SnapshotInstallationHandler.java:installSnapshot(95)) - omNode-2@group-523986131536: reply installSnapshot: omNode-1<-omNode-2#0:FAIL-t6,IN_PROGRESS
2022-09-29 01:23:46,403 [grpc-default-executor-0] INFO  server.GrpcServerProtocolService (GrpcServerProtocolService.java:onCompleted(140)) - omNode-2: Completed INSTALL_SNAPSHOT, lastRequest: omNode-1->omNode-2#0-t6,notify:(t:6, i:59)
2022-09-29 01:23:46,403 [grpc-default-executor-2] INFO  leader.FollowerInfo (FollowerInfoImpl.java:lambda$new$0(48)) - omNode-1@group-523986131536->omNode-2: nextIndex: updateUnconditionally 57 -> 57
2022-09-29 01:23:46,403 [grpc-default-executor-2] INFO  server.GrpcLogAppender (GrpcLogAppender.java:onNext(403)) - omNode-1@group-523986131536->omNode-2-InstallSnapshotResponseHandler: received a reply omNode-1<-omNode-2#0:FAIL-t6,IN_PROGRESS
2022-09-29 01:23:46,404 [grpc-default-executor-2] INFO  server.GrpcLogAppender (GrpcLogAppender.java:onNext(421)) - omNode-1@group-523986131536->omNode-2-InstallSnapshotResponseHandler: InstallSnapshot in progress.
2022-09-29 01:23:46,404 [omNode-1@group-523986131536->omNode-2-GrpcLogAppender-LogAppenderDaemon] INFO  server.GrpcLogAppender (GrpcLogAppender.java:installSnapshot(541)) - omNode-1@group-523986131536->omNode-2-GrpcLogAppender: followerNextIndex = 57 but logStartIndex = 59, notify follower to install snapshot-(t:6, i:59)
2022-09-29 01:23:46,404 [omNode-1@group-523986131536->omNode-2-GrpcLogAppender-LogAppenderDaemon] INFO  server.GrpcLogAppender (GrpcLogAppender.java:installSnapshot(549)) - omNode-1@group-523986131536->omNode-2-GrpcLogAppender: send omNode-1->omNode-2#0-t6,notify:(t:6, i:59)
2022-09-29 01:23:46,405 [omNode-2-server-thread1] INFO  server.RaftServer$Division (RaftServerImpl.java:checkInconsistentAppendEntries(1402)) - omNode-2@group-523986131536: Failed appendEntries as snapshot (59) installation is in progress
2022-09-29 01:23:46,405 [omNode-2-server-thread1] INFO  server.RaftServer$Division (RaftServerImpl.java:checkInconsistentAppendEntries(1394)) - omNode-2@group-523986131536: inconsistency entries. Reply:omNode-1<-omNode-2#764:FAIL-t6,INCONSISTENCY,nextIndex=57,followerCommit=56
2022-09-29 01:23:46,405 [grpc-default-executor-0] INFO  impl.SnapshotInstallationHandler (SnapshotInstallationHandler.java:installSnapshot(84)) - omNode-2@group-523986131536: receive installSnapshot: omNode-1->omNode-2#0-t6,notify:(t:6, i:59)
2022-09-29 01:23:46,405 [grpc-default-executor-0] INFO  impl.SnapshotInstallationHandler (SnapshotInstallationHandler.java:installSnapshot(95)) - omNode-2@group-523986131536: reply installSnapshot: omNode-1<-omNode-2#0:FAIL-t6,IN_PROGRESS
2022-09-29 01:23:46,405 [grpc-default-executor-0] INFO  server.GrpcServerProtocolService (GrpcServerProtocolService.java:onCompleted(140)) - omNode-2: Completed INSTALL_SNAPSHOT, lastRequest: omNode-1->omNode-2#0-t6,notify:(t:6, i:59)
2022-09-29 01:23:46,406 [grpc-default-executor-2] INFO  leader.FollowerInfo (FollowerInfoImpl.java:lambda$new$0(48)) - omNode-1@group-523986131536->omNode-2: nextIndex: updateUnconditionally 57 -> 57
2022-09-29 01:23:46,406 [grpc-default-executor-2] INFO  server.GrpcLogAppender (GrpcLogAppender.java:onNext(403)) - omNode-1@group-523986131536->omNode-2-InstallSnapshotResponseHandler: received a reply omNode-1<-omNode-2#0:FAIL-t6,IN_PROGRESS
2022-09-29 01:23:46,406 [grpc-default-executor-2] INFO  server.GrpcLogAppender (GrpcLogAppender.java:onNext(421)) - omNode-1@group-523986131536->omNode-2-InstallSnapshotResponseHandler: InstallSnapshot in progress.
2022-09-29 01:23:46,406 [omNode-1@group-523986131536->omNode-2-GrpcLogAppender-LogAppenderDaemon] INFO  server.GrpcLogAppender (GrpcLogAppender.java:installSnapshot(541)) - omNode-1@group-523986131536->omNode-2-GrpcLogAppender: followerNextIndex = 57 but logStartIndex = 59, notify follower to install snapshot-(t:6, i:59)
2022-09-29 01:23:46,406 [omNode-1@group-523986131536->omNode-2-GrpcLogAppender-LogAppenderDaemon] INFO  server.GrpcLogAppender (GrpcLogAppender.java:installSnapshot(549)) - omNode-1@group-523986131536->omNode-2-GrpcLogAppender: send omNode-1->omNode-2#0-t6,notify:(t:6, i:59)
2022-09-29 01:23:46,407 [omNode-2-server-thread1] INFO  server.RaftServer$Division (RaftServerImpl.java:checkInconsistentAppendEntries(1402)) - omNode-2@group-523986131536: Failed appendEntries as snapshot (59) installation is in progress
2022-09-29 01:23:46,407 [omNode-2-server-thread1] INFO  server.RaftServer$Division (RaftServerImpl.java:checkInconsistentAppendEntries(1394)) - omNode-2@group-523986131536: inconsistency entries. Reply:omNode-1<-omNode-2#765:FAIL-t6,INCONSISTENCY,nextIndex=57,followerCommit=56
2022-09-29 01:23:46,407 [grpc-default-executor-1] INFO  impl.SnapshotInstallationHandler (SnapshotInstallationHandler.java:installSnapshot(84)) - omNode-2@group-523986131536: receive installSnapshot: omNode-1->omNode-2#0-t6,notify:(t:6, i:59)
2022-09-29 01:23:46,407 [grpc-default-executor-1] INFO  impl.SnapshotInstallationHandler (SnapshotInstallationHandler.java:installSnapshot(95)) - omNode-2@group-523986131536: reply installSnapshot: omNode-1<-omNode-2#0:FAIL-t6,IN_PROGRESS
2022-09-29 01:23:46,407 [grpc-default-executor-1] INFO  server.GrpcServerProtocolService (GrpcServerProtocolService.java:onCompleted(140)) - omNode-2: Completed INSTALL_SNAPSHOT, lastRequest: omNode-1->omNode-2#0-t6,notify:(t:6, i:59)
2022-09-29 01:23:46,408 [grpc-default-executor-2] INFO  leader.FollowerInfo (FollowerInfoImpl.java:lambda$new$0(48)) - omNode-1@group-523986131536->omNode-2: nextIndex: updateUnconditionally 57 -> 57
2022-09-29 01:23:46,408 [grpc-default-executor-2] INFO  server.GrpcLogAppender (GrpcLogAppender.java:onNext(403)) - omNode-1@group-523986131536->omNode-2-InstallSnapshotResponseHandler: received a reply omNode-1<-omNode-2#0:FAIL-t6,IN_PROGRESS
2022-09-29 01:23:46,408 [grpc-default-executor-2] INFO  server.GrpcLogAppender (GrpcLogAppender.java:onNext(421)) - omNode-1@group-523986131536->omNode-2-InstallSnapshotResponseHandler: InstallSnapshot in progress.
2022-09-29 01:23:46,408 [omNode-1@group-523986131536->omNode-2-GrpcLogAppender-LogAppenderDaemon] INFO  server.GrpcLogAppender (GrpcLogAppender.java:installSnapshot(541)) - omNode-1@group-523986131536->omNode-2-GrpcLogAppender: followerNextIndex = 57 but logStartIndex = 59, notify follower to install snapshot-(t:6, i:59)
2022-09-29 01:23:46,408 [omNode-1@group-523986131536->omNode-2-GrpcLogAppender-LogAppenderDaemon] INFO  server.GrpcLogAppender (GrpcLogAppender.java:installSnapshot(549)) - omNode-1@group-523986131536->omNode-2-GrpcLogAppender: send omNode-1->omNode-2#0-t6,notify:(t:6, i:59)
2022-09-29 01:23:46,409 [omNode-2-server-thread1] INFO  server.RaftServer$Division (RaftServerImpl.java:checkInconsistentAppendEntries(1402)) - omNode-2@group-523986131536: Failed appendEntries as snapshot (59) installation is in progress
2022-09-29 01:23:46,409 [omNode-2-server-thread1] INFO  server.RaftServer$Division (RaftServerImpl.java:checkInconsistentAppendEntries(1394)) - omNode-2@group-523986131536: inconsistency entries. Reply:omNode-1<-omNode-2#766:FAIL-t6,INCONSISTENCY,nextIndex=57,followerCommit=56
2022-09-29 01:23:46,409 [grpc-default-executor-1] INFO  impl.SnapshotInstallationHandler (SnapshotInstallationHandler.java:installSnapshot(84)) - omNode-2@group-523986131536: receive installSnapshot: omNode-1->omNode-2#0-t6,notify:(t:6, i:59)
2022-09-29 01:23:46,409 [grpc-default-executor-1] INFO  impl.SnapshotInstallationHandler (SnapshotInstallationHandler.java:installSnapshot(95)) - omNode-2@group-523986131536: reply installSnapshot: omNode-1<-omNode-2#0:FAIL-t6,IN_PROGRESS
2022-09-29 01:23:46,410 [grpc-default-executor-1] INFO  server.GrpcServerProtocolService (GrpcServerProtocolService.java:onCompleted(140)) - omNode-2: Completed INSTALL_SNAPSHOT, lastRequest: omNode-1->omNode-2#0-t6,notify:(t:6, i:59)
2022-09-29 01:23:46,411 [grpc-default-executor-2] INFO  leader.FollowerInfo (FollowerInfoImpl.java:lambda$new$0(48)) - omNode-1@group-523986131536->omNode-2: nextIndex: updateUnconditionally 57 -> 57
2022-09-29 01:23:46,411 [grpc-default-executor-2] INFO  server.GrpcLogAppender (GrpcLogAppender.java:onNext(403)) - omNode-1@group-523986131536->omNode-2-InstallSnapshotResponseHandler: received a reply omNode-1<-omNode-2#0:FAIL-t6,IN_PROGRESS
2022-09-29 01:23:46,411 [grpc-default-executor-2] INFO  server.GrpcLogAppender (GrpcLogAppender.java:onNext(421)) - omNode-1@group-523986131536->omNode-2-InstallSnapshotResponseHandler: InstallSnapshot in progress.
2022-09-29 01:23:46,411 [omNode-1@group-523986131536->omNode-2-GrpcLogAppender-LogAppenderDaemon] INFO  server.GrpcLogAppender (GrpcLogAppender.java:installSnapshot(541)) - omNode-1@group-523986131536->omNode-2-GrpcLogAppender: followerNextIndex = 57 but logStartIndex = 59, notify follower to install snapshot-(t:6, i:59)
2022-09-29 01:23:46,411 [omNode-1@group-523986131536->omNode-2-GrpcLogAppender-LogAppenderDaemon] INFO  server.GrpcLogAppender (GrpcLogAppender.java:installSnapshot(549)) - omNode-1@group-523986131536->omNode-2-GrpcLogAppender: send omNode-1->omNode-2#0-t6,notify:(t:6, i:59)
2022-09-29 01:23:46,412 [omNode-2-server-thread1] INFO  server.RaftServer$Division (RaftServerImpl.java:checkInconsistentAppendEntries(1402)) - omNode-2@group-523986131536: Failed appendEntries as snapshot (59) installation is in progress
2022-09-29 01:23:46,412 [omNode-2-server-thread1] INFO  server.RaftServer$Division (RaftServerImpl.java:checkInconsistentAppendEntries(1394)) - omNode-2@group-523986131536: inconsistency entries. Reply:omNode-1<-omNode-2#767:FAIL-t6,INCONSISTENCY,nextIndex=57,followerCommit=56
2022-09-29 01:23:46,412 [grpc-default-executor-1] INFO  impl.SnapshotInstallationHandler (SnapshotInstallationHandler.java:installSnapshot(84)) - omNode-2@group-523986131536: receive installSnapshot: omNode-1->omNode-2#0-t6,notify:(t:6, i:59)
2022-09-29 01:23:46,412 [grpc-default-executor-1] INFO  impl.SnapshotInstallationHandler (SnapshotInstallationHandler.java:installSnapshot(95)) - omNode-2@group-523986131536: reply installSnapshot: omNode-1<-omNode-2#0:FAIL-t6,IN_PROGRESS
2022-09-29 01:23:46,412 [grpc-default-executor-1] INFO  server.GrpcServerProtocolService (GrpcServerProtocolService.java:onCompleted(140)) - omNode-2: Completed INSTALL_SNAPSHOT, lastRequest: omNode-1->omNode-2#0-t6,notify:(t:6, i:59)
2022-09-29 01:23:46,413 [grpc-default-executor-2] INFO  leader.FollowerInfo (FollowerInfoImpl.java:lambda$new$0(48)) - omNode-1@group-523986131536->omNode-2: nextIndex: updateUnconditionally 57 -> 57
2022-09-29 01:23:46,413 [grpc-default-executor-2] INFO  server.GrpcLogAppender (GrpcLogAppender.java:onNext(403)) - omNode-1@group-523986131536->omNode-2-InstallSnapshotResponseHandler: received a reply omNode-1<-omNode-2#0:FAIL-t6,IN_PROGRESS
2022-09-29 01:23:46,413 [grpc-default-executor-2] INFO  server.GrpcLogAppender (GrpcLogAppender.java:onNext(421)) - omNode-1@group-523986131536->omNode-2-InstallSnapshotResponseHandler: InstallSnapshot in progress.
2022-09-29 01:23:46,413 [omNode-1@group-523986131536->omNode-2-GrpcLogAppender-LogAppenderDaemon] INFO  server.GrpcLogAppender (GrpcLogAppender.java:installSnapshot(541)) - omNode-1@group-523986131536->omNode-2-GrpcLogAppender: followerNextIndex = 57 but logStartIndex = 59, notify follower to install snapshot-(t:6, i:59)
2022-09-29 01:23:46,413 [omNode-1@group-523986131536->omNode-2-GrpcLogAppender-LogAppenderDaemon] INFO  server.GrpcLogAppender (GrpcLogAppender.java:installSnapshot(549)) - omNode-1@group-523986131536->omNode-2-GrpcLogAppender: send omNode-1->omNode-2#0-t6,notify:(t:6, i:59)
2022-09-29 01:23:46,414 [omNode-2-server-thread1] INFO  server.RaftServer$Division (RaftServerImpl.java:checkInconsistentAppendEntries(1402)) - omNode-2@group-523986131536: Failed appendEntries as snapshot (59) installation is in progress
2022-09-29 01:23:46,414 [omNode-2-server-thread1] INFO  server.RaftServer$Division (RaftServerImpl.java:checkInconsistentAppendEntries(1394)) - omNode-2@group-523986131536: inconsistency entries. Reply:omNode-1<-omNode-2#768:FAIL-t6,INCONSISTENCY,nextIndex=57,followerCommit=56
2022-09-29 01:23:46,414 [grpc-default-executor-1] INFO  impl.SnapshotInstallationHandler (SnapshotInstallationHandler.java:installSnapshot(84)) - omNode-2@group-523986131536: receive installSnapshot: omNode-1->omNode-2#0-t6,notify:(t:6, i:59)
2022-09-29 01:23:46,414 [grpc-default-executor-1] INFO  impl.SnapshotInstallationHandler (SnapshotInstallationHandler.java:installSnapshot(95)) - omNode-2@group-523986131536: reply installSnapshot: omNode-1<-omNode-2#0:FAIL-t6,IN_PROGRESS
2022-09-29 01:23:46,414 [grpc-default-executor-1] INFO  server.GrpcServerProtocolService (GrpcServerProtocolService.java:onCompleted(140)) - omNode-2: Completed INSTALL_SNAPSHOT, lastRequest: omNode-1->omNode-2#0-t6,notify:(t:6, i:59)
2022-09-29 01:23:46,415 [grpc-default-executor-2] INFO  leader.FollowerInfo (FollowerInfoImpl.java:lambda$new$0(48)) - omNode-1@group-523986131536->omNode-2: nextIndex: updateUnconditionally 57 -> 57
2022-09-29 01:23:46,415 [grpc-default-executor-2] INFO  server.GrpcLogAppender (GrpcLogAppender.java:onNext(403)) - omNode-1@group-523986131536->omNode-2-InstallSnapshotResponseHandler: received a reply omNode-1<-omNode-2#0:FAIL-t6,IN_PROGRESS
2022-09-29 01:23:46,415 [grpc-default-executor-2] INFO  server.GrpcLogAppender (GrpcLogAppender.java:onNext(421)) - omNode-1@group-523986131536->omNode-2-InstallSnapshotResponseHandler: InstallSnapshot in progress.
2022-09-29 01:23:46,415 [omNode-1@group-523986131536->omNode-2-GrpcLogAppender-LogAppenderDaemon] INFO  server.GrpcLogAppender (GrpcLogAppender.java:installSnapshot(541)) - omNode-1@group-523986131536->omNode-2-GrpcLogAppender: followerNextIndex = 57 but logStartIndex = 59, notify follower to install snapshot-(t:6, i:59)
2022-09-29 01:23:46,415 [omNode-1@group-523986131536->omNode-2-GrpcLogAppender-LogAppenderDaemon] INFO  server.GrpcLogAppender (GrpcLogAppender.java:installSnapshot(549)) - omNode-1@group-523986131536->omNode-2-GrpcLogAppender: send omNode-1->omNode-2#0-t6,notify:(t:6, i:59)
2022-09-29 01:23:46,416 [omNode-2-server-thread1] INFO  server.RaftServer$Division (RaftServerImpl.java:checkInconsistentAppendEntries(1402)) - omNode-2@group-523986131536: Failed appendEntries as snapshot (59) installation is in progress
2022-09-29 01:23:46,416 [omNode-2-server-thread1] INFO  server.RaftServer$Division (RaftServerImpl.java:checkInconsistentAppendEntries(1394)) - omNode-2@group-523986131536: inconsistency entries. Reply:omNode-1<-omNode-2#769:FAIL-t6,INCONSISTENCY,nextIndex=57,followerCommit=56
2022-09-29 01:23:46,416 [grpc-default-executor-1] INFO  impl.SnapshotInstallationHandler (SnapshotInstallationHandler.java:installSnapshot(84)) - omNode-2@group-523986131536: receive installSnapshot: omNode-1->omNode-2#0-t6,notify:(t:6, i:59)
2022-09-29 01:23:46,416 [grpc-default-executor-1] INFO  impl.SnapshotInstallationHandler (SnapshotInstallationHandler.java:installSnapshot(95)) - omNode-2@group-523986131536: reply installSnapshot: omNode-1<-omNode-2#0:FAIL-t6,IN_PROGRESS
2022-09-29 01:23:46,417 [grpc-default-executor-1] INFO  server.GrpcServerProtocolService (GrpcServerProtocolService.java:onCompleted(140)) - omNode-2: Completed INSTALL_SNAPSHOT, lastRequest: omNode-1->omNode-2#0-t6,notify:(t:6, i:59)
2022-09-29 01:23:46,417 [grpc-default-executor-2] INFO  leader.FollowerInfo (FollowerInfoImpl.java:lambda$new$0(48)) - omNode-1@group-523986131536->omNode-2: nextIndex: updateUnconditionally 57 -> 57
2022-09-29 01:23:46,417 [grpc-default-executor-2] INFO  server.GrpcLogAppender (GrpcLogAppender.java:onNext(403)) - omNode-1@group-523986131536->omNode-2-InstallSnapshotResponseHandler: received a reply omNode-1<-omNode-2#0:FAIL-t6,IN_PROGRESS
2022-09-29 01:23:46,417 [grpc-default-executor-2] INFO  server.GrpcLogAppender (GrpcLogAppender.java:onNext(421)) - omNode-1@group-523986131536->omNode-2-InstallSnapshotResponseHandler: InstallSnapshot in progress.
2022-09-29 01:23:46,417 [omNode-1@group-523986131536->omNode-2-GrpcLogAppender-LogAppenderDaemon] INFO  server.GrpcLogAppender (GrpcLogAppender.java:installSnapshot(541)) - omNode-1@group-523986131536->omNode-2-GrpcLogAppender: followerNextIndex = 57 but logStartIndex = 59, notify follower to install snapshot-(t:6, i:59)
2022-09-29 01:23:46,417 [omNode-1@group-523986131536->omNode-2-GrpcLogAppender-LogAppenderDaemon] INFO  server.GrpcLogAppender (GrpcLogAppender.java:installSnapshot(549)) - omNode-1@group-523986131536->omNode-2-GrpcLogAppender: send omNode-1->omNode-2#0-t6,notify:(t:6, i:59)
2022-09-29 01:23:46,418 [omNode-2-server-thread1] INFO  server.RaftServer$Division (RaftServerImpl.java:checkInconsistentAppendEntries(1402)) - omNode-2@group-523986131536: Failed appendEntries as snapshot (59) installation is in progress
2022-09-29 01:23:46,418 [omNode-2-server-thread1] INFO  server.RaftServer$Division (RaftServerImpl.java:checkInconsistentAppendEntries(1394)) - omNode-2@group-523986131536: inconsistency entries. Reply:omNode-1<-omNode-2#770:FAIL-t6,INCONSISTENCY,nextIndex=57,followerCommit=56
2022-09-29 01:23:46,418 [grpc-default-executor-1] INFO  impl.SnapshotInstallationHandler (SnapshotInstallationHandler.java:installSnapshot(84)) - omNode-2@group-523986131536: receive installSnapshot: omNode-1->omNode-2#0-t6,notify:(t:6, i:59)
2022-09-29 01:23:46,418 [grpc-default-executor-1] INFO  impl.SnapshotInstallationHandler (SnapshotInstallationHandler.java:installSnapshot(95)) - omNode-2@group-523986131536: reply installSnapshot: omNode-1<-omNode-2#0:FAIL-t6,IN_PROGRESS
2022-09-29 01:23:46,418 [grpc-default-executor-1] INFO  server.GrpcServerProtocolService (GrpcServerProtocolService.java:onCompleted(140)) - omNode-2: Completed INSTALL_SNAPSHOT, lastRequest: omNode-1->omNode-2#0-t6,notify:(t:6, i:59)
2022-09-29 01:23:46,419 [grpc-default-executor-2] INFO  leader.FollowerInfo (FollowerInfoImpl.java:lambda$new$0(48)) - omNode-1@group-523986131536->omNode-2: nextIndex: updateUnconditionally 57 -> 57
2022-09-29 01:23:46,419 [grpc-default-executor-2] INFO  server.GrpcLogAppender (GrpcLogAppender.java:onNext(403)) - omNode-1@group-523986131536->omNode-2-InstallSnapshotResponseHandler: received a reply omNode-1<-omNode-2#0:FAIL-t6,IN_PROGRESS
2022-09-29 01:23:46,419 [grpc-default-executor-2] INFO  server.GrpcLogAppender (GrpcLogAppender.java:onNext(421)) - omNode-1@group-523986131536->omNode-2-InstallSnapshotResponseHandler: InstallSnapshot in progress.
2022-09-29 01:23:46,419 [omNode-1@group-523986131536->omNode-2-GrpcLogAppender-LogAppenderDaemon] INFO  server.GrpcLogAppender (GrpcLogAppender.java:installSnapshot(541)) - omNode-1@group-523986131536->omNode-2-GrpcLogAppender: followerNextIndex = 57 but logStartIndex = 59, notify follower to install snapshot-(t:6, i:59)
2022-09-29 01:23:46,419 [omNode-1@group-523986131536->omNode-2-GrpcLogAppender-LogAppenderDaemon] INFO  server.GrpcLogAppender (GrpcLogAppender.java:installSnapshot(549)) - omNode-1@group-523986131536->omNode-2-GrpcLogAppender: send omNode-1->omNode-2#0-t6,notify:(t:6, i:59)
2022-09-29 01:23:46,420 [omNode-2-server-thread1] INFO  server.RaftServer$Division (RaftServerImpl.java:checkInconsistentAppendEntries(1402)) - omNode-2@group-523986131536: Failed appendEntries as snapshot (59) installation is in progress
2022-09-29 01:23:46,420 [omNode-2-server-thread1] INFO  server.RaftServer$Division (RaftServerImpl.java:checkInconsistentAppendEntries(1394)) - omNode-2@group-523986131536: inconsistency entries. Reply:omNode-1<-omNode-2#771:FAIL-t6,INCONSISTENCY,nextIndex=57,followerCommit=56
2022-09-29 01:23:46,420 [grpc-default-executor-1] INFO  impl.SnapshotInstallationHandler (SnapshotInstallationHandler.java:installSnapshot(84)) - omNode-2@group-523986131536: receive installSnapshot: omNode-1->omNode-2#0-t6,notify:(t:6, i:59)
2022-09-29 01:23:46,420 [grpc-default-executor-1] INFO  impl.SnapshotInstallationHandler (SnapshotInstallationHandler.java:installSnapshot(95)) - omNode-2@group-523986131536: reply installSnapshot: omNode-1<-omNode-2#0:FAIL-t6,IN_PROGRESS
2022-09-29 01:23:46,420 [grpc-default-executor-1] INFO  server.GrpcServerProtocolService (GrpcServerProtocolService.java:onCompleted(140)) - omNode-2: Completed INSTALL_SNAPSHOT, lastRequest: omNode-1->omNode-2#0-t6,notify:(t:6, i:59)
2022-09-29 01:23:46,421 [grpc-default-executor-2] INFO  leader.FollowerInfo (FollowerInfoImpl.java:lambda$new$0(48)) - omNode-1@group-523986131536->omNode-2: nextIndex: updateUnconditionally 57 -> 57
2022-09-29 01:23:46,421 [grpc-default-executor-2] INFO  server.GrpcLogAppender (GrpcLogAppender.java:onNext(403)) - omNode-1@group-523986131536->omNode-2-InstallSnapshotResponseHandler: received a reply omNode-1<-omNode-2#0:FAIL-t6,IN_PROGRESS
2022-09-29 01:23:46,421 [grpc-default-executor-2] INFO  server.GrpcLogAppender (GrpcLogAppender.java:onNext(421)) - omNode-1@group-523986131536->omNode-2-InstallSnapshotResponseHandler: InstallSnapshot in progress.
2022-09-29 01:23:46,421 [omNode-1@group-523986131536->omNode-2-GrpcLogAppender-LogAppenderDaemon] INFO  server.GrpcLogAppender (GrpcLogAppender.java:installSnapshot(541)) - omNode-1@group-523986131536->omNode-2-GrpcLogAppender: followerNextIndex = 57 but logStartIndex = 59, notify follower to install snapshot-(t:6, i:59)
2022-09-29 01:23:46,421 [omNode-1@group-523986131536->omNode-2-GrpcLogAppender-LogAppenderDaemon] INFO  server.GrpcLogAppender (GrpcLogAppender.java:installSnapshot(549)) - omNode-1@group-523986131536->omNode-2-GrpcLogAppender: send omNode-1->omNode-2#0-t6,notify:(t:6, i:59)
2022-09-29 01:23:46,422 [omNode-2-server-thread1] INFO  server.RaftServer$Division (RaftServerImpl.java:checkInconsistentAppendEntries(1402)) - omNode-2@group-523986131536: Failed appendEntries as snapshot (59) installation is in progress
2022-09-29 01:23:46,422 [omNode-2-server-thread1] INFO  server.RaftServer$Division (RaftServerImpl.java:checkInconsistentAppendEntries(1394)) - omNode-2@group-523986131536: inconsistency entries. Reply:omNode-1<-omNode-2#772:FAIL-t6,INCONSISTENCY,nextIndex=57,followerCommit=56
2022-09-29 01:23:46,422 [grpc-default-executor-1] INFO  impl.SnapshotInstallationHandler (SnapshotInstallationHandler.java:installSnapshot(84)) - omNode-2@group-523986131536: receive installSnapshot: omNode-1->omNode-2#0-t6,notify:(t:6, i:59)
2022-09-29 01:23:46,422 [grpc-default-executor-1] INFO  impl.SnapshotInstallationHandler (SnapshotInstallationHandler.java:installSnapshot(95)) - omNode-2@group-523986131536: reply installSnapshot: omNode-1<-omNode-2#0:FAIL-t6,IN_PROGRESS
2022-09-29 01:23:46,422 [grpc-default-executor-1] INFO  server.GrpcServerProtocolService (GrpcServerProtocolService.java:onCompleted(140)) - omNode-2: Completed INSTALL_SNAPSHOT, lastRequest: omNode-1->omNode-2#0-t6,notify:(t:6, i:59)
2022-09-29 01:23:46,423 [grpc-default-executor-2] INFO  leader.FollowerInfo (FollowerInfoImpl.java:lambda$new$0(48)) - omNode-1@group-523986131536->omNode-2: nextIndex: updateUnconditionally 57 -> 57
2022-09-29 01:23:46,423 [grpc-default-executor-2] INFO  server.GrpcLogAppender (GrpcLogAppender.java:onNext(403)) - omNode-1@group-523986131536->omNode-2-InstallSnapshotResponseHandler: received a reply omNode-1<-omNode-2#0:FAIL-t6,IN_PROGRESS
2022-09-29 01:23:46,423 [grpc-default-executor-2] INFO  server.GrpcLogAppender (GrpcLogAppender.java:onNext(421)) - omNode-1@group-523986131536->omNode-2-InstallSnapshotResponseHandler: InstallSnapshot in progress.
2022-09-29 01:23:46,423 [omNode-1@group-523986131536->omNode-2-GrpcLogAppender-LogAppenderDaemon] INFO  server.GrpcLogAppender (GrpcLogAppender.java:installSnapshot(541)) - omNode-1@group-523986131536->omNode-2-GrpcLogAppender: followerNextIndex = 57 but logStartIndex = 59, notify follower to install snapshot-(t:6, i:59)
2022-09-29 01:23:46,423 [omNode-1@group-523986131536->omNode-2-GrpcLogAppender-LogAppenderDaemon] INFO  server.GrpcLogAppender (GrpcLogAppender.java:installSnapshot(549)) - omNode-1@group-523986131536->omNode-2-GrpcLogAppender: send omNode-1->omNode-2#0-t6,notify:(t:6, i:59)
2022-09-29 01:23:46,424 [omNode-2-server-thread1] INFO  server.RaftServer$Division (RaftServerImpl.java:checkInconsistentAppendEntries(1402)) - omNode-2@group-523986131536: Failed appendEntries as snapshot (59) installation is in progress
2022-09-29 01:23:46,424 [omNode-2-server-thread1] INFO  server.RaftServer$Division (RaftServerImpl.java:checkInconsistentAppendEntries(1394)) - omNode-2@group-523986131536: inconsistency entries. Reply:omNode-1<-omNode-2#773:FAIL-t6,INCONSISTENCY,nextIndex=57,followerCommit=56
2022-09-29 01:23:46,424 [grpc-default-executor-1] INFO  impl.SnapshotInstallationHandler (SnapshotInstallationHandler.java:installSnapshot(84)) - omNode-2@group-523986131536: receive installSnapshot: omNode-1->omNode-2#0-t6,notify:(t:6, i:59)
2022-09-29 01:23:46,424 [grpc-default-executor-1] INFO  impl.SnapshotInstallationHandler (SnapshotInstallationHandler.java:installSnapshot(95)) - omNode-2@group-523986131536: reply installSnapshot: omNode-1<-omNode-2#0:FAIL-t6,IN_PROGRESS
2022-09-29 01:23:46,424 [grpc-default-executor-1] INFO  server.GrpcServerProtocolService (GrpcServerProtocolService.java:onCompleted(140)) - omNode-2: Completed INSTALL_SNAPSHOT, lastRequest: omNode-1->omNode-2#0-t6,notify:(t:6, i:59)
2022-09-29 01:23:46,425 [grpc-default-executor-2] INFO  leader.FollowerInfo (FollowerInfoImpl.java:lambda$new$0(48)) - omNode-1@group-523986131536->omNode-2: nextIndex: updateUnconditionally 57 -> 57
2022-09-29 01:23:46,425 [grpc-default-executor-2] INFO  server.GrpcLogAppender (GrpcLogAppender.java:onNext(403)) - omNode-1@group-523986131536->omNode-2-InstallSnapshotResponseHandler: received a reply omNode-1<-omNode-2#0:FAIL-t6,IN_PROGRESS
2022-09-29 01:23:46,425 [grpc-default-executor-2] INFO  server.GrpcLogAppender (GrpcLogAppender.java:onNext(421)) - omNode-1@group-523986131536->omNode-2-InstallSnapshotResponseHandler: InstallSnapshot in progress.
2022-09-29 01:23:46,425 [omNode-1@group-523986131536->omNode-2-GrpcLogAppender-LogAppenderDaemon] INFO  server.GrpcLogAppender (GrpcLogAppender.java:installSnapshot(541)) - omNode-1@group-523986131536->omNode-2-GrpcLogAppender: followerNextIndex = 57 but logStartIndex = 59, notify follower to install snapshot-(t:6, i:59)
2022-09-29 01:23:46,425 [omNode-1@group-523986131536->omNode-2-GrpcLogAppender-LogAppenderDaemon] INFO  server.GrpcLogAppender (GrpcLogAppender.java:installSnapshot(549)) - omNode-1@group-523986131536->omNode-2-GrpcLogAppender: send omNode-1->omNode-2#0-t6,notify:(t:6, i:59)
2022-09-29 01:23:46,427 [omNode-2-server-thread1] INFO  server.RaftServer$Division (RaftServerImpl.java:checkInconsistentAppendEntries(1402)) - omNode-2@group-523986131536: Failed appendEntries as snapshot (59) installation is in progress
2022-09-29 01:23:46,427 [omNode-2-server-thread1] INFO  server.RaftServer$Division (RaftServerImpl.java:checkInconsistentAppendEntries(1394)) - omNode-2@group-523986131536: inconsistency entries. Reply:omNode-1<-omNode-2#774:FAIL-t6,INCONSISTENCY,nextIndex=57,followerCommit=56
2022-09-29 01:23:46,427 [grpc-default-executor-2] INFO  impl.SnapshotInstallationHandler (SnapshotInstallationHandler.java:installSnapshot(84)) - omNode-2@group-523986131536: receive installSnapshot: omNode-1->omNode-2#0-t6,notify:(t:6, i:59)
2022-09-29 01:23:46,427 [grpc-default-executor-2] INFO  impl.SnapshotInstallationHandler (SnapshotInstallationHandler.java:installSnapshot(95)) - omNode-2@group-523986131536: reply installSnapshot: omNode-1<-omNode-2#0:FAIL-t6,IN_PROGRESS
2022-09-29 01:23:46,427 [grpc-default-executor-2] INFO  server.GrpcServerProtocolService (GrpcServerProtocolService.java:onCompleted(140)) - omNode-2: Completed INSTALL_SNAPSHOT, lastRequest: omNode-1->omNode-2#0-t6,notify:(t:6, i:59)
2022-09-29 01:23:46,428 [grpc-default-executor-2] INFO  leader.FollowerInfo (FollowerInfoImpl.java:lambda$new$0(48)) - omNode-1@group-523986131536->omNode-2: nextIndex: updateUnconditionally 57 -> 57
2022-09-29 01:23:46,428 [grpc-default-executor-2] INFO  server.GrpcLogAppender (GrpcLogAppender.java:onNext(403)) - omNode-1@group-523986131536->omNode-2-InstallSnapshotResponseHandler: received a reply omNode-1<-omNode-2#0:FAIL-t6,IN_PROGRESS
2022-09-29 01:23:46,428 [grpc-default-executor-2] INFO  server.GrpcLogAppender (GrpcLogAppender.java:onNext(421)) - omNode-1@group-523986131536->omNode-2-InstallSnapshotResponseHandler: InstallSnapshot in progress.
2022-09-29 01:23:46,428 [omNode-1@group-523986131536->omNode-2-GrpcLogAppender-LogAppenderDaemon] INFO  server.GrpcLogAppender (GrpcLogAppender.java:installSnapshot(541)) - omNode-1@group-523986131536->omNode-2-GrpcLogAppender: followerNextIndex = 57 but logStartIndex = 59, notify follower to install snapshot-(t:6, i:59)
2022-09-29 01:23:46,428 [omNode-1@group-523986131536->omNode-2-GrpcLogAppender-LogAppenderDaemon] INFO  server.GrpcLogAppender (GrpcLogAppender.java:installSnapshot(549)) - omNode-1@group-523986131536->omNode-2-GrpcLogAppender: send omNode-1->omNode-2#0-t6,notify:(t:6, i:59)
2022-09-29 01:23:46,433 [omNode-2-server-thread1] INFO  server.RaftServer$Division (RaftServerImpl.java:checkInconsistentAppendEntries(1402)) - omNode-2@group-523986131536: Failed appendEntries as snapshot (59) installation is in progress
2022-09-29 01:23:46,434 [omNode-2-server-thread1] INFO  server.RaftServer$Division (RaftServerImpl.java:checkInconsistentAppendEntries(1394)) - omNode-2@group-523986131536: inconsistency entries. Reply:omNode-1<-omNode-2#775:FAIL-t6,INCONSISTENCY,nextIndex=57,followerCommit=56
2022-09-29 01:23:46,434 [grpc-default-executor-2] INFO  impl.SnapshotInstallationHandler (SnapshotInstallationHandler.java:installSnapshot(84)) - omNode-2@group-523986131536: receive installSnapshot: omNode-1->omNode-2#0-t6,notify:(t:6, i:59)
2022-09-29 01:23:46,434 [grpc-default-executor-2] INFO  impl.SnapshotInstallationHandler (SnapshotInstallationHandler.java:installSnapshot(95)) - omNode-2@group-523986131536: reply installSnapshot: omNode-1<-omNode-2#0:FAIL-t6,IN_PROGRESS
2022-09-29 01:23:46,434 [grpc-default-executor-2] INFO  server.GrpcServerProtocolService (GrpcServerProtocolService.java:onCompleted(140)) - omNode-2: Completed INSTALL_SNAPSHOT, lastRequest: omNode-1->omNode-2#0-t6,notify:(t:6, i:59)
2022-09-29 01:23:46,435 [grpc-default-executor-2] INFO  leader.FollowerInfo (FollowerInfoImpl.java:lambda$new$0(48)) - omNode-1@group-523986131536->omNode-2: nextIndex: updateUnconditionally 57 -> 57
2022-09-29 01:23:46,435 [grpc-default-executor-2] INFO  server.GrpcLogAppender (GrpcLogAppender.java:onNext(403)) - omNode-1@group-523986131536->omNode-2-InstallSnapshotResponseHandler: received a reply omNode-1<-omNode-2#0:FAIL-t6,IN_PROGRESS
2022-09-29 01:23:46,435 [grpc-default-executor-2] INFO  server.GrpcLogAppender (GrpcLogAppender.java:onNext(421)) - omNode-1@group-523986131536->omNode-2-InstallSnapshotResponseHandler: InstallSnapshot in progress.
2022-09-29 01:23:46,435 [omNode-1@group-523986131536->omNode-2-GrpcLogAppender-LogAppenderDaemon] INFO  server.GrpcLogAppender (GrpcLogAppender.java:installSnapshot(541)) - omNode-1@group-523986131536->omNode-2-GrpcLogAppender: followerNextIndex = 57 but logStartIndex = 59, notify follower to install snapshot-(t:6, i:59)
2022-09-29 01:23:46,435 [omNode-1@group-523986131536->omNode-2-GrpcLogAppender-LogAppenderDaemon] INFO  server.GrpcLogAppender (GrpcLogAppender.java:installSnapshot(549)) - omNode-1@group-523986131536->omNode-2-GrpcLogAppender: send omNode-1->omNode-2#0-t6,notify:(t:6, i:59)
2022-09-29 01:23:46,436 [omNode-2-server-thread1] INFO  server.RaftServer$Division (RaftServerImpl.java:checkInconsistentAppendEntries(1402)) - omNode-2@group-523986131536: Failed appendEntries as snapshot (59) installation is in progress
2022-09-29 01:23:46,436 [omNode-2-server-thread1] INFO  server.RaftServer$Division (RaftServerImpl.java:checkInconsistentAppendEntries(1394)) - omNode-2@group-523986131536: inconsistency entries. Reply:omNode-1<-omNode-2#776:FAIL-t6,INCONSISTENCY,nextIndex=57,followerCommit=56
2022-09-29 01:23:46,436 [grpc-default-executor-1] INFO  impl.SnapshotInstallationHandler (SnapshotInstallationHandler.java:installSnapshot(84)) - omNode-2@group-523986131536: receive installSnapshot: omNode-1->omNode-2#0-t6,notify:(t:6, i:59)
2022-09-29 01:23:46,436 [grpc-default-executor-1] INFO  impl.SnapshotInstallationHandler (SnapshotInstallationHandler.java:installSnapshot(95)) - omNode-2@group-523986131536: reply installSnapshot: omNode-1<-omNode-2#0:FAIL-t6,IN_PROGRESS
2022-09-29 01:23:46,436 [grpc-default-executor-1] INFO  server.GrpcServerProtocolService (GrpcServerProtocolService.java:onCompleted(140)) - omNode-2: Completed INSTALL_SNAPSHOT, lastRequest: omNode-1->omNode-2#0-t6,notify:(t:6, i:59)
2022-09-29 01:23:46,439 [grpc-default-executor-2] INFO  leader.FollowerInfo (FollowerInfoImpl.java:lambda$new$0(48)) - omNode-1@group-523986131536->omNode-2: nextIndex: updateUnconditionally 57 -> 57
2022-09-29 01:23:46,439 [grpc-default-executor-2] INFO  server.GrpcLogAppender (GrpcLogAppender.java:onNext(403)) - omNode-1@group-523986131536->omNode-2-InstallSnapshotResponseHandler: received a reply omNode-1<-omNode-2#0:FAIL-t6,IN_PROGRESS
2022-09-29 01:23:46,439 [grpc-default-executor-2] INFO  server.GrpcLogAppender (GrpcLogAppender.java:onNext(421)) - omNode-1@group-523986131536->omNode-2-InstallSnapshotResponseHandler: InstallSnapshot in progress.
2022-09-29 01:23:46,439 [omNode-1@group-523986131536->omNode-2-GrpcLogAppender-LogAppenderDaemon] INFO  server.GrpcLogAppender (GrpcLogAppender.java:installSnapshot(541)) - omNode-1@group-523986131536->omNode-2-GrpcLogAppender: followerNextIndex = 57 but logStartIndex = 59, notify follower to install snapshot-(t:6, i:59)
2022-09-29 01:23:46,439 [omNode-1@group-523986131536->omNode-2-GrpcLogAppender-LogAppenderDaemon] INFO  server.GrpcLogAppender (GrpcLogAppender.java:installSnapshot(549)) - omNode-1@group-523986131536->omNode-2-GrpcLogAppender: send omNode-1->omNode-2#0-t6,notify:(t:6, i:59)
2022-09-29 01:23:46,440 [omNode-2-server-thread1] INFO  server.RaftServer$Division (RaftServerImpl.java:checkInconsistentAppendEntries(1402)) - omNode-2@group-523986131536: Failed appendEntries as snapshot (59) installation is in progress
2022-09-29 01:23:46,440 [omNode-2-server-thread1] INFO  server.RaftServer$Division (RaftServerImpl.java:checkInconsistentAppendEntries(1394)) - omNode-2@group-523986131536: inconsistency entries. Reply:omNode-1<-omNode-2#777:FAIL-t6,INCONSISTENCY,nextIndex=57,followerCommit=56
2022-09-29 01:23:46,440 [grpc-default-executor-1] INFO  impl.SnapshotInstallationHandler (SnapshotInstallationHandler.java:installSnapshot(84)) - omNode-2@group-523986131536: receive installSnapshot: omNode-1->omNode-2#0-t6,notify:(t:6, i:59)
2022-09-29 01:23:46,440 [grpc-default-executor-1] INFO  impl.SnapshotInstallationHandler (SnapshotInstallationHandler.java:installSnapshot(95)) - omNode-2@group-523986131536: reply installSnapshot: omNode-1<-omNode-2#0:FAIL-t6,IN_PROGRESS
2022-09-29 01:23:46,440 [grpc-default-executor-1] INFO  server.GrpcServerProtocolService (GrpcServerProtocolService.java:onCompleted(140)) - omNode-2: Completed INSTALL_SNAPSHOT, lastRequest: omNode-1->omNode-2#0-t6,notify:(t:6, i:59)
2022-09-29 01:23:46,441 [grpc-default-executor-2] INFO  leader.FollowerInfo (FollowerInfoImpl.java:lambda$new$0(48)) - omNode-1@group-523986131536->omNode-2: nextIndex: updateUnconditionally 57 -> 57
2022-09-29 01:23:46,441 [grpc-default-executor-2] INFO  server.GrpcLogAppender (GrpcLogAppender.java:onNext(403)) - omNode-1@group-523986131536->omNode-2-InstallSnapshotResponseHandler: received a reply omNode-1<-omNode-2#0:FAIL-t6,IN_PROGRESS
2022-09-29 01:23:46,441 [grpc-default-executor-2] INFO  server.GrpcLogAppender (GrpcLogAppender.java:onNext(421)) - omNode-1@group-523986131536->omNode-2-InstallSnapshotResponseHandler: InstallSnapshot in progress.
2022-09-29 01:23:46,441 [omNode-1@group-523986131536->omNode-2-GrpcLogAppender-LogAppenderDaemon] INFO  server.GrpcLogAppender (GrpcLogAppender.java:installSnapshot(541)) - omNode-1@group-523986131536->omNode-2-GrpcLogAppender: followerNextIndex = 57 but logStartIndex = 59, notify follower to install snapshot-(t:6, i:59)
2022-09-29 01:23:46,441 [omNode-1@group-523986131536->omNode-2-GrpcLogAppender-LogAppenderDaemon] INFO  server.GrpcLogAppender (GrpcLogAppender.java:installSnapshot(549)) - omNode-1@group-523986131536->omNode-2-GrpcLogAppender: send omNode-1->omNode-2#0-t6,notify:(t:6, i:59)
2022-09-29 01:23:46,442 [omNode-2-server-thread1] INFO  server.RaftServer$Division (RaftServerImpl.java:checkInconsistentAppendEntries(1402)) - omNode-2@group-523986131536: Failed appendEntries as snapshot (59) installation is in progress
2022-09-29 01:23:46,442 [omNode-2-server-thread1] INFO  server.RaftServer$Division (RaftServerImpl.java:checkInconsistentAppendEntries(1394)) - omNode-2@group-523986131536: inconsistency entries. Reply:omNode-1<-omNode-2#778:FAIL-t6,INCONSISTENCY,nextIndex=57,followerCommit=56
2022-09-29 01:23:46,442 [grpc-default-executor-2] INFO  impl.SnapshotInstallationHandler (SnapshotInstallationHandler.java:installSnapshot(84)) - omNode-2@group-523986131536: receive installSnapshot: omNode-1->omNode-2#0-t6,notify:(t:6, i:59)
2022-09-29 01:23:46,442 [grpc-default-executor-2] INFO  impl.SnapshotInstallationHandler (SnapshotInstallationHandler.java:installSnapshot(95)) - omNode-2@group-523986131536: reply installSnapshot: omNode-1<-omNode-2#0:FAIL-t6,IN_PROGRESS
2022-09-29 01:23:46,442 [grpc-default-executor-2] INFO  server.GrpcServerProtocolService (GrpcServerProtocolService.java:onCompleted(140)) - omNode-2: Completed INSTALL_SNAPSHOT, lastRequest: omNode-1->omNode-2#0-t6,notify:(t:6, i:59)
2022-09-29 01:23:46,443 [grpc-default-executor-2] INFO  leader.FollowerInfo (FollowerInfoImpl.java:lambda$new$0(48)) - omNode-1@group-523986131536->omNode-2: nextIndex: updateUnconditionally 57 -> 57
2022-09-29 01:23:46,443 [grpc-default-executor-2] INFO  server.GrpcLogAppender (GrpcLogAppender.java:onNext(403)) - omNode-1@group-523986131536->omNode-2-InstallSnapshotResponseHandler: received a reply omNode-1<-omNode-2#0:FAIL-t6,IN_PROGRESS
2022-09-29 01:23:46,443 [grpc-default-executor-2] INFO  server.GrpcLogAppender (GrpcLogAppender.java:onNext(421)) - omNode-1@group-523986131536->omNode-2-InstallSnapshotResponseHandler: InstallSnapshot in progress.
2022-09-29 01:23:46,443 [omNode-1@group-523986131536->omNode-2-GrpcLogAppender-LogAppenderDaemon] INFO  server.GrpcLogAppender (GrpcLogAppender.java:installSnapshot(541)) - omNode-1@group-523986131536->omNode-2-GrpcLogAppender: followerNextIndex = 57 but logStartIndex = 59, notify follower to install snapshot-(t:6, i:59)
2022-09-29 01:23:46,443 [omNode-1@group-523986131536->omNode-2-GrpcLogAppender-LogAppenderDaemon] INFO  server.GrpcLogAppender (GrpcLogAppender.java:installSnapshot(549)) - omNode-1@group-523986131536->omNode-2-GrpcLogAppender: send omNode-1->omNode-2#0-t6,notify:(t:6, i:59)
2022-09-29 01:23:46,444 [omNode-2-server-thread1] INFO  server.RaftServer$Division (RaftServerImpl.java:checkInconsistentAppendEntries(1402)) - omNode-2@group-523986131536: Failed appendEntries as snapshot (59) installation is in progress
2022-09-29 01:23:46,444 [omNode-2-server-thread1] INFO  server.RaftServer$Division (RaftServerImpl.java:checkInconsistentAppendEntries(1394)) - omNode-2@group-523986131536: inconsistency entries. Reply:omNode-1<-omNode-2#779:FAIL-t6,INCONSISTENCY,nextIndex=57,followerCommit=56
2022-09-29 01:23:46,444 [grpc-default-executor-1] INFO  impl.SnapshotInstallationHandler (SnapshotInstallationHandler.java:installSnapshot(84)) - omNode-2@group-523986131536: receive installSnapshot: omNode-1->omNode-2#0-t6,notify:(t:6, i:59)
2022-09-29 01:23:46,444 [grpc-default-executor-1] INFO  impl.SnapshotInstallationHandler (SnapshotInstallationHandler.java:installSnapshot(95)) - omNode-2@group-523986131536: reply installSnapshot: omNode-1<-omNode-2#0:FAIL-t6,IN_PROGRESS
2022-09-29 01:23:46,444 [grpc-default-executor-1] INFO  server.GrpcServerProtocolService (GrpcServerProtocolService.java:onCompleted(140)) - omNode-2: Completed INSTALL_SNAPSHOT, lastRequest: omNode-1->omNode-2#0-t6,notify:(t:6, i:59)
2022-09-29 01:23:46,445 [grpc-default-executor-2] INFO  leader.FollowerInfo (FollowerInfoImpl.java:lambda$new$0(48)) - omNode-1@group-523986131536->omNode-2: nextIndex: updateUnconditionally 57 -> 57
2022-09-29 01:23:46,445 [grpc-default-executor-2] INFO  server.GrpcLogAppender (GrpcLogAppender.java:onNext(403)) - omNode-1@group-523986131536->omNode-2-InstallSnapshotResponseHandler: received a reply omNode-1<-omNode-2#0:FAIL-t6,IN_PROGRESS
2022-09-29 01:23:46,445 [grpc-default-executor-2] INFO  server.GrpcLogAppender (GrpcLogAppender.java:onNext(421)) - omNode-1@group-523986131536->omNode-2-InstallSnapshotResponseHandler: InstallSnapshot in progress.
2022-09-29 01:23:46,445 [omNode-1@group-523986131536->omNode-2-GrpcLogAppender-LogAppenderDaemon] INFO  server.GrpcLogAppender (GrpcLogAppender.java:installSnapshot(541)) - omNode-1@group-523986131536->omNode-2-GrpcLogAppender: followerNextIndex = 57 but logStartIndex = 59, notify follower to install snapshot-(t:6, i:59)
2022-09-29 01:23:46,445 [omNode-1@group-523986131536->omNode-2-GrpcLogAppender-LogAppenderDaemon] INFO  server.GrpcLogAppender (GrpcLogAppender.java:installSnapshot(549)) - omNode-1@group-523986131536->omNode-2-GrpcLogAppender: send omNode-1->omNode-2#0-t6,notify:(t:6, i:59)
2022-09-29 01:23:46,446 [omNode-2-server-thread1] INFO  server.RaftServer$Division (RaftServerImpl.java:checkInconsistentAppendEntries(1402)) - omNode-2@group-523986131536: Failed appendEntries as snapshot (59) installation is in progress
2022-09-29 01:23:46,446 [omNode-2-server-thread1] INFO  server.RaftServer$Division (RaftServerImpl.java:checkInconsistentAppendEntries(1394)) - omNode-2@group-523986131536: inconsistency entries. Reply:omNode-1<-omNode-2#780:FAIL-t6,INCONSISTENCY,nextIndex=57,followerCommit=56
2022-09-29 01:23:46,446 [grpc-default-executor-1] INFO  impl.SnapshotInstallationHandler (SnapshotInstallationHandler.java:installSnapshot(84)) - omNode-2@group-523986131536: receive installSnapshot: omNode-1->omNode-2#0-t6,notify:(t:6, i:59)
2022-09-29 01:23:46,446 [grpc-default-executor-1] INFO  impl.SnapshotInstallationHandler (SnapshotInstallationHandler.java:installSnapshot(95)) - omNode-2@group-523986131536: reply installSnapshot: omNode-1<-omNode-2#0:FAIL-t6,IN_PROGRESS
2022-09-29 01:23:46,446 [grpc-default-executor-1] INFO  server.GrpcServerProtocolService (GrpcServerProtocolService.java:onCompleted(140)) - omNode-2: Completed INSTALL_SNAPSHOT, lastRequest: omNode-1->omNode-2#0-t6,notify:(t:6, i:59)
2022-09-29 01:23:46,447 [grpc-default-executor-2] INFO  leader.FollowerInfo (FollowerInfoImpl.java:lambda$new$0(48)) - omNode-1@group-523986131536->omNode-2: nextIndex: updateUnconditionally 57 -> 57
2022-09-29 01:23:46,447 [grpc-default-executor-2] INFO  server.GrpcLogAppender (GrpcLogAppender.java:onNext(403)) - omNode-1@group-523986131536->omNode-2-InstallSnapshotResponseHandler: received a reply omNode-1<-omNode-2#0:FAIL-t6,IN_PROGRESS
2022-09-29 01:23:46,447 [grpc-default-executor-2] INFO  server.GrpcLogAppender (GrpcLogAppender.java:onNext(421)) - omNode-1@group-523986131536->omNode-2-InstallSnapshotResponseHandler: InstallSnapshot in progress.
2022-09-29 01:23:46,447 [omNode-1@group-523986131536->omNode-2-GrpcLogAppender-LogAppenderDaemon] INFO  server.GrpcLogAppender (GrpcLogAppender.java:installSnapshot(541)) - omNode-1@group-523986131536->omNode-2-GrpcLogAppender: followerNextIndex = 57 but logStartIndex = 59, notify follower to install snapshot-(t:6, i:59)
2022-09-29 01:23:46,447 [omNode-1@group-523986131536->omNode-2-GrpcLogAppender-LogAppenderDaemon] INFO  server.GrpcLogAppender (GrpcLogAppender.java:installSnapshot(549)) - omNode-1@group-523986131536->omNode-2-GrpcLogAppender: send omNode-1->omNode-2#0-t6,notify:(t:6, i:59)
2022-09-29 01:23:46,448 [omNode-2-server-thread1] INFO  server.RaftServer$Division (RaftServerImpl.java:checkInconsistentAppendEntries(1402)) - omNode-2@group-523986131536: Failed appendEntries as snapshot (59) installation is in progress
2022-09-29 01:23:46,448 [omNode-2-server-thread1] INFO  server.RaftServer$Division (RaftServerImpl.java:checkInconsistentAppendEntries(1394)) - omNode-2@group-523986131536: inconsistency entries. Reply:omNode-1<-omNode-2#781:FAIL-t6,INCONSISTENCY,nextIndex=57,followerCommit=56
2022-09-29 01:23:46,448 [grpc-default-executor-1] INFO  impl.SnapshotInstallationHandler (SnapshotInstallationHandler.java:installSnapshot(84)) - omNode-2@group-523986131536: receive installSnapshot: omNode-1->omNode-2#0-t6,notify:(t:6, i:59)
2022-09-29 01:23:46,448 [grpc-default-executor-1] INFO  impl.SnapshotInstallationHandler (SnapshotInstallationHandler.java:installSnapshot(95)) - omNode-2@group-523986131536: reply installSnapshot: omNode-1<-omNode-2#0:FAIL-t6,IN_PROGRESS
2022-09-29 01:23:46,448 [grpc-default-executor-1] INFO  server.GrpcServerProtocolService (GrpcServerProtocolService.java:onCompleted(140)) - omNode-2: Completed INSTALL_SNAPSHOT, lastRequest: omNode-1->omNode-2#0-t6,notify:(t:6, i:59)
2022-09-29 01:23:46,449 [grpc-default-executor-2] INFO  leader.FollowerInfo (FollowerInfoImpl.java:lambda$new$0(48)) - omNode-1@group-523986131536->omNode-2: nextIndex: updateUnconditionally 57 -> 57
2022-09-29 01:23:46,449 [grpc-default-executor-2] INFO  server.GrpcLogAppender (GrpcLogAppender.java:onNext(403)) - omNode-1@group-523986131536->omNode-2-InstallSnapshotResponseHandler: received a reply omNode-1<-omNode-2#0:FAIL-t6,IN_PROGRESS
2022-09-29 01:23:46,449 [grpc-default-executor-2] INFO  server.GrpcLogAppender (GrpcLogAppender.java:onNext(421)) - omNode-1@group-523986131536->omNode-2-InstallSnapshotResponseHandler: InstallSnapshot in progress.
2022-09-29 01:23:46,449 [omNode-1@group-523986131536->omNode-2-GrpcLogAppender-LogAppenderDaemon] INFO  server.GrpcLogAppender (GrpcLogAppender.java:installSnapshot(541)) - omNode-1@group-523986131536->omNode-2-GrpcLogAppender: followerNextIndex = 57 but logStartIndex = 59, notify follower to install snapshot-(t:6, i:59)
2022-09-29 01:23:46,449 [omNode-1@group-523986131536->omNode-2-GrpcLogAppender-LogAppenderDaemon] INFO  server.GrpcLogAppender (GrpcLogAppender.java:installSnapshot(549)) - omNode-1@group-523986131536->omNode-2-GrpcLogAppender: send omNode-1->omNode-2#0-t6,notify:(t:6, i:59)
2022-09-29 01:23:46,450 [omNode-2-server-thread1] INFO  server.RaftServer$Division (RaftServerImpl.java:checkInconsistentAppendEntries(1402)) - omNode-2@group-523986131536: Failed appendEntries as snapshot (59) installation is in progress
2022-09-29 01:23:46,450 [omNode-2-server-thread1] INFO  server.RaftServer$Division (RaftServerImpl.java:checkInconsistentAppendEntries(1394)) - omNode-2@group-523986131536: inconsistency entries. Reply:omNode-1<-omNode-2#782:FAIL-t6,INCONSISTENCY,nextIndex=57,followerCommit=56
2022-09-29 01:23:46,450 [grpc-default-executor-1] INFO  impl.SnapshotInstallationHandler (SnapshotInstallationHandler.java:installSnapshot(84)) - omNode-2@group-523986131536: receive installSnapshot: omNode-1->omNode-2#0-t6,notify:(t:6, i:59)
2022-09-29 01:23:46,450 [grpc-default-executor-1] INFO  impl.SnapshotInstallationHandler (SnapshotInstallationHandler.java:installSnapshot(95)) - omNode-2@group-523986131536: reply installSnapshot: omNode-1<-omNode-2#0:FAIL-t6,IN_PROGRESS
2022-09-29 01:23:46,450 [grpc-default-executor-1] INFO  server.GrpcServerProtocolService (GrpcServerProtocolService.java:onCompleted(140)) - omNode-2: Completed INSTALL_SNAPSHOT, lastRequest: omNode-1->omNode-2#0-t6,notify:(t:6, i:59)
2022-09-29 01:23:46,451 [grpc-default-executor-2] INFO  leader.FollowerInfo (FollowerInfoImpl.java:lambda$new$0(48)) - omNode-1@group-523986131536->omNode-2: nextIndex: updateUnconditionally 57 -> 57
2022-09-29 01:23:46,451 [grpc-default-executor-2] INFO  server.GrpcLogAppender (GrpcLogAppender.java:onNext(403)) - omNode-1@group-523986131536->omNode-2-InstallSnapshotResponseHandler: received a reply omNode-1<-omNode-2#0:FAIL-t6,IN_PROGRESS
2022-09-29 01:23:46,451 [grpc-default-executor-2] INFO  server.GrpcLogAppender (GrpcLogAppender.java:onNext(421)) - omNode-1@group-523986131536->omNode-2-InstallSnapshotResponseHandler: InstallSnapshot in progress.
2022-09-29 01:23:46,451 [omNode-1@group-523986131536->omNode-2-GrpcLogAppender-LogAppenderDaemon] INFO  server.GrpcLogAppender (GrpcLogAppender.java:installSnapshot(541)) - omNode-1@group-523986131536->omNode-2-GrpcLogAppender: followerNextIndex = 57 but logStartIndex = 59, notify follower to install snapshot-(t:6, i:59)
2022-09-29 01:23:46,451 [omNode-1@group-523986131536->omNode-2-GrpcLogAppender-LogAppenderDaemon] INFO  server.GrpcLogAppender (GrpcLogAppender.java:installSnapshot(549)) - omNode-1@group-523986131536->omNode-2-GrpcLogAppender: send omNode-1->omNode-2#0-t6,notify:(t:6, i:59)
2022-09-29 01:23:46,452 [omNode-2-server-thread1] INFO  server.RaftServer$Division (RaftServerImpl.java:checkInconsistentAppendEntries(1402)) - omNode-2@group-523986131536: Failed appendEntries as snapshot (59) installation is in progress
2022-09-29 01:23:46,452 [omNode-2-server-thread1] INFO  server.RaftServer$Division (RaftServerImpl.java:checkInconsistentAppendEntries(1394)) - omNode-2@group-523986131536: inconsistency entries. Reply:omNode-1<-omNode-2#783:FAIL-t6,INCONSISTENCY,nextIndex=57,followerCommit=56
2022-09-29 01:23:46,452 [grpc-default-executor-2] INFO  impl.SnapshotInstallationHandler (SnapshotInstallationHandler.java:installSnapshot(84)) - omNode-2@group-523986131536: receive installSnapshot: omNode-1->omNode-2#0-t6,notify:(t:6, i:59)
2022-09-29 01:23:46,452 [grpc-default-executor-2] INFO  impl.SnapshotInstallationHandler (SnapshotInstallationHandler.java:installSnapshot(95)) - omNode-2@group-523986131536: reply installSnapshot: omNode-1<-omNode-2#0:FAIL-t6,IN_PROGRESS
2022-09-29 01:23:46,452 [grpc-default-executor-2] INFO  server.GrpcServerProtocolService (GrpcServerProtocolService.java:onCompleted(140)) - omNode-2: Completed INSTALL_SNAPSHOT, lastRequest: omNode-1->omNode-2#0-t6,notify:(t:6, i:59)
2022-09-29 01:23:46,455 [grpc-default-executor-2] INFO  leader.FollowerInfo (FollowerInfoImpl.java:lambda$new$0(48)) - omNode-1@group-523986131536->omNode-2: nextIndex: updateUnconditionally 57 -> 57
2022-09-29 01:23:46,455 [grpc-default-executor-2] INFO  server.GrpcLogAppender (GrpcLogAppender.java:onNext(403)) - omNode-1@group-523986131536->omNode-2-InstallSnapshotResponseHandler: received a reply omNode-1<-omNode-2#0:FAIL-t6,IN_PROGRESS
2022-09-29 01:23:46,455 [grpc-default-executor-2] INFO  server.GrpcLogAppender (GrpcLogAppender.java:onNext(421)) - omNode-1@group-523986131536->omNode-2-InstallSnapshotResponseHandler: InstallSnapshot in progress.
2022-09-29 01:23:46,457 [omNode-1@group-523986131536->omNode-2-GrpcLogAppender-LogAppenderDaemon] INFO  server.GrpcLogAppender (GrpcLogAppender.java:installSnapshot(541)) - omNode-1@group-523986131536->omNode-2-GrpcLogAppender: followerNextIndex = 57 but logStartIndex = 59, notify follower to install snapshot-(t:6, i:59)
2022-09-29 01:23:46,457 [omNode-1@group-523986131536->omNode-2-GrpcLogAppender-LogAppenderDaemon] INFO  server.GrpcLogAppender (GrpcLogAppender.java:installSnapshot(549)) - omNode-1@group-523986131536->omNode-2-GrpcLogAppender: send omNode-1->omNode-2#0-t6,notify:(t:6, i:59)
2022-09-29 01:23:46,458 [omNode-2-server-thread1] INFO  server.RaftServer$Division (RaftServerImpl.java:checkInconsistentAppendEntries(1402)) - omNode-2@group-523986131536: Failed appendEntries as snapshot (59) installation is in progress
2022-09-29 01:23:46,458 [omNode-2-server-thread1] INFO  server.RaftServer$Division (RaftServerImpl.java:checkInconsistentAppendEntries(1394)) - omNode-2@group-523986131536: inconsistency entries. Reply:omNode-1<-omNode-2#784:FAIL-t6,INCONSISTENCY,nextIndex=57,followerCommit=56
2022-09-29 01:23:46,458 [grpc-default-executor-2] INFO  impl.SnapshotInstallationHandler (SnapshotInstallationHandler.java:installSnapshot(84)) - omNode-2@group-523986131536: receive installSnapshot: omNode-1->omNode-2#0-t6,notify:(t:6, i:59)
2022-09-29 01:23:46,458 [grpc-default-executor-2] INFO  impl.SnapshotInstallationHandler (SnapshotInstallationHandler.java:installSnapshot(95)) - omNode-2@group-523986131536: reply installSnapshot: omNode-1<-omNode-2#0:FAIL-t6,IN_PROGRESS
2022-09-29 01:23:46,459 [grpc-default-executor-2] INFO  server.GrpcServerProtocolService (GrpcServerProtocolService.java:onCompleted(140)) - omNode-2: Completed INSTALL_SNAPSHOT, lastRequest: omNode-1->omNode-2#0-t6,notify:(t:6, i:59)
2022-09-29 01:23:46,459 [grpc-default-executor-2] INFO  leader.FollowerInfo (FollowerInfoImpl.java:lambda$new$0(48)) - omNode-1@group-523986131536->omNode-2: nextIndex: updateUnconditionally 57 -> 57
2022-09-29 01:23:46,459 [grpc-default-executor-2] INFO  server.GrpcLogAppender (GrpcLogAppender.java:onNext(403)) - omNode-1@group-523986131536->omNode-2-InstallSnapshotResponseHandler: received a reply omNode-1<-omNode-2#0:FAIL-t6,IN_PROGRESS
2022-09-29 01:23:46,459 [grpc-default-executor-2] INFO  server.GrpcLogAppender (GrpcLogAppender.java:onNext(421)) - omNode-1@group-523986131536->omNode-2-InstallSnapshotResponseHandler: InstallSnapshot in progress.
2022-09-29 01:23:46,460 [omNode-1@group-523986131536->omNode-2-GrpcLogAppender-LogAppenderDaemon] INFO  server.GrpcLogAppender (GrpcLogAppender.java:installSnapshot(541)) - omNode-1@group-523986131536->omNode-2-GrpcLogAppender: followerNextIndex = 57 but logStartIndex = 59, notify follower to install snapshot-(t:6, i:59)
2022-09-29 01:23:46,460 [omNode-1@group-523986131536->omNode-2-GrpcLogAppender-LogAppenderDaemon] INFO  server.GrpcLogAppender (GrpcLogAppender.java:installSnapshot(549)) - omNode-1@group-523986131536->omNode-2-GrpcLogAppender: send omNode-1->omNode-2#0-t6,notify:(t:6, i:59)
2022-09-29 01:23:46,460 [omNode-2-server-thread1] INFO  server.RaftServer$Division (RaftServerImpl.java:checkInconsistentAppendEntries(1402)) - omNode-2@group-523986131536: Failed appendEntries as snapshot (59) installation is in progress
2022-09-29 01:23:46,460 [omNode-2-server-thread1] INFO  server.RaftServer$Division (RaftServerImpl.java:checkInconsistentAppendEntries(1394)) - omNode-2@group-523986131536: inconsistency entries. Reply:omNode-1<-omNode-2#785:FAIL-t6,INCONSISTENCY,nextIndex=57,followerCommit=56
2022-09-29 01:23:46,461 [grpc-default-executor-2] INFO  impl.SnapshotInstallationHandler (SnapshotInstallationHandler.java:installSnapshot(84)) - omNode-2@group-523986131536: receive installSnapshot: omNode-1->omNode-2#0-t6,notify:(t:6, i:59)
2022-09-29 01:23:46,461 [grpc-default-executor-2] INFO  impl.SnapshotInstallationHandler (SnapshotInstallationHandler.java:installSnapshot(95)) - omNode-2@group-523986131536: reply installSnapshot: omNode-1<-omNode-2#0:FAIL-t6,IN_PROGRESS
2022-09-29 01:23:46,461 [grpc-default-executor-2] INFO  server.GrpcServerProtocolService (GrpcServerProtocolService.java:onCompleted(140)) - omNode-2: Completed INSTALL_SNAPSHOT, lastRequest: omNode-1->omNode-2#0-t6,notify:(t:6, i:59)
2022-09-29 01:23:46,461 [grpc-default-executor-2] INFO  leader.FollowerInfo (FollowerInfoImpl.java:lambda$new$0(48)) - omNode-1@group-523986131536->omNode-2: nextIndex: updateUnconditionally 57 -> 57
2022-09-29 01:23:46,461 [grpc-default-executor-2] INFO  server.GrpcLogAppender (GrpcLogAppender.java:onNext(403)) - omNode-1@group-523986131536->omNode-2-InstallSnapshotResponseHandler: received a reply omNode-1<-omNode-2#0:FAIL-t6,IN_PROGRESS
2022-09-29 01:23:46,461 [grpc-default-executor-2] INFO  server.GrpcLogAppender (GrpcLogAppender.java:onNext(421)) - omNode-1@group-523986131536->omNode-2-InstallSnapshotResponseHandler: InstallSnapshot in progress.
2022-09-29 01:23:46,462 [omNode-1@group-523986131536->omNode-2-GrpcLogAppender-LogAppenderDaemon] INFO  server.GrpcLogAppender (GrpcLogAppender.java:installSnapshot(541)) - omNode-1@group-523986131536->omNode-2-GrpcLogAppender: followerNextIndex = 57 but logStartIndex = 59, notify follower to install snapshot-(t:6, i:59)
2022-09-29 01:23:46,462 [omNode-1@group-523986131536->omNode-2-GrpcLogAppender-LogAppenderDaemon] INFO  server.GrpcLogAppender (GrpcLogAppender.java:installSnapshot(549)) - omNode-1@group-523986131536->omNode-2-GrpcLogAppender: send omNode-1->omNode-2#0-t6,notify:(t:6, i:59)
2022-09-29 01:23:46,462 [omNode-2-server-thread1] INFO  server.RaftServer$Division (RaftServerImpl.java:checkInconsistentAppendEntries(1402)) - omNode-2@group-523986131536: Failed appendEntries as snapshot (59) installation is in progress
2022-09-29 01:23:46,462 [omNode-2-server-thread1] INFO  server.RaftServer$Division (RaftServerImpl.java:checkInconsistentAppendEntries(1394)) - omNode-2@group-523986131536: inconsistency entries. Reply:omNode-1<-omNode-2#786:FAIL-t6,INCONSISTENCY,nextIndex=57,followerCommit=56
2022-09-29 01:23:46,462 [grpc-default-executor-1] INFO  impl.SnapshotInstallationHandler (SnapshotInstallationHandler.java:installSnapshot(84)) - omNode-2@group-523986131536: receive installSnapshot: omNode-1->omNode-2#0-t6,notify:(t:6, i:59)
2022-09-29 01:23:46,463 [grpc-default-executor-1] INFO  impl.SnapshotInstallationHandler (SnapshotInstallationHandler.java:installSnapshot(95)) - omNode-2@group-523986131536: reply installSnapshot: omNode-1<-omNode-2#0:FAIL-t6,IN_PROGRESS
2022-09-29 01:23:46,463 [grpc-default-executor-1] INFO  server.GrpcServerProtocolService (GrpcServerProtocolService.java:onCompleted(140)) - omNode-2: Completed INSTALL_SNAPSHOT, lastRequest: omNode-1->omNode-2#0-t6,notify:(t:6, i:59)
2022-09-29 01:23:46,463 [grpc-default-executor-1] INFO  leader.FollowerInfo (FollowerInfoImpl.java:lambda$new$0(48)) - omNode-1@group-523986131536->omNode-2: nextIndex: updateUnconditionally 57 -> 57
2022-09-29 01:23:46,463 [grpc-default-executor-1] INFO  server.GrpcLogAppender (GrpcLogAppender.java:onNext(403)) - omNode-1@group-523986131536->omNode-2-InstallSnapshotResponseHandler: received a reply omNode-1<-omNode-2#0:FAIL-t6,IN_PROGRESS
2022-09-29 01:23:46,463 [grpc-default-executor-1] INFO  server.GrpcLogAppender (GrpcLogAppender.java:onNext(421)) - omNode-1@group-523986131536->omNode-2-InstallSnapshotResponseHandler: InstallSnapshot in progress.
2022-09-29 01:23:46,464 [omNode-1@group-523986131536->omNode-2-GrpcLogAppender-LogAppenderDaemon] INFO  server.GrpcLogAppender (GrpcLogAppender.java:installSnapshot(541)) - omNode-1@group-523986131536->omNode-2-GrpcLogAppender: followerNextIndex = 57 but logStartIndex = 59, notify follower to install snapshot-(t:6, i:59)
2022-09-29 01:23:46,464 [omNode-1@group-523986131536->omNode-2-GrpcLogAppender-LogAppenderDaemon] INFO  server.GrpcLogAppender (GrpcLogAppender.java:installSnapshot(549)) - omNode-1@group-523986131536->omNode-2-GrpcLogAppender: send omNode-1->omNode-2#0-t6,notify:(t:6, i:59)
2022-09-29 01:23:46,464 [omNode-2-server-thread1] INFO  server.RaftServer$Division (RaftServerImpl.java:checkInconsistentAppendEntries(1402)) - omNode-2@group-523986131536: Failed appendEntries as snapshot (59) installation is in progress
2022-09-29 01:23:46,464 [omNode-2-server-thread1] INFO  server.RaftServer$Division (RaftServerImpl.java:checkInconsistentAppendEntries(1394)) - omNode-2@group-523986131536: inconsistency entries. Reply:omNode-1<-omNode-2#787:FAIL-t6,INCONSISTENCY,nextIndex=57,followerCommit=56
2022-09-29 01:23:46,465 [grpc-default-executor-1] INFO  impl.SnapshotInstallationHandler (SnapshotInstallationHandler.java:installSnapshot(84)) - omNode-2@group-523986131536: receive installSnapshot: omNode-1->omNode-2#0-t6,notify:(t:6, i:59)
2022-09-29 01:23:46,465 [grpc-default-executor-1] INFO  impl.SnapshotInstallationHandler (SnapshotInstallationHandler.java:installSnapshot(95)) - omNode-2@group-523986131536: reply installSnapshot: omNode-1<-omNode-2#0:FAIL-t6,IN_PROGRESS
2022-09-29 01:23:46,465 [grpc-default-executor-1] INFO  server.GrpcServerProtocolService (GrpcServerProtocolService.java:onCompleted(140)) - omNode-2: Completed INSTALL_SNAPSHOT, lastRequest: omNode-1->omNode-2#0-t6,notify:(t:6, i:59)
2022-09-29 01:23:46,465 [grpc-default-executor-1] INFO  leader.FollowerInfo (FollowerInfoImpl.java:lambda$new$0(48)) - omNode-1@group-523986131536->omNode-2: nextIndex: updateUnconditionally 57 -> 57
2022-09-29 01:23:46,465 [grpc-default-executor-1] INFO  server.GrpcLogAppender (GrpcLogAppender.java:onNext(403)) - omNode-1@group-523986131536->omNode-2-InstallSnapshotResponseHandler: received a reply omNode-1<-omNode-2#0:FAIL-t6,IN_PROGRESS
2022-09-29 01:23:46,465 [grpc-default-executor-1] INFO  server.GrpcLogAppender (GrpcLogAppender.java:onNext(421)) - omNode-1@group-523986131536->omNode-2-InstallSnapshotResponseHandler: InstallSnapshot in progress.
2022-09-29 01:23:46,466 [omNode-1@group-523986131536->omNode-2-GrpcLogAppender-LogAppenderDaemon] INFO  server.GrpcLogAppender (GrpcLogAppender.java:installSnapshot(541)) - omNode-1@group-523986131536->omNode-2-GrpcLogAppender: followerNextIndex = 57 but logStartIndex = 59, notify follower to install snapshot-(t:6, i:59)
2022-09-29 01:23:46,466 [omNode-1@group-523986131536->omNode-2-GrpcLogAppender-LogAppenderDaemon] INFO  server.GrpcLogAppender (GrpcLogAppender.java:installSnapshot(549)) - omNode-1@group-523986131536->omNode-2-GrpcLogAppender: send omNode-1->omNode-2#0-t6,notify:(t:6, i:59)
2022-09-29 01:23:46,466 [omNode-2-server-thread1] INFO  server.RaftServer$Division (RaftServerImpl.java:checkInconsistentAppendEntries(1402)) - omNode-2@group-523986131536: Failed appendEntries as snapshot (59) installation is in progress
2022-09-29 01:23:46,466 [omNode-2-server-thread1] INFO  server.RaftServer$Division (RaftServerImpl.java:checkInconsistentAppendEntries(1394)) - omNode-2@group-523986131536: inconsistency entries. Reply:omNode-1<-omNode-2#788:FAIL-t6,INCONSISTENCY,nextIndex=57,followerCommit=56
2022-09-29 01:23:46,467 [grpc-default-executor-1] INFO  impl.SnapshotInstallationHandler (SnapshotInstallationHandler.java:installSnapshot(84)) - omNode-2@group-523986131536: receive installSnapshot: omNode-1->omNode-2#0-t6,notify:(t:6, i:59)
2022-09-29 01:23:46,467 [grpc-default-executor-1] INFO  impl.SnapshotInstallationHandler (SnapshotInstallationHandler.java:installSnapshot(95)) - omNode-2@group-523986131536: reply installSnapshot: omNode-1<-omNode-2#0:FAIL-t6,IN_PROGRESS
2022-09-29 01:23:46,467 [grpc-default-executor-1] INFO  server.GrpcServerProtocolService (GrpcServerProtocolService.java:onCompleted(140)) - omNode-2: Completed INSTALL_SNAPSHOT, lastRequest: omNode-1->omNode-2#0-t6,notify:(t:6, i:59)
2022-09-29 01:23:46,467 [grpc-default-executor-1] INFO  leader.FollowerInfo (FollowerInfoImpl.java:lambda$new$0(48)) - omNode-1@group-523986131536->omNode-2: nextIndex: updateUnconditionally 57 -> 57
2022-09-29 01:23:46,467 [grpc-default-executor-1] INFO  server.GrpcLogAppender (GrpcLogAppender.java:onNext(403)) - omNode-1@group-523986131536->omNode-2-InstallSnapshotResponseHandler: received a reply omNode-1<-omNode-2#0:FAIL-t6,IN_PROGRESS
2022-09-29 01:23:46,467 [grpc-default-executor-1] INFO  server.GrpcLogAppender (GrpcLogAppender.java:onNext(421)) - omNode-1@group-523986131536->omNode-2-InstallSnapshotResponseHandler: InstallSnapshot in progress.
2022-09-29 01:23:46,468 [omNode-1@group-523986131536->omNode-2-GrpcLogAppender-LogAppenderDaemon] INFO  server.GrpcLogAppender (GrpcLogAppender.java:installSnapshot(541)) - omNode-1@group-523986131536->omNode-2-GrpcLogAppender: followerNextIndex = 57 but logStartIndex = 59, notify follower to install snapshot-(t:6, i:59)
2022-09-29 01:23:46,468 [omNode-1@group-523986131536->omNode-2-GrpcLogAppender-LogAppenderDaemon] INFO  server.GrpcLogAppender (GrpcLogAppender.java:installSnapshot(549)) - omNode-1@group-523986131536->omNode-2-GrpcLogAppender: send omNode-1->omNode-2#0-t6,notify:(t:6, i:59)
2022-09-29 01:23:46,468 [omNode-2-server-thread1] INFO  server.RaftServer$Division (RaftServerImpl.java:checkInconsistentAppendEntries(1402)) - omNode-2@group-523986131536: Failed appendEntries as snapshot (59) installation is in progress
2022-09-29 01:23:46,468 [omNode-2-server-thread1] INFO  server.RaftServer$Division (RaftServerImpl.java:checkInconsistentAppendEntries(1394)) - omNode-2@group-523986131536: inconsistency entries. Reply:omNode-1<-omNode-2#789:FAIL-t6,INCONSISTENCY,nextIndex=57,followerCommit=56
2022-09-29 01:23:46,469 [grpc-default-executor-1] INFO  impl.SnapshotInstallationHandler (SnapshotInstallationHandler.java:installSnapshot(84)) - omNode-2@group-523986131536: receive installSnapshot: omNode-1->omNode-2#0-t6,notify:(t:6, i:59)
2022-09-29 01:23:46,469 [grpc-default-executor-1] INFO  impl.SnapshotInstallationHandler (SnapshotInstallationHandler.java:installSnapshot(95)) - omNode-2@group-523986131536: reply installSnapshot: omNode-1<-omNode-2#0:FAIL-t6,IN_PROGRESS
2022-09-29 01:23:46,469 [grpc-default-executor-1] INFO  server.GrpcServerProtocolService (GrpcServerProtocolService.java:onCompleted(140)) - omNode-2: Completed INSTALL_SNAPSHOT, lastRequest: omNode-1->omNode-2#0-t6,notify:(t:6, i:59)
2022-09-29 01:23:46,469 [grpc-default-executor-1] INFO  leader.FollowerInfo (FollowerInfoImpl.java:lambda$new$0(48)) - omNode-1@group-523986131536->omNode-2: nextIndex: updateUnconditionally 57 -> 57
2022-09-29 01:23:46,469 [grpc-default-executor-1] INFO  server.GrpcLogAppender (GrpcLogAppender.java:onNext(403)) - omNode-1@group-523986131536->omNode-2-InstallSnapshotResponseHandler: received a reply omNode-1<-omNode-2#0:FAIL-t6,IN_PROGRESS
2022-09-29 01:23:46,469 [grpc-default-executor-1] INFO  server.GrpcLogAppender (GrpcLogAppender.java:onNext(421)) - omNode-1@group-523986131536->omNode-2-InstallSnapshotResponseHandler: InstallSnapshot in progress.
2022-09-29 01:23:46,470 [omNode-1@group-523986131536->omNode-2-GrpcLogAppender-LogAppenderDaemon] INFO  server.GrpcLogAppender (GrpcLogAppender.java:installSnapshot(541)) - omNode-1@group-523986131536->omNode-2-GrpcLogAppender: followerNextIndex = 57 but logStartIndex = 59, notify follower to install snapshot-(t:6, i:59)
2022-09-29 01:23:46,470 [omNode-1@group-523986131536->omNode-2-GrpcLogAppender-LogAppenderDaemon] INFO  server.GrpcLogAppender (GrpcLogAppender.java:installSnapshot(549)) - omNode-1@group-523986131536->omNode-2-GrpcLogAppender: send omNode-1->omNode-2#0-t6,notify:(t:6, i:59)
2022-09-29 01:23:46,470 [omNode-2-server-thread1] INFO  server.RaftServer$Division (RaftServerImpl.java:checkInconsistentAppendEntries(1402)) - omNode-2@group-523986131536: Failed appendEntries as snapshot (59) installation is in progress
2022-09-29 01:23:46,470 [omNode-2-server-thread1] INFO  server.RaftServer$Division (RaftServerImpl.java:checkInconsistentAppendEntries(1394)) - omNode-2@group-523986131536: inconsistency entries. Reply:omNode-1<-omNode-2#790:FAIL-t6,INCONSISTENCY,nextIndex=57,followerCommit=56
2022-09-29 01:23:46,470 [grpc-default-executor-1] INFO  impl.SnapshotInstallationHandler (SnapshotInstallationHandler.java:installSnapshot(84)) - omNode-2@group-523986131536: receive installSnapshot: omNode-1->omNode-2#0-t6,notify:(t:6, i:59)
2022-09-29 01:23:46,471 [grpc-default-executor-1] INFO  impl.SnapshotInstallationHandler (SnapshotInstallationHandler.java:installSnapshot(95)) - omNode-2@group-523986131536: reply installSnapshot: omNode-1<-omNode-2#0:FAIL-t6,IN_PROGRESS
2022-09-29 01:23:46,471 [grpc-default-executor-1] INFO  server.GrpcServerProtocolService (GrpcServerProtocolService.java:onCompleted(140)) - omNode-2: Completed INSTALL_SNAPSHOT, lastRequest: omNode-1->omNode-2#0-t6,notify:(t:6, i:59)
2022-09-29 01:23:46,479 [grpc-default-executor-1] INFO  leader.FollowerInfo (FollowerInfoImpl.java:lambda$new$0(48)) - omNode-1@group-523986131536->omNode-2: nextIndex: updateUnconditionally 57 -> 57
2022-09-29 01:23:46,479 [grpc-default-executor-1] INFO  server.GrpcLogAppender (GrpcLogAppender.java:onNext(403)) - omNode-1@group-523986131536->omNode-2-InstallSnapshotResponseHandler: received a reply omNode-1<-omNode-2#0:FAIL-t6,IN_PROGRESS
2022-09-29 01:23:46,479 [grpc-default-executor-1] INFO  server.GrpcLogAppender (GrpcLogAppender.java:onNext(421)) - omNode-1@group-523986131536->omNode-2-InstallSnapshotResponseHandler: InstallSnapshot in progress.
2022-09-29 01:23:46,479 [omNode-1@group-523986131536->omNode-2-GrpcLogAppender-LogAppenderDaemon] INFO  server.GrpcLogAppender (GrpcLogAppender.java:installSnapshot(541)) - omNode-1@group-523986131536->omNode-2-GrpcLogAppender: followerNextIndex = 57 but logStartIndex = 59, notify follower to install snapshot-(t:6, i:59)
2022-09-29 01:23:46,480 [omNode-1@group-523986131536->omNode-2-GrpcLogAppender-LogAppenderDaemon] INFO  server.GrpcLogAppender (GrpcLogAppender.java:installSnapshot(549)) - omNode-1@group-523986131536->omNode-2-GrpcLogAppender: send omNode-1->omNode-2#0-t6,notify:(t:6, i:59)
2022-09-29 01:23:46,480 [omNode-2-server-thread1] INFO  server.RaftServer$Division (RaftServerImpl.java:checkInconsistentAppendEntries(1402)) - omNode-2@group-523986131536: Failed appendEntries as snapshot (59) installation is in progress
2022-09-29 01:23:46,480 [omNode-2-server-thread1] INFO  server.RaftServer$Division (RaftServerImpl.java:checkInconsistentAppendEntries(1394)) - omNode-2@group-523986131536: inconsistency entries. Reply:omNode-1<-omNode-2#791:FAIL-t6,INCONSISTENCY,nextIndex=57,followerCommit=56
2022-09-29 01:23:46,481 [grpc-default-executor-2] INFO  impl.SnapshotInstallationHandler (SnapshotInstallationHandler.java:installSnapshot(84)) - omNode-2@group-523986131536: receive installSnapshot: omNode-1->omNode-2#0-t6,notify:(t:6, i:59)
2022-09-29 01:23:46,481 [grpc-default-executor-2] INFO  impl.SnapshotInstallationHandler (SnapshotInstallationHandler.java:installSnapshot(95)) - omNode-2@group-523986131536: reply installSnapshot: omNode-1<-omNode-2#0:FAIL-t6,IN_PROGRESS
2022-09-29 01:23:46,481 [grpc-default-executor-2] INFO  server.GrpcServerProtocolService (GrpcServerProtocolService.java:onCompleted(140)) - omNode-2: Completed INSTALL_SNAPSHOT, lastRequest: omNode-1->omNode-2#0-t6,notify:(t:6, i:59)
2022-09-29 01:23:46,481 [grpc-default-executor-2] INFO  leader.FollowerInfo (FollowerInfoImpl.java:lambda$new$0(48)) - omNode-1@group-523986131536->omNode-2: nextIndex: updateUnconditionally 57 -> 57
2022-09-29 01:23:46,481 [grpc-default-executor-2] INFO  server.GrpcLogAppender (GrpcLogAppender.java:onNext(403)) - omNode-1@group-523986131536->omNode-2-InstallSnapshotResponseHandler: received a reply omNode-1<-omNode-2#0:FAIL-t6,IN_PROGRESS
2022-09-29 01:23:46,481 [grpc-default-executor-2] INFO  server.GrpcLogAppender (GrpcLogAppender.java:onNext(421)) - omNode-1@group-523986131536->omNode-2-InstallSnapshotResponseHandler: InstallSnapshot in progress.
2022-09-29 01:23:46,482 [omNode-1@group-523986131536->omNode-2-GrpcLogAppender-LogAppenderDaemon] INFO  server.GrpcLogAppender (GrpcLogAppender.java:installSnapshot(541)) - omNode-1@group-523986131536->omNode-2-GrpcLogAppender: followerNextIndex = 57 but logStartIndex = 59, notify follower to install snapshot-(t:6, i:59)
2022-09-29 01:23:46,482 [omNode-1@group-523986131536->omNode-2-GrpcLogAppender-LogAppenderDaemon] INFO  server.GrpcLogAppender (GrpcLogAppender.java:installSnapshot(549)) - omNode-1@group-523986131536->omNode-2-GrpcLogAppender: send omNode-1->omNode-2#0-t6,notify:(t:6, i:59)
2022-09-29 01:23:46,482 [omNode-2-server-thread1] INFO  server.RaftServer$Division (RaftServerImpl.java:checkInconsistentAppendEntries(1402)) - omNode-2@group-523986131536: Failed appendEntries as snapshot (59) installation is in progress
2022-09-29 01:23:46,482 [omNode-2-server-thread1] INFO  server.RaftServer$Division (RaftServerImpl.java:checkInconsistentAppendEntries(1394)) - omNode-2@group-523986131536: inconsistency entries. Reply:omNode-1<-omNode-2#792:FAIL-t6,INCONSISTENCY,nextIndex=57,followerCommit=56
2022-09-29 01:23:46,483 [grpc-default-executor-2] INFO  impl.SnapshotInstallationHandler (SnapshotInstallationHandler.java:installSnapshot(84)) - omNode-2@group-523986131536: receive installSnapshot: omNode-1->omNode-2#0-t6,notify:(t:6, i:59)
2022-09-29 01:23:46,483 [grpc-default-executor-2] INFO  impl.SnapshotInstallationHandler (SnapshotInstallationHandler.java:installSnapshot(95)) - omNode-2@group-523986131536: reply installSnapshot: omNode-1<-omNode-2#0:FAIL-t6,IN_PROGRESS
2022-09-29 01:23:46,483 [grpc-default-executor-2] INFO  server.GrpcServerProtocolService (GrpcServerProtocolService.java:onCompleted(140)) - omNode-2: Completed INSTALL_SNAPSHOT, lastRequest: omNode-1->omNode-2#0-t6,notify:(t:6, i:59)
2022-09-29 01:23:46,483 [grpc-default-executor-2] INFO  leader.FollowerInfo (FollowerInfoImpl.java:lambda$new$0(48)) - omNode-1@group-523986131536->omNode-2: nextIndex: updateUnconditionally 57 -> 57
2022-09-29 01:23:46,483 [grpc-default-executor-2] INFO  server.GrpcLogAppender (GrpcLogAppender.java:onNext(403)) - omNode-1@group-523986131536->omNode-2-InstallSnapshotResponseHandler: received a reply omNode-1<-omNode-2#0:FAIL-t6,IN_PROGRESS
2022-09-29 01:23:46,483 [grpc-default-executor-2] INFO  server.GrpcLogAppender (GrpcLogAppender.java:onNext(421)) - omNode-1@group-523986131536->omNode-2-InstallSnapshotResponseHandler: InstallSnapshot in progress.
2022-09-29 01:23:46,484 [omNode-1@group-523986131536->omNode-2-GrpcLogAppender-LogAppenderDaemon] INFO  server.GrpcLogAppender (GrpcLogAppender.java:installSnapshot(541)) - omNode-1@group-523986131536->omNode-2-GrpcLogAppender: followerNextIndex = 57 but logStartIndex = 59, notify follower to install snapshot-(t:6, i:59)
2022-09-29 01:23:46,484 [omNode-1@group-523986131536->omNode-2-GrpcLogAppender-LogAppenderDaemon] INFO  server.GrpcLogAppender (GrpcLogAppender.java:installSnapshot(549)) - omNode-1@group-523986131536->omNode-2-GrpcLogAppender: send omNode-1->omNode-2#0-t6,notify:(t:6, i:59)
2022-09-29 01:23:46,484 [omNode-2-server-thread1] INFO  server.RaftServer$Division (RaftServerImpl.java:checkInconsistentAppendEntries(1402)) - omNode-2@group-523986131536: Failed appendEntries as snapshot (59) installation is in progress
2022-09-29 01:23:46,484 [omNode-2-server-thread1] INFO  server.RaftServer$Division (RaftServerImpl.java:checkInconsistentAppendEntries(1394)) - omNode-2@group-523986131536: inconsistency entries. Reply:omNode-1<-omNode-2#793:FAIL-t6,INCONSISTENCY,nextIndex=57,followerCommit=56
2022-09-29 01:23:46,485 [grpc-default-executor-2] INFO  impl.SnapshotInstallationHandler (SnapshotInstallationHandler.java:installSnapshot(84)) - omNode-2@group-523986131536: receive installSnapshot: omNode-1->omNode-2#0-t6,notify:(t:6, i:59)
2022-09-29 01:23:46,485 [grpc-default-executor-2] INFO  impl.SnapshotInstallationHandler (SnapshotInstallationHandler.java:installSnapshot(95)) - omNode-2@group-523986131536: reply installSnapshot: omNode-1<-omNode-2#0:FAIL-t6,IN_PROGRESS
2022-09-29 01:23:46,487 [grpc-default-executor-2] INFO  server.GrpcServerProtocolService (GrpcServerProtocolService.java:onCompleted(140)) - omNode-2: Completed INSTALL_SNAPSHOT, lastRequest: omNode-1->omNode-2#0-t6,notify:(t:6, i:59)
2022-09-29 01:23:46,487 [grpc-default-executor-2] INFO  leader.FollowerInfo (FollowerInfoImpl.java:lambda$new$0(48)) - omNode-1@group-523986131536->omNode-2: nextIndex: updateUnconditionally 57 -> 57
2022-09-29 01:23:46,487 [grpc-default-executor-2] INFO  server.GrpcLogAppender (GrpcLogAppender.java:onNext(403)) - omNode-1@group-523986131536->omNode-2-InstallSnapshotResponseHandler: received a reply omNode-1<-omNode-2#0:FAIL-t6,IN_PROGRESS
2022-09-29 01:23:46,488 [grpc-default-executor-2] INFO  server.GrpcLogAppender (GrpcLogAppender.java:onNext(421)) - omNode-1@group-523986131536->omNode-2-InstallSnapshotResponseHandler: InstallSnapshot in progress.
2022-09-29 01:23:46,488 [omNode-1@group-523986131536->omNode-2-GrpcLogAppender-LogAppenderDaemon] INFO  server.GrpcLogAppender (GrpcLogAppender.java:installSnapshot(541)) - omNode-1@group-523986131536->omNode-2-GrpcLogAppender: followerNextIndex = 57 but logStartIndex = 59, notify follower to install snapshot-(t:6, i:59)
2022-09-29 01:23:46,488 [omNode-1@group-523986131536->omNode-2-GrpcLogAppender-LogAppenderDaemon] INFO  server.GrpcLogAppender (GrpcLogAppender.java:installSnapshot(549)) - omNode-1@group-523986131536->omNode-2-GrpcLogAppender: send omNode-1->omNode-2#0-t6,notify:(t:6, i:59)
2022-09-29 01:23:46,488 [omNode-2-server-thread1] INFO  server.RaftServer$Division (RaftServerImpl.java:checkInconsistentAppendEntries(1402)) - omNode-2@group-523986131536: Failed appendEntries as snapshot (59) installation is in progress
2022-09-29 01:23:46,488 [omNode-2-server-thread1] INFO  server.RaftServer$Division (RaftServerImpl.java:checkInconsistentAppendEntries(1394)) - omNode-2@group-523986131536: inconsistency entries. Reply:omNode-1<-omNode-2#794:FAIL-t6,INCONSISTENCY,nextIndex=57,followerCommit=56
2022-09-29 01:23:46,489 [grpc-default-executor-2] INFO  impl.SnapshotInstallationHandler (SnapshotInstallationHandler.java:installSnapshot(84)) - omNode-2@group-523986131536: receive installSnapshot: omNode-1->omNode-2#0-t6,notify:(t:6, i:59)
2022-09-29 01:23:46,489 [grpc-default-executor-2] INFO  impl.SnapshotInstallationHandler (SnapshotInstallationHandler.java:installSnapshot(95)) - omNode-2@group-523986131536: reply installSnapshot: omNode-1<-omNode-2#0:FAIL-t6,IN_PROGRESS
2022-09-29 01:23:46,489 [grpc-default-executor-2] INFO  server.GrpcServerProtocolService (GrpcServerProtocolService.java:onCompleted(140)) - omNode-2: Completed INSTALL_SNAPSHOT, lastRequest: omNode-1->omNode-2#0-t6,notify:(t:6, i:59)
2022-09-29 01:23:46,489 [grpc-default-executor-2] INFO  leader.FollowerInfo (FollowerInfoImpl.java:lambda$new$0(48)) - omNode-1@group-523986131536->omNode-2: nextIndex: updateUnconditionally 57 -> 57
2022-09-29 01:23:46,489 [grpc-default-executor-2] INFO  server.GrpcLogAppender (GrpcLogAppender.java:onNext(403)) - omNode-1@group-523986131536->omNode-2-InstallSnapshotResponseHandler: received a reply omNode-1<-omNode-2#0:FAIL-t6,IN_PROGRESS
2022-09-29 01:23:46,490 [grpc-default-executor-2] INFO  server.GrpcLogAppender (GrpcLogAppender.java:onNext(421)) - omNode-1@group-523986131536->omNode-2-InstallSnapshotResponseHandler: InstallSnapshot in progress.
2022-09-29 01:23:46,490 [omNode-1@group-523986131536->omNode-2-GrpcLogAppender-LogAppenderDaemon] INFO  server.GrpcLogAppender (GrpcLogAppender.java:installSnapshot(541)) - omNode-1@group-523986131536->omNode-2-GrpcLogAppender: followerNextIndex = 57 but logStartIndex = 59, notify follower to install snapshot-(t:6, i:59)
2022-09-29 01:23:46,490 [omNode-1@group-523986131536->omNode-2-GrpcLogAppender-LogAppenderDaemon] INFO  server.GrpcLogAppender (GrpcLogAppender.java:installSnapshot(549)) - omNode-1@group-523986131536->omNode-2-GrpcLogAppender: send omNode-1->omNode-2#0-t6,notify:(t:6, i:59)
2022-09-29 01:23:46,490 [omNode-2-server-thread1] INFO  server.RaftServer$Division (RaftServerImpl.java:checkInconsistentAppendEntries(1402)) - omNode-2@group-523986131536: Failed appendEntries as snapshot (59) installation is in progress
2022-09-29 01:23:46,490 [omNode-2-server-thread1] INFO  server.RaftServer$Division (RaftServerImpl.java:checkInconsistentAppendEntries(1394)) - omNode-2@group-523986131536: inconsistency entries. Reply:omNode-1<-omNode-2#795:FAIL-t6,INCONSISTENCY,nextIndex=57,followerCommit=56
2022-09-29 01:23:46,491 [grpc-default-executor-1] INFO  impl.SnapshotInstallationHandler (SnapshotInstallationHandler.java:installSnapshot(84)) - omNode-2@group-523986131536: receive installSnapshot: omNode-1->omNode-2#0-t6,notify:(t:6, i:59)
2022-09-29 01:23:46,491 [grpc-default-executor-1] INFO  impl.SnapshotInstallationHandler (SnapshotInstallationHandler.java:installSnapshot(95)) - omNode-2@group-523986131536: reply installSnapshot: omNode-1<-omNode-2#0:FAIL-t6,IN_PROGRESS
2022-09-29 01:23:46,491 [grpc-default-executor-1] INFO  server.GrpcServerProtocolService (GrpcServerProtocolService.java:onCompleted(140)) - omNode-2: Completed INSTALL_SNAPSHOT, lastRequest: omNode-1->omNode-2#0-t6,notify:(t:6, i:59)
2022-09-29 01:23:46,491 [grpc-default-executor-1] INFO  leader.FollowerInfo (FollowerInfoImpl.java:lambda$new$0(48)) - omNode-1@group-523986131536->omNode-2: nextIndex: updateUnconditionally 57 -> 57
2022-09-29 01:23:46,491 [grpc-default-executor-1] INFO  server.GrpcLogAppender (GrpcLogAppender.java:onNext(403)) - omNode-1@group-523986131536->omNode-2-InstallSnapshotResponseHandler: received a reply omNode-1<-omNode-2#0:FAIL-t6,IN_PROGRESS
2022-09-29 01:23:46,492 [grpc-default-executor-1] INFO  server.GrpcLogAppender (GrpcLogAppender.java:onNext(421)) - omNode-1@group-523986131536->omNode-2-InstallSnapshotResponseHandler: InstallSnapshot in progress.
2022-09-29 01:23:46,492 [omNode-1@group-523986131536->omNode-2-GrpcLogAppender-LogAppenderDaemon] INFO  server.GrpcLogAppender (GrpcLogAppender.java:installSnapshot(541)) - omNode-1@group-523986131536->omNode-2-GrpcLogAppender: followerNextIndex = 57 but logStartIndex = 59, notify follower to install snapshot-(t:6, i:59)
2022-09-29 01:23:46,492 [omNode-1@group-523986131536->omNode-2-GrpcLogAppender-LogAppenderDaemon] INFO  server.GrpcLogAppender (GrpcLogAppender.java:installSnapshot(549)) - omNode-1@group-523986131536->omNode-2-GrpcLogAppender: send omNode-1->omNode-2#0-t6,notify:(t:6, i:59)
2022-09-29 01:23:46,492 [omNode-2-server-thread1] INFO  server.RaftServer$Division (RaftServerImpl.java:checkInconsistentAppendEntries(1402)) - omNode-2@group-523986131536: Failed appendEntries as snapshot (59) installation is in progress
2022-09-29 01:23:46,492 [omNode-2-server-thread1] INFO  server.RaftServer$Division (RaftServerImpl.java:checkInconsistentAppendEntries(1394)) - omNode-2@group-523986131536: inconsistency entries. Reply:omNode-1<-omNode-2#796:FAIL-t6,INCONSISTENCY,nextIndex=57,followerCommit=56
2022-09-29 01:23:46,493 [grpc-default-executor-1] INFO  impl.SnapshotInstallationHandler (SnapshotInstallationHandler.java:installSnapshot(84)) - omNode-2@group-523986131536: receive installSnapshot: omNode-1->omNode-2#0-t6,notify:(t:6, i:59)
2022-09-29 01:23:46,493 [grpc-default-executor-1] INFO  impl.SnapshotInstallationHandler (SnapshotInstallationHandler.java:installSnapshot(95)) - omNode-2@group-523986131536: reply installSnapshot: omNode-1<-omNode-2#0:FAIL-t6,IN_PROGRESS
2022-09-29 01:23:46,493 [grpc-default-executor-1] INFO  server.GrpcServerProtocolService (GrpcServerProtocolService.java:onCompleted(140)) - omNode-2: Completed INSTALL_SNAPSHOT, lastRequest: omNode-1->omNode-2#0-t6,notify:(t:6, i:59)
2022-09-29 01:23:46,493 [grpc-default-executor-1] INFO  leader.FollowerInfo (FollowerInfoImpl.java:lambda$new$0(48)) - omNode-1@group-523986131536->omNode-2: nextIndex: updateUnconditionally 57 -> 57
2022-09-29 01:23:46,493 [grpc-default-executor-1] INFO  server.GrpcLogAppender (GrpcLogAppender.java:onNext(403)) - omNode-1@group-523986131536->omNode-2-InstallSnapshotResponseHandler: received a reply omNode-1<-omNode-2#0:FAIL-t6,IN_PROGRESS
2022-09-29 01:23:46,494 [grpc-default-executor-1] INFO  server.GrpcLogAppender (GrpcLogAppender.java:onNext(421)) - omNode-1@group-523986131536->omNode-2-InstallSnapshotResponseHandler: InstallSnapshot in progress.
2022-09-29 01:23:46,494 [omNode-1@group-523986131536->omNode-2-GrpcLogAppender-LogAppenderDaemon] INFO  server.GrpcLogAppender (GrpcLogAppender.java:installSnapshot(541)) - omNode-1@group-523986131536->omNode-2-GrpcLogAppender: followerNextIndex = 57 but logStartIndex = 59, notify follower to install snapshot-(t:6, i:59)
2022-09-29 01:23:46,494 [omNode-1@group-523986131536->omNode-2-GrpcLogAppender-LogAppenderDaemon] INFO  server.GrpcLogAppender (GrpcLogAppender.java:installSnapshot(549)) - omNode-1@group-523986131536->omNode-2-GrpcLogAppender: send omNode-1->omNode-2#0-t6,notify:(t:6, i:59)
2022-09-29 01:23:46,494 [omNode-2-server-thread1] INFO  server.RaftServer$Division (RaftServerImpl.java:checkInconsistentAppendEntries(1402)) - omNode-2@group-523986131536: Failed appendEntries as snapshot (59) installation is in progress
2022-09-29 01:23:46,494 [omNode-2-server-thread1] INFO  server.RaftServer$Division (RaftServerImpl.java:checkInconsistentAppendEntries(1394)) - omNode-2@group-523986131536: inconsistency entries. Reply:omNode-1<-omNode-2#797:FAIL-t6,INCONSISTENCY,nextIndex=57,followerCommit=56
2022-09-29 01:23:46,495 [grpc-default-executor-1] INFO  impl.SnapshotInstallationHandler (SnapshotInstallationHandler.java:installSnapshot(84)) - omNode-2@group-523986131536: receive installSnapshot: omNode-1->omNode-2#0-t6,notify:(t:6, i:59)
2022-09-29 01:23:46,495 [grpc-default-executor-1] INFO  impl.SnapshotInstallationHandler (SnapshotInstallationHandler.java:installSnapshot(95)) - omNode-2@group-523986131536: reply installSnapshot: omNode-1<-omNode-2#0:FAIL-t6,IN_PROGRESS
2022-09-29 01:23:46,495 [grpc-default-executor-1] INFO  server.GrpcServerProtocolService (GrpcServerProtocolService.java:onCompleted(140)) - omNode-2: Completed INSTALL_SNAPSHOT, lastRequest: omNode-1->omNode-2#0-t6,notify:(t:6, i:59)
2022-09-29 01:23:46,495 [grpc-default-executor-1] INFO  leader.FollowerInfo (FollowerInfoImpl.java:lambda$new$0(48)) - omNode-1@group-523986131536->omNode-2: nextIndex: updateUnconditionally 57 -> 57
2022-09-29 01:23:46,495 [grpc-default-executor-1] INFO  server.GrpcLogAppender (GrpcLogAppender.java:onNext(403)) - omNode-1@group-523986131536->omNode-2-InstallSnapshotResponseHandler: received a reply omNode-1<-omNode-2#0:FAIL-t6,IN_PROGRESS
2022-09-29 01:23:46,495 [grpc-default-executor-1] INFO  server.GrpcLogAppender (GrpcLogAppender.java:onNext(421)) - omNode-1@group-523986131536->omNode-2-InstallSnapshotResponseHandler: InstallSnapshot in progress.
2022-09-29 01:23:46,496 [omNode-1@group-523986131536->omNode-2-GrpcLogAppender-LogAppenderDaemon] INFO  server.GrpcLogAppender (GrpcLogAppender.java:installSnapshot(541)) - omNode-1@group-523986131536->omNode-2-GrpcLogAppender: followerNextIndex = 57 but logStartIndex = 59, notify follower to install snapshot-(t:6, i:59)
2022-09-29 01:23:46,496 [omNode-1@group-523986131536->omNode-2-GrpcLogAppender-LogAppenderDaemon] INFO  server.GrpcLogAppender (GrpcLogAppender.java:installSnapshot(549)) - omNode-1@group-523986131536->omNode-2-GrpcLogAppender: send omNode-1->omNode-2#0-t6,notify:(t:6, i:59)
2022-09-29 01:23:46,496 [omNode-2-server-thread1] INFO  server.RaftServer$Division (RaftServerImpl.java:checkInconsistentAppendEntries(1402)) - omNode-2@group-523986131536: Failed appendEntries as snapshot (59) installation is in progress
2022-09-29 01:23:46,496 [omNode-2-server-thread1] INFO  server.RaftServer$Division (RaftServerImpl.java:checkInconsistentAppendEntries(1394)) - omNode-2@group-523986131536: inconsistency entries. Reply:omNode-1<-omNode-2#798:FAIL-t6,INCONSISTENCY,nextIndex=57,followerCommit=56
2022-09-29 01:23:46,497 [grpc-default-executor-1] INFO  impl.SnapshotInstallationHandler (SnapshotInstallationHandler.java:installSnapshot(84)) - omNode-2@group-523986131536: receive installSnapshot: omNode-1->omNode-2#0-t6,notify:(t:6, i:59)
2022-09-29 01:23:46,497 [grpc-default-executor-1] INFO  impl.SnapshotInstallationHandler (SnapshotInstallationHandler.java:installSnapshot(95)) - omNode-2@group-523986131536: reply installSnapshot: omNode-1<-omNode-2#0:FAIL-t6,IN_PROGRESS
2022-09-29 01:23:46,497 [grpc-default-executor-1] INFO  server.GrpcServerProtocolService (GrpcServerProtocolService.java:onCompleted(140)) - omNode-2: Completed INSTALL_SNAPSHOT, lastRequest: omNode-1->omNode-2#0-t6,notify:(t:6, i:59)
2022-09-29 01:23:46,497 [grpc-default-executor-1] INFO  leader.FollowerInfo (FollowerInfoImpl.java:lambda$new$0(48)) - omNode-1@group-523986131536->omNode-2: nextIndex: updateUnconditionally 57 -> 57
2022-09-29 01:23:46,497 [grpc-default-executor-1] INFO  server.GrpcLogAppender (GrpcLogAppender.java:onNext(403)) - omNode-1@group-523986131536->omNode-2-InstallSnapshotResponseHandler: received a reply omNode-1<-omNode-2#0:FAIL-t6,IN_PROGRESS
2022-09-29 01:23:46,497 [grpc-default-executor-1] INFO  server.GrpcLogAppender (GrpcLogAppender.java:onNext(421)) - omNode-1@group-523986131536->omNode-2-InstallSnapshotResponseHandler: InstallSnapshot in progress.
2022-09-29 01:23:46,498 [omNode-1@group-523986131536->omNode-2-GrpcLogAppender-LogAppenderDaemon] INFO  server.GrpcLogAppender (GrpcLogAppender.java:installSnapshot(541)) - omNode-1@group-523986131536->omNode-2-GrpcLogAppender: followerNextIndex = 57 but logStartIndex = 59, notify follower to install snapshot-(t:6, i:59)
2022-09-29 01:23:46,498 [omNode-1@group-523986131536->omNode-2-GrpcLogAppender-LogAppenderDaemon] INFO  server.GrpcLogAppender (GrpcLogAppender.java:installSnapshot(549)) - omNode-1@group-523986131536->omNode-2-GrpcLogAppender: send omNode-1->omNode-2#0-t6,notify:(t:6, i:59)
2022-09-29 01:23:46,498 [omNode-2-server-thread1] INFO  server.RaftServer$Division (RaftServerImpl.java:checkInconsistentAppendEntries(1402)) - omNode-2@group-523986131536: Failed appendEntries as snapshot (59) installation is in progress
2022-09-29 01:23:46,498 [omNode-2-server-thread1] INFO  server.RaftServer$Division (RaftServerImpl.java:checkInconsistentAppendEntries(1394)) - omNode-2@group-523986131536: inconsistency entries. Reply:omNode-1<-omNode-2#799:FAIL-t6,INCONSISTENCY,nextIndex=57,followerCommit=56
2022-09-29 01:23:46,499 [grpc-default-executor-2] INFO  impl.SnapshotInstallationHandler (SnapshotInstallationHandler.java:installSnapshot(84)) - omNode-2@group-523986131536: receive installSnapshot: omNode-1->omNode-2#0-t6,notify:(t:6, i:59)
2022-09-29 01:23:46,499 [grpc-default-executor-2] INFO  impl.SnapshotInstallationHandler (SnapshotInstallationHandler.java:installSnapshot(95)) - omNode-2@group-523986131536: reply installSnapshot: omNode-1<-omNode-2#0:FAIL-t6,IN_PROGRESS
2022-09-29 01:23:46,499 [grpc-default-executor-2] INFO  server.GrpcServerProtocolService (GrpcServerProtocolService.java:onCompleted(140)) - omNode-2: Completed INSTALL_SNAPSHOT, lastRequest: omNode-1->omNode-2#0-t6,notify:(t:6, i:59)
2022-09-29 01:23:46,499 [grpc-default-executor-2] INFO  leader.FollowerInfo (FollowerInfoImpl.java:lambda$new$0(48)) - omNode-1@group-523986131536->omNode-2: nextIndex: updateUnconditionally 57 -> 57
2022-09-29 01:23:46,499 [grpc-default-executor-2] INFO  server.GrpcLogAppender (GrpcLogAppender.java:onNext(403)) - omNode-1@group-523986131536->omNode-2-InstallSnapshotResponseHandler: received a reply omNode-1<-omNode-2#0:FAIL-t6,IN_PROGRESS
2022-09-29 01:23:46,499 [grpc-default-executor-2] INFO  server.GrpcLogAppender (GrpcLogAppender.java:onNext(421)) - omNode-1@group-523986131536->omNode-2-InstallSnapshotResponseHandler: InstallSnapshot in progress.
2022-09-29 01:23:46,500 [omNode-1@group-523986131536->omNode-2-GrpcLogAppender-LogAppenderDaemon] INFO  server.GrpcLogAppender (GrpcLogAppender.java:installSnapshot(541)) - omNode-1@group-523986131536->omNode-2-GrpcLogAppender: followerNextIndex = 57 but logStartIndex = 59, notify follower to install snapshot-(t:6, i:59)
2022-09-29 01:23:46,500 [omNode-1@group-523986131536->omNode-2-GrpcLogAppender-LogAppenderDaemon] INFO  server.GrpcLogAppender (GrpcLogAppender.java:installSnapshot(549)) - omNode-1@group-523986131536->omNode-2-GrpcLogAppender: send omNode-1->omNode-2#0-t6,notify:(t:6, i:59)
2022-09-29 01:23:46,500 [omNode-2-server-thread1] INFO  server.RaftServer$Division (RaftServerImpl.java:checkInconsistentAppendEntries(1402)) - omNode-2@group-523986131536: Failed appendEntries as snapshot (59) installation is in progress
2022-09-29 01:23:46,500 [omNode-2-server-thread1] INFO  server.RaftServer$Division (RaftServerImpl.java:checkInconsistentAppendEntries(1394)) - omNode-2@group-523986131536: inconsistency entries. Reply:omNode-1<-omNode-2#800:FAIL-t6,INCONSISTENCY,nextIndex=57,followerCommit=56
2022-09-29 01:23:46,501 [grpc-default-executor-2] INFO  impl.SnapshotInstallationHandler (SnapshotInstallationHandler.java:installSnapshot(84)) - omNode-2@group-523986131536: receive installSnapshot: omNode-1->omNode-2#0-t6,notify:(t:6, i:59)
2022-09-29 01:23:46,501 [grpc-default-executor-2] INFO  impl.SnapshotInstallationHandler (SnapshotInstallationHandler.java:installSnapshot(95)) - omNode-2@group-523986131536: reply installSnapshot: omNode-1<-omNode-2#0:FAIL-t6,IN_PROGRESS
2022-09-29 01:23:46,501 [grpc-default-executor-2] INFO  server.GrpcServerProtocolService (GrpcServerProtocolService.java:onCompleted(140)) - omNode-2: Completed INSTALL_SNAPSHOT, lastRequest: omNode-1->omNode-2#0-t6,notify:(t:6, i:59)
2022-09-29 01:23:46,501 [grpc-default-executor-2] INFO  leader.FollowerInfo (FollowerInfoImpl.java:lambda$new$0(48)) - omNode-1@group-523986131536->omNode-2: nextIndex: updateUnconditionally 57 -> 57
2022-09-29 01:23:46,501 [grpc-default-executor-2] INFO  server.GrpcLogAppender (GrpcLogAppender.java:onNext(403)) - omNode-1@group-523986131536->omNode-2-InstallSnapshotResponseHandler: received a reply omNode-1<-omNode-2#0:FAIL-t6,IN_PROGRESS
2022-09-29 01:23:46,501 [grpc-default-executor-2] INFO  server.GrpcLogAppender (GrpcLogAppender.java:onNext(421)) - omNode-1@group-523986131536->omNode-2-InstallSnapshotResponseHandler: InstallSnapshot in progress.
2022-09-29 01:23:46,502 [omNode-1@group-523986131536->omNode-2-GrpcLogAppender-LogAppenderDaemon] INFO  server.GrpcLogAppender (GrpcLogAppender.java:installSnapshot(541)) - omNode-1@group-523986131536->omNode-2-GrpcLogAppender: followerNextIndex = 57 but logStartIndex = 59, notify follower to install snapshot-(t:6, i:59)
2022-09-29 01:23:46,502 [omNode-1@group-523986131536->omNode-2-GrpcLogAppender-LogAppenderDaemon] INFO  server.GrpcLogAppender (GrpcLogAppender.java:installSnapshot(549)) - omNode-1@group-523986131536->omNode-2-GrpcLogAppender: send omNode-1->omNode-2#0-t6,notify:(t:6, i:59)
2022-09-29 01:23:46,502 [omNode-2-server-thread1] INFO  server.RaftServer$Division (RaftServerImpl.java:checkInconsistentAppendEntries(1402)) - omNode-2@group-523986131536: Failed appendEntries as snapshot (59) installation is in progress
2022-09-29 01:23:46,502 [omNode-2-server-thread1] INFO  server.RaftServer$Division (RaftServerImpl.java:checkInconsistentAppendEntries(1394)) - omNode-2@group-523986131536: inconsistency entries. Reply:omNode-1<-omNode-2#801:FAIL-t6,INCONSISTENCY,nextIndex=57,followerCommit=56
2022-09-29 01:23:46,502 [grpc-default-executor-2] INFO  impl.SnapshotInstallationHandler (SnapshotInstallationHandler.java:installSnapshot(84)) - omNode-2@group-523986131536: receive installSnapshot: omNode-1->omNode-2#0-t6,notify:(t:6, i:59)
2022-09-29 01:23:46,503 [grpc-default-executor-2] INFO  impl.SnapshotInstallationHandler (SnapshotInstallationHandler.java:installSnapshot(95)) - omNode-2@group-523986131536: reply installSnapshot: omNode-1<-omNode-2#0:FAIL-t6,IN_PROGRESS
2022-09-29 01:23:46,503 [grpc-default-executor-2] INFO  server.GrpcServerProtocolService (GrpcServerProtocolService.java:onCompleted(140)) - omNode-2: Completed INSTALL_SNAPSHOT, lastRequest: omNode-1->omNode-2#0-t6,notify:(t:6, i:59)
2022-09-29 01:23:46,503 [grpc-default-executor-2] INFO  leader.FollowerInfo (FollowerInfoImpl.java:lambda$new$0(48)) - omNode-1@group-523986131536->omNode-2: nextIndex: updateUnconditionally 57 -> 57
2022-09-29 01:23:46,503 [grpc-default-executor-2] INFO  server.GrpcLogAppender (GrpcLogAppender.java:onNext(403)) - omNode-1@group-523986131536->omNode-2-InstallSnapshotResponseHandler: received a reply omNode-1<-omNode-2#0:FAIL-t6,IN_PROGRESS
2022-09-29 01:23:46,503 [grpc-default-executor-2] INFO  server.GrpcLogAppender (GrpcLogAppender.java:onNext(421)) - omNode-1@group-523986131536->omNode-2-InstallSnapshotResponseHandler: InstallSnapshot in progress.
2022-09-29 01:23:46,503 [omNode-1@group-523986131536->omNode-2-GrpcLogAppender-LogAppenderDaemon] INFO  server.GrpcLogAppender (GrpcLogAppender.java:installSnapshot(541)) - omNode-1@group-523986131536->omNode-2-GrpcLogAppender: followerNextIndex = 57 but logStartIndex = 59, notify follower to install snapshot-(t:6, i:59)
2022-09-29 01:23:46,504 [omNode-1@group-523986131536->omNode-2-GrpcLogAppender-LogAppenderDaemon] INFO  server.GrpcLogAppender (GrpcLogAppender.java:installSnapshot(549)) - omNode-1@group-523986131536->omNode-2-GrpcLogAppender: send omNode-1->omNode-2#0-t6,notify:(t:6, i:59)
2022-09-29 01:23:46,504 [omNode-2-server-thread1] INFO  server.RaftServer$Division (RaftServerImpl.java:checkInconsistentAppendEntries(1402)) - omNode-2@group-523986131536: Failed appendEntries as snapshot (59) installation is in progress
2022-09-29 01:23:46,504 [omNode-2-server-thread1] INFO  server.RaftServer$Division (RaftServerImpl.java:checkInconsistentAppendEntries(1394)) - omNode-2@group-523986131536: inconsistency entries. Reply:omNode-1<-omNode-2#802:FAIL-t6,INCONSISTENCY,nextIndex=57,followerCommit=56
2022-09-29 01:23:46,504 [grpc-default-executor-2] INFO  impl.SnapshotInstallationHandler (SnapshotInstallationHandler.java:installSnapshot(84)) - omNode-2@group-523986131536: receive installSnapshot: omNode-1->omNode-2#0-t6,notify:(t:6, i:59)
2022-09-29 01:23:46,504 [grpc-default-executor-2] INFO  impl.SnapshotInstallationHandler (SnapshotInstallationHandler.java:installSnapshot(95)) - omNode-2@group-523986131536: reply installSnapshot: omNode-1<-omNode-2#0:FAIL-t6,IN_PROGRESS
2022-09-29 01:23:46,505 [grpc-default-executor-2] INFO  server.GrpcServerProtocolService (GrpcServerProtocolService.java:onCompleted(140)) - omNode-2: Completed INSTALL_SNAPSHOT, lastRequest: omNode-1->omNode-2#0-t6,notify:(t:6, i:59)
2022-09-29 01:23:46,505 [grpc-default-executor-2] INFO  leader.FollowerInfo (FollowerInfoImpl.java:lambda$new$0(48)) - omNode-1@group-523986131536->omNode-2: nextIndex: updateUnconditionally 57 -> 57
2022-09-29 01:23:46,505 [grpc-default-executor-2] INFO  server.GrpcLogAppender (GrpcLogAppender.java:onNext(403)) - omNode-1@group-523986131536->omNode-2-InstallSnapshotResponseHandler: received a reply omNode-1<-omNode-2#0:FAIL-t6,IN_PROGRESS
2022-09-29 01:23:46,505 [grpc-default-executor-2] INFO  server.GrpcLogAppender (GrpcLogAppender.java:onNext(421)) - omNode-1@group-523986131536->omNode-2-InstallSnapshotResponseHandler: InstallSnapshot in progress.
2022-09-29 01:23:46,506 [omNode-1@group-523986131536->omNode-2-GrpcLogAppender-LogAppenderDaemon] INFO  server.GrpcLogAppender (GrpcLogAppender.java:installSnapshot(541)) - omNode-1@group-523986131536->omNode-2-GrpcLogAppender: followerNextIndex = 57 but logStartIndex = 59, notify follower to install snapshot-(t:6, i:59)
2022-09-29 01:23:46,506 [omNode-1@group-523986131536->omNode-2-GrpcLogAppender-LogAppenderDaemon] INFO  server.GrpcLogAppender (GrpcLogAppender.java:installSnapshot(549)) - omNode-1@group-523986131536->omNode-2-GrpcLogAppender: send omNode-1->omNode-2#0-t6,notify:(t:6, i:59)
2022-09-29 01:23:46,506 [omNode-2-server-thread1] INFO  server.RaftServer$Division (RaftServerImpl.java:checkInconsistentAppendEntries(1402)) - omNode-2@group-523986131536: Failed appendEntries as snapshot (59) installation is in progress
2022-09-29 01:23:46,506 [omNode-2-server-thread1] INFO  server.RaftServer$Division (RaftServerImpl.java:checkInconsistentAppendEntries(1394)) - omNode-2@group-523986131536: inconsistency entries. Reply:omNode-1<-omNode-2#803:FAIL-t6,INCONSISTENCY,nextIndex=57,followerCommit=56
2022-09-29 01:23:46,506 [grpc-default-executor-1] INFO  impl.SnapshotInstallationHandler (SnapshotInstallationHandler.java:installSnapshot(84)) - omNode-2@group-523986131536: receive installSnapshot: omNode-1->omNode-2#0-t6,notify:(t:6, i:59)
2022-09-29 01:23:46,507 [grpc-default-executor-1] INFO  impl.SnapshotInstallationHandler (SnapshotInstallationHandler.java:installSnapshot(95)) - omNode-2@group-523986131536: reply installSnapshot: omNode-1<-omNode-2#0:FAIL-t6,IN_PROGRESS
2022-09-29 01:23:46,507 [grpc-default-executor-1] INFO  server.GrpcServerProtocolService (GrpcServerProtocolService.java:onCompleted(140)) - omNode-2: Completed INSTALL_SNAPSHOT, lastRequest: omNode-1->omNode-2#0-t6,notify:(t:6, i:59)
2022-09-29 01:23:46,508 [grpc-default-executor-1] INFO  leader.FollowerInfo (FollowerInfoImpl.java:lambda$new$0(48)) - omNode-1@group-523986131536->omNode-2: nextIndex: updateUnconditionally 57 -> 57
2022-09-29 01:23:46,508 [grpc-default-executor-1] INFO  server.GrpcLogAppender (GrpcLogAppender.java:onNext(403)) - omNode-1@group-523986131536->omNode-2-InstallSnapshotResponseHandler: received a reply omNode-1<-omNode-2#0:FAIL-t6,IN_PROGRESS
2022-09-29 01:23:46,508 [grpc-default-executor-1] INFO  server.GrpcLogAppender (GrpcLogAppender.java:onNext(421)) - omNode-1@group-523986131536->omNode-2-InstallSnapshotResponseHandler: InstallSnapshot in progress.
2022-09-29 01:23:46,508 [omNode-1@group-523986131536->omNode-2-GrpcLogAppender-LogAppenderDaemon] INFO  server.GrpcLogAppender (GrpcLogAppender.java:installSnapshot(541)) - omNode-1@group-523986131536->omNode-2-GrpcLogAppender: followerNextIndex = 57 but logStartIndex = 59, notify follower to install snapshot-(t:6, i:59)
2022-09-29 01:23:46,509 [omNode-1@group-523986131536->omNode-2-GrpcLogAppender-LogAppenderDaemon] INFO  server.GrpcLogAppender (GrpcLogAppender.java:installSnapshot(549)) - omNode-1@group-523986131536->omNode-2-GrpcLogAppender: send omNode-1->omNode-2#0-t6,notify:(t:6, i:59)
2022-09-29 01:23:46,509 [omNode-2-server-thread1] INFO  server.RaftServer$Division (RaftServerImpl.java:checkInconsistentAppendEntries(1402)) - omNode-2@group-523986131536: Failed appendEntries as snapshot (59) installation is in progress
2022-09-29 01:23:46,509 [omNode-2-server-thread1] INFO  server.RaftServer$Division (RaftServerImpl.java:checkInconsistentAppendEntries(1394)) - omNode-2@group-523986131536: inconsistency entries. Reply:omNode-1<-omNode-2#804:FAIL-t6,INCONSISTENCY,nextIndex=57,followerCommit=56
2022-09-29 01:23:46,509 [grpc-default-executor-1] INFO  impl.SnapshotInstallationHandler (SnapshotInstallationHandler.java:installSnapshot(84)) - omNode-2@group-523986131536: receive installSnapshot: omNode-1->omNode-2#0-t6,notify:(t:6, i:59)
2022-09-29 01:23:46,509 [grpc-default-executor-1] INFO  impl.SnapshotInstallationHandler (SnapshotInstallationHandler.java:installSnapshot(95)) - omNode-2@group-523986131536: reply installSnapshot: omNode-1<-omNode-2#0:FAIL-t6,IN_PROGRESS
2022-09-29 01:23:46,510 [grpc-default-executor-1] INFO  server.GrpcServerProtocolService (GrpcServerProtocolService.java:onCompleted(140)) - omNode-2: Completed INSTALL_SNAPSHOT, lastRequest: omNode-1->omNode-2#0-t6,notify:(t:6, i:59)
2022-09-29 01:23:46,510 [grpc-default-executor-1] INFO  leader.FollowerInfo (FollowerInfoImpl.java:lambda$new$0(48)) - omNode-1@group-523986131536->omNode-2: nextIndex: updateUnconditionally 57 -> 57
2022-09-29 01:23:46,510 [grpc-default-executor-1] INFO  server.GrpcLogAppender (GrpcLogAppender.java:onNext(403)) - omNode-1@group-523986131536->omNode-2-InstallSnapshotResponseHandler: received a reply omNode-1<-omNode-2#0:FAIL-t6,IN_PROGRESS
2022-09-29 01:23:46,510 [grpc-default-executor-1] INFO  server.GrpcLogAppender (GrpcLogAppender.java:onNext(421)) - omNode-1@group-523986131536->omNode-2-InstallSnapshotResponseHandler: InstallSnapshot in progress.
2022-09-29 01:23:46,510 [omNode-1@group-523986131536->omNode-2-GrpcLogAppender-LogAppenderDaemon] INFO  server.GrpcLogAppender (GrpcLogAppender.java:installSnapshot(541)) - omNode-1@group-523986131536->omNode-2-GrpcLogAppender: followerNextIndex = 57 but logStartIndex = 59, notify follower to install snapshot-(t:6, i:59)
2022-09-29 01:23:46,510 [omNode-1@group-523986131536->omNode-2-GrpcLogAppender-LogAppenderDaemon] INFO  server.GrpcLogAppender (GrpcLogAppender.java:installSnapshot(549)) - omNode-1@group-523986131536->omNode-2-GrpcLogAppender: send omNode-1->omNode-2#0-t6,notify:(t:6, i:59)
2022-09-29 01:23:46,511 [omNode-2-server-thread1] INFO  server.RaftServer$Division (RaftServerImpl.java:checkInconsistentAppendEntries(1402)) - omNode-2@group-523986131536: Failed appendEntries as snapshot (59) installation is in progress
2022-09-29 01:23:46,511 [omNode-2-server-thread1] INFO  server.RaftServer$Division (RaftServerImpl.java:checkInconsistentAppendEntries(1394)) - omNode-2@group-523986131536: inconsistency entries. Reply:omNode-1<-omNode-2#805:FAIL-t6,INCONSISTENCY,nextIndex=57,followerCommit=56
2022-09-29 01:23:46,511 [grpc-default-executor-1] INFO  impl.SnapshotInstallationHandler (SnapshotInstallationHandler.java:installSnapshot(84)) - omNode-2@group-523986131536: receive installSnapshot: omNode-1->omNode-2#0-t6,notify:(t:6, i:59)
2022-09-29 01:23:46,511 [grpc-default-executor-1] INFO  impl.SnapshotInstallationHandler (SnapshotInstallationHandler.java:installSnapshot(95)) - omNode-2@group-523986131536: reply installSnapshot: omNode-1<-omNode-2#0:FAIL-t6,IN_PROGRESS
2022-09-29 01:23:46,512 [grpc-default-executor-1] INFO  server.GrpcServerProtocolService (GrpcServerProtocolService.java:onCompleted(140)) - omNode-2: Completed INSTALL_SNAPSHOT, lastRequest: omNode-1->omNode-2#0-t6,notify:(t:6, i:59)
2022-09-29 01:23:46,512 [grpc-default-executor-1] INFO  leader.FollowerInfo (FollowerInfoImpl.java:lambda$new$0(48)) - omNode-1@group-523986131536->omNode-2: nextIndex: updateUnconditionally 57 -> 57
2022-09-29 01:23:46,512 [grpc-default-executor-1] INFO  server.GrpcLogAppender (GrpcLogAppender.java:onNext(403)) - omNode-1@group-523986131536->omNode-2-InstallSnapshotResponseHandler: received a reply omNode-1<-omNode-2#0:FAIL-t6,IN_PROGRESS
2022-09-29 01:23:46,512 [grpc-default-executor-1] INFO  server.GrpcLogAppender (GrpcLogAppender.java:onNext(421)) - omNode-1@group-523986131536->omNode-2-InstallSnapshotResponseHandler: InstallSnapshot in progress.
2022-09-29 01:23:46,512 [omNode-1@group-523986131536->omNode-2-GrpcLogAppender-LogAppenderDaemon] INFO  server.GrpcLogAppender (GrpcLogAppender.java:installSnapshot(541)) - omNode-1@group-523986131536->omNode-2-GrpcLogAppender: followerNextIndex = 57 but logStartIndex = 59, notify follower to install snapshot-(t:6, i:59)
2022-09-29 01:23:46,512 [omNode-1@group-523986131536->omNode-2-GrpcLogAppender-LogAppenderDaemon] INFO  server.GrpcLogAppender (GrpcLogAppender.java:installSnapshot(549)) - omNode-1@group-523986131536->omNode-2-GrpcLogAppender: send omNode-1->omNode-2#0-t6,notify:(t:6, i:59)
2022-09-29 01:23:46,513 [omNode-2-server-thread1] INFO  server.RaftServer$Division (RaftServerImpl.java:checkInconsistentAppendEntries(1402)) - omNode-2@group-523986131536: Failed appendEntries as snapshot (59) installation is in progress
2022-09-29 01:23:46,513 [omNode-2-server-thread1] INFO  server.RaftServer$Division (RaftServerImpl.java:checkInconsistentAppendEntries(1394)) - omNode-2@group-523986131536: inconsistency entries. Reply:omNode-1<-omNode-2#806:FAIL-t6,INCONSISTENCY,nextIndex=57,followerCommit=56
2022-09-29 01:23:46,513 [grpc-default-executor-0] INFO  impl.SnapshotInstallationHandler (SnapshotInstallationHandler.java:installSnapshot(84)) - omNode-2@group-523986131536: receive installSnapshot: omNode-1->omNode-2#0-t6,notify:(t:6, i:59)
2022-09-29 01:23:46,513 [grpc-default-executor-0] INFO  impl.SnapshotInstallationHandler (SnapshotInstallationHandler.java:installSnapshot(95)) - omNode-2@group-523986131536: reply installSnapshot: omNode-1<-omNode-2#0:FAIL-t6,IN_PROGRESS
2022-09-29 01:23:46,514 [grpc-default-executor-0] INFO  server.GrpcServerProtocolService (GrpcServerProtocolService.java:onCompleted(140)) - omNode-2: Completed INSTALL_SNAPSHOT, lastRequest: omNode-1->omNode-2#0-t6,notify:(t:6, i:59)
2022-09-29 01:23:46,514 [grpc-default-executor-0] INFO  leader.FollowerInfo (FollowerInfoImpl.java:lambda$new$0(48)) - omNode-1@group-523986131536->omNode-2: nextIndex: updateUnconditionally 57 -> 57
2022-09-29 01:23:46,514 [grpc-default-executor-0] INFO  server.GrpcLogAppender (GrpcLogAppender.java:onNext(403)) - omNode-1@group-523986131536->omNode-2-InstallSnapshotResponseHandler: received a reply omNode-1<-omNode-2#0:FAIL-t6,IN_PROGRESS
2022-09-29 01:23:46,514 [grpc-default-executor-0] INFO  server.GrpcLogAppender (GrpcLogAppender.java:onNext(421)) - omNode-1@group-523986131536->omNode-2-InstallSnapshotResponseHandler: InstallSnapshot in progress.
2022-09-29 01:23:46,514 [omNode-1@group-523986131536->omNode-2-GrpcLogAppender-LogAppenderDaemon] INFO  server.GrpcLogAppender (GrpcLogAppender.java:installSnapshot(541)) - omNode-1@group-523986131536->omNode-2-GrpcLogAppender: followerNextIndex = 57 but logStartIndex = 59, notify follower to install snapshot-(t:6, i:59)
2022-09-29 01:23:46,514 [omNode-1@group-523986131536->omNode-2-GrpcLogAppender-LogAppenderDaemon] INFO  server.GrpcLogAppender (GrpcLogAppender.java:installSnapshot(549)) - omNode-1@group-523986131536->omNode-2-GrpcLogAppender: send omNode-1->omNode-2#0-t6,notify:(t:6, i:59)
2022-09-29 01:23:46,515 [omNode-2-server-thread1] INFO  server.RaftServer$Division (RaftServerImpl.java:checkInconsistentAppendEntries(1402)) - omNode-2@group-523986131536: Failed appendEntries as snapshot (59) installation is in progress
2022-09-29 01:23:46,515 [omNode-2-server-thread1] INFO  server.RaftServer$Division (RaftServerImpl.java:checkInconsistentAppendEntries(1394)) - omNode-2@group-523986131536: inconsistency entries. Reply:omNode-1<-omNode-2#807:FAIL-t6,INCONSISTENCY,nextIndex=57,followerCommit=56
2022-09-29 01:23:46,515 [grpc-default-executor-1] INFO  impl.SnapshotInstallationHandler (SnapshotInstallationHandler.java:installSnapshot(84)) - omNode-2@group-523986131536: receive installSnapshot: omNode-1->omNode-2#0-t6,notify:(t:6, i:59)
2022-09-29 01:23:46,515 [grpc-default-executor-1] INFO  impl.SnapshotInstallationHandler (SnapshotInstallationHandler.java:installSnapshot(95)) - omNode-2@group-523986131536: reply installSnapshot: omNode-1<-omNode-2#0:FAIL-t6,IN_PROGRESS
2022-09-29 01:23:46,516 [grpc-default-executor-1] INFO  server.GrpcServerProtocolService (GrpcServerProtocolService.java:onCompleted(140)) - omNode-2: Completed INSTALL_SNAPSHOT, lastRequest: omNode-1->omNode-2#0-t6,notify:(t:6, i:59)
2022-09-29 01:23:46,516 [grpc-default-executor-0] INFO  leader.FollowerInfo (FollowerInfoImpl.java:lambda$new$0(48)) - omNode-1@group-523986131536->omNode-2: nextIndex: updateUnconditionally 57 -> 57
2022-09-29 01:23:46,516 [grpc-default-executor-0] INFO  server.GrpcLogAppender (GrpcLogAppender.java:onNext(403)) - omNode-1@group-523986131536->omNode-2-InstallSnapshotResponseHandler: received a reply omNode-1<-omNode-2#0:FAIL-t6,IN_PROGRESS
2022-09-29 01:23:46,516 [grpc-default-executor-0] INFO  server.GrpcLogAppender (GrpcLogAppender.java:onNext(421)) - omNode-1@group-523986131536->omNode-2-InstallSnapshotResponseHandler: InstallSnapshot in progress.
2022-09-29 01:23:46,516 [omNode-1@group-523986131536->omNode-2-GrpcLogAppender-LogAppenderDaemon] INFO  server.GrpcLogAppender (GrpcLogAppender.java:installSnapshot(541)) - omNode-1@group-523986131536->omNode-2-GrpcLogAppender: followerNextIndex = 57 but logStartIndex = 59, notify follower to install snapshot-(t:6, i:59)
2022-09-29 01:23:46,516 [omNode-1@group-523986131536->omNode-2-GrpcLogAppender-LogAppenderDaemon] INFO  server.GrpcLogAppender (GrpcLogAppender.java:installSnapshot(549)) - omNode-1@group-523986131536->omNode-2-GrpcLogAppender: send omNode-1->omNode-2#0-t6,notify:(t:6, i:59)
2022-09-29 01:23:46,517 [omNode-2-server-thread1] INFO  server.RaftServer$Division (RaftServerImpl.java:checkInconsistentAppendEntries(1402)) - omNode-2@group-523986131536: Failed appendEntries as snapshot (59) installation is in progress
2022-09-29 01:23:46,517 [omNode-2-server-thread1] INFO  server.RaftServer$Division (RaftServerImpl.java:checkInconsistentAppendEntries(1394)) - omNode-2@group-523986131536: inconsistency entries. Reply:omNode-1<-omNode-2#808:FAIL-t6,INCONSISTENCY,nextIndex=57,followerCommit=56
2022-09-29 01:23:46,517 [grpc-default-executor-1] INFO  impl.SnapshotInstallationHandler (SnapshotInstallationHandler.java:installSnapshot(84)) - omNode-2@group-523986131536: receive installSnapshot: omNode-1->omNode-2#0-t6,notify:(t:6, i:59)
2022-09-29 01:23:46,517 [grpc-default-executor-1] INFO  impl.SnapshotInstallationHandler (SnapshotInstallationHandler.java:installSnapshot(95)) - omNode-2@group-523986131536: reply installSnapshot: omNode-1<-omNode-2#0:FAIL-t6,IN_PROGRESS
2022-09-29 01:23:46,518 [grpc-default-executor-1] INFO  server.GrpcServerProtocolService (GrpcServerProtocolService.java:onCompleted(140)) - omNode-2: Completed INSTALL_SNAPSHOT, lastRequest: omNode-1->omNode-2#0-t6,notify:(t:6, i:59)
2022-09-29 01:23:46,518 [grpc-default-executor-0] INFO  leader.FollowerInfo (FollowerInfoImpl.java:lambda$new$0(48)) - omNode-1@group-523986131536->omNode-2: nextIndex: updateUnconditionally 57 -> 57
2022-09-29 01:23:46,518 [grpc-default-executor-0] INFO  server.GrpcLogAppender (GrpcLogAppender.java:onNext(403)) - omNode-1@group-523986131536->omNode-2-InstallSnapshotResponseHandler: received a reply omNode-1<-omNode-2#0:FAIL-t6,IN_PROGRESS
2022-09-29 01:23:46,518 [grpc-default-executor-0] INFO  server.GrpcLogAppender (GrpcLogAppender.java:onNext(421)) - omNode-1@group-523986131536->omNode-2-InstallSnapshotResponseHandler: InstallSnapshot in progress.
2022-09-29 01:23:46,518 [omNode-1@group-523986131536->omNode-2-GrpcLogAppender-LogAppenderDaemon] INFO  server.GrpcLogAppender (GrpcLogAppender.java:installSnapshot(541)) - omNode-1@group-523986131536->omNode-2-GrpcLogAppender: followerNextIndex = 57 but logStartIndex = 59, notify follower to install snapshot-(t:6, i:59)
2022-09-29 01:23:46,518 [omNode-1@group-523986131536->omNode-2-GrpcLogAppender-LogAppenderDaemon] INFO  server.GrpcLogAppender (GrpcLogAppender.java:installSnapshot(549)) - omNode-1@group-523986131536->omNode-2-GrpcLogAppender: send omNode-1->omNode-2#0-t6,notify:(t:6, i:59)
2022-09-29 01:23:46,519 [omNode-2-server-thread1] INFO  server.RaftServer$Division (RaftServerImpl.java:checkInconsistentAppendEntries(1402)) - omNode-2@group-523986131536: Failed appendEntries as snapshot (59) installation is in progress
2022-09-29 01:23:46,519 [omNode-2-server-thread1] INFO  server.RaftServer$Division (RaftServerImpl.java:checkInconsistentAppendEntries(1394)) - omNode-2@group-523986131536: inconsistency entries. Reply:omNode-1<-omNode-2#809:FAIL-t6,INCONSISTENCY,nextIndex=57,followerCommit=56
2022-09-29 01:23:46,519 [grpc-default-executor-3] INFO  impl.SnapshotInstallationHandler (SnapshotInstallationHandler.java:installSnapshot(84)) - omNode-2@group-523986131536: receive installSnapshot: omNode-1->omNode-2#0-t6,notify:(t:6, i:59)
2022-09-29 01:23:46,519 [grpc-default-executor-3] INFO  impl.SnapshotInstallationHandler (SnapshotInstallationHandler.java:installSnapshot(95)) - omNode-2@group-523986131536: reply installSnapshot: omNode-1<-omNode-2#0:FAIL-t6,IN_PROGRESS
2022-09-29 01:23:46,520 [grpc-default-executor-3] INFO  server.GrpcServerProtocolService (GrpcServerProtocolService.java:onCompleted(140)) - omNode-2: Completed INSTALL_SNAPSHOT, lastRequest: omNode-1->omNode-2#0-t6,notify:(t:6, i:59)
2022-09-29 01:23:46,520 [grpc-default-executor-0] INFO  leader.FollowerInfo (FollowerInfoImpl.java:lambda$new$0(48)) - omNode-1@group-523986131536->omNode-2: nextIndex: updateUnconditionally 57 -> 57
2022-09-29 01:23:46,520 [grpc-default-executor-0] INFO  server.GrpcLogAppender (GrpcLogAppender.java:onNext(403)) - omNode-1@group-523986131536->omNode-2-InstallSnapshotResponseHandler: received a reply omNode-1<-omNode-2#0:FAIL-t6,IN_PROGRESS
2022-09-29 01:23:46,520 [grpc-default-executor-0] INFO  server.GrpcLogAppender (GrpcLogAppender.java:onNext(421)) - omNode-1@group-523986131536->omNode-2-InstallSnapshotResponseHandler: InstallSnapshot in progress.
2022-09-29 01:23:46,520 [omNode-1@group-523986131536->omNode-2-GrpcLogAppender-LogAppenderDaemon] INFO  server.GrpcLogAppender (GrpcLogAppender.java:installSnapshot(541)) - omNode-1@group-523986131536->omNode-2-GrpcLogAppender: followerNextIndex = 57 but logStartIndex = 59, notify follower to install snapshot-(t:6, i:59)
2022-09-29 01:23:46,520 [omNode-1@group-523986131536->omNode-2-GrpcLogAppender-LogAppenderDaemon] INFO  server.GrpcLogAppender (GrpcLogAppender.java:installSnapshot(549)) - omNode-1@group-523986131536->omNode-2-GrpcLogAppender: send omNode-1->omNode-2#0-t6,notify:(t:6, i:59)
2022-09-29 01:23:46,521 [omNode-2-server-thread1] INFO  server.RaftServer$Division (RaftServerImpl.java:checkInconsistentAppendEntries(1402)) - omNode-2@group-523986131536: Failed appendEntries as snapshot (59) installation is in progress
2022-09-29 01:23:46,521 [omNode-2-server-thread1] INFO  server.RaftServer$Division (RaftServerImpl.java:checkInconsistentAppendEntries(1394)) - omNode-2@group-523986131536: inconsistency entries. Reply:omNode-1<-omNode-2#810:FAIL-t6,INCONSISTENCY,nextIndex=57,followerCommit=56
2022-09-29 01:23:46,523 [grpc-default-executor-0] INFO  impl.SnapshotInstallationHandler (SnapshotInstallationHandler.java:installSnapshot(84)) - omNode-2@group-523986131536: receive installSnapshot: omNode-1->omNode-2#0-t6,notify:(t:6, i:59)
2022-09-29 01:23:46,523 [grpc-default-executor-0] INFO  impl.SnapshotInstallationHandler (SnapshotInstallationHandler.java:installSnapshot(95)) - omNode-2@group-523986131536: reply installSnapshot: omNode-1<-omNode-2#0:FAIL-t6,IN_PROGRESS
2022-09-29 01:23:46,524 [grpc-default-executor-0] INFO  server.GrpcServerProtocolService (GrpcServerProtocolService.java:onCompleted(140)) - omNode-2: Completed INSTALL_SNAPSHOT, lastRequest: omNode-1->omNode-2#0-t6,notify:(t:6, i:59)
2022-09-29 01:23:46,524 [grpc-default-executor-0] INFO  leader.FollowerInfo (FollowerInfoImpl.java:lambda$new$0(48)) - omNode-1@group-523986131536->omNode-2: nextIndex: updateUnconditionally 57 -> 57
2022-09-29 01:23:46,524 [grpc-default-executor-0] INFO  server.GrpcLogAppender (GrpcLogAppender.java:onNext(403)) - omNode-1@group-523986131536->omNode-2-InstallSnapshotResponseHandler: received a reply omNode-1<-omNode-2#0:FAIL-t6,IN_PROGRESS
2022-09-29 01:23:46,524 [grpc-default-executor-0] INFO  server.GrpcLogAppender (GrpcLogAppender.java:onNext(421)) - omNode-1@group-523986131536->omNode-2-InstallSnapshotResponseHandler: InstallSnapshot in progress.
2022-09-29 01:23:46,524 [omNode-1@group-523986131536->omNode-2-GrpcLogAppender-LogAppenderDaemon] INFO  server.GrpcLogAppender (GrpcLogAppender.java:installSnapshot(541)) - omNode-1@group-523986131536->omNode-2-GrpcLogAppender: followerNextIndex = 57 but logStartIndex = 59, notify follower to install snapshot-(t:6, i:59)
2022-09-29 01:23:46,524 [omNode-1@group-523986131536->omNode-2-GrpcLogAppender-LogAppenderDaemon] INFO  server.GrpcLogAppender (GrpcLogAppender.java:installSnapshot(549)) - omNode-1@group-523986131536->omNode-2-GrpcLogAppender: send omNode-1->omNode-2#0-t6,notify:(t:6, i:59)
2022-09-29 01:23:46,525 [omNode-2-server-thread1] INFO  server.RaftServer$Division (RaftServerImpl.java:checkInconsistentAppendEntries(1402)) - omNode-2@group-523986131536: Failed appendEntries as snapshot (59) installation is in progress
2022-09-29 01:23:46,525 [omNode-2-server-thread1] INFO  server.RaftServer$Division (RaftServerImpl.java:checkInconsistentAppendEntries(1394)) - omNode-2@group-523986131536: inconsistency entries. Reply:omNode-1<-omNode-2#811:FAIL-t6,INCONSISTENCY,nextIndex=57,followerCommit=56
2022-09-29 01:23:46,525 [grpc-default-executor-3] INFO  impl.SnapshotInstallationHandler (SnapshotInstallationHandler.java:installSnapshot(84)) - omNode-2@group-523986131536: receive installSnapshot: omNode-1->omNode-2#0-t6,notify:(t:6, i:59)
2022-09-29 01:23:46,525 [grpc-default-executor-3] INFO  impl.SnapshotInstallationHandler (SnapshotInstallationHandler.java:installSnapshot(95)) - omNode-2@group-523986131536: reply installSnapshot: omNode-1<-omNode-2#0:FAIL-t6,IN_PROGRESS
2022-09-29 01:23:46,526 [grpc-default-executor-3] INFO  server.GrpcServerProtocolService (GrpcServerProtocolService.java:onCompleted(140)) - omNode-2: Completed INSTALL_SNAPSHOT, lastRequest: omNode-1->omNode-2#0-t6,notify:(t:6, i:59)
2022-09-29 01:23:46,530 [omNode-3-server-thread1] INFO  server.RaftServer$Division (ServerState.java:setLeader(287)) - omNode-3@group-523986131536: change Leader from null to omNode-1 at term 6 for appendEntries, leader elected after 465ms
2022-09-29 01:23:46,530 [grpc-default-executor-0] INFO  leader.FollowerInfo (FollowerInfoImpl.java:lambda$new$0(48)) - omNode-1@group-523986131536->omNode-2: nextIndex: updateUnconditionally 57 -> 57
2022-09-29 01:23:46,531 [grpc-default-executor-0] INFO  server.GrpcLogAppender (GrpcLogAppender.java:onNext(403)) - omNode-1@group-523986131536->omNode-2-InstallSnapshotResponseHandler: received a reply omNode-1<-omNode-2#0:FAIL-t6,IN_PROGRESS
2022-09-29 01:23:46,531 [grpc-default-executor-0] INFO  server.GrpcLogAppender (GrpcLogAppender.java:onNext(421)) - omNode-1@group-523986131536->omNode-2-InstallSnapshotResponseHandler: InstallSnapshot in progress.
2022-09-29 01:23:46,531 [omNode-1@group-523986131536->omNode-2-GrpcLogAppender-LogAppenderDaemon] INFO  server.GrpcLogAppender (GrpcLogAppender.java:installSnapshot(541)) - omNode-1@group-523986131536->omNode-2-GrpcLogAppender: followerNextIndex = 57 but logStartIndex = 59, notify follower to install snapshot-(t:6, i:59)
2022-09-29 01:23:46,531 [omNode-1@group-523986131536->omNode-2-GrpcLogAppender-LogAppenderDaemon] INFO  server.GrpcLogAppender (GrpcLogAppender.java:installSnapshot(549)) - omNode-1@group-523986131536->omNode-2-GrpcLogAppender: send omNode-1->omNode-2#0-t6,notify:(t:6, i:59)
2022-09-29 01:23:46,531 [omNode-2-server-thread1] INFO  server.RaftServer$Division (RaftServerImpl.java:checkInconsistentAppendEntries(1402)) - omNode-2@group-523986131536: Failed appendEntries as snapshot (59) installation is in progress
2022-09-29 01:23:46,532 [omNode-2-server-thread1] INFO  server.RaftServer$Division (RaftServerImpl.java:checkInconsistentAppendEntries(1394)) - omNode-2@group-523986131536: inconsistency entries. Reply:omNode-1<-omNode-2#812:FAIL-t6,INCONSISTENCY,nextIndex=57,followerCommit=56
2022-09-29 01:23:46,532 [grpc-default-executor-0] INFO  impl.SnapshotInstallationHandler (SnapshotInstallationHandler.java:installSnapshot(84)) - omNode-2@group-523986131536: receive installSnapshot: omNode-1->omNode-2#0-t6,notify:(t:6, i:59)
2022-09-29 01:23:46,532 [grpc-default-executor-0] INFO  impl.SnapshotInstallationHandler (SnapshotInstallationHandler.java:installSnapshot(95)) - omNode-2@group-523986131536: reply installSnapshot: omNode-1<-omNode-2#0:FAIL-t6,IN_PROGRESS
2022-09-29 01:23:46,532 [grpc-default-executor-0] INFO  server.GrpcServerProtocolService (GrpcServerProtocolService.java:onCompleted(140)) - omNode-2: Completed INSTALL_SNAPSHOT, lastRequest: omNode-1->omNode-2#0-t6,notify:(t:6, i:59)
2022-09-29 01:23:46,533 [grpc-default-executor-0] INFO  leader.FollowerInfo (FollowerInfoImpl.java:lambda$new$0(48)) - omNode-1@group-523986131536->omNode-2: nextIndex: updateUnconditionally 57 -> 57
2022-09-29 01:23:46,533 [grpc-default-executor-0] INFO  server.GrpcLogAppender (GrpcLogAppender.java:onNext(403)) - omNode-1@group-523986131536->omNode-2-InstallSnapshotResponseHandler: received a reply omNode-1<-omNode-2#0:FAIL-t6,IN_PROGRESS
2022-09-29 01:23:46,533 [grpc-default-executor-0] INFO  server.GrpcLogAppender (GrpcLogAppender.java:onNext(421)) - omNode-1@group-523986131536->omNode-2-InstallSnapshotResponseHandler: InstallSnapshot in progress.
2022-09-29 01:23:46,533 [omNode-1@group-523986131536->omNode-2-GrpcLogAppender-LogAppenderDaemon] INFO  server.GrpcLogAppender (GrpcLogAppender.java:installSnapshot(541)) - omNode-1@group-523986131536->omNode-2-GrpcLogAppender: followerNextIndex = 57 but logStartIndex = 59, notify follower to install snapshot-(t:6, i:59)
2022-09-29 01:23:46,533 [omNode-1@group-523986131536->omNode-2-GrpcLogAppender-LogAppenderDaemon] INFO  server.GrpcLogAppender (GrpcLogAppender.java:installSnapshot(549)) - omNode-1@group-523986131536->omNode-2-GrpcLogAppender: send omNode-1->omNode-2#0-t6,notify:(t:6, i:59)
2022-09-29 01:23:46,534 [omNode-2-server-thread1] INFO  server.RaftServer$Division (RaftServerImpl.java:checkInconsistentAppendEntries(1402)) - omNode-2@group-523986131536: Failed appendEntries as snapshot (59) installation is in progress
2022-09-29 01:23:46,534 [omNode-2-server-thread1] INFO  server.RaftServer$Division (RaftServerImpl.java:checkInconsistentAppendEntries(1394)) - omNode-2@group-523986131536: inconsistency entries. Reply:omNode-1<-omNode-2#813:FAIL-t6,INCONSISTENCY,nextIndex=57,followerCommit=56
2022-09-29 01:23:46,534 [grpc-default-executor-0] INFO  impl.SnapshotInstallationHandler (SnapshotInstallationHandler.java:installSnapshot(84)) - omNode-2@group-523986131536: receive installSnapshot: omNode-1->omNode-2#0-t6,notify:(t:6, i:59)
2022-09-29 01:23:46,534 [grpc-default-executor-0] INFO  impl.SnapshotInstallationHandler (SnapshotInstallationHandler.java:installSnapshot(95)) - omNode-2@group-523986131536: reply installSnapshot: omNode-1<-omNode-2#0:FAIL-t6,IN_PROGRESS
2022-09-29 01:23:46,534 [grpc-default-executor-0] INFO  server.GrpcServerProtocolService (GrpcServerProtocolService.java:onCompleted(140)) - omNode-2: Completed INSTALL_SNAPSHOT, lastRequest: omNode-1->omNode-2#0-t6,notify:(t:6, i:59)
2022-09-29 01:23:46,534 [grpc-default-executor-0] INFO  leader.FollowerInfo (FollowerInfoImpl.java:lambda$new$0(48)) - omNode-1@group-523986131536->omNode-2: nextIndex: updateUnconditionally 57 -> 57
2022-09-29 01:23:46,535 [grpc-default-executor-0] INFO  server.GrpcLogAppender (GrpcLogAppender.java:onNext(403)) - omNode-1@group-523986131536->omNode-2-InstallSnapshotResponseHandler: received a reply omNode-1<-omNode-2#0:FAIL-t6,IN_PROGRESS
2022-09-29 01:23:46,535 [grpc-default-executor-0] INFO  server.GrpcLogAppender (GrpcLogAppender.java:onNext(421)) - omNode-1@group-523986131536->omNode-2-InstallSnapshotResponseHandler: InstallSnapshot in progress.
2022-09-29 01:23:46,535 [omNode-1@group-523986131536->omNode-2-GrpcLogAppender-LogAppenderDaemon] INFO  server.GrpcLogAppender (GrpcLogAppender.java:installSnapshot(541)) - omNode-1@group-523986131536->omNode-2-GrpcLogAppender: followerNextIndex = 57 but logStartIndex = 59, notify follower to install snapshot-(t:6, i:59)
2022-09-29 01:23:46,535 [omNode-1@group-523986131536->omNode-2-GrpcLogAppender-LogAppenderDaemon] INFO  server.GrpcLogAppender (GrpcLogAppender.java:installSnapshot(549)) - omNode-1@group-523986131536->omNode-2-GrpcLogAppender: send omNode-1->omNode-2#0-t6,notify:(t:6, i:59)
2022-09-29 01:23:46,535 [omNode-2-server-thread1] INFO  server.RaftServer$Division (RaftServerImpl.java:checkInconsistentAppendEntries(1402)) - omNode-2@group-523986131536: Failed appendEntries as snapshot (59) installation is in progress
2022-09-29 01:23:46,535 [omNode-2-server-thread1] INFO  server.RaftServer$Division (RaftServerImpl.java:checkInconsistentAppendEntries(1394)) - omNode-2@group-523986131536: inconsistency entries. Reply:omNode-1<-omNode-2#814:FAIL-t6,INCONSISTENCY,nextIndex=57,followerCommit=56
2022-09-29 01:23:46,536 [grpc-default-executor-0] INFO  impl.SnapshotInstallationHandler (SnapshotInstallationHandler.java:installSnapshot(84)) - omNode-2@group-523986131536: receive installSnapshot: omNode-1->omNode-2#0-t6,notify:(t:6, i:59)
2022-09-29 01:23:46,536 [grpc-default-executor-0] INFO  impl.SnapshotInstallationHandler (SnapshotInstallationHandler.java:installSnapshot(95)) - omNode-2@group-523986131536: reply installSnapshot: omNode-1<-omNode-2#0:FAIL-t6,IN_PROGRESS
2022-09-29 01:23:46,536 [grpc-default-executor-0] INFO  server.GrpcServerProtocolService (GrpcServerProtocolService.java:onCompleted(140)) - omNode-2: Completed INSTALL_SNAPSHOT, lastRequest: omNode-1->omNode-2#0-t6,notify:(t:6, i:59)
2022-09-29 01:23:46,536 [grpc-default-executor-0] INFO  leader.FollowerInfo (FollowerInfoImpl.java:lambda$new$0(48)) - omNode-1@group-523986131536->omNode-2: nextIndex: updateUnconditionally 57 -> 57
2022-09-29 01:23:46,536 [grpc-default-executor-0] INFO  server.GrpcLogAppender (GrpcLogAppender.java:onNext(403)) - omNode-1@group-523986131536->omNode-2-InstallSnapshotResponseHandler: received a reply omNode-1<-omNode-2#0:FAIL-t6,IN_PROGRESS
2022-09-29 01:23:46,537 [grpc-default-executor-0] INFO  server.GrpcLogAppender (GrpcLogAppender.java:onNext(421)) - omNode-1@group-523986131536->omNode-2-InstallSnapshotResponseHandler: InstallSnapshot in progress.
2022-09-29 01:23:46,537 [omNode-1@group-523986131536->omNode-2-GrpcLogAppender-LogAppenderDaemon] INFO  server.GrpcLogAppender (GrpcLogAppender.java:installSnapshot(541)) - omNode-1@group-523986131536->omNode-2-GrpcLogAppender: followerNextIndex = 57 but logStartIndex = 59, notify follower to install snapshot-(t:6, i:59)
2022-09-29 01:23:46,537 [omNode-1@group-523986131536->omNode-2-GrpcLogAppender-LogAppenderDaemon] INFO  server.GrpcLogAppender (GrpcLogAppender.java:installSnapshot(549)) - omNode-1@group-523986131536->omNode-2-GrpcLogAppender: send omNode-1->omNode-2#0-t6,notify:(t:6, i:59)
2022-09-29 01:23:46,537 [omNode-2-server-thread1] INFO  server.RaftServer$Division (RaftServerImpl.java:checkInconsistentAppendEntries(1402)) - omNode-2@group-523986131536: Failed appendEntries as snapshot (59) installation is in progress
2022-09-29 01:23:46,537 [omNode-2-server-thread1] INFO  server.RaftServer$Division (RaftServerImpl.java:checkInconsistentAppendEntries(1394)) - omNode-2@group-523986131536: inconsistency entries. Reply:omNode-1<-omNode-2#815:FAIL-t6,INCONSISTENCY,nextIndex=57,followerCommit=56
2022-09-29 01:23:46,538 [grpc-default-executor-0] INFO  impl.SnapshotInstallationHandler (SnapshotInstallationHandler.java:installSnapshot(84)) - omNode-2@group-523986131536: receive installSnapshot: omNode-1->omNode-2#0-t6,notify:(t:6, i:59)
2022-09-29 01:23:46,538 [grpc-default-executor-0] INFO  impl.SnapshotInstallationHandler (SnapshotInstallationHandler.java:installSnapshot(95)) - omNode-2@group-523986131536: reply installSnapshot: omNode-1<-omNode-2#0:FAIL-t6,IN_PROGRESS
2022-09-29 01:23:46,538 [grpc-default-executor-0] INFO  server.GrpcServerProtocolService (GrpcServerProtocolService.java:onCompleted(140)) - omNode-2: Completed INSTALL_SNAPSHOT, lastRequest: omNode-1->omNode-2#0-t6,notify:(t:6, i:59)
2022-09-29 01:23:46,538 [grpc-default-executor-0] INFO  leader.FollowerInfo (FollowerInfoImpl.java:lambda$new$0(48)) - omNode-1@group-523986131536->omNode-2: nextIndex: updateUnconditionally 57 -> 57
2022-09-29 01:23:46,538 [grpc-default-executor-0] INFO  server.GrpcLogAppender (GrpcLogAppender.java:onNext(403)) - omNode-1@group-523986131536->omNode-2-InstallSnapshotResponseHandler: received a reply omNode-1<-omNode-2#0:FAIL-t6,IN_PROGRESS
2022-09-29 01:23:46,539 [grpc-default-executor-0] INFO  server.GrpcLogAppender (GrpcLogAppender.java:onNext(421)) - omNode-1@group-523986131536->omNode-2-InstallSnapshotResponseHandler: InstallSnapshot in progress.
2022-09-29 01:23:46,539 [omNode-1@group-523986131536->omNode-2-GrpcLogAppender-LogAppenderDaemon] INFO  server.GrpcLogAppender (GrpcLogAppender.java:installSnapshot(541)) - omNode-1@group-523986131536->omNode-2-GrpcLogAppender: followerNextIndex = 57 but logStartIndex = 59, notify follower to install snapshot-(t:6, i:59)
2022-09-29 01:23:46,539 [omNode-1@group-523986131536->omNode-2-GrpcLogAppender-LogAppenderDaemon] INFO  server.GrpcLogAppender (GrpcLogAppender.java:installSnapshot(549)) - omNode-1@group-523986131536->omNode-2-GrpcLogAppender: send omNode-1->omNode-2#0-t6,notify:(t:6, i:59)
2022-09-29 01:23:46,539 [omNode-2-server-thread1] INFO  server.RaftServer$Division (RaftServerImpl.java:checkInconsistentAppendEntries(1402)) - omNode-2@group-523986131536: Failed appendEntries as snapshot (59) installation is in progress
2022-09-29 01:23:46,539 [omNode-2-server-thread1] INFO  server.RaftServer$Division (RaftServerImpl.java:checkInconsistentAppendEntries(1394)) - omNode-2@group-523986131536: inconsistency entries. Reply:omNode-1<-omNode-2#816:FAIL-t6,INCONSISTENCY,nextIndex=57,followerCommit=56
2022-09-29 01:23:46,540 [grpc-default-executor-3] INFO  impl.SnapshotInstallationHandler (SnapshotInstallationHandler.java:installSnapshot(84)) - omNode-2@group-523986131536: receive installSnapshot: omNode-1->omNode-2#0-t6,notify:(t:6, i:59)
2022-09-29 01:23:46,540 [grpc-default-executor-3] INFO  impl.SnapshotInstallationHandler (SnapshotInstallationHandler.java:installSnapshot(95)) - omNode-2@group-523986131536: reply installSnapshot: omNode-1<-omNode-2#0:FAIL-t6,IN_PROGRESS
2022-09-29 01:23:46,540 [grpc-default-executor-3] INFO  server.GrpcServerProtocolService (GrpcServerProtocolService.java:onCompleted(140)) - omNode-2: Completed INSTALL_SNAPSHOT, lastRequest: omNode-1->omNode-2#0-t6,notify:(t:6, i:59)
2022-09-29 01:23:46,540 [grpc-default-executor-3] INFO  leader.FollowerInfo (FollowerInfoImpl.java:lambda$new$0(48)) - omNode-1@group-523986131536->omNode-2: nextIndex: updateUnconditionally 57 -> 57
2022-09-29 01:23:46,541 [grpc-default-executor-3] INFO  server.GrpcLogAppender (GrpcLogAppender.java:onNext(403)) - omNode-1@group-523986131536->omNode-2-InstallSnapshotResponseHandler: received a reply omNode-1<-omNode-2#0:FAIL-t6,IN_PROGRESS
2022-09-29 01:23:46,541 [grpc-default-executor-3] INFO  server.GrpcLogAppender (GrpcLogAppender.java:onNext(421)) - omNode-1@group-523986131536->omNode-2-InstallSnapshotResponseHandler: InstallSnapshot in progress.
2022-09-29 01:23:46,541 [omNode-1@group-523986131536->omNode-2-GrpcLogAppender-LogAppenderDaemon] INFO  server.GrpcLogAppender (GrpcLogAppender.java:installSnapshot(541)) - omNode-1@group-523986131536->omNode-2-GrpcLogAppender: followerNextIndex = 57 but logStartIndex = 59, notify follower to install snapshot-(t:6, i:59)
2022-09-29 01:23:46,541 [omNode-1@group-523986131536->omNode-2-GrpcLogAppender-LogAppenderDaemon] INFO  server.GrpcLogAppender (GrpcLogAppender.java:installSnapshot(549)) - omNode-1@group-523986131536->omNode-2-GrpcLogAppender: send omNode-1->omNode-2#0-t6,notify:(t:6, i:59)
2022-09-29 01:23:46,541 [omNode-2-server-thread1] INFO  server.RaftServer$Division (RaftServerImpl.java:checkInconsistentAppendEntries(1402)) - omNode-2@group-523986131536: Failed appendEntries as snapshot (59) installation is in progress
2022-09-29 01:23:46,541 [omNode-2-server-thread1] INFO  server.RaftServer$Division (RaftServerImpl.java:checkInconsistentAppendEntries(1394)) - omNode-2@group-523986131536: inconsistency entries. Reply:omNode-1<-omNode-2#817:FAIL-t6,INCONSISTENCY,nextIndex=57,followerCommit=56
2022-09-29 01:23:46,542 [grpc-default-executor-3] INFO  impl.SnapshotInstallationHandler (SnapshotInstallationHandler.java:installSnapshot(84)) - omNode-2@group-523986131536: receive installSnapshot: omNode-1->omNode-2#0-t6,notify:(t:6, i:59)
2022-09-29 01:23:46,542 [grpc-default-executor-3] INFO  impl.SnapshotInstallationHandler (SnapshotInstallationHandler.java:installSnapshot(95)) - omNode-2@group-523986131536: reply installSnapshot: omNode-1<-omNode-2#0:FAIL-t6,IN_PROGRESS
2022-09-29 01:23:46,542 [grpc-default-executor-3] INFO  server.GrpcServerProtocolService (GrpcServerProtocolService.java:onCompleted(140)) - omNode-2: Completed INSTALL_SNAPSHOT, lastRequest: omNode-1->omNode-2#0-t6,notify:(t:6, i:59)
2022-09-29 01:23:46,542 [grpc-default-executor-3] INFO  leader.FollowerInfo (FollowerInfoImpl.java:lambda$new$0(48)) - omNode-1@group-523986131536->omNode-2: nextIndex: updateUnconditionally 57 -> 57
2022-09-29 01:23:46,542 [grpc-default-executor-3] INFO  server.GrpcLogAppender (GrpcLogAppender.java:onNext(403)) - omNode-1@group-523986131536->omNode-2-InstallSnapshotResponseHandler: received a reply omNode-1<-omNode-2#0:FAIL-t6,IN_PROGRESS
2022-09-29 01:23:46,542 [grpc-default-executor-3] INFO  server.GrpcLogAppender (GrpcLogAppender.java:onNext(421)) - omNode-1@group-523986131536->omNode-2-InstallSnapshotResponseHandler: InstallSnapshot in progress.
2022-09-29 01:23:46,543 [omNode-1@group-523986131536->omNode-2-GrpcLogAppender-LogAppenderDaemon] INFO  server.GrpcLogAppender (GrpcLogAppender.java:installSnapshot(541)) - omNode-1@group-523986131536->omNode-2-GrpcLogAppender: followerNextIndex = 57 but logStartIndex = 59, notify follower to install snapshot-(t:6, i:59)
2022-09-29 01:23:46,543 [omNode-1@group-523986131536->omNode-2-GrpcLogAppender-LogAppenderDaemon] INFO  server.GrpcLogAppender (GrpcLogAppender.java:installSnapshot(549)) - omNode-1@group-523986131536->omNode-2-GrpcLogAppender: send omNode-1->omNode-2#0-t6,notify:(t:6, i:59)
2022-09-29 01:23:46,543 [omNode-2-server-thread1] INFO  server.RaftServer$Division (RaftServerImpl.java:checkInconsistentAppendEntries(1402)) - omNode-2@group-523986131536: Failed appendEntries as snapshot (59) installation is in progress
2022-09-29 01:23:46,543 [omNode-2-server-thread1] INFO  server.RaftServer$Division (RaftServerImpl.java:checkInconsistentAppendEntries(1394)) - omNode-2@group-523986131536: inconsistency entries. Reply:omNode-1<-omNode-2#818:FAIL-t6,INCONSISTENCY,nextIndex=57,followerCommit=56
2022-09-29 01:23:46,543 [grpc-default-executor-3] INFO  impl.SnapshotInstallationHandler (SnapshotInstallationHandler.java:installSnapshot(84)) - omNode-2@group-523986131536: receive installSnapshot: omNode-1->omNode-2#0-t6,notify:(t:6, i:59)
2022-09-29 01:23:46,544 [grpc-default-executor-3] INFO  impl.SnapshotInstallationHandler (SnapshotInstallationHandler.java:installSnapshot(95)) - omNode-2@group-523986131536: reply installSnapshot: omNode-1<-omNode-2#0:FAIL-t6,IN_PROGRESS
2022-09-29 01:23:46,544 [grpc-default-executor-3] INFO  server.GrpcServerProtocolService (GrpcServerProtocolService.java:onCompleted(140)) - omNode-2: Completed INSTALL_SNAPSHOT, lastRequest: omNode-1->omNode-2#0-t6,notify:(t:6, i:59)
2022-09-29 01:23:46,544 [grpc-default-executor-3] INFO  leader.FollowerInfo (FollowerInfoImpl.java:lambda$new$0(48)) - omNode-1@group-523986131536->omNode-2: nextIndex: updateUnconditionally 57 -> 57
2022-09-29 01:23:46,544 [grpc-default-executor-3] INFO  server.GrpcLogAppender (GrpcLogAppender.java:onNext(403)) - omNode-1@group-523986131536->omNode-2-InstallSnapshotResponseHandler: received a reply omNode-1<-omNode-2#0:FAIL-t6,IN_PROGRESS
2022-09-29 01:23:46,544 [grpc-default-executor-3] INFO  server.GrpcLogAppender (GrpcLogAppender.java:onNext(421)) - omNode-1@group-523986131536->omNode-2-InstallSnapshotResponseHandler: InstallSnapshot in progress.
2022-09-29 01:23:46,545 [omNode-1@group-523986131536->omNode-2-GrpcLogAppender-LogAppenderDaemon] INFO  server.GrpcLogAppender (GrpcLogAppender.java:installSnapshot(541)) - omNode-1@group-523986131536->omNode-2-GrpcLogAppender: followerNextIndex = 57 but logStartIndex = 59, notify follower to install snapshot-(t:6, i:59)
2022-09-29 01:23:46,545 [omNode-1@group-523986131536->omNode-2-GrpcLogAppender-LogAppenderDaemon] INFO  server.GrpcLogAppender (GrpcLogAppender.java:installSnapshot(549)) - omNode-1@group-523986131536->omNode-2-GrpcLogAppender: send omNode-1->omNode-2#0-t6,notify:(t:6, i:59)
2022-09-29 01:23:46,545 [omNode-2-server-thread1] INFO  server.RaftServer$Division (RaftServerImpl.java:checkInconsistentAppendEntries(1402)) - omNode-2@group-523986131536: Failed appendEntries as snapshot (59) installation is in progress
2022-09-29 01:23:46,545 [omNode-2-server-thread1] INFO  server.RaftServer$Division (RaftServerImpl.java:checkInconsistentAppendEntries(1394)) - omNode-2@group-523986131536: inconsistency entries. Reply:omNode-1<-omNode-2#819:FAIL-t6,INCONSISTENCY,nextIndex=57,followerCommit=56
2022-09-29 01:23:46,545 [grpc-default-executor-3] INFO  impl.SnapshotInstallationHandler (SnapshotInstallationHandler.java:installSnapshot(84)) - omNode-2@group-523986131536: receive installSnapshot: omNode-1->omNode-2#0-t6,notify:(t:6, i:59)
2022-09-29 01:23:46,546 [grpc-default-executor-3] INFO  impl.SnapshotInstallationHandler (SnapshotInstallationHandler.java:installSnapshot(95)) - omNode-2@group-523986131536: reply installSnapshot: omNode-1<-omNode-2#0:FAIL-t6,IN_PROGRESS
2022-09-29 01:23:46,546 [grpc-default-executor-3] INFO  server.GrpcServerProtocolService (GrpcServerProtocolService.java:onCompleted(140)) - omNode-2: Completed INSTALL_SNAPSHOT, lastRequest: omNode-1->omNode-2#0-t6,notify:(t:6, i:59)
2022-09-29 01:23:46,546 [grpc-default-executor-3] INFO  leader.FollowerInfo (FollowerInfoImpl.java:lambda$new$0(48)) - omNode-1@group-523986131536->omNode-2: nextIndex: updateUnconditionally 57 -> 57
2022-09-29 01:23:46,546 [grpc-default-executor-3] INFO  server.GrpcLogAppender (GrpcLogAppender.java:onNext(403)) - omNode-1@group-523986131536->omNode-2-InstallSnapshotResponseHandler: received a reply omNode-1<-omNode-2#0:FAIL-t6,IN_PROGRESS
2022-09-29 01:23:46,546 [grpc-default-executor-3] INFO  server.GrpcLogAppender (GrpcLogAppender.java:onNext(421)) - omNode-1@group-523986131536->omNode-2-InstallSnapshotResponseHandler: InstallSnapshot in progress.
2022-09-29 01:23:46,546 [omNode-1@group-523986131536->omNode-2-GrpcLogAppender-LogAppenderDaemon] INFO  server.GrpcLogAppender (GrpcLogAppender.java:installSnapshot(541)) - omNode-1@group-523986131536->omNode-2-GrpcLogAppender: followerNextIndex = 57 but logStartIndex = 59, notify follower to install snapshot-(t:6, i:59)
2022-09-29 01:23:46,547 [omNode-1@group-523986131536->omNode-2-GrpcLogAppender-LogAppenderDaemon] INFO  server.GrpcLogAppender (GrpcLogAppender.java:installSnapshot(549)) - omNode-1@group-523986131536->omNode-2-GrpcLogAppender: send omNode-1->omNode-2#0-t6,notify:(t:6, i:59)
2022-09-29 01:23:46,547 [omNode-2-server-thread1] INFO  server.RaftServer$Division (RaftServerImpl.java:checkInconsistentAppendEntries(1402)) - omNode-2@group-523986131536: Failed appendEntries as snapshot (59) installation is in progress
2022-09-29 01:23:46,547 [omNode-2-server-thread1] INFO  server.RaftServer$Division (RaftServerImpl.java:checkInconsistentAppendEntries(1394)) - omNode-2@group-523986131536: inconsistency entries. Reply:omNode-1<-omNode-2#820:FAIL-t6,INCONSISTENCY,nextIndex=57,followerCommit=56
2022-09-29 01:23:46,547 [grpc-default-executor-3] INFO  impl.SnapshotInstallationHandler (SnapshotInstallationHandler.java:installSnapshot(84)) - omNode-2@group-523986131536: receive installSnapshot: omNode-1->omNode-2#0-t6,notify:(t:6, i:59)
2022-09-29 01:23:46,547 [grpc-default-executor-3] INFO  impl.SnapshotInstallationHandler (SnapshotInstallationHandler.java:installSnapshot(95)) - omNode-2@group-523986131536: reply installSnapshot: omNode-1<-omNode-2#0:FAIL-t6,IN_PROGRESS
2022-09-29 01:23:46,548 [grpc-default-executor-3] INFO  server.GrpcServerProtocolService (GrpcServerProtocolService.java:onCompleted(140)) - omNode-2: Completed INSTALL_SNAPSHOT, lastRequest: omNode-1->omNode-2#0-t6,notify:(t:6, i:59)
2022-09-29 01:23:46,550 [grpc-default-executor-0] INFO  leader.FollowerInfo (FollowerInfoImpl.java:lambda$new$0(48)) - omNode-1@group-523986131536->omNode-2: nextIndex: updateUnconditionally 57 -> 57
2022-09-29 01:23:46,553 [grpc-default-executor-3] INFO  server.GrpcLogAppender (GrpcLogAppender.java:onNext(403)) - omNode-1@group-523986131536->omNode-2-InstallSnapshotResponseHandler: received a reply omNode-1<-omNode-2#0:FAIL-t6,IN_PROGRESS
2022-09-29 01:23:46,553 [grpc-default-executor-3] INFO  server.GrpcLogAppender (GrpcLogAppender.java:onNext(421)) - omNode-1@group-523986131536->omNode-2-InstallSnapshotResponseHandler: InstallSnapshot in progress.
2022-09-29 01:23:46,553 [omNode-1@group-523986131536->omNode-2-GrpcLogAppender-LogAppenderDaemon] INFO  server.GrpcLogAppender (GrpcLogAppender.java:installSnapshot(541)) - omNode-1@group-523986131536->omNode-2-GrpcLogAppender: followerNextIndex = 57 but logStartIndex = 59, notify follower to install snapshot-(t:6, i:59)
2022-09-29 01:23:46,553 [omNode-1@group-523986131536->omNode-2-GrpcLogAppender-LogAppenderDaemon] INFO  server.GrpcLogAppender (GrpcLogAppender.java:installSnapshot(549)) - omNode-1@group-523986131536->omNode-2-GrpcLogAppender: send omNode-1->omNode-2#0-t6,notify:(t:6, i:59)
2022-09-29 01:23:46,568 [grpc-default-executor-2] INFO  impl.SnapshotInstallationHandler (SnapshotInstallationHandler.java:installSnapshot(84)) - omNode-2@group-523986131536: receive installSnapshot: omNode-1->omNode-2#0-t6,notify:(t:6, i:59)
2022-09-29 01:23:46,568 [omNode-2-server-thread1] INFO  server.RaftServer$Division (RaftServerImpl.java:checkInconsistentAppendEntries(1402)) - omNode-2@group-523986131536: Failed appendEntries as snapshot (59) installation is in progress
2022-09-29 01:23:46,569 [omNode-2-server-thread1] INFO  server.RaftServer$Division (RaftServerImpl.java:checkInconsistentAppendEntries(1394)) - omNode-2@group-523986131536: inconsistency entries. Reply:omNode-1<-omNode-2#821:FAIL-t6,INCONSISTENCY,nextIndex=57,followerCommit=56
2022-09-29 01:23:46,570 [grpc-default-executor-2] INFO  impl.SnapshotInstallationHandler (SnapshotInstallationHandler.java:installSnapshot(95)) - omNode-2@group-523986131536: reply installSnapshot: omNode-1<-omNode-2#0:FAIL-t6,IN_PROGRESS
2022-09-29 01:23:46,571 [grpc-default-executor-2] INFO  server.GrpcServerProtocolService (GrpcServerProtocolService.java:onCompleted(140)) - omNode-2: Completed INSTALL_SNAPSHOT, lastRequest: omNode-1->omNode-2#0-t6,notify:(t:6, i:59)
2022-09-29 01:23:46,571 [grpc-default-executor-1] INFO  leader.FollowerInfo (FollowerInfoImpl.java:lambda$new$0(48)) - omNode-1@group-523986131536->omNode-2: nextIndex: updateUnconditionally 57 -> 57
2022-09-29 01:23:46,571 [grpc-default-executor-0] INFO  server.GrpcLogAppender (GrpcLogAppender.java:onNext(403)) - omNode-1@group-523986131536->omNode-2-InstallSnapshotResponseHandler: received a reply omNode-1<-omNode-2#0:FAIL-t6,IN_PROGRESS
2022-09-29 01:23:46,571 [grpc-default-executor-0] INFO  server.GrpcLogAppender (GrpcLogAppender.java:onNext(421)) - omNode-1@group-523986131536->omNode-2-InstallSnapshotResponseHandler: InstallSnapshot in progress.
2022-09-29 01:23:46,571 [omNode-1@group-523986131536->omNode-2-GrpcLogAppender-LogAppenderDaemon] INFO  server.GrpcLogAppender (GrpcLogAppender.java:installSnapshot(541)) - omNode-1@group-523986131536->omNode-2-GrpcLogAppender: followerNextIndex = 57 but logStartIndex = 59, notify follower to install snapshot-(t:6, i:59)
2022-09-29 01:23:46,571 [omNode-1@group-523986131536->omNode-2-GrpcLogAppender-LogAppenderDaemon] INFO  server.GrpcLogAppender (GrpcLogAppender.java:installSnapshot(549)) - omNode-1@group-523986131536->omNode-2-GrpcLogAppender: send omNode-1->omNode-2#0-t6,notify:(t:6, i:59)
2022-09-29 01:23:46,574 [omNode-2-server-thread1] INFO  server.RaftServer$Division (RaftServerImpl.java:checkInconsistentAppendEntries(1402)) - omNode-2@group-523986131536: Failed appendEntries as snapshot (59) installation is in progress
2022-09-29 01:23:46,574 [omNode-2-server-thread1] INFO  server.RaftServer$Division (RaftServerImpl.java:checkInconsistentAppendEntries(1394)) - omNode-2@group-523986131536: inconsistency entries. Reply:omNode-1<-omNode-2#822:FAIL-t6,INCONSISTENCY,nextIndex=57,followerCommit=56
2022-09-29 01:23:46,574 [grpc-default-executor-0] INFO  impl.SnapshotInstallationHandler (SnapshotInstallationHandler.java:installSnapshot(84)) - omNode-2@group-523986131536: receive installSnapshot: omNode-1->omNode-2#0-t6,notify:(t:6, i:59)
2022-09-29 01:23:46,574 [grpc-default-executor-0] INFO  impl.SnapshotInstallationHandler (SnapshotInstallationHandler.java:installSnapshot(95)) - omNode-2@group-523986131536: reply installSnapshot: omNode-1<-omNode-2#0:FAIL-t6,IN_PROGRESS
2022-09-29 01:23:46,574 [grpc-default-executor-0] INFO  server.GrpcServerProtocolService (GrpcServerProtocolService.java:onCompleted(140)) - omNode-2: Completed INSTALL_SNAPSHOT, lastRequest: omNode-1->omNode-2#0-t6,notify:(t:6, i:59)
2022-09-29 01:23:46,575 [grpc-default-executor-1] INFO  leader.FollowerInfo (FollowerInfoImpl.java:lambda$new$0(48)) - omNode-1@group-523986131536->omNode-2: nextIndex: updateUnconditionally 57 -> 57
2022-09-29 01:23:46,575 [grpc-default-executor-0] INFO  server.GrpcLogAppender (GrpcLogAppender.java:onNext(403)) - omNode-1@group-523986131536->omNode-2-InstallSnapshotResponseHandler: received a reply omNode-1<-omNode-2#0:FAIL-t6,IN_PROGRESS
2022-09-29 01:23:46,575 [grpc-default-executor-0] INFO  server.GrpcLogAppender (GrpcLogAppender.java:onNext(421)) - omNode-1@group-523986131536->omNode-2-InstallSnapshotResponseHandler: InstallSnapshot in progress.
2022-09-29 01:23:46,575 [omNode-1@group-523986131536->omNode-2-GrpcLogAppender-LogAppenderDaemon] INFO  server.GrpcLogAppender (GrpcLogAppender.java:installSnapshot(541)) - omNode-1@group-523986131536->omNode-2-GrpcLogAppender: followerNextIndex = 57 but logStartIndex = 59, notify follower to install snapshot-(t:6, i:59)
2022-09-29 01:23:46,575 [omNode-1@group-523986131536->omNode-2-GrpcLogAppender-LogAppenderDaemon] INFO  server.GrpcLogAppender (GrpcLogAppender.java:installSnapshot(549)) - omNode-1@group-523986131536->omNode-2-GrpcLogAppender: send omNode-1->omNode-2#0-t6,notify:(t:6, i:59)
2022-09-29 01:23:46,576 [omNode-2-server-thread1] INFO  server.RaftServer$Division (RaftServerImpl.java:checkInconsistentAppendEntries(1402)) - omNode-2@group-523986131536: Failed appendEntries as snapshot (59) installation is in progress
2022-09-29 01:23:46,576 [omNode-2-server-thread1] INFO  server.RaftServer$Division (RaftServerImpl.java:checkInconsistentAppendEntries(1394)) - omNode-2@group-523986131536: inconsistency entries. Reply:omNode-1<-omNode-2#823:FAIL-t6,INCONSISTENCY,nextIndex=57,followerCommit=56
2022-09-29 01:23:46,576 [grpc-default-executor-0] INFO  impl.SnapshotInstallationHandler (SnapshotInstallationHandler.java:installSnapshot(84)) - omNode-2@group-523986131536: receive installSnapshot: omNode-1->omNode-2#0-t6,notify:(t:6, i:59)
2022-09-29 01:23:46,576 [grpc-default-executor-0] INFO  impl.SnapshotInstallationHandler (SnapshotInstallationHandler.java:installSnapshot(95)) - omNode-2@group-523986131536: reply installSnapshot: omNode-1<-omNode-2#0:FAIL-t6,IN_PROGRESS
2022-09-29 01:23:46,576 [grpc-default-executor-0] INFO  server.GrpcServerProtocolService (GrpcServerProtocolService.java:onCompleted(140)) - omNode-2: Completed INSTALL_SNAPSHOT, lastRequest: omNode-1->omNode-2#0-t6,notify:(t:6, i:59)
2022-09-29 01:23:46,576 [grpc-default-executor-1] INFO  leader.FollowerInfo (FollowerInfoImpl.java:lambda$new$0(48)) - omNode-1@group-523986131536->omNode-2: nextIndex: updateUnconditionally 57 -> 57
2022-09-29 01:23:46,576 [grpc-default-executor-0] INFO  server.GrpcLogAppender (GrpcLogAppender.java:onNext(403)) - omNode-1@group-523986131536->omNode-2-InstallSnapshotResponseHandler: received a reply omNode-1<-omNode-2#0:FAIL-t6,IN_PROGRESS
2022-09-29 01:23:46,576 [grpc-default-executor-0] INFO  server.GrpcLogAppender (GrpcLogAppender.java:onNext(421)) - omNode-1@group-523986131536->omNode-2-InstallSnapshotResponseHandler: InstallSnapshot in progress.
2022-09-29 01:23:46,576 [omNode-1@group-523986131536->omNode-2-GrpcLogAppender-LogAppenderDaemon] INFO  server.GrpcLogAppender (GrpcLogAppender.java:installSnapshot(541)) - omNode-1@group-523986131536->omNode-2-GrpcLogAppender: followerNextIndex = 57 but logStartIndex = 59, notify follower to install snapshot-(t:6, i:59)
2022-09-29 01:23:46,577 [omNode-1@group-523986131536->omNode-2-GrpcLogAppender-LogAppenderDaemon] INFO  server.GrpcLogAppender (GrpcLogAppender.java:installSnapshot(549)) - omNode-1@group-523986131536->omNode-2-GrpcLogAppender: send omNode-1->omNode-2#0-t6,notify:(t:6, i:59)
2022-09-29 01:23:46,577 [omNode-2-server-thread1] INFO  server.RaftServer$Division (RaftServerImpl.java:checkInconsistentAppendEntries(1402)) - omNode-2@group-523986131536: Failed appendEntries as snapshot (59) installation is in progress
2022-09-29 01:23:46,577 [omNode-2-server-thread1] INFO  server.RaftServer$Division (RaftServerImpl.java:checkInconsistentAppendEntries(1394)) - omNode-2@group-523986131536: inconsistency entries. Reply:omNode-1<-omNode-2#824:FAIL-t6,INCONSISTENCY,nextIndex=57,followerCommit=56
2022-09-29 01:23:46,577 [grpc-default-executor-1] INFO  impl.SnapshotInstallationHandler (SnapshotInstallationHandler.java:installSnapshot(84)) - omNode-2@group-523986131536: receive installSnapshot: omNode-1->omNode-2#0-t6,notify:(t:6, i:59)
2022-09-29 01:23:46,577 [grpc-default-executor-1] INFO  impl.SnapshotInstallationHandler (SnapshotInstallationHandler.java:installSnapshot(95)) - omNode-2@group-523986131536: reply installSnapshot: omNode-1<-omNode-2#0:FAIL-t6,IN_PROGRESS
2022-09-29 01:23:46,578 [grpc-default-executor-1] INFO  server.GrpcServerProtocolService (GrpcServerProtocolService.java:onCompleted(140)) - omNode-2: Completed INSTALL_SNAPSHOT, lastRequest: omNode-1->omNode-2#0-t6,notify:(t:6, i:59)
2022-09-29 01:23:46,578 [grpc-default-executor-0] INFO  server.GrpcLogAppender (GrpcLogAppender.java:onNext(403)) - omNode-1@group-523986131536->omNode-2-InstallSnapshotResponseHandler: received a reply omNode-1<-omNode-2#0:FAIL-t6,IN_PROGRESS
2022-09-29 01:23:46,578 [grpc-default-executor-0] INFO  server.GrpcLogAppender (GrpcLogAppender.java:onNext(421)) - omNode-1@group-523986131536->omNode-2-InstallSnapshotResponseHandler: InstallSnapshot in progress.
2022-09-29 01:23:46,578 [grpc-default-executor-1] INFO  leader.FollowerInfo (FollowerInfoImpl.java:lambda$new$0(48)) - omNode-1@group-523986131536->omNode-2: nextIndex: updateUnconditionally 57 -> 57
2022-09-29 01:23:46,578 [omNode-1@group-523986131536->omNode-2-GrpcLogAppender-LogAppenderDaemon] INFO  server.GrpcLogAppender (GrpcLogAppender.java:installSnapshot(541)) - omNode-1@group-523986131536->omNode-2-GrpcLogAppender: followerNextIndex = 57 but logStartIndex = 59, notify follower to install snapshot-(t:6, i:59)
2022-09-29 01:23:46,578 [omNode-1@group-523986131536->omNode-2-GrpcLogAppender-LogAppenderDaemon] INFO  server.GrpcLogAppender (GrpcLogAppender.java:installSnapshot(549)) - omNode-1@group-523986131536->omNode-2-GrpcLogAppender: send omNode-1->omNode-2#0-t6,notify:(t:6, i:59)
2022-09-29 01:23:46,579 [omNode-2-server-thread1] INFO  server.RaftServer$Division (RaftServerImpl.java:checkInconsistentAppendEntries(1402)) - omNode-2@group-523986131536: Failed appendEntries as snapshot (59) installation is in progress
2022-09-29 01:23:46,579 [omNode-2-server-thread1] INFO  server.RaftServer$Division (RaftServerImpl.java:checkInconsistentAppendEntries(1394)) - omNode-2@group-523986131536: inconsistency entries. Reply:omNode-1<-omNode-2#825:FAIL-t6,INCONSISTENCY,nextIndex=57,followerCommit=56
2022-09-29 01:23:46,579 [grpc-default-executor-0] INFO  impl.SnapshotInstallationHandler (SnapshotInstallationHandler.java:installSnapshot(84)) - omNode-2@group-523986131536: receive installSnapshot: omNode-1->omNode-2#0-t6,notify:(t:6, i:59)
2022-09-29 01:23:46,579 [grpc-default-executor-0] INFO  impl.SnapshotInstallationHandler (SnapshotInstallationHandler.java:installSnapshot(95)) - omNode-2@group-523986131536: reply installSnapshot: omNode-1<-omNode-2#0:FAIL-t6,IN_PROGRESS
2022-09-29 01:23:46,579 [grpc-default-executor-0] INFO  server.GrpcServerProtocolService (GrpcServerProtocolService.java:onCompleted(140)) - omNode-2: Completed INSTALL_SNAPSHOT, lastRequest: omNode-1->omNode-2#0-t6,notify:(t:6, i:59)
2022-09-29 01:23:46,579 [grpc-default-executor-1] INFO  leader.FollowerInfo (FollowerInfoImpl.java:lambda$new$0(48)) - omNode-1@group-523986131536->omNode-2: nextIndex: updateUnconditionally 57 -> 57
2022-09-29 01:23:46,579 [grpc-default-executor-0] INFO  server.GrpcLogAppender (GrpcLogAppender.java:onNext(403)) - omNode-1@group-523986131536->omNode-2-InstallSnapshotResponseHandler: received a reply omNode-1<-omNode-2#0:FAIL-t6,IN_PROGRESS
2022-09-29 01:23:46,579 [grpc-default-executor-0] INFO  server.GrpcLogAppender (GrpcLogAppender.java:onNext(421)) - omNode-1@group-523986131536->omNode-2-InstallSnapshotResponseHandler: InstallSnapshot in progress.
2022-09-29 01:23:46,580 [omNode-1@group-523986131536->omNode-2-GrpcLogAppender-LogAppenderDaemon] INFO  server.GrpcLogAppender (GrpcLogAppender.java:installSnapshot(541)) - omNode-1@group-523986131536->omNode-2-GrpcLogAppender: followerNextIndex = 57 but logStartIndex = 59, notify follower to install snapshot-(t:6, i:59)
2022-09-29 01:23:46,580 [omNode-1@group-523986131536->omNode-2-GrpcLogAppender-LogAppenderDaemon] INFO  server.GrpcLogAppender (GrpcLogAppender.java:installSnapshot(549)) - omNode-1@group-523986131536->omNode-2-GrpcLogAppender: send omNode-1->omNode-2#0-t6,notify:(t:6, i:59)
2022-09-29 01:23:46,580 [omNode-2-server-thread1] INFO  server.RaftServer$Division (RaftServerImpl.java:checkInconsistentAppendEntries(1402)) - omNode-2@group-523986131536: Failed appendEntries as snapshot (59) installation is in progress
2022-09-29 01:23:46,580 [omNode-2-server-thread1] INFO  server.RaftServer$Division (RaftServerImpl.java:checkInconsistentAppendEntries(1394)) - omNode-2@group-523986131536: inconsistency entries. Reply:omNode-1<-omNode-2#826:FAIL-t6,INCONSISTENCY,nextIndex=57,followerCommit=56
2022-09-29 01:23:46,580 [grpc-default-executor-1] INFO  impl.SnapshotInstallationHandler (SnapshotInstallationHandler.java:installSnapshot(84)) - omNode-2@group-523986131536: receive installSnapshot: omNode-1->omNode-2#0-t6,notify:(t:6, i:59)
2022-09-29 01:23:46,580 [grpc-default-executor-1] INFO  impl.SnapshotInstallationHandler (SnapshotInstallationHandler.java:installSnapshot(95)) - omNode-2@group-523986131536: reply installSnapshot: omNode-1<-omNode-2#0:FAIL-t6,IN_PROGRESS
2022-09-29 01:23:46,581 [grpc-default-executor-1] INFO  server.GrpcServerProtocolService (GrpcServerProtocolService.java:onCompleted(140)) - omNode-2: Completed INSTALL_SNAPSHOT, lastRequest: omNode-1->omNode-2#0-t6,notify:(t:6, i:59)
2022-09-29 01:23:46,581 [grpc-default-executor-0] INFO  server.GrpcLogAppender (GrpcLogAppender.java:onNext(403)) - omNode-1@group-523986131536->omNode-2-InstallSnapshotResponseHandler: received a reply omNode-1<-omNode-2#0:FAIL-t6,IN_PROGRESS
2022-09-29 01:23:46,581 [grpc-default-executor-0] INFO  server.GrpcLogAppender (GrpcLogAppender.java:onNext(421)) - omNode-1@group-523986131536->omNode-2-InstallSnapshotResponseHandler: InstallSnapshot in progress.
2022-09-29 01:23:46,581 [grpc-default-executor-1] INFO  leader.FollowerInfo (FollowerInfoImpl.java:lambda$new$0(48)) - omNode-1@group-523986131536->omNode-2: nextIndex: updateUnconditionally 57 -> 57
2022-09-29 01:23:46,581 [omNode-1@group-523986131536->omNode-2-GrpcLogAppender-LogAppenderDaemon] INFO  server.GrpcLogAppender (GrpcLogAppender.java:installSnapshot(541)) - omNode-1@group-523986131536->omNode-2-GrpcLogAppender: followerNextIndex = 57 but logStartIndex = 59, notify follower to install snapshot-(t:6, i:59)
2022-09-29 01:23:46,583 [omNode-2-server-thread1] INFO  server.RaftServer$Division (RaftServerImpl.java:checkInconsistentAppendEntries(1402)) - omNode-2@group-523986131536: Failed appendEntries as snapshot (59) installation is in progress
2022-09-29 01:23:46,583 [omNode-1@group-523986131536->omNode-2-GrpcLogAppender-LogAppenderDaemon] INFO  server.GrpcLogAppender (GrpcLogAppender.java:installSnapshot(549)) - omNode-1@group-523986131536->omNode-2-GrpcLogAppender: send omNode-1->omNode-2#0-t6,notify:(t:6, i:59)
2022-09-29 01:23:46,583 [omNode-2-server-thread1] INFO  server.RaftServer$Division (RaftServerImpl.java:checkInconsistentAppendEntries(1394)) - omNode-2@group-523986131536: inconsistency entries. Reply:omNode-1<-omNode-2#827:FAIL-t6,INCONSISTENCY,nextIndex=57,followerCommit=56
2022-09-29 01:23:46,584 [grpc-default-executor-0] INFO  impl.SnapshotInstallationHandler (SnapshotInstallationHandler.java:installSnapshot(84)) - omNode-2@group-523986131536: receive installSnapshot: omNode-1->omNode-2#0-t6,notify:(t:6, i:59)
2022-09-29 01:23:46,593 [grpc-default-executor-0] INFO  impl.SnapshotInstallationHandler (SnapshotInstallationHandler.java:installSnapshot(95)) - omNode-2@group-523986131536: reply installSnapshot: omNode-1<-omNode-2#0:FAIL-t6,IN_PROGRESS
2022-09-29 01:23:46,593 [grpc-default-executor-1] INFO  leader.FollowerInfo (FollowerInfoImpl.java:lambda$new$0(48)) - omNode-1@group-523986131536->omNode-2: nextIndex: updateUnconditionally 57 -> 57
2022-09-29 01:23:46,615 [grpc-default-executor-0] INFO  server.GrpcServerProtocolService (GrpcServerProtocolService.java:onCompleted(140)) - omNode-2: Completed INSTALL_SNAPSHOT, lastRequest: omNode-1->omNode-2#0-t6,notify:(t:6, i:59)
2022-09-29 01:23:46,593 [OM StateMachine ApplyTransaction Thread - 0] ERROR key.OMKeysDeleteRequest (OMKeysDeleteRequest.java:validateAndUpdateCache(146)) - Received a request to delete a Key does not exist /volume14738/5adb91a9-6c37-408c-b8ac-0ba9281aa42e/dir/file3
2022-09-29 01:23:46,628 [grpc-default-executor-1] INFO  server.GrpcLogAppender (GrpcLogAppender.java:onNext(403)) - omNode-1@group-523986131536->omNode-2-InstallSnapshotResponseHandler: received a reply omNode-1<-omNode-2#0:FAIL-t6,IN_PROGRESS
2022-09-29 01:23:46,629 [grpc-default-executor-1] INFO  server.GrpcLogAppender (GrpcLogAppender.java:onNext(421)) - omNode-1@group-523986131536->omNode-2-InstallSnapshotResponseHandler: InstallSnapshot in progress.
2022-09-29 01:23:46,644 [omNode-1@group-523986131536->omNode-2-GrpcLogAppender-LogAppenderDaemon] INFO  server.GrpcLogAppender (GrpcLogAppender.java:installSnapshot(541)) - omNode-1@group-523986131536->omNode-2-GrpcLogAppender: followerNextIndex = 57 but logStartIndex = 59, notify follower to install snapshot-(t:6, i:59)
2022-09-29 01:23:46,644 [omNode-1@group-523986131536->omNode-2-GrpcLogAppender-LogAppenderDaemon] INFO  server.GrpcLogAppender (GrpcLogAppender.java:installSnapshot(549)) - omNode-1@group-523986131536->omNode-2-GrpcLogAppender: send omNode-1->omNode-2#0-t6,notify:(t:6, i:59)
2022-09-29 01:23:46,645 [omNode-2-server-thread1] INFO  server.RaftServer$Division (RaftServerImpl.java:checkInconsistentAppendEntries(1402)) - omNode-2@group-523986131536: Failed appendEntries as snapshot (59) installation is in progress
2022-09-29 01:23:46,645 [omNode-2-server-thread1] INFO  server.RaftServer$Division (RaftServerImpl.java:checkInconsistentAppendEntries(1394)) - omNode-2@group-523986131536: inconsistency entries. Reply:omNode-1<-omNode-2#828:FAIL-t6,INCONSISTENCY,nextIndex=57,followerCommit=56
2022-09-29 01:23:46,645 [grpc-default-executor-0] INFO  impl.SnapshotInstallationHandler (SnapshotInstallationHandler.java:installSnapshot(84)) - omNode-2@group-523986131536: receive installSnapshot: omNode-1->omNode-2#0-t6,notify:(t:6, i:59)
2022-09-29 01:23:46,645 [grpc-default-executor-2] INFO  leader.FollowerInfo (FollowerInfoImpl.java:lambda$new$0(48)) - omNode-1@group-523986131536->omNode-2: nextIndex: updateUnconditionally 57 -> 57
2022-09-29 01:23:46,645 [grpc-default-executor-0] INFO  impl.SnapshotInstallationHandler (SnapshotInstallationHandler.java:installSnapshot(95)) - omNode-2@group-523986131536: reply installSnapshot: omNode-1<-omNode-2#0:FAIL-t6,IN_PROGRESS
2022-09-29 01:23:46,646 [grpc-default-executor-0] INFO  server.GrpcServerProtocolService (GrpcServerProtocolService.java:onCompleted(140)) - omNode-2: Completed INSTALL_SNAPSHOT, lastRequest: omNode-1->omNode-2#0-t6,notify:(t:6, i:59)
2022-09-29 01:23:46,646 [grpc-default-executor-0] INFO  server.GrpcLogAppender (GrpcLogAppender.java:onNext(403)) - omNode-1@group-523986131536->omNode-2-InstallSnapshotResponseHandler: received a reply omNode-1<-omNode-2#0:FAIL-t6,IN_PROGRESS
2022-09-29 01:23:46,646 [grpc-default-executor-0] INFO  server.GrpcLogAppender (GrpcLogAppender.java:onNext(421)) - omNode-1@group-523986131536->omNode-2-InstallSnapshotResponseHandler: InstallSnapshot in progress.
2022-09-29 01:23:46,646 [omNode-1@group-523986131536->omNode-2-GrpcLogAppender-LogAppenderDaemon] INFO  server.GrpcLogAppender (GrpcLogAppender.java:installSnapshot(541)) - omNode-1@group-523986131536->omNode-2-GrpcLogAppender: followerNextIndex = 57 but logStartIndex = 59, notify follower to install snapshot-(t:6, i:59)
2022-09-29 01:23:46,646 [omNode-1@group-523986131536->omNode-2-GrpcLogAppender-LogAppenderDaemon] INFO  server.GrpcLogAppender (GrpcLogAppender.java:installSnapshot(549)) - omNode-1@group-523986131536->omNode-2-GrpcLogAppender: send omNode-1->omNode-2#0-t6,notify:(t:6, i:59)
2022-09-29 01:23:46,647 [grpc-default-executor-0] INFO  impl.SnapshotInstallationHandler (SnapshotInstallationHandler.java:installSnapshot(84)) - omNode-2@group-523986131536: receive installSnapshot: omNode-1->omNode-2#0-t6,notify:(t:6, i:59)
2022-09-29 01:23:46,647 [grpc-default-executor-0] INFO  impl.SnapshotInstallationHandler (SnapshotInstallationHandler.java:installSnapshot(95)) - omNode-2@group-523986131536: reply installSnapshot: omNode-1<-omNode-2#0:FAIL-t6,IN_PROGRESS
2022-09-29 01:23:46,647 [grpc-default-executor-0] INFO  server.GrpcServerProtocolService (GrpcServerProtocolService.java:onCompleted(140)) - omNode-2: Completed INSTALL_SNAPSHOT, lastRequest: omNode-1->omNode-2#0-t6,notify:(t:6, i:59)
2022-09-29 01:23:46,648 [omNode-2-server-thread1] INFO  server.RaftServer$Division (RaftServerImpl.java:checkInconsistentAppendEntries(1402)) - omNode-2@group-523986131536: Failed appendEntries as snapshot (59) installation is in progress
2022-09-29 01:23:46,648 [omNode-2-server-thread1] INFO  server.RaftServer$Division (RaftServerImpl.java:checkInconsistentAppendEntries(1394)) - omNode-2@group-523986131536: inconsistency entries. Reply:omNode-1<-omNode-2#829:FAIL-t6,INCONSISTENCY,nextIndex=57,followerCommit=56
2022-09-29 01:23:46,648 [grpc-default-executor-2] INFO  server.GrpcLogAppender (GrpcLogAppender.java:onNext(403)) - omNode-1@group-523986131536->omNode-2-InstallSnapshotResponseHandler: received a reply omNode-1<-omNode-2#0:FAIL-t6,IN_PROGRESS
2022-09-29 01:23:46,648 [grpc-default-executor-2] INFO  server.GrpcLogAppender (GrpcLogAppender.java:onNext(421)) - omNode-1@group-523986131536->omNode-2-InstallSnapshotResponseHandler: InstallSnapshot in progress.
2022-09-29 01:23:46,649 [grpc-default-executor-0] INFO  leader.FollowerInfo (FollowerInfoImpl.java:lambda$new$0(48)) - omNode-1@group-523986131536->omNode-2: nextIndex: updateUnconditionally 57 -> 57
2022-09-29 01:23:46,649 [omNode-1@group-523986131536->omNode-2-GrpcLogAppender-LogAppenderDaemon] INFO  server.GrpcLogAppender (GrpcLogAppender.java:installSnapshot(541)) - omNode-1@group-523986131536->omNode-2-GrpcLogAppender: followerNextIndex = 57 but logStartIndex = 59, notify follower to install snapshot-(t:6, i:59)
2022-09-29 01:23:46,649 [omNode-1@group-523986131536->omNode-2-GrpcLogAppender-LogAppenderDaemon] INFO  server.GrpcLogAppender (GrpcLogAppender.java:installSnapshot(549)) - omNode-1@group-523986131536->omNode-2-GrpcLogAppender: send omNode-1->omNode-2#0-t6,notify:(t:6, i:59)
2022-09-29 01:23:46,649 [omNode-2-server-thread1] INFO  server.RaftServer$Division (RaftServerImpl.java:checkInconsistentAppendEntries(1402)) - omNode-2@group-523986131536: Failed appendEntries as snapshot (59) installation is in progress
2022-09-29 01:23:46,649 [omNode-2-server-thread1] INFO  server.RaftServer$Division (RaftServerImpl.java:checkInconsistentAppendEntries(1394)) - omNode-2@group-523986131536: inconsistency entries. Reply:omNode-1<-omNode-2#830:FAIL-t6,INCONSISTENCY,nextIndex=57,followerCommit=56
2022-09-29 01:23:46,650 [grpc-default-executor-2] INFO  leader.FollowerInfo (FollowerInfoImpl.java:lambda$new$0(48)) - omNode-1@group-523986131536->omNode-2: nextIndex: updateUnconditionally 57 -> 57
2022-09-29 01:23:46,650 [grpc-default-executor-0] INFO  impl.SnapshotInstallationHandler (SnapshotInstallationHandler.java:installSnapshot(84)) - omNode-2@group-523986131536: receive installSnapshot: omNode-1->omNode-2#0-t6,notify:(t:6, i:59)
2022-09-29 01:23:46,650 [grpc-default-executor-0] INFO  impl.SnapshotInstallationHandler (SnapshotInstallationHandler.java:installSnapshot(95)) - omNode-2@group-523986131536: reply installSnapshot: omNode-1<-omNode-2#0:FAIL-t6,IN_PROGRESS
2022-09-29 01:23:46,650 [grpc-default-executor-0] INFO  server.GrpcServerProtocolService (GrpcServerProtocolService.java:onCompleted(140)) - omNode-2: Completed INSTALL_SNAPSHOT, lastRequest: omNode-1->omNode-2#0-t6,notify:(t:6, i:59)
2022-09-29 01:23:46,650 [grpc-default-executor-2] INFO  server.GrpcLogAppender (GrpcLogAppender.java:onNext(403)) - omNode-1@group-523986131536->omNode-2-InstallSnapshotResponseHandler: received a reply omNode-1<-omNode-2#0:FAIL-t6,IN_PROGRESS
2022-09-29 01:23:46,650 [grpc-default-executor-2] INFO  server.GrpcLogAppender (GrpcLogAppender.java:onNext(421)) - omNode-1@group-523986131536->omNode-2-InstallSnapshotResponseHandler: InstallSnapshot in progress.
2022-09-29 01:23:46,650 [omNode-1@group-523986131536->omNode-2-GrpcLogAppender-LogAppenderDaemon] INFO  server.GrpcLogAppender (GrpcLogAppender.java:installSnapshot(541)) - omNode-1@group-523986131536->omNode-2-GrpcLogAppender: followerNextIndex = 57 but logStartIndex = 59, notify follower to install snapshot-(t:6, i:59)
2022-09-29 01:23:46,650 [omNode-1@group-523986131536->omNode-2-GrpcLogAppender-LogAppenderDaemon] INFO  server.GrpcLogAppender (GrpcLogAppender.java:installSnapshot(549)) - omNode-1@group-523986131536->omNode-2-GrpcLogAppender: send omNode-1->omNode-2#0-t6,notify:(t:6, i:59)
2022-09-29 01:23:46,651 [omNode-2-server-thread1] INFO  server.RaftServer$Division (RaftServerImpl.java:checkInconsistentAppendEntries(1402)) - omNode-2@group-523986131536: Failed appendEntries as snapshot (59) installation is in progress
2022-09-29 01:23:46,651 [omNode-2-server-thread1] INFO  server.RaftServer$Division (RaftServerImpl.java:checkInconsistentAppendEntries(1394)) - omNode-2@group-523986131536: inconsistency entries. Reply:omNode-1<-omNode-2#831:FAIL-t6,INCONSISTENCY,nextIndex=57,followerCommit=56
2022-09-29 01:23:46,651 [grpc-default-executor-2] INFO  impl.SnapshotInstallationHandler (SnapshotInstallationHandler.java:installSnapshot(84)) - omNode-2@group-523986131536: receive installSnapshot: omNode-1->omNode-2#0-t6,notify:(t:6, i:59)
2022-09-29 01:23:46,651 [grpc-default-executor-1] INFO  leader.FollowerInfo (FollowerInfoImpl.java:lambda$new$0(48)) - omNode-1@group-523986131536->omNode-2: nextIndex: updateUnconditionally 57 -> 57
2022-09-29 01:23:46,651 [grpc-default-executor-2] INFO  impl.SnapshotInstallationHandler (SnapshotInstallationHandler.java:installSnapshot(95)) - omNode-2@group-523986131536: reply installSnapshot: omNode-1<-omNode-2#0:FAIL-t6,IN_PROGRESS
2022-09-29 01:23:46,651 [grpc-default-executor-2] INFO  server.GrpcServerProtocolService (GrpcServerProtocolService.java:onCompleted(140)) - omNode-2: Completed INSTALL_SNAPSHOT, lastRequest: omNode-1->omNode-2#0-t6,notify:(t:6, i:59)
2022-09-29 01:23:46,652 [grpc-default-executor-2] INFO  server.GrpcLogAppender (GrpcLogAppender.java:onNext(403)) - omNode-1@group-523986131536->omNode-2-InstallSnapshotResponseHandler: received a reply omNode-1<-omNode-2#0:FAIL-t6,IN_PROGRESS
2022-09-29 01:23:46,652 [grpc-default-executor-2] INFO  server.GrpcLogAppender (GrpcLogAppender.java:onNext(421)) - omNode-1@group-523986131536->omNode-2-InstallSnapshotResponseHandler: InstallSnapshot in progress.
2022-09-29 01:23:46,652 [omNode-1@group-523986131536->omNode-2-GrpcLogAppender-LogAppenderDaemon] INFO  server.GrpcLogAppender (GrpcLogAppender.java:installSnapshot(541)) - omNode-1@group-523986131536->omNode-2-GrpcLogAppender: followerNextIndex = 57 but logStartIndex = 59, notify follower to install snapshot-(t:6, i:59)
2022-09-29 01:23:46,652 [omNode-1@group-523986131536->omNode-2-GrpcLogAppender-LogAppenderDaemon] INFO  server.GrpcLogAppender (GrpcLogAppender.java:installSnapshot(549)) - omNode-1@group-523986131536->omNode-2-GrpcLogAppender: send omNode-1->omNode-2#0-t6,notify:(t:6, i:59)
2022-09-29 01:23:46,653 [omNode-2-server-thread1] INFO  server.RaftServer$Division (RaftServerImpl.java:checkInconsistentAppendEntries(1402)) - omNode-2@group-523986131536: Failed appendEntries as snapshot (59) installation is in progress
2022-09-29 01:23:46,653 [omNode-2-server-thread1] INFO  server.RaftServer$Division (RaftServerImpl.java:checkInconsistentAppendEntries(1394)) - omNode-2@group-523986131536: inconsistency entries. Reply:omNode-1<-omNode-2#832:FAIL-t6,INCONSISTENCY,nextIndex=57,followerCommit=56
2022-09-29 01:23:46,653 [grpc-default-executor-2] INFO  leader.FollowerInfo (FollowerInfoImpl.java:lambda$new$0(48)) - omNode-1@group-523986131536->omNode-2: nextIndex: updateUnconditionally 57 -> 57
2022-09-29 01:23:46,653 [grpc-default-executor-0] INFO  impl.SnapshotInstallationHandler (SnapshotInstallationHandler.java:installSnapshot(84)) - omNode-2@group-523986131536: receive installSnapshot: omNode-1->omNode-2#0-t6,notify:(t:6, i:59)
2022-09-29 01:23:46,653 [grpc-default-executor-0] INFO  impl.SnapshotInstallationHandler (SnapshotInstallationHandler.java:installSnapshot(95)) - omNode-2@group-523986131536: reply installSnapshot: omNode-1<-omNode-2#0:FAIL-t6,IN_PROGRESS
2022-09-29 01:23:46,653 [grpc-default-executor-0] INFO  server.GrpcServerProtocolService (GrpcServerProtocolService.java:onCompleted(140)) - omNode-2: Completed INSTALL_SNAPSHOT, lastRequest: omNode-1->omNode-2#0-t6,notify:(t:6, i:59)
2022-09-29 01:23:46,654 [grpc-default-executor-0] INFO  server.GrpcLogAppender (GrpcLogAppender.java:onNext(403)) - omNode-1@group-523986131536->omNode-2-InstallSnapshotResponseHandler: received a reply omNode-1<-omNode-2#0:FAIL-t6,IN_PROGRESS
2022-09-29 01:23:46,654 [grpc-default-executor-0] INFO  server.GrpcLogAppender (GrpcLogAppender.java:onNext(421)) - omNode-1@group-523986131536->omNode-2-InstallSnapshotResponseHandler: InstallSnapshot in progress.
2022-09-29 01:23:46,654 [omNode-1@group-523986131536->omNode-2-GrpcLogAppender-LogAppenderDaemon] INFO  server.GrpcLogAppender (GrpcLogAppender.java:installSnapshot(541)) - omNode-1@group-523986131536->omNode-2-GrpcLogAppender: followerNextIndex = 57 but logStartIndex = 59, notify follower to install snapshot-(t:6, i:59)
2022-09-29 01:23:46,654 [omNode-1@group-523986131536->omNode-2-GrpcLogAppender-LogAppenderDaemon] INFO  server.GrpcLogAppender (GrpcLogAppender.java:installSnapshot(549)) - omNode-1@group-523986131536->omNode-2-GrpcLogAppender: send omNode-1->omNode-2#0-t6,notify:(t:6, i:59)
2022-09-29 01:23:46,656 [omNode-2-server-thread1] INFO  server.RaftServer$Division (RaftServerImpl.java:checkInconsistentAppendEntries(1402)) - omNode-2@group-523986131536: Failed appendEntries as snapshot (59) installation is in progress
2022-09-29 01:23:46,656 [omNode-2-server-thread1] INFO  server.RaftServer$Division (RaftServerImpl.java:checkInconsistentAppendEntries(1394)) - omNode-2@group-523986131536: inconsistency entries. Reply:omNode-1<-omNode-2#833:FAIL-t6,INCONSISTENCY,nextIndex=57,followerCommit=56
2022-09-29 01:23:46,656 [grpc-default-executor-2] INFO  impl.SnapshotInstallationHandler (SnapshotInstallationHandler.java:installSnapshot(84)) - omNode-2@group-523986131536: receive installSnapshot: omNode-1->omNode-2#0-t6,notify:(t:6, i:59)
2022-09-29 01:23:46,657 [grpc-default-executor-2] INFO  impl.SnapshotInstallationHandler (SnapshotInstallationHandler.java:installSnapshot(95)) - omNode-2@group-523986131536: reply installSnapshot: omNode-1<-omNode-2#0:FAIL-t6,IN_PROGRESS
2022-09-29 01:23:46,657 [grpc-default-executor-2] INFO  server.GrpcServerProtocolService (GrpcServerProtocolService.java:onCompleted(140)) - omNode-2: Completed INSTALL_SNAPSHOT, lastRequest: omNode-1->omNode-2#0-t6,notify:(t:6, i:59)
2022-09-29 01:23:46,657 [grpc-default-executor-0] INFO  leader.FollowerInfo (FollowerInfoImpl.java:lambda$new$0(48)) - omNode-1@group-523986131536->omNode-2: nextIndex: updateUnconditionally 57 -> 57
2022-09-29 01:23:46,658 [grpc-default-executor-0] INFO  server.GrpcLogAppender (GrpcLogAppender.java:onNext(403)) - omNode-1@group-523986131536->omNode-2-InstallSnapshotResponseHandler: received a reply omNode-1<-omNode-2#0:FAIL-t6,IN_PROGRESS
2022-09-29 01:23:46,658 [grpc-default-executor-0] INFO  server.GrpcLogAppender (GrpcLogAppender.java:onNext(421)) - omNode-1@group-523986131536->omNode-2-InstallSnapshotResponseHandler: InstallSnapshot in progress.
2022-09-29 01:23:46,658 [omNode-1@group-523986131536->omNode-2-GrpcLogAppender-LogAppenderDaemon] INFO  server.GrpcLogAppender (GrpcLogAppender.java:installSnapshot(541)) - omNode-1@group-523986131536->omNode-2-GrpcLogAppender: followerNextIndex = 57 but logStartIndex = 59, notify follower to install snapshot-(t:6, i:59)
2022-09-29 01:23:46,658 [omNode-1@group-523986131536->omNode-2-GrpcLogAppender-LogAppenderDaemon] INFO  server.GrpcLogAppender (GrpcLogAppender.java:installSnapshot(549)) - omNode-1@group-523986131536->omNode-2-GrpcLogAppender: send omNode-1->omNode-2#0-t6,notify:(t:6, i:59)
2022-09-29 01:23:46,658 [omNode-2-server-thread1] INFO  server.RaftServer$Division (RaftServerImpl.java:checkInconsistentAppendEntries(1402)) - omNode-2@group-523986131536: Failed appendEntries as snapshot (59) installation is in progress
2022-09-29 01:23:46,658 [omNode-2-server-thread1] INFO  server.RaftServer$Division (RaftServerImpl.java:checkInconsistentAppendEntries(1394)) - omNode-2@group-523986131536: inconsistency entries. Reply:omNode-1<-omNode-2#834:FAIL-t6,INCONSISTENCY,nextIndex=57,followerCommit=56
2022-09-29 01:23:46,659 [grpc-default-executor-2] INFO  impl.SnapshotInstallationHandler (SnapshotInstallationHandler.java:installSnapshot(84)) - omNode-2@group-523986131536: receive installSnapshot: omNode-1->omNode-2#0-t6,notify:(t:6, i:59)
2022-09-29 01:23:46,659 [grpc-default-executor-2] INFO  impl.SnapshotInstallationHandler (SnapshotInstallationHandler.java:installSnapshot(95)) - omNode-2@group-523986131536: reply installSnapshot: omNode-1<-omNode-2#0:FAIL-t6,IN_PROGRESS
2022-09-29 01:23:46,659 [grpc-default-executor-2] INFO  server.GrpcServerProtocolService (GrpcServerProtocolService.java:onCompleted(140)) - omNode-2: Completed INSTALL_SNAPSHOT, lastRequest: omNode-1->omNode-2#0-t6,notify:(t:6, i:59)
2022-09-29 01:23:46,659 [grpc-default-executor-0] INFO  leader.FollowerInfo (FollowerInfoImpl.java:lambda$new$0(48)) - omNode-1@group-523986131536->omNode-2: nextIndex: updateUnconditionally 57 -> 57
2022-09-29 01:23:46,660 [grpc-default-executor-0] INFO  server.GrpcLogAppender (GrpcLogAppender.java:onNext(403)) - omNode-1@group-523986131536->omNode-2-InstallSnapshotResponseHandler: received a reply omNode-1<-omNode-2#0:FAIL-t6,IN_PROGRESS
2022-09-29 01:23:46,660 [grpc-default-executor-0] INFO  server.GrpcLogAppender (GrpcLogAppender.java:onNext(421)) - omNode-1@group-523986131536->omNode-2-InstallSnapshotResponseHandler: InstallSnapshot in progress.
2022-09-29 01:23:46,660 [omNode-1@group-523986131536->omNode-2-GrpcLogAppender-LogAppenderDaemon] INFO  server.GrpcLogAppender (GrpcLogAppender.java:installSnapshot(541)) - omNode-1@group-523986131536->omNode-2-GrpcLogAppender: followerNextIndex = 57 but logStartIndex = 59, notify follower to install snapshot-(t:6, i:59)
2022-09-29 01:23:46,660 [omNode-1@group-523986131536->omNode-2-GrpcLogAppender-LogAppenderDaemon] INFO  server.GrpcLogAppender (GrpcLogAppender.java:installSnapshot(549)) - omNode-1@group-523986131536->omNode-2-GrpcLogAppender: send omNode-1->omNode-2#0-t6,notify:(t:6, i:59)
2022-09-29 01:23:46,661 [omNode-2-server-thread1] INFO  server.RaftServer$Division (RaftServerImpl.java:checkInconsistentAppendEntries(1402)) - omNode-2@group-523986131536: Failed appendEntries as snapshot (59) installation is in progress
2022-09-29 01:23:46,661 [omNode-2-server-thread1] INFO  server.RaftServer$Division (RaftServerImpl.java:checkInconsistentAppendEntries(1394)) - omNode-2@group-523986131536: inconsistency entries. Reply:omNode-1<-omNode-2#835:FAIL-t6,INCONSISTENCY,nextIndex=57,followerCommit=56
2022-09-29 01:23:46,661 [grpc-default-executor-0] INFO  impl.SnapshotInstallationHandler (SnapshotInstallationHandler.java:installSnapshot(84)) - omNode-2@group-523986131536: receive installSnapshot: omNode-1->omNode-2#0-t6,notify:(t:6, i:59)
2022-09-29 01:23:46,661 [grpc-default-executor-0] INFO  impl.SnapshotInstallationHandler (SnapshotInstallationHandler.java:installSnapshot(95)) - omNode-2@group-523986131536: reply installSnapshot: omNode-1<-omNode-2#0:FAIL-t6,IN_PROGRESS
2022-09-29 01:23:46,661 [grpc-default-executor-0] INFO  server.GrpcServerProtocolService (GrpcServerProtocolService.java:onCompleted(140)) - omNode-2: Completed INSTALL_SNAPSHOT, lastRequest: omNode-1->omNode-2#0-t6,notify:(t:6, i:59)
2022-09-29 01:23:46,661 [grpc-default-executor-2] INFO  leader.FollowerInfo (FollowerInfoImpl.java:lambda$new$0(48)) - omNode-1@group-523986131536->omNode-2: nextIndex: updateUnconditionally 57 -> 57
2022-09-29 01:23:46,662 [grpc-default-executor-2] INFO  server.GrpcLogAppender (GrpcLogAppender.java:onNext(403)) - omNode-1@group-523986131536->omNode-2-InstallSnapshotResponseHandler: received a reply omNode-1<-omNode-2#0:FAIL-t6,IN_PROGRESS
2022-09-29 01:23:46,662 [grpc-default-executor-2] INFO  server.GrpcLogAppender (GrpcLogAppender.java:onNext(421)) - omNode-1@group-523986131536->omNode-2-InstallSnapshotResponseHandler: InstallSnapshot in progress.
2022-09-29 01:23:46,662 [omNode-1@group-523986131536->omNode-2-GrpcLogAppender-LogAppenderDaemon] INFO  server.GrpcLogAppender (GrpcLogAppender.java:installSnapshot(541)) - omNode-1@group-523986131536->omNode-2-GrpcLogAppender: followerNextIndex = 57 but logStartIndex = 59, notify follower to install snapshot-(t:6, i:59)
2022-09-29 01:23:46,662 [omNode-1@group-523986131536->omNode-2-GrpcLogAppender-LogAppenderDaemon] INFO  server.GrpcLogAppender (GrpcLogAppender.java:installSnapshot(549)) - omNode-1@group-523986131536->omNode-2-GrpcLogAppender: send omNode-1->omNode-2#0-t6,notify:(t:6, i:59)
2022-09-29 01:23:46,662 [omNode-2-server-thread1] INFO  server.RaftServer$Division (RaftServerImpl.java:checkInconsistentAppendEntries(1402)) - omNode-2@group-523986131536: Failed appendEntries as snapshot (59) installation is in progress
2022-09-29 01:23:46,662 [omNode-2-server-thread1] INFO  server.RaftServer$Division (RaftServerImpl.java:checkInconsistentAppendEntries(1394)) - omNode-2@group-523986131536: inconsistency entries. Reply:omNode-1<-omNode-2#836:FAIL-t6,INCONSISTENCY,nextIndex=57,followerCommit=56
2022-09-29 01:23:46,663 [grpc-default-executor-2] INFO  impl.SnapshotInstallationHandler (SnapshotInstallationHandler.java:installSnapshot(84)) - omNode-2@group-523986131536: receive installSnapshot: omNode-1->omNode-2#0-t6,notify:(t:6, i:59)
2022-09-29 01:23:46,663 [grpc-default-executor-2] INFO  impl.SnapshotInstallationHandler (SnapshotInstallationHandler.java:installSnapshot(95)) - omNode-2@group-523986131536: reply installSnapshot: omNode-1<-omNode-2#0:FAIL-t6,IN_PROGRESS
2022-09-29 01:23:46,663 [grpc-default-executor-0] INFO  leader.FollowerInfo (FollowerInfoImpl.java:lambda$new$0(48)) - omNode-1@group-523986131536->omNode-2: nextIndex: updateUnconditionally 57 -> 57
2022-09-29 01:23:46,663 [grpc-default-executor-0] INFO  server.GrpcServerProtocolService (GrpcServerProtocolService.java:onCompleted(140)) - omNode-2: Completed INSTALL_SNAPSHOT, lastRequest: omNode-1->omNode-2#0-t6,notify:(t:6, i:59)
2022-09-29 01:23:46,663 [grpc-default-executor-0] INFO  server.GrpcLogAppender (GrpcLogAppender.java:onNext(403)) - omNode-1@group-523986131536->omNode-2-InstallSnapshotResponseHandler: received a reply omNode-1<-omNode-2#0:FAIL-t6,IN_PROGRESS
2022-09-29 01:23:46,663 [grpc-default-executor-0] INFO  server.GrpcLogAppender (GrpcLogAppender.java:onNext(421)) - omNode-1@group-523986131536->omNode-2-InstallSnapshotResponseHandler: InstallSnapshot in progress.
2022-09-29 01:23:46,664 [omNode-1@group-523986131536->omNode-2-GrpcLogAppender-LogAppenderDaemon] INFO  server.GrpcLogAppender (GrpcLogAppender.java:installSnapshot(541)) - omNode-1@group-523986131536->omNode-2-GrpcLogAppender: followerNextIndex = 57 but logStartIndex = 59, notify follower to install snapshot-(t:6, i:59)
2022-09-29 01:23:46,664 [omNode-1@group-523986131536->omNode-2-GrpcLogAppender-LogAppenderDaemon] INFO  server.GrpcLogAppender (GrpcLogAppender.java:installSnapshot(549)) - omNode-1@group-523986131536->omNode-2-GrpcLogAppender: send omNode-1->omNode-2#0-t6,notify:(t:6, i:59)
2022-09-29 01:23:46,664 [omNode-2-server-thread1] INFO  server.RaftServer$Division (RaftServerImpl.java:checkInconsistentAppendEntries(1402)) - omNode-2@group-523986131536: Failed appendEntries as snapshot (59) installation is in progress
2022-09-29 01:23:46,664 [omNode-2-server-thread1] INFO  server.RaftServer$Division (RaftServerImpl.java:checkInconsistentAppendEntries(1394)) - omNode-2@group-523986131536: inconsistency entries. Reply:omNode-1<-omNode-2#837:FAIL-t6,INCONSISTENCY,nextIndex=57,followerCommit=56
2022-09-29 01:23:46,664 [grpc-default-executor-2] INFO  leader.FollowerInfo (FollowerInfoImpl.java:lambda$new$0(48)) - omNode-1@group-523986131536->omNode-2: nextIndex: updateUnconditionally 57 -> 57
2022-09-29 01:23:46,664 [grpc-default-executor-0] INFO  impl.SnapshotInstallationHandler (SnapshotInstallationHandler.java:installSnapshot(84)) - omNode-2@group-523986131536: receive installSnapshot: omNode-1->omNode-2#0-t6,notify:(t:6, i:59)
2022-09-29 01:23:46,665 [grpc-default-executor-0] INFO  impl.SnapshotInstallationHandler (SnapshotInstallationHandler.java:installSnapshot(95)) - omNode-2@group-523986131536: reply installSnapshot: omNode-1<-omNode-2#0:FAIL-t6,IN_PROGRESS
2022-09-29 01:23:46,665 [grpc-default-executor-0] INFO  server.GrpcServerProtocolService (GrpcServerProtocolService.java:onCompleted(140)) - omNode-2: Completed INSTALL_SNAPSHOT, lastRequest: omNode-1->omNode-2#0-t6,notify:(t:6, i:59)
2022-09-29 01:23:46,665 [grpc-default-executor-2] INFO  server.GrpcLogAppender (GrpcLogAppender.java:onNext(403)) - omNode-1@group-523986131536->omNode-2-InstallSnapshotResponseHandler: received a reply omNode-1<-omNode-2#0:FAIL-t6,IN_PROGRESS
2022-09-29 01:23:46,665 [grpc-default-executor-2] INFO  server.GrpcLogAppender (GrpcLogAppender.java:onNext(421)) - omNode-1@group-523986131536->omNode-2-InstallSnapshotResponseHandler: InstallSnapshot in progress.
2022-09-29 01:23:46,665 [omNode-1@group-523986131536->omNode-2-GrpcLogAppender-LogAppenderDaemon] INFO  server.GrpcLogAppender (GrpcLogAppender.java:installSnapshot(541)) - omNode-1@group-523986131536->omNode-2-GrpcLogAppender: followerNextIndex = 57 but logStartIndex = 59, notify follower to install snapshot-(t:6, i:59)
2022-09-29 01:23:46,665 [omNode-1@group-523986131536->omNode-2-GrpcLogAppender-LogAppenderDaemon] INFO  server.GrpcLogAppender (GrpcLogAppender.java:installSnapshot(549)) - omNode-1@group-523986131536->omNode-2-GrpcLogAppender: send omNode-1->omNode-2#0-t6,notify:(t:6, i:59)
2022-09-29 01:23:46,666 [omNode-2-server-thread1] INFO  server.RaftServer$Division (RaftServerImpl.java:checkInconsistentAppendEntries(1402)) - omNode-2@group-523986131536: Failed appendEntries as snapshot (59) installation is in progress
2022-09-29 01:23:46,666 [omNode-2-server-thread1] INFO  server.RaftServer$Division (RaftServerImpl.java:checkInconsistentAppendEntries(1394)) - omNode-2@group-523986131536: inconsistency entries. Reply:omNode-1<-omNode-2#838:FAIL-t6,INCONSISTENCY,nextIndex=57,followerCommit=56
2022-09-29 01:23:46,666 [grpc-default-executor-2] INFO  leader.FollowerInfo (FollowerInfoImpl.java:lambda$new$0(48)) - omNode-1@group-523986131536->omNode-2: nextIndex: updateUnconditionally 57 -> 57
2022-09-29 01:23:46,666 [grpc-default-executor-2] INFO  impl.SnapshotInstallationHandler (SnapshotInstallationHandler.java:installSnapshot(84)) - omNode-2@group-523986131536: receive installSnapshot: omNode-1->omNode-2#0-t6,notify:(t:6, i:59)
2022-09-29 01:23:46,666 [grpc-default-executor-2] INFO  impl.SnapshotInstallationHandler (SnapshotInstallationHandler.java:installSnapshot(95)) - omNode-2@group-523986131536: reply installSnapshot: omNode-1<-omNode-2#0:FAIL-t6,IN_PROGRESS
2022-09-29 01:23:46,667 [grpc-default-executor-2] INFO  server.GrpcServerProtocolService (GrpcServerProtocolService.java:onCompleted(140)) - omNode-2: Completed INSTALL_SNAPSHOT, lastRequest: omNode-1->omNode-2#0-t6,notify:(t:6, i:59)
2022-09-29 01:23:46,667 [grpc-default-executor-2] INFO  server.GrpcLogAppender (GrpcLogAppender.java:onNext(403)) - omNode-1@group-523986131536->omNode-2-InstallSnapshotResponseHandler: received a reply omNode-1<-omNode-2#0:FAIL-t6,IN_PROGRESS
2022-09-29 01:23:46,667 [grpc-default-executor-2] INFO  server.GrpcLogAppender (GrpcLogAppender.java:onNext(421)) - omNode-1@group-523986131536->omNode-2-InstallSnapshotResponseHandler: InstallSnapshot in progress.
2022-09-29 01:23:46,667 [omNode-1@group-523986131536->omNode-2-GrpcLogAppender-LogAppenderDaemon] INFO  server.GrpcLogAppender (GrpcLogAppender.java:installSnapshot(541)) - omNode-1@group-523986131536->omNode-2-GrpcLogAppender: followerNextIndex = 57 but logStartIndex = 59, notify follower to install snapshot-(t:6, i:59)
2022-09-29 01:23:46,667 [omNode-1@group-523986131536->omNode-2-GrpcLogAppender-LogAppenderDaemon] INFO  server.GrpcLogAppender (GrpcLogAppender.java:installSnapshot(549)) - omNode-1@group-523986131536->omNode-2-GrpcLogAppender: send omNode-1->omNode-2#0-t6,notify:(t:6, i:59)
2022-09-29 01:23:46,667 [omNode-2-server-thread1] INFO  server.RaftServer$Division (RaftServerImpl.java:checkInconsistentAppendEntries(1402)) - omNode-2@group-523986131536: Failed appendEntries as snapshot (59) installation is in progress
2022-09-29 01:23:46,667 [omNode-2-server-thread1] INFO  server.RaftServer$Division (RaftServerImpl.java:checkInconsistentAppendEntries(1394)) - omNode-2@group-523986131536: inconsistency entries. Reply:omNode-1<-omNode-2#839:FAIL-t6,INCONSISTENCY,nextIndex=57,followerCommit=56
2022-09-29 01:23:46,668 [grpc-default-executor-2] INFO  leader.FollowerInfo (FollowerInfoImpl.java:lambda$new$0(48)) - omNode-1@group-523986131536->omNode-2: nextIndex: updateUnconditionally 57 -> 57
2022-09-29 01:23:46,668 [grpc-default-executor-2] INFO  impl.SnapshotInstallationHandler (SnapshotInstallationHandler.java:installSnapshot(84)) - omNode-2@group-523986131536: receive installSnapshot: omNode-1->omNode-2#0-t6,notify:(t:6, i:59)
2022-09-29 01:23:46,668 [grpc-default-executor-2] INFO  impl.SnapshotInstallationHandler (SnapshotInstallationHandler.java:installSnapshot(95)) - omNode-2@group-523986131536: reply installSnapshot: omNode-1<-omNode-2#0:FAIL-t6,IN_PROGRESS
2022-09-29 01:23:46,668 [grpc-default-executor-2] INFO  server.GrpcServerProtocolService (GrpcServerProtocolService.java:onCompleted(140)) - omNode-2: Completed INSTALL_SNAPSHOT, lastRequest: omNode-1->omNode-2#0-t6,notify:(t:6, i:59)
2022-09-29 01:23:46,669 [grpc-default-executor-2] INFO  server.GrpcLogAppender (GrpcLogAppender.java:onNext(403)) - omNode-1@group-523986131536->omNode-2-InstallSnapshotResponseHandler: received a reply omNode-1<-omNode-2#0:FAIL-t6,IN_PROGRESS
2022-09-29 01:23:46,669 [grpc-default-executor-2] INFO  server.GrpcLogAppender (GrpcLogAppender.java:onNext(421)) - omNode-1@group-523986131536->omNode-2-InstallSnapshotResponseHandler: InstallSnapshot in progress.
2022-09-29 01:23:46,669 [omNode-1@group-523986131536->omNode-2-GrpcLogAppender-LogAppenderDaemon] INFO  server.GrpcLogAppender (GrpcLogAppender.java:installSnapshot(541)) - omNode-1@group-523986131536->omNode-2-GrpcLogAppender: followerNextIndex = 57 but logStartIndex = 59, notify follower to install snapshot-(t:6, i:59)
2022-09-29 01:23:46,669 [omNode-1@group-523986131536->omNode-2-GrpcLogAppender-LogAppenderDaemon] INFO  server.GrpcLogAppender (GrpcLogAppender.java:installSnapshot(549)) - omNode-1@group-523986131536->omNode-2-GrpcLogAppender: send omNode-1->omNode-2#0-t6,notify:(t:6, i:59)
2022-09-29 01:23:46,669 [omNode-2-server-thread1] INFO  server.RaftServer$Division (RaftServerImpl.java:checkInconsistentAppendEntries(1402)) - omNode-2@group-523986131536: Failed appendEntries as snapshot (59) installation is in progress
2022-09-29 01:23:46,669 [omNode-2-server-thread1] INFO  server.RaftServer$Division (RaftServerImpl.java:checkInconsistentAppendEntries(1394)) - omNode-2@group-523986131536: inconsistency entries. Reply:omNode-1<-omNode-2#840:FAIL-t6,INCONSISTENCY,nextIndex=57,followerCommit=56
2022-09-29 01:23:46,670 [grpc-default-executor-2] INFO  leader.FollowerInfo (FollowerInfoImpl.java:lambda$new$0(48)) - omNode-1@group-523986131536->omNode-2: nextIndex: updateUnconditionally 57 -> 57
2022-09-29 01:23:46,670 [grpc-default-executor-2] INFO  impl.SnapshotInstallationHandler (SnapshotInstallationHandler.java:installSnapshot(84)) - omNode-2@group-523986131536: receive installSnapshot: omNode-1->omNode-2#0-t6,notify:(t:6, i:59)
2022-09-29 01:23:46,670 [grpc-default-executor-2] INFO  impl.SnapshotInstallationHandler (SnapshotInstallationHandler.java:installSnapshot(95)) - omNode-2@group-523986131536: reply installSnapshot: omNode-1<-omNode-2#0:FAIL-t6,IN_PROGRESS
2022-09-29 01:23:46,670 [grpc-default-executor-2] INFO  server.GrpcServerProtocolService (GrpcServerProtocolService.java:onCompleted(140)) - omNode-2: Completed INSTALL_SNAPSHOT, lastRequest: omNode-1->omNode-2#0-t6,notify:(t:6, i:59)
2022-09-29 01:23:46,671 [grpc-default-executor-2] INFO  server.GrpcLogAppender (GrpcLogAppender.java:onNext(403)) - omNode-1@group-523986131536->omNode-2-InstallSnapshotResponseHandler: received a reply omNode-1<-omNode-2#0:FAIL-t6,IN_PROGRESS
2022-09-29 01:23:46,671 [grpc-default-executor-2] INFO  server.GrpcLogAppender (GrpcLogAppender.java:onNext(421)) - omNode-1@group-523986131536->omNode-2-InstallSnapshotResponseHandler: InstallSnapshot in progress.
2022-09-29 01:23:46,671 [omNode-1@group-523986131536->omNode-2-GrpcLogAppender-LogAppenderDaemon] INFO  server.GrpcLogAppender (GrpcLogAppender.java:installSnapshot(541)) - omNode-1@group-523986131536->omNode-2-GrpcLogAppender: followerNextIndex = 57 but logStartIndex = 59, notify follower to install snapshot-(t:6, i:59)
2022-09-29 01:23:46,671 [omNode-2-server-thread1] INFO  server.RaftServer$Division (RaftServerImpl.java:checkInconsistentAppendEntries(1402)) - omNode-2@group-523986131536: Failed appendEntries as snapshot (59) installation is in progress
2022-09-29 01:23:46,671 [omNode-1@group-523986131536->omNode-2-GrpcLogAppender-LogAppenderDaemon] INFO  server.GrpcLogAppender (GrpcLogAppender.java:installSnapshot(549)) - omNode-1@group-523986131536->omNode-2-GrpcLogAppender: send omNode-1->omNode-2#0-t6,notify:(t:6, i:59)
2022-09-29 01:23:46,671 [omNode-2-server-thread1] INFO  server.RaftServer$Division (RaftServerImpl.java:checkInconsistentAppendEntries(1394)) - omNode-2@group-523986131536: inconsistency entries. Reply:omNode-1<-omNode-2#841:FAIL-t6,INCONSISTENCY,nextIndex=57,followerCommit=56
2022-09-29 01:23:46,672 [grpc-default-executor-2] INFO  leader.FollowerInfo (FollowerInfoImpl.java:lambda$new$0(48)) - omNode-1@group-523986131536->omNode-2: nextIndex: updateUnconditionally 57 -> 57
2022-09-29 01:23:46,672 [grpc-default-executor-0] INFO  impl.SnapshotInstallationHandler (SnapshotInstallationHandler.java:installSnapshot(84)) - omNode-2@group-523986131536: receive installSnapshot: omNode-1->omNode-2#0-t6,notify:(t:6, i:59)
2022-09-29 01:23:46,672 [grpc-default-executor-0] INFO  impl.SnapshotInstallationHandler (SnapshotInstallationHandler.java:installSnapshot(95)) - omNode-2@group-523986131536: reply installSnapshot: omNode-1<-omNode-2#0:FAIL-t6,IN_PROGRESS
2022-09-29 01:23:46,672 [grpc-default-executor-0] INFO  server.GrpcServerProtocolService (GrpcServerProtocolService.java:onCompleted(140)) - omNode-2: Completed INSTALL_SNAPSHOT, lastRequest: omNode-1->omNode-2#0-t6,notify:(t:6, i:59)
2022-09-29 01:23:46,673 [grpc-default-executor-2] INFO  server.GrpcLogAppender (GrpcLogAppender.java:onNext(403)) - omNode-1@group-523986131536->omNode-2-InstallSnapshotResponseHandler: received a reply omNode-1<-omNode-2#0:FAIL-t6,IN_PROGRESS
2022-09-29 01:23:46,673 [grpc-default-executor-2] INFO  server.GrpcLogAppender (GrpcLogAppender.java:onNext(421)) - omNode-1@group-523986131536->omNode-2-InstallSnapshotResponseHandler: InstallSnapshot in progress.
2022-09-29 01:23:46,673 [omNode-1@group-523986131536->omNode-2-GrpcLogAppender-LogAppenderDaemon] INFO  server.GrpcLogAppender (GrpcLogAppender.java:installSnapshot(541)) - omNode-1@group-523986131536->omNode-2-GrpcLogAppender: followerNextIndex = 57 but logStartIndex = 59, notify follower to install snapshot-(t:6, i:59)
2022-09-29 01:23:46,673 [omNode-1@group-523986131536->omNode-2-GrpcLogAppender-LogAppenderDaemon] INFO  server.GrpcLogAppender (GrpcLogAppender.java:installSnapshot(549)) - omNode-1@group-523986131536->omNode-2-GrpcLogAppender: send omNode-1->omNode-2#0-t6,notify:(t:6, i:59)
2022-09-29 01:23:46,676 [omNode-2-server-thread1] INFO  server.RaftServer$Division (RaftServerImpl.java:checkInconsistentAppendEntries(1402)) - omNode-2@group-523986131536: Failed appendEntries as snapshot (59) installation is in progress
2022-09-29 01:23:46,676 [omNode-2-server-thread1] INFO  server.RaftServer$Division (RaftServerImpl.java:checkInconsistentAppendEntries(1394)) - omNode-2@group-523986131536: inconsistency entries. Reply:omNode-1<-omNode-2#842:FAIL-t6,INCONSISTENCY,nextIndex=57,followerCommit=56
2022-09-29 01:23:46,676 [grpc-default-executor-2] INFO  impl.SnapshotInstallationHandler (SnapshotInstallationHandler.java:installSnapshot(84)) - omNode-2@group-523986131536: receive installSnapshot: omNode-1->omNode-2#0-t6,notify:(t:6, i:59)
2022-09-29 01:23:46,677 [grpc-default-executor-2] INFO  impl.SnapshotInstallationHandler (SnapshotInstallationHandler.java:installSnapshot(95)) - omNode-2@group-523986131536: reply installSnapshot: omNode-1<-omNode-2#0:FAIL-t6,IN_PROGRESS
2022-09-29 01:23:46,677 [grpc-default-executor-2] INFO  server.GrpcServerProtocolService (GrpcServerProtocolService.java:onCompleted(140)) - omNode-2: Completed INSTALL_SNAPSHOT, lastRequest: omNode-1->omNode-2#0-t6,notify:(t:6, i:59)
2022-09-29 01:23:46,677 [grpc-default-executor-0] INFO  leader.FollowerInfo (FollowerInfoImpl.java:lambda$new$0(48)) - omNode-1@group-523986131536->omNode-2: nextIndex: updateUnconditionally 57 -> 57
2022-09-29 01:23:46,677 [grpc-default-executor-0] INFO  server.GrpcLogAppender (GrpcLogAppender.java:onNext(403)) - omNode-1@group-523986131536->omNode-2-InstallSnapshotResponseHandler: received a reply omNode-1<-omNode-2#0:FAIL-t6,IN_PROGRESS
2022-09-29 01:23:46,677 [grpc-default-executor-0] INFO  server.GrpcLogAppender (GrpcLogAppender.java:onNext(421)) - omNode-1@group-523986131536->omNode-2-InstallSnapshotResponseHandler: InstallSnapshot in progress.
2022-09-29 01:23:46,677 [omNode-1@group-523986131536->omNode-2-GrpcLogAppender-LogAppenderDaemon] INFO  server.GrpcLogAppender (GrpcLogAppender.java:installSnapshot(541)) - omNode-1@group-523986131536->omNode-2-GrpcLogAppender: followerNextIndex = 57 but logStartIndex = 59, notify follower to install snapshot-(t:6, i:59)
2022-09-29 01:23:46,678 [omNode-1@group-523986131536->omNode-2-GrpcLogAppender-LogAppenderDaemon] INFO  server.GrpcLogAppender (GrpcLogAppender.java:installSnapshot(549)) - omNode-1@group-523986131536->omNode-2-GrpcLogAppender: send omNode-1->omNode-2#0-t6,notify:(t:6, i:59)
2022-09-29 01:23:46,680 [omNode-2-server-thread1] INFO  server.RaftServer$Division (RaftServerImpl.java:checkInconsistentAppendEntries(1402)) - omNode-2@group-523986131536: Failed appendEntries as snapshot (59) installation is in progress
2022-09-29 01:23:46,680 [grpc-default-executor-2] INFO  impl.SnapshotInstallationHandler (SnapshotInstallationHandler.java:installSnapshot(84)) - omNode-2@group-523986131536: receive installSnapshot: omNode-1->omNode-2#0-t6,notify:(t:6, i:59)
2022-09-29 01:23:46,680 [omNode-2-server-thread1] INFO  server.RaftServer$Division (RaftServerImpl.java:checkInconsistentAppendEntries(1394)) - omNode-2@group-523986131536: inconsistency entries. Reply:omNode-1<-omNode-2#843:FAIL-t6,INCONSISTENCY,nextIndex=57,followerCommit=56
2022-09-29 01:23:46,680 [grpc-default-executor-2] INFO  impl.SnapshotInstallationHandler (SnapshotInstallationHandler.java:installSnapshot(95)) - omNode-2@group-523986131536: reply installSnapshot: omNode-1<-omNode-2#0:FAIL-t6,IN_PROGRESS
2022-09-29 01:23:46,681 [grpc-default-executor-2] INFO  server.GrpcServerProtocolService (GrpcServerProtocolService.java:onCompleted(140)) - omNode-2: Completed INSTALL_SNAPSHOT, lastRequest: omNode-1->omNode-2#0-t6,notify:(t:6, i:59)
2022-09-29 01:23:46,683 [grpc-default-executor-2] INFO  server.GrpcLogAppender (GrpcLogAppender.java:onNext(403)) - omNode-1@group-523986131536->omNode-2-InstallSnapshotResponseHandler: received a reply omNode-1<-omNode-2#0:FAIL-t6,IN_PROGRESS
2022-09-29 01:23:46,683 [grpc-default-executor-2] INFO  server.GrpcLogAppender (GrpcLogAppender.java:onNext(421)) - omNode-1@group-523986131536->omNode-2-InstallSnapshotResponseHandler: InstallSnapshot in progress.
2022-09-29 01:23:46,683 [omNode-1@group-523986131536->omNode-2-GrpcLogAppender-LogAppenderDaemon] INFO  server.GrpcLogAppender (GrpcLogAppender.java:installSnapshot(541)) - omNode-1@group-523986131536->omNode-2-GrpcLogAppender: followerNextIndex = 57 but logStartIndex = 59, notify follower to install snapshot-(t:6, i:59)
2022-09-29 01:23:46,683 [omNode-1@group-523986131536->omNode-2-GrpcLogAppender-LogAppenderDaemon] INFO  server.GrpcLogAppender (GrpcLogAppender.java:installSnapshot(549)) - omNode-1@group-523986131536->omNode-2-GrpcLogAppender: send omNode-1->omNode-2#0-t6,notify:(t:6, i:59)
2022-09-29 01:23:46,684 [omNode-2-server-thread1] INFO  server.RaftServer$Division (RaftServerImpl.java:checkInconsistentAppendEntries(1402)) - omNode-2@group-523986131536: Failed appendEntries as snapshot (59) installation is in progress
2022-09-29 01:23:46,684 [omNode-2-server-thread1] INFO  server.RaftServer$Division (RaftServerImpl.java:checkInconsistentAppendEntries(1394)) - omNode-2@group-523986131536: inconsistency entries. Reply:omNode-1<-omNode-2#844:FAIL-t6,INCONSISTENCY,nextIndex=57,followerCommit=56
2022-09-29 01:23:46,684 [grpc-default-executor-1] INFO  leader.FollowerInfo (FollowerInfoImpl.java:lambda$new$0(48)) - omNode-1@group-523986131536->omNode-2: nextIndex: updateUnconditionally 57 -> 57
2022-09-29 01:23:46,684 [grpc-default-executor-1] INFO  impl.SnapshotInstallationHandler (SnapshotInstallationHandler.java:installSnapshot(84)) - omNode-2@group-523986131536: receive installSnapshot: omNode-1->omNode-2#0-t6,notify:(t:6, i:59)
2022-09-29 01:23:46,684 [grpc-default-executor-0] INFO  leader.FollowerInfo (FollowerInfoImpl.java:lambda$new$0(48)) - omNode-1@group-523986131536->omNode-2: nextIndex: updateUnconditionally 57 -> 57
2022-09-29 01:23:46,684 [grpc-default-executor-1] INFO  impl.SnapshotInstallationHandler (SnapshotInstallationHandler.java:installSnapshot(95)) - omNode-2@group-523986131536: reply installSnapshot: omNode-1<-omNode-2#0:FAIL-t6,IN_PROGRESS
2022-09-29 01:23:46,684 [grpc-default-executor-1] INFO  server.GrpcServerProtocolService (GrpcServerProtocolService.java:onCompleted(140)) - omNode-2: Completed INSTALL_SNAPSHOT, lastRequest: omNode-1->omNode-2#0-t6,notify:(t:6, i:59)
2022-09-29 01:23:46,684 [grpc-default-executor-1] INFO  server.GrpcLogAppender (GrpcLogAppender.java:onNext(403)) - omNode-1@group-523986131536->omNode-2-InstallSnapshotResponseHandler: received a reply omNode-1<-omNode-2#0:FAIL-t6,IN_PROGRESS
2022-09-29 01:23:46,684 [grpc-default-executor-1] INFO  server.GrpcLogAppender (GrpcLogAppender.java:onNext(421)) - omNode-1@group-523986131536->omNode-2-InstallSnapshotResponseHandler: InstallSnapshot in progress.
2022-09-29 01:23:46,685 [omNode-1@group-523986131536->omNode-2-GrpcLogAppender-LogAppenderDaemon] INFO  server.GrpcLogAppender (GrpcLogAppender.java:installSnapshot(541)) - omNode-1@group-523986131536->omNode-2-GrpcLogAppender: followerNextIndex = 57 but logStartIndex = 59, notify follower to install snapshot-(t:6, i:59)
2022-09-29 01:23:46,685 [omNode-1@group-523986131536->omNode-2-GrpcLogAppender-LogAppenderDaemon] INFO  server.GrpcLogAppender (GrpcLogAppender.java:installSnapshot(549)) - omNode-1@group-523986131536->omNode-2-GrpcLogAppender: send omNode-1->omNode-2#0-t6,notify:(t:6, i:59)
2022-09-29 01:23:46,685 [omNode-2-server-thread1] INFO  server.RaftServer$Division (RaftServerImpl.java:checkInconsistentAppendEntries(1402)) - omNode-2@group-523986131536: Failed appendEntries as snapshot (59) installation is in progress
2022-09-29 01:23:46,685 [omNode-2-server-thread1] INFO  server.RaftServer$Division (RaftServerImpl.java:checkInconsistentAppendEntries(1394)) - omNode-2@group-523986131536: inconsistency entries. Reply:omNode-1<-omNode-2#845:FAIL-t6,INCONSISTENCY,nextIndex=57,followerCommit=56
2022-09-29 01:23:46,685 [grpc-default-executor-1] INFO  leader.FollowerInfo (FollowerInfoImpl.java:lambda$new$0(48)) - omNode-1@group-523986131536->omNode-2: nextIndex: updateUnconditionally 57 -> 57
2022-09-29 01:23:46,685 [grpc-default-executor-0] INFO  impl.SnapshotInstallationHandler (SnapshotInstallationHandler.java:installSnapshot(84)) - omNode-2@group-523986131536: receive installSnapshot: omNode-1->omNode-2#0-t6,notify:(t:6, i:59)
2022-09-29 01:23:46,686 [grpc-default-executor-0] INFO  impl.SnapshotInstallationHandler (SnapshotInstallationHandler.java:installSnapshot(95)) - omNode-2@group-523986131536: reply installSnapshot: omNode-1<-omNode-2#0:FAIL-t6,IN_PROGRESS
2022-09-29 01:23:46,686 [grpc-default-executor-0] INFO  server.GrpcServerProtocolService (GrpcServerProtocolService.java:onCompleted(140)) - omNode-2: Completed INSTALL_SNAPSHOT, lastRequest: omNode-1->omNode-2#0-t6,notify:(t:6, i:59)
2022-09-29 01:23:46,686 [grpc-default-executor-0] INFO  server.GrpcLogAppender (GrpcLogAppender.java:onNext(403)) - omNode-1@group-523986131536->omNode-2-InstallSnapshotResponseHandler: received a reply omNode-1<-omNode-2#0:FAIL-t6,IN_PROGRESS
2022-09-29 01:23:46,686 [grpc-default-executor-0] INFO  server.GrpcLogAppender (GrpcLogAppender.java:onNext(421)) - omNode-1@group-523986131536->omNode-2-InstallSnapshotResponseHandler: InstallSnapshot in progress.
2022-09-29 01:23:46,686 [omNode-1@group-523986131536->omNode-2-GrpcLogAppender-LogAppenderDaemon] INFO  server.GrpcLogAppender (GrpcLogAppender.java:installSnapshot(541)) - omNode-1@group-523986131536->omNode-2-GrpcLogAppender: followerNextIndex = 57 but logStartIndex = 59, notify follower to install snapshot-(t:6, i:59)
2022-09-29 01:23:46,686 [omNode-1@group-523986131536->omNode-2-GrpcLogAppender-LogAppenderDaemon] INFO  server.GrpcLogAppender (GrpcLogAppender.java:installSnapshot(549)) - omNode-1@group-523986131536->omNode-2-GrpcLogAppender: send omNode-1->omNode-2#0-t6,notify:(t:6, i:59)
2022-09-29 01:23:46,687 [omNode-2-server-thread1] INFO  server.RaftServer$Division (RaftServerImpl.java:checkInconsistentAppendEntries(1402)) - omNode-2@group-523986131536: Failed appendEntries as snapshot (59) installation is in progress
2022-09-29 01:23:46,687 [omNode-2-server-thread1] INFO  server.RaftServer$Division (RaftServerImpl.java:checkInconsistentAppendEntries(1394)) - omNode-2@group-523986131536: inconsistency entries. Reply:omNode-1<-omNode-2#846:FAIL-t6,INCONSISTENCY,nextIndex=57,followerCommit=56
2022-09-29 01:23:46,687 [grpc-default-executor-1] INFO  impl.SnapshotInstallationHandler (SnapshotInstallationHandler.java:installSnapshot(84)) - omNode-2@group-523986131536: receive installSnapshot: omNode-1->omNode-2#0-t6,notify:(t:6, i:59)
2022-09-29 01:23:46,687 [grpc-default-executor-1] INFO  impl.SnapshotInstallationHandler (SnapshotInstallationHandler.java:installSnapshot(95)) - omNode-2@group-523986131536: reply installSnapshot: omNode-1<-omNode-2#0:FAIL-t6,IN_PROGRESS
2022-09-29 01:23:46,687 [grpc-default-executor-1] INFO  server.GrpcServerProtocolService (GrpcServerProtocolService.java:onCompleted(140)) - omNode-2: Completed INSTALL_SNAPSHOT, lastRequest: omNode-1->omNode-2#0-t6,notify:(t:6, i:59)
2022-09-29 01:23:46,687 [grpc-default-executor-0] INFO  leader.FollowerInfo (FollowerInfoImpl.java:lambda$new$0(48)) - omNode-1@group-523986131536->omNode-2: nextIndex: updateUnconditionally 57 -> 57
2022-09-29 01:23:46,687 [grpc-default-executor-1] INFO  server.GrpcLogAppender (GrpcLogAppender.java:onNext(403)) - omNode-1@group-523986131536->omNode-2-InstallSnapshotResponseHandler: received a reply omNode-1<-omNode-2#0:FAIL-t6,IN_PROGRESS
2022-09-29 01:23:46,687 [grpc-default-executor-1] INFO  server.GrpcLogAppender (GrpcLogAppender.java:onNext(421)) - omNode-1@group-523986131536->omNode-2-InstallSnapshotResponseHandler: InstallSnapshot in progress.
2022-09-29 01:23:46,687 [omNode-1@group-523986131536->omNode-2-GrpcLogAppender-LogAppenderDaemon] INFO  server.GrpcLogAppender (GrpcLogAppender.java:installSnapshot(541)) - omNode-1@group-523986131536->omNode-2-GrpcLogAppender: followerNextIndex = 57 but logStartIndex = 59, notify follower to install snapshot-(t:6, i:59)
2022-09-29 01:23:46,688 [omNode-1@group-523986131536->omNode-2-GrpcLogAppender-LogAppenderDaemon] INFO  server.GrpcLogAppender (GrpcLogAppender.java:installSnapshot(549)) - omNode-1@group-523986131536->omNode-2-GrpcLogAppender: send omNode-1->omNode-2#0-t6,notify:(t:6, i:59)
2022-09-29 01:23:46,688 [omNode-2-server-thread1] INFO  server.RaftServer$Division (RaftServerImpl.java:checkInconsistentAppendEntries(1402)) - omNode-2@group-523986131536: Failed appendEntries as snapshot (59) installation is in progress
2022-09-29 01:23:46,688 [omNode-2-server-thread1] INFO  server.RaftServer$Division (RaftServerImpl.java:checkInconsistentAppendEntries(1394)) - omNode-2@group-523986131536: inconsistency entries. Reply:omNode-1<-omNode-2#847:FAIL-t6,INCONSISTENCY,nextIndex=57,followerCommit=56
2022-09-29 01:23:46,688 [grpc-default-executor-0] INFO  impl.SnapshotInstallationHandler (SnapshotInstallationHandler.java:installSnapshot(84)) - omNode-2@group-523986131536: receive installSnapshot: omNode-1->omNode-2#0-t6,notify:(t:6, i:59)
2022-09-29 01:23:46,688 [grpc-default-executor-0] INFO  impl.SnapshotInstallationHandler (SnapshotInstallationHandler.java:installSnapshot(95)) - omNode-2@group-523986131536: reply installSnapshot: omNode-1<-omNode-2#0:FAIL-t6,IN_PROGRESS
2022-09-29 01:23:46,688 [grpc-default-executor-0] INFO  server.GrpcServerProtocolService (GrpcServerProtocolService.java:onCompleted(140)) - omNode-2: Completed INSTALL_SNAPSHOT, lastRequest: omNode-1->omNode-2#0-t6,notify:(t:6, i:59)
2022-09-29 01:23:46,688 [grpc-default-executor-1] INFO  leader.FollowerInfo (FollowerInfoImpl.java:lambda$new$0(48)) - omNode-1@group-523986131536->omNode-2: nextIndex: updateUnconditionally 57 -> 57
2022-09-29 01:23:46,689 [grpc-default-executor-0] INFO  server.GrpcLogAppender (GrpcLogAppender.java:onNext(403)) - omNode-1@group-523986131536->omNode-2-InstallSnapshotResponseHandler: received a reply omNode-1<-omNode-2#0:FAIL-t6,IN_PROGRESS
2022-09-29 01:23:46,689 [grpc-default-executor-0] INFO  server.GrpcLogAppender (GrpcLogAppender.java:onNext(421)) - omNode-1@group-523986131536->omNode-2-InstallSnapshotResponseHandler: InstallSnapshot in progress.
2022-09-29 01:23:46,689 [omNode-1@group-523986131536->omNode-2-GrpcLogAppender-LogAppenderDaemon] INFO  server.GrpcLogAppender (GrpcLogAppender.java:installSnapshot(541)) - omNode-1@group-523986131536->omNode-2-GrpcLogAppender: followerNextIndex = 57 but logStartIndex = 59, notify follower to install snapshot-(t:6, i:59)
2022-09-29 01:23:46,689 [omNode-1@group-523986131536->omNode-2-GrpcLogAppender-LogAppenderDaemon] INFO  server.GrpcLogAppender (GrpcLogAppender.java:installSnapshot(549)) - omNode-1@group-523986131536->omNode-2-GrpcLogAppender: send omNode-1->omNode-2#0-t6,notify:(t:6, i:59)
2022-09-29 01:23:46,689 [omNode-2-server-thread1] INFO  server.RaftServer$Division (RaftServerImpl.java:checkInconsistentAppendEntries(1402)) - omNode-2@group-523986131536: Failed appendEntries as snapshot (59) installation is in progress
2022-09-29 01:23:46,689 [omNode-2-server-thread1] INFO  server.RaftServer$Division (RaftServerImpl.java:checkInconsistentAppendEntries(1394)) - omNode-2@group-523986131536: inconsistency entries. Reply:omNode-1<-omNode-2#848:FAIL-t6,INCONSISTENCY,nextIndex=57,followerCommit=56
2022-09-29 01:23:46,689 [grpc-default-executor-1] INFO  impl.SnapshotInstallationHandler (SnapshotInstallationHandler.java:installSnapshot(84)) - omNode-2@group-523986131536: receive installSnapshot: omNode-1->omNode-2#0-t6,notify:(t:6, i:59)
2022-09-29 01:23:46,689 [grpc-default-executor-1] INFO  impl.SnapshotInstallationHandler (SnapshotInstallationHandler.java:installSnapshot(95)) - omNode-2@group-523986131536: reply installSnapshot: omNode-1<-omNode-2#0:FAIL-t6,IN_PROGRESS
2022-09-29 01:23:46,690 [grpc-default-executor-1] INFO  server.GrpcServerProtocolService (GrpcServerProtocolService.java:onCompleted(140)) - omNode-2: Completed INSTALL_SNAPSHOT, lastRequest: omNode-1->omNode-2#0-t6,notify:(t:6, i:59)
2022-09-29 01:23:46,690 [grpc-default-executor-0] INFO  leader.FollowerInfo (FollowerInfoImpl.java:lambda$new$0(48)) - omNode-1@group-523986131536->omNode-2: nextIndex: updateUnconditionally 57 -> 57
2022-09-29 01:23:46,690 [grpc-default-executor-1] INFO  server.GrpcLogAppender (GrpcLogAppender.java:onNext(403)) - omNode-1@group-523986131536->omNode-2-InstallSnapshotResponseHandler: received a reply omNode-1<-omNode-2#0:FAIL-t6,IN_PROGRESS
2022-09-29 01:23:46,690 [grpc-default-executor-1] INFO  server.GrpcLogAppender (GrpcLogAppender.java:onNext(421)) - omNode-1@group-523986131536->omNode-2-InstallSnapshotResponseHandler: InstallSnapshot in progress.
2022-09-29 01:23:46,690 [omNode-1@group-523986131536->omNode-2-GrpcLogAppender-LogAppenderDaemon] INFO  server.GrpcLogAppender (GrpcLogAppender.java:installSnapshot(541)) - omNode-1@group-523986131536->omNode-2-GrpcLogAppender: followerNextIndex = 57 but logStartIndex = 59, notify follower to install snapshot-(t:6, i:59)
2022-09-29 01:23:46,690 [omNode-1@group-523986131536->omNode-2-GrpcLogAppender-LogAppenderDaemon] INFO  server.GrpcLogAppender (GrpcLogAppender.java:installSnapshot(549)) - omNode-1@group-523986131536->omNode-2-GrpcLogAppender: send omNode-1->omNode-2#0-t6,notify:(t:6, i:59)
2022-09-29 01:23:46,690 [omNode-2-server-thread1] INFO  server.RaftServer$Division (RaftServerImpl.java:checkInconsistentAppendEntries(1402)) - omNode-2@group-523986131536: Failed appendEntries as snapshot (59) installation is in progress
2022-09-29 01:23:46,690 [omNode-2-server-thread1] INFO  server.RaftServer$Division (RaftServerImpl.java:checkInconsistentAppendEntries(1394)) - omNode-2@group-523986131536: inconsistency entries. Reply:omNode-1<-omNode-2#849:FAIL-t6,INCONSISTENCY,nextIndex=57,followerCommit=56
2022-09-29 01:23:46,691 [grpc-default-executor-1] INFO  impl.SnapshotInstallationHandler (SnapshotInstallationHandler.java:installSnapshot(84)) - omNode-2@group-523986131536: receive installSnapshot: omNode-1->omNode-2#0-t6,notify:(t:6, i:59)
2022-09-29 01:23:46,691 [grpc-default-executor-1] INFO  impl.SnapshotInstallationHandler (SnapshotInstallationHandler.java:installSnapshot(95)) - omNode-2@group-523986131536: reply installSnapshot: omNode-1<-omNode-2#0:FAIL-t6,IN_PROGRESS
2022-09-29 01:23:46,691 [grpc-default-executor-1] INFO  server.GrpcServerProtocolService (GrpcServerProtocolService.java:onCompleted(140)) - omNode-2: Completed INSTALL_SNAPSHOT, lastRequest: omNode-1->omNode-2#0-t6,notify:(t:6, i:59)
2022-09-29 01:23:46,691 [grpc-default-executor-0] INFO  leader.FollowerInfo (FollowerInfoImpl.java:lambda$new$0(48)) - omNode-1@group-523986131536->omNode-2: nextIndex: updateUnconditionally 57 -> 57
2022-09-29 01:23:46,691 [grpc-default-executor-1] INFO  server.GrpcLogAppender (GrpcLogAppender.java:onNext(403)) - omNode-1@group-523986131536->omNode-2-InstallSnapshotResponseHandler: received a reply omNode-1<-omNode-2#0:FAIL-t6,IN_PROGRESS
2022-09-29 01:23:46,691 [grpc-default-executor-1] INFO  server.GrpcLogAppender (GrpcLogAppender.java:onNext(421)) - omNode-1@group-523986131536->omNode-2-InstallSnapshotResponseHandler: InstallSnapshot in progress.
2022-09-29 01:23:46,691 [omNode-1@group-523986131536->omNode-2-GrpcLogAppender-LogAppenderDaemon] INFO  server.GrpcLogAppender (GrpcLogAppender.java:installSnapshot(541)) - omNode-1@group-523986131536->omNode-2-GrpcLogAppender: followerNextIndex = 57 but logStartIndex = 59, notify follower to install snapshot-(t:6, i:59)
2022-09-29 01:23:46,691 [omNode-1@group-523986131536->omNode-2-GrpcLogAppender-LogAppenderDaemon] INFO  server.GrpcLogAppender (GrpcLogAppender.java:installSnapshot(549)) - omNode-1@group-523986131536->omNode-2-GrpcLogAppender: send omNode-1->omNode-2#0-t6,notify:(t:6, i:59)
2022-09-29 01:23:46,692 [omNode-2-server-thread1] INFO  server.RaftServer$Division (RaftServerImpl.java:checkInconsistentAppendEntries(1402)) - omNode-2@group-523986131536: Failed appendEntries as snapshot (59) installation is in progress
2022-09-29 01:23:46,692 [omNode-2-server-thread1] INFO  server.RaftServer$Division (RaftServerImpl.java:checkInconsistentAppendEntries(1394)) - omNode-2@group-523986131536: inconsistency entries. Reply:omNode-1<-omNode-2#850:FAIL-t6,INCONSISTENCY,nextIndex=57,followerCommit=56
2022-09-29 01:23:46,692 [grpc-default-executor-1] INFO  impl.SnapshotInstallationHandler (SnapshotInstallationHandler.java:installSnapshot(84)) - omNode-2@group-523986131536: receive installSnapshot: omNode-1->omNode-2#0-t6,notify:(t:6, i:59)
2022-09-29 01:23:46,692 [grpc-default-executor-1] INFO  impl.SnapshotInstallationHandler (SnapshotInstallationHandler.java:installSnapshot(95)) - omNode-2@group-523986131536: reply installSnapshot: omNode-1<-omNode-2#0:FAIL-t6,IN_PROGRESS
2022-09-29 01:23:46,692 [grpc-default-executor-1] INFO  server.GrpcServerProtocolService (GrpcServerProtocolService.java:onCompleted(140)) - omNode-2: Completed INSTALL_SNAPSHOT, lastRequest: omNode-1->omNode-2#0-t6,notify:(t:6, i:59)
2022-09-29 01:23:46,692 [grpc-default-executor-0] INFO  leader.FollowerInfo (FollowerInfoImpl.java:lambda$new$0(48)) - omNode-1@group-523986131536->omNode-2: nextIndex: updateUnconditionally 57 -> 57
2022-09-29 01:23:46,693 [grpc-default-executor-0] INFO  server.GrpcLogAppender (GrpcLogAppender.java:onNext(403)) - omNode-1@group-523986131536->omNode-2-InstallSnapshotResponseHandler: received a reply omNode-1<-omNode-2#0:FAIL-t6,IN_PROGRESS
2022-09-29 01:23:46,693 [grpc-default-executor-0] INFO  server.GrpcLogAppender (GrpcLogAppender.java:onNext(421)) - omNode-1@group-523986131536->omNode-2-InstallSnapshotResponseHandler: InstallSnapshot in progress.
2022-09-29 01:23:46,693 [omNode-1@group-523986131536->omNode-2-GrpcLogAppender-LogAppenderDaemon] INFO  server.GrpcLogAppender (GrpcLogAppender.java:installSnapshot(541)) - omNode-1@group-523986131536->omNode-2-GrpcLogAppender: followerNextIndex = 57 but logStartIndex = 59, notify follower to install snapshot-(t:6, i:59)
2022-09-29 01:23:46,693 [omNode-1@group-523986131536->omNode-2-GrpcLogAppender-LogAppenderDaemon] INFO  server.GrpcLogAppender (GrpcLogAppender.java:installSnapshot(549)) - omNode-1@group-523986131536->omNode-2-GrpcLogAppender: send omNode-1->omNode-2#0-t6,notify:(t:6, i:59)
2022-09-29 01:23:46,693 [omNode-2-server-thread1] INFO  server.RaftServer$Division (RaftServerImpl.java:checkInconsistentAppendEntries(1402)) - omNode-2@group-523986131536: Failed appendEntries as snapshot (59) installation is in progress
2022-09-29 01:23:46,693 [omNode-2-server-thread1] INFO  server.RaftServer$Division (RaftServerImpl.java:checkInconsistentAppendEntries(1394)) - omNode-2@group-523986131536: inconsistency entries. Reply:omNode-1<-omNode-2#851:FAIL-t6,INCONSISTENCY,nextIndex=57,followerCommit=56
2022-09-29 01:23:46,694 [grpc-default-executor-1] INFO  leader.FollowerInfo (FollowerInfoImpl.java:lambda$new$0(48)) - omNode-1@group-523986131536->omNode-2: nextIndex: updateUnconditionally 57 -> 57
2022-09-29 01:23:46,694 [grpc-default-executor-2] INFO  impl.SnapshotInstallationHandler (SnapshotInstallationHandler.java:installSnapshot(84)) - omNode-2@group-523986131536: receive installSnapshot: omNode-1->omNode-2#0-t6,notify:(t:6, i:59)
2022-09-29 01:23:46,694 [grpc-default-executor-2] INFO  impl.SnapshotInstallationHandler (SnapshotInstallationHandler.java:installSnapshot(95)) - omNode-2@group-523986131536: reply installSnapshot: omNode-1<-omNode-2#0:FAIL-t6,IN_PROGRESS
2022-09-29 01:23:46,694 [grpc-default-executor-2] INFO  server.GrpcServerProtocolService (GrpcServerProtocolService.java:onCompleted(140)) - omNode-2: Completed INSTALL_SNAPSHOT, lastRequest: omNode-1->omNode-2#0-t6,notify:(t:6, i:59)
2022-09-29 01:23:46,695 [grpc-default-executor-1] INFO  server.GrpcLogAppender (GrpcLogAppender.java:onNext(403)) - omNode-1@group-523986131536->omNode-2-InstallSnapshotResponseHandler: received a reply omNode-1<-omNode-2#0:FAIL-t6,IN_PROGRESS
2022-09-29 01:23:46,695 [grpc-default-executor-1] INFO  server.GrpcLogAppender (GrpcLogAppender.java:onNext(421)) - omNode-1@group-523986131536->omNode-2-InstallSnapshotResponseHandler: InstallSnapshot in progress.
2022-09-29 01:23:46,695 [omNode-1@group-523986131536->omNode-2-GrpcLogAppender-LogAppenderDaemon] INFO  server.GrpcLogAppender (GrpcLogAppender.java:installSnapshot(541)) - omNode-1@group-523986131536->omNode-2-GrpcLogAppender: followerNextIndex = 57 but logStartIndex = 59, notify follower to install snapshot-(t:6, i:59)
2022-09-29 01:23:46,695 [omNode-1@group-523986131536->omNode-2-GrpcLogAppender-LogAppenderDaemon] INFO  server.GrpcLogAppender (GrpcLogAppender.java:installSnapshot(549)) - omNode-1@group-523986131536->omNode-2-GrpcLogAppender: send omNode-1->omNode-2#0-t6,notify:(t:6, i:59)
2022-09-29 01:23:46,696 [omNode-2-server-thread1] INFO  server.RaftServer$Division (RaftServerImpl.java:checkInconsistentAppendEntries(1402)) - omNode-2@group-523986131536: Failed appendEntries as snapshot (59) installation is in progress
2022-09-29 01:23:46,696 [omNode-2-server-thread1] INFO  server.RaftServer$Division (RaftServerImpl.java:checkInconsistentAppendEntries(1394)) - omNode-2@group-523986131536: inconsistency entries. Reply:omNode-1<-omNode-2#852:FAIL-t6,INCONSISTENCY,nextIndex=57,followerCommit=56
2022-09-29 01:23:46,697 [grpc-default-executor-1] INFO  impl.SnapshotInstallationHandler (SnapshotInstallationHandler.java:installSnapshot(84)) - omNode-2@group-523986131536: receive installSnapshot: omNode-1->omNode-2#0-t6,notify:(t:6, i:59)
2022-09-29 01:23:46,697 [grpc-default-executor-1] INFO  impl.SnapshotInstallationHandler (SnapshotInstallationHandler.java:installSnapshot(95)) - omNode-2@group-523986131536: reply installSnapshot: omNode-1<-omNode-2#0:FAIL-t6,IN_PROGRESS
2022-09-29 01:23:46,697 [grpc-default-executor-2] INFO  leader.FollowerInfo (FollowerInfoImpl.java:lambda$new$0(48)) - omNode-1@group-523986131536->omNode-2: nextIndex: updateUnconditionally 57 -> 57
2022-09-29 01:23:46,697 [grpc-default-executor-1] INFO  server.GrpcServerProtocolService (GrpcServerProtocolService.java:onCompleted(140)) - omNode-2: Completed INSTALL_SNAPSHOT, lastRequest: omNode-1->omNode-2#0-t6,notify:(t:6, i:59)
2022-09-29 01:23:46,697 [grpc-default-executor-1] INFO  server.GrpcLogAppender (GrpcLogAppender.java:onNext(403)) - omNode-1@group-523986131536->omNode-2-InstallSnapshotResponseHandler: received a reply omNode-1<-omNode-2#0:FAIL-t6,IN_PROGRESS
2022-09-29 01:23:46,697 [grpc-default-executor-1] INFO  server.GrpcLogAppender (GrpcLogAppender.java:onNext(421)) - omNode-1@group-523986131536->omNode-2-InstallSnapshotResponseHandler: InstallSnapshot in progress.
2022-09-29 01:23:46,697 [omNode-1@group-523986131536->omNode-2-GrpcLogAppender-LogAppenderDaemon] INFO  server.GrpcLogAppender (GrpcLogAppender.java:installSnapshot(541)) - omNode-1@group-523986131536->omNode-2-GrpcLogAppender: followerNextIndex = 57 but logStartIndex = 59, notify follower to install snapshot-(t:6, i:59)
2022-09-29 01:23:46,697 [omNode-1@group-523986131536->omNode-2-GrpcLogAppender-LogAppenderDaemon] INFO  server.GrpcLogAppender (GrpcLogAppender.java:installSnapshot(549)) - omNode-1@group-523986131536->omNode-2-GrpcLogAppender: send omNode-1->omNode-2#0-t6,notify:(t:6, i:59)
2022-09-29 01:23:46,700 [omNode-2-server-thread1] INFO  server.RaftServer$Division (RaftServerImpl.java:checkInconsistentAppendEntries(1402)) - omNode-2@group-523986131536: Failed appendEntries as snapshot (59) installation is in progress
2022-09-29 01:23:46,700 [omNode-2-server-thread1] INFO  server.RaftServer$Division (RaftServerImpl.java:checkInconsistentAppendEntries(1394)) - omNode-2@group-523986131536: inconsistency entries. Reply:omNode-1<-omNode-2#853:FAIL-t6,INCONSISTENCY,nextIndex=57,followerCommit=56
2022-09-29 01:23:46,700 [grpc-default-executor-0] INFO  impl.SnapshotInstallationHandler (SnapshotInstallationHandler.java:installSnapshot(84)) - omNode-2@group-523986131536: receive installSnapshot: omNode-1->omNode-2#0-t6,notify:(t:6, i:59)
2022-09-29 01:23:46,700 [grpc-default-executor-0] INFO  impl.SnapshotInstallationHandler (SnapshotInstallationHandler.java:installSnapshot(95)) - omNode-2@group-523986131536: reply installSnapshot: omNode-1<-omNode-2#0:FAIL-t6,IN_PROGRESS
2022-09-29 01:23:46,700 [grpc-default-executor-2] INFO  leader.FollowerInfo (FollowerInfoImpl.java:lambda$new$0(48)) - omNode-1@group-523986131536->omNode-2: nextIndex: updateUnconditionally 57 -> 57
2022-09-29 01:23:46,700 [grpc-default-executor-0] INFO  server.GrpcServerProtocolService (GrpcServerProtocolService.java:onCompleted(140)) - omNode-2: Completed INSTALL_SNAPSHOT, lastRequest: omNode-1->omNode-2#0-t6,notify:(t:6, i:59)
2022-09-29 01:23:46,701 [grpc-default-executor-1] INFO  server.GrpcLogAppender (GrpcLogAppender.java:onNext(403)) - omNode-1@group-523986131536->omNode-2-InstallSnapshotResponseHandler: received a reply omNode-1<-omNode-2#0:FAIL-t6,IN_PROGRESS
2022-09-29 01:23:46,701 [grpc-default-executor-1] INFO  server.GrpcLogAppender (GrpcLogAppender.java:onNext(421)) - omNode-1@group-523986131536->omNode-2-InstallSnapshotResponseHandler: InstallSnapshot in progress.
2022-09-29 01:23:46,701 [omNode-1@group-523986131536->omNode-2-GrpcLogAppender-LogAppenderDaemon] INFO  server.GrpcLogAppender (GrpcLogAppender.java:installSnapshot(541)) - omNode-1@group-523986131536->omNode-2-GrpcLogAppender: followerNextIndex = 57 but logStartIndex = 59, notify follower to install snapshot-(t:6, i:59)
2022-09-29 01:23:46,701 [omNode-1@group-523986131536->omNode-2-GrpcLogAppender-LogAppenderDaemon] INFO  server.GrpcLogAppender (GrpcLogAppender.java:installSnapshot(549)) - omNode-1@group-523986131536->omNode-2-GrpcLogAppender: send omNode-1->omNode-2#0-t6,notify:(t:6, i:59)
2022-09-29 01:23:46,701 [omNode-2-server-thread1] INFO  server.RaftServer$Division (RaftServerImpl.java:checkInconsistentAppendEntries(1402)) - omNode-2@group-523986131536: Failed appendEntries as snapshot (59) installation is in progress
2022-09-29 01:23:46,701 [omNode-2-server-thread1] INFO  server.RaftServer$Division (RaftServerImpl.java:checkInconsistentAppendEntries(1394)) - omNode-2@group-523986131536: inconsistency entries. Reply:omNode-1<-omNode-2#854:FAIL-t6,INCONSISTENCY,nextIndex=57,followerCommit=56
2022-09-29 01:23:46,701 [grpc-default-executor-0] INFO  leader.FollowerInfo (FollowerInfoImpl.java:lambda$new$0(48)) - omNode-1@group-523986131536->omNode-2: nextIndex: updateUnconditionally 57 -> 57
2022-09-29 01:23:46,701 [grpc-default-executor-1] INFO  impl.SnapshotInstallationHandler (SnapshotInstallationHandler.java:installSnapshot(84)) - omNode-2@group-523986131536: receive installSnapshot: omNode-1->omNode-2#0-t6,notify:(t:6, i:59)
2022-09-29 01:23:46,702 [grpc-default-executor-1] INFO  impl.SnapshotInstallationHandler (SnapshotInstallationHandler.java:installSnapshot(95)) - omNode-2@group-523986131536: reply installSnapshot: omNode-1<-omNode-2#0:FAIL-t6,IN_PROGRESS
2022-09-29 01:23:46,702 [grpc-default-executor-1] INFO  server.GrpcServerProtocolService (GrpcServerProtocolService.java:onCompleted(140)) - omNode-2: Completed INSTALL_SNAPSHOT, lastRequest: omNode-1->omNode-2#0-t6,notify:(t:6, i:59)
2022-09-29 01:23:46,702 [grpc-default-executor-1] INFO  server.GrpcLogAppender (GrpcLogAppender.java:onNext(403)) - omNode-1@group-523986131536->omNode-2-InstallSnapshotResponseHandler: received a reply omNode-1<-omNode-2#0:FAIL-t6,IN_PROGRESS
2022-09-29 01:23:46,702 [grpc-default-executor-1] INFO  server.GrpcLogAppender (GrpcLogAppender.java:onNext(421)) - omNode-1@group-523986131536->omNode-2-InstallSnapshotResponseHandler: InstallSnapshot in progress.
2022-09-29 01:23:46,702 [omNode-1@group-523986131536->omNode-2-GrpcLogAppender-LogAppenderDaemon] INFO  server.GrpcLogAppender (GrpcLogAppender.java:installSnapshot(541)) - omNode-1@group-523986131536->omNode-2-GrpcLogAppender: followerNextIndex = 57 but logStartIndex = 59, notify follower to install snapshot-(t:6, i:59)
2022-09-29 01:23:46,702 [omNode-1@group-523986131536->omNode-2-GrpcLogAppender-LogAppenderDaemon] INFO  server.GrpcLogAppender (GrpcLogAppender.java:installSnapshot(549)) - omNode-1@group-523986131536->omNode-2-GrpcLogAppender: send omNode-1->omNode-2#0-t6,notify:(t:6, i:59)
2022-09-29 01:23:46,702 [omNode-2-server-thread1] INFO  server.RaftServer$Division (RaftServerImpl.java:checkInconsistentAppendEntries(1402)) - omNode-2@group-523986131536: Failed appendEntries as snapshot (59) installation is in progress
2022-09-29 01:23:46,702 [omNode-2-server-thread1] INFO  server.RaftServer$Division (RaftServerImpl.java:checkInconsistentAppendEntries(1394)) - omNode-2@group-523986131536: inconsistency entries. Reply:omNode-1<-omNode-2#855:FAIL-t6,INCONSISTENCY,nextIndex=57,followerCommit=56
2022-09-29 01:23:46,703 [grpc-default-executor-0] INFO  leader.FollowerInfo (FollowerInfoImpl.java:lambda$new$0(48)) - omNode-1@group-523986131536->omNode-2: nextIndex: updateUnconditionally 57 -> 57
2022-09-29 01:23:46,703 [grpc-default-executor-1] INFO  impl.SnapshotInstallationHandler (SnapshotInstallationHandler.java:installSnapshot(84)) - omNode-2@group-523986131536: receive installSnapshot: omNode-1->omNode-2#0-t6,notify:(t:6, i:59)
2022-09-29 01:23:46,703 [grpc-default-executor-1] INFO  impl.SnapshotInstallationHandler (SnapshotInstallationHandler.java:installSnapshot(95)) - omNode-2@group-523986131536: reply installSnapshot: omNode-1<-omNode-2#0:FAIL-t6,IN_PROGRESS
2022-09-29 01:23:46,703 [grpc-default-executor-1] INFO  server.GrpcServerProtocolService (GrpcServerProtocolService.java:onCompleted(140)) - omNode-2: Completed INSTALL_SNAPSHOT, lastRequest: omNode-1->omNode-2#0-t6,notify:(t:6, i:59)
2022-09-29 01:23:46,703 [grpc-default-executor-1] INFO  server.GrpcLogAppender (GrpcLogAppender.java:onNext(403)) - omNode-1@group-523986131536->omNode-2-InstallSnapshotResponseHandler: received a reply omNode-1<-omNode-2#0:FAIL-t6,IN_PROGRESS
2022-09-29 01:23:46,703 [grpc-default-executor-1] INFO  server.GrpcLogAppender (GrpcLogAppender.java:onNext(421)) - omNode-1@group-523986131536->omNode-2-InstallSnapshotResponseHandler: InstallSnapshot in progress.
2022-09-29 01:23:46,703 [omNode-1@group-523986131536->omNode-2-GrpcLogAppender-LogAppenderDaemon] INFO  server.GrpcLogAppender (GrpcLogAppender.java:installSnapshot(541)) - omNode-1@group-523986131536->omNode-2-GrpcLogAppender: followerNextIndex = 57 but logStartIndex = 59, notify follower to install snapshot-(t:6, i:59)
2022-09-29 01:23:46,703 [omNode-1@group-523986131536->omNode-2-GrpcLogAppender-LogAppenderDaemon] INFO  server.GrpcLogAppender (GrpcLogAppender.java:installSnapshot(549)) - omNode-1@group-523986131536->omNode-2-GrpcLogAppender: send omNode-1->omNode-2#0-t6,notify:(t:6, i:59)
2022-09-29 01:23:46,704 [omNode-2-server-thread1] INFO  server.RaftServer$Division (RaftServerImpl.java:checkInconsistentAppendEntries(1402)) - omNode-2@group-523986131536: Failed appendEntries as snapshot (59) installation is in progress
2022-09-29 01:23:46,704 [omNode-2-server-thread1] INFO  server.RaftServer$Division (RaftServerImpl.java:checkInconsistentAppendEntries(1394)) - omNode-2@group-523986131536: inconsistency entries. Reply:omNode-1<-omNode-2#856:FAIL-t6,INCONSISTENCY,nextIndex=57,followerCommit=56
2022-09-29 01:23:46,704 [grpc-default-executor-0] INFO  leader.FollowerInfo (FollowerInfoImpl.java:lambda$new$0(48)) - omNode-1@group-523986131536->omNode-2: nextIndex: updateUnconditionally 57 -> 57
2022-09-29 01:23:46,704 [grpc-default-executor-1] INFO  impl.SnapshotInstallationHandler (SnapshotInstallationHandler.java:installSnapshot(84)) - omNode-2@group-523986131536: receive installSnapshot: omNode-1->omNode-2#0-t6,notify:(t:6, i:59)
2022-09-29 01:23:46,704 [grpc-default-executor-1] INFO  impl.SnapshotInstallationHandler (SnapshotInstallationHandler.java:installSnapshot(95)) - omNode-2@group-523986131536: reply installSnapshot: omNode-1<-omNode-2#0:FAIL-t6,IN_PROGRESS
2022-09-29 01:23:46,704 [grpc-default-executor-1] INFO  server.GrpcServerProtocolService (GrpcServerProtocolService.java:onCompleted(140)) - omNode-2: Completed INSTALL_SNAPSHOT, lastRequest: omNode-1->omNode-2#0-t6,notify:(t:6, i:59)
2022-09-29 01:23:46,705 [grpc-default-executor-1] INFO  server.GrpcLogAppender (GrpcLogAppender.java:onNext(403)) - omNode-1@group-523986131536->omNode-2-InstallSnapshotResponseHandler: received a reply omNode-1<-omNode-2#0:FAIL-t6,IN_PROGRESS
2022-09-29 01:23:46,705 [grpc-default-executor-1] INFO  server.GrpcLogAppender (GrpcLogAppender.java:onNext(421)) - omNode-1@group-523986131536->omNode-2-InstallSnapshotResponseHandler: InstallSnapshot in progress.
2022-09-29 01:23:46,705 [omNode-1@group-523986131536->omNode-2-GrpcLogAppender-LogAppenderDaemon] INFO  server.GrpcLogAppender (GrpcLogAppender.java:installSnapshot(541)) - omNode-1@group-523986131536->omNode-2-GrpcLogAppender: followerNextIndex = 57 but logStartIndex = 59, notify follower to install snapshot-(t:6, i:59)
2022-09-29 01:23:46,705 [omNode-1@group-523986131536->omNode-2-GrpcLogAppender-LogAppenderDaemon] INFO  server.GrpcLogAppender (GrpcLogAppender.java:installSnapshot(549)) - omNode-1@group-523986131536->omNode-2-GrpcLogAppender: send omNode-1->omNode-2#0-t6,notify:(t:6, i:59)
2022-09-29 01:23:46,705 [omNode-2-server-thread1] INFO  server.RaftServer$Division (RaftServerImpl.java:checkInconsistentAppendEntries(1402)) - omNode-2@group-523986131536: Failed appendEntries as snapshot (59) installation is in progress
2022-09-29 01:23:46,705 [omNode-2-server-thread1] INFO  server.RaftServer$Division (RaftServerImpl.java:checkInconsistentAppendEntries(1394)) - omNode-2@group-523986131536: inconsistency entries. Reply:omNode-1<-omNode-2#857:FAIL-t6,INCONSISTENCY,nextIndex=57,followerCommit=56
2022-09-29 01:23:46,706 [grpc-default-executor-1] INFO  impl.SnapshotInstallationHandler (SnapshotInstallationHandler.java:installSnapshot(84)) - omNode-2@group-523986131536: receive installSnapshot: omNode-1->omNode-2#0-t6,notify:(t:6, i:59)
2022-09-29 01:23:46,706 [grpc-default-executor-0] INFO  leader.FollowerInfo (FollowerInfoImpl.java:lambda$new$0(48)) - omNode-1@group-523986131536->omNode-2: nextIndex: updateUnconditionally 57 -> 57
2022-09-29 01:23:46,706 [grpc-default-executor-1] INFO  impl.SnapshotInstallationHandler (SnapshotInstallationHandler.java:installSnapshot(95)) - omNode-2@group-523986131536: reply installSnapshot: omNode-1<-omNode-2#0:FAIL-t6,IN_PROGRESS
2022-09-29 01:23:46,707 [grpc-default-executor-1] INFO  server.GrpcServerProtocolService (GrpcServerProtocolService.java:onCompleted(140)) - omNode-2: Completed INSTALL_SNAPSHOT, lastRequest: omNode-1->omNode-2#0-t6,notify:(t:6, i:59)
2022-09-29 01:23:46,707 [grpc-default-executor-1] INFO  server.GrpcLogAppender (GrpcLogAppender.java:onNext(403)) - omNode-1@group-523986131536->omNode-2-InstallSnapshotResponseHandler: received a reply omNode-1<-omNode-2#0:FAIL-t6,IN_PROGRESS
2022-09-29 01:23:46,707 [grpc-default-executor-1] INFO  server.GrpcLogAppender (GrpcLogAppender.java:onNext(421)) - omNode-1@group-523986131536->omNode-2-InstallSnapshotResponseHandler: InstallSnapshot in progress.
2022-09-29 01:23:46,707 [omNode-1@group-523986131536->omNode-2-GrpcLogAppender-LogAppenderDaemon] INFO  server.GrpcLogAppender (GrpcLogAppender.java:installSnapshot(541)) - omNode-1@group-523986131536->omNode-2-GrpcLogAppender: followerNextIndex = 57 but logStartIndex = 59, notify follower to install snapshot-(t:6, i:59)
2022-09-29 01:23:46,707 [omNode-1@group-523986131536->omNode-2-GrpcLogAppender-LogAppenderDaemon] INFO  server.GrpcLogAppender (GrpcLogAppender.java:installSnapshot(549)) - omNode-1@group-523986131536->omNode-2-GrpcLogAppender: send omNode-1->omNode-2#0-t6,notify:(t:6, i:59)
2022-09-29 01:23:46,707 [omNode-2-server-thread1] INFO  server.RaftServer$Division (RaftServerImpl.java:checkInconsistentAppendEntries(1402)) - omNode-2@group-523986131536: Failed appendEntries as snapshot (59) installation is in progress
2022-09-29 01:23:46,707 [omNode-2-server-thread1] INFO  server.RaftServer$Division (RaftServerImpl.java:checkInconsistentAppendEntries(1394)) - omNode-2@group-523986131536: inconsistency entries. Reply:omNode-1<-omNode-2#858:FAIL-t6,INCONSISTENCY,nextIndex=57,followerCommit=56
2022-09-29 01:23:46,708 [grpc-default-executor-2] INFO  leader.FollowerInfo (FollowerInfoImpl.java:lambda$new$0(48)) - omNode-1@group-523986131536->omNode-2: nextIndex: updateUnconditionally 57 -> 57
2022-09-29 01:23:46,708 [grpc-default-executor-3] INFO  impl.SnapshotInstallationHandler (SnapshotInstallationHandler.java:installSnapshot(84)) - omNode-2@group-523986131536: receive installSnapshot: omNode-1->omNode-2#0-t6,notify:(t:6, i:59)
2022-09-29 01:23:46,708 [grpc-default-executor-3] INFO  impl.SnapshotInstallationHandler (SnapshotInstallationHandler.java:installSnapshot(95)) - omNode-2@group-523986131536: reply installSnapshot: omNode-1<-omNode-2#0:FAIL-t6,IN_PROGRESS
2022-09-29 01:23:46,708 [grpc-default-executor-3] INFO  server.GrpcServerProtocolService (GrpcServerProtocolService.java:onCompleted(140)) - omNode-2: Completed INSTALL_SNAPSHOT, lastRequest: omNode-1->omNode-2#0-t6,notify:(t:6, i:59)
2022-09-29 01:23:46,708 [grpc-default-executor-2] INFO  server.GrpcLogAppender (GrpcLogAppender.java:onNext(403)) - omNode-1@group-523986131536->omNode-2-InstallSnapshotResponseHandler: received a reply omNode-1<-omNode-2#0:FAIL-t6,IN_PROGRESS
2022-09-29 01:23:46,709 [grpc-default-executor-2] INFO  server.GrpcLogAppender (GrpcLogAppender.java:onNext(421)) - omNode-1@group-523986131536->omNode-2-InstallSnapshotResponseHandler: InstallSnapshot in progress.
2022-09-29 01:23:46,709 [omNode-1@group-523986131536->omNode-2-GrpcLogAppender-LogAppenderDaemon] INFO  server.GrpcLogAppender (GrpcLogAppender.java:installSnapshot(541)) - omNode-1@group-523986131536->omNode-2-GrpcLogAppender: followerNextIndex = 57 but logStartIndex = 59, notify follower to install snapshot-(t:6, i:59)
2022-09-29 01:23:46,709 [omNode-1@group-523986131536->omNode-2-GrpcLogAppender-LogAppenderDaemon] INFO  server.GrpcLogAppender (GrpcLogAppender.java:installSnapshot(549)) - omNode-1@group-523986131536->omNode-2-GrpcLogAppender: send omNode-1->omNode-2#0-t6,notify:(t:6, i:59)
2022-09-29 01:23:46,709 [omNode-2-server-thread1] INFO  server.RaftServer$Division (RaftServerImpl.java:checkInconsistentAppendEntries(1402)) - omNode-2@group-523986131536: Failed appendEntries as snapshot (59) installation is in progress
2022-09-29 01:23:46,709 [omNode-2-server-thread1] INFO  server.RaftServer$Division (RaftServerImpl.java:checkInconsistentAppendEntries(1394)) - omNode-2@group-523986131536: inconsistency entries. Reply:omNode-1<-omNode-2#859:FAIL-t6,INCONSISTENCY,nextIndex=57,followerCommit=56
2022-09-29 01:23:46,712 [grpc-default-executor-3] INFO  impl.SnapshotInstallationHandler (SnapshotInstallationHandler.java:installSnapshot(84)) - omNode-2@group-523986131536: receive installSnapshot: omNode-1->omNode-2#0-t6,notify:(t:6, i:59)
2022-09-29 01:23:46,712 [grpc-default-executor-3] INFO  impl.SnapshotInstallationHandler (SnapshotInstallationHandler.java:installSnapshot(95)) - omNode-2@group-523986131536: reply installSnapshot: omNode-1<-omNode-2#0:FAIL-t6,IN_PROGRESS
2022-09-29 01:23:46,712 [grpc-default-executor-3] INFO  server.GrpcServerProtocolService (GrpcServerProtocolService.java:onCompleted(140)) - omNode-2: Completed INSTALL_SNAPSHOT, lastRequest: omNode-1->omNode-2#0-t6,notify:(t:6, i:59)
2022-09-29 01:23:46,712 [grpc-default-executor-2] INFO  leader.FollowerInfo (FollowerInfoImpl.java:lambda$new$0(48)) - omNode-1@group-523986131536->omNode-2: nextIndex: updateUnconditionally 57 -> 57
2022-09-29 01:23:46,725 [grpc-default-executor-2] INFO  server.GrpcLogAppender (GrpcLogAppender.java:onNext(403)) - omNode-1@group-523986131536->omNode-2-InstallSnapshotResponseHandler: received a reply omNode-1<-omNode-2#0:FAIL-t6,IN_PROGRESS
2022-09-29 01:23:46,725 [grpc-default-executor-2] INFO  server.GrpcLogAppender (GrpcLogAppender.java:onNext(421)) - omNode-1@group-523986131536->omNode-2-InstallSnapshotResponseHandler: InstallSnapshot in progress.
2022-09-29 01:23:46,726 [omNode-1@group-523986131536->omNode-2-GrpcLogAppender-LogAppenderDaemon] INFO  server.GrpcLogAppender (GrpcLogAppender.java:installSnapshot(541)) - omNode-1@group-523986131536->omNode-2-GrpcLogAppender: followerNextIndex = 57 but logStartIndex = 59, notify follower to install snapshot-(t:6, i:59)
2022-09-29 01:23:46,726 [omNode-1@group-523986131536->omNode-2-GrpcLogAppender-LogAppenderDaemon] INFO  server.GrpcLogAppender (GrpcLogAppender.java:installSnapshot(549)) - omNode-1@group-523986131536->omNode-2-GrpcLogAppender: send omNode-1->omNode-2#0-t6,notify:(t:6, i:59)
2022-09-29 01:23:46,726 [omNode-2-server-thread1] INFO  server.RaftServer$Division (RaftServerImpl.java:checkInconsistentAppendEntries(1402)) - omNode-2@group-523986131536: Failed appendEntries as snapshot (59) installation is in progress
2022-09-29 01:23:46,726 [omNode-2-server-thread1] INFO  server.RaftServer$Division (RaftServerImpl.java:checkInconsistentAppendEntries(1394)) - omNode-2@group-523986131536: inconsistency entries. Reply:omNode-1<-omNode-2#860:FAIL-t6,INCONSISTENCY,nextIndex=57,followerCommit=56
2022-09-29 01:23:46,727 [grpc-default-executor-2] INFO  impl.SnapshotInstallationHandler (SnapshotInstallationHandler.java:installSnapshot(84)) - omNode-2@group-523986131536: receive installSnapshot: omNode-1->omNode-2#0-t6,notify:(t:6, i:59)
2022-09-29 01:23:46,727 [grpc-default-executor-2] INFO  impl.SnapshotInstallationHandler (SnapshotInstallationHandler.java:installSnapshot(95)) - omNode-2@group-523986131536: reply installSnapshot: omNode-1<-omNode-2#0:FAIL-t6,IN_PROGRESS
2022-09-29 01:23:46,727 [grpc-default-executor-2] INFO  server.GrpcServerProtocolService (GrpcServerProtocolService.java:onCompleted(140)) - omNode-2: Completed INSTALL_SNAPSHOT, lastRequest: omNode-1->omNode-2#0-t6,notify:(t:6, i:59)
2022-09-29 01:23:46,727 [grpc-default-executor-2] INFO  leader.FollowerInfo (FollowerInfoImpl.java:lambda$new$0(48)) - omNode-1@group-523986131536->omNode-2: nextIndex: updateUnconditionally 57 -> 57
2022-09-29 01:23:46,728 [grpc-default-executor-2] INFO  server.GrpcLogAppender (GrpcLogAppender.java:onNext(403)) - omNode-1@group-523986131536->omNode-2-InstallSnapshotResponseHandler: received a reply omNode-1<-omNode-2#0:FAIL-t6,IN_PROGRESS
2022-09-29 01:23:46,728 [grpc-default-executor-2] INFO  server.GrpcLogAppender (GrpcLogAppender.java:onNext(421)) - omNode-1@group-523986131536->omNode-2-InstallSnapshotResponseHandler: InstallSnapshot in progress.
2022-09-29 01:23:46,728 [omNode-1@group-523986131536->omNode-2-GrpcLogAppender-LogAppenderDaemon] INFO  server.GrpcLogAppender (GrpcLogAppender.java:installSnapshot(541)) - omNode-1@group-523986131536->omNode-2-GrpcLogAppender: followerNextIndex = 57 but logStartIndex = 59, notify follower to install snapshot-(t:6, i:59)
2022-09-29 01:23:46,728 [omNode-1@group-523986131536->omNode-2-GrpcLogAppender-LogAppenderDaemon] INFO  server.GrpcLogAppender (GrpcLogAppender.java:installSnapshot(549)) - omNode-1@group-523986131536->omNode-2-GrpcLogAppender: send omNode-1->omNode-2#0-t6,notify:(t:6, i:59)
2022-09-29 01:23:46,729 [omNode-2-server-thread1] INFO  server.RaftServer$Division (RaftServerImpl.java:checkInconsistentAppendEntries(1402)) - omNode-2@group-523986131536: Failed appendEntries as snapshot (59) installation is in progress
2022-09-29 01:23:46,729 [omNode-2-server-thread1] INFO  server.RaftServer$Division (RaftServerImpl.java:checkInconsistentAppendEntries(1394)) - omNode-2@group-523986131536: inconsistency entries. Reply:omNode-1<-omNode-2#861:FAIL-t6,INCONSISTENCY,nextIndex=57,followerCommit=56
2022-09-29 01:23:46,729 [grpc-default-executor-2] INFO  impl.SnapshotInstallationHandler (SnapshotInstallationHandler.java:installSnapshot(84)) - omNode-2@group-523986131536: receive installSnapshot: omNode-1->omNode-2#0-t6,notify:(t:6, i:59)
2022-09-29 01:23:46,729 [grpc-default-executor-2] INFO  impl.SnapshotInstallationHandler (SnapshotInstallationHandler.java:installSnapshot(95)) - omNode-2@group-523986131536: reply installSnapshot: omNode-1<-omNode-2#0:FAIL-t6,IN_PROGRESS
2022-09-29 01:23:46,729 [grpc-default-executor-2] INFO  server.GrpcServerProtocolService (GrpcServerProtocolService.java:onCompleted(140)) - omNode-2: Completed INSTALL_SNAPSHOT, lastRequest: omNode-1->omNode-2#0-t6,notify:(t:6, i:59)
2022-09-29 01:23:46,729 [grpc-default-executor-2] INFO  leader.FollowerInfo (FollowerInfoImpl.java:lambda$new$0(48)) - omNode-1@group-523986131536->omNode-2: nextIndex: updateUnconditionally 57 -> 57
2022-09-29 01:23:46,730 [grpc-default-executor-2] INFO  server.GrpcLogAppender (GrpcLogAppender.java:onNext(403)) - omNode-1@group-523986131536->omNode-2-InstallSnapshotResponseHandler: received a reply omNode-1<-omNode-2#0:FAIL-t6,IN_PROGRESS
2022-09-29 01:23:46,730 [grpc-default-executor-2] INFO  server.GrpcLogAppender (GrpcLogAppender.java:onNext(421)) - omNode-1@group-523986131536->omNode-2-InstallSnapshotResponseHandler: InstallSnapshot in progress.
2022-09-29 01:23:46,730 [omNode-1@group-523986131536->omNode-2-GrpcLogAppender-LogAppenderDaemon] INFO  server.GrpcLogAppender (GrpcLogAppender.java:installSnapshot(541)) - omNode-1@group-523986131536->omNode-2-GrpcLogAppender: followerNextIndex = 57 but logStartIndex = 59, notify follower to install snapshot-(t:6, i:59)
2022-09-29 01:23:46,730 [omNode-1@group-523986131536->omNode-2-GrpcLogAppender-LogAppenderDaemon] INFO  server.GrpcLogAppender (GrpcLogAppender.java:installSnapshot(549)) - omNode-1@group-523986131536->omNode-2-GrpcLogAppender: send omNode-1->omNode-2#0-t6,notify:(t:6, i:59)
2022-09-29 01:23:46,730 [omNode-2-server-thread1] INFO  server.RaftServer$Division (RaftServerImpl.java:checkInconsistentAppendEntries(1402)) - omNode-2@group-523986131536: Failed appendEntries as snapshot (59) installation is in progress
2022-09-29 01:23:46,730 [omNode-2-server-thread1] INFO  server.RaftServer$Division (RaftServerImpl.java:checkInconsistentAppendEntries(1394)) - omNode-2@group-523986131536: inconsistency entries. Reply:omNode-1<-omNode-2#862:FAIL-t6,INCONSISTENCY,nextIndex=57,followerCommit=56
2022-09-29 01:23:46,731 [grpc-default-executor-2] INFO  impl.SnapshotInstallationHandler (SnapshotInstallationHandler.java:installSnapshot(84)) - omNode-2@group-523986131536: receive installSnapshot: omNode-1->omNode-2#0-t6,notify:(t:6, i:59)
2022-09-29 01:23:46,731 [grpc-default-executor-2] INFO  impl.SnapshotInstallationHandler (SnapshotInstallationHandler.java:installSnapshot(95)) - omNode-2@group-523986131536: reply installSnapshot: omNode-1<-omNode-2#0:FAIL-t6,IN_PROGRESS
2022-09-29 01:23:46,731 [grpc-default-executor-2] INFO  server.GrpcServerProtocolService (GrpcServerProtocolService.java:onCompleted(140)) - omNode-2: Completed INSTALL_SNAPSHOT, lastRequest: omNode-1->omNode-2#0-t6,notify:(t:6, i:59)
2022-09-29 01:23:46,733 [grpc-default-executor-2] INFO  leader.FollowerInfo (FollowerInfoImpl.java:lambda$new$0(48)) - omNode-1@group-523986131536->omNode-2: nextIndex: updateUnconditionally 57 -> 57
2022-09-29 01:23:46,733 [grpc-default-executor-2] INFO  server.GrpcLogAppender (GrpcLogAppender.java:onNext(403)) - omNode-1@group-523986131536->omNode-2-InstallSnapshotResponseHandler: received a reply omNode-1<-omNode-2#0:FAIL-t6,IN_PROGRESS
2022-09-29 01:23:46,733 [grpc-default-executor-2] INFO  server.GrpcLogAppender (GrpcLogAppender.java:onNext(421)) - omNode-1@group-523986131536->omNode-2-InstallSnapshotResponseHandler: InstallSnapshot in progress.
2022-09-29 01:23:46,733 [omNode-1@group-523986131536->omNode-2-GrpcLogAppender-LogAppenderDaemon] INFO  server.GrpcLogAppender (GrpcLogAppender.java:installSnapshot(541)) - omNode-1@group-523986131536->omNode-2-GrpcLogAppender: followerNextIndex = 57 but logStartIndex = 59, notify follower to install snapshot-(t:6, i:59)
2022-09-29 01:23:46,733 [omNode-1@group-523986131536->omNode-2-GrpcLogAppender-LogAppenderDaemon] INFO  server.GrpcLogAppender (GrpcLogAppender.java:installSnapshot(549)) - omNode-1@group-523986131536->omNode-2-GrpcLogAppender: send omNode-1->omNode-2#0-t6,notify:(t:6, i:59)
2022-09-29 01:23:46,734 [omNode-2-server-thread1] INFO  server.RaftServer$Division (RaftServerImpl.java:checkInconsistentAppendEntries(1402)) - omNode-2@group-523986131536: Failed appendEntries as snapshot (59) installation is in progress
2022-09-29 01:23:46,734 [omNode-2-server-thread1] INFO  server.RaftServer$Division (RaftServerImpl.java:checkInconsistentAppendEntries(1394)) - omNode-2@group-523986131536: inconsistency entries. Reply:omNode-1<-omNode-2#863:FAIL-t6,INCONSISTENCY,nextIndex=57,followerCommit=56
2022-09-29 01:23:46,734 [grpc-default-executor-3] INFO  impl.SnapshotInstallationHandler (SnapshotInstallationHandler.java:installSnapshot(84)) - omNode-2@group-523986131536: receive installSnapshot: omNode-1->omNode-2#0-t6,notify:(t:6, i:59)
2022-09-29 01:23:46,734 [grpc-default-executor-3] INFO  impl.SnapshotInstallationHandler (SnapshotInstallationHandler.java:installSnapshot(95)) - omNode-2@group-523986131536: reply installSnapshot: omNode-1<-omNode-2#0:FAIL-t6,IN_PROGRESS
2022-09-29 01:23:46,734 [grpc-default-executor-3] INFO  server.GrpcServerProtocolService (GrpcServerProtocolService.java:onCompleted(140)) - omNode-2: Completed INSTALL_SNAPSHOT, lastRequest: omNode-1->omNode-2#0-t6,notify:(t:6, i:59)
2022-09-29 01:23:46,734 [grpc-default-executor-3] INFO  leader.FollowerInfo (FollowerInfoImpl.java:lambda$new$0(48)) - omNode-1@group-523986131536->omNode-2: nextIndex: updateUnconditionally 57 -> 57
2022-09-29 01:23:46,735 [grpc-default-executor-3] INFO  server.GrpcLogAppender (GrpcLogAppender.java:onNext(403)) - omNode-1@group-523986131536->omNode-2-InstallSnapshotResponseHandler: received a reply omNode-1<-omNode-2#0:FAIL-t6,IN_PROGRESS
2022-09-29 01:23:46,735 [grpc-default-executor-3] INFO  server.GrpcLogAppender (GrpcLogAppender.java:onNext(421)) - omNode-1@group-523986131536->omNode-2-InstallSnapshotResponseHandler: InstallSnapshot in progress.
2022-09-29 01:23:46,735 [omNode-1@group-523986131536->omNode-2-GrpcLogAppender-LogAppenderDaemon] INFO  server.GrpcLogAppender (GrpcLogAppender.java:installSnapshot(541)) - omNode-1@group-523986131536->omNode-2-GrpcLogAppender: followerNextIndex = 57 but logStartIndex = 59, notify follower to install snapshot-(t:6, i:59)
2022-09-29 01:23:46,735 [omNode-1@group-523986131536->omNode-2-GrpcLogAppender-LogAppenderDaemon] INFO  server.GrpcLogAppender (GrpcLogAppender.java:installSnapshot(549)) - omNode-1@group-523986131536->omNode-2-GrpcLogAppender: send omNode-1->omNode-2#0-t6,notify:(t:6, i:59)
2022-09-29 01:23:46,736 [omNode-2-server-thread1] INFO  server.RaftServer$Division (RaftServerImpl.java:checkInconsistentAppendEntries(1402)) - omNode-2@group-523986131536: Failed appendEntries as snapshot (59) installation is in progress
2022-09-29 01:23:46,736 [omNode-2-server-thread1] INFO  server.RaftServer$Division (RaftServerImpl.java:checkInconsistentAppendEntries(1394)) - omNode-2@group-523986131536: inconsistency entries. Reply:omNode-1<-omNode-2#864:FAIL-t6,INCONSISTENCY,nextIndex=57,followerCommit=56
2022-09-29 01:23:46,912 [grpc-default-executor-1] INFO  leader.FollowerInfo (FollowerInfoImpl.java:lambda$new$0(48)) - omNode-1@group-523986131536->omNode-2: nextIndex: updateUnconditionally 57 -> 57
2022-09-29 01:23:46,912 [grpc-default-executor-2] INFO  impl.SnapshotInstallationHandler (SnapshotInstallationHandler.java:installSnapshot(84)) - omNode-2@group-523986131536: receive installSnapshot: omNode-1->omNode-2#0-t6,notify:(t:6, i:59)
2022-09-29 01:23:46,923 [grpc-default-executor-2] INFO  impl.SnapshotInstallationHandler (SnapshotInstallationHandler.java:installSnapshot(95)) - omNode-2@group-523986131536: reply installSnapshot: omNode-1<-omNode-2#0:FAIL-t6,IN_PROGRESS
2022-09-29 01:23:46,923 [grpc-default-executor-2] INFO  server.GrpcServerProtocolService (GrpcServerProtocolService.java:onCompleted(140)) - omNode-2: Completed INSTALL_SNAPSHOT, lastRequest: omNode-1->omNode-2#0-t6,notify:(t:6, i:59)
2022-09-29 01:23:46,928 [grpc-default-executor-2] INFO  server.GrpcLogAppender (GrpcLogAppender.java:onNext(403)) - omNode-1@group-523986131536->omNode-2-InstallSnapshotResponseHandler: received a reply omNode-1<-omNode-2#0:FAIL-t6,IN_PROGRESS
2022-09-29 01:23:46,928 [grpc-default-executor-2] INFO  server.GrpcLogAppender (GrpcLogAppender.java:onNext(421)) - omNode-1@group-523986131536->omNode-2-InstallSnapshotResponseHandler: InstallSnapshot in progress.
2022-09-29 01:23:46,928 [omNode-1@group-523986131536->omNode-2-GrpcLogAppender-LogAppenderDaemon] INFO  server.GrpcLogAppender (GrpcLogAppender.java:installSnapshot(541)) - omNode-1@group-523986131536->omNode-2-GrpcLogAppender: followerNextIndex = 57 but logStartIndex = 59, notify follower to install snapshot-(t:6, i:59)
2022-09-29 01:23:46,928 [omNode-1@group-523986131536->omNode-2-GrpcLogAppender-LogAppenderDaemon] INFO  server.GrpcLogAppender (GrpcLogAppender.java:installSnapshot(549)) - omNode-1@group-523986131536->omNode-2-GrpcLogAppender: send omNode-1->omNode-2#0-t6,notify:(t:6, i:59)
2022-09-29 01:23:46,929 [omNode-2-server-thread1] INFO  server.RaftServer$Division (RaftServerImpl.java:checkInconsistentAppendEntries(1402)) - omNode-2@group-523986131536: Failed appendEntries as snapshot (59) installation is in progress
2022-09-29 01:23:46,929 [omNode-2-server-thread1] INFO  server.RaftServer$Division (RaftServerImpl.java:checkInconsistentAppendEntries(1394)) - omNode-2@group-523986131536: inconsistency entries. Reply:omNode-1<-omNode-2#865:FAIL-t6,INCONSISTENCY,nextIndex=57,followerCommit=56
2022-09-29 01:23:46,929 [grpc-default-executor-2] INFO  impl.SnapshotInstallationHandler (SnapshotInstallationHandler.java:installSnapshot(84)) - omNode-2@group-523986131536: receive installSnapshot: omNode-1->omNode-2#0-t6,notify:(t:6, i:59)
2022-09-29 01:23:46,930 [grpc-default-executor-1] INFO  leader.FollowerInfo (FollowerInfoImpl.java:lambda$new$0(48)) - omNode-1@group-523986131536->omNode-2: nextIndex: updateUnconditionally 57 -> 57
2022-09-29 01:23:46,930 [grpc-default-executor-2] INFO  impl.SnapshotInstallationHandler (SnapshotInstallationHandler.java:installSnapshot(95)) - omNode-2@group-523986131536: reply installSnapshot: omNode-1<-omNode-2#0:FAIL-t6,IN_PROGRESS
2022-09-29 01:23:46,930 [grpc-default-executor-2] INFO  server.GrpcServerProtocolService (GrpcServerProtocolService.java:onCompleted(140)) - omNode-2: Completed INSTALL_SNAPSHOT, lastRequest: omNode-1->omNode-2#0-t6,notify:(t:6, i:59)
2022-09-29 01:23:46,933 [grpc-default-executor-2] INFO  server.GrpcLogAppender (GrpcLogAppender.java:onNext(403)) - omNode-1@group-523986131536->omNode-2-InstallSnapshotResponseHandler: received a reply omNode-1<-omNode-2#0:FAIL-t6,IN_PROGRESS
2022-09-29 01:23:46,933 [grpc-default-executor-2] INFO  server.GrpcLogAppender (GrpcLogAppender.java:onNext(421)) - omNode-1@group-523986131536->omNode-2-InstallSnapshotResponseHandler: InstallSnapshot in progress.
2022-09-29 01:23:46,934 [omNode-1@group-523986131536->omNode-2-GrpcLogAppender-LogAppenderDaemon] INFO  server.GrpcLogAppender (GrpcLogAppender.java:installSnapshot(541)) - omNode-1@group-523986131536->omNode-2-GrpcLogAppender: followerNextIndex = 57 but logStartIndex = 59, notify follower to install snapshot-(t:6, i:59)
2022-09-29 01:23:46,934 [omNode-1@group-523986131536->omNode-2-GrpcLogAppender-LogAppenderDaemon] INFO  server.GrpcLogAppender (GrpcLogAppender.java:installSnapshot(549)) - omNode-1@group-523986131536->omNode-2-GrpcLogAppender: send omNode-1->omNode-2#0-t6,notify:(t:6, i:59)
2022-09-29 01:23:46,934 [grpc-default-executor-2] INFO  impl.SnapshotInstallationHandler (SnapshotInstallationHandler.java:installSnapshot(84)) - omNode-2@group-523986131536: receive installSnapshot: omNode-1->omNode-2#0-t6,notify:(t:6, i:59)
2022-09-29 01:23:46,935 [grpc-default-executor-2] INFO  impl.SnapshotInstallationHandler (SnapshotInstallationHandler.java:installSnapshot(95)) - omNode-2@group-523986131536: reply installSnapshot: omNode-1<-omNode-2#0:FAIL-t6,IN_PROGRESS
2022-09-29 01:23:46,935 [grpc-default-executor-2] INFO  server.GrpcServerProtocolService (GrpcServerProtocolService.java:onCompleted(140)) - omNode-2: Completed INSTALL_SNAPSHOT, lastRequest: omNode-1->omNode-2#0-t6,notify:(t:6, i:59)
2022-09-29 01:23:46,935 [omNode-2-server-thread1] INFO  server.RaftServer$Division (RaftServerImpl.java:checkInconsistentAppendEntries(1402)) - omNode-2@group-523986131536: Failed appendEntries as snapshot (59) installation is in progress
2022-09-29 01:23:46,935 [omNode-2-server-thread1] INFO  server.RaftServer$Division (RaftServerImpl.java:checkInconsistentAppendEntries(1394)) - omNode-2@group-523986131536: inconsistency entries. Reply:omNode-1<-omNode-2#866:FAIL-t6,INCONSISTENCY,nextIndex=57,followerCommit=56
2022-09-29 01:23:46,935 [grpc-default-executor-2] INFO  server.GrpcLogAppender (GrpcLogAppender.java:onNext(403)) - omNode-1@group-523986131536->omNode-2-InstallSnapshotResponseHandler: received a reply omNode-1<-omNode-2#0:FAIL-t6,IN_PROGRESS
2022-09-29 01:23:46,935 [grpc-default-executor-2] INFO  server.GrpcLogAppender (GrpcLogAppender.java:onNext(421)) - omNode-1@group-523986131536->omNode-2-InstallSnapshotResponseHandler: InstallSnapshot in progress.
2022-09-29 01:23:46,935 [grpc-default-executor-2] INFO  leader.FollowerInfo (FollowerInfoImpl.java:lambda$new$0(48)) - omNode-1@group-523986131536->omNode-2: nextIndex: updateUnconditionally 57 -> 57
2022-09-29 01:23:46,935 [omNode-1@group-523986131536->omNode-2-GrpcLogAppender-LogAppenderDaemon] INFO  server.GrpcLogAppender (GrpcLogAppender.java:installSnapshot(541)) - omNode-1@group-523986131536->omNode-2-GrpcLogAppender: followerNextIndex = 57 but logStartIndex = 59, notify follower to install snapshot-(t:6, i:59)
2022-09-29 01:23:46,935 [omNode-2-server-thread1] INFO  server.RaftServer$Division (RaftServerImpl.java:checkInconsistentAppendEntries(1402)) - omNode-2@group-523986131536: Failed appendEntries as snapshot (59) installation is in progress
2022-09-29 01:23:46,935 [omNode-1@group-523986131536->omNode-2-GrpcLogAppender-LogAppenderDaemon] INFO  server.GrpcLogAppender (GrpcLogAppender.java:installSnapshot(549)) - omNode-1@group-523986131536->omNode-2-GrpcLogAppender: send omNode-1->omNode-2#0-t6,notify:(t:6, i:59)
2022-09-29 01:23:46,935 [omNode-2-server-thread1] INFO  server.RaftServer$Division (RaftServerImpl.java:checkInconsistentAppendEntries(1394)) - omNode-2@group-523986131536: inconsistency entries. Reply:omNode-1<-omNode-2#867:FAIL-t6,INCONSISTENCY,nextIndex=57,followerCommit=56
2022-09-29 01:23:46,936 [grpc-default-executor-2] INFO  leader.FollowerInfo (FollowerInfoImpl.java:lambda$new$0(48)) - omNode-1@group-523986131536->omNode-2: nextIndex: updateUnconditionally 57 -> 57
2022-09-29 01:23:46,936 [grpc-default-executor-2] INFO  impl.SnapshotInstallationHandler (SnapshotInstallationHandler.java:installSnapshot(84)) - omNode-2@group-523986131536: receive installSnapshot: omNode-1->omNode-2#0-t6,notify:(t:6, i:59)
2022-09-29 01:23:46,936 [grpc-default-executor-2] INFO  impl.SnapshotInstallationHandler (SnapshotInstallationHandler.java:installSnapshot(95)) - omNode-2@group-523986131536: reply installSnapshot: omNode-1<-omNode-2#0:FAIL-t6,IN_PROGRESS
2022-09-29 01:23:46,936 [grpc-default-executor-2] INFO  server.GrpcServerProtocolService (GrpcServerProtocolService.java:onCompleted(140)) - omNode-2: Completed INSTALL_SNAPSHOT, lastRequest: omNode-1->omNode-2#0-t6,notify:(t:6, i:59)
2022-09-29 01:23:46,937 [grpc-default-executor-2] INFO  server.GrpcLogAppender (GrpcLogAppender.java:onNext(403)) - omNode-1@group-523986131536->omNode-2-InstallSnapshotResponseHandler: received a reply omNode-1<-omNode-2#0:FAIL-t6,IN_PROGRESS
2022-09-29 01:23:46,937 [grpc-default-executor-2] INFO  server.GrpcLogAppender (GrpcLogAppender.java:onNext(421)) - omNode-1@group-523986131536->omNode-2-InstallSnapshotResponseHandler: InstallSnapshot in progress.
2022-09-29 01:23:46,937 [omNode-1@group-523986131536->omNode-2-GrpcLogAppender-LogAppenderDaemon] INFO  server.GrpcLogAppender (GrpcLogAppender.java:installSnapshot(541)) - omNode-1@group-523986131536->omNode-2-GrpcLogAppender: followerNextIndex = 57 but logStartIndex = 59, notify follower to install snapshot-(t:6, i:59)
2022-09-29 01:23:46,937 [omNode-1@group-523986131536->omNode-2-GrpcLogAppender-LogAppenderDaemon] INFO  server.GrpcLogAppender (GrpcLogAppender.java:installSnapshot(549)) - omNode-1@group-523986131536->omNode-2-GrpcLogAppender: send omNode-1->omNode-2#0-t6,notify:(t:6, i:59)
2022-09-29 01:23:46,937 [omNode-2-server-thread1] INFO  server.RaftServer$Division (RaftServerImpl.java:checkInconsistentAppendEntries(1402)) - omNode-2@group-523986131536: Failed appendEntries as snapshot (59) installation is in progress
2022-09-29 01:23:46,938 [omNode-2-server-thread1] INFO  server.RaftServer$Division (RaftServerImpl.java:checkInconsistentAppendEntries(1394)) - omNode-2@group-523986131536: inconsistency entries. Reply:omNode-1<-omNode-2#868:FAIL-t6,INCONSISTENCY,nextIndex=57,followerCommit=56
2022-09-29 01:23:46,938 [grpc-default-executor-1] INFO  impl.SnapshotInstallationHandler (SnapshotInstallationHandler.java:installSnapshot(84)) - omNode-2@group-523986131536: receive installSnapshot: omNode-1->omNode-2#0-t6,notify:(t:6, i:59)
2022-09-29 01:23:46,938 [grpc-default-executor-1] INFO  impl.SnapshotInstallationHandler (SnapshotInstallationHandler.java:installSnapshot(95)) - omNode-2@group-523986131536: reply installSnapshot: omNode-1<-omNode-2#0:FAIL-t6,IN_PROGRESS
2022-09-29 01:23:46,938 [grpc-default-executor-1] INFO  server.GrpcServerProtocolService (GrpcServerProtocolService.java:onCompleted(140)) - omNode-2: Completed INSTALL_SNAPSHOT, lastRequest: omNode-1->omNode-2#0-t6,notify:(t:6, i:59)
2022-09-29 01:23:46,938 [grpc-default-executor-2] INFO  leader.FollowerInfo (FollowerInfoImpl.java:lambda$new$0(48)) - omNode-1@group-523986131536->omNode-2: nextIndex: updateUnconditionally 57 -> 57
2022-09-29 01:23:46,938 [grpc-default-executor-1] INFO  server.GrpcLogAppender (GrpcLogAppender.java:onNext(403)) - omNode-1@group-523986131536->omNode-2-InstallSnapshotResponseHandler: received a reply omNode-1<-omNode-2#0:FAIL-t6,IN_PROGRESS
2022-09-29 01:23:46,938 [grpc-default-executor-1] INFO  server.GrpcLogAppender (GrpcLogAppender.java:onNext(421)) - omNode-1@group-523986131536->omNode-2-InstallSnapshotResponseHandler: InstallSnapshot in progress.
2022-09-29 01:23:46,938 [omNode-1@group-523986131536->omNode-2-GrpcLogAppender-LogAppenderDaemon] INFO  server.GrpcLogAppender (GrpcLogAppender.java:installSnapshot(541)) - omNode-1@group-523986131536->omNode-2-GrpcLogAppender: followerNextIndex = 57 but logStartIndex = 59, notify follower to install snapshot-(t:6, i:59)
2022-09-29 01:23:46,939 [omNode-1@group-523986131536->omNode-2-GrpcLogAppender-LogAppenderDaemon] INFO  server.GrpcLogAppender (GrpcLogAppender.java:installSnapshot(549)) - omNode-1@group-523986131536->omNode-2-GrpcLogAppender: send omNode-1->omNode-2#0-t6,notify:(t:6, i:59)
2022-09-29 01:23:46,940 [omNode-2-server-thread1] INFO  server.RaftServer$Division (RaftServerImpl.java:checkInconsistentAppendEntries(1402)) - omNode-2@group-523986131536: Failed appendEntries as snapshot (59) installation is in progress
2022-09-29 01:23:46,940 [omNode-2-server-thread1] INFO  server.RaftServer$Division (RaftServerImpl.java:checkInconsistentAppendEntries(1394)) - omNode-2@group-523986131536: inconsistency entries. Reply:omNode-1<-omNode-2#869:FAIL-t6,INCONSISTENCY,nextIndex=57,followerCommit=56
2022-09-29 01:23:46,940 [grpc-default-executor-2] INFO  impl.SnapshotInstallationHandler (SnapshotInstallationHandler.java:installSnapshot(84)) - omNode-2@group-523986131536: receive installSnapshot: omNode-1->omNode-2#0-t6,notify:(t:6, i:59)
2022-09-29 01:23:46,941 [grpc-default-executor-2] INFO  impl.SnapshotInstallationHandler (SnapshotInstallationHandler.java:installSnapshot(95)) - omNode-2@group-523986131536: reply installSnapshot: omNode-1<-omNode-2#0:FAIL-t6,IN_PROGRESS
2022-09-29 01:23:46,941 [grpc-default-executor-2] INFO  server.GrpcServerProtocolService (GrpcServerProtocolService.java:onCompleted(140)) - omNode-2: Completed INSTALL_SNAPSHOT, lastRequest: omNode-1->omNode-2#0-t6,notify:(t:6, i:59)
2022-09-29 01:23:46,941 [grpc-default-executor-3] INFO  leader.FollowerInfo (FollowerInfoImpl.java:lambda$new$0(48)) - omNode-1@group-523986131536->omNode-2: nextIndex: updateUnconditionally 57 -> 57
2022-09-29 01:23:46,941 [grpc-default-executor-2] INFO  server.GrpcLogAppender (GrpcLogAppender.java:onNext(403)) - omNode-1@group-523986131536->omNode-2-InstallSnapshotResponseHandler: received a reply omNode-1<-omNode-2#0:FAIL-t6,IN_PROGRESS
2022-09-29 01:23:46,941 [grpc-default-executor-2] INFO  server.GrpcLogAppender (GrpcLogAppender.java:onNext(421)) - omNode-1@group-523986131536->omNode-2-InstallSnapshotResponseHandler: InstallSnapshot in progress.
2022-09-29 01:23:46,941 [omNode-1@group-523986131536->omNode-2-GrpcLogAppender-LogAppenderDaemon] INFO  server.GrpcLogAppender (GrpcLogAppender.java:installSnapshot(541)) - omNode-1@group-523986131536->omNode-2-GrpcLogAppender: followerNextIndex = 57 but logStartIndex = 59, notify follower to install snapshot-(t:6, i:59)
2022-09-29 01:23:46,941 [omNode-1@group-523986131536->omNode-2-GrpcLogAppender-LogAppenderDaemon] INFO  server.GrpcLogAppender (GrpcLogAppender.java:installSnapshot(549)) - omNode-1@group-523986131536->omNode-2-GrpcLogAppender: send omNode-1->omNode-2#0-t6,notify:(t:6, i:59)
2022-09-29 01:23:46,942 [grpc-default-executor-2] INFO  impl.SnapshotInstallationHandler (SnapshotInstallationHandler.java:installSnapshot(84)) - omNode-2@group-523986131536: receive installSnapshot: omNode-1->omNode-2#0-t6,notify:(t:6, i:59)
2022-09-29 01:23:46,942 [omNode-2-server-thread1] INFO  server.RaftServer$Division (RaftServerImpl.java:checkInconsistentAppendEntries(1402)) - omNode-2@group-523986131536: Failed appendEntries as snapshot (59) installation is in progress
2022-09-29 01:23:46,942 [omNode-2-server-thread1] INFO  server.RaftServer$Division (RaftServerImpl.java:checkInconsistentAppendEntries(1394)) - omNode-2@group-523986131536: inconsistency entries. Reply:omNode-1<-omNode-2#870:FAIL-t6,INCONSISTENCY,nextIndex=57,followerCommit=56
2022-09-29 01:23:46,942 [grpc-default-executor-2] INFO  impl.SnapshotInstallationHandler (SnapshotInstallationHandler.java:installSnapshot(95)) - omNode-2@group-523986131536: reply installSnapshot: omNode-1<-omNode-2#0:FAIL-t6,IN_PROGRESS
2022-09-29 01:23:46,942 [grpc-default-executor-2] INFO  server.GrpcServerProtocolService (GrpcServerProtocolService.java:onCompleted(140)) - omNode-2: Completed INSTALL_SNAPSHOT, lastRequest: omNode-1->omNode-2#0-t6,notify:(t:6, i:59)
2022-09-29 01:23:46,942 [grpc-default-executor-1] INFO  leader.FollowerInfo (FollowerInfoImpl.java:lambda$new$0(48)) - omNode-1@group-523986131536->omNode-2: nextIndex: updateUnconditionally 57 -> 57
2022-09-29 01:23:46,943 [grpc-default-executor-1] INFO  server.GrpcLogAppender (GrpcLogAppender.java:onNext(403)) - omNode-1@group-523986131536->omNode-2-InstallSnapshotResponseHandler: received a reply omNode-1<-omNode-2#0:FAIL-t6,IN_PROGRESS
2022-09-29 01:23:46,943 [grpc-default-executor-1] INFO  server.GrpcLogAppender (GrpcLogAppender.java:onNext(421)) - omNode-1@group-523986131536->omNode-2-InstallSnapshotResponseHandler: InstallSnapshot in progress.
2022-09-29 01:23:46,943 [omNode-1@group-523986131536->omNode-2-GrpcLogAppender-LogAppenderDaemon] INFO  server.GrpcLogAppender (GrpcLogAppender.java:installSnapshot(541)) - omNode-1@group-523986131536->omNode-2-GrpcLogAppender: followerNextIndex = 57 but logStartIndex = 59, notify follower to install snapshot-(t:6, i:59)
2022-09-29 01:23:46,943 [omNode-1@group-523986131536->omNode-2-GrpcLogAppender-LogAppenderDaemon] INFO  server.GrpcLogAppender (GrpcLogAppender.java:installSnapshot(549)) - omNode-1@group-523986131536->omNode-2-GrpcLogAppender: send omNode-1->omNode-2#0-t6,notify:(t:6, i:59)
2022-09-29 01:23:46,943 [omNode-2-server-thread1] INFO  server.RaftServer$Division (RaftServerImpl.java:checkInconsistentAppendEntries(1402)) - omNode-2@group-523986131536: Failed appendEntries as snapshot (59) installation is in progress
2022-09-29 01:23:46,943 [omNode-2-server-thread1] INFO  server.RaftServer$Division (RaftServerImpl.java:checkInconsistentAppendEntries(1394)) - omNode-2@group-523986131536: inconsistency entries. Reply:omNode-1<-omNode-2#871:FAIL-t6,INCONSISTENCY,nextIndex=57,followerCommit=56
2022-09-29 01:23:46,944 [grpc-default-executor-1] INFO  impl.SnapshotInstallationHandler (SnapshotInstallationHandler.java:installSnapshot(84)) - omNode-2@group-523986131536: receive installSnapshot: omNode-1->omNode-2#0-t6,notify:(t:6, i:59)
2022-09-29 01:23:46,944 [grpc-default-executor-1] INFO  impl.SnapshotInstallationHandler (SnapshotInstallationHandler.java:installSnapshot(95)) - omNode-2@group-523986131536: reply installSnapshot: omNode-1<-omNode-2#0:FAIL-t6,IN_PROGRESS
2022-09-29 01:23:46,944 [grpc-default-executor-1] INFO  server.GrpcServerProtocolService (GrpcServerProtocolService.java:onCompleted(140)) - omNode-2: Completed INSTALL_SNAPSHOT, lastRequest: omNode-1->omNode-2#0-t6,notify:(t:6, i:59)
2022-09-29 01:23:46,944 [grpc-default-executor-2] INFO  server.GrpcLogAppender (GrpcLogAppender.java:onNext(403)) - omNode-1@group-523986131536->omNode-2-InstallSnapshotResponseHandler: received a reply omNode-1<-omNode-2#0:FAIL-t6,IN_PROGRESS
2022-09-29 01:23:46,944 [grpc-default-executor-1] INFO  leader.FollowerInfo (FollowerInfoImpl.java:lambda$new$0(48)) - omNode-1@group-523986131536->omNode-2: nextIndex: updateUnconditionally 57 -> 57
2022-09-29 01:23:46,944 [grpc-default-executor-2] INFO  server.GrpcLogAppender (GrpcLogAppender.java:onNext(421)) - omNode-1@group-523986131536->omNode-2-InstallSnapshotResponseHandler: InstallSnapshot in progress.
2022-09-29 01:23:46,945 [omNode-1@group-523986131536->omNode-2-GrpcLogAppender-LogAppenderDaemon] INFO  server.GrpcLogAppender (GrpcLogAppender.java:installSnapshot(541)) - omNode-1@group-523986131536->omNode-2-GrpcLogAppender: followerNextIndex = 57 but logStartIndex = 59, notify follower to install snapshot-(t:6, i:59)
2022-09-29 01:23:46,945 [omNode-1@group-523986131536->omNode-2-GrpcLogAppender-LogAppenderDaemon] INFO  server.GrpcLogAppender (GrpcLogAppender.java:installSnapshot(549)) - omNode-1@group-523986131536->omNode-2-GrpcLogAppender: send omNode-1->omNode-2#0-t6,notify:(t:6, i:59)
2022-09-29 01:23:46,945 [grpc-default-executor-2] INFO  impl.SnapshotInstallationHandler (SnapshotInstallationHandler.java:installSnapshot(84)) - omNode-2@group-523986131536: receive installSnapshot: omNode-1->omNode-2#0-t6,notify:(t:6, i:59)
2022-09-29 01:23:46,945 [omNode-2-server-thread1] INFO  server.RaftServer$Division (RaftServerImpl.java:checkInconsistentAppendEntries(1402)) - omNode-2@group-523986131536: Failed appendEntries as snapshot (59) installation is in progress
2022-09-29 01:23:46,945 [omNode-2-server-thread1] INFO  server.RaftServer$Division (RaftServerImpl.java:checkInconsistentAppendEntries(1394)) - omNode-2@group-523986131536: inconsistency entries. Reply:omNode-1<-omNode-2#872:FAIL-t6,INCONSISTENCY,nextIndex=57,followerCommit=56
2022-09-29 01:23:46,945 [grpc-default-executor-2] INFO  impl.SnapshotInstallationHandler (SnapshotInstallationHandler.java:installSnapshot(95)) - omNode-2@group-523986131536: reply installSnapshot: omNode-1<-omNode-2#0:FAIL-t6,IN_PROGRESS
2022-09-29 01:23:46,946 [grpc-default-executor-2] INFO  server.GrpcServerProtocolService (GrpcServerProtocolService.java:onCompleted(140)) - omNode-2: Completed INSTALL_SNAPSHOT, lastRequest: omNode-1->omNode-2#0-t6,notify:(t:6, i:59)
2022-09-29 01:23:46,946 [grpc-default-executor-1] INFO  leader.FollowerInfo (FollowerInfoImpl.java:lambda$new$0(48)) - omNode-1@group-523986131536->omNode-2: nextIndex: updateUnconditionally 57 -> 57
2022-09-29 01:23:46,946 [grpc-default-executor-2] INFO  server.GrpcLogAppender (GrpcLogAppender.java:onNext(403)) - omNode-1@group-523986131536->omNode-2-InstallSnapshotResponseHandler: received a reply omNode-1<-omNode-2#0:FAIL-t6,IN_PROGRESS
2022-09-29 01:23:46,946 [grpc-default-executor-2] INFO  server.GrpcLogAppender (GrpcLogAppender.java:onNext(421)) - omNode-1@group-523986131536->omNode-2-InstallSnapshotResponseHandler: InstallSnapshot in progress.
2022-09-29 01:23:46,946 [omNode-1@group-523986131536->omNode-2-GrpcLogAppender-LogAppenderDaemon] INFO  server.GrpcLogAppender (GrpcLogAppender.java:installSnapshot(541)) - omNode-1@group-523986131536->omNode-2-GrpcLogAppender: followerNextIndex = 57 but logStartIndex = 59, notify follower to install snapshot-(t:6, i:59)
2022-09-29 01:23:46,946 [omNode-1@group-523986131536->omNode-2-GrpcLogAppender-LogAppenderDaemon] INFO  server.GrpcLogAppender (GrpcLogAppender.java:installSnapshot(549)) - omNode-1@group-523986131536->omNode-2-GrpcLogAppender: send omNode-1->omNode-2#0-t6,notify:(t:6, i:59)
2022-09-29 01:23:46,946 [omNode-2-server-thread1] INFO  server.RaftServer$Division (RaftServerImpl.java:checkInconsistentAppendEntries(1402)) - omNode-2@group-523986131536: Failed appendEntries as snapshot (59) installation is in progress
2022-09-29 01:23:46,946 [omNode-2-server-thread1] INFO  server.RaftServer$Division (RaftServerImpl.java:checkInconsistentAppendEntries(1394)) - omNode-2@group-523986131536: inconsistency entries. Reply:omNode-1<-omNode-2#873:FAIL-t6,INCONSISTENCY,nextIndex=57,followerCommit=56
2022-09-29 01:23:46,947 [grpc-default-executor-2] INFO  impl.SnapshotInstallationHandler (SnapshotInstallationHandler.java:installSnapshot(84)) - omNode-2@group-523986131536: receive installSnapshot: omNode-1->omNode-2#0-t6,notify:(t:6, i:59)
2022-09-29 01:23:46,947 [grpc-default-executor-2] INFO  impl.SnapshotInstallationHandler (SnapshotInstallationHandler.java:installSnapshot(95)) - omNode-2@group-523986131536: reply installSnapshot: omNode-1<-omNode-2#0:FAIL-t6,IN_PROGRESS
2022-09-29 01:23:46,947 [grpc-default-executor-2] INFO  server.GrpcServerProtocolService (GrpcServerProtocolService.java:onCompleted(140)) - omNode-2: Completed INSTALL_SNAPSHOT, lastRequest: omNode-1->omNode-2#0-t6,notify:(t:6, i:59)
2022-09-29 01:23:46,947 [grpc-default-executor-3] INFO  leader.FollowerInfo (FollowerInfoImpl.java:lambda$new$0(48)) - omNode-1@group-523986131536->omNode-2: nextIndex: updateUnconditionally 57 -> 57
2022-09-29 01:23:46,947 [grpc-default-executor-1] INFO  server.GrpcLogAppender (GrpcLogAppender.java:onNext(403)) - omNode-1@group-523986131536->omNode-2-InstallSnapshotResponseHandler: received a reply omNode-1<-omNode-2#0:FAIL-t6,IN_PROGRESS
2022-09-29 01:23:46,947 [grpc-default-executor-1] INFO  server.GrpcLogAppender (GrpcLogAppender.java:onNext(421)) - omNode-1@group-523986131536->omNode-2-InstallSnapshotResponseHandler: InstallSnapshot in progress.
2022-09-29 01:23:46,949 [omNode-2-server-thread1] INFO  server.RaftServer$Division (RaftServerImpl.java:checkInconsistentAppendEntries(1402)) - omNode-2@group-523986131536: Failed appendEntries as snapshot (59) installation is in progress
2022-09-29 01:23:46,949 [omNode-1@group-523986131536->omNode-2-GrpcLogAppender-LogAppenderDaemon] INFO  server.GrpcLogAppender (GrpcLogAppender.java:installSnapshot(541)) - omNode-1@group-523986131536->omNode-2-GrpcLogAppender: followerNextIndex = 57 but logStartIndex = 59, notify follower to install snapshot-(t:6, i:59)
2022-09-29 01:23:46,950 [omNode-2-server-thread1] INFO  server.RaftServer$Division (RaftServerImpl.java:checkInconsistentAppendEntries(1394)) - omNode-2@group-523986131536: inconsistency entries. Reply:omNode-1<-omNode-2#874:FAIL-t6,INCONSISTENCY,nextIndex=57,followerCommit=56
2022-09-29 01:23:46,950 [omNode-1@group-523986131536->omNode-2-GrpcLogAppender-LogAppenderDaemon] INFO  server.GrpcLogAppender (GrpcLogAppender.java:installSnapshot(549)) - omNode-1@group-523986131536->omNode-2-GrpcLogAppender: send omNode-1->omNode-2#0-t6,notify:(t:6, i:59)
2022-09-29 01:23:46,950 [grpc-default-executor-1] INFO  leader.FollowerInfo (FollowerInfoImpl.java:lambda$new$0(48)) - omNode-1@group-523986131536->omNode-2: nextIndex: updateUnconditionally 57 -> 57
2022-09-29 01:23:46,950 [grpc-default-executor-1] INFO  impl.SnapshotInstallationHandler (SnapshotInstallationHandler.java:installSnapshot(84)) - omNode-2@group-523986131536: receive installSnapshot: omNode-1->omNode-2#0-t6,notify:(t:6, i:59)
2022-09-29 01:23:46,951 [grpc-default-executor-1] INFO  impl.SnapshotInstallationHandler (SnapshotInstallationHandler.java:installSnapshot(95)) - omNode-2@group-523986131536: reply installSnapshot: omNode-1<-omNode-2#0:FAIL-t6,IN_PROGRESS
2022-09-29 01:23:46,951 [grpc-default-executor-1] INFO  server.GrpcServerProtocolService (GrpcServerProtocolService.java:onCompleted(140)) - omNode-2: Completed INSTALL_SNAPSHOT, lastRequest: omNode-1->omNode-2#0-t6,notify:(t:6, i:59)
2022-09-29 01:23:46,951 [grpc-default-executor-1] INFO  server.GrpcLogAppender (GrpcLogAppender.java:onNext(403)) - omNode-1@group-523986131536->omNode-2-InstallSnapshotResponseHandler: received a reply omNode-1<-omNode-2#0:FAIL-t6,IN_PROGRESS
2022-09-29 01:23:46,951 [grpc-default-executor-1] INFO  server.GrpcLogAppender (GrpcLogAppender.java:onNext(421)) - omNode-1@group-523986131536->omNode-2-InstallSnapshotResponseHandler: InstallSnapshot in progress.
2022-09-29 01:23:46,951 [omNode-1@group-523986131536->omNode-2-GrpcLogAppender-LogAppenderDaemon] INFO  server.GrpcLogAppender (GrpcLogAppender.java:installSnapshot(541)) - omNode-1@group-523986131536->omNode-2-GrpcLogAppender: followerNextIndex = 57 but logStartIndex = 59, notify follower to install snapshot-(t:6, i:59)
2022-09-29 01:23:46,951 [omNode-1@group-523986131536->omNode-2-GrpcLogAppender-LogAppenderDaemon] INFO  server.GrpcLogAppender (GrpcLogAppender.java:installSnapshot(549)) - omNode-1@group-523986131536->omNode-2-GrpcLogAppender: send omNode-1->omNode-2#0-t6,notify:(t:6, i:59)
2022-09-29 01:23:46,951 [omNode-2-server-thread1] INFO  server.RaftServer$Division (RaftServerImpl.java:checkInconsistentAppendEntries(1402)) - omNode-2@group-523986131536: Failed appendEntries as snapshot (59) installation is in progress
2022-09-29 01:23:46,951 [omNode-2-server-thread1] INFO  server.RaftServer$Division (RaftServerImpl.java:checkInconsistentAppendEntries(1394)) - omNode-2@group-523986131536: inconsistency entries. Reply:omNode-1<-omNode-2#875:FAIL-t6,INCONSISTENCY,nextIndex=57,followerCommit=56
2022-09-29 01:23:46,952 [grpc-default-executor-1] INFO  leader.FollowerInfo (FollowerInfoImpl.java:lambda$new$0(48)) - omNode-1@group-523986131536->omNode-2: nextIndex: updateUnconditionally 57 -> 57
2022-09-29 01:23:46,952 [grpc-default-executor-1] INFO  impl.SnapshotInstallationHandler (SnapshotInstallationHandler.java:installSnapshot(84)) - omNode-2@group-523986131536: receive installSnapshot: omNode-1->omNode-2#0-t6,notify:(t:6, i:59)
2022-09-29 01:23:46,952 [grpc-default-executor-1] INFO  impl.SnapshotInstallationHandler (SnapshotInstallationHandler.java:installSnapshot(95)) - omNode-2@group-523986131536: reply installSnapshot: omNode-1<-omNode-2#0:FAIL-t6,IN_PROGRESS
2022-09-29 01:23:46,952 [grpc-default-executor-1] INFO  server.GrpcServerProtocolService (GrpcServerProtocolService.java:onCompleted(140)) - omNode-2: Completed INSTALL_SNAPSHOT, lastRequest: omNode-1->omNode-2#0-t6,notify:(t:6, i:59)
2022-09-29 01:23:46,953 [grpc-default-executor-1] INFO  server.GrpcLogAppender (GrpcLogAppender.java:onNext(403)) - omNode-1@group-523986131536->omNode-2-InstallSnapshotResponseHandler: received a reply omNode-1<-omNode-2#0:FAIL-t6,IN_PROGRESS
2022-09-29 01:23:46,953 [grpc-default-executor-1] INFO  server.GrpcLogAppender (GrpcLogAppender.java:onNext(421)) - omNode-1@group-523986131536->omNode-2-InstallSnapshotResponseHandler: InstallSnapshot in progress.
2022-09-29 01:23:46,953 [omNode-1@group-523986131536->omNode-2-GrpcLogAppender-LogAppenderDaemon] INFO  server.GrpcLogAppender (GrpcLogAppender.java:installSnapshot(541)) - omNode-1@group-523986131536->omNode-2-GrpcLogAppender: followerNextIndex = 57 but logStartIndex = 59, notify follower to install snapshot-(t:6, i:59)
2022-09-29 01:23:46,953 [omNode-1@group-523986131536->omNode-2-GrpcLogAppender-LogAppenderDaemon] INFO  server.GrpcLogAppender (GrpcLogAppender.java:installSnapshot(549)) - omNode-1@group-523986131536->omNode-2-GrpcLogAppender: send omNode-1->omNode-2#0-t6,notify:(t:6, i:59)
2022-09-29 01:23:46,953 [omNode-2-server-thread1] INFO  server.RaftServer$Division (RaftServerImpl.java:checkInconsistentAppendEntries(1402)) - omNode-2@group-523986131536: Failed appendEntries as snapshot (59) installation is in progress
2022-09-29 01:23:46,953 [omNode-2-server-thread1] INFO  server.RaftServer$Division (RaftServerImpl.java:checkInconsistentAppendEntries(1394)) - omNode-2@group-523986131536: inconsistency entries. Reply:omNode-1<-omNode-2#876:FAIL-t6,INCONSISTENCY,nextIndex=57,followerCommit=56
2022-09-29 01:23:46,954 [grpc-default-executor-1] INFO  leader.FollowerInfo (FollowerInfoImpl.java:lambda$new$0(48)) - omNode-1@group-523986131536->omNode-2: nextIndex: updateUnconditionally 57 -> 57
2022-09-29 01:23:46,954 [grpc-default-executor-1] INFO  impl.SnapshotInstallationHandler (SnapshotInstallationHandler.java:installSnapshot(84)) - omNode-2@group-523986131536: receive installSnapshot: omNode-1->omNode-2#0-t6,notify:(t:6, i:59)
2022-09-29 01:23:46,954 [grpc-default-executor-1] INFO  impl.SnapshotInstallationHandler (SnapshotInstallationHandler.java:installSnapshot(95)) - omNode-2@group-523986131536: reply installSnapshot: omNode-1<-omNode-2#0:FAIL-t6,IN_PROGRESS
2022-09-29 01:23:46,954 [grpc-default-executor-1] INFO  server.GrpcServerProtocolService (GrpcServerProtocolService.java:onCompleted(140)) - omNode-2: Completed INSTALL_SNAPSHOT, lastRequest: omNode-1->omNode-2#0-t6,notify:(t:6, i:59)
2022-09-29 01:23:46,954 [grpc-default-executor-1] INFO  server.GrpcLogAppender (GrpcLogAppender.java:onNext(403)) - omNode-1@group-523986131536->omNode-2-InstallSnapshotResponseHandler: received a reply omNode-1<-omNode-2#0:FAIL-t6,IN_PROGRESS
2022-09-29 01:23:46,954 [grpc-default-executor-1] INFO  server.GrpcLogAppender (GrpcLogAppender.java:onNext(421)) - omNode-1@group-523986131536->omNode-2-InstallSnapshotResponseHandler: InstallSnapshot in progress.
2022-09-29 01:23:46,956 [omNode-1@group-523986131536->omNode-2-GrpcLogAppender-LogAppenderDaemon] INFO  server.GrpcLogAppender (GrpcLogAppender.java:installSnapshot(541)) - omNode-1@group-523986131536->omNode-2-GrpcLogAppender: followerNextIndex = 57 but logStartIndex = 59, notify follower to install snapshot-(t:6, i:59)
2022-09-29 01:23:46,956 [omNode-1@group-523986131536->omNode-2-GrpcLogAppender-LogAppenderDaemon] INFO  server.GrpcLogAppender (GrpcLogAppender.java:installSnapshot(549)) - omNode-1@group-523986131536->omNode-2-GrpcLogAppender: send omNode-1->omNode-2#0-t6,notify:(t:6, i:59)
2022-09-29 01:23:46,956 [omNode-2-server-thread1] INFO  server.RaftServer$Division (RaftServerImpl.java:checkInconsistentAppendEntries(1402)) - omNode-2@group-523986131536: Failed appendEntries as snapshot (59) installation is in progress
2022-09-29 01:23:46,956 [omNode-2-server-thread1] INFO  server.RaftServer$Division (RaftServerImpl.java:checkInconsistentAppendEntries(1394)) - omNode-2@group-523986131536: inconsistency entries. Reply:omNode-1<-omNode-2#877:FAIL-t6,INCONSISTENCY,nextIndex=57,followerCommit=56
2022-09-29 01:23:46,958 [grpc-default-executor-1] INFO  leader.FollowerInfo (FollowerInfoImpl.java:lambda$new$0(48)) - omNode-1@group-523986131536->omNode-2: nextIndex: updateUnconditionally 57 -> 57
2022-09-29 01:23:46,958 [grpc-default-executor-1] INFO  impl.SnapshotInstallationHandler (SnapshotInstallationHandler.java:installSnapshot(84)) - omNode-2@group-523986131536: receive installSnapshot: omNode-1->omNode-2#0-t6,notify:(t:6, i:59)
2022-09-29 01:23:46,959 [grpc-default-executor-1] INFO  impl.SnapshotInstallationHandler (SnapshotInstallationHandler.java:installSnapshot(95)) - omNode-2@group-523986131536: reply installSnapshot: omNode-1<-omNode-2#0:FAIL-t6,IN_PROGRESS
2022-09-29 01:23:46,959 [grpc-default-executor-1] INFO  server.GrpcServerProtocolService (GrpcServerProtocolService.java:onCompleted(140)) - omNode-2: Completed INSTALL_SNAPSHOT, lastRequest: omNode-1->omNode-2#0-t6,notify:(t:6, i:59)
2022-09-29 01:23:46,959 [grpc-default-executor-1] INFO  server.GrpcLogAppender (GrpcLogAppender.java:onNext(403)) - omNode-1@group-523986131536->omNode-2-InstallSnapshotResponseHandler: received a reply omNode-1<-omNode-2#0:FAIL-t6,IN_PROGRESS
2022-09-29 01:23:46,959 [grpc-default-executor-1] INFO  server.GrpcLogAppender (GrpcLogAppender.java:onNext(421)) - omNode-1@group-523986131536->omNode-2-InstallSnapshotResponseHandler: InstallSnapshot in progress.
2022-09-29 01:23:46,959 [omNode-1@group-523986131536->omNode-2-GrpcLogAppender-LogAppenderDaemon] INFO  server.GrpcLogAppender (GrpcLogAppender.java:installSnapshot(541)) - omNode-1@group-523986131536->omNode-2-GrpcLogAppender: followerNextIndex = 57 but logStartIndex = 59, notify follower to install snapshot-(t:6, i:59)
2022-09-29 01:23:46,959 [omNode-1@group-523986131536->omNode-2-GrpcLogAppender-LogAppenderDaemon] INFO  server.GrpcLogAppender (GrpcLogAppender.java:installSnapshot(549)) - omNode-1@group-523986131536->omNode-2-GrpcLogAppender: send omNode-1->omNode-2#0-t6,notify:(t:6, i:59)
2022-09-29 01:23:46,960 [omNode-2-server-thread1] INFO  server.RaftServer$Division (RaftServerImpl.java:checkInconsistentAppendEntries(1402)) - omNode-2@group-523986131536: Failed appendEntries as snapshot (59) installation is in progress
2022-09-29 01:23:46,960 [omNode-2-server-thread1] INFO  server.RaftServer$Division (RaftServerImpl.java:checkInconsistentAppendEntries(1394)) - omNode-2@group-523986131536: inconsistency entries. Reply:omNode-1<-omNode-2#878:FAIL-t6,INCONSISTENCY,nextIndex=57,followerCommit=56
2022-09-29 01:23:46,960 [grpc-default-executor-2] INFO  impl.SnapshotInstallationHandler (SnapshotInstallationHandler.java:installSnapshot(84)) - omNode-2@group-523986131536: receive installSnapshot: omNode-1->omNode-2#0-t6,notify:(t:6, i:59)
2022-09-29 01:23:46,960 [grpc-default-executor-2] INFO  impl.SnapshotInstallationHandler (SnapshotInstallationHandler.java:installSnapshot(95)) - omNode-2@group-523986131536: reply installSnapshot: omNode-1<-omNode-2#0:FAIL-t6,IN_PROGRESS
2022-09-29 01:23:46,960 [grpc-default-executor-1] INFO  leader.FollowerInfo (FollowerInfoImpl.java:lambda$new$0(48)) - omNode-1@group-523986131536->omNode-2: nextIndex: updateUnconditionally 57 -> 57
2022-09-29 01:23:46,960 [grpc-default-executor-2] INFO  server.GrpcServerProtocolService (GrpcServerProtocolService.java:onCompleted(140)) - omNode-2: Completed INSTALL_SNAPSHOT, lastRequest: omNode-1->omNode-2#0-t6,notify:(t:6, i:59)
2022-09-29 01:23:46,960 [grpc-default-executor-2] INFO  server.GrpcLogAppender (GrpcLogAppender.java:onNext(403)) - omNode-1@group-523986131536->omNode-2-InstallSnapshotResponseHandler: received a reply omNode-1<-omNode-2#0:FAIL-t6,IN_PROGRESS
2022-09-29 01:23:46,961 [grpc-default-executor-2] INFO  server.GrpcLogAppender (GrpcLogAppender.java:onNext(421)) - omNode-1@group-523986131536->omNode-2-InstallSnapshotResponseHandler: InstallSnapshot in progress.
2022-09-29 01:23:46,961 [omNode-1@group-523986131536->omNode-2-GrpcLogAppender-LogAppenderDaemon] INFO  server.GrpcLogAppender (GrpcLogAppender.java:installSnapshot(541)) - omNode-1@group-523986131536->omNode-2-GrpcLogAppender: followerNextIndex = 57 but logStartIndex = 59, notify follower to install snapshot-(t:6, i:59)
2022-09-29 01:23:46,961 [omNode-1@group-523986131536->omNode-2-GrpcLogAppender-LogAppenderDaemon] INFO  server.GrpcLogAppender (GrpcLogAppender.java:installSnapshot(549)) - omNode-1@group-523986131536->omNode-2-GrpcLogAppender: send omNode-1->omNode-2#0-t6,notify:(t:6, i:59)
2022-09-29 01:23:46,961 [omNode-2-server-thread1] INFO  server.RaftServer$Division (RaftServerImpl.java:checkInconsistentAppendEntries(1402)) - omNode-2@group-523986131536: Failed appendEntries as snapshot (59) installation is in progress
2022-09-29 01:23:46,961 [omNode-2-server-thread1] INFO  server.RaftServer$Division (RaftServerImpl.java:checkInconsistentAppendEntries(1394)) - omNode-2@group-523986131536: inconsistency entries. Reply:omNode-1<-omNode-2#879:FAIL-t6,INCONSISTENCY,nextIndex=57,followerCommit=56
2022-09-29 01:23:46,961 [grpc-default-executor-2] INFO  impl.SnapshotInstallationHandler (SnapshotInstallationHandler.java:installSnapshot(84)) - omNode-2@group-523986131536: receive installSnapshot: omNode-1->omNode-2#0-t6,notify:(t:6, i:59)
2022-09-29 01:23:46,961 [grpc-default-executor-1] INFO  leader.FollowerInfo (FollowerInfoImpl.java:lambda$new$0(48)) - omNode-1@group-523986131536->omNode-2: nextIndex: updateUnconditionally 57 -> 57
2022-09-29 01:23:46,961 [grpc-default-executor-2] INFO  impl.SnapshotInstallationHandler (SnapshotInstallationHandler.java:installSnapshot(95)) - omNode-2@group-523986131536: reply installSnapshot: omNode-1<-omNode-2#0:FAIL-t6,IN_PROGRESS
2022-09-29 01:23:46,961 [grpc-default-executor-2] INFO  server.GrpcServerProtocolService (GrpcServerProtocolService.java:onCompleted(140)) - omNode-2: Completed INSTALL_SNAPSHOT, lastRequest: omNode-1->omNode-2#0-t6,notify:(t:6, i:59)
2022-09-29 01:23:46,962 [grpc-default-executor-2] INFO  server.GrpcLogAppender (GrpcLogAppender.java:onNext(403)) - omNode-1@group-523986131536->omNode-2-InstallSnapshotResponseHandler: received a reply omNode-1<-omNode-2#0:FAIL-t6,IN_PROGRESS
2022-09-29 01:23:46,962 [grpc-default-executor-2] INFO  server.GrpcLogAppender (GrpcLogAppender.java:onNext(421)) - omNode-1@group-523986131536->omNode-2-InstallSnapshotResponseHandler: InstallSnapshot in progress.
2022-09-29 01:23:46,962 [omNode-1@group-523986131536->omNode-2-GrpcLogAppender-LogAppenderDaemon] INFO  server.GrpcLogAppender (GrpcLogAppender.java:installSnapshot(541)) - omNode-1@group-523986131536->omNode-2-GrpcLogAppender: followerNextIndex = 57 but logStartIndex = 59, notify follower to install snapshot-(t:6, i:59)
2022-09-29 01:23:46,962 [omNode-1@group-523986131536->omNode-2-GrpcLogAppender-LogAppenderDaemon] INFO  server.GrpcLogAppender (GrpcLogAppender.java:installSnapshot(549)) - omNode-1@group-523986131536->omNode-2-GrpcLogAppender: send omNode-1->omNode-2#0-t6,notify:(t:6, i:59)
2022-09-29 01:23:46,963 [grpc-default-executor-2] INFO  impl.SnapshotInstallationHandler (SnapshotInstallationHandler.java:installSnapshot(84)) - omNode-2@group-523986131536: receive installSnapshot: omNode-1->omNode-2#0-t6,notify:(t:6, i:59)
2022-09-29 01:23:46,963 [grpc-default-executor-2] INFO  impl.SnapshotInstallationHandler (SnapshotInstallationHandler.java:installSnapshot(95)) - omNode-2@group-523986131536: reply installSnapshot: omNode-1<-omNode-2#0:FAIL-t6,IN_PROGRESS
2022-09-29 01:23:46,963 [grpc-default-executor-2] INFO  server.GrpcServerProtocolService (GrpcServerProtocolService.java:onCompleted(140)) - omNode-2: Completed INSTALL_SNAPSHOT, lastRequest: omNode-1->omNode-2#0-t6,notify:(t:6, i:59)
2022-09-29 01:23:46,963 [omNode-2-server-thread1] INFO  server.RaftServer$Division (RaftServerImpl.java:checkInconsistentAppendEntries(1402)) - omNode-2@group-523986131536: Failed appendEntries as snapshot (59) installation is in progress
2022-09-29 01:23:46,963 [omNode-2-server-thread1] INFO  server.RaftServer$Division (RaftServerImpl.java:checkInconsistentAppendEntries(1394)) - omNode-2@group-523986131536: inconsistency entries. Reply:omNode-1<-omNode-2#880:FAIL-t6,INCONSISTENCY,nextIndex=57,followerCommit=56
2022-09-29 01:23:46,963 [grpc-default-executor-2] INFO  server.GrpcLogAppender (GrpcLogAppender.java:onNext(403)) - omNode-1@group-523986131536->omNode-2-InstallSnapshotResponseHandler: received a reply omNode-1<-omNode-2#0:FAIL-t6,IN_PROGRESS
2022-09-29 01:23:46,963 [grpc-default-executor-2] INFO  server.GrpcLogAppender (GrpcLogAppender.java:onNext(421)) - omNode-1@group-523986131536->omNode-2-InstallSnapshotResponseHandler: InstallSnapshot in progress.
2022-09-29 01:23:46,963 [omNode-1@group-523986131536->omNode-2-GrpcLogAppender-LogAppenderDaemon] INFO  server.GrpcLogAppender (GrpcLogAppender.java:installSnapshot(541)) - omNode-1@group-523986131536->omNode-2-GrpcLogAppender: followerNextIndex = 57 but logStartIndex = 59, notify follower to install snapshot-(t:6, i:59)
2022-09-29 01:23:46,963 [omNode-1@group-523986131536->omNode-2-GrpcLogAppender-LogAppenderDaemon] INFO  server.GrpcLogAppender (GrpcLogAppender.java:installSnapshot(549)) - omNode-1@group-523986131536->omNode-2-GrpcLogAppender: send omNode-1->omNode-2#0-t6,notify:(t:6, i:59)
2022-09-29 01:23:46,964 [grpc-default-executor-1] INFO  leader.FollowerInfo (FollowerInfoImpl.java:lambda$new$0(48)) - omNode-1@group-523986131536->omNode-2: nextIndex: updateUnconditionally 57 -> 57
2022-09-29 01:23:46,964 [omNode-2-server-thread1] INFO  server.RaftServer$Division (RaftServerImpl.java:checkInconsistentAppendEntries(1402)) - omNode-2@group-523986131536: Failed appendEntries as snapshot (59) installation is in progress
2022-09-29 01:23:46,964 [omNode-2-server-thread1] INFO  server.RaftServer$Division (RaftServerImpl.java:checkInconsistentAppendEntries(1394)) - omNode-2@group-523986131536: inconsistency entries. Reply:omNode-1<-omNode-2#881:FAIL-t6,INCONSISTENCY,nextIndex=57,followerCommit=56
2022-09-29 01:23:46,964 [grpc-default-executor-2] INFO  leader.FollowerInfo (FollowerInfoImpl.java:lambda$new$0(48)) - omNode-1@group-523986131536->omNode-2: nextIndex: updateUnconditionally 57 -> 57
2022-09-29 01:23:46,964 [grpc-default-executor-1] INFO  impl.SnapshotInstallationHandler (SnapshotInstallationHandler.java:installSnapshot(84)) - omNode-2@group-523986131536: receive installSnapshot: omNode-1->omNode-2#0-t6,notify:(t:6, i:59)
2022-09-29 01:23:46,964 [grpc-default-executor-1] INFO  impl.SnapshotInstallationHandler (SnapshotInstallationHandler.java:installSnapshot(95)) - omNode-2@group-523986131536: reply installSnapshot: omNode-1<-omNode-2#0:FAIL-t6,IN_PROGRESS
2022-09-29 01:23:46,964 [grpc-default-executor-1] INFO  server.GrpcServerProtocolService (GrpcServerProtocolService.java:onCompleted(140)) - omNode-2: Completed INSTALL_SNAPSHOT, lastRequest: omNode-1->omNode-2#0-t6,notify:(t:6, i:59)
2022-09-29 01:23:46,966 [grpc-default-executor-1] INFO  server.GrpcLogAppender (GrpcLogAppender.java:onNext(403)) - omNode-1@group-523986131536->omNode-2-InstallSnapshotResponseHandler: received a reply omNode-1<-omNode-2#0:FAIL-t6,IN_PROGRESS
2022-09-29 01:23:46,966 [grpc-default-executor-1] INFO  server.GrpcLogAppender (GrpcLogAppender.java:onNext(421)) - omNode-1@group-523986131536->omNode-2-InstallSnapshotResponseHandler: InstallSnapshot in progress.
2022-09-29 01:23:46,966 [omNode-1@group-523986131536->omNode-2-GrpcLogAppender-LogAppenderDaemon] INFO  server.GrpcLogAppender (GrpcLogAppender.java:installSnapshot(541)) - omNode-1@group-523986131536->omNode-2-GrpcLogAppender: followerNextIndex = 57 but logStartIndex = 59, notify follower to install snapshot-(t:6, i:59)
2022-09-29 01:23:46,966 [omNode-1@group-523986131536->omNode-2-GrpcLogAppender-LogAppenderDaemon] INFO  server.GrpcLogAppender (GrpcLogAppender.java:installSnapshot(549)) - omNode-1@group-523986131536->omNode-2-GrpcLogAppender: send omNode-1->omNode-2#0-t6,notify:(t:6, i:59)
2022-09-29 01:23:46,967 [omNode-2-server-thread1] INFO  server.RaftServer$Division (RaftServerImpl.java:checkInconsistentAppendEntries(1402)) - omNode-2@group-523986131536: Failed appendEntries as snapshot (59) installation is in progress
2022-09-29 01:23:46,967 [omNode-2-server-thread1] INFO  server.RaftServer$Division (RaftServerImpl.java:checkInconsistentAppendEntries(1394)) - omNode-2@group-523986131536: inconsistency entries. Reply:omNode-1<-omNode-2#882:FAIL-t6,INCONSISTENCY,nextIndex=57,followerCommit=56
2022-09-29 01:23:46,968 [grpc-default-executor-2] INFO  leader.FollowerInfo (FollowerInfoImpl.java:lambda$new$0(48)) - omNode-1@group-523986131536->omNode-2: nextIndex: updateUnconditionally 57 -> 57
2022-09-29 01:23:46,968 [grpc-default-executor-1] INFO  impl.SnapshotInstallationHandler (SnapshotInstallationHandler.java:installSnapshot(84)) - omNode-2@group-523986131536: receive installSnapshot: omNode-1->omNode-2#0-t6,notify:(t:6, i:59)
2022-09-29 01:23:46,968 [grpc-default-executor-1] INFO  impl.SnapshotInstallationHandler (SnapshotInstallationHandler.java:installSnapshot(95)) - omNode-2@group-523986131536: reply installSnapshot: omNode-1<-omNode-2#0:FAIL-t6,IN_PROGRESS
2022-09-29 01:23:46,968 [grpc-default-executor-1] INFO  server.GrpcServerProtocolService (GrpcServerProtocolService.java:onCompleted(140)) - omNode-2: Completed INSTALL_SNAPSHOT, lastRequest: omNode-1->omNode-2#0-t6,notify:(t:6, i:59)
2022-09-29 01:23:46,968 [grpc-default-executor-1] INFO  server.GrpcLogAppender (GrpcLogAppender.java:onNext(403)) - omNode-1@group-523986131536->omNode-2-InstallSnapshotResponseHandler: received a reply omNode-1<-omNode-2#0:FAIL-t6,IN_PROGRESS
2022-09-29 01:23:46,968 [grpc-default-executor-1] INFO  server.GrpcLogAppender (GrpcLogAppender.java:onNext(421)) - omNode-1@group-523986131536->omNode-2-InstallSnapshotResponseHandler: InstallSnapshot in progress.
2022-09-29 01:23:46,968 [omNode-1@group-523986131536->omNode-2-GrpcLogAppender-LogAppenderDaemon] INFO  server.GrpcLogAppender (GrpcLogAppender.java:installSnapshot(541)) - omNode-1@group-523986131536->omNode-2-GrpcLogAppender: followerNextIndex = 57 but logStartIndex = 59, notify follower to install snapshot-(t:6, i:59)
2022-09-29 01:23:46,968 [omNode-1@group-523986131536->omNode-2-GrpcLogAppender-LogAppenderDaemon] INFO  server.GrpcLogAppender (GrpcLogAppender.java:installSnapshot(549)) - omNode-1@group-523986131536->omNode-2-GrpcLogAppender: send omNode-1->omNode-2#0-t6,notify:(t:6, i:59)
2022-09-29 01:23:46,969 [omNode-2-server-thread1] INFO  server.RaftServer$Division (RaftServerImpl.java:checkInconsistentAppendEntries(1402)) - omNode-2@group-523986131536: Failed appendEntries as snapshot (59) installation is in progress
2022-09-29 01:23:46,969 [omNode-2-server-thread1] INFO  server.RaftServer$Division (RaftServerImpl.java:checkInconsistentAppendEntries(1394)) - omNode-2@group-523986131536: inconsistency entries. Reply:omNode-1<-omNode-2#883:FAIL-t6,INCONSISTENCY,nextIndex=57,followerCommit=56
2022-09-29 01:23:46,969 [grpc-default-executor-2] INFO  leader.FollowerInfo (FollowerInfoImpl.java:lambda$new$0(48)) - omNode-1@group-523986131536->omNode-2: nextIndex: updateUnconditionally 57 -> 57
2022-09-29 01:23:46,969 [grpc-default-executor-1] INFO  impl.SnapshotInstallationHandler (SnapshotInstallationHandler.java:installSnapshot(84)) - omNode-2@group-523986131536: receive installSnapshot: omNode-1->omNode-2#0-t6,notify:(t:6, i:59)
2022-09-29 01:23:46,969 [grpc-default-executor-1] INFO  impl.SnapshotInstallationHandler (SnapshotInstallationHandler.java:installSnapshot(95)) - omNode-2@group-523986131536: reply installSnapshot: omNode-1<-omNode-2#0:FAIL-t6,IN_PROGRESS
2022-09-29 01:23:46,969 [grpc-default-executor-1] INFO  server.GrpcServerProtocolService (GrpcServerProtocolService.java:onCompleted(140)) - omNode-2: Completed INSTALL_SNAPSHOT, lastRequest: omNode-1->omNode-2#0-t6,notify:(t:6, i:59)
2022-09-29 01:23:46,970 [grpc-default-executor-1] INFO  server.GrpcLogAppender (GrpcLogAppender.java:onNext(403)) - omNode-1@group-523986131536->omNode-2-InstallSnapshotResponseHandler: received a reply omNode-1<-omNode-2#0:FAIL-t6,IN_PROGRESS
2022-09-29 01:23:46,970 [grpc-default-executor-1] INFO  server.GrpcLogAppender (GrpcLogAppender.java:onNext(421)) - omNode-1@group-523986131536->omNode-2-InstallSnapshotResponseHandler: InstallSnapshot in progress.
2022-09-29 01:23:46,970 [omNode-1@group-523986131536->omNode-2-GrpcLogAppender-LogAppenderDaemon] INFO  server.GrpcLogAppender (GrpcLogAppender.java:installSnapshot(541)) - omNode-1@group-523986131536->omNode-2-GrpcLogAppender: followerNextIndex = 57 but logStartIndex = 59, notify follower to install snapshot-(t:6, i:59)
2022-09-29 01:23:46,970 [omNode-1@group-523986131536->omNode-2-GrpcLogAppender-LogAppenderDaemon] INFO  server.GrpcLogAppender (GrpcLogAppender.java:installSnapshot(549)) - omNode-1@group-523986131536->omNode-2-GrpcLogAppender: send omNode-1->omNode-2#0-t6,notify:(t:6, i:59)
2022-09-29 01:23:46,970 [omNode-2-server-thread1] INFO  server.RaftServer$Division (RaftServerImpl.java:checkInconsistentAppendEntries(1402)) - omNode-2@group-523986131536: Failed appendEntries as snapshot (59) installation is in progress
2022-09-29 01:23:46,971 [omNode-2-server-thread1] INFO  server.RaftServer$Division (RaftServerImpl.java:checkInconsistentAppendEntries(1394)) - omNode-2@group-523986131536: inconsistency entries. Reply:omNode-1<-omNode-2#884:FAIL-t6,INCONSISTENCY,nextIndex=57,followerCommit=56
2022-09-29 01:23:46,971 [grpc-default-executor-2] INFO  leader.FollowerInfo (FollowerInfoImpl.java:lambda$new$0(48)) - omNode-1@group-523986131536->omNode-2: nextIndex: updateUnconditionally 57 -> 57
2022-09-29 01:23:46,971 [grpc-default-executor-1] INFO  impl.SnapshotInstallationHandler (SnapshotInstallationHandler.java:installSnapshot(84)) - omNode-2@group-523986131536: receive installSnapshot: omNode-1->omNode-2#0-t6,notify:(t:6, i:59)
2022-09-29 01:23:46,971 [grpc-default-executor-1] INFO  impl.SnapshotInstallationHandler (SnapshotInstallationHandler.java:installSnapshot(95)) - omNode-2@group-523986131536: reply installSnapshot: omNode-1<-omNode-2#0:FAIL-t6,IN_PROGRESS
2022-09-29 01:23:46,971 [grpc-default-executor-1] INFO  server.GrpcServerProtocolService (GrpcServerProtocolService.java:onCompleted(140)) - omNode-2: Completed INSTALL_SNAPSHOT, lastRequest: omNode-1->omNode-2#0-t6,notify:(t:6, i:59)
2022-09-29 01:23:46,971 [grpc-default-executor-1] INFO  server.GrpcLogAppender (GrpcLogAppender.java:onNext(403)) - omNode-1@group-523986131536->omNode-2-InstallSnapshotResponseHandler: received a reply omNode-1<-omNode-2#0:FAIL-t6,IN_PROGRESS
2022-09-29 01:23:46,971 [grpc-default-executor-1] INFO  server.GrpcLogAppender (GrpcLogAppender.java:onNext(421)) - omNode-1@group-523986131536->omNode-2-InstallSnapshotResponseHandler: InstallSnapshot in progress.
2022-09-29 01:23:46,971 [omNode-1@group-523986131536->omNode-2-GrpcLogAppender-LogAppenderDaemon] INFO  server.GrpcLogAppender (GrpcLogAppender.java:installSnapshot(541)) - omNode-1@group-523986131536->omNode-2-GrpcLogAppender: followerNextIndex = 57 but logStartIndex = 59, notify follower to install snapshot-(t:6, i:59)
2022-09-29 01:23:46,971 [omNode-1@group-523986131536->omNode-2-GrpcLogAppender-LogAppenderDaemon] INFO  server.GrpcLogAppender (GrpcLogAppender.java:installSnapshot(549)) - omNode-1@group-523986131536->omNode-2-GrpcLogAppender: send omNode-1->omNode-2#0-t6,notify:(t:6, i:59)
2022-09-29 01:23:46,974 [omNode-2-server-thread1] INFO  server.RaftServer$Division (RaftServerImpl.java:checkInconsistentAppendEntries(1402)) - omNode-2@group-523986131536: Failed appendEntries as snapshot (59) installation is in progress
2022-09-29 01:23:46,974 [omNode-2-server-thread1] INFO  server.RaftServer$Division (RaftServerImpl.java:checkInconsistentAppendEntries(1394)) - omNode-2@group-523986131536: inconsistency entries. Reply:omNode-1<-omNode-2#885:FAIL-t6,INCONSISTENCY,nextIndex=57,followerCommit=56
2022-09-29 01:23:46,974 [grpc-default-executor-1] INFO  impl.SnapshotInstallationHandler (SnapshotInstallationHandler.java:installSnapshot(84)) - omNode-2@group-523986131536: receive installSnapshot: omNode-1->omNode-2#0-t6,notify:(t:6, i:59)
2022-09-29 01:23:46,974 [grpc-default-executor-1] INFO  impl.SnapshotInstallationHandler (SnapshotInstallationHandler.java:installSnapshot(95)) - omNode-2@group-523986131536: reply installSnapshot: omNode-1<-omNode-2#0:FAIL-t6,IN_PROGRESS
2022-09-29 01:23:46,974 [grpc-default-executor-1] INFO  server.GrpcServerProtocolService (GrpcServerProtocolService.java:onCompleted(140)) - omNode-2: Completed INSTALL_SNAPSHOT, lastRequest: omNode-1->omNode-2#0-t6,notify:(t:6, i:59)
2022-09-29 01:23:46,974 [grpc-default-executor-2] INFO  leader.FollowerInfo (FollowerInfoImpl.java:lambda$new$0(48)) - omNode-1@group-523986131536->omNode-2: nextIndex: updateUnconditionally 57 -> 57
2022-09-29 01:23:46,974 [grpc-default-executor-1] INFO  server.GrpcLogAppender (GrpcLogAppender.java:onNext(403)) - omNode-1@group-523986131536->omNode-2-InstallSnapshotResponseHandler: received a reply omNode-1<-omNode-2#0:FAIL-t6,IN_PROGRESS
2022-09-29 01:23:46,974 [grpc-default-executor-1] INFO  server.GrpcLogAppender (GrpcLogAppender.java:onNext(421)) - omNode-1@group-523986131536->omNode-2-InstallSnapshotResponseHandler: InstallSnapshot in progress.
2022-09-29 01:23:46,975 [omNode-1@group-523986131536->omNode-2-GrpcLogAppender-LogAppenderDaemon] INFO  server.GrpcLogAppender (GrpcLogAppender.java:installSnapshot(541)) - omNode-1@group-523986131536->omNode-2-GrpcLogAppender: followerNextIndex = 57 but logStartIndex = 59, notify follower to install snapshot-(t:6, i:59)
2022-09-29 01:23:46,975 [omNode-1@group-523986131536->omNode-2-GrpcLogAppender-LogAppenderDaemon] INFO  server.GrpcLogAppender (GrpcLogAppender.java:installSnapshot(549)) - omNode-1@group-523986131536->omNode-2-GrpcLogAppender: send omNode-1->omNode-2#0-t6,notify:(t:6, i:59)
2022-09-29 01:23:46,975 [omNode-2-server-thread1] INFO  server.RaftServer$Division (RaftServerImpl.java:checkInconsistentAppendEntries(1402)) - omNode-2@group-523986131536: Failed appendEntries as snapshot (59) installation is in progress
2022-09-29 01:23:46,975 [omNode-2-server-thread1] INFO  server.RaftServer$Division (RaftServerImpl.java:checkInconsistentAppendEntries(1394)) - omNode-2@group-523986131536: inconsistency entries. Reply:omNode-1<-omNode-2#886:FAIL-t6,INCONSISTENCY,nextIndex=57,followerCommit=56
2022-09-29 01:23:46,975 [grpc-default-executor-1] INFO  impl.SnapshotInstallationHandler (SnapshotInstallationHandler.java:installSnapshot(84)) - omNode-2@group-523986131536: receive installSnapshot: omNode-1->omNode-2#0-t6,notify:(t:6, i:59)
2022-09-29 01:23:46,975 [grpc-default-executor-2] INFO  leader.FollowerInfo (FollowerInfoImpl.java:lambda$new$0(48)) - omNode-1@group-523986131536->omNode-2: nextIndex: updateUnconditionally 57 -> 57
2022-09-29 01:23:46,975 [grpc-default-executor-1] INFO  impl.SnapshotInstallationHandler (SnapshotInstallationHandler.java:installSnapshot(95)) - omNode-2@group-523986131536: reply installSnapshot: omNode-1<-omNode-2#0:FAIL-t6,IN_PROGRESS
2022-09-29 01:23:46,976 [grpc-default-executor-1] INFO  server.GrpcServerProtocolService (GrpcServerProtocolService.java:onCompleted(140)) - omNode-2: Completed INSTALL_SNAPSHOT, lastRequest: omNode-1->omNode-2#0-t6,notify:(t:6, i:59)
2022-09-29 01:23:46,976 [grpc-default-executor-1] INFO  server.GrpcLogAppender (GrpcLogAppender.java:onNext(403)) - omNode-1@group-523986131536->omNode-2-InstallSnapshotResponseHandler: received a reply omNode-1<-omNode-2#0:FAIL-t6,IN_PROGRESS
2022-09-29 01:23:46,976 [grpc-default-executor-1] INFO  server.GrpcLogAppender (GrpcLogAppender.java:onNext(421)) - omNode-1@group-523986131536->omNode-2-InstallSnapshotResponseHandler: InstallSnapshot in progress.
2022-09-29 01:23:46,976 [omNode-1@group-523986131536->omNode-2-GrpcLogAppender-LogAppenderDaemon] INFO  server.GrpcLogAppender (GrpcLogAppender.java:installSnapshot(541)) - omNode-1@group-523986131536->omNode-2-GrpcLogAppender: followerNextIndex = 57 but logStartIndex = 59, notify follower to install snapshot-(t:6, i:59)
2022-09-29 01:23:46,976 [omNode-1@group-523986131536->omNode-2-GrpcLogAppender-LogAppenderDaemon] INFO  server.GrpcLogAppender (GrpcLogAppender.java:installSnapshot(549)) - omNode-1@group-523986131536->omNode-2-GrpcLogAppender: send omNode-1->omNode-2#0-t6,notify:(t:6, i:59)
2022-09-29 01:23:46,976 [omNode-2-server-thread1] INFO  server.RaftServer$Division (RaftServerImpl.java:checkInconsistentAppendEntries(1402)) - omNode-2@group-523986131536: Failed appendEntries as snapshot (59) installation is in progress
2022-09-29 01:23:46,976 [omNode-2-server-thread1] INFO  server.RaftServer$Division (RaftServerImpl.java:checkInconsistentAppendEntries(1394)) - omNode-2@group-523986131536: inconsistency entries. Reply:omNode-1<-omNode-2#887:FAIL-t6,INCONSISTENCY,nextIndex=57,followerCommit=56
2022-09-29 01:23:46,977 [grpc-default-executor-2] INFO  impl.SnapshotInstallationHandler (SnapshotInstallationHandler.java:installSnapshot(84)) - omNode-2@group-523986131536: receive installSnapshot: omNode-1->omNode-2#0-t6,notify:(t:6, i:59)
2022-09-29 01:23:46,977 [grpc-default-executor-2] INFO  impl.SnapshotInstallationHandler (SnapshotInstallationHandler.java:installSnapshot(95)) - omNode-2@group-523986131536: reply installSnapshot: omNode-1<-omNode-2#0:FAIL-t6,IN_PROGRESS
2022-09-29 01:23:46,977 [grpc-default-executor-2] INFO  server.GrpcServerProtocolService (GrpcServerProtocolService.java:onCompleted(140)) - omNode-2: Completed INSTALL_SNAPSHOT, lastRequest: omNode-1->omNode-2#0-t6,notify:(t:6, i:59)
2022-09-29 01:23:46,977 [grpc-default-executor-1] INFO  leader.FollowerInfo (FollowerInfoImpl.java:lambda$new$0(48)) - omNode-1@group-523986131536->omNode-2: nextIndex: updateUnconditionally 57 -> 57
2022-09-29 01:23:46,977 [grpc-default-executor-2] INFO  server.GrpcLogAppender (GrpcLogAppender.java:onNext(403)) - omNode-1@group-523986131536->omNode-2-InstallSnapshotResponseHandler: received a reply omNode-1<-omNode-2#0:FAIL-t6,IN_PROGRESS
2022-09-29 01:23:46,977 [grpc-default-executor-2] INFO  server.GrpcLogAppender (GrpcLogAppender.java:onNext(421)) - omNode-1@group-523986131536->omNode-2-InstallSnapshotResponseHandler: InstallSnapshot in progress.
2022-09-29 01:23:46,977 [omNode-1@group-523986131536->omNode-2-GrpcLogAppender-LogAppenderDaemon] INFO  server.GrpcLogAppender (GrpcLogAppender.java:installSnapshot(541)) - omNode-1@group-523986131536->omNode-2-GrpcLogAppender: followerNextIndex = 57 but logStartIndex = 59, notify follower to install snapshot-(t:6, i:59)
2022-09-29 01:23:46,977 [omNode-1@group-523986131536->omNode-2-GrpcLogAppender-LogAppenderDaemon] INFO  server.GrpcLogAppender (GrpcLogAppender.java:installSnapshot(549)) - omNode-1@group-523986131536->omNode-2-GrpcLogAppender: send omNode-1->omNode-2#0-t6,notify:(t:6, i:59)
2022-09-29 01:23:46,980 [omNode-2-server-thread1] INFO  server.RaftServer$Division (RaftServerImpl.java:checkInconsistentAppendEntries(1402)) - omNode-2@group-523986131536: Failed appendEntries as snapshot (59) installation is in progress
2022-09-29 01:23:46,980 [omNode-2-server-thread1] INFO  server.RaftServer$Division (RaftServerImpl.java:checkInconsistentAppendEntries(1394)) - omNode-2@group-523986131536: inconsistency entries. Reply:omNode-1<-omNode-2#888:FAIL-t6,INCONSISTENCY,nextIndex=57,followerCommit=56
2022-09-29 01:23:46,980 [grpc-default-executor-1] INFO  impl.SnapshotInstallationHandler (SnapshotInstallationHandler.java:installSnapshot(84)) - omNode-2@group-523986131536: receive installSnapshot: omNode-1->omNode-2#0-t6,notify:(t:6, i:59)
2022-09-29 01:23:46,980 [grpc-default-executor-1] INFO  impl.SnapshotInstallationHandler (SnapshotInstallationHandler.java:installSnapshot(95)) - omNode-2@group-523986131536: reply installSnapshot: omNode-1<-omNode-2#0:FAIL-t6,IN_PROGRESS
2022-09-29 01:23:46,981 [grpc-default-executor-1] INFO  server.GrpcServerProtocolService (GrpcServerProtocolService.java:onCompleted(140)) - omNode-2: Completed INSTALL_SNAPSHOT, lastRequest: omNode-1->omNode-2#0-t6,notify:(t:6, i:59)
2022-09-29 01:23:46,981 [grpc-default-executor-2] INFO  leader.FollowerInfo (FollowerInfoImpl.java:lambda$new$0(48)) - omNode-1@group-523986131536->omNode-2: nextIndex: updateUnconditionally 57 -> 57
2022-09-29 01:23:46,981 [grpc-default-executor-1] INFO  server.GrpcLogAppender (GrpcLogAppender.java:onNext(403)) - omNode-1@group-523986131536->omNode-2-InstallSnapshotResponseHandler: received a reply omNode-1<-omNode-2#0:FAIL-t6,IN_PROGRESS
2022-09-29 01:23:46,981 [grpc-default-executor-1] INFO  server.GrpcLogAppender (GrpcLogAppender.java:onNext(421)) - omNode-1@group-523986131536->omNode-2-InstallSnapshotResponseHandler: InstallSnapshot in progress.
2022-09-29 01:23:46,981 [omNode-1@group-523986131536->omNode-2-GrpcLogAppender-LogAppenderDaemon] INFO  server.GrpcLogAppender (GrpcLogAppender.java:installSnapshot(541)) - omNode-1@group-523986131536->omNode-2-GrpcLogAppender: followerNextIndex = 57 but logStartIndex = 59, notify follower to install snapshot-(t:6, i:59)
2022-09-29 01:23:46,981 [omNode-1@group-523986131536->omNode-2-GrpcLogAppender-LogAppenderDaemon] INFO  server.GrpcLogAppender (GrpcLogAppender.java:installSnapshot(549)) - omNode-1@group-523986131536->omNode-2-GrpcLogAppender: send omNode-1->omNode-2#0-t6,notify:(t:6, i:59)
2022-09-29 01:23:46,981 [omNode-2-server-thread1] INFO  server.RaftServer$Division (RaftServerImpl.java:checkInconsistentAppendEntries(1402)) - omNode-2@group-523986131536: Failed appendEntries as snapshot (59) installation is in progress
2022-09-29 01:23:46,981 [omNode-2-server-thread1] INFO  server.RaftServer$Division (RaftServerImpl.java:checkInconsistentAppendEntries(1394)) - omNode-2@group-523986131536: inconsistency entries. Reply:omNode-1<-omNode-2#889:FAIL-t6,INCONSISTENCY,nextIndex=57,followerCommit=56
2022-09-29 01:23:46,982 [grpc-default-executor-1] INFO  impl.SnapshotInstallationHandler (SnapshotInstallationHandler.java:installSnapshot(84)) - omNode-2@group-523986131536: receive installSnapshot: omNode-1->omNode-2#0-t6,notify:(t:6, i:59)
2022-09-29 01:23:46,982 [grpc-default-executor-1] INFO  impl.SnapshotInstallationHandler (SnapshotInstallationHandler.java:installSnapshot(95)) - omNode-2@group-523986131536: reply installSnapshot: omNode-1<-omNode-2#0:FAIL-t6,IN_PROGRESS
2022-09-29 01:23:46,982 [grpc-default-executor-1] INFO  server.GrpcServerProtocolService (GrpcServerProtocolService.java:onCompleted(140)) - omNode-2: Completed INSTALL_SNAPSHOT, lastRequest: omNode-1->omNode-2#0-t6,notify:(t:6, i:59)
2022-09-29 01:23:46,982 [grpc-default-executor-2] INFO  leader.FollowerInfo (FollowerInfoImpl.java:lambda$new$0(48)) - omNode-1@group-523986131536->omNode-2: nextIndex: updateUnconditionally 57 -> 57
2022-09-29 01:23:46,982 [grpc-default-executor-1] INFO  server.GrpcLogAppender (GrpcLogAppender.java:onNext(403)) - omNode-1@group-523986131536->omNode-2-InstallSnapshotResponseHandler: received a reply omNode-1<-omNode-2#0:FAIL-t6,IN_PROGRESS
2022-09-29 01:23:46,982 [grpc-default-executor-1] INFO  server.GrpcLogAppender (GrpcLogAppender.java:onNext(421)) - omNode-1@group-523986131536->omNode-2-InstallSnapshotResponseHandler: InstallSnapshot in progress.
2022-09-29 01:23:46,982 [omNode-1@group-523986131536->omNode-2-GrpcLogAppender-LogAppenderDaemon] INFO  server.GrpcLogAppender (GrpcLogAppender.java:installSnapshot(541)) - omNode-1@group-523986131536->omNode-2-GrpcLogAppender: followerNextIndex = 57 but logStartIndex = 59, notify follower to install snapshot-(t:6, i:59)
2022-09-29 01:23:46,982 [omNode-1@group-523986131536->omNode-2-GrpcLogAppender-LogAppenderDaemon] INFO  server.GrpcLogAppender (GrpcLogAppender.java:installSnapshot(549)) - omNode-1@group-523986131536->omNode-2-GrpcLogAppender: send omNode-1->omNode-2#0-t6,notify:(t:6, i:59)
2022-09-29 01:23:46,982 [omNode-2-server-thread1] INFO  server.RaftServer$Division (RaftServerImpl.java:checkInconsistentAppendEntries(1402)) - omNode-2@group-523986131536: Failed appendEntries as snapshot (59) installation is in progress
2022-09-29 01:23:46,983 [omNode-2-server-thread1] INFO  server.RaftServer$Division (RaftServerImpl.java:checkInconsistentAppendEntries(1394)) - omNode-2@group-523986131536: inconsistency entries. Reply:omNode-1<-omNode-2#890:FAIL-t6,INCONSISTENCY,nextIndex=57,followerCommit=56
2022-09-29 01:23:46,983 [grpc-default-executor-1] INFO  impl.SnapshotInstallationHandler (SnapshotInstallationHandler.java:installSnapshot(84)) - omNode-2@group-523986131536: receive installSnapshot: omNode-1->omNode-2#0-t6,notify:(t:6, i:59)
2022-09-29 01:23:46,983 [grpc-default-executor-1] INFO  impl.SnapshotInstallationHandler (SnapshotInstallationHandler.java:installSnapshot(95)) - omNode-2@group-523986131536: reply installSnapshot: omNode-1<-omNode-2#0:FAIL-t6,IN_PROGRESS
2022-09-29 01:23:46,983 [grpc-default-executor-1] INFO  server.GrpcServerProtocolService (GrpcServerProtocolService.java:onCompleted(140)) - omNode-2: Completed INSTALL_SNAPSHOT, lastRequest: omNode-1->omNode-2#0-t6,notify:(t:6, i:59)
2022-09-29 01:23:46,983 [grpc-default-executor-2] INFO  leader.FollowerInfo (FollowerInfoImpl.java:lambda$new$0(48)) - omNode-1@group-523986131536->omNode-2: nextIndex: updateUnconditionally 57 -> 57
2022-09-29 01:23:46,983 [grpc-default-executor-1] INFO  server.GrpcLogAppender (GrpcLogAppender.java:onNext(403)) - omNode-1@group-523986131536->omNode-2-InstallSnapshotResponseHandler: received a reply omNode-1<-omNode-2#0:FAIL-t6,IN_PROGRESS
2022-09-29 01:23:46,983 [grpc-default-executor-1] INFO  server.GrpcLogAppender (GrpcLogAppender.java:onNext(421)) - omNode-1@group-523986131536->omNode-2-InstallSnapshotResponseHandler: InstallSnapshot in progress.
2022-09-29 01:23:46,983 [omNode-1@group-523986131536->omNode-2-GrpcLogAppender-LogAppenderDaemon] INFO  server.GrpcLogAppender (GrpcLogAppender.java:installSnapshot(541)) - omNode-1@group-523986131536->omNode-2-GrpcLogAppender: followerNextIndex = 57 but logStartIndex = 59, notify follower to install snapshot-(t:6, i:59)
2022-09-29 01:23:46,983 [omNode-1@group-523986131536->omNode-2-GrpcLogAppender-LogAppenderDaemon] INFO  server.GrpcLogAppender (GrpcLogAppender.java:installSnapshot(549)) - omNode-1@group-523986131536->omNode-2-GrpcLogAppender: send omNode-1->omNode-2#0-t6,notify:(t:6, i:59)
2022-09-29 01:23:46,984 [omNode-2-server-thread1] INFO  server.RaftServer$Division (RaftServerImpl.java:checkInconsistentAppendEntries(1402)) - omNode-2@group-523986131536: Failed appendEntries as snapshot (59) installation is in progress
2022-09-29 01:23:46,984 [omNode-2-server-thread1] INFO  server.RaftServer$Division (RaftServerImpl.java:checkInconsistentAppendEntries(1394)) - omNode-2@group-523986131536: inconsistency entries. Reply:omNode-1<-omNode-2#891:FAIL-t6,INCONSISTENCY,nextIndex=57,followerCommit=56
2022-09-29 01:23:46,984 [grpc-default-executor-3] INFO  impl.SnapshotInstallationHandler (SnapshotInstallationHandler.java:installSnapshot(84)) - omNode-2@group-523986131536: receive installSnapshot: omNode-1->omNode-2#0-t6,notify:(t:6, i:59)
2022-09-29 01:23:46,984 [grpc-default-executor-3] INFO  impl.SnapshotInstallationHandler (SnapshotInstallationHandler.java:installSnapshot(95)) - omNode-2@group-523986131536: reply installSnapshot: omNode-1<-omNode-2#0:FAIL-t6,IN_PROGRESS
2022-09-29 01:23:46,984 [grpc-default-executor-3] INFO  server.GrpcServerProtocolService (GrpcServerProtocolService.java:onCompleted(140)) - omNode-2: Completed INSTALL_SNAPSHOT, lastRequest: omNode-1->omNode-2#0-t6,notify:(t:6, i:59)
2022-09-29 01:23:46,984 [grpc-default-executor-3] INFO  server.GrpcLogAppender (GrpcLogAppender.java:onNext(403)) - omNode-1@group-523986131536->omNode-2-InstallSnapshotResponseHandler: received a reply omNode-1<-omNode-2#0:FAIL-t6,IN_PROGRESS
2022-09-29 01:23:46,984 [grpc-default-executor-3] INFO  server.GrpcLogAppender (GrpcLogAppender.java:onNext(421)) - omNode-1@group-523986131536->omNode-2-InstallSnapshotResponseHandler: InstallSnapshot in progress.
2022-09-29 01:23:46,985 [omNode-1@group-523986131536->omNode-2-GrpcLogAppender-LogAppenderDaemon] INFO  server.GrpcLogAppender (GrpcLogAppender.java:installSnapshot(541)) - omNode-1@group-523986131536->omNode-2-GrpcLogAppender: followerNextIndex = 57 but logStartIndex = 59, notify follower to install snapshot-(t:6, i:59)
2022-09-29 01:23:46,985 [omNode-1@group-523986131536->omNode-2-GrpcLogAppender-LogAppenderDaemon] INFO  server.GrpcLogAppender (GrpcLogAppender.java:installSnapshot(549)) - omNode-1@group-523986131536->omNode-2-GrpcLogAppender: send omNode-1->omNode-2#0-t6,notify:(t:6, i:59)
2022-09-29 01:23:46,985 [omNode-2-server-thread1] INFO  server.RaftServer$Division (RaftServerImpl.java:checkInconsistentAppendEntries(1402)) - omNode-2@group-523986131536: Failed appendEntries as snapshot (59) installation is in progress
2022-09-29 01:23:46,985 [omNode-2-server-thread1] INFO  server.RaftServer$Division (RaftServerImpl.java:checkInconsistentAppendEntries(1394)) - omNode-2@group-523986131536: inconsistency entries. Reply:omNode-1<-omNode-2#892:FAIL-t6,INCONSISTENCY,nextIndex=57,followerCommit=56
2022-09-29 01:23:46,985 [grpc-default-executor-2] INFO  impl.SnapshotInstallationHandler (SnapshotInstallationHandler.java:installSnapshot(84)) - omNode-2@group-523986131536: receive installSnapshot: omNode-1->omNode-2#0-t6,notify:(t:6, i:59)
2022-09-29 01:23:46,985 [grpc-default-executor-2] INFO  impl.SnapshotInstallationHandler (SnapshotInstallationHandler.java:installSnapshot(95)) - omNode-2@group-523986131536: reply installSnapshot: omNode-1<-omNode-2#0:FAIL-t6,IN_PROGRESS
2022-09-29 01:23:46,985 [grpc-default-executor-2] INFO  server.GrpcServerProtocolService (GrpcServerProtocolService.java:onCompleted(140)) - omNode-2: Completed INSTALL_SNAPSHOT, lastRequest: omNode-1->omNode-2#0-t6,notify:(t:6, i:59)
2022-09-29 01:23:46,986 [grpc-default-executor-2] INFO  server.GrpcLogAppender (GrpcLogAppender.java:onNext(403)) - omNode-1@group-523986131536->omNode-2-InstallSnapshotResponseHandler: received a reply omNode-1<-omNode-2#0:FAIL-t6,IN_PROGRESS
2022-09-29 01:23:46,987 [grpc-default-executor-2] INFO  server.GrpcLogAppender (GrpcLogAppender.java:onNext(421)) - omNode-1@group-523986131536->omNode-2-InstallSnapshotResponseHandler: InstallSnapshot in progress.
2022-09-29 01:23:46,987 [omNode-1@group-523986131536->omNode-2-GrpcLogAppender-LogAppenderDaemon] INFO  server.GrpcLogAppender (GrpcLogAppender.java:installSnapshot(541)) - omNode-1@group-523986131536->omNode-2-GrpcLogAppender: followerNextIndex = 57 but logStartIndex = 59, notify follower to install snapshot-(t:6, i:59)
2022-09-29 01:23:46,987 [omNode-1@group-523986131536->omNode-2-GrpcLogAppender-LogAppenderDaemon] INFO  server.GrpcLogAppender (GrpcLogAppender.java:installSnapshot(549)) - omNode-1@group-523986131536->omNode-2-GrpcLogAppender: send omNode-1->omNode-2#0-t6,notify:(t:6, i:59)
2022-09-29 01:23:46,987 [omNode-2-server-thread1] INFO  server.RaftServer$Division (RaftServerImpl.java:checkInconsistentAppendEntries(1402)) - omNode-2@group-523986131536: Failed appendEntries as snapshot (59) installation is in progress
2022-09-29 01:23:46,987 [omNode-2-server-thread1] INFO  server.RaftServer$Division (RaftServerImpl.java:checkInconsistentAppendEntries(1394)) - omNode-2@group-523986131536: inconsistency entries. Reply:omNode-1<-omNode-2#893:FAIL-t6,INCONSISTENCY,nextIndex=57,followerCommit=56
2022-09-29 01:23:46,987 [grpc-default-executor-1] INFO  leader.FollowerInfo (FollowerInfoImpl.java:lambda$new$0(48)) - omNode-1@group-523986131536->omNode-2: nextIndex: updateUnconditionally 57 -> 57
2022-09-29 01:23:46,987 [grpc-default-executor-3] INFO  impl.SnapshotInstallationHandler (SnapshotInstallationHandler.java:installSnapshot(84)) - omNode-2@group-523986131536: receive installSnapshot: omNode-1->omNode-2#0-t6,notify:(t:6, i:59)
2022-09-29 01:23:46,987 [grpc-default-executor-3] INFO  impl.SnapshotInstallationHandler (SnapshotInstallationHandler.java:installSnapshot(95)) - omNode-2@group-523986131536: reply installSnapshot: omNode-1<-omNode-2#0:FAIL-t6,IN_PROGRESS
2022-09-29 01:23:46,988 [grpc-default-executor-3] INFO  server.GrpcServerProtocolService (GrpcServerProtocolService.java:onCompleted(140)) - omNode-2: Completed INSTALL_SNAPSHOT, lastRequest: omNode-1->omNode-2#0-t6,notify:(t:6, i:59)
2022-09-29 01:23:46,988 [grpc-default-executor-1] INFO  leader.FollowerInfo (FollowerInfoImpl.java:lambda$new$0(48)) - omNode-1@group-523986131536->omNode-2: nextIndex: updateUnconditionally 57 -> 57
2022-09-29 01:23:46,988 [grpc-default-executor-3] INFO  server.GrpcLogAppender (GrpcLogAppender.java:onNext(403)) - omNode-1@group-523986131536->omNode-2-InstallSnapshotResponseHandler: received a reply omNode-1<-omNode-2#0:FAIL-t6,IN_PROGRESS
2022-09-29 01:23:46,988 [grpc-default-executor-3] INFO  server.GrpcLogAppender (GrpcLogAppender.java:onNext(421)) - omNode-1@group-523986131536->omNode-2-InstallSnapshotResponseHandler: InstallSnapshot in progress.
2022-09-29 01:23:46,988 [grpc-default-executor-2] INFO  leader.FollowerInfo (FollowerInfoImpl.java:lambda$new$0(48)) - omNode-1@group-523986131536->omNode-2: nextIndex: updateUnconditionally 57 -> 57
2022-09-29 01:23:46,988 [omNode-1@group-523986131536->omNode-2-GrpcLogAppender-LogAppenderDaemon] INFO  server.GrpcLogAppender (GrpcLogAppender.java:installSnapshot(541)) - omNode-1@group-523986131536->omNode-2-GrpcLogAppender: followerNextIndex = 57 but logStartIndex = 59, notify follower to install snapshot-(t:6, i:59)
2022-09-29 01:23:46,988 [omNode-1@group-523986131536->omNode-2-GrpcLogAppender-LogAppenderDaemon] INFO  server.GrpcLogAppender (GrpcLogAppender.java:installSnapshot(549)) - omNode-1@group-523986131536->omNode-2-GrpcLogAppender: send omNode-1->omNode-2#0-t6,notify:(t:6, i:59)
2022-09-29 01:23:46,990 [omNode-2-server-thread1] INFO  server.RaftServer$Division (RaftServerImpl.java:checkInconsistentAppendEntries(1402)) - omNode-2@group-523986131536: Failed appendEntries as snapshot (59) installation is in progress
2022-09-29 01:23:46,990 [omNode-2-server-thread1] INFO  server.RaftServer$Division (RaftServerImpl.java:checkInconsistentAppendEntries(1394)) - omNode-2@group-523986131536: inconsistency entries. Reply:omNode-1<-omNode-2#894:FAIL-t6,INCONSISTENCY,nextIndex=57,followerCommit=56
2022-09-29 01:23:46,991 [grpc-default-executor-1] INFO  impl.SnapshotInstallationHandler (SnapshotInstallationHandler.java:installSnapshot(84)) - omNode-2@group-523986131536: receive installSnapshot: omNode-1->omNode-2#0-t6,notify:(t:6, i:59)
2022-09-29 01:23:46,991 [grpc-default-executor-1] INFO  impl.SnapshotInstallationHandler (SnapshotInstallationHandler.java:installSnapshot(95)) - omNode-2@group-523986131536: reply installSnapshot: omNode-1<-omNode-2#0:FAIL-t6,IN_PROGRESS
2022-09-29 01:23:46,991 [grpc-default-executor-1] INFO  server.GrpcServerProtocolService (GrpcServerProtocolService.java:onCompleted(140)) - omNode-2: Completed INSTALL_SNAPSHOT, lastRequest: omNode-1->omNode-2#0-t6,notify:(t:6, i:59)
2022-09-29 01:23:46,991 [grpc-default-executor-2] INFO  leader.FollowerInfo (FollowerInfoImpl.java:lambda$new$0(48)) - omNode-1@group-523986131536->omNode-2: nextIndex: updateUnconditionally 57 -> 57
2022-09-29 01:23:46,991 [grpc-default-executor-1] INFO  server.GrpcLogAppender (GrpcLogAppender.java:onNext(403)) - omNode-1@group-523986131536->omNode-2-InstallSnapshotResponseHandler: received a reply omNode-1<-omNode-2#0:FAIL-t6,IN_PROGRESS
2022-09-29 01:23:46,991 [grpc-default-executor-1] INFO  server.GrpcLogAppender (GrpcLogAppender.java:onNext(421)) - omNode-1@group-523986131536->omNode-2-InstallSnapshotResponseHandler: InstallSnapshot in progress.
2022-09-29 01:23:46,991 [omNode-1@group-523986131536->omNode-2-GrpcLogAppender-LogAppenderDaemon] INFO  server.GrpcLogAppender (GrpcLogAppender.java:installSnapshot(541)) - omNode-1@group-523986131536->omNode-2-GrpcLogAppender: followerNextIndex = 57 but logStartIndex = 59, notify follower to install snapshot-(t:6, i:59)
2022-09-29 01:23:46,991 [omNode-1@group-523986131536->omNode-2-GrpcLogAppender-LogAppenderDaemon] INFO  server.GrpcLogAppender (GrpcLogAppender.java:installSnapshot(549)) - omNode-1@group-523986131536->omNode-2-GrpcLogAppender: send omNode-1->omNode-2#0-t6,notify:(t:6, i:59)
2022-09-29 01:23:46,991 [omNode-2-server-thread1] INFO  server.RaftServer$Division (RaftServerImpl.java:checkInconsistentAppendEntries(1402)) - omNode-2@group-523986131536: Failed appendEntries as snapshot (59) installation is in progress
2022-09-29 01:23:46,992 [omNode-2-server-thread1] INFO  server.RaftServer$Division (RaftServerImpl.java:checkInconsistentAppendEntries(1394)) - omNode-2@group-523986131536: inconsistency entries. Reply:omNode-1<-omNode-2#895:FAIL-t6,INCONSISTENCY,nextIndex=57,followerCommit=56
2022-09-29 01:23:46,992 [grpc-default-executor-3] INFO  impl.SnapshotInstallationHandler (SnapshotInstallationHandler.java:installSnapshot(84)) - omNode-2@group-523986131536: receive installSnapshot: omNode-1->omNode-2#0-t6,notify:(t:6, i:59)
2022-09-29 01:23:46,992 [grpc-default-executor-3] INFO  impl.SnapshotInstallationHandler (SnapshotInstallationHandler.java:installSnapshot(95)) - omNode-2@group-523986131536: reply installSnapshot: omNode-1<-omNode-2#0:FAIL-t6,IN_PROGRESS
2022-09-29 01:23:46,992 [grpc-default-executor-3] INFO  server.GrpcServerProtocolService (GrpcServerProtocolService.java:onCompleted(140)) - omNode-2: Completed INSTALL_SNAPSHOT, lastRequest: omNode-1->omNode-2#0-t6,notify:(t:6, i:59)
2022-09-29 01:23:46,992 [grpc-default-executor-1] INFO  leader.FollowerInfo (FollowerInfoImpl.java:lambda$new$0(48)) - omNode-1@group-523986131536->omNode-2: nextIndex: updateUnconditionally 57 -> 57
2022-09-29 01:23:46,992 [grpc-default-executor-3] INFO  server.GrpcLogAppender (GrpcLogAppender.java:onNext(403)) - omNode-1@group-523986131536->omNode-2-InstallSnapshotResponseHandler: received a reply omNode-1<-omNode-2#0:FAIL-t6,IN_PROGRESS
2022-09-29 01:23:46,992 [grpc-default-executor-3] INFO  server.GrpcLogAppender (GrpcLogAppender.java:onNext(421)) - omNode-1@group-523986131536->omNode-2-InstallSnapshotResponseHandler: InstallSnapshot in progress.
2022-09-29 01:23:46,992 [omNode-1@group-523986131536->omNode-2-GrpcLogAppender-LogAppenderDaemon] INFO  server.GrpcLogAppender (GrpcLogAppender.java:installSnapshot(541)) - omNode-1@group-523986131536->omNode-2-GrpcLogAppender: followerNextIndex = 57 but logStartIndex = 59, notify follower to install snapshot-(t:6, i:59)
2022-09-29 01:23:46,992 [omNode-1@group-523986131536->omNode-2-GrpcLogAppender-LogAppenderDaemon] INFO  server.GrpcLogAppender (GrpcLogAppender.java:installSnapshot(549)) - omNode-1@group-523986131536->omNode-2-GrpcLogAppender: send omNode-1->omNode-2#0-t6,notify:(t:6, i:59)
2022-09-29 01:23:46,993 [omNode-2-server-thread1] INFO  server.RaftServer$Division (RaftServerImpl.java:checkInconsistentAppendEntries(1402)) - omNode-2@group-523986131536: Failed appendEntries as snapshot (59) installation is in progress
2022-09-29 01:23:46,993 [omNode-2-server-thread1] INFO  server.RaftServer$Division (RaftServerImpl.java:checkInconsistentAppendEntries(1394)) - omNode-2@group-523986131536: inconsistency entries. Reply:omNode-1<-omNode-2#896:FAIL-t6,INCONSISTENCY,nextIndex=57,followerCommit=56
2022-09-29 01:23:46,993 [grpc-default-executor-1] INFO  impl.SnapshotInstallationHandler (SnapshotInstallationHandler.java:installSnapshot(84)) - omNode-2@group-523986131536: receive installSnapshot: omNode-1->omNode-2#0-t6,notify:(t:6, i:59)
2022-09-29 01:23:46,993 [grpc-default-executor-1] INFO  impl.SnapshotInstallationHandler (SnapshotInstallationHandler.java:installSnapshot(95)) - omNode-2@group-523986131536: reply installSnapshot: omNode-1<-omNode-2#0:FAIL-t6,IN_PROGRESS
2022-09-29 01:23:46,993 [grpc-default-executor-1] INFO  server.GrpcServerProtocolService (GrpcServerProtocolService.java:onCompleted(140)) - omNode-2: Completed INSTALL_SNAPSHOT, lastRequest: omNode-1->omNode-2#0-t6,notify:(t:6, i:59)
2022-09-29 01:23:46,993 [grpc-default-executor-3] INFO  leader.FollowerInfo (FollowerInfoImpl.java:lambda$new$0(48)) - omNode-1@group-523986131536->omNode-2: nextIndex: updateUnconditionally 57 -> 57
2022-09-29 01:23:46,993 [grpc-default-executor-1] INFO  server.GrpcLogAppender (GrpcLogAppender.java:onNext(403)) - omNode-1@group-523986131536->omNode-2-InstallSnapshotResponseHandler: received a reply omNode-1<-omNode-2#0:FAIL-t6,IN_PROGRESS
2022-09-29 01:23:46,993 [grpc-default-executor-1] INFO  server.GrpcLogAppender (GrpcLogAppender.java:onNext(421)) - omNode-1@group-523986131536->omNode-2-InstallSnapshotResponseHandler: InstallSnapshot in progress.
2022-09-29 01:23:46,994 [omNode-1@group-523986131536->omNode-2-GrpcLogAppender-LogAppenderDaemon] INFO  server.GrpcLogAppender (GrpcLogAppender.java:installSnapshot(541)) - omNode-1@group-523986131536->omNode-2-GrpcLogAppender: followerNextIndex = 57 but logStartIndex = 59, notify follower to install snapshot-(t:6, i:59)
2022-09-29 01:23:46,994 [omNode-1@group-523986131536->omNode-2-GrpcLogAppender-LogAppenderDaemon] INFO  server.GrpcLogAppender (GrpcLogAppender.java:installSnapshot(549)) - omNode-1@group-523986131536->omNode-2-GrpcLogAppender: send omNode-1->omNode-2#0-t6,notify:(t:6, i:59)
2022-09-29 01:23:46,994 [omNode-2-server-thread1] INFO  server.RaftServer$Division (RaftServerImpl.java:checkInconsistentAppendEntries(1402)) - omNode-2@group-523986131536: Failed appendEntries as snapshot (59) installation is in progress
2022-09-29 01:23:46,994 [omNode-2-server-thread1] INFO  server.RaftServer$Division (RaftServerImpl.java:checkInconsistentAppendEntries(1394)) - omNode-2@group-523986131536: inconsistency entries. Reply:omNode-1<-omNode-2#897:FAIL-t6,INCONSISTENCY,nextIndex=57,followerCommit=56
2022-09-29 01:23:46,994 [grpc-default-executor-2] INFO  impl.SnapshotInstallationHandler (SnapshotInstallationHandler.java:installSnapshot(84)) - omNode-2@group-523986131536: receive installSnapshot: omNode-1->omNode-2#0-t6,notify:(t:6, i:59)
2022-09-29 01:23:46,994 [grpc-default-executor-2] INFO  impl.SnapshotInstallationHandler (SnapshotInstallationHandler.java:installSnapshot(95)) - omNode-2@group-523986131536: reply installSnapshot: omNode-1<-omNode-2#0:FAIL-t6,IN_PROGRESS
2022-09-29 01:23:46,994 [grpc-default-executor-2] INFO  server.GrpcServerProtocolService (GrpcServerProtocolService.java:onCompleted(140)) - omNode-2: Completed INSTALL_SNAPSHOT, lastRequest: omNode-1->omNode-2#0-t6,notify:(t:6, i:59)
2022-09-29 01:23:46,994 [grpc-default-executor-2] INFO  server.GrpcLogAppender (GrpcLogAppender.java:onNext(403)) - omNode-1@group-523986131536->omNode-2-InstallSnapshotResponseHandler: received a reply omNode-1<-omNode-2#0:FAIL-t6,IN_PROGRESS
2022-09-29 01:23:46,994 [grpc-default-executor-2] INFO  server.GrpcLogAppender (GrpcLogAppender.java:onNext(421)) - omNode-1@group-523986131536->omNode-2-InstallSnapshotResponseHandler: InstallSnapshot in progress.
2022-09-29 01:23:46,995 [omNode-1@group-523986131536->omNode-2-GrpcLogAppender-LogAppenderDaemon] INFO  server.GrpcLogAppender (GrpcLogAppender.java:installSnapshot(541)) - omNode-1@group-523986131536->omNode-2-GrpcLogAppender: followerNextIndex = 57 but logStartIndex = 59, notify follower to install snapshot-(t:6, i:59)
2022-09-29 01:23:46,995 [omNode-1@group-523986131536->omNode-2-GrpcLogAppender-LogAppenderDaemon] INFO  server.GrpcLogAppender (GrpcLogAppender.java:installSnapshot(549)) - omNode-1@group-523986131536->omNode-2-GrpcLogAppender: send omNode-1->omNode-2#0-t6,notify:(t:6, i:59)
2022-09-29 01:23:46,995 [grpc-default-executor-1] INFO  leader.FollowerInfo (FollowerInfoImpl.java:lambda$new$0(48)) - omNode-1@group-523986131536->omNode-2: nextIndex: updateUnconditionally 57 -> 57
2022-09-29 01:23:47,000 [omNode-2-server-thread1] INFO  server.RaftServer$Division (RaftServerImpl.java:checkInconsistentAppendEntries(1402)) - omNode-2@group-523986131536: Failed appendEntries as snapshot (59) installation is in progress
2022-09-29 01:23:47,000 [omNode-2-server-thread1] INFO  server.RaftServer$Division (RaftServerImpl.java:checkInconsistentAppendEntries(1394)) - omNode-2@group-523986131536: inconsistency entries. Reply:omNode-1<-omNode-2#898:FAIL-t6,INCONSISTENCY,nextIndex=57,followerCommit=56
2022-09-29 01:23:47,000 [grpc-default-executor-1] INFO  impl.SnapshotInstallationHandler (SnapshotInstallationHandler.java:installSnapshot(84)) - omNode-2@group-523986131536: receive installSnapshot: omNode-1->omNode-2#0-t6,notify:(t:6, i:59)
2022-09-29 01:23:47,001 [grpc-default-executor-1] INFO  impl.SnapshotInstallationHandler (SnapshotInstallationHandler.java:installSnapshot(95)) - omNode-2@group-523986131536: reply installSnapshot: omNode-1<-omNode-2#0:FAIL-t6,IN_PROGRESS
2022-09-29 01:23:47,001 [grpc-default-executor-1] INFO  server.GrpcServerProtocolService (GrpcServerProtocolService.java:onCompleted(140)) - omNode-2: Completed INSTALL_SNAPSHOT, lastRequest: omNode-1->omNode-2#0-t6,notify:(t:6, i:59)
2022-09-29 01:23:47,001 [grpc-default-executor-2] INFO  leader.FollowerInfo (FollowerInfoImpl.java:lambda$new$0(48)) - omNode-1@group-523986131536->omNode-2: nextIndex: updateUnconditionally 57 -> 57
2022-09-29 01:23:47,001 [grpc-default-executor-1] INFO  server.GrpcLogAppender (GrpcLogAppender.java:onNext(403)) - omNode-1@group-523986131536->omNode-2-InstallSnapshotResponseHandler: received a reply omNode-1<-omNode-2#0:FAIL-t6,IN_PROGRESS
2022-09-29 01:23:47,001 [grpc-default-executor-1] INFO  server.GrpcLogAppender (GrpcLogAppender.java:onNext(421)) - omNode-1@group-523986131536->omNode-2-InstallSnapshotResponseHandler: InstallSnapshot in progress.
2022-09-29 01:23:47,001 [omNode-1@group-523986131536->omNode-2-GrpcLogAppender-LogAppenderDaemon] INFO  server.GrpcLogAppender (GrpcLogAppender.java:installSnapshot(541)) - omNode-1@group-523986131536->omNode-2-GrpcLogAppender: followerNextIndex = 57 but logStartIndex = 59, notify follower to install snapshot-(t:6, i:59)
2022-09-29 01:23:47,001 [omNode-1@group-523986131536->omNode-2-GrpcLogAppender-LogAppenderDaemon] INFO  server.GrpcLogAppender (GrpcLogAppender.java:installSnapshot(549)) - omNode-1@group-523986131536->omNode-2-GrpcLogAppender: send omNode-1->omNode-2#0-t6,notify:(t:6, i:59)
2022-09-29 01:23:47,004 [omNode-2-server-thread1] INFO  server.RaftServer$Division (RaftServerImpl.java:checkInconsistentAppendEntries(1402)) - omNode-2@group-523986131536: Failed appendEntries as snapshot (59) installation is in progress
2022-09-29 01:23:47,004 [omNode-2-server-thread1] INFO  server.RaftServer$Division (RaftServerImpl.java:checkInconsistentAppendEntries(1394)) - omNode-2@group-523986131536: inconsistency entries. Reply:omNode-1<-omNode-2#899:FAIL-t6,INCONSISTENCY,nextIndex=57,followerCommit=56
2022-09-29 01:23:47,004 [grpc-default-executor-1] INFO  impl.SnapshotInstallationHandler (SnapshotInstallationHandler.java:installSnapshot(84)) - omNode-2@group-523986131536: receive installSnapshot: omNode-1->omNode-2#0-t6,notify:(t:6, i:59)
2022-09-29 01:23:47,005 [grpc-default-executor-1] INFO  impl.SnapshotInstallationHandler (SnapshotInstallationHandler.java:installSnapshot(95)) - omNode-2@group-523986131536: reply installSnapshot: omNode-1<-omNode-2#0:FAIL-t6,IN_PROGRESS
2022-09-29 01:23:47,005 [grpc-default-executor-1] INFO  server.GrpcServerProtocolService (GrpcServerProtocolService.java:onCompleted(140)) - omNode-2: Completed INSTALL_SNAPSHOT, lastRequest: omNode-1->omNode-2#0-t6,notify:(t:6, i:59)
2022-09-29 01:23:47,005 [grpc-default-executor-2] INFO  leader.FollowerInfo (FollowerInfoImpl.java:lambda$new$0(48)) - omNode-1@group-523986131536->omNode-2: nextIndex: updateUnconditionally 57 -> 57
2022-09-29 01:23:47,005 [grpc-default-executor-1] INFO  server.GrpcLogAppender (GrpcLogAppender.java:onNext(403)) - omNode-1@group-523986131536->omNode-2-InstallSnapshotResponseHandler: received a reply omNode-1<-omNode-2#0:FAIL-t6,IN_PROGRESS
2022-09-29 01:23:47,005 [grpc-default-executor-1] INFO  server.GrpcLogAppender (GrpcLogAppender.java:onNext(421)) - omNode-1@group-523986131536->omNode-2-InstallSnapshotResponseHandler: InstallSnapshot in progress.
2022-09-29 01:23:47,005 [pool-366-thread-1] INFO  reflections.Reflections (Reflections.java:scan(232)) - Reflections took 1292 ms to scan 19 urls, producing 67 keys and 4214 values [using 2 cores]
2022-09-29 01:23:47,005 [omNode-1@group-523986131536->omNode-2-GrpcLogAppender-LogAppenderDaemon] INFO  server.GrpcLogAppender (GrpcLogAppender.java:installSnapshot(541)) - omNode-1@group-523986131536->omNode-2-GrpcLogAppender: followerNextIndex = 57 but logStartIndex = 59, notify follower to install snapshot-(t:6, i:59)
2022-09-29 01:23:47,006 [omNode-1@group-523986131536->omNode-2-GrpcLogAppender-LogAppenderDaemon] INFO  server.GrpcLogAppender (GrpcLogAppender.java:installSnapshot(549)) - omNode-1@group-523986131536->omNode-2-GrpcLogAppender: send omNode-1->omNode-2#0-t6,notify:(t:6, i:59)
2022-09-29 01:23:47,006 [pool-366-thread-1] INFO  ipc.CallQueueManager (CallQueueManager.java:<init>(90)) - Using callQueue: class java.util.concurrent.LinkedBlockingQueue, queueCapacity: 2000, scheduler: class org.apache.hadoop.ipc.DefaultRpcScheduler, ipcBackoff: false.
2022-09-29 01:23:47,007 [omNode-2-server-thread1] INFO  server.RaftServer$Division (RaftServerImpl.java:checkInconsistentAppendEntries(1402)) - omNode-2@group-523986131536: Failed appendEntries as snapshot (59) installation is in progress
2022-09-29 01:23:47,007 [omNode-2-server-thread1] INFO  server.RaftServer$Division (RaftServerImpl.java:checkInconsistentAppendEntries(1394)) - omNode-2@group-523986131536: inconsistency entries. Reply:omNode-1<-omNode-2#900:FAIL-t6,INCONSISTENCY,nextIndex=57,followerCommit=56
2022-09-29 01:23:47,007 [grpc-default-executor-1] INFO  impl.SnapshotInstallationHandler (SnapshotInstallationHandler.java:installSnapshot(84)) - omNode-2@group-523986131536: receive installSnapshot: omNode-1->omNode-2#0-t6,notify:(t:6, i:59)
2022-09-29 01:23:47,007 [grpc-default-executor-1] INFO  impl.SnapshotInstallationHandler (SnapshotInstallationHandler.java:installSnapshot(95)) - omNode-2@group-523986131536: reply installSnapshot: omNode-1<-omNode-2#0:FAIL-t6,IN_PROGRESS
2022-09-29 01:23:47,008 [grpc-default-executor-1] INFO  server.GrpcServerProtocolService (GrpcServerProtocolService.java:onCompleted(140)) - omNode-2: Completed INSTALL_SNAPSHOT, lastRequest: omNode-1->omNode-2#0-t6,notify:(t:6, i:59)
2022-09-29 01:23:47,008 [grpc-default-executor-1] INFO  leader.FollowerInfo (FollowerInfoImpl.java:lambda$new$0(48)) - omNode-1@group-523986131536->omNode-2: nextIndex: updateUnconditionally 57 -> 57
2022-09-29 01:23:47,008 [grpc-default-executor-2] INFO  server.GrpcLogAppender (GrpcLogAppender.java:onNext(403)) - omNode-1@group-523986131536->omNode-2-InstallSnapshotResponseHandler: received a reply omNode-1<-omNode-2#0:FAIL-t6,IN_PROGRESS
2022-09-29 01:23:47,008 [grpc-default-executor-2] INFO  server.GrpcLogAppender (GrpcLogAppender.java:onNext(421)) - omNode-1@group-523986131536->omNode-2-InstallSnapshotResponseHandler: InstallSnapshot in progress.
2022-09-29 01:23:47,008 [omNode-1@group-523986131536->omNode-2-GrpcLogAppender-LogAppenderDaemon] INFO  server.GrpcLogAppender (GrpcLogAppender.java:installSnapshot(541)) - omNode-1@group-523986131536->omNode-2-GrpcLogAppender: followerNextIndex = 57 but logStartIndex = 59, notify follower to install snapshot-(t:6, i:59)
2022-09-29 01:23:47,008 [omNode-1@group-523986131536->omNode-2-GrpcLogAppender-LogAppenderDaemon] INFO  server.GrpcLogAppender (GrpcLogAppender.java:installSnapshot(549)) - omNode-1@group-523986131536->omNode-2-GrpcLogAppender: send omNode-1->omNode-2#0-t6,notify:(t:6, i:59)
2022-09-29 01:23:47,010 [omNode-2-server-thread1] INFO  server.RaftServer$Division (RaftServerImpl.java:checkInconsistentAppendEntries(1402)) - omNode-2@group-523986131536: Failed appendEntries as snapshot (59) installation is in progress
2022-09-29 01:23:47,010 [omNode-2-server-thread1] INFO  server.RaftServer$Division (RaftServerImpl.java:checkInconsistentAppendEntries(1394)) - omNode-2@group-523986131536: inconsistency entries. Reply:omNode-1<-omNode-2#901:FAIL-t6,INCONSISTENCY,nextIndex=57,followerCommit=56
2022-09-29 01:23:47,010 [grpc-default-executor-2] INFO  impl.SnapshotInstallationHandler (SnapshotInstallationHandler.java:installSnapshot(84)) - omNode-2@group-523986131536: receive installSnapshot: omNode-1->omNode-2#0-t6,notify:(t:6, i:59)
2022-09-29 01:23:47,011 [grpc-default-executor-2] INFO  impl.SnapshotInstallationHandler (SnapshotInstallationHandler.java:installSnapshot(95)) - omNode-2@group-523986131536: reply installSnapshot: omNode-1<-omNode-2#0:FAIL-t6,IN_PROGRESS
2022-09-29 01:23:47,011 [grpc-default-executor-2] INFO  server.GrpcServerProtocolService (GrpcServerProtocolService.java:onCompleted(140)) - omNode-2: Completed INSTALL_SNAPSHOT, lastRequest: omNode-1->omNode-2#0-t6,notify:(t:6, i:59)
2022-09-29 01:23:47,011 [grpc-default-executor-1] INFO  server.GrpcLogAppender (GrpcLogAppender.java:onNext(403)) - omNode-1@group-523986131536->omNode-2-InstallSnapshotResponseHandler: received a reply omNode-1<-omNode-2#0:FAIL-t6,IN_PROGRESS
2022-09-29 01:23:47,011 [grpc-default-executor-1] INFO  server.GrpcLogAppender (GrpcLogAppender.java:onNext(421)) - omNode-1@group-523986131536->omNode-2-InstallSnapshotResponseHandler: InstallSnapshot in progress.
2022-09-29 01:23:47,011 [omNode-1@group-523986131536->omNode-2-GrpcLogAppender-LogAppenderDaemon] INFO  server.GrpcLogAppender (GrpcLogAppender.java:installSnapshot(541)) - omNode-1@group-523986131536->omNode-2-GrpcLogAppender: followerNextIndex = 57 but logStartIndex = 59, notify follower to install snapshot-(t:6, i:59)
2022-09-29 01:23:47,011 [omNode-1@group-523986131536->omNode-2-GrpcLogAppender-LogAppenderDaemon] INFO  server.GrpcLogAppender (GrpcLogAppender.java:installSnapshot(549)) - omNode-1@group-523986131536->omNode-2-GrpcLogAppender: send omNode-1->omNode-2#0-t6,notify:(t:6, i:59)
2022-09-29 01:23:47,012 [grpc-default-executor-2] INFO  leader.FollowerInfo (FollowerInfoImpl.java:lambda$new$0(48)) - omNode-1@group-523986131536->omNode-2: nextIndex: updateUnconditionally 57 -> 57
2022-09-29 01:23:47,012 [Socket Reader #1 for port 41255] INFO  ipc.Server (Server.java:run(1265)) - Starting Socket Reader #1 for port 41255
2022-09-29 01:23:47,013 [grpc-default-executor-2] INFO  impl.SnapshotInstallationHandler (SnapshotInstallationHandler.java:installSnapshot(84)) - omNode-2@group-523986131536: receive installSnapshot: omNode-1->omNode-2#0-t6,notify:(t:6, i:59)
2022-09-29 01:23:47,013 [grpc-default-executor-2] INFO  impl.SnapshotInstallationHandler (SnapshotInstallationHandler.java:installSnapshot(95)) - omNode-2@group-523986131536: reply installSnapshot: omNode-1<-omNode-2#0:FAIL-t6,IN_PROGRESS
2022-09-29 01:23:47,013 [grpc-default-executor-2] INFO  server.GrpcServerProtocolService (GrpcServerProtocolService.java:onCompleted(140)) - omNode-2: Completed INSTALL_SNAPSHOT, lastRequest: omNode-1->omNode-2#0-t6,notify:(t:6, i:59)
2022-09-29 01:23:47,013 [omNode-2-server-thread1] INFO  server.RaftServer$Division (RaftServerImpl.java:checkInconsistentAppendEntries(1402)) - omNode-2@group-523986131536: Failed appendEntries as snapshot (59) installation is in progress
2022-09-29 01:23:47,013 [omNode-2-server-thread1] INFO  server.RaftServer$Division (RaftServerImpl.java:checkInconsistentAppendEntries(1394)) - omNode-2@group-523986131536: inconsistency entries. Reply:omNode-1<-omNode-2#902:FAIL-t6,INCONSISTENCY,nextIndex=57,followerCommit=56
2022-09-29 01:23:47,014 [grpc-default-executor-1] INFO  server.GrpcLogAppender (GrpcLogAppender.java:onNext(403)) - omNode-1@group-523986131536->omNode-2-InstallSnapshotResponseHandler: received a reply omNode-1<-omNode-2#0:FAIL-t6,IN_PROGRESS
2022-09-29 01:23:47,014 [grpc-default-executor-1] INFO  server.GrpcLogAppender (GrpcLogAppender.java:onNext(421)) - omNode-1@group-523986131536->omNode-2-InstallSnapshotResponseHandler: InstallSnapshot in progress.
2022-09-29 01:23:47,014 [grpc-default-executor-2] INFO  leader.FollowerInfo (FollowerInfoImpl.java:lambda$new$0(48)) - omNode-1@group-523986131536->omNode-2: nextIndex: updateUnconditionally 57 -> 57
2022-09-29 01:23:47,014 [omNode-1@group-523986131536->omNode-2-GrpcLogAppender-LogAppenderDaemon] INFO  server.GrpcLogAppender (GrpcLogAppender.java:installSnapshot(541)) - omNode-1@group-523986131536->omNode-2-GrpcLogAppender: followerNextIndex = 57 but logStartIndex = 59, notify follower to install snapshot-(t:6, i:59)
2022-09-29 01:23:47,014 [omNode-1@group-523986131536->omNode-2-GrpcLogAppender-LogAppenderDaemon] INFO  server.GrpcLogAppender (GrpcLogAppender.java:installSnapshot(549)) - omNode-1@group-523986131536->omNode-2-GrpcLogAppender: send omNode-1->omNode-2#0-t6,notify:(t:6, i:59)
2022-09-29 01:23:47,016 [omNode-2-server-thread1] INFO  server.RaftServer$Division (RaftServerImpl.java:checkInconsistentAppendEntries(1402)) - omNode-2@group-523986131536: Failed appendEntries as snapshot (59) installation is in progress
2022-09-29 01:23:47,016 [omNode-2-server-thread1] INFO  server.RaftServer$Division (RaftServerImpl.java:checkInconsistentAppendEntries(1394)) - omNode-2@group-523986131536: inconsistency entries. Reply:omNode-1<-omNode-2#903:FAIL-t6,INCONSISTENCY,nextIndex=57,followerCommit=56
2022-09-29 01:23:47,016 [grpc-default-executor-2] INFO  impl.SnapshotInstallationHandler (SnapshotInstallationHandler.java:installSnapshot(84)) - omNode-2@group-523986131536: receive installSnapshot: omNode-1->omNode-2#0-t6,notify:(t:6, i:59)
2022-09-29 01:23:47,017 [grpc-default-executor-2] INFO  impl.SnapshotInstallationHandler (SnapshotInstallationHandler.java:installSnapshot(95)) - omNode-2@group-523986131536: reply installSnapshot: omNode-1<-omNode-2#0:FAIL-t6,IN_PROGRESS
2022-09-29 01:23:47,017 [grpc-default-executor-2] INFO  server.GrpcServerProtocolService (GrpcServerProtocolService.java:onCompleted(140)) - omNode-2: Completed INSTALL_SNAPSHOT, lastRequest: omNode-1->omNode-2#0-t6,notify:(t:6, i:59)
2022-09-29 01:23:47,017 [grpc-default-executor-1] INFO  leader.FollowerInfo (FollowerInfoImpl.java:lambda$new$0(48)) - omNode-1@group-523986131536->omNode-2: nextIndex: updateUnconditionally 57 -> 57
2022-09-29 01:23:47,017 [grpc-default-executor-2] INFO  server.GrpcLogAppender (GrpcLogAppender.java:onNext(403)) - omNode-1@group-523986131536->omNode-2-InstallSnapshotResponseHandler: received a reply omNode-1<-omNode-2#0:FAIL-t6,IN_PROGRESS
2022-09-29 01:23:47,017 [grpc-default-executor-2] INFO  server.GrpcLogAppender (GrpcLogAppender.java:onNext(421)) - omNode-1@group-523986131536->omNode-2-InstallSnapshotResponseHandler: InstallSnapshot in progress.
2022-09-29 01:23:47,017 [omNode-1@group-523986131536->omNode-2-GrpcLogAppender-LogAppenderDaemon] INFO  server.GrpcLogAppender (GrpcLogAppender.java:installSnapshot(541)) - omNode-1@group-523986131536->omNode-2-GrpcLogAppender: followerNextIndex = 57 but logStartIndex = 59, notify follower to install snapshot-(t:6, i:59)
2022-09-29 01:23:47,017 [omNode-1@group-523986131536->omNode-2-GrpcLogAppender-LogAppenderDaemon] INFO  server.GrpcLogAppender (GrpcLogAppender.java:installSnapshot(549)) - omNode-1@group-523986131536->omNode-2-GrpcLogAppender: send omNode-1->omNode-2#0-t6,notify:(t:6, i:59)
2022-09-29 01:23:47,017 [omNode-2-server-thread1] INFO  server.RaftServer$Division (RaftServerImpl.java:checkInconsistentAppendEntries(1402)) - omNode-2@group-523986131536: Failed appendEntries as snapshot (59) installation is in progress
2022-09-29 01:23:47,017 [omNode-2-server-thread1] INFO  server.RaftServer$Division (RaftServerImpl.java:checkInconsistentAppendEntries(1394)) - omNode-2@group-523986131536: inconsistency entries. Reply:omNode-1<-omNode-2#904:FAIL-t6,INCONSISTENCY,nextIndex=57,followerCommit=56
2022-09-29 01:23:47,018 [grpc-default-executor-1] INFO  impl.SnapshotInstallationHandler (SnapshotInstallationHandler.java:installSnapshot(84)) - omNode-2@group-523986131536: receive installSnapshot: omNode-1->omNode-2#0-t6,notify:(t:6, i:59)
2022-09-29 01:23:47,018 [grpc-default-executor-1] INFO  impl.SnapshotInstallationHandler (SnapshotInstallationHandler.java:installSnapshot(95)) - omNode-2@group-523986131536: reply installSnapshot: omNode-1<-omNode-2#0:FAIL-t6,IN_PROGRESS
2022-09-29 01:23:47,018 [grpc-default-executor-1] INFO  server.GrpcServerProtocolService (GrpcServerProtocolService.java:onCompleted(140)) - omNode-2: Completed INSTALL_SNAPSHOT, lastRequest: omNode-1->omNode-2#0-t6,notify:(t:6, i:59)
2022-09-29 01:23:47,019 [grpc-default-executor-1] INFO  leader.FollowerInfo (FollowerInfoImpl.java:lambda$new$0(48)) - omNode-1@group-523986131536->omNode-2: nextIndex: updateUnconditionally 57 -> 57
2022-09-29 01:23:47,019 [grpc-default-executor-2] INFO  server.GrpcLogAppender (GrpcLogAppender.java:onNext(403)) - omNode-1@group-523986131536->omNode-2-InstallSnapshotResponseHandler: received a reply omNode-1<-omNode-2#0:FAIL-t6,IN_PROGRESS
2022-09-29 01:23:47,019 [grpc-default-executor-2] INFO  server.GrpcLogAppender (GrpcLogAppender.java:onNext(421)) - omNode-1@group-523986131536->omNode-2-InstallSnapshotResponseHandler: InstallSnapshot in progress.
2022-09-29 01:23:47,019 [IPC Server Responder] INFO  ipc.Server (Server.java:run(1507)) - IPC Server Responder: starting
2022-09-29 01:23:47,020 [omNode-2-server-thread1] INFO  server.RaftServer$Division (RaftServerImpl.java:checkInconsistentAppendEntries(1402)) - omNode-2@group-523986131536: Failed appendEntries as snapshot (59) installation is in progress
2022-09-29 01:23:47,020 [omNode-2-server-thread1] INFO  server.RaftServer$Division (RaftServerImpl.java:checkInconsistentAppendEntries(1394)) - omNode-2@group-523986131536: inconsistency entries. Reply:omNode-1<-omNode-2#905:FAIL-t6,INCONSISTENCY,nextIndex=57,followerCommit=56
2022-09-29 01:23:47,019 [omNode-1@group-523986131536->omNode-2-GrpcLogAppender-LogAppenderDaemon] INFO  server.GrpcLogAppender (GrpcLogAppender.java:installSnapshot(541)) - omNode-1@group-523986131536->omNode-2-GrpcLogAppender: followerNextIndex = 57 but logStartIndex = 59, notify follower to install snapshot-(t:6, i:59)
2022-09-29 01:23:47,020 [IPC Server listener on 41255] INFO  ipc.Server (Server.java:run(1344)) - IPC Server listener on 41255: starting
2022-09-29 01:23:47,020 [omNode-1@group-523986131536->omNode-2-GrpcLogAppender-LogAppenderDaemon] INFO  server.GrpcLogAppender (GrpcLogAppender.java:installSnapshot(549)) - omNode-1@group-523986131536->omNode-2-GrpcLogAppender: send omNode-1->omNode-2#0-t6,notify:(t:6, i:59)
2022-09-29 01:23:47,020 [grpc-default-executor-2] INFO  impl.SnapshotInstallationHandler (SnapshotInstallationHandler.java:installSnapshot(84)) - omNode-2@group-523986131536: receive installSnapshot: omNode-1->omNode-2#0-t6,notify:(t:6, i:59)
2022-09-29 01:23:47,021 [grpc-default-executor-2] INFO  impl.SnapshotInstallationHandler (SnapshotInstallationHandler.java:installSnapshot(95)) - omNode-2@group-523986131536: reply installSnapshot: omNode-1<-omNode-2#0:FAIL-t6,IN_PROGRESS
2022-09-29 01:23:47,021 [grpc-default-executor-2] INFO  server.GrpcServerProtocolService (GrpcServerProtocolService.java:onCompleted(140)) - omNode-2: Completed INSTALL_SNAPSHOT, lastRequest: omNode-1->omNode-2#0-t6,notify:(t:6, i:59)
2022-09-29 01:23:47,021 [grpc-default-executor-1] INFO  leader.FollowerInfo (FollowerInfoImpl.java:lambda$new$0(48)) - omNode-1@group-523986131536->omNode-2: nextIndex: updateUnconditionally 57 -> 57
2022-09-29 01:23:47,021 [grpc-default-executor-2] INFO  server.GrpcLogAppender (GrpcLogAppender.java:onNext(403)) - omNode-1@group-523986131536->omNode-2-InstallSnapshotResponseHandler: received a reply omNode-1<-omNode-2#0:FAIL-t6,IN_PROGRESS
2022-09-29 01:23:47,021 [grpc-default-executor-2] INFO  server.GrpcLogAppender (GrpcLogAppender.java:onNext(421)) - omNode-1@group-523986131536->omNode-2-InstallSnapshotResponseHandler: InstallSnapshot in progress.
2022-09-29 01:23:47,021 [omNode-1@group-523986131536->omNode-2-GrpcLogAppender-LogAppenderDaemon] INFO  server.GrpcLogAppender (GrpcLogAppender.java:installSnapshot(541)) - omNode-1@group-523986131536->omNode-2-GrpcLogAppender: followerNextIndex = 57 but logStartIndex = 59, notify follower to install snapshot-(t:6, i:59)
2022-09-29 01:23:47,021 [omNode-1@group-523986131536->omNode-2-GrpcLogAppender-LogAppenderDaemon] INFO  server.GrpcLogAppender (GrpcLogAppender.java:installSnapshot(549)) - omNode-1@group-523986131536->omNode-2-GrpcLogAppender: send omNode-1->omNode-2#0-t6,notify:(t:6, i:59)
2022-09-29 01:23:47,021 [omNode-2-server-thread1] INFO  server.RaftServer$Division (RaftServerImpl.java:checkInconsistentAppendEntries(1402)) - omNode-2@group-523986131536: Failed appendEntries as snapshot (59) installation is in progress
2022-09-29 01:23:47,021 [omNode-2-server-thread1] INFO  server.RaftServer$Division (RaftServerImpl.java:checkInconsistentAppendEntries(1394)) - omNode-2@group-523986131536: inconsistency entries. Reply:omNode-1<-omNode-2#906:FAIL-t6,INCONSISTENCY,nextIndex=57,followerCommit=56
2022-09-29 01:23:47,022 [grpc-default-executor-2] INFO  leader.FollowerInfo (FollowerInfoImpl.java:lambda$new$0(48)) - omNode-1@group-523986131536->omNode-2: nextIndex: updateUnconditionally 57 -> 57
2022-09-29 01:23:47,022 [grpc-default-executor-1] INFO  impl.SnapshotInstallationHandler (SnapshotInstallationHandler.java:installSnapshot(84)) - omNode-2@group-523986131536: receive installSnapshot: omNode-1->omNode-2#0-t6,notify:(t:6, i:59)
2022-09-29 01:23:47,022 [grpc-default-executor-1] INFO  impl.SnapshotInstallationHandler (SnapshotInstallationHandler.java:installSnapshot(95)) - omNode-2@group-523986131536: reply installSnapshot: omNode-1<-omNode-2#0:FAIL-t6,IN_PROGRESS
2022-09-29 01:23:47,022 [grpc-default-executor-1] INFO  server.GrpcServerProtocolService (GrpcServerProtocolService.java:onCompleted(140)) - omNode-2: Completed INSTALL_SNAPSHOT, lastRequest: omNode-1->omNode-2#0-t6,notify:(t:6, i:59)
2022-09-29 01:23:47,022 [grpc-default-executor-1] INFO  server.GrpcLogAppender (GrpcLogAppender.java:onNext(403)) - omNode-1@group-523986131536->omNode-2-InstallSnapshotResponseHandler: received a reply omNode-1<-omNode-2#0:FAIL-t6,IN_PROGRESS
2022-09-29 01:23:47,022 [grpc-default-executor-1] INFO  server.GrpcLogAppender (GrpcLogAppender.java:onNext(421)) - omNode-1@group-523986131536->omNode-2-InstallSnapshotResponseHandler: InstallSnapshot in progress.
2022-09-29 01:23:47,022 [omNode-1@group-523986131536->omNode-2-GrpcLogAppender-LogAppenderDaemon] INFO  server.GrpcLogAppender (GrpcLogAppender.java:installSnapshot(541)) - omNode-1@group-523986131536->omNode-2-GrpcLogAppender: followerNextIndex = 57 but logStartIndex = 59, notify follower to install snapshot-(t:6, i:59)
2022-09-29 01:23:47,022 [omNode-1@group-523986131536->omNode-2-GrpcLogAppender-LogAppenderDaemon] INFO  server.GrpcLogAppender (GrpcLogAppender.java:installSnapshot(549)) - omNode-1@group-523986131536->omNode-2-GrpcLogAppender: send omNode-1->omNode-2#0-t6,notify:(t:6, i:59)
2022-09-29 01:23:47,023 [omNode-2-server-thread1] INFO  server.RaftServer$Division (RaftServerImpl.java:checkInconsistentAppendEntries(1402)) - omNode-2@group-523986131536: Failed appendEntries as snapshot (59) installation is in progress
2022-09-29 01:23:47,023 [omNode-2-server-thread1] INFO  server.RaftServer$Division (RaftServerImpl.java:checkInconsistentAppendEntries(1394)) - omNode-2@group-523986131536: inconsistency entries. Reply:omNode-1<-omNode-2#907:FAIL-t6,INCONSISTENCY,nextIndex=57,followerCommit=56
2022-09-29 01:23:47,023 [grpc-default-executor-2] INFO  impl.SnapshotInstallationHandler (SnapshotInstallationHandler.java:installSnapshot(84)) - omNode-2@group-523986131536: receive installSnapshot: omNode-1->omNode-2#0-t6,notify:(t:6, i:59)
2022-09-29 01:23:47,023 [grpc-default-executor-2] INFO  impl.SnapshotInstallationHandler (SnapshotInstallationHandler.java:installSnapshot(95)) - omNode-2@group-523986131536: reply installSnapshot: omNode-1<-omNode-2#0:FAIL-t6,IN_PROGRESS
2022-09-29 01:23:47,023 [grpc-default-executor-2] INFO  server.GrpcServerProtocolService (GrpcServerProtocolService.java:onCompleted(140)) - omNode-2: Completed INSTALL_SNAPSHOT, lastRequest: omNode-1->omNode-2#0-t6,notify:(t:6, i:59)
2022-09-29 01:23:47,023 [grpc-default-executor-3] INFO  leader.FollowerInfo (FollowerInfoImpl.java:lambda$new$0(48)) - omNode-1@group-523986131536->omNode-2: nextIndex: updateUnconditionally 57 -> 57
2022-09-29 01:23:47,023 [grpc-default-executor-2] INFO  server.GrpcLogAppender (GrpcLogAppender.java:onNext(403)) - omNode-1@group-523986131536->omNode-2-InstallSnapshotResponseHandler: received a reply omNode-1<-omNode-2#0:FAIL-t6,IN_PROGRESS
2022-09-29 01:23:47,023 [grpc-default-executor-2] INFO  server.GrpcLogAppender (GrpcLogAppender.java:onNext(421)) - omNode-1@group-523986131536->omNode-2-InstallSnapshotResponseHandler: InstallSnapshot in progress.
2022-09-29 01:23:47,024 [omNode-1@group-523986131536->omNode-2-GrpcLogAppender-LogAppenderDaemon] INFO  server.GrpcLogAppender (GrpcLogAppender.java:installSnapshot(541)) - omNode-1@group-523986131536->omNode-2-GrpcLogAppender: followerNextIndex = 57 but logStartIndex = 59, notify follower to install snapshot-(t:6, i:59)
2022-09-29 01:23:47,024 [omNode-1@group-523986131536->omNode-2-GrpcLogAppender-LogAppenderDaemon] INFO  server.GrpcLogAppender (GrpcLogAppender.java:installSnapshot(549)) - omNode-1@group-523986131536->omNode-2-GrpcLogAppender: send omNode-1->omNode-2#0-t6,notify:(t:6, i:59)
2022-09-29 01:23:47,024 [omNode-2-server-thread1] INFO  server.RaftServer$Division (RaftServerImpl.java:checkInconsistentAppendEntries(1402)) - omNode-2@group-523986131536: Failed appendEntries as snapshot (59) installation is in progress
2022-09-29 01:23:47,024 [omNode-2-server-thread1] INFO  server.RaftServer$Division (RaftServerImpl.java:checkInconsistentAppendEntries(1394)) - omNode-2@group-523986131536: inconsistency entries. Reply:omNode-1<-omNode-2#908:FAIL-t6,INCONSISTENCY,nextIndex=57,followerCommit=56
2022-09-29 01:23:47,024 [grpc-default-executor-3] INFO  leader.FollowerInfo (FollowerInfoImpl.java:lambda$new$0(48)) - omNode-1@group-523986131536->omNode-2: nextIndex: updateUnconditionally 57 -> 57
2022-09-29 01:23:47,025 [grpc-default-executor-2] INFO  impl.SnapshotInstallationHandler (SnapshotInstallationHandler.java:installSnapshot(84)) - omNode-2@group-523986131536: receive installSnapshot: omNode-1->omNode-2#0-t6,notify:(t:6, i:59)
2022-09-29 01:23:47,025 [grpc-default-executor-2] INFO  impl.SnapshotInstallationHandler (SnapshotInstallationHandler.java:installSnapshot(95)) - omNode-2@group-523986131536: reply installSnapshot: omNode-1<-omNode-2#0:FAIL-t6,IN_PROGRESS
2022-09-29 01:23:47,025 [grpc-default-executor-2] INFO  server.GrpcServerProtocolService (GrpcServerProtocolService.java:onCompleted(140)) - omNode-2: Completed INSTALL_SNAPSHOT, lastRequest: omNode-1->omNode-2#0-t6,notify:(t:6, i:59)
2022-09-29 01:23:47,025 [grpc-default-executor-2] INFO  server.GrpcLogAppender (GrpcLogAppender.java:onNext(403)) - omNode-1@group-523986131536->omNode-2-InstallSnapshotResponseHandler: received a reply omNode-1<-omNode-2#0:FAIL-t6,IN_PROGRESS
2022-09-29 01:23:47,025 [grpc-default-executor-2] INFO  server.GrpcLogAppender (GrpcLogAppender.java:onNext(421)) - omNode-1@group-523986131536->omNode-2-InstallSnapshotResponseHandler: InstallSnapshot in progress.
2022-09-29 01:23:47,025 [omNode-1@group-523986131536->omNode-2-GrpcLogAppender-LogAppenderDaemon] INFO  server.GrpcLogAppender (GrpcLogAppender.java:installSnapshot(541)) - omNode-1@group-523986131536->omNode-2-GrpcLogAppender: followerNextIndex = 57 but logStartIndex = 59, notify follower to install snapshot-(t:6, i:59)
2022-09-29 01:23:47,025 [omNode-1@group-523986131536->omNode-2-GrpcLogAppender-LogAppenderDaemon] INFO  server.GrpcLogAppender (GrpcLogAppender.java:installSnapshot(549)) - omNode-1@group-523986131536->omNode-2-GrpcLogAppender: send omNode-1->omNode-2#0-t6,notify:(t:6, i:59)
2022-09-29 01:23:47,025 [omNode-2-server-thread1] INFO  server.RaftServer$Division (RaftServerImpl.java:checkInconsistentAppendEntries(1402)) - omNode-2@group-523986131536: Failed appendEntries as snapshot (59) installation is in progress
2022-09-29 01:23:47,026 [omNode-2-server-thread1] INFO  server.RaftServer$Division (RaftServerImpl.java:checkInconsistentAppendEntries(1394)) - omNode-2@group-523986131536: inconsistency entries. Reply:omNode-1<-omNode-2#909:FAIL-t6,INCONSISTENCY,nextIndex=57,followerCommit=56
2022-09-29 01:23:47,026 [grpc-default-executor-3] INFO  leader.FollowerInfo (FollowerInfoImpl.java:lambda$new$0(48)) - omNode-1@group-523986131536->omNode-2: nextIndex: updateUnconditionally 57 -> 57
2022-09-29 01:23:47,026 [grpc-default-executor-2] INFO  impl.SnapshotInstallationHandler (SnapshotInstallationHandler.java:installSnapshot(84)) - omNode-2@group-523986131536: receive installSnapshot: omNode-1->omNode-2#0-t6,notify:(t:6, i:59)
2022-09-29 01:23:47,026 [grpc-default-executor-2] INFO  impl.SnapshotInstallationHandler (SnapshotInstallationHandler.java:installSnapshot(95)) - omNode-2@group-523986131536: reply installSnapshot: omNode-1<-omNode-2#0:FAIL-t6,IN_PROGRESS
2022-09-29 01:23:47,026 [grpc-default-executor-2] INFO  server.GrpcServerProtocolService (GrpcServerProtocolService.java:onCompleted(140)) - omNode-2: Completed INSTALL_SNAPSHOT, lastRequest: omNode-1->omNode-2#0-t6,notify:(t:6, i:59)
2022-09-29 01:23:47,027 [grpc-default-executor-3] INFO  server.GrpcLogAppender (GrpcLogAppender.java:onNext(403)) - omNode-1@group-523986131536->omNode-2-InstallSnapshotResponseHandler: received a reply omNode-1<-omNode-2#0:FAIL-t6,IN_PROGRESS
2022-09-29 01:23:47,027 [grpc-default-executor-3] INFO  server.GrpcLogAppender (GrpcLogAppender.java:onNext(421)) - omNode-1@group-523986131536->omNode-2-InstallSnapshotResponseHandler: InstallSnapshot in progress.
2022-09-29 01:23:47,027 [omNode-1@group-523986131536->omNode-2-GrpcLogAppender-LogAppenderDaemon] INFO  server.GrpcLogAppender (GrpcLogAppender.java:installSnapshot(541)) - omNode-1@group-523986131536->omNode-2-GrpcLogAppender: followerNextIndex = 57 but logStartIndex = 59, notify follower to install snapshot-(t:6, i:59)
2022-09-29 01:23:47,027 [omNode-1@group-523986131536->omNode-2-GrpcLogAppender-LogAppenderDaemon] INFO  server.GrpcLogAppender (GrpcLogAppender.java:installSnapshot(549)) - omNode-1@group-523986131536->omNode-2-GrpcLogAppender: send omNode-1->omNode-2#0-t6,notify:(t:6, i:59)
2022-09-29 01:23:47,027 [omNode-2-server-thread1] INFO  server.RaftServer$Division (RaftServerImpl.java:checkInconsistentAppendEntries(1402)) - omNode-2@group-523986131536: Failed appendEntries as snapshot (59) installation is in progress
2022-09-29 01:23:47,027 [omNode-2-server-thread1] INFO  server.RaftServer$Division (RaftServerImpl.java:checkInconsistentAppendEntries(1394)) - omNode-2@group-523986131536: inconsistency entries. Reply:omNode-1<-omNode-2#910:FAIL-t6,INCONSISTENCY,nextIndex=57,followerCommit=56
2022-09-29 01:23:47,029 [grpc-default-executor-1] INFO  leader.FollowerInfo (FollowerInfoImpl.java:lambda$new$0(48)) - omNode-1@group-523986131536->omNode-2: nextIndex: updateUnconditionally 57 -> 57
2022-09-29 01:23:47,029 [grpc-default-executor-2] INFO  impl.SnapshotInstallationHandler (SnapshotInstallationHandler.java:installSnapshot(84)) - omNode-2@group-523986131536: receive installSnapshot: omNode-1->omNode-2#0-t6,notify:(t:6, i:59)
2022-09-29 01:23:47,029 [grpc-default-executor-2] INFO  impl.SnapshotInstallationHandler (SnapshotInstallationHandler.java:installSnapshot(95)) - omNode-2@group-523986131536: reply installSnapshot: omNode-1<-omNode-2#0:FAIL-t6,IN_PROGRESS
2022-09-29 01:23:47,029 [grpc-default-executor-2] INFO  server.GrpcServerProtocolService (GrpcServerProtocolService.java:onCompleted(140)) - omNode-2: Completed INSTALL_SNAPSHOT, lastRequest: omNode-1->omNode-2#0-t6,notify:(t:6, i:59)
2022-09-29 01:23:47,031 [grpc-default-executor-2] INFO  server.GrpcLogAppender (GrpcLogAppender.java:onNext(403)) - omNode-1@group-523986131536->omNode-2-InstallSnapshotResponseHandler: received a reply omNode-1<-omNode-2#0:FAIL-t6,IN_PROGRESS
2022-09-29 01:23:47,031 [grpc-default-executor-2] INFO  server.GrpcLogAppender (GrpcLogAppender.java:onNext(421)) - omNode-1@group-523986131536->omNode-2-InstallSnapshotResponseHandler: InstallSnapshot in progress.
2022-09-29 01:23:47,031 [omNode-1@group-523986131536->omNode-2-GrpcLogAppender-LogAppenderDaemon] INFO  server.GrpcLogAppender (GrpcLogAppender.java:installSnapshot(541)) - omNode-1@group-523986131536->omNode-2-GrpcLogAppender: followerNextIndex = 57 but logStartIndex = 59, notify follower to install snapshot-(t:6, i:59)
2022-09-29 01:23:47,031 [omNode-1@group-523986131536->omNode-2-GrpcLogAppender-LogAppenderDaemon] INFO  server.GrpcLogAppender (GrpcLogAppender.java:installSnapshot(549)) - omNode-1@group-523986131536->omNode-2-GrpcLogAppender: send omNode-1->omNode-2#0-t6,notify:(t:6, i:59)
2022-09-29 01:23:47,032 [grpc-default-executor-2] INFO  impl.SnapshotInstallationHandler (SnapshotInstallationHandler.java:installSnapshot(84)) - omNode-2@group-523986131536: receive installSnapshot: omNode-1->omNode-2#0-t6,notify:(t:6, i:59)
2022-09-29 01:23:47,032 [omNode-2-server-thread1] INFO  server.RaftServer$Division (RaftServerImpl.java:checkInconsistentAppendEntries(1402)) - omNode-2@group-523986131536: Failed appendEntries as snapshot (59) installation is in progress
2022-09-29 01:23:47,032 [omNode-2-server-thread1] INFO  server.RaftServer$Division (RaftServerImpl.java:checkInconsistentAppendEntries(1394)) - omNode-2@group-523986131536: inconsistency entries. Reply:omNode-1<-omNode-2#911:FAIL-t6,INCONSISTENCY,nextIndex=57,followerCommit=56
2022-09-29 01:23:47,032 [grpc-default-executor-2] INFO  impl.SnapshotInstallationHandler (SnapshotInstallationHandler.java:installSnapshot(95)) - omNode-2@group-523986131536: reply installSnapshot: omNode-1<-omNode-2#0:FAIL-t6,IN_PROGRESS
2022-09-29 01:23:47,032 [grpc-default-executor-1] INFO  leader.FollowerInfo (FollowerInfoImpl.java:lambda$new$0(48)) - omNode-1@group-523986131536->omNode-2: nextIndex: updateUnconditionally 57 -> 57
2022-09-29 01:23:47,033 [grpc-default-executor-1] INFO  server.GrpcLogAppender (GrpcLogAppender.java:onNext(403)) - omNode-1@group-523986131536->omNode-2-InstallSnapshotResponseHandler: received a reply omNode-1<-omNode-2#0:FAIL-t6,IN_PROGRESS
2022-09-29 01:23:47,033 [grpc-default-executor-1] INFO  server.GrpcLogAppender (GrpcLogAppender.java:onNext(421)) - omNode-1@group-523986131536->omNode-2-InstallSnapshotResponseHandler: InstallSnapshot in progress.
2022-09-29 01:23:47,032 [grpc-default-executor-2] INFO  server.GrpcServerProtocolService (GrpcServerProtocolService.java:onCompleted(140)) - omNode-2: Completed INSTALL_SNAPSHOT, lastRequest: omNode-1->omNode-2#0-t6,notify:(t:6, i:59)
2022-09-29 01:23:47,033 [omNode-1@group-523986131536->omNode-2-GrpcLogAppender-LogAppenderDaemon] INFO  server.GrpcLogAppender (GrpcLogAppender.java:installSnapshot(541)) - omNode-1@group-523986131536->omNode-2-GrpcLogAppender: followerNextIndex = 57 but logStartIndex = 59, notify follower to install snapshot-(t:6, i:59)
2022-09-29 01:23:47,033 [omNode-1@group-523986131536->omNode-2-GrpcLogAppender-LogAppenderDaemon] INFO  server.GrpcLogAppender (GrpcLogAppender.java:installSnapshot(549)) - omNode-1@group-523986131536->omNode-2-GrpcLogAppender: send omNode-1->omNode-2#0-t6,notify:(t:6, i:59)
2022-09-29 01:23:47,034 [omNode-2-server-thread1] INFO  server.RaftServer$Division (RaftServerImpl.java:checkInconsistentAppendEntries(1402)) - omNode-2@group-523986131536: Failed appendEntries as snapshot (59) installation is in progress
2022-09-29 01:23:47,034 [omNode-2-server-thread1] INFO  server.RaftServer$Division (RaftServerImpl.java:checkInconsistentAppendEntries(1394)) - omNode-2@group-523986131536: inconsistency entries. Reply:omNode-1<-omNode-2#912:FAIL-t6,INCONSISTENCY,nextIndex=57,followerCommit=56
2022-09-29 01:23:47,034 [grpc-default-executor-1] INFO  impl.SnapshotInstallationHandler (SnapshotInstallationHandler.java:installSnapshot(84)) - omNode-2@group-523986131536: receive installSnapshot: omNode-1->omNode-2#0-t6,notify:(t:6, i:59)
2022-09-29 01:23:47,034 [grpc-default-executor-1] INFO  impl.SnapshotInstallationHandler (SnapshotInstallationHandler.java:installSnapshot(95)) - omNode-2@group-523986131536: reply installSnapshot: omNode-1<-omNode-2#0:FAIL-t6,IN_PROGRESS
2022-09-29 01:23:47,034 [grpc-default-executor-1] INFO  server.GrpcServerProtocolService (GrpcServerProtocolService.java:onCompleted(140)) - omNode-2: Completed INSTALL_SNAPSHOT, lastRequest: omNode-1->omNode-2#0-t6,notify:(t:6, i:59)
2022-09-29 01:23:47,035 [grpc-default-executor-1] INFO  leader.FollowerInfo (FollowerInfoImpl.java:lambda$new$0(48)) - omNode-1@group-523986131536->omNode-2: nextIndex: updateUnconditionally 57 -> 57
2022-09-29 01:23:47,035 [grpc-default-executor-1] INFO  server.GrpcLogAppender (GrpcLogAppender.java:onNext(403)) - omNode-1@group-523986131536->omNode-2-InstallSnapshotResponseHandler: received a reply omNode-1<-omNode-2#0:FAIL-t6,IN_PROGRESS
2022-09-29 01:23:47,035 [grpc-default-executor-1] INFO  server.GrpcLogAppender (GrpcLogAppender.java:onNext(421)) - omNode-1@group-523986131536->omNode-2-InstallSnapshotResponseHandler: InstallSnapshot in progress.
2022-09-29 01:23:47,035 [omNode-1@group-523986131536->omNode-2-GrpcLogAppender-LogAppenderDaemon] INFO  server.GrpcLogAppender (GrpcLogAppender.java:installSnapshot(541)) - omNode-1@group-523986131536->omNode-2-GrpcLogAppender: followerNextIndex = 57 but logStartIndex = 59, notify follower to install snapshot-(t:6, i:59)
2022-09-29 01:23:47,035 [omNode-1@group-523986131536->omNode-2-GrpcLogAppender-LogAppenderDaemon] INFO  server.GrpcLogAppender (GrpcLogAppender.java:installSnapshot(549)) - omNode-1@group-523986131536->omNode-2-GrpcLogAppender: send omNode-1->omNode-2#0-t6,notify:(t:6, i:59)
2022-09-29 01:23:47,036 [omNode-2-server-thread1] INFO  server.RaftServer$Division (RaftServerImpl.java:checkInconsistentAppendEntries(1402)) - omNode-2@group-523986131536: Failed appendEntries as snapshot (59) installation is in progress
2022-09-29 01:23:47,036 [omNode-2-server-thread1] INFO  server.RaftServer$Division (RaftServerImpl.java:checkInconsistentAppendEntries(1394)) - omNode-2@group-523986131536: inconsistency entries. Reply:omNode-1<-omNode-2#913:FAIL-t6,INCONSISTENCY,nextIndex=57,followerCommit=56
2022-09-29 01:23:47,036 [grpc-default-executor-1] INFO  leader.FollowerInfo (FollowerInfoImpl.java:lambda$new$0(48)) - omNode-1@group-523986131536->omNode-2: nextIndex: updateUnconditionally 57 -> 57
2022-09-29 01:23:47,036 [grpc-default-executor-3] INFO  impl.SnapshotInstallationHandler (SnapshotInstallationHandler.java:installSnapshot(84)) - omNode-2@group-523986131536: receive installSnapshot: omNode-1->omNode-2#0-t6,notify:(t:6, i:59)
2022-09-29 01:23:47,036 [grpc-default-executor-3] INFO  impl.SnapshotInstallationHandler (SnapshotInstallationHandler.java:installSnapshot(95)) - omNode-2@group-523986131536: reply installSnapshot: omNode-1<-omNode-2#0:FAIL-t6,IN_PROGRESS
2022-09-29 01:23:47,037 [grpc-default-executor-3] INFO  server.GrpcServerProtocolService (GrpcServerProtocolService.java:onCompleted(140)) - omNode-2: Completed INSTALL_SNAPSHOT, lastRequest: omNode-1->omNode-2#0-t6,notify:(t:6, i:59)
2022-09-29 01:23:47,037 [grpc-default-executor-1] INFO  server.GrpcLogAppender (GrpcLogAppender.java:onNext(403)) - omNode-1@group-523986131536->omNode-2-InstallSnapshotResponseHandler: received a reply omNode-1<-omNode-2#0:FAIL-t6,IN_PROGRESS
2022-09-29 01:23:47,037 [grpc-default-executor-1] INFO  server.GrpcLogAppender (GrpcLogAppender.java:onNext(421)) - omNode-1@group-523986131536->omNode-2-InstallSnapshotResponseHandler: InstallSnapshot in progress.
2022-09-29 01:23:47,037 [omNode-1@group-523986131536->omNode-2-GrpcLogAppender-LogAppenderDaemon] INFO  server.GrpcLogAppender (GrpcLogAppender.java:installSnapshot(541)) - omNode-1@group-523986131536->omNode-2-GrpcLogAppender: followerNextIndex = 57 but logStartIndex = 59, notify follower to install snapshot-(t:6, i:59)
2022-09-29 01:23:47,037 [omNode-1@group-523986131536->omNode-2-GrpcLogAppender-LogAppenderDaemon] INFO  server.GrpcLogAppender (GrpcLogAppender.java:installSnapshot(549)) - omNode-1@group-523986131536->omNode-2-GrpcLogAppender: send omNode-1->omNode-2#0-t6,notify:(t:6, i:59)
2022-09-29 01:23:47,038 [omNode-2-server-thread1] INFO  server.RaftServer$Division (RaftServerImpl.java:checkInconsistentAppendEntries(1402)) - omNode-2@group-523986131536: Failed appendEntries as snapshot (59) installation is in progress
2022-09-29 01:23:47,038 [omNode-2-server-thread1] INFO  server.RaftServer$Division (RaftServerImpl.java:checkInconsistentAppendEntries(1394)) - omNode-2@group-523986131536: inconsistency entries. Reply:omNode-1<-omNode-2#914:FAIL-t6,INCONSISTENCY,nextIndex=57,followerCommit=56
2022-09-29 01:23:47,038 [grpc-default-executor-3] INFO  leader.FollowerInfo (FollowerInfoImpl.java:lambda$new$0(48)) - omNode-1@group-523986131536->omNode-2: nextIndex: updateUnconditionally 57 -> 57
2022-09-29 01:23:47,038 [grpc-default-executor-0] INFO  impl.SnapshotInstallationHandler (SnapshotInstallationHandler.java:installSnapshot(84)) - omNode-2@group-523986131536: receive installSnapshot: omNode-1->omNode-2#0-t6,notify:(t:6, i:59)
2022-09-29 01:23:47,038 [grpc-default-executor-0] INFO  impl.SnapshotInstallationHandler (SnapshotInstallationHandler.java:installSnapshot(95)) - omNode-2@group-523986131536: reply installSnapshot: omNode-1<-omNode-2#0:FAIL-t6,IN_PROGRESS
2022-09-29 01:23:47,038 [grpc-default-executor-0] INFO  server.GrpcServerProtocolService (GrpcServerProtocolService.java:onCompleted(140)) - omNode-2: Completed INSTALL_SNAPSHOT, lastRequest: omNode-1->omNode-2#0-t6,notify:(t:6, i:59)
2022-09-29 01:23:47,039 [grpc-default-executor-2] INFO  server.GrpcLogAppender (GrpcLogAppender.java:onNext(403)) - omNode-1@group-523986131536->omNode-2-InstallSnapshotResponseHandler: received a reply omNode-1<-omNode-2#0:FAIL-t6,IN_PROGRESS
2022-09-29 01:23:47,039 [grpc-default-executor-2] INFO  server.GrpcLogAppender (GrpcLogAppender.java:onNext(421)) - omNode-1@group-523986131536->omNode-2-InstallSnapshotResponseHandler: InstallSnapshot in progress.
2022-09-29 01:23:47,039 [omNode-1@group-523986131536->omNode-2-GrpcLogAppender-LogAppenderDaemon] INFO  server.GrpcLogAppender (GrpcLogAppender.java:installSnapshot(541)) - omNode-1@group-523986131536->omNode-2-GrpcLogAppender: followerNextIndex = 57 but logStartIndex = 59, notify follower to install snapshot-(t:6, i:59)
2022-09-29 01:23:47,039 [omNode-1@group-523986131536->omNode-2-GrpcLogAppender-LogAppenderDaemon] INFO  server.GrpcLogAppender (GrpcLogAppender.java:installSnapshot(549)) - omNode-1@group-523986131536->omNode-2-GrpcLogAppender: send omNode-1->omNode-2#0-t6,notify:(t:6, i:59)
2022-09-29 01:23:47,040 [omNode-2-server-thread1] INFO  server.RaftServer$Division (RaftServerImpl.java:checkInconsistentAppendEntries(1402)) - omNode-2@group-523986131536: Failed appendEntries as snapshot (59) installation is in progress
2022-09-29 01:23:47,040 [omNode-2-server-thread1] INFO  server.RaftServer$Division (RaftServerImpl.java:checkInconsistentAppendEntries(1394)) - omNode-2@group-523986131536: inconsistency entries. Reply:omNode-1<-omNode-2#915:FAIL-t6,INCONSISTENCY,nextIndex=57,followerCommit=56
2022-09-29 01:23:47,040 [grpc-default-executor-0] INFO  leader.FollowerInfo (FollowerInfoImpl.java:lambda$new$0(48)) - omNode-1@group-523986131536->omNode-2: nextIndex: updateUnconditionally 57 -> 57
2022-09-29 01:23:47,040 [grpc-default-executor-3] INFO  impl.SnapshotInstallationHandler (SnapshotInstallationHandler.java:installSnapshot(84)) - omNode-2@group-523986131536: receive installSnapshot: omNode-1->omNode-2#0-t6,notify:(t:6, i:59)
2022-09-29 01:23:47,040 [grpc-default-executor-3] INFO  impl.SnapshotInstallationHandler (SnapshotInstallationHandler.java:installSnapshot(95)) - omNode-2@group-523986131536: reply installSnapshot: omNode-1<-omNode-2#0:FAIL-t6,IN_PROGRESS
2022-09-29 01:23:47,040 [grpc-default-executor-3] INFO  server.GrpcServerProtocolService (GrpcServerProtocolService.java:onCompleted(140)) - omNode-2: Completed INSTALL_SNAPSHOT, lastRequest: omNode-1->omNode-2#0-t6,notify:(t:6, i:59)
2022-09-29 01:23:47,041 [grpc-default-executor-0] INFO  server.GrpcLogAppender (GrpcLogAppender.java:onNext(403)) - omNode-1@group-523986131536->omNode-2-InstallSnapshotResponseHandler: received a reply omNode-1<-omNode-2#0:FAIL-t6,IN_PROGRESS
2022-09-29 01:23:47,041 [grpc-default-executor-0] INFO  server.GrpcLogAppender (GrpcLogAppender.java:onNext(421)) - omNode-1@group-523986131536->omNode-2-InstallSnapshotResponseHandler: InstallSnapshot in progress.
2022-09-29 01:23:47,041 [omNode-2-server-thread1] INFO  server.RaftServer$Division (RaftServerImpl.java:checkInconsistentAppendEntries(1402)) - omNode-2@group-523986131536: Failed appendEntries as snapshot (59) installation is in progress
2022-09-29 01:23:47,041 [omNode-2-server-thread1] INFO  server.RaftServer$Division (RaftServerImpl.java:checkInconsistentAppendEntries(1394)) - omNode-2@group-523986131536: inconsistency entries. Reply:omNode-1<-omNode-2#916:FAIL-t6,INCONSISTENCY,nextIndex=57,followerCommit=56
2022-09-29 01:23:47,042 [grpc-default-executor-3] INFO  leader.FollowerInfo (FollowerInfoImpl.java:lambda$new$0(48)) - omNode-1@group-523986131536->omNode-2: nextIndex: updateUnconditionally 57 -> 57
2022-09-29 01:23:47,042 [omNode-1@group-523986131536->omNode-2-GrpcLogAppender-LogAppenderDaemon] INFO  server.GrpcLogAppender (GrpcLogAppender.java:installSnapshot(541)) - omNode-1@group-523986131536->omNode-2-GrpcLogAppender: followerNextIndex = 57 but logStartIndex = 59, notify follower to install snapshot-(t:6, i:59)
2022-09-29 01:23:47,042 [omNode-1@group-523986131536->omNode-2-GrpcLogAppender-LogAppenderDaemon] INFO  server.GrpcLogAppender (GrpcLogAppender.java:installSnapshot(549)) - omNode-1@group-523986131536->omNode-2-GrpcLogAppender: send omNode-1->omNode-2#0-t6,notify:(t:6, i:59)
2022-09-29 01:23:47,042 [grpc-default-executor-0] INFO  impl.SnapshotInstallationHandler (SnapshotInstallationHandler.java:installSnapshot(84)) - omNode-2@group-523986131536: receive installSnapshot: omNode-1->omNode-2#0-t6,notify:(t:6, i:59)
2022-09-29 01:23:47,043 [grpc-default-executor-0] INFO  impl.SnapshotInstallationHandler (SnapshotInstallationHandler.java:installSnapshot(95)) - omNode-2@group-523986131536: reply installSnapshot: omNode-1<-omNode-2#0:FAIL-t6,IN_PROGRESS
2022-09-29 01:23:47,043 [grpc-default-executor-0] INFO  server.GrpcServerProtocolService (GrpcServerProtocolService.java:onCompleted(140)) - omNode-2: Completed INSTALL_SNAPSHOT, lastRequest: omNode-1->omNode-2#0-t6,notify:(t:6, i:59)
2022-09-29 01:23:47,043 [grpc-default-executor-3] INFO  server.GrpcLogAppender (GrpcLogAppender.java:onNext(403)) - omNode-1@group-523986131536->omNode-2-InstallSnapshotResponseHandler: received a reply omNode-1<-omNode-2#0:FAIL-t6,IN_PROGRESS
2022-09-29 01:23:47,043 [grpc-default-executor-3] INFO  server.GrpcLogAppender (GrpcLogAppender.java:onNext(421)) - omNode-1@group-523986131536->omNode-2-InstallSnapshotResponseHandler: InstallSnapshot in progress.
2022-09-29 01:23:47,043 [omNode-1@group-523986131536->omNode-2-GrpcLogAppender-LogAppenderDaemon] INFO  server.GrpcLogAppender (GrpcLogAppender.java:installSnapshot(541)) - omNode-1@group-523986131536->omNode-2-GrpcLogAppender: followerNextIndex = 57 but logStartIndex = 59, notify follower to install snapshot-(t:6, i:59)
2022-09-29 01:23:47,043 [omNode-1@group-523986131536->omNode-2-GrpcLogAppender-LogAppenderDaemon] INFO  server.GrpcLogAppender (GrpcLogAppender.java:installSnapshot(549)) - omNode-1@group-523986131536->omNode-2-GrpcLogAppender: send omNode-1->omNode-2#0-t6,notify:(t:6, i:59)
2022-09-29 01:23:47,044 [omNode-2-server-thread1] INFO  server.RaftServer$Division (RaftServerImpl.java:checkInconsistentAppendEntries(1402)) - omNode-2@group-523986131536: Failed appendEntries as snapshot (59) installation is in progress
2022-09-29 01:23:47,044 [omNode-2-server-thread1] INFO  server.RaftServer$Division (RaftServerImpl.java:checkInconsistentAppendEntries(1394)) - omNode-2@group-523986131536: inconsistency entries. Reply:omNode-1<-omNode-2#917:FAIL-t6,INCONSISTENCY,nextIndex=57,followerCommit=56
2022-09-29 01:23:47,044 [grpc-default-executor-3] INFO  impl.SnapshotInstallationHandler (SnapshotInstallationHandler.java:installSnapshot(84)) - omNode-2@group-523986131536: receive installSnapshot: omNode-1->omNode-2#0-t6,notify:(t:6, i:59)
2022-09-29 01:23:47,044 [grpc-default-executor-3] INFO  impl.SnapshotInstallationHandler (SnapshotInstallationHandler.java:installSnapshot(95)) - omNode-2@group-523986131536: reply installSnapshot: omNode-1<-omNode-2#0:FAIL-t6,IN_PROGRESS
2022-09-29 01:23:47,044 [grpc-default-executor-3] INFO  server.GrpcServerProtocolService (GrpcServerProtocolService.java:onCompleted(140)) - omNode-2: Completed INSTALL_SNAPSHOT, lastRequest: omNode-1->omNode-2#0-t6,notify:(t:6, i:59)
2022-09-29 01:23:47,045 [grpc-default-executor-3] INFO  leader.FollowerInfo (FollowerInfoImpl.java:lambda$new$0(48)) - omNode-1@group-523986131536->omNode-2: nextIndex: updateUnconditionally 57 -> 57
2022-09-29 01:23:47,045 [grpc-default-executor-3] INFO  server.GrpcLogAppender (GrpcLogAppender.java:onNext(403)) - omNode-1@group-523986131536->omNode-2-InstallSnapshotResponseHandler: received a reply omNode-1<-omNode-2#0:FAIL-t6,IN_PROGRESS
2022-09-29 01:23:47,045 [grpc-default-executor-3] INFO  server.GrpcLogAppender (GrpcLogAppender.java:onNext(421)) - omNode-1@group-523986131536->omNode-2-InstallSnapshotResponseHandler: InstallSnapshot in progress.
2022-09-29 01:23:47,045 [omNode-1@group-523986131536->omNode-2-GrpcLogAppender-LogAppenderDaemon] INFO  server.GrpcLogAppender (GrpcLogAppender.java:installSnapshot(541)) - omNode-1@group-523986131536->omNode-2-GrpcLogAppender: followerNextIndex = 57 but logStartIndex = 59, notify follower to install snapshot-(t:6, i:59)
2022-09-29 01:23:47,045 [omNode-1@group-523986131536->omNode-2-GrpcLogAppender-LogAppenderDaemon] INFO  server.GrpcLogAppender (GrpcLogAppender.java:installSnapshot(549)) - omNode-1@group-523986131536->omNode-2-GrpcLogAppender: send omNode-1->omNode-2#0-t6,notify:(t:6, i:59)
2022-09-29 01:23:47,046 [omNode-2-server-thread1] INFO  server.RaftServer$Division (RaftServerImpl.java:checkInconsistentAppendEntries(1402)) - omNode-2@group-523986131536: Failed appendEntries as snapshot (59) installation is in progress
2022-09-29 01:23:47,046 [omNode-2-server-thread1] INFO  server.RaftServer$Division (RaftServerImpl.java:checkInconsistentAppendEntries(1394)) - omNode-2@group-523986131536: inconsistency entries. Reply:omNode-1<-omNode-2#918:FAIL-t6,INCONSISTENCY,nextIndex=57,followerCommit=56
2022-09-29 01:23:47,046 [grpc-default-executor-0] INFO  impl.SnapshotInstallationHandler (SnapshotInstallationHandler.java:installSnapshot(84)) - omNode-2@group-523986131536: receive installSnapshot: omNode-1->omNode-2#0-t6,notify:(t:6, i:59)
2022-09-29 01:23:47,046 [grpc-default-executor-0] INFO  impl.SnapshotInstallationHandler (SnapshotInstallationHandler.java:installSnapshot(95)) - omNode-2@group-523986131536: reply installSnapshot: omNode-1<-omNode-2#0:FAIL-t6,IN_PROGRESS
2022-09-29 01:23:47,046 [grpc-default-executor-0] INFO  server.GrpcServerProtocolService (GrpcServerProtocolService.java:onCompleted(140)) - omNode-2: Completed INSTALL_SNAPSHOT, lastRequest: omNode-1->omNode-2#0-t6,notify:(t:6, i:59)
2022-09-29 01:23:47,047 [grpc-default-executor-3] INFO  leader.FollowerInfo (FollowerInfoImpl.java:lambda$new$0(48)) - omNode-1@group-523986131536->omNode-2: nextIndex: updateUnconditionally 57 -> 57
2022-09-29 01:23:47,047 [grpc-default-executor-3] INFO  server.GrpcLogAppender (GrpcLogAppender.java:onNext(403)) - omNode-1@group-523986131536->omNode-2-InstallSnapshotResponseHandler: received a reply omNode-1<-omNode-2#0:FAIL-t6,IN_PROGRESS
2022-09-29 01:23:47,047 [grpc-default-executor-3] INFO  server.GrpcLogAppender (GrpcLogAppender.java:onNext(421)) - omNode-1@group-523986131536->omNode-2-InstallSnapshotResponseHandler: InstallSnapshot in progress.
2022-09-29 01:23:47,047 [omNode-1@group-523986131536->omNode-2-GrpcLogAppender-LogAppenderDaemon] INFO  server.GrpcLogAppender (GrpcLogAppender.java:installSnapshot(541)) - omNode-1@group-523986131536->omNode-2-GrpcLogAppender: followerNextIndex = 57 but logStartIndex = 59, notify follower to install snapshot-(t:6, i:59)
2022-09-29 01:23:47,047 [omNode-1@group-523986131536->omNode-2-GrpcLogAppender-LogAppenderDaemon] INFO  server.GrpcLogAppender (GrpcLogAppender.java:installSnapshot(549)) - omNode-1@group-523986131536->omNode-2-GrpcLogAppender: send omNode-1->omNode-2#0-t6,notify:(t:6, i:59)
2022-09-29 01:23:47,048 [omNode-2-server-thread1] INFO  server.RaftServer$Division (RaftServerImpl.java:checkInconsistentAppendEntries(1402)) - omNode-2@group-523986131536: Failed appendEntries as snapshot (59) installation is in progress
2022-09-29 01:23:47,048 [omNode-2-server-thread1] INFO  server.RaftServer$Division (RaftServerImpl.java:checkInconsistentAppendEntries(1394)) - omNode-2@group-523986131536: inconsistency entries. Reply:omNode-1<-omNode-2#919:FAIL-t6,INCONSISTENCY,nextIndex=57,followerCommit=56
2022-09-29 01:23:47,048 [grpc-default-executor-3] INFO  impl.SnapshotInstallationHandler (SnapshotInstallationHandler.java:installSnapshot(84)) - omNode-2@group-523986131536: receive installSnapshot: omNode-1->omNode-2#0-t6,notify:(t:6, i:59)
2022-09-29 01:23:47,048 [grpc-default-executor-3] INFO  impl.SnapshotInstallationHandler (SnapshotInstallationHandler.java:installSnapshot(95)) - omNode-2@group-523986131536: reply installSnapshot: omNode-1<-omNode-2#0:FAIL-t6,IN_PROGRESS
2022-09-29 01:23:47,048 [grpc-default-executor-3] INFO  server.GrpcServerProtocolService (GrpcServerProtocolService.java:onCompleted(140)) - omNode-2: Completed INSTALL_SNAPSHOT, lastRequest: omNode-1->omNode-2#0-t6,notify:(t:6, i:59)
2022-09-29 01:23:47,049 [grpc-default-executor-0] INFO  leader.FollowerInfo (FollowerInfoImpl.java:lambda$new$0(48)) - omNode-1@group-523986131536->omNode-2: nextIndex: updateUnconditionally 57 -> 57
2022-09-29 01:23:47,049 [grpc-default-executor-0] INFO  server.GrpcLogAppender (GrpcLogAppender.java:onNext(403)) - omNode-1@group-523986131536->omNode-2-InstallSnapshotResponseHandler: received a reply omNode-1<-omNode-2#0:FAIL-t6,IN_PROGRESS
2022-09-29 01:23:47,049 [grpc-default-executor-0] INFO  server.GrpcLogAppender (GrpcLogAppender.java:onNext(421)) - omNode-1@group-523986131536->omNode-2-InstallSnapshotResponseHandler: InstallSnapshot in progress.
2022-09-29 01:23:47,049 [omNode-1@group-523986131536->omNode-2-GrpcLogAppender-LogAppenderDaemon] INFO  server.GrpcLogAppender (GrpcLogAppender.java:installSnapshot(541)) - omNode-1@group-523986131536->omNode-2-GrpcLogAppender: followerNextIndex = 57 but logStartIndex = 59, notify follower to install snapshot-(t:6, i:59)
2022-09-29 01:23:47,049 [omNode-1@group-523986131536->omNode-2-GrpcLogAppender-LogAppenderDaemon] INFO  server.GrpcLogAppender (GrpcLogAppender.java:installSnapshot(549)) - omNode-1@group-523986131536->omNode-2-GrpcLogAppender: send omNode-1->omNode-2#0-t6,notify:(t:6, i:59)
2022-09-29 01:23:47,050 [omNode-2-server-thread1] INFO  server.RaftServer$Division (RaftServerImpl.java:checkInconsistentAppendEntries(1402)) - omNode-2@group-523986131536: Failed appendEntries as snapshot (59) installation is in progress
2022-09-29 01:23:47,050 [omNode-2-server-thread1] INFO  server.RaftServer$Division (RaftServerImpl.java:checkInconsistentAppendEntries(1394)) - omNode-2@group-523986131536: inconsistency entries. Reply:omNode-1<-omNode-2#920:FAIL-t6,INCONSISTENCY,nextIndex=57,followerCommit=56
2022-09-29 01:23:47,050 [grpc-default-executor-2] INFO  impl.SnapshotInstallationHandler (SnapshotInstallationHandler.java:installSnapshot(84)) - omNode-2@group-523986131536: receive installSnapshot: omNode-1->omNode-2#0-t6,notify:(t:6, i:59)
2022-09-29 01:23:47,050 [grpc-default-executor-2] INFO  impl.SnapshotInstallationHandler (SnapshotInstallationHandler.java:installSnapshot(95)) - omNode-2@group-523986131536: reply installSnapshot: omNode-1<-omNode-2#0:FAIL-t6,IN_PROGRESS
2022-09-29 01:23:47,050 [grpc-default-executor-2] INFO  server.GrpcServerProtocolService (GrpcServerProtocolService.java:onCompleted(140)) - omNode-2: Completed INSTALL_SNAPSHOT, lastRequest: omNode-1->omNode-2#0-t6,notify:(t:6, i:59)
2022-09-29 01:23:47,051 [grpc-default-executor-0] INFO  leader.FollowerInfo (FollowerInfoImpl.java:lambda$new$0(48)) - omNode-1@group-523986131536->omNode-2: nextIndex: updateUnconditionally 57 -> 57
2022-09-29 01:23:47,051 [grpc-default-executor-0] INFO  server.GrpcLogAppender (GrpcLogAppender.java:onNext(403)) - omNode-1@group-523986131536->omNode-2-InstallSnapshotResponseHandler: received a reply omNode-1<-omNode-2#0:FAIL-t6,IN_PROGRESS
2022-09-29 01:23:47,051 [grpc-default-executor-0] INFO  server.GrpcLogAppender (GrpcLogAppender.java:onNext(421)) - omNode-1@group-523986131536->omNode-2-InstallSnapshotResponseHandler: InstallSnapshot in progress.
2022-09-29 01:23:47,051 [omNode-1@group-523986131536->omNode-2-GrpcLogAppender-LogAppenderDaemon] INFO  server.GrpcLogAppender (GrpcLogAppender.java:installSnapshot(541)) - omNode-1@group-523986131536->omNode-2-GrpcLogAppender: followerNextIndex = 57 but logStartIndex = 59, notify follower to install snapshot-(t:6, i:59)
2022-09-29 01:23:47,051 [omNode-1@group-523986131536->omNode-2-GrpcLogAppender-LogAppenderDaemon] INFO  server.GrpcLogAppender (GrpcLogAppender.java:installSnapshot(549)) - omNode-1@group-523986131536->omNode-2-GrpcLogAppender: send omNode-1->omNode-2#0-t6,notify:(t:6, i:59)
2022-09-29 01:23:47,052 [omNode-2-server-thread1] INFO  server.RaftServer$Division (RaftServerImpl.java:checkInconsistentAppendEntries(1402)) - omNode-2@group-523986131536: Failed appendEntries as snapshot (59) installation is in progress
2022-09-29 01:23:47,052 [omNode-2-server-thread1] INFO  server.RaftServer$Division (RaftServerImpl.java:checkInconsistentAppendEntries(1394)) - omNode-2@group-523986131536: inconsistency entries. Reply:omNode-1<-omNode-2#921:FAIL-t6,INCONSISTENCY,nextIndex=57,followerCommit=56
2022-09-29 01:23:47,053 [grpc-default-executor-3] INFO  impl.SnapshotInstallationHandler (SnapshotInstallationHandler.java:installSnapshot(84)) - omNode-2@group-523986131536: receive installSnapshot: omNode-1->omNode-2#0-t6,notify:(t:6, i:59)
2022-09-29 01:23:47,054 [grpc-default-executor-3] INFO  impl.SnapshotInstallationHandler (SnapshotInstallationHandler.java:installSnapshot(95)) - omNode-2@group-523986131536: reply installSnapshot: omNode-1<-omNode-2#0:FAIL-t6,IN_PROGRESS
2022-09-29 01:23:47,056 [grpc-default-executor-3] INFO  server.GrpcServerProtocolService (GrpcServerProtocolService.java:onCompleted(140)) - omNode-2: Completed INSTALL_SNAPSHOT, lastRequest: omNode-1->omNode-2#0-t6,notify:(t:6, i:59)
2022-09-29 01:23:47,056 [grpc-default-executor-0] INFO  leader.FollowerInfo (FollowerInfoImpl.java:lambda$new$0(48)) - omNode-1@group-523986131536->omNode-2: nextIndex: updateUnconditionally 57 -> 57
2022-09-29 01:23:47,056 [grpc-default-executor-0] INFO  server.GrpcLogAppender (GrpcLogAppender.java:onNext(403)) - omNode-1@group-523986131536->omNode-2-InstallSnapshotResponseHandler: received a reply omNode-1<-omNode-2#0:FAIL-t6,IN_PROGRESS
2022-09-29 01:23:47,056 [grpc-default-executor-0] INFO  server.GrpcLogAppender (GrpcLogAppender.java:onNext(421)) - omNode-1@group-523986131536->omNode-2-InstallSnapshotResponseHandler: InstallSnapshot in progress.
2022-09-29 01:23:47,057 [omNode-1@group-523986131536->omNode-2-GrpcLogAppender-LogAppenderDaemon] INFO  server.GrpcLogAppender (GrpcLogAppender.java:installSnapshot(541)) - omNode-1@group-523986131536->omNode-2-GrpcLogAppender: followerNextIndex = 57 but logStartIndex = 59, notify follower to install snapshot-(t:6, i:59)
2022-09-29 01:23:47,057 [omNode-1@group-523986131536->omNode-2-GrpcLogAppender-LogAppenderDaemon] INFO  server.GrpcLogAppender (GrpcLogAppender.java:installSnapshot(549)) - omNode-1@group-523986131536->omNode-2-GrpcLogAppender: send omNode-1->omNode-2#0-t6,notify:(t:6, i:59)
2022-09-29 01:23:47,057 [omNode-2-server-thread1] INFO  server.RaftServer$Division (RaftServerImpl.java:checkInconsistentAppendEntries(1402)) - omNode-2@group-523986131536: Failed appendEntries as snapshot (59) installation is in progress
2022-09-29 01:23:47,057 [omNode-2-server-thread1] INFO  server.RaftServer$Division (RaftServerImpl.java:checkInconsistentAppendEntries(1394)) - omNode-2@group-523986131536: inconsistency entries. Reply:omNode-1<-omNode-2#922:FAIL-t6,INCONSISTENCY,nextIndex=57,followerCommit=56
2022-09-29 01:23:47,057 [grpc-default-executor-3] INFO  impl.SnapshotInstallationHandler (SnapshotInstallationHandler.java:installSnapshot(84)) - omNode-2@group-523986131536: receive installSnapshot: omNode-1->omNode-2#0-t6,notify:(t:6, i:59)
2022-09-29 01:23:47,058 [grpc-default-executor-3] INFO  impl.SnapshotInstallationHandler (SnapshotInstallationHandler.java:installSnapshot(95)) - omNode-2@group-523986131536: reply installSnapshot: omNode-1<-omNode-2#0:FAIL-t6,IN_PROGRESS
2022-09-29 01:23:47,058 [grpc-default-executor-3] INFO  server.GrpcServerProtocolService (GrpcServerProtocolService.java:onCompleted(140)) - omNode-2: Completed INSTALL_SNAPSHOT, lastRequest: omNode-1->omNode-2#0-t6,notify:(t:6, i:59)
2022-09-29 01:23:47,059 [grpc-default-executor-0] INFO  leader.FollowerInfo (FollowerInfoImpl.java:lambda$new$0(48)) - omNode-1@group-523986131536->omNode-2: nextIndex: updateUnconditionally 57 -> 57
2022-09-29 01:23:47,059 [grpc-default-executor-0] INFO  server.GrpcLogAppender (GrpcLogAppender.java:onNext(403)) - omNode-1@group-523986131536->omNode-2-InstallSnapshotResponseHandler: received a reply omNode-1<-omNode-2#0:FAIL-t6,IN_PROGRESS
2022-09-29 01:23:47,059 [grpc-default-executor-0] INFO  server.GrpcLogAppender (GrpcLogAppender.java:onNext(421)) - omNode-1@group-523986131536->omNode-2-InstallSnapshotResponseHandler: InstallSnapshot in progress.
2022-09-29 01:23:47,059 [omNode-1@group-523986131536->omNode-2-GrpcLogAppender-LogAppenderDaemon] INFO  server.GrpcLogAppender (GrpcLogAppender.java:installSnapshot(541)) - omNode-1@group-523986131536->omNode-2-GrpcLogAppender: followerNextIndex = 57 but logStartIndex = 59, notify follower to install snapshot-(t:6, i:59)
2022-09-29 01:23:47,059 [omNode-1@group-523986131536->omNode-2-GrpcLogAppender-LogAppenderDaemon] INFO  server.GrpcLogAppender (GrpcLogAppender.java:installSnapshot(549)) - omNode-1@group-523986131536->omNode-2-GrpcLogAppender: send omNode-1->omNode-2#0-t6,notify:(t:6, i:59)
2022-09-29 01:23:47,060 [omNode-2-server-thread1] INFO  server.RaftServer$Division (RaftServerImpl.java:checkInconsistentAppendEntries(1402)) - omNode-2@group-523986131536: Failed appendEntries as snapshot (59) installation is in progress
2022-09-29 01:23:47,060 [omNode-2-server-thread1] INFO  server.RaftServer$Division (RaftServerImpl.java:checkInconsistentAppendEntries(1394)) - omNode-2@group-523986131536: inconsistency entries. Reply:omNode-1<-omNode-2#923:FAIL-t6,INCONSISTENCY,nextIndex=57,followerCommit=56
2022-09-29 01:23:47,060 [grpc-default-executor-2] INFO  impl.SnapshotInstallationHandler (SnapshotInstallationHandler.java:installSnapshot(84)) - omNode-2@group-523986131536: receive installSnapshot: omNode-1->omNode-2#0-t6,notify:(t:6, i:59)
2022-09-29 01:23:47,060 [grpc-default-executor-2] INFO  impl.SnapshotInstallationHandler (SnapshotInstallationHandler.java:installSnapshot(95)) - omNode-2@group-523986131536: reply installSnapshot: omNode-1<-omNode-2#0:FAIL-t6,IN_PROGRESS
2022-09-29 01:23:47,061 [grpc-default-executor-2] INFO  server.GrpcServerProtocolService (GrpcServerProtocolService.java:onCompleted(140)) - omNode-2: Completed INSTALL_SNAPSHOT, lastRequest: omNode-1->omNode-2#0-t6,notify:(t:6, i:59)
2022-09-29 01:23:47,061 [grpc-default-executor-0] INFO  leader.FollowerInfo (FollowerInfoImpl.java:lambda$new$0(48)) - omNode-1@group-523986131536->omNode-2: nextIndex: updateUnconditionally 57 -> 57
2022-09-29 01:23:47,061 [grpc-default-executor-2] INFO  server.GrpcLogAppender (GrpcLogAppender.java:onNext(403)) - omNode-1@group-523986131536->omNode-2-InstallSnapshotResponseHandler: received a reply omNode-1<-omNode-2#0:FAIL-t6,IN_PROGRESS
2022-09-29 01:23:47,061 [grpc-default-executor-2] INFO  server.GrpcLogAppender (GrpcLogAppender.java:onNext(421)) - omNode-1@group-523986131536->omNode-2-InstallSnapshotResponseHandler: InstallSnapshot in progress.
2022-09-29 01:23:47,061 [omNode-1@group-523986131536->omNode-2-GrpcLogAppender-LogAppenderDaemon] INFO  server.GrpcLogAppender (GrpcLogAppender.java:installSnapshot(541)) - omNode-1@group-523986131536->omNode-2-GrpcLogAppender: followerNextIndex = 57 but logStartIndex = 59, notify follower to install snapshot-(t:6, i:59)
2022-09-29 01:23:47,062 [omNode-1@group-523986131536->omNode-2-GrpcLogAppender-LogAppenderDaemon] INFO  server.GrpcLogAppender (GrpcLogAppender.java:installSnapshot(549)) - omNode-1@group-523986131536->omNode-2-GrpcLogAppender: send omNode-1->omNode-2#0-t6,notify:(t:6, i:59)
2022-09-29 01:23:47,062 [omNode-2-server-thread1] INFO  server.RaftServer$Division (RaftServerImpl.java:checkInconsistentAppendEntries(1402)) - omNode-2@group-523986131536: Failed appendEntries as snapshot (59) installation is in progress
2022-09-29 01:23:47,062 [omNode-2-server-thread1] INFO  server.RaftServer$Division (RaftServerImpl.java:checkInconsistentAppendEntries(1394)) - omNode-2@group-523986131536: inconsistency entries. Reply:omNode-1<-omNode-2#924:FAIL-t6,INCONSISTENCY,nextIndex=57,followerCommit=56
2022-09-29 01:23:47,062 [grpc-default-executor-0] INFO  impl.SnapshotInstallationHandler (SnapshotInstallationHandler.java:installSnapshot(84)) - omNode-2@group-523986131536: receive installSnapshot: omNode-1->omNode-2#0-t6,notify:(t:6, i:59)
2022-09-29 01:23:47,062 [grpc-default-executor-0] INFO  impl.SnapshotInstallationHandler (SnapshotInstallationHandler.java:installSnapshot(95)) - omNode-2@group-523986131536: reply installSnapshot: omNode-1<-omNode-2#0:FAIL-t6,IN_PROGRESS
2022-09-29 01:23:47,063 [grpc-default-executor-0] INFO  server.GrpcServerProtocolService (GrpcServerProtocolService.java:onCompleted(140)) - omNode-2: Completed INSTALL_SNAPSHOT, lastRequest: omNode-1->omNode-2#0-t6,notify:(t:6, i:59)
2022-09-29 01:23:47,063 [grpc-default-executor-2] INFO  leader.FollowerInfo (FollowerInfoImpl.java:lambda$new$0(48)) - omNode-1@group-523986131536->omNode-2: nextIndex: updateUnconditionally 57 -> 57
2022-09-29 01:23:47,063 [grpc-default-executor-2] INFO  server.GrpcLogAppender (GrpcLogAppender.java:onNext(403)) - omNode-1@group-523986131536->omNode-2-InstallSnapshotResponseHandler: received a reply omNode-1<-omNode-2#0:FAIL-t6,IN_PROGRESS
2022-09-29 01:23:47,063 [grpc-default-executor-2] INFO  server.GrpcLogAppender (GrpcLogAppender.java:onNext(421)) - omNode-1@group-523986131536->omNode-2-InstallSnapshotResponseHandler: InstallSnapshot in progress.
2022-09-29 01:23:47,063 [omNode-1@group-523986131536->omNode-2-GrpcLogAppender-LogAppenderDaemon] INFO  server.GrpcLogAppender (GrpcLogAppender.java:installSnapshot(541)) - omNode-1@group-523986131536->omNode-2-GrpcLogAppender: followerNextIndex = 57 but logStartIndex = 59, notify follower to install snapshot-(t:6, i:59)
2022-09-29 01:23:47,063 [omNode-1@group-523986131536->omNode-2-GrpcLogAppender-LogAppenderDaemon] INFO  server.GrpcLogAppender (GrpcLogAppender.java:installSnapshot(549)) - omNode-1@group-523986131536->omNode-2-GrpcLogAppender: send omNode-1->omNode-2#0-t6,notify:(t:6, i:59)
2022-09-29 01:23:47,068 [omNode-2-server-thread1] INFO  server.RaftServer$Division (RaftServerImpl.java:checkInconsistentAppendEntries(1402)) - omNode-2@group-523986131536: Failed appendEntries as snapshot (59) installation is in progress
2022-09-29 01:23:47,068 [omNode-2-server-thread1] INFO  server.RaftServer$Division (RaftServerImpl.java:checkInconsistentAppendEntries(1394)) - omNode-2@group-523986131536: inconsistency entries. Reply:omNode-1<-omNode-2#925:FAIL-t6,INCONSISTENCY,nextIndex=57,followerCommit=56
2022-09-29 01:23:47,068 [grpc-default-executor-0] INFO  impl.SnapshotInstallationHandler (SnapshotInstallationHandler.java:installSnapshot(84)) - omNode-2@group-523986131536: receive installSnapshot: omNode-1->omNode-2#0-t6,notify:(t:6, i:59)
2022-09-29 01:23:47,068 [grpc-default-executor-0] INFO  impl.SnapshotInstallationHandler (SnapshotInstallationHandler.java:installSnapshot(95)) - omNode-2@group-523986131536: reply installSnapshot: omNode-1<-omNode-2#0:FAIL-t6,IN_PROGRESS
2022-09-29 01:23:47,069 [grpc-default-executor-0] INFO  server.GrpcServerProtocolService (GrpcServerProtocolService.java:onCompleted(140)) - omNode-2: Completed INSTALL_SNAPSHOT, lastRequest: omNode-1->omNode-2#0-t6,notify:(t:6, i:59)
2022-09-29 01:23:47,069 [grpc-default-executor-2] INFO  leader.FollowerInfo (FollowerInfoImpl.java:lambda$new$0(48)) - omNode-1@group-523986131536->omNode-2: nextIndex: updateUnconditionally 57 -> 57
2022-09-29 01:23:47,069 [grpc-default-executor-2] INFO  server.GrpcLogAppender (GrpcLogAppender.java:onNext(403)) - omNode-1@group-523986131536->omNode-2-InstallSnapshotResponseHandler: received a reply omNode-1<-omNode-2#0:FAIL-t6,IN_PROGRESS
2022-09-29 01:23:47,069 [grpc-default-executor-2] INFO  server.GrpcLogAppender (GrpcLogAppender.java:onNext(421)) - omNode-1@group-523986131536->omNode-2-InstallSnapshotResponseHandler: InstallSnapshot in progress.
2022-09-29 01:23:47,069 [omNode-1@group-523986131536->omNode-2-GrpcLogAppender-LogAppenderDaemon] INFO  server.GrpcLogAppender (GrpcLogAppender.java:installSnapshot(541)) - omNode-1@group-523986131536->omNode-2-GrpcLogAppender: followerNextIndex = 57 but logStartIndex = 59, notify follower to install snapshot-(t:6, i:59)
2022-09-29 01:23:47,069 [omNode-1@group-523986131536->omNode-2-GrpcLogAppender-LogAppenderDaemon] INFO  server.GrpcLogAppender (GrpcLogAppender.java:installSnapshot(549)) - omNode-1@group-523986131536->omNode-2-GrpcLogAppender: send omNode-1->omNode-2#0-t6,notify:(t:6, i:59)
2022-09-29 01:23:47,070 [omNode-2-server-thread1] INFO  server.RaftServer$Division (RaftServerImpl.java:checkInconsistentAppendEntries(1402)) - omNode-2@group-523986131536: Failed appendEntries as snapshot (59) installation is in progress
2022-09-29 01:23:47,070 [omNode-2-server-thread1] INFO  server.RaftServer$Division (RaftServerImpl.java:checkInconsistentAppendEntries(1394)) - omNode-2@group-523986131536: inconsistency entries. Reply:omNode-1<-omNode-2#926:FAIL-t6,INCONSISTENCY,nextIndex=57,followerCommit=56
2022-09-29 01:23:47,070 [grpc-default-executor-0] INFO  impl.SnapshotInstallationHandler (SnapshotInstallationHandler.java:installSnapshot(84)) - omNode-2@group-523986131536: receive installSnapshot: omNode-1->omNode-2#0-t6,notify:(t:6, i:59)
2022-09-29 01:23:47,070 [grpc-default-executor-0] INFO  impl.SnapshotInstallationHandler (SnapshotInstallationHandler.java:installSnapshot(95)) - omNode-2@group-523986131536: reply installSnapshot: omNode-1<-omNode-2#0:FAIL-t6,IN_PROGRESS
2022-09-29 01:23:47,071 [grpc-default-executor-0] INFO  server.GrpcServerProtocolService (GrpcServerProtocolService.java:onCompleted(140)) - omNode-2: Completed INSTALL_SNAPSHOT, lastRequest: omNode-1->omNode-2#0-t6,notify:(t:6, i:59)
2022-09-29 01:23:47,071 [grpc-default-executor-2] INFO  leader.FollowerInfo (FollowerInfoImpl.java:lambda$new$0(48)) - omNode-1@group-523986131536->omNode-2: nextIndex: updateUnconditionally 57 -> 57
2022-09-29 01:23:47,071 [grpc-default-executor-2] INFO  server.GrpcLogAppender (GrpcLogAppender.java:onNext(403)) - omNode-1@group-523986131536->omNode-2-InstallSnapshotResponseHandler: received a reply omNode-1<-omNode-2#0:FAIL-t6,IN_PROGRESS
2022-09-29 01:23:47,071 [grpc-default-executor-2] INFO  server.GrpcLogAppender (GrpcLogAppender.java:onNext(421)) - omNode-1@group-523986131536->omNode-2-InstallSnapshotResponseHandler: InstallSnapshot in progress.
2022-09-29 01:23:47,071 [omNode-1@group-523986131536->omNode-2-GrpcLogAppender-LogAppenderDaemon] INFO  server.GrpcLogAppender (GrpcLogAppender.java:installSnapshot(541)) - omNode-1@group-523986131536->omNode-2-GrpcLogAppender: followerNextIndex = 57 but logStartIndex = 59, notify follower to install snapshot-(t:6, i:59)
2022-09-29 01:23:47,076 [omNode-2-server-thread1] INFO  server.RaftServer$Division (RaftServerImpl.java:checkInconsistentAppendEntries(1402)) - omNode-2@group-523986131536: Failed appendEntries as snapshot (59) installation is in progress
]]></system-out>
  </testcase>
  <testcase name="testTwoOMNodesDown" classname="org.apache.hadoop.ozone.om.TestOzoneManagerHAWithData" time="17.171">
    <error type="java.io.IOException"><![CDATA[java.io.IOException: Failed init RocksDB, db path : /home/runner/work/ozone/ozone/hadoop-ozone/integration-test/target/test-dir/MiniOzoneClusterImpl-a442e60d-e435-415e-98a9-f45e33772b0d/omNode-3/om.db, exception :org.rocksdb.RocksDBException lock hold by current process, acquire time 1664414625 acquiring thread 140494115669760: /home/runner/work/ozone/ozone/hadoop-ozone/integration-test/target/test-dir/MiniOzoneClusterImpl-a442e60d-e435-415e-98a9-f45e33772b0d/omNode-3/om.db/LOCK: No locks available
	at org.apache.hadoop.hdds.utils.db.RDBStore.<init>(RDBStore.java:123)
	at org.apache.hadoop.hdds.utils.db.DBStoreBuilder.build(DBStoreBuilder.java:191)
	at org.apache.hadoop.ozone.om.OmMetadataManagerImpl.loadDB(OmMetadataManagerImpl.java:421)
	at org.apache.hadoop.ozone.om.OmMetadataManagerImpl.loadDB(OmMetadataManagerImpl.java:411)
	at org.apache.hadoop.ozone.om.OmMetadataManagerImpl.start(OmMetadataManagerImpl.java:403)
	at org.apache.hadoop.ozone.om.OmMetadataManagerImpl.<init>(OmMetadataManagerImpl.java:272)
	at org.apache.hadoop.ozone.om.OzoneManager.instantiateServices(OzoneManager.java:708)
	at org.apache.hadoop.ozone.om.OzoneManager.restart(OzoneManager.java:1577)
	at org.apache.hadoop.ozone.MiniOzoneHAClusterImpl.restartOzoneManager(MiniOzoneHAClusterImpl.java:229)
	at org.apache.hadoop.ozone.om.TestOzoneManagerHA.resetCluster(TestOzoneManagerHA.java:188)
	at sun.reflect.NativeMethodAccessorImpl.invoke0(Native Method)
	at sun.reflect.NativeMethodAccessorImpl.invoke(NativeMethodAccessorImpl.java:62)
	at sun.reflect.DelegatingMethodAccessorImpl.invoke(DelegatingMethodAccessorImpl.java:43)
	at java.lang.reflect.Method.invoke(Method.java:498)
	at org.junit.platform.commons.util.ReflectionUtils.invokeMethod(ReflectionUtils.java:725)
	at org.junit.jupiter.engine.execution.MethodInvocation.proceed(MethodInvocation.java:60)
	at org.junit.jupiter.engine.execution.InvocationInterceptorChain$ValidatingInvocation.proceed(InvocationInterceptorChain.java:131)
	at org.junit.jupiter.engine.extension.TimeoutExtension.intercept(TimeoutExtension.java:149)
	at org.junit.jupiter.engine.extension.TimeoutExtension.interceptLifecycleMethod(TimeoutExtension.java:126)
	at org.junit.jupiter.engine.extension.TimeoutExtension.interceptAfterEachMethod(TimeoutExtension.java:108)
	at org.junit.jupiter.engine.execution.ExecutableInvoker$ReflectiveInterceptorCall.lambda$ofVoidMethod$0(ExecutableInvoker.java:115)
	at org.junit.jupiter.engine.execution.ExecutableInvoker.lambda$invoke$0(ExecutableInvoker.java:105)
	at org.junit.jupiter.engine.execution.InvocationInterceptorChain$InterceptedInvocation.proceed(InvocationInterceptorChain.java:106)
	at org.junit.jupiter.engine.execution.InvocationInterceptorChain.proceed(InvocationInterceptorChain.java:64)
	at org.junit.jupiter.engine.execution.InvocationInterceptorChain.chainAndInvoke(InvocationInterceptorChain.java:45)
	at org.junit.jupiter.engine.execution.InvocationInterceptorChain.invoke(InvocationInterceptorChain.java:37)
	at org.junit.jupiter.engine.execution.ExecutableInvoker.invoke(ExecutableInvoker.java:104)
	at org.junit.jupiter.engine.execution.ExecutableInvoker.invoke(ExecutableInvoker.java:98)
	at org.junit.jupiter.engine.descriptor.ClassBasedTestDescriptor.invokeMethodInExtensionContext(ClassBasedTestDescriptor.java:506)
	at org.junit.jupiter.engine.descriptor.ClassBasedTestDescriptor.lambda$synthesizeAfterEachMethodAdapter$22(ClassBasedTestDescriptor.java:496)
	at org.junit.jupiter.engine.descriptor.TestMethodTestDescriptor.lambda$invokeAfterEachMethods$10(TestMethodTestDescriptor.java:240)
	at org.junit.jupiter.engine.descriptor.TestMethodTestDescriptor.lambda$invokeAllAfterMethodsOrCallbacks$13(TestMethodTestDescriptor.java:273)
	at org.junit.platform.engine.support.hierarchical.ThrowableCollector.execute(ThrowableCollector.java:73)
	at org.junit.jupiter.engine.descriptor.TestMethodTestDescriptor.lambda$invokeAllAfterMethodsOrCallbacks$14(TestMethodTestDescriptor.java:273)
	at java.util.ArrayList.forEach(ArrayList.java:1259)
	at org.junit.jupiter.engine.descriptor.TestMethodTestDescriptor.invokeAllAfterMethodsOrCallbacks(TestMethodTestDescriptor.java:272)
	at org.junit.jupiter.engine.descriptor.TestMethodTestDescriptor.invokeAfterEachMethods(TestMethodTestDescriptor.java:238)
	at org.junit.jupiter.engine.descriptor.TestMethodTestDescriptor.execute(TestMethodTestDescriptor.java:139)
	at org.junit.jupiter.engine.descriptor.TestMethodTestDescriptor.execute(TestMethodTestDescriptor.java:66)
	at org.junit.platform.engine.support.hierarchical.NodeTestTask.lambda$executeRecursively$6(NodeTestTask.java:151)
	at org.junit.platform.engine.support.hierarchical.ThrowableCollector.execute(ThrowableCollector.java:73)
	at org.junit.platform.engine.support.hierarchical.NodeTestTask.lambda$executeRecursively$8(NodeTestTask.java:141)
	at org.junit.platform.engine.support.hierarchical.Node.around(Node.java:137)
	at org.junit.platform.engine.support.hierarchical.NodeTestTask.lambda$executeRecursively$9(NodeTestTask.java:139)
	at org.junit.platform.engine.support.hierarchical.ThrowableCollector.execute(ThrowableCollector.java:73)
	at org.junit.platform.engine.support.hierarchical.NodeTestTask.executeRecursively(NodeTestTask.java:138)
	at org.junit.platform.engine.support.hierarchical.NodeTestTask.execute(NodeTestTask.java:95)
	at java.util.ArrayList.forEach(ArrayList.java:1259)
	at org.junit.platform.engine.support.hierarchical.SameThreadHierarchicalTestExecutorService.invokeAll(SameThreadHierarchicalTestExecutorService.java:41)
	at org.junit.platform.engine.support.hierarchical.NodeTestTask.lambda$executeRecursively$6(NodeTestTask.java:155)
	at org.junit.platform.engine.support.hierarchical.ThrowableCollector.execute(ThrowableCollector.java:73)
	at org.junit.platform.engine.support.hierarchical.NodeTestTask.lambda$executeRecursively$8(NodeTestTask.java:141)
	at org.junit.platform.engine.support.hierarchical.Node.around(Node.java:137)
	at org.junit.platform.engine.support.hierarchical.NodeTestTask.lambda$executeRecursively$9(NodeTestTask.java:139)
	at org.junit.platform.engine.support.hierarchical.ThrowableCollector.execute(ThrowableCollector.java:73)
	at org.junit.platform.engine.support.hierarchical.NodeTestTask.executeRecursively(NodeTestTask.java:138)
	at org.junit.platform.engine.support.hierarchical.NodeTestTask.execute(NodeTestTask.java:95)
	at java.util.ArrayList.forEach(ArrayList.java:1259)
	at org.junit.platform.engine.support.hierarchical.SameThreadHierarchicalTestExecutorService.invokeAll(SameThreadHierarchicalTestExecutorService.java:41)
	at org.junit.platform.engine.support.hierarchical.NodeTestTask.lambda$executeRecursively$6(NodeTestTask.java:155)
	at org.junit.platform.engine.support.hierarchical.ThrowableCollector.execute(ThrowableCollector.java:73)
	at org.junit.platform.engine.support.hierarchical.NodeTestTask.lambda$executeRecursively$8(NodeTestTask.java:141)
	at org.junit.platform.engine.support.hierarchical.Node.around(Node.java:137)
	at org.junit.platform.engine.support.hierarchical.NodeTestTask.lambda$executeRecursively$9(NodeTestTask.java:139)
	at org.junit.platform.engine.support.hierarchical.ThrowableCollector.execute(ThrowableCollector.java:73)
	at org.junit.platform.engine.support.hierarchical.NodeTestTask.executeRecursively(NodeTestTask.java:138)
	at org.junit.platform.engine.support.hierarchical.NodeTestTask.execute(NodeTestTask.java:95)
	at org.junit.platform.engine.support.hierarchical.SameThreadHierarchicalTestExecutorService.submit(SameThreadHierarchicalTestExecutorService.java:35)
	at org.junit.platform.engine.support.hierarchical.HierarchicalTestExecutor.execute(HierarchicalTestExecutor.java:57)
	at org.junit.platform.engine.support.hierarchical.HierarchicalTestEngine.execute(HierarchicalTestEngine.java:54)
	at org.junit.platform.launcher.core.EngineExecutionOrchestrator.execute(EngineExecutionOrchestrator.java:107)
	at org.junit.platform.launcher.core.EngineExecutionOrchestrator.execute(EngineExecutionOrchestrator.java:88)
	at org.junit.platform.launcher.core.EngineExecutionOrchestrator.lambda$execute$0(EngineExecutionOrchestrator.java:54)
	at org.junit.platform.launcher.core.EngineExecutionOrchestrator.withInterceptedStreams(EngineExecutionOrchestrator.java:67)
	at org.junit.platform.launcher.core.EngineExecutionOrchestrator.execute(EngineExecutionOrchestrator.java:52)
	at org.junit.platform.launcher.core.DefaultLauncher.execute(DefaultLauncher.java:114)
	at org.junit.platform.launcher.core.DefaultLauncher.execute(DefaultLauncher.java:86)
	at org.junit.platform.launcher.core.DefaultLauncherSession$DelegatingLauncher.execute(DefaultLauncherSession.java:86)
	at org.junit.platform.launcher.core.SessionPerRequestLauncher.execute(SessionPerRequestLauncher.java:53)
	at org.apache.maven.surefire.junitplatform.JUnitPlatformProvider.execute(JUnitPlatformProvider.java:188)
	at org.apache.maven.surefire.junitplatform.JUnitPlatformProvider.invokeAllTests(JUnitPlatformProvider.java:154)
	at org.apache.maven.surefire.junitplatform.JUnitPlatformProvider.invoke(JUnitPlatformProvider.java:124)
	at org.apache.maven.surefire.booter.ForkedBooter.runSuitesInProcess(ForkedBooter.java:428)
	at org.apache.maven.surefire.booter.ForkedBooter.execute(ForkedBooter.java:162)
	at org.apache.maven.surefire.booter.ForkedBooter.run(ForkedBooter.java:562)
	at org.apache.maven.surefire.booter.ForkedBooter.main(ForkedBooter.java:548)
Caused by: java.io.IOException: class org.apache.hadoop.hdds.utils.db.RocksDatabase: Failed to open /home/runner/work/ozone/ozone/hadoop-ozone/integration-test/target/test-dir/MiniOzoneClusterImpl-a442e60d-e435-415e-98a9-f45e33772b0d/omNode-3/om.db; status : IOError; message : lock hold by current process, acquire time 1664414625 acquiring thread 140494115669760: /home/runner/work/ozone/ozone/hadoop-ozone/integration-test/target/test-dir/MiniOzoneClusterImpl-a442e60d-e435-415e-98a9-f45e33772b0d/omNode-3/om.db/LOCK: No locks available
	at org.apache.hadoop.hdds.utils.HddsServerUtil.toIOException(HddsServerUtil.java:586)
	at org.apache.hadoop.hdds.utils.db.RocksDatabase.toIOException(RocksDatabase.java:73)
	at org.apache.hadoop.hdds.utils.db.RocksDatabase.open(RocksDatabase.java:148)
	at org.apache.hadoop.hdds.utils.db.RDBStore.<init>(RDBStore.java:83)
	... 85 more
Caused by: org.rocksdb.RocksDBException: lock hold by current process, acquire time 1664414625 acquiring thread 140494115669760: /home/runner/work/ozone/ozone/hadoop-ozone/integration-test/target/test-dir/MiniOzoneClusterImpl-a442e60d-e435-415e-98a9-f45e33772b0d/omNode-3/om.db/LOCK: No locks available
	at org.rocksdb.RocksDB.open(Native Method)
	at org.rocksdb.RocksDB.open(RocksDB.java:307)
	at org.apache.hadoop.hdds.utils.db.managed.ManagedRocksDB.open(ManagedRocksDB.java:66)
	at org.apache.hadoop.hdds.utils.db.RocksDatabase.open(RocksDatabase.java:136)
	... 86 more
]]></error>
    <system-out><![CDATA[2022-09-29 01:23:47,076 [omNode-2-server-thread1] INFO  server.RaftServer$Division (RaftServerImpl.java:checkInconsistentAppendEntries(1394)) - omNode-2@group-523986131536: inconsistency entries. Reply:omNode-1<-omNode-2#927:FAIL-t6,INCONSISTENCY,nextIndex=57,followerCommit=56
2022-09-29 01:23:47,079 [Listener at localhost/41255] INFO  om.OzoneManager (OzoneManager.java:stop(2035)) - omNode-1[localhost:37925]: Stopping Ozone Manager
2022-09-29 01:23:47,079 [Listener at localhost/41255] INFO  ipc.Server (Server.java:stop(3414)) - Stopping server on 37925
2022-09-29 01:23:47,080 [grpc-default-executor-2] INFO  leader.FollowerInfo (FollowerInfoImpl.java:lambda$new$0(48)) - omNode-1@group-523986131536->omNode-2: nextIndex: updateUnconditionally 57 -> 57
2022-09-29 01:23:47,082 [omNode-1@group-523986131536->omNode-2-GrpcLogAppender-LogAppenderDaemon] INFO  server.GrpcLogAppender (GrpcLogAppender.java:installSnapshot(549)) - omNode-1@group-523986131536->omNode-2-GrpcLogAppender: send omNode-1->omNode-2#0-t6,notify:(t:6, i:59)
2022-09-29 01:23:47,082 [IPC Server listener on 37925] INFO  ipc.Server (Server.java:run(1376)) - Stopping IPC Server listener on 37925
2022-09-29 01:23:47,083 [IPC Server Responder] INFO  ipc.Server (Server.java:run(1512)) - Stopping IPC Server Responder
2022-09-29 01:23:47,084 [Listener at localhost/41255] INFO  server.RaftServer (RaftServerProxy.java:lambda$close$7(398)) - omNode-1: close
2022-09-29 01:23:47,084 [Listener at localhost/41255] INFO  server.RaftServer$Division (RaftServerImpl.java:lambda$close$4(434)) - omNode-1@group-523986131536: shutdown
2022-09-29 01:23:47,084 [Listener at localhost/41255] INFO  util.JmxRegister (JmxRegister.java:unregister(73)) - Successfully un-registered JMX Bean with object name Ratis:service=RaftServer,group=group-523986131536,id=omNode-1
2022-09-29 01:23:47,084 [Listener at localhost/41255] INFO  impl.RoleInfo (RoleInfo.java:shutdownLeaderState(93)) - omNode-1: shutdown omNode-1@group-523986131536-LeaderStateImpl
2022-09-29 01:23:47,085 [grpc-default-executor-2] INFO  impl.SnapshotInstallationHandler (SnapshotInstallationHandler.java:installSnapshot(84)) - omNode-2@group-523986131536: receive installSnapshot: omNode-1->omNode-2#0-t6,notify:(t:6, i:59)
2022-09-29 01:23:47,085 [grpc-default-executor-2] INFO  impl.SnapshotInstallationHandler (SnapshotInstallationHandler.java:installSnapshot(95)) - omNode-2@group-523986131536: reply installSnapshot: omNode-1<-omNode-2#0:FAIL-t6,IN_PROGRESS
2022-09-29 01:23:47,085 [grpc-default-executor-2] INFO  server.GrpcServerProtocolService (GrpcServerProtocolService.java:onCompleted(140)) - omNode-2: Completed INSTALL_SNAPSHOT, lastRequest: omNode-1->omNode-2#0-t6,notify:(t:6, i:59)
2022-09-29 01:23:47,086 [Listener at localhost/41255] INFO  om.OzoneManager (OzoneManager.java:installCheckpoint(3801)) - RPC server is re-started. Spend 1374 ms.
2022-09-29 01:23:47,087 [Listener at localhost/41255] INFO  om.OzoneManager (OzoneManager.java:installCheckpoint(3827)) - Install Checkpoint is finished with Term: 6 and Index: 129. Spend 1548 ms.
2022-09-29 01:23:47,087 [Listener at localhost/41255] INFO  impl.SnapshotInstallationHandler (SnapshotInstallationHandler.java:lambda$notifyStateMachineToInstallSnapshot$2(271)) - omNode-2@group-523986131536: StateMachine successfully installed snapshot index 129. Reloading the StateMachine.
2022-09-29 01:23:47,087 [Listener at localhost/41255] INFO  impl.PendingRequests (PendingRequests.java:sendNotLeaderResponses(282)) - omNode-1@group-523986131536-PendingRequests: sendNotLeaderResponses
2022-09-29 01:23:47,087 [grpc-default-executor-2] INFO  server.GrpcLogAppender (GrpcLogAppender.java:onNext(403)) - omNode-1@group-523986131536->omNode-2-InstallSnapshotResponseHandler: received a reply omNode-1<-omNode-2#0:FAIL-t6,IN_PROGRESS
2022-09-29 01:23:47,087 [grpc-default-executor-2] INFO  server.GrpcLogAppender (GrpcLogAppender.java:onNext(421)) - omNode-1@group-523986131536->omNode-2-InstallSnapshotResponseHandler: InstallSnapshot in progress.
2022-09-29 01:23:47,087 [omNode-1@group-523986131536->omNode-3-GrpcLogAppender-LogAppenderDaemon] WARN  server.GrpcLogAppender (GrpcLogAppender.java:mayWait(171)) - omNode-1@group-523986131536->omNode-3-GrpcLogAppender: Wait interrupted by java.lang.InterruptedException
2022-09-29 01:23:47,093 [Listener at localhost/41255] INFO  impl.StateMachineUpdater (StateMachineUpdater.java:stopAndJoin(153)) - omNode-1@group-523986131536-StateMachineUpdater: set stopIndex = 144
2022-09-29 01:23:47,093 [omNode-1@group-523986131536-StateMachineUpdater] INFO  ratis.OzoneManagerStateMachine (OzoneManagerStateMachine.java:takeSnapshot(441)) - Current Snapshot Index (t:6, i:144)
2022-09-29 01:23:47,093 [omNode-1@group-523986131536-StateMachineUpdater] INFO  impl.StateMachineUpdater (StateMachineUpdater.java:takeSnapshot(287)) - omNode-1@group-523986131536-StateMachineUpdater: Took a snapshot at index 144
2022-09-29 01:23:47,093 [omNode-1@group-523986131536-StateMachineUpdater] INFO  impl.StateMachineUpdater (StateMachineUpdater.java:lambda$new$0(92)) - omNode-1@group-523986131536-StateMachineUpdater: snapshotIndex: updateIncreasingly 108 -> 144
2022-09-29 01:23:47,093 [omNode-1@group-523986131536-StateMachineUpdater] INFO  raftlog.RaftLog (RaftLogBase.java:purge(308)) - omNode-1@group-523986131536-SegmentedRaftLog: purge 144
2022-09-29 01:23:47,093 [omNode-1@group-523986131536-StateMachineUpdater] INFO  raftlog.RaftLog (RaftLogBase.java:lambda$new$0(53)) - omNode-1@group-523986131536-SegmentedRaftLog: snapshotIndex: updateIncreasingly 108 -> 144
2022-09-29 01:23:47,093 [omNode-1@group-523986131536-StateMachineUpdater] INFO  raftlog.RaftLog (RaftLogBase.java:lambda$new$0(53)) - omNode-1@group-523986131536-SegmentedRaftLog: purgeIndex: updateToMax old=58, new=144, updated? true
2022-09-29 01:23:47,093 [omNode-1@group-523986131536-StateMachineUpdater] INFO  ratis.OzoneManagerStateMachine (OzoneManagerStateMachine.java:close(495)) - StateMachine has shutdown. Shutdown OzoneManager if not already shutdown.
2022-09-29 01:23:47,094 [omNode-1@group-523986131536-StateMachineUpdater] INFO  ratis.OzoneManagerDoubleBuffer (OzoneManagerDoubleBuffer.java:stop(466)) - Stopping OMDoubleBuffer flush thread
2022-09-29 01:23:47,094 [OMDoubleBufferFlushThread] INFO  ratis.OzoneManagerDoubleBuffer (OzoneManagerDoubleBuffer.java:flushTransactions(385)) - OMDoubleBuffer flush thread OMDoubleBufferFlushThread is interrupted and will exit.
2022-09-29 01:23:47,094 [Listener at localhost/41255] INFO  server.RaftServer$Division (ServerState.java:close(429)) - omNode-1@group-523986131536: closes. applyIndex: 144
2022-09-29 01:23:47,094 [grpc-default-executor-2] INFO  server.GrpcServerProtocolService (GrpcServerProtocolService.java:onCompleted(140)) - omNode-3: Completed APPEND_ENTRIES, lastRequest: omNode-1->omNode-3#285-t6,previous=(t:6, i:143),leaderCommit=143,initializing? true,entries: size=1, first=(t:6, i:144), METADATAENTRY(c:143)
2022-09-29 01:23:47,094 [omNode-1@group-523986131536-SegmentedRaftLogWorker] INFO  segmented.SegmentedRaftLogWorker (SegmentedRaftLogWorker.java:run(336)) - omNode-1@group-523986131536-SegmentedRaftLogWorker was interrupted, exiting. There are 0 tasks remaining in the queue.
2022-09-29 01:23:47,095 [grpc-default-executor-0] INFO  server.GrpcLogAppender (GrpcLogAppender.java:onCompleted(339)) - omNode-1@group-523986131536->omNode-3-AppendLogResponseHandler: follower responses appendEntries COMPLETED
2022-09-29 01:23:47,095 [grpc-default-executor-2] INFO  server.GrpcServerProtocolService (GrpcServerProtocolService.java:onCompleted(140)) - omNode-2: Completed APPEND_ENTRIES, lastRequest: omNode-1->omNode-2#338-t6,previous=(t:6, i:117),leaderCommit=117,initializing? false,entries: size=1, first=(t:6, i:118), METADATAENTRY(c:117)
2022-09-29 01:23:47,095 [grpc-default-executor-0] INFO  leader.FollowerInfo (FollowerInfoImpl.java:lambda$new$0(48)) - omNode-1@group-523986131536->omNode-3: nextIndex: updateUnconditionally 145 -> 144
2022-09-29 01:23:47,096 [grpc-default-executor-2] INFO  server.GrpcLogAppender (GrpcLogAppender.java:onCompleted(339)) - omNode-1@group-523986131536->omNode-2-AppendLogResponseHandler: follower responses appendEntries COMPLETED
2022-09-29 01:23:47,096 [grpc-default-executor-2] INFO  leader.FollowerInfo (FollowerInfoImpl.java:lambda$new$0(48)) - omNode-1@group-523986131536->omNode-2: nextIndex: updateUnconditionally 57 -> 56
2022-09-29 01:23:47,097 [Listener at localhost/41255] INFO  segmented.SegmentedRaftLogWorker (SegmentedRaftLogWorker.java:close(246)) - omNode-1@group-523986131536-SegmentedRaftLogWorker close()
2022-09-29 01:23:47,099 [Listener at localhost/41255] INFO  server.GrpcService (GrpcService.java:closeImpl(269)) - omNode-1: shutdown server with port 40693 now
2022-09-29 01:23:48,361 [omNode-3@group-523986131536-FollowerState] INFO  impl.FollowerState (FollowerState.java:run(143)) - omNode-3@group-523986131536-FollowerState: change to CANDIDATE, lastRpcElapsedTime:1753260826ns, electionTimeout:1064ms
2022-09-29 01:23:48,361 [omNode-3@group-523986131536-FollowerState] INFO  impl.RoleInfo (RoleInfo.java:shutdownFollowerState(110)) - omNode-3: shutdown omNode-3@group-523986131536-FollowerState
2022-09-29 01:23:48,362 [omNode-3@group-523986131536-FollowerState] INFO  server.RaftServer$Division (RaftServerImpl.java:setRole(299)) - omNode-3@group-523986131536: changes role from  FOLLOWER to CANDIDATE at term 6 for changeToCandidate
2022-09-29 01:23:48,362 [omNode-3@group-523986131536-FollowerState] INFO  server.RaftServerConfigKeys (ConfUtils.java:logGet(46)) - raft.server.leaderelection.pre-vote = false (custom)
2022-09-29 01:23:48,362 [omNode-3@group-523986131536-FollowerState] INFO  impl.RoleInfo (RoleInfo.java:updateAndGet(139)) - omNode-3: start omNode-3@group-523986131536-LeaderElection18
2022-09-29 01:23:48,365 [omNode-3@group-523986131536-LeaderElection18] INFO  server.RaftServer$Division (ServerState.java:setLeader(287)) - omNode-3@group-523986131536: change Leader from omNode-1 to null at term 6 for ELECTION
2022-09-29 01:23:48,367 [omNode-3@group-523986131536-LeaderElection18] INFO  impl.LeaderElection (LeaderElection.java:askForVotes(310)) - omNode-3@group-523986131536-LeaderElection18 ELECTION round 0: submit vote requests at term 7 for 59: [omNode-3|rpc:localhost:45481|admin:|client:|dataStream:|priority:0, omNode-1|rpc:localhost:40693|admin:|client:|dataStream:|priority:0, omNode-2|rpc:localhost:42303|admin:|client:|dataStream:|priority:0], old=null
2022-09-29 01:23:48,379 [grpc-default-executor-2] INFO  server.RaftServer$Division (RaftServerImpl.java:requestVote(1152)) - omNode-2@group-523986131536: receive requestVote(ELECTION, omNode-3, group-523986131536, 7, (t:6, i:144))
2022-09-29 01:23:48,379 [grpc-default-executor-2] INFO  impl.VoteContext (VoteContext.java:log(48)) - omNode-2@group-523986131536-FOLLOWER: accept ELECTION from omNode-3: our last entry (t:4, i:56) < candidate's last entry (t:6, i:144)
2022-09-29 01:23:48,379 [grpc-default-executor-2] INFO  server.RaftServer$Division (ServerState.java:setLeader(287)) - omNode-2@group-523986131536: change Leader from omNode-1 to null at term 7 for updateCurrentTerm
2022-09-29 01:23:48,379 [grpc-default-executor-2] INFO  server.RaftServer$Division (RaftServerImpl.java:setRole(299)) - omNode-2@group-523986131536: changes role from  FOLLOWER to FOLLOWER at term 7 for candidate:omNode-3
2022-09-29 01:23:48,379 [grpc-default-executor-2] INFO  impl.RoleInfo (RoleInfo.java:shutdownFollowerState(110)) - omNode-2: shutdown omNode-2@group-523986131536-FollowerState
2022-09-29 01:23:48,379 [grpc-default-executor-2] INFO  impl.RoleInfo (RoleInfo.java:updateAndGet(139)) - omNode-2: start omNode-2@group-523986131536-FollowerState
2022-09-29 01:23:48,379 [omNode-2@group-523986131536-FollowerState] INFO  impl.FollowerState (FollowerState.java:run(152)) - omNode-2@group-523986131536-FollowerState was interrupted
2022-09-29 01:23:48,379 [omNode-3@group-523986131536-LeaderElection18] INFO  impl.LeaderElection (LogUtils.java:infoOrTrace(137)) - omNode-3@group-523986131536-LeaderElection18 got exception when requesting votes: java.util.concurrent.ExecutionException: org.apache.ratis.thirdparty.io.grpc.StatusRuntimeException: UNAVAILABLE: io exception
2022-09-29 01:23:48,382 [grpc-default-executor-2] INFO  server.RaftServer$Division (RaftServerImpl.java:requestVote(1184)) - omNode-2@group-523986131536 replies to ELECTION vote request: omNode-3<-omNode-2#0:OK-t7. Peer's state: omNode-2@group-523986131536:t7, leader=null, voted=omNode-3, raftlog=omNode-2@group-523986131536-SegmentedRaftLog:OPENED:c56, conf=59: [omNode-3|rpc:localhost:45481|admin:|client:|dataStream:|priority:0, omNode-1|rpc:localhost:40693|admin:|client:|dataStream:|priority:0, omNode-2|rpc:localhost:42303|admin:|client:|dataStream:|priority:0], old=null
2022-09-29 01:23:48,382 [omNode-3@group-523986131536-LeaderElection18] INFO  impl.LeaderElection (LeaderElection.java:logAndReturn(90)) - omNode-3@group-523986131536-LeaderElection18: ELECTION PASSED received 1 response(s) and 1 exception(s):
2022-09-29 01:23:48,382 [omNode-3@group-523986131536-LeaderElection18] INFO  impl.LeaderElection (LeaderElection.java:logAndReturn(94)) -   Response 0: omNode-3<-omNode-2#0:OK-t7
2022-09-29 01:23:48,383 [omNode-3@group-523986131536-LeaderElection18] INFO  impl.LeaderElection (LogUtils.java:infoOrTrace(137)) -   Exception 1: java.util.concurrent.ExecutionException: org.apache.ratis.thirdparty.io.grpc.StatusRuntimeException: UNAVAILABLE: io exception
2022-09-29 01:23:48,383 [omNode-3@group-523986131536-LeaderElection18] INFO  impl.LeaderElection (LeaderElection.java:askForVotes(312)) - omNode-3@group-523986131536-LeaderElection18 ELECTION round 0: result PASSED
2022-09-29 01:23:48,383 [omNode-3@group-523986131536-LeaderElection18] INFO  impl.RoleInfo (RoleInfo.java:shutdownLeaderElection(130)) - omNode-3: shutdown omNode-3@group-523986131536-LeaderElection18
2022-09-29 01:23:48,383 [omNode-3@group-523986131536-LeaderElection18] INFO  server.RaftServer$Division (RaftServerImpl.java:setRole(299)) - omNode-3@group-523986131536: changes role from CANDIDATE to LEADER at term 7 for changeToLeader
2022-09-29 01:23:48,383 [omNode-3@group-523986131536-LeaderElection18] INFO  server.RaftServer$Division (ServerState.java:setLeader(287)) - omNode-3@group-523986131536: change Leader from null to omNode-3 at term 7 for becomeLeader, leader elected after 17ms
2022-09-29 01:23:48,383 [omNode-3@group-523986131536-LeaderElection18] INFO  server.RaftServerConfigKeys (ConfUtils.java:logGet(46)) - raft.server.staging.catchup.gap = 1000 (default)
2022-09-29 01:23:48,383 [omNode-3@group-523986131536-LeaderElection18] INFO  server.RaftServerConfigKeys (ConfUtils.java:logGet(46)) - raft.server.write.element-limit = 4096 (default)
2022-09-29 01:23:48,383 [omNode-3@group-523986131536-LeaderElection18] INFO  server.RaftServerConfigKeys (ConfUtils.java:logGet(46)) - raft.server.write.byte-limit = 64MB (=67108864) (default)
2022-09-29 01:23:48,383 [omNode-3@group-523986131536-LeaderElection18] INFO  server.RaftServerConfigKeys (ConfUtils.java:logGet(46)) - raft.server.watch.timeout = 10s (default)
2022-09-29 01:23:48,383 [omNode-3@group-523986131536-LeaderElection18] INFO  server.RaftServerConfigKeys (ConfUtils.java:logGet(46)) - raft.server.watch.timeout.denomination = 1s (default)
2022-09-29 01:23:48,384 [omNode-3@group-523986131536-LeaderElection18] INFO  server.RaftServerConfigKeys (ConfUtils.java:logGet(46)) - raft.server.watch.element-limit = 65536 (default)
2022-09-29 01:23:48,384 [omNode-3@group-523986131536-LeaderElection18] INFO  server.RaftServerConfigKeys (ConfUtils.java:logGet(46)) - raft.server.write.element-limit = 4096 (default)
2022-09-29 01:23:48,384 [omNode-3@group-523986131536-LeaderElection18] INFO  server.RaftServerConfigKeys (ConfUtils.java:logGet(46)) - raft.server.write.follower.gap.ratio.max = -1.0 (default)
2022-09-29 01:23:48,384 [omNode-3@group-523986131536-LeaderElection18] INFO  server.RaftServerConfigKeys (ConfUtils.java:logGet(46)) - raft.server.log.appender.snapshot.chunk.size.max = 16MB (=16777216) (default)
2022-09-29 01:23:48,384 [omNode-3@group-523986131536-LeaderElection18] INFO  server.RaftServerConfigKeys (ConfUtils.java:logGet(46)) - raft.server.log.appender.buffer.byte-limit = 33554432 (custom)
2022-09-29 01:23:48,384 [omNode-3@group-523986131536-LeaderElection18] INFO  server.RaftServerConfigKeys (ConfUtils.java:logGet(46)) - raft.server.log.appender.buffer.element-limit = 1024 (custom)
2022-09-29 01:23:48,385 [omNode-3@group-523986131536-LeaderElection18] INFO  grpc.GrpcConfigKeys (ConfUtils.java:logGet(46)) - raft.grpc.server.leader.outstanding.appends.max = 128 (default)
2022-09-29 01:23:48,385 [omNode-3@group-523986131536-LeaderElection18] INFO  server.RaftServerConfigKeys (ConfUtils.java:logGet(46)) - raft.server.rpc.request.timeout = 3000ms (default)
2022-09-29 01:23:48,385 [omNode-3@group-523986131536-LeaderElection18] INFO  server.RaftServerConfigKeys (ConfUtils.java:logGet(46)) - raft.server.log.appender.install.snapshot.enabled = false (custom)
2022-09-29 01:23:48,385 [omNode-3@group-523986131536-LeaderElection18] INFO  server.RaftServerConfigKeys (ConfUtils.java:logGet(46)) - raft.server.log.appender.snapshot.chunk.size.max = 16MB (=16777216) (default)
2022-09-29 01:23:48,386 [omNode-3@group-523986131536-LeaderElection18] INFO  server.RaftServerConfigKeys (ConfUtils.java:logGet(46)) - raft.server.log.appender.buffer.byte-limit = 33554432 (custom)
2022-09-29 01:23:48,386 [omNode-3@group-523986131536-LeaderElection18] INFO  server.RaftServerConfigKeys (ConfUtils.java:logGet(46)) - raft.server.log.appender.buffer.element-limit = 1024 (custom)
2022-09-29 01:23:48,386 [omNode-3@group-523986131536-LeaderElection18] INFO  grpc.GrpcConfigKeys (ConfUtils.java:logGet(46)) - raft.grpc.server.leader.outstanding.appends.max = 128 (default)
2022-09-29 01:23:48,386 [omNode-3@group-523986131536-LeaderElection18] INFO  server.RaftServerConfigKeys (ConfUtils.java:logGet(46)) - raft.server.rpc.request.timeout = 3000ms (default)
2022-09-29 01:23:48,386 [omNode-3@group-523986131536-LeaderElection18] INFO  server.RaftServerConfigKeys (ConfUtils.java:logGet(46)) - raft.server.log.appender.install.snapshot.enabled = false (custom)
2022-09-29 01:23:48,386 [omNode-3@group-523986131536-LeaderElection18] INFO  impl.RoleInfo (RoleInfo.java:updateAndGet(139)) - omNode-3: start omNode-3@group-523986131536-LeaderStateImpl
2022-09-29 01:23:48,386 [omNode-3@group-523986131536-LeaderElection18] INFO  segmented.SegmentedRaftLogWorker (SegmentedRaftLogWorker.java:rollLogSegment(430)) - omNode-3@group-523986131536-SegmentedRaftLogWorker: Rolling segment log-59_144 to index:144
2022-09-29 01:23:48,387 [omNode-3@group-523986131536-SegmentedRaftLogWorker] INFO  segmented.SegmentedRaftLogWorker (SegmentedRaftLogWorker.java:execute(586)) - omNode-3@group-523986131536-SegmentedRaftLogWorker: Rolled log segment from /home/runner/work/ozone/ozone/hadoop-ozone/integration-test/target/test-dir/MiniOzoneClusterImpl-a442e60d-e435-415e-98a9-f45e33772b0d/omNode-3/ratis/c9bc4cf4-3bc3-3c60-a66b-523986131536/current/log_inprogress_59 to /home/runner/work/ozone/ozone/hadoop-ozone/integration-test/target/test-dir/MiniOzoneClusterImpl-a442e60d-e435-415e-98a9-f45e33772b0d/omNode-3/ratis/c9bc4cf4-3bc3-3c60-a66b-523986131536/current/log_59-144
2022-09-29 01:23:48,393 [grpc-default-executor-2] WARN  server.GrpcLogAppender (LogUtils.java:warn(122)) - omNode-3@group-523986131536->omNode-1-AppendLogResponseHandler: Failed appendEntries: org.apache.ratis.thirdparty.io.grpc.StatusRuntimeException: UNAVAILABLE: io exception
2022-09-29 01:23:48,393 [omNode-3@group-523986131536-LeaderElection18] INFO  server.RaftServer$Division (ServerState.java:setRaftConf(393)) - omNode-3@group-523986131536: set configuration 145: [omNode-3|rpc:localhost:45481|admin:|client:|dataStream:|priority:0, omNode-1|rpc:localhost:40693|admin:|client:|dataStream:|priority:0, omNode-2|rpc:localhost:42303|admin:|client:|dataStream:|priority:0], old=null
2022-09-29 01:23:48,395 [grpc-default-executor-2] WARN  server.GrpcLogAppender (GrpcLogAppender.java:resetClient(111)) - omNode-3@group-523986131536->omNode-1-GrpcLogAppender: Leader has not got in touch with Follower omNode-3@group-523986131536->omNode-1(c-1,m0,n146, attendVote=true, lastRpcSendTime=0, lastRpcResponseTime=1210) yet, just keep nextIndex unchanged and retry.
2022-09-29 01:23:48,396 [omNode-2-server-thread1] INFO  server.RaftServer$Division (ServerState.java:setLeader(287)) - omNode-2@group-523986131536: change Leader from null to omNode-3 at term 7 for appendEntries, leader elected after 17ms
2022-09-29 01:23:48,396 [omNode-2-server-thread1] INFO  server.RaftServer$Division (RaftServerImpl.java:checkInconsistentAppendEntries(1402)) - omNode-2@group-523986131536: Failed appendEntries as snapshot (59) installation is in progress
2022-09-29 01:23:48,396 [omNode-2-server-thread1] INFO  server.RaftServer$Division (RaftServerImpl.java:checkInconsistentAppendEntries(1394)) - omNode-2@group-523986131536: inconsistency entries. Reply:omNode-3<-omNode-2#0:FAIL-t7,INCONSISTENCY,nextIndex=57,followerCommit=56
2022-09-29 01:23:48,397 [omNode-2-server-thread1] INFO  server.RaftServer$Division (RaftServerImpl.java:checkInconsistentAppendEntries(1402)) - omNode-2@group-523986131536: Failed appendEntries as snapshot (59) installation is in progress
2022-09-29 01:23:48,397 [omNode-2-server-thread1] INFO  server.RaftServer$Division (RaftServerImpl.java:checkInconsistentAppendEntries(1394)) - omNode-2@group-523986131536: inconsistency entries. Reply:omNode-3<-omNode-2#1:FAIL-t7,INCONSISTENCY,nextIndex=57,followerCommit=56
2022-09-29 01:23:48,397 [grpc-default-executor-2] INFO  leader.FollowerInfo (FollowerInfoImpl.java:lambda$new$0(48)) - omNode-3@group-523986131536->omNode-2: nextIndex: updateUnconditionally 146 -> 57
2022-09-29 01:23:48,398 [grpc-default-executor-2] INFO  leader.FollowerInfo (FollowerInfoImpl.java:lambda$new$0(48)) - omNode-3@group-523986131536->omNode-2: nextIndex: updateUnconditionally 57 -> 57
2022-09-29 01:23:48,398 [omNode-3@group-523986131536-SegmentedRaftLogWorker] INFO  segmented.SegmentedRaftLogWorker (SegmentedRaftLogWorker.java:execute(629)) - omNode-3@group-523986131536-SegmentedRaftLogWorker: created new log segment /home/runner/work/ozone/ozone/hadoop-ozone/integration-test/target/test-dir/MiniOzoneClusterImpl-a442e60d-e435-415e-98a9-f45e33772b0d/omNode-3/ratis/c9bc4cf4-3bc3-3c60-a66b-523986131536/current/log_inprogress_145
2022-09-29 01:23:48,398 [omNode-3@group-523986131536->omNode-2-GrpcLogAppender-LogAppenderDaemon] INFO  server.GrpcLogAppender (GrpcLogAppender.java:installSnapshot(541)) - omNode-3@group-523986131536->omNode-2-GrpcLogAppender: followerNextIndex = 57 but logStartIndex = 59, notify follower to install snapshot-(t:6, i:59)
2022-09-29 01:23:48,399 [omNode-3@group-523986131536->omNode-2-GrpcLogAppender-LogAppenderDaemon] INFO  server.GrpcLogAppender (GrpcLogAppender.java:installSnapshot(549)) - omNode-3@group-523986131536->omNode-2-GrpcLogAppender: send omNode-3->omNode-2#0-t7,notify:(t:6, i:59)
2022-09-29 01:23:48,399 [grpc-default-executor-0] INFO  impl.SnapshotInstallationHandler (SnapshotInstallationHandler.java:installSnapshot(84)) - omNode-2@group-523986131536: receive installSnapshot: omNode-3->omNode-2#0-t7,notify:(t:6, i:59)
2022-09-29 01:23:48,404 [grpc-default-executor-0] INFO  ratis.OzoneManagerStateMachine (OzoneManagerStateMachine.java:pause(389)) - OzoneManagerStateMachine is pausing
2022-09-29 01:23:48,405 [grpc-default-executor-0] INFO  ratis.OzoneManagerDoubleBuffer (OzoneManagerDoubleBuffer.java:stop(466)) - Stopping OMDoubleBuffer flush thread
2022-09-29 01:23:48,409 [OMDoubleBufferFlushThread] INFO  ratis.OzoneManagerDoubleBuffer (OzoneManagerDoubleBuffer.java:flushTransactions(385)) - OMDoubleBuffer flush thread OMDoubleBufferFlushThread is interrupted and will exit.
2022-09-29 01:23:48,409 [grpc-default-executor-0] INFO  segmented.SegmentedRaftLogWorker (SegmentedRaftLogWorker.java:lambda$new$0(135)) - omNode-2@group-523986131536-SegmentedRaftLogWorker: flushIndex: setUnconditionally 56 -> 129
2022-09-29 01:23:48,409 [grpc-default-executor-0] INFO  segmented.SegmentedRaftLogWorker (SegmentedRaftLogWorker.java:lambda$new$0(135)) - omNode-2@group-523986131536-SegmentedRaftLogWorker: safeCacheEvictIndex: setUnconditionally -1 -> 129
2022-09-29 01:23:48,409 [grpc-default-executor-0] INFO  segmented.SegmentedRaftLogWorker (SegmentedRaftLogWorker.java:closeLogSegment(446)) - omNode-2@group-523986131536-SegmentedRaftLogWorker: Closing segment log_inprogress_31 to index: 56
2022-09-29 01:23:48,409 [grpc-default-executor-0] INFO  raftlog.RaftLog (RaftLogBase.java:lambda$new$0(53)) - omNode-2@group-523986131536-SegmentedRaftLog: snapshotIndex: updateIncreasingly 56 -> 129
2022-09-29 01:23:48,409 [grpc-default-executor-0] INFO  impl.SnapshotInstallationHandler (SnapshotInstallationHandler.java:notifyStateMachineToInstallSnapshot(314)) - omNode-2@group-523986131536: InstallSnapshot notification result: SNAPSHOT_INSTALLED, at index: (t:6, i:129)
2022-09-29 01:23:48,409 [grpc-default-executor-0] INFO  impl.SnapshotInstallationHandler (SnapshotInstallationHandler.java:installSnapshotImpl(129)) - omNode-2@group-523986131536: set new configuration index: 145
configurationEntry {
  peers {
    id: "omNode-3"
    address: "localhost:45481"
  }
  peers {
    id: "omNode-1"
    address: "localhost:40693"
  }
  peers {
    id: "omNode-2"
    address: "localhost:42303"
  }
}
 from snapshot
2022-09-29 01:23:48,410 [grpc-default-executor-0] INFO  server.RaftServer$Division (ServerState.java:setRaftConf(393)) - omNode-2@group-523986131536: set configuration 145: [omNode-3|rpc:localhost:45481|admin:|client:|dataStream:|priority:0, omNode-1|rpc:localhost:40693|admin:|client:|dataStream:|priority:0, omNode-2|rpc:localhost:42303|admin:|client:|dataStream:|priority:0], old=null
2022-09-29 01:23:48,410 [grpc-default-executor-0] INFO  ratis.OzoneManagerStateMachine (OzoneManagerStateMachine.java:notifyConfigurationChanged(192)) - Received Configuration change notification from Ratis. New Peer list:
[id: "omNode-3"
address: "localhost:45481"
, id: "omNode-1"
address: "localhost:40693"
, id: "omNode-2"
address: "localhost:42303"
]
2022-09-29 01:23:48,410 [grpc-default-executor-0] INFO  impl.SnapshotInstallationHandler (SnapshotInstallationHandler.java:installSnapshot(95)) - omNode-2@group-523986131536: reply installSnapshot: omNode-3<-omNode-2#0:FAIL-t7,SNAPSHOT_INSTALLED,snapshotIndex=129
2022-09-29 01:23:48,411 [grpc-default-executor-0] INFO  server.GrpcServerProtocolService (GrpcServerProtocolService.java:onCompleted(140)) - omNode-2: Completed INSTALL_SNAPSHOT, lastRequest: omNode-3->omNode-2#0-t7,notify:(t:6, i:59)
2022-09-29 01:23:48,411 [omNode-2@group-523986131536-StateMachineUpdater] INFO  ratis.OzoneManagerStateMachine (OzoneManagerStateMachine.java:loadSnapshotInfoFromDB(632)) - LastAppliedIndex is set from TransactionInfo from OM DB as (t:6, i:129)
2022-09-29 01:23:48,412 [omNode-2@group-523986131536-StateMachineUpdater] INFO  ratis.OzoneManagerStateMachine (OzoneManagerStateMachine.java:unpause(406)) - OzoneManagerStateMachine is un-pausing
2022-09-29 01:23:48,411 [omNode-2@group-523986131536-SegmentedRaftLogWorker] INFO  segmented.SegmentedRaftLogWorker (SegmentedRaftLogWorker.java:execute(586)) - omNode-2@group-523986131536-SegmentedRaftLogWorker: Rolled log segment from /home/runner/work/ozone/ozone/hadoop-ozone/integration-test/target/test-dir/MiniOzoneClusterImpl-a442e60d-e435-415e-98a9-f45e33772b0d/omNode-2/ratis/c9bc4cf4-3bc3-3c60-a66b-523986131536/current/log_inprogress_31 to /home/runner/work/ozone/ozone/hadoop-ozone/integration-test/target/test-dir/MiniOzoneClusterImpl-a442e60d-e435-415e-98a9-f45e33772b0d/omNode-2/ratis/c9bc4cf4-3bc3-3c60-a66b-523986131536/current/log_31-56
2022-09-29 01:23:48,412 [grpc-default-executor-2] INFO  server.GrpcLogAppender (GrpcLogAppender.java:onNext(403)) - omNode-3@group-523986131536->omNode-2-InstallSnapshotResponseHandler: received a reply omNode-3<-omNode-2#0:FAIL-t7,SNAPSHOT_INSTALLED,snapshotIndex=129
2022-09-29 01:23:48,412 [grpc-default-executor-2] INFO  server.GrpcLogAppender (GrpcLogAppender.java:onNext(443)) - omNode-3@group-523986131536->omNode-2-InstallSnapshotResponseHandler: Follower installed snapshot at index 129
2022-09-29 01:23:48,412 [grpc-default-executor-2] INFO  leader.FollowerInfo (FollowerInfoImpl.java:lambda$new$0(48)) - omNode-3@group-523986131536->omNode-2: snapshotIndex: setUnconditionally 0 -> 129
2022-09-29 01:23:48,413 [grpc-default-executor-2] INFO  leader.FollowerInfo (FollowerInfoImpl.java:lambda$new$0(48)) - omNode-3@group-523986131536->omNode-2: matchIndex: setUnconditionally 0 -> 129
2022-09-29 01:23:48,413 [grpc-default-executor-2] INFO  leader.FollowerInfo (FollowerInfoImpl.java:lambda$new$0(48)) - omNode-3@group-523986131536->omNode-2: nextIndex: setUnconditionally 57 -> 130
2022-09-29 01:23:48,413 [grpc-default-executor-2] INFO  leader.FollowerInfo (FollowerInfoImpl.java:setAttemptedToInstallSnapshot(118)) - Follower omNode-3@group-523986131536->omNode-2 acknowledged installing snapshot
2022-09-29 01:23:48,412 [omNode-2@group-523986131536-StateMachineUpdater] INFO  impl.StateMachineUpdater (StateMachineUpdater.java:lambda$new$0(92)) - omNode-2@group-523986131536-StateMachineUpdater: snapshotIndex: setUnconditionally 56 -> 129
2022-09-29 01:23:48,413 [omNode-2@group-523986131536-StateMachineUpdater] INFO  impl.StateMachineUpdater (StateMachineUpdater.java:lambda$new$0(92)) - omNode-2@group-523986131536-StateMachineUpdater: appliedIndex: setUnconditionally 56 -> 129
2022-09-29 01:23:48,413 [grpc-default-executor-2] INFO  leader.FollowerInfo (FollowerInfoImpl.java:lambda$new$0(48)) - omNode-3@group-523986131536->omNode-2: nextIndex: updateToMax old=130, new=130, updated? false
2022-09-29 01:23:48,426 [omNode-2-server-thread1] INFO  server.RaftServer$Division (ServerState.java:setRaftConf(393)) - omNode-2@group-523986131536: set configuration 145: [omNode-3|rpc:localhost:45481|admin:|client:|dataStream:|priority:0, omNode-1|rpc:localhost:40693|admin:|client:|dataStream:|priority:0, omNode-2|rpc:localhost:42303|admin:|client:|dataStream:|priority:0], old=null
2022-09-29 01:23:48,426 [omNode-2-server-thread1] INFO  segmented.SegmentedRaftLogWorker (SegmentedRaftLogWorker.java:startLogSegment(425)) - omNode-2@group-523986131536-SegmentedRaftLogWorker: Starting segment from index:130
2022-09-29 01:23:48,426 [omNode-2-server-thread1] INFO  segmented.SegmentedRaftLogWorker (SegmentedRaftLogWorker.java:rollLogSegment(430)) - omNode-2@group-523986131536-SegmentedRaftLogWorker: Rolling segment log-130_144 to index:144
2022-09-29 01:23:48,437 [omNode-2@group-523986131536-SegmentedRaftLogWorker] INFO  segmented.SegmentedRaftLogWorker (SegmentedRaftLogWorker.java:execute(629)) - omNode-2@group-523986131536-SegmentedRaftLogWorker: created new log segment /home/runner/work/ozone/ozone/hadoop-ozone/integration-test/target/test-dir/MiniOzoneClusterImpl-a442e60d-e435-415e-98a9-f45e33772b0d/omNode-2/ratis/c9bc4cf4-3bc3-3c60-a66b-523986131536/current/log_inprogress_130
2022-09-29 01:23:48,439 [omNode-2@group-523986131536-SegmentedRaftLogWorker] INFO  segmented.SegmentedRaftLogWorker (SegmentedRaftLogWorker.java:execute(586)) - omNode-2@group-523986131536-SegmentedRaftLogWorker: Rolled log segment from /home/runner/work/ozone/ozone/hadoop-ozone/integration-test/target/test-dir/MiniOzoneClusterImpl-a442e60d-e435-415e-98a9-f45e33772b0d/omNode-2/ratis/c9bc4cf4-3bc3-3c60-a66b-523986131536/current/log_inprogress_130 to /home/runner/work/ozone/ozone/hadoop-ozone/integration-test/target/test-dir/MiniOzoneClusterImpl-a442e60d-e435-415e-98a9-f45e33772b0d/omNode-2/ratis/c9bc4cf4-3bc3-3c60-a66b-523986131536/current/log_130-144
2022-09-29 01:23:48,449 [omNode-2@group-523986131536-SegmentedRaftLogWorker] INFO  segmented.SegmentedRaftLogWorker (SegmentedRaftLogWorker.java:execute(629)) - omNode-2@group-523986131536-SegmentedRaftLogWorker: created new log segment /home/runner/work/ozone/ozone/hadoop-ozone/integration-test/target/test-dir/MiniOzoneClusterImpl-a442e60d-e435-415e-98a9-f45e33772b0d/omNode-2/ratis/c9bc4cf4-3bc3-3c60-a66b-523986131536/current/log_inprogress_145
2022-09-29 01:23:48,454 [grpc-default-executor-0] WARN  server.GrpcLogAppender (LogUtils.java:warn(122)) - omNode-3@group-523986131536->omNode-1-AppendLogResponseHandler: Failed appendEntries: org.apache.ratis.thirdparty.io.grpc.StatusRuntimeException: UNAVAILABLE: io exception
2022-09-29 01:23:48,454 [grpc-default-executor-0] WARN  server.GrpcLogAppender (GrpcLogAppender.java:resetClient(111)) - omNode-3@group-523986131536->omNode-1-GrpcLogAppender: Leader has not got in touch with Follower omNode-3@group-523986131536->omNode-1(c-1,m0,n147, attendVote=true, lastRpcSendTime=60, lastRpcResponseTime=1270) yet, just keep nextIndex unchanged and retry.
2022-09-29 01:23:48,469 [omNode-3@group-523986131536-StateMachineUpdater] INFO  ratis.OzoneManagerStateMachine (OzoneManagerStateMachine.java:notifyConfigurationChanged(192)) - Received Configuration change notification from Ratis. New Peer list:
[id: "omNode-3"
address: "localhost:45481"
, id: "omNode-1"
address: "localhost:40693"
, id: "omNode-2"
address: "localhost:42303"
]
2022-09-29 01:23:48,472 [omNode-2@group-523986131536-StateMachineUpdater] INFO  ratis.OzoneManagerStateMachine (OzoneManagerStateMachine.java:notifyConfigurationChanged(192)) - Received Configuration change notification from Ratis. New Peer list:
[id: "omNode-3"
address: "localhost:45481"
, id: "omNode-1"
address: "localhost:40693"
, id: "omNode-2"
address: "localhost:42303"
]
2022-09-29 01:23:48,484 [OM StateMachine ApplyTransaction Thread - 0] ERROR key.OMKeysDeleteRequest (OMKeysDeleteRequest.java:validateAndUpdateCache(146)) - Received a request to delete a Key does not exist /volume14738/5adb91a9-6c37-408c-b8ac-0ba9281aa42e/dir/file3
2022-09-29 01:23:48,643 [grpc-default-executor-0] WARN  server.GrpcLogAppender (LogUtils.java:warn(122)) - omNode-3@group-523986131536->omNode-1-AppendLogResponseHandler: Failed appendEntries: org.apache.ratis.thirdparty.io.grpc.StatusRuntimeException: UNAVAILABLE: io exception
2022-09-29 01:23:48,644 [grpc-default-executor-0] WARN  server.GrpcLogAppender (GrpcLogAppender.java:resetClient(111)) - omNode-3@group-523986131536->omNode-1-GrpcLogAppender: Leader has not got in touch with Follower omNode-3@group-523986131536->omNode-1(c-1,m0,n147, attendVote=true, lastRpcSendTime=189, lastRpcResponseTime=1460) yet, just keep nextIndex unchanged and retry.
2022-09-29 01:23:48,896 [grpc-default-executor-0] WARN  server.GrpcLogAppender (LogUtils.java:warn(122)) - omNode-3@group-523986131536->omNode-1-AppendLogResponseHandler: Failed appendEntries: org.apache.ratis.thirdparty.io.grpc.StatusRuntimeException: UNAVAILABLE: io exception
2022-09-29 01:23:48,897 [grpc-default-executor-0] WARN  server.GrpcLogAppender (GrpcLogAppender.java:resetClient(111)) - omNode-3@group-523986131536->omNode-1-GrpcLogAppender: Leader has not got in touch with Follower omNode-3@group-523986131536->omNode-1(c-1,m0,n147, attendVote=true, lastRpcSendTime=0, lastRpcResponseTime=1712) yet, just keep nextIndex unchanged and retry.
2022-09-29 01:23:49,146 [grpc-default-executor-0] WARN  server.GrpcLogAppender (LogUtils.java:warn(122)) - omNode-3@group-523986131536->omNode-1-AppendLogResponseHandler: Failed appendEntries: org.apache.ratis.thirdparty.io.grpc.StatusRuntimeException: UNAVAILABLE: io exception
2022-09-29 01:23:49,147 [grpc-default-executor-0] WARN  server.GrpcLogAppender (GrpcLogAppender.java:resetClient(111)) - omNode-3@group-523986131536->omNode-1-GrpcLogAppender: Leader has not got in touch with Follower omNode-3@group-523986131536->omNode-1(c-1,m0,n147, attendVote=true, lastRpcSendTime=0, lastRpcResponseTime=1963) yet, just keep nextIndex unchanged and retry.
2022-09-29 01:23:49,396 [grpc-default-executor-0] WARN  server.GrpcLogAppender (LogUtils.java:warn(122)) - omNode-3@group-523986131536->omNode-1-AppendLogResponseHandler: Failed appendEntries: org.apache.ratis.thirdparty.io.grpc.StatusRuntimeException: UNAVAILABLE: io exception
2022-09-29 01:23:49,397 [grpc-default-executor-0] WARN  server.GrpcLogAppender (GrpcLogAppender.java:resetClient(111)) - omNode-3@group-523986131536->omNode-1-GrpcLogAppender: Leader has not got in touch with Follower omNode-3@group-523986131536->omNode-1(c-1,m0,n147, attendVote=true, lastRpcSendTime=0, lastRpcResponseTime=2213) yet, just keep nextIndex unchanged and retry.
2022-09-29 01:23:49,647 [grpc-default-executor-0] WARN  server.GrpcLogAppender (LogUtils.java:warn(122)) - omNode-3@group-523986131536->omNode-1-AppendLogResponseHandler: Failed appendEntries: org.apache.ratis.thirdparty.io.grpc.StatusRuntimeException: UNAVAILABLE: io exception
2022-09-29 01:23:49,647 [grpc-default-executor-0] WARN  server.GrpcLogAppender (GrpcLogAppender.java:resetClient(111)) - omNode-3@group-523986131536->omNode-1-GrpcLogAppender: Leader has not got in touch with Follower omNode-3@group-523986131536->omNode-1(c-1,m0,n147, attendVote=true, lastRpcSendTime=0, lastRpcResponseTime=2463) yet, just keep nextIndex unchanged and retry.
2022-09-29 01:23:49,897 [grpc-default-executor-0] WARN  server.GrpcLogAppender (LogUtils.java:warn(122)) - omNode-3@group-523986131536->omNode-1-AppendLogResponseHandler: Failed appendEntries: org.apache.ratis.thirdparty.io.grpc.StatusRuntimeException: UNAVAILABLE: io exception
2022-09-29 01:23:49,898 [grpc-default-executor-0] WARN  server.GrpcLogAppender (GrpcLogAppender.java:resetClient(111)) - omNode-3@group-523986131536->omNode-1-GrpcLogAppender: Leader has not got in touch with Follower omNode-3@group-523986131536->omNode-1(c-1,m0,n147, attendVote=true, lastRpcSendTime=0, lastRpcResponseTime=2714) yet, just keep nextIndex unchanged and retry.
2022-09-29 01:23:50,106 [Listener at localhost/41255] WARN  grpc.GrpcUtil (GrpcUtil.java:shutdownManagedChannel(216)) - Timed out gracefully shutting down connection: ManagedChannelOrphanWrapper{delegate=ManagedChannelImpl{logId=359, target=localhost:42303}}. 
2022-09-29 01:23:50,111 [grpc-default-executor-0] INFO  server.GrpcLogAppender (GrpcLogAppender.java:onError(328)) - omNode-1@group-523986131536->omNode-2-GrpcLogAppender is stopped
2022-09-29 01:23:50,112 [grpc-default-executor-3] WARN  server.GrpcServerProtocolService (LogUtils.java:warn(122)) - omNode-2: installSnapshot onError, lastRequest: omNode-1->omNode-2#1-t6,previous=(t:5, i:58),leaderCommit=58,initializing? true,entries: size=1, first=(t:6, i:59), CONFIGURATIONENTRY: org.apache.ratis.thirdparty.io.grpc.StatusRuntimeException: CANCELLED: client cancelled
2022-09-29 01:23:50,114 [Listener at localhost/41255] INFO  server.GrpcService (GrpcService.java:closeImpl(278)) - omNode-1: shutdown server with port 40693 successfully
2022-09-29 01:23:50,114 [org.apache.ratis.util.JvmPauseMonitor$$Lambda$699/1983328127@573f0b25] INFO  util.JvmPauseMonitor (JvmPauseMonitor.java:run(109)) - JvmPauseMonitor-omNode-1: Stopped
2022-09-29 01:23:50,115 [Listener at localhost/41255] INFO  ratis.OzoneManagerStateMachine (OzoneManagerStateMachine.java:close(495)) - StateMachine has shutdown. Shutdown OzoneManager if not already shutdown.
2022-09-29 01:23:50,115 [Listener at localhost/41255] INFO  ratis.OzoneManagerDoubleBuffer (OzoneManagerDoubleBuffer.java:stop(478)) - OMDoubleBuffer flush thread is not running.
2022-09-29 01:23:50,116 [Listener at localhost/41255] INFO  handler.ContextHandler (ContextHandler.java:doStop(1153)) - Stopped o.e.j.w.WebAppContext@d981e45{ozoneManager,/,null,STOPPED}{file:/home/runner/work/ozone/ozone/hadoop-ozone/integration-test/target/test-classes/webapps/ozoneManager}
2022-09-29 01:23:50,118 [Listener at localhost/41255] INFO  server.AbstractConnector (AbstractConnector.java:doStop(381)) - Stopped ServerConnector@584fb2ee{HTTP/1.1, (http/1.1)}{0.0.0.0:34119}
2022-09-29 01:23:50,119 [Listener at localhost/41255] INFO  server.session (HouseKeeper.java:stopScavenging(149)) - node0 Stopped scavenging
2022-09-29 01:23:50,119 [Listener at localhost/41255] INFO  handler.ContextHandler (ContextHandler.java:doStop(1153)) - Stopped o.e.j.s.ServletContextHandler@63925c05{static,/static,file:///home/runner/work/ozone/ozone/hadoop-ozone/integration-test/target/test-classes/webapps/static,STOPPED}
2022-09-29 01:23:50,119 [Listener at localhost/41255] INFO  handler.ContextHandler (ContextHandler.java:doStop(1153)) - Stopped o.e.j.s.ServletContextHandler@1bb8de48{logs,/logs,file:///home/runner/work/ozone/ozone/hadoop-ozone/integration-test/target/log,STOPPED}
2022-09-29 01:23:50,124 [Listener at localhost/41255] INFO  om.OzoneManager (OzoneManager.java:stop(2035)) - omNode-2[localhost:41255]: Stopping Ozone Manager
2022-09-29 01:23:50,125 [Listener at localhost/41255] INFO  ipc.Server (Server.java:stop(3414)) - Stopping server on 41255
2022-09-29 01:23:50,135 [IPC Server listener on 41255] INFO  ipc.Server (Server.java:run(1376)) - Stopping IPC Server listener on 41255
2022-09-29 01:23:50,141 [IPC Server Responder] INFO  ipc.Server (Server.java:run(1512)) - Stopping IPC Server Responder
2022-09-29 01:23:50,142 [Listener at localhost/41255] INFO  server.RaftServer (RaftServerProxy.java:lambda$close$7(398)) - omNode-2: close
2022-09-29 01:23:50,143 [Listener at localhost/41255] INFO  server.RaftServer$Division (RaftServerImpl.java:lambda$close$4(434)) - omNode-2@group-523986131536: shutdown
2022-09-29 01:23:50,143 [Listener at localhost/41255] INFO  util.JmxRegister (JmxRegister.java:unregister(73)) - Successfully un-registered JMX Bean with object name Ratis:service=RaftServer,group=group-523986131536,id=omNode-2
2022-09-29 01:23:50,143 [Listener at localhost/41255] INFO  impl.RoleInfo (RoleInfo.java:shutdownFollowerState(110)) - omNode-2: shutdown omNode-2@group-523986131536-FollowerState
2022-09-29 01:23:50,143 [omNode-2@group-523986131536-FollowerState] INFO  impl.FollowerState (FollowerState.java:run(152)) - omNode-2@group-523986131536-FollowerState was interrupted
2022-09-29 01:23:50,143 [omNode-2@group-523986131536-StateMachineUpdater] INFO  ratis.OzoneManagerStateMachine (OzoneManagerStateMachine.java:takeSnapshot(441)) - Current Snapshot Index (t:7, i:146)
2022-09-29 01:23:50,143 [omNode-2@group-523986131536-StateMachineUpdater] INFO  impl.StateMachineUpdater (StateMachineUpdater.java:takeSnapshot(287)) - omNode-2@group-523986131536-StateMachineUpdater: Took a snapshot at index 146
2022-09-29 01:23:50,143 [omNode-2@group-523986131536-StateMachineUpdater] INFO  impl.StateMachineUpdater (StateMachineUpdater.java:lambda$new$0(92)) - omNode-2@group-523986131536-StateMachineUpdater: snapshotIndex: updateIncreasingly 129 -> 146
2022-09-29 01:23:50,144 [omNode-2@group-523986131536-StateMachineUpdater] INFO  raftlog.RaftLog (RaftLogBase.java:purge(308)) - omNode-2@group-523986131536-SegmentedRaftLog: purge 146
2022-09-29 01:23:50,144 [omNode-2@group-523986131536-StateMachineUpdater] INFO  raftlog.RaftLog (RaftLogBase.java:lambda$new$0(53)) - omNode-2@group-523986131536-SegmentedRaftLog: snapshotIndex: updateIncreasingly 129 -> 146
2022-09-29 01:23:50,144 [omNode-2@group-523986131536-SegmentedRaftLogWorker] INFO  raftlog.RaftLog (RaftLogBase.java:lambda$new$0(53)) - omNode-2@group-523986131536-SegmentedRaftLog: purgeIndex: updateToMax old=30, new=144, updated? true
2022-09-29 01:23:50,144 [omNode-2@group-523986131536-StateMachineUpdater] INFO  ratis.OzoneManagerStateMachine (OzoneManagerStateMachine.java:close(495)) - StateMachine has shutdown. Shutdown OzoneManager if not already shutdown.
2022-09-29 01:23:50,144 [omNode-2@group-523986131536-StateMachineUpdater] INFO  ratis.OzoneManagerDoubleBuffer (OzoneManagerDoubleBuffer.java:stop(466)) - Stopping OMDoubleBuffer flush thread
2022-09-29 01:23:50,144 [OMDoubleBufferFlushThread] INFO  ratis.OzoneManagerDoubleBuffer (OzoneManagerDoubleBuffer.java:flushTransactions(385)) - OMDoubleBuffer flush thread OMDoubleBufferFlushThread is interrupted and will exit.
2022-09-29 01:23:50,144 [Listener at localhost/41255] INFO  impl.StateMachineUpdater (StateMachineUpdater.java:stopAndJoin(153)) - omNode-2@group-523986131536-StateMachineUpdater: set stopIndex = 146
2022-09-29 01:23:50,147 [grpc-default-executor-2] WARN  server.GrpcLogAppender (LogUtils.java:warn(122)) - omNode-3@group-523986131536->omNode-1-AppendLogResponseHandler: Failed appendEntries: org.apache.ratis.thirdparty.io.grpc.StatusRuntimeException: UNAVAILABLE: io exception
2022-09-29 01:23:50,148 [grpc-default-executor-2] WARN  server.GrpcLogAppender (GrpcLogAppender.java:resetClient(111)) - omNode-3@group-523986131536->omNode-1-GrpcLogAppender: Leader has not got in touch with Follower omNode-3@group-523986131536->omNode-1(c-1,m0,n147, attendVote=true, lastRpcSendTime=0, lastRpcResponseTime=2964) yet, just keep nextIndex unchanged and retry.
2022-09-29 01:23:50,153 [Listener at localhost/41255] INFO  server.RaftServer$Division (ServerState.java:close(429)) - omNode-2@group-523986131536: closes. applyIndex: 146
2022-09-29 01:23:50,153 [omNode-2@group-523986131536-SegmentedRaftLogWorker] INFO  segmented.SegmentedRaftLogWorker (SegmentedRaftLogWorker.java:run(336)) - omNode-2@group-523986131536-SegmentedRaftLogWorker was interrupted, exiting. There are 0 tasks remaining in the queue.
2022-09-29 01:23:50,154 [Listener at localhost/41255] INFO  segmented.SegmentedRaftLogWorker (SegmentedRaftLogWorker.java:close(246)) - omNode-2@group-523986131536-SegmentedRaftLogWorker close()
2022-09-29 01:23:50,161 [Listener at localhost/41255] INFO  server.GrpcService (GrpcService.java:closeImpl(269)) - omNode-2: shutdown server with port 42303 now
2022-09-29 01:23:50,168 [grpc-default-executor-2] WARN  server.GrpcServerProtocolService (LogUtils.java:warn(122)) - omNode-2: installSnapshot onError, lastRequest: omNode-3->omNode-2#8-t7,previous=(t:7, i:145),leaderCommit=145,initializing? true,entries: size=1, first=(t:7, i:146), METADATAENTRY(c:145): org.apache.ratis.thirdparty.io.grpc.StatusRuntimeException: CANCELLED: client cancelled
2022-09-29 01:23:50,168 [grpc-default-executor-2] WARN  server.GrpcLogAppender (LogUtils.java:warn(122)) - omNode-3@group-523986131536->omNode-2-AppendLogResponseHandler: Failed appendEntries: org.apache.ratis.thirdparty.io.grpc.StatusRuntimeException: CANCELLED: RST_STREAM closed stream. HTTP/2 error code: CANCEL
2022-09-29 01:23:50,168 [grpc-default-executor-2] INFO  leader.FollowerInfo (FollowerInfoImpl.java:lambda$new$0(48)) - omNode-3@group-523986131536->omNode-2: nextIndex: updateUnconditionally 147 -> 146
2022-09-29 01:23:50,171 [Listener at localhost/41255] INFO  server.GrpcService (GrpcService.java:closeImpl(278)) - omNode-2: shutdown server with port 42303 successfully
2022-09-29 01:23:50,172 [org.apache.ratis.util.JvmPauseMonitor$$Lambda$699/1983328127@3df3a9f8] INFO  util.JvmPauseMonitor (JvmPauseMonitor.java:run(109)) - JvmPauseMonitor-omNode-2: Stopped
2022-09-29 01:23:50,172 [Listener at localhost/41255] INFO  ratis.OzoneManagerStateMachine (OzoneManagerStateMachine.java:close(495)) - StateMachine has shutdown. Shutdown OzoneManager if not already shutdown.
2022-09-29 01:23:50,172 [Listener at localhost/41255] INFO  ratis.OzoneManagerDoubleBuffer (OzoneManagerDoubleBuffer.java:stop(478)) - OMDoubleBuffer flush thread is not running.
2022-09-29 01:23:50,172 [Listener at localhost/41255] INFO  utils.BackgroundService (BackgroundService.java:shutdown(141)) - Shutting down service KeyDeletingService
2022-09-29 01:23:50,174 [Listener at localhost/41255] INFO  utils.BackgroundService (BackgroundService.java:shutdown(141)) - Shutting down service DirectoryDeletingService
2022-09-29 01:23:50,180 [Listener at localhost/41255] INFO  utils.BackgroundService (BackgroundService.java:shutdown(141)) - Shutting down service OpenKeyCleanupService
2022-09-29 01:23:50,184 [Listener at localhost/41255] INFO  handler.ContextHandler (ContextHandler.java:doStop(1153)) - Stopped o.e.j.w.WebAppContext@5a68cb53{ozoneManager,/,null,STOPPED}{file:/home/runner/work/ozone/ozone/hadoop-ozone/integration-test/target/test-classes/webapps/ozoneManager}
2022-09-29 01:23:50,189 [Listener at localhost/41255] INFO  server.AbstractConnector (AbstractConnector.java:doStop(381)) - Stopped ServerConnector@6924bec6{HTTP/1.1, (http/1.1)}{0.0.0.0:43849}
2022-09-29 01:23:50,190 [Listener at localhost/41255] INFO  server.session (HouseKeeper.java:stopScavenging(149)) - node0 Stopped scavenging
2022-09-29 01:23:50,190 [Listener at localhost/41255] INFO  handler.ContextHandler (ContextHandler.java:doStop(1153)) - Stopped o.e.j.s.ServletContextHandler@1b47915{static,/static,file:///home/runner/work/ozone/ozone/hadoop-ozone/integration-test/target/test-classes/webapps/static,STOPPED}
2022-09-29 01:23:50,190 [Listener at localhost/41255] INFO  handler.ContextHandler (ContextHandler.java:doStop(1153)) - Stopped o.e.j.s.ServletContextHandler@3f71d964{logs,/logs,file:///home/runner/work/ozone/ozone/hadoop-ozone/integration-test/target/log,STOPPED}
2022-09-29 01:23:50,191 [grpc-default-executor-3] WARN  server.GrpcLogAppender (LogUtils.java:warn(122)) - omNode-3@group-523986131536->omNode-2-AppendLogResponseHandler: Failed appendEntries: org.apache.ratis.thirdparty.io.grpc.StatusRuntimeException: UNAVAILABLE: io exception
2022-09-29 01:23:50,191 [grpc-default-executor-3] INFO  leader.FollowerInfo (FollowerInfoImpl.java:lambda$new$0(48)) - omNode-3@group-523986131536->omNode-2: nextIndex: updateUnconditionally 147 -> 146
2022-09-29 01:23:50,398 [grpc-default-executor-3] WARN  server.GrpcLogAppender (LogUtils.java:warn(122)) - omNode-3@group-523986131536->omNode-1-AppendLogResponseHandler: Failed appendEntries: org.apache.ratis.thirdparty.io.grpc.StatusRuntimeException: UNAVAILABLE: io exception
2022-09-29 01:23:50,398 [grpc-default-executor-3] WARN  server.GrpcLogAppender (GrpcLogAppender.java:resetClient(111)) - omNode-3@group-523986131536->omNode-1-GrpcLogAppender: Leader has not got in touch with Follower omNode-3@group-523986131536->omNode-1(c-1,m0,n147, attendVote=true, lastRpcSendTime=0, lastRpcResponseTime=3214) yet, just keep nextIndex unchanged and retry.
2022-09-29 01:23:50,483 [grpc-default-executor-3] WARN  server.GrpcLogAppender (LogUtils.java:warn(122)) - omNode-3@group-523986131536->omNode-2-AppendLogResponseHandler: Failed appendEntries: org.apache.ratis.thirdparty.io.grpc.StatusRuntimeException: UNAVAILABLE: io exception
2022-09-29 01:23:50,484 [grpc-default-executor-3] INFO  leader.FollowerInfo (FollowerInfoImpl.java:lambda$new$0(48)) - omNode-3@group-523986131536->omNode-2: nextIndex: updateUnconditionally 147 -> 146
2022-09-29 01:23:50,648 [grpc-default-executor-3] WARN  server.GrpcLogAppender (LogUtils.java:warn(122)) - omNode-3@group-523986131536->omNode-1-AppendLogResponseHandler: Failed appendEntries: org.apache.ratis.thirdparty.io.grpc.StatusRuntimeException: UNAVAILABLE: io exception
2022-09-29 01:23:50,648 [grpc-default-executor-3] WARN  server.GrpcLogAppender (GrpcLogAppender.java:resetClient(111)) - omNode-3@group-523986131536->omNode-1-GrpcLogAppender: Leader has not got in touch with Follower omNode-3@group-523986131536->omNode-1(c-1,m0,n147, attendVote=true, lastRpcSendTime=250, lastRpcResponseTime=3464) yet, just keep nextIndex unchanged and retry.
2022-09-29 01:23:50,733 [grpc-default-executor-3] WARN  server.GrpcLogAppender (LogUtils.java:warn(122)) - omNode-3@group-523986131536->omNode-2-AppendLogResponseHandler: Failed appendEntries: org.apache.ratis.thirdparty.io.grpc.StatusRuntimeException: UNAVAILABLE: io exception
2022-09-29 01:23:50,734 [grpc-default-executor-3] INFO  leader.FollowerInfo (FollowerInfoImpl.java:lambda$new$0(48)) - omNode-3@group-523986131536->omNode-2: nextIndex: updateUnconditionally 147 -> 146
2022-09-29 01:23:50,899 [grpc-default-executor-3] WARN  server.GrpcLogAppender (LogUtils.java:warn(122)) - omNode-3@group-523986131536->omNode-1-AppendLogResponseHandler: Failed appendEntries: org.apache.ratis.thirdparty.io.grpc.StatusRuntimeException: UNAVAILABLE: io exception
2022-09-29 01:23:50,899 [grpc-default-executor-3] WARN  server.GrpcLogAppender (GrpcLogAppender.java:resetClient(111)) - omNode-3@group-523986131536->omNode-1-GrpcLogAppender: Leader has not got in touch with Follower omNode-3@group-523986131536->omNode-1(c-1,m0,n147, attendVote=true, lastRpcSendTime=0, lastRpcResponseTime=3715) yet, just keep nextIndex unchanged and retry.
2022-09-29 01:23:50,984 [grpc-default-executor-3] WARN  server.GrpcLogAppender (LogUtils.java:warn(122)) - omNode-3@group-523986131536->omNode-2-AppendLogResponseHandler: Failed appendEntries: org.apache.ratis.thirdparty.io.grpc.StatusRuntimeException: UNAVAILABLE: io exception
2022-09-29 01:23:50,984 [grpc-default-executor-3] INFO  leader.FollowerInfo (FollowerInfoImpl.java:lambda$new$0(48)) - omNode-3@group-523986131536->omNode-2: nextIndex: updateUnconditionally 147 -> 146
2022-09-29 01:23:51,149 [grpc-default-executor-3] WARN  server.GrpcLogAppender (LogUtils.java:warn(122)) - omNode-3@group-523986131536->omNode-1-AppendLogResponseHandler: Failed appendEntries: org.apache.ratis.thirdparty.io.grpc.StatusRuntimeException: UNAVAILABLE: io exception
2022-09-29 01:23:51,149 [grpc-default-executor-3] WARN  server.GrpcLogAppender (GrpcLogAppender.java:resetClient(111)) - omNode-3@group-523986131536->omNode-1-GrpcLogAppender: Leader has not got in touch with Follower omNode-3@group-523986131536->omNode-1(c-1,m0,n147, attendVote=true, lastRpcSendTime=0, lastRpcResponseTime=3965) yet, just keep nextIndex unchanged and retry.
2022-09-29 01:23:51,234 [grpc-default-executor-3] WARN  server.GrpcLogAppender (LogUtils.java:warn(122)) - omNode-3@group-523986131536->omNode-2-AppendLogResponseHandler: Failed appendEntries: org.apache.ratis.thirdparty.io.grpc.StatusRuntimeException: UNAVAILABLE: io exception
2022-09-29 01:23:51,235 [grpc-default-executor-3] INFO  leader.FollowerInfo (FollowerInfoImpl.java:lambda$new$0(48)) - omNode-3@group-523986131536->omNode-2: nextIndex: updateUnconditionally 147 -> 146
2022-09-29 01:23:51,242 [Under Replicated Processor] INFO  replication.UnderReplicatedProcessor (UnderReplicatedProcessor.java:processAll(92)) - Processed 0 under replicated containers, failed processing 0
2022-09-29 01:23:51,256 [Over Replicated Processor] INFO  replication.OverReplicatedProcessor (OverReplicatedProcessor.java:processAll(90)) - Processed 0 over replicated containers, failed processing 0
2022-09-29 01:23:51,399 [grpc-default-executor-3] WARN  server.GrpcLogAppender (LogUtils.java:warn(122)) - omNode-3@group-523986131536->omNode-1-AppendLogResponseHandler: Failed appendEntries: org.apache.ratis.thirdparty.io.grpc.StatusRuntimeException: UNAVAILABLE: io exception
2022-09-29 01:23:51,400 [grpc-default-executor-3] WARN  server.GrpcLogAppender (GrpcLogAppender.java:resetClient(111)) - omNode-3@group-523986131536->omNode-1-GrpcLogAppender: Leader has not got in touch with Follower omNode-3@group-523986131536->omNode-1(c-1,m0,n147, attendVote=true, lastRpcSendTime=0, lastRpcResponseTime=4215) yet, just keep nextIndex unchanged and retry.
2022-09-29 01:23:51,485 [grpc-default-executor-3] WARN  server.GrpcLogAppender (LogUtils.java:warn(122)) - omNode-3@group-523986131536->omNode-2-AppendLogResponseHandler: Failed appendEntries: org.apache.ratis.thirdparty.io.grpc.StatusRuntimeException: UNAVAILABLE: io exception
2022-09-29 01:23:51,485 [grpc-default-executor-3] INFO  leader.FollowerInfo (FollowerInfoImpl.java:lambda$new$0(48)) - omNode-3@group-523986131536->omNode-2: nextIndex: updateUnconditionally 147 -> 146
2022-09-29 01:23:51,649 [grpc-default-executor-3] WARN  server.GrpcLogAppender (LogUtils.java:warn(122)) - omNode-3@group-523986131536->omNode-1-AppendLogResponseHandler: Failed appendEntries: org.apache.ratis.thirdparty.io.grpc.StatusRuntimeException: UNAVAILABLE: io exception
2022-09-29 01:23:51,650 [grpc-default-executor-3] WARN  server.GrpcLogAppender (GrpcLogAppender.java:resetClient(111)) - omNode-3@group-523986131536->omNode-1-GrpcLogAppender: Leader has not got in touch with Follower omNode-3@group-523986131536->omNode-1(c-1,m0,n147, attendVote=true, lastRpcSendTime=0, lastRpcResponseTime=4466) yet, just keep nextIndex unchanged and retry.
2022-09-29 01:23:51,735 [grpc-default-executor-3] WARN  server.GrpcLogAppender (LogUtils.java:warn(122)) - omNode-3@group-523986131536->omNode-2-AppendLogResponseHandler: Failed appendEntries: org.apache.ratis.thirdparty.io.grpc.StatusRuntimeException: UNAVAILABLE: io exception
2022-09-29 01:23:51,737 [grpc-default-executor-3] INFO  leader.FollowerInfo (FollowerInfoImpl.java:lambda$new$0(48)) - omNode-3@group-523986131536->omNode-2: nextIndex: updateUnconditionally 147 -> 146
2022-09-29 01:23:51,899 [grpc-default-executor-3] WARN  server.GrpcLogAppender (LogUtils.java:warn(122)) - omNode-3@group-523986131536->omNode-1-AppendLogResponseHandler: Failed appendEntries: org.apache.ratis.thirdparty.io.grpc.StatusRuntimeException: UNAVAILABLE: io exception
2022-09-29 01:23:51,900 [grpc-default-executor-3] WARN  server.GrpcLogAppender (GrpcLogAppender.java:resetClient(111)) - omNode-3@group-523986131536->omNode-1-GrpcLogAppender: Leader has not got in touch with Follower omNode-3@group-523986131536->omNode-1(c-1,m0,n147, attendVote=true, lastRpcSendTime=0, lastRpcResponseTime=4716) yet, just keep nextIndex unchanged and retry.
2022-09-29 01:23:51,985 [grpc-default-executor-3] WARN  server.GrpcLogAppender (LogUtils.java:warn(122)) - omNode-3@group-523986131536->omNode-2-AppendLogResponseHandler: Failed appendEntries: org.apache.ratis.thirdparty.io.grpc.StatusRuntimeException: UNAVAILABLE: io exception
2022-09-29 01:23:51,987 [grpc-default-executor-3] INFO  leader.FollowerInfo (FollowerInfoImpl.java:lambda$new$0(48)) - omNode-3@group-523986131536->omNode-2: nextIndex: updateUnconditionally 147 -> 146
2022-09-29 01:23:52,073 [omNode-3@group-523986131536-LeaderStateImpl] WARN  server.RaftServer$Division (LeaderStateImpl.java:checkLeadership(1018)) - omNode-3@group-523986131536-LeaderStateImpl: Lost leadership on term: 7. Election timeout: 1200ms. In charge for: 3690ms. Conf: 145: [omNode-3|rpc:localhost:45481|admin:|client:|dataStream:|priority:0, omNode-1|rpc:localhost:40693|admin:|client:|dataStream:|priority:0, omNode-2|rpc:localhost:42303|admin:|client:|dataStream:|priority:0], old=null
2022-09-29 01:23:52,074 [omNode-3@group-523986131536-LeaderStateImpl] WARN  server.RaftServer$Division (LeaderStateImpl.java:lambda$checkLeadership$17(1022)) - Follower omNode-3@group-523986131536->omNode-1(c-1,m0,n147, attendVote=true, lastRpcSendTime=174, lastRpcResponseTime=4890)
2022-09-29 01:23:52,074 [omNode-3@group-523986131536-LeaderStateImpl] WARN  server.RaftServer$Division (LeaderStateImpl.java:lambda$checkLeadership$17(1022)) - Follower omNode-3@group-523986131536->omNode-2(c146,m146,n146, attendVote=true, lastRpcSendTime=88, lastRpcResponseTime=2092)
2022-09-29 01:23:52,074 [omNode-3@group-523986131536-LeaderStateImpl] INFO  server.RaftServer$Division (RaftServerImpl.java:setRole(299)) - omNode-3@group-523986131536: changes role from    LEADER to FOLLOWER at term 7 for StepDownReason:LOST_MAJORITY_HEARTBEATS
2022-09-29 01:23:52,074 [omNode-3@group-523986131536-LeaderStateImpl] INFO  impl.RoleInfo (RoleInfo.java:shutdownLeaderState(93)) - omNode-3: shutdown omNode-3@group-523986131536-LeaderStateImpl
2022-09-29 01:23:52,074 [omNode-3@group-523986131536->omNode-2-GrpcLogAppender-LogAppenderDaemon] WARN  server.GrpcLogAppender (GrpcLogAppender.java:mayWait(171)) - omNode-3@group-523986131536->omNode-2-GrpcLogAppender: Wait interrupted by java.lang.InterruptedException
2022-09-29 01:23:52,074 [omNode-3@group-523986131536-LeaderStateImpl] INFO  impl.PendingRequests (PendingRequests.java:sendNotLeaderResponses(282)) - omNode-3@group-523986131536-PendingRequests: sendNotLeaderResponses
2022-09-29 01:23:52,076 [omNode-3@group-523986131536-LeaderStateImpl] INFO  impl.RoleInfo (RoleInfo.java:updateAndGet(139)) - omNode-3: start omNode-3@group-523986131536-FollowerState
2022-09-29 01:23:53,242 [omNode-3@group-523986131536-FollowerState] INFO  impl.FollowerState (FollowerState.java:lostMajorityHeartbeatsRecently(108)) - omNode-3@group-523986131536-FollowerState: Skipping leader election since it stepped down recently (elapsed = 1165ms < waitTime = 10s)
2022-09-29 01:23:54,359 [omNode-3@group-523986131536-FollowerState] INFO  impl.FollowerState (FollowerState.java:lostMajorityHeartbeatsRecently(108)) - omNode-3@group-523986131536-FollowerState: Skipping leader election since it stepped down recently (elapsed = 2283ms < waitTime = 10s)
2022-09-29 01:23:55,430 [omNode-3@group-523986131536-FollowerState] INFO  impl.FollowerState (FollowerState.java:lostMajorityHeartbeatsRecently(108)) - omNode-3@group-523986131536-FollowerState: Skipping leader election since it stepped down recently (elapsed = 3353ms < waitTime = 10s)
2022-09-29 01:23:56,506 [omNode-3@group-523986131536-FollowerState] INFO  impl.FollowerState (FollowerState.java:lostMajorityHeartbeatsRecently(108)) - omNode-3@group-523986131536-FollowerState: Skipping leader election since it stepped down recently (elapsed = 4430ms < waitTime = 10s)
2022-09-29 01:23:57,547 [omNode-3@group-523986131536-FollowerState] INFO  impl.FollowerState (FollowerState.java:lostMajorityHeartbeatsRecently(108)) - omNode-3@group-523986131536-FollowerState: Skipping leader election since it stepped down recently (elapsed = 5471ms < waitTime = 10s)
2022-09-29 01:23:58,205 [Listener at localhost/41255] INFO  rpc.RpcClient (RpcClient.java:createVolume(471)) - Creating Volume: volume63364, with user42011 as owner and space quota set to -1 bytes, counts quota set to -1
2022-09-29 01:23:58,207 [Listener at localhost/41255] INFO  retry.RetryInvocationHandler (RetryInvocationHandler.java:log(411)) - com.google.protobuf.ServiceException: java.net.ConnectException: Call From fv-az182-579/10.1.1.32 to localhost:37925 failed on connection exception: java.net.ConnectException: Connection refused; For more details see:  http://wiki.apache.org/hadoop/ConnectionRefused, while invoking $Proxy55.submitRequest over nodeId=omNode-1,nodeAddress=127.0.0.1:37925. Trying to failover immediately.
2022-09-29 01:23:58,208 [Listener at localhost/41255] INFO  retry.RetryInvocationHandler (RetryInvocationHandler.java:log(411)) - com.google.protobuf.ServiceException: java.net.ConnectException: Call From fv-az182-579/10.1.1.32 to localhost:41255 failed on connection exception: java.net.ConnectException: Connection refused; For more details see:  http://wiki.apache.org/hadoop/ConnectionRefused, while invoking $Proxy55.submitRequest over nodeId=omNode-2,nodeAddress=127.0.0.1:41255 after 1 failover attempts. Trying to failover immediately.
2022-09-29 01:23:58,209 [Listener at localhost/41255] INFO  retry.RetryInvocationHandler (RetryInvocationHandler.java:log(411)) - com.google.protobuf.ServiceException: java.net.ConnectException: Call From fv-az182-579/10.1.1.32 to localhost:46485 failed on connection exception: java.net.ConnectException: Connection refused; For more details see:  http://wiki.apache.org/hadoop/ConnectionRefused, while invoking $Proxy55.submitRequest over nodeId=omNode-3,nodeAddress=127.0.0.1:46485 after 2 failover attempts. Trying to failover after sleeping for 2000ms.
2022-09-29 01:23:58,645 [omNode-3@group-523986131536-FollowerState] INFO  impl.FollowerState (FollowerState.java:lostMajorityHeartbeatsRecently(108)) - omNode-3@group-523986131536-FollowerState: Skipping leader election since it stepped down recently (elapsed = 6568ms < waitTime = 10s)
2022-09-29 01:23:59,678 [omNode-3@group-523986131536-FollowerState] INFO  impl.FollowerState (FollowerState.java:lostMajorityHeartbeatsRecently(108)) - omNode-3@group-523986131536-FollowerState: Skipping leader election since it stepped down recently (elapsed = 7602ms < waitTime = 10s)
2022-09-29 01:24:00,210 [Listener at localhost/41255] INFO  retry.RetryInvocationHandler (RetryInvocationHandler.java:log(411)) - com.google.protobuf.ServiceException: java.net.ConnectException: Call From fv-az182-579/10.1.1.32 to localhost:37925 failed on connection exception: java.net.ConnectException: Connection refused; For more details see:  http://wiki.apache.org/hadoop/ConnectionRefused, while invoking $Proxy55.submitRequest over nodeId=omNode-1,nodeAddress=127.0.0.1:37925 after 3 failover attempts. Trying to failover immediately.
2022-09-29 01:24:00,211 [Listener at localhost/41255] INFO  retry.RetryInvocationHandler (RetryInvocationHandler.java:log(411)) - com.google.protobuf.ServiceException: java.net.ConnectException: Call From fv-az182-579/10.1.1.32 to localhost:41255 failed on connection exception: java.net.ConnectException: Connection refused; For more details see:  http://wiki.apache.org/hadoop/ConnectionRefused, while invoking $Proxy55.submitRequest over nodeId=omNode-2,nodeAddress=127.0.0.1:41255 after 4 failover attempts. Trying to failover immediately.
2022-09-29 01:24:00,212 [Listener at localhost/41255] ERROR ha.OMFailoverProxyProviderBase (OMFailoverProxyProviderBase.java:getRetryAction(211)) - Failed to connect to OMs: [omNode-1, omNode-2, omNode-3]. Attempted 5 failovers.
2022-09-29 01:24:00,224 [Listener at localhost/41255] INFO  rpc.RpcClient (RpcClient.java:createVolume(471)) - Creating Volume: volume05666, with user48894 as owner and space quota set to -1 bytes, counts quota set to -1
2022-09-29 01:24:00,225 [Listener at localhost/41255] INFO  retry.RetryInvocationHandler (RetryInvocationHandler.java:log(411)) - com.google.protobuf.ServiceException: java.net.ConnectException: Call From fv-az182-579/10.1.1.32 to localhost:46485 failed on connection exception: java.net.ConnectException: Connection refused; For more details see:  http://wiki.apache.org/hadoop/ConnectionRefused, while invoking $Proxy55.submitRequest over nodeId=omNode-3,nodeAddress=127.0.0.1:46485. Trying to failover after sleeping for 2000ms.
2022-09-29 01:24:00,809 [omNode-3@group-523986131536-FollowerState] INFO  impl.FollowerState (FollowerState.java:lostMajorityHeartbeatsRecently(108)) - omNode-3@group-523986131536-FollowerState: Skipping leader election since it stepped down recently (elapsed = 8733ms < waitTime = 10s)
2022-09-29 01:24:01,909 [omNode-3@group-523986131536-FollowerState] INFO  impl.FollowerState (FollowerState.java:lostMajorityHeartbeatsRecently(108)) - omNode-3@group-523986131536-FollowerState: Skipping leader election since it stepped down recently (elapsed = 9832ms < waitTime = 10s)
2022-09-29 01:24:02,227 [Listener at localhost/41255] INFO  retry.RetryInvocationHandler (RetryInvocationHandler.java:log(411)) - com.google.protobuf.ServiceException: java.net.ConnectException: Call From fv-az182-579/10.1.1.32 to localhost:37925 failed on connection exception: java.net.ConnectException: Connection refused; For more details see:  http://wiki.apache.org/hadoop/ConnectionRefused, while invoking $Proxy55.submitRequest over nodeId=omNode-1,nodeAddress=127.0.0.1:37925 after 1 failover attempts. Trying to failover immediately.
2022-09-29 01:24:02,228 [Listener at localhost/41255] INFO  retry.RetryInvocationHandler (RetryInvocationHandler.java:log(411)) - com.google.protobuf.ServiceException: java.net.ConnectException: Call From fv-az182-579/10.1.1.32 to localhost:41255 failed on connection exception: java.net.ConnectException: Connection refused; For more details see:  http://wiki.apache.org/hadoop/ConnectionRefused, while invoking $Proxy55.submitRequest over nodeId=omNode-2,nodeAddress=127.0.0.1:41255 after 2 failover attempts. Trying to failover immediately.
2022-09-29 01:24:02,228 [Listener at localhost/41255] INFO  retry.RetryInvocationHandler (RetryInvocationHandler.java:log(411)) - com.google.protobuf.ServiceException: java.net.ConnectException: Call From fv-az182-579/10.1.1.32 to localhost:46485 failed on connection exception: java.net.ConnectException: Connection refused; For more details see:  http://wiki.apache.org/hadoop/ConnectionRefused, while invoking $Proxy55.submitRequest over nodeId=omNode-3,nodeAddress=127.0.0.1:46485 after 3 failover attempts. Trying to failover after sleeping for 2000ms.
2022-09-29 01:24:03,017 [omNode-3@group-523986131536-FollowerState] INFO  impl.FollowerState (FollowerState.java:run(143)) - omNode-3@group-523986131536-FollowerState: change to CANDIDATE, lastRpcElapsedTime:10941320750ns, electionTimeout:1108ms
2022-09-29 01:24:03,017 [omNode-3@group-523986131536-FollowerState] INFO  impl.RoleInfo (RoleInfo.java:shutdownFollowerState(110)) - omNode-3: shutdown omNode-3@group-523986131536-FollowerState
2022-09-29 01:24:03,017 [omNode-3@group-523986131536-FollowerState] INFO  server.RaftServer$Division (RaftServerImpl.java:setRole(299)) - omNode-3@group-523986131536: changes role from  FOLLOWER to CANDIDATE at term 7 for changeToCandidate
2022-09-29 01:24:03,017 [omNode-3@group-523986131536-FollowerState] INFO  server.RaftServerConfigKeys (ConfUtils.java:logGet(46)) - raft.server.leaderelection.pre-vote = false (custom)
2022-09-29 01:24:03,017 [omNode-3@group-523986131536-FollowerState] INFO  impl.RoleInfo (RoleInfo.java:updateAndGet(139)) - omNode-3: start omNode-3@group-523986131536-LeaderElection19
2022-09-29 01:24:03,019 [omNode-3@group-523986131536-LeaderElection19] INFO  server.RaftServer$Division (ServerState.java:setLeader(287)) - omNode-3@group-523986131536: change Leader from omNode-3 to null at term 7 for ELECTION
2022-09-29 01:24:03,021 [omNode-3@group-523986131536-LeaderElection19] INFO  impl.LeaderElection (LeaderElection.java:askForVotes(310)) - omNode-3@group-523986131536-LeaderElection19 ELECTION round 0: submit vote requests at term 8 for 145: [omNode-3|rpc:localhost:45481|admin:|client:|dataStream:|priority:0, omNode-1|rpc:localhost:40693|admin:|client:|dataStream:|priority:0, omNode-2|rpc:localhost:42303|admin:|client:|dataStream:|priority:0], old=null
2022-09-29 01:24:03,022 [omNode-3@group-523986131536-LeaderElection19] INFO  impl.LeaderElection (LogUtils.java:infoOrTrace(137)) - omNode-3@group-523986131536-LeaderElection19 got exception when requesting votes: java.util.concurrent.ExecutionException: org.apache.ratis.thirdparty.io.grpc.StatusRuntimeException: UNAVAILABLE: io exception
2022-09-29 01:24:03,022 [omNode-3@group-523986131536-LeaderElection19] INFO  impl.LeaderElection (LogUtils.java:infoOrTrace(137)) - omNode-3@group-523986131536-LeaderElection19 got exception when requesting votes: java.util.concurrent.ExecutionException: org.apache.ratis.thirdparty.io.grpc.StatusRuntimeException: UNAVAILABLE: io exception
2022-09-29 01:24:03,022 [omNode-3@group-523986131536-LeaderElection19] INFO  impl.LeaderElection (LeaderElection.java:logAndReturn(90)) - omNode-3@group-523986131536-LeaderElection19: ELECTION REJECTED received 0 response(s) and 2 exception(s):
2022-09-29 01:24:03,022 [omNode-3@group-523986131536-LeaderElection19] INFO  impl.LeaderElection (LogUtils.java:infoOrTrace(137)) -   Exception 0: java.util.concurrent.ExecutionException: org.apache.ratis.thirdparty.io.grpc.StatusRuntimeException: UNAVAILABLE: io exception
2022-09-29 01:24:03,022 [omNode-3@group-523986131536-LeaderElection19] INFO  impl.LeaderElection (LogUtils.java:infoOrTrace(137)) -   Exception 1: java.util.concurrent.ExecutionException: org.apache.ratis.thirdparty.io.grpc.StatusRuntimeException: UNAVAILABLE: io exception
2022-09-29 01:24:03,022 [omNode-3@group-523986131536-LeaderElection19] INFO  impl.LeaderElection (LeaderElection.java:askForVotes(312)) - omNode-3@group-523986131536-LeaderElection19 ELECTION round 0: result REJECTED
2022-09-29 01:24:03,022 [omNode-3@group-523986131536-LeaderElection19] INFO  server.RaftServer$Division (RaftServerImpl.java:setRole(299)) - omNode-3@group-523986131536: changes role from CANDIDATE to FOLLOWER at term 8 for REJECTED
2022-09-29 01:24:03,022 [omNode-3@group-523986131536-LeaderElection19] INFO  impl.RoleInfo (RoleInfo.java:shutdownLeaderElection(130)) - omNode-3: shutdown omNode-3@group-523986131536-LeaderElection19
2022-09-29 01:24:03,022 [omNode-3@group-523986131536-LeaderElection19] INFO  impl.RoleInfo (RoleInfo.java:updateAndGet(139)) - omNode-3: start omNode-3@group-523986131536-FollowerState
2022-09-29 01:24:04,085 [omNode-3@group-523986131536-FollowerState] INFO  impl.FollowerState (FollowerState.java:run(143)) - omNode-3@group-523986131536-FollowerState: change to CANDIDATE, lastRpcElapsedTime:1063310687ns, electionTimeout:1063ms
2022-09-29 01:24:04,085 [omNode-3@group-523986131536-FollowerState] INFO  impl.RoleInfo (RoleInfo.java:shutdownFollowerState(110)) - omNode-3: shutdown omNode-3@group-523986131536-FollowerState
2022-09-29 01:24:04,086 [omNode-3@group-523986131536-FollowerState] INFO  server.RaftServer$Division (RaftServerImpl.java:setRole(299)) - omNode-3@group-523986131536: changes role from  FOLLOWER to CANDIDATE at term 8 for changeToCandidate
2022-09-29 01:24:04,086 [omNode-3@group-523986131536-FollowerState] INFO  server.RaftServerConfigKeys (ConfUtils.java:logGet(46)) - raft.server.leaderelection.pre-vote = false (custom)
2022-09-29 01:24:04,086 [omNode-3@group-523986131536-FollowerState] INFO  impl.RoleInfo (RoleInfo.java:updateAndGet(139)) - omNode-3: start omNode-3@group-523986131536-LeaderElection20
2022-09-29 01:24:04,088 [omNode-3@group-523986131536-LeaderElection20] INFO  impl.LeaderElection (LeaderElection.java:askForVotes(310)) - omNode-3@group-523986131536-LeaderElection20 ELECTION round 0: submit vote requests at term 9 for 145: [omNode-3|rpc:localhost:45481|admin:|client:|dataStream:|priority:0, omNode-1|rpc:localhost:40693|admin:|client:|dataStream:|priority:0, omNode-2|rpc:localhost:42303|admin:|client:|dataStream:|priority:0], old=null
2022-09-29 01:24:04,089 [omNode-3@group-523986131536-LeaderElection20] INFO  impl.LeaderElection (LogUtils.java:infoOrTrace(137)) - omNode-3@group-523986131536-LeaderElection20 got exception when requesting votes: java.util.concurrent.ExecutionException: org.apache.ratis.thirdparty.io.grpc.StatusRuntimeException: UNAVAILABLE: io exception
2022-09-29 01:24:04,089 [omNode-3@group-523986131536-LeaderElection20] INFO  impl.LeaderElection (LogUtils.java:infoOrTrace(137)) - omNode-3@group-523986131536-LeaderElection20 got exception when requesting votes: java.util.concurrent.ExecutionException: org.apache.ratis.thirdparty.io.grpc.StatusRuntimeException: UNAVAILABLE: io exception
2022-09-29 01:24:04,089 [omNode-3@group-523986131536-LeaderElection20] INFO  impl.LeaderElection (LeaderElection.java:logAndReturn(90)) - omNode-3@group-523986131536-LeaderElection20: ELECTION REJECTED received 0 response(s) and 2 exception(s):
2022-09-29 01:24:04,089 [omNode-3@group-523986131536-LeaderElection20] INFO  impl.LeaderElection (LogUtils.java:infoOrTrace(137)) -   Exception 0: java.util.concurrent.ExecutionException: org.apache.ratis.thirdparty.io.grpc.StatusRuntimeException: UNAVAILABLE: io exception
2022-09-29 01:24:04,089 [omNode-3@group-523986131536-LeaderElection20] INFO  impl.LeaderElection (LogUtils.java:infoOrTrace(137)) -   Exception 1: java.util.concurrent.ExecutionException: org.apache.ratis.thirdparty.io.grpc.StatusRuntimeException: UNAVAILABLE: io exception
2022-09-29 01:24:04,089 [omNode-3@group-523986131536-LeaderElection20] INFO  impl.LeaderElection (LeaderElection.java:askForVotes(312)) - omNode-3@group-523986131536-LeaderElection20 ELECTION round 0: result REJECTED
2022-09-29 01:24:04,089 [omNode-3@group-523986131536-LeaderElection20] INFO  server.RaftServer$Division (RaftServerImpl.java:setRole(299)) - omNode-3@group-523986131536: changes role from CANDIDATE to FOLLOWER at term 9 for REJECTED
2022-09-29 01:24:04,090 [omNode-3@group-523986131536-LeaderElection20] INFO  impl.RoleInfo (RoleInfo.java:shutdownLeaderElection(130)) - omNode-3: shutdown omNode-3@group-523986131536-LeaderElection20
2022-09-29 01:24:04,090 [omNode-3@group-523986131536-LeaderElection20] INFO  impl.RoleInfo (RoleInfo.java:updateAndGet(139)) - omNode-3: start omNode-3@group-523986131536-FollowerState
2022-09-29 01:24:04,230 [Listener at localhost/41255] INFO  retry.RetryInvocationHandler (RetryInvocationHandler.java:log(411)) - com.google.protobuf.ServiceException: java.net.ConnectException: Call From fv-az182-579/10.1.1.32 to localhost:37925 failed on connection exception: java.net.ConnectException: Connection refused; For more details see:  http://wiki.apache.org/hadoop/ConnectionRefused, while invoking $Proxy55.submitRequest over nodeId=omNode-1,nodeAddress=127.0.0.1:37925 after 4 failover attempts. Trying to failover immediately.
2022-09-29 01:24:04,230 [Listener at localhost/41255] ERROR ha.OMFailoverProxyProviderBase (OMFailoverProxyProviderBase.java:getRetryAction(211)) - Failed to connect to OMs: [omNode-1, omNode-2, omNode-3]. Attempted 5 failovers.
2022-09-29 01:24:04,231 [Listener at localhost/41255] INFO  om.OzoneManager (OzoneManager.java:stop(2035)) - omNode-3[localhost:46485]: Stopping Ozone Manager
2022-09-29 01:24:04,231 [Listener at localhost/41255] INFO  om.OzoneManager (OzoneManager.java:restart(1572)) - OzoneManager RPC server is listening at localhost/127.0.0.1:46485
2022-09-29 01:24:04,231 [Listener at localhost/41255] INFO  impl.MetricsSystemImpl (MetricsSystemImpl.java:init(158)) - OzoneManager metrics system started (again)
2022-09-29 01:24:04,244 [Listener at localhost/41255] WARN  server.ServerUtils (ServerUtils.java:getDBPath(225)) - ozone.om.db.dirs is not configured. We recommend adding this setting. Falling back to ozone.metadata.dirs instead.
2022-09-29 01:24:04,244 [Listener at localhost/41255] INFO  codec.OmKeyInfoCodec (OmKeyInfoCodec.java:<init>(49)) - OmKeyInfoCodec ignorePipeline = true
2022-09-29 01:24:04,244 [Listener at localhost/41255] INFO  codec.RepeatedOmKeyInfoCodec (RepeatedOmKeyInfoCodec.java:<init>(41)) - RepeatedOmKeyInfoCodec ignorePipeline = true
]]></system-out>
    <system-err><![CDATA[Sep 29, 2022 1:23:47 AM org.apache.ratis.thirdparty.io.grpc.internal.ManagedChannelOrphanWrapper$ManagedChannelReference cleanQueue
SEVERE: *~*~*~ Channel ManagedChannelImpl{logId=116, target=10.1.1.32:42433} was not shutdown properly!!! ~*~*~*
    Make sure to call shutdown()/shutdownNow() and wait until awaitTermination() returns true.
java.lang.RuntimeException: ManagedChannel allocation site
	at org.apache.ratis.thirdparty.io.grpc.internal.ManagedChannelOrphanWrapper$ManagedChannelReference.<init>(ManagedChannelOrphanWrapper.java:93)
	at org.apache.ratis.thirdparty.io.grpc.internal.ManagedChannelOrphanWrapper.<init>(ManagedChannelOrphanWrapper.java:53)
	at org.apache.ratis.thirdparty.io.grpc.internal.ManagedChannelOrphanWrapper.<init>(ManagedChannelOrphanWrapper.java:44)
	at org.apache.ratis.thirdparty.io.grpc.internal.ManagedChannelImplBuilder.build(ManagedChannelImplBuilder.java:630)
	at org.apache.ratis.thirdparty.io.grpc.internal.AbstractManagedChannelImplBuilder.build(AbstractManagedChannelImplBuilder.java:297)
	at org.apache.hadoop.hdds.scm.XceiverClientGrpc.connectToDatanode(XceiverClientGrpc.java:205)
	at org.apache.hadoop.hdds.scm.XceiverClientGrpc.connect(XceiverClientGrpc.java:158)
	at org.apache.hadoop.hdds.scm.XceiverClientManager$2.call(XceiverClientManager.java:243)
	at org.apache.hadoop.hdds.scm.XceiverClientManager$2.call(XceiverClientManager.java:224)
	at com.google.common.cache.LocalCache$LocalManualCache$1.load(LocalCache.java:4868)
	at com.google.common.cache.LocalCache$LoadingValueReference.loadFuture(LocalCache.java:3533)
	at com.google.common.cache.LocalCache$Segment.loadSync(LocalCache.java:2282)
	at com.google.common.cache.LocalCache$Segment.lockedGetOrLoad(LocalCache.java:2159)
	at com.google.common.cache.LocalCache$Segment.get(LocalCache.java:2049)
	at com.google.common.cache.LocalCache.get(LocalCache.java:3966)
	at com.google.common.cache.LocalCache$LocalManualCache.get(LocalCache.java:4863)
	at org.apache.hadoop.hdds.scm.XceiverClientManager.getClient(XceiverClientManager.java:224)
	at org.apache.hadoop.hdds.scm.XceiverClientManager.acquireClient(XceiverClientManager.java:168)
	at org.apache.hadoop.hdds.scm.XceiverClientManager.acquireClientForReadData(XceiverClientManager.java:157)
	at org.apache.hadoop.hdds.scm.storage.BlockInputStream.acquireClient(BlockInputStream.java:256)
	at org.apache.hadoop.hdds.scm.storage.BlockInputStream.getChunkInfos(BlockInputStream.java:223)
	at org.apache.hadoop.hdds.scm.storage.BlockInputStream.initialize(BlockInputStream.java:146)
	at org.apache.hadoop.hdds.scm.storage.BlockInputStream.readWithStrategy(BlockInputStream.java:283)
	at org.apache.hadoop.hdds.scm.storage.ExtendedInputStream.read(ExtendedInputStream.java:54)
	at org.apache.hadoop.hdds.scm.storage.ByteArrayReader.readFromBlock(ByteArrayReader.java:57)
	at org.apache.hadoop.ozone.client.io.KeyInputStream.readWithStrategy(KeyInputStream.java:273)
	at org.apache.hadoop.ozone.client.io.KeyInputStream.read(KeyInputStream.java:240)
	at org.apache.hadoop.ozone.client.io.OzoneInputStream.read(OzoneInputStream.java:56)
	at java.io.InputStream.read(InputStream.java:101)
	at org.apache.hadoop.ozone.om.TestOzoneManagerHAWithData.createMultipartKeyAndReadKey(TestOzoneManagerHAWithData.java:315)
	at org.apache.hadoop.ozone.om.TestOzoneManagerHAWithData.testMultipartUpload(TestOzoneManagerHAWithData.java:102)
	at sun.reflect.NativeMethodAccessorImpl.invoke0(Native Method)
	at sun.reflect.NativeMethodAccessorImpl.invoke(NativeMethodAccessorImpl.java:62)
	at sun.reflect.DelegatingMethodAccessorImpl.invoke(DelegatingMethodAccessorImpl.java:43)
	at java.lang.reflect.Method.invoke(Method.java:498)
	at org.junit.platform.commons.util.ReflectionUtils.invokeMethod(ReflectionUtils.java:725)
	at org.junit.jupiter.engine.execution.MethodInvocation.proceed(MethodInvocation.java:60)
	at org.junit.jupiter.engine.execution.InvocationInterceptorChain$ValidatingInvocation.proceed(InvocationInterceptorChain.java:131)
	at org.junit.jupiter.engine.extension.TimeoutInvocation.proceed(TimeoutInvocation.java:46)
	at org.junit.jupiter.engine.extension.TimeoutExtension.intercept(TimeoutExtension.java:149)
	at org.junit.jupiter.engine.extension.TimeoutExtension.interceptTestableMethod(TimeoutExtension.java:140)
	at org.junit.jupiter.engine.extension.TimeoutExtension.interceptTestMethod(TimeoutExtension.java:84)
	at org.junit.jupiter.engine.execution.ExecutableInvoker$ReflectiveInterceptorCall.lambda$ofVoidMethod$0(ExecutableInvoker.java:115)
	at org.junit.jupiter.engine.execution.ExecutableInvoker.lambda$invoke$0(ExecutableInvoker.java:105)
	at org.junit.jupiter.engine.execution.InvocationInterceptorChain$InterceptedInvocation.proceed(InvocationInterceptorChain.java:106)
	at org.junit.jupiter.engine.execution.InvocationInterceptorChain.proceed(InvocationInterceptorChain.java:64)
	at org.junit.jupiter.engine.execution.InvocationInterceptorChain.chainAndInvoke(InvocationInterceptorChain.java:45)
	at org.junit.jupiter.engine.execution.InvocationInterceptorChain.invoke(InvocationInterceptorChain.java:37)
	at org.junit.jupiter.engine.execution.ExecutableInvoker.invoke(ExecutableInvoker.java:104)
	at org.junit.jupiter.engine.execution.ExecutableInvoker.invoke(ExecutableInvoker.java:98)
	at org.junit.jupiter.engine.descriptor.TestMethodTestDescriptor.lambda$invokeTestMethod$7(TestMethodTestDescriptor.java:214)
	at org.junit.platform.engine.support.hierarchical.ThrowableCollector.execute(ThrowableCollector.java:73)
	at org.junit.jupiter.engine.descriptor.TestMethodTestDescriptor.invokeTestMethod(TestMethodTestDescriptor.java:210)
	at org.junit.jupiter.engine.descriptor.TestMethodTestDescriptor.execute(TestMethodTestDescriptor.java:135)
	at org.junit.jupiter.engine.descriptor.TestMethodTestDescriptor.execute(TestMethodTestDescriptor.java:66)
	at org.junit.platform.engine.support.hierarchical.NodeTestTask.lambda$executeRecursively$6(NodeTestTask.java:151)
	at org.junit.platform.engine.support.hierarchical.ThrowableCollector.execute(ThrowableCollector.java:73)
	at org.junit.platform.engine.support.hierarchical.NodeTestTask.lambda$executeRecursively$8(NodeTestTask.java:141)
	at org.junit.platform.engine.support.hierarchical.Node.around(Node.java:137)
	at org.junit.platform.engine.support.hierarchical.NodeTestTask.lambda$executeRecursively$9(NodeTestTask.java:139)
	at org.junit.platform.engine.support.hierarchical.ThrowableCollector.execute(ThrowableCollector.java:73)
	at org.junit.platform.engine.support.hierarchical.NodeTestTask.executeRecursively(NodeTestTask.java:138)
	at org.junit.platform.engine.support.hierarchical.NodeTestTask.execute(NodeTestTask.java:95)
	at java.util.ArrayList.forEach(ArrayList.java:1259)
	at org.junit.platform.engine.support.hierarchical.SameThreadHierarchicalTestExecutorService.invokeAll(SameThreadHierarchicalTestExecutorService.java:41)
	at org.junit.platform.engine.support.hierarchical.NodeTestTask.lambda$executeRecursively$6(NodeTestTask.java:155)
	at org.junit.platform.engine.support.hierarchical.ThrowableCollector.execute(ThrowableCollector.java:73)
	at org.junit.platform.engine.support.hierarchical.NodeTestTask.lambda$executeRecursively$8(NodeTestTask.java:141)
	at org.junit.platform.engine.support.hierarchical.Node.around(Node.java:137)
	at org.junit.platform.engine.support.hierarchical.NodeTestTask.lambda$executeRecursively$9(NodeTestTask.java:139)
	at org.junit.platform.engine.support.hierarchical.ThrowableCollector.execute(ThrowableCollector.java:73)
	at org.junit.platform.engine.support.hierarchical.NodeTestTask.executeRecursively(NodeTestTask.java:138)
	at org.junit.platform.engine.support.hierarchical.NodeTestTask.execute(NodeTestTask.java:95)
	at java.util.ArrayList.forEach(ArrayList.java:1259)
	at org.junit.platform.engine.support.hierarchical.SameThreadHierarchicalTestExecutorService.invokeAll(SameThreadHierarchicalTestExecutorService.java:41)
	at org.junit.platform.engine.support.hierarchical.NodeTestTask.lambda$executeRecursively$6(NodeTestTask.java:155)
	at org.junit.platform.engine.support.hierarchical.ThrowableCollector.execute(ThrowableCollector.java:73)
	at org.junit.platform.engine.support.hierarchical.NodeTestTask.lambda$executeRecursively$8(NodeTestTask.java:141)
	at org.junit.platform.engine.support.hierarchical.Node.around(Node.java:137)
	at org.junit.platform.engine.support.hierarchical.NodeTestTask.lambda$executeRecursively$9(NodeTestTask.java:139)
	at org.junit.platform.engine.support.hierarchical.ThrowableCollector.execute(ThrowableCollector.java:73)
	at org.junit.platform.engine.support.hierarchical.NodeTestTask.executeRecursively(NodeTestTask.java:138)
	at org.junit.platform.engine.support.hierarchical.NodeTestTask.execute(NodeTestTask.java:95)
	at org.junit.platform.engine.support.hierarchical.SameThreadHierarchicalTestExecutorService.submit(SameThreadHierarchicalTestExecutorService.java:35)
	at org.junit.platform.engine.support.hierarchical.HierarchicalTestExecutor.execute(HierarchicalTestExecutor.java:57)
	at org.junit.platform.engine.support.hierarchical.HierarchicalTestEngine.execute(HierarchicalTestEngine.java:54)
	at org.junit.platform.launcher.core.EngineExecutionOrchestrator.execute(EngineExecutionOrchestrator.java:107)
	at org.junit.platform.launcher.core.EngineExecutionOrchestrator.execute(EngineExecutionOrchestrator.java:88)
	at org.junit.platform.launcher.core.EngineExecutionOrchestrator.lambda$execute$0(EngineExecutionOrchestrator.java:54)
	at org.junit.platform.launcher.core.EngineExecutionOrchestrator.withInterceptedStreams(EngineExecutionOrchestrator.java:67)
	at org.junit.platform.launcher.core.EngineExecutionOrchestrator.execute(EngineExecutionOrchestrator.java:52)
	at org.junit.platform.launcher.core.DefaultLauncher.execute(DefaultLauncher.java:114)
	at org.junit.platform.launcher.core.DefaultLauncher.execute(DefaultLauncher.java:86)
	at org.junit.platform.launcher.core.DefaultLauncherSession$DelegatingLauncher.execute(DefaultLauncherSession.java:86)
	at org.junit.platform.launcher.core.SessionPerRequestLauncher.execute(SessionPerRequestLauncher.java:53)
	at org.apache.maven.surefire.junitplatform.JUnitPlatformProvider.execute(JUnitPlatformProvider.java:188)
	at org.apache.maven.surefire.junitplatform.JUnitPlatformProvider.invokeAllTests(JUnitPlatformProvider.java:154)
	at org.apache.maven.surefire.junitplatform.JUnitPlatformProvider.invoke(JUnitPlatformProvider.java:124)
	at org.apache.maven.surefire.booter.ForkedBooter.runSuitesInProcess(ForkedBooter.java:428)
	at org.apache.maven.surefire.booter.ForkedBooter.execute(ForkedBooter.java:162)
	at org.apache.maven.surefire.booter.ForkedBooter.run(ForkedBooter.java:562)
	at org.apache.maven.surefire.booter.ForkedBooter.main(ForkedBooter.java:548)

Sep 29, 2022 1:23:47 AM org.apache.ratis.thirdparty.io.grpc.internal.ManagedChannelOrphanWrapper$ManagedChannelReference cleanQueue
SEVERE: *~*~*~ Channel ManagedChannelImpl{logId=210, target=10.1.1.32:39911} was not shutdown properly!!! ~*~*~*
    Make sure to call shutdown()/shutdownNow() and wait until awaitTermination() returns true.
java.lang.RuntimeException: ManagedChannel allocation site
	at org.apache.ratis.thirdparty.io.grpc.internal.ManagedChannelOrphanWrapper$ManagedChannelReference.<init>(ManagedChannelOrphanWrapper.java:93)
	at org.apache.ratis.thirdparty.io.grpc.internal.ManagedChannelOrphanWrapper.<init>(ManagedChannelOrphanWrapper.java:53)
	at org.apache.ratis.thirdparty.io.grpc.internal.ManagedChannelOrphanWrapper.<init>(ManagedChannelOrphanWrapper.java:44)
	at org.apache.ratis.thirdparty.io.grpc.internal.ManagedChannelImplBuilder.build(ManagedChannelImplBuilder.java:630)
	at org.apache.ratis.thirdparty.io.grpc.internal.AbstractManagedChannelImplBuilder.build(AbstractManagedChannelImplBuilder.java:297)
	at org.apache.hadoop.hdds.scm.XceiverClientGrpc.connectToDatanode(XceiverClientGrpc.java:205)
	at org.apache.hadoop.hdds.scm.XceiverClientGrpc.connect(XceiverClientGrpc.java:158)
	at org.apache.hadoop.hdds.scm.XceiverClientManager$2.call(XceiverClientManager.java:243)
	at org.apache.hadoop.hdds.scm.XceiverClientManager$2.call(XceiverClientManager.java:224)
	at com.google.common.cache.LocalCache$LocalManualCache$1.load(LocalCache.java:4868)
	at com.google.common.cache.LocalCache$LoadingValueReference.loadFuture(LocalCache.java:3533)
	at com.google.common.cache.LocalCache$Segment.loadSync(LocalCache.java:2282)
	at com.google.common.cache.LocalCache$Segment.lockedGetOrLoad(LocalCache.java:2159)
	at com.google.common.cache.LocalCache$Segment.get(LocalCache.java:2049)
	at com.google.common.cache.LocalCache.get(LocalCache.java:3966)
	at com.google.common.cache.LocalCache$LocalManualCache.get(LocalCache.java:4863)
	at org.apache.hadoop.hdds.scm.XceiverClientManager.getClient(XceiverClientManager.java:224)
	at org.apache.hadoop.hdds.scm.XceiverClientManager.acquireClient(XceiverClientManager.java:168)
	at org.apache.hadoop.hdds.scm.XceiverClientManager.acquireClientForReadData(XceiverClientManager.java:157)
	at org.apache.hadoop.hdds.scm.storage.BlockInputStream.acquireClient(BlockInputStream.java:256)
	at org.apache.hadoop.hdds.scm.storage.BlockInputStream.getChunkInfos(BlockInputStream.java:223)
	at org.apache.hadoop.hdds.scm.storage.BlockInputStream.initialize(BlockInputStream.java:146)
	at org.apache.hadoop.hdds.scm.storage.BlockInputStream.readWithStrategy(BlockInputStream.java:283)
	at org.apache.hadoop.hdds.scm.storage.ExtendedInputStream.read(ExtendedInputStream.java:54)
	at org.apache.hadoop.hdds.scm.storage.ByteArrayReader.readFromBlock(ByteArrayReader.java:57)
	at org.apache.hadoop.ozone.client.io.KeyInputStream.readWithStrategy(KeyInputStream.java:273)
	at org.apache.hadoop.ozone.client.io.KeyInputStream.read(KeyInputStream.java:240)
	at org.apache.hadoop.ozone.client.io.OzoneInputStream.read(OzoneInputStream.java:56)
	at java.io.InputStream.read(InputStream.java:101)
	at org.apache.hadoop.ozone.om.TestOzoneManagerHAWithData.createMultipartKeyAndReadKey(TestOzoneManagerHAWithData.java:315)
	at org.apache.hadoop.ozone.om.TestOzoneManagerHAWithData.testMultipartUploadWithOneOmNodeDown(TestOzoneManagerHAWithData.java:272)
	at org.apache.hadoop.ozone.om.TestOzoneManagerHAWithData.testMultipartUpload(TestOzoneManagerHAWithData.java:104)
	at sun.reflect.NativeMethodAccessorImpl.invoke0(Native Method)
	at sun.reflect.NativeMethodAccessorImpl.invoke(NativeMethodAccessorImpl.java:62)
	at sun.reflect.DelegatingMethodAccessorImpl.invoke(DelegatingMethodAccessorImpl.java:43)
	at java.lang.reflect.Method.invoke(Method.java:498)
	at org.junit.platform.commons.util.ReflectionUtils.invokeMethod(ReflectionUtils.java:725)
	at org.junit.jupiter.engine.execution.MethodInvocation.proceed(MethodInvocation.java:60)
	at org.junit.jupiter.engine.execution.InvocationInterceptorChain$ValidatingInvocation.proceed(InvocationInterceptorChain.java:131)
	at org.junit.jupiter.engine.extension.TimeoutInvocation.proceed(TimeoutInvocation.java:46)
	at org.junit.jupiter.engine.extension.TimeoutExtension.intercept(TimeoutExtension.java:149)
	at org.junit.jupiter.engine.extension.TimeoutExtension.interceptTestableMethod(TimeoutExtension.java:140)
	at org.junit.jupiter.engine.extension.TimeoutExtension.interceptTestMethod(TimeoutExtension.java:84)
	at org.junit.jupiter.engine.execution.ExecutableInvoker$ReflectiveInterceptorCall.lambda$ofVoidMethod$0(ExecutableInvoker.java:115)
	at org.junit.jupiter.engine.execution.ExecutableInvoker.lambda$invoke$0(ExecutableInvoker.java:105)
	at org.junit.jupiter.engine.execution.InvocationInterceptorChain$InterceptedInvocation.proceed(InvocationInterceptorChain.java:106)
	at org.junit.jupiter.engine.execution.InvocationInterceptorChain.proceed(InvocationInterceptorChain.java:64)
	at org.junit.jupiter.engine.execution.InvocationInterceptorChain.chainAndInvoke(InvocationInterceptorChain.java:45)
	at org.junit.jupiter.engine.execution.InvocationInterceptorChain.invoke(InvocationInterceptorChain.java:37)
	at org.junit.jupiter.engine.execution.ExecutableInvoker.invoke(ExecutableInvoker.java:104)
	at org.junit.jupiter.engine.execution.ExecutableInvoker.invoke(ExecutableInvoker.java:98)
	at org.junit.jupiter.engine.descriptor.TestMethodTestDescriptor.lambda$invokeTestMethod$7(TestMethodTestDescriptor.java:214)
	at org.junit.platform.engine.support.hierarchical.ThrowableCollector.execute(ThrowableCollector.java:73)
	at org.junit.jupiter.engine.descriptor.TestMethodTestDescriptor.invokeTestMethod(TestMethodTestDescriptor.java:210)
	at org.junit.jupiter.engine.descriptor.TestMethodTestDescriptor.execute(TestMethodTestDescriptor.java:135)
	at org.junit.jupiter.engine.descriptor.TestMethodTestDescriptor.execute(TestMethodTestDescriptor.java:66)
	at org.junit.platform.engine.support.hierarchical.NodeTestTask.lambda$executeRecursively$6(NodeTestTask.java:151)
	at org.junit.platform.engine.support.hierarchical.ThrowableCollector.execute(ThrowableCollector.java:73)
	at org.junit.platform.engine.support.hierarchical.NodeTestTask.lambda$executeRecursively$8(NodeTestTask.java:141)
	at org.junit.platform.engine.support.hierarchical.Node.around(Node.java:137)
	at org.junit.platform.engine.support.hierarchical.NodeTestTask.lambda$executeRecursively$9(NodeTestTask.java:139)
	at org.junit.platform.engine.support.hierarchical.ThrowableCollector.execute(ThrowableCollector.java:73)
	at org.junit.platform.engine.support.hierarchical.NodeTestTask.executeRecursively(NodeTestTask.java:138)
	at org.junit.platform.engine.support.hierarchical.NodeTestTask.execute(NodeTestTask.java:95)
	at java.util.ArrayList.forEach(ArrayList.java:1259)
	at org.junit.platform.engine.support.hierarchical.SameThreadHierarchicalTestExecutorService.invokeAll(SameThreadHierarchicalTestExecutorService.java:41)
	at org.junit.platform.engine.support.hierarchical.NodeTestTask.lambda$executeRecursively$6(NodeTestTask.java:155)
	at org.junit.platform.engine.support.hierarchical.ThrowableCollector.execute(ThrowableCollector.java:73)
	at org.junit.platform.engine.support.hierarchical.NodeTestTask.lambda$executeRecursively$8(NodeTestTask.java:141)
	at org.junit.platform.engine.support.hierarchical.Node.around(Node.java:137)
	at org.junit.platform.engine.support.hierarchical.NodeTestTask.lambda$executeRecursively$9(NodeTestTask.java:139)
	at org.junit.platform.engine.support.hierarchical.ThrowableCollector.execute(ThrowableCollector.java:73)
	at org.junit.platform.engine.support.hierarchical.NodeTestTask.executeRecursively(NodeTestTask.java:138)
	at org.junit.platform.engine.support.hierarchical.NodeTestTask.execute(NodeTestTask.java:95)
	at java.util.ArrayList.forEach(ArrayList.java:1259)
	at org.junit.platform.engine.support.hierarchical.SameThreadHierarchicalTestExecutorService.invokeAll(SameThreadHierarchicalTestExecutorService.java:41)
	at org.junit.platform.engine.support.hierarchical.NodeTestTask.lambda$executeRecursively$6(NodeTestTask.java:155)
	at org.junit.platform.engine.support.hierarchical.ThrowableCollector.execute(ThrowableCollector.java:73)
	at org.junit.platform.engine.support.hierarchical.NodeTestTask.lambda$executeRecursively$8(NodeTestTask.java:141)
	at org.junit.platform.engine.support.hierarchical.Node.around(Node.java:137)
	at org.junit.platform.engine.support.hierarchical.NodeTestTask.lambda$executeRecursively$9(NodeTestTask.java:139)
	at org.junit.platform.engine.support.hierarchical.ThrowableCollector.execute(ThrowableCollector.java:73)
	at org.junit.platform.engine.support.hierarchical.NodeTestTask.executeRecursively(NodeTestTask.java:138)
	at org.junit.platform.engine.support.hierarchical.NodeTestTask.execute(NodeTestTask.java:95)
	at org.junit.platform.engine.support.hierarchical.SameThreadHierarchicalTestExecutorService.submit(SameThreadHierarchicalTestExecutorService.java:35)
	at org.junit.platform.engine.support.hierarchical.HierarchicalTestExecutor.execute(HierarchicalTestExecutor.java:57)
	at org.junit.platform.engine.support.hierarchical.HierarchicalTestEngine.execute(HierarchicalTestEngine.java:54)
	at org.junit.platform.launcher.core.EngineExecutionOrchestrator.execute(EngineExecutionOrchestrator.java:107)
	at org.junit.platform.launcher.core.EngineExecutionOrchestrator.execute(EngineExecutionOrchestrator.java:88)
	at org.junit.platform.launcher.core.EngineExecutionOrchestrator.lambda$execute$0(EngineExecutionOrchestrator.java:54)
	at org.junit.platform.launcher.core.EngineExecutionOrchestrator.withInterceptedStreams(EngineExecutionOrchestrator.java:67)
	at org.junit.platform.launcher.core.EngineExecutionOrchestrator.execute(EngineExecutionOrchestrator.java:52)
	at org.junit.platform.launcher.core.DefaultLauncher.execute(DefaultLauncher.java:114)
	at org.junit.platform.launcher.core.DefaultLauncher.execute(DefaultLauncher.java:86)
	at org.junit.platform.launcher.core.DefaultLauncherSession$DelegatingLauncher.execute(DefaultLauncherSession.java:86)
	at org.junit.platform.launcher.core.SessionPerRequestLauncher.execute(SessionPerRequestLauncher.java:53)
	at org.apache.maven.surefire.junitplatform.JUnitPlatformProvider.execute(JUnitPlatformProvider.java:188)
	at org.apache.maven.surefire.junitplatform.JUnitPlatformProvider.invokeAllTests(JUnitPlatformProvider.java:154)
	at org.apache.maven.surefire.junitplatform.JUnitPlatformProvider.invoke(JUnitPlatformProvider.java:124)
	at org.apache.maven.surefire.booter.ForkedBooter.runSuitesInProcess(ForkedBooter.java:428)
	at org.apache.maven.surefire.booter.ForkedBooter.execute(ForkedBooter.java:162)
	at org.apache.maven.surefire.booter.ForkedBooter.run(ForkedBooter.java:562)
	at org.apache.maven.surefire.booter.ForkedBooter.main(ForkedBooter.java:548)

]]></system-err>
  </testcase>
  <testcase name="testOMRestart" classname="org.apache.hadoop.ozone.om.TestOzoneManagerHAWithData" time="51.841">
    <system-out><![CDATA[2022-09-29 01:24:04,255 [Listener at localhost/41255] INFO  ozone.MiniOzoneClusterImpl (MiniOzoneClusterImpl.java:shutdown(448)) - Shutting down the Mini Ozone Cluster
2022-09-29 01:24:04,255 [Listener at localhost/41255] INFO  ozone.MiniOzoneHAClusterImpl (MiniOzoneHAClusterImpl.java:stop(312)) - Stopping the OzoneManager omNode-3
2022-09-29 01:24:04,256 [Listener at localhost/41255] INFO  om.OzoneManager (OzoneManager.java:stop(2035)) - omNode-3[localhost:46485]: Stopping Ozone Manager
2022-09-29 01:24:04,256 [Listener at localhost/41255] INFO  ozone.MiniOzoneHAClusterImpl (MiniOzoneHAClusterImpl.java:stop(312)) - Stopping the OzoneManager omNode-1
2022-09-29 01:24:04,256 [Listener at localhost/41255] INFO  om.OzoneManager (OzoneManager.java:stop(2035)) - omNode-1[localhost:37925]: Stopping Ozone Manager
2022-09-29 01:24:04,256 [Listener at localhost/41255] INFO  ozone.MiniOzoneHAClusterImpl (MiniOzoneHAClusterImpl.java:stop(312)) - Stopping the OzoneManager omNode-2
2022-09-29 01:24:04,256 [Listener at localhost/41255] INFO  om.OzoneManager (OzoneManager.java:stop(2035)) - omNode-2[localhost:41255]: Stopping Ozone Manager
2022-09-29 01:24:04,256 [Listener at localhost/41255] INFO  ozone.MiniOzoneHAClusterImpl (MiniOzoneHAClusterImpl.java:stop(320)) - Stopping the StorageContainerManager 71a93cbb-8ffd-42cb-9cb2-e15d1331859d
2022-09-29 01:24:04,256 [Listener at localhost/41255] INFO  server.StorageContainerManager (StorageContainerManager.java:stop(1528)) - Container Balancer is not running.
2022-09-29 01:24:04,256 [Listener at localhost/41255] INFO  server.StorageContainerManager (StorageContainerManager.java:stop(1535)) - Stopping Replication Manager Service.
2022-09-29 01:24:04,256 [Listener at localhost/41255] INFO  replication.ReplicationManager (ReplicationManager.java:stop(257)) - Stopping Replication Monitor Thread.
2022-09-29 01:24:04,257 [Under Replicated Processor] WARN  replication.UnderReplicatedProcessor (UnderReplicatedProcessor.java:run(148)) - Under Replicated Processor interrupted. Exiting...
2022-09-29 01:24:04,257 [Over Replicated Processor] WARN  replication.OverReplicatedProcessor (OverReplicatedProcessor.java:run(137)) - Over Replicated Processor interrupted. Exiting...
2022-09-29 01:24:04,257 [ReplicationMonitor] INFO  replication.ReplicationManager (ReplicationManager.java:run(509)) - Replication Monitor Thread is stopped
2022-09-29 01:24:04,257 [Listener at localhost/41255] INFO  server.StorageContainerManager (StorageContainerManager.java:stop(1542)) - Stopping the Datanode Admin Monitor.
2022-09-29 01:24:04,257 [Listener at localhost/41255] INFO  server.StorageContainerManager (StorageContainerManager.java:stop(1549)) - Stopping Lease Manager of the command watchers
2022-09-29 01:24:04,257 [Listener at localhost/41255] INFO  server.StorageContainerManager (StorageContainerManager.java:stop(1556)) - Stopping datanode service RPC server
2022-09-29 01:24:04,257 [Listener at localhost/41255] INFO  server.SCMDatanodeProtocolServer (SCMDatanodeProtocolServer.java:stop(414)) - Stopping the RPC server for DataNodes
2022-09-29 01:24:04,258 [Listener at localhost/41255] INFO  ipc.Server (Server.java:stop(3414)) - Stopping server on 42241
2022-09-29 01:24:04,258 [IPC Server listener on 0] INFO  ipc.Server (Server.java:run(1376)) - Stopping IPC Server listener on 0
2022-09-29 01:24:04,259 [IPC Server Responder] INFO  ipc.Server (Server.java:run(1512)) - Stopping IPC Server Responder
2022-09-29 01:24:04,340 [SCM Heartbeat Processing Thread - 0] WARN  node.NodeStateManager (NodeStateManager.java:scheduleNextHealthCheck(870)) - Current Thread is interrupted, shutting down HB processing thread for Node Manager.
2022-09-29 01:24:04,340 [Listener at localhost/41255] INFO  server.StorageContainerManager (StorageContainerManager.java:stop(1564)) - Stopping block service RPC server
2022-09-29 01:24:04,340 [Listener at localhost/41255] INFO  server.SCMBlockProtocolServer (SCMBlockProtocolServer.java:stop(161)) - Stopping the RPC server for Block Protocol
2022-09-29 01:24:04,340 [Listener at localhost/41255] INFO  ipc.Server (Server.java:stop(3414)) - Stopping server on 40603
2022-09-29 01:24:04,341 [IPC Server Responder] INFO  ipc.Server (Server.java:run(1512)) - Stopping IPC Server Responder
2022-09-29 01:24:04,341 [IPC Server listener on 0] INFO  ipc.Server (Server.java:run(1376)) - Stopping IPC Server listener on 0
2022-09-29 01:24:04,341 [Listener at localhost/41255] INFO  server.StorageContainerManager (StorageContainerManager.java:stop(1571)) - Stopping the StorageContainerLocationProtocol RPC server
2022-09-29 01:24:04,342 [Listener at localhost/41255] INFO  server.SCMClientProtocolServer (SCMClientProtocolServer.java:stop(179)) - Stopping the RPC server for Client Protocol
2022-09-29 01:24:04,342 [Listener at localhost/41255] INFO  ipc.Server (Server.java:stop(3414)) - Stopping server on 33085
2022-09-29 01:24:04,344 [IPC Server listener on 0] INFO  ipc.Server (Server.java:run(1376)) - Stopping IPC Server listener on 0
2022-09-29 01:24:04,345 [IPC Server Responder] INFO  ipc.Server (Server.java:run(1512)) - Stopping IPC Server Responder
2022-09-29 01:24:04,345 [Listener at localhost/41255] INFO  server.StorageContainerManager (StorageContainerManager.java:stop(1578)) - Stopping Storage Container Manager HTTP server.
2022-09-29 01:24:04,345 [Listener at localhost/41255] INFO  handler.ContextHandler (ContextHandler.java:doStop(1153)) - Stopped o.e.j.w.WebAppContext@28705150{scm,/,null,STOPPED}{file:/home/runner/work/ozone/ozone/hadoop-ozone/integration-test/target/test-classes/webapps/scm}
2022-09-29 01:24:04,346 [Listener at localhost/41255] INFO  server.AbstractConnector (AbstractConnector.java:doStop(381)) - Stopped ServerConnector@3545c913{HTTP/1.1, (http/1.1)}{0.0.0.0:0}
2022-09-29 01:24:04,346 [Listener at localhost/41255] INFO  server.session (HouseKeeper.java:stopScavenging(149)) - node0 Stopped scavenging
2022-09-29 01:24:04,346 [Listener at localhost/41255] INFO  handler.ContextHandler (ContextHandler.java:doStop(1153)) - Stopped o.e.j.s.ServletContextHandler@2db4a84a{static,/static,file:///home/runner/work/ozone/ozone/hadoop-ozone/integration-test/target/test-classes/webapps/static,STOPPED}
2022-09-29 01:24:04,347 [Listener at localhost/41255] INFO  handler.ContextHandler (ContextHandler.java:doStop(1153)) - Stopped o.e.j.s.ServletContextHandler@53086bdc{logs,/logs,file:///home/runner/work/ozone/ozone/hadoop-ozone/integration-test/target/log,STOPPED}
2022-09-29 01:24:04,348 [Listener at localhost/41255] INFO  server.StorageContainerManager (StorageContainerManager.java:stop(1584)) - Stopping SCM LayoutVersionManager Service.
2022-09-29 01:24:04,348 [Listener at localhost/41255] INFO  server.StorageContainerManager (StorageContainerManager.java:stop(1592)) - Stopping Block Manager Service.
2022-09-29 01:24:04,348 [Listener at localhost/41255] INFO  utils.BackgroundService (BackgroundService.java:shutdown(141)) - Shutting down service SCMBlockDeletingService
2022-09-29 01:24:04,348 [Listener at localhost/41255] INFO  utils.BackgroundService (BackgroundService.java:shutdown(141)) - Shutting down service SCMBlockDeletingService
2022-09-29 01:24:04,348 [Listener at localhost/41255] INFO  server.StorageContainerManager (StorageContainerManager.java:stop(1619)) - Stopping SCM Event Queue.
2022-09-29 01:24:04,350 [Listener at localhost/41255] INFO  server.StorageContainerManager (StorageContainerManager.java:stop(1630)) - Stopping SCM HA services.
2022-09-29 01:24:04,350 [Listener at localhost/41255] INFO  pipeline.BackgroundPipelineCreator (BackgroundPipelineCreator.java:stop(149)) - Stopping RatisPipelineUtilsThread.
2022-09-29 01:24:04,351 [RatisPipelineUtilsThread - 0] WARN  pipeline.BackgroundPipelineCreator (BackgroundPipelineCreator.java:run(180)) - RatisPipelineUtilsThread is interrupted.
2022-09-29 01:24:04,351 [BackgroundPipelineScrubberThread] WARN  BackgroundPipelineScrubber (BackgroundSCMService.java:run(115)) - BackgroundPipelineScrubber is interrupted, exit
2022-09-29 01:24:04,351 [Listener at localhost/41255] INFO  BackgroundPipelineScrubber (BackgroundSCMService.java:stop(131)) - Stopping BackgroundPipelineScrubber Service.
2022-09-29 01:24:04,351 [Listener at localhost/41255] INFO  server.StorageContainerManager (StorageContainerManager.java:stop(1640)) - Stopping SCM MetadataStore.
2022-09-29 01:24:04,353 [Listener at localhost/41255] INFO  impl.MetricsSystemImpl (MetricsSystemImpl.java:stop(210)) - Stopping OzoneManager metrics system...
2022-09-29 01:24:04,359 [prometheus] INFO  impl.MetricsSinkAdapter (MetricsSinkAdapter.java:publishMetricsFromQueue(141)) - prometheus thread interrupted.
2022-09-29 01:24:04,360 [Listener at localhost/41255] INFO  impl.MetricsSystemImpl (MetricsSystemImpl.java:stop(216)) - OzoneManager metrics system stopped.
2022-09-29 01:24:04,360 [Listener at localhost/41255] INFO  ozone.MiniOzoneClusterImpl (MiniOzoneClusterImpl.java:stop(463)) - Stopping the Mini Ozone Cluster
2022-09-29 01:24:04,360 [Listener at localhost/41255] INFO  ozone.MiniOzoneClusterImpl (MiniOzoneClusterImpl.java:stopDatanodes(522)) - Stopping the HddsDatanodes
2022-09-29 01:24:05,109 [omNode-3@group-523986131536-FollowerState] INFO  impl.FollowerState (FollowerState.java:run(143)) - omNode-3@group-523986131536-FollowerState: change to CANDIDATE, lastRpcElapsedTime:1019419751ns, electionTimeout:1019ms
2022-09-29 01:24:05,109 [omNode-3@group-523986131536-FollowerState] INFO  impl.RoleInfo (RoleInfo.java:shutdownFollowerState(110)) - omNode-3: shutdown omNode-3@group-523986131536-FollowerState
2022-09-29 01:24:05,109 [omNode-3@group-523986131536-FollowerState] INFO  server.RaftServer$Division (RaftServerImpl.java:setRole(299)) - omNode-3@group-523986131536: changes role from  FOLLOWER to CANDIDATE at term 9 for changeToCandidate
2022-09-29 01:24:05,110 [omNode-3@group-523986131536-FollowerState] INFO  server.RaftServerConfigKeys (ConfUtils.java:logGet(46)) - raft.server.leaderelection.pre-vote = false (custom)
2022-09-29 01:24:05,110 [omNode-3@group-523986131536-FollowerState] INFO  impl.RoleInfo (RoleInfo.java:updateAndGet(139)) - omNode-3: start omNode-3@group-523986131536-LeaderElection21
2022-09-29 01:24:05,112 [omNode-3@group-523986131536-LeaderElection21] INFO  impl.LeaderElection (LeaderElection.java:askForVotes(310)) - omNode-3@group-523986131536-LeaderElection21 ELECTION round 0: submit vote requests at term 10 for 145: [omNode-3|rpc:localhost:45481|admin:|client:|dataStream:|priority:0, omNode-1|rpc:localhost:40693|admin:|client:|dataStream:|priority:0, omNode-2|rpc:localhost:42303|admin:|client:|dataStream:|priority:0], old=null
2022-09-29 01:24:05,113 [omNode-3@group-523986131536-LeaderElection21] INFO  impl.LeaderElection (LogUtils.java:infoOrTrace(137)) - omNode-3@group-523986131536-LeaderElection21 got exception when requesting votes: java.util.concurrent.ExecutionException: org.apache.ratis.thirdparty.io.grpc.StatusRuntimeException: UNAVAILABLE: io exception
2022-09-29 01:24:05,113 [omNode-3@group-523986131536-LeaderElection21] INFO  impl.LeaderElection (LogUtils.java:infoOrTrace(137)) - omNode-3@group-523986131536-LeaderElection21 got exception when requesting votes: java.util.concurrent.ExecutionException: org.apache.ratis.thirdparty.io.grpc.StatusRuntimeException: UNAVAILABLE: io exception
2022-09-29 01:24:05,113 [omNode-3@group-523986131536-LeaderElection21] INFO  impl.LeaderElection (LeaderElection.java:logAndReturn(90)) - omNode-3@group-523986131536-LeaderElection21: ELECTION REJECTED received 0 response(s) and 2 exception(s):
2022-09-29 01:24:05,113 [omNode-3@group-523986131536-LeaderElection21] INFO  impl.LeaderElection (LogUtils.java:infoOrTrace(137)) -   Exception 0: java.util.concurrent.ExecutionException: org.apache.ratis.thirdparty.io.grpc.StatusRuntimeException: UNAVAILABLE: io exception
2022-09-29 01:24:05,113 [omNode-3@group-523986131536-LeaderElection21] INFO  impl.LeaderElection (LogUtils.java:infoOrTrace(137)) -   Exception 1: java.util.concurrent.ExecutionException: org.apache.ratis.thirdparty.io.grpc.StatusRuntimeException: UNAVAILABLE: io exception
2022-09-29 01:24:05,113 [omNode-3@group-523986131536-LeaderElection21] INFO  impl.LeaderElection (LeaderElection.java:askForVotes(312)) - omNode-3@group-523986131536-LeaderElection21 ELECTION round 0: result REJECTED
2022-09-29 01:24:05,113 [omNode-3@group-523986131536-LeaderElection21] INFO  server.RaftServer$Division (RaftServerImpl.java:setRole(299)) - omNode-3@group-523986131536: changes role from CANDIDATE to FOLLOWER at term 10 for REJECTED
2022-09-29 01:24:05,114 [omNode-3@group-523986131536-LeaderElection21] INFO  impl.RoleInfo (RoleInfo.java:shutdownLeaderElection(130)) - omNode-3: shutdown omNode-3@group-523986131536-LeaderElection21
2022-09-29 01:24:05,114 [omNode-3@group-523986131536-LeaderElection21] INFO  impl.RoleInfo (RoleInfo.java:updateAndGet(139)) - omNode-3: start omNode-3@group-523986131536-FollowerState
2022-09-29 01:24:05,133 [EndpointStateMachine task thread for /0.0.0.0:42241 - 0 ] WARN  statemachine.EndpointStateMachine (EndpointStateMachine.java:logIfNeeded(241)) - Unable to communicate to SCM server at 0.0.0.0:42241 for past 0 seconds.
java.io.EOFException: End of File Exception between local host is: "fv-az182-579/10.1.1.32"; destination host is: "0.0.0.0":42241; : java.io.EOFException; For more details see:  http://wiki.apache.org/hadoop/EOFException
	at sun.reflect.NativeConstructorAccessorImpl.newInstance0(Native Method)
	at sun.reflect.NativeConstructorAccessorImpl.newInstance(NativeConstructorAccessorImpl.java:62)
	at sun.reflect.DelegatingConstructorAccessorImpl.newInstance(DelegatingConstructorAccessorImpl.java:45)
	at java.lang.reflect.Constructor.newInstance(Constructor.java:423)
	at org.apache.hadoop.net.NetUtils.wrapWithMessage(NetUtils.java:913)
	at org.apache.hadoop.net.NetUtils.wrapException(NetUtils.java:862)
	at org.apache.hadoop.ipc.Client.getRpcResponse(Client.java:1577)
	at org.apache.hadoop.ipc.Client.call(Client.java:1519)
	at org.apache.hadoop.ipc.Client.call(Client.java:1416)
	at org.apache.hadoop.ipc.ProtobufRpcEngine$Invoker.invoke(ProtobufRpcEngine.java:236)
	at org.apache.hadoop.ipc.ProtobufRpcEngine$Invoker.invoke(ProtobufRpcEngine.java:123)
	at com.sun.proxy.$Proxy54.submitRequest(Unknown Source)
	at org.apache.hadoop.ozone.protocolPB.StorageContainerDatanodeProtocolClientSideTranslatorPB.submitRequest(StorageContainerDatanodeProtocolClientSideTranslatorPB.java:117)
	at org.apache.hadoop.ozone.protocolPB.StorageContainerDatanodeProtocolClientSideTranslatorPB.sendHeartbeat(StorageContainerDatanodeProtocolClientSideTranslatorPB.java:149)
	at org.apache.hadoop.ozone.container.common.states.endpoint.HeartbeatEndpointTask.call(HeartbeatEndpointTask.java:185)
	at org.apache.hadoop.ozone.container.common.states.endpoint.HeartbeatEndpointTask.call(HeartbeatEndpointTask.java:87)
	at java.util.concurrent.FutureTask.run(FutureTask.java:266)
	at java.util.concurrent.ThreadPoolExecutor.runWorker(ThreadPoolExecutor.java:1149)
	at java.util.concurrent.ThreadPoolExecutor$Worker.run(ThreadPoolExecutor.java:624)
	at java.lang.Thread.run(Thread.java:750)
Caused by: java.io.EOFException
	at java.io.DataInputStream.readInt(DataInputStream.java:392)
	at org.apache.hadoop.ipc.Client$IpcStreams.readResponse(Client.java:1892)
	at org.apache.hadoop.ipc.Client$Connection.receiveRpcResponse(Client.java:1202)
	at org.apache.hadoop.ipc.Client$Connection.run(Client.java:1098)
2022-09-29 01:24:06,161 [omNode-3@group-523986131536-FollowerState] INFO  impl.FollowerState (FollowerState.java:run(143)) - omNode-3@group-523986131536-FollowerState: change to CANDIDATE, lastRpcElapsedTime:1047017688ns, electionTimeout:1038ms
2022-09-29 01:24:06,161 [omNode-3@group-523986131536-FollowerState] INFO  impl.RoleInfo (RoleInfo.java:shutdownFollowerState(110)) - omNode-3: shutdown omNode-3@group-523986131536-FollowerState
2022-09-29 01:24:06,161 [omNode-3@group-523986131536-FollowerState] INFO  server.RaftServer$Division (RaftServerImpl.java:setRole(299)) - omNode-3@group-523986131536: changes role from  FOLLOWER to CANDIDATE at term 10 for changeToCandidate
2022-09-29 01:24:06,161 [omNode-3@group-523986131536-FollowerState] INFO  server.RaftServerConfigKeys (ConfUtils.java:logGet(46)) - raft.server.leaderelection.pre-vote = false (custom)
2022-09-29 01:24:06,161 [omNode-3@group-523986131536-FollowerState] INFO  impl.RoleInfo (RoleInfo.java:updateAndGet(139)) - omNode-3: start omNode-3@group-523986131536-LeaderElection22
2022-09-29 01:24:06,163 [omNode-3@group-523986131536-LeaderElection22] INFO  impl.LeaderElection (LeaderElection.java:askForVotes(310)) - omNode-3@group-523986131536-LeaderElection22 ELECTION round 0: submit vote requests at term 11 for 145: [omNode-3|rpc:localhost:45481|admin:|client:|dataStream:|priority:0, omNode-1|rpc:localhost:40693|admin:|client:|dataStream:|priority:0, omNode-2|rpc:localhost:42303|admin:|client:|dataStream:|priority:0], old=null
2022-09-29 01:24:06,165 [omNode-3@group-523986131536-LeaderElection22] INFO  impl.LeaderElection (LogUtils.java:infoOrTrace(137)) - omNode-3@group-523986131536-LeaderElection22 got exception when requesting votes: java.util.concurrent.ExecutionException: org.apache.ratis.thirdparty.io.grpc.StatusRuntimeException: UNAVAILABLE: io exception
2022-09-29 01:24:06,165 [omNode-3@group-523986131536-LeaderElection22] INFO  impl.LeaderElection (LogUtils.java:infoOrTrace(137)) - omNode-3@group-523986131536-LeaderElection22 got exception when requesting votes: java.util.concurrent.ExecutionException: org.apache.ratis.thirdparty.io.grpc.StatusRuntimeException: UNAVAILABLE: io exception
2022-09-29 01:24:06,166 [omNode-3@group-523986131536-LeaderElection22] INFO  impl.LeaderElection (LeaderElection.java:logAndReturn(90)) - omNode-3@group-523986131536-LeaderElection22: ELECTION REJECTED received 0 response(s) and 2 exception(s):
2022-09-29 01:24:06,166 [omNode-3@group-523986131536-LeaderElection22] INFO  impl.LeaderElection (LogUtils.java:infoOrTrace(137)) -   Exception 0: java.util.concurrent.ExecutionException: org.apache.ratis.thirdparty.io.grpc.StatusRuntimeException: UNAVAILABLE: io exception
2022-09-29 01:24:06,166 [omNode-3@group-523986131536-LeaderElection22] INFO  impl.LeaderElection (LogUtils.java:infoOrTrace(137)) -   Exception 1: java.util.concurrent.ExecutionException: org.apache.ratis.thirdparty.io.grpc.StatusRuntimeException: UNAVAILABLE: io exception
2022-09-29 01:24:06,166 [omNode-3@group-523986131536-LeaderElection22] INFO  impl.LeaderElection (LeaderElection.java:askForVotes(312)) - omNode-3@group-523986131536-LeaderElection22 ELECTION round 0: result REJECTED
2022-09-29 01:24:06,166 [omNode-3@group-523986131536-LeaderElection22] INFO  server.RaftServer$Division (RaftServerImpl.java:setRole(299)) - omNode-3@group-523986131536: changes role from CANDIDATE to FOLLOWER at term 11 for REJECTED
2022-09-29 01:24:06,166 [omNode-3@group-523986131536-LeaderElection22] INFO  impl.RoleInfo (RoleInfo.java:shutdownLeaderElection(130)) - omNode-3: shutdown omNode-3@group-523986131536-LeaderElection22
2022-09-29 01:24:06,166 [omNode-3@group-523986131536-LeaderElection22] INFO  impl.RoleInfo (RoleInfo.java:updateAndGet(139)) - omNode-3: start omNode-3@group-523986131536-FollowerState
2022-09-29 01:24:07,133 [EndpointStateMachine task thread for /0.0.0.0:42241 - 0 ] INFO  ipc.Client (Client.java:handleConnectionFailure(977)) - Retrying connect to server: 0.0.0.0/0.0.0.0:42241. Already tried 0 time(s); retry policy is RetryUpToMaximumCountWithFixedSleep(maxRetries=15, sleepTime=1000 MILLISECONDS)
2022-09-29 01:24:07,213 [omNode-3@group-523986131536-FollowerState] INFO  impl.FollowerState (FollowerState.java:run(143)) - omNode-3@group-523986131536-FollowerState: change to CANDIDATE, lastRpcElapsedTime:1046880024ns, electionTimeout:1042ms
2022-09-29 01:24:07,213 [omNode-3@group-523986131536-FollowerState] INFO  impl.RoleInfo (RoleInfo.java:shutdownFollowerState(110)) - omNode-3: shutdown omNode-3@group-523986131536-FollowerState
2022-09-29 01:24:07,213 [omNode-3@group-523986131536-FollowerState] INFO  server.RaftServer$Division (RaftServerImpl.java:setRole(299)) - omNode-3@group-523986131536: changes role from  FOLLOWER to CANDIDATE at term 11 for changeToCandidate
2022-09-29 01:24:07,213 [omNode-3@group-523986131536-FollowerState] INFO  server.RaftServerConfigKeys (ConfUtils.java:logGet(46)) - raft.server.leaderelection.pre-vote = false (custom)
2022-09-29 01:24:07,213 [omNode-3@group-523986131536-FollowerState] INFO  impl.RoleInfo (RoleInfo.java:updateAndGet(139)) - omNode-3: start omNode-3@group-523986131536-LeaderElection23
2022-09-29 01:24:07,215 [omNode-3@group-523986131536-LeaderElection23] INFO  impl.LeaderElection (LeaderElection.java:askForVotes(310)) - omNode-3@group-523986131536-LeaderElection23 ELECTION round 0: submit vote requests at term 12 for 145: [omNode-3|rpc:localhost:45481|admin:|client:|dataStream:|priority:0, omNode-1|rpc:localhost:40693|admin:|client:|dataStream:|priority:0, omNode-2|rpc:localhost:42303|admin:|client:|dataStream:|priority:0], old=null
2022-09-29 01:24:07,216 [omNode-3@group-523986131536-LeaderElection23] INFO  impl.LeaderElection (LogUtils.java:infoOrTrace(137)) - omNode-3@group-523986131536-LeaderElection23 got exception when requesting votes: java.util.concurrent.ExecutionException: org.apache.ratis.thirdparty.io.grpc.StatusRuntimeException: UNAVAILABLE: io exception
2022-09-29 01:24:07,216 [omNode-3@group-523986131536-LeaderElection23] INFO  impl.LeaderElection (LogUtils.java:infoOrTrace(137)) - omNode-3@group-523986131536-LeaderElection23 got exception when requesting votes: java.util.concurrent.ExecutionException: org.apache.ratis.thirdparty.io.grpc.StatusRuntimeException: UNAVAILABLE: io exception
2022-09-29 01:24:07,216 [omNode-3@group-523986131536-LeaderElection23] INFO  impl.LeaderElection (LeaderElection.java:logAndReturn(90)) - omNode-3@group-523986131536-LeaderElection23: ELECTION REJECTED received 0 response(s) and 2 exception(s):
2022-09-29 01:24:07,216 [omNode-3@group-523986131536-LeaderElection23] INFO  impl.LeaderElection (LogUtils.java:infoOrTrace(137)) -   Exception 0: java.util.concurrent.ExecutionException: org.apache.ratis.thirdparty.io.grpc.StatusRuntimeException: UNAVAILABLE: io exception
2022-09-29 01:24:07,216 [omNode-3@group-523986131536-LeaderElection23] INFO  impl.LeaderElection (LogUtils.java:infoOrTrace(137)) -   Exception 1: java.util.concurrent.ExecutionException: org.apache.ratis.thirdparty.io.grpc.StatusRuntimeException: UNAVAILABLE: io exception
2022-09-29 01:24:07,216 [omNode-3@group-523986131536-LeaderElection23] INFO  impl.LeaderElection (LeaderElection.java:askForVotes(312)) - omNode-3@group-523986131536-LeaderElection23 ELECTION round 0: result REJECTED
2022-09-29 01:24:07,216 [omNode-3@group-523986131536-LeaderElection23] INFO  server.RaftServer$Division (RaftServerImpl.java:setRole(299)) - omNode-3@group-523986131536: changes role from CANDIDATE to FOLLOWER at term 12 for REJECTED
2022-09-29 01:24:07,216 [omNode-3@group-523986131536-LeaderElection23] INFO  impl.RoleInfo (RoleInfo.java:shutdownLeaderElection(130)) - omNode-3: shutdown omNode-3@group-523986131536-LeaderElection23
2022-09-29 01:24:07,216 [omNode-3@group-523986131536-LeaderElection23] INFO  impl.RoleInfo (RoleInfo.java:updateAndGet(139)) - omNode-3: start omNode-3@group-523986131536-FollowerState
2022-09-29 01:24:08,134 [EndpointStateMachine task thread for /0.0.0.0:42241 - 0 ] INFO  ipc.Client (Client.java:handleConnectionFailure(977)) - Retrying connect to server: 0.0.0.0/0.0.0.0:42241. Already tried 1 time(s); retry policy is RetryUpToMaximumCountWithFixedSleep(maxRetries=15, sleepTime=1000 MILLISECONDS)
2022-09-29 01:24:08,295 [omNode-3@group-523986131536-FollowerState] INFO  impl.FollowerState (FollowerState.java:run(143)) - omNode-3@group-523986131536-FollowerState: change to CANDIDATE, lastRpcElapsedTime:1078463597ns, electionTimeout:1078ms
2022-09-29 01:24:08,295 [omNode-3@group-523986131536-FollowerState] INFO  impl.RoleInfo (RoleInfo.java:shutdownFollowerState(110)) - omNode-3: shutdown omNode-3@group-523986131536-FollowerState
2022-09-29 01:24:08,295 [omNode-3@group-523986131536-FollowerState] INFO  server.RaftServer$Division (RaftServerImpl.java:setRole(299)) - omNode-3@group-523986131536: changes role from  FOLLOWER to CANDIDATE at term 12 for changeToCandidate
2022-09-29 01:24:08,295 [omNode-3@group-523986131536-FollowerState] INFO  server.RaftServerConfigKeys (ConfUtils.java:logGet(46)) - raft.server.leaderelection.pre-vote = false (custom)
2022-09-29 01:24:08,296 [omNode-3@group-523986131536-FollowerState] INFO  impl.RoleInfo (RoleInfo.java:updateAndGet(139)) - omNode-3: start omNode-3@group-523986131536-LeaderElection24
2022-09-29 01:24:08,299 [omNode-3@group-523986131536-LeaderElection24] INFO  impl.LeaderElection (LeaderElection.java:askForVotes(310)) - omNode-3@group-523986131536-LeaderElection24 ELECTION round 0: submit vote requests at term 13 for 145: [omNode-3|rpc:localhost:45481|admin:|client:|dataStream:|priority:0, omNode-1|rpc:localhost:40693|admin:|client:|dataStream:|priority:0, omNode-2|rpc:localhost:42303|admin:|client:|dataStream:|priority:0], old=null
2022-09-29 01:24:08,299 [omNode-3@group-523986131536-LeaderElection24] INFO  impl.LeaderElection (LogUtils.java:infoOrTrace(137)) - omNode-3@group-523986131536-LeaderElection24 got exception when requesting votes: java.util.concurrent.ExecutionException: org.apache.ratis.thirdparty.io.grpc.StatusRuntimeException: UNAVAILABLE: io exception
2022-09-29 01:24:08,300 [omNode-3@group-523986131536-LeaderElection24] INFO  impl.LeaderElection (LogUtils.java:infoOrTrace(137)) - omNode-3@group-523986131536-LeaderElection24 got exception when requesting votes: java.util.concurrent.ExecutionException: org.apache.ratis.thirdparty.io.grpc.StatusRuntimeException: UNAVAILABLE: io exception
2022-09-29 01:24:08,300 [omNode-3@group-523986131536-LeaderElection24] INFO  impl.LeaderElection (LeaderElection.java:logAndReturn(90)) - omNode-3@group-523986131536-LeaderElection24: ELECTION REJECTED received 0 response(s) and 2 exception(s):
2022-09-29 01:24:08,300 [omNode-3@group-523986131536-LeaderElection24] INFO  impl.LeaderElection (LogUtils.java:infoOrTrace(137)) -   Exception 0: java.util.concurrent.ExecutionException: org.apache.ratis.thirdparty.io.grpc.StatusRuntimeException: UNAVAILABLE: io exception
2022-09-29 01:24:08,300 [omNode-3@group-523986131536-LeaderElection24] INFO  impl.LeaderElection (LogUtils.java:infoOrTrace(137)) -   Exception 1: java.util.concurrent.ExecutionException: org.apache.ratis.thirdparty.io.grpc.StatusRuntimeException: UNAVAILABLE: io exception
2022-09-29 01:24:08,300 [omNode-3@group-523986131536-LeaderElection24] INFO  impl.LeaderElection (LeaderElection.java:askForVotes(312)) - omNode-3@group-523986131536-LeaderElection24 ELECTION round 0: result REJECTED
2022-09-29 01:24:08,300 [omNode-3@group-523986131536-LeaderElection24] INFO  server.RaftServer$Division (RaftServerImpl.java:setRole(299)) - omNode-3@group-523986131536: changes role from CANDIDATE to FOLLOWER at term 13 for REJECTED
2022-09-29 01:24:08,300 [omNode-3@group-523986131536-LeaderElection24] INFO  impl.RoleInfo (RoleInfo.java:shutdownLeaderElection(130)) - omNode-3: shutdown omNode-3@group-523986131536-LeaderElection24
2022-09-29 01:24:08,300 [omNode-3@group-523986131536-LeaderElection24] INFO  impl.RoleInfo (RoleInfo.java:updateAndGet(139)) - omNode-3: start omNode-3@group-523986131536-FollowerState
2022-09-29 01:24:09,135 [EndpointStateMachine task thread for /0.0.0.0:42241 - 0 ] INFO  ipc.Client (Client.java:handleConnectionFailure(977)) - Retrying connect to server: 0.0.0.0/0.0.0.0:42241. Already tried 2 time(s); retry policy is RetryUpToMaximumCountWithFixedSleep(maxRetries=15, sleepTime=1000 MILLISECONDS)
2022-09-29 01:24:09,362 [Listener at localhost/41255] INFO  ozoneimpl.OzoneContainer (OzoneContainer.java:stop(400)) - Attempting to stop container services.
2022-09-29 01:24:09,363 [ForkJoinPool.commonPool-worker-1] INFO  ozoneimpl.OzoneContainer (OzoneContainer.java:stop(400)) - Attempting to stop container services.
2022-09-29 01:24:09,363 [Listener at localhost/41255] INFO  server.RaftServer (RaftServerProxy.java:lambda$close$7(398)) - 607e46f6-8430-4252-8b38-005d1aa49d3c: close
2022-09-29 01:24:09,363 [ForkJoinPool.commonPool-worker-1] INFO  server.RaftServer (RaftServerProxy.java:lambda$close$7(398)) - 574ea199-4fc5-4e12-82c5-94eb8c91283e: close
2022-09-29 01:24:09,364 [Listener at localhost/41255] INFO  server.RaftServer$Division (RaftServerImpl.java:lambda$close$4(434)) - 607e46f6-8430-4252-8b38-005d1aa49d3c@group-A1433E37E7D3: shutdown
2022-09-29 01:24:09,364 [Listener at localhost/41255] INFO  util.JmxRegister (JmxRegister.java:unregister(73)) - Successfully un-registered JMX Bean with object name Ratis:service=RaftServer,group=group-A1433E37E7D3,id=607e46f6-8430-4252-8b38-005d1aa49d3c
2022-09-29 01:24:09,364 [Listener at localhost/41255] INFO  impl.RoleInfo (RoleInfo.java:shutdownFollowerState(110)) - 607e46f6-8430-4252-8b38-005d1aa49d3c: shutdown 607e46f6-8430-4252-8b38-005d1aa49d3c@group-A1433E37E7D3-FollowerState
2022-09-29 01:24:09,364 [ForkJoinPool.commonPool-worker-1] INFO  server.RaftServer$Division (RaftServerImpl.java:lambda$close$4(434)) - 574ea199-4fc5-4e12-82c5-94eb8c91283e@group-A54044E036FB: shutdown
2022-09-29 01:24:09,364 [ForkJoinPool.commonPool-worker-1] INFO  util.JmxRegister (JmxRegister.java:unregister(73)) - Successfully un-registered JMX Bean with object name Ratis:service=RaftServer,group=group-A54044E036FB,id=574ea199-4fc5-4e12-82c5-94eb8c91283e
2022-09-29 01:24:09,365 [ForkJoinPool.commonPool-worker-1] INFO  impl.RoleInfo (RoleInfo.java:shutdownLeaderState(93)) - 574ea199-4fc5-4e12-82c5-94eb8c91283e: shutdown 574ea199-4fc5-4e12-82c5-94eb8c91283e@group-A54044E036FB-LeaderStateImpl
2022-09-29 01:24:09,365 [ForkJoinPool.commonPool-worker-1] INFO  impl.PendingRequests (PendingRequests.java:sendNotLeaderResponses(282)) - 574ea199-4fc5-4e12-82c5-94eb8c91283e@group-A54044E036FB-PendingRequests: sendNotLeaderResponses
2022-09-29 01:24:09,365 [607e46f6-8430-4252-8b38-005d1aa49d3c@group-A1433E37E7D3-StateMachineUpdater] INFO  ratis.ContainerStateMachine (ContainerStateMachine.java:takeSnapshot(304)) - group-A1433E37E7D3: Taking a snapshot at:(t:2, i:0) file /home/runner/work/ozone/ozone/hadoop-ozone/integration-test/target/test-dir/MiniOzoneClusterImpl-a442e60d-e435-415e-98a9-f45e33772b0d/datanode-1/data/ratis/7134ed8b-2986-49c9-be5f-a1433e37e7d3/sm/snapshot.2_0
2022-09-29 01:24:09,364 [Listener at localhost/41255] INFO  impl.StateMachineUpdater (StateMachineUpdater.java:stopAndJoin(153)) - 607e46f6-8430-4252-8b38-005d1aa49d3c@group-A1433E37E7D3-StateMachineUpdater: set stopIndex = 0
2022-09-29 01:24:09,364 [607e46f6-8430-4252-8b38-005d1aa49d3c@group-A1433E37E7D3-FollowerState] INFO  impl.FollowerState (FollowerState.java:run(152)) - 607e46f6-8430-4252-8b38-005d1aa49d3c@group-A1433E37E7D3-FollowerState was interrupted
2022-09-29 01:24:09,369 [ForkJoinPool.commonPool-worker-1] INFO  impl.StateMachineUpdater (StateMachineUpdater.java:stopAndJoin(153)) - 574ea199-4fc5-4e12-82c5-94eb8c91283e@group-A54044E036FB-StateMachineUpdater: set stopIndex = 12
2022-09-29 01:24:09,372 [574ea199-4fc5-4e12-82c5-94eb8c91283e@group-A54044E036FB-StateMachineUpdater] INFO  ratis.ContainerStateMachine (ContainerStateMachine.java:takeSnapshot(304)) - group-A54044E036FB: Taking a snapshot at:(t:1, i:12) file /home/runner/work/ozone/ozone/hadoop-ozone/integration-test/target/test-dir/MiniOzoneClusterImpl-a442e60d-e435-415e-98a9-f45e33772b0d/datanode-0/data/ratis/f9f9d737-c6d4-48cc-b8fb-a54044e036fb/sm/snapshot.1_12
2022-09-29 01:24:09,383 [607e46f6-8430-4252-8b38-005d1aa49d3c@group-A1433E37E7D3-StateMachineUpdater] INFO  ratis.ContainerStateMachine (ContainerStateMachine.java:takeSnapshot(315)) - group-A1433E37E7D3: Finished taking a snapshot at:(t:2, i:0) file:/home/runner/work/ozone/ozone/hadoop-ozone/integration-test/target/test-dir/MiniOzoneClusterImpl-a442e60d-e435-415e-98a9-f45e33772b0d/datanode-1/data/ratis/7134ed8b-2986-49c9-be5f-a1433e37e7d3/sm/snapshot.2_0 took: 18 ms
2022-09-29 01:24:09,384 [607e46f6-8430-4252-8b38-005d1aa49d3c@group-A1433E37E7D3-StateMachineUpdater] INFO  impl.StateMachineUpdater (StateMachineUpdater.java:takeSnapshot(287)) - 607e46f6-8430-4252-8b38-005d1aa49d3c@group-A1433E37E7D3-StateMachineUpdater: Took a snapshot at index 0
2022-09-29 01:24:09,384 [607e46f6-8430-4252-8b38-005d1aa49d3c@group-A1433E37E7D3-StateMachineUpdater] INFO  impl.StateMachineUpdater (StateMachineUpdater.java:lambda$new$0(92)) - 607e46f6-8430-4252-8b38-005d1aa49d3c@group-A1433E37E7D3-StateMachineUpdater: snapshotIndex: updateIncreasingly -1 -> 0
2022-09-29 01:24:09,387 [574ea199-4fc5-4e12-82c5-94eb8c91283e@group-A54044E036FB-StateMachineUpdater] INFO  ratis.ContainerStateMachine (ContainerStateMachine.java:takeSnapshot(315)) - group-A54044E036FB: Finished taking a snapshot at:(t:1, i:12) file:/home/runner/work/ozone/ozone/hadoop-ozone/integration-test/target/test-dir/MiniOzoneClusterImpl-a442e60d-e435-415e-98a9-f45e33772b0d/datanode-0/data/ratis/f9f9d737-c6d4-48cc-b8fb-a54044e036fb/sm/snapshot.1_12 took: 15 ms
2022-09-29 01:24:09,388 [574ea199-4fc5-4e12-82c5-94eb8c91283e@group-A54044E036FB-StateMachineUpdater] INFO  impl.StateMachineUpdater (StateMachineUpdater.java:takeSnapshot(287)) - 574ea199-4fc5-4e12-82c5-94eb8c91283e@group-A54044E036FB-StateMachineUpdater: Took a snapshot at index 12
2022-09-29 01:24:09,388 [574ea199-4fc5-4e12-82c5-94eb8c91283e@group-A54044E036FB-StateMachineUpdater] INFO  impl.StateMachineUpdater (StateMachineUpdater.java:lambda$new$0(92)) - 574ea199-4fc5-4e12-82c5-94eb8c91283e@group-A54044E036FB-StateMachineUpdater: snapshotIndex: updateIncreasingly -1 -> 12
2022-09-29 01:24:09,389 [ForkJoinPool.commonPool-worker-1] INFO  server.RaftServer$Division (ServerState.java:close(429)) - 574ea199-4fc5-4e12-82c5-94eb8c91283e@group-A54044E036FB: closes. applyIndex: 12
2022-09-29 01:24:09,389 [Listener at localhost/41255] INFO  server.RaftServer$Division (ServerState.java:close(429)) - 607e46f6-8430-4252-8b38-005d1aa49d3c@group-A1433E37E7D3: closes. applyIndex: 0
2022-09-29 01:24:09,389 [574ea199-4fc5-4e12-82c5-94eb8c91283e@group-A54044E036FB-SegmentedRaftLogWorker] INFO  segmented.SegmentedRaftLogWorker (SegmentedRaftLogWorker.java:run(336)) - 574ea199-4fc5-4e12-82c5-94eb8c91283e@group-A54044E036FB-SegmentedRaftLogWorker was interrupted, exiting. There are 0 tasks remaining in the queue.
2022-09-29 01:24:09,389 [607e46f6-8430-4252-8b38-005d1aa49d3c@group-A1433E37E7D3-SegmentedRaftLogWorker] INFO  segmented.SegmentedRaftLogWorker (SegmentedRaftLogWorker.java:run(336)) - 607e46f6-8430-4252-8b38-005d1aa49d3c@group-A1433E37E7D3-SegmentedRaftLogWorker was interrupted, exiting. There are 0 tasks remaining in the queue.
2022-09-29 01:24:09,389 [ForkJoinPool.commonPool-worker-1] INFO  segmented.SegmentedRaftLogWorker (SegmentedRaftLogWorker.java:close(246)) - 574ea199-4fc5-4e12-82c5-94eb8c91283e@group-A54044E036FB-SegmentedRaftLogWorker close()
2022-09-29 01:24:09,390 [Listener at localhost/41255] INFO  segmented.SegmentedRaftLogWorker (SegmentedRaftLogWorker.java:close(246)) - 607e46f6-8430-4252-8b38-005d1aa49d3c@group-A1433E37E7D3-SegmentedRaftLogWorker close()
2022-09-29 01:24:09,391 [ForkJoinPool.commonPool-worker-1] INFO  server.RaftServer$Division (RaftServerImpl.java:lambda$close$4(434)) - 574ea199-4fc5-4e12-82c5-94eb8c91283e@group-A1433E37E7D3: shutdown
2022-09-29 01:24:09,391 [ForkJoinPool.commonPool-worker-1] INFO  util.JmxRegister (JmxRegister.java:unregister(73)) - Successfully un-registered JMX Bean with object name Ratis:service=RaftServer,group=group-A1433E37E7D3,id=574ea199-4fc5-4e12-82c5-94eb8c91283e
2022-09-29 01:24:09,391 [ForkJoinPool.commonPool-worker-1] INFO  impl.RoleInfo (RoleInfo.java:shutdownLeaderState(93)) - 574ea199-4fc5-4e12-82c5-94eb8c91283e: shutdown 574ea199-4fc5-4e12-82c5-94eb8c91283e@group-A1433E37E7D3-LeaderStateImpl
2022-09-29 01:24:09,391 [574ea199-4fc5-4e12-82c5-94eb8c91283e@group-A1433E37E7D3->2d6d5b8e-e752-4562-8a63-86fab6cb8fe2-GrpcLogAppender-LogAppenderDaemon] WARN  server.GrpcLogAppender (GrpcLogAppender.java:mayWait(171)) - 574ea199-4fc5-4e12-82c5-94eb8c91283e@group-A1433E37E7D3->2d6d5b8e-e752-4562-8a63-86fab6cb8fe2-GrpcLogAppender: Wait interrupted by java.lang.InterruptedException
2022-09-29 01:24:09,391 [ForkJoinPool.commonPool-worker-1] INFO  impl.PendingRequests (PendingRequests.java:sendNotLeaderResponses(282)) - 574ea199-4fc5-4e12-82c5-94eb8c91283e@group-A1433E37E7D3-PendingRequests: sendNotLeaderResponses
2022-09-29 01:24:09,391 [574ea199-4fc5-4e12-82c5-94eb8c91283e@group-A1433E37E7D3->607e46f6-8430-4252-8b38-005d1aa49d3c-GrpcLogAppender-LogAppenderDaemon] WARN  server.GrpcLogAppender (GrpcLogAppender.java:mayWait(171)) - 574ea199-4fc5-4e12-82c5-94eb8c91283e@group-A1433E37E7D3->607e46f6-8430-4252-8b38-005d1aa49d3c-GrpcLogAppender: Wait interrupted by java.lang.InterruptedException
2022-09-29 01:24:09,391 [ForkJoinPool.commonPool-worker-1] INFO  impl.StateMachineUpdater (StateMachineUpdater.java:stopAndJoin(153)) - 574ea199-4fc5-4e12-82c5-94eb8c91283e@group-A1433E37E7D3-StateMachineUpdater: set stopIndex = 0
2022-09-29 01:24:09,392 [Listener at localhost/41255] INFO  server.RaftServer$Division (RaftServerImpl.java:lambda$close$4(434)) - 607e46f6-8430-4252-8b38-005d1aa49d3c@group-20810F2C5144: shutdown
2022-09-29 01:24:09,392 [Listener at localhost/41255] INFO  util.JmxRegister (JmxRegister.java:unregister(73)) - Successfully un-registered JMX Bean with object name Ratis:service=RaftServer,group=group-20810F2C5144,id=607e46f6-8430-4252-8b38-005d1aa49d3c
2022-09-29 01:24:09,392 [Listener at localhost/41255] INFO  impl.RoleInfo (RoleInfo.java:shutdownFollowerState(110)) - 607e46f6-8430-4252-8b38-005d1aa49d3c: shutdown 607e46f6-8430-4252-8b38-005d1aa49d3c@group-20810F2C5144-FollowerState
2022-09-29 01:24:09,392 [grpc-default-executor-3] INFO  server.GrpcServerProtocolService (GrpcServerProtocolService.java:onCompleted(140)) - 607e46f6-8430-4252-8b38-005d1aa49d3c: Completed APPEND_ENTRIES, lastRequest: 574ea199-4fc5-4e12-82c5-94eb8c91283e->607e46f6-8430-4252-8b38-005d1aa49d3c#1-t2,previous=(t:0, i:0),leaderCommit=0,initializing? true,entries: size=1, first=(t:2, i:0), CONFIGURATIONENTRY
2022-09-29 01:24:09,392 [grpc-default-executor-2] INFO  server.GrpcServerProtocolService (GrpcServerProtocolService.java:onCompleted(140)) - 2d6d5b8e-e752-4562-8a63-86fab6cb8fe2: Completed APPEND_ENTRIES, lastRequest: 574ea199-4fc5-4e12-82c5-94eb8c91283e->2d6d5b8e-e752-4562-8a63-86fab6cb8fe2#1-t2,previous=(t:0, i:0),leaderCommit=-1,initializing? true,entries: size=1, first=(t:2, i:0), CONFIGURATIONENTRY
2022-09-29 01:24:09,393 [607e46f6-8430-4252-8b38-005d1aa49d3c@group-20810F2C5144-StateMachineUpdater] INFO  ratis.ContainerStateMachine (ContainerStateMachine.java:takeSnapshot(304)) - group-20810F2C5144: Taking a snapshot at:(t:3, i:0) file /home/runner/work/ozone/ozone/hadoop-ozone/integration-test/target/test-dir/MiniOzoneClusterImpl-a442e60d-e435-415e-98a9-f45e33772b0d/datanode-1/data/ratis/1addb3d2-a2de-4258-9c29-20810f2c5144/sm/snapshot.3_0
2022-09-29 01:24:09,393 [grpc-default-executor-2] INFO  server.GrpcLogAppender (GrpcLogAppender.java:onCompleted(339)) - 574ea199-4fc5-4e12-82c5-94eb8c91283e@group-A1433E37E7D3->607e46f6-8430-4252-8b38-005d1aa49d3c-AppendLogResponseHandler: follower responses appendEntries COMPLETED
2022-09-29 01:24:09,393 [grpc-default-executor-2] INFO  leader.FollowerInfo (FollowerInfoImpl.java:lambda$new$0(48)) - 574ea199-4fc5-4e12-82c5-94eb8c91283e@group-A1433E37E7D3->607e46f6-8430-4252-8b38-005d1aa49d3c: nextIndex: updateUnconditionally 1 -> 0
2022-09-29 01:24:09,393 [grpc-default-executor-2] INFO  server.GrpcLogAppender (GrpcLogAppender.java:onCompleted(339)) - 574ea199-4fc5-4e12-82c5-94eb8c91283e@group-A1433E37E7D3->2d6d5b8e-e752-4562-8a63-86fab6cb8fe2-AppendLogResponseHandler: follower responses appendEntries COMPLETED
2022-09-29 01:24:09,392 [574ea199-4fc5-4e12-82c5-94eb8c91283e@group-A1433E37E7D3-StateMachineUpdater] INFO  ratis.ContainerStateMachine (ContainerStateMachine.java:takeSnapshot(304)) - group-A1433E37E7D3: Taking a snapshot at:(t:2, i:0) file /home/runner/work/ozone/ozone/hadoop-ozone/integration-test/target/test-dir/MiniOzoneClusterImpl-a442e60d-e435-415e-98a9-f45e33772b0d/datanode-0/data/ratis/7134ed8b-2986-49c9-be5f-a1433e37e7d3/sm/snapshot.2_0
2022-09-29 01:24:09,393 [grpc-default-executor-2] INFO  leader.FollowerInfo (FollowerInfoImpl.java:lambda$new$0(48)) - 574ea199-4fc5-4e12-82c5-94eb8c91283e@group-A1433E37E7D3->2d6d5b8e-e752-4562-8a63-86fab6cb8fe2: nextIndex: updateUnconditionally 1 -> 0
2022-09-29 01:24:09,392 [607e46f6-8430-4252-8b38-005d1aa49d3c@group-20810F2C5144-FollowerState] INFO  impl.FollowerState (FollowerState.java:run(152)) - 607e46f6-8430-4252-8b38-005d1aa49d3c@group-20810F2C5144-FollowerState was interrupted
2022-09-29 01:24:09,392 [Listener at localhost/41255] INFO  impl.StateMachineUpdater (StateMachineUpdater.java:stopAndJoin(153)) - 607e46f6-8430-4252-8b38-005d1aa49d3c@group-20810F2C5144-StateMachineUpdater: set stopIndex = 0
2022-09-29 01:24:09,394 [574ea199-4fc5-4e12-82c5-94eb8c91283e@group-A1433E37E7D3-StateMachineUpdater] INFO  ratis.ContainerStateMachine (ContainerStateMachine.java:takeSnapshot(315)) - group-A1433E37E7D3: Finished taking a snapshot at:(t:2, i:0) file:/home/runner/work/ozone/ozone/hadoop-ozone/integration-test/target/test-dir/MiniOzoneClusterImpl-a442e60d-e435-415e-98a9-f45e33772b0d/datanode-0/data/ratis/7134ed8b-2986-49c9-be5f-a1433e37e7d3/sm/snapshot.2_0 took: 2 ms
2022-09-29 01:24:09,394 [574ea199-4fc5-4e12-82c5-94eb8c91283e@group-A1433E37E7D3-StateMachineUpdater] INFO  impl.StateMachineUpdater (StateMachineUpdater.java:takeSnapshot(287)) - 574ea199-4fc5-4e12-82c5-94eb8c91283e@group-A1433E37E7D3-StateMachineUpdater: Took a snapshot at index 0
2022-09-29 01:24:09,394 [574ea199-4fc5-4e12-82c5-94eb8c91283e@group-A1433E37E7D3-StateMachineUpdater] INFO  impl.StateMachineUpdater (StateMachineUpdater.java:lambda$new$0(92)) - 574ea199-4fc5-4e12-82c5-94eb8c91283e@group-A1433E37E7D3-StateMachineUpdater: snapshotIndex: updateIncreasingly -1 -> 0
2022-09-29 01:24:09,395 [607e46f6-8430-4252-8b38-005d1aa49d3c@group-20810F2C5144-StateMachineUpdater] INFO  ratis.ContainerStateMachine (ContainerStateMachine.java:takeSnapshot(315)) - group-20810F2C5144: Finished taking a snapshot at:(t:3, i:0) file:/home/runner/work/ozone/ozone/hadoop-ozone/integration-test/target/test-dir/MiniOzoneClusterImpl-a442e60d-e435-415e-98a9-f45e33772b0d/datanode-1/data/ratis/1addb3d2-a2de-4258-9c29-20810f2c5144/sm/snapshot.3_0 took: 2 ms
2022-09-29 01:24:09,395 [607e46f6-8430-4252-8b38-005d1aa49d3c@group-20810F2C5144-StateMachineUpdater] INFO  impl.StateMachineUpdater (StateMachineUpdater.java:takeSnapshot(287)) - 607e46f6-8430-4252-8b38-005d1aa49d3c@group-20810F2C5144-StateMachineUpdater: Took a snapshot at index 0
2022-09-29 01:24:09,395 [607e46f6-8430-4252-8b38-005d1aa49d3c@group-20810F2C5144-StateMachineUpdater] INFO  impl.StateMachineUpdater (StateMachineUpdater.java:lambda$new$0(92)) - 607e46f6-8430-4252-8b38-005d1aa49d3c@group-20810F2C5144-StateMachineUpdater: snapshotIndex: updateIncreasingly -1 -> 0
2022-09-29 01:24:09,396 [ForkJoinPool.commonPool-worker-1] INFO  server.RaftServer$Division (ServerState.java:close(429)) - 574ea199-4fc5-4e12-82c5-94eb8c91283e@group-A1433E37E7D3: closes. applyIndex: 0
2022-09-29 01:24:09,396 [574ea199-4fc5-4e12-82c5-94eb8c91283e@group-A1433E37E7D3-SegmentedRaftLogWorker] INFO  segmented.SegmentedRaftLogWorker (SegmentedRaftLogWorker.java:run(336)) - 574ea199-4fc5-4e12-82c5-94eb8c91283e@group-A1433E37E7D3-SegmentedRaftLogWorker was interrupted, exiting. There are 0 tasks remaining in the queue.
2022-09-29 01:24:09,396 [Listener at localhost/41255] INFO  server.RaftServer$Division (ServerState.java:close(429)) - 607e46f6-8430-4252-8b38-005d1aa49d3c@group-20810F2C5144: closes. applyIndex: 0
2022-09-29 01:24:09,396 [607e46f6-8430-4252-8b38-005d1aa49d3c@group-20810F2C5144-SegmentedRaftLogWorker] INFO  segmented.SegmentedRaftLogWorker (SegmentedRaftLogWorker.java:run(336)) - 607e46f6-8430-4252-8b38-005d1aa49d3c@group-20810F2C5144-SegmentedRaftLogWorker was interrupted, exiting. There are 0 tasks remaining in the queue.
2022-09-29 01:24:09,396 [ForkJoinPool.commonPool-worker-1] INFO  segmented.SegmentedRaftLogWorker (SegmentedRaftLogWorker.java:close(246)) - 574ea199-4fc5-4e12-82c5-94eb8c91283e@group-A1433E37E7D3-SegmentedRaftLogWorker close()
2022-09-29 01:24:09,397 [Listener at localhost/41255] INFO  segmented.SegmentedRaftLogWorker (SegmentedRaftLogWorker.java:close(246)) - 607e46f6-8430-4252-8b38-005d1aa49d3c@group-20810F2C5144-SegmentedRaftLogWorker close()
2022-09-29 01:24:09,403 [ForkJoinPool.commonPool-worker-1] INFO  server.RaftServer$Division (RaftServerImpl.java:lambda$close$4(434)) - 574ea199-4fc5-4e12-82c5-94eb8c91283e@group-20810F2C5144: shutdown
2022-09-29 01:24:09,403 [ForkJoinPool.commonPool-worker-1] INFO  util.JmxRegister (JmxRegister.java:unregister(73)) - Successfully un-registered JMX Bean with object name Ratis:service=RaftServer,group=group-20810F2C5144,id=574ea199-4fc5-4e12-82c5-94eb8c91283e
2022-09-29 01:24:09,403 [ForkJoinPool.commonPool-worker-1] INFO  impl.RoleInfo (RoleInfo.java:shutdownFollowerState(110)) - 574ea199-4fc5-4e12-82c5-94eb8c91283e: shutdown 574ea199-4fc5-4e12-82c5-94eb8c91283e@group-20810F2C5144-FollowerState
2022-09-29 01:24:09,403 [ForkJoinPool.commonPool-worker-1] INFO  impl.StateMachineUpdater (StateMachineUpdater.java:stopAndJoin(153)) - 574ea199-4fc5-4e12-82c5-94eb8c91283e@group-20810F2C5144-StateMachineUpdater: set stopIndex = 0
2022-09-29 01:24:09,403 [574ea199-4fc5-4e12-82c5-94eb8c91283e@group-20810F2C5144-FollowerState] INFO  impl.FollowerState (FollowerState.java:run(152)) - 574ea199-4fc5-4e12-82c5-94eb8c91283e@group-20810F2C5144-FollowerState was interrupted
2022-09-29 01:24:09,403 [574ea199-4fc5-4e12-82c5-94eb8c91283e@group-20810F2C5144-StateMachineUpdater] INFO  ratis.ContainerStateMachine (ContainerStateMachine.java:takeSnapshot(304)) - group-20810F2C5144: Taking a snapshot at:(t:3, i:0) file /home/runner/work/ozone/ozone/hadoop-ozone/integration-test/target/test-dir/MiniOzoneClusterImpl-a442e60d-e435-415e-98a9-f45e33772b0d/datanode-0/data/ratis/1addb3d2-a2de-4258-9c29-20810f2c5144/sm/snapshot.3_0
2022-09-29 01:24:09,404 [574ea199-4fc5-4e12-82c5-94eb8c91283e@group-20810F2C5144-StateMachineUpdater] INFO  ratis.ContainerStateMachine (ContainerStateMachine.java:takeSnapshot(315)) - group-20810F2C5144: Finished taking a snapshot at:(t:3, i:0) file:/home/runner/work/ozone/ozone/hadoop-ozone/integration-test/target/test-dir/MiniOzoneClusterImpl-a442e60d-e435-415e-98a9-f45e33772b0d/datanode-0/data/ratis/1addb3d2-a2de-4258-9c29-20810f2c5144/sm/snapshot.3_0 took: 1 ms
2022-09-29 01:24:09,404 [574ea199-4fc5-4e12-82c5-94eb8c91283e@group-20810F2C5144-StateMachineUpdater] INFO  impl.StateMachineUpdater (StateMachineUpdater.java:takeSnapshot(287)) - 574ea199-4fc5-4e12-82c5-94eb8c91283e@group-20810F2C5144-StateMachineUpdater: Took a snapshot at index 0
2022-09-29 01:24:09,404 [574ea199-4fc5-4e12-82c5-94eb8c91283e@group-20810F2C5144-StateMachineUpdater] INFO  impl.StateMachineUpdater (StateMachineUpdater.java:lambda$new$0(92)) - 574ea199-4fc5-4e12-82c5-94eb8c91283e@group-20810F2C5144-StateMachineUpdater: snapshotIndex: updateIncreasingly -1 -> 0
2022-09-29 01:24:09,404 [ForkJoinPool.commonPool-worker-1] INFO  server.RaftServer$Division (ServerState.java:close(429)) - 574ea199-4fc5-4e12-82c5-94eb8c91283e@group-20810F2C5144: closes. applyIndex: 0
2022-09-29 01:24:09,405 [574ea199-4fc5-4e12-82c5-94eb8c91283e@group-20810F2C5144-SegmentedRaftLogWorker] INFO  segmented.SegmentedRaftLogWorker (SegmentedRaftLogWorker.java:run(336)) - 574ea199-4fc5-4e12-82c5-94eb8c91283e@group-20810F2C5144-SegmentedRaftLogWorker was interrupted, exiting. There are 0 tasks remaining in the queue.
2022-09-29 01:24:09,405 [ForkJoinPool.commonPool-worker-1] INFO  segmented.SegmentedRaftLogWorker (SegmentedRaftLogWorker.java:close(246)) - 574ea199-4fc5-4e12-82c5-94eb8c91283e@group-20810F2C5144-SegmentedRaftLogWorker close()
2022-09-29 01:24:09,405 [Listener at localhost/41255] INFO  server.RaftServer$Division (RaftServerImpl.java:lambda$close$4(434)) - 607e46f6-8430-4252-8b38-005d1aa49d3c@group-5A7D209CC613: shutdown
2022-09-29 01:24:09,405 [Listener at localhost/41255] INFO  util.JmxRegister (JmxRegister.java:unregister(73)) - Successfully un-registered JMX Bean with object name Ratis:service=RaftServer,group=group-5A7D209CC613,id=607e46f6-8430-4252-8b38-005d1aa49d3c
2022-09-29 01:24:09,405 [Listener at localhost/41255] INFO  impl.RoleInfo (RoleInfo.java:shutdownLeaderState(93)) - 607e46f6-8430-4252-8b38-005d1aa49d3c: shutdown 607e46f6-8430-4252-8b38-005d1aa49d3c@group-5A7D209CC613-LeaderStateImpl
2022-09-29 01:24:09,405 [Listener at localhost/41255] INFO  impl.PendingRequests (PendingRequests.java:sendNotLeaderResponses(282)) - 607e46f6-8430-4252-8b38-005d1aa49d3c@group-5A7D209CC613-PendingRequests: sendNotLeaderResponses
2022-09-29 01:24:09,407 [ForkJoinPool.commonPool-worker-1] INFO  server.GrpcService (GrpcService.java:closeImpl(269)) - 574ea199-4fc5-4e12-82c5-94eb8c91283e: shutdown server with port 46123 now
2022-09-29 01:24:09,407 [607e46f6-8430-4252-8b38-005d1aa49d3c@group-5A7D209CC613-StateMachineUpdater] INFO  ratis.ContainerStateMachine (ContainerStateMachine.java:takeSnapshot(304)) - group-5A7D209CC613: Taking a snapshot at:(t:1, i:10) file /home/runner/work/ozone/ozone/hadoop-ozone/integration-test/target/test-dir/MiniOzoneClusterImpl-a442e60d-e435-415e-98a9-f45e33772b0d/datanode-1/data/ratis/2b5bec3a-9efc-4676-a043-5a7d209cc613/sm/snapshot.1_10
2022-09-29 01:24:09,407 [Listener at localhost/41255] INFO  impl.StateMachineUpdater (StateMachineUpdater.java:stopAndJoin(153)) - 607e46f6-8430-4252-8b38-005d1aa49d3c@group-5A7D209CC613-StateMachineUpdater: set stopIndex = 10
2022-09-29 01:24:09,408 [607e46f6-8430-4252-8b38-005d1aa49d3c@group-5A7D209CC613-StateMachineUpdater] INFO  ratis.ContainerStateMachine (ContainerStateMachine.java:takeSnapshot(315)) - group-5A7D209CC613: Finished taking a snapshot at:(t:1, i:10) file:/home/runner/work/ozone/ozone/hadoop-ozone/integration-test/target/test-dir/MiniOzoneClusterImpl-a442e60d-e435-415e-98a9-f45e33772b0d/datanode-1/data/ratis/2b5bec3a-9efc-4676-a043-5a7d209cc613/sm/snapshot.1_10 took: 1 ms
2022-09-29 01:24:09,409 [607e46f6-8430-4252-8b38-005d1aa49d3c@group-5A7D209CC613-StateMachineUpdater] INFO  impl.StateMachineUpdater (StateMachineUpdater.java:takeSnapshot(287)) - 607e46f6-8430-4252-8b38-005d1aa49d3c@group-5A7D209CC613-StateMachineUpdater: Took a snapshot at index 10
2022-09-29 01:24:09,409 [607e46f6-8430-4252-8b38-005d1aa49d3c@group-5A7D209CC613-StateMachineUpdater] INFO  impl.StateMachineUpdater (StateMachineUpdater.java:lambda$new$0(92)) - 607e46f6-8430-4252-8b38-005d1aa49d3c@group-5A7D209CC613-StateMachineUpdater: snapshotIndex: updateIncreasingly -1 -> 10
2022-09-29 01:24:09,409 [Listener at localhost/41255] INFO  server.RaftServer$Division (ServerState.java:close(429)) - 607e46f6-8430-4252-8b38-005d1aa49d3c@group-5A7D209CC613: closes. applyIndex: 10
2022-09-29 01:24:09,409 [607e46f6-8430-4252-8b38-005d1aa49d3c@group-5A7D209CC613-SegmentedRaftLogWorker] INFO  segmented.SegmentedRaftLogWorker (SegmentedRaftLogWorker.java:run(336)) - 607e46f6-8430-4252-8b38-005d1aa49d3c@group-5A7D209CC613-SegmentedRaftLogWorker was interrupted, exiting. There are 0 tasks remaining in the queue.
2022-09-29 01:24:09,410 [Listener at localhost/41255] INFO  segmented.SegmentedRaftLogWorker (SegmentedRaftLogWorker.java:close(246)) - 607e46f6-8430-4252-8b38-005d1aa49d3c@group-5A7D209CC613-SegmentedRaftLogWorker close()
2022-09-29 01:24:09,410 [grpc-default-executor-0] WARN  server.GrpcServerProtocolService (LogUtils.java:warn(122)) - 574ea199-4fc5-4e12-82c5-94eb8c91283e: installSnapshot onError, lastRequest: 2d6d5b8e-e752-4562-8a63-86fab6cb8fe2->574ea199-4fc5-4e12-82c5-94eb8c91283e#1-t3,previous=(t:0, i:0),leaderCommit=-1,initializing? true,entries: size=1, first=(t:3, i:0), CONFIGURATIONENTRY: org.apache.ratis.thirdparty.io.grpc.StatusRuntimeException: CANCELLED: client cancelled
2022-09-29 01:24:09,412 [grpc-default-executor-2] WARN  server.GrpcLogAppender (LogUtils.java:warn(122)) - 2d6d5b8e-e752-4562-8a63-86fab6cb8fe2@group-20810F2C5144->574ea199-4fc5-4e12-82c5-94eb8c91283e-AppendLogResponseHandler: Failed appendEntries: org.apache.ratis.thirdparty.io.grpc.StatusRuntimeException: CANCELLED: RST_STREAM closed stream. HTTP/2 error code: CANCEL
2022-09-29 01:24:09,412 [grpc-default-executor-2] WARN  server.GrpcLogAppender (GrpcLogAppender.java:resetClient(111)) - 2d6d5b8e-e752-4562-8a63-86fab6cb8fe2@group-20810F2C5144->574ea199-4fc5-4e12-82c5-94eb8c91283e-GrpcLogAppender: Leader has not got in touch with Follower 2d6d5b8e-e752-4562-8a63-86fab6cb8fe2@group-20810F2C5144->574ea199-4fc5-4e12-82c5-94eb8c91283e(c0,m0,n1, attendVote=true, lastRpcSendTime=905, lastRpcResponseTime=901) yet, just keep nextIndex unchanged and retry.
2022-09-29 01:24:09,415 [Listener at localhost/41255] INFO  server.GrpcService (GrpcService.java:closeImpl(269)) - 607e46f6-8430-4252-8b38-005d1aa49d3c: shutdown server with port 41899 now
2022-09-29 01:24:09,416 [ForkJoinPool.commonPool-worker-1] INFO  server.GrpcService (GrpcService.java:closeImpl(278)) - 574ea199-4fc5-4e12-82c5-94eb8c91283e: shutdown server with port 46123 successfully
2022-09-29 01:24:09,420 [org.apache.ratis.util.JvmPauseMonitor$$Lambda$699/1983328127@6038a1e7] INFO  util.JvmPauseMonitor (JvmPauseMonitor.java:run(109)) - JvmPauseMonitor-574ea199-4fc5-4e12-82c5-94eb8c91283e: Stopped
2022-09-29 01:24:09,426 [grpc-default-executor-3] WARN  server.GrpcServerProtocolService (LogUtils.java:warn(122)) - 607e46f6-8430-4252-8b38-005d1aa49d3c: installSnapshot onError, lastRequest: 2d6d5b8e-e752-4562-8a63-86fab6cb8fe2->607e46f6-8430-4252-8b38-005d1aa49d3c#1-t3,previous=(t:0, i:0),leaderCommit=0,initializing? true,entries: size=1, first=(t:3, i:0), CONFIGURATIONENTRY: org.apache.ratis.thirdparty.io.grpc.StatusRuntimeException: CANCELLED: client cancelled
2022-09-29 01:24:09,427 [Listener at localhost/41255] INFO  server.GrpcService (GrpcService.java:closeImpl(278)) - 607e46f6-8430-4252-8b38-005d1aa49d3c: shutdown server with port 41899 successfully
2022-09-29 01:24:09,427 [org.apache.ratis.util.JvmPauseMonitor$$Lambda$699/1983328127@680181d6] INFO  util.JvmPauseMonitor (JvmPauseMonitor.java:run(109)) - JvmPauseMonitor-607e46f6-8430-4252-8b38-005d1aa49d3c: Stopped
2022-09-29 01:24:09,436 [grpc-default-executor-3] WARN  server.GrpcLogAppender (LogUtils.java:warn(122)) - 2d6d5b8e-e752-4562-8a63-86fab6cb8fe2@group-20810F2C5144->607e46f6-8430-4252-8b38-005d1aa49d3c-AppendLogResponseHandler: Failed appendEntries: org.apache.ratis.thirdparty.io.grpc.StatusRuntimeException: CANCELLED: RST_STREAM closed stream. HTTP/2 error code: CANCEL
2022-09-29 01:24:09,436 [grpc-default-executor-3] WARN  server.GrpcLogAppender (GrpcLogAppender.java:resetClient(111)) - 2d6d5b8e-e752-4562-8a63-86fab6cb8fe2@group-20810F2C5144->607e46f6-8430-4252-8b38-005d1aa49d3c-GrpcLogAppender: Leader has not got in touch with Follower 2d6d5b8e-e752-4562-8a63-86fab6cb8fe2@group-20810F2C5144->607e46f6-8430-4252-8b38-005d1aa49d3c(c0,m0,n1, attendVote=true, lastRpcSendTime=942, lastRpcResponseTime=941) yet, just keep nextIndex unchanged and retry.
2022-09-29 01:24:09,437 [omNode-3@group-523986131536-FollowerState] INFO  impl.FollowerState (FollowerState.java:run(143)) - omNode-3@group-523986131536-FollowerState: change to CANDIDATE, lastRpcElapsedTime:1137255379ns, electionTimeout:1137ms
2022-09-29 01:24:09,437 [omNode-3@group-523986131536-FollowerState] INFO  impl.RoleInfo (RoleInfo.java:shutdownFollowerState(110)) - omNode-3: shutdown omNode-3@group-523986131536-FollowerState
2022-09-29 01:24:09,437 [omNode-3@group-523986131536-FollowerState] INFO  server.RaftServer$Division (RaftServerImpl.java:setRole(299)) - omNode-3@group-523986131536: changes role from  FOLLOWER to CANDIDATE at term 13 for changeToCandidate
2022-09-29 01:24:09,437 [omNode-3@group-523986131536-FollowerState] INFO  server.RaftServerConfigKeys (ConfUtils.java:logGet(46)) - raft.server.leaderelection.pre-vote = false (custom)
2022-09-29 01:24:09,437 [omNode-3@group-523986131536-FollowerState] INFO  impl.RoleInfo (RoleInfo.java:updateAndGet(139)) - omNode-3: start omNode-3@group-523986131536-LeaderElection25
2022-09-29 01:24:09,440 [omNode-3@group-523986131536-LeaderElection25] INFO  impl.LeaderElection (LeaderElection.java:askForVotes(310)) - omNode-3@group-523986131536-LeaderElection25 ELECTION round 0: submit vote requests at term 14 for 145: [omNode-3|rpc:localhost:45481|admin:|client:|dataStream:|priority:0, omNode-1|rpc:localhost:40693|admin:|client:|dataStream:|priority:0, omNode-2|rpc:localhost:42303|admin:|client:|dataStream:|priority:0], old=null
2022-09-29 01:24:09,460 [omNode-3@group-523986131536-LeaderElection25] INFO  impl.LeaderElection (LogUtils.java:infoOrTrace(137)) - omNode-3@group-523986131536-LeaderElection25 got exception when requesting votes: java.util.concurrent.ExecutionException: org.apache.ratis.thirdparty.io.grpc.StatusRuntimeException: UNAVAILABLE: io exception
2022-09-29 01:24:09,468 [omNode-3@group-523986131536-LeaderElection25] INFO  impl.LeaderElection (LogUtils.java:infoOrTrace(137)) - omNode-3@group-523986131536-LeaderElection25 got exception when requesting votes: java.util.concurrent.ExecutionException: org.apache.ratis.thirdparty.io.grpc.StatusRuntimeException: UNAVAILABLE: io exception
2022-09-29 01:24:09,468 [omNode-3@group-523986131536-LeaderElection25] INFO  impl.LeaderElection (LeaderElection.java:logAndReturn(90)) - omNode-3@group-523986131536-LeaderElection25: ELECTION REJECTED received 0 response(s) and 2 exception(s):
2022-09-29 01:24:09,468 [omNode-3@group-523986131536-LeaderElection25] INFO  impl.LeaderElection (LogUtils.java:infoOrTrace(137)) -   Exception 0: java.util.concurrent.ExecutionException: org.apache.ratis.thirdparty.io.grpc.StatusRuntimeException: UNAVAILABLE: io exception
2022-09-29 01:24:09,468 [omNode-3@group-523986131536-LeaderElection25] INFO  impl.LeaderElection (LogUtils.java:infoOrTrace(137)) -   Exception 1: java.util.concurrent.ExecutionException: org.apache.ratis.thirdparty.io.grpc.StatusRuntimeException: UNAVAILABLE: io exception
2022-09-29 01:24:09,468 [omNode-3@group-523986131536-LeaderElection25] INFO  impl.LeaderElection (LeaderElection.java:askForVotes(312)) - omNode-3@group-523986131536-LeaderElection25 ELECTION round 0: result REJECTED
2022-09-29 01:24:09,468 [omNode-3@group-523986131536-LeaderElection25] INFO  server.RaftServer$Division (RaftServerImpl.java:setRole(299)) - omNode-3@group-523986131536: changes role from CANDIDATE to FOLLOWER at term 14 for REJECTED
2022-09-29 01:24:09,468 [omNode-3@group-523986131536-LeaderElection25] INFO  impl.RoleInfo (RoleInfo.java:shutdownLeaderElection(130)) - omNode-3: shutdown omNode-3@group-523986131536-LeaderElection25
2022-09-29 01:24:09,468 [omNode-3@group-523986131536-LeaderElection25] INFO  impl.RoleInfo (RoleInfo.java:updateAndGet(139)) - omNode-3: start omNode-3@group-523986131536-FollowerState
2022-09-29 01:24:10,137 [EndpointStateMachine task thread for /0.0.0.0:42241 - 0 ] INFO  ipc.Client (Client.java:handleConnectionFailure(977)) - Retrying connect to server: 0.0.0.0/0.0.0.0:42241. Already tried 3 time(s); retry policy is RetryUpToMaximumCountWithFixedSleep(maxRetries=15, sleepTime=1000 MILLISECONDS)
2022-09-29 01:24:10,613 [omNode-3@group-523986131536-FollowerState] INFO  impl.FollowerState (FollowerState.java:run(143)) - omNode-3@group-523986131536-FollowerState: change to CANDIDATE, lastRpcElapsedTime:1144792566ns, electionTimeout:1137ms
2022-09-29 01:24:10,613 [omNode-3@group-523986131536-FollowerState] INFO  impl.RoleInfo (RoleInfo.java:shutdownFollowerState(110)) - omNode-3: shutdown omNode-3@group-523986131536-FollowerState
2022-09-29 01:24:10,613 [omNode-3@group-523986131536-FollowerState] INFO  server.RaftServer$Division (RaftServerImpl.java:setRole(299)) - omNode-3@group-523986131536: changes role from  FOLLOWER to CANDIDATE at term 14 for changeToCandidate
2022-09-29 01:24:10,613 [omNode-3@group-523986131536-FollowerState] INFO  server.RaftServerConfigKeys (ConfUtils.java:logGet(46)) - raft.server.leaderelection.pre-vote = false (custom)
2022-09-29 01:24:10,613 [omNode-3@group-523986131536-FollowerState] INFO  impl.RoleInfo (RoleInfo.java:updateAndGet(139)) - omNode-3: start omNode-3@group-523986131536-LeaderElection26
2022-09-29 01:24:10,629 [omNode-3@group-523986131536-LeaderElection26] INFO  impl.LeaderElection (LeaderElection.java:askForVotes(310)) - omNode-3@group-523986131536-LeaderElection26 ELECTION round 0: submit vote requests at term 15 for 145: [omNode-3|rpc:localhost:45481|admin:|client:|dataStream:|priority:0, omNode-1|rpc:localhost:40693|admin:|client:|dataStream:|priority:0, omNode-2|rpc:localhost:42303|admin:|client:|dataStream:|priority:0], old=null
2022-09-29 01:24:10,652 [omNode-3@group-523986131536-LeaderElection26] INFO  impl.LeaderElection (LogUtils.java:infoOrTrace(137)) - omNode-3@group-523986131536-LeaderElection26 got exception when requesting votes: java.util.concurrent.ExecutionException: org.apache.ratis.thirdparty.io.grpc.StatusRuntimeException: UNAVAILABLE: io exception
2022-09-29 01:24:10,652 [omNode-3@group-523986131536-LeaderElection26] INFO  impl.LeaderElection (LogUtils.java:infoOrTrace(137)) - omNode-3@group-523986131536-LeaderElection26 got exception when requesting votes: java.util.concurrent.ExecutionException: org.apache.ratis.thirdparty.io.grpc.StatusRuntimeException: UNAVAILABLE: io exception
2022-09-29 01:24:10,652 [omNode-3@group-523986131536-LeaderElection26] INFO  impl.LeaderElection (LeaderElection.java:logAndReturn(90)) - omNode-3@group-523986131536-LeaderElection26: ELECTION REJECTED received 0 response(s) and 2 exception(s):
2022-09-29 01:24:10,652 [omNode-3@group-523986131536-LeaderElection26] INFO  impl.LeaderElection (LogUtils.java:infoOrTrace(137)) -   Exception 0: java.util.concurrent.ExecutionException: org.apache.ratis.thirdparty.io.grpc.StatusRuntimeException: UNAVAILABLE: io exception
2022-09-29 01:24:10,652 [omNode-3@group-523986131536-LeaderElection26] INFO  impl.LeaderElection (LogUtils.java:infoOrTrace(137)) -   Exception 1: java.util.concurrent.ExecutionException: org.apache.ratis.thirdparty.io.grpc.StatusRuntimeException: UNAVAILABLE: io exception
2022-09-29 01:24:10,652 [omNode-3@group-523986131536-LeaderElection26] INFO  impl.LeaderElection (LeaderElection.java:askForVotes(312)) - omNode-3@group-523986131536-LeaderElection26 ELECTION round 0: result REJECTED
2022-09-29 01:24:10,652 [omNode-3@group-523986131536-LeaderElection26] INFO  server.RaftServer$Division (RaftServerImpl.java:setRole(299)) - omNode-3@group-523986131536: changes role from CANDIDATE to FOLLOWER at term 15 for REJECTED
2022-09-29 01:24:10,653 [omNode-3@group-523986131536-LeaderElection26] INFO  impl.RoleInfo (RoleInfo.java:shutdownLeaderElection(130)) - omNode-3: shutdown omNode-3@group-523986131536-LeaderElection26
2022-09-29 01:24:10,653 [omNode-3@group-523986131536-LeaderElection26] INFO  impl.RoleInfo (RoleInfo.java:updateAndGet(139)) - omNode-3: start omNode-3@group-523986131536-FollowerState
2022-09-29 01:24:10,996 [grpc-default-executor-0] WARN  server.GrpcLogAppender (LogUtils.java:warn(122)) - 2d6d5b8e-e752-4562-8a63-86fab6cb8fe2@group-20810F2C5144->607e46f6-8430-4252-8b38-005d1aa49d3c-AppendLogResponseHandler: Failed appendEntries: org.apache.ratis.thirdparty.io.grpc.StatusRuntimeException: UNAVAILABLE: io exception
2022-09-29 01:24:10,997 [grpc-default-executor-0] WARN  server.GrpcLogAppender (GrpcLogAppender.java:resetClient(111)) - 2d6d5b8e-e752-4562-8a63-86fab6cb8fe2@group-20810F2C5144->607e46f6-8430-4252-8b38-005d1aa49d3c-GrpcLogAppender: Leader has not got in touch with Follower 2d6d5b8e-e752-4562-8a63-86fab6cb8fe2@group-20810F2C5144->607e46f6-8430-4252-8b38-005d1aa49d3c(c0,m0,n1, attendVote=true, lastRpcSendTime=1, lastRpcResponseTime=2502) yet, just keep nextIndex unchanged and retry.
2022-09-29 01:24:11,012 [grpc-default-executor-0] WARN  server.GrpcLogAppender (LogUtils.java:warn(122)) - 2d6d5b8e-e752-4562-8a63-86fab6cb8fe2@group-20810F2C5144->574ea199-4fc5-4e12-82c5-94eb8c91283e-AppendLogResponseHandler: Failed appendEntries: org.apache.ratis.thirdparty.io.grpc.StatusRuntimeException: UNAVAILABLE: io exception
2022-09-29 01:24:11,012 [grpc-default-executor-0] WARN  server.GrpcLogAppender (GrpcLogAppender.java:resetClient(111)) - 2d6d5b8e-e752-4562-8a63-86fab6cb8fe2@group-20810F2C5144->574ea199-4fc5-4e12-82c5-94eb8c91283e-GrpcLogAppender: Leader has not got in touch with Follower 2d6d5b8e-e752-4562-8a63-86fab6cb8fe2@group-20810F2C5144->574ea199-4fc5-4e12-82c5-94eb8c91283e(c0,m0,n1, attendVote=true, lastRpcSendTime=0, lastRpcResponseTime=2501) yet, just keep nextIndex unchanged and retry.
2022-09-29 01:24:11,138 [EndpointStateMachine task thread for /0.0.0.0:42241 - 0 ] INFO  ipc.Client (Client.java:handleConnectionFailure(977)) - Retrying connect to server: 0.0.0.0/0.0.0.0:42241. Already tried 4 time(s); retry policy is RetryUpToMaximumCountWithFixedSleep(maxRetries=15, sleepTime=1000 MILLISECONDS)
2022-09-29 01:24:11,482 [Listener at localhost/41255] INFO  utils.BackgroundService (BackgroundService.java:shutdown(141)) - Shutting down service BlockDeletingService
2022-09-29 01:24:11,483 [Listener at localhost/41255] INFO  utils.BackgroundService (BackgroundService.java:shutdown(141)) - Shutting down service StaleRecoveringContainerScrubbingService
2022-09-29 01:24:11,487 [ForkJoinPool.commonPool-worker-1] INFO  utils.BackgroundService (BackgroundService.java:shutdown(141)) - Shutting down service BlockDeletingService
2022-09-29 01:24:11,487 [ForkJoinPool.commonPool-worker-1] INFO  utils.BackgroundService (BackgroundService.java:shutdown(141)) - Shutting down service StaleRecoveringContainerScrubbingService
2022-09-29 01:24:11,681 [omNode-3@group-523986131536-FollowerState] INFO  impl.FollowerState (FollowerState.java:run(143)) - omNode-3@group-523986131536-FollowerState: change to CANDIDATE, lastRpcElapsedTime:1028784722ns, electionTimeout:1023ms
2022-09-29 01:24:11,681 [omNode-3@group-523986131536-FollowerState] INFO  impl.RoleInfo (RoleInfo.java:shutdownFollowerState(110)) - omNode-3: shutdown omNode-3@group-523986131536-FollowerState
2022-09-29 01:24:11,682 [omNode-3@group-523986131536-FollowerState] INFO  server.RaftServer$Division (RaftServerImpl.java:setRole(299)) - omNode-3@group-523986131536: changes role from  FOLLOWER to CANDIDATE at term 15 for changeToCandidate
2022-09-29 01:24:11,682 [omNode-3@group-523986131536-FollowerState] INFO  server.RaftServerConfigKeys (ConfUtils.java:logGet(46)) - raft.server.leaderelection.pre-vote = false (custom)
2022-09-29 01:24:11,682 [omNode-3@group-523986131536-FollowerState] INFO  impl.RoleInfo (RoleInfo.java:updateAndGet(139)) - omNode-3: start omNode-3@group-523986131536-LeaderElection27
2022-09-29 01:24:11,717 [omNode-3@group-523986131536-LeaderElection27] INFO  impl.LeaderElection (LeaderElection.java:askForVotes(310)) - omNode-3@group-523986131536-LeaderElection27 ELECTION round 0: submit vote requests at term 16 for 145: [omNode-3|rpc:localhost:45481|admin:|client:|dataStream:|priority:0, omNode-1|rpc:localhost:40693|admin:|client:|dataStream:|priority:0, omNode-2|rpc:localhost:42303|admin:|client:|dataStream:|priority:0], old=null
2022-09-29 01:24:11,736 [omNode-3@group-523986131536-LeaderElection27] INFO  impl.LeaderElection (LogUtils.java:infoOrTrace(137)) - omNode-3@group-523986131536-LeaderElection27 got exception when requesting votes: java.util.concurrent.ExecutionException: org.apache.ratis.thirdparty.io.grpc.StatusRuntimeException: UNAVAILABLE: io exception
2022-09-29 01:24:11,737 [omNode-3@group-523986131536-LeaderElection27] INFO  impl.LeaderElection (LogUtils.java:infoOrTrace(137)) - omNode-3@group-523986131536-LeaderElection27 got exception when requesting votes: java.util.concurrent.ExecutionException: org.apache.ratis.thirdparty.io.grpc.StatusRuntimeException: UNAVAILABLE: io exception
2022-09-29 01:24:11,737 [omNode-3@group-523986131536-LeaderElection27] INFO  impl.LeaderElection (LeaderElection.java:logAndReturn(90)) - omNode-3@group-523986131536-LeaderElection27: ELECTION REJECTED received 0 response(s) and 2 exception(s):
2022-09-29 01:24:11,737 [omNode-3@group-523986131536-LeaderElection27] INFO  impl.LeaderElection (LogUtils.java:infoOrTrace(137)) -   Exception 0: java.util.concurrent.ExecutionException: org.apache.ratis.thirdparty.io.grpc.StatusRuntimeException: UNAVAILABLE: io exception
2022-09-29 01:24:11,737 [omNode-3@group-523986131536-LeaderElection27] INFO  impl.LeaderElection (LogUtils.java:infoOrTrace(137)) -   Exception 1: java.util.concurrent.ExecutionException: org.apache.ratis.thirdparty.io.grpc.StatusRuntimeException: UNAVAILABLE: io exception
2022-09-29 01:24:11,737 [omNode-3@group-523986131536-LeaderElection27] INFO  impl.LeaderElection (LeaderElection.java:askForVotes(312)) - omNode-3@group-523986131536-LeaderElection27 ELECTION round 0: result REJECTED
2022-09-29 01:24:11,737 [omNode-3@group-523986131536-LeaderElection27] INFO  server.RaftServer$Division (RaftServerImpl.java:setRole(299)) - omNode-3@group-523986131536: changes role from CANDIDATE to FOLLOWER at term 16 for REJECTED
2022-09-29 01:24:11,737 [omNode-3@group-523986131536-LeaderElection27] INFO  impl.RoleInfo (RoleInfo.java:shutdownLeaderElection(130)) - omNode-3: shutdown omNode-3@group-523986131536-LeaderElection27
2022-09-29 01:24:11,737 [omNode-3@group-523986131536-LeaderElection27] INFO  impl.RoleInfo (RoleInfo.java:updateAndGet(139)) - omNode-3: start omNode-3@group-523986131536-FollowerState
2022-09-29 01:24:12,139 [EndpointStateMachine task thread for /0.0.0.0:42241 - 0 ] INFO  ipc.Client (Client.java:handleConnectionFailure(977)) - Retrying connect to server: 0.0.0.0/0.0.0.0:42241. Already tried 5 time(s); retry policy is RetryUpToMaximumCountWithFixedSleep(maxRetries=15, sleepTime=1000 MILLISECONDS)
2022-09-29 01:24:12,256 [grpc-default-executor-0] WARN  server.GrpcLogAppender (LogUtils.java:warn(122)) - 2d6d5b8e-e752-4562-8a63-86fab6cb8fe2@group-20810F2C5144->607e46f6-8430-4252-8b38-005d1aa49d3c-AppendLogResponseHandler: Failed appendEntries: org.apache.ratis.thirdparty.io.grpc.StatusRuntimeException: UNAVAILABLE: io exception
2022-09-29 01:24:12,257 [grpc-default-executor-0] WARN  server.GrpcLogAppender (GrpcLogAppender.java:resetClient(111)) - 2d6d5b8e-e752-4562-8a63-86fab6cb8fe2@group-20810F2C5144->607e46f6-8430-4252-8b38-005d1aa49d3c-GrpcLogAppender: Leader has not got in touch with Follower 2d6d5b8e-e752-4562-8a63-86fab6cb8fe2@group-20810F2C5144->607e46f6-8430-4252-8b38-005d1aa49d3c(c0,m0,n1, attendVote=true, lastRpcSendTime=1261, lastRpcResponseTime=3762) yet, just keep nextIndex unchanged and retry.
2022-09-29 01:24:12,266 [grpc-default-executor-0] WARN  server.GrpcLogAppender (LogUtils.java:warn(122)) - 2d6d5b8e-e752-4562-8a63-86fab6cb8fe2@group-20810F2C5144->574ea199-4fc5-4e12-82c5-94eb8c91283e-AppendLogResponseHandler: Failed appendEntries: org.apache.ratis.thirdparty.io.grpc.StatusRuntimeException: UNAVAILABLE: io exception
2022-09-29 01:24:12,266 [grpc-default-executor-0] WARN  server.GrpcLogAppender (GrpcLogAppender.java:resetClient(111)) - 2d6d5b8e-e752-4562-8a63-86fab6cb8fe2@group-20810F2C5144->574ea199-4fc5-4e12-82c5-94eb8c91283e-GrpcLogAppender: Leader has not got in touch with Follower 2d6d5b8e-e752-4562-8a63-86fab6cb8fe2@group-20810F2C5144->574ea199-4fc5-4e12-82c5-94eb8c91283e(c0,m0,n1, attendVote=true, lastRpcSendTime=0, lastRpcResponseTime=3755) yet, just keep nextIndex unchanged and retry.
2022-09-29 01:24:12,932 [omNode-3@group-523986131536-FollowerState] INFO  impl.FollowerState (FollowerState.java:run(143)) - omNode-3@group-523986131536-FollowerState: change to CANDIDATE, lastRpcElapsedTime:1195150850ns, electionTimeout:1188ms
2022-09-29 01:24:12,932 [omNode-3@group-523986131536-FollowerState] INFO  impl.RoleInfo (RoleInfo.java:shutdownFollowerState(110)) - omNode-3: shutdown omNode-3@group-523986131536-FollowerState
2022-09-29 01:24:12,932 [omNode-3@group-523986131536-FollowerState] INFO  server.RaftServer$Division (RaftServerImpl.java:setRole(299)) - omNode-3@group-523986131536: changes role from  FOLLOWER to CANDIDATE at term 16 for changeToCandidate
2022-09-29 01:24:12,932 [omNode-3@group-523986131536-FollowerState] INFO  server.RaftServerConfigKeys (ConfUtils.java:logGet(46)) - raft.server.leaderelection.pre-vote = false (custom)
2022-09-29 01:24:12,933 [omNode-3@group-523986131536-FollowerState] INFO  impl.RoleInfo (RoleInfo.java:updateAndGet(139)) - omNode-3: start omNode-3@group-523986131536-LeaderElection28
2022-09-29 01:24:12,953 [omNode-3@group-523986131536-LeaderElection28] INFO  impl.LeaderElection (LeaderElection.java:askForVotes(310)) - omNode-3@group-523986131536-LeaderElection28 ELECTION round 0: submit vote requests at term 17 for 145: [omNode-3|rpc:localhost:45481|admin:|client:|dataStream:|priority:0, omNode-1|rpc:localhost:40693|admin:|client:|dataStream:|priority:0, omNode-2|rpc:localhost:42303|admin:|client:|dataStream:|priority:0], old=null
2022-09-29 01:24:12,972 [omNode-3@group-523986131536-LeaderElection28] INFO  impl.LeaderElection (LogUtils.java:infoOrTrace(137)) - omNode-3@group-523986131536-LeaderElection28 got exception when requesting votes: java.util.concurrent.ExecutionException: org.apache.ratis.thirdparty.io.grpc.StatusRuntimeException: UNAVAILABLE: io exception
2022-09-29 01:24:12,972 [omNode-3@group-523986131536-LeaderElection28] INFO  impl.LeaderElection (LogUtils.java:infoOrTrace(137)) - omNode-3@group-523986131536-LeaderElection28 got exception when requesting votes: java.util.concurrent.ExecutionException: org.apache.ratis.thirdparty.io.grpc.StatusRuntimeException: UNAVAILABLE: io exception
2022-09-29 01:24:12,972 [omNode-3@group-523986131536-LeaderElection28] INFO  impl.LeaderElection (LeaderElection.java:logAndReturn(90)) - omNode-3@group-523986131536-LeaderElection28: ELECTION REJECTED received 0 response(s) and 2 exception(s):
2022-09-29 01:24:12,972 [omNode-3@group-523986131536-LeaderElection28] INFO  impl.LeaderElection (LogUtils.java:infoOrTrace(137)) -   Exception 0: java.util.concurrent.ExecutionException: org.apache.ratis.thirdparty.io.grpc.StatusRuntimeException: UNAVAILABLE: io exception
2022-09-29 01:24:12,972 [omNode-3@group-523986131536-LeaderElection28] INFO  impl.LeaderElection (LogUtils.java:infoOrTrace(137)) -   Exception 1: java.util.concurrent.ExecutionException: org.apache.ratis.thirdparty.io.grpc.StatusRuntimeException: UNAVAILABLE: io exception
2022-09-29 01:24:12,972 [omNode-3@group-523986131536-LeaderElection28] INFO  impl.LeaderElection (LeaderElection.java:askForVotes(312)) - omNode-3@group-523986131536-LeaderElection28 ELECTION round 0: result REJECTED
2022-09-29 01:24:12,972 [omNode-3@group-523986131536-LeaderElection28] INFO  server.RaftServer$Division (RaftServerImpl.java:setRole(299)) - omNode-3@group-523986131536: changes role from CANDIDATE to FOLLOWER at term 17 for REJECTED
2022-09-29 01:24:12,972 [omNode-3@group-523986131536-LeaderElection28] INFO  impl.RoleInfo (RoleInfo.java:shutdownLeaderElection(130)) - omNode-3: shutdown omNode-3@group-523986131536-LeaderElection28
2022-09-29 01:24:12,972 [omNode-3@group-523986131536-LeaderElection28] INFO  impl.RoleInfo (RoleInfo.java:updateAndGet(139)) - omNode-3: start omNode-3@group-523986131536-FollowerState
2022-09-29 01:24:13,139 [EndpointStateMachine task thread for /0.0.0.0:42241 - 0 ] INFO  ipc.Client (Client.java:handleConnectionFailure(977)) - Retrying connect to server: 0.0.0.0/0.0.0.0:42241. Already tried 6 time(s); retry policy is RetryUpToMaximumCountWithFixedSleep(maxRetries=15, sleepTime=1000 MILLISECONDS)
2022-09-29 01:24:13,512 [grpc-default-executor-0] WARN  server.GrpcLogAppender (LogUtils.java:warn(122)) - 2d6d5b8e-e752-4562-8a63-86fab6cb8fe2@group-20810F2C5144->607e46f6-8430-4252-8b38-005d1aa49d3c-AppendLogResponseHandler: Failed appendEntries: org.apache.ratis.thirdparty.io.grpc.StatusRuntimeException: UNAVAILABLE: io exception
2022-09-29 01:24:13,514 [grpc-default-executor-0] WARN  server.GrpcLogAppender (GrpcLogAppender.java:resetClient(111)) - 2d6d5b8e-e752-4562-8a63-86fab6cb8fe2@group-20810F2C5144->607e46f6-8430-4252-8b38-005d1aa49d3c-GrpcLogAppender: Leader has not got in touch with Follower 2d6d5b8e-e752-4562-8a63-86fab6cb8fe2@group-20810F2C5144->607e46f6-8430-4252-8b38-005d1aa49d3c(c0,m0,n1, attendVote=true, lastRpcSendTime=2, lastRpcResponseTime=5020) yet, just keep nextIndex unchanged and retry.
2022-09-29 01:24:13,518 [grpc-default-executor-0] WARN  server.GrpcLogAppender (LogUtils.java:warn(122)) - 2d6d5b8e-e752-4562-8a63-86fab6cb8fe2@group-20810F2C5144->574ea199-4fc5-4e12-82c5-94eb8c91283e-AppendLogResponseHandler: Failed appendEntries: org.apache.ratis.thirdparty.io.grpc.StatusRuntimeException: UNAVAILABLE: io exception
2022-09-29 01:24:13,519 [grpc-default-executor-0] WARN  server.GrpcLogAppender (GrpcLogAppender.java:resetClient(111)) - 2d6d5b8e-e752-4562-8a63-86fab6cb8fe2@group-20810F2C5144->574ea199-4fc5-4e12-82c5-94eb8c91283e-GrpcLogAppender: Leader has not got in touch with Follower 2d6d5b8e-e752-4562-8a63-86fab6cb8fe2@group-20810F2C5144->574ea199-4fc5-4e12-82c5-94eb8c91283e(c0,m0,n1, attendVote=true, lastRpcSendTime=1252, lastRpcResponseTime=5007) yet, just keep nextIndex unchanged and retry.
2022-09-29 01:24:14,140 [EndpointStateMachine task thread for /0.0.0.0:42241 - 0 ] INFO  ipc.Client (Client.java:handleConnectionFailure(977)) - Retrying connect to server: 0.0.0.0/0.0.0.0:42241. Already tried 7 time(s); retry policy is RetryUpToMaximumCountWithFixedSleep(maxRetries=15, sleepTime=1000 MILLISECONDS)
2022-09-29 01:24:14,183 [omNode-3@group-523986131536-FollowerState] INFO  impl.FollowerState (FollowerState.java:run(143)) - omNode-3@group-523986131536-FollowerState: change to CANDIDATE, lastRpcElapsedTime:1210682030ns, electionTimeout:1199ms
2022-09-29 01:24:14,183 [omNode-3@group-523986131536-FollowerState] INFO  impl.RoleInfo (RoleInfo.java:shutdownFollowerState(110)) - omNode-3: shutdown omNode-3@group-523986131536-FollowerState
2022-09-29 01:24:14,183 [omNode-3@group-523986131536-FollowerState] INFO  server.RaftServer$Division (RaftServerImpl.java:setRole(299)) - omNode-3@group-523986131536: changes role from  FOLLOWER to CANDIDATE at term 17 for changeToCandidate
2022-09-29 01:24:14,183 [omNode-3@group-523986131536-FollowerState] INFO  server.RaftServerConfigKeys (ConfUtils.java:logGet(46)) - raft.server.leaderelection.pre-vote = false (custom)
2022-09-29 01:24:14,183 [omNode-3@group-523986131536-FollowerState] INFO  impl.RoleInfo (RoleInfo.java:updateAndGet(139)) - omNode-3: start omNode-3@group-523986131536-LeaderElection29
2022-09-29 01:24:14,221 [omNode-3@group-523986131536-LeaderElection29] INFO  impl.LeaderElection (LeaderElection.java:askForVotes(310)) - omNode-3@group-523986131536-LeaderElection29 ELECTION round 0: submit vote requests at term 18 for 145: [omNode-3|rpc:localhost:45481|admin:|client:|dataStream:|priority:0, omNode-1|rpc:localhost:40693|admin:|client:|dataStream:|priority:0, omNode-2|rpc:localhost:42303|admin:|client:|dataStream:|priority:0], old=null
2022-09-29 01:24:14,240 [omNode-3@group-523986131536-LeaderElection29] INFO  impl.LeaderElection (LogUtils.java:infoOrTrace(137)) - omNode-3@group-523986131536-LeaderElection29 got exception when requesting votes: java.util.concurrent.ExecutionException: org.apache.ratis.thirdparty.io.grpc.StatusRuntimeException: UNAVAILABLE: io exception
2022-09-29 01:24:14,241 [omNode-3@group-523986131536-LeaderElection29] INFO  impl.LeaderElection (LogUtils.java:infoOrTrace(137)) - omNode-3@group-523986131536-LeaderElection29 got exception when requesting votes: java.util.concurrent.ExecutionException: org.apache.ratis.thirdparty.io.grpc.StatusRuntimeException: UNAVAILABLE: io exception
2022-09-29 01:24:14,241 [omNode-3@group-523986131536-LeaderElection29] INFO  impl.LeaderElection (LeaderElection.java:logAndReturn(90)) - omNode-3@group-523986131536-LeaderElection29: ELECTION REJECTED received 0 response(s) and 2 exception(s):
2022-09-29 01:24:14,241 [omNode-3@group-523986131536-LeaderElection29] INFO  impl.LeaderElection (LogUtils.java:infoOrTrace(137)) -   Exception 0: java.util.concurrent.ExecutionException: org.apache.ratis.thirdparty.io.grpc.StatusRuntimeException: UNAVAILABLE: io exception
2022-09-29 01:24:14,241 [omNode-3@group-523986131536-LeaderElection29] INFO  impl.LeaderElection (LogUtils.java:infoOrTrace(137)) -   Exception 1: java.util.concurrent.ExecutionException: org.apache.ratis.thirdparty.io.grpc.StatusRuntimeException: UNAVAILABLE: io exception
2022-09-29 01:24:14,241 [omNode-3@group-523986131536-LeaderElection29] INFO  impl.LeaderElection (LeaderElection.java:askForVotes(312)) - omNode-3@group-523986131536-LeaderElection29 ELECTION round 0: result REJECTED
2022-09-29 01:24:14,241 [omNode-3@group-523986131536-LeaderElection29] INFO  server.RaftServer$Division (RaftServerImpl.java:setRole(299)) - omNode-3@group-523986131536: changes role from CANDIDATE to FOLLOWER at term 18 for REJECTED
2022-09-29 01:24:14,241 [omNode-3@group-523986131536-LeaderElection29] INFO  impl.RoleInfo (RoleInfo.java:shutdownLeaderElection(130)) - omNode-3: shutdown omNode-3@group-523986131536-LeaderElection29
2022-09-29 01:24:14,241 [omNode-3@group-523986131536-LeaderElection29] INFO  impl.RoleInfo (RoleInfo.java:updateAndGet(139)) - omNode-3: start omNode-3@group-523986131536-FollowerState
2022-09-29 01:24:14,512 [ForkJoinPool.commonPool-worker-1] INFO  statemachine.DatanodeStateMachine (DatanodeStateMachine.java:stopDaemon(580)) - Ozone container server stopped.
2022-09-29 01:24:14,518 [Listener at localhost/41255] INFO  statemachine.DatanodeStateMachine (DatanodeStateMachine.java:stopDaemon(580)) - Ozone container server stopped.
2022-09-29 01:24:14,547 [Listener at localhost/41255] INFO  handler.ContextHandler (ContextHandler.java:doStop(1153)) - Stopped o.e.j.w.WebAppContext@41a0a072{hddsDatanode,/,null,STOPPED}{jar:file:/home/runner/.m2/repository/org/apache/ozone/hdds-container-service/1.3.0-SNAPSHOT/hdds-container-service-1.3.0-SNAPSHOT.jar!/webapps/hddsDatanode}
2022-09-29 01:24:14,548 [ForkJoinPool.commonPool-worker-1] INFO  handler.ContextHandler (ContextHandler.java:doStop(1153)) - Stopped o.e.j.w.WebAppContext@854d6db{hddsDatanode,/,null,STOPPED}{jar:file:/home/runner/.m2/repository/org/apache/ozone/hdds-container-service/1.3.0-SNAPSHOT/hdds-container-service-1.3.0-SNAPSHOT.jar!/webapps/hddsDatanode}
2022-09-29 01:24:14,548 [Listener at localhost/41255] INFO  server.AbstractConnector (AbstractConnector.java:doStop(381)) - Stopped ServerConnector@2702326d{HTTP/1.1, (http/1.1)}{0.0.0.0:0}
2022-09-29 01:24:14,548 [Listener at localhost/41255] INFO  server.session (HouseKeeper.java:stopScavenging(149)) - node0 Stopped scavenging
2022-09-29 01:24:14,549 [Listener at localhost/41255] INFO  handler.ContextHandler (ContextHandler.java:doStop(1153)) - Stopped o.e.j.s.ServletContextHandler@3453e1f{static,/static,jar:file:/home/runner/.m2/repository/org/apache/ozone/hdds-container-service/1.3.0-SNAPSHOT/hdds-container-service-1.3.0-SNAPSHOT.jar!/webapps/static,STOPPED}
2022-09-29 01:24:14,549 [Listener at localhost/41255] INFO  handler.ContextHandler (ContextHandler.java:doStop(1153)) - Stopped o.e.j.s.ServletContextHandler@4e7dcf03{logs,/logs,file:///home/runner/work/ozone/ozone/hadoop-ozone/integration-test/target/log,STOPPED}
2022-09-29 01:24:14,553 [ForkJoinPool.commonPool-worker-1] INFO  server.AbstractConnector (AbstractConnector.java:doStop(381)) - Stopped ServerConnector@7589fc89{HTTP/1.1, (http/1.1)}{0.0.0.0:0}
2022-09-29 01:24:14,553 [ForkJoinPool.commonPool-worker-1] INFO  server.session (HouseKeeper.java:stopScavenging(149)) - node0 Stopped scavenging
2022-09-29 01:24:14,556 [ForkJoinPool.commonPool-worker-1] INFO  handler.ContextHandler (ContextHandler.java:doStop(1153)) - Stopped o.e.j.s.ServletContextHandler@13a09d37{static,/static,jar:file:/home/runner/.m2/repository/org/apache/ozone/hdds-container-service/1.3.0-SNAPSHOT/hdds-container-service-1.3.0-SNAPSHOT.jar!/webapps/static,STOPPED}
2022-09-29 01:24:14,559 [ForkJoinPool.commonPool-worker-1] INFO  handler.ContextHandler (ContextHandler.java:doStop(1153)) - Stopped o.e.j.s.ServletContextHandler@36a0e677{logs,/logs,file:///home/runner/work/ozone/ozone/hadoop-ozone/integration-test/target/log,STOPPED}
2022-09-29 01:24:14,768 [grpc-default-executor-0] WARN  server.GrpcLogAppender (LogUtils.java:warn(122)) - 2d6d5b8e-e752-4562-8a63-86fab6cb8fe2@group-20810F2C5144->607e46f6-8430-4252-8b38-005d1aa49d3c-AppendLogResponseHandler: Failed appendEntries: org.apache.ratis.thirdparty.io.grpc.StatusRuntimeException: UNAVAILABLE: io exception
2022-09-29 01:24:14,769 [grpc-default-executor-0] WARN  server.GrpcLogAppender (GrpcLogAppender.java:resetClient(111)) - 2d6d5b8e-e752-4562-8a63-86fab6cb8fe2@group-20810F2C5144->607e46f6-8430-4252-8b38-005d1aa49d3c-GrpcLogAppender: Leader has not got in touch with Follower 2d6d5b8e-e752-4562-8a63-86fab6cb8fe2@group-20810F2C5144->607e46f6-8430-4252-8b38-005d1aa49d3c(c0,m0,n1, attendVote=true, lastRpcSendTime=1256, lastRpcResponseTime=6274) yet, just keep nextIndex unchanged and retry.
2022-09-29 01:24:14,772 [grpc-default-executor-0] WARN  server.GrpcLogAppender (LogUtils.java:warn(122)) - 2d6d5b8e-e752-4562-8a63-86fab6cb8fe2@group-20810F2C5144->574ea199-4fc5-4e12-82c5-94eb8c91283e-AppendLogResponseHandler: Failed appendEntries: org.apache.ratis.thirdparty.io.grpc.StatusRuntimeException: UNAVAILABLE: io exception
2022-09-29 01:24:14,773 [grpc-default-executor-0] WARN  server.GrpcLogAppender (GrpcLogAppender.java:resetClient(111)) - 2d6d5b8e-e752-4562-8a63-86fab6cb8fe2@group-20810F2C5144->574ea199-4fc5-4e12-82c5-94eb8c91283e-GrpcLogAppender: Leader has not got in touch with Follower 2d6d5b8e-e752-4562-8a63-86fab6cb8fe2@group-20810F2C5144->574ea199-4fc5-4e12-82c5-94eb8c91283e(c0,m0,n1, attendVote=true, lastRpcSendTime=1253, lastRpcResponseTime=6261) yet, just keep nextIndex unchanged and retry.
2022-09-29 01:24:15,138 [Datanode State Machine Daemon Thread] WARN  statemachine.StateContext (StateContext.java:setState(252)) - Ignore disallowed transition from SHUTDOWN to RUNNING
2022-09-29 01:24:15,140 [EndpointStateMachine task thread for /0.0.0.0:42241 - 0 ] INFO  ipc.Client (Client.java:handleConnectionFailure(977)) - Retrying connect to server: 0.0.0.0/0.0.0.0:42241. Already tried 8 time(s); retry policy is RetryUpToMaximumCountWithFixedSleep(maxRetries=15, sleepTime=1000 MILLISECONDS)
2022-09-29 01:24:15,386 [omNode-3@group-523986131536-FollowerState] INFO  impl.FollowerState (FollowerState.java:run(143)) - omNode-3@group-523986131536-FollowerState: change to CANDIDATE, lastRpcElapsedTime:1145339186ns, electionTimeout:1136ms
2022-09-29 01:24:15,387 [omNode-3@group-523986131536-FollowerState] INFO  impl.RoleInfo (RoleInfo.java:shutdownFollowerState(110)) - omNode-3: shutdown omNode-3@group-523986131536-FollowerState
2022-09-29 01:24:15,387 [omNode-3@group-523986131536-FollowerState] INFO  server.RaftServer$Division (RaftServerImpl.java:setRole(299)) - omNode-3@group-523986131536: changes role from  FOLLOWER to CANDIDATE at term 18 for changeToCandidate
2022-09-29 01:24:15,387 [omNode-3@group-523986131536-FollowerState] INFO  server.RaftServerConfigKeys (ConfUtils.java:logGet(46)) - raft.server.leaderelection.pre-vote = false (custom)
2022-09-29 01:24:15,387 [omNode-3@group-523986131536-FollowerState] INFO  impl.RoleInfo (RoleInfo.java:updateAndGet(139)) - omNode-3: start omNode-3@group-523986131536-LeaderElection30
2022-09-29 01:24:15,423 [omNode-3@group-523986131536-LeaderElection30] INFO  impl.LeaderElection (LeaderElection.java:askForVotes(310)) - omNode-3@group-523986131536-LeaderElection30 ELECTION round 0: submit vote requests at term 19 for 145: [omNode-3|rpc:localhost:45481|admin:|client:|dataStream:|priority:0, omNode-1|rpc:localhost:40693|admin:|client:|dataStream:|priority:0, omNode-2|rpc:localhost:42303|admin:|client:|dataStream:|priority:0], old=null
2022-09-29 01:24:15,448 [omNode-3@group-523986131536-LeaderElection30] INFO  impl.LeaderElection (LogUtils.java:infoOrTrace(137)) - omNode-3@group-523986131536-LeaderElection30 got exception when requesting votes: java.util.concurrent.ExecutionException: org.apache.ratis.thirdparty.io.grpc.StatusRuntimeException: UNAVAILABLE: io exception
2022-09-29 01:24:15,448 [omNode-3@group-523986131536-LeaderElection30] INFO  impl.LeaderElection (LogUtils.java:infoOrTrace(137)) - omNode-3@group-523986131536-LeaderElection30 got exception when requesting votes: java.util.concurrent.ExecutionException: org.apache.ratis.thirdparty.io.grpc.StatusRuntimeException: UNAVAILABLE: io exception
2022-09-29 01:24:15,448 [omNode-3@group-523986131536-LeaderElection30] INFO  impl.LeaderElection (LeaderElection.java:logAndReturn(90)) - omNode-3@group-523986131536-LeaderElection30: ELECTION REJECTED received 0 response(s) and 2 exception(s):
2022-09-29 01:24:15,448 [omNode-3@group-523986131536-LeaderElection30] INFO  impl.LeaderElection (LogUtils.java:infoOrTrace(137)) -   Exception 0: java.util.concurrent.ExecutionException: org.apache.ratis.thirdparty.io.grpc.StatusRuntimeException: UNAVAILABLE: io exception
2022-09-29 01:24:15,448 [omNode-3@group-523986131536-LeaderElection30] INFO  impl.LeaderElection (LogUtils.java:infoOrTrace(137)) -   Exception 1: java.util.concurrent.ExecutionException: org.apache.ratis.thirdparty.io.grpc.StatusRuntimeException: UNAVAILABLE: io exception
2022-09-29 01:24:15,448 [omNode-3@group-523986131536-LeaderElection30] INFO  impl.LeaderElection (LeaderElection.java:askForVotes(312)) - omNode-3@group-523986131536-LeaderElection30 ELECTION round 0: result REJECTED
2022-09-29 01:24:15,449 [omNode-3@group-523986131536-LeaderElection30] INFO  server.RaftServer$Division (RaftServerImpl.java:setRole(299)) - omNode-3@group-523986131536: changes role from CANDIDATE to FOLLOWER at term 19 for REJECTED
2022-09-29 01:24:15,449 [omNode-3@group-523986131536-LeaderElection30] INFO  impl.RoleInfo (RoleInfo.java:shutdownLeaderElection(130)) - omNode-3: shutdown omNode-3@group-523986131536-LeaderElection30
2022-09-29 01:24:15,449 [omNode-3@group-523986131536-LeaderElection30] INFO  impl.RoleInfo (RoleInfo.java:updateAndGet(139)) - omNode-3: start omNode-3@group-523986131536-FollowerState
2022-09-29 01:24:16,024 [grpc-default-executor-3] WARN  server.GrpcLogAppender (LogUtils.java:warn(122)) - 2d6d5b8e-e752-4562-8a63-86fab6cb8fe2@group-20810F2C5144->607e46f6-8430-4252-8b38-005d1aa49d3c-AppendLogResponseHandler: Failed appendEntries: org.apache.ratis.thirdparty.io.grpc.StatusRuntimeException: UNAVAILABLE: io exception
2022-09-29 01:24:16,024 [grpc-default-executor-3] WARN  server.GrpcLogAppender (GrpcLogAppender.java:resetClient(111)) - 2d6d5b8e-e752-4562-8a63-86fab6cb8fe2@group-20810F2C5144->607e46f6-8430-4252-8b38-005d1aa49d3c-GrpcLogAppender: Leader has not got in touch with Follower 2d6d5b8e-e752-4562-8a63-86fab6cb8fe2@group-20810F2C5144->607e46f6-8430-4252-8b38-005d1aa49d3c(c0,m0,n1, attendVote=true, lastRpcSendTime=1254, lastRpcResponseTime=7530) yet, just keep nextIndex unchanged and retry.
2022-09-29 01:24:16,036 [grpc-default-executor-0] WARN  server.GrpcLogAppender (LogUtils.java:warn(122)) - 2d6d5b8e-e752-4562-8a63-86fab6cb8fe2@group-20810F2C5144->574ea199-4fc5-4e12-82c5-94eb8c91283e-AppendLogResponseHandler: Failed appendEntries: org.apache.ratis.thirdparty.io.grpc.StatusRuntimeException: UNAVAILABLE: io exception
2022-09-29 01:24:16,042 [grpc-default-executor-0] WARN  server.GrpcLogAppender (GrpcLogAppender.java:resetClient(111)) - 2d6d5b8e-e752-4562-8a63-86fab6cb8fe2@group-20810F2C5144->574ea199-4fc5-4e12-82c5-94eb8c91283e-GrpcLogAppender: Leader has not got in touch with Follower 2d6d5b8e-e752-4562-8a63-86fab6cb8fe2@group-20810F2C5144->574ea199-4fc5-4e12-82c5-94eb8c91283e(c0,m0,n1, attendVote=true, lastRpcSendTime=1268, lastRpcResponseTime=7530) yet, just keep nextIndex unchanged and retry.
2022-09-29 01:24:16,141 [EndpointStateMachine task thread for /0.0.0.0:42241 - 0 ] INFO  ipc.Client (Client.java:handleConnectionFailure(977)) - Retrying connect to server: 0.0.0.0/0.0.0.0:42241. Already tried 9 time(s); retry policy is RetryUpToMaximumCountWithFixedSleep(maxRetries=15, sleepTime=1000 MILLISECONDS)
2022-09-29 01:24:16,605 [omNode-3@group-523986131536-FollowerState] INFO  impl.FollowerState (FollowerState.java:run(143)) - omNode-3@group-523986131536-FollowerState: change to CANDIDATE, lastRpcElapsedTime:1156260875ns, electionTimeout:1153ms
2022-09-29 01:24:16,605 [omNode-3@group-523986131536-FollowerState] INFO  impl.RoleInfo (RoleInfo.java:shutdownFollowerState(110)) - omNode-3: shutdown omNode-3@group-523986131536-FollowerState
2022-09-29 01:24:16,605 [omNode-3@group-523986131536-FollowerState] INFO  server.RaftServer$Division (RaftServerImpl.java:setRole(299)) - omNode-3@group-523986131536: changes role from  FOLLOWER to CANDIDATE at term 19 for changeToCandidate
2022-09-29 01:24:16,605 [omNode-3@group-523986131536-FollowerState] INFO  server.RaftServerConfigKeys (ConfUtils.java:logGet(46)) - raft.server.leaderelection.pre-vote = false (custom)
2022-09-29 01:24:16,605 [omNode-3@group-523986131536-FollowerState] INFO  impl.RoleInfo (RoleInfo.java:updateAndGet(139)) - omNode-3: start omNode-3@group-523986131536-LeaderElection31
2022-09-29 01:24:16,652 [2d6d5b8e-e752-4562-8a63-86fab6cb8fe2@group-A1433E37E7D3-FollowerState] INFO  impl.FollowerState (FollowerState.java:run(143)) - 2d6d5b8e-e752-4562-8a63-86fab6cb8fe2@group-A1433E37E7D3-FollowerState: change to CANDIDATE, lastRpcElapsedTime:8468650641ns, electionTimeout:5074ms
2022-09-29 01:24:16,652 [2d6d5b8e-e752-4562-8a63-86fab6cb8fe2@group-A1433E37E7D3-FollowerState] INFO  impl.RoleInfo (RoleInfo.java:shutdownFollowerState(110)) - 2d6d5b8e-e752-4562-8a63-86fab6cb8fe2: shutdown 2d6d5b8e-e752-4562-8a63-86fab6cb8fe2@group-A1433E37E7D3-FollowerState
2022-09-29 01:24:16,652 [2d6d5b8e-e752-4562-8a63-86fab6cb8fe2@group-A1433E37E7D3-FollowerState] INFO  server.RaftServer$Division (RaftServerImpl.java:setRole(299)) - 2d6d5b8e-e752-4562-8a63-86fab6cb8fe2@group-A1433E37E7D3: changes role from  FOLLOWER to CANDIDATE at term 2 for changeToCandidate
2022-09-29 01:24:16,653 [2d6d5b8e-e752-4562-8a63-86fab6cb8fe2@group-A1433E37E7D3-FollowerState] INFO  server.RaftServerConfigKeys (ConfUtils.java:logGet(46)) - raft.server.leaderelection.pre-vote = false (custom)
2022-09-29 01:24:16,653 [2d6d5b8e-e752-4562-8a63-86fab6cb8fe2@group-A1433E37E7D3-FollowerState] INFO  impl.RoleInfo (RoleInfo.java:updateAndGet(139)) - 2d6d5b8e-e752-4562-8a63-86fab6cb8fe2: start 2d6d5b8e-e752-4562-8a63-86fab6cb8fe2@group-A1433E37E7D3-LeaderElection32
2022-09-29 01:24:16,653 [omNode-3@group-523986131536-LeaderElection31] INFO  impl.LeaderElection (LeaderElection.java:askForVotes(310)) - omNode-3@group-523986131536-LeaderElection31 ELECTION round 0: submit vote requests at term 20 for 145: [omNode-3|rpc:localhost:45481|admin:|client:|dataStream:|priority:0, omNode-1|rpc:localhost:40693|admin:|client:|dataStream:|priority:0, omNode-2|rpc:localhost:42303|admin:|client:|dataStream:|priority:0], old=null
2022-09-29 01:24:16,669 [2d6d5b8e-e752-4562-8a63-86fab6cb8fe2@group-A1433E37E7D3-LeaderElection32] INFO  server.RaftServer$Division (ServerState.java:setLeader(287)) - 2d6d5b8e-e752-4562-8a63-86fab6cb8fe2@group-A1433E37E7D3: change Leader from 574ea199-4fc5-4e12-82c5-94eb8c91283e to null at term 2 for ELECTION
2022-09-29 01:24:16,670 [2d6d5b8e-e752-4562-8a63-86fab6cb8fe2@group-A1433E37E7D3-LeaderElection32] INFO  impl.LeaderElection (LeaderElection.java:askForVotes(310)) - 2d6d5b8e-e752-4562-8a63-86fab6cb8fe2@group-A1433E37E7D3-LeaderElection32 ELECTION round 0: submit vote requests at term 3 for 0: [2d6d5b8e-e752-4562-8a63-86fab6cb8fe2|rpc:10.1.1.32:37041|dataStream:|priority:0, 574ea199-4fc5-4e12-82c5-94eb8c91283e|rpc:10.1.1.32:46123|dataStream:|priority:1, 607e46f6-8430-4252-8b38-005d1aa49d3c|rpc:10.1.1.32:41899|dataStream:|priority:0], old=null
2022-09-29 01:24:16,700 [omNode-3@group-523986131536-LeaderElection31] INFO  impl.LeaderElection (LogUtils.java:infoOrTrace(137)) - omNode-3@group-523986131536-LeaderElection31 got exception when requesting votes: java.util.concurrent.ExecutionException: org.apache.ratis.thirdparty.io.grpc.StatusRuntimeException: UNAVAILABLE: io exception
2022-09-29 01:24:16,704 [omNode-3@group-523986131536-LeaderElection31] INFO  impl.LeaderElection (LogUtils.java:infoOrTrace(137)) - omNode-3@group-523986131536-LeaderElection31 got exception when requesting votes: java.util.concurrent.ExecutionException: org.apache.ratis.thirdparty.io.grpc.StatusRuntimeException: UNAVAILABLE: io exception
2022-09-29 01:24:16,704 [2d6d5b8e-e752-4562-8a63-86fab6cb8fe2@group-A1433E37E7D3-LeaderElection32] INFO  impl.LeaderElection (LogUtils.java:infoOrTrace(137)) - 2d6d5b8e-e752-4562-8a63-86fab6cb8fe2@group-A1433E37E7D3-LeaderElection32 got exception when requesting votes: java.util.concurrent.ExecutionException: org.apache.ratis.thirdparty.io.grpc.StatusRuntimeException: UNAVAILABLE: io exception
2022-09-29 01:24:16,704 [omNode-3@group-523986131536-LeaderElection31] INFO  impl.LeaderElection (LeaderElection.java:logAndReturn(90)) - omNode-3@group-523986131536-LeaderElection31: ELECTION REJECTED received 0 response(s) and 2 exception(s):
2022-09-29 01:24:16,704 [omNode-3@group-523986131536-LeaderElection31] INFO  impl.LeaderElection (LogUtils.java:infoOrTrace(137)) -   Exception 0: java.util.concurrent.ExecutionException: org.apache.ratis.thirdparty.io.grpc.StatusRuntimeException: UNAVAILABLE: io exception
2022-09-29 01:24:16,704 [omNode-3@group-523986131536-LeaderElection31] INFO  impl.LeaderElection (LogUtils.java:infoOrTrace(137)) -   Exception 1: java.util.concurrent.ExecutionException: org.apache.ratis.thirdparty.io.grpc.StatusRuntimeException: UNAVAILABLE: io exception
2022-09-29 01:24:16,704 [omNode-3@group-523986131536-LeaderElection31] INFO  impl.LeaderElection (LeaderElection.java:askForVotes(312)) - omNode-3@group-523986131536-LeaderElection31 ELECTION round 0: result REJECTED
2022-09-29 01:24:16,704 [omNode-3@group-523986131536-LeaderElection31] INFO  server.RaftServer$Division (RaftServerImpl.java:setRole(299)) - omNode-3@group-523986131536: changes role from CANDIDATE to FOLLOWER at term 20 for REJECTED
2022-09-29 01:24:16,704 [omNode-3@group-523986131536-LeaderElection31] INFO  impl.RoleInfo (RoleInfo.java:shutdownLeaderElection(130)) - omNode-3: shutdown omNode-3@group-523986131536-LeaderElection31
2022-09-29 01:24:16,704 [omNode-3@group-523986131536-LeaderElection31] INFO  impl.RoleInfo (RoleInfo.java:updateAndGet(139)) - omNode-3: start omNode-3@group-523986131536-FollowerState
2022-09-29 01:24:16,720 [2d6d5b8e-e752-4562-8a63-86fab6cb8fe2@group-A1433E37E7D3-LeaderElection32] INFO  impl.LeaderElection (LogUtils.java:infoOrTrace(137)) - 2d6d5b8e-e752-4562-8a63-86fab6cb8fe2@group-A1433E37E7D3-LeaderElection32 got exception when requesting votes: java.util.concurrent.ExecutionException: org.apache.ratis.thirdparty.io.grpc.StatusRuntimeException: UNAVAILABLE: io exception
2022-09-29 01:24:16,720 [2d6d5b8e-e752-4562-8a63-86fab6cb8fe2@group-A1433E37E7D3-LeaderElection32] INFO  impl.LeaderElection (LeaderElection.java:logAndReturn(90)) - 2d6d5b8e-e752-4562-8a63-86fab6cb8fe2@group-A1433E37E7D3-LeaderElection32: ELECTION REJECTED received 0 response(s) and 2 exception(s):
2022-09-29 01:24:16,720 [2d6d5b8e-e752-4562-8a63-86fab6cb8fe2@group-A1433E37E7D3-LeaderElection32] INFO  impl.LeaderElection (LogUtils.java:infoOrTrace(137)) -   Exception 0: java.util.concurrent.ExecutionException: org.apache.ratis.thirdparty.io.grpc.StatusRuntimeException: UNAVAILABLE: io exception
2022-09-29 01:24:16,720 [2d6d5b8e-e752-4562-8a63-86fab6cb8fe2@group-A1433E37E7D3-LeaderElection32] INFO  impl.LeaderElection (LogUtils.java:infoOrTrace(137)) -   Exception 1: java.util.concurrent.ExecutionException: org.apache.ratis.thirdparty.io.grpc.StatusRuntimeException: UNAVAILABLE: io exception
2022-09-29 01:24:16,720 [2d6d5b8e-e752-4562-8a63-86fab6cb8fe2@group-A1433E37E7D3-LeaderElection32] INFO  impl.LeaderElection (LeaderElection.java:askForVotes(312)) - 2d6d5b8e-e752-4562-8a63-86fab6cb8fe2@group-A1433E37E7D3-LeaderElection32 ELECTION round 0: result REJECTED
2022-09-29 01:24:16,720 [2d6d5b8e-e752-4562-8a63-86fab6cb8fe2@group-A1433E37E7D3-LeaderElection32] INFO  server.RaftServer$Division (RaftServerImpl.java:setRole(299)) - 2d6d5b8e-e752-4562-8a63-86fab6cb8fe2@group-A1433E37E7D3: changes role from CANDIDATE to FOLLOWER at term 3 for REJECTED
2022-09-29 01:24:16,720 [2d6d5b8e-e752-4562-8a63-86fab6cb8fe2@group-A1433E37E7D3-LeaderElection32] INFO  impl.RoleInfo (RoleInfo.java:shutdownLeaderElection(130)) - 2d6d5b8e-e752-4562-8a63-86fab6cb8fe2: shutdown 2d6d5b8e-e752-4562-8a63-86fab6cb8fe2@group-A1433E37E7D3-LeaderElection32
2022-09-29 01:24:16,720 [2d6d5b8e-e752-4562-8a63-86fab6cb8fe2@group-A1433E37E7D3-LeaderElection32] INFO  impl.RoleInfo (RoleInfo.java:updateAndGet(139)) - 2d6d5b8e-e752-4562-8a63-86fab6cb8fe2: start 2d6d5b8e-e752-4562-8a63-86fab6cb8fe2@group-A1433E37E7D3-FollowerState
2022-09-29 01:24:17,141 [EndpointStateMachine task thread for /0.0.0.0:42241 - 0 ] INFO  ipc.Client (Client.java:handleConnectionFailure(977)) - Retrying connect to server: 0.0.0.0/0.0.0.0:42241. Already tried 10 time(s); retry policy is RetryUpToMaximumCountWithFixedSleep(maxRetries=15, sleepTime=1000 MILLISECONDS)
2022-09-29 01:24:17,278 [grpc-default-executor-0] WARN  server.GrpcLogAppender (LogUtils.java:warn(122)) - 2d6d5b8e-e752-4562-8a63-86fab6cb8fe2@group-20810F2C5144->607e46f6-8430-4252-8b38-005d1aa49d3c-AppendLogResponseHandler: Failed appendEntries: org.apache.ratis.thirdparty.io.grpc.StatusRuntimeException: UNAVAILABLE: io exception
2022-09-29 01:24:17,279 [grpc-default-executor-0] WARN  server.GrpcLogAppender (GrpcLogAppender.java:resetClient(111)) - 2d6d5b8e-e752-4562-8a63-86fab6cb8fe2@group-20810F2C5144->607e46f6-8430-4252-8b38-005d1aa49d3c-GrpcLogAppender: Leader has not got in touch with Follower 2d6d5b8e-e752-4562-8a63-86fab6cb8fe2@group-20810F2C5144->607e46f6-8430-4252-8b38-005d1aa49d3c(c0,m0,n1, attendVote=true, lastRpcSendTime=1250, lastRpcResponseTime=8784) yet, just keep nextIndex unchanged and retry.
2022-09-29 01:24:17,293 [grpc-default-executor-0] WARN  server.GrpcLogAppender (LogUtils.java:warn(122)) - 2d6d5b8e-e752-4562-8a63-86fab6cb8fe2@group-20810F2C5144->574ea199-4fc5-4e12-82c5-94eb8c91283e-AppendLogResponseHandler: Failed appendEntries: org.apache.ratis.thirdparty.io.grpc.StatusRuntimeException: UNAVAILABLE: io exception
2022-09-29 01:24:17,293 [grpc-default-executor-0] WARN  server.GrpcLogAppender (GrpcLogAppender.java:resetClient(111)) - 2d6d5b8e-e752-4562-8a63-86fab6cb8fe2@group-20810F2C5144->574ea199-4fc5-4e12-82c5-94eb8c91283e-GrpcLogAppender: Leader has not got in touch with Follower 2d6d5b8e-e752-4562-8a63-86fab6cb8fe2@group-20810F2C5144->574ea199-4fc5-4e12-82c5-94eb8c91283e(c0,m0,n1, attendVote=true, lastRpcSendTime=0, lastRpcResponseTime=8781) yet, just keep nextIndex unchanged and retry.
2022-09-29 01:24:17,780 [omNode-3@group-523986131536-FollowerState] INFO  impl.FollowerState (FollowerState.java:run(143)) - omNode-3@group-523986131536-FollowerState: change to CANDIDATE, lastRpcElapsedTime:1076192057ns, electionTimeout:1060ms
2022-09-29 01:24:17,780 [omNode-3@group-523986131536-FollowerState] INFO  impl.RoleInfo (RoleInfo.java:shutdownFollowerState(110)) - omNode-3: shutdown omNode-3@group-523986131536-FollowerState
2022-09-29 01:24:17,780 [omNode-3@group-523986131536-FollowerState] INFO  server.RaftServer$Division (RaftServerImpl.java:setRole(299)) - omNode-3@group-523986131536: changes role from  FOLLOWER to CANDIDATE at term 20 for changeToCandidate
2022-09-29 01:24:17,780 [omNode-3@group-523986131536-FollowerState] INFO  server.RaftServerConfigKeys (ConfUtils.java:logGet(46)) - raft.server.leaderelection.pre-vote = false (custom)
2022-09-29 01:24:17,780 [omNode-3@group-523986131536-FollowerState] INFO  impl.RoleInfo (RoleInfo.java:updateAndGet(139)) - omNode-3: start omNode-3@group-523986131536-LeaderElection33
2022-09-29 01:24:17,805 [omNode-3@group-523986131536-LeaderElection33] INFO  impl.LeaderElection (LeaderElection.java:askForVotes(310)) - omNode-3@group-523986131536-LeaderElection33 ELECTION round 0: submit vote requests at term 21 for 145: [omNode-3|rpc:localhost:45481|admin:|client:|dataStream:|priority:0, omNode-1|rpc:localhost:40693|admin:|client:|dataStream:|priority:0, omNode-2|rpc:localhost:42303|admin:|client:|dataStream:|priority:0], old=null
2022-09-29 01:24:17,824 [omNode-3@group-523986131536-LeaderElection33] INFO  impl.LeaderElection (LogUtils.java:infoOrTrace(137)) - omNode-3@group-523986131536-LeaderElection33 got exception when requesting votes: java.util.concurrent.ExecutionException: org.apache.ratis.thirdparty.io.grpc.StatusRuntimeException: UNAVAILABLE: io exception
2022-09-29 01:24:17,824 [omNode-3@group-523986131536-LeaderElection33] INFO  impl.LeaderElection (LogUtils.java:infoOrTrace(137)) - omNode-3@group-523986131536-LeaderElection33 got exception when requesting votes: java.util.concurrent.ExecutionException: org.apache.ratis.thirdparty.io.grpc.StatusRuntimeException: UNAVAILABLE: io exception
2022-09-29 01:24:17,824 [omNode-3@group-523986131536-LeaderElection33] INFO  impl.LeaderElection (LeaderElection.java:logAndReturn(90)) - omNode-3@group-523986131536-LeaderElection33: ELECTION REJECTED received 0 response(s) and 2 exception(s):
2022-09-29 01:24:17,824 [omNode-3@group-523986131536-LeaderElection33] INFO  impl.LeaderElection (LogUtils.java:infoOrTrace(137)) -   Exception 0: java.util.concurrent.ExecutionException: org.apache.ratis.thirdparty.io.grpc.StatusRuntimeException: UNAVAILABLE: io exception
2022-09-29 01:24:17,824 [omNode-3@group-523986131536-LeaderElection33] INFO  impl.LeaderElection (LogUtils.java:infoOrTrace(137)) -   Exception 1: java.util.concurrent.ExecutionException: org.apache.ratis.thirdparty.io.grpc.StatusRuntimeException: UNAVAILABLE: io exception
2022-09-29 01:24:17,824 [omNode-3@group-523986131536-LeaderElection33] INFO  impl.LeaderElection (LeaderElection.java:askForVotes(312)) - omNode-3@group-523986131536-LeaderElection33 ELECTION round 0: result REJECTED
2022-09-29 01:24:17,824 [omNode-3@group-523986131536-LeaderElection33] INFO  server.RaftServer$Division (RaftServerImpl.java:setRole(299)) - omNode-3@group-523986131536: changes role from CANDIDATE to FOLLOWER at term 21 for REJECTED
2022-09-29 01:24:17,824 [omNode-3@group-523986131536-LeaderElection33] INFO  impl.RoleInfo (RoleInfo.java:shutdownLeaderElection(130)) - omNode-3: shutdown omNode-3@group-523986131536-LeaderElection33
2022-09-29 01:24:17,825 [omNode-3@group-523986131536-LeaderElection33] INFO  impl.RoleInfo (RoleInfo.java:updateAndGet(139)) - omNode-3: start omNode-3@group-523986131536-FollowerState
2022-09-29 01:24:18,108 [2d6d5b8e-e752-4562-8a63-86fab6cb8fe2@group-20810F2C5144-LeaderStateImpl] WARN  server.RaftServer$Division (LeaderStateImpl.java:checkLeadership(1018)) - 2d6d5b8e-e752-4562-8a63-86fab6cb8fe2@group-20810F2C5144-LeaderStateImpl: Lost leadership on term: 3. Election timeout: 5200ms. In charge for: 57306ms. Conf: 0: [2d6d5b8e-e752-4562-8a63-86fab6cb8fe2|rpc:10.1.1.32:37041|dataStream:|priority:1, 574ea199-4fc5-4e12-82c5-94eb8c91283e|rpc:10.1.1.32:46123|dataStream:|priority:0, 607e46f6-8430-4252-8b38-005d1aa49d3c|rpc:10.1.1.32:41899|dataStream:|priority:0], old=null
2022-09-29 01:24:18,109 [2d6d5b8e-e752-4562-8a63-86fab6cb8fe2@group-20810F2C5144-LeaderStateImpl] WARN  server.RaftServer$Division (LeaderStateImpl.java:lambda$checkLeadership$17(1022)) - Follower 2d6d5b8e-e752-4562-8a63-86fab6cb8fe2@group-20810F2C5144->574ea199-4fc5-4e12-82c5-94eb8c91283e(c0,m0,n1, attendVote=true, lastRpcSendTime=816, lastRpcResponseTime=9597)
2022-09-29 01:24:18,109 [2d6d5b8e-e752-4562-8a63-86fab6cb8fe2@group-20810F2C5144-LeaderStateImpl] WARN  server.RaftServer$Division (LeaderStateImpl.java:lambda$checkLeadership$17(1022)) - Follower 2d6d5b8e-e752-4562-8a63-86fab6cb8fe2@group-20810F2C5144->607e46f6-8430-4252-8b38-005d1aa49d3c(c0,m0,n1, attendVote=true, lastRpcSendTime=829, lastRpcResponseTime=9614)
2022-09-29 01:24:18,109 [2d6d5b8e-e752-4562-8a63-86fab6cb8fe2@group-20810F2C5144-LeaderStateImpl] INFO  server.RaftServer$Division (RaftServerImpl.java:setRole(299)) - 2d6d5b8e-e752-4562-8a63-86fab6cb8fe2@group-20810F2C5144: changes role from    LEADER to FOLLOWER at term 3 for StepDownReason:LOST_MAJORITY_HEARTBEATS
2022-09-29 01:24:18,109 [2d6d5b8e-e752-4562-8a63-86fab6cb8fe2@group-20810F2C5144-LeaderStateImpl] INFO  impl.RoleInfo (RoleInfo.java:shutdownLeaderState(93)) - 2d6d5b8e-e752-4562-8a63-86fab6cb8fe2: shutdown 2d6d5b8e-e752-4562-8a63-86fab6cb8fe2@group-20810F2C5144-LeaderStateImpl
2022-09-29 01:24:18,109 [2d6d5b8e-e752-4562-8a63-86fab6cb8fe2@group-20810F2C5144-LeaderStateImpl] INFO  impl.PendingRequests (PendingRequests.java:sendNotLeaderResponses(282)) - 2d6d5b8e-e752-4562-8a63-86fab6cb8fe2@group-20810F2C5144-PendingRequests: sendNotLeaderResponses
2022-09-29 01:24:18,109 [2d6d5b8e-e752-4562-8a63-86fab6cb8fe2@group-20810F2C5144-LeaderStateImpl] INFO  impl.RoleInfo (RoleInfo.java:updateAndGet(139)) - 2d6d5b8e-e752-4562-8a63-86fab6cb8fe2: start 2d6d5b8e-e752-4562-8a63-86fab6cb8fe2@group-20810F2C5144-FollowerState
2022-09-29 01:24:18,142 [EndpointStateMachine task thread for /0.0.0.0:42241 - 0 ] INFO  ipc.Client (Client.java:handleConnectionFailure(977)) - Retrying connect to server: 0.0.0.0/0.0.0.0:42241. Already tried 11 time(s); retry policy is RetryUpToMaximumCountWithFixedSleep(maxRetries=15, sleepTime=1000 MILLISECONDS)
2022-09-29 01:24:18,921 [omNode-3@group-523986131536-FollowerState] INFO  impl.FollowerState (FollowerState.java:run(143)) - omNode-3@group-523986131536-FollowerState: change to CANDIDATE, lastRpcElapsedTime:1096784042ns, electionTimeout:1089ms
2022-09-29 01:24:18,921 [omNode-3@group-523986131536-FollowerState] INFO  impl.RoleInfo (RoleInfo.java:shutdownFollowerState(110)) - omNode-3: shutdown omNode-3@group-523986131536-FollowerState
2022-09-29 01:24:18,922 [omNode-3@group-523986131536-FollowerState] INFO  server.RaftServer$Division (RaftServerImpl.java:setRole(299)) - omNode-3@group-523986131536: changes role from  FOLLOWER to CANDIDATE at term 21 for changeToCandidate
2022-09-29 01:24:18,922 [omNode-3@group-523986131536-FollowerState] INFO  server.RaftServerConfigKeys (ConfUtils.java:logGet(46)) - raft.server.leaderelection.pre-vote = false (custom)
2022-09-29 01:24:18,922 [omNode-3@group-523986131536-FollowerState] INFO  impl.RoleInfo (RoleInfo.java:updateAndGet(139)) - omNode-3: start omNode-3@group-523986131536-LeaderElection34
2022-09-29 01:24:18,934 [omNode-3@group-523986131536-LeaderElection34] INFO  impl.LeaderElection (LeaderElection.java:askForVotes(310)) - omNode-3@group-523986131536-LeaderElection34 ELECTION round 0: submit vote requests at term 22 for 145: [omNode-3|rpc:localhost:45481|admin:|client:|dataStream:|priority:0, omNode-1|rpc:localhost:40693|admin:|client:|dataStream:|priority:0, omNode-2|rpc:localhost:42303|admin:|client:|dataStream:|priority:0], old=null
2022-09-29 01:24:18,948 [omNode-3@group-523986131536-LeaderElection34] INFO  impl.LeaderElection (LogUtils.java:infoOrTrace(137)) - omNode-3@group-523986131536-LeaderElection34 got exception when requesting votes: java.util.concurrent.ExecutionException: org.apache.ratis.thirdparty.io.grpc.StatusRuntimeException: UNAVAILABLE: io exception
2022-09-29 01:24:18,948 [omNode-3@group-523986131536-LeaderElection34] INFO  impl.LeaderElection (LogUtils.java:infoOrTrace(137)) - omNode-3@group-523986131536-LeaderElection34 got exception when requesting votes: java.util.concurrent.ExecutionException: org.apache.ratis.thirdparty.io.grpc.StatusRuntimeException: UNAVAILABLE: io exception
2022-09-29 01:24:18,948 [omNode-3@group-523986131536-LeaderElection34] INFO  impl.LeaderElection (LeaderElection.java:logAndReturn(90)) - omNode-3@group-523986131536-LeaderElection34: ELECTION REJECTED received 0 response(s) and 2 exception(s):
2022-09-29 01:24:18,948 [omNode-3@group-523986131536-LeaderElection34] INFO  impl.LeaderElection (LogUtils.java:infoOrTrace(137)) -   Exception 0: java.util.concurrent.ExecutionException: org.apache.ratis.thirdparty.io.grpc.StatusRuntimeException: UNAVAILABLE: io exception
2022-09-29 01:24:18,948 [omNode-3@group-523986131536-LeaderElection34] INFO  impl.LeaderElection (LogUtils.java:infoOrTrace(137)) -   Exception 1: java.util.concurrent.ExecutionException: org.apache.ratis.thirdparty.io.grpc.StatusRuntimeException: UNAVAILABLE: io exception
2022-09-29 01:24:18,948 [omNode-3@group-523986131536-LeaderElection34] INFO  impl.LeaderElection (LeaderElection.java:askForVotes(312)) - omNode-3@group-523986131536-LeaderElection34 ELECTION round 0: result REJECTED
2022-09-29 01:24:18,948 [omNode-3@group-523986131536-LeaderElection34] INFO  server.RaftServer$Division (RaftServerImpl.java:setRole(299)) - omNode-3@group-523986131536: changes role from CANDIDATE to FOLLOWER at term 22 for REJECTED
2022-09-29 01:24:18,948 [omNode-3@group-523986131536-LeaderElection34] INFO  impl.RoleInfo (RoleInfo.java:shutdownLeaderElection(130)) - omNode-3: shutdown omNode-3@group-523986131536-LeaderElection34
2022-09-29 01:24:18,949 [omNode-3@group-523986131536-LeaderElection34] INFO  impl.RoleInfo (RoleInfo.java:updateAndGet(139)) - omNode-3: start omNode-3@group-523986131536-FollowerState
2022-09-29 01:24:19,143 [EndpointStateMachine task thread for /0.0.0.0:42241 - 0 ] INFO  ipc.Client (Client.java:handleConnectionFailure(977)) - Retrying connect to server: 0.0.0.0/0.0.0.0:42241. Already tried 12 time(s); retry policy is RetryUpToMaximumCountWithFixedSleep(maxRetries=15, sleepTime=1000 MILLISECONDS)
2022-09-29 01:24:19,553 [Listener at localhost/41255] INFO  ozoneimpl.OzoneContainer (OzoneContainer.java:stop(400)) - Attempting to stop container services.
2022-09-29 01:24:19,554 [Listener at localhost/41255] INFO  server.RaftServer (RaftServerProxy.java:lambda$close$7(398)) - 2d6d5b8e-e752-4562-8a63-86fab6cb8fe2: close
2022-09-29 01:24:19,564 [Listener at localhost/41255] INFO  server.RaftServer$Division (RaftServerImpl.java:lambda$close$4(434)) - 2d6d5b8e-e752-4562-8a63-86fab6cb8fe2@group-FCDA62EE7B01: shutdown
2022-09-29 01:24:19,564 [Listener at localhost/41255] INFO  util.JmxRegister (JmxRegister.java:unregister(73)) - Successfully un-registered JMX Bean with object name Ratis:service=RaftServer,group=group-FCDA62EE7B01,id=2d6d5b8e-e752-4562-8a63-86fab6cb8fe2
2022-09-29 01:24:19,564 [Listener at localhost/41255] INFO  impl.RoleInfo (RoleInfo.java:shutdownLeaderState(93)) - 2d6d5b8e-e752-4562-8a63-86fab6cb8fe2: shutdown 2d6d5b8e-e752-4562-8a63-86fab6cb8fe2@group-FCDA62EE7B01-LeaderStateImpl
2022-09-29 01:24:19,564 [Listener at localhost/41255] INFO  impl.PendingRequests (PendingRequests.java:sendNotLeaderResponses(282)) - 2d6d5b8e-e752-4562-8a63-86fab6cb8fe2@group-FCDA62EE7B01-PendingRequests: sendNotLeaderResponses
2022-09-29 01:24:19,566 [ForkJoinPool.commonPool-worker-0] INFO  server.RaftServer$Division (RaftServerImpl.java:lambda$close$4(434)) - 2d6d5b8e-e752-4562-8a63-86fab6cb8fe2@group-A1433E37E7D3: shutdown
2022-09-29 01:24:19,566 [ForkJoinPool.commonPool-worker-0] INFO  util.JmxRegister (JmxRegister.java:unregister(73)) - Successfully un-registered JMX Bean with object name Ratis:service=RaftServer,group=group-A1433E37E7D3,id=2d6d5b8e-e752-4562-8a63-86fab6cb8fe2
2022-09-29 01:24:19,566 [ForkJoinPool.commonPool-worker-0] INFO  impl.RoleInfo (RoleInfo.java:shutdownFollowerState(110)) - 2d6d5b8e-e752-4562-8a63-86fab6cb8fe2: shutdown 2d6d5b8e-e752-4562-8a63-86fab6cb8fe2@group-A1433E37E7D3-FollowerState
2022-09-29 01:24:19,566 [ForkJoinPool.commonPool-worker-0] INFO  impl.StateMachineUpdater (StateMachineUpdater.java:stopAndJoin(153)) - 2d6d5b8e-e752-4562-8a63-86fab6cb8fe2@group-A1433E37E7D3-StateMachineUpdater: set stopIndex = 0
2022-09-29 01:24:19,566 [2d6d5b8e-e752-4562-8a63-86fab6cb8fe2@group-A1433E37E7D3-FollowerState] INFO  impl.FollowerState (FollowerState.java:run(152)) - 2d6d5b8e-e752-4562-8a63-86fab6cb8fe2@group-A1433E37E7D3-FollowerState was interrupted
2022-09-29 01:24:19,566 [Listener at localhost/41255] INFO  impl.StateMachineUpdater (StateMachineUpdater.java:stopAndJoin(153)) - 2d6d5b8e-e752-4562-8a63-86fab6cb8fe2@group-FCDA62EE7B01-StateMachineUpdater: set stopIndex = 34
2022-09-29 01:24:19,567 [2d6d5b8e-e752-4562-8a63-86fab6cb8fe2@group-A1433E37E7D3-StateMachineUpdater] INFO  ratis.ContainerStateMachine (ContainerStateMachine.java:takeSnapshot(304)) - group-A1433E37E7D3: Taking a snapshot at:(t:2, i:0) file /home/runner/work/ozone/ozone/hadoop-ozone/integration-test/target/test-dir/MiniOzoneClusterImpl-a442e60d-e435-415e-98a9-f45e33772b0d/datanode-2/data/ratis/7134ed8b-2986-49c9-be5f-a1433e37e7d3/sm/snapshot.2_0
2022-09-29 01:24:19,567 [2d6d5b8e-e752-4562-8a63-86fab6cb8fe2@group-FCDA62EE7B01-StateMachineUpdater] INFO  ratis.ContainerStateMachine (ContainerStateMachine.java:takeSnapshot(304)) - group-FCDA62EE7B01: Taking a snapshot at:(t:1, i:34) file /home/runner/work/ozone/ozone/hadoop-ozone/integration-test/target/test-dir/MiniOzoneClusterImpl-a442e60d-e435-415e-98a9-f45e33772b0d/datanode-2/data/ratis/b3b00d9c-da31-4e21-99da-fcda62ee7b01/sm/snapshot.1_34
2022-09-29 01:24:19,569 [2d6d5b8e-e752-4562-8a63-86fab6cb8fe2@group-A1433E37E7D3-StateMachineUpdater] INFO  ratis.ContainerStateMachine (ContainerStateMachine.java:takeSnapshot(315)) - group-A1433E37E7D3: Finished taking a snapshot at:(t:2, i:0) file:/home/runner/work/ozone/ozone/hadoop-ozone/integration-test/target/test-dir/MiniOzoneClusterImpl-a442e60d-e435-415e-98a9-f45e33772b0d/datanode-2/data/ratis/7134ed8b-2986-49c9-be5f-a1433e37e7d3/sm/snapshot.2_0 took: 2 ms
2022-09-29 01:24:19,569 [2d6d5b8e-e752-4562-8a63-86fab6cb8fe2@group-A1433E37E7D3-StateMachineUpdater] INFO  impl.StateMachineUpdater (StateMachineUpdater.java:takeSnapshot(287)) - 2d6d5b8e-e752-4562-8a63-86fab6cb8fe2@group-A1433E37E7D3-StateMachineUpdater: Took a snapshot at index 0
2022-09-29 01:24:19,569 [2d6d5b8e-e752-4562-8a63-86fab6cb8fe2@group-A1433E37E7D3-StateMachineUpdater] INFO  impl.StateMachineUpdater (StateMachineUpdater.java:lambda$new$0(92)) - 2d6d5b8e-e752-4562-8a63-86fab6cb8fe2@group-A1433E37E7D3-StateMachineUpdater: snapshotIndex: updateIncreasingly -1 -> 0
2022-09-29 01:24:19,569 [ForkJoinPool.commonPool-worker-0] INFO  server.RaftServer$Division (ServerState.java:close(429)) - 2d6d5b8e-e752-4562-8a63-86fab6cb8fe2@group-A1433E37E7D3: closes. applyIndex: 0
2022-09-29 01:24:19,569 [2d6d5b8e-e752-4562-8a63-86fab6cb8fe2@group-FCDA62EE7B01-StateMachineUpdater] INFO  ratis.ContainerStateMachine (ContainerStateMachine.java:takeSnapshot(315)) - group-FCDA62EE7B01: Finished taking a snapshot at:(t:1, i:34) file:/home/runner/work/ozone/ozone/hadoop-ozone/integration-test/target/test-dir/MiniOzoneClusterImpl-a442e60d-e435-415e-98a9-f45e33772b0d/datanode-2/data/ratis/b3b00d9c-da31-4e21-99da-fcda62ee7b01/sm/snapshot.1_34 took: 2 ms
2022-09-29 01:24:19,569 [2d6d5b8e-e752-4562-8a63-86fab6cb8fe2@group-A1433E37E7D3-SegmentedRaftLogWorker] INFO  segmented.SegmentedRaftLogWorker (SegmentedRaftLogWorker.java:run(336)) - 2d6d5b8e-e752-4562-8a63-86fab6cb8fe2@group-A1433E37E7D3-SegmentedRaftLogWorker was interrupted, exiting. There are 0 tasks remaining in the queue.
2022-09-29 01:24:19,569 [ForkJoinPool.commonPool-worker-0] INFO  segmented.SegmentedRaftLogWorker (SegmentedRaftLogWorker.java:close(246)) - 2d6d5b8e-e752-4562-8a63-86fab6cb8fe2@group-A1433E37E7D3-SegmentedRaftLogWorker close()
2022-09-29 01:24:19,569 [2d6d5b8e-e752-4562-8a63-86fab6cb8fe2@group-FCDA62EE7B01-StateMachineUpdater] INFO  impl.StateMachineUpdater (StateMachineUpdater.java:takeSnapshot(287)) - 2d6d5b8e-e752-4562-8a63-86fab6cb8fe2@group-FCDA62EE7B01-StateMachineUpdater: Took a snapshot at index 34
2022-09-29 01:24:19,570 [2d6d5b8e-e752-4562-8a63-86fab6cb8fe2@group-FCDA62EE7B01-StateMachineUpdater] INFO  impl.StateMachineUpdater (StateMachineUpdater.java:lambda$new$0(92)) - 2d6d5b8e-e752-4562-8a63-86fab6cb8fe2@group-FCDA62EE7B01-StateMachineUpdater: snapshotIndex: updateIncreasingly -1 -> 34
2022-09-29 01:24:19,570 [Listener at localhost/41255] INFO  server.RaftServer$Division (ServerState.java:close(429)) - 2d6d5b8e-e752-4562-8a63-86fab6cb8fe2@group-FCDA62EE7B01: closes. applyIndex: 34
2022-09-29 01:24:19,570 [2d6d5b8e-e752-4562-8a63-86fab6cb8fe2@group-FCDA62EE7B01-SegmentedRaftLogWorker] INFO  segmented.SegmentedRaftLogWorker (SegmentedRaftLogWorker.java:run(336)) - 2d6d5b8e-e752-4562-8a63-86fab6cb8fe2@group-FCDA62EE7B01-SegmentedRaftLogWorker was interrupted, exiting. There are 0 tasks remaining in the queue.
2022-09-29 01:24:19,571 [ForkJoinPool.commonPool-worker-0] INFO  server.RaftServer$Division (RaftServerImpl.java:lambda$close$4(434)) - 2d6d5b8e-e752-4562-8a63-86fab6cb8fe2@group-20810F2C5144: shutdown
2022-09-29 01:24:19,571 [ForkJoinPool.commonPool-worker-0] INFO  util.JmxRegister (JmxRegister.java:unregister(73)) - Successfully un-registered JMX Bean with object name Ratis:service=RaftServer,group=group-20810F2C5144,id=2d6d5b8e-e752-4562-8a63-86fab6cb8fe2
2022-09-29 01:24:19,571 [ForkJoinPool.commonPool-worker-0] INFO  impl.RoleInfo (RoleInfo.java:shutdownFollowerState(110)) - 2d6d5b8e-e752-4562-8a63-86fab6cb8fe2: shutdown 2d6d5b8e-e752-4562-8a63-86fab6cb8fe2@group-20810F2C5144-FollowerState
2022-09-29 01:24:19,571 [ForkJoinPool.commonPool-worker-0] INFO  impl.StateMachineUpdater (StateMachineUpdater.java:stopAndJoin(153)) - 2d6d5b8e-e752-4562-8a63-86fab6cb8fe2@group-20810F2C5144-StateMachineUpdater: set stopIndex = 0
2022-09-29 01:24:19,571 [2d6d5b8e-e752-4562-8a63-86fab6cb8fe2@group-20810F2C5144-FollowerState] INFO  impl.FollowerState (FollowerState.java:run(152)) - 2d6d5b8e-e752-4562-8a63-86fab6cb8fe2@group-20810F2C5144-FollowerState was interrupted
2022-09-29 01:24:19,572 [Listener at localhost/41255] INFO  segmented.SegmentedRaftLogWorker (SegmentedRaftLogWorker.java:close(246)) - 2d6d5b8e-e752-4562-8a63-86fab6cb8fe2@group-FCDA62EE7B01-SegmentedRaftLogWorker close()
2022-09-29 01:24:19,573 [2d6d5b8e-e752-4562-8a63-86fab6cb8fe2@group-20810F2C5144-StateMachineUpdater] INFO  ratis.ContainerStateMachine (ContainerStateMachine.java:takeSnapshot(304)) - group-20810F2C5144: Taking a snapshot at:(t:3, i:0) file /home/runner/work/ozone/ozone/hadoop-ozone/integration-test/target/test-dir/MiniOzoneClusterImpl-a442e60d-e435-415e-98a9-f45e33772b0d/datanode-2/data/ratis/1addb3d2-a2de-4258-9c29-20810f2c5144/sm/snapshot.3_0
2022-09-29 01:24:19,577 [2d6d5b8e-e752-4562-8a63-86fab6cb8fe2@group-20810F2C5144-StateMachineUpdater] INFO  ratis.ContainerStateMachine (ContainerStateMachine.java:takeSnapshot(315)) - group-20810F2C5144: Finished taking a snapshot at:(t:3, i:0) file:/home/runner/work/ozone/ozone/hadoop-ozone/integration-test/target/test-dir/MiniOzoneClusterImpl-a442e60d-e435-415e-98a9-f45e33772b0d/datanode-2/data/ratis/1addb3d2-a2de-4258-9c29-20810f2c5144/sm/snapshot.3_0 took: 4 ms
2022-09-29 01:24:19,578 [2d6d5b8e-e752-4562-8a63-86fab6cb8fe2@group-20810F2C5144-StateMachineUpdater] INFO  impl.StateMachineUpdater (StateMachineUpdater.java:takeSnapshot(287)) - 2d6d5b8e-e752-4562-8a63-86fab6cb8fe2@group-20810F2C5144-StateMachineUpdater: Took a snapshot at index 0
2022-09-29 01:24:19,578 [2d6d5b8e-e752-4562-8a63-86fab6cb8fe2@group-20810F2C5144-StateMachineUpdater] INFO  impl.StateMachineUpdater (StateMachineUpdater.java:lambda$new$0(92)) - 2d6d5b8e-e752-4562-8a63-86fab6cb8fe2@group-20810F2C5144-StateMachineUpdater: snapshotIndex: updateIncreasingly -1 -> 0
2022-09-29 01:24:19,578 [ForkJoinPool.commonPool-worker-0] INFO  server.RaftServer$Division (ServerState.java:close(429)) - 2d6d5b8e-e752-4562-8a63-86fab6cb8fe2@group-20810F2C5144: closes. applyIndex: 0
2022-09-29 01:24:19,578 [2d6d5b8e-e752-4562-8a63-86fab6cb8fe2@group-20810F2C5144-SegmentedRaftLogWorker] INFO  segmented.SegmentedRaftLogWorker (SegmentedRaftLogWorker.java:run(336)) - 2d6d5b8e-e752-4562-8a63-86fab6cb8fe2@group-20810F2C5144-SegmentedRaftLogWorker was interrupted, exiting. There are 0 tasks remaining in the queue.
2022-09-29 01:24:19,578 [ForkJoinPool.commonPool-worker-0] INFO  segmented.SegmentedRaftLogWorker (SegmentedRaftLogWorker.java:close(246)) - 2d6d5b8e-e752-4562-8a63-86fab6cb8fe2@group-20810F2C5144-SegmentedRaftLogWorker close()
2022-09-29 01:24:19,578 [Listener at localhost/41255] INFO  server.GrpcService (GrpcService.java:closeImpl(269)) - 2d6d5b8e-e752-4562-8a63-86fab6cb8fe2: shutdown server with port 37041 now
2022-09-29 01:24:19,581 [Listener at localhost/41255] INFO  server.GrpcService (GrpcService.java:closeImpl(278)) - 2d6d5b8e-e752-4562-8a63-86fab6cb8fe2: shutdown server with port 37041 successfully
2022-09-29 01:24:19,581 [org.apache.ratis.util.JvmPauseMonitor$$Lambda$699/1983328127@452cdd62] INFO  util.JvmPauseMonitor (JvmPauseMonitor.java:run(109)) - JvmPauseMonitor-2d6d5b8e-e752-4562-8a63-86fab6cb8fe2: Stopped
2022-09-29 01:24:20,086 [omNode-3@group-523986131536-FollowerState] INFO  impl.FollowerState (FollowerState.java:run(143)) - omNode-3@group-523986131536-FollowerState: change to CANDIDATE, lastRpcElapsedTime:1137373006ns, electionTimeout:1126ms
2022-09-29 01:24:20,086 [omNode-3@group-523986131536-FollowerState] INFO  impl.RoleInfo (RoleInfo.java:shutdownFollowerState(110)) - omNode-3: shutdown omNode-3@group-523986131536-FollowerState
2022-09-29 01:24:20,086 [omNode-3@group-523986131536-FollowerState] INFO  server.RaftServer$Division (RaftServerImpl.java:setRole(299)) - omNode-3@group-523986131536: changes role from  FOLLOWER to CANDIDATE at term 22 for changeToCandidate
2022-09-29 01:24:20,086 [omNode-3@group-523986131536-FollowerState] INFO  server.RaftServerConfigKeys (ConfUtils.java:logGet(46)) - raft.server.leaderelection.pre-vote = false (custom)
2022-09-29 01:24:20,086 [omNode-3@group-523986131536-FollowerState] INFO  impl.RoleInfo (RoleInfo.java:updateAndGet(139)) - omNode-3: start omNode-3@group-523986131536-LeaderElection35
2022-09-29 01:24:20,097 [omNode-3@group-523986131536-LeaderElection35] INFO  impl.LeaderElection (LeaderElection.java:askForVotes(310)) - omNode-3@group-523986131536-LeaderElection35 ELECTION round 0: submit vote requests at term 23 for 145: [omNode-3|rpc:localhost:45481|admin:|client:|dataStream:|priority:0, omNode-1|rpc:localhost:40693|admin:|client:|dataStream:|priority:0, omNode-2|rpc:localhost:42303|admin:|client:|dataStream:|priority:0], old=null
2022-09-29 01:24:20,112 [omNode-3@group-523986131536-LeaderElection35] INFO  impl.LeaderElection (LogUtils.java:infoOrTrace(137)) - omNode-3@group-523986131536-LeaderElection35 got exception when requesting votes: java.util.concurrent.ExecutionException: org.apache.ratis.thirdparty.io.grpc.StatusRuntimeException: UNAVAILABLE: io exception
2022-09-29 01:24:20,112 [omNode-3@group-523986131536-LeaderElection35] INFO  impl.LeaderElection (LogUtils.java:infoOrTrace(137)) - omNode-3@group-523986131536-LeaderElection35 got exception when requesting votes: java.util.concurrent.ExecutionException: org.apache.ratis.thirdparty.io.grpc.StatusRuntimeException: UNAVAILABLE: io exception
2022-09-29 01:24:20,112 [omNode-3@group-523986131536-LeaderElection35] INFO  impl.LeaderElection (LeaderElection.java:logAndReturn(90)) - omNode-3@group-523986131536-LeaderElection35: ELECTION REJECTED received 0 response(s) and 2 exception(s):
2022-09-29 01:24:20,112 [omNode-3@group-523986131536-LeaderElection35] INFO  impl.LeaderElection (LogUtils.java:infoOrTrace(137)) -   Exception 0: java.util.concurrent.ExecutionException: org.apache.ratis.thirdparty.io.grpc.StatusRuntimeException: UNAVAILABLE: io exception
2022-09-29 01:24:20,112 [omNode-3@group-523986131536-LeaderElection35] INFO  impl.LeaderElection (LogUtils.java:infoOrTrace(137)) -   Exception 1: java.util.concurrent.ExecutionException: org.apache.ratis.thirdparty.io.grpc.StatusRuntimeException: UNAVAILABLE: io exception
2022-09-29 01:24:20,112 [omNode-3@group-523986131536-LeaderElection35] INFO  impl.LeaderElection (LeaderElection.java:askForVotes(312)) - omNode-3@group-523986131536-LeaderElection35 ELECTION round 0: result REJECTED
2022-09-29 01:24:20,112 [omNode-3@group-523986131536-LeaderElection35] INFO  server.RaftServer$Division (RaftServerImpl.java:setRole(299)) - omNode-3@group-523986131536: changes role from CANDIDATE to FOLLOWER at term 23 for REJECTED
2022-09-29 01:24:20,112 [omNode-3@group-523986131536-LeaderElection35] INFO  impl.RoleInfo (RoleInfo.java:shutdownLeaderElection(130)) - omNode-3: shutdown omNode-3@group-523986131536-LeaderElection35
2022-09-29 01:24:20,112 [omNode-3@group-523986131536-LeaderElection35] INFO  impl.RoleInfo (RoleInfo.java:updateAndGet(139)) - omNode-3: start omNode-3@group-523986131536-FollowerState
2022-09-29 01:24:20,143 [EndpointStateMachine task thread for /0.0.0.0:42241 - 0 ] INFO  ipc.Client (Client.java:handleConnectionFailure(977)) - Retrying connect to server: 0.0.0.0/0.0.0.0:42241. Already tried 13 time(s); retry policy is RetryUpToMaximumCountWithFixedSleep(maxRetries=15, sleepTime=1000 MILLISECONDS)
2022-09-29 01:24:21,123 [omNode-3@group-523986131536-FollowerState] INFO  impl.FollowerState (FollowerState.java:run(143)) - omNode-3@group-523986131536-FollowerState: change to CANDIDATE, lastRpcElapsedTime:1010175364ns, electionTimeout:1003ms
2022-09-29 01:24:21,123 [omNode-3@group-523986131536-FollowerState] INFO  impl.RoleInfo (RoleInfo.java:shutdownFollowerState(110)) - omNode-3: shutdown omNode-3@group-523986131536-FollowerState
2022-09-29 01:24:21,123 [omNode-3@group-523986131536-FollowerState] INFO  server.RaftServer$Division (RaftServerImpl.java:setRole(299)) - omNode-3@group-523986131536: changes role from  FOLLOWER to CANDIDATE at term 23 for changeToCandidate
2022-09-29 01:24:21,123 [omNode-3@group-523986131536-FollowerState] INFO  server.RaftServerConfigKeys (ConfUtils.java:logGet(46)) - raft.server.leaderelection.pre-vote = false (custom)
2022-09-29 01:24:21,123 [omNode-3@group-523986131536-FollowerState] INFO  impl.RoleInfo (RoleInfo.java:updateAndGet(139)) - omNode-3: start omNode-3@group-523986131536-LeaderElection36
2022-09-29 01:24:21,134 [omNode-3@group-523986131536-LeaderElection36] INFO  impl.LeaderElection (LeaderElection.java:askForVotes(310)) - omNode-3@group-523986131536-LeaderElection36 ELECTION round 0: submit vote requests at term 24 for 145: [omNode-3|rpc:localhost:45481|admin:|client:|dataStream:|priority:0, omNode-1|rpc:localhost:40693|admin:|client:|dataStream:|priority:0, omNode-2|rpc:localhost:42303|admin:|client:|dataStream:|priority:0], old=null
2022-09-29 01:24:21,144 [EndpointStateMachine task thread for /0.0.0.0:42241 - 0 ] INFO  ipc.Client (Client.java:handleConnectionFailure(977)) - Retrying connect to server: 0.0.0.0/0.0.0.0:42241. Already tried 14 time(s); retry policy is RetryUpToMaximumCountWithFixedSleep(maxRetries=15, sleepTime=1000 MILLISECONDS)
2022-09-29 01:24:21,145 [omNode-3@group-523986131536-LeaderElection36] INFO  impl.LeaderElection (LogUtils.java:infoOrTrace(137)) - omNode-3@group-523986131536-LeaderElection36 got exception when requesting votes: java.util.concurrent.ExecutionException: org.apache.ratis.thirdparty.io.grpc.StatusRuntimeException: UNAVAILABLE: io exception
2022-09-29 01:24:21,145 [omNode-3@group-523986131536-LeaderElection36] INFO  impl.LeaderElection (LogUtils.java:infoOrTrace(137)) - omNode-3@group-523986131536-LeaderElection36 got exception when requesting votes: java.util.concurrent.ExecutionException: org.apache.ratis.thirdparty.io.grpc.StatusRuntimeException: UNAVAILABLE: io exception
2022-09-29 01:24:21,145 [omNode-3@group-523986131536-LeaderElection36] INFO  impl.LeaderElection (LeaderElection.java:logAndReturn(90)) - omNode-3@group-523986131536-LeaderElection36: ELECTION REJECTED received 0 response(s) and 2 exception(s):
2022-09-29 01:24:21,145 [omNode-3@group-523986131536-LeaderElection36] INFO  impl.LeaderElection (LogUtils.java:infoOrTrace(137)) -   Exception 0: java.util.concurrent.ExecutionException: org.apache.ratis.thirdparty.io.grpc.StatusRuntimeException: UNAVAILABLE: io exception
2022-09-29 01:24:21,145 [omNode-3@group-523986131536-LeaderElection36] INFO  impl.LeaderElection (LogUtils.java:infoOrTrace(137)) -   Exception 1: java.util.concurrent.ExecutionException: org.apache.ratis.thirdparty.io.grpc.StatusRuntimeException: UNAVAILABLE: io exception
2022-09-29 01:24:21,145 [omNode-3@group-523986131536-LeaderElection36] INFO  impl.LeaderElection (LeaderElection.java:askForVotes(312)) - omNode-3@group-523986131536-LeaderElection36 ELECTION round 0: result REJECTED
2022-09-29 01:24:21,145 [omNode-3@group-523986131536-LeaderElection36] INFO  server.RaftServer$Division (RaftServerImpl.java:setRole(299)) - omNode-3@group-523986131536: changes role from CANDIDATE to FOLLOWER at term 24 for REJECTED
2022-09-29 01:24:21,146 [omNode-3@group-523986131536-LeaderElection36] INFO  impl.RoleInfo (RoleInfo.java:shutdownLeaderElection(130)) - omNode-3: shutdown omNode-3@group-523986131536-LeaderElection36
2022-09-29 01:24:21,146 [omNode-3@group-523986131536-LeaderElection36] INFO  impl.RoleInfo (RoleInfo.java:updateAndGet(139)) - omNode-3: start omNode-3@group-523986131536-FollowerState
2022-09-29 01:24:21,601 [Listener at localhost/41255] INFO  utils.BackgroundService (BackgroundService.java:shutdown(141)) - Shutting down service BlockDeletingService
2022-09-29 01:24:21,602 [Listener at localhost/41255] INFO  utils.BackgroundService (BackgroundService.java:shutdown(141)) - Shutting down service StaleRecoveringContainerScrubbingService
2022-09-29 01:24:22,145 [EndpointStateMachine task thread for /0.0.0.0:42241 - 0 ] INFO  ipc.Client (Client.java:handleConnectionFailure(977)) - Retrying connect to server: 0.0.0.0/0.0.0.0:42241. Already tried 0 time(s); retry policy is RetryUpToMaximumCountWithFixedSleep(maxRetries=15, sleepTime=1000 MILLISECONDS)
2022-09-29 01:24:22,301 [omNode-3@group-523986131536-FollowerState] INFO  impl.FollowerState (FollowerState.java:run(143)) - omNode-3@group-523986131536-FollowerState: change to CANDIDATE, lastRpcElapsedTime:1155331558ns, electionTimeout:1145ms
2022-09-29 01:24:22,301 [omNode-3@group-523986131536-FollowerState] INFO  impl.RoleInfo (RoleInfo.java:shutdownFollowerState(110)) - omNode-3: shutdown omNode-3@group-523986131536-FollowerState
2022-09-29 01:24:22,301 [omNode-3@group-523986131536-FollowerState] INFO  server.RaftServer$Division (RaftServerImpl.java:setRole(299)) - omNode-3@group-523986131536: changes role from  FOLLOWER to CANDIDATE at term 24 for changeToCandidate
2022-09-29 01:24:22,301 [omNode-3@group-523986131536-FollowerState] INFO  server.RaftServerConfigKeys (ConfUtils.java:logGet(46)) - raft.server.leaderelection.pre-vote = false (custom)
2022-09-29 01:24:22,301 [omNode-3@group-523986131536-FollowerState] INFO  impl.RoleInfo (RoleInfo.java:updateAndGet(139)) - omNode-3: start omNode-3@group-523986131536-LeaderElection37
2022-09-29 01:24:22,314 [omNode-3@group-523986131536-LeaderElection37] INFO  impl.LeaderElection (LeaderElection.java:askForVotes(310)) - omNode-3@group-523986131536-LeaderElection37 ELECTION round 0: submit vote requests at term 25 for 145: [omNode-3|rpc:localhost:45481|admin:|client:|dataStream:|priority:0, omNode-1|rpc:localhost:40693|admin:|client:|dataStream:|priority:0, omNode-2|rpc:localhost:42303|admin:|client:|dataStream:|priority:0], old=null
2022-09-29 01:24:22,315 [omNode-3@group-523986131536-LeaderElection37] INFO  impl.LeaderElection (LogUtils.java:infoOrTrace(137)) - omNode-3@group-523986131536-LeaderElection37 got exception when requesting votes: java.util.concurrent.ExecutionException: org.apache.ratis.thirdparty.io.grpc.StatusRuntimeException: UNAVAILABLE: io exception
2022-09-29 01:24:22,315 [omNode-3@group-523986131536-LeaderElection37] INFO  impl.LeaderElection (LogUtils.java:infoOrTrace(137)) - omNode-3@group-523986131536-LeaderElection37 got exception when requesting votes: java.util.concurrent.ExecutionException: org.apache.ratis.thirdparty.io.grpc.StatusRuntimeException: UNAVAILABLE: io exception
2022-09-29 01:24:22,315 [omNode-3@group-523986131536-LeaderElection37] INFO  impl.LeaderElection (LeaderElection.java:logAndReturn(90)) - omNode-3@group-523986131536-LeaderElection37: ELECTION REJECTED received 0 response(s) and 2 exception(s):
2022-09-29 01:24:22,315 [omNode-3@group-523986131536-LeaderElection37] INFO  impl.LeaderElection (LogUtils.java:infoOrTrace(137)) -   Exception 0: java.util.concurrent.ExecutionException: org.apache.ratis.thirdparty.io.grpc.StatusRuntimeException: UNAVAILABLE: io exception
2022-09-29 01:24:22,315 [omNode-3@group-523986131536-LeaderElection37] INFO  impl.LeaderElection (LogUtils.java:infoOrTrace(137)) -   Exception 1: java.util.concurrent.ExecutionException: org.apache.ratis.thirdparty.io.grpc.StatusRuntimeException: UNAVAILABLE: io exception
2022-09-29 01:24:22,315 [omNode-3@group-523986131536-LeaderElection37] INFO  impl.LeaderElection (LeaderElection.java:askForVotes(312)) - omNode-3@group-523986131536-LeaderElection37 ELECTION round 0: result REJECTED
2022-09-29 01:24:22,315 [omNode-3@group-523986131536-LeaderElection37] INFO  server.RaftServer$Division (RaftServerImpl.java:setRole(299)) - omNode-3@group-523986131536: changes role from CANDIDATE to FOLLOWER at term 25 for REJECTED
2022-09-29 01:24:22,315 [omNode-3@group-523986131536-LeaderElection37] INFO  impl.RoleInfo (RoleInfo.java:shutdownLeaderElection(130)) - omNode-3: shutdown omNode-3@group-523986131536-LeaderElection37
2022-09-29 01:24:22,315 [omNode-3@group-523986131536-LeaderElection37] INFO  impl.RoleInfo (RoleInfo.java:updateAndGet(139)) - omNode-3: start omNode-3@group-523986131536-FollowerState
2022-09-29 01:24:23,146 [EndpointStateMachine task thread for /0.0.0.0:42241 - 0 ] INFO  ipc.Client (Client.java:handleConnectionFailure(977)) - Retrying connect to server: 0.0.0.0/0.0.0.0:42241. Already tried 1 time(s); retry policy is RetryUpToMaximumCountWithFixedSleep(maxRetries=15, sleepTime=1000 MILLISECONDS)
2022-09-29 01:24:23,484 [omNode-3@group-523986131536-FollowerState] INFO  impl.FollowerState (FollowerState.java:run(143)) - omNode-3@group-523986131536-FollowerState: change to CANDIDATE, lastRpcElapsedTime:1168467964ns, electionTimeout:1168ms
2022-09-29 01:24:23,484 [omNode-3@group-523986131536-FollowerState] INFO  impl.RoleInfo (RoleInfo.java:shutdownFollowerState(110)) - omNode-3: shutdown omNode-3@group-523986131536-FollowerState
2022-09-29 01:24:23,484 [omNode-3@group-523986131536-FollowerState] INFO  server.RaftServer$Division (RaftServerImpl.java:setRole(299)) - omNode-3@group-523986131536: changes role from  FOLLOWER to CANDIDATE at term 25 for changeToCandidate
2022-09-29 01:24:23,484 [omNode-3@group-523986131536-FollowerState] INFO  server.RaftServerConfigKeys (ConfUtils.java:logGet(46)) - raft.server.leaderelection.pre-vote = false (custom)
2022-09-29 01:24:23,484 [omNode-3@group-523986131536-FollowerState] INFO  impl.RoleInfo (RoleInfo.java:updateAndGet(139)) - omNode-3: start omNode-3@group-523986131536-LeaderElection38
2022-09-29 01:24:23,492 [omNode-3@group-523986131536-LeaderElection38] INFO  impl.LeaderElection (LeaderElection.java:askForVotes(310)) - omNode-3@group-523986131536-LeaderElection38 ELECTION round 0: submit vote requests at term 26 for 145: [omNode-3|rpc:localhost:45481|admin:|client:|dataStream:|priority:0, omNode-1|rpc:localhost:40693|admin:|client:|dataStream:|priority:0, omNode-2|rpc:localhost:42303|admin:|client:|dataStream:|priority:0], old=null
2022-09-29 01:24:23,494 [omNode-3@group-523986131536-LeaderElection38] INFO  impl.LeaderElection (LogUtils.java:infoOrTrace(137)) - omNode-3@group-523986131536-LeaderElection38 got exception when requesting votes: java.util.concurrent.ExecutionException: org.apache.ratis.thirdparty.io.grpc.StatusRuntimeException: UNAVAILABLE: io exception
2022-09-29 01:24:23,495 [omNode-3@group-523986131536-LeaderElection38] INFO  impl.LeaderElection (LogUtils.java:infoOrTrace(137)) - omNode-3@group-523986131536-LeaderElection38 got exception when requesting votes: java.util.concurrent.ExecutionException: org.apache.ratis.thirdparty.io.grpc.StatusRuntimeException: UNAVAILABLE: io exception
2022-09-29 01:24:23,495 [omNode-3@group-523986131536-LeaderElection38] INFO  impl.LeaderElection (LeaderElection.java:logAndReturn(90)) - omNode-3@group-523986131536-LeaderElection38: ELECTION REJECTED received 0 response(s) and 2 exception(s):
2022-09-29 01:24:23,495 [omNode-3@group-523986131536-LeaderElection38] INFO  impl.LeaderElection (LogUtils.java:infoOrTrace(137)) -   Exception 0: java.util.concurrent.ExecutionException: org.apache.ratis.thirdparty.io.grpc.StatusRuntimeException: UNAVAILABLE: io exception
2022-09-29 01:24:23,495 [omNode-3@group-523986131536-LeaderElection38] INFO  impl.LeaderElection (LogUtils.java:infoOrTrace(137)) -   Exception 1: java.util.concurrent.ExecutionException: org.apache.ratis.thirdparty.io.grpc.StatusRuntimeException: UNAVAILABLE: io exception
2022-09-29 01:24:23,495 [omNode-3@group-523986131536-LeaderElection38] INFO  impl.LeaderElection (LeaderElection.java:askForVotes(312)) - omNode-3@group-523986131536-LeaderElection38 ELECTION round 0: result REJECTED
2022-09-29 01:24:23,495 [omNode-3@group-523986131536-LeaderElection38] INFO  server.RaftServer$Division (RaftServerImpl.java:setRole(299)) - omNode-3@group-523986131536: changes role from CANDIDATE to FOLLOWER at term 26 for REJECTED
2022-09-29 01:24:23,495 [omNode-3@group-523986131536-LeaderElection38] INFO  impl.RoleInfo (RoleInfo.java:shutdownLeaderElection(130)) - omNode-3: shutdown omNode-3@group-523986131536-LeaderElection38
2022-09-29 01:24:23,495 [omNode-3@group-523986131536-LeaderElection38] INFO  impl.RoleInfo (RoleInfo.java:updateAndGet(139)) - omNode-3: start omNode-3@group-523986131536-FollowerState
2022-09-29 01:24:24,146 [EndpointStateMachine task thread for /0.0.0.0:42241 - 0 ] INFO  ipc.Client (Client.java:handleConnectionFailure(977)) - Retrying connect to server: 0.0.0.0/0.0.0.0:42241. Already tried 2 time(s); retry policy is RetryUpToMaximumCountWithFixedSleep(maxRetries=15, sleepTime=1000 MILLISECONDS)
2022-09-29 01:24:24,604 [Listener at localhost/41255] INFO  statemachine.DatanodeStateMachine (DatanodeStateMachine.java:stopDaemon(580)) - Ozone container server stopped.
2022-09-29 01:24:24,612 [Listener at localhost/41255] INFO  handler.ContextHandler (ContextHandler.java:doStop(1153)) - Stopped o.e.j.w.WebAppContext@d9d2c3e{hddsDatanode,/,null,STOPPED}{jar:file:/home/runner/.m2/repository/org/apache/ozone/hdds-container-service/1.3.0-SNAPSHOT/hdds-container-service-1.3.0-SNAPSHOT.jar!/webapps/hddsDatanode}
2022-09-29 01:24:24,623 [Listener at localhost/41255] INFO  server.AbstractConnector (AbstractConnector.java:doStop(381)) - Stopped ServerConnector@2749980a{HTTP/1.1, (http/1.1)}{0.0.0.0:0}
2022-09-29 01:24:24,623 [Listener at localhost/41255] INFO  server.session (HouseKeeper.java:stopScavenging(149)) - node0 Stopped scavenging
2022-09-29 01:24:24,623 [Listener at localhost/41255] INFO  handler.ContextHandler (ContextHandler.java:doStop(1153)) - Stopped o.e.j.s.ServletContextHandler@19608022{static,/static,jar:file:/home/runner/.m2/repository/org/apache/ozone/hdds-container-service/1.3.0-SNAPSHOT/hdds-container-service-1.3.0-SNAPSHOT.jar!/webapps/static,STOPPED}
2022-09-29 01:24:24,624 [Listener at localhost/41255] INFO  handler.ContextHandler (ContextHandler.java:doStop(1153)) - Stopped o.e.j.s.ServletContextHandler@16b0a770{logs,/logs,file:///home/runner/work/ozone/ozone/hadoop-ozone/integration-test/target/log,STOPPED}
2022-09-29 01:24:24,685 [omNode-3@group-523986131536-FollowerState] INFO  impl.FollowerState (FollowerState.java:run(143)) - omNode-3@group-523986131536-FollowerState: change to CANDIDATE, lastRpcElapsedTime:1189536194ns, electionTimeout:1189ms
2022-09-29 01:24:24,685 [omNode-3@group-523986131536-FollowerState] INFO  impl.RoleInfo (RoleInfo.java:shutdownFollowerState(110)) - omNode-3: shutdown omNode-3@group-523986131536-FollowerState
2022-09-29 01:24:24,685 [omNode-3@group-523986131536-FollowerState] INFO  server.RaftServer$Division (RaftServerImpl.java:setRole(299)) - omNode-3@group-523986131536: changes role from  FOLLOWER to CANDIDATE at term 26 for changeToCandidate
2022-09-29 01:24:24,685 [omNode-3@group-523986131536-FollowerState] INFO  server.RaftServerConfigKeys (ConfUtils.java:logGet(46)) - raft.server.leaderelection.pre-vote = false (custom)
2022-09-29 01:24:24,685 [omNode-3@group-523986131536-FollowerState] INFO  impl.RoleInfo (RoleInfo.java:updateAndGet(139)) - omNode-3: start omNode-3@group-523986131536-LeaderElection39
2022-09-29 01:24:24,694 [omNode-3@group-523986131536-LeaderElection39] ERROR impl.LeaderElection (LeaderElection.java:run(252)) - omNode-3@group-523986131536-LeaderElection39: Failed, state=RUNNING
java.io.FileNotFoundException: /home/runner/work/ozone/ozone/hadoop-ozone/integration-test/target/test-dir/MiniOzoneClusterImpl-a442e60d-e435-415e-98a9-f45e33772b0d/omNode-3/ratis/c9bc4cf4-3bc3-3c60-a66b-523986131536/current/raft-meta.tmp (No such file or directory)
	at java.io.FileOutputStream.open0(Native Method)
	at java.io.FileOutputStream.open(FileOutputStream.java:270)
	at java.io.FileOutputStream.<init>(FileOutputStream.java:213)
	at java.io.FileOutputStream.<init>(FileOutputStream.java:162)
	at org.apache.ratis.util.AtomicFileOutputStream.<init>(AtomicFileOutputStream.java:63)
	at org.apache.ratis.util.AtomicFileOutputStream.<init>(AtomicFileOutputStream.java:59)
	at org.apache.ratis.server.storage.RaftStorageMetadataFileImpl.atomicWrite(RaftStorageMetadataFileImpl.java:80)
	at org.apache.ratis.server.storage.RaftStorageMetadataFileImpl.lambda$persist$1(RaftStorageMetadataFileImpl.java:61)
	at org.apache.ratis.util.ConcurrentUtils.lambda$updateAndGet$0(ConcurrentUtils.java:50)
	at java.util.concurrent.atomic.AtomicReference.updateAndGet(AtomicReference.java:179)
	at org.apache.ratis.util.ConcurrentUtils.updateAndGet(ConcurrentUtils.java:48)
	at org.apache.ratis.server.storage.RaftStorageMetadataFileImpl.persist(RaftStorageMetadataFileImpl.java:60)
	at org.apache.ratis.server.raftlog.segmented.SegmentedRaftLog.persistMetadata(SegmentedRaftLog.java:471)
	at org.apache.ratis.server.impl.ServerState.persistMetadata(ServerState.java:259)
	at org.apache.ratis.server.impl.ServerState.initElection(ServerState.java:251)
	at org.apache.ratis.server.impl.LeaderElection.askForVotes(LeaderElection.java:305)
	at org.apache.ratis.server.impl.LeaderElection.run(LeaderElection.java:238)
	at java.lang.Thread.run(Thread.java:750)
2022-09-29 01:24:24,751 [Listener at localhost/41255] WARN  server.ServerUtils (ServerUtils.java:getScmDbDir(148)) - ozone.scm.db.dirs is not configured. We recommend adding this setting. Falling back to ozone.metadata.dirs instead.
2022-09-29 01:24:24,753 [Listener at localhost/41255] WARN  server.ServerUtils (ServerUtils.java:getScmDbDir(148)) - ozone.scm.db.dirs is not configured. We recommend adding this setting. Falling back to ozone.metadata.dirs instead.
2022-09-29 01:24:24,754 [Listener at localhost/41255] INFO  ha.SCMHANodeDetails (SCMHANodeDetails.java:loadSCMHAConfig(209)) - ServiceID for StorageContainerManager is null
2022-09-29 01:24:24,754 [Listener at localhost/41255] INFO  ha.SCMHANodeDetails (SCMHANodeDetails.java:loadSCMHAConfig(214)) - ozone.scm.default.service.id is not defined, falling back to ozone.scm.service.ids to find serviceID for StorageContainerManager if it is HA enabled cluster
2022-09-29 01:24:24,754 [Listener at localhost/41255] WARN  utils.HAUtils (HAUtils.java:getMetaDir(342)) - ozone.scm.db.dirs is not configured. We recommend adding this setting. Falling back to ozone.metadata.dirs instead.
2022-09-29 01:24:24,755 [Listener at localhost/41255] WARN  db.DBStoreBuilder (DBStoreBuilder.java:applyDBDefinition(144)) - ozone.scm.db.dirs is not configured. We recommend adding this setting. Falling back to ozone.metadata.dirs instead.
2022-09-29 01:24:24,892 [Listener at localhost/41255] INFO  net.NodeSchemaLoader (NodeSchemaLoader.java:loadSchemaFromFile(129)) - Loading schema from [jar:file:/home/runner/.m2/repository/org/apache/ozone/hdds-common/1.3.0-SNAPSHOT/hdds-common-1.3.0-SNAPSHOT.jar!/network-topology-default.xml]
2022-09-29 01:24:24,892 [Listener at localhost/41255] INFO  net.NodeSchemaLoader (NodeSchemaLoader.java:loadSchema(176)) - Loading network topology layer schema file
2022-09-29 01:24:24,895 [Listener at localhost/41255] WARN  impl.MetricRegistriesImpl (MetricRegistriesImpl.java:addReporterRegistration(111)) - New reporters are added after registries were created. Some metrics will be missing from the reporter. Please add reporter before adding any new registry.
2022-09-29 01:24:24,895 [Listener at localhost/41255] WARN  impl.MetricRegistriesImpl (MetricRegistriesImpl.java:addReporterRegistration(111)) - New reporters are added after registries were created. Some metrics will be missing from the reporter. Please add reporter before adding any new registry.
2022-09-29 01:24:24,895 [Listener at localhost/41255] INFO  upgrade.AbstractLayoutVersionManager (AbstractLayoutVersionManager.java:init(83)) - Initializing Layout version manager with metadata layout = DATANODE_SCHEMA_V3 (version = 4), software layout = DATANODE_SCHEMA_V3 (version = 4)
2022-09-29 01:24:24,977 [Listener at localhost/41255] INFO  reflections.Reflections (Reflections.java:scan(232)) - Reflections took 81 ms to scan 7 urls, producing 135 keys and 327 values 
2022-09-29 01:24:24,980 [Listener at localhost/41255] INFO  ha.SequenceIdGenerator (SequenceIdGenerator.java:upgradeToSequenceId(349)) - upgrade localId to 109611004723200000
2022-09-29 01:24:24,980 [Listener at localhost/41255] INFO  ha.SequenceIdGenerator (SequenceIdGenerator.java:upgradeToSequenceId(359)) - upgrade delTxnId to 0
2022-09-29 01:24:24,980 [Listener at localhost/41255] INFO  ha.SequenceIdGenerator (SequenceIdGenerator.java:upgradeToSequenceId(376)) - upgrade containerId to 0
2022-09-29 01:24:24,980 [Listener at localhost/41255] INFO  ha.SequenceIdGenerator (SequenceIdGenerator.java:<init>(220)) - Init the HA SequenceIdGenerator.
2022-09-29 01:24:24,981 [Listener at localhost/41255] WARN  server.ServerUtils (ServerUtils.java:sanitizeUserArgs(73)) - ozone.scm.stale.node.interval value = 300000 is larger than max = 100000 based on the key value of ozone.scm.heartbeat.thread.interval, reset to the max value 100000.
2022-09-29 01:24:24,981 [Listener at localhost/41255] WARN  server.ServerUtils (ServerUtils.java:sanitizeUserArgs(73)) - ozone.scm.stale.node.interval value = 300000 is larger than max = 100000 based on the key value of ozone.scm.heartbeat.thread.interval, reset to the max value 100000.
2022-09-29 01:24:24,981 [Listener at localhost/41255] INFO  node.SCMNodeManager (SCMNodeManager.java:<init>(149)) - Entering startup safe mode.
2022-09-29 01:24:24,981 [Listener at localhost/41255] INFO  algorithms.ContainerPlacementPolicyFactory (ContainerPlacementPolicyFactory.java:getPolicyInternal(86)) - Create container placement policy of type org.apache.hadoop.hdds.scm.container.placement.algorithms.SCMContainerPlacementRandom
2022-09-29 01:24:24,982 [Listener at localhost/41255] INFO  algorithms.ContainerPlacementPolicyFactory (ContainerPlacementPolicyFactory.java:getPolicyInternal(86)) - Create container placement policy of type org.apache.hadoop.hdds.scm.container.placement.algorithms.SCMContainerPlacementRackScatter
2022-09-29 01:24:24,982 [Listener at localhost/41255] INFO  pipeline.PipelineStateManagerImpl (PipelineStateManagerImpl.java:initialize(78)) - No pipeline exists in current db
2022-09-29 01:24:24,982 [Listener at localhost/41255] INFO  algorithms.LeaderChoosePolicyFactory (LeaderChoosePolicyFactory.java:getPolicy(57)) - Create leader choose policy of type org.apache.hadoop.hdds.scm.pipeline.leader.choose.algorithms.MinLeaderCountChoosePolicy
2022-09-29 01:24:24,982 [Listener at localhost/41255] INFO  algorithms.ContainerPlacementPolicyFactory (ContainerPlacementPolicyFactory.java:getPolicyInternal(86)) - Create container placement policy of type org.apache.hadoop.hdds.scm.container.placement.algorithms.SCMContainerPlacementRackScatter
2022-09-29 01:24:24,982 [Listener at localhost/41255] INFO  ha.SCMServiceManager (SCMServiceManager.java:register(42)) - Registering service BackgroundPipelineCreator.
2022-09-29 01:24:24,983 [Listener at localhost/41255] INFO  pipeline.BackgroundPipelineCreator (BackgroundPipelineCreator.java:start(124)) - Starting RatisPipelineUtilsThread.
2022-09-29 01:24:24,983 [Listener at localhost/41255] INFO  BackgroundPipelineScrubber (BackgroundSCMService.java:start(68)) - Starting BackgroundPipelineScrubber Service.
2022-09-29 01:24:24,983 [Listener at localhost/41255] INFO  ha.SCMServiceManager (SCMServiceManager.java:register(42)) - Registering service BackgroundPipelineScrubber.
2022-09-29 01:24:24,984 [Listener at localhost/41255] INFO  ExpiredContainerReplicaOpScrubber (BackgroundSCMService.java:start(68)) - Starting ExpiredContainerReplicaOpScrubber Service.
2022-09-29 01:24:24,984 [Listener at localhost/41255] INFO  ha.SCMServiceManager (SCMServiceManager.java:register(42)) - Registering service ExpiredContainerReplicaOpScrubber.
2022-09-29 01:24:24,985 [Listener at localhost/41255] INFO  algorithms.PipelineChoosePolicyFactory (PipelineChoosePolicyFactory.java:createPipelineChoosePolicyFromClass(73)) - Create pipeline choose policy of type org.apache.hadoop.hdds.scm.pipeline.choose.algorithms.RandomPipelineChoosePolicy
2022-09-29 01:24:24,986 [Listener at localhost/41255] INFO  ha.SCMServiceManager (SCMServiceManager.java:register(42)) - Registering service SCMBlockDeletingService.
2022-09-29 01:24:24,986 [Listener at localhost/41255] INFO  replication.ReplicationManager (ReplicationManager.java:start(223)) - Starting Replication Monitor Thread.
2022-09-29 01:24:25,004 [Listener at localhost/41255] INFO  ha.SCMServiceManager (SCMServiceManager.java:register(42)) - Registering service ReplicationManager.
2022-09-29 01:24:25,004 [Listener at localhost/41255] INFO  safemode.ContainerSafeModeRule (ContainerSafeModeRule.java:<init>(89)) - containers with one replica threshold count 0
2022-09-29 01:24:25,004 [Listener at localhost/41255] INFO  safemode.HealthyPipelineSafeModeRule (HealthyPipelineSafeModeRule.java:initializeRule(169)) - Total pipeline count is 0, healthy pipeline threshold count is 1
2022-09-29 01:24:25,005 [Listener at localhost/41255] INFO  safemode.OneReplicaPipelineSafeModeRule (OneReplicaPipelineSafeModeRule.java:initializeRule(180)) - Total pipeline count is 0, pipeline's with at least one datanode reported threshold count is 0
2022-09-29 01:24:25,005 [ReplicationMonitor] INFO  replication.ReplicationManager (ReplicationManager.java:processAll(291)) - Replication Manager is not ready to run until 3000ms after safemode exit
2022-09-29 01:24:25,007 [Listener at localhost/41255] INFO  ipc.CallQueueManager (CallQueueManager.java:<init>(90)) - Using callQueue: class java.util.concurrent.LinkedBlockingQueue, queueCapacity: 2000, scheduler: class org.apache.hadoop.ipc.DefaultRpcScheduler, ipcBackoff: false.
2022-09-29 01:24:25,008 [Socket Reader #1 for port 0] INFO  ipc.Server (Server.java:run(1265)) - Starting Socket Reader #1 for port 0
2022-09-29 01:24:25,008 [Listener at 0.0.0.0/45935] INFO  ipc.CallQueueManager (CallQueueManager.java:<init>(90)) - Using callQueue: class java.util.concurrent.LinkedBlockingQueue, queueCapacity: 2000, scheduler: class org.apache.hadoop.ipc.DefaultRpcScheduler, ipcBackoff: false.
2022-09-29 01:24:25,009 [Socket Reader #1 for port 0] INFO  ipc.Server (Server.java:run(1265)) - Starting Socket Reader #1 for port 0
2022-09-29 01:24:25,010 [Listener at 0.0.0.0/46239] INFO  ipc.CallQueueManager (CallQueueManager.java:<init>(90)) - Using callQueue: class java.util.concurrent.LinkedBlockingQueue, queueCapacity: 2000, scheduler: class org.apache.hadoop.ipc.DefaultRpcScheduler, ipcBackoff: false.
2022-09-29 01:24:25,023 [Socket Reader #1 for port 0] INFO  ipc.Server (Server.java:run(1265)) - Starting Socket Reader #1 for port 0
2022-09-29 01:24:25,060 [Listener at 0.0.0.0/40533] INFO  ha.SCMServiceManager (SCMServiceManager.java:register(42)) - Registering service ContainerBalancer.
2022-09-29 01:24:25,061 [Listener at 0.0.0.0/40533] INFO  server.StorageContainerManager (StorageContainerManager.java:<init>(410)) - 
Container Balancer status:
Key                            Value
Running                        false
Container Balancer Configuration values:
Key                                                Value
Threshold                                          10
Max Datanodes to Involve per Iteration(percent)    20
Max Size to Move per Iteration                     500GB
Max Size Entering Target per Iteration             26GB
Max Size Leaving Source per Iteration              26GB

2022-09-29 01:24:25,062 [Listener at 0.0.0.0/40533] WARN  events.EventQueue (EventQueue.java:fireEvent(216)) - No event handler registered for event TypedEvent{payloadType=SafeModeStatus, name='Safe mode status'}
2022-09-29 01:24:25,062 [Listener at 0.0.0.0/40533] INFO  ha.SCMContext (SCMContext.java:updateSafeModeStatus(228)) - Update SafeModeStatus from SafeModeStatus{safeModeStatus=true, preCheckPassed=false} to SafeModeStatus{safeModeStatus=true, preCheckPassed=false}.
2022-09-29 01:24:25,065 [Listener at 0.0.0.0/40533] INFO  server.StorageContainerManager (StorageContainerManager.java:start(1436)) - StorageContainerLocationProtocol RPC server is listening at /0.0.0.0:40533
2022-09-29 01:24:25,066 [Listener at 0.0.0.0/40533] WARN  impl.MetricsConfig (MetricsConfig.java:loadFirst(136)) - Cannot locate configuration: tried hadoop-metrics2-storagecontainermanager.properties,hadoop-metrics2.properties
2022-09-29 01:24:25,066 [Listener at 0.0.0.0/40533] INFO  impl.MetricsSystemImpl (MetricsSystemImpl.java:startTimer(378)) - Scheduled Metric snapshot period at 10 second(s).
2022-09-29 01:24:25,067 [Listener at 0.0.0.0/40533] INFO  impl.MetricsSystemImpl (MetricsSystemImpl.java:start(191)) - StorageContainerManager metrics system started
2022-09-29 01:24:25,104 [Listener at 0.0.0.0/40533] INFO  impl.MetricsSinkAdapter (MetricsSinkAdapter.java:start(204)) - Sink prometheus started
2022-09-29 01:24:25,104 [Listener at 0.0.0.0/40533] INFO  impl.MetricsSystemImpl (MetricsSystemImpl.java:registerSink(305)) - Registered sink prometheus
2022-09-29 01:24:25,140 [Listener at 0.0.0.0/40533] INFO  server.SCMClientProtocolServer (SCMClientProtocolServer.java:start(170)) - RPC server for Client  is listening at /0.0.0.0:40533
2022-09-29 01:24:25,141 [IPC Server Responder] INFO  ipc.Server (Server.java:run(1507)) - IPC Server Responder: starting
2022-09-29 01:24:25,147 [EndpointStateMachine task thread for /0.0.0.0:42241 - 0 ] INFO  ipc.Client (Client.java:handleConnectionFailure(977)) - Retrying connect to server: 0.0.0.0/0.0.0.0:42241. Already tried 3 time(s); retry policy is RetryUpToMaximumCountWithFixedSleep(maxRetries=15, sleepTime=1000 MILLISECONDS)
2022-09-29 01:24:25,153 [Listener at 0.0.0.0/40533] INFO  server.StorageContainerManager (StorageContainerManager.java:start(1451)) - ScmBlockLocationProtocol RPC server is listening at /0.0.0.0:46239
2022-09-29 01:24:25,153 [Listener at 0.0.0.0/40533] INFO  server.SCMBlockProtocolServer (SCMBlockProtocolServer.java:start(152)) - RPC server for Block Protocol is listening at /0.0.0.0:46239
2022-09-29 01:24:25,154 [IPC Server Responder] INFO  ipc.Server (Server.java:run(1507)) - IPC Server Responder: starting
2022-09-29 01:24:25,154 [IPC Server listener on 0] INFO  ipc.Server (Server.java:run(1344)) - IPC Server listener on 0: starting
2022-09-29 01:24:25,196 [Listener at 0.0.0.0/40533] INFO  server.SCMDatanodeProtocolServer (SCMDatanodeProtocolServer.java:start(186)) - ScmDatanodeProtocol RPC server for DataNodes is listening at /0.0.0.0:45935
2022-09-29 01:24:25,196 [IPC Server listener on 0] INFO  ipc.Server (Server.java:run(1344)) - IPC Server listener on 0: starting
2022-09-29 01:24:25,203 [IPC Server Responder] INFO  ipc.Server (Server.java:run(1507)) - IPC Server Responder: starting
2022-09-29 01:24:25,210 [IPC Server listener on 0] INFO  ipc.Server (Server.java:run(1344)) - IPC Server listener on 0: starting
2022-09-29 01:24:25,236 [Listener at 0.0.0.0/40533] INFO  http.BaseHttpServer (BaseHttpServer.java:newHttpServer2BuilderForOzone(213)) - Starting Web-server for scm at: http://0.0.0.0:0
2022-09-29 01:24:25,236 [Listener at 0.0.0.0/40533] INFO  http.BaseHttpServer (BaseHttpServer.java:<init>(108)) - Hadoop Security Enabled: false Ozone Security Enabled: false Ozone HTTP Security Enabled: false 
2022-09-29 01:24:25,237 [Listener at 0.0.0.0/40533] INFO  server.AuthenticationFilter (AuthenticationFilter.java:constructSecretProvider(240)) - Unable to initialize FileSignerSecretProvider, falling back to use random secrets.
2022-09-29 01:24:25,238 [org.apache.hadoop.util.JvmPauseMonitor$Monitor@7fcd4b0c] INFO  util.JvmPauseMonitor (JvmPauseMonitor.java:run(188)) - Starting JVM pause monitor
2022-09-29 01:24:25,238 [Listener at 0.0.0.0/40533] WARN  http.HttpRequestLog (HttpRequestLog.java:getRequestLog(103)) - Jetty request log can only be enabled using Log4j
2022-09-29 01:24:25,239 [Listener at 0.0.0.0/40533] INFO  http.HttpServer2 (HttpServer2.java:addGlobalFilter(1029)) - Added global filter 'safety' (class=org.apache.hadoop.hdds.server.http.HttpServer2$QuotingInputFilter)
2022-09-29 01:24:25,240 [Listener at 0.0.0.0/40533] INFO  http.HttpServer2 (HttpServer2.java:addFilter(1005)) - Added filter static_user_filter (class=org.apache.hadoop.http.lib.StaticUserWebFilter$StaticUserFilter) to context scm
2022-09-29 01:24:25,240 [Listener at 0.0.0.0/40533] INFO  http.HttpServer2 (HttpServer2.java:addFilter(1013)) - Added filter static_user_filter (class=org.apache.hadoop.http.lib.StaticUserWebFilter$StaticUserFilter) to context logs
2022-09-29 01:24:25,240 [Listener at 0.0.0.0/40533] INFO  http.HttpServer2 (HttpServer2.java:addFilter(1013)) - Added filter static_user_filter (class=org.apache.hadoop.http.lib.StaticUserWebFilter$StaticUserFilter) to context static
2022-09-29 01:24:25,241 [Listener at 0.0.0.0/40533] INFO  http.HttpServer2 (HttpServer2.java:bindListener(1248)) - Jetty bound to port 41797
2022-09-29 01:24:25,243 [Listener at 0.0.0.0/40533] INFO  server.Server (Server.java:doStart(375)) - jetty-9.4.43.v20210629; built: 2021-06-30T11:07:22.254Z; git: 526006ecfa3af7f1a27ef3a288e2bef7ea9dd7e8; jvm 1.8.0_345-b01
2022-09-29 01:24:25,260 [Listener at 0.0.0.0/40533] INFO  server.session (DefaultSessionIdManager.java:doStart(334)) - DefaultSessionIdManager workerName=node0
2022-09-29 01:24:25,260 [Listener at 0.0.0.0/40533] INFO  server.session (DefaultSessionIdManager.java:doStart(339)) - No SessionScavenger set, using defaults
2022-09-29 01:24:25,260 [Listener at 0.0.0.0/40533] INFO  server.session (HouseKeeper.java:startScavenging(132)) - node0 Scavenging every 660000ms
2022-09-29 01:24:25,261 [Listener at 0.0.0.0/40533] INFO  handler.ContextHandler (ContextHandler.java:doStart(915)) - Started o.e.j.s.ServletContextHandler@4069f369{logs,/logs,file:///home/runner/work/ozone/ozone/hadoop-ozone/integration-test/target/log,AVAILABLE}
2022-09-29 01:24:25,261 [Listener at 0.0.0.0/40533] INFO  handler.ContextHandler (ContextHandler.java:doStart(915)) - Started o.e.j.s.ServletContextHandler@2097aaab{static,/static,file:///home/runner/work/ozone/ozone/hadoop-ozone/integration-test/target/test-classes/webapps/static,AVAILABLE}
2022-09-29 01:24:25,272 [Listener at 0.0.0.0/40533] INFO  handler.ContextHandler (ContextHandler.java:doStart(915)) - Started o.e.j.w.WebAppContext@38e3de9e{scm,/,file:///home/runner/work/ozone/ozone/hadoop-ozone/integration-test/target/test-classes/webapps/scm/,AVAILABLE}{file:/home/runner/work/ozone/ozone/hadoop-ozone/integration-test/target/test-classes/webapps/scm}
2022-09-29 01:24:25,273 [Listener at 0.0.0.0/40533] INFO  server.AbstractConnector (AbstractConnector.java:doStart(331)) - Started ServerConnector@46ff9d99{HTTP/1.1, (http/1.1)}{0.0.0.0:41797}
2022-09-29 01:24:25,273 [Listener at 0.0.0.0/40533] INFO  server.Server (Server.java:doStart(415)) - Started @97052ms
2022-09-29 01:24:25,274 [Listener at 0.0.0.0/40533] WARN  impl.MetricsSystemImpl (MetricsSystemImpl.java:register(279)) - Sink prometheus already exists!
2022-09-29 01:24:25,276 [Listener at 0.0.0.0/40533] INFO  http.BaseHttpServer (BaseHttpServer.java:updateConnectorAddress(333)) - HTTP server of scm listening at http://0.0.0.0:41797
2022-09-29 01:24:25,278 [Listener at 0.0.0.0/40533] INFO  ha.OMHANodeDetails (OMHANodeDetails.java:loadOMHAConfig(121)) - ServiceID for OzoneManager is om-service-test1
2022-09-29 01:24:25,278 [Listener at 0.0.0.0/40533] INFO  ha.OMHANodeDetails (OMHANodeDetails.java:loadOMHAConfig(201)) - Found matching OM address with OMServiceId: om-service-test1, OMNodeId: omNode-1, RPC Address: localhost:36081 and Ratis port: 33053
2022-09-29 01:24:25,278 [Listener at 0.0.0.0/40533] INFO  ha.OMHANodeDetails (ConfUtils.java:setNodeSpecificConfigs(97)) - Setting configuration key ozone.om.http-address with value of key ozone.om.http-address.om-service-test1.omNode-1: 127.0.0.1:42923
2022-09-29 01:24:25,279 [Listener at 0.0.0.0/40533] INFO  ha.OMHANodeDetails (ConfUtils.java:setNodeSpecificConfigs(97)) - Setting configuration key ozone.om.https-address with value of key ozone.om.https-address.om-service-test1.omNode-1: 127.0.0.1:36747
2022-09-29 01:24:25,279 [Listener at 0.0.0.0/40533] INFO  ha.OMHANodeDetails (ConfUtils.java:setNodeSpecificConfigs(97)) - Setting configuration key ozone.om.address with value of key ozone.om.address.om-service-test1.omNode-1: 127.0.0.1:36081
2022-09-29 01:24:25,279 [Listener at 0.0.0.0/40533] WARN  server.ServerUtils (ServerUtils.java:getDBPath(225)) - ozone.om.db.dirs is not configured. We recommend adding this setting. Falling back to ozone.metadata.dirs instead.
2022-09-29 01:24:25,284 [Listener at 0.0.0.0/40533] INFO  proxy.SCMBlockLocationFailoverProxyProvider (SCMBlockLocationFailoverProxyProvider.java:<init>(114)) - Created block location fail-over proxy with 1 nodes: [nodeId=scmNodeId,nodeAddress=/0.0.0.0:46239]
OM initialization succeeded.Current cluster id for sd=/home/runner/work/ozone/ozone/hadoop-ozone/integration-test/target/test-dir/MiniOzoneClusterImpl-0d15d221-0049-42ab-bf49-1e4b736e68e8/omNode-1/om;cid=0d15d221-0049-42ab-bf49-1e4b736e68e8;layoutVersion=3
2022-09-29 01:24:25,310 [Listener at 0.0.0.0/40533] INFO  ha.OMHANodeDetails (OMHANodeDetails.java:loadOMHAConfig(121)) - ServiceID for OzoneManager is om-service-test1
2022-09-29 01:24:25,311 [Listener at 0.0.0.0/40533] INFO  ha.OMHANodeDetails (OMHANodeDetails.java:loadOMHAConfig(201)) - Found matching OM address with OMServiceId: om-service-test1, OMNodeId: omNode-1, RPC Address: localhost:36081 and Ratis port: 33053
2022-09-29 01:24:25,311 [Listener at 0.0.0.0/40533] INFO  ha.OMHANodeDetails (ConfUtils.java:setNodeSpecificConfigs(97)) - Setting configuration key ozone.om.http-address with value of key ozone.om.http-address.om-service-test1.omNode-1: 127.0.0.1:42923
2022-09-29 01:24:25,311 [Listener at 0.0.0.0/40533] INFO  ha.OMHANodeDetails (ConfUtils.java:setNodeSpecificConfigs(97)) - Setting configuration key ozone.om.https-address with value of key ozone.om.https-address.om-service-test1.omNode-1: 127.0.0.1:36747
2022-09-29 01:24:25,311 [Listener at 0.0.0.0/40533] INFO  ha.OMHANodeDetails (ConfUtils.java:setNodeSpecificConfigs(97)) - Setting configuration key ozone.om.address with value of key ozone.om.address.om-service-test1.omNode-1: 127.0.0.1:36081
2022-09-29 01:24:25,311 [Listener at 0.0.0.0/40533] WARN  server.ServerUtils (ServerUtils.java:getDBPath(225)) - ozone.om.db.dirs is not configured. We recommend adding this setting. Falling back to ozone.metadata.dirs instead.
2022-09-29 01:24:25,311 [Listener at 0.0.0.0/40533] INFO  upgrade.AbstractLayoutVersionManager (AbstractLayoutVersionManager.java:init(83)) - Initializing Layout version manager with metadata layout = MULTITENANCY_SCHEMA (version = 3), software layout = MULTITENANCY_SCHEMA (version = 3)
2022-09-29 01:24:25,407 [Listener at 0.0.0.0/40533] INFO  reflections.Reflections (Reflections.java:scan(232)) - Reflections took 93 ms to scan 2 urls, producing 153 keys and 427 values [using 2 cores]
2022-09-29 01:24:25,407 [Listener at 0.0.0.0/40533] INFO  upgrade.OMLayoutVersionManager (OMLayoutVersionManager.java:lambda$0(115)) - Skipping Upgrade Action MockOmUpgradeAction since it has been finalized.
2022-09-29 01:24:25,407 [Listener at 0.0.0.0/40533] WARN  server.ServerUtils (ServerUtils.java:getDBPath(225)) - ozone.om.db.dirs is not configured. We recommend adding this setting. Falling back to ozone.metadata.dirs instead.
2022-09-29 01:24:25,408 [Listener at 0.0.0.0/40533] INFO  proxy.SCMBlockLocationFailoverProxyProvider (SCMBlockLocationFailoverProxyProvider.java:<init>(114)) - Created block location fail-over proxy with 1 nodes: [nodeId=scmNodeId,nodeAddress=/0.0.0.0:46239]
2022-09-29 01:24:25,409 [Listener at 0.0.0.0/40533] INFO  proxy.SCMBlockLocationFailoverProxyProvider (SCMBlockLocationFailoverProxyProvider.java:<init>(114)) - Created block location fail-over proxy with 1 nodes: [nodeId=scmNodeId,nodeAddress=/0.0.0.0:46239]
2022-09-29 01:24:25,422 [Listener at 0.0.0.0/40533] WARN  server.ServerUtils (ServerUtils.java:getDBPath(225)) - ozone.om.db.dirs is not configured. We recommend adding this setting. Falling back to ozone.metadata.dirs instead.
2022-09-29 01:24:25,423 [Listener at 0.0.0.0/40533] INFO  codec.OmKeyInfoCodec (OmKeyInfoCodec.java:<init>(49)) - OmKeyInfoCodec ignorePipeline = true
2022-09-29 01:24:25,423 [Listener at 0.0.0.0/40533] INFO  codec.RepeatedOmKeyInfoCodec (RepeatedOmKeyInfoCodec.java:<init>(41)) - RepeatedOmKeyInfoCodec ignorePipeline = true
2022-09-29 01:24:25,664 [Listener at 0.0.0.0/40533] INFO  om.OzoneManager (OzoneManager.java:instantiateServices(709)) - S3 Multi-Tenancy is disabled
2022-09-29 01:24:25,666 [Listener at 0.0.0.0/40533] INFO  om.OzoneManager (OzoneManager.java:addS3GVolumeToDB(4324)) - Created Volume s3v With Owner runner required for S3Gateway operations.
2022-09-29 01:24:25,666 [Listener at 0.0.0.0/40533] WARN  server.ServerUtils (ServerUtils.java:getDefaultRatisDirectory(237)) - Storage directory for Ratis is not configured. It is a good idea to map this to an SSD disk. Falling back to ozone.metadata.dirs
2022-09-29 01:24:25,666 [Listener at 0.0.0.0/40533] WARN  utils.OzoneManagerRatisUtils (OzoneManagerRatisUtils.java:getOMRatisSnapshotDirectory(434)) - ozone.om.ratis.snapshot.dir is not configured. Falling back to ozone.metadata.dirs config
2022-09-29 01:24:25,666 [Listener at 0.0.0.0/40533] INFO  snapshot.OzoneManagerSnapshotProvider (OzoneManagerSnapshotProvider.java:<init>(76)) - Initializing OM Snapshot Provider
2022-09-29 01:24:25,678 [Listener at 0.0.0.0/40533] WARN  impl.MetricRegistriesImpl (MetricRegistriesImpl.java:addReporterRegistration(111)) - New reporters are added after registries were created. Some metrics will be missing from the reporter. Please add reporter before adding any new registry.
2022-09-29 01:24:25,678 [Listener at 0.0.0.0/40533] WARN  impl.MetricRegistriesImpl (MetricRegistriesImpl.java:addReporterRegistration(111)) - New reporters are added after registries were created. Some metrics will be missing from the reporter. Please add reporter before adding any new registry.
2022-09-29 01:24:25,678 [Listener at 0.0.0.0/40533] WARN  server.ServerUtils (ServerUtils.java:getDefaultRatisDirectory(237)) - Storage directory for Ratis is not configured. It is a good idea to map this to an SSD disk. Falling back to ozone.metadata.dirs
2022-09-29 01:24:25,679 [Listener at 0.0.0.0/40533] INFO  ratis.OzoneManagerRatisServer (OzoneManagerRatisServer.java:<init>(160)) - Instantiating OM Ratis server with groupID: om-service-test1 and peers: localhost:33053, localhost:46443, localhost:32823
2022-09-29 01:24:25,679 [Listener at 0.0.0.0/40533] INFO  ratis.OzoneManagerStateMachine (OzoneManagerStateMachine.java:loadSnapshotInfoFromDB(632)) - LastAppliedIndex is set from TransactionInfo from OM DB as (t:0, i:~)
2022-09-29 01:24:25,684 [Listener at 0.0.0.0/40533] INFO  server.RaftServer (ConfUtils.java:logGet(46)) - raft.rpc.type = GRPC (default)
2022-09-29 01:24:25,684 [Listener at 0.0.0.0/40533] INFO  grpc.GrpcFactory (GrpcFactory.java:checkPooledByteBufAllocatorUseCacheForAllThreads(48)) - PERFORMANCE WARNING: useCacheForAllThreads is true that may cause Netty to create a lot garbage objects and, as a result, trigger GC.
	It is recommended to disable useCacheForAllThreads by setting -Dorg.apache.ratis.thirdparty.io.netty.allocator.useCacheForAllThreads=false in command line.
2022-09-29 01:24:25,684 [Listener at 0.0.0.0/40533] INFO  grpc.GrpcConfigKeys (ConfUtils.java:logGet(46)) - raft.grpc.admin.port = -1 (default)
2022-09-29 01:24:25,684 [Listener at 0.0.0.0/40533] INFO  grpc.GrpcConfigKeys (ConfUtils.java:logGet(46)) - raft.grpc.server.port = 33053 (custom)
2022-09-29 01:24:25,684 [Listener at 0.0.0.0/40533] INFO  grpc.GrpcConfigKeys (ConfUtils.java:logGet(46)) - raft.grpc.client.port = -1 (default)
2022-09-29 01:24:25,685 [Listener at 0.0.0.0/40533] INFO  grpc.GrpcConfigKeys (ConfUtils.java:logGet(46)) - raft.grpc.server.port = 33053 (custom)
2022-09-29 01:24:25,685 [Listener at 0.0.0.0/40533] INFO  grpc.GrpcConfigKeys (ConfUtils.java:logGet(46)) - raft.grpc.server.port = 33053 (custom)
2022-09-29 01:24:25,685 [Listener at 0.0.0.0/40533] INFO  server.GrpcService (ConfUtils.java:logGet(46)) - raft.grpc.message.size.max = 33554432 (custom)
2022-09-29 01:24:25,685 [Listener at 0.0.0.0/40533] INFO  server.RaftServerConfigKeys (ConfUtils.java:logGet(46)) - raft.server.log.appender.buffer.byte-limit = 33554432 (custom)
2022-09-29 01:24:25,685 [Listener at 0.0.0.0/40533] INFO  server.GrpcService (ConfUtils.java:logGet(46)) - raft.grpc.flow.control.window = 1MB (=1048576) (default)
2022-09-29 01:24:25,685 [Listener at 0.0.0.0/40533] INFO  server.RaftServerConfigKeys (ConfUtils.java:logGet(46)) - raft.server.rpc.request.timeout = 3000ms (default)
2022-09-29 01:24:25,685 [Listener at 0.0.0.0/40533] INFO  grpc.GrpcConfigKeys (ConfUtils.java:logGet(46)) - raft.grpc.server.async.request.thread.pool.cached = true (default)
2022-09-29 01:24:25,685 [Listener at 0.0.0.0/40533] INFO  grpc.GrpcConfigKeys (ConfUtils.java:logGet(46)) - raft.grpc.server.async.request.thread.pool.size = 32 (default)
2022-09-29 01:24:25,687 [Listener at 0.0.0.0/40533] INFO  impl.DataStreamServerImpl (ConfUtils.java:logGet(46)) - raft.datastream.type = DISABLED (default)
2022-09-29 01:24:25,687 [Listener at 0.0.0.0/40533] INFO  server.RaftServerConfigKeys (ConfUtils.java:logGet(46)) - raft.server.threadpool.proxy.cached = true (default)
2022-09-29 01:24:25,687 [Listener at 0.0.0.0/40533] INFO  server.RaftServerConfigKeys (ConfUtils.java:logGet(46)) - raft.server.threadpool.proxy.size = 0 (default)
2022-09-29 01:24:25,687 [Listener at 0.0.0.0/40533] INFO  server.RaftServerConfigKeys (ConfUtils.java:logGet(46)) - raft.server.rpc.slowness.timeout = 2s (custom)
2022-09-29 01:24:25,687 [Listener at 0.0.0.0/40533] INFO  server.RaftServerConfigKeys (ConfUtils.java:logGet(46)) - raft.server.leaderelection.leader.step-down.wait-time = 10s (default)
2022-09-29 01:24:25,687 [Listener at 0.0.0.0/40533] INFO  server.RaftServerConfigKeys (ConfUtils.java:logGet(46)) - raft.server.storage.dir = [/home/runner/work/ozone/ozone/hadoop-ozone/integration-test/target/test-dir/MiniOzoneClusterImpl-0d15d221-0049-42ab-bf49-1e4b736e68e8/omNode-1/ratis] (custom)
2022-09-29 01:24:25,690 [Listener at 0.0.0.0/40533] INFO  server.RaftServer (RaftServerProxy.java:addNew(96)) - omNode-1: addNew group-523986131536:[omNode-3|rpc:localhost:46443|priority:0, omNode-1|rpc:localhost:33053|priority:0, omNode-2|rpc:localhost:32823|priority:0] returns group-523986131536:java.util.concurrent.CompletableFuture@14fe3663[Not completed]
2022-09-29 01:24:25,691 [Listener at 0.0.0.0/40533] INFO  om.OzoneManager (OzoneManager.java:initializeRatisServer(1976)) - OzoneManager Ratis server initialized at port 33053
2022-09-29 01:24:25,692 [Listener at 0.0.0.0/40533] INFO  om.OzoneManager (OzoneManager.java:getRpcServer(1099)) - Creating RPC Server
2022-09-29 01:24:25,705 [pool-497-thread-1] INFO  server.RaftServer$Division (RaftServerImpl.java:<init>(190)) - omNode-1: new RaftServerImpl for group-523986131536:[omNode-3|rpc:localhost:46443|priority:0, omNode-1|rpc:localhost:33053|priority:0, omNode-2|rpc:localhost:32823|priority:0] with OzoneManagerStateMachine:uninitialized
2022-09-29 01:24:25,705 [pool-497-thread-1] INFO  server.RaftServerConfigKeys (ConfUtils.java:logGet(46)) - raft.server.rpc.timeout.min = 1s (custom)
2022-09-29 01:24:25,705 [pool-497-thread-1] INFO  server.RaftServerConfigKeys (ConfUtils.java:logGet(46)) - raft.server.rpc.timeout.max = 1200ms (custom)
2022-09-29 01:24:25,705 [pool-497-thread-1] INFO  server.RaftServerConfigKeys (ConfUtils.java:logGet(46)) - raft.server.rpc.sleep.time = 25ms (default)
2022-09-29 01:24:25,705 [pool-497-thread-1] INFO  server.RaftServerConfigKeys (ConfUtils.java:logGet(46)) - raft.server.rpc.slowness.timeout = 2s (custom)
2022-09-29 01:24:25,705 [pool-497-thread-1] INFO  server.RaftServerConfigKeys (ConfUtils.java:logGet(46)) - raft.server.leaderelection.leader.step-down.wait-time = 10s (default)
2022-09-29 01:24:25,705 [pool-497-thread-1] INFO  server.RaftServerConfigKeys (ConfUtils.java:logGet(46)) - raft.server.sleep.deviation.threshold = 300ms (default)
2022-09-29 01:24:25,705 [pool-497-thread-1] INFO  server.RaftServer$Division (ServerState.java:<init>(107)) - omNode-1@group-523986131536: ConfigurationManager, init=-1: [omNode-3|rpc:localhost:46443|priority:0, omNode-1|rpc:localhost:33053|priority:0, omNode-2|rpc:localhost:32823|priority:0], old=null, confs=<EMPTY_MAP>
2022-09-29 01:24:25,705 [pool-497-thread-1] INFO  server.RaftServerConfigKeys (ConfUtils.java:logGet(46)) - raft.server.storage.dir = [/home/runner/work/ozone/ozone/hadoop-ozone/integration-test/target/test-dir/MiniOzoneClusterImpl-0d15d221-0049-42ab-bf49-1e4b736e68e8/omNode-1/ratis] (custom)
2022-09-29 01:24:25,705 [pool-497-thread-1] INFO  server.RaftServerConfigKeys (ConfUtils.java:logGet(46)) - raft.server.log.corruption.policy = EXCEPTION (default)
2022-09-29 01:24:25,705 [pool-497-thread-1] INFO  server.RaftServerConfigKeys (ConfUtils.java:logGet(46)) - raft.server.storage.free-space.min = 0MB (=0) (default)
2022-09-29 01:24:25,705 [pool-497-thread-1] INFO  storage.RaftStorageDirectory (RaftStorageDirectoryImpl.java:analyzeStorage(135)) - The storage directory /home/runner/work/ozone/ozone/hadoop-ozone/integration-test/target/test-dir/MiniOzoneClusterImpl-0d15d221-0049-42ab-bf49-1e4b736e68e8/omNode-1/ratis/c9bc4cf4-3bc3-3c60-a66b-523986131536 does not exist. Creating ...
2022-09-29 01:24:25,707 [pool-497-thread-1] INFO  storage.RaftStorageDirectory (RaftStorageDirectoryImpl.java:tryLock(230)) - Lock on /home/runner/work/ozone/ozone/hadoop-ozone/integration-test/target/test-dir/MiniOzoneClusterImpl-0d15d221-0049-42ab-bf49-1e4b736e68e8/omNode-1/ratis/c9bc4cf4-3bc3-3c60-a66b-523986131536/in_use.lock acquired by nodename 41909@fv-az182-579
2022-09-29 01:24:25,708 [pool-497-thread-1] INFO  storage.RaftStorage (RaftStorageImpl.java:format(89)) - Storage directory /home/runner/work/ozone/ozone/hadoop-ozone/integration-test/target/test-dir/MiniOzoneClusterImpl-0d15d221-0049-42ab-bf49-1e4b736e68e8/omNode-1/ratis/c9bc4cf4-3bc3-3c60-a66b-523986131536 has been successfully formatted.
2022-09-29 01:24:25,708 [pool-497-thread-1] INFO  server.RaftServerConfigKeys (ConfUtils.java:logGet(46)) - raft.server.notification.no-leader.timeout = 2s (custom)
2022-09-29 01:24:25,708 [pool-497-thread-1] INFO  server.RaftServerConfigKeys (ConfUtils.java:logGet(46)) - raft.server.log.use.memory = false (default)
2022-09-29 01:24:25,708 [pool-497-thread-1] INFO  server.RaftServerConfigKeys (ConfUtils.java:logGet(46)) - raft.server.log.purge.gap = 50 (custom)
2022-09-29 01:24:25,708 [pool-497-thread-1] INFO  server.RaftServerConfigKeys (ConfUtils.java:logGet(46)) - raft.server.log.appender.buffer.byte-limit = 33554432 (custom)
2022-09-29 01:24:25,713 [pool-497-thread-1] INFO  server.RaftServerConfigKeys (ConfUtils.java:logGet(46)) - raft.server.log.statemachine.data.read.timeout = 1000ms (default)
2022-09-29 01:24:25,714 [pool-497-thread-1] INFO  server.RaftServerConfigKeys (ConfUtils.java:logGet(46)) - raft.server.log.segment.size.max = 4194304 (custom)
2022-09-29 01:24:25,714 [pool-497-thread-1] INFO  server.RaftServerConfigKeys (ConfUtils.java:logGet(46)) - raft.server.log.segment.cache.num.max = 2 (custom)
2022-09-29 01:24:25,714 [pool-497-thread-1] INFO  server.RaftServerConfigKeys (ConfUtils.java:logGet(46)) - raft.server.log.segment.cache.size.max = 200MB (=209715200) (default)
2022-09-29 01:24:25,714 [pool-497-thread-1] INFO  segmented.SegmentedRaftLogWorker (SegmentedRaftLogWorker.java:<init>(187)) - new omNode-1@group-523986131536-SegmentedRaftLogWorker for RaftStorageImpl:Storage Directory /home/runner/work/ozone/ozone/hadoop-ozone/integration-test/target/test-dir/MiniOzoneClusterImpl-0d15d221-0049-42ab-bf49-1e4b736e68e8/omNode-1/ratis/c9bc4cf4-3bc3-3c60-a66b-523986131536
2022-09-29 01:24:25,722 [pool-497-thread-1] INFO  server.RaftServerConfigKeys (ConfUtils.java:logGet(46)) - raft.server.log.queue.byte-limit = 64MB (=67108864) (default)
2022-09-29 01:24:25,722 [pool-497-thread-1] INFO  server.RaftServerConfigKeys (ConfUtils.java:logGet(46)) - raft.server.log.queue.element-limit = 4096 (default)
2022-09-29 01:24:25,722 [pool-497-thread-1] INFO  server.RaftServerConfigKeys (ConfUtils.java:logGet(46)) - raft.server.log.segment.size.max = 4194304 (custom)
2022-09-29 01:24:25,722 [pool-497-thread-1] INFO  server.RaftServerConfigKeys (ConfUtils.java:logGet(46)) - raft.server.log.preallocated.size = 4194304 (custom)
2022-09-29 01:24:25,722 [pool-497-thread-1] INFO  server.RaftServerConfigKeys (ConfUtils.java:logGet(46)) - raft.server.log.force.sync.num = 128 (default)
2022-09-29 01:24:25,722 [pool-497-thread-1] INFO  server.RaftServerConfigKeys (ConfUtils.java:logGet(46)) - raft.server.log.statemachine.data.sync = true (default)
2022-09-29 01:24:25,722 [pool-497-thread-1] INFO  server.RaftServerConfigKeys (ConfUtils.java:logGet(46)) - raft.server.log.statemachine.data.sync.timeout = 10s (default)
2022-09-29 01:24:25,722 [pool-497-thread-1] INFO  server.RaftServerConfigKeys (ConfUtils.java:logGet(46)) - raft.server.log.statemachine.data.sync.timeout.retry = -1 (default)
2022-09-29 01:24:25,723 [pool-497-thread-1] INFO  server.RaftServerConfigKeys (ConfUtils.java:logGet(46)) - raft.server.log.write.buffer.size = 64KB (=65536) (default)
2022-09-29 01:24:25,723 [pool-497-thread-1] INFO  server.RaftServerConfigKeys (ConfUtils.java:logGet(46)) - raft.server.log.unsafe-flush.enabled = false (default)
2022-09-29 01:24:25,723 [pool-497-thread-1] INFO  server.RaftServerConfigKeys (ConfUtils.java:logGet(46)) - raft.server.log.statemachine.data.caching.enabled = false (default)
2022-09-29 01:24:25,723 [pool-497-thread-1] INFO  segmented.SegmentedRaftLogWorker (SegmentedRaftLogWorker.java:lambda$new$0(135)) - omNode-1@group-523986131536-SegmentedRaftLogWorker: flushIndex: setUnconditionally 0 -> -1
2022-09-29 01:24:25,723 [pool-497-thread-1] INFO  segmented.SegmentedRaftLogWorker (SegmentedRaftLogWorker.java:lambda$new$0(135)) - omNode-1@group-523986131536-SegmentedRaftLogWorker: safeCacheEvictIndex: setUnconditionally 0 -> -1
2022-09-29 01:24:25,736 [pool-497-thread-1] INFO  server.RaftServerConfigKeys (ConfUtils.java:logGet(46)) - raft.server.snapshot.auto.trigger.enabled = true (custom)
2022-09-29 01:24:25,736 [pool-497-thread-1] INFO  server.RaftServerConfigKeys (ConfUtils.java:logGet(46)) - raft.server.snapshot.auto.trigger.threshold = 50 (custom)
2022-09-29 01:24:25,736 [pool-497-thread-1] INFO  server.RaftServerConfigKeys (ConfUtils.java:logGet(46)) - raft.server.snapshot.retention.file.num = -1 (default)
2022-09-29 01:24:25,736 [pool-497-thread-1] INFO  server.RaftServerConfigKeys (ConfUtils.java:logGet(46)) - raft.server.log.purge.upto.snapshot.index = true (custom)
2022-09-29 01:24:25,736 [pool-497-thread-1] INFO  server.RaftServerConfigKeys (ConfUtils.java:logGet(46)) - raft.server.retrycache.expirytime = 30000ms (custom)
2022-09-29 01:24:25,736 [pool-497-thread-1] INFO  server.RaftServerConfigKeys (ConfUtils.java:logGet(46)) - raft.server.retrycache.statistics.expirytime = 100μs (default)
2022-09-29 01:24:25,737 [pool-497-thread-1] INFO  server.RaftServerConfigKeys (ConfUtils.java:logGet(46)) - raft.server.log.appender.install.snapshot.enabled = false (custom)
2022-09-29 01:24:25,737 [pool-497-thread-1] INFO  server.RaftServerConfigKeys (ConfUtils.java:logGet(46)) - raft.server.threadpool.server.cached = true (default)
2022-09-29 01:24:25,737 [pool-497-thread-1] INFO  server.RaftServerConfigKeys (ConfUtils.java:logGet(46)) - raft.server.threadpool.server.size = 0 (default)
2022-09-29 01:24:25,737 [pool-497-thread-1] INFO  server.RaftServerConfigKeys (ConfUtils.java:logGet(46)) - raft.server.threadpool.client.cached = true (default)
2022-09-29 01:24:25,737 [pool-497-thread-1] INFO  server.RaftServerConfigKeys (ConfUtils.java:logGet(46)) - raft.server.threadpool.client.size = 0 (default)
2022-09-29 01:24:26,147 [EndpointStateMachine task thread for /0.0.0.0:42241 - 0 ] INFO  ipc.Client (Client.java:handleConnectionFailure(977)) - Retrying connect to server: 0.0.0.0/0.0.0.0:42241. Already tried 4 time(s); retry policy is RetryUpToMaximumCountWithFixedSleep(maxRetries=15, sleepTime=1000 MILLISECONDS)
2022-09-29 01:24:26,497 [Listener at 0.0.0.0/40533] INFO  reflections.Reflections (Reflections.java:scan(232)) - Reflections took 800 ms to scan 19 urls, producing 67 keys and 4214 values [using 2 cores]
2022-09-29 01:24:26,498 [Listener at 0.0.0.0/40533] INFO  ipc.CallQueueManager (CallQueueManager.java:<init>(90)) - Using callQueue: class java.util.concurrent.LinkedBlockingQueue, queueCapacity: 2000, scheduler: class org.apache.hadoop.ipc.DefaultRpcScheduler, ipcBackoff: false.
2022-09-29 01:24:26,508 [Socket Reader #1 for port 36081] INFO  ipc.Server (Server.java:run(1265)) - Starting Socket Reader #1 for port 36081
2022-09-29 01:24:26,542 [Listener at 127.0.0.1/36081] INFO  impl.MetricsSystemImpl (MetricsSystemImpl.java:init(158)) - OzoneManager metrics system started (again)
2022-09-29 01:24:26,563 [Listener at 127.0.0.1/36081] INFO  om.OzoneManager (OzoneManager.java:start(1483)) - OzoneManager RPC server is listening at localhost/127.0.0.1:36081
2022-09-29 01:24:26,563 [Listener at 127.0.0.1/36081] INFO  ratis.OzoneManagerRatisServer (OzoneManagerRatisServer.java:start(555)) - Starting OzoneManagerRatisServer omNode-1 at port 33053
2022-09-29 01:24:26,563 [omNode-1-impl-thread1] INFO  server.RaftServer$Division (RaftServerImpl.java:start(310)) - omNode-1@group-523986131536: start as a follower, conf=-1: [omNode-3|rpc:localhost:46443|priority:0, omNode-1|rpc:localhost:33053|priority:0, omNode-2|rpc:localhost:32823|priority:0], old=null
2022-09-29 01:24:26,564 [omNode-1-impl-thread1] INFO  server.RaftServer$Division (RaftServerImpl.java:setRole(299)) - omNode-1@group-523986131536: changes role from      null to FOLLOWER at term 0 for startAsFollower
2022-09-29 01:24:26,564 [omNode-1-impl-thread1] INFO  impl.RoleInfo (RoleInfo.java:updateAndGet(139)) - omNode-1: start omNode-1@group-523986131536-FollowerState
2022-09-29 01:24:26,588 [omNode-1-impl-thread1] INFO  util.JmxRegister (JmxRegister.java:tryRegister(44)) - Successfully registered JMX Bean with object name Ratis:service=RaftServer,group=group-523986131536,id=omNode-1
2022-09-29 01:24:26,592 [Listener at 127.0.0.1/36081] INFO  server.RaftServer (RaftServerProxy.java:lambda$start$6(382)) - omNode-1: start RPC server
2022-09-29 01:24:26,601 [Listener at 127.0.0.1/36081] INFO  server.GrpcService (GrpcService.java:startImpl(260)) - omNode-1: GrpcService started, listening on 33053
2022-09-29 01:24:26,601 [Listener at 127.0.0.1/36081] INFO  om.OzoneManager (OzoneManager.java:start(1499)) - Version File has different layout version (3) than OM DB (null). That is expected if this OM has never been finalized to a newer layout version.
2022-09-29 01:24:26,602 [org.apache.ratis.util.JvmPauseMonitor$$Lambda$699/1983328127@17669f57] INFO  util.JvmPauseMonitor (JvmPauseMonitor.java:run(103)) - JvmPauseMonitor-omNode-1: Started
2022-09-29 01:24:26,620 [Listener at 127.0.0.1/36081] INFO  http.BaseHttpServer (BaseHttpServer.java:newHttpServer2BuilderForOzone(213)) - Starting Web-server for ozoneManager at: http://0.0.0.0:42923
2022-09-29 01:24:26,620 [Listener at 127.0.0.1/36081] INFO  http.BaseHttpServer (BaseHttpServer.java:<init>(108)) - Hadoop Security Enabled: false Ozone Security Enabled: false Ozone HTTP Security Enabled: false 
2022-09-29 01:24:26,621 [Listener at 127.0.0.1/36081] INFO  server.AuthenticationFilter (AuthenticationFilter.java:constructSecretProvider(240)) - Unable to initialize FileSignerSecretProvider, falling back to use random secrets.
2022-09-29 01:24:26,636 [Listener at 127.0.0.1/36081] WARN  http.HttpRequestLog (HttpRequestLog.java:getRequestLog(103)) - Jetty request log can only be enabled using Log4j
2022-09-29 01:24:26,637 [Listener at 127.0.0.1/36081] INFO  http.HttpServer2 (HttpServer2.java:addGlobalFilter(1029)) - Added global filter 'safety' (class=org.apache.hadoop.hdds.server.http.HttpServer2$QuotingInputFilter)
2022-09-29 01:24:26,638 [Listener at 127.0.0.1/36081] INFO  http.HttpServer2 (HttpServer2.java:addFilter(1005)) - Added filter static_user_filter (class=org.apache.hadoop.http.lib.StaticUserWebFilter$StaticUserFilter) to context ozoneManager
2022-09-29 01:24:26,638 [Listener at 127.0.0.1/36081] INFO  http.HttpServer2 (HttpServer2.java:addFilter(1013)) - Added filter static_user_filter (class=org.apache.hadoop.http.lib.StaticUserWebFilter$StaticUserFilter) to context logs
2022-09-29 01:24:26,638 [Listener at 127.0.0.1/36081] INFO  http.HttpServer2 (HttpServer2.java:addFilter(1013)) - Added filter static_user_filter (class=org.apache.hadoop.http.lib.StaticUserWebFilter$StaticUserFilter) to context static
2022-09-29 01:24:26,638 [Listener at 127.0.0.1/36081] INFO  http.HttpServer2 (HttpServer2.java:bindListener(1248)) - Jetty bound to port 42923
2022-09-29 01:24:26,639 [Listener at 127.0.0.1/36081] INFO  server.Server (Server.java:doStart(375)) - jetty-9.4.43.v20210629; built: 2021-06-30T11:07:22.254Z; git: 526006ecfa3af7f1a27ef3a288e2bef7ea9dd7e8; jvm 1.8.0_345-b01
2022-09-29 01:24:26,712 [Listener at 127.0.0.1/36081] INFO  server.session (DefaultSessionIdManager.java:doStart(334)) - DefaultSessionIdManager workerName=node0
2022-09-29 01:24:26,712 [Listener at 127.0.0.1/36081] INFO  server.session (DefaultSessionIdManager.java:doStart(339)) - No SessionScavenger set, using defaults
2022-09-29 01:24:26,713 [Listener at 127.0.0.1/36081] INFO  server.session (HouseKeeper.java:startScavenging(132)) - node0 Scavenging every 660000ms
2022-09-29 01:24:26,713 [Listener at 127.0.0.1/36081] INFO  handler.ContextHandler (ContextHandler.java:doStart(915)) - Started o.e.j.s.ServletContextHandler@5b581041{logs,/logs,file:///home/runner/work/ozone/ozone/hadoop-ozone/integration-test/target/log,AVAILABLE}
2022-09-29 01:24:26,714 [Listener at 127.0.0.1/36081] INFO  handler.ContextHandler (ContextHandler.java:doStart(915)) - Started o.e.j.s.ServletContextHandler@24eb0b25{static,/static,file:///home/runner/work/ozone/ozone/hadoop-ozone/integration-test/target/test-classes/webapps/static,AVAILABLE}
2022-09-29 01:24:26,719 [Listener at 127.0.0.1/36081] INFO  handler.ContextHandler (ContextHandler.java:doStart(915)) - Started o.e.j.w.WebAppContext@1342f774{ozoneManager,/,file:///home/runner/work/ozone/ozone/hadoop-ozone/integration-test/target/test-classes/webapps/ozoneManager/,AVAILABLE}{file:/home/runner/work/ozone/ozone/hadoop-ozone/integration-test/target/test-classes/webapps/ozoneManager}
2022-09-29 01:24:26,736 [Listener at 127.0.0.1/36081] INFO  server.AbstractConnector (AbstractConnector.java:doStart(331)) - Started ServerConnector@647d40ce{HTTP/1.1, (http/1.1)}{0.0.0.0:42923}
2022-09-29 01:24:26,736 [Listener at 127.0.0.1/36081] INFO  server.Server (Server.java:doStart(415)) - Started @98515ms
2022-09-29 01:24:26,737 [Listener at 127.0.0.1/36081] WARN  impl.MetricsSystemImpl (MetricsSystemImpl.java:register(279)) - Sink prometheus already exists!
2022-09-29 01:24:26,737 [Listener at 127.0.0.1/36081] INFO  http.BaseHttpServer (BaseHttpServer.java:updateConnectorAddress(333)) - HTTP server of ozoneManager listening at http://0.0.0.0:42923
2022-09-29 01:24:26,738 [IPC Server Responder] INFO  ipc.Server (Server.java:run(1507)) - IPC Server Responder: starting
2022-09-29 01:24:26,745 [IPC Server listener on 36081] INFO  ipc.Server (Server.java:run(1344)) - IPC Server listener on 36081: starting
2022-09-29 01:24:26,873 [Listener at 127.0.0.1/36081] INFO  om.OzoneManager (OzoneManager.java:startTrashEmptier(1920)) - Trash Interval set to 0. Files deleted won't move to trash
2022-09-29 01:24:26,884 [Listener at 127.0.0.1/36081] INFO  ozone.MiniOzoneHAClusterImpl (MiniOzoneHAClusterImpl.java:createOMService(527)) - Started OzoneManager omNode-1 RPC server at localhost/127.0.0.1:36081
2022-09-29 01:24:26,885 [Listener at 127.0.0.1/36081] INFO  ha.OMHANodeDetails (OMHANodeDetails.java:loadOMHAConfig(121)) - ServiceID for OzoneManager is om-service-test1
2022-09-29 01:24:26,885 [Listener at 127.0.0.1/36081] INFO  ha.OMHANodeDetails (OMHANodeDetails.java:loadOMHAConfig(201)) - Found matching OM address with OMServiceId: om-service-test1, OMNodeId: omNode-2, RPC Address: localhost:41057 and Ratis port: 32823
2022-09-29 01:24:26,885 [Listener at 127.0.0.1/36081] INFO  ha.OMHANodeDetails (ConfUtils.java:setNodeSpecificConfigs(97)) - Setting configuration key ozone.om.http-address with value of key ozone.om.http-address.om-service-test1.omNode-2: 127.0.0.1:39285
2022-09-29 01:24:26,885 [Listener at 127.0.0.1/36081] INFO  ha.OMHANodeDetails (ConfUtils.java:setNodeSpecificConfigs(97)) - Setting configuration key ozone.om.https-address with value of key ozone.om.https-address.om-service-test1.omNode-2: 127.0.0.1:40595
2022-09-29 01:24:26,886 [Listener at 127.0.0.1/36081] INFO  ha.OMHANodeDetails (ConfUtils.java:setNodeSpecificConfigs(97)) - Setting configuration key ozone.om.address with value of key ozone.om.address.om-service-test1.omNode-2: 127.0.0.1:41057
2022-09-29 01:24:26,886 [Listener at 127.0.0.1/36081] WARN  server.ServerUtils (ServerUtils.java:getDBPath(225)) - ozone.om.db.dirs is not configured. We recommend adding this setting. Falling back to ozone.metadata.dirs instead.
2022-09-29 01:24:26,887 [Listener at 127.0.0.1/36081] INFO  proxy.SCMBlockLocationFailoverProxyProvider (SCMBlockLocationFailoverProxyProvider.java:<init>(114)) - Created block location fail-over proxy with 1 nodes: [nodeId=scmNodeId,nodeAddress=/0.0.0.0:46239]
2022-09-29 01:24:26,891 [org.apache.hadoop.util.JvmPauseMonitor$Monitor@6c59215c] INFO  util.JvmPauseMonitor (JvmPauseMonitor.java:run(188)) - Starting JVM pause monitor
OM initialization succeeded.Current cluster id for sd=/home/runner/work/ozone/ozone/hadoop-ozone/integration-test/target/test-dir/MiniOzoneClusterImpl-0d15d221-0049-42ab-bf49-1e4b736e68e8/omNode-2/om;cid=0d15d221-0049-42ab-bf49-1e4b736e68e8;layoutVersion=3
2022-09-29 01:24:26,914 [Listener at 127.0.0.1/36081] INFO  ha.OMHANodeDetails (OMHANodeDetails.java:loadOMHAConfig(121)) - ServiceID for OzoneManager is om-service-test1
2022-09-29 01:24:26,914 [Listener at 127.0.0.1/36081] INFO  ha.OMHANodeDetails (OMHANodeDetails.java:loadOMHAConfig(201)) - Found matching OM address with OMServiceId: om-service-test1, OMNodeId: omNode-2, RPC Address: localhost:41057 and Ratis port: 32823
2022-09-29 01:24:26,914 [Listener at 127.0.0.1/36081] INFO  ha.OMHANodeDetails (ConfUtils.java:setNodeSpecificConfigs(97)) - Setting configuration key ozone.om.http-address with value of key ozone.om.http-address.om-service-test1.omNode-2: 127.0.0.1:39285
2022-09-29 01:24:26,914 [Listener at 127.0.0.1/36081] INFO  ha.OMHANodeDetails (ConfUtils.java:setNodeSpecificConfigs(97)) - Setting configuration key ozone.om.https-address with value of key ozone.om.https-address.om-service-test1.omNode-2: 127.0.0.1:40595
2022-09-29 01:24:26,914 [Listener at 127.0.0.1/36081] INFO  ha.OMHANodeDetails (ConfUtils.java:setNodeSpecificConfigs(97)) - Setting configuration key ozone.om.address with value of key ozone.om.address.om-service-test1.omNode-2: 127.0.0.1:41057
2022-09-29 01:24:26,914 [Listener at 127.0.0.1/36081] WARN  server.ServerUtils (ServerUtils.java:getDBPath(225)) - ozone.om.db.dirs is not configured. We recommend adding this setting. Falling back to ozone.metadata.dirs instead.
2022-09-29 01:24:26,915 [Listener at 127.0.0.1/36081] INFO  upgrade.AbstractLayoutVersionManager (AbstractLayoutVersionManager.java:init(83)) - Initializing Layout version manager with metadata layout = MULTITENANCY_SCHEMA (version = 3), software layout = MULTITENANCY_SCHEMA (version = 3)
2022-09-29 01:24:27,096 [Listener at 127.0.0.1/36081] INFO  reflections.Reflections (Reflections.java:scan(232)) - Reflections took 180 ms to scan 2 urls, producing 153 keys and 427 values [using 2 cores]
2022-09-29 01:24:27,096 [Listener at 127.0.0.1/36081] INFO  upgrade.OMLayoutVersionManager (OMLayoutVersionManager.java:lambda$0(115)) - Skipping Upgrade Action MockOmUpgradeAction since it has been finalized.
2022-09-29 01:24:27,097 [Listener at 127.0.0.1/36081] WARN  server.ServerUtils (ServerUtils.java:getDBPath(225)) - ozone.om.db.dirs is not configured. We recommend adding this setting. Falling back to ozone.metadata.dirs instead.
2022-09-29 01:24:27,097 [Listener at 127.0.0.1/36081] INFO  proxy.SCMBlockLocationFailoverProxyProvider (SCMBlockLocationFailoverProxyProvider.java:<init>(114)) - Created block location fail-over proxy with 1 nodes: [nodeId=scmNodeId,nodeAddress=/0.0.0.0:46239]
2022-09-29 01:24:27,098 [Listener at 127.0.0.1/36081] INFO  proxy.SCMBlockLocationFailoverProxyProvider (SCMBlockLocationFailoverProxyProvider.java:<init>(114)) - Created block location fail-over proxy with 1 nodes: [nodeId=scmNodeId,nodeAddress=/0.0.0.0:46239]
2022-09-29 01:24:27,111 [Listener at 127.0.0.1/36081] WARN  server.ServerUtils (ServerUtils.java:getDBPath(225)) - ozone.om.db.dirs is not configured. We recommend adding this setting. Falling back to ozone.metadata.dirs instead.
2022-09-29 01:24:27,111 [Listener at 127.0.0.1/36081] INFO  codec.OmKeyInfoCodec (OmKeyInfoCodec.java:<init>(49)) - OmKeyInfoCodec ignorePipeline = true
2022-09-29 01:24:27,111 [Listener at 127.0.0.1/36081] INFO  codec.RepeatedOmKeyInfoCodec (RepeatedOmKeyInfoCodec.java:<init>(41)) - RepeatedOmKeyInfoCodec ignorePipeline = true
2022-09-29 01:24:27,148 [EndpointStateMachine task thread for /0.0.0.0:42241 - 0 ] INFO  ipc.Client (Client.java:handleConnectionFailure(977)) - Retrying connect to server: 0.0.0.0/0.0.0.0:42241. Already tried 5 time(s); retry policy is RetryUpToMaximumCountWithFixedSleep(maxRetries=15, sleepTime=1000 MILLISECONDS)
2022-09-29 01:24:27,364 [Listener at 127.0.0.1/36081] INFO  om.OzoneManager (OzoneManager.java:instantiateServices(709)) - S3 Multi-Tenancy is disabled
2022-09-29 01:24:27,365 [Listener at 127.0.0.1/36081] INFO  om.OzoneManager (OzoneManager.java:addS3GVolumeToDB(4324)) - Created Volume s3v With Owner runner required for S3Gateway operations.
2022-09-29 01:24:27,365 [Listener at 127.0.0.1/36081] WARN  server.ServerUtils (ServerUtils.java:getDefaultRatisDirectory(237)) - Storage directory for Ratis is not configured. It is a good idea to map this to an SSD disk. Falling back to ozone.metadata.dirs
2022-09-29 01:24:27,365 [Listener at 127.0.0.1/36081] WARN  utils.OzoneManagerRatisUtils (OzoneManagerRatisUtils.java:getOMRatisSnapshotDirectory(434)) - ozone.om.ratis.snapshot.dir is not configured. Falling back to ozone.metadata.dirs config
2022-09-29 01:24:27,366 [Listener at 127.0.0.1/36081] INFO  snapshot.OzoneManagerSnapshotProvider (OzoneManagerSnapshotProvider.java:<init>(76)) - Initializing OM Snapshot Provider
2022-09-29 01:24:27,372 [Listener at 127.0.0.1/36081] WARN  impl.MetricRegistriesImpl (MetricRegistriesImpl.java:addReporterRegistration(111)) - New reporters are added after registries were created. Some metrics will be missing from the reporter. Please add reporter before adding any new registry.
2022-09-29 01:24:27,372 [Listener at 127.0.0.1/36081] WARN  impl.MetricRegistriesImpl (MetricRegistriesImpl.java:addReporterRegistration(111)) - New reporters are added after registries were created. Some metrics will be missing from the reporter. Please add reporter before adding any new registry.
2022-09-29 01:24:27,372 [Listener at 127.0.0.1/36081] WARN  server.ServerUtils (ServerUtils.java:getDefaultRatisDirectory(237)) - Storage directory for Ratis is not configured. It is a good idea to map this to an SSD disk. Falling back to ozone.metadata.dirs
2022-09-29 01:24:27,373 [Listener at 127.0.0.1/36081] INFO  ratis.OzoneManagerRatisServer (OzoneManagerRatisServer.java:<init>(160)) - Instantiating OM Ratis server with groupID: om-service-test1 and peers: localhost:32823, localhost:46443, localhost:33053
2022-09-29 01:24:27,374 [Listener at 127.0.0.1/36081] INFO  ratis.OzoneManagerStateMachine (OzoneManagerStateMachine.java:loadSnapshotInfoFromDB(632)) - LastAppliedIndex is set from TransactionInfo from OM DB as (t:0, i:~)
2022-09-29 01:24:27,380 [Listener at 127.0.0.1/36081] INFO  server.RaftServer (ConfUtils.java:logGet(46)) - raft.rpc.type = GRPC (default)
2022-09-29 01:24:27,380 [Listener at 127.0.0.1/36081] INFO  grpc.GrpcFactory (GrpcFactory.java:checkPooledByteBufAllocatorUseCacheForAllThreads(48)) - PERFORMANCE WARNING: useCacheForAllThreads is true that may cause Netty to create a lot garbage objects and, as a result, trigger GC.
	It is recommended to disable useCacheForAllThreads by setting -Dorg.apache.ratis.thirdparty.io.netty.allocator.useCacheForAllThreads=false in command line.
2022-09-29 01:24:27,380 [Listener at 127.0.0.1/36081] INFO  grpc.GrpcConfigKeys (ConfUtils.java:logGet(46)) - raft.grpc.admin.port = -1 (default)
2022-09-29 01:24:27,380 [Listener at 127.0.0.1/36081] INFO  grpc.GrpcConfigKeys (ConfUtils.java:logGet(46)) - raft.grpc.server.port = 32823 (custom)
2022-09-29 01:24:27,380 [Listener at 127.0.0.1/36081] INFO  grpc.GrpcConfigKeys (ConfUtils.java:logGet(46)) - raft.grpc.client.port = -1 (default)
2022-09-29 01:24:27,381 [Listener at 127.0.0.1/36081] INFO  grpc.GrpcConfigKeys (ConfUtils.java:logGet(46)) - raft.grpc.server.port = 32823 (custom)
2022-09-29 01:24:27,381 [Listener at 127.0.0.1/36081] INFO  grpc.GrpcConfigKeys (ConfUtils.java:logGet(46)) - raft.grpc.server.port = 32823 (custom)
2022-09-29 01:24:27,381 [Listener at 127.0.0.1/36081] INFO  server.GrpcService (ConfUtils.java:logGet(46)) - raft.grpc.message.size.max = 33554432 (custom)
2022-09-29 01:24:27,381 [Listener at 127.0.0.1/36081] INFO  server.RaftServerConfigKeys (ConfUtils.java:logGet(46)) - raft.server.log.appender.buffer.byte-limit = 33554432 (custom)
2022-09-29 01:24:27,381 [Listener at 127.0.0.1/36081] INFO  server.GrpcService (ConfUtils.java:logGet(46)) - raft.grpc.flow.control.window = 1MB (=1048576) (default)
2022-09-29 01:24:27,381 [Listener at 127.0.0.1/36081] INFO  server.RaftServerConfigKeys (ConfUtils.java:logGet(46)) - raft.server.rpc.request.timeout = 3000ms (default)
2022-09-29 01:24:27,381 [Listener at 127.0.0.1/36081] INFO  grpc.GrpcConfigKeys (ConfUtils.java:logGet(46)) - raft.grpc.server.async.request.thread.pool.cached = true (default)
2022-09-29 01:24:27,381 [Listener at 127.0.0.1/36081] INFO  grpc.GrpcConfigKeys (ConfUtils.java:logGet(46)) - raft.grpc.server.async.request.thread.pool.size = 32 (default)
2022-09-29 01:24:27,382 [Listener at 127.0.0.1/36081] INFO  impl.DataStreamServerImpl (ConfUtils.java:logGet(46)) - raft.datastream.type = DISABLED (default)
2022-09-29 01:24:27,383 [Listener at 127.0.0.1/36081] INFO  server.RaftServerConfigKeys (ConfUtils.java:logGet(46)) - raft.server.threadpool.proxy.cached = true (default)
2022-09-29 01:24:27,383 [Listener at 127.0.0.1/36081] INFO  server.RaftServerConfigKeys (ConfUtils.java:logGet(46)) - raft.server.threadpool.proxy.size = 0 (default)
2022-09-29 01:24:27,383 [Listener at 127.0.0.1/36081] INFO  server.RaftServerConfigKeys (ConfUtils.java:logGet(46)) - raft.server.rpc.slowness.timeout = 2s (custom)
2022-09-29 01:24:27,383 [Listener at 127.0.0.1/36081] INFO  server.RaftServerConfigKeys (ConfUtils.java:logGet(46)) - raft.server.leaderelection.leader.step-down.wait-time = 10s (default)
2022-09-29 01:24:27,383 [Listener at 127.0.0.1/36081] INFO  server.RaftServerConfigKeys (ConfUtils.java:logGet(46)) - raft.server.storage.dir = [/home/runner/work/ozone/ozone/hadoop-ozone/integration-test/target/test-dir/MiniOzoneClusterImpl-0d15d221-0049-42ab-bf49-1e4b736e68e8/omNode-2/ratis] (custom)
2022-09-29 01:24:27,404 [Listener at 127.0.0.1/36081] INFO  server.RaftServer (RaftServerProxy.java:addNew(96)) - omNode-2: addNew group-523986131536:[omNode-3|rpc:localhost:46443|priority:0, omNode-1|rpc:localhost:33053|priority:0, omNode-2|rpc:localhost:32823|priority:0] returns group-523986131536:java.util.concurrent.CompletableFuture@476e7057[Not completed]
2022-09-29 01:24:27,404 [Listener at 127.0.0.1/36081] INFO  om.OzoneManager (OzoneManager.java:initializeRatisServer(1976)) - OzoneManager Ratis server initialized at port 32823
2022-09-29 01:24:27,405 [Listener at 127.0.0.1/36081] INFO  om.OzoneManager (OzoneManager.java:getRpcServer(1099)) - Creating RPC Server
2022-09-29 01:24:27,407 [pool-522-thread-1] INFO  server.RaftServer$Division (RaftServerImpl.java:<init>(190)) - omNode-2: new RaftServerImpl for group-523986131536:[omNode-3|rpc:localhost:46443|priority:0, omNode-1|rpc:localhost:33053|priority:0, omNode-2|rpc:localhost:32823|priority:0] with OzoneManagerStateMachine:uninitialized
2022-09-29 01:24:27,407 [pool-522-thread-1] INFO  server.RaftServerConfigKeys (ConfUtils.java:logGet(46)) - raft.server.rpc.timeout.min = 1s (custom)
2022-09-29 01:24:27,407 [pool-522-thread-1] INFO  server.RaftServerConfigKeys (ConfUtils.java:logGet(46)) - raft.server.rpc.timeout.max = 1200ms (custom)
2022-09-29 01:24:27,407 [pool-522-thread-1] INFO  server.RaftServerConfigKeys (ConfUtils.java:logGet(46)) - raft.server.rpc.sleep.time = 25ms (default)
2022-09-29 01:24:27,407 [pool-522-thread-1] INFO  server.RaftServerConfigKeys (ConfUtils.java:logGet(46)) - raft.server.rpc.slowness.timeout = 2s (custom)
2022-09-29 01:24:27,407 [pool-522-thread-1] INFO  server.RaftServerConfigKeys (ConfUtils.java:logGet(46)) - raft.server.leaderelection.leader.step-down.wait-time = 10s (default)
2022-09-29 01:24:27,407 [pool-522-thread-1] INFO  server.RaftServerConfigKeys (ConfUtils.java:logGet(46)) - raft.server.sleep.deviation.threshold = 300ms (default)
2022-09-29 01:24:27,407 [pool-522-thread-1] INFO  server.RaftServer$Division (ServerState.java:<init>(107)) - omNode-2@group-523986131536: ConfigurationManager, init=-1: [omNode-3|rpc:localhost:46443|priority:0, omNode-1|rpc:localhost:33053|priority:0, omNode-2|rpc:localhost:32823|priority:0], old=null, confs=<EMPTY_MAP>
2022-09-29 01:24:27,407 [pool-522-thread-1] INFO  server.RaftServerConfigKeys (ConfUtils.java:logGet(46)) - raft.server.storage.dir = [/home/runner/work/ozone/ozone/hadoop-ozone/integration-test/target/test-dir/MiniOzoneClusterImpl-0d15d221-0049-42ab-bf49-1e4b736e68e8/omNode-2/ratis] (custom)
2022-09-29 01:24:27,407 [pool-522-thread-1] INFO  server.RaftServerConfigKeys (ConfUtils.java:logGet(46)) - raft.server.log.corruption.policy = EXCEPTION (default)
2022-09-29 01:24:27,407 [pool-522-thread-1] INFO  server.RaftServerConfigKeys (ConfUtils.java:logGet(46)) - raft.server.storage.free-space.min = 0MB (=0) (default)
2022-09-29 01:24:27,409 [pool-522-thread-1] INFO  storage.RaftStorageDirectory (RaftStorageDirectoryImpl.java:analyzeStorage(135)) - The storage directory /home/runner/work/ozone/ozone/hadoop-ozone/integration-test/target/test-dir/MiniOzoneClusterImpl-0d15d221-0049-42ab-bf49-1e4b736e68e8/omNode-2/ratis/c9bc4cf4-3bc3-3c60-a66b-523986131536 does not exist. Creating ...
2022-09-29 01:24:27,411 [pool-522-thread-1] INFO  storage.RaftStorageDirectory (RaftStorageDirectoryImpl.java:tryLock(230)) - Lock on /home/runner/work/ozone/ozone/hadoop-ozone/integration-test/target/test-dir/MiniOzoneClusterImpl-0d15d221-0049-42ab-bf49-1e4b736e68e8/omNode-2/ratis/c9bc4cf4-3bc3-3c60-a66b-523986131536/in_use.lock acquired by nodename 41909@fv-az182-579
2022-09-29 01:24:27,418 [pool-522-thread-1] INFO  storage.RaftStorage (RaftStorageImpl.java:format(89)) - Storage directory /home/runner/work/ozone/ozone/hadoop-ozone/integration-test/target/test-dir/MiniOzoneClusterImpl-0d15d221-0049-42ab-bf49-1e4b736e68e8/omNode-2/ratis/c9bc4cf4-3bc3-3c60-a66b-523986131536 has been successfully formatted.
2022-09-29 01:24:27,418 [pool-522-thread-1] INFO  server.RaftServerConfigKeys (ConfUtils.java:logGet(46)) - raft.server.notification.no-leader.timeout = 2s (custom)
2022-09-29 01:24:27,419 [pool-522-thread-1] INFO  server.RaftServerConfigKeys (ConfUtils.java:logGet(46)) - raft.server.log.use.memory = false (default)
2022-09-29 01:24:27,419 [pool-522-thread-1] INFO  server.RaftServerConfigKeys (ConfUtils.java:logGet(46)) - raft.server.log.purge.gap = 50 (custom)
2022-09-29 01:24:27,419 [pool-522-thread-1] INFO  server.RaftServerConfigKeys (ConfUtils.java:logGet(46)) - raft.server.log.appender.buffer.byte-limit = 33554432 (custom)
2022-09-29 01:24:27,419 [pool-522-thread-1] INFO  server.RaftServerConfigKeys (ConfUtils.java:logGet(46)) - raft.server.log.statemachine.data.read.timeout = 1000ms (default)
2022-09-29 01:24:27,419 [pool-522-thread-1] INFO  server.RaftServerConfigKeys (ConfUtils.java:logGet(46)) - raft.server.log.segment.size.max = 4194304 (custom)
2022-09-29 01:24:27,419 [pool-522-thread-1] INFO  server.RaftServerConfigKeys (ConfUtils.java:logGet(46)) - raft.server.log.segment.cache.num.max = 2 (custom)
2022-09-29 01:24:27,419 [pool-522-thread-1] INFO  server.RaftServerConfigKeys (ConfUtils.java:logGet(46)) - raft.server.log.segment.cache.size.max = 200MB (=209715200) (default)
2022-09-29 01:24:27,419 [pool-522-thread-1] INFO  segmented.SegmentedRaftLogWorker (SegmentedRaftLogWorker.java:<init>(187)) - new omNode-2@group-523986131536-SegmentedRaftLogWorker for RaftStorageImpl:Storage Directory /home/runner/work/ozone/ozone/hadoop-ozone/integration-test/target/test-dir/MiniOzoneClusterImpl-0d15d221-0049-42ab-bf49-1e4b736e68e8/omNode-2/ratis/c9bc4cf4-3bc3-3c60-a66b-523986131536
2022-09-29 01:24:27,419 [pool-522-thread-1] INFO  server.RaftServerConfigKeys (ConfUtils.java:logGet(46)) - raft.server.log.queue.byte-limit = 64MB (=67108864) (default)
2022-09-29 01:24:27,419 [pool-522-thread-1] INFO  server.RaftServerConfigKeys (ConfUtils.java:logGet(46)) - raft.server.log.queue.element-limit = 4096 (default)
2022-09-29 01:24:27,419 [pool-522-thread-1] INFO  server.RaftServerConfigKeys (ConfUtils.java:logGet(46)) - raft.server.log.segment.size.max = 4194304 (custom)
2022-09-29 01:24:27,419 [pool-522-thread-1] INFO  server.RaftServerConfigKeys (ConfUtils.java:logGet(46)) - raft.server.log.preallocated.size = 4194304 (custom)
2022-09-29 01:24:27,420 [pool-522-thread-1] INFO  server.RaftServerConfigKeys (ConfUtils.java:logGet(46)) - raft.server.log.force.sync.num = 128 (default)
2022-09-29 01:24:27,420 [pool-522-thread-1] INFO  server.RaftServerConfigKeys (ConfUtils.java:logGet(46)) - raft.server.log.statemachine.data.sync = true (default)
2022-09-29 01:24:27,420 [pool-522-thread-1] INFO  server.RaftServerConfigKeys (ConfUtils.java:logGet(46)) - raft.server.log.statemachine.data.sync.timeout = 10s (default)
2022-09-29 01:24:27,420 [pool-522-thread-1] INFO  server.RaftServerConfigKeys (ConfUtils.java:logGet(46)) - raft.server.log.statemachine.data.sync.timeout.retry = -1 (default)
2022-09-29 01:24:27,421 [pool-522-thread-1] INFO  server.RaftServerConfigKeys (ConfUtils.java:logGet(46)) - raft.server.log.write.buffer.size = 64KB (=65536) (default)
2022-09-29 01:24:27,421 [pool-522-thread-1] INFO  server.RaftServerConfigKeys (ConfUtils.java:logGet(46)) - raft.server.log.unsafe-flush.enabled = false (default)
2022-09-29 01:24:27,421 [pool-522-thread-1] INFO  server.RaftServerConfigKeys (ConfUtils.java:logGet(46)) - raft.server.log.statemachine.data.caching.enabled = false (default)
2022-09-29 01:24:27,421 [pool-522-thread-1] INFO  segmented.SegmentedRaftLogWorker (SegmentedRaftLogWorker.java:lambda$new$0(135)) - omNode-2@group-523986131536-SegmentedRaftLogWorker: flushIndex: setUnconditionally 0 -> -1
2022-09-29 01:24:27,421 [pool-522-thread-1] INFO  segmented.SegmentedRaftLogWorker (SegmentedRaftLogWorker.java:lambda$new$0(135)) - omNode-2@group-523986131536-SegmentedRaftLogWorker: safeCacheEvictIndex: setUnconditionally 0 -> -1
2022-09-29 01:24:27,436 [pool-522-thread-1] INFO  server.RaftServerConfigKeys (ConfUtils.java:logGet(46)) - raft.server.snapshot.auto.trigger.enabled = true (custom)
2022-09-29 01:24:27,436 [pool-522-thread-1] INFO  server.RaftServerConfigKeys (ConfUtils.java:logGet(46)) - raft.server.snapshot.auto.trigger.threshold = 50 (custom)
2022-09-29 01:24:27,436 [pool-522-thread-1] INFO  server.RaftServerConfigKeys (ConfUtils.java:logGet(46)) - raft.server.snapshot.retention.file.num = -1 (default)
2022-09-29 01:24:27,436 [pool-522-thread-1] INFO  server.RaftServerConfigKeys (ConfUtils.java:logGet(46)) - raft.server.log.purge.upto.snapshot.index = true (custom)
2022-09-29 01:24:27,436 [pool-522-thread-1] INFO  server.RaftServerConfigKeys (ConfUtils.java:logGet(46)) - raft.server.retrycache.expirytime = 30000ms (custom)
2022-09-29 01:24:27,436 [pool-522-thread-1] INFO  server.RaftServerConfigKeys (ConfUtils.java:logGet(46)) - raft.server.retrycache.statistics.expirytime = 100μs (default)
2022-09-29 01:24:27,437 [pool-522-thread-1] INFO  server.RaftServerConfigKeys (ConfUtils.java:logGet(46)) - raft.server.log.appender.install.snapshot.enabled = false (custom)
2022-09-29 01:24:27,437 [pool-522-thread-1] INFO  server.RaftServerConfigKeys (ConfUtils.java:logGet(46)) - raft.server.threadpool.server.cached = true (default)
2022-09-29 01:24:27,437 [pool-522-thread-1] INFO  server.RaftServerConfigKeys (ConfUtils.java:logGet(46)) - raft.server.threadpool.server.size = 0 (default)
2022-09-29 01:24:27,437 [pool-522-thread-1] INFO  server.RaftServerConfigKeys (ConfUtils.java:logGet(46)) - raft.server.threadpool.client.cached = true (default)
2022-09-29 01:24:27,437 [pool-522-thread-1] INFO  server.RaftServerConfigKeys (ConfUtils.java:logGet(46)) - raft.server.threadpool.client.size = 0 (default)
2022-09-29 01:24:27,646 [omNode-1@group-523986131536-FollowerState] INFO  impl.FollowerState (FollowerState.java:run(143)) - omNode-1@group-523986131536-FollowerState: change to CANDIDATE, lastRpcElapsedTime:1082674501ns, electionTimeout:1054ms
2022-09-29 01:24:27,647 [omNode-1@group-523986131536-FollowerState] INFO  impl.RoleInfo (RoleInfo.java:shutdownFollowerState(110)) - omNode-1: shutdown omNode-1@group-523986131536-FollowerState
2022-09-29 01:24:27,647 [omNode-1@group-523986131536-FollowerState] INFO  server.RaftServer$Division (RaftServerImpl.java:setRole(299)) - omNode-1@group-523986131536: changes role from  FOLLOWER to CANDIDATE at term 0 for changeToCandidate
2022-09-29 01:24:27,647 [omNode-1@group-523986131536-FollowerState] INFO  server.RaftServerConfigKeys (ConfUtils.java:logGet(46)) - raft.server.leaderelection.pre-vote = false (custom)
2022-09-29 01:24:27,647 [omNode-1@group-523986131536-FollowerState] INFO  impl.RoleInfo (RoleInfo.java:updateAndGet(139)) - omNode-1: start omNode-1@group-523986131536-LeaderElection40
2022-09-29 01:24:27,695 [omNode-1@group-523986131536-LeaderElection40] INFO  impl.LeaderElection (LeaderElection.java:askForVotes(310)) - omNode-1@group-523986131536-LeaderElection40 ELECTION round 0: submit vote requests at term 1 for -1: [omNode-3|rpc:localhost:46443|priority:0, omNode-1|rpc:localhost:33053|priority:0, omNode-2|rpc:localhost:32823|priority:0], old=null
2022-09-29 01:24:27,720 [omNode-1@group-523986131536-LeaderElection40] INFO  impl.LeaderElection (LogUtils.java:infoOrTrace(137)) - omNode-1@group-523986131536-LeaderElection40 got exception when requesting votes: java.util.concurrent.ExecutionException: org.apache.ratis.thirdparty.io.grpc.StatusRuntimeException: UNAVAILABLE: io exception
2022-09-29 01:24:27,724 [omNode-1@group-523986131536-LeaderElection40] INFO  impl.LeaderElection (LogUtils.java:infoOrTrace(137)) - omNode-1@group-523986131536-LeaderElection40 got exception when requesting votes: java.util.concurrent.ExecutionException: org.apache.ratis.thirdparty.io.grpc.StatusRuntimeException: UNAVAILABLE: io exception
2022-09-29 01:24:27,724 [omNode-1@group-523986131536-LeaderElection40] INFO  impl.LeaderElection (LeaderElection.java:logAndReturn(90)) - omNode-1@group-523986131536-LeaderElection40: ELECTION REJECTED received 0 response(s) and 2 exception(s):
2022-09-29 01:24:27,724 [omNode-1@group-523986131536-LeaderElection40] INFO  impl.LeaderElection (LogUtils.java:infoOrTrace(137)) -   Exception 0: java.util.concurrent.ExecutionException: org.apache.ratis.thirdparty.io.grpc.StatusRuntimeException: UNAVAILABLE: io exception
2022-09-29 01:24:27,724 [omNode-1@group-523986131536-LeaderElection40] INFO  impl.LeaderElection (LogUtils.java:infoOrTrace(137)) -   Exception 1: java.util.concurrent.ExecutionException: org.apache.ratis.thirdparty.io.grpc.StatusRuntimeException: UNAVAILABLE: io exception
2022-09-29 01:24:27,724 [omNode-1@group-523986131536-LeaderElection40] INFO  impl.LeaderElection (LeaderElection.java:askForVotes(312)) - omNode-1@group-523986131536-LeaderElection40 ELECTION round 0: result REJECTED
2022-09-29 01:24:27,724 [omNode-1@group-523986131536-LeaderElection40] INFO  server.RaftServer$Division (RaftServerImpl.java:setRole(299)) - omNode-1@group-523986131536: changes role from CANDIDATE to FOLLOWER at term 1 for REJECTED
2022-09-29 01:24:27,725 [omNode-1@group-523986131536-LeaderElection40] INFO  impl.RoleInfo (RoleInfo.java:shutdownLeaderElection(130)) - omNode-1: shutdown omNode-1@group-523986131536-LeaderElection40
2022-09-29 01:24:27,725 [omNode-1@group-523986131536-LeaderElection40] INFO  impl.RoleInfo (RoleInfo.java:updateAndGet(139)) - omNode-1: start omNode-1@group-523986131536-FollowerState
2022-09-29 01:24:28,087 [Listener at 127.0.0.1/36081] INFO  reflections.Reflections (Reflections.java:scan(232)) - Reflections took 681 ms to scan 19 urls, producing 67 keys and 4214 values [using 2 cores]
2022-09-29 01:24:28,088 [Listener at 127.0.0.1/36081] INFO  ipc.CallQueueManager (CallQueueManager.java:<init>(90)) - Using callQueue: class java.util.concurrent.LinkedBlockingQueue, queueCapacity: 2000, scheduler: class org.apache.hadoop.ipc.DefaultRpcScheduler, ipcBackoff: false.
2022-09-29 01:24:28,092 [Socket Reader #1 for port 41057] INFO  ipc.Server (Server.java:run(1265)) - Starting Socket Reader #1 for port 41057
2022-09-29 01:24:28,137 [Listener at 127.0.0.1/41057] INFO  impl.MetricsSystemImpl (MetricsSystemImpl.java:init(158)) - OzoneManager metrics system started (again)
2022-09-29 01:24:28,146 [Listener at 127.0.0.1/41057] INFO  om.OzoneManager (OzoneManager.java:start(1483)) - OzoneManager RPC server is listening at localhost/127.0.0.1:41057
2022-09-29 01:24:28,147 [Listener at 127.0.0.1/41057] INFO  ratis.OzoneManagerRatisServer (OzoneManagerRatisServer.java:start(555)) - Starting OzoneManagerRatisServer omNode-2 at port 32823
2022-09-29 01:24:28,147 [omNode-2-impl-thread1] INFO  server.RaftServer$Division (RaftServerImpl.java:start(310)) - omNode-2@group-523986131536: start as a follower, conf=-1: [omNode-3|rpc:localhost:46443|priority:0, omNode-1|rpc:localhost:33053|priority:0, omNode-2|rpc:localhost:32823|priority:0], old=null
2022-09-29 01:24:28,147 [omNode-2-impl-thread1] INFO  server.RaftServer$Division (RaftServerImpl.java:setRole(299)) - omNode-2@group-523986131536: changes role from      null to FOLLOWER at term 0 for startAsFollower
2022-09-29 01:24:28,147 [omNode-2-impl-thread1] INFO  impl.RoleInfo (RoleInfo.java:updateAndGet(139)) - omNode-2: start omNode-2@group-523986131536-FollowerState
2022-09-29 01:24:28,147 [omNode-2-impl-thread1] INFO  util.JmxRegister (JmxRegister.java:tryRegister(44)) - Successfully registered JMX Bean with object name Ratis:service=RaftServer,group=group-523986131536,id=omNode-2
2022-09-29 01:24:28,148 [EndpointStateMachine task thread for /0.0.0.0:42241 - 0 ] INFO  ipc.Client (Client.java:handleConnectionFailure(977)) - Retrying connect to server: 0.0.0.0/0.0.0.0:42241. Already tried 6 time(s); retry policy is RetryUpToMaximumCountWithFixedSleep(maxRetries=15, sleepTime=1000 MILLISECONDS)
2022-09-29 01:24:28,160 [Listener at 127.0.0.1/41057] INFO  server.RaftServer (RaftServerProxy.java:lambda$start$6(382)) - omNode-2: start RPC server
2022-09-29 01:24:28,170 [Listener at 127.0.0.1/41057] INFO  server.GrpcService (GrpcService.java:startImpl(260)) - omNode-2: GrpcService started, listening on 32823
2022-09-29 01:24:28,171 [Listener at 127.0.0.1/41057] INFO  om.OzoneManager (OzoneManager.java:start(1499)) - Version File has different layout version (3) than OM DB (null). That is expected if this OM has never been finalized to a newer layout version.
2022-09-29 01:24:28,171 [org.apache.ratis.util.JvmPauseMonitor$$Lambda$699/1983328127@7294b05e] INFO  util.JvmPauseMonitor (JvmPauseMonitor.java:run(103)) - JvmPauseMonitor-omNode-2: Started
2022-09-29 01:24:28,173 [Listener at 127.0.0.1/41057] INFO  http.BaseHttpServer (BaseHttpServer.java:newHttpServer2BuilderForOzone(213)) - Starting Web-server for ozoneManager at: http://0.0.0.0:39285
2022-09-29 01:24:28,173 [Listener at 127.0.0.1/41057] INFO  http.BaseHttpServer (BaseHttpServer.java:<init>(108)) - Hadoop Security Enabled: false Ozone Security Enabled: false Ozone HTTP Security Enabled: false 
2022-09-29 01:24:28,175 [Listener at 127.0.0.1/41057] INFO  server.AuthenticationFilter (AuthenticationFilter.java:constructSecretProvider(240)) - Unable to initialize FileSignerSecretProvider, falling back to use random secrets.
2022-09-29 01:24:28,176 [Listener at 127.0.0.1/41057] WARN  http.HttpRequestLog (HttpRequestLog.java:getRequestLog(103)) - Jetty request log can only be enabled using Log4j
2022-09-29 01:24:28,177 [Listener at 127.0.0.1/41057] INFO  http.HttpServer2 (HttpServer2.java:addGlobalFilter(1029)) - Added global filter 'safety' (class=org.apache.hadoop.hdds.server.http.HttpServer2$QuotingInputFilter)
2022-09-29 01:24:28,178 [Listener at 127.0.0.1/41057] INFO  http.HttpServer2 (HttpServer2.java:addFilter(1005)) - Added filter static_user_filter (class=org.apache.hadoop.http.lib.StaticUserWebFilter$StaticUserFilter) to context ozoneManager
2022-09-29 01:24:28,178 [Listener at 127.0.0.1/41057] INFO  http.HttpServer2 (HttpServer2.java:addFilter(1013)) - Added filter static_user_filter (class=org.apache.hadoop.http.lib.StaticUserWebFilter$StaticUserFilter) to context logs
2022-09-29 01:24:28,179 [Listener at 127.0.0.1/41057] INFO  http.HttpServer2 (HttpServer2.java:addFilter(1013)) - Added filter static_user_filter (class=org.apache.hadoop.http.lib.StaticUserWebFilter$StaticUserFilter) to context static
2022-09-29 01:24:28,184 [Listener at 127.0.0.1/41057] INFO  http.HttpServer2 (HttpServer2.java:bindListener(1248)) - Jetty bound to port 39285
2022-09-29 01:24:28,184 [Listener at 127.0.0.1/41057] INFO  server.Server (Server.java:doStart(375)) - jetty-9.4.43.v20210629; built: 2021-06-30T11:07:22.254Z; git: 526006ecfa3af7f1a27ef3a288e2bef7ea9dd7e8; jvm 1.8.0_345-b01
2022-09-29 01:24:28,185 [Listener at 127.0.0.1/41057] INFO  server.session (DefaultSessionIdManager.java:doStart(334)) - DefaultSessionIdManager workerName=node0
2022-09-29 01:24:28,185 [Listener at 127.0.0.1/41057] INFO  server.session (DefaultSessionIdManager.java:doStart(339)) - No SessionScavenger set, using defaults
2022-09-29 01:24:28,185 [Listener at 127.0.0.1/41057] INFO  server.session (HouseKeeper.java:startScavenging(132)) - node0 Scavenging every 600000ms
2022-09-29 01:24:28,187 [Listener at 127.0.0.1/41057] INFO  handler.ContextHandler (ContextHandler.java:doStart(915)) - Started o.e.j.s.ServletContextHandler@376a3c2b{logs,/logs,file:///home/runner/work/ozone/ozone/hadoop-ozone/integration-test/target/log,AVAILABLE}
2022-09-29 01:24:28,187 [Listener at 127.0.0.1/41057] INFO  handler.ContextHandler (ContextHandler.java:doStart(915)) - Started o.e.j.s.ServletContextHandler@58e97141{static,/static,file:///home/runner/work/ozone/ozone/hadoop-ozone/integration-test/target/test-classes/webapps/static,AVAILABLE}
2022-09-29 01:24:28,190 [Listener at 127.0.0.1/41057] INFO  handler.ContextHandler (ContextHandler.java:doStart(915)) - Started o.e.j.w.WebAppContext@3bcff419{ozoneManager,/,file:///home/runner/work/ozone/ozone/hadoop-ozone/integration-test/target/test-classes/webapps/ozoneManager/,AVAILABLE}{file:/home/runner/work/ozone/ozone/hadoop-ozone/integration-test/target/test-classes/webapps/ozoneManager}
2022-09-29 01:24:28,193 [Listener at 127.0.0.1/41057] INFO  server.AbstractConnector (AbstractConnector.java:doStart(331)) - Started ServerConnector@76100495{HTTP/1.1, (http/1.1)}{0.0.0.0:39285}
2022-09-29 01:24:28,194 [Listener at 127.0.0.1/41057] INFO  server.Server (Server.java:doStart(415)) - Started @99972ms
2022-09-29 01:24:28,194 [Listener at 127.0.0.1/41057] WARN  impl.MetricsSystemImpl (MetricsSystemImpl.java:register(279)) - Sink prometheus already exists!
2022-09-29 01:24:28,200 [Listener at 127.0.0.1/41057] INFO  http.BaseHttpServer (BaseHttpServer.java:updateConnectorAddress(333)) - HTTP server of ozoneManager listening at http://0.0.0.0:39285
2022-09-29 01:24:28,212 [IPC Server Responder] INFO  ipc.Server (Server.java:run(1507)) - IPC Server Responder: starting
2022-09-29 01:24:28,220 [IPC Server listener on 41057] INFO  ipc.Server (Server.java:run(1344)) - IPC Server listener on 41057: starting
2022-09-29 01:24:28,229 [Listener at 127.0.0.1/41057] INFO  om.OzoneManager (OzoneManager.java:startTrashEmptier(1920)) - Trash Interval set to 0. Files deleted won't move to trash
2022-09-29 01:24:28,230 [Listener at 127.0.0.1/41057] INFO  ozone.MiniOzoneHAClusterImpl (MiniOzoneHAClusterImpl.java:createOMService(527)) - Started OzoneManager omNode-2 RPC server at localhost/127.0.0.1:41057
2022-09-29 01:24:28,230 [Listener at 127.0.0.1/41057] INFO  ha.OMHANodeDetails (OMHANodeDetails.java:loadOMHAConfig(121)) - ServiceID for OzoneManager is om-service-test1
2022-09-29 01:24:28,231 [Listener at 127.0.0.1/41057] INFO  ha.OMHANodeDetails (OMHANodeDetails.java:loadOMHAConfig(201)) - Found matching OM address with OMServiceId: om-service-test1, OMNodeId: omNode-3, RPC Address: localhost:44309 and Ratis port: 46443
2022-09-29 01:24:28,231 [Listener at 127.0.0.1/41057] INFO  ha.OMHANodeDetails (ConfUtils.java:setNodeSpecificConfigs(97)) - Setting configuration key ozone.om.http-address with value of key ozone.om.http-address.om-service-test1.omNode-3: 127.0.0.1:45483
2022-09-29 01:24:28,231 [Listener at 127.0.0.1/41057] INFO  ha.OMHANodeDetails (ConfUtils.java:setNodeSpecificConfigs(97)) - Setting configuration key ozone.om.https-address with value of key ozone.om.https-address.om-service-test1.omNode-3: 127.0.0.1:32939
2022-09-29 01:24:28,231 [Listener at 127.0.0.1/41057] INFO  ha.OMHANodeDetails (ConfUtils.java:setNodeSpecificConfigs(97)) - Setting configuration key ozone.om.address with value of key ozone.om.address.om-service-test1.omNode-3: 127.0.0.1:44309
2022-09-29 01:24:28,232 [Listener at 127.0.0.1/41057] WARN  server.ServerUtils (ServerUtils.java:getDBPath(225)) - ozone.om.db.dirs is not configured. We recommend adding this setting. Falling back to ozone.metadata.dirs instead.
2022-09-29 01:24:28,233 [Listener at 127.0.0.1/41057] INFO  proxy.SCMBlockLocationFailoverProxyProvider (SCMBlockLocationFailoverProxyProvider.java:<init>(114)) - Created block location fail-over proxy with 1 nodes: [nodeId=scmNodeId,nodeAddress=/0.0.0.0:46239]
2022-09-29 01:24:28,236 [org.apache.hadoop.util.JvmPauseMonitor$Monitor@442de1af] INFO  util.JvmPauseMonitor (JvmPauseMonitor.java:run(188)) - Starting JVM pause monitor
OM initialization succeeded.Current cluster id for sd=/home/runner/work/ozone/ozone/hadoop-ozone/integration-test/target/test-dir/MiniOzoneClusterImpl-0d15d221-0049-42ab-bf49-1e4b736e68e8/omNode-3/om;cid=0d15d221-0049-42ab-bf49-1e4b736e68e8;layoutVersion=3
2022-09-29 01:24:28,250 [Listener at 127.0.0.1/41057] INFO  ha.OMHANodeDetails (OMHANodeDetails.java:loadOMHAConfig(121)) - ServiceID for OzoneManager is om-service-test1
2022-09-29 01:24:28,251 [Listener at 127.0.0.1/41057] INFO  ha.OMHANodeDetails (OMHANodeDetails.java:loadOMHAConfig(201)) - Found matching OM address with OMServiceId: om-service-test1, OMNodeId: omNode-3, RPC Address: localhost:44309 and Ratis port: 46443
2022-09-29 01:24:28,251 [Listener at 127.0.0.1/41057] INFO  ha.OMHANodeDetails (ConfUtils.java:setNodeSpecificConfigs(97)) - Setting configuration key ozone.om.http-address with value of key ozone.om.http-address.om-service-test1.omNode-3: 127.0.0.1:45483
2022-09-29 01:24:28,251 [Listener at 127.0.0.1/41057] INFO  ha.OMHANodeDetails (ConfUtils.java:setNodeSpecificConfigs(97)) - Setting configuration key ozone.om.https-address with value of key ozone.om.https-address.om-service-test1.omNode-3: 127.0.0.1:32939
2022-09-29 01:24:28,251 [Listener at 127.0.0.1/41057] INFO  ha.OMHANodeDetails (ConfUtils.java:setNodeSpecificConfigs(97)) - Setting configuration key ozone.om.address with value of key ozone.om.address.om-service-test1.omNode-3: 127.0.0.1:44309
2022-09-29 01:24:28,251 [Listener at 127.0.0.1/41057] WARN  server.ServerUtils (ServerUtils.java:getDBPath(225)) - ozone.om.db.dirs is not configured. We recommend adding this setting. Falling back to ozone.metadata.dirs instead.
2022-09-29 01:24:28,252 [Listener at 127.0.0.1/41057] INFO  upgrade.AbstractLayoutVersionManager (AbstractLayoutVersionManager.java:init(83)) - Initializing Layout version manager with metadata layout = MULTITENANCY_SCHEMA (version = 3), software layout = MULTITENANCY_SCHEMA (version = 3)
2022-09-29 01:24:28,359 [Listener at 127.0.0.1/41057] INFO  reflections.Reflections (Reflections.java:scan(232)) - Reflections took 106 ms to scan 2 urls, producing 153 keys and 427 values [using 2 cores]
2022-09-29 01:24:28,359 [Listener at 127.0.0.1/41057] INFO  upgrade.OMLayoutVersionManager (OMLayoutVersionManager.java:lambda$0(115)) - Skipping Upgrade Action MockOmUpgradeAction since it has been finalized.
2022-09-29 01:24:28,359 [Listener at 127.0.0.1/41057] WARN  server.ServerUtils (ServerUtils.java:getDBPath(225)) - ozone.om.db.dirs is not configured. We recommend adding this setting. Falling back to ozone.metadata.dirs instead.
2022-09-29 01:24:28,360 [Listener at 127.0.0.1/41057] INFO  proxy.SCMBlockLocationFailoverProxyProvider (SCMBlockLocationFailoverProxyProvider.java:<init>(114)) - Created block location fail-over proxy with 1 nodes: [nodeId=scmNodeId,nodeAddress=/0.0.0.0:46239]
2022-09-29 01:24:28,367 [Listener at 127.0.0.1/41057] INFO  proxy.SCMBlockLocationFailoverProxyProvider (SCMBlockLocationFailoverProxyProvider.java:<init>(114)) - Created block location fail-over proxy with 1 nodes: [nodeId=scmNodeId,nodeAddress=/0.0.0.0:46239]
2022-09-29 01:24:28,387 [Listener at 127.0.0.1/41057] WARN  server.ServerUtils (ServerUtils.java:getDBPath(225)) - ozone.om.db.dirs is not configured. We recommend adding this setting. Falling back to ozone.metadata.dirs instead.
2022-09-29 01:24:28,387 [Listener at 127.0.0.1/41057] INFO  codec.OmKeyInfoCodec (OmKeyInfoCodec.java:<init>(49)) - OmKeyInfoCodec ignorePipeline = true
2022-09-29 01:24:28,387 [Listener at 127.0.0.1/41057] INFO  codec.RepeatedOmKeyInfoCodec (RepeatedOmKeyInfoCodec.java:<init>(41)) - RepeatedOmKeyInfoCodec ignorePipeline = true
2022-09-29 01:24:28,623 [Listener at 127.0.0.1/41057] INFO  om.OzoneManager (OzoneManager.java:instantiateServices(709)) - S3 Multi-Tenancy is disabled
2022-09-29 01:24:28,624 [Listener at 127.0.0.1/41057] INFO  om.OzoneManager (OzoneManager.java:addS3GVolumeToDB(4324)) - Created Volume s3v With Owner runner required for S3Gateway operations.
2022-09-29 01:24:28,625 [Listener at 127.0.0.1/41057] WARN  server.ServerUtils (ServerUtils.java:getDefaultRatisDirectory(237)) - Storage directory for Ratis is not configured. It is a good idea to map this to an SSD disk. Falling back to ozone.metadata.dirs
2022-09-29 01:24:28,625 [Listener at 127.0.0.1/41057] WARN  utils.OzoneManagerRatisUtils (OzoneManagerRatisUtils.java:getOMRatisSnapshotDirectory(434)) - ozone.om.ratis.snapshot.dir is not configured. Falling back to ozone.metadata.dirs config
2022-09-29 01:24:28,625 [Listener at 127.0.0.1/41057] INFO  snapshot.OzoneManagerSnapshotProvider (OzoneManagerSnapshotProvider.java:<init>(76)) - Initializing OM Snapshot Provider
2022-09-29 01:24:28,631 [Listener at 127.0.0.1/41057] WARN  impl.MetricRegistriesImpl (MetricRegistriesImpl.java:addReporterRegistration(111)) - New reporters are added after registries were created. Some metrics will be missing from the reporter. Please add reporter before adding any new registry.
2022-09-29 01:24:28,632 [Listener at 127.0.0.1/41057] WARN  impl.MetricRegistriesImpl (MetricRegistriesImpl.java:addReporterRegistration(111)) - New reporters are added after registries were created. Some metrics will be missing from the reporter. Please add reporter before adding any new registry.
2022-09-29 01:24:28,632 [Listener at 127.0.0.1/41057] WARN  server.ServerUtils (ServerUtils.java:getDefaultRatisDirectory(237)) - Storage directory for Ratis is not configured. It is a good idea to map this to an SSD disk. Falling back to ozone.metadata.dirs
2022-09-29 01:24:28,633 [Listener at 127.0.0.1/41057] INFO  ratis.OzoneManagerRatisServer (OzoneManagerRatisServer.java:<init>(160)) - Instantiating OM Ratis server with groupID: om-service-test1 and peers: localhost:46443, localhost:33053, localhost:32823
2022-09-29 01:24:28,633 [Listener at 127.0.0.1/41057] INFO  ratis.OzoneManagerStateMachine (OzoneManagerStateMachine.java:loadSnapshotInfoFromDB(632)) - LastAppliedIndex is set from TransactionInfo from OM DB as (t:0, i:~)
2022-09-29 01:24:28,639 [Listener at 127.0.0.1/41057] INFO  server.RaftServer (ConfUtils.java:logGet(46)) - raft.rpc.type = GRPC (default)
2022-09-29 01:24:28,640 [Listener at 127.0.0.1/41057] INFO  grpc.GrpcFactory (GrpcFactory.java:checkPooledByteBufAllocatorUseCacheForAllThreads(48)) - PERFORMANCE WARNING: useCacheForAllThreads is true that may cause Netty to create a lot garbage objects and, as a result, trigger GC.
	It is recommended to disable useCacheForAllThreads by setting -Dorg.apache.ratis.thirdparty.io.netty.allocator.useCacheForAllThreads=false in command line.
2022-09-29 01:24:28,640 [Listener at 127.0.0.1/41057] INFO  grpc.GrpcConfigKeys (ConfUtils.java:logGet(46)) - raft.grpc.admin.port = -1 (default)
2022-09-29 01:24:28,640 [Listener at 127.0.0.1/41057] INFO  grpc.GrpcConfigKeys (ConfUtils.java:logGet(46)) - raft.grpc.server.port = 46443 (custom)
2022-09-29 01:24:28,640 [Listener at 127.0.0.1/41057] INFO  grpc.GrpcConfigKeys (ConfUtils.java:logGet(46)) - raft.grpc.client.port = -1 (default)
2022-09-29 01:24:28,640 [Listener at 127.0.0.1/41057] INFO  grpc.GrpcConfigKeys (ConfUtils.java:logGet(46)) - raft.grpc.server.port = 46443 (custom)
2022-09-29 01:24:28,640 [Listener at 127.0.0.1/41057] INFO  grpc.GrpcConfigKeys (ConfUtils.java:logGet(46)) - raft.grpc.server.port = 46443 (custom)
2022-09-29 01:24:28,640 [Listener at 127.0.0.1/41057] INFO  server.GrpcService (ConfUtils.java:logGet(46)) - raft.grpc.message.size.max = 33554432 (custom)
2022-09-29 01:24:28,641 [Listener at 127.0.0.1/41057] INFO  server.RaftServerConfigKeys (ConfUtils.java:logGet(46)) - raft.server.log.appender.buffer.byte-limit = 33554432 (custom)
2022-09-29 01:24:28,641 [Listener at 127.0.0.1/41057] INFO  server.GrpcService (ConfUtils.java:logGet(46)) - raft.grpc.flow.control.window = 1MB (=1048576) (default)
2022-09-29 01:24:28,641 [Listener at 127.0.0.1/41057] INFO  server.RaftServerConfigKeys (ConfUtils.java:logGet(46)) - raft.server.rpc.request.timeout = 3000ms (default)
2022-09-29 01:24:28,641 [Listener at 127.0.0.1/41057] INFO  grpc.GrpcConfigKeys (ConfUtils.java:logGet(46)) - raft.grpc.server.async.request.thread.pool.cached = true (default)
2022-09-29 01:24:28,641 [Listener at 127.0.0.1/41057] INFO  grpc.GrpcConfigKeys (ConfUtils.java:logGet(46)) - raft.grpc.server.async.request.thread.pool.size = 32 (default)
2022-09-29 01:24:28,642 [Listener at 127.0.0.1/41057] INFO  impl.DataStreamServerImpl (ConfUtils.java:logGet(46)) - raft.datastream.type = DISABLED (default)
2022-09-29 01:24:28,643 [Listener at 127.0.0.1/41057] INFO  server.RaftServerConfigKeys (ConfUtils.java:logGet(46)) - raft.server.threadpool.proxy.cached = true (default)
2022-09-29 01:24:28,643 [Listener at 127.0.0.1/41057] INFO  server.RaftServerConfigKeys (ConfUtils.java:logGet(46)) - raft.server.threadpool.proxy.size = 0 (default)
2022-09-29 01:24:28,643 [Listener at 127.0.0.1/41057] INFO  server.RaftServerConfigKeys (ConfUtils.java:logGet(46)) - raft.server.rpc.slowness.timeout = 2s (custom)
2022-09-29 01:24:28,643 [Listener at 127.0.0.1/41057] INFO  server.RaftServerConfigKeys (ConfUtils.java:logGet(46)) - raft.server.leaderelection.leader.step-down.wait-time = 10s (default)
2022-09-29 01:24:28,646 [Listener at 127.0.0.1/41057] INFO  server.RaftServerConfigKeys (ConfUtils.java:logGet(46)) - raft.server.storage.dir = [/home/runner/work/ozone/ozone/hadoop-ozone/integration-test/target/test-dir/MiniOzoneClusterImpl-0d15d221-0049-42ab-bf49-1e4b736e68e8/omNode-3/ratis] (custom)
2022-09-29 01:24:28,659 [Listener at 127.0.0.1/41057] INFO  server.RaftServer (RaftServerProxy.java:addNew(96)) - omNode-3: addNew group-523986131536:[omNode-3|rpc:localhost:46443|priority:0, omNode-1|rpc:localhost:33053|priority:0, omNode-2|rpc:localhost:32823|priority:0] returns group-523986131536:java.util.concurrent.CompletableFuture@7d3304f0[Not completed]
2022-09-29 01:24:28,659 [pool-547-thread-1] INFO  server.RaftServer$Division (RaftServerImpl.java:<init>(190)) - omNode-3: new RaftServerImpl for group-523986131536:[omNode-3|rpc:localhost:46443|priority:0, omNode-1|rpc:localhost:33053|priority:0, omNode-2|rpc:localhost:32823|priority:0] with OzoneManagerStateMachine:uninitialized
2022-09-29 01:24:28,659 [Listener at 127.0.0.1/41057] INFO  om.OzoneManager (OzoneManager.java:initializeRatisServer(1976)) - OzoneManager Ratis server initialized at port 46443
2022-09-29 01:24:28,660 [Listener at 127.0.0.1/41057] INFO  om.OzoneManager (OzoneManager.java:getRpcServer(1099)) - Creating RPC Server
2022-09-29 01:24:28,661 [pool-547-thread-1] INFO  server.RaftServerConfigKeys (ConfUtils.java:logGet(46)) - raft.server.rpc.timeout.min = 1s (custom)
2022-09-29 01:24:28,661 [pool-547-thread-1] INFO  server.RaftServerConfigKeys (ConfUtils.java:logGet(46)) - raft.server.rpc.timeout.max = 1200ms (custom)
2022-09-29 01:24:28,662 [pool-547-thread-1] INFO  server.RaftServerConfigKeys (ConfUtils.java:logGet(46)) - raft.server.rpc.sleep.time = 25ms (default)
2022-09-29 01:24:28,662 [pool-547-thread-1] INFO  server.RaftServerConfigKeys (ConfUtils.java:logGet(46)) - raft.server.rpc.slowness.timeout = 2s (custom)
2022-09-29 01:24:28,662 [pool-547-thread-1] INFO  server.RaftServerConfigKeys (ConfUtils.java:logGet(46)) - raft.server.leaderelection.leader.step-down.wait-time = 10s (default)
2022-09-29 01:24:28,662 [pool-547-thread-1] INFO  server.RaftServerConfigKeys (ConfUtils.java:logGet(46)) - raft.server.sleep.deviation.threshold = 300ms (default)
2022-09-29 01:24:28,662 [pool-547-thread-1] INFO  server.RaftServer$Division (ServerState.java:<init>(107)) - omNode-3@group-523986131536: ConfigurationManager, init=-1: [omNode-3|rpc:localhost:46443|priority:0, omNode-1|rpc:localhost:33053|priority:0, omNode-2|rpc:localhost:32823|priority:0], old=null, confs=<EMPTY_MAP>
2022-09-29 01:24:28,662 [pool-547-thread-1] INFO  server.RaftServerConfigKeys (ConfUtils.java:logGet(46)) - raft.server.storage.dir = [/home/runner/work/ozone/ozone/hadoop-ozone/integration-test/target/test-dir/MiniOzoneClusterImpl-0d15d221-0049-42ab-bf49-1e4b736e68e8/omNode-3/ratis] (custom)
2022-09-29 01:24:28,662 [pool-547-thread-1] INFO  server.RaftServerConfigKeys (ConfUtils.java:logGet(46)) - raft.server.log.corruption.policy = EXCEPTION (default)
2022-09-29 01:24:28,662 [pool-547-thread-1] INFO  server.RaftServerConfigKeys (ConfUtils.java:logGet(46)) - raft.server.storage.free-space.min = 0MB (=0) (default)
2022-09-29 01:24:28,662 [pool-547-thread-1] INFO  storage.RaftStorageDirectory (RaftStorageDirectoryImpl.java:analyzeStorage(135)) - The storage directory /home/runner/work/ozone/ozone/hadoop-ozone/integration-test/target/test-dir/MiniOzoneClusterImpl-0d15d221-0049-42ab-bf49-1e4b736e68e8/omNode-3/ratis/c9bc4cf4-3bc3-3c60-a66b-523986131536 does not exist. Creating ...
2022-09-29 01:24:28,663 [pool-547-thread-1] INFO  storage.RaftStorageDirectory (RaftStorageDirectoryImpl.java:tryLock(230)) - Lock on /home/runner/work/ozone/ozone/hadoop-ozone/integration-test/target/test-dir/MiniOzoneClusterImpl-0d15d221-0049-42ab-bf49-1e4b736e68e8/omNode-3/ratis/c9bc4cf4-3bc3-3c60-a66b-523986131536/in_use.lock acquired by nodename 41909@fv-az182-579
2022-09-29 01:24:28,664 [pool-547-thread-1] INFO  storage.RaftStorage (RaftStorageImpl.java:format(89)) - Storage directory /home/runner/work/ozone/ozone/hadoop-ozone/integration-test/target/test-dir/MiniOzoneClusterImpl-0d15d221-0049-42ab-bf49-1e4b736e68e8/omNode-3/ratis/c9bc4cf4-3bc3-3c60-a66b-523986131536 has been successfully formatted.
2022-09-29 01:24:28,665 [pool-547-thread-1] INFO  server.RaftServerConfigKeys (ConfUtils.java:logGet(46)) - raft.server.notification.no-leader.timeout = 2s (custom)
2022-09-29 01:24:28,665 [pool-547-thread-1] INFO  server.RaftServerConfigKeys (ConfUtils.java:logGet(46)) - raft.server.log.use.memory = false (default)
2022-09-29 01:24:28,665 [pool-547-thread-1] INFO  server.RaftServerConfigKeys (ConfUtils.java:logGet(46)) - raft.server.log.purge.gap = 50 (custom)
2022-09-29 01:24:28,665 [pool-547-thread-1] INFO  server.RaftServerConfigKeys (ConfUtils.java:logGet(46)) - raft.server.log.appender.buffer.byte-limit = 33554432 (custom)
2022-09-29 01:24:28,665 [pool-547-thread-1] INFO  server.RaftServerConfigKeys (ConfUtils.java:logGet(46)) - raft.server.log.statemachine.data.read.timeout = 1000ms (default)
2022-09-29 01:24:28,665 [pool-547-thread-1] INFO  server.RaftServerConfigKeys (ConfUtils.java:logGet(46)) - raft.server.log.segment.size.max = 4194304 (custom)
2022-09-29 01:24:28,665 [pool-547-thread-1] INFO  server.RaftServerConfigKeys (ConfUtils.java:logGet(46)) - raft.server.log.segment.cache.num.max = 2 (custom)
2022-09-29 01:24:28,665 [pool-547-thread-1] INFO  server.RaftServerConfigKeys (ConfUtils.java:logGet(46)) - raft.server.log.segment.cache.size.max = 200MB (=209715200) (default)
2022-09-29 01:24:28,665 [pool-547-thread-1] INFO  segmented.SegmentedRaftLogWorker (SegmentedRaftLogWorker.java:<init>(187)) - new omNode-3@group-523986131536-SegmentedRaftLogWorker for RaftStorageImpl:Storage Directory /home/runner/work/ozone/ozone/hadoop-ozone/integration-test/target/test-dir/MiniOzoneClusterImpl-0d15d221-0049-42ab-bf49-1e4b736e68e8/omNode-3/ratis/c9bc4cf4-3bc3-3c60-a66b-523986131536
2022-09-29 01:24:28,665 [pool-547-thread-1] INFO  server.RaftServerConfigKeys (ConfUtils.java:logGet(46)) - raft.server.log.queue.byte-limit = 64MB (=67108864) (default)
2022-09-29 01:24:28,665 [pool-547-thread-1] INFO  server.RaftServerConfigKeys (ConfUtils.java:logGet(46)) - raft.server.log.queue.element-limit = 4096 (default)
2022-09-29 01:24:28,665 [pool-547-thread-1] INFO  server.RaftServerConfigKeys (ConfUtils.java:logGet(46)) - raft.server.log.segment.size.max = 4194304 (custom)
2022-09-29 01:24:28,665 [pool-547-thread-1] INFO  server.RaftServerConfigKeys (ConfUtils.java:logGet(46)) - raft.server.log.preallocated.size = 4194304 (custom)
2022-09-29 01:24:28,665 [pool-547-thread-1] INFO  server.RaftServerConfigKeys (ConfUtils.java:logGet(46)) - raft.server.log.force.sync.num = 128 (default)
2022-09-29 01:24:28,665 [pool-547-thread-1] INFO  server.RaftServerConfigKeys (ConfUtils.java:logGet(46)) - raft.server.log.statemachine.data.sync = true (default)
2022-09-29 01:24:28,665 [pool-547-thread-1] INFO  server.RaftServerConfigKeys (ConfUtils.java:logGet(46)) - raft.server.log.statemachine.data.sync.timeout = 10s (default)
2022-09-29 01:24:28,665 [pool-547-thread-1] INFO  server.RaftServerConfigKeys (ConfUtils.java:logGet(46)) - raft.server.log.statemachine.data.sync.timeout.retry = -1 (default)
2022-09-29 01:24:28,680 [pool-547-thread-1] INFO  server.RaftServerConfigKeys (ConfUtils.java:logGet(46)) - raft.server.log.write.buffer.size = 64KB (=65536) (default)
2022-09-29 01:24:28,680 [pool-547-thread-1] INFO  server.RaftServerConfigKeys (ConfUtils.java:logGet(46)) - raft.server.log.unsafe-flush.enabled = false (default)
2022-09-29 01:24:28,680 [pool-547-thread-1] INFO  server.RaftServerConfigKeys (ConfUtils.java:logGet(46)) - raft.server.log.statemachine.data.caching.enabled = false (default)
2022-09-29 01:24:28,680 [pool-547-thread-1] INFO  segmented.SegmentedRaftLogWorker (SegmentedRaftLogWorker.java:lambda$new$0(135)) - omNode-3@group-523986131536-SegmentedRaftLogWorker: flushIndex: setUnconditionally 0 -> -1
2022-09-29 01:24:28,680 [pool-547-thread-1] INFO  segmented.SegmentedRaftLogWorker (SegmentedRaftLogWorker.java:lambda$new$0(135)) - omNode-3@group-523986131536-SegmentedRaftLogWorker: safeCacheEvictIndex: setUnconditionally 0 -> -1
2022-09-29 01:24:28,712 [pool-547-thread-1] INFO  server.RaftServerConfigKeys (ConfUtils.java:logGet(46)) - raft.server.snapshot.auto.trigger.enabled = true (custom)
2022-09-29 01:24:28,712 [pool-547-thread-1] INFO  server.RaftServerConfigKeys (ConfUtils.java:logGet(46)) - raft.server.snapshot.auto.trigger.threshold = 50 (custom)
2022-09-29 01:24:28,712 [pool-547-thread-1] INFO  server.RaftServerConfigKeys (ConfUtils.java:logGet(46)) - raft.server.snapshot.retention.file.num = -1 (default)
2022-09-29 01:24:28,712 [pool-547-thread-1] INFO  server.RaftServerConfigKeys (ConfUtils.java:logGet(46)) - raft.server.log.purge.upto.snapshot.index = true (custom)
2022-09-29 01:24:28,712 [pool-547-thread-1] INFO  server.RaftServerConfigKeys (ConfUtils.java:logGet(46)) - raft.server.retrycache.expirytime = 30000ms (custom)
2022-09-29 01:24:28,712 [pool-547-thread-1] INFO  server.RaftServerConfigKeys (ConfUtils.java:logGet(46)) - raft.server.retrycache.statistics.expirytime = 100μs (default)
2022-09-29 01:24:28,712 [pool-547-thread-1] INFO  server.RaftServerConfigKeys (ConfUtils.java:logGet(46)) - raft.server.log.appender.install.snapshot.enabled = false (custom)
2022-09-29 01:24:28,712 [pool-547-thread-1] INFO  server.RaftServerConfigKeys (ConfUtils.java:logGet(46)) - raft.server.threadpool.server.cached = true (default)
2022-09-29 01:24:28,712 [pool-547-thread-1] INFO  server.RaftServerConfigKeys (ConfUtils.java:logGet(46)) - raft.server.threadpool.server.size = 0 (default)
2022-09-29 01:24:28,712 [pool-547-thread-1] INFO  server.RaftServerConfigKeys (ConfUtils.java:logGet(46)) - raft.server.threadpool.client.cached = true (default)
2022-09-29 01:24:28,712 [pool-547-thread-1] INFO  server.RaftServerConfigKeys (ConfUtils.java:logGet(46)) - raft.server.threadpool.client.size = 0 (default)
2022-09-29 01:24:28,932 [omNode-1@group-523986131536-FollowerState] INFO  impl.FollowerState (FollowerState.java:run(143)) - omNode-1@group-523986131536-FollowerState: change to CANDIDATE, lastRpcElapsedTime:1207810615ns, electionTimeout:1192ms
2022-09-29 01:24:28,932 [omNode-1@group-523986131536-FollowerState] INFO  impl.RoleInfo (RoleInfo.java:shutdownFollowerState(110)) - omNode-1: shutdown omNode-1@group-523986131536-FollowerState
2022-09-29 01:24:28,933 [omNode-1@group-523986131536-FollowerState] INFO  server.RaftServer$Division (RaftServerImpl.java:setRole(299)) - omNode-1@group-523986131536: changes role from  FOLLOWER to CANDIDATE at term 1 for changeToCandidate
2022-09-29 01:24:28,933 [omNode-1@group-523986131536-FollowerState] INFO  server.RaftServerConfigKeys (ConfUtils.java:logGet(46)) - raft.server.leaderelection.pre-vote = false (custom)
2022-09-29 01:24:28,933 [omNode-1@group-523986131536-FollowerState] INFO  impl.RoleInfo (RoleInfo.java:updateAndGet(139)) - omNode-1: start omNode-1@group-523986131536-LeaderElection41
2022-09-29 01:24:28,964 [omNode-1@group-523986131536-LeaderElection41] INFO  impl.LeaderElection (LeaderElection.java:askForVotes(310)) - omNode-1@group-523986131536-LeaderElection41 ELECTION round 0: submit vote requests at term 2 for -1: [omNode-3|rpc:localhost:46443|priority:0, omNode-1|rpc:localhost:33053|priority:0, omNode-2|rpc:localhost:32823|priority:0], old=null
2022-09-29 01:24:28,984 [omNode-1@group-523986131536-LeaderElection41] INFO  impl.LeaderElection (LogUtils.java:infoOrTrace(137)) - omNode-1@group-523986131536-LeaderElection41 got exception when requesting votes: java.util.concurrent.ExecutionException: org.apache.ratis.thirdparty.io.grpc.StatusRuntimeException: UNAVAILABLE: io exception
2022-09-29 01:24:28,985 [grpc-default-executor-3] INFO  server.RaftServer$Division (RaftServerImpl.java:requestVote(1152)) - omNode-2@group-523986131536: receive requestVote(ELECTION, omNode-1, group-523986131536, 2, (t:0, i:~))
2022-09-29 01:24:28,986 [grpc-default-executor-3] INFO  impl.VoteContext (VoteContext.java:log(48)) - omNode-2@group-523986131536-FOLLOWER: accept ELECTION from omNode-1: our priority 0 <= candidate's priority 0
2022-09-29 01:24:28,986 [grpc-default-executor-3] INFO  server.RaftServer$Division (RaftServerImpl.java:setRole(299)) - omNode-2@group-523986131536: changes role from  FOLLOWER to FOLLOWER at term 2 for candidate:omNode-1
2022-09-29 01:24:28,986 [grpc-default-executor-3] INFO  impl.RoleInfo (RoleInfo.java:shutdownFollowerState(110)) - omNode-2: shutdown omNode-2@group-523986131536-FollowerState
2022-09-29 01:24:28,986 [grpc-default-executor-3] INFO  impl.RoleInfo (RoleInfo.java:updateAndGet(139)) - omNode-2: start omNode-2@group-523986131536-FollowerState
2022-09-29 01:24:28,986 [omNode-2@group-523986131536-FollowerState] INFO  impl.FollowerState (FollowerState.java:run(152)) - omNode-2@group-523986131536-FollowerState was interrupted
2022-09-29 01:24:29,018 [grpc-default-executor-3] INFO  server.RaftServer$Division (RaftServerImpl.java:requestVote(1184)) - omNode-2@group-523986131536 replies to ELECTION vote request: omNode-1<-omNode-2#0:OK-t2. Peer's state: omNode-2@group-523986131536:t2, leader=null, voted=omNode-1, raftlog=omNode-2@group-523986131536-SegmentedRaftLog:OPENED:c-1, conf=-1: [omNode-3|rpc:localhost:46443|priority:0, omNode-1|rpc:localhost:33053|priority:0, omNode-2|rpc:localhost:32823|priority:0], old=null
2022-09-29 01:24:29,020 [omNode-1@group-523986131536-LeaderElection41] INFO  impl.LeaderElection (LeaderElection.java:logAndReturn(90)) - omNode-1@group-523986131536-LeaderElection41: ELECTION PASSED received 1 response(s) and 1 exception(s):
2022-09-29 01:24:29,020 [omNode-1@group-523986131536-LeaderElection41] INFO  impl.LeaderElection (LeaderElection.java:logAndReturn(94)) -   Response 0: omNode-1<-omNode-2#0:OK-t2
2022-09-29 01:24:29,020 [omNode-1@group-523986131536-LeaderElection41] INFO  impl.LeaderElection (LogUtils.java:infoOrTrace(137)) -   Exception 1: java.util.concurrent.ExecutionException: org.apache.ratis.thirdparty.io.grpc.StatusRuntimeException: UNAVAILABLE: io exception
2022-09-29 01:24:29,020 [omNode-1@group-523986131536-LeaderElection41] INFO  impl.LeaderElection (LeaderElection.java:askForVotes(312)) - omNode-1@group-523986131536-LeaderElection41 ELECTION round 0: result PASSED
2022-09-29 01:24:29,020 [omNode-1@group-523986131536-LeaderElection41] INFO  impl.RoleInfo (RoleInfo.java:shutdownLeaderElection(130)) - omNode-1: shutdown omNode-1@group-523986131536-LeaderElection41
2022-09-29 01:24:29,020 [omNode-1@group-523986131536-LeaderElection41] INFO  server.RaftServer$Division (RaftServerImpl.java:setRole(299)) - omNode-1@group-523986131536: changes role from CANDIDATE to LEADER at term 2 for changeToLeader
2022-09-29 01:24:29,020 [omNode-1@group-523986131536-LeaderElection41] INFO  server.RaftServer$Division (ServerState.java:setLeader(287)) - omNode-1@group-523986131536: change Leader from null to omNode-1 at term 2 for becomeLeader, leader elected after 3312ms
2022-09-29 01:24:29,020 [omNode-1@group-523986131536-LeaderElection41] INFO  server.RaftServerConfigKeys (ConfUtils.java:logGet(46)) - raft.server.staging.catchup.gap = 1000 (default)
2022-09-29 01:24:29,021 [omNode-1@group-523986131536-LeaderElection41] INFO  server.RaftServerConfigKeys (ConfUtils.java:logGet(46)) - raft.server.write.element-limit = 4096 (default)
2022-09-29 01:24:29,021 [omNode-1@group-523986131536-LeaderElection41] INFO  server.RaftServerConfigKeys (ConfUtils.java:logGet(46)) - raft.server.write.byte-limit = 64MB (=67108864) (default)
2022-09-29 01:24:29,021 [omNode-1@group-523986131536-LeaderElection41] INFO  server.RaftServerConfigKeys (ConfUtils.java:logGet(46)) - raft.server.watch.timeout = 10s (default)
2022-09-29 01:24:29,021 [omNode-1@group-523986131536-LeaderElection41] INFO  server.RaftServerConfigKeys (ConfUtils.java:logGet(46)) - raft.server.watch.timeout.denomination = 1s (default)
2022-09-29 01:24:29,021 [omNode-1@group-523986131536-LeaderElection41] INFO  server.RaftServerConfigKeys (ConfUtils.java:logGet(46)) - raft.server.watch.element-limit = 65536 (default)
2022-09-29 01:24:29,021 [omNode-1@group-523986131536-LeaderElection41] INFO  server.RaftServerConfigKeys (ConfUtils.java:logGet(46)) - raft.server.write.element-limit = 4096 (default)
2022-09-29 01:24:29,021 [omNode-1@group-523986131536-LeaderElection41] INFO  server.RaftServerConfigKeys (ConfUtils.java:logGet(46)) - raft.server.write.follower.gap.ratio.max = -1.0 (default)
2022-09-29 01:24:29,022 [omNode-1@group-523986131536-LeaderElection41] INFO  server.RaftServerConfigKeys (ConfUtils.java:logGet(46)) - raft.server.log.appender.snapshot.chunk.size.max = 16MB (=16777216) (default)
2022-09-29 01:24:29,022 [omNode-1@group-523986131536-LeaderElection41] INFO  server.RaftServerConfigKeys (ConfUtils.java:logGet(46)) - raft.server.log.appender.buffer.byte-limit = 33554432 (custom)
2022-09-29 01:24:29,022 [omNode-1@group-523986131536-LeaderElection41] INFO  server.RaftServerConfigKeys (ConfUtils.java:logGet(46)) - raft.server.log.appender.buffer.element-limit = 1024 (custom)
2022-09-29 01:24:29,022 [omNode-1@group-523986131536-LeaderElection41] INFO  grpc.GrpcConfigKeys (ConfUtils.java:logGet(46)) - raft.grpc.server.leader.outstanding.appends.max = 128 (default)
2022-09-29 01:24:29,022 [omNode-1@group-523986131536-LeaderElection41] INFO  server.RaftServerConfigKeys (ConfUtils.java:logGet(46)) - raft.server.rpc.request.timeout = 3000ms (default)
2022-09-29 01:24:29,022 [omNode-1@group-523986131536-LeaderElection41] INFO  server.RaftServerConfigKeys (ConfUtils.java:logGet(46)) - raft.server.log.appender.install.snapshot.enabled = false (custom)
2022-09-29 01:24:29,024 [omNode-1@group-523986131536-LeaderElection41] INFO  server.RaftServerConfigKeys (ConfUtils.java:logGet(46)) - raft.server.log.appender.snapshot.chunk.size.max = 16MB (=16777216) (default)
2022-09-29 01:24:29,024 [omNode-1@group-523986131536-LeaderElection41] INFO  server.RaftServerConfigKeys (ConfUtils.java:logGet(46)) - raft.server.log.appender.buffer.byte-limit = 33554432 (custom)
2022-09-29 01:24:29,024 [omNode-1@group-523986131536-LeaderElection41] INFO  server.RaftServerConfigKeys (ConfUtils.java:logGet(46)) - raft.server.log.appender.buffer.element-limit = 1024 (custom)
2022-09-29 01:24:29,024 [omNode-1@group-523986131536-LeaderElection41] INFO  grpc.GrpcConfigKeys (ConfUtils.java:logGet(46)) - raft.grpc.server.leader.outstanding.appends.max = 128 (default)
2022-09-29 01:24:29,024 [omNode-1@group-523986131536-LeaderElection41] INFO  server.RaftServerConfigKeys (ConfUtils.java:logGet(46)) - raft.server.rpc.request.timeout = 3000ms (default)
2022-09-29 01:24:29,024 [omNode-1@group-523986131536-LeaderElection41] INFO  server.RaftServerConfigKeys (ConfUtils.java:logGet(46)) - raft.server.log.appender.install.snapshot.enabled = false (custom)
2022-09-29 01:24:29,024 [omNode-1@group-523986131536-LeaderElection41] INFO  impl.RoleInfo (RoleInfo.java:updateAndGet(139)) - omNode-1: start omNode-1@group-523986131536-LeaderStateImpl
2022-09-29 01:24:29,024 [omNode-1@group-523986131536-LeaderElection41] INFO  segmented.SegmentedRaftLogWorker (SegmentedRaftLogWorker.java:startLogSegment(425)) - omNode-1@group-523986131536-SegmentedRaftLogWorker: Starting segment from index:0
2022-09-29 01:24:29,034 [omNode-1@group-523986131536-SegmentedRaftLogWorker] INFO  segmented.SegmentedRaftLogWorker (SegmentedRaftLogWorker.java:execute(629)) - omNode-1@group-523986131536-SegmentedRaftLogWorker: created new log segment /home/runner/work/ozone/ozone/hadoop-ozone/integration-test/target/test-dir/MiniOzoneClusterImpl-0d15d221-0049-42ab-bf49-1e4b736e68e8/omNode-1/ratis/c9bc4cf4-3bc3-3c60-a66b-523986131536/current/log_inprogress_0
2022-09-29 01:24:29,048 [grpc-default-executor-3] WARN  server.GrpcLogAppender (LogUtils.java:warn(122)) - omNode-1@group-523986131536->omNode-3-AppendLogResponseHandler: Failed appendEntries: org.apache.ratis.thirdparty.io.grpc.StatusRuntimeException: UNAVAILABLE: io exception
2022-09-29 01:24:29,049 [grpc-default-executor-3] WARN  server.GrpcLogAppender (GrpcLogAppender.java:resetClient(111)) - omNode-1@group-523986131536->omNode-3-GrpcLogAppender: Leader has not got in touch with Follower omNode-1@group-523986131536->omNode-3(c-1,m0,n0, attendVote=true, lastRpcSendTime=1227, lastRpcResponseTime=1227) yet, just keep nextIndex unchanged and retry.
2022-09-29 01:24:29,050 [grpc-default-executor-3] WARN  server.GrpcLogAppender (LogUtils.java:warn(122)) - omNode-1@group-523986131536->omNode-3-AppendLogResponseHandler: Failed appendEntries: org.apache.ratis.thirdparty.io.grpc.StatusRuntimeException: UNAVAILABLE: io exception
2022-09-29 01:24:29,051 [grpc-default-executor-3] WARN  server.GrpcLogAppender (GrpcLogAppender.java:resetClient(111)) - omNode-1@group-523986131536->omNode-3-GrpcLogAppender: Leader has not got in touch with Follower omNode-1@group-523986131536->omNode-3(c-1,m0,n1, attendVote=true, lastRpcSendTime=0, lastRpcResponseTime=1229) yet, just keep nextIndex unchanged and retry.
2022-09-29 01:24:29,067 [omNode-1@group-523986131536-LeaderElection41] INFO  server.RaftServer$Division (ServerState.java:setRaftConf(393)) - omNode-1@group-523986131536: set configuration 0: [omNode-3|rpc:localhost:46443|admin:|client:|dataStream:|priority:0, omNode-1|rpc:localhost:33053|admin:|client:|dataStream:|priority:0, omNode-2|rpc:localhost:32823|admin:|client:|dataStream:|priority:0], old=null
2022-09-29 01:24:29,069 [omNode-1@group-523986131536-StateMachineUpdater] INFO  ratis.OzoneManagerStateMachine (OzoneManagerStateMachine.java:notifyConfigurationChanged(192)) - Received Configuration change notification from Ratis. New Peer list:
[id: "omNode-3"
address: "localhost:46443"
, id: "omNode-1"
address: "localhost:33053"
, id: "omNode-2"
address: "localhost:32823"
]
2022-09-29 01:24:29,124 [omNode-2-server-thread1] INFO  server.RaftServer$Division (ServerState.java:setLeader(287)) - omNode-2@group-523986131536: change Leader from null to omNode-1 at term 2 for appendEntries, leader elected after 1705ms
2022-09-29 01:24:29,139 [omNode-2-server-thread1] INFO  server.RaftServer$Division (ServerState.java:setRaftConf(393)) - omNode-2@group-523986131536: set configuration 0: [omNode-3|rpc:localhost:46443|admin:|client:|dataStream:|priority:0, omNode-1|rpc:localhost:33053|admin:|client:|dataStream:|priority:0, omNode-2|rpc:localhost:32823|admin:|client:|dataStream:|priority:0], old=null
2022-09-29 01:24:29,139 [omNode-2-server-thread1] INFO  segmented.SegmentedRaftLogWorker (SegmentedRaftLogWorker.java:startLogSegment(425)) - omNode-2@group-523986131536-SegmentedRaftLogWorker: Starting segment from index:0
2022-09-29 01:24:29,149 [EndpointStateMachine task thread for /0.0.0.0:42241 - 0 ] INFO  ipc.Client (Client.java:handleConnectionFailure(977)) - Retrying connect to server: 0.0.0.0/0.0.0.0:42241. Already tried 7 time(s); retry policy is RetryUpToMaximumCountWithFixedSleep(maxRetries=15, sleepTime=1000 MILLISECONDS)
2022-09-29 01:24:29,150 [omNode-2@group-523986131536-SegmentedRaftLogWorker] INFO  segmented.SegmentedRaftLogWorker (SegmentedRaftLogWorker.java:execute(629)) - omNode-2@group-523986131536-SegmentedRaftLogWorker: created new log segment /home/runner/work/ozone/ozone/hadoop-ozone/integration-test/target/test-dir/MiniOzoneClusterImpl-0d15d221-0049-42ab-bf49-1e4b736e68e8/omNode-2/ratis/c9bc4cf4-3bc3-3c60-a66b-523986131536/current/log_inprogress_0
2022-09-29 01:24:29,176 [omNode-2@group-523986131536-StateMachineUpdater] INFO  ratis.OzoneManagerStateMachine (OzoneManagerStateMachine.java:notifyConfigurationChanged(192)) - Received Configuration change notification from Ratis. New Peer list:
[id: "omNode-3"
address: "localhost:46443"
, id: "omNode-1"
address: "localhost:33053"
, id: "omNode-2"
address: "localhost:32823"
]
2022-09-29 01:24:29,310 [grpc-default-executor-0] WARN  server.GrpcLogAppender (LogUtils.java:warn(122)) - omNode-1@group-523986131536->omNode-3-AppendLogResponseHandler: Failed appendEntries: org.apache.ratis.thirdparty.io.grpc.StatusRuntimeException: UNAVAILABLE: io exception
2022-09-29 01:24:29,310 [grpc-default-executor-0] WARN  server.GrpcLogAppender (GrpcLogAppender.java:resetClient(111)) - omNode-1@group-523986131536->omNode-3-GrpcLogAppender: Leader has not got in touch with Follower omNode-1@group-523986131536->omNode-3(c-1,m0,n1, attendVote=true, lastRpcSendTime=250, lastRpcResponseTime=1489) yet, just keep nextIndex unchanged and retry.
2022-09-29 01:24:29,484 [Listener at 127.0.0.1/41057] INFO  reflections.Reflections (Reflections.java:scan(232)) - Reflections took 823 ms to scan 19 urls, producing 67 keys and 4214 values [using 2 cores]
2022-09-29 01:24:29,485 [Listener at 127.0.0.1/41057] INFO  ipc.CallQueueManager (CallQueueManager.java:<init>(90)) - Using callQueue: class java.util.concurrent.LinkedBlockingQueue, queueCapacity: 2000, scheduler: class org.apache.hadoop.ipc.DefaultRpcScheduler, ipcBackoff: false.
2022-09-29 01:24:29,489 [Socket Reader #1 for port 44309] INFO  ipc.Server (Server.java:run(1265)) - Starting Socket Reader #1 for port 44309
2022-09-29 01:24:29,551 [Listener at 127.0.0.1/44309] INFO  impl.MetricsSystemImpl (MetricsSystemImpl.java:init(158)) - OzoneManager metrics system started (again)
2022-09-29 01:24:29,565 [grpc-default-executor-0] WARN  server.GrpcLogAppender (LogUtils.java:warn(122)) - omNode-1@group-523986131536->omNode-3-AppendLogResponseHandler: Failed appendEntries: org.apache.ratis.thirdparty.io.grpc.StatusRuntimeException: UNAVAILABLE: io exception
2022-09-29 01:24:29,565 [grpc-default-executor-0] WARN  server.GrpcLogAppender (GrpcLogAppender.java:resetClient(111)) - omNode-1@group-523986131536->omNode-3-GrpcLogAppender: Leader has not got in touch with Follower omNode-1@group-523986131536->omNode-3(c-1,m0,n1, attendVote=true, lastRpcSendTime=252, lastRpcResponseTime=1743) yet, just keep nextIndex unchanged and retry.
2022-09-29 01:24:29,576 [Listener at 127.0.0.1/44309] INFO  om.OzoneManager (OzoneManager.java:start(1483)) - OzoneManager RPC server is listening at localhost/127.0.0.1:44309
2022-09-29 01:24:29,576 [Listener at 127.0.0.1/44309] INFO  ratis.OzoneManagerRatisServer (OzoneManagerRatisServer.java:start(555)) - Starting OzoneManagerRatisServer omNode-3 at port 46443
2022-09-29 01:24:29,576 [omNode-3-impl-thread1] INFO  server.RaftServer$Division (RaftServerImpl.java:start(310)) - omNode-3@group-523986131536: start as a follower, conf=-1: [omNode-3|rpc:localhost:46443|priority:0, omNode-1|rpc:localhost:33053|priority:0, omNode-2|rpc:localhost:32823|priority:0], old=null
2022-09-29 01:24:29,576 [omNode-3-impl-thread1] INFO  server.RaftServer$Division (RaftServerImpl.java:setRole(299)) - omNode-3@group-523986131536: changes role from      null to FOLLOWER at term 0 for startAsFollower
2022-09-29 01:24:29,576 [omNode-3-impl-thread1] INFO  impl.RoleInfo (RoleInfo.java:updateAndGet(139)) - omNode-3: start omNode-3@group-523986131536-FollowerState
2022-09-29 01:24:29,582 [omNode-3-impl-thread1] ERROR util.JmxRegister (JmxRegister.java:tryRegister(40)) - Failed to register JMX Bean with name Ratis:service=RaftServer,group=group-523986131536,id=omNode-3
javax.management.InstanceAlreadyExistsException: Ratis:service=RaftServer,group=group-523986131536,id=omNode-3
	at com.sun.jmx.mbeanserver.Repository.addMBean(Repository.java:437)
	at com.sun.jmx.interceptor.DefaultMBeanServerInterceptor.registerWithRepository(DefaultMBeanServerInterceptor.java:1898)
	at com.sun.jmx.interceptor.DefaultMBeanServerInterceptor.registerDynamicMBean(DefaultMBeanServerInterceptor.java:966)
	at com.sun.jmx.interceptor.DefaultMBeanServerInterceptor.registerObject(DefaultMBeanServerInterceptor.java:900)
	at com.sun.jmx.interceptor.DefaultMBeanServerInterceptor.registerMBean(DefaultMBeanServerInterceptor.java:324)
	at com.sun.jmx.mbeanserver.JmxMBeanServer.registerMBean(JmxMBeanServer.java:522)
	at org.apache.ratis.util.JmxRegister.tryRegister(JmxRegister.java:38)
	at org.apache.ratis.util.JmxRegister.register(JmxRegister.java:56)
	at org.apache.ratis.server.impl.RaftServerImpl.registerMBean(RaftServerImpl.java:329)
	at org.apache.ratis.server.impl.RaftServerImpl.start(RaftServerImpl.java:320)
	at org.apache.ratis.util.ConcurrentUtils.lambda$null$3(ConcurrentUtils.java:162)
	at java.util.concurrent.ThreadPoolExecutor.runWorker(ThreadPoolExecutor.java:1149)
	at java.util.concurrent.ThreadPoolExecutor$Worker.run(ThreadPoolExecutor.java:624)
	at java.lang.Thread.run(Thread.java:750)
2022-09-29 01:24:29,583 [omNode-3-impl-thread1] INFO  util.JmxRegister (JmxRegister.java:tryRegister(44)) - Successfully registered JMX Bean with object name Ratis:service=RaftServer,group=group-523986131536,id="omNode-3"
2022-09-29 01:24:29,583 [Listener at 127.0.0.1/44309] INFO  server.RaftServer (RaftServerProxy.java:lambda$start$6(382)) - omNode-3: start RPC server
2022-09-29 01:24:29,591 [Listener at 127.0.0.1/44309] INFO  server.GrpcService (GrpcService.java:startImpl(260)) - omNode-3: GrpcService started, listening on 46443
2022-09-29 01:24:29,591 [Listener at 127.0.0.1/44309] INFO  om.OzoneManager (OzoneManager.java:start(1499)) - Version File has different layout version (3) than OM DB (null). That is expected if this OM has never been finalized to a newer layout version.
2022-09-29 01:24:29,592 [org.apache.ratis.util.JvmPauseMonitor$$Lambda$699/1983328127@7c7019bc] INFO  util.JvmPauseMonitor (JvmPauseMonitor.java:run(103)) - JvmPauseMonitor-omNode-3: Started
2022-09-29 01:24:29,593 [Listener at 127.0.0.1/44309] INFO  http.BaseHttpServer (BaseHttpServer.java:newHttpServer2BuilderForOzone(213)) - Starting Web-server for ozoneManager at: http://0.0.0.0:45483
2022-09-29 01:24:29,594 [Listener at 127.0.0.1/44309] INFO  http.BaseHttpServer (BaseHttpServer.java:<init>(108)) - Hadoop Security Enabled: false Ozone Security Enabled: false Ozone HTTP Security Enabled: false 
2022-09-29 01:24:29,595 [Listener at 127.0.0.1/44309] INFO  server.AuthenticationFilter (AuthenticationFilter.java:constructSecretProvider(240)) - Unable to initialize FileSignerSecretProvider, falling back to use random secrets.
2022-09-29 01:24:29,609 [Listener at 127.0.0.1/44309] WARN  http.HttpRequestLog (HttpRequestLog.java:getRequestLog(103)) - Jetty request log can only be enabled using Log4j
2022-09-29 01:24:29,610 [Listener at 127.0.0.1/44309] INFO  http.HttpServer2 (HttpServer2.java:addGlobalFilter(1029)) - Added global filter 'safety' (class=org.apache.hadoop.hdds.server.http.HttpServer2$QuotingInputFilter)
2022-09-29 01:24:29,611 [Listener at 127.0.0.1/44309] INFO  http.HttpServer2 (HttpServer2.java:addFilter(1005)) - Added filter static_user_filter (class=org.apache.hadoop.http.lib.StaticUserWebFilter$StaticUserFilter) to context ozoneManager
2022-09-29 01:24:29,611 [Listener at 127.0.0.1/44309] INFO  http.HttpServer2 (HttpServer2.java:addFilter(1013)) - Added filter static_user_filter (class=org.apache.hadoop.http.lib.StaticUserWebFilter$StaticUserFilter) to context static
2022-09-29 01:24:29,611 [Listener at 127.0.0.1/44309] INFO  http.HttpServer2 (HttpServer2.java:addFilter(1013)) - Added filter static_user_filter (class=org.apache.hadoop.http.lib.StaticUserWebFilter$StaticUserFilter) to context logs
2022-09-29 01:24:29,612 [Listener at 127.0.0.1/44309] INFO  http.HttpServer2 (HttpServer2.java:bindListener(1248)) - Jetty bound to port 45483
2022-09-29 01:24:29,612 [Listener at 127.0.0.1/44309] INFO  server.Server (Server.java:doStart(375)) - jetty-9.4.43.v20210629; built: 2021-06-30T11:07:22.254Z; git: 526006ecfa3af7f1a27ef3a288e2bef7ea9dd7e8; jvm 1.8.0_345-b01
2022-09-29 01:24:29,671 [Listener at 127.0.0.1/44309] INFO  server.session (DefaultSessionIdManager.java:doStart(334)) - DefaultSessionIdManager workerName=node0
2022-09-29 01:24:29,671 [Listener at 127.0.0.1/44309] INFO  server.session (DefaultSessionIdManager.java:doStart(339)) - No SessionScavenger set, using defaults
2022-09-29 01:24:29,672 [Listener at 127.0.0.1/44309] INFO  server.session (HouseKeeper.java:startScavenging(132)) - node0 Scavenging every 660000ms
2022-09-29 01:24:29,691 [Listener at 127.0.0.1/44309] INFO  handler.ContextHandler (ContextHandler.java:doStart(915)) - Started o.e.j.s.ServletContextHandler@6d1e1564{logs,/logs,file:///home/runner/work/ozone/ozone/hadoop-ozone/integration-test/target/log,AVAILABLE}
2022-09-29 01:24:29,691 [Listener at 127.0.0.1/44309] INFO  handler.ContextHandler (ContextHandler.java:doStart(915)) - Started o.e.j.s.ServletContextHandler@5db4c6c1{static,/static,file:///home/runner/work/ozone/ozone/hadoop-ozone/integration-test/target/test-classes/webapps/static,AVAILABLE}
2022-09-29 01:24:29,694 [Listener at 127.0.0.1/44309] INFO  handler.ContextHandler (ContextHandler.java:doStart(915)) - Started o.e.j.w.WebAppContext@1a711314{ozoneManager,/,file:///home/runner/work/ozone/ozone/hadoop-ozone/integration-test/target/test-classes/webapps/ozoneManager/,AVAILABLE}{file:/home/runner/work/ozone/ozone/hadoop-ozone/integration-test/target/test-classes/webapps/ozoneManager}
2022-09-29 01:24:29,704 [Listener at 127.0.0.1/44309] INFO  server.AbstractConnector (AbstractConnector.java:doStart(331)) - Started ServerConnector@4f4fd133{HTTP/1.1, (http/1.1)}{0.0.0.0:45483}
2022-09-29 01:24:29,705 [Listener at 127.0.0.1/44309] INFO  server.Server (Server.java:doStart(415)) - Started @101483ms
2022-09-29 01:24:29,705 [Listener at 127.0.0.1/44309] WARN  impl.MetricsSystemImpl (MetricsSystemImpl.java:register(279)) - Sink prometheus already exists!
2022-09-29 01:24:29,705 [Listener at 127.0.0.1/44309] INFO  http.BaseHttpServer (BaseHttpServer.java:updateConnectorAddress(333)) - HTTP server of ozoneManager listening at http://0.0.0.0:45483
2022-09-29 01:24:29,716 [IPC Server listener on 44309] INFO  ipc.Server (Server.java:run(1344)) - IPC Server listener on 44309: starting
2022-09-29 01:24:29,722 [Listener at 127.0.0.1/44309] INFO  om.OzoneManager (OzoneManager.java:startTrashEmptier(1920)) - Trash Interval set to 0. Files deleted won't move to trash
2022-09-29 01:24:29,722 [Listener at 127.0.0.1/44309] INFO  ozone.MiniOzoneHAClusterImpl (MiniOzoneHAClusterImpl.java:createOMService(527)) - Started OzoneManager omNode-3 RPC server at localhost/127.0.0.1:44309
2022-09-29 01:24:29,723 [IPC Server Responder] INFO  ipc.Server (Server.java:run(1507)) - IPC Server Responder: starting
2022-09-29 01:24:29,734 [org.apache.hadoop.util.JvmPauseMonitor$Monitor@d12aecb] INFO  util.JvmPauseMonitor (JvmPauseMonitor.java:run(188)) - Starting JVM pause monitor
2022-09-29 01:24:29,748 [Listener at 127.0.0.1/44309] WARN  impl.MetricRegistriesImpl (MetricRegistriesImpl.java:addReporterRegistration(111)) - New reporters are added after registries were created. Some metrics will be missing from the reporter. Please add reporter before adding any new registry.
2022-09-29 01:24:29,748 [Listener at 127.0.0.1/44309] WARN  impl.MetricRegistriesImpl (MetricRegistriesImpl.java:addReporterRegistration(111)) - New reporters are added after registries were created. Some metrics will be missing from the reporter. Please add reporter before adding any new registry.
2022-09-29 01:24:29,748 [Listener at 127.0.0.1/44309] INFO  impl.MetricsSystemImpl (MetricsSystemImpl.java:init(158)) - HddsDatanode metrics system started (again)
2022-09-29 01:24:29,783 [Listener at 127.0.0.1/44309] INFO  ozone.HddsDatanodeService (HddsDatanodeService.java:start(236)) - HddsDatanodeService host:fv-az182-579.xlcsutvm5t3ellfcnbcbis3udb.bx.internal.cloudapp.net ip:10.1.1.32
2022-09-29 01:24:29,816 [grpc-default-executor-0] WARN  server.GrpcLogAppender (LogUtils.java:warn(122)) - omNode-1@group-523986131536->omNode-3-AppendLogResponseHandler: Failed appendEntries: org.apache.ratis.thirdparty.io.grpc.StatusRuntimeException: UNAVAILABLE: io exception
2022-09-29 01:24:29,817 [grpc-default-executor-0] WARN  server.GrpcLogAppender (GrpcLogAppender.java:resetClient(111)) - omNode-1@group-523986131536->omNode-3-GrpcLogAppender: Leader has not got in touch with Follower omNode-1@group-523986131536->omNode-3(c-1,m0,n1, attendVote=true, lastRpcSendTime=250, lastRpcResponseTime=1995) yet, just keep nextIndex unchanged and retry.
2022-09-29 01:24:29,827 [Listener at 127.0.0.1/44309] INFO  upgrade.AbstractLayoutVersionManager (AbstractLayoutVersionManager.java:init(83)) - Initializing Layout version manager with metadata layout = DATANODE_SCHEMA_V3 (version = 4), software layout = DATANODE_SCHEMA_V3 (version = 4)
2022-09-29 01:24:29,946 [Listener at 127.0.0.1/44309] INFO  reflections.Reflections (Reflections.java:scan(232)) - Reflections took 115 ms to scan 7 urls, producing 135 keys and 327 values 
2022-09-29 01:24:29,950 [Listener at 127.0.0.1/44309] INFO  statemachine.DatanodeStateMachine (DatanodeStateMachine.java:getEndPointTaskThreadPoolSize(237)) - Datanode State Machine Task Thread Pool size 2
2022-09-29 01:24:29,961 [Listener at 127.0.0.1/44309] INFO  volume.HddsVolume (HddsVolume.java:<init>(117)) - Creating HddsVolume: /home/runner/work/ozone/ozone/hadoop-ozone/integration-test/target/test-dir/MiniOzoneClusterImpl-0d15d221-0049-42ab-bf49-1e4b736e68e8/datanode-0/data-0/containers/hdds of storage type : DISK capacity : 9223372036854775807
2022-09-29 01:24:29,961 [Listener at 127.0.0.1/44309] INFO  volume.MutableVolumeSet (MutableVolumeSet.java:initializeVolumeSet(174)) - Added Volume : /home/runner/work/ozone/ozone/hadoop-ozone/integration-test/target/test-dir/MiniOzoneClusterImpl-0d15d221-0049-42ab-bf49-1e4b736e68e8/datanode-0/data-0/containers/hdds to VolumeSet
2022-09-29 01:24:29,961 [Listener at 127.0.0.1/44309] INFO  volume.ThrottledAsyncChecker (ThrottledAsyncChecker.java:schedule(141)) - Scheduling a check for /home/runner/work/ozone/ozone/hadoop-ozone/integration-test/target/test-dir/MiniOzoneClusterImpl-0d15d221-0049-42ab-bf49-1e4b736e68e8/datanode-0/data-0/containers/hdds
2022-09-29 01:24:29,988 [Listener at 127.0.0.1/44309] INFO  volume.StorageVolumeChecker (StorageVolumeChecker.java:checkAllVolumes(202)) - Scheduled health check for volume /home/runner/work/ozone/ozone/hadoop-ozone/integration-test/target/test-dir/MiniOzoneClusterImpl-0d15d221-0049-42ab-bf49-1e4b736e68e8/datanode-0/data-0/containers/hdds
2022-09-29 01:24:30,001 [Listener at 127.0.0.1/44309] INFO  volume.MutableVolumeSet (MutableVolumeSet.java:initializeVolumeSet(174)) - Added Volume : /home/runner/work/ozone/ozone/hadoop-ozone/integration-test/target/test-dir/MiniOzoneClusterImpl-0d15d221-0049-42ab-bf49-1e4b736e68e8/datanode-0/data/ratis to VolumeSet
2022-09-29 01:24:30,006 [Listener at 127.0.0.1/44309] INFO  volume.ThrottledAsyncChecker (ThrottledAsyncChecker.java:schedule(141)) - Scheduling a check for /home/runner/work/ozone/ozone/hadoop-ozone/integration-test/target/test-dir/MiniOzoneClusterImpl-0d15d221-0049-42ab-bf49-1e4b736e68e8/datanode-0/data/ratis
2022-09-29 01:24:30,006 [Listener at 127.0.0.1/44309] INFO  volume.StorageVolumeChecker (StorageVolumeChecker.java:checkAllVolumes(202)) - Scheduled health check for volume /home/runner/work/ozone/ozone/hadoop-ozone/integration-test/target/test-dir/MiniOzoneClusterImpl-0d15d221-0049-42ab-bf49-1e4b736e68e8/datanode-0/data/ratis
2022-09-29 01:24:30,033 [Thread-1471] INFO  ozoneimpl.ContainerReader (ContainerReader.java:readVolume(175)) - Finish verifying containers on volume /home/runner/work/ozone/ozone/hadoop-ozone/integration-test/target/test-dir/MiniOzoneClusterImpl-0d15d221-0049-42ab-bf49-1e4b736e68e8/datanode-0/data-0/containers/hdds
2022-09-29 01:24:30,033 [Listener at 127.0.0.1/44309] INFO  ozoneimpl.OzoneContainer (OzoneContainer.java:buildContainerSet(300)) - Build ContainerSet costs 0s
2022-09-29 01:24:30,036 [Listener at 127.0.0.1/44309] INFO  server.RaftServer (ConfUtils.java:logGet(46)) - raft.rpc.type = GRPC (default)
2022-09-29 01:24:30,036 [Listener at 127.0.0.1/44309] INFO  grpc.GrpcFactory (GrpcFactory.java:checkPooledByteBufAllocatorUseCacheForAllThreads(48)) - PERFORMANCE WARNING: useCacheForAllThreads is true that may cause Netty to create a lot garbage objects and, as a result, trigger GC.
	It is recommended to disable useCacheForAllThreads by setting -Dorg.apache.ratis.thirdparty.io.netty.allocator.useCacheForAllThreads=false in command line.
2022-09-29 01:24:30,036 [Listener at 127.0.0.1/44309] INFO  grpc.GrpcConfigKeys (ConfUtils.java:logGet(46)) - raft.grpc.admin.port = 0 (custom)
2022-09-29 01:24:30,036 [Listener at 127.0.0.1/44309] INFO  grpc.GrpcConfigKeys (ConfUtils.java:logGet(46)) - raft.grpc.client.port = 0 (custom)
2022-09-29 01:24:30,036 [Listener at 127.0.0.1/44309] INFO  grpc.GrpcConfigKeys (ConfUtils.java:logGet(46)) - raft.grpc.server.port = 0 (default)
2022-09-29 01:24:30,037 [Listener at 127.0.0.1/44309] INFO  server.GrpcService (ConfUtils.java:logGet(46)) - raft.grpc.message.size.max = 32MB (=33554432) (custom)
2022-09-29 01:24:30,037 [Listener at 127.0.0.1/44309] INFO  server.RaftServerConfigKeys (ConfUtils.java:logGet(46)) - raft.server.log.appender.buffer.byte-limit = 33554432 (custom)
2022-09-29 01:24:30,037 [Listener at 127.0.0.1/44309] INFO  server.GrpcService (ConfUtils.java:logGet(46)) - raft.grpc.flow.control.window = 5MB (=5242880) (custom)
2022-09-29 01:24:30,038 [Listener at 127.0.0.1/44309] INFO  server.RaftServerConfigKeys (ConfUtils.java:logGet(46)) - raft.server.rpc.request.timeout = 60s (custom)
2022-09-29 01:24:30,038 [Listener at 127.0.0.1/44309] INFO  grpc.GrpcConfigKeys (ConfUtils.java:logGet(46)) - raft.grpc.server.async.request.thread.pool.cached = true (default)
2022-09-29 01:24:30,038 [Listener at 127.0.0.1/44309] INFO  grpc.GrpcConfigKeys (ConfUtils.java:logGet(46)) - raft.grpc.server.async.request.thread.pool.size = 32 (default)
2022-09-29 01:24:30,042 [Listener at 127.0.0.1/44309] INFO  impl.DataStreamServerImpl (ConfUtils.java:logGet(46)) - raft.datastream.type = DISABLED (default)
2022-09-29 01:24:30,042 [Listener at 127.0.0.1/44309] INFO  server.RaftServerConfigKeys (ConfUtils.java:logGet(46)) - raft.server.threadpool.proxy.cached = true (default)
2022-09-29 01:24:30,042 [Listener at 127.0.0.1/44309] INFO  server.RaftServerConfigKeys (ConfUtils.java:logGet(46)) - raft.server.threadpool.proxy.size = 0 (default)
2022-09-29 01:24:30,042 [Listener at 127.0.0.1/44309] INFO  server.RaftServerConfigKeys (ConfUtils.java:logGet(46)) - raft.server.rpc.slowness.timeout = 300s (custom)
2022-09-29 01:24:30,042 [Listener at 127.0.0.1/44309] INFO  server.RaftServerConfigKeys (ConfUtils.java:logGet(46)) - raft.server.leaderelection.leader.step-down.wait-time = 10s (default)
2022-09-29 01:24:30,042 [Listener at 127.0.0.1/44309] INFO  server.RaftServerConfigKeys (ConfUtils.java:logGet(46)) - raft.server.storage.dir = [/home/runner/work/ozone/ozone/hadoop-ozone/integration-test/target/test-dir/MiniOzoneClusterImpl-0d15d221-0049-42ab-bf49-1e4b736e68e8/datanode-0/data/ratis] (custom)
2022-09-29 01:24:30,053 [Listener at 127.0.0.1/44309] INFO  server.XceiverServerGrpc (XceiverServerGrpc.java:<init>(132)) - GrpcServer channel type EpollServerSocketChannel
2022-09-29 01:24:30,057 [Listener at 127.0.0.1/44309] INFO  http.BaseHttpServer (BaseHttpServer.java:newHttpServer2BuilderForOzone(213)) - Starting Web-server for hddsDatanode at: http://0.0.0.0:0
2022-09-29 01:24:30,057 [Listener at 127.0.0.1/44309] INFO  http.BaseHttpServer (BaseHttpServer.java:<init>(108)) - Hadoop Security Enabled: false Ozone Security Enabled: false Ozone HTTP Security Enabled: false 
2022-09-29 01:24:30,058 [Listener at 127.0.0.1/44309] INFO  server.AuthenticationFilter (AuthenticationFilter.java:constructSecretProvider(240)) - Unable to initialize FileSignerSecretProvider, falling back to use random secrets.
2022-09-29 01:24:30,064 [Listener at 127.0.0.1/44309] WARN  http.HttpRequestLog (HttpRequestLog.java:getRequestLog(103)) - Jetty request log can only be enabled using Log4j
2022-09-29 01:24:30,065 [Listener at 127.0.0.1/44309] INFO  http.HttpServer2 (HttpServer2.java:addGlobalFilter(1029)) - Added global filter 'safety' (class=org.apache.hadoop.hdds.server.http.HttpServer2$QuotingInputFilter)
2022-09-29 01:24:30,065 [Listener at 127.0.0.1/44309] INFO  http.HttpServer2 (HttpServer2.java:addFilter(1005)) - Added filter static_user_filter (class=org.apache.hadoop.http.lib.StaticUserWebFilter$StaticUserFilter) to context hddsDatanode
2022-09-29 01:24:30,066 [Listener at 127.0.0.1/44309] INFO  http.HttpServer2 (HttpServer2.java:addFilter(1013)) - Added filter static_user_filter (class=org.apache.hadoop.http.lib.StaticUserWebFilter$StaticUserFilter) to context logs
2022-09-29 01:24:30,066 [Listener at 127.0.0.1/44309] INFO  http.HttpServer2 (HttpServer2.java:addFilter(1013)) - Added filter static_user_filter (class=org.apache.hadoop.http.lib.StaticUserWebFilter$StaticUserFilter) to context static
2022-09-29 01:24:30,066 [Listener at 127.0.0.1/44309] INFO  http.HttpServer2 (HttpServer2.java:bindListener(1248)) - Jetty bound to port 34607
2022-09-29 01:24:30,066 [Listener at 127.0.0.1/44309] INFO  server.Server (Server.java:doStart(375)) - jetty-9.4.43.v20210629; built: 2021-06-30T11:07:22.254Z; git: 526006ecfa3af7f1a27ef3a288e2bef7ea9dd7e8; jvm 1.8.0_345-b01
2022-09-29 01:24:30,085 [omNode-3-server-thread1] INFO  server.RaftServer$Division (ServerState.java:setLeader(287)) - omNode-3@group-523986131536: change Leader from null to omNode-1 at term 2 for appendEntries, leader elected after 1420ms
2022-09-29 01:24:30,085 [omNode-3-server-thread1] INFO  server.RaftServer$Division (RaftServerImpl.java:checkInconsistentAppendEntries(1424)) - omNode-3@group-523986131536: Failed appendEntries as previous log entry ((t:2, i:0)) is not found
2022-09-29 01:24:30,085 [omNode-3-server-thread1] INFO  server.RaftServer$Division (RaftServerImpl.java:checkInconsistentAppendEntries(1394)) - omNode-3@group-523986131536: inconsistency entries. Reply:omNode-1<-omNode-3#790455:FAIL-t0,INCONSISTENCY,nextIndex=0,followerCommit=-1
2022-09-29 01:24:30,086 [grpc-default-executor-3] INFO  leader.FollowerInfo (FollowerInfoImpl.java:lambda$new$0(48)) - omNode-1@group-523986131536->omNode-3: nextIndex: updateUnconditionally 1 -> 0
2022-09-29 01:24:30,089 [Listener at 127.0.0.1/44309] INFO  server.session (DefaultSessionIdManager.java:doStart(334)) - DefaultSessionIdManager workerName=node0
2022-09-29 01:24:30,090 [Listener at 127.0.0.1/44309] INFO  server.session (DefaultSessionIdManager.java:doStart(339)) - No SessionScavenger set, using defaults
2022-09-29 01:24:30,090 [Listener at 127.0.0.1/44309] INFO  server.session (HouseKeeper.java:startScavenging(132)) - node0 Scavenging every 660000ms
2022-09-29 01:24:30,090 [omNode-3-server-thread1] INFO  server.RaftServer$Division (ServerState.java:setRaftConf(393)) - omNode-3@group-523986131536: set configuration 0: [omNode-3|rpc:localhost:46443|admin:|client:|dataStream:|priority:0, omNode-1|rpc:localhost:33053|admin:|client:|dataStream:|priority:0, omNode-2|rpc:localhost:32823|admin:|client:|dataStream:|priority:0], old=null
2022-09-29 01:24:30,091 [omNode-3-server-thread1] INFO  segmented.SegmentedRaftLogWorker (SegmentedRaftLogWorker.java:startLogSegment(425)) - omNode-3@group-523986131536-SegmentedRaftLogWorker: Starting segment from index:0
2022-09-29 01:24:30,093 [Listener at 127.0.0.1/44309] INFO  handler.ContextHandler (ContextHandler.java:doStart(915)) - Started o.e.j.s.ServletContextHandler@453d742f{logs,/logs,file:///home/runner/work/ozone/ozone/hadoop-ozone/integration-test/target/log,AVAILABLE}
2022-09-29 01:24:30,097 [Listener at 127.0.0.1/44309] INFO  handler.ContextHandler (ContextHandler.java:doStart(915)) - Started o.e.j.s.ServletContextHandler@79994ef0{static,/static,jar:file:/home/runner/.m2/repository/org/apache/ozone/hdds-container-service/1.3.0-SNAPSHOT/hdds-container-service-1.3.0-SNAPSHOT.jar!/webapps/static,AVAILABLE}
2022-09-29 01:24:30,103 [omNode-3@group-523986131536-SegmentedRaftLogWorker] INFO  segmented.SegmentedRaftLogWorker (SegmentedRaftLogWorker.java:execute(629)) - omNode-3@group-523986131536-SegmentedRaftLogWorker: created new log segment /home/runner/work/ozone/ozone/hadoop-ozone/integration-test/target/test-dir/MiniOzoneClusterImpl-0d15d221-0049-42ab-bf49-1e4b736e68e8/omNode-3/ratis/c9bc4cf4-3bc3-3c60-a66b-523986131536/current/log_inprogress_0
2022-09-29 01:24:30,112 [omNode-3@group-523986131536-StateMachineUpdater] INFO  ratis.OzoneManagerStateMachine (OzoneManagerStateMachine.java:notifyConfigurationChanged(192)) - Received Configuration change notification from Ratis. New Peer list:
[id: "omNode-3"
address: "localhost:46443"
, id: "omNode-1"
address: "localhost:33053"
, id: "omNode-2"
address: "localhost:32823"
]
2022-09-29 01:24:30,152 [EndpointStateMachine task thread for /0.0.0.0:42241 - 0 ] INFO  ipc.Client (Client.java:handleConnectionFailure(977)) - Retrying connect to server: 0.0.0.0/0.0.0.0:42241. Already tried 8 time(s); retry policy is RetryUpToMaximumCountWithFixedSleep(maxRetries=15, sleepTime=1000 MILLISECONDS)
2022-09-29 01:24:30,334 [Listener at 127.0.0.1/44309] INFO  handler.ContextHandler (ContextHandler.java:doStart(915)) - Started o.e.j.w.WebAppContext@5d88617d{hddsDatanode,/,file:///tmp/jetty-0_0_0_0-34607-hdds-container-service-1_3_0-SNAPSHOT_jar-_-any-1335011310401421148/webapp/,AVAILABLE}{jar:file:/home/runner/.m2/repository/org/apache/ozone/hdds-container-service/1.3.0-SNAPSHOT/hdds-container-service-1.3.0-SNAPSHOT.jar!/webapps/hddsDatanode}
2022-09-29 01:24:30,336 [Listener at 127.0.0.1/44309] INFO  server.AbstractConnector (AbstractConnector.java:doStart(331)) - Started ServerConnector@21cdceb2{HTTP/1.1, (http/1.1)}{0.0.0.0:34607}
2022-09-29 01:24:30,336 [Listener at 127.0.0.1/44309] INFO  server.Server (Server.java:doStart(415)) - Started @102115ms
2022-09-29 01:24:30,336 [Listener at 127.0.0.1/44309] WARN  impl.MetricsSystemImpl (MetricsSystemImpl.java:register(279)) - Sink prometheus already exists!
2022-09-29 01:24:30,338 [Listener at 127.0.0.1/44309] INFO  http.BaseHttpServer (BaseHttpServer.java:updateConnectorAddress(333)) - HTTP server of hddsDatanode listening at http://0.0.0.0:34607
2022-09-29 01:24:30,344 [Listener at 127.0.0.1/44309] WARN  impl.MetricRegistriesImpl (MetricRegistriesImpl.java:addReporterRegistration(111)) - New reporters are added after registries were created. Some metrics will be missing from the reporter. Please add reporter before adding any new registry.
2022-09-29 01:24:30,344 [Listener at 127.0.0.1/44309] WARN  impl.MetricRegistriesImpl (MetricRegistriesImpl.java:addReporterRegistration(111)) - New reporters are added after registries were created. Some metrics will be missing from the reporter. Please add reporter before adding any new registry.
2022-09-29 01:24:30,344 [Listener at 127.0.0.1/44309] INFO  impl.MetricsSystemImpl (MetricsSystemImpl.java:init(158)) - HddsDatanode metrics system started (again)
2022-09-29 01:24:30,357 [Datanode State Machine Daemon Thread] INFO  statemachine.DatanodeStateMachine (DatanodeStateMachine.java:lambda$startDaemon$0(492)) - Ozone container server started.
2022-09-29 01:24:30,378 [org.apache.hadoop.util.JvmPauseMonitor$Monitor@1155c933] INFO  util.JvmPauseMonitor (JvmPauseMonitor.java:run(188)) - Starting JVM pause monitor
2022-09-29 01:24:30,386 [Listener at 127.0.0.1/44309] INFO  ozone.HddsDatanodeService (HddsDatanodeService.java:start(236)) - HddsDatanodeService host:fv-az182-579.xlcsutvm5t3ellfcnbcbis3udb.bx.internal.cloudapp.net ip:10.1.1.32
2022-09-29 01:24:30,393 [Datanode State Machine Task Thread - 0] INFO  datanode.InitDatanodeState (InitDatanodeState.java:persistContainerDatanodeDetails(138)) - DatanodeDetails is persisted to /home/runner/work/ozone/ozone/hadoop-ozone/integration-test/target/test-dir/MiniOzoneClusterImpl-0d15d221-0049-42ab-bf49-1e4b736e68e8/datanode-0/meta/datanode.id
2022-09-29 01:24:30,412 [Listener at 127.0.0.1/44309] INFO  upgrade.AbstractLayoutVersionManager (AbstractLayoutVersionManager.java:init(83)) - Initializing Layout version manager with metadata layout = DATANODE_SCHEMA_V3 (version = 4), software layout = DATANODE_SCHEMA_V3 (version = 4)
2022-09-29 01:24:30,470 [Listener at 127.0.0.1/44309] INFO  reflections.Reflections (Reflections.java:scan(232)) - Reflections took 56 ms to scan 7 urls, producing 135 keys and 327 values 
2022-09-29 01:24:30,474 [Listener at 127.0.0.1/44309] INFO  statemachine.DatanodeStateMachine (DatanodeStateMachine.java:getEndPointTaskThreadPoolSize(237)) - Datanode State Machine Task Thread Pool size 2
2022-09-29 01:24:30,481 [Listener at 127.0.0.1/44309] INFO  volume.HddsVolume (HddsVolume.java:<init>(117)) - Creating HddsVolume: /home/runner/work/ozone/ozone/hadoop-ozone/integration-test/target/test-dir/MiniOzoneClusterImpl-0d15d221-0049-42ab-bf49-1e4b736e68e8/datanode-1/data-0/containers/hdds of storage type : DISK capacity : 9223372036854775807
2022-09-29 01:24:30,481 [Listener at 127.0.0.1/44309] INFO  volume.MutableVolumeSet (MutableVolumeSet.java:initializeVolumeSet(174)) - Added Volume : /home/runner/work/ozone/ozone/hadoop-ozone/integration-test/target/test-dir/MiniOzoneClusterImpl-0d15d221-0049-42ab-bf49-1e4b736e68e8/datanode-1/data-0/containers/hdds to VolumeSet
2022-09-29 01:24:30,481 [Listener at 127.0.0.1/44309] INFO  volume.ThrottledAsyncChecker (ThrottledAsyncChecker.java:schedule(141)) - Scheduling a check for /home/runner/work/ozone/ozone/hadoop-ozone/integration-test/target/test-dir/MiniOzoneClusterImpl-0d15d221-0049-42ab-bf49-1e4b736e68e8/datanode-1/data-0/containers/hdds
2022-09-29 01:24:30,500 [Listener at 127.0.0.1/44309] INFO  volume.StorageVolumeChecker (StorageVolumeChecker.java:checkAllVolumes(202)) - Scheduled health check for volume /home/runner/work/ozone/ozone/hadoop-ozone/integration-test/target/test-dir/MiniOzoneClusterImpl-0d15d221-0049-42ab-bf49-1e4b736e68e8/datanode-1/data-0/containers/hdds
2022-09-29 01:24:30,510 [Listener at 127.0.0.1/44309] INFO  volume.MutableVolumeSet (MutableVolumeSet.java:initializeVolumeSet(174)) - Added Volume : /home/runner/work/ozone/ozone/hadoop-ozone/integration-test/target/test-dir/MiniOzoneClusterImpl-0d15d221-0049-42ab-bf49-1e4b736e68e8/datanode-1/data/ratis to VolumeSet
2022-09-29 01:24:30,510 [Listener at 127.0.0.1/44309] INFO  volume.ThrottledAsyncChecker (ThrottledAsyncChecker.java:schedule(141)) - Scheduling a check for /home/runner/work/ozone/ozone/hadoop-ozone/integration-test/target/test-dir/MiniOzoneClusterImpl-0d15d221-0049-42ab-bf49-1e4b736e68e8/datanode-1/data/ratis
2022-09-29 01:24:30,513 [Listener at 127.0.0.1/44309] INFO  volume.StorageVolumeChecker (StorageVolumeChecker.java:checkAllVolumes(202)) - Scheduled health check for volume /home/runner/work/ozone/ozone/hadoop-ozone/integration-test/target/test-dir/MiniOzoneClusterImpl-0d15d221-0049-42ab-bf49-1e4b736e68e8/datanode-1/data/ratis
2022-09-29 01:24:30,540 [Thread-1487] INFO  ozoneimpl.ContainerReader (ContainerReader.java:readVolume(175)) - Finish verifying containers on volume /home/runner/work/ozone/ozone/hadoop-ozone/integration-test/target/test-dir/MiniOzoneClusterImpl-0d15d221-0049-42ab-bf49-1e4b736e68e8/datanode-1/data-0/containers/hdds
2022-09-29 01:24:30,540 [Listener at 127.0.0.1/44309] INFO  ozoneimpl.OzoneContainer (OzoneContainer.java:buildContainerSet(300)) - Build ContainerSet costs 0s
2022-09-29 01:24:30,542 [Listener at 127.0.0.1/44309] INFO  server.RaftServer (ConfUtils.java:logGet(46)) - raft.rpc.type = GRPC (default)
2022-09-29 01:24:30,542 [Listener at 127.0.0.1/44309] INFO  grpc.GrpcFactory (GrpcFactory.java:checkPooledByteBufAllocatorUseCacheForAllThreads(48)) - PERFORMANCE WARNING: useCacheForAllThreads is true that may cause Netty to create a lot garbage objects and, as a result, trigger GC.
	It is recommended to disable useCacheForAllThreads by setting -Dorg.apache.ratis.thirdparty.io.netty.allocator.useCacheForAllThreads=false in command line.
2022-09-29 01:24:30,542 [Listener at 127.0.0.1/44309] INFO  grpc.GrpcConfigKeys (ConfUtils.java:logGet(46)) - raft.grpc.admin.port = 0 (custom)
2022-09-29 01:24:30,542 [Listener at 127.0.0.1/44309] INFO  grpc.GrpcConfigKeys (ConfUtils.java:logGet(46)) - raft.grpc.client.port = 0 (custom)
2022-09-29 01:24:30,543 [Listener at 127.0.0.1/44309] INFO  grpc.GrpcConfigKeys (ConfUtils.java:logGet(46)) - raft.grpc.server.port = 0 (default)
2022-09-29 01:24:30,543 [Listener at 127.0.0.1/44309] INFO  server.GrpcService (ConfUtils.java:logGet(46)) - raft.grpc.message.size.max = 32MB (=33554432) (custom)
2022-09-29 01:24:30,543 [Listener at 127.0.0.1/44309] INFO  server.RaftServerConfigKeys (ConfUtils.java:logGet(46)) - raft.server.log.appender.buffer.byte-limit = 33554432 (custom)
2022-09-29 01:24:30,543 [Listener at 127.0.0.1/44309] INFO  server.GrpcService (ConfUtils.java:logGet(46)) - raft.grpc.flow.control.window = 5MB (=5242880) (custom)
2022-09-29 01:24:30,543 [Listener at 127.0.0.1/44309] INFO  server.RaftServerConfigKeys (ConfUtils.java:logGet(46)) - raft.server.rpc.request.timeout = 60s (custom)
2022-09-29 01:24:30,543 [Listener at 127.0.0.1/44309] INFO  grpc.GrpcConfigKeys (ConfUtils.java:logGet(46)) - raft.grpc.server.async.request.thread.pool.cached = true (default)
2022-09-29 01:24:30,543 [Listener at 127.0.0.1/44309] INFO  grpc.GrpcConfigKeys (ConfUtils.java:logGet(46)) - raft.grpc.server.async.request.thread.pool.size = 32 (default)
2022-09-29 01:24:30,544 [Listener at 127.0.0.1/44309] INFO  impl.DataStreamServerImpl (ConfUtils.java:logGet(46)) - raft.datastream.type = DISABLED (default)
2022-09-29 01:24:30,544 [Listener at 127.0.0.1/44309] INFO  server.RaftServerConfigKeys (ConfUtils.java:logGet(46)) - raft.server.threadpool.proxy.cached = true (default)
2022-09-29 01:24:30,545 [Listener at 127.0.0.1/44309] INFO  server.RaftServerConfigKeys (ConfUtils.java:logGet(46)) - raft.server.threadpool.proxy.size = 0 (default)
2022-09-29 01:24:30,545 [Listener at 127.0.0.1/44309] INFO  server.RaftServerConfigKeys (ConfUtils.java:logGet(46)) - raft.server.rpc.slowness.timeout = 300s (custom)
2022-09-29 01:24:30,545 [Listener at 127.0.0.1/44309] INFO  server.RaftServerConfigKeys (ConfUtils.java:logGet(46)) - raft.server.leaderelection.leader.step-down.wait-time = 10s (default)
2022-09-29 01:24:30,545 [Listener at 127.0.0.1/44309] INFO  server.RaftServerConfigKeys (ConfUtils.java:logGet(46)) - raft.server.storage.dir = [/home/runner/work/ozone/ozone/hadoop-ozone/integration-test/target/test-dir/MiniOzoneClusterImpl-0d15d221-0049-42ab-bf49-1e4b736e68e8/datanode-1/data/ratis] (custom)
2022-09-29 01:24:30,557 [Listener at 127.0.0.1/44309] INFO  server.XceiverServerGrpc (XceiverServerGrpc.java:<init>(132)) - GrpcServer channel type EpollServerSocketChannel
2022-09-29 01:24:30,564 [Listener at 127.0.0.1/44309] INFO  http.BaseHttpServer (BaseHttpServer.java:newHttpServer2BuilderForOzone(213)) - Starting Web-server for hddsDatanode at: http://0.0.0.0:0
2022-09-29 01:24:30,565 [Listener at 127.0.0.1/44309] INFO  http.BaseHttpServer (BaseHttpServer.java:<init>(108)) - Hadoop Security Enabled: false Ozone Security Enabled: false Ozone HTTP Security Enabled: false 
2022-09-29 01:24:30,565 [Listener at 127.0.0.1/44309] INFO  server.AuthenticationFilter (AuthenticationFilter.java:constructSecretProvider(240)) - Unable to initialize FileSignerSecretProvider, falling back to use random secrets.
2022-09-29 01:24:30,573 [Listener at 127.0.0.1/44309] WARN  http.HttpRequestLog (HttpRequestLog.java:getRequestLog(103)) - Jetty request log can only be enabled using Log4j
2022-09-29 01:24:30,574 [Listener at 127.0.0.1/44309] INFO  http.HttpServer2 (HttpServer2.java:addGlobalFilter(1029)) - Added global filter 'safety' (class=org.apache.hadoop.hdds.server.http.HttpServer2$QuotingInputFilter)
2022-09-29 01:24:30,574 [Listener at 127.0.0.1/44309] INFO  http.HttpServer2 (HttpServer2.java:addFilter(1005)) - Added filter static_user_filter (class=org.apache.hadoop.http.lib.StaticUserWebFilter$StaticUserFilter) to context hddsDatanode
2022-09-29 01:24:30,574 [Listener at 127.0.0.1/44309] INFO  http.HttpServer2 (HttpServer2.java:addFilter(1013)) - Added filter static_user_filter (class=org.apache.hadoop.http.lib.StaticUserWebFilter$StaticUserFilter) to context logs
2022-09-29 01:24:30,575 [Listener at 127.0.0.1/44309] INFO  http.HttpServer2 (HttpServer2.java:addFilter(1013)) - Added filter static_user_filter (class=org.apache.hadoop.http.lib.StaticUserWebFilter$StaticUserFilter) to context static
2022-09-29 01:24:30,575 [Listener at 127.0.0.1/44309] INFO  http.HttpServer2 (HttpServer2.java:bindListener(1248)) - Jetty bound to port 33269
2022-09-29 01:24:30,575 [Listener at 127.0.0.1/44309] INFO  server.Server (Server.java:doStart(375)) - jetty-9.4.43.v20210629; built: 2021-06-30T11:07:22.254Z; git: 526006ecfa3af7f1a27ef3a288e2bef7ea9dd7e8; jvm 1.8.0_345-b01
2022-09-29 01:24:30,608 [Listener at 127.0.0.1/44309] INFO  server.session (DefaultSessionIdManager.java:doStart(334)) - DefaultSessionIdManager workerName=node0
2022-09-29 01:24:30,609 [Listener at 127.0.0.1/44309] INFO  server.session (DefaultSessionIdManager.java:doStart(339)) - No SessionScavenger set, using defaults
2022-09-29 01:24:30,609 [Listener at 127.0.0.1/44309] INFO  server.session (HouseKeeper.java:startScavenging(132)) - node0 Scavenging every 600000ms
2022-09-29 01:24:30,610 [Listener at 127.0.0.1/44309] INFO  handler.ContextHandler (ContextHandler.java:doStart(915)) - Started o.e.j.s.ServletContextHandler@1c7fe42b{logs,/logs,file:///home/runner/work/ozone/ozone/hadoop-ozone/integration-test/target/log,AVAILABLE}
2022-09-29 01:24:30,611 [Listener at 127.0.0.1/44309] INFO  handler.ContextHandler (ContextHandler.java:doStart(915)) - Started o.e.j.s.ServletContextHandler@ea6711{static,/static,jar:file:/home/runner/.m2/repository/org/apache/ozone/hdds-container-service/1.3.0-SNAPSHOT/hdds-container-service-1.3.0-SNAPSHOT.jar!/webapps/static,AVAILABLE}
2022-09-29 01:24:30,877 [Listener at 127.0.0.1/44309] INFO  handler.ContextHandler (ContextHandler.java:doStart(915)) - Started o.e.j.w.WebAppContext@319869fd{hddsDatanode,/,file:///tmp/jetty-0_0_0_0-33269-hdds-container-service-1_3_0-SNAPSHOT_jar-_-any-831843283317696097/webapp/,AVAILABLE}{jar:file:/home/runner/.m2/repository/org/apache/ozone/hdds-container-service/1.3.0-SNAPSHOT/hdds-container-service-1.3.0-SNAPSHOT.jar!/webapps/hddsDatanode}
2022-09-29 01:24:30,884 [Listener at 127.0.0.1/44309] INFO  server.AbstractConnector (AbstractConnector.java:doStart(331)) - Started ServerConnector@74c7bc5c{HTTP/1.1, (http/1.1)}{0.0.0.0:33269}
2022-09-29 01:24:30,884 [Listener at 127.0.0.1/44309] INFO  server.Server (Server.java:doStart(415)) - Started @102663ms
2022-09-29 01:24:30,884 [Listener at 127.0.0.1/44309] WARN  impl.MetricsSystemImpl (MetricsSystemImpl.java:register(279)) - Sink prometheus already exists!
2022-09-29 01:24:30,885 [Listener at 127.0.0.1/44309] INFO  http.BaseHttpServer (BaseHttpServer.java:updateConnectorAddress(333)) - HTTP server of hddsDatanode listening at http://0.0.0.0:33269
2022-09-29 01:24:30,890 [Listener at 127.0.0.1/44309] WARN  impl.MetricRegistriesImpl (MetricRegistriesImpl.java:addReporterRegistration(111)) - New reporters are added after registries were created. Some metrics will be missing from the reporter. Please add reporter before adding any new registry.
2022-09-29 01:24:30,890 [Listener at 127.0.0.1/44309] WARN  impl.MetricRegistriesImpl (MetricRegistriesImpl.java:addReporterRegistration(111)) - New reporters are added after registries were created. Some metrics will be missing from the reporter. Please add reporter before adding any new registry.
2022-09-29 01:24:30,890 [Listener at 127.0.0.1/44309] INFO  impl.MetricsSystemImpl (MetricsSystemImpl.java:init(158)) - HddsDatanode metrics system started (again)
2022-09-29 01:24:30,892 [Datanode State Machine Daemon Thread] INFO  statemachine.DatanodeStateMachine (DatanodeStateMachine.java:lambda$startDaemon$0(492)) - Ozone container server started.
2022-09-29 01:24:30,904 [org.apache.hadoop.util.JvmPauseMonitor$Monitor@686bf33f] INFO  util.JvmPauseMonitor (JvmPauseMonitor.java:run(188)) - Starting JVM pause monitor
2022-09-29 01:24:30,907 [Datanode State Machine Task Thread - 0] INFO  datanode.InitDatanodeState (InitDatanodeState.java:persistContainerDatanodeDetails(138)) - DatanodeDetails is persisted to /home/runner/work/ozone/ozone/hadoop-ozone/integration-test/target/test-dir/MiniOzoneClusterImpl-0d15d221-0049-42ab-bf49-1e4b736e68e8/datanode-1/meta/datanode.id
2022-09-29 01:24:30,916 [Listener at 127.0.0.1/44309] INFO  ozone.HddsDatanodeService (HddsDatanodeService.java:start(236)) - HddsDatanodeService host:fv-az182-579.xlcsutvm5t3ellfcnbcbis3udb.bx.internal.cloudapp.net ip:10.1.1.32
2022-09-29 01:24:30,953 [Listener at 127.0.0.1/44309] INFO  upgrade.AbstractLayoutVersionManager (AbstractLayoutVersionManager.java:init(83)) - Initializing Layout version manager with metadata layout = DATANODE_SCHEMA_V3 (version = 4), software layout = DATANODE_SCHEMA_V3 (version = 4)
2022-09-29 01:24:30,993 [Listener at 127.0.0.1/44309] INFO  reflections.Reflections (Reflections.java:scan(232)) - Reflections took 39 ms to scan 7 urls, producing 135 keys and 327 values 
2022-09-29 01:24:30,997 [Listener at 127.0.0.1/44309] INFO  statemachine.DatanodeStateMachine (DatanodeStateMachine.java:getEndPointTaskThreadPoolSize(237)) - Datanode State Machine Task Thread Pool size 2
2022-09-29 01:24:30,999 [Listener at 127.0.0.1/44309] INFO  volume.HddsVolume (HddsVolume.java:<init>(117)) - Creating HddsVolume: /home/runner/work/ozone/ozone/hadoop-ozone/integration-test/target/test-dir/MiniOzoneClusterImpl-0d15d221-0049-42ab-bf49-1e4b736e68e8/datanode-2/data-0/containers/hdds of storage type : DISK capacity : 9223372036854775807
2022-09-29 01:24:30,999 [Listener at 127.0.0.1/44309] INFO  volume.MutableVolumeSet (MutableVolumeSet.java:initializeVolumeSet(174)) - Added Volume : /home/runner/work/ozone/ozone/hadoop-ozone/integration-test/target/test-dir/MiniOzoneClusterImpl-0d15d221-0049-42ab-bf49-1e4b736e68e8/datanode-2/data-0/containers/hdds to VolumeSet
2022-09-29 01:24:30,999 [Listener at 127.0.0.1/44309] INFO  volume.ThrottledAsyncChecker (ThrottledAsyncChecker.java:schedule(141)) - Scheduling a check for /home/runner/work/ozone/ozone/hadoop-ozone/integration-test/target/test-dir/MiniOzoneClusterImpl-0d15d221-0049-42ab-bf49-1e4b736e68e8/datanode-2/data-0/containers/hdds
2022-09-29 01:24:31,000 [Listener at 127.0.0.1/44309] INFO  volume.StorageVolumeChecker (StorageVolumeChecker.java:checkAllVolumes(202)) - Scheduled health check for volume /home/runner/work/ozone/ozone/hadoop-ozone/integration-test/target/test-dir/MiniOzoneClusterImpl-0d15d221-0049-42ab-bf49-1e4b736e68e8/datanode-2/data-0/containers/hdds
2022-09-29 01:24:31,015 [Listener at 127.0.0.1/44309] INFO  volume.MutableVolumeSet (MutableVolumeSet.java:initializeVolumeSet(174)) - Added Volume : /home/runner/work/ozone/ozone/hadoop-ozone/integration-test/target/test-dir/MiniOzoneClusterImpl-0d15d221-0049-42ab-bf49-1e4b736e68e8/datanode-2/data/ratis to VolumeSet
2022-09-29 01:24:31,015 [Listener at 127.0.0.1/44309] INFO  volume.ThrottledAsyncChecker (ThrottledAsyncChecker.java:schedule(141)) - Scheduling a check for /home/runner/work/ozone/ozone/hadoop-ozone/integration-test/target/test-dir/MiniOzoneClusterImpl-0d15d221-0049-42ab-bf49-1e4b736e68e8/datanode-2/data/ratis
2022-09-29 01:24:31,015 [Listener at 127.0.0.1/44309] INFO  volume.StorageVolumeChecker (StorageVolumeChecker.java:checkAllVolumes(202)) - Scheduled health check for volume /home/runner/work/ozone/ozone/hadoop-ozone/integration-test/target/test-dir/MiniOzoneClusterImpl-0d15d221-0049-42ab-bf49-1e4b736e68e8/datanode-2/data/ratis
2022-09-29 01:24:31,033 [Thread-1502] INFO  ozoneimpl.ContainerReader (ContainerReader.java:readVolume(175)) - Finish verifying containers on volume /home/runner/work/ozone/ozone/hadoop-ozone/integration-test/target/test-dir/MiniOzoneClusterImpl-0d15d221-0049-42ab-bf49-1e4b736e68e8/datanode-2/data-0/containers/hdds
2022-09-29 01:24:31,033 [Listener at 127.0.0.1/44309] INFO  ozoneimpl.OzoneContainer (OzoneContainer.java:buildContainerSet(300)) - Build ContainerSet costs 0s
2022-09-29 01:24:31,034 [Listener at 127.0.0.1/44309] INFO  server.RaftServer (ConfUtils.java:logGet(46)) - raft.rpc.type = GRPC (default)
2022-09-29 01:24:31,035 [Listener at 127.0.0.1/44309] INFO  grpc.GrpcFactory (GrpcFactory.java:checkPooledByteBufAllocatorUseCacheForAllThreads(48)) - PERFORMANCE WARNING: useCacheForAllThreads is true that may cause Netty to create a lot garbage objects and, as a result, trigger GC.
	It is recommended to disable useCacheForAllThreads by setting -Dorg.apache.ratis.thirdparty.io.netty.allocator.useCacheForAllThreads=false in command line.
2022-09-29 01:24:31,035 [Listener at 127.0.0.1/44309] INFO  grpc.GrpcConfigKeys (ConfUtils.java:logGet(46)) - raft.grpc.admin.port = 0 (custom)
2022-09-29 01:24:31,035 [Listener at 127.0.0.1/44309] INFO  grpc.GrpcConfigKeys (ConfUtils.java:logGet(46)) - raft.grpc.client.port = 0 (custom)
2022-09-29 01:24:31,035 [Listener at 127.0.0.1/44309] INFO  grpc.GrpcConfigKeys (ConfUtils.java:logGet(46)) - raft.grpc.server.port = 0 (default)
2022-09-29 01:24:31,035 [Listener at 127.0.0.1/44309] INFO  server.GrpcService (ConfUtils.java:logGet(46)) - raft.grpc.message.size.max = 32MB (=33554432) (custom)
2022-09-29 01:24:31,035 [Listener at 127.0.0.1/44309] INFO  server.RaftServerConfigKeys (ConfUtils.java:logGet(46)) - raft.server.log.appender.buffer.byte-limit = 33554432 (custom)
2022-09-29 01:24:31,035 [Listener at 127.0.0.1/44309] INFO  server.GrpcService (ConfUtils.java:logGet(46)) - raft.grpc.flow.control.window = 5MB (=5242880) (custom)
2022-09-29 01:24:31,036 [Listener at 127.0.0.1/44309] INFO  server.RaftServerConfigKeys (ConfUtils.java:logGet(46)) - raft.server.rpc.request.timeout = 60s (custom)
2022-09-29 01:24:31,036 [Listener at 127.0.0.1/44309] INFO  grpc.GrpcConfigKeys (ConfUtils.java:logGet(46)) - raft.grpc.server.async.request.thread.pool.cached = true (default)
2022-09-29 01:24:31,038 [Listener at 127.0.0.1/44309] INFO  grpc.GrpcConfigKeys (ConfUtils.java:logGet(46)) - raft.grpc.server.async.request.thread.pool.size = 32 (default)
2022-09-29 01:24:31,039 [Listener at 127.0.0.1/44309] INFO  impl.DataStreamServerImpl (ConfUtils.java:logGet(46)) - raft.datastream.type = DISABLED (default)
2022-09-29 01:24:31,039 [Listener at 127.0.0.1/44309] INFO  server.RaftServerConfigKeys (ConfUtils.java:logGet(46)) - raft.server.threadpool.proxy.cached = true (default)
2022-09-29 01:24:31,040 [Listener at 127.0.0.1/44309] INFO  server.RaftServerConfigKeys (ConfUtils.java:logGet(46)) - raft.server.threadpool.proxy.size = 0 (default)
2022-09-29 01:24:31,040 [Listener at 127.0.0.1/44309] INFO  server.RaftServerConfigKeys (ConfUtils.java:logGet(46)) - raft.server.rpc.slowness.timeout = 300s (custom)
2022-09-29 01:24:31,040 [Listener at 127.0.0.1/44309] INFO  server.RaftServerConfigKeys (ConfUtils.java:logGet(46)) - raft.server.leaderelection.leader.step-down.wait-time = 10s (default)
2022-09-29 01:24:31,040 [Listener at 127.0.0.1/44309] INFO  server.RaftServerConfigKeys (ConfUtils.java:logGet(46)) - raft.server.storage.dir = [/home/runner/work/ozone/ozone/hadoop-ozone/integration-test/target/test-dir/MiniOzoneClusterImpl-0d15d221-0049-42ab-bf49-1e4b736e68e8/datanode-2/data/ratis] (custom)
2022-09-29 01:24:31,048 [Listener at 127.0.0.1/44309] INFO  server.XceiverServerGrpc (XceiverServerGrpc.java:<init>(132)) - GrpcServer channel type EpollServerSocketChannel
2022-09-29 01:24:31,053 [Listener at 127.0.0.1/44309] INFO  http.BaseHttpServer (BaseHttpServer.java:newHttpServer2BuilderForOzone(213)) - Starting Web-server for hddsDatanode at: http://0.0.0.0:0
2022-09-29 01:24:31,053 [Listener at 127.0.0.1/44309] INFO  http.BaseHttpServer (BaseHttpServer.java:<init>(108)) - Hadoop Security Enabled: false Ozone Security Enabled: false Ozone HTTP Security Enabled: false 
2022-09-29 01:24:31,054 [Listener at 127.0.0.1/44309] INFO  server.AuthenticationFilter (AuthenticationFilter.java:constructSecretProvider(240)) - Unable to initialize FileSignerSecretProvider, falling back to use random secrets.
2022-09-29 01:24:31,060 [Listener at 127.0.0.1/44309] WARN  http.HttpRequestLog (HttpRequestLog.java:getRequestLog(103)) - Jetty request log can only be enabled using Log4j
2022-09-29 01:24:31,062 [Listener at 127.0.0.1/44309] INFO  http.HttpServer2 (HttpServer2.java:addGlobalFilter(1029)) - Added global filter 'safety' (class=org.apache.hadoop.hdds.server.http.HttpServer2$QuotingInputFilter)
2022-09-29 01:24:31,062 [Listener at 127.0.0.1/44309] INFO  http.HttpServer2 (HttpServer2.java:addFilter(1005)) - Added filter static_user_filter (class=org.apache.hadoop.http.lib.StaticUserWebFilter$StaticUserFilter) to context hddsDatanode
2022-09-29 01:24:31,062 [Listener at 127.0.0.1/44309] INFO  http.HttpServer2 (HttpServer2.java:addFilter(1013)) - Added filter static_user_filter (class=org.apache.hadoop.http.lib.StaticUserWebFilter$StaticUserFilter) to context static
2022-09-29 01:24:31,062 [Listener at 127.0.0.1/44309] INFO  http.HttpServer2 (HttpServer2.java:addFilter(1013)) - Added filter static_user_filter (class=org.apache.hadoop.http.lib.StaticUserWebFilter$StaticUserFilter) to context logs
2022-09-29 01:24:31,063 [Listener at 127.0.0.1/44309] INFO  http.HttpServer2 (HttpServer2.java:bindListener(1248)) - Jetty bound to port 41479
2022-09-29 01:24:31,063 [Listener at 127.0.0.1/44309] INFO  server.Server (Server.java:doStart(375)) - jetty-9.4.43.v20210629; built: 2021-06-30T11:07:22.254Z; git: 526006ecfa3af7f1a27ef3a288e2bef7ea9dd7e8; jvm 1.8.0_345-b01
2022-09-29 01:24:31,064 [Listener at 127.0.0.1/44309] INFO  server.session (DefaultSessionIdManager.java:doStart(334)) - DefaultSessionIdManager workerName=node0
2022-09-29 01:24:31,064 [Listener at 127.0.0.1/44309] INFO  server.session (DefaultSessionIdManager.java:doStart(339)) - No SessionScavenger set, using defaults
2022-09-29 01:24:31,065 [Listener at 127.0.0.1/44309] INFO  server.session (HouseKeeper.java:startScavenging(132)) - node0 Scavenging every 600000ms
2022-09-29 01:24:31,065 [Listener at 127.0.0.1/44309] INFO  handler.ContextHandler (ContextHandler.java:doStart(915)) - Started o.e.j.s.ServletContextHandler@349c64a1{logs,/logs,file:///home/runner/work/ozone/ozone/hadoop-ozone/integration-test/target/log,AVAILABLE}
2022-09-29 01:24:31,066 [Listener at 127.0.0.1/44309] INFO  handler.ContextHandler (ContextHandler.java:doStart(915)) - Started o.e.j.s.ServletContextHandler@71ed0b5e{static,/static,jar:file:/home/runner/.m2/repository/org/apache/ozone/hdds-container-service/1.3.0-SNAPSHOT/hdds-container-service-1.3.0-SNAPSHOT.jar!/webapps/static,AVAILABLE}
2022-09-29 01:24:31,152 [EndpointStateMachine task thread for /0.0.0.0:42241 - 0 ] INFO  ipc.Client (Client.java:handleConnectionFailure(977)) - Retrying connect to server: 0.0.0.0/0.0.0.0:42241. Already tried 9 time(s); retry policy is RetryUpToMaximumCountWithFixedSleep(maxRetries=15, sleepTime=1000 MILLISECONDS)
2022-09-29 01:24:31,252 [Listener at 127.0.0.1/44309] INFO  handler.ContextHandler (ContextHandler.java:doStart(915)) - Started o.e.j.w.WebAppContext@801fe56{hddsDatanode,/,file:///tmp/jetty-0_0_0_0-41479-hdds-container-service-1_3_0-SNAPSHOT_jar-_-any-4968059007488562111/webapp/,AVAILABLE}{jar:file:/home/runner/.m2/repository/org/apache/ozone/hdds-container-service/1.3.0-SNAPSHOT/hdds-container-service-1.3.0-SNAPSHOT.jar!/webapps/hddsDatanode}
2022-09-29 01:24:31,263 [Listener at 127.0.0.1/44309] INFO  server.AbstractConnector (AbstractConnector.java:doStart(331)) - Started ServerConnector@1eb742b3{HTTP/1.1, (http/1.1)}{0.0.0.0:41479}
2022-09-29 01:24:31,263 [Listener at 127.0.0.1/44309] INFO  server.Server (Server.java:doStart(415)) - Started @103042ms
2022-09-29 01:24:31,263 [Listener at 127.0.0.1/44309] WARN  impl.MetricsSystemImpl (MetricsSystemImpl.java:register(279)) - Sink prometheus already exists!
2022-09-29 01:24:31,264 [Listener at 127.0.0.1/44309] INFO  http.BaseHttpServer (BaseHttpServer.java:updateConnectorAddress(333)) - HTTP server of hddsDatanode listening at http://0.0.0.0:41479
2022-09-29 01:24:31,264 [Listener at 127.0.0.1/44309] INFO  ozone.MiniOzoneClusterImpl (MiniOzoneClusterImpl.java:lambda$waitForClusterToBeReady$0(216)) - Waiting for nodes to be ready. Got 0 of 3 DN Heartbeats.
2022-09-29 01:24:31,265 [Listener at 127.0.0.1/44309] INFO  ozone.MiniOzoneClusterImpl (MiniOzoneClusterImpl.java:lambda$waitForClusterToBeReady$0(219)) - Waiting for cluster to exit safe mode
2022-09-29 01:24:31,265 [Listener at 127.0.0.1/44309] INFO  ozone.MiniOzoneClusterImpl (MiniOzoneClusterImpl.java:lambda$waitForClusterToBeReady$0(221)) - SCM became leader
2022-09-29 01:24:31,268 [Datanode State Machine Daemon Thread] INFO  statemachine.DatanodeStateMachine (DatanodeStateMachine.java:lambda$startDaemon$0(492)) - Ozone container server started.
2022-09-29 01:24:31,326 [org.apache.hadoop.util.JvmPauseMonitor$Monitor@df985f4] INFO  util.JvmPauseMonitor (JvmPauseMonitor.java:run(188)) - Starting JVM pause monitor
2022-09-29 01:24:31,335 [Datanode State Machine Task Thread - 0] INFO  datanode.InitDatanodeState (InitDatanodeState.java:persistContainerDatanodeDetails(138)) - DatanodeDetails is persisted to /home/runner/work/ozone/ozone/hadoop-ozone/integration-test/target/test-dir/MiniOzoneClusterImpl-0d15d221-0049-42ab-bf49-1e4b736e68e8/datanode-2/meta/datanode.id
2022-09-29 01:24:32,153 [EndpointStateMachine task thread for /0.0.0.0:42241 - 0 ] INFO  ipc.Client (Client.java:handleConnectionFailure(977)) - Retrying connect to server: 0.0.0.0/0.0.0.0:42241. Already tried 10 time(s); retry policy is RetryUpToMaximumCountWithFixedSleep(maxRetries=15, sleepTime=1000 MILLISECONDS)
2022-09-29 01:24:32,265 [Listener at 127.0.0.1/44309] INFO  ozone.MiniOzoneClusterImpl (MiniOzoneClusterImpl.java:lambda$waitForClusterToBeReady$0(216)) - Waiting for nodes to be ready. Got 0 of 3 DN Heartbeats.
2022-09-29 01:24:32,265 [Listener at 127.0.0.1/44309] INFO  ozone.MiniOzoneClusterImpl (MiniOzoneClusterImpl.java:lambda$waitForClusterToBeReady$0(219)) - Waiting for cluster to exit safe mode
2022-09-29 01:24:32,265 [Listener at 127.0.0.1/44309] INFO  ozone.MiniOzoneClusterImpl (MiniOzoneClusterImpl.java:lambda$waitForClusterToBeReady$0(221)) - SCM became leader
2022-09-29 01:24:32,449 [EndpointStateMachine task thread for /0.0.0.0:45935 - 0 ] INFO  volume.HddsVolume (HddsVolume.java:createDbStore(307)) - SchemaV3 db is created and loaded at /home/runner/work/ozone/ozone/hadoop-ozone/integration-test/target/test-dir/MiniOzoneClusterImpl-0d15d221-0049-42ab-bf49-1e4b736e68e8/datanode-0/data-0/containers/hdds/0d15d221-0049-42ab-bf49-1e4b736e68e8/DS-7c678a4e-f203-4bcb-9ab4-f9a38ac43963/container.db for volume DS-7c678a4e-f203-4bcb-9ab4-f9a38ac43963
2022-09-29 01:24:32,450 [EndpointStateMachine task thread for /0.0.0.0:45935 - 0 ] INFO  volume.HddsVolume (HddsVolume.java:closeDbStore(338)) - SchemaV3 db is stopped at /home/runner/work/ozone/ozone/hadoop-ozone/integration-test/target/test-dir/MiniOzoneClusterImpl-0d15d221-0049-42ab-bf49-1e4b736e68e8/datanode-0/data-0/containers/hdds/0d15d221-0049-42ab-bf49-1e4b736e68e8/DS-7c678a4e-f203-4bcb-9ab4-f9a38ac43963/container.db for volume DS-7c678a4e-f203-4bcb-9ab4-f9a38ac43963
2022-09-29 01:24:32,451 [EndpointStateMachine task thread for /0.0.0.0:45935 - 0 ] INFO  ozoneimpl.OzoneContainer (OzoneContainer.java:start(378)) - Attempting to start container services.
2022-09-29 01:24:32,451 [EndpointStateMachine task thread for /0.0.0.0:45935 - 0 ] INFO  ozoneimpl.OzoneContainer (OzoneContainer.java:startContainerScrub(313)) - Background container scanner has been disabled.
2022-09-29 01:24:32,472 [EndpointStateMachine task thread for /0.0.0.0:45935 - 0 ] INFO  replication.ReplicationServer (ReplicationServer.java:start(111)) - ReplicationServer is started using port 36843
2022-09-29 01:24:32,472 [EndpointStateMachine task thread for /0.0.0.0:45935 - 0 ] INFO  ratis.XceiverServerRatis (XceiverServerRatis.java:start(481)) - Starting XceiverServerRatis eb75263a-35bc-4aa4-abdf-1429eadebe27
2022-09-29 01:24:32,476 [EndpointStateMachine task thread for /0.0.0.0:45935 - 0 ] INFO  server.RaftServer (RaftServerProxy.java:lambda$start$6(382)) - eb75263a-35bc-4aa4-abdf-1429eadebe27: start RPC server
2022-09-29 01:24:32,484 [EndpointStateMachine task thread for /0.0.0.0:45935 - 0 ] INFO  server.GrpcService (GrpcService.java:startImpl(260)) - eb75263a-35bc-4aa4-abdf-1429eadebe27: GrpcService started, listening on 35225
2022-09-29 01:24:32,485 [EndpointStateMachine task thread for /0.0.0.0:45935 - 0 ] INFO  ratis.XceiverServerRatis (XceiverServerRatis.java:getRealPort(502)) - XceiverServerRatis eb75263a-35bc-4aa4-abdf-1429eadebe27 is started using port 35225 for RATIS
2022-09-29 01:24:32,485 [EndpointStateMachine task thread for /0.0.0.0:45935 - 0 ] INFO  ratis.XceiverServerRatis (XceiverServerRatis.java:getRealPort(502)) - XceiverServerRatis eb75263a-35bc-4aa4-abdf-1429eadebe27 is started using port 35225 for RATIS_ADMIN
2022-09-29 01:24:32,485 [EndpointStateMachine task thread for /0.0.0.0:45935 - 0 ] INFO  ratis.XceiverServerRatis (XceiverServerRatis.java:getRealPort(502)) - XceiverServerRatis eb75263a-35bc-4aa4-abdf-1429eadebe27 is started using port 35225 for RATIS_SERVER
2022-09-29 01:24:32,490 [org.apache.ratis.util.JvmPauseMonitor$$Lambda$699/1983328127@487c1cd6] INFO  util.JvmPauseMonitor (JvmPauseMonitor.java:run(103)) - JvmPauseMonitor-eb75263a-35bc-4aa4-abdf-1429eadebe27: Started
2022-09-29 01:24:32,507 [EndpointStateMachine task thread for /0.0.0.0:45935 - 0 ] INFO  server.XceiverServerGrpc (XceiverServerGrpc.java:start(180)) - XceiverServerGrpc eb75263a-35bc-4aa4-abdf-1429eadebe27 is started using port 43153
2022-09-29 01:24:32,968 [EndpointStateMachine task thread for /0.0.0.0:45935 - 0 ] INFO  volume.HddsVolume (HddsVolume.java:createDbStore(307)) - SchemaV3 db is created and loaded at /home/runner/work/ozone/ozone/hadoop-ozone/integration-test/target/test-dir/MiniOzoneClusterImpl-0d15d221-0049-42ab-bf49-1e4b736e68e8/datanode-1/data-0/containers/hdds/0d15d221-0049-42ab-bf49-1e4b736e68e8/DS-5ae3c1ba-b241-4325-a234-e10faf7f308c/container.db for volume DS-5ae3c1ba-b241-4325-a234-e10faf7f308c
2022-09-29 01:24:32,969 [EndpointStateMachine task thread for /0.0.0.0:45935 - 0 ] INFO  volume.HddsVolume (HddsVolume.java:closeDbStore(338)) - SchemaV3 db is stopped at /home/runner/work/ozone/ozone/hadoop-ozone/integration-test/target/test-dir/MiniOzoneClusterImpl-0d15d221-0049-42ab-bf49-1e4b736e68e8/datanode-1/data-0/containers/hdds/0d15d221-0049-42ab-bf49-1e4b736e68e8/DS-5ae3c1ba-b241-4325-a234-e10faf7f308c/container.db for volume DS-5ae3c1ba-b241-4325-a234-e10faf7f308c
2022-09-29 01:24:32,969 [EndpointStateMachine task thread for /0.0.0.0:45935 - 0 ] INFO  ozoneimpl.OzoneContainer (OzoneContainer.java:start(378)) - Attempting to start container services.
2022-09-29 01:24:32,969 [EndpointStateMachine task thread for /0.0.0.0:45935 - 0 ] INFO  ozoneimpl.OzoneContainer (OzoneContainer.java:startContainerScrub(313)) - Background container scanner has been disabled.
2022-09-29 01:24:32,979 [EndpointStateMachine task thread for /0.0.0.0:45935 - 0 ] INFO  replication.ReplicationServer (ReplicationServer.java:start(111)) - ReplicationServer is started using port 36017
2022-09-29 01:24:32,985 [EndpointStateMachine task thread for /0.0.0.0:45935 - 0 ] INFO  ratis.XceiverServerRatis (XceiverServerRatis.java:start(481)) - Starting XceiverServerRatis ab87e520-373e-4ae9-907d-be725358127d
2022-09-29 01:24:32,988 [EndpointStateMachine task thread for /0.0.0.0:45935 - 0 ] INFO  server.RaftServer (RaftServerProxy.java:lambda$start$6(382)) - ab87e520-373e-4ae9-907d-be725358127d: start RPC server
2022-09-29 01:24:32,994 [EndpointStateMachine task thread for /0.0.0.0:45935 - 0 ] INFO  server.GrpcService (GrpcService.java:startImpl(260)) - ab87e520-373e-4ae9-907d-be725358127d: GrpcService started, listening on 33497
2022-09-29 01:24:32,994 [EndpointStateMachine task thread for /0.0.0.0:45935 - 0 ] INFO  ratis.XceiverServerRatis (XceiverServerRatis.java:getRealPort(502)) - XceiverServerRatis ab87e520-373e-4ae9-907d-be725358127d is started using port 33497 for RATIS
2022-09-29 01:24:32,994 [EndpointStateMachine task thread for /0.0.0.0:45935 - 0 ] INFO  ratis.XceiverServerRatis (XceiverServerRatis.java:getRealPort(502)) - XceiverServerRatis ab87e520-373e-4ae9-907d-be725358127d is started using port 33497 for RATIS_ADMIN
2022-09-29 01:24:32,995 [EndpointStateMachine task thread for /0.0.0.0:45935 - 0 ] INFO  ratis.XceiverServerRatis (XceiverServerRatis.java:getRealPort(502)) - XceiverServerRatis ab87e520-373e-4ae9-907d-be725358127d is started using port 33497 for RATIS_SERVER
2022-09-29 01:24:32,995 [org.apache.ratis.util.JvmPauseMonitor$$Lambda$699/1983328127@f668232] INFO  util.JvmPauseMonitor (JvmPauseMonitor.java:run(103)) - JvmPauseMonitor-ab87e520-373e-4ae9-907d-be725358127d: Started
2022-09-29 01:24:33,012 [EndpointStateMachine task thread for /0.0.0.0:45935 - 0 ] INFO  server.XceiverServerGrpc (XceiverServerGrpc.java:start(180)) - XceiverServerGrpc ab87e520-373e-4ae9-907d-be725358127d is started using port 33669
2022-09-29 01:24:33,154 [EndpointStateMachine task thread for /0.0.0.0:42241 - 0 ] INFO  ipc.Client (Client.java:handleConnectionFailure(977)) - Retrying connect to server: 0.0.0.0/0.0.0.0:42241. Already tried 11 time(s); retry policy is RetryUpToMaximumCountWithFixedSleep(maxRetries=15, sleepTime=1000 MILLISECONDS)
2022-09-29 01:24:33,265 [Listener at 127.0.0.1/44309] INFO  ozone.MiniOzoneClusterImpl (MiniOzoneClusterImpl.java:lambda$waitForClusterToBeReady$0(216)) - Waiting for nodes to be ready. Got 0 of 3 DN Heartbeats.
2022-09-29 01:24:33,266 [Listener at 127.0.0.1/44309] INFO  ozone.MiniOzoneClusterImpl (MiniOzoneClusterImpl.java:lambda$waitForClusterToBeReady$0(219)) - Waiting for cluster to exit safe mode
2022-09-29 01:24:33,266 [Listener at 127.0.0.1/44309] INFO  ozone.MiniOzoneClusterImpl (MiniOzoneClusterImpl.java:lambda$waitForClusterToBeReady$0(221)) - SCM became leader
2022-09-29 01:24:33,396 [EndpointStateMachine task thread for /0.0.0.0:45935 - 0 ] INFO  volume.HddsVolume (HddsVolume.java:createDbStore(307)) - SchemaV3 db is created and loaded at /home/runner/work/ozone/ozone/hadoop-ozone/integration-test/target/test-dir/MiniOzoneClusterImpl-0d15d221-0049-42ab-bf49-1e4b736e68e8/datanode-2/data-0/containers/hdds/0d15d221-0049-42ab-bf49-1e4b736e68e8/DS-eee69ef5-869e-4ec9-91b7-05e7f4e85ee5/container.db for volume DS-eee69ef5-869e-4ec9-91b7-05e7f4e85ee5
2022-09-29 01:24:33,397 [EndpointStateMachine task thread for /0.0.0.0:45935 - 0 ] INFO  volume.HddsVolume (HddsVolume.java:closeDbStore(338)) - SchemaV3 db is stopped at /home/runner/work/ozone/ozone/hadoop-ozone/integration-test/target/test-dir/MiniOzoneClusterImpl-0d15d221-0049-42ab-bf49-1e4b736e68e8/datanode-2/data-0/containers/hdds/0d15d221-0049-42ab-bf49-1e4b736e68e8/DS-eee69ef5-869e-4ec9-91b7-05e7f4e85ee5/container.db for volume DS-eee69ef5-869e-4ec9-91b7-05e7f4e85ee5
2022-09-29 01:24:33,397 [EndpointStateMachine task thread for /0.0.0.0:45935 - 0 ] INFO  ozoneimpl.OzoneContainer (OzoneContainer.java:start(378)) - Attempting to start container services.
2022-09-29 01:24:33,397 [EndpointStateMachine task thread for /0.0.0.0:45935 - 0 ] INFO  ozoneimpl.OzoneContainer (OzoneContainer.java:startContainerScrub(313)) - Background container scanner has been disabled.
2022-09-29 01:24:33,404 [EndpointStateMachine task thread for /0.0.0.0:45935 - 0 ] INFO  replication.ReplicationServer (ReplicationServer.java:start(111)) - ReplicationServer is started using port 38773
2022-09-29 01:24:33,405 [EndpointStateMachine task thread for /0.0.0.0:45935 - 0 ] INFO  ratis.XceiverServerRatis (XceiverServerRatis.java:start(481)) - Starting XceiverServerRatis f34d6e11-5365-479c-843a-46cf4fedc247
2022-09-29 01:24:33,405 [EndpointStateMachine task thread for /0.0.0.0:45935 - 0 ] INFO  server.RaftServer (RaftServerProxy.java:lambda$start$6(382)) - f34d6e11-5365-479c-843a-46cf4fedc247: start RPC server
2022-09-29 01:24:33,407 [EndpointStateMachine task thread for /0.0.0.0:45935 - 0 ] INFO  server.GrpcService (GrpcService.java:startImpl(260)) - f34d6e11-5365-479c-843a-46cf4fedc247: GrpcService started, listening on 44237
2022-09-29 01:24:33,407 [EndpointStateMachine task thread for /0.0.0.0:45935 - 0 ] INFO  ratis.XceiverServerRatis (XceiverServerRatis.java:getRealPort(502)) - XceiverServerRatis f34d6e11-5365-479c-843a-46cf4fedc247 is started using port 44237 for RATIS
2022-09-29 01:24:33,408 [EndpointStateMachine task thread for /0.0.0.0:45935 - 0 ] INFO  ratis.XceiverServerRatis (XceiverServerRatis.java:getRealPort(502)) - XceiverServerRatis f34d6e11-5365-479c-843a-46cf4fedc247 is started using port 44237 for RATIS_ADMIN
2022-09-29 01:24:33,408 [EndpointStateMachine task thread for /0.0.0.0:45935 - 0 ] INFO  ratis.XceiverServerRatis (XceiverServerRatis.java:getRealPort(502)) - XceiverServerRatis f34d6e11-5365-479c-843a-46cf4fedc247 is started using port 44237 for RATIS_SERVER
2022-09-29 01:24:33,408 [org.apache.ratis.util.JvmPauseMonitor$$Lambda$699/1983328127@74c39485] INFO  util.JvmPauseMonitor (JvmPauseMonitor.java:run(103)) - JvmPauseMonitor-f34d6e11-5365-479c-843a-46cf4fedc247: Started
2022-09-29 01:24:33,420 [EndpointStateMachine task thread for /0.0.0.0:45935 - 0 ] INFO  server.XceiverServerGrpc (XceiverServerGrpc.java:start(180)) - XceiverServerGrpc f34d6e11-5365-479c-843a-46cf4fedc247 is started using port 46671
2022-09-29 01:24:34,154 [EndpointStateMachine task thread for /0.0.0.0:42241 - 0 ] INFO  ipc.Client (Client.java:handleConnectionFailure(977)) - Retrying connect to server: 0.0.0.0/0.0.0.0:42241. Already tried 12 time(s); retry policy is RetryUpToMaximumCountWithFixedSleep(maxRetries=15, sleepTime=1000 MILLISECONDS)
2022-09-29 01:24:34,266 [Listener at 127.0.0.1/44309] INFO  ozone.MiniOzoneClusterImpl (MiniOzoneClusterImpl.java:lambda$waitForClusterToBeReady$0(216)) - Waiting for nodes to be ready. Got 0 of 3 DN Heartbeats.
2022-09-29 01:24:34,266 [Listener at 127.0.0.1/44309] INFO  ozone.MiniOzoneClusterImpl (MiniOzoneClusterImpl.java:lambda$waitForClusterToBeReady$0(219)) - Waiting for cluster to exit safe mode
2022-09-29 01:24:34,266 [Listener at 127.0.0.1/44309] INFO  ozone.MiniOzoneClusterImpl (MiniOzoneClusterImpl.java:lambda$waitForClusterToBeReady$0(221)) - SCM became leader
2022-09-29 01:24:34,379 [IPC Server handler 8 on default port 45935] INFO  net.NetworkTopologyImpl (NetworkTopologyImpl.java:add(112)) - Added a new node: /default-rack/eb75263a-35bc-4aa4-abdf-1429eadebe27
2022-09-29 01:24:34,379 [IPC Server handler 8 on default port 45935] INFO  node.SCMNodeManager (SCMNodeManager.java:register(397)) - Registered Data node : eb75263a-35bc-4aa4-abdf-1429eadebe27{ip: 10.1.1.32, host: fv-az182-579.xlcsutvm5t3ellfcnbcbis3udb.bx.internal.cloudapp.net, ports: [REPLICATION=36843, RATIS=35225, RATIS_ADMIN=35225, RATIS_SERVER=35225, STANDALONE=43153], networkLocation: /default-rack, certSerialId: null, persistedOpState: null, persistedOpStateExpiryEpochSec: 0}
2022-09-29 01:24:34,386 [EventQueue-NodeRegistrationContainerReportForDataNodeSafeModeRule] INFO  safemode.SCMSafeModeManager (DataNodeSafeModeRule.java:process(71)) - SCM in safe mode. 1 DataNodes registered, 3 required.
2022-09-29 01:24:34,386 [EventQueue-NodeRegistrationContainerReportForContainerSafeModeRule] INFO  safemode.SCMSafeModeManager (SCMSafeModeManager.java:validateSafeModeExitRules(204)) - ContainerSafeModeRule rule is successfully validated
2022-09-29 01:24:34,389 [EventQueue-NewNodeForNewNodeHandler] INFO  pipeline.BackgroundPipelineCreator (BackgroundPipelineCreator.java:notifyEventTriggered(276)) - trigger a one-shot run on RatisPipelineUtilsThread.
2022-09-29 01:24:34,393 [RatisPipelineUtilsThread - 0] INFO  pipeline.RatisPipelineProvider (RatisPipelineProvider.java:lambda$create$0(195)) - Sending CreatePipelineCommand for pipeline:PipelineID=9a70f4a3-f8e7-452f-938e-bc5c0ccc31d8 to datanode:eb75263a-35bc-4aa4-abdf-1429eadebe27
2022-09-29 01:24:34,399 [EventQueue-PipelineReportForOneReplicaPipelineSafeModeRule] INFO  safemode.SCMSafeModeManager (SCMSafeModeManager.java:validateSafeModeExitRules(204)) - AtleastOneDatanodeReportedRule rule is successfully validated
2022-09-29 01:24:34,406 [RatisPipelineUtilsThread - 0] INFO  pipeline.PipelineStateManagerImpl (PipelineStateManagerImpl.java:addPipeline(103)) - Created pipeline Pipeline[ Id: 9a70f4a3-f8e7-452f-938e-bc5c0ccc31d8, Nodes: eb75263a-35bc-4aa4-abdf-1429eadebe27{ip: 10.1.1.32, host: fv-az182-579.xlcsutvm5t3ellfcnbcbis3udb.bx.internal.cloudapp.net, ports: [REPLICATION=36843, RATIS=35225, RATIS_ADMIN=35225, RATIS_SERVER=35225, STANDALONE=43153], networkLocation: /default-rack, certSerialId: null, persistedOpState: IN_SERVICE, persistedOpStateExpiryEpochSec: 0}, ReplicationConfig: RATIS/ONE, State:ALLOCATED, leaderId:, CreationTimestamp2022-09-29T01:24:34.393Z[Etc/UTC]].
2022-09-29 01:24:34,908 [IPC Server handler 1 on default port 45935] INFO  net.NetworkTopologyImpl (NetworkTopologyImpl.java:add(112)) - Added a new node: /default-rack/ab87e520-373e-4ae9-907d-be725358127d
2022-09-29 01:24:34,908 [IPC Server handler 1 on default port 45935] INFO  node.SCMNodeManager (SCMNodeManager.java:register(397)) - Registered Data node : ab87e520-373e-4ae9-907d-be725358127d{ip: 10.1.1.32, host: fv-az182-579.xlcsutvm5t3ellfcnbcbis3udb.bx.internal.cloudapp.net, ports: [REPLICATION=36017, RATIS=33497, RATIS_ADMIN=33497, RATIS_SERVER=33497, STANDALONE=33669], networkLocation: /default-rack, certSerialId: null, persistedOpState: null, persistedOpStateExpiryEpochSec: 0}
2022-09-29 01:24:34,909 [EventQueue-NewNodeForNewNodeHandler] INFO  pipeline.BackgroundPipelineCreator (BackgroundPipelineCreator.java:notifyEventTriggered(276)) - trigger a one-shot run on RatisPipelineUtilsThread.
2022-09-29 01:24:34,909 [EventQueue-NodeRegistrationContainerReportForDataNodeSafeModeRule] INFO  safemode.SCMSafeModeManager (DataNodeSafeModeRule.java:process(71)) - SCM in safe mode. 2 DataNodes registered, 3 required.
2022-09-29 01:24:34,916 [RatisPipelineUtilsThread - 0] INFO  pipeline.RatisPipelineProvider (RatisPipelineProvider.java:lambda$create$0(195)) - Sending CreatePipelineCommand for pipeline:PipelineID=84412642-7f24-46b8-b662-df0b93aeacdd to datanode:ab87e520-373e-4ae9-907d-be725358127d
2022-09-29 01:24:34,917 [RatisPipelineUtilsThread - 0] INFO  pipeline.PipelineStateManagerImpl (PipelineStateManagerImpl.java:addPipeline(103)) - Created pipeline Pipeline[ Id: 84412642-7f24-46b8-b662-df0b93aeacdd, Nodes: ab87e520-373e-4ae9-907d-be725358127d{ip: 10.1.1.32, host: fv-az182-579.xlcsutvm5t3ellfcnbcbis3udb.bx.internal.cloudapp.net, ports: [REPLICATION=36017, RATIS=33497, RATIS_ADMIN=33497, RATIS_SERVER=33497, STANDALONE=33669], networkLocation: /default-rack, certSerialId: null, persistedOpState: IN_SERVICE, persistedOpStateExpiryEpochSec: 0}, ReplicationConfig: RATIS/ONE, State:ALLOCATED, leaderId:, CreationTimestamp2022-09-29T01:24:34.916Z[Etc/UTC]].
2022-09-29 01:24:35,155 [EndpointStateMachine task thread for /0.0.0.0:42241 - 0 ] INFO  ipc.Client (Client.java:handleConnectionFailure(977)) - Retrying connect to server: 0.0.0.0/0.0.0.0:42241. Already tried 13 time(s); retry policy is RetryUpToMaximumCountWithFixedSleep(maxRetries=15, sleepTime=1000 MILLISECONDS)
2022-09-29 01:24:35,267 [Listener at 127.0.0.1/44309] INFO  ozone.MiniOzoneClusterImpl (MiniOzoneClusterImpl.java:lambda$waitForClusterToBeReady$0(216)) - Waiting for nodes to be ready. Got 2 of 3 DN Heartbeats.
2022-09-29 01:24:35,267 [Listener at 127.0.0.1/44309] INFO  ozone.MiniOzoneClusterImpl (MiniOzoneClusterImpl.java:lambda$waitForClusterToBeReady$0(219)) - Waiting for cluster to exit safe mode
2022-09-29 01:24:35,267 [Listener at 127.0.0.1/44309] INFO  ozone.MiniOzoneClusterImpl (MiniOzoneClusterImpl.java:lambda$waitForClusterToBeReady$0(221)) - SCM became leader
2022-09-29 01:24:35,327 [IPC Server handler 0 on default port 45935] INFO  net.NetworkTopologyImpl (NetworkTopologyImpl.java:add(112)) - Added a new node: /default-rack/f34d6e11-5365-479c-843a-46cf4fedc247
2022-09-29 01:24:35,327 [IPC Server handler 0 on default port 45935] INFO  node.SCMNodeManager (SCMNodeManager.java:register(397)) - Registered Data node : f34d6e11-5365-479c-843a-46cf4fedc247{ip: 10.1.1.32, host: fv-az182-579.xlcsutvm5t3ellfcnbcbis3udb.bx.internal.cloudapp.net, ports: [REPLICATION=38773, RATIS=44237, RATIS_ADMIN=44237, RATIS_SERVER=44237, STANDALONE=46671], networkLocation: /default-rack, certSerialId: null, persistedOpState: null, persistedOpStateExpiryEpochSec: 0}
2022-09-29 01:24:35,327 [EventQueue-NewNodeForNewNodeHandler] INFO  pipeline.BackgroundPipelineCreator (BackgroundPipelineCreator.java:notifyEventTriggered(276)) - trigger a one-shot run on RatisPipelineUtilsThread.
2022-09-29 01:24:35,334 [RatisPipelineUtilsThread - 0] INFO  pipeline.RatisPipelineProvider (RatisPipelineProvider.java:lambda$create$0(195)) - Sending CreatePipelineCommand for pipeline:PipelineID=c285bead-c096-483d-892e-808c690c728a to datanode:f34d6e11-5365-479c-843a-46cf4fedc247
2022-09-29 01:24:35,334 [RatisPipelineUtilsThread - 0] INFO  pipeline.PipelineStateManagerImpl (PipelineStateManagerImpl.java:addPipeline(103)) - Created pipeline Pipeline[ Id: c285bead-c096-483d-892e-808c690c728a, Nodes: f34d6e11-5365-479c-843a-46cf4fedc247{ip: 10.1.1.32, host: fv-az182-579.xlcsutvm5t3ellfcnbcbis3udb.bx.internal.cloudapp.net, ports: [REPLICATION=38773, RATIS=44237, RATIS_ADMIN=44237, RATIS_SERVER=44237, STANDALONE=46671], networkLocation: /default-rack, certSerialId: null, persistedOpState: IN_SERVICE, persistedOpStateExpiryEpochSec: 0}, ReplicationConfig: RATIS/ONE, State:ALLOCATED, leaderId:, CreationTimestamp2022-09-29T01:24:35.334Z[Etc/UTC]].
2022-09-29 01:24:35,335 [EventQueue-NodeRegistrationContainerReportForDataNodeSafeModeRule] INFO  safemode.SCMSafeModeManager (DataNodeSafeModeRule.java:process(71)) - SCM in safe mode. 3 DataNodes registered, 3 required.
2022-09-29 01:24:35,335 [EventQueue-NodeRegistrationContainerReportForDataNodeSafeModeRule] INFO  safemode.SCMSafeModeManager (SCMSafeModeManager.java:validateSafeModeExitRules(204)) - DataNodeSafeModeRule rule is successfully validated
2022-09-29 01:24:35,335 [EventQueue-NodeRegistrationContainerReportForDataNodeSafeModeRule] INFO  safemode.SCMSafeModeManager (SCMSafeModeManager.java:completePreCheck(233)) - All SCM safe mode pre check rules have passed
2022-09-29 01:24:35,335 [EventQueue-NodeRegistrationContainerReportForDataNodeSafeModeRule] WARN  events.EventQueue (EventQueue.java:fireEvent(216)) - No event handler registered for event TypedEvent{payloadType=SafeModeStatus, name='Safe mode status'}
2022-09-29 01:24:35,335 [EventQueue-NodeRegistrationContainerReportForDataNodeSafeModeRule] INFO  ha.SCMContext (SCMContext.java:updateSafeModeStatus(228)) - Update SafeModeStatus from SafeModeStatus{safeModeStatus=true, preCheckPassed=false} to SafeModeStatus{safeModeStatus=true, preCheckPassed=true}.
2022-09-29 01:24:35,335 [EventQueue-NodeRegistrationContainerReportForDataNodeSafeModeRule] INFO  pipeline.BackgroundPipelineCreator (BackgroundPipelineCreator.java:notifyEventTriggered(276)) - trigger a one-shot run on RatisPipelineUtilsThread.
2022-09-29 01:24:35,336 [RatisPipelineUtilsThread - 0] INFO  pipeline.RatisPipelineProvider (RatisPipelineProvider.java:lambda$create$0(195)) - Sending CreatePipelineCommand for pipeline:PipelineID=a2f31a6a-ddfc-44a5-af3e-b035cdf62ae5 to datanode:eb75263a-35bc-4aa4-abdf-1429eadebe27
2022-09-29 01:24:35,336 [RatisPipelineUtilsThread - 0] INFO  pipeline.RatisPipelineProvider (RatisPipelineProvider.java:lambda$create$0(195)) - Sending CreatePipelineCommand for pipeline:PipelineID=a2f31a6a-ddfc-44a5-af3e-b035cdf62ae5 to datanode:ab87e520-373e-4ae9-907d-be725358127d
2022-09-29 01:24:35,336 [RatisPipelineUtilsThread - 0] INFO  pipeline.RatisPipelineProvider (RatisPipelineProvider.java:lambda$create$0(195)) - Sending CreatePipelineCommand for pipeline:PipelineID=a2f31a6a-ddfc-44a5-af3e-b035cdf62ae5 to datanode:f34d6e11-5365-479c-843a-46cf4fedc247
2022-09-29 01:24:35,336 [RatisPipelineUtilsThread - 0] INFO  pipeline.PipelineStateManagerImpl (PipelineStateManagerImpl.java:addPipeline(103)) - Created pipeline Pipeline[ Id: a2f31a6a-ddfc-44a5-af3e-b035cdf62ae5, Nodes: eb75263a-35bc-4aa4-abdf-1429eadebe27{ip: 10.1.1.32, host: fv-az182-579.xlcsutvm5t3ellfcnbcbis3udb.bx.internal.cloudapp.net, ports: [REPLICATION=36843, RATIS=35225, RATIS_ADMIN=35225, RATIS_SERVER=35225, STANDALONE=43153], networkLocation: /default-rack, certSerialId: null, persistedOpState: IN_SERVICE, persistedOpStateExpiryEpochSec: 0}ab87e520-373e-4ae9-907d-be725358127d{ip: 10.1.1.32, host: fv-az182-579.xlcsutvm5t3ellfcnbcbis3udb.bx.internal.cloudapp.net, ports: [REPLICATION=36017, RATIS=33497, RATIS_ADMIN=33497, RATIS_SERVER=33497, STANDALONE=33669], networkLocation: /default-rack, certSerialId: null, persistedOpState: IN_SERVICE, persistedOpStateExpiryEpochSec: 0}f34d6e11-5365-479c-843a-46cf4fedc247{ip: 10.1.1.32, host: fv-az182-579.xlcsutvm5t3ellfcnbcbis3udb.bx.internal.cloudapp.net, ports: [REPLICATION=38773, RATIS=44237, RATIS_ADMIN=44237, RATIS_SERVER=44237, STANDALONE=46671], networkLocation: /default-rack, certSerialId: null, persistedOpState: IN_SERVICE, persistedOpStateExpiryEpochSec: 0}, ReplicationConfig: RATIS/THREE, State:ALLOCATED, leaderId:, CreationTimestamp2022-09-29T01:24:35.335Z[Etc/UTC]].
2022-09-29 01:24:35,336 [RatisPipelineUtilsThread - 0] INFO  pipeline.RatisPipelineProvider (RatisPipelineProvider.java:lambda$create$0(195)) - Sending CreatePipelineCommand for pipeline:PipelineID=8caef88f-c7dc-4582-b275-22fc3f282c66 to datanode:eb75263a-35bc-4aa4-abdf-1429eadebe27
2022-09-29 01:24:35,336 [RatisPipelineUtilsThread - 0] INFO  pipeline.RatisPipelineProvider (RatisPipelineProvider.java:lambda$create$0(195)) - Sending CreatePipelineCommand for pipeline:PipelineID=8caef88f-c7dc-4582-b275-22fc3f282c66 to datanode:f34d6e11-5365-479c-843a-46cf4fedc247
2022-09-29 01:24:35,336 [RatisPipelineUtilsThread - 0] INFO  pipeline.RatisPipelineProvider (RatisPipelineProvider.java:lambda$create$0(195)) - Sending CreatePipelineCommand for pipeline:PipelineID=8caef88f-c7dc-4582-b275-22fc3f282c66 to datanode:ab87e520-373e-4ae9-907d-be725358127d
2022-09-29 01:24:35,337 [RatisPipelineUtilsThread - 0] INFO  pipeline.PipelineStateManagerImpl (PipelineStateManagerImpl.java:addPipeline(103)) - Created pipeline Pipeline[ Id: 8caef88f-c7dc-4582-b275-22fc3f282c66, Nodes: eb75263a-35bc-4aa4-abdf-1429eadebe27{ip: 10.1.1.32, host: fv-az182-579.xlcsutvm5t3ellfcnbcbis3udb.bx.internal.cloudapp.net, ports: [REPLICATION=36843, RATIS=35225, RATIS_ADMIN=35225, RATIS_SERVER=35225, STANDALONE=43153], networkLocation: /default-rack, certSerialId: null, persistedOpState: IN_SERVICE, persistedOpStateExpiryEpochSec: 0}f34d6e11-5365-479c-843a-46cf4fedc247{ip: 10.1.1.32, host: fv-az182-579.xlcsutvm5t3ellfcnbcbis3udb.bx.internal.cloudapp.net, ports: [REPLICATION=38773, RATIS=44237, RATIS_ADMIN=44237, RATIS_SERVER=44237, STANDALONE=46671], networkLocation: /default-rack, certSerialId: null, persistedOpState: IN_SERVICE, persistedOpStateExpiryEpochSec: 0}ab87e520-373e-4ae9-907d-be725358127d{ip: 10.1.1.32, host: fv-az182-579.xlcsutvm5t3ellfcnbcbis3udb.bx.internal.cloudapp.net, ports: [REPLICATION=36017, RATIS=33497, RATIS_ADMIN=33497, RATIS_SERVER=33497, STANDALONE=33669], networkLocation: /default-rack, certSerialId: null, persistedOpState: IN_SERVICE, persistedOpStateExpiryEpochSec: 0}, ReplicationConfig: RATIS/THREE, State:ALLOCATED, leaderId:, CreationTimestamp2022-09-29T01:24:35.336Z[Etc/UTC]].
2022-09-29 01:24:35,337 [RatisPipelineUtilsThread - 0] INFO  pipeline.PipelineManagerImpl (PipelineManagerImpl.java:recordMetricsForPipeline(796)) - Pipeline: PipelineID=8caef88f-c7dc-4582-b275-22fc3f282c66 contains same datanodes as previous pipelines: PipelineID=a2f31a6a-ddfc-44a5-af3e-b035cdf62ae5 nodeIds: eb75263a-35bc-4aa4-abdf-1429eadebe27, f34d6e11-5365-479c-843a-46cf4fedc247, ab87e520-373e-4ae9-907d-be725358127d
2022-09-29 01:24:36,155 [EndpointStateMachine task thread for /0.0.0.0:42241 - 0 ] INFO  ipc.Client (Client.java:handleConnectionFailure(977)) - Retrying connect to server: 0.0.0.0/0.0.0.0:42241. Already tried 14 time(s); retry policy is RetryUpToMaximumCountWithFixedSleep(maxRetries=15, sleepTime=1000 MILLISECONDS)
2022-09-29 01:24:36,267 [Listener at 127.0.0.1/44309] INFO  ozone.MiniOzoneClusterImpl (MiniOzoneClusterImpl.java:lambda$waitForClusterToBeReady$0(216)) - Nodes are ready. Got 3 of 3 DN Heartbeats.
2022-09-29 01:24:36,267 [Listener at 127.0.0.1/44309] INFO  ozone.MiniOzoneClusterImpl (MiniOzoneClusterImpl.java:lambda$waitForClusterToBeReady$0(219)) - Waiting for cluster to exit safe mode
2022-09-29 01:24:36,267 [Listener at 127.0.0.1/44309] INFO  ozone.MiniOzoneClusterImpl (MiniOzoneClusterImpl.java:lambda$waitForClusterToBeReady$0(221)) - SCM became leader
2022-09-29 01:24:37,157 [EndpointStateMachine task thread for /0.0.0.0:42241 - 0 ] INFO  ipc.Client (Client.java:handleConnectionFailure(977)) - Retrying connect to server: 0.0.0.0/0.0.0.0:42241. Already tried 0 time(s); retry policy is RetryUpToMaximumCountWithFixedSleep(maxRetries=15, sleepTime=1000 MILLISECONDS)
2022-09-29 01:24:37,268 [Listener at 127.0.0.1/44309] INFO  ozone.MiniOzoneClusterImpl (MiniOzoneClusterImpl.java:lambda$waitForClusterToBeReady$0(216)) - Nodes are ready. Got 3 of 3 DN Heartbeats.
2022-09-29 01:24:37,268 [Listener at 127.0.0.1/44309] INFO  ozone.MiniOzoneClusterImpl (MiniOzoneClusterImpl.java:lambda$waitForClusterToBeReady$0(219)) - Waiting for cluster to exit safe mode
2022-09-29 01:24:37,268 [Listener at 127.0.0.1/44309] INFO  ozone.MiniOzoneClusterImpl (MiniOzoneClusterImpl.java:lambda$waitForClusterToBeReady$0(221)) - SCM became leader
2022-09-29 01:24:37,378 [Command processor thread] INFO  server.RaftServer (RaftServerProxy.java:addNew(96)) - eb75263a-35bc-4aa4-abdf-1429eadebe27: addNew group-BC5C0CCC31D8:[eb75263a-35bc-4aa4-abdf-1429eadebe27|rpc:10.1.1.32:35225|priority:1] returns group-BC5C0CCC31D8:java.util.concurrent.CompletableFuture@239aeb59[Not completed]
2022-09-29 01:24:37,396 [pool-561-thread-1] INFO  server.RaftServer$Division (RaftServerImpl.java:<init>(190)) - eb75263a-35bc-4aa4-abdf-1429eadebe27: new RaftServerImpl for group-BC5C0CCC31D8:[eb75263a-35bc-4aa4-abdf-1429eadebe27|rpc:10.1.1.32:35225|priority:1] with ContainerStateMachine:uninitialized
2022-09-29 01:24:37,396 [pool-561-thread-1] INFO  server.RaftServerConfigKeys (ConfUtils.java:logGet(46)) - raft.server.rpc.timeout.min = 5s (custom)
2022-09-29 01:24:37,396 [pool-561-thread-1] INFO  server.RaftServerConfigKeys (ConfUtils.java:logGet(46)) - raft.server.rpc.timeout.max = 5200ms (custom)
2022-09-29 01:24:37,396 [pool-561-thread-1] INFO  server.RaftServerConfigKeys (ConfUtils.java:logGet(46)) - raft.server.rpc.sleep.time = 25ms (default)
2022-09-29 01:24:37,396 [pool-561-thread-1] INFO  server.RaftServerConfigKeys (ConfUtils.java:logGet(46)) - raft.server.rpc.slowness.timeout = 300s (custom)
2022-09-29 01:24:37,396 [pool-561-thread-1] INFO  server.RaftServerConfigKeys (ConfUtils.java:logGet(46)) - raft.server.leaderelection.leader.step-down.wait-time = 10s (default)
2022-09-29 01:24:37,396 [pool-561-thread-1] INFO  server.RaftServerConfigKeys (ConfUtils.java:logGet(46)) - raft.server.sleep.deviation.threshold = 300ms (default)
2022-09-29 01:24:37,396 [pool-561-thread-1] INFO  server.RaftServer$Division (ServerState.java:<init>(107)) - eb75263a-35bc-4aa4-abdf-1429eadebe27@group-BC5C0CCC31D8: ConfigurationManager, init=-1: [eb75263a-35bc-4aa4-abdf-1429eadebe27|rpc:10.1.1.32:35225|priority:1], old=null, confs=<EMPTY_MAP>
2022-09-29 01:24:37,397 [pool-561-thread-1] INFO  server.RaftServerConfigKeys (ConfUtils.java:logGet(46)) - raft.server.storage.dir = [/home/runner/work/ozone/ozone/hadoop-ozone/integration-test/target/test-dir/MiniOzoneClusterImpl-0d15d221-0049-42ab-bf49-1e4b736e68e8/datanode-0/data/ratis] (custom)
2022-09-29 01:24:37,397 [pool-561-thread-1] INFO  server.RaftServerConfigKeys (ConfUtils.java:logGet(46)) - raft.server.log.corruption.policy = EXCEPTION (default)
2022-09-29 01:24:37,397 [pool-561-thread-1] INFO  server.RaftServerConfigKeys (ConfUtils.java:logGet(46)) - raft.server.storage.free-space.min = 0MB (=0) (default)
2022-09-29 01:24:37,397 [pool-561-thread-1] INFO  storage.RaftStorageDirectory (RaftStorageDirectoryImpl.java:analyzeStorage(135)) - The storage directory /home/runner/work/ozone/ozone/hadoop-ozone/integration-test/target/test-dir/MiniOzoneClusterImpl-0d15d221-0049-42ab-bf49-1e4b736e68e8/datanode-0/data/ratis/9a70f4a3-f8e7-452f-938e-bc5c0ccc31d8 does not exist. Creating ...
2022-09-29 01:24:37,400 [pool-561-thread-1] INFO  storage.RaftStorageDirectory (RaftStorageDirectoryImpl.java:tryLock(230)) - Lock on /home/runner/work/ozone/ozone/hadoop-ozone/integration-test/target/test-dir/MiniOzoneClusterImpl-0d15d221-0049-42ab-bf49-1e4b736e68e8/datanode-0/data/ratis/9a70f4a3-f8e7-452f-938e-bc5c0ccc31d8/in_use.lock acquired by nodename 41909@fv-az182-579
2022-09-29 01:24:37,401 [pool-561-thread-1] INFO  storage.RaftStorage (RaftStorageImpl.java:format(89)) - Storage directory /home/runner/work/ozone/ozone/hadoop-ozone/integration-test/target/test-dir/MiniOzoneClusterImpl-0d15d221-0049-42ab-bf49-1e4b736e68e8/datanode-0/data/ratis/9a70f4a3-f8e7-452f-938e-bc5c0ccc31d8 has been successfully formatted.
2022-09-29 01:24:37,407 [pool-561-thread-1] INFO  ratis.ContainerStateMachine (ContainerStateMachine.java:loadSnapshot(236)) - group-BC5C0CCC31D8: The snapshot info is null. Setting the last applied indexto:(t:0, i:~)
2022-09-29 01:24:37,407 [pool-561-thread-1] INFO  server.RaftServerConfigKeys (ConfUtils.java:logGet(46)) - raft.server.notification.no-leader.timeout = 300s (custom)
2022-09-29 01:24:37,407 [pool-561-thread-1] INFO  server.RaftServerConfigKeys (ConfUtils.java:logGet(46)) - raft.server.log.use.memory = false (default)
2022-09-29 01:24:37,407 [pool-561-thread-1] INFO  server.RaftServerConfigKeys (ConfUtils.java:logGet(46)) - raft.server.log.purge.gap = 1000000 (custom)
2022-09-29 01:24:37,407 [pool-561-thread-1] INFO  server.RaftServerConfigKeys (ConfUtils.java:logGet(46)) - raft.server.log.appender.buffer.byte-limit = 33554432 (custom)
2022-09-29 01:24:37,408 [pool-561-thread-1] INFO  server.RaftServerConfigKeys (ConfUtils.java:logGet(46)) - raft.server.log.statemachine.data.read.timeout = 1000ms (default)
2022-09-29 01:24:37,408 [pool-561-thread-1] INFO  server.RaftServerConfigKeys (ConfUtils.java:logGet(46)) - raft.server.log.segment.size.max = 1048576 (custom)
2022-09-29 01:24:37,409 [pool-561-thread-1] INFO  server.RaftServerConfigKeys (ConfUtils.java:logGet(46)) - raft.server.log.segment.cache.num.max = 2 (custom)
2022-09-29 01:24:37,409 [pool-561-thread-1] INFO  server.RaftServerConfigKeys (ConfUtils.java:logGet(46)) - raft.server.log.segment.cache.size.max = 200MB (=209715200) (default)
2022-09-29 01:24:37,409 [pool-561-thread-1] INFO  segmented.SegmentedRaftLogWorker (SegmentedRaftLogWorker.java:<init>(187)) - new eb75263a-35bc-4aa4-abdf-1429eadebe27@group-BC5C0CCC31D8-SegmentedRaftLogWorker for RaftStorageImpl:Storage Directory /home/runner/work/ozone/ozone/hadoop-ozone/integration-test/target/test-dir/MiniOzoneClusterImpl-0d15d221-0049-42ab-bf49-1e4b736e68e8/datanode-0/data/ratis/9a70f4a3-f8e7-452f-938e-bc5c0ccc31d8
2022-09-29 01:24:37,409 [pool-561-thread-1] INFO  server.RaftServerConfigKeys (ConfUtils.java:logGet(46)) - raft.server.log.queue.byte-limit = 4294967296 (custom)
2022-09-29 01:24:37,410 [pool-561-thread-1] INFO  server.RaftServerConfigKeys (ConfUtils.java:logGet(46)) - raft.server.log.queue.element-limit = 1024 (custom)
2022-09-29 01:24:37,410 [EventQueue-PipelineReportForPipelineReportHandler] INFO  pipeline.PipelineManagerImpl (PipelineManagerImpl.java:openPipeline(367)) - Pipeline Pipeline[ Id: 9a70f4a3-f8e7-452f-938e-bc5c0ccc31d8, Nodes: eb75263a-35bc-4aa4-abdf-1429eadebe27{ip: 10.1.1.32, host: fv-az182-579.xlcsutvm5t3ellfcnbcbis3udb.bx.internal.cloudapp.net, ports: [REPLICATION=36843, RATIS=35225, RATIS_ADMIN=35225, RATIS_SERVER=35225, STANDALONE=43153], networkLocation: /default-rack, certSerialId: null, persistedOpState: IN_SERVICE, persistedOpStateExpiryEpochSec: 0}, ReplicationConfig: RATIS/ONE, State:ALLOCATED, leaderId:eb75263a-35bc-4aa4-abdf-1429eadebe27, CreationTimestamp2022-09-29T01:24:34.393Z[Etc/UTC]] moved to OPEN state
2022-09-29 01:24:37,410 [pool-561-thread-1] INFO  server.RaftServerConfigKeys (ConfUtils.java:logGet(46)) - raft.server.log.segment.size.max = 1048576 (custom)
2022-09-29 01:24:37,410 [pool-561-thread-1] INFO  server.RaftServerConfigKeys (ConfUtils.java:logGet(46)) - raft.server.log.preallocated.size = 16384 (custom)
2022-09-29 01:24:37,410 [pool-561-thread-1] INFO  server.RaftServerConfigKeys (ConfUtils.java:logGet(46)) - raft.server.log.force.sync.num = 128 (default)
2022-09-29 01:24:37,410 [pool-561-thread-1] INFO  server.RaftServerConfigKeys (ConfUtils.java:logGet(46)) - raft.server.log.statemachine.data.sync = true (default)
2022-09-29 01:24:37,410 [pool-561-thread-1] INFO  server.RaftServerConfigKeys (ConfUtils.java:logGet(46)) - raft.server.log.statemachine.data.sync.timeout = 10s (default)
2022-09-29 01:24:37,410 [pool-561-thread-1] INFO  server.RaftServerConfigKeys (ConfUtils.java:logGet(46)) - raft.server.log.statemachine.data.sync.timeout.retry = -1 (default)
2022-09-29 01:24:37,412 [pool-561-thread-1] INFO  server.RaftServerConfigKeys (ConfUtils.java:logGet(46)) - raft.server.log.write.buffer.size = 1048576 (custom)
2022-09-29 01:24:37,412 [pool-561-thread-1] INFO  server.RaftServerConfigKeys (ConfUtils.java:logGet(46)) - raft.server.log.unsafe-flush.enabled = false (default)
2022-09-29 01:24:37,412 [pool-561-thread-1] INFO  server.RaftServerConfigKeys (ConfUtils.java:logGet(46)) - raft.server.log.statemachine.data.caching.enabled = true (custom)
2022-09-29 01:24:37,412 [pool-561-thread-1] INFO  segmented.SegmentedRaftLogWorker (SegmentedRaftLogWorker.java:lambda$new$0(135)) - eb75263a-35bc-4aa4-abdf-1429eadebe27@group-BC5C0CCC31D8-SegmentedRaftLogWorker: flushIndex: setUnconditionally 0 -> -1
2022-09-29 01:24:37,412 [pool-561-thread-1] INFO  segmented.SegmentedRaftLogWorker (SegmentedRaftLogWorker.java:lambda$new$0(135)) - eb75263a-35bc-4aa4-abdf-1429eadebe27@group-BC5C0CCC31D8-SegmentedRaftLogWorker: safeCacheEvictIndex: setUnconditionally 0 -> -1
2022-09-29 01:24:37,424 [pool-561-thread-1] INFO  server.RaftServerConfigKeys (ConfUtils.java:logGet(46)) - raft.server.snapshot.auto.trigger.enabled = true (custom)
2022-09-29 01:24:37,424 [pool-561-thread-1] INFO  server.RaftServerConfigKeys (ConfUtils.java:logGet(46)) - raft.server.snapshot.auto.trigger.threshold = 10000 (custom)
2022-09-29 01:24:37,424 [pool-561-thread-1] INFO  server.RaftServerConfigKeys (ConfUtils.java:logGet(46)) - raft.server.snapshot.retention.file.num = 5 (custom)
2022-09-29 01:24:37,424 [pool-561-thread-1] INFO  server.RaftServerConfigKeys (ConfUtils.java:logGet(46)) - raft.server.log.purge.upto.snapshot.index = false (default)
2022-09-29 01:24:37,424 [pool-561-thread-1] INFO  server.RaftServerConfigKeys (ConfUtils.java:logGet(46)) - raft.server.retrycache.expirytime = 600000ms (custom)
2022-09-29 01:24:37,424 [pool-561-thread-1] INFO  server.RaftServerConfigKeys (ConfUtils.java:logGet(46)) - raft.server.retrycache.statistics.expirytime = 100μs (default)
2022-09-29 01:24:37,425 [pool-561-thread-1] INFO  server.RaftServerConfigKeys (ConfUtils.java:logGet(46)) - raft.server.log.appender.install.snapshot.enabled = false (custom)
2022-09-29 01:24:37,425 [pool-561-thread-1] INFO  server.RaftServerConfigKeys (ConfUtils.java:logGet(46)) - raft.server.threadpool.server.cached = true (default)
2022-09-29 01:24:37,425 [pool-561-thread-1] INFO  server.RaftServerConfigKeys (ConfUtils.java:logGet(46)) - raft.server.threadpool.server.size = 0 (default)
2022-09-29 01:24:37,425 [pool-561-thread-1] INFO  server.RaftServerConfigKeys (ConfUtils.java:logGet(46)) - raft.server.threadpool.client.cached = true (default)
2022-09-29 01:24:37,425 [pool-561-thread-1] INFO  server.RaftServerConfigKeys (ConfUtils.java:logGet(46)) - raft.server.threadpool.client.size = 0 (default)
2022-09-29 01:24:37,425 [pool-561-thread-1] INFO  server.RaftServer$Division (RaftServerImpl.java:start(310)) - eb75263a-35bc-4aa4-abdf-1429eadebe27@group-BC5C0CCC31D8: start as a follower, conf=-1: [eb75263a-35bc-4aa4-abdf-1429eadebe27|rpc:10.1.1.32:35225|priority:1], old=null
2022-09-29 01:24:37,425 [pool-561-thread-1] INFO  server.RaftServer$Division (RaftServerImpl.java:setRole(299)) - eb75263a-35bc-4aa4-abdf-1429eadebe27@group-BC5C0CCC31D8: changes role from      null to FOLLOWER at term 0 for startAsFollower
2022-09-29 01:24:37,429 [pool-561-thread-1] INFO  impl.RoleInfo (RoleInfo.java:updateAndGet(139)) - eb75263a-35bc-4aa4-abdf-1429eadebe27: start eb75263a-35bc-4aa4-abdf-1429eadebe27@group-BC5C0CCC31D8-FollowerState
2022-09-29 01:24:37,428 [EventQueue-OpenPipelineForHealthyPipelineSafeModeRule] INFO  safemode.SCMSafeModeManager (HealthyPipelineSafeModeRule.java:process(137)) - SCM in safe mode. Healthy pipelines reported count is 0, required healthy pipeline reported count is 1
2022-09-29 01:24:37,448 [pool-561-thread-1] INFO  util.JmxRegister (JmxRegister.java:tryRegister(44)) - Successfully registered JMX Bean with object name Ratis:service=RaftServer,group=group-BC5C0CCC31D8,id=eb75263a-35bc-4aa4-abdf-1429eadebe27
2022-09-29 01:24:37,449 [Command processor thread] INFO  ratis.XceiverServerRatis (XceiverServerRatis.java:addGroup(765)) - Created group PipelineID=9a70f4a3-f8e7-452f-938e-bc5c0ccc31d8
2022-09-29 01:24:37,449 [Command processor thread] INFO  commandhandler.CreatePipelineCommandHandler (CreatePipelineCommandHandler.java:handle(113)) - Created Pipeline RATIS ONE PipelineID=9a70f4a3-f8e7-452f-938e-bc5c0ccc31d8.
2022-09-29 01:24:37,449 [Command processor thread] INFO  server.RaftServer (RaftServerProxy.java:addNew(96)) - eb75263a-35bc-4aa4-abdf-1429eadebe27: addNew group-B035CDF62AE5:[f34d6e11-5365-479c-843a-46cf4fedc247|rpc:10.1.1.32:44237|priority:0, ab87e520-373e-4ae9-907d-be725358127d|rpc:10.1.1.32:33497|priority:0, eb75263a-35bc-4aa4-abdf-1429eadebe27|rpc:10.1.1.32:35225|priority:1] returns group-B035CDF62AE5:java.util.concurrent.CompletableFuture@27a57bf2[Not completed]
2022-09-29 01:24:37,450 [pool-561-thread-1] INFO  server.RaftServer$Division (RaftServerImpl.java:<init>(190)) - eb75263a-35bc-4aa4-abdf-1429eadebe27: new RaftServerImpl for group-B035CDF62AE5:[f34d6e11-5365-479c-843a-46cf4fedc247|rpc:10.1.1.32:44237|priority:0, ab87e520-373e-4ae9-907d-be725358127d|rpc:10.1.1.32:33497|priority:0, eb75263a-35bc-4aa4-abdf-1429eadebe27|rpc:10.1.1.32:35225|priority:1] with ContainerStateMachine:uninitialized
2022-09-29 01:24:37,450 [pool-561-thread-1] INFO  server.RaftServerConfigKeys (ConfUtils.java:logGet(46)) - raft.server.rpc.timeout.min = 5s (custom)
2022-09-29 01:24:37,450 [pool-561-thread-1] INFO  server.RaftServerConfigKeys (ConfUtils.java:logGet(46)) - raft.server.rpc.timeout.max = 5200ms (custom)
2022-09-29 01:24:37,450 [pool-561-thread-1] INFO  server.RaftServerConfigKeys (ConfUtils.java:logGet(46)) - raft.server.rpc.sleep.time = 25ms (default)
2022-09-29 01:24:37,450 [pool-561-thread-1] INFO  server.RaftServerConfigKeys (ConfUtils.java:logGet(46)) - raft.server.rpc.slowness.timeout = 300s (custom)
2022-09-29 01:24:37,450 [pool-561-thread-1] INFO  server.RaftServerConfigKeys (ConfUtils.java:logGet(46)) - raft.server.leaderelection.leader.step-down.wait-time = 10s (default)
2022-09-29 01:24:37,450 [pool-561-thread-1] INFO  server.RaftServerConfigKeys (ConfUtils.java:logGet(46)) - raft.server.sleep.deviation.threshold = 300ms (default)
2022-09-29 01:24:37,450 [pool-561-thread-1] INFO  server.RaftServer$Division (ServerState.java:<init>(107)) - eb75263a-35bc-4aa4-abdf-1429eadebe27@group-B035CDF62AE5: ConfigurationManager, init=-1: [f34d6e11-5365-479c-843a-46cf4fedc247|rpc:10.1.1.32:44237|priority:0, ab87e520-373e-4ae9-907d-be725358127d|rpc:10.1.1.32:33497|priority:0, eb75263a-35bc-4aa4-abdf-1429eadebe27|rpc:10.1.1.32:35225|priority:1], old=null, confs=<EMPTY_MAP>
2022-09-29 01:24:37,450 [pool-561-thread-1] INFO  server.RaftServerConfigKeys (ConfUtils.java:logGet(46)) - raft.server.storage.dir = [/home/runner/work/ozone/ozone/hadoop-ozone/integration-test/target/test-dir/MiniOzoneClusterImpl-0d15d221-0049-42ab-bf49-1e4b736e68e8/datanode-0/data/ratis] (custom)
2022-09-29 01:24:37,450 [pool-561-thread-1] INFO  server.RaftServerConfigKeys (ConfUtils.java:logGet(46)) - raft.server.log.corruption.policy = EXCEPTION (default)
2022-09-29 01:24:37,450 [pool-561-thread-1] INFO  server.RaftServerConfigKeys (ConfUtils.java:logGet(46)) - raft.server.storage.free-space.min = 0MB (=0) (default)
2022-09-29 01:24:37,450 [pool-561-thread-1] INFO  storage.RaftStorageDirectory (RaftStorageDirectoryImpl.java:analyzeStorage(135)) - The storage directory /home/runner/work/ozone/ozone/hadoop-ozone/integration-test/target/test-dir/MiniOzoneClusterImpl-0d15d221-0049-42ab-bf49-1e4b736e68e8/datanode-0/data/ratis/a2f31a6a-ddfc-44a5-af3e-b035cdf62ae5 does not exist. Creating ...
2022-09-29 01:24:37,452 [pool-561-thread-1] INFO  storage.RaftStorageDirectory (RaftStorageDirectoryImpl.java:tryLock(230)) - Lock on /home/runner/work/ozone/ozone/hadoop-ozone/integration-test/target/test-dir/MiniOzoneClusterImpl-0d15d221-0049-42ab-bf49-1e4b736e68e8/datanode-0/data/ratis/a2f31a6a-ddfc-44a5-af3e-b035cdf62ae5/in_use.lock acquired by nodename 41909@fv-az182-579
2022-09-29 01:24:37,453 [pool-561-thread-1] INFO  storage.RaftStorage (RaftStorageImpl.java:format(89)) - Storage directory /home/runner/work/ozone/ozone/hadoop-ozone/integration-test/target/test-dir/MiniOzoneClusterImpl-0d15d221-0049-42ab-bf49-1e4b736e68e8/datanode-0/data/ratis/a2f31a6a-ddfc-44a5-af3e-b035cdf62ae5 has been successfully formatted.
2022-09-29 01:24:37,453 [pool-561-thread-1] INFO  ratis.ContainerStateMachine (ContainerStateMachine.java:loadSnapshot(236)) - group-B035CDF62AE5: The snapshot info is null. Setting the last applied indexto:(t:0, i:~)
2022-09-29 01:24:37,453 [pool-561-thread-1] INFO  server.RaftServerConfigKeys (ConfUtils.java:logGet(46)) - raft.server.notification.no-leader.timeout = 300s (custom)
2022-09-29 01:24:37,453 [pool-561-thread-1] INFO  server.RaftServerConfigKeys (ConfUtils.java:logGet(46)) - raft.server.log.use.memory = false (default)
2022-09-29 01:24:37,453 [pool-561-thread-1] INFO  server.RaftServerConfigKeys (ConfUtils.java:logGet(46)) - raft.server.log.purge.gap = 1000000 (custom)
2022-09-29 01:24:37,453 [pool-561-thread-1] INFO  server.RaftServerConfigKeys (ConfUtils.java:logGet(46)) - raft.server.log.appender.buffer.byte-limit = 33554432 (custom)
2022-09-29 01:24:37,453 [pool-561-thread-1] INFO  server.RaftServerConfigKeys (ConfUtils.java:logGet(46)) - raft.server.log.statemachine.data.read.timeout = 1000ms (default)
2022-09-29 01:24:37,454 [pool-561-thread-1] INFO  server.RaftServerConfigKeys (ConfUtils.java:logGet(46)) - raft.server.log.segment.size.max = 1048576 (custom)
2022-09-29 01:24:37,454 [pool-561-thread-1] INFO  server.RaftServerConfigKeys (ConfUtils.java:logGet(46)) - raft.server.log.segment.cache.num.max = 2 (custom)
2022-09-29 01:24:37,454 [pool-561-thread-1] INFO  server.RaftServerConfigKeys (ConfUtils.java:logGet(46)) - raft.server.log.segment.cache.size.max = 200MB (=209715200) (default)
2022-09-29 01:24:37,454 [pool-561-thread-1] INFO  segmented.SegmentedRaftLogWorker (SegmentedRaftLogWorker.java:<init>(187)) - new eb75263a-35bc-4aa4-abdf-1429eadebe27@group-B035CDF62AE5-SegmentedRaftLogWorker for RaftStorageImpl:Storage Directory /home/runner/work/ozone/ozone/hadoop-ozone/integration-test/target/test-dir/MiniOzoneClusterImpl-0d15d221-0049-42ab-bf49-1e4b736e68e8/datanode-0/data/ratis/a2f31a6a-ddfc-44a5-af3e-b035cdf62ae5
2022-09-29 01:24:37,454 [pool-561-thread-1] INFO  server.RaftServerConfigKeys (ConfUtils.java:logGet(46)) - raft.server.log.queue.byte-limit = 4294967296 (custom)
2022-09-29 01:24:37,454 [pool-561-thread-1] INFO  server.RaftServerConfigKeys (ConfUtils.java:logGet(46)) - raft.server.log.queue.element-limit = 1024 (custom)
2022-09-29 01:24:37,454 [pool-561-thread-1] INFO  server.RaftServerConfigKeys (ConfUtils.java:logGet(46)) - raft.server.log.segment.size.max = 1048576 (custom)
2022-09-29 01:24:37,454 [pool-561-thread-1] INFO  server.RaftServerConfigKeys (ConfUtils.java:logGet(46)) - raft.server.log.preallocated.size = 16384 (custom)
2022-09-29 01:24:37,454 [pool-561-thread-1] INFO  server.RaftServerConfigKeys (ConfUtils.java:logGet(46)) - raft.server.log.force.sync.num = 128 (default)
2022-09-29 01:24:37,454 [pool-561-thread-1] INFO  server.RaftServerConfigKeys (ConfUtils.java:logGet(46)) - raft.server.log.statemachine.data.sync = true (default)
2022-09-29 01:24:37,454 [pool-561-thread-1] INFO  server.RaftServerConfigKeys (ConfUtils.java:logGet(46)) - raft.server.log.statemachine.data.sync.timeout = 10s (default)
2022-09-29 01:24:37,454 [pool-561-thread-1] INFO  server.RaftServerConfigKeys (ConfUtils.java:logGet(46)) - raft.server.log.statemachine.data.sync.timeout.retry = -1 (default)
2022-09-29 01:24:37,455 [pool-561-thread-1] INFO  server.RaftServerConfigKeys (ConfUtils.java:logGet(46)) - raft.server.log.write.buffer.size = 1048576 (custom)
2022-09-29 01:24:37,455 [pool-561-thread-1] INFO  server.RaftServerConfigKeys (ConfUtils.java:logGet(46)) - raft.server.log.unsafe-flush.enabled = false (default)
2022-09-29 01:24:37,455 [pool-561-thread-1] INFO  server.RaftServerConfigKeys (ConfUtils.java:logGet(46)) - raft.server.log.statemachine.data.caching.enabled = true (custom)
2022-09-29 01:24:37,455 [pool-561-thread-1] INFO  segmented.SegmentedRaftLogWorker (SegmentedRaftLogWorker.java:lambda$new$0(135)) - eb75263a-35bc-4aa4-abdf-1429eadebe27@group-B035CDF62AE5-SegmentedRaftLogWorker: flushIndex: setUnconditionally 0 -> -1
2022-09-29 01:24:37,456 [pool-561-thread-1] INFO  segmented.SegmentedRaftLogWorker (SegmentedRaftLogWorker.java:lambda$new$0(135)) - eb75263a-35bc-4aa4-abdf-1429eadebe27@group-B035CDF62AE5-SegmentedRaftLogWorker: safeCacheEvictIndex: setUnconditionally 0 -> -1
2022-09-29 01:24:37,461 [pool-561-thread-1] INFO  server.RaftServerConfigKeys (ConfUtils.java:logGet(46)) - raft.server.snapshot.auto.trigger.enabled = true (custom)
2022-09-29 01:24:37,461 [pool-561-thread-1] INFO  server.RaftServerConfigKeys (ConfUtils.java:logGet(46)) - raft.server.snapshot.auto.trigger.threshold = 10000 (custom)
2022-09-29 01:24:37,461 [pool-561-thread-1] INFO  server.RaftServerConfigKeys (ConfUtils.java:logGet(46)) - raft.server.snapshot.retention.file.num = 5 (custom)
2022-09-29 01:24:37,462 [pool-561-thread-1] INFO  server.RaftServerConfigKeys (ConfUtils.java:logGet(46)) - raft.server.log.purge.upto.snapshot.index = false (default)
2022-09-29 01:24:37,462 [pool-561-thread-1] INFO  server.RaftServerConfigKeys (ConfUtils.java:logGet(46)) - raft.server.retrycache.expirytime = 600000ms (custom)
2022-09-29 01:24:37,462 [pool-561-thread-1] INFO  server.RaftServerConfigKeys (ConfUtils.java:logGet(46)) - raft.server.retrycache.statistics.expirytime = 100μs (default)
2022-09-29 01:24:37,463 [pool-561-thread-1] INFO  server.RaftServerConfigKeys (ConfUtils.java:logGet(46)) - raft.server.log.appender.install.snapshot.enabled = false (custom)
2022-09-29 01:24:37,463 [pool-561-thread-1] INFO  server.RaftServerConfigKeys (ConfUtils.java:logGet(46)) - raft.server.threadpool.server.cached = true (default)
2022-09-29 01:24:37,463 [pool-561-thread-1] INFO  server.RaftServerConfigKeys (ConfUtils.java:logGet(46)) - raft.server.threadpool.server.size = 0 (default)
2022-09-29 01:24:37,463 [pool-561-thread-1] INFO  server.RaftServerConfigKeys (ConfUtils.java:logGet(46)) - raft.server.threadpool.client.cached = true (default)
2022-09-29 01:24:37,463 [pool-561-thread-1] INFO  server.RaftServerConfigKeys (ConfUtils.java:logGet(46)) - raft.server.threadpool.client.size = 0 (default)
2022-09-29 01:24:37,463 [pool-561-thread-1] INFO  server.RaftServer$Division (RaftServerImpl.java:start(310)) - eb75263a-35bc-4aa4-abdf-1429eadebe27@group-B035CDF62AE5: start as a follower, conf=-1: [f34d6e11-5365-479c-843a-46cf4fedc247|rpc:10.1.1.32:44237|priority:0, ab87e520-373e-4ae9-907d-be725358127d|rpc:10.1.1.32:33497|priority:0, eb75263a-35bc-4aa4-abdf-1429eadebe27|rpc:10.1.1.32:35225|priority:1], old=null
2022-09-29 01:24:37,463 [pool-561-thread-1] INFO  server.RaftServer$Division (RaftServerImpl.java:setRole(299)) - eb75263a-35bc-4aa4-abdf-1429eadebe27@group-B035CDF62AE5: changes role from      null to FOLLOWER at term 0 for startAsFollower
2022-09-29 01:24:37,463 [pool-561-thread-1] INFO  impl.RoleInfo (RoleInfo.java:updateAndGet(139)) - eb75263a-35bc-4aa4-abdf-1429eadebe27: start eb75263a-35bc-4aa4-abdf-1429eadebe27@group-B035CDF62AE5-FollowerState
2022-09-29 01:24:37,468 [pool-561-thread-1] INFO  util.JmxRegister (JmxRegister.java:tryRegister(44)) - Successfully registered JMX Bean with object name Ratis:service=RaftServer,group=group-B035CDF62AE5,id=eb75263a-35bc-4aa4-abdf-1429eadebe27
2022-09-29 01:24:37,472 [Command processor thread] INFO  ratis.XceiverServerRatis (XceiverServerRatis.java:addGroup(765)) - Created group PipelineID=a2f31a6a-ddfc-44a5-af3e-b035cdf62ae5
2022-09-29 01:24:37,473 [EventQueue-OpenPipelineForHealthyPipelineSafeModeRule] INFO  safemode.SCMSafeModeManager (HealthyPipelineSafeModeRule.java:process(137)) - SCM in safe mode. Healthy pipelines reported count is 0, required healthy pipeline reported count is 1
2022-09-29 01:24:37,495 [grpc-default-executor-0] INFO  server.RaftServer (RaftServerProxy.java:addNew(96)) - ab87e520-373e-4ae9-907d-be725358127d: addNew group-B035CDF62AE5:[f34d6e11-5365-479c-843a-46cf4fedc247|rpc:10.1.1.32:44237|dataStream:|priority:0, ab87e520-373e-4ae9-907d-be725358127d|rpc:10.1.1.32:33497|dataStream:|priority:0, eb75263a-35bc-4aa4-abdf-1429eadebe27|rpc:10.1.1.32:35225|dataStream:|priority:1] returns group-B035CDF62AE5:java.util.concurrent.CompletableFuture@3eeff4e8[Not completed]
2022-09-29 01:24:37,496 [pool-584-thread-1] INFO  server.RaftServer$Division (RaftServerImpl.java:<init>(190)) - ab87e520-373e-4ae9-907d-be725358127d: new RaftServerImpl for group-B035CDF62AE5:[f34d6e11-5365-479c-843a-46cf4fedc247|rpc:10.1.1.32:44237|dataStream:|priority:0, ab87e520-373e-4ae9-907d-be725358127d|rpc:10.1.1.32:33497|dataStream:|priority:0, eb75263a-35bc-4aa4-abdf-1429eadebe27|rpc:10.1.1.32:35225|dataStream:|priority:1] with ContainerStateMachine:uninitialized
2022-09-29 01:24:37,496 [pool-584-thread-1] INFO  server.RaftServerConfigKeys (ConfUtils.java:logGet(46)) - raft.server.rpc.timeout.min = 5s (custom)
2022-09-29 01:24:37,496 [pool-584-thread-1] INFO  server.RaftServerConfigKeys (ConfUtils.java:logGet(46)) - raft.server.rpc.timeout.max = 5200ms (custom)
2022-09-29 01:24:37,496 [pool-584-thread-1] INFO  server.RaftServerConfigKeys (ConfUtils.java:logGet(46)) - raft.server.rpc.sleep.time = 25ms (default)
2022-09-29 01:24:37,496 [pool-584-thread-1] INFO  server.RaftServerConfigKeys (ConfUtils.java:logGet(46)) - raft.server.rpc.slowness.timeout = 300s (custom)
2022-09-29 01:24:37,496 [pool-584-thread-1] INFO  server.RaftServerConfigKeys (ConfUtils.java:logGet(46)) - raft.server.leaderelection.leader.step-down.wait-time = 10s (default)
2022-09-29 01:24:37,496 [pool-584-thread-1] INFO  server.RaftServerConfigKeys (ConfUtils.java:logGet(46)) - raft.server.sleep.deviation.threshold = 300ms (default)
2022-09-29 01:24:37,496 [pool-584-thread-1] INFO  server.RaftServer$Division (ServerState.java:<init>(107)) - ab87e520-373e-4ae9-907d-be725358127d@group-B035CDF62AE5: ConfigurationManager, init=-1: [f34d6e11-5365-479c-843a-46cf4fedc247|rpc:10.1.1.32:44237|dataStream:|priority:0, ab87e520-373e-4ae9-907d-be725358127d|rpc:10.1.1.32:33497|dataStream:|priority:0, eb75263a-35bc-4aa4-abdf-1429eadebe27|rpc:10.1.1.32:35225|dataStream:|priority:1], old=null, confs=<EMPTY_MAP>
2022-09-29 01:24:37,496 [pool-584-thread-1] INFO  server.RaftServerConfigKeys (ConfUtils.java:logGet(46)) - raft.server.storage.dir = [/home/runner/work/ozone/ozone/hadoop-ozone/integration-test/target/test-dir/MiniOzoneClusterImpl-0d15d221-0049-42ab-bf49-1e4b736e68e8/datanode-1/data/ratis] (custom)
2022-09-29 01:24:37,496 [pool-584-thread-1] INFO  server.RaftServerConfigKeys (ConfUtils.java:logGet(46)) - raft.server.log.corruption.policy = EXCEPTION (default)
2022-09-29 01:24:37,496 [pool-584-thread-1] INFO  server.RaftServerConfigKeys (ConfUtils.java:logGet(46)) - raft.server.storage.free-space.min = 0MB (=0) (default)
2022-09-29 01:24:37,515 [pool-584-thread-1] INFO  storage.RaftStorageDirectory (RaftStorageDirectoryImpl.java:analyzeStorage(135)) - The storage directory /home/runner/work/ozone/ozone/hadoop-ozone/integration-test/target/test-dir/MiniOzoneClusterImpl-0d15d221-0049-42ab-bf49-1e4b736e68e8/datanode-1/data/ratis/a2f31a6a-ddfc-44a5-af3e-b035cdf62ae5 does not exist. Creating ...
2022-09-29 01:24:37,520 [pool-584-thread-1] INFO  storage.RaftStorageDirectory (RaftStorageDirectoryImpl.java:tryLock(230)) - Lock on /home/runner/work/ozone/ozone/hadoop-ozone/integration-test/target/test-dir/MiniOzoneClusterImpl-0d15d221-0049-42ab-bf49-1e4b736e68e8/datanode-1/data/ratis/a2f31a6a-ddfc-44a5-af3e-b035cdf62ae5/in_use.lock acquired by nodename 41909@fv-az182-579
2022-09-29 01:24:37,523 [pool-584-thread-1] INFO  storage.RaftStorage (RaftStorageImpl.java:format(89)) - Storage directory /home/runner/work/ozone/ozone/hadoop-ozone/integration-test/target/test-dir/MiniOzoneClusterImpl-0d15d221-0049-42ab-bf49-1e4b736e68e8/datanode-1/data/ratis/a2f31a6a-ddfc-44a5-af3e-b035cdf62ae5 has been successfully formatted.
2022-09-29 01:24:37,524 [pool-584-thread-1] INFO  ratis.ContainerStateMachine (ContainerStateMachine.java:loadSnapshot(236)) - group-B035CDF62AE5: The snapshot info is null. Setting the last applied indexto:(t:0, i:~)
2022-09-29 01:24:37,525 [pool-584-thread-1] INFO  server.RaftServerConfigKeys (ConfUtils.java:logGet(46)) - raft.server.notification.no-leader.timeout = 300s (custom)
2022-09-29 01:24:37,525 [pool-584-thread-1] INFO  server.RaftServerConfigKeys (ConfUtils.java:logGet(46)) - raft.server.log.use.memory = false (default)
2022-09-29 01:24:37,525 [pool-584-thread-1] INFO  server.RaftServerConfigKeys (ConfUtils.java:logGet(46)) - raft.server.log.purge.gap = 1000000 (custom)
2022-09-29 01:24:37,525 [pool-584-thread-1] INFO  server.RaftServerConfigKeys (ConfUtils.java:logGet(46)) - raft.server.log.appender.buffer.byte-limit = 33554432 (custom)
2022-09-29 01:24:37,525 [pool-584-thread-1] INFO  server.RaftServerConfigKeys (ConfUtils.java:logGet(46)) - raft.server.log.statemachine.data.read.timeout = 1000ms (default)
2022-09-29 01:24:37,525 [pool-584-thread-1] INFO  server.RaftServerConfigKeys (ConfUtils.java:logGet(46)) - raft.server.log.segment.size.max = 1048576 (custom)
2022-09-29 01:24:37,526 [pool-584-thread-1] INFO  server.RaftServerConfigKeys (ConfUtils.java:logGet(46)) - raft.server.log.segment.cache.num.max = 2 (custom)
2022-09-29 01:24:37,526 [pool-584-thread-1] INFO  server.RaftServerConfigKeys (ConfUtils.java:logGet(46)) - raft.server.log.segment.cache.size.max = 200MB (=209715200) (default)
2022-09-29 01:24:37,526 [pool-584-thread-1] INFO  segmented.SegmentedRaftLogWorker (SegmentedRaftLogWorker.java:<init>(187)) - new ab87e520-373e-4ae9-907d-be725358127d@group-B035CDF62AE5-SegmentedRaftLogWorker for RaftStorageImpl:Storage Directory /home/runner/work/ozone/ozone/hadoop-ozone/integration-test/target/test-dir/MiniOzoneClusterImpl-0d15d221-0049-42ab-bf49-1e4b736e68e8/datanode-1/data/ratis/a2f31a6a-ddfc-44a5-af3e-b035cdf62ae5
2022-09-29 01:24:37,528 [pool-584-thread-1] INFO  server.RaftServerConfigKeys (ConfUtils.java:logGet(46)) - raft.server.log.queue.byte-limit = 4294967296 (custom)
2022-09-29 01:24:37,528 [pool-584-thread-1] INFO  server.RaftServerConfigKeys (ConfUtils.java:logGet(46)) - raft.server.log.queue.element-limit = 1024 (custom)
2022-09-29 01:24:37,528 [pool-584-thread-1] INFO  server.RaftServerConfigKeys (ConfUtils.java:logGet(46)) - raft.server.log.segment.size.max = 1048576 (custom)
2022-09-29 01:24:37,528 [pool-584-thread-1] INFO  server.RaftServerConfigKeys (ConfUtils.java:logGet(46)) - raft.server.log.preallocated.size = 16384 (custom)
2022-09-29 01:24:37,528 [pool-584-thread-1] INFO  server.RaftServerConfigKeys (ConfUtils.java:logGet(46)) - raft.server.log.force.sync.num = 128 (default)
2022-09-29 01:24:37,528 [pool-584-thread-1] INFO  server.RaftServerConfigKeys (ConfUtils.java:logGet(46)) - raft.server.log.statemachine.data.sync = true (default)
2022-09-29 01:24:37,528 [pool-584-thread-1] INFO  server.RaftServerConfigKeys (ConfUtils.java:logGet(46)) - raft.server.log.statemachine.data.sync.timeout = 10s (default)
2022-09-29 01:24:37,528 [pool-584-thread-1] INFO  server.RaftServerConfigKeys (ConfUtils.java:logGet(46)) - raft.server.log.statemachine.data.sync.timeout.retry = -1 (default)
2022-09-29 01:24:37,529 [pool-584-thread-1] INFO  server.RaftServerConfigKeys (ConfUtils.java:logGet(46)) - raft.server.log.write.buffer.size = 1048576 (custom)
2022-09-29 01:24:37,529 [pool-584-thread-1] INFO  server.RaftServerConfigKeys (ConfUtils.java:logGet(46)) - raft.server.log.unsafe-flush.enabled = false (default)
2022-09-29 01:24:37,529 [pool-584-thread-1] INFO  server.RaftServerConfigKeys (ConfUtils.java:logGet(46)) - raft.server.log.statemachine.data.caching.enabled = true (custom)
2022-09-29 01:24:37,529 [pool-584-thread-1] INFO  segmented.SegmentedRaftLogWorker (SegmentedRaftLogWorker.java:lambda$new$0(135)) - ab87e520-373e-4ae9-907d-be725358127d@group-B035CDF62AE5-SegmentedRaftLogWorker: flushIndex: setUnconditionally 0 -> -1
2022-09-29 01:24:37,529 [pool-584-thread-1] INFO  segmented.SegmentedRaftLogWorker (SegmentedRaftLogWorker.java:lambda$new$0(135)) - ab87e520-373e-4ae9-907d-be725358127d@group-B035CDF62AE5-SegmentedRaftLogWorker: safeCacheEvictIndex: setUnconditionally 0 -> -1
2022-09-29 01:24:37,530 [pool-584-thread-1] INFO  server.RaftServerConfigKeys (ConfUtils.java:logGet(46)) - raft.server.snapshot.auto.trigger.enabled = true (custom)
2022-09-29 01:24:37,530 [pool-584-thread-1] INFO  server.RaftServerConfigKeys (ConfUtils.java:logGet(46)) - raft.server.snapshot.auto.trigger.threshold = 10000 (custom)
2022-09-29 01:24:37,530 [pool-584-thread-1] INFO  server.RaftServerConfigKeys (ConfUtils.java:logGet(46)) - raft.server.snapshot.retention.file.num = 5 (custom)
2022-09-29 01:24:37,530 [pool-584-thread-1] INFO  server.RaftServerConfigKeys (ConfUtils.java:logGet(46)) - raft.server.log.purge.upto.snapshot.index = false (default)
2022-09-29 01:24:37,530 [pool-584-thread-1] INFO  server.RaftServerConfigKeys (ConfUtils.java:logGet(46)) - raft.server.retrycache.expirytime = 600000ms (custom)
2022-09-29 01:24:37,530 [pool-584-thread-1] INFO  server.RaftServerConfigKeys (ConfUtils.java:logGet(46)) - raft.server.retrycache.statistics.expirytime = 100μs (default)
2022-09-29 01:24:37,531 [pool-584-thread-1] INFO  server.RaftServerConfigKeys (ConfUtils.java:logGet(46)) - raft.server.log.appender.install.snapshot.enabled = false (custom)
2022-09-29 01:24:37,531 [pool-584-thread-1] INFO  server.RaftServerConfigKeys (ConfUtils.java:logGet(46)) - raft.server.threadpool.server.cached = true (default)
2022-09-29 01:24:37,531 [pool-584-thread-1] INFO  server.RaftServerConfigKeys (ConfUtils.java:logGet(46)) - raft.server.threadpool.server.size = 0 (default)
2022-09-29 01:24:37,531 [pool-584-thread-1] INFO  server.RaftServerConfigKeys (ConfUtils.java:logGet(46)) - raft.server.threadpool.client.cached = true (default)
2022-09-29 01:24:37,531 [pool-584-thread-1] INFO  server.RaftServerConfigKeys (ConfUtils.java:logGet(46)) - raft.server.threadpool.client.size = 0 (default)
2022-09-29 01:24:37,531 [pool-584-thread-1] INFO  server.RaftServer$Division (RaftServerImpl.java:start(310)) - ab87e520-373e-4ae9-907d-be725358127d@group-B035CDF62AE5: start as a follower, conf=-1: [f34d6e11-5365-479c-843a-46cf4fedc247|rpc:10.1.1.32:44237|dataStream:|priority:0, ab87e520-373e-4ae9-907d-be725358127d|rpc:10.1.1.32:33497|dataStream:|priority:0, eb75263a-35bc-4aa4-abdf-1429eadebe27|rpc:10.1.1.32:35225|dataStream:|priority:1], old=null
2022-09-29 01:24:37,531 [pool-584-thread-1] INFO  server.RaftServer$Division (RaftServerImpl.java:setRole(299)) - ab87e520-373e-4ae9-907d-be725358127d@group-B035CDF62AE5: changes role from      null to FOLLOWER at term 0 for startAsFollower
2022-09-29 01:24:37,531 [pool-584-thread-1] INFO  impl.RoleInfo (RoleInfo.java:updateAndGet(139)) - ab87e520-373e-4ae9-907d-be725358127d: start ab87e520-373e-4ae9-907d-be725358127d@group-B035CDF62AE5-FollowerState
2022-09-29 01:24:37,531 [pool-584-thread-1] INFO  util.JmxRegister (JmxRegister.java:tryRegister(44)) - Successfully registered JMX Bean with object name Ratis:service=RaftServer,group=group-B035CDF62AE5,id=ab87e520-373e-4ae9-907d-be725358127d
2022-09-29 01:24:37,596 [grpc-default-executor-0] INFO  server.RaftServer (RaftServerProxy.java:addNew(96)) - f34d6e11-5365-479c-843a-46cf4fedc247: addNew group-B035CDF62AE5:[f34d6e11-5365-479c-843a-46cf4fedc247|rpc:10.1.1.32:44237|dataStream:|priority:0, ab87e520-373e-4ae9-907d-be725358127d|rpc:10.1.1.32:33497|dataStream:|priority:0, eb75263a-35bc-4aa4-abdf-1429eadebe27|rpc:10.1.1.32:35225|dataStream:|priority:1] returns group-B035CDF62AE5:java.util.concurrent.CompletableFuture@3a0a065b[Not completed]
2022-09-29 01:24:37,601 [pool-607-thread-1] INFO  server.RaftServer$Division (RaftServerImpl.java:<init>(190)) - f34d6e11-5365-479c-843a-46cf4fedc247: new RaftServerImpl for group-B035CDF62AE5:[f34d6e11-5365-479c-843a-46cf4fedc247|rpc:10.1.1.32:44237|dataStream:|priority:0, ab87e520-373e-4ae9-907d-be725358127d|rpc:10.1.1.32:33497|dataStream:|priority:0, eb75263a-35bc-4aa4-abdf-1429eadebe27|rpc:10.1.1.32:35225|dataStream:|priority:1] with ContainerStateMachine:uninitialized
2022-09-29 01:24:37,601 [pool-607-thread-1] INFO  server.RaftServerConfigKeys (ConfUtils.java:logGet(46)) - raft.server.rpc.timeout.min = 5s (custom)
2022-09-29 01:24:37,601 [pool-607-thread-1] INFO  server.RaftServerConfigKeys (ConfUtils.java:logGet(46)) - raft.server.rpc.timeout.max = 5200ms (custom)
2022-09-29 01:24:37,601 [pool-607-thread-1] INFO  server.RaftServerConfigKeys (ConfUtils.java:logGet(46)) - raft.server.rpc.sleep.time = 25ms (default)
2022-09-29 01:24:37,601 [pool-607-thread-1] INFO  server.RaftServerConfigKeys (ConfUtils.java:logGet(46)) - raft.server.rpc.slowness.timeout = 300s (custom)
2022-09-29 01:24:37,601 [pool-607-thread-1] INFO  server.RaftServerConfigKeys (ConfUtils.java:logGet(46)) - raft.server.leaderelection.leader.step-down.wait-time = 10s (default)
2022-09-29 01:24:37,601 [pool-607-thread-1] INFO  server.RaftServerConfigKeys (ConfUtils.java:logGet(46)) - raft.server.sleep.deviation.threshold = 300ms (default)
2022-09-29 01:24:37,601 [pool-607-thread-1] INFO  server.RaftServer$Division (ServerState.java:<init>(107)) - f34d6e11-5365-479c-843a-46cf4fedc247@group-B035CDF62AE5: ConfigurationManager, init=-1: [f34d6e11-5365-479c-843a-46cf4fedc247|rpc:10.1.1.32:44237|dataStream:|priority:0, ab87e520-373e-4ae9-907d-be725358127d|rpc:10.1.1.32:33497|dataStream:|priority:0, eb75263a-35bc-4aa4-abdf-1429eadebe27|rpc:10.1.1.32:35225|dataStream:|priority:1], old=null, confs=<EMPTY_MAP>
2022-09-29 01:24:37,601 [pool-607-thread-1] INFO  server.RaftServerConfigKeys (ConfUtils.java:logGet(46)) - raft.server.storage.dir = [/home/runner/work/ozone/ozone/hadoop-ozone/integration-test/target/test-dir/MiniOzoneClusterImpl-0d15d221-0049-42ab-bf49-1e4b736e68e8/datanode-2/data/ratis] (custom)
2022-09-29 01:24:37,601 [pool-607-thread-1] INFO  server.RaftServerConfigKeys (ConfUtils.java:logGet(46)) - raft.server.log.corruption.policy = EXCEPTION (default)
2022-09-29 01:24:37,601 [pool-607-thread-1] INFO  server.RaftServerConfigKeys (ConfUtils.java:logGet(46)) - raft.server.storage.free-space.min = 0MB (=0) (default)
2022-09-29 01:24:37,602 [pool-607-thread-1] INFO  storage.RaftStorageDirectory (RaftStorageDirectoryImpl.java:analyzeStorage(135)) - The storage directory /home/runner/work/ozone/ozone/hadoop-ozone/integration-test/target/test-dir/MiniOzoneClusterImpl-0d15d221-0049-42ab-bf49-1e4b736e68e8/datanode-2/data/ratis/a2f31a6a-ddfc-44a5-af3e-b035cdf62ae5 does not exist. Creating ...
2022-09-29 01:24:37,603 [pool-607-thread-1] INFO  storage.RaftStorageDirectory (RaftStorageDirectoryImpl.java:tryLock(230)) - Lock on /home/runner/work/ozone/ozone/hadoop-ozone/integration-test/target/test-dir/MiniOzoneClusterImpl-0d15d221-0049-42ab-bf49-1e4b736e68e8/datanode-2/data/ratis/a2f31a6a-ddfc-44a5-af3e-b035cdf62ae5/in_use.lock acquired by nodename 41909@fv-az182-579
2022-09-29 01:24:37,604 [pool-607-thread-1] INFO  storage.RaftStorage (RaftStorageImpl.java:format(89)) - Storage directory /home/runner/work/ozone/ozone/hadoop-ozone/integration-test/target/test-dir/MiniOzoneClusterImpl-0d15d221-0049-42ab-bf49-1e4b736e68e8/datanode-2/data/ratis/a2f31a6a-ddfc-44a5-af3e-b035cdf62ae5 has been successfully formatted.
2022-09-29 01:24:37,616 [pool-607-thread-1] INFO  ratis.ContainerStateMachine (ContainerStateMachine.java:loadSnapshot(236)) - group-B035CDF62AE5: The snapshot info is null. Setting the last applied indexto:(t:0, i:~)
2022-09-29 01:24:37,616 [pool-607-thread-1] INFO  server.RaftServerConfigKeys (ConfUtils.java:logGet(46)) - raft.server.notification.no-leader.timeout = 300s (custom)
2022-09-29 01:24:37,617 [pool-607-thread-1] INFO  server.RaftServerConfigKeys (ConfUtils.java:logGet(46)) - raft.server.log.use.memory = false (default)
2022-09-29 01:24:37,618 [pool-607-thread-1] INFO  server.RaftServerConfigKeys (ConfUtils.java:logGet(46)) - raft.server.log.purge.gap = 1000000 (custom)
2022-09-29 01:24:37,618 [pool-607-thread-1] INFO  server.RaftServerConfigKeys (ConfUtils.java:logGet(46)) - raft.server.log.appender.buffer.byte-limit = 33554432 (custom)
2022-09-29 01:24:37,618 [pool-607-thread-1] INFO  server.RaftServerConfigKeys (ConfUtils.java:logGet(46)) - raft.server.log.statemachine.data.read.timeout = 1000ms (default)
2022-09-29 01:24:37,618 [pool-607-thread-1] INFO  server.RaftServerConfigKeys (ConfUtils.java:logGet(46)) - raft.server.log.segment.size.max = 1048576 (custom)
2022-09-29 01:24:37,619 [pool-607-thread-1] INFO  server.RaftServerConfigKeys (ConfUtils.java:logGet(46)) - raft.server.log.segment.cache.num.max = 2 (custom)
2022-09-29 01:24:37,619 [pool-607-thread-1] INFO  server.RaftServerConfigKeys (ConfUtils.java:logGet(46)) - raft.server.log.segment.cache.size.max = 200MB (=209715200) (default)
2022-09-29 01:24:37,620 [pool-607-thread-1] INFO  segmented.SegmentedRaftLogWorker (SegmentedRaftLogWorker.java:<init>(187)) - new f34d6e11-5365-479c-843a-46cf4fedc247@group-B035CDF62AE5-SegmentedRaftLogWorker for RaftStorageImpl:Storage Directory /home/runner/work/ozone/ozone/hadoop-ozone/integration-test/target/test-dir/MiniOzoneClusterImpl-0d15d221-0049-42ab-bf49-1e4b736e68e8/datanode-2/data/ratis/a2f31a6a-ddfc-44a5-af3e-b035cdf62ae5
2022-09-29 01:24:37,620 [pool-607-thread-1] INFO  server.RaftServerConfigKeys (ConfUtils.java:logGet(46)) - raft.server.log.queue.byte-limit = 4294967296 (custom)
2022-09-29 01:24:37,620 [pool-607-thread-1] INFO  server.RaftServerConfigKeys (ConfUtils.java:logGet(46)) - raft.server.log.queue.element-limit = 1024 (custom)
2022-09-29 01:24:37,620 [pool-607-thread-1] INFO  server.RaftServerConfigKeys (ConfUtils.java:logGet(46)) - raft.server.log.segment.size.max = 1048576 (custom)
2022-09-29 01:24:37,620 [pool-607-thread-1] INFO  server.RaftServerConfigKeys (ConfUtils.java:logGet(46)) - raft.server.log.preallocated.size = 16384 (custom)
2022-09-29 01:24:37,620 [pool-607-thread-1] INFO  server.RaftServerConfigKeys (ConfUtils.java:logGet(46)) - raft.server.log.force.sync.num = 128 (default)
2022-09-29 01:24:37,620 [pool-607-thread-1] INFO  server.RaftServerConfigKeys (ConfUtils.java:logGet(46)) - raft.server.log.statemachine.data.sync = true (default)
2022-09-29 01:24:37,620 [pool-607-thread-1] INFO  server.RaftServerConfigKeys (ConfUtils.java:logGet(46)) - raft.server.log.statemachine.data.sync.timeout = 10s (default)
2022-09-29 01:24:37,620 [pool-607-thread-1] INFO  server.RaftServerConfigKeys (ConfUtils.java:logGet(46)) - raft.server.log.statemachine.data.sync.timeout.retry = -1 (default)
2022-09-29 01:24:37,621 [pool-607-thread-1] INFO  server.RaftServerConfigKeys (ConfUtils.java:logGet(46)) - raft.server.log.write.buffer.size = 1048576 (custom)
2022-09-29 01:24:37,621 [pool-607-thread-1] INFO  server.RaftServerConfigKeys (ConfUtils.java:logGet(46)) - raft.server.log.unsafe-flush.enabled = false (default)
2022-09-29 01:24:37,621 [pool-607-thread-1] INFO  server.RaftServerConfigKeys (ConfUtils.java:logGet(46)) - raft.server.log.statemachine.data.caching.enabled = true (custom)
2022-09-29 01:24:37,622 [pool-607-thread-1] INFO  segmented.SegmentedRaftLogWorker (SegmentedRaftLogWorker.java:lambda$new$0(135)) - f34d6e11-5365-479c-843a-46cf4fedc247@group-B035CDF62AE5-SegmentedRaftLogWorker: flushIndex: setUnconditionally 0 -> -1
2022-09-29 01:24:37,622 [pool-607-thread-1] INFO  segmented.SegmentedRaftLogWorker (SegmentedRaftLogWorker.java:lambda$new$0(135)) - f34d6e11-5365-479c-843a-46cf4fedc247@group-B035CDF62AE5-SegmentedRaftLogWorker: safeCacheEvictIndex: setUnconditionally 0 -> -1
2022-09-29 01:24:37,626 [pool-607-thread-1] INFO  server.RaftServerConfigKeys (ConfUtils.java:logGet(46)) - raft.server.snapshot.auto.trigger.enabled = true (custom)
2022-09-29 01:24:37,626 [pool-607-thread-1] INFO  server.RaftServerConfigKeys (ConfUtils.java:logGet(46)) - raft.server.snapshot.auto.trigger.threshold = 10000 (custom)
2022-09-29 01:24:37,626 [pool-607-thread-1] INFO  server.RaftServerConfigKeys (ConfUtils.java:logGet(46)) - raft.server.snapshot.retention.file.num = 5 (custom)
2022-09-29 01:24:37,626 [pool-607-thread-1] INFO  server.RaftServerConfigKeys (ConfUtils.java:logGet(46)) - raft.server.log.purge.upto.snapshot.index = false (default)
2022-09-29 01:24:37,626 [pool-607-thread-1] INFO  server.RaftServerConfigKeys (ConfUtils.java:logGet(46)) - raft.server.retrycache.expirytime = 600000ms (custom)
2022-09-29 01:24:37,626 [pool-607-thread-1] INFO  server.RaftServerConfigKeys (ConfUtils.java:logGet(46)) - raft.server.retrycache.statistics.expirytime = 100μs (default)
2022-09-29 01:24:37,628 [pool-607-thread-1] INFO  server.RaftServerConfigKeys (ConfUtils.java:logGet(46)) - raft.server.log.appender.install.snapshot.enabled = false (custom)
2022-09-29 01:24:37,628 [pool-607-thread-1] INFO  server.RaftServerConfigKeys (ConfUtils.java:logGet(46)) - raft.server.threadpool.server.cached = true (default)
2022-09-29 01:24:37,628 [pool-607-thread-1] INFO  server.RaftServerConfigKeys (ConfUtils.java:logGet(46)) - raft.server.threadpool.server.size = 0 (default)
2022-09-29 01:24:37,628 [pool-607-thread-1] INFO  server.RaftServerConfigKeys (ConfUtils.java:logGet(46)) - raft.server.threadpool.client.cached = true (default)
2022-09-29 01:24:37,628 [pool-607-thread-1] INFO  server.RaftServerConfigKeys (ConfUtils.java:logGet(46)) - raft.server.threadpool.client.size = 0 (default)
2022-09-29 01:24:37,628 [pool-607-thread-1] INFO  server.RaftServer$Division (RaftServerImpl.java:start(310)) - f34d6e11-5365-479c-843a-46cf4fedc247@group-B035CDF62AE5: start as a follower, conf=-1: [f34d6e11-5365-479c-843a-46cf4fedc247|rpc:10.1.1.32:44237|dataStream:|priority:0, ab87e520-373e-4ae9-907d-be725358127d|rpc:10.1.1.32:33497|dataStream:|priority:0, eb75263a-35bc-4aa4-abdf-1429eadebe27|rpc:10.1.1.32:35225|dataStream:|priority:1], old=null
2022-09-29 01:24:37,628 [pool-607-thread-1] INFO  server.RaftServer$Division (RaftServerImpl.java:setRole(299)) - f34d6e11-5365-479c-843a-46cf4fedc247@group-B035CDF62AE5: changes role from      null to FOLLOWER at term 0 for startAsFollower
2022-09-29 01:24:37,628 [pool-607-thread-1] INFO  impl.RoleInfo (RoleInfo.java:updateAndGet(139)) - f34d6e11-5365-479c-843a-46cf4fedc247: start f34d6e11-5365-479c-843a-46cf4fedc247@group-B035CDF62AE5-FollowerState
2022-09-29 01:24:37,630 [pool-607-thread-1] INFO  util.JmxRegister (JmxRegister.java:tryRegister(44)) - Successfully registered JMX Bean with object name Ratis:service=RaftServer,group=group-B035CDF62AE5,id=f34d6e11-5365-479c-843a-46cf4fedc247
2022-09-29 01:24:37,634 [Command processor thread] INFO  commandhandler.CreatePipelineCommandHandler (CreatePipelineCommandHandler.java:handle(113)) - Created Pipeline RATIS THREE PipelineID=a2f31a6a-ddfc-44a5-af3e-b035cdf62ae5.
2022-09-29 01:24:37,634 [Command processor thread] INFO  server.RaftServer (RaftServerProxy.java:addNew(96)) - eb75263a-35bc-4aa4-abdf-1429eadebe27: addNew group-22FC3F282C66:[f34d6e11-5365-479c-843a-46cf4fedc247|rpc:10.1.1.32:44237|priority:1, ab87e520-373e-4ae9-907d-be725358127d|rpc:10.1.1.32:33497|priority:0, eb75263a-35bc-4aa4-abdf-1429eadebe27|rpc:10.1.1.32:35225|priority:0] returns group-22FC3F282C66:java.util.concurrent.CompletableFuture@792d9966[Not completed]
2022-09-29 01:24:37,635 [pool-561-thread-1] INFO  server.RaftServer$Division (RaftServerImpl.java:<init>(190)) - eb75263a-35bc-4aa4-abdf-1429eadebe27: new RaftServerImpl for group-22FC3F282C66:[f34d6e11-5365-479c-843a-46cf4fedc247|rpc:10.1.1.32:44237|priority:1, ab87e520-373e-4ae9-907d-be725358127d|rpc:10.1.1.32:33497|priority:0, eb75263a-35bc-4aa4-abdf-1429eadebe27|rpc:10.1.1.32:35225|priority:0] with ContainerStateMachine:uninitialized
2022-09-29 01:24:37,635 [pool-561-thread-1] INFO  server.RaftServerConfigKeys (ConfUtils.java:logGet(46)) - raft.server.rpc.timeout.min = 5s (custom)
2022-09-29 01:24:37,635 [pool-561-thread-1] INFO  server.RaftServerConfigKeys (ConfUtils.java:logGet(46)) - raft.server.rpc.timeout.max = 5200ms (custom)
2022-09-29 01:24:37,635 [pool-561-thread-1] INFO  server.RaftServerConfigKeys (ConfUtils.java:logGet(46)) - raft.server.rpc.sleep.time = 25ms (default)
2022-09-29 01:24:37,635 [pool-561-thread-1] INFO  server.RaftServerConfigKeys (ConfUtils.java:logGet(46)) - raft.server.rpc.slowness.timeout = 300s (custom)
2022-09-29 01:24:37,635 [pool-561-thread-1] INFO  server.RaftServerConfigKeys (ConfUtils.java:logGet(46)) - raft.server.leaderelection.leader.step-down.wait-time = 10s (default)
2022-09-29 01:24:37,635 [pool-561-thread-1] INFO  server.RaftServerConfigKeys (ConfUtils.java:logGet(46)) - raft.server.sleep.deviation.threshold = 300ms (default)
2022-09-29 01:24:37,635 [pool-561-thread-1] INFO  server.RaftServer$Division (ServerState.java:<init>(107)) - eb75263a-35bc-4aa4-abdf-1429eadebe27@group-22FC3F282C66: ConfigurationManager, init=-1: [f34d6e11-5365-479c-843a-46cf4fedc247|rpc:10.1.1.32:44237|priority:1, ab87e520-373e-4ae9-907d-be725358127d|rpc:10.1.1.32:33497|priority:0, eb75263a-35bc-4aa4-abdf-1429eadebe27|rpc:10.1.1.32:35225|priority:0], old=null, confs=<EMPTY_MAP>
2022-09-29 01:24:37,635 [pool-561-thread-1] INFO  server.RaftServerConfigKeys (ConfUtils.java:logGet(46)) - raft.server.storage.dir = [/home/runner/work/ozone/ozone/hadoop-ozone/integration-test/target/test-dir/MiniOzoneClusterImpl-0d15d221-0049-42ab-bf49-1e4b736e68e8/datanode-0/data/ratis] (custom)
2022-09-29 01:24:37,635 [pool-561-thread-1] INFO  server.RaftServerConfigKeys (ConfUtils.java:logGet(46)) - raft.server.log.corruption.policy = EXCEPTION (default)
2022-09-29 01:24:37,635 [pool-561-thread-1] INFO  server.RaftServerConfigKeys (ConfUtils.java:logGet(46)) - raft.server.storage.free-space.min = 0MB (=0) (default)
2022-09-29 01:24:37,635 [pool-561-thread-1] INFO  storage.RaftStorageDirectory (RaftStorageDirectoryImpl.java:analyzeStorage(135)) - The storage directory /home/runner/work/ozone/ozone/hadoop-ozone/integration-test/target/test-dir/MiniOzoneClusterImpl-0d15d221-0049-42ab-bf49-1e4b736e68e8/datanode-0/data/ratis/8caef88f-c7dc-4582-b275-22fc3f282c66 does not exist. Creating ...
2022-09-29 01:24:37,638 [pool-561-thread-1] INFO  storage.RaftStorageDirectory (RaftStorageDirectoryImpl.java:tryLock(230)) - Lock on /home/runner/work/ozone/ozone/hadoop-ozone/integration-test/target/test-dir/MiniOzoneClusterImpl-0d15d221-0049-42ab-bf49-1e4b736e68e8/datanode-0/data/ratis/8caef88f-c7dc-4582-b275-22fc3f282c66/in_use.lock acquired by nodename 41909@fv-az182-579
2022-09-29 01:24:37,645 [pool-561-thread-1] INFO  storage.RaftStorage (RaftStorageImpl.java:format(89)) - Storage directory /home/runner/work/ozone/ozone/hadoop-ozone/integration-test/target/test-dir/MiniOzoneClusterImpl-0d15d221-0049-42ab-bf49-1e4b736e68e8/datanode-0/data/ratis/8caef88f-c7dc-4582-b275-22fc3f282c66 has been successfully formatted.
2022-09-29 01:24:37,647 [pool-561-thread-1] INFO  ratis.ContainerStateMachine (ContainerStateMachine.java:loadSnapshot(236)) - group-22FC3F282C66: The snapshot info is null. Setting the last applied indexto:(t:0, i:~)
2022-09-29 01:24:37,647 [pool-561-thread-1] INFO  server.RaftServerConfigKeys (ConfUtils.java:logGet(46)) - raft.server.notification.no-leader.timeout = 300s (custom)
2022-09-29 01:24:37,647 [pool-561-thread-1] INFO  server.RaftServerConfigKeys (ConfUtils.java:logGet(46)) - raft.server.log.use.memory = false (default)
2022-09-29 01:24:37,647 [pool-561-thread-1] INFO  server.RaftServerConfigKeys (ConfUtils.java:logGet(46)) - raft.server.log.purge.gap = 1000000 (custom)
2022-09-29 01:24:37,647 [pool-561-thread-1] INFO  server.RaftServerConfigKeys (ConfUtils.java:logGet(46)) - raft.server.log.appender.buffer.byte-limit = 33554432 (custom)
2022-09-29 01:24:37,647 [pool-561-thread-1] INFO  server.RaftServerConfigKeys (ConfUtils.java:logGet(46)) - raft.server.log.statemachine.data.read.timeout = 1000ms (default)
2022-09-29 01:24:37,648 [pool-561-thread-1] INFO  server.RaftServerConfigKeys (ConfUtils.java:logGet(46)) - raft.server.log.segment.size.max = 1048576 (custom)
2022-09-29 01:24:37,648 [EventQueue-OpenPipelineForHealthyPipelineSafeModeRule] INFO  safemode.SCMSafeModeManager (HealthyPipelineSafeModeRule.java:process(137)) - SCM in safe mode. Healthy pipelines reported count is 0, required healthy pipeline reported count is 1
2022-09-29 01:24:37,649 [pool-561-thread-1] INFO  server.RaftServerConfigKeys (ConfUtils.java:logGet(46)) - raft.server.log.segment.cache.num.max = 2 (custom)
2022-09-29 01:24:37,649 [pool-561-thread-1] INFO  server.RaftServerConfigKeys (ConfUtils.java:logGet(46)) - raft.server.log.segment.cache.size.max = 200MB (=209715200) (default)
2022-09-29 01:24:37,649 [pool-561-thread-1] INFO  segmented.SegmentedRaftLogWorker (SegmentedRaftLogWorker.java:<init>(187)) - new eb75263a-35bc-4aa4-abdf-1429eadebe27@group-22FC3F282C66-SegmentedRaftLogWorker for RaftStorageImpl:Storage Directory /home/runner/work/ozone/ozone/hadoop-ozone/integration-test/target/test-dir/MiniOzoneClusterImpl-0d15d221-0049-42ab-bf49-1e4b736e68e8/datanode-0/data/ratis/8caef88f-c7dc-4582-b275-22fc3f282c66
2022-09-29 01:24:37,649 [pool-561-thread-1] INFO  server.RaftServerConfigKeys (ConfUtils.java:logGet(46)) - raft.server.log.queue.byte-limit = 4294967296 (custom)
2022-09-29 01:24:37,649 [pool-561-thread-1] INFO  server.RaftServerConfigKeys (ConfUtils.java:logGet(46)) - raft.server.log.queue.element-limit = 1024 (custom)
2022-09-29 01:24:37,649 [pool-561-thread-1] INFO  server.RaftServerConfigKeys (ConfUtils.java:logGet(46)) - raft.server.log.segment.size.max = 1048576 (custom)
2022-09-29 01:24:37,649 [pool-561-thread-1] INFO  server.RaftServerConfigKeys (ConfUtils.java:logGet(46)) - raft.server.log.preallocated.size = 16384 (custom)
2022-09-29 01:24:37,649 [pool-561-thread-1] INFO  server.RaftServerConfigKeys (ConfUtils.java:logGet(46)) - raft.server.log.force.sync.num = 128 (default)
2022-09-29 01:24:37,649 [pool-561-thread-1] INFO  server.RaftServerConfigKeys (ConfUtils.java:logGet(46)) - raft.server.log.statemachine.data.sync = true (default)
2022-09-29 01:24:37,649 [pool-561-thread-1] INFO  server.RaftServerConfigKeys (ConfUtils.java:logGet(46)) - raft.server.log.statemachine.data.sync.timeout = 10s (default)
2022-09-29 01:24:37,649 [pool-561-thread-1] INFO  server.RaftServerConfigKeys (ConfUtils.java:logGet(46)) - raft.server.log.statemachine.data.sync.timeout.retry = -1 (default)
2022-09-29 01:24:37,650 [pool-561-thread-1] INFO  server.RaftServerConfigKeys (ConfUtils.java:logGet(46)) - raft.server.log.write.buffer.size = 1048576 (custom)
2022-09-29 01:24:37,650 [pool-561-thread-1] INFO  server.RaftServerConfigKeys (ConfUtils.java:logGet(46)) - raft.server.log.unsafe-flush.enabled = false (default)
2022-09-29 01:24:37,650 [pool-561-thread-1] INFO  server.RaftServerConfigKeys (ConfUtils.java:logGet(46)) - raft.server.log.statemachine.data.caching.enabled = true (custom)
2022-09-29 01:24:37,650 [pool-561-thread-1] INFO  segmented.SegmentedRaftLogWorker (SegmentedRaftLogWorker.java:lambda$new$0(135)) - eb75263a-35bc-4aa4-abdf-1429eadebe27@group-22FC3F282C66-SegmentedRaftLogWorker: flushIndex: setUnconditionally 0 -> -1
2022-09-29 01:24:37,650 [pool-561-thread-1] INFO  segmented.SegmentedRaftLogWorker (SegmentedRaftLogWorker.java:lambda$new$0(135)) - eb75263a-35bc-4aa4-abdf-1429eadebe27@group-22FC3F282C66-SegmentedRaftLogWorker: safeCacheEvictIndex: setUnconditionally 0 -> -1
2022-09-29 01:24:37,651 [pool-561-thread-1] INFO  server.RaftServerConfigKeys (ConfUtils.java:logGet(46)) - raft.server.snapshot.auto.trigger.enabled = true (custom)
2022-09-29 01:24:37,651 [pool-561-thread-1] INFO  server.RaftServerConfigKeys (ConfUtils.java:logGet(46)) - raft.server.snapshot.auto.trigger.threshold = 10000 (custom)
2022-09-29 01:24:37,651 [pool-561-thread-1] INFO  server.RaftServerConfigKeys (ConfUtils.java:logGet(46)) - raft.server.snapshot.retention.file.num = 5 (custom)
2022-09-29 01:24:37,651 [pool-561-thread-1] INFO  server.RaftServerConfigKeys (ConfUtils.java:logGet(46)) - raft.server.log.purge.upto.snapshot.index = false (default)
2022-09-29 01:24:37,651 [pool-561-thread-1] INFO  server.RaftServerConfigKeys (ConfUtils.java:logGet(46)) - raft.server.retrycache.expirytime = 600000ms (custom)
2022-09-29 01:24:37,651 [pool-561-thread-1] INFO  server.RaftServerConfigKeys (ConfUtils.java:logGet(46)) - raft.server.retrycache.statistics.expirytime = 100μs (default)
2022-09-29 01:24:37,652 [pool-561-thread-1] INFO  server.RaftServerConfigKeys (ConfUtils.java:logGet(46)) - raft.server.log.appender.install.snapshot.enabled = false (custom)
2022-09-29 01:24:37,652 [pool-561-thread-1] INFO  server.RaftServerConfigKeys (ConfUtils.java:logGet(46)) - raft.server.threadpool.server.cached = true (default)
2022-09-29 01:24:37,652 [pool-561-thread-1] INFO  server.RaftServerConfigKeys (ConfUtils.java:logGet(46)) - raft.server.threadpool.server.size = 0 (default)
2022-09-29 01:24:37,652 [pool-561-thread-1] INFO  server.RaftServerConfigKeys (ConfUtils.java:logGet(46)) - raft.server.threadpool.client.cached = true (default)
2022-09-29 01:24:37,652 [pool-561-thread-1] INFO  server.RaftServerConfigKeys (ConfUtils.java:logGet(46)) - raft.server.threadpool.client.size = 0 (default)
2022-09-29 01:24:37,653 [pool-561-thread-1] INFO  server.RaftServer$Division (RaftServerImpl.java:start(310)) - eb75263a-35bc-4aa4-abdf-1429eadebe27@group-22FC3F282C66: start as a follower, conf=-1: [f34d6e11-5365-479c-843a-46cf4fedc247|rpc:10.1.1.32:44237|priority:1, ab87e520-373e-4ae9-907d-be725358127d|rpc:10.1.1.32:33497|priority:0, eb75263a-35bc-4aa4-abdf-1429eadebe27|rpc:10.1.1.32:35225|priority:0], old=null
2022-09-29 01:24:37,653 [pool-561-thread-1] INFO  server.RaftServer$Division (RaftServerImpl.java:setRole(299)) - eb75263a-35bc-4aa4-abdf-1429eadebe27@group-22FC3F282C66: changes role from      null to FOLLOWER at term 0 for startAsFollower
2022-09-29 01:24:37,653 [pool-561-thread-1] INFO  impl.RoleInfo (RoleInfo.java:updateAndGet(139)) - eb75263a-35bc-4aa4-abdf-1429eadebe27: start eb75263a-35bc-4aa4-abdf-1429eadebe27@group-22FC3F282C66-FollowerState
2022-09-29 01:24:37,660 [pool-561-thread-1] INFO  util.JmxRegister (JmxRegister.java:tryRegister(44)) - Successfully registered JMX Bean with object name Ratis:service=RaftServer,group=group-22FC3F282C66,id=eb75263a-35bc-4aa4-abdf-1429eadebe27
2022-09-29 01:24:37,670 [Command processor thread] INFO  ratis.XceiverServerRatis (XceiverServerRatis.java:addGroup(765)) - Created group PipelineID=8caef88f-c7dc-4582-b275-22fc3f282c66
2022-09-29 01:24:37,679 [grpc-default-executor-0] INFO  server.RaftServer (RaftServerProxy.java:addNew(96)) - f34d6e11-5365-479c-843a-46cf4fedc247: addNew group-22FC3F282C66:[f34d6e11-5365-479c-843a-46cf4fedc247|rpc:10.1.1.32:44237|dataStream:|priority:1, ab87e520-373e-4ae9-907d-be725358127d|rpc:10.1.1.32:33497|dataStream:|priority:0, eb75263a-35bc-4aa4-abdf-1429eadebe27|rpc:10.1.1.32:35225|dataStream:|priority:0] returns group-22FC3F282C66:java.util.concurrent.CompletableFuture@7d20c5de[Not completed]
2022-09-29 01:24:37,679 [pool-607-thread-1] INFO  server.RaftServer$Division (RaftServerImpl.java:<init>(190)) - f34d6e11-5365-479c-843a-46cf4fedc247: new RaftServerImpl for group-22FC3F282C66:[f34d6e11-5365-479c-843a-46cf4fedc247|rpc:10.1.1.32:44237|dataStream:|priority:1, ab87e520-373e-4ae9-907d-be725358127d|rpc:10.1.1.32:33497|dataStream:|priority:0, eb75263a-35bc-4aa4-abdf-1429eadebe27|rpc:10.1.1.32:35225|dataStream:|priority:0] with ContainerStateMachine:uninitialized
2022-09-29 01:24:37,679 [pool-607-thread-1] INFO  server.RaftServerConfigKeys (ConfUtils.java:logGet(46)) - raft.server.rpc.timeout.min = 5s (custom)
2022-09-29 01:24:37,679 [pool-607-thread-1] INFO  server.RaftServerConfigKeys (ConfUtils.java:logGet(46)) - raft.server.rpc.timeout.max = 5200ms (custom)
2022-09-29 01:24:37,679 [pool-607-thread-1] INFO  server.RaftServerConfigKeys (ConfUtils.java:logGet(46)) - raft.server.rpc.sleep.time = 25ms (default)
2022-09-29 01:24:37,680 [pool-607-thread-1] INFO  server.RaftServerConfigKeys (ConfUtils.java:logGet(46)) - raft.server.rpc.slowness.timeout = 300s (custom)
2022-09-29 01:24:37,680 [pool-607-thread-1] INFO  server.RaftServerConfigKeys (ConfUtils.java:logGet(46)) - raft.server.leaderelection.leader.step-down.wait-time = 10s (default)
2022-09-29 01:24:37,680 [pool-607-thread-1] INFO  server.RaftServerConfigKeys (ConfUtils.java:logGet(46)) - raft.server.sleep.deviation.threshold = 300ms (default)
2022-09-29 01:24:37,680 [pool-607-thread-1] INFO  server.RaftServer$Division (ServerState.java:<init>(107)) - f34d6e11-5365-479c-843a-46cf4fedc247@group-22FC3F282C66: ConfigurationManager, init=-1: [f34d6e11-5365-479c-843a-46cf4fedc247|rpc:10.1.1.32:44237|dataStream:|priority:1, ab87e520-373e-4ae9-907d-be725358127d|rpc:10.1.1.32:33497|dataStream:|priority:0, eb75263a-35bc-4aa4-abdf-1429eadebe27|rpc:10.1.1.32:35225|dataStream:|priority:0], old=null, confs=<EMPTY_MAP>
2022-09-29 01:24:37,680 [pool-607-thread-1] INFO  server.RaftServerConfigKeys (ConfUtils.java:logGet(46)) - raft.server.storage.dir = [/home/runner/work/ozone/ozone/hadoop-ozone/integration-test/target/test-dir/MiniOzoneClusterImpl-0d15d221-0049-42ab-bf49-1e4b736e68e8/datanode-2/data/ratis] (custom)
2022-09-29 01:24:37,680 [pool-607-thread-1] INFO  server.RaftServerConfigKeys (ConfUtils.java:logGet(46)) - raft.server.log.corruption.policy = EXCEPTION (default)
2022-09-29 01:24:37,680 [pool-607-thread-1] INFO  server.RaftServerConfigKeys (ConfUtils.java:logGet(46)) - raft.server.storage.free-space.min = 0MB (=0) (default)
2022-09-29 01:24:37,680 [pool-607-thread-1] INFO  storage.RaftStorageDirectory (RaftStorageDirectoryImpl.java:analyzeStorage(135)) - The storage directory /home/runner/work/ozone/ozone/hadoop-ozone/integration-test/target/test-dir/MiniOzoneClusterImpl-0d15d221-0049-42ab-bf49-1e4b736e68e8/datanode-2/data/ratis/8caef88f-c7dc-4582-b275-22fc3f282c66 does not exist. Creating ...
2022-09-29 01:24:37,685 [pool-607-thread-1] INFO  storage.RaftStorageDirectory (RaftStorageDirectoryImpl.java:tryLock(230)) - Lock on /home/runner/work/ozone/ozone/hadoop-ozone/integration-test/target/test-dir/MiniOzoneClusterImpl-0d15d221-0049-42ab-bf49-1e4b736e68e8/datanode-2/data/ratis/8caef88f-c7dc-4582-b275-22fc3f282c66/in_use.lock acquired by nodename 41909@fv-az182-579
2022-09-29 01:24:37,686 [pool-607-thread-1] INFO  storage.RaftStorage (RaftStorageImpl.java:format(89)) - Storage directory /home/runner/work/ozone/ozone/hadoop-ozone/integration-test/target/test-dir/MiniOzoneClusterImpl-0d15d221-0049-42ab-bf49-1e4b736e68e8/datanode-2/data/ratis/8caef88f-c7dc-4582-b275-22fc3f282c66 has been successfully formatted.
2022-09-29 01:24:37,686 [pool-607-thread-1] INFO  ratis.ContainerStateMachine (ContainerStateMachine.java:loadSnapshot(236)) - group-22FC3F282C66: The snapshot info is null. Setting the last applied indexto:(t:0, i:~)
2022-09-29 01:24:37,686 [pool-607-thread-1] INFO  server.RaftServerConfigKeys (ConfUtils.java:logGet(46)) - raft.server.notification.no-leader.timeout = 300s (custom)
2022-09-29 01:24:37,686 [pool-607-thread-1] INFO  server.RaftServerConfigKeys (ConfUtils.java:logGet(46)) - raft.server.log.use.memory = false (default)
2022-09-29 01:24:37,686 [pool-607-thread-1] INFO  server.RaftServerConfigKeys (ConfUtils.java:logGet(46)) - raft.server.log.purge.gap = 1000000 (custom)
2022-09-29 01:24:37,686 [pool-607-thread-1] INFO  server.RaftServerConfigKeys (ConfUtils.java:logGet(46)) - raft.server.log.appender.buffer.byte-limit = 33554432 (custom)
2022-09-29 01:24:37,686 [pool-607-thread-1] INFO  server.RaftServerConfigKeys (ConfUtils.java:logGet(46)) - raft.server.log.statemachine.data.read.timeout = 1000ms (default)
2022-09-29 01:24:37,687 [pool-607-thread-1] INFO  server.RaftServerConfigKeys (ConfUtils.java:logGet(46)) - raft.server.log.segment.size.max = 1048576 (custom)
2022-09-29 01:24:37,687 [pool-607-thread-1] INFO  server.RaftServerConfigKeys (ConfUtils.java:logGet(46)) - raft.server.log.segment.cache.num.max = 2 (custom)
2022-09-29 01:24:37,687 [pool-607-thread-1] INFO  server.RaftServerConfigKeys (ConfUtils.java:logGet(46)) - raft.server.log.segment.cache.size.max = 200MB (=209715200) (default)
2022-09-29 01:24:37,687 [pool-607-thread-1] INFO  segmented.SegmentedRaftLogWorker (SegmentedRaftLogWorker.java:<init>(187)) - new f34d6e11-5365-479c-843a-46cf4fedc247@group-22FC3F282C66-SegmentedRaftLogWorker for RaftStorageImpl:Storage Directory /home/runner/work/ozone/ozone/hadoop-ozone/integration-test/target/test-dir/MiniOzoneClusterImpl-0d15d221-0049-42ab-bf49-1e4b736e68e8/datanode-2/data/ratis/8caef88f-c7dc-4582-b275-22fc3f282c66
2022-09-29 01:24:37,687 [pool-607-thread-1] INFO  server.RaftServerConfigKeys (ConfUtils.java:logGet(46)) - raft.server.log.queue.byte-limit = 4294967296 (custom)
2022-09-29 01:24:37,687 [pool-607-thread-1] INFO  server.RaftServerConfigKeys (ConfUtils.java:logGet(46)) - raft.server.log.queue.element-limit = 1024 (custom)
2022-09-29 01:24:37,687 [pool-607-thread-1] INFO  server.RaftServerConfigKeys (ConfUtils.java:logGet(46)) - raft.server.log.segment.size.max = 1048576 (custom)
2022-09-29 01:24:37,687 [pool-607-thread-1] INFO  server.RaftServerConfigKeys (ConfUtils.java:logGet(46)) - raft.server.log.preallocated.size = 16384 (custom)
2022-09-29 01:24:37,687 [pool-607-thread-1] INFO  server.RaftServerConfigKeys (ConfUtils.java:logGet(46)) - raft.server.log.force.sync.num = 128 (default)
2022-09-29 01:24:37,687 [pool-607-thread-1] INFO  server.RaftServerConfigKeys (ConfUtils.java:logGet(46)) - raft.server.log.statemachine.data.sync = true (default)
2022-09-29 01:24:37,687 [pool-607-thread-1] INFO  server.RaftServerConfigKeys (ConfUtils.java:logGet(46)) - raft.server.log.statemachine.data.sync.timeout = 10s (default)
2022-09-29 01:24:37,687 [pool-607-thread-1] INFO  server.RaftServerConfigKeys (ConfUtils.java:logGet(46)) - raft.server.log.statemachine.data.sync.timeout.retry = -1 (default)
2022-09-29 01:24:37,688 [pool-607-thread-1] INFO  server.RaftServerConfigKeys (ConfUtils.java:logGet(46)) - raft.server.log.write.buffer.size = 1048576 (custom)
2022-09-29 01:24:37,689 [pool-607-thread-1] INFO  server.RaftServerConfigKeys (ConfUtils.java:logGet(46)) - raft.server.log.unsafe-flush.enabled = false (default)
2022-09-29 01:24:37,689 [pool-607-thread-1] INFO  server.RaftServerConfigKeys (ConfUtils.java:logGet(46)) - raft.server.log.statemachine.data.caching.enabled = true (custom)
2022-09-29 01:24:37,689 [pool-607-thread-1] INFO  segmented.SegmentedRaftLogWorker (SegmentedRaftLogWorker.java:lambda$new$0(135)) - f34d6e11-5365-479c-843a-46cf4fedc247@group-22FC3F282C66-SegmentedRaftLogWorker: flushIndex: setUnconditionally 0 -> -1
2022-09-29 01:24:37,689 [pool-607-thread-1] INFO  segmented.SegmentedRaftLogWorker (SegmentedRaftLogWorker.java:lambda$new$0(135)) - f34d6e11-5365-479c-843a-46cf4fedc247@group-22FC3F282C66-SegmentedRaftLogWorker: safeCacheEvictIndex: setUnconditionally 0 -> -1
2022-09-29 01:24:37,698 [pool-607-thread-1] INFO  server.RaftServerConfigKeys (ConfUtils.java:logGet(46)) - raft.server.snapshot.auto.trigger.enabled = true (custom)
2022-09-29 01:24:37,698 [pool-607-thread-1] INFO  server.RaftServerConfigKeys (ConfUtils.java:logGet(46)) - raft.server.snapshot.auto.trigger.threshold = 10000 (custom)
2022-09-29 01:24:37,698 [pool-607-thread-1] INFO  server.RaftServerConfigKeys (ConfUtils.java:logGet(46)) - raft.server.snapshot.retention.file.num = 5 (custom)
2022-09-29 01:24:37,698 [pool-607-thread-1] INFO  server.RaftServerConfigKeys (ConfUtils.java:logGet(46)) - raft.server.log.purge.upto.snapshot.index = false (default)
2022-09-29 01:24:37,698 [pool-607-thread-1] INFO  server.RaftServerConfigKeys (ConfUtils.java:logGet(46)) - raft.server.retrycache.expirytime = 600000ms (custom)
2022-09-29 01:24:37,698 [pool-607-thread-1] INFO  server.RaftServerConfigKeys (ConfUtils.java:logGet(46)) - raft.server.retrycache.statistics.expirytime = 100μs (default)
2022-09-29 01:24:37,714 [pool-607-thread-1] INFO  server.RaftServerConfigKeys (ConfUtils.java:logGet(46)) - raft.server.log.appender.install.snapshot.enabled = false (custom)
2022-09-29 01:24:37,714 [pool-607-thread-1] INFO  server.RaftServerConfigKeys (ConfUtils.java:logGet(46)) - raft.server.threadpool.server.cached = true (default)
2022-09-29 01:24:37,714 [pool-607-thread-1] INFO  server.RaftServerConfigKeys (ConfUtils.java:logGet(46)) - raft.server.threadpool.server.size = 0 (default)
2022-09-29 01:24:37,714 [pool-607-thread-1] INFO  server.RaftServerConfigKeys (ConfUtils.java:logGet(46)) - raft.server.threadpool.client.cached = true (default)
2022-09-29 01:24:37,714 [pool-607-thread-1] INFO  server.RaftServerConfigKeys (ConfUtils.java:logGet(46)) - raft.server.threadpool.client.size = 0 (default)
2022-09-29 01:24:37,714 [pool-607-thread-1] INFO  server.RaftServer$Division (RaftServerImpl.java:start(310)) - f34d6e11-5365-479c-843a-46cf4fedc247@group-22FC3F282C66: start as a follower, conf=-1: [f34d6e11-5365-479c-843a-46cf4fedc247|rpc:10.1.1.32:44237|dataStream:|priority:1, ab87e520-373e-4ae9-907d-be725358127d|rpc:10.1.1.32:33497|dataStream:|priority:0, eb75263a-35bc-4aa4-abdf-1429eadebe27|rpc:10.1.1.32:35225|dataStream:|priority:0], old=null
2022-09-29 01:24:37,714 [pool-607-thread-1] INFO  server.RaftServer$Division (RaftServerImpl.java:setRole(299)) - f34d6e11-5365-479c-843a-46cf4fedc247@group-22FC3F282C66: changes role from      null to FOLLOWER at term 0 for startAsFollower
2022-09-29 01:24:37,714 [pool-607-thread-1] INFO  impl.RoleInfo (RoleInfo.java:updateAndGet(139)) - f34d6e11-5365-479c-843a-46cf4fedc247: start f34d6e11-5365-479c-843a-46cf4fedc247@group-22FC3F282C66-FollowerState
2022-09-29 01:24:37,721 [pool-607-thread-1] INFO  util.JmxRegister (JmxRegister.java:tryRegister(44)) - Successfully registered JMX Bean with object name Ratis:service=RaftServer,group=group-22FC3F282C66,id=f34d6e11-5365-479c-843a-46cf4fedc247
2022-09-29 01:24:37,769 [grpc-default-executor-0] INFO  server.RaftServer (RaftServerProxy.java:addNew(96)) - ab87e520-373e-4ae9-907d-be725358127d: addNew group-22FC3F282C66:[f34d6e11-5365-479c-843a-46cf4fedc247|rpc:10.1.1.32:44237|dataStream:|priority:1, ab87e520-373e-4ae9-907d-be725358127d|rpc:10.1.1.32:33497|dataStream:|priority:0, eb75263a-35bc-4aa4-abdf-1429eadebe27|rpc:10.1.1.32:35225|dataStream:|priority:0] returns group-22FC3F282C66:java.util.concurrent.CompletableFuture@f6306c[Not completed]
2022-09-29 01:24:37,770 [pool-584-thread-1] INFO  server.RaftServer$Division (RaftServerImpl.java:<init>(190)) - ab87e520-373e-4ae9-907d-be725358127d: new RaftServerImpl for group-22FC3F282C66:[f34d6e11-5365-479c-843a-46cf4fedc247|rpc:10.1.1.32:44237|dataStream:|priority:1, ab87e520-373e-4ae9-907d-be725358127d|rpc:10.1.1.32:33497|dataStream:|priority:0, eb75263a-35bc-4aa4-abdf-1429eadebe27|rpc:10.1.1.32:35225|dataStream:|priority:0] with ContainerStateMachine:uninitialized
2022-09-29 01:24:37,770 [pool-584-thread-1] INFO  server.RaftServerConfigKeys (ConfUtils.java:logGet(46)) - raft.server.rpc.timeout.min = 5s (custom)
2022-09-29 01:24:37,770 [pool-584-thread-1] INFO  server.RaftServerConfigKeys (ConfUtils.java:logGet(46)) - raft.server.rpc.timeout.max = 5200ms (custom)
2022-09-29 01:24:37,770 [pool-584-thread-1] INFO  server.RaftServerConfigKeys (ConfUtils.java:logGet(46)) - raft.server.rpc.sleep.time = 25ms (default)
2022-09-29 01:24:37,770 [pool-584-thread-1] INFO  server.RaftServerConfigKeys (ConfUtils.java:logGet(46)) - raft.server.rpc.slowness.timeout = 300s (custom)
2022-09-29 01:24:37,770 [pool-584-thread-1] INFO  server.RaftServerConfigKeys (ConfUtils.java:logGet(46)) - raft.server.leaderelection.leader.step-down.wait-time = 10s (default)
2022-09-29 01:24:37,770 [pool-584-thread-1] INFO  server.RaftServerConfigKeys (ConfUtils.java:logGet(46)) - raft.server.sleep.deviation.threshold = 300ms (default)
2022-09-29 01:24:37,770 [pool-584-thread-1] INFO  server.RaftServer$Division (ServerState.java:<init>(107)) - ab87e520-373e-4ae9-907d-be725358127d@group-22FC3F282C66: ConfigurationManager, init=-1: [f34d6e11-5365-479c-843a-46cf4fedc247|rpc:10.1.1.32:44237|dataStream:|priority:1, ab87e520-373e-4ae9-907d-be725358127d|rpc:10.1.1.32:33497|dataStream:|priority:0, eb75263a-35bc-4aa4-abdf-1429eadebe27|rpc:10.1.1.32:35225|dataStream:|priority:0], old=null, confs=<EMPTY_MAP>
2022-09-29 01:24:37,770 [pool-584-thread-1] INFO  server.RaftServerConfigKeys (ConfUtils.java:logGet(46)) - raft.server.storage.dir = [/home/runner/work/ozone/ozone/hadoop-ozone/integration-test/target/test-dir/MiniOzoneClusterImpl-0d15d221-0049-42ab-bf49-1e4b736e68e8/datanode-1/data/ratis] (custom)
2022-09-29 01:24:37,770 [pool-584-thread-1] INFO  server.RaftServerConfigKeys (ConfUtils.java:logGet(46)) - raft.server.log.corruption.policy = EXCEPTION (default)
2022-09-29 01:24:37,771 [pool-584-thread-1] INFO  server.RaftServerConfigKeys (ConfUtils.java:logGet(46)) - raft.server.storage.free-space.min = 0MB (=0) (default)
2022-09-29 01:24:37,771 [pool-584-thread-1] INFO  storage.RaftStorageDirectory (RaftStorageDirectoryImpl.java:analyzeStorage(135)) - The storage directory /home/runner/work/ozone/ozone/hadoop-ozone/integration-test/target/test-dir/MiniOzoneClusterImpl-0d15d221-0049-42ab-bf49-1e4b736e68e8/datanode-1/data/ratis/8caef88f-c7dc-4582-b275-22fc3f282c66 does not exist. Creating ...
2022-09-29 01:24:37,776 [pool-584-thread-1] INFO  storage.RaftStorageDirectory (RaftStorageDirectoryImpl.java:tryLock(230)) - Lock on /home/runner/work/ozone/ozone/hadoop-ozone/integration-test/target/test-dir/MiniOzoneClusterImpl-0d15d221-0049-42ab-bf49-1e4b736e68e8/datanode-1/data/ratis/8caef88f-c7dc-4582-b275-22fc3f282c66/in_use.lock acquired by nodename 41909@fv-az182-579
2022-09-29 01:24:37,777 [pool-584-thread-1] INFO  storage.RaftStorage (RaftStorageImpl.java:format(89)) - Storage directory /home/runner/work/ozone/ozone/hadoop-ozone/integration-test/target/test-dir/MiniOzoneClusterImpl-0d15d221-0049-42ab-bf49-1e4b736e68e8/datanode-1/data/ratis/8caef88f-c7dc-4582-b275-22fc3f282c66 has been successfully formatted.
2022-09-29 01:24:37,778 [pool-584-thread-1] INFO  ratis.ContainerStateMachine (ContainerStateMachine.java:loadSnapshot(236)) - group-22FC3F282C66: The snapshot info is null. Setting the last applied indexto:(t:0, i:~)
2022-09-29 01:24:37,778 [pool-584-thread-1] INFO  server.RaftServerConfigKeys (ConfUtils.java:logGet(46)) - raft.server.notification.no-leader.timeout = 300s (custom)
2022-09-29 01:24:37,778 [pool-584-thread-1] INFO  server.RaftServerConfigKeys (ConfUtils.java:logGet(46)) - raft.server.log.use.memory = false (default)
2022-09-29 01:24:37,778 [pool-584-thread-1] INFO  server.RaftServerConfigKeys (ConfUtils.java:logGet(46)) - raft.server.log.purge.gap = 1000000 (custom)
2022-09-29 01:24:37,778 [pool-584-thread-1] INFO  server.RaftServerConfigKeys (ConfUtils.java:logGet(46)) - raft.server.log.appender.buffer.byte-limit = 33554432 (custom)
2022-09-29 01:24:37,778 [pool-584-thread-1] INFO  server.RaftServerConfigKeys (ConfUtils.java:logGet(46)) - raft.server.log.statemachine.data.read.timeout = 1000ms (default)
2022-09-29 01:24:37,779 [pool-584-thread-1] INFO  server.RaftServerConfigKeys (ConfUtils.java:logGet(46)) - raft.server.log.segment.size.max = 1048576 (custom)
2022-09-29 01:24:37,779 [pool-584-thread-1] INFO  server.RaftServerConfigKeys (ConfUtils.java:logGet(46)) - raft.server.log.segment.cache.num.max = 2 (custom)
2022-09-29 01:24:37,779 [pool-584-thread-1] INFO  server.RaftServerConfigKeys (ConfUtils.java:logGet(46)) - raft.server.log.segment.cache.size.max = 200MB (=209715200) (default)
2022-09-29 01:24:37,779 [pool-584-thread-1] INFO  segmented.SegmentedRaftLogWorker (SegmentedRaftLogWorker.java:<init>(187)) - new ab87e520-373e-4ae9-907d-be725358127d@group-22FC3F282C66-SegmentedRaftLogWorker for RaftStorageImpl:Storage Directory /home/runner/work/ozone/ozone/hadoop-ozone/integration-test/target/test-dir/MiniOzoneClusterImpl-0d15d221-0049-42ab-bf49-1e4b736e68e8/datanode-1/data/ratis/8caef88f-c7dc-4582-b275-22fc3f282c66
2022-09-29 01:24:37,779 [pool-584-thread-1] INFO  server.RaftServerConfigKeys (ConfUtils.java:logGet(46)) - raft.server.log.queue.byte-limit = 4294967296 (custom)
2022-09-29 01:24:37,779 [pool-584-thread-1] INFO  server.RaftServerConfigKeys (ConfUtils.java:logGet(46)) - raft.server.log.queue.element-limit = 1024 (custom)
2022-09-29 01:24:37,779 [pool-584-thread-1] INFO  server.RaftServerConfigKeys (ConfUtils.java:logGet(46)) - raft.server.log.segment.size.max = 1048576 (custom)
2022-09-29 01:24:37,779 [pool-584-thread-1] INFO  server.RaftServerConfigKeys (ConfUtils.java:logGet(46)) - raft.server.log.preallocated.size = 16384 (custom)
2022-09-29 01:24:37,779 [pool-584-thread-1] INFO  server.RaftServerConfigKeys (ConfUtils.java:logGet(46)) - raft.server.log.force.sync.num = 128 (default)
2022-09-29 01:24:37,779 [pool-584-thread-1] INFO  server.RaftServerConfigKeys (ConfUtils.java:logGet(46)) - raft.server.log.statemachine.data.sync = true (default)
2022-09-29 01:24:37,779 [pool-584-thread-1] INFO  server.RaftServerConfigKeys (ConfUtils.java:logGet(46)) - raft.server.log.statemachine.data.sync.timeout = 10s (default)
2022-09-29 01:24:37,780 [pool-584-thread-1] INFO  server.RaftServerConfigKeys (ConfUtils.java:logGet(46)) - raft.server.log.statemachine.data.sync.timeout.retry = -1 (default)
2022-09-29 01:24:37,780 [pool-584-thread-1] INFO  server.RaftServerConfigKeys (ConfUtils.java:logGet(46)) - raft.server.log.write.buffer.size = 1048576 (custom)
2022-09-29 01:24:37,780 [pool-584-thread-1] INFO  server.RaftServerConfigKeys (ConfUtils.java:logGet(46)) - raft.server.log.unsafe-flush.enabled = false (default)
2022-09-29 01:24:37,780 [pool-584-thread-1] INFO  server.RaftServerConfigKeys (ConfUtils.java:logGet(46)) - raft.server.log.statemachine.data.caching.enabled = true (custom)
2022-09-29 01:24:37,781 [pool-584-thread-1] INFO  segmented.SegmentedRaftLogWorker (SegmentedRaftLogWorker.java:lambda$new$0(135)) - ab87e520-373e-4ae9-907d-be725358127d@group-22FC3F282C66-SegmentedRaftLogWorker: flushIndex: setUnconditionally 0 -> -1
2022-09-29 01:24:37,781 [pool-584-thread-1] INFO  segmented.SegmentedRaftLogWorker (SegmentedRaftLogWorker.java:lambda$new$0(135)) - ab87e520-373e-4ae9-907d-be725358127d@group-22FC3F282C66-SegmentedRaftLogWorker: safeCacheEvictIndex: setUnconditionally 0 -> -1
2022-09-29 01:24:37,791 [pool-584-thread-1] INFO  server.RaftServerConfigKeys (ConfUtils.java:logGet(46)) - raft.server.snapshot.auto.trigger.enabled = true (custom)
2022-09-29 01:24:37,791 [pool-584-thread-1] INFO  server.RaftServerConfigKeys (ConfUtils.java:logGet(46)) - raft.server.snapshot.auto.trigger.threshold = 10000 (custom)
2022-09-29 01:24:37,791 [pool-584-thread-1] INFO  server.RaftServerConfigKeys (ConfUtils.java:logGet(46)) - raft.server.snapshot.retention.file.num = 5 (custom)
2022-09-29 01:24:37,791 [pool-584-thread-1] INFO  server.RaftServerConfigKeys (ConfUtils.java:logGet(46)) - raft.server.log.purge.upto.snapshot.index = false (default)
2022-09-29 01:24:37,791 [pool-584-thread-1] INFO  server.RaftServerConfigKeys (ConfUtils.java:logGet(46)) - raft.server.retrycache.expirytime = 600000ms (custom)
2022-09-29 01:24:37,791 [pool-584-thread-1] INFO  server.RaftServerConfigKeys (ConfUtils.java:logGet(46)) - raft.server.retrycache.statistics.expirytime = 100μs (default)
2022-09-29 01:24:37,792 [pool-584-thread-1] INFO  server.RaftServerConfigKeys (ConfUtils.java:logGet(46)) - raft.server.log.appender.install.snapshot.enabled = false (custom)
2022-09-29 01:24:37,792 [pool-584-thread-1] INFO  server.RaftServerConfigKeys (ConfUtils.java:logGet(46)) - raft.server.threadpool.server.cached = true (default)
2022-09-29 01:24:37,792 [pool-584-thread-1] INFO  server.RaftServerConfigKeys (ConfUtils.java:logGet(46)) - raft.server.threadpool.server.size = 0 (default)
2022-09-29 01:24:37,792 [pool-584-thread-1] INFO  server.RaftServerConfigKeys (ConfUtils.java:logGet(46)) - raft.server.threadpool.client.cached = true (default)
2022-09-29 01:24:37,792 [pool-584-thread-1] INFO  server.RaftServerConfigKeys (ConfUtils.java:logGet(46)) - raft.server.threadpool.client.size = 0 (default)
2022-09-29 01:24:37,792 [pool-584-thread-1] INFO  server.RaftServer$Division (RaftServerImpl.java:start(310)) - ab87e520-373e-4ae9-907d-be725358127d@group-22FC3F282C66: start as a follower, conf=-1: [f34d6e11-5365-479c-843a-46cf4fedc247|rpc:10.1.1.32:44237|dataStream:|priority:1, ab87e520-373e-4ae9-907d-be725358127d|rpc:10.1.1.32:33497|dataStream:|priority:0, eb75263a-35bc-4aa4-abdf-1429eadebe27|rpc:10.1.1.32:35225|dataStream:|priority:0], old=null
2022-09-29 01:24:37,792 [pool-584-thread-1] INFO  server.RaftServer$Division (RaftServerImpl.java:setRole(299)) - ab87e520-373e-4ae9-907d-be725358127d@group-22FC3F282C66: changes role from      null to FOLLOWER at term 0 for startAsFollower
2022-09-29 01:24:37,792 [pool-584-thread-1] INFO  impl.RoleInfo (RoleInfo.java:updateAndGet(139)) - ab87e520-373e-4ae9-907d-be725358127d: start ab87e520-373e-4ae9-907d-be725358127d@group-22FC3F282C66-FollowerState
2022-09-29 01:24:37,794 [pool-584-thread-1] INFO  util.JmxRegister (JmxRegister.java:tryRegister(44)) - Successfully registered JMX Bean with object name Ratis:service=RaftServer,group=group-22FC3F282C66,id=ab87e520-373e-4ae9-907d-be725358127d
2022-09-29 01:24:37,806 [Command processor thread] INFO  commandhandler.CreatePipelineCommandHandler (CreatePipelineCommandHandler.java:handle(113)) - Created Pipeline RATIS THREE PipelineID=8caef88f-c7dc-4582-b275-22fc3f282c66.
2022-09-29 01:24:37,905 [Command processor thread] INFO  server.RaftServer (RaftServerProxy.java:addNew(96)) - ab87e520-373e-4ae9-907d-be725358127d: addNew group-DF0B93AEACDD:[ab87e520-373e-4ae9-907d-be725358127d|rpc:10.1.1.32:33497|priority:1] returns group-DF0B93AEACDD:java.util.concurrent.CompletableFuture@4bee9f47[Not completed]
2022-09-29 01:24:37,905 [pool-584-thread-1] INFO  server.RaftServer$Division (RaftServerImpl.java:<init>(190)) - ab87e520-373e-4ae9-907d-be725358127d: new RaftServerImpl for group-DF0B93AEACDD:[ab87e520-373e-4ae9-907d-be725358127d|rpc:10.1.1.32:33497|priority:1] with ContainerStateMachine:uninitialized
2022-09-29 01:24:37,905 [pool-584-thread-1] INFO  server.RaftServerConfigKeys (ConfUtils.java:logGet(46)) - raft.server.rpc.timeout.min = 5s (custom)
2022-09-29 01:24:37,906 [pool-584-thread-1] INFO  server.RaftServerConfigKeys (ConfUtils.java:logGet(46)) - raft.server.rpc.timeout.max = 5200ms (custom)
2022-09-29 01:24:37,906 [pool-584-thread-1] INFO  server.RaftServerConfigKeys (ConfUtils.java:logGet(46)) - raft.server.rpc.sleep.time = 25ms (default)
2022-09-29 01:24:37,906 [pool-584-thread-1] INFO  server.RaftServerConfigKeys (ConfUtils.java:logGet(46)) - raft.server.rpc.slowness.timeout = 300s (custom)
2022-09-29 01:24:37,906 [pool-584-thread-1] INFO  server.RaftServerConfigKeys (ConfUtils.java:logGet(46)) - raft.server.leaderelection.leader.step-down.wait-time = 10s (default)
2022-09-29 01:24:37,906 [pool-584-thread-1] INFO  server.RaftServerConfigKeys (ConfUtils.java:logGet(46)) - raft.server.sleep.deviation.threshold = 300ms (default)
2022-09-29 01:24:37,906 [pool-584-thread-1] INFO  server.RaftServer$Division (ServerState.java:<init>(107)) - ab87e520-373e-4ae9-907d-be725358127d@group-DF0B93AEACDD: ConfigurationManager, init=-1: [ab87e520-373e-4ae9-907d-be725358127d|rpc:10.1.1.32:33497|priority:1], old=null, confs=<EMPTY_MAP>
2022-09-29 01:24:37,906 [pool-584-thread-1] INFO  server.RaftServerConfigKeys (ConfUtils.java:logGet(46)) - raft.server.storage.dir = [/home/runner/work/ozone/ozone/hadoop-ozone/integration-test/target/test-dir/MiniOzoneClusterImpl-0d15d221-0049-42ab-bf49-1e4b736e68e8/datanode-1/data/ratis] (custom)
2022-09-29 01:24:37,906 [pool-584-thread-1] INFO  server.RaftServerConfigKeys (ConfUtils.java:logGet(46)) - raft.server.log.corruption.policy = EXCEPTION (default)
2022-09-29 01:24:37,906 [pool-584-thread-1] INFO  server.RaftServerConfigKeys (ConfUtils.java:logGet(46)) - raft.server.storage.free-space.min = 0MB (=0) (default)
2022-09-29 01:24:37,906 [pool-584-thread-1] INFO  storage.RaftStorageDirectory (RaftStorageDirectoryImpl.java:analyzeStorage(135)) - The storage directory /home/runner/work/ozone/ozone/hadoop-ozone/integration-test/target/test-dir/MiniOzoneClusterImpl-0d15d221-0049-42ab-bf49-1e4b736e68e8/datanode-1/data/ratis/84412642-7f24-46b8-b662-df0b93aeacdd does not exist. Creating ...
2022-09-29 01:24:37,908 [pool-584-thread-1] INFO  storage.RaftStorageDirectory (RaftStorageDirectoryImpl.java:tryLock(230)) - Lock on /home/runner/work/ozone/ozone/hadoop-ozone/integration-test/target/test-dir/MiniOzoneClusterImpl-0d15d221-0049-42ab-bf49-1e4b736e68e8/datanode-1/data/ratis/84412642-7f24-46b8-b662-df0b93aeacdd/in_use.lock acquired by nodename 41909@fv-az182-579
2022-09-29 01:24:37,909 [pool-584-thread-1] INFO  storage.RaftStorage (RaftStorageImpl.java:format(89)) - Storage directory /home/runner/work/ozone/ozone/hadoop-ozone/integration-test/target/test-dir/MiniOzoneClusterImpl-0d15d221-0049-42ab-bf49-1e4b736e68e8/datanode-1/data/ratis/84412642-7f24-46b8-b662-df0b93aeacdd has been successfully formatted.
2022-09-29 01:24:37,910 [pool-584-thread-1] INFO  ratis.ContainerStateMachine (ContainerStateMachine.java:loadSnapshot(236)) - group-DF0B93AEACDD: The snapshot info is null. Setting the last applied indexto:(t:0, i:~)
2022-09-29 01:24:37,910 [pool-584-thread-1] INFO  server.RaftServerConfigKeys (ConfUtils.java:logGet(46)) - raft.server.notification.no-leader.timeout = 300s (custom)
2022-09-29 01:24:37,910 [pool-584-thread-1] INFO  server.RaftServerConfigKeys (ConfUtils.java:logGet(46)) - raft.server.log.use.memory = false (default)
2022-09-29 01:24:37,910 [pool-584-thread-1] INFO  server.RaftServerConfigKeys (ConfUtils.java:logGet(46)) - raft.server.log.purge.gap = 1000000 (custom)
2022-09-29 01:24:37,910 [pool-584-thread-1] INFO  server.RaftServerConfigKeys (ConfUtils.java:logGet(46)) - raft.server.log.appender.buffer.byte-limit = 33554432 (custom)
2022-09-29 01:24:37,910 [pool-584-thread-1] INFO  server.RaftServerConfigKeys (ConfUtils.java:logGet(46)) - raft.server.log.statemachine.data.read.timeout = 1000ms (default)
2022-09-29 01:24:37,910 [pool-584-thread-1] INFO  server.RaftServerConfigKeys (ConfUtils.java:logGet(46)) - raft.server.log.segment.size.max = 1048576 (custom)
2022-09-29 01:24:37,910 [pool-584-thread-1] INFO  server.RaftServerConfigKeys (ConfUtils.java:logGet(46)) - raft.server.log.segment.cache.num.max = 2 (custom)
2022-09-29 01:24:37,911 [pool-584-thread-1] INFO  server.RaftServerConfigKeys (ConfUtils.java:logGet(46)) - raft.server.log.segment.cache.size.max = 200MB (=209715200) (default)
2022-09-29 01:24:37,911 [pool-584-thread-1] INFO  segmented.SegmentedRaftLogWorker (SegmentedRaftLogWorker.java:<init>(187)) - new ab87e520-373e-4ae9-907d-be725358127d@group-DF0B93AEACDD-SegmentedRaftLogWorker for RaftStorageImpl:Storage Directory /home/runner/work/ozone/ozone/hadoop-ozone/integration-test/target/test-dir/MiniOzoneClusterImpl-0d15d221-0049-42ab-bf49-1e4b736e68e8/datanode-1/data/ratis/84412642-7f24-46b8-b662-df0b93aeacdd
2022-09-29 01:24:37,911 [pool-584-thread-1] INFO  server.RaftServerConfigKeys (ConfUtils.java:logGet(46)) - raft.server.log.queue.byte-limit = 4294967296 (custom)
2022-09-29 01:24:37,911 [pool-584-thread-1] INFO  server.RaftServerConfigKeys (ConfUtils.java:logGet(46)) - raft.server.log.queue.element-limit = 1024 (custom)
2022-09-29 01:24:37,911 [pool-584-thread-1] INFO  server.RaftServerConfigKeys (ConfUtils.java:logGet(46)) - raft.server.log.segment.size.max = 1048576 (custom)
2022-09-29 01:24:37,912 [EventQueue-PipelineReportForPipelineReportHandler] INFO  pipeline.PipelineManagerImpl (PipelineManagerImpl.java:openPipeline(367)) - Pipeline Pipeline[ Id: 84412642-7f24-46b8-b662-df0b93aeacdd, Nodes: ab87e520-373e-4ae9-907d-be725358127d{ip: 10.1.1.32, host: fv-az182-579.xlcsutvm5t3ellfcnbcbis3udb.bx.internal.cloudapp.net, ports: [REPLICATION=36017, RATIS=33497, RATIS_ADMIN=33497, RATIS_SERVER=33497, STANDALONE=33669], networkLocation: /default-rack, certSerialId: null, persistedOpState: IN_SERVICE, persistedOpStateExpiryEpochSec: 0}, ReplicationConfig: RATIS/ONE, State:ALLOCATED, leaderId:ab87e520-373e-4ae9-907d-be725358127d, CreationTimestamp2022-09-29T01:24:34.916Z[Etc/UTC]] moved to OPEN state
2022-09-29 01:24:37,913 [EventQueue-OpenPipelineForHealthyPipelineSafeModeRule] INFO  safemode.SCMSafeModeManager (HealthyPipelineSafeModeRule.java:process(137)) - SCM in safe mode. Healthy pipelines reported count is 0, required healthy pipeline reported count is 1
2022-09-29 01:24:37,913 [pool-584-thread-1] INFO  server.RaftServerConfigKeys (ConfUtils.java:logGet(46)) - raft.server.log.preallocated.size = 16384 (custom)
2022-09-29 01:24:37,914 [pool-584-thread-1] INFO  server.RaftServerConfigKeys (ConfUtils.java:logGet(46)) - raft.server.log.force.sync.num = 128 (default)
2022-09-29 01:24:37,914 [pool-584-thread-1] INFO  server.RaftServerConfigKeys (ConfUtils.java:logGet(46)) - raft.server.log.statemachine.data.sync = true (default)
2022-09-29 01:24:37,914 [pool-584-thread-1] INFO  server.RaftServerConfigKeys (ConfUtils.java:logGet(46)) - raft.server.log.statemachine.data.sync.timeout = 10s (default)
2022-09-29 01:24:37,914 [pool-584-thread-1] INFO  server.RaftServerConfigKeys (ConfUtils.java:logGet(46)) - raft.server.log.statemachine.data.sync.timeout.retry = -1 (default)
2022-09-29 01:24:37,924 [pool-584-thread-1] INFO  server.RaftServerConfigKeys (ConfUtils.java:logGet(46)) - raft.server.log.write.buffer.size = 1048576 (custom)
2022-09-29 01:24:37,925 [pool-584-thread-1] INFO  server.RaftServerConfigKeys (ConfUtils.java:logGet(46)) - raft.server.log.unsafe-flush.enabled = false (default)
2022-09-29 01:24:37,925 [pool-584-thread-1] INFO  server.RaftServerConfigKeys (ConfUtils.java:logGet(46)) - raft.server.log.statemachine.data.caching.enabled = true (custom)
2022-09-29 01:24:37,925 [pool-584-thread-1] INFO  segmented.SegmentedRaftLogWorker (SegmentedRaftLogWorker.java:lambda$new$0(135)) - ab87e520-373e-4ae9-907d-be725358127d@group-DF0B93AEACDD-SegmentedRaftLogWorker: flushIndex: setUnconditionally 0 -> -1
2022-09-29 01:24:37,925 [pool-584-thread-1] INFO  segmented.SegmentedRaftLogWorker (SegmentedRaftLogWorker.java:lambda$new$0(135)) - ab87e520-373e-4ae9-907d-be725358127d@group-DF0B93AEACDD-SegmentedRaftLogWorker: safeCacheEvictIndex: setUnconditionally 0 -> -1
2022-09-29 01:24:37,953 [pool-584-thread-1] INFO  server.RaftServerConfigKeys (ConfUtils.java:logGet(46)) - raft.server.snapshot.auto.trigger.enabled = true (custom)
2022-09-29 01:24:37,953 [pool-584-thread-1] INFO  server.RaftServerConfigKeys (ConfUtils.java:logGet(46)) - raft.server.snapshot.auto.trigger.threshold = 10000 (custom)
2022-09-29 01:24:37,953 [pool-584-thread-1] INFO  server.RaftServerConfigKeys (ConfUtils.java:logGet(46)) - raft.server.snapshot.retention.file.num = 5 (custom)
2022-09-29 01:24:37,953 [pool-584-thread-1] INFO  server.RaftServerConfigKeys (ConfUtils.java:logGet(46)) - raft.server.log.purge.upto.snapshot.index = false (default)
2022-09-29 01:24:37,953 [pool-584-thread-1] INFO  server.RaftServerConfigKeys (ConfUtils.java:logGet(46)) - raft.server.retrycache.expirytime = 600000ms (custom)
2022-09-29 01:24:37,953 [pool-584-thread-1] INFO  server.RaftServerConfigKeys (ConfUtils.java:logGet(46)) - raft.server.retrycache.statistics.expirytime = 100μs (default)
2022-09-29 01:24:37,954 [pool-584-thread-1] INFO  server.RaftServerConfigKeys (ConfUtils.java:logGet(46)) - raft.server.log.appender.install.snapshot.enabled = false (custom)
2022-09-29 01:24:37,954 [pool-584-thread-1] INFO  server.RaftServerConfigKeys (ConfUtils.java:logGet(46)) - raft.server.threadpool.server.cached = true (default)
2022-09-29 01:24:37,954 [pool-584-thread-1] INFO  server.RaftServerConfigKeys (ConfUtils.java:logGet(46)) - raft.server.threadpool.server.size = 0 (default)
2022-09-29 01:24:37,954 [pool-584-thread-1] INFO  server.RaftServerConfigKeys (ConfUtils.java:logGet(46)) - raft.server.threadpool.client.cached = true (default)
2022-09-29 01:24:37,954 [pool-584-thread-1] INFO  server.RaftServerConfigKeys (ConfUtils.java:logGet(46)) - raft.server.threadpool.client.size = 0 (default)
2022-09-29 01:24:37,954 [pool-584-thread-1] INFO  server.RaftServer$Division (RaftServerImpl.java:start(310)) - ab87e520-373e-4ae9-907d-be725358127d@group-DF0B93AEACDD: start as a follower, conf=-1: [ab87e520-373e-4ae9-907d-be725358127d|rpc:10.1.1.32:33497|priority:1], old=null
2022-09-29 01:24:37,954 [pool-584-thread-1] INFO  server.RaftServer$Division (RaftServerImpl.java:setRole(299)) - ab87e520-373e-4ae9-907d-be725358127d@group-DF0B93AEACDD: changes role from      null to FOLLOWER at term 0 for startAsFollower
2022-09-29 01:24:37,954 [pool-584-thread-1] INFO  impl.RoleInfo (RoleInfo.java:updateAndGet(139)) - ab87e520-373e-4ae9-907d-be725358127d: start ab87e520-373e-4ae9-907d-be725358127d@group-DF0B93AEACDD-FollowerState
2022-09-29 01:24:37,964 [pool-584-thread-1] INFO  util.JmxRegister (JmxRegister.java:tryRegister(44)) - Successfully registered JMX Bean with object name Ratis:service=RaftServer,group=group-DF0B93AEACDD,id=ab87e520-373e-4ae9-907d-be725358127d
2022-09-29 01:24:37,972 [Command processor thread] INFO  ratis.XceiverServerRatis (XceiverServerRatis.java:addGroup(765)) - Created group PipelineID=84412642-7f24-46b8-b662-df0b93aeacdd
2022-09-29 01:24:37,972 [Command processor thread] INFO  commandhandler.CreatePipelineCommandHandler (CreatePipelineCommandHandler.java:handle(113)) - Created Pipeline RATIS ONE PipelineID=84412642-7f24-46b8-b662-df0b93aeacdd.
2022-09-29 01:24:38,157 [EndpointStateMachine task thread for /0.0.0.0:42241 - 0 ] INFO  ipc.Client (Client.java:handleConnectionFailure(977)) - Retrying connect to server: 0.0.0.0/0.0.0.0:42241. Already tried 1 time(s); retry policy is RetryUpToMaximumCountWithFixedSleep(maxRetries=15, sleepTime=1000 MILLISECONDS)
2022-09-29 01:24:38,268 [Listener at 127.0.0.1/44309] INFO  ozone.MiniOzoneClusterImpl (MiniOzoneClusterImpl.java:lambda$waitForClusterToBeReady$0(216)) - Nodes are ready. Got 3 of 3 DN Heartbeats.
2022-09-29 01:24:38,268 [Listener at 127.0.0.1/44309] INFO  ozone.MiniOzoneClusterImpl (MiniOzoneClusterImpl.java:lambda$waitForClusterToBeReady$0(219)) - Waiting for cluster to exit safe mode
2022-09-29 01:24:38,269 [Listener at 127.0.0.1/44309] INFO  ozone.MiniOzoneClusterImpl (MiniOzoneClusterImpl.java:lambda$waitForClusterToBeReady$0(221)) - SCM became leader
2022-09-29 01:24:38,327 [Command processor thread] INFO  server.RaftServer (RaftServerProxy.java:addNew(96)) - f34d6e11-5365-479c-843a-46cf4fedc247: addNew group-808C690C728A:[f34d6e11-5365-479c-843a-46cf4fedc247|rpc:10.1.1.32:44237|priority:1] returns group-808C690C728A:java.util.concurrent.CompletableFuture@17b5bc22[Not completed]
2022-09-29 01:24:38,328 [pool-607-thread-1] INFO  server.RaftServer$Division (RaftServerImpl.java:<init>(190)) - f34d6e11-5365-479c-843a-46cf4fedc247: new RaftServerImpl for group-808C690C728A:[f34d6e11-5365-479c-843a-46cf4fedc247|rpc:10.1.1.32:44237|priority:1] with ContainerStateMachine:uninitialized
2022-09-29 01:24:38,328 [pool-607-thread-1] INFO  server.RaftServerConfigKeys (ConfUtils.java:logGet(46)) - raft.server.rpc.timeout.min = 5s (custom)
2022-09-29 01:24:38,328 [pool-607-thread-1] INFO  server.RaftServerConfigKeys (ConfUtils.java:logGet(46)) - raft.server.rpc.timeout.max = 5200ms (custom)
2022-09-29 01:24:38,328 [pool-607-thread-1] INFO  server.RaftServerConfigKeys (ConfUtils.java:logGet(46)) - raft.server.rpc.sleep.time = 25ms (default)
2022-09-29 01:24:38,328 [pool-607-thread-1] INFO  server.RaftServerConfigKeys (ConfUtils.java:logGet(46)) - raft.server.rpc.slowness.timeout = 300s (custom)
2022-09-29 01:24:38,328 [pool-607-thread-1] INFO  server.RaftServerConfigKeys (ConfUtils.java:logGet(46)) - raft.server.leaderelection.leader.step-down.wait-time = 10s (default)
2022-09-29 01:24:38,328 [pool-607-thread-1] INFO  server.RaftServerConfigKeys (ConfUtils.java:logGet(46)) - raft.server.sleep.deviation.threshold = 300ms (default)
2022-09-29 01:24:38,328 [pool-607-thread-1] INFO  server.RaftServer$Division (ServerState.java:<init>(107)) - f34d6e11-5365-479c-843a-46cf4fedc247@group-808C690C728A: ConfigurationManager, init=-1: [f34d6e11-5365-479c-843a-46cf4fedc247|rpc:10.1.1.32:44237|priority:1], old=null, confs=<EMPTY_MAP>
2022-09-29 01:24:38,328 [pool-607-thread-1] INFO  server.RaftServerConfigKeys (ConfUtils.java:logGet(46)) - raft.server.storage.dir = [/home/runner/work/ozone/ozone/hadoop-ozone/integration-test/target/test-dir/MiniOzoneClusterImpl-0d15d221-0049-42ab-bf49-1e4b736e68e8/datanode-2/data/ratis] (custom)
2022-09-29 01:24:38,328 [pool-607-thread-1] INFO  server.RaftServerConfigKeys (ConfUtils.java:logGet(46)) - raft.server.log.corruption.policy = EXCEPTION (default)
2022-09-29 01:24:38,329 [pool-607-thread-1] INFO  server.RaftServerConfigKeys (ConfUtils.java:logGet(46)) - raft.server.storage.free-space.min = 0MB (=0) (default)
2022-09-29 01:24:38,329 [pool-607-thread-1] INFO  storage.RaftStorageDirectory (RaftStorageDirectoryImpl.java:analyzeStorage(135)) - The storage directory /home/runner/work/ozone/ozone/hadoop-ozone/integration-test/target/test-dir/MiniOzoneClusterImpl-0d15d221-0049-42ab-bf49-1e4b736e68e8/datanode-2/data/ratis/c285bead-c096-483d-892e-808c690c728a does not exist. Creating ...
2022-09-29 01:24:38,337 [pool-607-thread-1] INFO  storage.RaftStorageDirectory (RaftStorageDirectoryImpl.java:tryLock(230)) - Lock on /home/runner/work/ozone/ozone/hadoop-ozone/integration-test/target/test-dir/MiniOzoneClusterImpl-0d15d221-0049-42ab-bf49-1e4b736e68e8/datanode-2/data/ratis/c285bead-c096-483d-892e-808c690c728a/in_use.lock acquired by nodename 41909@fv-az182-579
2022-09-29 01:24:38,338 [pool-607-thread-1] INFO  storage.RaftStorage (RaftStorageImpl.java:format(89)) - Storage directory /home/runner/work/ozone/ozone/hadoop-ozone/integration-test/target/test-dir/MiniOzoneClusterImpl-0d15d221-0049-42ab-bf49-1e4b736e68e8/datanode-2/data/ratis/c285bead-c096-483d-892e-808c690c728a has been successfully formatted.
2022-09-29 01:24:38,339 [pool-607-thread-1] INFO  ratis.ContainerStateMachine (ContainerStateMachine.java:loadSnapshot(236)) - group-808C690C728A: The snapshot info is null. Setting the last applied indexto:(t:0, i:~)
2022-09-29 01:24:38,339 [pool-607-thread-1] INFO  server.RaftServerConfigKeys (ConfUtils.java:logGet(46)) - raft.server.notification.no-leader.timeout = 300s (custom)
2022-09-29 01:24:38,339 [pool-607-thread-1] INFO  server.RaftServerConfigKeys (ConfUtils.java:logGet(46)) - raft.server.log.use.memory = false (default)
2022-09-29 01:24:38,339 [pool-607-thread-1] INFO  server.RaftServerConfigKeys (ConfUtils.java:logGet(46)) - raft.server.log.purge.gap = 1000000 (custom)
2022-09-29 01:24:38,339 [pool-607-thread-1] INFO  server.RaftServerConfigKeys (ConfUtils.java:logGet(46)) - raft.server.log.appender.buffer.byte-limit = 33554432 (custom)
2022-09-29 01:24:38,339 [pool-607-thread-1] INFO  server.RaftServerConfigKeys (ConfUtils.java:logGet(46)) - raft.server.log.statemachine.data.read.timeout = 1000ms (default)
2022-09-29 01:24:38,339 [pool-607-thread-1] INFO  server.RaftServerConfigKeys (ConfUtils.java:logGet(46)) - raft.server.log.segment.size.max = 1048576 (custom)
2022-09-29 01:24:38,340 [pool-607-thread-1] INFO  server.RaftServerConfigKeys (ConfUtils.java:logGet(46)) - raft.server.log.segment.cache.num.max = 2 (custom)
2022-09-29 01:24:38,340 [pool-607-thread-1] INFO  server.RaftServerConfigKeys (ConfUtils.java:logGet(46)) - raft.server.log.segment.cache.size.max = 200MB (=209715200) (default)
2022-09-29 01:24:38,340 [pool-607-thread-1] INFO  segmented.SegmentedRaftLogWorker (SegmentedRaftLogWorker.java:<init>(187)) - new f34d6e11-5365-479c-843a-46cf4fedc247@group-808C690C728A-SegmentedRaftLogWorker for RaftStorageImpl:Storage Directory /home/runner/work/ozone/ozone/hadoop-ozone/integration-test/target/test-dir/MiniOzoneClusterImpl-0d15d221-0049-42ab-bf49-1e4b736e68e8/datanode-2/data/ratis/c285bead-c096-483d-892e-808c690c728a
2022-09-29 01:24:38,340 [pool-607-thread-1] INFO  server.RaftServerConfigKeys (ConfUtils.java:logGet(46)) - raft.server.log.queue.byte-limit = 4294967296 (custom)
2022-09-29 01:24:38,340 [pool-607-thread-1] INFO  server.RaftServerConfigKeys (ConfUtils.java:logGet(46)) - raft.server.log.queue.element-limit = 1024 (custom)
2022-09-29 01:24:38,340 [pool-607-thread-1] INFO  server.RaftServerConfigKeys (ConfUtils.java:logGet(46)) - raft.server.log.segment.size.max = 1048576 (custom)
2022-09-29 01:24:38,340 [pool-607-thread-1] INFO  server.RaftServerConfigKeys (ConfUtils.java:logGet(46)) - raft.server.log.preallocated.size = 16384 (custom)
2022-09-29 01:24:38,340 [pool-607-thread-1] INFO  server.RaftServerConfigKeys (ConfUtils.java:logGet(46)) - raft.server.log.force.sync.num = 128 (default)
2022-09-29 01:24:38,340 [pool-607-thread-1] INFO  server.RaftServerConfigKeys (ConfUtils.java:logGet(46)) - raft.server.log.statemachine.data.sync = true (default)
2022-09-29 01:24:38,340 [pool-607-thread-1] INFO  server.RaftServerConfigKeys (ConfUtils.java:logGet(46)) - raft.server.log.statemachine.data.sync.timeout = 10s (default)
2022-09-29 01:24:38,340 [pool-607-thread-1] INFO  server.RaftServerConfigKeys (ConfUtils.java:logGet(46)) - raft.server.log.statemachine.data.sync.timeout.retry = -1 (default)
2022-09-29 01:24:38,341 [EventQueue-PipelineReportForPipelineReportHandler] INFO  pipeline.PipelineManagerImpl (PipelineManagerImpl.java:openPipeline(367)) - Pipeline Pipeline[ Id: c285bead-c096-483d-892e-808c690c728a, Nodes: f34d6e11-5365-479c-843a-46cf4fedc247{ip: 10.1.1.32, host: fv-az182-579.xlcsutvm5t3ellfcnbcbis3udb.bx.internal.cloudapp.net, ports: [REPLICATION=38773, RATIS=44237, RATIS_ADMIN=44237, RATIS_SERVER=44237, STANDALONE=46671], networkLocation: /default-rack, certSerialId: null, persistedOpState: IN_SERVICE, persistedOpStateExpiryEpochSec: 0}, ReplicationConfig: RATIS/ONE, State:ALLOCATED, leaderId:f34d6e11-5365-479c-843a-46cf4fedc247, CreationTimestamp2022-09-29T01:24:35.334Z[Etc/UTC]] moved to OPEN state
2022-09-29 01:24:38,341 [EventQueue-OpenPipelineForHealthyPipelineSafeModeRule] INFO  safemode.SCMSafeModeManager (HealthyPipelineSafeModeRule.java:process(137)) - SCM in safe mode. Healthy pipelines reported count is 0, required healthy pipeline reported count is 1
2022-09-29 01:24:38,342 [pool-607-thread-1] INFO  server.RaftServerConfigKeys (ConfUtils.java:logGet(46)) - raft.server.log.write.buffer.size = 1048576 (custom)
2022-09-29 01:24:38,343 [pool-607-thread-1] INFO  server.RaftServerConfigKeys (ConfUtils.java:logGet(46)) - raft.server.log.unsafe-flush.enabled = false (default)
2022-09-29 01:24:38,343 [pool-607-thread-1] INFO  server.RaftServerConfigKeys (ConfUtils.java:logGet(46)) - raft.server.log.statemachine.data.caching.enabled = true (custom)
2022-09-29 01:24:38,343 [pool-607-thread-1] INFO  segmented.SegmentedRaftLogWorker (SegmentedRaftLogWorker.java:lambda$new$0(135)) - f34d6e11-5365-479c-843a-46cf4fedc247@group-808C690C728A-SegmentedRaftLogWorker: flushIndex: setUnconditionally 0 -> -1
2022-09-29 01:24:38,343 [pool-607-thread-1] INFO  segmented.SegmentedRaftLogWorker (SegmentedRaftLogWorker.java:lambda$new$0(135)) - f34d6e11-5365-479c-843a-46cf4fedc247@group-808C690C728A-SegmentedRaftLogWorker: safeCacheEvictIndex: setUnconditionally 0 -> -1
2022-09-29 01:24:38,347 [pool-607-thread-1] INFO  server.RaftServerConfigKeys (ConfUtils.java:logGet(46)) - raft.server.snapshot.auto.trigger.enabled = true (custom)
2022-09-29 01:24:38,347 [pool-607-thread-1] INFO  server.RaftServerConfigKeys (ConfUtils.java:logGet(46)) - raft.server.snapshot.auto.trigger.threshold = 10000 (custom)
2022-09-29 01:24:38,347 [pool-607-thread-1] INFO  server.RaftServerConfigKeys (ConfUtils.java:logGet(46)) - raft.server.snapshot.retention.file.num = 5 (custom)
2022-09-29 01:24:38,347 [pool-607-thread-1] INFO  server.RaftServerConfigKeys (ConfUtils.java:logGet(46)) - raft.server.log.purge.upto.snapshot.index = false (default)
2022-09-29 01:24:38,347 [pool-607-thread-1] INFO  server.RaftServerConfigKeys (ConfUtils.java:logGet(46)) - raft.server.retrycache.expirytime = 600000ms (custom)
2022-09-29 01:24:38,347 [pool-607-thread-1] INFO  server.RaftServerConfigKeys (ConfUtils.java:logGet(46)) - raft.server.retrycache.statistics.expirytime = 100μs (default)
2022-09-29 01:24:38,349 [pool-607-thread-1] INFO  server.RaftServerConfigKeys (ConfUtils.java:logGet(46)) - raft.server.log.appender.install.snapshot.enabled = false (custom)
2022-09-29 01:24:38,349 [pool-607-thread-1] INFO  server.RaftServerConfigKeys (ConfUtils.java:logGet(46)) - raft.server.threadpool.server.cached = true (default)
2022-09-29 01:24:38,349 [pool-607-thread-1] INFO  server.RaftServerConfigKeys (ConfUtils.java:logGet(46)) - raft.server.threadpool.server.size = 0 (default)
2022-09-29 01:24:38,349 [pool-607-thread-1] INFO  server.RaftServerConfigKeys (ConfUtils.java:logGet(46)) - raft.server.threadpool.client.cached = true (default)
2022-09-29 01:24:38,349 [pool-607-thread-1] INFO  server.RaftServerConfigKeys (ConfUtils.java:logGet(46)) - raft.server.threadpool.client.size = 0 (default)
2022-09-29 01:24:38,349 [pool-607-thread-1] INFO  server.RaftServer$Division (RaftServerImpl.java:start(310)) - f34d6e11-5365-479c-843a-46cf4fedc247@group-808C690C728A: start as a follower, conf=-1: [f34d6e11-5365-479c-843a-46cf4fedc247|rpc:10.1.1.32:44237|priority:1], old=null
2022-09-29 01:24:38,349 [pool-607-thread-1] INFO  server.RaftServer$Division (RaftServerImpl.java:setRole(299)) - f34d6e11-5365-479c-843a-46cf4fedc247@group-808C690C728A: changes role from      null to FOLLOWER at term 0 for startAsFollower
2022-09-29 01:24:38,349 [pool-607-thread-1] INFO  impl.RoleInfo (RoleInfo.java:updateAndGet(139)) - f34d6e11-5365-479c-843a-46cf4fedc247: start f34d6e11-5365-479c-843a-46cf4fedc247@group-808C690C728A-FollowerState
2022-09-29 01:24:38,349 [pool-607-thread-1] INFO  util.JmxRegister (JmxRegister.java:tryRegister(44)) - Successfully registered JMX Bean with object name Ratis:service=RaftServer,group=group-808C690C728A,id=f34d6e11-5365-479c-843a-46cf4fedc247
2022-09-29 01:24:38,350 [Command processor thread] INFO  ratis.XceiverServerRatis (XceiverServerRatis.java:addGroup(765)) - Created group PipelineID=c285bead-c096-483d-892e-808c690c728a
2022-09-29 01:24:38,350 [Command processor thread] INFO  commandhandler.CreatePipelineCommandHandler (CreatePipelineCommandHandler.java:handle(113)) - Created Pipeline RATIS ONE PipelineID=c285bead-c096-483d-892e-808c690c728a.
2022-09-29 01:24:39,158 [EndpointStateMachine task thread for /0.0.0.0:42241 - 0 ] INFO  ipc.Client (Client.java:handleConnectionFailure(977)) - Retrying connect to server: 0.0.0.0/0.0.0.0:42241. Already tried 2 time(s); retry policy is RetryUpToMaximumCountWithFixedSleep(maxRetries=15, sleepTime=1000 MILLISECONDS)
2022-09-29 01:24:39,269 [Listener at 127.0.0.1/44309] INFO  ozone.MiniOzoneClusterImpl (MiniOzoneClusterImpl.java:lambda$waitForClusterToBeReady$0(216)) - Nodes are ready. Got 3 of 3 DN Heartbeats.
2022-09-29 01:24:39,269 [Listener at 127.0.0.1/44309] INFO  ozone.MiniOzoneClusterImpl (MiniOzoneClusterImpl.java:lambda$waitForClusterToBeReady$0(219)) - Waiting for cluster to exit safe mode
2022-09-29 01:24:39,269 [Listener at 127.0.0.1/44309] INFO  ozone.MiniOzoneClusterImpl (MiniOzoneClusterImpl.java:lambda$waitForClusterToBeReady$0(221)) - SCM became leader
2022-09-29 01:24:40,158 [EndpointStateMachine task thread for /0.0.0.0:42241 - 0 ] INFO  ipc.Client (Client.java:handleConnectionFailure(977)) - Retrying connect to server: 0.0.0.0/0.0.0.0:42241. Already tried 3 time(s); retry policy is RetryUpToMaximumCountWithFixedSleep(maxRetries=15, sleepTime=1000 MILLISECONDS)
2022-09-29 01:24:40,269 [Listener at 127.0.0.1/44309] INFO  ozone.MiniOzoneClusterImpl (MiniOzoneClusterImpl.java:lambda$waitForClusterToBeReady$0(216)) - Nodes are ready. Got 3 of 3 DN Heartbeats.
2022-09-29 01:24:40,270 [Listener at 127.0.0.1/44309] INFO  ozone.MiniOzoneClusterImpl (MiniOzoneClusterImpl.java:lambda$waitForClusterToBeReady$0(219)) - Waiting for cluster to exit safe mode
2022-09-29 01:24:40,270 [Listener at 127.0.0.1/44309] INFO  ozone.MiniOzoneClusterImpl (MiniOzoneClusterImpl.java:lambda$waitForClusterToBeReady$0(221)) - SCM became leader
2022-09-29 01:24:41,159 [EndpointStateMachine task thread for /0.0.0.0:42241 - 0 ] INFO  ipc.Client (Client.java:handleConnectionFailure(977)) - Retrying connect to server: 0.0.0.0/0.0.0.0:42241. Already tried 4 time(s); retry policy is RetryUpToMaximumCountWithFixedSleep(maxRetries=15, sleepTime=1000 MILLISECONDS)
2022-09-29 01:24:41,275 [Listener at 127.0.0.1/44309] INFO  ozone.MiniOzoneClusterImpl (MiniOzoneClusterImpl.java:lambda$waitForClusterToBeReady$0(216)) - Nodes are ready. Got 3 of 3 DN Heartbeats.
2022-09-29 01:24:41,275 [Listener at 127.0.0.1/44309] INFO  ozone.MiniOzoneClusterImpl (MiniOzoneClusterImpl.java:lambda$waitForClusterToBeReady$0(219)) - Waiting for cluster to exit safe mode
2022-09-29 01:24:41,276 [Listener at 127.0.0.1/44309] INFO  ozone.MiniOzoneClusterImpl (MiniOzoneClusterImpl.java:lambda$waitForClusterToBeReady$0(221)) - SCM became leader
2022-09-29 01:24:42,162 [EndpointStateMachine task thread for /0.0.0.0:42241 - 0 ] INFO  ipc.Client (Client.java:handleConnectionFailure(977)) - Retrying connect to server: 0.0.0.0/0.0.0.0:42241. Already tried 5 time(s); retry policy is RetryUpToMaximumCountWithFixedSleep(maxRetries=15, sleepTime=1000 MILLISECONDS)
2022-09-29 01:24:42,276 [Listener at 127.0.0.1/44309] INFO  ozone.MiniOzoneClusterImpl (MiniOzoneClusterImpl.java:lambda$waitForClusterToBeReady$0(216)) - Nodes are ready. Got 3 of 3 DN Heartbeats.
2022-09-29 01:24:42,276 [Listener at 127.0.0.1/44309] INFO  ozone.MiniOzoneClusterImpl (MiniOzoneClusterImpl.java:lambda$waitForClusterToBeReady$0(219)) - Waiting for cluster to exit safe mode
2022-09-29 01:24:42,276 [Listener at 127.0.0.1/44309] INFO  ozone.MiniOzoneClusterImpl (MiniOzoneClusterImpl.java:lambda$waitForClusterToBeReady$0(221)) - SCM became leader
2022-09-29 01:24:42,582 [eb75263a-35bc-4aa4-abdf-1429eadebe27@group-B035CDF62AE5-FollowerState] INFO  impl.FollowerState (FollowerState.java:run(143)) - eb75263a-35bc-4aa4-abdf-1429eadebe27@group-B035CDF62AE5-FollowerState: change to CANDIDATE, lastRpcElapsedTime:5119436019ns, electionTimeout:5114ms
2022-09-29 01:24:42,583 [eb75263a-35bc-4aa4-abdf-1429eadebe27@group-B035CDF62AE5-FollowerState] INFO  impl.RoleInfo (RoleInfo.java:shutdownFollowerState(110)) - eb75263a-35bc-4aa4-abdf-1429eadebe27: shutdown eb75263a-35bc-4aa4-abdf-1429eadebe27@group-B035CDF62AE5-FollowerState
2022-09-29 01:24:42,583 [eb75263a-35bc-4aa4-abdf-1429eadebe27@group-B035CDF62AE5-FollowerState] INFO  server.RaftServer$Division (RaftServerImpl.java:setRole(299)) - eb75263a-35bc-4aa4-abdf-1429eadebe27@group-B035CDF62AE5: changes role from  FOLLOWER to CANDIDATE at term 0 for changeToCandidate
2022-09-29 01:24:42,583 [eb75263a-35bc-4aa4-abdf-1429eadebe27@group-B035CDF62AE5-FollowerState] INFO  server.RaftServerConfigKeys (ConfUtils.java:logGet(46)) - raft.server.leaderelection.pre-vote = false (custom)
2022-09-29 01:24:42,583 [eb75263a-35bc-4aa4-abdf-1429eadebe27@group-B035CDF62AE5-FollowerState] INFO  impl.RoleInfo (RoleInfo.java:updateAndGet(139)) - eb75263a-35bc-4aa4-abdf-1429eadebe27: start eb75263a-35bc-4aa4-abdf-1429eadebe27@group-B035CDF62AE5-LeaderElection42
2022-09-29 01:24:42,587 [eb75263a-35bc-4aa4-abdf-1429eadebe27@group-BC5C0CCC31D8-FollowerState] INFO  impl.FollowerState (FollowerState.java:run(143)) - eb75263a-35bc-4aa4-abdf-1429eadebe27@group-BC5C0CCC31D8-FollowerState: change to CANDIDATE, lastRpcElapsedTime:5158883501ns, electionTimeout:5139ms
2022-09-29 01:24:42,588 [eb75263a-35bc-4aa4-abdf-1429eadebe27@group-BC5C0CCC31D8-FollowerState] INFO  impl.RoleInfo (RoleInfo.java:shutdownFollowerState(110)) - eb75263a-35bc-4aa4-abdf-1429eadebe27: shutdown eb75263a-35bc-4aa4-abdf-1429eadebe27@group-BC5C0CCC31D8-FollowerState
2022-09-29 01:24:42,588 [eb75263a-35bc-4aa4-abdf-1429eadebe27@group-BC5C0CCC31D8-FollowerState] INFO  server.RaftServer$Division (RaftServerImpl.java:setRole(299)) - eb75263a-35bc-4aa4-abdf-1429eadebe27@group-BC5C0CCC31D8: changes role from  FOLLOWER to CANDIDATE at term 0 for changeToCandidate
2022-09-29 01:24:42,596 [eb75263a-35bc-4aa4-abdf-1429eadebe27@group-BC5C0CCC31D8-FollowerState] INFO  server.RaftServerConfigKeys (ConfUtils.java:logGet(46)) - raft.server.leaderelection.pre-vote = false (custom)
2022-09-29 01:24:42,596 [eb75263a-35bc-4aa4-abdf-1429eadebe27@group-BC5C0CCC31D8-FollowerState] INFO  impl.RoleInfo (RoleInfo.java:updateAndGet(139)) - eb75263a-35bc-4aa4-abdf-1429eadebe27: start eb75263a-35bc-4aa4-abdf-1429eadebe27@group-BC5C0CCC31D8-LeaderElection43
2022-09-29 01:24:42,610 [eb75263a-35bc-4aa4-abdf-1429eadebe27@group-B035CDF62AE5-LeaderElection42] INFO  impl.LeaderElection (LeaderElection.java:askForVotes(310)) - eb75263a-35bc-4aa4-abdf-1429eadebe27@group-B035CDF62AE5-LeaderElection42 ELECTION round 0: submit vote requests at term 1 for -1: [f34d6e11-5365-479c-843a-46cf4fedc247|rpc:10.1.1.32:44237|priority:0, ab87e520-373e-4ae9-907d-be725358127d|rpc:10.1.1.32:33497|priority:0, eb75263a-35bc-4aa4-abdf-1429eadebe27|rpc:10.1.1.32:35225|priority:1], old=null
2022-09-29 01:24:42,611 [eb75263a-35bc-4aa4-abdf-1429eadebe27@group-BC5C0CCC31D8-LeaderElection43] INFO  impl.LeaderElection (LeaderElection.java:askForVotes(310)) - eb75263a-35bc-4aa4-abdf-1429eadebe27@group-BC5C0CCC31D8-LeaderElection43 ELECTION round 0: submit vote requests at term 1 for -1: [eb75263a-35bc-4aa4-abdf-1429eadebe27|rpc:10.1.1.32:35225|priority:1], old=null
2022-09-29 01:24:42,611 [eb75263a-35bc-4aa4-abdf-1429eadebe27@group-BC5C0CCC31D8-LeaderElection43] INFO  impl.LeaderElection (LeaderElection.java:askForVotes(312)) - eb75263a-35bc-4aa4-abdf-1429eadebe27@group-BC5C0CCC31D8-LeaderElection43 ELECTION round 0: result PASSED (term=1)
2022-09-29 01:24:42,611 [eb75263a-35bc-4aa4-abdf-1429eadebe27@group-BC5C0CCC31D8-LeaderElection43] INFO  impl.RoleInfo (RoleInfo.java:shutdownLeaderElection(130)) - eb75263a-35bc-4aa4-abdf-1429eadebe27: shutdown eb75263a-35bc-4aa4-abdf-1429eadebe27@group-BC5C0CCC31D8-LeaderElection43
2022-09-29 01:24:42,612 [eb75263a-35bc-4aa4-abdf-1429eadebe27@group-BC5C0CCC31D8-LeaderElection43] INFO  server.RaftServer$Division (RaftServerImpl.java:setRole(299)) - eb75263a-35bc-4aa4-abdf-1429eadebe27@group-BC5C0CCC31D8: changes role from CANDIDATE to LEADER at term 1 for changeToLeader
2022-09-29 01:24:42,612 [eb75263a-35bc-4aa4-abdf-1429eadebe27@group-BC5C0CCC31D8-LeaderElection43] INFO  ratis.XceiverServerRatis (XceiverServerRatis.java:handleLeaderChangedNotification(863)) - Leader change notification received for group: group-BC5C0CCC31D8 with new leaderId: eb75263a-35bc-4aa4-abdf-1429eadebe27
2022-09-29 01:24:42,613 [eb75263a-35bc-4aa4-abdf-1429eadebe27@group-BC5C0CCC31D8-LeaderElection43] INFO  server.RaftServer$Division (ServerState.java:setLeader(287)) - eb75263a-35bc-4aa4-abdf-1429eadebe27@group-BC5C0CCC31D8: change Leader from null to eb75263a-35bc-4aa4-abdf-1429eadebe27 at term 1 for becomeLeader, leader elected after 5204ms
2022-09-29 01:24:42,613 [eb75263a-35bc-4aa4-abdf-1429eadebe27@group-BC5C0CCC31D8-LeaderElection43] INFO  server.RaftServerConfigKeys (ConfUtils.java:logGet(46)) - raft.server.staging.catchup.gap = 1000 (default)
2022-09-29 01:24:42,614 [eb75263a-35bc-4aa4-abdf-1429eadebe27@group-BC5C0CCC31D8-LeaderElection43] INFO  server.RaftServerConfigKeys (ConfUtils.java:logGet(46)) - raft.server.write.element-limit = 1024 (custom)
2022-09-29 01:24:42,614 [eb75263a-35bc-4aa4-abdf-1429eadebe27@group-BC5C0CCC31D8-LeaderElection43] INFO  server.RaftServerConfigKeys (ConfUtils.java:logGet(46)) - raft.server.write.byte-limit = 1024 M (=1073741824) (custom)
2022-09-29 01:24:42,614 [eb75263a-35bc-4aa4-abdf-1429eadebe27@group-BC5C0CCC31D8-LeaderElection43] INFO  server.RaftServerConfigKeys (ConfUtils.java:logGet(46)) - raft.server.watch.timeout = 180s (custom)
2022-09-29 01:24:42,614 [eb75263a-35bc-4aa4-abdf-1429eadebe27@group-BC5C0CCC31D8-LeaderElection43] INFO  server.RaftServerConfigKeys (ConfUtils.java:logGet(46)) - raft.server.watch.timeout.denomination = 1s (default)
2022-09-29 01:24:42,614 [eb75263a-35bc-4aa4-abdf-1429eadebe27@group-BC5C0CCC31D8-LeaderElection43] INFO  server.RaftServerConfigKeys (ConfUtils.java:logGet(46)) - raft.server.watch.element-limit = 65536 (default)
2022-09-29 01:24:42,614 [eb75263a-35bc-4aa4-abdf-1429eadebe27@group-BC5C0CCC31D8-LeaderElection43] INFO  server.RaftServerConfigKeys (ConfUtils.java:logGet(46)) - raft.server.write.element-limit = 1024 (custom)
2022-09-29 01:24:42,614 [eb75263a-35bc-4aa4-abdf-1429eadebe27@group-BC5C0CCC31D8-LeaderElection43] INFO  server.RaftServerConfigKeys (ConfUtils.java:logGet(46)) - raft.server.write.follower.gap.ratio.max = -1.0 (default)
2022-09-29 01:24:42,614 [eb75263a-35bc-4aa4-abdf-1429eadebe27@group-BC5C0CCC31D8-LeaderElection43] INFO  impl.RoleInfo (RoleInfo.java:updateAndGet(139)) - eb75263a-35bc-4aa4-abdf-1429eadebe27: start eb75263a-35bc-4aa4-abdf-1429eadebe27@group-BC5C0CCC31D8-LeaderStateImpl
2022-09-29 01:24:42,614 [eb75263a-35bc-4aa4-abdf-1429eadebe27@group-BC5C0CCC31D8-LeaderElection43] INFO  segmented.SegmentedRaftLogWorker (SegmentedRaftLogWorker.java:startLogSegment(425)) - eb75263a-35bc-4aa4-abdf-1429eadebe27@group-BC5C0CCC31D8-SegmentedRaftLogWorker: Starting segment from index:0
2022-09-29 01:24:42,617 [eb75263a-35bc-4aa4-abdf-1429eadebe27@group-BC5C0CCC31D8-SegmentedRaftLogWorker] INFO  segmented.SegmentedRaftLogWorker (SegmentedRaftLogWorker.java:execute(629)) - eb75263a-35bc-4aa4-abdf-1429eadebe27@group-BC5C0CCC31D8-SegmentedRaftLogWorker: created new log segment /home/runner/work/ozone/ozone/hadoop-ozone/integration-test/target/test-dir/MiniOzoneClusterImpl-0d15d221-0049-42ab-bf49-1e4b736e68e8/datanode-0/data/ratis/9a70f4a3-f8e7-452f-938e-bc5c0ccc31d8/current/log_inprogress_0
2022-09-29 01:24:42,621 [eb75263a-35bc-4aa4-abdf-1429eadebe27@group-BC5C0CCC31D8-LeaderElection43] INFO  server.RaftServer$Division (ServerState.java:setRaftConf(393)) - eb75263a-35bc-4aa4-abdf-1429eadebe27@group-BC5C0CCC31D8: set configuration 0: [eb75263a-35bc-4aa4-abdf-1429eadebe27|rpc:10.1.1.32:35225|dataStream:|priority:1], old=null
2022-09-29 01:24:42,627 [ab87e520-373e-4ae9-907d-be725358127d@group-B035CDF62AE5-FollowerState] INFO  impl.FollowerState (FollowerState.java:run(143)) - ab87e520-373e-4ae9-907d-be725358127d@group-B035CDF62AE5-FollowerState: change to CANDIDATE, lastRpcElapsedTime:5096175435ns, electionTimeout:5063ms
2022-09-29 01:24:42,627 [ab87e520-373e-4ae9-907d-be725358127d@group-B035CDF62AE5-FollowerState] INFO  impl.RoleInfo (RoleInfo.java:shutdownFollowerState(110)) - ab87e520-373e-4ae9-907d-be725358127d: shutdown ab87e520-373e-4ae9-907d-be725358127d@group-B035CDF62AE5-FollowerState
2022-09-29 01:24:42,627 [ab87e520-373e-4ae9-907d-be725358127d@group-B035CDF62AE5-FollowerState] INFO  server.RaftServer$Division (RaftServerImpl.java:setRole(299)) - ab87e520-373e-4ae9-907d-be725358127d@group-B035CDF62AE5: changes role from  FOLLOWER to CANDIDATE at term 0 for changeToCandidate
2022-09-29 01:24:42,628 [ab87e520-373e-4ae9-907d-be725358127d@group-B035CDF62AE5-FollowerState] INFO  server.RaftServerConfigKeys (ConfUtils.java:logGet(46)) - raft.server.leaderelection.pre-vote = false (custom)
2022-09-29 01:24:42,628 [ab87e520-373e-4ae9-907d-be725358127d@group-B035CDF62AE5-FollowerState] INFO  impl.RoleInfo (RoleInfo.java:updateAndGet(139)) - ab87e520-373e-4ae9-907d-be725358127d: start ab87e520-373e-4ae9-907d-be725358127d@group-B035CDF62AE5-LeaderElection44
2022-09-29 01:24:42,634 [EventQueue-OpenPipelineForHealthyPipelineSafeModeRule] INFO  safemode.SCMSafeModeManager (HealthyPipelineSafeModeRule.java:process(137)) - SCM in safe mode. Healthy pipelines reported count is 0, required healthy pipeline reported count is 1
2022-09-29 01:24:42,634 [grpc-default-executor-3] INFO  server.RaftServer$Division (RaftServerImpl.java:requestVote(1152)) - f34d6e11-5365-479c-843a-46cf4fedc247@group-B035CDF62AE5: receive requestVote(ELECTION, eb75263a-35bc-4aa4-abdf-1429eadebe27, group-B035CDF62AE5, 1, (t:0, i:0))
2022-09-29 01:24:42,634 [grpc-default-executor-3] INFO  impl.VoteContext (VoteContext.java:log(48)) - f34d6e11-5365-479c-843a-46cf4fedc247@group-B035CDF62AE5-FOLLOWER: accept ELECTION from eb75263a-35bc-4aa4-abdf-1429eadebe27: our priority 0 <= candidate's priority 1
2022-09-29 01:24:42,634 [grpc-default-executor-3] INFO  server.RaftServer$Division (RaftServerImpl.java:setRole(299)) - f34d6e11-5365-479c-843a-46cf4fedc247@group-B035CDF62AE5: changes role from  FOLLOWER to FOLLOWER at term 1 for candidate:eb75263a-35bc-4aa4-abdf-1429eadebe27
2022-09-29 01:24:42,634 [grpc-default-executor-3] INFO  impl.RoleInfo (RoleInfo.java:shutdownFollowerState(110)) - f34d6e11-5365-479c-843a-46cf4fedc247: shutdown f34d6e11-5365-479c-843a-46cf4fedc247@group-B035CDF62AE5-FollowerState
2022-09-29 01:24:42,634 [grpc-default-executor-3] INFO  impl.RoleInfo (RoleInfo.java:updateAndGet(139)) - f34d6e11-5365-479c-843a-46cf4fedc247: start f34d6e11-5365-479c-843a-46cf4fedc247@group-B035CDF62AE5-FollowerState
2022-09-29 01:24:42,634 [f34d6e11-5365-479c-843a-46cf4fedc247@group-B035CDF62AE5-FollowerState] INFO  impl.FollowerState (FollowerState.java:run(152)) - f34d6e11-5365-479c-843a-46cf4fedc247@group-B035CDF62AE5-FollowerState was interrupted
2022-09-29 01:24:42,641 [grpc-default-executor-3] INFO  server.RaftServer$Division (RaftServerImpl.java:requestVote(1184)) - f34d6e11-5365-479c-843a-46cf4fedc247@group-B035CDF62AE5 replies to ELECTION vote request: eb75263a-35bc-4aa4-abdf-1429eadebe27<-f34d6e11-5365-479c-843a-46cf4fedc247#0:OK-t1. Peer's state: f34d6e11-5365-479c-843a-46cf4fedc247@group-B035CDF62AE5:t1, leader=null, voted=eb75263a-35bc-4aa4-abdf-1429eadebe27, raftlog=f34d6e11-5365-479c-843a-46cf4fedc247@group-B035CDF62AE5-SegmentedRaftLog:OPENED:c-1, conf=-1: [f34d6e11-5365-479c-843a-46cf4fedc247|rpc:10.1.1.32:44237|dataStream:|priority:0, ab87e520-373e-4ae9-907d-be725358127d|rpc:10.1.1.32:33497|dataStream:|priority:0, eb75263a-35bc-4aa4-abdf-1429eadebe27|rpc:10.1.1.32:35225|dataStream:|priority:1], old=null
2022-09-29 01:24:42,647 [eb75263a-35bc-4aa4-abdf-1429eadebe27@group-B035CDF62AE5-LeaderElection42] INFO  impl.LeaderElection (LeaderElection.java:logAndReturn(90)) - eb75263a-35bc-4aa4-abdf-1429eadebe27@group-B035CDF62AE5-LeaderElection42: ELECTION PASSED received 1 response(s) and 0 exception(s):
2022-09-29 01:24:42,648 [eb75263a-35bc-4aa4-abdf-1429eadebe27@group-B035CDF62AE5-LeaderElection42] INFO  impl.LeaderElection (LeaderElection.java:logAndReturn(94)) -   Response 0: eb75263a-35bc-4aa4-abdf-1429eadebe27<-f34d6e11-5365-479c-843a-46cf4fedc247#0:OK-t1
2022-09-29 01:24:42,648 [eb75263a-35bc-4aa4-abdf-1429eadebe27@group-B035CDF62AE5-LeaderElection42] INFO  impl.LeaderElection (LeaderElection.java:askForVotes(312)) - eb75263a-35bc-4aa4-abdf-1429eadebe27@group-B035CDF62AE5-LeaderElection42 ELECTION round 0: result PASSED
2022-09-29 01:24:42,648 [eb75263a-35bc-4aa4-abdf-1429eadebe27@group-B035CDF62AE5-LeaderElection42] INFO  impl.RoleInfo (RoleInfo.java:shutdownLeaderElection(130)) - eb75263a-35bc-4aa4-abdf-1429eadebe27: shutdown eb75263a-35bc-4aa4-abdf-1429eadebe27@group-B035CDF62AE5-LeaderElection42
2022-09-29 01:24:42,648 [eb75263a-35bc-4aa4-abdf-1429eadebe27@group-B035CDF62AE5-LeaderElection42] INFO  server.RaftServer$Division (RaftServerImpl.java:setRole(299)) - eb75263a-35bc-4aa4-abdf-1429eadebe27@group-B035CDF62AE5: changes role from CANDIDATE to LEADER at term 1 for changeToLeader
2022-09-29 01:24:42,648 [eb75263a-35bc-4aa4-abdf-1429eadebe27@group-B035CDF62AE5-LeaderElection42] INFO  ratis.XceiverServerRatis (XceiverServerRatis.java:handleLeaderChangedNotification(863)) - Leader change notification received for group: group-B035CDF62AE5 with new leaderId: eb75263a-35bc-4aa4-abdf-1429eadebe27
2022-09-29 01:24:42,648 [eb75263a-35bc-4aa4-abdf-1429eadebe27@group-B035CDF62AE5-LeaderElection42] INFO  server.RaftServer$Division (ServerState.java:setLeader(287)) - eb75263a-35bc-4aa4-abdf-1429eadebe27@group-B035CDF62AE5: change Leader from null to eb75263a-35bc-4aa4-abdf-1429eadebe27 at term 1 for becomeLeader, leader elected after 5194ms
2022-09-29 01:24:42,648 [eb75263a-35bc-4aa4-abdf-1429eadebe27@group-B035CDF62AE5-LeaderElection42] INFO  server.RaftServerConfigKeys (ConfUtils.java:logGet(46)) - raft.server.staging.catchup.gap = 1000 (default)
2022-09-29 01:24:42,648 [eb75263a-35bc-4aa4-abdf-1429eadebe27@group-B035CDF62AE5-LeaderElection42] INFO  server.RaftServerConfigKeys (ConfUtils.java:logGet(46)) - raft.server.write.element-limit = 1024 (custom)
2022-09-29 01:24:42,648 [eb75263a-35bc-4aa4-abdf-1429eadebe27@group-B035CDF62AE5-LeaderElection42] INFO  server.RaftServerConfigKeys (ConfUtils.java:logGet(46)) - raft.server.write.byte-limit = 1024 M (=1073741824) (custom)
2022-09-29 01:24:42,648 [eb75263a-35bc-4aa4-abdf-1429eadebe27@group-B035CDF62AE5-LeaderElection42] INFO  server.RaftServerConfigKeys (ConfUtils.java:logGet(46)) - raft.server.watch.timeout = 180s (custom)
2022-09-29 01:24:42,649 [eb75263a-35bc-4aa4-abdf-1429eadebe27@group-B035CDF62AE5-LeaderElection42] INFO  server.RaftServerConfigKeys (ConfUtils.java:logGet(46)) - raft.server.watch.timeout.denomination = 1s (default)
2022-09-29 01:24:42,649 [eb75263a-35bc-4aa4-abdf-1429eadebe27@group-B035CDF62AE5-LeaderElection42] INFO  server.RaftServerConfigKeys (ConfUtils.java:logGet(46)) - raft.server.watch.element-limit = 65536 (default)
2022-09-29 01:24:42,649 [eb75263a-35bc-4aa4-abdf-1429eadebe27@group-B035CDF62AE5-LeaderElection42] INFO  server.RaftServerConfigKeys (ConfUtils.java:logGet(46)) - raft.server.write.element-limit = 1024 (custom)
2022-09-29 01:24:42,649 [eb75263a-35bc-4aa4-abdf-1429eadebe27@group-B035CDF62AE5-LeaderElection42] INFO  server.RaftServerConfigKeys (ConfUtils.java:logGet(46)) - raft.server.write.follower.gap.ratio.max = -1.0 (default)
2022-09-29 01:24:42,649 [eb75263a-35bc-4aa4-abdf-1429eadebe27@group-B035CDF62AE5-LeaderElection42] INFO  server.RaftServerConfigKeys (ConfUtils.java:logGet(46)) - raft.server.log.appender.snapshot.chunk.size.max = 16MB (=16777216) (default)
2022-09-29 01:24:42,649 [eb75263a-35bc-4aa4-abdf-1429eadebe27@group-B035CDF62AE5-LeaderElection42] INFO  server.RaftServerConfigKeys (ConfUtils.java:logGet(46)) - raft.server.log.appender.buffer.byte-limit = 33554432 (custom)
2022-09-29 01:24:42,649 [eb75263a-35bc-4aa4-abdf-1429eadebe27@group-B035CDF62AE5-LeaderElection42] INFO  server.RaftServerConfigKeys (ConfUtils.java:logGet(46)) - raft.server.log.appender.buffer.element-limit = 1 (custom)
2022-09-29 01:24:42,649 [eb75263a-35bc-4aa4-abdf-1429eadebe27@group-B035CDF62AE5-LeaderElection42] INFO  grpc.GrpcConfigKeys (ConfUtils.java:logGet(46)) - raft.grpc.server.leader.outstanding.appends.max = 128 (default)
2022-09-29 01:24:42,649 [eb75263a-35bc-4aa4-abdf-1429eadebe27@group-B035CDF62AE5-LeaderElection42] INFO  server.RaftServerConfigKeys (ConfUtils.java:logGet(46)) - raft.server.rpc.request.timeout = 60s (custom)
2022-09-29 01:24:42,650 [eb75263a-35bc-4aa4-abdf-1429eadebe27@group-B035CDF62AE5-LeaderElection42] INFO  server.RaftServerConfigKeys (ConfUtils.java:logGet(46)) - raft.server.log.appender.install.snapshot.enabled = false (custom)
2022-09-29 01:24:42,650 [eb75263a-35bc-4aa4-abdf-1429eadebe27@group-B035CDF62AE5-LeaderElection42] INFO  server.RaftServerConfigKeys (ConfUtils.java:logGet(46)) - raft.server.log.appender.snapshot.chunk.size.max = 16MB (=16777216) (default)
2022-09-29 01:24:42,650 [eb75263a-35bc-4aa4-abdf-1429eadebe27@group-B035CDF62AE5-LeaderElection42] INFO  server.RaftServerConfigKeys (ConfUtils.java:logGet(46)) - raft.server.log.appender.buffer.byte-limit = 33554432 (custom)
2022-09-29 01:24:42,650 [eb75263a-35bc-4aa4-abdf-1429eadebe27@group-B035CDF62AE5-LeaderElection42] INFO  server.RaftServerConfigKeys (ConfUtils.java:logGet(46)) - raft.server.log.appender.buffer.element-limit = 1 (custom)
2022-09-29 01:24:42,650 [eb75263a-35bc-4aa4-abdf-1429eadebe27@group-B035CDF62AE5-LeaderElection42] INFO  grpc.GrpcConfigKeys (ConfUtils.java:logGet(46)) - raft.grpc.server.leader.outstanding.appends.max = 128 (default)
2022-09-29 01:24:42,651 [eb75263a-35bc-4aa4-abdf-1429eadebe27@group-B035CDF62AE5-LeaderElection42] INFO  server.RaftServerConfigKeys (ConfUtils.java:logGet(46)) - raft.server.rpc.request.timeout = 60s (custom)
2022-09-29 01:24:42,651 [eb75263a-35bc-4aa4-abdf-1429eadebe27@group-B035CDF62AE5-LeaderElection42] INFO  server.RaftServerConfigKeys (ConfUtils.java:logGet(46)) - raft.server.log.appender.install.snapshot.enabled = false (custom)
2022-09-29 01:24:42,651 [eb75263a-35bc-4aa4-abdf-1429eadebe27@group-B035CDF62AE5-LeaderElection42] INFO  impl.RoleInfo (RoleInfo.java:updateAndGet(139)) - eb75263a-35bc-4aa4-abdf-1429eadebe27: start eb75263a-35bc-4aa4-abdf-1429eadebe27@group-B035CDF62AE5-LeaderStateImpl
2022-09-29 01:24:42,651 [eb75263a-35bc-4aa4-abdf-1429eadebe27@group-B035CDF62AE5-LeaderElection42] INFO  segmented.SegmentedRaftLogWorker (SegmentedRaftLogWorker.java:startLogSegment(425)) - eb75263a-35bc-4aa4-abdf-1429eadebe27@group-B035CDF62AE5-SegmentedRaftLogWorker: Starting segment from index:0
2022-09-29 01:24:42,652 [EventQueue-PipelineReportForPipelineReportHandler] INFO  pipeline.PipelineManagerImpl (PipelineManagerImpl.java:openPipeline(367)) - Pipeline Pipeline[ Id: a2f31a6a-ddfc-44a5-af3e-b035cdf62ae5, Nodes: eb75263a-35bc-4aa4-abdf-1429eadebe27{ip: 10.1.1.32, host: fv-az182-579.xlcsutvm5t3ellfcnbcbis3udb.bx.internal.cloudapp.net, ports: [REPLICATION=36843, RATIS=35225, RATIS_ADMIN=35225, RATIS_SERVER=35225, STANDALONE=43153], networkLocation: /default-rack, certSerialId: null, persistedOpState: IN_SERVICE, persistedOpStateExpiryEpochSec: 0}ab87e520-373e-4ae9-907d-be725358127d{ip: 10.1.1.32, host: fv-az182-579.xlcsutvm5t3ellfcnbcbis3udb.bx.internal.cloudapp.net, ports: [REPLICATION=36017, RATIS=33497, RATIS_ADMIN=33497, RATIS_SERVER=33497, STANDALONE=33669], networkLocation: /default-rack, certSerialId: null, persistedOpState: IN_SERVICE, persistedOpStateExpiryEpochSec: 0}f34d6e11-5365-479c-843a-46cf4fedc247{ip: 10.1.1.32, host: fv-az182-579.xlcsutvm5t3ellfcnbcbis3udb.bx.internal.cloudapp.net, ports: [REPLICATION=38773, RATIS=44237, RATIS_ADMIN=44237, RATIS_SERVER=44237, STANDALONE=46671], networkLocation: /default-rack, certSerialId: null, persistedOpState: IN_SERVICE, persistedOpStateExpiryEpochSec: 0}, ReplicationConfig: RATIS/THREE, State:ALLOCATED, leaderId:eb75263a-35bc-4aa4-abdf-1429eadebe27, CreationTimestamp2022-09-29T01:24:35.335Z[Etc/UTC]] moved to OPEN state
2022-09-29 01:24:42,653 [EventQueue-OpenPipelineForHealthyPipelineSafeModeRule] INFO  safemode.SCMSafeModeManager (HealthyPipelineSafeModeRule.java:process(137)) - SCM in safe mode. Healthy pipelines reported count is 1, required healthy pipeline reported count is 1
2022-09-29 01:24:42,653 [EventQueue-OpenPipelineForHealthyPipelineSafeModeRule] INFO  safemode.SCMSafeModeManager (SCMSafeModeManager.java:validateSafeModeExitRules(204)) - HealthyPipelineSafeModeRule rule is successfully validated
2022-09-29 01:24:42,653 [EventQueue-OpenPipelineForHealthyPipelineSafeModeRule] INFO  safemode.SCMSafeModeManager (SCMSafeModeManager.java:validateSafeModeExitRules(219)) - ScmSafeModeManager, all rules are successfully validated
2022-09-29 01:24:42,653 [EventQueue-OpenPipelineForHealthyPipelineSafeModeRule] INFO  safemode.SCMSafeModeManager (SCMSafeModeManager.java:exitSafeMode(248)) - SCM exiting safe mode.
2022-09-29 01:24:42,653 [EventQueue-OpenPipelineForHealthyPipelineSafeModeRule] WARN  events.EventQueue (EventQueue.java:fireEvent(216)) - No event handler registered for event TypedEvent{payloadType=SafeModeStatus, name='Safe mode status'}
2022-09-29 01:24:42,653 [EventQueue-OpenPipelineForHealthyPipelineSafeModeRule] INFO  ha.SCMContext (SCMContext.java:updateSafeModeStatus(228)) - Update SafeModeStatus from SafeModeStatus{safeModeStatus=true, preCheckPassed=true} to SafeModeStatus{safeModeStatus=false, preCheckPassed=true}.
2022-09-29 01:24:42,653 [EventQueue-OpenPipelineForHealthyPipelineSafeModeRule] INFO  pipeline.BackgroundPipelineCreator (BackgroundPipelineCreator.java:notifyStatusChanged(254)) - Service BackgroundPipelineCreator transitions to RUNNING.
2022-09-29 01:24:42,653 [EventQueue-OpenPipelineForHealthyPipelineSafeModeRule] INFO  BackgroundPipelineScrubber (BackgroundSCMService.java:notifyStatusChanged(82)) - Service BackgroundPipelineScrubber transitions to RUNNING.
2022-09-29 01:24:42,653 [EventQueue-OpenPipelineForHealthyPipelineSafeModeRule] INFO  ExpiredContainerReplicaOpScrubber (BackgroundSCMService.java:notifyStatusChanged(82)) - Service ExpiredContainerReplicaOpScrubber transitions to RUNNING.
2022-09-29 01:24:42,653 [EventQueue-OpenPipelineForHealthyPipelineSafeModeRule] INFO  replication.ReplicationManager (ReplicationManager.java:notifyStatusChanged(728)) - Service ReplicationManager transitions to RUNNING.
2022-09-29 01:24:42,653 [EventQueue-OpenPipelineForHealthyPipelineSafeModeRule] WARN  balancer.ContainerBalancer (ContainerBalancer.java:shouldRun(936)) - Could not find persisted configuration for ContainerBalancer when checking if ContainerBalancer should run. ContainerBalancer should not run now.
2022-09-29 01:24:42,654 [grpc-default-executor-3] INFO  server.RaftServer$Division (RaftServerImpl.java:requestVote(1152)) - ab87e520-373e-4ae9-907d-be725358127d@group-B035CDF62AE5: receive requestVote(ELECTION, eb75263a-35bc-4aa4-abdf-1429eadebe27, group-B035CDF62AE5, 1, (t:0, i:0))
2022-09-29 01:24:42,663 [grpc-default-executor-3] INFO  impl.VoteContext (VoteContext.java:log(48)) - ab87e520-373e-4ae9-907d-be725358127d@group-B035CDF62AE5-CANDIDATE: reject ELECTION from eb75263a-35bc-4aa4-abdf-1429eadebe27: already has voted for ab87e520-373e-4ae9-907d-be725358127d at current term 1
2022-09-29 01:24:42,663 [grpc-default-executor-3] INFO  server.RaftServer$Division (RaftServerImpl.java:requestVote(1184)) - ab87e520-373e-4ae9-907d-be725358127d@group-B035CDF62AE5 replies to ELECTION vote request: eb75263a-35bc-4aa4-abdf-1429eadebe27<-ab87e520-373e-4ae9-907d-be725358127d#0:FAIL-t1. Peer's state: ab87e520-373e-4ae9-907d-be725358127d@group-B035CDF62AE5:t1, leader=null, voted=ab87e520-373e-4ae9-907d-be725358127d, raftlog=ab87e520-373e-4ae9-907d-be725358127d@group-B035CDF62AE5-SegmentedRaftLog:OPENED:c-1, conf=-1: [f34d6e11-5365-479c-843a-46cf4fedc247|rpc:10.1.1.32:44237|dataStream:|priority:0, ab87e520-373e-4ae9-907d-be725358127d|rpc:10.1.1.32:33497|dataStream:|priority:0, eb75263a-35bc-4aa4-abdf-1429eadebe27|rpc:10.1.1.32:35225|dataStream:|priority:1], old=null
2022-09-29 01:24:42,663 [eb75263a-35bc-4aa4-abdf-1429eadebe27@group-B035CDF62AE5-SegmentedRaftLogWorker] INFO  segmented.SegmentedRaftLogWorker (SegmentedRaftLogWorker.java:execute(629)) - eb75263a-35bc-4aa4-abdf-1429eadebe27@group-B035CDF62AE5-SegmentedRaftLogWorker: created new log segment /home/runner/work/ozone/ozone/hadoop-ozone/integration-test/target/test-dir/MiniOzoneClusterImpl-0d15d221-0049-42ab-bf49-1e4b736e68e8/datanode-0/data/ratis/a2f31a6a-ddfc-44a5-af3e-b035cdf62ae5/current/log_inprogress_0
2022-09-29 01:24:42,664 [ab87e520-373e-4ae9-907d-be725358127d@group-B035CDF62AE5-LeaderElection44] INFO  impl.LeaderElection (LeaderElection.java:askForVotes(310)) - ab87e520-373e-4ae9-907d-be725358127d@group-B035CDF62AE5-LeaderElection44 ELECTION round 0: submit vote requests at term 1 for -1: [f34d6e11-5365-479c-843a-46cf4fedc247|rpc:10.1.1.32:44237|dataStream:|priority:0, ab87e520-373e-4ae9-907d-be725358127d|rpc:10.1.1.32:33497|dataStream:|priority:0, eb75263a-35bc-4aa4-abdf-1429eadebe27|rpc:10.1.1.32:35225|dataStream:|priority:1], old=null
2022-09-29 01:24:42,704 [eb75263a-35bc-4aa4-abdf-1429eadebe27@group-B035CDF62AE5-LeaderElection42] INFO  server.RaftServer$Division (ServerState.java:setRaftConf(393)) - eb75263a-35bc-4aa4-abdf-1429eadebe27@group-B035CDF62AE5: set configuration 0: [f34d6e11-5365-479c-843a-46cf4fedc247|rpc:10.1.1.32:44237|dataStream:|priority:0, ab87e520-373e-4ae9-907d-be725358127d|rpc:10.1.1.32:33497|dataStream:|priority:0, eb75263a-35bc-4aa4-abdf-1429eadebe27|rpc:10.1.1.32:35225|dataStream:|priority:1], old=null
2022-09-29 01:24:42,708 [ab87e520-373e-4ae9-907d-be725358127d-server-thread1] INFO  server.RaftServer$Division (RaftServerImpl.java:setRole(299)) - ab87e520-373e-4ae9-907d-be725358127d@group-B035CDF62AE5: changes role from CANDIDATE to FOLLOWER at term 1 for appendEntries
2022-09-29 01:24:42,708 [ab87e520-373e-4ae9-907d-be725358127d-server-thread1] INFO  impl.RoleInfo (RoleInfo.java:shutdownLeaderElection(130)) - ab87e520-373e-4ae9-907d-be725358127d: shutdown ab87e520-373e-4ae9-907d-be725358127d@group-B035CDF62AE5-LeaderElection44
2022-09-29 01:24:42,708 [ab87e520-373e-4ae9-907d-be725358127d-server-thread1] INFO  impl.RoleInfo (RoleInfo.java:updateAndGet(139)) - ab87e520-373e-4ae9-907d-be725358127d: start ab87e520-373e-4ae9-907d-be725358127d@group-B035CDF62AE5-FollowerState
2022-09-29 01:24:42,708 [ab87e520-373e-4ae9-907d-be725358127d-server-thread1] INFO  ratis.XceiverServerRatis (XceiverServerRatis.java:handleLeaderChangedNotification(863)) - Leader change notification received for group: group-B035CDF62AE5 with new leaderId: eb75263a-35bc-4aa4-abdf-1429eadebe27
2022-09-29 01:24:42,708 [ab87e520-373e-4ae9-907d-be725358127d-server-thread1] INFO  server.RaftServer$Division (ServerState.java:setLeader(287)) - ab87e520-373e-4ae9-907d-be725358127d@group-B035CDF62AE5: change Leader from null to eb75263a-35bc-4aa4-abdf-1429eadebe27 at term 1 for appendEntries, leader elected after 5183ms
2022-09-29 01:24:42,713 [f34d6e11-5365-479c-843a-46cf4fedc247-server-thread1] INFO  ratis.XceiverServerRatis (XceiverServerRatis.java:handleLeaderChangedNotification(863)) - Leader change notification received for group: group-B035CDF62AE5 with new leaderId: eb75263a-35bc-4aa4-abdf-1429eadebe27
2022-09-29 01:24:42,713 [f34d6e11-5365-479c-843a-46cf4fedc247-server-thread1] INFO  server.RaftServer$Division (ServerState.java:setLeader(287)) - f34d6e11-5365-479c-843a-46cf4fedc247@group-B035CDF62AE5: change Leader from null to eb75263a-35bc-4aa4-abdf-1429eadebe27 at term 1 for appendEntries, leader elected after 5096ms
2022-09-29 01:24:42,716 [ab87e520-373e-4ae9-907d-be725358127d-server-thread1] INFO  server.RaftServer$Division (ServerState.java:setRaftConf(393)) - ab87e520-373e-4ae9-907d-be725358127d@group-B035CDF62AE5: set configuration 0: [f34d6e11-5365-479c-843a-46cf4fedc247|rpc:10.1.1.32:44237|dataStream:|priority:0, ab87e520-373e-4ae9-907d-be725358127d|rpc:10.1.1.32:33497|dataStream:|priority:0, eb75263a-35bc-4aa4-abdf-1429eadebe27|rpc:10.1.1.32:35225|dataStream:|priority:1], old=null
2022-09-29 01:24:42,716 [ab87e520-373e-4ae9-907d-be725358127d-server-thread1] INFO  segmented.SegmentedRaftLogWorker (SegmentedRaftLogWorker.java:startLogSegment(425)) - ab87e520-373e-4ae9-907d-be725358127d@group-B035CDF62AE5-SegmentedRaftLogWorker: Starting segment from index:0
2022-09-29 01:24:42,718 [grpc-default-executor-1] INFO  server.RaftServer$Division (RaftServerImpl.java:requestVote(1152)) - f34d6e11-5365-479c-843a-46cf4fedc247@group-B035CDF62AE5: receive requestVote(ELECTION, ab87e520-373e-4ae9-907d-be725358127d, group-B035CDF62AE5, 1, (t:0, i:0))
2022-09-29 01:24:42,718 [grpc-default-executor-1] INFO  impl.VoteContext (VoteContext.java:log(48)) - f34d6e11-5365-479c-843a-46cf4fedc247@group-B035CDF62AE5-FOLLOWER: reject ELECTION from ab87e520-373e-4ae9-907d-be725358127d: already has voted for eb75263a-35bc-4aa4-abdf-1429eadebe27 at current term 1
2022-09-29 01:24:42,718 [grpc-default-executor-1] INFO  server.RaftServer$Division (RaftServerImpl.java:requestVote(1184)) - f34d6e11-5365-479c-843a-46cf4fedc247@group-B035CDF62AE5 replies to ELECTION vote request: ab87e520-373e-4ae9-907d-be725358127d<-f34d6e11-5365-479c-843a-46cf4fedc247#0:FAIL-t1. Peer's state: f34d6e11-5365-479c-843a-46cf4fedc247@group-B035CDF62AE5:t1, leader=eb75263a-35bc-4aa4-abdf-1429eadebe27, voted=eb75263a-35bc-4aa4-abdf-1429eadebe27, raftlog=f34d6e11-5365-479c-843a-46cf4fedc247@group-B035CDF62AE5-SegmentedRaftLog:OPENED:c-1, conf=-1: [f34d6e11-5365-479c-843a-46cf4fedc247|rpc:10.1.1.32:44237|dataStream:|priority:0, ab87e520-373e-4ae9-907d-be725358127d|rpc:10.1.1.32:33497|dataStream:|priority:0, eb75263a-35bc-4aa4-abdf-1429eadebe27|rpc:10.1.1.32:35225|dataStream:|priority:1], old=null
2022-09-29 01:24:42,719 [ab87e520-373e-4ae9-907d-be725358127d@group-B035CDF62AE5-SegmentedRaftLogWorker] INFO  segmented.SegmentedRaftLogWorker (SegmentedRaftLogWorker.java:execute(629)) - ab87e520-373e-4ae9-907d-be725358127d@group-B035CDF62AE5-SegmentedRaftLogWorker: created new log segment /home/runner/work/ozone/ozone/hadoop-ozone/integration-test/target/test-dir/MiniOzoneClusterImpl-0d15d221-0049-42ab-bf49-1e4b736e68e8/datanode-1/data/ratis/a2f31a6a-ddfc-44a5-af3e-b035cdf62ae5/current/log_inprogress_0
2022-09-29 01:24:42,729 [ab87e520-373e-4ae9-907d-be725358127d@group-B035CDF62AE5-LeaderElection44] INFO  impl.LeaderElection (LeaderElection.java:logAndReturn(90)) - ab87e520-373e-4ae9-907d-be725358127d@group-B035CDF62AE5-LeaderElection44: ELECTION REJECTED received 1 response(s) and 0 exception(s):
2022-09-29 01:24:42,729 [ab87e520-373e-4ae9-907d-be725358127d@group-B035CDF62AE5-LeaderElection44] INFO  impl.LeaderElection (LeaderElection.java:logAndReturn(94)) -   Response 0: ab87e520-373e-4ae9-907d-be725358127d<-f34d6e11-5365-479c-843a-46cf4fedc247#0:FAIL-t1
2022-09-29 01:24:42,729 [ab87e520-373e-4ae9-907d-be725358127d@group-B035CDF62AE5-LeaderElection44] INFO  impl.LeaderElection (LeaderElection.java:askForVotes(312)) - ab87e520-373e-4ae9-907d-be725358127d@group-B035CDF62AE5-LeaderElection44 ELECTION round 0: result REJECTED
2022-09-29 01:24:42,731 [grpc-default-executor-2] INFO  server.RaftServer$Division (RaftServerImpl.java:requestVote(1152)) - eb75263a-35bc-4aa4-abdf-1429eadebe27@group-B035CDF62AE5: receive requestVote(ELECTION, ab87e520-373e-4ae9-907d-be725358127d, group-B035CDF62AE5, 1, (t:0, i:0))
2022-09-29 01:24:42,731 [grpc-default-executor-2] INFO  impl.VoteContext (VoteContext.java:log(48)) - eb75263a-35bc-4aa4-abdf-1429eadebe27@group-B035CDF62AE5-LEADER: reject ELECTION from ab87e520-373e-4ae9-907d-be725358127d: already has voted for eb75263a-35bc-4aa4-abdf-1429eadebe27 at current term 1
2022-09-29 01:24:42,731 [grpc-default-executor-2] INFO  server.RaftServer$Division (RaftServerImpl.java:requestVote(1184)) - eb75263a-35bc-4aa4-abdf-1429eadebe27@group-B035CDF62AE5 replies to ELECTION vote request: ab87e520-373e-4ae9-907d-be725358127d<-eb75263a-35bc-4aa4-abdf-1429eadebe27#0:FAIL-t1. Peer's state: eb75263a-35bc-4aa4-abdf-1429eadebe27@group-B035CDF62AE5:t1, leader=eb75263a-35bc-4aa4-abdf-1429eadebe27, voted=eb75263a-35bc-4aa4-abdf-1429eadebe27, raftlog=eb75263a-35bc-4aa4-abdf-1429eadebe27@group-B035CDF62AE5-SegmentedRaftLog:OPENED:c0, conf=0: [f34d6e11-5365-479c-843a-46cf4fedc247|rpc:10.1.1.32:44237|dataStream:|priority:0, ab87e520-373e-4ae9-907d-be725358127d|rpc:10.1.1.32:33497|dataStream:|priority:0, eb75263a-35bc-4aa4-abdf-1429eadebe27|rpc:10.1.1.32:35225|dataStream:|priority:1], old=null
2022-09-29 01:24:42,732 [f34d6e11-5365-479c-843a-46cf4fedc247-server-thread1] INFO  server.RaftServer$Division (ServerState.java:setRaftConf(393)) - f34d6e11-5365-479c-843a-46cf4fedc247@group-B035CDF62AE5: set configuration 0: [f34d6e11-5365-479c-843a-46cf4fedc247|rpc:10.1.1.32:44237|dataStream:|priority:0, ab87e520-373e-4ae9-907d-be725358127d|rpc:10.1.1.32:33497|dataStream:|priority:0, eb75263a-35bc-4aa4-abdf-1429eadebe27|rpc:10.1.1.32:35225|dataStream:|priority:1], old=null
2022-09-29 01:24:42,732 [f34d6e11-5365-479c-843a-46cf4fedc247-server-thread1] INFO  segmented.SegmentedRaftLogWorker (SegmentedRaftLogWorker.java:startLogSegment(425)) - f34d6e11-5365-479c-843a-46cf4fedc247@group-B035CDF62AE5-SegmentedRaftLogWorker: Starting segment from index:0
2022-09-29 01:24:42,734 [f34d6e11-5365-479c-843a-46cf4fedc247@group-B035CDF62AE5-SegmentedRaftLogWorker] INFO  segmented.SegmentedRaftLogWorker (SegmentedRaftLogWorker.java:execute(629)) - f34d6e11-5365-479c-843a-46cf4fedc247@group-B035CDF62AE5-SegmentedRaftLogWorker: created new log segment /home/runner/work/ozone/ozone/hadoop-ozone/integration-test/target/test-dir/MiniOzoneClusterImpl-0d15d221-0049-42ab-bf49-1e4b736e68e8/datanode-2/data/ratis/a2f31a6a-ddfc-44a5-af3e-b035cdf62ae5/current/log_inprogress_0
2022-09-29 01:24:42,754 [eb75263a-35bc-4aa4-abdf-1429eadebe27@group-22FC3F282C66-FollowerState] INFO  impl.FollowerState (FollowerState.java:run(143)) - eb75263a-35bc-4aa4-abdf-1429eadebe27@group-22FC3F282C66-FollowerState: change to CANDIDATE, lastRpcElapsedTime:5101133993ns, electionTimeout:5093ms
2022-09-29 01:24:42,754 [eb75263a-35bc-4aa4-abdf-1429eadebe27@group-22FC3F282C66-FollowerState] INFO  impl.RoleInfo (RoleInfo.java:shutdownFollowerState(110)) - eb75263a-35bc-4aa4-abdf-1429eadebe27: shutdown eb75263a-35bc-4aa4-abdf-1429eadebe27@group-22FC3F282C66-FollowerState
2022-09-29 01:24:42,754 [eb75263a-35bc-4aa4-abdf-1429eadebe27@group-22FC3F282C66-FollowerState] INFO  server.RaftServer$Division (RaftServerImpl.java:setRole(299)) - eb75263a-35bc-4aa4-abdf-1429eadebe27@group-22FC3F282C66: changes role from  FOLLOWER to CANDIDATE at term 0 for changeToCandidate
2022-09-29 01:24:42,754 [eb75263a-35bc-4aa4-abdf-1429eadebe27@group-22FC3F282C66-FollowerState] INFO  server.RaftServerConfigKeys (ConfUtils.java:logGet(46)) - raft.server.leaderelection.pre-vote = false (custom)
2022-09-29 01:24:42,754 [eb75263a-35bc-4aa4-abdf-1429eadebe27@group-22FC3F282C66-FollowerState] INFO  impl.RoleInfo (RoleInfo.java:updateAndGet(139)) - eb75263a-35bc-4aa4-abdf-1429eadebe27: start eb75263a-35bc-4aa4-abdf-1429eadebe27@group-22FC3F282C66-LeaderElection45
2022-09-29 01:24:42,769 [eb75263a-35bc-4aa4-abdf-1429eadebe27@group-22FC3F282C66-LeaderElection45] INFO  impl.LeaderElection (LeaderElection.java:askForVotes(310)) - eb75263a-35bc-4aa4-abdf-1429eadebe27@group-22FC3F282C66-LeaderElection45 ELECTION round 0: submit vote requests at term 1 for -1: [f34d6e11-5365-479c-843a-46cf4fedc247|rpc:10.1.1.32:44237|priority:1, ab87e520-373e-4ae9-907d-be725358127d|rpc:10.1.1.32:33497|priority:0, eb75263a-35bc-4aa4-abdf-1429eadebe27|rpc:10.1.1.32:35225|priority:0], old=null
2022-09-29 01:24:42,771 [grpc-default-executor-3] INFO  server.RaftServer$Division (RaftServerImpl.java:requestVote(1152)) - f34d6e11-5365-479c-843a-46cf4fedc247@group-22FC3F282C66: receive requestVote(ELECTION, eb75263a-35bc-4aa4-abdf-1429eadebe27, group-22FC3F282C66, 1, (t:0, i:0))
2022-09-29 01:24:42,771 [grpc-default-executor-3] INFO  impl.VoteContext (VoteContext.java:log(48)) - f34d6e11-5365-479c-843a-46cf4fedc247@group-22FC3F282C66-FOLLOWER: reject ELECTION from eb75263a-35bc-4aa4-abdf-1429eadebe27: our priority 1 > candidate's priority 0
2022-09-29 01:24:42,771 [grpc-default-executor-3] INFO  server.RaftServer$Division (RaftServerImpl.java:setRole(299)) - f34d6e11-5365-479c-843a-46cf4fedc247@group-22FC3F282C66: changes role from  FOLLOWER to FOLLOWER at term 1 for candidate:eb75263a-35bc-4aa4-abdf-1429eadebe27
2022-09-29 01:24:42,771 [grpc-default-executor-3] INFO  impl.RoleInfo (RoleInfo.java:shutdownFollowerState(110)) - f34d6e11-5365-479c-843a-46cf4fedc247: shutdown f34d6e11-5365-479c-843a-46cf4fedc247@group-22FC3F282C66-FollowerState
2022-09-29 01:24:42,776 [f34d6e11-5365-479c-843a-46cf4fedc247@group-22FC3F282C66-FollowerState] INFO  impl.FollowerState (FollowerState.java:run(152)) - f34d6e11-5365-479c-843a-46cf4fedc247@group-22FC3F282C66-FollowerState was interrupted
2022-09-29 01:24:42,776 [grpc-default-executor-3] INFO  impl.RoleInfo (RoleInfo.java:updateAndGet(139)) - f34d6e11-5365-479c-843a-46cf4fedc247: start f34d6e11-5365-479c-843a-46cf4fedc247@group-22FC3F282C66-FollowerState
2022-09-29 01:24:42,776 [grpc-default-executor-2] INFO  server.RaftServer$Division (RaftServerImpl.java:requestVote(1152)) - ab87e520-373e-4ae9-907d-be725358127d@group-22FC3F282C66: receive requestVote(ELECTION, eb75263a-35bc-4aa4-abdf-1429eadebe27, group-22FC3F282C66, 1, (t:0, i:0))
2022-09-29 01:24:42,776 [grpc-default-executor-2] INFO  impl.VoteContext (VoteContext.java:log(48)) - ab87e520-373e-4ae9-907d-be725358127d@group-22FC3F282C66-FOLLOWER: accept ELECTION from eb75263a-35bc-4aa4-abdf-1429eadebe27: our priority 0 <= candidate's priority 0
2022-09-29 01:24:42,776 [grpc-default-executor-2] INFO  server.RaftServer$Division (RaftServerImpl.java:setRole(299)) - ab87e520-373e-4ae9-907d-be725358127d@group-22FC3F282C66: changes role from  FOLLOWER to FOLLOWER at term 1 for candidate:eb75263a-35bc-4aa4-abdf-1429eadebe27
2022-09-29 01:24:42,776 [grpc-default-executor-2] INFO  impl.RoleInfo (RoleInfo.java:shutdownFollowerState(110)) - ab87e520-373e-4ae9-907d-be725358127d: shutdown ab87e520-373e-4ae9-907d-be725358127d@group-22FC3F282C66-FollowerState
2022-09-29 01:24:42,777 [ab87e520-373e-4ae9-907d-be725358127d@group-22FC3F282C66-FollowerState] INFO  impl.FollowerState (FollowerState.java:run(152)) - ab87e520-373e-4ae9-907d-be725358127d@group-22FC3F282C66-FollowerState was interrupted
2022-09-29 01:24:42,777 [grpc-default-executor-2] INFO  impl.RoleInfo (RoleInfo.java:updateAndGet(139)) - ab87e520-373e-4ae9-907d-be725358127d: start ab87e520-373e-4ae9-907d-be725358127d@group-22FC3F282C66-FollowerState
2022-09-29 01:24:42,778 [grpc-default-executor-3] INFO  server.RaftServer$Division (RaftServerImpl.java:requestVote(1184)) - f34d6e11-5365-479c-843a-46cf4fedc247@group-22FC3F282C66 replies to ELECTION vote request: eb75263a-35bc-4aa4-abdf-1429eadebe27<-f34d6e11-5365-479c-843a-46cf4fedc247#0:FAIL-t1. Peer's state: f34d6e11-5365-479c-843a-46cf4fedc247@group-22FC3F282C66:t1, leader=null, voted=null, raftlog=f34d6e11-5365-479c-843a-46cf4fedc247@group-22FC3F282C66-SegmentedRaftLog:OPENED:c-1, conf=-1: [f34d6e11-5365-479c-843a-46cf4fedc247|rpc:10.1.1.32:44237|dataStream:|priority:1, ab87e520-373e-4ae9-907d-be725358127d|rpc:10.1.1.32:33497|dataStream:|priority:0, eb75263a-35bc-4aa4-abdf-1429eadebe27|rpc:10.1.1.32:35225|dataStream:|priority:0], old=null
2022-09-29 01:24:42,785 [grpc-default-executor-2] INFO  server.RaftServer$Division (RaftServerImpl.java:requestVote(1184)) - ab87e520-373e-4ae9-907d-be725358127d@group-22FC3F282C66 replies to ELECTION vote request: eb75263a-35bc-4aa4-abdf-1429eadebe27<-ab87e520-373e-4ae9-907d-be725358127d#0:OK-t1. Peer's state: ab87e520-373e-4ae9-907d-be725358127d@group-22FC3F282C66:t1, leader=null, voted=eb75263a-35bc-4aa4-abdf-1429eadebe27, raftlog=ab87e520-373e-4ae9-907d-be725358127d@group-22FC3F282C66-SegmentedRaftLog:OPENED:c-1, conf=-1: [f34d6e11-5365-479c-843a-46cf4fedc247|rpc:10.1.1.32:44237|dataStream:|priority:1, ab87e520-373e-4ae9-907d-be725358127d|rpc:10.1.1.32:33497|dataStream:|priority:0, eb75263a-35bc-4aa4-abdf-1429eadebe27|rpc:10.1.1.32:35225|dataStream:|priority:0], old=null
2022-09-29 01:24:42,792 [eb75263a-35bc-4aa4-abdf-1429eadebe27@group-22FC3F282C66-LeaderElection45] INFO  impl.LeaderElection (LeaderElection.java:logAndReturn(90)) - eb75263a-35bc-4aa4-abdf-1429eadebe27@group-22FC3F282C66-LeaderElection45: ELECTION REJECTED received 1 response(s) and 0 exception(s):
2022-09-29 01:24:42,792 [eb75263a-35bc-4aa4-abdf-1429eadebe27@group-22FC3F282C66-LeaderElection45] INFO  impl.LeaderElection (LeaderElection.java:logAndReturn(94)) -   Response 0: eb75263a-35bc-4aa4-abdf-1429eadebe27<-f34d6e11-5365-479c-843a-46cf4fedc247#0:FAIL-t1
2022-09-29 01:24:42,792 [eb75263a-35bc-4aa4-abdf-1429eadebe27@group-22FC3F282C66-LeaderElection45] INFO  impl.LeaderElection (LeaderElection.java:askForVotes(312)) - eb75263a-35bc-4aa4-abdf-1429eadebe27@group-22FC3F282C66-LeaderElection45 ELECTION round 0: result REJECTED
2022-09-29 01:24:42,792 [eb75263a-35bc-4aa4-abdf-1429eadebe27@group-22FC3F282C66-LeaderElection45] INFO  server.RaftServer$Division (RaftServerImpl.java:setRole(299)) - eb75263a-35bc-4aa4-abdf-1429eadebe27@group-22FC3F282C66: changes role from CANDIDATE to FOLLOWER at term 1 for REJECTED
2022-09-29 01:24:42,792 [eb75263a-35bc-4aa4-abdf-1429eadebe27@group-22FC3F282C66-LeaderElection45] INFO  impl.RoleInfo (RoleInfo.java:shutdownLeaderElection(130)) - eb75263a-35bc-4aa4-abdf-1429eadebe27: shutdown eb75263a-35bc-4aa4-abdf-1429eadebe27@group-22FC3F282C66-LeaderElection45
2022-09-29 01:24:42,792 [eb75263a-35bc-4aa4-abdf-1429eadebe27@group-22FC3F282C66-LeaderElection45] INFO  impl.RoleInfo (RoleInfo.java:updateAndGet(139)) - eb75263a-35bc-4aa4-abdf-1429eadebe27: start eb75263a-35bc-4aa4-abdf-1429eadebe27@group-22FC3F282C66-FollowerState
2022-09-29 01:24:43,061 [ab87e520-373e-4ae9-907d-be725358127d@group-DF0B93AEACDD-FollowerState] INFO  impl.FollowerState (FollowerState.java:run(143)) - ab87e520-373e-4ae9-907d-be725358127d@group-DF0B93AEACDD-FollowerState: change to CANDIDATE, lastRpcElapsedTime:5107271063ns, electionTimeout:5097ms
2022-09-29 01:24:43,062 [ab87e520-373e-4ae9-907d-be725358127d@group-DF0B93AEACDD-FollowerState] INFO  impl.RoleInfo (RoleInfo.java:shutdownFollowerState(110)) - ab87e520-373e-4ae9-907d-be725358127d: shutdown ab87e520-373e-4ae9-907d-be725358127d@group-DF0B93AEACDD-FollowerState
2022-09-29 01:24:43,062 [ab87e520-373e-4ae9-907d-be725358127d@group-DF0B93AEACDD-FollowerState] INFO  server.RaftServer$Division (RaftServerImpl.java:setRole(299)) - ab87e520-373e-4ae9-907d-be725358127d@group-DF0B93AEACDD: changes role from  FOLLOWER to CANDIDATE at term 0 for changeToCandidate
2022-09-29 01:24:43,062 [ab87e520-373e-4ae9-907d-be725358127d@group-DF0B93AEACDD-FollowerState] INFO  server.RaftServerConfigKeys (ConfUtils.java:logGet(46)) - raft.server.leaderelection.pre-vote = false (custom)
2022-09-29 01:24:43,062 [ab87e520-373e-4ae9-907d-be725358127d@group-DF0B93AEACDD-FollowerState] INFO  impl.RoleInfo (RoleInfo.java:updateAndGet(139)) - ab87e520-373e-4ae9-907d-be725358127d: start ab87e520-373e-4ae9-907d-be725358127d@group-DF0B93AEACDD-LeaderElection46
2022-09-29 01:24:43,077 [ab87e520-373e-4ae9-907d-be725358127d@group-DF0B93AEACDD-LeaderElection46] INFO  impl.LeaderElection (LeaderElection.java:askForVotes(310)) - ab87e520-373e-4ae9-907d-be725358127d@group-DF0B93AEACDD-LeaderElection46 ELECTION round 0: submit vote requests at term 1 for -1: [ab87e520-373e-4ae9-907d-be725358127d|rpc:10.1.1.32:33497|priority:1], old=null
2022-09-29 01:24:43,077 [ab87e520-373e-4ae9-907d-be725358127d@group-DF0B93AEACDD-LeaderElection46] INFO  impl.LeaderElection (LeaderElection.java:askForVotes(312)) - ab87e520-373e-4ae9-907d-be725358127d@group-DF0B93AEACDD-LeaderElection46 ELECTION round 0: result PASSED (term=1)
2022-09-29 01:24:43,077 [ab87e520-373e-4ae9-907d-be725358127d@group-DF0B93AEACDD-LeaderElection46] INFO  impl.RoleInfo (RoleInfo.java:shutdownLeaderElection(130)) - ab87e520-373e-4ae9-907d-be725358127d: shutdown ab87e520-373e-4ae9-907d-be725358127d@group-DF0B93AEACDD-LeaderElection46
2022-09-29 01:24:43,077 [ab87e520-373e-4ae9-907d-be725358127d@group-DF0B93AEACDD-LeaderElection46] INFO  server.RaftServer$Division (RaftServerImpl.java:setRole(299)) - ab87e520-373e-4ae9-907d-be725358127d@group-DF0B93AEACDD: changes role from CANDIDATE to LEADER at term 1 for changeToLeader
2022-09-29 01:24:43,077 [ab87e520-373e-4ae9-907d-be725358127d@group-DF0B93AEACDD-LeaderElection46] INFO  ratis.XceiverServerRatis (XceiverServerRatis.java:handleLeaderChangedNotification(863)) - Leader change notification received for group: group-DF0B93AEACDD with new leaderId: ab87e520-373e-4ae9-907d-be725358127d
2022-09-29 01:24:43,077 [ab87e520-373e-4ae9-907d-be725358127d@group-DF0B93AEACDD-LeaderElection46] INFO  server.RaftServer$Division (ServerState.java:setLeader(287)) - ab87e520-373e-4ae9-907d-be725358127d@group-DF0B93AEACDD: change Leader from null to ab87e520-373e-4ae9-907d-be725358127d at term 1 for becomeLeader, leader elected after 5167ms
2022-09-29 01:24:43,077 [ab87e520-373e-4ae9-907d-be725358127d@group-DF0B93AEACDD-LeaderElection46] INFO  server.RaftServerConfigKeys (ConfUtils.java:logGet(46)) - raft.server.staging.catchup.gap = 1000 (default)
2022-09-29 01:24:43,084 [ab87e520-373e-4ae9-907d-be725358127d@group-DF0B93AEACDD-LeaderElection46] INFO  server.RaftServerConfigKeys (ConfUtils.java:logGet(46)) - raft.server.write.element-limit = 1024 (custom)
2022-09-29 01:24:43,084 [ab87e520-373e-4ae9-907d-be725358127d@group-DF0B93AEACDD-LeaderElection46] INFO  server.RaftServerConfigKeys (ConfUtils.java:logGet(46)) - raft.server.write.byte-limit = 1024 M (=1073741824) (custom)
2022-09-29 01:24:43,084 [ab87e520-373e-4ae9-907d-be725358127d@group-DF0B93AEACDD-LeaderElection46] INFO  server.RaftServerConfigKeys (ConfUtils.java:logGet(46)) - raft.server.watch.timeout = 180s (custom)
2022-09-29 01:24:43,084 [ab87e520-373e-4ae9-907d-be725358127d@group-DF0B93AEACDD-LeaderElection46] INFO  server.RaftServerConfigKeys (ConfUtils.java:logGet(46)) - raft.server.watch.timeout.denomination = 1s (default)
2022-09-29 01:24:43,084 [ab87e520-373e-4ae9-907d-be725358127d@group-DF0B93AEACDD-LeaderElection46] INFO  server.RaftServerConfigKeys (ConfUtils.java:logGet(46)) - raft.server.watch.element-limit = 65536 (default)
2022-09-29 01:24:43,084 [ab87e520-373e-4ae9-907d-be725358127d@group-DF0B93AEACDD-LeaderElection46] INFO  server.RaftServerConfigKeys (ConfUtils.java:logGet(46)) - raft.server.write.element-limit = 1024 (custom)
2022-09-29 01:24:43,084 [ab87e520-373e-4ae9-907d-be725358127d@group-DF0B93AEACDD-LeaderElection46] INFO  server.RaftServerConfigKeys (ConfUtils.java:logGet(46)) - raft.server.write.follower.gap.ratio.max = -1.0 (default)
2022-09-29 01:24:43,084 [ab87e520-373e-4ae9-907d-be725358127d@group-DF0B93AEACDD-LeaderElection46] INFO  impl.RoleInfo (RoleInfo.java:updateAndGet(139)) - ab87e520-373e-4ae9-907d-be725358127d: start ab87e520-373e-4ae9-907d-be725358127d@group-DF0B93AEACDD-LeaderStateImpl
2022-09-29 01:24:43,085 [ab87e520-373e-4ae9-907d-be725358127d@group-DF0B93AEACDD-LeaderElection46] INFO  segmented.SegmentedRaftLogWorker (SegmentedRaftLogWorker.java:startLogSegment(425)) - ab87e520-373e-4ae9-907d-be725358127d@group-DF0B93AEACDD-SegmentedRaftLogWorker: Starting segment from index:0
2022-09-29 01:24:43,086 [ab87e520-373e-4ae9-907d-be725358127d@group-DF0B93AEACDD-SegmentedRaftLogWorker] INFO  segmented.SegmentedRaftLogWorker (SegmentedRaftLogWorker.java:execute(629)) - ab87e520-373e-4ae9-907d-be725358127d@group-DF0B93AEACDD-SegmentedRaftLogWorker: created new log segment /home/runner/work/ozone/ozone/hadoop-ozone/integration-test/target/test-dir/MiniOzoneClusterImpl-0d15d221-0049-42ab-bf49-1e4b736e68e8/datanode-1/data/ratis/84412642-7f24-46b8-b662-df0b93aeacdd/current/log_inprogress_0
2022-09-29 01:24:43,097 [ab87e520-373e-4ae9-907d-be725358127d@group-DF0B93AEACDD-LeaderElection46] INFO  server.RaftServer$Division (ServerState.java:setRaftConf(393)) - ab87e520-373e-4ae9-907d-be725358127d@group-DF0B93AEACDD: set configuration 0: [ab87e520-373e-4ae9-907d-be725358127d|rpc:10.1.1.32:33497|dataStream:|priority:1], old=null
2022-09-29 01:24:43,162 [EndpointStateMachine task thread for /0.0.0.0:42241 - 0 ] INFO  ipc.Client (Client.java:handleConnectionFailure(977)) - Retrying connect to server: 0.0.0.0/0.0.0.0:42241. Already tried 6 time(s); retry policy is RetryUpToMaximumCountWithFixedSleep(maxRetries=15, sleepTime=1000 MILLISECONDS)
2022-09-29 01:24:43,276 [Listener at 127.0.0.1/44309] INFO  ozone.MiniOzoneClusterImpl (MiniOzoneClusterImpl.java:lambda$waitForClusterToBeReady$0(216)) - Nodes are ready. Got 3 of 3 DN Heartbeats.
2022-09-29 01:24:43,277 [Listener at 127.0.0.1/44309] INFO  ozone.MiniOzoneClusterImpl (MiniOzoneClusterImpl.java:lambda$waitForClusterToBeReady$0(219)) - Cluster exits safe mode
2022-09-29 01:24:43,277 [Listener at 127.0.0.1/44309] INFO  ozone.MiniOzoneClusterImpl (MiniOzoneClusterImpl.java:lambda$waitForClusterToBeReady$0(221)) - SCM became leader
2022-09-29 01:24:43,370 [Listener at 127.0.0.1/44309] INFO  rpc.RpcClient (RpcClient.java:createVolume(471)) - Creating Volume: volume86547, with user38183 as owner and space quota set to -1 bytes, counts quota set to -1
2022-09-29 01:24:43,400 [OM StateMachine ApplyTransaction Thread - 0] INFO  volume.OMVolumeCreateRequest (OMVolumeCreateRequest.java:validateAndUpdateCache(195)) - created volume:volume86547 for user:user38183
2022-09-29 01:24:43,431 [OM StateMachine ApplyTransaction Thread - 0] INFO  volume.OMVolumeCreateRequest (OMVolumeCreateRequest.java:validateAndUpdateCache(195)) - created volume:volume86547 for user:user38183
2022-09-29 01:24:43,440 [Listener at 127.0.0.1/44309] INFO  rpc.RpcClient (RpcClient.java:createBucket(674)) - Creating Bucket: volume86547/bucket49155, with server-side default bucket layout, runner as owner, Versioning false, Storage Type set to DISK and Encryption set to false 
2022-09-29 01:24:43,451 [OM StateMachine ApplyTransaction Thread - 0] INFO  volume.OMVolumeCreateRequest (OMVolumeCreateRequest.java:validateAndUpdateCache(195)) - created volume:volume86547 for user:user38183
2022-09-29 01:24:43,469 [OM StateMachine ApplyTransaction Thread - 0] INFO  bucket.OMBucketCreateRequest (OMBucketCreateRequest.java:validateAndUpdateCache(260)) - created bucket: bucket49155 of layout LEGACY in volume: volume86547
2022-09-29 01:24:43,473 [OM StateMachine ApplyTransaction Thread - 0] INFO  bucket.OMBucketCreateRequest (OMBucketCreateRequest.java:validateAndUpdateCache(260)) - created bucket: bucket49155 of layout LEGACY in volume: volume86547
2022-09-29 01:24:43,482 [f34d6e11-5365-479c-843a-46cf4fedc247@group-808C690C728A-FollowerState] INFO  impl.FollowerState (FollowerState.java:run(143)) - f34d6e11-5365-479c-843a-46cf4fedc247@group-808C690C728A-FollowerState: change to CANDIDATE, lastRpcElapsedTime:5133155271ns, electionTimeout:5132ms
2022-09-29 01:24:43,482 [f34d6e11-5365-479c-843a-46cf4fedc247@group-808C690C728A-FollowerState] INFO  impl.RoleInfo (RoleInfo.java:shutdownFollowerState(110)) - f34d6e11-5365-479c-843a-46cf4fedc247: shutdown f34d6e11-5365-479c-843a-46cf4fedc247@group-808C690C728A-FollowerState
2022-09-29 01:24:43,482 [f34d6e11-5365-479c-843a-46cf4fedc247@group-808C690C728A-FollowerState] INFO  server.RaftServer$Division (RaftServerImpl.java:setRole(299)) - f34d6e11-5365-479c-843a-46cf4fedc247@group-808C690C728A: changes role from  FOLLOWER to CANDIDATE at term 0 for changeToCandidate
2022-09-29 01:24:43,492 [f34d6e11-5365-479c-843a-46cf4fedc247@group-808C690C728A-FollowerState] INFO  server.RaftServerConfigKeys (ConfUtils.java:logGet(46)) - raft.server.leaderelection.pre-vote = false (custom)
2022-09-29 01:24:43,492 [f34d6e11-5365-479c-843a-46cf4fedc247@group-808C690C728A-FollowerState] INFO  impl.RoleInfo (RoleInfo.java:updateAndGet(139)) - f34d6e11-5365-479c-843a-46cf4fedc247: start f34d6e11-5365-479c-843a-46cf4fedc247@group-808C690C728A-LeaderElection47
2022-09-29 01:24:43,544 [OM StateMachine ApplyTransaction Thread - 0] INFO  bucket.OMBucketCreateRequest (OMBucketCreateRequest.java:validateAndUpdateCache(260)) - created bucket: bucket49155 of layout LEGACY in volume: volume86547
2022-09-29 01:24:43,545 [IPC Server handler 2 on default port 46239] INFO  ha.SequenceIdGenerator (SequenceIdGenerator.java:getNextId(128)) - Allocate a batch for containerId, change lastId from 0 to 1000.
2022-09-29 01:24:43,545 [IPC Server handler 2 on default port 46239] WARN  ha.SequenceIdGenerator (SequenceIdGenerator.java:allocateBatch(237)) - Failed to allocate a batch for localId, expected lastId is 0, actual lastId is 109611004723200000.
2022-09-29 01:24:43,545 [IPC Server handler 2 on default port 46239] INFO  ha.SequenceIdGenerator (SequenceIdGenerator.java:getNextId(128)) - Allocate a batch for localId, change lastId from 109611004723200000 to 109611004723201000.
2022-09-29 01:24:43,546 [f34d6e11-5365-479c-843a-46cf4fedc247@group-808C690C728A-LeaderElection47] INFO  impl.LeaderElection (LeaderElection.java:askForVotes(310)) - f34d6e11-5365-479c-843a-46cf4fedc247@group-808C690C728A-LeaderElection47 ELECTION round 0: submit vote requests at term 1 for -1: [f34d6e11-5365-479c-843a-46cf4fedc247|rpc:10.1.1.32:44237|priority:1], old=null
2022-09-29 01:24:43,547 [f34d6e11-5365-479c-843a-46cf4fedc247@group-808C690C728A-LeaderElection47] INFO  impl.LeaderElection (LeaderElection.java:askForVotes(312)) - f34d6e11-5365-479c-843a-46cf4fedc247@group-808C690C728A-LeaderElection47 ELECTION round 0: result PASSED (term=1)
2022-09-29 01:24:43,547 [f34d6e11-5365-479c-843a-46cf4fedc247@group-808C690C728A-LeaderElection47] INFO  impl.RoleInfo (RoleInfo.java:shutdownLeaderElection(130)) - f34d6e11-5365-479c-843a-46cf4fedc247: shutdown f34d6e11-5365-479c-843a-46cf4fedc247@group-808C690C728A-LeaderElection47
2022-09-29 01:24:43,547 [f34d6e11-5365-479c-843a-46cf4fedc247@group-808C690C728A-LeaderElection47] INFO  server.RaftServer$Division (RaftServerImpl.java:setRole(299)) - f34d6e11-5365-479c-843a-46cf4fedc247@group-808C690C728A: changes role from CANDIDATE to LEADER at term 1 for changeToLeader
2022-09-29 01:24:43,547 [f34d6e11-5365-479c-843a-46cf4fedc247@group-808C690C728A-LeaderElection47] INFO  ratis.XceiverServerRatis (XceiverServerRatis.java:handleLeaderChangedNotification(863)) - Leader change notification received for group: group-808C690C728A with new leaderId: f34d6e11-5365-479c-843a-46cf4fedc247
2022-09-29 01:24:43,556 [f34d6e11-5365-479c-843a-46cf4fedc247@group-808C690C728A-LeaderElection47] INFO  server.RaftServer$Division (ServerState.java:setLeader(287)) - f34d6e11-5365-479c-843a-46cf4fedc247@group-808C690C728A: change Leader from null to f34d6e11-5365-479c-843a-46cf4fedc247 at term 1 for becomeLeader, leader elected after 5207ms
2022-09-29 01:24:43,556 [f34d6e11-5365-479c-843a-46cf4fedc247@group-808C690C728A-LeaderElection47] INFO  server.RaftServerConfigKeys (ConfUtils.java:logGet(46)) - raft.server.staging.catchup.gap = 1000 (default)
2022-09-29 01:24:43,557 [f34d6e11-5365-479c-843a-46cf4fedc247@group-808C690C728A-LeaderElection47] INFO  server.RaftServerConfigKeys (ConfUtils.java:logGet(46)) - raft.server.write.element-limit = 1024 (custom)
2022-09-29 01:24:43,557 [f34d6e11-5365-479c-843a-46cf4fedc247@group-808C690C728A-LeaderElection47] INFO  server.RaftServerConfigKeys (ConfUtils.java:logGet(46)) - raft.server.write.byte-limit = 1024 M (=1073741824) (custom)
2022-09-29 01:24:43,557 [f34d6e11-5365-479c-843a-46cf4fedc247@group-808C690C728A-LeaderElection47] INFO  server.RaftServerConfigKeys (ConfUtils.java:logGet(46)) - raft.server.watch.timeout = 180s (custom)
2022-09-29 01:24:43,557 [f34d6e11-5365-479c-843a-46cf4fedc247@group-808C690C728A-LeaderElection47] INFO  server.RaftServerConfigKeys (ConfUtils.java:logGet(46)) - raft.server.watch.timeout.denomination = 1s (default)
2022-09-29 01:24:43,557 [f34d6e11-5365-479c-843a-46cf4fedc247@group-808C690C728A-LeaderElection47] INFO  server.RaftServerConfigKeys (ConfUtils.java:logGet(46)) - raft.server.watch.element-limit = 65536 (default)
2022-09-29 01:24:43,557 [f34d6e11-5365-479c-843a-46cf4fedc247@group-808C690C728A-LeaderElection47] INFO  server.RaftServerConfigKeys (ConfUtils.java:logGet(46)) - raft.server.write.element-limit = 1024 (custom)
2022-09-29 01:24:43,557 [f34d6e11-5365-479c-843a-46cf4fedc247@group-808C690C728A-LeaderElection47] INFO  server.RaftServerConfigKeys (ConfUtils.java:logGet(46)) - raft.server.write.follower.gap.ratio.max = -1.0 (default)
2022-09-29 01:24:43,557 [f34d6e11-5365-479c-843a-46cf4fedc247@group-808C690C728A-LeaderElection47] INFO  impl.RoleInfo (RoleInfo.java:updateAndGet(139)) - f34d6e11-5365-479c-843a-46cf4fedc247: start f34d6e11-5365-479c-843a-46cf4fedc247@group-808C690C728A-LeaderStateImpl
2022-09-29 01:24:43,557 [f34d6e11-5365-479c-843a-46cf4fedc247@group-808C690C728A-LeaderElection47] INFO  segmented.SegmentedRaftLogWorker (SegmentedRaftLogWorker.java:startLogSegment(425)) - f34d6e11-5365-479c-843a-46cf4fedc247@group-808C690C728A-SegmentedRaftLogWorker: Starting segment from index:0
2022-09-29 01:24:43,565 [f34d6e11-5365-479c-843a-46cf4fedc247@group-808C690C728A-SegmentedRaftLogWorker] INFO  segmented.SegmentedRaftLogWorker (SegmentedRaftLogWorker.java:execute(629)) - f34d6e11-5365-479c-843a-46cf4fedc247@group-808C690C728A-SegmentedRaftLogWorker: created new log segment /home/runner/work/ozone/ozone/hadoop-ozone/integration-test/target/test-dir/MiniOzoneClusterImpl-0d15d221-0049-42ab-bf49-1e4b736e68e8/datanode-2/data/ratis/c285bead-c096-483d-892e-808c690c728a/current/log_inprogress_0
2022-09-29 01:24:43,583 [f34d6e11-5365-479c-843a-46cf4fedc247@group-808C690C728A-LeaderElection47] INFO  server.RaftServer$Division (ServerState.java:setRaftConf(393)) - f34d6e11-5365-479c-843a-46cf4fedc247@group-808C690C728A: set configuration 0: [f34d6e11-5365-479c-843a-46cf4fedc247|rpc:10.1.1.32:44237|dataStream:|priority:1], old=null
2022-09-29 01:24:44,163 [EndpointStateMachine task thread for /0.0.0.0:42241 - 0 ] INFO  ipc.Client (Client.java:handleConnectionFailure(977)) - Retrying connect to server: 0.0.0.0/0.0.0.0:42241. Already tried 7 time(s); retry policy is RetryUpToMaximumCountWithFixedSleep(maxRetries=15, sleepTime=1000 MILLISECONDS)
2022-09-29 01:24:44,858 [Listener at 127.0.0.1/44309] INFO  om.OzoneManager (OzoneManager.java:stop(2035)) - omNode-3[localhost:44309]: Stopping Ozone Manager
2022-09-29 01:24:44,859 [Listener at 127.0.0.1/44309] INFO  ipc.Server (Server.java:stop(3414)) - Stopping server on 44309
2022-09-29 01:24:44,880 [IPC Server Responder] INFO  ipc.Server (Server.java:run(1512)) - Stopping IPC Server Responder
2022-09-29 01:24:44,880 [Listener at 127.0.0.1/44309] INFO  server.RaftServer (RaftServerProxy.java:lambda$close$7(398)) - omNode-3: close
2022-09-29 01:24:44,880 [Listener at 127.0.0.1/44309] INFO  server.RaftServer$Division (RaftServerImpl.java:lambda$close$4(434)) - omNode-3@group-523986131536: shutdown
2022-09-29 01:24:44,881 [Listener at 127.0.0.1/44309] INFO  util.JmxRegister (JmxRegister.java:unregister(73)) - Successfully un-registered JMX Bean with object name Ratis:service=RaftServer,group=group-523986131536,id="omNode-3"
2022-09-29 01:24:44,881 [Listener at 127.0.0.1/44309] INFO  impl.RoleInfo (RoleInfo.java:shutdownFollowerState(110)) - omNode-3: shutdown omNode-3@group-523986131536-FollowerState
2022-09-29 01:24:44,881 [Listener at 127.0.0.1/44309] INFO  impl.StateMachineUpdater (StateMachineUpdater.java:stopAndJoin(153)) - omNode-3@group-523986131536-StateMachineUpdater: set stopIndex = 42
2022-09-29 01:24:44,881 [omNode-3@group-523986131536-StateMachineUpdater] INFO  ratis.OzoneManagerStateMachine (OzoneManagerStateMachine.java:takeSnapshot(441)) - Current Snapshot Index (t:2, i:42)
2022-09-29 01:24:44,881 [omNode-3@group-523986131536-FollowerState] INFO  impl.FollowerState (FollowerState.java:run(152)) - omNode-3@group-523986131536-FollowerState was interrupted
2022-09-29 01:24:44,884 [IPC Server listener on 44309] INFO  ipc.Server (Server.java:run(1376)) - Stopping IPC Server listener on 44309
2022-09-29 01:24:44,885 [omNode-3@group-523986131536-StateMachineUpdater] INFO  impl.StateMachineUpdater (StateMachineUpdater.java:takeSnapshot(287)) - omNode-3@group-523986131536-StateMachineUpdater: Took a snapshot at index 42
2022-09-29 01:24:44,885 [omNode-3@group-523986131536-StateMachineUpdater] INFO  impl.StateMachineUpdater (StateMachineUpdater.java:lambda$new$0(92)) - omNode-3@group-523986131536-StateMachineUpdater: snapshotIndex: updateIncreasingly -1 -> 42
2022-09-29 01:24:44,885 [omNode-3@group-523986131536-StateMachineUpdater] INFO  ratis.OzoneManagerStateMachine (OzoneManagerStateMachine.java:close(495)) - StateMachine has shutdown. Shutdown OzoneManager if not already shutdown.
2022-09-29 01:24:44,885 [omNode-3@group-523986131536-StateMachineUpdater] INFO  ratis.OzoneManagerDoubleBuffer (OzoneManagerDoubleBuffer.java:stop(466)) - Stopping OMDoubleBuffer flush thread
2022-09-29 01:24:44,886 [OMDoubleBufferFlushThread] INFO  ratis.OzoneManagerDoubleBuffer (OzoneManagerDoubleBuffer.java:flushTransactions(385)) - OMDoubleBuffer flush thread OMDoubleBufferFlushThread is interrupted and will exit.
2022-09-29 01:24:44,895 [Listener at 127.0.0.1/44309] INFO  server.RaftServer$Division (ServerState.java:close(429)) - omNode-3@group-523986131536: closes. applyIndex: 42
2022-09-29 01:24:44,896 [omNode-3@group-523986131536-SegmentedRaftLogWorker] INFO  segmented.SegmentedRaftLogWorker (SegmentedRaftLogWorker.java:run(336)) - omNode-3@group-523986131536-SegmentedRaftLogWorker was interrupted, exiting. There are 0 tasks remaining in the queue.
2022-09-29 01:24:44,897 [Listener at 127.0.0.1/44309] INFO  segmented.SegmentedRaftLogWorker (SegmentedRaftLogWorker.java:close(246)) - omNode-3@group-523986131536-SegmentedRaftLogWorker close()
2022-09-29 01:24:44,898 [Listener at 127.0.0.1/44309] INFO  server.GrpcService (GrpcService.java:closeImpl(269)) - omNode-3: shutdown server with port 46443 now
2022-09-29 01:24:44,900 [grpc-default-executor-3] WARN  server.GrpcServerProtocolService (LogUtils.java:warn(122)) - omNode-3: installSnapshot onError, lastRequest: omNode-1->omNode-3#790683-t2,previous=(t:2, i:43),leaderCommit=43,initializing? true,entries: size=1, first=(t:2, i:44), METADATAENTRY(c:43): org.apache.ratis.thirdparty.io.grpc.StatusRuntimeException: CANCELLED: client cancelled
2022-09-29 01:24:44,900 [grpc-default-executor-3] WARN  server.GrpcLogAppender (LogUtils.java:warn(122)) - omNode-1@group-523986131536->omNode-3-AppendLogResponseHandler: Failed appendEntries: org.apache.ratis.thirdparty.io.grpc.StatusRuntimeException: CANCELLED: RST_STREAM closed stream. HTTP/2 error code: CANCEL
2022-09-29 01:24:44,901 [grpc-default-executor-3] INFO  leader.FollowerInfo (FollowerInfoImpl.java:lambda$new$0(48)) - omNode-1@group-523986131536->omNode-3: nextIndex: updateUnconditionally 45 -> 44
2022-09-29 01:24:44,904 [Listener at 127.0.0.1/44309] INFO  server.GrpcService (GrpcService.java:closeImpl(278)) - omNode-3: shutdown server with port 46443 successfully
2022-09-29 01:24:44,904 [org.apache.ratis.util.JvmPauseMonitor$$Lambda$699/1983328127@7c7019bc] INFO  util.JvmPauseMonitor (JvmPauseMonitor.java:run(109)) - JvmPauseMonitor-omNode-3: Stopped
2022-09-29 01:24:44,904 [Listener at 127.0.0.1/44309] INFO  ratis.OzoneManagerStateMachine (OzoneManagerStateMachine.java:close(495)) - StateMachine has shutdown. Shutdown OzoneManager if not already shutdown.
2022-09-29 01:24:44,904 [Listener at 127.0.0.1/44309] INFO  ratis.OzoneManagerDoubleBuffer (OzoneManagerDoubleBuffer.java:stop(478)) - OMDoubleBuffer flush thread is not running.
2022-09-29 01:24:44,904 [Listener at 127.0.0.1/44309] INFO  utils.BackgroundService (BackgroundService.java:shutdown(141)) - Shutting down service KeyDeletingService
2022-09-29 01:24:44,904 [Listener at 127.0.0.1/44309] INFO  utils.BackgroundService (BackgroundService.java:shutdown(141)) - Shutting down service DirectoryDeletingService
2022-09-29 01:24:44,905 [Listener at 127.0.0.1/44309] INFO  utils.BackgroundService (BackgroundService.java:shutdown(141)) - Shutting down service OpenKeyCleanupService
2022-09-29 01:24:44,905 [Listener at 127.0.0.1/44309] INFO  handler.ContextHandler (ContextHandler.java:doStop(1153)) - Stopped o.e.j.w.WebAppContext@1a711314{ozoneManager,/,null,STOPPED}{file:/home/runner/work/ozone/ozone/hadoop-ozone/integration-test/target/test-classes/webapps/ozoneManager}
2022-09-29 01:24:44,908 [grpc-default-executor-0] WARN  server.GrpcLogAppender (LogUtils.java:warn(122)) - omNode-1@group-523986131536->omNode-3-AppendLogResponseHandler: Failed appendEntries: org.apache.ratis.thirdparty.io.grpc.StatusRuntimeException: UNAVAILABLE: io exception
2022-09-29 01:24:44,909 [grpc-default-executor-0] INFO  leader.FollowerInfo (FollowerInfoImpl.java:lambda$new$0(48)) - omNode-1@group-523986131536->omNode-3: nextIndex: updateUnconditionally 45 -> 44
2022-09-29 01:24:44,910 [Listener at 127.0.0.1/44309] INFO  server.AbstractConnector (AbstractConnector.java:doStop(381)) - Stopped ServerConnector@4f4fd133{HTTP/1.1, (http/1.1)}{0.0.0.0:45483}
2022-09-29 01:24:44,910 [Listener at 127.0.0.1/44309] INFO  server.session (HouseKeeper.java:stopScavenging(149)) - node0 Stopped scavenging
2022-09-29 01:24:44,910 [Listener at 127.0.0.1/44309] INFO  handler.ContextHandler (ContextHandler.java:doStop(1153)) - Stopped o.e.j.s.ServletContextHandler@5db4c6c1{static,/static,file:///home/runner/work/ozone/ozone/hadoop-ozone/integration-test/target/test-classes/webapps/static,STOPPED}
2022-09-29 01:24:44,911 [Listener at 127.0.0.1/44309] INFO  handler.ContextHandler (ContextHandler.java:doStop(1153)) - Stopped o.e.j.s.ServletContextHandler@6d1e1564{logs,/logs,file:///home/runner/work/ozone/ozone/hadoop-ozone/integration-test/target/log,STOPPED}
2022-09-29 01:24:44,921 [grpc-default-executor-0] WARN  server.GrpcLogAppender (LogUtils.java:warn(122)) - omNode-1@group-523986131536->omNode-3-AppendLogResponseHandler: Failed appendEntries: org.apache.ratis.thirdparty.io.grpc.StatusRuntimeException: UNAVAILABLE: io exception
2022-09-29 01:24:44,921 [grpc-default-executor-0] INFO  leader.FollowerInfo (FollowerInfoImpl.java:lambda$new$0(48)) - omNode-1@group-523986131536->omNode-3: nextIndex: updateUnconditionally 46 -> 45
2022-09-29 01:24:44,926 [grpc-default-executor-3] WARN  server.GrpcLogAppender (LogUtils.java:warn(122)) - omNode-1@group-523986131536->omNode-3-AppendLogResponseHandler: Failed appendEntries: org.apache.ratis.thirdparty.io.grpc.StatusRuntimeException: UNAVAILABLE: io exception
2022-09-29 01:24:44,927 [grpc-default-executor-3] INFO  leader.FollowerInfo (FollowerInfoImpl.java:lambda$new$0(48)) - omNode-1@group-523986131536->omNode-3: nextIndex: updateUnconditionally 46 -> 45
2022-09-29 01:24:44,934 [grpc-default-executor-3] WARN  server.GrpcLogAppender (LogUtils.java:warn(122)) - omNode-1@group-523986131536->omNode-3-AppendLogResponseHandler: Failed appendEntries: org.apache.ratis.thirdparty.io.grpc.StatusRuntimeException: UNAVAILABLE: io exception
2022-09-29 01:24:44,934 [grpc-default-executor-3] INFO  leader.FollowerInfo (FollowerInfoImpl.java:lambda$new$0(48)) - omNode-1@group-523986131536->omNode-3: nextIndex: updateUnconditionally 47 -> 45
2022-09-29 01:24:44,982 [grpc-default-executor-3] WARN  server.GrpcLogAppender (LogUtils.java:warn(122)) - omNode-1@group-523986131536->omNode-3-AppendLogResponseHandler: Failed appendEntries: org.apache.ratis.thirdparty.io.grpc.StatusRuntimeException: UNAVAILABLE: io exception
2022-09-29 01:24:44,983 [grpc-default-executor-3] INFO  leader.FollowerInfo (FollowerInfoImpl.java:lambda$new$0(48)) - omNode-1@group-523986131536->omNode-3: nextIndex: updateUnconditionally 48 -> 45
2022-09-29 01:24:44,996 [grpc-default-executor-3] WARN  server.GrpcLogAppender (LogUtils.java:warn(122)) - omNode-1@group-523986131536->omNode-3-AppendLogResponseHandler: Failed appendEntries: org.apache.ratis.thirdparty.io.grpc.StatusRuntimeException: UNAVAILABLE: io exception
2022-09-29 01:24:44,996 [grpc-default-executor-3] INFO  leader.FollowerInfo (FollowerInfoImpl.java:lambda$new$0(48)) - omNode-1@group-523986131536->omNode-3: nextIndex: updateUnconditionally 48 -> 45
2022-09-29 01:24:45,000 [grpc-default-executor-3] WARN  server.GrpcLogAppender (LogUtils.java:warn(122)) - omNode-1@group-523986131536->omNode-3-AppendLogResponseHandler: Failed appendEntries: org.apache.ratis.thirdparty.io.grpc.StatusRuntimeException: UNAVAILABLE: io exception
2022-09-29 01:24:45,001 [grpc-default-executor-3] INFO  leader.FollowerInfo (FollowerInfoImpl.java:lambda$new$0(48)) - omNode-1@group-523986131536->omNode-3: nextIndex: updateUnconditionally 50 -> 45
2022-09-29 01:24:45,008 [grpc-default-executor-3] WARN  server.GrpcLogAppender (LogUtils.java:warn(122)) - omNode-1@group-523986131536->omNode-3-AppendLogResponseHandler: Failed appendEntries: org.apache.ratis.thirdparty.io.grpc.StatusRuntimeException: UNAVAILABLE: io exception
2022-09-29 01:24:45,008 [grpc-default-executor-3] INFO  leader.FollowerInfo (FollowerInfoImpl.java:lambda$new$0(48)) - omNode-1@group-523986131536->omNode-3: nextIndex: updateUnconditionally 50 -> 45
2022-09-29 01:24:45,023 [grpc-default-executor-3] WARN  server.GrpcLogAppender (LogUtils.java:warn(122)) - omNode-1@group-523986131536->omNode-3-AppendLogResponseHandler: Failed appendEntries: org.apache.ratis.thirdparty.io.grpc.StatusRuntimeException: UNAVAILABLE: io exception
2022-09-29 01:24:45,023 [grpc-default-executor-3] INFO  leader.FollowerInfo (FollowerInfoImpl.java:lambda$new$0(48)) - omNode-1@group-523986131536->omNode-3: nextIndex: updateUnconditionally 51 -> 45
2022-09-29 01:24:45,059 [grpc-default-executor-0] WARN  server.GrpcLogAppender (LogUtils.java:warn(122)) - omNode-1@group-523986131536->omNode-3-AppendLogResponseHandler: Failed appendEntries: org.apache.ratis.thirdparty.io.grpc.StatusRuntimeException: UNAVAILABLE: io exception
2022-09-29 01:24:45,059 [omNode-1@group-523986131536-StateMachineUpdater] INFO  ratis.OzoneManagerStateMachine (OzoneManagerStateMachine.java:takeSnapshot(441)) - Current Snapshot Index (t:2, i:50)
2022-09-29 01:24:45,059 [omNode-1@group-523986131536-StateMachineUpdater] INFO  impl.StateMachineUpdater (StateMachineUpdater.java:takeSnapshot(287)) - omNode-1@group-523986131536-StateMachineUpdater: Took a snapshot at index 50
2022-09-29 01:24:45,059 [grpc-default-executor-0] INFO  leader.FollowerInfo (FollowerInfoImpl.java:lambda$new$0(48)) - omNode-1@group-523986131536->omNode-3: nextIndex: updateUnconditionally 51 -> 45
2022-09-29 01:24:45,059 [omNode-1@group-523986131536-StateMachineUpdater] INFO  impl.StateMachineUpdater (StateMachineUpdater.java:lambda$new$0(92)) - omNode-1@group-523986131536-StateMachineUpdater: snapshotIndex: updateIncreasingly -1 -> 50
2022-09-29 01:24:45,060 [omNode-1@group-523986131536-StateMachineUpdater] INFO  raftlog.RaftLog (RaftLogBase.java:purge(308)) - omNode-1@group-523986131536-SegmentedRaftLog: purge 50
2022-09-29 01:24:45,060 [omNode-1@group-523986131536-StateMachineUpdater] INFO  raftlog.RaftLog (RaftLogBase.java:lambda$new$0(53)) - omNode-1@group-523986131536-SegmentedRaftLog: snapshotIndex: updateIncreasingly -1 -> 50
2022-09-29 01:24:45,060 [omNode-1@group-523986131536-StateMachineUpdater] INFO  raftlog.RaftLog (RaftLogBase.java:lambda$new$0(53)) - omNode-1@group-523986131536-SegmentedRaftLog: purgeIndex: updateToMax old=-1, new=50, updated? true
2022-09-29 01:24:45,075 [grpc-default-executor-3] WARN  server.GrpcLogAppender (LogUtils.java:warn(122)) - omNode-1@group-523986131536->omNode-3-AppendLogResponseHandler: Failed appendEntries: org.apache.ratis.thirdparty.io.grpc.StatusRuntimeException: UNAVAILABLE: io exception
2022-09-29 01:24:45,075 [grpc-default-executor-3] INFO  leader.FollowerInfo (FollowerInfoImpl.java:lambda$new$0(48)) - omNode-1@group-523986131536->omNode-3: nextIndex: updateUnconditionally 52 -> 45
2022-09-29 01:24:45,092 [omNode-2@group-523986131536-StateMachineUpdater] INFO  ratis.OzoneManagerStateMachine (OzoneManagerStateMachine.java:takeSnapshot(441)) - Current Snapshot Index (t:2, i:50)
2022-09-29 01:24:45,092 [omNode-2@group-523986131536-StateMachineUpdater] INFO  impl.StateMachineUpdater (StateMachineUpdater.java:takeSnapshot(287)) - omNode-2@group-523986131536-StateMachineUpdater: Took a snapshot at index 50
2022-09-29 01:24:45,092 [omNode-2@group-523986131536-StateMachineUpdater] INFO  impl.StateMachineUpdater (StateMachineUpdater.java:lambda$new$0(92)) - omNode-2@group-523986131536-StateMachineUpdater: snapshotIndex: updateIncreasingly -1 -> 50
2022-09-29 01:24:45,092 [omNode-2@group-523986131536-StateMachineUpdater] INFO  raftlog.RaftLog (RaftLogBase.java:purge(308)) - omNode-2@group-523986131536-SegmentedRaftLog: purge 50
2022-09-29 01:24:45,092 [omNode-2@group-523986131536-StateMachineUpdater] INFO  raftlog.RaftLog (RaftLogBase.java:lambda$new$0(53)) - omNode-2@group-523986131536-SegmentedRaftLog: snapshotIndex: updateIncreasingly -1 -> 50
2022-09-29 01:24:45,092 [omNode-2@group-523986131536-StateMachineUpdater] INFO  raftlog.RaftLog (RaftLogBase.java:lambda$new$0(53)) - omNode-2@group-523986131536-SegmentedRaftLog: purgeIndex: updateToMax old=-1, new=50, updated? true
2022-09-29 01:24:45,096 [grpc-default-executor-3] WARN  server.GrpcLogAppender (LogUtils.java:warn(122)) - omNode-1@group-523986131536->omNode-3-AppendLogResponseHandler: Failed appendEntries: org.apache.ratis.thirdparty.io.grpc.StatusRuntimeException: UNAVAILABLE: io exception
2022-09-29 01:24:45,096 [grpc-default-executor-3] INFO  leader.FollowerInfo (FollowerInfoImpl.java:lambda$new$0(48)) - omNode-1@group-523986131536->omNode-3: nextIndex: updateUnconditionally 52 -> 45
2022-09-29 01:24:45,098 [grpc-default-executor-3] WARN  server.GrpcLogAppender (LogUtils.java:warn(122)) - omNode-1@group-523986131536->omNode-3-AppendLogResponseHandler: Failed appendEntries: org.apache.ratis.thirdparty.io.grpc.StatusRuntimeException: UNAVAILABLE: io exception
2022-09-29 01:24:45,098 [grpc-default-executor-3] INFO  leader.FollowerInfo (FollowerInfoImpl.java:lambda$new$0(48)) - omNode-1@group-523986131536->omNode-3: nextIndex: updateUnconditionally 54 -> 45
2022-09-29 01:24:45,106 [grpc-default-executor-3] WARN  server.GrpcLogAppender (LogUtils.java:warn(122)) - omNode-1@group-523986131536->omNode-3-AppendLogResponseHandler: Failed appendEntries: org.apache.ratis.thirdparty.io.grpc.StatusRuntimeException: UNAVAILABLE: io exception
2022-09-29 01:24:45,106 [grpc-default-executor-3] INFO  leader.FollowerInfo (FollowerInfoImpl.java:lambda$new$0(48)) - omNode-1@group-523986131536->omNode-3: nextIndex: updateUnconditionally 54 -> 45
2022-09-29 01:24:45,122 [grpc-default-executor-3] WARN  server.GrpcLogAppender (LogUtils.java:warn(122)) - omNode-1@group-523986131536->omNode-3-AppendLogResponseHandler: Failed appendEntries: org.apache.ratis.thirdparty.io.grpc.StatusRuntimeException: UNAVAILABLE: io exception
2022-09-29 01:24:45,122 [grpc-default-executor-3] INFO  leader.FollowerInfo (FollowerInfoImpl.java:lambda$new$0(48)) - omNode-1@group-523986131536->omNode-3: nextIndex: updateUnconditionally 55 -> 45
2022-09-29 01:24:45,160 [grpc-default-executor-3] WARN  server.GrpcLogAppender (LogUtils.java:warn(122)) - omNode-1@group-523986131536->omNode-3-AppendLogResponseHandler: Failed appendEntries: org.apache.ratis.thirdparty.io.grpc.StatusRuntimeException: UNAVAILABLE: io exception
2022-09-29 01:24:45,161 [grpc-default-executor-3] INFO  leader.FollowerInfo (FollowerInfoImpl.java:lambda$new$0(48)) - omNode-1@group-523986131536->omNode-3: nextIndex: updateUnconditionally 55 -> 45
2022-09-29 01:24:45,163 [EndpointStateMachine task thread for /0.0.0.0:42241 - 0 ] INFO  ipc.Client (Client.java:handleConnectionFailure(977)) - Retrying connect to server: 0.0.0.0/0.0.0.0:42241. Already tried 8 time(s); retry policy is RetryUpToMaximumCountWithFixedSleep(maxRetries=15, sleepTime=1000 MILLISECONDS)
2022-09-29 01:24:45,168 [grpc-default-executor-3] WARN  server.GrpcLogAppender (LogUtils.java:warn(122)) - omNode-1@group-523986131536->omNode-3-AppendLogResponseHandler: Failed appendEntries: org.apache.ratis.thirdparty.io.grpc.StatusRuntimeException: UNAVAILABLE: io exception
2022-09-29 01:24:45,169 [grpc-default-executor-3] INFO  leader.FollowerInfo (FollowerInfoImpl.java:lambda$new$0(48)) - omNode-1@group-523986131536->omNode-3: nextIndex: updateUnconditionally 56 -> 45
2022-09-29 01:24:45,182 [grpc-default-executor-3] WARN  server.GrpcLogAppender (LogUtils.java:warn(122)) - omNode-1@group-523986131536->omNode-3-AppendLogResponseHandler: Failed appendEntries: org.apache.ratis.thirdparty.io.grpc.StatusRuntimeException: UNAVAILABLE: io exception
2022-09-29 01:24:45,182 [grpc-default-executor-3] INFO  leader.FollowerInfo (FollowerInfoImpl.java:lambda$new$0(48)) - omNode-1@group-523986131536->omNode-3: nextIndex: updateUnconditionally 56 -> 45
2022-09-29 01:24:45,188 [grpc-default-executor-0] WARN  server.GrpcLogAppender (LogUtils.java:warn(122)) - omNode-1@group-523986131536->omNode-3-AppendLogResponseHandler: Failed appendEntries: org.apache.ratis.thirdparty.io.grpc.StatusRuntimeException: UNAVAILABLE: io exception
2022-09-29 01:24:45,188 [grpc-default-executor-0] INFO  leader.FollowerInfo (FollowerInfoImpl.java:lambda$new$0(48)) - omNode-1@group-523986131536->omNode-3: nextIndex: updateUnconditionally 58 -> 45
2022-09-29 01:24:45,197 [grpc-default-executor-3] WARN  server.GrpcLogAppender (LogUtils.java:warn(122)) - omNode-1@group-523986131536->omNode-3-AppendLogResponseHandler: Failed appendEntries: org.apache.ratis.thirdparty.io.grpc.StatusRuntimeException: UNAVAILABLE: io exception
2022-09-29 01:24:45,197 [grpc-default-executor-3] INFO  leader.FollowerInfo (FollowerInfoImpl.java:lambda$new$0(48)) - omNode-1@group-523986131536->omNode-3: nextIndex: updateUnconditionally 58 -> 45
2022-09-29 01:24:45,203 [grpc-default-executor-3] WARN  server.GrpcLogAppender (LogUtils.java:warn(122)) - omNode-1@group-523986131536->omNode-3-AppendLogResponseHandler: Failed appendEntries: org.apache.ratis.thirdparty.io.grpc.StatusRuntimeException: UNAVAILABLE: io exception
2022-09-29 01:24:45,204 [grpc-default-executor-3] INFO  leader.FollowerInfo (FollowerInfoImpl.java:lambda$new$0(48)) - omNode-1@group-523986131536->omNode-3: nextIndex: updateUnconditionally 59 -> 45
2022-09-29 01:24:45,214 [grpc-default-executor-0] WARN  server.GrpcLogAppender (LogUtils.java:warn(122)) - omNode-1@group-523986131536->omNode-3-AppendLogResponseHandler: Failed appendEntries: org.apache.ratis.thirdparty.io.grpc.StatusRuntimeException: UNAVAILABLE: io exception
2022-09-29 01:24:45,214 [grpc-default-executor-0] INFO  leader.FollowerInfo (FollowerInfoImpl.java:lambda$new$0(48)) - omNode-1@group-523986131536->omNode-3: nextIndex: updateUnconditionally 59 -> 45
2022-09-29 01:24:45,232 [grpc-default-executor-0] WARN  server.GrpcLogAppender (LogUtils.java:warn(122)) - omNode-1@group-523986131536->omNode-3-AppendLogResponseHandler: Failed appendEntries: org.apache.ratis.thirdparty.io.grpc.StatusRuntimeException: UNAVAILABLE: io exception
2022-09-29 01:24:45,232 [grpc-default-executor-0] INFO  leader.FollowerInfo (FollowerInfoImpl.java:lambda$new$0(48)) - omNode-1@group-523986131536->omNode-3: nextIndex: updateUnconditionally 60 -> 45
2022-09-29 01:24:45,237 [grpc-default-executor-0] WARN  server.GrpcLogAppender (LogUtils.java:warn(122)) - omNode-1@group-523986131536->omNode-3-AppendLogResponseHandler: Failed appendEntries: org.apache.ratis.thirdparty.io.grpc.StatusRuntimeException: UNAVAILABLE: io exception
2022-09-29 01:24:45,237 [grpc-default-executor-0] INFO  leader.FollowerInfo (FollowerInfoImpl.java:lambda$new$0(48)) - omNode-1@group-523986131536->omNode-3: nextIndex: updateUnconditionally 60 -> 45
2022-09-29 01:24:45,243 [grpc-default-executor-3] WARN  server.GrpcLogAppender (LogUtils.java:warn(122)) - omNode-1@group-523986131536->omNode-3-AppendLogResponseHandler: Failed appendEntries: org.apache.ratis.thirdparty.io.grpc.StatusRuntimeException: UNAVAILABLE: io exception
2022-09-29 01:24:45,243 [grpc-default-executor-3] INFO  leader.FollowerInfo (FollowerInfoImpl.java:lambda$new$0(48)) - omNode-1@group-523986131536->omNode-3: nextIndex: updateUnconditionally 62 -> 45
2022-09-29 01:24:45,254 [grpc-default-executor-3] WARN  server.GrpcLogAppender (LogUtils.java:warn(122)) - omNode-1@group-523986131536->omNode-3-AppendLogResponseHandler: Failed appendEntries: org.apache.ratis.thirdparty.io.grpc.StatusRuntimeException: UNAVAILABLE: io exception
2022-09-29 01:24:45,255 [grpc-default-executor-3] INFO  leader.FollowerInfo (FollowerInfoImpl.java:lambda$new$0(48)) - omNode-1@group-523986131536->omNode-3: nextIndex: updateUnconditionally 62 -> 45
2022-09-29 01:24:45,268 [grpc-default-executor-2] WARN  server.GrpcLogAppender (LogUtils.java:warn(122)) - omNode-1@group-523986131536->omNode-3-AppendLogResponseHandler: Failed appendEntries: org.apache.ratis.thirdparty.io.grpc.StatusRuntimeException: UNAVAILABLE: io exception
2022-09-29 01:24:45,268 [grpc-default-executor-2] INFO  leader.FollowerInfo (FollowerInfoImpl.java:lambda$new$0(48)) - omNode-1@group-523986131536->omNode-3: nextIndex: updateUnconditionally 63 -> 45
2022-09-29 01:24:45,284 [grpc-default-executor-3] WARN  server.GrpcLogAppender (LogUtils.java:warn(122)) - omNode-1@group-523986131536->omNode-3-AppendLogResponseHandler: Failed appendEntries: org.apache.ratis.thirdparty.io.grpc.StatusRuntimeException: UNAVAILABLE: io exception
2022-09-29 01:24:45,285 [grpc-default-executor-3] INFO  leader.FollowerInfo (FollowerInfoImpl.java:lambda$new$0(48)) - omNode-1@group-523986131536->omNode-3: nextIndex: updateUnconditionally 63 -> 45
2022-09-29 01:24:45,317 [grpc-default-executor-3] WARN  server.GrpcLogAppender (LogUtils.java:warn(122)) - omNode-1@group-523986131536->omNode-3-AppendLogResponseHandler: Failed appendEntries: org.apache.ratis.thirdparty.io.grpc.StatusRuntimeException: UNAVAILABLE: io exception
2022-09-29 01:24:45,317 [grpc-default-executor-3] INFO  leader.FollowerInfo (FollowerInfoImpl.java:lambda$new$0(48)) - omNode-1@group-523986131536->omNode-3: nextIndex: updateUnconditionally 64 -> 45
2022-09-29 01:24:45,328 [grpc-default-executor-3] WARN  server.GrpcLogAppender (LogUtils.java:warn(122)) - omNode-1@group-523986131536->omNode-3-AppendLogResponseHandler: Failed appendEntries: org.apache.ratis.thirdparty.io.grpc.StatusRuntimeException: UNAVAILABLE: io exception
2022-09-29 01:24:45,329 [grpc-default-executor-3] INFO  leader.FollowerInfo (FollowerInfoImpl.java:lambda$new$0(48)) - omNode-1@group-523986131536->omNode-3: nextIndex: updateUnconditionally 64 -> 45
2022-09-29 01:24:45,335 [grpc-default-executor-2] WARN  server.GrpcLogAppender (LogUtils.java:warn(122)) - omNode-1@group-523986131536->omNode-3-AppendLogResponseHandler: Failed appendEntries: org.apache.ratis.thirdparty.io.grpc.StatusRuntimeException: UNAVAILABLE: io exception
2022-09-29 01:24:45,335 [grpc-default-executor-2] INFO  leader.FollowerInfo (FollowerInfoImpl.java:lambda$new$0(48)) - omNode-1@group-523986131536->omNode-3: nextIndex: updateUnconditionally 66 -> 45
2022-09-29 01:24:45,344 [grpc-default-executor-3] WARN  server.GrpcLogAppender (LogUtils.java:warn(122)) - omNode-1@group-523986131536->omNode-3-AppendLogResponseHandler: Failed appendEntries: org.apache.ratis.thirdparty.io.grpc.StatusRuntimeException: UNAVAILABLE: io exception
2022-09-29 01:24:45,344 [grpc-default-executor-3] INFO  leader.FollowerInfo (FollowerInfoImpl.java:lambda$new$0(48)) - omNode-1@group-523986131536->omNode-3: nextIndex: updateUnconditionally 66 -> 45
2022-09-29 01:24:45,354 [grpc-default-executor-3] WARN  server.GrpcLogAppender (LogUtils.java:warn(122)) - omNode-1@group-523986131536->omNode-3-AppendLogResponseHandler: Failed appendEntries: org.apache.ratis.thirdparty.io.grpc.StatusRuntimeException: UNAVAILABLE: io exception
2022-09-29 01:24:45,354 [grpc-default-executor-3] INFO  leader.FollowerInfo (FollowerInfoImpl.java:lambda$new$0(48)) - omNode-1@group-523986131536->omNode-3: nextIndex: updateUnconditionally 67 -> 45
2022-09-29 01:24:45,360 [grpc-default-executor-2] WARN  server.GrpcLogAppender (LogUtils.java:warn(122)) - omNode-1@group-523986131536->omNode-3-AppendLogResponseHandler: Failed appendEntries: org.apache.ratis.thirdparty.io.grpc.StatusRuntimeException: UNAVAILABLE: io exception
2022-09-29 01:24:45,360 [grpc-default-executor-2] INFO  leader.FollowerInfo (FollowerInfoImpl.java:lambda$new$0(48)) - omNode-1@group-523986131536->omNode-3: nextIndex: updateUnconditionally 67 -> 45
2022-09-29 01:24:45,368 [grpc-default-executor-3] WARN  server.GrpcLogAppender (LogUtils.java:warn(122)) - omNode-1@group-523986131536->omNode-3-AppendLogResponseHandler: Failed appendEntries: org.apache.ratis.thirdparty.io.grpc.StatusRuntimeException: UNAVAILABLE: io exception
2022-09-29 01:24:45,368 [grpc-default-executor-3] INFO  leader.FollowerInfo (FollowerInfoImpl.java:lambda$new$0(48)) - omNode-1@group-523986131536->omNode-3: nextIndex: updateUnconditionally 67 -> 45
2022-09-29 01:24:45,377 [grpc-default-executor-2] WARN  server.GrpcLogAppender (LogUtils.java:warn(122)) - omNode-1@group-523986131536->omNode-3-AppendLogResponseHandler: Failed appendEntries: org.apache.ratis.thirdparty.io.grpc.StatusRuntimeException: UNAVAILABLE: io exception
2022-09-29 01:24:45,377 [grpc-default-executor-2] INFO  leader.FollowerInfo (FollowerInfoImpl.java:lambda$new$0(48)) - omNode-1@group-523986131536->omNode-3: nextIndex: updateUnconditionally 68 -> 45
2022-09-29 01:24:45,381 [grpc-default-executor-2] WARN  server.GrpcLogAppender (LogUtils.java:warn(122)) - omNode-1@group-523986131536->omNode-3-AppendLogResponseHandler: Failed appendEntries: org.apache.ratis.thirdparty.io.grpc.StatusRuntimeException: UNAVAILABLE: io exception
2022-09-29 01:24:45,381 [grpc-default-executor-2] INFO  leader.FollowerInfo (FollowerInfoImpl.java:lambda$new$0(48)) - omNode-1@group-523986131536->omNode-3: nextIndex: updateUnconditionally 68 -> 45
2022-09-29 01:24:45,383 [grpc-default-executor-3] WARN  server.GrpcLogAppender (LogUtils.java:warn(122)) - omNode-1@group-523986131536->omNode-3-AppendLogResponseHandler: Failed appendEntries: org.apache.ratis.thirdparty.io.grpc.StatusRuntimeException: UNAVAILABLE: io exception
2022-09-29 01:24:45,383 [grpc-default-executor-3] INFO  leader.FollowerInfo (FollowerInfoImpl.java:lambda$new$0(48)) - omNode-1@group-523986131536->omNode-3: nextIndex: updateUnconditionally 69 -> 45
2022-09-29 01:24:45,387 [grpc-default-executor-3] WARN  server.GrpcLogAppender (LogUtils.java:warn(122)) - omNode-1@group-523986131536->omNode-3-AppendLogResponseHandler: Failed appendEntries: org.apache.ratis.thirdparty.io.grpc.StatusRuntimeException: UNAVAILABLE: io exception
2022-09-29 01:24:45,387 [grpc-default-executor-3] INFO  leader.FollowerInfo (FollowerInfoImpl.java:lambda$new$0(48)) - omNode-1@group-523986131536->omNode-3: nextIndex: updateUnconditionally 69 -> 45
2022-09-29 01:24:45,393 [grpc-default-executor-2] WARN  server.GrpcLogAppender (LogUtils.java:warn(122)) - omNode-1@group-523986131536->omNode-3-AppendLogResponseHandler: Failed appendEntries: org.apache.ratis.thirdparty.io.grpc.StatusRuntimeException: UNAVAILABLE: io exception
2022-09-29 01:24:45,394 [grpc-default-executor-2] INFO  leader.FollowerInfo (FollowerInfoImpl.java:lambda$new$0(48)) - omNode-1@group-523986131536->omNode-3: nextIndex: updateUnconditionally 70 -> 45
2022-09-29 01:24:45,398 [grpc-default-executor-2] WARN  server.GrpcLogAppender (LogUtils.java:warn(122)) - omNode-1@group-523986131536->omNode-3-AppendLogResponseHandler: Failed appendEntries: org.apache.ratis.thirdparty.io.grpc.StatusRuntimeException: UNAVAILABLE: io exception
2022-09-29 01:24:45,398 [grpc-default-executor-2] INFO  leader.FollowerInfo (FollowerInfoImpl.java:lambda$new$0(48)) - omNode-1@group-523986131536->omNode-3: nextIndex: updateUnconditionally 70 -> 45
2022-09-29 01:24:45,412 [grpc-default-executor-2] WARN  server.GrpcLogAppender (LogUtils.java:warn(122)) - omNode-1@group-523986131536->omNode-3-AppendLogResponseHandler: Failed appendEntries: org.apache.ratis.thirdparty.io.grpc.StatusRuntimeException: UNAVAILABLE: io exception
2022-09-29 01:24:45,412 [grpc-default-executor-2] INFO  leader.FollowerInfo (FollowerInfoImpl.java:lambda$new$0(48)) - omNode-1@group-523986131536->omNode-3: nextIndex: updateUnconditionally 71 -> 45
2022-09-29 01:24:45,437 [grpc-default-executor-2] WARN  server.GrpcLogAppender (LogUtils.java:warn(122)) - omNode-1@group-523986131536->omNode-3-AppendLogResponseHandler: Failed appendEntries: org.apache.ratis.thirdparty.io.grpc.StatusRuntimeException: UNAVAILABLE: io exception
2022-09-29 01:24:45,438 [grpc-default-executor-2] INFO  leader.FollowerInfo (FollowerInfoImpl.java:lambda$new$0(48)) - omNode-1@group-523986131536->omNode-3: nextIndex: updateUnconditionally 71 -> 45
2022-09-29 01:24:45,447 [grpc-default-executor-3] WARN  server.GrpcLogAppender (LogUtils.java:warn(122)) - omNode-1@group-523986131536->omNode-3-AppendLogResponseHandler: Failed appendEntries: org.apache.ratis.thirdparty.io.grpc.StatusRuntimeException: UNAVAILABLE: io exception
2022-09-29 01:24:45,447 [grpc-default-executor-3] INFO  leader.FollowerInfo (FollowerInfoImpl.java:lambda$new$0(48)) - omNode-1@group-523986131536->omNode-3: nextIndex: updateUnconditionally 71 -> 45
2022-09-29 01:24:45,455 [grpc-default-executor-3] WARN  server.GrpcLogAppender (LogUtils.java:warn(122)) - omNode-1@group-523986131536->omNode-3-AppendLogResponseHandler: Failed appendEntries: org.apache.ratis.thirdparty.io.grpc.StatusRuntimeException: UNAVAILABLE: io exception
2022-09-29 01:24:45,456 [grpc-default-executor-3] INFO  leader.FollowerInfo (FollowerInfoImpl.java:lambda$new$0(48)) - omNode-1@group-523986131536->omNode-3: nextIndex: updateUnconditionally 72 -> 45
2022-09-29 01:24:45,462 [grpc-default-executor-3] WARN  server.GrpcLogAppender (LogUtils.java:warn(122)) - omNode-1@group-523986131536->omNode-3-AppendLogResponseHandler: Failed appendEntries: org.apache.ratis.thirdparty.io.grpc.StatusRuntimeException: UNAVAILABLE: io exception
2022-09-29 01:24:45,462 [grpc-default-executor-3] INFO  leader.FollowerInfo (FollowerInfoImpl.java:lambda$new$0(48)) - omNode-1@group-523986131536->omNode-3: nextIndex: updateUnconditionally 72 -> 45
2022-09-29 01:24:45,463 [grpc-default-executor-3] WARN  server.GrpcLogAppender (LogUtils.java:warn(122)) - omNode-1@group-523986131536->omNode-3-AppendLogResponseHandler: Failed appendEntries: org.apache.ratis.thirdparty.io.grpc.StatusRuntimeException: UNAVAILABLE: io exception
2022-09-29 01:24:45,464 [grpc-default-executor-3] INFO  leader.FollowerInfo (FollowerInfoImpl.java:lambda$new$0(48)) - omNode-1@group-523986131536->omNode-3: nextIndex: updateUnconditionally 73 -> 45
2022-09-29 01:24:45,466 [grpc-default-executor-3] WARN  server.GrpcLogAppender (LogUtils.java:warn(122)) - omNode-1@group-523986131536->omNode-3-AppendLogResponseHandler: Failed appendEntries: org.apache.ratis.thirdparty.io.grpc.StatusRuntimeException: UNAVAILABLE: io exception
2022-09-29 01:24:45,466 [grpc-default-executor-3] INFO  leader.FollowerInfo (FollowerInfoImpl.java:lambda$new$0(48)) - omNode-1@group-523986131536->omNode-3: nextIndex: updateUnconditionally 74 -> 45
2022-09-29 01:24:45,474 [grpc-default-executor-3] WARN  server.GrpcLogAppender (LogUtils.java:warn(122)) - omNode-1@group-523986131536->omNode-3-AppendLogResponseHandler: Failed appendEntries: org.apache.ratis.thirdparty.io.grpc.StatusRuntimeException: UNAVAILABLE: io exception
2022-09-29 01:24:45,474 [grpc-default-executor-3] INFO  leader.FollowerInfo (FollowerInfoImpl.java:lambda$new$0(48)) - omNode-1@group-523986131536->omNode-3: nextIndex: updateUnconditionally 74 -> 45
2022-09-29 01:24:45,481 [grpc-default-executor-3] WARN  server.GrpcLogAppender (LogUtils.java:warn(122)) - omNode-1@group-523986131536->omNode-3-AppendLogResponseHandler: Failed appendEntries: org.apache.ratis.thirdparty.io.grpc.StatusRuntimeException: UNAVAILABLE: io exception
2022-09-29 01:24:45,481 [grpc-default-executor-3] INFO  leader.FollowerInfo (FollowerInfoImpl.java:lambda$new$0(48)) - omNode-1@group-523986131536->omNode-3: nextIndex: updateUnconditionally 75 -> 45
2022-09-29 01:24:45,486 [grpc-default-executor-2] WARN  server.GrpcLogAppender (LogUtils.java:warn(122)) - omNode-1@group-523986131536->omNode-3-AppendLogResponseHandler: Failed appendEntries: org.apache.ratis.thirdparty.io.grpc.StatusRuntimeException: UNAVAILABLE: io exception
2022-09-29 01:24:45,486 [grpc-default-executor-2] INFO  leader.FollowerInfo (FollowerInfoImpl.java:lambda$new$0(48)) - omNode-1@group-523986131536->omNode-3: nextIndex: updateUnconditionally 75 -> 45
2022-09-29 01:24:45,487 [grpc-default-executor-2] WARN  server.GrpcLogAppender (LogUtils.java:warn(122)) - omNode-1@group-523986131536->omNode-3-AppendLogResponseHandler: Failed appendEntries: org.apache.ratis.thirdparty.io.grpc.StatusRuntimeException: UNAVAILABLE: io exception
2022-09-29 01:24:45,487 [grpc-default-executor-2] INFO  leader.FollowerInfo (FollowerInfoImpl.java:lambda$new$0(48)) - omNode-1@group-523986131536->omNode-3: nextIndex: updateUnconditionally 75 -> 45
2022-09-29 01:24:45,509 [grpc-default-executor-3] WARN  server.GrpcLogAppender (LogUtils.java:warn(122)) - omNode-1@group-523986131536->omNode-3-AppendLogResponseHandler: Failed appendEntries: org.apache.ratis.thirdparty.io.grpc.StatusRuntimeException: UNAVAILABLE: io exception
2022-09-29 01:24:45,509 [grpc-default-executor-3] INFO  leader.FollowerInfo (FollowerInfoImpl.java:lambda$new$0(48)) - omNode-1@group-523986131536->omNode-3: nextIndex: updateUnconditionally 76 -> 45
2022-09-29 01:24:45,519 [grpc-default-executor-3] WARN  server.GrpcLogAppender (LogUtils.java:warn(122)) - omNode-1@group-523986131536->omNode-3-AppendLogResponseHandler: Failed appendEntries: org.apache.ratis.thirdparty.io.grpc.StatusRuntimeException: UNAVAILABLE: io exception
2022-09-29 01:24:45,519 [grpc-default-executor-3] INFO  leader.FollowerInfo (FollowerInfoImpl.java:lambda$new$0(48)) - omNode-1@group-523986131536->omNode-3: nextIndex: updateUnconditionally 76 -> 45
2022-09-29 01:24:45,520 [grpc-default-executor-2] WARN  server.GrpcLogAppender (LogUtils.java:warn(122)) - omNode-1@group-523986131536->omNode-3-AppendLogResponseHandler: Failed appendEntries: org.apache.ratis.thirdparty.io.grpc.StatusRuntimeException: UNAVAILABLE: io exception
2022-09-29 01:24:45,521 [grpc-default-executor-2] INFO  leader.FollowerInfo (FollowerInfoImpl.java:lambda$new$0(48)) - omNode-1@group-523986131536->omNode-3: nextIndex: updateUnconditionally 77 -> 45
2022-09-29 01:24:45,523 [grpc-default-executor-3] WARN  server.GrpcLogAppender (LogUtils.java:warn(122)) - omNode-1@group-523986131536->omNode-3-AppendLogResponseHandler: Failed appendEntries: org.apache.ratis.thirdparty.io.grpc.StatusRuntimeException: UNAVAILABLE: io exception
2022-09-29 01:24:45,523 [grpc-default-executor-3] INFO  leader.FollowerInfo (FollowerInfoImpl.java:lambda$new$0(48)) - omNode-1@group-523986131536->omNode-3: nextIndex: updateUnconditionally 78 -> 45
2022-09-29 01:24:45,535 [grpc-default-executor-3] WARN  server.GrpcLogAppender (LogUtils.java:warn(122)) - omNode-1@group-523986131536->omNode-3-AppendLogResponseHandler: Failed appendEntries: org.apache.ratis.thirdparty.io.grpc.StatusRuntimeException: UNAVAILABLE: io exception
2022-09-29 01:24:45,535 [grpc-default-executor-3] INFO  leader.FollowerInfo (FollowerInfoImpl.java:lambda$new$0(48)) - omNode-1@group-523986131536->omNode-3: nextIndex: updateUnconditionally 78 -> 45
2022-09-29 01:24:45,537 [grpc-default-executor-0] WARN  server.GrpcLogAppender (LogUtils.java:warn(122)) - omNode-1@group-523986131536->omNode-3-AppendLogResponseHandler: Failed appendEntries: org.apache.ratis.thirdparty.io.grpc.StatusRuntimeException: UNAVAILABLE: io exception
2022-09-29 01:24:45,537 [grpc-default-executor-0] INFO  leader.FollowerInfo (FollowerInfoImpl.java:lambda$new$0(48)) - omNode-1@group-523986131536->omNode-3: nextIndex: updateUnconditionally 78 -> 45
2022-09-29 01:24:45,540 [grpc-default-executor-0] WARN  server.GrpcLogAppender (LogUtils.java:warn(122)) - omNode-1@group-523986131536->omNode-3-AppendLogResponseHandler: Failed appendEntries: org.apache.ratis.thirdparty.io.grpc.StatusRuntimeException: UNAVAILABLE: io exception
2022-09-29 01:24:45,540 [grpc-default-executor-0] INFO  leader.FollowerInfo (FollowerInfoImpl.java:lambda$new$0(48)) - omNode-1@group-523986131536->omNode-3: nextIndex: updateUnconditionally 79 -> 45
2022-09-29 01:24:45,572 [grpc-default-executor-0] WARN  server.GrpcLogAppender (LogUtils.java:warn(122)) - omNode-1@group-523986131536->omNode-3-AppendLogResponseHandler: Failed appendEntries: org.apache.ratis.thirdparty.io.grpc.StatusRuntimeException: UNAVAILABLE: io exception
2022-09-29 01:24:45,573 [grpc-default-executor-0] INFO  leader.FollowerInfo (FollowerInfoImpl.java:lambda$new$0(48)) - omNode-1@group-523986131536->omNode-3: nextIndex: updateUnconditionally 79 -> 45
2022-09-29 01:24:45,574 [grpc-default-executor-3] WARN  server.GrpcLogAppender (LogUtils.java:warn(122)) - omNode-1@group-523986131536->omNode-3-AppendLogResponseHandler: Failed appendEntries: org.apache.ratis.thirdparty.io.grpc.StatusRuntimeException: UNAVAILABLE: io exception
2022-09-29 01:24:45,574 [grpc-default-executor-3] INFO  leader.FollowerInfo (FollowerInfoImpl.java:lambda$new$0(48)) - omNode-1@group-523986131536->omNode-3: nextIndex: updateUnconditionally 80 -> 45
2022-09-29 01:24:45,580 [grpc-default-executor-0] WARN  server.GrpcLogAppender (LogUtils.java:warn(122)) - omNode-1@group-523986131536->omNode-3-AppendLogResponseHandler: Failed appendEntries: org.apache.ratis.thirdparty.io.grpc.StatusRuntimeException: UNAVAILABLE: io exception
2022-09-29 01:24:45,580 [grpc-default-executor-0] INFO  leader.FollowerInfo (FollowerInfoImpl.java:lambda$new$0(48)) - omNode-1@group-523986131536->omNode-3: nextIndex: updateUnconditionally 80 -> 45
2022-09-29 01:24:45,589 [grpc-default-executor-3] WARN  server.GrpcLogAppender (LogUtils.java:warn(122)) - omNode-1@group-523986131536->omNode-3-AppendLogResponseHandler: Failed appendEntries: org.apache.ratis.thirdparty.io.grpc.StatusRuntimeException: UNAVAILABLE: io exception
2022-09-29 01:24:45,590 [grpc-default-executor-3] INFO  leader.FollowerInfo (FollowerInfoImpl.java:lambda$new$0(48)) - omNode-1@group-523986131536->omNode-3: nextIndex: updateUnconditionally 82 -> 45
2022-09-29 01:24:45,591 [grpc-default-executor-3] WARN  server.GrpcLogAppender (LogUtils.java:warn(122)) - omNode-1@group-523986131536->omNode-3-AppendLogResponseHandler: Failed appendEntries: org.apache.ratis.thirdparty.io.grpc.StatusRuntimeException: UNAVAILABLE: io exception
2022-09-29 01:24:45,591 [grpc-default-executor-3] INFO  leader.FollowerInfo (FollowerInfoImpl.java:lambda$new$0(48)) - omNode-1@group-523986131536->omNode-3: nextIndex: updateUnconditionally 82 -> 45
2022-09-29 01:24:45,599 [grpc-default-executor-3] WARN  server.GrpcLogAppender (LogUtils.java:warn(122)) - omNode-1@group-523986131536->omNode-3-AppendLogResponseHandler: Failed appendEntries: org.apache.ratis.thirdparty.io.grpc.StatusRuntimeException: UNAVAILABLE: io exception
2022-09-29 01:24:45,610 [grpc-default-executor-3] INFO  leader.FollowerInfo (FollowerInfoImpl.java:lambda$new$0(48)) - omNode-1@group-523986131536->omNode-3: nextIndex: updateUnconditionally 83 -> 45
2022-09-29 01:24:45,623 [grpc-default-executor-0] WARN  server.GrpcLogAppender (LogUtils.java:warn(122)) - omNode-1@group-523986131536->omNode-3-AppendLogResponseHandler: Failed appendEntries: org.apache.ratis.thirdparty.io.grpc.StatusRuntimeException: UNAVAILABLE: io exception
2022-09-29 01:24:45,623 [grpc-default-executor-0] INFO  leader.FollowerInfo (FollowerInfoImpl.java:lambda$new$0(48)) - omNode-1@group-523986131536->omNode-3: nextIndex: updateUnconditionally 83 -> 45
2022-09-29 01:24:45,626 [grpc-default-executor-0] WARN  server.GrpcLogAppender (LogUtils.java:warn(122)) - omNode-1@group-523986131536->omNode-3-AppendLogResponseHandler: Failed appendEntries: org.apache.ratis.thirdparty.io.grpc.StatusRuntimeException: UNAVAILABLE: io exception
2022-09-29 01:24:45,626 [grpc-default-executor-0] INFO  leader.FollowerInfo (FollowerInfoImpl.java:lambda$new$0(48)) - omNode-1@group-523986131536->omNode-3: nextIndex: updateUnconditionally 84 -> 45
2022-09-29 01:24:45,645 [grpc-default-executor-0] WARN  server.GrpcLogAppender (LogUtils.java:warn(122)) - omNode-1@group-523986131536->omNode-3-AppendLogResponseHandler: Failed appendEntries: org.apache.ratis.thirdparty.io.grpc.StatusRuntimeException: UNAVAILABLE: io exception
2022-09-29 01:24:45,645 [grpc-default-executor-0] INFO  leader.FollowerInfo (FollowerInfoImpl.java:lambda$new$0(48)) - omNode-1@group-523986131536->omNode-3: nextIndex: updateUnconditionally 84 -> 45
2022-09-29 01:24:45,646 [grpc-default-executor-0] WARN  server.GrpcLogAppender (LogUtils.java:warn(122)) - omNode-1@group-523986131536->omNode-3-AppendLogResponseHandler: Failed appendEntries: org.apache.ratis.thirdparty.io.grpc.StatusRuntimeException: UNAVAILABLE: io exception
2022-09-29 01:24:45,647 [grpc-default-executor-0] INFO  leader.FollowerInfo (FollowerInfoImpl.java:lambda$new$0(48)) - omNode-1@group-523986131536->omNode-3: nextIndex: updateUnconditionally 86 -> 45
2022-09-29 01:24:45,651 [grpc-default-executor-3] WARN  server.GrpcLogAppender (LogUtils.java:warn(122)) - omNode-1@group-523986131536->omNode-3-AppendLogResponseHandler: Failed appendEntries: org.apache.ratis.thirdparty.io.grpc.StatusRuntimeException: UNAVAILABLE: io exception
2022-09-29 01:24:45,652 [grpc-default-executor-3] INFO  leader.FollowerInfo (FollowerInfoImpl.java:lambda$new$0(48)) - omNode-1@group-523986131536->omNode-3: nextIndex: updateUnconditionally 86 -> 45
2022-09-29 01:24:45,671 [grpc-default-executor-3] WARN  server.GrpcLogAppender (LogUtils.java:warn(122)) - omNode-1@group-523986131536->omNode-3-AppendLogResponseHandler: Failed appendEntries: org.apache.ratis.thirdparty.io.grpc.StatusRuntimeException: UNAVAILABLE: io exception
2022-09-29 01:24:45,671 [grpc-default-executor-3] INFO  leader.FollowerInfo (FollowerInfoImpl.java:lambda$new$0(48)) - omNode-1@group-523986131536->omNode-3: nextIndex: updateUnconditionally 87 -> 45
2022-09-29 01:24:45,691 [grpc-default-executor-3] WARN  server.GrpcLogAppender (LogUtils.java:warn(122)) - omNode-1@group-523986131536->omNode-3-AppendLogResponseHandler: Failed appendEntries: org.apache.ratis.thirdparty.io.grpc.StatusRuntimeException: UNAVAILABLE: io exception
2022-09-29 01:24:45,692 [grpc-default-executor-3] INFO  leader.FollowerInfo (FollowerInfoImpl.java:lambda$new$0(48)) - omNode-1@group-523986131536->omNode-3: nextIndex: updateUnconditionally 87 -> 45
2022-09-29 01:24:45,711 [grpc-default-executor-0] WARN  server.GrpcLogAppender (LogUtils.java:warn(122)) - omNode-1@group-523986131536->omNode-3-AppendLogResponseHandler: Failed appendEntries: org.apache.ratis.thirdparty.io.grpc.StatusRuntimeException: UNAVAILABLE: io exception
2022-09-29 01:24:45,712 [grpc-default-executor-0] INFO  leader.FollowerInfo (FollowerInfoImpl.java:lambda$new$0(48)) - omNode-1@group-523986131536->omNode-3: nextIndex: updateUnconditionally 88 -> 45
2022-09-29 01:24:45,719 [grpc-default-executor-0] WARN  server.GrpcLogAppender (LogUtils.java:warn(122)) - omNode-1@group-523986131536->omNode-3-AppendLogResponseHandler: Failed appendEntries: org.apache.ratis.thirdparty.io.grpc.StatusRuntimeException: UNAVAILABLE: io exception
2022-09-29 01:24:45,719 [grpc-default-executor-0] INFO  leader.FollowerInfo (FollowerInfoImpl.java:lambda$new$0(48)) - omNode-1@group-523986131536->omNode-3: nextIndex: updateUnconditionally 88 -> 45
2022-09-29 01:24:45,720 [grpc-default-executor-0] WARN  server.GrpcLogAppender (LogUtils.java:warn(122)) - omNode-1@group-523986131536->omNode-3-AppendLogResponseHandler: Failed appendEntries: org.apache.ratis.thirdparty.io.grpc.StatusRuntimeException: UNAVAILABLE: io exception
2022-09-29 01:24:45,720 [grpc-default-executor-0] INFO  leader.FollowerInfo (FollowerInfoImpl.java:lambda$new$0(48)) - omNode-1@group-523986131536->omNode-3: nextIndex: updateUnconditionally 89 -> 45
2022-09-29 01:24:45,725 [grpc-default-executor-0] WARN  server.GrpcLogAppender (LogUtils.java:warn(122)) - omNode-1@group-523986131536->omNode-3-AppendLogResponseHandler: Failed appendEntries: org.apache.ratis.thirdparty.io.grpc.StatusRuntimeException: UNAVAILABLE: io exception
2022-09-29 01:24:45,725 [grpc-default-executor-0] INFO  leader.FollowerInfo (FollowerInfoImpl.java:lambda$new$0(48)) - omNode-1@group-523986131536->omNode-3: nextIndex: updateUnconditionally 90 -> 45
2022-09-29 01:24:45,727 [grpc-default-executor-0] WARN  server.GrpcLogAppender (LogUtils.java:warn(122)) - omNode-1@group-523986131536->omNode-3-AppendLogResponseHandler: Failed appendEntries: org.apache.ratis.thirdparty.io.grpc.StatusRuntimeException: UNAVAILABLE: io exception
2022-09-29 01:24:45,727 [grpc-default-executor-0] INFO  leader.FollowerInfo (FollowerInfoImpl.java:lambda$new$0(48)) - omNode-1@group-523986131536->omNode-3: nextIndex: updateUnconditionally 90 -> 45
2022-09-29 01:24:45,732 [grpc-default-executor-0] WARN  server.GrpcLogAppender (LogUtils.java:warn(122)) - omNode-1@group-523986131536->omNode-3-AppendLogResponseHandler: Failed appendEntries: org.apache.ratis.thirdparty.io.grpc.StatusRuntimeException: UNAVAILABLE: io exception
2022-09-29 01:24:45,732 [grpc-default-executor-0] INFO  leader.FollowerInfo (FollowerInfoImpl.java:lambda$new$0(48)) - omNode-1@group-523986131536->omNode-3: nextIndex: updateUnconditionally 91 -> 45
2022-09-29 01:24:45,749 [grpc-default-executor-0] WARN  server.GrpcLogAppender (LogUtils.java:warn(122)) - omNode-1@group-523986131536->omNode-3-AppendLogResponseHandler: Failed appendEntries: org.apache.ratis.thirdparty.io.grpc.StatusRuntimeException: UNAVAILABLE: io exception
2022-09-29 01:24:45,749 [grpc-default-executor-0] INFO  leader.FollowerInfo (FollowerInfoImpl.java:lambda$new$0(48)) - omNode-1@group-523986131536->omNode-3: nextIndex: updateUnconditionally 91 -> 45
2022-09-29 01:24:45,750 [grpc-default-executor-0] WARN  server.GrpcLogAppender (LogUtils.java:warn(122)) - omNode-1@group-523986131536->omNode-3-AppendLogResponseHandler: Failed appendEntries: org.apache.ratis.thirdparty.io.grpc.StatusRuntimeException: UNAVAILABLE: io exception
2022-09-29 01:24:45,750 [grpc-default-executor-0] INFO  leader.FollowerInfo (FollowerInfoImpl.java:lambda$new$0(48)) - omNode-1@group-523986131536->omNode-3: nextIndex: updateUnconditionally 91 -> 45
2022-09-29 01:24:45,776 [grpc-default-executor-0] WARN  server.GrpcLogAppender (LogUtils.java:warn(122)) - omNode-1@group-523986131536->omNode-3-AppendLogResponseHandler: Failed appendEntries: org.apache.ratis.thirdparty.io.grpc.StatusRuntimeException: UNAVAILABLE: io exception
2022-09-29 01:24:45,777 [grpc-default-executor-0] INFO  leader.FollowerInfo (FollowerInfoImpl.java:lambda$new$0(48)) - omNode-1@group-523986131536->omNode-3: nextIndex: updateUnconditionally 92 -> 45
2022-09-29 01:24:45,788 [grpc-default-executor-0] WARN  server.GrpcLogAppender (LogUtils.java:warn(122)) - omNode-1@group-523986131536->omNode-3-AppendLogResponseHandler: Failed appendEntries: org.apache.ratis.thirdparty.io.grpc.StatusRuntimeException: UNAVAILABLE: io exception
2022-09-29 01:24:45,789 [grpc-default-executor-0] INFO  leader.FollowerInfo (FollowerInfoImpl.java:lambda$new$0(48)) - omNode-1@group-523986131536->omNode-3: nextIndex: updateUnconditionally 92 -> 45
2022-09-29 01:24:45,794 [grpc-default-executor-2] WARN  server.GrpcLogAppender (LogUtils.java:warn(122)) - omNode-1@group-523986131536->omNode-3-AppendLogResponseHandler: Failed appendEntries: org.apache.ratis.thirdparty.io.grpc.StatusRuntimeException: UNAVAILABLE: io exception
2022-09-29 01:24:45,795 [grpc-default-executor-2] INFO  leader.FollowerInfo (FollowerInfoImpl.java:lambda$new$0(48)) - omNode-1@group-523986131536->omNode-3: nextIndex: updateUnconditionally 93 -> 45
2022-09-29 01:24:45,807 [grpc-default-executor-3] WARN  server.GrpcLogAppender (LogUtils.java:warn(122)) - omNode-1@group-523986131536->omNode-3-AppendLogResponseHandler: Failed appendEntries: org.apache.ratis.thirdparty.io.grpc.StatusRuntimeException: UNAVAILABLE: io exception
2022-09-29 01:24:45,807 [grpc-default-executor-3] INFO  leader.FollowerInfo (FollowerInfoImpl.java:lambda$new$0(48)) - omNode-1@group-523986131536->omNode-3: nextIndex: updateUnconditionally 94 -> 45
2022-09-29 01:24:45,810 [grpc-default-executor-2] WARN  server.GrpcLogAppender (LogUtils.java:warn(122)) - omNode-1@group-523986131536->omNode-3-AppendLogResponseHandler: Failed appendEntries: org.apache.ratis.thirdparty.io.grpc.StatusRuntimeException: UNAVAILABLE: io exception
2022-09-29 01:24:45,811 [grpc-default-executor-2] INFO  leader.FollowerInfo (FollowerInfoImpl.java:lambda$new$0(48)) - omNode-1@group-523986131536->omNode-3: nextIndex: updateUnconditionally 94 -> 45
2022-09-29 01:24:45,817 [grpc-default-executor-2] WARN  server.GrpcLogAppender (LogUtils.java:warn(122)) - omNode-1@group-523986131536->omNode-3-AppendLogResponseHandler: Failed appendEntries: org.apache.ratis.thirdparty.io.grpc.StatusRuntimeException: UNAVAILABLE: io exception
2022-09-29 01:24:45,817 [grpc-default-executor-2] INFO  leader.FollowerInfo (FollowerInfoImpl.java:lambda$new$0(48)) - omNode-1@group-523986131536->omNode-3: nextIndex: updateUnconditionally 95 -> 45
2022-09-29 01:24:45,831 [grpc-default-executor-2] WARN  server.GrpcLogAppender (LogUtils.java:warn(122)) - omNode-1@group-523986131536->omNode-3-AppendLogResponseHandler: Failed appendEntries: org.apache.ratis.thirdparty.io.grpc.StatusRuntimeException: UNAVAILABLE: io exception
2022-09-29 01:24:45,831 [grpc-default-executor-2] INFO  leader.FollowerInfo (FollowerInfoImpl.java:lambda$new$0(48)) - omNode-1@group-523986131536->omNode-3: nextIndex: updateUnconditionally 95 -> 45
2022-09-29 01:24:45,837 [grpc-default-executor-3] WARN  server.GrpcLogAppender (LogUtils.java:warn(122)) - omNode-1@group-523986131536->omNode-3-AppendLogResponseHandler: Failed appendEntries: org.apache.ratis.thirdparty.io.grpc.StatusRuntimeException: UNAVAILABLE: io exception
2022-09-29 01:24:45,838 [grpc-default-executor-3] INFO  leader.FollowerInfo (FollowerInfoImpl.java:lambda$new$0(48)) - omNode-1@group-523986131536->omNode-3: nextIndex: updateUnconditionally 95 -> 45
2022-09-29 01:24:45,852 [grpc-default-executor-3] WARN  server.GrpcLogAppender (LogUtils.java:warn(122)) - omNode-1@group-523986131536->omNode-3-AppendLogResponseHandler: Failed appendEntries: org.apache.ratis.thirdparty.io.grpc.StatusRuntimeException: UNAVAILABLE: io exception
2022-09-29 01:24:45,853 [grpc-default-executor-3] INFO  leader.FollowerInfo (FollowerInfoImpl.java:lambda$new$0(48)) - omNode-1@group-523986131536->omNode-3: nextIndex: updateUnconditionally 96 -> 45
2022-09-29 01:24:45,854 [grpc-default-executor-3] WARN  server.GrpcLogAppender (LogUtils.java:warn(122)) - omNode-1@group-523986131536->omNode-3-AppendLogResponseHandler: Failed appendEntries: org.apache.ratis.thirdparty.io.grpc.StatusRuntimeException: UNAVAILABLE: io exception
2022-09-29 01:24:45,854 [grpc-default-executor-3] INFO  leader.FollowerInfo (FollowerInfoImpl.java:lambda$new$0(48)) - omNode-1@group-523986131536->omNode-3: nextIndex: updateUnconditionally 97 -> 45
2022-09-29 01:24:45,865 [grpc-default-executor-3] WARN  server.GrpcLogAppender (LogUtils.java:warn(122)) - omNode-1@group-523986131536->omNode-3-AppendLogResponseHandler: Failed appendEntries: org.apache.ratis.thirdparty.io.grpc.StatusRuntimeException: UNAVAILABLE: io exception
2022-09-29 01:24:45,865 [grpc-default-executor-3] INFO  leader.FollowerInfo (FollowerInfoImpl.java:lambda$new$0(48)) - omNode-1@group-523986131536->omNode-3: nextIndex: updateUnconditionally 97 -> 45
2022-09-29 01:24:45,866 [grpc-default-executor-3] WARN  server.GrpcLogAppender (LogUtils.java:warn(122)) - omNode-1@group-523986131536->omNode-3-AppendLogResponseHandler: Failed appendEntries: org.apache.ratis.thirdparty.io.grpc.StatusRuntimeException: UNAVAILABLE: io exception
2022-09-29 01:24:45,866 [grpc-default-executor-3] INFO  leader.FollowerInfo (FollowerInfoImpl.java:lambda$new$0(48)) - omNode-1@group-523986131536->omNode-3: nextIndex: updateUnconditionally 97 -> 45
2022-09-29 01:24:45,868 [grpc-default-executor-0] WARN  server.GrpcLogAppender (LogUtils.java:warn(122)) - omNode-1@group-523986131536->omNode-3-AppendLogResponseHandler: Failed appendEntries: org.apache.ratis.thirdparty.io.grpc.StatusRuntimeException: UNAVAILABLE: io exception
2022-09-29 01:24:45,868 [grpc-default-executor-0] INFO  leader.FollowerInfo (FollowerInfoImpl.java:lambda$new$0(48)) - omNode-1@group-523986131536->omNode-3: nextIndex: updateUnconditionally 98 -> 45
2022-09-29 01:24:45,881 [grpc-default-executor-3] WARN  server.GrpcLogAppender (LogUtils.java:warn(122)) - omNode-1@group-523986131536->omNode-3-AppendLogResponseHandler: Failed appendEntries: org.apache.ratis.thirdparty.io.grpc.StatusRuntimeException: UNAVAILABLE: io exception
2022-09-29 01:24:45,881 [grpc-default-executor-3] INFO  leader.FollowerInfo (FollowerInfoImpl.java:lambda$new$0(48)) - omNode-1@group-523986131536->omNode-3: nextIndex: updateUnconditionally 98 -> 45
2022-09-29 01:24:45,886 [grpc-default-executor-0] WARN  server.GrpcLogAppender (LogUtils.java:warn(122)) - omNode-1@group-523986131536->omNode-3-AppendLogResponseHandler: Failed appendEntries: org.apache.ratis.thirdparty.io.grpc.StatusRuntimeException: UNAVAILABLE: io exception
2022-09-29 01:24:45,886 [grpc-default-executor-0] INFO  leader.FollowerInfo (FollowerInfoImpl.java:lambda$new$0(48)) - omNode-1@group-523986131536->omNode-3: nextIndex: updateUnconditionally 99 -> 45
2022-09-29 01:24:45,897 [grpc-default-executor-3] WARN  server.GrpcLogAppender (LogUtils.java:warn(122)) - omNode-1@group-523986131536->omNode-3-AppendLogResponseHandler: Failed appendEntries: org.apache.ratis.thirdparty.io.grpc.StatusRuntimeException: UNAVAILABLE: io exception
2022-09-29 01:24:45,898 [grpc-default-executor-3] INFO  leader.FollowerInfo (FollowerInfoImpl.java:lambda$new$0(48)) - omNode-1@group-523986131536->omNode-3: nextIndex: updateUnconditionally 99 -> 45
2022-09-29 01:24:45,906 [grpc-default-executor-3] WARN  server.GrpcLogAppender (LogUtils.java:warn(122)) - omNode-1@group-523986131536->omNode-3-AppendLogResponseHandler: Failed appendEntries: org.apache.ratis.thirdparty.io.grpc.StatusRuntimeException: UNAVAILABLE: io exception
2022-09-29 01:24:45,906 [grpc-default-executor-3] INFO  leader.FollowerInfo (FollowerInfoImpl.java:lambda$new$0(48)) - omNode-1@group-523986131536->omNode-3: nextIndex: updateUnconditionally 100 -> 45
2022-09-29 01:24:45,921 [grpc-default-executor-3] WARN  server.GrpcLogAppender (LogUtils.java:warn(122)) - omNode-1@group-523986131536->omNode-3-AppendLogResponseHandler: Failed appendEntries: org.apache.ratis.thirdparty.io.grpc.StatusRuntimeException: UNAVAILABLE: io exception
2022-09-29 01:24:45,921 [grpc-default-executor-3] INFO  leader.FollowerInfo (FollowerInfoImpl.java:lambda$new$0(48)) - omNode-1@group-523986131536->omNode-3: nextIndex: updateUnconditionally 100 -> 45
2022-09-29 01:24:45,922 [grpc-default-executor-0] WARN  server.GrpcLogAppender (LogUtils.java:warn(122)) - omNode-1@group-523986131536->omNode-3-AppendLogResponseHandler: Failed appendEntries: org.apache.ratis.thirdparty.io.grpc.StatusRuntimeException: UNAVAILABLE: io exception
2022-09-29 01:24:45,922 [grpc-default-executor-0] INFO  leader.FollowerInfo (FollowerInfoImpl.java:lambda$new$0(48)) - omNode-1@group-523986131536->omNode-3: nextIndex: updateUnconditionally 101 -> 45
2022-09-29 01:24:45,926 [omNode-1@group-523986131536-StateMachineUpdater] INFO  ratis.OzoneManagerStateMachine (OzoneManagerStateMachine.java:takeSnapshot(441)) - Current Snapshot Index (t:2, i:100)
2022-09-29 01:24:45,927 [omNode-1@group-523986131536-StateMachineUpdater] INFO  impl.StateMachineUpdater (StateMachineUpdater.java:takeSnapshot(287)) - omNode-1@group-523986131536-StateMachineUpdater: Took a snapshot at index 100
2022-09-29 01:24:45,927 [omNode-1@group-523986131536-StateMachineUpdater] INFO  impl.StateMachineUpdater (StateMachineUpdater.java:lambda$new$0(92)) - omNode-1@group-523986131536-StateMachineUpdater: snapshotIndex: updateIncreasingly 50 -> 100
2022-09-29 01:24:45,927 [omNode-1@group-523986131536-StateMachineUpdater] INFO  raftlog.RaftLog (RaftLogBase.java:purge(308)) - omNode-1@group-523986131536-SegmentedRaftLog: purge 100
2022-09-29 01:24:45,927 [omNode-1@group-523986131536-StateMachineUpdater] INFO  raftlog.RaftLog (RaftLogBase.java:lambda$new$0(53)) - omNode-1@group-523986131536-SegmentedRaftLog: snapshotIndex: updateIncreasingly 50 -> 100
2022-09-29 01:24:45,927 [omNode-1@group-523986131536-StateMachineUpdater] INFO  raftlog.RaftLog (RaftLogBase.java:lambda$new$0(53)) - omNode-1@group-523986131536-SegmentedRaftLog: purgeIndex: updateToMax old=50, new=100, updated? true
2022-09-29 01:24:45,927 [grpc-default-executor-3] WARN  server.GrpcLogAppender (LogUtils.java:warn(122)) - omNode-1@group-523986131536->omNode-3-AppendLogResponseHandler: Failed appendEntries: org.apache.ratis.thirdparty.io.grpc.StatusRuntimeException: UNAVAILABLE: io exception
2022-09-29 01:24:45,928 [grpc-default-executor-3] INFO  leader.FollowerInfo (FollowerInfoImpl.java:lambda$new$0(48)) - omNode-1@group-523986131536->omNode-3: nextIndex: updateUnconditionally 101 -> 45
2022-09-29 01:24:45,929 [grpc-default-executor-3] WARN  server.GrpcLogAppender (LogUtils.java:warn(122)) - omNode-1@group-523986131536->omNode-3-AppendLogResponseHandler: Failed appendEntries: org.apache.ratis.thirdparty.io.grpc.StatusRuntimeException: UNAVAILABLE: io exception
2022-09-29 01:24:45,929 [grpc-default-executor-3] INFO  leader.FollowerInfo (FollowerInfoImpl.java:lambda$new$0(48)) - omNode-1@group-523986131536->omNode-3: nextIndex: updateUnconditionally 102 -> 45
2022-09-29 01:24:45,931 [omNode-2@group-523986131536-StateMachineUpdater] INFO  ratis.OzoneManagerStateMachine (OzoneManagerStateMachine.java:takeSnapshot(441)) - Current Snapshot Index (t:2, i:100)
2022-09-29 01:24:45,931 [omNode-2@group-523986131536-StateMachineUpdater] INFO  impl.StateMachineUpdater (StateMachineUpdater.java:takeSnapshot(287)) - omNode-2@group-523986131536-StateMachineUpdater: Took a snapshot at index 100
2022-09-29 01:24:45,931 [omNode-2@group-523986131536-StateMachineUpdater] INFO  impl.StateMachineUpdater (StateMachineUpdater.java:lambda$new$0(92)) - omNode-2@group-523986131536-StateMachineUpdater: snapshotIndex: updateIncreasingly 50 -> 100
2022-09-29 01:24:45,931 [omNode-2@group-523986131536-StateMachineUpdater] INFO  raftlog.RaftLog (RaftLogBase.java:purge(308)) - omNode-2@group-523986131536-SegmentedRaftLog: purge 100
2022-09-29 01:24:45,931 [omNode-2@group-523986131536-StateMachineUpdater] INFO  raftlog.RaftLog (RaftLogBase.java:lambda$new$0(53)) - omNode-2@group-523986131536-SegmentedRaftLog: snapshotIndex: updateIncreasingly 50 -> 100
2022-09-29 01:24:45,931 [omNode-2@group-523986131536-StateMachineUpdater] INFO  raftlog.RaftLog (RaftLogBase.java:lambda$new$0(53)) - omNode-2@group-523986131536-SegmentedRaftLog: purgeIndex: updateToMax old=50, new=100, updated? true
2022-09-29 01:24:45,932 [grpc-default-executor-3] WARN  server.GrpcLogAppender (LogUtils.java:warn(122)) - omNode-1@group-523986131536->omNode-3-AppendLogResponseHandler: Failed appendEntries: org.apache.ratis.thirdparty.io.grpc.StatusRuntimeException: UNAVAILABLE: io exception
2022-09-29 01:24:45,932 [grpc-default-executor-3] INFO  leader.FollowerInfo (FollowerInfoImpl.java:lambda$new$0(48)) - omNode-1@group-523986131536->omNode-3: nextIndex: updateUnconditionally 102 -> 45
2022-09-29 01:24:45,935 [grpc-default-executor-3] WARN  server.GrpcLogAppender (LogUtils.java:warn(122)) - omNode-1@group-523986131536->omNode-3-AppendLogResponseHandler: Failed appendEntries: org.apache.ratis.thirdparty.io.grpc.StatusRuntimeException: UNAVAILABLE: io exception
2022-09-29 01:24:45,936 [grpc-default-executor-3] INFO  leader.FollowerInfo (FollowerInfoImpl.java:lambda$new$0(48)) - omNode-1@group-523986131536->omNode-3: nextIndex: updateUnconditionally 103 -> 45
2022-09-29 01:24:45,951 [grpc-default-executor-0] WARN  server.GrpcLogAppender (LogUtils.java:warn(122)) - omNode-1@group-523986131536->omNode-3-AppendLogResponseHandler: Failed appendEntries: org.apache.ratis.thirdparty.io.grpc.StatusRuntimeException: UNAVAILABLE: io exception
2022-09-29 01:24:45,951 [grpc-default-executor-0] INFO  leader.FollowerInfo (FollowerInfoImpl.java:lambda$new$0(48)) - omNode-1@group-523986131536->omNode-3: nextIndex: updateUnconditionally 103 -> 45
2022-09-29 01:24:45,954 [grpc-default-executor-0] WARN  server.GrpcLogAppender (LogUtils.java:warn(122)) - omNode-1@group-523986131536->omNode-3-AppendLogResponseHandler: Failed appendEntries: org.apache.ratis.thirdparty.io.grpc.StatusRuntimeException: UNAVAILABLE: io exception
2022-09-29 01:24:45,955 [grpc-default-executor-0] INFO  leader.FollowerInfo (FollowerInfoImpl.java:lambda$new$0(48)) - omNode-1@group-523986131536->omNode-3: nextIndex: updateUnconditionally 104 -> 45
2022-09-29 01:24:45,966 [grpc-default-executor-0] WARN  server.GrpcLogAppender (LogUtils.java:warn(122)) - omNode-1@group-523986131536->omNode-3-AppendLogResponseHandler: Failed appendEntries: org.apache.ratis.thirdparty.io.grpc.StatusRuntimeException: UNAVAILABLE: io exception
2022-09-29 01:24:45,966 [grpc-default-executor-0] INFO  leader.FollowerInfo (FollowerInfoImpl.java:lambda$new$0(48)) - omNode-1@group-523986131536->omNode-3: nextIndex: updateUnconditionally 104 -> 45
2022-09-29 01:24:45,977 [grpc-default-executor-3] WARN  server.GrpcLogAppender (LogUtils.java:warn(122)) - omNode-1@group-523986131536->omNode-3-AppendLogResponseHandler: Failed appendEntries: org.apache.ratis.thirdparty.io.grpc.StatusRuntimeException: UNAVAILABLE: io exception
2022-09-29 01:24:45,977 [grpc-default-executor-3] INFO  leader.FollowerInfo (FollowerInfoImpl.java:lambda$new$0(48)) - omNode-1@group-523986131536->omNode-3: nextIndex: updateUnconditionally 106 -> 45
2022-09-29 01:24:45,980 [grpc-default-executor-3] WARN  server.GrpcLogAppender (LogUtils.java:warn(122)) - omNode-1@group-523986131536->omNode-3-AppendLogResponseHandler: Failed appendEntries: org.apache.ratis.thirdparty.io.grpc.StatusRuntimeException: UNAVAILABLE: io exception
2022-09-29 01:24:45,980 [grpc-default-executor-3] INFO  leader.FollowerInfo (FollowerInfoImpl.java:lambda$new$0(48)) - omNode-1@group-523986131536->omNode-3: nextIndex: updateUnconditionally 106 -> 45
2022-09-29 01:24:45,982 [grpc-default-executor-3] WARN  server.GrpcLogAppender (LogUtils.java:warn(122)) - omNode-1@group-523986131536->omNode-3-AppendLogResponseHandler: Failed appendEntries: org.apache.ratis.thirdparty.io.grpc.StatusRuntimeException: UNAVAILABLE: io exception
2022-09-29 01:24:45,982 [grpc-default-executor-3] INFO  leader.FollowerInfo (FollowerInfoImpl.java:lambda$new$0(48)) - omNode-1@group-523986131536->omNode-3: nextIndex: updateUnconditionally 107 -> 45
2022-09-29 01:24:45,986 [grpc-default-executor-2] WARN  server.GrpcLogAppender (LogUtils.java:warn(122)) - omNode-1@group-523986131536->omNode-3-AppendLogResponseHandler: Failed appendEntries: org.apache.ratis.thirdparty.io.grpc.StatusRuntimeException: UNAVAILABLE: io exception
2022-09-29 01:24:45,986 [grpc-default-executor-2] INFO  leader.FollowerInfo (FollowerInfoImpl.java:lambda$new$0(48)) - omNode-1@group-523986131536->omNode-3: nextIndex: updateUnconditionally 107 -> 45
2022-09-29 01:24:46,006 [grpc-default-executor-0] WARN  server.GrpcLogAppender (LogUtils.java:warn(122)) - omNode-1@group-523986131536->omNode-3-AppendLogResponseHandler: Failed appendEntries: org.apache.ratis.thirdparty.io.grpc.StatusRuntimeException: UNAVAILABLE: io exception
2022-09-29 01:24:46,007 [grpc-default-executor-0] INFO  leader.FollowerInfo (FollowerInfoImpl.java:lambda$new$0(48)) - omNode-1@group-523986131536->omNode-3: nextIndex: updateUnconditionally 108 -> 45
2022-09-29 01:24:46,016 [grpc-default-executor-0] WARN  server.GrpcLogAppender (LogUtils.java:warn(122)) - omNode-1@group-523986131536->omNode-3-AppendLogResponseHandler: Failed appendEntries: org.apache.ratis.thirdparty.io.grpc.StatusRuntimeException: UNAVAILABLE: io exception
2022-09-29 01:24:46,016 [grpc-default-executor-0] INFO  leader.FollowerInfo (FollowerInfoImpl.java:lambda$new$0(48)) - omNode-1@group-523986131536->omNode-3: nextIndex: updateUnconditionally 108 -> 45
2022-09-29 01:24:46,032 [grpc-default-executor-0] WARN  server.GrpcLogAppender (LogUtils.java:warn(122)) - omNode-1@group-523986131536->omNode-3-AppendLogResponseHandler: Failed appendEntries: org.apache.ratis.thirdparty.io.grpc.StatusRuntimeException: UNAVAILABLE: io exception
2022-09-29 01:24:46,032 [grpc-default-executor-0] INFO  leader.FollowerInfo (FollowerInfoImpl.java:lambda$new$0(48)) - omNode-1@group-523986131536->omNode-3: nextIndex: updateUnconditionally 110 -> 45
2022-09-29 01:24:46,044 [grpc-default-executor-0] WARN  server.GrpcLogAppender (LogUtils.java:warn(122)) - omNode-1@group-523986131536->omNode-3-AppendLogResponseHandler: Failed appendEntries: org.apache.ratis.thirdparty.io.grpc.StatusRuntimeException: UNAVAILABLE: io exception
2022-09-29 01:24:46,044 [grpc-default-executor-0] INFO  leader.FollowerInfo (FollowerInfoImpl.java:lambda$new$0(48)) - omNode-1@group-523986131536->omNode-3: nextIndex: updateUnconditionally 110 -> 45
2022-09-29 01:24:46,065 [grpc-default-executor-0] WARN  server.GrpcLogAppender (LogUtils.java:warn(122)) - omNode-1@group-523986131536->omNode-3-AppendLogResponseHandler: Failed appendEntries: org.apache.ratis.thirdparty.io.grpc.StatusRuntimeException: UNAVAILABLE: io exception
2022-09-29 01:24:46,065 [grpc-default-executor-0] INFO  leader.FollowerInfo (FollowerInfoImpl.java:lambda$new$0(48)) - omNode-1@group-523986131536->omNode-3: nextIndex: updateUnconditionally 111 -> 45
2022-09-29 01:24:46,069 [grpc-default-executor-0] WARN  server.GrpcLogAppender (LogUtils.java:warn(122)) - omNode-1@group-523986131536->omNode-3-AppendLogResponseHandler: Failed appendEntries: org.apache.ratis.thirdparty.io.grpc.StatusRuntimeException: UNAVAILABLE: io exception
2022-09-29 01:24:46,069 [grpc-default-executor-0] INFO  leader.FollowerInfo (FollowerInfoImpl.java:lambda$new$0(48)) - omNode-1@group-523986131536->omNode-3: nextIndex: updateUnconditionally 112 -> 45
2022-09-29 01:24:46,086 [grpc-default-executor-0] WARN  server.GrpcLogAppender (LogUtils.java:warn(122)) - omNode-1@group-523986131536->omNode-3-AppendLogResponseHandler: Failed appendEntries: org.apache.ratis.thirdparty.io.grpc.StatusRuntimeException: UNAVAILABLE: io exception
2022-09-29 01:24:46,086 [grpc-default-executor-0] INFO  leader.FollowerInfo (FollowerInfoImpl.java:lambda$new$0(48)) - omNode-1@group-523986131536->omNode-3: nextIndex: updateUnconditionally 112 -> 45
2022-09-29 01:24:46,092 [grpc-default-executor-2] WARN  server.GrpcLogAppender (LogUtils.java:warn(122)) - omNode-1@group-523986131536->omNode-3-AppendLogResponseHandler: Failed appendEntries: org.apache.ratis.thirdparty.io.grpc.StatusRuntimeException: UNAVAILABLE: io exception
2022-09-29 01:24:46,092 [grpc-default-executor-2] INFO  leader.FollowerInfo (FollowerInfoImpl.java:lambda$new$0(48)) - omNode-1@group-523986131536->omNode-3: nextIndex: updateUnconditionally 114 -> 45
2022-09-29 01:24:46,101 [grpc-default-executor-2] WARN  server.GrpcLogAppender (LogUtils.java:warn(122)) - omNode-1@group-523986131536->omNode-3-AppendLogResponseHandler: Failed appendEntries: org.apache.ratis.thirdparty.io.grpc.StatusRuntimeException: UNAVAILABLE: io exception
2022-09-29 01:24:46,101 [grpc-default-executor-2] INFO  leader.FollowerInfo (FollowerInfoImpl.java:lambda$new$0(48)) - omNode-1@group-523986131536->omNode-3: nextIndex: updateUnconditionally 114 -> 45
2022-09-29 01:24:46,116 [grpc-default-executor-2] WARN  server.GrpcLogAppender (LogUtils.java:warn(122)) - omNode-1@group-523986131536->omNode-3-AppendLogResponseHandler: Failed appendEntries: org.apache.ratis.thirdparty.io.grpc.StatusRuntimeException: UNAVAILABLE: io exception
2022-09-29 01:24:46,116 [grpc-default-executor-2] INFO  leader.FollowerInfo (FollowerInfoImpl.java:lambda$new$0(48)) - omNode-1@group-523986131536->omNode-3: nextIndex: updateUnconditionally 115 -> 45
2022-09-29 01:24:46,132 [grpc-default-executor-0] WARN  server.GrpcLogAppender (LogUtils.java:warn(122)) - omNode-1@group-523986131536->omNode-3-AppendLogResponseHandler: Failed appendEntries: org.apache.ratis.thirdparty.io.grpc.StatusRuntimeException: UNAVAILABLE: io exception
2022-09-29 01:24:46,133 [grpc-default-executor-0] INFO  leader.FollowerInfo (FollowerInfoImpl.java:lambda$new$0(48)) - omNode-1@group-523986131536->omNode-3: nextIndex: updateUnconditionally 116 -> 45
2022-09-29 01:24:46,142 [grpc-default-executor-0] WARN  server.GrpcLogAppender (LogUtils.java:warn(122)) - omNode-1@group-523986131536->omNode-3-AppendLogResponseHandler: Failed appendEntries: org.apache.ratis.thirdparty.io.grpc.StatusRuntimeException: UNAVAILABLE: io exception
2022-09-29 01:24:46,142 [grpc-default-executor-0] INFO  leader.FollowerInfo (FollowerInfoImpl.java:lambda$new$0(48)) - omNode-1@group-523986131536->omNode-3: nextIndex: updateUnconditionally 116 -> 45
2022-09-29 01:24:46,143 [grpc-default-executor-2] WARN  server.GrpcLogAppender (LogUtils.java:warn(122)) - omNode-1@group-523986131536->omNode-3-AppendLogResponseHandler: Failed appendEntries: org.apache.ratis.thirdparty.io.grpc.StatusRuntimeException: UNAVAILABLE: io exception
2022-09-29 01:24:46,143 [grpc-default-executor-2] INFO  leader.FollowerInfo (FollowerInfoImpl.java:lambda$new$0(48)) - omNode-1@group-523986131536->omNode-3: nextIndex: updateUnconditionally 116 -> 45
2022-09-29 01:24:46,146 [grpc-default-executor-0] WARN  server.GrpcLogAppender (LogUtils.java:warn(122)) - omNode-1@group-523986131536->omNode-3-AppendLogResponseHandler: Failed appendEntries: org.apache.ratis.thirdparty.io.grpc.StatusRuntimeException: UNAVAILABLE: io exception
2022-09-29 01:24:46,146 [grpc-default-executor-0] INFO  leader.FollowerInfo (FollowerInfoImpl.java:lambda$new$0(48)) - omNode-1@group-523986131536->omNode-3: nextIndex: updateUnconditionally 117 -> 45
2022-09-29 01:24:46,149 [grpc-default-executor-0] WARN  server.GrpcLogAppender (LogUtils.java:warn(122)) - omNode-1@group-523986131536->omNode-3-AppendLogResponseHandler: Failed appendEntries: org.apache.ratis.thirdparty.io.grpc.StatusRuntimeException: UNAVAILABLE: io exception
2022-09-29 01:24:46,149 [grpc-default-executor-0] INFO  leader.FollowerInfo (FollowerInfoImpl.java:lambda$new$0(48)) - omNode-1@group-523986131536->omNode-3: nextIndex: updateUnconditionally 118 -> 45
2022-09-29 01:24:46,157 [grpc-default-executor-0] WARN  server.GrpcLogAppender (LogUtils.java:warn(122)) - omNode-1@group-523986131536->omNode-3-AppendLogResponseHandler: Failed appendEntries: org.apache.ratis.thirdparty.io.grpc.StatusRuntimeException: UNAVAILABLE: io exception
2022-09-29 01:24:46,157 [grpc-default-executor-0] INFO  leader.FollowerInfo (FollowerInfoImpl.java:lambda$new$0(48)) - omNode-1@group-523986131536->omNode-3: nextIndex: updateUnconditionally 118 -> 45
2022-09-29 01:24:46,158 [grpc-default-executor-0] WARN  server.GrpcLogAppender (LogUtils.java:warn(122)) - omNode-1@group-523986131536->omNode-3-AppendLogResponseHandler: Failed appendEntries: org.apache.ratis.thirdparty.io.grpc.StatusRuntimeException: UNAVAILABLE: io exception
2022-09-29 01:24:46,158 [grpc-default-executor-0] INFO  leader.FollowerInfo (FollowerInfoImpl.java:lambda$new$0(48)) - omNode-1@group-523986131536->omNode-3: nextIndex: updateUnconditionally 118 -> 45
2022-09-29 01:24:46,162 [grpc-default-executor-0] WARN  server.GrpcLogAppender (LogUtils.java:warn(122)) - omNode-1@group-523986131536->omNode-3-AppendLogResponseHandler: Failed appendEntries: org.apache.ratis.thirdparty.io.grpc.StatusRuntimeException: UNAVAILABLE: io exception
2022-09-29 01:24:46,162 [grpc-default-executor-0] INFO  leader.FollowerInfo (FollowerInfoImpl.java:lambda$new$0(48)) - omNode-1@group-523986131536->omNode-3: nextIndex: updateUnconditionally 119 -> 45
2022-09-29 01:24:46,164 [EndpointStateMachine task thread for /0.0.0.0:42241 - 0 ] INFO  ipc.Client (Client.java:handleConnectionFailure(977)) - Retrying connect to server: 0.0.0.0/0.0.0.0:42241. Already tried 9 time(s); retry policy is RetryUpToMaximumCountWithFixedSleep(maxRetries=15, sleepTime=1000 MILLISECONDS)
2022-09-29 01:24:46,168 [grpc-default-executor-2] WARN  server.GrpcLogAppender (LogUtils.java:warn(122)) - omNode-1@group-523986131536->omNode-3-AppendLogResponseHandler: Failed appendEntries: org.apache.ratis.thirdparty.io.grpc.StatusRuntimeException: UNAVAILABLE: io exception
2022-09-29 01:24:46,168 [grpc-default-executor-2] INFO  leader.FollowerInfo (FollowerInfoImpl.java:lambda$new$0(48)) - omNode-1@group-523986131536->omNode-3: nextIndex: updateUnconditionally 119 -> 45
2022-09-29 01:24:46,176 [grpc-default-executor-0] WARN  server.GrpcLogAppender (LogUtils.java:warn(122)) - omNode-1@group-523986131536->omNode-3-AppendLogResponseHandler: Failed appendEntries: org.apache.ratis.thirdparty.io.grpc.StatusRuntimeException: UNAVAILABLE: io exception
2022-09-29 01:24:46,176 [grpc-default-executor-0] INFO  leader.FollowerInfo (FollowerInfoImpl.java:lambda$new$0(48)) - omNode-1@group-523986131536->omNode-3: nextIndex: updateUnconditionally 119 -> 45
2022-09-29 01:24:46,218 [grpc-default-executor-0] WARN  server.GrpcLogAppender (LogUtils.java:warn(122)) - omNode-1@group-523986131536->omNode-3-AppendLogResponseHandler: Failed appendEntries: org.apache.ratis.thirdparty.io.grpc.StatusRuntimeException: UNAVAILABLE: io exception
2022-09-29 01:24:46,218 [grpc-default-executor-0] INFO  leader.FollowerInfo (FollowerInfoImpl.java:lambda$new$0(48)) - omNode-1@group-523986131536->omNode-3: nextIndex: updateUnconditionally 120 -> 45
2022-09-29 01:24:46,231 [grpc-default-executor-0] WARN  server.GrpcLogAppender (LogUtils.java:warn(122)) - omNode-1@group-523986131536->omNode-3-AppendLogResponseHandler: Failed appendEntries: org.apache.ratis.thirdparty.io.grpc.StatusRuntimeException: UNAVAILABLE: io exception
2022-09-29 01:24:46,231 [grpc-default-executor-0] INFO  leader.FollowerInfo (FollowerInfoImpl.java:lambda$new$0(48)) - omNode-1@group-523986131536->omNode-3: nextIndex: updateUnconditionally 120 -> 45
2022-09-29 01:24:46,233 [grpc-default-executor-2] WARN  server.GrpcLogAppender (LogUtils.java:warn(122)) - omNode-1@group-523986131536->omNode-3-AppendLogResponseHandler: Failed appendEntries: org.apache.ratis.thirdparty.io.grpc.StatusRuntimeException: UNAVAILABLE: io exception
2022-09-29 01:24:46,233 [grpc-default-executor-2] INFO  leader.FollowerInfo (FollowerInfoImpl.java:lambda$new$0(48)) - omNode-1@group-523986131536->omNode-3: nextIndex: updateUnconditionally 121 -> 45
2022-09-29 01:24:46,235 [grpc-default-executor-2] WARN  server.GrpcLogAppender (LogUtils.java:warn(122)) - omNode-1@group-523986131536->omNode-3-AppendLogResponseHandler: Failed appendEntries: org.apache.ratis.thirdparty.io.grpc.StatusRuntimeException: UNAVAILABLE: io exception
2022-09-29 01:24:46,235 [grpc-default-executor-2] INFO  leader.FollowerInfo (FollowerInfoImpl.java:lambda$new$0(48)) - omNode-1@group-523986131536->omNode-3: nextIndex: updateUnconditionally 122 -> 45
2022-09-29 01:24:46,242 [grpc-default-executor-0] WARN  server.GrpcLogAppender (LogUtils.java:warn(122)) - omNode-1@group-523986131536->omNode-3-AppendLogResponseHandler: Failed appendEntries: org.apache.ratis.thirdparty.io.grpc.StatusRuntimeException: UNAVAILABLE: io exception
2022-09-29 01:24:46,243 [grpc-default-executor-0] INFO  leader.FollowerInfo (FollowerInfoImpl.java:lambda$new$0(48)) - omNode-1@group-523986131536->omNode-3: nextIndex: updateUnconditionally 122 -> 45
2022-09-29 01:24:46,245 [grpc-default-executor-2] WARN  server.GrpcLogAppender (LogUtils.java:warn(122)) - omNode-1@group-523986131536->omNode-3-AppendLogResponseHandler: Failed appendEntries: org.apache.ratis.thirdparty.io.grpc.StatusRuntimeException: UNAVAILABLE: io exception
2022-09-29 01:24:46,245 [grpc-default-executor-2] INFO  leader.FollowerInfo (FollowerInfoImpl.java:lambda$new$0(48)) - omNode-1@group-523986131536->omNode-3: nextIndex: updateUnconditionally 123 -> 45
2022-09-29 01:24:46,284 [grpc-default-executor-2] WARN  server.GrpcLogAppender (LogUtils.java:warn(122)) - omNode-1@group-523986131536->omNode-3-AppendLogResponseHandler: Failed appendEntries: org.apache.ratis.thirdparty.io.grpc.StatusRuntimeException: UNAVAILABLE: io exception
2022-09-29 01:24:46,285 [grpc-default-executor-2] INFO  leader.FollowerInfo (FollowerInfoImpl.java:lambda$new$0(48)) - omNode-1@group-523986131536->omNode-3: nextIndex: updateUnconditionally 123 -> 45
2022-09-29 01:24:46,287 [grpc-default-executor-2] WARN  server.GrpcLogAppender (LogUtils.java:warn(122)) - omNode-1@group-523986131536->omNode-3-AppendLogResponseHandler: Failed appendEntries: org.apache.ratis.thirdparty.io.grpc.StatusRuntimeException: UNAVAILABLE: io exception
2022-09-29 01:24:46,287 [grpc-default-executor-2] INFO  leader.FollowerInfo (FollowerInfoImpl.java:lambda$new$0(48)) - omNode-1@group-523986131536->omNode-3: nextIndex: updateUnconditionally 124 -> 45
2022-09-29 01:24:46,296 [grpc-default-executor-2] WARN  server.GrpcLogAppender (LogUtils.java:warn(122)) - omNode-1@group-523986131536->omNode-3-AppendLogResponseHandler: Failed appendEntries: org.apache.ratis.thirdparty.io.grpc.StatusRuntimeException: UNAVAILABLE: io exception
2022-09-29 01:24:46,297 [grpc-default-executor-2] INFO  leader.FollowerInfo (FollowerInfoImpl.java:lambda$new$0(48)) - omNode-1@group-523986131536->omNode-3: nextIndex: updateUnconditionally 124 -> 45
2022-09-29 01:24:46,298 [grpc-default-executor-0] WARN  server.GrpcLogAppender (LogUtils.java:warn(122)) - omNode-1@group-523986131536->omNode-3-AppendLogResponseHandler: Failed appendEntries: org.apache.ratis.thirdparty.io.grpc.StatusRuntimeException: UNAVAILABLE: io exception
2022-09-29 01:24:46,298 [grpc-default-executor-0] INFO  leader.FollowerInfo (FollowerInfoImpl.java:lambda$new$0(48)) - omNode-1@group-523986131536->omNode-3: nextIndex: updateUnconditionally 125 -> 45
2022-09-29 01:24:46,300 [grpc-default-executor-2] WARN  server.GrpcLogAppender (LogUtils.java:warn(122)) - omNode-1@group-523986131536->omNode-3-AppendLogResponseHandler: Failed appendEntries: org.apache.ratis.thirdparty.io.grpc.StatusRuntimeException: UNAVAILABLE: io exception
2022-09-29 01:24:46,300 [grpc-default-executor-2] INFO  leader.FollowerInfo (FollowerInfoImpl.java:lambda$new$0(48)) - omNode-1@group-523986131536->omNode-3: nextIndex: updateUnconditionally 125 -> 45
2022-09-29 01:24:46,302 [grpc-default-executor-2] WARN  server.GrpcLogAppender (LogUtils.java:warn(122)) - omNode-1@group-523986131536->omNode-3-AppendLogResponseHandler: Failed appendEntries: org.apache.ratis.thirdparty.io.grpc.StatusRuntimeException: UNAVAILABLE: io exception
2022-09-29 01:24:46,302 [grpc-default-executor-2] INFO  leader.FollowerInfo (FollowerInfoImpl.java:lambda$new$0(48)) - omNode-1@group-523986131536->omNode-3: nextIndex: updateUnconditionally 126 -> 45
2022-09-29 01:24:46,308 [grpc-default-executor-2] WARN  server.GrpcLogAppender (LogUtils.java:warn(122)) - omNode-1@group-523986131536->omNode-3-AppendLogResponseHandler: Failed appendEntries: org.apache.ratis.thirdparty.io.grpc.StatusRuntimeException: UNAVAILABLE: io exception
2022-09-29 01:24:46,308 [grpc-default-executor-2] INFO  leader.FollowerInfo (FollowerInfoImpl.java:lambda$new$0(48)) - omNode-1@group-523986131536->omNode-3: nextIndex: updateUnconditionally 126 -> 45
2022-09-29 01:24:46,309 [grpc-default-executor-0] WARN  server.GrpcLogAppender (LogUtils.java:warn(122)) - omNode-1@group-523986131536->omNode-3-AppendLogResponseHandler: Failed appendEntries: org.apache.ratis.thirdparty.io.grpc.StatusRuntimeException: UNAVAILABLE: io exception
2022-09-29 01:24:46,309 [grpc-default-executor-0] INFO  leader.FollowerInfo (FollowerInfoImpl.java:lambda$new$0(48)) - omNode-1@group-523986131536->omNode-3: nextIndex: updateUnconditionally 127 -> 45
2022-09-29 01:24:46,324 [grpc-default-executor-2] WARN  server.GrpcLogAppender (LogUtils.java:warn(122)) - omNode-1@group-523986131536->omNode-3-AppendLogResponseHandler: Failed appendEntries: org.apache.ratis.thirdparty.io.grpc.StatusRuntimeException: UNAVAILABLE: io exception
2022-09-29 01:24:46,325 [grpc-default-executor-2] INFO  leader.FollowerInfo (FollowerInfoImpl.java:lambda$new$0(48)) - omNode-1@group-523986131536->omNode-3: nextIndex: updateUnconditionally 127 -> 45
2022-09-29 01:24:46,326 [grpc-default-executor-2] WARN  server.GrpcLogAppender (LogUtils.java:warn(122)) - omNode-1@group-523986131536->omNode-3-AppendLogResponseHandler: Failed appendEntries: org.apache.ratis.thirdparty.io.grpc.StatusRuntimeException: UNAVAILABLE: io exception
2022-09-29 01:24:46,326 [grpc-default-executor-2] INFO  leader.FollowerInfo (FollowerInfoImpl.java:lambda$new$0(48)) - omNode-1@group-523986131536->omNode-3: nextIndex: updateUnconditionally 127 -> 45
2022-09-29 01:24:46,341 [grpc-default-executor-2] WARN  server.GrpcLogAppender (LogUtils.java:warn(122)) - omNode-1@group-523986131536->omNode-3-AppendLogResponseHandler: Failed appendEntries: org.apache.ratis.thirdparty.io.grpc.StatusRuntimeException: UNAVAILABLE: io exception
2022-09-29 01:24:46,342 [grpc-default-executor-2] INFO  leader.FollowerInfo (FollowerInfoImpl.java:lambda$new$0(48)) - omNode-1@group-523986131536->omNode-3: nextIndex: updateUnconditionally 128 -> 45
2022-09-29 01:24:46,345 [grpc-default-executor-2] WARN  server.GrpcLogAppender (LogUtils.java:warn(122)) - omNode-1@group-523986131536->omNode-3-AppendLogResponseHandler: Failed appendEntries: org.apache.ratis.thirdparty.io.grpc.StatusRuntimeException: UNAVAILABLE: io exception
2022-09-29 01:24:46,345 [grpc-default-executor-2] INFO  leader.FollowerInfo (FollowerInfoImpl.java:lambda$new$0(48)) - omNode-1@group-523986131536->omNode-3: nextIndex: updateUnconditionally 128 -> 45
2022-09-29 01:24:46,347 [grpc-default-executor-2] WARN  server.GrpcLogAppender (LogUtils.java:warn(122)) - omNode-1@group-523986131536->omNode-3-AppendLogResponseHandler: Failed appendEntries: org.apache.ratis.thirdparty.io.grpc.StatusRuntimeException: UNAVAILABLE: io exception
2022-09-29 01:24:46,348 [grpc-default-executor-2] INFO  leader.FollowerInfo (FollowerInfoImpl.java:lambda$new$0(48)) - omNode-1@group-523986131536->omNode-3: nextIndex: updateUnconditionally 129 -> 45
2022-09-29 01:24:46,350 [grpc-default-executor-2] WARN  server.GrpcLogAppender (LogUtils.java:warn(122)) - omNode-1@group-523986131536->omNode-3-AppendLogResponseHandler: Failed appendEntries: org.apache.ratis.thirdparty.io.grpc.StatusRuntimeException: UNAVAILABLE: io exception
2022-09-29 01:24:46,350 [grpc-default-executor-2] INFO  leader.FollowerInfo (FollowerInfoImpl.java:lambda$new$0(48)) - omNode-1@group-523986131536->omNode-3: nextIndex: updateUnconditionally 130 -> 45
2022-09-29 01:24:46,357 [grpc-default-executor-2] WARN  server.GrpcLogAppender (LogUtils.java:warn(122)) - omNode-1@group-523986131536->omNode-3-AppendLogResponseHandler: Failed appendEntries: org.apache.ratis.thirdparty.io.grpc.StatusRuntimeException: UNAVAILABLE: io exception
2022-09-29 01:24:46,357 [grpc-default-executor-2] INFO  leader.FollowerInfo (FollowerInfoImpl.java:lambda$new$0(48)) - omNode-1@group-523986131536->omNode-3: nextIndex: updateUnconditionally 130 -> 45
2022-09-29 01:24:46,358 [grpc-default-executor-2] WARN  server.GrpcLogAppender (LogUtils.java:warn(122)) - omNode-1@group-523986131536->omNode-3-AppendLogResponseHandler: Failed appendEntries: org.apache.ratis.thirdparty.io.grpc.StatusRuntimeException: UNAVAILABLE: io exception
2022-09-29 01:24:46,358 [grpc-default-executor-2] INFO  leader.FollowerInfo (FollowerInfoImpl.java:lambda$new$0(48)) - omNode-1@group-523986131536->omNode-3: nextIndex: updateUnconditionally 130 -> 45
2022-09-29 01:24:46,360 [grpc-default-executor-2] WARN  server.GrpcLogAppender (LogUtils.java:warn(122)) - omNode-1@group-523986131536->omNode-3-AppendLogResponseHandler: Failed appendEntries: org.apache.ratis.thirdparty.io.grpc.StatusRuntimeException: UNAVAILABLE: io exception
2022-09-29 01:24:46,360 [grpc-default-executor-2] INFO  leader.FollowerInfo (FollowerInfoImpl.java:lambda$new$0(48)) - omNode-1@group-523986131536->omNode-3: nextIndex: updateUnconditionally 131 -> 45
2022-09-29 01:24:46,376 [grpc-default-executor-2] WARN  server.GrpcLogAppender (LogUtils.java:warn(122)) - omNode-1@group-523986131536->omNode-3-AppendLogResponseHandler: Failed appendEntries: org.apache.ratis.thirdparty.io.grpc.StatusRuntimeException: UNAVAILABLE: io exception
2022-09-29 01:24:46,377 [grpc-default-executor-2] INFO  leader.FollowerInfo (FollowerInfoImpl.java:lambda$new$0(48)) - omNode-1@group-523986131536->omNode-3: nextIndex: updateUnconditionally 132 -> 45
2022-09-29 01:24:46,385 [grpc-default-executor-2] WARN  server.GrpcLogAppender (LogUtils.java:warn(122)) - omNode-1@group-523986131536->omNode-3-AppendLogResponseHandler: Failed appendEntries: org.apache.ratis.thirdparty.io.grpc.StatusRuntimeException: UNAVAILABLE: io exception
2022-09-29 01:24:46,385 [grpc-default-executor-2] INFO  leader.FollowerInfo (FollowerInfoImpl.java:lambda$new$0(48)) - omNode-1@group-523986131536->omNode-3: nextIndex: updateUnconditionally 132 -> 45
2022-09-29 01:24:46,388 [grpc-default-executor-2] WARN  server.GrpcLogAppender (LogUtils.java:warn(122)) - omNode-1@group-523986131536->omNode-3-AppendLogResponseHandler: Failed appendEntries: org.apache.ratis.thirdparty.io.grpc.StatusRuntimeException: UNAVAILABLE: io exception
2022-09-29 01:24:46,388 [grpc-default-executor-2] INFO  leader.FollowerInfo (FollowerInfoImpl.java:lambda$new$0(48)) - omNode-1@group-523986131536->omNode-3: nextIndex: updateUnconditionally 133 -> 45
2022-09-29 01:24:46,402 [grpc-default-executor-0] WARN  server.GrpcLogAppender (LogUtils.java:warn(122)) - omNode-1@group-523986131536->omNode-3-AppendLogResponseHandler: Failed appendEntries: org.apache.ratis.thirdparty.io.grpc.StatusRuntimeException: UNAVAILABLE: io exception
2022-09-29 01:24:46,403 [grpc-default-executor-0] INFO  leader.FollowerInfo (FollowerInfoImpl.java:lambda$new$0(48)) - omNode-1@group-523986131536->omNode-3: nextIndex: updateUnconditionally 134 -> 45
2022-09-29 01:24:46,408 [grpc-default-executor-0] WARN  server.GrpcLogAppender (LogUtils.java:warn(122)) - omNode-1@group-523986131536->omNode-3-AppendLogResponseHandler: Failed appendEntries: org.apache.ratis.thirdparty.io.grpc.StatusRuntimeException: UNAVAILABLE: io exception
2022-09-29 01:24:46,408 [grpc-default-executor-0] INFO  leader.FollowerInfo (FollowerInfoImpl.java:lambda$new$0(48)) - omNode-1@group-523986131536->omNode-3: nextIndex: updateUnconditionally 134 -> 45
2022-09-29 01:24:46,416 [grpc-default-executor-0] WARN  server.GrpcLogAppender (LogUtils.java:warn(122)) - omNode-1@group-523986131536->omNode-3-AppendLogResponseHandler: Failed appendEntries: org.apache.ratis.thirdparty.io.grpc.StatusRuntimeException: UNAVAILABLE: io exception
2022-09-29 01:24:46,417 [grpc-default-executor-0] INFO  leader.FollowerInfo (FollowerInfoImpl.java:lambda$new$0(48)) - omNode-1@group-523986131536->omNode-3: nextIndex: updateUnconditionally 135 -> 45
2022-09-29 01:24:46,468 [grpc-default-executor-0] WARN  server.GrpcLogAppender (LogUtils.java:warn(122)) - omNode-1@group-523986131536->omNode-3-AppendLogResponseHandler: Failed appendEntries: org.apache.ratis.thirdparty.io.grpc.StatusRuntimeException: UNAVAILABLE: io exception
2022-09-29 01:24:46,468 [grpc-default-executor-0] INFO  leader.FollowerInfo (FollowerInfoImpl.java:lambda$new$0(48)) - omNode-1@group-523986131536->omNode-3: nextIndex: updateUnconditionally 135 -> 45
2022-09-29 01:24:46,472 [grpc-default-executor-2] WARN  server.GrpcLogAppender (LogUtils.java:warn(122)) - omNode-1@group-523986131536->omNode-3-AppendLogResponseHandler: Failed appendEntries: org.apache.ratis.thirdparty.io.grpc.StatusRuntimeException: UNAVAILABLE: io exception
2022-09-29 01:24:46,472 [grpc-default-executor-2] INFO  leader.FollowerInfo (FollowerInfoImpl.java:lambda$new$0(48)) - omNode-1@group-523986131536->omNode-3: nextIndex: updateUnconditionally 136 -> 45
2022-09-29 01:24:46,487 [grpc-default-executor-2] WARN  server.GrpcLogAppender (LogUtils.java:warn(122)) - omNode-1@group-523986131536->omNode-3-AppendLogResponseHandler: Failed appendEntries: org.apache.ratis.thirdparty.io.grpc.StatusRuntimeException: UNAVAILABLE: io exception
2022-09-29 01:24:46,487 [grpc-default-executor-2] INFO  leader.FollowerInfo (FollowerInfoImpl.java:lambda$new$0(48)) - omNode-1@group-523986131536->omNode-3: nextIndex: updateUnconditionally 136 -> 45
2022-09-29 01:24:46,490 [grpc-default-executor-2] WARN  server.GrpcLogAppender (LogUtils.java:warn(122)) - omNode-1@group-523986131536->omNode-3-AppendLogResponseHandler: Failed appendEntries: org.apache.ratis.thirdparty.io.grpc.StatusRuntimeException: UNAVAILABLE: io exception
2022-09-29 01:24:46,491 [grpc-default-executor-2] INFO  leader.FollowerInfo (FollowerInfoImpl.java:lambda$new$0(48)) - omNode-1@group-523986131536->omNode-3: nextIndex: updateUnconditionally 138 -> 45
2022-09-29 01:24:46,492 [grpc-default-executor-0] WARN  server.GrpcLogAppender (LogUtils.java:warn(122)) - omNode-1@group-523986131536->omNode-3-AppendLogResponseHandler: Failed appendEntries: org.apache.ratis.thirdparty.io.grpc.StatusRuntimeException: UNAVAILABLE: io exception
2022-09-29 01:24:46,492 [grpc-default-executor-0] INFO  leader.FollowerInfo (FollowerInfoImpl.java:lambda$new$0(48)) - omNode-1@group-523986131536->omNode-3: nextIndex: updateUnconditionally 139 -> 45
2022-09-29 01:24:46,529 [grpc-default-executor-2] WARN  server.GrpcLogAppender (LogUtils.java:warn(122)) - omNode-1@group-523986131536->omNode-3-AppendLogResponseHandler: Failed appendEntries: org.apache.ratis.thirdparty.io.grpc.StatusRuntimeException: UNAVAILABLE: io exception
2022-09-29 01:24:46,529 [grpc-default-executor-2] INFO  leader.FollowerInfo (FollowerInfoImpl.java:lambda$new$0(48)) - omNode-1@group-523986131536->omNode-3: nextIndex: updateUnconditionally 139 -> 45
2022-09-29 01:24:46,533 [grpc-default-executor-0] WARN  server.GrpcLogAppender (LogUtils.java:warn(122)) - omNode-1@group-523986131536->omNode-3-AppendLogResponseHandler: Failed appendEntries: org.apache.ratis.thirdparty.io.grpc.StatusRuntimeException: UNAVAILABLE: io exception
2022-09-29 01:24:46,534 [grpc-default-executor-0] INFO  leader.FollowerInfo (FollowerInfoImpl.java:lambda$new$0(48)) - omNode-1@group-523986131536->omNode-3: nextIndex: updateUnconditionally 140 -> 45
2022-09-29 01:24:46,540 [grpc-default-executor-0] WARN  server.GrpcLogAppender (LogUtils.java:warn(122)) - omNode-1@group-523986131536->omNode-3-AppendLogResponseHandler: Failed appendEntries: org.apache.ratis.thirdparty.io.grpc.StatusRuntimeException: UNAVAILABLE: io exception
2022-09-29 01:24:46,541 [grpc-default-executor-0] INFO  leader.FollowerInfo (FollowerInfoImpl.java:lambda$new$0(48)) - omNode-1@group-523986131536->omNode-3: nextIndex: updateUnconditionally 140 -> 45
2022-09-29 01:24:46,546 [grpc-default-executor-2] WARN  server.GrpcLogAppender (LogUtils.java:warn(122)) - omNode-1@group-523986131536->omNode-3-AppendLogResponseHandler: Failed appendEntries: org.apache.ratis.thirdparty.io.grpc.StatusRuntimeException: UNAVAILABLE: io exception
2022-09-29 01:24:46,548 [grpc-default-executor-2] INFO  leader.FollowerInfo (FollowerInfoImpl.java:lambda$new$0(48)) - omNode-1@group-523986131536->omNode-3: nextIndex: updateUnconditionally 141 -> 45
2022-09-29 01:24:46,553 [grpc-default-executor-0] WARN  server.GrpcLogAppender (LogUtils.java:warn(122)) - omNode-1@group-523986131536->omNode-3-AppendLogResponseHandler: Failed appendEntries: org.apache.ratis.thirdparty.io.grpc.StatusRuntimeException: UNAVAILABLE: io exception
2022-09-29 01:24:46,554 [grpc-default-executor-0] INFO  leader.FollowerInfo (FollowerInfoImpl.java:lambda$new$0(48)) - omNode-1@group-523986131536->omNode-3: nextIndex: updateUnconditionally 142 -> 45
2022-09-29 01:24:46,560 [grpc-default-executor-2] WARN  server.GrpcLogAppender (LogUtils.java:warn(122)) - omNode-1@group-523986131536->omNode-3-AppendLogResponseHandler: Failed appendEntries: org.apache.ratis.thirdparty.io.grpc.StatusRuntimeException: UNAVAILABLE: io exception
2022-09-29 01:24:46,560 [grpc-default-executor-2] INFO  leader.FollowerInfo (FollowerInfoImpl.java:lambda$new$0(48)) - omNode-1@group-523986131536->omNode-3: nextIndex: updateUnconditionally 142 -> 45
2022-09-29 01:24:46,571 [grpc-default-executor-2] WARN  server.GrpcLogAppender (LogUtils.java:warn(122)) - omNode-1@group-523986131536->omNode-3-AppendLogResponseHandler: Failed appendEntries: org.apache.ratis.thirdparty.io.grpc.StatusRuntimeException: UNAVAILABLE: io exception
2022-09-29 01:24:46,572 [grpc-default-executor-2] INFO  leader.FollowerInfo (FollowerInfoImpl.java:lambda$new$0(48)) - omNode-1@group-523986131536->omNode-3: nextIndex: updateUnconditionally 143 -> 45
2022-09-29 01:24:46,591 [grpc-default-executor-2] WARN  server.GrpcLogAppender (LogUtils.java:warn(122)) - omNode-1@group-523986131536->omNode-3-AppendLogResponseHandler: Failed appendEntries: org.apache.ratis.thirdparty.io.grpc.StatusRuntimeException: UNAVAILABLE: io exception
2022-09-29 01:24:46,591 [grpc-default-executor-2] INFO  leader.FollowerInfo (FollowerInfoImpl.java:lambda$new$0(48)) - omNode-1@group-523986131536->omNode-3: nextIndex: updateUnconditionally 143 -> 45
2022-09-29 01:24:46,598 [grpc-default-executor-0] WARN  server.GrpcLogAppender (LogUtils.java:warn(122)) - omNode-1@group-523986131536->omNode-3-AppendLogResponseHandler: Failed appendEntries: org.apache.ratis.thirdparty.io.grpc.StatusRuntimeException: UNAVAILABLE: io exception
2022-09-29 01:24:46,598 [grpc-default-executor-0] INFO  leader.FollowerInfo (FollowerInfoImpl.java:lambda$new$0(48)) - omNode-1@group-523986131536->omNode-3: nextIndex: updateUnconditionally 144 -> 45
2022-09-29 01:24:46,605 [grpc-default-executor-0] WARN  server.GrpcLogAppender (LogUtils.java:warn(122)) - omNode-1@group-523986131536->omNode-3-AppendLogResponseHandler: Failed appendEntries: org.apache.ratis.thirdparty.io.grpc.StatusRuntimeException: UNAVAILABLE: io exception
2022-09-29 01:24:46,605 [grpc-default-executor-0] INFO  leader.FollowerInfo (FollowerInfoImpl.java:lambda$new$0(48)) - omNode-1@group-523986131536->omNode-3: nextIndex: updateUnconditionally 144 -> 45
2022-09-29 01:24:46,609 [grpc-default-executor-0] WARN  server.GrpcLogAppender (LogUtils.java:warn(122)) - omNode-1@group-523986131536->omNode-3-AppendLogResponseHandler: Failed appendEntries: org.apache.ratis.thirdparty.io.grpc.StatusRuntimeException: UNAVAILABLE: io exception
2022-09-29 01:24:46,609 [grpc-default-executor-0] INFO  leader.FollowerInfo (FollowerInfoImpl.java:lambda$new$0(48)) - omNode-1@group-523986131536->omNode-3: nextIndex: updateUnconditionally 146 -> 45
2022-09-29 01:24:46,617 [grpc-default-executor-2] WARN  server.GrpcLogAppender (LogUtils.java:warn(122)) - omNode-1@group-523986131536->omNode-3-AppendLogResponseHandler: Failed appendEntries: org.apache.ratis.thirdparty.io.grpc.StatusRuntimeException: UNAVAILABLE: io exception
2022-09-29 01:24:46,617 [grpc-default-executor-2] INFO  leader.FollowerInfo (FollowerInfoImpl.java:lambda$new$0(48)) - omNode-1@group-523986131536->omNode-3: nextIndex: updateUnconditionally 146 -> 45
2022-09-29 01:24:46,622 [grpc-default-executor-2] WARN  server.GrpcLogAppender (LogUtils.java:warn(122)) - omNode-1@group-523986131536->omNode-3-AppendLogResponseHandler: Failed appendEntries: org.apache.ratis.thirdparty.io.grpc.StatusRuntimeException: UNAVAILABLE: io exception
2022-09-29 01:24:46,622 [grpc-default-executor-2] INFO  leader.FollowerInfo (FollowerInfoImpl.java:lambda$new$0(48)) - omNode-1@group-523986131536->omNode-3: nextIndex: updateUnconditionally 147 -> 45
2022-09-29 01:24:46,627 [grpc-default-executor-0] WARN  server.GrpcLogAppender (LogUtils.java:warn(122)) - omNode-1@group-523986131536->omNode-3-AppendLogResponseHandler: Failed appendEntries: org.apache.ratis.thirdparty.io.grpc.StatusRuntimeException: UNAVAILABLE: io exception
2022-09-29 01:24:46,628 [grpc-default-executor-0] INFO  leader.FollowerInfo (FollowerInfoImpl.java:lambda$new$0(48)) - omNode-1@group-523986131536->omNode-3: nextIndex: updateUnconditionally 147 -> 45
2022-09-29 01:24:46,631 [grpc-default-executor-0] WARN  server.GrpcLogAppender (LogUtils.java:warn(122)) - omNode-1@group-523986131536->omNode-3-AppendLogResponseHandler: Failed appendEntries: org.apache.ratis.thirdparty.io.grpc.StatusRuntimeException: UNAVAILABLE: io exception
2022-09-29 01:24:46,631 [grpc-default-executor-0] INFO  leader.FollowerInfo (FollowerInfoImpl.java:lambda$new$0(48)) - omNode-1@group-523986131536->omNode-3: nextIndex: updateUnconditionally 147 -> 45
2022-09-29 01:24:46,642 [grpc-default-executor-2] WARN  server.GrpcLogAppender (LogUtils.java:warn(122)) - omNode-1@group-523986131536->omNode-3-AppendLogResponseHandler: Failed appendEntries: org.apache.ratis.thirdparty.io.grpc.StatusRuntimeException: UNAVAILABLE: io exception
2022-09-29 01:24:46,642 [grpc-default-executor-2] INFO  leader.FollowerInfo (FollowerInfoImpl.java:lambda$new$0(48)) - omNode-1@group-523986131536->omNode-3: nextIndex: updateUnconditionally 148 -> 45
2022-09-29 01:24:46,654 [grpc-default-executor-2] WARN  server.GrpcLogAppender (LogUtils.java:warn(122)) - omNode-1@group-523986131536->omNode-3-AppendLogResponseHandler: Failed appendEntries: org.apache.ratis.thirdparty.io.grpc.StatusRuntimeException: UNAVAILABLE: io exception
2022-09-29 01:24:46,654 [grpc-default-executor-2] INFO  leader.FollowerInfo (FollowerInfoImpl.java:lambda$new$0(48)) - omNode-1@group-523986131536->omNode-3: nextIndex: updateUnconditionally 148 -> 45
2022-09-29 01:24:46,656 [grpc-default-executor-2] WARN  server.GrpcLogAppender (LogUtils.java:warn(122)) - omNode-1@group-523986131536->omNode-3-AppendLogResponseHandler: Failed appendEntries: org.apache.ratis.thirdparty.io.grpc.StatusRuntimeException: UNAVAILABLE: io exception
2022-09-29 01:24:46,656 [grpc-default-executor-2] INFO  leader.FollowerInfo (FollowerInfoImpl.java:lambda$new$0(48)) - omNode-1@group-523986131536->omNode-3: nextIndex: updateUnconditionally 150 -> 45
2022-09-29 01:24:46,665 [grpc-default-executor-2] WARN  server.GrpcLogAppender (LogUtils.java:warn(122)) - omNode-1@group-523986131536->omNode-3-AppendLogResponseHandler: Failed appendEntries: org.apache.ratis.thirdparty.io.grpc.StatusRuntimeException: UNAVAILABLE: io exception
2022-09-29 01:24:46,665 [grpc-default-executor-2] INFO  leader.FollowerInfo (FollowerInfoImpl.java:lambda$new$0(48)) - omNode-1@group-523986131536->omNode-3: nextIndex: updateUnconditionally 150 -> 45
2022-09-29 01:24:46,667 [grpc-default-executor-2] WARN  server.GrpcLogAppender (LogUtils.java:warn(122)) - omNode-1@group-523986131536->omNode-3-AppendLogResponseHandler: Failed appendEntries: org.apache.ratis.thirdparty.io.grpc.StatusRuntimeException: UNAVAILABLE: io exception
2022-09-29 01:24:46,667 [grpc-default-executor-2] INFO  leader.FollowerInfo (FollowerInfoImpl.java:lambda$new$0(48)) - omNode-1@group-523986131536->omNode-3: nextIndex: updateUnconditionally 151 -> 45
2022-09-29 01:24:46,680 [grpc-default-executor-2] WARN  server.GrpcLogAppender (LogUtils.java:warn(122)) - omNode-1@group-523986131536->omNode-3-AppendLogResponseHandler: Failed appendEntries: org.apache.ratis.thirdparty.io.grpc.StatusRuntimeException: UNAVAILABLE: io exception
2022-09-29 01:24:46,680 [omNode-1@group-523986131536-StateMachineUpdater] INFO  ratis.OzoneManagerStateMachine (OzoneManagerStateMachine.java:takeSnapshot(441)) - Current Snapshot Index (t:2, i:150)
2022-09-29 01:24:46,681 [omNode-1@group-523986131536-StateMachineUpdater] INFO  impl.StateMachineUpdater (StateMachineUpdater.java:takeSnapshot(287)) - omNode-1@group-523986131536-StateMachineUpdater: Took a snapshot at index 150
2022-09-29 01:24:46,681 [omNode-1@group-523986131536-StateMachineUpdater] INFO  impl.StateMachineUpdater (StateMachineUpdater.java:lambda$new$0(92)) - omNode-1@group-523986131536-StateMachineUpdater: snapshotIndex: updateIncreasingly 100 -> 150
2022-09-29 01:24:46,681 [omNode-1@group-523986131536-StateMachineUpdater] INFO  raftlog.RaftLog (RaftLogBase.java:purge(308)) - omNode-1@group-523986131536-SegmentedRaftLog: purge 150
2022-09-29 01:24:46,681 [omNode-1@group-523986131536-StateMachineUpdater] INFO  raftlog.RaftLog (RaftLogBase.java:lambda$new$0(53)) - omNode-1@group-523986131536-SegmentedRaftLog: snapshotIndex: updateIncreasingly 100 -> 150
2022-09-29 01:24:46,681 [omNode-1@group-523986131536-StateMachineUpdater] INFO  raftlog.RaftLog (RaftLogBase.java:lambda$new$0(53)) - omNode-1@group-523986131536-SegmentedRaftLog: purgeIndex: updateToMax old=100, new=150, updated? true
2022-09-29 01:24:46,681 [grpc-default-executor-2] INFO  leader.FollowerInfo (FollowerInfoImpl.java:lambda$new$0(48)) - omNode-1@group-523986131536->omNode-3: nextIndex: updateUnconditionally 151 -> 45
2022-09-29 01:24:46,693 [grpc-default-executor-0] WARN  server.GrpcLogAppender (LogUtils.java:warn(122)) - omNode-1@group-523986131536->omNode-3-AppendLogResponseHandler: Failed appendEntries: org.apache.ratis.thirdparty.io.grpc.StatusRuntimeException: UNAVAILABLE: io exception
2022-09-29 01:24:46,693 [grpc-default-executor-0] INFO  leader.FollowerInfo (FollowerInfoImpl.java:lambda$new$0(48)) - omNode-1@group-523986131536->omNode-3: nextIndex: updateUnconditionally 152 -> 45
2022-09-29 01:24:46,696 [omNode-2@group-523986131536-StateMachineUpdater] INFO  ratis.OzoneManagerStateMachine (OzoneManagerStateMachine.java:takeSnapshot(441)) - Current Snapshot Index (t:2, i:150)
2022-09-29 01:24:46,696 [omNode-2@group-523986131536-StateMachineUpdater] INFO  impl.StateMachineUpdater (StateMachineUpdater.java:takeSnapshot(287)) - omNode-2@group-523986131536-StateMachineUpdater: Took a snapshot at index 150
2022-09-29 01:24:46,696 [omNode-2@group-523986131536-StateMachineUpdater] INFO  impl.StateMachineUpdater (StateMachineUpdater.java:lambda$new$0(92)) - omNode-2@group-523986131536-StateMachineUpdater: snapshotIndex: updateIncreasingly 100 -> 150
2022-09-29 01:24:46,696 [omNode-2@group-523986131536-StateMachineUpdater] INFO  raftlog.RaftLog (RaftLogBase.java:purge(308)) - omNode-2@group-523986131536-SegmentedRaftLog: purge 150
2022-09-29 01:24:46,696 [omNode-2@group-523986131536-StateMachineUpdater] INFO  raftlog.RaftLog (RaftLogBase.java:lambda$new$0(53)) - omNode-2@group-523986131536-SegmentedRaftLog: snapshotIndex: updateIncreasingly 100 -> 150
2022-09-29 01:24:46,696 [omNode-2@group-523986131536-StateMachineUpdater] INFO  raftlog.RaftLog (RaftLogBase.java:lambda$new$0(53)) - omNode-2@group-523986131536-SegmentedRaftLog: purgeIndex: updateToMax old=100, new=150, updated? true
2022-09-29 01:24:46,697 [grpc-default-executor-0] WARN  server.GrpcLogAppender (LogUtils.java:warn(122)) - omNode-1@group-523986131536->omNode-3-AppendLogResponseHandler: Failed appendEntries: org.apache.ratis.thirdparty.io.grpc.StatusRuntimeException: UNAVAILABLE: io exception
2022-09-29 01:24:46,697 [grpc-default-executor-0] INFO  leader.FollowerInfo (FollowerInfoImpl.java:lambda$new$0(48)) - omNode-1@group-523986131536->omNode-3: nextIndex: updateUnconditionally 153 -> 45
2022-09-29 01:24:46,701 [grpc-default-executor-0] WARN  server.GrpcLogAppender (LogUtils.java:warn(122)) - omNode-1@group-523986131536->omNode-3-AppendLogResponseHandler: Failed appendEntries: org.apache.ratis.thirdparty.io.grpc.StatusRuntimeException: UNAVAILABLE: io exception
2022-09-29 01:24:46,701 [grpc-default-executor-0] INFO  leader.FollowerInfo (FollowerInfoImpl.java:lambda$new$0(48)) - omNode-1@group-523986131536->omNode-3: nextIndex: updateUnconditionally 154 -> 45
2022-09-29 01:24:46,716 [grpc-default-executor-0] WARN  server.GrpcLogAppender (LogUtils.java:warn(122)) - omNode-1@group-523986131536->omNode-3-AppendLogResponseHandler: Failed appendEntries: org.apache.ratis.thirdparty.io.grpc.StatusRuntimeException: UNAVAILABLE: io exception
2022-09-29 01:24:46,716 [grpc-default-executor-0] INFO  leader.FollowerInfo (FollowerInfoImpl.java:lambda$new$0(48)) - omNode-1@group-523986131536->omNode-3: nextIndex: updateUnconditionally 154 -> 45
2022-09-29 01:24:46,726 [grpc-default-executor-2] WARN  server.GrpcLogAppender (LogUtils.java:warn(122)) - omNode-1@group-523986131536->omNode-3-AppendLogResponseHandler: Failed appendEntries: org.apache.ratis.thirdparty.io.grpc.StatusRuntimeException: UNAVAILABLE: io exception
2022-09-29 01:24:46,727 [grpc-default-executor-2] INFO  leader.FollowerInfo (FollowerInfoImpl.java:lambda$new$0(48)) - omNode-1@group-523986131536->omNode-3: nextIndex: updateUnconditionally 155 -> 45
2022-09-29 01:24:46,730 [grpc-default-executor-3] WARN  server.GrpcLogAppender (LogUtils.java:warn(122)) - omNode-1@group-523986131536->omNode-3-AppendLogResponseHandler: Failed appendEntries: org.apache.ratis.thirdparty.io.grpc.StatusRuntimeException: UNAVAILABLE: io exception
2022-09-29 01:24:46,730 [grpc-default-executor-3] INFO  leader.FollowerInfo (FollowerInfoImpl.java:lambda$new$0(48)) - omNode-1@group-523986131536->omNode-3: nextIndex: updateUnconditionally 156 -> 45
2022-09-29 01:24:46,746 [grpc-default-executor-2] WARN  server.GrpcLogAppender (LogUtils.java:warn(122)) - omNode-1@group-523986131536->omNode-3-AppendLogResponseHandler: Failed appendEntries: org.apache.ratis.thirdparty.io.grpc.StatusRuntimeException: UNAVAILABLE: io exception
2022-09-29 01:24:46,747 [grpc-default-executor-2] INFO  leader.FollowerInfo (FollowerInfoImpl.java:lambda$new$0(48)) - omNode-1@group-523986131536->omNode-3: nextIndex: updateUnconditionally 156 -> 45
2022-09-29 01:24:46,753 [grpc-default-executor-2] WARN  server.GrpcLogAppender (LogUtils.java:warn(122)) - omNode-1@group-523986131536->omNode-3-AppendLogResponseHandler: Failed appendEntries: org.apache.ratis.thirdparty.io.grpc.StatusRuntimeException: UNAVAILABLE: io exception
2022-09-29 01:24:46,753 [grpc-default-executor-2] INFO  leader.FollowerInfo (FollowerInfoImpl.java:lambda$new$0(48)) - omNode-1@group-523986131536->omNode-3: nextIndex: updateUnconditionally 158 -> 45
2022-09-29 01:24:46,763 [grpc-default-executor-2] WARN  server.GrpcLogAppender (LogUtils.java:warn(122)) - omNode-1@group-523986131536->omNode-3-AppendLogResponseHandler: Failed appendEntries: org.apache.ratis.thirdparty.io.grpc.StatusRuntimeException: UNAVAILABLE: io exception
2022-09-29 01:24:46,763 [grpc-default-executor-2] INFO  leader.FollowerInfo (FollowerInfoImpl.java:lambda$new$0(48)) - omNode-1@group-523986131536->omNode-3: nextIndex: updateUnconditionally 158 -> 45
2022-09-29 01:24:46,775 [grpc-default-executor-3] WARN  server.GrpcLogAppender (LogUtils.java:warn(122)) - omNode-1@group-523986131536->omNode-3-AppendLogResponseHandler: Failed appendEntries: org.apache.ratis.thirdparty.io.grpc.StatusRuntimeException: UNAVAILABLE: io exception
2022-09-29 01:24:46,775 [grpc-default-executor-3] INFO  leader.FollowerInfo (FollowerInfoImpl.java:lambda$new$0(48)) - omNode-1@group-523986131536->omNode-3: nextIndex: updateUnconditionally 159 -> 45
2022-09-29 01:24:46,778 [grpc-default-executor-2] WARN  server.GrpcLogAppender (LogUtils.java:warn(122)) - omNode-1@group-523986131536->omNode-3-AppendLogResponseHandler: Failed appendEntries: org.apache.ratis.thirdparty.io.grpc.StatusRuntimeException: UNAVAILABLE: io exception
2022-09-29 01:24:46,778 [grpc-default-executor-2] INFO  leader.FollowerInfo (FollowerInfoImpl.java:lambda$new$0(48)) - omNode-1@group-523986131536->omNode-3: nextIndex: updateUnconditionally 160 -> 45
2022-09-29 01:24:46,792 [grpc-default-executor-2] WARN  server.GrpcLogAppender (LogUtils.java:warn(122)) - omNode-1@group-523986131536->omNode-3-AppendLogResponseHandler: Failed appendEntries: org.apache.ratis.thirdparty.io.grpc.StatusRuntimeException: UNAVAILABLE: io exception
2022-09-29 01:24:46,793 [grpc-default-executor-2] INFO  leader.FollowerInfo (FollowerInfoImpl.java:lambda$new$0(48)) - omNode-1@group-523986131536->omNode-3: nextIndex: updateUnconditionally 160 -> 45
2022-09-29 01:24:46,795 [grpc-default-executor-2] WARN  server.GrpcLogAppender (LogUtils.java:warn(122)) - omNode-1@group-523986131536->omNode-3-AppendLogResponseHandler: Failed appendEntries: org.apache.ratis.thirdparty.io.grpc.StatusRuntimeException: UNAVAILABLE: io exception
2022-09-29 01:24:46,796 [grpc-default-executor-2] INFO  leader.FollowerInfo (FollowerInfoImpl.java:lambda$new$0(48)) - omNode-1@group-523986131536->omNode-3: nextIndex: updateUnconditionally 162 -> 45
2022-09-29 01:24:46,805 [grpc-default-executor-2] WARN  server.GrpcLogAppender (LogUtils.java:warn(122)) - omNode-1@group-523986131536->omNode-3-AppendLogResponseHandler: Failed appendEntries: org.apache.ratis.thirdparty.io.grpc.StatusRuntimeException: UNAVAILABLE: io exception
2022-09-29 01:24:46,806 [grpc-default-executor-2] INFO  leader.FollowerInfo (FollowerInfoImpl.java:lambda$new$0(48)) - omNode-1@group-523986131536->omNode-3: nextIndex: updateUnconditionally 162 -> 45
2022-09-29 01:24:46,815 [grpc-default-executor-2] WARN  server.GrpcLogAppender (LogUtils.java:warn(122)) - omNode-1@group-523986131536->omNode-3-AppendLogResponseHandler: Failed appendEntries: org.apache.ratis.thirdparty.io.grpc.StatusRuntimeException: UNAVAILABLE: io exception
2022-09-29 01:24:46,815 [grpc-default-executor-2] INFO  leader.FollowerInfo (FollowerInfoImpl.java:lambda$new$0(48)) - omNode-1@group-523986131536->omNode-3: nextIndex: updateUnconditionally 163 -> 45
2022-09-29 01:24:46,826 [grpc-default-executor-2] WARN  server.GrpcLogAppender (LogUtils.java:warn(122)) - omNode-1@group-523986131536->omNode-3-AppendLogResponseHandler: Failed appendEntries: org.apache.ratis.thirdparty.io.grpc.StatusRuntimeException: UNAVAILABLE: io exception
2022-09-29 01:24:46,826 [grpc-default-executor-2] INFO  leader.FollowerInfo (FollowerInfoImpl.java:lambda$new$0(48)) - omNode-1@group-523986131536->omNode-3: nextIndex: updateUnconditionally 163 -> 45
2022-09-29 01:24:46,843 [grpc-default-executor-3] WARN  server.GrpcLogAppender (LogUtils.java:warn(122)) - omNode-1@group-523986131536->omNode-3-AppendLogResponseHandler: Failed appendEntries: org.apache.ratis.thirdparty.io.grpc.StatusRuntimeException: UNAVAILABLE: io exception
2022-09-29 01:24:46,843 [grpc-default-executor-3] INFO  leader.FollowerInfo (FollowerInfoImpl.java:lambda$new$0(48)) - omNode-1@group-523986131536->omNode-3: nextIndex: updateUnconditionally 164 -> 45
2022-09-29 01:24:46,850 [grpc-default-executor-3] WARN  server.GrpcLogAppender (LogUtils.java:warn(122)) - omNode-1@group-523986131536->omNode-3-AppendLogResponseHandler: Failed appendEntries: org.apache.ratis.thirdparty.io.grpc.StatusRuntimeException: UNAVAILABLE: io exception
2022-09-29 01:24:46,851 [grpc-default-executor-3] INFO  leader.FollowerInfo (FollowerInfoImpl.java:lambda$new$0(48)) - omNode-1@group-523986131536->omNode-3: nextIndex: updateUnconditionally 164 -> 45
2022-09-29 01:24:46,854 [grpc-default-executor-3] WARN  server.GrpcLogAppender (LogUtils.java:warn(122)) - omNode-1@group-523986131536->omNode-3-AppendLogResponseHandler: Failed appendEntries: org.apache.ratis.thirdparty.io.grpc.StatusRuntimeException: UNAVAILABLE: io exception
2022-09-29 01:24:46,854 [grpc-default-executor-3] INFO  leader.FollowerInfo (FollowerInfoImpl.java:lambda$new$0(48)) - omNode-1@group-523986131536->omNode-3: nextIndex: updateUnconditionally 166 -> 45
2022-09-29 01:24:46,857 [grpc-default-executor-3] WARN  server.GrpcLogAppender (LogUtils.java:warn(122)) - omNode-1@group-523986131536->omNode-3-AppendLogResponseHandler: Failed appendEntries: org.apache.ratis.thirdparty.io.grpc.StatusRuntimeException: UNAVAILABLE: io exception
2022-09-29 01:24:46,857 [grpc-default-executor-3] INFO  leader.FollowerInfo (FollowerInfoImpl.java:lambda$new$0(48)) - omNode-1@group-523986131536->omNode-3: nextIndex: updateUnconditionally 166 -> 45
2022-09-29 01:24:46,869 [grpc-default-executor-0] WARN  server.GrpcLogAppender (LogUtils.java:warn(122)) - omNode-1@group-523986131536->omNode-3-AppendLogResponseHandler: Failed appendEntries: org.apache.ratis.thirdparty.io.grpc.StatusRuntimeException: UNAVAILABLE: io exception
2022-09-29 01:24:46,869 [grpc-default-executor-0] INFO  leader.FollowerInfo (FollowerInfoImpl.java:lambda$new$0(48)) - omNode-1@group-523986131536->omNode-3: nextIndex: updateUnconditionally 167 -> 45
2022-09-29 01:24:46,880 [grpc-default-executor-3] WARN  server.GrpcLogAppender (LogUtils.java:warn(122)) - omNode-1@group-523986131536->omNode-3-AppendLogResponseHandler: Failed appendEntries: org.apache.ratis.thirdparty.io.grpc.StatusRuntimeException: UNAVAILABLE: io exception
2022-09-29 01:24:46,880 [grpc-default-executor-3] INFO  leader.FollowerInfo (FollowerInfoImpl.java:lambda$new$0(48)) - omNode-1@group-523986131536->omNode-3: nextIndex: updateUnconditionally 167 -> 45
2022-09-29 01:24:46,888 [grpc-default-executor-0] WARN  server.GrpcLogAppender (LogUtils.java:warn(122)) - omNode-1@group-523986131536->omNode-3-AppendLogResponseHandler: Failed appendEntries: org.apache.ratis.thirdparty.io.grpc.StatusRuntimeException: UNAVAILABLE: io exception
2022-09-29 01:24:46,889 [grpc-default-executor-0] INFO  leader.FollowerInfo (FollowerInfoImpl.java:lambda$new$0(48)) - omNode-1@group-523986131536->omNode-3: nextIndex: updateUnconditionally 167 -> 45
2022-09-29 01:24:46,892 [grpc-default-executor-0] WARN  server.GrpcLogAppender (LogUtils.java:warn(122)) - omNode-1@group-523986131536->omNode-3-AppendLogResponseHandler: Failed appendEntries: org.apache.ratis.thirdparty.io.grpc.StatusRuntimeException: UNAVAILABLE: io exception
2022-09-29 01:24:46,892 [grpc-default-executor-0] INFO  leader.FollowerInfo (FollowerInfoImpl.java:lambda$new$0(48)) - omNode-1@group-523986131536->omNode-3: nextIndex: updateUnconditionally 168 -> 45
2022-09-29 01:24:46,904 [grpc-default-executor-0] WARN  server.GrpcLogAppender (LogUtils.java:warn(122)) - omNode-1@group-523986131536->omNode-3-AppendLogResponseHandler: Failed appendEntries: org.apache.ratis.thirdparty.io.grpc.StatusRuntimeException: UNAVAILABLE: io exception
2022-09-29 01:24:46,904 [grpc-default-executor-0] INFO  leader.FollowerInfo (FollowerInfoImpl.java:lambda$new$0(48)) - omNode-1@group-523986131536->omNode-3: nextIndex: updateUnconditionally 168 -> 45
2022-09-29 01:24:46,916 [grpc-default-executor-3] WARN  server.GrpcLogAppender (LogUtils.java:warn(122)) - omNode-1@group-523986131536->omNode-3-AppendLogResponseHandler: Failed appendEntries: org.apache.ratis.thirdparty.io.grpc.StatusRuntimeException: UNAVAILABLE: io exception
2022-09-29 01:24:46,917 [grpc-default-executor-3] INFO  leader.FollowerInfo (FollowerInfoImpl.java:lambda$new$0(48)) - omNode-1@group-523986131536->omNode-3: nextIndex: updateUnconditionally 169 -> 45
2022-09-29 01:24:46,927 [grpc-default-executor-3] WARN  server.GrpcLogAppender (LogUtils.java:warn(122)) - omNode-1@group-523986131536->omNode-3-AppendLogResponseHandler: Failed appendEntries: org.apache.ratis.thirdparty.io.grpc.StatusRuntimeException: UNAVAILABLE: io exception
2022-09-29 01:24:46,927 [grpc-default-executor-3] INFO  leader.FollowerInfo (FollowerInfoImpl.java:lambda$new$0(48)) - omNode-1@group-523986131536->omNode-3: nextIndex: updateUnconditionally 170 -> 45
2022-09-29 01:24:46,934 [grpc-default-executor-2] WARN  server.GrpcLogAppender (LogUtils.java:warn(122)) - omNode-1@group-523986131536->omNode-3-AppendLogResponseHandler: Failed appendEntries: org.apache.ratis.thirdparty.io.grpc.StatusRuntimeException: UNAVAILABLE: io exception
2022-09-29 01:24:46,935 [grpc-default-executor-2] INFO  leader.FollowerInfo (FollowerInfoImpl.java:lambda$new$0(48)) - omNode-1@group-523986131536->omNode-3: nextIndex: updateUnconditionally 171 -> 45
2022-09-29 01:24:46,948 [grpc-default-executor-0] WARN  server.GrpcLogAppender (LogUtils.java:warn(122)) - omNode-1@group-523986131536->omNode-3-AppendLogResponseHandler: Failed appendEntries: org.apache.ratis.thirdparty.io.grpc.StatusRuntimeException: UNAVAILABLE: io exception
2022-09-29 01:24:46,949 [grpc-default-executor-0] INFO  leader.FollowerInfo (FollowerInfoImpl.java:lambda$new$0(48)) - omNode-1@group-523986131536->omNode-3: nextIndex: updateUnconditionally 171 -> 45
2022-09-29 01:24:46,954 [grpc-default-executor-3] WARN  server.GrpcLogAppender (LogUtils.java:warn(122)) - omNode-1@group-523986131536->omNode-3-AppendLogResponseHandler: Failed appendEntries: org.apache.ratis.thirdparty.io.grpc.StatusRuntimeException: UNAVAILABLE: io exception
2022-09-29 01:24:46,954 [grpc-default-executor-3] INFO  leader.FollowerInfo (FollowerInfoImpl.java:lambda$new$0(48)) - omNode-1@group-523986131536->omNode-3: nextIndex: updateUnconditionally 172 -> 45
2022-09-29 01:24:46,963 [grpc-default-executor-0] WARN  server.GrpcLogAppender (LogUtils.java:warn(122)) - omNode-1@group-523986131536->omNode-3-AppendLogResponseHandler: Failed appendEntries: org.apache.ratis.thirdparty.io.grpc.StatusRuntimeException: UNAVAILABLE: io exception
2022-09-29 01:24:46,963 [grpc-default-executor-0] INFO  leader.FollowerInfo (FollowerInfoImpl.java:lambda$new$0(48)) - omNode-1@group-523986131536->omNode-3: nextIndex: updateUnconditionally 172 -> 45
2022-09-29 01:24:46,965 [grpc-default-executor-0] WARN  server.GrpcLogAppender (LogUtils.java:warn(122)) - omNode-1@group-523986131536->omNode-3-AppendLogResponseHandler: Failed appendEntries: org.apache.ratis.thirdparty.io.grpc.StatusRuntimeException: UNAVAILABLE: io exception
2022-09-29 01:24:46,965 [grpc-default-executor-0] INFO  leader.FollowerInfo (FollowerInfoImpl.java:lambda$new$0(48)) - omNode-1@group-523986131536->omNode-3: nextIndex: updateUnconditionally 173 -> 45
2022-09-29 01:24:46,976 [grpc-default-executor-3] WARN  server.GrpcLogAppender (LogUtils.java:warn(122)) - omNode-1@group-523986131536->omNode-3-AppendLogResponseHandler: Failed appendEntries: org.apache.ratis.thirdparty.io.grpc.StatusRuntimeException: UNAVAILABLE: io exception
2022-09-29 01:24:46,976 [grpc-default-executor-3] INFO  leader.FollowerInfo (FollowerInfoImpl.java:lambda$new$0(48)) - omNode-1@group-523986131536->omNode-3: nextIndex: updateUnconditionally 174 -> 45
2022-09-29 01:24:46,981 [grpc-default-executor-3] WARN  server.GrpcLogAppender (LogUtils.java:warn(122)) - omNode-1@group-523986131536->omNode-3-AppendLogResponseHandler: Failed appendEntries: org.apache.ratis.thirdparty.io.grpc.StatusRuntimeException: UNAVAILABLE: io exception
2022-09-29 01:24:46,981 [grpc-default-executor-3] INFO  leader.FollowerInfo (FollowerInfoImpl.java:lambda$new$0(48)) - omNode-1@group-523986131536->omNode-3: nextIndex: updateUnconditionally 174 -> 45
2022-09-29 01:24:46,992 [grpc-default-executor-3] WARN  server.GrpcLogAppender (LogUtils.java:warn(122)) - omNode-1@group-523986131536->omNode-3-AppendLogResponseHandler: Failed appendEntries: org.apache.ratis.thirdparty.io.grpc.StatusRuntimeException: UNAVAILABLE: io exception
2022-09-29 01:24:46,992 [grpc-default-executor-3] INFO  leader.FollowerInfo (FollowerInfoImpl.java:lambda$new$0(48)) - omNode-1@group-523986131536->omNode-3: nextIndex: updateUnconditionally 175 -> 45
2022-09-29 01:24:47,012 [grpc-default-executor-0] WARN  server.GrpcLogAppender (LogUtils.java:warn(122)) - omNode-1@group-523986131536->omNode-3-AppendLogResponseHandler: Failed appendEntries: org.apache.ratis.thirdparty.io.grpc.StatusRuntimeException: UNAVAILABLE: io exception
2022-09-29 01:24:47,012 [grpc-default-executor-0] INFO  leader.FollowerInfo (FollowerInfoImpl.java:lambda$new$0(48)) - omNode-1@group-523986131536->omNode-3: nextIndex: updateUnconditionally 176 -> 45
2022-09-29 01:24:47,013 [grpc-default-executor-3] WARN  server.GrpcLogAppender (LogUtils.java:warn(122)) - omNode-1@group-523986131536->omNode-3-AppendLogResponseHandler: Failed appendEntries: org.apache.ratis.thirdparty.io.grpc.StatusRuntimeException: UNAVAILABLE: io exception
2022-09-29 01:24:47,013 [grpc-default-executor-3] INFO  leader.FollowerInfo (FollowerInfoImpl.java:lambda$new$0(48)) - omNode-1@group-523986131536->omNode-3: nextIndex: updateUnconditionally 176 -> 45
2022-09-29 01:24:47,026 [grpc-default-executor-0] WARN  server.GrpcLogAppender (LogUtils.java:warn(122)) - omNode-1@group-523986131536->omNode-3-AppendLogResponseHandler: Failed appendEntries: org.apache.ratis.thirdparty.io.grpc.StatusRuntimeException: UNAVAILABLE: io exception
2022-09-29 01:24:47,027 [grpc-default-executor-0] INFO  leader.FollowerInfo (FollowerInfoImpl.java:lambda$new$0(48)) - omNode-1@group-523986131536->omNode-3: nextIndex: updateUnconditionally 177 -> 45
2022-09-29 01:24:47,031 [grpc-default-executor-0] WARN  server.GrpcLogAppender (LogUtils.java:warn(122)) - omNode-1@group-523986131536->omNode-3-AppendLogResponseHandler: Failed appendEntries: org.apache.ratis.thirdparty.io.grpc.StatusRuntimeException: UNAVAILABLE: io exception
2022-09-29 01:24:47,031 [grpc-default-executor-0] INFO  leader.FollowerInfo (FollowerInfoImpl.java:lambda$new$0(48)) - omNode-1@group-523986131536->omNode-3: nextIndex: updateUnconditionally 178 -> 45
2022-09-29 01:24:47,037 [grpc-default-executor-0] WARN  server.GrpcLogAppender (LogUtils.java:warn(122)) - omNode-1@group-523986131536->omNode-3-AppendLogResponseHandler: Failed appendEntries: org.apache.ratis.thirdparty.io.grpc.StatusRuntimeException: UNAVAILABLE: io exception
2022-09-29 01:24:47,037 [grpc-default-executor-0] INFO  leader.FollowerInfo (FollowerInfoImpl.java:lambda$new$0(48)) - omNode-1@group-523986131536->omNode-3: nextIndex: updateUnconditionally 178 -> 45
2022-09-29 01:24:47,038 [grpc-default-executor-0] WARN  server.GrpcLogAppender (LogUtils.java:warn(122)) - omNode-1@group-523986131536->omNode-3-AppendLogResponseHandler: Failed appendEntries: org.apache.ratis.thirdparty.io.grpc.StatusRuntimeException: UNAVAILABLE: io exception
2022-09-29 01:24:47,038 [grpc-default-executor-0] INFO  leader.FollowerInfo (FollowerInfoImpl.java:lambda$new$0(48)) - omNode-1@group-523986131536->omNode-3: nextIndex: updateUnconditionally 178 -> 45
2022-09-29 01:24:47,047 [grpc-default-executor-0] WARN  server.GrpcLogAppender (LogUtils.java:warn(122)) - omNode-1@group-523986131536->omNode-3-AppendLogResponseHandler: Failed appendEntries: org.apache.ratis.thirdparty.io.grpc.StatusRuntimeException: UNAVAILABLE: io exception
2022-09-29 01:24:47,047 [grpc-default-executor-0] INFO  leader.FollowerInfo (FollowerInfoImpl.java:lambda$new$0(48)) - omNode-1@group-523986131536->omNode-3: nextIndex: updateUnconditionally 179 -> 45
2022-09-29 01:24:47,060 [grpc-default-executor-3] WARN  server.GrpcLogAppender (LogUtils.java:warn(122)) - omNode-1@group-523986131536->omNode-3-AppendLogResponseHandler: Failed appendEntries: org.apache.ratis.thirdparty.io.grpc.StatusRuntimeException: UNAVAILABLE: io exception
2022-09-29 01:24:47,061 [grpc-default-executor-3] INFO  leader.FollowerInfo (FollowerInfoImpl.java:lambda$new$0(48)) - omNode-1@group-523986131536->omNode-3: nextIndex: updateUnconditionally 179 -> 45
2022-09-29 01:24:47,070 [grpc-default-executor-0] WARN  server.GrpcLogAppender (LogUtils.java:warn(122)) - omNode-1@group-523986131536->omNode-3-AppendLogResponseHandler: Failed appendEntries: org.apache.ratis.thirdparty.io.grpc.StatusRuntimeException: UNAVAILABLE: io exception
2022-09-29 01:24:47,070 [grpc-default-executor-0] INFO  leader.FollowerInfo (FollowerInfoImpl.java:lambda$new$0(48)) - omNode-1@group-523986131536->omNode-3: nextIndex: updateUnconditionally 180 -> 45
2022-09-29 01:24:47,083 [grpc-default-executor-0] WARN  server.GrpcLogAppender (LogUtils.java:warn(122)) - omNode-1@group-523986131536->omNode-3-AppendLogResponseHandler: Failed appendEntries: org.apache.ratis.thirdparty.io.grpc.StatusRuntimeException: UNAVAILABLE: io exception
2022-09-29 01:24:47,084 [grpc-default-executor-0] INFO  leader.FollowerInfo (FollowerInfoImpl.java:lambda$new$0(48)) - omNode-1@group-523986131536->omNode-3: nextIndex: updateUnconditionally 180 -> 45
2022-09-29 01:24:47,086 [grpc-default-executor-2] WARN  server.GrpcLogAppender (LogUtils.java:warn(122)) - omNode-1@group-523986131536->omNode-3-AppendLogResponseHandler: Failed appendEntries: org.apache.ratis.thirdparty.io.grpc.StatusRuntimeException: UNAVAILABLE: io exception
2022-09-29 01:24:47,087 [grpc-default-executor-2] INFO  leader.FollowerInfo (FollowerInfoImpl.java:lambda$new$0(48)) - omNode-1@group-523986131536->omNode-3: nextIndex: updateUnconditionally 182 -> 45
2022-09-29 01:24:47,094 [grpc-default-executor-0] WARN  server.GrpcLogAppender (LogUtils.java:warn(122)) - omNode-1@group-523986131536->omNode-3-AppendLogResponseHandler: Failed appendEntries: org.apache.ratis.thirdparty.io.grpc.StatusRuntimeException: UNAVAILABLE: io exception
2022-09-29 01:24:47,094 [grpc-default-executor-0] INFO  leader.FollowerInfo (FollowerInfoImpl.java:lambda$new$0(48)) - omNode-1@group-523986131536->omNode-3: nextIndex: updateUnconditionally 182 -> 45
2022-09-29 01:24:47,096 [grpc-default-executor-0] WARN  server.GrpcLogAppender (LogUtils.java:warn(122)) - omNode-1@group-523986131536->omNode-3-AppendLogResponseHandler: Failed appendEntries: org.apache.ratis.thirdparty.io.grpc.StatusRuntimeException: UNAVAILABLE: io exception
2022-09-29 01:24:47,096 [grpc-default-executor-0] INFO  leader.FollowerInfo (FollowerInfoImpl.java:lambda$new$0(48)) - omNode-1@group-523986131536->omNode-3: nextIndex: updateUnconditionally 183 -> 45
2022-09-29 01:24:47,116 [grpc-default-executor-2] WARN  server.GrpcLogAppender (LogUtils.java:warn(122)) - omNode-1@group-523986131536->omNode-3-AppendLogResponseHandler: Failed appendEntries: org.apache.ratis.thirdparty.io.grpc.StatusRuntimeException: UNAVAILABLE: io exception
2022-09-29 01:24:47,116 [grpc-default-executor-2] INFO  leader.FollowerInfo (FollowerInfoImpl.java:lambda$new$0(48)) - omNode-1@group-523986131536->omNode-3: nextIndex: updateUnconditionally 183 -> 45
2022-09-29 01:24:47,118 [grpc-default-executor-2] WARN  server.GrpcLogAppender (LogUtils.java:warn(122)) - omNode-1@group-523986131536->omNode-3-AppendLogResponseHandler: Failed appendEntries: org.apache.ratis.thirdparty.io.grpc.StatusRuntimeException: UNAVAILABLE: io exception
2022-09-29 01:24:47,118 [grpc-default-executor-2] INFO  leader.FollowerInfo (FollowerInfoImpl.java:lambda$new$0(48)) - omNode-1@group-523986131536->omNode-3: nextIndex: updateUnconditionally 184 -> 45
2022-09-29 01:24:47,129 [grpc-default-executor-2] WARN  server.GrpcLogAppender (LogUtils.java:warn(122)) - omNode-1@group-523986131536->omNode-3-AppendLogResponseHandler: Failed appendEntries: org.apache.ratis.thirdparty.io.grpc.StatusRuntimeException: UNAVAILABLE: io exception
2022-09-29 01:24:47,129 [grpc-default-executor-2] INFO  leader.FollowerInfo (FollowerInfoImpl.java:lambda$new$0(48)) - omNode-1@group-523986131536->omNode-3: nextIndex: updateUnconditionally 184 -> 45
2022-09-29 01:24:47,135 [grpc-default-executor-2] WARN  server.GrpcLogAppender (LogUtils.java:warn(122)) - omNode-1@group-523986131536->omNode-3-AppendLogResponseHandler: Failed appendEntries: org.apache.ratis.thirdparty.io.grpc.StatusRuntimeException: UNAVAILABLE: io exception
2022-09-29 01:24:47,135 [grpc-default-executor-2] INFO  leader.FollowerInfo (FollowerInfoImpl.java:lambda$new$0(48)) - omNode-1@group-523986131536->omNode-3: nextIndex: updateUnconditionally 186 -> 45
2022-09-29 01:24:47,140 [grpc-default-executor-2] WARN  server.GrpcLogAppender (LogUtils.java:warn(122)) - omNode-1@group-523986131536->omNode-3-AppendLogResponseHandler: Failed appendEntries: org.apache.ratis.thirdparty.io.grpc.StatusRuntimeException: UNAVAILABLE: io exception
2022-09-29 01:24:47,141 [grpc-default-executor-2] INFO  leader.FollowerInfo (FollowerInfoImpl.java:lambda$new$0(48)) - omNode-1@group-523986131536->omNode-3: nextIndex: updateUnconditionally 186 -> 45
2022-09-29 01:24:47,141 [grpc-default-executor-2] WARN  server.GrpcLogAppender (LogUtils.java:warn(122)) - omNode-1@group-523986131536->omNode-3-AppendLogResponseHandler: Failed appendEntries: org.apache.ratis.thirdparty.io.grpc.StatusRuntimeException: UNAVAILABLE: io exception
2022-09-29 01:24:47,141 [grpc-default-executor-2] INFO  leader.FollowerInfo (FollowerInfoImpl.java:lambda$new$0(48)) - omNode-1@group-523986131536->omNode-3: nextIndex: updateUnconditionally 186 -> 45
2022-09-29 01:24:47,151 [grpc-default-executor-2] WARN  server.GrpcLogAppender (LogUtils.java:warn(122)) - omNode-1@group-523986131536->omNode-3-AppendLogResponseHandler: Failed appendEntries: org.apache.ratis.thirdparty.io.grpc.StatusRuntimeException: UNAVAILABLE: io exception
2022-09-29 01:24:47,151 [grpc-default-executor-2] INFO  leader.FollowerInfo (FollowerInfoImpl.java:lambda$new$0(48)) - omNode-1@group-523986131536->omNode-3: nextIndex: updateUnconditionally 187 -> 45
2022-09-29 01:24:47,165 [EndpointStateMachine task thread for /0.0.0.0:42241 - 0 ] INFO  ipc.Client (Client.java:handleConnectionFailure(977)) - Retrying connect to server: 0.0.0.0/0.0.0.0:42241. Already tried 10 time(s); retry policy is RetryUpToMaximumCountWithFixedSleep(maxRetries=15, sleepTime=1000 MILLISECONDS)
2022-09-29 01:24:47,171 [grpc-default-executor-2] WARN  server.GrpcLogAppender (LogUtils.java:warn(122)) - omNode-1@group-523986131536->omNode-3-AppendLogResponseHandler: Failed appendEntries: org.apache.ratis.thirdparty.io.grpc.StatusRuntimeException: UNAVAILABLE: io exception
2022-09-29 01:24:47,171 [grpc-default-executor-2] INFO  leader.FollowerInfo (FollowerInfoImpl.java:lambda$new$0(48)) - omNode-1@group-523986131536->omNode-3: nextIndex: updateUnconditionally 187 -> 45
2022-09-29 01:24:47,172 [grpc-default-executor-2] WARN  server.GrpcLogAppender (LogUtils.java:warn(122)) - omNode-1@group-523986131536->omNode-3-AppendLogResponseHandler: Failed appendEntries: org.apache.ratis.thirdparty.io.grpc.StatusRuntimeException: UNAVAILABLE: io exception
2022-09-29 01:24:47,172 [grpc-default-executor-2] INFO  leader.FollowerInfo (FollowerInfoImpl.java:lambda$new$0(48)) - omNode-1@group-523986131536->omNode-3: nextIndex: updateUnconditionally 187 -> 45
2022-09-29 01:24:47,175 [grpc-default-executor-0] WARN  server.GrpcLogAppender (LogUtils.java:warn(122)) - omNode-1@group-523986131536->omNode-3-AppendLogResponseHandler: Failed appendEntries: org.apache.ratis.thirdparty.io.grpc.StatusRuntimeException: UNAVAILABLE: io exception
2022-09-29 01:24:47,175 [grpc-default-executor-0] INFO  leader.FollowerInfo (FollowerInfoImpl.java:lambda$new$0(48)) - omNode-1@group-523986131536->omNode-3: nextIndex: updateUnconditionally 188 -> 45
2022-09-29 01:24:47,180 [grpc-default-executor-0] WARN  server.GrpcLogAppender (LogUtils.java:warn(122)) - omNode-1@group-523986131536->omNode-3-AppendLogResponseHandler: Failed appendEntries: org.apache.ratis.thirdparty.io.grpc.StatusRuntimeException: UNAVAILABLE: io exception
2022-09-29 01:24:47,180 [grpc-default-executor-0] INFO  leader.FollowerInfo (FollowerInfoImpl.java:lambda$new$0(48)) - omNode-1@group-523986131536->omNode-3: nextIndex: updateUnconditionally 188 -> 45
2022-09-29 01:24:47,183 [grpc-default-executor-0] WARN  server.GrpcLogAppender (LogUtils.java:warn(122)) - omNode-1@group-523986131536->omNode-3-AppendLogResponseHandler: Failed appendEntries: org.apache.ratis.thirdparty.io.grpc.StatusRuntimeException: UNAVAILABLE: io exception
2022-09-29 01:24:47,183 [grpc-default-executor-0] INFO  leader.FollowerInfo (FollowerInfoImpl.java:lambda$new$0(48)) - omNode-1@group-523986131536->omNode-3: nextIndex: updateUnconditionally 189 -> 45
2022-09-29 01:24:47,185 [grpc-default-executor-0] WARN  server.GrpcLogAppender (LogUtils.java:warn(122)) - omNode-1@group-523986131536->omNode-3-AppendLogResponseHandler: Failed appendEntries: org.apache.ratis.thirdparty.io.grpc.StatusRuntimeException: UNAVAILABLE: io exception
2022-09-29 01:24:47,185 [grpc-default-executor-0] INFO  leader.FollowerInfo (FollowerInfoImpl.java:lambda$new$0(48)) - omNode-1@group-523986131536->omNode-3: nextIndex: updateUnconditionally 190 -> 45
2022-09-29 01:24:47,195 [grpc-default-executor-0] WARN  server.GrpcLogAppender (LogUtils.java:warn(122)) - omNode-1@group-523986131536->omNode-3-AppendLogResponseHandler: Failed appendEntries: org.apache.ratis.thirdparty.io.grpc.StatusRuntimeException: UNAVAILABLE: io exception
2022-09-29 01:24:47,195 [grpc-default-executor-0] INFO  leader.FollowerInfo (FollowerInfoImpl.java:lambda$new$0(48)) - omNode-1@group-523986131536->omNode-3: nextIndex: updateUnconditionally 190 -> 45
2022-09-29 01:24:47,197 [grpc-default-executor-2] WARN  server.GrpcLogAppender (LogUtils.java:warn(122)) - omNode-1@group-523986131536->omNode-3-AppendLogResponseHandler: Failed appendEntries: org.apache.ratis.thirdparty.io.grpc.StatusRuntimeException: UNAVAILABLE: io exception
2022-09-29 01:24:47,198 [grpc-default-executor-2] INFO  leader.FollowerInfo (FollowerInfoImpl.java:lambda$new$0(48)) - omNode-1@group-523986131536->omNode-3: nextIndex: updateUnconditionally 190 -> 45
2022-09-29 01:24:47,219 [grpc-default-executor-2] WARN  server.GrpcLogAppender (LogUtils.java:warn(122)) - omNode-1@group-523986131536->omNode-3-AppendLogResponseHandler: Failed appendEntries: org.apache.ratis.thirdparty.io.grpc.StatusRuntimeException: UNAVAILABLE: io exception
2022-09-29 01:24:47,219 [grpc-default-executor-2] INFO  leader.FollowerInfo (FollowerInfoImpl.java:lambda$new$0(48)) - omNode-1@group-523986131536->omNode-3: nextIndex: updateUnconditionally 191 -> 45
2022-09-29 01:24:47,232 [grpc-default-executor-3] WARN  server.GrpcLogAppender (LogUtils.java:warn(122)) - omNode-1@group-523986131536->omNode-3-AppendLogResponseHandler: Failed appendEntries: org.apache.ratis.thirdparty.io.grpc.StatusRuntimeException: UNAVAILABLE: io exception
2022-09-29 01:24:47,232 [grpc-default-executor-3] INFO  leader.FollowerInfo (FollowerInfoImpl.java:lambda$new$0(48)) - omNode-1@group-523986131536->omNode-3: nextIndex: updateUnconditionally 191 -> 45
2022-09-29 01:24:47,233 [grpc-default-executor-3] WARN  server.GrpcLogAppender (LogUtils.java:warn(122)) - omNode-1@group-523986131536->omNode-3-AppendLogResponseHandler: Failed appendEntries: org.apache.ratis.thirdparty.io.grpc.StatusRuntimeException: UNAVAILABLE: io exception
2022-09-29 01:24:47,233 [grpc-default-executor-3] INFO  leader.FollowerInfo (FollowerInfoImpl.java:lambda$new$0(48)) - omNode-1@group-523986131536->omNode-3: nextIndex: updateUnconditionally 191 -> 45
2022-09-29 01:24:47,235 [grpc-default-executor-3] WARN  server.GrpcLogAppender (LogUtils.java:warn(122)) - omNode-1@group-523986131536->omNode-3-AppendLogResponseHandler: Failed appendEntries: org.apache.ratis.thirdparty.io.grpc.StatusRuntimeException: UNAVAILABLE: io exception
2022-09-29 01:24:47,235 [grpc-default-executor-3] INFO  leader.FollowerInfo (FollowerInfoImpl.java:lambda$new$0(48)) - omNode-1@group-523986131536->omNode-3: nextIndex: updateUnconditionally 192 -> 45
2022-09-29 01:24:47,240 [grpc-default-executor-3] WARN  server.GrpcLogAppender (LogUtils.java:warn(122)) - omNode-1@group-523986131536->omNode-3-AppendLogResponseHandler: Failed appendEntries: org.apache.ratis.thirdparty.io.grpc.StatusRuntimeException: UNAVAILABLE: io exception
2022-09-29 01:24:47,240 [grpc-default-executor-3] INFO  leader.FollowerInfo (FollowerInfoImpl.java:lambda$new$0(48)) - omNode-1@group-523986131536->omNode-3: nextIndex: updateUnconditionally 192 -> 45
2022-09-29 01:24:47,241 [grpc-default-executor-2] WARN  server.GrpcLogAppender (LogUtils.java:warn(122)) - omNode-1@group-523986131536->omNode-3-AppendLogResponseHandler: Failed appendEntries: org.apache.ratis.thirdparty.io.grpc.StatusRuntimeException: UNAVAILABLE: io exception
2022-09-29 01:24:47,241 [grpc-default-executor-2] INFO  leader.FollowerInfo (FollowerInfoImpl.java:lambda$new$0(48)) - omNode-1@group-523986131536->omNode-3: nextIndex: updateUnconditionally 193 -> 45
2022-09-29 01:24:47,246 [grpc-default-executor-3] WARN  server.GrpcLogAppender (LogUtils.java:warn(122)) - omNode-1@group-523986131536->omNode-3-AppendLogResponseHandler: Failed appendEntries: org.apache.ratis.thirdparty.io.grpc.StatusRuntimeException: UNAVAILABLE: io exception
2022-09-29 01:24:47,246 [grpc-default-executor-3] INFO  leader.FollowerInfo (FollowerInfoImpl.java:lambda$new$0(48)) - omNode-1@group-523986131536->omNode-3: nextIndex: updateUnconditionally 194 -> 45
2022-09-29 01:24:47,248 [grpc-default-executor-3] WARN  server.GrpcLogAppender (LogUtils.java:warn(122)) - omNode-1@group-523986131536->omNode-3-AppendLogResponseHandler: Failed appendEntries: org.apache.ratis.thirdparty.io.grpc.StatusRuntimeException: UNAVAILABLE: io exception
2022-09-29 01:24:47,248 [grpc-default-executor-3] INFO  leader.FollowerInfo (FollowerInfoImpl.java:lambda$new$0(48)) - omNode-1@group-523986131536->omNode-3: nextIndex: updateUnconditionally 194 -> 45
2022-09-29 01:24:47,250 [grpc-default-executor-3] WARN  server.GrpcLogAppender (LogUtils.java:warn(122)) - omNode-1@group-523986131536->omNode-3-AppendLogResponseHandler: Failed appendEntries: org.apache.ratis.thirdparty.io.grpc.StatusRuntimeException: UNAVAILABLE: io exception
2022-09-29 01:24:47,251 [grpc-default-executor-3] INFO  leader.FollowerInfo (FollowerInfoImpl.java:lambda$new$0(48)) - omNode-1@group-523986131536->omNode-3: nextIndex: updateUnconditionally 195 -> 45
2022-09-29 01:24:47,266 [grpc-default-executor-2] WARN  server.GrpcLogAppender (LogUtils.java:warn(122)) - omNode-1@group-523986131536->omNode-3-AppendLogResponseHandler: Failed appendEntries: org.apache.ratis.thirdparty.io.grpc.StatusRuntimeException: UNAVAILABLE: io exception
2022-09-29 01:24:47,266 [grpc-default-executor-2] INFO  leader.FollowerInfo (FollowerInfoImpl.java:lambda$new$0(48)) - omNode-1@group-523986131536->omNode-3: nextIndex: updateUnconditionally 195 -> 45
2022-09-29 01:24:47,267 [grpc-default-executor-2] WARN  server.GrpcLogAppender (LogUtils.java:warn(122)) - omNode-1@group-523986131536->omNode-3-AppendLogResponseHandler: Failed appendEntries: org.apache.ratis.thirdparty.io.grpc.StatusRuntimeException: UNAVAILABLE: io exception
2022-09-29 01:24:47,267 [grpc-default-executor-2] INFO  leader.FollowerInfo (FollowerInfoImpl.java:lambda$new$0(48)) - omNode-1@group-523986131536->omNode-3: nextIndex: updateUnconditionally 195 -> 45
2022-09-29 01:24:47,276 [grpc-default-executor-3] WARN  server.GrpcLogAppender (LogUtils.java:warn(122)) - omNode-1@group-523986131536->omNode-3-AppendLogResponseHandler: Failed appendEntries: org.apache.ratis.thirdparty.io.grpc.StatusRuntimeException: UNAVAILABLE: io exception
2022-09-29 01:24:47,276 [grpc-default-executor-3] INFO  leader.FollowerInfo (FollowerInfoImpl.java:lambda$new$0(48)) - omNode-1@group-523986131536->omNode-3: nextIndex: updateUnconditionally 196 -> 45
2022-09-29 01:24:47,281 [grpc-default-executor-2] WARN  server.GrpcLogAppender (LogUtils.java:warn(122)) - omNode-1@group-523986131536->omNode-3-AppendLogResponseHandler: Failed appendEntries: org.apache.ratis.thirdparty.io.grpc.StatusRuntimeException: UNAVAILABLE: io exception
2022-09-29 01:24:47,281 [grpc-default-executor-2] INFO  leader.FollowerInfo (FollowerInfoImpl.java:lambda$new$0(48)) - omNode-1@group-523986131536->omNode-3: nextIndex: updateUnconditionally 196 -> 45
2022-09-29 01:24:47,285 [grpc-default-executor-2] WARN  server.GrpcLogAppender (LogUtils.java:warn(122)) - omNode-1@group-523986131536->omNode-3-AppendLogResponseHandler: Failed appendEntries: org.apache.ratis.thirdparty.io.grpc.StatusRuntimeException: UNAVAILABLE: io exception
2022-09-29 01:24:47,285 [grpc-default-executor-2] INFO  leader.FollowerInfo (FollowerInfoImpl.java:lambda$new$0(48)) - omNode-1@group-523986131536->omNode-3: nextIndex: updateUnconditionally 198 -> 45
2022-09-29 01:24:47,291 [grpc-default-executor-2] WARN  server.GrpcLogAppender (LogUtils.java:warn(122)) - omNode-1@group-523986131536->omNode-3-AppendLogResponseHandler: Failed appendEntries: org.apache.ratis.thirdparty.io.grpc.StatusRuntimeException: UNAVAILABLE: io exception
2022-09-29 01:24:47,291 [grpc-default-executor-2] INFO  leader.FollowerInfo (FollowerInfoImpl.java:lambda$new$0(48)) - omNode-1@group-523986131536->omNode-3: nextIndex: updateUnconditionally 198 -> 45
2022-09-29 01:24:47,292 [grpc-default-executor-2] WARN  server.GrpcLogAppender (LogUtils.java:warn(122)) - omNode-1@group-523986131536->omNode-3-AppendLogResponseHandler: Failed appendEntries: org.apache.ratis.thirdparty.io.grpc.StatusRuntimeException: UNAVAILABLE: io exception
2022-09-29 01:24:47,293 [grpc-default-executor-2] INFO  leader.FollowerInfo (FollowerInfoImpl.java:lambda$new$0(48)) - omNode-1@group-523986131536->omNode-3: nextIndex: updateUnconditionally 199 -> 45
2022-09-29 01:24:47,314 [grpc-default-executor-2] WARN  server.GrpcLogAppender (LogUtils.java:warn(122)) - omNode-1@group-523986131536->omNode-3-AppendLogResponseHandler: Failed appendEntries: org.apache.ratis.thirdparty.io.grpc.StatusRuntimeException: UNAVAILABLE: io exception
2022-09-29 01:24:47,314 [grpc-default-executor-2] INFO  leader.FollowerInfo (FollowerInfoImpl.java:lambda$new$0(48)) - omNode-1@group-523986131536->omNode-3: nextIndex: updateUnconditionally 200 -> 45
2022-09-29 01:24:47,318 [grpc-default-executor-2] WARN  server.GrpcLogAppender (LogUtils.java:warn(122)) - omNode-1@group-523986131536->omNode-3-AppendLogResponseHandler: Failed appendEntries: org.apache.ratis.thirdparty.io.grpc.StatusRuntimeException: UNAVAILABLE: io exception
2022-09-29 01:24:47,318 [grpc-default-executor-2] INFO  leader.FollowerInfo (FollowerInfoImpl.java:lambda$new$0(48)) - omNode-1@group-523986131536->omNode-3: nextIndex: updateUnconditionally 200 -> 45
2022-09-29 01:24:47,327 [grpc-default-executor-3] WARN  server.GrpcLogAppender (LogUtils.java:warn(122)) - omNode-1@group-523986131536->omNode-3-AppendLogResponseHandler: Failed appendEntries: org.apache.ratis.thirdparty.io.grpc.StatusRuntimeException: UNAVAILABLE: io exception
2022-09-29 01:24:47,327 [grpc-default-executor-3] INFO  leader.FollowerInfo (FollowerInfoImpl.java:lambda$new$0(48)) - omNode-1@group-523986131536->omNode-3: nextIndex: updateUnconditionally 201 -> 45
2022-09-29 01:24:47,332 [grpc-default-executor-2] WARN  server.GrpcLogAppender (LogUtils.java:warn(122)) - omNode-1@group-523986131536->omNode-3-AppendLogResponseHandler: Failed appendEntries: org.apache.ratis.thirdparty.io.grpc.StatusRuntimeException: UNAVAILABLE: io exception
2022-09-29 01:24:47,332 [grpc-default-executor-2] INFO  leader.FollowerInfo (FollowerInfoImpl.java:lambda$new$0(48)) - omNode-1@group-523986131536->omNode-3: nextIndex: updateUnconditionally 202 -> 45
2022-09-29 01:24:47,337 [grpc-default-executor-2] WARN  server.GrpcLogAppender (LogUtils.java:warn(122)) - omNode-1@group-523986131536->omNode-3-AppendLogResponseHandler: Failed appendEntries: org.apache.ratis.thirdparty.io.grpc.StatusRuntimeException: UNAVAILABLE: io exception
2022-09-29 01:24:47,337 [grpc-default-executor-2] INFO  leader.FollowerInfo (FollowerInfoImpl.java:lambda$new$0(48)) - omNode-1@group-523986131536->omNode-3: nextIndex: updateUnconditionally 202 -> 45
2022-09-29 01:24:47,339 [omNode-1@group-523986131536-StateMachineUpdater] INFO  ratis.OzoneManagerStateMachine (OzoneManagerStateMachine.java:takeSnapshot(441)) - Current Snapshot Index (t:2, i:200)
2022-09-29 01:24:47,339 [omNode-1@group-523986131536-StateMachineUpdater] INFO  impl.StateMachineUpdater (StateMachineUpdater.java:takeSnapshot(287)) - omNode-1@group-523986131536-StateMachineUpdater: Took a snapshot at index 200
2022-09-29 01:24:47,339 [omNode-1@group-523986131536-StateMachineUpdater] INFO  impl.StateMachineUpdater (StateMachineUpdater.java:lambda$new$0(92)) - omNode-1@group-523986131536-StateMachineUpdater: snapshotIndex: updateIncreasingly 150 -> 200
2022-09-29 01:24:47,339 [omNode-1@group-523986131536-StateMachineUpdater] INFO  raftlog.RaftLog (RaftLogBase.java:purge(308)) - omNode-1@group-523986131536-SegmentedRaftLog: purge 200
2022-09-29 01:24:47,339 [omNode-1@group-523986131536-StateMachineUpdater] INFO  raftlog.RaftLog (RaftLogBase.java:lambda$new$0(53)) - omNode-1@group-523986131536-SegmentedRaftLog: snapshotIndex: updateIncreasingly 150 -> 200
2022-09-29 01:24:47,339 [omNode-1@group-523986131536-StateMachineUpdater] INFO  raftlog.RaftLog (RaftLogBase.java:lambda$new$0(53)) - omNode-1@group-523986131536-SegmentedRaftLog: purgeIndex: updateToMax old=150, new=200, updated? true
2022-09-29 01:24:47,354 [grpc-default-executor-3] WARN  server.GrpcLogAppender (LogUtils.java:warn(122)) - omNode-1@group-523986131536->omNode-3-AppendLogResponseHandler: Failed appendEntries: org.apache.ratis.thirdparty.io.grpc.StatusRuntimeException: UNAVAILABLE: io exception
2022-09-29 01:24:47,354 [grpc-default-executor-3] INFO  leader.FollowerInfo (FollowerInfoImpl.java:lambda$new$0(48)) - omNode-1@group-523986131536->omNode-3: nextIndex: updateUnconditionally 202 -> 45
2022-09-29 01:24:47,357 [grpc-default-executor-3] WARN  server.GrpcLogAppender (LogUtils.java:warn(122)) - omNode-1@group-523986131536->omNode-3-AppendLogResponseHandler: Failed appendEntries: org.apache.ratis.thirdparty.io.grpc.StatusRuntimeException: UNAVAILABLE: io exception
2022-09-29 01:24:47,357 [grpc-default-executor-3] INFO  leader.FollowerInfo (FollowerInfoImpl.java:lambda$new$0(48)) - omNode-1@group-523986131536->omNode-3: nextIndex: updateUnconditionally 203 -> 45
2022-09-29 01:24:47,375 [omNode-2@group-523986131536-StateMachineUpdater] INFO  ratis.OzoneManagerStateMachine (OzoneManagerStateMachine.java:takeSnapshot(441)) - Current Snapshot Index (t:2, i:201)
2022-09-29 01:24:47,375 [omNode-2@group-523986131536-StateMachineUpdater] INFO  impl.StateMachineUpdater (StateMachineUpdater.java:takeSnapshot(287)) - omNode-2@group-523986131536-StateMachineUpdater: Took a snapshot at index 201
2022-09-29 01:24:47,375 [omNode-2@group-523986131536-StateMachineUpdater] INFO  impl.StateMachineUpdater (StateMachineUpdater.java:lambda$new$0(92)) - omNode-2@group-523986131536-StateMachineUpdater: snapshotIndex: updateIncreasingly 150 -> 201
2022-09-29 01:24:47,375 [omNode-2@group-523986131536-StateMachineUpdater] INFO  raftlog.RaftLog (RaftLogBase.java:purge(308)) - omNode-2@group-523986131536-SegmentedRaftLog: purge 201
2022-09-29 01:24:47,375 [omNode-2@group-523986131536-StateMachineUpdater] INFO  raftlog.RaftLog (RaftLogBase.java:lambda$new$0(53)) - omNode-2@group-523986131536-SegmentedRaftLog: snapshotIndex: updateIncreasingly 150 -> 201
2022-09-29 01:24:47,375 [omNode-2@group-523986131536-StateMachineUpdater] INFO  raftlog.RaftLog (RaftLogBase.java:lambda$new$0(53)) - omNode-2@group-523986131536-SegmentedRaftLog: purgeIndex: updateToMax old=150, new=201, updated? true
2022-09-29 01:24:47,375 [grpc-default-executor-2] WARN  server.GrpcLogAppender (LogUtils.java:warn(122)) - omNode-1@group-523986131536->omNode-3-AppendLogResponseHandler: Failed appendEntries: org.apache.ratis.thirdparty.io.grpc.StatusRuntimeException: UNAVAILABLE: io exception
2022-09-29 01:24:47,376 [grpc-default-executor-2] INFO  leader.FollowerInfo (FollowerInfoImpl.java:lambda$new$0(48)) - omNode-1@group-523986131536->omNode-3: nextIndex: updateUnconditionally 203 -> 45
2022-09-29 01:24:47,386 [grpc-default-executor-3] WARN  server.GrpcLogAppender (LogUtils.java:warn(122)) - omNode-1@group-523986131536->omNode-3-AppendLogResponseHandler: Failed appendEntries: org.apache.ratis.thirdparty.io.grpc.StatusRuntimeException: UNAVAILABLE: io exception
2022-09-29 01:24:47,386 [grpc-default-executor-3] INFO  leader.FollowerInfo (FollowerInfoImpl.java:lambda$new$0(48)) - omNode-1@group-523986131536->omNode-3: nextIndex: updateUnconditionally 204 -> 45
2022-09-29 01:24:47,403 [grpc-default-executor-3] WARN  server.GrpcLogAppender (LogUtils.java:warn(122)) - omNode-1@group-523986131536->omNode-3-AppendLogResponseHandler: Failed appendEntries: org.apache.ratis.thirdparty.io.grpc.StatusRuntimeException: UNAVAILABLE: io exception
2022-09-29 01:24:47,404 [grpc-default-executor-3] INFO  leader.FollowerInfo (FollowerInfoImpl.java:lambda$new$0(48)) - omNode-1@group-523986131536->omNode-3: nextIndex: updateUnconditionally 204 -> 45
2022-09-29 01:24:47,408 [grpc-default-executor-2] WARN  server.GrpcLogAppender (LogUtils.java:warn(122)) - omNode-1@group-523986131536->omNode-3-AppendLogResponseHandler: Failed appendEntries: org.apache.ratis.thirdparty.io.grpc.StatusRuntimeException: UNAVAILABLE: io exception
2022-09-29 01:24:47,408 [grpc-default-executor-2] INFO  leader.FollowerInfo (FollowerInfoImpl.java:lambda$new$0(48)) - omNode-1@group-523986131536->omNode-3: nextIndex: updateUnconditionally 205 -> 45
2022-09-29 01:24:47,417 [grpc-default-executor-2] WARN  server.GrpcLogAppender (LogUtils.java:warn(122)) - omNode-1@group-523986131536->omNode-3-AppendLogResponseHandler: Failed appendEntries: org.apache.ratis.thirdparty.io.grpc.StatusRuntimeException: UNAVAILABLE: io exception
2022-09-29 01:24:47,417 [grpc-default-executor-2] INFO  leader.FollowerInfo (FollowerInfoImpl.java:lambda$new$0(48)) - omNode-1@group-523986131536->omNode-3: nextIndex: updateUnconditionally 206 -> 45
2022-09-29 01:24:47,419 [grpc-default-executor-3] WARN  server.GrpcLogAppender (LogUtils.java:warn(122)) - omNode-1@group-523986131536->omNode-3-AppendLogResponseHandler: Failed appendEntries: org.apache.ratis.thirdparty.io.grpc.StatusRuntimeException: UNAVAILABLE: io exception
2022-09-29 01:24:47,419 [grpc-default-executor-3] INFO  leader.FollowerInfo (FollowerInfoImpl.java:lambda$new$0(48)) - omNode-1@group-523986131536->omNode-3: nextIndex: updateUnconditionally 206 -> 45
2022-09-29 01:24:47,431 [grpc-default-executor-3] WARN  server.GrpcLogAppender (LogUtils.java:warn(122)) - omNode-1@group-523986131536->omNode-3-AppendLogResponseHandler: Failed appendEntries: org.apache.ratis.thirdparty.io.grpc.StatusRuntimeException: UNAVAILABLE: io exception
2022-09-29 01:24:47,431 [grpc-default-executor-3] INFO  leader.FollowerInfo (FollowerInfoImpl.java:lambda$new$0(48)) - omNode-1@group-523986131536->omNode-3: nextIndex: updateUnconditionally 207 -> 45
2022-09-29 01:24:47,445 [grpc-default-executor-3] WARN  server.GrpcLogAppender (LogUtils.java:warn(122)) - omNode-1@group-523986131536->omNode-3-AppendLogResponseHandler: Failed appendEntries: org.apache.ratis.thirdparty.io.grpc.StatusRuntimeException: UNAVAILABLE: io exception
2022-09-29 01:24:47,445 [grpc-default-executor-3] INFO  leader.FollowerInfo (FollowerInfoImpl.java:lambda$new$0(48)) - omNode-1@group-523986131536->omNode-3: nextIndex: updateUnconditionally 207 -> 45
2022-09-29 01:24:47,455 [grpc-default-executor-2] WARN  server.GrpcLogAppender (LogUtils.java:warn(122)) - omNode-1@group-523986131536->omNode-3-AppendLogResponseHandler: Failed appendEntries: org.apache.ratis.thirdparty.io.grpc.StatusRuntimeException: UNAVAILABLE: io exception
2022-09-29 01:24:47,455 [grpc-default-executor-2] INFO  leader.FollowerInfo (FollowerInfoImpl.java:lambda$new$0(48)) - omNode-1@group-523986131536->omNode-3: nextIndex: updateUnconditionally 208 -> 45
2022-09-29 01:24:47,460 [grpc-default-executor-3] WARN  server.GrpcLogAppender (LogUtils.java:warn(122)) - omNode-1@group-523986131536->omNode-3-AppendLogResponseHandler: Failed appendEntries: org.apache.ratis.thirdparty.io.grpc.StatusRuntimeException: UNAVAILABLE: io exception
2022-09-29 01:24:47,460 [grpc-default-executor-3] INFO  leader.FollowerInfo (FollowerInfoImpl.java:lambda$new$0(48)) - omNode-1@group-523986131536->omNode-3: nextIndex: updateUnconditionally 208 -> 45
2022-09-29 01:24:47,463 [grpc-default-executor-3] WARN  server.GrpcLogAppender (LogUtils.java:warn(122)) - omNode-1@group-523986131536->omNode-3-AppendLogResponseHandler: Failed appendEntries: org.apache.ratis.thirdparty.io.grpc.StatusRuntimeException: UNAVAILABLE: io exception
2022-09-29 01:24:47,464 [grpc-default-executor-3] INFO  leader.FollowerInfo (FollowerInfoImpl.java:lambda$new$0(48)) - omNode-1@group-523986131536->omNode-3: nextIndex: updateUnconditionally 210 -> 45
2022-09-29 01:24:47,469 [grpc-default-executor-3] WARN  server.GrpcLogAppender (LogUtils.java:warn(122)) - omNode-1@group-523986131536->omNode-3-AppendLogResponseHandler: Failed appendEntries: org.apache.ratis.thirdparty.io.grpc.StatusRuntimeException: UNAVAILABLE: io exception
2022-09-29 01:24:47,469 [grpc-default-executor-3] INFO  leader.FollowerInfo (FollowerInfoImpl.java:lambda$new$0(48)) - omNode-1@group-523986131536->omNode-3: nextIndex: updateUnconditionally 210 -> 45
2022-09-29 01:24:47,470 [grpc-default-executor-3] WARN  server.GrpcLogAppender (LogUtils.java:warn(122)) - omNode-1@group-523986131536->omNode-3-AppendLogResponseHandler: Failed appendEntries: org.apache.ratis.thirdparty.io.grpc.StatusRuntimeException: UNAVAILABLE: io exception
2022-09-29 01:24:47,470 [grpc-default-executor-3] INFO  leader.FollowerInfo (FollowerInfoImpl.java:lambda$new$0(48)) - omNode-1@group-523986131536->omNode-3: nextIndex: updateUnconditionally 210 -> 45
2022-09-29 01:24:47,474 [grpc-default-executor-3] WARN  server.GrpcLogAppender (LogUtils.java:warn(122)) - omNode-1@group-523986131536->omNode-3-AppendLogResponseHandler: Failed appendEntries: org.apache.ratis.thirdparty.io.grpc.StatusRuntimeException: UNAVAILABLE: io exception
2022-09-29 01:24:47,474 [grpc-default-executor-3] INFO  leader.FollowerInfo (FollowerInfoImpl.java:lambda$new$0(48)) - omNode-1@group-523986131536->omNode-3: nextIndex: updateUnconditionally 211 -> 45
2022-09-29 01:24:47,482 [grpc-default-executor-2] WARN  server.GrpcLogAppender (LogUtils.java:warn(122)) - omNode-1@group-523986131536->omNode-3-AppendLogResponseHandler: Failed appendEntries: org.apache.ratis.thirdparty.io.grpc.StatusRuntimeException: UNAVAILABLE: io exception
2022-09-29 01:24:47,482 [grpc-default-executor-2] INFO  leader.FollowerInfo (FollowerInfoImpl.java:lambda$new$0(48)) - omNode-1@group-523986131536->omNode-3: nextIndex: updateUnconditionally 211 -> 45
2022-09-29 01:24:47,484 [grpc-default-executor-2] WARN  server.GrpcLogAppender (LogUtils.java:warn(122)) - omNode-1@group-523986131536->omNode-3-AppendLogResponseHandler: Failed appendEntries: org.apache.ratis.thirdparty.io.grpc.StatusRuntimeException: UNAVAILABLE: io exception
2022-09-29 01:24:47,484 [grpc-default-executor-2] INFO  leader.FollowerInfo (FollowerInfoImpl.java:lambda$new$0(48)) - omNode-1@group-523986131536->omNode-3: nextIndex: updateUnconditionally 211 -> 45
2022-09-29 01:24:47,489 [grpc-default-executor-3] WARN  server.GrpcLogAppender (LogUtils.java:warn(122)) - omNode-1@group-523986131536->omNode-3-AppendLogResponseHandler: Failed appendEntries: org.apache.ratis.thirdparty.io.grpc.StatusRuntimeException: UNAVAILABLE: io exception
2022-09-29 01:24:47,489 [grpc-default-executor-3] INFO  leader.FollowerInfo (FollowerInfoImpl.java:lambda$new$0(48)) - omNode-1@group-523986131536->omNode-3: nextIndex: updateUnconditionally 212 -> 45
2022-09-29 01:24:47,493 [grpc-default-executor-3] WARN  server.GrpcLogAppender (LogUtils.java:warn(122)) - omNode-1@group-523986131536->omNode-3-AppendLogResponseHandler: Failed appendEntries: org.apache.ratis.thirdparty.io.grpc.StatusRuntimeException: UNAVAILABLE: io exception
2022-09-29 01:24:47,493 [grpc-default-executor-3] INFO  leader.FollowerInfo (FollowerInfoImpl.java:lambda$new$0(48)) - omNode-1@group-523986131536->omNode-3: nextIndex: updateUnconditionally 212 -> 45
2022-09-29 01:24:47,494 [grpc-default-executor-2] WARN  server.GrpcLogAppender (LogUtils.java:warn(122)) - omNode-1@group-523986131536->omNode-3-AppendLogResponseHandler: Failed appendEntries: org.apache.ratis.thirdparty.io.grpc.StatusRuntimeException: UNAVAILABLE: io exception
2022-09-29 01:24:47,495 [grpc-default-executor-2] INFO  leader.FollowerInfo (FollowerInfoImpl.java:lambda$new$0(48)) - omNode-1@group-523986131536->omNode-3: nextIndex: updateUnconditionally 213 -> 45
2022-09-29 01:24:47,496 [grpc-default-executor-3] WARN  server.GrpcLogAppender (LogUtils.java:warn(122)) - omNode-1@group-523986131536->omNode-3-AppendLogResponseHandler: Failed appendEntries: org.apache.ratis.thirdparty.io.grpc.StatusRuntimeException: UNAVAILABLE: io exception
2022-09-29 01:24:47,497 [grpc-default-executor-3] INFO  leader.FollowerInfo (FollowerInfoImpl.java:lambda$new$0(48)) - omNode-1@group-523986131536->omNode-3: nextIndex: updateUnconditionally 214 -> 45
2022-09-29 01:24:47,512 [grpc-default-executor-3] WARN  server.GrpcLogAppender (LogUtils.java:warn(122)) - omNode-1@group-523986131536->omNode-3-AppendLogResponseHandler: Failed appendEntries: org.apache.ratis.thirdparty.io.grpc.StatusRuntimeException: UNAVAILABLE: io exception
2022-09-29 01:24:47,513 [grpc-default-executor-3] INFO  leader.FollowerInfo (FollowerInfoImpl.java:lambda$new$0(48)) - omNode-1@group-523986131536->omNode-3: nextIndex: updateUnconditionally 214 -> 45
2022-09-29 01:24:47,514 [grpc-default-executor-3] WARN  server.GrpcLogAppender (LogUtils.java:warn(122)) - omNode-1@group-523986131536->omNode-3-AppendLogResponseHandler: Failed appendEntries: org.apache.ratis.thirdparty.io.grpc.StatusRuntimeException: UNAVAILABLE: io exception
2022-09-29 01:24:47,514 [grpc-default-executor-3] INFO  leader.FollowerInfo (FollowerInfoImpl.java:lambda$new$0(48)) - omNode-1@group-523986131536->omNode-3: nextIndex: updateUnconditionally 214 -> 45
2022-09-29 01:24:47,515 [grpc-default-executor-3] WARN  server.GrpcLogAppender (LogUtils.java:warn(122)) - omNode-1@group-523986131536->omNode-3-AppendLogResponseHandler: Failed appendEntries: org.apache.ratis.thirdparty.io.grpc.StatusRuntimeException: UNAVAILABLE: io exception
2022-09-29 01:24:47,515 [grpc-default-executor-3] INFO  leader.FollowerInfo (FollowerInfoImpl.java:lambda$new$0(48)) - omNode-1@group-523986131536->omNode-3: nextIndex: updateUnconditionally 215 -> 45
2022-09-29 01:24:47,525 [grpc-default-executor-2] WARN  server.GrpcLogAppender (LogUtils.java:warn(122)) - omNode-1@group-523986131536->omNode-3-AppendLogResponseHandler: Failed appendEntries: org.apache.ratis.thirdparty.io.grpc.StatusRuntimeException: UNAVAILABLE: io exception
2022-09-29 01:24:47,525 [grpc-default-executor-2] INFO  leader.FollowerInfo (FollowerInfoImpl.java:lambda$new$0(48)) - omNode-1@group-523986131536->omNode-3: nextIndex: updateUnconditionally 215 -> 45
2022-09-29 01:24:47,526 [grpc-default-executor-2] WARN  server.GrpcLogAppender (LogUtils.java:warn(122)) - omNode-1@group-523986131536->omNode-3-AppendLogResponseHandler: Failed appendEntries: org.apache.ratis.thirdparty.io.grpc.StatusRuntimeException: UNAVAILABLE: io exception
2022-09-29 01:24:47,526 [grpc-default-executor-2] INFO  leader.FollowerInfo (FollowerInfoImpl.java:lambda$new$0(48)) - omNode-1@group-523986131536->omNode-3: nextIndex: updateUnconditionally 215 -> 45
2022-09-29 01:24:47,537 [grpc-default-executor-3] WARN  server.GrpcLogAppender (LogUtils.java:warn(122)) - omNode-1@group-523986131536->omNode-3-AppendLogResponseHandler: Failed appendEntries: org.apache.ratis.thirdparty.io.grpc.StatusRuntimeException: UNAVAILABLE: io exception
2022-09-29 01:24:47,537 [grpc-default-executor-3] INFO  leader.FollowerInfo (FollowerInfoImpl.java:lambda$new$0(48)) - omNode-1@group-523986131536->omNode-3: nextIndex: updateUnconditionally 216 -> 45
2022-09-29 01:24:47,551 [grpc-default-executor-3] WARN  server.GrpcLogAppender (LogUtils.java:warn(122)) - omNode-1@group-523986131536->omNode-3-AppendLogResponseHandler: Failed appendEntries: org.apache.ratis.thirdparty.io.grpc.StatusRuntimeException: UNAVAILABLE: io exception
2022-09-29 01:24:47,551 [grpc-default-executor-3] INFO  leader.FollowerInfo (FollowerInfoImpl.java:lambda$new$0(48)) - omNode-1@group-523986131536->omNode-3: nextIndex: updateUnconditionally 216 -> 45
2022-09-29 01:24:47,554 [grpc-default-executor-3] WARN  server.GrpcLogAppender (LogUtils.java:warn(122)) - omNode-1@group-523986131536->omNode-3-AppendLogResponseHandler: Failed appendEntries: org.apache.ratis.thirdparty.io.grpc.StatusRuntimeException: UNAVAILABLE: io exception
2022-09-29 01:24:47,554 [grpc-default-executor-3] INFO  leader.FollowerInfo (FollowerInfoImpl.java:lambda$new$0(48)) - omNode-1@group-523986131536->omNode-3: nextIndex: updateUnconditionally 218 -> 45
2022-09-29 01:24:47,561 [grpc-default-executor-2] WARN  server.GrpcLogAppender (LogUtils.java:warn(122)) - omNode-1@group-523986131536->omNode-3-AppendLogResponseHandler: Failed appendEntries: org.apache.ratis.thirdparty.io.grpc.StatusRuntimeException: UNAVAILABLE: io exception
2022-09-29 01:24:47,562 [grpc-default-executor-2] INFO  leader.FollowerInfo (FollowerInfoImpl.java:lambda$new$0(48)) - omNode-1@group-523986131536->omNode-3: nextIndex: updateUnconditionally 218 -> 45
2022-09-29 01:24:47,563 [grpc-default-executor-2] WARN  server.GrpcLogAppender (LogUtils.java:warn(122)) - omNode-1@group-523986131536->omNode-3-AppendLogResponseHandler: Failed appendEntries: org.apache.ratis.thirdparty.io.grpc.StatusRuntimeException: UNAVAILABLE: io exception
2022-09-29 01:24:47,563 [grpc-default-executor-2] INFO  leader.FollowerInfo (FollowerInfoImpl.java:lambda$new$0(48)) - omNode-1@group-523986131536->omNode-3: nextIndex: updateUnconditionally 218 -> 45
2022-09-29 01:24:47,565 [grpc-default-executor-2] WARN  server.GrpcLogAppender (LogUtils.java:warn(122)) - omNode-1@group-523986131536->omNode-3-AppendLogResponseHandler: Failed appendEntries: org.apache.ratis.thirdparty.io.grpc.StatusRuntimeException: UNAVAILABLE: io exception
2022-09-29 01:24:47,565 [grpc-default-executor-2] INFO  leader.FollowerInfo (FollowerInfoImpl.java:lambda$new$0(48)) - omNode-1@group-523986131536->omNode-3: nextIndex: updateUnconditionally 219 -> 45
2022-09-29 01:24:47,575 [grpc-default-executor-3] WARN  server.GrpcLogAppender (LogUtils.java:warn(122)) - omNode-1@group-523986131536->omNode-3-AppendLogResponseHandler: Failed appendEntries: org.apache.ratis.thirdparty.io.grpc.StatusRuntimeException: UNAVAILABLE: io exception
2022-09-29 01:24:47,575 [grpc-default-executor-3] INFO  leader.FollowerInfo (FollowerInfoImpl.java:lambda$new$0(48)) - omNode-1@group-523986131536->omNode-3: nextIndex: updateUnconditionally 219 -> 45
2022-09-29 01:24:47,576 [grpc-default-executor-3] WARN  server.GrpcLogAppender (LogUtils.java:warn(122)) - omNode-1@group-523986131536->omNode-3-AppendLogResponseHandler: Failed appendEntries: org.apache.ratis.thirdparty.io.grpc.StatusRuntimeException: UNAVAILABLE: io exception
2022-09-29 01:24:47,576 [grpc-default-executor-3] INFO  leader.FollowerInfo (FollowerInfoImpl.java:lambda$new$0(48)) - omNode-1@group-523986131536->omNode-3: nextIndex: updateUnconditionally 219 -> 45
2022-09-29 01:24:47,582 [grpc-default-executor-2] WARN  server.GrpcLogAppender (LogUtils.java:warn(122)) - omNode-1@group-523986131536->omNode-3-AppendLogResponseHandler: Failed appendEntries: org.apache.ratis.thirdparty.io.grpc.StatusRuntimeException: UNAVAILABLE: io exception
2022-09-29 01:24:47,582 [grpc-default-executor-2] INFO  leader.FollowerInfo (FollowerInfoImpl.java:lambda$new$0(48)) - omNode-1@group-523986131536->omNode-3: nextIndex: updateUnconditionally 220 -> 45
2022-09-29 01:24:47,592 [grpc-default-executor-2] WARN  server.GrpcLogAppender (LogUtils.java:warn(122)) - omNode-1@group-523986131536->omNode-3-AppendLogResponseHandler: Failed appendEntries: org.apache.ratis.thirdparty.io.grpc.StatusRuntimeException: UNAVAILABLE: io exception
2022-09-29 01:24:47,592 [grpc-default-executor-2] INFO  leader.FollowerInfo (FollowerInfoImpl.java:lambda$new$0(48)) - omNode-1@group-523986131536->omNode-3: nextIndex: updateUnconditionally 220 -> 45
2022-09-29 01:24:47,593 [grpc-default-executor-2] WARN  server.GrpcLogAppender (LogUtils.java:warn(122)) - omNode-1@group-523986131536->omNode-3-AppendLogResponseHandler: Failed appendEntries: org.apache.ratis.thirdparty.io.grpc.StatusRuntimeException: UNAVAILABLE: io exception
2022-09-29 01:24:47,593 [grpc-default-executor-2] INFO  leader.FollowerInfo (FollowerInfoImpl.java:lambda$new$0(48)) - omNode-1@group-523986131536->omNode-3: nextIndex: updateUnconditionally 221 -> 45
2022-09-29 01:24:47,596 [grpc-default-executor-2] WARN  server.GrpcLogAppender (LogUtils.java:warn(122)) - omNode-1@group-523986131536->omNode-3-AppendLogResponseHandler: Failed appendEntries: org.apache.ratis.thirdparty.io.grpc.StatusRuntimeException: UNAVAILABLE: io exception
2022-09-29 01:24:47,597 [grpc-default-executor-2] INFO  leader.FollowerInfo (FollowerInfoImpl.java:lambda$new$0(48)) - omNode-1@group-523986131536->omNode-3: nextIndex: updateUnconditionally 222 -> 45
2022-09-29 01:24:47,600 [grpc-default-executor-2] WARN  server.GrpcLogAppender (LogUtils.java:warn(122)) - omNode-1@group-523986131536->omNode-3-AppendLogResponseHandler: Failed appendEntries: org.apache.ratis.thirdparty.io.grpc.StatusRuntimeException: UNAVAILABLE: io exception
2022-09-29 01:24:47,600 [grpc-default-executor-2] INFO  leader.FollowerInfo (FollowerInfoImpl.java:lambda$new$0(48)) - omNode-1@group-523986131536->omNode-3: nextIndex: updateUnconditionally 222 -> 45
2022-09-29 01:24:47,601 [grpc-default-executor-2] WARN  server.GrpcLogAppender (LogUtils.java:warn(122)) - omNode-1@group-523986131536->omNode-3-AppendLogResponseHandler: Failed appendEntries: org.apache.ratis.thirdparty.io.grpc.StatusRuntimeException: UNAVAILABLE: io exception
2022-09-29 01:24:47,601 [grpc-default-executor-2] INFO  leader.FollowerInfo (FollowerInfoImpl.java:lambda$new$0(48)) - omNode-1@group-523986131536->omNode-3: nextIndex: updateUnconditionally 222 -> 45
2022-09-29 01:24:47,609 [grpc-default-executor-2] WARN  server.GrpcLogAppender (LogUtils.java:warn(122)) - omNode-1@group-523986131536->omNode-3-AppendLogResponseHandler: Failed appendEntries: org.apache.ratis.thirdparty.io.grpc.StatusRuntimeException: UNAVAILABLE: io exception
2022-09-29 01:24:47,609 [grpc-default-executor-2] INFO  leader.FollowerInfo (FollowerInfoImpl.java:lambda$new$0(48)) - omNode-1@group-523986131536->omNode-3: nextIndex: updateUnconditionally 223 -> 45
2022-09-29 01:24:47,636 [grpc-default-executor-3] WARN  server.GrpcLogAppender (LogUtils.java:warn(122)) - omNode-1@group-523986131536->omNode-3-AppendLogResponseHandler: Failed appendEntries: org.apache.ratis.thirdparty.io.grpc.StatusRuntimeException: UNAVAILABLE: io exception
2022-09-29 01:24:47,637 [grpc-default-executor-3] INFO  leader.FollowerInfo (FollowerInfoImpl.java:lambda$new$0(48)) - omNode-1@group-523986131536->omNode-3: nextIndex: updateUnconditionally 223 -> 45
2022-09-29 01:24:47,637 [grpc-default-executor-3] WARN  server.GrpcLogAppender (LogUtils.java:warn(122)) - omNode-1@group-523986131536->omNode-3-AppendLogResponseHandler: Failed appendEntries: org.apache.ratis.thirdparty.io.grpc.StatusRuntimeException: UNAVAILABLE: io exception
2022-09-29 01:24:47,638 [grpc-default-executor-3] INFO  leader.FollowerInfo (FollowerInfoImpl.java:lambda$new$0(48)) - omNode-1@group-523986131536->omNode-3: nextIndex: updateUnconditionally 223 -> 45
2022-09-29 01:24:47,646 [grpc-default-executor-2] WARN  server.GrpcLogAppender (LogUtils.java:warn(122)) - omNode-1@group-523986131536->omNode-3-AppendLogResponseHandler: Failed appendEntries: org.apache.ratis.thirdparty.io.grpc.StatusRuntimeException: UNAVAILABLE: io exception
2022-09-29 01:24:47,646 [grpc-default-executor-2] INFO  leader.FollowerInfo (FollowerInfoImpl.java:lambda$new$0(48)) - omNode-1@group-523986131536->omNode-3: nextIndex: updateUnconditionally 224 -> 45
2022-09-29 01:24:47,656 [grpc-default-executor-2] WARN  server.GrpcLogAppender (LogUtils.java:warn(122)) - omNode-1@group-523986131536->omNode-3-AppendLogResponseHandler: Failed appendEntries: org.apache.ratis.thirdparty.io.grpc.StatusRuntimeException: UNAVAILABLE: io exception
2022-09-29 01:24:47,656 [grpc-default-executor-2] INFO  leader.FollowerInfo (FollowerInfoImpl.java:lambda$new$0(48)) - omNode-1@group-523986131536->omNode-3: nextIndex: updateUnconditionally 224 -> 45
2022-09-29 01:24:47,659 [grpc-default-executor-2] WARN  server.GrpcLogAppender (LogUtils.java:warn(122)) - omNode-1@group-523986131536->omNode-3-AppendLogResponseHandler: Failed appendEntries: org.apache.ratis.thirdparty.io.grpc.StatusRuntimeException: UNAVAILABLE: io exception
2022-09-29 01:24:47,659 [grpc-default-executor-2] INFO  leader.FollowerInfo (FollowerInfoImpl.java:lambda$new$0(48)) - omNode-1@group-523986131536->omNode-3: nextIndex: updateUnconditionally 225 -> 45
2022-09-29 01:24:47,661 [grpc-default-executor-2] WARN  server.GrpcLogAppender (LogUtils.java:warn(122)) - omNode-1@group-523986131536->omNode-3-AppendLogResponseHandler: Failed appendEntries: org.apache.ratis.thirdparty.io.grpc.StatusRuntimeException: UNAVAILABLE: io exception
2022-09-29 01:24:47,661 [grpc-default-executor-2] INFO  leader.FollowerInfo (FollowerInfoImpl.java:lambda$new$0(48)) - omNode-1@group-523986131536->omNode-3: nextIndex: updateUnconditionally 226 -> 45
2022-09-29 01:24:47,673 [grpc-default-executor-2] WARN  server.GrpcLogAppender (LogUtils.java:warn(122)) - omNode-1@group-523986131536->omNode-3-AppendLogResponseHandler: Failed appendEntries: org.apache.ratis.thirdparty.io.grpc.StatusRuntimeException: UNAVAILABLE: io exception
2022-09-29 01:24:47,673 [grpc-default-executor-2] INFO  leader.FollowerInfo (FollowerInfoImpl.java:lambda$new$0(48)) - omNode-1@group-523986131536->omNode-3: nextIndex: updateUnconditionally 226 -> 45
2022-09-29 01:24:47,673 [grpc-default-executor-3] WARN  server.GrpcLogAppender (LogUtils.java:warn(122)) - omNode-1@group-523986131536->omNode-3-AppendLogResponseHandler: Failed appendEntries: org.apache.ratis.thirdparty.io.grpc.StatusRuntimeException: UNAVAILABLE: io exception
2022-09-29 01:24:47,674 [grpc-default-executor-3] INFO  leader.FollowerInfo (FollowerInfoImpl.java:lambda$new$0(48)) - omNode-1@group-523986131536->omNode-3: nextIndex: updateUnconditionally 226 -> 45
2022-09-29 01:24:47,674 [grpc-default-executor-2] WARN  server.GrpcLogAppender (LogUtils.java:warn(122)) - omNode-1@group-523986131536->omNode-3-AppendLogResponseHandler: Failed appendEntries: org.apache.ratis.thirdparty.io.grpc.StatusRuntimeException: UNAVAILABLE: io exception
2022-09-29 01:24:47,675 [grpc-default-executor-2] INFO  leader.FollowerInfo (FollowerInfoImpl.java:lambda$new$0(48)) - omNode-1@group-523986131536->omNode-3: nextIndex: updateUnconditionally 227 -> 45
2022-09-29 01:24:47,686 [grpc-default-executor-3] WARN  server.GrpcLogAppender (LogUtils.java:warn(122)) - omNode-1@group-523986131536->omNode-3-AppendLogResponseHandler: Failed appendEntries: org.apache.ratis.thirdparty.io.grpc.StatusRuntimeException: UNAVAILABLE: io exception
2022-09-29 01:24:47,686 [grpc-default-executor-3] INFO  leader.FollowerInfo (FollowerInfoImpl.java:lambda$new$0(48)) - omNode-1@group-523986131536->omNode-3: nextIndex: updateUnconditionally 227 -> 45
2022-09-29 01:24:47,687 [grpc-default-executor-3] WARN  server.GrpcLogAppender (LogUtils.java:warn(122)) - omNode-1@group-523986131536->omNode-3-AppendLogResponseHandler: Failed appendEntries: org.apache.ratis.thirdparty.io.grpc.StatusRuntimeException: UNAVAILABLE: io exception
2022-09-29 01:24:47,687 [grpc-default-executor-3] INFO  leader.FollowerInfo (FollowerInfoImpl.java:lambda$new$0(48)) - omNode-1@group-523986131536->omNode-3: nextIndex: updateUnconditionally 227 -> 45
2022-09-29 01:24:47,694 [grpc-default-executor-2] WARN  server.GrpcLogAppender (LogUtils.java:warn(122)) - omNode-1@group-523986131536->omNode-3-AppendLogResponseHandler: Failed appendEntries: org.apache.ratis.thirdparty.io.grpc.StatusRuntimeException: UNAVAILABLE: io exception
2022-09-29 01:24:47,694 [grpc-default-executor-2] INFO  leader.FollowerInfo (FollowerInfoImpl.java:lambda$new$0(48)) - omNode-1@group-523986131536->omNode-3: nextIndex: updateUnconditionally 228 -> 45
2022-09-29 01:24:47,702 [grpc-default-executor-2] WARN  server.GrpcLogAppender (LogUtils.java:warn(122)) - omNode-1@group-523986131536->omNode-3-AppendLogResponseHandler: Failed appendEntries: org.apache.ratis.thirdparty.io.grpc.StatusRuntimeException: UNAVAILABLE: io exception
2022-09-29 01:24:47,702 [grpc-default-executor-2] INFO  leader.FollowerInfo (FollowerInfoImpl.java:lambda$new$0(48)) - omNode-1@group-523986131536->omNode-3: nextIndex: updateUnconditionally 228 -> 45
2022-09-29 01:24:47,704 [grpc-default-executor-2] WARN  server.GrpcLogAppender (LogUtils.java:warn(122)) - omNode-1@group-523986131536->omNode-3-AppendLogResponseHandler: Failed appendEntries: org.apache.ratis.thirdparty.io.grpc.StatusRuntimeException: UNAVAILABLE: io exception
2022-09-29 01:24:47,704 [grpc-default-executor-2] INFO  leader.FollowerInfo (FollowerInfoImpl.java:lambda$new$0(48)) - omNode-1@group-523986131536->omNode-3: nextIndex: updateUnconditionally 229 -> 45
2022-09-29 01:24:47,706 [grpc-default-executor-2] WARN  server.GrpcLogAppender (LogUtils.java:warn(122)) - omNode-1@group-523986131536->omNode-3-AppendLogResponseHandler: Failed appendEntries: org.apache.ratis.thirdparty.io.grpc.StatusRuntimeException: UNAVAILABLE: io exception
2022-09-29 01:24:47,706 [grpc-default-executor-2] INFO  leader.FollowerInfo (FollowerInfoImpl.java:lambda$new$0(48)) - omNode-1@group-523986131536->omNode-3: nextIndex: updateUnconditionally 230 -> 45
2022-09-29 01:24:47,717 [grpc-default-executor-2] WARN  server.GrpcLogAppender (LogUtils.java:warn(122)) - omNode-1@group-523986131536->omNode-3-AppendLogResponseHandler: Failed appendEntries: org.apache.ratis.thirdparty.io.grpc.StatusRuntimeException: UNAVAILABLE: io exception
2022-09-29 01:24:47,717 [grpc-default-executor-2] INFO  leader.FollowerInfo (FollowerInfoImpl.java:lambda$new$0(48)) - omNode-1@group-523986131536->omNode-3: nextIndex: updateUnconditionally 230 -> 45
2022-09-29 01:24:47,718 [grpc-default-executor-2] WARN  server.GrpcLogAppender (LogUtils.java:warn(122)) - omNode-1@group-523986131536->omNode-3-AppendLogResponseHandler: Failed appendEntries: org.apache.ratis.thirdparty.io.grpc.StatusRuntimeException: UNAVAILABLE: io exception
2022-09-29 01:24:47,718 [grpc-default-executor-2] INFO  leader.FollowerInfo (FollowerInfoImpl.java:lambda$new$0(48)) - omNode-1@group-523986131536->omNode-3: nextIndex: updateUnconditionally 230 -> 45
2022-09-29 01:24:47,723 [grpc-default-executor-3] WARN  server.GrpcLogAppender (LogUtils.java:warn(122)) - omNode-1@group-523986131536->omNode-3-AppendLogResponseHandler: Failed appendEntries: org.apache.ratis.thirdparty.io.grpc.StatusRuntimeException: UNAVAILABLE: io exception
2022-09-29 01:24:47,724 [grpc-default-executor-3] INFO  leader.FollowerInfo (FollowerInfoImpl.java:lambda$new$0(48)) - omNode-1@group-523986131536->omNode-3: nextIndex: updateUnconditionally 231 -> 45
2022-09-29 01:24:47,737 [grpc-default-executor-3] WARN  server.GrpcLogAppender (LogUtils.java:warn(122)) - omNode-1@group-523986131536->omNode-3-AppendLogResponseHandler: Failed appendEntries: org.apache.ratis.thirdparty.io.grpc.StatusRuntimeException: UNAVAILABLE: io exception
2022-09-29 01:24:47,737 [grpc-default-executor-3] INFO  leader.FollowerInfo (FollowerInfoImpl.java:lambda$new$0(48)) - omNode-1@group-523986131536->omNode-3: nextIndex: updateUnconditionally 231 -> 45
2022-09-29 01:24:47,745 [grpc-default-executor-0] WARN  server.GrpcLogAppender (LogUtils.java:warn(122)) - omNode-1@group-523986131536->omNode-3-AppendLogResponseHandler: Failed appendEntries: org.apache.ratis.thirdparty.io.grpc.StatusRuntimeException: UNAVAILABLE: io exception
2022-09-29 01:24:47,745 [grpc-default-executor-0] INFO  leader.FollowerInfo (FollowerInfoImpl.java:lambda$new$0(48)) - omNode-1@group-523986131536->omNode-3: nextIndex: updateUnconditionally 231 -> 45
2022-09-29 01:24:47,749 [grpc-default-executor-2] WARN  server.GrpcLogAppender (LogUtils.java:warn(122)) - omNode-1@group-523986131536->omNode-3-AppendLogResponseHandler: Failed appendEntries: org.apache.ratis.thirdparty.io.grpc.StatusRuntimeException: UNAVAILABLE: io exception
2022-09-29 01:24:47,749 [grpc-default-executor-2] INFO  leader.FollowerInfo (FollowerInfoImpl.java:lambda$new$0(48)) - omNode-1@group-523986131536->omNode-3: nextIndex: updateUnconditionally 232 -> 45
2022-09-29 01:24:47,765 [grpc-default-executor-0] WARN  server.GrpcLogAppender (LogUtils.java:warn(122)) - omNode-1@group-523986131536->omNode-3-AppendLogResponseHandler: Failed appendEntries: org.apache.ratis.thirdparty.io.grpc.StatusRuntimeException: UNAVAILABLE: io exception
2022-09-29 01:24:47,765 [grpc-default-executor-0] INFO  leader.FollowerInfo (FollowerInfoImpl.java:lambda$new$0(48)) - omNode-1@group-523986131536->omNode-3: nextIndex: updateUnconditionally 232 -> 45
2022-09-29 01:24:47,766 [grpc-default-executor-3] WARN  server.GrpcLogAppender (LogUtils.java:warn(122)) - omNode-1@group-523986131536->omNode-3-AppendLogResponseHandler: Failed appendEntries: org.apache.ratis.thirdparty.io.grpc.StatusRuntimeException: UNAVAILABLE: io exception
2022-09-29 01:24:47,766 [grpc-default-executor-3] INFO  leader.FollowerInfo (FollowerInfoImpl.java:lambda$new$0(48)) - omNode-1@group-523986131536->omNode-3: nextIndex: updateUnconditionally 234 -> 45
2022-09-29 01:24:47,772 [grpc-default-executor-2] WARN  server.GrpcLogAppender (LogUtils.java:warn(122)) - omNode-1@group-523986131536->omNode-3-AppendLogResponseHandler: Failed appendEntries: org.apache.ratis.thirdparty.io.grpc.StatusRuntimeException: UNAVAILABLE: io exception
2022-09-29 01:24:47,772 [grpc-default-executor-2] INFO  leader.FollowerInfo (FollowerInfoImpl.java:lambda$new$0(48)) - omNode-1@group-523986131536->omNode-3: nextIndex: updateUnconditionally 234 -> 45
2022-09-29 01:24:47,779 [grpc-default-executor-0] WARN  server.GrpcLogAppender (LogUtils.java:warn(122)) - omNode-1@group-523986131536->omNode-3-AppendLogResponseHandler: Failed appendEntries: org.apache.ratis.thirdparty.io.grpc.StatusRuntimeException: UNAVAILABLE: io exception
2022-09-29 01:24:47,780 [grpc-default-executor-0] INFO  leader.FollowerInfo (FollowerInfoImpl.java:lambda$new$0(48)) - omNode-1@group-523986131536->omNode-3: nextIndex: updateUnconditionally 235 -> 45
2022-09-29 01:24:47,810 [grpc-default-executor-0] WARN  server.GrpcLogAppender (LogUtils.java:warn(122)) - omNode-1@group-523986131536->omNode-3-AppendLogResponseHandler: Failed appendEntries: org.apache.ratis.thirdparty.io.grpc.StatusRuntimeException: UNAVAILABLE: io exception
2022-09-29 01:24:47,810 [grpc-default-executor-0] INFO  leader.FollowerInfo (FollowerInfoImpl.java:lambda$new$0(48)) - omNode-1@group-523986131536->omNode-3: nextIndex: updateUnconditionally 236 -> 45
2022-09-29 01:24:47,817 [grpc-default-executor-0] WARN  server.GrpcLogAppender (LogUtils.java:warn(122)) - omNode-1@group-523986131536->omNode-3-AppendLogResponseHandler: Failed appendEntries: org.apache.ratis.thirdparty.io.grpc.StatusRuntimeException: UNAVAILABLE: io exception
2022-09-29 01:24:47,817 [grpc-default-executor-0] INFO  leader.FollowerInfo (FollowerInfoImpl.java:lambda$new$0(48)) - omNode-1@group-523986131536->omNode-3: nextIndex: updateUnconditionally 236 -> 45
2022-09-29 01:24:47,830 [grpc-default-executor-0] WARN  server.GrpcLogAppender (LogUtils.java:warn(122)) - omNode-1@group-523986131536->omNode-3-AppendLogResponseHandler: Failed appendEntries: org.apache.ratis.thirdparty.io.grpc.StatusRuntimeException: UNAVAILABLE: io exception
2022-09-29 01:24:47,831 [grpc-default-executor-0] INFO  leader.FollowerInfo (FollowerInfoImpl.java:lambda$new$0(48)) - omNode-1@group-523986131536->omNode-3: nextIndex: updateUnconditionally 237 -> 45
2022-09-29 01:24:47,835 [grpc-default-executor-0] WARN  server.GrpcLogAppender (LogUtils.java:warn(122)) - omNode-1@group-523986131536->omNode-3-AppendLogResponseHandler: Failed appendEntries: org.apache.ratis.thirdparty.io.grpc.StatusRuntimeException: UNAVAILABLE: io exception
2022-09-29 01:24:47,835 [grpc-default-executor-0] INFO  leader.FollowerInfo (FollowerInfoImpl.java:lambda$new$0(48)) - omNode-1@group-523986131536->omNode-3: nextIndex: updateUnconditionally 238 -> 45
2022-09-29 01:24:47,843 [grpc-default-executor-0] WARN  server.GrpcLogAppender (LogUtils.java:warn(122)) - omNode-1@group-523986131536->omNode-3-AppendLogResponseHandler: Failed appendEntries: org.apache.ratis.thirdparty.io.grpc.StatusRuntimeException: UNAVAILABLE: io exception
2022-09-29 01:24:47,843 [grpc-default-executor-0] INFO  leader.FollowerInfo (FollowerInfoImpl.java:lambda$new$0(48)) - omNode-1@group-523986131536->omNode-3: nextIndex: updateUnconditionally 238 -> 45
2022-09-29 01:24:47,843 [grpc-default-executor-0] WARN  server.GrpcLogAppender (LogUtils.java:warn(122)) - omNode-1@group-523986131536->omNode-3-AppendLogResponseHandler: Failed appendEntries: org.apache.ratis.thirdparty.io.grpc.StatusRuntimeException: UNAVAILABLE: io exception
2022-09-29 01:24:47,844 [grpc-default-executor-0] INFO  leader.FollowerInfo (FollowerInfoImpl.java:lambda$new$0(48)) - omNode-1@group-523986131536->omNode-3: nextIndex: updateUnconditionally 238 -> 45
2022-09-29 01:24:47,847 [grpc-default-executor-0] WARN  server.GrpcLogAppender (LogUtils.java:warn(122)) - omNode-1@group-523986131536->omNode-3-AppendLogResponseHandler: Failed appendEntries: org.apache.ratis.thirdparty.io.grpc.StatusRuntimeException: UNAVAILABLE: io exception
2022-09-29 01:24:47,847 [grpc-default-executor-0] INFO  leader.FollowerInfo (FollowerInfoImpl.java:lambda$new$0(48)) - omNode-1@group-523986131536->omNode-3: nextIndex: updateUnconditionally 239 -> 45
2022-09-29 01:24:47,856 [grpc-default-executor-0] WARN  server.GrpcLogAppender (LogUtils.java:warn(122)) - omNode-1@group-523986131536->omNode-3-AppendLogResponseHandler: Failed appendEntries: org.apache.ratis.thirdparty.io.grpc.StatusRuntimeException: UNAVAILABLE: io exception
2022-09-29 01:24:47,856 [grpc-default-executor-0] INFO  leader.FollowerInfo (FollowerInfoImpl.java:lambda$new$0(48)) - omNode-1@group-523986131536->omNode-3: nextIndex: updateUnconditionally 239 -> 45
2022-09-29 01:24:47,857 [grpc-default-executor-0] WARN  server.GrpcLogAppender (LogUtils.java:warn(122)) - omNode-1@group-523986131536->omNode-3-AppendLogResponseHandler: Failed appendEntries: org.apache.ratis.thirdparty.io.grpc.StatusRuntimeException: UNAVAILABLE: io exception
2022-09-29 01:24:47,857 [grpc-default-executor-0] INFO  leader.FollowerInfo (FollowerInfoImpl.java:lambda$new$0(48)) - omNode-1@group-523986131536->omNode-3: nextIndex: updateUnconditionally 239 -> 45
2022-09-29 01:24:47,860 [grpc-default-executor-2] WARN  server.GrpcLogAppender (LogUtils.java:warn(122)) - omNode-1@group-523986131536->omNode-3-AppendLogResponseHandler: Failed appendEntries: org.apache.ratis.thirdparty.io.grpc.StatusRuntimeException: UNAVAILABLE: io exception
2022-09-29 01:24:47,860 [grpc-default-executor-2] INFO  leader.FollowerInfo (FollowerInfoImpl.java:lambda$new$0(48)) - omNode-1@group-523986131536->omNode-3: nextIndex: updateUnconditionally 240 -> 45
2022-09-29 01:24:47,864 [grpc-default-executor-2] WARN  server.GrpcLogAppender (LogUtils.java:warn(122)) - omNode-1@group-523986131536->omNode-3-AppendLogResponseHandler: Failed appendEntries: org.apache.ratis.thirdparty.io.grpc.StatusRuntimeException: UNAVAILABLE: io exception
2022-09-29 01:24:47,866 [f34d6e11-5365-479c-843a-46cf4fedc247@group-22FC3F282C66-FollowerState] INFO  impl.FollowerState (FollowerState.java:run(143)) - f34d6e11-5365-479c-843a-46cf4fedc247@group-22FC3F282C66-FollowerState: change to CANDIDATE, lastRpcElapsedTime:5089505730ns, electionTimeout:5087ms
2022-09-29 01:24:47,866 [f34d6e11-5365-479c-843a-46cf4fedc247@group-22FC3F282C66-FollowerState] INFO  impl.RoleInfo (RoleInfo.java:shutdownFollowerState(110)) - f34d6e11-5365-479c-843a-46cf4fedc247: shutdown f34d6e11-5365-479c-843a-46cf4fedc247@group-22FC3F282C66-FollowerState
2022-09-29 01:24:47,866 [f34d6e11-5365-479c-843a-46cf4fedc247@group-22FC3F282C66-FollowerState] INFO  server.RaftServer$Division (RaftServerImpl.java:setRole(299)) - f34d6e11-5365-479c-843a-46cf4fedc247@group-22FC3F282C66: changes role from  FOLLOWER to CANDIDATE at term 1 for changeToCandidate
2022-09-29 01:24:47,866 [f34d6e11-5365-479c-843a-46cf4fedc247@group-22FC3F282C66-FollowerState] INFO  server.RaftServerConfigKeys (ConfUtils.java:logGet(46)) - raft.server.leaderelection.pre-vote = false (custom)
2022-09-29 01:24:47,866 [f34d6e11-5365-479c-843a-46cf4fedc247@group-22FC3F282C66-FollowerState] INFO  impl.RoleInfo (RoleInfo.java:updateAndGet(139)) - f34d6e11-5365-479c-843a-46cf4fedc247: start f34d6e11-5365-479c-843a-46cf4fedc247@group-22FC3F282C66-LeaderElection48
2022-09-29 01:24:47,868 [grpc-default-executor-2] INFO  leader.FollowerInfo (FollowerInfoImpl.java:lambda$new$0(48)) - omNode-1@group-523986131536->omNode-3: nextIndex: updateUnconditionally 240 -> 45
2022-09-29 01:24:47,874 [grpc-default-executor-3] WARN  server.GrpcLogAppender (LogUtils.java:warn(122)) - omNode-1@group-523986131536->omNode-3-AppendLogResponseHandler: Failed appendEntries: org.apache.ratis.thirdparty.io.grpc.StatusRuntimeException: UNAVAILABLE: io exception
2022-09-29 01:24:47,874 [grpc-default-executor-3] INFO  leader.FollowerInfo (FollowerInfoImpl.java:lambda$new$0(48)) - omNode-1@group-523986131536->omNode-3: nextIndex: updateUnconditionally 242 -> 45
2022-09-29 01:24:47,879 [grpc-default-executor-2] WARN  server.GrpcLogAppender (LogUtils.java:warn(122)) - omNode-1@group-523986131536->omNode-3-AppendLogResponseHandler: Failed appendEntries: org.apache.ratis.thirdparty.io.grpc.StatusRuntimeException: UNAVAILABLE: io exception
2022-09-29 01:24:47,879 [grpc-default-executor-2] INFO  leader.FollowerInfo (FollowerInfoImpl.java:lambda$new$0(48)) - omNode-1@group-523986131536->omNode-3: nextIndex: updateUnconditionally 242 -> 45
2022-09-29 01:24:47,879 [grpc-default-executor-3] WARN  server.GrpcLogAppender (LogUtils.java:warn(122)) - omNode-1@group-523986131536->omNode-3-AppendLogResponseHandler: Failed appendEntries: org.apache.ratis.thirdparty.io.grpc.StatusRuntimeException: UNAVAILABLE: io exception
2022-09-29 01:24:47,880 [grpc-default-executor-3] INFO  leader.FollowerInfo (FollowerInfoImpl.java:lambda$new$0(48)) - omNode-1@group-523986131536->omNode-3: nextIndex: updateUnconditionally 242 -> 45
2022-09-29 01:24:47,881 [f34d6e11-5365-479c-843a-46cf4fedc247@group-22FC3F282C66-LeaderElection48] INFO  impl.LeaderElection (LeaderElection.java:askForVotes(310)) - f34d6e11-5365-479c-843a-46cf4fedc247@group-22FC3F282C66-LeaderElection48 ELECTION round 0: submit vote requests at term 2 for -1: [f34d6e11-5365-479c-843a-46cf4fedc247|rpc:10.1.1.32:44237|dataStream:|priority:1, ab87e520-373e-4ae9-907d-be725358127d|rpc:10.1.1.32:33497|dataStream:|priority:0, eb75263a-35bc-4aa4-abdf-1429eadebe27|rpc:10.1.1.32:35225|dataStream:|priority:0], old=null
2022-09-29 01:24:47,884 [grpc-default-executor-3] WARN  server.GrpcLogAppender (LogUtils.java:warn(122)) - omNode-1@group-523986131536->omNode-3-AppendLogResponseHandler: Failed appendEntries: org.apache.ratis.thirdparty.io.grpc.StatusRuntimeException: UNAVAILABLE: io exception
2022-09-29 01:24:47,885 [grpc-default-executor-3] INFO  leader.FollowerInfo (FollowerInfoImpl.java:lambda$new$0(48)) - omNode-1@group-523986131536->omNode-3: nextIndex: updateUnconditionally 243 -> 45
2022-09-29 01:24:47,899 [grpc-default-executor-2] WARN  server.GrpcLogAppender (LogUtils.java:warn(122)) - omNode-1@group-523986131536->omNode-3-AppendLogResponseHandler: Failed appendEntries: org.apache.ratis.thirdparty.io.grpc.StatusRuntimeException: UNAVAILABLE: io exception
2022-09-29 01:24:47,899 [grpc-default-executor-2] INFO  leader.FollowerInfo (FollowerInfoImpl.java:lambda$new$0(48)) - omNode-1@group-523986131536->omNode-3: nextIndex: updateUnconditionally 243 -> 45
2022-09-29 01:24:47,900 [grpc-default-executor-2] INFO  server.RaftServer$Division (RaftServerImpl.java:requestVote(1152)) - ab87e520-373e-4ae9-907d-be725358127d@group-22FC3F282C66: receive requestVote(ELECTION, f34d6e11-5365-479c-843a-46cf4fedc247, group-22FC3F282C66, 2, (t:0, i:0))
2022-09-29 01:24:47,901 [grpc-default-executor-2] INFO  impl.VoteContext (VoteContext.java:log(48)) - ab87e520-373e-4ae9-907d-be725358127d@group-22FC3F282C66-FOLLOWER: accept ELECTION from f34d6e11-5365-479c-843a-46cf4fedc247: our priority 0 <= candidate's priority 1
2022-09-29 01:24:47,901 [grpc-default-executor-2] INFO  server.RaftServer$Division (RaftServerImpl.java:setRole(299)) - ab87e520-373e-4ae9-907d-be725358127d@group-22FC3F282C66: changes role from  FOLLOWER to FOLLOWER at term 2 for candidate:f34d6e11-5365-479c-843a-46cf4fedc247
2022-09-29 01:24:47,901 [grpc-default-executor-2] INFO  impl.RoleInfo (RoleInfo.java:shutdownFollowerState(110)) - ab87e520-373e-4ae9-907d-be725358127d: shutdown ab87e520-373e-4ae9-907d-be725358127d@group-22FC3F282C66-FollowerState
2022-09-29 01:24:47,901 [grpc-default-executor-2] INFO  impl.RoleInfo (RoleInfo.java:updateAndGet(139)) - ab87e520-373e-4ae9-907d-be725358127d: start ab87e520-373e-4ae9-907d-be725358127d@group-22FC3F282C66-FollowerState
2022-09-29 01:24:47,902 [grpc-default-executor-3] WARN  server.GrpcLogAppender (LogUtils.java:warn(122)) - omNode-1@group-523986131536->omNode-3-AppendLogResponseHandler: Failed appendEntries: org.apache.ratis.thirdparty.io.grpc.StatusRuntimeException: UNAVAILABLE: io exception
2022-09-29 01:24:47,902 [grpc-default-executor-3] INFO  leader.FollowerInfo (FollowerInfoImpl.java:lambda$new$0(48)) - omNode-1@group-523986131536->omNode-3: nextIndex: updateUnconditionally 244 -> 45
2022-09-29 01:24:47,904 [ab87e520-373e-4ae9-907d-be725358127d@group-22FC3F282C66-FollowerState] INFO  impl.FollowerState (FollowerState.java:run(152)) - ab87e520-373e-4ae9-907d-be725358127d@group-22FC3F282C66-FollowerState was interrupted
2022-09-29 01:24:47,909 [grpc-default-executor-2] INFO  server.RaftServer$Division (RaftServerImpl.java:requestVote(1184)) - ab87e520-373e-4ae9-907d-be725358127d@group-22FC3F282C66 replies to ELECTION vote request: f34d6e11-5365-479c-843a-46cf4fedc247<-ab87e520-373e-4ae9-907d-be725358127d#0:OK-t2. Peer's state: ab87e520-373e-4ae9-907d-be725358127d@group-22FC3F282C66:t2, leader=null, voted=f34d6e11-5365-479c-843a-46cf4fedc247, raftlog=ab87e520-373e-4ae9-907d-be725358127d@group-22FC3F282C66-SegmentedRaftLog:OPENED:c-1, conf=-1: [f34d6e11-5365-479c-843a-46cf4fedc247|rpc:10.1.1.32:44237|dataStream:|priority:1, ab87e520-373e-4ae9-907d-be725358127d|rpc:10.1.1.32:33497|dataStream:|priority:0, eb75263a-35bc-4aa4-abdf-1429eadebe27|rpc:10.1.1.32:35225|dataStream:|priority:0], old=null
2022-09-29 01:24:47,917 [f34d6e11-5365-479c-843a-46cf4fedc247@group-22FC3F282C66-LeaderElection48] INFO  impl.LeaderElection (LeaderElection.java:logAndReturn(90)) - f34d6e11-5365-479c-843a-46cf4fedc247@group-22FC3F282C66-LeaderElection48: ELECTION PASSED received 1 response(s) and 0 exception(s):
2022-09-29 01:24:47,917 [f34d6e11-5365-479c-843a-46cf4fedc247@group-22FC3F282C66-LeaderElection48] INFO  impl.LeaderElection (LeaderElection.java:logAndReturn(94)) -   Response 0: f34d6e11-5365-479c-843a-46cf4fedc247<-ab87e520-373e-4ae9-907d-be725358127d#0:OK-t2
2022-09-29 01:24:47,918 [f34d6e11-5365-479c-843a-46cf4fedc247@group-22FC3F282C66-LeaderElection48] INFO  impl.LeaderElection (LeaderElection.java:askForVotes(312)) - f34d6e11-5365-479c-843a-46cf4fedc247@group-22FC3F282C66-LeaderElection48 ELECTION round 0: result PASSED
2022-09-29 01:24:47,918 [f34d6e11-5365-479c-843a-46cf4fedc247@group-22FC3F282C66-LeaderElection48] INFO  impl.RoleInfo (RoleInfo.java:shutdownLeaderElection(130)) - f34d6e11-5365-479c-843a-46cf4fedc247: shutdown f34d6e11-5365-479c-843a-46cf4fedc247@group-22FC3F282C66-LeaderElection48
2022-09-29 01:24:47,918 [f34d6e11-5365-479c-843a-46cf4fedc247@group-22FC3F282C66-LeaderElection48] INFO  server.RaftServer$Division (RaftServerImpl.java:setRole(299)) - f34d6e11-5365-479c-843a-46cf4fedc247@group-22FC3F282C66: changes role from CANDIDATE to LEADER at term 2 for changeToLeader
2022-09-29 01:24:47,918 [f34d6e11-5365-479c-843a-46cf4fedc247@group-22FC3F282C66-LeaderElection48] INFO  ratis.XceiverServerRatis (XceiverServerRatis.java:handleLeaderChangedNotification(863)) - Leader change notification received for group: group-22FC3F282C66 with new leaderId: f34d6e11-5365-479c-843a-46cf4fedc247
2022-09-29 01:24:47,918 [f34d6e11-5365-479c-843a-46cf4fedc247@group-22FC3F282C66-LeaderElection48] INFO  server.RaftServer$Division (ServerState.java:setLeader(287)) - f34d6e11-5365-479c-843a-46cf4fedc247@group-22FC3F282C66: change Leader from null to f34d6e11-5365-479c-843a-46cf4fedc247 at term 2 for becomeLeader, leader elected after 10231ms
2022-09-29 01:24:47,918 [f34d6e11-5365-479c-843a-46cf4fedc247@group-22FC3F282C66-LeaderElection48] INFO  server.RaftServerConfigKeys (ConfUtils.java:logGet(46)) - raft.server.staging.catchup.gap = 1000 (default)
2022-09-29 01:24:47,918 [f34d6e11-5365-479c-843a-46cf4fedc247@group-22FC3F282C66-LeaderElection48] INFO  server.RaftServerConfigKeys (ConfUtils.java:logGet(46)) - raft.server.write.element-limit = 1024 (custom)
2022-09-29 01:24:47,918 [f34d6e11-5365-479c-843a-46cf4fedc247@group-22FC3F282C66-LeaderElection48] INFO  server.RaftServerConfigKeys (ConfUtils.java:logGet(46)) - raft.server.write.byte-limit = 1024 M (=1073741824) (custom)
2022-09-29 01:24:47,919 [grpc-default-executor-2] WARN  server.GrpcLogAppender (LogUtils.java:warn(122)) - omNode-1@group-523986131536->omNode-3-AppendLogResponseHandler: Failed appendEntries: org.apache.ratis.thirdparty.io.grpc.StatusRuntimeException: UNAVAILABLE: io exception
2022-09-29 01:24:47,919 [f34d6e11-5365-479c-843a-46cf4fedc247@group-22FC3F282C66-LeaderElection48] INFO  server.RaftServerConfigKeys (ConfUtils.java:logGet(46)) - raft.server.watch.timeout = 180s (custom)
2022-09-29 01:24:47,919 [f34d6e11-5365-479c-843a-46cf4fedc247@group-22FC3F282C66-LeaderElection48] INFO  server.RaftServerConfigKeys (ConfUtils.java:logGet(46)) - raft.server.watch.timeout.denomination = 1s (default)
2022-09-29 01:24:47,919 [grpc-default-executor-2] INFO  leader.FollowerInfo (FollowerInfoImpl.java:lambda$new$0(48)) - omNode-1@group-523986131536->omNode-3: nextIndex: updateUnconditionally 244 -> 45
2022-09-29 01:24:47,921 [grpc-default-executor-3] INFO  server.RaftServer$Division (RaftServerImpl.java:requestVote(1152)) - eb75263a-35bc-4aa4-abdf-1429eadebe27@group-22FC3F282C66: receive requestVote(ELECTION, f34d6e11-5365-479c-843a-46cf4fedc247, group-22FC3F282C66, 2, (t:0, i:0))
2022-09-29 01:24:47,922 [grpc-default-executor-3] INFO  impl.VoteContext (VoteContext.java:log(48)) - eb75263a-35bc-4aa4-abdf-1429eadebe27@group-22FC3F282C66-FOLLOWER: accept ELECTION from f34d6e11-5365-479c-843a-46cf4fedc247: our priority 0 <= candidate's priority 1
2022-09-29 01:24:47,922 [grpc-default-executor-3] INFO  server.RaftServer$Division (RaftServerImpl.java:setRole(299)) - eb75263a-35bc-4aa4-abdf-1429eadebe27@group-22FC3F282C66: changes role from  FOLLOWER to FOLLOWER at term 2 for candidate:f34d6e11-5365-479c-843a-46cf4fedc247
2022-09-29 01:24:47,922 [grpc-default-executor-3] INFO  impl.RoleInfo (RoleInfo.java:shutdownFollowerState(110)) - eb75263a-35bc-4aa4-abdf-1429eadebe27: shutdown eb75263a-35bc-4aa4-abdf-1429eadebe27@group-22FC3F282C66-FollowerState
2022-09-29 01:24:47,922 [grpc-default-executor-3] INFO  impl.RoleInfo (RoleInfo.java:updateAndGet(139)) - eb75263a-35bc-4aa4-abdf-1429eadebe27: start eb75263a-35bc-4aa4-abdf-1429eadebe27@group-22FC3F282C66-FollowerState
2022-09-29 01:24:47,919 [f34d6e11-5365-479c-843a-46cf4fedc247@group-22FC3F282C66-LeaderElection48] INFO  server.RaftServerConfigKeys (ConfUtils.java:logGet(46)) - raft.server.watch.element-limit = 65536 (default)
2022-09-29 01:24:47,925 [f34d6e11-5365-479c-843a-46cf4fedc247@group-22FC3F282C66-LeaderElection48] INFO  server.RaftServerConfigKeys (ConfUtils.java:logGet(46)) - raft.server.write.element-limit = 1024 (custom)
2022-09-29 01:24:47,925 [f34d6e11-5365-479c-843a-46cf4fedc247@group-22FC3F282C66-LeaderElection48] INFO  server.RaftServerConfigKeys (ConfUtils.java:logGet(46)) - raft.server.write.follower.gap.ratio.max = -1.0 (default)
2022-09-29 01:24:47,926 [f34d6e11-5365-479c-843a-46cf4fedc247@group-22FC3F282C66-LeaderElection48] INFO  server.RaftServerConfigKeys (ConfUtils.java:logGet(46)) - raft.server.log.appender.snapshot.chunk.size.max = 16MB (=16777216) (default)
2022-09-29 01:24:47,926 [f34d6e11-5365-479c-843a-46cf4fedc247@group-22FC3F282C66-LeaderElection48] INFO  server.RaftServerConfigKeys (ConfUtils.java:logGet(46)) - raft.server.log.appender.buffer.byte-limit = 33554432 (custom)
2022-09-29 01:24:47,926 [f34d6e11-5365-479c-843a-46cf4fedc247@group-22FC3F282C66-LeaderElection48] INFO  server.RaftServerConfigKeys (ConfUtils.java:logGet(46)) - raft.server.log.appender.buffer.element-limit = 1 (custom)
2022-09-29 01:24:47,926 [eb75263a-35bc-4aa4-abdf-1429eadebe27@group-22FC3F282C66-FollowerState] INFO  impl.FollowerState (FollowerState.java:run(152)) - eb75263a-35bc-4aa4-abdf-1429eadebe27@group-22FC3F282C66-FollowerState was interrupted
2022-09-29 01:24:47,930 [EventQueue-PipelineReportForPipelineReportHandler] INFO  pipeline.PipelineManagerImpl (PipelineManagerImpl.java:openPipeline(367)) - Pipeline Pipeline[ Id: 8caef88f-c7dc-4582-b275-22fc3f282c66, Nodes: eb75263a-35bc-4aa4-abdf-1429eadebe27{ip: 10.1.1.32, host: fv-az182-579.xlcsutvm5t3ellfcnbcbis3udb.bx.internal.cloudapp.net, ports: [REPLICATION=36843, RATIS=35225, RATIS_ADMIN=35225, RATIS_SERVER=35225, STANDALONE=43153], networkLocation: /default-rack, certSerialId: null, persistedOpState: IN_SERVICE, persistedOpStateExpiryEpochSec: 0}f34d6e11-5365-479c-843a-46cf4fedc247{ip: 10.1.1.32, host: fv-az182-579.xlcsutvm5t3ellfcnbcbis3udb.bx.internal.cloudapp.net, ports: [REPLICATION=38773, RATIS=44237, RATIS_ADMIN=44237, RATIS_SERVER=44237, STANDALONE=46671], networkLocation: /default-rack, certSerialId: null, persistedOpState: IN_SERVICE, persistedOpStateExpiryEpochSec: 0}ab87e520-373e-4ae9-907d-be725358127d{ip: 10.1.1.32, host: fv-az182-579.xlcsutvm5t3ellfcnbcbis3udb.bx.internal.cloudapp.net, ports: [REPLICATION=36017, RATIS=33497, RATIS_ADMIN=33497, RATIS_SERVER=33497, STANDALONE=33669], networkLocation: /default-rack, certSerialId: null, persistedOpState: IN_SERVICE, persistedOpStateExpiryEpochSec: 0}, ReplicationConfig: RATIS/THREE, State:ALLOCATED, leaderId:f34d6e11-5365-479c-843a-46cf4fedc247, CreationTimestamp2022-09-29T01:24:35.336Z[Etc/UTC]] moved to OPEN state
2022-09-29 01:24:47,949 [f34d6e11-5365-479c-843a-46cf4fedc247@group-22FC3F282C66-LeaderElection48] INFO  grpc.GrpcConfigKeys (ConfUtils.java:logGet(46)) - raft.grpc.server.leader.outstanding.appends.max = 128 (default)
2022-09-29 01:24:47,949 [grpc-default-executor-0] WARN  server.GrpcLogAppender (LogUtils.java:warn(122)) - omNode-1@group-523986131536->omNode-3-AppendLogResponseHandler: Failed appendEntries: org.apache.ratis.thirdparty.io.grpc.StatusRuntimeException: UNAVAILABLE: io exception
2022-09-29 01:24:47,949 [f34d6e11-5365-479c-843a-46cf4fedc247@group-22FC3F282C66-LeaderElection48] INFO  server.RaftServerConfigKeys (ConfUtils.java:logGet(46)) - raft.server.rpc.request.timeout = 60s (custom)
2022-09-29 01:24:47,950 [f34d6e11-5365-479c-843a-46cf4fedc247@group-22FC3F282C66-LeaderElection48] INFO  server.RaftServerConfigKeys (ConfUtils.java:logGet(46)) - raft.server.log.appender.install.snapshot.enabled = false (custom)
2022-09-29 01:24:47,950 [grpc-default-executor-0] INFO  leader.FollowerInfo (FollowerInfoImpl.java:lambda$new$0(48)) - omNode-1@group-523986131536->omNode-3: nextIndex: updateUnconditionally 245 -> 45
2022-09-29 01:24:47,951 [f34d6e11-5365-479c-843a-46cf4fedc247@group-22FC3F282C66-LeaderElection48] INFO  server.RaftServerConfigKeys (ConfUtils.java:logGet(46)) - raft.server.log.appender.snapshot.chunk.size.max = 16MB (=16777216) (default)
2022-09-29 01:24:47,951 [f34d6e11-5365-479c-843a-46cf4fedc247@group-22FC3F282C66-LeaderElection48] INFO  server.RaftServerConfigKeys (ConfUtils.java:logGet(46)) - raft.server.log.appender.buffer.byte-limit = 33554432 (custom)
2022-09-29 01:24:47,951 [f34d6e11-5365-479c-843a-46cf4fedc247@group-22FC3F282C66-LeaderElection48] INFO  server.RaftServerConfigKeys (ConfUtils.java:logGet(46)) - raft.server.log.appender.buffer.element-limit = 1 (custom)
2022-09-29 01:24:47,952 [grpc-default-executor-0] WARN  server.GrpcLogAppender (LogUtils.java:warn(122)) - omNode-1@group-523986131536->omNode-3-AppendLogResponseHandler: Failed appendEntries: org.apache.ratis.thirdparty.io.grpc.StatusRuntimeException: UNAVAILABLE: io exception
2022-09-29 01:24:47,953 [grpc-default-executor-0] INFO  leader.FollowerInfo (FollowerInfoImpl.java:lambda$new$0(48)) - omNode-1@group-523986131536->omNode-3: nextIndex: updateUnconditionally 246 -> 45
2022-09-29 01:24:47,958 [grpc-default-executor-3] INFO  server.RaftServer$Division (RaftServerImpl.java:requestVote(1184)) - eb75263a-35bc-4aa4-abdf-1429eadebe27@group-22FC3F282C66 replies to ELECTION vote request: f34d6e11-5365-479c-843a-46cf4fedc247<-eb75263a-35bc-4aa4-abdf-1429eadebe27#0:OK-t2. Peer's state: eb75263a-35bc-4aa4-abdf-1429eadebe27@group-22FC3F282C66:t2, leader=null, voted=f34d6e11-5365-479c-843a-46cf4fedc247, raftlog=eb75263a-35bc-4aa4-abdf-1429eadebe27@group-22FC3F282C66-SegmentedRaftLog:OPENED:c-1, conf=-1: [f34d6e11-5365-479c-843a-46cf4fedc247|rpc:10.1.1.32:44237|priority:1, ab87e520-373e-4ae9-907d-be725358127d|rpc:10.1.1.32:33497|priority:0, eb75263a-35bc-4aa4-abdf-1429eadebe27|rpc:10.1.1.32:35225|priority:0], old=null
2022-09-29 01:24:47,974 [f34d6e11-5365-479c-843a-46cf4fedc247@group-22FC3F282C66-LeaderElection48] INFO  grpc.GrpcConfigKeys (ConfUtils.java:logGet(46)) - raft.grpc.server.leader.outstanding.appends.max = 128 (default)
2022-09-29 01:24:47,974 [f34d6e11-5365-479c-843a-46cf4fedc247@group-22FC3F282C66-LeaderElection48] INFO  server.RaftServerConfigKeys (ConfUtils.java:logGet(46)) - raft.server.rpc.request.timeout = 60s (custom)
2022-09-29 01:24:47,974 [f34d6e11-5365-479c-843a-46cf4fedc247@group-22FC3F282C66-LeaderElection48] INFO  server.RaftServerConfigKeys (ConfUtils.java:logGet(46)) - raft.server.log.appender.install.snapshot.enabled = false (custom)
2022-09-29 01:24:47,974 [f34d6e11-5365-479c-843a-46cf4fedc247@group-22FC3F282C66-LeaderElection48] INFO  impl.RoleInfo (RoleInfo.java:updateAndGet(139)) - f34d6e11-5365-479c-843a-46cf4fedc247: start f34d6e11-5365-479c-843a-46cf4fedc247@group-22FC3F282C66-LeaderStateImpl
2022-09-29 01:24:47,975 [f34d6e11-5365-479c-843a-46cf4fedc247@group-22FC3F282C66-LeaderElection48] INFO  segmented.SegmentedRaftLogWorker (SegmentedRaftLogWorker.java:startLogSegment(425)) - f34d6e11-5365-479c-843a-46cf4fedc247@group-22FC3F282C66-SegmentedRaftLogWorker: Starting segment from index:0
2022-09-29 01:24:47,977 [f34d6e11-5365-479c-843a-46cf4fedc247@group-22FC3F282C66-SegmentedRaftLogWorker] INFO  segmented.SegmentedRaftLogWorker (SegmentedRaftLogWorker.java:execute(629)) - f34d6e11-5365-479c-843a-46cf4fedc247@group-22FC3F282C66-SegmentedRaftLogWorker: created new log segment /home/runner/work/ozone/ozone/hadoop-ozone/integration-test/target/test-dir/MiniOzoneClusterImpl-0d15d221-0049-42ab-bf49-1e4b736e68e8/datanode-2/data/ratis/8caef88f-c7dc-4582-b275-22fc3f282c66/current/log_inprogress_0
2022-09-29 01:24:48,005 [grpc-default-executor-3] WARN  server.GrpcLogAppender (LogUtils.java:warn(122)) - omNode-1@group-523986131536->omNode-3-AppendLogResponseHandler: Failed appendEntries: org.apache.ratis.thirdparty.io.grpc.StatusRuntimeException: UNAVAILABLE: io exception
2022-09-29 01:24:48,005 [grpc-default-executor-3] INFO  leader.FollowerInfo (FollowerInfoImpl.java:lambda$new$0(48)) - omNode-1@group-523986131536->omNode-3: nextIndex: updateUnconditionally 247 -> 45
2022-09-29 01:24:48,012 [f34d6e11-5365-479c-843a-46cf4fedc247@group-22FC3F282C66-LeaderElection48] INFO  server.RaftServer$Division (ServerState.java:setRaftConf(393)) - f34d6e11-5365-479c-843a-46cf4fedc247@group-22FC3F282C66: set configuration 0: [f34d6e11-5365-479c-843a-46cf4fedc247|rpc:10.1.1.32:44237|dataStream:|priority:1, ab87e520-373e-4ae9-907d-be725358127d|rpc:10.1.1.32:33497|dataStream:|priority:0, eb75263a-35bc-4aa4-abdf-1429eadebe27|rpc:10.1.1.32:35225|dataStream:|priority:0], old=null
2022-09-29 01:24:48,020 [grpc-default-executor-3] WARN  server.GrpcLogAppender (LogUtils.java:warn(122)) - omNode-1@group-523986131536->omNode-3-AppendLogResponseHandler: Failed appendEntries: org.apache.ratis.thirdparty.io.grpc.StatusRuntimeException: UNAVAILABLE: io exception
2022-09-29 01:24:48,020 [grpc-default-executor-3] INFO  leader.FollowerInfo (FollowerInfoImpl.java:lambda$new$0(48)) - omNode-1@group-523986131536->omNode-3: nextIndex: updateUnconditionally 248 -> 45
2022-09-29 01:24:48,030 [grpc-default-executor-3] WARN  server.GrpcLogAppender (LogUtils.java:warn(122)) - omNode-1@group-523986131536->omNode-3-AppendLogResponseHandler: Failed appendEntries: org.apache.ratis.thirdparty.io.grpc.StatusRuntimeException: UNAVAILABLE: io exception
2022-09-29 01:24:48,031 [grpc-default-executor-3] INFO  leader.FollowerInfo (FollowerInfoImpl.java:lambda$new$0(48)) - omNode-1@group-523986131536->omNode-3: nextIndex: updateUnconditionally 248 -> 45
2022-09-29 01:24:48,035 [grpc-default-executor-3] WARN  server.GrpcLogAppender (LogUtils.java:warn(122)) - omNode-1@group-523986131536->omNode-3-AppendLogResponseHandler: Failed appendEntries: org.apache.ratis.thirdparty.io.grpc.StatusRuntimeException: UNAVAILABLE: io exception
2022-09-29 01:24:48,035 [grpc-default-executor-3] INFO  leader.FollowerInfo (FollowerInfoImpl.java:lambda$new$0(48)) - omNode-1@group-523986131536->omNode-3: nextIndex: updateUnconditionally 250 -> 45
2022-09-29 01:24:48,036 [grpc-default-executor-0] WARN  server.GrpcLogAppender (LogUtils.java:warn(122)) - omNode-1@group-523986131536->omNode-3-AppendLogResponseHandler: Failed appendEntries: org.apache.ratis.thirdparty.io.grpc.StatusRuntimeException: UNAVAILABLE: io exception
2022-09-29 01:24:48,037 [grpc-default-executor-0] INFO  leader.FollowerInfo (FollowerInfoImpl.java:lambda$new$0(48)) - omNode-1@group-523986131536->omNode-3: nextIndex: updateUnconditionally 250 -> 45
2022-09-29 01:24:48,045 [ab87e520-373e-4ae9-907d-be725358127d-server-thread1] INFO  ratis.XceiverServerRatis (XceiverServerRatis.java:handleLeaderChangedNotification(863)) - Leader change notification received for group: group-22FC3F282C66 with new leaderId: f34d6e11-5365-479c-843a-46cf4fedc247
2022-09-29 01:24:48,045 [ab87e520-373e-4ae9-907d-be725358127d-server-thread1] INFO  server.RaftServer$Division (ServerState.java:setLeader(287)) - ab87e520-373e-4ae9-907d-be725358127d@group-22FC3F282C66: change Leader from null to f34d6e11-5365-479c-843a-46cf4fedc247 at term 2 for appendEntries, leader elected after 10266ms
2022-09-29 01:24:48,048 [ab87e520-373e-4ae9-907d-be725358127d-server-thread1] INFO  server.RaftServer$Division (ServerState.java:setRaftConf(393)) - ab87e520-373e-4ae9-907d-be725358127d@group-22FC3F282C66: set configuration 0: [f34d6e11-5365-479c-843a-46cf4fedc247|rpc:10.1.1.32:44237|dataStream:|priority:1, ab87e520-373e-4ae9-907d-be725358127d|rpc:10.1.1.32:33497|dataStream:|priority:0, eb75263a-35bc-4aa4-abdf-1429eadebe27|rpc:10.1.1.32:35225|dataStream:|priority:0], old=null
2022-09-29 01:24:48,048 [ab87e520-373e-4ae9-907d-be725358127d-server-thread1] INFO  segmented.SegmentedRaftLogWorker (SegmentedRaftLogWorker.java:startLogSegment(425)) - ab87e520-373e-4ae9-907d-be725358127d@group-22FC3F282C66-SegmentedRaftLogWorker: Starting segment from index:0
2022-09-29 01:24:48,054 [grpc-default-executor-0] WARN  server.GrpcLogAppender (LogUtils.java:warn(122)) - omNode-1@group-523986131536->omNode-3-AppendLogResponseHandler: Failed appendEntries: org.apache.ratis.thirdparty.io.grpc.StatusRuntimeException: UNAVAILABLE: io exception
2022-09-29 01:24:48,055 [grpc-default-executor-0] INFO  leader.FollowerInfo (FollowerInfoImpl.java:lambda$new$0(48)) - omNode-1@group-523986131536->omNode-3: nextIndex: updateUnconditionally 251 -> 45
2022-09-29 01:24:48,060 [ab87e520-373e-4ae9-907d-be725358127d@group-22FC3F282C66-SegmentedRaftLogWorker] INFO  segmented.SegmentedRaftLogWorker (SegmentedRaftLogWorker.java:execute(629)) - ab87e520-373e-4ae9-907d-be725358127d@group-22FC3F282C66-SegmentedRaftLogWorker: created new log segment /home/runner/work/ozone/ozone/hadoop-ozone/integration-test/target/test-dir/MiniOzoneClusterImpl-0d15d221-0049-42ab-bf49-1e4b736e68e8/datanode-1/data/ratis/8caef88f-c7dc-4582-b275-22fc3f282c66/current/log_inprogress_0
2022-09-29 01:24:48,071 [eb75263a-35bc-4aa4-abdf-1429eadebe27-server-thread1] INFO  ratis.XceiverServerRatis (XceiverServerRatis.java:handleLeaderChangedNotification(863)) - Leader change notification received for group: group-22FC3F282C66 with new leaderId: f34d6e11-5365-479c-843a-46cf4fedc247
2022-09-29 01:24:48,072 [eb75263a-35bc-4aa4-abdf-1429eadebe27-server-thread1] INFO  server.RaftServer$Division (ServerState.java:setLeader(287)) - eb75263a-35bc-4aa4-abdf-1429eadebe27@group-22FC3F282C66: change Leader from null to f34d6e11-5365-479c-843a-46cf4fedc247 at term 2 for appendEntries, leader elected after 10424ms
2022-09-29 01:24:48,076 [omNode-1@group-523986131536-StateMachineUpdater] INFO  ratis.OzoneManagerStateMachine (OzoneManagerStateMachine.java:takeSnapshot(441)) - Current Snapshot Index (t:2, i:250)
2022-09-29 01:24:48,076 [grpc-default-executor-0] WARN  server.GrpcLogAppender (LogUtils.java:warn(122)) - omNode-1@group-523986131536->omNode-3-AppendLogResponseHandler: Failed appendEntries: org.apache.ratis.thirdparty.io.grpc.StatusRuntimeException: UNAVAILABLE: io exception
2022-09-29 01:24:48,076 [omNode-1@group-523986131536-StateMachineUpdater] INFO  impl.StateMachineUpdater (StateMachineUpdater.java:takeSnapshot(287)) - omNode-1@group-523986131536-StateMachineUpdater: Took a snapshot at index 250
2022-09-29 01:24:48,076 [grpc-default-executor-0] INFO  leader.FollowerInfo (FollowerInfoImpl.java:lambda$new$0(48)) - omNode-1@group-523986131536->omNode-3: nextIndex: updateUnconditionally 251 -> 45
2022-09-29 01:24:48,076 [omNode-1@group-523986131536-StateMachineUpdater] INFO  impl.StateMachineUpdater (StateMachineUpdater.java:lambda$new$0(92)) - omNode-1@group-523986131536-StateMachineUpdater: snapshotIndex: updateIncreasingly 200 -> 250
2022-09-29 01:24:48,078 [omNode-1@group-523986131536-StateMachineUpdater] INFO  raftlog.RaftLog (RaftLogBase.java:purge(308)) - omNode-1@group-523986131536-SegmentedRaftLog: purge 250
2022-09-29 01:24:48,078 [omNode-1@group-523986131536-StateMachineUpdater] INFO  raftlog.RaftLog (RaftLogBase.java:lambda$new$0(53)) - omNode-1@group-523986131536-SegmentedRaftLog: snapshotIndex: updateIncreasingly 200 -> 250
2022-09-29 01:24:48,079 [omNode-1@group-523986131536-StateMachineUpdater] INFO  raftlog.RaftLog (RaftLogBase.java:lambda$new$0(53)) - omNode-1@group-523986131536-SegmentedRaftLog: purgeIndex: updateToMax old=200, new=250, updated? true
2022-09-29 01:24:48,096 [grpc-default-executor-2] WARN  server.GrpcLogAppender (LogUtils.java:warn(122)) - omNode-1@group-523986131536->omNode-3-AppendLogResponseHandler: Failed appendEntries: org.apache.ratis.thirdparty.io.grpc.StatusRuntimeException: UNAVAILABLE: io exception
2022-09-29 01:24:48,096 [grpc-default-executor-2] INFO  leader.FollowerInfo (FollowerInfoImpl.java:lambda$new$0(48)) - omNode-1@group-523986131536->omNode-3: nextIndex: updateUnconditionally 252 -> 45
2022-09-29 01:24:48,103 [grpc-default-executor-2] WARN  server.GrpcLogAppender (LogUtils.java:warn(122)) - omNode-1@group-523986131536->omNode-3-AppendLogResponseHandler: Failed appendEntries: org.apache.ratis.thirdparty.io.grpc.StatusRuntimeException: UNAVAILABLE: io exception
2022-09-29 01:24:48,103 [grpc-default-executor-2] INFO  leader.FollowerInfo (FollowerInfoImpl.java:lambda$new$0(48)) - omNode-1@group-523986131536->omNode-3: nextIndex: updateUnconditionally 253 -> 45
2022-09-29 01:24:48,107 [grpc-default-executor-2] WARN  server.GrpcLogAppender (LogUtils.java:warn(122)) - omNode-1@group-523986131536->omNode-3-AppendLogResponseHandler: Failed appendEntries: org.apache.ratis.thirdparty.io.grpc.StatusRuntimeException: UNAVAILABLE: io exception
2022-09-29 01:24:48,107 [grpc-default-executor-2] INFO  leader.FollowerInfo (FollowerInfoImpl.java:lambda$new$0(48)) - omNode-1@group-523986131536->omNode-3: nextIndex: updateUnconditionally 254 -> 45
2022-09-29 01:24:48,114 [grpc-default-executor-2] WARN  server.GrpcLogAppender (LogUtils.java:warn(122)) - omNode-1@group-523986131536->omNode-3-AppendLogResponseHandler: Failed appendEntries: org.apache.ratis.thirdparty.io.grpc.StatusRuntimeException: UNAVAILABLE: io exception
2022-09-29 01:24:48,114 [grpc-default-executor-2] INFO  leader.FollowerInfo (FollowerInfoImpl.java:lambda$new$0(48)) - omNode-1@group-523986131536->omNode-3: nextIndex: updateUnconditionally 254 -> 45
2022-09-29 01:24:48,118 [grpc-default-executor-2] WARN  server.GrpcLogAppender (LogUtils.java:warn(122)) - omNode-1@group-523986131536->omNode-3-AppendLogResponseHandler: Failed appendEntries: org.apache.ratis.thirdparty.io.grpc.StatusRuntimeException: UNAVAILABLE: io exception
2022-09-29 01:24:48,118 [grpc-default-executor-2] INFO  leader.FollowerInfo (FollowerInfoImpl.java:lambda$new$0(48)) - omNode-1@group-523986131536->omNode-3: nextIndex: updateUnconditionally 255 -> 45
2022-09-29 01:24:48,121 [eb75263a-35bc-4aa4-abdf-1429eadebe27-server-thread1] INFO  server.RaftServer$Division (ServerState.java:setRaftConf(393)) - eb75263a-35bc-4aa4-abdf-1429eadebe27@group-22FC3F282C66: set configuration 0: [f34d6e11-5365-479c-843a-46cf4fedc247|rpc:10.1.1.32:44237|dataStream:|priority:1, ab87e520-373e-4ae9-907d-be725358127d|rpc:10.1.1.32:33497|dataStream:|priority:0, eb75263a-35bc-4aa4-abdf-1429eadebe27|rpc:10.1.1.32:35225|dataStream:|priority:0], old=null
2022-09-29 01:24:48,121 [eb75263a-35bc-4aa4-abdf-1429eadebe27-server-thread1] INFO  segmented.SegmentedRaftLogWorker (SegmentedRaftLogWorker.java:startLogSegment(425)) - eb75263a-35bc-4aa4-abdf-1429eadebe27@group-22FC3F282C66-SegmentedRaftLogWorker: Starting segment from index:0
2022-09-29 01:24:48,134 [eb75263a-35bc-4aa4-abdf-1429eadebe27@group-22FC3F282C66-SegmentedRaftLogWorker] INFO  segmented.SegmentedRaftLogWorker (SegmentedRaftLogWorker.java:execute(629)) - eb75263a-35bc-4aa4-abdf-1429eadebe27@group-22FC3F282C66-SegmentedRaftLogWorker: created new log segment /home/runner/work/ozone/ozone/hadoop-ozone/integration-test/target/test-dir/MiniOzoneClusterImpl-0d15d221-0049-42ab-bf49-1e4b736e68e8/datanode-0/data/ratis/8caef88f-c7dc-4582-b275-22fc3f282c66/current/log_inprogress_0
2022-09-29 01:24:48,134 [omNode-2@group-523986131536-StateMachineUpdater] INFO  ratis.OzoneManagerStateMachine (OzoneManagerStateMachine.java:takeSnapshot(441)) - Current Snapshot Index (t:2, i:253)
2022-09-29 01:24:48,134 [omNode-2@group-523986131536-StateMachineUpdater] INFO  impl.StateMachineUpdater (StateMachineUpdater.java:takeSnapshot(287)) - omNode-2@group-523986131536-StateMachineUpdater: Took a snapshot at index 253
2022-09-29 01:24:48,134 [omNode-2@group-523986131536-StateMachineUpdater] INFO  impl.StateMachineUpdater (StateMachineUpdater.java:lambda$new$0(92)) - omNode-2@group-523986131536-StateMachineUpdater: snapshotIndex: updateIncreasingly 201 -> 253
2022-09-29 01:24:48,135 [omNode-2@group-523986131536-StateMachineUpdater] INFO  raftlog.RaftLog (RaftLogBase.java:purge(308)) - omNode-2@group-523986131536-SegmentedRaftLog: purge 253
2022-09-29 01:24:48,135 [omNode-2@group-523986131536-StateMachineUpdater] INFO  raftlog.RaftLog (RaftLogBase.java:lambda$new$0(53)) - omNode-2@group-523986131536-SegmentedRaftLog: snapshotIndex: updateIncreasingly 201 -> 253
2022-09-29 01:24:48,135 [omNode-2@group-523986131536-StateMachineUpdater] INFO  raftlog.RaftLog (RaftLogBase.java:lambda$new$0(53)) - omNode-2@group-523986131536-SegmentedRaftLog: purgeIndex: updateToMax old=201, new=253, updated? true
2022-09-29 01:24:48,135 [grpc-default-executor-2] WARN  server.GrpcLogAppender (LogUtils.java:warn(122)) - omNode-1@group-523986131536->omNode-3-AppendLogResponseHandler: Failed appendEntries: org.apache.ratis.thirdparty.io.grpc.StatusRuntimeException: UNAVAILABLE: io exception
2022-09-29 01:24:48,135 [grpc-default-executor-2] INFO  leader.FollowerInfo (FollowerInfoImpl.java:lambda$new$0(48)) - omNode-1@group-523986131536->omNode-3: nextIndex: updateUnconditionally 255 -> 45
2022-09-29 01:24:48,136 [grpc-default-executor-2] WARN  server.GrpcLogAppender (LogUtils.java:warn(122)) - omNode-1@group-523986131536->omNode-3-AppendLogResponseHandler: Failed appendEntries: org.apache.ratis.thirdparty.io.grpc.StatusRuntimeException: UNAVAILABLE: io exception
2022-09-29 01:24:48,136 [grpc-default-executor-2] INFO  leader.FollowerInfo (FollowerInfoImpl.java:lambda$new$0(48)) - omNode-1@group-523986131536->omNode-3: nextIndex: updateUnconditionally 255 -> 45
2022-09-29 01:24:48,149 [grpc-default-executor-3] WARN  server.GrpcLogAppender (LogUtils.java:warn(122)) - omNode-1@group-523986131536->omNode-3-AppendLogResponseHandler: Failed appendEntries: org.apache.ratis.thirdparty.io.grpc.StatusRuntimeException: UNAVAILABLE: io exception
2022-09-29 01:24:48,149 [grpc-default-executor-3] INFO  leader.FollowerInfo (FollowerInfoImpl.java:lambda$new$0(48)) - omNode-1@group-523986131536->omNode-3: nextIndex: updateUnconditionally 256 -> 45
2022-09-29 01:24:48,157 [grpc-default-executor-3] WARN  server.GrpcLogAppender (LogUtils.java:warn(122)) - omNode-1@group-523986131536->omNode-3-AppendLogResponseHandler: Failed appendEntries: org.apache.ratis.thirdparty.io.grpc.StatusRuntimeException: UNAVAILABLE: io exception
2022-09-29 01:24:48,157 [grpc-default-executor-3] INFO  leader.FollowerInfo (FollowerInfoImpl.java:lambda$new$0(48)) - omNode-1@group-523986131536->omNode-3: nextIndex: updateUnconditionally 256 -> 45
2022-09-29 01:24:48,158 [grpc-default-executor-3] WARN  server.GrpcLogAppender (LogUtils.java:warn(122)) - omNode-1@group-523986131536->omNode-3-AppendLogResponseHandler: Failed appendEntries: org.apache.ratis.thirdparty.io.grpc.StatusRuntimeException: UNAVAILABLE: io exception
2022-09-29 01:24:48,158 [grpc-default-executor-3] INFO  leader.FollowerInfo (FollowerInfoImpl.java:lambda$new$0(48)) - omNode-1@group-523986131536->omNode-3: nextIndex: updateUnconditionally 257 -> 45
2022-09-29 01:24:48,165 [grpc-default-executor-3] WARN  server.GrpcLogAppender (LogUtils.java:warn(122)) - omNode-1@group-523986131536->omNode-3-AppendLogResponseHandler: Failed appendEntries: org.apache.ratis.thirdparty.io.grpc.StatusRuntimeException: UNAVAILABLE: io exception
2022-09-29 01:24:48,165 [grpc-default-executor-3] INFO  leader.FollowerInfo (FollowerInfoImpl.java:lambda$new$0(48)) - omNode-1@group-523986131536->omNode-3: nextIndex: updateUnconditionally 258 -> 45
2022-09-29 01:24:48,166 [EndpointStateMachine task thread for /0.0.0.0:42241 - 0 ] INFO  ipc.Client (Client.java:handleConnectionFailure(977)) - Retrying connect to server: 0.0.0.0/0.0.0.0:42241. Already tried 11 time(s); retry policy is RetryUpToMaximumCountWithFixedSleep(maxRetries=15, sleepTime=1000 MILLISECONDS)
2022-09-29 01:24:48,167 [grpc-default-executor-3] WARN  server.GrpcLogAppender (LogUtils.java:warn(122)) - omNode-1@group-523986131536->omNode-3-AppendLogResponseHandler: Failed appendEntries: org.apache.ratis.thirdparty.io.grpc.StatusRuntimeException: UNAVAILABLE: io exception
2022-09-29 01:24:48,167 [grpc-default-executor-3] INFO  leader.FollowerInfo (FollowerInfoImpl.java:lambda$new$0(48)) - omNode-1@group-523986131536->omNode-3: nextIndex: updateUnconditionally 258 -> 45
2022-09-29 01:24:48,177 [grpc-default-executor-3] WARN  server.GrpcLogAppender (LogUtils.java:warn(122)) - omNode-1@group-523986131536->omNode-3-AppendLogResponseHandler: Failed appendEntries: org.apache.ratis.thirdparty.io.grpc.StatusRuntimeException: UNAVAILABLE: io exception
2022-09-29 01:24:48,178 [grpc-default-executor-3] INFO  leader.FollowerInfo (FollowerInfoImpl.java:lambda$new$0(48)) - omNode-1@group-523986131536->omNode-3: nextIndex: updateUnconditionally 259 -> 45
2022-09-29 01:24:48,187 [grpc-default-executor-2] WARN  server.GrpcLogAppender (LogUtils.java:warn(122)) - omNode-1@group-523986131536->omNode-3-AppendLogResponseHandler: Failed appendEntries: org.apache.ratis.thirdparty.io.grpc.StatusRuntimeException: UNAVAILABLE: io exception
2022-09-29 01:24:48,187 [grpc-default-executor-2] INFO  leader.FollowerInfo (FollowerInfoImpl.java:lambda$new$0(48)) - omNode-1@group-523986131536->omNode-3: nextIndex: updateUnconditionally 259 -> 45
2022-09-29 01:24:48,188 [grpc-default-executor-2] WARN  server.GrpcLogAppender (LogUtils.java:warn(122)) - omNode-1@group-523986131536->omNode-3-AppendLogResponseHandler: Failed appendEntries: org.apache.ratis.thirdparty.io.grpc.StatusRuntimeException: UNAVAILABLE: io exception
2022-09-29 01:24:48,188 [grpc-default-executor-2] INFO  leader.FollowerInfo (FollowerInfoImpl.java:lambda$new$0(48)) - omNode-1@group-523986131536->omNode-3: nextIndex: updateUnconditionally 259 -> 45
2022-09-29 01:24:48,191 [grpc-default-executor-3] WARN  server.GrpcLogAppender (LogUtils.java:warn(122)) - omNode-1@group-523986131536->omNode-3-AppendLogResponseHandler: Failed appendEntries: org.apache.ratis.thirdparty.io.grpc.StatusRuntimeException: UNAVAILABLE: io exception
2022-09-29 01:24:48,191 [grpc-default-executor-3] INFO  leader.FollowerInfo (FollowerInfoImpl.java:lambda$new$0(48)) - omNode-1@group-523986131536->omNode-3: nextIndex: updateUnconditionally 260 -> 45
2022-09-29 01:24:48,197 [grpc-default-executor-3] WARN  server.GrpcLogAppender (LogUtils.java:warn(122)) - omNode-1@group-523986131536->omNode-3-AppendLogResponseHandler: Failed appendEntries: org.apache.ratis.thirdparty.io.grpc.StatusRuntimeException: UNAVAILABLE: io exception
2022-09-29 01:24:48,197 [grpc-default-executor-3] INFO  leader.FollowerInfo (FollowerInfoImpl.java:lambda$new$0(48)) - omNode-1@group-523986131536->omNode-3: nextIndex: updateUnconditionally 260 -> 45
2022-09-29 01:24:48,198 [grpc-default-executor-2] WARN  server.GrpcLogAppender (LogUtils.java:warn(122)) - omNode-1@group-523986131536->omNode-3-AppendLogResponseHandler: Failed appendEntries: org.apache.ratis.thirdparty.io.grpc.StatusRuntimeException: UNAVAILABLE: io exception
2022-09-29 01:24:48,199 [grpc-default-executor-2] INFO  leader.FollowerInfo (FollowerInfoImpl.java:lambda$new$0(48)) - omNode-1@group-523986131536->omNode-3: nextIndex: updateUnconditionally 261 -> 45
2022-09-29 01:24:48,201 [grpc-default-executor-2] WARN  server.GrpcLogAppender (LogUtils.java:warn(122)) - omNode-1@group-523986131536->omNode-3-AppendLogResponseHandler: Failed appendEntries: org.apache.ratis.thirdparty.io.grpc.StatusRuntimeException: UNAVAILABLE: io exception
2022-09-29 01:24:48,201 [grpc-default-executor-2] INFO  leader.FollowerInfo (FollowerInfoImpl.java:lambda$new$0(48)) - omNode-1@group-523986131536->omNode-3: nextIndex: updateUnconditionally 262 -> 45
2022-09-29 01:24:48,207 [grpc-default-executor-2] WARN  server.GrpcLogAppender (LogUtils.java:warn(122)) - omNode-1@group-523986131536->omNode-3-AppendLogResponseHandler: Failed appendEntries: org.apache.ratis.thirdparty.io.grpc.StatusRuntimeException: UNAVAILABLE: io exception
2022-09-29 01:24:48,207 [grpc-default-executor-2] INFO  leader.FollowerInfo (FollowerInfoImpl.java:lambda$new$0(48)) - omNode-1@group-523986131536->omNode-3: nextIndex: updateUnconditionally 262 -> 45
2022-09-29 01:24:48,207 [grpc-default-executor-2] WARN  server.GrpcLogAppender (LogUtils.java:warn(122)) - omNode-1@group-523986131536->omNode-3-AppendLogResponseHandler: Failed appendEntries: org.apache.ratis.thirdparty.io.grpc.StatusRuntimeException: UNAVAILABLE: io exception
2022-09-29 01:24:48,207 [grpc-default-executor-2] INFO  leader.FollowerInfo (FollowerInfoImpl.java:lambda$new$0(48)) - omNode-1@group-523986131536->omNode-3: nextIndex: updateUnconditionally 262 -> 45
2022-09-29 01:24:48,211 [grpc-default-executor-2] WARN  server.GrpcLogAppender (LogUtils.java:warn(122)) - omNode-1@group-523986131536->omNode-3-AppendLogResponseHandler: Failed appendEntries: org.apache.ratis.thirdparty.io.grpc.StatusRuntimeException: UNAVAILABLE: io exception
2022-09-29 01:24:48,211 [grpc-default-executor-2] INFO  leader.FollowerInfo (FollowerInfoImpl.java:lambda$new$0(48)) - omNode-1@group-523986131536->omNode-3: nextIndex: updateUnconditionally 263 -> 45
2022-09-29 01:24:48,226 [grpc-default-executor-3] WARN  server.GrpcLogAppender (LogUtils.java:warn(122)) - omNode-1@group-523986131536->omNode-3-AppendLogResponseHandler: Failed appendEntries: org.apache.ratis.thirdparty.io.grpc.StatusRuntimeException: UNAVAILABLE: io exception
2022-09-29 01:24:48,227 [grpc-default-executor-3] INFO  leader.FollowerInfo (FollowerInfoImpl.java:lambda$new$0(48)) - omNode-1@group-523986131536->omNode-3: nextIndex: updateUnconditionally 263 -> 45
2022-09-29 01:24:48,227 [grpc-default-executor-3] WARN  server.GrpcLogAppender (LogUtils.java:warn(122)) - omNode-1@group-523986131536->omNode-3-AppendLogResponseHandler: Failed appendEntries: org.apache.ratis.thirdparty.io.grpc.StatusRuntimeException: UNAVAILABLE: io exception
2022-09-29 01:24:48,227 [grpc-default-executor-3] INFO  leader.FollowerInfo (FollowerInfoImpl.java:lambda$new$0(48)) - omNode-1@group-523986131536->omNode-3: nextIndex: updateUnconditionally 263 -> 45
2022-09-29 01:24:48,232 [grpc-default-executor-3] WARN  server.GrpcLogAppender (LogUtils.java:warn(122)) - omNode-1@group-523986131536->omNode-3-AppendLogResponseHandler: Failed appendEntries: org.apache.ratis.thirdparty.io.grpc.StatusRuntimeException: UNAVAILABLE: io exception
2022-09-29 01:24:48,232 [grpc-default-executor-3] INFO  leader.FollowerInfo (FollowerInfoImpl.java:lambda$new$0(48)) - omNode-1@group-523986131536->omNode-3: nextIndex: updateUnconditionally 264 -> 45
2022-09-29 01:24:48,242 [grpc-default-executor-3] WARN  server.GrpcLogAppender (LogUtils.java:warn(122)) - omNode-1@group-523986131536->omNode-3-AppendLogResponseHandler: Failed appendEntries: org.apache.ratis.thirdparty.io.grpc.StatusRuntimeException: UNAVAILABLE: io exception
2022-09-29 01:24:48,242 [grpc-default-executor-3] INFO  leader.FollowerInfo (FollowerInfoImpl.java:lambda$new$0(48)) - omNode-1@group-523986131536->omNode-3: nextIndex: updateUnconditionally 264 -> 45
2022-09-29 01:24:48,249 [grpc-default-executor-2] WARN  server.GrpcLogAppender (LogUtils.java:warn(122)) - omNode-1@group-523986131536->omNode-3-AppendLogResponseHandler: Failed appendEntries: org.apache.ratis.thirdparty.io.grpc.StatusRuntimeException: UNAVAILABLE: io exception
2022-09-29 01:24:48,249 [grpc-default-executor-2] INFO  leader.FollowerInfo (FollowerInfoImpl.java:lambda$new$0(48)) - omNode-1@group-523986131536->omNode-3: nextIndex: updateUnconditionally 266 -> 45
2022-09-29 01:24:48,250 [grpc-default-executor-2] WARN  server.GrpcLogAppender (LogUtils.java:warn(122)) - omNode-1@group-523986131536->omNode-3-AppendLogResponseHandler: Failed appendEntries: org.apache.ratis.thirdparty.io.grpc.StatusRuntimeException: UNAVAILABLE: io exception
2022-09-29 01:24:48,250 [grpc-default-executor-2] INFO  leader.FollowerInfo (FollowerInfoImpl.java:lambda$new$0(48)) - omNode-1@group-523986131536->omNode-3: nextIndex: updateUnconditionally 266 -> 45
2022-09-29 01:24:48,252 [grpc-default-executor-2] WARN  server.GrpcLogAppender (LogUtils.java:warn(122)) - omNode-1@group-523986131536->omNode-3-AppendLogResponseHandler: Failed appendEntries: org.apache.ratis.thirdparty.io.grpc.StatusRuntimeException: UNAVAILABLE: io exception
2022-09-29 01:24:48,252 [grpc-default-executor-2] INFO  leader.FollowerInfo (FollowerInfoImpl.java:lambda$new$0(48)) - omNode-1@group-523986131536->omNode-3: nextIndex: updateUnconditionally 267 -> 45
2022-09-29 01:24:48,263 [grpc-default-executor-3] WARN  server.GrpcLogAppender (LogUtils.java:warn(122)) - omNode-1@group-523986131536->omNode-3-AppendLogResponseHandler: Failed appendEntries: org.apache.ratis.thirdparty.io.grpc.StatusRuntimeException: UNAVAILABLE: io exception
2022-09-29 01:24:48,263 [grpc-default-executor-3] INFO  leader.FollowerInfo (FollowerInfoImpl.java:lambda$new$0(48)) - omNode-1@group-523986131536->omNode-3: nextIndex: updateUnconditionally 267 -> 45
2022-09-29 01:24:48,264 [grpc-default-executor-3] WARN  server.GrpcLogAppender (LogUtils.java:warn(122)) - omNode-1@group-523986131536->omNode-3-AppendLogResponseHandler: Failed appendEntries: org.apache.ratis.thirdparty.io.grpc.StatusRuntimeException: UNAVAILABLE: io exception
2022-09-29 01:24:48,264 [grpc-default-executor-3] INFO  leader.FollowerInfo (FollowerInfoImpl.java:lambda$new$0(48)) - omNode-1@group-523986131536->omNode-3: nextIndex: updateUnconditionally 267 -> 45
2022-09-29 01:24:48,267 [grpc-default-executor-2] WARN  server.GrpcLogAppender (LogUtils.java:warn(122)) - omNode-1@group-523986131536->omNode-3-AppendLogResponseHandler: Failed appendEntries: org.apache.ratis.thirdparty.io.grpc.StatusRuntimeException: UNAVAILABLE: io exception
2022-09-29 01:24:48,267 [grpc-default-executor-2] INFO  leader.FollowerInfo (FollowerInfoImpl.java:lambda$new$0(48)) - omNode-1@group-523986131536->omNode-3: nextIndex: updateUnconditionally 268 -> 45
2022-09-29 01:24:48,272 [grpc-default-executor-2] WARN  server.GrpcLogAppender (LogUtils.java:warn(122)) - omNode-1@group-523986131536->omNode-3-AppendLogResponseHandler: Failed appendEntries: org.apache.ratis.thirdparty.io.grpc.StatusRuntimeException: UNAVAILABLE: io exception
2022-09-29 01:24:48,272 [grpc-default-executor-2] INFO  leader.FollowerInfo (FollowerInfoImpl.java:lambda$new$0(48)) - omNode-1@group-523986131536->omNode-3: nextIndex: updateUnconditionally 268 -> 45
2022-09-29 01:24:48,275 [grpc-default-executor-2] WARN  server.GrpcLogAppender (LogUtils.java:warn(122)) - omNode-1@group-523986131536->omNode-3-AppendLogResponseHandler: Failed appendEntries: org.apache.ratis.thirdparty.io.grpc.StatusRuntimeException: UNAVAILABLE: io exception
2022-09-29 01:24:48,275 [grpc-default-executor-2] INFO  leader.FollowerInfo (FollowerInfoImpl.java:lambda$new$0(48)) - omNode-1@group-523986131536->omNode-3: nextIndex: updateUnconditionally 270 -> 45
2022-09-29 01:24:48,283 [grpc-default-executor-2] WARN  server.GrpcLogAppender (LogUtils.java:warn(122)) - omNode-1@group-523986131536->omNode-3-AppendLogResponseHandler: Failed appendEntries: org.apache.ratis.thirdparty.io.grpc.StatusRuntimeException: UNAVAILABLE: io exception
2022-09-29 01:24:48,284 [grpc-default-executor-2] INFO  leader.FollowerInfo (FollowerInfoImpl.java:lambda$new$0(48)) - omNode-1@group-523986131536->omNode-3: nextIndex: updateUnconditionally 270 -> 45
2022-09-29 01:24:48,284 [grpc-default-executor-2] WARN  server.GrpcLogAppender (LogUtils.java:warn(122)) - omNode-1@group-523986131536->omNode-3-AppendLogResponseHandler: Failed appendEntries: org.apache.ratis.thirdparty.io.grpc.StatusRuntimeException: UNAVAILABLE: io exception
2022-09-29 01:24:48,284 [grpc-default-executor-2] INFO  leader.FollowerInfo (FollowerInfoImpl.java:lambda$new$0(48)) - omNode-1@group-523986131536->omNode-3: nextIndex: updateUnconditionally 270 -> 45
2022-09-29 01:24:48,288 [grpc-default-executor-2] WARN  server.GrpcLogAppender (LogUtils.java:warn(122)) - omNode-1@group-523986131536->omNode-3-AppendLogResponseHandler: Failed appendEntries: org.apache.ratis.thirdparty.io.grpc.StatusRuntimeException: UNAVAILABLE: io exception
2022-09-29 01:24:48,288 [grpc-default-executor-2] INFO  leader.FollowerInfo (FollowerInfoImpl.java:lambda$new$0(48)) - omNode-1@group-523986131536->omNode-3: nextIndex: updateUnconditionally 271 -> 45
2022-09-29 01:24:48,291 [grpc-default-executor-2] WARN  server.GrpcLogAppender (LogUtils.java:warn(122)) - omNode-1@group-523986131536->omNode-3-AppendLogResponseHandler: Failed appendEntries: org.apache.ratis.thirdparty.io.grpc.StatusRuntimeException: UNAVAILABLE: io exception
2022-09-29 01:24:48,292 [grpc-default-executor-2] INFO  leader.FollowerInfo (FollowerInfoImpl.java:lambda$new$0(48)) - omNode-1@group-523986131536->omNode-3: nextIndex: updateUnconditionally 271 -> 45
2022-09-29 01:24:48,297 [grpc-default-executor-2] WARN  server.GrpcLogAppender (LogUtils.java:warn(122)) - omNode-1@group-523986131536->omNode-3-AppendLogResponseHandler: Failed appendEntries: org.apache.ratis.thirdparty.io.grpc.StatusRuntimeException: UNAVAILABLE: io exception
2022-09-29 01:24:48,297 [grpc-default-executor-2] INFO  leader.FollowerInfo (FollowerInfoImpl.java:lambda$new$0(48)) - omNode-1@group-523986131536->omNode-3: nextIndex: updateUnconditionally 271 -> 45
2022-09-29 01:24:48,300 [grpc-default-executor-3] WARN  server.GrpcLogAppender (LogUtils.java:warn(122)) - omNode-1@group-523986131536->omNode-3-AppendLogResponseHandler: Failed appendEntries: org.apache.ratis.thirdparty.io.grpc.StatusRuntimeException: UNAVAILABLE: io exception
2022-09-29 01:24:48,300 [grpc-default-executor-3] INFO  leader.FollowerInfo (FollowerInfoImpl.java:lambda$new$0(48)) - omNode-1@group-523986131536->omNode-3: nextIndex: updateUnconditionally 272 -> 45
2022-09-29 01:24:48,310 [grpc-default-executor-3] WARN  server.GrpcLogAppender (LogUtils.java:warn(122)) - omNode-1@group-523986131536->omNode-3-AppendLogResponseHandler: Failed appendEntries: org.apache.ratis.thirdparty.io.grpc.StatusRuntimeException: UNAVAILABLE: io exception
2022-09-29 01:24:48,310 [grpc-default-executor-3] INFO  leader.FollowerInfo (FollowerInfoImpl.java:lambda$new$0(48)) - omNode-1@group-523986131536->omNode-3: nextIndex: updateUnconditionally 272 -> 45
2022-09-29 01:24:48,311 [grpc-default-executor-2] WARN  server.GrpcLogAppender (LogUtils.java:warn(122)) - omNode-1@group-523986131536->omNode-3-AppendLogResponseHandler: Failed appendEntries: org.apache.ratis.thirdparty.io.grpc.StatusRuntimeException: UNAVAILABLE: io exception
2022-09-29 01:24:48,311 [grpc-default-executor-2] INFO  leader.FollowerInfo (FollowerInfoImpl.java:lambda$new$0(48)) - omNode-1@group-523986131536->omNode-3: nextIndex: updateUnconditionally 273 -> 45
2022-09-29 01:24:48,314 [grpc-default-executor-3] WARN  server.GrpcLogAppender (LogUtils.java:warn(122)) - omNode-1@group-523986131536->omNode-3-AppendLogResponseHandler: Failed appendEntries: org.apache.ratis.thirdparty.io.grpc.StatusRuntimeException: UNAVAILABLE: io exception
2022-09-29 01:24:48,314 [grpc-default-executor-3] INFO  leader.FollowerInfo (FollowerInfoImpl.java:lambda$new$0(48)) - omNode-1@group-523986131536->omNode-3: nextIndex: updateUnconditionally 274 -> 45
2022-09-29 01:24:48,319 [grpc-default-executor-3] WARN  server.GrpcLogAppender (LogUtils.java:warn(122)) - omNode-1@group-523986131536->omNode-3-AppendLogResponseHandler: Failed appendEntries: org.apache.ratis.thirdparty.io.grpc.StatusRuntimeException: UNAVAILABLE: io exception
2022-09-29 01:24:48,319 [grpc-default-executor-3] INFO  leader.FollowerInfo (FollowerInfoImpl.java:lambda$new$0(48)) - omNode-1@group-523986131536->omNode-3: nextIndex: updateUnconditionally 274 -> 45
2022-09-29 01:24:48,319 [grpc-default-executor-3] WARN  server.GrpcLogAppender (LogUtils.java:warn(122)) - omNode-1@group-523986131536->omNode-3-AppendLogResponseHandler: Failed appendEntries: org.apache.ratis.thirdparty.io.grpc.StatusRuntimeException: UNAVAILABLE: io exception
2022-09-29 01:24:48,320 [grpc-default-executor-3] INFO  leader.FollowerInfo (FollowerInfoImpl.java:lambda$new$0(48)) - omNode-1@group-523986131536->omNode-3: nextIndex: updateUnconditionally 274 -> 45
2022-09-29 01:24:48,326 [grpc-default-executor-3] WARN  server.GrpcLogAppender (LogUtils.java:warn(122)) - omNode-1@group-523986131536->omNode-3-AppendLogResponseHandler: Failed appendEntries: org.apache.ratis.thirdparty.io.grpc.StatusRuntimeException: UNAVAILABLE: io exception
2022-09-29 01:24:48,326 [grpc-default-executor-3] INFO  leader.FollowerInfo (FollowerInfoImpl.java:lambda$new$0(48)) - omNode-1@group-523986131536->omNode-3: nextIndex: updateUnconditionally 275 -> 45
2022-09-29 01:24:48,331 [grpc-default-executor-3] WARN  server.GrpcLogAppender (LogUtils.java:warn(122)) - omNode-1@group-523986131536->omNode-3-AppendLogResponseHandler: Failed appendEntries: org.apache.ratis.thirdparty.io.grpc.StatusRuntimeException: UNAVAILABLE: io exception
2022-09-29 01:24:48,331 [grpc-default-executor-3] INFO  leader.FollowerInfo (FollowerInfoImpl.java:lambda$new$0(48)) - omNode-1@group-523986131536->omNode-3: nextIndex: updateUnconditionally 275 -> 45
2022-09-29 01:24:48,335 [grpc-default-executor-2] WARN  server.GrpcLogAppender (LogUtils.java:warn(122)) - omNode-1@group-523986131536->omNode-3-AppendLogResponseHandler: Failed appendEntries: org.apache.ratis.thirdparty.io.grpc.StatusRuntimeException: UNAVAILABLE: io exception
2022-09-29 01:24:48,335 [grpc-default-executor-2] INFO  leader.FollowerInfo (FollowerInfoImpl.java:lambda$new$0(48)) - omNode-1@group-523986131536->omNode-3: nextIndex: updateUnconditionally 275 -> 45
2022-09-29 01:24:48,349 [grpc-default-executor-3] WARN  server.GrpcLogAppender (LogUtils.java:warn(122)) - omNode-1@group-523986131536->omNode-3-AppendLogResponseHandler: Failed appendEntries: org.apache.ratis.thirdparty.io.grpc.StatusRuntimeException: UNAVAILABLE: io exception
2022-09-29 01:24:48,349 [grpc-default-executor-3] INFO  leader.FollowerInfo (FollowerInfoImpl.java:lambda$new$0(48)) - omNode-1@group-523986131536->omNode-3: nextIndex: updateUnconditionally 276 -> 45
2022-09-29 01:24:48,358 [grpc-default-executor-3] WARN  server.GrpcLogAppender (LogUtils.java:warn(122)) - omNode-1@group-523986131536->omNode-3-AppendLogResponseHandler: Failed appendEntries: org.apache.ratis.thirdparty.io.grpc.StatusRuntimeException: UNAVAILABLE: io exception
2022-09-29 01:24:48,358 [grpc-default-executor-3] INFO  leader.FollowerInfo (FollowerInfoImpl.java:lambda$new$0(48)) - omNode-1@group-523986131536->omNode-3: nextIndex: updateUnconditionally 276 -> 45
2022-09-29 01:24:48,359 [grpc-default-executor-3] WARN  server.GrpcLogAppender (LogUtils.java:warn(122)) - omNode-1@group-523986131536->omNode-3-AppendLogResponseHandler: Failed appendEntries: org.apache.ratis.thirdparty.io.grpc.StatusRuntimeException: UNAVAILABLE: io exception
2022-09-29 01:24:48,359 [grpc-default-executor-3] INFO  leader.FollowerInfo (FollowerInfoImpl.java:lambda$new$0(48)) - omNode-1@group-523986131536->omNode-3: nextIndex: updateUnconditionally 277 -> 45
2022-09-29 01:24:48,362 [grpc-default-executor-3] WARN  server.GrpcLogAppender (LogUtils.java:warn(122)) - omNode-1@group-523986131536->omNode-3-AppendLogResponseHandler: Failed appendEntries: org.apache.ratis.thirdparty.io.grpc.StatusRuntimeException: UNAVAILABLE: io exception
2022-09-29 01:24:48,362 [grpc-default-executor-3] INFO  leader.FollowerInfo (FollowerInfoImpl.java:lambda$new$0(48)) - omNode-1@group-523986131536->omNode-3: nextIndex: updateUnconditionally 278 -> 45
2022-09-29 01:24:48,371 [grpc-default-executor-3] WARN  server.GrpcLogAppender (LogUtils.java:warn(122)) - omNode-1@group-523986131536->omNode-3-AppendLogResponseHandler: Failed appendEntries: org.apache.ratis.thirdparty.io.grpc.StatusRuntimeException: UNAVAILABLE: io exception
2022-09-29 01:24:48,371 [grpc-default-executor-3] INFO  leader.FollowerInfo (FollowerInfoImpl.java:lambda$new$0(48)) - omNode-1@group-523986131536->omNode-3: nextIndex: updateUnconditionally 278 -> 45
2022-09-29 01:24:48,372 [grpc-default-executor-3] WARN  server.GrpcLogAppender (LogUtils.java:warn(122)) - omNode-1@group-523986131536->omNode-3-AppendLogResponseHandler: Failed appendEntries: org.apache.ratis.thirdparty.io.grpc.StatusRuntimeException: UNAVAILABLE: io exception
2022-09-29 01:24:48,372 [grpc-default-executor-3] INFO  leader.FollowerInfo (FollowerInfoImpl.java:lambda$new$0(48)) - omNode-1@group-523986131536->omNode-3: nextIndex: updateUnconditionally 278 -> 45
2022-09-29 01:24:48,381 [grpc-default-executor-3] WARN  server.GrpcLogAppender (LogUtils.java:warn(122)) - omNode-1@group-523986131536->omNode-3-AppendLogResponseHandler: Failed appendEntries: org.apache.ratis.thirdparty.io.grpc.StatusRuntimeException: UNAVAILABLE: io exception
2022-09-29 01:24:48,382 [grpc-default-executor-3] INFO  leader.FollowerInfo (FollowerInfoImpl.java:lambda$new$0(48)) - omNode-1@group-523986131536->omNode-3: nextIndex: updateUnconditionally 279 -> 45
2022-09-29 01:24:48,401 [grpc-default-executor-2] WARN  server.GrpcLogAppender (LogUtils.java:warn(122)) - omNode-1@group-523986131536->omNode-3-AppendLogResponseHandler: Failed appendEntries: org.apache.ratis.thirdparty.io.grpc.StatusRuntimeException: UNAVAILABLE: io exception
2022-09-29 01:24:48,401 [grpc-default-executor-2] INFO  leader.FollowerInfo (FollowerInfoImpl.java:lambda$new$0(48)) - omNode-1@group-523986131536->omNode-3: nextIndex: updateUnconditionally 279 -> 45
2022-09-29 01:24:48,402 [grpc-default-executor-2] WARN  server.GrpcLogAppender (LogUtils.java:warn(122)) - omNode-1@group-523986131536->omNode-3-AppendLogResponseHandler: Failed appendEntries: org.apache.ratis.thirdparty.io.grpc.StatusRuntimeException: UNAVAILABLE: io exception
2022-09-29 01:24:48,402 [grpc-default-executor-2] INFO  leader.FollowerInfo (FollowerInfoImpl.java:lambda$new$0(48)) - omNode-1@group-523986131536->omNode-3: nextIndex: updateUnconditionally 279 -> 45
2022-09-29 01:24:48,415 [grpc-default-executor-3] WARN  server.GrpcLogAppender (LogUtils.java:warn(122)) - omNode-1@group-523986131536->omNode-3-AppendLogResponseHandler: Failed appendEntries: org.apache.ratis.thirdparty.io.grpc.StatusRuntimeException: UNAVAILABLE: io exception
2022-09-29 01:24:48,415 [grpc-default-executor-3] INFO  leader.FollowerInfo (FollowerInfoImpl.java:lambda$new$0(48)) - omNode-1@group-523986131536->omNode-3: nextIndex: updateUnconditionally 280 -> 45
2022-09-29 01:24:48,425 [grpc-default-executor-3] WARN  server.GrpcLogAppender (LogUtils.java:warn(122)) - omNode-1@group-523986131536->omNode-3-AppendLogResponseHandler: Failed appendEntries: org.apache.ratis.thirdparty.io.grpc.StatusRuntimeException: UNAVAILABLE: io exception
2022-09-29 01:24:48,426 [grpc-default-executor-3] INFO  leader.FollowerInfo (FollowerInfoImpl.java:lambda$new$0(48)) - omNode-1@group-523986131536->omNode-3: nextIndex: updateUnconditionally 280 -> 45
2022-09-29 01:24:48,427 [grpc-default-executor-3] WARN  server.GrpcLogAppender (LogUtils.java:warn(122)) - omNode-1@group-523986131536->omNode-3-AppendLogResponseHandler: Failed appendEntries: org.apache.ratis.thirdparty.io.grpc.StatusRuntimeException: UNAVAILABLE: io exception
2022-09-29 01:24:48,427 [grpc-default-executor-3] INFO  leader.FollowerInfo (FollowerInfoImpl.java:lambda$new$0(48)) - omNode-1@group-523986131536->omNode-3: nextIndex: updateUnconditionally 281 -> 45
2022-09-29 01:24:48,431 [grpc-default-executor-2] WARN  server.GrpcLogAppender (LogUtils.java:warn(122)) - omNode-1@group-523986131536->omNode-3-AppendLogResponseHandler: Failed appendEntries: org.apache.ratis.thirdparty.io.grpc.StatusRuntimeException: UNAVAILABLE: io exception
2022-09-29 01:24:48,431 [grpc-default-executor-2] INFO  leader.FollowerInfo (FollowerInfoImpl.java:lambda$new$0(48)) - omNode-1@group-523986131536->omNode-3: nextIndex: updateUnconditionally 282 -> 45
2022-09-29 01:24:48,438 [grpc-default-executor-3] WARN  server.GrpcLogAppender (LogUtils.java:warn(122)) - omNode-1@group-523986131536->omNode-3-AppendLogResponseHandler: Failed appendEntries: org.apache.ratis.thirdparty.io.grpc.StatusRuntimeException: UNAVAILABLE: io exception
2022-09-29 01:24:48,438 [grpc-default-executor-3] INFO  leader.FollowerInfo (FollowerInfoImpl.java:lambda$new$0(48)) - omNode-1@group-523986131536->omNode-3: nextIndex: updateUnconditionally 282 -> 45
2022-09-29 01:24:48,439 [grpc-default-executor-3] WARN  server.GrpcLogAppender (LogUtils.java:warn(122)) - omNode-1@group-523986131536->omNode-3-AppendLogResponseHandler: Failed appendEntries: org.apache.ratis.thirdparty.io.grpc.StatusRuntimeException: UNAVAILABLE: io exception
2022-09-29 01:24:48,439 [grpc-default-executor-3] INFO  leader.FollowerInfo (FollowerInfoImpl.java:lambda$new$0(48)) - omNode-1@group-523986131536->omNode-3: nextIndex: updateUnconditionally 282 -> 45
2022-09-29 01:24:48,445 [grpc-default-executor-3] WARN  server.GrpcLogAppender (LogUtils.java:warn(122)) - omNode-1@group-523986131536->omNode-3-AppendLogResponseHandler: Failed appendEntries: org.apache.ratis.thirdparty.io.grpc.StatusRuntimeException: UNAVAILABLE: io exception
2022-09-29 01:24:48,446 [grpc-default-executor-3] INFO  leader.FollowerInfo (FollowerInfoImpl.java:lambda$new$0(48)) - omNode-1@group-523986131536->omNode-3: nextIndex: updateUnconditionally 283 -> 45
2022-09-29 01:24:48,454 [grpc-default-executor-3] WARN  server.GrpcLogAppender (LogUtils.java:warn(122)) - omNode-1@group-523986131536->omNode-3-AppendLogResponseHandler: Failed appendEntries: org.apache.ratis.thirdparty.io.grpc.StatusRuntimeException: UNAVAILABLE: io exception
2022-09-29 01:24:48,454 [grpc-default-executor-3] INFO  leader.FollowerInfo (FollowerInfoImpl.java:lambda$new$0(48)) - omNode-1@group-523986131536->omNode-3: nextIndex: updateUnconditionally 283 -> 45
2022-09-29 01:24:48,461 [grpc-default-executor-2] WARN  server.GrpcLogAppender (LogUtils.java:warn(122)) - omNode-1@group-523986131536->omNode-3-AppendLogResponseHandler: Failed appendEntries: org.apache.ratis.thirdparty.io.grpc.StatusRuntimeException: UNAVAILABLE: io exception
2022-09-29 01:24:48,461 [grpc-default-executor-2] INFO  leader.FollowerInfo (FollowerInfoImpl.java:lambda$new$0(48)) - omNode-1@group-523986131536->omNode-3: nextIndex: updateUnconditionally 284 -> 45
2022-09-29 01:24:48,466 [grpc-default-executor-2] WARN  server.GrpcLogAppender (LogUtils.java:warn(122)) - omNode-1@group-523986131536->omNode-3-AppendLogResponseHandler: Failed appendEntries: org.apache.ratis.thirdparty.io.grpc.StatusRuntimeException: UNAVAILABLE: io exception
2022-09-29 01:24:48,466 [grpc-default-executor-2] INFO  leader.FollowerInfo (FollowerInfoImpl.java:lambda$new$0(48)) - omNode-1@group-523986131536->omNode-3: nextIndex: updateUnconditionally 284 -> 45
2022-09-29 01:24:48,470 [grpc-default-executor-3] WARN  server.GrpcLogAppender (LogUtils.java:warn(122)) - omNode-1@group-523986131536->omNode-3-AppendLogResponseHandler: Failed appendEntries: org.apache.ratis.thirdparty.io.grpc.StatusRuntimeException: UNAVAILABLE: io exception
2022-09-29 01:24:48,470 [grpc-default-executor-3] INFO  leader.FollowerInfo (FollowerInfoImpl.java:lambda$new$0(48)) - omNode-1@group-523986131536->omNode-3: nextIndex: updateUnconditionally 286 -> 45
2022-09-29 01:24:48,473 [grpc-default-executor-2] WARN  server.GrpcLogAppender (LogUtils.java:warn(122)) - omNode-1@group-523986131536->omNode-3-AppendLogResponseHandler: Failed appendEntries: org.apache.ratis.thirdparty.io.grpc.StatusRuntimeException: UNAVAILABLE: io exception
2022-09-29 01:24:48,474 [grpc-default-executor-2] INFO  leader.FollowerInfo (FollowerInfoImpl.java:lambda$new$0(48)) - omNode-1@group-523986131536->omNode-3: nextIndex: updateUnconditionally 286 -> 45
2022-09-29 01:24:48,477 [grpc-default-executor-2] WARN  server.GrpcLogAppender (LogUtils.java:warn(122)) - omNode-1@group-523986131536->omNode-3-AppendLogResponseHandler: Failed appendEntries: org.apache.ratis.thirdparty.io.grpc.StatusRuntimeException: UNAVAILABLE: io exception
2022-09-29 01:24:48,477 [grpc-default-executor-2] INFO  leader.FollowerInfo (FollowerInfoImpl.java:lambda$new$0(48)) - omNode-1@group-523986131536->omNode-3: nextIndex: updateUnconditionally 287 -> 45
2022-09-29 01:24:48,478 [grpc-default-executor-2] WARN  server.GrpcLogAppender (LogUtils.java:warn(122)) - omNode-1@group-523986131536->omNode-3-AppendLogResponseHandler: Failed appendEntries: org.apache.ratis.thirdparty.io.grpc.StatusRuntimeException: UNAVAILABLE: io exception
2022-09-29 01:24:48,479 [grpc-default-executor-2] INFO  leader.FollowerInfo (FollowerInfoImpl.java:lambda$new$0(48)) - omNode-1@group-523986131536->omNode-3: nextIndex: updateUnconditionally 287 -> 45
2022-09-29 01:24:48,485 [grpc-default-executor-2] WARN  server.GrpcLogAppender (LogUtils.java:warn(122)) - omNode-1@group-523986131536->omNode-3-AppendLogResponseHandler: Failed appendEntries: org.apache.ratis.thirdparty.io.grpc.StatusRuntimeException: UNAVAILABLE: io exception
2022-09-29 01:24:48,485 [grpc-default-executor-2] INFO  leader.FollowerInfo (FollowerInfoImpl.java:lambda$new$0(48)) - omNode-1@group-523986131536->omNode-3: nextIndex: updateUnconditionally 287 -> 45
2022-09-29 01:24:48,490 [grpc-default-executor-3] WARN  server.GrpcLogAppender (LogUtils.java:warn(122)) - omNode-1@group-523986131536->omNode-3-AppendLogResponseHandler: Failed appendEntries: org.apache.ratis.thirdparty.io.grpc.StatusRuntimeException: UNAVAILABLE: io exception
2022-09-29 01:24:48,490 [grpc-default-executor-3] INFO  leader.FollowerInfo (FollowerInfoImpl.java:lambda$new$0(48)) - omNode-1@group-523986131536->omNode-3: nextIndex: updateUnconditionally 288 -> 45
2022-09-29 01:24:48,495 [grpc-default-executor-3] WARN  server.GrpcLogAppender (LogUtils.java:warn(122)) - omNode-1@group-523986131536->omNode-3-AppendLogResponseHandler: Failed appendEntries: org.apache.ratis.thirdparty.io.grpc.StatusRuntimeException: UNAVAILABLE: io exception
2022-09-29 01:24:48,496 [grpc-default-executor-3] INFO  leader.FollowerInfo (FollowerInfoImpl.java:lambda$new$0(48)) - omNode-1@group-523986131536->omNode-3: nextIndex: updateUnconditionally 289 -> 45
2022-09-29 01:24:48,500 [grpc-default-executor-3] WARN  server.GrpcLogAppender (LogUtils.java:warn(122)) - omNode-1@group-523986131536->omNode-3-AppendLogResponseHandler: Failed appendEntries: org.apache.ratis.thirdparty.io.grpc.StatusRuntimeException: UNAVAILABLE: io exception
2022-09-29 01:24:48,500 [grpc-default-executor-3] INFO  leader.FollowerInfo (FollowerInfoImpl.java:lambda$new$0(48)) - omNode-1@group-523986131536->omNode-3: nextIndex: updateUnconditionally 290 -> 45
2022-09-29 01:24:48,502 [grpc-default-executor-3] WARN  server.GrpcLogAppender (LogUtils.java:warn(122)) - omNode-1@group-523986131536->omNode-3-AppendLogResponseHandler: Failed appendEntries: org.apache.ratis.thirdparty.io.grpc.StatusRuntimeException: UNAVAILABLE: io exception
2022-09-29 01:24:48,503 [grpc-default-executor-3] INFO  leader.FollowerInfo (FollowerInfoImpl.java:lambda$new$0(48)) - omNode-1@group-523986131536->omNode-3: nextIndex: updateUnconditionally 290 -> 45
2022-09-29 01:24:48,503 [grpc-default-executor-3] WARN  server.GrpcLogAppender (LogUtils.java:warn(122)) - omNode-1@group-523986131536->omNode-3-AppendLogResponseHandler: Failed appendEntries: org.apache.ratis.thirdparty.io.grpc.StatusRuntimeException: UNAVAILABLE: io exception
2022-09-29 01:24:48,503 [grpc-default-executor-3] INFO  leader.FollowerInfo (FollowerInfoImpl.java:lambda$new$0(48)) - omNode-1@group-523986131536->omNode-3: nextIndex: updateUnconditionally 290 -> 45
2022-09-29 01:24:48,511 [grpc-default-executor-3] WARN  server.GrpcLogAppender (LogUtils.java:warn(122)) - omNode-1@group-523986131536->omNode-3-AppendLogResponseHandler: Failed appendEntries: org.apache.ratis.thirdparty.io.grpc.StatusRuntimeException: UNAVAILABLE: io exception
2022-09-29 01:24:48,511 [grpc-default-executor-3] INFO  leader.FollowerInfo (FollowerInfoImpl.java:lambda$new$0(48)) - omNode-1@group-523986131536->omNode-3: nextIndex: updateUnconditionally 291 -> 45
2022-09-29 01:24:48,517 [grpc-default-executor-2] WARN  server.GrpcLogAppender (LogUtils.java:warn(122)) - omNode-1@group-523986131536->omNode-3-AppendLogResponseHandler: Failed appendEntries: org.apache.ratis.thirdparty.io.grpc.StatusRuntimeException: UNAVAILABLE: io exception
2022-09-29 01:24:48,517 [grpc-default-executor-2] INFO  leader.FollowerInfo (FollowerInfoImpl.java:lambda$new$0(48)) - omNode-1@group-523986131536->omNode-3: nextIndex: updateUnconditionally 291 -> 45
2022-09-29 01:24:48,518 [grpc-default-executor-2] WARN  server.GrpcLogAppender (LogUtils.java:warn(122)) - omNode-1@group-523986131536->omNode-3-AppendLogResponseHandler: Failed appendEntries: org.apache.ratis.thirdparty.io.grpc.StatusRuntimeException: UNAVAILABLE: io exception
2022-09-29 01:24:48,518 [grpc-default-executor-2] INFO  leader.FollowerInfo (FollowerInfoImpl.java:lambda$new$0(48)) - omNode-1@group-523986131536->omNode-3: nextIndex: updateUnconditionally 291 -> 45
2022-09-29 01:24:48,525 [grpc-default-executor-3] WARN  server.GrpcLogAppender (LogUtils.java:warn(122)) - omNode-1@group-523986131536->omNode-3-AppendLogResponseHandler: Failed appendEntries: org.apache.ratis.thirdparty.io.grpc.StatusRuntimeException: UNAVAILABLE: io exception
2022-09-29 01:24:48,526 [grpc-default-executor-3] INFO  leader.FollowerInfo (FollowerInfoImpl.java:lambda$new$0(48)) - omNode-1@group-523986131536->omNode-3: nextIndex: updateUnconditionally 292 -> 45
2022-09-29 01:24:48,529 [grpc-default-executor-3] WARN  server.GrpcLogAppender (LogUtils.java:warn(122)) - omNode-1@group-523986131536->omNode-3-AppendLogResponseHandler: Failed appendEntries: org.apache.ratis.thirdparty.io.grpc.StatusRuntimeException: UNAVAILABLE: io exception
2022-09-29 01:24:48,529 [grpc-default-executor-3] INFO  leader.FollowerInfo (FollowerInfoImpl.java:lambda$new$0(48)) - omNode-1@group-523986131536->omNode-3: nextIndex: updateUnconditionally 292 -> 45
2022-09-29 01:24:48,530 [grpc-default-executor-3] WARN  server.GrpcLogAppender (LogUtils.java:warn(122)) - omNode-1@group-523986131536->omNode-3-AppendLogResponseHandler: Failed appendEntries: org.apache.ratis.thirdparty.io.grpc.StatusRuntimeException: UNAVAILABLE: io exception
2022-09-29 01:24:48,530 [grpc-default-executor-3] INFO  leader.FollowerInfo (FollowerInfoImpl.java:lambda$new$0(48)) - omNode-1@group-523986131536->omNode-3: nextIndex: updateUnconditionally 293 -> 45
2022-09-29 01:24:48,532 [grpc-default-executor-3] WARN  server.GrpcLogAppender (LogUtils.java:warn(122)) - omNode-1@group-523986131536->omNode-3-AppendLogResponseHandler: Failed appendEntries: org.apache.ratis.thirdparty.io.grpc.StatusRuntimeException: UNAVAILABLE: io exception
2022-09-29 01:24:48,532 [grpc-default-executor-3] INFO  leader.FollowerInfo (FollowerInfoImpl.java:lambda$new$0(48)) - omNode-1@group-523986131536->omNode-3: nextIndex: updateUnconditionally 294 -> 45
2022-09-29 01:24:48,535 [grpc-default-executor-3] WARN  server.GrpcLogAppender (LogUtils.java:warn(122)) - omNode-1@group-523986131536->omNode-3-AppendLogResponseHandler: Failed appendEntries: org.apache.ratis.thirdparty.io.grpc.StatusRuntimeException: UNAVAILABLE: io exception
2022-09-29 01:24:48,536 [grpc-default-executor-3] INFO  leader.FollowerInfo (FollowerInfoImpl.java:lambda$new$0(48)) - omNode-1@group-523986131536->omNode-3: nextIndex: updateUnconditionally 294 -> 45
2022-09-29 01:24:48,536 [grpc-default-executor-3] WARN  server.GrpcLogAppender (LogUtils.java:warn(122)) - omNode-1@group-523986131536->omNode-3-AppendLogResponseHandler: Failed appendEntries: org.apache.ratis.thirdparty.io.grpc.StatusRuntimeException: UNAVAILABLE: io exception
2022-09-29 01:24:48,536 [grpc-default-executor-3] INFO  leader.FollowerInfo (FollowerInfoImpl.java:lambda$new$0(48)) - omNode-1@group-523986131536->omNode-3: nextIndex: updateUnconditionally 294 -> 45
2022-09-29 01:24:48,545 [grpc-default-executor-3] WARN  server.GrpcLogAppender (LogUtils.java:warn(122)) - omNode-1@group-523986131536->omNode-3-AppendLogResponseHandler: Failed appendEntries: org.apache.ratis.thirdparty.io.grpc.StatusRuntimeException: UNAVAILABLE: io exception
2022-09-29 01:24:48,545 [grpc-default-executor-3] INFO  leader.FollowerInfo (FollowerInfoImpl.java:lambda$new$0(48)) - omNode-1@group-523986131536->omNode-3: nextIndex: updateUnconditionally 295 -> 45
2022-09-29 01:24:48,552 [grpc-default-executor-2] WARN  server.GrpcLogAppender (LogUtils.java:warn(122)) - omNode-1@group-523986131536->omNode-3-AppendLogResponseHandler: Failed appendEntries: org.apache.ratis.thirdparty.io.grpc.StatusRuntimeException: UNAVAILABLE: io exception
2022-09-29 01:24:48,552 [grpc-default-executor-2] INFO  leader.FollowerInfo (FollowerInfoImpl.java:lambda$new$0(48)) - omNode-1@group-523986131536->omNode-3: nextIndex: updateUnconditionally 295 -> 45
2022-09-29 01:24:48,553 [grpc-default-executor-2] WARN  server.GrpcLogAppender (LogUtils.java:warn(122)) - omNode-1@group-523986131536->omNode-3-AppendLogResponseHandler: Failed appendEntries: org.apache.ratis.thirdparty.io.grpc.StatusRuntimeException: UNAVAILABLE: io exception
2022-09-29 01:24:48,553 [grpc-default-executor-2] INFO  leader.FollowerInfo (FollowerInfoImpl.java:lambda$new$0(48)) - omNode-1@group-523986131536->omNode-3: nextIndex: updateUnconditionally 295 -> 45
2022-09-29 01:24:48,556 [grpc-default-executor-3] WARN  server.GrpcLogAppender (LogUtils.java:warn(122)) - omNode-1@group-523986131536->omNode-3-AppendLogResponseHandler: Failed appendEntries: org.apache.ratis.thirdparty.io.grpc.StatusRuntimeException: UNAVAILABLE: io exception
2022-09-29 01:24:48,557 [grpc-default-executor-3] INFO  leader.FollowerInfo (FollowerInfoImpl.java:lambda$new$0(48)) - omNode-1@group-523986131536->omNode-3: nextIndex: updateUnconditionally 296 -> 45
2022-09-29 01:24:48,563 [grpc-default-executor-3] WARN  server.GrpcLogAppender (LogUtils.java:warn(122)) - omNode-1@group-523986131536->omNode-3-AppendLogResponseHandler: Failed appendEntries: org.apache.ratis.thirdparty.io.grpc.StatusRuntimeException: UNAVAILABLE: io exception
2022-09-29 01:24:48,563 [grpc-default-executor-3] INFO  leader.FollowerInfo (FollowerInfoImpl.java:lambda$new$0(48)) - omNode-1@group-523986131536->omNode-3: nextIndex: updateUnconditionally 296 -> 45
2022-09-29 01:24:48,564 [grpc-default-executor-3] WARN  server.GrpcLogAppender (LogUtils.java:warn(122)) - omNode-1@group-523986131536->omNode-3-AppendLogResponseHandler: Failed appendEntries: org.apache.ratis.thirdparty.io.grpc.StatusRuntimeException: UNAVAILABLE: io exception
2022-09-29 01:24:48,564 [grpc-default-executor-3] INFO  leader.FollowerInfo (FollowerInfoImpl.java:lambda$new$0(48)) - omNode-1@group-523986131536->omNode-3: nextIndex: updateUnconditionally 297 -> 45
2022-09-29 01:24:48,565 [grpc-default-executor-2] WARN  server.GrpcLogAppender (LogUtils.java:warn(122)) - omNode-1@group-523986131536->omNode-3-AppendLogResponseHandler: Failed appendEntries: org.apache.ratis.thirdparty.io.grpc.StatusRuntimeException: UNAVAILABLE: io exception
2022-09-29 01:24:48,566 [grpc-default-executor-2] INFO  leader.FollowerInfo (FollowerInfoImpl.java:lambda$new$0(48)) - omNode-1@group-523986131536->omNode-3: nextIndex: updateUnconditionally 298 -> 45
2022-09-29 01:24:48,572 [grpc-default-executor-3] WARN  server.GrpcLogAppender (LogUtils.java:warn(122)) - omNode-1@group-523986131536->omNode-3-AppendLogResponseHandler: Failed appendEntries: org.apache.ratis.thirdparty.io.grpc.StatusRuntimeException: UNAVAILABLE: io exception
2022-09-29 01:24:48,573 [grpc-default-executor-3] INFO  leader.FollowerInfo (FollowerInfoImpl.java:lambda$new$0(48)) - omNode-1@group-523986131536->omNode-3: nextIndex: updateUnconditionally 298 -> 45
2022-09-29 01:24:48,573 [grpc-default-executor-3] WARN  server.GrpcLogAppender (LogUtils.java:warn(122)) - omNode-1@group-523986131536->omNode-3-AppendLogResponseHandler: Failed appendEntries: org.apache.ratis.thirdparty.io.grpc.StatusRuntimeException: UNAVAILABLE: io exception
2022-09-29 01:24:48,574 [grpc-default-executor-3] INFO  leader.FollowerInfo (FollowerInfoImpl.java:lambda$new$0(48)) - omNode-1@group-523986131536->omNode-3: nextIndex: updateUnconditionally 298 -> 45
2022-09-29 01:24:48,578 [grpc-default-executor-3] WARN  server.GrpcLogAppender (LogUtils.java:warn(122)) - omNode-1@group-523986131536->omNode-3-AppendLogResponseHandler: Failed appendEntries: org.apache.ratis.thirdparty.io.grpc.StatusRuntimeException: UNAVAILABLE: io exception
2022-09-29 01:24:48,578 [grpc-default-executor-3] INFO  leader.FollowerInfo (FollowerInfoImpl.java:lambda$new$0(48)) - omNode-1@group-523986131536->omNode-3: nextIndex: updateUnconditionally 299 -> 45
2022-09-29 01:24:48,588 [grpc-default-executor-3] WARN  server.GrpcLogAppender (LogUtils.java:warn(122)) - omNode-1@group-523986131536->omNode-3-AppendLogResponseHandler: Failed appendEntries: org.apache.ratis.thirdparty.io.grpc.StatusRuntimeException: UNAVAILABLE: io exception
2022-09-29 01:24:48,588 [grpc-default-executor-3] INFO  leader.FollowerInfo (FollowerInfoImpl.java:lambda$new$0(48)) - omNode-1@group-523986131536->omNode-3: nextIndex: updateUnconditionally 299 -> 45
2022-09-29 01:24:48,589 [grpc-default-executor-3] WARN  server.GrpcLogAppender (LogUtils.java:warn(122)) - omNode-1@group-523986131536->omNode-3-AppendLogResponseHandler: Failed appendEntries: org.apache.ratis.thirdparty.io.grpc.StatusRuntimeException: UNAVAILABLE: io exception
2022-09-29 01:24:48,589 [grpc-default-executor-3] INFO  leader.FollowerInfo (FollowerInfoImpl.java:lambda$new$0(48)) - omNode-1@group-523986131536->omNode-3: nextIndex: updateUnconditionally 299 -> 45
2022-09-29 01:24:48,597 [grpc-default-executor-2] WARN  server.GrpcLogAppender (LogUtils.java:warn(122)) - omNode-1@group-523986131536->omNode-3-AppendLogResponseHandler: Failed appendEntries: org.apache.ratis.thirdparty.io.grpc.StatusRuntimeException: UNAVAILABLE: io exception
2022-09-29 01:24:48,597 [grpc-default-executor-2] INFO  leader.FollowerInfo (FollowerInfoImpl.java:lambda$new$0(48)) - omNode-1@group-523986131536->omNode-3: nextIndex: updateUnconditionally 300 -> 45
2022-09-29 01:24:48,599 [grpc-default-executor-2] WARN  server.GrpcLogAppender (LogUtils.java:warn(122)) - omNode-1@group-523986131536->omNode-3-AppendLogResponseHandler: Failed appendEntries: org.apache.ratis.thirdparty.io.grpc.StatusRuntimeException: UNAVAILABLE: io exception
2022-09-29 01:24:48,599 [grpc-default-executor-2] INFO  leader.FollowerInfo (FollowerInfoImpl.java:lambda$new$0(48)) - omNode-1@group-523986131536->omNode-3: nextIndex: updateUnconditionally 300 -> 45
2022-09-29 01:24:48,601 [grpc-default-executor-2] WARN  server.GrpcLogAppender (LogUtils.java:warn(122)) - omNode-1@group-523986131536->omNode-3-AppendLogResponseHandler: Failed appendEntries: org.apache.ratis.thirdparty.io.grpc.StatusRuntimeException: UNAVAILABLE: io exception
2022-09-29 01:24:48,601 [grpc-default-executor-2] INFO  leader.FollowerInfo (FollowerInfoImpl.java:lambda$new$0(48)) - omNode-1@group-523986131536->omNode-3: nextIndex: updateUnconditionally 301 -> 45
2022-09-29 01:24:48,603 [grpc-default-executor-2] WARN  server.GrpcLogAppender (LogUtils.java:warn(122)) - omNode-1@group-523986131536->omNode-3-AppendLogResponseHandler: Failed appendEntries: org.apache.ratis.thirdparty.io.grpc.StatusRuntimeException: UNAVAILABLE: io exception
2022-09-29 01:24:48,603 [grpc-default-executor-2] INFO  leader.FollowerInfo (FollowerInfoImpl.java:lambda$new$0(48)) - omNode-1@group-523986131536->omNode-3: nextIndex: updateUnconditionally 302 -> 45
2022-09-29 01:24:48,608 [grpc-default-executor-2] WARN  server.GrpcLogAppender (LogUtils.java:warn(122)) - omNode-1@group-523986131536->omNode-3-AppendLogResponseHandler: Failed appendEntries: org.apache.ratis.thirdparty.io.grpc.StatusRuntimeException: UNAVAILABLE: io exception
2022-09-29 01:24:48,608 [grpc-default-executor-2] INFO  leader.FollowerInfo (FollowerInfoImpl.java:lambda$new$0(48)) - omNode-1@group-523986131536->omNode-3: nextIndex: updateUnconditionally 302 -> 45
2022-09-29 01:24:48,609 [omNode-1@group-523986131536-StateMachineUpdater] INFO  ratis.OzoneManagerStateMachine (OzoneManagerStateMachine.java:takeSnapshot(441)) - Current Snapshot Index (t:2, i:300)
2022-09-29 01:24:48,609 [omNode-1@group-523986131536-StateMachineUpdater] INFO  impl.StateMachineUpdater (StateMachineUpdater.java:takeSnapshot(287)) - omNode-1@group-523986131536-StateMachineUpdater: Took a snapshot at index 300
2022-09-29 01:24:48,609 [omNode-1@group-523986131536-StateMachineUpdater] INFO  impl.StateMachineUpdater (StateMachineUpdater.java:lambda$new$0(92)) - omNode-1@group-523986131536-StateMachineUpdater: snapshotIndex: updateIncreasingly 250 -> 300
2022-09-29 01:24:48,609 [omNode-1@group-523986131536-StateMachineUpdater] INFO  raftlog.RaftLog (RaftLogBase.java:purge(308)) - omNode-1@group-523986131536-SegmentedRaftLog: purge 300
2022-09-29 01:24:48,609 [omNode-1@group-523986131536-StateMachineUpdater] INFO  raftlog.RaftLog (RaftLogBase.java:lambda$new$0(53)) - omNode-1@group-523986131536-SegmentedRaftLog: snapshotIndex: updateIncreasingly 250 -> 300
2022-09-29 01:24:48,609 [omNode-1@group-523986131536-StateMachineUpdater] INFO  raftlog.RaftLog (RaftLogBase.java:lambda$new$0(53)) - omNode-1@group-523986131536-SegmentedRaftLog: purgeIndex: updateToMax old=250, new=300, updated? true
2022-09-29 01:24:48,615 [grpc-default-executor-2] WARN  server.GrpcLogAppender (LogUtils.java:warn(122)) - omNode-1@group-523986131536->omNode-3-AppendLogResponseHandler: Failed appendEntries: org.apache.ratis.thirdparty.io.grpc.StatusRuntimeException: UNAVAILABLE: io exception
2022-09-29 01:24:48,615 [grpc-default-executor-2] INFO  leader.FollowerInfo (FollowerInfoImpl.java:lambda$new$0(48)) - omNode-1@group-523986131536->omNode-3: nextIndex: updateUnconditionally 303 -> 45
2022-09-29 01:24:48,620 [grpc-default-executor-3] WARN  server.GrpcLogAppender (LogUtils.java:warn(122)) - omNode-1@group-523986131536->omNode-3-AppendLogResponseHandler: Failed appendEntries: org.apache.ratis.thirdparty.io.grpc.StatusRuntimeException: UNAVAILABLE: io exception
2022-09-29 01:24:48,620 [grpc-default-executor-3] INFO  leader.FollowerInfo (FollowerInfoImpl.java:lambda$new$0(48)) - omNode-1@group-523986131536->omNode-3: nextIndex: updateUnconditionally 303 -> 45
2022-09-29 01:24:48,621 [grpc-default-executor-3] WARN  server.GrpcLogAppender (LogUtils.java:warn(122)) - omNode-1@group-523986131536->omNode-3-AppendLogResponseHandler: Failed appendEntries: org.apache.ratis.thirdparty.io.grpc.StatusRuntimeException: UNAVAILABLE: io exception
2022-09-29 01:24:48,621 [grpc-default-executor-3] INFO  leader.FollowerInfo (FollowerInfoImpl.java:lambda$new$0(48)) - omNode-1@group-523986131536->omNode-3: nextIndex: updateUnconditionally 303 -> 45
2022-09-29 01:24:48,623 [grpc-default-executor-2] WARN  server.GrpcLogAppender (LogUtils.java:warn(122)) - omNode-1@group-523986131536->omNode-3-AppendLogResponseHandler: Failed appendEntries: org.apache.ratis.thirdparty.io.grpc.StatusRuntimeException: UNAVAILABLE: io exception
2022-09-29 01:24:48,623 [grpc-default-executor-2] INFO  leader.FollowerInfo (FollowerInfoImpl.java:lambda$new$0(48)) - omNode-1@group-523986131536->omNode-3: nextIndex: updateUnconditionally 304 -> 45
2022-09-29 01:24:48,632 [grpc-default-executor-2] WARN  server.GrpcLogAppender (LogUtils.java:warn(122)) - omNode-1@group-523986131536->omNode-3-AppendLogResponseHandler: Failed appendEntries: org.apache.ratis.thirdparty.io.grpc.StatusRuntimeException: UNAVAILABLE: io exception
2022-09-29 01:24:48,632 [grpc-default-executor-2] INFO  leader.FollowerInfo (FollowerInfoImpl.java:lambda$new$0(48)) - omNode-1@group-523986131536->omNode-3: nextIndex: updateUnconditionally 304 -> 45
2022-09-29 01:24:48,633 [grpc-default-executor-2] WARN  server.GrpcLogAppender (LogUtils.java:warn(122)) - omNode-1@group-523986131536->omNode-3-AppendLogResponseHandler: Failed appendEntries: org.apache.ratis.thirdparty.io.grpc.StatusRuntimeException: UNAVAILABLE: io exception
2022-09-29 01:24:48,633 [grpc-default-executor-2] INFO  leader.FollowerInfo (FollowerInfoImpl.java:lambda$new$0(48)) - omNode-1@group-523986131536->omNode-3: nextIndex: updateUnconditionally 305 -> 45
2022-09-29 01:24:48,635 [grpc-default-executor-2] WARN  server.GrpcLogAppender (LogUtils.java:warn(122)) - omNode-1@group-523986131536->omNode-3-AppendLogResponseHandler: Failed appendEntries: org.apache.ratis.thirdparty.io.grpc.StatusRuntimeException: UNAVAILABLE: io exception
2022-09-29 01:24:48,635 [grpc-default-executor-2] INFO  leader.FollowerInfo (FollowerInfoImpl.java:lambda$new$0(48)) - omNode-1@group-523986131536->omNode-3: nextIndex: updateUnconditionally 306 -> 45
2022-09-29 01:24:48,639 [grpc-default-executor-2] WARN  server.GrpcLogAppender (LogUtils.java:warn(122)) - omNode-1@group-523986131536->omNode-3-AppendLogResponseHandler: Failed appendEntries: org.apache.ratis.thirdparty.io.grpc.StatusRuntimeException: UNAVAILABLE: io exception
2022-09-29 01:24:48,639 [grpc-default-executor-2] INFO  leader.FollowerInfo (FollowerInfoImpl.java:lambda$new$0(48)) - omNode-1@group-523986131536->omNode-3: nextIndex: updateUnconditionally 306 -> 45
2022-09-29 01:24:48,640 [grpc-default-executor-2] WARN  server.GrpcLogAppender (LogUtils.java:warn(122)) - omNode-1@group-523986131536->omNode-3-AppendLogResponseHandler: Failed appendEntries: org.apache.ratis.thirdparty.io.grpc.StatusRuntimeException: UNAVAILABLE: io exception
2022-09-29 01:24:48,640 [grpc-default-executor-2] INFO  leader.FollowerInfo (FollowerInfoImpl.java:lambda$new$0(48)) - omNode-1@group-523986131536->omNode-3: nextIndex: updateUnconditionally 306 -> 45
2022-09-29 01:24:48,647 [grpc-default-executor-2] WARN  server.GrpcLogAppender (LogUtils.java:warn(122)) - omNode-1@group-523986131536->omNode-3-AppendLogResponseHandler: Failed appendEntries: org.apache.ratis.thirdparty.io.grpc.StatusRuntimeException: UNAVAILABLE: io exception
2022-09-29 01:24:48,647 [grpc-default-executor-2] INFO  leader.FollowerInfo (FollowerInfoImpl.java:lambda$new$0(48)) - omNode-1@group-523986131536->omNode-3: nextIndex: updateUnconditionally 307 -> 45
2022-09-29 01:24:48,653 [omNode-2@group-523986131536-StateMachineUpdater] INFO  ratis.OzoneManagerStateMachine (OzoneManagerStateMachine.java:takeSnapshot(441)) - Current Snapshot Index (t:2, i:304)
2022-09-29 01:24:48,654 [omNode-2@group-523986131536-StateMachineUpdater] INFO  impl.StateMachineUpdater (StateMachineUpdater.java:takeSnapshot(287)) - omNode-2@group-523986131536-StateMachineUpdater: Took a snapshot at index 304
2022-09-29 01:24:48,654 [omNode-2@group-523986131536-StateMachineUpdater] INFO  impl.StateMachineUpdater (StateMachineUpdater.java:lambda$new$0(92)) - omNode-2@group-523986131536-StateMachineUpdater: snapshotIndex: updateIncreasingly 253 -> 304
2022-09-29 01:24:48,654 [omNode-2@group-523986131536-StateMachineUpdater] INFO  raftlog.RaftLog (RaftLogBase.java:purge(308)) - omNode-2@group-523986131536-SegmentedRaftLog: purge 304
2022-09-29 01:24:48,654 [omNode-2@group-523986131536-StateMachineUpdater] INFO  raftlog.RaftLog (RaftLogBase.java:lambda$new$0(53)) - omNode-2@group-523986131536-SegmentedRaftLog: snapshotIndex: updateIncreasingly 253 -> 304
2022-09-29 01:24:48,654 [omNode-2@group-523986131536-StateMachineUpdater] INFO  raftlog.RaftLog (RaftLogBase.java:lambda$new$0(53)) - omNode-2@group-523986131536-SegmentedRaftLog: purgeIndex: updateToMax old=253, new=304, updated? true
2022-09-29 01:24:48,654 [grpc-default-executor-3] WARN  server.GrpcLogAppender (LogUtils.java:warn(122)) - omNode-1@group-523986131536->omNode-3-AppendLogResponseHandler: Failed appendEntries: org.apache.ratis.thirdparty.io.grpc.StatusRuntimeException: UNAVAILABLE: io exception
2022-09-29 01:24:48,655 [grpc-default-executor-3] INFO  leader.FollowerInfo (FollowerInfoImpl.java:lambda$new$0(48)) - omNode-1@group-523986131536->omNode-3: nextIndex: updateUnconditionally 307 -> 45
2022-09-29 01:24:48,655 [grpc-default-executor-3] WARN  server.GrpcLogAppender (LogUtils.java:warn(122)) - omNode-1@group-523986131536->omNode-3-AppendLogResponseHandler: Failed appendEntries: org.apache.ratis.thirdparty.io.grpc.StatusRuntimeException: UNAVAILABLE: io exception
2022-09-29 01:24:48,655 [grpc-default-executor-3] INFO  leader.FollowerInfo (FollowerInfoImpl.java:lambda$new$0(48)) - omNode-1@group-523986131536->omNode-3: nextIndex: updateUnconditionally 307 -> 45
2022-09-29 01:24:48,670 [grpc-default-executor-2] WARN  server.GrpcLogAppender (LogUtils.java:warn(122)) - omNode-1@group-523986131536->omNode-3-AppendLogResponseHandler: Failed appendEntries: org.apache.ratis.thirdparty.io.grpc.StatusRuntimeException: UNAVAILABLE: io exception
2022-09-29 01:24:48,670 [grpc-default-executor-2] INFO  leader.FollowerInfo (FollowerInfoImpl.java:lambda$new$0(48)) - omNode-1@group-523986131536->omNode-3: nextIndex: updateUnconditionally 308 -> 45
2022-09-29 01:24:48,675 [grpc-default-executor-2] WARN  server.GrpcLogAppender (LogUtils.java:warn(122)) - omNode-1@group-523986131536->omNode-3-AppendLogResponseHandler: Failed appendEntries: org.apache.ratis.thirdparty.io.grpc.StatusRuntimeException: UNAVAILABLE: io exception
2022-09-29 01:24:48,675 [grpc-default-executor-2] INFO  leader.FollowerInfo (FollowerInfoImpl.java:lambda$new$0(48)) - omNode-1@group-523986131536->omNode-3: nextIndex: updateUnconditionally 308 -> 45
2022-09-29 01:24:48,677 [grpc-default-executor-2] WARN  server.GrpcLogAppender (LogUtils.java:warn(122)) - omNode-1@group-523986131536->omNode-3-AppendLogResponseHandler: Failed appendEntries: org.apache.ratis.thirdparty.io.grpc.StatusRuntimeException: UNAVAILABLE: io exception
2022-09-29 01:24:48,677 [grpc-default-executor-2] INFO  leader.FollowerInfo (FollowerInfoImpl.java:lambda$new$0(48)) - omNode-1@group-523986131536->omNode-3: nextIndex: updateUnconditionally 310 -> 45
2022-09-29 01:24:48,687 [grpc-default-executor-2] WARN  server.GrpcLogAppender (LogUtils.java:warn(122)) - omNode-1@group-523986131536->omNode-3-AppendLogResponseHandler: Failed appendEntries: org.apache.ratis.thirdparty.io.grpc.StatusRuntimeException: UNAVAILABLE: io exception
2022-09-29 01:24:48,688 [grpc-default-executor-2] INFO  leader.FollowerInfo (FollowerInfoImpl.java:lambda$new$0(48)) - omNode-1@group-523986131536->omNode-3: nextIndex: updateUnconditionally 310 -> 45
2022-09-29 01:24:48,688 [grpc-default-executor-2] WARN  server.GrpcLogAppender (LogUtils.java:warn(122)) - omNode-1@group-523986131536->omNode-3-AppendLogResponseHandler: Failed appendEntries: org.apache.ratis.thirdparty.io.grpc.StatusRuntimeException: UNAVAILABLE: io exception
2022-09-29 01:24:48,688 [grpc-default-executor-2] INFO  leader.FollowerInfo (FollowerInfoImpl.java:lambda$new$0(48)) - omNode-1@group-523986131536->omNode-3: nextIndex: updateUnconditionally 310 -> 45
2022-09-29 01:24:48,695 [grpc-default-executor-2] WARN  server.GrpcLogAppender (LogUtils.java:warn(122)) - omNode-1@group-523986131536->omNode-3-AppendLogResponseHandler: Failed appendEntries: org.apache.ratis.thirdparty.io.grpc.StatusRuntimeException: UNAVAILABLE: io exception
2022-09-29 01:24:48,695 [grpc-default-executor-2] INFO  leader.FollowerInfo (FollowerInfoImpl.java:lambda$new$0(48)) - omNode-1@group-523986131536->omNode-3: nextIndex: updateUnconditionally 311 -> 45
2022-09-29 01:24:48,701 [grpc-default-executor-3] WARN  server.GrpcLogAppender (LogUtils.java:warn(122)) - omNode-1@group-523986131536->omNode-3-AppendLogResponseHandler: Failed appendEntries: org.apache.ratis.thirdparty.io.grpc.StatusRuntimeException: UNAVAILABLE: io exception
2022-09-29 01:24:48,701 [grpc-default-executor-3] INFO  leader.FollowerInfo (FollowerInfoImpl.java:lambda$new$0(48)) - omNode-1@group-523986131536->omNode-3: nextIndex: updateUnconditionally 311 -> 45
2022-09-29 01:24:48,702 [grpc-default-executor-3] WARN  server.GrpcLogAppender (LogUtils.java:warn(122)) - omNode-1@group-523986131536->omNode-3-AppendLogResponseHandler: Failed appendEntries: org.apache.ratis.thirdparty.io.grpc.StatusRuntimeException: UNAVAILABLE: io exception
2022-09-29 01:24:48,702 [grpc-default-executor-3] INFO  leader.FollowerInfo (FollowerInfoImpl.java:lambda$new$0(48)) - omNode-1@group-523986131536->omNode-3: nextIndex: updateUnconditionally 311 -> 45
2022-09-29 01:24:48,705 [grpc-default-executor-2] WARN  server.GrpcLogAppender (LogUtils.java:warn(122)) - omNode-1@group-523986131536->omNode-3-AppendLogResponseHandler: Failed appendEntries: org.apache.ratis.thirdparty.io.grpc.StatusRuntimeException: UNAVAILABLE: io exception
2022-09-29 01:24:48,705 [grpc-default-executor-2] INFO  leader.FollowerInfo (FollowerInfoImpl.java:lambda$new$0(48)) - omNode-1@group-523986131536->omNode-3: nextIndex: updateUnconditionally 312 -> 45
2022-09-29 01:24:48,715 [grpc-default-executor-2] WARN  server.GrpcLogAppender (LogUtils.java:warn(122)) - omNode-1@group-523986131536->omNode-3-AppendLogResponseHandler: Failed appendEntries: org.apache.ratis.thirdparty.io.grpc.StatusRuntimeException: UNAVAILABLE: io exception
2022-09-29 01:24:48,715 [grpc-default-executor-2] INFO  leader.FollowerInfo (FollowerInfoImpl.java:lambda$new$0(48)) - omNode-1@group-523986131536->omNode-3: nextIndex: updateUnconditionally 312 -> 45
2022-09-29 01:24:48,716 [grpc-default-executor-2] WARN  server.GrpcLogAppender (LogUtils.java:warn(122)) - omNode-1@group-523986131536->omNode-3-AppendLogResponseHandler: Failed appendEntries: org.apache.ratis.thirdparty.io.grpc.StatusRuntimeException: UNAVAILABLE: io exception
2022-09-29 01:24:48,716 [grpc-default-executor-2] INFO  leader.FollowerInfo (FollowerInfoImpl.java:lambda$new$0(48)) - omNode-1@group-523986131536->omNode-3: nextIndex: updateUnconditionally 313 -> 45
2022-09-29 01:24:48,719 [grpc-default-executor-3] WARN  server.GrpcLogAppender (LogUtils.java:warn(122)) - omNode-1@group-523986131536->omNode-3-AppendLogResponseHandler: Failed appendEntries: org.apache.ratis.thirdparty.io.grpc.StatusRuntimeException: UNAVAILABLE: io exception
2022-09-29 01:24:48,719 [grpc-default-executor-3] INFO  leader.FollowerInfo (FollowerInfoImpl.java:lambda$new$0(48)) - omNode-1@group-523986131536->omNode-3: nextIndex: updateUnconditionally 314 -> 45
2022-09-29 01:24:48,728 [grpc-default-executor-2] WARN  server.GrpcLogAppender (LogUtils.java:warn(122)) - omNode-1@group-523986131536->omNode-3-AppendLogResponseHandler: Failed appendEntries: org.apache.ratis.thirdparty.io.grpc.StatusRuntimeException: UNAVAILABLE: io exception
2022-09-29 01:24:48,729 [grpc-default-executor-2] INFO  leader.FollowerInfo (FollowerInfoImpl.java:lambda$new$0(48)) - omNode-1@group-523986131536->omNode-3: nextIndex: updateUnconditionally 314 -> 45
2022-09-29 01:24:48,733 [grpc-default-executor-2] WARN  server.GrpcLogAppender (LogUtils.java:warn(122)) - omNode-1@group-523986131536->omNode-3-AppendLogResponseHandler: Failed appendEntries: org.apache.ratis.thirdparty.io.grpc.StatusRuntimeException: UNAVAILABLE: io exception
2022-09-29 01:24:48,734 [grpc-default-executor-2] INFO  leader.FollowerInfo (FollowerInfoImpl.java:lambda$new$0(48)) - omNode-1@group-523986131536->omNode-3: nextIndex: updateUnconditionally 315 -> 45
2022-09-29 01:24:48,739 [grpc-default-executor-2] WARN  server.GrpcLogAppender (LogUtils.java:warn(122)) - omNode-1@group-523986131536->omNode-3-AppendLogResponseHandler: Failed appendEntries: org.apache.ratis.thirdparty.io.grpc.StatusRuntimeException: UNAVAILABLE: io exception
2022-09-29 01:24:48,739 [grpc-default-executor-2] INFO  leader.FollowerInfo (FollowerInfoImpl.java:lambda$new$0(48)) - omNode-1@group-523986131536->omNode-3: nextIndex: updateUnconditionally 315 -> 45
2022-09-29 01:24:48,745 [grpc-default-executor-3] WARN  server.GrpcLogAppender (LogUtils.java:warn(122)) - omNode-1@group-523986131536->omNode-3-AppendLogResponseHandler: Failed appendEntries: org.apache.ratis.thirdparty.io.grpc.StatusRuntimeException: UNAVAILABLE: io exception
2022-09-29 01:24:48,745 [grpc-default-executor-3] INFO  leader.FollowerInfo (FollowerInfoImpl.java:lambda$new$0(48)) - omNode-1@group-523986131536->omNode-3: nextIndex: updateUnconditionally 316 -> 45
2022-09-29 01:24:48,752 [grpc-default-executor-3] WARN  server.GrpcLogAppender (LogUtils.java:warn(122)) - omNode-1@group-523986131536->omNode-3-AppendLogResponseHandler: Failed appendEntries: org.apache.ratis.thirdparty.io.grpc.StatusRuntimeException: UNAVAILABLE: io exception
2022-09-29 01:24:48,752 [grpc-default-executor-3] INFO  leader.FollowerInfo (FollowerInfoImpl.java:lambda$new$0(48)) - omNode-1@group-523986131536->omNode-3: nextIndex: updateUnconditionally 316 -> 45
2022-09-29 01:24:48,753 [grpc-default-executor-3] WARN  server.GrpcLogAppender (LogUtils.java:warn(122)) - omNode-1@group-523986131536->omNode-3-AppendLogResponseHandler: Failed appendEntries: org.apache.ratis.thirdparty.io.grpc.StatusRuntimeException: UNAVAILABLE: io exception
2022-09-29 01:24:48,753 [grpc-default-executor-3] INFO  leader.FollowerInfo (FollowerInfoImpl.java:lambda$new$0(48)) - omNode-1@group-523986131536->omNode-3: nextIndex: updateUnconditionally 317 -> 45
2022-09-29 01:24:48,755 [grpc-default-executor-3] WARN  server.GrpcLogAppender (LogUtils.java:warn(122)) - omNode-1@group-523986131536->omNode-3-AppendLogResponseHandler: Failed appendEntries: org.apache.ratis.thirdparty.io.grpc.StatusRuntimeException: UNAVAILABLE: io exception
2022-09-29 01:24:48,755 [grpc-default-executor-3] INFO  leader.FollowerInfo (FollowerInfoImpl.java:lambda$new$0(48)) - omNode-1@group-523986131536->omNode-3: nextIndex: updateUnconditionally 318 -> 45
2022-09-29 01:24:48,765 [grpc-default-executor-3] WARN  server.GrpcLogAppender (LogUtils.java:warn(122)) - omNode-1@group-523986131536->omNode-3-AppendLogResponseHandler: Failed appendEntries: org.apache.ratis.thirdparty.io.grpc.StatusRuntimeException: UNAVAILABLE: io exception
2022-09-29 01:24:48,766 [grpc-default-executor-3] INFO  leader.FollowerInfo (FollowerInfoImpl.java:lambda$new$0(48)) - omNode-1@group-523986131536->omNode-3: nextIndex: updateUnconditionally 318 -> 45
2022-09-29 01:24:48,766 [grpc-default-executor-3] WARN  server.GrpcLogAppender (LogUtils.java:warn(122)) - omNode-1@group-523986131536->omNode-3-AppendLogResponseHandler: Failed appendEntries: org.apache.ratis.thirdparty.io.grpc.StatusRuntimeException: UNAVAILABLE: io exception
2022-09-29 01:24:48,766 [grpc-default-executor-3] INFO  leader.FollowerInfo (FollowerInfoImpl.java:lambda$new$0(48)) - omNode-1@group-523986131536->omNode-3: nextIndex: updateUnconditionally 318 -> 45
2022-09-29 01:24:48,775 [grpc-default-executor-3] WARN  server.GrpcLogAppender (LogUtils.java:warn(122)) - omNode-1@group-523986131536->omNode-3-AppendLogResponseHandler: Failed appendEntries: org.apache.ratis.thirdparty.io.grpc.StatusRuntimeException: UNAVAILABLE: io exception
2022-09-29 01:24:48,775 [grpc-default-executor-3] INFO  leader.FollowerInfo (FollowerInfoImpl.java:lambda$new$0(48)) - omNode-1@group-523986131536->omNode-3: nextIndex: updateUnconditionally 319 -> 45
2022-09-29 01:24:48,782 [grpc-default-executor-2] WARN  server.GrpcLogAppender (LogUtils.java:warn(122)) - omNode-1@group-523986131536->omNode-3-AppendLogResponseHandler: Failed appendEntries: org.apache.ratis.thirdparty.io.grpc.StatusRuntimeException: UNAVAILABLE: io exception
2022-09-29 01:24:48,782 [grpc-default-executor-2] INFO  leader.FollowerInfo (FollowerInfoImpl.java:lambda$new$0(48)) - omNode-1@group-523986131536->omNode-3: nextIndex: updateUnconditionally 319 -> 45
2022-09-29 01:24:48,783 [grpc-default-executor-2] WARN  server.GrpcLogAppender (LogUtils.java:warn(122)) - omNode-1@group-523986131536->omNode-3-AppendLogResponseHandler: Failed appendEntries: org.apache.ratis.thirdparty.io.grpc.StatusRuntimeException: UNAVAILABLE: io exception
2022-09-29 01:24:48,783 [grpc-default-executor-2] INFO  leader.FollowerInfo (FollowerInfoImpl.java:lambda$new$0(48)) - omNode-1@group-523986131536->omNode-3: nextIndex: updateUnconditionally 319 -> 45
2022-09-29 01:24:48,790 [grpc-default-executor-3] WARN  server.GrpcLogAppender (LogUtils.java:warn(122)) - omNode-1@group-523986131536->omNode-3-AppendLogResponseHandler: Failed appendEntries: org.apache.ratis.thirdparty.io.grpc.StatusRuntimeException: UNAVAILABLE: io exception
2022-09-29 01:24:48,790 [grpc-default-executor-3] INFO  leader.FollowerInfo (FollowerInfoImpl.java:lambda$new$0(48)) - omNode-1@group-523986131536->omNode-3: nextIndex: updateUnconditionally 320 -> 45
2022-09-29 01:24:48,798 [grpc-default-executor-3] WARN  server.GrpcLogAppender (LogUtils.java:warn(122)) - omNode-1@group-523986131536->omNode-3-AppendLogResponseHandler: Failed appendEntries: org.apache.ratis.thirdparty.io.grpc.StatusRuntimeException: UNAVAILABLE: io exception
2022-09-29 01:24:48,798 [grpc-default-executor-3] INFO  leader.FollowerInfo (FollowerInfoImpl.java:lambda$new$0(48)) - omNode-1@group-523986131536->omNode-3: nextIndex: updateUnconditionally 320 -> 45
2022-09-29 01:24:48,799 [grpc-default-executor-3] WARN  server.GrpcLogAppender (LogUtils.java:warn(122)) - omNode-1@group-523986131536->omNode-3-AppendLogResponseHandler: Failed appendEntries: org.apache.ratis.thirdparty.io.grpc.StatusRuntimeException: UNAVAILABLE: io exception
2022-09-29 01:24:48,799 [grpc-default-executor-3] INFO  leader.FollowerInfo (FollowerInfoImpl.java:lambda$new$0(48)) - omNode-1@group-523986131536->omNode-3: nextIndex: updateUnconditionally 321 -> 45
2022-09-29 01:24:48,801 [grpc-default-executor-3] WARN  server.GrpcLogAppender (LogUtils.java:warn(122)) - omNode-1@group-523986131536->omNode-3-AppendLogResponseHandler: Failed appendEntries: org.apache.ratis.thirdparty.io.grpc.StatusRuntimeException: UNAVAILABLE: io exception
2022-09-29 01:24:48,802 [grpc-default-executor-3] INFO  leader.FollowerInfo (FollowerInfoImpl.java:lambda$new$0(48)) - omNode-1@group-523986131536->omNode-3: nextIndex: updateUnconditionally 322 -> 45
2022-09-29 01:24:48,805 [grpc-default-executor-3] WARN  server.GrpcLogAppender (LogUtils.java:warn(122)) - omNode-1@group-523986131536->omNode-3-AppendLogResponseHandler: Failed appendEntries: org.apache.ratis.thirdparty.io.grpc.StatusRuntimeException: UNAVAILABLE: io exception
2022-09-29 01:24:48,805 [grpc-default-executor-3] INFO  leader.FollowerInfo (FollowerInfoImpl.java:lambda$new$0(48)) - omNode-1@group-523986131536->omNode-3: nextIndex: updateUnconditionally 322 -> 45
2022-09-29 01:24:48,806 [grpc-default-executor-3] WARN  server.GrpcLogAppender (LogUtils.java:warn(122)) - omNode-1@group-523986131536->omNode-3-AppendLogResponseHandler: Failed appendEntries: org.apache.ratis.thirdparty.io.grpc.StatusRuntimeException: UNAVAILABLE: io exception
2022-09-29 01:24:48,806 [grpc-default-executor-3] INFO  leader.FollowerInfo (FollowerInfoImpl.java:lambda$new$0(48)) - omNode-1@group-523986131536->omNode-3: nextIndex: updateUnconditionally 322 -> 45
2022-09-29 01:24:48,808 [grpc-default-executor-3] WARN  server.GrpcLogAppender (LogUtils.java:warn(122)) - omNode-1@group-523986131536->omNode-3-AppendLogResponseHandler: Failed appendEntries: org.apache.ratis.thirdparty.io.grpc.StatusRuntimeException: UNAVAILABLE: io exception
2022-09-29 01:24:48,808 [grpc-default-executor-3] INFO  leader.FollowerInfo (FollowerInfoImpl.java:lambda$new$0(48)) - omNode-1@group-523986131536->omNode-3: nextIndex: updateUnconditionally 323 -> 45
2022-09-29 01:24:48,820 [grpc-default-executor-3] WARN  server.GrpcLogAppender (LogUtils.java:warn(122)) - omNode-1@group-523986131536->omNode-3-AppendLogResponseHandler: Failed appendEntries: org.apache.ratis.thirdparty.io.grpc.StatusRuntimeException: UNAVAILABLE: io exception
2022-09-29 01:24:48,820 [grpc-default-executor-3] INFO  leader.FollowerInfo (FollowerInfoImpl.java:lambda$new$0(48)) - omNode-1@group-523986131536->omNode-3: nextIndex: updateUnconditionally 323 -> 45
2022-09-29 01:24:48,821 [grpc-default-executor-3] WARN  server.GrpcLogAppender (LogUtils.java:warn(122)) - omNode-1@group-523986131536->omNode-3-AppendLogResponseHandler: Failed appendEntries: org.apache.ratis.thirdparty.io.grpc.StatusRuntimeException: UNAVAILABLE: io exception
2022-09-29 01:24:48,821 [grpc-default-executor-3] INFO  leader.FollowerInfo (FollowerInfoImpl.java:lambda$new$0(48)) - omNode-1@group-523986131536->omNode-3: nextIndex: updateUnconditionally 323 -> 45
2022-09-29 01:24:48,831 [grpc-default-executor-2] WARN  server.GrpcLogAppender (LogUtils.java:warn(122)) - omNode-1@group-523986131536->omNode-3-AppendLogResponseHandler: Failed appendEntries: org.apache.ratis.thirdparty.io.grpc.StatusRuntimeException: UNAVAILABLE: io exception
2022-09-29 01:24:48,831 [grpc-default-executor-2] INFO  leader.FollowerInfo (FollowerInfoImpl.java:lambda$new$0(48)) - omNode-1@group-523986131536->omNode-3: nextIndex: updateUnconditionally 324 -> 45
2022-09-29 01:24:48,845 [grpc-default-executor-2] WARN  server.GrpcLogAppender (LogUtils.java:warn(122)) - omNode-1@group-523986131536->omNode-3-AppendLogResponseHandler: Failed appendEntries: org.apache.ratis.thirdparty.io.grpc.StatusRuntimeException: UNAVAILABLE: io exception
2022-09-29 01:24:48,845 [grpc-default-executor-2] INFO  leader.FollowerInfo (FollowerInfoImpl.java:lambda$new$0(48)) - omNode-1@group-523986131536->omNode-3: nextIndex: updateUnconditionally 324 -> 45
2022-09-29 01:24:48,846 [grpc-default-executor-3] WARN  server.GrpcLogAppender (LogUtils.java:warn(122)) - omNode-1@group-523986131536->omNode-3-AppendLogResponseHandler: Failed appendEntries: org.apache.ratis.thirdparty.io.grpc.StatusRuntimeException: UNAVAILABLE: io exception
2022-09-29 01:24:48,846 [grpc-default-executor-3] INFO  leader.FollowerInfo (FollowerInfoImpl.java:lambda$new$0(48)) - omNode-1@group-523986131536->omNode-3: nextIndex: updateUnconditionally 325 -> 45
2022-09-29 01:24:48,883 [grpc-default-executor-2] WARN  server.GrpcLogAppender (LogUtils.java:warn(122)) - omNode-1@group-523986131536->omNode-3-AppendLogResponseHandler: Failed appendEntries: org.apache.ratis.thirdparty.io.grpc.StatusRuntimeException: UNAVAILABLE: io exception
2022-09-29 01:24:48,883 [grpc-default-executor-2] INFO  leader.FollowerInfo (FollowerInfoImpl.java:lambda$new$0(48)) - omNode-1@group-523986131536->omNode-3: nextIndex: updateUnconditionally 326 -> 45
2022-09-29 01:24:48,891 [grpc-default-executor-2] WARN  server.GrpcLogAppender (LogUtils.java:warn(122)) - omNode-1@group-523986131536->omNode-3-AppendLogResponseHandler: Failed appendEntries: org.apache.ratis.thirdparty.io.grpc.StatusRuntimeException: UNAVAILABLE: io exception
2022-09-29 01:24:48,891 [grpc-default-executor-2] INFO  leader.FollowerInfo (FollowerInfoImpl.java:lambda$new$0(48)) - omNode-1@group-523986131536->omNode-3: nextIndex: updateUnconditionally 326 -> 45
2022-09-29 01:24:48,892 [grpc-default-executor-2] WARN  server.GrpcLogAppender (LogUtils.java:warn(122)) - omNode-1@group-523986131536->omNode-3-AppendLogResponseHandler: Failed appendEntries: org.apache.ratis.thirdparty.io.grpc.StatusRuntimeException: UNAVAILABLE: io exception
2022-09-29 01:24:48,892 [grpc-default-executor-2] INFO  leader.FollowerInfo (FollowerInfoImpl.java:lambda$new$0(48)) - omNode-1@group-523986131536->omNode-3: nextIndex: updateUnconditionally 326 -> 45
2022-09-29 01:24:48,897 [grpc-default-executor-2] WARN  server.GrpcLogAppender (LogUtils.java:warn(122)) - omNode-1@group-523986131536->omNode-3-AppendLogResponseHandler: Failed appendEntries: org.apache.ratis.thirdparty.io.grpc.StatusRuntimeException: UNAVAILABLE: io exception
2022-09-29 01:24:48,898 [grpc-default-executor-2] INFO  leader.FollowerInfo (FollowerInfoImpl.java:lambda$new$0(48)) - omNode-1@group-523986131536->omNode-3: nextIndex: updateUnconditionally 327 -> 45
2022-09-29 01:24:48,908 [grpc-default-executor-2] WARN  server.GrpcLogAppender (LogUtils.java:warn(122)) - omNode-1@group-523986131536->omNode-3-AppendLogResponseHandler: Failed appendEntries: org.apache.ratis.thirdparty.io.grpc.StatusRuntimeException: UNAVAILABLE: io exception
2022-09-29 01:24:48,908 [grpc-default-executor-2] INFO  leader.FollowerInfo (FollowerInfoImpl.java:lambda$new$0(48)) - omNode-1@group-523986131536->omNode-3: nextIndex: updateUnconditionally 327 -> 45
2022-09-29 01:24:48,909 [grpc-default-executor-2] WARN  server.GrpcLogAppender (LogUtils.java:warn(122)) - omNode-1@group-523986131536->omNode-3-AppendLogResponseHandler: Failed appendEntries: org.apache.ratis.thirdparty.io.grpc.StatusRuntimeException: UNAVAILABLE: io exception
2022-09-29 01:24:48,909 [grpc-default-executor-2] INFO  leader.FollowerInfo (FollowerInfoImpl.java:lambda$new$0(48)) - omNode-1@group-523986131536->omNode-3: nextIndex: updateUnconditionally 327 -> 45
2022-09-29 01:24:48,913 [grpc-default-executor-3] WARN  server.GrpcLogAppender (LogUtils.java:warn(122)) - omNode-1@group-523986131536->omNode-3-AppendLogResponseHandler: Failed appendEntries: org.apache.ratis.thirdparty.io.grpc.StatusRuntimeException: UNAVAILABLE: io exception
2022-09-29 01:24:48,913 [grpc-default-executor-3] INFO  leader.FollowerInfo (FollowerInfoImpl.java:lambda$new$0(48)) - omNode-1@group-523986131536->omNode-3: nextIndex: updateUnconditionally 328 -> 45
2022-09-29 01:24:48,919 [grpc-default-executor-3] WARN  server.GrpcLogAppender (LogUtils.java:warn(122)) - omNode-1@group-523986131536->omNode-3-AppendLogResponseHandler: Failed appendEntries: org.apache.ratis.thirdparty.io.grpc.StatusRuntimeException: UNAVAILABLE: io exception
2022-09-29 01:24:48,919 [grpc-default-executor-3] INFO  leader.FollowerInfo (FollowerInfoImpl.java:lambda$new$0(48)) - omNode-1@group-523986131536->omNode-3: nextIndex: updateUnconditionally 328 -> 45
2022-09-29 01:24:48,921 [grpc-default-executor-3] WARN  server.GrpcLogAppender (LogUtils.java:warn(122)) - omNode-1@group-523986131536->omNode-3-AppendLogResponseHandler: Failed appendEntries: org.apache.ratis.thirdparty.io.grpc.StatusRuntimeException: UNAVAILABLE: io exception
2022-09-29 01:24:48,921 [grpc-default-executor-3] INFO  leader.FollowerInfo (FollowerInfoImpl.java:lambda$new$0(48)) - omNode-1@group-523986131536->omNode-3: nextIndex: updateUnconditionally 329 -> 45
2022-09-29 01:24:48,923 [grpc-default-executor-3] WARN  server.GrpcLogAppender (LogUtils.java:warn(122)) - omNode-1@group-523986131536->omNode-3-AppendLogResponseHandler: Failed appendEntries: org.apache.ratis.thirdparty.io.grpc.StatusRuntimeException: UNAVAILABLE: io exception
2022-09-29 01:24:48,923 [grpc-default-executor-3] INFO  leader.FollowerInfo (FollowerInfoImpl.java:lambda$new$0(48)) - omNode-1@group-523986131536->omNode-3: nextIndex: updateUnconditionally 330 -> 45
2022-09-29 01:24:48,929 [grpc-default-executor-3] WARN  server.GrpcLogAppender (LogUtils.java:warn(122)) - omNode-1@group-523986131536->omNode-3-AppendLogResponseHandler: Failed appendEntries: org.apache.ratis.thirdparty.io.grpc.StatusRuntimeException: UNAVAILABLE: io exception
2022-09-29 01:24:48,929 [grpc-default-executor-3] INFO  leader.FollowerInfo (FollowerInfoImpl.java:lambda$new$0(48)) - omNode-1@group-523986131536->omNode-3: nextIndex: updateUnconditionally 330 -> 45
2022-09-29 01:24:48,939 [grpc-default-executor-3] WARN  server.GrpcLogAppender (LogUtils.java:warn(122)) - omNode-1@group-523986131536->omNode-3-AppendLogResponseHandler: Failed appendEntries: org.apache.ratis.thirdparty.io.grpc.StatusRuntimeException: UNAVAILABLE: io exception
2022-09-29 01:24:48,939 [grpc-default-executor-3] INFO  leader.FollowerInfo (FollowerInfoImpl.java:lambda$new$0(48)) - omNode-1@group-523986131536->omNode-3: nextIndex: updateUnconditionally 331 -> 45
2022-09-29 01:24:48,952 [grpc-default-executor-3] WARN  server.GrpcLogAppender (LogUtils.java:warn(122)) - omNode-1@group-523986131536->omNode-3-AppendLogResponseHandler: Failed appendEntries: org.apache.ratis.thirdparty.io.grpc.StatusRuntimeException: UNAVAILABLE: io exception
2022-09-29 01:24:48,952 [grpc-default-executor-3] INFO  leader.FollowerInfo (FollowerInfoImpl.java:lambda$new$0(48)) - omNode-1@group-523986131536->omNode-3: nextIndex: updateUnconditionally 331 -> 45
2022-09-29 01:24:48,953 [grpc-default-executor-3] WARN  server.GrpcLogAppender (LogUtils.java:warn(122)) - omNode-1@group-523986131536->omNode-3-AppendLogResponseHandler: Failed appendEntries: org.apache.ratis.thirdparty.io.grpc.StatusRuntimeException: UNAVAILABLE: io exception
2022-09-29 01:24:48,953 [grpc-default-executor-3] INFO  leader.FollowerInfo (FollowerInfoImpl.java:lambda$new$0(48)) - omNode-1@group-523986131536->omNode-3: nextIndex: updateUnconditionally 331 -> 45
2022-09-29 01:24:48,958 [grpc-default-executor-2] WARN  server.GrpcLogAppender (LogUtils.java:warn(122)) - omNode-1@group-523986131536->omNode-3-AppendLogResponseHandler: Failed appendEntries: org.apache.ratis.thirdparty.io.grpc.StatusRuntimeException: UNAVAILABLE: io exception
2022-09-29 01:24:48,958 [grpc-default-executor-2] INFO  leader.FollowerInfo (FollowerInfoImpl.java:lambda$new$0(48)) - omNode-1@group-523986131536->omNode-3: nextIndex: updateUnconditionally 332 -> 45
2022-09-29 01:24:48,974 [grpc-default-executor-3] WARN  server.GrpcLogAppender (LogUtils.java:warn(122)) - omNode-1@group-523986131536->omNode-3-AppendLogResponseHandler: Failed appendEntries: org.apache.ratis.thirdparty.io.grpc.StatusRuntimeException: UNAVAILABLE: io exception
2022-09-29 01:24:48,975 [grpc-default-executor-3] INFO  leader.FollowerInfo (FollowerInfoImpl.java:lambda$new$0(48)) - omNode-1@group-523986131536->omNode-3: nextIndex: updateUnconditionally 332 -> 45
2022-09-29 01:24:48,975 [grpc-default-executor-2] WARN  server.GrpcLogAppender (LogUtils.java:warn(122)) - omNode-1@group-523986131536->omNode-3-AppendLogResponseHandler: Failed appendEntries: org.apache.ratis.thirdparty.io.grpc.StatusRuntimeException: UNAVAILABLE: io exception
2022-09-29 01:24:48,975 [grpc-default-executor-2] INFO  leader.FollowerInfo (FollowerInfoImpl.java:lambda$new$0(48)) - omNode-1@group-523986131536->omNode-3: nextIndex: updateUnconditionally 334 -> 45
2022-09-29 01:24:48,980 [grpc-default-executor-2] WARN  server.GrpcLogAppender (LogUtils.java:warn(122)) - omNode-1@group-523986131536->omNode-3-AppendLogResponseHandler: Failed appendEntries: org.apache.ratis.thirdparty.io.grpc.StatusRuntimeException: UNAVAILABLE: io exception
2022-09-29 01:24:48,980 [grpc-default-executor-2] INFO  leader.FollowerInfo (FollowerInfoImpl.java:lambda$new$0(48)) - omNode-1@group-523986131536->omNode-3: nextIndex: updateUnconditionally 334 -> 45
2022-09-29 01:24:48,981 [grpc-default-executor-3] WARN  server.GrpcLogAppender (LogUtils.java:warn(122)) - omNode-1@group-523986131536->omNode-3-AppendLogResponseHandler: Failed appendEntries: org.apache.ratis.thirdparty.io.grpc.StatusRuntimeException: UNAVAILABLE: io exception
2022-09-29 01:24:48,981 [grpc-default-executor-3] INFO  leader.FollowerInfo (FollowerInfoImpl.java:lambda$new$0(48)) - omNode-1@group-523986131536->omNode-3: nextIndex: updateUnconditionally 334 -> 45
2022-09-29 01:24:48,983 [grpc-default-executor-3] WARN  server.GrpcLogAppender (LogUtils.java:warn(122)) - omNode-1@group-523986131536->omNode-3-AppendLogResponseHandler: Failed appendEntries: org.apache.ratis.thirdparty.io.grpc.StatusRuntimeException: UNAVAILABLE: io exception
2022-09-29 01:24:48,983 [grpc-default-executor-3] INFO  leader.FollowerInfo (FollowerInfoImpl.java:lambda$new$0(48)) - omNode-1@group-523986131536->omNode-3: nextIndex: updateUnconditionally 335 -> 45
2022-09-29 01:24:48,993 [grpc-default-executor-3] WARN  server.GrpcLogAppender (LogUtils.java:warn(122)) - omNode-1@group-523986131536->omNode-3-AppendLogResponseHandler: Failed appendEntries: org.apache.ratis.thirdparty.io.grpc.StatusRuntimeException: UNAVAILABLE: io exception
2022-09-29 01:24:48,993 [grpc-default-executor-3] INFO  leader.FollowerInfo (FollowerInfoImpl.java:lambda$new$0(48)) - omNode-1@group-523986131536->omNode-3: nextIndex: updateUnconditionally 335 -> 45
2022-09-29 01:24:48,994 [grpc-default-executor-3] WARN  server.GrpcLogAppender (LogUtils.java:warn(122)) - omNode-1@group-523986131536->omNode-3-AppendLogResponseHandler: Failed appendEntries: org.apache.ratis.thirdparty.io.grpc.StatusRuntimeException: UNAVAILABLE: io exception
2022-09-29 01:24:48,994 [grpc-default-executor-3] INFO  leader.FollowerInfo (FollowerInfoImpl.java:lambda$new$0(48)) - omNode-1@group-523986131536->omNode-3: nextIndex: updateUnconditionally 335 -> 45
2022-09-29 01:24:49,001 [grpc-default-executor-2] WARN  server.GrpcLogAppender (LogUtils.java:warn(122)) - omNode-1@group-523986131536->omNode-3-AppendLogResponseHandler: Failed appendEntries: org.apache.ratis.thirdparty.io.grpc.StatusRuntimeException: UNAVAILABLE: io exception
2022-09-29 01:24:49,001 [grpc-default-executor-2] INFO  leader.FollowerInfo (FollowerInfoImpl.java:lambda$new$0(48)) - omNode-1@group-523986131536->omNode-3: nextIndex: updateUnconditionally 336 -> 45
2022-09-29 01:24:49,013 [grpc-default-executor-2] WARN  server.GrpcLogAppender (LogUtils.java:warn(122)) - omNode-1@group-523986131536->omNode-3-AppendLogResponseHandler: Failed appendEntries: org.apache.ratis.thirdparty.io.grpc.StatusRuntimeException: UNAVAILABLE: io exception
2022-09-29 01:24:49,013 [grpc-default-executor-2] INFO  leader.FollowerInfo (FollowerInfoImpl.java:lambda$new$0(48)) - omNode-1@group-523986131536->omNode-3: nextIndex: updateUnconditionally 336 -> 45
2022-09-29 01:24:49,015 [grpc-default-executor-0] WARN  server.GrpcLogAppender (LogUtils.java:warn(122)) - omNode-1@group-523986131536->omNode-3-AppendLogResponseHandler: Failed appendEntries: org.apache.ratis.thirdparty.io.grpc.StatusRuntimeException: UNAVAILABLE: io exception
2022-09-29 01:24:49,015 [grpc-default-executor-0] INFO  leader.FollowerInfo (FollowerInfoImpl.java:lambda$new$0(48)) - omNode-1@group-523986131536->omNode-3: nextIndex: updateUnconditionally 337 -> 45
2022-09-29 01:24:49,027 [grpc-default-executor-2] WARN  server.GrpcLogAppender (LogUtils.java:warn(122)) - omNode-1@group-523986131536->omNode-3-AppendLogResponseHandler: Failed appendEntries: org.apache.ratis.thirdparty.io.grpc.StatusRuntimeException: UNAVAILABLE: io exception
2022-09-29 01:24:49,027 [grpc-default-executor-2] INFO  leader.FollowerInfo (FollowerInfoImpl.java:lambda$new$0(48)) - omNode-1@group-523986131536->omNode-3: nextIndex: updateUnconditionally 338 -> 45
2022-09-29 01:24:49,032 [grpc-default-executor-2] WARN  server.GrpcLogAppender (LogUtils.java:warn(122)) - omNode-1@group-523986131536->omNode-3-AppendLogResponseHandler: Failed appendEntries: org.apache.ratis.thirdparty.io.grpc.StatusRuntimeException: UNAVAILABLE: io exception
2022-09-29 01:24:49,032 [grpc-default-executor-2] INFO  leader.FollowerInfo (FollowerInfoImpl.java:lambda$new$0(48)) - omNode-1@group-523986131536->omNode-3: nextIndex: updateUnconditionally 338 -> 45
2022-09-29 01:24:49,041 [grpc-default-executor-2] WARN  server.GrpcLogAppender (LogUtils.java:warn(122)) - omNode-1@group-523986131536->omNode-3-AppendLogResponseHandler: Failed appendEntries: org.apache.ratis.thirdparty.io.grpc.StatusRuntimeException: UNAVAILABLE: io exception
2022-09-29 01:24:49,041 [grpc-default-executor-2] INFO  leader.FollowerInfo (FollowerInfoImpl.java:lambda$new$0(48)) - omNode-1@group-523986131536->omNode-3: nextIndex: updateUnconditionally 339 -> 45
2022-09-29 01:24:49,047 [grpc-default-executor-0] WARN  server.GrpcLogAppender (LogUtils.java:warn(122)) - omNode-1@group-523986131536->omNode-3-AppendLogResponseHandler: Failed appendEntries: org.apache.ratis.thirdparty.io.grpc.StatusRuntimeException: UNAVAILABLE: io exception
2022-09-29 01:24:49,047 [grpc-default-executor-0] INFO  leader.FollowerInfo (FollowerInfoImpl.java:lambda$new$0(48)) - omNode-1@group-523986131536->omNode-3: nextIndex: updateUnconditionally 339 -> 45
2022-09-29 01:24:49,049 [grpc-default-executor-0] WARN  server.GrpcLogAppender (LogUtils.java:warn(122)) - omNode-1@group-523986131536->omNode-3-AppendLogResponseHandler: Failed appendEntries: org.apache.ratis.thirdparty.io.grpc.StatusRuntimeException: UNAVAILABLE: io exception
2022-09-29 01:24:49,049 [grpc-default-executor-0] INFO  leader.FollowerInfo (FollowerInfoImpl.java:lambda$new$0(48)) - omNode-1@group-523986131536->omNode-3: nextIndex: updateUnconditionally 340 -> 45
2022-09-29 01:24:49,063 [grpc-default-executor-2] WARN  server.GrpcLogAppender (LogUtils.java:warn(122)) - omNode-1@group-523986131536->omNode-3-AppendLogResponseHandler: Failed appendEntries: org.apache.ratis.thirdparty.io.grpc.StatusRuntimeException: UNAVAILABLE: io exception
2022-09-29 01:24:49,063 [grpc-default-executor-2] INFO  leader.FollowerInfo (FollowerInfoImpl.java:lambda$new$0(48)) - omNode-1@group-523986131536->omNode-3: nextIndex: updateUnconditionally 340 -> 45
2022-09-29 01:24:49,071 [grpc-default-executor-2] WARN  server.GrpcLogAppender (LogUtils.java:warn(122)) - omNode-1@group-523986131536->omNode-3-AppendLogResponseHandler: Failed appendEntries: org.apache.ratis.thirdparty.io.grpc.StatusRuntimeException: UNAVAILABLE: io exception
2022-09-29 01:24:49,071 [grpc-default-executor-2] INFO  leader.FollowerInfo (FollowerInfoImpl.java:lambda$new$0(48)) - omNode-1@group-523986131536->omNode-3: nextIndex: updateUnconditionally 342 -> 45
2022-09-29 01:24:49,072 [grpc-default-executor-2] WARN  server.GrpcLogAppender (LogUtils.java:warn(122)) - omNode-1@group-523986131536->omNode-3-AppendLogResponseHandler: Failed appendEntries: org.apache.ratis.thirdparty.io.grpc.StatusRuntimeException: UNAVAILABLE: io exception
2022-09-29 01:24:49,072 [grpc-default-executor-2] INFO  leader.FollowerInfo (FollowerInfoImpl.java:lambda$new$0(48)) - omNode-1@group-523986131536->omNode-3: nextIndex: updateUnconditionally 342 -> 45
2022-09-29 01:24:49,079 [grpc-default-executor-2] WARN  server.GrpcLogAppender (LogUtils.java:warn(122)) - omNode-1@group-523986131536->omNode-3-AppendLogResponseHandler: Failed appendEntries: org.apache.ratis.thirdparty.io.grpc.StatusRuntimeException: UNAVAILABLE: io exception
2022-09-29 01:24:49,079 [grpc-default-executor-2] INFO  leader.FollowerInfo (FollowerInfoImpl.java:lambda$new$0(48)) - omNode-1@group-523986131536->omNode-3: nextIndex: updateUnconditionally 343 -> 45
2022-09-29 01:24:49,086 [grpc-default-executor-0] WARN  server.GrpcLogAppender (LogUtils.java:warn(122)) - omNode-1@group-523986131536->omNode-3-AppendLogResponseHandler: Failed appendEntries: org.apache.ratis.thirdparty.io.grpc.StatusRuntimeException: UNAVAILABLE: io exception
2022-09-29 01:24:49,087 [grpc-default-executor-0] INFO  leader.FollowerInfo (FollowerInfoImpl.java:lambda$new$0(48)) - omNode-1@group-523986131536->omNode-3: nextIndex: updateUnconditionally 343 -> 45
2022-09-29 01:24:49,088 [grpc-default-executor-0] WARN  server.GrpcLogAppender (LogUtils.java:warn(122)) - omNode-1@group-523986131536->omNode-3-AppendLogResponseHandler: Failed appendEntries: org.apache.ratis.thirdparty.io.grpc.StatusRuntimeException: UNAVAILABLE: io exception
2022-09-29 01:24:49,088 [grpc-default-executor-0] INFO  leader.FollowerInfo (FollowerInfoImpl.java:lambda$new$0(48)) - omNode-1@group-523986131536->omNode-3: nextIndex: updateUnconditionally 343 -> 45
2022-09-29 01:24:49,094 [grpc-default-executor-2] WARN  server.GrpcLogAppender (LogUtils.java:warn(122)) - omNode-1@group-523986131536->omNode-3-AppendLogResponseHandler: Failed appendEntries: org.apache.ratis.thirdparty.io.grpc.StatusRuntimeException: UNAVAILABLE: io exception
2022-09-29 01:24:49,094 [grpc-default-executor-2] INFO  leader.FollowerInfo (FollowerInfoImpl.java:lambda$new$0(48)) - omNode-1@group-523986131536->omNode-3: nextIndex: updateUnconditionally 344 -> 45
2022-09-29 01:24:49,100 [grpc-default-executor-2] WARN  server.GrpcLogAppender (LogUtils.java:warn(122)) - omNode-1@group-523986131536->omNode-3-AppendLogResponseHandler: Failed appendEntries: org.apache.ratis.thirdparty.io.grpc.StatusRuntimeException: UNAVAILABLE: io exception
2022-09-29 01:24:49,100 [grpc-default-executor-2] INFO  leader.FollowerInfo (FollowerInfoImpl.java:lambda$new$0(48)) - omNode-1@group-523986131536->omNode-3: nextIndex: updateUnconditionally 344 -> 45
2022-09-29 01:24:49,101 [grpc-default-executor-2] WARN  server.GrpcLogAppender (LogUtils.java:warn(122)) - omNode-1@group-523986131536->omNode-3-AppendLogResponseHandler: Failed appendEntries: org.apache.ratis.thirdparty.io.grpc.StatusRuntimeException: UNAVAILABLE: io exception
2022-09-29 01:24:49,102 [grpc-default-executor-2] INFO  leader.FollowerInfo (FollowerInfoImpl.java:lambda$new$0(48)) - omNode-1@group-523986131536->omNode-3: nextIndex: updateUnconditionally 345 -> 45
2022-09-29 01:24:49,104 [grpc-default-executor-0] WARN  server.GrpcLogAppender (LogUtils.java:warn(122)) - omNode-1@group-523986131536->omNode-3-AppendLogResponseHandler: Failed appendEntries: org.apache.ratis.thirdparty.io.grpc.StatusRuntimeException: UNAVAILABLE: io exception
2022-09-29 01:24:49,104 [grpc-default-executor-0] INFO  leader.FollowerInfo (FollowerInfoImpl.java:lambda$new$0(48)) - omNode-1@group-523986131536->omNode-3: nextIndex: updateUnconditionally 346 -> 45
2022-09-29 01:24:49,113 [grpc-default-executor-2] WARN  server.GrpcLogAppender (LogUtils.java:warn(122)) - omNode-1@group-523986131536->omNode-3-AppendLogResponseHandler: Failed appendEntries: org.apache.ratis.thirdparty.io.grpc.StatusRuntimeException: UNAVAILABLE: io exception
2022-09-29 01:24:49,113 [grpc-default-executor-2] INFO  leader.FollowerInfo (FollowerInfoImpl.java:lambda$new$0(48)) - omNode-1@group-523986131536->omNode-3: nextIndex: updateUnconditionally 346 -> 45
2022-09-29 01:24:49,114 [grpc-default-executor-2] WARN  server.GrpcLogAppender (LogUtils.java:warn(122)) - omNode-1@group-523986131536->omNode-3-AppendLogResponseHandler: Failed appendEntries: org.apache.ratis.thirdparty.io.grpc.StatusRuntimeException: UNAVAILABLE: io exception
2022-09-29 01:24:49,114 [grpc-default-executor-2] INFO  leader.FollowerInfo (FollowerInfoImpl.java:lambda$new$0(48)) - omNode-1@group-523986131536->omNode-3: nextIndex: updateUnconditionally 346 -> 45
2022-09-29 01:24:49,116 [grpc-default-executor-2] WARN  server.GrpcLogAppender (LogUtils.java:warn(122)) - omNode-1@group-523986131536->omNode-3-AppendLogResponseHandler: Failed appendEntries: org.apache.ratis.thirdparty.io.grpc.StatusRuntimeException: UNAVAILABLE: io exception
2022-09-29 01:24:49,116 [grpc-default-executor-2] INFO  leader.FollowerInfo (FollowerInfoImpl.java:lambda$new$0(48)) - omNode-1@group-523986131536->omNode-3: nextIndex: updateUnconditionally 347 -> 45
2022-09-29 01:24:49,117 [grpc-default-executor-2] WARN  server.GrpcLogAppender (LogUtils.java:warn(122)) - omNode-1@group-523986131536->omNode-3-AppendLogResponseHandler: Failed appendEntries: org.apache.ratis.thirdparty.io.grpc.StatusRuntimeException: UNAVAILABLE: io exception
2022-09-29 01:24:49,117 [grpc-default-executor-2] INFO  leader.FollowerInfo (FollowerInfoImpl.java:lambda$new$0(48)) - omNode-1@group-523986131536->omNode-3: nextIndex: updateUnconditionally 347 -> 45
2022-09-29 01:24:49,120 [grpc-default-executor-2] WARN  server.GrpcLogAppender (LogUtils.java:warn(122)) - omNode-1@group-523986131536->omNode-3-AppendLogResponseHandler: Failed appendEntries: org.apache.ratis.thirdparty.io.grpc.StatusRuntimeException: UNAVAILABLE: io exception
2022-09-29 01:24:49,120 [grpc-default-executor-2] INFO  leader.FollowerInfo (FollowerInfoImpl.java:lambda$new$0(48)) - omNode-1@group-523986131536->omNode-3: nextIndex: updateUnconditionally 347 -> 45
2022-09-29 01:24:49,131 [grpc-default-executor-0] WARN  server.GrpcLogAppender (LogUtils.java:warn(122)) - omNode-1@group-523986131536->omNode-3-AppendLogResponseHandler: Failed appendEntries: org.apache.ratis.thirdparty.io.grpc.StatusRuntimeException: UNAVAILABLE: io exception
2022-09-29 01:24:49,132 [grpc-default-executor-0] INFO  leader.FollowerInfo (FollowerInfoImpl.java:lambda$new$0(48)) - omNode-1@group-523986131536->omNode-3: nextIndex: updateUnconditionally 348 -> 45
2022-09-29 01:24:49,142 [grpc-default-executor-0] WARN  server.GrpcLogAppender (LogUtils.java:warn(122)) - omNode-1@group-523986131536->omNode-3-AppendLogResponseHandler: Failed appendEntries: org.apache.ratis.thirdparty.io.grpc.StatusRuntimeException: UNAVAILABLE: io exception
2022-09-29 01:24:49,142 [grpc-default-executor-0] INFO  leader.FollowerInfo (FollowerInfoImpl.java:lambda$new$0(48)) - omNode-1@group-523986131536->omNode-3: nextIndex: updateUnconditionally 348 -> 45
2022-09-29 01:24:49,143 [grpc-default-executor-0] WARN  server.GrpcLogAppender (LogUtils.java:warn(122)) - omNode-1@group-523986131536->omNode-3-AppendLogResponseHandler: Failed appendEntries: org.apache.ratis.thirdparty.io.grpc.StatusRuntimeException: UNAVAILABLE: io exception
2022-09-29 01:24:49,143 [grpc-default-executor-0] INFO  leader.FollowerInfo (FollowerInfoImpl.java:lambda$new$0(48)) - omNode-1@group-523986131536->omNode-3: nextIndex: updateUnconditionally 349 -> 45
2022-09-29 01:24:49,146 [grpc-default-executor-2] WARN  server.GrpcLogAppender (LogUtils.java:warn(122)) - omNode-1@group-523986131536->omNode-3-AppendLogResponseHandler: Failed appendEntries: org.apache.ratis.thirdparty.io.grpc.StatusRuntimeException: UNAVAILABLE: io exception
2022-09-29 01:24:49,146 [grpc-default-executor-2] INFO  leader.FollowerInfo (FollowerInfoImpl.java:lambda$new$0(48)) - omNode-1@group-523986131536->omNode-3: nextIndex: updateUnconditionally 350 -> 45
2022-09-29 01:24:49,149 [grpc-default-executor-0] WARN  server.GrpcLogAppender (LogUtils.java:warn(122)) - omNode-1@group-523986131536->omNode-3-AppendLogResponseHandler: Failed appendEntries: org.apache.ratis.thirdparty.io.grpc.StatusRuntimeException: UNAVAILABLE: io exception
2022-09-29 01:24:49,149 [grpc-default-executor-0] INFO  leader.FollowerInfo (FollowerInfoImpl.java:lambda$new$0(48)) - omNode-1@group-523986131536->omNode-3: nextIndex: updateUnconditionally 350 -> 45
2022-09-29 01:24:49,158 [grpc-default-executor-0] WARN  server.GrpcLogAppender (LogUtils.java:warn(122)) - omNode-1@group-523986131536->omNode-3-AppendLogResponseHandler: Failed appendEntries: org.apache.ratis.thirdparty.io.grpc.StatusRuntimeException: UNAVAILABLE: io exception
2022-09-29 01:24:49,158 [grpc-default-executor-0] INFO  leader.FollowerInfo (FollowerInfoImpl.java:lambda$new$0(48)) - omNode-1@group-523986131536->omNode-3: nextIndex: updateUnconditionally 351 -> 45
2022-09-29 01:24:49,166 [EndpointStateMachine task thread for /0.0.0.0:42241 - 0 ] INFO  ipc.Client (Client.java:handleConnectionFailure(977)) - Retrying connect to server: 0.0.0.0/0.0.0.0:42241. Already tried 12 time(s); retry policy is RetryUpToMaximumCountWithFixedSleep(maxRetries=15, sleepTime=1000 MILLISECONDS)
2022-09-29 01:24:49,172 [omNode-1@group-523986131536-StateMachineUpdater] INFO  ratis.OzoneManagerStateMachine (OzoneManagerStateMachine.java:takeSnapshot(441)) - Current Snapshot Index (t:2, i:350)
2022-09-29 01:24:49,172 [omNode-1@group-523986131536-StateMachineUpdater] INFO  impl.StateMachineUpdater (StateMachineUpdater.java:takeSnapshot(287)) - omNode-1@group-523986131536-StateMachineUpdater: Took a snapshot at index 350
2022-09-29 01:24:49,172 [omNode-1@group-523986131536-StateMachineUpdater] INFO  impl.StateMachineUpdater (StateMachineUpdater.java:lambda$new$0(92)) - omNode-1@group-523986131536-StateMachineUpdater: snapshotIndex: updateIncreasingly 300 -> 350
2022-09-29 01:24:49,172 [omNode-1@group-523986131536-StateMachineUpdater] INFO  raftlog.RaftLog (RaftLogBase.java:purge(308)) - omNode-1@group-523986131536-SegmentedRaftLog: purge 350
2022-09-29 01:24:49,173 [omNode-1@group-523986131536-StateMachineUpdater] INFO  raftlog.RaftLog (RaftLogBase.java:lambda$new$0(53)) - omNode-1@group-523986131536-SegmentedRaftLog: snapshotIndex: updateIncreasingly 300 -> 350
2022-09-29 01:24:49,173 [omNode-1@group-523986131536-StateMachineUpdater] INFO  raftlog.RaftLog (RaftLogBase.java:lambda$new$0(53)) - omNode-1@group-523986131536-SegmentedRaftLog: purgeIndex: updateToMax old=300, new=350, updated? true
2022-09-29 01:24:49,173 [grpc-default-executor-2] WARN  server.GrpcLogAppender (LogUtils.java:warn(122)) - omNode-1@group-523986131536->omNode-3-AppendLogResponseHandler: Failed appendEntries: org.apache.ratis.thirdparty.io.grpc.StatusRuntimeException: UNAVAILABLE: io exception
2022-09-29 01:24:49,173 [grpc-default-executor-2] INFO  leader.FollowerInfo (FollowerInfoImpl.java:lambda$new$0(48)) - omNode-1@group-523986131536->omNode-3: nextIndex: updateUnconditionally 351 -> 45
2022-09-29 01:24:49,189 [grpc-default-executor-3] WARN  server.GrpcLogAppender (LogUtils.java:warn(122)) - omNode-1@group-523986131536->omNode-3-AppendLogResponseHandler: Failed appendEntries: org.apache.ratis.thirdparty.io.grpc.StatusRuntimeException: UNAVAILABLE: io exception
2022-09-29 01:24:49,189 [grpc-default-executor-3] INFO  leader.FollowerInfo (FollowerInfoImpl.java:lambda$new$0(48)) - omNode-1@group-523986131536->omNode-3: nextIndex: updateUnconditionally 351 -> 45
2022-09-29 01:24:49,196 [grpc-default-executor-3] WARN  server.GrpcLogAppender (LogUtils.java:warn(122)) - omNode-1@group-523986131536->omNode-3-AppendLogResponseHandler: Failed appendEntries: org.apache.ratis.thirdparty.io.grpc.StatusRuntimeException: UNAVAILABLE: io exception
2022-09-29 01:24:49,196 [grpc-default-executor-3] INFO  leader.FollowerInfo (FollowerInfoImpl.java:lambda$new$0(48)) - omNode-1@group-523986131536->omNode-3: nextIndex: updateUnconditionally 352 -> 45
2022-09-29 01:24:49,201 [grpc-default-executor-0] WARN  server.GrpcLogAppender (LogUtils.java:warn(122)) - omNode-1@group-523986131536->omNode-3-AppendLogResponseHandler: Failed appendEntries: org.apache.ratis.thirdparty.io.grpc.StatusRuntimeException: UNAVAILABLE: io exception
2022-09-29 01:24:49,201 [grpc-default-executor-0] INFO  leader.FollowerInfo (FollowerInfoImpl.java:lambda$new$0(48)) - omNode-1@group-523986131536->omNode-3: nextIndex: updateUnconditionally 352 -> 45
2022-09-29 01:24:49,206 [grpc-default-executor-0] WARN  server.GrpcLogAppender (LogUtils.java:warn(122)) - omNode-1@group-523986131536->omNode-3-AppendLogResponseHandler: Failed appendEntries: org.apache.ratis.thirdparty.io.grpc.StatusRuntimeException: UNAVAILABLE: io exception
2022-09-29 01:24:49,206 [grpc-default-executor-0] INFO  leader.FollowerInfo (FollowerInfoImpl.java:lambda$new$0(48)) - omNode-1@group-523986131536->omNode-3: nextIndex: updateUnconditionally 354 -> 45
2022-09-29 01:24:49,207 [grpc-default-executor-0] WARN  server.GrpcLogAppender (LogUtils.java:warn(122)) - omNode-1@group-523986131536->omNode-3-AppendLogResponseHandler: Failed appendEntries: org.apache.ratis.thirdparty.io.grpc.StatusRuntimeException: UNAVAILABLE: io exception
2022-09-29 01:24:49,207 [grpc-default-executor-0] INFO  leader.FollowerInfo (FollowerInfoImpl.java:lambda$new$0(48)) - omNode-1@group-523986131536->omNode-3: nextIndex: updateUnconditionally 354 -> 45
2022-09-29 01:24:49,216 [grpc-default-executor-0] WARN  server.GrpcLogAppender (LogUtils.java:warn(122)) - omNode-1@group-523986131536->omNode-3-AppendLogResponseHandler: Failed appendEntries: org.apache.ratis.thirdparty.io.grpc.StatusRuntimeException: UNAVAILABLE: io exception
2022-09-29 01:24:49,217 [grpc-default-executor-0] INFO  leader.FollowerInfo (FollowerInfoImpl.java:lambda$new$0(48)) - omNode-1@group-523986131536->omNode-3: nextIndex: updateUnconditionally 355 -> 45
2022-09-29 01:24:49,225 [grpc-default-executor-3] WARN  server.GrpcLogAppender (LogUtils.java:warn(122)) - omNode-1@group-523986131536->omNode-3-AppendLogResponseHandler: Failed appendEntries: org.apache.ratis.thirdparty.io.grpc.StatusRuntimeException: UNAVAILABLE: io exception
2022-09-29 01:24:49,226 [grpc-default-executor-3] INFO  leader.FollowerInfo (FollowerInfoImpl.java:lambda$new$0(48)) - omNode-1@group-523986131536->omNode-3: nextIndex: updateUnconditionally 355 -> 45
2022-09-29 01:24:49,226 [grpc-default-executor-3] WARN  server.GrpcLogAppender (LogUtils.java:warn(122)) - omNode-1@group-523986131536->omNode-3-AppendLogResponseHandler: Failed appendEntries: org.apache.ratis.thirdparty.io.grpc.StatusRuntimeException: UNAVAILABLE: io exception
2022-09-29 01:24:49,227 [grpc-default-executor-3] INFO  leader.FollowerInfo (FollowerInfoImpl.java:lambda$new$0(48)) - omNode-1@group-523986131536->omNode-3: nextIndex: updateUnconditionally 355 -> 45
2022-09-29 01:24:49,228 [grpc-default-executor-0] WARN  server.GrpcLogAppender (LogUtils.java:warn(122)) - omNode-1@group-523986131536->omNode-3-AppendLogResponseHandler: Failed appendEntries: org.apache.ratis.thirdparty.io.grpc.StatusRuntimeException: UNAVAILABLE: io exception
2022-09-29 01:24:49,229 [grpc-default-executor-0] INFO  leader.FollowerInfo (FollowerInfoImpl.java:lambda$new$0(48)) - omNode-1@group-523986131536->omNode-3: nextIndex: updateUnconditionally 356 -> 45
2022-09-29 01:24:49,232 [omNode-2@group-523986131536-StateMachineUpdater] INFO  ratis.OzoneManagerStateMachine (OzoneManagerStateMachine.java:takeSnapshot(441)) - Current Snapshot Index (t:2, i:354)
2022-09-29 01:24:49,232 [omNode-2@group-523986131536-StateMachineUpdater] INFO  impl.StateMachineUpdater (StateMachineUpdater.java:takeSnapshot(287)) - omNode-2@group-523986131536-StateMachineUpdater: Took a snapshot at index 354
2022-09-29 01:24:49,232 [omNode-2@group-523986131536-StateMachineUpdater] INFO  impl.StateMachineUpdater (StateMachineUpdater.java:lambda$new$0(92)) - omNode-2@group-523986131536-StateMachineUpdater: snapshotIndex: updateIncreasingly 304 -> 354
2022-09-29 01:24:49,232 [omNode-2@group-523986131536-StateMachineUpdater] INFO  raftlog.RaftLog (RaftLogBase.java:purge(308)) - omNode-2@group-523986131536-SegmentedRaftLog: purge 354
2022-09-29 01:24:49,232 [omNode-2@group-523986131536-StateMachineUpdater] INFO  raftlog.RaftLog (RaftLogBase.java:lambda$new$0(53)) - omNode-2@group-523986131536-SegmentedRaftLog: snapshotIndex: updateIncreasingly 304 -> 354
2022-09-29 01:24:49,232 [omNode-2@group-523986131536-StateMachineUpdater] INFO  raftlog.RaftLog (RaftLogBase.java:lambda$new$0(53)) - omNode-2@group-523986131536-SegmentedRaftLog: purgeIndex: updateToMax old=304, new=354, updated? true
2022-09-29 01:24:49,234 [grpc-default-executor-0] WARN  server.GrpcLogAppender (LogUtils.java:warn(122)) - omNode-1@group-523986131536->omNode-3-AppendLogResponseHandler: Failed appendEntries: org.apache.ratis.thirdparty.io.grpc.StatusRuntimeException: UNAVAILABLE: io exception
2022-09-29 01:24:49,234 [grpc-default-executor-0] INFO  leader.FollowerInfo (FollowerInfoImpl.java:lambda$new$0(48)) - omNode-1@group-523986131536->omNode-3: nextIndex: updateUnconditionally 357 -> 45
2022-09-29 01:24:49,237 [grpc-default-executor-3] WARN  server.GrpcLogAppender (LogUtils.java:warn(122)) - omNode-1@group-523986131536->omNode-3-AppendLogResponseHandler: Failed appendEntries: org.apache.ratis.thirdparty.io.grpc.StatusRuntimeException: UNAVAILABLE: io exception
2022-09-29 01:24:49,237 [grpc-default-executor-3] INFO  leader.FollowerInfo (FollowerInfoImpl.java:lambda$new$0(48)) - omNode-1@group-523986131536->omNode-3: nextIndex: updateUnconditionally 358 -> 45
2022-09-29 01:24:49,240 [grpc-default-executor-0] WARN  server.GrpcLogAppender (LogUtils.java:warn(122)) - omNode-1@group-523986131536->omNode-3-AppendLogResponseHandler: Failed appendEntries: org.apache.ratis.thirdparty.io.grpc.StatusRuntimeException: UNAVAILABLE: io exception
2022-09-29 01:24:49,240 [grpc-default-executor-0] INFO  leader.FollowerInfo (FollowerInfoImpl.java:lambda$new$0(48)) - omNode-1@group-523986131536->omNode-3: nextIndex: updateUnconditionally 359 -> 45
2022-09-29 01:24:49,246 [grpc-default-executor-0] WARN  server.GrpcLogAppender (LogUtils.java:warn(122)) - omNode-1@group-523986131536->omNode-3-AppendLogResponseHandler: Failed appendEntries: org.apache.ratis.thirdparty.io.grpc.StatusRuntimeException: UNAVAILABLE: io exception
2022-09-29 01:24:49,246 [grpc-default-executor-0] INFO  leader.FollowerInfo (FollowerInfoImpl.java:lambda$new$0(48)) - omNode-1@group-523986131536->omNode-3: nextIndex: updateUnconditionally 359 -> 45
2022-09-29 01:24:49,252 [grpc-default-executor-3] WARN  server.GrpcLogAppender (LogUtils.java:warn(122)) - omNode-1@group-523986131536->omNode-3-AppendLogResponseHandler: Failed appendEntries: org.apache.ratis.thirdparty.io.grpc.StatusRuntimeException: UNAVAILABLE: io exception
2022-09-29 01:24:49,252 [grpc-default-executor-3] INFO  leader.FollowerInfo (FollowerInfoImpl.java:lambda$new$0(48)) - omNode-1@group-523986131536->omNode-3: nextIndex: updateUnconditionally 360 -> 45
2022-09-29 01:24:49,262 [grpc-default-executor-0] WARN  server.GrpcLogAppender (LogUtils.java:warn(122)) - omNode-1@group-523986131536->omNode-3-AppendLogResponseHandler: Failed appendEntries: org.apache.ratis.thirdparty.io.grpc.StatusRuntimeException: UNAVAILABLE: io exception
2022-09-29 01:24:49,262 [grpc-default-executor-0] INFO  leader.FollowerInfo (FollowerInfoImpl.java:lambda$new$0(48)) - omNode-1@group-523986131536->omNode-3: nextIndex: updateUnconditionally 361 -> 45
2022-09-29 01:24:49,265 [grpc-default-executor-3] WARN  server.GrpcLogAppender (LogUtils.java:warn(122)) - omNode-1@group-523986131536->omNode-3-AppendLogResponseHandler: Failed appendEntries: org.apache.ratis.thirdparty.io.grpc.StatusRuntimeException: UNAVAILABLE: io exception
2022-09-29 01:24:49,265 [grpc-default-executor-3] INFO  leader.FollowerInfo (FollowerInfoImpl.java:lambda$new$0(48)) - omNode-1@group-523986131536->omNode-3: nextIndex: updateUnconditionally 362 -> 45
2022-09-29 01:24:49,266 [grpc-default-executor-0] WARN  server.GrpcLogAppender (LogUtils.java:warn(122)) - omNode-1@group-523986131536->omNode-3-AppendLogResponseHandler: Failed appendEntries: org.apache.ratis.thirdparty.io.grpc.StatusRuntimeException: UNAVAILABLE: io exception
2022-09-29 01:24:49,266 [grpc-default-executor-0] INFO  leader.FollowerInfo (FollowerInfoImpl.java:lambda$new$0(48)) - omNode-1@group-523986131536->omNode-3: nextIndex: updateUnconditionally 362 -> 45
2022-09-29 01:24:49,272 [grpc-default-executor-0] WARN  server.GrpcLogAppender (LogUtils.java:warn(122)) - omNode-1@group-523986131536->omNode-3-AppendLogResponseHandler: Failed appendEntries: org.apache.ratis.thirdparty.io.grpc.StatusRuntimeException: UNAVAILABLE: io exception
2022-09-29 01:24:49,272 [grpc-default-executor-0] INFO  leader.FollowerInfo (FollowerInfoImpl.java:lambda$new$0(48)) - omNode-1@group-523986131536->omNode-3: nextIndex: updateUnconditionally 363 -> 45
2022-09-29 01:24:49,284 [grpc-default-executor-3] WARN  server.GrpcLogAppender (LogUtils.java:warn(122)) - omNode-1@group-523986131536->omNode-3-AppendLogResponseHandler: Failed appendEntries: org.apache.ratis.thirdparty.io.grpc.StatusRuntimeException: UNAVAILABLE: io exception
2022-09-29 01:24:49,284 [grpc-default-executor-3] INFO  leader.FollowerInfo (FollowerInfoImpl.java:lambda$new$0(48)) - omNode-1@group-523986131536->omNode-3: nextIndex: updateUnconditionally 363 -> 45
2022-09-29 01:24:49,285 [grpc-default-executor-3] WARN  server.GrpcLogAppender (LogUtils.java:warn(122)) - omNode-1@group-523986131536->omNode-3-AppendLogResponseHandler: Failed appendEntries: org.apache.ratis.thirdparty.io.grpc.StatusRuntimeException: UNAVAILABLE: io exception
2022-09-29 01:24:49,285 [grpc-default-executor-3] INFO  leader.FollowerInfo (FollowerInfoImpl.java:lambda$new$0(48)) - omNode-1@group-523986131536->omNode-3: nextIndex: updateUnconditionally 363 -> 45
2022-09-29 01:24:49,288 [grpc-default-executor-0] WARN  server.GrpcLogAppender (LogUtils.java:warn(122)) - omNode-1@group-523986131536->omNode-3-AppendLogResponseHandler: Failed appendEntries: org.apache.ratis.thirdparty.io.grpc.StatusRuntimeException: UNAVAILABLE: io exception
2022-09-29 01:24:49,288 [grpc-default-executor-0] INFO  leader.FollowerInfo (FollowerInfoImpl.java:lambda$new$0(48)) - omNode-1@group-523986131536->omNode-3: nextIndex: updateUnconditionally 364 -> 45
2022-09-29 01:24:49,299 [grpc-default-executor-3] WARN  server.GrpcLogAppender (LogUtils.java:warn(122)) - omNode-1@group-523986131536->omNode-3-AppendLogResponseHandler: Failed appendEntries: org.apache.ratis.thirdparty.io.grpc.StatusRuntimeException: UNAVAILABLE: io exception
2022-09-29 01:24:49,299 [grpc-default-executor-3] INFO  leader.FollowerInfo (FollowerInfoImpl.java:lambda$new$0(48)) - omNode-1@group-523986131536->omNode-3: nextIndex: updateUnconditionally 364 -> 45
2022-09-29 01:24:49,301 [grpc-default-executor-0] WARN  server.GrpcLogAppender (LogUtils.java:warn(122)) - omNode-1@group-523986131536->omNode-3-AppendLogResponseHandler: Failed appendEntries: org.apache.ratis.thirdparty.io.grpc.StatusRuntimeException: UNAVAILABLE: io exception
2022-09-29 01:24:49,302 [grpc-default-executor-0] INFO  leader.FollowerInfo (FollowerInfoImpl.java:lambda$new$0(48)) - omNode-1@group-523986131536->omNode-3: nextIndex: updateUnconditionally 365 -> 45
2022-09-29 01:24:49,308 [grpc-default-executor-0] WARN  server.GrpcLogAppender (LogUtils.java:warn(122)) - omNode-1@group-523986131536->omNode-3-AppendLogResponseHandler: Failed appendEntries: org.apache.ratis.thirdparty.io.grpc.StatusRuntimeException: UNAVAILABLE: io exception
2022-09-29 01:24:49,309 [grpc-default-executor-0] INFO  leader.FollowerInfo (FollowerInfoImpl.java:lambda$new$0(48)) - omNode-1@group-523986131536->omNode-3: nextIndex: updateUnconditionally 366 -> 45
2022-09-29 01:24:49,324 [grpc-default-executor-0] WARN  server.GrpcLogAppender (LogUtils.java:warn(122)) - omNode-1@group-523986131536->omNode-3-AppendLogResponseHandler: Failed appendEntries: org.apache.ratis.thirdparty.io.grpc.StatusRuntimeException: UNAVAILABLE: io exception
2022-09-29 01:24:49,324 [grpc-default-executor-0] INFO  leader.FollowerInfo (FollowerInfoImpl.java:lambda$new$0(48)) - omNode-1@group-523986131536->omNode-3: nextIndex: updateUnconditionally 366 -> 45
2022-09-29 01:24:49,325 [grpc-default-executor-0] WARN  server.GrpcLogAppender (LogUtils.java:warn(122)) - omNode-1@group-523986131536->omNode-3-AppendLogResponseHandler: Failed appendEntries: org.apache.ratis.thirdparty.io.grpc.StatusRuntimeException: UNAVAILABLE: io exception
2022-09-29 01:24:49,325 [grpc-default-executor-0] INFO  leader.FollowerInfo (FollowerInfoImpl.java:lambda$new$0(48)) - omNode-1@group-523986131536->omNode-3: nextIndex: updateUnconditionally 366 -> 45
2022-09-29 01:24:49,332 [grpc-default-executor-0] WARN  server.GrpcLogAppender (LogUtils.java:warn(122)) - omNode-1@group-523986131536->omNode-3-AppendLogResponseHandler: Failed appendEntries: org.apache.ratis.thirdparty.io.grpc.StatusRuntimeException: UNAVAILABLE: io exception
2022-09-29 01:24:49,332 [grpc-default-executor-0] INFO  leader.FollowerInfo (FollowerInfoImpl.java:lambda$new$0(48)) - omNode-1@group-523986131536->omNode-3: nextIndex: updateUnconditionally 367 -> 45
2022-09-29 01:24:49,344 [grpc-default-executor-3] WARN  server.GrpcLogAppender (LogUtils.java:warn(122)) - omNode-1@group-523986131536->omNode-3-AppendLogResponseHandler: Failed appendEntries: org.apache.ratis.thirdparty.io.grpc.StatusRuntimeException: UNAVAILABLE: io exception
2022-09-29 01:24:49,344 [grpc-default-executor-3] INFO  leader.FollowerInfo (FollowerInfoImpl.java:lambda$new$0(48)) - omNode-1@group-523986131536->omNode-3: nextIndex: updateUnconditionally 367 -> 45
2022-09-29 01:24:49,355 [grpc-default-executor-2] WARN  server.GrpcLogAppender (LogUtils.java:warn(122)) - omNode-1@group-523986131536->omNode-3-AppendLogResponseHandler: Failed appendEntries: org.apache.ratis.thirdparty.io.grpc.StatusRuntimeException: UNAVAILABLE: io exception
2022-09-29 01:24:49,355 [grpc-default-executor-2] INFO  leader.FollowerInfo (FollowerInfoImpl.java:lambda$new$0(48)) - omNode-1@group-523986131536->omNode-3: nextIndex: updateUnconditionally 367 -> 45
2022-09-29 01:24:49,360 [grpc-default-executor-0] WARN  server.GrpcLogAppender (LogUtils.java:warn(122)) - omNode-1@group-523986131536->omNode-3-AppendLogResponseHandler: Failed appendEntries: org.apache.ratis.thirdparty.io.grpc.StatusRuntimeException: UNAVAILABLE: io exception
2022-09-29 01:24:49,360 [grpc-default-executor-0] INFO  leader.FollowerInfo (FollowerInfoImpl.java:lambda$new$0(48)) - omNode-1@group-523986131536->omNode-3: nextIndex: updateUnconditionally 368 -> 45
2022-09-29 01:24:49,376 [grpc-default-executor-0] WARN  server.GrpcLogAppender (LogUtils.java:warn(122)) - omNode-1@group-523986131536->omNode-3-AppendLogResponseHandler: Failed appendEntries: org.apache.ratis.thirdparty.io.grpc.StatusRuntimeException: UNAVAILABLE: io exception
2022-09-29 01:24:49,376 [grpc-default-executor-0] INFO  leader.FollowerInfo (FollowerInfoImpl.java:lambda$new$0(48)) - omNode-1@group-523986131536->omNode-3: nextIndex: updateUnconditionally 368 -> 45
2022-09-29 01:24:49,378 [grpc-default-executor-0] WARN  server.GrpcLogAppender (LogUtils.java:warn(122)) - omNode-1@group-523986131536->omNode-3-AppendLogResponseHandler: Failed appendEntries: org.apache.ratis.thirdparty.io.grpc.StatusRuntimeException: UNAVAILABLE: io exception
2022-09-29 01:24:49,378 [grpc-default-executor-0] INFO  leader.FollowerInfo (FollowerInfoImpl.java:lambda$new$0(48)) - omNode-1@group-523986131536->omNode-3: nextIndex: updateUnconditionally 370 -> 45
2022-09-29 01:24:49,383 [grpc-default-executor-0] WARN  server.GrpcLogAppender (LogUtils.java:warn(122)) - omNode-1@group-523986131536->omNode-3-AppendLogResponseHandler: Failed appendEntries: org.apache.ratis.thirdparty.io.grpc.StatusRuntimeException: UNAVAILABLE: io exception
2022-09-29 01:24:49,383 [grpc-default-executor-0] INFO  leader.FollowerInfo (FollowerInfoImpl.java:lambda$new$0(48)) - omNode-1@group-523986131536->omNode-3: nextIndex: updateUnconditionally 370 -> 45
2022-09-29 01:24:49,389 [grpc-default-executor-2] WARN  server.GrpcLogAppender (LogUtils.java:warn(122)) - omNode-1@group-523986131536->omNode-3-AppendLogResponseHandler: Failed appendEntries: org.apache.ratis.thirdparty.io.grpc.StatusRuntimeException: UNAVAILABLE: io exception
2022-09-29 01:24:49,389 [grpc-default-executor-2] INFO  leader.FollowerInfo (FollowerInfoImpl.java:lambda$new$0(48)) - omNode-1@group-523986131536->omNode-3: nextIndex: updateUnconditionally 371 -> 45
2022-09-29 01:24:49,394 [grpc-default-executor-2] WARN  server.GrpcLogAppender (LogUtils.java:warn(122)) - omNode-1@group-523986131536->omNode-3-AppendLogResponseHandler: Failed appendEntries: org.apache.ratis.thirdparty.io.grpc.StatusRuntimeException: UNAVAILABLE: io exception
2022-09-29 01:24:49,394 [grpc-default-executor-2] INFO  leader.FollowerInfo (FollowerInfoImpl.java:lambda$new$0(48)) - omNode-1@group-523986131536->omNode-3: nextIndex: updateUnconditionally 371 -> 45
2022-09-29 01:24:49,400 [grpc-default-executor-0] WARN  server.GrpcLogAppender (LogUtils.java:warn(122)) - omNode-1@group-523986131536->omNode-3-AppendLogResponseHandler: Failed appendEntries: org.apache.ratis.thirdparty.io.grpc.StatusRuntimeException: UNAVAILABLE: io exception
2022-09-29 01:24:49,400 [grpc-default-executor-0] INFO  leader.FollowerInfo (FollowerInfoImpl.java:lambda$new$0(48)) - omNode-1@group-523986131536->omNode-3: nextIndex: updateUnconditionally 372 -> 45
2022-09-29 01:24:49,404 [grpc-default-executor-2] WARN  server.GrpcLogAppender (LogUtils.java:warn(122)) - omNode-1@group-523986131536->omNode-3-AppendLogResponseHandler: Failed appendEntries: org.apache.ratis.thirdparty.io.grpc.StatusRuntimeException: UNAVAILABLE: io exception
2022-09-29 01:24:49,404 [grpc-default-executor-2] INFO  leader.FollowerInfo (FollowerInfoImpl.java:lambda$new$0(48)) - omNode-1@group-523986131536->omNode-3: nextIndex: updateUnconditionally 372 -> 45
2022-09-29 01:24:49,405 [grpc-default-executor-0] WARN  server.GrpcLogAppender (LogUtils.java:warn(122)) - omNode-1@group-523986131536->omNode-3-AppendLogResponseHandler: Failed appendEntries: org.apache.ratis.thirdparty.io.grpc.StatusRuntimeException: UNAVAILABLE: io exception
2022-09-29 01:24:49,406 [grpc-default-executor-0] INFO  leader.FollowerInfo (FollowerInfoImpl.java:lambda$new$0(48)) - omNode-1@group-523986131536->omNode-3: nextIndex: updateUnconditionally 374 -> 45
2022-09-29 01:24:49,407 [grpc-default-executor-0] WARN  server.GrpcLogAppender (LogUtils.java:warn(122)) - omNode-1@group-523986131536->omNode-3-AppendLogResponseHandler: Failed appendEntries: org.apache.ratis.thirdparty.io.grpc.StatusRuntimeException: UNAVAILABLE: io exception
2022-09-29 01:24:49,408 [grpc-default-executor-0] INFO  leader.FollowerInfo (FollowerInfoImpl.java:lambda$new$0(48)) - omNode-1@group-523986131536->omNode-3: nextIndex: updateUnconditionally 374 -> 45
2022-09-29 01:24:49,408 [grpc-default-executor-0] WARN  server.GrpcLogAppender (LogUtils.java:warn(122)) - omNode-1@group-523986131536->omNode-3-AppendLogResponseHandler: Failed appendEntries: org.apache.ratis.thirdparty.io.grpc.StatusRuntimeException: UNAVAILABLE: io exception
2022-09-29 01:24:49,409 [grpc-default-executor-0] INFO  leader.FollowerInfo (FollowerInfoImpl.java:lambda$new$0(48)) - omNode-1@group-523986131536->omNode-3: nextIndex: updateUnconditionally 374 -> 45
2022-09-29 01:24:49,412 [grpc-default-executor-0] WARN  server.GrpcLogAppender (LogUtils.java:warn(122)) - omNode-1@group-523986131536->omNode-3-AppendLogResponseHandler: Failed appendEntries: org.apache.ratis.thirdparty.io.grpc.StatusRuntimeException: UNAVAILABLE: io exception
2022-09-29 01:24:49,413 [grpc-default-executor-0] INFO  leader.FollowerInfo (FollowerInfoImpl.java:lambda$new$0(48)) - omNode-1@group-523986131536->omNode-3: nextIndex: updateUnconditionally 375 -> 45
2022-09-29 01:24:49,420 [grpc-default-executor-0] WARN  server.GrpcLogAppender (LogUtils.java:warn(122)) - omNode-1@group-523986131536->omNode-3-AppendLogResponseHandler: Failed appendEntries: org.apache.ratis.thirdparty.io.grpc.StatusRuntimeException: UNAVAILABLE: io exception
2022-09-29 01:24:49,421 [grpc-default-executor-0] INFO  leader.FollowerInfo (FollowerInfoImpl.java:lambda$new$0(48)) - omNode-1@group-523986131536->omNode-3: nextIndex: updateUnconditionally 376 -> 45
2022-09-29 01:24:49,423 [grpc-default-executor-0] WARN  server.GrpcLogAppender (LogUtils.java:warn(122)) - omNode-1@group-523986131536->omNode-3-AppendLogResponseHandler: Failed appendEntries: org.apache.ratis.thirdparty.io.grpc.StatusRuntimeException: UNAVAILABLE: io exception
2022-09-29 01:24:49,423 [grpc-default-executor-0] INFO  leader.FollowerInfo (FollowerInfoImpl.java:lambda$new$0(48)) - omNode-1@group-523986131536->omNode-3: nextIndex: updateUnconditionally 376 -> 45
2022-09-29 01:24:49,424 [grpc-default-executor-2] WARN  server.GrpcLogAppender (LogUtils.java:warn(122)) - omNode-1@group-523986131536->omNode-3-AppendLogResponseHandler: Failed appendEntries: org.apache.ratis.thirdparty.io.grpc.StatusRuntimeException: UNAVAILABLE: io exception
2022-09-29 01:24:49,424 [grpc-default-executor-2] INFO  leader.FollowerInfo (FollowerInfoImpl.java:lambda$new$0(48)) - omNode-1@group-523986131536->omNode-3: nextIndex: updateUnconditionally 376 -> 45
2022-09-29 01:24:49,431 [grpc-default-executor-0] WARN  server.GrpcLogAppender (LogUtils.java:warn(122)) - omNode-1@group-523986131536->omNode-3-AppendLogResponseHandler: Failed appendEntries: org.apache.ratis.thirdparty.io.grpc.StatusRuntimeException: UNAVAILABLE: io exception
2022-09-29 01:24:49,431 [grpc-default-executor-0] INFO  leader.FollowerInfo (FollowerInfoImpl.java:lambda$new$0(48)) - omNode-1@group-523986131536->omNode-3: nextIndex: updateUnconditionally 377 -> 45
2022-09-29 01:24:49,434 [grpc-default-executor-3] WARN  server.GrpcLogAppender (LogUtils.java:warn(122)) - omNode-1@group-523986131536->omNode-3-AppendLogResponseHandler: Failed appendEntries: org.apache.ratis.thirdparty.io.grpc.StatusRuntimeException: UNAVAILABLE: io exception
2022-09-29 01:24:49,434 [grpc-default-executor-3] INFO  leader.FollowerInfo (FollowerInfoImpl.java:lambda$new$0(48)) - omNode-1@group-523986131536->omNode-3: nextIndex: updateUnconditionally 378 -> 45
2022-09-29 01:24:49,441 [grpc-default-executor-0] WARN  server.GrpcLogAppender (LogUtils.java:warn(122)) - omNode-1@group-523986131536->omNode-3-AppendLogResponseHandler: Failed appendEntries: org.apache.ratis.thirdparty.io.grpc.StatusRuntimeException: UNAVAILABLE: io exception
2022-09-29 01:24:49,441 [grpc-default-executor-0] INFO  leader.FollowerInfo (FollowerInfoImpl.java:lambda$new$0(48)) - omNode-1@group-523986131536->omNode-3: nextIndex: updateUnconditionally 378 -> 45
2022-09-29 01:24:49,443 [grpc-default-executor-0] WARN  server.GrpcLogAppender (LogUtils.java:warn(122)) - omNode-1@group-523986131536->omNode-3-AppendLogResponseHandler: Failed appendEntries: org.apache.ratis.thirdparty.io.grpc.StatusRuntimeException: UNAVAILABLE: io exception
2022-09-29 01:24:49,443 [grpc-default-executor-0] INFO  leader.FollowerInfo (FollowerInfoImpl.java:lambda$new$0(48)) - omNode-1@group-523986131536->omNode-3: nextIndex: updateUnconditionally 379 -> 45
2022-09-29 01:24:49,456 [grpc-default-executor-3] WARN  server.GrpcLogAppender (LogUtils.java:warn(122)) - omNode-1@group-523986131536->omNode-3-AppendLogResponseHandler: Failed appendEntries: org.apache.ratis.thirdparty.io.grpc.StatusRuntimeException: UNAVAILABLE: io exception
2022-09-29 01:24:49,457 [grpc-default-executor-3] INFO  leader.FollowerInfo (FollowerInfoImpl.java:lambda$new$0(48)) - omNode-1@group-523986131536->omNode-3: nextIndex: updateUnconditionally 379 -> 45
2022-09-29 01:24:49,465 [grpc-default-executor-0] WARN  server.GrpcLogAppender (LogUtils.java:warn(122)) - omNode-1@group-523986131536->omNode-3-AppendLogResponseHandler: Failed appendEntries: org.apache.ratis.thirdparty.io.grpc.StatusRuntimeException: UNAVAILABLE: io exception
2022-09-29 01:24:49,466 [grpc-default-executor-0] INFO  leader.FollowerInfo (FollowerInfoImpl.java:lambda$new$0(48)) - omNode-1@group-523986131536->omNode-3: nextIndex: updateUnconditionally 380 -> 45
2022-09-29 01:24:49,471 [grpc-default-executor-0] WARN  server.GrpcLogAppender (LogUtils.java:warn(122)) - omNode-1@group-523986131536->omNode-3-AppendLogResponseHandler: Failed appendEntries: org.apache.ratis.thirdparty.io.grpc.StatusRuntimeException: UNAVAILABLE: io exception
2022-09-29 01:24:49,471 [grpc-default-executor-0] INFO  leader.FollowerInfo (FollowerInfoImpl.java:lambda$new$0(48)) - omNode-1@group-523986131536->omNode-3: nextIndex: updateUnconditionally 380 -> 45
2022-09-29 01:24:49,472 [grpc-default-executor-0] WARN  server.GrpcLogAppender (LogUtils.java:warn(122)) - omNode-1@group-523986131536->omNode-3-AppendLogResponseHandler: Failed appendEntries: org.apache.ratis.thirdparty.io.grpc.StatusRuntimeException: UNAVAILABLE: io exception
2022-09-29 01:24:49,472 [grpc-default-executor-0] INFO  leader.FollowerInfo (FollowerInfoImpl.java:lambda$new$0(48)) - omNode-1@group-523986131536->omNode-3: nextIndex: updateUnconditionally 381 -> 45
2022-09-29 01:24:49,474 [grpc-default-executor-3] WARN  server.GrpcLogAppender (LogUtils.java:warn(122)) - omNode-1@group-523986131536->omNode-3-AppendLogResponseHandler: Failed appendEntries: org.apache.ratis.thirdparty.io.grpc.StatusRuntimeException: UNAVAILABLE: io exception
2022-09-29 01:24:49,474 [grpc-default-executor-3] INFO  leader.FollowerInfo (FollowerInfoImpl.java:lambda$new$0(48)) - omNode-1@group-523986131536->omNode-3: nextIndex: updateUnconditionally 382 -> 45
2022-09-29 01:24:49,477 [grpc-default-executor-0] WARN  server.GrpcLogAppender (LogUtils.java:warn(122)) - omNode-1@group-523986131536->omNode-3-AppendLogResponseHandler: Failed appendEntries: org.apache.ratis.thirdparty.io.grpc.StatusRuntimeException: UNAVAILABLE: io exception
2022-09-29 01:24:49,478 [grpc-default-executor-0] INFO  leader.FollowerInfo (FollowerInfoImpl.java:lambda$new$0(48)) - omNode-1@group-523986131536->omNode-3: nextIndex: updateUnconditionally 382 -> 45
2022-09-29 01:24:49,486 [grpc-default-executor-0] WARN  server.GrpcLogAppender (LogUtils.java:warn(122)) - omNode-1@group-523986131536->omNode-3-AppendLogResponseHandler: Failed appendEntries: org.apache.ratis.thirdparty.io.grpc.StatusRuntimeException: UNAVAILABLE: io exception
2022-09-29 01:24:49,486 [grpc-default-executor-0] INFO  leader.FollowerInfo (FollowerInfoImpl.java:lambda$new$0(48)) - omNode-1@group-523986131536->omNode-3: nextIndex: updateUnconditionally 383 -> 45
2022-09-29 01:24:49,492 [grpc-default-executor-3] WARN  server.GrpcLogAppender (LogUtils.java:warn(122)) - omNode-1@group-523986131536->omNode-3-AppendLogResponseHandler: Failed appendEntries: org.apache.ratis.thirdparty.io.grpc.StatusRuntimeException: UNAVAILABLE: io exception
2022-09-29 01:24:49,492 [grpc-default-executor-3] INFO  leader.FollowerInfo (FollowerInfoImpl.java:lambda$new$0(48)) - omNode-1@group-523986131536->omNode-3: nextIndex: updateUnconditionally 383 -> 45
2022-09-29 01:24:49,493 [grpc-default-executor-3] WARN  server.GrpcLogAppender (LogUtils.java:warn(122)) - omNode-1@group-523986131536->omNode-3-AppendLogResponseHandler: Failed appendEntries: org.apache.ratis.thirdparty.io.grpc.StatusRuntimeException: UNAVAILABLE: io exception
2022-09-29 01:24:49,493 [grpc-default-executor-3] INFO  leader.FollowerInfo (FollowerInfoImpl.java:lambda$new$0(48)) - omNode-1@group-523986131536->omNode-3: nextIndex: updateUnconditionally 383 -> 45
2022-09-29 01:24:49,500 [grpc-default-executor-3] WARN  server.GrpcLogAppender (LogUtils.java:warn(122)) - omNode-1@group-523986131536->omNode-3-AppendLogResponseHandler: Failed appendEntries: org.apache.ratis.thirdparty.io.grpc.StatusRuntimeException: UNAVAILABLE: io exception
2022-09-29 01:24:49,500 [grpc-default-executor-3] INFO  leader.FollowerInfo (FollowerInfoImpl.java:lambda$new$0(48)) - omNode-1@group-523986131536->omNode-3: nextIndex: updateUnconditionally 384 -> 45
2022-09-29 01:24:49,507 [grpc-default-executor-3] WARN  server.GrpcLogAppender (LogUtils.java:warn(122)) - omNode-1@group-523986131536->omNode-3-AppendLogResponseHandler: Failed appendEntries: org.apache.ratis.thirdparty.io.grpc.StatusRuntimeException: UNAVAILABLE: io exception
2022-09-29 01:24:49,507 [grpc-default-executor-3] INFO  leader.FollowerInfo (FollowerInfoImpl.java:lambda$new$0(48)) - omNode-1@group-523986131536->omNode-3: nextIndex: updateUnconditionally 384 -> 45
2022-09-29 01:24:49,508 [grpc-default-executor-2] WARN  server.GrpcLogAppender (LogUtils.java:warn(122)) - omNode-1@group-523986131536->omNode-3-AppendLogResponseHandler: Failed appendEntries: org.apache.ratis.thirdparty.io.grpc.StatusRuntimeException: UNAVAILABLE: io exception
2022-09-29 01:24:49,509 [grpc-default-executor-2] INFO  leader.FollowerInfo (FollowerInfoImpl.java:lambda$new$0(48)) - omNode-1@group-523986131536->omNode-3: nextIndex: updateUnconditionally 385 -> 45
2022-09-29 01:24:49,512 [grpc-default-executor-2] WARN  server.GrpcLogAppender (LogUtils.java:warn(122)) - omNode-1@group-523986131536->omNode-3-AppendLogResponseHandler: Failed appendEntries: org.apache.ratis.thirdparty.io.grpc.StatusRuntimeException: UNAVAILABLE: io exception
2022-09-29 01:24:49,512 [grpc-default-executor-2] INFO  leader.FollowerInfo (FollowerInfoImpl.java:lambda$new$0(48)) - omNode-1@group-523986131536->omNode-3: nextIndex: updateUnconditionally 386 -> 45
2022-09-29 01:24:49,517 [grpc-default-executor-3] WARN  server.GrpcLogAppender (LogUtils.java:warn(122)) - omNode-1@group-523986131536->omNode-3-AppendLogResponseHandler: Failed appendEntries: org.apache.ratis.thirdparty.io.grpc.StatusRuntimeException: UNAVAILABLE: io exception
2022-09-29 01:24:49,517 [grpc-default-executor-3] INFO  leader.FollowerInfo (FollowerInfoImpl.java:lambda$new$0(48)) - omNode-1@group-523986131536->omNode-3: nextIndex: updateUnconditionally 386 -> 45
2022-09-29 01:24:49,520 [grpc-default-executor-2] WARN  server.GrpcLogAppender (LogUtils.java:warn(122)) - omNode-1@group-523986131536->omNode-3-AppendLogResponseHandler: Failed appendEntries: org.apache.ratis.thirdparty.io.grpc.StatusRuntimeException: UNAVAILABLE: io exception
2022-09-29 01:24:49,520 [grpc-default-executor-2] INFO  leader.FollowerInfo (FollowerInfoImpl.java:lambda$new$0(48)) - omNode-1@group-523986131536->omNode-3: nextIndex: updateUnconditionally 387 -> 45
2022-09-29 01:24:49,535 [grpc-default-executor-3] WARN  server.GrpcLogAppender (LogUtils.java:warn(122)) - omNode-1@group-523986131536->omNode-3-AppendLogResponseHandler: Failed appendEntries: org.apache.ratis.thirdparty.io.grpc.StatusRuntimeException: UNAVAILABLE: io exception
2022-09-29 01:24:49,536 [grpc-default-executor-3] INFO  leader.FollowerInfo (FollowerInfoImpl.java:lambda$new$0(48)) - omNode-1@group-523986131536->omNode-3: nextIndex: updateUnconditionally 387 -> 45
2022-09-29 01:24:49,542 [grpc-default-executor-2] WARN  server.GrpcLogAppender (LogUtils.java:warn(122)) - omNode-1@group-523986131536->omNode-3-AppendLogResponseHandler: Failed appendEntries: org.apache.ratis.thirdparty.io.grpc.StatusRuntimeException: UNAVAILABLE: io exception
2022-09-29 01:24:49,542 [grpc-default-executor-2] INFO  leader.FollowerInfo (FollowerInfoImpl.java:lambda$new$0(48)) - omNode-1@group-523986131536->omNode-3: nextIndex: updateUnconditionally 388 -> 45
2022-09-29 01:24:49,546 [grpc-default-executor-3] WARN  server.GrpcLogAppender (LogUtils.java:warn(122)) - omNode-1@group-523986131536->omNode-3-AppendLogResponseHandler: Failed appendEntries: org.apache.ratis.thirdparty.io.grpc.StatusRuntimeException: UNAVAILABLE: io exception
2022-09-29 01:24:49,547 [grpc-default-executor-3] INFO  leader.FollowerInfo (FollowerInfoImpl.java:lambda$new$0(48)) - omNode-1@group-523986131536->omNode-3: nextIndex: updateUnconditionally 388 -> 45
2022-09-29 01:24:49,548 [grpc-default-executor-2] WARN  server.GrpcLogAppender (LogUtils.java:warn(122)) - omNode-1@group-523986131536->omNode-3-AppendLogResponseHandler: Failed appendEntries: org.apache.ratis.thirdparty.io.grpc.StatusRuntimeException: UNAVAILABLE: io exception
2022-09-29 01:24:49,548 [grpc-default-executor-2] INFO  leader.FollowerInfo (FollowerInfoImpl.java:lambda$new$0(48)) - omNode-1@group-523986131536->omNode-3: nextIndex: updateUnconditionally 390 -> 45
2022-09-29 01:24:49,550 [grpc-default-executor-3] WARN  server.GrpcLogAppender (LogUtils.java:warn(122)) - omNode-1@group-523986131536->omNode-3-AppendLogResponseHandler: Failed appendEntries: org.apache.ratis.thirdparty.io.grpc.StatusRuntimeException: UNAVAILABLE: io exception
2022-09-29 01:24:49,550 [grpc-default-executor-3] INFO  leader.FollowerInfo (FollowerInfoImpl.java:lambda$new$0(48)) - omNode-1@group-523986131536->omNode-3: nextIndex: updateUnconditionally 390 -> 45
2022-09-29 01:24:49,553 [grpc-default-executor-3] WARN  server.GrpcLogAppender (LogUtils.java:warn(122)) - omNode-1@group-523986131536->omNode-3-AppendLogResponseHandler: Failed appendEntries: org.apache.ratis.thirdparty.io.grpc.StatusRuntimeException: UNAVAILABLE: io exception
2022-09-29 01:24:49,553 [grpc-default-executor-3] INFO  leader.FollowerInfo (FollowerInfoImpl.java:lambda$new$0(48)) - omNode-1@group-523986131536->omNode-3: nextIndex: updateUnconditionally 391 -> 45
2022-09-29 01:24:49,568 [grpc-default-executor-3] WARN  server.GrpcLogAppender (LogUtils.java:warn(122)) - omNode-1@group-523986131536->omNode-3-AppendLogResponseHandler: Failed appendEntries: org.apache.ratis.thirdparty.io.grpc.StatusRuntimeException: UNAVAILABLE: io exception
2022-09-29 01:24:49,568 [grpc-default-executor-3] INFO  leader.FollowerInfo (FollowerInfoImpl.java:lambda$new$0(48)) - omNode-1@group-523986131536->omNode-3: nextIndex: updateUnconditionally 391 -> 45
2022-09-29 01:24:49,569 [grpc-default-executor-3] WARN  server.GrpcLogAppender (LogUtils.java:warn(122)) - omNode-1@group-523986131536->omNode-3-AppendLogResponseHandler: Failed appendEntries: org.apache.ratis.thirdparty.io.grpc.StatusRuntimeException: UNAVAILABLE: io exception
2022-09-29 01:24:49,569 [grpc-default-executor-3] INFO  leader.FollowerInfo (FollowerInfoImpl.java:lambda$new$0(48)) - omNode-1@group-523986131536->omNode-3: nextIndex: updateUnconditionally 392 -> 45
2022-09-29 01:24:49,571 [grpc-default-executor-3] WARN  server.GrpcLogAppender (LogUtils.java:warn(122)) - omNode-1@group-523986131536->omNode-3-AppendLogResponseHandler: Failed appendEntries: org.apache.ratis.thirdparty.io.grpc.StatusRuntimeException: UNAVAILABLE: io exception
2022-09-29 01:24:49,571 [grpc-default-executor-3] INFO  leader.FollowerInfo (FollowerInfoImpl.java:lambda$new$0(48)) - omNode-1@group-523986131536->omNode-3: nextIndex: updateUnconditionally 392 -> 45
2022-09-29 01:24:49,574 [grpc-default-executor-2] WARN  server.GrpcLogAppender (LogUtils.java:warn(122)) - omNode-1@group-523986131536->omNode-3-AppendLogResponseHandler: Failed appendEntries: org.apache.ratis.thirdparty.io.grpc.StatusRuntimeException: UNAVAILABLE: io exception
2022-09-29 01:24:49,574 [grpc-default-executor-2] INFO  leader.FollowerInfo (FollowerInfoImpl.java:lambda$new$0(48)) - omNode-1@group-523986131536->omNode-3: nextIndex: updateUnconditionally 393 -> 45
2022-09-29 01:24:49,575 [grpc-default-executor-3] WARN  server.GrpcLogAppender (LogUtils.java:warn(122)) - omNode-1@group-523986131536->omNode-3-AppendLogResponseHandler: Failed appendEntries: org.apache.ratis.thirdparty.io.grpc.StatusRuntimeException: UNAVAILABLE: io exception
2022-09-29 01:24:49,575 [grpc-default-executor-3] INFO  leader.FollowerInfo (FollowerInfoImpl.java:lambda$new$0(48)) - omNode-1@group-523986131536->omNode-3: nextIndex: updateUnconditionally 394 -> 45
2022-09-29 01:24:49,585 [grpc-default-executor-3] WARN  server.GrpcLogAppender (LogUtils.java:warn(122)) - omNode-1@group-523986131536->omNode-3-AppendLogResponseHandler: Failed appendEntries: org.apache.ratis.thirdparty.io.grpc.StatusRuntimeException: UNAVAILABLE: io exception
2022-09-29 01:24:49,585 [grpc-default-executor-3] INFO  leader.FollowerInfo (FollowerInfoImpl.java:lambda$new$0(48)) - omNode-1@group-523986131536->omNode-3: nextIndex: updateUnconditionally 394 -> 45
2022-09-29 01:24:49,586 [grpc-default-executor-3] WARN  server.GrpcLogAppender (LogUtils.java:warn(122)) - omNode-1@group-523986131536->omNode-3-AppendLogResponseHandler: Failed appendEntries: org.apache.ratis.thirdparty.io.grpc.StatusRuntimeException: UNAVAILABLE: io exception
2022-09-29 01:24:49,586 [grpc-default-executor-3] INFO  leader.FollowerInfo (FollowerInfoImpl.java:lambda$new$0(48)) - omNode-1@group-523986131536->omNode-3: nextIndex: updateUnconditionally 394 -> 45
2022-09-29 01:24:49,593 [grpc-default-executor-3] WARN  server.GrpcLogAppender (LogUtils.java:warn(122)) - omNode-1@group-523986131536->omNode-3-AppendLogResponseHandler: Failed appendEntries: org.apache.ratis.thirdparty.io.grpc.StatusRuntimeException: UNAVAILABLE: io exception
2022-09-29 01:24:49,593 [grpc-default-executor-3] INFO  leader.FollowerInfo (FollowerInfoImpl.java:lambda$new$0(48)) - omNode-1@group-523986131536->omNode-3: nextIndex: updateUnconditionally 395 -> 45
2022-09-29 01:24:49,606 [grpc-default-executor-3] WARN  server.GrpcLogAppender (LogUtils.java:warn(122)) - omNode-1@group-523986131536->omNode-3-AppendLogResponseHandler: Failed appendEntries: org.apache.ratis.thirdparty.io.grpc.StatusRuntimeException: UNAVAILABLE: io exception
2022-09-29 01:24:49,606 [grpc-default-executor-3] INFO  leader.FollowerInfo (FollowerInfoImpl.java:lambda$new$0(48)) - omNode-1@group-523986131536->omNode-3: nextIndex: updateUnconditionally 395 -> 45
2022-09-29 01:24:49,607 [grpc-default-executor-3] WARN  server.GrpcLogAppender (LogUtils.java:warn(122)) - omNode-1@group-523986131536->omNode-3-AppendLogResponseHandler: Failed appendEntries: org.apache.ratis.thirdparty.io.grpc.StatusRuntimeException: UNAVAILABLE: io exception
2022-09-29 01:24:49,607 [grpc-default-executor-3] INFO  leader.FollowerInfo (FollowerInfoImpl.java:lambda$new$0(48)) - omNode-1@group-523986131536->omNode-3: nextIndex: updateUnconditionally 395 -> 45
2022-09-29 01:24:49,609 [grpc-default-executor-2] WARN  server.GrpcLogAppender (LogUtils.java:warn(122)) - omNode-1@group-523986131536->omNode-3-AppendLogResponseHandler: Failed appendEntries: org.apache.ratis.thirdparty.io.grpc.StatusRuntimeException: UNAVAILABLE: io exception
2022-09-29 01:24:49,609 [grpc-default-executor-2] INFO  leader.FollowerInfo (FollowerInfoImpl.java:lambda$new$0(48)) - omNode-1@group-523986131536->omNode-3: nextIndex: updateUnconditionally 396 -> 45
2022-09-29 01:24:49,615 [grpc-default-executor-2] WARN  server.GrpcLogAppender (LogUtils.java:warn(122)) - omNode-1@group-523986131536->omNode-3-AppendLogResponseHandler: Failed appendEntries: org.apache.ratis.thirdparty.io.grpc.StatusRuntimeException: UNAVAILABLE: io exception
2022-09-29 01:24:49,615 [grpc-default-executor-2] INFO  leader.FollowerInfo (FollowerInfoImpl.java:lambda$new$0(48)) - omNode-1@group-523986131536->omNode-3: nextIndex: updateUnconditionally 396 -> 45
2022-09-29 01:24:49,618 [grpc-default-executor-2] WARN  server.GrpcLogAppender (LogUtils.java:warn(122)) - omNode-1@group-523986131536->omNode-3-AppendLogResponseHandler: Failed appendEntries: org.apache.ratis.thirdparty.io.grpc.StatusRuntimeException: UNAVAILABLE: io exception
2022-09-29 01:24:49,619 [grpc-default-executor-2] INFO  leader.FollowerInfo (FollowerInfoImpl.java:lambda$new$0(48)) - omNode-1@group-523986131536->omNode-3: nextIndex: updateUnconditionally 397 -> 45
2022-09-29 01:24:49,623 [grpc-default-executor-2] WARN  server.GrpcLogAppender (LogUtils.java:warn(122)) - omNode-1@group-523986131536->omNode-3-AppendLogResponseHandler: Failed appendEntries: org.apache.ratis.thirdparty.io.grpc.StatusRuntimeException: UNAVAILABLE: io exception
2022-09-29 01:24:49,623 [grpc-default-executor-2] INFO  leader.FollowerInfo (FollowerInfoImpl.java:lambda$new$0(48)) - omNode-1@group-523986131536->omNode-3: nextIndex: updateUnconditionally 398 -> 45
2022-09-29 01:24:49,624 [grpc-default-executor-3] WARN  server.GrpcLogAppender (LogUtils.java:warn(122)) - omNode-1@group-523986131536->omNode-3-AppendLogResponseHandler: Failed appendEntries: org.apache.ratis.thirdparty.io.grpc.StatusRuntimeException: UNAVAILABLE: io exception
2022-09-29 01:24:49,625 [grpc-default-executor-3] INFO  leader.FollowerInfo (FollowerInfoImpl.java:lambda$new$0(48)) - omNode-1@group-523986131536->omNode-3: nextIndex: updateUnconditionally 398 -> 45
2022-09-29 01:24:49,635 [grpc-default-executor-2] WARN  server.GrpcLogAppender (LogUtils.java:warn(122)) - omNode-1@group-523986131536->omNode-3-AppendLogResponseHandler: Failed appendEntries: org.apache.ratis.thirdparty.io.grpc.StatusRuntimeException: UNAVAILABLE: io exception
2022-09-29 01:24:49,635 [grpc-default-executor-2] INFO  leader.FollowerInfo (FollowerInfoImpl.java:lambda$new$0(48)) - omNode-1@group-523986131536->omNode-3: nextIndex: updateUnconditionally 399 -> 45
2022-09-29 01:24:49,650 [grpc-default-executor-3] WARN  server.GrpcLogAppender (LogUtils.java:warn(122)) - omNode-1@group-523986131536->omNode-3-AppendLogResponseHandler: Failed appendEntries: org.apache.ratis.thirdparty.io.grpc.StatusRuntimeException: UNAVAILABLE: io exception
2022-09-29 01:24:49,650 [grpc-default-executor-3] INFO  leader.FollowerInfo (FollowerInfoImpl.java:lambda$new$0(48)) - omNode-1@group-523986131536->omNode-3: nextIndex: updateUnconditionally 399 -> 45
2022-09-29 01:24:49,651 [grpc-default-executor-3] WARN  server.GrpcLogAppender (LogUtils.java:warn(122)) - omNode-1@group-523986131536->omNode-3-AppendLogResponseHandler: Failed appendEntries: org.apache.ratis.thirdparty.io.grpc.StatusRuntimeException: UNAVAILABLE: io exception
2022-09-29 01:24:49,652 [grpc-default-executor-3] INFO  leader.FollowerInfo (FollowerInfoImpl.java:lambda$new$0(48)) - omNode-1@group-523986131536->omNode-3: nextIndex: updateUnconditionally 399 -> 45
2022-09-29 01:24:49,653 [grpc-default-executor-3] WARN  server.GrpcLogAppender (LogUtils.java:warn(122)) - omNode-1@group-523986131536->omNode-3-AppendLogResponseHandler: Failed appendEntries: org.apache.ratis.thirdparty.io.grpc.StatusRuntimeException: UNAVAILABLE: io exception
2022-09-29 01:24:49,653 [grpc-default-executor-3] INFO  leader.FollowerInfo (FollowerInfoImpl.java:lambda$new$0(48)) - omNode-1@group-523986131536->omNode-3: nextIndex: updateUnconditionally 400 -> 45
2022-09-29 01:24:49,659 [grpc-default-executor-3] WARN  server.GrpcLogAppender (LogUtils.java:warn(122)) - omNode-1@group-523986131536->omNode-3-AppendLogResponseHandler: Failed appendEntries: org.apache.ratis.thirdparty.io.grpc.StatusRuntimeException: UNAVAILABLE: io exception
2022-09-29 01:24:49,659 [grpc-default-executor-3] INFO  leader.FollowerInfo (FollowerInfoImpl.java:lambda$new$0(48)) - omNode-1@group-523986131536->omNode-3: nextIndex: updateUnconditionally 400 -> 45
2022-09-29 01:24:49,661 [grpc-default-executor-2] WARN  server.GrpcLogAppender (LogUtils.java:warn(122)) - omNode-1@group-523986131536->omNode-3-AppendLogResponseHandler: Failed appendEntries: org.apache.ratis.thirdparty.io.grpc.StatusRuntimeException: UNAVAILABLE: io exception
2022-09-29 01:24:49,661 [grpc-default-executor-2] INFO  leader.FollowerInfo (FollowerInfoImpl.java:lambda$new$0(48)) - omNode-1@group-523986131536->omNode-3: nextIndex: updateUnconditionally 401 -> 45
2022-09-29 01:24:49,663 [grpc-default-executor-2] WARN  server.GrpcLogAppender (LogUtils.java:warn(122)) - omNode-1@group-523986131536->omNode-3-AppendLogResponseHandler: Failed appendEntries: org.apache.ratis.thirdparty.io.grpc.StatusRuntimeException: UNAVAILABLE: io exception
2022-09-29 01:24:49,663 [grpc-default-executor-2] INFO  leader.FollowerInfo (FollowerInfoImpl.java:lambda$new$0(48)) - omNode-1@group-523986131536->omNode-3: nextIndex: updateUnconditionally 402 -> 45
2022-09-29 01:24:49,669 [grpc-default-executor-2] WARN  server.GrpcLogAppender (LogUtils.java:warn(122)) - omNode-1@group-523986131536->omNode-3-AppendLogResponseHandler: Failed appendEntries: org.apache.ratis.thirdparty.io.grpc.StatusRuntimeException: UNAVAILABLE: io exception
2022-09-29 01:24:49,670 [omNode-1@group-523986131536-StateMachineUpdater] INFO  ratis.OzoneManagerStateMachine (OzoneManagerStateMachine.java:takeSnapshot(441)) - Current Snapshot Index (t:2, i:400)
2022-09-29 01:24:49,670 [grpc-default-executor-2] INFO  leader.FollowerInfo (FollowerInfoImpl.java:lambda$new$0(48)) - omNode-1@group-523986131536->omNode-3: nextIndex: updateUnconditionally 402 -> 45
2022-09-29 01:24:49,670 [omNode-1@group-523986131536-StateMachineUpdater] INFO  impl.StateMachineUpdater (StateMachineUpdater.java:takeSnapshot(287)) - omNode-1@group-523986131536-StateMachineUpdater: Took a snapshot at index 400
2022-09-29 01:24:49,670 [omNode-1@group-523986131536-StateMachineUpdater] INFO  impl.StateMachineUpdater (StateMachineUpdater.java:lambda$new$0(92)) - omNode-1@group-523986131536-StateMachineUpdater: snapshotIndex: updateIncreasingly 350 -> 400
2022-09-29 01:24:49,670 [omNode-1@group-523986131536-StateMachineUpdater] INFO  raftlog.RaftLog (RaftLogBase.java:purge(308)) - omNode-1@group-523986131536-SegmentedRaftLog: purge 400
2022-09-29 01:24:49,670 [omNode-1@group-523986131536-StateMachineUpdater] INFO  raftlog.RaftLog (RaftLogBase.java:lambda$new$0(53)) - omNode-1@group-523986131536-SegmentedRaftLog: snapshotIndex: updateIncreasingly 350 -> 400
2022-09-29 01:24:49,670 [omNode-1@group-523986131536-StateMachineUpdater] INFO  raftlog.RaftLog (RaftLogBase.java:lambda$new$0(53)) - omNode-1@group-523986131536-SegmentedRaftLog: purgeIndex: updateToMax old=350, new=400, updated? true
2022-09-29 01:24:49,679 [grpc-default-executor-2] WARN  server.GrpcLogAppender (LogUtils.java:warn(122)) - omNode-1@group-523986131536->omNode-3-AppendLogResponseHandler: Failed appendEntries: org.apache.ratis.thirdparty.io.grpc.StatusRuntimeException: UNAVAILABLE: io exception
2022-09-29 01:24:49,679 [grpc-default-executor-2] INFO  leader.FollowerInfo (FollowerInfoImpl.java:lambda$new$0(48)) - omNode-1@group-523986131536->omNode-3: nextIndex: updateUnconditionally 403 -> 45
2022-09-29 01:24:49,684 [grpc-default-executor-3] WARN  server.GrpcLogAppender (LogUtils.java:warn(122)) - omNode-1@group-523986131536->omNode-3-AppendLogResponseHandler: Failed appendEntries: org.apache.ratis.thirdparty.io.grpc.StatusRuntimeException: UNAVAILABLE: io exception
2022-09-29 01:24:49,684 [grpc-default-executor-3] INFO  leader.FollowerInfo (FollowerInfoImpl.java:lambda$new$0(48)) - omNode-1@group-523986131536->omNode-3: nextIndex: updateUnconditionally 403 -> 45
2022-09-29 01:24:49,686 [grpc-default-executor-3] WARN  server.GrpcLogAppender (LogUtils.java:warn(122)) - omNode-1@group-523986131536->omNode-3-AppendLogResponseHandler: Failed appendEntries: org.apache.ratis.thirdparty.io.grpc.StatusRuntimeException: UNAVAILABLE: io exception
2022-09-29 01:24:49,686 [grpc-default-executor-3] INFO  leader.FollowerInfo (FollowerInfoImpl.java:lambda$new$0(48)) - omNode-1@group-523986131536->omNode-3: nextIndex: updateUnconditionally 403 -> 45
2022-09-29 01:24:49,691 [grpc-default-executor-2] WARN  server.GrpcLogAppender (LogUtils.java:warn(122)) - omNode-1@group-523986131536->omNode-3-AppendLogResponseHandler: Failed appendEntries: org.apache.ratis.thirdparty.io.grpc.StatusRuntimeException: UNAVAILABLE: io exception
2022-09-29 01:24:49,691 [grpc-default-executor-2] INFO  leader.FollowerInfo (FollowerInfoImpl.java:lambda$new$0(48)) - omNode-1@group-523986131536->omNode-3: nextIndex: updateUnconditionally 404 -> 45
2022-09-29 01:24:49,705 [grpc-default-executor-2] WARN  server.GrpcLogAppender (LogUtils.java:warn(122)) - omNode-1@group-523986131536->omNode-3-AppendLogResponseHandler: Failed appendEntries: org.apache.ratis.thirdparty.io.grpc.StatusRuntimeException: UNAVAILABLE: io exception
2022-09-29 01:24:49,705 [grpc-default-executor-2] INFO  leader.FollowerInfo (FollowerInfoImpl.java:lambda$new$0(48)) - omNode-1@group-523986131536->omNode-3: nextIndex: updateUnconditionally 404 -> 45
2022-09-29 01:24:49,706 [grpc-default-executor-3] WARN  server.GrpcLogAppender (LogUtils.java:warn(122)) - omNode-1@group-523986131536->omNode-3-AppendLogResponseHandler: Failed appendEntries: org.apache.ratis.thirdparty.io.grpc.StatusRuntimeException: UNAVAILABLE: io exception
2022-09-29 01:24:49,707 [grpc-default-executor-3] INFO  leader.FollowerInfo (FollowerInfoImpl.java:lambda$new$0(48)) - omNode-1@group-523986131536->omNode-3: nextIndex: updateUnconditionally 405 -> 45
2022-09-29 01:24:49,708 [grpc-default-executor-2] WARN  server.GrpcLogAppender (LogUtils.java:warn(122)) - omNode-1@group-523986131536->omNode-3-AppendLogResponseHandler: Failed appendEntries: org.apache.ratis.thirdparty.io.grpc.StatusRuntimeException: UNAVAILABLE: io exception
2022-09-29 01:24:49,708 [grpc-default-executor-2] INFO  leader.FollowerInfo (FollowerInfoImpl.java:lambda$new$0(48)) - omNode-1@group-523986131536->omNode-3: nextIndex: updateUnconditionally 406 -> 45
2022-09-29 01:24:49,723 [grpc-default-executor-2] WARN  server.GrpcLogAppender (LogUtils.java:warn(122)) - omNode-1@group-523986131536->omNode-3-AppendLogResponseHandler: Failed appendEntries: org.apache.ratis.thirdparty.io.grpc.StatusRuntimeException: UNAVAILABLE: io exception
2022-09-29 01:24:49,723 [grpc-default-executor-2] INFO  leader.FollowerInfo (FollowerInfoImpl.java:lambda$new$0(48)) - omNode-1@group-523986131536->omNode-3: nextIndex: updateUnconditionally 406 -> 45
2022-09-29 01:24:49,736 [omNode-2@group-523986131536-StateMachineUpdater] INFO  ratis.OzoneManagerStateMachine (OzoneManagerStateMachine.java:takeSnapshot(441)) - Current Snapshot Index (t:2, i:405)
2022-09-29 01:24:49,736 [omNode-2@group-523986131536-StateMachineUpdater] INFO  impl.StateMachineUpdater (StateMachineUpdater.java:takeSnapshot(287)) - omNode-2@group-523986131536-StateMachineUpdater: Took a snapshot at index 405
2022-09-29 01:24:49,736 [omNode-2@group-523986131536-StateMachineUpdater] INFO  impl.StateMachineUpdater (StateMachineUpdater.java:lambda$new$0(92)) - omNode-2@group-523986131536-StateMachineUpdater: snapshotIndex: updateIncreasingly 354 -> 405
2022-09-29 01:24:49,736 [omNode-2@group-523986131536-StateMachineUpdater] INFO  raftlog.RaftLog (RaftLogBase.java:purge(308)) - omNode-2@group-523986131536-SegmentedRaftLog: purge 405
2022-09-29 01:24:49,736 [omNode-2@group-523986131536-StateMachineUpdater] INFO  raftlog.RaftLog (RaftLogBase.java:lambda$new$0(53)) - omNode-2@group-523986131536-SegmentedRaftLog: snapshotIndex: updateIncreasingly 354 -> 405
2022-09-29 01:24:49,736 [omNode-2@group-523986131536-StateMachineUpdater] INFO  raftlog.RaftLog (RaftLogBase.java:lambda$new$0(53)) - omNode-2@group-523986131536-SegmentedRaftLog: purgeIndex: updateToMax old=354, new=405, updated? true
2022-09-29 01:24:49,737 [grpc-default-executor-3] WARN  server.GrpcLogAppender (LogUtils.java:warn(122)) - omNode-1@group-523986131536->omNode-3-AppendLogResponseHandler: Failed appendEntries: org.apache.ratis.thirdparty.io.grpc.StatusRuntimeException: UNAVAILABLE: io exception
2022-09-29 01:24:49,737 [grpc-default-executor-3] INFO  leader.FollowerInfo (FollowerInfoImpl.java:lambda$new$0(48)) - omNode-1@group-523986131536->omNode-3: nextIndex: updateUnconditionally 407 -> 45
2022-09-29 01:24:49,746 [grpc-default-executor-2] WARN  server.GrpcLogAppender (LogUtils.java:warn(122)) - omNode-1@group-523986131536->omNode-3-AppendLogResponseHandler: Failed appendEntries: org.apache.ratis.thirdparty.io.grpc.StatusRuntimeException: UNAVAILABLE: io exception
2022-09-29 01:24:49,747 [grpc-default-executor-2] INFO  leader.FollowerInfo (FollowerInfoImpl.java:lambda$new$0(48)) - omNode-1@group-523986131536->omNode-3: nextIndex: updateUnconditionally 408 -> 45
2022-09-29 01:24:49,763 [grpc-default-executor-2] WARN  server.GrpcLogAppender (LogUtils.java:warn(122)) - omNode-1@group-523986131536->omNode-3-AppendLogResponseHandler: Failed appendEntries: org.apache.ratis.thirdparty.io.grpc.StatusRuntimeException: UNAVAILABLE: io exception
2022-09-29 01:24:49,763 [grpc-default-executor-2] INFO  leader.FollowerInfo (FollowerInfoImpl.java:lambda$new$0(48)) - omNode-1@group-523986131536->omNode-3: nextIndex: updateUnconditionally 408 -> 45
2022-09-29 01:24:49,765 [grpc-default-executor-2] WARN  server.GrpcLogAppender (LogUtils.java:warn(122)) - omNode-1@group-523986131536->omNode-3-AppendLogResponseHandler: Failed appendEntries: org.apache.ratis.thirdparty.io.grpc.StatusRuntimeException: UNAVAILABLE: io exception
2022-09-29 01:24:49,765 [grpc-default-executor-2] INFO  leader.FollowerInfo (FollowerInfoImpl.java:lambda$new$0(48)) - omNode-1@group-523986131536->omNode-3: nextIndex: updateUnconditionally 410 -> 45
2022-09-29 01:24:49,772 [grpc-default-executor-2] WARN  server.GrpcLogAppender (LogUtils.java:warn(122)) - omNode-1@group-523986131536->omNode-3-AppendLogResponseHandler: Failed appendEntries: org.apache.ratis.thirdparty.io.grpc.StatusRuntimeException: UNAVAILABLE: io exception
2022-09-29 01:24:49,772 [grpc-default-executor-2] INFO  leader.FollowerInfo (FollowerInfoImpl.java:lambda$new$0(48)) - omNode-1@group-523986131536->omNode-3: nextIndex: updateUnconditionally 410 -> 45
2022-09-29 01:24:49,780 [grpc-default-executor-2] WARN  server.GrpcLogAppender (LogUtils.java:warn(122)) - omNode-1@group-523986131536->omNode-3-AppendLogResponseHandler: Failed appendEntries: org.apache.ratis.thirdparty.io.grpc.StatusRuntimeException: UNAVAILABLE: io exception
2022-09-29 01:24:49,780 [grpc-default-executor-2] INFO  leader.FollowerInfo (FollowerInfoImpl.java:lambda$new$0(48)) - omNode-1@group-523986131536->omNode-3: nextIndex: updateUnconditionally 411 -> 45
2022-09-29 01:24:49,799 [grpc-default-executor-3] WARN  server.GrpcLogAppender (LogUtils.java:warn(122)) - omNode-1@group-523986131536->omNode-3-AppendLogResponseHandler: Failed appendEntries: org.apache.ratis.thirdparty.io.grpc.StatusRuntimeException: UNAVAILABLE: io exception
2022-09-29 01:24:49,800 [grpc-default-executor-3] INFO  leader.FollowerInfo (FollowerInfoImpl.java:lambda$new$0(48)) - omNode-1@group-523986131536->omNode-3: nextIndex: updateUnconditionally 411 -> 45
2022-09-29 01:24:49,800 [grpc-default-executor-3] WARN  server.GrpcLogAppender (LogUtils.java:warn(122)) - omNode-1@group-523986131536->omNode-3-AppendLogResponseHandler: Failed appendEntries: org.apache.ratis.thirdparty.io.grpc.StatusRuntimeException: UNAVAILABLE: io exception
2022-09-29 01:24:49,801 [grpc-default-executor-3] INFO  leader.FollowerInfo (FollowerInfoImpl.java:lambda$new$0(48)) - omNode-1@group-523986131536->omNode-3: nextIndex: updateUnconditionally 411 -> 45
2022-09-29 01:24:49,814 [grpc-default-executor-2] WARN  server.GrpcLogAppender (LogUtils.java:warn(122)) - omNode-1@group-523986131536->omNode-3-AppendLogResponseHandler: Failed appendEntries: org.apache.ratis.thirdparty.io.grpc.StatusRuntimeException: UNAVAILABLE: io exception
2022-09-29 01:24:49,814 [grpc-default-executor-2] INFO  leader.FollowerInfo (FollowerInfoImpl.java:lambda$new$0(48)) - omNode-1@group-523986131536->omNode-3: nextIndex: updateUnconditionally 412 -> 45
2022-09-29 01:24:49,820 [grpc-default-executor-2] WARN  server.GrpcLogAppender (LogUtils.java:warn(122)) - omNode-1@group-523986131536->omNode-3-AppendLogResponseHandler: Failed appendEntries: org.apache.ratis.thirdparty.io.grpc.StatusRuntimeException: UNAVAILABLE: io exception
2022-09-29 01:24:49,820 [grpc-default-executor-2] INFO  leader.FollowerInfo (FollowerInfoImpl.java:lambda$new$0(48)) - omNode-1@group-523986131536->omNode-3: nextIndex: updateUnconditionally 412 -> 45
2022-09-29 01:24:49,824 [grpc-default-executor-3] WARN  server.GrpcLogAppender (LogUtils.java:warn(122)) - omNode-1@group-523986131536->omNode-3-AppendLogResponseHandler: Failed appendEntries: org.apache.ratis.thirdparty.io.grpc.StatusRuntimeException: UNAVAILABLE: io exception
2022-09-29 01:24:49,824 [grpc-default-executor-3] INFO  leader.FollowerInfo (FollowerInfoImpl.java:lambda$new$0(48)) - omNode-1@group-523986131536->omNode-3: nextIndex: updateUnconditionally 413 -> 45
2022-09-29 01:24:49,826 [grpc-default-executor-3] WARN  server.GrpcLogAppender (LogUtils.java:warn(122)) - omNode-1@group-523986131536->omNode-3-AppendLogResponseHandler: Failed appendEntries: org.apache.ratis.thirdparty.io.grpc.StatusRuntimeException: UNAVAILABLE: io exception
2022-09-29 01:24:49,826 [grpc-default-executor-3] INFO  leader.FollowerInfo (FollowerInfoImpl.java:lambda$new$0(48)) - omNode-1@group-523986131536->omNode-3: nextIndex: updateUnconditionally 414 -> 45
2022-09-29 01:24:49,838 [grpc-default-executor-3] WARN  server.GrpcLogAppender (LogUtils.java:warn(122)) - omNode-1@group-523986131536->omNode-3-AppendLogResponseHandler: Failed appendEntries: org.apache.ratis.thirdparty.io.grpc.StatusRuntimeException: UNAVAILABLE: io exception
2022-09-29 01:24:49,839 [grpc-default-executor-3] INFO  leader.FollowerInfo (FollowerInfoImpl.java:lambda$new$0(48)) - omNode-1@group-523986131536->omNode-3: nextIndex: updateUnconditionally 414 -> 45
2022-09-29 01:24:49,839 [grpc-default-executor-3] WARN  server.GrpcLogAppender (LogUtils.java:warn(122)) - omNode-1@group-523986131536->omNode-3-AppendLogResponseHandler: Failed appendEntries: org.apache.ratis.thirdparty.io.grpc.StatusRuntimeException: UNAVAILABLE: io exception
2022-09-29 01:24:49,839 [grpc-default-executor-3] INFO  leader.FollowerInfo (FollowerInfoImpl.java:lambda$new$0(48)) - omNode-1@group-523986131536->omNode-3: nextIndex: updateUnconditionally 414 -> 45
2022-09-29 01:24:49,852 [grpc-default-executor-3] WARN  server.GrpcLogAppender (LogUtils.java:warn(122)) - omNode-1@group-523986131536->omNode-3-AppendLogResponseHandler: Failed appendEntries: org.apache.ratis.thirdparty.io.grpc.StatusRuntimeException: UNAVAILABLE: io exception
2022-09-29 01:24:49,852 [grpc-default-executor-3] INFO  leader.FollowerInfo (FollowerInfoImpl.java:lambda$new$0(48)) - omNode-1@group-523986131536->omNode-3: nextIndex: updateUnconditionally 415 -> 45
2022-09-29 01:24:49,860 [grpc-default-executor-3] WARN  server.GrpcLogAppender (LogUtils.java:warn(122)) - omNode-1@group-523986131536->omNode-3-AppendLogResponseHandler: Failed appendEntries: org.apache.ratis.thirdparty.io.grpc.StatusRuntimeException: UNAVAILABLE: io exception
2022-09-29 01:24:49,860 [grpc-default-executor-3] INFO  leader.FollowerInfo (FollowerInfoImpl.java:lambda$new$0(48)) - omNode-1@group-523986131536->omNode-3: nextIndex: updateUnconditionally 415 -> 45
2022-09-29 01:24:49,861 [grpc-default-executor-3] WARN  server.GrpcLogAppender (LogUtils.java:warn(122)) - omNode-1@group-523986131536->omNode-3-AppendLogResponseHandler: Failed appendEntries: org.apache.ratis.thirdparty.io.grpc.StatusRuntimeException: UNAVAILABLE: io exception
2022-09-29 01:24:49,861 [grpc-default-executor-3] INFO  leader.FollowerInfo (FollowerInfoImpl.java:lambda$new$0(48)) - omNode-1@group-523986131536->omNode-3: nextIndex: updateUnconditionally 415 -> 45
2022-09-29 01:24:49,866 [grpc-default-executor-3] WARN  server.GrpcLogAppender (LogUtils.java:warn(122)) - omNode-1@group-523986131536->omNode-3-AppendLogResponseHandler: Failed appendEntries: org.apache.ratis.thirdparty.io.grpc.StatusRuntimeException: UNAVAILABLE: io exception
2022-09-29 01:24:49,866 [grpc-default-executor-3] INFO  leader.FollowerInfo (FollowerInfoImpl.java:lambda$new$0(48)) - omNode-1@group-523986131536->omNode-3: nextIndex: updateUnconditionally 416 -> 45
2022-09-29 01:24:49,869 [grpc-default-executor-3] WARN  server.GrpcLogAppender (LogUtils.java:warn(122)) - omNode-1@group-523986131536->omNode-3-AppendLogResponseHandler: Failed appendEntries: org.apache.ratis.thirdparty.io.grpc.StatusRuntimeException: UNAVAILABLE: io exception
2022-09-29 01:24:49,869 [grpc-default-executor-3] INFO  leader.FollowerInfo (FollowerInfoImpl.java:lambda$new$0(48)) - omNode-1@group-523986131536->omNode-3: nextIndex: updateUnconditionally 416 -> 45
2022-09-29 01:24:49,870 [grpc-default-executor-2] WARN  server.GrpcLogAppender (LogUtils.java:warn(122)) - omNode-1@group-523986131536->omNode-3-AppendLogResponseHandler: Failed appendEntries: org.apache.ratis.thirdparty.io.grpc.StatusRuntimeException: UNAVAILABLE: io exception
2022-09-29 01:24:49,871 [grpc-default-executor-2] INFO  leader.FollowerInfo (FollowerInfoImpl.java:lambda$new$0(48)) - omNode-1@group-523986131536->omNode-3: nextIndex: updateUnconditionally 417 -> 45
2022-09-29 01:24:49,872 [grpc-default-executor-3] WARN  server.GrpcLogAppender (LogUtils.java:warn(122)) - omNode-1@group-523986131536->omNode-3-AppendLogResponseHandler: Failed appendEntries: org.apache.ratis.thirdparty.io.grpc.StatusRuntimeException: UNAVAILABLE: io exception
2022-09-29 01:24:49,872 [grpc-default-executor-3] INFO  leader.FollowerInfo (FollowerInfoImpl.java:lambda$new$0(48)) - omNode-1@group-523986131536->omNode-3: nextIndex: updateUnconditionally 418 -> 45
2022-09-29 01:24:49,882 [grpc-default-executor-3] WARN  server.GrpcLogAppender (LogUtils.java:warn(122)) - omNode-1@group-523986131536->omNode-3-AppendLogResponseHandler: Failed appendEntries: org.apache.ratis.thirdparty.io.grpc.StatusRuntimeException: UNAVAILABLE: io exception
2022-09-29 01:24:49,882 [grpc-default-executor-3] INFO  leader.FollowerInfo (FollowerInfoImpl.java:lambda$new$0(48)) - omNode-1@group-523986131536->omNode-3: nextIndex: updateUnconditionally 418 -> 45
2022-09-29 01:24:49,884 [grpc-default-executor-2] WARN  server.GrpcLogAppender (LogUtils.java:warn(122)) - omNode-1@group-523986131536->omNode-3-AppendLogResponseHandler: Failed appendEntries: org.apache.ratis.thirdparty.io.grpc.StatusRuntimeException: UNAVAILABLE: io exception
2022-09-29 01:24:49,884 [grpc-default-executor-2] INFO  leader.FollowerInfo (FollowerInfoImpl.java:lambda$new$0(48)) - omNode-1@group-523986131536->omNode-3: nextIndex: updateUnconditionally 419 -> 45
2022-09-29 01:24:49,894 [grpc-default-executor-2] WARN  server.GrpcLogAppender (LogUtils.java:warn(122)) - omNode-1@group-523986131536->omNode-3-AppendLogResponseHandler: Failed appendEntries: org.apache.ratis.thirdparty.io.grpc.StatusRuntimeException: UNAVAILABLE: io exception
2022-09-29 01:24:49,894 [grpc-default-executor-2] INFO  leader.FollowerInfo (FollowerInfoImpl.java:lambda$new$0(48)) - omNode-1@group-523986131536->omNode-3: nextIndex: updateUnconditionally 419 -> 45
2022-09-29 01:24:49,895 [grpc-default-executor-2] WARN  server.GrpcLogAppender (LogUtils.java:warn(122)) - omNode-1@group-523986131536->omNode-3-AppendLogResponseHandler: Failed appendEntries: org.apache.ratis.thirdparty.io.grpc.StatusRuntimeException: UNAVAILABLE: io exception
2022-09-29 01:24:49,895 [grpc-default-executor-2] INFO  leader.FollowerInfo (FollowerInfoImpl.java:lambda$new$0(48)) - omNode-1@group-523986131536->omNode-3: nextIndex: updateUnconditionally 419 -> 45
2022-09-29 01:24:49,897 [grpc-default-executor-3] WARN  server.GrpcLogAppender (LogUtils.java:warn(122)) - omNode-1@group-523986131536->omNode-3-AppendLogResponseHandler: Failed appendEntries: org.apache.ratis.thirdparty.io.grpc.StatusRuntimeException: UNAVAILABLE: io exception
2022-09-29 01:24:49,897 [grpc-default-executor-3] INFO  leader.FollowerInfo (FollowerInfoImpl.java:lambda$new$0(48)) - omNode-1@group-523986131536->omNode-3: nextIndex: updateUnconditionally 420 -> 45
2022-09-29 01:24:49,900 [grpc-default-executor-3] WARN  server.GrpcLogAppender (LogUtils.java:warn(122)) - omNode-1@group-523986131536->omNode-3-AppendLogResponseHandler: Failed appendEntries: org.apache.ratis.thirdparty.io.grpc.StatusRuntimeException: UNAVAILABLE: io exception
2022-09-29 01:24:49,900 [grpc-default-executor-3] INFO  leader.FollowerInfo (FollowerInfoImpl.java:lambda$new$0(48)) - omNode-1@group-523986131536->omNode-3: nextIndex: updateUnconditionally 420 -> 45
2022-09-29 01:24:49,904 [grpc-default-executor-3] WARN  server.GrpcLogAppender (LogUtils.java:warn(122)) - omNode-1@group-523986131536->omNode-3-AppendLogResponseHandler: Failed appendEntries: org.apache.ratis.thirdparty.io.grpc.StatusRuntimeException: UNAVAILABLE: io exception
2022-09-29 01:24:49,904 [grpc-default-executor-3] INFO  leader.FollowerInfo (FollowerInfoImpl.java:lambda$new$0(48)) - omNode-1@group-523986131536->omNode-3: nextIndex: updateUnconditionally 420 -> 45
2022-09-29 01:24:49,905 [grpc-default-executor-3] WARN  server.GrpcLogAppender (LogUtils.java:warn(122)) - omNode-1@group-523986131536->omNode-3-AppendLogResponseHandler: Failed appendEntries: org.apache.ratis.thirdparty.io.grpc.StatusRuntimeException: UNAVAILABLE: io exception
2022-09-29 01:24:49,905 [grpc-default-executor-3] INFO  leader.FollowerInfo (FollowerInfoImpl.java:lambda$new$0(48)) - omNode-1@group-523986131536->omNode-3: nextIndex: updateUnconditionally 421 -> 45
2022-09-29 01:24:49,906 [grpc-default-executor-2] WARN  server.GrpcLogAppender (LogUtils.java:warn(122)) - omNode-1@group-523986131536->omNode-3-AppendLogResponseHandler: Failed appendEntries: org.apache.ratis.thirdparty.io.grpc.StatusRuntimeException: UNAVAILABLE: io exception
2022-09-29 01:24:49,907 [grpc-default-executor-2] INFO  leader.FollowerInfo (FollowerInfoImpl.java:lambda$new$0(48)) - omNode-1@group-523986131536->omNode-3: nextIndex: updateUnconditionally 422 -> 45
2022-09-29 01:24:49,909 [grpc-default-executor-3] WARN  server.GrpcLogAppender (LogUtils.java:warn(122)) - omNode-1@group-523986131536->omNode-3-AppendLogResponseHandler: Failed appendEntries: org.apache.ratis.thirdparty.io.grpc.StatusRuntimeException: UNAVAILABLE: io exception
2022-09-29 01:24:49,909 [grpc-default-executor-3] INFO  leader.FollowerInfo (FollowerInfoImpl.java:lambda$new$0(48)) - omNode-1@group-523986131536->omNode-3: nextIndex: updateUnconditionally 422 -> 45
2022-09-29 01:24:49,910 [grpc-default-executor-3] WARN  server.GrpcLogAppender (LogUtils.java:warn(122)) - omNode-1@group-523986131536->omNode-3-AppendLogResponseHandler: Failed appendEntries: org.apache.ratis.thirdparty.io.grpc.StatusRuntimeException: UNAVAILABLE: io exception
2022-09-29 01:24:49,910 [grpc-default-executor-3] INFO  leader.FollowerInfo (FollowerInfoImpl.java:lambda$new$0(48)) - omNode-1@group-523986131536->omNode-3: nextIndex: updateUnconditionally 422 -> 45
2022-09-29 01:24:49,912 [grpc-default-executor-3] WARN  server.GrpcLogAppender (LogUtils.java:warn(122)) - omNode-1@group-523986131536->omNode-3-AppendLogResponseHandler: Failed appendEntries: org.apache.ratis.thirdparty.io.grpc.StatusRuntimeException: UNAVAILABLE: io exception
2022-09-29 01:24:49,912 [grpc-default-executor-3] INFO  leader.FollowerInfo (FollowerInfoImpl.java:lambda$new$0(48)) - omNode-1@group-523986131536->omNode-3: nextIndex: updateUnconditionally 423 -> 45
2022-09-29 01:24:49,920 [grpc-default-executor-3] WARN  server.GrpcLogAppender (LogUtils.java:warn(122)) - omNode-1@group-523986131536->omNode-3-AppendLogResponseHandler: Failed appendEntries: org.apache.ratis.thirdparty.io.grpc.StatusRuntimeException: UNAVAILABLE: io exception
2022-09-29 01:24:49,920 [grpc-default-executor-3] INFO  leader.FollowerInfo (FollowerInfoImpl.java:lambda$new$0(48)) - omNode-1@group-523986131536->omNode-3: nextIndex: updateUnconditionally 423 -> 45
2022-09-29 01:24:49,931 [grpc-default-executor-3] WARN  server.GrpcLogAppender (LogUtils.java:warn(122)) - omNode-1@group-523986131536->omNode-3-AppendLogResponseHandler: Failed appendEntries: org.apache.ratis.thirdparty.io.grpc.StatusRuntimeException: UNAVAILABLE: io exception
2022-09-29 01:24:49,932 [grpc-default-executor-3] INFO  leader.FollowerInfo (FollowerInfoImpl.java:lambda$new$0(48)) - omNode-1@group-523986131536->omNode-3: nextIndex: updateUnconditionally 424 -> 45
2022-09-29 01:24:49,938 [grpc-default-executor-3] WARN  server.GrpcLogAppender (LogUtils.java:warn(122)) - omNode-1@group-523986131536->omNode-3-AppendLogResponseHandler: Failed appendEntries: org.apache.ratis.thirdparty.io.grpc.StatusRuntimeException: UNAVAILABLE: io exception
2022-09-29 01:24:49,938 [grpc-default-executor-3] INFO  leader.FollowerInfo (FollowerInfoImpl.java:lambda$new$0(48)) - omNode-1@group-523986131536->omNode-3: nextIndex: updateUnconditionally 424 -> 45
2022-09-29 01:24:49,939 [grpc-default-executor-3] WARN  server.GrpcLogAppender (LogUtils.java:warn(122)) - omNode-1@group-523986131536->omNode-3-AppendLogResponseHandler: Failed appendEntries: org.apache.ratis.thirdparty.io.grpc.StatusRuntimeException: UNAVAILABLE: io exception
2022-09-29 01:24:49,939 [grpc-default-executor-3] INFO  leader.FollowerInfo (FollowerInfoImpl.java:lambda$new$0(48)) - omNode-1@group-523986131536->omNode-3: nextIndex: updateUnconditionally 425 -> 45
2022-09-29 01:24:49,942 [grpc-default-executor-3] WARN  server.GrpcLogAppender (LogUtils.java:warn(122)) - omNode-1@group-523986131536->omNode-3-AppendLogResponseHandler: Failed appendEntries: org.apache.ratis.thirdparty.io.grpc.StatusRuntimeException: UNAVAILABLE: io exception
2022-09-29 01:24:49,942 [grpc-default-executor-3] INFO  leader.FollowerInfo (FollowerInfoImpl.java:lambda$new$0(48)) - omNode-1@group-523986131536->omNode-3: nextIndex: updateUnconditionally 426 -> 45
2022-09-29 01:24:49,945 [grpc-default-executor-3] WARN  server.GrpcLogAppender (LogUtils.java:warn(122)) - omNode-1@group-523986131536->omNode-3-AppendLogResponseHandler: Failed appendEntries: org.apache.ratis.thirdparty.io.grpc.StatusRuntimeException: UNAVAILABLE: io exception
2022-09-29 01:24:49,945 [grpc-default-executor-3] INFO  leader.FollowerInfo (FollowerInfoImpl.java:lambda$new$0(48)) - omNode-1@group-523986131536->omNode-3: nextIndex: updateUnconditionally 426 -> 45
2022-09-29 01:24:49,952 [grpc-default-executor-3] WARN  server.GrpcLogAppender (LogUtils.java:warn(122)) - omNode-1@group-523986131536->omNode-3-AppendLogResponseHandler: Failed appendEntries: org.apache.ratis.thirdparty.io.grpc.StatusRuntimeException: UNAVAILABLE: io exception
2022-09-29 01:24:49,953 [grpc-default-executor-3] INFO  leader.FollowerInfo (FollowerInfoImpl.java:lambda$new$0(48)) - omNode-1@group-523986131536->omNode-3: nextIndex: updateUnconditionally 427 -> 45
2022-09-29 01:24:49,958 [grpc-default-executor-3] WARN  server.GrpcLogAppender (LogUtils.java:warn(122)) - omNode-1@group-523986131536->omNode-3-AppendLogResponseHandler: Failed appendEntries: org.apache.ratis.thirdparty.io.grpc.StatusRuntimeException: UNAVAILABLE: io exception
2022-09-29 01:24:49,958 [grpc-default-executor-3] INFO  leader.FollowerInfo (FollowerInfoImpl.java:lambda$new$0(48)) - omNode-1@group-523986131536->omNode-3: nextIndex: updateUnconditionally 427 -> 45
2022-09-29 01:24:49,959 [grpc-default-executor-3] WARN  server.GrpcLogAppender (LogUtils.java:warn(122)) - omNode-1@group-523986131536->omNode-3-AppendLogResponseHandler: Failed appendEntries: org.apache.ratis.thirdparty.io.grpc.StatusRuntimeException: UNAVAILABLE: io exception
2022-09-29 01:24:49,959 [grpc-default-executor-3] INFO  leader.FollowerInfo (FollowerInfoImpl.java:lambda$new$0(48)) - omNode-1@group-523986131536->omNode-3: nextIndex: updateUnconditionally 427 -> 45
2022-09-29 01:24:49,964 [grpc-default-executor-2] WARN  server.GrpcLogAppender (LogUtils.java:warn(122)) - omNode-1@group-523986131536->omNode-3-AppendLogResponseHandler: Failed appendEntries: org.apache.ratis.thirdparty.io.grpc.StatusRuntimeException: UNAVAILABLE: io exception
2022-09-29 01:24:49,964 [grpc-default-executor-2] INFO  leader.FollowerInfo (FollowerInfoImpl.java:lambda$new$0(48)) - omNode-1@group-523986131536->omNode-3: nextIndex: updateUnconditionally 428 -> 45
2022-09-29 01:24:49,976 [grpc-default-executor-2] WARN  server.GrpcLogAppender (LogUtils.java:warn(122)) - omNode-1@group-523986131536->omNode-3-AppendLogResponseHandler: Failed appendEntries: org.apache.ratis.thirdparty.io.grpc.StatusRuntimeException: UNAVAILABLE: io exception
2022-09-29 01:24:49,976 [grpc-default-executor-2] INFO  leader.FollowerInfo (FollowerInfoImpl.java:lambda$new$0(48)) - omNode-1@group-523986131536->omNode-3: nextIndex: updateUnconditionally 428 -> 45
2022-09-29 01:24:49,979 [grpc-default-executor-2] WARN  server.GrpcLogAppender (LogUtils.java:warn(122)) - omNode-1@group-523986131536->omNode-3-AppendLogResponseHandler: Failed appendEntries: org.apache.ratis.thirdparty.io.grpc.StatusRuntimeException: UNAVAILABLE: io exception
2022-09-29 01:24:49,979 [grpc-default-executor-2] INFO  leader.FollowerInfo (FollowerInfoImpl.java:lambda$new$0(48)) - omNode-1@group-523986131536->omNode-3: nextIndex: updateUnconditionally 430 -> 45
2022-09-29 01:24:49,999 [grpc-default-executor-2] WARN  server.GrpcLogAppender (LogUtils.java:warn(122)) - omNode-1@group-523986131536->omNode-3-AppendLogResponseHandler: Failed appendEntries: org.apache.ratis.thirdparty.io.grpc.StatusRuntimeException: UNAVAILABLE: io exception
2022-09-29 01:24:50,000 [grpc-default-executor-2] INFO  leader.FollowerInfo (FollowerInfoImpl.java:lambda$new$0(48)) - omNode-1@group-523986131536->omNode-3: nextIndex: updateUnconditionally 430 -> 45
2022-09-29 01:24:50,008 [grpc-default-executor-2] WARN  server.GrpcLogAppender (LogUtils.java:warn(122)) - omNode-1@group-523986131536->omNode-3-AppendLogResponseHandler: Failed appendEntries: org.apache.ratis.thirdparty.io.grpc.StatusRuntimeException: UNAVAILABLE: io exception
2022-09-29 01:24:50,008 [grpc-default-executor-2] INFO  leader.FollowerInfo (FollowerInfoImpl.java:lambda$new$0(48)) - omNode-1@group-523986131536->omNode-3: nextIndex: updateUnconditionally 431 -> 45
2022-09-29 01:24:50,015 [grpc-default-executor-3] WARN  server.GrpcLogAppender (LogUtils.java:warn(122)) - omNode-1@group-523986131536->omNode-3-AppendLogResponseHandler: Failed appendEntries: org.apache.ratis.thirdparty.io.grpc.StatusRuntimeException: UNAVAILABLE: io exception
2022-09-29 01:24:50,015 [grpc-default-executor-3] INFO  leader.FollowerInfo (FollowerInfoImpl.java:lambda$new$0(48)) - omNode-1@group-523986131536->omNode-3: nextIndex: updateUnconditionally 431 -> 45
2022-09-29 01:24:50,023 [grpc-default-executor-2] WARN  server.GrpcLogAppender (LogUtils.java:warn(122)) - omNode-1@group-523986131536->omNode-3-AppendLogResponseHandler: Failed appendEntries: org.apache.ratis.thirdparty.io.grpc.StatusRuntimeException: UNAVAILABLE: io exception
2022-09-29 01:24:50,023 [grpc-default-executor-2] INFO  leader.FollowerInfo (FollowerInfoImpl.java:lambda$new$0(48)) - omNode-1@group-523986131536->omNode-3: nextIndex: updateUnconditionally 432 -> 45
2022-09-29 01:24:50,025 [grpc-default-executor-3] WARN  server.GrpcLogAppender (LogUtils.java:warn(122)) - omNode-1@group-523986131536->omNode-3-AppendLogResponseHandler: Failed appendEntries: org.apache.ratis.thirdparty.io.grpc.StatusRuntimeException: UNAVAILABLE: io exception
2022-09-29 01:24:50,025 [grpc-default-executor-3] INFO  leader.FollowerInfo (FollowerInfoImpl.java:lambda$new$0(48)) - omNode-1@group-523986131536->omNode-3: nextIndex: updateUnconditionally 433 -> 45
2022-09-29 01:24:50,029 [grpc-default-executor-2] WARN  server.GrpcLogAppender (LogUtils.java:warn(122)) - omNode-1@group-523986131536->omNode-3-AppendLogResponseHandler: Failed appendEntries: org.apache.ratis.thirdparty.io.grpc.StatusRuntimeException: UNAVAILABLE: io exception
2022-09-29 01:24:50,029 [grpc-default-executor-2] INFO  leader.FollowerInfo (FollowerInfoImpl.java:lambda$new$0(48)) - omNode-1@group-523986131536->omNode-3: nextIndex: updateUnconditionally 434 -> 45
2022-09-29 01:24:50,033 [grpc-default-executor-2] WARN  server.GrpcLogAppender (LogUtils.java:warn(122)) - omNode-1@group-523986131536->omNode-3-AppendLogResponseHandler: Failed appendEntries: org.apache.ratis.thirdparty.io.grpc.StatusRuntimeException: UNAVAILABLE: io exception
2022-09-29 01:24:50,033 [grpc-default-executor-2] INFO  leader.FollowerInfo (FollowerInfoImpl.java:lambda$new$0(48)) - omNode-1@group-523986131536->omNode-3: nextIndex: updateUnconditionally 434 -> 45
2022-09-29 01:24:50,034 [grpc-default-executor-2] WARN  server.GrpcLogAppender (LogUtils.java:warn(122)) - omNode-1@group-523986131536->omNode-3-AppendLogResponseHandler: Failed appendEntries: org.apache.ratis.thirdparty.io.grpc.StatusRuntimeException: UNAVAILABLE: io exception
2022-09-29 01:24:50,034 [grpc-default-executor-2] INFO  leader.FollowerInfo (FollowerInfoImpl.java:lambda$new$0(48)) - omNode-1@group-523986131536->omNode-3: nextIndex: updateUnconditionally 434 -> 45
2022-09-29 01:24:50,043 [grpc-default-executor-2] WARN  server.GrpcLogAppender (LogUtils.java:warn(122)) - omNode-1@group-523986131536->omNode-3-AppendLogResponseHandler: Failed appendEntries: org.apache.ratis.thirdparty.io.grpc.StatusRuntimeException: UNAVAILABLE: io exception
2022-09-29 01:24:50,044 [grpc-default-executor-2] INFO  leader.FollowerInfo (FollowerInfoImpl.java:lambda$new$0(48)) - omNode-1@group-523986131536->omNode-3: nextIndex: updateUnconditionally 435 -> 45
2022-09-29 01:24:50,049 [grpc-default-executor-3] WARN  server.GrpcLogAppender (LogUtils.java:warn(122)) - omNode-1@group-523986131536->omNode-3-AppendLogResponseHandler: Failed appendEntries: org.apache.ratis.thirdparty.io.grpc.StatusRuntimeException: UNAVAILABLE: io exception
2022-09-29 01:24:50,049 [grpc-default-executor-3] INFO  leader.FollowerInfo (FollowerInfoImpl.java:lambda$new$0(48)) - omNode-1@group-523986131536->omNode-3: nextIndex: updateUnconditionally 435 -> 45
2022-09-29 01:24:50,050 [grpc-default-executor-3] WARN  server.GrpcLogAppender (LogUtils.java:warn(122)) - omNode-1@group-523986131536->omNode-3-AppendLogResponseHandler: Failed appendEntries: org.apache.ratis.thirdparty.io.grpc.StatusRuntimeException: UNAVAILABLE: io exception
2022-09-29 01:24:50,050 [grpc-default-executor-3] INFO  leader.FollowerInfo (FollowerInfoImpl.java:lambda$new$0(48)) - omNode-1@group-523986131536->omNode-3: nextIndex: updateUnconditionally 435 -> 45
2022-09-29 01:24:50,054 [grpc-default-executor-2] WARN  server.GrpcLogAppender (LogUtils.java:warn(122)) - omNode-1@group-523986131536->omNode-3-AppendLogResponseHandler: Failed appendEntries: org.apache.ratis.thirdparty.io.grpc.StatusRuntimeException: UNAVAILABLE: io exception
2022-09-29 01:24:50,054 [grpc-default-executor-2] INFO  leader.FollowerInfo (FollowerInfoImpl.java:lambda$new$0(48)) - omNode-1@group-523986131536->omNode-3: nextIndex: updateUnconditionally 436 -> 45
2022-09-29 01:24:50,070 [grpc-default-executor-2] WARN  server.GrpcLogAppender (LogUtils.java:warn(122)) - omNode-1@group-523986131536->omNode-3-AppendLogResponseHandler: Failed appendEntries: org.apache.ratis.thirdparty.io.grpc.StatusRuntimeException: UNAVAILABLE: io exception
2022-09-29 01:24:50,070 [grpc-default-executor-2] INFO  leader.FollowerInfo (FollowerInfoImpl.java:lambda$new$0(48)) - omNode-1@group-523986131536->omNode-3: nextIndex: updateUnconditionally 436 -> 45
2022-09-29 01:24:50,073 [grpc-default-executor-3] WARN  server.GrpcLogAppender (LogUtils.java:warn(122)) - omNode-1@group-523986131536->omNode-3-AppendLogResponseHandler: Failed appendEntries: org.apache.ratis.thirdparty.io.grpc.StatusRuntimeException: UNAVAILABLE: io exception
2022-09-29 01:24:50,073 [grpc-default-executor-3] INFO  leader.FollowerInfo (FollowerInfoImpl.java:lambda$new$0(48)) - omNode-1@group-523986131536->omNode-3: nextIndex: updateUnconditionally 438 -> 45
2022-09-29 01:24:50,083 [grpc-default-executor-3] WARN  server.GrpcLogAppender (LogUtils.java:warn(122)) - omNode-1@group-523986131536->omNode-3-AppendLogResponseHandler: Failed appendEntries: org.apache.ratis.thirdparty.io.grpc.StatusRuntimeException: UNAVAILABLE: io exception
2022-09-29 01:24:50,083 [grpc-default-executor-3] INFO  leader.FollowerInfo (FollowerInfoImpl.java:lambda$new$0(48)) - omNode-1@group-523986131536->omNode-3: nextIndex: updateUnconditionally 438 -> 45
2022-09-29 01:24:50,083 [grpc-default-executor-3] WARN  server.GrpcLogAppender (LogUtils.java:warn(122)) - omNode-1@group-523986131536->omNode-3-AppendLogResponseHandler: Failed appendEntries: org.apache.ratis.thirdparty.io.grpc.StatusRuntimeException: UNAVAILABLE: io exception
2022-09-29 01:24:50,084 [grpc-default-executor-3] INFO  leader.FollowerInfo (FollowerInfoImpl.java:lambda$new$0(48)) - omNode-1@group-523986131536->omNode-3: nextIndex: updateUnconditionally 438 -> 45
2022-09-29 01:24:50,094 [grpc-default-executor-3] WARN  server.GrpcLogAppender (LogUtils.java:warn(122)) - omNode-1@group-523986131536->omNode-3-AppendLogResponseHandler: Failed appendEntries: org.apache.ratis.thirdparty.io.grpc.StatusRuntimeException: UNAVAILABLE: io exception
2022-09-29 01:24:50,095 [grpc-default-executor-3] INFO  leader.FollowerInfo (FollowerInfoImpl.java:lambda$new$0(48)) - omNode-1@group-523986131536->omNode-3: nextIndex: updateUnconditionally 439 -> 45
2022-09-29 01:24:50,100 [grpc-default-executor-3] WARN  server.GrpcLogAppender (LogUtils.java:warn(122)) - omNode-1@group-523986131536->omNode-3-AppendLogResponseHandler: Failed appendEntries: org.apache.ratis.thirdparty.io.grpc.StatusRuntimeException: UNAVAILABLE: io exception
2022-09-29 01:24:50,100 [grpc-default-executor-3] INFO  leader.FollowerInfo (FollowerInfoImpl.java:lambda$new$0(48)) - omNode-1@group-523986131536->omNode-3: nextIndex: updateUnconditionally 439 -> 45
2022-09-29 01:24:50,101 [grpc-default-executor-3] WARN  server.GrpcLogAppender (LogUtils.java:warn(122)) - omNode-1@group-523986131536->omNode-3-AppendLogResponseHandler: Failed appendEntries: org.apache.ratis.thirdparty.io.grpc.StatusRuntimeException: UNAVAILABLE: io exception
2022-09-29 01:24:50,101 [grpc-default-executor-3] INFO  leader.FollowerInfo (FollowerInfoImpl.java:lambda$new$0(48)) - omNode-1@group-523986131536->omNode-3: nextIndex: updateUnconditionally 439 -> 45
2022-09-29 01:24:50,106 [grpc-default-executor-0] WARN  server.GrpcLogAppender (LogUtils.java:warn(122)) - omNode-1@group-523986131536->omNode-3-AppendLogResponseHandler: Failed appendEntries: org.apache.ratis.thirdparty.io.grpc.StatusRuntimeException: UNAVAILABLE: io exception
2022-09-29 01:24:50,106 [grpc-default-executor-0] INFO  leader.FollowerInfo (FollowerInfoImpl.java:lambda$new$0(48)) - omNode-1@group-523986131536->omNode-3: nextIndex: updateUnconditionally 440 -> 45
2022-09-29 01:24:50,118 [grpc-default-executor-0] WARN  server.GrpcLogAppender (LogUtils.java:warn(122)) - omNode-1@group-523986131536->omNode-3-AppendLogResponseHandler: Failed appendEntries: org.apache.ratis.thirdparty.io.grpc.StatusRuntimeException: UNAVAILABLE: io exception
2022-09-29 01:24:50,118 [grpc-default-executor-0] INFO  leader.FollowerInfo (FollowerInfoImpl.java:lambda$new$0(48)) - omNode-1@group-523986131536->omNode-3: nextIndex: updateUnconditionally 440 -> 45
2022-09-29 01:24:50,119 [grpc-default-executor-0] WARN  server.GrpcLogAppender (LogUtils.java:warn(122)) - omNode-1@group-523986131536->omNode-3-AppendLogResponseHandler: Failed appendEntries: org.apache.ratis.thirdparty.io.grpc.StatusRuntimeException: UNAVAILABLE: io exception
2022-09-29 01:24:50,119 [grpc-default-executor-0] INFO  leader.FollowerInfo (FollowerInfoImpl.java:lambda$new$0(48)) - omNode-1@group-523986131536->omNode-3: nextIndex: updateUnconditionally 441 -> 45
2022-09-29 01:24:50,120 [grpc-default-executor-0] WARN  server.GrpcLogAppender (LogUtils.java:warn(122)) - omNode-1@group-523986131536->omNode-3-AppendLogResponseHandler: Failed appendEntries: org.apache.ratis.thirdparty.io.grpc.StatusRuntimeException: UNAVAILABLE: io exception
2022-09-29 01:24:50,120 [grpc-default-executor-0] INFO  leader.FollowerInfo (FollowerInfoImpl.java:lambda$new$0(48)) - omNode-1@group-523986131536->omNode-3: nextIndex: updateUnconditionally 442 -> 45
2022-09-29 01:24:50,129 [grpc-default-executor-0] WARN  server.GrpcLogAppender (LogUtils.java:warn(122)) - omNode-1@group-523986131536->omNode-3-AppendLogResponseHandler: Failed appendEntries: org.apache.ratis.thirdparty.io.grpc.StatusRuntimeException: UNAVAILABLE: io exception
2022-09-29 01:24:50,129 [grpc-default-executor-0] INFO  leader.FollowerInfo (FollowerInfoImpl.java:lambda$new$0(48)) - omNode-1@group-523986131536->omNode-3: nextIndex: updateUnconditionally 442 -> 45
2022-09-29 01:24:50,138 [grpc-default-executor-0] WARN  server.GrpcLogAppender (LogUtils.java:warn(122)) - omNode-1@group-523986131536->omNode-3-AppendLogResponseHandler: Failed appendEntries: org.apache.ratis.thirdparty.io.grpc.StatusRuntimeException: UNAVAILABLE: io exception
2022-09-29 01:24:50,139 [grpc-default-executor-0] INFO  leader.FollowerInfo (FollowerInfoImpl.java:lambda$new$0(48)) - omNode-1@group-523986131536->omNode-3: nextIndex: updateUnconditionally 443 -> 45
2022-09-29 01:24:50,148 [grpc-default-executor-3] WARN  server.GrpcLogAppender (LogUtils.java:warn(122)) - omNode-1@group-523986131536->omNode-3-AppendLogResponseHandler: Failed appendEntries: org.apache.ratis.thirdparty.io.grpc.StatusRuntimeException: UNAVAILABLE: io exception
2022-09-29 01:24:50,149 [grpc-default-executor-3] INFO  leader.FollowerInfo (FollowerInfoImpl.java:lambda$new$0(48)) - omNode-1@group-523986131536->omNode-3: nextIndex: updateUnconditionally 443 -> 45
2022-09-29 01:24:50,149 [grpc-default-executor-2] WARN  server.GrpcLogAppender (LogUtils.java:warn(122)) - omNode-1@group-523986131536->omNode-3-AppendLogResponseHandler: Failed appendEntries: org.apache.ratis.thirdparty.io.grpc.StatusRuntimeException: UNAVAILABLE: io exception
2022-09-29 01:24:50,149 [grpc-default-executor-2] INFO  leader.FollowerInfo (FollowerInfoImpl.java:lambda$new$0(48)) - omNode-1@group-523986131536->omNode-3: nextIndex: updateUnconditionally 443 -> 45
2022-09-29 01:24:50,150 [grpc-default-executor-0] WARN  server.GrpcLogAppender (LogUtils.java:warn(122)) - omNode-1@group-523986131536->omNode-3-AppendLogResponseHandler: Failed appendEntries: org.apache.ratis.thirdparty.io.grpc.StatusRuntimeException: UNAVAILABLE: io exception
2022-09-29 01:24:50,150 [grpc-default-executor-0] INFO  leader.FollowerInfo (FollowerInfoImpl.java:lambda$new$0(48)) - omNode-1@group-523986131536->omNode-3: nextIndex: updateUnconditionally 443 -> 45
2022-09-29 01:24:50,158 [grpc-default-executor-0] WARN  server.GrpcLogAppender (LogUtils.java:warn(122)) - omNode-1@group-523986131536->omNode-3-AppendLogResponseHandler: Failed appendEntries: org.apache.ratis.thirdparty.io.grpc.StatusRuntimeException: UNAVAILABLE: io exception
2022-09-29 01:24:50,158 [grpc-default-executor-0] INFO  leader.FollowerInfo (FollowerInfoImpl.java:lambda$new$0(48)) - omNode-1@group-523986131536->omNode-3: nextIndex: updateUnconditionally 444 -> 45
2022-09-29 01:24:50,166 [grpc-default-executor-0] WARN  server.GrpcLogAppender (LogUtils.java:warn(122)) - omNode-1@group-523986131536->omNode-3-AppendLogResponseHandler: Failed appendEntries: org.apache.ratis.thirdparty.io.grpc.StatusRuntimeException: UNAVAILABLE: io exception
2022-09-29 01:24:50,166 [grpc-default-executor-0] INFO  leader.FollowerInfo (FollowerInfoImpl.java:lambda$new$0(48)) - omNode-1@group-523986131536->omNode-3: nextIndex: updateUnconditionally 444 -> 45
2022-09-29 01:24:50,167 [EndpointStateMachine task thread for /0.0.0.0:42241 - 0 ] INFO  ipc.Client (Client.java:handleConnectionFailure(977)) - Retrying connect to server: 0.0.0.0/0.0.0.0:42241. Already tried 13 time(s); retry policy is RetryUpToMaximumCountWithFixedSleep(maxRetries=15, sleepTime=1000 MILLISECONDS)
2022-09-29 01:24:50,168 [grpc-default-executor-2] WARN  server.GrpcLogAppender (LogUtils.java:warn(122)) - omNode-1@group-523986131536->omNode-3-AppendLogResponseHandler: Failed appendEntries: org.apache.ratis.thirdparty.io.grpc.StatusRuntimeException: UNAVAILABLE: io exception
2022-09-29 01:24:50,168 [grpc-default-executor-2] INFO  leader.FollowerInfo (FollowerInfoImpl.java:lambda$new$0(48)) - omNode-1@group-523986131536->omNode-3: nextIndex: updateUnconditionally 445 -> 45
2022-09-29 01:24:50,168 [grpc-default-executor-2] WARN  server.GrpcLogAppender (LogUtils.java:warn(122)) - omNode-1@group-523986131536->omNode-3-AppendLogResponseHandler: Failed appendEntries: org.apache.ratis.thirdparty.io.grpc.StatusRuntimeException: UNAVAILABLE: io exception
2022-09-29 01:24:50,169 [grpc-default-executor-2] INFO  leader.FollowerInfo (FollowerInfoImpl.java:lambda$new$0(48)) - omNode-1@group-523986131536->omNode-3: nextIndex: updateUnconditionally 446 -> 45
2022-09-29 01:24:50,173 [grpc-default-executor-0] WARN  server.GrpcLogAppender (LogUtils.java:warn(122)) - omNode-1@group-523986131536->omNode-3-AppendLogResponseHandler: Failed appendEntries: org.apache.ratis.thirdparty.io.grpc.StatusRuntimeException: UNAVAILABLE: io exception
2022-09-29 01:24:50,173 [grpc-default-executor-0] INFO  leader.FollowerInfo (FollowerInfoImpl.java:lambda$new$0(48)) - omNode-1@group-523986131536->omNode-3: nextIndex: updateUnconditionally 446 -> 45
2022-09-29 01:24:50,173 [grpc-default-executor-2] WARN  server.GrpcLogAppender (LogUtils.java:warn(122)) - omNode-1@group-523986131536->omNode-3-AppendLogResponseHandler: Failed appendEntries: org.apache.ratis.thirdparty.io.grpc.StatusRuntimeException: UNAVAILABLE: io exception
2022-09-29 01:24:50,173 [grpc-default-executor-2] INFO  leader.FollowerInfo (FollowerInfoImpl.java:lambda$new$0(48)) - omNode-1@group-523986131536->omNode-3: nextIndex: updateUnconditionally 446 -> 45
2022-09-29 01:24:50,177 [grpc-default-executor-2] WARN  server.GrpcLogAppender (LogUtils.java:warn(122)) - omNode-1@group-523986131536->omNode-3-AppendLogResponseHandler: Failed appendEntries: org.apache.ratis.thirdparty.io.grpc.StatusRuntimeException: UNAVAILABLE: io exception
2022-09-29 01:24:50,177 [grpc-default-executor-2] INFO  leader.FollowerInfo (FollowerInfoImpl.java:lambda$new$0(48)) - omNode-1@group-523986131536->omNode-3: nextIndex: updateUnconditionally 447 -> 45
2022-09-29 01:24:50,194 [grpc-default-executor-0] WARN  server.GrpcLogAppender (LogUtils.java:warn(122)) - omNode-1@group-523986131536->omNode-3-AppendLogResponseHandler: Failed appendEntries: org.apache.ratis.thirdparty.io.grpc.StatusRuntimeException: UNAVAILABLE: io exception
2022-09-29 01:24:50,194 [grpc-default-executor-0] INFO  leader.FollowerInfo (FollowerInfoImpl.java:lambda$new$0(48)) - omNode-1@group-523986131536->omNode-3: nextIndex: updateUnconditionally 447 -> 45
2022-09-29 01:24:50,195 [grpc-default-executor-0] WARN  server.GrpcLogAppender (LogUtils.java:warn(122)) - omNode-1@group-523986131536->omNode-3-AppendLogResponseHandler: Failed appendEntries: org.apache.ratis.thirdparty.io.grpc.StatusRuntimeException: UNAVAILABLE: io exception
2022-09-29 01:24:50,195 [grpc-default-executor-0] INFO  leader.FollowerInfo (FollowerInfoImpl.java:lambda$new$0(48)) - omNode-1@group-523986131536->omNode-3: nextIndex: updateUnconditionally 447 -> 45
2022-09-29 01:24:50,199 [grpc-default-executor-2] WARN  server.GrpcLogAppender (LogUtils.java:warn(122)) - omNode-1@group-523986131536->omNode-3-AppendLogResponseHandler: Failed appendEntries: org.apache.ratis.thirdparty.io.grpc.StatusRuntimeException: UNAVAILABLE: io exception
2022-09-29 01:24:50,200 [grpc-default-executor-2] INFO  leader.FollowerInfo (FollowerInfoImpl.java:lambda$new$0(48)) - omNode-1@group-523986131536->omNode-3: nextIndex: updateUnconditionally 448 -> 45
2022-09-29 01:24:50,203 [grpc-default-executor-2] WARN  server.GrpcLogAppender (LogUtils.java:warn(122)) - omNode-1@group-523986131536->omNode-3-AppendLogResponseHandler: Failed appendEntries: org.apache.ratis.thirdparty.io.grpc.StatusRuntimeException: UNAVAILABLE: io exception
2022-09-29 01:24:50,203 [grpc-default-executor-2] INFO  leader.FollowerInfo (FollowerInfoImpl.java:lambda$new$0(48)) - omNode-1@group-523986131536->omNode-3: nextIndex: updateUnconditionally 448 -> 45
2022-09-29 01:24:50,204 [grpc-default-executor-2] WARN  server.GrpcLogAppender (LogUtils.java:warn(122)) - omNode-1@group-523986131536->omNode-3-AppendLogResponseHandler: Failed appendEntries: org.apache.ratis.thirdparty.io.grpc.StatusRuntimeException: UNAVAILABLE: io exception
2022-09-29 01:24:50,204 [grpc-default-executor-2] INFO  leader.FollowerInfo (FollowerInfoImpl.java:lambda$new$0(48)) - omNode-1@group-523986131536->omNode-3: nextIndex: updateUnconditionally 449 -> 45
2022-09-29 01:24:50,206 [grpc-default-executor-2] WARN  server.GrpcLogAppender (LogUtils.java:warn(122)) - omNode-1@group-523986131536->omNode-3-AppendLogResponseHandler: Failed appendEntries: org.apache.ratis.thirdparty.io.grpc.StatusRuntimeException: UNAVAILABLE: io exception
2022-09-29 01:24:50,206 [grpc-default-executor-2] INFO  leader.FollowerInfo (FollowerInfoImpl.java:lambda$new$0(48)) - omNode-1@group-523986131536->omNode-3: nextIndex: updateUnconditionally 450 -> 45
2022-09-29 01:24:50,217 [grpc-default-executor-2] WARN  server.GrpcLogAppender (LogUtils.java:warn(122)) - omNode-1@group-523986131536->omNode-3-AppendLogResponseHandler: Failed appendEntries: org.apache.ratis.thirdparty.io.grpc.StatusRuntimeException: UNAVAILABLE: io exception
2022-09-29 01:24:50,217 [grpc-default-executor-2] INFO  leader.FollowerInfo (FollowerInfoImpl.java:lambda$new$0(48)) - omNode-1@group-523986131536->omNode-3: nextIndex: updateUnconditionally 450 -> 45
2022-09-29 01:24:50,218 [grpc-default-executor-2] WARN  server.GrpcLogAppender (LogUtils.java:warn(122)) - omNode-1@group-523986131536->omNode-3-AppendLogResponseHandler: Failed appendEntries: org.apache.ratis.thirdparty.io.grpc.StatusRuntimeException: UNAVAILABLE: io exception
2022-09-29 01:24:50,218 [grpc-default-executor-2] INFO  leader.FollowerInfo (FollowerInfoImpl.java:lambda$new$0(48)) - omNode-1@group-523986131536->omNode-3: nextIndex: updateUnconditionally 450 -> 45
2022-09-29 01:24:50,226 [grpc-default-executor-2] WARN  server.GrpcLogAppender (LogUtils.java:warn(122)) - omNode-1@group-523986131536->omNode-3-AppendLogResponseHandler: Failed appendEntries: org.apache.ratis.thirdparty.io.grpc.StatusRuntimeException: UNAVAILABLE: io exception
2022-09-29 01:24:50,226 [grpc-default-executor-2] INFO  leader.FollowerInfo (FollowerInfoImpl.java:lambda$new$0(48)) - omNode-1@group-523986131536->omNode-3: nextIndex: updateUnconditionally 451 -> 45
2022-09-29 01:24:50,231 [omNode-1@group-523986131536-StateMachineUpdater] INFO  ratis.OzoneManagerStateMachine (OzoneManagerStateMachine.java:takeSnapshot(441)) - Current Snapshot Index (t:2, i:450)
2022-09-29 01:24:50,231 [omNode-1@group-523986131536-StateMachineUpdater] INFO  impl.StateMachineUpdater (StateMachineUpdater.java:takeSnapshot(287)) - omNode-1@group-523986131536-StateMachineUpdater: Took a snapshot at index 450
2022-09-29 01:24:50,231 [omNode-1@group-523986131536-StateMachineUpdater] INFO  impl.StateMachineUpdater (StateMachineUpdater.java:lambda$new$0(92)) - omNode-1@group-523986131536-StateMachineUpdater: snapshotIndex: updateIncreasingly 400 -> 450
2022-09-29 01:24:50,231 [omNode-1@group-523986131536-StateMachineUpdater] INFO  raftlog.RaftLog (RaftLogBase.java:purge(308)) - omNode-1@group-523986131536-SegmentedRaftLog: purge 450
2022-09-29 01:24:50,231 [omNode-1@group-523986131536-StateMachineUpdater] INFO  raftlog.RaftLog (RaftLogBase.java:lambda$new$0(53)) - omNode-1@group-523986131536-SegmentedRaftLog: snapshotIndex: updateIncreasingly 400 -> 450
2022-09-29 01:24:50,231 [omNode-1@group-523986131536-StateMachineUpdater] INFO  raftlog.RaftLog (RaftLogBase.java:lambda$new$0(53)) - omNode-1@group-523986131536-SegmentedRaftLog: purgeIndex: updateToMax old=400, new=450, updated? true
2022-09-29 01:24:50,231 [grpc-default-executor-0] WARN  server.GrpcLogAppender (LogUtils.java:warn(122)) - omNode-1@group-523986131536->omNode-3-AppendLogResponseHandler: Failed appendEntries: org.apache.ratis.thirdparty.io.grpc.StatusRuntimeException: UNAVAILABLE: io exception
2022-09-29 01:24:50,232 [grpc-default-executor-0] INFO  leader.FollowerInfo (FollowerInfoImpl.java:lambda$new$0(48)) - omNode-1@group-523986131536->omNode-3: nextIndex: updateUnconditionally 451 -> 45
2022-09-29 01:24:50,232 [grpc-default-executor-0] WARN  server.GrpcLogAppender (LogUtils.java:warn(122)) - omNode-1@group-523986131536->omNode-3-AppendLogResponseHandler: Failed appendEntries: org.apache.ratis.thirdparty.io.grpc.StatusRuntimeException: UNAVAILABLE: io exception
2022-09-29 01:24:50,233 [grpc-default-executor-0] INFO  leader.FollowerInfo (FollowerInfoImpl.java:lambda$new$0(48)) - omNode-1@group-523986131536->omNode-3: nextIndex: updateUnconditionally 451 -> 45
2022-09-29 01:24:50,240 [grpc-default-executor-2] WARN  server.GrpcLogAppender (LogUtils.java:warn(122)) - omNode-1@group-523986131536->omNode-3-AppendLogResponseHandler: Failed appendEntries: org.apache.ratis.thirdparty.io.grpc.StatusRuntimeException: UNAVAILABLE: io exception
2022-09-29 01:24:50,240 [grpc-default-executor-2] INFO  leader.FollowerInfo (FollowerInfoImpl.java:lambda$new$0(48)) - omNode-1@group-523986131536->omNode-3: nextIndex: updateUnconditionally 452 -> 45
2022-09-29 01:24:50,250 [grpc-default-executor-2] WARN  server.GrpcLogAppender (LogUtils.java:warn(122)) - omNode-1@group-523986131536->omNode-3-AppendLogResponseHandler: Failed appendEntries: org.apache.ratis.thirdparty.io.grpc.StatusRuntimeException: UNAVAILABLE: io exception
2022-09-29 01:24:50,250 [grpc-default-executor-2] INFO  leader.FollowerInfo (FollowerInfoImpl.java:lambda$new$0(48)) - omNode-1@group-523986131536->omNode-3: nextIndex: updateUnconditionally 452 -> 45
2022-09-29 01:24:50,251 [grpc-default-executor-2] WARN  server.GrpcLogAppender (LogUtils.java:warn(122)) - omNode-1@group-523986131536->omNode-3-AppendLogResponseHandler: Failed appendEntries: org.apache.ratis.thirdparty.io.grpc.StatusRuntimeException: UNAVAILABLE: io exception
2022-09-29 01:24:50,251 [grpc-default-executor-2] INFO  leader.FollowerInfo (FollowerInfoImpl.java:lambda$new$0(48)) - omNode-1@group-523986131536->omNode-3: nextIndex: updateUnconditionally 453 -> 45
2022-09-29 01:24:50,253 [grpc-default-executor-2] WARN  server.GrpcLogAppender (LogUtils.java:warn(122)) - omNode-1@group-523986131536->omNode-3-AppendLogResponseHandler: Failed appendEntries: org.apache.ratis.thirdparty.io.grpc.StatusRuntimeException: UNAVAILABLE: io exception
2022-09-29 01:24:50,253 [grpc-default-executor-2] INFO  leader.FollowerInfo (FollowerInfoImpl.java:lambda$new$0(48)) - omNode-1@group-523986131536->omNode-3: nextIndex: updateUnconditionally 454 -> 45
2022-09-29 01:24:50,259 [grpc-default-executor-2] WARN  server.GrpcLogAppender (LogUtils.java:warn(122)) - omNode-1@group-523986131536->omNode-3-AppendLogResponseHandler: Failed appendEntries: org.apache.ratis.thirdparty.io.grpc.StatusRuntimeException: UNAVAILABLE: io exception
2022-09-29 01:24:50,259 [grpc-default-executor-2] INFO  leader.FollowerInfo (FollowerInfoImpl.java:lambda$new$0(48)) - omNode-1@group-523986131536->omNode-3: nextIndex: updateUnconditionally 454 -> 45
2022-09-29 01:24:50,267 [grpc-default-executor-2] WARN  server.GrpcLogAppender (LogUtils.java:warn(122)) - omNode-1@group-523986131536->omNode-3-AppendLogResponseHandler: Failed appendEntries: org.apache.ratis.thirdparty.io.grpc.StatusRuntimeException: UNAVAILABLE: io exception
2022-09-29 01:24:50,267 [grpc-default-executor-2] INFO  leader.FollowerInfo (FollowerInfoImpl.java:lambda$new$0(48)) - omNode-1@group-523986131536->omNode-3: nextIndex: updateUnconditionally 455 -> 45
2022-09-29 01:24:50,276 [grpc-default-executor-0] WARN  server.GrpcLogAppender (LogUtils.java:warn(122)) - omNode-1@group-523986131536->omNode-3-AppendLogResponseHandler: Failed appendEntries: org.apache.ratis.thirdparty.io.grpc.StatusRuntimeException: UNAVAILABLE: io exception
2022-09-29 01:24:50,276 [grpc-default-executor-0] INFO  leader.FollowerInfo (FollowerInfoImpl.java:lambda$new$0(48)) - omNode-1@group-523986131536->omNode-3: nextIndex: updateUnconditionally 455 -> 45
2022-09-29 01:24:50,276 [grpc-default-executor-2] WARN  server.GrpcLogAppender (LogUtils.java:warn(122)) - omNode-1@group-523986131536->omNode-3-AppendLogResponseHandler: Failed appendEntries: org.apache.ratis.thirdparty.io.grpc.StatusRuntimeException: UNAVAILABLE: io exception
2022-09-29 01:24:50,277 [grpc-default-executor-2] INFO  leader.FollowerInfo (FollowerInfoImpl.java:lambda$new$0(48)) - omNode-1@group-523986131536->omNode-3: nextIndex: updateUnconditionally 455 -> 45
2022-09-29 01:24:50,285 [grpc-default-executor-2] WARN  server.GrpcLogAppender (LogUtils.java:warn(122)) - omNode-1@group-523986131536->omNode-3-AppendLogResponseHandler: Failed appendEntries: org.apache.ratis.thirdparty.io.grpc.StatusRuntimeException: UNAVAILABLE: io exception
2022-09-29 01:24:50,285 [grpc-default-executor-2] INFO  leader.FollowerInfo (FollowerInfoImpl.java:lambda$new$0(48)) - omNode-1@group-523986131536->omNode-3: nextIndex: updateUnconditionally 456 -> 45
2022-09-29 01:24:50,295 [grpc-default-executor-2] WARN  server.GrpcLogAppender (LogUtils.java:warn(122)) - omNode-1@group-523986131536->omNode-3-AppendLogResponseHandler: Failed appendEntries: org.apache.ratis.thirdparty.io.grpc.StatusRuntimeException: UNAVAILABLE: io exception
2022-09-29 01:24:50,295 [grpc-default-executor-2] INFO  leader.FollowerInfo (FollowerInfoImpl.java:lambda$new$0(48)) - omNode-1@group-523986131536->omNode-3: nextIndex: updateUnconditionally 456 -> 45
2022-09-29 01:24:50,296 [grpc-default-executor-3] WARN  server.GrpcLogAppender (LogUtils.java:warn(122)) - omNode-1@group-523986131536->omNode-3-AppendLogResponseHandler: Failed appendEntries: org.apache.ratis.thirdparty.io.grpc.StatusRuntimeException: UNAVAILABLE: io exception
2022-09-29 01:24:50,296 [grpc-default-executor-3] INFO  leader.FollowerInfo (FollowerInfoImpl.java:lambda$new$0(48)) - omNode-1@group-523986131536->omNode-3: nextIndex: updateUnconditionally 457 -> 45
2022-09-29 01:24:50,298 [grpc-default-executor-3] WARN  server.GrpcLogAppender (LogUtils.java:warn(122)) - omNode-1@group-523986131536->omNode-3-AppendLogResponseHandler: Failed appendEntries: org.apache.ratis.thirdparty.io.grpc.StatusRuntimeException: UNAVAILABLE: io exception
2022-09-29 01:24:50,298 [grpc-default-executor-3] INFO  leader.FollowerInfo (FollowerInfoImpl.java:lambda$new$0(48)) - omNode-1@group-523986131536->omNode-3: nextIndex: updateUnconditionally 458 -> 45
2022-09-29 01:24:50,308 [grpc-default-executor-3] WARN  server.GrpcLogAppender (LogUtils.java:warn(122)) - omNode-1@group-523986131536->omNode-3-AppendLogResponseHandler: Failed appendEntries: org.apache.ratis.thirdparty.io.grpc.StatusRuntimeException: UNAVAILABLE: io exception
2022-09-29 01:24:50,308 [grpc-default-executor-3] INFO  leader.FollowerInfo (FollowerInfoImpl.java:lambda$new$0(48)) - omNode-1@group-523986131536->omNode-3: nextIndex: updateUnconditionally 458 -> 45
2022-09-29 01:24:50,309 [grpc-default-executor-3] WARN  server.GrpcLogAppender (LogUtils.java:warn(122)) - omNode-1@group-523986131536->omNode-3-AppendLogResponseHandler: Failed appendEntries: org.apache.ratis.thirdparty.io.grpc.StatusRuntimeException: UNAVAILABLE: io exception
2022-09-29 01:24:50,309 [grpc-default-executor-3] INFO  leader.FollowerInfo (FollowerInfoImpl.java:lambda$new$0(48)) - omNode-1@group-523986131536->omNode-3: nextIndex: updateUnconditionally 458 -> 45
2022-09-29 01:24:50,329 [grpc-default-executor-2] WARN  server.GrpcLogAppender (LogUtils.java:warn(122)) - omNode-1@group-523986131536->omNode-3-AppendLogResponseHandler: Failed appendEntries: org.apache.ratis.thirdparty.io.grpc.StatusRuntimeException: UNAVAILABLE: io exception
2022-09-29 01:24:50,329 [grpc-default-executor-2] INFO  leader.FollowerInfo (FollowerInfoImpl.java:lambda$new$0(48)) - omNode-1@group-523986131536->omNode-3: nextIndex: updateUnconditionally 459 -> 45
2022-09-29 01:24:50,341 [grpc-default-executor-3] WARN  server.GrpcLogAppender (LogUtils.java:warn(122)) - omNode-1@group-523986131536->omNode-3-AppendLogResponseHandler: Failed appendEntries: org.apache.ratis.thirdparty.io.grpc.StatusRuntimeException: UNAVAILABLE: io exception
2022-09-29 01:24:50,341 [grpc-default-executor-3] INFO  leader.FollowerInfo (FollowerInfoImpl.java:lambda$new$0(48)) - omNode-1@group-523986131536->omNode-3: nextIndex: updateUnconditionally 459 -> 45
2022-09-29 01:24:50,341 [omNode-2@group-523986131536-StateMachineUpdater] INFO  ratis.OzoneManagerStateMachine (OzoneManagerStateMachine.java:takeSnapshot(441)) - Current Snapshot Index (t:2, i:457)
2022-09-29 01:24:50,341 [omNode-2@group-523986131536-StateMachineUpdater] INFO  impl.StateMachineUpdater (StateMachineUpdater.java:takeSnapshot(287)) - omNode-2@group-523986131536-StateMachineUpdater: Took a snapshot at index 457
2022-09-29 01:24:50,341 [omNode-2@group-523986131536-StateMachineUpdater] INFO  impl.StateMachineUpdater (StateMachineUpdater.java:lambda$new$0(92)) - omNode-2@group-523986131536-StateMachineUpdater: snapshotIndex: updateIncreasingly 405 -> 457
2022-09-29 01:24:50,341 [omNode-2@group-523986131536-StateMachineUpdater] INFO  raftlog.RaftLog (RaftLogBase.java:purge(308)) - omNode-2@group-523986131536-SegmentedRaftLog: purge 457
2022-09-29 01:24:50,342 [omNode-2@group-523986131536-StateMachineUpdater] INFO  raftlog.RaftLog (RaftLogBase.java:lambda$new$0(53)) - omNode-2@group-523986131536-SegmentedRaftLog: snapshotIndex: updateIncreasingly 405 -> 457
2022-09-29 01:24:50,342 [omNode-2@group-523986131536-StateMachineUpdater] INFO  raftlog.RaftLog (RaftLogBase.java:lambda$new$0(53)) - omNode-2@group-523986131536-SegmentedRaftLog: purgeIndex: updateToMax old=405, new=457, updated? true
2022-09-29 01:24:50,342 [grpc-default-executor-3] WARN  server.GrpcLogAppender (LogUtils.java:warn(122)) - omNode-1@group-523986131536->omNode-3-AppendLogResponseHandler: Failed appendEntries: org.apache.ratis.thirdparty.io.grpc.StatusRuntimeException: UNAVAILABLE: io exception
2022-09-29 01:24:50,342 [grpc-default-executor-3] INFO  leader.FollowerInfo (FollowerInfoImpl.java:lambda$new$0(48)) - omNode-1@group-523986131536->omNode-3: nextIndex: updateUnconditionally 459 -> 45
2022-09-29 01:24:50,350 [grpc-default-executor-0] WARN  server.GrpcLogAppender (LogUtils.java:warn(122)) - omNode-1@group-523986131536->omNode-3-AppendLogResponseHandler: Failed appendEntries: org.apache.ratis.thirdparty.io.grpc.StatusRuntimeException: UNAVAILABLE: io exception
2022-09-29 01:24:50,350 [grpc-default-executor-0] INFO  leader.FollowerInfo (FollowerInfoImpl.java:lambda$new$0(48)) - omNode-1@group-523986131536->omNode-3: nextIndex: updateUnconditionally 460 -> 45
2022-09-29 01:24:50,356 [grpc-default-executor-0] WARN  server.GrpcLogAppender (LogUtils.java:warn(122)) - omNode-1@group-523986131536->omNode-3-AppendLogResponseHandler: Failed appendEntries: org.apache.ratis.thirdparty.io.grpc.StatusRuntimeException: UNAVAILABLE: io exception
2022-09-29 01:24:50,357 [grpc-default-executor-0] INFO  leader.FollowerInfo (FollowerInfoImpl.java:lambda$new$0(48)) - omNode-1@group-523986131536->omNode-3: nextIndex: updateUnconditionally 460 -> 45
2022-09-29 01:24:50,367 [grpc-default-executor-0] WARN  server.GrpcLogAppender (LogUtils.java:warn(122)) - omNode-1@group-523986131536->omNode-3-AppendLogResponseHandler: Failed appendEntries: org.apache.ratis.thirdparty.io.grpc.StatusRuntimeException: UNAVAILABLE: io exception
2022-09-29 01:24:50,367 [grpc-default-executor-0] INFO  leader.FollowerInfo (FollowerInfoImpl.java:lambda$new$0(48)) - omNode-1@group-523986131536->omNode-3: nextIndex: updateUnconditionally 462 -> 45
2022-09-29 01:24:50,380 [grpc-default-executor-0] WARN  server.GrpcLogAppender (LogUtils.java:warn(122)) - omNode-1@group-523986131536->omNode-3-AppendLogResponseHandler: Failed appendEntries: org.apache.ratis.thirdparty.io.grpc.StatusRuntimeException: UNAVAILABLE: io exception
2022-09-29 01:24:50,380 [grpc-default-executor-0] INFO  leader.FollowerInfo (FollowerInfoImpl.java:lambda$new$0(48)) - omNode-1@group-523986131536->omNode-3: nextIndex: updateUnconditionally 462 -> 45
2022-09-29 01:24:50,386 [grpc-default-executor-3] WARN  server.GrpcLogAppender (LogUtils.java:warn(122)) - omNode-1@group-523986131536->omNode-3-AppendLogResponseHandler: Failed appendEntries: org.apache.ratis.thirdparty.io.grpc.StatusRuntimeException: UNAVAILABLE: io exception
2022-09-29 01:24:50,387 [grpc-default-executor-3] INFO  leader.FollowerInfo (FollowerInfoImpl.java:lambda$new$0(48)) - omNode-1@group-523986131536->omNode-3: nextIndex: updateUnconditionally 463 -> 45
2022-09-29 01:24:50,400 [grpc-default-executor-3] WARN  server.GrpcLogAppender (LogUtils.java:warn(122)) - omNode-1@group-523986131536->omNode-3-AppendLogResponseHandler: Failed appendEntries: org.apache.ratis.thirdparty.io.grpc.StatusRuntimeException: UNAVAILABLE: io exception
2022-09-29 01:24:50,400 [grpc-default-executor-3] INFO  leader.FollowerInfo (FollowerInfoImpl.java:lambda$new$0(48)) - omNode-1@group-523986131536->omNode-3: nextIndex: updateUnconditionally 463 -> 45
2022-09-29 01:24:50,407 [grpc-default-executor-0] WARN  server.GrpcLogAppender (LogUtils.java:warn(122)) - omNode-1@group-523986131536->omNode-3-AppendLogResponseHandler: Failed appendEntries: org.apache.ratis.thirdparty.io.grpc.StatusRuntimeException: UNAVAILABLE: io exception
2022-09-29 01:24:50,407 [grpc-default-executor-0] INFO  leader.FollowerInfo (FollowerInfoImpl.java:lambda$new$0(48)) - omNode-1@group-523986131536->omNode-3: nextIndex: updateUnconditionally 464 -> 45
2022-09-29 01:24:50,421 [grpc-default-executor-0] WARN  server.GrpcLogAppender (LogUtils.java:warn(122)) - omNode-1@group-523986131536->omNode-3-AppendLogResponseHandler: Failed appendEntries: org.apache.ratis.thirdparty.io.grpc.StatusRuntimeException: UNAVAILABLE: io exception
2022-09-29 01:24:50,421 [grpc-default-executor-0] INFO  leader.FollowerInfo (FollowerInfoImpl.java:lambda$new$0(48)) - omNode-1@group-523986131536->omNode-3: nextIndex: updateUnconditionally 464 -> 45
2022-09-29 01:24:50,424 [grpc-default-executor-3] WARN  server.GrpcLogAppender (LogUtils.java:warn(122)) - omNode-1@group-523986131536->omNode-3-AppendLogResponseHandler: Failed appendEntries: org.apache.ratis.thirdparty.io.grpc.StatusRuntimeException: UNAVAILABLE: io exception
2022-09-29 01:24:50,424 [grpc-default-executor-3] INFO  leader.FollowerInfo (FollowerInfoImpl.java:lambda$new$0(48)) - omNode-1@group-523986131536->omNode-3: nextIndex: updateUnconditionally 465 -> 45
2022-09-29 01:24:50,425 [grpc-default-executor-2] WARN  server.GrpcLogAppender (LogUtils.java:warn(122)) - omNode-1@group-523986131536->omNode-3-AppendLogResponseHandler: Failed appendEntries: org.apache.ratis.thirdparty.io.grpc.StatusRuntimeException: UNAVAILABLE: io exception
2022-09-29 01:24:50,426 [grpc-default-executor-2] INFO  leader.FollowerInfo (FollowerInfoImpl.java:lambda$new$0(48)) - omNode-1@group-523986131536->omNode-3: nextIndex: updateUnconditionally 466 -> 45
2022-09-29 01:24:50,435 [grpc-default-executor-0] WARN  server.GrpcLogAppender (LogUtils.java:warn(122)) - omNode-1@group-523986131536->omNode-3-AppendLogResponseHandler: Failed appendEntries: org.apache.ratis.thirdparty.io.grpc.StatusRuntimeException: UNAVAILABLE: io exception
2022-09-29 01:24:50,435 [grpc-default-executor-0] INFO  leader.FollowerInfo (FollowerInfoImpl.java:lambda$new$0(48)) - omNode-1@group-523986131536->omNode-3: nextIndex: updateUnconditionally 466 -> 45
2022-09-29 01:24:50,446 [grpc-default-executor-0] WARN  server.GrpcLogAppender (LogUtils.java:warn(122)) - omNode-1@group-523986131536->omNode-3-AppendLogResponseHandler: Failed appendEntries: org.apache.ratis.thirdparty.io.grpc.StatusRuntimeException: UNAVAILABLE: io exception
2022-09-29 01:24:50,446 [grpc-default-executor-0] INFO  leader.FollowerInfo (FollowerInfoImpl.java:lambda$new$0(48)) - omNode-1@group-523986131536->omNode-3: nextIndex: updateUnconditionally 467 -> 45
2022-09-29 01:24:50,456 [grpc-default-executor-2] WARN  server.GrpcLogAppender (LogUtils.java:warn(122)) - omNode-1@group-523986131536->omNode-3-AppendLogResponseHandler: Failed appendEntries: org.apache.ratis.thirdparty.io.grpc.StatusRuntimeException: UNAVAILABLE: io exception
2022-09-29 01:24:50,456 [grpc-default-executor-2] INFO  leader.FollowerInfo (FollowerInfoImpl.java:lambda$new$0(48)) - omNode-1@group-523986131536->omNode-3: nextIndex: updateUnconditionally 467 -> 45
2022-09-29 01:24:50,470 [grpc-default-executor-0] WARN  server.GrpcLogAppender (LogUtils.java:warn(122)) - omNode-1@group-523986131536->omNode-3-AppendLogResponseHandler: Failed appendEntries: org.apache.ratis.thirdparty.io.grpc.StatusRuntimeException: UNAVAILABLE: io exception
2022-09-29 01:24:50,471 [grpc-default-executor-0] INFO  leader.FollowerInfo (FollowerInfoImpl.java:lambda$new$0(48)) - omNode-1@group-523986131536->omNode-3: nextIndex: updateUnconditionally 468 -> 45
2022-09-29 01:24:50,483 [grpc-default-executor-0] WARN  server.GrpcLogAppender (LogUtils.java:warn(122)) - omNode-1@group-523986131536->omNode-3-AppendLogResponseHandler: Failed appendEntries: org.apache.ratis.thirdparty.io.grpc.StatusRuntimeException: UNAVAILABLE: io exception
2022-09-29 01:24:50,483 [grpc-default-executor-0] INFO  leader.FollowerInfo (FollowerInfoImpl.java:lambda$new$0(48)) - omNode-1@group-523986131536->omNode-3: nextIndex: updateUnconditionally 468 -> 45
2022-09-29 01:24:50,484 [grpc-default-executor-2] WARN  server.GrpcLogAppender (LogUtils.java:warn(122)) - omNode-1@group-523986131536->omNode-3-AppendLogResponseHandler: Failed appendEntries: org.apache.ratis.thirdparty.io.grpc.StatusRuntimeException: UNAVAILABLE: io exception
2022-09-29 01:24:50,485 [grpc-default-executor-2] INFO  leader.FollowerInfo (FollowerInfoImpl.java:lambda$new$0(48)) - omNode-1@group-523986131536->omNode-3: nextIndex: updateUnconditionally 470 -> 45
2022-09-29 01:24:50,494 [grpc-default-executor-2] WARN  server.GrpcLogAppender (LogUtils.java:warn(122)) - omNode-1@group-523986131536->omNode-3-AppendLogResponseHandler: Failed appendEntries: org.apache.ratis.thirdparty.io.grpc.StatusRuntimeException: UNAVAILABLE: io exception
2022-09-29 01:24:50,494 [grpc-default-executor-2] INFO  leader.FollowerInfo (FollowerInfoImpl.java:lambda$new$0(48)) - omNode-1@group-523986131536->omNode-3: nextIndex: updateUnconditionally 470 -> 45
2022-09-29 01:24:50,500 [grpc-default-executor-2] WARN  server.GrpcLogAppender (LogUtils.java:warn(122)) - omNode-1@group-523986131536->omNode-3-AppendLogResponseHandler: Failed appendEntries: org.apache.ratis.thirdparty.io.grpc.StatusRuntimeException: UNAVAILABLE: io exception
2022-09-29 01:24:50,500 [grpc-default-executor-2] INFO  leader.FollowerInfo (FollowerInfoImpl.java:lambda$new$0(48)) - omNode-1@group-523986131536->omNode-3: nextIndex: updateUnconditionally 471 -> 45
2022-09-29 01:24:50,513 [grpc-default-executor-2] WARN  server.GrpcLogAppender (LogUtils.java:warn(122)) - omNode-1@group-523986131536->omNode-3-AppendLogResponseHandler: Failed appendEntries: org.apache.ratis.thirdparty.io.grpc.StatusRuntimeException: UNAVAILABLE: io exception
2022-09-29 01:24:50,514 [grpc-default-executor-2] INFO  leader.FollowerInfo (FollowerInfoImpl.java:lambda$new$0(48)) - omNode-1@group-523986131536->omNode-3: nextIndex: updateUnconditionally 471 -> 45
2022-09-29 01:24:50,517 [grpc-default-executor-0] WARN  server.GrpcLogAppender (LogUtils.java:warn(122)) - omNode-1@group-523986131536->omNode-3-AppendLogResponseHandler: Failed appendEntries: org.apache.ratis.thirdparty.io.grpc.StatusRuntimeException: UNAVAILABLE: io exception
2022-09-29 01:24:50,517 [grpc-default-executor-0] INFO  leader.FollowerInfo (FollowerInfoImpl.java:lambda$new$0(48)) - omNode-1@group-523986131536->omNode-3: nextIndex: updateUnconditionally 472 -> 45
2022-09-29 01:24:50,521 [grpc-default-executor-2] WARN  server.GrpcLogAppender (LogUtils.java:warn(122)) - omNode-1@group-523986131536->omNode-3-AppendLogResponseHandler: Failed appendEntries: org.apache.ratis.thirdparty.io.grpc.StatusRuntimeException: UNAVAILABLE: io exception
2022-09-29 01:24:50,521 [grpc-default-executor-2] INFO  leader.FollowerInfo (FollowerInfoImpl.java:lambda$new$0(48)) - omNode-1@group-523986131536->omNode-3: nextIndex: updateUnconditionally 472 -> 45
2022-09-29 01:24:50,522 [grpc-default-executor-0] WARN  server.GrpcLogAppender (LogUtils.java:warn(122)) - omNode-1@group-523986131536->omNode-3-AppendLogResponseHandler: Failed appendEntries: org.apache.ratis.thirdparty.io.grpc.StatusRuntimeException: UNAVAILABLE: io exception
2022-09-29 01:24:50,523 [grpc-default-executor-0] INFO  leader.FollowerInfo (FollowerInfoImpl.java:lambda$new$0(48)) - omNode-1@group-523986131536->omNode-3: nextIndex: updateUnconditionally 473 -> 45
2022-09-29 01:24:50,525 [grpc-default-executor-2] WARN  server.GrpcLogAppender (LogUtils.java:warn(122)) - omNode-1@group-523986131536->omNode-3-AppendLogResponseHandler: Failed appendEntries: org.apache.ratis.thirdparty.io.grpc.StatusRuntimeException: UNAVAILABLE: io exception
2022-09-29 01:24:50,526 [grpc-default-executor-2] INFO  leader.FollowerInfo (FollowerInfoImpl.java:lambda$new$0(48)) - omNode-1@group-523986131536->omNode-3: nextIndex: updateUnconditionally 474 -> 45
2022-09-29 01:24:50,529 [grpc-default-executor-2] WARN  server.GrpcLogAppender (LogUtils.java:warn(122)) - omNode-1@group-523986131536->omNode-3-AppendLogResponseHandler: Failed appendEntries: org.apache.ratis.thirdparty.io.grpc.StatusRuntimeException: UNAVAILABLE: io exception
2022-09-29 01:24:50,529 [grpc-default-executor-2] INFO  leader.FollowerInfo (FollowerInfoImpl.java:lambda$new$0(48)) - omNode-1@group-523986131536->omNode-3: nextIndex: updateUnconditionally 474 -> 45
2022-09-29 01:24:50,530 [grpc-default-executor-2] WARN  server.GrpcLogAppender (LogUtils.java:warn(122)) - omNode-1@group-523986131536->omNode-3-AppendLogResponseHandler: Failed appendEntries: org.apache.ratis.thirdparty.io.grpc.StatusRuntimeException: UNAVAILABLE: io exception
2022-09-29 01:24:50,530 [grpc-default-executor-2] INFO  leader.FollowerInfo (FollowerInfoImpl.java:lambda$new$0(48)) - omNode-1@group-523986131536->omNode-3: nextIndex: updateUnconditionally 474 -> 45
2022-09-29 01:24:50,539 [grpc-default-executor-2] WARN  server.GrpcLogAppender (LogUtils.java:warn(122)) - omNode-1@group-523986131536->omNode-3-AppendLogResponseHandler: Failed appendEntries: org.apache.ratis.thirdparty.io.grpc.StatusRuntimeException: UNAVAILABLE: io exception
2022-09-29 01:24:50,539 [grpc-default-executor-2] INFO  leader.FollowerInfo (FollowerInfoImpl.java:lambda$new$0(48)) - omNode-1@group-523986131536->omNode-3: nextIndex: updateUnconditionally 475 -> 45
2022-09-29 01:24:50,558 [grpc-default-executor-2] WARN  server.GrpcLogAppender (LogUtils.java:warn(122)) - omNode-1@group-523986131536->omNode-3-AppendLogResponseHandler: Failed appendEntries: org.apache.ratis.thirdparty.io.grpc.StatusRuntimeException: UNAVAILABLE: io exception
2022-09-29 01:24:50,558 [grpc-default-executor-2] INFO  leader.FollowerInfo (FollowerInfoImpl.java:lambda$new$0(48)) - omNode-1@group-523986131536->omNode-3: nextIndex: updateUnconditionally 475 -> 45
2022-09-29 01:24:50,559 [grpc-default-executor-2] WARN  server.GrpcLogAppender (LogUtils.java:warn(122)) - omNode-1@group-523986131536->omNode-3-AppendLogResponseHandler: Failed appendEntries: org.apache.ratis.thirdparty.io.grpc.StatusRuntimeException: UNAVAILABLE: io exception
2022-09-29 01:24:50,559 [grpc-default-executor-2] INFO  leader.FollowerInfo (FollowerInfoImpl.java:lambda$new$0(48)) - omNode-1@group-523986131536->omNode-3: nextIndex: updateUnconditionally 476 -> 45
2022-09-29 01:24:50,565 [grpc-default-executor-0] WARN  server.GrpcLogAppender (LogUtils.java:warn(122)) - omNode-1@group-523986131536->omNode-3-AppendLogResponseHandler: Failed appendEntries: org.apache.ratis.thirdparty.io.grpc.StatusRuntimeException: UNAVAILABLE: io exception
2022-09-29 01:24:50,566 [grpc-default-executor-0] INFO  leader.FollowerInfo (FollowerInfoImpl.java:lambda$new$0(48)) - omNode-1@group-523986131536->omNode-3: nextIndex: updateUnconditionally 476 -> 45
2022-09-29 01:24:50,567 [grpc-default-executor-3] WARN  server.GrpcLogAppender (LogUtils.java:warn(122)) - omNode-1@group-523986131536->omNode-3-AppendLogResponseHandler: Failed appendEntries: org.apache.ratis.thirdparty.io.grpc.StatusRuntimeException: UNAVAILABLE: io exception
2022-09-29 01:24:50,567 [grpc-default-executor-3] INFO  leader.FollowerInfo (FollowerInfoImpl.java:lambda$new$0(48)) - omNode-1@group-523986131536->omNode-3: nextIndex: updateUnconditionally 477 -> 45
2022-09-29 01:24:50,569 [grpc-default-executor-0] WARN  server.GrpcLogAppender (LogUtils.java:warn(122)) - omNode-1@group-523986131536->omNode-3-AppendLogResponseHandler: Failed appendEntries: org.apache.ratis.thirdparty.io.grpc.StatusRuntimeException: UNAVAILABLE: io exception
2022-09-29 01:24:50,569 [grpc-default-executor-0] INFO  leader.FollowerInfo (FollowerInfoImpl.java:lambda$new$0(48)) - omNode-1@group-523986131536->omNode-3: nextIndex: updateUnconditionally 478 -> 45
2022-09-29 01:24:50,580 [grpc-default-executor-0] WARN  server.GrpcLogAppender (LogUtils.java:warn(122)) - omNode-1@group-523986131536->omNode-3-AppendLogResponseHandler: Failed appendEntries: org.apache.ratis.thirdparty.io.grpc.StatusRuntimeException: UNAVAILABLE: io exception
2022-09-29 01:24:50,580 [grpc-default-executor-0] INFO  leader.FollowerInfo (FollowerInfoImpl.java:lambda$new$0(48)) - omNode-1@group-523986131536->omNode-3: nextIndex: updateUnconditionally 478 -> 45
2022-09-29 01:24:50,582 [grpc-default-executor-0] WARN  server.GrpcLogAppender (LogUtils.java:warn(122)) - omNode-1@group-523986131536->omNode-3-AppendLogResponseHandler: Failed appendEntries: org.apache.ratis.thirdparty.io.grpc.StatusRuntimeException: UNAVAILABLE: io exception
2022-09-29 01:24:50,582 [grpc-default-executor-0] INFO  leader.FollowerInfo (FollowerInfoImpl.java:lambda$new$0(48)) - omNode-1@group-523986131536->omNode-3: nextIndex: updateUnconditionally 479 -> 45
2022-09-29 01:24:50,595 [grpc-default-executor-3] WARN  server.GrpcLogAppender (LogUtils.java:warn(122)) - omNode-1@group-523986131536->omNode-3-AppendLogResponseHandler: Failed appendEntries: org.apache.ratis.thirdparty.io.grpc.StatusRuntimeException: UNAVAILABLE: io exception
2022-09-29 01:24:50,595 [grpc-default-executor-3] INFO  leader.FollowerInfo (FollowerInfoImpl.java:lambda$new$0(48)) - omNode-1@group-523986131536->omNode-3: nextIndex: updateUnconditionally 479 -> 45
2022-09-29 01:24:50,601 [grpc-default-executor-3] WARN  server.GrpcLogAppender (LogUtils.java:warn(122)) - omNode-1@group-523986131536->omNode-3-AppendLogResponseHandler: Failed appendEntries: org.apache.ratis.thirdparty.io.grpc.StatusRuntimeException: UNAVAILABLE: io exception
2022-09-29 01:24:50,602 [grpc-default-executor-3] INFO  leader.FollowerInfo (FollowerInfoImpl.java:lambda$new$0(48)) - omNode-1@group-523986131536->omNode-3: nextIndex: updateUnconditionally 480 -> 45
2022-09-29 01:24:50,613 [grpc-default-executor-3] WARN  server.GrpcLogAppender (LogUtils.java:warn(122)) - omNode-1@group-523986131536->omNode-3-AppendLogResponseHandler: Failed appendEntries: org.apache.ratis.thirdparty.io.grpc.StatusRuntimeException: UNAVAILABLE: io exception
2022-09-29 01:24:50,613 [grpc-default-executor-3] INFO  leader.FollowerInfo (FollowerInfoImpl.java:lambda$new$0(48)) - omNode-1@group-523986131536->omNode-3: nextIndex: updateUnconditionally 481 -> 45
2022-09-29 01:24:50,615 [grpc-default-executor-3] WARN  server.GrpcLogAppender (LogUtils.java:warn(122)) - omNode-1@group-523986131536->omNode-3-AppendLogResponseHandler: Failed appendEntries: org.apache.ratis.thirdparty.io.grpc.StatusRuntimeException: UNAVAILABLE: io exception
2022-09-29 01:24:50,615 [grpc-default-executor-3] INFO  leader.FollowerInfo (FollowerInfoImpl.java:lambda$new$0(48)) - omNode-1@group-523986131536->omNode-3: nextIndex: updateUnconditionally 482 -> 45
2022-09-29 01:24:50,620 [grpc-default-executor-3] WARN  server.GrpcLogAppender (LogUtils.java:warn(122)) - omNode-1@group-523986131536->omNode-3-AppendLogResponseHandler: Failed appendEntries: org.apache.ratis.thirdparty.io.grpc.StatusRuntimeException: UNAVAILABLE: io exception
2022-09-29 01:24:50,620 [grpc-default-executor-3] INFO  leader.FollowerInfo (FollowerInfoImpl.java:lambda$new$0(48)) - omNode-1@group-523986131536->omNode-3: nextIndex: updateUnconditionally 482 -> 45
2022-09-29 01:24:50,630 [grpc-default-executor-0] WARN  server.GrpcLogAppender (LogUtils.java:warn(122)) - omNode-1@group-523986131536->omNode-3-AppendLogResponseHandler: Failed appendEntries: org.apache.ratis.thirdparty.io.grpc.StatusRuntimeException: UNAVAILABLE: io exception
2022-09-29 01:24:50,630 [grpc-default-executor-0] INFO  leader.FollowerInfo (FollowerInfoImpl.java:lambda$new$0(48)) - omNode-1@group-523986131536->omNode-3: nextIndex: updateUnconditionally 483 -> 45
2022-09-29 01:24:50,650 [grpc-default-executor-0] WARN  server.GrpcLogAppender (LogUtils.java:warn(122)) - omNode-1@group-523986131536->omNode-3-AppendLogResponseHandler: Failed appendEntries: org.apache.ratis.thirdparty.io.grpc.StatusRuntimeException: UNAVAILABLE: io exception
2022-09-29 01:24:50,650 [grpc-default-executor-0] INFO  leader.FollowerInfo (FollowerInfoImpl.java:lambda$new$0(48)) - omNode-1@group-523986131536->omNode-3: nextIndex: updateUnconditionally 484 -> 45
2022-09-29 01:24:50,652 [grpc-default-executor-0] WARN  server.GrpcLogAppender (LogUtils.java:warn(122)) - omNode-1@group-523986131536->omNode-3-AppendLogResponseHandler: Failed appendEntries: org.apache.ratis.thirdparty.io.grpc.StatusRuntimeException: UNAVAILABLE: io exception
2022-09-29 01:24:50,652 [grpc-default-executor-0] INFO  leader.FollowerInfo (FollowerInfoImpl.java:lambda$new$0(48)) - omNode-1@group-523986131536->omNode-3: nextIndex: updateUnconditionally 484 -> 45
2022-09-29 01:24:50,677 [grpc-default-executor-3] WARN  server.GrpcLogAppender (LogUtils.java:warn(122)) - omNode-1@group-523986131536->omNode-3-AppendLogResponseHandler: Failed appendEntries: org.apache.ratis.thirdparty.io.grpc.StatusRuntimeException: UNAVAILABLE: io exception
2022-09-29 01:24:50,678 [grpc-default-executor-3] INFO  leader.FollowerInfo (FollowerInfoImpl.java:lambda$new$0(48)) - omNode-1@group-523986131536->omNode-3: nextIndex: updateUnconditionally 485 -> 45
2022-09-29 01:24:50,680 [grpc-default-executor-0] WARN  server.GrpcLogAppender (LogUtils.java:warn(122)) - omNode-1@group-523986131536->omNode-3-AppendLogResponseHandler: Failed appendEntries: org.apache.ratis.thirdparty.io.grpc.StatusRuntimeException: UNAVAILABLE: io exception
2022-09-29 01:24:50,681 [grpc-default-executor-0] INFO  leader.FollowerInfo (FollowerInfoImpl.java:lambda$new$0(48)) - omNode-1@group-523986131536->omNode-3: nextIndex: updateUnconditionally 486 -> 45
2022-09-29 01:24:50,688 [grpc-default-executor-3] WARN  server.GrpcLogAppender (LogUtils.java:warn(122)) - omNode-1@group-523986131536->omNode-3-AppendLogResponseHandler: Failed appendEntries: org.apache.ratis.thirdparty.io.grpc.StatusRuntimeException: UNAVAILABLE: io exception
2022-09-29 01:24:50,688 [grpc-default-executor-3] INFO  leader.FollowerInfo (FollowerInfoImpl.java:lambda$new$0(48)) - omNode-1@group-523986131536->omNode-3: nextIndex: updateUnconditionally 486 -> 45
2022-09-29 01:24:50,700 [grpc-default-executor-3] WARN  server.GrpcLogAppender (LogUtils.java:warn(122)) - omNode-1@group-523986131536->omNode-3-AppendLogResponseHandler: Failed appendEntries: org.apache.ratis.thirdparty.io.grpc.StatusRuntimeException: UNAVAILABLE: io exception
2022-09-29 01:24:50,700 [grpc-default-executor-3] INFO  leader.FollowerInfo (FollowerInfoImpl.java:lambda$new$0(48)) - omNode-1@group-523986131536->omNode-3: nextIndex: updateUnconditionally 487 -> 45
2022-09-29 01:24:50,710 [grpc-default-executor-0] WARN  server.GrpcLogAppender (LogUtils.java:warn(122)) - omNode-1@group-523986131536->omNode-3-AppendLogResponseHandler: Failed appendEntries: org.apache.ratis.thirdparty.io.grpc.StatusRuntimeException: UNAVAILABLE: io exception
2022-09-29 01:24:50,710 [grpc-default-executor-0] INFO  leader.FollowerInfo (FollowerInfoImpl.java:lambda$new$0(48)) - omNode-1@group-523986131536->omNode-3: nextIndex: updateUnconditionally 487 -> 45
2022-09-29 01:24:50,717 [grpc-default-executor-3] WARN  server.GrpcLogAppender (LogUtils.java:warn(122)) - omNode-1@group-523986131536->omNode-3-AppendLogResponseHandler: Failed appendEntries: org.apache.ratis.thirdparty.io.grpc.StatusRuntimeException: UNAVAILABLE: io exception
2022-09-29 01:24:50,718 [grpc-default-executor-3] INFO  leader.FollowerInfo (FollowerInfoImpl.java:lambda$new$0(48)) - omNode-1@group-523986131536->omNode-3: nextIndex: updateUnconditionally 488 -> 45
2022-09-29 01:24:50,732 [grpc-default-executor-3] WARN  server.GrpcLogAppender (LogUtils.java:warn(122)) - omNode-1@group-523986131536->omNode-3-AppendLogResponseHandler: Failed appendEntries: org.apache.ratis.thirdparty.io.grpc.StatusRuntimeException: UNAVAILABLE: io exception
2022-09-29 01:24:50,732 [grpc-default-executor-3] INFO  leader.FollowerInfo (FollowerInfoImpl.java:lambda$new$0(48)) - omNode-1@group-523986131536->omNode-3: nextIndex: updateUnconditionally 488 -> 45
2022-09-29 01:24:50,743 [grpc-default-executor-3] WARN  server.GrpcLogAppender (LogUtils.java:warn(122)) - omNode-1@group-523986131536->omNode-3-AppendLogResponseHandler: Failed appendEntries: org.apache.ratis.thirdparty.io.grpc.StatusRuntimeException: UNAVAILABLE: io exception
2022-09-29 01:24:50,744 [grpc-default-executor-3] INFO  leader.FollowerInfo (FollowerInfoImpl.java:lambda$new$0(48)) - omNode-1@group-523986131536->omNode-3: nextIndex: updateUnconditionally 490 -> 45
2022-09-29 01:24:50,744 [grpc-default-executor-3] WARN  server.GrpcLogAppender (LogUtils.java:warn(122)) - omNode-1@group-523986131536->omNode-3-AppendLogResponseHandler: Failed appendEntries: org.apache.ratis.thirdparty.io.grpc.StatusRuntimeException: UNAVAILABLE: io exception
2022-09-29 01:24:50,744 [grpc-default-executor-3] INFO  leader.FollowerInfo (FollowerInfoImpl.java:lambda$new$0(48)) - omNode-1@group-523986131536->omNode-3: nextIndex: updateUnconditionally 490 -> 45
2022-09-29 01:24:50,752 [grpc-default-executor-0] WARN  server.GrpcLogAppender (LogUtils.java:warn(122)) - omNode-1@group-523986131536->omNode-3-AppendLogResponseHandler: Failed appendEntries: org.apache.ratis.thirdparty.io.grpc.StatusRuntimeException: UNAVAILABLE: io exception
2022-09-29 01:24:50,752 [grpc-default-executor-0] INFO  leader.FollowerInfo (FollowerInfoImpl.java:lambda$new$0(48)) - omNode-1@group-523986131536->omNode-3: nextIndex: updateUnconditionally 491 -> 45
2022-09-29 01:24:50,763 [grpc-default-executor-0] WARN  server.GrpcLogAppender (LogUtils.java:warn(122)) - omNode-1@group-523986131536->omNode-3-AppendLogResponseHandler: Failed appendEntries: org.apache.ratis.thirdparty.io.grpc.StatusRuntimeException: UNAVAILABLE: io exception
2022-09-29 01:24:50,763 [grpc-default-executor-0] INFO  leader.FollowerInfo (FollowerInfoImpl.java:lambda$new$0(48)) - omNode-1@group-523986131536->omNode-3: nextIndex: updateUnconditionally 491 -> 45
2022-09-29 01:24:50,775 [grpc-default-executor-3] WARN  server.GrpcLogAppender (LogUtils.java:warn(122)) - omNode-1@group-523986131536->omNode-3-AppendLogResponseHandler: Failed appendEntries: org.apache.ratis.thirdparty.io.grpc.StatusRuntimeException: UNAVAILABLE: io exception
2022-09-29 01:24:50,775 [grpc-default-executor-3] INFO  leader.FollowerInfo (FollowerInfoImpl.java:lambda$new$0(48)) - omNode-1@group-523986131536->omNode-3: nextIndex: updateUnconditionally 492 -> 45
2022-09-29 01:24:50,785 [grpc-default-executor-0] WARN  server.GrpcLogAppender (LogUtils.java:warn(122)) - omNode-1@group-523986131536->omNode-3-AppendLogResponseHandler: Failed appendEntries: org.apache.ratis.thirdparty.io.grpc.StatusRuntimeException: UNAVAILABLE: io exception
2022-09-29 01:24:50,785 [grpc-default-executor-0] INFO  leader.FollowerInfo (FollowerInfoImpl.java:lambda$new$0(48)) - omNode-1@group-523986131536->omNode-3: nextIndex: updateUnconditionally 492 -> 45
2022-09-29 01:24:50,789 [grpc-default-executor-0] WARN  server.GrpcLogAppender (LogUtils.java:warn(122)) - omNode-1@group-523986131536->omNode-3-AppendLogResponseHandler: Failed appendEntries: org.apache.ratis.thirdparty.io.grpc.StatusRuntimeException: UNAVAILABLE: io exception
2022-09-29 01:24:50,789 [grpc-default-executor-0] INFO  leader.FollowerInfo (FollowerInfoImpl.java:lambda$new$0(48)) - omNode-1@group-523986131536->omNode-3: nextIndex: updateUnconditionally 493 -> 45
2022-09-29 01:24:50,790 [grpc-default-executor-0] WARN  server.GrpcLogAppender (LogUtils.java:warn(122)) - omNode-1@group-523986131536->omNode-3-AppendLogResponseHandler: Failed appendEntries: org.apache.ratis.thirdparty.io.grpc.StatusRuntimeException: UNAVAILABLE: io exception
2022-09-29 01:24:50,790 [grpc-default-executor-0] INFO  leader.FollowerInfo (FollowerInfoImpl.java:lambda$new$0(48)) - omNode-1@group-523986131536->omNode-3: nextIndex: updateUnconditionally 494 -> 45
2022-09-29 01:24:50,802 [grpc-default-executor-3] WARN  server.GrpcLogAppender (LogUtils.java:warn(122)) - omNode-1@group-523986131536->omNode-3-AppendLogResponseHandler: Failed appendEntries: org.apache.ratis.thirdparty.io.grpc.StatusRuntimeException: UNAVAILABLE: io exception
2022-09-29 01:24:50,802 [grpc-default-executor-3] INFO  leader.FollowerInfo (FollowerInfoImpl.java:lambda$new$0(48)) - omNode-1@group-523986131536->omNode-3: nextIndex: updateUnconditionally 494 -> 45
2022-09-29 01:24:50,802 [grpc-default-executor-3] WARN  server.GrpcLogAppender (LogUtils.java:warn(122)) - omNode-1@group-523986131536->omNode-3-AppendLogResponseHandler: Failed appendEntries: org.apache.ratis.thirdparty.io.grpc.StatusRuntimeException: UNAVAILABLE: io exception
2022-09-29 01:24:50,803 [grpc-default-executor-3] INFO  leader.FollowerInfo (FollowerInfoImpl.java:lambda$new$0(48)) - omNode-1@group-523986131536->omNode-3: nextIndex: updateUnconditionally 494 -> 45
2022-09-29 01:24:50,810 [grpc-default-executor-3] WARN  server.GrpcLogAppender (LogUtils.java:warn(122)) - omNode-1@group-523986131536->omNode-3-AppendLogResponseHandler: Failed appendEntries: org.apache.ratis.thirdparty.io.grpc.StatusRuntimeException: UNAVAILABLE: io exception
2022-09-29 01:24:50,810 [grpc-default-executor-3] INFO  leader.FollowerInfo (FollowerInfoImpl.java:lambda$new$0(48)) - omNode-1@group-523986131536->omNode-3: nextIndex: updateUnconditionally 495 -> 45
2022-09-29 01:24:50,824 [grpc-default-executor-3] WARN  server.GrpcLogAppender (LogUtils.java:warn(122)) - omNode-1@group-523986131536->omNode-3-AppendLogResponseHandler: Failed appendEntries: org.apache.ratis.thirdparty.io.grpc.StatusRuntimeException: UNAVAILABLE: io exception
2022-09-29 01:24:50,824 [grpc-default-executor-3] INFO  leader.FollowerInfo (FollowerInfoImpl.java:lambda$new$0(48)) - omNode-1@group-523986131536->omNode-3: nextIndex: updateUnconditionally 495 -> 45
2022-09-29 01:24:50,830 [grpc-default-executor-0] WARN  server.GrpcLogAppender (LogUtils.java:warn(122)) - omNode-1@group-523986131536->omNode-3-AppendLogResponseHandler: Failed appendEntries: org.apache.ratis.thirdparty.io.grpc.StatusRuntimeException: UNAVAILABLE: io exception
2022-09-29 01:24:50,830 [grpc-default-executor-0] INFO  leader.FollowerInfo (FollowerInfoImpl.java:lambda$new$0(48)) - omNode-1@group-523986131536->omNode-3: nextIndex: updateUnconditionally 496 -> 45
2022-09-29 01:24:50,843 [grpc-default-executor-0] WARN  server.GrpcLogAppender (LogUtils.java:warn(122)) - omNode-1@group-523986131536->omNode-3-AppendLogResponseHandler: Failed appendEntries: org.apache.ratis.thirdparty.io.grpc.StatusRuntimeException: UNAVAILABLE: io exception
2022-09-29 01:24:50,843 [grpc-default-executor-0] INFO  leader.FollowerInfo (FollowerInfoImpl.java:lambda$new$0(48)) - omNode-1@group-523986131536->omNode-3: nextIndex: updateUnconditionally 496 -> 45
2022-09-29 01:24:50,847 [grpc-default-executor-3] WARN  server.GrpcLogAppender (LogUtils.java:warn(122)) - omNode-1@group-523986131536->omNode-3-AppendLogResponseHandler: Failed appendEntries: org.apache.ratis.thirdparty.io.grpc.StatusRuntimeException: UNAVAILABLE: io exception
2022-09-29 01:24:50,848 [grpc-default-executor-3] INFO  leader.FollowerInfo (FollowerInfoImpl.java:lambda$new$0(48)) - omNode-1@group-523986131536->omNode-3: nextIndex: updateUnconditionally 498 -> 45
2022-09-29 01:24:50,854 [grpc-default-executor-3] WARN  server.GrpcLogAppender (LogUtils.java:warn(122)) - omNode-1@group-523986131536->omNode-3-AppendLogResponseHandler: Failed appendEntries: org.apache.ratis.thirdparty.io.grpc.StatusRuntimeException: UNAVAILABLE: io exception
2022-09-29 01:24:50,854 [grpc-default-executor-3] INFO  leader.FollowerInfo (FollowerInfoImpl.java:lambda$new$0(48)) - omNode-1@group-523986131536->omNode-3: nextIndex: updateUnconditionally 498 -> 45
2022-09-29 01:24:50,854 [grpc-default-executor-0] WARN  server.GrpcLogAppender (LogUtils.java:warn(122)) - omNode-1@group-523986131536->omNode-3-AppendLogResponseHandler: Failed appendEntries: org.apache.ratis.thirdparty.io.grpc.StatusRuntimeException: UNAVAILABLE: io exception
2022-09-29 01:24:50,854 [grpc-default-executor-0] INFO  leader.FollowerInfo (FollowerInfoImpl.java:lambda$new$0(48)) - omNode-1@group-523986131536->omNode-3: nextIndex: updateUnconditionally 498 -> 45
2022-09-29 01:24:50,866 [grpc-default-executor-2] WARN  server.GrpcLogAppender (LogUtils.java:warn(122)) - omNode-1@group-523986131536->omNode-3-AppendLogResponseHandler: Failed appendEntries: org.apache.ratis.thirdparty.io.grpc.StatusRuntimeException: UNAVAILABLE: io exception
2022-09-29 01:24:50,867 [grpc-default-executor-2] INFO  leader.FollowerInfo (FollowerInfoImpl.java:lambda$new$0(48)) - omNode-1@group-523986131536->omNode-3: nextIndex: updateUnconditionally 499 -> 45
2022-09-29 01:24:50,877 [grpc-default-executor-3] WARN  server.GrpcLogAppender (LogUtils.java:warn(122)) - omNode-1@group-523986131536->omNode-3-AppendLogResponseHandler: Failed appendEntries: org.apache.ratis.thirdparty.io.grpc.StatusRuntimeException: UNAVAILABLE: io exception
2022-09-29 01:24:50,877 [grpc-default-executor-3] INFO  leader.FollowerInfo (FollowerInfoImpl.java:lambda$new$0(48)) - omNode-1@group-523986131536->omNode-3: nextIndex: updateUnconditionally 499 -> 45
2022-09-29 01:24:50,878 [grpc-default-executor-2] WARN  server.GrpcLogAppender (LogUtils.java:warn(122)) - omNode-1@group-523986131536->omNode-3-AppendLogResponseHandler: Failed appendEntries: org.apache.ratis.thirdparty.io.grpc.StatusRuntimeException: UNAVAILABLE: io exception
2022-09-29 01:24:50,878 [grpc-default-executor-2] INFO  leader.FollowerInfo (FollowerInfoImpl.java:lambda$new$0(48)) - omNode-1@group-523986131536->omNode-3: nextIndex: updateUnconditionally 499 -> 45
2022-09-29 01:24:50,882 [grpc-default-executor-2] WARN  server.GrpcLogAppender (LogUtils.java:warn(122)) - omNode-1@group-523986131536->omNode-3-AppendLogResponseHandler: Failed appendEntries: org.apache.ratis.thirdparty.io.grpc.StatusRuntimeException: UNAVAILABLE: io exception
2022-09-29 01:24:50,882 [grpc-default-executor-2] INFO  leader.FollowerInfo (FollowerInfoImpl.java:lambda$new$0(48)) - omNode-1@group-523986131536->omNode-3: nextIndex: updateUnconditionally 500 -> 45
2022-09-29 01:24:50,888 [grpc-default-executor-2] WARN  server.GrpcLogAppender (LogUtils.java:warn(122)) - omNode-1@group-523986131536->omNode-3-AppendLogResponseHandler: Failed appendEntries: org.apache.ratis.thirdparty.io.grpc.StatusRuntimeException: UNAVAILABLE: io exception
2022-09-29 01:24:50,888 [grpc-default-executor-2] INFO  leader.FollowerInfo (FollowerInfoImpl.java:lambda$new$0(48)) - omNode-1@group-523986131536->omNode-3: nextIndex: updateUnconditionally 500 -> 45
2022-09-29 01:24:50,889 [grpc-default-executor-0] WARN  server.GrpcLogAppender (LogUtils.java:warn(122)) - omNode-1@group-523986131536->omNode-3-AppendLogResponseHandler: Failed appendEntries: org.apache.ratis.thirdparty.io.grpc.StatusRuntimeException: UNAVAILABLE: io exception
2022-09-29 01:24:50,890 [grpc-default-executor-0] INFO  leader.FollowerInfo (FollowerInfoImpl.java:lambda$new$0(48)) - omNode-1@group-523986131536->omNode-3: nextIndex: updateUnconditionally 501 -> 45
2022-09-29 01:24:50,892 [grpc-default-executor-0] WARN  server.GrpcLogAppender (LogUtils.java:warn(122)) - omNode-1@group-523986131536->omNode-3-AppendLogResponseHandler: Failed appendEntries: org.apache.ratis.thirdparty.io.grpc.StatusRuntimeException: UNAVAILABLE: io exception
2022-09-29 01:24:50,892 [grpc-default-executor-0] INFO  leader.FollowerInfo (FollowerInfoImpl.java:lambda$new$0(48)) - omNode-1@group-523986131536->omNode-3: nextIndex: updateUnconditionally 502 -> 45
2022-09-29 01:24:50,906 [omNode-1@group-523986131536-StateMachineUpdater] INFO  ratis.OzoneManagerStateMachine (OzoneManagerStateMachine.java:takeSnapshot(441)) - Current Snapshot Index (t:2, i:500)
2022-09-29 01:24:50,906 [grpc-default-executor-2] WARN  server.GrpcLogAppender (LogUtils.java:warn(122)) - omNode-1@group-523986131536->omNode-3-AppendLogResponseHandler: Failed appendEntries: org.apache.ratis.thirdparty.io.grpc.StatusRuntimeException: UNAVAILABLE: io exception
2022-09-29 01:24:50,906 [omNode-1@group-523986131536-StateMachineUpdater] INFO  impl.StateMachineUpdater (StateMachineUpdater.java:takeSnapshot(287)) - omNode-1@group-523986131536-StateMachineUpdater: Took a snapshot at index 500
2022-09-29 01:24:50,906 [omNode-1@group-523986131536-StateMachineUpdater] INFO  impl.StateMachineUpdater (StateMachineUpdater.java:lambda$new$0(92)) - omNode-1@group-523986131536-StateMachineUpdater: snapshotIndex: updateIncreasingly 450 -> 500
2022-09-29 01:24:50,906 [omNode-1@group-523986131536-StateMachineUpdater] INFO  raftlog.RaftLog (RaftLogBase.java:purge(308)) - omNode-1@group-523986131536-SegmentedRaftLog: purge 500
2022-09-29 01:24:50,906 [omNode-1@group-523986131536-StateMachineUpdater] INFO  raftlog.RaftLog (RaftLogBase.java:lambda$new$0(53)) - omNode-1@group-523986131536-SegmentedRaftLog: snapshotIndex: updateIncreasingly 450 -> 500
2022-09-29 01:24:50,906 [omNode-1@group-523986131536-StateMachineUpdater] INFO  raftlog.RaftLog (RaftLogBase.java:lambda$new$0(53)) - omNode-1@group-523986131536-SegmentedRaftLog: purgeIndex: updateToMax old=450, new=500, updated? true
2022-09-29 01:24:50,906 [grpc-default-executor-2] INFO  leader.FollowerInfo (FollowerInfoImpl.java:lambda$new$0(48)) - omNode-1@group-523986131536->omNode-3: nextIndex: updateUnconditionally 502 -> 45
2022-09-29 01:24:50,918 [grpc-default-executor-2] WARN  server.GrpcLogAppender (LogUtils.java:warn(122)) - omNode-1@group-523986131536->omNode-3-AppendLogResponseHandler: Failed appendEntries: org.apache.ratis.thirdparty.io.grpc.StatusRuntimeException: UNAVAILABLE: io exception
2022-09-29 01:24:50,918 [grpc-default-executor-2] INFO  leader.FollowerInfo (FollowerInfoImpl.java:lambda$new$0(48)) - omNode-1@group-523986131536->omNode-3: nextIndex: updateUnconditionally 503 -> 45
2022-09-29 01:24:50,929 [grpc-default-executor-0] WARN  server.GrpcLogAppender (LogUtils.java:warn(122)) - omNode-1@group-523986131536->omNode-3-AppendLogResponseHandler: Failed appendEntries: org.apache.ratis.thirdparty.io.grpc.StatusRuntimeException: UNAVAILABLE: io exception
2022-09-29 01:24:50,929 [grpc-default-executor-0] INFO  leader.FollowerInfo (FollowerInfoImpl.java:lambda$new$0(48)) - omNode-1@group-523986131536->omNode-3: nextIndex: updateUnconditionally 503 -> 45
2022-09-29 01:24:50,997 [grpc-default-executor-2] WARN  server.GrpcLogAppender (LogUtils.java:warn(122)) - omNode-1@group-523986131536->omNode-3-AppendLogResponseHandler: Failed appendEntries: org.apache.ratis.thirdparty.io.grpc.StatusRuntimeException: UNAVAILABLE: io exception
2022-09-29 01:24:50,997 [grpc-default-executor-2] INFO  leader.FollowerInfo (FollowerInfoImpl.java:lambda$new$0(48)) - omNode-1@group-523986131536->omNode-3: nextIndex: updateUnconditionally 504 -> 45
2022-09-29 01:24:51,002 [grpc-default-executor-2] WARN  server.GrpcLogAppender (LogUtils.java:warn(122)) - omNode-1@group-523986131536->omNode-3-AppendLogResponseHandler: Failed appendEntries: org.apache.ratis.thirdparty.io.grpc.StatusRuntimeException: UNAVAILABLE: io exception
2022-09-29 01:24:51,003 [grpc-default-executor-2] INFO  leader.FollowerInfo (FollowerInfoImpl.java:lambda$new$0(48)) - omNode-1@group-523986131536->omNode-3: nextIndex: updateUnconditionally 505 -> 45
2022-09-29 01:24:51,006 [grpc-default-executor-2] WARN  server.GrpcLogAppender (LogUtils.java:warn(122)) - omNode-1@group-523986131536->omNode-3-AppendLogResponseHandler: Failed appendEntries: org.apache.ratis.thirdparty.io.grpc.StatusRuntimeException: UNAVAILABLE: io exception
2022-09-29 01:24:51,007 [grpc-default-executor-2] INFO  leader.FollowerInfo (FollowerInfoImpl.java:lambda$new$0(48)) - omNode-1@group-523986131536->omNode-3: nextIndex: updateUnconditionally 506 -> 45
2022-09-29 01:24:51,013 [grpc-default-executor-0] WARN  server.GrpcLogAppender (LogUtils.java:warn(122)) - omNode-1@group-523986131536->omNode-3-AppendLogResponseHandler: Failed appendEntries: org.apache.ratis.thirdparty.io.grpc.StatusRuntimeException: UNAVAILABLE: io exception
2022-09-29 01:24:51,013 [grpc-default-executor-0] INFO  leader.FollowerInfo (FollowerInfoImpl.java:lambda$new$0(48)) - omNode-1@group-523986131536->omNode-3: nextIndex: updateUnconditionally 506 -> 45
2022-09-29 01:24:51,017 [grpc-default-executor-0] WARN  server.GrpcLogAppender (LogUtils.java:warn(122)) - omNode-1@group-523986131536->omNode-3-AppendLogResponseHandler: Failed appendEntries: org.apache.ratis.thirdparty.io.grpc.StatusRuntimeException: UNAVAILABLE: io exception
2022-09-29 01:24:51,017 [grpc-default-executor-0] INFO  leader.FollowerInfo (FollowerInfoImpl.java:lambda$new$0(48)) - omNode-1@group-523986131536->omNode-3: nextIndex: updateUnconditionally 507 -> 45
2022-09-29 01:24:51,025 [grpc-default-executor-0] WARN  server.GrpcLogAppender (LogUtils.java:warn(122)) - omNode-1@group-523986131536->omNode-3-AppendLogResponseHandler: Failed appendEntries: org.apache.ratis.thirdparty.io.grpc.StatusRuntimeException: UNAVAILABLE: io exception
2022-09-29 01:24:51,025 [grpc-default-executor-0] INFO  leader.FollowerInfo (FollowerInfoImpl.java:lambda$new$0(48)) - omNode-1@group-523986131536->omNode-3: nextIndex: updateUnconditionally 507 -> 45
2022-09-29 01:24:51,026 [grpc-default-executor-0] WARN  server.GrpcLogAppender (LogUtils.java:warn(122)) - omNode-1@group-523986131536->omNode-3-AppendLogResponseHandler: Failed appendEntries: org.apache.ratis.thirdparty.io.grpc.StatusRuntimeException: UNAVAILABLE: io exception
2022-09-29 01:24:51,026 [grpc-default-executor-0] INFO  leader.FollowerInfo (FollowerInfoImpl.java:lambda$new$0(48)) - omNode-1@group-523986131536->omNode-3: nextIndex: updateUnconditionally 507 -> 45
2022-09-29 01:24:51,028 [grpc-default-executor-2] WARN  server.GrpcLogAppender (LogUtils.java:warn(122)) - omNode-1@group-523986131536->omNode-3-AppendLogResponseHandler: Failed appendEntries: org.apache.ratis.thirdparty.io.grpc.StatusRuntimeException: UNAVAILABLE: io exception
2022-09-29 01:24:51,028 [grpc-default-executor-2] INFO  leader.FollowerInfo (FollowerInfoImpl.java:lambda$new$0(48)) - omNode-1@group-523986131536->omNode-3: nextIndex: updateUnconditionally 508 -> 45
2022-09-29 01:24:51,035 [grpc-default-executor-2] WARN  server.GrpcLogAppender (LogUtils.java:warn(122)) - omNode-1@group-523986131536->omNode-3-AppendLogResponseHandler: Failed appendEntries: org.apache.ratis.thirdparty.io.grpc.StatusRuntimeException: UNAVAILABLE: io exception
2022-09-29 01:24:51,035 [grpc-default-executor-2] INFO  leader.FollowerInfo (FollowerInfoImpl.java:lambda$new$0(48)) - omNode-1@group-523986131536->omNode-3: nextIndex: updateUnconditionally 508 -> 45
2022-09-29 01:24:51,036 [grpc-default-executor-2] WARN  server.GrpcLogAppender (LogUtils.java:warn(122)) - omNode-1@group-523986131536->omNode-3-AppendLogResponseHandler: Failed appendEntries: org.apache.ratis.thirdparty.io.grpc.StatusRuntimeException: UNAVAILABLE: io exception
2022-09-29 01:24:51,036 [grpc-default-executor-2] INFO  leader.FollowerInfo (FollowerInfoImpl.java:lambda$new$0(48)) - omNode-1@group-523986131536->omNode-3: nextIndex: updateUnconditionally 509 -> 45
2022-09-29 01:24:51,038 [grpc-default-executor-0] WARN  server.GrpcLogAppender (LogUtils.java:warn(122)) - omNode-1@group-523986131536->omNode-3-AppendLogResponseHandler: Failed appendEntries: org.apache.ratis.thirdparty.io.grpc.StatusRuntimeException: UNAVAILABLE: io exception
2022-09-29 01:24:51,038 [grpc-default-executor-0] INFO  leader.FollowerInfo (FollowerInfoImpl.java:lambda$new$0(48)) - omNode-1@group-523986131536->omNode-3: nextIndex: updateUnconditionally 510 -> 45
2022-09-29 01:24:51,041 [grpc-default-executor-2] WARN  server.GrpcLogAppender (LogUtils.java:warn(122)) - omNode-1@group-523986131536->omNode-3-AppendLogResponseHandler: Failed appendEntries: org.apache.ratis.thirdparty.io.grpc.StatusRuntimeException: UNAVAILABLE: io exception
2022-09-29 01:24:51,041 [grpc-default-executor-2] INFO  leader.FollowerInfo (FollowerInfoImpl.java:lambda$new$0(48)) - omNode-1@group-523986131536->omNode-3: nextIndex: updateUnconditionally 510 -> 45
2022-09-29 01:24:51,042 [grpc-default-executor-2] WARN  server.GrpcLogAppender (LogUtils.java:warn(122)) - omNode-1@group-523986131536->omNode-3-AppendLogResponseHandler: Failed appendEntries: org.apache.ratis.thirdparty.io.grpc.StatusRuntimeException: UNAVAILABLE: io exception
2022-09-29 01:24:51,042 [grpc-default-executor-2] INFO  leader.FollowerInfo (FollowerInfoImpl.java:lambda$new$0(48)) - omNode-1@group-523986131536->omNode-3: nextIndex: updateUnconditionally 510 -> 45
2022-09-29 01:24:51,049 [grpc-default-executor-2] WARN  server.GrpcLogAppender (LogUtils.java:warn(122)) - omNode-1@group-523986131536->omNode-3-AppendLogResponseHandler: Failed appendEntries: org.apache.ratis.thirdparty.io.grpc.StatusRuntimeException: UNAVAILABLE: io exception
2022-09-29 01:24:51,049 [grpc-default-executor-2] INFO  leader.FollowerInfo (FollowerInfoImpl.java:lambda$new$0(48)) - omNode-1@group-523986131536->omNode-3: nextIndex: updateUnconditionally 511 -> 45
2022-09-29 01:24:51,057 [omNode-2@group-523986131536-StateMachineUpdater] INFO  ratis.OzoneManagerStateMachine (OzoneManagerStateMachine.java:takeSnapshot(441)) - Current Snapshot Index (t:2, i:508)
2022-09-29 01:24:51,058 [omNode-2@group-523986131536-StateMachineUpdater] INFO  impl.StateMachineUpdater (StateMachineUpdater.java:takeSnapshot(287)) - omNode-2@group-523986131536-StateMachineUpdater: Took a snapshot at index 508
2022-09-29 01:24:51,058 [omNode-2@group-523986131536-StateMachineUpdater] INFO  impl.StateMachineUpdater (StateMachineUpdater.java:lambda$new$0(92)) - omNode-2@group-523986131536-StateMachineUpdater: snapshotIndex: updateIncreasingly 457 -> 508
2022-09-29 01:24:51,058 [omNode-2@group-523986131536-StateMachineUpdater] INFO  raftlog.RaftLog (RaftLogBase.java:purge(308)) - omNode-2@group-523986131536-SegmentedRaftLog: purge 508
2022-09-29 01:24:51,058 [omNode-2@group-523986131536-StateMachineUpdater] INFO  raftlog.RaftLog (RaftLogBase.java:lambda$new$0(53)) - omNode-2@group-523986131536-SegmentedRaftLog: snapshotIndex: updateIncreasingly 457 -> 508
2022-09-29 01:24:51,058 [omNode-2@group-523986131536-StateMachineUpdater] INFO  raftlog.RaftLog (RaftLogBase.java:lambda$new$0(53)) - omNode-2@group-523986131536-SegmentedRaftLog: purgeIndex: updateToMax old=457, new=508, updated? true
2022-09-29 01:24:51,058 [grpc-default-executor-2] WARN  server.GrpcLogAppender (LogUtils.java:warn(122)) - omNode-1@group-523986131536->omNode-3-AppendLogResponseHandler: Failed appendEntries: org.apache.ratis.thirdparty.io.grpc.StatusRuntimeException: UNAVAILABLE: io exception
2022-09-29 01:24:51,059 [grpc-default-executor-2] INFO  leader.FollowerInfo (FollowerInfoImpl.java:lambda$new$0(48)) - omNode-1@group-523986131536->omNode-3: nextIndex: updateUnconditionally 511 -> 45
2022-09-29 01:24:51,059 [grpc-default-executor-2] WARN  server.GrpcLogAppender (LogUtils.java:warn(122)) - omNode-1@group-523986131536->omNode-3-AppendLogResponseHandler: Failed appendEntries: org.apache.ratis.thirdparty.io.grpc.StatusRuntimeException: UNAVAILABLE: io exception
2022-09-29 01:24:51,060 [grpc-default-executor-2] INFO  leader.FollowerInfo (FollowerInfoImpl.java:lambda$new$0(48)) - omNode-1@group-523986131536->omNode-3: nextIndex: updateUnconditionally 511 -> 45
2022-09-29 01:24:51,064 [grpc-default-executor-0] WARN  server.GrpcLogAppender (LogUtils.java:warn(122)) - omNode-1@group-523986131536->omNode-3-AppendLogResponseHandler: Failed appendEntries: org.apache.ratis.thirdparty.io.grpc.StatusRuntimeException: UNAVAILABLE: io exception
2022-09-29 01:24:51,065 [grpc-default-executor-0] INFO  leader.FollowerInfo (FollowerInfoImpl.java:lambda$new$0(48)) - omNode-1@group-523986131536->omNode-3: nextIndex: updateUnconditionally 512 -> 45
2022-09-29 01:24:51,069 [grpc-default-executor-0] WARN  server.GrpcLogAppender (LogUtils.java:warn(122)) - omNode-1@group-523986131536->omNode-3-AppendLogResponseHandler: Failed appendEntries: org.apache.ratis.thirdparty.io.grpc.StatusRuntimeException: UNAVAILABLE: io exception
2022-09-29 01:24:51,069 [grpc-default-executor-0] INFO  leader.FollowerInfo (FollowerInfoImpl.java:lambda$new$0(48)) - omNode-1@group-523986131536->omNode-3: nextIndex: updateUnconditionally 512 -> 45
2022-09-29 01:24:51,070 [grpc-default-executor-2] WARN  server.GrpcLogAppender (LogUtils.java:warn(122)) - omNode-1@group-523986131536->omNode-3-AppendLogResponseHandler: Failed appendEntries: org.apache.ratis.thirdparty.io.grpc.StatusRuntimeException: UNAVAILABLE: io exception
2022-09-29 01:24:51,070 [grpc-default-executor-2] INFO  leader.FollowerInfo (FollowerInfoImpl.java:lambda$new$0(48)) - omNode-1@group-523986131536->omNode-3: nextIndex: updateUnconditionally 513 -> 45
2022-09-29 01:24:51,072 [grpc-default-executor-0] WARN  server.GrpcLogAppender (LogUtils.java:warn(122)) - omNode-1@group-523986131536->omNode-3-AppendLogResponseHandler: Failed appendEntries: org.apache.ratis.thirdparty.io.grpc.StatusRuntimeException: UNAVAILABLE: io exception
2022-09-29 01:24:51,072 [grpc-default-executor-0] INFO  leader.FollowerInfo (FollowerInfoImpl.java:lambda$new$0(48)) - omNode-1@group-523986131536->omNode-3: nextIndex: updateUnconditionally 514 -> 45
2022-09-29 01:24:51,080 [grpc-default-executor-0] WARN  server.GrpcLogAppender (LogUtils.java:warn(122)) - omNode-1@group-523986131536->omNode-3-AppendLogResponseHandler: Failed appendEntries: org.apache.ratis.thirdparty.io.grpc.StatusRuntimeException: UNAVAILABLE: io exception
2022-09-29 01:24:51,080 [grpc-default-executor-0] INFO  leader.FollowerInfo (FollowerInfoImpl.java:lambda$new$0(48)) - omNode-1@group-523986131536->omNode-3: nextIndex: updateUnconditionally 514 -> 45
2022-09-29 01:24:51,084 [grpc-default-executor-0] WARN  server.GrpcLogAppender (LogUtils.java:warn(122)) - omNode-1@group-523986131536->omNode-3-AppendLogResponseHandler: Failed appendEntries: org.apache.ratis.thirdparty.io.grpc.StatusRuntimeException: UNAVAILABLE: io exception
2022-09-29 01:24:51,084 [grpc-default-executor-0] INFO  leader.FollowerInfo (FollowerInfoImpl.java:lambda$new$0(48)) - omNode-1@group-523986131536->omNode-3: nextIndex: updateUnconditionally 515 -> 45
2022-09-29 01:24:51,090 [grpc-default-executor-2] WARN  server.GrpcLogAppender (LogUtils.java:warn(122)) - omNode-1@group-523986131536->omNode-3-AppendLogResponseHandler: Failed appendEntries: org.apache.ratis.thirdparty.io.grpc.StatusRuntimeException: UNAVAILABLE: io exception
2022-09-29 01:24:51,090 [grpc-default-executor-2] INFO  leader.FollowerInfo (FollowerInfoImpl.java:lambda$new$0(48)) - omNode-1@group-523986131536->omNode-3: nextIndex: updateUnconditionally 515 -> 45
2022-09-29 01:24:51,091 [grpc-default-executor-2] WARN  server.GrpcLogAppender (LogUtils.java:warn(122)) - omNode-1@group-523986131536->omNode-3-AppendLogResponseHandler: Failed appendEntries: org.apache.ratis.thirdparty.io.grpc.StatusRuntimeException: UNAVAILABLE: io exception
2022-09-29 01:24:51,091 [grpc-default-executor-2] INFO  leader.FollowerInfo (FollowerInfoImpl.java:lambda$new$0(48)) - omNode-1@group-523986131536->omNode-3: nextIndex: updateUnconditionally 515 -> 45
2022-09-29 01:24:51,094 [grpc-default-executor-0] WARN  server.GrpcLogAppender (LogUtils.java:warn(122)) - omNode-1@group-523986131536->omNode-3-AppendLogResponseHandler: Failed appendEntries: org.apache.ratis.thirdparty.io.grpc.StatusRuntimeException: UNAVAILABLE: io exception
2022-09-29 01:24:51,094 [grpc-default-executor-0] INFO  leader.FollowerInfo (FollowerInfoImpl.java:lambda$new$0(48)) - omNode-1@group-523986131536->omNode-3: nextIndex: updateUnconditionally 516 -> 45
2022-09-29 01:24:51,105 [grpc-default-executor-2] WARN  server.GrpcLogAppender (LogUtils.java:warn(122)) - omNode-1@group-523986131536->omNode-3-AppendLogResponseHandler: Failed appendEntries: org.apache.ratis.thirdparty.io.grpc.StatusRuntimeException: UNAVAILABLE: io exception
2022-09-29 01:24:51,105 [grpc-default-executor-2] INFO  leader.FollowerInfo (FollowerInfoImpl.java:lambda$new$0(48)) - omNode-1@group-523986131536->omNode-3: nextIndex: updateUnconditionally 516 -> 45
2022-09-29 01:24:51,106 [grpc-default-executor-0] WARN  server.GrpcLogAppender (LogUtils.java:warn(122)) - omNode-1@group-523986131536->omNode-3-AppendLogResponseHandler: Failed appendEntries: org.apache.ratis.thirdparty.io.grpc.StatusRuntimeException: UNAVAILABLE: io exception
2022-09-29 01:24:51,106 [grpc-default-executor-0] INFO  leader.FollowerInfo (FollowerInfoImpl.java:lambda$new$0(48)) - omNode-1@group-523986131536->omNode-3: nextIndex: updateUnconditionally 517 -> 45
2022-09-29 01:24:51,107 [grpc-default-executor-2] WARN  server.GrpcLogAppender (LogUtils.java:warn(122)) - omNode-1@group-523986131536->omNode-3-AppendLogResponseHandler: Failed appendEntries: org.apache.ratis.thirdparty.io.grpc.StatusRuntimeException: UNAVAILABLE: io exception
2022-09-29 01:24:51,107 [grpc-default-executor-2] INFO  leader.FollowerInfo (FollowerInfoImpl.java:lambda$new$0(48)) - omNode-1@group-523986131536->omNode-3: nextIndex: updateUnconditionally 518 -> 45
2022-09-29 01:24:51,115 [grpc-default-executor-2] WARN  server.GrpcLogAppender (LogUtils.java:warn(122)) - omNode-1@group-523986131536->omNode-3-AppendLogResponseHandler: Failed appendEntries: org.apache.ratis.thirdparty.io.grpc.StatusRuntimeException: UNAVAILABLE: io exception
2022-09-29 01:24:51,115 [grpc-default-executor-2] INFO  leader.FollowerInfo (FollowerInfoImpl.java:lambda$new$0(48)) - omNode-1@group-523986131536->omNode-3: nextIndex: updateUnconditionally 518 -> 45
2022-09-29 01:24:51,116 [grpc-default-executor-2] WARN  server.GrpcLogAppender (LogUtils.java:warn(122)) - omNode-1@group-523986131536->omNode-3-AppendLogResponseHandler: Failed appendEntries: org.apache.ratis.thirdparty.io.grpc.StatusRuntimeException: UNAVAILABLE: io exception
2022-09-29 01:24:51,116 [grpc-default-executor-2] INFO  leader.FollowerInfo (FollowerInfoImpl.java:lambda$new$0(48)) - omNode-1@group-523986131536->omNode-3: nextIndex: updateUnconditionally 518 -> 45
2022-09-29 01:24:51,121 [grpc-default-executor-2] WARN  server.GrpcLogAppender (LogUtils.java:warn(122)) - omNode-1@group-523986131536->omNode-3-AppendLogResponseHandler: Failed appendEntries: org.apache.ratis.thirdparty.io.grpc.StatusRuntimeException: UNAVAILABLE: io exception
2022-09-29 01:24:51,121 [grpc-default-executor-2] INFO  leader.FollowerInfo (FollowerInfoImpl.java:lambda$new$0(48)) - omNode-1@group-523986131536->omNode-3: nextIndex: updateUnconditionally 519 -> 45
2022-09-29 01:24:51,129 [grpc-default-executor-2] WARN  server.GrpcLogAppender (LogUtils.java:warn(122)) - omNode-1@group-523986131536->omNode-3-AppendLogResponseHandler: Failed appendEntries: org.apache.ratis.thirdparty.io.grpc.StatusRuntimeException: UNAVAILABLE: io exception
2022-09-29 01:24:51,129 [grpc-default-executor-2] INFO  leader.FollowerInfo (FollowerInfoImpl.java:lambda$new$0(48)) - omNode-1@group-523986131536->omNode-3: nextIndex: updateUnconditionally 519 -> 45
2022-09-29 01:24:51,129 [grpc-default-executor-3] WARN  server.GrpcLogAppender (LogUtils.java:warn(122)) - omNode-1@group-523986131536->omNode-3-AppendLogResponseHandler: Failed appendEntries: org.apache.ratis.thirdparty.io.grpc.StatusRuntimeException: UNAVAILABLE: io exception
2022-09-29 01:24:51,130 [grpc-default-executor-3] INFO  leader.FollowerInfo (FollowerInfoImpl.java:lambda$new$0(48)) - omNode-1@group-523986131536->omNode-3: nextIndex: updateUnconditionally 519 -> 45
2022-09-29 01:24:51,132 [grpc-default-executor-0] WARN  server.GrpcLogAppender (LogUtils.java:warn(122)) - omNode-1@group-523986131536->omNode-3-AppendLogResponseHandler: Failed appendEntries: org.apache.ratis.thirdparty.io.grpc.StatusRuntimeException: UNAVAILABLE: io exception
2022-09-29 01:24:51,132 [grpc-default-executor-0] INFO  leader.FollowerInfo (FollowerInfoImpl.java:lambda$new$0(48)) - omNode-1@group-523986131536->omNode-3: nextIndex: updateUnconditionally 520 -> 45
2022-09-29 01:24:51,140 [grpc-default-executor-0] WARN  server.GrpcLogAppender (LogUtils.java:warn(122)) - omNode-1@group-523986131536->omNode-3-AppendLogResponseHandler: Failed appendEntries: org.apache.ratis.thirdparty.io.grpc.StatusRuntimeException: UNAVAILABLE: io exception
2022-09-29 01:24:51,140 [grpc-default-executor-0] INFO  leader.FollowerInfo (FollowerInfoImpl.java:lambda$new$0(48)) - omNode-1@group-523986131536->omNode-3: nextIndex: updateUnconditionally 520 -> 45
2022-09-29 01:24:51,141 [grpc-default-executor-0] WARN  server.GrpcLogAppender (LogUtils.java:warn(122)) - omNode-1@group-523986131536->omNode-3-AppendLogResponseHandler: Failed appendEntries: org.apache.ratis.thirdparty.io.grpc.StatusRuntimeException: UNAVAILABLE: io exception
2022-09-29 01:24:51,141 [grpc-default-executor-0] INFO  leader.FollowerInfo (FollowerInfoImpl.java:lambda$new$0(48)) - omNode-1@group-523986131536->omNode-3: nextIndex: updateUnconditionally 521 -> 45
2022-09-29 01:24:51,142 [grpc-default-executor-0] WARN  server.GrpcLogAppender (LogUtils.java:warn(122)) - omNode-1@group-523986131536->omNode-3-AppendLogResponseHandler: Failed appendEntries: org.apache.ratis.thirdparty.io.grpc.StatusRuntimeException: UNAVAILABLE: io exception
2022-09-29 01:24:51,142 [grpc-default-executor-0] INFO  leader.FollowerInfo (FollowerInfoImpl.java:lambda$new$0(48)) - omNode-1@group-523986131536->omNode-3: nextIndex: updateUnconditionally 522 -> 45
2022-09-29 01:24:51,149 [grpc-default-executor-0] WARN  server.GrpcLogAppender (LogUtils.java:warn(122)) - omNode-1@group-523986131536->omNode-3-AppendLogResponseHandler: Failed appendEntries: org.apache.ratis.thirdparty.io.grpc.StatusRuntimeException: UNAVAILABLE: io exception
2022-09-29 01:24:51,149 [grpc-default-executor-0] INFO  leader.FollowerInfo (FollowerInfoImpl.java:lambda$new$0(48)) - omNode-1@group-523986131536->omNode-3: nextIndex: updateUnconditionally 522 -> 45
2022-09-29 01:24:51,150 [grpc-default-executor-0] WARN  server.GrpcLogAppender (LogUtils.java:warn(122)) - omNode-1@group-523986131536->omNode-3-AppendLogResponseHandler: Failed appendEntries: org.apache.ratis.thirdparty.io.grpc.StatusRuntimeException: UNAVAILABLE: io exception
2022-09-29 01:24:51,150 [grpc-default-executor-0] INFO  leader.FollowerInfo (FollowerInfoImpl.java:lambda$new$0(48)) - omNode-1@group-523986131536->omNode-3: nextIndex: updateUnconditionally 523 -> 45
2022-09-29 01:24:51,167 [EndpointStateMachine task thread for /0.0.0.0:42241 - 0 ] INFO  ipc.Client (Client.java:handleConnectionFailure(977)) - Retrying connect to server: 0.0.0.0/0.0.0.0:42241. Already tried 14 time(s); retry policy is RetryUpToMaximumCountWithFixedSleep(maxRetries=15, sleepTime=1000 MILLISECONDS)
2022-09-29 01:24:51,168 [grpc-default-executor-3] WARN  server.GrpcLogAppender (LogUtils.java:warn(122)) - omNode-1@group-523986131536->omNode-3-AppendLogResponseHandler: Failed appendEntries: org.apache.ratis.thirdparty.io.grpc.StatusRuntimeException: UNAVAILABLE: io exception
2022-09-29 01:24:51,168 [grpc-default-executor-3] INFO  leader.FollowerInfo (FollowerInfoImpl.java:lambda$new$0(48)) - omNode-1@group-523986131536->omNode-3: nextIndex: updateUnconditionally 523 -> 45
2022-09-29 01:24:51,169 [grpc-default-executor-3] WARN  server.GrpcLogAppender (LogUtils.java:warn(122)) - omNode-1@group-523986131536->omNode-3-AppendLogResponseHandler: Failed appendEntries: org.apache.ratis.thirdparty.io.grpc.StatusRuntimeException: UNAVAILABLE: io exception
2022-09-29 01:24:51,169 [grpc-default-executor-3] INFO  leader.FollowerInfo (FollowerInfoImpl.java:lambda$new$0(48)) - omNode-1@group-523986131536->omNode-3: nextIndex: updateUnconditionally 523 -> 45
2022-09-29 01:24:51,178 [grpc-default-executor-0] WARN  server.GrpcLogAppender (LogUtils.java:warn(122)) - omNode-1@group-523986131536->omNode-3-AppendLogResponseHandler: Failed appendEntries: org.apache.ratis.thirdparty.io.grpc.StatusRuntimeException: UNAVAILABLE: io exception
2022-09-29 01:24:51,179 [grpc-default-executor-0] INFO  leader.FollowerInfo (FollowerInfoImpl.java:lambda$new$0(48)) - omNode-1@group-523986131536->omNode-3: nextIndex: updateUnconditionally 524 -> 45
2022-09-29 01:24:51,180 [grpc-default-executor-0] WARN  server.GrpcLogAppender (LogUtils.java:warn(122)) - omNode-1@group-523986131536->omNode-3-AppendLogResponseHandler: Failed appendEntries: org.apache.ratis.thirdparty.io.grpc.StatusRuntimeException: UNAVAILABLE: io exception
2022-09-29 01:24:51,180 [grpc-default-executor-0] INFO  leader.FollowerInfo (FollowerInfoImpl.java:lambda$new$0(48)) - omNode-1@group-523986131536->omNode-3: nextIndex: updateUnconditionally 524 -> 45
2022-09-29 01:24:51,187 [grpc-default-executor-0] WARN  server.GrpcLogAppender (LogUtils.java:warn(122)) - omNode-1@group-523986131536->omNode-3-AppendLogResponseHandler: Failed appendEntries: org.apache.ratis.thirdparty.io.grpc.StatusRuntimeException: UNAVAILABLE: io exception
2022-09-29 01:24:51,187 [grpc-default-executor-0] INFO  leader.FollowerInfo (FollowerInfoImpl.java:lambda$new$0(48)) - omNode-1@group-523986131536->omNode-3: nextIndex: updateUnconditionally 524 -> 45
2022-09-29 01:24:51,188 [grpc-default-executor-3] WARN  server.GrpcLogAppender (LogUtils.java:warn(122)) - omNode-1@group-523986131536->omNode-3-AppendLogResponseHandler: Failed appendEntries: org.apache.ratis.thirdparty.io.grpc.StatusRuntimeException: UNAVAILABLE: io exception
2022-09-29 01:24:51,188 [grpc-default-executor-3] INFO  leader.FollowerInfo (FollowerInfoImpl.java:lambda$new$0(48)) - omNode-1@group-523986131536->omNode-3: nextIndex: updateUnconditionally 525 -> 45
2022-09-29 01:24:51,190 [grpc-default-executor-0] WARN  server.GrpcLogAppender (LogUtils.java:warn(122)) - omNode-1@group-523986131536->omNode-3-AppendLogResponseHandler: Failed appendEntries: org.apache.ratis.thirdparty.io.grpc.StatusRuntimeException: UNAVAILABLE: io exception
2022-09-29 01:24:51,190 [grpc-default-executor-0] INFO  leader.FollowerInfo (FollowerInfoImpl.java:lambda$new$0(48)) - omNode-1@group-523986131536->omNode-3: nextIndex: updateUnconditionally 526 -> 45
2022-09-29 01:24:51,197 [grpc-default-executor-0] WARN  server.GrpcLogAppender (LogUtils.java:warn(122)) - omNode-1@group-523986131536->omNode-3-AppendLogResponseHandler: Failed appendEntries: org.apache.ratis.thirdparty.io.grpc.StatusRuntimeException: UNAVAILABLE: io exception
2022-09-29 01:24:51,197 [grpc-default-executor-0] INFO  leader.FollowerInfo (FollowerInfoImpl.java:lambda$new$0(48)) - omNode-1@group-523986131536->omNode-3: nextIndex: updateUnconditionally 526 -> 45
2022-09-29 01:24:51,201 [grpc-default-executor-0] WARN  server.GrpcLogAppender (LogUtils.java:warn(122)) - omNode-1@group-523986131536->omNode-3-AppendLogResponseHandler: Failed appendEntries: org.apache.ratis.thirdparty.io.grpc.StatusRuntimeException: UNAVAILABLE: io exception
2022-09-29 01:24:51,201 [grpc-default-executor-0] INFO  leader.FollowerInfo (FollowerInfoImpl.java:lambda$new$0(48)) - omNode-1@group-523986131536->omNode-3: nextIndex: updateUnconditionally 526 -> 45
2022-09-29 01:24:51,217 [grpc-default-executor-0] WARN  server.GrpcLogAppender (LogUtils.java:warn(122)) - omNode-1@group-523986131536->omNode-3-AppendLogResponseHandler: Failed appendEntries: org.apache.ratis.thirdparty.io.grpc.StatusRuntimeException: UNAVAILABLE: io exception
2022-09-29 01:24:51,217 [grpc-default-executor-0] INFO  leader.FollowerInfo (FollowerInfoImpl.java:lambda$new$0(48)) - omNode-1@group-523986131536->omNode-3: nextIndex: updateUnconditionally 527 -> 45
2022-09-29 01:24:51,218 [grpc-default-executor-3] WARN  server.GrpcLogAppender (LogUtils.java:warn(122)) - omNode-1@group-523986131536->omNode-3-AppendLogResponseHandler: Failed appendEntries: org.apache.ratis.thirdparty.io.grpc.StatusRuntimeException: UNAVAILABLE: io exception
2022-09-29 01:24:51,218 [grpc-default-executor-3] INFO  leader.FollowerInfo (FollowerInfoImpl.java:lambda$new$0(48)) - omNode-1@group-523986131536->omNode-3: nextIndex: updateUnconditionally 527 -> 45
2022-09-29 01:24:51,227 [grpc-default-executor-0] WARN  server.GrpcLogAppender (LogUtils.java:warn(122)) - omNode-1@group-523986131536->omNode-3-AppendLogResponseHandler: Failed appendEntries: org.apache.ratis.thirdparty.io.grpc.StatusRuntimeException: UNAVAILABLE: io exception
2022-09-29 01:24:51,227 [grpc-default-executor-0] INFO  leader.FollowerInfo (FollowerInfoImpl.java:lambda$new$0(48)) - omNode-1@group-523986131536->omNode-3: nextIndex: updateUnconditionally 527 -> 45
2022-09-29 01:24:51,228 [grpc-default-executor-0] WARN  server.GrpcLogAppender (LogUtils.java:warn(122)) - omNode-1@group-523986131536->omNode-3-AppendLogResponseHandler: Failed appendEntries: org.apache.ratis.thirdparty.io.grpc.StatusRuntimeException: UNAVAILABLE: io exception
2022-09-29 01:24:51,228 [grpc-default-executor-0] INFO  leader.FollowerInfo (FollowerInfoImpl.java:lambda$new$0(48)) - omNode-1@group-523986131536->omNode-3: nextIndex: updateUnconditionally 527 -> 45
2022-09-29 01:24:51,233 [grpc-default-executor-3] WARN  server.GrpcLogAppender (LogUtils.java:warn(122)) - omNode-1@group-523986131536->omNode-3-AppendLogResponseHandler: Failed appendEntries: org.apache.ratis.thirdparty.io.grpc.StatusRuntimeException: UNAVAILABLE: io exception
2022-09-29 01:24:51,233 [grpc-default-executor-3] INFO  leader.FollowerInfo (FollowerInfoImpl.java:lambda$new$0(48)) - omNode-1@group-523986131536->omNode-3: nextIndex: updateUnconditionally 528 -> 45
2022-09-29 01:24:51,241 [grpc-default-executor-0] WARN  server.GrpcLogAppender (LogUtils.java:warn(122)) - omNode-1@group-523986131536->omNode-3-AppendLogResponseHandler: Failed appendEntries: org.apache.ratis.thirdparty.io.grpc.StatusRuntimeException: UNAVAILABLE: io exception
2022-09-29 01:24:51,241 [grpc-default-executor-0] INFO  leader.FollowerInfo (FollowerInfoImpl.java:lambda$new$0(48)) - omNode-1@group-523986131536->omNode-3: nextIndex: updateUnconditionally 528 -> 45
2022-09-29 01:24:51,242 [grpc-default-executor-0] WARN  server.GrpcLogAppender (LogUtils.java:warn(122)) - omNode-1@group-523986131536->omNode-3-AppendLogResponseHandler: Failed appendEntries: org.apache.ratis.thirdparty.io.grpc.StatusRuntimeException: UNAVAILABLE: io exception
2022-09-29 01:24:51,242 [grpc-default-executor-0] INFO  leader.FollowerInfo (FollowerInfoImpl.java:lambda$new$0(48)) - omNode-1@group-523986131536->omNode-3: nextIndex: updateUnconditionally 529 -> 45
2022-09-29 01:24:51,244 [grpc-default-executor-0] WARN  server.GrpcLogAppender (LogUtils.java:warn(122)) - omNode-1@group-523986131536->omNode-3-AppendLogResponseHandler: Failed appendEntries: org.apache.ratis.thirdparty.io.grpc.StatusRuntimeException: UNAVAILABLE: io exception
2022-09-29 01:24:51,244 [grpc-default-executor-0] INFO  leader.FollowerInfo (FollowerInfoImpl.java:lambda$new$0(48)) - omNode-1@group-523986131536->omNode-3: nextIndex: updateUnconditionally 530 -> 45
2022-09-29 01:24:51,254 [grpc-default-executor-0] WARN  server.GrpcLogAppender (LogUtils.java:warn(122)) - omNode-1@group-523986131536->omNode-3-AppendLogResponseHandler: Failed appendEntries: org.apache.ratis.thirdparty.io.grpc.StatusRuntimeException: UNAVAILABLE: io exception
2022-09-29 01:24:51,254 [grpc-default-executor-0] INFO  leader.FollowerInfo (FollowerInfoImpl.java:lambda$new$0(48)) - omNode-1@group-523986131536->omNode-3: nextIndex: updateUnconditionally 530 -> 45
2022-09-29 01:24:51,260 [grpc-default-executor-3] WARN  server.GrpcLogAppender (LogUtils.java:warn(122)) - omNode-1@group-523986131536->omNode-3-AppendLogResponseHandler: Failed appendEntries: org.apache.ratis.thirdparty.io.grpc.StatusRuntimeException: UNAVAILABLE: io exception
2022-09-29 01:24:51,260 [grpc-default-executor-3] INFO  leader.FollowerInfo (FollowerInfoImpl.java:lambda$new$0(48)) - omNode-1@group-523986131536->omNode-3: nextIndex: updateUnconditionally 531 -> 45
2022-09-29 01:24:51,268 [grpc-default-executor-3] WARN  server.GrpcLogAppender (LogUtils.java:warn(122)) - omNode-1@group-523986131536->omNode-3-AppendLogResponseHandler: Failed appendEntries: org.apache.ratis.thirdparty.io.grpc.StatusRuntimeException: UNAVAILABLE: io exception
2022-09-29 01:24:51,268 [grpc-default-executor-3] INFO  leader.FollowerInfo (FollowerInfoImpl.java:lambda$new$0(48)) - omNode-1@group-523986131536->omNode-3: nextIndex: updateUnconditionally 531 -> 45
2022-09-29 01:24:51,269 [grpc-default-executor-3] WARN  server.GrpcLogAppender (LogUtils.java:warn(122)) - omNode-1@group-523986131536->omNode-3-AppendLogResponseHandler: Failed appendEntries: org.apache.ratis.thirdparty.io.grpc.StatusRuntimeException: UNAVAILABLE: io exception
2022-09-29 01:24:51,269 [grpc-default-executor-3] INFO  leader.FollowerInfo (FollowerInfoImpl.java:lambda$new$0(48)) - omNode-1@group-523986131536->omNode-3: nextIndex: updateUnconditionally 531 -> 45
2022-09-29 01:24:51,276 [grpc-default-executor-0] WARN  server.GrpcLogAppender (LogUtils.java:warn(122)) - omNode-1@group-523986131536->omNode-3-AppendLogResponseHandler: Failed appendEntries: org.apache.ratis.thirdparty.io.grpc.StatusRuntimeException: UNAVAILABLE: io exception
2022-09-29 01:24:51,276 [grpc-default-executor-0] INFO  leader.FollowerInfo (FollowerInfoImpl.java:lambda$new$0(48)) - omNode-1@group-523986131536->omNode-3: nextIndex: updateUnconditionally 532 -> 45
2022-09-29 01:24:51,287 [grpc-default-executor-0] WARN  server.GrpcLogAppender (LogUtils.java:warn(122)) - omNode-1@group-523986131536->omNode-3-AppendLogResponseHandler: Failed appendEntries: org.apache.ratis.thirdparty.io.grpc.StatusRuntimeException: UNAVAILABLE: io exception
2022-09-29 01:24:51,287 [grpc-default-executor-0] INFO  leader.FollowerInfo (FollowerInfoImpl.java:lambda$new$0(48)) - omNode-1@group-523986131536->omNode-3: nextIndex: updateUnconditionally 532 -> 45
2022-09-29 01:24:51,288 [grpc-default-executor-0] WARN  server.GrpcLogAppender (LogUtils.java:warn(122)) - omNode-1@group-523986131536->omNode-3-AppendLogResponseHandler: Failed appendEntries: org.apache.ratis.thirdparty.io.grpc.StatusRuntimeException: UNAVAILABLE: io exception
2022-09-29 01:24:51,288 [grpc-default-executor-0] INFO  leader.FollowerInfo (FollowerInfoImpl.java:lambda$new$0(48)) - omNode-1@group-523986131536->omNode-3: nextIndex: updateUnconditionally 533 -> 45
2022-09-29 01:24:51,290 [grpc-default-executor-3] WARN  server.GrpcLogAppender (LogUtils.java:warn(122)) - omNode-1@group-523986131536->omNode-3-AppendLogResponseHandler: Failed appendEntries: org.apache.ratis.thirdparty.io.grpc.StatusRuntimeException: UNAVAILABLE: io exception
2022-09-29 01:24:51,290 [grpc-default-executor-3] INFO  leader.FollowerInfo (FollowerInfoImpl.java:lambda$new$0(48)) - omNode-1@group-523986131536->omNode-3: nextIndex: updateUnconditionally 534 -> 45
2022-09-29 01:24:51,305 [grpc-default-executor-0] WARN  server.GrpcLogAppender (LogUtils.java:warn(122)) - omNode-1@group-523986131536->omNode-3-AppendLogResponseHandler: Failed appendEntries: org.apache.ratis.thirdparty.io.grpc.StatusRuntimeException: UNAVAILABLE: io exception
2022-09-29 01:24:51,305 [grpc-default-executor-0] INFO  leader.FollowerInfo (FollowerInfoImpl.java:lambda$new$0(48)) - omNode-1@group-523986131536->omNode-3: nextIndex: updateUnconditionally 534 -> 45
2022-09-29 01:24:51,306 [grpc-default-executor-0] WARN  server.GrpcLogAppender (LogUtils.java:warn(122)) - omNode-1@group-523986131536->omNode-3-AppendLogResponseHandler: Failed appendEntries: org.apache.ratis.thirdparty.io.grpc.StatusRuntimeException: UNAVAILABLE: io exception
2022-09-29 01:24:51,306 [grpc-default-executor-0] INFO  leader.FollowerInfo (FollowerInfoImpl.java:lambda$new$0(48)) - omNode-1@group-523986131536->omNode-3: nextIndex: updateUnconditionally 534 -> 45
2022-09-29 01:24:51,312 [grpc-default-executor-2] WARN  server.GrpcLogAppender (LogUtils.java:warn(122)) - omNode-1@group-523986131536->omNode-3-AppendLogResponseHandler: Failed appendEntries: org.apache.ratis.thirdparty.io.grpc.StatusRuntimeException: UNAVAILABLE: io exception
2022-09-29 01:24:51,313 [grpc-default-executor-2] INFO  leader.FollowerInfo (FollowerInfoImpl.java:lambda$new$0(48)) - omNode-1@group-523986131536->omNode-3: nextIndex: updateUnconditionally 535 -> 45
2022-09-29 01:24:51,330 [grpc-default-executor-0] WARN  server.GrpcLogAppender (LogUtils.java:warn(122)) - omNode-1@group-523986131536->omNode-3-AppendLogResponseHandler: Failed appendEntries: org.apache.ratis.thirdparty.io.grpc.StatusRuntimeException: UNAVAILABLE: io exception
2022-09-29 01:24:51,330 [grpc-default-executor-0] INFO  leader.FollowerInfo (FollowerInfoImpl.java:lambda$new$0(48)) - omNode-1@group-523986131536->omNode-3: nextIndex: updateUnconditionally 535 -> 45
2022-09-29 01:24:51,331 [grpc-default-executor-0] WARN  server.GrpcLogAppender (LogUtils.java:warn(122)) - omNode-1@group-523986131536->omNode-3-AppendLogResponseHandler: Failed appendEntries: org.apache.ratis.thirdparty.io.grpc.StatusRuntimeException: UNAVAILABLE: io exception
2022-09-29 01:24:51,331 [grpc-default-executor-0] INFO  leader.FollowerInfo (FollowerInfoImpl.java:lambda$new$0(48)) - omNode-1@group-523986131536->omNode-3: nextIndex: updateUnconditionally 535 -> 45
2022-09-29 01:24:51,332 [grpc-default-executor-0] WARN  server.GrpcLogAppender (LogUtils.java:warn(122)) - omNode-1@group-523986131536->omNode-3-AppendLogResponseHandler: Failed appendEntries: org.apache.ratis.thirdparty.io.grpc.StatusRuntimeException: UNAVAILABLE: io exception
2022-09-29 01:24:51,333 [grpc-default-executor-0] INFO  leader.FollowerInfo (FollowerInfoImpl.java:lambda$new$0(48)) - omNode-1@group-523986131536->omNode-3: nextIndex: updateUnconditionally 536 -> 45
2022-09-29 01:24:51,336 [grpc-default-executor-0] WARN  server.GrpcLogAppender (LogUtils.java:warn(122)) - omNode-1@group-523986131536->omNode-3-AppendLogResponseHandler: Failed appendEntries: org.apache.ratis.thirdparty.io.grpc.StatusRuntimeException: UNAVAILABLE: io exception
2022-09-29 01:24:51,336 [grpc-default-executor-0] INFO  leader.FollowerInfo (FollowerInfoImpl.java:lambda$new$0(48)) - omNode-1@group-523986131536->omNode-3: nextIndex: updateUnconditionally 536 -> 45
2022-09-29 01:24:51,337 [grpc-default-executor-0] WARN  server.GrpcLogAppender (LogUtils.java:warn(122)) - omNode-1@group-523986131536->omNode-3-AppendLogResponseHandler: Failed appendEntries: org.apache.ratis.thirdparty.io.grpc.StatusRuntimeException: UNAVAILABLE: io exception
2022-09-29 01:24:51,337 [grpc-default-executor-0] INFO  leader.FollowerInfo (FollowerInfoImpl.java:lambda$new$0(48)) - omNode-1@group-523986131536->omNode-3: nextIndex: updateUnconditionally 537 -> 45
2022-09-29 01:24:51,339 [grpc-default-executor-3] WARN  server.GrpcLogAppender (LogUtils.java:warn(122)) - omNode-1@group-523986131536->omNode-3-AppendLogResponseHandler: Failed appendEntries: org.apache.ratis.thirdparty.io.grpc.StatusRuntimeException: UNAVAILABLE: io exception
2022-09-29 01:24:51,339 [grpc-default-executor-3] INFO  leader.FollowerInfo (FollowerInfoImpl.java:lambda$new$0(48)) - omNode-1@group-523986131536->omNode-3: nextIndex: updateUnconditionally 538 -> 45
2022-09-29 01:24:51,348 [grpc-default-executor-0] WARN  server.GrpcLogAppender (LogUtils.java:warn(122)) - omNode-1@group-523986131536->omNode-3-AppendLogResponseHandler: Failed appendEntries: org.apache.ratis.thirdparty.io.grpc.StatusRuntimeException: UNAVAILABLE: io exception
2022-09-29 01:24:51,349 [grpc-default-executor-0] INFO  leader.FollowerInfo (FollowerInfoImpl.java:lambda$new$0(48)) - omNode-1@group-523986131536->omNode-3: nextIndex: updateUnconditionally 538 -> 45
2022-09-29 01:24:51,354 [grpc-default-executor-0] WARN  server.GrpcLogAppender (LogUtils.java:warn(122)) - omNode-1@group-523986131536->omNode-3-AppendLogResponseHandler: Failed appendEntries: org.apache.ratis.thirdparty.io.grpc.StatusRuntimeException: UNAVAILABLE: io exception
2022-09-29 01:24:51,354 [grpc-default-executor-0] INFO  leader.FollowerInfo (FollowerInfoImpl.java:lambda$new$0(48)) - omNode-1@group-523986131536->omNode-3: nextIndex: updateUnconditionally 539 -> 45
2022-09-29 01:24:51,357 [grpc-default-executor-3] WARN  server.GrpcLogAppender (LogUtils.java:warn(122)) - omNode-1@group-523986131536->omNode-3-AppendLogResponseHandler: Failed appendEntries: org.apache.ratis.thirdparty.io.grpc.StatusRuntimeException: UNAVAILABLE: io exception
2022-09-29 01:24:51,357 [grpc-default-executor-3] INFO  leader.FollowerInfo (FollowerInfoImpl.java:lambda$new$0(48)) - omNode-1@group-523986131536->omNode-3: nextIndex: updateUnconditionally 539 -> 45
2022-09-29 01:24:51,359 [grpc-default-executor-3] WARN  server.GrpcLogAppender (LogUtils.java:warn(122)) - omNode-1@group-523986131536->omNode-3-AppendLogResponseHandler: Failed appendEntries: org.apache.ratis.thirdparty.io.grpc.StatusRuntimeException: UNAVAILABLE: io exception
2022-09-29 01:24:51,359 [grpc-default-executor-3] INFO  leader.FollowerInfo (FollowerInfoImpl.java:lambda$new$0(48)) - omNode-1@group-523986131536->omNode-3: nextIndex: updateUnconditionally 539 -> 45
2022-09-29 01:24:51,368 [grpc-default-executor-3] WARN  server.GrpcLogAppender (LogUtils.java:warn(122)) - omNode-1@group-523986131536->omNode-3-AppendLogResponseHandler: Failed appendEntries: org.apache.ratis.thirdparty.io.grpc.StatusRuntimeException: UNAVAILABLE: io exception
2022-09-29 01:24:51,368 [grpc-default-executor-3] INFO  leader.FollowerInfo (FollowerInfoImpl.java:lambda$new$0(48)) - omNode-1@group-523986131536->omNode-3: nextIndex: updateUnconditionally 540 -> 45
2022-09-29 01:24:51,373 [grpc-default-executor-0] WARN  server.GrpcLogAppender (LogUtils.java:warn(122)) - omNode-1@group-523986131536->omNode-3-AppendLogResponseHandler: Failed appendEntries: org.apache.ratis.thirdparty.io.grpc.StatusRuntimeException: UNAVAILABLE: io exception
2022-09-29 01:24:51,374 [grpc-default-executor-0] INFO  leader.FollowerInfo (FollowerInfoImpl.java:lambda$new$0(48)) - omNode-1@group-523986131536->omNode-3: nextIndex: updateUnconditionally 541 -> 45
2022-09-29 01:24:51,377 [grpc-default-executor-0] WARN  server.GrpcLogAppender (LogUtils.java:warn(122)) - omNode-1@group-523986131536->omNode-3-AppendLogResponseHandler: Failed appendEntries: org.apache.ratis.thirdparty.io.grpc.StatusRuntimeException: UNAVAILABLE: io exception
2022-09-29 01:24:51,377 [grpc-default-executor-0] INFO  leader.FollowerInfo (FollowerInfoImpl.java:lambda$new$0(48)) - omNode-1@group-523986131536->omNode-3: nextIndex: updateUnconditionally 542 -> 45
2022-09-29 01:24:51,383 [grpc-default-executor-0] WARN  server.GrpcLogAppender (LogUtils.java:warn(122)) - omNode-1@group-523986131536->omNode-3-AppendLogResponseHandler: Failed appendEntries: org.apache.ratis.thirdparty.io.grpc.StatusRuntimeException: UNAVAILABLE: io exception
2022-09-29 01:24:51,383 [grpc-default-executor-0] INFO  leader.FollowerInfo (FollowerInfoImpl.java:lambda$new$0(48)) - omNode-1@group-523986131536->omNode-3: nextIndex: updateUnconditionally 542 -> 45
2022-09-29 01:24:51,388 [grpc-default-executor-3] WARN  server.GrpcLogAppender (LogUtils.java:warn(122)) - omNode-1@group-523986131536->omNode-3-AppendLogResponseHandler: Failed appendEntries: org.apache.ratis.thirdparty.io.grpc.StatusRuntimeException: UNAVAILABLE: io exception
2022-09-29 01:24:51,388 [grpc-default-executor-3] INFO  leader.FollowerInfo (FollowerInfoImpl.java:lambda$new$0(48)) - omNode-1@group-523986131536->omNode-3: nextIndex: updateUnconditionally 543 -> 45
2022-09-29 01:24:51,392 [grpc-default-executor-0] WARN  server.GrpcLogAppender (LogUtils.java:warn(122)) - omNode-1@group-523986131536->omNode-3-AppendLogResponseHandler: Failed appendEntries: org.apache.ratis.thirdparty.io.grpc.StatusRuntimeException: UNAVAILABLE: io exception
2022-09-29 01:24:51,392 [grpc-default-executor-0] INFO  leader.FollowerInfo (FollowerInfoImpl.java:lambda$new$0(48)) - omNode-1@group-523986131536->omNode-3: nextIndex: updateUnconditionally 543 -> 45
2022-09-29 01:24:51,398 [grpc-default-executor-0] WARN  server.GrpcLogAppender (LogUtils.java:warn(122)) - omNode-1@group-523986131536->omNode-3-AppendLogResponseHandler: Failed appendEntries: org.apache.ratis.thirdparty.io.grpc.StatusRuntimeException: UNAVAILABLE: io exception
2022-09-29 01:24:51,398 [grpc-default-executor-0] INFO  leader.FollowerInfo (FollowerInfoImpl.java:lambda$new$0(48)) - omNode-1@group-523986131536->omNode-3: nextIndex: updateUnconditionally 544 -> 45
2022-09-29 01:24:51,403 [grpc-default-executor-3] WARN  server.GrpcLogAppender (LogUtils.java:warn(122)) - omNode-1@group-523986131536->omNode-3-AppendLogResponseHandler: Failed appendEntries: org.apache.ratis.thirdparty.io.grpc.StatusRuntimeException: UNAVAILABLE: io exception
2022-09-29 01:24:51,403 [grpc-default-executor-3] INFO  leader.FollowerInfo (FollowerInfoImpl.java:lambda$new$0(48)) - omNode-1@group-523986131536->omNode-3: nextIndex: updateUnconditionally 544 -> 45
2022-09-29 01:24:51,403 [Listener at 127.0.0.1/44309] INFO  om.OzoneManager (OzoneManager.java:restart(1572)) - OzoneManager RPC server is listening at localhost/127.0.0.1:44309
2022-09-29 01:24:51,404 [Listener at 127.0.0.1/44309] INFO  impl.MetricsSystemImpl (MetricsSystemImpl.java:init(158)) - OzoneManager metrics system started (again)
2022-09-29 01:24:51,405 [grpc-default-executor-3] WARN  server.GrpcLogAppender (LogUtils.java:warn(122)) - omNode-1@group-523986131536->omNode-3-AppendLogResponseHandler: Failed appendEntries: org.apache.ratis.thirdparty.io.grpc.StatusRuntimeException: UNAVAILABLE: io exception
2022-09-29 01:24:51,405 [grpc-default-executor-3] INFO  leader.FollowerInfo (FollowerInfoImpl.java:lambda$new$0(48)) - omNode-1@group-523986131536->omNode-3: nextIndex: updateUnconditionally 545 -> 45
2022-09-29 01:24:51,407 [grpc-default-executor-3] WARN  server.GrpcLogAppender (LogUtils.java:warn(122)) - omNode-1@group-523986131536->omNode-3-AppendLogResponseHandler: Failed appendEntries: org.apache.ratis.thirdparty.io.grpc.StatusRuntimeException: UNAVAILABLE: io exception
2022-09-29 01:24:51,407 [grpc-default-executor-3] INFO  leader.FollowerInfo (FollowerInfoImpl.java:lambda$new$0(48)) - omNode-1@group-523986131536->omNode-3: nextIndex: updateUnconditionally 545 -> 45
2022-09-29 01:24:51,408 [grpc-default-executor-3] WARN  server.GrpcLogAppender (LogUtils.java:warn(122)) - omNode-1@group-523986131536->omNode-3-AppendLogResponseHandler: Failed appendEntries: org.apache.ratis.thirdparty.io.grpc.StatusRuntimeException: UNAVAILABLE: io exception
2022-09-29 01:24:51,408 [grpc-default-executor-3] INFO  leader.FollowerInfo (FollowerInfoImpl.java:lambda$new$0(48)) - omNode-1@group-523986131536->omNode-3: nextIndex: updateUnconditionally 545 -> 45
2022-09-29 01:24:51,409 [grpc-default-executor-3] WARN  server.GrpcLogAppender (LogUtils.java:warn(122)) - omNode-1@group-523986131536->omNode-3-AppendLogResponseHandler: Failed appendEntries: org.apache.ratis.thirdparty.io.grpc.StatusRuntimeException: UNAVAILABLE: io exception
2022-09-29 01:24:51,409 [grpc-default-executor-3] INFO  leader.FollowerInfo (FollowerInfoImpl.java:lambda$new$0(48)) - omNode-1@group-523986131536->omNode-3: nextIndex: updateUnconditionally 545 -> 45
2022-09-29 01:24:51,429 [Listener at 127.0.0.1/44309] WARN  server.ServerUtils (ServerUtils.java:getDBPath(225)) - ozone.om.db.dirs is not configured. We recommend adding this setting. Falling back to ozone.metadata.dirs instead.
2022-09-29 01:24:51,429 [Listener at 127.0.0.1/44309] INFO  codec.OmKeyInfoCodec (OmKeyInfoCodec.java:<init>(49)) - OmKeyInfoCodec ignorePipeline = true
2022-09-29 01:24:51,429 [Listener at 127.0.0.1/44309] INFO  codec.RepeatedOmKeyInfoCodec (RepeatedOmKeyInfoCodec.java:<init>(41)) - RepeatedOmKeyInfoCodec ignorePipeline = true
2022-09-29 01:24:51,430 [grpc-default-executor-3] WARN  server.GrpcLogAppender (LogUtils.java:warn(122)) - omNode-1@group-523986131536->omNode-3-AppendLogResponseHandler: Failed appendEntries: org.apache.ratis.thirdparty.io.grpc.StatusRuntimeException: UNAVAILABLE: io exception
2022-09-29 01:24:51,430 [grpc-default-executor-3] INFO  leader.FollowerInfo (FollowerInfoImpl.java:lambda$new$0(48)) - omNode-1@group-523986131536->omNode-3: nextIndex: updateUnconditionally 545 -> 45
2022-09-29 01:24:51,517 [Listener at 127.0.0.1/44309] INFO  om.OzoneManager (OzoneManager.java:instantiateServices(709)) - S3 Multi-Tenancy is disabled
2022-09-29 01:24:51,528 [Listener at 127.0.0.1/44309] WARN  impl.MetricRegistriesImpl (MetricRegistriesImpl.java:addReporterRegistration(111)) - New reporters are added after registries were created. Some metrics will be missing from the reporter. Please add reporter before adding any new registry.
2022-09-29 01:24:51,529 [Listener at 127.0.0.1/44309] WARN  impl.MetricRegistriesImpl (MetricRegistriesImpl.java:addReporterRegistration(111)) - New reporters are added after registries were created. Some metrics will be missing from the reporter. Please add reporter before adding any new registry.
2022-09-29 01:24:51,529 [Listener at 127.0.0.1/44309] WARN  server.ServerUtils (ServerUtils.java:getDefaultRatisDirectory(237)) - Storage directory for Ratis is not configured. It is a good idea to map this to an SSD disk. Falling back to ozone.metadata.dirs
2022-09-29 01:24:51,529 [Listener at 127.0.0.1/44309] INFO  ratis.OzoneManagerRatisServer (OzoneManagerRatisServer.java:<init>(160)) - Instantiating OM Ratis server with groupID: om-service-test1 and peers: localhost:46443, localhost:33053, localhost:32823
2022-09-29 01:24:51,530 [Listener at 127.0.0.1/44309] INFO  ratis.OzoneManagerStateMachine (OzoneManagerStateMachine.java:loadSnapshotInfoFromDB(632)) - LastAppliedIndex is set from TransactionInfo from OM DB as (t:2, i:42)
2022-09-29 01:24:51,533 [Listener at 127.0.0.1/44309] INFO  server.RaftServer (ConfUtils.java:logGet(46)) - raft.rpc.type = GRPC (default)
2022-09-29 01:24:51,534 [Listener at 127.0.0.1/44309] INFO  grpc.GrpcFactory (GrpcFactory.java:checkPooledByteBufAllocatorUseCacheForAllThreads(48)) - PERFORMANCE WARNING: useCacheForAllThreads is true that may cause Netty to create a lot garbage objects and, as a result, trigger GC.
	It is recommended to disable useCacheForAllThreads by setting -Dorg.apache.ratis.thirdparty.io.netty.allocator.useCacheForAllThreads=false in command line.
2022-09-29 01:24:51,534 [Listener at 127.0.0.1/44309] INFO  grpc.GrpcConfigKeys (ConfUtils.java:logGet(46)) - raft.grpc.admin.port = -1 (default)
2022-09-29 01:24:51,534 [Listener at 127.0.0.1/44309] INFO  grpc.GrpcConfigKeys (ConfUtils.java:logGet(46)) - raft.grpc.server.port = 46443 (custom)
2022-09-29 01:24:51,534 [Listener at 127.0.0.1/44309] INFO  grpc.GrpcConfigKeys (ConfUtils.java:logGet(46)) - raft.grpc.client.port = -1 (default)
2022-09-29 01:24:51,534 [Listener at 127.0.0.1/44309] INFO  grpc.GrpcConfigKeys (ConfUtils.java:logGet(46)) - raft.grpc.server.port = 46443 (custom)
2022-09-29 01:24:51,534 [Listener at 127.0.0.1/44309] INFO  grpc.GrpcConfigKeys (ConfUtils.java:logGet(46)) - raft.grpc.server.port = 46443 (custom)
2022-09-29 01:24:51,534 [Listener at 127.0.0.1/44309] INFO  server.GrpcService (ConfUtils.java:logGet(46)) - raft.grpc.message.size.max = 33554432 (custom)
2022-09-29 01:24:51,534 [Listener at 127.0.0.1/44309] INFO  server.RaftServerConfigKeys (ConfUtils.java:logGet(46)) - raft.server.log.appender.buffer.byte-limit = 33554432 (custom)
2022-09-29 01:24:51,534 [Listener at 127.0.0.1/44309] INFO  server.GrpcService (ConfUtils.java:logGet(46)) - raft.grpc.flow.control.window = 1MB (=1048576) (default)
2022-09-29 01:24:51,535 [Listener at 127.0.0.1/44309] INFO  server.RaftServerConfigKeys (ConfUtils.java:logGet(46)) - raft.server.rpc.request.timeout = 3000ms (default)
2022-09-29 01:24:51,535 [Listener at 127.0.0.1/44309] INFO  grpc.GrpcConfigKeys (ConfUtils.java:logGet(46)) - raft.grpc.server.async.request.thread.pool.cached = true (default)
2022-09-29 01:24:51,535 [Listener at 127.0.0.1/44309] INFO  grpc.GrpcConfigKeys (ConfUtils.java:logGet(46)) - raft.grpc.server.async.request.thread.pool.size = 32 (default)
2022-09-29 01:24:51,536 [Listener at 127.0.0.1/44309] INFO  impl.DataStreamServerImpl (ConfUtils.java:logGet(46)) - raft.datastream.type = DISABLED (default)
2022-09-29 01:24:51,536 [Listener at 127.0.0.1/44309] INFO  server.RaftServerConfigKeys (ConfUtils.java:logGet(46)) - raft.server.threadpool.proxy.cached = true (default)
2022-09-29 01:24:51,536 [Listener at 127.0.0.1/44309] INFO  server.RaftServerConfigKeys (ConfUtils.java:logGet(46)) - raft.server.threadpool.proxy.size = 0 (default)
2022-09-29 01:24:51,537 [Listener at 127.0.0.1/44309] INFO  server.RaftServerConfigKeys (ConfUtils.java:logGet(46)) - raft.server.rpc.slowness.timeout = 2s (custom)
2022-09-29 01:24:51,537 [Listener at 127.0.0.1/44309] INFO  server.RaftServerConfigKeys (ConfUtils.java:logGet(46)) - raft.server.leaderelection.leader.step-down.wait-time = 10s (default)
2022-09-29 01:24:51,537 [Listener at 127.0.0.1/44309] INFO  server.RaftServerConfigKeys (ConfUtils.java:logGet(46)) - raft.server.storage.dir = [/home/runner/work/ozone/ozone/hadoop-ozone/integration-test/target/test-dir/MiniOzoneClusterImpl-0d15d221-0049-42ab-bf49-1e4b736e68e8/omNode-3/ratis] (custom)
2022-09-29 01:24:51,537 [omNode-3-impl-thread1] INFO  server.RaftServer (RaftServerProxy.java:initGroupDir(247)) - omNode-3: found a subdirectory /home/runner/work/ozone/ozone/hadoop-ozone/integration-test/target/test-dir/MiniOzoneClusterImpl-0d15d221-0049-42ab-bf49-1e4b736e68e8/omNode-3/ratis/c9bc4cf4-3bc3-3c60-a66b-523986131536
2022-09-29 01:24:51,537 [Listener at 127.0.0.1/44309] INFO  server.RaftServer (RaftServerProxy.java:addNew(96)) - omNode-3: addNew group-523986131536:[omNode-3|rpc:localhost:46443|priority:0, omNode-1|rpc:localhost:33053|priority:0, omNode-2|rpc:localhost:32823|priority:0] returns group-523986131536:java.util.concurrent.CompletableFuture@13f8f39c[Not completed]
2022-09-29 01:24:51,538 [Listener at 127.0.0.1/44309] INFO  om.OzoneManager (OzoneManager.java:initializeRatisServer(1976)) - OzoneManager Ratis server initialized at port 46443
2022-09-29 01:24:51,538 [Listener at 127.0.0.1/44309] INFO  ratis.OzoneManagerRatisServer (OzoneManagerRatisServer.java:start(555)) - Starting OzoneManagerRatisServer omNode-3 at port 46443
2022-09-29 01:24:51,538 [pool-820-thread-1] INFO  server.RaftServer$Division (RaftServerImpl.java:<init>(190)) - omNode-3: new RaftServerImpl for group-523986131536:[omNode-3|rpc:localhost:46443|priority:0, omNode-1|rpc:localhost:33053|priority:0, omNode-2|rpc:localhost:32823|priority:0] with OzoneManagerStateMachine:uninitialized
2022-09-29 01:24:51,538 [pool-820-thread-1] INFO  server.RaftServerConfigKeys (ConfUtils.java:logGet(46)) - raft.server.rpc.timeout.min = 1s (custom)
2022-09-29 01:24:51,538 [pool-820-thread-1] INFO  server.RaftServerConfigKeys (ConfUtils.java:logGet(46)) - raft.server.rpc.timeout.max = 1200ms (custom)
2022-09-29 01:24:51,538 [pool-820-thread-1] INFO  server.RaftServerConfigKeys (ConfUtils.java:logGet(46)) - raft.server.rpc.sleep.time = 25ms (default)
2022-09-29 01:24:51,538 [pool-820-thread-1] INFO  server.RaftServerConfigKeys (ConfUtils.java:logGet(46)) - raft.server.rpc.slowness.timeout = 2s (custom)
2022-09-29 01:24:51,538 [pool-820-thread-1] INFO  server.RaftServerConfigKeys (ConfUtils.java:logGet(46)) - raft.server.leaderelection.leader.step-down.wait-time = 10s (default)
2022-09-29 01:24:51,538 [pool-820-thread-1] INFO  server.RaftServerConfigKeys (ConfUtils.java:logGet(46)) - raft.server.sleep.deviation.threshold = 300ms (default)
2022-09-29 01:24:51,538 [pool-820-thread-1] INFO  server.RaftServer$Division (ServerState.java:<init>(107)) - omNode-3@group-523986131536: ConfigurationManager, init=-1: [omNode-3|rpc:localhost:46443|priority:0, omNode-1|rpc:localhost:33053|priority:0, omNode-2|rpc:localhost:32823|priority:0], old=null, confs=<EMPTY_MAP>
2022-09-29 01:24:51,538 [pool-820-thread-1] INFO  server.RaftServerConfigKeys (ConfUtils.java:logGet(46)) - raft.server.storage.dir = [/home/runner/work/ozone/ozone/hadoop-ozone/integration-test/target/test-dir/MiniOzoneClusterImpl-0d15d221-0049-42ab-bf49-1e4b736e68e8/omNode-3/ratis] (custom)
2022-09-29 01:24:51,538 [pool-820-thread-1] INFO  server.RaftServerConfigKeys (ConfUtils.java:logGet(46)) - raft.server.log.corruption.policy = EXCEPTION (default)
2022-09-29 01:24:51,538 [pool-820-thread-1] INFO  server.RaftServerConfigKeys (ConfUtils.java:logGet(46)) - raft.server.storage.free-space.min = 0MB (=0) (default)
2022-09-29 01:24:51,540 [pool-820-thread-1] INFO  storage.RaftStorageDirectory (RaftStorageDirectoryImpl.java:tryLock(230)) - Lock on /home/runner/work/ozone/ozone/hadoop-ozone/integration-test/target/test-dir/MiniOzoneClusterImpl-0d15d221-0049-42ab-bf49-1e4b736e68e8/omNode-3/ratis/c9bc4cf4-3bc3-3c60-a66b-523986131536/in_use.lock acquired by nodename 41909@fv-az182-579
2022-09-29 01:24:51,540 [pool-820-thread-1] INFO  storage.RaftStorage (RaftStorageImpl.java:analyzeAndRecoverStorage(110)) - Read RaftStorageMetadata{term=2, votedFor=} from /home/runner/work/ozone/ozone/hadoop-ozone/integration-test/target/test-dir/MiniOzoneClusterImpl-0d15d221-0049-42ab-bf49-1e4b736e68e8/omNode-3/ratis/c9bc4cf4-3bc3-3c60-a66b-523986131536/current/raft-meta
2022-09-29 01:24:51,540 [pool-820-thread-1] INFO  server.RaftServer$Division (ServerState.java:setRaftConf(393)) - omNode-3@group-523986131536: set configuration 0: [omNode-3|rpc:localhost:46443|admin:|client:|dataStream:|priority:0, omNode-1|rpc:localhost:33053|admin:|client:|dataStream:|priority:0, omNode-2|rpc:localhost:32823|admin:|client:|dataStream:|priority:0], old=null
2022-09-29 01:24:51,540 [pool-820-thread-1] INFO  server.RaftServerConfigKeys (ConfUtils.java:logGet(46)) - raft.server.notification.no-leader.timeout = 2s (custom)
2022-09-29 01:24:51,540 [pool-820-thread-1] INFO  server.RaftServerConfigKeys (ConfUtils.java:logGet(46)) - raft.server.log.use.memory = false (default)
2022-09-29 01:24:51,540 [pool-820-thread-1] INFO  server.RaftServerConfigKeys (ConfUtils.java:logGet(46)) - raft.server.log.purge.gap = 50 (custom)
2022-09-29 01:24:51,540 [pool-820-thread-1] INFO  server.RaftServerConfigKeys (ConfUtils.java:logGet(46)) - raft.server.log.appender.buffer.byte-limit = 33554432 (custom)
2022-09-29 01:24:51,540 [pool-820-thread-1] INFO  server.RaftServerConfigKeys (ConfUtils.java:logGet(46)) - raft.server.log.statemachine.data.read.timeout = 1000ms (default)
2022-09-29 01:24:51,541 [pool-820-thread-1] INFO  server.RaftServerConfigKeys (ConfUtils.java:logGet(46)) - raft.server.log.segment.size.max = 4194304 (custom)
2022-09-29 01:24:51,541 [pool-820-thread-1] INFO  server.RaftServerConfigKeys (ConfUtils.java:logGet(46)) - raft.server.log.segment.cache.num.max = 2 (custom)
2022-09-29 01:24:51,541 [pool-820-thread-1] INFO  server.RaftServerConfigKeys (ConfUtils.java:logGet(46)) - raft.server.log.segment.cache.size.max = 200MB (=209715200) (default)
2022-09-29 01:24:51,541 [pool-820-thread-1] INFO  segmented.SegmentedRaftLogWorker (SegmentedRaftLogWorker.java:<init>(187)) - new omNode-3@group-523986131536-SegmentedRaftLogWorker for RaftStorageImpl:Storage Directory /home/runner/work/ozone/ozone/hadoop-ozone/integration-test/target/test-dir/MiniOzoneClusterImpl-0d15d221-0049-42ab-bf49-1e4b736e68e8/omNode-3/ratis/c9bc4cf4-3bc3-3c60-a66b-523986131536
2022-09-29 01:24:51,541 [pool-820-thread-1] INFO  server.RaftServerConfigKeys (ConfUtils.java:logGet(46)) - raft.server.log.queue.byte-limit = 64MB (=67108864) (default)
2022-09-29 01:24:51,541 [pool-820-thread-1] INFO  server.RaftServerConfigKeys (ConfUtils.java:logGet(46)) - raft.server.log.queue.element-limit = 4096 (default)
2022-09-29 01:24:51,541 [pool-820-thread-1] INFO  server.RaftServerConfigKeys (ConfUtils.java:logGet(46)) - raft.server.log.segment.size.max = 4194304 (custom)
2022-09-29 01:24:51,541 [pool-820-thread-1] INFO  server.RaftServerConfigKeys (ConfUtils.java:logGet(46)) - raft.server.log.preallocated.size = 4194304 (custom)
2022-09-29 01:24:51,541 [pool-820-thread-1] INFO  server.RaftServerConfigKeys (ConfUtils.java:logGet(46)) - raft.server.log.force.sync.num = 128 (default)
2022-09-29 01:24:51,541 [pool-820-thread-1] INFO  server.RaftServerConfigKeys (ConfUtils.java:logGet(46)) - raft.server.log.statemachine.data.sync = true (default)
2022-09-29 01:24:51,541 [pool-820-thread-1] INFO  server.RaftServerConfigKeys (ConfUtils.java:logGet(46)) - raft.server.log.statemachine.data.sync.timeout = 10s (default)
2022-09-29 01:24:51,541 [pool-820-thread-1] INFO  server.RaftServerConfigKeys (ConfUtils.java:logGet(46)) - raft.server.log.statemachine.data.sync.timeout.retry = -1 (default)
2022-09-29 01:24:51,542 [pool-820-thread-1] INFO  server.RaftServerConfigKeys (ConfUtils.java:logGet(46)) - raft.server.log.write.buffer.size = 64KB (=65536) (default)
2022-09-29 01:24:51,542 [pool-820-thread-1] INFO  server.RaftServerConfigKeys (ConfUtils.java:logGet(46)) - raft.server.log.unsafe-flush.enabled = false (default)
2022-09-29 01:24:51,542 [pool-820-thread-1] INFO  server.RaftServerConfigKeys (ConfUtils.java:logGet(46)) - raft.server.log.statemachine.data.caching.enabled = false (default)
2022-09-29 01:24:51,544 [pool-820-thread-1] INFO  server.RaftServer$Division (ServerState.java:setRaftConf(393)) - omNode-3@group-523986131536: set configuration 0: [omNode-3|rpc:localhost:46443|admin:|client:|dataStream:|priority:0, omNode-1|rpc:localhost:33053|admin:|client:|dataStream:|priority:0, omNode-2|rpc:localhost:32823|admin:|client:|dataStream:|priority:0], old=null
2022-09-29 01:24:51,544 [pool-820-thread-1] INFO  segmented.LogSegment (LogSegment.java:loadSegment(173)) - Successfully read 45 entries from segment file /home/runner/work/ozone/ozone/hadoop-ozone/integration-test/target/test-dir/MiniOzoneClusterImpl-0d15d221-0049-42ab-bf49-1e4b736e68e8/omNode-3/ratis/c9bc4cf4-3bc3-3c60-a66b-523986131536/current/log_inprogress_0
2022-09-29 01:24:51,544 [pool-820-thread-1] INFO  segmented.SegmentedRaftLogWorker (SegmentedRaftLogWorker.java:lambda$new$0(135)) - omNode-3@group-523986131536-SegmentedRaftLogWorker: flushIndex: setUnconditionally 0 -> 44
2022-09-29 01:24:51,544 [pool-820-thread-1] INFO  segmented.SegmentedRaftLogWorker (SegmentedRaftLogWorker.java:lambda$new$0(135)) - omNode-3@group-523986131536-SegmentedRaftLogWorker: safeCacheEvictIndex: setUnconditionally 0 -> -1
2022-09-29 01:24:51,551 [pool-820-thread-1] INFO  raftlog.RaftLog (RaftLogBase.java:lambda$new$0(53)) - omNode-3@group-523986131536-SegmentedRaftLog: commitIndex: updateToMax old=42, new=43, updated? true
2022-09-29 01:24:51,552 [pool-820-thread-1] INFO  server.RaftServerConfigKeys (ConfUtils.java:logGet(46)) - raft.server.snapshot.auto.trigger.enabled = true (custom)
2022-09-29 01:24:51,552 [pool-820-thread-1] INFO  server.RaftServerConfigKeys (ConfUtils.java:logGet(46)) - raft.server.snapshot.auto.trigger.threshold = 50 (custom)
2022-09-29 01:24:51,552 [pool-820-thread-1] INFO  server.RaftServerConfigKeys (ConfUtils.java:logGet(46)) - raft.server.snapshot.retention.file.num = -1 (default)
2022-09-29 01:24:51,552 [pool-820-thread-1] INFO  server.RaftServerConfigKeys (ConfUtils.java:logGet(46)) - raft.server.log.purge.upto.snapshot.index = true (custom)
2022-09-29 01:24:51,552 [pool-820-thread-1] INFO  server.RaftServerConfigKeys (ConfUtils.java:logGet(46)) - raft.server.retrycache.expirytime = 30000ms (custom)
2022-09-29 01:24:51,552 [pool-820-thread-1] INFO  server.RaftServerConfigKeys (ConfUtils.java:logGet(46)) - raft.server.retrycache.statistics.expirytime = 100μs (default)
2022-09-29 01:24:51,553 [pool-820-thread-1] INFO  server.RaftServerConfigKeys (ConfUtils.java:logGet(46)) - raft.server.log.appender.install.snapshot.enabled = false (custom)
2022-09-29 01:24:51,553 [pool-820-thread-1] INFO  server.RaftServerConfigKeys (ConfUtils.java:logGet(46)) - raft.server.threadpool.server.cached = true (default)
2022-09-29 01:24:51,553 [pool-820-thread-1] INFO  server.RaftServerConfigKeys (ConfUtils.java:logGet(46)) - raft.server.threadpool.server.size = 0 (default)
2022-09-29 01:24:51,553 [pool-820-thread-1] INFO  server.RaftServerConfigKeys (ConfUtils.java:logGet(46)) - raft.server.threadpool.client.cached = true (default)
2022-09-29 01:24:51,553 [pool-820-thread-1] INFO  server.RaftServerConfigKeys (ConfUtils.java:logGet(46)) - raft.server.threadpool.client.size = 0 (default)
2022-09-29 01:24:51,553 [omNode-3-impl-thread1] INFO  server.RaftServer$Division (RaftServerImpl.java:start(310)) - omNode-3@group-523986131536: start as a follower, conf=0: [omNode-3|rpc:localhost:46443|admin:|client:|dataStream:|priority:0, omNode-1|rpc:localhost:33053|admin:|client:|dataStream:|priority:0, omNode-2|rpc:localhost:32823|admin:|client:|dataStream:|priority:0], old=null
2022-09-29 01:24:51,553 [omNode-3-impl-thread1] INFO  server.RaftServer$Division (RaftServerImpl.java:setRole(299)) - omNode-3@group-523986131536: changes role from      null to FOLLOWER at term 2 for startAsFollower
2022-09-29 01:24:51,553 [omNode-3-impl-thread1] INFO  impl.RoleInfo (RoleInfo.java:updateAndGet(139)) - omNode-3: start omNode-3@group-523986131536-FollowerState
2022-09-29 01:24:51,560 [omNode-3-impl-thread1] ERROR util.JmxRegister (JmxRegister.java:tryRegister(40)) - Failed to register JMX Bean with name Ratis:service=RaftServer,group=group-523986131536,id=omNode-3
javax.management.InstanceAlreadyExistsException: Ratis:service=RaftServer,group=group-523986131536,id=omNode-3
	at com.sun.jmx.mbeanserver.Repository.addMBean(Repository.java:437)
	at com.sun.jmx.interceptor.DefaultMBeanServerInterceptor.registerWithRepository(DefaultMBeanServerInterceptor.java:1898)
	at com.sun.jmx.interceptor.DefaultMBeanServerInterceptor.registerDynamicMBean(DefaultMBeanServerInterceptor.java:966)
	at com.sun.jmx.interceptor.DefaultMBeanServerInterceptor.registerObject(DefaultMBeanServerInterceptor.java:900)
	at com.sun.jmx.interceptor.DefaultMBeanServerInterceptor.registerMBean(DefaultMBeanServerInterceptor.java:324)
	at com.sun.jmx.mbeanserver.JmxMBeanServer.registerMBean(JmxMBeanServer.java:522)
	at org.apache.ratis.util.JmxRegister.tryRegister(JmxRegister.java:38)
	at org.apache.ratis.util.JmxRegister.register(JmxRegister.java:56)
	at org.apache.ratis.server.impl.RaftServerImpl.registerMBean(RaftServerImpl.java:329)
	at org.apache.ratis.server.impl.RaftServerImpl.start(RaftServerImpl.java:320)
	at org.apache.ratis.util.ConcurrentUtils.lambda$null$3(ConcurrentUtils.java:162)
	at java.util.concurrent.ThreadPoolExecutor.runWorker(ThreadPoolExecutor.java:1149)
	at java.util.concurrent.ThreadPoolExecutor$Worker.run(ThreadPoolExecutor.java:624)
	at java.lang.Thread.run(Thread.java:750)
2022-09-29 01:24:51,560 [omNode-3-impl-thread1] INFO  util.JmxRegister (JmxRegister.java:tryRegister(44)) - Successfully registered JMX Bean with object name Ratis:service=RaftServer,group=group-523986131536,id="omNode-3"
2022-09-29 01:24:51,561 [Listener at 127.0.0.1/44309] INFO  server.RaftServer (RaftServerProxy.java:lambda$start$6(382)) - omNode-3: start RPC server
2022-09-29 01:24:51,564 [Listener at 127.0.0.1/44309] INFO  server.GrpcService (GrpcService.java:startImpl(260)) - omNode-3: GrpcService started, listening on 46443
2022-09-29 01:24:51,567 [Listener at 127.0.0.1/44309] INFO  om.OzoneManager (OzoneManager.java:getRpcServer(1099)) - Creating RPC Server
2022-09-29 01:24:51,568 [org.apache.ratis.util.JvmPauseMonitor$$Lambda$699/1983328127@47017d38] INFO  util.JvmPauseMonitor (JvmPauseMonitor.java:run(103)) - JvmPauseMonitor-omNode-3: Started
2022-09-29 01:24:51,681 [grpc-default-executor-3] WARN  server.GrpcLogAppender (LogUtils.java:warn(122)) - omNode-1@group-523986131536->omNode-3-AppendLogResponseHandler: Failed appendEntries: org.apache.ratis.thirdparty.io.grpc.StatusRuntimeException: UNAVAILABLE: io exception
2022-09-29 01:24:51,681 [grpc-default-executor-3] INFO  leader.FollowerInfo (FollowerInfoImpl.java:lambda$new$0(48)) - omNode-1@group-523986131536->omNode-3: nextIndex: updateUnconditionally 545 -> 45
2022-09-29 01:24:51,930 [omNode-3-server-thread1] INFO  server.RaftServer$Division (ServerState.java:setLeader(287)) - omNode-3@group-523986131536: change Leader from null to omNode-1 at term 2 for appendEntries, leader elected after 389ms
2022-09-29 01:24:52,177 [EndpointStateMachine task thread for /0.0.0.0:42241 - 0 ] INFO  ipc.Client (Client.java:handleConnectionFailure(977)) - Retrying connect to server: 0.0.0.0/0.0.0.0:42241. Already tried 0 time(s); retry policy is RetryUpToMaximumCountWithFixedSleep(maxRetries=15, sleepTime=1000 MILLISECONDS)
2022-09-29 01:24:52,242 [omNode-3@group-523986131536-StateMachineUpdater] INFO  ratis.OzoneManagerStateMachine (OzoneManagerStateMachine.java:takeSnapshot(441)) - Current Snapshot Index (t:2, i:544)
2022-09-29 01:24:52,242 [omNode-3@group-523986131536-StateMachineUpdater] INFO  impl.StateMachineUpdater (StateMachineUpdater.java:takeSnapshot(287)) - omNode-3@group-523986131536-StateMachineUpdater: Took a snapshot at index 544
2022-09-29 01:24:52,242 [omNode-3@group-523986131536-StateMachineUpdater] INFO  impl.StateMachineUpdater (StateMachineUpdater.java:lambda$new$0(92)) - omNode-3@group-523986131536-StateMachineUpdater: snapshotIndex: updateIncreasingly 42 -> 544
2022-09-29 01:24:52,242 [omNode-3@group-523986131536-StateMachineUpdater] INFO  raftlog.RaftLog (RaftLogBase.java:purge(308)) - omNode-3@group-523986131536-SegmentedRaftLog: purge 544
2022-09-29 01:24:52,242 [omNode-3@group-523986131536-StateMachineUpdater] INFO  raftlog.RaftLog (RaftLogBase.java:lambda$new$0(53)) - omNode-3@group-523986131536-SegmentedRaftLog: snapshotIndex: updateIncreasingly 42 -> 544
2022-09-29 01:24:52,242 [omNode-3@group-523986131536-StateMachineUpdater] INFO  raftlog.RaftLog (RaftLogBase.java:lambda$new$0(53)) - omNode-3@group-523986131536-SegmentedRaftLog: purgeIndex: updateToMax old=-1, new=544, updated? true
2022-09-29 01:24:52,404 [Listener at 127.0.0.1/44309] INFO  reflections.Reflections (Reflections.java:scan(232)) - Reflections took 836 ms to scan 19 urls, producing 67 keys and 4214 values [using 2 cores]
2022-09-29 01:24:52,405 [Listener at 127.0.0.1/44309] INFO  ipc.CallQueueManager (CallQueueManager.java:<init>(90)) - Using callQueue: class java.util.concurrent.LinkedBlockingQueue, queueCapacity: 2000, scheduler: class org.apache.hadoop.ipc.DefaultRpcScheduler, ipcBackoff: false.
2022-09-29 01:24:52,409 [Socket Reader #1 for port 44309] INFO  ipc.Server (Server.java:run(1265)) - Starting Socket Reader #1 for port 44309
2022-09-29 01:24:52,415 [Listener at localhost/44309] INFO  http.BaseHttpServer (BaseHttpServer.java:newHttpServer2BuilderForOzone(213)) - Starting Web-server for ozoneManager at: http://0.0.0.0:45483
2022-09-29 01:24:52,415 [Listener at localhost/44309] INFO  http.BaseHttpServer (BaseHttpServer.java:<init>(108)) - Hadoop Security Enabled: false Ozone Security Enabled: false Ozone HTTP Security Enabled: false 
2022-09-29 01:24:52,419 [Listener at localhost/44309] INFO  server.AuthenticationFilter (AuthenticationFilter.java:constructSecretProvider(240)) - Unable to initialize FileSignerSecretProvider, falling back to use random secrets.
2022-09-29 01:24:52,423 [Listener at localhost/44309] WARN  http.HttpRequestLog (HttpRequestLog.java:getRequestLog(103)) - Jetty request log can only be enabled using Log4j
2022-09-29 01:24:52,424 [Listener at localhost/44309] INFO  http.HttpServer2 (HttpServer2.java:addGlobalFilter(1029)) - Added global filter 'safety' (class=org.apache.hadoop.hdds.server.http.HttpServer2$QuotingInputFilter)
2022-09-29 01:24:52,425 [Listener at localhost/44309] INFO  http.HttpServer2 (HttpServer2.java:addFilter(1005)) - Added filter static_user_filter (class=org.apache.hadoop.http.lib.StaticUserWebFilter$StaticUserFilter) to context ozoneManager
2022-09-29 01:24:52,425 [Listener at localhost/44309] INFO  http.HttpServer2 (HttpServer2.java:addFilter(1013)) - Added filter static_user_filter (class=org.apache.hadoop.http.lib.StaticUserWebFilter$StaticUserFilter) to context logs
2022-09-29 01:24:52,425 [Listener at localhost/44309] INFO  http.HttpServer2 (HttpServer2.java:addFilter(1013)) - Added filter static_user_filter (class=org.apache.hadoop.http.lib.StaticUserWebFilter$StaticUserFilter) to context static
2022-09-29 01:24:52,426 [Listener at localhost/44309] INFO  http.HttpServer2 (HttpServer2.java:bindListener(1248)) - Jetty bound to port 45483
2022-09-29 01:24:52,426 [Listener at localhost/44309] INFO  server.Server (Server.java:doStart(375)) - jetty-9.4.43.v20210629; built: 2021-06-30T11:07:22.254Z; git: 526006ecfa3af7f1a27ef3a288e2bef7ea9dd7e8; jvm 1.8.0_345-b01
2022-09-29 01:24:52,429 [Listener at localhost/44309] INFO  server.session (DefaultSessionIdManager.java:doStart(334)) - DefaultSessionIdManager workerName=node0
2022-09-29 01:24:52,429 [Listener at localhost/44309] INFO  server.session (DefaultSessionIdManager.java:doStart(339)) - No SessionScavenger set, using defaults
2022-09-29 01:24:52,434 [Listener at localhost/44309] INFO  server.session (HouseKeeper.java:startScavenging(132)) - node0 Scavenging every 600000ms
2022-09-29 01:24:52,439 [Listener at localhost/44309] INFO  handler.ContextHandler (ContextHandler.java:doStart(915)) - Started o.e.j.s.ServletContextHandler@68d60b67{logs,/logs,file:///home/runner/work/ozone/ozone/hadoop-ozone/integration-test/target/log,AVAILABLE}
2022-09-29 01:24:52,439 [Listener at localhost/44309] INFO  handler.ContextHandler (ContextHandler.java:doStart(915)) - Started o.e.j.s.ServletContextHandler@3ad9bce6{static,/static,file:///home/runner/work/ozone/ozone/hadoop-ozone/integration-test/target/test-classes/webapps/static,AVAILABLE}
2022-09-29 01:24:52,442 [Listener at localhost/44309] INFO  handler.ContextHandler (ContextHandler.java:doStart(915)) - Started o.e.j.w.WebAppContext@2e0f58e6{ozoneManager,/,file:///home/runner/work/ozone/ozone/hadoop-ozone/integration-test/target/test-classes/webapps/ozoneManager/,AVAILABLE}{file:/home/runner/work/ozone/ozone/hadoop-ozone/integration-test/target/test-classes/webapps/ozoneManager}
2022-09-29 01:24:52,450 [Listener at localhost/44309] INFO  server.AbstractConnector (AbstractConnector.java:doStart(331)) - Started ServerConnector@4e7a5c30{HTTP/1.1, (http/1.1)}{0.0.0.0:45483}
2022-09-29 01:24:52,450 [Listener at localhost/44309] INFO  server.Server (Server.java:doStart(415)) - Started @124228ms
2022-09-29 01:24:52,450 [Listener at localhost/44309] WARN  impl.MetricsSystemImpl (MetricsSystemImpl.java:register(279)) - Sink prometheus already exists!
2022-09-29 01:24:52,452 [Listener at localhost/44309] INFO  http.BaseHttpServer (BaseHttpServer.java:updateConnectorAddress(333)) - HTTP server of ozoneManager listening at http://0.0.0.0:45483
2022-09-29 01:24:52,452 [IPC Server Responder] INFO  ipc.Server (Server.java:run(1507)) - IPC Server Responder: starting
2022-09-29 01:24:52,452 [IPC Server listener on 44309] INFO  ipc.Server (Server.java:run(1344)) - IPC Server listener on 44309: starting
2022-09-29 01:24:52,454 [Listener at localhost/44309] INFO  om.OzoneManager (OzoneManager.java:startTrashEmptier(1920)) - Trash Interval set to 0. Files deleted won't move to trash
2022-09-29 01:24:52,457 [org.apache.hadoop.util.JvmPauseMonitor$Monitor@51dd9217] INFO  util.JvmPauseMonitor (JvmPauseMonitor.java:run(188)) - Starting JVM pause monitor
2022-09-29 01:24:52,534 [omNode-1@group-523986131536-StateMachineUpdater] INFO  ratis.OzoneManagerStateMachine (OzoneManagerStateMachine.java:takeSnapshot(441)) - Current Snapshot Index (t:2, i:550)
2022-09-29 01:24:52,535 [omNode-1@group-523986131536-StateMachineUpdater] INFO  impl.StateMachineUpdater (StateMachineUpdater.java:takeSnapshot(287)) - omNode-1@group-523986131536-StateMachineUpdater: Took a snapshot at index 550
2022-09-29 01:24:52,535 [omNode-1@group-523986131536-StateMachineUpdater] INFO  impl.StateMachineUpdater (StateMachineUpdater.java:lambda$new$0(92)) - omNode-1@group-523986131536-StateMachineUpdater: snapshotIndex: updateIncreasingly 500 -> 550
2022-09-29 01:24:52,535 [omNode-1@group-523986131536-StateMachineUpdater] INFO  raftlog.RaftLog (RaftLogBase.java:purge(308)) - omNode-1@group-523986131536-SegmentedRaftLog: purge 550
2022-09-29 01:24:52,535 [omNode-1@group-523986131536-StateMachineUpdater] INFO  raftlog.RaftLog (RaftLogBase.java:lambda$new$0(53)) - omNode-1@group-523986131536-SegmentedRaftLog: snapshotIndex: updateIncreasingly 500 -> 550
2022-09-29 01:24:52,535 [omNode-1@group-523986131536-StateMachineUpdater] INFO  raftlog.RaftLog (RaftLogBase.java:lambda$new$0(53)) - omNode-1@group-523986131536-SegmentedRaftLog: purgeIndex: updateToMax old=500, new=550, updated? true
2022-09-29 01:24:52,584 [omNode-2@group-523986131536-StateMachineUpdater] INFO  ratis.OzoneManagerStateMachine (OzoneManagerStateMachine.java:takeSnapshot(441)) - Current Snapshot Index (t:2, i:558)
2022-09-29 01:24:52,585 [omNode-2@group-523986131536-StateMachineUpdater] INFO  impl.StateMachineUpdater (StateMachineUpdater.java:takeSnapshot(287)) - omNode-2@group-523986131536-StateMachineUpdater: Took a snapshot at index 558
2022-09-29 01:24:52,585 [omNode-2@group-523986131536-StateMachineUpdater] INFO  impl.StateMachineUpdater (StateMachineUpdater.java:lambda$new$0(92)) - omNode-2@group-523986131536-StateMachineUpdater: snapshotIndex: updateIncreasingly 508 -> 558
2022-09-29 01:24:52,585 [omNode-2@group-523986131536-StateMachineUpdater] INFO  raftlog.RaftLog (RaftLogBase.java:purge(308)) - omNode-2@group-523986131536-SegmentedRaftLog: purge 558
2022-09-29 01:24:52,585 [omNode-2@group-523986131536-StateMachineUpdater] INFO  raftlog.RaftLog (RaftLogBase.java:lambda$new$0(53)) - omNode-2@group-523986131536-SegmentedRaftLog: snapshotIndex: updateIncreasingly 508 -> 558
2022-09-29 01:24:52,585 [omNode-2@group-523986131536-StateMachineUpdater] INFO  raftlog.RaftLog (RaftLogBase.java:lambda$new$0(53)) - omNode-2@group-523986131536-SegmentedRaftLog: purgeIndex: updateToMax old=508, new=558, updated? true
2022-09-29 01:24:52,950 [Listener at localhost/44309] INFO  om.OzoneManager (OzoneManager.java:stop(2035)) - omNode-3[localhost:44309]: Stopping Ozone Manager
2022-09-29 01:24:52,950 [Listener at localhost/44309] INFO  ipc.Server (Server.java:stop(3414)) - Stopping server on 44309
2022-09-29 01:24:52,985 [IPC Server listener on 44309] INFO  ipc.Server (Server.java:run(1376)) - Stopping IPC Server listener on 44309
2022-09-29 01:24:52,985 [IPC Server Responder] INFO  ipc.Server (Server.java:run(1512)) - Stopping IPC Server Responder
2022-09-29 01:24:52,985 [Listener at localhost/44309] INFO  server.RaftServer (RaftServerProxy.java:lambda$close$7(398)) - omNode-3: close
2022-09-29 01:24:52,985 [Listener at localhost/44309] INFO  server.RaftServer$Division (RaftServerImpl.java:lambda$close$4(434)) - omNode-3@group-523986131536: shutdown
2022-09-29 01:24:52,985 [Listener at localhost/44309] INFO  util.JmxRegister (JmxRegister.java:unregister(73)) - Successfully un-registered JMX Bean with object name Ratis:service=RaftServer,group=group-523986131536,id="omNode-3"
2022-09-29 01:24:52,986 [Listener at localhost/44309] INFO  impl.RoleInfo (RoleInfo.java:shutdownFollowerState(110)) - omNode-3: shutdown omNode-3@group-523986131536-FollowerState
2022-09-29 01:24:52,986 [Listener at localhost/44309] INFO  impl.StateMachineUpdater (StateMachineUpdater.java:stopAndJoin(153)) - omNode-3@group-523986131536-StateMachineUpdater: set stopIndex = 583
2022-09-29 01:24:52,986 [omNode-3@group-523986131536-FollowerState] INFO  impl.FollowerState (FollowerState.java:run(152)) - omNode-3@group-523986131536-FollowerState was interrupted
2022-09-29 01:24:52,986 [omNode-3@group-523986131536-StateMachineUpdater] INFO  ratis.OzoneManagerStateMachine (OzoneManagerStateMachine.java:takeSnapshot(441)) - Current Snapshot Index (t:2, i:583)
2022-09-29 01:24:52,986 [omNode-3@group-523986131536-StateMachineUpdater] INFO  impl.StateMachineUpdater (StateMachineUpdater.java:takeSnapshot(287)) - omNode-3@group-523986131536-StateMachineUpdater: Took a snapshot at index 583
2022-09-29 01:24:52,986 [omNode-3@group-523986131536-StateMachineUpdater] INFO  impl.StateMachineUpdater (StateMachineUpdater.java:lambda$new$0(92)) - omNode-3@group-523986131536-StateMachineUpdater: snapshotIndex: updateIncreasingly 544 -> 583
2022-09-29 01:24:52,986 [omNode-3@group-523986131536-StateMachineUpdater] INFO  ratis.OzoneManagerStateMachine (OzoneManagerStateMachine.java:close(495)) - StateMachine has shutdown. Shutdown OzoneManager if not already shutdown.
2022-09-29 01:24:52,986 [omNode-3@group-523986131536-StateMachineUpdater] INFO  ratis.OzoneManagerDoubleBuffer (OzoneManagerDoubleBuffer.java:stop(466)) - Stopping OMDoubleBuffer flush thread
2022-09-29 01:24:52,986 [OMDoubleBufferFlushThread] INFO  ratis.OzoneManagerDoubleBuffer (OzoneManagerDoubleBuffer.java:flushTransactions(385)) - OMDoubleBuffer flush thread OMDoubleBufferFlushThread is interrupted and will exit.
2022-09-29 01:24:52,993 [Listener at localhost/44309] INFO  server.RaftServer$Division (ServerState.java:close(429)) - omNode-3@group-523986131536: closes. applyIndex: 583
2022-09-29 01:24:52,994 [omNode-3@group-523986131536-SegmentedRaftLogWorker] INFO  segmented.SegmentedRaftLogWorker (SegmentedRaftLogWorker.java:run(336)) - omNode-3@group-523986131536-SegmentedRaftLogWorker was interrupted, exiting. There are 0 tasks remaining in the queue.
2022-09-29 01:24:52,994 [Listener at localhost/44309] INFO  segmented.SegmentedRaftLogWorker (SegmentedRaftLogWorker.java:close(246)) - omNode-3@group-523986131536-SegmentedRaftLogWorker close()
2022-09-29 01:24:53,003 [Listener at localhost/44309] INFO  server.GrpcService (GrpcService.java:closeImpl(269)) - omNode-3: shutdown server with port 46443 now
2022-09-29 01:24:53,050 [grpc-default-executor-2] WARN  server.GrpcLogAppender (LogUtils.java:warn(122)) - omNode-1@group-523986131536->omNode-3-AppendLogResponseHandler: Failed appendEntries: org.apache.ratis.thirdparty.io.grpc.StatusRuntimeException: CANCELLED: RST_STREAM closed stream. HTTP/2 error code: CANCEL
2022-09-29 01:24:53,050 [grpc-default-executor-2] INFO  leader.FollowerInfo (FollowerInfoImpl.java:lambda$new$0(48)) - omNode-1@group-523986131536->omNode-3: nextIndex: updateUnconditionally 585 -> 584
2022-09-29 01:24:53,050 [grpc-default-executor-0] WARN  server.GrpcServerProtocolService (LogUtils.java:warn(122)) - omNode-3: installSnapshot onError, lastRequest: omNode-1->omNode-3#791788-t2,previous=(t:2, i:583),leaderCommit=583,initializing? true,entries: size=1, first=(t:2, i:584), METADATAENTRY(c:583): org.apache.ratis.thirdparty.io.grpc.StatusRuntimeException: CANCELLED: client cancelled
2022-09-29 01:24:53,050 [Listener at localhost/44309] INFO  server.GrpcService (GrpcService.java:closeImpl(278)) - omNode-3: shutdown server with port 46443 successfully
2022-09-29 01:24:53,050 [org.apache.ratis.util.JvmPauseMonitor$$Lambda$699/1983328127@47017d38] INFO  util.JvmPauseMonitor (JvmPauseMonitor.java:run(109)) - JvmPauseMonitor-omNode-3: Stopped
2022-09-29 01:24:53,050 [Listener at localhost/44309] INFO  ratis.OzoneManagerStateMachine (OzoneManagerStateMachine.java:close(495)) - StateMachine has shutdown. Shutdown OzoneManager if not already shutdown.
2022-09-29 01:24:53,051 [Listener at localhost/44309] INFO  ratis.OzoneManagerDoubleBuffer (OzoneManagerDoubleBuffer.java:stop(478)) - OMDoubleBuffer flush thread is not running.
2022-09-29 01:24:53,051 [Listener at localhost/44309] INFO  handler.ContextHandler (ContextHandler.java:doStop(1153)) - Stopped o.e.j.w.WebAppContext@2e0f58e6{ozoneManager,/,null,STOPPED}{file:/home/runner/work/ozone/ozone/hadoop-ozone/integration-test/target/test-classes/webapps/ozoneManager}
2022-09-29 01:24:53,052 [Listener at localhost/44309] INFO  server.AbstractConnector (AbstractConnector.java:doStop(381)) - Stopped ServerConnector@4e7a5c30{HTTP/1.1, (http/1.1)}{0.0.0.0:45483}
2022-09-29 01:24:53,052 [Listener at localhost/44309] INFO  server.session (HouseKeeper.java:stopScavenging(149)) - node0 Stopped scavenging
2022-09-29 01:24:53,052 [Listener at localhost/44309] INFO  handler.ContextHandler (ContextHandler.java:doStop(1153)) - Stopped o.e.j.s.ServletContextHandler@3ad9bce6{static,/static,file:///home/runner/work/ozone/ozone/hadoop-ozone/integration-test/target/test-classes/webapps/static,STOPPED}
2022-09-29 01:24:53,052 [Listener at localhost/44309] INFO  handler.ContextHandler (ContextHandler.java:doStop(1153)) - Stopped o.e.j.s.ServletContextHandler@68d60b67{logs,/logs,file:///home/runner/work/ozone/ozone/hadoop-ozone/integration-test/target/log,STOPPED}
2022-09-29 01:24:53,054 [grpc-default-executor-2] WARN  server.GrpcLogAppender (LogUtils.java:warn(122)) - omNode-1@group-523986131536->omNode-3-AppendLogResponseHandler: Failed appendEntries: org.apache.ratis.thirdparty.io.grpc.StatusRuntimeException: UNAVAILABLE: io exception
2022-09-29 01:24:53,054 [grpc-default-executor-2] INFO  leader.FollowerInfo (FollowerInfoImpl.java:lambda$new$0(48)) - omNode-1@group-523986131536->omNode-3: nextIndex: updateUnconditionally 585 -> 584
2022-09-29 01:24:53,057 [Listener at localhost/44309] INFO  om.OzoneManager (OzoneManager.java:restart(1572)) - OzoneManager RPC server is listening at localhost/127.0.0.1:44309
2022-09-29 01:24:53,058 [Listener at localhost/44309] INFO  impl.MetricsSystemImpl (MetricsSystemImpl.java:init(158)) - OzoneManager metrics system started (again)
2022-09-29 01:24:53,090 [Listener at localhost/44309] WARN  server.ServerUtils (ServerUtils.java:getDBPath(225)) - ozone.om.db.dirs is not configured. We recommend adding this setting. Falling back to ozone.metadata.dirs instead.
2022-09-29 01:24:53,090 [Listener at localhost/44309] INFO  codec.OmKeyInfoCodec (OmKeyInfoCodec.java:<init>(49)) - OmKeyInfoCodec ignorePipeline = true
2022-09-29 01:24:53,090 [Listener at localhost/44309] INFO  codec.RepeatedOmKeyInfoCodec (RepeatedOmKeyInfoCodec.java:<init>(41)) - RepeatedOmKeyInfoCodec ignorePipeline = true
2022-09-29 01:24:53,169 [Listener at localhost/44309] INFO  om.OzoneManager (OzoneManager.java:instantiateServices(709)) - S3 Multi-Tenancy is disabled
2022-09-29 01:24:53,178 [EndpointStateMachine task thread for /0.0.0.0:42241 - 0 ] INFO  ipc.Client (Client.java:handleConnectionFailure(977)) - Retrying connect to server: 0.0.0.0/0.0.0.0:42241. Already tried 1 time(s); retry policy is RetryUpToMaximumCountWithFixedSleep(maxRetries=15, sleepTime=1000 MILLISECONDS)
2022-09-29 01:24:53,182 [Listener at localhost/44309] WARN  impl.MetricRegistriesImpl (MetricRegistriesImpl.java:addReporterRegistration(111)) - New reporters are added after registries were created. Some metrics will be missing from the reporter. Please add reporter before adding any new registry.
2022-09-29 01:24:53,182 [Listener at localhost/44309] WARN  impl.MetricRegistriesImpl (MetricRegistriesImpl.java:addReporterRegistration(111)) - New reporters are added after registries were created. Some metrics will be missing from the reporter. Please add reporter before adding any new registry.
2022-09-29 01:24:53,183 [Listener at localhost/44309] WARN  server.ServerUtils (ServerUtils.java:getDefaultRatisDirectory(237)) - Storage directory for Ratis is not configured. It is a good idea to map this to an SSD disk. Falling back to ozone.metadata.dirs
2022-09-29 01:24:53,183 [Listener at localhost/44309] INFO  ratis.OzoneManagerRatisServer (OzoneManagerRatisServer.java:<init>(160)) - Instantiating OM Ratis server with groupID: om-service-test1 and peers: localhost:46443, localhost:33053, localhost:32823
2022-09-29 01:24:53,183 [Listener at localhost/44309] INFO  ratis.OzoneManagerStateMachine (OzoneManagerStateMachine.java:loadSnapshotInfoFromDB(632)) - LastAppliedIndex is set from TransactionInfo from OM DB as (t:2, i:583)
2022-09-29 01:24:53,185 [Listener at localhost/44309] INFO  server.RaftServer (ConfUtils.java:logGet(46)) - raft.rpc.type = GRPC (default)
2022-09-29 01:24:53,185 [Listener at localhost/44309] INFO  grpc.GrpcFactory (GrpcFactory.java:checkPooledByteBufAllocatorUseCacheForAllThreads(48)) - PERFORMANCE WARNING: useCacheForAllThreads is true that may cause Netty to create a lot garbage objects and, as a result, trigger GC.
	It is recommended to disable useCacheForAllThreads by setting -Dorg.apache.ratis.thirdparty.io.netty.allocator.useCacheForAllThreads=false in command line.
2022-09-29 01:24:53,185 [Listener at localhost/44309] INFO  grpc.GrpcConfigKeys (ConfUtils.java:logGet(46)) - raft.grpc.admin.port = -1 (default)
2022-09-29 01:24:53,185 [Listener at localhost/44309] INFO  grpc.GrpcConfigKeys (ConfUtils.java:logGet(46)) - raft.grpc.server.port = 46443 (custom)
2022-09-29 01:24:53,185 [Listener at localhost/44309] INFO  grpc.GrpcConfigKeys (ConfUtils.java:logGet(46)) - raft.grpc.client.port = -1 (default)
2022-09-29 01:24:53,185 [Listener at localhost/44309] INFO  grpc.GrpcConfigKeys (ConfUtils.java:logGet(46)) - raft.grpc.server.port = 46443 (custom)
2022-09-29 01:24:53,185 [Listener at localhost/44309] INFO  grpc.GrpcConfigKeys (ConfUtils.java:logGet(46)) - raft.grpc.server.port = 46443 (custom)
2022-09-29 01:24:53,186 [Listener at localhost/44309] INFO  server.GrpcService (ConfUtils.java:logGet(46)) - raft.grpc.message.size.max = 33554432 (custom)
2022-09-29 01:24:53,186 [Listener at localhost/44309] INFO  server.RaftServerConfigKeys (ConfUtils.java:logGet(46)) - raft.server.log.appender.buffer.byte-limit = 33554432 (custom)
2022-09-29 01:24:53,186 [Listener at localhost/44309] INFO  server.GrpcService (ConfUtils.java:logGet(46)) - raft.grpc.flow.control.window = 1MB (=1048576) (default)
2022-09-29 01:24:53,186 [Listener at localhost/44309] INFO  server.RaftServerConfigKeys (ConfUtils.java:logGet(46)) - raft.server.rpc.request.timeout = 3000ms (default)
2022-09-29 01:24:53,186 [Listener at localhost/44309] INFO  grpc.GrpcConfigKeys (ConfUtils.java:logGet(46)) - raft.grpc.server.async.request.thread.pool.cached = true (default)
2022-09-29 01:24:53,186 [Listener at localhost/44309] INFO  grpc.GrpcConfigKeys (ConfUtils.java:logGet(46)) - raft.grpc.server.async.request.thread.pool.size = 32 (default)
2022-09-29 01:24:53,187 [Listener at localhost/44309] INFO  impl.DataStreamServerImpl (ConfUtils.java:logGet(46)) - raft.datastream.type = DISABLED (default)
2022-09-29 01:24:53,187 [Listener at localhost/44309] INFO  server.RaftServerConfigKeys (ConfUtils.java:logGet(46)) - raft.server.threadpool.proxy.cached = true (default)
2022-09-29 01:24:53,188 [Listener at localhost/44309] INFO  server.RaftServerConfigKeys (ConfUtils.java:logGet(46)) - raft.server.threadpool.proxy.size = 0 (default)
2022-09-29 01:24:53,188 [Listener at localhost/44309] INFO  server.RaftServerConfigKeys (ConfUtils.java:logGet(46)) - raft.server.rpc.slowness.timeout = 2s (custom)
2022-09-29 01:24:53,188 [Listener at localhost/44309] INFO  server.RaftServerConfigKeys (ConfUtils.java:logGet(46)) - raft.server.leaderelection.leader.step-down.wait-time = 10s (default)
2022-09-29 01:24:53,188 [Listener at localhost/44309] INFO  server.RaftServerConfigKeys (ConfUtils.java:logGet(46)) - raft.server.storage.dir = [/home/runner/work/ozone/ozone/hadoop-ozone/integration-test/target/test-dir/MiniOzoneClusterImpl-0d15d221-0049-42ab-bf49-1e4b736e68e8/omNode-3/ratis] (custom)
2022-09-29 01:24:53,192 [omNode-3-impl-thread1] INFO  server.RaftServer (RaftServerProxy.java:initGroupDir(247)) - omNode-3: found a subdirectory /home/runner/work/ozone/ozone/hadoop-ozone/integration-test/target/test-dir/MiniOzoneClusterImpl-0d15d221-0049-42ab-bf49-1e4b736e68e8/omNode-3/ratis/c9bc4cf4-3bc3-3c60-a66b-523986131536
2022-09-29 01:24:53,192 [Listener at localhost/44309] INFO  server.RaftServer (RaftServerProxy.java:addNew(96)) - omNode-3: addNew group-523986131536:[omNode-3|rpc:localhost:46443|priority:0, omNode-1|rpc:localhost:33053|priority:0, omNode-2|rpc:localhost:32823|priority:0] returns group-523986131536:java.util.concurrent.CompletableFuture@1b37a2b2[Not completed]
2022-09-29 01:24:53,192 [Listener at localhost/44309] INFO  om.OzoneManager (OzoneManager.java:initializeRatisServer(1976)) - OzoneManager Ratis server initialized at port 46443
2022-09-29 01:24:53,192 [Listener at localhost/44309] INFO  ratis.OzoneManagerRatisServer (OzoneManagerRatisServer.java:start(555)) - Starting OzoneManagerRatisServer omNode-3 at port 46443
2022-09-29 01:24:53,192 [pool-854-thread-1] INFO  server.RaftServer$Division (RaftServerImpl.java:<init>(190)) - omNode-3: new RaftServerImpl for group-523986131536:[omNode-3|rpc:localhost:46443|priority:0, omNode-1|rpc:localhost:33053|priority:0, omNode-2|rpc:localhost:32823|priority:0] with OzoneManagerStateMachine:uninitialized
2022-09-29 01:24:53,192 [pool-854-thread-1] INFO  server.RaftServerConfigKeys (ConfUtils.java:logGet(46)) - raft.server.rpc.timeout.min = 1s (custom)
2022-09-29 01:24:53,192 [pool-854-thread-1] INFO  server.RaftServerConfigKeys (ConfUtils.java:logGet(46)) - raft.server.rpc.timeout.max = 1200ms (custom)
2022-09-29 01:24:53,192 [pool-854-thread-1] INFO  server.RaftServerConfigKeys (ConfUtils.java:logGet(46)) - raft.server.rpc.sleep.time = 25ms (default)
2022-09-29 01:24:53,193 [pool-854-thread-1] INFO  server.RaftServerConfigKeys (ConfUtils.java:logGet(46)) - raft.server.rpc.slowness.timeout = 2s (custom)
2022-09-29 01:24:53,193 [pool-854-thread-1] INFO  server.RaftServerConfigKeys (ConfUtils.java:logGet(46)) - raft.server.leaderelection.leader.step-down.wait-time = 10s (default)
2022-09-29 01:24:53,193 [pool-854-thread-1] INFO  server.RaftServerConfigKeys (ConfUtils.java:logGet(46)) - raft.server.sleep.deviation.threshold = 300ms (default)
2022-09-29 01:24:53,193 [pool-854-thread-1] INFO  server.RaftServer$Division (ServerState.java:<init>(107)) - omNode-3@group-523986131536: ConfigurationManager, init=-1: [omNode-3|rpc:localhost:46443|priority:0, omNode-1|rpc:localhost:33053|priority:0, omNode-2|rpc:localhost:32823|priority:0], old=null, confs=<EMPTY_MAP>
2022-09-29 01:24:53,193 [pool-854-thread-1] INFO  server.RaftServerConfigKeys (ConfUtils.java:logGet(46)) - raft.server.storage.dir = [/home/runner/work/ozone/ozone/hadoop-ozone/integration-test/target/test-dir/MiniOzoneClusterImpl-0d15d221-0049-42ab-bf49-1e4b736e68e8/omNode-3/ratis] (custom)
2022-09-29 01:24:53,193 [pool-854-thread-1] INFO  server.RaftServerConfigKeys (ConfUtils.java:logGet(46)) - raft.server.log.corruption.policy = EXCEPTION (default)
2022-09-29 01:24:53,193 [pool-854-thread-1] INFO  server.RaftServerConfigKeys (ConfUtils.java:logGet(46)) - raft.server.storage.free-space.min = 0MB (=0) (default)
2022-09-29 01:24:53,194 [pool-854-thread-1] INFO  storage.RaftStorageDirectory (RaftStorageDirectoryImpl.java:tryLock(230)) - Lock on /home/runner/work/ozone/ozone/hadoop-ozone/integration-test/target/test-dir/MiniOzoneClusterImpl-0d15d221-0049-42ab-bf49-1e4b736e68e8/omNode-3/ratis/c9bc4cf4-3bc3-3c60-a66b-523986131536/in_use.lock acquired by nodename 41909@fv-az182-579
2022-09-29 01:24:53,194 [pool-854-thread-1] INFO  storage.RaftStorage (RaftStorageImpl.java:analyzeAndRecoverStorage(110)) - Read RaftStorageMetadata{term=2, votedFor=} from /home/runner/work/ozone/ozone/hadoop-ozone/integration-test/target/test-dir/MiniOzoneClusterImpl-0d15d221-0049-42ab-bf49-1e4b736e68e8/omNode-3/ratis/c9bc4cf4-3bc3-3c60-a66b-523986131536/current/raft-meta
2022-09-29 01:24:53,194 [pool-854-thread-1] INFO  server.RaftServer$Division (ServerState.java:setRaftConf(393)) - omNode-3@group-523986131536: set configuration 0: [omNode-3|rpc:localhost:46443|admin:|client:|dataStream:|priority:0, omNode-1|rpc:localhost:33053|admin:|client:|dataStream:|priority:0, omNode-2|rpc:localhost:32823|admin:|client:|dataStream:|priority:0], old=null
2022-09-29 01:24:53,194 [pool-854-thread-1] INFO  server.RaftServerConfigKeys (ConfUtils.java:logGet(46)) - raft.server.notification.no-leader.timeout = 2s (custom)
2022-09-29 01:24:53,195 [pool-854-thread-1] INFO  server.RaftServerConfigKeys (ConfUtils.java:logGet(46)) - raft.server.log.use.memory = false (default)
2022-09-29 01:24:53,195 [pool-854-thread-1] INFO  server.RaftServerConfigKeys (ConfUtils.java:logGet(46)) - raft.server.log.purge.gap = 50 (custom)
2022-09-29 01:24:53,195 [pool-854-thread-1] INFO  server.RaftServerConfigKeys (ConfUtils.java:logGet(46)) - raft.server.log.appender.buffer.byte-limit = 33554432 (custom)
2022-09-29 01:24:53,195 [pool-854-thread-1] INFO  server.RaftServerConfigKeys (ConfUtils.java:logGet(46)) - raft.server.log.statemachine.data.read.timeout = 1000ms (default)
2022-09-29 01:24:53,195 [pool-854-thread-1] INFO  server.RaftServerConfigKeys (ConfUtils.java:logGet(46)) - raft.server.log.segment.size.max = 4194304 (custom)
2022-09-29 01:24:53,195 [pool-854-thread-1] INFO  server.RaftServerConfigKeys (ConfUtils.java:logGet(46)) - raft.server.log.segment.cache.num.max = 2 (custom)
2022-09-29 01:24:53,195 [pool-854-thread-1] INFO  server.RaftServerConfigKeys (ConfUtils.java:logGet(46)) - raft.server.log.segment.cache.size.max = 200MB (=209715200) (default)
2022-09-29 01:24:53,195 [pool-854-thread-1] INFO  segmented.SegmentedRaftLogWorker (SegmentedRaftLogWorker.java:<init>(187)) - new omNode-3@group-523986131536-SegmentedRaftLogWorker for RaftStorageImpl:Storage Directory /home/runner/work/ozone/ozone/hadoop-ozone/integration-test/target/test-dir/MiniOzoneClusterImpl-0d15d221-0049-42ab-bf49-1e4b736e68e8/omNode-3/ratis/c9bc4cf4-3bc3-3c60-a66b-523986131536
2022-09-29 01:24:53,195 [pool-854-thread-1] INFO  server.RaftServerConfigKeys (ConfUtils.java:logGet(46)) - raft.server.log.queue.byte-limit = 64MB (=67108864) (default)
2022-09-29 01:24:53,195 [pool-854-thread-1] INFO  server.RaftServerConfigKeys (ConfUtils.java:logGet(46)) - raft.server.log.queue.element-limit = 4096 (default)
2022-09-29 01:24:53,195 [pool-854-thread-1] INFO  server.RaftServerConfigKeys (ConfUtils.java:logGet(46)) - raft.server.log.segment.size.max = 4194304 (custom)
2022-09-29 01:24:53,195 [pool-854-thread-1] INFO  server.RaftServerConfigKeys (ConfUtils.java:logGet(46)) - raft.server.log.preallocated.size = 4194304 (custom)
2022-09-29 01:24:53,195 [pool-854-thread-1] INFO  server.RaftServerConfigKeys (ConfUtils.java:logGet(46)) - raft.server.log.force.sync.num = 128 (default)
2022-09-29 01:24:53,195 [pool-854-thread-1] INFO  server.RaftServerConfigKeys (ConfUtils.java:logGet(46)) - raft.server.log.statemachine.data.sync = true (default)
2022-09-29 01:24:53,196 [pool-854-thread-1] INFO  server.RaftServerConfigKeys (ConfUtils.java:logGet(46)) - raft.server.log.statemachine.data.sync.timeout = 10s (default)
2022-09-29 01:24:53,196 [pool-854-thread-1] INFO  server.RaftServerConfigKeys (ConfUtils.java:logGet(46)) - raft.server.log.statemachine.data.sync.timeout.retry = -1 (default)
2022-09-29 01:24:53,196 [pool-854-thread-1] INFO  server.RaftServerConfigKeys (ConfUtils.java:logGet(46)) - raft.server.log.write.buffer.size = 64KB (=65536) (default)
2022-09-29 01:24:53,196 [pool-854-thread-1] INFO  server.RaftServerConfigKeys (ConfUtils.java:logGet(46)) - raft.server.log.unsafe-flush.enabled = false (default)
2022-09-29 01:24:53,196 [pool-854-thread-1] INFO  server.RaftServerConfigKeys (ConfUtils.java:logGet(46)) - raft.server.log.statemachine.data.caching.enabled = false (default)
2022-09-29 01:24:53,197 [pool-854-thread-1] INFO  server.RaftServer$Division (ServerState.java:setRaftConf(393)) - omNode-3@group-523986131536: set configuration 0: [omNode-3|rpc:localhost:46443|admin:|client:|dataStream:|priority:0, omNode-1|rpc:localhost:33053|admin:|client:|dataStream:|priority:0, omNode-2|rpc:localhost:32823|admin:|client:|dataStream:|priority:0], old=null
2022-09-29 01:24:53,204 [pool-854-thread-1] INFO  segmented.LogSegment (LogSegment.java:loadSegment(173)) - Successfully read 585 entries from segment file /home/runner/work/ozone/ozone/hadoop-ozone/integration-test/target/test-dir/MiniOzoneClusterImpl-0d15d221-0049-42ab-bf49-1e4b736e68e8/omNode-3/ratis/c9bc4cf4-3bc3-3c60-a66b-523986131536/current/log_inprogress_0
2022-09-29 01:24:53,204 [pool-854-thread-1] INFO  segmented.SegmentedRaftLogWorker (SegmentedRaftLogWorker.java:lambda$new$0(135)) - omNode-3@group-523986131536-SegmentedRaftLogWorker: flushIndex: setUnconditionally 0 -> 584
2022-09-29 01:24:53,204 [pool-854-thread-1] INFO  segmented.SegmentedRaftLogWorker (SegmentedRaftLogWorker.java:lambda$new$0(135)) - omNode-3@group-523986131536-SegmentedRaftLogWorker: safeCacheEvictIndex: setUnconditionally 0 -> -1
2022-09-29 01:24:53,204 [pool-854-thread-1] INFO  raftlog.RaftLog (RaftLogBase.java:lambda$new$0(53)) - omNode-3@group-523986131536-SegmentedRaftLog: commitIndex: updateToMax old=583, new=583, updated? false
2022-09-29 01:24:53,204 [pool-854-thread-1] INFO  server.RaftServerConfigKeys (ConfUtils.java:logGet(46)) - raft.server.snapshot.auto.trigger.enabled = true (custom)
2022-09-29 01:24:53,204 [pool-854-thread-1] INFO  server.RaftServerConfigKeys (ConfUtils.java:logGet(46)) - raft.server.snapshot.auto.trigger.threshold = 50 (custom)
2022-09-29 01:24:53,204 [pool-854-thread-1] INFO  server.RaftServerConfigKeys (ConfUtils.java:logGet(46)) - raft.server.snapshot.retention.file.num = -1 (default)
2022-09-29 01:24:53,204 [pool-854-thread-1] INFO  server.RaftServerConfigKeys (ConfUtils.java:logGet(46)) - raft.server.log.purge.upto.snapshot.index = true (custom)
2022-09-29 01:24:53,204 [pool-854-thread-1] INFO  server.RaftServerConfigKeys (ConfUtils.java:logGet(46)) - raft.server.retrycache.expirytime = 30000ms (custom)
2022-09-29 01:24:53,204 [pool-854-thread-1] INFO  server.RaftServerConfigKeys (ConfUtils.java:logGet(46)) - raft.server.retrycache.statistics.expirytime = 100μs (default)
2022-09-29 01:24:53,205 [pool-854-thread-1] INFO  server.RaftServerConfigKeys (ConfUtils.java:logGet(46)) - raft.server.log.appender.install.snapshot.enabled = false (custom)
2022-09-29 01:24:53,205 [pool-854-thread-1] INFO  server.RaftServerConfigKeys (ConfUtils.java:logGet(46)) - raft.server.threadpool.server.cached = true (default)
2022-09-29 01:24:53,205 [pool-854-thread-1] INFO  server.RaftServerConfigKeys (ConfUtils.java:logGet(46)) - raft.server.threadpool.server.size = 0 (default)
2022-09-29 01:24:53,205 [pool-854-thread-1] INFO  server.RaftServerConfigKeys (ConfUtils.java:logGet(46)) - raft.server.threadpool.client.cached = true (default)
2022-09-29 01:24:53,205 [pool-854-thread-1] INFO  server.RaftServerConfigKeys (ConfUtils.java:logGet(46)) - raft.server.threadpool.client.size = 0 (default)
2022-09-29 01:24:53,206 [omNode-3-impl-thread1] INFO  server.RaftServer$Division (RaftServerImpl.java:start(310)) - omNode-3@group-523986131536: start as a follower, conf=0: [omNode-3|rpc:localhost:46443|admin:|client:|dataStream:|priority:0, omNode-1|rpc:localhost:33053|admin:|client:|dataStream:|priority:0, omNode-2|rpc:localhost:32823|admin:|client:|dataStream:|priority:0], old=null
2022-09-29 01:24:53,206 [omNode-3-impl-thread1] INFO  server.RaftServer$Division (RaftServerImpl.java:setRole(299)) - omNode-3@group-523986131536: changes role from      null to FOLLOWER at term 2 for startAsFollower
2022-09-29 01:24:53,206 [omNode-3-impl-thread1] INFO  impl.RoleInfo (RoleInfo.java:updateAndGet(139)) - omNode-3: start omNode-3@group-523986131536-FollowerState
2022-09-29 01:24:53,206 [omNode-3-impl-thread1] ERROR util.JmxRegister (JmxRegister.java:tryRegister(40)) - Failed to register JMX Bean with name Ratis:service=RaftServer,group=group-523986131536,id=omNode-3
javax.management.InstanceAlreadyExistsException: Ratis:service=RaftServer,group=group-523986131536,id=omNode-3
	at com.sun.jmx.mbeanserver.Repository.addMBean(Repository.java:437)
	at com.sun.jmx.interceptor.DefaultMBeanServerInterceptor.registerWithRepository(DefaultMBeanServerInterceptor.java:1898)
	at com.sun.jmx.interceptor.DefaultMBeanServerInterceptor.registerDynamicMBean(DefaultMBeanServerInterceptor.java:966)
	at com.sun.jmx.interceptor.DefaultMBeanServerInterceptor.registerObject(DefaultMBeanServerInterceptor.java:900)
	at com.sun.jmx.interceptor.DefaultMBeanServerInterceptor.registerMBean(DefaultMBeanServerInterceptor.java:324)
	at com.sun.jmx.mbeanserver.JmxMBeanServer.registerMBean(JmxMBeanServer.java:522)
	at org.apache.ratis.util.JmxRegister.tryRegister(JmxRegister.java:38)
	at org.apache.ratis.util.JmxRegister.register(JmxRegister.java:56)
	at org.apache.ratis.server.impl.RaftServerImpl.registerMBean(RaftServerImpl.java:329)
	at org.apache.ratis.server.impl.RaftServerImpl.start(RaftServerImpl.java:320)
	at org.apache.ratis.util.ConcurrentUtils.lambda$null$3(ConcurrentUtils.java:162)
	at java.util.concurrent.ThreadPoolExecutor.runWorker(ThreadPoolExecutor.java:1149)
	at java.util.concurrent.ThreadPoolExecutor$Worker.run(ThreadPoolExecutor.java:624)
	at java.lang.Thread.run(Thread.java:750)
2022-09-29 01:24:53,206 [omNode-3-impl-thread1] INFO  util.JmxRegister (JmxRegister.java:tryRegister(44)) - Successfully registered JMX Bean with object name Ratis:service=RaftServer,group=group-523986131536,id="omNode-3"
2022-09-29 01:24:53,214 [Listener at localhost/44309] INFO  server.RaftServer (RaftServerProxy.java:lambda$start$6(382)) - omNode-3: start RPC server
2022-09-29 01:24:53,231 [Listener at localhost/44309] INFO  server.GrpcService (GrpcService.java:startImpl(260)) - omNode-3: GrpcService started, listening on 46443
2022-09-29 01:24:53,232 [Listener at localhost/44309] INFO  om.OzoneManager (OzoneManager.java:getRpcServer(1099)) - Creating RPC Server
2022-09-29 01:24:53,233 [org.apache.ratis.util.JvmPauseMonitor$$Lambda$699/1983328127@1646e8ec] INFO  util.JvmPauseMonitor (JvmPauseMonitor.java:run(103)) - JvmPauseMonitor-omNode-3: Started
2022-09-29 01:24:53,463 [grpc-default-executor-2] WARN  server.GrpcLogAppender (LogUtils.java:warn(122)) - omNode-1@group-523986131536->omNode-3-AppendLogResponseHandler: Failed appendEntries: org.apache.ratis.thirdparty.io.grpc.StatusRuntimeException: UNAVAILABLE: io exception
2022-09-29 01:24:53,463 [grpc-default-executor-2] INFO  leader.FollowerInfo (FollowerInfoImpl.java:lambda$new$0(48)) - omNode-1@group-523986131536->omNode-3: nextIndex: updateUnconditionally 585 -> 584
2022-09-29 01:24:53,492 [omNode-3-server-thread1] INFO  server.RaftServer$Division (ServerState.java:setLeader(287)) - omNode-3@group-523986131536: change Leader from null to omNode-1 at term 2 for appendEntries, leader elected after 297ms
2022-09-29 01:24:53,847 [Listener at localhost/44309] INFO  reflections.Reflections (Reflections.java:scan(232)) - Reflections took 614 ms to scan 19 urls, producing 67 keys and 4214 values [using 2 cores]
2022-09-29 01:24:53,849 [Listener at localhost/44309] INFO  ipc.CallQueueManager (CallQueueManager.java:<init>(90)) - Using callQueue: class java.util.concurrent.LinkedBlockingQueue, queueCapacity: 2000, scheduler: class org.apache.hadoop.ipc.DefaultRpcScheduler, ipcBackoff: false.
2022-09-29 01:24:53,849 [Socket Reader #1 for port 44309] INFO  ipc.Server (Server.java:run(1265)) - Starting Socket Reader #1 for port 44309
2022-09-29 01:24:53,857 [Listener at localhost/44309] INFO  http.BaseHttpServer (BaseHttpServer.java:newHttpServer2BuilderForOzone(213)) - Starting Web-server for ozoneManager at: http://0.0.0.0:45483
2022-09-29 01:24:53,858 [Listener at localhost/44309] INFO  http.BaseHttpServer (BaseHttpServer.java:<init>(108)) - Hadoop Security Enabled: false Ozone Security Enabled: false Ozone HTTP Security Enabled: false 
2022-09-29 01:24:53,858 [Listener at localhost/44309] INFO  server.AuthenticationFilter (AuthenticationFilter.java:constructSecretProvider(240)) - Unable to initialize FileSignerSecretProvider, falling back to use random secrets.
2022-09-29 01:24:53,871 [Listener at localhost/44309] WARN  http.HttpRequestLog (HttpRequestLog.java:getRequestLog(103)) - Jetty request log can only be enabled using Log4j
2022-09-29 01:24:53,873 [Listener at localhost/44309] INFO  http.HttpServer2 (HttpServer2.java:addGlobalFilter(1029)) - Added global filter 'safety' (class=org.apache.hadoop.hdds.server.http.HttpServer2$QuotingInputFilter)
2022-09-29 01:24:53,873 [Listener at localhost/44309] INFO  http.HttpServer2 (HttpServer2.java:addFilter(1005)) - Added filter static_user_filter (class=org.apache.hadoop.http.lib.StaticUserWebFilter$StaticUserFilter) to context ozoneManager
2022-09-29 01:24:53,873 [Listener at localhost/44309] INFO  http.HttpServer2 (HttpServer2.java:addFilter(1013)) - Added filter static_user_filter (class=org.apache.hadoop.http.lib.StaticUserWebFilter$StaticUserFilter) to context logs
2022-09-29 01:24:53,873 [Listener at localhost/44309] INFO  http.HttpServer2 (HttpServer2.java:addFilter(1013)) - Added filter static_user_filter (class=org.apache.hadoop.http.lib.StaticUserWebFilter$StaticUserFilter) to context static
2022-09-29 01:24:53,877 [Listener at localhost/44309] INFO  http.HttpServer2 (HttpServer2.java:bindListener(1248)) - Jetty bound to port 45483
2022-09-29 01:24:53,877 [Listener at localhost/44309] INFO  server.Server (Server.java:doStart(375)) - jetty-9.4.43.v20210629; built: 2021-06-30T11:07:22.254Z; git: 526006ecfa3af7f1a27ef3a288e2bef7ea9dd7e8; jvm 1.8.0_345-b01
2022-09-29 01:24:53,890 [Listener at localhost/44309] INFO  server.session (DefaultSessionIdManager.java:doStart(334)) - DefaultSessionIdManager workerName=node0
2022-09-29 01:24:53,891 [Listener at localhost/44309] INFO  server.session (DefaultSessionIdManager.java:doStart(339)) - No SessionScavenger set, using defaults
2022-09-29 01:24:53,891 [Listener at localhost/44309] INFO  server.session (HouseKeeper.java:startScavenging(132)) - node0 Scavenging every 600000ms
2022-09-29 01:24:53,906 [Listener at localhost/44309] INFO  handler.ContextHandler (ContextHandler.java:doStart(915)) - Started o.e.j.s.ServletContextHandler@22fb1bcc{logs,/logs,file:///home/runner/work/ozone/ozone/hadoop-ozone/integration-test/target/log,AVAILABLE}
2022-09-29 01:24:53,906 [Listener at localhost/44309] INFO  handler.ContextHandler (ContextHandler.java:doStart(915)) - Started o.e.j.s.ServletContextHandler@682d4691{static,/static,file:///home/runner/work/ozone/ozone/hadoop-ozone/integration-test/target/test-classes/webapps/static,AVAILABLE}
2022-09-29 01:24:53,909 [Listener at localhost/44309] INFO  handler.ContextHandler (ContextHandler.java:doStart(915)) - Started o.e.j.w.WebAppContext@2d1d441e{ozoneManager,/,file:///home/runner/work/ozone/ozone/hadoop-ozone/integration-test/target/test-classes/webapps/ozoneManager/,AVAILABLE}{file:/home/runner/work/ozone/ozone/hadoop-ozone/integration-test/target/test-classes/webapps/ozoneManager}
2022-09-29 01:24:53,922 [Listener at localhost/44309] INFO  server.AbstractConnector (AbstractConnector.java:doStart(331)) - Started ServerConnector@7aec7779{HTTP/1.1, (http/1.1)}{0.0.0.0:45483}
2022-09-29 01:24:53,922 [Listener at localhost/44309] INFO  server.Server (Server.java:doStart(415)) - Started @125701ms
2022-09-29 01:24:53,922 [Listener at localhost/44309] WARN  impl.MetricsSystemImpl (MetricsSystemImpl.java:register(279)) - Sink prometheus already exists!
2022-09-29 01:24:53,922 [Listener at localhost/44309] INFO  http.BaseHttpServer (BaseHttpServer.java:updateConnectorAddress(333)) - HTTP server of ozoneManager listening at http://0.0.0.0:45483
2022-09-29 01:24:53,924 [IPC Server Responder] INFO  ipc.Server (Server.java:run(1507)) - IPC Server Responder: starting
2022-09-29 01:24:53,928 [IPC Server listener on 44309] INFO  ipc.Server (Server.java:run(1344)) - IPC Server listener on 44309: starting
2022-09-29 01:24:53,942 [Listener at localhost/44309] INFO  om.OzoneManager (OzoneManager.java:startTrashEmptier(1920)) - Trash Interval set to 0. Files deleted won't move to trash
2022-09-29 01:24:53,943 [Listener at localhost/44309] INFO  om.OzoneManager (OzoneManager.java:stop(2035)) - omNode-1[localhost:36081]: Stopping Ozone Manager
2022-09-29 01:24:53,943 [Listener at localhost/44309] INFO  ipc.Server (Server.java:stop(3414)) - Stopping server on 36081
2022-09-29 01:24:53,946 [org.apache.hadoop.util.JvmPauseMonitor$Monitor@22886fc1] INFO  util.JvmPauseMonitor (JvmPauseMonitor.java:run(188)) - Starting JVM pause monitor
2022-09-29 01:24:53,947 [IPC Server listener on 36081] INFO  ipc.Server (Server.java:run(1376)) - Stopping IPC Server listener on 36081
2022-09-29 01:24:53,948 [IPC Server Responder] INFO  ipc.Server (Server.java:run(1512)) - Stopping IPC Server Responder
2022-09-29 01:24:53,949 [Listener at localhost/44309] INFO  server.RaftServer (RaftServerProxy.java:lambda$close$7(398)) - omNode-1: close
2022-09-29 01:24:53,949 [Listener at localhost/44309] INFO  server.RaftServer$Division (RaftServerImpl.java:lambda$close$4(434)) - omNode-1@group-523986131536: shutdown
2022-09-29 01:24:53,949 [Listener at localhost/44309] INFO  util.JmxRegister (JmxRegister.java:unregister(73)) - Successfully un-registered JMX Bean with object name Ratis:service=RaftServer,group=group-523986131536,id=omNode-1
2022-09-29 01:24:53,950 [Listener at localhost/44309] INFO  impl.RoleInfo (RoleInfo.java:shutdownLeaderState(93)) - omNode-1: shutdown omNode-1@group-523986131536-LeaderStateImpl
2022-09-29 01:24:53,950 [Listener at localhost/44309] INFO  impl.PendingRequests (PendingRequests.java:sendNotLeaderResponses(282)) - omNode-1@group-523986131536-PendingRequests: sendNotLeaderResponses
2022-09-29 01:24:53,950 [omNode-1@group-523986131536->omNode-2-GrpcLogAppender-LogAppenderDaemon] WARN  server.GrpcLogAppender (GrpcLogAppender.java:mayWait(171)) - omNode-1@group-523986131536->omNode-2-GrpcLogAppender: Wait interrupted by java.lang.InterruptedException
2022-09-29 01:24:53,950 [omNode-1@group-523986131536->omNode-3-GrpcLogAppender-LogAppenderDaemon] WARN  server.GrpcLogAppender (GrpcLogAppender.java:mayWait(171)) - omNode-1@group-523986131536->omNode-3-GrpcLogAppender: Wait interrupted by java.lang.InterruptedException
2022-09-29 01:24:53,951 [grpc-default-executor-2] INFO  server.GrpcServerProtocolService (GrpcServerProtocolService.java:onCompleted(140)) - omNode-3: Completed APPEND_ENTRIES, lastRequest: omNode-1->omNode-3#791801-t2,previous=(t:2, i:583),leaderCommit=584,initializing? true,entries: size=1, first=(t:2, i:584), METADATAENTRY(c:583)
2022-09-29 01:24:53,952 [grpc-default-executor-0] INFO  server.GrpcServerProtocolService (GrpcServerProtocolService.java:onCompleted(140)) - omNode-2: Completed APPEND_ENTRIES, lastRequest: omNode-1->omNode-2#1455-t2,previous=(t:2, i:583),leaderCommit=583,initializing? true,entries: size=1, first=(t:2, i:584), METADATAENTRY(c:583)
2022-09-29 01:24:53,952 [grpc-default-executor-3] INFO  server.GrpcLogAppender (GrpcLogAppender.java:onCompleted(339)) - omNode-1@group-523986131536->omNode-3-AppendLogResponseHandler: follower responses appendEntries COMPLETED
2022-09-29 01:24:53,952 [grpc-default-executor-3] INFO  leader.FollowerInfo (FollowerInfoImpl.java:lambda$new$0(48)) - omNode-1@group-523986131536->omNode-3: nextIndex: updateUnconditionally 585 -> 584
2022-09-29 01:24:53,952 [grpc-default-executor-3] INFO  server.GrpcLogAppender (GrpcLogAppender.java:onCompleted(339)) - omNode-1@group-523986131536->omNode-2-AppendLogResponseHandler: follower responses appendEntries COMPLETED
2022-09-29 01:24:53,953 [grpc-default-executor-3] INFO  leader.FollowerInfo (FollowerInfoImpl.java:lambda$new$0(48)) - omNode-1@group-523986131536->omNode-2: nextIndex: updateUnconditionally 585 -> 584
2022-09-29 01:24:53,957 [Listener at localhost/44309] INFO  impl.StateMachineUpdater (StateMachineUpdater.java:stopAndJoin(153)) - omNode-1@group-523986131536-StateMachineUpdater: set stopIndex = 584
2022-09-29 01:24:53,957 [omNode-1@group-523986131536-StateMachineUpdater] INFO  ratis.OzoneManagerStateMachine (OzoneManagerStateMachine.java:takeSnapshot(441)) - Current Snapshot Index (t:2, i:584)
2022-09-29 01:24:53,958 [omNode-1@group-523986131536-StateMachineUpdater] INFO  impl.StateMachineUpdater (StateMachineUpdater.java:takeSnapshot(287)) - omNode-1@group-523986131536-StateMachineUpdater: Took a snapshot at index 584
2022-09-29 01:24:53,958 [omNode-1@group-523986131536-StateMachineUpdater] INFO  impl.StateMachineUpdater (StateMachineUpdater.java:lambda$new$0(92)) - omNode-1@group-523986131536-StateMachineUpdater: snapshotIndex: updateIncreasingly 550 -> 584
2022-09-29 01:24:53,958 [omNode-1@group-523986131536-StateMachineUpdater] INFO  ratis.OzoneManagerStateMachine (OzoneManagerStateMachine.java:close(495)) - StateMachine has shutdown. Shutdown OzoneManager if not already shutdown.
2022-09-29 01:24:53,958 [omNode-1@group-523986131536-StateMachineUpdater] INFO  ratis.OzoneManagerDoubleBuffer (OzoneManagerDoubleBuffer.java:stop(466)) - Stopping OMDoubleBuffer flush thread
2022-09-29 01:24:53,960 [OMDoubleBufferFlushThread] INFO  ratis.OzoneManagerDoubleBuffer (OzoneManagerDoubleBuffer.java:flushTransactions(385)) - OMDoubleBuffer flush thread OMDoubleBufferFlushThread is interrupted and will exit.
2022-09-29 01:24:53,968 [Listener at localhost/44309] INFO  server.RaftServer$Division (ServerState.java:close(429)) - omNode-1@group-523986131536: closes. applyIndex: 584
2022-09-29 01:24:53,968 [omNode-1@group-523986131536-SegmentedRaftLogWorker] INFO  segmented.SegmentedRaftLogWorker (SegmentedRaftLogWorker.java:run(336)) - omNode-1@group-523986131536-SegmentedRaftLogWorker was interrupted, exiting. There are 0 tasks remaining in the queue.
2022-09-29 01:24:53,969 [Listener at localhost/44309] INFO  segmented.SegmentedRaftLogWorker (SegmentedRaftLogWorker.java:close(246)) - omNode-1@group-523986131536-SegmentedRaftLogWorker close()
2022-09-29 01:24:53,969 [Listener at localhost/44309] INFO  server.GrpcService (GrpcService.java:closeImpl(269)) - omNode-1: shutdown server with port 33053 now
2022-09-29 01:24:53,989 [Listener at localhost/44309] INFO  server.GrpcService (GrpcService.java:closeImpl(278)) - omNode-1: shutdown server with port 33053 successfully
2022-09-29 01:24:53,989 [org.apache.ratis.util.JvmPauseMonitor$$Lambda$699/1983328127@17669f57] INFO  util.JvmPauseMonitor (JvmPauseMonitor.java:run(109)) - JvmPauseMonitor-omNode-1: Stopped
2022-09-29 01:24:53,989 [Listener at localhost/44309] INFO  ratis.OzoneManagerStateMachine (OzoneManagerStateMachine.java:close(495)) - StateMachine has shutdown. Shutdown OzoneManager if not already shutdown.
2022-09-29 01:24:53,989 [Listener at localhost/44309] INFO  ratis.OzoneManagerDoubleBuffer (OzoneManagerDoubleBuffer.java:stop(478)) - OMDoubleBuffer flush thread is not running.
2022-09-29 01:24:53,989 [Listener at localhost/44309] INFO  utils.BackgroundService (BackgroundService.java:shutdown(141)) - Shutting down service KeyDeletingService
2022-09-29 01:24:53,990 [Listener at localhost/44309] INFO  utils.BackgroundService (BackgroundService.java:shutdown(141)) - Shutting down service DirectoryDeletingService
2022-09-29 01:24:53,990 [Listener at localhost/44309] INFO  utils.BackgroundService (BackgroundService.java:shutdown(141)) - Shutting down service OpenKeyCleanupService
2022-09-29 01:24:53,990 [Listener at localhost/44309] INFO  handler.ContextHandler (ContextHandler.java:doStop(1153)) - Stopped o.e.j.w.WebAppContext@1342f774{ozoneManager,/,null,STOPPED}{file:/home/runner/work/ozone/ozone/hadoop-ozone/integration-test/target/test-classes/webapps/ozoneManager}
2022-09-29 01:24:53,991 [Listener at localhost/44309] INFO  server.AbstractConnector (AbstractConnector.java:doStop(381)) - Stopped ServerConnector@647d40ce{HTTP/1.1, (http/1.1)}{0.0.0.0:42923}
2022-09-29 01:24:53,991 [Listener at localhost/44309] INFO  server.session (HouseKeeper.java:stopScavenging(149)) - node0 Stopped scavenging
2022-09-29 01:24:53,991 [Listener at localhost/44309] INFO  handler.ContextHandler (ContextHandler.java:doStop(1153)) - Stopped o.e.j.s.ServletContextHandler@24eb0b25{static,/static,file:///home/runner/work/ozone/ozone/hadoop-ozone/integration-test/target/test-classes/webapps/static,STOPPED}
2022-09-29 01:24:53,991 [Listener at localhost/44309] INFO  handler.ContextHandler (ContextHandler.java:doStop(1153)) - Stopped o.e.j.s.ServletContextHandler@5b581041{logs,/logs,file:///home/runner/work/ozone/ozone/hadoop-ozone/integration-test/target/log,STOPPED}
2022-09-29 01:24:54,000 [Listener at localhost/44309] INFO  om.OzoneManager (OzoneManager.java:restart(1572)) - OzoneManager RPC server is listening at localhost/127.0.0.1:36081
2022-09-29 01:24:54,000 [Listener at localhost/44309] INFO  impl.MetricsSystemImpl (MetricsSystemImpl.java:init(158)) - OzoneManager metrics system started (again)
2022-09-29 01:24:54,019 [Listener at localhost/44309] WARN  server.ServerUtils (ServerUtils.java:getDBPath(225)) - ozone.om.db.dirs is not configured. We recommend adding this setting. Falling back to ozone.metadata.dirs instead.
2022-09-29 01:24:54,020 [Listener at localhost/44309] INFO  codec.OmKeyInfoCodec (OmKeyInfoCodec.java:<init>(49)) - OmKeyInfoCodec ignorePipeline = true
2022-09-29 01:24:54,020 [Listener at localhost/44309] INFO  codec.RepeatedOmKeyInfoCodec (RepeatedOmKeyInfoCodec.java:<init>(41)) - RepeatedOmKeyInfoCodec ignorePipeline = true
2022-09-29 01:24:54,124 [Listener at localhost/44309] INFO  om.OzoneManager (OzoneManager.java:instantiateServices(709)) - S3 Multi-Tenancy is disabled
2022-09-29 01:24:54,129 [Listener at localhost/44309] WARN  impl.MetricRegistriesImpl (MetricRegistriesImpl.java:addReporterRegistration(111)) - New reporters are added after registries were created. Some metrics will be missing from the reporter. Please add reporter before adding any new registry.
2022-09-29 01:24:54,129 [Listener at localhost/44309] WARN  impl.MetricRegistriesImpl (MetricRegistriesImpl.java:addReporterRegistration(111)) - New reporters are added after registries were created. Some metrics will be missing from the reporter. Please add reporter before adding any new registry.
2022-09-29 01:24:54,129 [Listener at localhost/44309] WARN  server.ServerUtils (ServerUtils.java:getDefaultRatisDirectory(237)) - Storage directory for Ratis is not configured. It is a good idea to map this to an SSD disk. Falling back to ozone.metadata.dirs
2022-09-29 01:24:54,130 [Listener at localhost/44309] INFO  ratis.OzoneManagerRatisServer (OzoneManagerRatisServer.java:<init>(160)) - Instantiating OM Ratis server with groupID: om-service-test1 and peers: localhost:33053, localhost:46443, localhost:32823
2022-09-29 01:24:54,130 [Listener at localhost/44309] INFO  ratis.OzoneManagerStateMachine (OzoneManagerStateMachine.java:loadSnapshotInfoFromDB(632)) - LastAppliedIndex is set from TransactionInfo from OM DB as (t:2, i:584)
2022-09-29 01:24:54,131 [Listener at localhost/44309] INFO  server.RaftServer (ConfUtils.java:logGet(46)) - raft.rpc.type = GRPC (default)
2022-09-29 01:24:54,131 [Listener at localhost/44309] INFO  grpc.GrpcFactory (GrpcFactory.java:checkPooledByteBufAllocatorUseCacheForAllThreads(48)) - PERFORMANCE WARNING: useCacheForAllThreads is true that may cause Netty to create a lot garbage objects and, as a result, trigger GC.
	It is recommended to disable useCacheForAllThreads by setting -Dorg.apache.ratis.thirdparty.io.netty.allocator.useCacheForAllThreads=false in command line.
2022-09-29 01:24:54,131 [Listener at localhost/44309] INFO  grpc.GrpcConfigKeys (ConfUtils.java:logGet(46)) - raft.grpc.admin.port = -1 (default)
2022-09-29 01:24:54,131 [Listener at localhost/44309] INFO  grpc.GrpcConfigKeys (ConfUtils.java:logGet(46)) - raft.grpc.server.port = 33053 (custom)
2022-09-29 01:24:54,132 [Listener at localhost/44309] INFO  grpc.GrpcConfigKeys (ConfUtils.java:logGet(46)) - raft.grpc.client.port = -1 (default)
2022-09-29 01:24:54,132 [Listener at localhost/44309] INFO  grpc.GrpcConfigKeys (ConfUtils.java:logGet(46)) - raft.grpc.server.port = 33053 (custom)
2022-09-29 01:24:54,132 [Listener at localhost/44309] INFO  grpc.GrpcConfigKeys (ConfUtils.java:logGet(46)) - raft.grpc.server.port = 33053 (custom)
2022-09-29 01:24:54,132 [Listener at localhost/44309] INFO  server.GrpcService (ConfUtils.java:logGet(46)) - raft.grpc.message.size.max = 33554432 (custom)
2022-09-29 01:24:54,132 [Listener at localhost/44309] INFO  server.RaftServerConfigKeys (ConfUtils.java:logGet(46)) - raft.server.log.appender.buffer.byte-limit = 33554432 (custom)
2022-09-29 01:24:54,132 [Listener at localhost/44309] INFO  server.GrpcService (ConfUtils.java:logGet(46)) - raft.grpc.flow.control.window = 1MB (=1048576) (default)
2022-09-29 01:24:54,132 [Listener at localhost/44309] INFO  server.RaftServerConfigKeys (ConfUtils.java:logGet(46)) - raft.server.rpc.request.timeout = 3000ms (default)
2022-09-29 01:24:54,132 [Listener at localhost/44309] INFO  grpc.GrpcConfigKeys (ConfUtils.java:logGet(46)) - raft.grpc.server.async.request.thread.pool.cached = true (default)
2022-09-29 01:24:54,133 [Listener at localhost/44309] INFO  grpc.GrpcConfigKeys (ConfUtils.java:logGet(46)) - raft.grpc.server.async.request.thread.pool.size = 32 (default)
2022-09-29 01:24:54,134 [Listener at localhost/44309] INFO  impl.DataStreamServerImpl (ConfUtils.java:logGet(46)) - raft.datastream.type = DISABLED (default)
2022-09-29 01:24:54,134 [Listener at localhost/44309] INFO  server.RaftServerConfigKeys (ConfUtils.java:logGet(46)) - raft.server.threadpool.proxy.cached = true (default)
2022-09-29 01:24:54,134 [Listener at localhost/44309] INFO  server.RaftServerConfigKeys (ConfUtils.java:logGet(46)) - raft.server.threadpool.proxy.size = 0 (default)
2022-09-29 01:24:54,134 [Listener at localhost/44309] INFO  server.RaftServerConfigKeys (ConfUtils.java:logGet(46)) - raft.server.rpc.slowness.timeout = 2s (custom)
2022-09-29 01:24:54,134 [Listener at localhost/44309] INFO  server.RaftServerConfigKeys (ConfUtils.java:logGet(46)) - raft.server.leaderelection.leader.step-down.wait-time = 10s (default)
2022-09-29 01:24:54,134 [Listener at localhost/44309] INFO  server.RaftServerConfigKeys (ConfUtils.java:logGet(46)) - raft.server.storage.dir = [/home/runner/work/ozone/ozone/hadoop-ozone/integration-test/target/test-dir/MiniOzoneClusterImpl-0d15d221-0049-42ab-bf49-1e4b736e68e8/omNode-1/ratis] (custom)
2022-09-29 01:24:54,135 [omNode-1-impl-thread1] INFO  server.RaftServer (RaftServerProxy.java:initGroupDir(247)) - omNode-1: found a subdirectory /home/runner/work/ozone/ozone/hadoop-ozone/integration-test/target/test-dir/MiniOzoneClusterImpl-0d15d221-0049-42ab-bf49-1e4b736e68e8/omNode-1/ratis/c9bc4cf4-3bc3-3c60-a66b-523986131536
2022-09-29 01:24:54,135 [Listener at localhost/44309] INFO  server.RaftServer (RaftServerProxy.java:addNew(96)) - omNode-1: addNew group-523986131536:[omNode-3|rpc:localhost:46443|priority:0, omNode-1|rpc:localhost:33053|priority:0, omNode-2|rpc:localhost:32823|priority:0] returns group-523986131536:java.util.concurrent.CompletableFuture@62a3a8a8[Not completed]
2022-09-29 01:24:54,135 [Listener at localhost/44309] INFO  om.OzoneManager (OzoneManager.java:initializeRatisServer(1976)) - OzoneManager Ratis server initialized at port 33053
2022-09-29 01:24:54,135 [Listener at localhost/44309] INFO  ratis.OzoneManagerRatisServer (OzoneManagerRatisServer.java:start(555)) - Starting OzoneManagerRatisServer omNode-1 at port 33053
2022-09-29 01:24:54,136 [pool-878-thread-1] INFO  server.RaftServer$Division (RaftServerImpl.java:<init>(190)) - omNode-1: new RaftServerImpl for group-523986131536:[omNode-3|rpc:localhost:46443|priority:0, omNode-1|rpc:localhost:33053|priority:0, omNode-2|rpc:localhost:32823|priority:0] with OzoneManagerStateMachine:uninitialized
2022-09-29 01:24:54,136 [pool-878-thread-1] INFO  server.RaftServerConfigKeys (ConfUtils.java:logGet(46)) - raft.server.rpc.timeout.min = 1s (custom)
2022-09-29 01:24:54,136 [pool-878-thread-1] INFO  server.RaftServerConfigKeys (ConfUtils.java:logGet(46)) - raft.server.rpc.timeout.max = 1200ms (custom)
2022-09-29 01:24:54,136 [pool-878-thread-1] INFO  server.RaftServerConfigKeys (ConfUtils.java:logGet(46)) - raft.server.rpc.sleep.time = 25ms (default)
2022-09-29 01:24:54,136 [pool-878-thread-1] INFO  server.RaftServerConfigKeys (ConfUtils.java:logGet(46)) - raft.server.rpc.slowness.timeout = 2s (custom)
2022-09-29 01:24:54,136 [pool-878-thread-1] INFO  server.RaftServerConfigKeys (ConfUtils.java:logGet(46)) - raft.server.leaderelection.leader.step-down.wait-time = 10s (default)
2022-09-29 01:24:54,136 [pool-878-thread-1] INFO  server.RaftServerConfigKeys (ConfUtils.java:logGet(46)) - raft.server.sleep.deviation.threshold = 300ms (default)
2022-09-29 01:24:54,136 [pool-878-thread-1] INFO  server.RaftServer$Division (ServerState.java:<init>(107)) - omNode-1@group-523986131536: ConfigurationManager, init=-1: [omNode-3|rpc:localhost:46443|priority:0, omNode-1|rpc:localhost:33053|priority:0, omNode-2|rpc:localhost:32823|priority:0], old=null, confs=<EMPTY_MAP>
2022-09-29 01:24:54,136 [pool-878-thread-1] INFO  server.RaftServerConfigKeys (ConfUtils.java:logGet(46)) - raft.server.storage.dir = [/home/runner/work/ozone/ozone/hadoop-ozone/integration-test/target/test-dir/MiniOzoneClusterImpl-0d15d221-0049-42ab-bf49-1e4b736e68e8/omNode-1/ratis] (custom)
2022-09-29 01:24:54,136 [pool-878-thread-1] INFO  server.RaftServerConfigKeys (ConfUtils.java:logGet(46)) - raft.server.log.corruption.policy = EXCEPTION (default)
2022-09-29 01:24:54,136 [pool-878-thread-1] INFO  server.RaftServerConfigKeys (ConfUtils.java:logGet(46)) - raft.server.storage.free-space.min = 0MB (=0) (default)
2022-09-29 01:24:54,140 [pool-878-thread-1] INFO  storage.RaftStorageDirectory (RaftStorageDirectoryImpl.java:tryLock(230)) - Lock on /home/runner/work/ozone/ozone/hadoop-ozone/integration-test/target/test-dir/MiniOzoneClusterImpl-0d15d221-0049-42ab-bf49-1e4b736e68e8/omNode-1/ratis/c9bc4cf4-3bc3-3c60-a66b-523986131536/in_use.lock acquired by nodename 41909@fv-az182-579
2022-09-29 01:24:54,140 [pool-878-thread-1] INFO  storage.RaftStorage (RaftStorageImpl.java:analyzeAndRecoverStorage(110)) - Read RaftStorageMetadata{term=2, votedFor=omNode-1} from /home/runner/work/ozone/ozone/hadoop-ozone/integration-test/target/test-dir/MiniOzoneClusterImpl-0d15d221-0049-42ab-bf49-1e4b736e68e8/omNode-1/ratis/c9bc4cf4-3bc3-3c60-a66b-523986131536/current/raft-meta
2022-09-29 01:24:54,140 [pool-878-thread-1] INFO  server.RaftServer$Division (ServerState.java:setRaftConf(393)) - omNode-1@group-523986131536: set configuration 0: [omNode-3|rpc:localhost:46443|admin:|client:|dataStream:|priority:0, omNode-1|rpc:localhost:33053|admin:|client:|dataStream:|priority:0, omNode-2|rpc:localhost:32823|admin:|client:|dataStream:|priority:0], old=null
2022-09-29 01:24:54,140 [pool-878-thread-1] INFO  server.RaftServerConfigKeys (ConfUtils.java:logGet(46)) - raft.server.notification.no-leader.timeout = 2s (custom)
2022-09-29 01:24:54,140 [pool-878-thread-1] INFO  server.RaftServerConfigKeys (ConfUtils.java:logGet(46)) - raft.server.log.use.memory = false (default)
2022-09-29 01:24:54,141 [pool-878-thread-1] INFO  server.RaftServerConfigKeys (ConfUtils.java:logGet(46)) - raft.server.log.purge.gap = 50 (custom)
2022-09-29 01:24:54,141 [pool-878-thread-1] INFO  server.RaftServerConfigKeys (ConfUtils.java:logGet(46)) - raft.server.log.appender.buffer.byte-limit = 33554432 (custom)
2022-09-29 01:24:54,141 [pool-878-thread-1] INFO  server.RaftServerConfigKeys (ConfUtils.java:logGet(46)) - raft.server.log.statemachine.data.read.timeout = 1000ms (default)
2022-09-29 01:24:54,141 [pool-878-thread-1] INFO  server.RaftServerConfigKeys (ConfUtils.java:logGet(46)) - raft.server.log.segment.size.max = 4194304 (custom)
2022-09-29 01:24:54,141 [pool-878-thread-1] INFO  server.RaftServerConfigKeys (ConfUtils.java:logGet(46)) - raft.server.log.segment.cache.num.max = 2 (custom)
2022-09-29 01:24:54,141 [pool-878-thread-1] INFO  server.RaftServerConfigKeys (ConfUtils.java:logGet(46)) - raft.server.log.segment.cache.size.max = 200MB (=209715200) (default)
2022-09-29 01:24:54,141 [pool-878-thread-1] INFO  segmented.SegmentedRaftLogWorker (SegmentedRaftLogWorker.java:<init>(187)) - new omNode-1@group-523986131536-SegmentedRaftLogWorker for RaftStorageImpl:Storage Directory /home/runner/work/ozone/ozone/hadoop-ozone/integration-test/target/test-dir/MiniOzoneClusterImpl-0d15d221-0049-42ab-bf49-1e4b736e68e8/omNode-1/ratis/c9bc4cf4-3bc3-3c60-a66b-523986131536
2022-09-29 01:24:54,141 [pool-878-thread-1] INFO  server.RaftServerConfigKeys (ConfUtils.java:logGet(46)) - raft.server.log.queue.byte-limit = 64MB (=67108864) (default)
2022-09-29 01:24:54,141 [pool-878-thread-1] INFO  server.RaftServerConfigKeys (ConfUtils.java:logGet(46)) - raft.server.log.queue.element-limit = 4096 (default)
2022-09-29 01:24:54,141 [pool-878-thread-1] INFO  server.RaftServerConfigKeys (ConfUtils.java:logGet(46)) - raft.server.log.segment.size.max = 4194304 (custom)
2022-09-29 01:24:54,141 [pool-878-thread-1] INFO  server.RaftServerConfigKeys (ConfUtils.java:logGet(46)) - raft.server.log.preallocated.size = 4194304 (custom)
2022-09-29 01:24:54,142 [pool-878-thread-1] INFO  server.RaftServerConfigKeys (ConfUtils.java:logGet(46)) - raft.server.log.force.sync.num = 128 (default)
2022-09-29 01:24:54,142 [pool-878-thread-1] INFO  server.RaftServerConfigKeys (ConfUtils.java:logGet(46)) - raft.server.log.statemachine.data.sync = true (default)
2022-09-29 01:24:54,142 [pool-878-thread-1] INFO  server.RaftServerConfigKeys (ConfUtils.java:logGet(46)) - raft.server.log.statemachine.data.sync.timeout = 10s (default)
2022-09-29 01:24:54,142 [pool-878-thread-1] INFO  server.RaftServerConfigKeys (ConfUtils.java:logGet(46)) - raft.server.log.statemachine.data.sync.timeout.retry = -1 (default)
2022-09-29 01:24:54,142 [pool-878-thread-1] INFO  server.RaftServerConfigKeys (ConfUtils.java:logGet(46)) - raft.server.log.write.buffer.size = 64KB (=65536) (default)
2022-09-29 01:24:54,142 [pool-878-thread-1] INFO  server.RaftServerConfigKeys (ConfUtils.java:logGet(46)) - raft.server.log.unsafe-flush.enabled = false (default)
2022-09-29 01:24:54,143 [pool-878-thread-1] INFO  server.RaftServerConfigKeys (ConfUtils.java:logGet(46)) - raft.server.log.statemachine.data.caching.enabled = false (default)
2022-09-29 01:24:54,143 [pool-878-thread-1] INFO  server.RaftServer$Division (ServerState.java:setRaftConf(393)) - omNode-1@group-523986131536: set configuration 0: [omNode-3|rpc:localhost:46443|admin:|client:|dataStream:|priority:0, omNode-1|rpc:localhost:33053|admin:|client:|dataStream:|priority:0, omNode-2|rpc:localhost:32823|admin:|client:|dataStream:|priority:0], old=null
2022-09-29 01:24:54,148 [pool-878-thread-1] INFO  segmented.LogSegment (LogSegment.java:loadSegment(173)) - Successfully read 585 entries from segment file /home/runner/work/ozone/ozone/hadoop-ozone/integration-test/target/test-dir/MiniOzoneClusterImpl-0d15d221-0049-42ab-bf49-1e4b736e68e8/omNode-1/ratis/c9bc4cf4-3bc3-3c60-a66b-523986131536/current/log_inprogress_0
2022-09-29 01:24:54,148 [pool-878-thread-1] INFO  segmented.SegmentedRaftLogWorker (SegmentedRaftLogWorker.java:lambda$new$0(135)) - omNode-1@group-523986131536-SegmentedRaftLogWorker: flushIndex: setUnconditionally 0 -> 584
2022-09-29 01:24:54,148 [pool-878-thread-1] INFO  segmented.SegmentedRaftLogWorker (SegmentedRaftLogWorker.java:lambda$new$0(135)) - omNode-1@group-523986131536-SegmentedRaftLogWorker: safeCacheEvictIndex: setUnconditionally 0 -> -1
2022-09-29 01:24:54,148 [pool-878-thread-1] INFO  raftlog.RaftLog (RaftLogBase.java:lambda$new$0(53)) - omNode-1@group-523986131536-SegmentedRaftLog: commitIndex: updateToMax old=584, new=583, updated? false
2022-09-29 01:24:54,148 [pool-878-thread-1] INFO  server.RaftServerConfigKeys (ConfUtils.java:logGet(46)) - raft.server.snapshot.auto.trigger.enabled = true (custom)
2022-09-29 01:24:54,148 [pool-878-thread-1] INFO  server.RaftServerConfigKeys (ConfUtils.java:logGet(46)) - raft.server.snapshot.auto.trigger.threshold = 50 (custom)
2022-09-29 01:24:54,148 [pool-878-thread-1] INFO  server.RaftServerConfigKeys (ConfUtils.java:logGet(46)) - raft.server.snapshot.retention.file.num = -1 (default)
2022-09-29 01:24:54,148 [pool-878-thread-1] INFO  server.RaftServerConfigKeys (ConfUtils.java:logGet(46)) - raft.server.log.purge.upto.snapshot.index = true (custom)
2022-09-29 01:24:54,148 [pool-878-thread-1] INFO  server.RaftServerConfigKeys (ConfUtils.java:logGet(46)) - raft.server.retrycache.expirytime = 30000ms (custom)
2022-09-29 01:24:54,148 [pool-878-thread-1] INFO  server.RaftServerConfigKeys (ConfUtils.java:logGet(46)) - raft.server.retrycache.statistics.expirytime = 100μs (default)
2022-09-29 01:24:54,151 [pool-878-thread-1] INFO  server.RaftServerConfigKeys (ConfUtils.java:logGet(46)) - raft.server.log.appender.install.snapshot.enabled = false (custom)
2022-09-29 01:24:54,151 [pool-878-thread-1] INFO  server.RaftServerConfigKeys (ConfUtils.java:logGet(46)) - raft.server.threadpool.server.cached = true (default)
2022-09-29 01:24:54,151 [pool-878-thread-1] INFO  server.RaftServerConfigKeys (ConfUtils.java:logGet(46)) - raft.server.threadpool.server.size = 0 (default)
2022-09-29 01:24:54,151 [pool-878-thread-1] INFO  server.RaftServerConfigKeys (ConfUtils.java:logGet(46)) - raft.server.threadpool.client.cached = true (default)
2022-09-29 01:24:54,151 [pool-878-thread-1] INFO  server.RaftServerConfigKeys (ConfUtils.java:logGet(46)) - raft.server.threadpool.client.size = 0 (default)
2022-09-29 01:24:54,152 [omNode-1-impl-thread1] INFO  server.RaftServer$Division (RaftServerImpl.java:start(310)) - omNode-1@group-523986131536: start as a follower, conf=0: [omNode-3|rpc:localhost:46443|admin:|client:|dataStream:|priority:0, omNode-1|rpc:localhost:33053|admin:|client:|dataStream:|priority:0, omNode-2|rpc:localhost:32823|admin:|client:|dataStream:|priority:0], old=null
2022-09-29 01:24:54,152 [omNode-1-impl-thread1] INFO  server.RaftServer$Division (RaftServerImpl.java:setRole(299)) - omNode-1@group-523986131536: changes role from      null to FOLLOWER at term 2 for startAsFollower
2022-09-29 01:24:54,152 [omNode-1-impl-thread1] INFO  impl.RoleInfo (RoleInfo.java:updateAndGet(139)) - omNode-1: start omNode-1@group-523986131536-FollowerState
2022-09-29 01:24:54,154 [omNode-1-impl-thread1] INFO  util.JmxRegister (JmxRegister.java:tryRegister(44)) - Successfully registered JMX Bean with object name Ratis:service=RaftServer,group=group-523986131536,id=omNode-1
2022-09-29 01:24:54,155 [Listener at localhost/44309] INFO  server.RaftServer (RaftServerProxy.java:lambda$start$6(382)) - omNode-1: start RPC server
2022-09-29 01:24:54,160 [Listener at localhost/44309] INFO  server.GrpcService (GrpcService.java:startImpl(260)) - omNode-1: GrpcService started, listening on 33053
2022-09-29 01:24:54,161 [Listener at localhost/44309] INFO  om.OzoneManager (OzoneManager.java:getRpcServer(1099)) - Creating RPC Server
2022-09-29 01:24:54,162 [org.apache.ratis.util.JvmPauseMonitor$$Lambda$699/1983328127@515846fb] INFO  util.JvmPauseMonitor (JvmPauseMonitor.java:run(103)) - JvmPauseMonitor-omNode-1: Started
2022-09-29 01:24:54,187 [EndpointStateMachine task thread for /0.0.0.0:42241 - 0 ] INFO  ipc.Client (Client.java:handleConnectionFailure(977)) - Retrying connect to server: 0.0.0.0/0.0.0.0:42241. Already tried 2 time(s); retry policy is RetryUpToMaximumCountWithFixedSleep(maxRetries=15, sleepTime=1000 MILLISECONDS)
2022-09-29 01:24:54,885 [Listener at localhost/44309] INFO  reflections.Reflections (Reflections.java:scan(232)) - Reflections took 723 ms to scan 19 urls, producing 67 keys and 4214 values [using 2 cores]
2022-09-29 01:24:54,886 [Listener at localhost/44309] INFO  ipc.CallQueueManager (CallQueueManager.java:<init>(90)) - Using callQueue: class java.util.concurrent.LinkedBlockingQueue, queueCapacity: 2000, scheduler: class org.apache.hadoop.ipc.DefaultRpcScheduler, ipcBackoff: false.
2022-09-29 01:24:54,893 [Socket Reader #1 for port 36081] INFO  ipc.Server (Server.java:run(1265)) - Starting Socket Reader #1 for port 36081
2022-09-29 01:24:54,902 [Listener at localhost/36081] INFO  http.BaseHttpServer (BaseHttpServer.java:newHttpServer2BuilderForOzone(213)) - Starting Web-server for ozoneManager at: http://0.0.0.0:42923
2022-09-29 01:24:54,903 [Listener at localhost/36081] INFO  http.BaseHttpServer (BaseHttpServer.java:<init>(108)) - Hadoop Security Enabled: false Ozone Security Enabled: false Ozone HTTP Security Enabled: false 
2022-09-29 01:24:54,904 [Listener at localhost/36081] INFO  server.AuthenticationFilter (AuthenticationFilter.java:constructSecretProvider(240)) - Unable to initialize FileSignerSecretProvider, falling back to use random secrets.
2022-09-29 01:24:54,907 [Listener at localhost/36081] WARN  http.HttpRequestLog (HttpRequestLog.java:getRequestLog(103)) - Jetty request log can only be enabled using Log4j
2022-09-29 01:24:54,908 [Listener at localhost/36081] INFO  http.HttpServer2 (HttpServer2.java:addGlobalFilter(1029)) - Added global filter 'safety' (class=org.apache.hadoop.hdds.server.http.HttpServer2$QuotingInputFilter)
2022-09-29 01:24:54,908 [Listener at localhost/36081] INFO  http.HttpServer2 (HttpServer2.java:addFilter(1005)) - Added filter static_user_filter (class=org.apache.hadoop.http.lib.StaticUserWebFilter$StaticUserFilter) to context ozoneManager
2022-09-29 01:24:54,908 [Listener at localhost/36081] INFO  http.HttpServer2 (HttpServer2.java:addFilter(1013)) - Added filter static_user_filter (class=org.apache.hadoop.http.lib.StaticUserWebFilter$StaticUserFilter) to context logs
2022-09-29 01:24:54,909 [Listener at localhost/36081] INFO  http.HttpServer2 (HttpServer2.java:addFilter(1013)) - Added filter static_user_filter (class=org.apache.hadoop.http.lib.StaticUserWebFilter$StaticUserFilter) to context static
2022-09-29 01:24:54,909 [Listener at localhost/36081] INFO  http.HttpServer2 (HttpServer2.java:bindListener(1248)) - Jetty bound to port 42923
2022-09-29 01:24:54,909 [Listener at localhost/36081] INFO  server.Server (Server.java:doStart(375)) - jetty-9.4.43.v20210629; built: 2021-06-30T11:07:22.254Z; git: 526006ecfa3af7f1a27ef3a288e2bef7ea9dd7e8; jvm 1.8.0_345-b01
2022-09-29 01:24:54,921 [Listener at localhost/36081] INFO  server.session (DefaultSessionIdManager.java:doStart(334)) - DefaultSessionIdManager workerName=node0
2022-09-29 01:24:54,921 [Listener at localhost/36081] INFO  server.session (DefaultSessionIdManager.java:doStart(339)) - No SessionScavenger set, using defaults
2022-09-29 01:24:54,921 [Listener at localhost/36081] INFO  server.session (HouseKeeper.java:startScavenging(132)) - node0 Scavenging every 600000ms
2022-09-29 01:24:54,922 [Listener at localhost/36081] INFO  handler.ContextHandler (ContextHandler.java:doStart(915)) - Started o.e.j.s.ServletContextHandler@955f884{logs,/logs,file:///home/runner/work/ozone/ozone/hadoop-ozone/integration-test/target/log,AVAILABLE}
2022-09-29 01:24:54,922 [Listener at localhost/36081] INFO  handler.ContextHandler (ContextHandler.java:doStart(915)) - Started o.e.j.s.ServletContextHandler@4fb3caaf{static,/static,file:///home/runner/work/ozone/ozone/hadoop-ozone/integration-test/target/test-classes/webapps/static,AVAILABLE}
2022-09-29 01:24:54,925 [Listener at localhost/36081] INFO  handler.ContextHandler (ContextHandler.java:doStart(915)) - Started o.e.j.w.WebAppContext@48706fc1{ozoneManager,/,file:///home/runner/work/ozone/ozone/hadoop-ozone/integration-test/target/test-classes/webapps/ozoneManager/,AVAILABLE}{file:/home/runner/work/ozone/ozone/hadoop-ozone/integration-test/target/test-classes/webapps/ozoneManager}
2022-09-29 01:24:54,932 [Listener at localhost/36081] INFO  server.AbstractConnector (AbstractConnector.java:doStart(331)) - Started ServerConnector@6f72345b{HTTP/1.1, (http/1.1)}{0.0.0.0:42923}
2022-09-29 01:24:54,932 [Listener at localhost/36081] INFO  server.Server (Server.java:doStart(415)) - Started @126711ms
2022-09-29 01:24:54,932 [Listener at localhost/36081] WARN  impl.MetricsSystemImpl (MetricsSystemImpl.java:register(279)) - Sink prometheus already exists!
2022-09-29 01:24:54,933 [Listener at localhost/36081] INFO  http.BaseHttpServer (BaseHttpServer.java:updateConnectorAddress(333)) - HTTP server of ozoneManager listening at http://0.0.0.0:42923
2022-09-29 01:24:54,933 [IPC Server Responder] INFO  ipc.Server (Server.java:run(1507)) - IPC Server Responder: starting
2022-09-29 01:24:54,933 [IPC Server listener on 36081] INFO  ipc.Server (Server.java:run(1344)) - IPC Server listener on 36081: starting
2022-09-29 01:24:54,935 [Listener at localhost/36081] INFO  om.OzoneManager (OzoneManager.java:startTrashEmptier(1920)) - Trash Interval set to 0. Files deleted won't move to trash
2022-09-29 01:24:54,935 [Listener at localhost/36081] INFO  om.OzoneManager (OzoneManager.java:stop(2035)) - omNode-2[localhost:41057]: Stopping Ozone Manager
2022-09-29 01:24:54,935 [Listener at localhost/36081] INFO  ipc.Server (Server.java:stop(3414)) - Stopping server on 41057
2022-09-29 01:24:54,940 [org.apache.hadoop.util.JvmPauseMonitor$Monitor@28132c9] INFO  util.JvmPauseMonitor (JvmPauseMonitor.java:run(188)) - Starting JVM pause monitor
2022-09-29 01:24:54,941 [Listener at localhost/36081] INFO  server.RaftServer (RaftServerProxy.java:lambda$close$7(398)) - omNode-2: close
2022-09-29 01:24:54,941 [IPC Server listener on 41057] INFO  ipc.Server (Server.java:run(1376)) - Stopping IPC Server listener on 41057
2022-09-29 01:24:54,943 [Listener at localhost/36081] INFO  server.RaftServer$Division (RaftServerImpl.java:lambda$close$4(434)) - omNode-2@group-523986131536: shutdown
2022-09-29 01:24:54,943 [Listener at localhost/36081] INFO  util.JmxRegister (JmxRegister.java:unregister(73)) - Successfully un-registered JMX Bean with object name Ratis:service=RaftServer,group=group-523986131536,id=omNode-2
2022-09-29 01:24:54,940 [IPC Server Responder] INFO  ipc.Server (Server.java:run(1512)) - Stopping IPC Server Responder
2022-09-29 01:24:54,943 [Listener at localhost/36081] INFO  impl.RoleInfo (RoleInfo.java:shutdownFollowerState(110)) - omNode-2: shutdown omNode-2@group-523986131536-FollowerState
2022-09-29 01:24:54,944 [Listener at localhost/36081] INFO  impl.StateMachineUpdater (StateMachineUpdater.java:stopAndJoin(153)) - omNode-2@group-523986131536-StateMachineUpdater: set stopIndex = 584
2022-09-29 01:24:54,944 [omNode-2@group-523986131536-FollowerState] INFO  impl.FollowerState (FollowerState.java:run(152)) - omNode-2@group-523986131536-FollowerState was interrupted
2022-09-29 01:24:54,944 [omNode-2@group-523986131536-StateMachineUpdater] INFO  ratis.OzoneManagerStateMachine (OzoneManagerStateMachine.java:takeSnapshot(441)) - Current Snapshot Index (t:2, i:584)
2022-09-29 01:24:54,944 [omNode-2@group-523986131536-StateMachineUpdater] INFO  impl.StateMachineUpdater (StateMachineUpdater.java:takeSnapshot(287)) - omNode-2@group-523986131536-StateMachineUpdater: Took a snapshot at index 584
2022-09-29 01:24:54,944 [omNode-2@group-523986131536-StateMachineUpdater] INFO  impl.StateMachineUpdater (StateMachineUpdater.java:lambda$new$0(92)) - omNode-2@group-523986131536-StateMachineUpdater: snapshotIndex: updateIncreasingly 558 -> 584
2022-09-29 01:24:54,944 [omNode-2@group-523986131536-StateMachineUpdater] INFO  ratis.OzoneManagerStateMachine (OzoneManagerStateMachine.java:close(495)) - StateMachine has shutdown. Shutdown OzoneManager if not already shutdown.
2022-09-29 01:24:54,944 [omNode-2@group-523986131536-StateMachineUpdater] INFO  ratis.OzoneManagerDoubleBuffer (OzoneManagerDoubleBuffer.java:stop(466)) - Stopping OMDoubleBuffer flush thread
2022-09-29 01:24:54,944 [OMDoubleBufferFlushThread] INFO  ratis.OzoneManagerDoubleBuffer (OzoneManagerDoubleBuffer.java:flushTransactions(385)) - OMDoubleBuffer flush thread OMDoubleBufferFlushThread is interrupted and will exit.
2022-09-29 01:24:54,952 [Listener at localhost/36081] INFO  server.RaftServer$Division (ServerState.java:close(429)) - omNode-2@group-523986131536: closes. applyIndex: 584
2022-09-29 01:24:54,952 [omNode-2@group-523986131536-SegmentedRaftLogWorker] INFO  segmented.SegmentedRaftLogWorker (SegmentedRaftLogWorker.java:run(336)) - omNode-2@group-523986131536-SegmentedRaftLogWorker was interrupted, exiting. There are 0 tasks remaining in the queue.
2022-09-29 01:24:54,953 [Listener at localhost/36081] INFO  segmented.SegmentedRaftLogWorker (SegmentedRaftLogWorker.java:close(246)) - omNode-2@group-523986131536-SegmentedRaftLogWorker close()
2022-09-29 01:24:54,953 [Listener at localhost/36081] INFO  server.GrpcService (GrpcService.java:closeImpl(269)) - omNode-2: shutdown server with port 32823 now
2022-09-29 01:24:54,954 [Listener at localhost/36081] INFO  server.GrpcService (GrpcService.java:closeImpl(278)) - omNode-2: shutdown server with port 32823 successfully
2022-09-29 01:24:54,955 [org.apache.ratis.util.JvmPauseMonitor$$Lambda$699/1983328127@7294b05e] INFO  util.JvmPauseMonitor (JvmPauseMonitor.java:run(109)) - JvmPauseMonitor-omNode-2: Stopped
2022-09-29 01:24:54,955 [Listener at localhost/36081] INFO  ratis.OzoneManagerStateMachine (OzoneManagerStateMachine.java:close(495)) - StateMachine has shutdown. Shutdown OzoneManager if not already shutdown.
2022-09-29 01:24:54,955 [Listener at localhost/36081] INFO  ratis.OzoneManagerDoubleBuffer (OzoneManagerDoubleBuffer.java:stop(478)) - OMDoubleBuffer flush thread is not running.
2022-09-29 01:24:54,958 [Listener at localhost/36081] INFO  utils.BackgroundService (BackgroundService.java:shutdown(141)) - Shutting down service KeyDeletingService
2022-09-29 01:24:54,959 [Listener at localhost/36081] INFO  utils.BackgroundService (BackgroundService.java:shutdown(141)) - Shutting down service DirectoryDeletingService
2022-09-29 01:24:54,959 [Listener at localhost/36081] INFO  utils.BackgroundService (BackgroundService.java:shutdown(141)) - Shutting down service OpenKeyCleanupService
2022-09-29 01:24:54,961 [Listener at localhost/36081] INFO  handler.ContextHandler (ContextHandler.java:doStop(1153)) - Stopped o.e.j.w.WebAppContext@3bcff419{ozoneManager,/,null,STOPPED}{file:/home/runner/work/ozone/ozone/hadoop-ozone/integration-test/target/test-classes/webapps/ozoneManager}
2022-09-29 01:24:54,962 [Listener at localhost/36081] INFO  server.AbstractConnector (AbstractConnector.java:doStop(381)) - Stopped ServerConnector@76100495{HTTP/1.1, (http/1.1)}{0.0.0.0:39285}
2022-09-29 01:24:54,962 [Listener at localhost/36081] INFO  server.session (HouseKeeper.java:stopScavenging(149)) - node0 Stopped scavenging
2022-09-29 01:24:54,963 [Listener at localhost/36081] INFO  handler.ContextHandler (ContextHandler.java:doStop(1153)) - Stopped o.e.j.s.ServletContextHandler@58e97141{static,/static,file:///home/runner/work/ozone/ozone/hadoop-ozone/integration-test/target/test-classes/webapps/static,STOPPED}
2022-09-29 01:24:54,963 [Listener at localhost/36081] INFO  handler.ContextHandler (ContextHandler.java:doStop(1153)) - Stopped o.e.j.s.ServletContextHandler@376a3c2b{logs,/logs,file:///home/runner/work/ozone/ozone/hadoop-ozone/integration-test/target/log,STOPPED}
2022-09-29 01:24:54,972 [Listener at localhost/36081] INFO  om.OzoneManager (OzoneManager.java:restart(1572)) - OzoneManager RPC server is listening at localhost/127.0.0.1:41057
2022-09-29 01:24:54,972 [Listener at localhost/36081] INFO  impl.MetricsSystemImpl (MetricsSystemImpl.java:init(158)) - OzoneManager metrics system started (again)
2022-09-29 01:24:55,004 [Listener at localhost/36081] WARN  server.ServerUtils (ServerUtils.java:getDBPath(225)) - ozone.om.db.dirs is not configured. We recommend adding this setting. Falling back to ozone.metadata.dirs instead.
2022-09-29 01:24:55,005 [Listener at localhost/36081] INFO  codec.OmKeyInfoCodec (OmKeyInfoCodec.java:<init>(49)) - OmKeyInfoCodec ignorePipeline = true
2022-09-29 01:24:55,005 [Listener at localhost/36081] INFO  codec.RepeatedOmKeyInfoCodec (RepeatedOmKeyInfoCodec.java:<init>(41)) - RepeatedOmKeyInfoCodec ignorePipeline = true
2022-09-29 01:24:55,007 [Over Replicated Processor] INFO  replication.OverReplicatedProcessor (OverReplicatedProcessor.java:processAll(90)) - Processed 0 over replicated containers, failed processing 0
2022-09-29 01:24:55,028 [Under Replicated Processor] INFO  replication.UnderReplicatedProcessor (UnderReplicatedProcessor.java:processAll(92)) - Processed 0 under replicated containers, failed processing 0
2022-09-29 01:24:55,155 [Listener at localhost/36081] INFO  om.OzoneManager (OzoneManager.java:instantiateServices(709)) - S3 Multi-Tenancy is disabled
2022-09-29 01:24:55,174 [Listener at localhost/36081] WARN  impl.MetricRegistriesImpl (MetricRegistriesImpl.java:addReporterRegistration(111)) - New reporters are added after registries were created. Some metrics will be missing from the reporter. Please add reporter before adding any new registry.
2022-09-29 01:24:55,174 [Listener at localhost/36081] WARN  impl.MetricRegistriesImpl (MetricRegistriesImpl.java:addReporterRegistration(111)) - New reporters are added after registries were created. Some metrics will be missing from the reporter. Please add reporter before adding any new registry.
2022-09-29 01:24:55,174 [Listener at localhost/36081] WARN  server.ServerUtils (ServerUtils.java:getDefaultRatisDirectory(237)) - Storage directory for Ratis is not configured. It is a good idea to map this to an SSD disk. Falling back to ozone.metadata.dirs
2022-09-29 01:24:55,175 [Listener at localhost/36081] INFO  ratis.OzoneManagerRatisServer (OzoneManagerRatisServer.java:<init>(160)) - Instantiating OM Ratis server with groupID: om-service-test1 and peers: localhost:32823, localhost:46443, localhost:33053
2022-09-29 01:24:55,175 [Listener at localhost/36081] INFO  ratis.OzoneManagerStateMachine (OzoneManagerStateMachine.java:loadSnapshotInfoFromDB(632)) - LastAppliedIndex is set from TransactionInfo from OM DB as (t:2, i:584)
2022-09-29 01:24:55,175 [Listener at localhost/36081] INFO  server.RaftServer (ConfUtils.java:logGet(46)) - raft.rpc.type = GRPC (default)
2022-09-29 01:24:55,176 [Listener at localhost/36081] INFO  grpc.GrpcFactory (GrpcFactory.java:checkPooledByteBufAllocatorUseCacheForAllThreads(48)) - PERFORMANCE WARNING: useCacheForAllThreads is true that may cause Netty to create a lot garbage objects and, as a result, trigger GC.
	It is recommended to disable useCacheForAllThreads by setting -Dorg.apache.ratis.thirdparty.io.netty.allocator.useCacheForAllThreads=false in command line.
2022-09-29 01:24:55,176 [Listener at localhost/36081] INFO  grpc.GrpcConfigKeys (ConfUtils.java:logGet(46)) - raft.grpc.admin.port = -1 (default)
2022-09-29 01:24:55,176 [Listener at localhost/36081] INFO  grpc.GrpcConfigKeys (ConfUtils.java:logGet(46)) - raft.grpc.server.port = 32823 (custom)
2022-09-29 01:24:55,176 [Listener at localhost/36081] INFO  grpc.GrpcConfigKeys (ConfUtils.java:logGet(46)) - raft.grpc.client.port = -1 (default)
2022-09-29 01:24:55,176 [Listener at localhost/36081] INFO  grpc.GrpcConfigKeys (ConfUtils.java:logGet(46)) - raft.grpc.server.port = 32823 (custom)
2022-09-29 01:24:55,176 [Listener at localhost/36081] INFO  grpc.GrpcConfigKeys (ConfUtils.java:logGet(46)) - raft.grpc.server.port = 32823 (custom)
2022-09-29 01:24:55,176 [Listener at localhost/36081] INFO  server.GrpcService (ConfUtils.java:logGet(46)) - raft.grpc.message.size.max = 33554432 (custom)
2022-09-29 01:24:55,177 [Listener at localhost/36081] INFO  server.RaftServerConfigKeys (ConfUtils.java:logGet(46)) - raft.server.log.appender.buffer.byte-limit = 33554432 (custom)
2022-09-29 01:24:55,177 [Listener at localhost/36081] INFO  server.GrpcService (ConfUtils.java:logGet(46)) - raft.grpc.flow.control.window = 1MB (=1048576) (default)
2022-09-29 01:24:55,177 [Listener at localhost/36081] INFO  server.RaftServerConfigKeys (ConfUtils.java:logGet(46)) - raft.server.rpc.request.timeout = 3000ms (default)
2022-09-29 01:24:55,177 [Listener at localhost/36081] INFO  grpc.GrpcConfigKeys (ConfUtils.java:logGet(46)) - raft.grpc.server.async.request.thread.pool.cached = true (default)
2022-09-29 01:24:55,177 [Listener at localhost/36081] INFO  grpc.GrpcConfigKeys (ConfUtils.java:logGet(46)) - raft.grpc.server.async.request.thread.pool.size = 32 (default)
2022-09-29 01:24:55,179 [Listener at localhost/36081] INFO  impl.DataStreamServerImpl (ConfUtils.java:logGet(46)) - raft.datastream.type = DISABLED (default)
2022-09-29 01:24:55,179 [Listener at localhost/36081] INFO  server.RaftServerConfigKeys (ConfUtils.java:logGet(46)) - raft.server.threadpool.proxy.cached = true (default)
2022-09-29 01:24:55,179 [Listener at localhost/36081] INFO  server.RaftServerConfigKeys (ConfUtils.java:logGet(46)) - raft.server.threadpool.proxy.size = 0 (default)
2022-09-29 01:24:55,179 [Listener at localhost/36081] INFO  server.RaftServerConfigKeys (ConfUtils.java:logGet(46)) - raft.server.rpc.slowness.timeout = 2s (custom)
2022-09-29 01:24:55,179 [Listener at localhost/36081] INFO  server.RaftServerConfigKeys (ConfUtils.java:logGet(46)) - raft.server.leaderelection.leader.step-down.wait-time = 10s (default)
2022-09-29 01:24:55,179 [Listener at localhost/36081] INFO  server.RaftServerConfigKeys (ConfUtils.java:logGet(46)) - raft.server.storage.dir = [/home/runner/work/ozone/ozone/hadoop-ozone/integration-test/target/test-dir/MiniOzoneClusterImpl-0d15d221-0049-42ab-bf49-1e4b736e68e8/omNode-2/ratis] (custom)
2022-09-29 01:24:55,184 [omNode-2-impl-thread1] INFO  server.RaftServer (RaftServerProxy.java:initGroupDir(247)) - omNode-2: found a subdirectory /home/runner/work/ozone/ozone/hadoop-ozone/integration-test/target/test-dir/MiniOzoneClusterImpl-0d15d221-0049-42ab-bf49-1e4b736e68e8/omNode-2/ratis/c9bc4cf4-3bc3-3c60-a66b-523986131536
2022-09-29 01:24:55,187 [EndpointStateMachine task thread for /0.0.0.0:42241 - 0 ] INFO  ipc.Client (Client.java:handleConnectionFailure(977)) - Retrying connect to server: 0.0.0.0/0.0.0.0:42241. Already tried 3 time(s); retry policy is RetryUpToMaximumCountWithFixedSleep(maxRetries=15, sleepTime=1000 MILLISECONDS)
2022-09-29 01:24:55,188 [Listener at localhost/36081] INFO  server.RaftServer (RaftServerProxy.java:addNew(96)) - omNode-2: addNew group-523986131536:[omNode-3|rpc:localhost:46443|priority:0, omNode-1|rpc:localhost:33053|priority:0, omNode-2|rpc:localhost:32823|priority:0] returns group-523986131536:java.util.concurrent.CompletableFuture@7cf6679f[Not completed]
2022-09-29 01:24:55,188 [Listener at localhost/36081] INFO  om.OzoneManager (OzoneManager.java:initializeRatisServer(1976)) - OzoneManager Ratis server initialized at port 32823
2022-09-29 01:24:55,188 [Listener at localhost/36081] INFO  ratis.OzoneManagerRatisServer (OzoneManagerRatisServer.java:start(555)) - Starting OzoneManagerRatisServer omNode-2 at port 32823
2022-09-29 01:24:55,188 [pool-902-thread-1] INFO  server.RaftServer$Division (RaftServerImpl.java:<init>(190)) - omNode-2: new RaftServerImpl for group-523986131536:[omNode-3|rpc:localhost:46443|priority:0, omNode-1|rpc:localhost:33053|priority:0, omNode-2|rpc:localhost:32823|priority:0] with OzoneManagerStateMachine:uninitialized
2022-09-29 01:24:55,189 [pool-902-thread-1] INFO  server.RaftServerConfigKeys (ConfUtils.java:logGet(46)) - raft.server.rpc.timeout.min = 1s (custom)
2022-09-29 01:24:55,189 [pool-902-thread-1] INFO  server.RaftServerConfigKeys (ConfUtils.java:logGet(46)) - raft.server.rpc.timeout.max = 1200ms (custom)
2022-09-29 01:24:55,189 [pool-902-thread-1] INFO  server.RaftServerConfigKeys (ConfUtils.java:logGet(46)) - raft.server.rpc.sleep.time = 25ms (default)
2022-09-29 01:24:55,189 [pool-902-thread-1] INFO  server.RaftServerConfigKeys (ConfUtils.java:logGet(46)) - raft.server.rpc.slowness.timeout = 2s (custom)
2022-09-29 01:24:55,189 [pool-902-thread-1] INFO  server.RaftServerConfigKeys (ConfUtils.java:logGet(46)) - raft.server.leaderelection.leader.step-down.wait-time = 10s (default)
2022-09-29 01:24:55,189 [pool-902-thread-1] INFO  server.RaftServerConfigKeys (ConfUtils.java:logGet(46)) - raft.server.sleep.deviation.threshold = 300ms (default)
2022-09-29 01:24:55,189 [pool-902-thread-1] INFO  server.RaftServer$Division (ServerState.java:<init>(107)) - omNode-2@group-523986131536: ConfigurationManager, init=-1: [omNode-3|rpc:localhost:46443|priority:0, omNode-1|rpc:localhost:33053|priority:0, omNode-2|rpc:localhost:32823|priority:0], old=null, confs=<EMPTY_MAP>
2022-09-29 01:24:55,189 [pool-902-thread-1] INFO  server.RaftServerConfigKeys (ConfUtils.java:logGet(46)) - raft.server.storage.dir = [/home/runner/work/ozone/ozone/hadoop-ozone/integration-test/target/test-dir/MiniOzoneClusterImpl-0d15d221-0049-42ab-bf49-1e4b736e68e8/omNode-2/ratis] (custom)
2022-09-29 01:24:55,189 [pool-902-thread-1] INFO  server.RaftServerConfigKeys (ConfUtils.java:logGet(46)) - raft.server.log.corruption.policy = EXCEPTION (default)
2022-09-29 01:24:55,189 [pool-902-thread-1] INFO  server.RaftServerConfigKeys (ConfUtils.java:logGet(46)) - raft.server.storage.free-space.min = 0MB (=0) (default)
2022-09-29 01:24:55,195 [pool-902-thread-1] INFO  storage.RaftStorageDirectory (RaftStorageDirectoryImpl.java:tryLock(230)) - Lock on /home/runner/work/ozone/ozone/hadoop-ozone/integration-test/target/test-dir/MiniOzoneClusterImpl-0d15d221-0049-42ab-bf49-1e4b736e68e8/omNode-2/ratis/c9bc4cf4-3bc3-3c60-a66b-523986131536/in_use.lock acquired by nodename 41909@fv-az182-579
2022-09-29 01:24:55,195 [pool-902-thread-1] INFO  storage.RaftStorage (RaftStorageImpl.java:analyzeAndRecoverStorage(110)) - Read RaftStorageMetadata{term=2, votedFor=omNode-1} from /home/runner/work/ozone/ozone/hadoop-ozone/integration-test/target/test-dir/MiniOzoneClusterImpl-0d15d221-0049-42ab-bf49-1e4b736e68e8/omNode-2/ratis/c9bc4cf4-3bc3-3c60-a66b-523986131536/current/raft-meta
2022-09-29 01:24:55,196 [pool-902-thread-1] INFO  server.RaftServer$Division (ServerState.java:setRaftConf(393)) - omNode-2@group-523986131536: set configuration 0: [omNode-3|rpc:localhost:46443|admin:|client:|dataStream:|priority:0, omNode-1|rpc:localhost:33053|admin:|client:|dataStream:|priority:0, omNode-2|rpc:localhost:32823|admin:|client:|dataStream:|priority:0], old=null
2022-09-29 01:24:55,196 [pool-902-thread-1] INFO  server.RaftServerConfigKeys (ConfUtils.java:logGet(46)) - raft.server.notification.no-leader.timeout = 2s (custom)
2022-09-29 01:24:55,196 [pool-902-thread-1] INFO  server.RaftServerConfigKeys (ConfUtils.java:logGet(46)) - raft.server.log.use.memory = false (default)
2022-09-29 01:24:55,196 [pool-902-thread-1] INFO  server.RaftServerConfigKeys (ConfUtils.java:logGet(46)) - raft.server.log.purge.gap = 50 (custom)
2022-09-29 01:24:55,196 [pool-902-thread-1] INFO  server.RaftServerConfigKeys (ConfUtils.java:logGet(46)) - raft.server.log.appender.buffer.byte-limit = 33554432 (custom)
2022-09-29 01:24:55,196 [pool-902-thread-1] INFO  server.RaftServerConfigKeys (ConfUtils.java:logGet(46)) - raft.server.log.statemachine.data.read.timeout = 1000ms (default)
2022-09-29 01:24:55,196 [pool-902-thread-1] INFO  server.RaftServerConfigKeys (ConfUtils.java:logGet(46)) - raft.server.log.segment.size.max = 4194304 (custom)
2022-09-29 01:24:55,196 [pool-902-thread-1] INFO  server.RaftServerConfigKeys (ConfUtils.java:logGet(46)) - raft.server.log.segment.cache.num.max = 2 (custom)
2022-09-29 01:24:55,196 [pool-902-thread-1] INFO  server.RaftServerConfigKeys (ConfUtils.java:logGet(46)) - raft.server.log.segment.cache.size.max = 200MB (=209715200) (default)
2022-09-29 01:24:55,196 [pool-902-thread-1] INFO  segmented.SegmentedRaftLogWorker (SegmentedRaftLogWorker.java:<init>(187)) - new omNode-2@group-523986131536-SegmentedRaftLogWorker for RaftStorageImpl:Storage Directory /home/runner/work/ozone/ozone/hadoop-ozone/integration-test/target/test-dir/MiniOzoneClusterImpl-0d15d221-0049-42ab-bf49-1e4b736e68e8/omNode-2/ratis/c9bc4cf4-3bc3-3c60-a66b-523986131536
2022-09-29 01:24:55,196 [pool-902-thread-1] INFO  server.RaftServerConfigKeys (ConfUtils.java:logGet(46)) - raft.server.log.queue.byte-limit = 64MB (=67108864) (default)
2022-09-29 01:24:55,196 [pool-902-thread-1] INFO  server.RaftServerConfigKeys (ConfUtils.java:logGet(46)) - raft.server.log.queue.element-limit = 4096 (default)
2022-09-29 01:24:55,197 [pool-902-thread-1] INFO  server.RaftServerConfigKeys (ConfUtils.java:logGet(46)) - raft.server.log.segment.size.max = 4194304 (custom)
2022-09-29 01:24:55,197 [pool-902-thread-1] INFO  server.RaftServerConfigKeys (ConfUtils.java:logGet(46)) - raft.server.log.preallocated.size = 4194304 (custom)
2022-09-29 01:24:55,197 [pool-902-thread-1] INFO  server.RaftServerConfigKeys (ConfUtils.java:logGet(46)) - raft.server.log.force.sync.num = 128 (default)
2022-09-29 01:24:55,197 [pool-902-thread-1] INFO  server.RaftServerConfigKeys (ConfUtils.java:logGet(46)) - raft.server.log.statemachine.data.sync = true (default)
2022-09-29 01:24:55,197 [pool-902-thread-1] INFO  server.RaftServerConfigKeys (ConfUtils.java:logGet(46)) - raft.server.log.statemachine.data.sync.timeout = 10s (default)
2022-09-29 01:24:55,197 [pool-902-thread-1] INFO  server.RaftServerConfigKeys (ConfUtils.java:logGet(46)) - raft.server.log.statemachine.data.sync.timeout.retry = -1 (default)
2022-09-29 01:24:55,197 [pool-902-thread-1] INFO  server.RaftServerConfigKeys (ConfUtils.java:logGet(46)) - raft.server.log.write.buffer.size = 64KB (=65536) (default)
2022-09-29 01:24:55,198 [pool-902-thread-1] INFO  server.RaftServerConfigKeys (ConfUtils.java:logGet(46)) - raft.server.log.unsafe-flush.enabled = false (default)
2022-09-29 01:24:55,198 [pool-902-thread-1] INFO  server.RaftServerConfigKeys (ConfUtils.java:logGet(46)) - raft.server.log.statemachine.data.caching.enabled = false (default)
2022-09-29 01:24:55,198 [pool-902-thread-1] INFO  server.RaftServer$Division (ServerState.java:setRaftConf(393)) - omNode-2@group-523986131536: set configuration 0: [omNode-3|rpc:localhost:46443|admin:|client:|dataStream:|priority:0, omNode-1|rpc:localhost:33053|admin:|client:|dataStream:|priority:0, omNode-2|rpc:localhost:32823|admin:|client:|dataStream:|priority:0], old=null
2022-09-29 01:24:55,201 [pool-902-thread-1] INFO  segmented.LogSegment (LogSegment.java:loadSegment(173)) - Successfully read 585 entries from segment file /home/runner/work/ozone/ozone/hadoop-ozone/integration-test/target/test-dir/MiniOzoneClusterImpl-0d15d221-0049-42ab-bf49-1e4b736e68e8/omNode-2/ratis/c9bc4cf4-3bc3-3c60-a66b-523986131536/current/log_inprogress_0
2022-09-29 01:24:55,201 [pool-902-thread-1] INFO  segmented.SegmentedRaftLogWorker (SegmentedRaftLogWorker.java:lambda$new$0(135)) - omNode-2@group-523986131536-SegmentedRaftLogWorker: flushIndex: setUnconditionally 0 -> 584
2022-09-29 01:24:55,201 [pool-902-thread-1] INFO  segmented.SegmentedRaftLogWorker (SegmentedRaftLogWorker.java:lambda$new$0(135)) - omNode-2@group-523986131536-SegmentedRaftLogWorker: safeCacheEvictIndex: setUnconditionally 0 -> -1
2022-09-29 01:24:55,204 [omNode-1@group-523986131536-FollowerState] INFO  impl.FollowerState (FollowerState.java:run(143)) - omNode-1@group-523986131536-FollowerState: change to CANDIDATE, lastRpcElapsedTime:1052044028ns, electionTimeout:1049ms
2022-09-29 01:24:55,204 [omNode-1@group-523986131536-FollowerState] INFO  impl.RoleInfo (RoleInfo.java:shutdownFollowerState(110)) - omNode-1: shutdown omNode-1@group-523986131536-FollowerState
2022-09-29 01:24:55,204 [omNode-1@group-523986131536-FollowerState] INFO  server.RaftServer$Division (RaftServerImpl.java:setRole(299)) - omNode-1@group-523986131536: changes role from  FOLLOWER to CANDIDATE at term 2 for changeToCandidate
2022-09-29 01:24:55,208 [omNode-1@group-523986131536-FollowerState] INFO  server.RaftServerConfigKeys (ConfUtils.java:logGet(46)) - raft.server.leaderelection.pre-vote = false (custom)
2022-09-29 01:24:55,208 [omNode-1@group-523986131536-FollowerState] INFO  impl.RoleInfo (RoleInfo.java:updateAndGet(139)) - omNode-1: start omNode-1@group-523986131536-LeaderElection49
2022-09-29 01:24:55,208 [pool-902-thread-1] INFO  raftlog.RaftLog (RaftLogBase.java:lambda$new$0(53)) - omNode-2@group-523986131536-SegmentedRaftLog: commitIndex: updateToMax old=584, new=583, updated? false
2022-09-29 01:24:55,208 [pool-902-thread-1] INFO  server.RaftServerConfigKeys (ConfUtils.java:logGet(46)) - raft.server.snapshot.auto.trigger.enabled = true (custom)
2022-09-29 01:24:55,208 [pool-902-thread-1] INFO  server.RaftServerConfigKeys (ConfUtils.java:logGet(46)) - raft.server.snapshot.auto.trigger.threshold = 50 (custom)
2022-09-29 01:24:55,208 [pool-902-thread-1] INFO  server.RaftServerConfigKeys (ConfUtils.java:logGet(46)) - raft.server.snapshot.retention.file.num = -1 (default)
2022-09-29 01:24:55,208 [pool-902-thread-1] INFO  server.RaftServerConfigKeys (ConfUtils.java:logGet(46)) - raft.server.log.purge.upto.snapshot.index = true (custom)
2022-09-29 01:24:55,211 [pool-902-thread-1] INFO  server.RaftServerConfigKeys (ConfUtils.java:logGet(46)) - raft.server.retrycache.expirytime = 30000ms (custom)
2022-09-29 01:24:55,211 [pool-902-thread-1] INFO  server.RaftServerConfigKeys (ConfUtils.java:logGet(46)) - raft.server.retrycache.statistics.expirytime = 100μs (default)
2022-09-29 01:24:55,212 [pool-902-thread-1] INFO  server.RaftServerConfigKeys (ConfUtils.java:logGet(46)) - raft.server.log.appender.install.snapshot.enabled = false (custom)
2022-09-29 01:24:55,212 [pool-902-thread-1] INFO  server.RaftServerConfigKeys (ConfUtils.java:logGet(46)) - raft.server.threadpool.server.cached = true (default)
2022-09-29 01:24:55,212 [pool-902-thread-1] INFO  server.RaftServerConfigKeys (ConfUtils.java:logGet(46)) - raft.server.threadpool.server.size = 0 (default)
2022-09-29 01:24:55,212 [pool-902-thread-1] INFO  server.RaftServerConfigKeys (ConfUtils.java:logGet(46)) - raft.server.threadpool.client.cached = true (default)
2022-09-29 01:24:55,212 [pool-902-thread-1] INFO  server.RaftServerConfigKeys (ConfUtils.java:logGet(46)) - raft.server.threadpool.client.size = 0 (default)
2022-09-29 01:24:55,212 [omNode-2-impl-thread1] INFO  server.RaftServer$Division (RaftServerImpl.java:start(310)) - omNode-2@group-523986131536: start as a follower, conf=0: [omNode-3|rpc:localhost:46443|admin:|client:|dataStream:|priority:0, omNode-1|rpc:localhost:33053|admin:|client:|dataStream:|priority:0, omNode-2|rpc:localhost:32823|admin:|client:|dataStream:|priority:0], old=null
2022-09-29 01:24:55,212 [omNode-2-impl-thread1] INFO  server.RaftServer$Division (RaftServerImpl.java:setRole(299)) - omNode-2@group-523986131536: changes role from      null to FOLLOWER at term 2 for startAsFollower
2022-09-29 01:24:55,212 [omNode-2-impl-thread1] INFO  impl.RoleInfo (RoleInfo.java:updateAndGet(139)) - omNode-2: start omNode-2@group-523986131536-FollowerState
2022-09-29 01:24:55,213 [omNode-2-impl-thread1] INFO  util.JmxRegister (JmxRegister.java:tryRegister(44)) - Successfully registered JMX Bean with object name Ratis:service=RaftServer,group=group-523986131536,id=omNode-2
2022-09-29 01:24:55,213 [Listener at localhost/36081] INFO  server.RaftServer (RaftServerProxy.java:lambda$start$6(382)) - omNode-2: start RPC server
2022-09-29 01:24:55,220 [Listener at localhost/36081] INFO  server.GrpcService (GrpcService.java:startImpl(260)) - omNode-2: GrpcService started, listening on 32823
2022-09-29 01:24:55,224 [Listener at localhost/36081] INFO  om.OzoneManager (OzoneManager.java:getRpcServer(1099)) - Creating RPC Server
2022-09-29 01:24:55,226 [org.apache.ratis.util.JvmPauseMonitor$$Lambda$699/1983328127@8083147] INFO  util.JvmPauseMonitor (JvmPauseMonitor.java:run(103)) - JvmPauseMonitor-omNode-2: Started
2022-09-29 01:24:55,241 [omNode-1@group-523986131536-LeaderElection49] INFO  impl.LeaderElection (LeaderElection.java:askForVotes(310)) - omNode-1@group-523986131536-LeaderElection49 ELECTION round 0: submit vote requests at term 3 for 0: [omNode-3|rpc:localhost:46443|admin:|client:|dataStream:|priority:0, omNode-1|rpc:localhost:33053|admin:|client:|dataStream:|priority:0, omNode-2|rpc:localhost:32823|admin:|client:|dataStream:|priority:0], old=null
2022-09-29 01:24:55,293 [grpc-default-executor-3] INFO  server.RaftServer$Division (RaftServerImpl.java:requestVote(1152)) - omNode-3@group-523986131536: receive requestVote(ELECTION, omNode-1, group-523986131536, 3, (t:2, i:584))
2022-09-29 01:24:55,293 [grpc-default-executor-3] INFO  impl.VoteContext (VoteContext.java:log(48)) - omNode-3@group-523986131536-FOLLOWER: accept ELECTION from omNode-1: our priority 0 <= candidate's priority 0
2022-09-29 01:24:55,293 [grpc-default-executor-3] INFO  server.RaftServer$Division (ServerState.java:setLeader(287)) - omNode-3@group-523986131536: change Leader from omNode-1 to null at term 3 for updateCurrentTerm
2022-09-29 01:24:55,293 [grpc-default-executor-3] INFO  server.RaftServer$Division (RaftServerImpl.java:setRole(299)) - omNode-3@group-523986131536: changes role from  FOLLOWER to FOLLOWER at term 3 for candidate:omNode-1
2022-09-29 01:24:55,293 [grpc-default-executor-3] INFO  impl.RoleInfo (RoleInfo.java:shutdownFollowerState(110)) - omNode-3: shutdown omNode-3@group-523986131536-FollowerState
2022-09-29 01:24:55,293 [grpc-default-executor-3] INFO  impl.RoleInfo (RoleInfo.java:updateAndGet(139)) - omNode-3: start omNode-3@group-523986131536-FollowerState
2022-09-29 01:24:55,299 [grpc-default-executor-0] INFO  server.RaftServer$Division (RaftServerImpl.java:requestVote(1152)) - omNode-2@group-523986131536: receive requestVote(ELECTION, omNode-1, group-523986131536, 3, (t:2, i:584))
2022-09-29 01:24:55,299 [grpc-default-executor-0] INFO  impl.VoteContext (VoteContext.java:log(48)) - omNode-2@group-523986131536-FOLLOWER: accept ELECTION from omNode-1: our priority 0 <= candidate's priority 0
2022-09-29 01:24:55,299 [grpc-default-executor-0] INFO  server.RaftServer$Division (RaftServerImpl.java:setRole(299)) - omNode-2@group-523986131536: changes role from  FOLLOWER to FOLLOWER at term 3 for candidate:omNode-1
2022-09-29 01:24:55,299 [grpc-default-executor-0] INFO  impl.RoleInfo (RoleInfo.java:shutdownFollowerState(110)) - omNode-2: shutdown omNode-2@group-523986131536-FollowerState
2022-09-29 01:24:55,300 [omNode-3@group-523986131536-FollowerState] INFO  impl.FollowerState (FollowerState.java:run(152)) - omNode-3@group-523986131536-FollowerState was interrupted
2022-09-29 01:24:55,300 [grpc-default-executor-3] INFO  server.RaftServer$Division (RaftServerImpl.java:requestVote(1184)) - omNode-3@group-523986131536 replies to ELECTION vote request: omNode-1<-omNode-3#0:OK-t3. Peer's state: omNode-3@group-523986131536:t3, leader=null, voted=omNode-1, raftlog=omNode-3@group-523986131536-SegmentedRaftLog:OPENED:c584, conf=0: [omNode-3|rpc:localhost:46443|admin:|client:|dataStream:|priority:0, omNode-1|rpc:localhost:33053|admin:|client:|dataStream:|priority:0, omNode-2|rpc:localhost:32823|admin:|client:|dataStream:|priority:0], old=null
2022-09-29 01:24:55,309 [grpc-default-executor-0] INFO  impl.RoleInfo (RoleInfo.java:updateAndGet(139)) - omNode-2: start omNode-2@group-523986131536-FollowerState
2022-09-29 01:24:55,309 [omNode-2@group-523986131536-FollowerState] INFO  impl.FollowerState (FollowerState.java:run(152)) - omNode-2@group-523986131536-FollowerState was interrupted
2022-09-29 01:24:55,310 [omNode-1@group-523986131536-LeaderElection49] INFO  impl.LeaderElection (LeaderElection.java:logAndReturn(90)) - omNode-1@group-523986131536-LeaderElection49: ELECTION PASSED received 1 response(s) and 0 exception(s):
2022-09-29 01:24:55,310 [omNode-1@group-523986131536-LeaderElection49] INFO  impl.LeaderElection (LeaderElection.java:logAndReturn(94)) -   Response 0: omNode-1<-omNode-3#0:OK-t3
2022-09-29 01:24:55,310 [omNode-1@group-523986131536-LeaderElection49] INFO  impl.LeaderElection (LeaderElection.java:askForVotes(312)) - omNode-1@group-523986131536-LeaderElection49 ELECTION round 0: result PASSED
2022-09-29 01:24:55,310 [omNode-1@group-523986131536-LeaderElection49] INFO  impl.RoleInfo (RoleInfo.java:shutdownLeaderElection(130)) - omNode-1: shutdown omNode-1@group-523986131536-LeaderElection49
2022-09-29 01:24:55,310 [omNode-1@group-523986131536-LeaderElection49] INFO  server.RaftServer$Division (RaftServerImpl.java:setRole(299)) - omNode-1@group-523986131536: changes role from CANDIDATE to LEADER at term 3 for changeToLeader
2022-09-29 01:24:55,310 [omNode-1@group-523986131536-LeaderElection49] INFO  server.RaftServer$Division (ServerState.java:setLeader(287)) - omNode-1@group-523986131536: change Leader from null to omNode-1 at term 3 for becomeLeader, leader elected after 1169ms
2022-09-29 01:24:55,310 [omNode-1@group-523986131536-LeaderElection49] INFO  server.RaftServerConfigKeys (ConfUtils.java:logGet(46)) - raft.server.staging.catchup.gap = 1000 (default)
2022-09-29 01:24:55,310 [omNode-1@group-523986131536-LeaderElection49] INFO  server.RaftServerConfigKeys (ConfUtils.java:logGet(46)) - raft.server.write.element-limit = 4096 (default)
2022-09-29 01:24:55,310 [omNode-1@group-523986131536-LeaderElection49] INFO  server.RaftServerConfigKeys (ConfUtils.java:logGet(46)) - raft.server.write.byte-limit = 64MB (=67108864) (default)
2022-09-29 01:24:55,311 [omNode-1@group-523986131536-LeaderElection49] INFO  server.RaftServerConfigKeys (ConfUtils.java:logGet(46)) - raft.server.watch.timeout = 10s (default)
2022-09-29 01:24:55,311 [omNode-1@group-523986131536-LeaderElection49] INFO  server.RaftServerConfigKeys (ConfUtils.java:logGet(46)) - raft.server.watch.timeout.denomination = 1s (default)
2022-09-29 01:24:55,311 [omNode-1@group-523986131536-LeaderElection49] INFO  server.RaftServerConfigKeys (ConfUtils.java:logGet(46)) - raft.server.watch.element-limit = 65536 (default)
2022-09-29 01:24:55,311 [omNode-1@group-523986131536-LeaderElection49] INFO  server.RaftServerConfigKeys (ConfUtils.java:logGet(46)) - raft.server.write.element-limit = 4096 (default)
2022-09-29 01:24:55,311 [omNode-1@group-523986131536-LeaderElection49] INFO  server.RaftServerConfigKeys (ConfUtils.java:logGet(46)) - raft.server.write.follower.gap.ratio.max = -1.0 (default)
2022-09-29 01:24:55,315 [grpc-default-executor-0] INFO  server.RaftServer$Division (RaftServerImpl.java:requestVote(1184)) - omNode-2@group-523986131536 replies to ELECTION vote request: omNode-1<-omNode-2#0:OK-t3. Peer's state: omNode-2@group-523986131536:t3, leader=null, voted=omNode-1, raftlog=omNode-2@group-523986131536-SegmentedRaftLog:OPENED:c584, conf=0: [omNode-3|rpc:localhost:46443|admin:|client:|dataStream:|priority:0, omNode-1|rpc:localhost:33053|admin:|client:|dataStream:|priority:0, omNode-2|rpc:localhost:32823|admin:|client:|dataStream:|priority:0], old=null
2022-09-29 01:24:55,320 [omNode-1@group-523986131536-LeaderElection49] INFO  server.RaftServerConfigKeys (ConfUtils.java:logGet(46)) - raft.server.log.appender.snapshot.chunk.size.max = 16MB (=16777216) (default)
2022-09-29 01:24:55,320 [omNode-1@group-523986131536-LeaderElection49] INFO  server.RaftServerConfigKeys (ConfUtils.java:logGet(46)) - raft.server.log.appender.buffer.byte-limit = 33554432 (custom)
2022-09-29 01:24:55,320 [omNode-1@group-523986131536-LeaderElection49] INFO  server.RaftServerConfigKeys (ConfUtils.java:logGet(46)) - raft.server.log.appender.buffer.element-limit = 1024 (custom)
2022-09-29 01:24:55,321 [omNode-1@group-523986131536-LeaderElection49] INFO  grpc.GrpcConfigKeys (ConfUtils.java:logGet(46)) - raft.grpc.server.leader.outstanding.appends.max = 128 (default)
2022-09-29 01:24:55,321 [omNode-1@group-523986131536-LeaderElection49] INFO  server.RaftServerConfigKeys (ConfUtils.java:logGet(46)) - raft.server.rpc.request.timeout = 3000ms (default)
2022-09-29 01:24:55,321 [omNode-1@group-523986131536-LeaderElection49] INFO  server.RaftServerConfigKeys (ConfUtils.java:logGet(46)) - raft.server.log.appender.install.snapshot.enabled = false (custom)
2022-09-29 01:24:55,325 [omNode-1@group-523986131536-LeaderElection49] INFO  server.RaftServerConfigKeys (ConfUtils.java:logGet(46)) - raft.server.log.appender.snapshot.chunk.size.max = 16MB (=16777216) (default)
2022-09-29 01:24:55,325 [omNode-1@group-523986131536-LeaderElection49] INFO  server.RaftServerConfigKeys (ConfUtils.java:logGet(46)) - raft.server.log.appender.buffer.byte-limit = 33554432 (custom)
2022-09-29 01:24:55,325 [omNode-1@group-523986131536-LeaderElection49] INFO  server.RaftServerConfigKeys (ConfUtils.java:logGet(46)) - raft.server.log.appender.buffer.element-limit = 1024 (custom)
2022-09-29 01:24:55,325 [omNode-1@group-523986131536-LeaderElection49] INFO  grpc.GrpcConfigKeys (ConfUtils.java:logGet(46)) - raft.grpc.server.leader.outstanding.appends.max = 128 (default)
2022-09-29 01:24:55,325 [omNode-1@group-523986131536-LeaderElection49] INFO  server.RaftServerConfigKeys (ConfUtils.java:logGet(46)) - raft.server.rpc.request.timeout = 3000ms (default)
2022-09-29 01:24:55,325 [omNode-1@group-523986131536-LeaderElection49] INFO  server.RaftServerConfigKeys (ConfUtils.java:logGet(46)) - raft.server.log.appender.install.snapshot.enabled = false (custom)
2022-09-29 01:24:55,325 [omNode-1@group-523986131536-LeaderElection49] INFO  impl.RoleInfo (RoleInfo.java:updateAndGet(139)) - omNode-1: start omNode-1@group-523986131536-LeaderStateImpl
2022-09-29 01:24:55,325 [omNode-1@group-523986131536-LeaderElection49] INFO  segmented.SegmentedRaftLogWorker (SegmentedRaftLogWorker.java:rollLogSegment(430)) - omNode-1@group-523986131536-SegmentedRaftLogWorker: Rolling segment log-0_584 to index:584
2022-09-29 01:24:55,328 [omNode-1@group-523986131536-SegmentedRaftLogWorker] INFO  segmented.SegmentedRaftLogWorker (SegmentedRaftLogWorker.java:execute(586)) - omNode-1@group-523986131536-SegmentedRaftLogWorker: Rolled log segment from /home/runner/work/ozone/ozone/hadoop-ozone/integration-test/target/test-dir/MiniOzoneClusterImpl-0d15d221-0049-42ab-bf49-1e4b736e68e8/omNode-1/ratis/c9bc4cf4-3bc3-3c60-a66b-523986131536/current/log_inprogress_0 to /home/runner/work/ozone/ozone/hadoop-ozone/integration-test/target/test-dir/MiniOzoneClusterImpl-0d15d221-0049-42ab-bf49-1e4b736e68e8/omNode-1/ratis/c9bc4cf4-3bc3-3c60-a66b-523986131536/current/log_0-584
2022-09-29 01:24:55,339 [omNode-1@group-523986131536-SegmentedRaftLogWorker] INFO  segmented.SegmentedRaftLogWorker (SegmentedRaftLogWorker.java:execute(629)) - omNode-1@group-523986131536-SegmentedRaftLogWorker: created new log segment /home/runner/work/ozone/ozone/hadoop-ozone/integration-test/target/test-dir/MiniOzoneClusterImpl-0d15d221-0049-42ab-bf49-1e4b736e68e8/omNode-1/ratis/c9bc4cf4-3bc3-3c60-a66b-523986131536/current/log_inprogress_585
2022-09-29 01:24:55,378 [omNode-1@group-523986131536-LeaderElection49] INFO  server.RaftServer$Division (ServerState.java:setRaftConf(393)) - omNode-1@group-523986131536: set configuration 585: [omNode-3|rpc:localhost:46443|admin:|client:|dataStream:|priority:0, omNode-1|rpc:localhost:33053|admin:|client:|dataStream:|priority:0, omNode-2|rpc:localhost:32823|admin:|client:|dataStream:|priority:0], old=null
2022-09-29 01:24:55,404 [omNode-3-server-thread1] INFO  server.RaftServer$Division (ServerState.java:setLeader(287)) - omNode-3@group-523986131536: change Leader from null to omNode-1 at term 3 for appendEntries, leader elected after 110ms
2022-09-29 01:24:55,405 [omNode-3-server-thread1] INFO  server.RaftServer$Division (ServerState.java:setRaftConf(393)) - omNode-3@group-523986131536: set configuration 585: [omNode-3|rpc:localhost:46443|admin:|client:|dataStream:|priority:0, omNode-1|rpc:localhost:33053|admin:|client:|dataStream:|priority:0, omNode-2|rpc:localhost:32823|admin:|client:|dataStream:|priority:0], old=null
2022-09-29 01:24:55,405 [omNode-3-server-thread1] INFO  segmented.SegmentedRaftLogWorker (SegmentedRaftLogWorker.java:rollLogSegment(430)) - omNode-3@group-523986131536-SegmentedRaftLogWorker: Rolling segment log-0_584 to index:584
2022-09-29 01:24:55,406 [omNode-3@group-523986131536-SegmentedRaftLogWorker] INFO  segmented.SegmentedRaftLogWorker (SegmentedRaftLogWorker.java:execute(586)) - omNode-3@group-523986131536-SegmentedRaftLogWorker: Rolled log segment from /home/runner/work/ozone/ozone/hadoop-ozone/integration-test/target/test-dir/MiniOzoneClusterImpl-0d15d221-0049-42ab-bf49-1e4b736e68e8/omNode-3/ratis/c9bc4cf4-3bc3-3c60-a66b-523986131536/current/log_inprogress_0 to /home/runner/work/ozone/ozone/hadoop-ozone/integration-test/target/test-dir/MiniOzoneClusterImpl-0d15d221-0049-42ab-bf49-1e4b736e68e8/omNode-3/ratis/c9bc4cf4-3bc3-3c60-a66b-523986131536/current/log_0-584
2022-09-29 01:24:55,417 [omNode-2-server-thread1] INFO  server.RaftServer$Division (ServerState.java:setLeader(287)) - omNode-2@group-523986131536: change Leader from null to omNode-1 at term 3 for appendEntries, leader elected after 221ms
2022-09-29 01:24:55,421 [omNode-2-server-thread1] INFO  server.RaftServer$Division (ServerState.java:setRaftConf(393)) - omNode-2@group-523986131536: set configuration 585: [omNode-3|rpc:localhost:46443|admin:|client:|dataStream:|priority:0, omNode-1|rpc:localhost:33053|admin:|client:|dataStream:|priority:0, omNode-2|rpc:localhost:32823|admin:|client:|dataStream:|priority:0], old=null
2022-09-29 01:24:55,421 [omNode-2-server-thread1] INFO  segmented.SegmentedRaftLogWorker (SegmentedRaftLogWorker.java:rollLogSegment(430)) - omNode-2@group-523986131536-SegmentedRaftLogWorker: Rolling segment log-0_584 to index:584
2022-09-29 01:24:55,421 [omNode-2@group-523986131536-SegmentedRaftLogWorker] INFO  segmented.SegmentedRaftLogWorker (SegmentedRaftLogWorker.java:execute(586)) - omNode-2@group-523986131536-SegmentedRaftLogWorker: Rolled log segment from /home/runner/work/ozone/ozone/hadoop-ozone/integration-test/target/test-dir/MiniOzoneClusterImpl-0d15d221-0049-42ab-bf49-1e4b736e68e8/omNode-2/ratis/c9bc4cf4-3bc3-3c60-a66b-523986131536/current/log_inprogress_0 to /home/runner/work/ozone/ozone/hadoop-ozone/integration-test/target/test-dir/MiniOzoneClusterImpl-0d15d221-0049-42ab-bf49-1e4b736e68e8/omNode-2/ratis/c9bc4cf4-3bc3-3c60-a66b-523986131536/current/log_0-584
2022-09-29 01:24:55,424 [omNode-3@group-523986131536-SegmentedRaftLogWorker] INFO  segmented.SegmentedRaftLogWorker (SegmentedRaftLogWorker.java:execute(629)) - omNode-3@group-523986131536-SegmentedRaftLogWorker: created new log segment /home/runner/work/ozone/ozone/hadoop-ozone/integration-test/target/test-dir/MiniOzoneClusterImpl-0d15d221-0049-42ab-bf49-1e4b736e68e8/omNode-3/ratis/c9bc4cf4-3bc3-3c60-a66b-523986131536/current/log_inprogress_585
2022-09-29 01:24:55,435 [omNode-2@group-523986131536-SegmentedRaftLogWorker] INFO  segmented.SegmentedRaftLogWorker (SegmentedRaftLogWorker.java:execute(629)) - omNode-2@group-523986131536-SegmentedRaftLogWorker: created new log segment /home/runner/work/ozone/ozone/hadoop-ozone/integration-test/target/test-dir/MiniOzoneClusterImpl-0d15d221-0049-42ab-bf49-1e4b736e68e8/omNode-2/ratis/c9bc4cf4-3bc3-3c60-a66b-523986131536/current/log_inprogress_585
2022-09-29 01:24:55,467 [omNode-1@group-523986131536-StateMachineUpdater] INFO  ratis.OzoneManagerStateMachine (OzoneManagerStateMachine.java:notifyConfigurationChanged(192)) - Received Configuration change notification from Ratis. New Peer list:
[id: "omNode-3"
address: "localhost:46443"
, id: "omNode-1"
address: "localhost:33053"
, id: "omNode-2"
address: "localhost:32823"
]
2022-09-29 01:24:55,484 [omNode-2@group-523986131536-StateMachineUpdater] INFO  ratis.OzoneManagerStateMachine (OzoneManagerStateMachine.java:notifyConfigurationChanged(192)) - Received Configuration change notification from Ratis. New Peer list:
[id: "omNode-3"
address: "localhost:46443"
, id: "omNode-1"
address: "localhost:33053"
, id: "omNode-2"
address: "localhost:32823"
]
2022-09-29 01:24:55,485 [omNode-3@group-523986131536-StateMachineUpdater] INFO  ratis.OzoneManagerStateMachine (OzoneManagerStateMachine.java:notifyConfigurationChanged(192)) - Received Configuration change notification from Ratis. New Peer list:
[id: "omNode-3"
address: "localhost:46443"
, id: "omNode-1"
address: "localhost:33053"
, id: "omNode-2"
address: "localhost:32823"
]
2022-09-29 01:24:55,919 [Listener at localhost/36081] INFO  reflections.Reflections (Reflections.java:scan(232)) - Reflections took 694 ms to scan 19 urls, producing 67 keys and 4214 values [using 2 cores]
2022-09-29 01:24:55,920 [Listener at localhost/36081] INFO  ipc.CallQueueManager (CallQueueManager.java:<init>(90)) - Using callQueue: class java.util.concurrent.LinkedBlockingQueue, queueCapacity: 2000, scheduler: class org.apache.hadoop.ipc.DefaultRpcScheduler, ipcBackoff: false.
2022-09-29 01:24:55,923 [Socket Reader #1 for port 41057] INFO  ipc.Server (Server.java:run(1265)) - Starting Socket Reader #1 for port 41057
2022-09-29 01:24:55,931 [Listener at localhost/41057] INFO  http.BaseHttpServer (BaseHttpServer.java:newHttpServer2BuilderForOzone(213)) - Starting Web-server for ozoneManager at: http://0.0.0.0:39285
2022-09-29 01:24:55,932 [Listener at localhost/41057] INFO  http.BaseHttpServer (BaseHttpServer.java:<init>(108)) - Hadoop Security Enabled: false Ozone Security Enabled: false Ozone HTTP Security Enabled: false 
2022-09-29 01:24:55,933 [Listener at localhost/41057] INFO  server.AuthenticationFilter (AuthenticationFilter.java:constructSecretProvider(240)) - Unable to initialize FileSignerSecretProvider, falling back to use random secrets.
2022-09-29 01:24:55,934 [Listener at localhost/41057] WARN  http.HttpRequestLog (HttpRequestLog.java:getRequestLog(103)) - Jetty request log can only be enabled using Log4j
2022-09-29 01:24:55,940 [Listener at localhost/41057] INFO  http.HttpServer2 (HttpServer2.java:addGlobalFilter(1029)) - Added global filter 'safety' (class=org.apache.hadoop.hdds.server.http.HttpServer2$QuotingInputFilter)
2022-09-29 01:24:55,941 [Listener at localhost/41057] INFO  http.HttpServer2 (HttpServer2.java:addFilter(1005)) - Added filter static_user_filter (class=org.apache.hadoop.http.lib.StaticUserWebFilter$StaticUserFilter) to context ozoneManager
2022-09-29 01:24:55,941 [Listener at localhost/41057] INFO  http.HttpServer2 (HttpServer2.java:addFilter(1013)) - Added filter static_user_filter (class=org.apache.hadoop.http.lib.StaticUserWebFilter$StaticUserFilter) to context logs
2022-09-29 01:24:55,941 [Listener at localhost/41057] INFO  http.HttpServer2 (HttpServer2.java:addFilter(1013)) - Added filter static_user_filter (class=org.apache.hadoop.http.lib.StaticUserWebFilter$StaticUserFilter) to context static
2022-09-29 01:24:55,950 [Listener at localhost/41057] INFO  http.HttpServer2 (HttpServer2.java:bindListener(1248)) - Jetty bound to port 39285
2022-09-29 01:24:55,950 [Listener at localhost/41057] INFO  server.Server (Server.java:doStart(375)) - jetty-9.4.43.v20210629; built: 2021-06-30T11:07:22.254Z; git: 526006ecfa3af7f1a27ef3a288e2bef7ea9dd7e8; jvm 1.8.0_345-b01
2022-09-29 01:24:56,048 [Listener at localhost/41057] INFO  server.session (DefaultSessionIdManager.java:doStart(334)) - DefaultSessionIdManager workerName=node0
2022-09-29 01:24:56,049 [Listener at localhost/41057] INFO  server.session (DefaultSessionIdManager.java:doStart(339)) - No SessionScavenger set, using defaults
2022-09-29 01:24:56,049 [Listener at localhost/41057] INFO  server.session (HouseKeeper.java:startScavenging(132)) - node0 Scavenging every 600000ms
2022-09-29 01:24:56,053 [Listener at localhost/41057] INFO  handler.ContextHandler (ContextHandler.java:doStart(915)) - Started o.e.j.s.ServletContextHandler@64309b10{logs,/logs,file:///home/runner/work/ozone/ozone/hadoop-ozone/integration-test/target/log,AVAILABLE}
2022-09-29 01:24:56,054 [Listener at localhost/41057] INFO  handler.ContextHandler (ContextHandler.java:doStart(915)) - Started o.e.j.s.ServletContextHandler@6ee24a74{static,/static,file:///home/runner/work/ozone/ozone/hadoop-ozone/integration-test/target/test-classes/webapps/static,AVAILABLE}
2022-09-29 01:24:56,070 [Listener at localhost/41057] INFO  handler.ContextHandler (ContextHandler.java:doStart(915)) - Started o.e.j.w.WebAppContext@5e78e4d4{ozoneManager,/,file:///home/runner/work/ozone/ozone/hadoop-ozone/integration-test/target/test-classes/webapps/ozoneManager/,AVAILABLE}{file:/home/runner/work/ozone/ozone/hadoop-ozone/integration-test/target/test-classes/webapps/ozoneManager}
2022-09-29 01:24:56,089 [Listener at localhost/41057] INFO  server.AbstractConnector (AbstractConnector.java:doStart(331)) - Started ServerConnector@605058c5{HTTP/1.1, (http/1.1)}{0.0.0.0:39285}
2022-09-29 01:24:56,089 [Listener at localhost/41057] INFO  server.Server (Server.java:doStart(415)) - Started @127868ms
2022-09-29 01:24:56,090 [Listener at localhost/41057] WARN  impl.MetricsSystemImpl (MetricsSystemImpl.java:register(279)) - Sink prometheus already exists!
2022-09-29 01:24:56,090 [Listener at localhost/41057] INFO  http.BaseHttpServer (BaseHttpServer.java:updateConnectorAddress(333)) - HTTP server of ozoneManager listening at http://0.0.0.0:39285
2022-09-29 01:24:56,091 [IPC Server Responder] INFO  ipc.Server (Server.java:run(1507)) - IPC Server Responder: starting
2022-09-29 01:24:56,091 [IPC Server listener on 41057] INFO  ipc.Server (Server.java:run(1344)) - IPC Server listener on 41057: starting
2022-09-29 01:24:56,092 [Listener at localhost/41057] INFO  om.OzoneManager (OzoneManager.java:startTrashEmptier(1920)) - Trash Interval set to 0. Files deleted won't move to trash
]]></system-out>
  </testcase>
</testsuite>