<?xml version="1.0" encoding="UTF-8"?>
<testsuite xmlns:xsi="http://www.w3.org/2001/XMLSchema-instance" xsi:noNamespaceSchemaLocation="https://maven.apache.org/surefire/maven-surefire-plugin/xsd/surefire-test-report.xsd" name="org.apache.hadoop.ozone.client.rpc.TestDeleteWithSlowFollower" time="33.995" tests="1" errors="0" skipped="0" failures="1">
  <properties>
    <property name="awt.toolkit" value="sun.awt.X11.XToolkit"/>
    <property name="file.encoding.pkg" value="sun.io"/>
    <property name="java.specification.version" value="1.8"/>
    <property name="sun.cpu.isalist" value=""/>
    <property name="sun.jnu.encoding" value="ANSI_X3.4-1968"/>
    <property name="java.class.path" value="/github/workspace/mnt/ozone/hadoop-ozone/integration-test/target/test-classes:/github/workspace/mnt/ozone/hadoop-ozone/integration-test/target/classes:/home/user/.m2/repository/org/apache/hadoop/hadoop-ozone-common/0.6.0-SNAPSHOT/hadoop-ozone-common-0.6.0-SNAPSHOT.jar:/home/user/.m2/repository/org/apache/commons/commons-compress/1.4.1/commons-compress-1.4.1.jar:/home/user/.m2/repository/org/tukaani/xz/1.0/xz-1.0.jar:/home/user/.m2/repository/org/apache/hadoop/hadoop-hdds-common/0.6.0-SNAPSHOT/hadoop-hdds-common-0.6.0-SNAPSHOT.jar:/home/user/.m2/repository/org/apache/hadoop/hadoop-hdds-hadoop-dependency-client/0.6.0-SNAPSHOT/hadoop-hdds-hadoop-dependency-client-0.6.0-SNAPSHOT.jar:/home/user/.m2/repository/info/picocli/picocli/3.9.6/picocli-3.9.6.jar:/home/user/.m2/repository/com/fasterxml/jackson/core/jackson-annotations/2.10.3/jackson-annotations-2.10.3.jar:/home/user/.m2/repository/javax/annotation/javax.annotation-api/1.2/javax.annotation-api-1.2.jar:/home/user/.m2/repository/org/apache/ratis/ratis-server/0.6.0-6ab75ae-SNAPSHOT/ratis-server-0.6.0-6ab75ae-SNAPSHOT.jar:/home/user/.m2/repository/org/apache/ratis/ratis-client/0.6.0-6ab75ae-SNAPSHOT/ratis-client-0.6.0-6ab75ae-SNAPSHOT.jar:/home/user/.m2/repository/org/apache/ratis/ratis-metrics/0.6.0-6ab75ae-SNAPSHOT/ratis-metrics-0.6.0-6ab75ae-SNAPSHOT.jar:/home/user/.m2/repository/org/apache/ratis/ratis-netty/0.6.0-6ab75ae-SNAPSHOT/ratis-netty-0.6.0-6ab75ae-SNAPSHOT.jar:/home/user/.m2/repository/org/apache/ratis/ratis-grpc/0.6.0-6ab75ae-SNAPSHOT/ratis-grpc-0.6.0-6ab75ae-SNAPSHOT.jar:/home/user/.m2/repository/org/apache/logging/log4j/log4j-api/2.11.0/log4j-api-2.11.0.jar:/home/user/.m2/repository/org/apache/logging/log4j/log4j-core/2.11.0/log4j-core-2.11.0.jar:/home/user/.m2/repository/com/lmax/disruptor/3.4.2/disruptor-3.4.2.jar:/home/user/.m2/repository/org/apache/commons/commons-pool2/2.6.0/commons-pool2-2.6.0.jar:/home/user/.m2/repository/org/bouncycastle/bcpkix-jdk15on/1.60/bcpkix-jdk15on-1.60.jar:/home/user/.m2/repository/commons-validator/commons-validator/1.6/commons-validator-1.6.jar:/home/user/.m2/repository/commons-digester/commons-digester/1.8.1/commons-digester-1.8.1.jar:/home/user/.m2/repository/io/jaegertracing/jaeger-client/1.2.0/jaeger-client-1.2.0.jar:/home/user/.m2/repository/io/jaegertracing/jaeger-thrift/1.2.0/jaeger-thrift-1.2.0.jar:/home/user/.m2/repository/org/apache/thrift/libthrift/0.13.0/libthrift-0.13.0.jar:/home/user/.m2/repository/com/squareup/okhttp3/okhttp/4.2.2/okhttp-4.2.2.jar:/home/user/.m2/repository/com/squareup/okio/okio/2.2.2/okio-2.2.2.jar:/home/user/.m2/repository/org/jetbrains/kotlin/kotlin-stdlib/1.3.50/kotlin-stdlib-1.3.50.jar:/home/user/.m2/repository/org/jetbrains/kotlin/kotlin-stdlib-common/1.3.50/kotlin-stdlib-common-1.3.50.jar:/home/user/.m2/repository/org/jetbrains/annotations/13.0/annotations-13.0.jar:/home/user/.m2/repository/io/jaegertracing/jaeger-core/1.2.0/jaeger-core-1.2.0.jar:/home/user/.m2/repository/io/jaegertracing/jaeger-tracerresolver/1.2.0/jaeger-tracerresolver-1.2.0.jar:/home/user/.m2/repository/io/opentracing/contrib/opentracing-tracerresolver/0.1.8/opentracing-tracerresolver-0.1.8.jar:/home/user/.m2/repository/io/opentracing/opentracing-util/0.33.0/opentracing-util-0.33.0.jar:/home/user/.m2/repository/io/opentracing/opentracing-api/0.33.0/opentracing-api-0.33.0.jar:/home/user/.m2/repository/io/opentracing/opentracing-noop/0.33.0/opentracing-noop-0.33.0.jar:/home/user/.m2/repository/org/apache/hadoop/hadoop-hdds-client/0.6.0-SNAPSHOT/hadoop-hdds-client-0.6.0-SNAPSHOT.jar:/home/user/.m2/repository/org/apache/hadoop/hadoop-ozone-interface-client/0.6.0-SNAPSHOT/hadoop-ozone-interface-client-0.6.0-SNAPSHOT.jar:/home/user/.m2/repository/org/apache/hadoop/hadoop-hdds-test-utils/0.6.0-SNAPSHOT/hadoop-hdds-test-utils-0.6.0-SNAPSHOT.jar:/home/user/.m2/repository/com/google/guava/guava/28.2-jre/guava-28.2-jre.jar:/home/user/.m2/repository/com/google/guava/failureaccess/1.0.1/failureaccess-1.0.1.jar:/home/user/.m2/repository/com/google/guava/listenablefuture/9999.0-empty-to-avoid-conflict-with-guava/listenablefuture-9999.0-empty-to-avoid-conflict-with-guava.jar:/home/user/.m2/repository/com/google/code/findbugs/jsr305/3.0.0/jsr305-3.0.0.jar:/home/user/.m2/repository/org/checkerframework/checker-qual/2.10.0/checker-qual-2.10.0.jar:/home/user/.m2/repository/com/google/errorprone/error_prone_annotations/2.2.0/error_prone_annotations-2.2.0.jar:/home/user/.m2/repository/com/google/j2objc/j2objc-annotations/1.3/j2objc-annotations-1.3.jar:/home/user/.m2/repository/commons-io/commons-io/2.5/commons-io-2.5.jar:/home/user/.m2/repository/commons-logging/commons-logging/1.2/commons-logging-1.2.jar:/home/user/.m2/repository/log4j/log4j/1.2.17/log4j-1.2.17.jar:/home/user/.m2/repository/org/slf4j/slf4j-api/1.7.25/slf4j-api-1.7.25.jar:/home/user/.m2/repository/org/apache/hadoop/hadoop-hdds-server-scm/0.6.0-SNAPSHOT/hadoop-hdds-server-scm-0.6.0-SNAPSHOT.jar:/home/user/.m2/repository/org/apache/hadoop/hadoop-hdds-container-service/0.6.0-SNAPSHOT/hadoop-hdds-container-service-0.6.0-SNAPSHOT.jar:/home/user/.m2/repository/org/apache/hadoop/hadoop-hdds-hadoop-dependency-server/0.6.0-SNAPSHOT/hadoop-hdds-hadoop-dependency-server-0.6.0-SNAPSHOT.jar:/home/user/.m2/repository/org/apache/hadoop/hadoop-hdds-server-framework/0.6.0-SNAPSHOT/hadoop-hdds-server-framework-0.6.0-SNAPSHOT.jar:/home/user/.m2/repository/org/apache/hadoop/hadoop-hdds-interface-server/0.6.0-SNAPSHOT/hadoop-hdds-interface-server-0.6.0-SNAPSHOT.jar:/home/user/.m2/repository/org/apache/hadoop/hadoop-hdds-interface-admin/0.6.0-SNAPSHOT/hadoop-hdds-interface-admin-0.6.0-SNAPSHOT.jar:/home/user/.m2/repository/org/rocksdb/rocksdbjni/6.8.1/rocksdbjni-6.8.1.jar:/home/user/.m2/repository/io/prometheus/simpleclient_dropwizard/0.7.0/simpleclient_dropwizard-0.7.0.jar:/home/user/.m2/repository/io/prometheus/simpleclient/0.7.0/simpleclient-0.7.0.jar:/home/user/.m2/repository/io/prometheus/simpleclient_common/0.7.0/simpleclient_common-0.7.0.jar:/home/user/.m2/repository/com/fasterxml/jackson/datatype/jackson-datatype-jsr310/2.10.3/jackson-datatype-jsr310-2.10.3.jar:/home/user/.m2/repository/org/apache/hadoop/hadoop-hdds-docs/0.6.0-SNAPSHOT/hadoop-hdds-docs-0.6.0-SNAPSHOT.jar:/home/user/.m2/repository/io/dropwizard/metrics/metrics-core/3.2.4/metrics-core-3.2.4.jar:/home/user/.m2/repository/org/apache/hadoop/hadoop-hdfs-client/3.2.1/hadoop-hdfs-client-3.2.1.jar:/home/user/.m2/repository/org/bouncycastle/bcprov-jdk15on/1.60/bcprov-jdk15on-1.60.jar:/home/user/.m2/repository/org/apache/hadoop/hadoop-ozone-ozone-manager/0.6.0-SNAPSHOT/hadoop-ozone-ozone-manager-0.6.0-SNAPSHOT.jar:/home/user/.m2/repository/org/apache/hadoop/hadoop-hdds-interface-client/0.6.0-SNAPSHOT/hadoop-hdds-interface-client-0.6.0-SNAPSHOT.jar:/home/user/.m2/repository/org/apache/ratis/ratis-thirdparty-misc/0.4.0/ratis-thirdparty-misc-0.4.0.jar:/home/user/.m2/repository/org/apache/hadoop/hadoop-minikdc/3.2.1/hadoop-minikdc-3.2.1.jar:/home/user/.m2/repository/org/apache/kerby/kerb-simplekdc/1.0.1/kerb-simplekdc-1.0.1.jar:/home/user/.m2/repository/org/apache/kerby/kerb-client/1.0.1/kerb-client-1.0.1.jar:/home/user/.m2/repository/org/apache/kerby/kerby-config/1.0.1/kerby-config-1.0.1.jar:/home/user/.m2/repository/org/apache/kerby/kerb-core/1.0.1/kerb-core-1.0.1.jar:/home/user/.m2/repository/org/apache/kerby/kerby-pkix/1.0.1/kerby-pkix-1.0.1.jar:/home/user/.m2/repository/org/apache/kerby/kerby-asn1/1.0.1/kerby-asn1-1.0.1.jar:/home/user/.m2/repository/org/apache/kerby/kerby-util/1.0.1/kerby-util-1.0.1.jar:/home/user/.m2/repository/org/apache/kerby/kerb-common/1.0.1/kerb-common-1.0.1.jar:/home/user/.m2/repository/org/apache/kerby/kerb-crypto/1.0.1/kerb-crypto-1.0.1.jar:/home/user/.m2/repository/org/apache/kerby/kerb-util/1.0.1/kerb-util-1.0.1.jar:/home/user/.m2/repository/org/apache/kerby/token-provider/1.0.1/token-provider-1.0.1.jar:/home/user/.m2/repository/org/apache/kerby/kerb-admin/1.0.1/kerb-admin-1.0.1.jar:/home/user/.m2/repository/org/apache/kerby/kerb-server/1.0.1/kerb-server-1.0.1.jar:/home/user/.m2/repository/org/apache/kerby/kerb-identity/1.0.1/kerb-identity-1.0.1.jar:/home/user/.m2/repository/org/apache/kerby/kerby-xdr/1.0.1/kerby-xdr-1.0.1.jar:/home/user/.m2/repository/org/slf4j/slf4j-log4j12/1.7.25/slf4j-log4j12-1.7.25.jar:/home/user/.m2/repository/org/apache/hadoop/hadoop-ozone-s3gateway/0.6.0-SNAPSHOT/hadoop-ozone-s3gateway-0.6.0-SNAPSHOT.jar:/home/user/.m2/repository/org/jboss/weld/servlet/weld-servlet/2.4.7.Final/weld-servlet-2.4.7.Final.jar:/home/user/.m2/repository/org/glassfish/jersey/containers/jersey-container-servlet-core/2.27/jersey-container-servlet-core-2.27.jar:/home/user/.m2/repository/org/glassfish/hk2/external/javax.inject/2.5.0-b42/javax.inject-2.5.0-b42.jar:/home/user/.m2/repository/org/glassfish/jersey/core/jersey-common/2.27/jersey-common-2.27.jar:/home/user/.m2/repository/org/glassfish/hk2/osgi-resource-locator/1.0.1/osgi-resource-locator-1.0.1.jar:/home/user/.m2/repository/javax/ws/rs/javax.ws.rs-api/2.1/javax.ws.rs-api-2.1.jar:/home/user/.m2/repository/org/glassfish/jersey/ext/cdi/jersey-cdi1x/2.27/jersey-cdi1x-2.27.jar:/home/user/.m2/repository/org/glassfish/jersey/inject/jersey-hk2/2.27/jersey-hk2-2.27.jar:/home/user/.m2/repository/org/glassfish/hk2/hk2-locator/2.5.0-b42/hk2-locator-2.5.0-b42.jar:/home/user/.m2/repository/org/javassist/javassist/3.22.0-CR2/javassist-3.22.0-CR2.jar:/home/user/.m2/repository/org/glassfish/hk2/hk2-api/2.5.0/hk2-api-2.5.0.jar:/home/user/.m2/repository/org/glassfish/hk2/external/jakarta.inject/2.5.0/jakarta.inject-2.5.0.jar:/home/user/.m2/repository/org/glassfish/hk2/hk2-utils/2.5.0/hk2-utils-2.5.0.jar:/home/user/.m2/repository/jakarta/annotation/jakarta.annotation-api/1.3.4/jakarta.annotation-api-1.3.4.jar:/home/user/.m2/repository/org/glassfish/hk2/external/aopalliance-repackaged/2.5.0/aopalliance-repackaged-2.5.0.jar:/home/user/.m2/repository/com/fasterxml/jackson/dataformat/jackson-dataformat-xml/2.10.3/jackson-dataformat-xml-2.10.3.jar:/home/user/.m2/repository/com/fasterxml/jackson/core/jackson-core/2.10.3/jackson-core-2.10.3.jar:/home/user/.m2/repository/com/fasterxml/jackson/module/jackson-module-jaxb-annotations/2.10.3/jackson-module-jaxb-annotations-2.10.3.jar:/home/user/.m2/repository/jakarta/xml/bind/jakarta.xml.bind-api/2.3.2/jakarta.xml.bind-api-2.3.2.jar:/home/user/.m2/repository/jakarta/activation/jakarta.activation-api/1.2.1/jakarta.activation-api-1.2.1.jar:/home/user/.m2/repository/org/codehaus/woodstox/stax2-api/3.1.4/stax2-api-3.1.4.jar:/home/user/.m2/repository/com/fasterxml/woodstox/woodstox-core/5.0.3/woodstox-core-5.0.3.jar:/home/user/.m2/repository/javax/enterprise/cdi-api/1.2/cdi-api-1.2.jar:/home/user/.m2/repository/javax/el/javax.el-api/3.0.0/javax.el-api-3.0.0.jar:/home/user/.m2/repository/javax/interceptor/javax.interceptor-api/1.2/javax.interceptor-api-1.2.jar:/home/user/.m2/repository/javax/inject/javax.inject/1/javax.inject-1.jar:/home/user/.m2/repository/com/sun/xml/bind/jaxb-impl/2.3.0.1/jaxb-impl-2.3.0.1.jar:/home/user/.m2/repository/com/sun/xml/bind/jaxb-core/2.3.0.1/jaxb-core-2.3.0.1.jar:/home/user/.m2/repository/javax/xml/bind/jaxb-api/2.3.0/jaxb-api-2.3.0.jar:/home/user/.m2/repository/javax/activation/activation/1.1.1/activation-1.1.1.jar:/home/user/.m2/repository/org/apache/hadoop/hadoop-ozone-csi/0.6.0-SNAPSHOT/hadoop-ozone-csi-0.6.0-SNAPSHOT.jar:/home/user/.m2/repository/com/google/protobuf/protobuf-java-util/3.11.0/protobuf-java-util-3.11.0.jar:/home/user/.m2/repository/com/google/code/gson/gson/2.2.4/gson-2.2.4.jar:/home/user/.m2/repository/org/apache/hadoop/hadoop-hdds-config/0.6.0-SNAPSHOT/hadoop-hdds-config-0.6.0-SNAPSHOT.jar:/home/user/.m2/repository/com/google/protobuf/protobuf-java/2.5.0/protobuf-java-2.5.0.jar:/home/user/.m2/repository/io/grpc/grpc-netty/1.29.0/grpc-netty-1.29.0.jar:/home/user/.m2/repository/io/grpc/grpc-core/1.29.0/grpc-core-1.29.0.jar:/home/user/.m2/repository/com/google/android/annotations/4.1.1.4/annotations-4.1.1.4.jar:/home/user/.m2/repository/io/perfmark/perfmark-api/0.19.0/perfmark-api-0.19.0.jar:/home/user/.m2/repository/io/netty/netty-codec-http2/4.1.48.Final/netty-codec-http2-4.1.48.Final.jar:/home/user/.m2/repository/io/netty/netty-codec/4.1.48.Final/netty-codec-4.1.48.Final.jar:/home/user/.m2/repository/io/netty/netty-handler/4.1.48.Final/netty-handler-4.1.48.Final.jar:/home/user/.m2/repository/io/netty/netty-codec-http/4.1.48.Final/netty-codec-http-4.1.48.Final.jar:/home/user/.m2/repository/io/netty/netty-handler-proxy/4.1.48.Final/netty-handler-proxy-4.1.48.Final.jar:/home/user/.m2/repository/io/netty/netty-codec-socks/4.1.48.Final/netty-codec-socks-4.1.48.Final.jar:/home/user/.m2/repository/io/netty/netty-transport-native-epoll/4.1.48.Final/netty-transport-native-epoll-4.1.48.Final.jar:/home/user/.m2/repository/io/netty/netty-common/4.1.48.Final/netty-common-4.1.48.Final.jar:/home/user/.m2/repository/io/netty/netty-buffer/4.1.48.Final/netty-buffer-4.1.48.Final.jar:/home/user/.m2/repository/io/netty/netty-transport/4.1.48.Final/netty-transport-4.1.48.Final.jar:/home/user/.m2/repository/io/netty/netty-resolver/4.1.48.Final/netty-resolver-4.1.48.Final.jar:/home/user/.m2/repository/io/netty/netty-transport-native-unix-common/4.1.48.Final/netty-transport-native-unix-common-4.1.48.Final.jar:/home/user/.m2/repository/io/grpc/grpc-protobuf/1.29.0/grpc-protobuf-1.29.0.jar:/home/user/.m2/repository/io/grpc/grpc-api/1.29.0/grpc-api-1.29.0.jar:/home/user/.m2/repository/io/grpc/grpc-context/1.29.0/grpc-context-1.29.0.jar:/home/user/.m2/repository/org/codehaus/mojo/animal-sniffer-annotations/1.18/animal-sniffer-annotations-1.18.jar:/home/user/.m2/repository/com/google/api/grpc/proto-google-common-protos/1.17.0/proto-google-common-protos-1.17.0.jar:/home/user/.m2/repository/io/grpc/grpc-protobuf-lite/1.29.0/grpc-protobuf-lite-1.29.0.jar:/home/user/.m2/repository/io/grpc/grpc-stub/1.29.0/grpc-stub-1.29.0.jar:/home/user/.m2/repository/org/apache/hadoop/hadoop-ozone-recon/0.6.0-SNAPSHOT/hadoop-ozone-recon-0.6.0-SNAPSHOT.jar:/home/user/.m2/repository/org/apache/hadoop/hadoop-ozone-reconcodegen/0.6.0-SNAPSHOT/hadoop-ozone-reconcodegen-0.6.0-SNAPSHOT.jar:/home/user/.m2/repository/com/google/inject/extensions/guice-multibindings/4.0/guice-multibindings-4.0.jar:/home/user/.m2/repository/com/google/inject/guice/4.0/guice-4.0.jar:/home/user/.m2/repository/aopalliance/aopalliance/1.0/aopalliance-1.0.jar:/home/user/.m2/repository/com/google/inject/extensions/guice-assistedinject/4.0/guice-assistedinject-4.0.jar:/home/user/.m2/repository/com/google/inject/extensions/guice-servlet/4.0/guice-servlet-4.0.jar:/home/user/.m2/repository/org/glassfish/jersey/containers/jersey-container-servlet/2.27/jersey-container-servlet-2.27.jar:/home/user/.m2/repository/org/glassfish/hk2/guice-bridge/2.5.0/guice-bridge-2.5.0.jar:/home/user/.m2/repository/org/glassfish/jersey/core/jersey-server/2.27/jersey-server-2.27.jar:/home/user/.m2/repository/org/glassfish/jersey/core/jersey-client/2.27/jersey-client-2.27.jar:/home/user/.m2/repository/org/glassfish/jersey/media/jersey-media-jaxb/2.27/jersey-media-jaxb-2.27.jar:/home/user/.m2/repository/javax/validation/validation-api/1.1.0.Final/validation-api-1.1.0.Final.jar:/home/user/.m2/repository/org/glassfish/jersey/media/jersey-media-json-jackson/2.27/jersey-media-json-jackson-2.27.jar:/home/user/.m2/repository/org/glassfish/jersey/ext/jersey-entity-filtering/2.27/jersey-entity-filtering-2.27.jar:/home/user/.m2/repository/org/jooq/jooq/3.11.10/jooq-3.11.10.jar:/home/user/.m2/repository/org/jooq/jooq-meta/3.11.10/jooq-meta-3.11.10.jar:/home/user/.m2/repository/org/jooq/jooq-codegen/3.11.10/jooq-codegen-3.11.10.jar:/home/user/.m2/repository/com/jolbox/bonecp/0.8.0.RELEASE/bonecp-0.8.0.RELEASE.jar:/home/user/.m2/repository/org/apache/derby/derby/10.14.2.0/derby-10.14.2.0.jar:/home/user/.m2/repository/org/xerial/sqlite-jdbc/3.25.2/sqlite-jdbc-3.25.2.jar:/home/user/.m2/repository/org/springframework/spring-jdbc/5.2.5.RELEASE/spring-jdbc-5.2.5.RELEASE.jar:/home/user/.m2/repository/org/springframework/spring-beans/5.2.5.RELEASE/spring-beans-5.2.5.RELEASE.jar:/home/user/.m2/repository/org/springframework/spring-core/5.2.5.RELEASE/spring-core-5.2.5.RELEASE.jar:/home/user/.m2/repository/org/springframework/spring-jcl/5.2.5.RELEASE/spring-jcl-5.2.5.RELEASE.jar:/home/user/.m2/repository/org/springframework/spring-tx/5.2.5.RELEASE/spring-tx-5.2.5.RELEASE.jar:/home/user/.m2/repository/org/apache/hadoop/hadoop-ozone-client/0.6.0-SNAPSHOT/hadoop-ozone-client-0.6.0-SNAPSHOT.jar:/home/user/.m2/repository/org/apache/hadoop/hadoop-ozone-filesystem/0.6.0-SNAPSHOT/hadoop-ozone-filesystem-0.6.0-SNAPSHOT.jar:/home/user/.m2/repository/org/apache/hadoop/hadoop-ozone-filesystem-common/0.6.0-SNAPSHOT/hadoop-ozone-filesystem-common-0.6.0-SNAPSHOT.jar:/home/user/.m2/repository/org/apache/hadoop/hadoop-ozone-tools/0.6.0-SNAPSHOT/hadoop-ozone-tools-0.6.0-SNAPSHOT.jar:/home/user/.m2/repository/org/apache/hadoop/hadoop-hdfs/3.2.1/hadoop-hdfs-3.2.1.jar:/home/user/.m2/repository/org/apache/ratis/ratis-tools/0.6.0-6ab75ae-SNAPSHOT/ratis-tools-0.6.0-6ab75ae-SNAPSHOT.jar:/home/user/.m2/repository/org/apache/ratis/ratis-proto/0.6.0-6ab75ae-SNAPSHOT/ratis-proto-0.6.0-6ab75ae-SNAPSHOT.jar:/home/user/.m2/repository/org/apache/ratis/ratis-common/0.6.0-6ab75ae-SNAPSHOT/ratis-common-0.6.0-6ab75ae-SNAPSHOT.jar:/home/user/.m2/repository/com/amazonaws/aws-java-sdk-core/1.11.615/aws-java-sdk-core-1.11.615.jar:/home/user/.m2/repository/org/apache/httpcomponents/httpclient/4.5.2/httpclient-4.5.2.jar:/home/user/.m2/repository/org/apache/httpcomponents/httpcore/4.4.4/httpcore-4.4.4.jar:/home/user/.m2/repository/software/amazon/ion/ion-java/1.0.2/ion-java-1.0.2.jar:/home/user/.m2/repository/com/fasterxml/jackson/dataformat/jackson-dataformat-cbor/2.10.3/jackson-dataformat-cbor-2.10.3.jar:/home/user/.m2/repository/joda-time/joda-time/2.8.1/joda-time-2.8.1.jar:/home/user/.m2/repository/com/amazonaws/aws-java-sdk-s3/1.11.615/aws-java-sdk-s3-1.11.615.jar:/home/user/.m2/repository/com/amazonaws/aws-java-sdk-kms/1.11.615/aws-java-sdk-kms-1.11.615.jar:/home/user/.m2/repository/com/amazonaws/jmespath-java/1.11.615/jmespath-java-1.11.615.jar:/home/user/.m2/repository/org/apache/hadoop/hadoop-hdds-tools/0.6.0-SNAPSHOT/hadoop-hdds-tools-0.6.0-SNAPSHOT.jar:/home/user/.m2/repository/commons-cli/commons-cli/1.2/commons-cli-1.2.jar:/home/user/.m2/repository/org/apache/commons/commons-lang3/3.7/commons-lang3-3.7.jar:/home/user/.m2/repository/org/apache/hadoop/hadoop-ozone-ozone-manager/0.6.0-SNAPSHOT/hadoop-ozone-ozone-manager-0.6.0-SNAPSHOT-tests.jar:/home/user/.m2/repository/junit/junit/4.11/junit-4.11.jar:/home/user/.m2/repository/org/hamcrest/hamcrest-core/1.3/hamcrest-core-1.3.jar:/home/user/.m2/repository/org/openjdk/jmh/jmh-core/1.19/jmh-core-1.19.jar:/home/user/.m2/repository/net/sf/jopt-simple/jopt-simple/4.6/jopt-simple-4.6.jar:/home/user/.m2/repository/org/apache/commons/commons-math3/3.1.1/commons-math3-3.1.1.jar:/home/user/.m2/repository/org/openjdk/jmh/jmh-generator-annprocess/1.19/jmh-generator-annprocess-1.19.jar:/home/user/.m2/repository/org/mockito/mockito-all/1.8.5/mockito-all-1.8.5.jar:/home/user/.m2/repository/org/apache/hadoop/hadoop-kms/3.2.1/hadoop-kms-3.2.1.jar:/home/user/.m2/repository/org/apache/hadoop/hadoop-auth/3.2.1/hadoop-auth-3.2.1.jar:/home/user/.m2/repository/com/nimbusds/nimbus-jose-jwt/7.9/nimbus-jose-jwt-7.9.jar:/home/user/.m2/repository/com/github/stephenc/jcip/jcip-annotations/1.0-1/jcip-annotations-1.0-1.jar:/home/user/.m2/repository/net/minidev/json-smart/2.3/json-smart-2.3.jar:/home/user/.m2/repository/net/minidev/accessors-smart/1.2/accessors-smart-1.2.jar:/home/user/.m2/repository/org/ow2/asm/asm/5.0.4/asm-5.0.4.jar:/home/user/.m2/repository/org/apache/zookeeper/zookeeper/3.4.13/zookeeper-3.4.13.jar:/home/user/.m2/repository/org/apache/yetus/audience-annotations/0.5.0/audience-annotations-0.5.0.jar:/home/user/.m2/repository/org/apache/curator/curator-framework/2.13.0/curator-framework-2.13.0.jar:/home/user/.m2/repository/com/sun/jersey/jersey-core/1.19/jersey-core-1.19.jar:/home/user/.m2/repository/javax/ws/rs/jsr311-api/1.1.1/jsr311-api-1.1.1.jar:/home/user/.m2/repository/com/sun/jersey/jersey-server/1.19/jersey-server-1.19.jar:/home/user/.m2/repository/javax/servlet/javax.servlet-api/3.1.0/javax.servlet-api-3.1.0.jar:/home/user/.m2/repository/org/eclipse/jetty/jetty-server/9.4.26.v20200117/jetty-server-9.4.26.v20200117.jar:/home/user/.m2/repository/org/eclipse/jetty/jetty-http/9.4.26.v20200117/jetty-http-9.4.26.v20200117.jar:/home/user/.m2/repository/org/eclipse/jetty/jetty-io/9.4.26.v20200117/jetty-io-9.4.26.v20200117.jar:/home/user/.m2/repository/org/eclipse/jetty/jetty-webapp/9.4.26.v20200117/jetty-webapp-9.4.26.v20200117.jar:/home/user/.m2/repository/org/eclipse/jetty/jetty-xml/9.4.26.v20200117/jetty-xml-9.4.26.v20200117.jar:/home/user/.m2/repository/org/eclipse/jetty/jetty-servlet/9.4.26.v20200117/jetty-servlet-9.4.26.v20200117.jar:/home/user/.m2/repository/org/eclipse/jetty/jetty-security/9.4.26.v20200117/jetty-security-9.4.26.v20200117.jar:/home/user/.m2/repository/org/apache/hadoop/hadoop-common/3.2.1/hadoop-common-3.2.1.jar:/home/user/.m2/repository/commons-net/commons-net/3.6/commons-net-3.6.jar:/home/user/.m2/repository/commons-collections/commons-collections/3.2.2/commons-collections-3.2.2.jar:/home/user/.m2/repository/com/sun/jersey/jersey-servlet/1.19/jersey-servlet-1.19.jar:/home/user/.m2/repository/com/sun/jersey/jersey-json/1.19/jersey-json-1.19.jar:/home/user/.m2/repository/org/codehaus/jettison/jettison/1.1/jettison-1.1.jar:/home/user/.m2/repository/org/codehaus/jackson/jackson-jaxrs/1.9.2/jackson-jaxrs-1.9.2.jar:/home/user/.m2/repository/org/codehaus/jackson/jackson-xc/1.9.2/jackson-xc-1.9.2.jar:/home/user/.m2/repository/commons-beanutils/commons-beanutils/1.9.4/commons-beanutils-1.9.4.jar:/home/user/.m2/repository/org/apache/commons/commons-configuration2/2.1.1/commons-configuration2-2.1.1.jar:/home/user/.m2/repository/org/apache/commons/commons-text/1.4/commons-text-1.4.jar:/home/user/.m2/repository/com/google/re2j/re2j/1.1/re2j-1.1.jar:/home/user/.m2/repository/com/jcraft/jsch/0.1.54/jsch-0.1.54.jar:/home/user/.m2/repository/org/apache/curator/curator-client/2.13.0/curator-client-2.13.0.jar:/home/user/.m2/repository/org/apache/curator/curator-recipes/2.13.0/curator-recipes-2.13.0.jar:/home/user/.m2/repository/dnsjava/dnsjava/2.1.7/dnsjava-2.1.7.jar:/home/user/.m2/repository/org/slf4j/jul-to-slf4j/1.7.25/jul-to-slf4j-1.7.25.jar:/home/user/.m2/repository/org/eclipse/jetty/jetty-util/9.4.26.v20200117/jetty-util-9.4.26.v20200117.jar:/home/user/.m2/repository/com/fasterxml/jackson/core/jackson-databind/2.10.3/jackson-databind-2.10.3.jar:/home/user/.m2/repository/org/apache/hadoop/hadoop-kms/3.2.1/hadoop-kms-3.2.1-tests.jar:/home/user/.m2/repository/org/apache/hadoop/hadoop-hdds-server-scm/0.6.0-SNAPSHOT/hadoop-hdds-server-scm-0.6.0-SNAPSHOT-tests.jar:/home/user/.m2/repository/org/apache/hadoop/hadoop-hdds-container-service/0.6.0-SNAPSHOT/hadoop-hdds-container-service-0.6.0-SNAPSHOT-tests.jar:/home/user/.m2/repository/org/apache/hadoop/hadoop-hdds-common/0.6.0-SNAPSHOT/hadoop-hdds-common-0.6.0-SNAPSHOT-tests.jar:/home/user/.m2/repository/org/yaml/snakeyaml/1.16/snakeyaml-1.16.jar:/home/user/.m2/repository/org/apache/hadoop/hadoop-hdds-hadoop-dependency-test/0.6.0-SNAPSHOT/hadoop-hdds-hadoop-dependency-test-0.6.0-SNAPSHOT.jar:/home/user/.m2/repository/org/apache/hadoop/hadoop-common/3.2.1/hadoop-common-3.2.1-tests.jar:/home/user/.m2/repository/javax/servlet/jsp/jsp-api/2.1/jsp-api-2.1.jar:/home/user/.m2/repository/org/apache/hadoop/hadoop-hdfs/3.2.1/hadoop-hdfs-3.2.1-tests.jar:/home/user/.m2/repository/org/eclipse/jetty/jetty-util-ajax/9.4.26.v20200117/jetty-util-ajax-9.4.26.v20200117.jar:/home/user/.m2/repository/commons-codec/commons-codec/1.11/commons-codec-1.11.jar:/home/user/.m2/repository/commons-daemon/commons-daemon/1.0.13/commons-daemon-1.0.13.jar:/home/user/.m2/repository/io/netty/netty/3.10.5.Final/netty-3.10.5.Final.jar:/home/user/.m2/repository/io/netty/netty-all/4.1.48.Final/netty-all-4.1.48.Final.jar:/home/user/.m2/repository/org/apache/htrace/htrace-core4/4.1.0-incubating/htrace-core4-4.1.0-incubating.jar:/home/user/.m2/repository/org/fusesource/leveldbjni/leveldbjni-all/1.8/leveldbjni-all-1.8.jar:/home/user/.m2/repository/org/apache/hadoop/hadoop-distcp/3.2.1/hadoop-distcp-3.2.1.jar:/home/user/.m2/repository/org/apache/hadoop/hadoop-mapreduce-client-jobclient/3.2.1/hadoop-mapreduce-client-jobclient-3.2.1.jar:/home/user/.m2/repository/org/apache/hadoop/hadoop-mapreduce-client-common/3.2.1/hadoop-mapreduce-client-common-3.2.1.jar:/home/user/.m2/repository/org/apache/hadoop/hadoop-yarn-common/3.2.1/hadoop-yarn-common-3.2.1.jar:/home/user/.m2/repository/org/apache/hadoop/hadoop-yarn-api/3.2.1/hadoop-yarn-api-3.2.1.jar:/home/user/.m2/repository/com/sun/jersey/jersey-client/1.19/jersey-client-1.19.jar:/home/user/.m2/repository/com/sun/jersey/contribs/jersey-guice/1.19/jersey-guice-1.19.jar:/home/user/.m2/repository/com/fasterxml/jackson/jaxrs/jackson-jaxrs-json-provider/2.10.3/jackson-jaxrs-json-provider-2.10.3.jar:/home/user/.m2/repository/com/fasterxml/jackson/jaxrs/jackson-jaxrs-base/2.10.3/jackson-jaxrs-base-2.10.3.jar:/home/user/.m2/repository/org/apache/hadoop/hadoop-yarn-client/3.2.1/hadoop-yarn-client-3.2.1.jar:/home/user/.m2/repository/org/apache/hadoop/hadoop-mapreduce-client-core/3.2.1/hadoop-mapreduce-client-core-3.2.1.jar:/home/user/.m2/repository/org/apache/avro/avro/1.7.7/avro-1.7.7.jar:/home/user/.m2/repository/org/codehaus/jackson/jackson-core-asl/1.9.13/jackson-core-asl-1.9.13.jar:/home/user/.m2/repository/org/codehaus/jackson/jackson-mapper-asl/1.9.13/jackson-mapper-asl-1.9.13.jar:/home/user/.m2/repository/com/thoughtworks/paranamer/paranamer/2.3/paranamer-2.3.jar:/home/user/.m2/repository/org/xerial/snappy/snappy-java/1.0.5/snappy-java-1.0.5.jar:/home/user/.m2/repository/org/apache/hadoop/hadoop-annotations/3.2.1/hadoop-annotations-3.2.1.jar:/usr/lib/jvm/java-1.8.0-openjdk-1.8.0.232.b09-0.el7_7.x86_64/jre/../lib/tools.jar:/home/user/.m2/repository/org/apache/hadoop/hadoop-distcp/3.2.1/hadoop-distcp-3.2.1-tests.jar:"/>
    <property name="java.vm.vendor" value="Oracle Corporation"/>
    <property name="sun.arch.data.model" value="64"/>
    <property name="test.build.dir" value="/github/workspace/mnt/ozone/hadoop-ozone/integration-test/target/test-dir"/>
    <property name="test.cache.data" value=""/>
    <property name="java.vendor.url" value="http://java.oracle.com/"/>
    <property name="user.timezone" value=""/>
    <property name="java.vm.specification.version" value="1.8"/>
    <property name="os.name" value="Linux"/>
    <property name="test.build.data" value="/github/workspace/mnt/ozone/hadoop-ozone/integration-test/target/test-dir"/>
    <property name="user.country" value="US"/>
    <property name="sun.java.launcher" value="SUN_STANDARD"/>
    <property name="sun.boot.library.path" value="/usr/lib/jvm/java-1.8.0-openjdk-1.8.0.232.b09-0.el7_7.x86_64/jre/lib/amd64"/>
    <property name="sun.java.command" value="/github/workspace/mnt/ozone/hadoop-ozone/integration-test/target/surefire/surefirebooter796277411944308593.jar /github/workspace/mnt/ozone/hadoop-ozone/integration-test/target/surefire 2020-06-23T14-52-48_685-jvmRun1 surefire6083278514737696363tmp surefire_202767671130123106672tmp"/>
    <property name="surefire.test.class.path" value="/github/workspace/mnt/ozone/hadoop-ozone/integration-test/target/test-classes:/github/workspace/mnt/ozone/hadoop-ozone/integration-test/target/classes:/home/user/.m2/repository/org/apache/hadoop/hadoop-ozone-common/0.6.0-SNAPSHOT/hadoop-ozone-common-0.6.0-SNAPSHOT.jar:/home/user/.m2/repository/org/apache/commons/commons-compress/1.4.1/commons-compress-1.4.1.jar:/home/user/.m2/repository/org/tukaani/xz/1.0/xz-1.0.jar:/home/user/.m2/repository/org/apache/hadoop/hadoop-hdds-common/0.6.0-SNAPSHOT/hadoop-hdds-common-0.6.0-SNAPSHOT.jar:/home/user/.m2/repository/org/apache/hadoop/hadoop-hdds-hadoop-dependency-client/0.6.0-SNAPSHOT/hadoop-hdds-hadoop-dependency-client-0.6.0-SNAPSHOT.jar:/home/user/.m2/repository/info/picocli/picocli/3.9.6/picocli-3.9.6.jar:/home/user/.m2/repository/com/fasterxml/jackson/core/jackson-annotations/2.10.3/jackson-annotations-2.10.3.jar:/home/user/.m2/repository/javax/annotation/javax.annotation-api/1.2/javax.annotation-api-1.2.jar:/home/user/.m2/repository/org/apache/ratis/ratis-server/0.6.0-6ab75ae-SNAPSHOT/ratis-server-0.6.0-6ab75ae-SNAPSHOT.jar:/home/user/.m2/repository/org/apache/ratis/ratis-client/0.6.0-6ab75ae-SNAPSHOT/ratis-client-0.6.0-6ab75ae-SNAPSHOT.jar:/home/user/.m2/repository/org/apache/ratis/ratis-metrics/0.6.0-6ab75ae-SNAPSHOT/ratis-metrics-0.6.0-6ab75ae-SNAPSHOT.jar:/home/user/.m2/repository/org/apache/ratis/ratis-netty/0.6.0-6ab75ae-SNAPSHOT/ratis-netty-0.6.0-6ab75ae-SNAPSHOT.jar:/home/user/.m2/repository/org/apache/ratis/ratis-grpc/0.6.0-6ab75ae-SNAPSHOT/ratis-grpc-0.6.0-6ab75ae-SNAPSHOT.jar:/home/user/.m2/repository/org/apache/logging/log4j/log4j-api/2.11.0/log4j-api-2.11.0.jar:/home/user/.m2/repository/org/apache/logging/log4j/log4j-core/2.11.0/log4j-core-2.11.0.jar:/home/user/.m2/repository/com/lmax/disruptor/3.4.2/disruptor-3.4.2.jar:/home/user/.m2/repository/org/apache/commons/commons-pool2/2.6.0/commons-pool2-2.6.0.jar:/home/user/.m2/repository/org/bouncycastle/bcpkix-jdk15on/1.60/bcpkix-jdk15on-1.60.jar:/home/user/.m2/repository/commons-validator/commons-validator/1.6/commons-validator-1.6.jar:/home/user/.m2/repository/commons-digester/commons-digester/1.8.1/commons-digester-1.8.1.jar:/home/user/.m2/repository/io/jaegertracing/jaeger-client/1.2.0/jaeger-client-1.2.0.jar:/home/user/.m2/repository/io/jaegertracing/jaeger-thrift/1.2.0/jaeger-thrift-1.2.0.jar:/home/user/.m2/repository/org/apache/thrift/libthrift/0.13.0/libthrift-0.13.0.jar:/home/user/.m2/repository/com/squareup/okhttp3/okhttp/4.2.2/okhttp-4.2.2.jar:/home/user/.m2/repository/com/squareup/okio/okio/2.2.2/okio-2.2.2.jar:/home/user/.m2/repository/org/jetbrains/kotlin/kotlin-stdlib/1.3.50/kotlin-stdlib-1.3.50.jar:/home/user/.m2/repository/org/jetbrains/kotlin/kotlin-stdlib-common/1.3.50/kotlin-stdlib-common-1.3.50.jar:/home/user/.m2/repository/org/jetbrains/annotations/13.0/annotations-13.0.jar:/home/user/.m2/repository/io/jaegertracing/jaeger-core/1.2.0/jaeger-core-1.2.0.jar:/home/user/.m2/repository/io/jaegertracing/jaeger-tracerresolver/1.2.0/jaeger-tracerresolver-1.2.0.jar:/home/user/.m2/repository/io/opentracing/contrib/opentracing-tracerresolver/0.1.8/opentracing-tracerresolver-0.1.8.jar:/home/user/.m2/repository/io/opentracing/opentracing-util/0.33.0/opentracing-util-0.33.0.jar:/home/user/.m2/repository/io/opentracing/opentracing-api/0.33.0/opentracing-api-0.33.0.jar:/home/user/.m2/repository/io/opentracing/opentracing-noop/0.33.0/opentracing-noop-0.33.0.jar:/home/user/.m2/repository/org/apache/hadoop/hadoop-hdds-client/0.6.0-SNAPSHOT/hadoop-hdds-client-0.6.0-SNAPSHOT.jar:/home/user/.m2/repository/org/apache/hadoop/hadoop-ozone-interface-client/0.6.0-SNAPSHOT/hadoop-ozone-interface-client-0.6.0-SNAPSHOT.jar:/home/user/.m2/repository/org/apache/hadoop/hadoop-hdds-test-utils/0.6.0-SNAPSHOT/hadoop-hdds-test-utils-0.6.0-SNAPSHOT.jar:/home/user/.m2/repository/com/google/guava/guava/28.2-jre/guava-28.2-jre.jar:/home/user/.m2/repository/com/google/guava/failureaccess/1.0.1/failureaccess-1.0.1.jar:/home/user/.m2/repository/com/google/guava/listenablefuture/9999.0-empty-to-avoid-conflict-with-guava/listenablefuture-9999.0-empty-to-avoid-conflict-with-guava.jar:/home/user/.m2/repository/com/google/code/findbugs/jsr305/3.0.0/jsr305-3.0.0.jar:/home/user/.m2/repository/org/checkerframework/checker-qual/2.10.0/checker-qual-2.10.0.jar:/home/user/.m2/repository/com/google/errorprone/error_prone_annotations/2.2.0/error_prone_annotations-2.2.0.jar:/home/user/.m2/repository/com/google/j2objc/j2objc-annotations/1.3/j2objc-annotations-1.3.jar:/home/user/.m2/repository/commons-io/commons-io/2.5/commons-io-2.5.jar:/home/user/.m2/repository/commons-logging/commons-logging/1.2/commons-logging-1.2.jar:/home/user/.m2/repository/log4j/log4j/1.2.17/log4j-1.2.17.jar:/home/user/.m2/repository/org/slf4j/slf4j-api/1.7.25/slf4j-api-1.7.25.jar:/home/user/.m2/repository/org/apache/hadoop/hadoop-hdds-server-scm/0.6.0-SNAPSHOT/hadoop-hdds-server-scm-0.6.0-SNAPSHOT.jar:/home/user/.m2/repository/org/apache/hadoop/hadoop-hdds-container-service/0.6.0-SNAPSHOT/hadoop-hdds-container-service-0.6.0-SNAPSHOT.jar:/home/user/.m2/repository/org/apache/hadoop/hadoop-hdds-hadoop-dependency-server/0.6.0-SNAPSHOT/hadoop-hdds-hadoop-dependency-server-0.6.0-SNAPSHOT.jar:/home/user/.m2/repository/org/apache/hadoop/hadoop-hdds-server-framework/0.6.0-SNAPSHOT/hadoop-hdds-server-framework-0.6.0-SNAPSHOT.jar:/home/user/.m2/repository/org/apache/hadoop/hadoop-hdds-interface-server/0.6.0-SNAPSHOT/hadoop-hdds-interface-server-0.6.0-SNAPSHOT.jar:/home/user/.m2/repository/org/apache/hadoop/hadoop-hdds-interface-admin/0.6.0-SNAPSHOT/hadoop-hdds-interface-admin-0.6.0-SNAPSHOT.jar:/home/user/.m2/repository/org/rocksdb/rocksdbjni/6.8.1/rocksdbjni-6.8.1.jar:/home/user/.m2/repository/io/prometheus/simpleclient_dropwizard/0.7.0/simpleclient_dropwizard-0.7.0.jar:/home/user/.m2/repository/io/prometheus/simpleclient/0.7.0/simpleclient-0.7.0.jar:/home/user/.m2/repository/io/prometheus/simpleclient_common/0.7.0/simpleclient_common-0.7.0.jar:/home/user/.m2/repository/com/fasterxml/jackson/datatype/jackson-datatype-jsr310/2.10.3/jackson-datatype-jsr310-2.10.3.jar:/home/user/.m2/repository/org/apache/hadoop/hadoop-hdds-docs/0.6.0-SNAPSHOT/hadoop-hdds-docs-0.6.0-SNAPSHOT.jar:/home/user/.m2/repository/io/dropwizard/metrics/metrics-core/3.2.4/metrics-core-3.2.4.jar:/home/user/.m2/repository/org/apache/hadoop/hadoop-hdfs-client/3.2.1/hadoop-hdfs-client-3.2.1.jar:/home/user/.m2/repository/org/bouncycastle/bcprov-jdk15on/1.60/bcprov-jdk15on-1.60.jar:/home/user/.m2/repository/org/apache/hadoop/hadoop-ozone-ozone-manager/0.6.0-SNAPSHOT/hadoop-ozone-ozone-manager-0.6.0-SNAPSHOT.jar:/home/user/.m2/repository/org/apache/hadoop/hadoop-hdds-interface-client/0.6.0-SNAPSHOT/hadoop-hdds-interface-client-0.6.0-SNAPSHOT.jar:/home/user/.m2/repository/org/apache/ratis/ratis-thirdparty-misc/0.4.0/ratis-thirdparty-misc-0.4.0.jar:/home/user/.m2/repository/org/apache/hadoop/hadoop-minikdc/3.2.1/hadoop-minikdc-3.2.1.jar:/home/user/.m2/repository/org/apache/kerby/kerb-simplekdc/1.0.1/kerb-simplekdc-1.0.1.jar:/home/user/.m2/repository/org/apache/kerby/kerb-client/1.0.1/kerb-client-1.0.1.jar:/home/user/.m2/repository/org/apache/kerby/kerby-config/1.0.1/kerby-config-1.0.1.jar:/home/user/.m2/repository/org/apache/kerby/kerb-core/1.0.1/kerb-core-1.0.1.jar:/home/user/.m2/repository/org/apache/kerby/kerby-pkix/1.0.1/kerby-pkix-1.0.1.jar:/home/user/.m2/repository/org/apache/kerby/kerby-asn1/1.0.1/kerby-asn1-1.0.1.jar:/home/user/.m2/repository/org/apache/kerby/kerby-util/1.0.1/kerby-util-1.0.1.jar:/home/user/.m2/repository/org/apache/kerby/kerb-common/1.0.1/kerb-common-1.0.1.jar:/home/user/.m2/repository/org/apache/kerby/kerb-crypto/1.0.1/kerb-crypto-1.0.1.jar:/home/user/.m2/repository/org/apache/kerby/kerb-util/1.0.1/kerb-util-1.0.1.jar:/home/user/.m2/repository/org/apache/kerby/token-provider/1.0.1/token-provider-1.0.1.jar:/home/user/.m2/repository/org/apache/kerby/kerb-admin/1.0.1/kerb-admin-1.0.1.jar:/home/user/.m2/repository/org/apache/kerby/kerb-server/1.0.1/kerb-server-1.0.1.jar:/home/user/.m2/repository/org/apache/kerby/kerb-identity/1.0.1/kerb-identity-1.0.1.jar:/home/user/.m2/repository/org/apache/kerby/kerby-xdr/1.0.1/kerby-xdr-1.0.1.jar:/home/user/.m2/repository/org/slf4j/slf4j-log4j12/1.7.25/slf4j-log4j12-1.7.25.jar:/home/user/.m2/repository/org/apache/hadoop/hadoop-ozone-s3gateway/0.6.0-SNAPSHOT/hadoop-ozone-s3gateway-0.6.0-SNAPSHOT.jar:/home/user/.m2/repository/org/jboss/weld/servlet/weld-servlet/2.4.7.Final/weld-servlet-2.4.7.Final.jar:/home/user/.m2/repository/org/glassfish/jersey/containers/jersey-container-servlet-core/2.27/jersey-container-servlet-core-2.27.jar:/home/user/.m2/repository/org/glassfish/hk2/external/javax.inject/2.5.0-b42/javax.inject-2.5.0-b42.jar:/home/user/.m2/repository/org/glassfish/jersey/core/jersey-common/2.27/jersey-common-2.27.jar:/home/user/.m2/repository/org/glassfish/hk2/osgi-resource-locator/1.0.1/osgi-resource-locator-1.0.1.jar:/home/user/.m2/repository/javax/ws/rs/javax.ws.rs-api/2.1/javax.ws.rs-api-2.1.jar:/home/user/.m2/repository/org/glassfish/jersey/ext/cdi/jersey-cdi1x/2.27/jersey-cdi1x-2.27.jar:/home/user/.m2/repository/org/glassfish/jersey/inject/jersey-hk2/2.27/jersey-hk2-2.27.jar:/home/user/.m2/repository/org/glassfish/hk2/hk2-locator/2.5.0-b42/hk2-locator-2.5.0-b42.jar:/home/user/.m2/repository/org/javassist/javassist/3.22.0-CR2/javassist-3.22.0-CR2.jar:/home/user/.m2/repository/org/glassfish/hk2/hk2-api/2.5.0/hk2-api-2.5.0.jar:/home/user/.m2/repository/org/glassfish/hk2/external/jakarta.inject/2.5.0/jakarta.inject-2.5.0.jar:/home/user/.m2/repository/org/glassfish/hk2/hk2-utils/2.5.0/hk2-utils-2.5.0.jar:/home/user/.m2/repository/jakarta/annotation/jakarta.annotation-api/1.3.4/jakarta.annotation-api-1.3.4.jar:/home/user/.m2/repository/org/glassfish/hk2/external/aopalliance-repackaged/2.5.0/aopalliance-repackaged-2.5.0.jar:/home/user/.m2/repository/com/fasterxml/jackson/dataformat/jackson-dataformat-xml/2.10.3/jackson-dataformat-xml-2.10.3.jar:/home/user/.m2/repository/com/fasterxml/jackson/core/jackson-core/2.10.3/jackson-core-2.10.3.jar:/home/user/.m2/repository/com/fasterxml/jackson/module/jackson-module-jaxb-annotations/2.10.3/jackson-module-jaxb-annotations-2.10.3.jar:/home/user/.m2/repository/jakarta/xml/bind/jakarta.xml.bind-api/2.3.2/jakarta.xml.bind-api-2.3.2.jar:/home/user/.m2/repository/jakarta/activation/jakarta.activation-api/1.2.1/jakarta.activation-api-1.2.1.jar:/home/user/.m2/repository/org/codehaus/woodstox/stax2-api/3.1.4/stax2-api-3.1.4.jar:/home/user/.m2/repository/com/fasterxml/woodstox/woodstox-core/5.0.3/woodstox-core-5.0.3.jar:/home/user/.m2/repository/javax/enterprise/cdi-api/1.2/cdi-api-1.2.jar:/home/user/.m2/repository/javax/el/javax.el-api/3.0.0/javax.el-api-3.0.0.jar:/home/user/.m2/repository/javax/interceptor/javax.interceptor-api/1.2/javax.interceptor-api-1.2.jar:/home/user/.m2/repository/javax/inject/javax.inject/1/javax.inject-1.jar:/home/user/.m2/repository/com/sun/xml/bind/jaxb-impl/2.3.0.1/jaxb-impl-2.3.0.1.jar:/home/user/.m2/repository/com/sun/xml/bind/jaxb-core/2.3.0.1/jaxb-core-2.3.0.1.jar:/home/user/.m2/repository/javax/xml/bind/jaxb-api/2.3.0/jaxb-api-2.3.0.jar:/home/user/.m2/repository/javax/activation/activation/1.1.1/activation-1.1.1.jar:/home/user/.m2/repository/org/apache/hadoop/hadoop-ozone-csi/0.6.0-SNAPSHOT/hadoop-ozone-csi-0.6.0-SNAPSHOT.jar:/home/user/.m2/repository/com/google/protobuf/protobuf-java-util/3.11.0/protobuf-java-util-3.11.0.jar:/home/user/.m2/repository/com/google/code/gson/gson/2.2.4/gson-2.2.4.jar:/home/user/.m2/repository/org/apache/hadoop/hadoop-hdds-config/0.6.0-SNAPSHOT/hadoop-hdds-config-0.6.0-SNAPSHOT.jar:/home/user/.m2/repository/com/google/protobuf/protobuf-java/2.5.0/protobuf-java-2.5.0.jar:/home/user/.m2/repository/io/grpc/grpc-netty/1.29.0/grpc-netty-1.29.0.jar:/home/user/.m2/repository/io/grpc/grpc-core/1.29.0/grpc-core-1.29.0.jar:/home/user/.m2/repository/com/google/android/annotations/4.1.1.4/annotations-4.1.1.4.jar:/home/user/.m2/repository/io/perfmark/perfmark-api/0.19.0/perfmark-api-0.19.0.jar:/home/user/.m2/repository/io/netty/netty-codec-http2/4.1.48.Final/netty-codec-http2-4.1.48.Final.jar:/home/user/.m2/repository/io/netty/netty-codec/4.1.48.Final/netty-codec-4.1.48.Final.jar:/home/user/.m2/repository/io/netty/netty-handler/4.1.48.Final/netty-handler-4.1.48.Final.jar:/home/user/.m2/repository/io/netty/netty-codec-http/4.1.48.Final/netty-codec-http-4.1.48.Final.jar:/home/user/.m2/repository/io/netty/netty-handler-proxy/4.1.48.Final/netty-handler-proxy-4.1.48.Final.jar:/home/user/.m2/repository/io/netty/netty-codec-socks/4.1.48.Final/netty-codec-socks-4.1.48.Final.jar:/home/user/.m2/repository/io/netty/netty-transport-native-epoll/4.1.48.Final/netty-transport-native-epoll-4.1.48.Final.jar:/home/user/.m2/repository/io/netty/netty-common/4.1.48.Final/netty-common-4.1.48.Final.jar:/home/user/.m2/repository/io/netty/netty-buffer/4.1.48.Final/netty-buffer-4.1.48.Final.jar:/home/user/.m2/repository/io/netty/netty-transport/4.1.48.Final/netty-transport-4.1.48.Final.jar:/home/user/.m2/repository/io/netty/netty-resolver/4.1.48.Final/netty-resolver-4.1.48.Final.jar:/home/user/.m2/repository/io/netty/netty-transport-native-unix-common/4.1.48.Final/netty-transport-native-unix-common-4.1.48.Final.jar:/home/user/.m2/repository/io/grpc/grpc-protobuf/1.29.0/grpc-protobuf-1.29.0.jar:/home/user/.m2/repository/io/grpc/grpc-api/1.29.0/grpc-api-1.29.0.jar:/home/user/.m2/repository/io/grpc/grpc-context/1.29.0/grpc-context-1.29.0.jar:/home/user/.m2/repository/org/codehaus/mojo/animal-sniffer-annotations/1.18/animal-sniffer-annotations-1.18.jar:/home/user/.m2/repository/com/google/api/grpc/proto-google-common-protos/1.17.0/proto-google-common-protos-1.17.0.jar:/home/user/.m2/repository/io/grpc/grpc-protobuf-lite/1.29.0/grpc-protobuf-lite-1.29.0.jar:/home/user/.m2/repository/io/grpc/grpc-stub/1.29.0/grpc-stub-1.29.0.jar:/home/user/.m2/repository/org/apache/hadoop/hadoop-ozone-recon/0.6.0-SNAPSHOT/hadoop-ozone-recon-0.6.0-SNAPSHOT.jar:/home/user/.m2/repository/org/apache/hadoop/hadoop-ozone-reconcodegen/0.6.0-SNAPSHOT/hadoop-ozone-reconcodegen-0.6.0-SNAPSHOT.jar:/home/user/.m2/repository/com/google/inject/extensions/guice-multibindings/4.0/guice-multibindings-4.0.jar:/home/user/.m2/repository/com/google/inject/guice/4.0/guice-4.0.jar:/home/user/.m2/repository/aopalliance/aopalliance/1.0/aopalliance-1.0.jar:/home/user/.m2/repository/com/google/inject/extensions/guice-assistedinject/4.0/guice-assistedinject-4.0.jar:/home/user/.m2/repository/com/google/inject/extensions/guice-servlet/4.0/guice-servlet-4.0.jar:/home/user/.m2/repository/org/glassfish/jersey/containers/jersey-container-servlet/2.27/jersey-container-servlet-2.27.jar:/home/user/.m2/repository/org/glassfish/hk2/guice-bridge/2.5.0/guice-bridge-2.5.0.jar:/home/user/.m2/repository/org/glassfish/jersey/core/jersey-server/2.27/jersey-server-2.27.jar:/home/user/.m2/repository/org/glassfish/jersey/core/jersey-client/2.27/jersey-client-2.27.jar:/home/user/.m2/repository/org/glassfish/jersey/media/jersey-media-jaxb/2.27/jersey-media-jaxb-2.27.jar:/home/user/.m2/repository/javax/validation/validation-api/1.1.0.Final/validation-api-1.1.0.Final.jar:/home/user/.m2/repository/org/glassfish/jersey/media/jersey-media-json-jackson/2.27/jersey-media-json-jackson-2.27.jar:/home/user/.m2/repository/org/glassfish/jersey/ext/jersey-entity-filtering/2.27/jersey-entity-filtering-2.27.jar:/home/user/.m2/repository/org/jooq/jooq/3.11.10/jooq-3.11.10.jar:/home/user/.m2/repository/org/jooq/jooq-meta/3.11.10/jooq-meta-3.11.10.jar:/home/user/.m2/repository/org/jooq/jooq-codegen/3.11.10/jooq-codegen-3.11.10.jar:/home/user/.m2/repository/com/jolbox/bonecp/0.8.0.RELEASE/bonecp-0.8.0.RELEASE.jar:/home/user/.m2/repository/org/apache/derby/derby/10.14.2.0/derby-10.14.2.0.jar:/home/user/.m2/repository/org/xerial/sqlite-jdbc/3.25.2/sqlite-jdbc-3.25.2.jar:/home/user/.m2/repository/org/springframework/spring-jdbc/5.2.5.RELEASE/spring-jdbc-5.2.5.RELEASE.jar:/home/user/.m2/repository/org/springframework/spring-beans/5.2.5.RELEASE/spring-beans-5.2.5.RELEASE.jar:/home/user/.m2/repository/org/springframework/spring-core/5.2.5.RELEASE/spring-core-5.2.5.RELEASE.jar:/home/user/.m2/repository/org/springframework/spring-jcl/5.2.5.RELEASE/spring-jcl-5.2.5.RELEASE.jar:/home/user/.m2/repository/org/springframework/spring-tx/5.2.5.RELEASE/spring-tx-5.2.5.RELEASE.jar:/home/user/.m2/repository/org/apache/hadoop/hadoop-ozone-client/0.6.0-SNAPSHOT/hadoop-ozone-client-0.6.0-SNAPSHOT.jar:/home/user/.m2/repository/org/apache/hadoop/hadoop-ozone-filesystem/0.6.0-SNAPSHOT/hadoop-ozone-filesystem-0.6.0-SNAPSHOT.jar:/home/user/.m2/repository/org/apache/hadoop/hadoop-ozone-filesystem-common/0.6.0-SNAPSHOT/hadoop-ozone-filesystem-common-0.6.0-SNAPSHOT.jar:/home/user/.m2/repository/org/apache/hadoop/hadoop-ozone-tools/0.6.0-SNAPSHOT/hadoop-ozone-tools-0.6.0-SNAPSHOT.jar:/home/user/.m2/repository/org/apache/hadoop/hadoop-hdfs/3.2.1/hadoop-hdfs-3.2.1.jar:/home/user/.m2/repository/org/apache/ratis/ratis-tools/0.6.0-6ab75ae-SNAPSHOT/ratis-tools-0.6.0-6ab75ae-SNAPSHOT.jar:/home/user/.m2/repository/org/apache/ratis/ratis-proto/0.6.0-6ab75ae-SNAPSHOT/ratis-proto-0.6.0-6ab75ae-SNAPSHOT.jar:/home/user/.m2/repository/org/apache/ratis/ratis-common/0.6.0-6ab75ae-SNAPSHOT/ratis-common-0.6.0-6ab75ae-SNAPSHOT.jar:/home/user/.m2/repository/com/amazonaws/aws-java-sdk-core/1.11.615/aws-java-sdk-core-1.11.615.jar:/home/user/.m2/repository/org/apache/httpcomponents/httpclient/4.5.2/httpclient-4.5.2.jar:/home/user/.m2/repository/org/apache/httpcomponents/httpcore/4.4.4/httpcore-4.4.4.jar:/home/user/.m2/repository/software/amazon/ion/ion-java/1.0.2/ion-java-1.0.2.jar:/home/user/.m2/repository/com/fasterxml/jackson/dataformat/jackson-dataformat-cbor/2.10.3/jackson-dataformat-cbor-2.10.3.jar:/home/user/.m2/repository/joda-time/joda-time/2.8.1/joda-time-2.8.1.jar:/home/user/.m2/repository/com/amazonaws/aws-java-sdk-s3/1.11.615/aws-java-sdk-s3-1.11.615.jar:/home/user/.m2/repository/com/amazonaws/aws-java-sdk-kms/1.11.615/aws-java-sdk-kms-1.11.615.jar:/home/user/.m2/repository/com/amazonaws/jmespath-java/1.11.615/jmespath-java-1.11.615.jar:/home/user/.m2/repository/org/apache/hadoop/hadoop-hdds-tools/0.6.0-SNAPSHOT/hadoop-hdds-tools-0.6.0-SNAPSHOT.jar:/home/user/.m2/repository/commons-cli/commons-cli/1.2/commons-cli-1.2.jar:/home/user/.m2/repository/org/apache/commons/commons-lang3/3.7/commons-lang3-3.7.jar:/home/user/.m2/repository/org/apache/hadoop/hadoop-ozone-ozone-manager/0.6.0-SNAPSHOT/hadoop-ozone-ozone-manager-0.6.0-SNAPSHOT-tests.jar:/home/user/.m2/repository/junit/junit/4.11/junit-4.11.jar:/home/user/.m2/repository/org/hamcrest/hamcrest-core/1.3/hamcrest-core-1.3.jar:/home/user/.m2/repository/org/openjdk/jmh/jmh-core/1.19/jmh-core-1.19.jar:/home/user/.m2/repository/net/sf/jopt-simple/jopt-simple/4.6/jopt-simple-4.6.jar:/home/user/.m2/repository/org/apache/commons/commons-math3/3.1.1/commons-math3-3.1.1.jar:/home/user/.m2/repository/org/openjdk/jmh/jmh-generator-annprocess/1.19/jmh-generator-annprocess-1.19.jar:/home/user/.m2/repository/org/mockito/mockito-all/1.8.5/mockito-all-1.8.5.jar:/home/user/.m2/repository/org/apache/hadoop/hadoop-kms/3.2.1/hadoop-kms-3.2.1.jar:/home/user/.m2/repository/org/apache/hadoop/hadoop-auth/3.2.1/hadoop-auth-3.2.1.jar:/home/user/.m2/repository/com/nimbusds/nimbus-jose-jwt/7.9/nimbus-jose-jwt-7.9.jar:/home/user/.m2/repository/com/github/stephenc/jcip/jcip-annotations/1.0-1/jcip-annotations-1.0-1.jar:/home/user/.m2/repository/net/minidev/json-smart/2.3/json-smart-2.3.jar:/home/user/.m2/repository/net/minidev/accessors-smart/1.2/accessors-smart-1.2.jar:/home/user/.m2/repository/org/ow2/asm/asm/5.0.4/asm-5.0.4.jar:/home/user/.m2/repository/org/apache/zookeeper/zookeeper/3.4.13/zookeeper-3.4.13.jar:/home/user/.m2/repository/org/apache/yetus/audience-annotations/0.5.0/audience-annotations-0.5.0.jar:/home/user/.m2/repository/org/apache/curator/curator-framework/2.13.0/curator-framework-2.13.0.jar:/home/user/.m2/repository/com/sun/jersey/jersey-core/1.19/jersey-core-1.19.jar:/home/user/.m2/repository/javax/ws/rs/jsr311-api/1.1.1/jsr311-api-1.1.1.jar:/home/user/.m2/repository/com/sun/jersey/jersey-server/1.19/jersey-server-1.19.jar:/home/user/.m2/repository/javax/servlet/javax.servlet-api/3.1.0/javax.servlet-api-3.1.0.jar:/home/user/.m2/repository/org/eclipse/jetty/jetty-server/9.4.26.v20200117/jetty-server-9.4.26.v20200117.jar:/home/user/.m2/repository/org/eclipse/jetty/jetty-http/9.4.26.v20200117/jetty-http-9.4.26.v20200117.jar:/home/user/.m2/repository/org/eclipse/jetty/jetty-io/9.4.26.v20200117/jetty-io-9.4.26.v20200117.jar:/home/user/.m2/repository/org/eclipse/jetty/jetty-webapp/9.4.26.v20200117/jetty-webapp-9.4.26.v20200117.jar:/home/user/.m2/repository/org/eclipse/jetty/jetty-xml/9.4.26.v20200117/jetty-xml-9.4.26.v20200117.jar:/home/user/.m2/repository/org/eclipse/jetty/jetty-servlet/9.4.26.v20200117/jetty-servlet-9.4.26.v20200117.jar:/home/user/.m2/repository/org/eclipse/jetty/jetty-security/9.4.26.v20200117/jetty-security-9.4.26.v20200117.jar:/home/user/.m2/repository/org/apache/hadoop/hadoop-common/3.2.1/hadoop-common-3.2.1.jar:/home/user/.m2/repository/commons-net/commons-net/3.6/commons-net-3.6.jar:/home/user/.m2/repository/commons-collections/commons-collections/3.2.2/commons-collections-3.2.2.jar:/home/user/.m2/repository/com/sun/jersey/jersey-servlet/1.19/jersey-servlet-1.19.jar:/home/user/.m2/repository/com/sun/jersey/jersey-json/1.19/jersey-json-1.19.jar:/home/user/.m2/repository/org/codehaus/jettison/jettison/1.1/jettison-1.1.jar:/home/user/.m2/repository/org/codehaus/jackson/jackson-jaxrs/1.9.2/jackson-jaxrs-1.9.2.jar:/home/user/.m2/repository/org/codehaus/jackson/jackson-xc/1.9.2/jackson-xc-1.9.2.jar:/home/user/.m2/repository/commons-beanutils/commons-beanutils/1.9.4/commons-beanutils-1.9.4.jar:/home/user/.m2/repository/org/apache/commons/commons-configuration2/2.1.1/commons-configuration2-2.1.1.jar:/home/user/.m2/repository/org/apache/commons/commons-text/1.4/commons-text-1.4.jar:/home/user/.m2/repository/com/google/re2j/re2j/1.1/re2j-1.1.jar:/home/user/.m2/repository/com/jcraft/jsch/0.1.54/jsch-0.1.54.jar:/home/user/.m2/repository/org/apache/curator/curator-client/2.13.0/curator-client-2.13.0.jar:/home/user/.m2/repository/org/apache/curator/curator-recipes/2.13.0/curator-recipes-2.13.0.jar:/home/user/.m2/repository/dnsjava/dnsjava/2.1.7/dnsjava-2.1.7.jar:/home/user/.m2/repository/org/slf4j/jul-to-slf4j/1.7.25/jul-to-slf4j-1.7.25.jar:/home/user/.m2/repository/org/eclipse/jetty/jetty-util/9.4.26.v20200117/jetty-util-9.4.26.v20200117.jar:/home/user/.m2/repository/com/fasterxml/jackson/core/jackson-databind/2.10.3/jackson-databind-2.10.3.jar:/home/user/.m2/repository/org/apache/hadoop/hadoop-kms/3.2.1/hadoop-kms-3.2.1-tests.jar:/home/user/.m2/repository/org/apache/hadoop/hadoop-hdds-server-scm/0.6.0-SNAPSHOT/hadoop-hdds-server-scm-0.6.0-SNAPSHOT-tests.jar:/home/user/.m2/repository/org/apache/hadoop/hadoop-hdds-container-service/0.6.0-SNAPSHOT/hadoop-hdds-container-service-0.6.0-SNAPSHOT-tests.jar:/home/user/.m2/repository/org/apache/hadoop/hadoop-hdds-common/0.6.0-SNAPSHOT/hadoop-hdds-common-0.6.0-SNAPSHOT-tests.jar:/home/user/.m2/repository/org/yaml/snakeyaml/1.16/snakeyaml-1.16.jar:/home/user/.m2/repository/org/apache/hadoop/hadoop-hdds-hadoop-dependency-test/0.6.0-SNAPSHOT/hadoop-hdds-hadoop-dependency-test-0.6.0-SNAPSHOT.jar:/home/user/.m2/repository/org/apache/hadoop/hadoop-common/3.2.1/hadoop-common-3.2.1-tests.jar:/home/user/.m2/repository/javax/servlet/jsp/jsp-api/2.1/jsp-api-2.1.jar:/home/user/.m2/repository/org/apache/hadoop/hadoop-hdfs/3.2.1/hadoop-hdfs-3.2.1-tests.jar:/home/user/.m2/repository/org/eclipse/jetty/jetty-util-ajax/9.4.26.v20200117/jetty-util-ajax-9.4.26.v20200117.jar:/home/user/.m2/repository/commons-codec/commons-codec/1.11/commons-codec-1.11.jar:/home/user/.m2/repository/commons-daemon/commons-daemon/1.0.13/commons-daemon-1.0.13.jar:/home/user/.m2/repository/io/netty/netty/3.10.5.Final/netty-3.10.5.Final.jar:/home/user/.m2/repository/io/netty/netty-all/4.1.48.Final/netty-all-4.1.48.Final.jar:/home/user/.m2/repository/org/apache/htrace/htrace-core4/4.1.0-incubating/htrace-core4-4.1.0-incubating.jar:/home/user/.m2/repository/org/fusesource/leveldbjni/leveldbjni-all/1.8/leveldbjni-all-1.8.jar:/home/user/.m2/repository/org/apache/hadoop/hadoop-distcp/3.2.1/hadoop-distcp-3.2.1.jar:/home/user/.m2/repository/org/apache/hadoop/hadoop-mapreduce-client-jobclient/3.2.1/hadoop-mapreduce-client-jobclient-3.2.1.jar:/home/user/.m2/repository/org/apache/hadoop/hadoop-mapreduce-client-common/3.2.1/hadoop-mapreduce-client-common-3.2.1.jar:/home/user/.m2/repository/org/apache/hadoop/hadoop-yarn-common/3.2.1/hadoop-yarn-common-3.2.1.jar:/home/user/.m2/repository/org/apache/hadoop/hadoop-yarn-api/3.2.1/hadoop-yarn-api-3.2.1.jar:/home/user/.m2/repository/com/sun/jersey/jersey-client/1.19/jersey-client-1.19.jar:/home/user/.m2/repository/com/sun/jersey/contribs/jersey-guice/1.19/jersey-guice-1.19.jar:/home/user/.m2/repository/com/fasterxml/jackson/jaxrs/jackson-jaxrs-json-provider/2.10.3/jackson-jaxrs-json-provider-2.10.3.jar:/home/user/.m2/repository/com/fasterxml/jackson/jaxrs/jackson-jaxrs-base/2.10.3/jackson-jaxrs-base-2.10.3.jar:/home/user/.m2/repository/org/apache/hadoop/hadoop-yarn-client/3.2.1/hadoop-yarn-client-3.2.1.jar:/home/user/.m2/repository/org/apache/hadoop/hadoop-mapreduce-client-core/3.2.1/hadoop-mapreduce-client-core-3.2.1.jar:/home/user/.m2/repository/org/apache/avro/avro/1.7.7/avro-1.7.7.jar:/home/user/.m2/repository/org/codehaus/jackson/jackson-core-asl/1.9.13/jackson-core-asl-1.9.13.jar:/home/user/.m2/repository/org/codehaus/jackson/jackson-mapper-asl/1.9.13/jackson-mapper-asl-1.9.13.jar:/home/user/.m2/repository/com/thoughtworks/paranamer/paranamer/2.3/paranamer-2.3.jar:/home/user/.m2/repository/org/xerial/snappy/snappy-java/1.0.5/snappy-java-1.0.5.jar:/home/user/.m2/repository/org/apache/hadoop/hadoop-annotations/3.2.1/hadoop-annotations-3.2.1.jar:/usr/lib/jvm/java-1.8.0-openjdk-1.8.0.232.b09-0.el7_7.x86_64/jre/../lib/tools.jar:/home/user/.m2/repository/org/apache/hadoop/hadoop-distcp/3.2.1/hadoop-distcp-3.2.1-tests.jar:"/>
    <property name="sun.cpu.endian" value="little"/>
    <property name="user.home" value="/home/user"/>
    <property name="user.language" value="en"/>
    <property name="java.specification.vendor" value="Oracle Corporation"/>
    <property name="java.home" value="/usr/lib/jvm/java-1.8.0-openjdk-1.8.0.232.b09-0.el7_7.x86_64/jre"/>
    <property name="java.security.krb5.conf" value="/github/workspace/mnt/ozone/hadoop-ozone/integration-test/target/test-classes/krb5.conf"/>
    <property name="basedir" value="/github/workspace/mnt/ozone/hadoop-ozone/integration-test"/>
    <property name="file.separator" value="/"/>
    <property name="line.separator" value="&#10;"/>
    <property name="java.vm.specification.vendor" value="Oracle Corporation"/>
    <property name="java.specification.name" value="Java Platform API Specification"/>
    <property name="java.awt.graphicsenv" value="sun.awt.X11GraphicsEnvironment"/>
    <property name="skip.installnpx" value="true"/>
    <property name="surefire.real.class.path" value="/github/workspace/mnt/ozone/hadoop-ozone/integration-test/target/surefire/surefirebooter796277411944308593.jar:/home/user/.m2/repository/org/jacoco/org.jacoco.agent/0.8.5/org.jacoco.agent-0.8.5-runtime.jar"/>
    <property name="hadoop.log.dir" value="/github/workspace/mnt/ozone/hadoop-ozone/integration-test/target/log"/>
    <property name="sun.boot.class.path" value="/usr/lib/jvm/java-1.8.0-openjdk-1.8.0.232.b09-0.el7_7.x86_64/jre/lib/resources.jar:/usr/lib/jvm/java-1.8.0-openjdk-1.8.0.232.b09-0.el7_7.x86_64/jre/lib/rt.jar:/usr/lib/jvm/java-1.8.0-openjdk-1.8.0.232.b09-0.el7_7.x86_64/jre/lib/sunrsasign.jar:/usr/lib/jvm/java-1.8.0-openjdk-1.8.0.232.b09-0.el7_7.x86_64/jre/lib/jsse.jar:/usr/lib/jvm/java-1.8.0-openjdk-1.8.0.232.b09-0.el7_7.x86_64/jre/lib/jce.jar:/usr/lib/jvm/java-1.8.0-openjdk-1.8.0.232.b09-0.el7_7.x86_64/jre/lib/charsets.jar:/usr/lib/jvm/java-1.8.0-openjdk-1.8.0.232.b09-0.el7_7.x86_64/jre/lib/jfr.jar:/usr/lib/jvm/java-1.8.0-openjdk-1.8.0.232.b09-0.el7_7.x86_64/jre/classes"/>
    <property name="sun.management.compiler" value="HotSpot 64-Bit Tiered Compilers"/>
    <property name="skip.npx" value="true"/>
    <property name="java.runtime.version" value="1.8.0_232-b09"/>
    <property name="java.net.preferIPv4Stack" value="true"/>
    <property name="user.name" value="jenkins1001"/>
    <property name="path.separator" value=":"/>
    <property name="java.security.egd" value="file:///dev/urandom"/>
    <property name="os.version" value="5.3.0-1028-azure"/>
    <property name="java.endorsed.dirs" value="/usr/lib/jvm/java-1.8.0-openjdk-1.8.0.232.b09-0.el7_7.x86_64/jre/lib/endorsed"/>
    <property name="java.runtime.name" value="OpenJDK Runtime Environment"/>
    <property name="file.encoding" value="ANSI_X3.4-1968"/>
    <property name="java.vm.name" value="OpenJDK 64-Bit Server VM"/>
    <property name="test.build.webapps" value=""/>
    <property name="localRepository" value="/home/user/.m2/repository"/>
    <property name="java.vendor.url.bug" value="http://bugreport.sun.com/bugreport/"/>
    <property name="java.io.tmpdir" value="/tmp"/>
    <property name="require.test.libhadoop" value=""/>
    <property name="java.version" value="1.8.0_232"/>
    <property name="user.dir" value="/github/workspace/mnt/ozone/hadoop-ozone/integration-test"/>
    <property name="os.arch" value="amd64"/>
    <property name="java.vm.specification.name" value="Java Virtual Machine Specification"/>
    <property name="test.build.classes" value="/github/workspace/mnt/ozone/hadoop-ozone/integration-test/target/test-classes"/>
    <property name="java.awt.printerjob" value="sun.print.PSPrinterJob"/>
    <property name="sun.os.patch.level" value="unknown"/>
    <property name="hadoop.tmp.dir" value="/github/workspace/mnt/ozone/hadoop-ozone/integration-test/target/tmp"/>
    <property name="java.library.path" value="/usr/lib:/usr/java/packages/lib/amd64:/usr/lib64:/lib64:/lib:/usr/lib"/>
    <property name="java.vm.info" value="mixed mode"/>
    <property name="java.vendor" value="Oracle Corporation"/>
    <property name="java.vm.version" value="25.232-b09"/>
    <property name="java.ext.dirs" value="/usr/lib/jvm/java-1.8.0-openjdk-1.8.0.232.b09-0.el7_7.x86_64/jre/lib/ext:/usr/java/packages/lib/ext"/>
    <property name="sun.io.unicode.encoding" value="UnicodeLittle"/>
    <property name="java.class.version" value="52.0"/>
  </properties>
  <testcase name="testDeleteKeyWithSlowFollower" classname="org.apache.hadoop.ozone.client.rpc.TestDeleteWithSlowFollower" time="0.156">
    <failure type="java.lang.AssertionError">java.lang.AssertionError
	at org.junit.Assert.fail(Assert.java:86)
	at org.junit.Assert.assertTrue(Assert.java:41)
	at org.junit.Assert.assertNotNull(Assert.java:621)
	at org.junit.Assert.assertNotNull(Assert.java:631)
	at org.apache.hadoop.ozone.client.rpc.TestDeleteWithSlowFollower.testDeleteKeyWithSlowFollower(TestDeleteWithSlowFollower.java:225)
	at sun.reflect.NativeMethodAccessorImpl.invoke0(Native Method)
	at sun.reflect.NativeMethodAccessorImpl.invoke(NativeMethodAccessorImpl.java:62)
	at sun.reflect.DelegatingMethodAccessorImpl.invoke(DelegatingMethodAccessorImpl.java:43)
	at java.lang.reflect.Method.invoke(Method.java:498)
	at org.junit.runners.model.FrameworkMethod$1.runReflectiveCall(FrameworkMethod.java:47)
	at org.junit.internal.runners.model.ReflectiveCallable.run(ReflectiveCallable.java:12)
	at org.junit.runners.model.FrameworkMethod.invokeExplosively(FrameworkMethod.java:44)
	at org.junit.internal.runners.statements.InvokeMethod.evaluate(InvokeMethod.java:17)
	at org.junit.runners.ParentRunner.runLeaf(ParentRunner.java:271)
	at org.junit.runners.BlockJUnit4ClassRunner.runChild(BlockJUnit4ClassRunner.java:70)
	at org.junit.runners.BlockJUnit4ClassRunner.runChild(BlockJUnit4ClassRunner.java:50)
	at org.junit.runners.ParentRunner$3.run(ParentRunner.java:238)
	at org.junit.runners.ParentRunner$1.schedule(ParentRunner.java:63)
	at org.junit.runners.ParentRunner.runChildren(ParentRunner.java:236)
	at org.junit.runners.ParentRunner.access$000(ParentRunner.java:53)
	at org.junit.runners.ParentRunner$2.evaluate(ParentRunner.java:229)
	at org.junit.internal.runners.statements.RunBefores.evaluate(RunBefores.java:26)
	at org.junit.internal.runners.statements.RunAfters.evaluate(RunAfters.java:27)
	at org.junit.runners.ParentRunner.run(ParentRunner.java:309)
	at org.apache.maven.surefire.junit4.JUnit4Provider.execute(JUnit4Provider.java:365)
	at org.apache.maven.surefire.junit4.JUnit4Provider.executeWithRerun(JUnit4Provider.java:273)
	at org.apache.maven.surefire.junit4.JUnit4Provider.executeTestSet(JUnit4Provider.java:238)
	at org.apache.maven.surefire.junit4.JUnit4Provider.invoke(JUnit4Provider.java:159)
	at org.apache.maven.surefire.booter.ForkedBooter.invokeProviderInSameClassLoader(ForkedBooter.java:384)
	at org.apache.maven.surefire.booter.ForkedBooter.runSuitesInProcess(ForkedBooter.java:345)
	at org.apache.maven.surefire.booter.ForkedBooter.execute(ForkedBooter.java:126)
	at org.apache.maven.surefire.booter.ForkedBooter.main(ForkedBooter.java:418)
</failure>
    <system-out><![CDATA[2020-06-23 15:24:53,156 [main] WARN  server.ServerUtils (ServerUtils.java:getScmDbDir(148)) - ozone.scm.db.dirs is not configured. We recommend adding this setting. Falling back to ozone.metadata.dirs instead.
2020-06-23 15:24:53,260 [main] WARN  server.ServerUtils (ServerUtils.java:getScmDbDir(148)) - ozone.scm.db.dirs is not configured. We recommend adding this setting. Falling back to ozone.metadata.dirs instead.
2020-06-23 15:24:53,441 [main] WARN  db.DBStoreBuilder (DBStoreBuilder.java:createDBStoreBuilder(277)) - ozone.scm.db.dirs is not configured. We recommend adding this setting. Falling back to ozone.metadata.dirs instead.
2020-06-23 15:24:53,649 [main] INFO  net.NodeSchemaLoader (NodeSchemaLoader.java:loadSchemaFromFile(126)) - Loading file from sun.misc.CompoundEnumeration@29a60c27
2020-06-23 15:24:53,651 [main] INFO  net.NodeSchemaLoader (NodeSchemaLoader.java:loadSchema(172)) - Loading network topology layer schema file
2020-06-23 15:24:53,729 [main] WARN  server.ServerUtils (ServerUtils.java:sanitizeUserArgs(73)) - ozone.scm.stale.node.interval value = 1000000 is larger than max = 100000 based on the key value of ozone.scm.heartbeat.thread.interval, reset to the max value 100000.
2020-06-23 15:24:53,729 [main] WARN  server.ServerUtils (ServerUtils.java:sanitizeUserArgs(73)) - ozone.scm.stale.node.interval value = 1000000 is larger than max = 100000 based on the key value of ozone.scm.heartbeat.thread.interval, reset to the max value 100000.
2020-06-23 15:24:53,732 [main] INFO  node.SCMNodeManager (SCMNodeManager.java:<init>(116)) - Entering startup safe mode.
2020-06-23 15:24:53,852 [main] INFO  algorithms.ContainerPlacementPolicyFactory (ContainerPlacementPolicyFactory.java:getPolicy(60)) - Create container placement policy of type org.apache.hadoop.hdds.scm.container.placement.algorithms.SCMContainerPlacementRandom
2020-06-23 15:24:53,877 [main] INFO  pipeline.SCMPipelineManager (SCMPipelineManager.java:initializePipelineState(158)) - No pipeline exists in current db
2020-06-23 15:24:53,951 [main] INFO  safemode.HealthyPipelineSafeModeRule (HealthyPipelineSafeModeRule.java:<init>(89)) - Total pipeline count is 0, healthy pipeline threshold count is 0
2020-06-23 15:24:53,953 [main] INFO  safemode.OneReplicaPipelineSafeModeRule (OneReplicaPipelineSafeModeRule.java:<init>(79)) - Total pipeline count is 0, pipeline's with at least one datanode reported threshold count is 0
2020-06-23 15:24:53,986 [RatisPipelineUtilsThread] ERROR pipeline.SCMPipelineManager (SCMPipelineManager.java:createPipeline(222)) - Failed to create pipeline of type RATIS and factor ONE. Exception: Cannot create pipeline of factor 1 using 0 nodes. Used 0 nodes. Healthy nodes 0
2020-06-23 15:24:54,403 [main] INFO  ipc.CallQueueManager (CallQueueManager.java:<init>(84)) - Using callQueue: class java.util.concurrent.LinkedBlockingQueue, queueCapacity: 2000, scheduler: class org.apache.hadoop.ipc.DefaultRpcScheduler, ipcBackoff: false.
2020-06-23 15:24:54,428 [Socket Reader #1 for port 0] INFO  ipc.Server (Server.java:run(1219)) - Starting Socket Reader #1 for port 0
2020-06-23 15:24:54,472 [Listener at 0.0.0.0/45847] INFO  ipc.CallQueueManager (CallQueueManager.java:<init>(84)) - Using callQueue: class java.util.concurrent.LinkedBlockingQueue, queueCapacity: 2000, scheduler: class org.apache.hadoop.ipc.DefaultRpcScheduler, ipcBackoff: false.
2020-06-23 15:24:54,474 [Socket Reader #1 for port 0] INFO  ipc.Server (Server.java:run(1219)) - Starting Socket Reader #1 for port 0
2020-06-23 15:24:54,488 [Listener at 0.0.0.0/39167] INFO  ipc.CallQueueManager (CallQueueManager.java:<init>(84)) - Using callQueue: class java.util.concurrent.LinkedBlockingQueue, queueCapacity: 2000, scheduler: class org.apache.hadoop.ipc.DefaultRpcScheduler, ipcBackoff: false.
2020-06-23 15:24:54,488 [Socket Reader #1 for port 0] INFO  ipc.Server (Server.java:run(1219)) - Starting Socket Reader #1 for port 0
2020-06-23 15:24:54,510 [Listener at 0.0.0.0/37657] INFO  http.BaseHttpServer (BaseHttpServer.java:newHttpServer2BuilderForOzone(205)) - Starting Web-server for scm at: http://0.0.0.0:0
2020-06-23 15:24:54,511 [Listener at 0.0.0.0/37657] INFO  http.BaseHttpServer (BaseHttpServer.java:<init>(106)) - Hadoop Security Enabled: false Ozone Security Enabled: false Ozone HTTP Security Enabled: false 
2020-06-23 15:24:54,540 [Listener at 0.0.0.0/37657] INFO  util.log (Log.java:initialized(169)) - Logging initialized @2447ms to org.eclipse.jetty.util.log.Slf4jLog
2020-06-23 15:24:54,663 [Listener at 0.0.0.0/37657] INFO  server.AuthenticationFilter (AuthenticationFilter.java:constructSecretProvider(240)) - Unable to initialize FileSignerSecretProvider, falling back to use random secrets.
2020-06-23 15:24:54,679 [Listener at 0.0.0.0/37657] WARN  http.HttpRequestLog (HttpRequestLog.java:getRequestLog(103)) - Jetty request log can only be enabled using Log4j
2020-06-23 15:24:54,684 [Listener at 0.0.0.0/37657] INFO  http.HttpServer2 (HttpServer2.java:addGlobalFilter(993)) - Added global filter 'safety' (class=org.apache.hadoop.hdds.server.http.HttpServer2$QuotingInputFilter)
2020-06-23 15:24:54,686 [Listener at 0.0.0.0/37657] INFO  http.HttpServer2 (HttpServer2.java:addFilter(969)) - Added filter authentication (class=org.apache.hadoop.security.authentication.server.AuthenticationFilter) to context scm
2020-06-23 15:24:54,686 [Listener at 0.0.0.0/37657] INFO  http.HttpServer2 (HttpServer2.java:addFilter(977)) - Added filter authentication (class=org.apache.hadoop.security.authentication.server.AuthenticationFilter) to context static
2020-06-23 15:24:54,686 [Listener at 0.0.0.0/37657] INFO  http.HttpServer2 (HttpServer2.java:addFilter(977)) - Added filter authentication (class=org.apache.hadoop.security.authentication.server.AuthenticationFilter) to context logs
2020-06-23 15:24:54,740 [Listener at 0.0.0.0/37657] INFO  server.StorageContainerManager (StorageContainerManager.java:start(782)) - StorageContainerLocationProtocol RPC server is listening at /0.0.0.0:37657
2020-06-23 15:24:54,795 [Listener at 0.0.0.0/37657] WARN  impl.MetricsConfig (MetricsConfig.java:loadFirst(134)) - Cannot locate configuration: tried hadoop-metrics2-storagecontainermanager.properties,hadoop-metrics2.properties
2020-06-23 15:24:54,808 [Listener at 0.0.0.0/37657] INFO  impl.MetricsSystemImpl (MetricsSystemImpl.java:startTimer(374)) - Scheduled Metric snapshot period at 10 second(s).
2020-06-23 15:24:54,808 [Listener at 0.0.0.0/37657] INFO  impl.MetricsSystemImpl (MetricsSystemImpl.java:start(191)) - StorageContainerManager metrics system started
2020-06-23 15:24:55,038 [Listener at 0.0.0.0/37657] INFO  server.SCMClientProtocolServer (SCMClientProtocolServer.java:start(156)) - RPC server for Client  is listening at /0.0.0.0:37657
2020-06-23 15:24:55,039 [IPC Server Responder] INFO  ipc.Server (Server.java:run(1460)) - IPC Server Responder: starting
2020-06-23 15:24:55,040 [IPC Server listener on 0] INFO  ipc.Server (Server.java:run(1298)) - IPC Server listener on 0: starting
2020-06-23 15:24:55,044 [Listener at 0.0.0.0/37657] INFO  server.StorageContainerManager (StorageContainerManager.java:start(794)) - ScmBlockLocationProtocol RPC server is listening at /0.0.0.0:39167
2020-06-23 15:24:55,044 [Listener at 0.0.0.0/37657] INFO  server.SCMBlockProtocolServer (SCMBlockProtocolServer.java:start(149)) - RPC server for Block Protocol is listening at /0.0.0.0:39167
2020-06-23 15:24:55,045 [IPC Server Responder] INFO  ipc.Server (Server.java:run(1460)) - IPC Server Responder: starting
2020-06-23 15:24:55,045 [IPC Server listener on 0] INFO  ipc.Server (Server.java:run(1298)) - IPC Server listener on 0: starting
2020-06-23 15:24:55,048 [Listener at 0.0.0.0/37657] INFO  server.StorageContainerManager (StorageContainerManager.java:start(800)) - ScmDatanodeProtocl RPC server is listening at /0.0.0.0:45847
2020-06-23 15:24:55,048 [Listener at 0.0.0.0/37657] INFO  server.SCMDatanodeProtocolServer (SCMDatanodeProtocolServer.java:start(172)) - RPC server for DataNodes is listening at /0.0.0.0:45847
2020-06-23 15:24:55,049 [IPC Server Responder] INFO  ipc.Server (Server.java:run(1460)) - IPC Server Responder: starting
2020-06-23 15:24:55,050 [IPC Server listener on 0] INFO  ipc.Server (Server.java:run(1298)) - IPC Server listener on 0: starting
2020-06-23 15:24:55,054 [Listener at 0.0.0.0/37657] INFO  http.HttpServer2 (HttpServer2.java:bindListener(1211)) - Jetty bound to port 37011
2020-06-23 15:24:55,055 [Listener at 0.0.0.0/37657] INFO  server.Server (Server.java:doStart(359)) - jetty-9.4.26.v20200117; built: 2020-01-17T12:35:33.676Z; git: 7b38981d25d14afb4a12ff1f2596756144edf695; jvm 1.8.0_232-b09
2020-06-23 15:24:55,087 [Listener at 0.0.0.0/37657] INFO  server.session (DefaultSessionIdManager.java:doStart(333)) - DefaultSessionIdManager workerName=node0
2020-06-23 15:24:55,087 [Listener at 0.0.0.0/37657] INFO  server.session (DefaultSessionIdManager.java:doStart(338)) - No SessionScavenger set, using defaults
2020-06-23 15:24:55,089 [Listener at 0.0.0.0/37657] INFO  server.session (HouseKeeper.java:startScavenging(140)) - node0 Scavenging every 660000ms
2020-06-23 15:24:55,107 [Listener at 0.0.0.0/37657] INFO  server.AuthenticationFilter (AuthenticationFilter.java:constructSecretProvider(240)) - Unable to initialize FileSignerSecretProvider, falling back to use random secrets.
2020-06-23 15:24:55,110 [Listener at 0.0.0.0/37657] INFO  handler.ContextHandler (ContextHandler.java:doStart(825)) - Started o.e.j.s.ServletContextHandler@628b819d{logs,/logs,file:///github/workspace/mnt/ozone/hadoop-ozone/integration-test/target/log,AVAILABLE}
2020-06-23 15:24:55,111 [Listener at 0.0.0.0/37657] INFO  handler.ContextHandler (ContextHandler.java:doStart(825)) - Started o.e.j.s.ServletContextHandler@fd09e43{static,/static,file:///github/workspace/mnt/ozone/hadoop-ozone/integration-test/target/test-classes/webapps/static,AVAILABLE}
2020-06-23 15:24:55,150 [Listener at 0.0.0.0/37657] INFO  handler.ContextHandler (ContextHandler.java:doStart(825)) - Started o.e.j.w.WebAppContext@14b275bd{scm,/,file:///github/workspace/mnt/ozone/hadoop-ozone/integration-test/target/test-classes/webapps/scm/,AVAILABLE}{file:/github/workspace/mnt/ozone/hadoop-ozone/integration-test/target/test-classes/webapps/scm}
2020-06-23 15:24:55,159 [Listener at 0.0.0.0/37657] INFO  server.AbstractConnector (AbstractConnector.java:doStart(330)) - Started ServerConnector@25a94b55{HTTP/1.1,[http/1.1]}{0.0.0.0:37011}
2020-06-23 15:24:55,159 [Listener at 0.0.0.0/37657] INFO  server.Server (Server.java:doStart(399)) - Started @3066ms
2020-06-23 15:24:55,161 [Listener at 0.0.0.0/37657] INFO  impl.MetricsSinkAdapter (MetricsSinkAdapter.java:start(204)) - Sink prometheus started
2020-06-23 15:24:55,161 [Listener at 0.0.0.0/37657] INFO  impl.MetricsSystemImpl (MetricsSystemImpl.java:registerSink(301)) - Registered sink prometheus
2020-06-23 15:24:55,165 [Listener at 0.0.0.0/37657] INFO  http.BaseHttpServer (BaseHttpServer.java:updateConnectorAddress(325)) - HTTP server of scm listening at http://0.0.0.0:37011
2020-06-23 15:24:55,171 [Listener at 0.0.0.0/37657] WARN  server.ServerUtils (ServerUtils.java:getDBPath(225)) - ozone.om.db.dirs is not configured. We recommend adding this setting. Falling back to ozone.metadata.dirs instead.
2020-06-23 15:24:55,183 [org.apache.hadoop.util.JvmPauseMonitor$Monitor@44bc2449] INFO  util.JvmPauseMonitor (JvmPauseMonitor.java:run(188)) - Starting JVM pause monitor
2020-06-23 15:24:55,270 [Listener at 0.0.0.0/37657] INFO  ha.OMHANodeDetails (OMHANodeDetails.java:loadOMHAConfig(104)) - ozone.om.internal.service.id is not defined, falling back to ozone.om.service.ids to find serviceID for OzoneManager if it is HA enabled cluster
2020-06-23 15:24:55,273 [Listener at 0.0.0.0/37657] INFO  ha.OMHANodeDetails (OMHANodeDetails.java:loadOMHAConfig(213)) - Configuration either no ozone.om.address set. Falling back to the default OM address /127.0.0.1:0
2020-06-23 15:24:55,273 [Listener at 0.0.0.0/37657] INFO  ha.OMHANodeDetails (OMHANodeDetails.java:getOMNodeDetails(241)) - OM Service ID is not set. Setting it to the default ID: omServiceIdDefault
2020-06-23 15:24:55,275 [Listener at 0.0.0.0/37657] WARN  server.ServerUtils (ServerUtils.java:getDBPath(225)) - ozone.om.db.dirs is not configured. We recommend adding this setting. Falling back to ozone.metadata.dirs instead.
2020-06-23 15:24:55,275 [Listener at 0.0.0.0/37657] WARN  server.ServerUtils (ServerUtils.java:getDBPath(225)) - ozone.om.db.dirs is not configured. We recommend adding this setting. Falling back to ozone.metadata.dirs instead.
2020-06-23 15:24:56,041 [Listener at 0.0.0.0/37657] WARN  server.ServerUtils (ServerUtils.java:getDBPath(225)) - ozone.om.db.dirs is not configured. We recommend adding this setting. Falling back to ozone.metadata.dirs instead.
2020-06-23 15:24:56,165 [Listener at 0.0.0.0/37657] INFO  ipc.CallQueueManager (CallQueueManager.java:<init>(84)) - Using callQueue: class java.util.concurrent.LinkedBlockingQueue, queueCapacity: 2000, scheduler: class org.apache.hadoop.ipc.DefaultRpcScheduler, ipcBackoff: false.
2020-06-23 15:24:56,170 [Socket Reader #1 for port 0] INFO  ipc.Server (Server.java:run(1219)) - Starting Socket Reader #1 for port 0
2020-06-23 15:24:56,198 [Listener at 127.0.0.1/45503] INFO  impl.MetricsSystemImpl (MetricsSystemImpl.java:init(158)) - OzoneManager metrics system started (again)
2020-06-23 15:24:56,200 [Listener at 127.0.0.1/45503] INFO  om.OzoneManager (OzoneManager.java:start(1085)) - OzoneManager RPC server is listening at localhost/127.0.0.1:45503
2020-06-23 15:24:56,218 [IPC Server Responder] INFO  ipc.Server (Server.java:run(1460)) - IPC Server Responder: starting
2020-06-23 15:24:56,218 [IPC Server listener on 0] INFO  ipc.Server (Server.java:run(1298)) - IPC Server listener on 0: starting
2020-06-23 15:24:56,231 [Listener at 127.0.0.1/45503] INFO  http.BaseHttpServer (BaseHttpServer.java:newHttpServer2BuilderForOzone(205)) - Starting Web-server for ozoneManager at: http://0.0.0.0:0
2020-06-23 15:24:56,231 [Listener at 127.0.0.1/45503] INFO  http.BaseHttpServer (BaseHttpServer.java:<init>(106)) - Hadoop Security Enabled: false Ozone Security Enabled: false Ozone HTTP Security Enabled: false 
2020-06-23 15:24:56,232 [Listener at 127.0.0.1/45503] INFO  server.AuthenticationFilter (AuthenticationFilter.java:constructSecretProvider(240)) - Unable to initialize FileSignerSecretProvider, falling back to use random secrets.
2020-06-23 15:24:56,233 [Listener at 127.0.0.1/45503] WARN  http.HttpRequestLog (HttpRequestLog.java:getRequestLog(103)) - Jetty request log can only be enabled using Log4j
2020-06-23 15:24:56,234 [Listener at 127.0.0.1/45503] INFO  http.HttpServer2 (HttpServer2.java:addGlobalFilter(993)) - Added global filter 'safety' (class=org.apache.hadoop.hdds.server.http.HttpServer2$QuotingInputFilter)
2020-06-23 15:24:56,235 [Listener at 127.0.0.1/45503] INFO  http.HttpServer2 (HttpServer2.java:addFilter(969)) - Added filter authentication (class=org.apache.hadoop.security.authentication.server.AuthenticationFilter) to context ozoneManager
2020-06-23 15:24:56,235 [Listener at 127.0.0.1/45503] INFO  http.HttpServer2 (HttpServer2.java:addFilter(977)) - Added filter authentication (class=org.apache.hadoop.security.authentication.server.AuthenticationFilter) to context static
2020-06-23 15:24:56,235 [Listener at 127.0.0.1/45503] INFO  http.HttpServer2 (HttpServer2.java:addFilter(977)) - Added filter authentication (class=org.apache.hadoop.security.authentication.server.AuthenticationFilter) to context logs
2020-06-23 15:24:56,238 [Listener at 127.0.0.1/45503] INFO  http.HttpServer2 (HttpServer2.java:bindListener(1211)) - Jetty bound to port 43857
2020-06-23 15:24:56,238 [Listener at 127.0.0.1/45503] INFO  server.Server (Server.java:doStart(359)) - jetty-9.4.26.v20200117; built: 2020-01-17T12:35:33.676Z; git: 7b38981d25d14afb4a12ff1f2596756144edf695; jvm 1.8.0_232-b09
2020-06-23 15:24:56,240 [Listener at 127.0.0.1/45503] INFO  server.session (DefaultSessionIdManager.java:doStart(333)) - DefaultSessionIdManager workerName=node0
2020-06-23 15:24:56,240 [Listener at 127.0.0.1/45503] INFO  server.session (DefaultSessionIdManager.java:doStart(338)) - No SessionScavenger set, using defaults
2020-06-23 15:24:56,240 [Listener at 127.0.0.1/45503] INFO  server.session (HouseKeeper.java:startScavenging(140)) - node0 Scavenging every 660000ms
2020-06-23 15:24:56,241 [Listener at 127.0.0.1/45503] INFO  server.AuthenticationFilter (AuthenticationFilter.java:constructSecretProvider(240)) - Unable to initialize FileSignerSecretProvider, falling back to use random secrets.
2020-06-23 15:24:56,242 [Listener at 127.0.0.1/45503] INFO  handler.ContextHandler (ContextHandler.java:doStart(825)) - Started o.e.j.s.ServletContextHandler@451a4187{logs,/logs,file:///github/workspace/mnt/ozone/hadoop-ozone/integration-test/target/log,AVAILABLE}
2020-06-23 15:24:56,242 [Listener at 127.0.0.1/45503] INFO  handler.ContextHandler (ContextHandler.java:doStart(825)) - Started o.e.j.s.ServletContextHandler@5c215642{static,/static,file:///github/workspace/mnt/ozone/hadoop-ozone/integration-test/target/test-classes/webapps/static,AVAILABLE}
2020-06-23 15:24:56,248 [Listener at 127.0.0.1/45503] INFO  handler.ContextHandler (ContextHandler.java:doStart(825)) - Started o.e.j.w.WebAppContext@25c16cf7{ozoneManager,/,file:///github/workspace/mnt/ozone/hadoop-ozone/integration-test/target/test-classes/webapps/ozoneManager/,AVAILABLE}{file:/github/workspace/mnt/ozone/hadoop-ozone/integration-test/target/test-classes/webapps/ozoneManager}
2020-06-23 15:24:56,250 [Listener at 127.0.0.1/45503] INFO  server.AbstractConnector (AbstractConnector.java:doStart(330)) - Started ServerConnector@7c8f803d{HTTP/1.1,[http/1.1]}{0.0.0.0:43857}
2020-06-23 15:24:56,250 [Listener at 127.0.0.1/45503] INFO  server.Server (Server.java:doStart(399)) - Started @4157ms
2020-06-23 15:24:56,250 [Listener at 127.0.0.1/45503] WARN  impl.MetricsSystemImpl (MetricsSystemImpl.java:register(276)) - Sink prometheus already exists!
2020-06-23 15:24:56,253 [Listener at 127.0.0.1/45503] INFO  http.BaseHttpServer (BaseHttpServer.java:updateConnectorAddress(325)) - HTTP server of ozoneManager listening at http://0.0.0.0:43857
2020-06-23 15:24:56,273 [org.apache.hadoop.util.JvmPauseMonitor$Monitor@55202ba6] INFO  util.JvmPauseMonitor (JvmPauseMonitor.java:run(188)) - Starting JVM pause monitor
2020-06-23 15:24:56,402 [Listener at 127.0.0.1/45503] INFO  metrics.MetricRegistries (MetricRegistriesLoader.java:load(64)) - Loaded MetricRegistries class org.apache.ratis.metrics.impl.MetricRegistriesImpl
2020-06-23 15:24:56,404 [Listener at 127.0.0.1/45503] INFO  impl.MetricsSystemImpl (MetricsSystemImpl.java:init(158)) - HddsDatanode metrics system started (again)
2020-06-23 15:24:56,408 [Listener at 127.0.0.1/45503] INFO  ozone.HddsDatanodeService (HddsDatanodeService.java:start(197)) - HddsDatanodeService host:6d5f4f143f60 ip:172.17.0.2
2020-06-23 15:24:56,452 [Listener at 127.0.0.1/45503] INFO  volume.HddsVolume (HddsVolume.java:<init>(176)) - Creating Volume: /github/workspace/mnt/ozone/hadoop-ozone/integration-test/target/test-dir/MiniOzoneClusterImpl-4fcc031e-6e0f-4975-a7ce-24d4c61de348/datanode-0/data-0/containers/hdds of storage type : DISK and capacity : 9223372036854775807
2020-06-23 15:24:56,455 [Listener at 127.0.0.1/45503] INFO  volume.MutableVolumeSet (MutableVolumeSet.java:initializeVolumeSet(181)) - Added Volume : /github/workspace/mnt/ozone/hadoop-ozone/integration-test/target/test-dir/MiniOzoneClusterImpl-4fcc031e-6e0f-4975-a7ce-24d4c61de348/datanode-0/data-0/containers/hdds to VolumeSet
2020-06-23 15:24:56,456 [Listener at 127.0.0.1/45503] INFO  volume.ThrottledAsyncChecker (ThrottledAsyncChecker.java:schedule(141)) - Scheduling a check for /github/workspace/mnt/ozone/hadoop-ozone/integration-test/target/test-dir/MiniOzoneClusterImpl-4fcc031e-6e0f-4975-a7ce-24d4c61de348/datanode-0/data-0/containers/hdds
2020-06-23 15:24:56,475 [Listener at 127.0.0.1/45503] INFO  volume.HddsVolumeChecker (HddsVolumeChecker.java:checkAllVolumes(200)) - Scheduled health check for volume /github/workspace/mnt/ozone/hadoop-ozone/integration-test/target/test-dir/MiniOzoneClusterImpl-4fcc031e-6e0f-4975-a7ce-24d4c61de348/datanode-0/data-0/containers/hdds
2020-06-23 15:24:56,653 [Listener at 127.0.0.1/45503] INFO  impl.RaftServerProxy (ConfUtils.java:logGet(44)) - raft.rpc.type = GRPC (default)
2020-06-23 15:24:56,727 [Listener at 127.0.0.1/45503] INFO  grpc.GrpcFactory (GrpcFactory.java:checkPooledByteBufAllocatorUseCacheForAllThreads(45)) - PERFORMANCE WARNING: useCacheForAllThreads is true that may cause Netty to create a lot garbage objects and, as a result, trigger GC.
	It is recommended to disable useCacheForAllThreads by setting -Dorg.apache.ratis.thirdparty.io.netty.allocator.useCacheForAllThreads=false in command line.
2020-06-23 15:24:56,732 [Listener at 127.0.0.1/45503] INFO  grpc.GrpcConfigKeys (ConfUtils.java:logGet(44)) - raft.grpc.server.port = 0 (default)
2020-06-23 15:24:56,732 [Listener at 127.0.0.1/45503] INFO  server.GrpcService (ConfUtils.java:logGet(44)) - raft.grpc.message.size.max = 32MB (=33554432) (custom)
2020-06-23 15:24:56,733 [Listener at 127.0.0.1/45503] INFO  server.RaftServerConfigKeys (ConfUtils.java:logGet(44)) - raft.server.log.appender.buffer.byte-limit = 33554432 (custom)
2020-06-23 15:24:56,734 [Listener at 127.0.0.1/45503] INFO  server.GrpcService (ConfUtils.java:logGet(44)) - raft.grpc.flow.control.window = 5MB (=5242880) (custom)
2020-06-23 15:24:56,735 [Listener at 127.0.0.1/45503] INFO  server.RaftServerConfigKeys (ConfUtils.java:logGet(44)) - raft.server.rpc.request.timeout = 3s (default)
2020-06-23 15:24:56,949 [Listener at 127.0.0.1/45503] INFO  server.RaftServerConfigKeys (ConfUtils.java:logGet(44)) - raft.server.storage.dir = [/github/workspace/mnt/ozone/hadoop-ozone/integration-test/target/test-dir/MiniOzoneClusterImpl-4fcc031e-6e0f-4975-a7ce-24d4c61de348/datanode-0/data/ratis] (custom)
2020-06-23 15:24:57,027 [Listener at 127.0.0.1/45503] INFO  http.BaseHttpServer (BaseHttpServer.java:newHttpServer2BuilderForOzone(205)) - Starting Web-server for hddsDatanode at: http://0.0.0.0:0
2020-06-23 15:24:57,027 [Listener at 127.0.0.1/45503] INFO  http.BaseHttpServer (BaseHttpServer.java:<init>(106)) - Hadoop Security Enabled: false Ozone Security Enabled: false Ozone HTTP Security Enabled: false 
2020-06-23 15:24:57,029 [Listener at 127.0.0.1/45503] INFO  server.AuthenticationFilter (AuthenticationFilter.java:constructSecretProvider(240)) - Unable to initialize FileSignerSecretProvider, falling back to use random secrets.
2020-06-23 15:24:57,029 [Listener at 127.0.0.1/45503] WARN  http.HttpRequestLog (HttpRequestLog.java:getRequestLog(103)) - Jetty request log can only be enabled using Log4j
2020-06-23 15:24:57,030 [Listener at 127.0.0.1/45503] INFO  http.HttpServer2 (HttpServer2.java:addGlobalFilter(993)) - Added global filter 'safety' (class=org.apache.hadoop.hdds.server.http.HttpServer2$QuotingInputFilter)
2020-06-23 15:24:57,031 [Listener at 127.0.0.1/45503] INFO  http.HttpServer2 (HttpServer2.java:addFilter(969)) - Added filter authentication (class=org.apache.hadoop.security.authentication.server.AuthenticationFilter) to context hddsDatanode
2020-06-23 15:24:57,031 [Listener at 127.0.0.1/45503] INFO  http.HttpServer2 (HttpServer2.java:addFilter(977)) - Added filter authentication (class=org.apache.hadoop.security.authentication.server.AuthenticationFilter) to context static
2020-06-23 15:24:57,031 [Listener at 127.0.0.1/45503] INFO  http.HttpServer2 (HttpServer2.java:addFilter(977)) - Added filter authentication (class=org.apache.hadoop.security.authentication.server.AuthenticationFilter) to context logs
2020-06-23 15:24:57,032 [Listener at 127.0.0.1/45503] INFO  http.HttpServer2 (HttpServer2.java:bindListener(1211)) - Jetty bound to port 37591
2020-06-23 15:24:57,032 [Listener at 127.0.0.1/45503] INFO  server.Server (Server.java:doStart(359)) - jetty-9.4.26.v20200117; built: 2020-01-17T12:35:33.676Z; git: 7b38981d25d14afb4a12ff1f2596756144edf695; jvm 1.8.0_232-b09
2020-06-23 15:24:57,042 [Listener at 127.0.0.1/45503] INFO  server.session (DefaultSessionIdManager.java:doStart(333)) - DefaultSessionIdManager workerName=node0
2020-06-23 15:24:57,042 [Listener at 127.0.0.1/45503] INFO  server.session (DefaultSessionIdManager.java:doStart(338)) - No SessionScavenger set, using defaults
2020-06-23 15:24:57,042 [Listener at 127.0.0.1/45503] INFO  server.session (HouseKeeper.java:startScavenging(140)) - node0 Scavenging every 660000ms
2020-06-23 15:24:57,045 [Listener at 127.0.0.1/45503] INFO  server.AuthenticationFilter (AuthenticationFilter.java:constructSecretProvider(240)) - Unable to initialize FileSignerSecretProvider, falling back to use random secrets.
2020-06-23 15:24:57,045 [Listener at 127.0.0.1/45503] INFO  handler.ContextHandler (ContextHandler.java:doStart(825)) - Started o.e.j.s.ServletContextHandler@308f18c0{logs,/logs,file:///github/workspace/mnt/ozone/hadoop-ozone/integration-test/target/log,AVAILABLE}
2020-06-23 15:24:57,046 [Listener at 127.0.0.1/45503] INFO  handler.ContextHandler (ContextHandler.java:doStart(825)) - Started o.e.j.s.ServletContextHandler@47e89fed{static,/static,jar:file:/home/user/.m2/repository/org/apache/hadoop/hadoop-hdds-container-service/0.6.0-SNAPSHOT/hadoop-hdds-container-service-0.6.0-SNAPSHOT.jar!/webapps/static,AVAILABLE}
2020-06-23 15:24:57,067 [Listener at 127.0.0.1/45503] INFO  handler.ContextHandler (ContextHandler.java:doStart(825)) - Started o.e.j.w.WebAppContext@4ecc4b43{hddsDatanode,/,file:///tmp/jetty-0_0_0_0-37591-hadoop-hdds-container-service-0_6_0-SNAPSHOT_jar-_-any-1641823513588293985.dir/webapp/,AVAILABLE}{jar:file:/home/user/.m2/repository/org/apache/hadoop/hadoop-hdds-container-service/0.6.0-SNAPSHOT/hadoop-hdds-container-service-0.6.0-SNAPSHOT.jar!/webapps/hddsDatanode}
2020-06-23 15:24:57,070 [Listener at 127.0.0.1/45503] INFO  server.AbstractConnector (AbstractConnector.java:doStart(330)) - Started ServerConnector@4c0989f7{HTTP/1.1,[http/1.1]}{0.0.0.0:37591}
2020-06-23 15:24:57,071 [Listener at 127.0.0.1/45503] INFO  server.Server (Server.java:doStart(399)) - Started @4978ms
2020-06-23 15:24:57,072 [Listener at 127.0.0.1/45503] WARN  impl.MetricsSystemImpl (MetricsSystemImpl.java:register(276)) - Sink prometheus already exists!
2020-06-23 15:24:57,075 [Listener at 127.0.0.1/45503] INFO  http.BaseHttpServer (BaseHttpServer.java:updateConnectorAddress(325)) - HTTP server of hddsDatanode listening at http://0.0.0.0:37591
2020-06-23 15:24:57,076 [Listener at 127.0.0.1/45503] INFO  impl.MetricsSystemImpl (MetricsSystemImpl.java:init(158)) - HddsDatanode metrics system started (again)
2020-06-23 15:24:57,078 [Listener at 127.0.0.1/45503] INFO  ozone.HddsDatanodeService (HddsDatanodeService.java:start(197)) - HddsDatanodeService host:6d5f4f143f60 ip:172.17.0.2
2020-06-23 15:24:57,082 [Listener at 127.0.0.1/45503] INFO  volume.HddsVolume (HddsVolume.java:<init>(176)) - Creating Volume: /github/workspace/mnt/ozone/hadoop-ozone/integration-test/target/test-dir/MiniOzoneClusterImpl-4fcc031e-6e0f-4975-a7ce-24d4c61de348/datanode-1/data-0/containers/hdds of storage type : DISK and capacity : 9223372036854775807
2020-06-23 15:24:57,082 [Listener at 127.0.0.1/45503] INFO  volume.MutableVolumeSet (MutableVolumeSet.java:initializeVolumeSet(181)) - Added Volume : /github/workspace/mnt/ozone/hadoop-ozone/integration-test/target/test-dir/MiniOzoneClusterImpl-4fcc031e-6e0f-4975-a7ce-24d4c61de348/datanode-1/data-0/containers/hdds to VolumeSet
2020-06-23 15:24:57,083 [Listener at 127.0.0.1/45503] INFO  volume.ThrottledAsyncChecker (ThrottledAsyncChecker.java:schedule(141)) - Scheduling a check for /github/workspace/mnt/ozone/hadoop-ozone/integration-test/target/test-dir/MiniOzoneClusterImpl-4fcc031e-6e0f-4975-a7ce-24d4c61de348/datanode-1/data-0/containers/hdds
2020-06-23 15:24:57,084 [Listener at 127.0.0.1/45503] INFO  volume.HddsVolumeChecker (HddsVolumeChecker.java:checkAllVolumes(200)) - Scheduled health check for volume /github/workspace/mnt/ozone/hadoop-ozone/integration-test/target/test-dir/MiniOzoneClusterImpl-4fcc031e-6e0f-4975-a7ce-24d4c61de348/datanode-1/data-0/containers/hdds
2020-06-23 15:24:57,107 [org.apache.hadoop.util.JvmPauseMonitor$Monitor@49241c6e] INFO  util.JvmPauseMonitor (JvmPauseMonitor.java:run(188)) - Starting JVM pause monitor
2020-06-23 15:24:57,116 [Listener at 127.0.0.1/45503] INFO  impl.RaftServerProxy (ConfUtils.java:logGet(44)) - raft.rpc.type = GRPC (default)
2020-06-23 15:24:57,117 [Listener at 127.0.0.1/45503] INFO  grpc.GrpcFactory (GrpcFactory.java:checkPooledByteBufAllocatorUseCacheForAllThreads(45)) - PERFORMANCE WARNING: useCacheForAllThreads is true that may cause Netty to create a lot garbage objects and, as a result, trigger GC.
	It is recommended to disable useCacheForAllThreads by setting -Dorg.apache.ratis.thirdparty.io.netty.allocator.useCacheForAllThreads=false in command line.
2020-06-23 15:24:57,118 [Listener at 127.0.0.1/45503] INFO  grpc.GrpcConfigKeys (ConfUtils.java:logGet(44)) - raft.grpc.server.port = 0 (default)
2020-06-23 15:24:57,118 [Listener at 127.0.0.1/45503] INFO  server.GrpcService (ConfUtils.java:logGet(44)) - raft.grpc.message.size.max = 32MB (=33554432) (custom)
2020-06-23 15:24:57,118 [Listener at 127.0.0.1/45503] INFO  server.RaftServerConfigKeys (ConfUtils.java:logGet(44)) - raft.server.log.appender.buffer.byte-limit = 33554432 (custom)
2020-06-23 15:24:57,118 [Listener at 127.0.0.1/45503] INFO  server.GrpcService (ConfUtils.java:logGet(44)) - raft.grpc.flow.control.window = 5MB (=5242880) (custom)
2020-06-23 15:24:57,118 [Listener at 127.0.0.1/45503] INFO  server.RaftServerConfigKeys (ConfUtils.java:logGet(44)) - raft.server.rpc.request.timeout = 3s (default)
2020-06-23 15:24:57,120 [Listener at 127.0.0.1/45503] INFO  server.RaftServerConfigKeys (ConfUtils.java:logGet(44)) - raft.server.storage.dir = [/github/workspace/mnt/ozone/hadoop-ozone/integration-test/target/test-dir/MiniOzoneClusterImpl-4fcc031e-6e0f-4975-a7ce-24d4c61de348/datanode-1/data/ratis] (custom)
2020-06-23 15:24:57,130 [Listener at 127.0.0.1/45503] INFO  http.BaseHttpServer (BaseHttpServer.java:newHttpServer2BuilderForOzone(205)) - Starting Web-server for hddsDatanode at: http://0.0.0.0:0
2020-06-23 15:24:57,130 [Listener at 127.0.0.1/45503] INFO  http.BaseHttpServer (BaseHttpServer.java:<init>(106)) - Hadoop Security Enabled: false Ozone Security Enabled: false Ozone HTTP Security Enabled: false 
2020-06-23 15:24:57,131 [Listener at 127.0.0.1/45503] INFO  server.AuthenticationFilter (AuthenticationFilter.java:constructSecretProvider(240)) - Unable to initialize FileSignerSecretProvider, falling back to use random secrets.
2020-06-23 15:24:57,137 [Listener at 127.0.0.1/45503] WARN  http.HttpRequestLog (HttpRequestLog.java:getRequestLog(103)) - Jetty request log can only be enabled using Log4j
2020-06-23 15:24:57,138 [Listener at 127.0.0.1/45503] INFO  http.HttpServer2 (HttpServer2.java:addGlobalFilter(993)) - Added global filter 'safety' (class=org.apache.hadoop.hdds.server.http.HttpServer2$QuotingInputFilter)
2020-06-23 15:24:57,139 [Listener at 127.0.0.1/45503] INFO  http.HttpServer2 (HttpServer2.java:addFilter(969)) - Added filter authentication (class=org.apache.hadoop.security.authentication.server.AuthenticationFilter) to context hddsDatanode
2020-06-23 15:24:57,139 [Listener at 127.0.0.1/45503] INFO  http.HttpServer2 (HttpServer2.java:addFilter(977)) - Added filter authentication (class=org.apache.hadoop.security.authentication.server.AuthenticationFilter) to context static
2020-06-23 15:24:57,139 [Listener at 127.0.0.1/45503] INFO  http.HttpServer2 (HttpServer2.java:addFilter(977)) - Added filter authentication (class=org.apache.hadoop.security.authentication.server.AuthenticationFilter) to context logs
2020-06-23 15:24:57,140 [Listener at 127.0.0.1/45503] INFO  http.HttpServer2 (HttpServer2.java:bindListener(1211)) - Jetty bound to port 46701
2020-06-23 15:24:57,140 [Listener at 127.0.0.1/45503] INFO  server.Server (Server.java:doStart(359)) - jetty-9.4.26.v20200117; built: 2020-01-17T12:35:33.676Z; git: 7b38981d25d14afb4a12ff1f2596756144edf695; jvm 1.8.0_232-b09
2020-06-23 15:24:57,178 [Listener at 127.0.0.1/45503] INFO  server.session (DefaultSessionIdManager.java:doStart(333)) - DefaultSessionIdManager workerName=node0
2020-06-23 15:24:57,178 [Listener at 127.0.0.1/45503] INFO  server.session (DefaultSessionIdManager.java:doStart(338)) - No SessionScavenger set, using defaults
2020-06-23 15:24:57,178 [Listener at 127.0.0.1/45503] INFO  server.session (HouseKeeper.java:startScavenging(140)) - node0 Scavenging every 660000ms
2020-06-23 15:24:57,184 [Listener at 127.0.0.1/45503] INFO  server.AuthenticationFilter (AuthenticationFilter.java:constructSecretProvider(240)) - Unable to initialize FileSignerSecretProvider, falling back to use random secrets.
2020-06-23 15:24:57,189 [Listener at 127.0.0.1/45503] INFO  handler.ContextHandler (ContextHandler.java:doStart(825)) - Started o.e.j.s.ServletContextHandler@144fc5fa{logs,/logs,file:///github/workspace/mnt/ozone/hadoop-ozone/integration-test/target/log,AVAILABLE}
2020-06-23 15:24:57,189 [Listener at 127.0.0.1/45503] INFO  handler.ContextHandler (ContextHandler.java:doStart(825)) - Started o.e.j.s.ServletContextHandler@555b3ec9{static,/static,jar:file:/home/user/.m2/repository/org/apache/hadoop/hadoop-hdds-container-service/0.6.0-SNAPSHOT/hadoop-hdds-container-service-0.6.0-SNAPSHOT.jar!/webapps/static,AVAILABLE}
2020-06-23 15:24:57,224 [Listener at 127.0.0.1/45503] INFO  handler.ContextHandler (ContextHandler.java:doStart(825)) - Started o.e.j.w.WebAppContext@7b6c3b37{hddsDatanode,/,file:///tmp/jetty-0_0_0_0-46701-hadoop-hdds-container-service-0_6_0-SNAPSHOT_jar-_-any-8279201242035777100.dir/webapp/,AVAILABLE}{jar:file:/home/user/.m2/repository/org/apache/hadoop/hadoop-hdds-container-service/0.6.0-SNAPSHOT/hadoop-hdds-container-service-0.6.0-SNAPSHOT.jar!/webapps/hddsDatanode}
2020-06-23 15:24:57,225 [Listener at 127.0.0.1/45503] INFO  server.AbstractConnector (AbstractConnector.java:doStart(330)) - Started ServerConnector@3423f353{HTTP/1.1,[http/1.1]}{0.0.0.0:46701}
2020-06-23 15:24:57,227 [Listener at 127.0.0.1/45503] INFO  server.Server (Server.java:doStart(399)) - Started @5134ms
2020-06-23 15:24:57,227 [Listener at 127.0.0.1/45503] WARN  impl.MetricsSystemImpl (MetricsSystemImpl.java:register(276)) - Sink prometheus already exists!
2020-06-23 15:24:57,230 [Listener at 127.0.0.1/45503] INFO  http.BaseHttpServer (BaseHttpServer.java:updateConnectorAddress(325)) - HTTP server of hddsDatanode listening at http://0.0.0.0:46701
2020-06-23 15:24:57,240 [Listener at 127.0.0.1/45503] INFO  impl.MetricsSystemImpl (MetricsSystemImpl.java:init(158)) - HddsDatanode metrics system started (again)
2020-06-23 15:24:57,241 [Datanode State Machine Thread - 0] INFO  datanode.InitDatanodeState (InitDatanodeState.java:persistContainerDatanodeDetails(145)) - DatanodeDetails is persisted to /github/workspace/mnt/ozone/hadoop-ozone/integration-test/target/test-dir/MiniOzoneClusterImpl-4fcc031e-6e0f-4975-a7ce-24d4c61de348/datanode-0/meta/datanode.id
2020-06-23 15:24:57,242 [Listener at 127.0.0.1/45503] INFO  ozone.HddsDatanodeService (HddsDatanodeService.java:start(197)) - HddsDatanodeService host:6d5f4f143f60 ip:172.17.0.2
2020-06-23 15:24:57,255 [Listener at 127.0.0.1/45503] INFO  volume.HddsVolume (HddsVolume.java:<init>(176)) - Creating Volume: /github/workspace/mnt/ozone/hadoop-ozone/integration-test/target/test-dir/MiniOzoneClusterImpl-4fcc031e-6e0f-4975-a7ce-24d4c61de348/datanode-2/data-0/containers/hdds of storage type : DISK and capacity : 9223372036854775807
2020-06-23 15:24:57,255 [Listener at 127.0.0.1/45503] INFO  volume.MutableVolumeSet (MutableVolumeSet.java:initializeVolumeSet(181)) - Added Volume : /github/workspace/mnt/ozone/hadoop-ozone/integration-test/target/test-dir/MiniOzoneClusterImpl-4fcc031e-6e0f-4975-a7ce-24d4c61de348/datanode-2/data-0/containers/hdds to VolumeSet
2020-06-23 15:24:57,255 [Listener at 127.0.0.1/45503] INFO  volume.ThrottledAsyncChecker (ThrottledAsyncChecker.java:schedule(141)) - Scheduling a check for /github/workspace/mnt/ozone/hadoop-ozone/integration-test/target/test-dir/MiniOzoneClusterImpl-4fcc031e-6e0f-4975-a7ce-24d4c61de348/datanode-2/data-0/containers/hdds
2020-06-23 15:24:57,256 [Listener at 127.0.0.1/45503] INFO  volume.HddsVolumeChecker (HddsVolumeChecker.java:checkAllVolumes(200)) - Scheduled health check for volume /github/workspace/mnt/ozone/hadoop-ozone/integration-test/target/test-dir/MiniOzoneClusterImpl-4fcc031e-6e0f-4975-a7ce-24d4c61de348/datanode-2/data-0/containers/hdds
2020-06-23 15:24:57,271 [org.apache.hadoop.util.JvmPauseMonitor$Monitor@5e9756e9] INFO  util.JvmPauseMonitor (JvmPauseMonitor.java:run(188)) - Starting JVM pause monitor
2020-06-23 15:24:57,281 [Listener at 127.0.0.1/45503] INFO  impl.RaftServerProxy (ConfUtils.java:logGet(44)) - raft.rpc.type = GRPC (default)
2020-06-23 15:24:57,281 [Listener at 127.0.0.1/45503] INFO  grpc.GrpcFactory (GrpcFactory.java:checkPooledByteBufAllocatorUseCacheForAllThreads(45)) - PERFORMANCE WARNING: useCacheForAllThreads is true that may cause Netty to create a lot garbage objects and, as a result, trigger GC.
	It is recommended to disable useCacheForAllThreads by setting -Dorg.apache.ratis.thirdparty.io.netty.allocator.useCacheForAllThreads=false in command line.
2020-06-23 15:24:57,282 [Listener at 127.0.0.1/45503] INFO  grpc.GrpcConfigKeys (ConfUtils.java:logGet(44)) - raft.grpc.server.port = 0 (default)
2020-06-23 15:24:57,282 [Listener at 127.0.0.1/45503] INFO  server.GrpcService (ConfUtils.java:logGet(44)) - raft.grpc.message.size.max = 32MB (=33554432) (custom)
2020-06-23 15:24:57,282 [Listener at 127.0.0.1/45503] INFO  server.RaftServerConfigKeys (ConfUtils.java:logGet(44)) - raft.server.log.appender.buffer.byte-limit = 33554432 (custom)
2020-06-23 15:24:57,282 [Listener at 127.0.0.1/45503] INFO  server.GrpcService (ConfUtils.java:logGet(44)) - raft.grpc.flow.control.window = 5MB (=5242880) (custom)
2020-06-23 15:24:57,282 [Listener at 127.0.0.1/45503] INFO  server.RaftServerConfigKeys (ConfUtils.java:logGet(44)) - raft.server.rpc.request.timeout = 3s (default)
2020-06-23 15:24:57,284 [Listener at 127.0.0.1/45503] INFO  server.RaftServerConfigKeys (ConfUtils.java:logGet(44)) - raft.server.storage.dir = [/github/workspace/mnt/ozone/hadoop-ozone/integration-test/target/test-dir/MiniOzoneClusterImpl-4fcc031e-6e0f-4975-a7ce-24d4c61de348/datanode-2/data/ratis] (custom)
2020-06-23 15:24:57,295 [Listener at 127.0.0.1/45503] INFO  http.BaseHttpServer (BaseHttpServer.java:newHttpServer2BuilderForOzone(205)) - Starting Web-server for hddsDatanode at: http://0.0.0.0:0
2020-06-23 15:24:57,296 [Listener at 127.0.0.1/45503] INFO  http.BaseHttpServer (BaseHttpServer.java:<init>(106)) - Hadoop Security Enabled: false Ozone Security Enabled: false Ozone HTTP Security Enabled: false 
2020-06-23 15:24:57,297 [Listener at 127.0.0.1/45503] INFO  server.AuthenticationFilter (AuthenticationFilter.java:constructSecretProvider(240)) - Unable to initialize FileSignerSecretProvider, falling back to use random secrets.
2020-06-23 15:24:57,298 [Listener at 127.0.0.1/45503] WARN  http.HttpRequestLog (HttpRequestLog.java:getRequestLog(103)) - Jetty request log can only be enabled using Log4j
2020-06-23 15:24:57,309 [Listener at 127.0.0.1/45503] INFO  http.HttpServer2 (HttpServer2.java:addGlobalFilter(993)) - Added global filter 'safety' (class=org.apache.hadoop.hdds.server.http.HttpServer2$QuotingInputFilter)
2020-06-23 15:24:57,311 [Listener at 127.0.0.1/45503] INFO  http.HttpServer2 (HttpServer2.java:addFilter(969)) - Added filter authentication (class=org.apache.hadoop.security.authentication.server.AuthenticationFilter) to context hddsDatanode
2020-06-23 15:24:57,311 [Listener at 127.0.0.1/45503] INFO  http.HttpServer2 (HttpServer2.java:addFilter(977)) - Added filter authentication (class=org.apache.hadoop.security.authentication.server.AuthenticationFilter) to context logs
2020-06-23 15:24:57,311 [Listener at 127.0.0.1/45503] INFO  http.HttpServer2 (HttpServer2.java:addFilter(977)) - Added filter authentication (class=org.apache.hadoop.security.authentication.server.AuthenticationFilter) to context static
2020-06-23 15:24:57,312 [Listener at 127.0.0.1/45503] INFO  http.HttpServer2 (HttpServer2.java:bindListener(1211)) - Jetty bound to port 46863
2020-06-23 15:24:57,312 [Listener at 127.0.0.1/45503] INFO  server.Server (Server.java:doStart(359)) - jetty-9.4.26.v20200117; built: 2020-01-17T12:35:33.676Z; git: 7b38981d25d14afb4a12ff1f2596756144edf695; jvm 1.8.0_232-b09
2020-06-23 15:24:57,294 [Datanode State Machine Thread - 0] INFO  datanode.InitDatanodeState (InitDatanodeState.java:persistContainerDatanodeDetails(145)) - DatanodeDetails is persisted to /github/workspace/mnt/ozone/hadoop-ozone/integration-test/target/test-dir/MiniOzoneClusterImpl-4fcc031e-6e0f-4975-a7ce-24d4c61de348/datanode-1/meta/datanode.id
2020-06-23 15:24:57,314 [Listener at 127.0.0.1/45503] INFO  server.session (DefaultSessionIdManager.java:doStart(333)) - DefaultSessionIdManager workerName=node0
2020-06-23 15:24:57,314 [Listener at 127.0.0.1/45503] INFO  server.session (DefaultSessionIdManager.java:doStart(338)) - No SessionScavenger set, using defaults
2020-06-23 15:24:57,314 [Listener at 127.0.0.1/45503] INFO  server.session (HouseKeeper.java:startScavenging(140)) - node0 Scavenging every 660000ms
2020-06-23 15:24:57,318 [Listener at 127.0.0.1/45503] INFO  server.AuthenticationFilter (AuthenticationFilter.java:constructSecretProvider(240)) - Unable to initialize FileSignerSecretProvider, falling back to use random secrets.
2020-06-23 15:24:57,321 [Listener at 127.0.0.1/45503] INFO  handler.ContextHandler (ContextHandler.java:doStart(825)) - Started o.e.j.s.ServletContextHandler@490dfe25{logs,/logs,file:///github/workspace/mnt/ozone/hadoop-ozone/integration-test/target/log,AVAILABLE}
2020-06-23 15:24:57,322 [Listener at 127.0.0.1/45503] INFO  handler.ContextHandler (ContextHandler.java:doStart(825)) - Started o.e.j.s.ServletContextHandler@46374b8{static,/static,jar:file:/home/user/.m2/repository/org/apache/hadoop/hadoop-hdds-container-service/0.6.0-SNAPSHOT/hadoop-hdds-container-service-0.6.0-SNAPSHOT.jar!/webapps/static,AVAILABLE}
2020-06-23 15:24:57,342 [Listener at 127.0.0.1/45503] INFO  handler.ContextHandler (ContextHandler.java:doStart(825)) - Started o.e.j.w.WebAppContext@96271d8{hddsDatanode,/,file:///tmp/jetty-0_0_0_0-46863-hadoop-hdds-container-service-0_6_0-SNAPSHOT_jar-_-any-5960923899217120751.dir/webapp/,AVAILABLE}{jar:file:/home/user/.m2/repository/org/apache/hadoop/hadoop-hdds-container-service/0.6.0-SNAPSHOT/hadoop-hdds-container-service-0.6.0-SNAPSHOT.jar!/webapps/hddsDatanode}
2020-06-23 15:24:57,345 [Listener at 127.0.0.1/45503] INFO  server.AbstractConnector (AbstractConnector.java:doStart(330)) - Started ServerConnector@650e6569{HTTP/1.1,[http/1.1]}{0.0.0.0:46863}
2020-06-23 15:24:57,345 [Listener at 127.0.0.1/45503] INFO  server.Server (Server.java:doStart(399)) - Started @5253ms
2020-06-23 15:24:57,346 [Listener at 127.0.0.1/45503] WARN  impl.MetricsSystemImpl (MetricsSystemImpl.java:register(276)) - Sink prometheus already exists!
2020-06-23 15:24:57,349 [Listener at 127.0.0.1/45503] INFO  http.BaseHttpServer (BaseHttpServer.java:updateConnectorAddress(325)) - HTTP server of hddsDatanode listening at http://0.0.0.0:46863
2020-06-23 15:24:57,350 [Listener at 127.0.0.1/45503] INFO  ozone.MiniOzoneClusterImpl (MiniOzoneClusterImpl.java:lambda$waitForClusterToBeReady$0(177)) - Waiting for nodes to be ready. Got 0 of 3 DN Heartbeats.
2020-06-23 15:24:57,350 [Listener at 127.0.0.1/45503] INFO  ozone.MiniOzoneClusterImpl (MiniOzoneClusterImpl.java:lambda$waitForClusterToBeReady$0(180)) - Waiting for cluster to exit safe mode
2020-06-23 15:24:57,359 [org.apache.hadoop.util.JvmPauseMonitor$Monitor@4b79c5a7] INFO  util.JvmPauseMonitor (JvmPauseMonitor.java:run(188)) - Starting JVM pause monitor
2020-06-23 15:24:57,363 [Datanode State Machine Thread - 0] INFO  datanode.InitDatanodeState (InitDatanodeState.java:persistContainerDatanodeDetails(145)) - DatanodeDetails is persisted to /github/workspace/mnt/ozone/hadoop-ozone/integration-test/target/test-dir/MiniOzoneClusterImpl-4fcc031e-6e0f-4975-a7ce-24d4c61de348/datanode-2/meta/datanode.id
2020-06-23 15:24:58,350 [Listener at 127.0.0.1/45503] INFO  ozone.MiniOzoneClusterImpl (MiniOzoneClusterImpl.java:lambda$waitForClusterToBeReady$0(177)) - Waiting for nodes to be ready. Got 0 of 3 DN Heartbeats.
2020-06-23 15:24:58,350 [Listener at 127.0.0.1/45503] INFO  ozone.MiniOzoneClusterImpl (MiniOzoneClusterImpl.java:lambda$waitForClusterToBeReady$0(180)) - Waiting for cluster to exit safe mode
2020-06-23 15:24:59,171 [Datanode State Machine Thread - 0] INFO  ozoneimpl.OzoneContainer (OzoneContainer.java:start(232)) - Attempting to start container services.
2020-06-23 15:24:59,173 [Datanode State Machine Thread - 0] INFO  ozoneimpl.OzoneContainer (OzoneContainer.java:startContainerScrub(196)) - Background container scanner has been disabled.
2020-06-23 15:24:59,173 [Datanode State Machine Thread - 0] INFO  ratis.XceiverServerRatis (XceiverServerRatis.java:start(425)) - Starting XceiverServerRatis d9b0780d-6721-4a7d-908d-3c9b816d7a79 at port 0
2020-06-23 15:24:59,187 [Datanode State Machine Thread - 0] INFO  impl.RaftServerProxy (RaftServerProxy.java:lambda$start$3(304)) - d9b0780d-6721-4a7d-908d-3c9b816d7a79: start RPC server
2020-06-23 15:24:59,249 [Datanode State Machine Thread - 0] INFO  server.GrpcService (GrpcService.java:startImpl(160)) - d9b0780d-6721-4a7d-908d-3c9b816d7a79: GrpcService started, listening on 0.0.0.0/0.0.0.0:39717
2020-06-23 15:24:59,250 [Datanode State Machine Thread - 0] INFO  ratis.XceiverServerRatis (XceiverServerRatis.java:start(437)) - XceiverServerRatis d9b0780d-6721-4a7d-908d-3c9b816d7a79 is started using port 39717
2020-06-23 15:24:59,254 [Datanode State Machine Thread - 0] INFO  server.XceiverServerGrpc (XceiverServerGrpc.java:start(145)) - XceiverServerGrpc d9b0780d-6721-4a7d-908d-3c9b816d7a79 is started using port 40525
2020-06-23 15:24:59,275 [Datanode State Machine Thread - 0] INFO  ozoneimpl.OzoneContainer (OzoneContainer.java:start(232)) - Attempting to start container services.
2020-06-23 15:24:59,278 [Datanode State Machine Thread - 0] INFO  ozoneimpl.OzoneContainer (OzoneContainer.java:startContainerScrub(196)) - Background container scanner has been disabled.
2020-06-23 15:24:59,278 [Datanode State Machine Thread - 0] INFO  ratis.XceiverServerRatis (XceiverServerRatis.java:start(425)) - Starting XceiverServerRatis fc0c238b-ed8a-4ee8-9379-2b9d99135e6b at port 0
2020-06-23 15:24:59,282 [Datanode State Machine Thread - 0] INFO  impl.RaftServerProxy (RaftServerProxy.java:lambda$start$3(304)) - fc0c238b-ed8a-4ee8-9379-2b9d99135e6b: start RPC server
2020-06-23 15:24:59,288 [Datanode State Machine Thread - 0] INFO  server.GrpcService (GrpcService.java:startImpl(160)) - fc0c238b-ed8a-4ee8-9379-2b9d99135e6b: GrpcService started, listening on 0.0.0.0/0.0.0.0:33877
2020-06-23 15:24:59,289 [Datanode State Machine Thread - 0] INFO  ratis.XceiverServerRatis (XceiverServerRatis.java:start(437)) - XceiverServerRatis fc0c238b-ed8a-4ee8-9379-2b9d99135e6b is started using port 33877
2020-06-23 15:24:59,291 [Datanode State Machine Thread - 0] INFO  server.XceiverServerGrpc (XceiverServerGrpc.java:start(145)) - XceiverServerGrpc fc0c238b-ed8a-4ee8-9379-2b9d99135e6b is started using port 37729
2020-06-23 15:24:59,351 [Listener at 127.0.0.1/45503] INFO  ozone.MiniOzoneClusterImpl (MiniOzoneClusterImpl.java:lambda$waitForClusterToBeReady$0(177)) - Waiting for nodes to be ready. Got 0 of 3 DN Heartbeats.
2020-06-23 15:24:59,351 [Listener at 127.0.0.1/45503] INFO  ozone.MiniOzoneClusterImpl (MiniOzoneClusterImpl.java:lambda$waitForClusterToBeReady$0(180)) - Waiting for cluster to exit safe mode
2020-06-23 15:24:59,363 [Datanode State Machine Thread - 0] INFO  ozoneimpl.OzoneContainer (OzoneContainer.java:start(232)) - Attempting to start container services.
2020-06-23 15:24:59,364 [Datanode State Machine Thread - 0] INFO  ozoneimpl.OzoneContainer (OzoneContainer.java:startContainerScrub(196)) - Background container scanner has been disabled.
2020-06-23 15:24:59,364 [Datanode State Machine Thread - 0] INFO  ratis.XceiverServerRatis (XceiverServerRatis.java:start(425)) - Starting XceiverServerRatis 5c2a4d31-413f-4764-8dbe-c1e86ae31b73 at port 0
2020-06-23 15:24:59,366 [Datanode State Machine Thread - 0] INFO  impl.RaftServerProxy (RaftServerProxy.java:lambda$start$3(304)) - 5c2a4d31-413f-4764-8dbe-c1e86ae31b73: start RPC server
2020-06-23 15:24:59,378 [Datanode State Machine Thread - 0] INFO  server.GrpcService (GrpcService.java:startImpl(160)) - 5c2a4d31-413f-4764-8dbe-c1e86ae31b73: GrpcService started, listening on 0.0.0.0/0.0.0.0:35121
2020-06-23 15:24:59,379 [Datanode State Machine Thread - 0] INFO  ratis.XceiverServerRatis (XceiverServerRatis.java:start(437)) - XceiverServerRatis 5c2a4d31-413f-4764-8dbe-c1e86ae31b73 is started using port 35121
2020-06-23 15:24:59,380 [Datanode State Machine Thread - 0] INFO  server.XceiverServerGrpc (XceiverServerGrpc.java:start(145)) - XceiverServerGrpc 5c2a4d31-413f-4764-8dbe-c1e86ae31b73 is started using port 34009
2020-06-23 15:25:00,351 [Listener at 127.0.0.1/45503] INFO  ozone.MiniOzoneClusterImpl (MiniOzoneClusterImpl.java:lambda$waitForClusterToBeReady$0(177)) - Waiting for nodes to be ready. Got 0 of 3 DN Heartbeats.
2020-06-23 15:25:00,351 [Listener at 127.0.0.1/45503] INFO  ozone.MiniOzoneClusterImpl (MiniOzoneClusterImpl.java:lambda$waitForClusterToBeReady$0(180)) - Waiting for cluster to exit safe mode
2020-06-23 15:25:01,137 [IPC Server handler 0 on default port 45847] INFO  net.NetworkTopology (NetworkTopologyImpl.java:add(111)) - Added a new node: /default-rack/d9b0780d-6721-4a7d-908d-3c9b816d7a79
2020-06-23 15:25:01,138 [IPC Server handler 0 on default port 45847] INFO  node.SCMNodeManager (SCMNodeManager.java:register(268)) - Registered Data node : d9b0780d-6721-4a7d-908d-3c9b816d7a79{ip: 172.17.0.2, host: 6d5f4f143f60, networkLocation: /default-rack, certSerialId: null}
2020-06-23 15:25:01,142 [EventQueue-NodeRegistrationContainerReportForDataNodeSafeModeRule] INFO  safemode.SCMSafeModeManager (DataNodeSafeModeRule.java:process(71)) - SCM in safe mode. 1 DataNodes registered, 1 required.
2020-06-23 15:25:01,142 [EventQueue-NodeRegistrationContainerReportForDataNodeSafeModeRule] INFO  safemode.SCMSafeModeManager (SCMSafeModeManager.java:validateSafeModeExitRules(214)) - DataNodeSafeModeRule rule is successfully validated
2020-06-23 15:25:01,142 [EventQueue-NodeRegistrationContainerReportForDataNodeSafeModeRule] INFO  safemode.SCMSafeModeManager (SCMSafeModeManager.java:completePreCheck(242)) - All SCM safe mode pre check rules have passed
2020-06-23 15:25:01,154 [EventQueue-NodeRegistrationContainerReportForContainerSafeModeRule] INFO  safemode.SCMSafeModeManager (SCMSafeModeManager.java:validateSafeModeExitRules(214)) - ContainerSafeModeRule rule is successfully validated
2020-06-23 15:25:01,155 [RatisPipelineUtilsThread] INFO  pipeline.RatisPipelineProvider (RatisPipelineProvider.java:lambda$create$0(138)) - Sending CreatePipelineCommand for pipeline:PipelineID=eae08db9-3ae1-479b-b186-fe3e287a5bbf to datanode:d9b0780d-6721-4a7d-908d-3c9b816d7a79
2020-06-23 15:25:01,167 [RatisPipelineUtilsThread] INFO  pipeline.PipelineStateManager (PipelineStateManager.java:addPipeline(54)) - Created pipeline Pipeline[ Id: eae08db9-3ae1-479b-b186-fe3e287a5bbf, Nodes: d9b0780d-6721-4a7d-908d-3c9b816d7a79{ip: 172.17.0.2, host: 6d5f4f143f60, networkLocation: /default-rack, certSerialId: null}, Type:RATIS, Factor:ONE, State:ALLOCATED, leaderId:, CreationTimestamp2020-06-23T15:25:01.152Z]
2020-06-23 15:25:01,170 [RatisPipelineUtilsThread] ERROR pipeline.SCMPipelineManager (SCMPipelineManager.java:createPipeline(222)) - Failed to create pipeline of type RATIS and factor ONE. Exception: Cannot create pipeline of factor 1 using 0 nodes. Used 1 nodes. Healthy nodes 1
2020-06-23 15:25:01,170 [RatisPipelineUtilsThread] WARN  pipeline.PipelinePlacementPolicy (PipelinePlacementPolicy.java:filterViableNodes(133)) - Pipeline creation failed due to no sufficient healthy datanodes. Required 3. Found 1.
2020-06-23 15:25:01,170 [RatisPipelineUtilsThread] ERROR pipeline.SCMPipelineManager (SCMPipelineManager.java:createPipeline(222)) - Failed to create pipeline of type RATIS and factor THREE. Exception: Pipeline creation failed due to no sufficient healthy datanodes. Required 3. Found 1.
2020-06-23 15:25:01,274 [IPC Server handler 1 on default port 45847] INFO  net.NetworkTopology (NetworkTopologyImpl.java:add(111)) - Added a new node: /default-rack/fc0c238b-ed8a-4ee8-9379-2b9d99135e6b
2020-06-23 15:25:01,274 [IPC Server handler 1 on default port 45847] INFO  node.SCMNodeManager (SCMNodeManager.java:register(268)) - Registered Data node : fc0c238b-ed8a-4ee8-9379-2b9d99135e6b{ip: 172.17.0.2, host: 6d5f4f143f60, networkLocation: /default-rack, certSerialId: null}
2020-06-23 15:25:01,274 [EventQueue-NodeRegistrationContainerReportForDataNodeSafeModeRule] INFO  safemode.SCMSafeModeManager (SCMSafeModeManager.java:validateSafeModeExitRules(214)) - DataNodeSafeModeRule rule is successfully validated
2020-06-23 15:25:01,274 [EventQueue-NodeRegistrationContainerReportForContainerSafeModeRule] INFO  safemode.SCMSafeModeManager (SCMSafeModeManager.java:validateSafeModeExitRules(214)) - ContainerSafeModeRule rule is successfully validated
2020-06-23 15:25:01,276 [RatisPipelineUtilsThread] INFO  pipeline.RatisPipelineProvider (RatisPipelineProvider.java:lambda$create$0(138)) - Sending CreatePipelineCommand for pipeline:PipelineID=5f6c510e-26d7-491e-a613-e85c5122538e to datanode:fc0c238b-ed8a-4ee8-9379-2b9d99135e6b
2020-06-23 15:25:01,277 [RatisPipelineUtilsThread] INFO  pipeline.PipelineStateManager (PipelineStateManager.java:addPipeline(54)) - Created pipeline Pipeline[ Id: 5f6c510e-26d7-491e-a613-e85c5122538e, Nodes: fc0c238b-ed8a-4ee8-9379-2b9d99135e6b{ip: 172.17.0.2, host: 6d5f4f143f60, networkLocation: /default-rack, certSerialId: null}, Type:RATIS, Factor:ONE, State:ALLOCATED, leaderId:, CreationTimestamp2020-06-23T15:25:01.276Z]
2020-06-23 15:25:01,278 [RatisPipelineUtilsThread] ERROR pipeline.SCMPipelineManager (SCMPipelineManager.java:createPipeline(222)) - Failed to create pipeline of type RATIS and factor ONE. Exception: Cannot create pipeline of factor 1 using 0 nodes. Used 2 nodes. Healthy nodes 2
2020-06-23 15:25:01,278 [RatisPipelineUtilsThread] WARN  pipeline.PipelinePlacementPolicy (PipelinePlacementPolicy.java:filterViableNodes(133)) - Pipeline creation failed due to no sufficient healthy datanodes. Required 3. Found 2.
2020-06-23 15:25:01,278 [RatisPipelineUtilsThread] ERROR pipeline.SCMPipelineManager (SCMPipelineManager.java:createPipeline(222)) - Failed to create pipeline of type RATIS and factor THREE. Exception: Pipeline creation failed due to no sufficient healthy datanodes. Required 3. Found 2.
2020-06-23 15:25:01,352 [Listener at 127.0.0.1/45503] INFO  ozone.MiniOzoneClusterImpl (MiniOzoneClusterImpl.java:lambda$waitForClusterToBeReady$0(177)) - Waiting for nodes to be ready. Got 2 of 3 DN Heartbeats.
2020-06-23 15:25:01,352 [Listener at 127.0.0.1/45503] INFO  ozone.MiniOzoneClusterImpl (MiniOzoneClusterImpl.java:lambda$waitForClusterToBeReady$0(180)) - Waiting for cluster to exit safe mode
2020-06-23 15:25:01,362 [IPC Server handler 2 on default port 45847] INFO  net.NetworkTopology (NetworkTopologyImpl.java:add(111)) - Added a new node: /default-rack/5c2a4d31-413f-4764-8dbe-c1e86ae31b73
2020-06-23 15:25:01,363 [RatisPipelineUtilsThread] INFO  pipeline.RatisPipelineProvider (RatisPipelineProvider.java:lambda$create$0(138)) - Sending CreatePipelineCommand for pipeline:PipelineID=81934d82-d6f2-4617-9ed8-21eec8cd7942 to datanode:5c2a4d31-413f-4764-8dbe-c1e86ae31b73
2020-06-23 15:25:01,363 [IPC Server handler 2 on default port 45847] INFO  node.SCMNodeManager (SCMNodeManager.java:register(268)) - Registered Data node : 5c2a4d31-413f-4764-8dbe-c1e86ae31b73{ip: 172.17.0.2, host: 6d5f4f143f60, networkLocation: /default-rack, certSerialId: null}
2020-06-23 15:25:01,364 [RatisPipelineUtilsThread] INFO  pipeline.PipelineStateManager (PipelineStateManager.java:addPipeline(54)) - Created pipeline Pipeline[ Id: 81934d82-d6f2-4617-9ed8-21eec8cd7942, Nodes: 5c2a4d31-413f-4764-8dbe-c1e86ae31b73{ip: 172.17.0.2, host: 6d5f4f143f60, networkLocation: /default-rack, certSerialId: null}, Type:RATIS, Factor:ONE, State:ALLOCATED, leaderId:, CreationTimestamp2020-06-23T15:25:01.363Z]
2020-06-23 15:25:01,364 [EventQueue-NodeRegistrationContainerReportForDataNodeSafeModeRule] INFO  safemode.SCMSafeModeManager (SCMSafeModeManager.java:validateSafeModeExitRules(214)) - DataNodeSafeModeRule rule is successfully validated
2020-06-23 15:25:01,364 [EventQueue-NodeRegistrationContainerReportForContainerSafeModeRule] INFO  safemode.SCMSafeModeManager (SCMSafeModeManager.java:validateSafeModeExitRules(214)) - ContainerSafeModeRule rule is successfully validated
2020-06-23 15:25:01,364 [RatisPipelineUtilsThread] ERROR pipeline.SCMPipelineManager (SCMPipelineManager.java:createPipeline(222)) - Failed to create pipeline of type RATIS and factor ONE. Exception: Cannot create pipeline of factor 1 using 0 nodes. Used 3 nodes. Healthy nodes 3
2020-06-23 15:25:01,371 [RatisPipelineUtilsThread] INFO  pipeline.RatisPipelineProvider (RatisPipelineProvider.java:lambda$create$0(138)) - Sending CreatePipelineCommand for pipeline:PipelineID=0117db2b-a688-42c3-b545-44ad2a87e894 to datanode:d9b0780d-6721-4a7d-908d-3c9b816d7a79
2020-06-23 15:25:01,371 [RatisPipelineUtilsThread] INFO  pipeline.RatisPipelineProvider (RatisPipelineProvider.java:lambda$create$0(138)) - Sending CreatePipelineCommand for pipeline:PipelineID=0117db2b-a688-42c3-b545-44ad2a87e894 to datanode:5c2a4d31-413f-4764-8dbe-c1e86ae31b73
2020-06-23 15:25:01,372 [RatisPipelineUtilsThread] INFO  pipeline.RatisPipelineProvider (RatisPipelineProvider.java:lambda$create$0(138)) - Sending CreatePipelineCommand for pipeline:PipelineID=0117db2b-a688-42c3-b545-44ad2a87e894 to datanode:fc0c238b-ed8a-4ee8-9379-2b9d99135e6b
2020-06-23 15:25:01,373 [RatisPipelineUtilsThread] INFO  pipeline.PipelineStateManager (PipelineStateManager.java:addPipeline(54)) - Created pipeline Pipeline[ Id: 0117db2b-a688-42c3-b545-44ad2a87e894, Nodes: d9b0780d-6721-4a7d-908d-3c9b816d7a79{ip: 172.17.0.2, host: 6d5f4f143f60, networkLocation: /default-rack, certSerialId: null}5c2a4d31-413f-4764-8dbe-c1e86ae31b73{ip: 172.17.0.2, host: 6d5f4f143f60, networkLocation: /default-rack, certSerialId: null}fc0c238b-ed8a-4ee8-9379-2b9d99135e6b{ip: 172.17.0.2, host: 6d5f4f143f60, networkLocation: /default-rack, certSerialId: null}, Type:RATIS, Factor:THREE, State:ALLOCATED, leaderId:, CreationTimestamp2020-06-23T15:25:01.371Z]
2020-06-23 15:25:01,373 [RatisPipelineUtilsThread] ERROR pipeline.SCMPipelineManager (SCMPipelineManager.java:createPipeline(222)) - Failed to create pipeline of type RATIS and factor THREE. Exception: Pipeline creation failed because nodes are engaged in other pipelines and every node can only be engaged in max 2 pipelines. Required 3. Found 0
2020-06-23 15:25:02,352 [Listener at 127.0.0.1/45503] INFO  ozone.MiniOzoneClusterImpl (MiniOzoneClusterImpl.java:lambda$waitForClusterToBeReady$0(177)) - Nodes are ready. Got 3 of 3 DN Heartbeats.
2020-06-23 15:25:02,353 [Listener at 127.0.0.1/45503] INFO  ozone.MiniOzoneClusterImpl (MiniOzoneClusterImpl.java:lambda$waitForClusterToBeReady$0(180)) - Waiting for cluster to exit safe mode
2020-06-23 15:25:03,353 [Listener at 127.0.0.1/45503] INFO  ozone.MiniOzoneClusterImpl (MiniOzoneClusterImpl.java:lambda$waitForClusterToBeReady$0(177)) - Nodes are ready. Got 3 of 3 DN Heartbeats.
2020-06-23 15:25:03,354 [Listener at 127.0.0.1/45503] INFO  ozone.MiniOzoneClusterImpl (MiniOzoneClusterImpl.java:lambda$waitForClusterToBeReady$0(180)) - Waiting for cluster to exit safe mode
2020-06-23 15:25:04,126 [Command processor thread] INFO  impl.RaftServerProxy (RaftServerProxy.java:addNew(89)) - d9b0780d-6721-4a7d-908d-3c9b816d7a79: addNew group-FE3E287A5BBF:[d9b0780d-6721-4a7d-908d-3c9b816d7a79:172.17.0.2:39717] returns group-FE3E287A5BBF:java.util.concurrent.CompletableFuture@3faf81d0[Not completed]
2020-06-23 15:25:04,146 [pool-35-thread-1] INFO  impl.RaftServerImpl (RaftServerImpl.java:<init>(99)) - d9b0780d-6721-4a7d-908d-3c9b816d7a79: new RaftServerImpl for group-FE3E287A5BBF:[d9b0780d-6721-4a7d-908d-3c9b816d7a79:172.17.0.2:39717] with ContainerStateMachine:uninitialized
2020-06-23 15:25:04,147 [pool-35-thread-1] INFO  server.RaftServerConfigKeys (ConfUtils.java:logGet(44)) - raft.server.rpc.timeout.min = 5s (custom)
2020-06-23 15:25:04,148 [pool-35-thread-1] INFO  server.RaftServerConfigKeys (ConfUtils.java:logGet(44)) - raft.server.rpc.timeout.max = 5200ms (custom)
2020-06-23 15:25:04,148 [pool-35-thread-1] INFO  server.RaftServerConfigKeys (ConfUtils.java:logGet(44)) - raft.server.rpcslowness.timeout = 1000s (custom)
2020-06-23 15:25:04,149 [pool-35-thread-1] INFO  server.RaftServerConfigKeys (ConfUtils.java:logGet(44)) - raft.server.sleep.deviation.threshold = 300 (default)
2020-06-23 15:25:04,149 [pool-35-thread-1] INFO  server.RaftServerConfigKeys (ConfUtils.java:logGet(44)) - raft.server.log.appender.install.snapshot.enabled = false (custom)
2020-06-23 15:25:04,155 [pool-35-thread-1] INFO  impl.RaftServerImpl (ServerState.java:<init>(103)) - d9b0780d-6721-4a7d-908d-3c9b816d7a79@group-FE3E287A5BBF: ConfigurationManager, init=-1: [d9b0780d-6721-4a7d-908d-3c9b816d7a79:172.17.0.2:39717], old=null, confs=<EMPTY_MAP>
2020-06-23 15:25:04,155 [pool-35-thread-1] INFO  server.RaftServerConfigKeys (ConfUtils.java:logGet(44)) - raft.server.storage.dir = [/github/workspace/mnt/ozone/hadoop-ozone/integration-test/target/test-dir/MiniOzoneClusterImpl-4fcc031e-6e0f-4975-a7ce-24d4c61de348/datanode-0/data/ratis] (custom)
2020-06-23 15:25:04,160 [pool-35-thread-1] INFO  server.RaftServerConfigKeys (ConfUtils.java:logGet(44)) - raft.server.log.corruption.policy = EXCEPTION (default)
2020-06-23 15:25:04,161 [pool-35-thread-1] INFO  storage.RaftStorageDirectory (RaftStorageDirectory.java:analyzeStorage(261)) - The storage directory /github/workspace/mnt/ozone/hadoop-ozone/integration-test/target/test-dir/MiniOzoneClusterImpl-4fcc031e-6e0f-4975-a7ce-24d4c61de348/datanode-0/data/ratis/eae08db9-3ae1-479b-b186-fe3e287a5bbf does not exist. Creating ...
2020-06-23 15:25:04,166 [pool-35-thread-1] INFO  storage.RaftStorageDirectory (RaftStorageDirectory.java:tryLock(343)) - Lock on /github/workspace/mnt/ozone/hadoop-ozone/integration-test/target/test-dir/MiniOzoneClusterImpl-4fcc031e-6e0f-4975-a7ce-24d4c61de348/datanode-0/data/ratis/eae08db9-3ae1-479b-b186-fe3e287a5bbf/in_use.lock acquired by nodename 34374@6d5f4f143f60
2020-06-23 15:25:04,169 [pool-35-thread-1] INFO  storage.RaftStorage (RaftStorage.java:format(84)) - Storage directory /github/workspace/mnt/ozone/hadoop-ozone/integration-test/target/test-dir/MiniOzoneClusterImpl-4fcc031e-6e0f-4975-a7ce-24d4c61de348/datanode-0/data/ratis/eae08db9-3ae1-479b-b186-fe3e287a5bbf has been successfully formatted.
2020-06-23 15:25:04,172 [pool-35-thread-1] INFO  ratis.ContainerStateMachine (ContainerStateMachine.java:loadSnapshot(226)) - group-FE3E287A5BBF: The snapshot info is null. Setting the last applied indexto:(t:0, i:~)
2020-06-23 15:25:04,173 [pool-35-thread-1] INFO  server.RaftServerConfigKeys (ConfUtils.java:logGet(44)) - raft.server.notification.no-leader.timeout = 60s (default)
2020-06-23 15:25:04,175 [EventQueue-PipelineReportForPipelineReportHandler] INFO  pipeline.PipelineStateManager (PipelineStateManager.java:openPipeline(131)) - Pipeline Pipeline[ Id: eae08db9-3ae1-479b-b186-fe3e287a5bbf, Nodes: d9b0780d-6721-4a7d-908d-3c9b816d7a79{ip: 172.17.0.2, host: 6d5f4f143f60, networkLocation: /default-rack, certSerialId: null}, Type:RATIS, Factor:ONE, State:ALLOCATED, leaderId:d9b0780d-6721-4a7d-908d-3c9b816d7a79, CreationTimestamp2020-06-23T15:25:01.152Z] moved to OPEN state
2020-06-23 15:25:04,177 [EventQueue-OpenPipelineForOneReplicaPipelineSafeModeRule] INFO  safemode.SCMSafeModeManager (SCMSafeModeManager.java:validateSafeModeExitRules(214)) - AtleastOneDatanodeReportedRule rule is successfully validated
2020-06-23 15:25:04,179 [pool-35-thread-1] INFO  server.RaftServerConfigKeys (ConfUtils.java:logGet(44)) - raft.server.log.use.memory = false (default)
2020-06-23 15:25:04,182 [EventQueue-OpenPipelineForHealthyPipelineSafeModeRule] INFO  safemode.SCMSafeModeManager (HealthyPipelineSafeModeRule.java:process(132)) - SCM in safe mode. Healthy pipelines reported count is 0, required healthy pipeline reported count is 1
2020-06-23 15:25:04,184 [pool-35-thread-1] INFO  server.RaftServerConfigKeys (ConfUtils.java:logGet(44)) - raft.server.log.purge.gap = 1000000 (custom)
2020-06-23 15:25:04,184 [pool-35-thread-1] INFO  server.RaftServerConfigKeys (ConfUtils.java:logGet(44)) - raft.server.log.appender.buffer.byte-limit = 33554432 (custom)
2020-06-23 15:25:04,186 [pool-35-thread-1] INFO  server.RaftServerConfigKeys (ConfUtils.java:logGet(44)) - raft.server.log.segment.size.max = 1048576 (custom)
2020-06-23 15:25:04,189 [pool-35-thread-1] INFO  metrics.RatisMetrics (RatisMetrics.java:lambda$create$0(36)) - Creating Metrics Registry : ratis.log_worker.d9b0780d-6721-4a7d-908d-3c9b816d7a79@group-FE3E287A5BBF
2020-06-23 15:25:04,199 [pool-35-thread-1] INFO  server.RaftServerConfigKeys (ConfUtils.java:logGet(44)) - raft.server.log.segment.cache.num.max = 2 (custom)
2020-06-23 15:25:04,204 [pool-35-thread-1] INFO  segmented.SegmentedRaftLogWorker (SegmentedRaftLogWorker.java:<init>(180)) - new d9b0780d-6721-4a7d-908d-3c9b816d7a79@group-FE3E287A5BBF-SegmentedRaftLogWorker for RaftStorage:Storage Directory /github/workspace/mnt/ozone/hadoop-ozone/integration-test/target/test-dir/MiniOzoneClusterImpl-4fcc031e-6e0f-4975-a7ce-24d4c61de348/datanode-0/data/ratis/eae08db9-3ae1-479b-b186-fe3e287a5bbf
2020-06-23 15:25:04,204 [pool-35-thread-1] INFO  server.RaftServerConfigKeys (ConfUtils.java:logGet(44)) - raft.server.log.queue.byte-limit = 2147483647 (custom)
2020-06-23 15:25:04,205 [pool-35-thread-1] INFO  server.RaftServerConfigKeys (ConfUtils.java:logGet(44)) - raft.server.log.queue.element-limit = 1024 (custom)
2020-06-23 15:25:04,206 [pool-35-thread-1] INFO  server.RaftServerConfigKeys (ConfUtils.java:logGet(44)) - raft.server.log.segment.size.max = 1048576 (custom)
2020-06-23 15:25:04,206 [pool-35-thread-1] INFO  server.RaftServerConfigKeys (ConfUtils.java:logGet(44)) - raft.server.log.preallocated.size = 16384 (custom)
2020-06-23 15:25:04,207 [pool-35-thread-1] INFO  server.RaftServerConfigKeys (ConfUtils.java:logGet(44)) - raft.server.log.write.buffer.size = 1048576 (custom)
2020-06-23 15:25:04,207 [pool-35-thread-1] INFO  server.RaftServerConfigKeys (ConfUtils.java:logGet(44)) - raft.server.log.force.sync.num = 128 (default)
2020-06-23 15:25:04,209 [pool-35-thread-1] INFO  server.RaftServerConfigKeys (ConfUtils.java:logGet(44)) - raft.server.log.statemachine.data.sync = true (default)
2020-06-23 15:25:04,209 [pool-35-thread-1] INFO  server.RaftServerConfigKeys (ConfUtils.java:logGet(44)) - raft.server.log.statemachine.data.sync.timeout = 10s (default)
2020-06-23 15:25:04,209 [pool-35-thread-1] INFO  server.RaftServerConfigKeys (ConfUtils.java:logGet(44)) - raft.server.log.statemachine.data.sync.timeout.retry = -1 (default)
2020-06-23 15:25:04,221 [pool-35-thread-1] INFO  server.RaftServerConfigKeys (ConfUtils.java:logGet(44)) - raft.server.log.statemachine.data.caching.enabled = true (custom)
2020-06-23 15:25:04,231 [pool-35-thread-1] INFO  segmented.SegmentedRaftLogWorker (SegmentedRaftLogWorker.java:lambda$new$0(129)) - d9b0780d-6721-4a7d-908d-3c9b816d7a79@group-FE3E287A5BBF-SegmentedRaftLogWorker: flushIndex: setUnconditionally 0 -> -1
2020-06-23 15:25:04,231 [pool-35-thread-1] INFO  segmented.SegmentedRaftLogWorker (SegmentedRaftLogWorker.java:lambda$new$0(129)) - d9b0780d-6721-4a7d-908d-3c9b816d7a79@group-FE3E287A5BBF-SegmentedRaftLogWorker: safeCacheEvictIndex: setUnconditionally 0 -> -1
2020-06-23 15:25:04,235 [pool-35-thread-1] INFO  server.RaftServerConfigKeys (ConfUtils.java:logGet(44)) - raft.server.snapshot.auto.trigger.enabled = true (custom)
2020-06-23 15:25:04,236 [pool-35-thread-1] INFO  server.RaftServerConfigKeys (ConfUtils.java:logGet(44)) - raft.server.snapshot.auto.trigger.threshold = 10000 (custom)
2020-06-23 15:25:04,236 [pool-35-thread-1] INFO  server.RaftServerConfigKeys (ConfUtils.java:logGet(44)) - raft.server.snapshot.retention.file.num = 5 (custom)
2020-06-23 15:25:04,237 [pool-35-thread-1] INFO  server.RaftServerConfigKeys (ConfUtils.java:logGet(44)) - raft.server.log.purge.upto.snapshot.index = false (default)
2020-06-23 15:25:04,237 [pool-35-thread-1] INFO  server.RaftServerConfigKeys (ConfUtils.java:logGet(44)) - raft.server.retrycache.expirytime = 600000ms (custom)
2020-06-23 15:25:04,258 [pool-35-thread-1] INFO  metrics.RatisMetrics (RatisMetrics.java:lambda$create$0(36)) - Creating Metrics Registry : ratis.leader_election.d9b0780d-6721-4a7d-908d-3c9b816d7a79@group-FE3E287A5BBF
2020-06-23 15:25:04,261 [pool-35-thread-1] INFO  metrics.RatisMetrics (RatisMetrics.java:lambda$create$0(36)) - Creating Metrics Registry : ratis.server.d9b0780d-6721-4a7d-908d-3c9b816d7a79@group-FE3E287A5BBF
2020-06-23 15:25:04,271 [pool-35-thread-1] INFO  impl.RaftServerImpl (RaftServerImpl.java:start(186)) - d9b0780d-6721-4a7d-908d-3c9b816d7a79@group-FE3E287A5BBF: start as a follower, conf=-1: [d9b0780d-6721-4a7d-908d-3c9b816d7a79:172.17.0.2:39717], old=null
2020-06-23 15:25:04,274 [pool-35-thread-1] INFO  impl.RaftServerImpl (RaftServerImpl.java:setRole(175)) - d9b0780d-6721-4a7d-908d-3c9b816d7a79@group-FE3E287A5BBF: changes role from      null to FOLLOWER at term 0 for startAsFollower
2020-06-23 15:25:04,277 [Command processor thread] INFO  impl.RaftServerProxy (RaftServerProxy.java:addNew(89)) - fc0c238b-ed8a-4ee8-9379-2b9d99135e6b: addNew group-E85C5122538E:[fc0c238b-ed8a-4ee8-9379-2b9d99135e6b:172.17.0.2:33877] returns group-E85C5122538E:java.util.concurrent.CompletableFuture@323b4ec2[Not completed]
2020-06-23 15:25:04,282 [pool-35-thread-1] INFO  impl.RoleInfo (RoleInfo.java:updateAndGet(143)) - d9b0780d-6721-4a7d-908d-3c9b816d7a79: start FollowerState
2020-06-23 15:25:04,288 [pool-35-thread-1] INFO  util.JmxRegister (JmxRegister.java:tryRegister(44)) - Successfully registered JMX Bean with object name Ratis:service=RaftServer,group=group-FE3E287A5BBF,id=d9b0780d-6721-4a7d-908d-3c9b816d7a79
2020-06-23 15:25:04,290 [pool-35-thread-1] INFO  metrics.RatisMetrics (RatisMetrics.java:lambda$create$0(36)) - Creating Metrics Registry : ratis.state_machine.d9b0780d-6721-4a7d-908d-3c9b816d7a79@group-FE3E287A5BBF
2020-06-23 15:25:04,287 [pool-51-thread-1] INFO  impl.RaftServerImpl (RaftServerImpl.java:<init>(99)) - fc0c238b-ed8a-4ee8-9379-2b9d99135e6b: new RaftServerImpl for group-E85C5122538E:[fc0c238b-ed8a-4ee8-9379-2b9d99135e6b:172.17.0.2:33877] with ContainerStateMachine:uninitialized
2020-06-23 15:25:04,291 [pool-51-thread-1] INFO  server.RaftServerConfigKeys (ConfUtils.java:logGet(44)) - raft.server.rpc.timeout.min = 5s (custom)
2020-06-23 15:25:04,292 [pool-51-thread-1] INFO  server.RaftServerConfigKeys (ConfUtils.java:logGet(44)) - raft.server.rpc.timeout.max = 5200ms (custom)
2020-06-23 15:25:04,292 [pool-51-thread-1] INFO  server.RaftServerConfigKeys (ConfUtils.java:logGet(44)) - raft.server.rpcslowness.timeout = 1000s (custom)
2020-06-23 15:25:04,292 [pool-51-thread-1] INFO  server.RaftServerConfigKeys (ConfUtils.java:logGet(44)) - raft.server.sleep.deviation.threshold = 300 (default)
2020-06-23 15:25:04,292 [pool-51-thread-1] INFO  server.RaftServerConfigKeys (ConfUtils.java:logGet(44)) - raft.server.log.appender.install.snapshot.enabled = false (custom)
2020-06-23 15:25:04,292 [pool-51-thread-1] INFO  impl.RaftServerImpl (ServerState.java:<init>(103)) - fc0c238b-ed8a-4ee8-9379-2b9d99135e6b@group-E85C5122538E: ConfigurationManager, init=-1: [fc0c238b-ed8a-4ee8-9379-2b9d99135e6b:172.17.0.2:33877], old=null, confs=<EMPTY_MAP>
2020-06-23 15:25:04,292 [pool-51-thread-1] INFO  server.RaftServerConfigKeys (ConfUtils.java:logGet(44)) - raft.server.storage.dir = [/github/workspace/mnt/ozone/hadoop-ozone/integration-test/target/test-dir/MiniOzoneClusterImpl-4fcc031e-6e0f-4975-a7ce-24d4c61de348/datanode-1/data/ratis] (custom)
2020-06-23 15:25:04,292 [pool-51-thread-1] INFO  server.RaftServerConfigKeys (ConfUtils.java:logGet(44)) - raft.server.log.corruption.policy = EXCEPTION (default)
2020-06-23 15:25:04,292 [pool-51-thread-1] INFO  storage.RaftStorageDirectory (RaftStorageDirectory.java:analyzeStorage(261)) - The storage directory /github/workspace/mnt/ozone/hadoop-ozone/integration-test/target/test-dir/MiniOzoneClusterImpl-4fcc031e-6e0f-4975-a7ce-24d4c61de348/datanode-1/data/ratis/5f6c510e-26d7-491e-a613-e85c5122538e does not exist. Creating ...
2020-06-23 15:25:04,298 [pool-51-thread-1] INFO  storage.RaftStorageDirectory (RaftStorageDirectory.java:tryLock(343)) - Lock on /github/workspace/mnt/ozone/hadoop-ozone/integration-test/target/test-dir/MiniOzoneClusterImpl-4fcc031e-6e0f-4975-a7ce-24d4c61de348/datanode-1/data/ratis/5f6c510e-26d7-491e-a613-e85c5122538e/in_use.lock acquired by nodename 34374@6d5f4f143f60
2020-06-23 15:25:04,300 [pool-51-thread-1] INFO  storage.RaftStorage (RaftStorage.java:format(84)) - Storage directory /github/workspace/mnt/ozone/hadoop-ozone/integration-test/target/test-dir/MiniOzoneClusterImpl-4fcc031e-6e0f-4975-a7ce-24d4c61de348/datanode-1/data/ratis/5f6c510e-26d7-491e-a613-e85c5122538e has been successfully formatted.
2020-06-23 15:25:04,301 [pool-51-thread-1] INFO  ratis.ContainerStateMachine (ContainerStateMachine.java:loadSnapshot(226)) - group-E85C5122538E: The snapshot info is null. Setting the last applied indexto:(t:0, i:~)
2020-06-23 15:25:04,301 [pool-51-thread-1] INFO  server.RaftServerConfigKeys (ConfUtils.java:logGet(44)) - raft.server.notification.no-leader.timeout = 60s (default)
2020-06-23 15:25:04,301 [pool-51-thread-1] INFO  server.RaftServerConfigKeys (ConfUtils.java:logGet(44)) - raft.server.log.use.memory = false (default)
2020-06-23 15:25:04,301 [pool-51-thread-1] INFO  server.RaftServerConfigKeys (ConfUtils.java:logGet(44)) - raft.server.log.purge.gap = 1000000 (custom)
2020-06-23 15:25:04,301 [pool-51-thread-1] INFO  server.RaftServerConfigKeys (ConfUtils.java:logGet(44)) - raft.server.log.appender.buffer.byte-limit = 33554432 (custom)
2020-06-23 15:25:04,301 [pool-51-thread-1] INFO  server.RaftServerConfigKeys (ConfUtils.java:logGet(44)) - raft.server.log.segment.size.max = 1048576 (custom)
2020-06-23 15:25:04,301 [pool-51-thread-1] INFO  metrics.RatisMetrics (RatisMetrics.java:lambda$create$0(36)) - Creating Metrics Registry : ratis.log_worker.fc0c238b-ed8a-4ee8-9379-2b9d99135e6b@group-E85C5122538E
2020-06-23 15:25:04,302 [pool-51-thread-1] INFO  server.RaftServerConfigKeys (ConfUtils.java:logGet(44)) - raft.server.log.segment.cache.num.max = 2 (custom)
2020-06-23 15:25:04,302 [pool-51-thread-1] INFO  segmented.SegmentedRaftLogWorker (SegmentedRaftLogWorker.java:<init>(180)) - new fc0c238b-ed8a-4ee8-9379-2b9d99135e6b@group-E85C5122538E-SegmentedRaftLogWorker for RaftStorage:Storage Directory /github/workspace/mnt/ozone/hadoop-ozone/integration-test/target/test-dir/MiniOzoneClusterImpl-4fcc031e-6e0f-4975-a7ce-24d4c61de348/datanode-1/data/ratis/5f6c510e-26d7-491e-a613-e85c5122538e
2020-06-23 15:25:04,303 [EventQueue-PipelineReportForPipelineReportHandler] INFO  pipeline.PipelineStateManager (PipelineStateManager.java:openPipeline(131)) - Pipeline Pipeline[ Id: 5f6c510e-26d7-491e-a613-e85c5122538e, Nodes: fc0c238b-ed8a-4ee8-9379-2b9d99135e6b{ip: 172.17.0.2, host: 6d5f4f143f60, networkLocation: /default-rack, certSerialId: null}, Type:RATIS, Factor:ONE, State:ALLOCATED, leaderId:fc0c238b-ed8a-4ee8-9379-2b9d99135e6b, CreationTimestamp2020-06-23T15:25:01.276Z] moved to OPEN state
2020-06-23 15:25:04,304 [EventQueue-OpenPipelineForHealthyPipelineSafeModeRule] INFO  safemode.SCMSafeModeManager (HealthyPipelineSafeModeRule.java:process(132)) - SCM in safe mode. Healthy pipelines reported count is 0, required healthy pipeline reported count is 1
2020-06-23 15:25:04,304 [pool-51-thread-1] INFO  server.RaftServerConfigKeys (ConfUtils.java:logGet(44)) - raft.server.log.queue.byte-limit = 2147483647 (custom)
2020-06-23 15:25:04,305 [pool-51-thread-1] INFO  server.RaftServerConfigKeys (ConfUtils.java:logGet(44)) - raft.server.log.queue.element-limit = 1024 (custom)
2020-06-23 15:25:04,305 [pool-51-thread-1] INFO  server.RaftServerConfigKeys (ConfUtils.java:logGet(44)) - raft.server.log.segment.size.max = 1048576 (custom)
2020-06-23 15:25:04,305 [pool-51-thread-1] INFO  server.RaftServerConfigKeys (ConfUtils.java:logGet(44)) - raft.server.log.preallocated.size = 16384 (custom)
2020-06-23 15:25:04,305 [pool-51-thread-1] INFO  server.RaftServerConfigKeys (ConfUtils.java:logGet(44)) - raft.server.log.write.buffer.size = 1048576 (custom)
2020-06-23 15:25:04,305 [pool-51-thread-1] INFO  server.RaftServerConfigKeys (ConfUtils.java:logGet(44)) - raft.server.log.force.sync.num = 128 (default)
2020-06-23 15:25:04,305 [pool-51-thread-1] INFO  server.RaftServerConfigKeys (ConfUtils.java:logGet(44)) - raft.server.log.statemachine.data.sync = true (default)
2020-06-23 15:25:04,305 [pool-51-thread-1] INFO  server.RaftServerConfigKeys (ConfUtils.java:logGet(44)) - raft.server.log.statemachine.data.sync.timeout = 10s (default)
2020-06-23 15:25:04,305 [pool-51-thread-1] INFO  server.RaftServerConfigKeys (ConfUtils.java:logGet(44)) - raft.server.log.statemachine.data.sync.timeout.retry = -1 (default)
2020-06-23 15:25:04,306 [pool-51-thread-1] INFO  server.RaftServerConfigKeys (ConfUtils.java:logGet(44)) - raft.server.log.statemachine.data.caching.enabled = true (custom)
2020-06-23 15:25:04,307 [pool-51-thread-1] INFO  segmented.SegmentedRaftLogWorker (SegmentedRaftLogWorker.java:lambda$new$0(129)) - fc0c238b-ed8a-4ee8-9379-2b9d99135e6b@group-E85C5122538E-SegmentedRaftLogWorker: flushIndex: setUnconditionally 0 -> -1
2020-06-23 15:25:04,307 [pool-51-thread-1] INFO  segmented.SegmentedRaftLogWorker (SegmentedRaftLogWorker.java:lambda$new$0(129)) - fc0c238b-ed8a-4ee8-9379-2b9d99135e6b@group-E85C5122538E-SegmentedRaftLogWorker: safeCacheEvictIndex: setUnconditionally 0 -> -1
2020-06-23 15:25:04,304 [EventQueue-OpenPipelineForOneReplicaPipelineSafeModeRule] INFO  safemode.SCMSafeModeManager (SCMSafeModeManager.java:validateSafeModeExitRules(214)) - AtleastOneDatanodeReportedRule rule is successfully validated
2020-06-23 15:25:04,309 [pool-51-thread-1] INFO  server.RaftServerConfigKeys (ConfUtils.java:logGet(44)) - raft.server.snapshot.auto.trigger.enabled = true (custom)
2020-06-23 15:25:04,309 [pool-51-thread-1] INFO  server.RaftServerConfigKeys (ConfUtils.java:logGet(44)) - raft.server.snapshot.auto.trigger.threshold = 10000 (custom)
2020-06-23 15:25:04,309 [pool-51-thread-1] INFO  server.RaftServerConfigKeys (ConfUtils.java:logGet(44)) - raft.server.snapshot.retention.file.num = 5 (custom)
2020-06-23 15:25:04,309 [pool-51-thread-1] INFO  server.RaftServerConfigKeys (ConfUtils.java:logGet(44)) - raft.server.log.purge.upto.snapshot.index = false (default)
2020-06-23 15:25:04,309 [pool-51-thread-1] INFO  server.RaftServerConfigKeys (ConfUtils.java:logGet(44)) - raft.server.retrycache.expirytime = 600000ms (custom)
2020-06-23 15:25:04,310 [pool-51-thread-1] INFO  metrics.RatisMetrics (RatisMetrics.java:lambda$create$0(36)) - Creating Metrics Registry : ratis.leader_election.fc0c238b-ed8a-4ee8-9379-2b9d99135e6b@group-E85C5122538E
2020-06-23 15:25:04,310 [pool-51-thread-1] INFO  metrics.RatisMetrics (RatisMetrics.java:lambda$create$0(36)) - Creating Metrics Registry : ratis.server.fc0c238b-ed8a-4ee8-9379-2b9d99135e6b@group-E85C5122538E
2020-06-23 15:25:04,311 [pool-51-thread-1] INFO  impl.RaftServerImpl (RaftServerImpl.java:start(186)) - fc0c238b-ed8a-4ee8-9379-2b9d99135e6b@group-E85C5122538E: start as a follower, conf=-1: [fc0c238b-ed8a-4ee8-9379-2b9d99135e6b:172.17.0.2:33877], old=null
2020-06-23 15:25:04,311 [pool-51-thread-1] INFO  impl.RaftServerImpl (RaftServerImpl.java:setRole(175)) - fc0c238b-ed8a-4ee8-9379-2b9d99135e6b@group-E85C5122538E: changes role from      null to FOLLOWER at term 0 for startAsFollower
2020-06-23 15:25:04,311 [pool-51-thread-1] INFO  impl.RoleInfo (RoleInfo.java:updateAndGet(143)) - fc0c238b-ed8a-4ee8-9379-2b9d99135e6b: start FollowerState
2020-06-23 15:25:04,312 [pool-51-thread-1] INFO  util.JmxRegister (JmxRegister.java:tryRegister(44)) - Successfully registered JMX Bean with object name Ratis:service=RaftServer,group=group-E85C5122538E,id=fc0c238b-ed8a-4ee8-9379-2b9d99135e6b
2020-06-23 15:25:04,318 [pool-51-thread-1] INFO  metrics.RatisMetrics (RatisMetrics.java:lambda$create$0(36)) - Creating Metrics Registry : ratis.state_machine.fc0c238b-ed8a-4ee8-9379-2b9d99135e6b@group-E85C5122538E
2020-06-23 15:25:04,330 [Command processor thread] INFO  commandhandler.CreatePipelineCommandHandler (CreatePipelineCommandHandler.java:handle(109)) - Created Pipeline RATIS ONE #id: "eae08db9-3ae1-479b-b186-fe3e287a5bbf"
.
2020-06-23 15:25:04,331 [Command processor thread] INFO  impl.RaftServerProxy (RaftServerProxy.java:addNew(89)) - d9b0780d-6721-4a7d-908d-3c9b816d7a79: addNew group-44AD2A87E894:[d9b0780d-6721-4a7d-908d-3c9b816d7a79:172.17.0.2:39717, fc0c238b-ed8a-4ee8-9379-2b9d99135e6b:172.17.0.2:33877, 5c2a4d31-413f-4764-8dbe-c1e86ae31b73:172.17.0.2:35121] returns group-44AD2A87E894:java.util.concurrent.CompletableFuture@3cc293[Not completed]
2020-06-23 15:25:04,331 [Command processor thread] INFO  commandhandler.CreatePipelineCommandHandler (CreatePipelineCommandHandler.java:handle(109)) - Created Pipeline RATIS ONE #id: "5f6c510e-26d7-491e-a613-e85c5122538e"
.
2020-06-23 15:25:04,333 [Command processor thread] INFO  impl.RaftServerProxy (RaftServerProxy.java:addNew(89)) - fc0c238b-ed8a-4ee8-9379-2b9d99135e6b: addNew group-44AD2A87E894:[d9b0780d-6721-4a7d-908d-3c9b816d7a79:172.17.0.2:39717, fc0c238b-ed8a-4ee8-9379-2b9d99135e6b:172.17.0.2:33877, 5c2a4d31-413f-4764-8dbe-c1e86ae31b73:172.17.0.2:35121] returns group-44AD2A87E894:java.util.concurrent.CompletableFuture@730644f9[Not completed]
2020-06-23 15:25:04,338 [pool-35-thread-1] INFO  impl.RaftServerImpl (RaftServerImpl.java:<init>(99)) - d9b0780d-6721-4a7d-908d-3c9b816d7a79: new RaftServerImpl for group-44AD2A87E894:[d9b0780d-6721-4a7d-908d-3c9b816d7a79:172.17.0.2:39717, fc0c238b-ed8a-4ee8-9379-2b9d99135e6b:172.17.0.2:33877, 5c2a4d31-413f-4764-8dbe-c1e86ae31b73:172.17.0.2:35121] with ContainerStateMachine:uninitialized
2020-06-23 15:25:04,338 [pool-35-thread-1] INFO  server.RaftServerConfigKeys (ConfUtils.java:logGet(44)) - raft.server.rpc.timeout.min = 5s (custom)
2020-06-23 15:25:04,338 [pool-35-thread-1] INFO  server.RaftServerConfigKeys (ConfUtils.java:logGet(44)) - raft.server.rpc.timeout.max = 5200ms (custom)
2020-06-23 15:25:04,338 [pool-35-thread-1] INFO  server.RaftServerConfigKeys (ConfUtils.java:logGet(44)) - raft.server.rpcslowness.timeout = 1000s (custom)
2020-06-23 15:25:04,338 [pool-35-thread-1] INFO  server.RaftServerConfigKeys (ConfUtils.java:logGet(44)) - raft.server.sleep.deviation.threshold = 300 (default)
2020-06-23 15:25:04,338 [pool-35-thread-1] INFO  server.RaftServerConfigKeys (ConfUtils.java:logGet(44)) - raft.server.log.appender.install.snapshot.enabled = false (custom)
2020-06-23 15:25:04,338 [pool-35-thread-1] INFO  impl.RaftServerImpl (ServerState.java:<init>(103)) - d9b0780d-6721-4a7d-908d-3c9b816d7a79@group-44AD2A87E894: ConfigurationManager, init=-1: [d9b0780d-6721-4a7d-908d-3c9b816d7a79:172.17.0.2:39717, fc0c238b-ed8a-4ee8-9379-2b9d99135e6b:172.17.0.2:33877, 5c2a4d31-413f-4764-8dbe-c1e86ae31b73:172.17.0.2:35121], old=null, confs=<EMPTY_MAP>
2020-06-23 15:25:04,338 [pool-35-thread-1] INFO  server.RaftServerConfigKeys (ConfUtils.java:logGet(44)) - raft.server.storage.dir = [/github/workspace/mnt/ozone/hadoop-ozone/integration-test/target/test-dir/MiniOzoneClusterImpl-4fcc031e-6e0f-4975-a7ce-24d4c61de348/datanode-0/data/ratis] (custom)
2020-06-23 15:25:04,339 [pool-35-thread-1] INFO  server.RaftServerConfigKeys (ConfUtils.java:logGet(44)) - raft.server.log.corruption.policy = EXCEPTION (default)
2020-06-23 15:25:04,339 [pool-35-thread-1] INFO  storage.RaftStorageDirectory (RaftStorageDirectory.java:analyzeStorage(261)) - The storage directory /github/workspace/mnt/ozone/hadoop-ozone/integration-test/target/test-dir/MiniOzoneClusterImpl-4fcc031e-6e0f-4975-a7ce-24d4c61de348/datanode-0/data/ratis/0117db2b-a688-42c3-b545-44ad2a87e894 does not exist. Creating ...
2020-06-23 15:25:04,339 [pool-51-thread-1] INFO  impl.RaftServerImpl (RaftServerImpl.java:<init>(99)) - fc0c238b-ed8a-4ee8-9379-2b9d99135e6b: new RaftServerImpl for group-44AD2A87E894:[d9b0780d-6721-4a7d-908d-3c9b816d7a79:172.17.0.2:39717, fc0c238b-ed8a-4ee8-9379-2b9d99135e6b:172.17.0.2:33877, 5c2a4d31-413f-4764-8dbe-c1e86ae31b73:172.17.0.2:35121] with ContainerStateMachine:uninitialized
2020-06-23 15:25:04,339 [pool-51-thread-1] INFO  server.RaftServerConfigKeys (ConfUtils.java:logGet(44)) - raft.server.rpc.timeout.min = 5s (custom)
2020-06-23 15:25:04,339 [pool-51-thread-1] INFO  server.RaftServerConfigKeys (ConfUtils.java:logGet(44)) - raft.server.rpc.timeout.max = 5200ms (custom)
2020-06-23 15:25:04,340 [pool-51-thread-1] INFO  server.RaftServerConfigKeys (ConfUtils.java:logGet(44)) - raft.server.rpcslowness.timeout = 1000s (custom)
2020-06-23 15:25:04,340 [pool-51-thread-1] INFO  server.RaftServerConfigKeys (ConfUtils.java:logGet(44)) - raft.server.sleep.deviation.threshold = 300 (default)
2020-06-23 15:25:04,340 [pool-35-thread-1] INFO  storage.RaftStorageDirectory (RaftStorageDirectory.java:tryLock(343)) - Lock on /github/workspace/mnt/ozone/hadoop-ozone/integration-test/target/test-dir/MiniOzoneClusterImpl-4fcc031e-6e0f-4975-a7ce-24d4c61de348/datanode-0/data/ratis/0117db2b-a688-42c3-b545-44ad2a87e894/in_use.lock acquired by nodename 34374@6d5f4f143f60
2020-06-23 15:25:04,340 [pool-51-thread-1] INFO  server.RaftServerConfigKeys (ConfUtils.java:logGet(44)) - raft.server.log.appender.install.snapshot.enabled = false (custom)
2020-06-23 15:25:04,341 [pool-51-thread-1] INFO  impl.RaftServerImpl (ServerState.java:<init>(103)) - fc0c238b-ed8a-4ee8-9379-2b9d99135e6b@group-44AD2A87E894: ConfigurationManager, init=-1: [d9b0780d-6721-4a7d-908d-3c9b816d7a79:172.17.0.2:39717, fc0c238b-ed8a-4ee8-9379-2b9d99135e6b:172.17.0.2:33877, 5c2a4d31-413f-4764-8dbe-c1e86ae31b73:172.17.0.2:35121], old=null, confs=<EMPTY_MAP>
2020-06-23 15:25:04,341 [pool-51-thread-1] INFO  server.RaftServerConfigKeys (ConfUtils.java:logGet(44)) - raft.server.storage.dir = [/github/workspace/mnt/ozone/hadoop-ozone/integration-test/target/test-dir/MiniOzoneClusterImpl-4fcc031e-6e0f-4975-a7ce-24d4c61de348/datanode-1/data/ratis] (custom)
2020-06-23 15:25:04,341 [pool-35-thread-1] INFO  storage.RaftStorage (RaftStorage.java:format(84)) - Storage directory /github/workspace/mnt/ozone/hadoop-ozone/integration-test/target/test-dir/MiniOzoneClusterImpl-4fcc031e-6e0f-4975-a7ce-24d4c61de348/datanode-0/data/ratis/0117db2b-a688-42c3-b545-44ad2a87e894 has been successfully formatted.
2020-06-23 15:25:04,341 [pool-51-thread-1] INFO  server.RaftServerConfigKeys (ConfUtils.java:logGet(44)) - raft.server.log.corruption.policy = EXCEPTION (default)
2020-06-23 15:25:04,342 [pool-51-thread-1] INFO  storage.RaftStorageDirectory (RaftStorageDirectory.java:analyzeStorage(261)) - The storage directory /github/workspace/mnt/ozone/hadoop-ozone/integration-test/target/test-dir/MiniOzoneClusterImpl-4fcc031e-6e0f-4975-a7ce-24d4c61de348/datanode-1/data/ratis/0117db2b-a688-42c3-b545-44ad2a87e894 does not exist. Creating ...
2020-06-23 15:25:04,342 [pool-35-thread-1] INFO  ratis.ContainerStateMachine (ContainerStateMachine.java:loadSnapshot(226)) - group-44AD2A87E894: The snapshot info is null. Setting the last applied indexto:(t:0, i:~)
2020-06-23 15:25:04,342 [pool-35-thread-1] INFO  server.RaftServerConfigKeys (ConfUtils.java:logGet(44)) - raft.server.notification.no-leader.timeout = 60s (default)
2020-06-23 15:25:04,342 [pool-35-thread-1] INFO  server.RaftServerConfigKeys (ConfUtils.java:logGet(44)) - raft.server.log.use.memory = false (default)
2020-06-23 15:25:04,342 [pool-35-thread-1] INFO  server.RaftServerConfigKeys (ConfUtils.java:logGet(44)) - raft.server.log.purge.gap = 1000000 (custom)
2020-06-23 15:25:04,342 [pool-35-thread-1] INFO  server.RaftServerConfigKeys (ConfUtils.java:logGet(44)) - raft.server.log.appender.buffer.byte-limit = 33554432 (custom)
2020-06-23 15:25:04,342 [pool-35-thread-1] INFO  server.RaftServerConfigKeys (ConfUtils.java:logGet(44)) - raft.server.log.segment.size.max = 1048576 (custom)
2020-06-23 15:25:04,342 [pool-35-thread-1] INFO  metrics.RatisMetrics (RatisMetrics.java:lambda$create$0(36)) - Creating Metrics Registry : ratis.log_worker.d9b0780d-6721-4a7d-908d-3c9b816d7a79@group-44AD2A87E894
2020-06-23 15:25:04,344 [pool-51-thread-1] INFO  storage.RaftStorageDirectory (RaftStorageDirectory.java:tryLock(343)) - Lock on /github/workspace/mnt/ozone/hadoop-ozone/integration-test/target/test-dir/MiniOzoneClusterImpl-4fcc031e-6e0f-4975-a7ce-24d4c61de348/datanode-1/data/ratis/0117db2b-a688-42c3-b545-44ad2a87e894/in_use.lock acquired by nodename 34374@6d5f4f143f60
2020-06-23 15:25:04,348 [pool-51-thread-1] INFO  storage.RaftStorage (RaftStorage.java:format(84)) - Storage directory /github/workspace/mnt/ozone/hadoop-ozone/integration-test/target/test-dir/MiniOzoneClusterImpl-4fcc031e-6e0f-4975-a7ce-24d4c61de348/datanode-1/data/ratis/0117db2b-a688-42c3-b545-44ad2a87e894 has been successfully formatted.
2020-06-23 15:25:04,349 [pool-51-thread-1] INFO  ratis.ContainerStateMachine (ContainerStateMachine.java:loadSnapshot(226)) - group-44AD2A87E894: The snapshot info is null. Setting the last applied indexto:(t:0, i:~)
2020-06-23 15:25:04,349 [pool-51-thread-1] INFO  server.RaftServerConfigKeys (ConfUtils.java:logGet(44)) - raft.server.notification.no-leader.timeout = 60s (default)
2020-06-23 15:25:04,349 [pool-51-thread-1] INFO  server.RaftServerConfigKeys (ConfUtils.java:logGet(44)) - raft.server.log.use.memory = false (default)
2020-06-23 15:25:04,350 [pool-51-thread-1] INFO  server.RaftServerConfigKeys (ConfUtils.java:logGet(44)) - raft.server.log.purge.gap = 1000000 (custom)
2020-06-23 15:25:04,350 [pool-51-thread-1] INFO  server.RaftServerConfigKeys (ConfUtils.java:logGet(44)) - raft.server.log.appender.buffer.byte-limit = 33554432 (custom)
2020-06-23 15:25:04,350 [pool-51-thread-1] INFO  server.RaftServerConfigKeys (ConfUtils.java:logGet(44)) - raft.server.log.segment.size.max = 1048576 (custom)
2020-06-23 15:25:04,350 [pool-51-thread-1] INFO  metrics.RatisMetrics (RatisMetrics.java:lambda$create$0(36)) - Creating Metrics Registry : ratis.log_worker.fc0c238b-ed8a-4ee8-9379-2b9d99135e6b@group-44AD2A87E894
2020-06-23 15:25:04,350 [pool-51-thread-1] INFO  server.RaftServerConfigKeys (ConfUtils.java:logGet(44)) - raft.server.log.segment.cache.num.max = 2 (custom)
2020-06-23 15:25:04,350 [pool-51-thread-1] INFO  segmented.SegmentedRaftLogWorker (SegmentedRaftLogWorker.java:<init>(180)) - new fc0c238b-ed8a-4ee8-9379-2b9d99135e6b@group-44AD2A87E894-SegmentedRaftLogWorker for RaftStorage:Storage Directory /github/workspace/mnt/ozone/hadoop-ozone/integration-test/target/test-dir/MiniOzoneClusterImpl-4fcc031e-6e0f-4975-a7ce-24d4c61de348/datanode-1/data/ratis/0117db2b-a688-42c3-b545-44ad2a87e894
2020-06-23 15:25:04,350 [pool-51-thread-1] INFO  server.RaftServerConfigKeys (ConfUtils.java:logGet(44)) - raft.server.log.queue.byte-limit = 2147483647 (custom)
2020-06-23 15:25:04,350 [pool-51-thread-1] INFO  server.RaftServerConfigKeys (ConfUtils.java:logGet(44)) - raft.server.log.queue.element-limit = 1024 (custom)
2020-06-23 15:25:04,351 [pool-51-thread-1] INFO  server.RaftServerConfigKeys (ConfUtils.java:logGet(44)) - raft.server.log.segment.size.max = 1048576 (custom)
2020-06-23 15:25:04,351 [pool-51-thread-1] INFO  server.RaftServerConfigKeys (ConfUtils.java:logGet(44)) - raft.server.log.preallocated.size = 16384 (custom)
2020-06-23 15:25:04,351 [pool-51-thread-1] INFO  server.RaftServerConfigKeys (ConfUtils.java:logGet(44)) - raft.server.log.write.buffer.size = 1048576 (custom)
2020-06-23 15:25:04,351 [pool-51-thread-1] INFO  server.RaftServerConfigKeys (ConfUtils.java:logGet(44)) - raft.server.log.force.sync.num = 128 (default)
2020-06-23 15:25:04,351 [pool-51-thread-1] INFO  server.RaftServerConfigKeys (ConfUtils.java:logGet(44)) - raft.server.log.statemachine.data.sync = true (default)
2020-06-23 15:25:04,351 [pool-51-thread-1] INFO  server.RaftServerConfigKeys (ConfUtils.java:logGet(44)) - raft.server.log.statemachine.data.sync.timeout = 10s (default)
2020-06-23 15:25:04,351 [pool-51-thread-1] INFO  server.RaftServerConfigKeys (ConfUtils.java:logGet(44)) - raft.server.log.statemachine.data.sync.timeout.retry = -1 (default)
2020-06-23 15:25:04,353 [pool-51-thread-1] INFO  server.RaftServerConfigKeys (ConfUtils.java:logGet(44)) - raft.server.log.statemachine.data.caching.enabled = true (custom)
2020-06-23 15:25:04,354 [Listener at 127.0.0.1/45503] INFO  ozone.MiniOzoneClusterImpl (MiniOzoneClusterImpl.java:lambda$waitForClusterToBeReady$0(177)) - Nodes are ready. Got 3 of 3 DN Heartbeats.
2020-06-23 15:25:04,355 [Listener at 127.0.0.1/45503] INFO  ozone.MiniOzoneClusterImpl (MiniOzoneClusterImpl.java:lambda$waitForClusterToBeReady$0(180)) - Waiting for cluster to exit safe mode
2020-06-23 15:25:04,355 [pool-51-thread-1] INFO  segmented.SegmentedRaftLogWorker (SegmentedRaftLogWorker.java:lambda$new$0(129)) - fc0c238b-ed8a-4ee8-9379-2b9d99135e6b@group-44AD2A87E894-SegmentedRaftLogWorker: flushIndex: setUnconditionally 0 -> -1
2020-06-23 15:25:04,355 [pool-35-thread-1] INFO  server.RaftServerConfigKeys (ConfUtils.java:logGet(44)) - raft.server.log.segment.cache.num.max = 2 (custom)
2020-06-23 15:25:04,355 [pool-35-thread-1] INFO  segmented.SegmentedRaftLogWorker (SegmentedRaftLogWorker.java:<init>(180)) - new d9b0780d-6721-4a7d-908d-3c9b816d7a79@group-44AD2A87E894-SegmentedRaftLogWorker for RaftStorage:Storage Directory /github/workspace/mnt/ozone/hadoop-ozone/integration-test/target/test-dir/MiniOzoneClusterImpl-4fcc031e-6e0f-4975-a7ce-24d4c61de348/datanode-0/data/ratis/0117db2b-a688-42c3-b545-44ad2a87e894
2020-06-23 15:25:04,355 [pool-51-thread-1] INFO  segmented.SegmentedRaftLogWorker (SegmentedRaftLogWorker.java:lambda$new$0(129)) - fc0c238b-ed8a-4ee8-9379-2b9d99135e6b@group-44AD2A87E894-SegmentedRaftLogWorker: safeCacheEvictIndex: setUnconditionally 0 -> -1
2020-06-23 15:25:04,355 [pool-35-thread-1] INFO  server.RaftServerConfigKeys (ConfUtils.java:logGet(44)) - raft.server.log.queue.byte-limit = 2147483647 (custom)
2020-06-23 15:25:04,356 [pool-35-thread-1] INFO  server.RaftServerConfigKeys (ConfUtils.java:logGet(44)) - raft.server.log.queue.element-limit = 1024 (custom)
2020-06-23 15:25:04,356 [pool-35-thread-1] INFO  server.RaftServerConfigKeys (ConfUtils.java:logGet(44)) - raft.server.log.segment.size.max = 1048576 (custom)
2020-06-23 15:25:04,356 [pool-35-thread-1] INFO  server.RaftServerConfigKeys (ConfUtils.java:logGet(44)) - raft.server.log.preallocated.size = 16384 (custom)
2020-06-23 15:25:04,356 [pool-35-thread-1] INFO  server.RaftServerConfigKeys (ConfUtils.java:logGet(44)) - raft.server.log.write.buffer.size = 1048576 (custom)
2020-06-23 15:25:04,356 [pool-35-thread-1] INFO  server.RaftServerConfigKeys (ConfUtils.java:logGet(44)) - raft.server.log.force.sync.num = 128 (default)
2020-06-23 15:25:04,356 [pool-35-thread-1] INFO  server.RaftServerConfigKeys (ConfUtils.java:logGet(44)) - raft.server.log.statemachine.data.sync = true (default)
2020-06-23 15:25:04,356 [pool-35-thread-1] INFO  server.RaftServerConfigKeys (ConfUtils.java:logGet(44)) - raft.server.log.statemachine.data.sync.timeout = 10s (default)
2020-06-23 15:25:04,356 [pool-35-thread-1] INFO  server.RaftServerConfigKeys (ConfUtils.java:logGet(44)) - raft.server.log.statemachine.data.sync.timeout.retry = -1 (default)
2020-06-23 15:25:04,361 [pool-51-thread-1] INFO  server.RaftServerConfigKeys (ConfUtils.java:logGet(44)) - raft.server.snapshot.auto.trigger.enabled = true (custom)
2020-06-23 15:25:04,367 [pool-51-thread-1] INFO  server.RaftServerConfigKeys (ConfUtils.java:logGet(44)) - raft.server.snapshot.auto.trigger.threshold = 10000 (custom)
2020-06-23 15:25:04,367 [pool-51-thread-1] INFO  server.RaftServerConfigKeys (ConfUtils.java:logGet(44)) - raft.server.snapshot.retention.file.num = 5 (custom)
2020-06-23 15:25:04,367 [pool-51-thread-1] INFO  server.RaftServerConfigKeys (ConfUtils.java:logGet(44)) - raft.server.log.purge.upto.snapshot.index = false (default)
2020-06-23 15:25:04,367 [pool-51-thread-1] INFO  server.RaftServerConfigKeys (ConfUtils.java:logGet(44)) - raft.server.retrycache.expirytime = 600000ms (custom)
2020-06-23 15:25:04,367 [pool-51-thread-1] INFO  metrics.RatisMetrics (RatisMetrics.java:lambda$create$0(36)) - Creating Metrics Registry : ratis.leader_election.fc0c238b-ed8a-4ee8-9379-2b9d99135e6b@group-44AD2A87E894
2020-06-23 15:25:04,368 [pool-51-thread-1] INFO  metrics.RatisMetrics (RatisMetrics.java:lambda$create$0(36)) - Creating Metrics Registry : ratis.server.fc0c238b-ed8a-4ee8-9379-2b9d99135e6b@group-44AD2A87E894
2020-06-23 15:25:04,369 [pool-51-thread-1] INFO  impl.RaftServerImpl (RaftServerImpl.java:start(186)) - fc0c238b-ed8a-4ee8-9379-2b9d99135e6b@group-44AD2A87E894: start as a follower, conf=-1: [d9b0780d-6721-4a7d-908d-3c9b816d7a79:172.17.0.2:39717, fc0c238b-ed8a-4ee8-9379-2b9d99135e6b:172.17.0.2:33877, 5c2a4d31-413f-4764-8dbe-c1e86ae31b73:172.17.0.2:35121], old=null
2020-06-23 15:25:04,370 [pool-51-thread-1] INFO  impl.RaftServerImpl (RaftServerImpl.java:setRole(175)) - fc0c238b-ed8a-4ee8-9379-2b9d99135e6b@group-44AD2A87E894: changes role from      null to FOLLOWER at term 0 for startAsFollower
2020-06-23 15:25:04,370 [pool-51-thread-1] INFO  impl.RoleInfo (RoleInfo.java:updateAndGet(143)) - fc0c238b-ed8a-4ee8-9379-2b9d99135e6b: start FollowerState
2020-06-23 15:25:04,367 [pool-35-thread-1] INFO  server.RaftServerConfigKeys (ConfUtils.java:logGet(44)) - raft.server.log.statemachine.data.caching.enabled = true (custom)
2020-06-23 15:25:04,370 [pool-35-thread-1] INFO  segmented.SegmentedRaftLogWorker (SegmentedRaftLogWorker.java:lambda$new$0(129)) - d9b0780d-6721-4a7d-908d-3c9b816d7a79@group-44AD2A87E894-SegmentedRaftLogWorker: flushIndex: setUnconditionally 0 -> -1
2020-06-23 15:25:04,370 [pool-35-thread-1] INFO  segmented.SegmentedRaftLogWorker (SegmentedRaftLogWorker.java:lambda$new$0(129)) - d9b0780d-6721-4a7d-908d-3c9b816d7a79@group-44AD2A87E894-SegmentedRaftLogWorker: safeCacheEvictIndex: setUnconditionally 0 -> -1
2020-06-23 15:25:04,367 [Command processor thread] INFO  impl.RaftServerProxy (RaftServerProxy.java:addNew(89)) - 5c2a4d31-413f-4764-8dbe-c1e86ae31b73: addNew group-21EEC8CD7942:[5c2a4d31-413f-4764-8dbe-c1e86ae31b73:172.17.0.2:35121] returns group-21EEC8CD7942:java.util.concurrent.CompletableFuture@17e8f76e[Not completed]
2020-06-23 15:25:04,372 [pool-67-thread-1] INFO  impl.RaftServerImpl (RaftServerImpl.java:<init>(99)) - 5c2a4d31-413f-4764-8dbe-c1e86ae31b73: new RaftServerImpl for group-21EEC8CD7942:[5c2a4d31-413f-4764-8dbe-c1e86ae31b73:172.17.0.2:35121] with ContainerStateMachine:uninitialized
2020-06-23 15:25:04,372 [pool-51-thread-1] INFO  util.JmxRegister (JmxRegister.java:tryRegister(44)) - Successfully registered JMX Bean with object name Ratis:service=RaftServer,group=group-44AD2A87E894,id=fc0c238b-ed8a-4ee8-9379-2b9d99135e6b
2020-06-23 15:25:04,372 [pool-51-thread-1] INFO  metrics.RatisMetrics (RatisMetrics.java:lambda$create$0(36)) - Creating Metrics Registry : ratis.state_machine.fc0c238b-ed8a-4ee8-9379-2b9d99135e6b@group-44AD2A87E894
2020-06-23 15:25:04,378 [pool-35-thread-1] INFO  server.RaftServerConfigKeys (ConfUtils.java:logGet(44)) - raft.server.snapshot.auto.trigger.enabled = true (custom)
2020-06-23 15:25:04,378 [pool-35-thread-1] INFO  server.RaftServerConfigKeys (ConfUtils.java:logGet(44)) - raft.server.snapshot.auto.trigger.threshold = 10000 (custom)
2020-06-23 15:25:04,378 [pool-35-thread-1] INFO  server.RaftServerConfigKeys (ConfUtils.java:logGet(44)) - raft.server.snapshot.retention.file.num = 5 (custom)
2020-06-23 15:25:04,378 [pool-35-thread-1] INFO  server.RaftServerConfigKeys (ConfUtils.java:logGet(44)) - raft.server.log.purge.upto.snapshot.index = false (default)
2020-06-23 15:25:04,378 [pool-35-thread-1] INFO  server.RaftServerConfigKeys (ConfUtils.java:logGet(44)) - raft.server.retrycache.expirytime = 600000ms (custom)
2020-06-23 15:25:04,378 [pool-35-thread-1] INFO  metrics.RatisMetrics (RatisMetrics.java:lambda$create$0(36)) - Creating Metrics Registry : ratis.leader_election.d9b0780d-6721-4a7d-908d-3c9b816d7a79@group-44AD2A87E894
2020-06-23 15:25:04,385 [pool-67-thread-1] INFO  server.RaftServerConfigKeys (ConfUtils.java:logGet(44)) - raft.server.rpc.timeout.min = 5s (custom)
2020-06-23 15:25:04,386 [pool-67-thread-1] INFO  server.RaftServerConfigKeys (ConfUtils.java:logGet(44)) - raft.server.rpc.timeout.max = 5200ms (custom)
2020-06-23 15:25:04,386 [pool-67-thread-1] INFO  server.RaftServerConfigKeys (ConfUtils.java:logGet(44)) - raft.server.rpcslowness.timeout = 1000s (custom)
2020-06-23 15:25:04,386 [pool-67-thread-1] INFO  server.RaftServerConfigKeys (ConfUtils.java:logGet(44)) - raft.server.sleep.deviation.threshold = 300 (default)
2020-06-23 15:25:04,386 [pool-67-thread-1] INFO  server.RaftServerConfigKeys (ConfUtils.java:logGet(44)) - raft.server.log.appender.install.snapshot.enabled = false (custom)
2020-06-23 15:25:04,386 [pool-35-thread-1] INFO  metrics.RatisMetrics (RatisMetrics.java:lambda$create$0(36)) - Creating Metrics Registry : ratis.server.d9b0780d-6721-4a7d-908d-3c9b816d7a79@group-44AD2A87E894
2020-06-23 15:25:04,386 [pool-67-thread-1] INFO  impl.RaftServerImpl (ServerState.java:<init>(103)) - 5c2a4d31-413f-4764-8dbe-c1e86ae31b73@group-21EEC8CD7942: ConfigurationManager, init=-1: [5c2a4d31-413f-4764-8dbe-c1e86ae31b73:172.17.0.2:35121], old=null, confs=<EMPTY_MAP>
2020-06-23 15:25:04,386 [pool-67-thread-1] INFO  server.RaftServerConfigKeys (ConfUtils.java:logGet(44)) - raft.server.storage.dir = [/github/workspace/mnt/ozone/hadoop-ozone/integration-test/target/test-dir/MiniOzoneClusterImpl-4fcc031e-6e0f-4975-a7ce-24d4c61de348/datanode-2/data/ratis] (custom)
2020-06-23 15:25:04,386 [pool-67-thread-1] INFO  server.RaftServerConfigKeys (ConfUtils.java:logGet(44)) - raft.server.log.corruption.policy = EXCEPTION (default)
2020-06-23 15:25:04,387 [pool-67-thread-1] INFO  storage.RaftStorageDirectory (RaftStorageDirectory.java:analyzeStorage(261)) - The storage directory /github/workspace/mnt/ozone/hadoop-ozone/integration-test/target/test-dir/MiniOzoneClusterImpl-4fcc031e-6e0f-4975-a7ce-24d4c61de348/datanode-2/data/ratis/81934d82-d6f2-4617-9ed8-21eec8cd7942 does not exist. Creating ...
2020-06-23 15:25:04,388 [pool-67-thread-1] INFO  storage.RaftStorageDirectory (RaftStorageDirectory.java:tryLock(343)) - Lock on /github/workspace/mnt/ozone/hadoop-ozone/integration-test/target/test-dir/MiniOzoneClusterImpl-4fcc031e-6e0f-4975-a7ce-24d4c61de348/datanode-2/data/ratis/81934d82-d6f2-4617-9ed8-21eec8cd7942/in_use.lock acquired by nodename 34374@6d5f4f143f60
2020-06-23 15:25:04,389 [pool-67-thread-1] INFO  storage.RaftStorage (RaftStorage.java:format(84)) - Storage directory /github/workspace/mnt/ozone/hadoop-ozone/integration-test/target/test-dir/MiniOzoneClusterImpl-4fcc031e-6e0f-4975-a7ce-24d4c61de348/datanode-2/data/ratis/81934d82-d6f2-4617-9ed8-21eec8cd7942 has been successfully formatted.
2020-06-23 15:25:04,389 [pool-67-thread-1] INFO  ratis.ContainerStateMachine (ContainerStateMachine.java:loadSnapshot(226)) - group-21EEC8CD7942: The snapshot info is null. Setting the last applied indexto:(t:0, i:~)
2020-06-23 15:25:04,389 [pool-67-thread-1] INFO  server.RaftServerConfigKeys (ConfUtils.java:logGet(44)) - raft.server.notification.no-leader.timeout = 60s (default)
2020-06-23 15:25:04,389 [pool-67-thread-1] INFO  server.RaftServerConfigKeys (ConfUtils.java:logGet(44)) - raft.server.log.use.memory = false (default)
2020-06-23 15:25:04,389 [pool-67-thread-1] INFO  server.RaftServerConfigKeys (ConfUtils.java:logGet(44)) - raft.server.log.purge.gap = 1000000 (custom)
2020-06-23 15:25:04,389 [pool-67-thread-1] INFO  server.RaftServerConfigKeys (ConfUtils.java:logGet(44)) - raft.server.log.appender.buffer.byte-limit = 33554432 (custom)
2020-06-23 15:25:04,390 [pool-67-thread-1] INFO  server.RaftServerConfigKeys (ConfUtils.java:logGet(44)) - raft.server.log.segment.size.max = 1048576 (custom)
2020-06-23 15:25:04,390 [pool-67-thread-1] INFO  metrics.RatisMetrics (RatisMetrics.java:lambda$create$0(36)) - Creating Metrics Registry : ratis.log_worker.5c2a4d31-413f-4764-8dbe-c1e86ae31b73@group-21EEC8CD7942
2020-06-23 15:25:04,390 [pool-67-thread-1] INFO  server.RaftServerConfigKeys (ConfUtils.java:logGet(44)) - raft.server.log.segment.cache.num.max = 2 (custom)
2020-06-23 15:25:04,390 [pool-67-thread-1] INFO  segmented.SegmentedRaftLogWorker (SegmentedRaftLogWorker.java:<init>(180)) - new 5c2a4d31-413f-4764-8dbe-c1e86ae31b73@group-21EEC8CD7942-SegmentedRaftLogWorker for RaftStorage:Storage Directory /github/workspace/mnt/ozone/hadoop-ozone/integration-test/target/test-dir/MiniOzoneClusterImpl-4fcc031e-6e0f-4975-a7ce-24d4c61de348/datanode-2/data/ratis/81934d82-d6f2-4617-9ed8-21eec8cd7942
2020-06-23 15:25:04,390 [pool-67-thread-1] INFO  server.RaftServerConfigKeys (ConfUtils.java:logGet(44)) - raft.server.log.queue.byte-limit = 2147483647 (custom)
2020-06-23 15:25:04,391 [pool-67-thread-1] INFO  server.RaftServerConfigKeys (ConfUtils.java:logGet(44)) - raft.server.log.queue.element-limit = 1024 (custom)
2020-06-23 15:25:04,391 [pool-67-thread-1] INFO  server.RaftServerConfigKeys (ConfUtils.java:logGet(44)) - raft.server.log.segment.size.max = 1048576 (custom)
2020-06-23 15:25:04,391 [pool-67-thread-1] INFO  server.RaftServerConfigKeys (ConfUtils.java:logGet(44)) - raft.server.log.preallocated.size = 16384 (custom)
2020-06-23 15:25:04,391 [pool-67-thread-1] INFO  server.RaftServerConfigKeys (ConfUtils.java:logGet(44)) - raft.server.log.write.buffer.size = 1048576 (custom)
2020-06-23 15:25:04,391 [pool-67-thread-1] INFO  server.RaftServerConfigKeys (ConfUtils.java:logGet(44)) - raft.server.log.force.sync.num = 128 (default)
2020-06-23 15:25:04,391 [pool-67-thread-1] INFO  server.RaftServerConfigKeys (ConfUtils.java:logGet(44)) - raft.server.log.statemachine.data.sync = true (default)
2020-06-23 15:25:04,391 [pool-67-thread-1] INFO  server.RaftServerConfigKeys (ConfUtils.java:logGet(44)) - raft.server.log.statemachine.data.sync.timeout = 10s (default)
2020-06-23 15:25:04,391 [pool-67-thread-1] INFO  server.RaftServerConfigKeys (ConfUtils.java:logGet(44)) - raft.server.log.statemachine.data.sync.timeout.retry = -1 (default)
2020-06-23 15:25:04,393 [pool-67-thread-1] INFO  server.RaftServerConfigKeys (ConfUtils.java:logGet(44)) - raft.server.log.statemachine.data.caching.enabled = true (custom)
2020-06-23 15:25:04,393 [pool-67-thread-1] INFO  segmented.SegmentedRaftLogWorker (SegmentedRaftLogWorker.java:lambda$new$0(129)) - 5c2a4d31-413f-4764-8dbe-c1e86ae31b73@group-21EEC8CD7942-SegmentedRaftLogWorker: flushIndex: setUnconditionally 0 -> -1
2020-06-23 15:25:04,393 [pool-67-thread-1] INFO  segmented.SegmentedRaftLogWorker (SegmentedRaftLogWorker.java:lambda$new$0(129)) - 5c2a4d31-413f-4764-8dbe-c1e86ae31b73@group-21EEC8CD7942-SegmentedRaftLogWorker: safeCacheEvictIndex: setUnconditionally 0 -> -1
2020-06-23 15:25:04,394 [EventQueue-PipelineReportForPipelineReportHandler] INFO  pipeline.PipelineStateManager (PipelineStateManager.java:openPipeline(131)) - Pipeline Pipeline[ Id: 81934d82-d6f2-4617-9ed8-21eec8cd7942, Nodes: 5c2a4d31-413f-4764-8dbe-c1e86ae31b73{ip: 172.17.0.2, host: 6d5f4f143f60, networkLocation: /default-rack, certSerialId: null}, Type:RATIS, Factor:ONE, State:ALLOCATED, leaderId:5c2a4d31-413f-4764-8dbe-c1e86ae31b73, CreationTimestamp2020-06-23T15:25:01.363Z] moved to OPEN state
2020-06-23 15:25:04,394 [EventQueue-OpenPipelineForOneReplicaPipelineSafeModeRule] INFO  safemode.SCMSafeModeManager (SCMSafeModeManager.java:validateSafeModeExitRules(214)) - AtleastOneDatanodeReportedRule rule is successfully validated
2020-06-23 15:25:04,394 [EventQueue-OpenPipelineForHealthyPipelineSafeModeRule] INFO  safemode.SCMSafeModeManager (HealthyPipelineSafeModeRule.java:process(132)) - SCM in safe mode. Healthy pipelines reported count is 0, required healthy pipeline reported count is 1
2020-06-23 15:25:04,404 [pool-67-thread-1] INFO  server.RaftServerConfigKeys (ConfUtils.java:logGet(44)) - raft.server.snapshot.auto.trigger.enabled = true (custom)
2020-06-23 15:25:04,404 [pool-67-thread-1] INFO  server.RaftServerConfigKeys (ConfUtils.java:logGet(44)) - raft.server.snapshot.auto.trigger.threshold = 10000 (custom)
2020-06-23 15:25:04,404 [pool-67-thread-1] INFO  server.RaftServerConfigKeys (ConfUtils.java:logGet(44)) - raft.server.snapshot.retention.file.num = 5 (custom)
2020-06-23 15:25:04,404 [pool-67-thread-1] INFO  server.RaftServerConfigKeys (ConfUtils.java:logGet(44)) - raft.server.log.purge.upto.snapshot.index = false (default)
2020-06-23 15:25:04,405 [pool-67-thread-1] INFO  server.RaftServerConfigKeys (ConfUtils.java:logGet(44)) - raft.server.retrycache.expirytime = 600000ms (custom)
2020-06-23 15:25:04,405 [pool-67-thread-1] INFO  metrics.RatisMetrics (RatisMetrics.java:lambda$create$0(36)) - Creating Metrics Registry : ratis.leader_election.5c2a4d31-413f-4764-8dbe-c1e86ae31b73@group-21EEC8CD7942
2020-06-23 15:25:04,405 [pool-35-thread-1] INFO  impl.RaftServerImpl (RaftServerImpl.java:start(186)) - d9b0780d-6721-4a7d-908d-3c9b816d7a79@group-44AD2A87E894: start as a follower, conf=-1: [d9b0780d-6721-4a7d-908d-3c9b816d7a79:172.17.0.2:39717, fc0c238b-ed8a-4ee8-9379-2b9d99135e6b:172.17.0.2:33877, 5c2a4d31-413f-4764-8dbe-c1e86ae31b73:172.17.0.2:35121], old=null
2020-06-23 15:25:04,405 [pool-35-thread-1] INFO  impl.RaftServerImpl (RaftServerImpl.java:setRole(175)) - d9b0780d-6721-4a7d-908d-3c9b816d7a79@group-44AD2A87E894: changes role from      null to FOLLOWER at term 0 for startAsFollower
2020-06-23 15:25:04,405 [pool-35-thread-1] INFO  impl.RoleInfo (RoleInfo.java:updateAndGet(143)) - d9b0780d-6721-4a7d-908d-3c9b816d7a79: start FollowerState
2020-06-23 15:25:04,405 [pool-67-thread-1] INFO  metrics.RatisMetrics (RatisMetrics.java:lambda$create$0(36)) - Creating Metrics Registry : ratis.server.5c2a4d31-413f-4764-8dbe-c1e86ae31b73@group-21EEC8CD7942
2020-06-23 15:25:04,406 [pool-67-thread-1] INFO  impl.RaftServerImpl (RaftServerImpl.java:start(186)) - 5c2a4d31-413f-4764-8dbe-c1e86ae31b73@group-21EEC8CD7942: start as a follower, conf=-1: [5c2a4d31-413f-4764-8dbe-c1e86ae31b73:172.17.0.2:35121], old=null
2020-06-23 15:25:04,406 [pool-67-thread-1] INFO  impl.RaftServerImpl (RaftServerImpl.java:setRole(175)) - 5c2a4d31-413f-4764-8dbe-c1e86ae31b73@group-21EEC8CD7942: changes role from      null to FOLLOWER at term 0 for startAsFollower
2020-06-23 15:25:04,408 [pool-35-thread-1] INFO  util.JmxRegister (JmxRegister.java:tryRegister(44)) - Successfully registered JMX Bean with object name Ratis:service=RaftServer,group=group-44AD2A87E894,id=d9b0780d-6721-4a7d-908d-3c9b816d7a79
2020-06-23 15:25:04,409 [pool-35-thread-1] INFO  metrics.RatisMetrics (RatisMetrics.java:lambda$create$0(36)) - Creating Metrics Registry : ratis.state_machine.d9b0780d-6721-4a7d-908d-3c9b816d7a79@group-44AD2A87E894
2020-06-23 15:25:04,420 [pool-67-thread-1] INFO  impl.RoleInfo (RoleInfo.java:updateAndGet(143)) - 5c2a4d31-413f-4764-8dbe-c1e86ae31b73: start FollowerState
2020-06-23 15:25:04,428 [pool-67-thread-1] INFO  util.JmxRegister (JmxRegister.java:tryRegister(44)) - Successfully registered JMX Bean with object name Ratis:service=RaftServer,group=group-21EEC8CD7942,id=5c2a4d31-413f-4764-8dbe-c1e86ae31b73
2020-06-23 15:25:04,428 [pool-67-thread-1] INFO  metrics.RatisMetrics (RatisMetrics.java:lambda$create$0(36)) - Creating Metrics Registry : ratis.state_machine.5c2a4d31-413f-4764-8dbe-c1e86ae31b73@group-21EEC8CD7942
2020-06-23 15:25:04,437 [Command processor thread] INFO  commandhandler.CreatePipelineCommandHandler (CreatePipelineCommandHandler.java:handle(109)) - Created Pipeline RATIS ONE #id: "81934d82-d6f2-4617-9ed8-21eec8cd7942"
.
2020-06-23 15:25:04,437 [Command processor thread] INFO  impl.RaftServerProxy (RaftServerProxy.java:addNew(89)) - 5c2a4d31-413f-4764-8dbe-c1e86ae31b73: addNew group-44AD2A87E894:[d9b0780d-6721-4a7d-908d-3c9b816d7a79:172.17.0.2:39717, fc0c238b-ed8a-4ee8-9379-2b9d99135e6b:172.17.0.2:33877, 5c2a4d31-413f-4764-8dbe-c1e86ae31b73:172.17.0.2:35121] returns group-44AD2A87E894:java.util.concurrent.CompletableFuture@13d7614b[Not completed]
2020-06-23 15:25:04,439 [pool-67-thread-1] INFO  impl.RaftServerImpl (RaftServerImpl.java:<init>(99)) - 5c2a4d31-413f-4764-8dbe-c1e86ae31b73: new RaftServerImpl for group-44AD2A87E894:[d9b0780d-6721-4a7d-908d-3c9b816d7a79:172.17.0.2:39717, fc0c238b-ed8a-4ee8-9379-2b9d99135e6b:172.17.0.2:33877, 5c2a4d31-413f-4764-8dbe-c1e86ae31b73:172.17.0.2:35121] with ContainerStateMachine:uninitialized
2020-06-23 15:25:04,439 [pool-67-thread-1] INFO  server.RaftServerConfigKeys (ConfUtils.java:logGet(44)) - raft.server.rpc.timeout.min = 5s (custom)
2020-06-23 15:25:04,439 [pool-67-thread-1] INFO  server.RaftServerConfigKeys (ConfUtils.java:logGet(44)) - raft.server.rpc.timeout.max = 5200ms (custom)
2020-06-23 15:25:04,439 [pool-67-thread-1] INFO  server.RaftServerConfigKeys (ConfUtils.java:logGet(44)) - raft.server.rpcslowness.timeout = 1000s (custom)
2020-06-23 15:25:04,439 [pool-67-thread-1] INFO  server.RaftServerConfigKeys (ConfUtils.java:logGet(44)) - raft.server.sleep.deviation.threshold = 300 (default)
2020-06-23 15:25:04,439 [pool-67-thread-1] INFO  server.RaftServerConfigKeys (ConfUtils.java:logGet(44)) - raft.server.log.appender.install.snapshot.enabled = false (custom)
2020-06-23 15:25:04,439 [pool-67-thread-1] INFO  impl.RaftServerImpl (ServerState.java:<init>(103)) - 5c2a4d31-413f-4764-8dbe-c1e86ae31b73@group-44AD2A87E894: ConfigurationManager, init=-1: [d9b0780d-6721-4a7d-908d-3c9b816d7a79:172.17.0.2:39717, fc0c238b-ed8a-4ee8-9379-2b9d99135e6b:172.17.0.2:33877, 5c2a4d31-413f-4764-8dbe-c1e86ae31b73:172.17.0.2:35121], old=null, confs=<EMPTY_MAP>
2020-06-23 15:25:04,440 [pool-67-thread-1] INFO  server.RaftServerConfigKeys (ConfUtils.java:logGet(44)) - raft.server.storage.dir = [/github/workspace/mnt/ozone/hadoop-ozone/integration-test/target/test-dir/MiniOzoneClusterImpl-4fcc031e-6e0f-4975-a7ce-24d4c61de348/datanode-2/data/ratis] (custom)
2020-06-23 15:25:04,440 [pool-67-thread-1] INFO  server.RaftServerConfigKeys (ConfUtils.java:logGet(44)) - raft.server.log.corruption.policy = EXCEPTION (default)
2020-06-23 15:25:04,440 [pool-67-thread-1] INFO  storage.RaftStorageDirectory (RaftStorageDirectory.java:analyzeStorage(261)) - The storage directory /github/workspace/mnt/ozone/hadoop-ozone/integration-test/target/test-dir/MiniOzoneClusterImpl-4fcc031e-6e0f-4975-a7ce-24d4c61de348/datanode-2/data/ratis/0117db2b-a688-42c3-b545-44ad2a87e894 does not exist. Creating ...
2020-06-23 15:25:04,441 [pool-67-thread-1] INFO  storage.RaftStorageDirectory (RaftStorageDirectory.java:tryLock(343)) - Lock on /github/workspace/mnt/ozone/hadoop-ozone/integration-test/target/test-dir/MiniOzoneClusterImpl-4fcc031e-6e0f-4975-a7ce-24d4c61de348/datanode-2/data/ratis/0117db2b-a688-42c3-b545-44ad2a87e894/in_use.lock acquired by nodename 34374@6d5f4f143f60
2020-06-23 15:25:04,442 [pool-67-thread-1] INFO  storage.RaftStorage (RaftStorage.java:format(84)) - Storage directory /github/workspace/mnt/ozone/hadoop-ozone/integration-test/target/test-dir/MiniOzoneClusterImpl-4fcc031e-6e0f-4975-a7ce-24d4c61de348/datanode-2/data/ratis/0117db2b-a688-42c3-b545-44ad2a87e894 has been successfully formatted.
2020-06-23 15:25:04,443 [pool-67-thread-1] INFO  ratis.ContainerStateMachine (ContainerStateMachine.java:loadSnapshot(226)) - group-44AD2A87E894: The snapshot info is null. Setting the last applied indexto:(t:0, i:~)
2020-06-23 15:25:04,443 [pool-67-thread-1] INFO  server.RaftServerConfigKeys (ConfUtils.java:logGet(44)) - raft.server.notification.no-leader.timeout = 60s (default)
2020-06-23 15:25:04,443 [pool-67-thread-1] INFO  server.RaftServerConfigKeys (ConfUtils.java:logGet(44)) - raft.server.log.use.memory = false (default)
2020-06-23 15:25:04,443 [pool-67-thread-1] INFO  server.RaftServerConfigKeys (ConfUtils.java:logGet(44)) - raft.server.log.purge.gap = 1000000 (custom)
2020-06-23 15:25:04,443 [pool-67-thread-1] INFO  server.RaftServerConfigKeys (ConfUtils.java:logGet(44)) - raft.server.log.appender.buffer.byte-limit = 33554432 (custom)
2020-06-23 15:25:04,443 [pool-67-thread-1] INFO  server.RaftServerConfigKeys (ConfUtils.java:logGet(44)) - raft.server.log.segment.size.max = 1048576 (custom)
2020-06-23 15:25:04,443 [pool-67-thread-1] INFO  metrics.RatisMetrics (RatisMetrics.java:lambda$create$0(36)) - Creating Metrics Registry : ratis.log_worker.5c2a4d31-413f-4764-8dbe-c1e86ae31b73@group-44AD2A87E894
2020-06-23 15:25:04,443 [pool-67-thread-1] INFO  server.RaftServerConfigKeys (ConfUtils.java:logGet(44)) - raft.server.log.segment.cache.num.max = 2 (custom)
2020-06-23 15:25:04,444 [pool-67-thread-1] INFO  segmented.SegmentedRaftLogWorker (SegmentedRaftLogWorker.java:<init>(180)) - new 5c2a4d31-413f-4764-8dbe-c1e86ae31b73@group-44AD2A87E894-SegmentedRaftLogWorker for RaftStorage:Storage Directory /github/workspace/mnt/ozone/hadoop-ozone/integration-test/target/test-dir/MiniOzoneClusterImpl-4fcc031e-6e0f-4975-a7ce-24d4c61de348/datanode-2/data/ratis/0117db2b-a688-42c3-b545-44ad2a87e894
2020-06-23 15:25:04,444 [pool-67-thread-1] INFO  server.RaftServerConfigKeys (ConfUtils.java:logGet(44)) - raft.server.log.queue.byte-limit = 2147483647 (custom)
2020-06-23 15:25:04,444 [pool-67-thread-1] INFO  server.RaftServerConfigKeys (ConfUtils.java:logGet(44)) - raft.server.log.queue.element-limit = 1024 (custom)
2020-06-23 15:25:04,445 [pool-67-thread-1] INFO  server.RaftServerConfigKeys (ConfUtils.java:logGet(44)) - raft.server.log.segment.size.max = 1048576 (custom)
2020-06-23 15:25:04,445 [pool-67-thread-1] INFO  server.RaftServerConfigKeys (ConfUtils.java:logGet(44)) - raft.server.log.preallocated.size = 16384 (custom)
2020-06-23 15:25:04,445 [pool-67-thread-1] INFO  server.RaftServerConfigKeys (ConfUtils.java:logGet(44)) - raft.server.log.write.buffer.size = 1048576 (custom)
2020-06-23 15:25:04,445 [pool-67-thread-1] INFO  server.RaftServerConfigKeys (ConfUtils.java:logGet(44)) - raft.server.log.force.sync.num = 128 (default)
2020-06-23 15:25:04,445 [pool-67-thread-1] INFO  server.RaftServerConfigKeys (ConfUtils.java:logGet(44)) - raft.server.log.statemachine.data.sync = true (default)
2020-06-23 15:25:04,445 [pool-67-thread-1] INFO  server.RaftServerConfigKeys (ConfUtils.java:logGet(44)) - raft.server.log.statemachine.data.sync.timeout = 10s (default)
2020-06-23 15:25:04,449 [pool-67-thread-1] INFO  server.RaftServerConfigKeys (ConfUtils.java:logGet(44)) - raft.server.log.statemachine.data.sync.timeout.retry = -1 (default)
2020-06-23 15:25:04,451 [pool-67-thread-1] INFO  server.RaftServerConfigKeys (ConfUtils.java:logGet(44)) - raft.server.log.statemachine.data.caching.enabled = true (custom)
2020-06-23 15:25:04,451 [pool-67-thread-1] INFO  segmented.SegmentedRaftLogWorker (SegmentedRaftLogWorker.java:lambda$new$0(129)) - 5c2a4d31-413f-4764-8dbe-c1e86ae31b73@group-44AD2A87E894-SegmentedRaftLogWorker: flushIndex: setUnconditionally 0 -> -1
2020-06-23 15:25:04,451 [pool-67-thread-1] INFO  segmented.SegmentedRaftLogWorker (SegmentedRaftLogWorker.java:lambda$new$0(129)) - 5c2a4d31-413f-4764-8dbe-c1e86ae31b73@group-44AD2A87E894-SegmentedRaftLogWorker: safeCacheEvictIndex: setUnconditionally 0 -> -1
2020-06-23 15:25:04,453 [pool-67-thread-1] INFO  server.RaftServerConfigKeys (ConfUtils.java:logGet(44)) - raft.server.snapshot.auto.trigger.enabled = true (custom)
2020-06-23 15:25:04,453 [pool-67-thread-1] INFO  server.RaftServerConfigKeys (ConfUtils.java:logGet(44)) - raft.server.snapshot.auto.trigger.threshold = 10000 (custom)
2020-06-23 15:25:04,460 [pool-67-thread-1] INFO  server.RaftServerConfigKeys (ConfUtils.java:logGet(44)) - raft.server.snapshot.retention.file.num = 5 (custom)
2020-06-23 15:25:04,460 [pool-67-thread-1] INFO  server.RaftServerConfigKeys (ConfUtils.java:logGet(44)) - raft.server.log.purge.upto.snapshot.index = false (default)
2020-06-23 15:25:04,460 [pool-67-thread-1] INFO  server.RaftServerConfigKeys (ConfUtils.java:logGet(44)) - raft.server.retrycache.expirytime = 600000ms (custom)
2020-06-23 15:25:04,460 [pool-67-thread-1] INFO  metrics.RatisMetrics (RatisMetrics.java:lambda$create$0(36)) - Creating Metrics Registry : ratis.leader_election.5c2a4d31-413f-4764-8dbe-c1e86ae31b73@group-44AD2A87E894
2020-06-23 15:25:04,461 [pool-67-thread-1] INFO  metrics.RatisMetrics (RatisMetrics.java:lambda$create$0(36)) - Creating Metrics Registry : ratis.server.5c2a4d31-413f-4764-8dbe-c1e86ae31b73@group-44AD2A87E894
2020-06-23 15:25:04,462 [pool-67-thread-1] INFO  impl.RaftServerImpl (RaftServerImpl.java:start(186)) - 5c2a4d31-413f-4764-8dbe-c1e86ae31b73@group-44AD2A87E894: start as a follower, conf=-1: [d9b0780d-6721-4a7d-908d-3c9b816d7a79:172.17.0.2:39717, fc0c238b-ed8a-4ee8-9379-2b9d99135e6b:172.17.0.2:33877, 5c2a4d31-413f-4764-8dbe-c1e86ae31b73:172.17.0.2:35121], old=null
2020-06-23 15:25:04,462 [pool-67-thread-1] INFO  impl.RaftServerImpl (RaftServerImpl.java:setRole(175)) - 5c2a4d31-413f-4764-8dbe-c1e86ae31b73@group-44AD2A87E894: changes role from      null to FOLLOWER at term 0 for startAsFollower
2020-06-23 15:25:04,462 [pool-67-thread-1] INFO  impl.RoleInfo (RoleInfo.java:updateAndGet(143)) - 5c2a4d31-413f-4764-8dbe-c1e86ae31b73: start FollowerState
2020-06-23 15:25:04,469 [pool-67-thread-1] INFO  util.JmxRegister (JmxRegister.java:tryRegister(44)) - Successfully registered JMX Bean with object name Ratis:service=RaftServer,group=group-44AD2A87E894,id=5c2a4d31-413f-4764-8dbe-c1e86ae31b73
2020-06-23 15:25:04,470 [pool-67-thread-1] INFO  metrics.RatisMetrics (RatisMetrics.java:lambda$create$0(36)) - Creating Metrics Registry : ratis.state_machine.5c2a4d31-413f-4764-8dbe-c1e86ae31b73@group-44AD2A87E894
2020-06-23 15:25:05,141 [Command processor thread] INFO  commandhandler.CreatePipelineCommandHandler (CreatePipelineCommandHandler.java:handle(109)) - Created Pipeline RATIS THREE #id: "0117db2b-a688-42c3-b545-44ad2a87e894"
.
2020-06-23 15:25:05,150 [Command processor thread] INFO  commandhandler.CreatePipelineCommandHandler (CreatePipelineCommandHandler.java:handle(109)) - Created Pipeline RATIS THREE #id: "0117db2b-a688-42c3-b545-44ad2a87e894"
.
2020-06-23 15:25:05,152 [Command processor thread] INFO  commandhandler.CreatePipelineCommandHandler (CreatePipelineCommandHandler.java:handle(109)) - Created Pipeline RATIS THREE #id: "0117db2b-a688-42c3-b545-44ad2a87e894"
.
2020-06-23 15:25:05,355 [Listener at 127.0.0.1/45503] INFO  ozone.MiniOzoneClusterImpl (MiniOzoneClusterImpl.java:lambda$waitForClusterToBeReady$0(177)) - Nodes are ready. Got 3 of 3 DN Heartbeats.
2020-06-23 15:25:05,356 [Listener at 127.0.0.1/45503] INFO  ozone.MiniOzoneClusterImpl (MiniOzoneClusterImpl.java:lambda$waitForClusterToBeReady$0(180)) - Waiting for cluster to exit safe mode
2020-06-23 15:25:06,356 [Listener at 127.0.0.1/45503] INFO  ozone.MiniOzoneClusterImpl (MiniOzoneClusterImpl.java:lambda$waitForClusterToBeReady$0(177)) - Nodes are ready. Got 3 of 3 DN Heartbeats.
2020-06-23 15:25:06,356 [Listener at 127.0.0.1/45503] INFO  ozone.MiniOzoneClusterImpl (MiniOzoneClusterImpl.java:lambda$waitForClusterToBeReady$0(180)) - Waiting for cluster to exit safe mode
2020-06-23 15:25:07,356 [Listener at 127.0.0.1/45503] INFO  ozone.MiniOzoneClusterImpl (MiniOzoneClusterImpl.java:lambda$waitForClusterToBeReady$0(177)) - Nodes are ready. Got 3 of 3 DN Heartbeats.
2020-06-23 15:25:07,357 [Listener at 127.0.0.1/45503] INFO  ozone.MiniOzoneClusterImpl (MiniOzoneClusterImpl.java:lambda$waitForClusterToBeReady$0(180)) - Waiting for cluster to exit safe mode
2020-06-23 15:25:08,357 [Listener at 127.0.0.1/45503] INFO  ozone.MiniOzoneClusterImpl (MiniOzoneClusterImpl.java:lambda$waitForClusterToBeReady$0(177)) - Nodes are ready. Got 3 of 3 DN Heartbeats.
2020-06-23 15:25:08,357 [Listener at 127.0.0.1/45503] INFO  ozone.MiniOzoneClusterImpl (MiniOzoneClusterImpl.java:lambda$waitForClusterToBeReady$0(180)) - Waiting for cluster to exit safe mode
2020-06-23 15:25:09,339 [Thread-191] INFO  impl.FollowerState (FollowerState.java:run(108)) - d9b0780d-6721-4a7d-908d-3c9b816d7a79@group-FE3E287A5BBF-FollowerState: change to CANDIDATE, lastRpcTime:5060ms, electionTimeout:5048ms
2020-06-23 15:25:09,340 [Thread-191] INFO  impl.RoleInfo (RoleInfo.java:shutdownFollowerState(121)) - d9b0780d-6721-4a7d-908d-3c9b816d7a79: shutdown FollowerState
2020-06-23 15:25:09,340 [Thread-191] INFO  impl.RaftServerImpl (RaftServerImpl.java:setRole(175)) - d9b0780d-6721-4a7d-908d-3c9b816d7a79@group-FE3E287A5BBF: changes role from  FOLLOWER to CANDIDATE at term 0 for changeToCandidate
2020-06-23 15:25:09,342 [Thread-191] INFO  impl.RoleInfo (RoleInfo.java:updateAndGet(143)) - d9b0780d-6721-4a7d-908d-3c9b816d7a79: start LeaderElection
2020-06-23 15:25:09,356 [d9b0780d-6721-4a7d-908d-3c9b816d7a79@group-FE3E287A5BBF-LeaderElection1] INFO  impl.LeaderElection (LeaderElection.java:askForVotes(206)) - d9b0780d-6721-4a7d-908d-3c9b816d7a79@group-FE3E287A5BBF-LeaderElection1: begin an election at term 1 for -1: [d9b0780d-6721-4a7d-908d-3c9b816d7a79:172.17.0.2:39717], old=null
2020-06-23 15:25:09,357 [d9b0780d-6721-4a7d-908d-3c9b816d7a79@group-FE3E287A5BBF-LeaderElection1] INFO  impl.RoleInfo (RoleInfo.java:shutdownLeaderElection(134)) - d9b0780d-6721-4a7d-908d-3c9b816d7a79: shutdown LeaderElection
2020-06-23 15:25:09,357 [Listener at 127.0.0.1/45503] INFO  ozone.MiniOzoneClusterImpl (MiniOzoneClusterImpl.java:lambda$waitForClusterToBeReady$0(177)) - Nodes are ready. Got 3 of 3 DN Heartbeats.
2020-06-23 15:25:09,358 [Listener at 127.0.0.1/45503] INFO  ozone.MiniOzoneClusterImpl (MiniOzoneClusterImpl.java:lambda$waitForClusterToBeReady$0(180)) - Waiting for cluster to exit safe mode
2020-06-23 15:25:09,358 [d9b0780d-6721-4a7d-908d-3c9b816d7a79@group-FE3E287A5BBF-LeaderElection1] INFO  impl.RaftServerImpl (RaftServerImpl.java:setRole(175)) - d9b0780d-6721-4a7d-908d-3c9b816d7a79@group-FE3E287A5BBF: changes role from CANDIDATE to LEADER at term 1 for changeToLeader
2020-06-23 15:25:09,358 [d9b0780d-6721-4a7d-908d-3c9b816d7a79@group-FE3E287A5BBF-LeaderElection1] INFO  ratis.XceiverServerRatis (XceiverServerRatis.java:handleLeaderChangedNotification(762)) - Leader change notification received for group: group-FE3E287A5BBF with new leaderId: d9b0780d-6721-4a7d-908d-3c9b816d7a79
2020-06-23 15:25:09,360 [d9b0780d-6721-4a7d-908d-3c9b816d7a79@group-FE3E287A5BBF-LeaderElection1] INFO  impl.RaftServerImpl (ServerState.java:setLeader(255)) - d9b0780d-6721-4a7d-908d-3c9b816d7a79@group-FE3E287A5BBF: change Leader from null to d9b0780d-6721-4a7d-908d-3c9b816d7a79 at term 1 for becomeLeader, leader elected after 5185ms
2020-06-23 15:25:09,364 [d9b0780d-6721-4a7d-908d-3c9b816d7a79@group-FE3E287A5BBF-LeaderElection1] INFO  server.RaftServerConfigKeys (ConfUtils.java:logGet(44)) - raft.server.staging.catchup.gap = 1000 (default)
2020-06-23 15:25:09,364 [d9b0780d-6721-4a7d-908d-3c9b816d7a79@group-FE3E287A5BBF-LeaderElection1] INFO  server.RaftServerConfigKeys (ConfUtils.java:logGet(44)) - raft.server.rpc.sleep.time = 25ms (default)
2020-06-23 15:25:09,366 [d9b0780d-6721-4a7d-908d-3c9b816d7a79@group-FE3E287A5BBF-LeaderElection1] INFO  metrics.RatisMetrics (RatisMetrics.java:lambda$create$0(36)) - Creating Metrics Registry : ratis.log_appender.d9b0780d-6721-4a7d-908d-3c9b816d7a79@group-FE3E287A5BBF
2020-06-23 15:25:09,368 [d9b0780d-6721-4a7d-908d-3c9b816d7a79@group-FE3E287A5BBF-LeaderElection1] INFO  server.RaftServerConfigKeys (ConfUtils.java:logGet(44)) - raft.server.write.element-limit = 1024 (custom)
2020-06-23 15:25:09,368 [d9b0780d-6721-4a7d-908d-3c9b816d7a79@group-FE3E287A5BBF-LeaderElection1] INFO  server.RaftServerConfigKeys (ConfUtils.java:logGet(44)) - raft.server.write.byte-limit = 1073741824 (custom)
2020-06-23 15:25:09,375 [d9b0780d-6721-4a7d-908d-3c9b816d7a79@group-FE3E287A5BBF-LeaderElection1] INFO  server.RaftServerConfigKeys (ConfUtils.java:logGet(44)) - raft.server.watch.timeout = 3s (custom)
2020-06-23 15:25:09,375 [d9b0780d-6721-4a7d-908d-3c9b816d7a79@group-FE3E287A5BBF-LeaderElection1] INFO  server.RaftServerConfigKeys (ConfUtils.java:logGet(44)) - raft.server.watch.timeout.denomination = 1s (default)
2020-06-23 15:25:09,376 [d9b0780d-6721-4a7d-908d-3c9b816d7a79@group-FE3E287A5BBF-LeaderElection1] INFO  server.RaftServerConfigKeys (ConfUtils.java:logGet(44)) - raft.server.watch.element-limit = 65536 (default)
2020-06-23 15:25:09,382 [d9b0780d-6721-4a7d-908d-3c9b816d7a79@group-FE3E287A5BBF-LeaderElection1] INFO  impl.RoleInfo (RoleInfo.java:updateAndGet(143)) - d9b0780d-6721-4a7d-908d-3c9b816d7a79: start LeaderState
2020-06-23 15:25:09,397 [d9b0780d-6721-4a7d-908d-3c9b816d7a79@group-FE3E287A5BBF-LeaderElection1] INFO  segmented.SegmentedRaftLogWorker (SegmentedRaftLogWorker.java:startLogSegment(397)) - d9b0780d-6721-4a7d-908d-3c9b816d7a79@group-FE3E287A5BBF-SegmentedRaftLogWorker: Starting segment from index:0
2020-06-23 15:25:09,429 [Thread-201] INFO  impl.FollowerState (FollowerState.java:run(108)) - 5c2a4d31-413f-4764-8dbe-c1e86ae31b73@group-21EEC8CD7942-FollowerState: change to CANDIDATE, lastRpcTime:5008ms, electionTimeout:5000ms
2020-06-23 15:25:09,431 [Thread-201] INFO  impl.RoleInfo (RoleInfo.java:shutdownFollowerState(121)) - 5c2a4d31-413f-4764-8dbe-c1e86ae31b73: shutdown FollowerState
2020-06-23 15:25:09,431 [Thread-201] INFO  impl.RaftServerImpl (RaftServerImpl.java:setRole(175)) - 5c2a4d31-413f-4764-8dbe-c1e86ae31b73@group-21EEC8CD7942: changes role from  FOLLOWER to CANDIDATE at term 0 for changeToCandidate
2020-06-23 15:25:09,431 [Thread-201] INFO  impl.RoleInfo (RoleInfo.java:updateAndGet(143)) - 5c2a4d31-413f-4764-8dbe-c1e86ae31b73: start LeaderElection
2020-06-23 15:25:09,429 [Thread-194] INFO  impl.FollowerState (FollowerState.java:run(108)) - fc0c238b-ed8a-4ee8-9379-2b9d99135e6b@group-E85C5122538E-FollowerState: change to CANDIDATE, lastRpcTime:5117ms, electionTimeout:5110ms
2020-06-23 15:25:09,431 [Thread-194] INFO  impl.RoleInfo (RoleInfo.java:shutdownFollowerState(121)) - fc0c238b-ed8a-4ee8-9379-2b9d99135e6b: shutdown FollowerState
2020-06-23 15:25:09,431 [Thread-194] INFO  impl.RaftServerImpl (RaftServerImpl.java:setRole(175)) - fc0c238b-ed8a-4ee8-9379-2b9d99135e6b@group-E85C5122538E: changes role from  FOLLOWER to CANDIDATE at term 0 for changeToCandidate
2020-06-23 15:25:09,432 [d9b0780d-6721-4a7d-908d-3c9b816d7a79@group-FE3E287A5BBF-LeaderElection1] INFO  impl.RaftServerImpl (ServerState.java:setRaftConf(356)) - d9b0780d-6721-4a7d-908d-3c9b816d7a79@group-FE3E287A5BBF: set configuration 0: [d9b0780d-6721-4a7d-908d-3c9b816d7a79:172.17.0.2:39717], old=null at 0
2020-06-23 15:25:09,439 [Thread-194] INFO  impl.RoleInfo (RoleInfo.java:updateAndGet(143)) - fc0c238b-ed8a-4ee8-9379-2b9d99135e6b: start LeaderElection
2020-06-23 15:25:09,459 [Thread-200] INFO  impl.FollowerState (FollowerState.java:run(108)) - d9b0780d-6721-4a7d-908d-3c9b816d7a79@group-44AD2A87E894-FollowerState: change to CANDIDATE, lastRpcTime:5053ms, electionTimeout:5030ms
2020-06-23 15:25:09,459 [Thread-200] INFO  impl.RoleInfo (RoleInfo.java:shutdownFollowerState(121)) - d9b0780d-6721-4a7d-908d-3c9b816d7a79: shutdown FollowerState
2020-06-23 15:25:09,459 [Thread-200] INFO  impl.RaftServerImpl (RaftServerImpl.java:setRole(175)) - d9b0780d-6721-4a7d-908d-3c9b816d7a79@group-44AD2A87E894: changes role from  FOLLOWER to CANDIDATE at term 0 for changeToCandidate
2020-06-23 15:25:09,459 [Thread-200] INFO  impl.RoleInfo (RoleInfo.java:updateAndGet(143)) - d9b0780d-6721-4a7d-908d-3c9b816d7a79: start LeaderElection
2020-06-23 15:25:09,461 [5c2a4d31-413f-4764-8dbe-c1e86ae31b73@group-21EEC8CD7942-LeaderElection2] INFO  impl.LeaderElection (LeaderElection.java:askForVotes(206)) - 5c2a4d31-413f-4764-8dbe-c1e86ae31b73@group-21EEC8CD7942-LeaderElection2: begin an election at term 1 for -1: [5c2a4d31-413f-4764-8dbe-c1e86ae31b73:172.17.0.2:35121], old=null
2020-06-23 15:25:09,467 [5c2a4d31-413f-4764-8dbe-c1e86ae31b73@group-21EEC8CD7942-LeaderElection2] INFO  impl.RoleInfo (RoleInfo.java:shutdownLeaderElection(134)) - 5c2a4d31-413f-4764-8dbe-c1e86ae31b73: shutdown LeaderElection
2020-06-23 15:25:09,468 [5c2a4d31-413f-4764-8dbe-c1e86ae31b73@group-21EEC8CD7942-LeaderElection2] INFO  impl.RaftServerImpl (RaftServerImpl.java:setRole(175)) - 5c2a4d31-413f-4764-8dbe-c1e86ae31b73@group-21EEC8CD7942: changes role from CANDIDATE to LEADER at term 1 for changeToLeader
2020-06-23 15:25:09,468 [5c2a4d31-413f-4764-8dbe-c1e86ae31b73@group-21EEC8CD7942-LeaderElection2] INFO  ratis.XceiverServerRatis (XceiverServerRatis.java:handleLeaderChangedNotification(762)) - Leader change notification received for group: group-21EEC8CD7942 with new leaderId: 5c2a4d31-413f-4764-8dbe-c1e86ae31b73
2020-06-23 15:25:09,468 [5c2a4d31-413f-4764-8dbe-c1e86ae31b73@group-21EEC8CD7942-LeaderElection2] INFO  impl.RaftServerImpl (ServerState.java:setLeader(255)) - 5c2a4d31-413f-4764-8dbe-c1e86ae31b73@group-21EEC8CD7942: change Leader from null to 5c2a4d31-413f-4764-8dbe-c1e86ae31b73 at term 1 for becomeLeader, leader elected after 5078ms
2020-06-23 15:25:09,468 [5c2a4d31-413f-4764-8dbe-c1e86ae31b73@group-21EEC8CD7942-LeaderElection2] INFO  server.RaftServerConfigKeys (ConfUtils.java:logGet(44)) - raft.server.staging.catchup.gap = 1000 (default)
2020-06-23 15:25:09,469 [5c2a4d31-413f-4764-8dbe-c1e86ae31b73@group-21EEC8CD7942-LeaderElection2] INFO  server.RaftServerConfigKeys (ConfUtils.java:logGet(44)) - raft.server.rpc.sleep.time = 25ms (default)
2020-06-23 15:25:09,469 [5c2a4d31-413f-4764-8dbe-c1e86ae31b73@group-21EEC8CD7942-LeaderElection2] INFO  metrics.RatisMetrics (RatisMetrics.java:lambda$create$0(36)) - Creating Metrics Registry : ratis.log_appender.5c2a4d31-413f-4764-8dbe-c1e86ae31b73@group-21EEC8CD7942
2020-06-23 15:25:09,469 [5c2a4d31-413f-4764-8dbe-c1e86ae31b73@group-21EEC8CD7942-LeaderElection2] INFO  server.RaftServerConfigKeys (ConfUtils.java:logGet(44)) - raft.server.write.element-limit = 1024 (custom)
2020-06-23 15:25:09,469 [5c2a4d31-413f-4764-8dbe-c1e86ae31b73@group-21EEC8CD7942-LeaderElection2] INFO  server.RaftServerConfigKeys (ConfUtils.java:logGet(44)) - raft.server.write.byte-limit = 1073741824 (custom)
2020-06-23 15:25:09,470 [5c2a4d31-413f-4764-8dbe-c1e86ae31b73@group-21EEC8CD7942-LeaderElection2] INFO  server.RaftServerConfigKeys (ConfUtils.java:logGet(44)) - raft.server.watch.timeout = 3s (custom)
2020-06-23 15:25:09,470 [5c2a4d31-413f-4764-8dbe-c1e86ae31b73@group-21EEC8CD7942-LeaderElection2] INFO  server.RaftServerConfigKeys (ConfUtils.java:logGet(44)) - raft.server.watch.timeout.denomination = 1s (default)
2020-06-23 15:25:09,470 [5c2a4d31-413f-4764-8dbe-c1e86ae31b73@group-21EEC8CD7942-LeaderElection2] INFO  server.RaftServerConfigKeys (ConfUtils.java:logGet(44)) - raft.server.watch.element-limit = 65536 (default)
2020-06-23 15:25:09,470 [5c2a4d31-413f-4764-8dbe-c1e86ae31b73@group-21EEC8CD7942-LeaderElection2] INFO  impl.RoleInfo (RoleInfo.java:updateAndGet(143)) - 5c2a4d31-413f-4764-8dbe-c1e86ae31b73: start LeaderState
2020-06-23 15:25:09,470 [5c2a4d31-413f-4764-8dbe-c1e86ae31b73@group-21EEC8CD7942-LeaderElection2] INFO  segmented.SegmentedRaftLogWorker (SegmentedRaftLogWorker.java:startLogSegment(397)) - 5c2a4d31-413f-4764-8dbe-c1e86ae31b73@group-21EEC8CD7942-SegmentedRaftLogWorker: Starting segment from index:0
2020-06-23 15:25:09,471 [fc0c238b-ed8a-4ee8-9379-2b9d99135e6b@group-E85C5122538E-LeaderElection3] INFO  impl.LeaderElection (LeaderElection.java:askForVotes(206)) - fc0c238b-ed8a-4ee8-9379-2b9d99135e6b@group-E85C5122538E-LeaderElection3: begin an election at term 1 for -1: [fc0c238b-ed8a-4ee8-9379-2b9d99135e6b:172.17.0.2:33877], old=null
2020-06-23 15:25:09,471 [fc0c238b-ed8a-4ee8-9379-2b9d99135e6b@group-E85C5122538E-LeaderElection3] INFO  impl.RoleInfo (RoleInfo.java:shutdownLeaderElection(134)) - fc0c238b-ed8a-4ee8-9379-2b9d99135e6b: shutdown LeaderElection
2020-06-23 15:25:09,471 [fc0c238b-ed8a-4ee8-9379-2b9d99135e6b@group-E85C5122538E-LeaderElection3] INFO  impl.RaftServerImpl (RaftServerImpl.java:setRole(175)) - fc0c238b-ed8a-4ee8-9379-2b9d99135e6b@group-E85C5122538E: changes role from CANDIDATE to LEADER at term 1 for changeToLeader
2020-06-23 15:25:09,471 [fc0c238b-ed8a-4ee8-9379-2b9d99135e6b@group-E85C5122538E-LeaderElection3] INFO  ratis.XceiverServerRatis (XceiverServerRatis.java:handleLeaderChangedNotification(762)) - Leader change notification received for group: group-E85C5122538E with new leaderId: fc0c238b-ed8a-4ee8-9379-2b9d99135e6b
2020-06-23 15:25:09,471 [fc0c238b-ed8a-4ee8-9379-2b9d99135e6b@group-E85C5122538E-LeaderElection3] INFO  impl.RaftServerImpl (ServerState.java:setLeader(255)) - fc0c238b-ed8a-4ee8-9379-2b9d99135e6b@group-E85C5122538E: change Leader from null to fc0c238b-ed8a-4ee8-9379-2b9d99135e6b at term 1 for becomeLeader, leader elected after 5170ms
2020-06-23 15:25:09,471 [fc0c238b-ed8a-4ee8-9379-2b9d99135e6b@group-E85C5122538E-LeaderElection3] INFO  server.RaftServerConfigKeys (ConfUtils.java:logGet(44)) - raft.server.staging.catchup.gap = 1000 (default)
2020-06-23 15:25:09,472 [fc0c238b-ed8a-4ee8-9379-2b9d99135e6b@group-E85C5122538E-LeaderElection3] INFO  server.RaftServerConfigKeys (ConfUtils.java:logGet(44)) - raft.server.rpc.sleep.time = 25ms (default)
2020-06-23 15:25:09,472 [fc0c238b-ed8a-4ee8-9379-2b9d99135e6b@group-E85C5122538E-LeaderElection3] INFO  metrics.RatisMetrics (RatisMetrics.java:lambda$create$0(36)) - Creating Metrics Registry : ratis.log_appender.fc0c238b-ed8a-4ee8-9379-2b9d99135e6b@group-E85C5122538E
2020-06-23 15:25:09,472 [fc0c238b-ed8a-4ee8-9379-2b9d99135e6b@group-E85C5122538E-LeaderElection3] INFO  server.RaftServerConfigKeys (ConfUtils.java:logGet(44)) - raft.server.write.element-limit = 1024 (custom)
2020-06-23 15:25:09,472 [fc0c238b-ed8a-4ee8-9379-2b9d99135e6b@group-E85C5122538E-LeaderElection3] INFO  server.RaftServerConfigKeys (ConfUtils.java:logGet(44)) - raft.server.write.byte-limit = 1073741824 (custom)
2020-06-23 15:25:09,472 [fc0c238b-ed8a-4ee8-9379-2b9d99135e6b@group-E85C5122538E-LeaderElection3] INFO  server.RaftServerConfigKeys (ConfUtils.java:logGet(44)) - raft.server.watch.timeout = 3s (custom)
2020-06-23 15:25:09,472 [fc0c238b-ed8a-4ee8-9379-2b9d99135e6b@group-E85C5122538E-LeaderElection3] INFO  server.RaftServerConfigKeys (ConfUtils.java:logGet(44)) - raft.server.watch.timeout.denomination = 1s (default)
2020-06-23 15:25:09,472 [fc0c238b-ed8a-4ee8-9379-2b9d99135e6b@group-E85C5122538E-LeaderElection3] INFO  server.RaftServerConfigKeys (ConfUtils.java:logGet(44)) - raft.server.watch.element-limit = 65536 (default)
2020-06-23 15:25:09,473 [fc0c238b-ed8a-4ee8-9379-2b9d99135e6b@group-E85C5122538E-LeaderElection3] INFO  impl.RoleInfo (RoleInfo.java:updateAndGet(143)) - fc0c238b-ed8a-4ee8-9379-2b9d99135e6b: start LeaderState
2020-06-23 15:25:09,473 [fc0c238b-ed8a-4ee8-9379-2b9d99135e6b@group-E85C5122538E-LeaderElection3] INFO  segmented.SegmentedRaftLogWorker (SegmentedRaftLogWorker.java:startLogSegment(397)) - fc0c238b-ed8a-4ee8-9379-2b9d99135e6b@group-E85C5122538E-SegmentedRaftLogWorker: Starting segment from index:0
2020-06-23 15:25:09,477 [fc0c238b-ed8a-4ee8-9379-2b9d99135e6b@group-E85C5122538E-LeaderElection3] INFO  impl.RaftServerImpl (ServerState.java:setRaftConf(356)) - fc0c238b-ed8a-4ee8-9379-2b9d99135e6b@group-E85C5122538E: set configuration 0: [fc0c238b-ed8a-4ee8-9379-2b9d99135e6b:172.17.0.2:33877], old=null at 0
2020-06-23 15:25:09,480 [Thread-203] INFO  impl.FollowerState (FollowerState.java:run(108)) - 5c2a4d31-413f-4764-8dbe-c1e86ae31b73@group-44AD2A87E894-FollowerState: change to CANDIDATE, lastRpcTime:5017ms, electionTimeout:5010ms
2020-06-23 15:25:09,481 [Thread-203] INFO  impl.RoleInfo (RoleInfo.java:shutdownFollowerState(121)) - 5c2a4d31-413f-4764-8dbe-c1e86ae31b73: shutdown FollowerState
2020-06-23 15:25:09,481 [Thread-203] INFO  impl.RaftServerImpl (RaftServerImpl.java:setRole(175)) - 5c2a4d31-413f-4764-8dbe-c1e86ae31b73@group-44AD2A87E894: changes role from  FOLLOWER to CANDIDATE at term 0 for changeToCandidate
2020-06-23 15:25:09,482 [5c2a4d31-413f-4764-8dbe-c1e86ae31b73@group-21EEC8CD7942-LeaderElection2] INFO  impl.RaftServerImpl (ServerState.java:setRaftConf(356)) - 5c2a4d31-413f-4764-8dbe-c1e86ae31b73@group-21EEC8CD7942: set configuration 0: [5c2a4d31-413f-4764-8dbe-c1e86ae31b73:172.17.0.2:35121], old=null at 0
2020-06-23 15:25:09,483 [Thread-203] INFO  impl.RoleInfo (RoleInfo.java:updateAndGet(143)) - 5c2a4d31-413f-4764-8dbe-c1e86ae31b73: start LeaderElection
2020-06-23 15:25:09,500 [d9b0780d-6721-4a7d-908d-3c9b816d7a79@group-44AD2A87E894-LeaderElection4] INFO  impl.LeaderElection (LeaderElection.java:askForVotes(206)) - d9b0780d-6721-4a7d-908d-3c9b816d7a79@group-44AD2A87E894-LeaderElection4: begin an election at term 1 for -1: [d9b0780d-6721-4a7d-908d-3c9b816d7a79:172.17.0.2:39717, fc0c238b-ed8a-4ee8-9379-2b9d99135e6b:172.17.0.2:33877, 5c2a4d31-413f-4764-8dbe-c1e86ae31b73:172.17.0.2:35121], old=null
2020-06-23 15:25:09,504 [5c2a4d31-413f-4764-8dbe-c1e86ae31b73@group-44AD2A87E894-LeaderElection5] INFO  impl.LeaderElection (LeaderElection.java:askForVotes(206)) - 5c2a4d31-413f-4764-8dbe-c1e86ae31b73@group-44AD2A87E894-LeaderElection5: begin an election at term 1 for -1: [d9b0780d-6721-4a7d-908d-3c9b816d7a79:172.17.0.2:39717, fc0c238b-ed8a-4ee8-9379-2b9d99135e6b:172.17.0.2:33877, 5c2a4d31-413f-4764-8dbe-c1e86ae31b73:172.17.0.2:35121], old=null
2020-06-23 15:25:09,521 [Thread-196] INFO  impl.FollowerState (FollowerState.java:run(108)) - fc0c238b-ed8a-4ee8-9379-2b9d99135e6b@group-44AD2A87E894-FollowerState: change to CANDIDATE, lastRpcTime:5151ms, electionTimeout:5148ms
2020-06-23 15:25:09,521 [Thread-196] INFO  impl.RoleInfo (RoleInfo.java:shutdownFollowerState(121)) - fc0c238b-ed8a-4ee8-9379-2b9d99135e6b: shutdown FollowerState
2020-06-23 15:25:09,521 [Thread-196] INFO  impl.RaftServerImpl (RaftServerImpl.java:setRole(175)) - fc0c238b-ed8a-4ee8-9379-2b9d99135e6b@group-44AD2A87E894: changes role from  FOLLOWER to CANDIDATE at term 0 for changeToCandidate
2020-06-23 15:25:09,533 [Thread-196] INFO  impl.RoleInfo (RoleInfo.java:updateAndGet(143)) - fc0c238b-ed8a-4ee8-9379-2b9d99135e6b: start LeaderElection
2020-06-23 15:25:09,540 [fc0c238b-ed8a-4ee8-9379-2b9d99135e6b@group-44AD2A87E894-LeaderElection6] INFO  impl.LeaderElection (LeaderElection.java:askForVotes(206)) - fc0c238b-ed8a-4ee8-9379-2b9d99135e6b@group-44AD2A87E894-LeaderElection6: begin an election at term 1 for -1: [d9b0780d-6721-4a7d-908d-3c9b816d7a79:172.17.0.2:39717, fc0c238b-ed8a-4ee8-9379-2b9d99135e6b:172.17.0.2:33877, 5c2a4d31-413f-4764-8dbe-c1e86ae31b73:172.17.0.2:35121], old=null
2020-06-23 15:25:09,637 [d9b0780d-6721-4a7d-908d-3c9b816d7a79@group-44AD2A87E894-LeaderElection4] INFO  impl.LeaderElection (LeaderElection.java:logAndReturn(61)) - d9b0780d-6721-4a7d-908d-3c9b816d7a79@group-44AD2A87E894-LeaderElection4: Election REJECTED; received 2 response(s) [d9b0780d-6721-4a7d-908d-3c9b816d7a79<-fc0c238b-ed8a-4ee8-9379-2b9d99135e6b#0:FAIL-t1, d9b0780d-6721-4a7d-908d-3c9b816d7a79<-5c2a4d31-413f-4764-8dbe-c1e86ae31b73#0:FAIL-t1] and 0 exception(s); d9b0780d-6721-4a7d-908d-3c9b816d7a79@group-44AD2A87E894:t1, leader=null, voted=d9b0780d-6721-4a7d-908d-3c9b816d7a79, raftlog=d9b0780d-6721-4a7d-908d-3c9b816d7a79@group-44AD2A87E894-SegmentedRaftLog:OPENED:c-1,f-1,i0, conf=-1: [d9b0780d-6721-4a7d-908d-3c9b816d7a79:172.17.0.2:39717, fc0c238b-ed8a-4ee8-9379-2b9d99135e6b:172.17.0.2:33877, 5c2a4d31-413f-4764-8dbe-c1e86ae31b73:172.17.0.2:35121], old=null
2020-06-23 15:25:09,638 [d9b0780d-6721-4a7d-908d-3c9b816d7a79@group-44AD2A87E894-LeaderElection4] INFO  impl.RaftServerImpl (RaftServerImpl.java:setRole(175)) - d9b0780d-6721-4a7d-908d-3c9b816d7a79@group-44AD2A87E894: changes role from CANDIDATE to FOLLOWER at term 1 for DISCOVERED_A_NEW_TERM
2020-06-23 15:25:09,638 [d9b0780d-6721-4a7d-908d-3c9b816d7a79@group-44AD2A87E894-LeaderElection4] INFO  impl.RoleInfo (RoleInfo.java:shutdownLeaderElection(134)) - d9b0780d-6721-4a7d-908d-3c9b816d7a79: shutdown LeaderElection
2020-06-23 15:25:09,638 [d9b0780d-6721-4a7d-908d-3c9b816d7a79@group-44AD2A87E894-LeaderElection4] INFO  impl.RoleInfo (RoleInfo.java:updateAndGet(143)) - d9b0780d-6721-4a7d-908d-3c9b816d7a79: start FollowerState
2020-06-23 15:25:09,683 [5c2a4d31-413f-4764-8dbe-c1e86ae31b73@group-44AD2A87E894-LeaderElection5] INFO  impl.LeaderElection (LeaderElection.java:logAndReturn(61)) - 5c2a4d31-413f-4764-8dbe-c1e86ae31b73@group-44AD2A87E894-LeaderElection5: Election REJECTED; received 2 response(s) [5c2a4d31-413f-4764-8dbe-c1e86ae31b73<-d9b0780d-6721-4a7d-908d-3c9b816d7a79#0:FAIL-t1, 5c2a4d31-413f-4764-8dbe-c1e86ae31b73<-fc0c238b-ed8a-4ee8-9379-2b9d99135e6b#0:FAIL-t1] and 0 exception(s); 5c2a4d31-413f-4764-8dbe-c1e86ae31b73@group-44AD2A87E894:t1, leader=null, voted=5c2a4d31-413f-4764-8dbe-c1e86ae31b73, raftlog=5c2a4d31-413f-4764-8dbe-c1e86ae31b73@group-44AD2A87E894-SegmentedRaftLog:OPENED:c-1,f-1,i0, conf=-1: [d9b0780d-6721-4a7d-908d-3c9b816d7a79:172.17.0.2:39717, fc0c238b-ed8a-4ee8-9379-2b9d99135e6b:172.17.0.2:33877, 5c2a4d31-413f-4764-8dbe-c1e86ae31b73:172.17.0.2:35121], old=null
2020-06-23 15:25:09,685 [5c2a4d31-413f-4764-8dbe-c1e86ae31b73@group-44AD2A87E894-LeaderElection5] INFO  impl.RaftServerImpl (RaftServerImpl.java:setRole(175)) - 5c2a4d31-413f-4764-8dbe-c1e86ae31b73@group-44AD2A87E894: changes role from CANDIDATE to FOLLOWER at term 1 for DISCOVERED_A_NEW_TERM
2020-06-23 15:25:09,685 [5c2a4d31-413f-4764-8dbe-c1e86ae31b73@group-44AD2A87E894-LeaderElection5] INFO  impl.RoleInfo (RoleInfo.java:shutdownLeaderElection(134)) - 5c2a4d31-413f-4764-8dbe-c1e86ae31b73: shutdown LeaderElection
2020-06-23 15:25:09,685 [5c2a4d31-413f-4764-8dbe-c1e86ae31b73@group-44AD2A87E894-LeaderElection5] INFO  impl.RoleInfo (RoleInfo.java:updateAndGet(143)) - 5c2a4d31-413f-4764-8dbe-c1e86ae31b73: start FollowerState
2020-06-23 15:25:09,686 [fc0c238b-ed8a-4ee8-9379-2b9d99135e6b@group-44AD2A87E894-LeaderElection6] INFO  impl.LeaderElection (LeaderElection.java:logAndReturn(61)) - fc0c238b-ed8a-4ee8-9379-2b9d99135e6b@group-44AD2A87E894-LeaderElection6: Election REJECTED; received 2 response(s) [fc0c238b-ed8a-4ee8-9379-2b9d99135e6b<-d9b0780d-6721-4a7d-908d-3c9b816d7a79#0:FAIL-t1, fc0c238b-ed8a-4ee8-9379-2b9d99135e6b<-5c2a4d31-413f-4764-8dbe-c1e86ae31b73#0:FAIL-t1] and 0 exception(s); fc0c238b-ed8a-4ee8-9379-2b9d99135e6b@group-44AD2A87E894:t1, leader=null, voted=fc0c238b-ed8a-4ee8-9379-2b9d99135e6b, raftlog=fc0c238b-ed8a-4ee8-9379-2b9d99135e6b@group-44AD2A87E894-SegmentedRaftLog:OPENED:c-1,f-1,i0, conf=-1: [d9b0780d-6721-4a7d-908d-3c9b816d7a79:172.17.0.2:39717, fc0c238b-ed8a-4ee8-9379-2b9d99135e6b:172.17.0.2:33877, 5c2a4d31-413f-4764-8dbe-c1e86ae31b73:172.17.0.2:35121], old=null
2020-06-23 15:25:09,689 [fc0c238b-ed8a-4ee8-9379-2b9d99135e6b@group-44AD2A87E894-LeaderElection6] INFO  impl.RaftServerImpl (RaftServerImpl.java:setRole(175)) - fc0c238b-ed8a-4ee8-9379-2b9d99135e6b@group-44AD2A87E894: changes role from CANDIDATE to FOLLOWER at term 1 for DISCOVERED_A_NEW_TERM
2020-06-23 15:25:09,689 [fc0c238b-ed8a-4ee8-9379-2b9d99135e6b@group-44AD2A87E894-LeaderElection6] INFO  impl.RoleInfo (RoleInfo.java:shutdownLeaderElection(134)) - fc0c238b-ed8a-4ee8-9379-2b9d99135e6b: shutdown LeaderElection
2020-06-23 15:25:09,689 [fc0c238b-ed8a-4ee8-9379-2b9d99135e6b@group-44AD2A87E894-LeaderElection6] INFO  impl.RoleInfo (RoleInfo.java:updateAndGet(143)) - fc0c238b-ed8a-4ee8-9379-2b9d99135e6b: start FollowerState
2020-06-23 15:25:09,699 [5c2a4d31-413f-4764-8dbe-c1e86ae31b73@group-21EEC8CD7942-SegmentedRaftLogWorker] INFO  segmented.SegmentedRaftLogWorker (SegmentedRaftLogWorker.java:execute(596)) - 5c2a4d31-413f-4764-8dbe-c1e86ae31b73@group-21EEC8CD7942-SegmentedRaftLogWorker: created new log segment /github/workspace/mnt/ozone/hadoop-ozone/integration-test/target/test-dir/MiniOzoneClusterImpl-4fcc031e-6e0f-4975-a7ce-24d4c61de348/datanode-2/data/ratis/81934d82-d6f2-4617-9ed8-21eec8cd7942/current/log_inprogress_0
2020-06-23 15:25:09,701 [fc0c238b-ed8a-4ee8-9379-2b9d99135e6b@group-E85C5122538E-SegmentedRaftLogWorker] INFO  segmented.SegmentedRaftLogWorker (SegmentedRaftLogWorker.java:execute(596)) - fc0c238b-ed8a-4ee8-9379-2b9d99135e6b@group-E85C5122538E-SegmentedRaftLogWorker: created new log segment /github/workspace/mnt/ozone/hadoop-ozone/integration-test/target/test-dir/MiniOzoneClusterImpl-4fcc031e-6e0f-4975-a7ce-24d4c61de348/datanode-1/data/ratis/5f6c510e-26d7-491e-a613-e85c5122538e/current/log_inprogress_0
2020-06-23 15:25:09,710 [d9b0780d-6721-4a7d-908d-3c9b816d7a79@group-FE3E287A5BBF-SegmentedRaftLogWorker] INFO  segmented.SegmentedRaftLogWorker (SegmentedRaftLogWorker.java:execute(596)) - d9b0780d-6721-4a7d-908d-3c9b816d7a79@group-FE3E287A5BBF-SegmentedRaftLogWorker: created new log segment /github/workspace/mnt/ozone/hadoop-ozone/integration-test/target/test-dir/MiniOzoneClusterImpl-4fcc031e-6e0f-4975-a7ce-24d4c61de348/datanode-0/data/ratis/eae08db9-3ae1-479b-b186-fe3e287a5bbf/current/log_inprogress_0
2020-06-23 15:25:10,358 [Listener at 127.0.0.1/45503] INFO  ozone.MiniOzoneClusterImpl (MiniOzoneClusterImpl.java:lambda$waitForClusterToBeReady$0(177)) - Nodes are ready. Got 3 of 3 DN Heartbeats.
2020-06-23 15:25:10,358 [Listener at 127.0.0.1/45503] INFO  ozone.MiniOzoneClusterImpl (MiniOzoneClusterImpl.java:lambda$waitForClusterToBeReady$0(180)) - Waiting for cluster to exit safe mode
2020-06-23 15:25:11,358 [Listener at 127.0.0.1/45503] INFO  ozone.MiniOzoneClusterImpl (MiniOzoneClusterImpl.java:lambda$waitForClusterToBeReady$0(177)) - Nodes are ready. Got 3 of 3 DN Heartbeats.
2020-06-23 15:25:11,359 [Listener at 127.0.0.1/45503] INFO  ozone.MiniOzoneClusterImpl (MiniOzoneClusterImpl.java:lambda$waitForClusterToBeReady$0(180)) - Waiting for cluster to exit safe mode
2020-06-23 15:25:12,359 [Listener at 127.0.0.1/45503] INFO  ozone.MiniOzoneClusterImpl (MiniOzoneClusterImpl.java:lambda$waitForClusterToBeReady$0(177)) - Nodes are ready. Got 3 of 3 DN Heartbeats.
2020-06-23 15:25:12,359 [Listener at 127.0.0.1/45503] INFO  ozone.MiniOzoneClusterImpl (MiniOzoneClusterImpl.java:lambda$waitForClusterToBeReady$0(180)) - Waiting for cluster to exit safe mode
2020-06-23 15:25:13,359 [Listener at 127.0.0.1/45503] INFO  ozone.MiniOzoneClusterImpl (MiniOzoneClusterImpl.java:lambda$waitForClusterToBeReady$0(177)) - Nodes are ready. Got 3 of 3 DN Heartbeats.
2020-06-23 15:25:13,360 [Listener at 127.0.0.1/45503] INFO  ozone.MiniOzoneClusterImpl (MiniOzoneClusterImpl.java:lambda$waitForClusterToBeReady$0(180)) - Waiting for cluster to exit safe mode
2020-06-23 15:25:14,360 [Listener at 127.0.0.1/45503] INFO  ozone.MiniOzoneClusterImpl (MiniOzoneClusterImpl.java:lambda$waitForClusterToBeReady$0(177)) - Nodes are ready. Got 3 of 3 DN Heartbeats.
2020-06-23 15:25:14,360 [Listener at 127.0.0.1/45503] INFO  ozone.MiniOzoneClusterImpl (MiniOzoneClusterImpl.java:lambda$waitForClusterToBeReady$0(180)) - Waiting for cluster to exit safe mode
2020-06-23 15:25:14,745 [Thread-236] INFO  impl.FollowerState (FollowerState.java:run(108)) - fc0c238b-ed8a-4ee8-9379-2b9d99135e6b@group-44AD2A87E894-FollowerState: change to CANDIDATE, lastRpcTime:5055ms, electionTimeout:5055ms
2020-06-23 15:25:14,745 [Thread-236] INFO  impl.RoleInfo (RoleInfo.java:shutdownFollowerState(121)) - fc0c238b-ed8a-4ee8-9379-2b9d99135e6b: shutdown FollowerState
2020-06-23 15:25:14,745 [Thread-236] INFO  impl.RaftServerImpl (RaftServerImpl.java:setRole(175)) - fc0c238b-ed8a-4ee8-9379-2b9d99135e6b@group-44AD2A87E894: changes role from  FOLLOWER to CANDIDATE at term 1 for changeToCandidate
2020-06-23 15:25:14,745 [Thread-236] INFO  impl.RoleInfo (RoleInfo.java:updateAndGet(143)) - fc0c238b-ed8a-4ee8-9379-2b9d99135e6b: start LeaderElection
2020-06-23 15:25:14,747 [fc0c238b-ed8a-4ee8-9379-2b9d99135e6b@group-44AD2A87E894-LeaderElection7] INFO  impl.LeaderElection (LeaderElection.java:askForVotes(206)) - fc0c238b-ed8a-4ee8-9379-2b9d99135e6b@group-44AD2A87E894-LeaderElection7: begin an election at term 2 for -1: [d9b0780d-6721-4a7d-908d-3c9b816d7a79:172.17.0.2:39717, fc0c238b-ed8a-4ee8-9379-2b9d99135e6b:172.17.0.2:33877, 5c2a4d31-413f-4764-8dbe-c1e86ae31b73:172.17.0.2:35121], old=null
2020-06-23 15:25:14,749 [Thread-234] INFO  impl.FollowerState (FollowerState.java:run(108)) - d9b0780d-6721-4a7d-908d-3c9b816d7a79@group-44AD2A87E894-FollowerState: change to CANDIDATE, lastRpcTime:5110ms, electionTimeout:5098ms
2020-06-23 15:25:14,749 [Thread-234] INFO  impl.RoleInfo (RoleInfo.java:shutdownFollowerState(121)) - d9b0780d-6721-4a7d-908d-3c9b816d7a79: shutdown FollowerState
2020-06-23 15:25:14,749 [Thread-234] INFO  impl.RaftServerImpl (RaftServerImpl.java:setRole(175)) - d9b0780d-6721-4a7d-908d-3c9b816d7a79@group-44AD2A87E894: changes role from  FOLLOWER to CANDIDATE at term 1 for changeToCandidate
2020-06-23 15:25:14,749 [Thread-234] INFO  impl.RoleInfo (RoleInfo.java:updateAndGet(143)) - d9b0780d-6721-4a7d-908d-3c9b816d7a79: start LeaderElection
2020-06-23 15:25:14,752 [grpc-default-executor-0] INFO  impl.RaftServerImpl (RaftServerImpl.java:setRole(175)) - 5c2a4d31-413f-4764-8dbe-c1e86ae31b73@group-44AD2A87E894: changes role from  FOLLOWER to FOLLOWER at term 2 for recognizeCandidate:fc0c238b-ed8a-4ee8-9379-2b9d99135e6b
2020-06-23 15:25:14,752 [grpc-default-executor-0] INFO  impl.RoleInfo (RoleInfo.java:shutdownFollowerState(121)) - 5c2a4d31-413f-4764-8dbe-c1e86ae31b73: shutdown FollowerState
2020-06-23 15:25:14,752 [grpc-default-executor-0] INFO  impl.RoleInfo (RoleInfo.java:updateAndGet(143)) - 5c2a4d31-413f-4764-8dbe-c1e86ae31b73: start FollowerState
2020-06-23 15:25:14,753 [Thread-235] INFO  impl.FollowerState (FollowerState.java:run(117)) - 5c2a4d31-413f-4764-8dbe-c1e86ae31b73@group-44AD2A87E894-FollowerState was interrupted: java.lang.InterruptedException: sleep interrupted
2020-06-23 15:25:14,759 [grpc-default-executor-1] INFO  impl.RaftServerImpl (RaftServerImpl.java:setRole(175)) - d9b0780d-6721-4a7d-908d-3c9b816d7a79@group-44AD2A87E894: changes role from CANDIDATE to FOLLOWER at term 2 for recognizeCandidate:fc0c238b-ed8a-4ee8-9379-2b9d99135e6b
2020-06-23 15:25:14,759 [grpc-default-executor-1] INFO  impl.RoleInfo (RoleInfo.java:shutdownLeaderElection(134)) - d9b0780d-6721-4a7d-908d-3c9b816d7a79: shutdown LeaderElection
2020-06-23 15:25:14,759 [grpc-default-executor-1] INFO  impl.RoleInfo (RoleInfo.java:updateAndGet(143)) - d9b0780d-6721-4a7d-908d-3c9b816d7a79: start FollowerState
2020-06-23 15:25:14,764 [fc0c238b-ed8a-4ee8-9379-2b9d99135e6b@group-44AD2A87E894-LeaderElection7] INFO  impl.LeaderElection (LeaderElection.java:logAndReturn(61)) - fc0c238b-ed8a-4ee8-9379-2b9d99135e6b@group-44AD2A87E894-LeaderElection7: Election PASSED; received 2 response(s) [fc0c238b-ed8a-4ee8-9379-2b9d99135e6b<-d9b0780d-6721-4a7d-908d-3c9b816d7a79#0:FAIL-t2, fc0c238b-ed8a-4ee8-9379-2b9d99135e6b<-5c2a4d31-413f-4764-8dbe-c1e86ae31b73#0:OK-t2] and 0 exception(s); fc0c238b-ed8a-4ee8-9379-2b9d99135e6b@group-44AD2A87E894:t2, leader=null, voted=fc0c238b-ed8a-4ee8-9379-2b9d99135e6b, raftlog=fc0c238b-ed8a-4ee8-9379-2b9d99135e6b@group-44AD2A87E894-SegmentedRaftLog:OPENED:c-1,f-1,i0, conf=-1: [d9b0780d-6721-4a7d-908d-3c9b816d7a79:172.17.0.2:39717, fc0c238b-ed8a-4ee8-9379-2b9d99135e6b:172.17.0.2:33877, 5c2a4d31-413f-4764-8dbe-c1e86ae31b73:172.17.0.2:35121], old=null
2020-06-23 15:25:14,764 [fc0c238b-ed8a-4ee8-9379-2b9d99135e6b@group-44AD2A87E894-LeaderElection7] INFO  impl.RoleInfo (RoleInfo.java:shutdownLeaderElection(134)) - fc0c238b-ed8a-4ee8-9379-2b9d99135e6b: shutdown LeaderElection
2020-06-23 15:25:14,764 [fc0c238b-ed8a-4ee8-9379-2b9d99135e6b@group-44AD2A87E894-LeaderElection7] INFO  impl.RaftServerImpl (RaftServerImpl.java:setRole(175)) - fc0c238b-ed8a-4ee8-9379-2b9d99135e6b@group-44AD2A87E894: changes role from CANDIDATE to LEADER at term 2 for changeToLeader
2020-06-23 15:25:14,764 [fc0c238b-ed8a-4ee8-9379-2b9d99135e6b@group-44AD2A87E894-LeaderElection7] INFO  ratis.XceiverServerRatis (XceiverServerRatis.java:handleLeaderChangedNotification(762)) - Leader change notification received for group: group-44AD2A87E894 with new leaderId: fc0c238b-ed8a-4ee8-9379-2b9d99135e6b
2020-06-23 15:25:14,765 [fc0c238b-ed8a-4ee8-9379-2b9d99135e6b@group-44AD2A87E894-LeaderElection7] INFO  impl.RaftServerImpl (ServerState.java:setLeader(255)) - fc0c238b-ed8a-4ee8-9379-2b9d99135e6b@group-44AD2A87E894: change Leader from null to fc0c238b-ed8a-4ee8-9379-2b9d99135e6b at term 2 for becomeLeader, leader elected after 10415ms
2020-06-23 15:25:14,766 [fc0c238b-ed8a-4ee8-9379-2b9d99135e6b@group-44AD2A87E894-LeaderElection7] INFO  server.RaftServerConfigKeys (ConfUtils.java:logGet(44)) - raft.server.staging.catchup.gap = 1000 (default)
2020-06-23 15:25:14,766 [fc0c238b-ed8a-4ee8-9379-2b9d99135e6b@group-44AD2A87E894-LeaderElection7] INFO  server.RaftServerConfigKeys (ConfUtils.java:logGet(44)) - raft.server.rpc.sleep.time = 25ms (default)
2020-06-23 15:25:14,767 [fc0c238b-ed8a-4ee8-9379-2b9d99135e6b@group-44AD2A87E894-LeaderElection7] INFO  metrics.RatisMetrics (RatisMetrics.java:lambda$create$0(36)) - Creating Metrics Registry : ratis.log_appender.fc0c238b-ed8a-4ee8-9379-2b9d99135e6b@group-44AD2A87E894
2020-06-23 15:25:14,767 [EventQueue-PipelineReportForPipelineReportHandler] INFO  pipeline.PipelineStateManager (PipelineStateManager.java:openPipeline(131)) - Pipeline Pipeline[ Id: 0117db2b-a688-42c3-b545-44ad2a87e894, Nodes: d9b0780d-6721-4a7d-908d-3c9b816d7a79{ip: 172.17.0.2, host: 6d5f4f143f60, networkLocation: /default-rack, certSerialId: null}5c2a4d31-413f-4764-8dbe-c1e86ae31b73{ip: 172.17.0.2, host: 6d5f4f143f60, networkLocation: /default-rack, certSerialId: null}fc0c238b-ed8a-4ee8-9379-2b9d99135e6b{ip: 172.17.0.2, host: 6d5f4f143f60, networkLocation: /default-rack, certSerialId: null}, Type:RATIS, Factor:THREE, State:ALLOCATED, leaderId:fc0c238b-ed8a-4ee8-9379-2b9d99135e6b, CreationTimestamp2020-06-23T15:25:01.371Z] moved to OPEN state
2020-06-23 15:25:14,766 [d9b0780d-6721-4a7d-908d-3c9b816d7a79@group-44AD2A87E894-LeaderElection8] INFO  impl.LeaderElection (LeaderElection.java:askForVotes(206)) - d9b0780d-6721-4a7d-908d-3c9b816d7a79@group-44AD2A87E894-LeaderElection8: begin an election at term 3 for -1: [d9b0780d-6721-4a7d-908d-3c9b816d7a79:172.17.0.2:39717, fc0c238b-ed8a-4ee8-9379-2b9d99135e6b:172.17.0.2:33877, 5c2a4d31-413f-4764-8dbe-c1e86ae31b73:172.17.0.2:35121], old=null
2020-06-23 15:25:14,769 [EventQueue-OpenPipelineForHealthyPipelineSafeModeRule] INFO  safemode.SCMSafeModeManager (HealthyPipelineSafeModeRule.java:process(132)) - SCM in safe mode. Healthy pipelines reported count is 1, required healthy pipeline reported count is 1
2020-06-23 15:25:14,769 [EventQueue-OpenPipelineForOneReplicaPipelineSafeModeRule] INFO  safemode.SCMSafeModeManager (SCMSafeModeManager.java:validateSafeModeExitRules(214)) - AtleastOneDatanodeReportedRule rule is successfully validated
2020-06-23 15:25:14,767 [fc0c238b-ed8a-4ee8-9379-2b9d99135e6b@group-44AD2A87E894-LeaderElection7] INFO  server.RaftServerConfigKeys (ConfUtils.java:logGet(44)) - raft.server.write.element-limit = 1024 (custom)
2020-06-23 15:25:14,770 [EventQueue-OpenPipelineForHealthyPipelineSafeModeRule] INFO  safemode.SCMSafeModeManager (SCMSafeModeManager.java:validateSafeModeExitRules(214)) - HealthyPipelineSafeModeRule rule is successfully validated
2020-06-23 15:25:14,774 [EventQueue-OpenPipelineForHealthyPipelineSafeModeRule] INFO  safemode.SCMSafeModeManager (SCMSafeModeManager.java:validateSafeModeExitRules(228)) - ScmSafeModeManager, all rules are successfully validated
2020-06-23 15:25:14,770 [fc0c238b-ed8a-4ee8-9379-2b9d99135e6b@group-44AD2A87E894-LeaderElection7] INFO  server.RaftServerConfigKeys (ConfUtils.java:logGet(44)) - raft.server.write.byte-limit = 1073741824 (custom)
2020-06-23 15:25:14,774 [EventQueue-OpenPipelineForHealthyPipelineSafeModeRule] INFO  safemode.SCMSafeModeManager (SCMSafeModeManager.java:exitSafeMode(257)) - SCM exiting safe mode.
2020-06-23 15:25:14,775 [fc0c238b-ed8a-4ee8-9379-2b9d99135e6b@group-44AD2A87E894-LeaderElection7] INFO  server.RaftServerConfigKeys (ConfUtils.java:logGet(44)) - raft.server.watch.timeout = 3s (custom)
2020-06-23 15:25:14,775 [fc0c238b-ed8a-4ee8-9379-2b9d99135e6b@group-44AD2A87E894-LeaderElection7] INFO  server.RaftServerConfigKeys (ConfUtils.java:logGet(44)) - raft.server.watch.timeout.denomination = 1s (default)
2020-06-23 15:25:14,775 [fc0c238b-ed8a-4ee8-9379-2b9d99135e6b@group-44AD2A87E894-LeaderElection7] INFO  server.RaftServerConfigKeys (ConfUtils.java:logGet(44)) - raft.server.watch.element-limit = 65536 (default)
2020-06-23 15:25:14,779 [fc0c238b-ed8a-4ee8-9379-2b9d99135e6b@group-44AD2A87E894-LeaderElection7] INFO  server.RaftServerConfigKeys (ConfUtils.java:logGet(44)) - raft.server.log.appender.snapshot.chunk.size.max = 16MB (=16777216) (default)
2020-06-23 15:25:14,779 [fc0c238b-ed8a-4ee8-9379-2b9d99135e6b@group-44AD2A87E894-LeaderElection7] INFO  server.RaftServerConfigKeys (ConfUtils.java:logGet(44)) - raft.server.log.appender.buffer.byte-limit = 33554432 (custom)
2020-06-23 15:25:14,780 [fc0c238b-ed8a-4ee8-9379-2b9d99135e6b@group-44AD2A87E894-LeaderElection7] INFO  server.RaftServerConfigKeys (ConfUtils.java:logGet(44)) - raft.server.log.appender.buffer.element-limit = 1 (custom)
2020-06-23 15:25:14,783 [d9b0780d-6721-4a7d-908d-3c9b816d7a79@group-44AD2A87E894-LeaderElection8] INFO  impl.LeaderElection (LeaderElection.java:logAndReturn(61)) - d9b0780d-6721-4a7d-908d-3c9b816d7a79@group-44AD2A87E894-LeaderElection8: Election REJECTED; received 0 response(s) [] and 0 exception(s); d9b0780d-6721-4a7d-908d-3c9b816d7a79@group-44AD2A87E894:t3, leader=null, voted=d9b0780d-6721-4a7d-908d-3c9b816d7a79, raftlog=d9b0780d-6721-4a7d-908d-3c9b816d7a79@group-44AD2A87E894-SegmentedRaftLog:OPENED:c-1,f-1,i0, conf=-1: [d9b0780d-6721-4a7d-908d-3c9b816d7a79:172.17.0.2:39717, fc0c238b-ed8a-4ee8-9379-2b9d99135e6b:172.17.0.2:33877, 5c2a4d31-413f-4764-8dbe-c1e86ae31b73:172.17.0.2:35121], old=null
2020-06-23 15:25:14,788 [fc0c238b-ed8a-4ee8-9379-2b9d99135e6b@group-44AD2A87E894-LeaderElection7] INFO  grpc.GrpcConfigKeys (ConfUtils.java:logGet(44)) - raft.grpc.server.leader.outstanding.appends.max = 128 (default)
2020-06-23 15:25:14,789 [fc0c238b-ed8a-4ee8-9379-2b9d99135e6b@group-44AD2A87E894-LeaderElection7] INFO  server.RaftServerConfigKeys (ConfUtils.java:logGet(44)) - raft.server.rpc.request.timeout = 3s (default)
2020-06-23 15:25:14,789 [fc0c238b-ed8a-4ee8-9379-2b9d99135e6b@group-44AD2A87E894-LeaderElection7] INFO  server.RaftServerConfigKeys (ConfUtils.java:logGet(44)) - raft.server.log.appender.install.snapshot.enabled = false (custom)
2020-06-23 15:25:14,789 [fc0c238b-ed8a-4ee8-9379-2b9d99135e6b@group-44AD2A87E894-LeaderElection7] INFO  metrics.RatisMetrics (RatisMetrics.java:lambda$create$0(36)) - Creating Metrics Registry : ratis_grpc.log_appender.fc0c238b-ed8a-4ee8-9379-2b9d99135e6b@group-44AD2A87E894
2020-06-23 15:25:14,793 [fc0c238b-ed8a-4ee8-9379-2b9d99135e6b@group-44AD2A87E894-LeaderElection7] INFO  server.RaftServerConfigKeys (ConfUtils.java:logGet(44)) - raft.server.log.appender.snapshot.chunk.size.max = 16MB (=16777216) (default)
2020-06-23 15:25:14,793 [fc0c238b-ed8a-4ee8-9379-2b9d99135e6b@group-44AD2A87E894-LeaderElection7] INFO  server.RaftServerConfigKeys (ConfUtils.java:logGet(44)) - raft.server.log.appender.buffer.byte-limit = 33554432 (custom)
2020-06-23 15:25:14,793 [fc0c238b-ed8a-4ee8-9379-2b9d99135e6b@group-44AD2A87E894-LeaderElection7] INFO  server.RaftServerConfigKeys (ConfUtils.java:logGet(44)) - raft.server.log.appender.buffer.element-limit = 1 (custom)
2020-06-23 15:25:14,793 [fc0c238b-ed8a-4ee8-9379-2b9d99135e6b@group-44AD2A87E894-LeaderElection7] INFO  grpc.GrpcConfigKeys (ConfUtils.java:logGet(44)) - raft.grpc.server.leader.outstanding.appends.max = 128 (default)
2020-06-23 15:25:14,793 [fc0c238b-ed8a-4ee8-9379-2b9d99135e6b@group-44AD2A87E894-LeaderElection7] INFO  server.RaftServerConfigKeys (ConfUtils.java:logGet(44)) - raft.server.rpc.request.timeout = 3s (default)
2020-06-23 15:25:14,793 [fc0c238b-ed8a-4ee8-9379-2b9d99135e6b@group-44AD2A87E894-LeaderElection7] INFO  server.RaftServerConfigKeys (ConfUtils.java:logGet(44)) - raft.server.log.appender.install.snapshot.enabled = false (custom)
2020-06-23 15:25:14,794 [fc0c238b-ed8a-4ee8-9379-2b9d99135e6b@group-44AD2A87E894-LeaderElection7] INFO  impl.RoleInfo (RoleInfo.java:updateAndGet(143)) - fc0c238b-ed8a-4ee8-9379-2b9d99135e6b: start LeaderState
2020-06-23 15:25:14,795 [fc0c238b-ed8a-4ee8-9379-2b9d99135e6b@group-44AD2A87E894-LeaderElection7] INFO  segmented.SegmentedRaftLogWorker (SegmentedRaftLogWorker.java:startLogSegment(397)) - fc0c238b-ed8a-4ee8-9379-2b9d99135e6b@group-44AD2A87E894-SegmentedRaftLogWorker: Starting segment from index:0
2020-06-23 15:25:14,799 [grpc-default-executor-0] INFO  impl.RaftServerImpl (RaftServerImpl.java:setRole(175)) - 5c2a4d31-413f-4764-8dbe-c1e86ae31b73@group-44AD2A87E894: changes role from  FOLLOWER to FOLLOWER at term 3 for recognizeCandidate:d9b0780d-6721-4a7d-908d-3c9b816d7a79
2020-06-23 15:25:14,800 [fc0c238b-ed8a-4ee8-9379-2b9d99135e6b@group-44AD2A87E894-SegmentedRaftLogWorker] INFO  segmented.SegmentedRaftLogWorker (SegmentedRaftLogWorker.java:execute(596)) - fc0c238b-ed8a-4ee8-9379-2b9d99135e6b@group-44AD2A87E894-SegmentedRaftLogWorker: created new log segment /github/workspace/mnt/ozone/hadoop-ozone/integration-test/target/test-dir/MiniOzoneClusterImpl-4fcc031e-6e0f-4975-a7ce-24d4c61de348/datanode-1/data/ratis/0117db2b-a688-42c3-b545-44ad2a87e894/current/log_inprogress_0
2020-06-23 15:25:14,800 [grpc-default-executor-0] INFO  impl.RoleInfo (RoleInfo.java:shutdownFollowerState(121)) - 5c2a4d31-413f-4764-8dbe-c1e86ae31b73: shutdown FollowerState
2020-06-23 15:25:14,800 [grpc-default-executor-0] INFO  impl.RoleInfo (RoleInfo.java:updateAndGet(143)) - 5c2a4d31-413f-4764-8dbe-c1e86ae31b73: start FollowerState
2020-06-23 15:25:14,800 [Thread-241] INFO  impl.FollowerState (FollowerState.java:run(117)) - 5c2a4d31-413f-4764-8dbe-c1e86ae31b73@group-44AD2A87E894-FollowerState was interrupted: java.lang.InterruptedException: sleep interrupted
2020-06-23 15:25:14,820 [fc0c238b-ed8a-4ee8-9379-2b9d99135e6b@group-44AD2A87E894-LeaderElection7] INFO  impl.RaftServerImpl (ServerState.java:setRaftConf(356)) - fc0c238b-ed8a-4ee8-9379-2b9d99135e6b@group-44AD2A87E894: set configuration 0: [d9b0780d-6721-4a7d-908d-3c9b816d7a79:172.17.0.2:39717, fc0c238b-ed8a-4ee8-9379-2b9d99135e6b:172.17.0.2:33877, 5c2a4d31-413f-4764-8dbe-c1e86ae31b73:172.17.0.2:35121], old=null at 0
2020-06-23 15:25:14,821 [grpc-default-executor-1] INFO  impl.RaftServerImpl (ServerState.java:setLeader(255)) - fc0c238b-ed8a-4ee8-9379-2b9d99135e6b@group-44AD2A87E894: change Leader from fc0c238b-ed8a-4ee8-9379-2b9d99135e6b to null at term 3 for updateCurrentTerm
2020-06-23 15:25:14,821 [grpc-default-executor-1] INFO  impl.RaftServerImpl (RaftServerImpl.java:setRole(175)) - fc0c238b-ed8a-4ee8-9379-2b9d99135e6b@group-44AD2A87E894: changes role from    LEADER to FOLLOWER at term 3 for recognizeCandidate:d9b0780d-6721-4a7d-908d-3c9b816d7a79
2020-06-23 15:25:14,821 [grpc-default-executor-1] INFO  impl.RoleInfo (RoleInfo.java:shutdownLeaderState(104)) - fc0c238b-ed8a-4ee8-9379-2b9d99135e6b: shutdown LeaderState
2020-06-23 15:25:14,822 [grpc-default-executor-1] INFO  metrics.RatisMetrics (RatisMetrics.java:unregister(43)) - Unregistering Metrics Registry : ratis_grpc.log_appender.fc0c238b-ed8a-4ee8-9379-2b9d99135e6b@group-44AD2A87E894
2020-06-23 15:25:14,823 [grpc-default-executor-1] INFO  metrics.RatisMetrics (RatisMetrics.java:unregister(43)) - Unregistering Metrics Registry : ratis_grpc.log_appender.fc0c238b-ed8a-4ee8-9379-2b9d99135e6b@group-44AD2A87E894
2020-06-23 15:25:14,824 [grpc-default-executor-1] INFO  impl.PendingRequests (PendingRequests.java:sendNotLeaderResponses(249)) - fc0c238b-ed8a-4ee8-9379-2b9d99135e6b@group-44AD2A87E894-PendingRequests: sendNotLeaderResponses
2020-06-23 15:25:14,830 [grpc-default-executor-1] INFO  metrics.RatisMetrics (RatisMetrics.java:unregister(43)) - Unregistering Metrics Registry : ratis.log_appender.fc0c238b-ed8a-4ee8-9379-2b9d99135e6b@group-44AD2A87E894
2020-06-23 15:25:14,830 [grpc-default-executor-1] INFO  metrics.RatisMetrics (RatisMetrics.java:unregister(43)) - Unregistering Metrics Registry : ratis.server.fc0c238b-ed8a-4ee8-9379-2b9d99135e6b@group-44AD2A87E894
2020-06-23 15:25:14,830 [grpc-default-executor-1] INFO  impl.RoleInfo (RoleInfo.java:updateAndGet(143)) - fc0c238b-ed8a-4ee8-9379-2b9d99135e6b: start FollowerState
2020-06-23 15:25:14,865 [grpc-default-executor-2] INFO  server.GrpcServerProtocolService (GrpcServerProtocolService.java:onCompleted(138)) - d9b0780d-6721-4a7d-908d-3c9b816d7a79: Completed APPEND_ENTRIES, lastRequest: null
2020-06-23 15:25:14,869 [grpc-default-executor-1] INFO  server.GrpcLogAppender (GrpcLogAppender.java:onCompleted(319)) - fc0c238b-ed8a-4ee8-9379-2b9d99135e6b@group-44AD2A87E894->d9b0780d-6721-4a7d-908d-3c9b816d7a79-AppendLogResponseHandler: follower responses appendEntries COMPLETED
2020-06-23 15:25:14,876 [grpc-default-executor-1] INFO  impl.FollowerInfo (FollowerInfo.java:lambda$new$0(51)) - fc0c238b-ed8a-4ee8-9379-2b9d99135e6b@group-44AD2A87E894->d9b0780d-6721-4a7d-908d-3c9b816d7a79: nextIndex: updateUnconditionally 0 -> 0
2020-06-23 15:25:15,360 [Listener at 127.0.0.1/45503] INFO  ozone.MiniOzoneClusterImpl (MiniOzoneClusterImpl.java:lambda$waitForClusterToBeReady$0(177)) - Nodes are ready. Got 3 of 3 DN Heartbeats.
2020-06-23 15:25:15,361 [Listener at 127.0.0.1/45503] INFO  ozone.MiniOzoneClusterImpl (MiniOzoneClusterImpl.java:lambda$waitForClusterToBeReady$0(180)) - Cluster exits safe mode
2020-06-23 15:25:16,089 [Listener at 127.0.0.1/45503] INFO  rpc.RpcClient (RpcClient.java:createVolume(310)) - Creating Volume: testcontainerstatemachinefailures, with jenkins1001 as owner.
2020-06-23 15:25:16,180 [IPC Server handler 3 on default port 45503] INFO  volume.OMVolumeCreateRequest (OMVolumeCreateRequest.java:validateAndUpdateCache(204)) - created volume:testcontainerstatemachinefailures for user:jenkins1001
2020-06-23 15:25:16,210 [Listener at 127.0.0.1/45503] INFO  rpc.RpcClient (RpcClient.java:createBucket(450)) - Creating Bucket: testcontainerstatemachinefailures/testcontainerstatemachinefailures, with Versioning false and Storage Type set to DISK and Encryption set to false 
2020-06-23 15:25:16,360 [Listener at 127.0.0.1/45503] INFO  impl.MetricsSystemImpl (MetricsSystemImpl.java:init(158)) - XceiverClientMetrics metrics system started (again)
]]></system-out>
    <system-err><![CDATA[ERROR StatusLogger No Log4j 2 configuration file found. Using default configuration (logging only errors to the console), or user programmatically provided configurations. Set system property 'log4j2.debug' to show Log4j 2 internal initialization logging. See https://logging.apache.org/log4j/2.x/manual/configuration.html for instructions on how to configure Log4j 2
]]></system-err>
  </testcase>
</testsuite>