<?xml version="1.0" encoding="UTF-8"?>
<testsuite xmlns:xsi="http://www.w3.org/2001/XMLSchema-instance" xsi:noNamespaceSchemaLocation="https://maven.apache.org/surefire/maven-surefire-plugin/xsd/surefire-test-report-3.0.xsd" version="3.0" name="org.apache.hadoop.fs.ozone.TestDirectoryDeletingServiceWithFSO" time="207.671" tests="3" errors="1" skipped="0" failures="0">
  <properties>
    <property name="awt.toolkit" value="sun.awt.X11.XToolkit"/>
    <property name="file.encoding.pkg" value="sun.io"/>
    <property name="java.specification.version" value="1.8"/>
    <property name="sun.cpu.isalist" value=""/>
    <property name="sun.jnu.encoding" value="UTF-8"/>
    <property name="java.class.path" value="/home/runner/work/ozone/ozone/hadoop-ozone/integration-test/target/test-classes:/home/runner/work/ozone/ozone/hadoop-ozone/integration-test/target/classes:/home/runner/.m2/repository/org/apache/ozone/ozone-common/1.3.0-SNAPSHOT/ozone-common-1.3.0-SNAPSHOT.jar:/home/runner/.m2/repository/org/apache/commons/commons-compress/1.21/commons-compress-1.21.jar:/home/runner/.m2/repository/org/apache/ozone/hdds-common/1.3.0-SNAPSHOT/hdds-common-1.3.0-SNAPSHOT.jar:/home/runner/.m2/repository/org/apache/ozone/hdds-client/1.3.0-SNAPSHOT/hdds-client-1.3.0-SNAPSHOT.jar:/home/runner/.m2/repository/org/apache/ozone/ozone-interface-client/1.3.0-SNAPSHOT/ozone-interface-client-1.3.0-SNAPSHOT.jar:/home/runner/.m2/repository/org/apache/ozone/hdds-test-utils/1.3.0-SNAPSHOT/hdds-test-utils-1.3.0-SNAPSHOT.jar:/home/runner/.m2/repository/com/google/guava/guava/30.1.1-jre/guava-30.1.1-jre.jar:/home/runner/.m2/repository/com/google/guava/failureaccess/1.0.1/failureaccess-1.0.1.jar:/home/runner/.m2/repository/com/google/guava/listenablefuture/9999.0-empty-to-avoid-conflict-with-guava/listenablefuture-9999.0-empty-to-avoid-conflict-with-guava.jar:/home/runner/.m2/repository/com/google/code/findbugs/jsr305/3.0.0/jsr305-3.0.0.jar:/home/runner/.m2/repository/org/checkerframework/checker-qual/3.8.0/checker-qual-3.8.0.jar:/home/runner/.m2/repository/com/google/errorprone/error_prone_annotations/2.2.0/error_prone_annotations-2.2.0.jar:/home/runner/.m2/repository/com/google/j2objc/j2objc-annotations/1.3/j2objc-annotations-1.3.jar:/home/runner/.m2/repository/commons-io/commons-io/2.11.0/commons-io-2.11.0.jar:/home/runner/.m2/repository/commons-logging/commons-logging/1.2/commons-logging-1.2.jar:/home/runner/.m2/repository/log4j/log4j/1.2.17/log4j-1.2.17.jar:/home/runner/.m2/repository/org/slf4j/slf4j-api/1.7.30/slf4j-api-1.7.30.jar:/home/runner/.m2/repository/org/apache/ozone/hdds-server-scm/1.3.0-SNAPSHOT/hdds-server-scm-1.3.0-SNAPSHOT.jar:/home/runner/.m2/repository/org/apache/ozone/hdds-container-service/1.3.0-SNAPSHOT/hdds-container-service-1.3.0-SNAPSHOT.jar:/home/runner/.m2/repository/org/apache/ozone/hdds-hadoop-dependency-server/1.3.0-SNAPSHOT/hdds-hadoop-dependency-server-1.3.0-SNAPSHOT.jar:/home/runner/.m2/repository/org/apache/hadoop/hadoop-hdfs/3.3.1/hadoop-hdfs-3.3.1.jar:/home/runner/.m2/repository/org/apache/ozone/hdds-server-framework/1.3.0-SNAPSHOT/hdds-server-framework-1.3.0-SNAPSHOT.jar:/home/runner/.m2/repository/org/apache/ozone/hdds-interface-server/1.3.0-SNAPSHOT/hdds-interface-server-1.3.0-SNAPSHOT.jar:/home/runner/.m2/repository/org/apache/logging/log4j/log4j-core/2.17.1/log4j-core-2.17.1.jar:/home/runner/.m2/repository/com/lmax/disruptor/3.4.2/disruptor-3.4.2.jar:/home/runner/.m2/repository/org/eclipse/jetty/jetty-servlet/9.4.43.v20210629/jetty-servlet-9.4.43.v20210629.jar:/home/runner/.m2/repository/org/eclipse/jetty/jetty-security/9.4.43.v20210629/jetty-security-9.4.43.v20210629.jar:/home/runner/.m2/repository/org/rocksdb/rocksdbjni/7.0.4/rocksdbjni-7.0.4.jar:/home/runner/.m2/repository/io/prometheus/simpleclient_dropwizard/0.7.0/simpleclient_dropwizard-0.7.0.jar:/home/runner/.m2/repository/io/prometheus/simpleclient/0.7.0/simpleclient-0.7.0.jar:/home/runner/.m2/repository/io/prometheus/simpleclient_common/0.7.0/simpleclient_common-0.7.0.jar:/home/runner/.m2/repository/com/fasterxml/jackson/datatype/jackson-datatype-jsr310/2.13.2/jackson-datatype-jsr310-2.13.2.jar:/home/runner/.m2/repository/io/dropwizard/metrics/metrics-core/3.2.4/metrics-core-3.2.4.jar:/home/runner/.m2/repository/org/apache/hadoop/hadoop-hdfs-client/3.3.1/hadoop-hdfs-client-3.3.1.jar:/home/runner/.m2/repository/org/bouncycastle/bcprov-jdk15on/1.67/bcprov-jdk15on-1.67.jar:/home/runner/.m2/repository/com/google/protobuf/protobuf-java/2.5.0/protobuf-java-2.5.0.jar:/home/runner/.m2/repository/org/apache/ozone/ozone-manager/1.3.0-SNAPSHOT/ozone-manager-1.3.0-SNAPSHOT.jar:/home/runner/.m2/repository/org/aspectj/aspectjrt/1.9.7/aspectjrt-1.9.7.jar:/home/runner/.m2/repository/org/aspectj/aspectjweaver/1.9.7/aspectjweaver-1.9.7.jar:/home/runner/.m2/repository/org/apache/ozone/hdds-interface-client/1.3.0-SNAPSHOT/hdds-interface-client-1.3.0-SNAPSHOT.jar:/home/runner/.m2/repository/org/apache/hadoop/thirdparty/hadoop-shaded-protobuf_3_7/1.1.1/hadoop-shaded-protobuf_3_7-1.1.1.jar:/home/runner/.m2/repository/org/apache/ozone/ozone-interface-storage/1.3.0-SNAPSHOT/ozone-interface-storage-1.3.0-SNAPSHOT.jar:/home/runner/.m2/repository/org/reflections/reflections/0.9.11/reflections-0.9.11.jar:/home/runner/.m2/repository/org/apache/hadoop/hadoop-minikdc/3.3.1/hadoop-minikdc-3.3.1.jar:/home/runner/.m2/repository/org/apache/kerby/kerb-simplekdc/1.0.1/kerb-simplekdc-1.0.1.jar:/home/runner/.m2/repository/org/apache/kerby/kerb-client/1.0.1/kerb-client-1.0.1.jar:/home/runner/.m2/repository/org/apache/kerby/kerby-config/1.0.1/kerby-config-1.0.1.jar:/home/runner/.m2/repository/org/apache/kerby/kerb-common/1.0.1/kerb-common-1.0.1.jar:/home/runner/.m2/repository/org/apache/kerby/kerb-crypto/1.0.1/kerb-crypto-1.0.1.jar:/home/runner/.m2/repository/org/apache/kerby/kerb-util/1.0.1/kerb-util-1.0.1.jar:/home/runner/.m2/repository/org/apache/kerby/token-provider/1.0.1/token-provider-1.0.1.jar:/home/runner/.m2/repository/org/apache/kerby/kerb-admin/1.0.1/kerb-admin-1.0.1.jar:/home/runner/.m2/repository/org/apache/kerby/kerb-server/1.0.1/kerb-server-1.0.1.jar:/home/runner/.m2/repository/org/apache/kerby/kerb-identity/1.0.1/kerb-identity-1.0.1.jar:/home/runner/.m2/repository/org/apache/kerby/kerby-xdr/1.0.1/kerby-xdr-1.0.1.jar:/home/runner/.m2/repository/org/slf4j/slf4j-log4j12/1.7.30/slf4j-log4j12-1.7.30.jar:/home/runner/.m2/repository/org/apache/ozone/ozone-s3gateway/1.3.0-SNAPSHOT/ozone-s3gateway-1.3.0-SNAPSHOT.jar:/home/runner/.m2/repository/org/javassist/javassist/3.21.0-GA/javassist-3.21.0-GA.jar:/home/runner/.m2/repository/org/jboss/weld/servlet/weld-servlet/2.4.7.Final/weld-servlet-2.4.7.Final.jar:/home/runner/.m2/repository/org/glassfish/jersey/containers/jersey-container-servlet-core/2.33/jersey-container-servlet-core-2.33.jar:/home/runner/.m2/repository/org/glassfish/hk2/external/jakarta.inject/2.6.1/jakarta.inject-2.6.1.jar:/home/runner/.m2/repository/org/glassfish/jersey/core/jersey-common/2.33/jersey-common-2.33.jar:/home/runner/.m2/repository/jakarta/ws/rs/jakarta.ws.rs-api/2.1.6/jakarta.ws.rs-api-2.1.6.jar:/home/runner/.m2/repository/org/glassfish/jersey/ext/cdi/jersey-cdi1x/2.33/jersey-cdi1x-2.33.jar:/home/runner/.m2/repository/org/glassfish/jersey/inject/jersey-hk2/2.33/jersey-hk2-2.33.jar:/home/runner/.m2/repository/org/glassfish/hk2/hk2-locator/2.6.1/hk2-locator-2.6.1.jar:/home/runner/.m2/repository/org/glassfish/jersey/media/jersey-media-jaxb/2.33/jersey-media-jaxb-2.33.jar:/home/runner/.m2/repository/org/glassfish/hk2/osgi-resource-locator/1.0.3/osgi-resource-locator-1.0.3.jar:/home/runner/.m2/repository/org/glassfish/hk2/hk2-api/2.5.0/hk2-api-2.5.0.jar:/home/runner/.m2/repository/org/glassfish/hk2/hk2-utils/2.5.0/hk2-utils-2.5.0.jar:/home/runner/.m2/repository/org/glassfish/hk2/external/aopalliance-repackaged/2.5.0/aopalliance-repackaged-2.5.0.jar:/home/runner/.m2/repository/com/fasterxml/jackson/dataformat/jackson-dataformat-xml/2.13.2/jackson-dataformat-xml-2.13.2.jar:/home/runner/.m2/repository/com/fasterxml/jackson/core/jackson-core/2.13.2/jackson-core-2.13.2.jar:/home/runner/.m2/repository/org/codehaus/woodstox/stax2-api/3.1.4/stax2-api-3.1.4.jar:/home/runner/.m2/repository/com/fasterxml/woodstox/woodstox-core/5.0.3/woodstox-core-5.0.3.jar:/home/runner/.m2/repository/com/fasterxml/jackson/module/jackson-module-jaxb-annotations/2.13.2/jackson-module-jaxb-annotations-2.13.2.jar:/home/runner/.m2/repository/jakarta/xml/bind/jakarta.xml.bind-api/2.3.3/jakarta.xml.bind-api-2.3.3.jar:/home/runner/.m2/repository/jakarta/activation/jakarta.activation-api/1.2.1/jakarta.activation-api-1.2.1.jar:/home/runner/.m2/repository/javax/enterprise/cdi-api/1.2/cdi-api-1.2.jar:/home/runner/.m2/repository/javax/el/javax.el-api/3.0.0/javax.el-api-3.0.0.jar:/home/runner/.m2/repository/javax/interceptor/javax.interceptor-api/1.2/javax.interceptor-api-1.2.jar:/home/runner/.m2/repository/javax/inject/javax.inject/1/javax.inject-1.jar:/home/runner/.m2/repository/javax/xml/bind/jaxb-api/2.3.0/jaxb-api-2.3.0.jar:/home/runner/.m2/repository/org/glassfish/jaxb/jaxb-runtime/2.3.0.1/jaxb-runtime-2.3.0.1.jar:/home/runner/.m2/repository/org/glassfish/jaxb/jaxb-core/2.3.0.1/jaxb-core-2.3.0.1.jar:/home/runner/.m2/repository/org/glassfish/jaxb/txw2/2.3.0.1/txw2-2.3.0.1.jar:/home/runner/.m2/repository/com/sun/istack/istack-commons-runtime/3.0.5/istack-commons-runtime-3.0.5.jar:/home/runner/.m2/repository/org/jvnet/staxex/stax-ex/1.7.8/stax-ex-1.7.8.jar:/home/runner/.m2/repository/com/sun/xml/fastinfoset/FastInfoset/1.2.13/FastInfoset-1.2.13.jar:/home/runner/.m2/repository/javax/activation/activation/1.1.1/activation-1.1.1.jar:/home/runner/.m2/repository/org/apache/ozone/ozone-csi/1.3.0-SNAPSHOT/ozone-csi-1.3.0-SNAPSHOT.jar:/home/runner/.m2/repository/com/google/protobuf/protobuf-java-util/3.12.0/protobuf-java-util-3.12.0.jar:/home/runner/.m2/repository/com/google/code/gson/gson/2.2.4/gson-2.2.4.jar:/home/runner/.m2/repository/org/apache/ozone/hdds-config/1.3.0-SNAPSHOT/hdds-config-1.3.0-SNAPSHOT.jar:/home/runner/.m2/repository/io/grpc/grpc-netty/1.33.0/grpc-netty-1.33.0.jar:/home/runner/.m2/repository/io/grpc/grpc-core/1.33.0/grpc-core-1.33.0.jar:/home/runner/.m2/repository/com/google/android/annotations/4.1.1.4/annotations-4.1.1.4.jar:/home/runner/.m2/repository/io/netty/netty-codec-http2/4.1.63.Final/netty-codec-http2-4.1.63.Final.jar:/home/runner/.m2/repository/io/netty/netty-codec-http/4.1.63.Final/netty-codec-http-4.1.63.Final.jar:/home/runner/.m2/repository/io/netty/netty-handler-proxy/4.1.63.Final/netty-handler-proxy-4.1.63.Final.jar:/home/runner/.m2/repository/io/netty/netty-codec-socks/4.1.63.Final/netty-codec-socks-4.1.63.Final.jar:/home/runner/.m2/repository/io/perfmark/perfmark-api/0.19.0/perfmark-api-0.19.0.jar:/home/runner/.m2/repository/org/codehaus/mojo/animal-sniffer-annotations/1.18/animal-sniffer-annotations-1.18.jar:/home/runner/.m2/repository/io/netty/netty-transport-native-epoll/4.1.63.Final/netty-transport-native-epoll-4.1.63.Final.jar:/home/runner/.m2/repository/io/netty/netty-common/4.1.63.Final/netty-common-4.1.63.Final.jar:/home/runner/.m2/repository/io/netty/netty-buffer/4.1.63.Final/netty-buffer-4.1.63.Final.jar:/home/runner/.m2/repository/io/netty/netty-transport-native-unix-common/4.1.63.Final/netty-transport-native-unix-common-4.1.63.Final.jar:/home/runner/.m2/repository/io/grpc/grpc-protobuf/1.33.0/grpc-protobuf-1.33.0.jar:/home/runner/.m2/repository/io/grpc/grpc-api/1.33.0/grpc-api-1.33.0.jar:/home/runner/.m2/repository/io/grpc/grpc-context/1.33.0/grpc-context-1.33.0.jar:/home/runner/.m2/repository/com/google/api/grpc/proto-google-common-protos/1.17.0/proto-google-common-protos-1.17.0.jar:/home/runner/.m2/repository/io/grpc/grpc-protobuf-lite/1.33.0/grpc-protobuf-lite-1.33.0.jar:/home/runner/.m2/repository/io/grpc/grpc-stub/1.33.0/grpc-stub-1.33.0.jar:/home/runner/.m2/repository/org/apache/ozone/ozone-recon/1.3.0-SNAPSHOT/ozone-recon-1.3.0-SNAPSHOT.jar:/home/runner/.m2/repository/org/apache/ozone/ozone-reconcodegen/1.3.0-SNAPSHOT/ozone-reconcodegen-1.3.0-SNAPSHOT.jar:/home/runner/.m2/repository/com/google/inject/extensions/guice-multibindings/4.0/guice-multibindings-4.0.jar:/home/runner/.m2/repository/com/google/inject/guice/4.0/guice-4.0.jar:/home/runner/.m2/repository/aopalliance/aopalliance/1.0/aopalliance-1.0.jar:/home/runner/.m2/repository/com/google/inject/extensions/guice-assistedinject/4.0/guice-assistedinject-4.0.jar:/home/runner/.m2/repository/com/google/inject/extensions/guice-servlet/4.0/guice-servlet-4.0.jar:/home/runner/.m2/repository/org/glassfish/jersey/containers/jersey-container-servlet/2.33/jersey-container-servlet-2.33.jar:/home/runner/.m2/repository/org/glassfish/hk2/guice-bridge/2.5.0/guice-bridge-2.5.0.jar:/home/runner/.m2/repository/org/glassfish/jersey/core/jersey-server/2.33/jersey-server-2.33.jar:/home/runner/.m2/repository/org/glassfish/jersey/core/jersey-client/2.33/jersey-client-2.33.jar:/home/runner/.m2/repository/jakarta/annotation/jakarta.annotation-api/1.3.5/jakarta.annotation-api-1.3.5.jar:/home/runner/.m2/repository/jakarta/validation/jakarta.validation-api/2.0.2/jakarta.validation-api-2.0.2.jar:/home/runner/.m2/repository/org/glassfish/jersey/media/jersey-media-json-jackson/2.33/jersey-media-json-jackson-2.33.jar:/home/runner/.m2/repository/org/glassfish/jersey/ext/jersey-entity-filtering/2.33/jersey-entity-filtering-2.33.jar:/home/runner/.m2/repository/org/jooq/jooq/3.11.10/jooq-3.11.10.jar:/home/runner/.m2/repository/org/jooq/jooq-meta/3.11.10/jooq-meta-3.11.10.jar:/home/runner/.m2/repository/org/jooq/jooq-codegen/3.11.10/jooq-codegen-3.11.10.jar:/home/runner/.m2/repository/com/jolbox/bonecp/0.8.0.RELEASE/bonecp-0.8.0.RELEASE.jar:/home/runner/.m2/repository/org/apache/derby/derby/10.14.2.0/derby-10.14.2.0.jar:/home/runner/.m2/repository/org/xerial/sqlite-jdbc/3.25.2/sqlite-jdbc-3.25.2.jar:/home/runner/.m2/repository/org/springframework/spring-jdbc/5.2.20.RELEASE/spring-jdbc-5.2.20.RELEASE.jar:/home/runner/.m2/repository/org/springframework/spring-beans/5.2.20.RELEASE/spring-beans-5.2.20.RELEASE.jar:/home/runner/.m2/repository/org/springframework/spring-core/5.2.20.RELEASE/spring-core-5.2.20.RELEASE.jar:/home/runner/.m2/repository/org/springframework/spring-jcl/5.2.20.RELEASE/spring-jcl-5.2.20.RELEASE.jar:/home/runner/.m2/repository/org/springframework/spring-tx/5.2.20.RELEASE/spring-tx-5.2.20.RELEASE.jar:/home/runner/.m2/repository/org/apache/ozone/ozone-client/1.3.0-SNAPSHOT/ozone-client-1.3.0-SNAPSHOT.jar:/home/runner/.m2/repository/org/apache/ozone/hdds-erasurecode/1.3.0-SNAPSHOT/hdds-erasurecode-1.3.0-SNAPSHOT.jar:/home/runner/.m2/repository/com/github/spotbugs/spotbugs-annotations/3.1.12/spotbugs-annotations-3.1.12.jar:/home/runner/.m2/repository/org/apache/ozone/ozone-filesystem/1.3.0-SNAPSHOT/ozone-filesystem-1.3.0-SNAPSHOT.jar:/home/runner/.m2/repository/org/apache/ozone/ozone-filesystem-common/1.3.0-SNAPSHOT/ozone-filesystem-common-1.3.0-SNAPSHOT.jar:/home/runner/.m2/repository/org/apache/ozone/ozone-tools/1.3.0-SNAPSHOT/ozone-tools-1.3.0-SNAPSHOT.jar:/home/runner/.m2/repository/org/apache/ratis/ratis-tools/2.2.0/ratis-tools-2.2.0.jar:/home/runner/.m2/repository/com/amazonaws/aws-java-sdk-core/1.12.124/aws-java-sdk-core-1.12.124.jar:/home/runner/.m2/repository/org/apache/httpcomponents/httpclient/4.5.13/httpclient-4.5.13.jar:/home/runner/.m2/repository/org/apache/httpcomponents/httpcore/4.4.13/httpcore-4.4.13.jar:/home/runner/.m2/repository/software/amazon/ion/ion-java/1.0.2/ion-java-1.0.2.jar:/home/runner/.m2/repository/com/fasterxml/jackson/dataformat/jackson-dataformat-cbor/2.13.2/jackson-dataformat-cbor-2.13.2.jar:/home/runner/.m2/repository/joda-time/joda-time/2.8.1/joda-time-2.8.1.jar:/home/runner/.m2/repository/com/amazonaws/aws-java-sdk-s3/1.12.124/aws-java-sdk-s3-1.12.124.jar:/home/runner/.m2/repository/com/amazonaws/aws-java-sdk-kms/1.12.124/aws-java-sdk-kms-1.12.124.jar:/home/runner/.m2/repository/com/amazonaws/jmespath-java/1.12.124/jmespath-java-1.12.124.jar:/home/runner/.m2/repository/org/kohsuke/metainf-services/metainf-services/1.8/metainf-services-1.8.jar:/home/runner/.m2/repository/org/apache/ozone/hdds-tools/1.3.0-SNAPSHOT/hdds-tools-1.3.0-SNAPSHOT.jar:/home/runner/.m2/repository/commons-cli/commons-cli/1.2/commons-cli-1.2.jar:/home/runner/.m2/repository/org/apache/commons/commons-lang3/3.7/commons-lang3-3.7.jar:/home/runner/.m2/repository/org/apache/ozone/ozone-manager/1.3.0-SNAPSHOT/ozone-manager-1.3.0-SNAPSHOT-tests.jar:/home/runner/.m2/repository/org/apache/ozone/hdds-common/1.3.0-SNAPSHOT/hdds-common-1.3.0-SNAPSHOT-tests.jar:/home/runner/.m2/repository/org/apache/ozone/hdds-hadoop-dependency-client/1.3.0-SNAPSHOT/hdds-hadoop-dependency-client-1.3.0-SNAPSHOT.jar:/home/runner/.m2/repository/info/picocli/picocli/4.6.1/picocli-4.6.1.jar:/home/runner/.m2/repository/com/fasterxml/jackson/core/jackson-annotations/2.13.2/jackson-annotations-2.13.2.jar:/home/runner/.m2/repository/javax/annotation/javax.annotation-api/1.2/javax.annotation-api-1.2.jar:/home/runner/.m2/repository/org/apache/ratis/ratis-server/2.2.0/ratis-server-2.2.0.jar:/home/runner/.m2/repository/org/apache/ratis/ratis-client/2.2.0/ratis-client-2.2.0.jar:/home/runner/.m2/repository/org/apache/ratis/ratis-server-api/2.2.0/ratis-server-api-2.2.0.jar:/home/runner/.m2/repository/org/apache/ratis/ratis-metrics/2.2.0/ratis-metrics-2.2.0.jar:/home/runner/.m2/repository/org/apache/ratis/ratis-netty/2.2.0/ratis-netty-2.2.0.jar:/home/runner/.m2/repository/org/apache/ratis/ratis-grpc/2.2.0/ratis-grpc-2.2.0.jar:/home/runner/.m2/repository/org/apache/logging/log4j/log4j-api/2.17.1/log4j-api-2.17.1.jar:/home/runner/.m2/repository/org/apache/commons/commons-pool2/2.6.0/commons-pool2-2.6.0.jar:/home/runner/.m2/repository/org/bouncycastle/bcpkix-jdk15on/1.67/bcpkix-jdk15on-1.67.jar:/home/runner/.m2/repository/commons-validator/commons-validator/1.6/commons-validator-1.6.jar:/home/runner/.m2/repository/commons-beanutils/commons-beanutils/1.9.4/commons-beanutils-1.9.4.jar:/home/runner/.m2/repository/commons-digester/commons-digester/1.8.1/commons-digester-1.8.1.jar:/home/runner/.m2/repository/commons-collections/commons-collections/3.2.2/commons-collections-3.2.2.jar:/home/runner/.m2/repository/io/jaegertracing/jaeger-client/1.6.0/jaeger-client-1.6.0.jar:/home/runner/.m2/repository/io/jaegertracing/jaeger-thrift/1.6.0/jaeger-thrift-1.6.0.jar:/home/runner/.m2/repository/org/apache/thrift/libthrift/0.14.1/libthrift-0.14.1.jar:/home/runner/.m2/repository/com/squareup/okhttp3/okhttp/4.9.0/okhttp-4.9.0.jar:/home/runner/.m2/repository/com/squareup/okio/okio/2.8.0/okio-2.8.0.jar:/home/runner/.m2/repository/io/jaegertracing/jaeger-core/1.6.0/jaeger-core-1.6.0.jar:/home/runner/.m2/repository/io/jaegertracing/jaeger-tracerresolver/1.6.0/jaeger-tracerresolver-1.6.0.jar:/home/runner/.m2/repository/io/opentracing/contrib/opentracing-tracerresolver/0.1.8/opentracing-tracerresolver-0.1.8.jar:/home/runner/.m2/repository/org/jetbrains/kotlin/kotlin-stdlib/1.4.31/kotlin-stdlib-1.4.31.jar:/home/runner/.m2/repository/org/jetbrains/kotlin/kotlin-stdlib-common/1.4.31/kotlin-stdlib-common-1.4.31.jar:/home/runner/.m2/repository/org/jetbrains/annotations/13.0/annotations-13.0.jar:/home/runner/.m2/repository/io/opentracing/opentracing-util/0.33.0/opentracing-util-0.33.0.jar:/home/runner/.m2/repository/io/opentracing/opentracing-api/0.33.0/opentracing-api-0.33.0.jar:/home/runner/.m2/repository/io/opentracing/opentracing-noop/0.33.0/opentracing-noop-0.33.0.jar:/home/runner/.m2/repository/org/yaml/snakeyaml/1.26/snakeyaml-1.26.jar:/home/runner/.m2/repository/org/apache/ozone/hdds-interface-admin/1.3.0-SNAPSHOT/hdds-interface-admin-1.3.0-SNAPSHOT.jar:/home/runner/.m2/repository/junit/junit/4.13.1/junit-4.13.1.jar:/home/runner/.m2/repository/org/hamcrest/hamcrest-core/1.3/hamcrest-core-1.3.jar:/home/runner/.m2/repository/org/junit/jupiter/junit-jupiter-api/5.7.0/junit-jupiter-api-5.7.0.jar:/home/runner/.m2/repository/org/apiguardian/apiguardian-api/1.1.0/apiguardian-api-1.1.0.jar:/home/runner/.m2/repository/org/opentest4j/opentest4j/1.2.0/opentest4j-1.2.0.jar:/home/runner/.m2/repository/org/junit/platform/junit-platform-commons/1.7.0/junit-platform-commons-1.7.0.jar:/home/runner/.m2/repository/org/junit/jupiter/junit-jupiter-params/5.7.0/junit-jupiter-params-5.7.0.jar:/home/runner/.m2/repository/org/junit/jupiter/junit-jupiter-migrationsupport/5.7.0/junit-jupiter-migrationsupport-5.7.0.jar:/home/runner/.m2/repository/org/junit/jupiter/junit-jupiter-engine/5.7.0/junit-jupiter-engine-5.7.0.jar:/home/runner/.m2/repository/org/junit/platform/junit-platform-engine/1.7.0/junit-platform-engine-1.7.0.jar:/home/runner/.m2/repository/org/junit/vintage/junit-vintage-engine/5.7.0/junit-vintage-engine-5.7.0.jar:/home/runner/.m2/repository/org/junit/platform/junit-platform-launcher/1.7.0/junit-platform-launcher-1.7.0.jar:/home/runner/.m2/repository/org/mockito/mockito-core/2.28.2/mockito-core-2.28.2.jar:/home/runner/.m2/repository/net/bytebuddy/byte-buddy/1.9.10/byte-buddy-1.9.10.jar:/home/runner/.m2/repository/net/bytebuddy/byte-buddy-agent/1.9.10/byte-buddy-agent-1.9.10.jar:/home/runner/.m2/repository/org/objenesis/objenesis/1.0/objenesis-1.0.jar:/home/runner/.m2/repository/org/apache/hadoop/hadoop-kms/3.3.1/hadoop-kms-3.3.1.jar:/home/runner/.m2/repository/org/apache/hadoop/hadoop-auth/3.3.1/hadoop-auth-3.3.1.jar:/home/runner/.m2/repository/com/nimbusds/nimbus-jose-jwt/7.9/nimbus-jose-jwt-7.9.jar:/home/runner/.m2/repository/com/github/stephenc/jcip/jcip-annotations/1.0-1/jcip-annotations-1.0-1.jar:/home/runner/.m2/repository/net/minidev/json-smart/2.4.7/json-smart-2.4.7.jar:/home/runner/.m2/repository/net/minidev/accessors-smart/2.4.7/accessors-smart-2.4.7.jar:/home/runner/.m2/repository/org/ow2/asm/asm/5.0.4/asm-5.0.4.jar:/home/runner/.m2/repository/org/apache/zookeeper/zookeeper/3.5.6/zookeeper-3.5.6.jar:/home/runner/.m2/repository/org/apache/zookeeper/zookeeper-jute/3.5.6/zookeeper-jute-3.5.6.jar:/home/runner/.m2/repository/org/apache/yetus/audience-annotations/0.5.0/audience-annotations-0.5.0.jar:/home/runner/.m2/repository/org/apache/curator/curator-framework/4.2.0/curator-framework-4.2.0.jar:/home/runner/.m2/repository/org/apache/hadoop/thirdparty/hadoop-shaded-guava/1.1.1/hadoop-shaded-guava-1.1.1.jar:/home/runner/.m2/repository/com/sun/jersey/jersey-core/1.19/jersey-core-1.19.jar:/home/runner/.m2/repository/javax/ws/rs/jsr311-api/1.1.1/jsr311-api-1.1.1.jar:/home/runner/.m2/repository/com/sun/jersey/jersey-server/1.19/jersey-server-1.19.jar:/home/runner/.m2/repository/javax/servlet/javax.servlet-api/3.1.0/javax.servlet-api-3.1.0.jar:/home/runner/.m2/repository/org/eclipse/jetty/jetty-server/9.4.43.v20210629/jetty-server-9.4.43.v20210629.jar:/home/runner/.m2/repository/org/eclipse/jetty/jetty-http/9.4.43.v20210629/jetty-http-9.4.43.v20210629.jar:/home/runner/.m2/repository/org/eclipse/jetty/jetty-io/9.4.43.v20210629/jetty-io-9.4.43.v20210629.jar:/home/runner/.m2/repository/org/eclipse/jetty/jetty-webapp/9.4.43.v20210629/jetty-webapp-9.4.43.v20210629.jar:/home/runner/.m2/repository/org/eclipse/jetty/jetty-xml/9.4.43.v20210629/jetty-xml-9.4.43.v20210629.jar:/home/runner/.m2/repository/org/apache/hadoop/hadoop-common/3.3.1/hadoop-common-3.3.1.jar:/home/runner/.m2/repository/org/apache/commons/commons-math3/3.1.1/commons-math3-3.1.1.jar:/home/runner/.m2/repository/commons-net/commons-net/3.6/commons-net-3.6.jar:/home/runner/.m2/repository/com/sun/jersey/jersey-servlet/1.19/jersey-servlet-1.19.jar:/home/runner/.m2/repository/com/sun/jersey/jersey-json/1.19/jersey-json-1.19.jar:/home/runner/.m2/repository/org/codehaus/jettison/jettison/1.1/jettison-1.1.jar:/home/runner/.m2/repository/com/sun/xml/bind/jaxb-impl/2.2.3-1/jaxb-impl-2.2.3-1.jar:/home/runner/.m2/repository/org/codehaus/jackson/jackson-jaxrs/1.9.2/jackson-jaxrs-1.9.2.jar:/home/runner/.m2/repository/org/codehaus/jackson/jackson-xc/1.9.2/jackson-xc-1.9.2.jar:/home/runner/.m2/repository/org/apache/commons/commons-configuration2/2.1.1/commons-configuration2-2.1.1.jar:/home/runner/.m2/repository/org/apache/commons/commons-text/1.4/commons-text-1.4.jar:/home/runner/.m2/repository/com/google/re2j/re2j/1.1/re2j-1.1.jar:/home/runner/.m2/repository/com/jcraft/jsch/0.1.54/jsch-0.1.54.jar:/home/runner/.m2/repository/org/apache/curator/curator-client/4.2.0/curator-client-4.2.0.jar:/home/runner/.m2/repository/org/apache/curator/curator-recipes/4.2.0/curator-recipes-4.2.0.jar:/home/runner/.m2/repository/org/apache/kerby/kerb-core/1.0.1/kerb-core-1.0.1.jar:/home/runner/.m2/repository/org/apache/kerby/kerby-pkix/1.0.1/kerby-pkix-1.0.1.jar:/home/runner/.m2/repository/org/apache/kerby/kerby-asn1/1.0.1/kerby-asn1-1.0.1.jar:/home/runner/.m2/repository/org/apache/kerby/kerby-util/1.0.1/kerby-util-1.0.1.jar:/home/runner/.m2/repository/dnsjava/dnsjava/2.1.7/dnsjava-2.1.7.jar:/home/runner/.m2/repository/org/xerial/snappy/snappy-java/1.1.8.2/snappy-java-1.1.8.2.jar:/home/runner/.m2/repository/org/slf4j/jul-to-slf4j/1.7.30/jul-to-slf4j-1.7.30.jar:/home/runner/.m2/repository/org/eclipse/jetty/jetty-util/9.4.43.v20210629/jetty-util-9.4.43.v20210629.jar:/home/runner/.m2/repository/com/fasterxml/jackson/core/jackson-databind/2.13.2.2/jackson-databind-2.13.2.2.jar:/home/runner/.m2/repository/org/apache/hadoop/hadoop-kms/3.3.1/hadoop-kms-3.3.1-tests.jar:/home/runner/.m2/repository/org/apache/ozone/hdds-server-scm/1.3.0-SNAPSHOT/hdds-server-scm-1.3.0-SNAPSHOT-tests.jar:/home/runner/.m2/repository/org/apache/ozone/hdds-container-service/1.3.0-SNAPSHOT/hdds-container-service-1.3.0-SNAPSHOT-tests.jar:/home/runner/.m2/repository/commons-codec/commons-codec/1.11/commons-codec-1.11.jar:/home/runner/.m2/repository/io/netty/netty-transport/4.1.63.Final/netty-transport-4.1.63.Final.jar:/home/runner/.m2/repository/io/netty/netty-resolver/4.1.63.Final/netty-resolver-4.1.63.Final.jar:/home/runner/.m2/repository/io/netty/netty-codec/4.1.63.Final/netty-codec-4.1.63.Final.jar:/home/runner/.m2/repository/io/netty/netty-handler/4.1.63.Final/netty-handler-4.1.63.Final.jar:/home/runner/.m2/repository/org/apache/ozone/hdds-hadoop-dependency-test/1.3.0-SNAPSHOT/hdds-hadoop-dependency-test-1.3.0-SNAPSHOT.jar:/home/runner/.m2/repository/org/apache/hadoop/hadoop-common/3.3.1/hadoop-common-3.3.1-tests.jar:/home/runner/.m2/repository/org/assertj/assertj-core/3.12.2/assertj-core-3.12.2.jar:/home/runner/.m2/repository/org/apache/hadoop/hadoop-hdfs/3.3.1/hadoop-hdfs-3.3.1-tests.jar:/home/runner/.m2/repository/org/eclipse/jetty/jetty-util-ajax/9.4.43.v20210629/jetty-util-ajax-9.4.43.v20210629.jar:/home/runner/.m2/repository/commons-daemon/commons-daemon/1.0.13/commons-daemon-1.0.13.jar:/home/runner/.m2/repository/io/netty/netty/3.10.6.Final/netty-3.10.6.Final.jar:/home/runner/.m2/repository/io/netty/netty-all/4.1.63.Final/netty-all-4.1.63.Final.jar:/home/runner/.m2/repository/org/apache/htrace/htrace-core4/4.1.0-incubating/htrace-core4-4.1.0-incubating.jar:/home/runner/.m2/repository/org/fusesource/leveldbjni/leveldbjni-all/1.8/leveldbjni-all-1.8.jar:/home/runner/.m2/repository/org/apache/hadoop/hadoop-distcp/3.3.1/hadoop-distcp-3.3.1.jar:/home/runner/.m2/repository/org/apache/hadoop/hadoop-mapreduce-client-jobclient/3.3.1/hadoop-mapreduce-client-jobclient-3.3.1.jar:/home/runner/.m2/repository/org/apache/hadoop/hadoop-mapreduce-client-common/3.3.1/hadoop-mapreduce-client-common-3.3.1.jar:/home/runner/.m2/repository/org/apache/hadoop/hadoop-yarn-common/3.3.1/hadoop-yarn-common-3.3.1.jar:/home/runner/.m2/repository/org/apache/hadoop/hadoop-yarn-api/3.3.1/hadoop-yarn-api-3.3.1.jar:/home/runner/.m2/repository/com/sun/jersey/jersey-client/1.19/jersey-client-1.19.jar:/home/runner/.m2/repository/com/sun/jersey/contribs/jersey-guice/1.19/jersey-guice-1.19.jar:/home/runner/.m2/repository/com/fasterxml/jackson/jaxrs/jackson-jaxrs-json-provider/2.13.2/jackson-jaxrs-json-provider-2.13.2.jar:/home/runner/.m2/repository/com/fasterxml/jackson/jaxrs/jackson-jaxrs-base/2.13.2/jackson-jaxrs-base-2.13.2.jar:/home/runner/.m2/repository/org/apache/hadoop/hadoop-yarn-client/3.3.1/hadoop-yarn-client-3.3.1.jar:/home/runner/.m2/repository/org/eclipse/jetty/websocket/websocket-client/9.4.40.v20210413/websocket-client-9.4.40.v20210413.jar:/home/runner/.m2/repository/org/eclipse/jetty/jetty-client/9.4.40.v20210413/jetty-client-9.4.40.v20210413.jar:/home/runner/.m2/repository/org/eclipse/jetty/websocket/websocket-common/9.4.40.v20210413/websocket-common-9.4.40.v20210413.jar:/home/runner/.m2/repository/org/eclipse/jetty/websocket/websocket-api/9.4.40.v20210413/websocket-api-9.4.40.v20210413.jar:/home/runner/.m2/repository/org/jline/jline/3.9.0/jline-3.9.0.jar:/home/runner/.m2/repository/org/apache/hadoop/hadoop-mapreduce-client-core/3.3.1/hadoop-mapreduce-client-core-3.3.1.jar:/home/runner/.m2/repository/org/apache/avro/avro/1.7.7/avro-1.7.7.jar:/home/runner/.m2/repository/org/codehaus/jackson/jackson-core-asl/1.9.13/jackson-core-asl-1.9.13.jar:/home/runner/.m2/repository/org/codehaus/jackson/jackson-mapper-asl/1.9.13/jackson-mapper-asl-1.9.13.jar:/home/runner/.m2/repository/com/thoughtworks/paranamer/paranamer/2.3/paranamer-2.3.jar:/home/runner/.m2/repository/org/apache/hadoop/hadoop-annotations/3.3.1/hadoop-annotations-3.3.1.jar:/usr/lib/jvm/temurin-8-jdk-amd64/jre/../lib/tools.jar:/home/runner/.m2/repository/org/apache/hadoop/hadoop-distcp/3.3.1/hadoop-distcp-3.3.1-tests.jar:/home/runner/.m2/repository/org/apache/ratis/ratis-common/2.2.0/ratis-common-2.2.0.jar:/home/runner/.m2/repository/org/apache/ratis/ratis-thirdparty-misc/0.7.0/ratis-thirdparty-misc-0.7.0.jar:/home/runner/.m2/repository/org/apache/ratis/ratis-proto/2.2.0/ratis-proto-2.2.0.jar:/home/runner/.m2/repository/org/apache/ozone/ozone-annotation-processing/1.3.0-SNAPSHOT/ozone-annotation-processing-1.3.0-SNAPSHOT.jar:"/>
    <property name="java.vm.vendor" value="Temurin"/>
    <property name="sun.arch.data.model" value="64"/>
    <property name="test.build.dir" value="/home/runner/work/ozone/ozone/hadoop-ozone/integration-test/target/test-dir"/>
    <property name="test.cache.data" value=""/>
    <property name="java.vendor.url" value="https://adoptium.net/"/>
    <property name="user.timezone" value="Etc/UTC"/>
    <property name="java.vm.specification.version" value="1.8"/>
    <property name="os.name" value="Linux"/>
    <property name="test.build.data" value="/home/runner/work/ozone/ozone/hadoop-ozone/integration-test/target/test-dir"/>
    <property name="sun.java.launcher" value="SUN_STANDARD"/>
    <property name="sun.boot.library.path" value="/usr/lib/jvm/temurin-8-jdk-amd64/jre/lib/amd64"/>
    <property name="sun.java.command" value="/home/runner/work/ozone/ozone/hadoop-ozone/integration-test/target/surefire/surefirebooter5950848573462483108.jar /home/runner/work/ozone/ozone/hadoop-ozone/integration-test/target/surefire 2022-04-21T00-03-50_140-jvmRun1 surefire8511492176495105538tmp surefire_241687856908060302656tmp"/>
    <property name="surefire.test.class.path" value="/home/runner/work/ozone/ozone/hadoop-ozone/integration-test/target/test-classes:/home/runner/work/ozone/ozone/hadoop-ozone/integration-test/target/classes:/home/runner/.m2/repository/org/apache/ozone/ozone-common/1.3.0-SNAPSHOT/ozone-common-1.3.0-SNAPSHOT.jar:/home/runner/.m2/repository/org/apache/commons/commons-compress/1.21/commons-compress-1.21.jar:/home/runner/.m2/repository/org/apache/ozone/hdds-common/1.3.0-SNAPSHOT/hdds-common-1.3.0-SNAPSHOT.jar:/home/runner/.m2/repository/org/apache/ozone/hdds-client/1.3.0-SNAPSHOT/hdds-client-1.3.0-SNAPSHOT.jar:/home/runner/.m2/repository/org/apache/ozone/ozone-interface-client/1.3.0-SNAPSHOT/ozone-interface-client-1.3.0-SNAPSHOT.jar:/home/runner/.m2/repository/org/apache/ozone/hdds-test-utils/1.3.0-SNAPSHOT/hdds-test-utils-1.3.0-SNAPSHOT.jar:/home/runner/.m2/repository/com/google/guava/guava/30.1.1-jre/guava-30.1.1-jre.jar:/home/runner/.m2/repository/com/google/guava/failureaccess/1.0.1/failureaccess-1.0.1.jar:/home/runner/.m2/repository/com/google/guava/listenablefuture/9999.0-empty-to-avoid-conflict-with-guava/listenablefuture-9999.0-empty-to-avoid-conflict-with-guava.jar:/home/runner/.m2/repository/com/google/code/findbugs/jsr305/3.0.0/jsr305-3.0.0.jar:/home/runner/.m2/repository/org/checkerframework/checker-qual/3.8.0/checker-qual-3.8.0.jar:/home/runner/.m2/repository/com/google/errorprone/error_prone_annotations/2.2.0/error_prone_annotations-2.2.0.jar:/home/runner/.m2/repository/com/google/j2objc/j2objc-annotations/1.3/j2objc-annotations-1.3.jar:/home/runner/.m2/repository/commons-io/commons-io/2.11.0/commons-io-2.11.0.jar:/home/runner/.m2/repository/commons-logging/commons-logging/1.2/commons-logging-1.2.jar:/home/runner/.m2/repository/log4j/log4j/1.2.17/log4j-1.2.17.jar:/home/runner/.m2/repository/org/slf4j/slf4j-api/1.7.30/slf4j-api-1.7.30.jar:/home/runner/.m2/repository/org/apache/ozone/hdds-server-scm/1.3.0-SNAPSHOT/hdds-server-scm-1.3.0-SNAPSHOT.jar:/home/runner/.m2/repository/org/apache/ozone/hdds-container-service/1.3.0-SNAPSHOT/hdds-container-service-1.3.0-SNAPSHOT.jar:/home/runner/.m2/repository/org/apache/ozone/hdds-hadoop-dependency-server/1.3.0-SNAPSHOT/hdds-hadoop-dependency-server-1.3.0-SNAPSHOT.jar:/home/runner/.m2/repository/org/apache/hadoop/hadoop-hdfs/3.3.1/hadoop-hdfs-3.3.1.jar:/home/runner/.m2/repository/org/apache/ozone/hdds-server-framework/1.3.0-SNAPSHOT/hdds-server-framework-1.3.0-SNAPSHOT.jar:/home/runner/.m2/repository/org/apache/ozone/hdds-interface-server/1.3.0-SNAPSHOT/hdds-interface-server-1.3.0-SNAPSHOT.jar:/home/runner/.m2/repository/org/apache/logging/log4j/log4j-core/2.17.1/log4j-core-2.17.1.jar:/home/runner/.m2/repository/com/lmax/disruptor/3.4.2/disruptor-3.4.2.jar:/home/runner/.m2/repository/org/eclipse/jetty/jetty-servlet/9.4.43.v20210629/jetty-servlet-9.4.43.v20210629.jar:/home/runner/.m2/repository/org/eclipse/jetty/jetty-security/9.4.43.v20210629/jetty-security-9.4.43.v20210629.jar:/home/runner/.m2/repository/org/rocksdb/rocksdbjni/7.0.4/rocksdbjni-7.0.4.jar:/home/runner/.m2/repository/io/prometheus/simpleclient_dropwizard/0.7.0/simpleclient_dropwizard-0.7.0.jar:/home/runner/.m2/repository/io/prometheus/simpleclient/0.7.0/simpleclient-0.7.0.jar:/home/runner/.m2/repository/io/prometheus/simpleclient_common/0.7.0/simpleclient_common-0.7.0.jar:/home/runner/.m2/repository/com/fasterxml/jackson/datatype/jackson-datatype-jsr310/2.13.2/jackson-datatype-jsr310-2.13.2.jar:/home/runner/.m2/repository/io/dropwizard/metrics/metrics-core/3.2.4/metrics-core-3.2.4.jar:/home/runner/.m2/repository/org/apache/hadoop/hadoop-hdfs-client/3.3.1/hadoop-hdfs-client-3.3.1.jar:/home/runner/.m2/repository/org/bouncycastle/bcprov-jdk15on/1.67/bcprov-jdk15on-1.67.jar:/home/runner/.m2/repository/com/google/protobuf/protobuf-java/2.5.0/protobuf-java-2.5.0.jar:/home/runner/.m2/repository/org/apache/ozone/ozone-manager/1.3.0-SNAPSHOT/ozone-manager-1.3.0-SNAPSHOT.jar:/home/runner/.m2/repository/org/aspectj/aspectjrt/1.9.7/aspectjrt-1.9.7.jar:/home/runner/.m2/repository/org/aspectj/aspectjweaver/1.9.7/aspectjweaver-1.9.7.jar:/home/runner/.m2/repository/org/apache/ozone/hdds-interface-client/1.3.0-SNAPSHOT/hdds-interface-client-1.3.0-SNAPSHOT.jar:/home/runner/.m2/repository/org/apache/hadoop/thirdparty/hadoop-shaded-protobuf_3_7/1.1.1/hadoop-shaded-protobuf_3_7-1.1.1.jar:/home/runner/.m2/repository/org/apache/ozone/ozone-interface-storage/1.3.0-SNAPSHOT/ozone-interface-storage-1.3.0-SNAPSHOT.jar:/home/runner/.m2/repository/org/reflections/reflections/0.9.11/reflections-0.9.11.jar:/home/runner/.m2/repository/org/apache/hadoop/hadoop-minikdc/3.3.1/hadoop-minikdc-3.3.1.jar:/home/runner/.m2/repository/org/apache/kerby/kerb-simplekdc/1.0.1/kerb-simplekdc-1.0.1.jar:/home/runner/.m2/repository/org/apache/kerby/kerb-client/1.0.1/kerb-client-1.0.1.jar:/home/runner/.m2/repository/org/apache/kerby/kerby-config/1.0.1/kerby-config-1.0.1.jar:/home/runner/.m2/repository/org/apache/kerby/kerb-common/1.0.1/kerb-common-1.0.1.jar:/home/runner/.m2/repository/org/apache/kerby/kerb-crypto/1.0.1/kerb-crypto-1.0.1.jar:/home/runner/.m2/repository/org/apache/kerby/kerb-util/1.0.1/kerb-util-1.0.1.jar:/home/runner/.m2/repository/org/apache/kerby/token-provider/1.0.1/token-provider-1.0.1.jar:/home/runner/.m2/repository/org/apache/kerby/kerb-admin/1.0.1/kerb-admin-1.0.1.jar:/home/runner/.m2/repository/org/apache/kerby/kerb-server/1.0.1/kerb-server-1.0.1.jar:/home/runner/.m2/repository/org/apache/kerby/kerb-identity/1.0.1/kerb-identity-1.0.1.jar:/home/runner/.m2/repository/org/apache/kerby/kerby-xdr/1.0.1/kerby-xdr-1.0.1.jar:/home/runner/.m2/repository/org/slf4j/slf4j-log4j12/1.7.30/slf4j-log4j12-1.7.30.jar:/home/runner/.m2/repository/org/apache/ozone/ozone-s3gateway/1.3.0-SNAPSHOT/ozone-s3gateway-1.3.0-SNAPSHOT.jar:/home/runner/.m2/repository/org/javassist/javassist/3.21.0-GA/javassist-3.21.0-GA.jar:/home/runner/.m2/repository/org/jboss/weld/servlet/weld-servlet/2.4.7.Final/weld-servlet-2.4.7.Final.jar:/home/runner/.m2/repository/org/glassfish/jersey/containers/jersey-container-servlet-core/2.33/jersey-container-servlet-core-2.33.jar:/home/runner/.m2/repository/org/glassfish/hk2/external/jakarta.inject/2.6.1/jakarta.inject-2.6.1.jar:/home/runner/.m2/repository/org/glassfish/jersey/core/jersey-common/2.33/jersey-common-2.33.jar:/home/runner/.m2/repository/jakarta/ws/rs/jakarta.ws.rs-api/2.1.6/jakarta.ws.rs-api-2.1.6.jar:/home/runner/.m2/repository/org/glassfish/jersey/ext/cdi/jersey-cdi1x/2.33/jersey-cdi1x-2.33.jar:/home/runner/.m2/repository/org/glassfish/jersey/inject/jersey-hk2/2.33/jersey-hk2-2.33.jar:/home/runner/.m2/repository/org/glassfish/hk2/hk2-locator/2.6.1/hk2-locator-2.6.1.jar:/home/runner/.m2/repository/org/glassfish/jersey/media/jersey-media-jaxb/2.33/jersey-media-jaxb-2.33.jar:/home/runner/.m2/repository/org/glassfish/hk2/osgi-resource-locator/1.0.3/osgi-resource-locator-1.0.3.jar:/home/runner/.m2/repository/org/glassfish/hk2/hk2-api/2.5.0/hk2-api-2.5.0.jar:/home/runner/.m2/repository/org/glassfish/hk2/hk2-utils/2.5.0/hk2-utils-2.5.0.jar:/home/runner/.m2/repository/org/glassfish/hk2/external/aopalliance-repackaged/2.5.0/aopalliance-repackaged-2.5.0.jar:/home/runner/.m2/repository/com/fasterxml/jackson/dataformat/jackson-dataformat-xml/2.13.2/jackson-dataformat-xml-2.13.2.jar:/home/runner/.m2/repository/com/fasterxml/jackson/core/jackson-core/2.13.2/jackson-core-2.13.2.jar:/home/runner/.m2/repository/org/codehaus/woodstox/stax2-api/3.1.4/stax2-api-3.1.4.jar:/home/runner/.m2/repository/com/fasterxml/woodstox/woodstox-core/5.0.3/woodstox-core-5.0.3.jar:/home/runner/.m2/repository/com/fasterxml/jackson/module/jackson-module-jaxb-annotations/2.13.2/jackson-module-jaxb-annotations-2.13.2.jar:/home/runner/.m2/repository/jakarta/xml/bind/jakarta.xml.bind-api/2.3.3/jakarta.xml.bind-api-2.3.3.jar:/home/runner/.m2/repository/jakarta/activation/jakarta.activation-api/1.2.1/jakarta.activation-api-1.2.1.jar:/home/runner/.m2/repository/javax/enterprise/cdi-api/1.2/cdi-api-1.2.jar:/home/runner/.m2/repository/javax/el/javax.el-api/3.0.0/javax.el-api-3.0.0.jar:/home/runner/.m2/repository/javax/interceptor/javax.interceptor-api/1.2/javax.interceptor-api-1.2.jar:/home/runner/.m2/repository/javax/inject/javax.inject/1/javax.inject-1.jar:/home/runner/.m2/repository/javax/xml/bind/jaxb-api/2.3.0/jaxb-api-2.3.0.jar:/home/runner/.m2/repository/org/glassfish/jaxb/jaxb-runtime/2.3.0.1/jaxb-runtime-2.3.0.1.jar:/home/runner/.m2/repository/org/glassfish/jaxb/jaxb-core/2.3.0.1/jaxb-core-2.3.0.1.jar:/home/runner/.m2/repository/org/glassfish/jaxb/txw2/2.3.0.1/txw2-2.3.0.1.jar:/home/runner/.m2/repository/com/sun/istack/istack-commons-runtime/3.0.5/istack-commons-runtime-3.0.5.jar:/home/runner/.m2/repository/org/jvnet/staxex/stax-ex/1.7.8/stax-ex-1.7.8.jar:/home/runner/.m2/repository/com/sun/xml/fastinfoset/FastInfoset/1.2.13/FastInfoset-1.2.13.jar:/home/runner/.m2/repository/javax/activation/activation/1.1.1/activation-1.1.1.jar:/home/runner/.m2/repository/org/apache/ozone/ozone-csi/1.3.0-SNAPSHOT/ozone-csi-1.3.0-SNAPSHOT.jar:/home/runner/.m2/repository/com/google/protobuf/protobuf-java-util/3.12.0/protobuf-java-util-3.12.0.jar:/home/runner/.m2/repository/com/google/code/gson/gson/2.2.4/gson-2.2.4.jar:/home/runner/.m2/repository/org/apache/ozone/hdds-config/1.3.0-SNAPSHOT/hdds-config-1.3.0-SNAPSHOT.jar:/home/runner/.m2/repository/io/grpc/grpc-netty/1.33.0/grpc-netty-1.33.0.jar:/home/runner/.m2/repository/io/grpc/grpc-core/1.33.0/grpc-core-1.33.0.jar:/home/runner/.m2/repository/com/google/android/annotations/4.1.1.4/annotations-4.1.1.4.jar:/home/runner/.m2/repository/io/netty/netty-codec-http2/4.1.63.Final/netty-codec-http2-4.1.63.Final.jar:/home/runner/.m2/repository/io/netty/netty-codec-http/4.1.63.Final/netty-codec-http-4.1.63.Final.jar:/home/runner/.m2/repository/io/netty/netty-handler-proxy/4.1.63.Final/netty-handler-proxy-4.1.63.Final.jar:/home/runner/.m2/repository/io/netty/netty-codec-socks/4.1.63.Final/netty-codec-socks-4.1.63.Final.jar:/home/runner/.m2/repository/io/perfmark/perfmark-api/0.19.0/perfmark-api-0.19.0.jar:/home/runner/.m2/repository/org/codehaus/mojo/animal-sniffer-annotations/1.18/animal-sniffer-annotations-1.18.jar:/home/runner/.m2/repository/io/netty/netty-transport-native-epoll/4.1.63.Final/netty-transport-native-epoll-4.1.63.Final.jar:/home/runner/.m2/repository/io/netty/netty-common/4.1.63.Final/netty-common-4.1.63.Final.jar:/home/runner/.m2/repository/io/netty/netty-buffer/4.1.63.Final/netty-buffer-4.1.63.Final.jar:/home/runner/.m2/repository/io/netty/netty-transport-native-unix-common/4.1.63.Final/netty-transport-native-unix-common-4.1.63.Final.jar:/home/runner/.m2/repository/io/grpc/grpc-protobuf/1.33.0/grpc-protobuf-1.33.0.jar:/home/runner/.m2/repository/io/grpc/grpc-api/1.33.0/grpc-api-1.33.0.jar:/home/runner/.m2/repository/io/grpc/grpc-context/1.33.0/grpc-context-1.33.0.jar:/home/runner/.m2/repository/com/google/api/grpc/proto-google-common-protos/1.17.0/proto-google-common-protos-1.17.0.jar:/home/runner/.m2/repository/io/grpc/grpc-protobuf-lite/1.33.0/grpc-protobuf-lite-1.33.0.jar:/home/runner/.m2/repository/io/grpc/grpc-stub/1.33.0/grpc-stub-1.33.0.jar:/home/runner/.m2/repository/org/apache/ozone/ozone-recon/1.3.0-SNAPSHOT/ozone-recon-1.3.0-SNAPSHOT.jar:/home/runner/.m2/repository/org/apache/ozone/ozone-reconcodegen/1.3.0-SNAPSHOT/ozone-reconcodegen-1.3.0-SNAPSHOT.jar:/home/runner/.m2/repository/com/google/inject/extensions/guice-multibindings/4.0/guice-multibindings-4.0.jar:/home/runner/.m2/repository/com/google/inject/guice/4.0/guice-4.0.jar:/home/runner/.m2/repository/aopalliance/aopalliance/1.0/aopalliance-1.0.jar:/home/runner/.m2/repository/com/google/inject/extensions/guice-assistedinject/4.0/guice-assistedinject-4.0.jar:/home/runner/.m2/repository/com/google/inject/extensions/guice-servlet/4.0/guice-servlet-4.0.jar:/home/runner/.m2/repository/org/glassfish/jersey/containers/jersey-container-servlet/2.33/jersey-container-servlet-2.33.jar:/home/runner/.m2/repository/org/glassfish/hk2/guice-bridge/2.5.0/guice-bridge-2.5.0.jar:/home/runner/.m2/repository/org/glassfish/jersey/core/jersey-server/2.33/jersey-server-2.33.jar:/home/runner/.m2/repository/org/glassfish/jersey/core/jersey-client/2.33/jersey-client-2.33.jar:/home/runner/.m2/repository/jakarta/annotation/jakarta.annotation-api/1.3.5/jakarta.annotation-api-1.3.5.jar:/home/runner/.m2/repository/jakarta/validation/jakarta.validation-api/2.0.2/jakarta.validation-api-2.0.2.jar:/home/runner/.m2/repository/org/glassfish/jersey/media/jersey-media-json-jackson/2.33/jersey-media-json-jackson-2.33.jar:/home/runner/.m2/repository/org/glassfish/jersey/ext/jersey-entity-filtering/2.33/jersey-entity-filtering-2.33.jar:/home/runner/.m2/repository/org/jooq/jooq/3.11.10/jooq-3.11.10.jar:/home/runner/.m2/repository/org/jooq/jooq-meta/3.11.10/jooq-meta-3.11.10.jar:/home/runner/.m2/repository/org/jooq/jooq-codegen/3.11.10/jooq-codegen-3.11.10.jar:/home/runner/.m2/repository/com/jolbox/bonecp/0.8.0.RELEASE/bonecp-0.8.0.RELEASE.jar:/home/runner/.m2/repository/org/apache/derby/derby/10.14.2.0/derby-10.14.2.0.jar:/home/runner/.m2/repository/org/xerial/sqlite-jdbc/3.25.2/sqlite-jdbc-3.25.2.jar:/home/runner/.m2/repository/org/springframework/spring-jdbc/5.2.20.RELEASE/spring-jdbc-5.2.20.RELEASE.jar:/home/runner/.m2/repository/org/springframework/spring-beans/5.2.20.RELEASE/spring-beans-5.2.20.RELEASE.jar:/home/runner/.m2/repository/org/springframework/spring-core/5.2.20.RELEASE/spring-core-5.2.20.RELEASE.jar:/home/runner/.m2/repository/org/springframework/spring-jcl/5.2.20.RELEASE/spring-jcl-5.2.20.RELEASE.jar:/home/runner/.m2/repository/org/springframework/spring-tx/5.2.20.RELEASE/spring-tx-5.2.20.RELEASE.jar:/home/runner/.m2/repository/org/apache/ozone/ozone-client/1.3.0-SNAPSHOT/ozone-client-1.3.0-SNAPSHOT.jar:/home/runner/.m2/repository/org/apache/ozone/hdds-erasurecode/1.3.0-SNAPSHOT/hdds-erasurecode-1.3.0-SNAPSHOT.jar:/home/runner/.m2/repository/com/github/spotbugs/spotbugs-annotations/3.1.12/spotbugs-annotations-3.1.12.jar:/home/runner/.m2/repository/org/apache/ozone/ozone-filesystem/1.3.0-SNAPSHOT/ozone-filesystem-1.3.0-SNAPSHOT.jar:/home/runner/.m2/repository/org/apache/ozone/ozone-filesystem-common/1.3.0-SNAPSHOT/ozone-filesystem-common-1.3.0-SNAPSHOT.jar:/home/runner/.m2/repository/org/apache/ozone/ozone-tools/1.3.0-SNAPSHOT/ozone-tools-1.3.0-SNAPSHOT.jar:/home/runner/.m2/repository/org/apache/ratis/ratis-tools/2.2.0/ratis-tools-2.2.0.jar:/home/runner/.m2/repository/com/amazonaws/aws-java-sdk-core/1.12.124/aws-java-sdk-core-1.12.124.jar:/home/runner/.m2/repository/org/apache/httpcomponents/httpclient/4.5.13/httpclient-4.5.13.jar:/home/runner/.m2/repository/org/apache/httpcomponents/httpcore/4.4.13/httpcore-4.4.13.jar:/home/runner/.m2/repository/software/amazon/ion/ion-java/1.0.2/ion-java-1.0.2.jar:/home/runner/.m2/repository/com/fasterxml/jackson/dataformat/jackson-dataformat-cbor/2.13.2/jackson-dataformat-cbor-2.13.2.jar:/home/runner/.m2/repository/joda-time/joda-time/2.8.1/joda-time-2.8.1.jar:/home/runner/.m2/repository/com/amazonaws/aws-java-sdk-s3/1.12.124/aws-java-sdk-s3-1.12.124.jar:/home/runner/.m2/repository/com/amazonaws/aws-java-sdk-kms/1.12.124/aws-java-sdk-kms-1.12.124.jar:/home/runner/.m2/repository/com/amazonaws/jmespath-java/1.12.124/jmespath-java-1.12.124.jar:/home/runner/.m2/repository/org/kohsuke/metainf-services/metainf-services/1.8/metainf-services-1.8.jar:/home/runner/.m2/repository/org/apache/ozone/hdds-tools/1.3.0-SNAPSHOT/hdds-tools-1.3.0-SNAPSHOT.jar:/home/runner/.m2/repository/commons-cli/commons-cli/1.2/commons-cli-1.2.jar:/home/runner/.m2/repository/org/apache/commons/commons-lang3/3.7/commons-lang3-3.7.jar:/home/runner/.m2/repository/org/apache/ozone/ozone-manager/1.3.0-SNAPSHOT/ozone-manager-1.3.0-SNAPSHOT-tests.jar:/home/runner/.m2/repository/org/apache/ozone/hdds-common/1.3.0-SNAPSHOT/hdds-common-1.3.0-SNAPSHOT-tests.jar:/home/runner/.m2/repository/org/apache/ozone/hdds-hadoop-dependency-client/1.3.0-SNAPSHOT/hdds-hadoop-dependency-client-1.3.0-SNAPSHOT.jar:/home/runner/.m2/repository/info/picocli/picocli/4.6.1/picocli-4.6.1.jar:/home/runner/.m2/repository/com/fasterxml/jackson/core/jackson-annotations/2.13.2/jackson-annotations-2.13.2.jar:/home/runner/.m2/repository/javax/annotation/javax.annotation-api/1.2/javax.annotation-api-1.2.jar:/home/runner/.m2/repository/org/apache/ratis/ratis-server/2.2.0/ratis-server-2.2.0.jar:/home/runner/.m2/repository/org/apache/ratis/ratis-client/2.2.0/ratis-client-2.2.0.jar:/home/runner/.m2/repository/org/apache/ratis/ratis-server-api/2.2.0/ratis-server-api-2.2.0.jar:/home/runner/.m2/repository/org/apache/ratis/ratis-metrics/2.2.0/ratis-metrics-2.2.0.jar:/home/runner/.m2/repository/org/apache/ratis/ratis-netty/2.2.0/ratis-netty-2.2.0.jar:/home/runner/.m2/repository/org/apache/ratis/ratis-grpc/2.2.0/ratis-grpc-2.2.0.jar:/home/runner/.m2/repository/org/apache/logging/log4j/log4j-api/2.17.1/log4j-api-2.17.1.jar:/home/runner/.m2/repository/org/apache/commons/commons-pool2/2.6.0/commons-pool2-2.6.0.jar:/home/runner/.m2/repository/org/bouncycastle/bcpkix-jdk15on/1.67/bcpkix-jdk15on-1.67.jar:/home/runner/.m2/repository/commons-validator/commons-validator/1.6/commons-validator-1.6.jar:/home/runner/.m2/repository/commons-beanutils/commons-beanutils/1.9.4/commons-beanutils-1.9.4.jar:/home/runner/.m2/repository/commons-digester/commons-digester/1.8.1/commons-digester-1.8.1.jar:/home/runner/.m2/repository/commons-collections/commons-collections/3.2.2/commons-collections-3.2.2.jar:/home/runner/.m2/repository/io/jaegertracing/jaeger-client/1.6.0/jaeger-client-1.6.0.jar:/home/runner/.m2/repository/io/jaegertracing/jaeger-thrift/1.6.0/jaeger-thrift-1.6.0.jar:/home/runner/.m2/repository/org/apache/thrift/libthrift/0.14.1/libthrift-0.14.1.jar:/home/runner/.m2/repository/com/squareup/okhttp3/okhttp/4.9.0/okhttp-4.9.0.jar:/home/runner/.m2/repository/com/squareup/okio/okio/2.8.0/okio-2.8.0.jar:/home/runner/.m2/repository/io/jaegertracing/jaeger-core/1.6.0/jaeger-core-1.6.0.jar:/home/runner/.m2/repository/io/jaegertracing/jaeger-tracerresolver/1.6.0/jaeger-tracerresolver-1.6.0.jar:/home/runner/.m2/repository/io/opentracing/contrib/opentracing-tracerresolver/0.1.8/opentracing-tracerresolver-0.1.8.jar:/home/runner/.m2/repository/org/jetbrains/kotlin/kotlin-stdlib/1.4.31/kotlin-stdlib-1.4.31.jar:/home/runner/.m2/repository/org/jetbrains/kotlin/kotlin-stdlib-common/1.4.31/kotlin-stdlib-common-1.4.31.jar:/home/runner/.m2/repository/org/jetbrains/annotations/13.0/annotations-13.0.jar:/home/runner/.m2/repository/io/opentracing/opentracing-util/0.33.0/opentracing-util-0.33.0.jar:/home/runner/.m2/repository/io/opentracing/opentracing-api/0.33.0/opentracing-api-0.33.0.jar:/home/runner/.m2/repository/io/opentracing/opentracing-noop/0.33.0/opentracing-noop-0.33.0.jar:/home/runner/.m2/repository/org/yaml/snakeyaml/1.26/snakeyaml-1.26.jar:/home/runner/.m2/repository/org/apache/ozone/hdds-interface-admin/1.3.0-SNAPSHOT/hdds-interface-admin-1.3.0-SNAPSHOT.jar:/home/runner/.m2/repository/junit/junit/4.13.1/junit-4.13.1.jar:/home/runner/.m2/repository/org/hamcrest/hamcrest-core/1.3/hamcrest-core-1.3.jar:/home/runner/.m2/repository/org/junit/jupiter/junit-jupiter-api/5.7.0/junit-jupiter-api-5.7.0.jar:/home/runner/.m2/repository/org/apiguardian/apiguardian-api/1.1.0/apiguardian-api-1.1.0.jar:/home/runner/.m2/repository/org/opentest4j/opentest4j/1.2.0/opentest4j-1.2.0.jar:/home/runner/.m2/repository/org/junit/platform/junit-platform-commons/1.7.0/junit-platform-commons-1.7.0.jar:/home/runner/.m2/repository/org/junit/jupiter/junit-jupiter-params/5.7.0/junit-jupiter-params-5.7.0.jar:/home/runner/.m2/repository/org/junit/jupiter/junit-jupiter-migrationsupport/5.7.0/junit-jupiter-migrationsupport-5.7.0.jar:/home/runner/.m2/repository/org/junit/jupiter/junit-jupiter-engine/5.7.0/junit-jupiter-engine-5.7.0.jar:/home/runner/.m2/repository/org/junit/platform/junit-platform-engine/1.7.0/junit-platform-engine-1.7.0.jar:/home/runner/.m2/repository/org/junit/vintage/junit-vintage-engine/5.7.0/junit-vintage-engine-5.7.0.jar:/home/runner/.m2/repository/org/junit/platform/junit-platform-launcher/1.7.0/junit-platform-launcher-1.7.0.jar:/home/runner/.m2/repository/org/mockito/mockito-core/2.28.2/mockito-core-2.28.2.jar:/home/runner/.m2/repository/net/bytebuddy/byte-buddy/1.9.10/byte-buddy-1.9.10.jar:/home/runner/.m2/repository/net/bytebuddy/byte-buddy-agent/1.9.10/byte-buddy-agent-1.9.10.jar:/home/runner/.m2/repository/org/objenesis/objenesis/1.0/objenesis-1.0.jar:/home/runner/.m2/repository/org/apache/hadoop/hadoop-kms/3.3.1/hadoop-kms-3.3.1.jar:/home/runner/.m2/repository/org/apache/hadoop/hadoop-auth/3.3.1/hadoop-auth-3.3.1.jar:/home/runner/.m2/repository/com/nimbusds/nimbus-jose-jwt/7.9/nimbus-jose-jwt-7.9.jar:/home/runner/.m2/repository/com/github/stephenc/jcip/jcip-annotations/1.0-1/jcip-annotations-1.0-1.jar:/home/runner/.m2/repository/net/minidev/json-smart/2.4.7/json-smart-2.4.7.jar:/home/runner/.m2/repository/net/minidev/accessors-smart/2.4.7/accessors-smart-2.4.7.jar:/home/runner/.m2/repository/org/ow2/asm/asm/5.0.4/asm-5.0.4.jar:/home/runner/.m2/repository/org/apache/zookeeper/zookeeper/3.5.6/zookeeper-3.5.6.jar:/home/runner/.m2/repository/org/apache/zookeeper/zookeeper-jute/3.5.6/zookeeper-jute-3.5.6.jar:/home/runner/.m2/repository/org/apache/yetus/audience-annotations/0.5.0/audience-annotations-0.5.0.jar:/home/runner/.m2/repository/org/apache/curator/curator-framework/4.2.0/curator-framework-4.2.0.jar:/home/runner/.m2/repository/org/apache/hadoop/thirdparty/hadoop-shaded-guava/1.1.1/hadoop-shaded-guava-1.1.1.jar:/home/runner/.m2/repository/com/sun/jersey/jersey-core/1.19/jersey-core-1.19.jar:/home/runner/.m2/repository/javax/ws/rs/jsr311-api/1.1.1/jsr311-api-1.1.1.jar:/home/runner/.m2/repository/com/sun/jersey/jersey-server/1.19/jersey-server-1.19.jar:/home/runner/.m2/repository/javax/servlet/javax.servlet-api/3.1.0/javax.servlet-api-3.1.0.jar:/home/runner/.m2/repository/org/eclipse/jetty/jetty-server/9.4.43.v20210629/jetty-server-9.4.43.v20210629.jar:/home/runner/.m2/repository/org/eclipse/jetty/jetty-http/9.4.43.v20210629/jetty-http-9.4.43.v20210629.jar:/home/runner/.m2/repository/org/eclipse/jetty/jetty-io/9.4.43.v20210629/jetty-io-9.4.43.v20210629.jar:/home/runner/.m2/repository/org/eclipse/jetty/jetty-webapp/9.4.43.v20210629/jetty-webapp-9.4.43.v20210629.jar:/home/runner/.m2/repository/org/eclipse/jetty/jetty-xml/9.4.43.v20210629/jetty-xml-9.4.43.v20210629.jar:/home/runner/.m2/repository/org/apache/hadoop/hadoop-common/3.3.1/hadoop-common-3.3.1.jar:/home/runner/.m2/repository/org/apache/commons/commons-math3/3.1.1/commons-math3-3.1.1.jar:/home/runner/.m2/repository/commons-net/commons-net/3.6/commons-net-3.6.jar:/home/runner/.m2/repository/com/sun/jersey/jersey-servlet/1.19/jersey-servlet-1.19.jar:/home/runner/.m2/repository/com/sun/jersey/jersey-json/1.19/jersey-json-1.19.jar:/home/runner/.m2/repository/org/codehaus/jettison/jettison/1.1/jettison-1.1.jar:/home/runner/.m2/repository/com/sun/xml/bind/jaxb-impl/2.2.3-1/jaxb-impl-2.2.3-1.jar:/home/runner/.m2/repository/org/codehaus/jackson/jackson-jaxrs/1.9.2/jackson-jaxrs-1.9.2.jar:/home/runner/.m2/repository/org/codehaus/jackson/jackson-xc/1.9.2/jackson-xc-1.9.2.jar:/home/runner/.m2/repository/org/apache/commons/commons-configuration2/2.1.1/commons-configuration2-2.1.1.jar:/home/runner/.m2/repository/org/apache/commons/commons-text/1.4/commons-text-1.4.jar:/home/runner/.m2/repository/com/google/re2j/re2j/1.1/re2j-1.1.jar:/home/runner/.m2/repository/com/jcraft/jsch/0.1.54/jsch-0.1.54.jar:/home/runner/.m2/repository/org/apache/curator/curator-client/4.2.0/curator-client-4.2.0.jar:/home/runner/.m2/repository/org/apache/curator/curator-recipes/4.2.0/curator-recipes-4.2.0.jar:/home/runner/.m2/repository/org/apache/kerby/kerb-core/1.0.1/kerb-core-1.0.1.jar:/home/runner/.m2/repository/org/apache/kerby/kerby-pkix/1.0.1/kerby-pkix-1.0.1.jar:/home/runner/.m2/repository/org/apache/kerby/kerby-asn1/1.0.1/kerby-asn1-1.0.1.jar:/home/runner/.m2/repository/org/apache/kerby/kerby-util/1.0.1/kerby-util-1.0.1.jar:/home/runner/.m2/repository/dnsjava/dnsjava/2.1.7/dnsjava-2.1.7.jar:/home/runner/.m2/repository/org/xerial/snappy/snappy-java/1.1.8.2/snappy-java-1.1.8.2.jar:/home/runner/.m2/repository/org/slf4j/jul-to-slf4j/1.7.30/jul-to-slf4j-1.7.30.jar:/home/runner/.m2/repository/org/eclipse/jetty/jetty-util/9.4.43.v20210629/jetty-util-9.4.43.v20210629.jar:/home/runner/.m2/repository/com/fasterxml/jackson/core/jackson-databind/2.13.2.2/jackson-databind-2.13.2.2.jar:/home/runner/.m2/repository/org/apache/hadoop/hadoop-kms/3.3.1/hadoop-kms-3.3.1-tests.jar:/home/runner/.m2/repository/org/apache/ozone/hdds-server-scm/1.3.0-SNAPSHOT/hdds-server-scm-1.3.0-SNAPSHOT-tests.jar:/home/runner/.m2/repository/org/apache/ozone/hdds-container-service/1.3.0-SNAPSHOT/hdds-container-service-1.3.0-SNAPSHOT-tests.jar:/home/runner/.m2/repository/commons-codec/commons-codec/1.11/commons-codec-1.11.jar:/home/runner/.m2/repository/io/netty/netty-transport/4.1.63.Final/netty-transport-4.1.63.Final.jar:/home/runner/.m2/repository/io/netty/netty-resolver/4.1.63.Final/netty-resolver-4.1.63.Final.jar:/home/runner/.m2/repository/io/netty/netty-codec/4.1.63.Final/netty-codec-4.1.63.Final.jar:/home/runner/.m2/repository/io/netty/netty-handler/4.1.63.Final/netty-handler-4.1.63.Final.jar:/home/runner/.m2/repository/org/apache/ozone/hdds-hadoop-dependency-test/1.3.0-SNAPSHOT/hdds-hadoop-dependency-test-1.3.0-SNAPSHOT.jar:/home/runner/.m2/repository/org/apache/hadoop/hadoop-common/3.3.1/hadoop-common-3.3.1-tests.jar:/home/runner/.m2/repository/org/assertj/assertj-core/3.12.2/assertj-core-3.12.2.jar:/home/runner/.m2/repository/org/apache/hadoop/hadoop-hdfs/3.3.1/hadoop-hdfs-3.3.1-tests.jar:/home/runner/.m2/repository/org/eclipse/jetty/jetty-util-ajax/9.4.43.v20210629/jetty-util-ajax-9.4.43.v20210629.jar:/home/runner/.m2/repository/commons-daemon/commons-daemon/1.0.13/commons-daemon-1.0.13.jar:/home/runner/.m2/repository/io/netty/netty/3.10.6.Final/netty-3.10.6.Final.jar:/home/runner/.m2/repository/io/netty/netty-all/4.1.63.Final/netty-all-4.1.63.Final.jar:/home/runner/.m2/repository/org/apache/htrace/htrace-core4/4.1.0-incubating/htrace-core4-4.1.0-incubating.jar:/home/runner/.m2/repository/org/fusesource/leveldbjni/leveldbjni-all/1.8/leveldbjni-all-1.8.jar:/home/runner/.m2/repository/org/apache/hadoop/hadoop-distcp/3.3.1/hadoop-distcp-3.3.1.jar:/home/runner/.m2/repository/org/apache/hadoop/hadoop-mapreduce-client-jobclient/3.3.1/hadoop-mapreduce-client-jobclient-3.3.1.jar:/home/runner/.m2/repository/org/apache/hadoop/hadoop-mapreduce-client-common/3.3.1/hadoop-mapreduce-client-common-3.3.1.jar:/home/runner/.m2/repository/org/apache/hadoop/hadoop-yarn-common/3.3.1/hadoop-yarn-common-3.3.1.jar:/home/runner/.m2/repository/org/apache/hadoop/hadoop-yarn-api/3.3.1/hadoop-yarn-api-3.3.1.jar:/home/runner/.m2/repository/com/sun/jersey/jersey-client/1.19/jersey-client-1.19.jar:/home/runner/.m2/repository/com/sun/jersey/contribs/jersey-guice/1.19/jersey-guice-1.19.jar:/home/runner/.m2/repository/com/fasterxml/jackson/jaxrs/jackson-jaxrs-json-provider/2.13.2/jackson-jaxrs-json-provider-2.13.2.jar:/home/runner/.m2/repository/com/fasterxml/jackson/jaxrs/jackson-jaxrs-base/2.13.2/jackson-jaxrs-base-2.13.2.jar:/home/runner/.m2/repository/org/apache/hadoop/hadoop-yarn-client/3.3.1/hadoop-yarn-client-3.3.1.jar:/home/runner/.m2/repository/org/eclipse/jetty/websocket/websocket-client/9.4.40.v20210413/websocket-client-9.4.40.v20210413.jar:/home/runner/.m2/repository/org/eclipse/jetty/jetty-client/9.4.40.v20210413/jetty-client-9.4.40.v20210413.jar:/home/runner/.m2/repository/org/eclipse/jetty/websocket/websocket-common/9.4.40.v20210413/websocket-common-9.4.40.v20210413.jar:/home/runner/.m2/repository/org/eclipse/jetty/websocket/websocket-api/9.4.40.v20210413/websocket-api-9.4.40.v20210413.jar:/home/runner/.m2/repository/org/jline/jline/3.9.0/jline-3.9.0.jar:/home/runner/.m2/repository/org/apache/hadoop/hadoop-mapreduce-client-core/3.3.1/hadoop-mapreduce-client-core-3.3.1.jar:/home/runner/.m2/repository/org/apache/avro/avro/1.7.7/avro-1.7.7.jar:/home/runner/.m2/repository/org/codehaus/jackson/jackson-core-asl/1.9.13/jackson-core-asl-1.9.13.jar:/home/runner/.m2/repository/org/codehaus/jackson/jackson-mapper-asl/1.9.13/jackson-mapper-asl-1.9.13.jar:/home/runner/.m2/repository/com/thoughtworks/paranamer/paranamer/2.3/paranamer-2.3.jar:/home/runner/.m2/repository/org/apache/hadoop/hadoop-annotations/3.3.1/hadoop-annotations-3.3.1.jar:/usr/lib/jvm/temurin-8-jdk-amd64/jre/../lib/tools.jar:/home/runner/.m2/repository/org/apache/hadoop/hadoop-distcp/3.3.1/hadoop-distcp-3.3.1-tests.jar:/home/runner/.m2/repository/org/apache/ratis/ratis-common/2.2.0/ratis-common-2.2.0.jar:/home/runner/.m2/repository/org/apache/ratis/ratis-thirdparty-misc/0.7.0/ratis-thirdparty-misc-0.7.0.jar:/home/runner/.m2/repository/org/apache/ratis/ratis-proto/2.2.0/ratis-proto-2.2.0.jar:/home/runner/.m2/repository/org/apache/ozone/ozone-annotation-processing/1.3.0-SNAPSHOT/ozone-annotation-processing-1.3.0-SNAPSHOT.jar:"/>
    <property name="sun.cpu.endian" value="little"/>
    <property name="user.home" value="/home/runner"/>
    <property name="user.language" value="en"/>
    <property name="java.specification.vendor" value="Oracle Corporation"/>
    <property name="java.home" value="/usr/lib/jvm/temurin-8-jdk-amd64/jre"/>
    <property name="java.security.krb5.conf" value="/home/runner/work/ozone/ozone/hadoop-ozone/integration-test/target/test-classes/krb5.conf"/>
    <property name="basedir" value="/home/runner/work/ozone/ozone/hadoop-ozone/integration-test"/>
    <property name="file.separator" value="/"/>
    <property name="line.separator" value="&#10;"/>
    <property name="java.vm.specification.vendor" value="Oracle Corporation"/>
    <property name="java.specification.name" value="Java Platform API Specification"/>
    <property name="java.awt.graphicsenv" value="sun.awt.X11GraphicsEnvironment"/>
    <property name="skip.installnpx" value="true"/>
    <property name="surefire.real.class.path" value="/home/runner/work/ozone/ozone/hadoop-ozone/integration-test/target/surefire/surefirebooter5950848573462483108.jar:/home/runner/.m2/repository/org/jacoco/org.jacoco.agent/0.8.5/org.jacoco.agent-0.8.5-runtime.jar"/>
    <property name="hadoop.log.dir" value="/home/runner/work/ozone/ozone/hadoop-ozone/integration-test/target/log"/>
    <property name="sun.boot.class.path" value="/usr/lib/jvm/temurin-8-jdk-amd64/jre/lib/resources.jar:/usr/lib/jvm/temurin-8-jdk-amd64/jre/lib/rt.jar:/usr/lib/jvm/temurin-8-jdk-amd64/jre/lib/sunrsasign.jar:/usr/lib/jvm/temurin-8-jdk-amd64/jre/lib/jsse.jar:/usr/lib/jvm/temurin-8-jdk-amd64/jre/lib/jce.jar:/usr/lib/jvm/temurin-8-jdk-amd64/jre/lib/charsets.jar:/usr/lib/jvm/temurin-8-jdk-amd64/jre/lib/jfr.jar:/usr/lib/jvm/temurin-8-jdk-amd64/jre/classes"/>
    <property name="sun.management.compiler" value="HotSpot 64-Bit Tiered Compilers"/>
    <property name="skip.npx" value="true"/>
    <property name="java.runtime.version" value="1.8.0_322-b06"/>
    <property name="java.net.preferIPv4Stack" value="true"/>
    <property name="user.name" value="runner"/>
    <property name="path.separator" value=":"/>
    <property name="java.security.egd" value="file:///dev/urandom"/>
    <property name="os.version" value="5.4.0-1074-azure"/>
    <property name="java.endorsed.dirs" value="/usr/lib/jvm/temurin-8-jdk-amd64/jre/lib/endorsed"/>
    <property name="java.runtime.name" value="OpenJDK Runtime Environment"/>
    <property name="file.encoding" value="UTF-8"/>
    <property name="java.vm.name" value="OpenJDK 64-Bit Server VM"/>
    <property name="test.build.webapps" value=""/>
    <property name="localRepository" value="/home/runner/.m2/repository"/>
    <property name="jetty.git.hash" value="526006ecfa3af7f1a27ef3a288e2bef7ea9dd7e8"/>
    <property name="java.vendor.url.bug" value="https://github.com/adoptium/adoptium-support/issues"/>
    <property name="java.io.tmpdir" value="/tmp"/>
    <property name="require.test.libhadoop" value=""/>
    <property name="java.version" value="1.8.0_322"/>
    <property name="user.dir" value="/home/runner/work/ozone/ozone/hadoop-ozone/integration-test"/>
    <property name="os.arch" value="amd64"/>
    <property name="java.vm.specification.name" value="Java Virtual Machine Specification"/>
    <property name="test.build.classes" value="/home/runner/work/ozone/ozone/hadoop-ozone/integration-test/target/test-classes"/>
    <property name="java.awt.printerjob" value="sun.print.PSPrinterJob"/>
    <property name="sun.os.patch.level" value="unknown"/>
    <property name="hadoop.tmp.dir" value="/home/runner/work/ozone/ozone/hadoop-ozone/integration-test/target/tmp"/>
    <property name="java.library.path" value="/usr/java/packages/lib/amd64:/usr/lib64:/lib64:/lib:/usr/lib"/>
    <property name="java.vm.info" value="mixed mode"/>
    <property name="java.vendor" value="Temurin"/>
    <property name="java.vm.version" value="25.322-b06"/>
    <property name="java.ext.dirs" value="/usr/lib/jvm/temurin-8-jdk-amd64/jre/lib/ext:/usr/java/packages/lib/ext"/>
    <property name="sun.io.unicode.encoding" value="UnicodeLittle"/>
    <property name="java.class.version" value="52.0"/>
  </properties>
  <testcase name="testDeleteWithMultiLevels" classname="org.apache.hadoop.fs.ozone.TestDirectoryDeletingServiceWithFSO" time="124.33">
    <error type="java.util.concurrent.TimeoutException"><![CDATA[java.util.concurrent.TimeoutException: 
Timed out waiting for condition. Thread diagnostics:
Timestamp: 2022-04-21 12:52:28,712

"c2558997-1fb9-4616-86fd-ed065cf63d6b@group-2D14661B708F->e8524086-66f7-4ba2-b4e3-52afd3370864-GrpcLogAppender-LogAppenderDaemon" daemon prio=5 tid=408 timed_waiting
java.lang.Thread.State: TIMED_WAITING
        at java.lang.Object.wait(Native Method)
        at org.apache.ratis.grpc.server.GrpcLogAppender.mayWait(GrpcLogAppender.java:175)
        at org.apache.ratis.grpc.server.GrpcLogAppender.run(GrpcLogAppender.java:127)
        at org.apache.ratis.server.leader.LogAppenderDaemon.run(LogAppenderDaemon.java:77)
        at org.apache.ratis.server.leader.LogAppenderDaemon$$Lambda$989/754036958.run(Unknown Source)
        at java.lang.Thread.run(Thread.java:750)
"FullTableCache Cleanup Thread - 0" daemon prio=5 tid=386 in Object.wait()
java.lang.Thread.State: WAITING (on object monitor)
        at sun.misc.Unsafe.park(Native Method)
        at java.util.concurrent.locks.LockSupport.park(LockSupport.java:175)
        at java.util.concurrent.locks.AbstractQueuedSynchronizer$ConditionObject.await(AbstractQueuedSynchronizer.java:2039)
        at java.util.concurrent.LinkedBlockingQueue.take(LinkedBlockingQueue.java:442)
        at java.util.concurrent.ThreadPoolExecutor.getTask(ThreadPoolExecutor.java:1074)
        at java.util.concurrent.ThreadPoolExecutor.runWorker(ThreadPoolExecutor.java:1134)
        at java.util.concurrent.ThreadPoolExecutor$Worker.run(ThreadPoolExecutor.java:624)
        at java.lang.Thread.run(Thread.java:750)
"IPC Server handler 5 on default port 46539" daemon prio=5 tid=163 timed_waiting
java.lang.Thread.State: TIMED_WAITING
        at sun.misc.Unsafe.park(Native Method)
        at java.util.concurrent.locks.LockSupport.parkNanos(LockSupport.java:215)
        at java.util.concurrent.locks.AbstractQueuedSynchronizer$ConditionObject.awaitNanos(AbstractQueuedSynchronizer.java:2078)
        at java.util.concurrent.LinkedBlockingQueue.poll(LinkedBlockingQueue.java:467)
        at org.apache.hadoop.ipc.CallQueueManager.take(CallQueueManager.java:317)
        at org.apache.hadoop.ipc.Server$Handler.run(Server.java:2932)
"pool-121-thread-1"  prio=5 tid=236 timed_waiting
java.lang.Thread.State: TIMED_WAITING
        at sun.misc.Unsafe.park(Native Method)
        at java.util.concurrent.locks.LockSupport.parkNanos(LockSupport.java:215)
        at java.util.concurrent.locks.AbstractQueuedSynchronizer$ConditionObject.awaitNanos(AbstractQueuedSynchronizer.java:2078)
        at java.util.concurrent.ScheduledThreadPoolExecutor$DelayedWorkQueue.take(ScheduledThreadPoolExecutor.java:1093)
        at java.util.concurrent.ScheduledThreadPoolExecutor$DelayedWorkQueue.take(ScheduledThreadPoolExecutor.java:809)
        at java.util.concurrent.ThreadPoolExecutor.getTask(ThreadPoolExecutor.java:1074)
        at java.util.concurrent.ThreadPoolExecutor.runWorker(ThreadPoolExecutor.java:1134)
        at java.util.concurrent.ThreadPoolExecutor$Worker.run(ThreadPoolExecutor.java:624)
        at java.lang.Thread.run(Thread.java:750)
"BlockDeletingService#3" daemon prio=5 tid=575 in Object.wait()
java.lang.Thread.State: WAITING (on object monitor)
        at sun.misc.Unsafe.park(Native Method)
        at java.util.concurrent.locks.LockSupport.park(LockSupport.java:175)
        at java.util.concurrent.locks.AbstractQueuedSynchronizer$ConditionObject.await(AbstractQueuedSynchronizer.java:2039)
        at java.util.concurrent.ScheduledThreadPoolExecutor$DelayedWorkQueue.take(ScheduledThreadPoolExecutor.java:1088)
        at java.util.concurrent.ScheduledThreadPoolExecutor$DelayedWorkQueue.take(ScheduledThreadPoolExecutor.java:809)
        at java.util.concurrent.ThreadPoolExecutor.getTask(ThreadPoolExecutor.java:1074)
        at java.util.concurrent.ThreadPoolExecutor.runWorker(ThreadPoolExecutor.java:1134)
        at java.util.concurrent.ThreadPoolExecutor$Worker.run(ThreadPoolExecutor.java:624)
        at java.lang.Thread.run(Thread.java:750)
"qtp627622993-217" daemon prio=5 tid=217 timed_waiting
java.lang.Thread.State: TIMED_WAITING
        at sun.misc.Unsafe.park(Native Method)
        at java.util.concurrent.locks.LockSupport.parkNanos(LockSupport.java:215)
        at java.util.concurrent.locks.AbstractQueuedSynchronizer$ConditionObject.awaitNanos(AbstractQueuedSynchronizer.java:2078)
        at org.eclipse.jetty.util.BlockingArrayQueue.poll(BlockingArrayQueue.java:382)
        at org.eclipse.jetty.util.thread.QueuedThreadPool$Runner.idleJobPoll(QueuedThreadPool.java:974)
        at org.eclipse.jetty.util.thread.QueuedThreadPool$Runner.run(QueuedThreadPool.java:1018)
        at java.lang.Thread.run(Thread.java:750)
"IPC Server handler 16 on default port 44115" daemon prio=5 tid=127 timed_waiting
java.lang.Thread.State: TIMED_WAITING
        at sun.misc.Unsafe.park(Native Method)
        at java.util.concurrent.locks.LockSupport.parkNanos(LockSupport.java:215)
        at java.util.concurrent.locks.AbstractQueuedSynchronizer$ConditionObject.awaitNanos(AbstractQueuedSynchronizer.java:2078)
        at java.util.concurrent.LinkedBlockingQueue.poll(LinkedBlockingQueue.java:467)
        at org.apache.hadoop.ipc.CallQueueManager.take(CallQueueManager.java:317)
        at org.apache.hadoop.ipc.Server$Handler.run(Server.java:2932)
"IPC Server handler 7 on default port 44115" daemon prio=5 tid=118 timed_waiting
java.lang.Thread.State: TIMED_WAITING
        at sun.misc.Unsafe.park(Native Method)
        at java.util.concurrent.locks.LockSupport.parkNanos(LockSupport.java:215)
        at java.util.concurrent.locks.AbstractQueuedSynchronizer$ConditionObject.awaitNanos(AbstractQueuedSynchronizer.java:2078)
        at java.util.concurrent.LinkedBlockingQueue.poll(LinkedBlockingQueue.java:467)
        at org.apache.hadoop.ipc.CallQueueManager.take(CallQueueManager.java:317)
        at org.apache.hadoop.ipc.Server$Handler.run(Server.java:2932)
"IPC Server handler 10 on default port 46789" daemon prio=5 tid=82 timed_waiting
java.lang.Thread.State: TIMED_WAITING
        at sun.misc.Unsafe.park(Native Method)
        at java.util.concurrent.locks.LockSupport.parkNanos(LockSupport.java:215)
        at java.util.concurrent.locks.AbstractQueuedSynchronizer$ConditionObject.awaitNanos(AbstractQueuedSynchronizer.java:2078)
        at java.util.concurrent.LinkedBlockingQueue.poll(LinkedBlockingQueue.java:467)
        at org.apache.hadoop.ipc.CallQueueManager.take(CallQueueManager.java:317)
        at org.apache.hadoop.ipc.Server$Handler.run(Server.java:2932)
"EventQueue-DatanodeCommandForSCMNodeManager"  prio=5 tid=294 in Object.wait()
java.lang.Thread.State: WAITING (on object monitor)
        at sun.misc.Unsafe.park(Native Method)
        at java.util.concurrent.locks.LockSupport.park(LockSupport.java:175)
        at java.util.concurrent.locks.AbstractQueuedSynchronizer$ConditionObject.await(AbstractQueuedSynchronizer.java:2039)
        at java.util.concurrent.LinkedBlockingQueue.take(LinkedBlockingQueue.java:442)
        at java.util.concurrent.ThreadPoolExecutor.getTask(ThreadPoolExecutor.java:1074)
        at java.util.concurrent.ThreadPoolExecutor.runWorker(ThreadPoolExecutor.java:1134)
        at java.util.concurrent.ThreadPoolExecutor$Worker.run(ThreadPoolExecutor.java:624)
        at java.lang.Thread.run(Thread.java:750)
"BlockDeletingService#1" daemon prio=5 tid=277 in Object.wait()
java.lang.Thread.State: WAITING (on object monitor)
        at sun.misc.Unsafe.park(Native Method)
        at java.util.concurrent.locks.LockSupport.park(LockSupport.java:175)
        at java.util.concurrent.locks.AbstractQueuedSynchronizer$ConditionObject.await(AbstractQueuedSynchronizer.java:2039)
        at java.util.concurrent.ScheduledThreadPoolExecutor$DelayedWorkQueue.take(ScheduledThreadPoolExecutor.java:1088)
        at java.util.concurrent.ScheduledThreadPoolExecutor$DelayedWorkQueue.take(ScheduledThreadPoolExecutor.java:809)
        at java.util.concurrent.ThreadPoolExecutor.getTask(ThreadPoolExecutor.java:1074)
        at java.util.concurrent.ThreadPoolExecutor.runWorker(ThreadPoolExecutor.java:1134)
        at java.util.concurrent.ThreadPoolExecutor$Worker.run(ThreadPoolExecutor.java:624)
        at java.lang.Thread.run(Thread.java:750)
"qtp2127003431-188" daemon prio=5 tid=188 runnable
java.lang.Thread.State: RUNNABLE
        at sun.nio.ch.EPollArrayWrapper.epollWait(Native Method)
        at sun.nio.ch.EPollArrayWrapper.poll(EPollArrayWrapper.java:269)
        at sun.nio.ch.EPollSelectorImpl.doSelect(EPollSelectorImpl.java:93)
        at sun.nio.ch.SelectorImpl.lockAndDoSelect(SelectorImpl.java:86)
        at sun.nio.ch.SelectorImpl.select(SelectorImpl.java:97)
        at sun.nio.ch.SelectorImpl.select(SelectorImpl.java:101)
        at org.eclipse.jetty.io.ManagedSelector.nioSelect(ManagedSelector.java:183)
        at org.eclipse.jetty.io.ManagedSelector.select(ManagedSelector.java:190)
        at org.eclipse.jetty.io.ManagedSelector$SelectorProducer.select(ManagedSelector.java:606)
        at org.eclipse.jetty.io.ManagedSelector$SelectorProducer.produce(ManagedSelector.java:543)
        at org.eclipse.jetty.util.thread.strategy.EatWhatYouKill.produceTask(EatWhatYouKill.java:362)
        at org.eclipse.jetty.util.thread.strategy.EatWhatYouKill.doProduce(EatWhatYouKill.java:186)
        at org.eclipse.jetty.util.thread.strategy.EatWhatYouKill.tryProduce(EatWhatYouKill.java:173)
        at org.eclipse.jetty.util.thread.strategy.EatWhatYouKill.produce(EatWhatYouKill.java:137)
        at org.eclipse.jetty.io.ManagedSelector$$Lambda$735/1979961282.run(Unknown Source)
        at org.eclipse.jetty.util.thread.QueuedThreadPool.runJob(QueuedThreadPool.java:883)
        at org.eclipse.jetty.util.thread.QueuedThreadPool$Runner.run(QueuedThreadPool.java:1034)
        at java.lang.Thread.run(Thread.java:750)
"CommandWatcher-LeaseManager#LeaseMonitor" daemon prio=5 tid=51 timed_waiting
java.lang.Thread.State: TIMED_WAITING
        at java.lang.Object.wait(Native Method)
        at org.apache.hadoop.ozone.lease.LeaseManager$LeaseMonitor.run(LeaseManager.java:238)
        at java.lang.Thread.run(Thread.java:750)
"qtp373335733-96-acceptor-0@1ff1a142-ServerConnector@40ebb56{HTTP/1.1, (http/1.1)}{0.0.0.0:37463}" daemon prio=3 tid=96 runnable
java.lang.Thread.State: RUNNABLE
        at sun.nio.ch.ServerSocketChannelImpl.accept0(Native Method)
        at sun.nio.ch.ServerSocketChannelImpl.accept(ServerSocketChannelImpl.java:421)
        at sun.nio.ch.ServerSocketChannelImpl.accept(ServerSocketChannelImpl.java:249)
        at org.eclipse.jetty.server.ServerConnector.accept(ServerConnector.java:388)
        at org.eclipse.jetty.server.AbstractConnector$Acceptor.run(AbstractConnector.java:702)
        at org.eclipse.jetty.util.thread.QueuedThreadPool.runJob(QueuedThreadPool.java:883)
        at org.eclipse.jetty.util.thread.QueuedThreadPool$Runner.run(QueuedThreadPool.java:1034)
        at java.lang.Thread.run(Thread.java:750)
"Timer-0"  prio=5 tid=145 timed_waiting
java.lang.Thread.State: TIMED_WAITING
        at java.lang.Object.wait(Native Method)
        at java.util.TimerThread.mainLoop(Timer.java:552)
        at java.util.TimerThread.run(Timer.java:505)
"52f37a01-89b5-406d-9bb0-8d12139c3c87@group-8CD5338CD4E2-SegmentedRaftLogWorker"  prio=5 tid=28 timed_waiting
java.lang.Thread.State: TIMED_WAITING
        at sun.misc.Unsafe.park(Native Method)
        at java.util.concurrent.locks.LockSupport.parkNanos(LockSupport.java:215)
        at java.util.concurrent.locks.AbstractQueuedSynchronizer$ConditionObject.awaitNanos(AbstractQueuedSynchronizer.java:2078)
        at org.apache.ratis.util.DataBlockingQueue.poll(DataBlockingQueue.java:137)
        at org.apache.ratis.server.raftlog.segmented.SegmentedRaftLogWorker.run(SegmentedRaftLogWorker.java:292)
        at org.apache.ratis.server.raftlog.segmented.SegmentedRaftLogWorker$$Lambda$461/1011491712.run(Unknown Source)
        at java.lang.Thread.run(Thread.java:750)
"qtp465649687-149" daemon prio=5 tid=149 timed_waiting
java.lang.Thread.State: TIMED_WAITING
        at sun.misc.Unsafe.park(Native Method)
        at java.util.concurrent.locks.LockSupport.parkNanos(LockSupport.java:215)
        at java.util.concurrent.locks.AbstractQueuedSynchronizer$ConditionObject.awaitNanos(AbstractQueuedSynchronizer.java:2078)
        at org.eclipse.jetty.util.BlockingArrayQueue.poll(BlockingArrayQueue.java:382)
        at org.eclipse.jetty.util.thread.QueuedThreadPool$Runner.idleJobPoll(QueuedThreadPool.java:974)
        at org.eclipse.jetty.util.thread.QueuedThreadPool$Runner.run(QueuedThreadPool.java:1018)
        at java.lang.Thread.run(Thread.java:750)
"0075b94f-442f-431b-bbbf-ccc5d4b175df@group-583A2E79CAB2-StateMachineUpdater" daemon prio=5 tid=310 in Object.wait()
java.lang.Thread.State: WAITING (on object monitor)
        at java.lang.Object.wait(Native Method)
        at java.lang.Object.wait(Object.java:502)
        at org.apache.ratis.server.impl.StateMachineUpdater.waitForCommit(StateMachineUpdater.java:204)
        at org.apache.ratis.server.impl.StateMachineUpdater.run(StateMachineUpdater.java:173)
        at java.lang.Thread.run(Thread.java:750)
"0075b94f-442f-431b-bbbf-ccc5d4b175df@group-583A2E79CAB2-SegmentedRaftLogWorker"  prio=5 tid=309 timed_waiting
java.lang.Thread.State: TIMED_WAITING
        at sun.misc.Unsafe.park(Native Method)
        at java.util.concurrent.locks.LockSupport.parkNanos(LockSupport.java:215)
        at java.util.concurrent.locks.AbstractQueuedSynchronizer$ConditionObject.awaitNanos(AbstractQueuedSynchronizer.java:2078)
        at org.apache.ratis.util.DataBlockingQueue.poll(DataBlockingQueue.java:137)
        at org.apache.ratis.server.raftlog.segmented.SegmentedRaftLogWorker.run(SegmentedRaftLogWorker.java:292)
        at org.apache.ratis.server.raftlog.segmented.SegmentedRaftLogWorker$$Lambda$461/1011491712.run(Unknown Source)
        at java.lang.Thread.run(Thread.java:750)
"qtp2127003431-189-acceptor-0@7e445f5e-ServerConnector@16471411{HTTP/1.1, (http/1.1)}{0.0.0.0:45573}" daemon prio=3 tid=189 runnable
java.lang.Thread.State: RUNNABLE
        at sun.nio.ch.ServerSocketChannelImpl.accept0(Native Method)
        at sun.nio.ch.ServerSocketChannelImpl.accept(ServerSocketChannelImpl.java:421)
        at sun.nio.ch.ServerSocketChannelImpl.accept(ServerSocketChannelImpl.java:249)
        at org.eclipse.jetty.server.ServerConnector.accept(ServerConnector.java:388)
        at org.eclipse.jetty.server.AbstractConnector$Acceptor.run(AbstractConnector.java:702)
        at org.eclipse.jetty.util.thread.QueuedThreadPool.runJob(QueuedThreadPool.java:883)
        at org.eclipse.jetty.util.thread.QueuedThreadPool$Runner.run(QueuedThreadPool.java:1034)
        at java.lang.Thread.run(Thread.java:750)
"e8524086-66f7-4ba2-b4e3-52afd3370864@group-2D14661B708F-FollowerState" daemon prio=5 tid=407 timed_waiting
java.lang.Thread.State: TIMED_WAITING
        at java.lang.Thread.sleep(Native Method)
        at java.lang.Thread.sleep(Thread.java:342)
        at java.util.concurrent.TimeUnit.sleep(TimeUnit.java:386)
        at org.apache.ratis.util.TimeDuration.sleep(TimeDuration.java:324)
        at org.apache.ratis.util.TimeDuration.sleep(TimeDuration.java:309)
        at org.apache.ratis.server.impl.FollowerState.run(FollowerState.java:118)
"pool-100-thread-1"  prio=5 tid=211 timed_waiting
java.lang.Thread.State: TIMED_WAITING
        at sun.misc.Unsafe.park(Native Method)
        at java.util.concurrent.locks.LockSupport.parkNanos(LockSupport.java:215)
        at java.util.concurrent.locks.AbstractQueuedSynchronizer$ConditionObject.awaitNanos(AbstractQueuedSynchronizer.java:2078)
        at java.util.concurrent.ScheduledThreadPoolExecutor$DelayedWorkQueue.take(ScheduledThreadPoolExecutor.java:1093)
        at java.util.concurrent.ScheduledThreadPoolExecutor$DelayedWorkQueue.take(ScheduledThreadPoolExecutor.java:809)
        at java.util.concurrent.ThreadPoolExecutor.getTask(ThreadPoolExecutor.java:1074)
        at java.util.concurrent.ThreadPoolExecutor.runWorker(ThreadPoolExecutor.java:1134)
        at java.util.concurrent.ThreadPoolExecutor$Worker.run(ThreadPoolExecutor.java:624)
        at java.lang.Thread.run(Thread.java:750)
"qtp373335733-97" daemon prio=5 tid=97 timed_waiting
java.lang.Thread.State: TIMED_WAITING
        at sun.misc.Unsafe.park(Native Method)
        at java.util.concurrent.locks.LockSupport.parkNanos(LockSupport.java:215)
        at java.util.concurrent.locks.AbstractQueuedSynchronizer$ConditionObject.awaitNanos(AbstractQueuedSynchronizer.java:2078)
        at org.eclipse.jetty.util.BlockingArrayQueue.poll(BlockingArrayQueue.java:382)
        at org.eclipse.jetty.util.thread.QueuedThreadPool$Runner.idleJobPoll(QueuedThreadPool.java:974)
        at org.eclipse.jetty.util.thread.QueuedThreadPool$Runner.run(QueuedThreadPool.java:1018)
        at java.lang.Thread.run(Thread.java:750)
"EventQueue-PipelineReportForPipelineReportHandler" daemon prio=5 tid=292 in Object.wait()
java.lang.Thread.State: WAITING (on object monitor)
        at sun.misc.Unsafe.park(Native Method)
        at java.util.concurrent.locks.LockSupport.park(LockSupport.java:175)
        at java.util.concurrent.locks.AbstractQueuedSynchronizer$ConditionObject.await(AbstractQueuedSynchronizer.java:2039)
        at java.util.concurrent.LinkedBlockingQueue.take(LinkedBlockingQueue.java:442)
        at java.util.concurrent.ThreadPoolExecutor.getTask(ThreadPoolExecutor.java:1074)
        at java.util.concurrent.ThreadPoolExecutor.runWorker(ThreadPoolExecutor.java:1134)
        at java.util.concurrent.ThreadPoolExecutor$Worker.run(ThreadPoolExecutor.java:624)
        at java.lang.Thread.run(Thread.java:750)
"EventQueue-NewNodeForNewNodeHandler" daemon prio=5 tid=288 in Object.wait()
java.lang.Thread.State: WAITING (on object monitor)
        at sun.misc.Unsafe.park(Native Method)
        at java.util.concurrent.locks.LockSupport.park(LockSupport.java:175)
        at java.util.concurrent.locks.AbstractQueuedSynchronizer$ConditionObject.await(AbstractQueuedSynchronizer.java:2039)
        at java.util.concurrent.LinkedBlockingQueue.take(LinkedBlockingQueue.java:442)
        at java.util.concurrent.ThreadPoolExecutor.getTask(ThreadPoolExecutor.java:1074)
        at java.util.concurrent.ThreadPoolExecutor.runWorker(ThreadPoolExecutor.java:1134)
        at java.util.concurrent.ThreadPoolExecutor$Worker.run(ThreadPoolExecutor.java:624)
        at java.lang.Thread.run(Thread.java:750)
"pool-35-thread-1"  prio=5 tid=94 timed_waiting
java.lang.Thread.State: TIMED_WAITING
        at sun.misc.Unsafe.park(Native Method)
        at java.util.concurrent.locks.LockSupport.parkNanos(LockSupport.java:215)
        at java.util.concurrent.locks.AbstractQueuedSynchronizer$ConditionObject.awaitNanos(AbstractQueuedSynchronizer.java:2078)
        at java.util.concurrent.ScheduledThreadPoolExecutor$DelayedWorkQueue.take(ScheduledThreadPoolExecutor.java:1093)
        at java.util.concurrent.ScheduledThreadPoolExecutor$DelayedWorkQueue.take(ScheduledThreadPoolExecutor.java:809)
        at java.util.concurrent.ThreadPoolExecutor.getTask(ThreadPoolExecutor.java:1074)
        at java.util.concurrent.ThreadPoolExecutor.runWorker(ThreadPoolExecutor.java:1134)
        at java.util.concurrent.ThreadPoolExecutor$Worker.run(ThreadPoolExecutor.java:624)
        at java.lang.Thread.run(Thread.java:750)
"e8524086-66f7-4ba2-b4e3-52afd3370864@group-C66A738FB9BB-StateMachineUpdater" daemon prio=5 tid=303 in Object.wait()
java.lang.Thread.State: WAITING (on object monitor)
        at java.lang.Object.wait(Native Method)
        at java.lang.Object.wait(Object.java:502)
        at org.apache.ratis.server.impl.StateMachineUpdater.waitForCommit(StateMachineUpdater.java:204)
        at org.apache.ratis.server.impl.StateMachineUpdater.run(StateMachineUpdater.java:173)
        at java.lang.Thread.run(Thread.java:750)
"FixedThreadPoolWithAffinityExecutor-9-0" daemon prio=5 tid=289 in Object.wait()
java.lang.Thread.State: WAITING (on object monitor)
        at sun.misc.Unsafe.park(Native Method)
        at java.util.concurrent.locks.LockSupport.park(LockSupport.java:175)
        at java.util.concurrent.locks.AbstractQueuedSynchronizer$ConditionObject.await(AbstractQueuedSynchronizer.java:2039)
        at java.util.concurrent.LinkedBlockingDeque.takeFirst(LinkedBlockingDeque.java:492)
        at java.util.concurrent.LinkedBlockingDeque.take(LinkedBlockingDeque.java:680)
        at java.util.concurrent.ThreadPoolExecutor.getTask(ThreadPoolExecutor.java:1074)
        at java.util.concurrent.ThreadPoolExecutor.runWorker(ThreadPoolExecutor.java:1134)
        at java.util.concurrent.ThreadPoolExecutor$Worker.run(ThreadPoolExecutor.java:624)
        at java.lang.Thread.run(Thread.java:750)
"IPC Server handler 11 on default port 36639" daemon prio=5 tid=63 timed_waiting
java.lang.Thread.State: TIMED_WAITING
        at sun.misc.Unsafe.park(Native Method)
        at java.util.concurrent.locks.LockSupport.parkNanos(LockSupport.java:215)
        at java.util.concurrent.locks.AbstractQueuedSynchronizer$ConditionObject.awaitNanos(AbstractQueuedSynchronizer.java:2078)
        at java.util.concurrent.LinkedBlockingQueue.poll(LinkedBlockingQueue.java:467)
        at org.apache.hadoop.ipc.CallQueueManager.take(CallQueueManager.java:317)
        at org.apache.hadoop.ipc.Server$Handler.run(Server.java:2932)
"Command processor thread" daemon prio=5 tid=202 timed_waiting
java.lang.Thread.State: TIMED_WAITING
        at java.lang.Thread.sleep(Native Method)
        at org.apache.hadoop.ozone.container.common.statemachine.DatanodeStateMachine.lambda$initCommandHandlerThread$3(DatanodeStateMachine.java:608)
        at org.apache.hadoop.ozone.container.common.statemachine.DatanodeStateMachine$$Lambda$810/1447937624.run(Unknown Source)
        at java.lang.Thread.run(Thread.java:750)
"IPC Server handler 17 on default port 44115" daemon prio=5 tid=128 timed_waiting
java.lang.Thread.State: TIMED_WAITING
        at sun.misc.Unsafe.park(Native Method)
        at java.util.concurrent.locks.LockSupport.parkNanos(LockSupport.java:215)
        at java.util.concurrent.locks.AbstractQueuedSynchronizer$ConditionObject.awaitNanos(AbstractQueuedSynchronizer.java:2078)
        at java.util.concurrent.LinkedBlockingQueue.poll(LinkedBlockingQueue.java:467)
        at org.apache.hadoop.ipc.CallQueueManager.take(CallQueueManager.java:317)
        at org.apache.hadoop.ipc.Server$Handler.run(Server.java:2932)
"0075b94f-442f-431b-bbbf-ccc5d4b175df@group-C66A738FB9BB-StateMachineUpdater" daemon prio=5 tid=313 in Object.wait()
java.lang.Thread.State: WAITING (on object monitor)
        at java.lang.Object.wait(Native Method)
        at java.lang.Object.wait(Object.java:502)
        at org.apache.ratis.server.impl.StateMachineUpdater.waitForCommit(StateMachineUpdater.java:204)
        at org.apache.ratis.server.impl.StateMachineUpdater.run(StateMachineUpdater.java:173)
        at java.lang.Thread.run(Thread.java:750)
"IPC Server handler 2 on default port 44115" daemon prio=5 tid=113 timed_waiting
java.lang.Thread.State: TIMED_WAITING
        at sun.misc.Unsafe.park(Native Method)
        at java.util.concurrent.locks.LockSupport.parkNanos(LockSupport.java:215)
        at java.util.concurrent.locks.AbstractQueuedSynchronizer$ConditionObject.awaitNanos(AbstractQueuedSynchronizer.java:2078)
        at java.util.concurrent.LinkedBlockingQueue.poll(LinkedBlockingQueue.java:467)
        at org.apache.hadoop.ipc.CallQueueManager.take(CallQueueManager.java:317)
        at org.apache.hadoop.ipc.Server$Handler.run(Server.java:2932)
"BlockDeletingService#2" daemon prio=5 tid=475 in Object.wait()
java.lang.Thread.State: WAITING (on object monitor)
        at sun.misc.Unsafe.park(Native Method)
        at java.util.concurrent.locks.LockSupport.park(LockSupport.java:175)
        at java.util.concurrent.locks.AbstractQueuedSynchronizer$ConditionObject.await(AbstractQueuedSynchronizer.java:2039)
        at java.util.concurrent.ScheduledThreadPoolExecutor$DelayedWorkQueue.take(ScheduledThreadPoolExecutor.java:1088)
        at java.util.concurrent.ScheduledThreadPoolExecutor$DelayedWorkQueue.take(ScheduledThreadPoolExecutor.java:809)
        at java.util.concurrent.ThreadPoolExecutor.getTask(ThreadPoolExecutor.java:1074)
        at java.util.concurrent.ThreadPoolExecutor.runWorker(ThreadPoolExecutor.java:1134)
        at java.util.concurrent.ThreadPoolExecutor$Worker.run(ThreadPoolExecutor.java:624)
        at java.lang.Thread.run(Thread.java:750)
"qtp1611896908-243" daemon prio=5 tid=243 timed_waiting
java.lang.Thread.State: TIMED_WAITING
        at sun.misc.Unsafe.park(Native Method)
        at java.util.concurrent.locks.LockSupport.parkNanos(LockSupport.java:215)
        at java.util.concurrent.locks.AbstractQueuedSynchronizer$ConditionObject.awaitNanos(AbstractQueuedSynchronizer.java:2078)
        at org.eclipse.jetty.util.BlockingArrayQueue.poll(BlockingArrayQueue.java:382)
        at org.eclipse.jetty.util.thread.QueuedThreadPool$Runner.idleJobPoll(QueuedThreadPool.java:974)
        at org.eclipse.jetty.util.thread.QueuedThreadPool$Runner.run(QueuedThreadPool.java:1018)
        at java.lang.Thread.run(Thread.java:750)
"grpc-default-worker-ELG-5-2" daemon prio=5 tid=307 runnable
java.lang.Thread.State: RUNNABLE
        at org.apache.ratis.thirdparty.io.netty.channel.epoll.Native.epollWait(Native Method)
        at org.apache.ratis.thirdparty.io.netty.channel.epoll.Native.epollWait(Native.java:177)
        at org.apache.ratis.thirdparty.io.netty.channel.epoll.Native.epollWait(Native.java:170)
        at org.apache.ratis.thirdparty.io.netty.channel.epoll.EpollEventLoop.epollWaitNoTimerChange(EpollEventLoop.java:290)
        at org.apache.ratis.thirdparty.io.netty.channel.epoll.EpollEventLoop.run(EpollEventLoop.java:347)
        at org.apache.ratis.thirdparty.io.netty.util.concurrent.SingleThreadEventExecutor$4.run(SingleThreadEventExecutor.java:989)
        at org.apache.ratis.thirdparty.io.netty.util.internal.ThreadExecutorMap$2.run(ThreadExecutorMap.java:74)
        at org.apache.ratis.thirdparty.io.netty.util.concurrent.FastThreadLocalRunnable.run(FastThreadLocalRunnable.java:30)
        at java.lang.Thread.run(Thread.java:750)
"c2558997-1fb9-4616-86fd-ed065cf63d6b@group-CBF675AC35D9-LeaderStateImpl" daemon prio=5 tid=355 timed_waiting
java.lang.Thread.State: TIMED_WAITING
        at sun.misc.Unsafe.park(Native Method)
        at java.util.concurrent.locks.LockSupport.parkNanos(LockSupport.java:215)
        at java.util.concurrent.locks.AbstractQueuedSynchronizer$ConditionObject.awaitNanos(AbstractQueuedSynchronizer.java:2078)
        at java.util.concurrent.ArrayBlockingQueue.poll(ArrayBlockingQueue.java:418)
        at org.apache.ratis.server.impl.LeaderStateImpl$EventQueue.poll(LeaderStateImpl.java:156)
        at org.apache.ratis.server.impl.LeaderStateImpl$EventProcessor.run(LeaderStateImpl.java:600)
"pool-86-thread-1" daemon prio=5 tid=208 timed_waiting
java.lang.Thread.State: TIMED_WAITING
        at sun.misc.Unsafe.park(Native Method)
        at java.util.concurrent.locks.LockSupport.parkNanos(LockSupport.java:215)
        at java.util.concurrent.locks.AbstractQueuedSynchronizer$ConditionObject.awaitNanos(AbstractQueuedSynchronizer.java:2078)
        at java.util.concurrent.ScheduledThreadPoolExecutor$DelayedWorkQueue.take(ScheduledThreadPoolExecutor.java:1093)
        at java.util.concurrent.ScheduledThreadPoolExecutor$DelayedWorkQueue.take(ScheduledThreadPoolExecutor.java:809)
        at java.util.concurrent.ThreadPoolExecutor.getTask(ThreadPoolExecutor.java:1074)
        at java.util.concurrent.ThreadPoolExecutor.runWorker(ThreadPoolExecutor.java:1134)
        at java.util.concurrent.ThreadPoolExecutor$Worker.run(ThreadPoolExecutor.java:624)
        at java.lang.Thread.run(Thread.java:750)
"IPC Server handler 12 on default port 44115" daemon prio=5 tid=123 timed_waiting
java.lang.Thread.State: TIMED_WAITING
        at sun.misc.Unsafe.park(Native Method)
        at java.util.concurrent.locks.LockSupport.parkNanos(LockSupport.java:215)
        at java.util.concurrent.locks.AbstractQueuedSynchronizer$ConditionObject.awaitNanos(AbstractQueuedSynchronizer.java:2078)
        at java.util.concurrent.LinkedBlockingQueue.poll(LinkedBlockingQueue.java:467)
        at org.apache.hadoop.ipc.CallQueueManager.take(CallQueueManager.java:317)
        at org.apache.hadoop.ipc.Server$Handler.run(Server.java:2932)
"PartialTableCache Cleanup Thread - 0" daemon prio=5 tid=394 in Object.wait()
java.lang.Thread.State: WAITING (on object monitor)
        at sun.misc.Unsafe.park(Native Method)
        at java.util.concurrent.locks.LockSupport.park(LockSupport.java:175)
        at java.util.concurrent.locks.AbstractQueuedSynchronizer$ConditionObject.await(AbstractQueuedSynchronizer.java:2039)
        at java.util.concurrent.LinkedBlockingQueue.take(LinkedBlockingQueue.java:442)
        at java.util.concurrent.ThreadPoolExecutor.getTask(ThreadPoolExecutor.java:1074)
        at java.util.concurrent.ThreadPoolExecutor.runWorker(ThreadPoolExecutor.java:1134)
        at java.util.concurrent.ThreadPoolExecutor$Worker.run(ThreadPoolExecutor.java:624)
        at java.lang.Thread.run(Thread.java:750)
"IPC Server handler 17 on default port 36639" daemon prio=5 tid=69 timed_waiting
java.lang.Thread.State: TIMED_WAITING
        at sun.misc.Unsafe.park(Native Method)
        at java.util.concurrent.locks.LockSupport.parkNanos(LockSupport.java:215)
        at java.util.concurrent.locks.AbstractQueuedSynchronizer$ConditionObject.awaitNanos(AbstractQueuedSynchronizer.java:2078)
        at java.util.concurrent.LinkedBlockingQueue.poll(LinkedBlockingQueue.java:467)
        at org.apache.hadoop.ipc.CallQueueManager.take(CallQueueManager.java:317)
        at org.apache.hadoop.ipc.Server$Handler.run(Server.java:2932)
"ChunkWriter-1-0" daemon prio=5 tid=281 in Object.wait()
java.lang.Thread.State: WAITING (on object monitor)
        at sun.misc.Unsafe.park(Native Method)
        at java.util.concurrent.locks.LockSupport.park(LockSupport.java:175)
        at java.util.concurrent.locks.AbstractQueuedSynchronizer$ConditionObject.await(AbstractQueuedSynchronizer.java:2039)
        at java.util.concurrent.LinkedBlockingDeque.takeFirst(LinkedBlockingDeque.java:492)
        at java.util.concurrent.LinkedBlockingDeque.take(LinkedBlockingDeque.java:680)
        at java.util.concurrent.ThreadPoolExecutor.getTask(ThreadPoolExecutor.java:1074)
        at java.util.concurrent.ThreadPoolExecutor.runWorker(ThreadPoolExecutor.java:1134)
        at java.util.concurrent.ThreadPoolExecutor$Worker.run(ThreadPoolExecutor.java:624)
        at java.lang.Thread.run(Thread.java:750)
"Socket Reader #1 for port 0"  prio=5 tid=44 runnable
java.lang.Thread.State: RUNNABLE
        at sun.nio.ch.EPollArrayWrapper.epollWait(Native Method)
        at sun.nio.ch.EPollArrayWrapper.poll(EPollArrayWrapper.java:269)
        at sun.nio.ch.EPollSelectorImpl.doSelect(EPollSelectorImpl.java:93)
        at sun.nio.ch.SelectorImpl.lockAndDoSelect(SelectorImpl.java:86)
        at sun.nio.ch.SelectorImpl.select(SelectorImpl.java:97)
        at sun.nio.ch.SelectorImpl.select(SelectorImpl.java:101)
        at org.apache.hadoop.ipc.Server$Listener$Reader.doRunLoop(Server.java:1288)
        at org.apache.hadoop.ipc.Server$Listener$Reader.run(Server.java:1267)
"pool-72-thread-1"  prio=5 tid=297 in Object.wait()
java.lang.Thread.State: WAITING (on object monitor)
        at sun.misc.Unsafe.park(Native Method)
        at java.util.concurrent.locks.LockSupport.park(LockSupport.java:175)
        at java.util.concurrent.locks.AbstractQueuedSynchronizer$ConditionObject.await(AbstractQueuedSynchronizer.java:2039)
        at java.util.concurrent.LinkedBlockingQueue.take(LinkedBlockingQueue.java:442)
        at java.util.concurrent.ThreadPoolExecutor.getTask(ThreadPoolExecutor.java:1074)
        at java.util.concurrent.ThreadPoolExecutor.runWorker(ThreadPoolExecutor.java:1134)
        at java.util.concurrent.ThreadPoolExecutor$Worker.run(ThreadPoolExecutor.java:624)
        at java.lang.Thread.run(Thread.java:750)
"EventQueue-NodeRegistrationContainerReportForDataNodeSafeModeRule" daemon prio=5 tid=290 in Object.wait()
java.lang.Thread.State: WAITING (on object monitor)
        at sun.misc.Unsafe.park(Native Method)
        at java.util.concurrent.locks.LockSupport.park(LockSupport.java:175)
        at java.util.concurrent.locks.AbstractQueuedSynchronizer$ConditionObject.await(AbstractQueuedSynchronizer.java:2039)
        at java.util.concurrent.LinkedBlockingQueue.take(LinkedBlockingQueue.java:442)
        at java.util.concurrent.ThreadPoolExecutor.getTask(ThreadPoolExecutor.java:1074)
        at java.util.concurrent.ThreadPoolExecutor.runWorker(ThreadPoolExecutor.java:1134)
        at java.util.concurrent.ThreadPoolExecutor$Worker.run(ThreadPoolExecutor.java:624)
        at java.lang.Thread.run(Thread.java:750)
"0075b94f-442f-431b-bbbf-ccc5d4b175df@group-C66A738FB9BB->c2558997-1fb9-4616-86fd-ed065cf63d6b-GrpcLogAppender-LogAppenderDaemon" daemon prio=5 tid=368 timed_waiting
java.lang.Thread.State: TIMED_WAITING
        at java.lang.Object.wait(Native Method)
        at org.apache.ratis.grpc.server.GrpcLogAppender.mayWait(GrpcLogAppender.java:175)
        at org.apache.ratis.grpc.server.GrpcLogAppender.run(GrpcLogAppender.java:127)
        at org.apache.ratis.server.leader.LogAppenderDaemon.run(LogAppenderDaemon.java:77)
        at org.apache.ratis.server.leader.LogAppenderDaemon$$Lambda$989/754036958.run(Unknown Source)
        at java.lang.Thread.run(Thread.java:750)
"Timer for 'StorageContainerManager' metrics system" daemon prio=5 tid=50 timed_waiting
java.lang.Thread.State: TIMED_WAITING
        at java.lang.Object.wait(Native Method)
        at java.util.TimerThread.mainLoop(Timer.java:552)
        at java.util.TimerThread.run(Timer.java:505)
"java.util.concurrent.ThreadPoolExecutor$Worker@5fa8c3e7[State = -1, empty queue]" daemon prio=5 tid=371 timed_waiting
java.lang.Thread.State: TIMED_WAITING
        at sun.misc.Unsafe.park(Native Method)
        at java.util.concurrent.locks.LockSupport.parkNanos(LockSupport.java:215)
        at java.util.concurrent.locks.AbstractQueuedSynchronizer$ConditionObject.awaitNanos(AbstractQueuedSynchronizer.java:2078)
        at java.util.concurrent.ScheduledThreadPoolExecutor$DelayedWorkQueue.take(ScheduledThreadPoolExecutor.java:1093)
        at java.util.concurrent.ScheduledThreadPoolExecutor$DelayedWorkQueue.take(ScheduledThreadPoolExecutor.java:809)
        at java.util.concurrent.ThreadPoolExecutor.getTask(ThreadPoolExecutor.java:1074)
        at java.util.concurrent.ThreadPoolExecutor.runWorker(ThreadPoolExecutor.java:1134)
        at java.util.concurrent.ThreadPoolExecutor$Worker.run(ThreadPoolExecutor.java:624)
        at java.lang.Thread.run(Thread.java:750)
"org.apache.hadoop.ozone.container.common.statemachine.commandhandler.DeleteBlocksCommandHandler$DeleteCmdWorker@431147cb" daemon prio=5 tid=185 timed_waiting
java.lang.Thread.State: TIMED_WAITING
        at java.lang.Thread.sleep(Native Method)
        at org.apache.hadoop.ozone.container.common.statemachine.commandhandler.DeleteBlocksCommandHandler$DeleteCmdWorker.run(DeleteBlocksCommandHandler.java:186)
        at java.lang.Thread.run(Thread.java:750)
"52f37a01-89b5-406d-9bb0-8d12139c3c87@group-8CD5338CD4E2-LeaderStateImpl" daemon prio=5 tid=110 timed_waiting
java.lang.Thread.State: TIMED_WAITING
        at sun.misc.Unsafe.park(Native Method)
        at java.util.concurrent.locks.LockSupport.parkNanos(LockSupport.java:215)
        at java.util.concurrent.locks.AbstractQueuedSynchronizer$ConditionObject.awaitNanos(AbstractQueuedSynchronizer.java:2078)
        at java.util.concurrent.ArrayBlockingQueue.poll(ArrayBlockingQueue.java:418)
        at org.apache.ratis.server.impl.LeaderStateImpl$EventQueue.poll(LeaderStateImpl.java:156)
        at org.apache.ratis.server.impl.LeaderStateImpl$EventProcessor.run(LeaderStateImpl.java:600)
"org.apache.ratis.util.JvmPauseMonitor$$Lambda$525/1580874189@5c25d376" daemon prio=5 tid=264 timed_waiting
java.lang.Thread.State: TIMED_WAITING
        at java.lang.Thread.sleep(Native Method)
        at java.lang.Thread.sleep(Thread.java:342)
        at java.util.concurrent.TimeUnit.sleep(TimeUnit.java:386)
        at org.apache.ratis.util.TimeDuration.sleep(TimeDuration.java:324)
        at org.apache.ratis.util.TimeDuration.sleep(TimeDuration.java:309)
        at org.apache.ratis.util.JvmPauseMonitor.detectPause(JvmPauseMonitor.java:117)
        at org.apache.ratis.util.JvmPauseMonitor.run(JvmPauseMonitor.java:106)
        at org.apache.ratis.util.JvmPauseMonitor$$Lambda$525/1580874189.run(Unknown Source)
        at java.lang.Thread.run(Thread.java:750)
"IPC Server idle connection scanner for port 36639" daemon prio=5 tid=45 timed_waiting
java.lang.Thread.State: TIMED_WAITING
        at java.lang.Object.wait(Native Method)
        at java.util.TimerThread.mainLoop(Timer.java:552)
        at java.util.TimerThread.run(Timer.java:505)
"qtp627622993-214" daemon prio=5 tid=214 timed_waiting
java.lang.Thread.State: TIMED_WAITING
        at sun.misc.Unsafe.park(Native Method)
        at java.util.concurrent.locks.LockSupport.parkNanos(LockSupport.java:215)
        at java.util.concurrent.locks.AbstractQueuedSynchronizer$ConditionObject.awaitNanos(AbstractQueuedSynchronizer.java:2078)
        at org.eclipse.jetty.util.BlockingArrayQueue.poll(BlockingArrayQueue.java:382)
        at org.eclipse.jetty.util.thread.QueuedThreadPool$Runner.idleJobPoll(QueuedThreadPool.java:974)
        at org.eclipse.jetty.util.thread.QueuedThreadPool$Runner.run(QueuedThreadPool.java:1018)
        at java.lang.Thread.run(Thread.java:750)
"Datanode ReportManager Thread - 3" daemon prio=5 tid=200 timed_waiting
java.lang.Thread.State: TIMED_WAITING
        at sun.misc.Unsafe.park(Native Method)
        at java.util.concurrent.locks.LockSupport.parkNanos(LockSupport.java:215)
        at java.util.concurrent.locks.AbstractQueuedSynchronizer$ConditionObject.awaitNanos(AbstractQueuedSynchronizer.java:2078)
        at java.util.concurrent.ScheduledThreadPoolExecutor$DelayedWorkQueue.take(ScheduledThreadPoolExecutor.java:1093)
        at java.util.concurrent.ScheduledThreadPoolExecutor$DelayedWorkQueue.take(ScheduledThreadPoolExecutor.java:809)
        at java.util.concurrent.ThreadPoolExecutor.getTask(ThreadPoolExecutor.java:1074)
        at java.util.concurrent.ThreadPoolExecutor.runWorker(ThreadPoolExecutor.java:1134)
        at java.util.concurrent.ThreadPoolExecutor$Worker.run(ThreadPoolExecutor.java:624)
        at java.lang.Thread.run(Thread.java:750)
"pool-114-thread-1"  prio=5 tid=316 in Object.wait()
java.lang.Thread.State: WAITING (on object monitor)
        at sun.misc.Unsafe.park(Native Method)
        at java.util.concurrent.locks.LockSupport.park(LockSupport.java:175)
        at java.util.concurrent.locks.AbstractQueuedSynchronizer$ConditionObject.await(AbstractQueuedSynchronizer.java:2039)
        at java.util.concurrent.LinkedBlockingQueue.take(LinkedBlockingQueue.java:442)
        at java.util.concurrent.ThreadPoolExecutor.getTask(ThreadPoolExecutor.java:1074)
        at java.util.concurrent.ThreadPoolExecutor.runWorker(ThreadPoolExecutor.java:1134)
        at java.util.concurrent.ThreadPoolExecutor$Worker.run(ThreadPoolExecutor.java:624)
        at java.lang.Thread.run(Thread.java:750)
"c2558997-1fb9-4616-86fd-ed065cf63d6b@group-2D14661B708F->0075b94f-442f-431b-bbbf-ccc5d4b175df-GrpcLogAppender-LogAppenderDaemon" daemon prio=5 tid=406 timed_waiting
java.lang.Thread.State: TIMED_WAITING
        at java.lang.Object.wait(Native Method)
        at org.apache.ratis.grpc.server.GrpcLogAppender.mayWait(GrpcLogAppender.java:175)
        at org.apache.ratis.grpc.server.GrpcLogAppender.run(GrpcLogAppender.java:127)
        at org.apache.ratis.server.leader.LogAppenderDaemon.run(LogAppenderDaemon.java:77)
        at org.apache.ratis.server.leader.LogAppenderDaemon$$Lambda$989/754036958.run(Unknown Source)
        at java.lang.Thread.run(Thread.java:750)
"e8524086-66f7-4ba2-b4e3-52afd3370864@group-2D14661B708F-StateMachineUpdater" daemon prio=5 tid=335 in Object.wait()
java.lang.Thread.State: WAITING (on object monitor)
        at java.lang.Object.wait(Native Method)
        at java.lang.Object.wait(Object.java:502)
        at org.apache.ratis.server.impl.StateMachineUpdater.waitForCommit(StateMachineUpdater.java:204)
        at org.apache.ratis.server.impl.StateMachineUpdater.run(StateMachineUpdater.java:173)
        at java.lang.Thread.run(Thread.java:750)
"PartialTableCache Cleanup Thread - 0" daemon prio=5 tid=396 in Object.wait()
java.lang.Thread.State: WAITING (on object monitor)
        at sun.misc.Unsafe.park(Native Method)
        at java.util.concurrent.locks.LockSupport.park(LockSupport.java:175)
        at java.util.concurrent.locks.AbstractQueuedSynchronizer$ConditionObject.await(AbstractQueuedSynchronizer.java:2039)
        at java.util.concurrent.LinkedBlockingQueue.take(LinkedBlockingQueue.java:442)
        at java.util.concurrent.ThreadPoolExecutor.getTask(ThreadPoolExecutor.java:1074)
        at java.util.concurrent.ThreadPoolExecutor.runWorker(ThreadPoolExecutor.java:1134)
        at java.util.concurrent.ThreadPoolExecutor$Worker.run(ThreadPoolExecutor.java:624)
        at java.lang.Thread.run(Thread.java:750)
"PartialTableCache Cleanup Thread - 0" daemon prio=5 tid=395 in Object.wait()
java.lang.Thread.State: WAITING (on object monitor)
        at sun.misc.Unsafe.park(Native Method)
        at java.util.concurrent.locks.LockSupport.park(LockSupport.java:175)
        at java.util.concurrent.locks.AbstractQueuedSynchronizer$ConditionObject.await(AbstractQueuedSynchronizer.java:2039)
        at java.util.concurrent.LinkedBlockingQueue.take(LinkedBlockingQueue.java:442)
        at java.util.concurrent.ThreadPoolExecutor.getTask(ThreadPoolExecutor.java:1074)
        at java.util.concurrent.ThreadPoolExecutor.runWorker(ThreadPoolExecutor.java:1134)
        at java.util.concurrent.ThreadPoolExecutor$Worker.run(ThreadPoolExecutor.java:624)
        at java.lang.Thread.run(Thread.java:750)
"IPC Server handler 12 on default port 46539" daemon prio=5 tid=170 timed_waiting
java.lang.Thread.State: TIMED_WAITING
        at sun.misc.Unsafe.park(Native Method)
        at java.util.concurrent.locks.LockSupport.parkNanos(LockSupport.java:215)
        at java.util.concurrent.locks.AbstractQueuedSynchronizer$ConditionObject.awaitNanos(AbstractQueuedSynchronizer.java:2078)
        at java.util.concurrent.LinkedBlockingQueue.poll(LinkedBlockingQueue.java:467)
        at org.apache.hadoop.ipc.CallQueueManager.take(CallQueueManager.java:317)
        at org.apache.hadoop.ipc.Server$Handler.run(Server.java:2932)
"qtp373335733-98" daemon prio=5 tid=98 timed_waiting
java.lang.Thread.State: TIMED_WAITING
        at sun.misc.Unsafe.park(Native Method)
        at java.util.concurrent.locks.LockSupport.parkNanos(LockSupport.java:215)
        at java.util.concurrent.locks.AbstractQueuedSynchronizer$ConditionObject.awaitNanos(AbstractQueuedSynchronizer.java:2078)
        at org.eclipse.jetty.util.BlockingArrayQueue.poll(BlockingArrayQueue.java:382)
        at org.eclipse.jetty.util.thread.QueuedThreadPool$Runner.idleJobPoll(QueuedThreadPool.java:974)
        at org.eclipse.jetty.util.thread.QueuedThreadPool$Runner.run(QueuedThreadPool.java:1018)
        at java.lang.Thread.run(Thread.java:750)
"qtp465649687-153" daemon prio=5 tid=153 runnable
java.lang.Thread.State: RUNNABLE
        at sun.nio.ch.EPollArrayWrapper.epollWait(Native Method)
        at sun.nio.ch.EPollArrayWrapper.poll(EPollArrayWrapper.java:269)
        at sun.nio.ch.EPollSelectorImpl.doSelect(EPollSelectorImpl.java:93)
        at sun.nio.ch.SelectorImpl.lockAndDoSelect(SelectorImpl.java:86)
        at sun.nio.ch.SelectorImpl.select(SelectorImpl.java:97)
        at sun.nio.ch.SelectorImpl.select(SelectorImpl.java:101)
        at org.eclipse.jetty.io.ManagedSelector.nioSelect(ManagedSelector.java:183)
        at org.eclipse.jetty.io.ManagedSelector.select(ManagedSelector.java:190)
        at org.eclipse.jetty.io.ManagedSelector$SelectorProducer.select(ManagedSelector.java:606)
        at org.eclipse.jetty.io.ManagedSelector$SelectorProducer.produce(ManagedSelector.java:543)
        at org.eclipse.jetty.util.thread.strategy.EatWhatYouKill.produceTask(EatWhatYouKill.java:362)
        at org.eclipse.jetty.util.thread.strategy.EatWhatYouKill.doProduce(EatWhatYouKill.java:186)
        at org.eclipse.jetty.util.thread.strategy.EatWhatYouKill.tryProduce(EatWhatYouKill.java:173)
        at org.eclipse.jetty.util.thread.strategy.EatWhatYouKill.produce(EatWhatYouKill.java:137)
        at org.eclipse.jetty.io.ManagedSelector$$Lambda$735/1979961282.run(Unknown Source)
        at org.eclipse.jetty.util.thread.QueuedThreadPool.runJob(QueuedThreadPool.java:883)
        at org.eclipse.jetty.util.thread.QueuedThreadPool$Runner.run(QueuedThreadPool.java:1034)
        at java.lang.Thread.run(Thread.java:750)
"IPC Parameter Sending Thread #0" daemon prio=5 tid=108 timed_waiting
java.lang.Thread.State: TIMED_WAITING
        at sun.misc.Unsafe.park(Native Method)
        at java.util.concurrent.locks.LockSupport.parkNanos(LockSupport.java:215)
        at java.util.concurrent.SynchronousQueue$TransferStack.awaitFulfill(SynchronousQueue.java:460)
        at java.util.concurrent.SynchronousQueue$TransferStack.transfer(SynchronousQueue.java:362)
        at java.util.concurrent.SynchronousQueue.poll(SynchronousQueue.java:941)
        at java.util.concurrent.ThreadPoolExecutor.getTask(ThreadPoolExecutor.java:1073)
        at java.util.concurrent.ThreadPoolExecutor.runWorker(ThreadPoolExecutor.java:1134)
        at java.util.concurrent.ThreadPoolExecutor$Worker.run(ThreadPoolExecutor.java:624)
        at java.lang.Thread.run(Thread.java:750)
"IPC Server handler 16 on default port 46789" daemon prio=5 tid=88 timed_waiting
java.lang.Thread.State: TIMED_WAITING
        at sun.misc.Unsafe.park(Native Method)
        at java.util.concurrent.locks.LockSupport.parkNanos(LockSupport.java:215)
        at java.util.concurrent.locks.AbstractQueuedSynchronizer$ConditionObject.awaitNanos(AbstractQueuedSynchronizer.java:2078)
        at java.util.concurrent.LinkedBlockingQueue.poll(LinkedBlockingQueue.java:467)
        at org.apache.hadoop.ipc.CallQueueManager.take(CallQueueManager.java:317)
        at org.apache.hadoop.ipc.Server$Handler.run(Server.java:2932)
"qtp373335733-95" daemon prio=5 tid=95 runnable
java.lang.Thread.State: RUNNABLE
        at sun.nio.ch.EPollArrayWrapper.epollWait(Native Method)
        at sun.nio.ch.EPollArrayWrapper.poll(EPollArrayWrapper.java:269)
        at sun.nio.ch.EPollSelectorImpl.doSelect(EPollSelectorImpl.java:93)
        at sun.nio.ch.SelectorImpl.lockAndDoSelect(SelectorImpl.java:86)
        at sun.nio.ch.SelectorImpl.select(SelectorImpl.java:97)
        at sun.nio.ch.SelectorImpl.select(SelectorImpl.java:101)
        at org.eclipse.jetty.io.ManagedSelector.nioSelect(ManagedSelector.java:183)
        at org.eclipse.jetty.io.ManagedSelector.select(ManagedSelector.java:190)
        at org.eclipse.jetty.io.ManagedSelector$SelectorProducer.select(ManagedSelector.java:606)
        at org.eclipse.jetty.io.ManagedSelector$SelectorProducer.produce(ManagedSelector.java:543)
        at org.eclipse.jetty.util.thread.strategy.EatWhatYouKill.produceTask(EatWhatYouKill.java:362)
        at org.eclipse.jetty.util.thread.strategy.EatWhatYouKill.doProduce(EatWhatYouKill.java:186)
        at org.eclipse.jetty.util.thread.strategy.EatWhatYouKill.tryProduce(EatWhatYouKill.java:173)
        at org.eclipse.jetty.util.thread.strategy.EatWhatYouKill.produce(EatWhatYouKill.java:137)
        at org.eclipse.jetty.io.ManagedSelector$$Lambda$735/1979961282.run(Unknown Source)
        at org.eclipse.jetty.util.thread.QueuedThreadPool.runJob(QueuedThreadPool.java:883)
        at org.eclipse.jetty.util.thread.QueuedThreadPool$Runner.run(QueuedThreadPool.java:1034)
        at java.lang.Thread.run(Thread.java:750)
"qtp627622993-218" daemon prio=5 tid=218 timed_waiting
java.lang.Thread.State: TIMED_WAITING
        at sun.misc.Unsafe.park(Native Method)
        at java.util.concurrent.locks.LockSupport.parkNanos(LockSupport.java:215)
        at java.util.concurrent.locks.AbstractQueuedSynchronizer$ConditionObject.awaitNanos(AbstractQueuedSynchronizer.java:2078)
        at org.eclipse.jetty.util.BlockingArrayQueue.poll(BlockingArrayQueue.java:382)
        at org.eclipse.jetty.util.thread.QueuedThreadPool$Runner.idleJobPoll(QueuedThreadPool.java:974)
        at org.eclipse.jetty.util.thread.QueuedThreadPool$Runner.run(QueuedThreadPool.java:1018)
        at java.lang.Thread.run(Thread.java:750)
"IPC Server handler 19 on default port 36639" daemon prio=5 tid=71 timed_waiting
java.lang.Thread.State: TIMED_WAITING
        at sun.misc.Unsafe.park(Native Method)
        at java.util.concurrent.locks.LockSupport.parkNanos(LockSupport.java:215)
        at java.util.concurrent.locks.AbstractQueuedSynchronizer$ConditionObject.awaitNanos(AbstractQueuedSynchronizer.java:2078)
        at java.util.concurrent.LinkedBlockingQueue.poll(LinkedBlockingQueue.java:467)
        at org.apache.hadoop.ipc.CallQueueManager.take(CallQueueManager.java:317)
        at org.apache.hadoop.ipc.Server$Handler.run(Server.java:2932)
"IPC Server idle connection scanner for port 44115" daemon prio=5 tid=37 timed_waiting
java.lang.Thread.State: TIMED_WAITING
        at java.lang.Object.wait(Native Method)
        at java.util.TimerThread.mainLoop(Timer.java:552)
        at java.util.TimerThread.run(Timer.java:505)
"org.apache.ratis.util.JvmPauseMonitor$$Lambda$525/1580874189@54e680fe" daemon prio=5 tid=49 timed_waiting
java.lang.Thread.State: TIMED_WAITING
        at java.lang.Thread.sleep(Native Method)
        at java.lang.Thread.sleep(Thread.java:342)
        at java.util.concurrent.TimeUnit.sleep(TimeUnit.java:386)
        at org.apache.ratis.util.TimeDuration.sleep(TimeDuration.java:324)
        at org.apache.ratis.util.TimeDuration.sleep(TimeDuration.java:309)
        at org.apache.ratis.util.JvmPauseMonitor.detectPause(JvmPauseMonitor.java:117)
        at org.apache.ratis.util.JvmPauseMonitor.run(JvmPauseMonitor.java:106)
        at org.apache.ratis.util.JvmPauseMonitor$$Lambda$525/1580874189.run(Unknown Source)
        at java.lang.Thread.run(Thread.java:750)
"ReplicationMonitor" daemon prio=5 tid=32 timed_waiting
java.lang.Thread.State: TIMED_WAITING
        at java.lang.Object.wait(Native Method)
        at org.apache.hadoop.hdds.scm.container.ReplicationManager.run(ReplicationManager.java:404)
        at org.apache.hadoop.hdds.scm.container.ReplicationManager$$Lambda$671/37235503.run(Unknown Source)
        at java.lang.Thread.run(Thread.java:750)
"IPC Server idle connection scanner for port 46789" daemon prio=5 tid=41 timed_waiting
java.lang.Thread.State: TIMED_WAITING
        at java.lang.Object.wait(Native Method)
        at java.util.TimerThread.mainLoop(Timer.java:552)
        at java.util.TimerThread.run(Timer.java:505)
"qtp373335733-102" daemon prio=5 tid=102 timed_waiting
java.lang.Thread.State: TIMED_WAITING
        at sun.misc.Unsafe.park(Native Method)
        at java.util.concurrent.locks.LockSupport.parkNanos(LockSupport.java:215)
        at java.util.concurrent.locks.AbstractQueuedSynchronizer$ConditionObject.awaitNanos(AbstractQueuedSynchronizer.java:2078)
        at org.eclipse.jetty.util.BlockingArrayQueue.poll(BlockingArrayQueue.java:382)
        at org.eclipse.jetty.util.thread.QueuedThreadPool$Runner.idleJobPoll(QueuedThreadPool.java:974)
        at org.eclipse.jetty.util.thread.QueuedThreadPool$Runner.run(QueuedThreadPool.java:1018)
        at java.lang.Thread.run(Thread.java:750)
"e8524086-66f7-4ba2-b4e3-52afd3370864@group-2D14661B708F-SegmentedRaftLogWorker"  prio=5 tid=334 timed_waiting
java.lang.Thread.State: TIMED_WAITING
        at sun.misc.Unsafe.park(Native Method)
        at java.util.concurrent.locks.LockSupport.parkNanos(LockSupport.java:215)
        at java.util.concurrent.locks.AbstractQueuedSynchronizer$ConditionObject.awaitNanos(AbstractQueuedSynchronizer.java:2078)
        at org.apache.ratis.util.DataBlockingQueue.poll(DataBlockingQueue.java:137)
        at org.apache.ratis.server.raftlog.segmented.SegmentedRaftLogWorker.run(SegmentedRaftLogWorker.java:292)
        at org.apache.ratis.server.raftlog.segmented.SegmentedRaftLogWorker$$Lambda$461/1011491712.run(Unknown Source)
        at java.lang.Thread.run(Thread.java:750)
"Datanode ReportManager Thread - 3" daemon prio=5 tid=250 timed_waiting
java.lang.Thread.State: TIMED_WAITING
        at sun.misc.Unsafe.park(Native Method)
        at java.util.concurrent.locks.LockSupport.parkNanos(LockSupport.java:215)
        at java.util.concurrent.locks.AbstractQueuedSynchronizer$ConditionObject.awaitNanos(AbstractQueuedSynchronizer.java:2078)
        at java.util.concurrent.ScheduledThreadPoolExecutor$DelayedWorkQueue.take(ScheduledThreadPoolExecutor.java:1093)
        at java.util.concurrent.ScheduledThreadPoolExecutor$DelayedWorkQueue.take(ScheduledThreadPoolExecutor.java:809)
        at java.util.concurrent.ThreadPoolExecutor.getTask(ThreadPoolExecutor.java:1074)
        at java.util.concurrent.ThreadPoolExecutor.runWorker(ThreadPoolExecutor.java:1134)
        at java.util.concurrent.ThreadPoolExecutor$Worker.run(ThreadPoolExecutor.java:624)
        at java.lang.Thread.run(Thread.java:750)
"IPC Server Responder" daemon prio=5 tid=141 runnable
java.lang.Thread.State: RUNNABLE
        at sun.nio.ch.EPollArrayWrapper.epollWait(Native Method)
        at sun.nio.ch.EPollArrayWrapper.poll(EPollArrayWrapper.java:269)
        at sun.nio.ch.EPollSelectorImpl.doSelect(EPollSelectorImpl.java:93)
        at sun.nio.ch.SelectorImpl.lockAndDoSelect(SelectorImpl.java:86)
        at sun.nio.ch.SelectorImpl.select(SelectorImpl.java:97)
        at org.apache.hadoop.ipc.Server$Responder.doRunLoop(Server.java:1527)
        at org.apache.hadoop.ipc.Server$Responder.run(Server.java:1510)
"Datanode State Machine Daemon Thread" daemon prio=5 tid=196 timed_waiting
java.lang.Thread.State: TIMED_WAITING
        at java.lang.Thread.sleep(Native Method)
        at org.apache.hadoop.ozone.container.common.statemachine.DatanodeStateMachine.startStateMachineThread(DatanodeStateMachine.java:300)
        at org.apache.hadoop.ozone.container.common.statemachine.DatanodeStateMachine.lambda$startDaemon$0(DatanodeStateMachine.java:473)
        at org.apache.hadoop.ozone.container.common.statemachine.DatanodeStateMachine$$Lambda$808/1175878243.run(Unknown Source)
        at java.lang.Thread.run(Thread.java:750)
"IPC Server listener on 0" daemon prio=5 tid=39 runnable
java.lang.Thread.State: RUNNABLE
        at sun.nio.ch.EPollArrayWrapper.epollWait(Native Method)
        at sun.nio.ch.EPollArrayWrapper.poll(EPollArrayWrapper.java:269)
        at sun.nio.ch.EPollSelectorImpl.doSelect(EPollSelectorImpl.java:93)
        at sun.nio.ch.SelectorImpl.lockAndDoSelect(SelectorImpl.java:86)
        at sun.nio.ch.SelectorImpl.select(SelectorImpl.java:97)
        at sun.nio.ch.SelectorImpl.select(SelectorImpl.java:101)
        at org.apache.hadoop.ipc.Server$Listener.run(Server.java:1350)
"IPC Server handler 12 on default port 36639" daemon prio=5 tid=64 timed_waiting
java.lang.Thread.State: TIMED_WAITING
        at sun.misc.Unsafe.park(Native Method)
        at java.util.concurrent.locks.LockSupport.parkNanos(LockSupport.java:215)
        at java.util.concurrent.locks.AbstractQueuedSynchronizer$ConditionObject.awaitNanos(AbstractQueuedSynchronizer.java:2078)
        at java.util.concurrent.LinkedBlockingQueue.poll(LinkedBlockingQueue.java:467)
        at org.apache.hadoop.ipc.CallQueueManager.take(CallQueueManager.java:317)
        at org.apache.hadoop.ipc.Server$Handler.run(Server.java:2932)
"om1@group-C5BA1605619E-SegmentedRaftLogWorker"  prio=5 tid=134 timed_waiting
java.lang.Thread.State: TIMED_WAITING
        at sun.misc.Unsafe.park(Native Method)
        at java.util.concurrent.locks.LockSupport.parkNanos(LockSupport.java:215)
        at java.util.concurrent.locks.AbstractQueuedSynchronizer$ConditionObject.awaitNanos(AbstractQueuedSynchronizer.java:2078)
        at org.apache.ratis.util.DataBlockingQueue.poll(DataBlockingQueue.java:137)
        at org.apache.ratis.server.raftlog.segmented.SegmentedRaftLogWorker.run(SegmentedRaftLogWorker.java:292)
        at org.apache.ratis.server.raftlog.segmented.SegmentedRaftLogWorker$$Lambda$461/1011491712.run(Unknown Source)
        at java.lang.Thread.run(Thread.java:750)
"Datanode ReportManager Thread - 0" daemon prio=5 tid=247 in Object.wait()
java.lang.Thread.State: WAITING (on object monitor)
        at sun.misc.Unsafe.park(Native Method)
        at java.util.concurrent.locks.LockSupport.park(LockSupport.java:175)
        at java.util.concurrent.locks.AbstractQueuedSynchronizer$ConditionObject.await(AbstractQueuedSynchronizer.java:2039)
        at java.util.concurrent.ScheduledThreadPoolExecutor$DelayedWorkQueue.take(ScheduledThreadPoolExecutor.java:1088)
        at java.util.concurrent.ScheduledThreadPoolExecutor$DelayedWorkQueue.take(ScheduledThreadPoolExecutor.java:809)
        at java.util.concurrent.ThreadPoolExecutor.getTask(ThreadPoolExecutor.java:1074)
        at java.util.concurrent.ThreadPoolExecutor.runWorker(ThreadPoolExecutor.java:1134)
        at java.util.concurrent.ThreadPoolExecutor$Worker.run(ThreadPoolExecutor.java:624)
        at java.lang.Thread.run(Thread.java:750)
"junit-jupiter-timeout-watcher"  prio=10 tid=390 timed_waiting
java.lang.Thread.State: TIMED_WAITING
        at sun.misc.Unsafe.park(Native Method)
        at java.util.concurrent.locks.LockSupport.parkNanos(LockSupport.java:215)
        at java.util.concurrent.locks.AbstractQueuedSynchronizer$ConditionObject.awaitNanos(AbstractQueuedSynchronizer.java:2078)
        at java.util.concurrent.ScheduledThreadPoolExecutor$DelayedWorkQueue.take(ScheduledThreadPoolExecutor.java:1093)
        at java.util.concurrent.ScheduledThreadPoolExecutor$DelayedWorkQueue.take(ScheduledThreadPoolExecutor.java:809)
        at java.util.concurrent.ThreadPoolExecutor.getTask(ThreadPoolExecutor.java:1074)
        at java.util.concurrent.ThreadPoolExecutor.runWorker(ThreadPoolExecutor.java:1134)
        at java.util.concurrent.ThreadPoolExecutor$Worker.run(ThreadPoolExecutor.java:624)
        at java.lang.Thread.run(Thread.java:750)
"om1@group-C5BA1605619E-StateMachineUpdater" daemon prio=5 tid=135 in Object.wait()
java.lang.Thread.State: WAITING (on object monitor)
        at java.lang.Object.wait(Native Method)
        at java.lang.Object.wait(Object.java:502)
        at org.apache.ratis.server.impl.StateMachineUpdater.waitForCommit(StateMachineUpdater.java:204)
        at org.apache.ratis.server.impl.StateMachineUpdater.run(StateMachineUpdater.java:173)
        at java.lang.Thread.run(Thread.java:750)
"Datanode State Machine Task Thread - 0"  prio=5 tid=254 in Object.wait()
java.lang.Thread.State: WAITING (on object monitor)
        at sun.misc.Unsafe.park(Native Method)
        at java.util.concurrent.locks.LockSupport.park(LockSupport.java:175)
        at java.util.concurrent.locks.AbstractQueuedSynchronizer$ConditionObject.await(AbstractQueuedSynchronizer.java:2039)
        at java.util.concurrent.LinkedBlockingQueue.take(LinkedBlockingQueue.java:442)
        at java.util.concurrent.ThreadPoolExecutor.getTask(ThreadPoolExecutor.java:1074)
        at java.util.concurrent.ThreadPoolExecutor.runWorker(ThreadPoolExecutor.java:1134)
        at java.util.concurrent.ThreadPoolExecutor$Worker.run(ThreadPoolExecutor.java:624)
        at java.lang.Thread.run(Thread.java:750)
"IPC Server handler 14 on default port 36639" daemon prio=5 tid=66 timed_waiting
java.lang.Thread.State: TIMED_WAITING
        at sun.misc.Unsafe.park(Native Method)
        at java.util.concurrent.locks.LockSupport.parkNanos(LockSupport.java:215)
        at java.util.concurrent.locks.AbstractQueuedSynchronizer$ConditionObject.awaitNanos(AbstractQueuedSynchronizer.java:2078)
        at java.util.concurrent.LinkedBlockingQueue.poll(LinkedBlockingQueue.java:467)
        at org.apache.hadoop.ipc.CallQueueManager.take(CallQueueManager.java:317)
        at org.apache.hadoop.ipc.Server$Handler.run(Server.java:2932)
"grpc-default-executor-2" daemon prio=5 tid=323 timed_waiting
java.lang.Thread.State: TIMED_WAITING
        at sun.misc.Unsafe.park(Native Method)
        at java.util.concurrent.locks.LockSupport.parkNanos(LockSupport.java:215)
        at java.util.concurrent.SynchronousQueue$TransferStack.awaitFulfill(SynchronousQueue.java:460)
        at java.util.concurrent.SynchronousQueue$TransferStack.transfer(SynchronousQueue.java:362)
        at java.util.concurrent.SynchronousQueue.poll(SynchronousQueue.java:941)
        at java.util.concurrent.ThreadPoolExecutor.getTask(ThreadPoolExecutor.java:1073)
        at java.util.concurrent.ThreadPoolExecutor.runWorker(ThreadPoolExecutor.java:1134)
        at java.util.concurrent.ThreadPoolExecutor$Worker.run(ThreadPoolExecutor.java:624)
        at java.lang.Thread.run(Thread.java:750)
"qtp1611896908-240" daemon prio=5 tid=240 timed_waiting
java.lang.Thread.State: TIMED_WAITING
        at sun.misc.Unsafe.park(Native Method)
        at java.util.concurrent.locks.LockSupport.parkNanos(LockSupport.java:215)
        at java.util.concurrent.locks.AbstractQueuedSynchronizer$ConditionObject.awaitNanos(AbstractQueuedSynchronizer.java:2078)
        at org.eclipse.jetty.util.BlockingArrayQueue.poll(BlockingArrayQueue.java:382)
        at org.eclipse.jetty.util.thread.QueuedThreadPool$Runner.idleJobPoll(QueuedThreadPool.java:974)
        at org.eclipse.jetty.util.thread.QueuedThreadPool$Runner.run(QueuedThreadPool.java:1018)
        at java.lang.Thread.run(Thread.java:750)
"ChunkReader-ELG-0" daemon prio=5 tid=285 runnable
java.lang.Thread.State: RUNNABLE
        at org.apache.ratis.thirdparty.io.netty.channel.epoll.Native.epollWait(Native Method)
        at org.apache.ratis.thirdparty.io.netty.channel.epoll.Native.epollWait(Native.java:177)
        at org.apache.ratis.thirdparty.io.netty.channel.epoll.Native.epollWait(Native.java:170)
        at org.apache.ratis.thirdparty.io.netty.channel.epoll.EpollEventLoop.epollWaitNoTimerChange(EpollEventLoop.java:290)
        at org.apache.ratis.thirdparty.io.netty.channel.epoll.EpollEventLoop.run(EpollEventLoop.java:347)
        at org.apache.ratis.thirdparty.io.netty.util.concurrent.SingleThreadEventExecutor$4.run(SingleThreadEventExecutor.java:989)
        at org.apache.ratis.thirdparty.io.netty.util.internal.ThreadExecutorMap$2.run(ThreadExecutorMap.java:74)
        at java.lang.Thread.run(Thread.java:750)
"ChunkWriter-2-0" daemon prio=5 tid=282 in Object.wait()
java.lang.Thread.State: WAITING (on object monitor)
        at sun.misc.Unsafe.park(Native Method)
        at java.util.concurrent.locks.LockSupport.park(LockSupport.java:175)
        at java.util.concurrent.locks.AbstractQueuedSynchronizer$ConditionObject.await(AbstractQueuedSynchronizer.java:2039)
        at java.util.concurrent.LinkedBlockingDeque.takeFirst(LinkedBlockingDeque.java:492)
        at java.util.concurrent.LinkedBlockingDeque.take(LinkedBlockingDeque.java:680)
        at java.util.concurrent.ThreadPoolExecutor.getTask(ThreadPoolExecutor.java:1074)
        at java.util.concurrent.ThreadPoolExecutor.runWorker(ThreadPoolExecutor.java:1134)
        at java.util.concurrent.ThreadPoolExecutor$Worker.run(ThreadPoolExecutor.java:624)
        at java.lang.Thread.run(Thread.java:750)
"e8524086-66f7-4ba2-b4e3-52afd3370864@group-1A13288E1580-StateMachineUpdater" daemon prio=5 tid=299 in Object.wait()
java.lang.Thread.State: WAITING (on object monitor)
        at java.lang.Object.wait(Native Method)
        at java.lang.Object.wait(Object.java:502)
        at org.apache.ratis.server.impl.StateMachineUpdater.waitForCommit(StateMachineUpdater.java:204)
        at org.apache.ratis.server.impl.StateMachineUpdater.run(StateMachineUpdater.java:173)
        at java.lang.Thread.run(Thread.java:750)
"qtp373335733-100" daemon prio=5 tid=100 timed_waiting
java.lang.Thread.State: TIMED_WAITING
        at sun.misc.Unsafe.park(Native Method)
        at java.util.concurrent.locks.LockSupport.parkNanos(LockSupport.java:215)
        at java.util.concurrent.locks.AbstractQueuedSynchronizer$ConditionObject.awaitNanos(AbstractQueuedSynchronizer.java:2078)
        at org.eclipse.jetty.util.BlockingArrayQueue.poll(BlockingArrayQueue.java:382)
        at org.eclipse.jetty.util.thread.QueuedThreadPool$Runner.idleJobPoll(QueuedThreadPool.java:974)
        at org.eclipse.jetty.util.thread.QueuedThreadPool$Runner.run(QueuedThreadPool.java:1018)
        at java.lang.Thread.run(Thread.java:750)
"surefire-forkedjvm-command-thread" daemon prio=5 tid=10 runnable
java.lang.Thread.State: RUNNABLE
        at java.io.FileInputStream.readBytes(Native Method)
        at java.io.FileInputStream.read(FileInputStream.java:255)
        at java.io.BufferedInputStream.read1(BufferedInputStream.java:284)
        at java.io.BufferedInputStream.read(BufferedInputStream.java:345)
        at java.io.BufferedInputStream.fill(BufferedInputStream.java:246)
        at java.io.BufferedInputStream.read1(BufferedInputStream.java:286)
        at java.io.BufferedInputStream.read(BufferedInputStream.java:345)
        at org.apache.maven.surefire.api.util.internal.Channels$3.readImpl(Channels.java:214)
        at org.apache.maven.surefire.api.util.internal.AbstractNoninterruptibleReadableChannel.read(AbstractNoninterruptibleReadableChannel.java:54)
        at org.apache.maven.surefire.booter.spi.LegacyMasterProcessChannelDecoder.decode(LegacyMasterProcessChannelDecoder.java:80)
        at org.apache.maven.surefire.booter.CommandReader$CommandRunnable.run(CommandReader.java:343)
        at java.lang.Thread.run(Thread.java:750)
"FixedThreadPoolWithAffinityExecutor-8-0" daemon prio=5 tid=295 in Object.wait()
java.lang.Thread.State: WAITING (on object monitor)
        at sun.misc.Unsafe.park(Native Method)
        at java.util.concurrent.locks.LockSupport.park(LockSupport.java:175)
        at java.util.concurrent.locks.AbstractQueuedSynchronizer$ConditionObject.await(AbstractQueuedSynchronizer.java:2039)
        at java.util.concurrent.LinkedBlockingDeque.takeFirst(LinkedBlockingDeque.java:492)
        at java.util.concurrent.LinkedBlockingDeque.take(LinkedBlockingDeque.java:680)
        at java.util.concurrent.ThreadPoolExecutor.getTask(ThreadPoolExecutor.java:1074)
        at java.util.concurrent.ThreadPoolExecutor.runWorker(ThreadPoolExecutor.java:1134)
        at java.util.concurrent.ThreadPoolExecutor$Worker.run(ThreadPoolExecutor.java:624)
        at java.lang.Thread.run(Thread.java:750)
"IPC Server handler 7 on default port 36639" daemon prio=5 tid=59 timed_waiting
java.lang.Thread.State: TIMED_WAITING
        at sun.misc.Unsafe.park(Native Method)
        at java.util.concurrent.locks.LockSupport.parkNanos(LockSupport.java:215)
        at java.util.concurrent.locks.AbstractQueuedSynchronizer$ConditionObject.awaitNanos(AbstractQueuedSynchronizer.java:2078)
        at java.util.concurrent.LinkedBlockingQueue.poll(LinkedBlockingQueue.java:467)
        at org.apache.hadoop.ipc.CallQueueManager.take(CallQueueManager.java:317)
        at org.apache.hadoop.ipc.Server$Handler.run(Server.java:2932)
"IPC Server handler 6 on default port 36639" daemon prio=5 tid=58 timed_waiting
java.lang.Thread.State: TIMED_WAITING
        at sun.misc.Unsafe.park(Native Method)
        at java.util.concurrent.locks.LockSupport.parkNanos(LockSupport.java:215)
        at java.util.concurrent.locks.AbstractQueuedSynchronizer$ConditionObject.awaitNanos(AbstractQueuedSynchronizer.java:2078)
        at java.util.concurrent.LinkedBlockingQueue.poll(LinkedBlockingQueue.java:467)
        at org.apache.hadoop.ipc.CallQueueManager.take(CallQueueManager.java:317)
        at org.apache.hadoop.ipc.Server$Handler.run(Server.java:2932)
"IPC Server handler 0 on default port 46789" daemon prio=5 tid=72 timed_waiting
java.lang.Thread.State: TIMED_WAITING
        at sun.misc.Unsafe.park(Native Method)
        at java.util.concurrent.locks.LockSupport.parkNanos(LockSupport.java:215)
        at java.util.concurrent.locks.AbstractQueuedSynchronizer$ConditionObject.awaitNanos(AbstractQueuedSynchronizer.java:2078)
        at java.util.concurrent.LinkedBlockingQueue.poll(LinkedBlockingQueue.java:467)
        at org.apache.hadoop.ipc.CallQueueManager.take(CallQueueManager.java:317)
        at org.apache.hadoop.ipc.Server$Handler.run(Server.java:2932)
"prometheus" daemon prio=5 tid=104 in Object.wait()
java.lang.Thread.State: WAITING (on object monitor)
        at java.lang.Object.wait(Native Method)
        at java.lang.Object.wait(Object.java:502)
        at org.apache.hadoop.metrics2.impl.SinkQueue.waitForData(SinkQueue.java:114)
        at org.apache.hadoop.metrics2.impl.SinkQueue.consumeAll(SinkQueue.java:83)
        at org.apache.hadoop.metrics2.impl.MetricsSinkAdapter.publishMetricsFromQueue(MetricsSinkAdapter.java:135)
        at org.apache.hadoop.metrics2.impl.MetricsSinkAdapter$1.run(MetricsSinkAdapter.java:89)
"qtp1611896908-241" daemon prio=5 tid=241 timed_waiting
java.lang.Thread.State: TIMED_WAITING
        at sun.misc.Unsafe.park(Native Method)
        at java.util.concurrent.locks.LockSupport.parkNanos(LockSupport.java:215)
        at java.util.concurrent.locks.AbstractQueuedSynchronizer$ConditionObject.awaitNanos(AbstractQueuedSynchronizer.java:2078)
        at org.eclipse.jetty.util.BlockingArrayQueue.poll(BlockingArrayQueue.java:382)
        at org.eclipse.jetty.util.thread.QueuedThreadPool$Runner.idleJobPoll(QueuedThreadPool.java:974)
        at org.eclipse.jetty.util.thread.QueuedThreadPool$Runner.run(QueuedThreadPool.java:1018)
        at java.lang.Thread.run(Thread.java:750)
"IPC Server handler 3 on default port 36639" daemon prio=5 tid=55 timed_waiting
java.lang.Thread.State: TIMED_WAITING
        at sun.misc.Unsafe.park(Native Method)
        at java.util.concurrent.locks.LockSupport.parkNanos(LockSupport.java:215)
        at java.util.concurrent.locks.AbstractQueuedSynchronizer$ConditionObject.awaitNanos(AbstractQueuedSynchronizer.java:2078)
        at java.util.concurrent.LinkedBlockingQueue.poll(LinkedBlockingQueue.java:467)
        at org.apache.hadoop.ipc.CallQueueManager.take(CallQueueManager.java:317)
        at org.apache.hadoop.ipc.Server$Handler.run(Server.java:2932)
"Socket Reader #1 for port 0"  prio=5 tid=40 runnable
java.lang.Thread.State: RUNNABLE
        at sun.nio.ch.EPollArrayWrapper.epollWait(Native Method)
        at sun.nio.ch.EPollArrayWrapper.poll(EPollArrayWrapper.java:269)
        at sun.nio.ch.EPollSelectorImpl.doSelect(EPollSelectorImpl.java:93)
        at sun.nio.ch.SelectorImpl.lockAndDoSelect(SelectorImpl.java:86)
        at sun.nio.ch.SelectorImpl.select(SelectorImpl.java:97)
        at sun.nio.ch.SelectorImpl.select(SelectorImpl.java:101)
        at org.apache.hadoop.ipc.Server$Listener$Reader.doRunLoop(Server.java:1288)
        at org.apache.hadoop.ipc.Server$Listener$Reader.run(Server.java:1267)
"IPC Server handler 19 on default port 46539" daemon prio=5 tid=177 timed_waiting
java.lang.Thread.State: TIMED_WAITING
        at sun.misc.Unsafe.park(Native Method)
        at java.util.concurrent.locks.LockSupport.parkNanos(LockSupport.java:215)
        at java.util.concurrent.locks.AbstractQueuedSynchronizer$ConditionObject.awaitNanos(AbstractQueuedSynchronizer.java:2078)
        at java.util.concurrent.LinkedBlockingQueue.poll(LinkedBlockingQueue.java:467)
        at org.apache.hadoop.ipc.CallQueueManager.take(CallQueueManager.java:317)
        at org.apache.hadoop.ipc.Server$Handler.run(Server.java:2932)
"IPC Server handler 9 on default port 46789" daemon prio=5 tid=81 timed_waiting
java.lang.Thread.State: TIMED_WAITING
        at sun.misc.Unsafe.park(Native Method)
        at java.util.concurrent.locks.LockSupport.parkNanos(LockSupport.java:215)
        at java.util.concurrent.locks.AbstractQueuedSynchronizer$ConditionObject.awaitNanos(AbstractQueuedSynchronizer.java:2078)
        at java.util.concurrent.LinkedBlockingQueue.poll(LinkedBlockingQueue.java:467)
        at org.apache.hadoop.ipc.CallQueueManager.take(CallQueueManager.java:317)
        at org.apache.hadoop.ipc.Server$Handler.run(Server.java:2932)
"Socket Reader #1 for port 0"  prio=5 tid=139 runnable
java.lang.Thread.State: RUNNABLE
        at sun.nio.ch.EPollArrayWrapper.epollWait(Native Method)
        at sun.nio.ch.EPollArrayWrapper.poll(EPollArrayWrapper.java:269)
        at sun.nio.ch.EPollSelectorImpl.doSelect(EPollSelectorImpl.java:93)
        at sun.nio.ch.SelectorImpl.lockAndDoSelect(SelectorImpl.java:86)
        at sun.nio.ch.SelectorImpl.select(SelectorImpl.java:97)
        at sun.nio.ch.SelectorImpl.select(SelectorImpl.java:101)
        at org.apache.hadoop.ipc.Server$Listener$Reader.doRunLoop(Server.java:1288)
        at org.apache.hadoop.ipc.Server$Listener$Reader.run(Server.java:1267)
"ChunkWriter-0-0" daemon prio=5 tid=260 in Object.wait()
java.lang.Thread.State: WAITING (on object monitor)
        at sun.misc.Unsafe.park(Native Method)
        at java.util.concurrent.locks.LockSupport.park(LockSupport.java:175)
        at java.util.concurrent.locks.AbstractQueuedSynchronizer$ConditionObject.await(AbstractQueuedSynchronizer.java:2039)
        at java.util.concurrent.LinkedBlockingDeque.takeFirst(LinkedBlockingDeque.java:492)
        at java.util.concurrent.LinkedBlockingDeque.take(LinkedBlockingDeque.java:680)
        at java.util.concurrent.ThreadPoolExecutor.getTask(ThreadPoolExecutor.java:1074)
        at java.util.concurrent.ThreadPoolExecutor.runWorker(ThreadPoolExecutor.java:1134)
        at java.util.concurrent.ThreadPoolExecutor$Worker.run(ThreadPoolExecutor.java:624)
        at java.lang.Thread.run(Thread.java:750)
"ChunkWriter-3-0" daemon prio=5 tid=263 in Object.wait()
java.lang.Thread.State: WAITING (on object monitor)
        at sun.misc.Unsafe.park(Native Method)
        at java.util.concurrent.locks.LockSupport.park(LockSupport.java:175)
        at java.util.concurrent.locks.AbstractQueuedSynchronizer$ConditionObject.await(AbstractQueuedSynchronizer.java:2039)
        at java.util.concurrent.LinkedBlockingDeque.takeFirst(LinkedBlockingDeque.java:492)
        at java.util.concurrent.LinkedBlockingDeque.take(LinkedBlockingDeque.java:680)
        at java.util.concurrent.ThreadPoolExecutor.getTask(ThreadPoolExecutor.java:1074)
        at java.util.concurrent.ThreadPoolExecutor.runWorker(ThreadPoolExecutor.java:1134)
        at java.util.concurrent.ThreadPoolExecutor$Worker.run(ThreadPoolExecutor.java:624)
        at java.lang.Thread.run(Thread.java:750)
"c2558997-1fb9-4616-86fd-ed065cf63d6b@group-CBF675AC35D9-SegmentedRaftLogWorker"  prio=5 tid=317 timed_waiting
java.lang.Thread.State: TIMED_WAITING
        at sun.misc.Unsafe.park(Native Method)
        at java.util.concurrent.locks.LockSupport.parkNanos(LockSupport.java:215)
        at java.util.concurrent.locks.AbstractQueuedSynchronizer$ConditionObject.awaitNanos(AbstractQueuedSynchronizer.java:2078)
        at org.apache.ratis.util.DataBlockingQueue.poll(DataBlockingQueue.java:137)
        at org.apache.ratis.server.raftlog.segmented.SegmentedRaftLogWorker.run(SegmentedRaftLogWorker.java:292)
        at org.apache.ratis.server.raftlog.segmented.SegmentedRaftLogWorker$$Lambda$461/1011491712.run(Unknown Source)
        at java.lang.Thread.run(Thread.java:750)
"IPC Server handler 16 on default port 46539" daemon prio=5 tid=174 timed_waiting
java.lang.Thread.State: TIMED_WAITING
        at sun.misc.Unsafe.park(Native Method)
        at java.util.concurrent.locks.LockSupport.parkNanos(LockSupport.java:215)
        at java.util.concurrent.locks.AbstractQueuedSynchronizer$ConditionObject.awaitNanos(AbstractQueuedSynchronizer.java:2078)
        at java.util.concurrent.LinkedBlockingQueue.poll(LinkedBlockingQueue.java:467)
        at org.apache.hadoop.ipc.CallQueueManager.take(CallQueueManager.java:317)
        at org.apache.hadoop.ipc.Server$Handler.run(Server.java:2932)
"ChunkWriter-3-0" daemon prio=5 tid=283 in Object.wait()
java.lang.Thread.State: WAITING (on object monitor)
        at sun.misc.Unsafe.park(Native Method)
        at java.util.concurrent.locks.LockSupport.park(LockSupport.java:175)
        at java.util.concurrent.locks.AbstractQueuedSynchronizer$ConditionObject.await(AbstractQueuedSynchronizer.java:2039)
        at java.util.concurrent.LinkedBlockingDeque.takeFirst(LinkedBlockingDeque.java:492)
        at java.util.concurrent.LinkedBlockingDeque.take(LinkedBlockingDeque.java:680)
        at java.util.concurrent.ThreadPoolExecutor.getTask(ThreadPoolExecutor.java:1074)
        at java.util.concurrent.ThreadPoolExecutor.runWorker(ThreadPoolExecutor.java:1134)
        at java.util.concurrent.ThreadPoolExecutor$Worker.run(ThreadPoolExecutor.java:624)
        at java.lang.Thread.run(Thread.java:750)
"BlockDeletingService#0" daemon prio=5 tid=276 timed_waiting
java.lang.Thread.State: TIMED_WAITING
        at sun.misc.Unsafe.park(Native Method)
        at java.util.concurrent.locks.LockSupport.parkNanos(LockSupport.java:215)
        at java.util.concurrent.locks.AbstractQueuedSynchronizer$ConditionObject.awaitNanos(AbstractQueuedSynchronizer.java:2078)
        at java.util.concurrent.ScheduledThreadPoolExecutor$DelayedWorkQueue.take(ScheduledThreadPoolExecutor.java:1093)
        at java.util.concurrent.ScheduledThreadPoolExecutor$DelayedWorkQueue.take(ScheduledThreadPoolExecutor.java:809)
        at java.util.concurrent.ThreadPoolExecutor.getTask(ThreadPoolExecutor.java:1074)
        at java.util.concurrent.ThreadPoolExecutor.runWorker(ThreadPoolExecutor.java:1134)
        at java.util.concurrent.ThreadPoolExecutor$Worker.run(ThreadPoolExecutor.java:624)
        at java.lang.Thread.run(Thread.java:750)
"c2558997-1fb9-4616-86fd-ed065cf63d6b@group-C66A738FB9BB-SegmentedRaftLogWorker"  prio=5 tid=320 timed_waiting
java.lang.Thread.State: TIMED_WAITING
        at sun.misc.Unsafe.park(Native Method)
        at java.util.concurrent.locks.LockSupport.parkNanos(LockSupport.java:215)
        at java.util.concurrent.locks.AbstractQueuedSynchronizer$ConditionObject.awaitNanos(AbstractQueuedSynchronizer.java:2078)
        at org.apache.ratis.util.DataBlockingQueue.poll(DataBlockingQueue.java:137)
        at org.apache.ratis.server.raftlog.segmented.SegmentedRaftLogWorker.run(SegmentedRaftLogWorker.java:292)
        at org.apache.ratis.server.raftlog.segmented.SegmentedRaftLogWorker$$Lambda$461/1011491712.run(Unknown Source)
        at java.lang.Thread.run(Thread.java:750)
"Datanode ReportManager Thread - 4" daemon prio=5 tid=251 in Object.wait()
java.lang.Thread.State: WAITING (on object monitor)
        at sun.misc.Unsafe.park(Native Method)
        at java.util.concurrent.locks.LockSupport.park(LockSupport.java:175)
        at java.util.concurrent.locks.AbstractQueuedSynchronizer$ConditionObject.await(AbstractQueuedSynchronizer.java:2039)
        at java.util.concurrent.ScheduledThreadPoolExecutor$DelayedWorkQueue.take(ScheduledThreadPoolExecutor.java:1088)
        at java.util.concurrent.ScheduledThreadPoolExecutor$DelayedWorkQueue.take(ScheduledThreadPoolExecutor.java:809)
        at java.util.concurrent.ThreadPoolExecutor.getTask(ThreadPoolExecutor.java:1074)
        at java.util.concurrent.ThreadPoolExecutor.runWorker(ThreadPoolExecutor.java:1134)
        at java.util.concurrent.ThreadPoolExecutor$Worker.run(ThreadPoolExecutor.java:624)
        at java.lang.Thread.run(Thread.java:750)
"qtp1611896908-239" daemon prio=5 tid=239 timed_waiting
java.lang.Thread.State: TIMED_WAITING
        at sun.misc.Unsafe.park(Native Method)
        at java.util.concurrent.locks.LockSupport.parkNanos(LockSupport.java:215)
        at java.util.concurrent.locks.AbstractQueuedSynchronizer$ConditionObject.awaitNanos(AbstractQueuedSynchronizer.java:2078)
        at org.eclipse.jetty.util.BlockingArrayQueue.poll(BlockingArrayQueue.java:382)
        at org.eclipse.jetty.util.thread.QueuedThreadPool$Runner.idleJobPoll(QueuedThreadPool.java:974)
        at org.eclipse.jetty.util.thread.QueuedThreadPool$Runner.run(QueuedThreadPool.java:1018)
        at java.lang.Thread.run(Thread.java:750)
"BlockDeletingService#2" daemon prio=5 tid=479 in Object.wait()
java.lang.Thread.State: WAITING (on object monitor)
        at sun.misc.Unsafe.park(Native Method)
        at java.util.concurrent.locks.LockSupport.park(LockSupport.java:175)
        at java.util.concurrent.locks.AbstractQueuedSynchronizer$ConditionObject.await(AbstractQueuedSynchronizer.java:2039)
        at java.util.concurrent.ScheduledThreadPoolExecutor$DelayedWorkQueue.take(ScheduledThreadPoolExecutor.java:1088)
        at java.util.concurrent.ScheduledThreadPoolExecutor$DelayedWorkQueue.take(ScheduledThreadPoolExecutor.java:809)
        at java.util.concurrent.ThreadPoolExecutor.getTask(ThreadPoolExecutor.java:1074)
        at java.util.concurrent.ThreadPoolExecutor.runWorker(ThreadPoolExecutor.java:1134)
        at java.util.concurrent.ThreadPoolExecutor$Worker.run(ThreadPoolExecutor.java:624)
        at java.lang.Thread.run(Thread.java:750)
"FullTableCache Cleanup Thread - 0" daemon prio=5 tid=387 in Object.wait()
java.lang.Thread.State: WAITING (on object monitor)
        at sun.misc.Unsafe.park(Native Method)
        at java.util.concurrent.locks.LockSupport.park(LockSupport.java:175)
        at java.util.concurrent.locks.AbstractQueuedSynchronizer$ConditionObject.await(AbstractQueuedSynchronizer.java:2039)
        at java.util.concurrent.LinkedBlockingQueue.take(LinkedBlockingQueue.java:442)
        at java.util.concurrent.ThreadPoolExecutor.getTask(ThreadPoolExecutor.java:1074)
        at java.util.concurrent.ThreadPoolExecutor.runWorker(ThreadPoolExecutor.java:1134)
        at java.util.concurrent.ThreadPoolExecutor$Worker.run(ThreadPoolExecutor.java:624)
        at java.lang.Thread.run(Thread.java:750)
"IPC Server handler 6 on default port 44115" daemon prio=5 tid=117 timed_waiting
java.lang.Thread.State: TIMED_WAITING
        at sun.misc.Unsafe.park(Native Method)
        at java.util.concurrent.locks.LockSupport.parkNanos(LockSupport.java:215)
        at java.util.concurrent.locks.AbstractQueuedSynchronizer$ConditionObject.awaitNanos(AbstractQueuedSynchronizer.java:2078)
        at java.util.concurrent.LinkedBlockingQueue.poll(LinkedBlockingQueue.java:467)
        at org.apache.hadoop.ipc.CallQueueManager.take(CallQueueManager.java:317)
        at org.apache.hadoop.ipc.Server$Handler.run(Server.java:2932)
"pool-17-thread-1"  prio=5 tid=27 in Object.wait()
java.lang.Thread.State: WAITING (on object monitor)
        at sun.misc.Unsafe.park(Native Method)
        at java.util.concurrent.locks.LockSupport.park(LockSupport.java:175)
        at java.util.concurrent.locks.AbstractQueuedSynchronizer$ConditionObject.await(AbstractQueuedSynchronizer.java:2039)
        at java.util.concurrent.LinkedBlockingQueue.take(LinkedBlockingQueue.java:442)
        at java.util.concurrent.ThreadPoolExecutor.getTask(ThreadPoolExecutor.java:1074)
        at java.util.concurrent.ThreadPoolExecutor.runWorker(ThreadPoolExecutor.java:1134)
        at java.util.concurrent.ThreadPoolExecutor$Worker.run(ThreadPoolExecutor.java:624)
        at java.lang.Thread.run(Thread.java:750)
"BlockDeletingService#0" daemon prio=5 tid=286 timed_waiting
java.lang.Thread.State: TIMED_WAITING
        at sun.misc.Unsafe.park(Native Method)
        at java.util.concurrent.locks.LockSupport.parkNanos(LockSupport.java:215)
        at java.util.concurrent.locks.AbstractQueuedSynchronizer$ConditionObject.awaitNanos(AbstractQueuedSynchronizer.java:2078)
        at java.util.concurrent.ScheduledThreadPoolExecutor$DelayedWorkQueue.take(ScheduledThreadPoolExecutor.java:1093)
        at java.util.concurrent.ScheduledThreadPoolExecutor$DelayedWorkQueue.take(ScheduledThreadPoolExecutor.java:809)
        at java.util.concurrent.ThreadPoolExecutor.getTask(ThreadPoolExecutor.java:1074)
        at java.util.concurrent.ThreadPoolExecutor.runWorker(ThreadPoolExecutor.java:1134)
        at java.util.concurrent.ThreadPoolExecutor$Worker.run(ThreadPoolExecutor.java:624)
        at java.lang.Thread.run(Thread.java:750)
"IPC Server handler 0 on default port 36639" daemon prio=5 tid=52 timed_waiting
java.lang.Thread.State: TIMED_WAITING
        at sun.misc.Unsafe.park(Native Method)
        at java.util.concurrent.locks.LockSupport.parkNanos(LockSupport.java:215)
        at java.util.concurrent.locks.AbstractQueuedSynchronizer$ConditionObject.awaitNanos(AbstractQueuedSynchronizer.java:2078)
        at java.util.concurrent.LinkedBlockingQueue.poll(LinkedBlockingQueue.java:467)
        at org.apache.hadoop.ipc.CallQueueManager.take(CallQueueManager.java:317)
        at org.apache.hadoop.ipc.Server$Handler.run(Server.java:2932)
"c2558997-1fb9-4616-86fd-ed065cf63d6b@group-2D14661B708F-LeaderStateImpl" daemon prio=5 tid=405 timed_waiting
java.lang.Thread.State: TIMED_WAITING
        at sun.misc.Unsafe.park(Native Method)
        at java.util.concurrent.locks.LockSupport.parkNanos(LockSupport.java:215)
        at java.util.concurrent.locks.AbstractQueuedSynchronizer$ConditionObject.awaitNanos(AbstractQueuedSynchronizer.java:2078)
        at java.util.concurrent.ArrayBlockingQueue.poll(ArrayBlockingQueue.java:418)
        at org.apache.ratis.server.impl.LeaderStateImpl$EventQueue.poll(LeaderStateImpl.java:156)
        at org.apache.ratis.server.impl.LeaderStateImpl$EventProcessor.run(LeaderStateImpl.java:600)
"EndpointStateMachine task thread for /0.0.0.0:44115 - 0 "  prio=5 tid=279 in Object.wait()
java.lang.Thread.State: WAITING (on object monitor)
        at sun.misc.Unsafe.park(Native Method)
        at java.util.concurrent.locks.LockSupport.park(LockSupport.java:175)
        at java.util.concurrent.locks.AbstractQueuedSynchronizer$ConditionObject.await(AbstractQueuedSynchronizer.java:2039)
        at java.util.concurrent.LinkedBlockingQueue.take(LinkedBlockingQueue.java:442)
        at java.util.concurrent.ThreadPoolExecutor.getTask(ThreadPoolExecutor.java:1074)
        at java.util.concurrent.ThreadPoolExecutor.runWorker(ThreadPoolExecutor.java:1134)
        at java.util.concurrent.ThreadPoolExecutor$Worker.run(ThreadPoolExecutor.java:624)
        at java.lang.Thread.run(Thread.java:750)
"qtp627622993-212" daemon prio=5 tid=212 runnable
java.lang.Thread.State: RUNNABLE
        at sun.nio.ch.EPollArrayWrapper.epollWait(Native Method)
        at sun.nio.ch.EPollArrayWrapper.poll(EPollArrayWrapper.java:269)
        at sun.nio.ch.EPollSelectorImpl.doSelect(EPollSelectorImpl.java:93)
        at sun.nio.ch.SelectorImpl.lockAndDoSelect(SelectorImpl.java:86)
        at sun.nio.ch.SelectorImpl.select(SelectorImpl.java:97)
        at sun.nio.ch.SelectorImpl.select(SelectorImpl.java:101)
        at org.eclipse.jetty.io.ManagedSelector.nioSelect(ManagedSelector.java:183)
        at org.eclipse.jetty.io.ManagedSelector.select(ManagedSelector.java:190)
        at org.eclipse.jetty.io.ManagedSelector$SelectorProducer.select(ManagedSelector.java:606)
        at org.eclipse.jetty.io.ManagedSelector$SelectorProducer.produce(ManagedSelector.java:543)
        at org.eclipse.jetty.util.thread.strategy.EatWhatYouKill.produceTask(EatWhatYouKill.java:362)
        at org.eclipse.jetty.util.thread.strategy.EatWhatYouKill.doProduce(EatWhatYouKill.java:186)
        at org.eclipse.jetty.util.thread.strategy.EatWhatYouKill.tryProduce(EatWhatYouKill.java:173)
        at org.eclipse.jetty.util.thread.strategy.EatWhatYouKill.produce(EatWhatYouKill.java:137)
        at org.eclipse.jetty.io.ManagedSelector$$Lambda$735/1979961282.run(Unknown Source)
        at org.eclipse.jetty.util.thread.QueuedThreadPool.runJob(QueuedThreadPool.java:883)
        at org.eclipse.jetty.util.thread.QueuedThreadPool$Runner.run(QueuedThreadPool.java:1034)
        at java.lang.Thread.run(Thread.java:750)
"Datanode State Machine Daemon Thread" daemon prio=5 tid=246 timed_waiting
java.lang.Thread.State: TIMED_WAITING
        at java.lang.Thread.sleep(Native Method)
        at org.apache.hadoop.ozone.container.common.statemachine.DatanodeStateMachine.startStateMachineThread(DatanodeStateMachine.java:300)
        at org.apache.hadoop.ozone.container.common.statemachine.DatanodeStateMachine.lambda$startDaemon$0(DatanodeStateMachine.java:473)
        at org.apache.hadoop.ozone.container.common.statemachine.DatanodeStateMachine$$Lambda$808/1175878243.run(Unknown Source)
        at java.lang.Thread.run(Thread.java:750)
"Datanode State Machine Task Thread - 0"  prio=5 tid=229 in Object.wait()
java.lang.Thread.State: WAITING (on object monitor)
        at sun.misc.Unsafe.park(Native Method)
        at java.util.concurrent.locks.LockSupport.park(LockSupport.java:175)
        at java.util.concurrent.locks.AbstractQueuedSynchronizer$ConditionObject.await(AbstractQueuedSynchronizer.java:2039)
        at java.util.concurrent.LinkedBlockingQueue.take(LinkedBlockingQueue.java:442)
        at java.util.concurrent.ThreadPoolExecutor.getTask(ThreadPoolExecutor.java:1074)
        at java.util.concurrent.ThreadPoolExecutor.runWorker(ThreadPoolExecutor.java:1134)
        at java.util.concurrent.ThreadPoolExecutor$Worker.run(ThreadPoolExecutor.java:624)
        at java.lang.Thread.run(Thread.java:750)
"52f37a01-89b5-406d-9bb0-8d12139c3c87@group-8CD5338CD4E2-StateMachineUpdater" daemon prio=5 tid=29 in Object.wait()
java.lang.Thread.State: WAITING (on object monitor)
        at java.lang.Object.wait(Native Method)
        at java.lang.Object.wait(Object.java:502)
        at org.apache.ratis.server.impl.StateMachineUpdater.waitForCommit(StateMachineUpdater.java:204)
        at org.apache.ratis.server.impl.StateMachineUpdater.run(StateMachineUpdater.java:173)
        at java.lang.Thread.run(Thread.java:750)
"EventQueue-OpenPipelineForHealthyPipelineSafeModeRule" daemon prio=5 tid=302 in Object.wait()
java.lang.Thread.State: WAITING (on object monitor)
        at sun.misc.Unsafe.park(Native Method)
        at java.util.concurrent.locks.LockSupport.park(LockSupport.java:175)
        at java.util.concurrent.locks.AbstractQueuedSynchronizer$ConditionObject.await(AbstractQueuedSynchronizer.java:2039)
        at java.util.concurrent.LinkedBlockingQueue.take(LinkedBlockingQueue.java:442)
        at java.util.concurrent.ThreadPoolExecutor.getTask(ThreadPoolExecutor.java:1074)
        at java.util.concurrent.ThreadPoolExecutor.runWorker(ThreadPoolExecutor.java:1134)
        at java.util.concurrent.ThreadPoolExecutor$Worker.run(ThreadPoolExecutor.java:624)
        at java.lang.Thread.run(Thread.java:750)
"qtp1611896908-242" daemon prio=5 tid=242 timed_waiting
java.lang.Thread.State: TIMED_WAITING
        at sun.misc.Unsafe.park(Native Method)
        at java.util.concurrent.locks.LockSupport.parkNanos(LockSupport.java:215)
        at java.util.concurrent.locks.AbstractQueuedSynchronizer$ConditionObject.awaitNanos(AbstractQueuedSynchronizer.java:2078)
        at org.eclipse.jetty.util.BlockingArrayQueue.poll(BlockingArrayQueue.java:382)
        at org.eclipse.jetty.util.thread.QueuedThreadPool$Runner.idleJobPoll(QueuedThreadPool.java:974)
        at org.eclipse.jetty.util.thread.QueuedThreadPool$Runner.run(QueuedThreadPool.java:1018)
        at java.lang.Thread.run(Thread.java:750)
"Periodic HDDS volume checker" daemon prio=5 tid=231 timed_waiting
java.lang.Thread.State: TIMED_WAITING
        at sun.misc.Unsafe.park(Native Method)
        at java.util.concurrent.locks.LockSupport.parkNanos(LockSupport.java:215)
        at java.util.concurrent.locks.AbstractQueuedSynchronizer$ConditionObject.awaitNanos(AbstractQueuedSynchronizer.java:2078)
        at java.util.concurrent.ScheduledThreadPoolExecutor$DelayedWorkQueue.take(ScheduledThreadPoolExecutor.java:1093)
        at java.util.concurrent.ScheduledThreadPoolExecutor$DelayedWorkQueue.take(ScheduledThreadPoolExecutor.java:809)
        at java.util.concurrent.ThreadPoolExecutor.getTask(ThreadPoolExecutor.java:1074)
        at java.util.concurrent.ThreadPoolExecutor.runWorker(ThreadPoolExecutor.java:1134)
        at java.util.concurrent.ThreadPoolExecutor$Worker.run(ThreadPoolExecutor.java:624)
        at java.lang.Thread.run(Thread.java:750)
"ChunkReader-ELG-0" daemon prio=5 tid=265 runnable
java.lang.Thread.State: RUNNABLE
        at org.apache.ratis.thirdparty.io.netty.channel.epoll.Native.epollWait(Native Method)
        at org.apache.ratis.thirdparty.io.netty.channel.epoll.Native.epollWait(Native.java:177)
        at org.apache.ratis.thirdparty.io.netty.channel.epoll.Native.epollWait(Native.java:170)
        at org.apache.ratis.thirdparty.io.netty.channel.epoll.EpollEventLoop.epollWaitNoTimerChange(EpollEventLoop.java:290)
        at org.apache.ratis.thirdparty.io.netty.channel.epoll.EpollEventLoop.run(EpollEventLoop.java:347)
        at org.apache.ratis.thirdparty.io.netty.util.concurrent.SingleThreadEventExecutor$4.run(SingleThreadEventExecutor.java:989)
        at org.apache.ratis.thirdparty.io.netty.util.internal.ThreadExecutorMap$2.run(ThreadExecutorMap.java:74)
        at java.lang.Thread.run(Thread.java:750)
"qtp2127003431-192" daemon prio=5 tid=192 timed_waiting
java.lang.Thread.State: TIMED_WAITING
        at sun.misc.Unsafe.park(Native Method)
        at java.util.concurrent.locks.LockSupport.parkNanos(LockSupport.java:215)
        at java.util.concurrent.locks.AbstractQueuedSynchronizer$ConditionObject.awaitNanos(AbstractQueuedSynchronizer.java:2078)
        at org.eclipse.jetty.util.BlockingArrayQueue.poll(BlockingArrayQueue.java:382)
        at org.eclipse.jetty.util.thread.QueuedThreadPool$Runner.idleJobPoll(QueuedThreadPool.java:974)
        at org.eclipse.jetty.util.thread.QueuedThreadPool$Runner.run(QueuedThreadPool.java:1018)
        at java.lang.Thread.run(Thread.java:750)
"IPC Server handler 11 on default port 46789" daemon prio=5 tid=83 timed_waiting
java.lang.Thread.State: TIMED_WAITING
        at sun.misc.Unsafe.park(Native Method)
        at java.util.concurrent.locks.LockSupport.parkNanos(LockSupport.java:215)
        at java.util.concurrent.locks.AbstractQueuedSynchronizer$ConditionObject.awaitNanos(AbstractQueuedSynchronizer.java:2078)
        at java.util.concurrent.LinkedBlockingQueue.poll(LinkedBlockingQueue.java:467)
        at org.apache.hadoop.ipc.CallQueueManager.take(CallQueueManager.java:317)
        at org.apache.hadoop.ipc.Server$Handler.run(Server.java:2932)
"IPC Server handler 1 on default port 46539" daemon prio=5 tid=159 timed_waiting
java.lang.Thread.State: TIMED_WAITING
        at sun.misc.Unsafe.park(Native Method)
        at java.util.concurrent.locks.LockSupport.parkNanos(LockSupport.java:215)
        at java.util.concurrent.locks.AbstractQueuedSynchronizer$ConditionObject.awaitNanos(AbstractQueuedSynchronizer.java:2078)
        at java.util.concurrent.LinkedBlockingQueue.poll(LinkedBlockingQueue.java:467)
        at org.apache.hadoop.ipc.CallQueueManager.take(CallQueueManager.java:317)
        at org.apache.hadoop.ipc.Server$Handler.run(Server.java:2932)
"IPC Server handler 10 on default port 44115" daemon prio=5 tid=121 timed_waiting
java.lang.Thread.State: TIMED_WAITING
        at sun.misc.Unsafe.park(Native Method)
        at java.util.concurrent.locks.LockSupport.parkNanos(LockSupport.java:215)
        at java.util.concurrent.locks.AbstractQueuedSynchronizer$ConditionObject.awaitNanos(AbstractQueuedSynchronizer.java:2078)
        at java.util.concurrent.LinkedBlockingQueue.poll(LinkedBlockingQueue.java:467)
        at org.apache.hadoop.ipc.CallQueueManager.take(CallQueueManager.java:317)
        at org.apache.hadoop.ipc.Server$Handler.run(Server.java:2932)
"IPC Server handler 5 on default port 36639" daemon prio=5 tid=57 timed_waiting
java.lang.Thread.State: TIMED_WAITING
        at sun.misc.Unsafe.park(Native Method)
        at java.util.concurrent.locks.LockSupport.parkNanos(LockSupport.java:215)
        at java.util.concurrent.locks.AbstractQueuedSynchronizer$ConditionObject.awaitNanos(AbstractQueuedSynchronizer.java:2078)
        at java.util.concurrent.LinkedBlockingQueue.poll(LinkedBlockingQueue.java:467)
        at org.apache.hadoop.ipc.CallQueueManager.take(CallQueueManager.java:317)
        at org.apache.hadoop.ipc.Server$Handler.run(Server.java:2932)
"qtp1611896908-237" daemon prio=5 tid=237 runnable
java.lang.Thread.State: RUNNABLE
        at sun.nio.ch.EPollArrayWrapper.epollWait(Native Method)
        at sun.nio.ch.EPollArrayWrapper.poll(EPollArrayWrapper.java:269)
        at sun.nio.ch.EPollSelectorImpl.doSelect(EPollSelectorImpl.java:93)
        at sun.nio.ch.SelectorImpl.lockAndDoSelect(SelectorImpl.java:86)
        at sun.nio.ch.SelectorImpl.select(SelectorImpl.java:97)
        at sun.nio.ch.SelectorImpl.select(SelectorImpl.java:101)
        at org.eclipse.jetty.io.ManagedSelector.nioSelect(ManagedSelector.java:183)
        at org.eclipse.jetty.io.ManagedSelector.select(ManagedSelector.java:190)
        at org.eclipse.jetty.io.ManagedSelector$SelectorProducer.select(ManagedSelector.java:606)
        at org.eclipse.jetty.io.ManagedSelector$SelectorProducer.produce(ManagedSelector.java:543)
        at org.eclipse.jetty.util.thread.strategy.EatWhatYouKill.produceTask(EatWhatYouKill.java:362)
        at org.eclipse.jetty.util.thread.strategy.EatWhatYouKill.doProduce(EatWhatYouKill.java:186)
        at org.eclipse.jetty.util.thread.strategy.EatWhatYouKill.tryProduce(EatWhatYouKill.java:173)
        at org.eclipse.jetty.util.thread.strategy.EatWhatYouKill.produce(EatWhatYouKill.java:137)
        at org.eclipse.jetty.io.ManagedSelector$$Lambda$735/1979961282.run(Unknown Source)
        at org.eclipse.jetty.util.thread.QueuedThreadPool.runJob(QueuedThreadPool.java:883)
        at org.eclipse.jetty.util.thread.QueuedThreadPool$Runner.run(QueuedThreadPool.java:1034)
        at java.lang.Thread.run(Thread.java:750)
"Datanode ReportManager Thread - 2" daemon prio=5 tid=224 timed_waiting
java.lang.Thread.State: TIMED_WAITING
        at sun.misc.Unsafe.park(Native Method)
        at java.util.concurrent.locks.LockSupport.parkNanos(LockSupport.java:215)
        at java.util.concurrent.locks.AbstractQueuedSynchronizer$ConditionObject.awaitNanos(AbstractQueuedSynchronizer.java:2078)
        at java.util.concurrent.ScheduledThreadPoolExecutor$DelayedWorkQueue.take(ScheduledThreadPoolExecutor.java:1093)
        at java.util.concurrent.ScheduledThreadPoolExecutor$DelayedWorkQueue.take(ScheduledThreadPoolExecutor.java:809)
        at java.util.concurrent.ThreadPoolExecutor.getTask(ThreadPoolExecutor.java:1074)
        at java.util.concurrent.ThreadPoolExecutor.runWorker(ThreadPoolExecutor.java:1134)
        at java.util.concurrent.ThreadPoolExecutor$Worker.run(ThreadPoolExecutor.java:624)
        at java.lang.Thread.run(Thread.java:750)
"e8524086-66f7-4ba2-b4e3-52afd3370864@group-1A13288E1580-LeaderStateImpl" daemon prio=5 tid=345 timed_waiting
java.lang.Thread.State: TIMED_WAITING
        at sun.misc.Unsafe.park(Native Method)
        at java.util.concurrent.locks.LockSupport.parkNanos(LockSupport.java:215)
        at java.util.concurrent.locks.AbstractQueuedSynchronizer$ConditionObject.awaitNanos(AbstractQueuedSynchronizer.java:2078)
        at java.util.concurrent.ArrayBlockingQueue.poll(ArrayBlockingQueue.java:418)
        at org.apache.ratis.server.impl.LeaderStateImpl$EventQueue.poll(LeaderStateImpl.java:156)
        at org.apache.ratis.server.impl.LeaderStateImpl$EventProcessor.run(LeaderStateImpl.java:600)
"org.apache.hadoop.ozone.container.common.statemachine.commandhandler.DeleteBlocksCommandHandler$DeleteCmdWorker@3a65e121" daemon prio=5 tid=235 timed_waiting
java.lang.Thread.State: TIMED_WAITING
        at java.lang.Thread.sleep(Native Method)
        at org.apache.hadoop.ozone.container.common.statemachine.commandhandler.DeleteBlocksCommandHandler$DeleteCmdWorker.run(DeleteBlocksCommandHandler.java:186)
        at java.lang.Thread.run(Thread.java:750)
"IPC Server handler 9 on default port 46539" daemon prio=5 tid=167 timed_waiting
java.lang.Thread.State: TIMED_WAITING
        at sun.misc.Unsafe.park(Native Method)
        at java.util.concurrent.locks.LockSupport.parkNanos(LockSupport.java:215)
        at java.util.concurrent.locks.AbstractQueuedSynchronizer$ConditionObject.awaitNanos(AbstractQueuedSynchronizer.java:2078)
        at java.util.concurrent.LinkedBlockingQueue.poll(LinkedBlockingQueue.java:467)
        at org.apache.hadoop.ipc.CallQueueManager.take(CallQueueManager.java:317)
        at org.apache.hadoop.ipc.Server$Handler.run(Server.java:2932)
"IPC Server handler 7 on default port 46789" daemon prio=5 tid=79 timed_waiting
java.lang.Thread.State: TIMED_WAITING
        at sun.misc.Unsafe.park(Native Method)
        at java.util.concurrent.locks.LockSupport.parkNanos(LockSupport.java:215)
        at java.util.concurrent.locks.AbstractQueuedSynchronizer$ConditionObject.awaitNanos(AbstractQueuedSynchronizer.java:2078)
        at java.util.concurrent.LinkedBlockingQueue.poll(LinkedBlockingQueue.java:467)
        at org.apache.hadoop.ipc.CallQueueManager.take(CallQueueManager.java:317)
        at org.apache.hadoop.ipc.Server$Handler.run(Server.java:2932)
"Finalizer" daemon prio=8 tid=3 in Object.wait()
java.lang.Thread.State: WAITING (on object monitor)
        at java.lang.Object.wait(Native Method)
        at java.lang.ref.ReferenceQueue.remove(ReferenceQueue.java:144)
        at java.lang.ref.ReferenceQueue.remove(ReferenceQueue.java:165)
        at java.lang.ref.Finalizer$FinalizerThread.run(Finalizer.java:216)
"IPC Server handler 7 on default port 46539" daemon prio=5 tid=165 timed_waiting
java.lang.Thread.State: TIMED_WAITING
        at sun.misc.Unsafe.park(Native Method)
        at java.util.concurrent.locks.LockSupport.parkNanos(LockSupport.java:215)
        at java.util.concurrent.locks.AbstractQueuedSynchronizer$ConditionObject.awaitNanos(AbstractQueuedSynchronizer.java:2078)
        at java.util.concurrent.LinkedBlockingQueue.poll(LinkedBlockingQueue.java:467)
        at org.apache.hadoop.ipc.CallQueueManager.take(CallQueueManager.java:317)
        at org.apache.hadoop.ipc.Server$Handler.run(Server.java:2932)
"EndpointStateMachine task thread for /0.0.0.0:44115 - 0 "  prio=5 tid=258 in Object.wait()
java.lang.Thread.State: WAITING (on object monitor)
        at sun.misc.Unsafe.park(Native Method)
        at java.util.concurrent.locks.LockSupport.park(LockSupport.java:175)
        at java.util.concurrent.locks.AbstractQueuedSynchronizer$ConditionObject.await(AbstractQueuedSynchronizer.java:2039)
        at java.util.concurrent.LinkedBlockingQueue.take(LinkedBlockingQueue.java:442)
        at java.util.concurrent.ThreadPoolExecutor.getTask(ThreadPoolExecutor.java:1074)
        at java.util.concurrent.ThreadPoolExecutor.runWorker(ThreadPoolExecutor.java:1134)
        at java.util.concurrent.ThreadPoolExecutor$Worker.run(ThreadPoolExecutor.java:624)
        at java.lang.Thread.run(Thread.java:750)
"IPC Server handler 19 on default port 44115" daemon prio=5 tid=130 timed_waiting
java.lang.Thread.State: TIMED_WAITING
        at sun.misc.Unsafe.park(Native Method)
        at java.util.concurrent.locks.LockSupport.parkNanos(LockSupport.java:215)
        at java.util.concurrent.locks.AbstractQueuedSynchronizer$ConditionObject.awaitNanos(AbstractQueuedSynchronizer.java:2078)
        at java.util.concurrent.LinkedBlockingQueue.poll(LinkedBlockingQueue.java:467)
        at org.apache.hadoop.ipc.CallQueueManager.take(CallQueueManager.java:317)
        at org.apache.hadoop.ipc.Server$Handler.run(Server.java:2932)
"IPC Server handler 8 on default port 44115" daemon prio=5 tid=119 timed_waiting
java.lang.Thread.State: TIMED_WAITING
        at sun.misc.Unsafe.park(Native Method)
        at java.util.concurrent.locks.LockSupport.parkNanos(LockSupport.java:215)
        at java.util.concurrent.locks.AbstractQueuedSynchronizer$ConditionObject.awaitNanos(AbstractQueuedSynchronizer.java:2078)
        at java.util.concurrent.LinkedBlockingQueue.poll(LinkedBlockingQueue.java:467)
        at org.apache.hadoop.ipc.CallQueueManager.take(CallQueueManager.java:317)
        at org.apache.hadoop.ipc.Server$Handler.run(Server.java:2932)
"qtp1611896908-238-acceptor-0@767dcfb2-ServerConnector@69a3c55b{HTTP/1.1, (http/1.1)}{0.0.0.0:37871}" daemon prio=3 tid=238 runnable
java.lang.Thread.State: RUNNABLE
        at sun.nio.ch.ServerSocketChannelImpl.accept0(Native Method)
        at sun.nio.ch.ServerSocketChannelImpl.accept(ServerSocketChannelImpl.java:421)
        at sun.nio.ch.ServerSocketChannelImpl.accept(ServerSocketChannelImpl.java:249)
        at org.eclipse.jetty.server.ServerConnector.accept(ServerConnector.java:388)
        at org.eclipse.jetty.server.AbstractConnector$Acceptor.run(AbstractConnector.java:702)
        at org.eclipse.jetty.util.thread.QueuedThreadPool.runJob(QueuedThreadPool.java:883)
        at org.eclipse.jetty.util.thread.QueuedThreadPool$Runner.run(QueuedThreadPool.java:1034)
        at java.lang.Thread.run(Thread.java:750)
"0075b94f-442f-431b-bbbf-ccc5d4b175df@group-2D14661B708F-FollowerState" daemon prio=5 tid=404 timed_waiting
java.lang.Thread.State: TIMED_WAITING
        at java.lang.Thread.sleep(Native Method)
        at java.lang.Thread.sleep(Thread.java:342)
        at java.util.concurrent.TimeUnit.sleep(TimeUnit.java:386)
        at org.apache.ratis.util.TimeDuration.sleep(TimeDuration.java:324)
        at org.apache.ratis.util.TimeDuration.sleep(TimeDuration.java:309)
        at org.apache.ratis.server.impl.FollowerState.run(FollowerState.java:118)
"0075b94f-442f-431b-bbbf-ccc5d4b175df@group-C66A738FB9BB->e8524086-66f7-4ba2-b4e3-52afd3370864-GrpcLogAppender-LogAppenderDaemon" daemon prio=5 tid=369 timed_waiting
java.lang.Thread.State: TIMED_WAITING
        at java.lang.Object.wait(Native Method)
        at org.apache.ratis.grpc.server.GrpcLogAppender.mayWait(GrpcLogAppender.java:175)
        at org.apache.ratis.grpc.server.GrpcLogAppender.run(GrpcLogAppender.java:127)
        at org.apache.ratis.server.leader.LogAppenderDaemon.run(LogAppenderDaemon.java:77)
        at org.apache.ratis.server.leader.LogAppenderDaemon$$Lambda$989/754036958.run(Unknown Source)
        at java.lang.Thread.run(Thread.java:750)
"pool-93-thread-1"  prio=5 tid=308 in Object.wait()
java.lang.Thread.State: WAITING (on object monitor)
        at sun.misc.Unsafe.park(Native Method)
        at java.util.concurrent.locks.LockSupport.park(LockSupport.java:175)
        at java.util.concurrent.locks.AbstractQueuedSynchronizer$ConditionObject.await(AbstractQueuedSynchronizer.java:2039)
        at java.util.concurrent.LinkedBlockingQueue.take(LinkedBlockingQueue.java:442)
        at java.util.concurrent.ThreadPoolExecutor.getTask(ThreadPoolExecutor.java:1074)
        at java.util.concurrent.ThreadPoolExecutor.runWorker(ThreadPoolExecutor.java:1134)
        at java.util.concurrent.ThreadPoolExecutor$Worker.run(ThreadPoolExecutor.java:624)
        at java.lang.Thread.run(Thread.java:750)
"EventQueue-NodeReportForNodeReportHandler" daemon prio=5 tid=472 in Object.wait()
java.lang.Thread.State: WAITING (on object monitor)
        at sun.misc.Unsafe.park(Native Method)
        at java.util.concurrent.locks.LockSupport.park(LockSupport.java:175)
        at java.util.concurrent.locks.AbstractQueuedSynchronizer$ConditionObject.await(AbstractQueuedSynchronizer.java:2039)
        at java.util.concurrent.LinkedBlockingQueue.take(LinkedBlockingQueue.java:442)
        at java.util.concurrent.ThreadPoolExecutor.getTask(ThreadPoolExecutor.java:1074)
        at java.util.concurrent.ThreadPoolExecutor.runWorker(ThreadPoolExecutor.java:1134)
        at java.util.concurrent.ThreadPoolExecutor$Worker.run(ThreadPoolExecutor.java:624)
        at java.lang.Thread.run(Thread.java:750)
"Listener at 127.0.0.1/46539"  prio=5 tid=1 runnable
java.lang.Thread.State: RUNNABLE
        at java.lang.Thread.dumpThreads(Native Method)
        at java.lang.Thread.getAllStackTraces(Thread.java:1615)
        at org.apache.ozone.test.TimedOutTestsListener.buildThreadDump(TimedOutTestsListener.java:93)
        at org.apache.ozone.test.TimedOutTestsListener.buildThreadDiagnosticString(TimedOutTestsListener.java:79)
        at org.apache.ozone.test.GenericTestUtils.waitFor(GenericTestUtils.java:225)
        at org.apache.hadoop.fs.ozone.TestDirectoryDeletingServiceWithFSO.assertSubPathsCount(TestDirectoryDeletingServiceWithFSO.java:290)
        at org.apache.hadoop.fs.ozone.TestDirectoryDeletingServiceWithFSO.testDeleteWithMultiLevels(TestDirectoryDeletingServiceWithFSO.java:282)
        at sun.reflect.NativeMethodAccessorImpl.invoke0(Native Method)
        at sun.reflect.NativeMethodAccessorImpl.invoke(NativeMethodAccessorImpl.java:62)
        at sun.reflect.DelegatingMethodAccessorImpl.invoke(DelegatingMethodAccessorImpl.java:43)
        at java.lang.reflect.Method.invoke(Method.java:498)
        at org.junit.platform.commons.util.ReflectionUtils.invokeMethod(ReflectionUtils.java:688)
        at org.junit.jupiter.engine.execution.MethodInvocation.proceed(MethodInvocation.java:60)
        at org.junit.jupiter.engine.execution.InvocationInterceptorChain$ValidatingInvocation.proceed(InvocationInterceptorChain.java:131)
        at org.junit.jupiter.engine.extension.TimeoutInvocation.proceed(TimeoutInvocation.java:46)
        at org.junit.jupiter.engine.extension.TimeoutExtension.intercept(TimeoutExtension.java:149)
        at org.junit.jupiter.engine.extension.TimeoutExtension.interceptTestableMethod(TimeoutExtension.java:140)
        at org.junit.jupiter.engine.extension.TimeoutExtension.interceptTestMethod(TimeoutExtension.java:84)
        at org.junit.jupiter.engine.descriptor.TestMethodTestDescriptor$$Lambda$149/1803669141.apply(Unknown Source)
        at org.junit.jupiter.engine.execution.ExecutableInvoker$ReflectiveInterceptorCall.lambda$ofVoidMethod$0(ExecutableInvoker.java:115)
        at org.junit.jupiter.engine.execution.ExecutableInvoker$ReflectiveInterceptorCall$$Lambda$150/1364913072.apply(Unknown Source)
        at org.junit.jupiter.engine.execution.ExecutableInvoker.lambda$invoke$0(ExecutableInvoker.java:105)
        at org.junit.jupiter.engine.execution.ExecutableInvoker$$Lambda$291/1149377174.apply(Unknown Source)
        at org.junit.jupiter.engine.execution.InvocationInterceptorChain$InterceptedInvocation.proceed(InvocationInterceptorChain.java:106)
        at org.junit.jupiter.engine.execution.InvocationInterceptorChain.proceed(InvocationInterceptorChain.java:64)
        at org.junit.jupiter.engine.execution.InvocationInterceptorChain.chainAndInvoke(InvocationInterceptorChain.java:45)
        at org.junit.jupiter.engine.execution.InvocationInterceptorChain.invoke(InvocationInterceptorChain.java:37)
        at org.junit.jupiter.engine.execution.ExecutableInvoker.invoke(ExecutableInvoker.java:104)
        at org.junit.jupiter.engine.execution.ExecutableInvoker.invoke(ExecutableInvoker.java:98)
        at org.junit.jupiter.engine.descriptor.TestMethodTestDescriptor.lambda$invokeTestMethod$6(TestMethodTestDescriptor.java:210)
        at org.junit.jupiter.engine.descriptor.TestMethodTestDescriptor$$Lambda$1104/1986103336.execute(Unknown Source)
        at org.junit.platform.engine.support.hierarchical.ThrowableCollector.execute(ThrowableCollector.java:73)
        at org.junit.jupiter.engine.descriptor.TestMethodTestDescriptor.invokeTestMethod(TestMethodTestDescriptor.java:206)
        at org.junit.jupiter.engine.descriptor.TestMethodTestDescriptor.execute(TestMethodTestDescriptor.java:131)
        at org.junit.jupiter.engine.descriptor.TestMethodTestDescriptor.execute(TestMethodTestDescriptor.java:65)
        at org.junit.platform.engine.support.hierarchical.NodeTestTask.lambda$executeRecursively$5(NodeTestTask.java:139)
        at org.junit.platform.engine.support.hierarchical.NodeTestTask$$Lambda$241/2089016471.execute(Unknown Source)
        at org.junit.platform.engine.support.hierarchical.ThrowableCollector.execute(ThrowableCollector.java:73)
        at org.junit.platform.engine.support.hierarchical.NodeTestTask.lambda$executeRecursively$7(NodeTestTask.java:129)
        at org.junit.platform.engine.support.hierarchical.NodeTestTask$$Lambda$240/1148254374.invoke(Unknown Source)
        at org.junit.platform.engine.support.hierarchical.Node.around(Node.java:137)
        at org.junit.platform.engine.support.hierarchical.NodeTestTask.lambda$executeRecursively$8(NodeTestTask.java:127)
        at org.junit.platform.engine.support.hierarchical.NodeTestTask$$Lambda$239/726379593.execute(Unknown Source)
        at org.junit.platform.engine.support.hierarchical.ThrowableCollector.execute(ThrowableCollector.java:73)
        at org.junit.platform.engine.support.hierarchical.NodeTestTask.executeRecursively(NodeTestTask.java:126)
        at org.junit.platform.engine.support.hierarchical.NodeTestTask.execute(NodeTestTask.java:84)
        at org.junit.platform.engine.support.hierarchical.SameThreadHierarchicalTestExecutorService$$Lambda$245/270056930.accept(Unknown Source)
        at java.util.ArrayList.forEach(ArrayList.java:1259)
        at org.junit.platform.engine.support.hierarchical.SameThreadHierarchicalTestExecutorService.invokeAll(SameThreadHierarchicalTestExecutorService.java:38)
        at org.junit.platform.engine.support.hierarchical.NodeTestTask.lambda$executeRecursively$5(NodeTestTask.java:143)
        at org.junit.platform.engine.support.hierarchical.NodeTestTask$$Lambda$241/2089016471.execute(Unknown Source)
        at org.junit.platform.engine.support.hierarchical.ThrowableCollector.execute(ThrowableCollector.java:73)
        at org.junit.platform.engine.support.hierarchical.NodeTestTask.lambda$executeRecursively$7(NodeTestTask.java:129)
        at org.junit.platform.engine.support.hierarchical.NodeTestTask$$Lambda$240/1148254374.invoke(Unknown Source)
        at org.junit.platform.engine.support.hierarchical.Node.around(Node.java:137)
        at org.junit.platform.engine.support.hierarchical.NodeTestTask.lambda$executeRecursively$8(NodeTestTask.java:127)
        at org.junit.platform.engine.support.hierarchical.NodeTestTask$$Lambda$239/726379593.execute(Unknown Source)
        at org.junit.platform.engine.support.hierarchical.ThrowableCollector.execute(ThrowableCollector.java:73)
        at org.junit.platform.engine.support.hierarchical.NodeTestTask.executeRecursively(NodeTestTask.java:126)
        at org.junit.platform.engine.support.hierarchical.NodeTestTask.execute(NodeTestTask.java:84)
        at org.junit.platform.engine.support.hierarchical.SameThreadHierarchicalTestExecutorService$$Lambda$245/270056930.accept(Unknown Source)
        at java.util.ArrayList.forEach(ArrayList.java:1259)
        at org.junit.platform.engine.support.hierarchical.SameThreadHierarchicalTestExecutorService.invokeAll(SameThreadHierarchicalTestExecutorService.java:38)
        at org.junit.platform.engine.support.hierarchical.NodeTestTask.lambda$executeRecursively$5(NodeTestTask.java:143)
        at org.junit.platform.engine.support.hierarchical.NodeTestTask$$Lambda$241/2089016471.execute(Unknown Source)
        at org.junit.platform.engine.support.hierarchical.ThrowableCollector.execute(ThrowableCollector.java:73)
        at org.junit.platform.engine.support.hierarchical.NodeTestTask.lambda$executeRecursively$7(NodeTestTask.java:129)
        at org.junit.platform.engine.support.hierarchical.NodeTestTask$$Lambda$240/1148254374.invoke(Unknown Source)
        at org.junit.platform.engine.support.hierarchical.Node.around(Node.java:137)
        at org.junit.platform.engine.support.hierarchical.NodeTestTask.lambda$executeRecursively$8(NodeTestTask.java:127)
        at org.junit.platform.engine.support.hierarchical.NodeTestTask$$Lambda$239/726379593.execute(Unknown Source)
        at org.junit.platform.engine.support.hierarchical.ThrowableCollector.execute(ThrowableCollector.java:73)
        at org.junit.platform.engine.support.hierarchical.NodeTestTask.executeRecursively(NodeTestTask.java:126)
        at org.junit.platform.engine.support.hierarchical.NodeTestTask.execute(NodeTestTask.java:84)
        at org.junit.platform.engine.support.hierarchical.SameThreadHierarchicalTestExecutorService.submit(SameThreadHierarchicalTestExecutorService.java:32)
        at org.junit.platform.engine.support.hierarchical.HierarchicalTestExecutor.execute(HierarchicalTestExecutor.java:57)
        at org.junit.platform.engine.support.hierarchical.HierarchicalTestEngine.execute(HierarchicalTestEngine.java:51)
        at org.junit.platform.launcher.core.EngineExecutionOrchestrator.execute(EngineExecutionOrchestrator.java:108)
        at org.junit.platform.launcher.core.EngineExecutionOrchestrator.execute(EngineExecutionOrchestrator.java:88)
        at org.junit.platform.launcher.core.EngineExecutionOrchestrator.lambda$execute$0(EngineExecutionOrchestrator.java:54)
        at org.junit.platform.launcher.core.EngineExecutionOrchestrator$$Lambda$203/1859374258.accept(Unknown Source)
        at org.junit.platform.launcher.core.EngineExecutionOrchestrator.withInterceptedStreams(EngineExecutionOrchestrator.java:67)
        at org.junit.platform.launcher.core.EngineExecutionOrchestrator.execute(EngineExecutionOrchestrator.java:52)
        at org.junit.platform.launcher.core.DefaultLauncher.execute(DefaultLauncher.java:96)
        at org.junit.platform.launcher.core.DefaultLauncher.execute(DefaultLauncher.java:75)
        at org.apache.maven.surefire.junitplatform.JUnitPlatformProvider.execute(JUnitPlatformProvider.java:188)
        at org.apache.maven.surefire.junitplatform.JUnitPlatformProvider.invokeAllTests(JUnitPlatformProvider.java:154)
        at org.apache.maven.surefire.junitplatform.JUnitPlatformProvider.invoke(JUnitPlatformProvider.java:124)
        at org.apache.maven.surefire.booter.ForkedBooter.runSuitesInProcess(ForkedBooter.java:428)
        at org.apache.maven.surefire.booter.ForkedBooter.execute(ForkedBooter.java:162)
        at org.apache.maven.surefire.booter.ForkedBooter.run(ForkedBooter.java:562)
        at org.apache.maven.surefire.booter.ForkedBooter.main(ForkedBooter.java:548)
"IPC Server handler 10 on default port 36639" daemon prio=5 tid=62 timed_waiting
java.lang.Thread.State: TIMED_WAITING
        at sun.misc.Unsafe.park(Native Method)
        at java.util.concurrent.locks.LockSupport.parkNanos(LockSupport.java:215)
        at java.util.concurrent.locks.AbstractQueuedSynchronizer$ConditionObject.awaitNanos(AbstractQueuedSynchronizer.java:2078)
        at java.util.concurrent.LinkedBlockingQueue.poll(LinkedBlockingQueue.java:467)
        at org.apache.hadoop.ipc.CallQueueManager.take(CallQueueManager.java:317)
        at org.apache.hadoop.ipc.Server$Handler.run(Server.java:2932)
"0075b94f-442f-431b-bbbf-ccc5d4b175df@group-2D14661B708F-StateMachineUpdater" daemon prio=5 tid=338 in Object.wait()
java.lang.Thread.State: WAITING (on object monitor)
        at java.lang.Object.wait(Native Method)
        at java.lang.Object.wait(Object.java:502)
        at org.apache.ratis.server.impl.StateMachineUpdater.waitForCommit(StateMachineUpdater.java:204)
        at org.apache.ratis.server.impl.StateMachineUpdater.run(StateMachineUpdater.java:173)
        at java.lang.Thread.run(Thread.java:750)
"e8524086-66f7-4ba2-b4e3-52afd3370864@group-C66A738FB9BB-FollowerState" daemon prio=5 tid=365 timed_waiting
java.lang.Thread.State: TIMED_WAITING
        at java.lang.Thread.sleep(Native Method)
        at java.lang.Thread.sleep(Thread.java:342)
        at java.util.concurrent.TimeUnit.sleep(TimeUnit.java:386)
        at org.apache.ratis.util.TimeDuration.sleep(TimeDuration.java:324)
        at org.apache.ratis.util.TimeDuration.sleep(TimeDuration.java:309)
        at org.apache.ratis.server.impl.FollowerState.run(FollowerState.java:118)
"0075b94f-442f-431b-bbbf-ccc5d4b175df@group-C66A738FB9BB-SegmentedRaftLogWorker"  prio=5 tid=312 timed_waiting
java.lang.Thread.State: TIMED_WAITING
        at sun.misc.Unsafe.park(Native Method)
        at java.util.concurrent.locks.LockSupport.parkNanos(LockSupport.java:215)
        at java.util.concurrent.locks.AbstractQueuedSynchronizer$ConditionObject.awaitNanos(AbstractQueuedSynchronizer.java:2078)
        at org.apache.ratis.util.DataBlockingQueue.poll(DataBlockingQueue.java:137)
        at org.apache.ratis.server.raftlog.segmented.SegmentedRaftLogWorker.run(SegmentedRaftLogWorker.java:292)
        at org.apache.ratis.server.raftlog.segmented.SegmentedRaftLogWorker$$Lambda$461/1011491712.run(Unknown Source)
        at java.lang.Thread.run(Thread.java:750)
"IPC Server handler 9 on default port 36639" daemon prio=5 tid=61 timed_waiting
java.lang.Thread.State: TIMED_WAITING
        at sun.misc.Unsafe.park(Native Method)
        at java.util.concurrent.locks.LockSupport.parkNanos(LockSupport.java:215)
        at java.util.concurrent.locks.AbstractQueuedSynchronizer$ConditionObject.awaitNanos(AbstractQueuedSynchronizer.java:2078)
        at java.util.concurrent.LinkedBlockingQueue.poll(LinkedBlockingQueue.java:467)
        at org.apache.hadoop.ipc.CallQueueManager.take(CallQueueManager.java:317)
        at org.apache.hadoop.ipc.Server$Handler.run(Server.java:2932)
"IPC Server handler 18 on default port 46539" daemon prio=5 tid=176 timed_waiting
java.lang.Thread.State: TIMED_WAITING
        at sun.misc.Unsafe.park(Native Method)
        at java.util.concurrent.locks.LockSupport.parkNanos(LockSupport.java:215)
        at java.util.concurrent.locks.AbstractQueuedSynchronizer$ConditionObject.awaitNanos(AbstractQueuedSynchronizer.java:2078)
        at java.util.concurrent.LinkedBlockingQueue.poll(LinkedBlockingQueue.java:467)
        at org.apache.hadoop.ipc.CallQueueManager.take(CallQueueManager.java:317)
        at org.apache.hadoop.ipc.Server$Handler.run(Server.java:2932)
"qtp465649687-150-acceptor-0@7c9ed437-ServerConnector@4892206a{HTTP/1.1, (http/1.1)}{0.0.0.0:34189}" daemon prio=3 tid=150 runnable
java.lang.Thread.State: RUNNABLE
        at sun.nio.ch.ServerSocketChannelImpl.accept0(Native Method)
        at sun.nio.ch.ServerSocketChannelImpl.accept(ServerSocketChannelImpl.java:421)
        at sun.nio.ch.ServerSocketChannelImpl.accept(ServerSocketChannelImpl.java:249)
        at org.eclipse.jetty.server.ServerConnector.accept(ServerConnector.java:388)
        at org.eclipse.jetty.server.AbstractConnector$Acceptor.run(AbstractConnector.java:702)
        at org.eclipse.jetty.util.thread.QueuedThreadPool.runJob(QueuedThreadPool.java:883)
        at org.eclipse.jetty.util.thread.QueuedThreadPool$Runner.run(QueuedThreadPool.java:1034)
        at java.lang.Thread.run(Thread.java:750)
"qtp373335733-101" daemon prio=5 tid=101 timed_waiting
java.lang.Thread.State: TIMED_WAITING
        at sun.misc.Unsafe.park(Native Method)
        at java.util.concurrent.locks.LockSupport.parkNanos(LockSupport.java:215)
        at java.util.concurrent.locks.AbstractQueuedSynchronizer$ConditionObject.awaitNanos(AbstractQueuedSynchronizer.java:2078)
        at org.eclipse.jetty.util.BlockingArrayQueue.poll(BlockingArrayQueue.java:382)
        at org.eclipse.jetty.util.thread.QueuedThreadPool$Runner.idleJobPoll(QueuedThreadPool.java:974)
        at org.eclipse.jetty.util.thread.QueuedThreadPool$Runner.run(QueuedThreadPool.java:1018)
        at java.lang.Thread.run(Thread.java:750)
"Reference Handler" daemon prio=10 tid=2 in Object.wait()
java.lang.Thread.State: WAITING (on object monitor)
        at java.lang.Object.wait(Native Method)
        at java.lang.Object.wait(Object.java:502)
        at java.lang.ref.Reference.tryHandlePending(Reference.java:191)
        at java.lang.ref.Reference$ReferenceHandler.run(Reference.java:153)
"c2558997-1fb9-4616-86fd-ed065cf63d6b@group-2D14661B708F-StateMachineUpdater" daemon prio=5 tid=332 in Object.wait()
java.lang.Thread.State: WAITING (on object monitor)
        at java.lang.Object.wait(Native Method)
        at java.lang.Object.wait(Object.java:502)
        at org.apache.ratis.server.impl.StateMachineUpdater.waitForCommit(StateMachineUpdater.java:204)
        at org.apache.ratis.server.impl.StateMachineUpdater.run(StateMachineUpdater.java:173)
        at java.lang.Thread.run(Thread.java:750)
"Datanode ReportManager Thread - 4" daemon prio=5 tid=201 in Object.wait()
java.lang.Thread.State: WAITING (on object monitor)
        at sun.misc.Unsafe.park(Native Method)
        at java.util.concurrent.locks.LockSupport.park(LockSupport.java:175)
        at java.util.concurrent.locks.AbstractQueuedSynchronizer$ConditionObject.await(AbstractQueuedSynchronizer.java:2039)
        at java.util.concurrent.ScheduledThreadPoolExecutor$DelayedWorkQueue.take(ScheduledThreadPoolExecutor.java:1088)
        at java.util.concurrent.ScheduledThreadPoolExecutor$DelayedWorkQueue.take(ScheduledThreadPoolExecutor.java:809)
        at java.util.concurrent.ThreadPoolExecutor.getTask(ThreadPoolExecutor.java:1074)
        at java.util.concurrent.ThreadPoolExecutor.runWorker(ThreadPoolExecutor.java:1134)
        at java.util.concurrent.ThreadPoolExecutor$Worker.run(ThreadPoolExecutor.java:624)
        at java.lang.Thread.run(Thread.java:750)
"IPC Server handler 19 on default port 46789" daemon prio=5 tid=91 timed_waiting
java.lang.Thread.State: TIMED_WAITING
        at sun.misc.Unsafe.park(Native Method)
        at java.util.concurrent.locks.LockSupport.parkNanos(LockSupport.java:215)
        at java.util.concurrent.locks.AbstractQueuedSynchronizer$ConditionObject.awaitNanos(AbstractQueuedSynchronizer.java:2078)
        at java.util.concurrent.LinkedBlockingQueue.poll(LinkedBlockingQueue.java:467)
        at org.apache.hadoop.ipc.CallQueueManager.take(CallQueueManager.java:317)
        at org.apache.hadoop.ipc.Server$Handler.run(Server.java:2932)
"IPC Server listener on 0" daemon prio=5 tid=138 runnable
java.lang.Thread.State: RUNNABLE
        at sun.nio.ch.EPollArrayWrapper.epollWait(Native Method)
        at sun.nio.ch.EPollArrayWrapper.poll(EPollArrayWrapper.java:269)
        at sun.nio.ch.EPollSelectorImpl.doSelect(EPollSelectorImpl.java:93)
        at sun.nio.ch.SelectorImpl.lockAndDoSelect(SelectorImpl.java:86)
        at sun.nio.ch.SelectorImpl.select(SelectorImpl.java:97)
        at sun.nio.ch.SelectorImpl.select(SelectorImpl.java:101)
        at org.apache.hadoop.ipc.Server$Listener.run(Server.java:1350)
"qtp627622993-213-acceptor-0@62959a36-ServerConnector@1088a4f0{HTTP/1.1, (http/1.1)}{0.0.0.0:44587}" daemon prio=3 tid=213 runnable
java.lang.Thread.State: RUNNABLE
        at sun.nio.ch.ServerSocketChannelImpl.accept0(Native Method)
        at sun.nio.ch.ServerSocketChannelImpl.accept(ServerSocketChannelImpl.java:421)
        at sun.nio.ch.ServerSocketChannelImpl.accept(ServerSocketChannelImpl.java:249)
        at org.eclipse.jetty.server.ServerConnector.accept(ServerConnector.java:388)
        at org.eclipse.jetty.server.AbstractConnector$Acceptor.run(AbstractConnector.java:702)
        at org.eclipse.jetty.util.thread.QueuedThreadPool.runJob(QueuedThreadPool.java:883)
        at org.eclipse.jetty.util.thread.QueuedThreadPool$Runner.run(QueuedThreadPool.java:1034)
        at java.lang.Thread.run(Thread.java:750)
"org.apache.hadoop.util.JvmPauseMonitor$Monitor@2fa5d9e8" daemon prio=5 tid=228 timed_waiting
java.lang.Thread.State: TIMED_WAITING
        at java.lang.Thread.sleep(Native Method)
        at org.apache.hadoop.util.JvmPauseMonitor$Monitor.run(JvmPauseMonitor.java:192)
        at java.lang.Thread.run(Thread.java:750)
"qtp2127003431-190" daemon prio=5 tid=190 timed_waiting
java.lang.Thread.State: TIMED_WAITING
        at sun.misc.Unsafe.park(Native Method)
        at java.util.concurrent.locks.LockSupport.parkNanos(LockSupport.java:215)
        at java.util.concurrent.locks.AbstractQueuedSynchronizer$ConditionObject.awaitNanos(AbstractQueuedSynchronizer.java:2078)
        at org.eclipse.jetty.util.BlockingArrayQueue.poll(BlockingArrayQueue.java:382)
        at org.eclipse.jetty.util.thread.QueuedThreadPool$Runner.idleJobPoll(QueuedThreadPool.java:974)
        at org.eclipse.jetty.util.thread.QueuedThreadPool$Runner.run(QueuedThreadPool.java:1018)
        at java.lang.Thread.run(Thread.java:750)
"Command processor thread" daemon prio=5 tid=252 timed_waiting
java.lang.Thread.State: TIMED_WAITING
        at java.lang.Thread.sleep(Native Method)
        at org.apache.hadoop.ozone.container.common.statemachine.DatanodeStateMachine.lambda$initCommandHandlerThread$3(DatanodeStateMachine.java:608)
        at org.apache.hadoop.ozone.container.common.statemachine.DatanodeStateMachine$$Lambda$810/1447937624.run(Unknown Source)
        at java.lang.Thread.run(Thread.java:750)
"IPC Server handler 3 on default port 44115" daemon prio=5 tid=114 timed_waiting
java.lang.Thread.State: TIMED_WAITING
        at sun.misc.Unsafe.park(Native Method)
        at java.util.concurrent.locks.LockSupport.parkNanos(LockSupport.java:215)
        at java.util.concurrent.locks.AbstractQueuedSynchronizer$ConditionObject.awaitNanos(AbstractQueuedSynchronizer.java:2078)
        at java.util.concurrent.LinkedBlockingQueue.poll(LinkedBlockingQueue.java:467)
        at org.apache.hadoop.ipc.CallQueueManager.take(CallQueueManager.java:317)
        at org.apache.hadoop.ipc.Server$Handler.run(Server.java:2932)
"ChunkWriter-0-0" daemon prio=5 tid=270 in Object.wait()
java.lang.Thread.State: WAITING (on object monitor)
        at sun.misc.Unsafe.park(Native Method)
        at java.util.concurrent.locks.LockSupport.park(LockSupport.java:175)
        at java.util.concurrent.locks.AbstractQueuedSynchronizer$ConditionObject.await(AbstractQueuedSynchronizer.java:2039)
        at java.util.concurrent.LinkedBlockingDeque.takeFirst(LinkedBlockingDeque.java:492)
        at java.util.concurrent.LinkedBlockingDeque.take(LinkedBlockingDeque.java:680)
        at java.util.concurrent.ThreadPoolExecutor.getTask(ThreadPoolExecutor.java:1074)
        at java.util.concurrent.ThreadPoolExecutor.runWorker(ThreadPoolExecutor.java:1134)
        at java.util.concurrent.ThreadPoolExecutor$Worker.run(ThreadPoolExecutor.java:624)
        at java.lang.Thread.run(Thread.java:750)
"IPC Server handler 8 on default port 46789" daemon prio=5 tid=80 timed_waiting
java.lang.Thread.State: TIMED_WAITING
        at sun.misc.Unsafe.park(Native Method)
        at java.util.concurrent.locks.LockSupport.parkNanos(LockSupport.java:215)
        at java.util.concurrent.locks.AbstractQueuedSynchronizer$ConditionObject.awaitNanos(AbstractQueuedSynchronizer.java:2078)
        at java.util.concurrent.LinkedBlockingQueue.poll(LinkedBlockingQueue.java:467)
        at org.apache.hadoop.ipc.CallQueueManager.take(CallQueueManager.java:317)
        at org.apache.hadoop.ipc.Server$Handler.run(Server.java:2932)
"e8524086-66f7-4ba2-b4e3-52afd3370864@group-C66A738FB9BB-SegmentedRaftLogWorker"  prio=5 tid=301 timed_waiting
java.lang.Thread.State: TIMED_WAITING
        at sun.misc.Unsafe.park(Native Method)
        at java.util.concurrent.locks.LockSupport.parkNanos(LockSupport.java:215)
        at java.util.concurrent.locks.AbstractQueuedSynchronizer$ConditionObject.awaitNanos(AbstractQueuedSynchronizer.java:2078)
        at org.apache.ratis.util.DataBlockingQueue.poll(DataBlockingQueue.java:137)
        at org.apache.ratis.server.raftlog.segmented.SegmentedRaftLogWorker.run(SegmentedRaftLogWorker.java:292)
        at org.apache.ratis.server.raftlog.segmented.SegmentedRaftLogWorker$$Lambda$461/1011491712.run(Unknown Source)
        at java.lang.Thread.run(Thread.java:750)
"IPC Server handler 5 on default port 44115" daemon prio=5 tid=116 timed_waiting
java.lang.Thread.State: TIMED_WAITING
        at sun.misc.Unsafe.park(Native Method)
        at java.util.concurrent.locks.LockSupport.parkNanos(LockSupport.java:215)
        at java.util.concurrent.locks.AbstractQueuedSynchronizer$ConditionObject.awaitNanos(AbstractQueuedSynchronizer.java:2078)
        at java.util.concurrent.LinkedBlockingQueue.poll(LinkedBlockingQueue.java:467)
        at org.apache.hadoop.ipc.CallQueueManager.take(CallQueueManager.java:317)
        at org.apache.hadoop.ipc.Server$Handler.run(Server.java:2932)
"BlockDeletingService#1" daemon prio=5 tid=267 in Object.wait()
java.lang.Thread.State: WAITING (on object monitor)
        at sun.misc.Unsafe.park(Native Method)
        at java.util.concurrent.locks.LockSupport.park(LockSupport.java:175)
        at java.util.concurrent.locks.AbstractQueuedSynchronizer$ConditionObject.await(AbstractQueuedSynchronizer.java:2039)
        at java.util.concurrent.ScheduledThreadPoolExecutor$DelayedWorkQueue.take(ScheduledThreadPoolExecutor.java:1088)
        at java.util.concurrent.ScheduledThreadPoolExecutor$DelayedWorkQueue.take(ScheduledThreadPoolExecutor.java:809)
        at java.util.concurrent.ThreadPoolExecutor.getTask(ThreadPoolExecutor.java:1074)
        at java.util.concurrent.ThreadPoolExecutor.runWorker(ThreadPoolExecutor.java:1134)
        at java.util.concurrent.ThreadPoolExecutor$Worker.run(ThreadPoolExecutor.java:624)
        at java.lang.Thread.run(Thread.java:750)
"IPC Server handler 4 on default port 36639" daemon prio=5 tid=56 timed_waiting
java.lang.Thread.State: TIMED_WAITING
        at sun.misc.Unsafe.park(Native Method)
        at java.util.concurrent.locks.LockSupport.parkNanos(LockSupport.java:215)
        at java.util.concurrent.locks.AbstractQueuedSynchronizer$ConditionObject.awaitNanos(AbstractQueuedSynchronizer.java:2078)
        at java.util.concurrent.LinkedBlockingQueue.poll(LinkedBlockingQueue.java:467)
        at org.apache.hadoop.ipc.CallQueueManager.take(CallQueueManager.java:317)
        at org.apache.hadoop.ipc.Server$Handler.run(Server.java:2932)
"IPC Server listener on 0" daemon prio=5 tid=43 runnable
java.lang.Thread.State: RUNNABLE
        at sun.nio.ch.EPollArrayWrapper.epollWait(Native Method)
        at sun.nio.ch.EPollArrayWrapper.poll(EPollArrayWrapper.java:269)
        at sun.nio.ch.EPollSelectorImpl.doSelect(EPollSelectorImpl.java:93)
        at sun.nio.ch.SelectorImpl.lockAndDoSelect(SelectorImpl.java:86)
        at sun.nio.ch.SelectorImpl.select(SelectorImpl.java:97)
        at sun.nio.ch.SelectorImpl.select(SelectorImpl.java:101)
        at org.apache.hadoop.ipc.Server$Listener.run(Server.java:1350)
"IPC Server handler 14 on default port 46539" daemon prio=5 tid=172 timed_waiting
java.lang.Thread.State: TIMED_WAITING
        at sun.misc.Unsafe.park(Native Method)
        at java.util.concurrent.locks.LockSupport.parkNanos(LockSupport.java:215)
        at java.util.concurrent.locks.AbstractQueuedSynchronizer$ConditionObject.awaitNanos(AbstractQueuedSynchronizer.java:2078)
        at java.util.concurrent.LinkedBlockingQueue.poll(LinkedBlockingQueue.java:467)
        at org.apache.hadoop.ipc.CallQueueManager.take(CallQueueManager.java:317)
        at org.apache.hadoop.ipc.Server$Handler.run(Server.java:2932)
"qtp2127003431-194" daemon prio=5 tid=194 timed_waiting
java.lang.Thread.State: TIMED_WAITING
        at sun.misc.Unsafe.park(Native Method)
        at java.util.concurrent.locks.LockSupport.parkNanos(LockSupport.java:215)
        at java.util.concurrent.locks.AbstractQueuedSynchronizer$ConditionObject.awaitNanos(AbstractQueuedSynchronizer.java:2078)
        at org.eclipse.jetty.util.BlockingArrayQueue.poll(BlockingArrayQueue.java:382)
        at org.eclipse.jetty.util.thread.QueuedThreadPool$Runner.idleJobPoll(QueuedThreadPool.java:974)
        at org.eclipse.jetty.util.thread.QueuedThreadPool$Runner.run(QueuedThreadPool.java:1018)
        at java.lang.Thread.run(Thread.java:750)
"IPC Server handler 13 on default port 46539" daemon prio=5 tid=171 timed_waiting
java.lang.Thread.State: TIMED_WAITING
        at sun.misc.Unsafe.park(Native Method)
        at java.util.concurrent.locks.LockSupport.parkNanos(LockSupport.java:215)
        at java.util.concurrent.locks.AbstractQueuedSynchronizer$ConditionObject.awaitNanos(AbstractQueuedSynchronizer.java:2078)
        at java.util.concurrent.LinkedBlockingQueue.poll(LinkedBlockingQueue.java:467)
        at org.apache.hadoop.ipc.CallQueueManager.take(CallQueueManager.java:317)
        at org.apache.hadoop.ipc.Server$Handler.run(Server.java:2932)
"org.apache.hadoop.util.JvmPauseMonitor$Monitor@2175d53f" daemon prio=5 tid=93 timed_waiting
java.lang.Thread.State: TIMED_WAITING
        at java.lang.Thread.sleep(Native Method)
        at org.apache.hadoop.util.JvmPauseMonitor$Monitor.run(JvmPauseMonitor.java:192)
        at java.lang.Thread.run(Thread.java:750)
"0075b94f-442f-431b-bbbf-ccc5d4b175df@group-C66A738FB9BB-LeaderStateImpl" daemon prio=5 tid=367 timed_waiting
java.lang.Thread.State: TIMED_WAITING
        at sun.misc.Unsafe.park(Native Method)
        at java.util.concurrent.locks.LockSupport.parkNanos(LockSupport.java:215)
        at java.util.concurrent.locks.AbstractQueuedSynchronizer$ConditionObject.awaitNanos(AbstractQueuedSynchronizer.java:2078)
        at java.util.concurrent.ArrayBlockingQueue.poll(ArrayBlockingQueue.java:418)
        at org.apache.ratis.server.impl.LeaderStateImpl$EventQueue.poll(LeaderStateImpl.java:156)
        at org.apache.ratis.server.impl.LeaderStateImpl$EventProcessor.run(LeaderStateImpl.java:600)
"grpc-default-worker-ELG-5-1" daemon prio=5 tid=305 runnable
java.lang.Thread.State: RUNNABLE
        at org.apache.ratis.thirdparty.io.netty.channel.epoll.Native.epollWait(Native Method)
        at org.apache.ratis.thirdparty.io.netty.channel.epoll.Native.epollWait(Native.java:177)
        at org.apache.ratis.thirdparty.io.netty.channel.epoll.Native.epollWait(Native.java:170)
        at org.apache.ratis.thirdparty.io.netty.channel.epoll.EpollEventLoop.epollWaitNoTimerChange(EpollEventLoop.java:290)
        at org.apache.ratis.thirdparty.io.netty.channel.epoll.EpollEventLoop.run(EpollEventLoop.java:347)
        at org.apache.ratis.thirdparty.io.netty.util.concurrent.SingleThreadEventExecutor$4.run(SingleThreadEventExecutor.java:989)
        at org.apache.ratis.thirdparty.io.netty.util.internal.ThreadExecutorMap$2.run(ThreadExecutorMap.java:74)
        at org.apache.ratis.thirdparty.io.netty.util.concurrent.FastThreadLocalRunnable.run(FastThreadLocalRunnable.java:30)
        at java.lang.Thread.run(Thread.java:750)
"BlockDeletingService#1" daemon prio=5 tid=287 in Object.wait()
java.lang.Thread.State: WAITING (on object monitor)
        at sun.misc.Unsafe.park(Native Method)
        at java.util.concurrent.locks.LockSupport.park(LockSupport.java:175)
        at java.util.concurrent.locks.AbstractQueuedSynchronizer$ConditionObject.await(AbstractQueuedSynchronizer.java:2039)
        at java.util.concurrent.ScheduledThreadPoolExecutor$DelayedWorkQueue.take(ScheduledThreadPoolExecutor.java:1088)
        at java.util.concurrent.ScheduledThreadPoolExecutor$DelayedWorkQueue.take(ScheduledThreadPoolExecutor.java:809)
        at java.util.concurrent.ThreadPoolExecutor.getTask(ThreadPoolExecutor.java:1074)
        at java.util.concurrent.ThreadPoolExecutor.runWorker(ThreadPoolExecutor.java:1134)
        at java.util.concurrent.ThreadPoolExecutor$Worker.run(ThreadPoolExecutor.java:624)
        at java.lang.Thread.run(Thread.java:750)
"IPC Server idle connection scanner for port 46539" daemon prio=5 tid=140 timed_waiting
java.lang.Thread.State: TIMED_WAITING
        at java.lang.Object.wait(Native Method)
        at java.util.TimerThread.mainLoop(Timer.java:552)
        at java.util.TimerThread.run(Timer.java:505)
"IPC Server handler 0 on default port 46539" daemon prio=5 tid=158 timed_waiting
java.lang.Thread.State: TIMED_WAITING
        at sun.misc.Unsafe.park(Native Method)
        at java.util.concurrent.locks.LockSupport.parkNanos(LockSupport.java:215)
        at java.util.concurrent.locks.AbstractQueuedSynchronizer$ConditionObject.awaitNanos(AbstractQueuedSynchronizer.java:2078)
        at java.util.concurrent.LinkedBlockingQueue.poll(LinkedBlockingQueue.java:467)
        at org.apache.hadoop.ipc.CallQueueManager.take(CallQueueManager.java:317)
        at org.apache.hadoop.ipc.Server$Handler.run(Server.java:2932)
"IPC Server handler 6 on default port 46789" daemon prio=5 tid=78 timed_waiting
java.lang.Thread.State: TIMED_WAITING
        at sun.misc.Unsafe.park(Native Method)
        at java.util.concurrent.locks.LockSupport.parkNanos(LockSupport.java:215)
        at java.util.concurrent.locks.AbstractQueuedSynchronizer$ConditionObject.awaitNanos(AbstractQueuedSynchronizer.java:2078)
        at java.util.concurrent.LinkedBlockingQueue.poll(LinkedBlockingQueue.java:467)
        at org.apache.hadoop.ipc.CallQueueManager.take(CallQueueManager.java:317)
        at org.apache.hadoop.ipc.Server$Handler.run(Server.java:2932)
"0075b94f-442f-431b-bbbf-ccc5d4b175df@group-583A2E79CAB2-LeaderStateImpl" daemon prio=5 tid=353 timed_waiting
java.lang.Thread.State: TIMED_WAITING
        at sun.misc.Unsafe.park(Native Method)
        at java.util.concurrent.locks.LockSupport.parkNanos(LockSupport.java:215)
        at java.util.concurrent.locks.AbstractQueuedSynchronizer$ConditionObject.awaitNanos(AbstractQueuedSynchronizer.java:2078)
        at java.util.concurrent.ArrayBlockingQueue.poll(ArrayBlockingQueue.java:418)
        at org.apache.ratis.server.impl.LeaderStateImpl$EventQueue.poll(LeaderStateImpl.java:156)
        at org.apache.ratis.server.impl.LeaderStateImpl$EventProcessor.run(LeaderStateImpl.java:600)
"IPC Server Responder" daemon prio=5 tid=42 runnable
java.lang.Thread.State: RUNNABLE
        at sun.nio.ch.EPollArrayWrapper.epollWait(Native Method)
        at sun.nio.ch.EPollArrayWrapper.poll(EPollArrayWrapper.java:269)
        at sun.nio.ch.EPollSelectorImpl.doSelect(EPollSelectorImpl.java:93)
        at sun.nio.ch.SelectorImpl.lockAndDoSelect(SelectorImpl.java:86)
        at sun.nio.ch.SelectorImpl.select(SelectorImpl.java:97)
        at org.apache.hadoop.ipc.Server$Responder.doRunLoop(Server.java:1527)
        at org.apache.hadoop.ipc.Server$Responder.run(Server.java:1510)
"IPC Server Responder" daemon prio=5 tid=46 runnable
java.lang.Thread.State: RUNNABLE
        at sun.nio.ch.EPollArrayWrapper.epollWait(Native Method)
        at sun.nio.ch.EPollArrayWrapper.poll(EPollArrayWrapper.java:269)
        at sun.nio.ch.EPollSelectorImpl.doSelect(EPollSelectorImpl.java:93)
        at sun.nio.ch.SelectorImpl.lockAndDoSelect(SelectorImpl.java:86)
        at sun.nio.ch.SelectorImpl.select(SelectorImpl.java:97)
        at org.apache.hadoop.ipc.Server$Responder.doRunLoop(Server.java:1527)
        at org.apache.hadoop.ipc.Server$Responder.run(Server.java:1510)
"Datanode ReportManager Thread - 1" daemon prio=5 tid=223 in Object.wait()
java.lang.Thread.State: WAITING (on object monitor)
        at sun.misc.Unsafe.park(Native Method)
        at java.util.concurrent.locks.LockSupport.park(LockSupport.java:175)
        at java.util.concurrent.locks.AbstractQueuedSynchronizer$ConditionObject.await(AbstractQueuedSynchronizer.java:2039)
        at java.util.concurrent.ScheduledThreadPoolExecutor$DelayedWorkQueue.take(ScheduledThreadPoolExecutor.java:1088)
        at java.util.concurrent.ScheduledThreadPoolExecutor$DelayedWorkQueue.take(ScheduledThreadPoolExecutor.java:809)
        at java.util.concurrent.ThreadPoolExecutor.getTask(ThreadPoolExecutor.java:1074)
        at java.util.concurrent.ThreadPoolExecutor.runWorker(ThreadPoolExecutor.java:1134)
        at java.util.concurrent.ThreadPoolExecutor$Worker.run(ThreadPoolExecutor.java:624)
        at java.lang.Thread.run(Thread.java:750)
"BlockDeletingService#0" daemon prio=5 tid=266 timed_waiting
java.lang.Thread.State: TIMED_WAITING
        at sun.misc.Unsafe.park(Native Method)
        at java.util.concurrent.locks.LockSupport.parkNanos(LockSupport.java:215)
        at java.util.concurrent.locks.AbstractQueuedSynchronizer$ConditionObject.awaitNanos(AbstractQueuedSynchronizer.java:2078)
        at java.util.concurrent.ScheduledThreadPoolExecutor$DelayedWorkQueue.take(ScheduledThreadPoolExecutor.java:1093)
        at java.util.concurrent.ScheduledThreadPoolExecutor$DelayedWorkQueue.take(ScheduledThreadPoolExecutor.java:809)
        at java.util.concurrent.ThreadPoolExecutor.getTask(ThreadPoolExecutor.java:1074)
        at java.util.concurrent.ThreadPoolExecutor.runWorker(ThreadPoolExecutor.java:1134)
        at java.util.concurrent.ThreadPoolExecutor$Worker.run(ThreadPoolExecutor.java:624)
        at java.lang.Thread.run(Thread.java:750)
"om1@group-C5BA1605619E-LeaderStateImpl" daemon prio=5 tid=256 timed_waiting
java.lang.Thread.State: TIMED_WAITING
        at sun.misc.Unsafe.park(Native Method)
        at java.util.concurrent.locks.LockSupport.parkNanos(LockSupport.java:215)
        at java.util.concurrent.locks.AbstractQueuedSynchronizer$ConditionObject.awaitNanos(AbstractQueuedSynchronizer.java:2078)
        at java.util.concurrent.ArrayBlockingQueue.poll(ArrayBlockingQueue.java:418)
        at org.apache.ratis.server.impl.LeaderStateImpl$EventQueue.poll(LeaderStateImpl.java:156)
        at org.apache.ratis.server.impl.LeaderStateImpl$EventProcessor.run(LeaderStateImpl.java:600)
"qtp465649687-151" daemon prio=5 tid=151 timed_waiting
java.lang.Thread.State: TIMED_WAITING
        at sun.misc.Unsafe.park(Native Method)
        at java.util.concurrent.locks.LockSupport.parkNanos(LockSupport.java:215)
        at java.util.concurrent.locks.AbstractQueuedSynchronizer$ConditionObject.awaitNanos(AbstractQueuedSynchronizer.java:2078)
        at org.eclipse.jetty.util.BlockingArrayQueue.poll(BlockingArrayQueue.java:382)
        at org.eclipse.jetty.util.thread.QueuedThreadPool$Runner.idleJobPoll(QueuedThreadPool.java:974)
        at org.eclipse.jetty.util.thread.QueuedThreadPool$Runner.run(QueuedThreadPool.java:1018)
        at java.lang.Thread.run(Thread.java:750)
"IPC Server handler 17 on default port 46789" daemon prio=5 tid=89 timed_waiting
java.lang.Thread.State: TIMED_WAITING
        at sun.misc.Unsafe.park(Native Method)
        at java.util.concurrent.locks.LockSupport.parkNanos(LockSupport.java:215)
        at java.util.concurrent.locks.AbstractQueuedSynchronizer$ConditionObject.awaitNanos(AbstractQueuedSynchronizer.java:2078)
        at java.util.concurrent.LinkedBlockingQueue.poll(LinkedBlockingQueue.java:467)
        at org.apache.hadoop.ipc.CallQueueManager.take(CallQueueManager.java:317)
        at org.apache.hadoop.ipc.Server$Handler.run(Server.java:2932)
"qtp627622993-216" daemon prio=5 tid=216 timed_waiting
java.lang.Thread.State: TIMED_WAITING
        at sun.misc.Unsafe.park(Native Method)
        at java.util.concurrent.locks.LockSupport.parkNanos(LockSupport.java:215)
        at java.util.concurrent.locks.AbstractQueuedSynchronizer$ConditionObject.awaitNanos(AbstractQueuedSynchronizer.java:2078)
        at org.eclipse.jetty.util.BlockingArrayQueue.poll(BlockingArrayQueue.java:382)
        at org.eclipse.jetty.util.thread.QueuedThreadPool$Runner.idleJobPoll(QueuedThreadPool.java:974)
        at org.eclipse.jetty.util.thread.QueuedThreadPool$Runner.run(QueuedThreadPool.java:1018)
        at java.lang.Thread.run(Thread.java:750)
"IPC Server handler 10 on default port 46539" daemon prio=5 tid=168 timed_waiting
java.lang.Thread.State: TIMED_WAITING
        at sun.misc.Unsafe.park(Native Method)
        at java.util.concurrent.locks.LockSupport.parkNanos(LockSupport.java:215)
        at java.util.concurrent.locks.AbstractQueuedSynchronizer$ConditionObject.awaitNanos(AbstractQueuedSynchronizer.java:2078)
        at java.util.concurrent.LinkedBlockingQueue.poll(LinkedBlockingQueue.java:467)
        at org.apache.hadoop.ipc.CallQueueManager.take(CallQueueManager.java:317)
        at org.apache.hadoop.ipc.Server$Handler.run(Server.java:2932)
"IPC Server handler 3 on default port 46539" daemon prio=5 tid=161 timed_waiting
java.lang.Thread.State: TIMED_WAITING
        at sun.misc.Unsafe.park(Native Method)
        at java.util.concurrent.locks.LockSupport.parkNanos(LockSupport.java:215)
        at java.util.concurrent.locks.AbstractQueuedSynchronizer$ConditionObject.awaitNanos(AbstractQueuedSynchronizer.java:2078)
        at java.util.concurrent.LinkedBlockingQueue.poll(LinkedBlockingQueue.java:467)
        at org.apache.hadoop.ipc.CallQueueManager.take(CallQueueManager.java:317)
        at org.apache.hadoop.ipc.Server$Handler.run(Server.java:2932)
"Periodic HDDS volume checker" daemon prio=5 tid=206 timed_waiting
java.lang.Thread.State: TIMED_WAITING
        at sun.misc.Unsafe.park(Native Method)
        at java.util.concurrent.locks.LockSupport.parkNanos(LockSupport.java:215)
        at java.util.concurrent.locks.AbstractQueuedSynchronizer$ConditionObject.awaitNanos(AbstractQueuedSynchronizer.java:2078)
        at java.util.concurrent.ScheduledThreadPoolExecutor$DelayedWorkQueue.take(ScheduledThreadPoolExecutor.java:1093)
        at java.util.concurrent.ScheduledThreadPoolExecutor$DelayedWorkQueue.take(ScheduledThreadPoolExecutor.java:809)
        at java.util.concurrent.ThreadPoolExecutor.getTask(ThreadPoolExecutor.java:1074)
        at java.util.concurrent.ThreadPoolExecutor.runWorker(ThreadPoolExecutor.java:1134)
        at java.util.concurrent.ThreadPoolExecutor$Worker.run(ThreadPoolExecutor.java:624)
        at java.lang.Thread.run(Thread.java:750)
"DirectoryDeletingService#0" daemon prio=5 tid=147 timed_waiting
java.lang.Thread.State: TIMED_WAITING
        at sun.misc.Unsafe.park(Native Method)
        at java.util.concurrent.locks.LockSupport.parkNanos(LockSupport.java:215)
        at java.util.concurrent.locks.AbstractQueuedSynchronizer$ConditionObject.awaitNanos(AbstractQueuedSynchronizer.java:2078)
        at java.util.concurrent.ScheduledThreadPoolExecutor$DelayedWorkQueue.take(ScheduledThreadPoolExecutor.java:1093)
        at java.util.concurrent.ScheduledThreadPoolExecutor$DelayedWorkQueue.take(ScheduledThreadPoolExecutor.java:809)
        at java.util.concurrent.ThreadPoolExecutor.getTask(ThreadPoolExecutor.java:1074)
        at java.util.concurrent.ThreadPoolExecutor.runWorker(ThreadPoolExecutor.java:1134)
        at java.util.concurrent.ThreadPoolExecutor$Worker.run(ThreadPoolExecutor.java:624)
        at java.lang.Thread.run(Thread.java:750)
"org.apache.ratis.util.JvmPauseMonitor$$Lambda$525/1580874189@21ec2663" daemon prio=5 tid=274 timed_waiting
java.lang.Thread.State: TIMED_WAITING
        at java.lang.Thread.sleep(Native Method)
        at java.lang.Thread.sleep(Thread.java:342)
        at java.util.concurrent.TimeUnit.sleep(TimeUnit.java:386)
        at org.apache.ratis.util.TimeDuration.sleep(TimeDuration.java:324)
        at org.apache.ratis.util.TimeDuration.sleep(TimeDuration.java:309)
        at org.apache.ratis.util.JvmPauseMonitor.detectPause(JvmPauseMonitor.java:117)
        at org.apache.ratis.util.JvmPauseMonitor.run(JvmPauseMonitor.java:106)
        at org.apache.ratis.util.JvmPauseMonitor$$Lambda$525/1580874189.run(Unknown Source)
        at java.lang.Thread.run(Thread.java:750)
"SCM Heartbeat Processing Thread - 0" daemon prio=5 tid=30 timed_waiting
java.lang.Thread.State: TIMED_WAITING
        at sun.misc.Unsafe.park(Native Method)
        at java.util.concurrent.locks.LockSupport.parkNanos(LockSupport.java:215)
        at java.util.concurrent.locks.AbstractQueuedSynchronizer$ConditionObject.awaitNanos(AbstractQueuedSynchronizer.java:2078)
        at java.util.concurrent.ScheduledThreadPoolExecutor$DelayedWorkQueue.take(ScheduledThreadPoolExecutor.java:1093)
        at java.util.concurrent.ScheduledThreadPoolExecutor$DelayedWorkQueue.take(ScheduledThreadPoolExecutor.java:809)
        at java.util.concurrent.ThreadPoolExecutor.getTask(ThreadPoolExecutor.java:1074)
        at java.util.concurrent.ThreadPoolExecutor.runWorker(ThreadPoolExecutor.java:1134)
        at java.util.concurrent.ThreadPoolExecutor$Worker.run(ThreadPoolExecutor.java:624)
        at java.lang.Thread.run(Thread.java:750)
"c2558997-1fb9-4616-86fd-ed065cf63d6b@group-C66A738FB9BB-FollowerState" daemon prio=5 tid=366 timed_waiting
java.lang.Thread.State: TIMED_WAITING
        at java.lang.Thread.sleep(Native Method)
        at java.lang.Thread.sleep(Thread.java:342)
        at java.util.concurrent.TimeUnit.sleep(TimeUnit.java:386)
        at org.apache.ratis.util.TimeDuration.sleep(TimeDuration.java:324)
        at org.apache.ratis.util.TimeDuration.sleep(TimeDuration.java:309)
        at org.apache.ratis.server.impl.FollowerState.run(FollowerState.java:118)
"qtp2127003431-191" daemon prio=5 tid=191 timed_waiting
java.lang.Thread.State: TIMED_WAITING
        at sun.misc.Unsafe.park(Native Method)
        at java.util.concurrent.locks.LockSupport.parkNanos(LockSupport.java:215)
        at java.util.concurrent.locks.AbstractQueuedSynchronizer$ConditionObject.awaitNanos(AbstractQueuedSynchronizer.java:2078)
        at org.eclipse.jetty.util.BlockingArrayQueue.poll(BlockingArrayQueue.java:382)
        at org.eclipse.jetty.util.thread.QueuedThreadPool$Runner.idleJobPoll(QueuedThreadPool.java:974)
        at org.eclipse.jetty.util.thread.QueuedThreadPool$Runner.run(QueuedThreadPool.java:1018)
        at java.lang.Thread.run(Thread.java:750)
"IPC Server handler 11 on default port 46539" daemon prio=5 tid=169 timed_waiting
java.lang.Thread.State: TIMED_WAITING
        at sun.misc.Unsafe.park(Native Method)
        at java.util.concurrent.locks.LockSupport.parkNanos(LockSupport.java:215)
        at java.util.concurrent.locks.AbstractQueuedSynchronizer$ConditionObject.awaitNanos(AbstractQueuedSynchronizer.java:2078)
        at java.util.concurrent.LinkedBlockingQueue.poll(LinkedBlockingQueue.java:467)
        at org.apache.hadoop.ipc.CallQueueManager.take(CallQueueManager.java:317)
        at org.apache.hadoop.ipc.Server$Handler.run(Server.java:2932)
"e8524086-66f7-4ba2-b4e3-52afd3370864@group-1A13288E1580-SegmentedRaftLogWorker"  prio=5 tid=298 timed_waiting
java.lang.Thread.State: TIMED_WAITING
        at sun.misc.Unsafe.park(Native Method)
        at java.util.concurrent.locks.LockSupport.parkNanos(LockSupport.java:215)
        at java.util.concurrent.locks.AbstractQueuedSynchronizer$ConditionObject.awaitNanos(AbstractQueuedSynchronizer.java:2078)
        at org.apache.ratis.util.DataBlockingQueue.poll(DataBlockingQueue.java:137)
        at org.apache.ratis.server.raftlog.segmented.SegmentedRaftLogWorker.run(SegmentedRaftLogWorker.java:292)
        at org.apache.ratis.server.raftlog.segmented.SegmentedRaftLogWorker$$Lambda$461/1011491712.run(Unknown Source)
        at java.lang.Thread.run(Thread.java:750)
"EndpointStateMachine task thread for /0.0.0.0:44115 - 0 "  prio=5 tid=269 in Object.wait()
java.lang.Thread.State: WAITING (on object monitor)
        at sun.misc.Unsafe.park(Native Method)
        at java.util.concurrent.locks.LockSupport.park(LockSupport.java:175)
        at java.util.concurrent.locks.AbstractQueuedSynchronizer$ConditionObject.await(AbstractQueuedSynchronizer.java:2039)
        at java.util.concurrent.LinkedBlockingQueue.take(LinkedBlockingQueue.java:442)
        at java.util.concurrent.ThreadPoolExecutor.getTask(ThreadPoolExecutor.java:1074)
        at java.util.concurrent.ThreadPoolExecutor.runWorker(ThreadPoolExecutor.java:1134)
        at java.util.concurrent.ThreadPoolExecutor$Worker.run(ThreadPoolExecutor.java:624)
        at java.lang.Thread.run(Thread.java:750)
"grpc-default-executor-1" daemon prio=5 tid=315 timed_waiting
java.lang.Thread.State: TIMED_WAITING
        at sun.misc.Unsafe.park(Native Method)
        at java.util.concurrent.locks.LockSupport.parkNanos(LockSupport.java:215)
        at java.util.concurrent.SynchronousQueue$TransferStack.awaitFulfill(SynchronousQueue.java:460)
        at java.util.concurrent.SynchronousQueue$TransferStack.transfer(SynchronousQueue.java:362)
        at java.util.concurrent.SynchronousQueue.poll(SynchronousQueue.java:941)
        at java.util.concurrent.ThreadPoolExecutor.getTask(ThreadPoolExecutor.java:1073)
        at java.util.concurrent.ThreadPoolExecutor.runWorker(ThreadPoolExecutor.java:1134)
        at java.util.concurrent.ThreadPoolExecutor$Worker.run(ThreadPoolExecutor.java:624)
        at java.lang.Thread.run(Thread.java:750)
"BlockDeletingService#3" daemon prio=5 tid=574 in Object.wait()
java.lang.Thread.State: WAITING (on object monitor)
        at sun.misc.Unsafe.park(Native Method)
        at java.util.concurrent.locks.LockSupport.park(LockSupport.java:175)
        at java.util.concurrent.locks.AbstractQueuedSynchronizer$ConditionObject.await(AbstractQueuedSynchronizer.java:2039)
        at java.util.concurrent.ScheduledThreadPoolExecutor$DelayedWorkQueue.take(ScheduledThreadPoolExecutor.java:1088)
        at java.util.concurrent.ScheduledThreadPoolExecutor$DelayedWorkQueue.take(ScheduledThreadPoolExecutor.java:809)
        at java.util.concurrent.ThreadPoolExecutor.getTask(ThreadPoolExecutor.java:1074)
        at java.util.concurrent.ThreadPoolExecutor.runWorker(ThreadPoolExecutor.java:1134)
        at java.util.concurrent.ThreadPoolExecutor$Worker.run(ThreadPoolExecutor.java:624)
        at java.lang.Thread.run(Thread.java:750)
"IPC Server handler 2 on default port 46789" daemon prio=5 tid=74 timed_waiting
java.lang.Thread.State: TIMED_WAITING
        at sun.misc.Unsafe.park(Native Method)
        at java.util.concurrent.locks.LockSupport.parkNanos(LockSupport.java:215)
        at java.util.concurrent.locks.AbstractQueuedSynchronizer$ConditionObject.awaitNanos(AbstractQueuedSynchronizer.java:2078)
        at java.util.concurrent.LinkedBlockingQueue.poll(LinkedBlockingQueue.java:467)
        at org.apache.hadoop.ipc.CallQueueManager.take(CallQueueManager.java:317)
        at org.apache.hadoop.ipc.Server$Handler.run(Server.java:2932)
"BlockDeletingService#2" daemon prio=5 tid=476 in Object.wait()
java.lang.Thread.State: WAITING (on object monitor)
        at sun.misc.Unsafe.park(Native Method)
        at java.util.concurrent.locks.LockSupport.park(LockSupport.java:175)
        at java.util.concurrent.locks.AbstractQueuedSynchronizer$ConditionObject.await(AbstractQueuedSynchronizer.java:2039)
        at java.util.concurrent.ScheduledThreadPoolExecutor$DelayedWorkQueue.take(ScheduledThreadPoolExecutor.java:1088)
        at java.util.concurrent.ScheduledThreadPoolExecutor$DelayedWorkQueue.take(ScheduledThreadPoolExecutor.java:809)
        at java.util.concurrent.ThreadPoolExecutor.getTask(ThreadPoolExecutor.java:1074)
        at java.util.concurrent.ThreadPoolExecutor.runWorker(ThreadPoolExecutor.java:1134)
        at java.util.concurrent.ThreadPoolExecutor$Worker.run(ThreadPoolExecutor.java:624)
        at java.lang.Thread.run(Thread.java:750)
"IPC Server handler 14 on default port 44115" daemon prio=5 tid=125 timed_waiting
java.lang.Thread.State: TIMED_WAITING
        at sun.misc.Unsafe.park(Native Method)
        at java.util.concurrent.locks.LockSupport.parkNanos(LockSupport.java:215)
        at java.util.concurrent.locks.AbstractQueuedSynchronizer$ConditionObject.awaitNanos(AbstractQueuedSynchronizer.java:2078)
        at java.util.concurrent.LinkedBlockingQueue.poll(LinkedBlockingQueue.java:467)
        at org.apache.hadoop.ipc.CallQueueManager.take(CallQueueManager.java:317)
        at org.apache.hadoop.ipc.Server$Handler.run(Server.java:2932)
"IPC Server handler 0 on default port 44115" daemon prio=5 tid=111 timed_waiting
java.lang.Thread.State: TIMED_WAITING
        at sun.misc.Unsafe.park(Native Method)
        at java.util.concurrent.locks.LockSupport.parkNanos(LockSupport.java:215)
        at java.util.concurrent.locks.AbstractQueuedSynchronizer$ConditionObject.awaitNanos(AbstractQueuedSynchronizer.java:2078)
        at java.util.concurrent.LinkedBlockingQueue.poll(LinkedBlockingQueue.java:467)
        at org.apache.hadoop.ipc.CallQueueManager.take(CallQueueManager.java:317)
        at org.apache.hadoop.ipc.Server$Handler.run(Server.java:2932)
"DatanodeAdminManager-0" daemon prio=5 tid=33 timed_waiting
java.lang.Thread.State: TIMED_WAITING
        at sun.misc.Unsafe.park(Native Method)
        at java.util.concurrent.locks.LockSupport.parkNanos(LockSupport.java:215)
        at java.util.concurrent.locks.AbstractQueuedSynchronizer$ConditionObject.awaitNanos(AbstractQueuedSynchronizer.java:2078)
        at java.util.concurrent.ScheduledThreadPoolExecutor$DelayedWorkQueue.take(ScheduledThreadPoolExecutor.java:1093)
        at java.util.concurrent.ScheduledThreadPoolExecutor$DelayedWorkQueue.take(ScheduledThreadPoolExecutor.java:809)
        at java.util.concurrent.ThreadPoolExecutor.getTask(ThreadPoolExecutor.java:1074)
        at java.util.concurrent.ThreadPoolExecutor.runWorker(ThreadPoolExecutor.java:1134)
        at java.util.concurrent.ThreadPoolExecutor$Worker.run(ThreadPoolExecutor.java:624)
        at java.lang.Thread.run(Thread.java:750)
"Session-HouseKeeper-4acd0c3e-1"  prio=5 tid=220 timed_waiting
java.lang.Thread.State: TIMED_WAITING
        at sun.misc.Unsafe.park(Native Method)
        at java.util.concurrent.locks.LockSupport.parkNanos(LockSupport.java:215)
        at java.util.concurrent.locks.AbstractQueuedSynchronizer$ConditionObject.awaitNanos(AbstractQueuedSynchronizer.java:2078)
        at java.util.concurrent.ScheduledThreadPoolExecutor$DelayedWorkQueue.take(ScheduledThreadPoolExecutor.java:1093)
        at java.util.concurrent.ScheduledThreadPoolExecutor$DelayedWorkQueue.take(ScheduledThreadPoolExecutor.java:809)
        at java.util.concurrent.ThreadPoolExecutor.getTask(ThreadPoolExecutor.java:1074)
        at java.util.concurrent.ThreadPoolExecutor.runWorker(ThreadPoolExecutor.java:1134)
        at java.util.concurrent.ThreadPoolExecutor$Worker.run(ThreadPoolExecutor.java:624)
        at java.lang.Thread.run(Thread.java:750)
"IPC Server handler 12 on default port 46789" daemon prio=5 tid=84 timed_waiting
java.lang.Thread.State: TIMED_WAITING
        at sun.misc.Unsafe.park(Native Method)
        at java.util.concurrent.locks.LockSupport.parkNanos(LockSupport.java:215)
        at java.util.concurrent.locks.AbstractQueuedSynchronizer$ConditionObject.awaitNanos(AbstractQueuedSynchronizer.java:2078)
        at java.util.concurrent.LinkedBlockingQueue.poll(LinkedBlockingQueue.java:467)
        at org.apache.hadoop.ipc.CallQueueManager.take(CallQueueManager.java:317)
        at org.apache.hadoop.ipc.Server$Handler.run(Server.java:2932)
"pool-107-thread-1" daemon prio=5 tid=233 timed_waiting
java.lang.Thread.State: TIMED_WAITING
        at sun.misc.Unsafe.park(Native Method)
        at java.util.concurrent.locks.LockSupport.parkNanos(LockSupport.java:215)
        at java.util.concurrent.locks.AbstractQueuedSynchronizer$ConditionObject.awaitNanos(AbstractQueuedSynchronizer.java:2078)
        at java.util.concurrent.ScheduledThreadPoolExecutor$DelayedWorkQueue.take(ScheduledThreadPoolExecutor.java:1093)
        at java.util.concurrent.ScheduledThreadPoolExecutor$DelayedWorkQueue.take(ScheduledThreadPoolExecutor.java:809)
        at java.util.concurrent.ThreadPoolExecutor.getTask(ThreadPoolExecutor.java:1074)
        at java.util.concurrent.ThreadPoolExecutor.runWorker(ThreadPoolExecutor.java:1134)
        at java.util.concurrent.ThreadPoolExecutor$Worker.run(ThreadPoolExecutor.java:624)
        at java.lang.Thread.run(Thread.java:750)
"Datanode State Machine Task Thread - 1"  prio=5 tid=268 in Object.wait()
java.lang.Thread.State: WAITING (on object monitor)
        at sun.misc.Unsafe.park(Native Method)
        at java.util.concurrent.locks.LockSupport.park(LockSupport.java:175)
        at java.util.concurrent.locks.AbstractQueuedSynchronizer$ConditionObject.await(AbstractQueuedSynchronizer.java:2039)
        at java.util.concurrent.LinkedBlockingQueue.take(LinkedBlockingQueue.java:442)
        at java.util.concurrent.ThreadPoolExecutor.getTask(ThreadPoolExecutor.java:1074)
        at java.util.concurrent.ThreadPoolExecutor.runWorker(ThreadPoolExecutor.java:1134)
        at java.util.concurrent.ThreadPoolExecutor$Worker.run(ThreadPoolExecutor.java:624)
        at java.lang.Thread.run(Thread.java:750)
"Datanode ReportManager Thread - 2" daemon prio=5 tid=249 in Object.wait()
java.lang.Thread.State: WAITING (on object monitor)
        at sun.misc.Unsafe.park(Native Method)
        at java.util.concurrent.locks.LockSupport.park(LockSupport.java:175)
        at java.util.concurrent.locks.AbstractQueuedSynchronizer$ConditionObject.await(AbstractQueuedSynchronizer.java:2039)
        at java.util.concurrent.ScheduledThreadPoolExecutor$DelayedWorkQueue.take(ScheduledThreadPoolExecutor.java:1088)
        at java.util.concurrent.ScheduledThreadPoolExecutor$DelayedWorkQueue.take(ScheduledThreadPoolExecutor.java:809)
        at java.util.concurrent.ThreadPoolExecutor.getTask(ThreadPoolExecutor.java:1074)
        at java.util.concurrent.ThreadPoolExecutor.runWorker(ThreadPoolExecutor.java:1134)
        at java.util.concurrent.ThreadPoolExecutor$Worker.run(ThreadPoolExecutor.java:624)
        at java.lang.Thread.run(Thread.java:750)
"IPC Server handler 13 on default port 46789" daemon prio=5 tid=85 timed_waiting
java.lang.Thread.State: TIMED_WAITING
        at sun.misc.Unsafe.park(Native Method)
        at java.util.concurrent.locks.LockSupport.parkNanos(LockSupport.java:215)
        at java.util.concurrent.locks.AbstractQueuedSynchronizer$ConditionObject.awaitNanos(AbstractQueuedSynchronizer.java:2078)
        at java.util.concurrent.LinkedBlockingQueue.poll(LinkedBlockingQueue.java:467)
        at org.apache.hadoop.ipc.CallQueueManager.take(CallQueueManager.java:317)
        at org.apache.hadoop.ipc.Server$Handler.run(Server.java:2932)
"org.apache.hadoop.util.JvmPauseMonitor$Monitor@2faf449e" daemon prio=5 tid=253 timed_waiting
java.lang.Thread.State: TIMED_WAITING
        at java.lang.Thread.sleep(Native Method)
        at org.apache.hadoop.util.JvmPauseMonitor$Monitor.run(JvmPauseMonitor.java:192)
        at java.lang.Thread.run(Thread.java:750)
"org.apache.hadoop.ozone.container.common.statemachine.commandhandler.DeleteBlocksCommandHandler$DeleteCmdWorker@14919b5c" daemon prio=5 tid=210 timed_waiting
java.lang.Thread.State: TIMED_WAITING
        at java.lang.Thread.sleep(Native Method)
        at org.apache.hadoop.ozone.container.common.statemachine.commandhandler.DeleteBlocksCommandHandler$DeleteCmdWorker.run(DeleteBlocksCommandHandler.java:186)
        at java.lang.Thread.run(Thread.java:750)
"ChunkWriter-2-0" daemon prio=5 tid=262 in Object.wait()
java.lang.Thread.State: WAITING (on object monitor)
        at sun.misc.Unsafe.park(Native Method)
        at java.util.concurrent.locks.LockSupport.park(LockSupport.java:175)
        at java.util.concurrent.locks.AbstractQueuedSynchronizer$ConditionObject.await(AbstractQueuedSynchronizer.java:2039)
        at java.util.concurrent.LinkedBlockingDeque.takeFirst(LinkedBlockingDeque.java:492)
        at java.util.concurrent.LinkedBlockingDeque.take(LinkedBlockingDeque.java:680)
        at java.util.concurrent.ThreadPoolExecutor.getTask(ThreadPoolExecutor.java:1074)
        at java.util.concurrent.ThreadPoolExecutor.runWorker(ThreadPoolExecutor.java:1134)
        at java.util.concurrent.ThreadPoolExecutor$Worker.run(ThreadPoolExecutor.java:624)
        at java.lang.Thread.run(Thread.java:750)
"IPC Server handler 16 on default port 36639" daemon prio=5 tid=68 timed_waiting
java.lang.Thread.State: TIMED_WAITING
        at sun.misc.Unsafe.park(Native Method)
        at java.util.concurrent.locks.LockSupport.parkNanos(LockSupport.java:215)
        at java.util.concurrent.locks.AbstractQueuedSynchronizer$ConditionObject.awaitNanos(AbstractQueuedSynchronizer.java:2078)
        at java.util.concurrent.LinkedBlockingQueue.poll(LinkedBlockingQueue.java:467)
        at org.apache.hadoop.ipc.CallQueueManager.take(CallQueueManager.java:317)
        at org.apache.hadoop.ipc.Server$Handler.run(Server.java:2932)
"Session-HouseKeeper-168229e3-1"  prio=5 tid=245 timed_waiting
java.lang.Thread.State: TIMED_WAITING
        at sun.misc.Unsafe.park(Native Method)
        at java.util.concurrent.locks.LockSupport.parkNanos(LockSupport.java:215)
        at java.util.concurrent.locks.AbstractQueuedSynchronizer$ConditionObject.awaitNanos(AbstractQueuedSynchronizer.java:2078)
        at java.util.concurrent.ScheduledThreadPoolExecutor$DelayedWorkQueue.take(ScheduledThreadPoolExecutor.java:1093)
        at java.util.concurrent.ScheduledThreadPoolExecutor$DelayedWorkQueue.take(ScheduledThreadPoolExecutor.java:809)
        at java.util.concurrent.ThreadPoolExecutor.getTask(ThreadPoolExecutor.java:1074)
        at java.util.concurrent.ThreadPoolExecutor.runWorker(ThreadPoolExecutor.java:1134)
        at java.util.concurrent.ThreadPoolExecutor$Worker.run(ThreadPoolExecutor.java:624)
        at java.lang.Thread.run(Thread.java:750)
"IPC Server handler 18 on default port 44115" daemon prio=5 tid=129 timed_waiting
java.lang.Thread.State: TIMED_WAITING
        at sun.misc.Unsafe.park(Native Method)
        at java.util.concurrent.locks.LockSupport.parkNanos(LockSupport.java:215)
        at java.util.concurrent.locks.AbstractQueuedSynchronizer$ConditionObject.awaitNanos(AbstractQueuedSynchronizer.java:2078)
        at java.util.concurrent.LinkedBlockingQueue.poll(LinkedBlockingQueue.java:467)
        at org.apache.hadoop.ipc.CallQueueManager.take(CallQueueManager.java:317)
        at org.apache.hadoop.ipc.Server$Handler.run(Server.java:2932)
"EventQueue-NodeRegistrationContainerReportForContainerSafeModeRule" daemon prio=5 tid=291 in Object.wait()
java.lang.Thread.State: WAITING (on object monitor)
        at sun.misc.Unsafe.park(Native Method)
        at java.util.concurrent.locks.LockSupport.park(LockSupport.java:175)
        at java.util.concurrent.locks.AbstractQueuedSynchronizer$ConditionObject.await(AbstractQueuedSynchronizer.java:2039)
        at java.util.concurrent.LinkedBlockingQueue.take(LinkedBlockingQueue.java:442)
        at java.util.concurrent.ThreadPoolExecutor.getTask(ThreadPoolExecutor.java:1074)
        at java.util.concurrent.ThreadPoolExecutor.runWorker(ThreadPoolExecutor.java:1134)
        at java.util.concurrent.ThreadPoolExecutor$Worker.run(ThreadPoolExecutor.java:624)
        at java.lang.Thread.run(Thread.java:750)
"qtp2127003431-187" daemon prio=5 tid=187 timed_waiting
java.lang.Thread.State: TIMED_WAITING
        at sun.misc.Unsafe.park(Native Method)
        at java.util.concurrent.locks.LockSupport.parkNanos(LockSupport.java:215)
        at java.util.concurrent.locks.AbstractQueuedSynchronizer$ConditionObject.awaitNanos(AbstractQueuedSynchronizer.java:2078)
        at org.eclipse.jetty.util.BlockingArrayQueue.poll(BlockingArrayQueue.java:382)
        at org.eclipse.jetty.util.thread.QueuedThreadPool$Runner.idleJobPoll(QueuedThreadPool.java:974)
        at org.eclipse.jetty.util.thread.QueuedThreadPool$Runner.run(QueuedThreadPool.java:1018)
        at java.lang.Thread.run(Thread.java:750)
"IPC Server handler 8 on default port 36639" daemon prio=5 tid=60 timed_waiting
java.lang.Thread.State: TIMED_WAITING
        at sun.misc.Unsafe.park(Native Method)
        at java.util.concurrent.locks.LockSupport.parkNanos(LockSupport.java:215)
        at java.util.concurrent.locks.AbstractQueuedSynchronizer$ConditionObject.awaitNanos(AbstractQueuedSynchronizer.java:2078)
        at java.util.concurrent.LinkedBlockingQueue.poll(LinkedBlockingQueue.java:467)
        at org.apache.hadoop.ipc.CallQueueManager.take(CallQueueManager.java:317)
        at org.apache.hadoop.ipc.Server$Handler.run(Server.java:2932)
"Datanode ReportManager Thread - 3" daemon prio=5 tid=225 in Object.wait()
java.lang.Thread.State: WAITING (on object monitor)
        at sun.misc.Unsafe.park(Native Method)
        at java.util.concurrent.locks.LockSupport.park(LockSupport.java:175)
        at java.util.concurrent.locks.AbstractQueuedSynchronizer$ConditionObject.await(AbstractQueuedSynchronizer.java:2039)
        at java.util.concurrent.ScheduledThreadPoolExecutor$DelayedWorkQueue.take(ScheduledThreadPoolExecutor.java:1088)
        at java.util.concurrent.ScheduledThreadPoolExecutor$DelayedWorkQueue.take(ScheduledThreadPoolExecutor.java:809)
        at java.util.concurrent.ThreadPoolExecutor.getTask(ThreadPoolExecutor.java:1074)
        at java.util.concurrent.ThreadPoolExecutor.runWorker(ThreadPoolExecutor.java:1134)
        at java.util.concurrent.ThreadPoolExecutor$Worker.run(ThreadPoolExecutor.java:624)
        at java.lang.Thread.run(Thread.java:750)
"pool-79-thread-1"  prio=5 tid=186 timed_waiting
java.lang.Thread.State: TIMED_WAITING
        at sun.misc.Unsafe.park(Native Method)
        at java.util.concurrent.locks.LockSupport.parkNanos(LockSupport.java:215)
        at java.util.concurrent.locks.AbstractQueuedSynchronizer$ConditionObject.awaitNanos(AbstractQueuedSynchronizer.java:2078)
        at java.util.concurrent.ScheduledThreadPoolExecutor$DelayedWorkQueue.take(ScheduledThreadPoolExecutor.java:1093)
        at java.util.concurrent.ScheduledThreadPoolExecutor$DelayedWorkQueue.take(ScheduledThreadPoolExecutor.java:809)
        at java.util.concurrent.ThreadPoolExecutor.getTask(ThreadPoolExecutor.java:1074)
        at java.util.concurrent.ThreadPoolExecutor.runWorker(ThreadPoolExecutor.java:1134)
        at java.util.concurrent.ThreadPoolExecutor$Worker.run(ThreadPoolExecutor.java:624)
        at java.lang.Thread.run(Thread.java:750)
"c2558997-1fb9-4616-86fd-ed065cf63d6b@group-CBF675AC35D9-StateMachineUpdater" daemon prio=5 tid=318 in Object.wait()
java.lang.Thread.State: WAITING (on object monitor)
        at java.lang.Object.wait(Native Method)
        at java.lang.Object.wait(Object.java:502)
        at org.apache.ratis.server.impl.StateMachineUpdater.waitForCommit(StateMachineUpdater.java:204)
        at org.apache.ratis.server.impl.StateMachineUpdater.run(StateMachineUpdater.java:173)
        at java.lang.Thread.run(Thread.java:750)
"Session-HouseKeeper-6dea0be-1"  prio=5 tid=195 timed_waiting
java.lang.Thread.State: TIMED_WAITING
        at sun.misc.Unsafe.park(Native Method)
        at java.util.concurrent.locks.LockSupport.parkNanos(LockSupport.java:215)
        at java.util.concurrent.locks.AbstractQueuedSynchronizer$ConditionObject.awaitNanos(AbstractQueuedSynchronizer.java:2078)
        at java.util.concurrent.ScheduledThreadPoolExecutor$DelayedWorkQueue.take(ScheduledThreadPoolExecutor.java:1093)
        at java.util.concurrent.ScheduledThreadPoolExecutor$DelayedWorkQueue.take(ScheduledThreadPoolExecutor.java:809)
        at java.util.concurrent.ThreadPoolExecutor.getTask(ThreadPoolExecutor.java:1074)
        at java.util.concurrent.ThreadPoolExecutor.runWorker(ThreadPoolExecutor.java:1134)
        at java.util.concurrent.ThreadPoolExecutor$Worker.run(ThreadPoolExecutor.java:624)
        at java.lang.Thread.run(Thread.java:750)
"OM StateMachine ApplyTransaction Thread - 0" daemon prio=5 tid=385 in Object.wait()
java.lang.Thread.State: WAITING (on object monitor)
        at sun.misc.Unsafe.park(Native Method)
        at java.util.concurrent.locks.LockSupport.park(LockSupport.java:175)
        at java.util.concurrent.locks.AbstractQueuedSynchronizer$ConditionObject.await(AbstractQueuedSynchronizer.java:2039)
        at java.util.concurrent.LinkedBlockingQueue.take(LinkedBlockingQueue.java:442)
        at java.util.concurrent.ThreadPoolExecutor.getTask(ThreadPoolExecutor.java:1074)
        at java.util.concurrent.ThreadPoolExecutor.runWorker(ThreadPoolExecutor.java:1134)
        at java.util.concurrent.ThreadPoolExecutor$Worker.run(ThreadPoolExecutor.java:624)
        at java.lang.Thread.run(Thread.java:750)
"IPC Server handler 8 on default port 46539" daemon prio=5 tid=166 timed_waiting
java.lang.Thread.State: TIMED_WAITING
        at sun.misc.Unsafe.park(Native Method)
        at java.util.concurrent.locks.LockSupport.parkNanos(LockSupport.java:215)
        at java.util.concurrent.locks.AbstractQueuedSynchronizer$ConditionObject.awaitNanos(AbstractQueuedSynchronizer.java:2078)
        at java.util.concurrent.LinkedBlockingQueue.poll(LinkedBlockingQueue.java:467)
        at org.apache.hadoop.ipc.CallQueueManager.take(CallQueueManager.java:317)
        at org.apache.hadoop.ipc.Server$Handler.run(Server.java:2932)
"IPC Server handler 5 on default port 46789" daemon prio=5 tid=77 timed_waiting
java.lang.Thread.State: TIMED_WAITING
        at sun.misc.Unsafe.park(Native Method)
        at java.util.concurrent.locks.LockSupport.parkNanos(LockSupport.java:215)
        at java.util.concurrent.locks.AbstractQueuedSynchronizer$ConditionObject.awaitNanos(AbstractQueuedSynchronizer.java:2078)
        at java.util.concurrent.LinkedBlockingQueue.poll(LinkedBlockingQueue.java:467)
        at org.apache.hadoop.ipc.CallQueueManager.take(CallQueueManager.java:317)
        at org.apache.hadoop.ipc.Server$Handler.run(Server.java:2932)
"IPC Server handler 2 on default port 36639" daemon prio=5 tid=54 timed_waiting
java.lang.Thread.State: TIMED_WAITING
        at sun.misc.Unsafe.park(Native Method)
        at java.util.concurrent.locks.LockSupport.parkNanos(LockSupport.java:215)
        at java.util.concurrent.locks.AbstractQueuedSynchronizer$ConditionObject.awaitNanos(AbstractQueuedSynchronizer.java:2078)
        at java.util.concurrent.LinkedBlockingQueue.poll(LinkedBlockingQueue.java:467)
        at org.apache.hadoop.ipc.CallQueueManager.take(CallQueueManager.java:317)
        at org.apache.hadoop.ipc.Server$Handler.run(Server.java:2932)
"org.apache.hadoop.fs.FileSystem$Statistics$StatisticsDataReferenceCleaner" daemon prio=5 tid=388 in Object.wait()
java.lang.Thread.State: WAITING (on object monitor)
        at java.lang.Object.wait(Native Method)
        at java.lang.ref.ReferenceQueue.remove(ReferenceQueue.java:144)
        at java.lang.ref.ReferenceQueue.remove(ReferenceQueue.java:165)
        at org.apache.hadoop.fs.FileSystem$Statistics$StatisticsDataReferenceCleaner.run(FileSystem.java:4021)
        at java.lang.Thread.run(Thread.java:750)
"ChunkWriter-1-0" daemon prio=5 tid=271 in Object.wait()
java.lang.Thread.State: WAITING (on object monitor)
        at sun.misc.Unsafe.park(Native Method)
        at java.util.concurrent.locks.LockSupport.park(LockSupport.java:175)
        at java.util.concurrent.locks.AbstractQueuedSynchronizer$ConditionObject.await(AbstractQueuedSynchronizer.java:2039)
        at java.util.concurrent.LinkedBlockingDeque.takeFirst(LinkedBlockingDeque.java:492)
        at java.util.concurrent.LinkedBlockingDeque.take(LinkedBlockingDeque.java:680)
        at java.util.concurrent.ThreadPoolExecutor.getTask(ThreadPoolExecutor.java:1074)
        at java.util.concurrent.ThreadPoolExecutor.runWorker(ThreadPoolExecutor.java:1134)
        at java.util.concurrent.ThreadPoolExecutor$Worker.run(ThreadPoolExecutor.java:624)
        at java.lang.Thread.run(Thread.java:750)
"IPC Server handler 15 on default port 44115" daemon prio=5 tid=126 timed_waiting
java.lang.Thread.State: TIMED_WAITING
        at sun.misc.Unsafe.park(Native Method)
        at java.util.concurrent.locks.LockSupport.parkNanos(LockSupport.java:215)
        at java.util.concurrent.locks.AbstractQueuedSynchronizer$ConditionObject.awaitNanos(AbstractQueuedSynchronizer.java:2078)
        at java.util.concurrent.LinkedBlockingQueue.poll(LinkedBlockingQueue.java:467)
        at org.apache.hadoop.ipc.CallQueueManager.take(CallQueueManager.java:317)
        at org.apache.hadoop.ipc.Server$Handler.run(Server.java:2932)
"0075b94f-442f-431b-bbbf-ccc5d4b175df@group-2D14661B708F-SegmentedRaftLogWorker"  prio=5 tid=337 timed_waiting
java.lang.Thread.State: TIMED_WAITING
        at sun.misc.Unsafe.park(Native Method)
        at java.util.concurrent.locks.LockSupport.parkNanos(LockSupport.java:215)
        at java.util.concurrent.locks.AbstractQueuedSynchronizer$ConditionObject.awaitNanos(AbstractQueuedSynchronizer.java:2078)
        at org.apache.ratis.util.DataBlockingQueue.poll(DataBlockingQueue.java:137)
        at org.apache.ratis.server.raftlog.segmented.SegmentedRaftLogWorker.run(SegmentedRaftLogWorker.java:292)
        at org.apache.ratis.server.raftlog.segmented.SegmentedRaftLogWorker$$Lambda$461/1011491712.run(Unknown Source)
        at java.lang.Thread.run(Thread.java:750)
"Datanode ReportManager Thread - 2" daemon prio=5 tid=199 in Object.wait()
java.lang.Thread.State: WAITING (on object monitor)
        at sun.misc.Unsafe.park(Native Method)
        at java.util.concurrent.locks.LockSupport.park(LockSupport.java:175)
        at java.util.concurrent.locks.AbstractQueuedSynchronizer$ConditionObject.await(AbstractQueuedSynchronizer.java:2039)
        at java.util.concurrent.ScheduledThreadPoolExecutor$DelayedWorkQueue.take(ScheduledThreadPoolExecutor.java:1088)
        at java.util.concurrent.ScheduledThreadPoolExecutor$DelayedWorkQueue.take(ScheduledThreadPoolExecutor.java:809)
        at java.util.concurrent.ThreadPoolExecutor.getTask(ThreadPoolExecutor.java:1074)
        at java.util.concurrent.ThreadPoolExecutor.runWorker(ThreadPoolExecutor.java:1134)
        at java.util.concurrent.ThreadPoolExecutor$Worker.run(ThreadPoolExecutor.java:624)
        at java.lang.Thread.run(Thread.java:750)
"EventQueue-PipelineReportForOneReplicaPipelineSafeModeRule" daemon prio=5 tid=293 in Object.wait()
java.lang.Thread.State: WAITING (on object monitor)
        at sun.misc.Unsafe.park(Native Method)
        at java.util.concurrent.locks.LockSupport.park(LockSupport.java:175)
        at java.util.concurrent.locks.AbstractQueuedSynchronizer$ConditionObject.await(AbstractQueuedSynchronizer.java:2039)
        at java.util.concurrent.LinkedBlockingQueue.take(LinkedBlockingQueue.java:442)
        at java.util.concurrent.ThreadPoolExecutor.getTask(ThreadPoolExecutor.java:1074)
        at java.util.concurrent.ThreadPoolExecutor.runWorker(ThreadPoolExecutor.java:1134)
        at java.util.concurrent.ThreadPoolExecutor$Worker.run(ThreadPoolExecutor.java:624)
        at java.lang.Thread.run(Thread.java:750)
"ChunkWriter-1-0" daemon prio=5 tid=261 in Object.wait()
java.lang.Thread.State: WAITING (on object monitor)
        at sun.misc.Unsafe.park(Native Method)
        at java.util.concurrent.locks.LockSupport.park(LockSupport.java:175)
        at java.util.concurrent.locks.AbstractQueuedSynchronizer$ConditionObject.await(AbstractQueuedSynchronizer.java:2039)
        at java.util.concurrent.LinkedBlockingDeque.takeFirst(LinkedBlockingDeque.java:492)
        at java.util.concurrent.LinkedBlockingDeque.take(LinkedBlockingDeque.java:680)
        at java.util.concurrent.ThreadPoolExecutor.getTask(ThreadPoolExecutor.java:1074)
        at java.util.concurrent.ThreadPoolExecutor.runWorker(ThreadPoolExecutor.java:1134)
        at java.util.concurrent.ThreadPoolExecutor$Worker.run(ThreadPoolExecutor.java:624)
        at java.lang.Thread.run(Thread.java:750)
"IPC Server handler 3 on default port 46789" daemon prio=5 tid=75 timed_waiting
java.lang.Thread.State: TIMED_WAITING
        at sun.misc.Unsafe.park(Native Method)
        at java.util.concurrent.locks.LockSupport.parkNanos(LockSupport.java:215)
        at java.util.concurrent.locks.AbstractQueuedSynchronizer$ConditionObject.awaitNanos(AbstractQueuedSynchronizer.java:2078)
        at java.util.concurrent.LinkedBlockingQueue.poll(LinkedBlockingQueue.java:467)
        at org.apache.hadoop.ipc.CallQueueManager.take(CallQueueManager.java:317)
        at org.apache.hadoop.ipc.Server$Handler.run(Server.java:2932)
"IPC Server handler 1 on default port 36639" daemon prio=5 tid=53 timed_waiting
java.lang.Thread.State: TIMED_WAITING
        at sun.misc.Unsafe.park(Native Method)
        at java.util.concurrent.locks.LockSupport.parkNanos(LockSupport.java:215)
        at java.util.concurrent.locks.AbstractQueuedSynchronizer$ConditionObject.awaitNanos(AbstractQueuedSynchronizer.java:2078)
        at java.util.concurrent.LinkedBlockingQueue.poll(LinkedBlockingQueue.java:467)
        at org.apache.hadoop.ipc.CallQueueManager.take(CallQueueManager.java:317)
        at org.apache.hadoop.ipc.Server$Handler.run(Server.java:2932)
"qtp465649687-152" daemon prio=5 tid=152 timed_waiting
java.lang.Thread.State: TIMED_WAITING
        at sun.misc.Unsafe.park(Native Method)
        at java.util.concurrent.locks.LockSupport.parkNanos(LockSupport.java:215)
        at java.util.concurrent.locks.AbstractQueuedSynchronizer$ConditionObject.awaitNanos(AbstractQueuedSynchronizer.java:2078)
        at org.eclipse.jetty.util.BlockingArrayQueue.poll(BlockingArrayQueue.java:382)
        at org.eclipse.jetty.util.thread.QueuedThreadPool$Runner.idleJobPoll(QueuedThreadPool.java:974)
        at org.eclipse.jetty.util.thread.QueuedThreadPool$Runner.run(QueuedThreadPool.java:1018)
        at java.lang.Thread.run(Thread.java:750)
"IPC Server handler 4 on default port 46789" daemon prio=5 tid=76 timed_waiting
java.lang.Thread.State: TIMED_WAITING
        at sun.misc.Unsafe.park(Native Method)
        at java.util.concurrent.locks.LockSupport.parkNanos(LockSupport.java:215)
        at java.util.concurrent.locks.AbstractQueuedSynchronizer$ConditionObject.awaitNanos(AbstractQueuedSynchronizer.java:2078)
        at java.util.concurrent.LinkedBlockingQueue.poll(LinkedBlockingQueue.java:467)
        at org.apache.hadoop.ipc.CallQueueManager.take(CallQueueManager.java:317)
        at org.apache.hadoop.ipc.Server$Handler.run(Server.java:2932)
"IPC Client (1133532327) connection to /0.0.0.0:44115 from runner" daemon prio=5 tid=259 timed_waiting
java.lang.Thread.State: TIMED_WAITING
        at java.lang.Object.wait(Native Method)
        at org.apache.hadoop.ipc.Client$Connection.waitForWork(Client.java:1053)
        at org.apache.hadoop.ipc.Client$Connection.run(Client.java:1097)
"qtp627622993-219" daemon prio=5 tid=219 timed_waiting
java.lang.Thread.State: TIMED_WAITING
        at sun.misc.Unsafe.park(Native Method)
        at java.util.concurrent.locks.LockSupport.parkNanos(LockSupport.java:215)
        at java.util.concurrent.locks.AbstractQueuedSynchronizer$ConditionObject.awaitNanos(AbstractQueuedSynchronizer.java:2078)
        at org.eclipse.jetty.util.BlockingArrayQueue.poll(BlockingArrayQueue.java:382)
        at org.eclipse.jetty.util.thread.QueuedThreadPool$Runner.idleJobPoll(QueuedThreadPool.java:974)
        at org.eclipse.jetty.util.thread.QueuedThreadPool$Runner.run(QueuedThreadPool.java:1018)
        at java.lang.Thread.run(Thread.java:750)
"ChunkWriter-3-0" daemon prio=5 tid=273 in Object.wait()
java.lang.Thread.State: WAITING (on object monitor)
        at sun.misc.Unsafe.park(Native Method)
        at java.util.concurrent.locks.LockSupport.park(LockSupport.java:175)
        at java.util.concurrent.locks.AbstractQueuedSynchronizer$ConditionObject.await(AbstractQueuedSynchronizer.java:2039)
        at java.util.concurrent.LinkedBlockingDeque.takeFirst(LinkedBlockingDeque.java:492)
        at java.util.concurrent.LinkedBlockingDeque.take(LinkedBlockingDeque.java:680)
        at java.util.concurrent.ThreadPoolExecutor.getTask(ThreadPoolExecutor.java:1074)
        at java.util.concurrent.ThreadPoolExecutor.runWorker(ThreadPoolExecutor.java:1134)
        at java.util.concurrent.ThreadPoolExecutor$Worker.run(ThreadPoolExecutor.java:624)
        at java.lang.Thread.run(Thread.java:750)
"ChunkWriter-0-0" daemon prio=5 tid=280 in Object.wait()
java.lang.Thread.State: WAITING (on object monitor)
        at sun.misc.Unsafe.park(Native Method)
        at java.util.concurrent.locks.LockSupport.park(LockSupport.java:175)
        at java.util.concurrent.locks.AbstractQueuedSynchronizer$ConditionObject.await(AbstractQueuedSynchronizer.java:2039)
        at java.util.concurrent.LinkedBlockingDeque.takeFirst(LinkedBlockingDeque.java:492)
        at java.util.concurrent.LinkedBlockingDeque.take(LinkedBlockingDeque.java:680)
        at java.util.concurrent.ThreadPoolExecutor.getTask(ThreadPoolExecutor.java:1074)
        at java.util.concurrent.ThreadPoolExecutor.runWorker(ThreadPoolExecutor.java:1134)
        at java.util.concurrent.ThreadPoolExecutor$Worker.run(ThreadPoolExecutor.java:624)
        at java.lang.Thread.run(Thread.java:750)
"IPC Server handler 13 on default port 44115" daemon prio=5 tid=124 timed_waiting
java.lang.Thread.State: TIMED_WAITING
        at sun.misc.Unsafe.park(Native Method)
        at java.util.concurrent.locks.LockSupport.parkNanos(LockSupport.java:215)
        at java.util.concurrent.locks.AbstractQueuedSynchronizer$ConditionObject.awaitNanos(AbstractQueuedSynchronizer.java:2078)
        at java.util.concurrent.LinkedBlockingQueue.poll(LinkedBlockingQueue.java:467)
        at org.apache.hadoop.ipc.CallQueueManager.take(CallQueueManager.java:317)
        at org.apache.hadoop.ipc.Server$Handler.run(Server.java:2932)
"org.apache.hadoop.util.JvmPauseMonitor$Monitor@22887352" daemon prio=5 tid=178 timed_waiting
java.lang.Thread.State: TIMED_WAITING
        at java.lang.Thread.sleep(Native Method)
        at org.apache.hadoop.util.JvmPauseMonitor$Monitor.run(JvmPauseMonitor.java:192)
        at java.lang.Thread.run(Thread.java:750)
"IPC Server handler 18 on default port 36639" daemon prio=5 tid=70 timed_waiting
java.lang.Thread.State: TIMED_WAITING
        at sun.misc.Unsafe.park(Native Method)
        at java.util.concurrent.locks.LockSupport.parkNanos(LockSupport.java:215)
        at java.util.concurrent.locks.AbstractQueuedSynchronizer$ConditionObject.awaitNanos(AbstractQueuedSynchronizer.java:2078)
        at java.util.concurrent.LinkedBlockingQueue.poll(LinkedBlockingQueue.java:467)
        at org.apache.hadoop.ipc.CallQueueManager.take(CallQueueManager.java:317)
        at org.apache.hadoop.ipc.Server$Handler.run(Server.java:2932)
"pool-64-thread-1" daemon prio=5 tid=182 timed_waiting
java.lang.Thread.State: TIMED_WAITING
        at sun.misc.Unsafe.park(Native Method)
        at java.util.concurrent.locks.LockSupport.parkNanos(LockSupport.java:215)
        at java.util.concurrent.locks.AbstractQueuedSynchronizer$ConditionObject.awaitNanos(AbstractQueuedSynchronizer.java:2078)
        at java.util.concurrent.ScheduledThreadPoolExecutor$DelayedWorkQueue.take(ScheduledThreadPoolExecutor.java:1093)
        at java.util.concurrent.ScheduledThreadPoolExecutor$DelayedWorkQueue.take(ScheduledThreadPoolExecutor.java:809)
        at java.util.concurrent.ThreadPoolExecutor.getTask(ThreadPoolExecutor.java:1074)
        at java.util.concurrent.ThreadPoolExecutor.runWorker(ThreadPoolExecutor.java:1134)
        at java.util.concurrent.ThreadPoolExecutor$Worker.run(ThreadPoolExecutor.java:624)
        at java.lang.Thread.run(Thread.java:750)
"qtp373335733-99" daemon prio=5 tid=99 timed_waiting
java.lang.Thread.State: TIMED_WAITING
        at sun.misc.Unsafe.park(Native Method)
        at java.util.concurrent.locks.LockSupport.parkNanos(LockSupport.java:215)
        at java.util.concurrent.locks.AbstractQueuedSynchronizer$ConditionObject.awaitNanos(AbstractQueuedSynchronizer.java:2078)
        at org.eclipse.jetty.util.BlockingArrayQueue.poll(BlockingArrayQueue.java:382)
        at org.eclipse.jetty.util.thread.QueuedThreadPool$Runner.idleJobPoll(QueuedThreadPool.java:974)
        at org.eclipse.jetty.util.thread.QueuedThreadPool$Runner.run(QueuedThreadPool.java:1018)
        at java.lang.Thread.run(Thread.java:750)
"SCMBlockDeletingService#0" daemon prio=5 tid=92 timed_waiting
java.lang.Thread.State: TIMED_WAITING
        at sun.misc.Unsafe.park(Native Method)
        at java.util.concurrent.locks.LockSupport.parkNanos(LockSupport.java:215)
        at java.util.concurrent.locks.AbstractQueuedSynchronizer$ConditionObject.awaitNanos(AbstractQueuedSynchronizer.java:2078)
        at java.util.concurrent.ScheduledThreadPoolExecutor$DelayedWorkQueue.take(ScheduledThreadPoolExecutor.java:1093)
        at java.util.concurrent.ScheduledThreadPoolExecutor$DelayedWorkQueue.take(ScheduledThreadPoolExecutor.java:809)
        at java.util.concurrent.ThreadPoolExecutor.getTask(ThreadPoolExecutor.java:1074)
        at java.util.concurrent.ThreadPoolExecutor.runWorker(ThreadPoolExecutor.java:1134)
        at java.util.concurrent.ThreadPoolExecutor$Worker.run(ThreadPoolExecutor.java:624)
        at java.lang.Thread.run(Thread.java:750)
"OMDoubleBufferFlushThread" daemon prio=5 tid=132 timed_waiting
java.lang.Thread.State: TIMED_WAITING
        at java.lang.Object.wait(Native Method)
        at org.apache.hadoop.ozone.om.ratis.OzoneManagerDoubleBuffer.canFlush(OzoneManagerDoubleBuffer.java:538)
        at org.apache.hadoop.ozone.om.ratis.OzoneManagerDoubleBuffer.flushTransactions(OzoneManagerDoubleBuffer.java:268)
        at org.apache.hadoop.ozone.om.ratis.OzoneManagerDoubleBuffer$$Lambda$768/2033795801.run(Unknown Source)
        at java.lang.Thread.run(Thread.java:750)
"Datanode ReportManager Thread - 1" daemon prio=5 tid=198 in Object.wait()
java.lang.Thread.State: WAITING (on object monitor)
        at sun.misc.Unsafe.park(Native Method)
        at java.util.concurrent.locks.LockSupport.park(LockSupport.java:175)
        at java.util.concurrent.locks.AbstractQueuedSynchronizer$ConditionObject.await(AbstractQueuedSynchronizer.java:2039)
        at java.util.concurrent.ScheduledThreadPoolExecutor$DelayedWorkQueue.take(ScheduledThreadPoolExecutor.java:1088)
        at java.util.concurrent.ScheduledThreadPoolExecutor$DelayedWorkQueue.take(ScheduledThreadPoolExecutor.java:809)
        at java.util.concurrent.ThreadPoolExecutor.getTask(ThreadPoolExecutor.java:1074)
        at java.util.concurrent.ThreadPoolExecutor.runWorker(ThreadPoolExecutor.java:1134)
        at java.util.concurrent.ThreadPoolExecutor$Worker.run(ThreadPoolExecutor.java:624)
        at java.lang.Thread.run(Thread.java:750)
"Periodic HDDS volume checker" daemon prio=5 tid=180 timed_waiting
java.lang.Thread.State: TIMED_WAITING
        at sun.misc.Unsafe.park(Native Method)
        at java.util.concurrent.locks.LockSupport.parkNanos(LockSupport.java:215)
        at java.util.concurrent.locks.AbstractQueuedSynchronizer$ConditionObject.awaitNanos(AbstractQueuedSynchronizer.java:2078)
        at java.util.concurrent.ScheduledThreadPoolExecutor$DelayedWorkQueue.take(ScheduledThreadPoolExecutor.java:1093)
        at java.util.concurrent.ScheduledThreadPoolExecutor$DelayedWorkQueue.take(ScheduledThreadPoolExecutor.java:809)
        at java.util.concurrent.ThreadPoolExecutor.getTask(ThreadPoolExecutor.java:1074)
        at java.util.concurrent.ThreadPoolExecutor.runWorker(ThreadPoolExecutor.java:1134)
        at java.util.concurrent.ThreadPoolExecutor$Worker.run(ThreadPoolExecutor.java:624)
        at java.lang.Thread.run(Thread.java:750)
"qtp465649687-154" daemon prio=5 tid=154 timed_waiting
java.lang.Thread.State: TIMED_WAITING
        at sun.misc.Unsafe.park(Native Method)
        at java.util.concurrent.locks.LockSupport.parkNanos(LockSupport.java:215)
        at java.util.concurrent.locks.AbstractQueuedSynchronizer$ConditionObject.awaitNanos(AbstractQueuedSynchronizer.java:2078)
        at org.eclipse.jetty.util.BlockingArrayQueue.poll(BlockingArrayQueue.java:382)
        at org.eclipse.jetty.util.thread.QueuedThreadPool$Runner.idleJobPoll(QueuedThreadPool.java:974)
        at org.eclipse.jetty.util.thread.QueuedThreadPool$Runner.run(QueuedThreadPool.java:1018)
        at java.lang.Thread.run(Thread.java:750)
"RatisPipelineUtilsThread - 0"  prio=5 tid=31 timed_waiting
java.lang.Thread.State: TIMED_WAITING
        at java.lang.Object.wait(Native Method)
        at org.apache.hadoop.hdds.scm.pipeline.BackgroundPipelineCreator.run(BackgroundPipelineCreator.java:179)
        at org.apache.hadoop.hdds.scm.pipeline.BackgroundPipelineCreator$$Lambda$668/2018794816.run(Unknown Source)
        at java.lang.Thread.run(Thread.java:750)
"qtp465649687-156" daemon prio=5 tid=156 timed_waiting
java.lang.Thread.State: TIMED_WAITING
        at sun.misc.Unsafe.park(Native Method)
        at java.util.concurrent.locks.LockSupport.parkNanos(LockSupport.java:215)
        at java.util.concurrent.locks.AbstractQueuedSynchronizer$ConditionObject.awaitNanos(AbstractQueuedSynchronizer.java:2078)
        at org.eclipse.jetty.util.BlockingArrayQueue.poll(BlockingArrayQueue.java:382)
        at org.eclipse.jetty.util.thread.QueuedThreadPool$Runner.idleJobPoll(QueuedThreadPool.java:974)
        at org.eclipse.jetty.util.thread.QueuedThreadPool$Runner.run(QueuedThreadPool.java:1018)
        at java.lang.Thread.run(Thread.java:750)
"IPC Server handler 13 on default port 36639" daemon prio=5 tid=65 timed_waiting
java.lang.Thread.State: TIMED_WAITING
        at sun.misc.Unsafe.park(Native Method)
        at java.util.concurrent.locks.LockSupport.parkNanos(LockSupport.java:215)
        at java.util.concurrent.locks.AbstractQueuedSynchronizer$ConditionObject.awaitNanos(AbstractQueuedSynchronizer.java:2078)
        at java.util.concurrent.LinkedBlockingQueue.poll(LinkedBlockingQueue.java:467)
        at org.apache.hadoop.ipc.CallQueueManager.take(CallQueueManager.java:317)
        at org.apache.hadoop.ipc.Server$Handler.run(Server.java:2932)
"Socket Reader #1 for port 0"  prio=5 tid=36 runnable
java.lang.Thread.State: RUNNABLE
        at sun.nio.ch.EPollArrayWrapper.epollWait(Native Method)
        at sun.nio.ch.EPollArrayWrapper.poll(EPollArrayWrapper.java:269)
        at sun.nio.ch.EPollSelectorImpl.doSelect(EPollSelectorImpl.java:93)
        at sun.nio.ch.SelectorImpl.lockAndDoSelect(SelectorImpl.java:86)
        at sun.nio.ch.SelectorImpl.select(SelectorImpl.java:97)
        at sun.nio.ch.SelectorImpl.select(SelectorImpl.java:101)
        at org.apache.hadoop.ipc.Server$Listener$Reader.doRunLoop(Server.java:1288)
        at org.apache.hadoop.ipc.Server$Listener$Reader.run(Server.java:1267)
"org.apache.hadoop.util.JvmPauseMonitor$Monitor@5203fcac" daemon prio=5 tid=203 timed_waiting
java.lang.Thread.State: TIMED_WAITING
        at java.lang.Thread.sleep(Native Method)
        at org.apache.hadoop.util.JvmPauseMonitor$Monitor.run(JvmPauseMonitor.java:192)
        at java.lang.Thread.run(Thread.java:750)
"ChunkWriter-2-0" daemon prio=5 tid=272 in Object.wait()
java.lang.Thread.State: WAITING (on object monitor)
        at sun.misc.Unsafe.park(Native Method)
        at java.util.concurrent.locks.LockSupport.park(LockSupport.java:175)
        at java.util.concurrent.locks.AbstractQueuedSynchronizer$ConditionObject.await(AbstractQueuedSynchronizer.java:2039)
        at java.util.concurrent.LinkedBlockingDeque.takeFirst(LinkedBlockingDeque.java:492)
        at java.util.concurrent.LinkedBlockingDeque.take(LinkedBlockingDeque.java:680)
        at java.util.concurrent.ThreadPoolExecutor.getTask(ThreadPoolExecutor.java:1074)
        at java.util.concurrent.ThreadPoolExecutor.runWorker(ThreadPoolExecutor.java:1134)
        at java.util.concurrent.ThreadPoolExecutor$Worker.run(ThreadPoolExecutor.java:624)
        at java.lang.Thread.run(Thread.java:750)
"Datanode State Machine Task Thread - 0"  prio=5 tid=204 in Object.wait()
java.lang.Thread.State: WAITING (on object monitor)
        at sun.misc.Unsafe.park(Native Method)
        at java.util.concurrent.locks.LockSupport.park(LockSupport.java:175)
        at java.util.concurrent.locks.AbstractQueuedSynchronizer$ConditionObject.await(AbstractQueuedSynchronizer.java:2039)
        at java.util.concurrent.LinkedBlockingQueue.take(LinkedBlockingQueue.java:442)
        at java.util.concurrent.ThreadPoolExecutor.getTask(ThreadPoolExecutor.java:1074)
        at java.util.concurrent.ThreadPoolExecutor.runWorker(ThreadPoolExecutor.java:1134)
        at java.util.concurrent.ThreadPoolExecutor$Worker.run(ThreadPoolExecutor.java:624)
        at java.lang.Thread.run(Thread.java:750)
"KeyDeletingService#0" daemon prio=5 tid=146 timed_waiting
java.lang.Thread.State: TIMED_WAITING
        at sun.misc.Unsafe.park(Native Method)
        at java.util.concurrent.locks.LockSupport.parkNanos(LockSupport.java:215)
        at java.util.concurrent.locks.AbstractQueuedSynchronizer$ConditionObject.awaitNanos(AbstractQueuedSynchronizer.java:2078)
        at java.util.concurrent.ScheduledThreadPoolExecutor$DelayedWorkQueue.take(ScheduledThreadPoolExecutor.java:1093)
        at java.util.concurrent.ScheduledThreadPoolExecutor$DelayedWorkQueue.take(ScheduledThreadPoolExecutor.java:809)
        at java.util.concurrent.ThreadPoolExecutor.getTask(ThreadPoolExecutor.java:1074)
        at java.util.concurrent.ThreadPoolExecutor.runWorker(ThreadPoolExecutor.java:1134)
        at java.util.concurrent.ThreadPoolExecutor$Worker.run(ThreadPoolExecutor.java:624)
        at java.lang.Thread.run(Thread.java:750)
"BlockDeletingService#3" daemon prio=5 tid=576 in Object.wait()
java.lang.Thread.State: WAITING (on object monitor)
        at sun.misc.Unsafe.park(Native Method)
        at java.util.concurrent.locks.LockSupport.park(LockSupport.java:175)
        at java.util.concurrent.locks.AbstractQueuedSynchronizer$ConditionObject.await(AbstractQueuedSynchronizer.java:2039)
        at java.util.concurrent.ScheduledThreadPoolExecutor$DelayedWorkQueue.take(ScheduledThreadPoolExecutor.java:1088)
        at java.util.concurrent.ScheduledThreadPoolExecutor$DelayedWorkQueue.take(ScheduledThreadPoolExecutor.java:809)
        at java.util.concurrent.ThreadPoolExecutor.getTask(ThreadPoolExecutor.java:1074)
        at java.util.concurrent.ThreadPoolExecutor.runWorker(ThreadPoolExecutor.java:1134)
        at java.util.concurrent.ThreadPoolExecutor$Worker.run(ThreadPoolExecutor.java:624)
        at java.lang.Thread.run(Thread.java:750)
"qtp2127003431-193" daemon prio=5 tid=193 timed_waiting
java.lang.Thread.State: TIMED_WAITING
        at sun.misc.Unsafe.park(Native Method)
        at java.util.concurrent.locks.LockSupport.parkNanos(LockSupport.java:215)
        at java.util.concurrent.locks.AbstractQueuedSynchronizer$ConditionObject.awaitNanos(AbstractQueuedSynchronizer.java:2078)
        at org.eclipse.jetty.util.BlockingArrayQueue.poll(BlockingArrayQueue.java:382)
        at org.eclipse.jetty.util.thread.QueuedThreadPool$Runner.idleJobPoll(QueuedThreadPool.java:974)
        at org.eclipse.jetty.util.thread.QueuedThreadPool$Runner.run(QueuedThreadPool.java:1018)
        at java.lang.Thread.run(Thread.java:750)
"IPC Server handler 15 on default port 46789" daemon prio=5 tid=87 timed_waiting
java.lang.Thread.State: TIMED_WAITING
        at sun.misc.Unsafe.park(Native Method)
        at java.util.concurrent.locks.LockSupport.parkNanos(LockSupport.java:215)
        at java.util.concurrent.locks.AbstractQueuedSynchronizer$ConditionObject.awaitNanos(AbstractQueuedSynchronizer.java:2078)
        at java.util.concurrent.LinkedBlockingQueue.poll(LinkedBlockingQueue.java:467)
        at org.apache.hadoop.ipc.CallQueueManager.take(CallQueueManager.java:317)
        at org.apache.hadoop.ipc.Server$Handler.run(Server.java:2932)
"IPC Server handler 14 on default port 46789" daemon prio=5 tid=86 timed_waiting
java.lang.Thread.State: TIMED_WAITING
        at sun.misc.Unsafe.park(Native Method)
        at java.util.concurrent.locks.LockSupport.parkNanos(LockSupport.java:215)
        at java.util.concurrent.locks.AbstractQueuedSynchronizer$ConditionObject.awaitNanos(AbstractQueuedSynchronizer.java:2078)
        at java.util.concurrent.LinkedBlockingQueue.poll(LinkedBlockingQueue.java:467)
        at org.apache.hadoop.ipc.CallQueueManager.take(CallQueueManager.java:317)
        at org.apache.hadoop.ipc.Server$Handler.run(Server.java:2932)
"Session-HouseKeeper-30dd9615-1"  prio=5 tid=157 timed_waiting
java.lang.Thread.State: TIMED_WAITING
        at sun.misc.Unsafe.park(Native Method)
        at java.util.concurrent.locks.LockSupport.parkNanos(LockSupport.java:215)
        at java.util.concurrent.locks.AbstractQueuedSynchronizer$ConditionObject.awaitNanos(AbstractQueuedSynchronizer.java:2078)
        at java.util.concurrent.ScheduledThreadPoolExecutor$DelayedWorkQueue.take(ScheduledThreadPoolExecutor.java:1093)
        at java.util.concurrent.ScheduledThreadPoolExecutor$DelayedWorkQueue.take(ScheduledThreadPoolExecutor.java:809)
        at java.util.concurrent.ThreadPoolExecutor.getTask(ThreadPoolExecutor.java:1074)
        at java.util.concurrent.ThreadPoolExecutor.runWorker(ThreadPoolExecutor.java:1134)
        at java.util.concurrent.ThreadPoolExecutor$Worker.run(ThreadPoolExecutor.java:624)
        at java.lang.Thread.run(Thread.java:750)
"Command processor thread" daemon prio=5 tid=227 timed_waiting
java.lang.Thread.State: TIMED_WAITING
        at java.lang.Thread.sleep(Native Method)
        at org.apache.hadoop.ozone.container.common.statemachine.DatanodeStateMachine.lambda$initCommandHandlerThread$3(DatanodeStateMachine.java:608)
        at org.apache.hadoop.ozone.container.common.statemachine.DatanodeStateMachine$$Lambda$810/1447937624.run(Unknown Source)
        at java.lang.Thread.run(Thread.java:750)
"IPC Server handler 4 on default port 46539" daemon prio=5 tid=162 timed_waiting
java.lang.Thread.State: TIMED_WAITING
        at sun.misc.Unsafe.park(Native Method)
        at java.util.concurrent.locks.LockSupport.parkNanos(LockSupport.java:215)
        at java.util.concurrent.locks.AbstractQueuedSynchronizer$ConditionObject.awaitNanos(AbstractQueuedSynchronizer.java:2078)
        at java.util.concurrent.LinkedBlockingQueue.poll(LinkedBlockingQueue.java:467)
        at org.apache.hadoop.ipc.CallQueueManager.take(CallQueueManager.java:317)
        at org.apache.hadoop.ipc.Server$Handler.run(Server.java:2932)
"Datanode State Machine Task Thread - 1"  prio=5 tid=257 in Object.wait()
java.lang.Thread.State: WAITING (on object monitor)
        at sun.misc.Unsafe.park(Native Method)
        at java.util.concurrent.locks.LockSupport.park(LockSupport.java:175)
        at java.util.concurrent.locks.AbstractQueuedSynchronizer$ConditionObject.await(AbstractQueuedSynchronizer.java:2039)
        at java.util.concurrent.LinkedBlockingQueue.take(LinkedBlockingQueue.java:442)
        at java.util.concurrent.ThreadPoolExecutor.getTask(ThreadPoolExecutor.java:1074)
        at java.util.concurrent.ThreadPoolExecutor.runWorker(ThreadPoolExecutor.java:1134)
        at java.util.concurrent.ThreadPoolExecutor$Worker.run(ThreadPoolExecutor.java:624)
        at java.lang.Thread.run(Thread.java:750)
"IPC Server handler 18 on default port 46789" daemon prio=5 tid=90 timed_waiting
java.lang.Thread.State: TIMED_WAITING
        at sun.misc.Unsafe.park(Native Method)
        at java.util.concurrent.locks.LockSupport.parkNanos(LockSupport.java:215)
        at java.util.concurrent.locks.AbstractQueuedSynchronizer$ConditionObject.awaitNanos(AbstractQueuedSynchronizer.java:2078)
        at java.util.concurrent.LinkedBlockingQueue.poll(LinkedBlockingQueue.java:467)
        at org.apache.hadoop.ipc.CallQueueManager.take(CallQueueManager.java:317)
        at org.apache.hadoop.ipc.Server$Handler.run(Server.java:2932)
"IPC Server handler 6 on default port 46539" daemon prio=5 tid=164 timed_waiting
java.lang.Thread.State: TIMED_WAITING
        at sun.misc.Unsafe.park(Native Method)
        at java.util.concurrent.locks.LockSupport.parkNanos(LockSupport.java:215)
        at java.util.concurrent.locks.AbstractQueuedSynchronizer$ConditionObject.awaitNanos(AbstractQueuedSynchronizer.java:2078)
        at java.util.concurrent.LinkedBlockingQueue.poll(LinkedBlockingQueue.java:467)
        at org.apache.hadoop.ipc.CallQueueManager.take(CallQueueManager.java:317)
        at org.apache.hadoop.ipc.Server$Handler.run(Server.java:2932)
"IPC Server handler 9 on default port 44115" daemon prio=5 tid=120 timed_waiting
java.lang.Thread.State: TIMED_WAITING
        at sun.misc.Unsafe.park(Native Method)
        at java.util.concurrent.locks.LockSupport.parkNanos(LockSupport.java:215)
        at java.util.concurrent.locks.AbstractQueuedSynchronizer$ConditionObject.awaitNanos(AbstractQueuedSynchronizer.java:2078)
        at java.util.concurrent.LinkedBlockingQueue.poll(LinkedBlockingQueue.java:467)
        at org.apache.hadoop.ipc.CallQueueManager.take(CallQueueManager.java:317)
        at org.apache.hadoop.ipc.Server$Handler.run(Server.java:2932)
"PartialTableCache Cleanup Thread - 0" daemon prio=5 tid=393 in Object.wait()
java.lang.Thread.State: WAITING (on object monitor)
        at sun.misc.Unsafe.park(Native Method)
        at java.util.concurrent.locks.LockSupport.park(LockSupport.java:175)
        at java.util.concurrent.locks.AbstractQueuedSynchronizer$ConditionObject.await(AbstractQueuedSynchronizer.java:2039)
        at java.util.concurrent.LinkedBlockingQueue.take(LinkedBlockingQueue.java:442)
        at java.util.concurrent.ThreadPoolExecutor.getTask(ThreadPoolExecutor.java:1074)
        at java.util.concurrent.ThreadPoolExecutor.runWorker(ThreadPoolExecutor.java:1134)
        at java.util.concurrent.ThreadPoolExecutor$Worker.run(ThreadPoolExecutor.java:624)
        at java.lang.Thread.run(Thread.java:750)
"IPC Server handler 17 on default port 46539" daemon prio=5 tid=175 timed_waiting
java.lang.Thread.State: TIMED_WAITING
        at sun.misc.Unsafe.park(Native Method)
        at java.util.concurrent.locks.LockSupport.parkNanos(LockSupport.java:215)
        at java.util.concurrent.locks.AbstractQueuedSynchronizer$ConditionObject.awaitNanos(AbstractQueuedSynchronizer.java:2078)
        at java.util.concurrent.LinkedBlockingQueue.poll(LinkedBlockingQueue.java:467)
        at org.apache.hadoop.ipc.CallQueueManager.take(CallQueueManager.java:317)
        at org.apache.hadoop.ipc.Server$Handler.run(Server.java:2932)
"IPC Server handler 1 on default port 44115" daemon prio=5 tid=112 timed_waiting
java.lang.Thread.State: TIMED_WAITING
        at sun.misc.Unsafe.park(Native Method)
        at java.util.concurrent.locks.LockSupport.parkNanos(LockSupport.java:215)
        at java.util.concurrent.locks.AbstractQueuedSynchronizer$ConditionObject.awaitNanos(AbstractQueuedSynchronizer.java:2078)
        at java.util.concurrent.LinkedBlockingQueue.poll(LinkedBlockingQueue.java:467)
        at org.apache.hadoop.ipc.CallQueueManager.take(CallQueueManager.java:317)
        at org.apache.hadoop.ipc.Server$Handler.run(Server.java:2932)
"IPC Server handler 11 on default port 44115" daemon prio=5 tid=122 timed_waiting
java.lang.Thread.State: TIMED_WAITING
        at sun.misc.Unsafe.park(Native Method)
        at java.util.concurrent.locks.LockSupport.parkNanos(LockSupport.java:215)
        at java.util.concurrent.locks.AbstractQueuedSynchronizer$ConditionObject.awaitNanos(AbstractQueuedSynchronizer.java:2078)
        at java.util.concurrent.LinkedBlockingQueue.poll(LinkedBlockingQueue.java:467)
        at org.apache.hadoop.ipc.CallQueueManager.take(CallQueueManager.java:317)
        at org.apache.hadoop.ipc.Server$Handler.run(Server.java:2932)
"IPC Server handler 4 on default port 44115" daemon prio=5 tid=115 timed_waiting
java.lang.Thread.State: TIMED_WAITING
        at sun.misc.Unsafe.park(Native Method)
        at java.util.concurrent.locks.LockSupport.parkNanos(LockSupport.java:215)
        at java.util.concurrent.locks.AbstractQueuedSynchronizer$ConditionObject.awaitNanos(AbstractQueuedSynchronizer.java:2078)
        at java.util.concurrent.LinkedBlockingQueue.poll(LinkedBlockingQueue.java:467)
        at org.apache.hadoop.ipc.CallQueueManager.take(CallQueueManager.java:317)
        at org.apache.hadoop.ipc.Server$Handler.run(Server.java:2932)
"IPC Server Responder" daemon prio=5 tid=38 runnable
java.lang.Thread.State: RUNNABLE
        at sun.nio.ch.EPollArrayWrapper.epollWait(Native Method)
        at sun.nio.ch.EPollArrayWrapper.poll(EPollArrayWrapper.java:269)
        at sun.nio.ch.EPollSelectorImpl.doSelect(EPollSelectorImpl.java:93)
        at sun.nio.ch.SelectorImpl.lockAndDoSelect(SelectorImpl.java:86)
        at sun.nio.ch.SelectorImpl.select(SelectorImpl.java:97)
        at org.apache.hadoop.ipc.Server$Responder.doRunLoop(Server.java:1527)
        at org.apache.hadoop.ipc.Server$Responder.run(Server.java:1510)
"IPC Server handler 15 on default port 46539" daemon prio=5 tid=173 timed_waiting
java.lang.Thread.State: TIMED_WAITING
        at sun.misc.Unsafe.park(Native Method)
        at java.util.concurrent.locks.LockSupport.parkNanos(LockSupport.java:215)
        at java.util.concurrent.locks.AbstractQueuedSynchronizer$ConditionObject.awaitNanos(AbstractQueuedSynchronizer.java:2078)
        at java.util.concurrent.LinkedBlockingQueue.poll(LinkedBlockingQueue.java:467)
        at org.apache.hadoop.ipc.CallQueueManager.take(CallQueueManager.java:317)
        at org.apache.hadoop.ipc.Server$Handler.run(Server.java:2932)
"c2558997-1fb9-4616-86fd-ed065cf63d6b@group-2D14661B708F-SegmentedRaftLogWorker"  prio=5 tid=331 timed_waiting
java.lang.Thread.State: TIMED_WAITING
        at sun.misc.Unsafe.park(Native Method)
        at java.util.concurrent.locks.LockSupport.parkNanos(LockSupport.java:215)
        at java.util.concurrent.locks.AbstractQueuedSynchronizer$ConditionObject.awaitNanos(AbstractQueuedSynchronizer.java:2078)
        at org.apache.ratis.util.DataBlockingQueue.poll(DataBlockingQueue.java:137)
        at org.apache.ratis.server.raftlog.segmented.SegmentedRaftLogWorker.run(SegmentedRaftLogWorker.java:292)
        at org.apache.ratis.server.raftlog.segmented.SegmentedRaftLogWorker$$Lambda$461/1011491712.run(Unknown Source)
        at java.lang.Thread.run(Thread.java:750)
"IPC Server handler 1 on default port 46789" daemon prio=5 tid=73 timed_waiting
java.lang.Thread.State: TIMED_WAITING
        at sun.misc.Unsafe.park(Native Method)
        at java.util.concurrent.locks.LockSupport.parkNanos(LockSupport.java:215)
        at java.util.concurrent.locks.AbstractQueuedSynchronizer$ConditionObject.awaitNanos(AbstractQueuedSynchronizer.java:2078)
        at java.util.concurrent.LinkedBlockingQueue.poll(LinkedBlockingQueue.java:467)
        at org.apache.hadoop.ipc.CallQueueManager.take(CallQueueManager.java:317)
        at org.apache.hadoop.ipc.Server$Handler.run(Server.java:2932)
"IPC Server listener on 0" daemon prio=5 tid=35 runnable
java.lang.Thread.State: RUNNABLE
        at sun.nio.ch.EPollArrayWrapper.epollWait(Native Method)
        at sun.nio.ch.EPollArrayWrapper.poll(EPollArrayWrapper.java:269)
        at sun.nio.ch.EPollSelectorImpl.doSelect(EPollSelectorImpl.java:93)
        at sun.nio.ch.SelectorImpl.lockAndDoSelect(SelectorImpl.java:86)
        at sun.nio.ch.SelectorImpl.select(SelectorImpl.java:97)
        at sun.nio.ch.SelectorImpl.select(SelectorImpl.java:101)
        at org.apache.hadoop.ipc.Server$Listener.run(Server.java:1350)
"grpc-default-boss-ELG-4-1" daemon prio=5 tid=48 runnable
java.lang.Thread.State: RUNNABLE
        at org.apache.ratis.thirdparty.io.netty.channel.epoll.Native.epollWait(Native Method)
        at org.apache.ratis.thirdparty.io.netty.channel.epoll.Native.epollWait(Native.java:177)
        at org.apache.ratis.thirdparty.io.netty.channel.epoll.Native.epollWait(Native.java:170)
        at org.apache.ratis.thirdparty.io.netty.channel.epoll.EpollEventLoop.epollWaitNoTimerChange(EpollEventLoop.java:290)
        at org.apache.ratis.thirdparty.io.netty.channel.epoll.EpollEventLoop.run(EpollEventLoop.java:347)
        at org.apache.ratis.thirdparty.io.netty.util.concurrent.SingleThreadEventExecutor$4.run(SingleThreadEventExecutor.java:989)
        at org.apache.ratis.thirdparty.io.netty.util.internal.ThreadExecutorMap$2.run(ThreadExecutorMap.java:74)
        at org.apache.ratis.thirdparty.io.netty.util.concurrent.FastThreadLocalRunnable.run(FastThreadLocalRunnable.java:30)
        at java.lang.Thread.run(Thread.java:750)
"Datanode ReportManager Thread - 0" daemon prio=5 tid=222 in Object.wait()
java.lang.Thread.State: WAITING (on object monitor)
        at sun.misc.Unsafe.park(Native Method)
        at java.util.concurrent.locks.LockSupport.park(LockSupport.java:175)
        at java.util.concurrent.locks.AbstractQueuedSynchronizer$ConditionObject.await(AbstractQueuedSynchronizer.java:2039)
        at java.util.concurrent.ScheduledThreadPoolExecutor$DelayedWorkQueue.take(ScheduledThreadPoolExecutor.java:1088)
        at java.util.concurrent.ScheduledThreadPoolExecutor$DelayedWorkQueue.take(ScheduledThreadPoolExecutor.java:809)
        at java.util.concurrent.ThreadPoolExecutor.getTask(ThreadPoolExecutor.java:1074)
        at java.util.concurrent.ThreadPoolExecutor.runWorker(ThreadPoolExecutor.java:1134)
        at java.util.concurrent.ThreadPoolExecutor$Worker.run(ThreadPoolExecutor.java:624)
        at java.lang.Thread.run(Thread.java:750)
"qtp627622993-215" daemon prio=5 tid=215 timed_waiting
java.lang.Thread.State: TIMED_WAITING
        at sun.misc.Unsafe.park(Native Method)
        at java.util.concurrent.locks.LockSupport.parkNanos(LockSupport.java:215)
        at java.util.concurrent.locks.AbstractQueuedSynchronizer$ConditionObject.awaitNanos(AbstractQueuedSynchronizer.java:2078)
        at org.eclipse.jetty.util.BlockingArrayQueue.poll(BlockingArrayQueue.java:382)
        at org.eclipse.jetty.util.thread.QueuedThreadPool$Runner.idleJobPoll(QueuedThreadPool.java:974)
        at org.eclipse.jetty.util.thread.QueuedThreadPool$Runner.run(QueuedThreadPool.java:1018)
        at java.lang.Thread.run(Thread.java:750)
"c2558997-1fb9-4616-86fd-ed065cf63d6b@group-C66A738FB9BB-StateMachineUpdater" daemon prio=5 tid=321 in Object.wait()
java.lang.Thread.State: WAITING (on object monitor)
        at java.lang.Object.wait(Native Method)
        at java.lang.Object.wait(Object.java:502)
        at org.apache.ratis.server.impl.StateMachineUpdater.waitForCommit(StateMachineUpdater.java:204)
        at org.apache.ratis.server.impl.StateMachineUpdater.run(StateMachineUpdater.java:173)
        at java.lang.Thread.run(Thread.java:750)
"IPC Server handler 15 on default port 36639" daemon prio=5 tid=67 timed_waiting
java.lang.Thread.State: TIMED_WAITING
        at sun.misc.Unsafe.park(Native Method)
        at java.util.concurrent.locks.LockSupport.parkNanos(LockSupport.java:215)
        at java.util.concurrent.locks.AbstractQueuedSynchronizer$ConditionObject.awaitNanos(AbstractQueuedSynchronizer.java:2078)
        at java.util.concurrent.LinkedBlockingQueue.poll(LinkedBlockingQueue.java:467)
        at org.apache.hadoop.ipc.CallQueueManager.take(CallQueueManager.java:317)
        at org.apache.hadoop.ipc.Server$Handler.run(Server.java:2932)
"Datanode State Machine Daemon Thread" daemon prio=5 tid=221 timed_waiting
java.lang.Thread.State: TIMED_WAITING
        at java.lang.Thread.sleep(Native Method)
        at org.apache.hadoop.ozone.container.common.statemachine.DatanodeStateMachine.startStateMachineThread(DatanodeStateMachine.java:300)
        at org.apache.hadoop.ozone.container.common.statemachine.DatanodeStateMachine.lambda$startDaemon$0(DatanodeStateMachine.java:473)
        at org.apache.hadoop.ozone.container.common.statemachine.DatanodeStateMachine$$Lambda$808/1175878243.run(Unknown Source)
        at java.lang.Thread.run(Thread.java:750)
"Datanode ReportManager Thread - 0" daemon prio=5 tid=197 in Object.wait()
java.lang.Thread.State: WAITING (on object monitor)
        at sun.misc.Unsafe.park(Native Method)
        at java.util.concurrent.locks.LockSupport.park(LockSupport.java:175)
        at java.util.concurrent.locks.AbstractQueuedSynchronizer$ConditionObject.await(AbstractQueuedSynchronizer.java:2039)
        at java.util.concurrent.ScheduledThreadPoolExecutor$DelayedWorkQueue.take(ScheduledThreadPoolExecutor.java:1088)
        at java.util.concurrent.ScheduledThreadPoolExecutor$DelayedWorkQueue.take(ScheduledThreadPoolExecutor.java:809)
        at java.util.concurrent.ThreadPoolExecutor.getTask(ThreadPoolExecutor.java:1074)
        at java.util.concurrent.ThreadPoolExecutor.runWorker(ThreadPoolExecutor.java:1134)
        at java.util.concurrent.ThreadPoolExecutor$Worker.run(ThreadPoolExecutor.java:624)
        at java.lang.Thread.run(Thread.java:750)
"Datanode ReportManager Thread - 1" daemon prio=5 tid=248 in Object.wait()
java.lang.Thread.State: WAITING (on object monitor)
        at sun.misc.Unsafe.park(Native Method)
        at java.util.concurrent.locks.LockSupport.park(LockSupport.java:175)
        at java.util.concurrent.locks.AbstractQueuedSynchronizer$ConditionObject.await(AbstractQueuedSynchronizer.java:2039)
        at java.util.concurrent.ScheduledThreadPoolExecutor$DelayedWorkQueue.take(ScheduledThreadPoolExecutor.java:1088)
        at java.util.concurrent.ScheduledThreadPoolExecutor$DelayedWorkQueue.take(ScheduledThreadPoolExecutor.java:809)
        at java.util.concurrent.ThreadPoolExecutor.getTask(ThreadPoolExecutor.java:1074)
        at java.util.concurrent.ThreadPoolExecutor.runWorker(ThreadPoolExecutor.java:1134)
        at java.util.concurrent.ThreadPoolExecutor$Worker.run(ThreadPoolExecutor.java:624)
        at java.lang.Thread.run(Thread.java:750)
"ChunkReader-ELG-0" daemon prio=5 tid=275 runnable
java.lang.Thread.State: RUNNABLE
        at org.apache.ratis.thirdparty.io.netty.channel.epoll.Native.epollWait(Native Method)
        at org.apache.ratis.thirdparty.io.netty.channel.epoll.Native.epollWait(Native.java:177)
        at org.apache.ratis.thirdparty.io.netty.channel.epoll.Native.epollWait(Native.java:170)
        at org.apache.ratis.thirdparty.io.netty.channel.epoll.EpollEventLoop.epollWaitNoTimerChange(EpollEventLoop.java:290)
        at org.apache.ratis.thirdparty.io.netty.channel.epoll.EpollEventLoop.run(EpollEventLoop.java:347)
        at org.apache.ratis.thirdparty.io.netty.util.concurrent.SingleThreadEventExecutor$4.run(SingleThreadEventExecutor.java:989)
        at org.apache.ratis.thirdparty.io.netty.util.internal.ThreadExecutorMap$2.run(ThreadExecutorMap.java:74)
        at java.lang.Thread.run(Thread.java:750)
"qtp1611896908-244" daemon prio=5 tid=244 timed_waiting
java.lang.Thread.State: TIMED_WAITING
        at sun.misc.Unsafe.park(Native Method)
        at java.util.concurrent.locks.LockSupport.parkNanos(LockSupport.java:215)
        at java.util.concurrent.locks.AbstractQueuedSynchronizer$ConditionObject.awaitNanos(AbstractQueuedSynchronizer.java:2078)
        at org.eclipse.jetty.util.BlockingArrayQueue.poll(BlockingArrayQueue.java:382)
        at org.eclipse.jetty.util.thread.QueuedThreadPool$Runner.idleJobPoll(QueuedThreadPool.java:974)
        at org.eclipse.jetty.util.thread.QueuedThreadPool$Runner.run(QueuedThreadPool.java:1018)
        at java.lang.Thread.run(Thread.java:750)
"qtp465649687-155" daemon prio=5 tid=155 timed_waiting
java.lang.Thread.State: TIMED_WAITING
        at sun.misc.Unsafe.park(Native Method)
        at java.util.concurrent.locks.LockSupport.parkNanos(LockSupport.java:215)
        at java.util.concurrent.locks.AbstractQueuedSynchronizer$ConditionObject.awaitNanos(AbstractQueuedSynchronizer.java:2078)
        at org.eclipse.jetty.util.BlockingArrayQueue.poll(BlockingArrayQueue.java:382)
        at org.eclipse.jetty.util.thread.QueuedThreadPool$Runner.idleJobPoll(QueuedThreadPool.java:974)
        at org.eclipse.jetty.util.thread.QueuedThreadPool$Runner.run(QueuedThreadPool.java:1018)
        at java.lang.Thread.run(Thread.java:750)
"pool-59-thread-1"  prio=5 tid=148 timed_waiting
java.lang.Thread.State: TIMED_WAITING
        at sun.misc.Unsafe.park(Native Method)
        at java.util.concurrent.locks.LockSupport.parkNanos(LockSupport.java:215)
        at java.util.concurrent.locks.AbstractQueuedSynchronizer$ConditionObject.awaitNanos(AbstractQueuedSynchronizer.java:2078)
        at java.util.concurrent.ScheduledThreadPoolExecutor$DelayedWorkQueue.take(ScheduledThreadPoolExecutor.java:1093)
        at java.util.concurrent.ScheduledThreadPoolExecutor$DelayedWorkQueue.take(ScheduledThreadPoolExecutor.java:809)
        at java.util.concurrent.ThreadPoolExecutor.getTask(ThreadPoolExecutor.java:1074)
        at java.util.concurrent.ThreadPoolExecutor.runWorker(ThreadPoolExecutor.java:1134)
        at java.util.concurrent.ThreadPoolExecutor$Worker.run(ThreadPoolExecutor.java:624)
        at java.lang.Thread.run(Thread.java:750)
"Session-HouseKeeper-66b62ebd-1"  prio=5 tid=103 timed_waiting
java.lang.Thread.State: TIMED_WAITING
        at sun.misc.Unsafe.park(Native Method)
        at java.util.concurrent.locks.LockSupport.parkNanos(LockSupport.java:215)
        at java.util.concurrent.locks.AbstractQueuedSynchronizer$ConditionObject.awaitNanos(AbstractQueuedSynchronizer.java:2078)
        at java.util.concurrent.ScheduledThreadPoolExecutor$DelayedWorkQueue.take(ScheduledThreadPoolExecutor.java:1093)
        at java.util.concurrent.ScheduledThreadPoolExecutor$DelayedWorkQueue.take(ScheduledThreadPoolExecutor.java:809)
        at java.util.concurrent.ThreadPoolExecutor.getTask(ThreadPoolExecutor.java:1074)
        at java.util.concurrent.ThreadPoolExecutor.runWorker(ThreadPoolExecutor.java:1134)
        at java.util.concurrent.ThreadPoolExecutor$Worker.run(ThreadPoolExecutor.java:624)
        at java.lang.Thread.run(Thread.java:750)
"org.apache.ratis.util.JvmPauseMonitor$$Lambda$525/1580874189@25655a1f" daemon prio=5 tid=284 timed_waiting
java.lang.Thread.State: TIMED_WAITING
        at java.lang.Thread.sleep(Native Method)
        at java.lang.Thread.sleep(Thread.java:342)
        at java.util.concurrent.TimeUnit.sleep(TimeUnit.java:386)
        at org.apache.ratis.util.TimeDuration.sleep(TimeDuration.java:324)
        at org.apache.ratis.util.TimeDuration.sleep(TimeDuration.java:309)
        at org.apache.ratis.util.JvmPauseMonitor.detectPause(JvmPauseMonitor.java:117)
        at org.apache.ratis.util.JvmPauseMonitor.run(JvmPauseMonitor.java:106)
        at org.apache.ratis.util.JvmPauseMonitor$$Lambda$525/1580874189.run(Unknown Source)
        at java.lang.Thread.run(Thread.java:750)
"pool-56-thread-1"  prio=5 tid=133 in Object.wait()
java.lang.Thread.State: WAITING (on object monitor)
        at sun.misc.Unsafe.park(Native Method)
        at java.util.concurrent.locks.LockSupport.park(LockSupport.java:175)
        at java.util.concurrent.locks.AbstractQueuedSynchronizer$ConditionObject.await(AbstractQueuedSynchronizer.java:2039)
        at java.util.concurrent.LinkedBlockingQueue.take(LinkedBlockingQueue.java:442)
        at java.util.concurrent.ThreadPoolExecutor.getTask(ThreadPoolExecutor.java:1074)
        at java.util.concurrent.ThreadPoolExecutor.runWorker(ThreadPoolExecutor.java:1134)
        at java.util.concurrent.ThreadPoolExecutor$Worker.run(ThreadPoolExecutor.java:624)
        at java.lang.Thread.run(Thread.java:750)
"Signal Dispatcher" daemon prio=9 tid=4 runnable
java.lang.Thread.State: RUNNABLE
"Datanode State Machine Task Thread - 1"  prio=5 tid=278 in Object.wait()
java.lang.Thread.State: WAITING (on object monitor)
        at sun.misc.Unsafe.park(Native Method)
        at java.util.concurrent.locks.LockSupport.park(LockSupport.java:175)
        at java.util.concurrent.locks.AbstractQueuedSynchronizer$ConditionObject.await(AbstractQueuedSynchronizer.java:2039)
        at java.util.concurrent.LinkedBlockingQueue.take(LinkedBlockingQueue.java:442)
        at java.util.concurrent.ThreadPoolExecutor.getTask(ThreadPoolExecutor.java:1074)
        at java.util.concurrent.ThreadPoolExecutor.runWorker(ThreadPoolExecutor.java:1134)
        at java.util.concurrent.ThreadPoolExecutor$Worker.run(ThreadPoolExecutor.java:624)
        at java.lang.Thread.run(Thread.java:750)
"PartialTableCache Cleanup Thread - 0" daemon prio=5 tid=392 in Object.wait()
java.lang.Thread.State: WAITING (on object monitor)
        at sun.misc.Unsafe.park(Native Method)
        at java.util.concurrent.locks.LockSupport.park(LockSupport.java:175)
        at java.util.concurrent.locks.AbstractQueuedSynchronizer$ConditionObject.await(AbstractQueuedSynchronizer.java:2039)
        at java.util.concurrent.LinkedBlockingQueue.take(LinkedBlockingQueue.java:442)
        at java.util.concurrent.ThreadPoolExecutor.getTask(ThreadPoolExecutor.java:1074)
        at java.util.concurrent.ThreadPoolExecutor.runWorker(ThreadPoolExecutor.java:1134)
        at java.util.concurrent.ThreadPoolExecutor$Worker.run(ThreadPoolExecutor.java:624)
        at java.lang.Thread.run(Thread.java:750)
"org.apache.ratis.util.JvmPauseMonitor$$Lambda$525/1580874189@437847dc" daemon prio=5 tid=144 timed_waiting
java.lang.Thread.State: TIMED_WAITING
        at java.lang.Thread.sleep(Native Method)
        at java.lang.Thread.sleep(Thread.java:342)
        at java.util.concurrent.TimeUnit.sleep(TimeUnit.java:386)
        at org.apache.ratis.util.TimeDuration.sleep(TimeDuration.java:324)
        at org.apache.ratis.util.TimeDuration.sleep(TimeDuration.java:309)
        at org.apache.ratis.util.JvmPauseMonitor.detectPause(JvmPauseMonitor.java:117)
        at org.apache.ratis.util.JvmPauseMonitor.run(JvmPauseMonitor.java:106)
        at org.apache.ratis.util.JvmPauseMonitor$$Lambda$525/1580874189.run(Unknown Source)
        at java.lang.Thread.run(Thread.java:750)
"IPC Server handler 2 on default port 46539" daemon prio=5 tid=160 timed_waiting
java.lang.Thread.State: TIMED_WAITING
        at sun.misc.Unsafe.park(Native Method)
        at java.util.concurrent.locks.LockSupport.parkNanos(LockSupport.java:215)
        at java.util.concurrent.locks.AbstractQueuedSynchronizer$ConditionObject.awaitNanos(AbstractQueuedSynchronizer.java:2078)
        at java.util.concurrent.LinkedBlockingQueue.poll(LinkedBlockingQueue.java:467)
        at org.apache.hadoop.ipc.CallQueueManager.take(CallQueueManager.java:317)
        at org.apache.hadoop.ipc.Server$Handler.run(Server.java:2932)
"Datanode ReportManager Thread - 4" daemon prio=5 tid=226 in Object.wait()
java.lang.Thread.State: WAITING (on object monitor)
        at sun.misc.Unsafe.park(Native Method)
        at java.util.concurrent.locks.LockSupport.park(LockSupport.java:175)
        at java.util.concurrent.locks.AbstractQueuedSynchronizer$ConditionObject.await(AbstractQueuedSynchronizer.java:2039)
        at java.util.concurrent.ScheduledThreadPoolExecutor$DelayedWorkQueue.take(ScheduledThreadPoolExecutor.java:1088)
        at java.util.concurrent.ScheduledThreadPoolExecutor$DelayedWorkQueue.take(ScheduledThreadPoolExecutor.java:809)
        at java.util.concurrent.ThreadPoolExecutor.getTask(ThreadPoolExecutor.java:1074)
        at java.util.concurrent.ThreadPoolExecutor.runWorker(ThreadPoolExecutor.java:1134)
        at java.util.concurrent.ThreadPoolExecutor$Worker.run(ThreadPoolExecutor.java:624)
        at java.lang.Thread.run(Thread.java:750)


	at org.apache.ozone.test.GenericTestUtils.waitFor(GenericTestUtils.java:225)
	at org.apache.hadoop.fs.ozone.TestDirectoryDeletingServiceWithFSO.assertSubPathsCount(TestDirectoryDeletingServiceWithFSO.java:290)
	at org.apache.hadoop.fs.ozone.TestDirectoryDeletingServiceWithFSO.testDeleteWithMultiLevels(TestDirectoryDeletingServiceWithFSO.java:282)
	at sun.reflect.NativeMethodAccessorImpl.invoke0(Native Method)
	at sun.reflect.NativeMethodAccessorImpl.invoke(NativeMethodAccessorImpl.java:62)
	at sun.reflect.DelegatingMethodAccessorImpl.invoke(DelegatingMethodAccessorImpl.java:43)
	at java.lang.reflect.Method.invoke(Method.java:498)
	at org.junit.platform.commons.util.ReflectionUtils.invokeMethod(ReflectionUtils.java:688)
	at org.junit.jupiter.engine.execution.MethodInvocation.proceed(MethodInvocation.java:60)
	at org.junit.jupiter.engine.execution.InvocationInterceptorChain$ValidatingInvocation.proceed(InvocationInterceptorChain.java:131)
	at org.junit.jupiter.engine.extension.TimeoutInvocation.proceed(TimeoutInvocation.java:46)
	at org.junit.jupiter.engine.extension.TimeoutExtension.intercept(TimeoutExtension.java:149)
	at org.junit.jupiter.engine.extension.TimeoutExtension.interceptTestableMethod(TimeoutExtension.java:140)
	at org.junit.jupiter.engine.extension.TimeoutExtension.interceptTestMethod(TimeoutExtension.java:84)
	at org.junit.jupiter.engine.execution.ExecutableInvoker$ReflectiveInterceptorCall.lambda$ofVoidMethod$0(ExecutableInvoker.java:115)
	at org.junit.jupiter.engine.execution.ExecutableInvoker.lambda$invoke$0(ExecutableInvoker.java:105)
	at org.junit.jupiter.engine.execution.InvocationInterceptorChain$InterceptedInvocation.proceed(InvocationInterceptorChain.java:106)
	at org.junit.jupiter.engine.execution.InvocationInterceptorChain.proceed(InvocationInterceptorChain.java:64)
	at org.junit.jupiter.engine.execution.InvocationInterceptorChain.chainAndInvoke(InvocationInterceptorChain.java:45)
	at org.junit.jupiter.engine.execution.InvocationInterceptorChain.invoke(InvocationInterceptorChain.java:37)
	at org.junit.jupiter.engine.execution.ExecutableInvoker.invoke(ExecutableInvoker.java:104)
	at org.junit.jupiter.engine.execution.ExecutableInvoker.invoke(ExecutableInvoker.java:98)
	at org.junit.jupiter.engine.descriptor.TestMethodTestDescriptor.lambda$invokeTestMethod$6(TestMethodTestDescriptor.java:210)
	at org.junit.platform.engine.support.hierarchical.ThrowableCollector.execute(ThrowableCollector.java:73)
	at org.junit.jupiter.engine.descriptor.TestMethodTestDescriptor.invokeTestMethod(TestMethodTestDescriptor.java:206)
	at org.junit.jupiter.engine.descriptor.TestMethodTestDescriptor.execute(TestMethodTestDescriptor.java:131)
	at org.junit.jupiter.engine.descriptor.TestMethodTestDescriptor.execute(TestMethodTestDescriptor.java:65)
	at org.junit.platform.engine.support.hierarchical.NodeTestTask.lambda$executeRecursively$5(NodeTestTask.java:139)
	at org.junit.platform.engine.support.hierarchical.ThrowableCollector.execute(ThrowableCollector.java:73)
	at org.junit.platform.engine.support.hierarchical.NodeTestTask.lambda$executeRecursively$7(NodeTestTask.java:129)
	at org.junit.platform.engine.support.hierarchical.Node.around(Node.java:137)
	at org.junit.platform.engine.support.hierarchical.NodeTestTask.lambda$executeRecursively$8(NodeTestTask.java:127)
	at org.junit.platform.engine.support.hierarchical.ThrowableCollector.execute(ThrowableCollector.java:73)
	at org.junit.platform.engine.support.hierarchical.NodeTestTask.executeRecursively(NodeTestTask.java:126)
	at org.junit.platform.engine.support.hierarchical.NodeTestTask.execute(NodeTestTask.java:84)
	at java.util.ArrayList.forEach(ArrayList.java:1259)
	at org.junit.platform.engine.support.hierarchical.SameThreadHierarchicalTestExecutorService.invokeAll(SameThreadHierarchicalTestExecutorService.java:38)
	at org.junit.platform.engine.support.hierarchical.NodeTestTask.lambda$executeRecursively$5(NodeTestTask.java:143)
	at org.junit.platform.engine.support.hierarchical.ThrowableCollector.execute(ThrowableCollector.java:73)
	at org.junit.platform.engine.support.hierarchical.NodeTestTask.lambda$executeRecursively$7(NodeTestTask.java:129)
	at org.junit.platform.engine.support.hierarchical.Node.around(Node.java:137)
	at org.junit.platform.engine.support.hierarchical.NodeTestTask.lambda$executeRecursively$8(NodeTestTask.java:127)
	at org.junit.platform.engine.support.hierarchical.ThrowableCollector.execute(ThrowableCollector.java:73)
	at org.junit.platform.engine.support.hierarchical.NodeTestTask.executeRecursively(NodeTestTask.java:126)
	at org.junit.platform.engine.support.hierarchical.NodeTestTask.execute(NodeTestTask.java:84)
	at java.util.ArrayList.forEach(ArrayList.java:1259)
	at org.junit.platform.engine.support.hierarchical.SameThreadHierarchicalTestExecutorService.invokeAll(SameThreadHierarchicalTestExecutorService.java:38)
	at org.junit.platform.engine.support.hierarchical.NodeTestTask.lambda$executeRecursively$5(NodeTestTask.java:143)
	at org.junit.platform.engine.support.hierarchical.ThrowableCollector.execute(ThrowableCollector.java:73)
	at org.junit.platform.engine.support.hierarchical.NodeTestTask.lambda$executeRecursively$7(NodeTestTask.java:129)
	at org.junit.platform.engine.support.hierarchical.Node.around(Node.java:137)
	at org.junit.platform.engine.support.hierarchical.NodeTestTask.lambda$executeRecursively$8(NodeTestTask.java:127)
	at org.junit.platform.engine.support.hierarchical.ThrowableCollector.execute(ThrowableCollector.java:73)
	at org.junit.platform.engine.support.hierarchical.NodeTestTask.executeRecursively(NodeTestTask.java:126)
	at org.junit.platform.engine.support.hierarchical.NodeTestTask.execute(NodeTestTask.java:84)
	at org.junit.platform.engine.support.hierarchical.SameThreadHierarchicalTestExecutorService.submit(SameThreadHierarchicalTestExecutorService.java:32)
	at org.junit.platform.engine.support.hierarchical.HierarchicalTestExecutor.execute(HierarchicalTestExecutor.java:57)
	at org.junit.platform.engine.support.hierarchical.HierarchicalTestEngine.execute(HierarchicalTestEngine.java:51)
	at org.junit.platform.launcher.core.EngineExecutionOrchestrator.execute(EngineExecutionOrchestrator.java:108)
	at org.junit.platform.launcher.core.EngineExecutionOrchestrator.execute(EngineExecutionOrchestrator.java:88)
	at org.junit.platform.launcher.core.EngineExecutionOrchestrator.lambda$execute$0(EngineExecutionOrchestrator.java:54)
	at org.junit.platform.launcher.core.EngineExecutionOrchestrator.withInterceptedStreams(EngineExecutionOrchestrator.java:67)
	at org.junit.platform.launcher.core.EngineExecutionOrchestrator.execute(EngineExecutionOrchestrator.java:52)
	at org.junit.platform.launcher.core.DefaultLauncher.execute(DefaultLauncher.java:96)
	at org.junit.platform.launcher.core.DefaultLauncher.execute(DefaultLauncher.java:75)
	at org.apache.maven.surefire.junitplatform.JUnitPlatformProvider.execute(JUnitPlatformProvider.java:188)
	at org.apache.maven.surefire.junitplatform.JUnitPlatformProvider.invokeAllTests(JUnitPlatformProvider.java:154)
	at org.apache.maven.surefire.junitplatform.JUnitPlatformProvider.invoke(JUnitPlatformProvider.java:124)
	at org.apache.maven.surefire.booter.ForkedBooter.runSuitesInProcess(ForkedBooter.java:428)
	at org.apache.maven.surefire.booter.ForkedBooter.execute(ForkedBooter.java:162)
	at org.apache.maven.surefire.booter.ForkedBooter.run(ForkedBooter.java:562)
	at org.apache.maven.surefire.booter.ForkedBooter.main(ForkedBooter.java:548)
]]></error>
    <system-out><![CDATA[2022-04-21 00:49:50,141 [main] WARN  server.ServerUtils (ServerUtils.java:getScmDbDir(148)) - ozone.scm.db.dirs is not configured. We recommend adding this setting. Falling back to ozone.metadata.dirs instead.
2022-04-21 00:49:50,192 [main] INFO  ha.SCMHANodeDetails (SCMHANodeDetails.java:loadSCMHAConfig(157)) - ServiceID for StorageContainerManager is null
2022-04-21 00:49:50,193 [main] INFO  ha.SCMHANodeDetails (SCMHANodeDetails.java:loadSCMHAConfig(162)) - ozone.scm.default.service.id is not defined, falling back to ozone.scm.service.ids to find serviceID for StorageContainerManager if it is HA enabled cluster
2022-04-21 00:49:50,357 [main] INFO  server.RaftServer (ConfUtils.java:logGet(44)) - raft.rpc.type = GRPC (default)
2022-04-21 00:49:50,434 [main] INFO  grpc.GrpcFactory (GrpcFactory.java:checkPooledByteBufAllocatorUseCacheForAllThreads(48)) - PERFORMANCE WARNING: useCacheForAllThreads is true that may cause Netty to create a lot garbage objects and, as a result, trigger GC.
	It is recommended to disable useCacheForAllThreads by setting -Dorg.apache.ratis.thirdparty.io.netty.allocator.useCacheForAllThreads=false in command line.
2022-04-21 00:49:50,439 [main] INFO  grpc.GrpcConfigKeys (ConfUtils.java:logGet(44)) - raft.grpc.admin.port = -1 (default)
2022-04-21 00:49:50,439 [main] INFO  grpc.GrpcConfigKeys (ConfUtils.java:logGet(44)) - raft.grpc.server.port = 9894 (custom)
2022-04-21 00:49:50,440 [main] INFO  grpc.GrpcConfigKeys (ConfUtils.java:logGet(44)) - raft.grpc.client.port = -1 (default)
2022-04-21 00:49:50,440 [main] INFO  grpc.GrpcConfigKeys (ConfUtils.java:logGet(44)) - raft.grpc.server.port = 9894 (custom)
2022-04-21 00:49:50,441 [main] INFO  grpc.GrpcConfigKeys (ConfUtils.java:logGet(44)) - raft.grpc.server.port = 9894 (custom)
2022-04-21 00:49:50,441 [main] INFO  server.GrpcService (ConfUtils.java:logGet(44)) - raft.grpc.message.size.max = 32m (=33554432) (custom)
2022-04-21 00:49:50,443 [main] INFO  server.RaftServerConfigKeys (ConfUtils.java:logGet(44)) - raft.server.log.appender.buffer.byte-limit = 33554432 (custom)
2022-04-21 00:49:50,443 [main] INFO  server.GrpcService (ConfUtils.java:logGet(44)) - raft.grpc.flow.control.window = 1MB (=1048576) (default)
2022-04-21 00:49:50,444 [main] INFO  server.RaftServerConfigKeys (ConfUtils.java:logGet(44)) - raft.server.rpc.request.timeout = 30000ms (custom)
2022-04-21 00:49:50,766 [main] INFO  impl.DataStreamServerImpl (ConfUtils.java:logGet(44)) - raft.datastream.type = DISABLED (default)
2022-04-21 00:49:50,768 [main] INFO  server.RaftServerConfigKeys (ConfUtils.java:logGet(44)) - raft.server.rpc.slowness.timeout = 120000ms (custom)
2022-04-21 00:49:50,769 [main] INFO  server.RaftServerConfigKeys (ConfUtils.java:logGet(44)) - raft.server.leaderelection.leader.step-down.wait-time = 10s (default)
2022-04-21 00:49:50,786 [main] INFO  server.RaftServerConfigKeys (ConfUtils.java:logGet(44)) - raft.server.storage.dir = [/home/runner/work/ozone/ozone/hadoop-ozone/integration-test/target/test-dir/MiniOzoneClusterImpl-cb023f66-64b5-4780-bc53-8cd5338cd4e2/ozone-meta/scm-ha] (custom)
2022-04-21 00:49:50,793 [main] INFO  server.RaftServer (RaftServerProxy.java:addNew(95)) - 52f37a01-89b5-406d-9bb0-8d12139c3c87: addNew group-8CD5338CD4E2:[52f37a01-89b5-406d-9bb0-8d12139c3c87|rpc:fv-az184-505:9894|priority:0] returns group-8CD5338CD4E2:java.util.concurrent.CompletableFuture@4b6ac111[Not completed]
2022-04-21 00:49:50,812 [pool-2-thread-1] INFO  server.RaftServer$Division (RaftServerImpl.java:<init>(184)) - 52f37a01-89b5-406d-9bb0-8d12139c3c87: new RaftServerImpl for group-8CD5338CD4E2:[52f37a01-89b5-406d-9bb0-8d12139c3c87|rpc:fv-az184-505:9894|priority:0] with SCMStateMachine:uninitialized
2022-04-21 00:49:50,814 [pool-2-thread-1] INFO  server.RaftServerConfigKeys (ConfUtils.java:logGet(44)) - raft.server.rpc.timeout.min = 5000ms (custom)
2022-04-21 00:49:50,814 [pool-2-thread-1] INFO  server.RaftServerConfigKeys (ConfUtils.java:logGet(44)) - raft.server.rpc.timeout.max = 5200ms (custom)
2022-04-21 00:49:50,814 [pool-2-thread-1] INFO  server.RaftServerConfigKeys (ConfUtils.java:logGet(44)) - raft.server.rpc.sleep.time = 25ms (default)
2022-04-21 00:49:50,815 [pool-2-thread-1] INFO  server.RaftServerConfigKeys (ConfUtils.java:logGet(44)) - raft.server.rpc.slowness.timeout = 120000ms (custom)
2022-04-21 00:49:50,815 [pool-2-thread-1] INFO  server.RaftServerConfigKeys (ConfUtils.java:logGet(44)) - raft.server.leaderelection.leader.step-down.wait-time = 10s (default)
2022-04-21 00:49:50,815 [pool-2-thread-1] INFO  server.RaftServerConfigKeys (ConfUtils.java:logGet(44)) - raft.server.sleep.deviation.threshold = 300ms (default)
2022-04-21 00:49:50,815 [pool-2-thread-1] INFO  server.RaftServerConfigKeys (ConfUtils.java:logGet(44)) - raft.server.log.appender.install.snapshot.enabled = false (custom)
2022-04-21 00:49:50,820 [pool-2-thread-1] INFO  server.RaftServer$Division (ServerState.java:<init>(105)) - 52f37a01-89b5-406d-9bb0-8d12139c3c87@group-8CD5338CD4E2: ConfigurationManager, init=-1: [52f37a01-89b5-406d-9bb0-8d12139c3c87|rpc:fv-az184-505:9894|priority:0], old=null, confs=<EMPTY_MAP>
2022-04-21 00:49:50,820 [pool-2-thread-1] INFO  server.RaftServerConfigKeys (ConfUtils.java:logGet(44)) - raft.server.storage.dir = [/home/runner/work/ozone/ozone/hadoop-ozone/integration-test/target/test-dir/MiniOzoneClusterImpl-cb023f66-64b5-4780-bc53-8cd5338cd4e2/ozone-meta/scm-ha] (custom)
2022-04-21 00:49:50,826 [pool-2-thread-1] INFO  server.RaftServerConfigKeys (ConfUtils.java:logGet(44)) - raft.server.log.corruption.policy = EXCEPTION (default)
2022-04-21 00:49:50,826 [pool-2-thread-1] INFO  server.RaftServerConfigKeys (ConfUtils.java:logGet(44)) - raft.server.storage.free-space.min = 0MB (=0) (default)
2022-04-21 00:49:50,828 [pool-2-thread-1] INFO  storage.RaftStorageDirectory (RaftStorageDirectoryImpl.java:analyzeStorage(135)) - The storage directory /home/runner/work/ozone/ozone/hadoop-ozone/integration-test/target/test-dir/MiniOzoneClusterImpl-cb023f66-64b5-4780-bc53-8cd5338cd4e2/ozone-meta/scm-ha/cb023f66-64b5-4780-bc53-8cd5338cd4e2 does not exist. Creating ...
2022-04-21 00:49:50,836 [pool-2-thread-1] INFO  storage.RaftStorageDirectory (RaftStorageDirectoryImpl.java:tryLock(230)) - Lock on /home/runner/work/ozone/ozone/hadoop-ozone/integration-test/target/test-dir/MiniOzoneClusterImpl-cb023f66-64b5-4780-bc53-8cd5338cd4e2/ozone-meta/scm-ha/cb023f66-64b5-4780-bc53-8cd5338cd4e2/in_use.lock acquired by nodename 11593@fv-az184-505
2022-04-21 00:49:50,843 [pool-2-thread-1] INFO  storage.RaftStorage (RaftStorageImpl.java:format(89)) - Storage directory /home/runner/work/ozone/ozone/hadoop-ozone/integration-test/target/test-dir/MiniOzoneClusterImpl-cb023f66-64b5-4780-bc53-8cd5338cd4e2/ozone-meta/scm-ha/cb023f66-64b5-4780-bc53-8cd5338cd4e2 has been successfully formatted.
2022-04-21 00:49:50,846 [pool-2-thread-1] INFO  server.RaftServerConfigKeys (ConfUtils.java:logGet(44)) - raft.server.notification.no-leader.timeout = 60s (default)
2022-04-21 00:49:50,848 [pool-2-thread-1] INFO  server.RaftServerConfigKeys (ConfUtils.java:logGet(44)) - raft.server.log.use.memory = false (default)
2022-04-21 00:49:50,855 [pool-2-thread-1] INFO  server.RaftServerConfigKeys (ConfUtils.java:logGet(44)) - raft.server.log.purge.gap = 1000000 (custom)
2022-04-21 00:49:50,855 [pool-2-thread-1] INFO  server.RaftServerConfigKeys (ConfUtils.java:logGet(44)) - raft.server.log.appender.buffer.byte-limit = 33554432 (custom)
2022-04-21 00:49:50,862 [pool-2-thread-1] INFO  metrics.MetricRegistries (MetricRegistriesLoader.java:load(64)) - Loaded MetricRegistries class org.apache.ratis.metrics.impl.MetricRegistriesImpl
2022-04-21 00:49:50,929 [pool-2-thread-1] INFO  server.RaftServerConfigKeys (ConfUtils.java:logGet(44)) - raft.server.log.segment.size.max = 4194304 (custom)
2022-04-21 00:49:50,937 [pool-2-thread-1] INFO  server.RaftServerConfigKeys (ConfUtils.java:logGet(44)) - raft.server.log.segment.cache.num.max = 2 (custom)
2022-04-21 00:49:50,937 [pool-2-thread-1] INFO  server.RaftServerConfigKeys (ConfUtils.java:logGet(44)) - raft.server.log.segment.cache.size.max = 200MB (=209715200) (default)
2022-04-21 00:49:50,943 [pool-2-thread-1] INFO  segmented.SegmentedRaftLogWorker (SegmentedRaftLogWorker.java:<init>(182)) - new 52f37a01-89b5-406d-9bb0-8d12139c3c87@group-8CD5338CD4E2-SegmentedRaftLogWorker for RaftStorageImpl:Storage Directory /home/runner/work/ozone/ozone/hadoop-ozone/integration-test/target/test-dir/MiniOzoneClusterImpl-cb023f66-64b5-4780-bc53-8cd5338cd4e2/ozone-meta/scm-ha/cb023f66-64b5-4780-bc53-8cd5338cd4e2
2022-04-21 00:49:50,943 [pool-2-thread-1] INFO  server.RaftServerConfigKeys (ConfUtils.java:logGet(44)) - raft.server.log.queue.byte-limit = 64MB (=67108864) (default)
2022-04-21 00:49:50,944 [pool-2-thread-1] INFO  server.RaftServerConfigKeys (ConfUtils.java:logGet(44)) - raft.server.log.queue.element-limit = 4096 (default)
2022-04-21 00:49:50,945 [pool-2-thread-1] INFO  server.RaftServerConfigKeys (ConfUtils.java:logGet(44)) - raft.server.log.segment.size.max = 4194304 (custom)
2022-04-21 00:49:50,945 [pool-2-thread-1] INFO  server.RaftServerConfigKeys (ConfUtils.java:logGet(44)) - raft.server.log.preallocated.size = 4194304 (custom)
2022-04-21 00:49:50,946 [pool-2-thread-1] INFO  server.RaftServerConfigKeys (ConfUtils.java:logGet(44)) - raft.server.log.force.sync.num = 128 (default)
2022-04-21 00:49:50,947 [pool-2-thread-1] INFO  server.RaftServerConfigKeys (ConfUtils.java:logGet(44)) - raft.server.log.statemachine.data.sync = true (default)
2022-04-21 00:49:50,947 [pool-2-thread-1] INFO  server.RaftServerConfigKeys (ConfUtils.java:logGet(44)) - raft.server.log.statemachine.data.sync.timeout = 10s (default)
2022-04-21 00:49:50,948 [pool-2-thread-1] INFO  server.RaftServerConfigKeys (ConfUtils.java:logGet(44)) - raft.server.log.statemachine.data.sync.timeout.retry = -1 (default)
2022-04-21 00:49:50,954 [pool-2-thread-1] INFO  server.RaftServerConfigKeys (ConfUtils.java:logGet(44)) - raft.server.log.write.buffer.size = 64KB (=65536) (default)
2022-04-21 00:49:50,955 [pool-2-thread-1] INFO  server.RaftServerConfigKeys (ConfUtils.java:logGet(44)) - raft.server.log.statemachine.data.caching.enabled = false (default)
2022-04-21 00:49:50,961 [pool-2-thread-1] INFO  segmented.SegmentedRaftLogWorker (SegmentedRaftLogWorker.java:lambda$new$0(133)) - 52f37a01-89b5-406d-9bb0-8d12139c3c87@group-8CD5338CD4E2-SegmentedRaftLogWorker: flushIndex: setUnconditionally 0 -> -1
2022-04-21 00:49:50,961 [pool-2-thread-1] INFO  segmented.SegmentedRaftLogWorker (SegmentedRaftLogWorker.java:lambda$new$0(133)) - 52f37a01-89b5-406d-9bb0-8d12139c3c87@group-8CD5338CD4E2-SegmentedRaftLogWorker: safeCacheEvictIndex: setUnconditionally 0 -> -1
2022-04-21 00:49:50,965 [pool-2-thread-1] INFO  server.RaftServerConfigKeys (ConfUtils.java:logGet(44)) - raft.server.snapshot.auto.trigger.enabled = true (custom)
2022-04-21 00:49:50,965 [pool-2-thread-1] INFO  server.RaftServerConfigKeys (ConfUtils.java:logGet(44)) - raft.server.snapshot.auto.trigger.threshold = 1000 (custom)
2022-04-21 00:49:50,966 [pool-2-thread-1] INFO  server.RaftServerConfigKeys (ConfUtils.java:logGet(44)) - raft.server.snapshot.retention.file.num = -1 (default)
2022-04-21 00:49:50,966 [pool-2-thread-1] INFO  server.RaftServerConfigKeys (ConfUtils.java:logGet(44)) - raft.server.log.purge.upto.snapshot.index = false (default)
2022-04-21 00:49:50,968 [pool-2-thread-1] INFO  server.RaftServerConfigKeys (ConfUtils.java:logGet(44)) - raft.server.retrycache.expirytime = 60000ms (default)
2022-04-21 00:49:50,968 [pool-2-thread-1] INFO  server.RaftServerConfigKeys (ConfUtils.java:logGet(44)) - raft.server.retrycache.statistics.expirytime = 100μs (default)
2022-04-21 00:49:51,005 [main] INFO  server.RaftServer$Division (RaftServerImpl.java:start(301)) - 52f37a01-89b5-406d-9bb0-8d12139c3c87@group-8CD5338CD4E2: start as a follower, conf=-1: [52f37a01-89b5-406d-9bb0-8d12139c3c87|rpc:fv-az184-505:9894|priority:0], old=null
2022-04-21 00:49:51,006 [main] INFO  server.RaftServer$Division (RaftServerImpl.java:setRole(290)) - 52f37a01-89b5-406d-9bb0-8d12139c3c87@group-8CD5338CD4E2: changes role from      null to FOLLOWER at term 0 for startAsFollower
2022-04-21 00:49:51,008 [main] INFO  impl.RoleInfo (RoleInfo.java:updateAndGet(130)) - 52f37a01-89b5-406d-9bb0-8d12139c3c87: start 52f37a01-89b5-406d-9bb0-8d12139c3c87@group-8CD5338CD4E2-FollowerState
2022-04-21 00:49:51,010 [main] INFO  util.JmxRegister (JmxRegister.java:tryRegister(44)) - Successfully registered JMX Bean with object name Ratis:service=RaftServer,group=group-8CD5338CD4E2,id=52f37a01-89b5-406d-9bb0-8d12139c3c87
2022-04-21 00:49:51,012 [main] INFO  server.RaftServer (RaftServerProxy.java:lambda$start$5(374)) - 52f37a01-89b5-406d-9bb0-8d12139c3c87: start RPC server
2022-04-21 00:49:51,067 [main] INFO  server.GrpcService (GrpcService.java:startImpl(253)) - 52f37a01-89b5-406d-9bb0-8d12139c3c87: GrpcService started, listening on 9894
2022-04-21 00:49:51,069 [org.apache.ratis.util.JvmPauseMonitor$$Lambda$525/1580874189@21f9277b] INFO  util.JvmPauseMonitor (JvmPauseMonitor.java:run(103)) - JvmPauseMonitor-52f37a01-89b5-406d-9bb0-8d12139c3c87: Started
2022-04-21 00:49:56,102 [52f37a01-89b5-406d-9bb0-8d12139c3c87@group-8CD5338CD4E2-FollowerState] INFO  impl.FollowerState (FollowerState.java:run(134)) - 52f37a01-89b5-406d-9bb0-8d12139c3c87@group-8CD5338CD4E2-FollowerState: change to CANDIDATE, lastRpcElapsedTime:5094525315ns, electionTimeout:5092ms
2022-04-21 00:49:56,103 [52f37a01-89b5-406d-9bb0-8d12139c3c87@group-8CD5338CD4E2-FollowerState] INFO  impl.RoleInfo (RoleInfo.java:shutdownFollowerState(108)) - 52f37a01-89b5-406d-9bb0-8d12139c3c87: shutdown 52f37a01-89b5-406d-9bb0-8d12139c3c87@group-8CD5338CD4E2-FollowerState
2022-04-21 00:49:56,103 [52f37a01-89b5-406d-9bb0-8d12139c3c87@group-8CD5338CD4E2-FollowerState] INFO  server.RaftServer$Division (RaftServerImpl.java:setRole(290)) - 52f37a01-89b5-406d-9bb0-8d12139c3c87@group-8CD5338CD4E2: changes role from  FOLLOWER to CANDIDATE at term 0 for changeToCandidate
2022-04-21 00:49:56,106 [52f37a01-89b5-406d-9bb0-8d12139c3c87@group-8CD5338CD4E2-FollowerState] INFO  server.RaftServerConfigKeys (ConfUtils.java:logGet(44)) - raft.server.leaderelection.pre-vote = false (custom)
2022-04-21 00:49:56,107 [52f37a01-89b5-406d-9bb0-8d12139c3c87@group-8CD5338CD4E2-FollowerState] INFO  impl.RoleInfo (RoleInfo.java:updateAndGet(130)) - 52f37a01-89b5-406d-9bb0-8d12139c3c87: start 52f37a01-89b5-406d-9bb0-8d12139c3c87@group-8CD5338CD4E2-LeaderElection1
2022-04-21 00:49:56,111 [52f37a01-89b5-406d-9bb0-8d12139c3c87@group-8CD5338CD4E2-LeaderElection1] INFO  impl.LeaderElection (LeaderElection.java:askForVotes(306)) - 52f37a01-89b5-406d-9bb0-8d12139c3c87@group-8CD5338CD4E2-LeaderElection1 ELECTION round 0: submit vote requests at term 1 for -1: [52f37a01-89b5-406d-9bb0-8d12139c3c87|rpc:fv-az184-505:9894|priority:0], old=null
2022-04-21 00:49:56,112 [52f37a01-89b5-406d-9bb0-8d12139c3c87@group-8CD5338CD4E2-LeaderElection1] INFO  impl.LeaderElection (LeaderElection.java:askForVotes(308)) - 52f37a01-89b5-406d-9bb0-8d12139c3c87@group-8CD5338CD4E2-LeaderElection1 ELECTION round 0: result PASSED (term=1)
2022-04-21 00:49:56,113 [52f37a01-89b5-406d-9bb0-8d12139c3c87@group-8CD5338CD4E2-LeaderElection1] INFO  impl.RoleInfo (RoleInfo.java:shutdownLeaderElection(121)) - 52f37a01-89b5-406d-9bb0-8d12139c3c87: shutdown 52f37a01-89b5-406d-9bb0-8d12139c3c87@group-8CD5338CD4E2-LeaderElection1
2022-04-21 00:49:56,113 [52f37a01-89b5-406d-9bb0-8d12139c3c87@group-8CD5338CD4E2-LeaderElection1] INFO  server.RaftServer$Division (RaftServerImpl.java:setRole(290)) - 52f37a01-89b5-406d-9bb0-8d12139c3c87@group-8CD5338CD4E2: changes role from CANDIDATE to LEADER at term 1 for changeToLeader
2022-04-21 00:49:56,113 [52f37a01-89b5-406d-9bb0-8d12139c3c87@group-8CD5338CD4E2-LeaderElection1] INFO  server.RaftServer$Division (ServerState.java:setLeader(285)) - 52f37a01-89b5-406d-9bb0-8d12139c3c87@group-8CD5338CD4E2: change Leader from null to 52f37a01-89b5-406d-9bb0-8d12139c3c87 at term 1 for becomeLeader, leader elected after 5267ms
2022-04-21 00:49:56,120 [52f37a01-89b5-406d-9bb0-8d12139c3c87@group-8CD5338CD4E2-LeaderElection1] INFO  server.RaftServerConfigKeys (ConfUtils.java:logGet(44)) - raft.server.staging.catchup.gap = 1000 (default)
2022-04-21 00:49:56,124 [52f37a01-89b5-406d-9bb0-8d12139c3c87@group-8CD5338CD4E2-LeaderElection1] INFO  server.RaftServerConfigKeys (ConfUtils.java:logGet(44)) - raft.server.write.element-limit = 4096 (default)
2022-04-21 00:49:56,125 [52f37a01-89b5-406d-9bb0-8d12139c3c87@group-8CD5338CD4E2-LeaderElection1] INFO  server.RaftServerConfigKeys (ConfUtils.java:logGet(44)) - raft.server.write.byte-limit = 64MB (=67108864) (default)
2022-04-21 00:49:56,131 [52f37a01-89b5-406d-9bb0-8d12139c3c87@group-8CD5338CD4E2-LeaderElection1] INFO  server.RaftServerConfigKeys (ConfUtils.java:logGet(44)) - raft.server.watch.timeout = 10s (default)
2022-04-21 00:49:56,132 [52f37a01-89b5-406d-9bb0-8d12139c3c87@group-8CD5338CD4E2-LeaderElection1] INFO  server.RaftServerConfigKeys (ConfUtils.java:logGet(44)) - raft.server.watch.timeout.denomination = 1s (default)
2022-04-21 00:49:56,132 [52f37a01-89b5-406d-9bb0-8d12139c3c87@group-8CD5338CD4E2-LeaderElection1] INFO  server.RaftServerConfigKeys (ConfUtils.java:logGet(44)) - raft.server.watch.element-limit = 65536 (default)
2022-04-21 00:49:56,136 [52f37a01-89b5-406d-9bb0-8d12139c3c87@group-8CD5338CD4E2-LeaderElection1] INFO  server.RaftServerConfigKeys (ConfUtils.java:logGet(44)) - raft.server.write.element-limit = 4096 (default)
2022-04-21 00:49:56,137 [52f37a01-89b5-406d-9bb0-8d12139c3c87@group-8CD5338CD4E2-LeaderElection1] INFO  server.RaftServerConfigKeys (ConfUtils.java:logGet(44)) - raft.server.write.follower.gap.ratio.max = -1.0 (default)
2022-04-21 00:49:56,139 [52f37a01-89b5-406d-9bb0-8d12139c3c87@group-8CD5338CD4E2-LeaderElection1] INFO  impl.RoleInfo (RoleInfo.java:updateAndGet(130)) - 52f37a01-89b5-406d-9bb0-8d12139c3c87: start 52f37a01-89b5-406d-9bb0-8d12139c3c87@group-8CD5338CD4E2-LeaderStateImpl
2022-04-21 00:49:56,162 [52f37a01-89b5-406d-9bb0-8d12139c3c87@group-8CD5338CD4E2-LeaderElection1] INFO  segmented.SegmentedRaftLogWorker (SegmentedRaftLogWorker.java:startLogSegment(394)) - 52f37a01-89b5-406d-9bb0-8d12139c3c87@group-8CD5338CD4E2-SegmentedRaftLogWorker: Starting segment from index:0
2022-04-21 00:49:56,193 [52f37a01-89b5-406d-9bb0-8d12139c3c87@group-8CD5338CD4E2-LeaderElection1] INFO  server.RaftServer$Division (ServerState.java:setRaftConf(387)) - 52f37a01-89b5-406d-9bb0-8d12139c3c87@group-8CD5338CD4E2: set configuration 0: [52f37a01-89b5-406d-9bb0-8d12139c3c87|rpc:fv-az184-505:9894|admin:|client:|dataStream:|priority:0], old=null
2022-04-21 00:49:56,246 [52f37a01-89b5-406d-9bb0-8d12139c3c87@group-8CD5338CD4E2-SegmentedRaftLogWorker] INFO  segmented.SegmentedRaftLogWorker (SegmentedRaftLogWorker.java:execute(601)) - 52f37a01-89b5-406d-9bb0-8d12139c3c87@group-8CD5338CD4E2-SegmentedRaftLogWorker: created new log segment /home/runner/work/ozone/ozone/hadoop-ozone/integration-test/target/test-dir/MiniOzoneClusterImpl-cb023f66-64b5-4780-bc53-8cd5338cd4e2/ozone-meta/scm-ha/cb023f66-64b5-4780-bc53-8cd5338cd4e2/current/log_inprogress_0
2022-04-21 00:49:57,071 [main] INFO  server.RaftServer (RaftServerProxy.java:lambda$close$6(391)) - 52f37a01-89b5-406d-9bb0-8d12139c3c87: close
2022-04-21 00:49:57,072 [main] INFO  server.RaftServer$Division (RaftServerImpl.java:lambda$close$4(412)) - 52f37a01-89b5-406d-9bb0-8d12139c3c87@group-8CD5338CD4E2: shutdown
2022-04-21 00:49:57,073 [main] INFO  util.JmxRegister (JmxRegister.java:unregister(73)) - Successfully un-registered JMX Bean with object name Ratis:service=RaftServer,group=group-8CD5338CD4E2,id=52f37a01-89b5-406d-9bb0-8d12139c3c87
2022-04-21 00:49:57,073 [main] INFO  impl.RoleInfo (RoleInfo.java:shutdownLeaderState(91)) - 52f37a01-89b5-406d-9bb0-8d12139c3c87: shutdown 52f37a01-89b5-406d-9bb0-8d12139c3c87@group-8CD5338CD4E2-LeaderStateImpl
2022-04-21 00:49:57,095 [main] INFO  impl.PendingRequests (PendingRequests.java:sendNotLeaderResponses(282)) - 52f37a01-89b5-406d-9bb0-8d12139c3c87@group-8CD5338CD4E2-PendingRequests: sendNotLeaderResponses
2022-04-21 00:49:57,098 [52f37a01-89b5-406d-9bb0-8d12139c3c87@group-8CD5338CD4E2-StateMachineUpdater] INFO  impl.StateMachineUpdater (StateMachineUpdater.java:takeSnapshot(281)) - 52f37a01-89b5-406d-9bb0-8d12139c3c87@group-8CD5338CD4E2-StateMachineUpdater: Took a snapshot at index 0
2022-04-21 00:49:57,098 [52f37a01-89b5-406d-9bb0-8d12139c3c87@group-8CD5338CD4E2-StateMachineUpdater] INFO  impl.StateMachineUpdater (StateMachineUpdater.java:lambda$new$0(89)) - 52f37a01-89b5-406d-9bb0-8d12139c3c87@group-8CD5338CD4E2-StateMachineUpdater: snapshotIndex: updateIncreasingly -1 -> 0
2022-04-21 00:49:57,101 [main] INFO  impl.StateMachineUpdater (StateMachineUpdater.java:stopAndJoin(149)) - 52f37a01-89b5-406d-9bb0-8d12139c3c87@group-8CD5338CD4E2-StateMachineUpdater: set stopIndex = 0
2022-04-21 00:49:57,101 [main] INFO  server.RaftServer$Division (ServerState.java:close(419)) - 52f37a01-89b5-406d-9bb0-8d12139c3c87@group-8CD5338CD4E2: closes. applyIndex: 0
2022-04-21 00:49:57,102 [52f37a01-89b5-406d-9bb0-8d12139c3c87@group-8CD5338CD4E2-SegmentedRaftLogWorker] INFO  segmented.SegmentedRaftLogWorker (SegmentedRaftLogWorker.java:run(327)) - 52f37a01-89b5-406d-9bb0-8d12139c3c87@group-8CD5338CD4E2-SegmentedRaftLogWorker was interrupted, exiting. There are 0 tasks remaining in the queue.
2022-04-21 00:49:57,104 [main] INFO  segmented.SegmentedRaftLogWorker (SegmentedRaftLogWorker.java:close(237)) - 52f37a01-89b5-406d-9bb0-8d12139c3c87@group-8CD5338CD4E2-SegmentedRaftLogWorker close()
2022-04-21 00:49:57,105 [main] INFO  server.GrpcService (GrpcService.java:closeImpl(262)) - 52f37a01-89b5-406d-9bb0-8d12139c3c87: shutdown server with port 9894 now
2022-04-21 00:49:57,112 [main] INFO  server.GrpcService (GrpcService.java:closeImpl(271)) - 52f37a01-89b5-406d-9bb0-8d12139c3c87: shutdown server with port 9894 successfully
2022-04-21 00:49:57,112 [org.apache.ratis.util.JvmPauseMonitor$$Lambda$525/1580874189@21f9277b] INFO  util.JvmPauseMonitor (JvmPauseMonitor.java:run(109)) - JvmPauseMonitor-52f37a01-89b5-406d-9bb0-8d12139c3c87: Stopped
2022-04-21 00:49:57,141 [main] INFO  ha.SCMHANodeDetails (SCMHANodeDetails.java:loadSCMHAConfig(157)) - ServiceID for StorageContainerManager is null
2022-04-21 00:49:57,141 [main] INFO  ha.SCMHANodeDetails (SCMHANodeDetails.java:loadSCMHAConfig(162)) - ozone.scm.default.service.id is not defined, falling back to ozone.scm.service.ids to find serviceID for StorageContainerManager if it is HA enabled cluster
2022-04-21 00:49:57,161 [main] WARN  server.ServerUtils (ServerUtils.java:getScmDbDir(148)) - ozone.scm.db.dirs is not configured. We recommend adding this setting. Falling back to ozone.metadata.dirs instead.
2022-04-21 00:49:57,164 [main] INFO  upgrade.AbstractLayoutVersionManager (AbstractLayoutVersionManager.java:init(79)) - Initializing Layout version manager with metadata layout = ERASURE_CODED_STORAGE_SUPPORT (version = 3), software layout = ERASURE_CODED_STORAGE_SUPPORT (version = 3)
2022-04-21 00:49:57,319 [main] INFO  reflections.Reflections (Reflections.java:scan(232)) - Reflections took 132 ms to scan 7 urls, producing 126 keys and 287 values 
2022-04-21 00:49:57,830 [main] WARN  utils.HAUtils (HAUtils.java:getMetaDir(342)) - ozone.scm.db.dirs is not configured. We recommend adding this setting. Falling back to ozone.metadata.dirs instead.
2022-04-21 00:49:57,953 [main] WARN  db.DBStoreBuilder (DBStoreBuilder.java:applyDBDefinition(145)) - ozone.scm.db.dirs is not configured. We recommend adding this setting. Falling back to ozone.metadata.dirs instead.
2022-04-21 00:49:58,108 [main] INFO  net.NodeSchemaLoader (NodeSchemaLoader.java:loadSchemaFromFile(129)) - Loading schema from [jar:file:/home/runner/.m2/repository/org/apache/ozone/hdds-common/1.3.0-SNAPSHOT/hdds-common-1.3.0-SNAPSHOT.jar!/network-topology-default.xml]
2022-04-21 00:49:58,110 [main] INFO  net.NodeSchemaLoader (NodeSchemaLoader.java:loadSchema(176)) - Loading network topology layer schema file
2022-04-21 00:49:58,169 [main] INFO  ha.SCMRatisServerImpl (SCMRatisServerImpl.java:<init>(88)) - starting Raft server for scm:52f37a01-89b5-406d-9bb0-8d12139c3c87
2022-04-21 00:49:58,173 [main] INFO  server.RaftServer (ConfUtils.java:logGet(44)) - raft.rpc.type = GRPC (default)
2022-04-21 00:49:58,173 [main] INFO  grpc.GrpcFactory (GrpcFactory.java:checkPooledByteBufAllocatorUseCacheForAllThreads(48)) - PERFORMANCE WARNING: useCacheForAllThreads is true that may cause Netty to create a lot garbage objects and, as a result, trigger GC.
	It is recommended to disable useCacheForAllThreads by setting -Dorg.apache.ratis.thirdparty.io.netty.allocator.useCacheForAllThreads=false in command line.
2022-04-21 00:49:58,173 [main] INFO  grpc.GrpcConfigKeys (ConfUtils.java:logGet(44)) - raft.grpc.admin.port = -1 (default)
2022-04-21 00:49:58,173 [main] INFO  grpc.GrpcConfigKeys (ConfUtils.java:logGet(44)) - raft.grpc.server.port = 9894 (custom)
2022-04-21 00:49:58,174 [main] INFO  grpc.GrpcConfigKeys (ConfUtils.java:logGet(44)) - raft.grpc.client.port = -1 (default)
2022-04-21 00:49:58,174 [main] INFO  grpc.GrpcConfigKeys (ConfUtils.java:logGet(44)) - raft.grpc.server.port = 9894 (custom)
2022-04-21 00:49:58,174 [main] INFO  grpc.GrpcConfigKeys (ConfUtils.java:logGet(44)) - raft.grpc.server.port = 9894 (custom)
2022-04-21 00:49:58,174 [main] INFO  server.GrpcService (ConfUtils.java:logGet(44)) - raft.grpc.message.size.max = 32m (=33554432) (custom)
2022-04-21 00:49:58,174 [main] INFO  server.RaftServerConfigKeys (ConfUtils.java:logGet(44)) - raft.server.log.appender.buffer.byte-limit = 33554432 (custom)
2022-04-21 00:49:58,175 [main] INFO  server.GrpcService (ConfUtils.java:logGet(44)) - raft.grpc.flow.control.window = 1MB (=1048576) (default)
2022-04-21 00:49:58,175 [main] INFO  server.RaftServerConfigKeys (ConfUtils.java:logGet(44)) - raft.server.rpc.request.timeout = 30000ms (custom)
2022-04-21 00:49:58,176 [main] INFO  impl.DataStreamServerImpl (ConfUtils.java:logGet(44)) - raft.datastream.type = DISABLED (default)
2022-04-21 00:49:58,177 [main] INFO  server.RaftServerConfigKeys (ConfUtils.java:logGet(44)) - raft.server.rpc.slowness.timeout = 120000ms (custom)
2022-04-21 00:49:58,177 [main] INFO  server.RaftServerConfigKeys (ConfUtils.java:logGet(44)) - raft.server.leaderelection.leader.step-down.wait-time = 10s (default)
2022-04-21 00:49:58,177 [main] INFO  server.RaftServerConfigKeys (ConfUtils.java:logGet(44)) - raft.server.storage.dir = [/home/runner/work/ozone/ozone/hadoop-ozone/integration-test/target/test-dir/MiniOzoneClusterImpl-cb023f66-64b5-4780-bc53-8cd5338cd4e2/ozone-meta/scm-ha] (custom)
2022-04-21 00:49:58,177 [main] INFO  server.RaftServer (RaftServerProxy.java:lambda$null$1(235)) - 52f37a01-89b5-406d-9bb0-8d12139c3c87: found a subdirectory /home/runner/work/ozone/ozone/hadoop-ozone/integration-test/target/test-dir/MiniOzoneClusterImpl-cb023f66-64b5-4780-bc53-8cd5338cd4e2/ozone-meta/scm-ha/cb023f66-64b5-4780-bc53-8cd5338cd4e2
2022-04-21 00:49:58,179 [main] INFO  server.RaftServer (RaftServerProxy.java:addNew(95)) - 52f37a01-89b5-406d-9bb0-8d12139c3c87: addNew group-8CD5338CD4E2:[] returns group-8CD5338CD4E2:java.util.concurrent.CompletableFuture@3086f480[Not completed]
2022-04-21 00:49:58,182 [pool-17-thread-1] INFO  server.RaftServer$Division (RaftServerImpl.java:<init>(184)) - 52f37a01-89b5-406d-9bb0-8d12139c3c87: new RaftServerImpl for group-8CD5338CD4E2:[] with SCMStateMachine:uninitialized
2022-04-21 00:49:58,182 [pool-17-thread-1] INFO  server.RaftServerConfigKeys (ConfUtils.java:logGet(44)) - raft.server.rpc.timeout.min = 5000ms (custom)
2022-04-21 00:49:58,182 [pool-17-thread-1] INFO  server.RaftServerConfigKeys (ConfUtils.java:logGet(44)) - raft.server.rpc.timeout.max = 5200ms (custom)
2022-04-21 00:49:58,182 [pool-17-thread-1] INFO  server.RaftServerConfigKeys (ConfUtils.java:logGet(44)) - raft.server.rpc.sleep.time = 25ms (default)
2022-04-21 00:49:58,182 [pool-17-thread-1] INFO  server.RaftServerConfigKeys (ConfUtils.java:logGet(44)) - raft.server.rpc.slowness.timeout = 120000ms (custom)
2022-04-21 00:49:58,183 [pool-17-thread-1] INFO  server.RaftServerConfigKeys (ConfUtils.java:logGet(44)) - raft.server.leaderelection.leader.step-down.wait-time = 10s (default)
2022-04-21 00:49:58,183 [pool-17-thread-1] INFO  server.RaftServerConfigKeys (ConfUtils.java:logGet(44)) - raft.server.sleep.deviation.threshold = 300ms (default)
2022-04-21 00:49:58,183 [pool-17-thread-1] INFO  server.RaftServerConfigKeys (ConfUtils.java:logGet(44)) - raft.server.log.appender.install.snapshot.enabled = false (custom)
2022-04-21 00:49:58,183 [pool-17-thread-1] INFO  server.RaftServer$Division (ServerState.java:<init>(105)) - 52f37a01-89b5-406d-9bb0-8d12139c3c87@group-8CD5338CD4E2: ConfigurationManager, init=-1: [], old=null, confs=<EMPTY_MAP>
2022-04-21 00:49:58,183 [pool-17-thread-1] INFO  server.RaftServerConfigKeys (ConfUtils.java:logGet(44)) - raft.server.storage.dir = [/home/runner/work/ozone/ozone/hadoop-ozone/integration-test/target/test-dir/MiniOzoneClusterImpl-cb023f66-64b5-4780-bc53-8cd5338cd4e2/ozone-meta/scm-ha] (custom)
2022-04-21 00:49:58,183 [pool-17-thread-1] INFO  server.RaftServerConfigKeys (ConfUtils.java:logGet(44)) - raft.server.log.corruption.policy = EXCEPTION (default)
2022-04-21 00:49:58,183 [pool-17-thread-1] INFO  server.RaftServerConfigKeys (ConfUtils.java:logGet(44)) - raft.server.storage.free-space.min = 0MB (=0) (default)
2022-04-21 00:49:58,185 [pool-17-thread-1] INFO  storage.RaftStorageDirectory (RaftStorageDirectoryImpl.java:tryLock(230)) - Lock on /home/runner/work/ozone/ozone/hadoop-ozone/integration-test/target/test-dir/MiniOzoneClusterImpl-cb023f66-64b5-4780-bc53-8cd5338cd4e2/ozone-meta/scm-ha/cb023f66-64b5-4780-bc53-8cd5338cd4e2/in_use.lock acquired by nodename 11593@fv-az184-505
2022-04-21 00:49:58,185 [pool-17-thread-1] INFO  storage.RaftStorage (RaftStorageImpl.java:analyzeAndRecoverStorage(110)) - Read RaftStorageMetadata{term=1, votedFor=52f37a01-89b5-406d-9bb0-8d12139c3c87} from /home/runner/work/ozone/ozone/hadoop-ozone/integration-test/target/test-dir/MiniOzoneClusterImpl-cb023f66-64b5-4780-bc53-8cd5338cd4e2/ozone-meta/scm-ha/cb023f66-64b5-4780-bc53-8cd5338cd4e2/current/raft-meta
2022-04-21 00:49:58,195 [pool-17-thread-1] INFO  server.RaftServer$Division (ServerState.java:setRaftConf(387)) - 52f37a01-89b5-406d-9bb0-8d12139c3c87@group-8CD5338CD4E2: set configuration 0: [52f37a01-89b5-406d-9bb0-8d12139c3c87|rpc:fv-az184-505:9894|admin:|client:|dataStream:|priority:0], old=null
2022-04-21 00:49:58,195 [pool-17-thread-1] INFO  server.RaftServerConfigKeys (ConfUtils.java:logGet(44)) - raft.server.notification.no-leader.timeout = 60s (default)
2022-04-21 00:49:58,195 [pool-17-thread-1] INFO  server.RaftServerConfigKeys (ConfUtils.java:logGet(44)) - raft.server.log.use.memory = false (default)
2022-04-21 00:49:58,196 [pool-17-thread-1] INFO  server.RaftServerConfigKeys (ConfUtils.java:logGet(44)) - raft.server.log.purge.gap = 1000000 (custom)
2022-04-21 00:49:58,196 [pool-17-thread-1] INFO  server.RaftServerConfigKeys (ConfUtils.java:logGet(44)) - raft.server.log.appender.buffer.byte-limit = 33554432 (custom)
2022-04-21 00:49:58,283 [pool-17-thread-1] INFO  server.RaftServerConfigKeys (ConfUtils.java:logGet(44)) - raft.server.log.segment.size.max = 4194304 (custom)
2022-04-21 00:49:58,284 [pool-17-thread-1] INFO  server.RaftServerConfigKeys (ConfUtils.java:logGet(44)) - raft.server.log.segment.cache.num.max = 2 (custom)
2022-04-21 00:49:58,285 [pool-17-thread-1] INFO  server.RaftServerConfigKeys (ConfUtils.java:logGet(44)) - raft.server.log.segment.cache.size.max = 200MB (=209715200) (default)
2022-04-21 00:49:58,285 [pool-17-thread-1] INFO  segmented.SegmentedRaftLogWorker (SegmentedRaftLogWorker.java:<init>(182)) - new 52f37a01-89b5-406d-9bb0-8d12139c3c87@group-8CD5338CD4E2-SegmentedRaftLogWorker for RaftStorageImpl:Storage Directory /home/runner/work/ozone/ozone/hadoop-ozone/integration-test/target/test-dir/MiniOzoneClusterImpl-cb023f66-64b5-4780-bc53-8cd5338cd4e2/ozone-meta/scm-ha/cb023f66-64b5-4780-bc53-8cd5338cd4e2
2022-04-21 00:49:58,285 [pool-17-thread-1] INFO  server.RaftServerConfigKeys (ConfUtils.java:logGet(44)) - raft.server.log.queue.byte-limit = 64MB (=67108864) (default)
2022-04-21 00:49:58,285 [pool-17-thread-1] INFO  server.RaftServerConfigKeys (ConfUtils.java:logGet(44)) - raft.server.log.queue.element-limit = 4096 (default)
2022-04-21 00:49:58,285 [pool-17-thread-1] INFO  server.RaftServerConfigKeys (ConfUtils.java:logGet(44)) - raft.server.log.segment.size.max = 4194304 (custom)
2022-04-21 00:49:58,285 [pool-17-thread-1] INFO  server.RaftServerConfigKeys (ConfUtils.java:logGet(44)) - raft.server.log.preallocated.size = 4194304 (custom)
2022-04-21 00:49:58,285 [pool-17-thread-1] INFO  server.RaftServerConfigKeys (ConfUtils.java:logGet(44)) - raft.server.log.force.sync.num = 128 (default)
2022-04-21 00:49:58,285 [pool-17-thread-1] INFO  server.RaftServerConfigKeys (ConfUtils.java:logGet(44)) - raft.server.log.statemachine.data.sync = true (default)
2022-04-21 00:49:58,285 [pool-17-thread-1] INFO  server.RaftServerConfigKeys (ConfUtils.java:logGet(44)) - raft.server.log.statemachine.data.sync.timeout = 10s (default)
2022-04-21 00:49:58,285 [pool-17-thread-1] INFO  server.RaftServerConfigKeys (ConfUtils.java:logGet(44)) - raft.server.log.statemachine.data.sync.timeout.retry = -1 (default)
2022-04-21 00:49:58,286 [pool-17-thread-1] INFO  server.RaftServerConfigKeys (ConfUtils.java:logGet(44)) - raft.server.log.write.buffer.size = 64KB (=65536) (default)
2022-04-21 00:49:58,286 [pool-17-thread-1] INFO  server.RaftServerConfigKeys (ConfUtils.java:logGet(44)) - raft.server.log.statemachine.data.caching.enabled = false (default)
2022-04-21 00:49:58,309 [pool-17-thread-1] INFO  server.RaftServer$Division (ServerState.java:setRaftConf(387)) - 52f37a01-89b5-406d-9bb0-8d12139c3c87@group-8CD5338CD4E2: set configuration 0: [52f37a01-89b5-406d-9bb0-8d12139c3c87|rpc:fv-az184-505:9894|admin:|client:|dataStream:|priority:0], old=null
2022-04-21 00:49:58,310 [pool-17-thread-1] INFO  segmented.LogSegment (LogSegment.java:loadSegment(173)) - Successfully read 1 entries from segment file /home/runner/work/ozone/ozone/hadoop-ozone/integration-test/target/test-dir/MiniOzoneClusterImpl-cb023f66-64b5-4780-bc53-8cd5338cd4e2/ozone-meta/scm-ha/cb023f66-64b5-4780-bc53-8cd5338cd4e2/current/log_inprogress_0
2022-04-21 00:49:58,310 [pool-17-thread-1] INFO  segmented.SegmentedRaftLogWorker (SegmentedRaftLogWorker.java:lambda$new$0(133)) - 52f37a01-89b5-406d-9bb0-8d12139c3c87@group-8CD5338CD4E2-SegmentedRaftLogWorker: flushIndex: setUnconditionally 0 -> 0
2022-04-21 00:49:58,311 [pool-17-thread-1] INFO  segmented.SegmentedRaftLogWorker (SegmentedRaftLogWorker.java:lambda$new$0(133)) - 52f37a01-89b5-406d-9bb0-8d12139c3c87@group-8CD5338CD4E2-SegmentedRaftLogWorker: safeCacheEvictIndex: setUnconditionally 0 -> -1
2022-04-21 00:49:58,311 [pool-17-thread-1] INFO  server.RaftServerConfigKeys (ConfUtils.java:logGet(44)) - raft.server.snapshot.auto.trigger.enabled = true (custom)
2022-04-21 00:49:58,311 [pool-17-thread-1] INFO  server.RaftServerConfigKeys (ConfUtils.java:logGet(44)) - raft.server.snapshot.auto.trigger.threshold = 1000 (custom)
2022-04-21 00:49:58,311 [pool-17-thread-1] INFO  server.RaftServerConfigKeys (ConfUtils.java:logGet(44)) - raft.server.snapshot.retention.file.num = -1 (default)
2022-04-21 00:49:58,311 [pool-17-thread-1] INFO  server.RaftServerConfigKeys (ConfUtils.java:logGet(44)) - raft.server.log.purge.upto.snapshot.index = false (default)
2022-04-21 00:49:58,312 [pool-17-thread-1] INFO  server.RaftServerConfigKeys (ConfUtils.java:logGet(44)) - raft.server.retrycache.expirytime = 60000ms (default)
2022-04-21 00:49:58,312 [pool-17-thread-1] INFO  server.RaftServerConfigKeys (ConfUtils.java:logGet(44)) - raft.server.retrycache.statistics.expirytime = 100μs (default)
2022-04-21 00:49:58,315 [main] INFO  ha.SCMSnapshotProvider (SCMSnapshotProvider.java:<init>(66)) - Initializing SCM Snapshot Provider
2022-04-21 00:49:58,315 [main] WARN  server.ServerUtils (ServerUtils.java:getDefaultRatisDirectory(237)) - Storage directory for Ratis is not configured. It is a good idea to map this to an SSD disk. Falling back to ozone.metadata.dirs
2022-04-21 00:49:58,315 [main] WARN  ha.SCMHAUtils (SCMHAUtils.java:getSCMRatisSnapshotDirectory(151)) - SCM snapshot dir is not configured. Falling back to ozone.metadata.dirs config
2022-04-21 00:49:58,341 [main] INFO  ha.SequenceIdGenerator (SequenceIdGenerator.java:upgradeToSequenceId(347)) - upgrade localId to 109611004723200000
2022-04-21 00:49:58,341 [main] INFO  ha.SequenceIdGenerator (SequenceIdGenerator.java:upgradeToSequenceId(357)) - upgrade delTxnId to 0
2022-04-21 00:49:58,344 [main] INFO  ha.SequenceIdGenerator (SequenceIdGenerator.java:upgradeToSequenceId(371)) - upgrade containerId to 0
2022-04-21 00:49:58,346 [main] INFO  ha.SequenceIdGenerator (SequenceIdGenerator.java:<init>(218)) - Init the HA SequenceIdGenerator.
2022-04-21 00:49:58,385 [main] WARN  server.ServerUtils (ServerUtils.java:sanitizeUserArgs(73)) - ozone.scm.stale.node.interval value = 300000 is larger than max = 100000 based on the key value of ozone.scm.heartbeat.thread.interval, reset to the max value 100000.
2022-04-21 00:49:58,385 [main] WARN  server.ServerUtils (ServerUtils.java:sanitizeUserArgs(73)) - ozone.scm.stale.node.interval value = 300000 is larger than max = 100000 based on the key value of ozone.scm.heartbeat.thread.interval, reset to the max value 100000.
2022-04-21 00:49:58,390 [main] INFO  node.SCMNodeManager (SCMNodeManager.java:<init>(146)) - Entering startup safe mode.
2022-04-21 00:49:58,462 [main] INFO  algorithms.ContainerPlacementPolicyFactory (ContainerPlacementPolicyFactory.java:getPolicyInternal(86)) - Create container placement policy of type org.apache.hadoop.hdds.scm.container.placement.algorithms.SCMContainerPlacementRandom
2022-04-21 00:49:58,471 [main] INFO  pipeline.PipelineStateManagerImpl (PipelineStateManagerImpl.java:initialize(78)) - No pipeline exists in current db
2022-04-21 00:49:58,508 [main] INFO  algorithms.LeaderChoosePolicyFactory (LeaderChoosePolicyFactory.java:getPolicy(57)) - Create leader choose policy of type org.apache.hadoop.hdds.scm.pipeline.leader.choose.algorithms.MinLeaderCountChoosePolicy
2022-04-21 00:49:58,509 [main] INFO  algorithms.ContainerPlacementPolicyFactory (ContainerPlacementPolicyFactory.java:getPolicyInternal(86)) - Create container placement policy of type org.apache.hadoop.hdds.scm.container.placement.algorithms.SCMContainerPlacementRackScatter
2022-04-21 00:49:58,516 [main] INFO  ha.SCMServiceManager (SCMServiceManager.java:register(42)) - Registering service BackgroundPipelineCreator.
2022-04-21 00:49:58,516 [main] INFO  pipeline.BackgroundPipelineCreator (BackgroundPipelineCreator.java:start(129)) - Starting RatisPipelineUtilsThread.
2022-04-21 00:49:58,552 [main] INFO  algorithms.PipelineChoosePolicyFactory (PipelineChoosePolicyFactory.java:createPipelineChoosePolicyFromClass(73)) - Create pipeline choose policy of type org.apache.hadoop.hdds.scm.pipeline.choose.algorithms.RandomPipelineChoosePolicy
2022-04-21 00:49:58,571 [main] INFO  ha.SCMServiceManager (SCMServiceManager.java:register(42)) - Registering service SCMBlockDeletingService.
2022-04-21 00:49:58,596 [main] INFO  ha.SCMServiceManager (SCMServiceManager.java:register(42)) - Registering service ReplicationManager.
2022-04-21 00:49:58,607 [main] INFO  container.ReplicationManager (ReplicationManager.java:start(326)) - Starting Replication Monitor Thread.
2022-04-21 00:49:58,615 [ReplicationMonitor] INFO  container.ReplicationManager (ReplicationManager.java:processAll(374)) - Replication Manager is not ready to run until 3000ms after safemode exit
2022-04-21 00:49:58,618 [main] INFO  safemode.ContainerSafeModeRule (ContainerSafeModeRule.java:<init>(89)) - containers with one replica threshold count 0
2022-04-21 00:49:58,622 [main] INFO  safemode.HealthyPipelineSafeModeRule (HealthyPipelineSafeModeRule.java:initializeRule(156)) - Total pipeline count is 0, healthy pipeline threshold count is 1
2022-04-21 00:49:58,624 [main] INFO  safemode.OneReplicaPipelineSafeModeRule (OneReplicaPipelineSafeModeRule.java:initializeRule(180)) - Total pipeline count is 0, pipeline's with at least one datanode reported threshold count is 0
2022-04-21 00:49:58,939 [main] INFO  audit.AuditLogger (AuditLogger.java:refreshDebugCmdSet(120)) - Refresh DebugCmdSet for SCMAudit to [].
2022-04-21 00:49:58,970 [main] INFO  ipc.CallQueueManager (CallQueueManager.java:<init>(90)) - Using callQueue: class java.util.concurrent.LinkedBlockingQueue, queueCapacity: 2000, scheduler: class org.apache.hadoop.ipc.DefaultRpcScheduler, ipcBackoff: false.
2022-04-21 00:49:59,005 [Socket Reader #1 for port 0] INFO  ipc.Server (Server.java:run(1265)) - Starting Socket Reader #1 for port 0
2022-04-21 00:49:59,068 [Listener at 0.0.0.0/44115] INFO  audit.AuditLogger (AuditLogger.java:refreshDebugCmdSet(120)) - Refresh DebugCmdSet for SCMAudit to [].
2022-04-21 00:49:59,080 [Listener at 0.0.0.0/44115] INFO  ipc.CallQueueManager (CallQueueManager.java:<init>(90)) - Using callQueue: class java.util.concurrent.LinkedBlockingQueue, queueCapacity: 2000, scheduler: class org.apache.hadoop.ipc.DefaultRpcScheduler, ipcBackoff: false.
2022-04-21 00:49:59,084 [Socket Reader #1 for port 0] INFO  ipc.Server (Server.java:run(1265)) - Starting Socket Reader #1 for port 0
2022-04-21 00:49:59,121 [Listener at 0.0.0.0/46789] INFO  audit.AuditLogger (AuditLogger.java:refreshDebugCmdSet(120)) - Refresh DebugCmdSet for SCMAudit to [].
2022-04-21 00:49:59,133 [Listener at 0.0.0.0/46789] INFO  ipc.CallQueueManager (CallQueueManager.java:<init>(90)) - Using callQueue: class java.util.concurrent.LinkedBlockingQueue, queueCapacity: 2000, scheduler: class org.apache.hadoop.ipc.DefaultRpcScheduler, ipcBackoff: false.
2022-04-21 00:49:59,135 [Socket Reader #1 for port 0] INFO  ipc.Server (Server.java:run(1265)) - Starting Socket Reader #1 for port 0
2022-04-21 00:49:59,206 [Listener at 0.0.0.0/36639] INFO  server.StorageContainerManager (StorageContainerManager.java:<init>(390)) - 
Container Balancer status:
Key                            Value
Running                        false
Container Balancer Configuration values:
Key                                                Value
Threshold                                          10
Max Datanodes to Involve per Iteration(percent)    20
Max Size to Move per Iteration                     500GB
Max Size Entering Target per Iteration             26GB
Max Size Leaving Source per Iteration              26GB

2022-04-21 00:49:59,207 [Listener at 0.0.0.0/36639] WARN  events.EventQueue (EventQueue.java:fireEvent(194)) - No event handler registered for event TypedEvent{payloadType=SafeModeStatus, name='Safe mode status'}
2022-04-21 00:49:59,207 [Listener at 0.0.0.0/36639] INFO  ha.SCMContext (SCMContext.java:updateSafeModeStatus(211)) - Update SafeModeStatus from SafeModeStatus{safeModeStatus=true, preCheckPassed=false} to SafeModeStatus{safeModeStatus=true, preCheckPassed=false}.
2022-04-21 00:49:59,211 [Listener at 0.0.0.0/36639] INFO  server.StorageContainerManager (StorageContainerManager.java:start(1328)) - StorageContainerLocationProtocol RPC server is listening at /0.0.0.0:36639
2022-04-21 00:49:59,212 [Listener at 0.0.0.0/36639] INFO  ha.SCMRatisServerImpl (SCMRatisServerImpl.java:start(179)) - starting ratis server 0.0.0.0:9894
2022-04-21 00:49:59,212 [Listener at 0.0.0.0/36639] INFO  server.RaftServer$Division (RaftServerImpl.java:start(301)) - 52f37a01-89b5-406d-9bb0-8d12139c3c87@group-8CD5338CD4E2: start as a follower, conf=0: [52f37a01-89b5-406d-9bb0-8d12139c3c87|rpc:fv-az184-505:9894|admin:|client:|dataStream:|priority:0], old=null
2022-04-21 00:49:59,213 [Listener at 0.0.0.0/36639] INFO  server.RaftServer$Division (RaftServerImpl.java:setRole(290)) - 52f37a01-89b5-406d-9bb0-8d12139c3c87@group-8CD5338CD4E2: changes role from      null to FOLLOWER at term 1 for startAsFollower
2022-04-21 00:49:59,213 [Listener at 0.0.0.0/36639] INFO  impl.RoleInfo (RoleInfo.java:updateAndGet(130)) - 52f37a01-89b5-406d-9bb0-8d12139c3c87: start 52f37a01-89b5-406d-9bb0-8d12139c3c87@group-8CD5338CD4E2-FollowerState
2022-04-21 00:49:59,214 [Listener at 0.0.0.0/36639] INFO  util.JmxRegister (JmxRegister.java:tryRegister(44)) - Successfully registered JMX Bean with object name Ratis:service=RaftServer,group=group-8CD5338CD4E2,id=52f37a01-89b5-406d-9bb0-8d12139c3c87
2022-04-21 00:49:59,219 [Listener at 0.0.0.0/36639] INFO  server.RaftServer (RaftServerProxy.java:lambda$start$5(374)) - 52f37a01-89b5-406d-9bb0-8d12139c3c87: start RPC server
2022-04-21 00:49:59,221 [Listener at 0.0.0.0/36639] INFO  server.GrpcService (GrpcService.java:startImpl(253)) - 52f37a01-89b5-406d-9bb0-8d12139c3c87: GrpcService started, listening on 9894
2022-04-21 00:49:59,222 [Listener at 0.0.0.0/36639] INFO  ha.SCMHAManagerImpl (SCMHAManagerImpl.java:start(121)) -  scm role is FOLLOWER peers [52f37a01-89b5-406d-9bb0-8d12139c3c87|rpc:fv-az184-505:9894|admin:|client:|dataStream:|priority:0]
2022-04-21 00:49:59,222 [Listener at 0.0.0.0/36639] INFO  ha.InterSCMGrpcService (InterSCMGrpcProtocolService.java:start(94)) - Starting SCM Grpc Service at port 9895
2022-04-21 00:49:59,236 [org.apache.ratis.util.JvmPauseMonitor$$Lambda$525/1580874189@54e680fe] INFO  util.JvmPauseMonitor (JvmPauseMonitor.java:run(103)) - JvmPauseMonitor-52f37a01-89b5-406d-9bb0-8d12139c3c87: Started
2022-04-21 00:49:59,299 [Listener at 0.0.0.0/36639] WARN  impl.MetricsConfig (MetricsConfig.java:loadFirst(136)) - Cannot locate configuration: tried hadoop-metrics2-storagecontainermanager.properties,hadoop-metrics2.properties
2022-04-21 00:49:59,316 [Listener at 0.0.0.0/36639] INFO  impl.MetricsSystemImpl (MetricsSystemImpl.java:startTimer(378)) - Scheduled Metric snapshot period at 10 second(s).
2022-04-21 00:49:59,317 [Listener at 0.0.0.0/36639] INFO  impl.MetricsSystemImpl (MetricsSystemImpl.java:start(191)) - StorageContainerManager metrics system started
2022-04-21 00:49:59,574 [Listener at 0.0.0.0/36639] INFO  server.SCMClientProtocolServer (SCMClientProtocolServer.java:start(169)) - RPC server for Client  is listening at /0.0.0.0:36639
2022-04-21 00:49:59,574 [IPC Server Responder] INFO  ipc.Server (Server.java:run(1507)) - IPC Server Responder: starting
2022-04-21 00:49:59,588 [Listener at 0.0.0.0/36639] INFO  server.StorageContainerManager (StorageContainerManager.java:start(1343)) - ScmBlockLocationProtocol RPC server is listening at /0.0.0.0:46789
2022-04-21 00:49:59,589 [Listener at 0.0.0.0/36639] INFO  server.SCMBlockProtocolServer (SCMBlockProtocolServer.java:start(151)) - RPC server for Block Protocol is listening at /0.0.0.0:46789
2022-04-21 00:49:59,590 [IPC Server Responder] INFO  ipc.Server (Server.java:run(1507)) - IPC Server Responder: starting
2022-04-21 00:49:59,590 [IPC Server listener on 0] INFO  ipc.Server (Server.java:run(1344)) - IPC Server listener on 0: starting
2022-04-21 00:49:59,597 [IPC Server listener on 0] INFO  ipc.Server (Server.java:run(1344)) - IPC Server listener on 0: starting
2022-04-21 00:49:59,612 [org.apache.hadoop.util.JvmPauseMonitor$Monitor@2175d53f] INFO  util.JvmPauseMonitor (JvmPauseMonitor.java:run(188)) - Starting JVM pause monitor
2022-04-21 00:49:59,623 [Listener at 0.0.0.0/36639] INFO  http.BaseHttpServer (BaseHttpServer.java:newHttpServer2BuilderForOzone(209)) - Starting Web-server for scm at: http://0.0.0.0:0
2022-04-21 00:49:59,623 [Listener at 0.0.0.0/36639] INFO  http.BaseHttpServer (BaseHttpServer.java:<init>(107)) - Hadoop Security Enabled: false Ozone Security Enabled: false Ozone HTTP Security Enabled: false 
2022-04-21 00:49:59,649 [Listener at 0.0.0.0/36639] INFO  util.log (Log.java:initialized(170)) - Logging initialized @10767ms to org.eclipse.jetty.util.log.Slf4jLog
2022-04-21 00:49:59,750 [Listener at 0.0.0.0/36639] INFO  server.AuthenticationFilter (AuthenticationFilter.java:constructSecretProvider(240)) - Unable to initialize FileSignerSecretProvider, falling back to use random secrets.
2022-04-21 00:49:59,755 [Listener at 0.0.0.0/36639] WARN  http.HttpRequestLog (HttpRequestLog.java:getRequestLog(103)) - Jetty request log can only be enabled using Log4j
2022-04-21 00:49:59,760 [Listener at 0.0.0.0/36639] INFO  http.HttpServer2 (HttpServer2.java:addGlobalFilter(1030)) - Added global filter 'safety' (class=org.apache.hadoop.hdds.server.http.HttpServer2$QuotingInputFilter)
2022-04-21 00:49:59,762 [Listener at 0.0.0.0/36639] INFO  http.HttpServer2 (HttpServer2.java:addFilter(1006)) - Added filter static_user_filter (class=org.apache.hadoop.http.lib.StaticUserWebFilter$StaticUserFilter) to context scm
2022-04-21 00:49:59,763 [Listener at 0.0.0.0/36639] INFO  http.HttpServer2 (HttpServer2.java:addFilter(1014)) - Added filter static_user_filter (class=org.apache.hadoop.http.lib.StaticUserWebFilter$StaticUserFilter) to context static
2022-04-21 00:49:59,763 [Listener at 0.0.0.0/36639] INFO  http.HttpServer2 (HttpServer2.java:addFilter(1014)) - Added filter static_user_filter (class=org.apache.hadoop.http.lib.StaticUserWebFilter$StaticUserFilter) to context logs
2022-04-21 00:49:59,801 [Listener at 0.0.0.0/36639] INFO  http.HttpServer2 (HttpServer2.java:bindListener(1249)) - Jetty bound to port 37463
2022-04-21 00:49:59,803 [Listener at 0.0.0.0/36639] INFO  server.Server (Server.java:doStart(375)) - jetty-9.4.43.v20210629; built: 2021-06-30T11:07:22.254Z; git: 526006ecfa3af7f1a27ef3a288e2bef7ea9dd7e8; jvm 1.8.0_322-b06
2022-04-21 00:49:59,834 [Listener at 0.0.0.0/36639] INFO  server.session (DefaultSessionIdManager.java:doStart(334)) - DefaultSessionIdManager workerName=node0
2022-04-21 00:49:59,835 [Listener at 0.0.0.0/36639] INFO  server.session (DefaultSessionIdManager.java:doStart(339)) - No SessionScavenger set, using defaults
2022-04-21 00:49:59,836 [Listener at 0.0.0.0/36639] INFO  server.session (HouseKeeper.java:startScavenging(132)) - node0 Scavenging every 600000ms
2022-04-21 00:49:59,848 [Listener at 0.0.0.0/36639] INFO  handler.ContextHandler (ContextHandler.java:doStart(915)) - Started o.e.j.s.ServletContextHandler@426bf2f2{logs,/logs,file:///home/runner/work/ozone/ozone/hadoop-ozone/integration-test/target/log,AVAILABLE}
2022-04-21 00:49:59,849 [Listener at 0.0.0.0/36639] INFO  handler.ContextHandler (ContextHandler.java:doStart(915)) - Started o.e.j.s.ServletContextHandler@1c571162{static,/static,file:///home/runner/work/ozone/ozone/hadoop-ozone/integration-test/target/test-classes/webapps/static,AVAILABLE}
2022-04-21 00:49:59,890 [Listener at 0.0.0.0/36639] INFO  handler.ContextHandler (ContextHandler.java:doStart(915)) - Started o.e.j.w.WebAppContext@4daead88{scm,/,file:///home/runner/work/ozone/ozone/hadoop-ozone/integration-test/target/test-classes/webapps/scm/,AVAILABLE}{file:/home/runner/work/ozone/ozone/hadoop-ozone/integration-test/target/test-classes/webapps/scm}
2022-04-21 00:49:59,899 [Listener at 0.0.0.0/36639] INFO  server.AbstractConnector (AbstractConnector.java:doStart(331)) - Started ServerConnector@40ebb56{HTTP/1.1, (http/1.1)}{0.0.0.0:37463}
2022-04-21 00:49:59,899 [Listener at 0.0.0.0/36639] INFO  server.Server (Server.java:doStart(415)) - Started @11017ms
2022-04-21 00:49:59,903 [Listener at 0.0.0.0/36639] INFO  impl.MetricsSinkAdapter (MetricsSinkAdapter.java:start(204)) - Sink prometheus started
2022-04-21 00:49:59,903 [Listener at 0.0.0.0/36639] INFO  impl.MetricsSystemImpl (MetricsSystemImpl.java:registerSink(305)) - Registered sink prometheus
2022-04-21 00:49:59,904 [Listener at 0.0.0.0/36639] INFO  http.BaseHttpServer (BaseHttpServer.java:updateConnectorAddress(329)) - HTTP server of scm listening at http://0.0.0.0:37463
2022-04-21 00:49:59,906 [Listener at 0.0.0.0/36639] WARN  server.ServerUtils (ServerUtils.java:getDBPath(225)) - ozone.om.db.dirs is not configured. We recommend adding this setting. Falling back to ozone.metadata.dirs instead.
2022-04-21 00:49:59,956 [Listener at 0.0.0.0/36639] INFO  audit.AuditLogger (AuditLogger.java:refreshDebugCmdSet(120)) - Refresh DebugCmdSet for OMAudit to [].
2022-04-21 00:50:00,031 [Listener at 0.0.0.0/36639] INFO  ha.OMHANodeDetails (OMHANodeDetails.java:loadOMHAConfig(112)) - ozone.om.internal.service.id is not defined, falling back to ozone.om.service.ids to find serviceID for OzoneManager if it is HA enabled cluster
2022-04-21 00:50:00,035 [Listener at 0.0.0.0/36639] INFO  ha.OMHANodeDetails (OMHANodeDetails.java:loadOMHAConfig(218)) - Configuration does not have ozone.om.address set. Falling back to the default OM address /127.0.0.1:0
2022-04-21 00:50:00,035 [Listener at 0.0.0.0/36639] INFO  ha.OMHANodeDetails (OMHANodeDetails.java:getOMNodeDetailsForNonHA(246)) - OM Service ID is not set. Setting it to the default ID: omServiceIdDefault
2022-04-21 00:50:00,035 [Listener at 0.0.0.0/36639] INFO  ha.OMHANodeDetails (OMHANodeDetails.java:getOMNodeDetailsForNonHA(253)) - OM Node ID is not set. Setting it to the default ID: om1
2022-04-21 00:50:00,039 [Listener at 0.0.0.0/36639] WARN  server.ServerUtils (ServerUtils.java:getDBPath(225)) - ozone.om.db.dirs is not configured. We recommend adding this setting. Falling back to ozone.metadata.dirs instead.
2022-04-21 00:50:00,041 [Listener at 0.0.0.0/36639] INFO  upgrade.AbstractLayoutVersionManager (AbstractLayoutVersionManager.java:init(79)) - Initializing Layout version manager with metadata layout = ERASURE_CODED_STORAGE_SUPPORT (version = 1), software layout = ERASURE_CODED_STORAGE_SUPPORT (version = 1)
2022-04-21 00:50:00,093 [Listener at 0.0.0.0/36639] INFO  reflections.Reflections (Reflections.java:scan(232)) - Reflections took 47 ms to scan 2 urls, producing 141 keys and 364 values [using 2 cores]
2022-04-21 00:50:00,098 [Listener at 0.0.0.0/36639] INFO  upgrade.OMLayoutVersionManager (OMLayoutVersionManager.java:lambda$0(115)) - Skipping Upgrade Action MockOmUpgradeAction since it has been finalized.
2022-04-21 00:50:00,099 [Listener at 0.0.0.0/36639] WARN  server.ServerUtils (ServerUtils.java:getDBPath(225)) - ozone.om.db.dirs is not configured. We recommend adding this setting. Falling back to ozone.metadata.dirs instead.
2022-04-21 00:50:02,504 [Listener at 0.0.0.0/36639] INFO  retry.RetryInvocationHandler (RetryInvocationHandler.java:log(411)) - com.google.protobuf.ServiceException: org.apache.hadoop.ipc.RemoteException(org.apache.hadoop.hdds.ratis.ServerNotLeaderException): Server:52f37a01-89b5-406d-9bb0-8d12139c3c87 is not the leader. Could not determine the leader node.
	at org.apache.hadoop.hdds.ratis.ServerNotLeaderException.convertToNotLeaderException(ServerNotLeaderException.java:109)
	at org.apache.hadoop.hdds.scm.ha.RatisUtil.checkRatisException(RatisUtil.java:246)
	at org.apache.hadoop.hdds.scm.protocol.ScmBlockLocationProtocolServerSideTranslatorPB.send(ScmBlockLocationProtocolServerSideTranslatorPB.java:109)
	at org.apache.hadoop.hdds.protocol.proto.ScmBlockLocationProtocolProtos$ScmBlockLocationProtocolService$2.callBlockingMethod(ScmBlockLocationProtocolProtos.java:14202)
	at org.apache.hadoop.ipc.ProtobufRpcEngine$Server.processCall(ProtobufRpcEngine.java:466)
	at org.apache.hadoop.ipc.ProtobufRpcEngine2$Server$ProtoBufRpcInvoker.call(ProtobufRpcEngine2.java:574)
	at org.apache.hadoop.ipc.ProtobufRpcEngine2$Server$ProtoBufRpcInvoker.call(ProtobufRpcEngine2.java:552)
	at org.apache.hadoop.ipc.RPC$Server.call(RPC.java:1093)
	at org.apache.hadoop.ipc.Server$RpcCall.run(Server.java:1035)
	at org.apache.hadoop.ipc.Server$RpcCall.run(Server.java:963)
	at java.security.AccessController.doPrivileged(Native Method)
	at javax.security.auth.Subject.doAs(Subject.java:422)
	at org.apache.hadoop.security.UserGroupInformation.doAs(UserGroupInformation.java:1878)
	at org.apache.hadoop.ipc.Server$Handler.run(Server.java:2966)
, while invoking $Proxy46.send over nodeId=scmNodeId,nodeAddress=/0.0.0.0:46789 after 1 failover attempts. Trying to failover after sleeping for 2000ms.
2022-04-21 00:50:04,350 [52f37a01-89b5-406d-9bb0-8d12139c3c87@group-8CD5338CD4E2-FollowerState] INFO  impl.FollowerState (FollowerState.java:run(134)) - 52f37a01-89b5-406d-9bb0-8d12139c3c87@group-8CD5338CD4E2-FollowerState: change to CANDIDATE, lastRpcElapsedTime:5137509920ns, electionTimeout:5130ms
2022-04-21 00:50:04,351 [52f37a01-89b5-406d-9bb0-8d12139c3c87@group-8CD5338CD4E2-FollowerState] INFO  impl.RoleInfo (RoleInfo.java:shutdownFollowerState(108)) - 52f37a01-89b5-406d-9bb0-8d12139c3c87: shutdown 52f37a01-89b5-406d-9bb0-8d12139c3c87@group-8CD5338CD4E2-FollowerState
2022-04-21 00:50:04,351 [52f37a01-89b5-406d-9bb0-8d12139c3c87@group-8CD5338CD4E2-FollowerState] INFO  server.RaftServer$Division (RaftServerImpl.java:setRole(290)) - 52f37a01-89b5-406d-9bb0-8d12139c3c87@group-8CD5338CD4E2: changes role from  FOLLOWER to CANDIDATE at term 1 for changeToCandidate
2022-04-21 00:50:04,352 [52f37a01-89b5-406d-9bb0-8d12139c3c87@group-8CD5338CD4E2-FollowerState] INFO  server.RaftServerConfigKeys (ConfUtils.java:logGet(44)) - raft.server.leaderelection.pre-vote = false (custom)
2022-04-21 00:50:04,352 [52f37a01-89b5-406d-9bb0-8d12139c3c87@group-8CD5338CD4E2-FollowerState] INFO  impl.RoleInfo (RoleInfo.java:updateAndGet(130)) - 52f37a01-89b5-406d-9bb0-8d12139c3c87: start 52f37a01-89b5-406d-9bb0-8d12139c3c87@group-8CD5338CD4E2-LeaderElection2
2022-04-21 00:50:04,360 [52f37a01-89b5-406d-9bb0-8d12139c3c87@group-8CD5338CD4E2-LeaderElection2] INFO  impl.LeaderElection (LeaderElection.java:askForVotes(306)) - 52f37a01-89b5-406d-9bb0-8d12139c3c87@group-8CD5338CD4E2-LeaderElection2 ELECTION round 0: submit vote requests at term 2 for 0: [52f37a01-89b5-406d-9bb0-8d12139c3c87|rpc:fv-az184-505:9894|admin:|client:|dataStream:|priority:0], old=null
2022-04-21 00:50:04,360 [52f37a01-89b5-406d-9bb0-8d12139c3c87@group-8CD5338CD4E2-LeaderElection2] INFO  impl.LeaderElection (LeaderElection.java:askForVotes(308)) - 52f37a01-89b5-406d-9bb0-8d12139c3c87@group-8CD5338CD4E2-LeaderElection2 ELECTION round 0: result PASSED (term=2)
2022-04-21 00:50:04,360 [52f37a01-89b5-406d-9bb0-8d12139c3c87@group-8CD5338CD4E2-LeaderElection2] INFO  impl.RoleInfo (RoleInfo.java:shutdownLeaderElection(121)) - 52f37a01-89b5-406d-9bb0-8d12139c3c87: shutdown 52f37a01-89b5-406d-9bb0-8d12139c3c87@group-8CD5338CD4E2-LeaderElection2
2022-04-21 00:50:04,360 [52f37a01-89b5-406d-9bb0-8d12139c3c87@group-8CD5338CD4E2-LeaderElection2] INFO  server.RaftServer$Division (RaftServerImpl.java:setRole(290)) - 52f37a01-89b5-406d-9bb0-8d12139c3c87@group-8CD5338CD4E2: changes role from CANDIDATE to LEADER at term 2 for changeToLeader
2022-04-21 00:50:04,361 [52f37a01-89b5-406d-9bb0-8d12139c3c87@group-8CD5338CD4E2-LeaderElection2] INFO  ha.SCMStateMachine (SCMStateMachine.java:notifyLeaderChanged(259)) - current SCM becomes leader of term 2.
2022-04-21 00:50:04,361 [52f37a01-89b5-406d-9bb0-8d12139c3c87@group-8CD5338CD4E2-LeaderElection2] INFO  ha.SCMContext (SCMContext.java:updateLeaderAndTerm(90)) - update <isLeader,term> from <false,0> to <true,2>
2022-04-21 00:50:04,368 [52f37a01-89b5-406d-9bb0-8d12139c3c87@group-8CD5338CD4E2-LeaderElection2] INFO  server.RaftServer$Division (ServerState.java:setLeader(285)) - 52f37a01-89b5-406d-9bb0-8d12139c3c87@group-8CD5338CD4E2: change Leader from null to 52f37a01-89b5-406d-9bb0-8d12139c3c87 at term 2 for becomeLeader, leader elected after 6165ms
2022-04-21 00:50:04,369 [52f37a01-89b5-406d-9bb0-8d12139c3c87@group-8CD5338CD4E2-LeaderElection2] INFO  server.RaftServerConfigKeys (ConfUtils.java:logGet(44)) - raft.server.staging.catchup.gap = 1000 (default)
2022-04-21 00:50:04,369 [52f37a01-89b5-406d-9bb0-8d12139c3c87@group-8CD5338CD4E2-LeaderElection2] INFO  server.RaftServerConfigKeys (ConfUtils.java:logGet(44)) - raft.server.write.element-limit = 4096 (default)
2022-04-21 00:50:04,369 [52f37a01-89b5-406d-9bb0-8d12139c3c87@group-8CD5338CD4E2-LeaderElection2] INFO  server.RaftServerConfigKeys (ConfUtils.java:logGet(44)) - raft.server.write.byte-limit = 64MB (=67108864) (default)
2022-04-21 00:50:04,369 [52f37a01-89b5-406d-9bb0-8d12139c3c87@group-8CD5338CD4E2-LeaderElection2] INFO  server.RaftServerConfigKeys (ConfUtils.java:logGet(44)) - raft.server.watch.timeout = 10s (default)
2022-04-21 00:50:04,369 [52f37a01-89b5-406d-9bb0-8d12139c3c87@group-8CD5338CD4E2-LeaderElection2] INFO  server.RaftServerConfigKeys (ConfUtils.java:logGet(44)) - raft.server.watch.timeout.denomination = 1s (default)
2022-04-21 00:50:04,370 [52f37a01-89b5-406d-9bb0-8d12139c3c87@group-8CD5338CD4E2-LeaderElection2] INFO  server.RaftServerConfigKeys (ConfUtils.java:logGet(44)) - raft.server.watch.element-limit = 65536 (default)
2022-04-21 00:50:04,370 [52f37a01-89b5-406d-9bb0-8d12139c3c87@group-8CD5338CD4E2-LeaderElection2] INFO  server.RaftServerConfigKeys (ConfUtils.java:logGet(44)) - raft.server.write.element-limit = 4096 (default)
2022-04-21 00:50:04,370 [52f37a01-89b5-406d-9bb0-8d12139c3c87@group-8CD5338CD4E2-LeaderElection2] INFO  server.RaftServerConfigKeys (ConfUtils.java:logGet(44)) - raft.server.write.follower.gap.ratio.max = -1.0 (default)
2022-04-21 00:50:04,370 [52f37a01-89b5-406d-9bb0-8d12139c3c87@group-8CD5338CD4E2-LeaderElection2] INFO  impl.RoleInfo (RoleInfo.java:updateAndGet(130)) - 52f37a01-89b5-406d-9bb0-8d12139c3c87: start 52f37a01-89b5-406d-9bb0-8d12139c3c87@group-8CD5338CD4E2-LeaderStateImpl
2022-04-21 00:50:04,370 [52f37a01-89b5-406d-9bb0-8d12139c3c87@group-8CD5338CD4E2-LeaderElection2] INFO  segmented.SegmentedRaftLogWorker (SegmentedRaftLogWorker.java:rollLogSegment(399)) - 52f37a01-89b5-406d-9bb0-8d12139c3c87@group-8CD5338CD4E2-SegmentedRaftLogWorker: Rolling segment log-0_0 to index:0
2022-04-21 00:50:04,373 [52f37a01-89b5-406d-9bb0-8d12139c3c87@group-8CD5338CD4E2-SegmentedRaftLogWorker] INFO  segmented.SegmentedRaftLogWorker (SegmentedRaftLogWorker.java:execute(558)) - 52f37a01-89b5-406d-9bb0-8d12139c3c87@group-8CD5338CD4E2-SegmentedRaftLogWorker: Rolled log segment from /home/runner/work/ozone/ozone/hadoop-ozone/integration-test/target/test-dir/MiniOzoneClusterImpl-cb023f66-64b5-4780-bc53-8cd5338cd4e2/ozone-meta/scm-ha/cb023f66-64b5-4780-bc53-8cd5338cd4e2/current/log_inprogress_0 to /home/runner/work/ozone/ozone/hadoop-ozone/integration-test/target/test-dir/MiniOzoneClusterImpl-cb023f66-64b5-4780-bc53-8cd5338cd4e2/ozone-meta/scm-ha/cb023f66-64b5-4780-bc53-8cd5338cd4e2/current/log_0-0
2022-04-21 00:50:04,382 [52f37a01-89b5-406d-9bb0-8d12139c3c87@group-8CD5338CD4E2-LeaderElection2] INFO  server.RaftServer$Division (ServerState.java:setRaftConf(387)) - 52f37a01-89b5-406d-9bb0-8d12139c3c87@group-8CD5338CD4E2: set configuration 1: [52f37a01-89b5-406d-9bb0-8d12139c3c87|rpc:fv-az184-505:9894|admin:|client:|dataStream:|priority:0], old=null
2022-04-21 00:50:04,393 [52f37a01-89b5-406d-9bb0-8d12139c3c87@group-8CD5338CD4E2-SegmentedRaftLogWorker] INFO  segmented.SegmentedRaftLogWorker (SegmentedRaftLogWorker.java:execute(601)) - 52f37a01-89b5-406d-9bb0-8d12139c3c87@group-8CD5338CD4E2-SegmentedRaftLogWorker: created new log segment /home/runner/work/ozone/ozone/hadoop-ozone/integration-test/target/test-dir/MiniOzoneClusterImpl-cb023f66-64b5-4780-bc53-8cd5338cd4e2/ozone-meta/scm-ha/cb023f66-64b5-4780-bc53-8cd5338cd4e2/current/log_inprogress_1
2022-04-21 00:50:04,396 [52f37a01-89b5-406d-9bb0-8d12139c3c87@group-8CD5338CD4E2-StateMachineUpdater] INFO  ha.SCMContext (SCMContext.java:setLeaderReady(117)) - update <isLeaderReady> from <false> to <true>
2022-04-21 00:50:04,401 [52f37a01-89b5-406d-9bb0-8d12139c3c87@group-8CD5338CD4E2-StateMachineUpdater] INFO  pipeline.BackgroundPipelineCreator (BackgroundPipelineCreator.java:notifyStatusChanged(263)) - Service BackgroundPipelineCreator transitions to RUNNING.
2022-04-21 00:50:04,402 [52f37a01-89b5-406d-9bb0-8d12139c3c87@group-8CD5338CD4E2-StateMachineUpdater] INFO  safemode.HealthyPipelineSafeModeRule (HealthyPipelineSafeModeRule.java:initializeRule(152)) - Refreshed total pipeline count is 0, healthy pipeline threshold count is 1
2022-04-21 00:50:04,402 [52f37a01-89b5-406d-9bb0-8d12139c3c87@group-8CD5338CD4E2-StateMachineUpdater] INFO  safemode.ContainerSafeModeRule (ContainerSafeModeRule.java:reInitializeRule(177)) - Refreshed one replica container threshold 0, currentThreshold 0
2022-04-21 00:50:04,402 [52f37a01-89b5-406d-9bb0-8d12139c3c87@group-8CD5338CD4E2-StateMachineUpdater] INFO  safemode.OneReplicaPipelineSafeModeRule (OneReplicaPipelineSafeModeRule.java:initializeRule(176)) - Refreshed Total pipeline count is 0, pipeline's with at least one datanode reported threshold count is 0
2022-04-21 00:50:04,403 [52f37a01-89b5-406d-9bb0-8d12139c3c87@group-8CD5338CD4E2-StateMachineUpdater] INFO  server.SCMDatanodeProtocolServer (SCMDatanodeProtocolServer.java:start(183)) - ScmDatanodeProtocol RPC server for DataNodes is listening at /0.0.0.0:44115
2022-04-21 00:50:04,406 [IPC Server Responder] INFO  ipc.Server (Server.java:run(1507)) - IPC Server Responder: starting
2022-04-21 00:50:04,407 [IPC Server listener on 0] INFO  ipc.Server (Server.java:run(1344)) - IPC Server listener on 0: starting
2022-04-21 00:50:04,559 [Listener at 0.0.0.0/36639] WARN  server.ServerUtils (ServerUtils.java:getDBPath(225)) - ozone.om.db.dirs is not configured. We recommend adding this setting. Falling back to ozone.metadata.dirs instead.
2022-04-21 00:50:04,566 [Listener at 0.0.0.0/36639] INFO  codec.OmKeyInfoCodec (OmKeyInfoCodec.java:<init>(49)) - OmKeyInfoCodec ignorePipeline = true
2022-04-21 00:50:04,568 [Listener at 0.0.0.0/36639] INFO  codec.RepeatedOmKeyInfoCodec (RepeatedOmKeyInfoCodec.java:<init>(41)) - RepeatedOmKeyInfoCodec ignorePipeline = true
2022-04-21 00:50:04,784 [Listener at 0.0.0.0/36639] INFO  om.OzoneManager (OzoneManager.java:addS3GVolumeToDB(3753)) - Created Volume s3v With Owner runner required for S3Gateway operations.
2022-04-21 00:50:04,826 [Listener at 0.0.0.0/36639] WARN  server.ServerUtils (ServerUtils.java:getDefaultRatisDirectory(237)) - Storage directory for Ratis is not configured. It is a good idea to map this to an SSD disk. Falling back to ozone.metadata.dirs
2022-04-21 00:50:04,827 [Listener at 0.0.0.0/36639] WARN  utils.OzoneManagerRatisUtils (OzoneManagerRatisUtils.java:getOMRatisSnapshotDirectory(395)) - ozone.om.ratis.snapshot.dir is not configured. Falling back to ozone.metadata.dirs config
2022-04-21 00:50:04,831 [Listener at 0.0.0.0/36639] WARN  impl.MetricRegistriesImpl (MetricRegistriesImpl.java:addReporterRegistration(111)) - New reporters are added after registries were created. Some metrics will be missing from the reporter. Please add reporter before adding any new registry.
2022-04-21 00:50:04,831 [Listener at 0.0.0.0/36639] WARN  impl.MetricRegistriesImpl (MetricRegistriesImpl.java:addReporterRegistration(111)) - New reporters are added after registries were created. Some metrics will be missing from the reporter. Please add reporter before adding any new registry.
2022-04-21 00:50:04,831 [Listener at 0.0.0.0/36639] WARN  server.ServerUtils (ServerUtils.java:getDefaultRatisDirectory(237)) - Storage directory for Ratis is not configured. It is a good idea to map this to an SSD disk. Falling back to ozone.metadata.dirs
2022-04-21 00:50:04,834 [Listener at 0.0.0.0/36639] INFO  ratis.OzoneManagerRatisServer (OzoneManagerRatisServer.java:<init>(159)) - Instantiating OM Ratis server with groupID: omServiceIdDefault and peers: localhost:9872
2022-04-21 00:50:04,838 [Listener at 0.0.0.0/36639] INFO  ratis.OzoneManagerStateMachine (OzoneManagerStateMachine.java:loadSnapshotInfoFromDB(617)) - LastAppliedIndex is set from TransactionInfo from OM DB as (t:0, i:~)
2022-04-21 00:50:04,849 [Listener at 0.0.0.0/36639] INFO  server.RaftServer (ConfUtils.java:logGet(44)) - raft.rpc.type = GRPC (default)
2022-04-21 00:50:04,850 [Listener at 0.0.0.0/36639] INFO  grpc.GrpcFactory (GrpcFactory.java:checkPooledByteBufAllocatorUseCacheForAllThreads(48)) - PERFORMANCE WARNING: useCacheForAllThreads is true that may cause Netty to create a lot garbage objects and, as a result, trigger GC.
	It is recommended to disable useCacheForAllThreads by setting -Dorg.apache.ratis.thirdparty.io.netty.allocator.useCacheForAllThreads=false in command line.
2022-04-21 00:50:04,850 [Listener at 0.0.0.0/36639] INFO  grpc.GrpcConfigKeys (ConfUtils.java:logGet(44)) - raft.grpc.admin.port = -1 (default)
2022-04-21 00:50:04,850 [Listener at 0.0.0.0/36639] INFO  grpc.GrpcConfigKeys (ConfUtils.java:logGet(44)) - raft.grpc.server.port = 9872 (custom)
2022-04-21 00:50:04,850 [Listener at 0.0.0.0/36639] INFO  grpc.GrpcConfigKeys (ConfUtils.java:logGet(44)) - raft.grpc.client.port = -1 (default)
2022-04-21 00:50:04,850 [Listener at 0.0.0.0/36639] INFO  grpc.GrpcConfigKeys (ConfUtils.java:logGet(44)) - raft.grpc.server.port = 9872 (custom)
2022-04-21 00:50:04,850 [Listener at 0.0.0.0/36639] INFO  grpc.GrpcConfigKeys (ConfUtils.java:logGet(44)) - raft.grpc.server.port = 9872 (custom)
2022-04-21 00:50:04,851 [Listener at 0.0.0.0/36639] INFO  server.GrpcService (ConfUtils.java:logGet(44)) - raft.grpc.message.size.max = 33554432 (custom)
2022-04-21 00:50:04,851 [Listener at 0.0.0.0/36639] INFO  server.RaftServerConfigKeys (ConfUtils.java:logGet(44)) - raft.server.log.appender.buffer.byte-limit = 33554432 (custom)
2022-04-21 00:50:04,851 [Listener at 0.0.0.0/36639] INFO  server.GrpcService (ConfUtils.java:logGet(44)) - raft.grpc.flow.control.window = 1MB (=1048576) (default)
2022-04-21 00:50:04,851 [Listener at 0.0.0.0/36639] INFO  server.RaftServerConfigKeys (ConfUtils.java:logGet(44)) - raft.server.rpc.request.timeout = 3000ms (default)
2022-04-21 00:50:04,852 [Listener at 0.0.0.0/36639] INFO  impl.DataStreamServerImpl (ConfUtils.java:logGet(44)) - raft.datastream.type = DISABLED (default)
2022-04-21 00:50:04,853 [Listener at 0.0.0.0/36639] INFO  server.RaftServerConfigKeys (ConfUtils.java:logGet(44)) - raft.server.rpc.slowness.timeout = 120s (custom)
2022-04-21 00:50:04,853 [Listener at 0.0.0.0/36639] INFO  server.RaftServerConfigKeys (ConfUtils.java:logGet(44)) - raft.server.leaderelection.leader.step-down.wait-time = 10s (default)
2022-04-21 00:50:04,853 [Listener at 0.0.0.0/36639] INFO  server.RaftServerConfigKeys (ConfUtils.java:logGet(44)) - raft.server.storage.dir = [/home/runner/work/ozone/ozone/hadoop-ozone/integration-test/target/test-dir/MiniOzoneClusterImpl-cb023f66-64b5-4780-bc53-8cd5338cd4e2/ozone-meta/ratis] (custom)
2022-04-21 00:50:04,855 [Listener at 0.0.0.0/36639] INFO  server.RaftServer (RaftServerProxy.java:addNew(95)) - om1: addNew group-C5BA1605619E:[om1|rpc:localhost:9872|priority:0] returns group-C5BA1605619E:java.util.concurrent.CompletableFuture@7f14bdd1[Not completed]
2022-04-21 00:50:04,855 [Listener at 0.0.0.0/36639] INFO  om.OzoneManager (OzoneManager.java:initializeRatisServer(1831)) - OzoneManager Ratis server initialized at port 9872
2022-04-21 00:50:04,859 [pool-56-thread-1] INFO  server.RaftServer$Division (RaftServerImpl.java:<init>(184)) - om1: new RaftServerImpl for group-C5BA1605619E:[om1|rpc:localhost:9872|priority:0] with OzoneManagerStateMachine:uninitialized
2022-04-21 00:50:04,859 [pool-56-thread-1] INFO  server.RaftServerConfigKeys (ConfUtils.java:logGet(44)) - raft.server.rpc.timeout.min = 1s (custom)
2022-04-21 00:50:04,860 [pool-56-thread-1] INFO  server.RaftServerConfigKeys (ConfUtils.java:logGet(44)) - raft.server.rpc.timeout.max = 1200ms (custom)
2022-04-21 00:50:04,860 [pool-56-thread-1] INFO  server.RaftServerConfigKeys (ConfUtils.java:logGet(44)) - raft.server.rpc.sleep.time = 25ms (default)
2022-04-21 00:50:04,860 [pool-56-thread-1] INFO  server.RaftServerConfigKeys (ConfUtils.java:logGet(44)) - raft.server.rpc.slowness.timeout = 120s (custom)
2022-04-21 00:50:04,860 [pool-56-thread-1] INFO  server.RaftServerConfigKeys (ConfUtils.java:logGet(44)) - raft.server.leaderelection.leader.step-down.wait-time = 10s (default)
2022-04-21 00:50:04,860 [pool-56-thread-1] INFO  server.RaftServerConfigKeys (ConfUtils.java:logGet(44)) - raft.server.sleep.deviation.threshold = 300ms (default)
2022-04-21 00:50:04,860 [pool-56-thread-1] INFO  server.RaftServerConfigKeys (ConfUtils.java:logGet(44)) - raft.server.log.appender.install.snapshot.enabled = false (custom)
2022-04-21 00:50:04,860 [pool-56-thread-1] INFO  server.RaftServer$Division (ServerState.java:<init>(105)) - om1@group-C5BA1605619E: ConfigurationManager, init=-1: [om1|rpc:localhost:9872|priority:0], old=null, confs=<EMPTY_MAP>
2022-04-21 00:50:04,860 [pool-56-thread-1] INFO  server.RaftServerConfigKeys (ConfUtils.java:logGet(44)) - raft.server.storage.dir = [/home/runner/work/ozone/ozone/hadoop-ozone/integration-test/target/test-dir/MiniOzoneClusterImpl-cb023f66-64b5-4780-bc53-8cd5338cd4e2/ozone-meta/ratis] (custom)
2022-04-21 00:50:04,860 [pool-56-thread-1] INFO  server.RaftServerConfigKeys (ConfUtils.java:logGet(44)) - raft.server.log.corruption.policy = EXCEPTION (default)
2022-04-21 00:50:04,860 [pool-56-thread-1] INFO  server.RaftServerConfigKeys (ConfUtils.java:logGet(44)) - raft.server.storage.free-space.min = 0MB (=0) (default)
2022-04-21 00:50:04,861 [pool-56-thread-1] INFO  storage.RaftStorageDirectory (RaftStorageDirectoryImpl.java:analyzeStorage(135)) - The storage directory /home/runner/work/ozone/ozone/hadoop-ozone/integration-test/target/test-dir/MiniOzoneClusterImpl-cb023f66-64b5-4780-bc53-8cd5338cd4e2/ozone-meta/ratis/bf265839-605b-3f16-9796-c5ba1605619e does not exist. Creating ...
2022-04-21 00:50:04,862 [pool-56-thread-1] INFO  storage.RaftStorageDirectory (RaftStorageDirectoryImpl.java:tryLock(230)) - Lock on /home/runner/work/ozone/ozone/hadoop-ozone/integration-test/target/test-dir/MiniOzoneClusterImpl-cb023f66-64b5-4780-bc53-8cd5338cd4e2/ozone-meta/ratis/bf265839-605b-3f16-9796-c5ba1605619e/in_use.lock acquired by nodename 11593@fv-az184-505
2022-04-21 00:50:04,863 [pool-56-thread-1] INFO  storage.RaftStorage (RaftStorageImpl.java:format(89)) - Storage directory /home/runner/work/ozone/ozone/hadoop-ozone/integration-test/target/test-dir/MiniOzoneClusterImpl-cb023f66-64b5-4780-bc53-8cd5338cd4e2/ozone-meta/ratis/bf265839-605b-3f16-9796-c5ba1605619e has been successfully formatted.
2022-04-21 00:50:04,864 [pool-56-thread-1] INFO  server.RaftServerConfigKeys (ConfUtils.java:logGet(44)) - raft.server.notification.no-leader.timeout = 120s (custom)
2022-04-21 00:50:04,864 [pool-56-thread-1] INFO  server.RaftServerConfigKeys (ConfUtils.java:logGet(44)) - raft.server.log.use.memory = false (default)
2022-04-21 00:50:04,864 [pool-56-thread-1] INFO  server.RaftServerConfigKeys (ConfUtils.java:logGet(44)) - raft.server.log.purge.gap = 1000000 (custom)
2022-04-21 00:50:04,864 [pool-56-thread-1] INFO  server.RaftServerConfigKeys (ConfUtils.java:logGet(44)) - raft.server.log.appender.buffer.byte-limit = 33554432 (custom)
2022-04-21 00:50:04,864 [pool-56-thread-1] INFO  server.RaftServerConfigKeys (ConfUtils.java:logGet(44)) - raft.server.log.segment.size.max = 4194304 (custom)
2022-04-21 00:50:04,865 [pool-56-thread-1] INFO  server.RaftServerConfigKeys (ConfUtils.java:logGet(44)) - raft.server.log.segment.cache.num.max = 2 (custom)
2022-04-21 00:50:04,865 [pool-56-thread-1] INFO  server.RaftServerConfigKeys (ConfUtils.java:logGet(44)) - raft.server.log.segment.cache.size.max = 200MB (=209715200) (default)
2022-04-21 00:50:04,865 [pool-56-thread-1] INFO  segmented.SegmentedRaftLogWorker (SegmentedRaftLogWorker.java:<init>(182)) - new om1@group-C5BA1605619E-SegmentedRaftLogWorker for RaftStorageImpl:Storage Directory /home/runner/work/ozone/ozone/hadoop-ozone/integration-test/target/test-dir/MiniOzoneClusterImpl-cb023f66-64b5-4780-bc53-8cd5338cd4e2/ozone-meta/ratis/bf265839-605b-3f16-9796-c5ba1605619e
2022-04-21 00:50:04,865 [pool-56-thread-1] INFO  server.RaftServerConfigKeys (ConfUtils.java:logGet(44)) - raft.server.log.queue.byte-limit = 64MB (=67108864) (default)
2022-04-21 00:50:04,865 [pool-56-thread-1] INFO  server.RaftServerConfigKeys (ConfUtils.java:logGet(44)) - raft.server.log.queue.element-limit = 4096 (default)
2022-04-21 00:50:04,865 [pool-56-thread-1] INFO  server.RaftServerConfigKeys (ConfUtils.java:logGet(44)) - raft.server.log.segment.size.max = 4194304 (custom)
2022-04-21 00:50:04,865 [pool-56-thread-1] INFO  server.RaftServerConfigKeys (ConfUtils.java:logGet(44)) - raft.server.log.preallocated.size = 4194304 (custom)
2022-04-21 00:50:04,865 [pool-56-thread-1] INFO  server.RaftServerConfigKeys (ConfUtils.java:logGet(44)) - raft.server.log.force.sync.num = 128 (default)
2022-04-21 00:50:04,865 [pool-56-thread-1] INFO  server.RaftServerConfigKeys (ConfUtils.java:logGet(44)) - raft.server.log.statemachine.data.sync = true (default)
2022-04-21 00:50:04,866 [pool-56-thread-1] INFO  server.RaftServerConfigKeys (ConfUtils.java:logGet(44)) - raft.server.log.statemachine.data.sync.timeout = 10s (default)
2022-04-21 00:50:04,866 [pool-56-thread-1] INFO  server.RaftServerConfigKeys (ConfUtils.java:logGet(44)) - raft.server.log.statemachine.data.sync.timeout.retry = -1 (default)
2022-04-21 00:50:04,866 [pool-56-thread-1] INFO  server.RaftServerConfigKeys (ConfUtils.java:logGet(44)) - raft.server.log.write.buffer.size = 64KB (=65536) (default)
2022-04-21 00:50:04,867 [pool-56-thread-1] INFO  server.RaftServerConfigKeys (ConfUtils.java:logGet(44)) - raft.server.log.statemachine.data.caching.enabled = false (default)
2022-04-21 00:50:04,867 [pool-56-thread-1] INFO  segmented.SegmentedRaftLogWorker (SegmentedRaftLogWorker.java:lambda$new$0(133)) - om1@group-C5BA1605619E-SegmentedRaftLogWorker: flushIndex: setUnconditionally 0 -> -1
2022-04-21 00:50:04,867 [pool-56-thread-1] INFO  segmented.SegmentedRaftLogWorker (SegmentedRaftLogWorker.java:lambda$new$0(133)) - om1@group-C5BA1605619E-SegmentedRaftLogWorker: safeCacheEvictIndex: setUnconditionally 0 -> -1
2022-04-21 00:50:04,872 [pool-56-thread-1] INFO  server.RaftServerConfigKeys (ConfUtils.java:logGet(44)) - raft.server.snapshot.auto.trigger.enabled = true (custom)
2022-04-21 00:50:04,873 [pool-56-thread-1] INFO  server.RaftServerConfigKeys (ConfUtils.java:logGet(44)) - raft.server.snapshot.auto.trigger.threshold = 400000 (default)
2022-04-21 00:50:04,873 [pool-56-thread-1] INFO  server.RaftServerConfigKeys (ConfUtils.java:logGet(44)) - raft.server.snapshot.retention.file.num = -1 (default)
2022-04-21 00:50:04,873 [pool-56-thread-1] INFO  server.RaftServerConfigKeys (ConfUtils.java:logGet(44)) - raft.server.log.purge.upto.snapshot.index = true (custom)
2022-04-21 00:50:04,873 [pool-56-thread-1] INFO  server.RaftServerConfigKeys (ConfUtils.java:logGet(44)) - raft.server.retrycache.expirytime = 300s (custom)
2022-04-21 00:50:04,873 [pool-56-thread-1] INFO  server.RaftServerConfigKeys (ConfUtils.java:logGet(44)) - raft.server.retrycache.statistics.expirytime = 100μs (default)
2022-04-21 00:50:05,319 [Listener at 0.0.0.0/36639] INFO  reflections.Reflections (Reflections.java:scan(232)) - Reflections took 419 ms to scan 18 urls, producing 61 keys and 3642 values [using 2 cores]
2022-04-21 00:50:05,604 [Listener at 0.0.0.0/36639] INFO  ipc.CallQueueManager (CallQueueManager.java:<init>(90)) - Using callQueue: class java.util.concurrent.LinkedBlockingQueue, queueCapacity: 2000, scheduler: class org.apache.hadoop.ipc.DefaultRpcScheduler, ipcBackoff: false.
2022-04-21 00:50:05,604 [Socket Reader #1 for port 0] INFO  ipc.Server (Server.java:run(1265)) - Starting Socket Reader #1 for port 0
2022-04-21 00:50:05,641 [Listener at 127.0.0.1/46539] INFO  impl.MetricsSystemImpl (MetricsSystemImpl.java:init(158)) - OzoneManager metrics system started (again)
2022-04-21 00:50:05,654 [Listener at 127.0.0.1/46539] INFO  om.OzoneManager (OzoneManager.java:start(1362)) - OzoneManager RPC server is listening at localhost/127.0.0.1:46539
2022-04-21 00:50:05,654 [Listener at 127.0.0.1/46539] INFO  ratis.OzoneManagerRatisServer (OzoneManagerRatisServer.java:start(554)) - Starting OzoneManagerRatisServer om1 at port 9872
2022-04-21 00:50:05,654 [Listener at 127.0.0.1/46539] INFO  server.RaftServer$Division (RaftServerImpl.java:start(301)) - om1@group-C5BA1605619E: start as a follower, conf=-1: [om1|rpc:localhost:9872|priority:0], old=null
2022-04-21 00:50:05,655 [Listener at 127.0.0.1/46539] INFO  server.RaftServer$Division (RaftServerImpl.java:setRole(290)) - om1@group-C5BA1605619E: changes role from      null to FOLLOWER at term 0 for startAsFollower
2022-04-21 00:50:05,656 [Listener at 127.0.0.1/46539] INFO  impl.RoleInfo (RoleInfo.java:updateAndGet(130)) - om1: start om1@group-C5BA1605619E-FollowerState
2022-04-21 00:50:05,656 [Listener at 127.0.0.1/46539] INFO  util.JmxRegister (JmxRegister.java:tryRegister(44)) - Successfully registered JMX Bean with object name Ratis:service=RaftServer,group=group-C5BA1605619E,id=om1
2022-04-21 00:50:05,663 [Listener at 127.0.0.1/46539] INFO  server.RaftServer (RaftServerProxy.java:lambda$start$5(374)) - om1: start RPC server
2022-04-21 00:50:05,666 [Listener at 127.0.0.1/46539] INFO  server.GrpcService (GrpcService.java:startImpl(253)) - om1: GrpcService started, listening on 9872
2022-04-21 00:50:05,667 [Listener at 127.0.0.1/46539] INFO  om.OzoneManager (OzoneManager.java:start(1378)) - Version File has different layout version (1) than OM DB (null). That is expected if this OM has never been finalized to a newer layout version.
2022-04-21 00:50:05,669 [org.apache.ratis.util.JvmPauseMonitor$$Lambda$525/1580874189@437847dc] INFO  util.JvmPauseMonitor (JvmPauseMonitor.java:run(103)) - JvmPauseMonitor-om1: Started
2022-04-21 00:50:05,683 [Listener at 127.0.0.1/46539] INFO  http.BaseHttpServer (BaseHttpServer.java:newHttpServer2BuilderForOzone(209)) - Starting Web-server for ozoneManager at: http://0.0.0.0:0
2022-04-21 00:50:05,683 [Listener at 127.0.0.1/46539] INFO  http.BaseHttpServer (BaseHttpServer.java:<init>(107)) - Hadoop Security Enabled: false Ozone Security Enabled: false Ozone HTTP Security Enabled: false 
2022-04-21 00:50:05,685 [Listener at 127.0.0.1/46539] INFO  server.AuthenticationFilter (AuthenticationFilter.java:constructSecretProvider(240)) - Unable to initialize FileSignerSecretProvider, falling back to use random secrets.
2022-04-21 00:50:05,688 [Listener at 127.0.0.1/46539] WARN  http.HttpRequestLog (HttpRequestLog.java:getRequestLog(103)) - Jetty request log can only be enabled using Log4j
2022-04-21 00:50:05,690 [Listener at 127.0.0.1/46539] INFO  http.HttpServer2 (HttpServer2.java:addGlobalFilter(1030)) - Added global filter 'safety' (class=org.apache.hadoop.hdds.server.http.HttpServer2$QuotingInputFilter)
2022-04-21 00:50:05,691 [Listener at 127.0.0.1/46539] INFO  http.HttpServer2 (HttpServer2.java:addFilter(1006)) - Added filter static_user_filter (class=org.apache.hadoop.http.lib.StaticUserWebFilter$StaticUserFilter) to context ozoneManager
2022-04-21 00:50:05,691 [Listener at 127.0.0.1/46539] INFO  http.HttpServer2 (HttpServer2.java:addFilter(1014)) - Added filter static_user_filter (class=org.apache.hadoop.http.lib.StaticUserWebFilter$StaticUserFilter) to context logs
2022-04-21 00:50:05,691 [Listener at 127.0.0.1/46539] INFO  http.HttpServer2 (HttpServer2.java:addFilter(1014)) - Added filter static_user_filter (class=org.apache.hadoop.http.lib.StaticUserWebFilter$StaticUserFilter) to context static
2022-04-21 00:50:05,693 [Listener at 127.0.0.1/46539] INFO  http.HttpServer2 (HttpServer2.java:bindListener(1249)) - Jetty bound to port 34189
2022-04-21 00:50:05,693 [Listener at 127.0.0.1/46539] INFO  server.Server (Server.java:doStart(375)) - jetty-9.4.43.v20210629; built: 2021-06-30T11:07:22.254Z; git: 526006ecfa3af7f1a27ef3a288e2bef7ea9dd7e8; jvm 1.8.0_322-b06
2022-04-21 00:50:05,701 [Listener at 127.0.0.1/46539] INFO  server.session (DefaultSessionIdManager.java:doStart(334)) - DefaultSessionIdManager workerName=node0
2022-04-21 00:50:05,702 [Listener at 127.0.0.1/46539] INFO  server.session (DefaultSessionIdManager.java:doStart(339)) - No SessionScavenger set, using defaults
2022-04-21 00:50:05,702 [Listener at 127.0.0.1/46539] INFO  server.session (HouseKeeper.java:startScavenging(132)) - node0 Scavenging every 660000ms
2022-04-21 00:50:05,706 [Listener at 127.0.0.1/46539] INFO  handler.ContextHandler (ContextHandler.java:doStart(915)) - Started o.e.j.s.ServletContextHandler@337eb419{logs,/logs,file:///home/runner/work/ozone/ozone/hadoop-ozone/integration-test/target/log,AVAILABLE}
2022-04-21 00:50:05,707 [Listener at 127.0.0.1/46539] INFO  handler.ContextHandler (ContextHandler.java:doStart(915)) - Started o.e.j.s.ServletContextHandler@191a8997{static,/static,file:///home/runner/work/ozone/ozone/hadoop-ozone/integration-test/target/test-classes/webapps/static,AVAILABLE}
2022-04-21 00:50:05,710 [Listener at 127.0.0.1/46539] INFO  handler.ContextHandler (ContextHandler.java:doStart(915)) - Started o.e.j.w.WebAppContext@65b4a0d2{ozoneManager,/,file:///home/runner/work/ozone/ozone/hadoop-ozone/integration-test/target/test-classes/webapps/ozoneManager/,AVAILABLE}{file:/home/runner/work/ozone/ozone/hadoop-ozone/integration-test/target/test-classes/webapps/ozoneManager}
2022-04-21 00:50:05,716 [Listener at 127.0.0.1/46539] INFO  server.AbstractConnector (AbstractConnector.java:doStart(331)) - Started ServerConnector@4892206a{HTTP/1.1, (http/1.1)}{0.0.0.0:34189}
2022-04-21 00:50:05,717 [Listener at 127.0.0.1/46539] INFO  server.Server (Server.java:doStart(415)) - Started @16834ms
2022-04-21 00:50:05,717 [Listener at 127.0.0.1/46539] WARN  impl.MetricsSystemImpl (MetricsSystemImpl.java:register(279)) - Sink prometheus already exists!
2022-04-21 00:50:05,718 [Listener at 127.0.0.1/46539] INFO  http.BaseHttpServer (BaseHttpServer.java:updateConnectorAddress(329)) - HTTP server of ozoneManager listening at http://0.0.0.0:34189
2022-04-21 00:50:05,719 [IPC Server Responder] INFO  ipc.Server (Server.java:run(1507)) - IPC Server Responder: starting
2022-04-21 00:50:05,719 [IPC Server listener on 0] INFO  ipc.Server (Server.java:run(1344)) - IPC Server listener on 0: starting
2022-04-21 00:50:05,723 [Listener at 127.0.0.1/46539] INFO  om.OzoneManager (OzoneManager.java:startTrashEmptier(1789)) - Trash Interval set to 0. Files deleted will not move to trash
2022-04-21 00:50:05,736 [org.apache.hadoop.util.JvmPauseMonitor$Monitor@22887352] INFO  util.JvmPauseMonitor (JvmPauseMonitor.java:run(188)) - Starting JVM pause monitor
2022-04-21 00:50:05,869 [Listener at 127.0.0.1/46539] WARN  impl.MetricRegistriesImpl (MetricRegistriesImpl.java:addReporterRegistration(111)) - New reporters are added after registries were created. Some metrics will be missing from the reporter. Please add reporter before adding any new registry.
2022-04-21 00:50:05,869 [Listener at 127.0.0.1/46539] WARN  impl.MetricRegistriesImpl (MetricRegistriesImpl.java:addReporterRegistration(111)) - New reporters are added after registries were created. Some metrics will be missing from the reporter. Please add reporter before adding any new registry.
2022-04-21 00:50:05,869 [Listener at 127.0.0.1/46539] INFO  impl.MetricsSystemImpl (MetricsSystemImpl.java:init(158)) - HddsDatanode metrics system started (again)
2022-04-21 00:50:05,885 [Listener at 127.0.0.1/46539] INFO  ozone.HddsDatanodeService (HddsDatanodeService.java:start(233)) - HddsDatanodeService host:fv-az184-505.3ow45vhwbzuu5incsxmygykede.cx.internal.cloudapp.net ip:10.1.0.33
2022-04-21 00:50:05,919 [Listener at 127.0.0.1/46539] INFO  upgrade.AbstractLayoutVersionManager (AbstractLayoutVersionManager.java:init(79)) - Initializing Layout version manager with metadata layout = ERASURE_CODED_STORAGE_SUPPORT (version = 3), software layout = ERASURE_CODED_STORAGE_SUPPORT (version = 3)
2022-04-21 00:50:05,957 [Listener at 127.0.0.1/46539] INFO  reflections.Reflections (Reflections.java:scan(232)) - Reflections took 37 ms to scan 7 urls, producing 126 keys and 287 values 
2022-04-21 00:50:05,960 [Listener at 127.0.0.1/46539] INFO  statemachine.DatanodeStateMachine (DatanodeStateMachine.java:getEndPointTaskThreadPoolSize(224)) - Datanode State Machine Task Thread Pool size 2
2022-04-21 00:50:06,011 [Listener at 127.0.0.1/46539] INFO  volume.HddsVolume (HddsVolume.java:<init>(120)) - Creating HddsVolume: /home/runner/work/ozone/ozone/hadoop-ozone/integration-test/target/test-dir/MiniOzoneClusterImpl-cb023f66-64b5-4780-bc53-8cd5338cd4e2/datanode-0/data-0/containers/hdds of storage type : DISK capacity : 9223372036854775807
2022-04-21 00:50:06,013 [Listener at 127.0.0.1/46539] INFO  volume.MutableVolumeSet (MutableVolumeSet.java:initializeVolumeSet(168)) - Added Volume : /home/runner/work/ozone/ozone/hadoop-ozone/integration-test/target/test-dir/MiniOzoneClusterImpl-cb023f66-64b5-4780-bc53-8cd5338cd4e2/datanode-0/data-0/containers/hdds to VolumeSet
2022-04-21 00:50:06,014 [Listener at 127.0.0.1/46539] INFO  volume.ThrottledAsyncChecker (ThrottledAsyncChecker.java:schedule(141)) - Scheduling a check for /home/runner/work/ozone/ozone/hadoop-ozone/integration-test/target/test-dir/MiniOzoneClusterImpl-cb023f66-64b5-4780-bc53-8cd5338cd4e2/datanode-0/data-0/containers/hdds
2022-04-21 00:50:06,035 [Listener at 127.0.0.1/46539] INFO  volume.StorageVolumeChecker (StorageVolumeChecker.java:checkAllVolumes(202)) - Scheduled health check for volume /home/runner/work/ozone/ozone/hadoop-ozone/integration-test/target/test-dir/MiniOzoneClusterImpl-cb023f66-64b5-4780-bc53-8cd5338cd4e2/datanode-0/data-0/containers/hdds
2022-04-21 00:50:06,052 [Listener at 127.0.0.1/46539] INFO  volume.MutableVolumeSet (MutableVolumeSet.java:initializeVolumeSet(168)) - Added Volume : /home/runner/work/ozone/ozone/hadoop-ozone/integration-test/target/test-dir/MiniOzoneClusterImpl-cb023f66-64b5-4780-bc53-8cd5338cd4e2/datanode-0/data/ratis to VolumeSet
2022-04-21 00:50:06,052 [Listener at 127.0.0.1/46539] INFO  volume.ThrottledAsyncChecker (ThrottledAsyncChecker.java:schedule(141)) - Scheduling a check for /home/runner/work/ozone/ozone/hadoop-ozone/integration-test/target/test-dir/MiniOzoneClusterImpl-cb023f66-64b5-4780-bc53-8cd5338cd4e2/datanode-0/data/ratis
2022-04-21 00:50:06,052 [Listener at 127.0.0.1/46539] INFO  volume.StorageVolumeChecker (StorageVolumeChecker.java:checkAllVolumes(202)) - Scheduled health check for volume /home/runner/work/ozone/ozone/hadoop-ozone/integration-test/target/test-dir/MiniOzoneClusterImpl-cb023f66-64b5-4780-bc53-8cd5338cd4e2/datanode-0/data/ratis
2022-04-21 00:50:06,072 [Thread-140] INFO  ozoneimpl.ContainerReader (ContainerReader.java:readVolume(172)) - Finish verifying containers on volume /home/runner/work/ozone/ozone/hadoop-ozone/integration-test/target/test-dir/MiniOzoneClusterImpl-cb023f66-64b5-4780-bc53-8cd5338cd4e2/datanode-0/data-0/containers/hdds
2022-04-21 00:50:06,072 [Listener at 127.0.0.1/46539] INFO  ozoneimpl.OzoneContainer (OzoneContainer.java:buildContainerSet(257)) - Build ContainerSet costs 0s
2022-04-21 00:50:06,124 [Listener at 127.0.0.1/46539] INFO  audit.AuditLogger (AuditLogger.java:refreshDebugCmdSet(120)) - Refresh DebugCmdSet for DNAudit to [].
2022-04-21 00:50:06,155 [Listener at 127.0.0.1/46539] INFO  server.RaftServer (ConfUtils.java:logGet(44)) - raft.rpc.type = GRPC (default)
2022-04-21 00:50:06,155 [Listener at 127.0.0.1/46539] INFO  grpc.GrpcFactory (GrpcFactory.java:checkPooledByteBufAllocatorUseCacheForAllThreads(48)) - PERFORMANCE WARNING: useCacheForAllThreads is true that may cause Netty to create a lot garbage objects and, as a result, trigger GC.
	It is recommended to disable useCacheForAllThreads by setting -Dorg.apache.ratis.thirdparty.io.netty.allocator.useCacheForAllThreads=false in command line.
2022-04-21 00:50:06,155 [Listener at 127.0.0.1/46539] INFO  grpc.GrpcConfigKeys (ConfUtils.java:logGet(44)) - raft.grpc.admin.port = 0 (custom)
2022-04-21 00:50:06,155 [Listener at 127.0.0.1/46539] INFO  grpc.GrpcConfigKeys (ConfUtils.java:logGet(44)) - raft.grpc.client.port = 0 (custom)
2022-04-21 00:50:06,156 [Listener at 127.0.0.1/46539] INFO  grpc.GrpcConfigKeys (ConfUtils.java:logGet(44)) - raft.grpc.server.port = 0 (default)
2022-04-21 00:50:06,156 [Listener at 127.0.0.1/46539] INFO  server.GrpcService (ConfUtils.java:logGet(44)) - raft.grpc.message.size.max = 32MB (=33554432) (custom)
2022-04-21 00:50:06,156 [Listener at 127.0.0.1/46539] INFO  server.RaftServerConfigKeys (ConfUtils.java:logGet(44)) - raft.server.log.appender.buffer.byte-limit = 33554432 (custom)
2022-04-21 00:50:06,156 [Listener at 127.0.0.1/46539] INFO  server.GrpcService (ConfUtils.java:logGet(44)) - raft.grpc.flow.control.window = 5MB (=5242880) (custom)
2022-04-21 00:50:06,156 [Listener at 127.0.0.1/46539] INFO  server.RaftServerConfigKeys (ConfUtils.java:logGet(44)) - raft.server.rpc.request.timeout = 60s (custom)
2022-04-21 00:50:06,157 [Listener at 127.0.0.1/46539] INFO  impl.DataStreamServerImpl (ConfUtils.java:logGet(44)) - raft.datastream.type = DISABLED (default)
2022-04-21 00:50:06,157 [Listener at 127.0.0.1/46539] INFO  server.RaftServerConfigKeys (ConfUtils.java:logGet(44)) - raft.server.rpc.slowness.timeout = 300s (custom)
2022-04-21 00:50:06,158 [Listener at 127.0.0.1/46539] INFO  server.RaftServerConfigKeys (ConfUtils.java:logGet(44)) - raft.server.leaderelection.leader.step-down.wait-time = 10s (default)
2022-04-21 00:50:06,158 [Listener at 127.0.0.1/46539] INFO  server.RaftServerConfigKeys (ConfUtils.java:logGet(44)) - raft.server.storage.dir = [/home/runner/work/ozone/ozone/hadoop-ozone/integration-test/target/test-dir/MiniOzoneClusterImpl-cb023f66-64b5-4780-bc53-8cd5338cd4e2/datanode-0/data/ratis] (custom)
2022-04-21 00:50:06,176 [Listener at 127.0.0.1/46539] INFO  server.XceiverServerGrpc (XceiverServerGrpc.java:<init>(132)) - GrpcServer channel type EpollServerSocketChannel
2022-04-21 00:50:06,223 [Listener at 127.0.0.1/46539] INFO  http.BaseHttpServer (BaseHttpServer.java:newHttpServer2BuilderForOzone(209)) - Starting Web-server for hddsDatanode at: http://0.0.0.0:0
2022-04-21 00:50:06,223 [Listener at 127.0.0.1/46539] INFO  http.BaseHttpServer (BaseHttpServer.java:<init>(107)) - Hadoop Security Enabled: false Ozone Security Enabled: false Ozone HTTP Security Enabled: false 
2022-04-21 00:50:06,225 [Listener at 127.0.0.1/46539] INFO  server.AuthenticationFilter (AuthenticationFilter.java:constructSecretProvider(240)) - Unable to initialize FileSignerSecretProvider, falling back to use random secrets.
2022-04-21 00:50:06,225 [Listener at 127.0.0.1/46539] WARN  http.HttpRequestLog (HttpRequestLog.java:getRequestLog(103)) - Jetty request log can only be enabled using Log4j
2022-04-21 00:50:06,226 [Listener at 127.0.0.1/46539] INFO  http.HttpServer2 (HttpServer2.java:addGlobalFilter(1030)) - Added global filter 'safety' (class=org.apache.hadoop.hdds.server.http.HttpServer2$QuotingInputFilter)
2022-04-21 00:50:06,227 [Listener at 127.0.0.1/46539] INFO  http.HttpServer2 (HttpServer2.java:addFilter(1006)) - Added filter static_user_filter (class=org.apache.hadoop.http.lib.StaticUserWebFilter$StaticUserFilter) to context hddsDatanode
2022-04-21 00:50:06,228 [Listener at 127.0.0.1/46539] INFO  http.HttpServer2 (HttpServer2.java:addFilter(1014)) - Added filter static_user_filter (class=org.apache.hadoop.http.lib.StaticUserWebFilter$StaticUserFilter) to context logs
2022-04-21 00:50:06,228 [Listener at 127.0.0.1/46539] INFO  http.HttpServer2 (HttpServer2.java:addFilter(1014)) - Added filter static_user_filter (class=org.apache.hadoop.http.lib.StaticUserWebFilter$StaticUserFilter) to context static
2022-04-21 00:50:06,228 [Listener at 127.0.0.1/46539] INFO  http.HttpServer2 (HttpServer2.java:bindListener(1249)) - Jetty bound to port 45573
2022-04-21 00:50:06,229 [Listener at 127.0.0.1/46539] INFO  server.Server (Server.java:doStart(375)) - jetty-9.4.43.v20210629; built: 2021-06-30T11:07:22.254Z; git: 526006ecfa3af7f1a27ef3a288e2bef7ea9dd7e8; jvm 1.8.0_322-b06
2022-04-21 00:50:06,232 [Listener at 127.0.0.1/46539] INFO  server.session (DefaultSessionIdManager.java:doStart(334)) - DefaultSessionIdManager workerName=node0
2022-04-21 00:50:06,232 [Listener at 127.0.0.1/46539] INFO  server.session (DefaultSessionIdManager.java:doStart(339)) - No SessionScavenger set, using defaults
2022-04-21 00:50:06,233 [Listener at 127.0.0.1/46539] INFO  server.session (HouseKeeper.java:startScavenging(132)) - node0 Scavenging every 660000ms
2022-04-21 00:50:06,233 [Listener at 127.0.0.1/46539] INFO  handler.ContextHandler (ContextHandler.java:doStart(915)) - Started o.e.j.s.ServletContextHandler@3ae7e1f2{logs,/logs,file:///home/runner/work/ozone/ozone/hadoop-ozone/integration-test/target/log,AVAILABLE}
2022-04-21 00:50:06,234 [Listener at 127.0.0.1/46539] INFO  handler.ContextHandler (ContextHandler.java:doStart(915)) - Started o.e.j.s.ServletContextHandler@24546c9e{static,/static,jar:file:/home/runner/.m2/repository/org/apache/ozone/hdds-container-service/1.3.0-SNAPSHOT/hdds-container-service-1.3.0-SNAPSHOT.jar!/webapps/static,AVAILABLE}
2022-04-21 00:50:06,281 [Listener at 127.0.0.1/46539] INFO  handler.ContextHandler (ContextHandler.java:doStart(915)) - Started o.e.j.w.WebAppContext@30b6eca3{hddsDatanode,/,file:///tmp/jetty-0_0_0_0-45573-hdds-container-service-1_3_0-SNAPSHOT_jar-_-any-976927597054006983/webapp/,AVAILABLE}{jar:file:/home/runner/.m2/repository/org/apache/ozone/hdds-container-service/1.3.0-SNAPSHOT/hdds-container-service-1.3.0-SNAPSHOT.jar!/webapps/hddsDatanode}
2022-04-21 00:50:06,282 [Listener at 127.0.0.1/46539] INFO  server.AbstractConnector (AbstractConnector.java:doStart(331)) - Started ServerConnector@16471411{HTTP/1.1, (http/1.1)}{0.0.0.0:45573}
2022-04-21 00:50:06,282 [Listener at 127.0.0.1/46539] INFO  server.Server (Server.java:doStart(415)) - Started @17400ms
2022-04-21 00:50:06,282 [Listener at 127.0.0.1/46539] WARN  impl.MetricsSystemImpl (MetricsSystemImpl.java:register(279)) - Sink prometheus already exists!
2022-04-21 00:50:06,283 [Listener at 127.0.0.1/46539] INFO  http.BaseHttpServer (BaseHttpServer.java:updateConnectorAddress(329)) - HTTP server of hddsDatanode listening at http://0.0.0.0:45573
2022-04-21 00:50:06,285 [Listener at 127.0.0.1/46539] WARN  impl.MetricRegistriesImpl (MetricRegistriesImpl.java:addReporterRegistration(111)) - New reporters are added after registries were created. Some metrics will be missing from the reporter. Please add reporter before adding any new registry.
2022-04-21 00:50:06,285 [Listener at 127.0.0.1/46539] WARN  impl.MetricRegistriesImpl (MetricRegistriesImpl.java:addReporterRegistration(111)) - New reporters are added after registries were created. Some metrics will be missing from the reporter. Please add reporter before adding any new registry.
2022-04-21 00:50:06,285 [Listener at 127.0.0.1/46539] INFO  impl.MetricsSystemImpl (MetricsSystemImpl.java:init(158)) - HddsDatanode metrics system started (again)
2022-04-21 00:50:06,291 [Datanode State Machine Daemon Thread] INFO  statemachine.DatanodeStateMachine (DatanodeStateMachine.java:lambda$startDaemon$0(472)) - Ozone container server started.
2022-04-21 00:50:06,305 [Listener at 127.0.0.1/46539] INFO  ozone.HddsDatanodeService (HddsDatanodeService.java:start(233)) - HddsDatanodeService host:fv-az184-505.3ow45vhwbzuu5incsxmygykede.cx.internal.cloudapp.net ip:10.1.0.33
2022-04-21 00:50:06,311 [org.apache.hadoop.util.JvmPauseMonitor$Monitor@5203fcac] INFO  util.JvmPauseMonitor (JvmPauseMonitor.java:run(188)) - Starting JVM pause monitor
2022-04-21 00:50:06,337 [Listener at 127.0.0.1/46539] INFO  upgrade.AbstractLayoutVersionManager (AbstractLayoutVersionManager.java:init(79)) - Initializing Layout version manager with metadata layout = ERASURE_CODED_STORAGE_SUPPORT (version = 3), software layout = ERASURE_CODED_STORAGE_SUPPORT (version = 3)
2022-04-21 00:50:06,411 [Listener at 127.0.0.1/46539] INFO  reflections.Reflections (Reflections.java:scan(232)) - Reflections took 73 ms to scan 7 urls, producing 126 keys and 287 values 
2022-04-21 00:50:06,413 [Listener at 127.0.0.1/46539] INFO  statemachine.DatanodeStateMachine (DatanodeStateMachine.java:getEndPointTaskThreadPoolSize(224)) - Datanode State Machine Task Thread Pool size 2
2022-04-21 00:50:06,424 [Listener at 127.0.0.1/46539] INFO  volume.HddsVolume (HddsVolume.java:<init>(120)) - Creating HddsVolume: /home/runner/work/ozone/ozone/hadoop-ozone/integration-test/target/test-dir/MiniOzoneClusterImpl-cb023f66-64b5-4780-bc53-8cd5338cd4e2/datanode-1/data-0/containers/hdds of storage type : DISK capacity : 9223372036854775807
2022-04-21 00:50:06,424 [Listener at 127.0.0.1/46539] INFO  volume.MutableVolumeSet (MutableVolumeSet.java:initializeVolumeSet(168)) - Added Volume : /home/runner/work/ozone/ozone/hadoop-ozone/integration-test/target/test-dir/MiniOzoneClusterImpl-cb023f66-64b5-4780-bc53-8cd5338cd4e2/datanode-1/data-0/containers/hdds to VolumeSet
2022-04-21 00:50:06,424 [Listener at 127.0.0.1/46539] INFO  volume.ThrottledAsyncChecker (ThrottledAsyncChecker.java:schedule(141)) - Scheduling a check for /home/runner/work/ozone/ozone/hadoop-ozone/integration-test/target/test-dir/MiniOzoneClusterImpl-cb023f66-64b5-4780-bc53-8cd5338cd4e2/datanode-1/data-0/containers/hdds
2022-04-21 00:50:06,443 [Listener at 127.0.0.1/46539] INFO  volume.StorageVolumeChecker (StorageVolumeChecker.java:checkAllVolumes(202)) - Scheduled health check for volume /home/runner/work/ozone/ozone/hadoop-ozone/integration-test/target/test-dir/MiniOzoneClusterImpl-cb023f66-64b5-4780-bc53-8cd5338cd4e2/datanode-1/data-0/containers/hdds
2022-04-21 00:50:06,458 [Datanode State Machine Task Thread - 0] INFO  datanode.InitDatanodeState (InitDatanodeState.java:persistContainerDatanodeDetails(138)) - DatanodeDetails is persisted to /home/runner/work/ozone/ozone/hadoop-ozone/integration-test/target/test-dir/MiniOzoneClusterImpl-cb023f66-64b5-4780-bc53-8cd5338cd4e2/datanode-0/meta/datanode.id
2022-04-21 00:50:06,461 [Listener at 127.0.0.1/46539] INFO  volume.MutableVolumeSet (MutableVolumeSet.java:initializeVolumeSet(168)) - Added Volume : /home/runner/work/ozone/ozone/hadoop-ozone/integration-test/target/test-dir/MiniOzoneClusterImpl-cb023f66-64b5-4780-bc53-8cd5338cd4e2/datanode-1/data/ratis to VolumeSet
2022-04-21 00:50:06,462 [Listener at 127.0.0.1/46539] INFO  volume.ThrottledAsyncChecker (ThrottledAsyncChecker.java:schedule(141)) - Scheduling a check for /home/runner/work/ozone/ozone/hadoop-ozone/integration-test/target/test-dir/MiniOzoneClusterImpl-cb023f66-64b5-4780-bc53-8cd5338cd4e2/datanode-1/data/ratis
2022-04-21 00:50:06,462 [Listener at 127.0.0.1/46539] INFO  volume.StorageVolumeChecker (StorageVolumeChecker.java:checkAllVolumes(202)) - Scheduled health check for volume /home/runner/work/ozone/ozone/hadoop-ozone/integration-test/target/test-dir/MiniOzoneClusterImpl-cb023f66-64b5-4780-bc53-8cd5338cd4e2/datanode-1/data/ratis
2022-04-21 00:50:06,475 [Thread-152] INFO  ozoneimpl.ContainerReader (ContainerReader.java:readVolume(172)) - Finish verifying containers on volume /home/runner/work/ozone/ozone/hadoop-ozone/integration-test/target/test-dir/MiniOzoneClusterImpl-cb023f66-64b5-4780-bc53-8cd5338cd4e2/datanode-1/data-0/containers/hdds
2022-04-21 00:50:06,476 [Listener at 127.0.0.1/46539] INFO  ozoneimpl.OzoneContainer (OzoneContainer.java:buildContainerSet(257)) - Build ContainerSet costs 0s
2022-04-21 00:50:06,479 [Listener at 127.0.0.1/46539] INFO  server.RaftServer (ConfUtils.java:logGet(44)) - raft.rpc.type = GRPC (default)
2022-04-21 00:50:06,479 [Listener at 127.0.0.1/46539] INFO  grpc.GrpcFactory (GrpcFactory.java:checkPooledByteBufAllocatorUseCacheForAllThreads(48)) - PERFORMANCE WARNING: useCacheForAllThreads is true that may cause Netty to create a lot garbage objects and, as a result, trigger GC.
	It is recommended to disable useCacheForAllThreads by setting -Dorg.apache.ratis.thirdparty.io.netty.allocator.useCacheForAllThreads=false in command line.
2022-04-21 00:50:06,479 [Listener at 127.0.0.1/46539] INFO  grpc.GrpcConfigKeys (ConfUtils.java:logGet(44)) - raft.grpc.admin.port = 0 (custom)
2022-04-21 00:50:06,480 [Listener at 127.0.0.1/46539] INFO  grpc.GrpcConfigKeys (ConfUtils.java:logGet(44)) - raft.grpc.client.port = 0 (custom)
2022-04-21 00:50:06,480 [Listener at 127.0.0.1/46539] INFO  grpc.GrpcConfigKeys (ConfUtils.java:logGet(44)) - raft.grpc.server.port = 0 (default)
2022-04-21 00:50:06,480 [Listener at 127.0.0.1/46539] INFO  server.GrpcService (ConfUtils.java:logGet(44)) - raft.grpc.message.size.max = 32MB (=33554432) (custom)
2022-04-21 00:50:06,480 [Listener at 127.0.0.1/46539] INFO  server.RaftServerConfigKeys (ConfUtils.java:logGet(44)) - raft.server.log.appender.buffer.byte-limit = 33554432 (custom)
2022-04-21 00:50:06,480 [Listener at 127.0.0.1/46539] INFO  server.GrpcService (ConfUtils.java:logGet(44)) - raft.grpc.flow.control.window = 5MB (=5242880) (custom)
2022-04-21 00:50:06,480 [Listener at 127.0.0.1/46539] INFO  server.RaftServerConfigKeys (ConfUtils.java:logGet(44)) - raft.server.rpc.request.timeout = 60s (custom)
2022-04-21 00:50:06,481 [Listener at 127.0.0.1/46539] INFO  impl.DataStreamServerImpl (ConfUtils.java:logGet(44)) - raft.datastream.type = DISABLED (default)
2022-04-21 00:50:06,482 [Listener at 127.0.0.1/46539] INFO  server.RaftServerConfigKeys (ConfUtils.java:logGet(44)) - raft.server.rpc.slowness.timeout = 300s (custom)
2022-04-21 00:50:06,482 [Listener at 127.0.0.1/46539] INFO  server.RaftServerConfigKeys (ConfUtils.java:logGet(44)) - raft.server.leaderelection.leader.step-down.wait-time = 10s (default)
2022-04-21 00:50:06,482 [Listener at 127.0.0.1/46539] INFO  server.RaftServerConfigKeys (ConfUtils.java:logGet(44)) - raft.server.storage.dir = [/home/runner/work/ozone/ozone/hadoop-ozone/integration-test/target/test-dir/MiniOzoneClusterImpl-cb023f66-64b5-4780-bc53-8cd5338cd4e2/datanode-1/data/ratis] (custom)
2022-04-21 00:50:06,483 [Listener at 127.0.0.1/46539] INFO  server.XceiverServerGrpc (XceiverServerGrpc.java:<init>(132)) - GrpcServer channel type EpollServerSocketChannel
2022-04-21 00:50:06,488 [Listener at 127.0.0.1/46539] INFO  http.BaseHttpServer (BaseHttpServer.java:newHttpServer2BuilderForOzone(209)) - Starting Web-server for hddsDatanode at: http://0.0.0.0:0
2022-04-21 00:50:06,488 [Listener at 127.0.0.1/46539] INFO  http.BaseHttpServer (BaseHttpServer.java:<init>(107)) - Hadoop Security Enabled: false Ozone Security Enabled: false Ozone HTTP Security Enabled: false 
2022-04-21 00:50:06,489 [Listener at 127.0.0.1/46539] INFO  server.AuthenticationFilter (AuthenticationFilter.java:constructSecretProvider(240)) - Unable to initialize FileSignerSecretProvider, falling back to use random secrets.
2022-04-21 00:50:06,490 [Listener at 127.0.0.1/46539] WARN  http.HttpRequestLog (HttpRequestLog.java:getRequestLog(103)) - Jetty request log can only be enabled using Log4j
2022-04-21 00:50:06,491 [Listener at 127.0.0.1/46539] INFO  http.HttpServer2 (HttpServer2.java:addGlobalFilter(1030)) - Added global filter 'safety' (class=org.apache.hadoop.hdds.server.http.HttpServer2$QuotingInputFilter)
2022-04-21 00:50:06,491 [Listener at 127.0.0.1/46539] INFO  http.HttpServer2 (HttpServer2.java:addFilter(1006)) - Added filter static_user_filter (class=org.apache.hadoop.http.lib.StaticUserWebFilter$StaticUserFilter) to context hddsDatanode
2022-04-21 00:50:06,492 [Listener at 127.0.0.1/46539] INFO  http.HttpServer2 (HttpServer2.java:addFilter(1014)) - Added filter static_user_filter (class=org.apache.hadoop.http.lib.StaticUserWebFilter$StaticUserFilter) to context logs
2022-04-21 00:50:06,492 [Listener at 127.0.0.1/46539] INFO  http.HttpServer2 (HttpServer2.java:addFilter(1014)) - Added filter static_user_filter (class=org.apache.hadoop.http.lib.StaticUserWebFilter$StaticUserFilter) to context static
2022-04-21 00:50:06,492 [Listener at 127.0.0.1/46539] INFO  http.HttpServer2 (HttpServer2.java:bindListener(1249)) - Jetty bound to port 44587
2022-04-21 00:50:06,492 [Listener at 127.0.0.1/46539] INFO  server.Server (Server.java:doStart(375)) - jetty-9.4.43.v20210629; built: 2021-06-30T11:07:22.254Z; git: 526006ecfa3af7f1a27ef3a288e2bef7ea9dd7e8; jvm 1.8.0_322-b06
2022-04-21 00:50:06,497 [Listener at 127.0.0.1/46539] INFO  server.session (DefaultSessionIdManager.java:doStart(334)) - DefaultSessionIdManager workerName=node0
2022-04-21 00:50:06,497 [Listener at 127.0.0.1/46539] INFO  server.session (DefaultSessionIdManager.java:doStart(339)) - No SessionScavenger set, using defaults
2022-04-21 00:50:06,497 [Listener at 127.0.0.1/46539] INFO  server.session (HouseKeeper.java:startScavenging(132)) - node0 Scavenging every 600000ms
2022-04-21 00:50:06,498 [Listener at 127.0.0.1/46539] INFO  handler.ContextHandler (ContextHandler.java:doStart(915)) - Started o.e.j.s.ServletContextHandler@173e347f{logs,/logs,file:///home/runner/work/ozone/ozone/hadoop-ozone/integration-test/target/log,AVAILABLE}
2022-04-21 00:50:06,499 [Listener at 127.0.0.1/46539] INFO  handler.ContextHandler (ContextHandler.java:doStart(915)) - Started o.e.j.s.ServletContextHandler@7780a93c{static,/static,jar:file:/home/runner/.m2/repository/org/apache/ozone/hdds-container-service/1.3.0-SNAPSHOT/hdds-container-service-1.3.0-SNAPSHOT.jar!/webapps/static,AVAILABLE}
2022-04-21 00:50:06,541 [Listener at 127.0.0.1/46539] INFO  handler.ContextHandler (ContextHandler.java:doStart(915)) - Started o.e.j.w.WebAppContext@442d90ba{hddsDatanode,/,file:///tmp/jetty-0_0_0_0-44587-hdds-container-service-1_3_0-SNAPSHOT_jar-_-any-3244860751420079704/webapp/,AVAILABLE}{jar:file:/home/runner/.m2/repository/org/apache/ozone/hdds-container-service/1.3.0-SNAPSHOT/hdds-container-service-1.3.0-SNAPSHOT.jar!/webapps/hddsDatanode}
2022-04-21 00:50:06,543 [Listener at 127.0.0.1/46539] INFO  server.AbstractConnector (AbstractConnector.java:doStart(331)) - Started ServerConnector@1088a4f0{HTTP/1.1, (http/1.1)}{0.0.0.0:44587}
2022-04-21 00:50:06,543 [Listener at 127.0.0.1/46539] INFO  server.Server (Server.java:doStart(415)) - Started @17660ms
2022-04-21 00:50:06,543 [Listener at 127.0.0.1/46539] WARN  impl.MetricsSystemImpl (MetricsSystemImpl.java:register(279)) - Sink prometheus already exists!
2022-04-21 00:50:06,544 [Listener at 127.0.0.1/46539] INFO  http.BaseHttpServer (BaseHttpServer.java:updateConnectorAddress(329)) - HTTP server of hddsDatanode listening at http://0.0.0.0:44587
2022-04-21 00:50:06,547 [Listener at 127.0.0.1/46539] WARN  impl.MetricRegistriesImpl (MetricRegistriesImpl.java:addReporterRegistration(111)) - New reporters are added after registries were created. Some metrics will be missing from the reporter. Please add reporter before adding any new registry.
2022-04-21 00:50:06,547 [Listener at 127.0.0.1/46539] WARN  impl.MetricRegistriesImpl (MetricRegistriesImpl.java:addReporterRegistration(111)) - New reporters are added after registries were created. Some metrics will be missing from the reporter. Please add reporter before adding any new registry.
2022-04-21 00:50:06,548 [Listener at 127.0.0.1/46539] INFO  impl.MetricsSystemImpl (MetricsSystemImpl.java:init(158)) - HddsDatanode metrics system started (again)
2022-04-21 00:50:06,555 [Datanode State Machine Daemon Thread] INFO  statemachine.DatanodeStateMachine (DatanodeStateMachine.java:lambda$startDaemon$0(472)) - Ozone container server started.
2022-04-21 00:50:06,570 [org.apache.hadoop.util.JvmPauseMonitor$Monitor@2fa5d9e8] INFO  util.JvmPauseMonitor (JvmPauseMonitor.java:run(188)) - Starting JVM pause monitor
2022-04-21 00:50:06,571 [Listener at 127.0.0.1/46539] INFO  ozone.HddsDatanodeService (HddsDatanodeService.java:start(233)) - HddsDatanodeService host:fv-az184-505.3ow45vhwbzuu5incsxmygykede.cx.internal.cloudapp.net ip:10.1.0.33
2022-04-21 00:50:06,578 [Datanode State Machine Task Thread - 0] INFO  datanode.InitDatanodeState (InitDatanodeState.java:persistContainerDatanodeDetails(138)) - DatanodeDetails is persisted to /home/runner/work/ozone/ozone/hadoop-ozone/integration-test/target/test-dir/MiniOzoneClusterImpl-cb023f66-64b5-4780-bc53-8cd5338cd4e2/datanode-1/meta/datanode.id
2022-04-21 00:50:06,591 [Listener at 127.0.0.1/46539] INFO  upgrade.AbstractLayoutVersionManager (AbstractLayoutVersionManager.java:init(79)) - Initializing Layout version manager with metadata layout = ERASURE_CODED_STORAGE_SUPPORT (version = 3), software layout = ERASURE_CODED_STORAGE_SUPPORT (version = 3)
2022-04-21 00:50:06,633 [Listener at 127.0.0.1/46539] INFO  reflections.Reflections (Reflections.java:scan(232)) - Reflections took 40 ms to scan 7 urls, producing 126 keys and 287 values 
2022-04-21 00:50:06,635 [Listener at 127.0.0.1/46539] INFO  statemachine.DatanodeStateMachine (DatanodeStateMachine.java:getEndPointTaskThreadPoolSize(224)) - Datanode State Machine Task Thread Pool size 2
2022-04-21 00:50:06,637 [Listener at 127.0.0.1/46539] INFO  volume.HddsVolume (HddsVolume.java:<init>(120)) - Creating HddsVolume: /home/runner/work/ozone/ozone/hadoop-ozone/integration-test/target/test-dir/MiniOzoneClusterImpl-cb023f66-64b5-4780-bc53-8cd5338cd4e2/datanode-2/data-0/containers/hdds of storage type : DISK capacity : 9223372036854775807
2022-04-21 00:50:06,637 [Listener at 127.0.0.1/46539] INFO  volume.MutableVolumeSet (MutableVolumeSet.java:initializeVolumeSet(168)) - Added Volume : /home/runner/work/ozone/ozone/hadoop-ozone/integration-test/target/test-dir/MiniOzoneClusterImpl-cb023f66-64b5-4780-bc53-8cd5338cd4e2/datanode-2/data-0/containers/hdds to VolumeSet
2022-04-21 00:50:06,637 [Listener at 127.0.0.1/46539] INFO  volume.ThrottledAsyncChecker (ThrottledAsyncChecker.java:schedule(141)) - Scheduling a check for /home/runner/work/ozone/ozone/hadoop-ozone/integration-test/target/test-dir/MiniOzoneClusterImpl-cb023f66-64b5-4780-bc53-8cd5338cd4e2/datanode-2/data-0/containers/hdds
2022-04-21 00:50:06,638 [Listener at 127.0.0.1/46539] INFO  volume.StorageVolumeChecker (StorageVolumeChecker.java:checkAllVolumes(202)) - Scheduled health check for volume /home/runner/work/ozone/ozone/hadoop-ozone/integration-test/target/test-dir/MiniOzoneClusterImpl-cb023f66-64b5-4780-bc53-8cd5338cd4e2/datanode-2/data-0/containers/hdds
2022-04-21 00:50:06,650 [Listener at 127.0.0.1/46539] INFO  volume.MutableVolumeSet (MutableVolumeSet.java:initializeVolumeSet(168)) - Added Volume : /home/runner/work/ozone/ozone/hadoop-ozone/integration-test/target/test-dir/MiniOzoneClusterImpl-cb023f66-64b5-4780-bc53-8cd5338cd4e2/datanode-2/data/ratis to VolumeSet
2022-04-21 00:50:06,650 [Listener at 127.0.0.1/46539] INFO  volume.ThrottledAsyncChecker (ThrottledAsyncChecker.java:schedule(141)) - Scheduling a check for /home/runner/work/ozone/ozone/hadoop-ozone/integration-test/target/test-dir/MiniOzoneClusterImpl-cb023f66-64b5-4780-bc53-8cd5338cd4e2/datanode-2/data/ratis
2022-04-21 00:50:06,650 [Listener at 127.0.0.1/46539] INFO  volume.StorageVolumeChecker (StorageVolumeChecker.java:checkAllVolumes(202)) - Scheduled health check for volume /home/runner/work/ozone/ozone/hadoop-ozone/integration-test/target/test-dir/MiniOzoneClusterImpl-cb023f66-64b5-4780-bc53-8cd5338cd4e2/datanode-2/data/ratis
2022-04-21 00:50:06,661 [Thread-164] INFO  ozoneimpl.ContainerReader (ContainerReader.java:readVolume(172)) - Finish verifying containers on volume /home/runner/work/ozone/ozone/hadoop-ozone/integration-test/target/test-dir/MiniOzoneClusterImpl-cb023f66-64b5-4780-bc53-8cd5338cd4e2/datanode-2/data-0/containers/hdds
2022-04-21 00:50:06,661 [Listener at 127.0.0.1/46539] INFO  ozoneimpl.OzoneContainer (OzoneContainer.java:buildContainerSet(257)) - Build ContainerSet costs 0s
2022-04-21 00:50:06,664 [Listener at 127.0.0.1/46539] INFO  server.RaftServer (ConfUtils.java:logGet(44)) - raft.rpc.type = GRPC (default)
2022-04-21 00:50:06,664 [Listener at 127.0.0.1/46539] INFO  grpc.GrpcFactory (GrpcFactory.java:checkPooledByteBufAllocatorUseCacheForAllThreads(48)) - PERFORMANCE WARNING: useCacheForAllThreads is true that may cause Netty to create a lot garbage objects and, as a result, trigger GC.
	It is recommended to disable useCacheForAllThreads by setting -Dorg.apache.ratis.thirdparty.io.netty.allocator.useCacheForAllThreads=false in command line.
2022-04-21 00:50:06,664 [Listener at 127.0.0.1/46539] INFO  grpc.GrpcConfigKeys (ConfUtils.java:logGet(44)) - raft.grpc.admin.port = 0 (custom)
2022-04-21 00:50:06,665 [Listener at 127.0.0.1/46539] INFO  grpc.GrpcConfigKeys (ConfUtils.java:logGet(44)) - raft.grpc.client.port = 0 (custom)
2022-04-21 00:50:06,665 [Listener at 127.0.0.1/46539] INFO  grpc.GrpcConfigKeys (ConfUtils.java:logGet(44)) - raft.grpc.server.port = 0 (default)
2022-04-21 00:50:06,665 [Listener at 127.0.0.1/46539] INFO  server.GrpcService (ConfUtils.java:logGet(44)) - raft.grpc.message.size.max = 32MB (=33554432) (custom)
2022-04-21 00:50:06,665 [Listener at 127.0.0.1/46539] INFO  server.RaftServerConfigKeys (ConfUtils.java:logGet(44)) - raft.server.log.appender.buffer.byte-limit = 33554432 (custom)
2022-04-21 00:50:06,665 [Listener at 127.0.0.1/46539] INFO  server.GrpcService (ConfUtils.java:logGet(44)) - raft.grpc.flow.control.window = 5MB (=5242880) (custom)
2022-04-21 00:50:06,666 [Listener at 127.0.0.1/46539] INFO  server.RaftServerConfigKeys (ConfUtils.java:logGet(44)) - raft.server.rpc.request.timeout = 60s (custom)
2022-04-21 00:50:06,667 [Listener at 127.0.0.1/46539] INFO  impl.DataStreamServerImpl (ConfUtils.java:logGet(44)) - raft.datastream.type = DISABLED (default)
2022-04-21 00:50:06,668 [Listener at 127.0.0.1/46539] INFO  server.RaftServerConfigKeys (ConfUtils.java:logGet(44)) - raft.server.rpc.slowness.timeout = 300s (custom)
2022-04-21 00:50:06,668 [Listener at 127.0.0.1/46539] INFO  server.RaftServerConfigKeys (ConfUtils.java:logGet(44)) - raft.server.leaderelection.leader.step-down.wait-time = 10s (default)
2022-04-21 00:50:06,668 [Listener at 127.0.0.1/46539] INFO  server.RaftServerConfigKeys (ConfUtils.java:logGet(44)) - raft.server.storage.dir = [/home/runner/work/ozone/ozone/hadoop-ozone/integration-test/target/test-dir/MiniOzoneClusterImpl-cb023f66-64b5-4780-bc53-8cd5338cd4e2/datanode-2/data/ratis] (custom)
2022-04-21 00:50:06,669 [Listener at 127.0.0.1/46539] INFO  server.XceiverServerGrpc (XceiverServerGrpc.java:<init>(132)) - GrpcServer channel type EpollServerSocketChannel
2022-04-21 00:50:06,672 [Listener at 127.0.0.1/46539] INFO  http.BaseHttpServer (BaseHttpServer.java:newHttpServer2BuilderForOzone(209)) - Starting Web-server for hddsDatanode at: http://0.0.0.0:0
2022-04-21 00:50:06,672 [Listener at 127.0.0.1/46539] INFO  http.BaseHttpServer (BaseHttpServer.java:<init>(107)) - Hadoop Security Enabled: false Ozone Security Enabled: false Ozone HTTP Security Enabled: false 
2022-04-21 00:50:06,674 [Listener at 127.0.0.1/46539] INFO  server.AuthenticationFilter (AuthenticationFilter.java:constructSecretProvider(240)) - Unable to initialize FileSignerSecretProvider, falling back to use random secrets.
2022-04-21 00:50:06,675 [Listener at 127.0.0.1/46539] WARN  http.HttpRequestLog (HttpRequestLog.java:getRequestLog(103)) - Jetty request log can only be enabled using Log4j
2022-04-21 00:50:06,676 [Listener at 127.0.0.1/46539] INFO  http.HttpServer2 (HttpServer2.java:addGlobalFilter(1030)) - Added global filter 'safety' (class=org.apache.hadoop.hdds.server.http.HttpServer2$QuotingInputFilter)
2022-04-21 00:50:06,677 [Listener at 127.0.0.1/46539] INFO  http.HttpServer2 (HttpServer2.java:addFilter(1006)) - Added filter static_user_filter (class=org.apache.hadoop.http.lib.StaticUserWebFilter$StaticUserFilter) to context hddsDatanode
2022-04-21 00:50:06,677 [Listener at 127.0.0.1/46539] INFO  http.HttpServer2 (HttpServer2.java:addFilter(1014)) - Added filter static_user_filter (class=org.apache.hadoop.http.lib.StaticUserWebFilter$StaticUserFilter) to context static
2022-04-21 00:50:06,677 [Listener at 127.0.0.1/46539] INFO  http.HttpServer2 (HttpServer2.java:addFilter(1014)) - Added filter static_user_filter (class=org.apache.hadoop.http.lib.StaticUserWebFilter$StaticUserFilter) to context logs
2022-04-21 00:50:06,678 [Listener at 127.0.0.1/46539] INFO  http.HttpServer2 (HttpServer2.java:bindListener(1249)) - Jetty bound to port 37871
2022-04-21 00:50:06,678 [Listener at 127.0.0.1/46539] INFO  server.Server (Server.java:doStart(375)) - jetty-9.4.43.v20210629; built: 2021-06-30T11:07:22.254Z; git: 526006ecfa3af7f1a27ef3a288e2bef7ea9dd7e8; jvm 1.8.0_322-b06
2022-04-21 00:50:06,684 [Listener at 127.0.0.1/46539] INFO  server.session (DefaultSessionIdManager.java:doStart(334)) - DefaultSessionIdManager workerName=node0
2022-04-21 00:50:06,684 [Listener at 127.0.0.1/46539] INFO  server.session (DefaultSessionIdManager.java:doStart(339)) - No SessionScavenger set, using defaults
2022-04-21 00:50:06,685 [Listener at 127.0.0.1/46539] INFO  server.session (HouseKeeper.java:startScavenging(132)) - node0 Scavenging every 600000ms
2022-04-21 00:50:06,685 [Listener at 127.0.0.1/46539] INFO  handler.ContextHandler (ContextHandler.java:doStart(915)) - Started o.e.j.s.ServletContextHandler@7f60c79a{logs,/logs,file:///home/runner/work/ozone/ozone/hadoop-ozone/integration-test/target/log,AVAILABLE}
2022-04-21 00:50:06,686 [Listener at 127.0.0.1/46539] INFO  handler.ContextHandler (ContextHandler.java:doStart(915)) - Started o.e.j.s.ServletContextHandler@6f034a25{static,/static,jar:file:/home/runner/.m2/repository/org/apache/ozone/hdds-container-service/1.3.0-SNAPSHOT/hdds-container-service-1.3.0-SNAPSHOT.jar!/webapps/static,AVAILABLE}
2022-04-21 00:50:06,727 [Listener at 127.0.0.1/46539] INFO  handler.ContextHandler (ContextHandler.java:doStart(915)) - Started o.e.j.w.WebAppContext@f3a4502{hddsDatanode,/,file:///tmp/jetty-0_0_0_0-37871-hdds-container-service-1_3_0-SNAPSHOT_jar-_-any-2600758612150802976/webapp/,AVAILABLE}{jar:file:/home/runner/.m2/repository/org/apache/ozone/hdds-container-service/1.3.0-SNAPSHOT/hdds-container-service-1.3.0-SNAPSHOT.jar!/webapps/hddsDatanode}
2022-04-21 00:50:06,728 [Listener at 127.0.0.1/46539] INFO  server.AbstractConnector (AbstractConnector.java:doStart(331)) - Started ServerConnector@69a3c55b{HTTP/1.1, (http/1.1)}{0.0.0.0:37871}
2022-04-21 00:50:06,729 [Listener at 127.0.0.1/46539] INFO  server.Server (Server.java:doStart(415)) - Started @17846ms
2022-04-21 00:50:06,729 [Listener at 127.0.0.1/46539] WARN  impl.MetricsSystemImpl (MetricsSystemImpl.java:register(279)) - Sink prometheus already exists!
2022-04-21 00:50:06,729 [Listener at 127.0.0.1/46539] INFO  http.BaseHttpServer (BaseHttpServer.java:updateConnectorAddress(329)) - HTTP server of hddsDatanode listening at http://0.0.0.0:37871
2022-04-21 00:50:06,733 [Listener at 127.0.0.1/46539] INFO  ozone.MiniOzoneClusterImpl (MiniOzoneClusterImpl.java:lambda$waitForClusterToBeReady$0(221)) - Waiting for nodes to be ready. Got 0 of 3 DN Heartbeats.
2022-04-21 00:50:06,733 [Listener at 127.0.0.1/46539] INFO  ozone.MiniOzoneClusterImpl (MiniOzoneClusterImpl.java:lambda$waitForClusterToBeReady$0(224)) - Waiting for cluster to exit safe mode
2022-04-21 00:50:06,733 [Listener at 127.0.0.1/46539] INFO  ozone.MiniOzoneClusterImpl (MiniOzoneClusterImpl.java:lambda$waitForClusterToBeReady$0(226)) - SCM became leader
2022-04-21 00:50:06,733 [Datanode State Machine Daemon Thread] INFO  statemachine.DatanodeStateMachine (DatanodeStateMachine.java:lambda$startDaemon$0(472)) - Ozone container server started.
2022-04-21 00:50:06,748 [org.apache.hadoop.util.JvmPauseMonitor$Monitor@2faf449e] INFO  util.JvmPauseMonitor (JvmPauseMonitor.java:run(188)) - Starting JVM pause monitor
2022-04-21 00:50:06,750 [Datanode State Machine Task Thread - 0] INFO  datanode.InitDatanodeState (InitDatanodeState.java:persistContainerDatanodeDetails(138)) - DatanodeDetails is persisted to /home/runner/work/ozone/ozone/hadoop-ozone/integration-test/target/test-dir/MiniOzoneClusterImpl-cb023f66-64b5-4780-bc53-8cd5338cd4e2/datanode-2/meta/datanode.id
2022-04-21 00:50:06,766 [om1@group-C5BA1605619E-FollowerState] INFO  impl.FollowerState (FollowerState.java:run(134)) - om1@group-C5BA1605619E-FollowerState: change to CANDIDATE, lastRpcElapsedTime:1110457585ns, electionTimeout:1100ms
2022-04-21 00:50:06,766 [om1@group-C5BA1605619E-FollowerState] INFO  impl.RoleInfo (RoleInfo.java:shutdownFollowerState(108)) - om1: shutdown om1@group-C5BA1605619E-FollowerState
2022-04-21 00:50:06,766 [om1@group-C5BA1605619E-FollowerState] INFO  server.RaftServer$Division (RaftServerImpl.java:setRole(290)) - om1@group-C5BA1605619E: changes role from  FOLLOWER to CANDIDATE at term 0 for changeToCandidate
2022-04-21 00:50:06,766 [om1@group-C5BA1605619E-FollowerState] INFO  server.RaftServerConfigKeys (ConfUtils.java:logGet(44)) - raft.server.leaderelection.pre-vote = false (custom)
2022-04-21 00:50:06,767 [om1@group-C5BA1605619E-FollowerState] INFO  impl.RoleInfo (RoleInfo.java:updateAndGet(130)) - om1: start om1@group-C5BA1605619E-LeaderElection3
2022-04-21 00:50:06,773 [om1@group-C5BA1605619E-LeaderElection3] INFO  impl.LeaderElection (LeaderElection.java:askForVotes(306)) - om1@group-C5BA1605619E-LeaderElection3 ELECTION round 0: submit vote requests at term 1 for -1: [om1|rpc:localhost:9872|priority:0], old=null
2022-04-21 00:50:06,774 [om1@group-C5BA1605619E-LeaderElection3] INFO  impl.LeaderElection (LeaderElection.java:askForVotes(308)) - om1@group-C5BA1605619E-LeaderElection3 ELECTION round 0: result PASSED (term=1)
2022-04-21 00:50:06,774 [om1@group-C5BA1605619E-LeaderElection3] INFO  impl.RoleInfo (RoleInfo.java:shutdownLeaderElection(121)) - om1: shutdown om1@group-C5BA1605619E-LeaderElection3
2022-04-21 00:50:06,774 [om1@group-C5BA1605619E-LeaderElection3] INFO  server.RaftServer$Division (RaftServerImpl.java:setRole(290)) - om1@group-C5BA1605619E: changes role from CANDIDATE to LEADER at term 1 for changeToLeader
2022-04-21 00:50:06,774 [om1@group-C5BA1605619E-LeaderElection3] INFO  server.RaftServer$Division (ServerState.java:setLeader(285)) - om1@group-C5BA1605619E: change Leader from null to om1 at term 1 for becomeLeader, leader elected after 1909ms
2022-04-21 00:50:06,774 [om1@group-C5BA1605619E-LeaderElection3] INFO  server.RaftServerConfigKeys (ConfUtils.java:logGet(44)) - raft.server.staging.catchup.gap = 1000 (default)
2022-04-21 00:50:06,774 [om1@group-C5BA1605619E-LeaderElection3] INFO  server.RaftServerConfigKeys (ConfUtils.java:logGet(44)) - raft.server.write.element-limit = 4096 (default)
2022-04-21 00:50:06,774 [om1@group-C5BA1605619E-LeaderElection3] INFO  server.RaftServerConfigKeys (ConfUtils.java:logGet(44)) - raft.server.write.byte-limit = 64MB (=67108864) (default)
2022-04-21 00:50:06,774 [om1@group-C5BA1605619E-LeaderElection3] INFO  server.RaftServerConfigKeys (ConfUtils.java:logGet(44)) - raft.server.watch.timeout = 10s (default)
2022-04-21 00:50:06,774 [om1@group-C5BA1605619E-LeaderElection3] INFO  server.RaftServerConfigKeys (ConfUtils.java:logGet(44)) - raft.server.watch.timeout.denomination = 1s (default)
2022-04-21 00:50:06,774 [om1@group-C5BA1605619E-LeaderElection3] INFO  server.RaftServerConfigKeys (ConfUtils.java:logGet(44)) - raft.server.watch.element-limit = 65536 (default)
2022-04-21 00:50:06,775 [om1@group-C5BA1605619E-LeaderElection3] INFO  server.RaftServerConfigKeys (ConfUtils.java:logGet(44)) - raft.server.write.element-limit = 4096 (default)
2022-04-21 00:50:06,775 [om1@group-C5BA1605619E-LeaderElection3] INFO  server.RaftServerConfigKeys (ConfUtils.java:logGet(44)) - raft.server.write.follower.gap.ratio.max = -1.0 (default)
2022-04-21 00:50:06,775 [om1@group-C5BA1605619E-LeaderElection3] INFO  impl.RoleInfo (RoleInfo.java:updateAndGet(130)) - om1: start om1@group-C5BA1605619E-LeaderStateImpl
2022-04-21 00:50:06,775 [om1@group-C5BA1605619E-LeaderElection3] INFO  segmented.SegmentedRaftLogWorker (SegmentedRaftLogWorker.java:startLogSegment(394)) - om1@group-C5BA1605619E-SegmentedRaftLogWorker: Starting segment from index:0
2022-04-21 00:50:06,779 [om1@group-C5BA1605619E-LeaderElection3] INFO  server.RaftServer$Division (ServerState.java:setRaftConf(387)) - om1@group-C5BA1605619E: set configuration 0: [om1|rpc:localhost:9872|admin:|client:|dataStream:|priority:0], old=null
2022-04-21 00:50:06,786 [om1@group-C5BA1605619E-SegmentedRaftLogWorker] INFO  segmented.SegmentedRaftLogWorker (SegmentedRaftLogWorker.java:execute(601)) - om1@group-C5BA1605619E-SegmentedRaftLogWorker: created new log segment /home/runner/work/ozone/ozone/hadoop-ozone/integration-test/target/test-dir/MiniOzoneClusterImpl-cb023f66-64b5-4780-bc53-8cd5338cd4e2/ozone-meta/ratis/bf265839-605b-3f16-9796-c5ba1605619e/current/log_inprogress_0
2022-04-21 00:50:06,882 [om1@group-C5BA1605619E-StateMachineUpdater] INFO  ratis.OzoneManagerStateMachine (OzoneManagerStateMachine.java:notifyConfigurationChanged(189)) - Received Configuration change notification from Ratis. New Peer list:
[id: "om1"
address: "localhost:9872"
]
2022-04-21 00:50:07,733 [Listener at 127.0.0.1/46539] INFO  ozone.MiniOzoneClusterImpl (MiniOzoneClusterImpl.java:lambda$waitForClusterToBeReady$0(221)) - Waiting for nodes to be ready. Got 0 of 3 DN Heartbeats.
2022-04-21 00:50:07,734 [Listener at 127.0.0.1/46539] INFO  ozone.MiniOzoneClusterImpl (MiniOzoneClusterImpl.java:lambda$waitForClusterToBeReady$0(224)) - Waiting for cluster to exit safe mode
2022-04-21 00:50:07,734 [Listener at 127.0.0.1/46539] INFO  ozone.MiniOzoneClusterImpl (MiniOzoneClusterImpl.java:lambda$waitForClusterToBeReady$0(226)) - SCM became leader
2022-04-21 00:50:08,367 [EndpointStateMachine task thread for /0.0.0.0:44115 - 0 ] INFO  ozoneimpl.OzoneContainer (OzoneContainer.java:start(335)) - Attempting to start container services.
2022-04-21 00:50:08,369 [EndpointStateMachine task thread for /0.0.0.0:44115 - 0 ] INFO  ozoneimpl.OzoneContainer (OzoneContainer.java:startContainerScrub(270)) - Background container scanner has been disabled.
2022-04-21 00:50:08,372 [EndpointStateMachine task thread for /0.0.0.0:44115 - 0 ] INFO  replication.ReplicationServer (ReplicationServer.java:start(111)) - ReplicationServer is started using port 35545
2022-04-21 00:50:08,374 [EndpointStateMachine task thread for /0.0.0.0:44115 - 0 ] INFO  ratis.XceiverServerRatis (XceiverServerRatis.java:start(481)) - Starting XceiverServerRatis e8524086-66f7-4ba2-b4e3-52afd3370864
2022-04-21 00:50:08,379 [EndpointStateMachine task thread for /0.0.0.0:44115 - 0 ] INFO  server.RaftServer (RaftServerProxy.java:lambda$start$5(374)) - e8524086-66f7-4ba2-b4e3-52afd3370864: start RPC server
2022-04-21 00:50:08,384 [EndpointStateMachine task thread for /0.0.0.0:44115 - 0 ] INFO  server.GrpcService (GrpcService.java:startImpl(253)) - e8524086-66f7-4ba2-b4e3-52afd3370864: GrpcService started, listening on 43971
2022-04-21 00:50:08,384 [EndpointStateMachine task thread for /0.0.0.0:44115 - 0 ] INFO  ratis.XceiverServerRatis (XceiverServerRatis.java:getRealPort(502)) - XceiverServerRatis e8524086-66f7-4ba2-b4e3-52afd3370864 is started using port 43971 for RATIS
2022-04-21 00:50:08,384 [EndpointStateMachine task thread for /0.0.0.0:44115 - 0 ] INFO  ratis.XceiverServerRatis (XceiverServerRatis.java:getRealPort(502)) - XceiverServerRatis e8524086-66f7-4ba2-b4e3-52afd3370864 is started using port 43971 for RATIS_ADMIN
2022-04-21 00:50:08,384 [EndpointStateMachine task thread for /0.0.0.0:44115 - 0 ] INFO  ratis.XceiverServerRatis (XceiverServerRatis.java:getRealPort(502)) - XceiverServerRatis e8524086-66f7-4ba2-b4e3-52afd3370864 is started using port 43971 for RATIS_SERVER
2022-04-21 00:50:08,385 [org.apache.ratis.util.JvmPauseMonitor$$Lambda$525/1580874189@5c25d376] INFO  util.JvmPauseMonitor (JvmPauseMonitor.java:run(103)) - JvmPauseMonitor-e8524086-66f7-4ba2-b4e3-52afd3370864: Started
2022-04-21 00:50:08,386 [EndpointStateMachine task thread for /0.0.0.0:44115 - 0 ] INFO  server.XceiverServerGrpc (XceiverServerGrpc.java:start(180)) - XceiverServerGrpc e8524086-66f7-4ba2-b4e3-52afd3370864 is started using port 46141
2022-04-21 00:50:08,573 [EndpointStateMachine task thread for /0.0.0.0:44115 - 0 ] INFO  ozoneimpl.OzoneContainer (OzoneContainer.java:start(335)) - Attempting to start container services.
2022-04-21 00:50:08,573 [EndpointStateMachine task thread for /0.0.0.0:44115 - 0 ] INFO  ozoneimpl.OzoneContainer (OzoneContainer.java:startContainerScrub(270)) - Background container scanner has been disabled.
2022-04-21 00:50:08,574 [EndpointStateMachine task thread for /0.0.0.0:44115 - 0 ] INFO  replication.ReplicationServer (ReplicationServer.java:start(111)) - ReplicationServer is started using port 46555
2022-04-21 00:50:08,575 [EndpointStateMachine task thread for /0.0.0.0:44115 - 0 ] INFO  ratis.XceiverServerRatis (XceiverServerRatis.java:start(481)) - Starting XceiverServerRatis 0075b94f-442f-431b-bbbf-ccc5d4b175df
2022-04-21 00:50:08,580 [EndpointStateMachine task thread for /0.0.0.0:44115 - 0 ] INFO  server.RaftServer (RaftServerProxy.java:lambda$start$5(374)) - 0075b94f-442f-431b-bbbf-ccc5d4b175df: start RPC server
2022-04-21 00:50:08,581 [EndpointStateMachine task thread for /0.0.0.0:44115 - 0 ] INFO  server.GrpcService (GrpcService.java:startImpl(253)) - 0075b94f-442f-431b-bbbf-ccc5d4b175df: GrpcService started, listening on 33057
2022-04-21 00:50:08,582 [EndpointStateMachine task thread for /0.0.0.0:44115 - 0 ] INFO  ratis.XceiverServerRatis (XceiverServerRatis.java:getRealPort(502)) - XceiverServerRatis 0075b94f-442f-431b-bbbf-ccc5d4b175df is started using port 33057 for RATIS
2022-04-21 00:50:08,582 [org.apache.ratis.util.JvmPauseMonitor$$Lambda$525/1580874189@21ec2663] INFO  util.JvmPauseMonitor (JvmPauseMonitor.java:run(103)) - JvmPauseMonitor-0075b94f-442f-431b-bbbf-ccc5d4b175df: Started
2022-04-21 00:50:08,582 [EndpointStateMachine task thread for /0.0.0.0:44115 - 0 ] INFO  ratis.XceiverServerRatis (XceiverServerRatis.java:getRealPort(502)) - XceiverServerRatis 0075b94f-442f-431b-bbbf-ccc5d4b175df is started using port 33057 for RATIS_ADMIN
2022-04-21 00:50:08,582 [EndpointStateMachine task thread for /0.0.0.0:44115 - 0 ] INFO  ratis.XceiverServerRatis (XceiverServerRatis.java:getRealPort(502)) - XceiverServerRatis 0075b94f-442f-431b-bbbf-ccc5d4b175df is started using port 33057 for RATIS_SERVER
2022-04-21 00:50:08,583 [EndpointStateMachine task thread for /0.0.0.0:44115 - 0 ] INFO  server.XceiverServerGrpc (XceiverServerGrpc.java:start(180)) - XceiverServerGrpc 0075b94f-442f-431b-bbbf-ccc5d4b175df is started using port 35859
2022-04-21 00:50:08,734 [Listener at 127.0.0.1/46539] INFO  ozone.MiniOzoneClusterImpl (MiniOzoneClusterImpl.java:lambda$waitForClusterToBeReady$0(221)) - Waiting for nodes to be ready. Got 0 of 3 DN Heartbeats.
2022-04-21 00:50:08,734 [Listener at 127.0.0.1/46539] INFO  ozone.MiniOzoneClusterImpl (MiniOzoneClusterImpl.java:lambda$waitForClusterToBeReady$0(224)) - Waiting for cluster to exit safe mode
2022-04-21 00:50:08,735 [Listener at 127.0.0.1/46539] INFO  ozone.MiniOzoneClusterImpl (MiniOzoneClusterImpl.java:lambda$waitForClusterToBeReady$0(226)) - SCM became leader
2022-04-21 00:50:08,754 [EndpointStateMachine task thread for /0.0.0.0:44115 - 0 ] INFO  ozoneimpl.OzoneContainer (OzoneContainer.java:start(335)) - Attempting to start container services.
2022-04-21 00:50:08,754 [EndpointStateMachine task thread for /0.0.0.0:44115 - 0 ] INFO  ozoneimpl.OzoneContainer (OzoneContainer.java:startContainerScrub(270)) - Background container scanner has been disabled.
2022-04-21 00:50:08,755 [EndpointStateMachine task thread for /0.0.0.0:44115 - 0 ] INFO  replication.ReplicationServer (ReplicationServer.java:start(111)) - ReplicationServer is started using port 38263
2022-04-21 00:50:08,756 [EndpointStateMachine task thread for /0.0.0.0:44115 - 0 ] INFO  ratis.XceiverServerRatis (XceiverServerRatis.java:start(481)) - Starting XceiverServerRatis c2558997-1fb9-4616-86fd-ed065cf63d6b
2022-04-21 00:50:08,758 [EndpointStateMachine task thread for /0.0.0.0:44115 - 0 ] INFO  server.RaftServer (RaftServerProxy.java:lambda$start$5(374)) - c2558997-1fb9-4616-86fd-ed065cf63d6b: start RPC server
2022-04-21 00:50:08,759 [EndpointStateMachine task thread for /0.0.0.0:44115 - 0 ] INFO  server.GrpcService (GrpcService.java:startImpl(253)) - c2558997-1fb9-4616-86fd-ed065cf63d6b: GrpcService started, listening on 33099
2022-04-21 00:50:08,759 [EndpointStateMachine task thread for /0.0.0.0:44115 - 0 ] INFO  ratis.XceiverServerRatis (XceiverServerRatis.java:getRealPort(502)) - XceiverServerRatis c2558997-1fb9-4616-86fd-ed065cf63d6b is started using port 33099 for RATIS
2022-04-21 00:50:08,759 [EndpointStateMachine task thread for /0.0.0.0:44115 - 0 ] INFO  ratis.XceiverServerRatis (XceiverServerRatis.java:getRealPort(502)) - XceiverServerRatis c2558997-1fb9-4616-86fd-ed065cf63d6b is started using port 33099 for RATIS_ADMIN
2022-04-21 00:50:08,759 [EndpointStateMachine task thread for /0.0.0.0:44115 - 0 ] INFO  ratis.XceiverServerRatis (XceiverServerRatis.java:getRealPort(502)) - XceiverServerRatis c2558997-1fb9-4616-86fd-ed065cf63d6b is started using port 33099 for RATIS_SERVER
2022-04-21 00:50:08,760 [org.apache.ratis.util.JvmPauseMonitor$$Lambda$525/1580874189@25655a1f] INFO  util.JvmPauseMonitor (JvmPauseMonitor.java:run(103)) - JvmPauseMonitor-c2558997-1fb9-4616-86fd-ed065cf63d6b: Started
2022-04-21 00:50:08,761 [EndpointStateMachine task thread for /0.0.0.0:44115 - 0 ] INFO  server.XceiverServerGrpc (XceiverServerGrpc.java:start(180)) - XceiverServerGrpc c2558997-1fb9-4616-86fd-ed065cf63d6b is started using port 34993
2022-04-21 00:50:09,735 [Listener at 127.0.0.1/46539] INFO  ozone.MiniOzoneClusterImpl (MiniOzoneClusterImpl.java:lambda$waitForClusterToBeReady$0(221)) - Waiting for nodes to be ready. Got 0 of 3 DN Heartbeats.
2022-04-21 00:50:09,735 [Listener at 127.0.0.1/46539] INFO  ozone.MiniOzoneClusterImpl (MiniOzoneClusterImpl.java:lambda$waitForClusterToBeReady$0(224)) - Waiting for cluster to exit safe mode
2022-04-21 00:50:09,736 [Listener at 127.0.0.1/46539] INFO  ozone.MiniOzoneClusterImpl (MiniOzoneClusterImpl.java:lambda$waitForClusterToBeReady$0(226)) - SCM became leader
2022-04-21 00:50:10,341 [IPC Server handler 15 on default port 44115] INFO  net.NetworkTopologyImpl (NetworkTopologyImpl.java:add(112)) - Added a new node: /default-rack/e8524086-66f7-4ba2-b4e3-52afd3370864
2022-04-21 00:50:10,345 [IPC Server handler 15 on default port 44115] INFO  node.SCMNodeManager (SCMNodeManager.java:register(391)) - Registered Data node : e8524086-66f7-4ba2-b4e3-52afd3370864{ip: 10.1.0.33, host: fv-az184-505.3ow45vhwbzuu5incsxmygykede.cx.internal.cloudapp.net, ports: [REPLICATION=35545, RATIS=43971, RATIS_ADMIN=43971, RATIS_SERVER=43971, STANDALONE=46141], networkLocation: /default-rack, certSerialId: null, persistedOpState: null, persistedOpStateExpiryEpochSec: 0}
2022-04-21 00:50:10,353 [EventQueue-NewNodeForNewNodeHandler] INFO  pipeline.BackgroundPipelineCreator (BackgroundPipelineCreator.java:notifyEventTriggered(284)) - trigger a one-shot run on RatisPipelineUtilsThread.
2022-04-21 00:50:10,364 [EventQueue-NodeRegistrationContainerReportForDataNodeSafeModeRule] INFO  safemode.SCMSafeModeManager (DataNodeSafeModeRule.java:process(71)) - SCM in safe mode. 1 DataNodes registered, 3 required.
2022-04-21 00:50:10,379 [RatisPipelineUtilsThread - 0] INFO  pipeline.RatisPipelineProvider (RatisPipelineProvider.java:lambda$create$0(195)) - Sending CreatePipelineCommand for pipeline:PipelineID=b026377e-705f-4fc5-9406-1a13288e1580 to datanode:e8524086-66f7-4ba2-b4e3-52afd3370864
2022-04-21 00:50:10,379 [EventQueue-NodeRegistrationContainerReportForContainerSafeModeRule] INFO  safemode.SCMSafeModeManager (SCMSafeModeManager.java:validateSafeModeExitRules(204)) - ContainerSafeModeRule rule is successfully validated
2022-04-21 00:50:10,388 [EventQueue-PipelineReportForOneReplicaPipelineSafeModeRule] INFO  safemode.SCMSafeModeManager (SCMSafeModeManager.java:validateSafeModeExitRules(204)) - AtleastOneDatanodeReportedRule rule is successfully validated
2022-04-21 00:50:10,476 [52f37a01-89b5-406d-9bb0-8d12139c3c87@group-8CD5338CD4E2-StateMachineUpdater] INFO  pipeline.PipelineStateManagerImpl (PipelineStateManagerImpl.java:addPipeline(101)) - Created pipeline Pipeline[ Id: b026377e-705f-4fc5-9406-1a13288e1580, Nodes: e8524086-66f7-4ba2-b4e3-52afd3370864{ip: 10.1.0.33, host: fv-az184-505.3ow45vhwbzuu5incsxmygykede.cx.internal.cloudapp.net, ports: [REPLICATION=35545, RATIS=43971, RATIS_ADMIN=43971, RATIS_SERVER=43971, STANDALONE=46141], networkLocation: /default-rack, certSerialId: null, persistedOpState: IN_SERVICE, persistedOpStateExpiryEpochSec: 0}, ReplicationConfig: RATIS/ONE, State:ALLOCATED, leaderId:, CreationTimestamp2022-04-21T00:50:10.376Z[Etc/UTC]].
2022-04-21 00:50:10,479 [52f37a01-89b5-406d-9bb0-8d12139c3c87@group-8CD5338CD4E2-StateMachineUpdater] INFO  safemode.HealthyPipelineSafeModeRule (HealthyPipelineSafeModeRule.java:initializeRule(152)) - Refreshed total pipeline count is 0, healthy pipeline threshold count is 1
2022-04-21 00:50:10,570 [IPC Server handler 18 on default port 44115] INFO  net.NetworkTopologyImpl (NetworkTopologyImpl.java:add(112)) - Added a new node: /default-rack/0075b94f-442f-431b-bbbf-ccc5d4b175df
2022-04-21 00:50:10,571 [IPC Server handler 18 on default port 44115] INFO  node.SCMNodeManager (SCMNodeManager.java:register(391)) - Registered Data node : 0075b94f-442f-431b-bbbf-ccc5d4b175df{ip: 10.1.0.33, host: fv-az184-505.3ow45vhwbzuu5incsxmygykede.cx.internal.cloudapp.net, ports: [REPLICATION=46555, RATIS=33057, RATIS_ADMIN=33057, RATIS_SERVER=33057, STANDALONE=35859], networkLocation: /default-rack, certSerialId: null, persistedOpState: null, persistedOpStateExpiryEpochSec: 0}
2022-04-21 00:50:10,571 [EventQueue-NewNodeForNewNodeHandler] INFO  pipeline.BackgroundPipelineCreator (BackgroundPipelineCreator.java:notifyEventTriggered(284)) - trigger a one-shot run on RatisPipelineUtilsThread.
2022-04-21 00:50:10,573 [EventQueue-NodeRegistrationContainerReportForDataNodeSafeModeRule] INFO  safemode.SCMSafeModeManager (DataNodeSafeModeRule.java:process(71)) - SCM in safe mode. 2 DataNodes registered, 3 required.
2022-04-21 00:50:10,575 [RatisPipelineUtilsThread - 0] INFO  pipeline.RatisPipelineProvider (RatisPipelineProvider.java:lambda$create$0(195)) - Sending CreatePipelineCommand for pipeline:PipelineID=269203ee-03c2-4077-bf8a-583a2e79cab2 to datanode:0075b94f-442f-431b-bbbf-ccc5d4b175df
2022-04-21 00:50:10,578 [52f37a01-89b5-406d-9bb0-8d12139c3c87@group-8CD5338CD4E2-StateMachineUpdater] INFO  pipeline.PipelineStateManagerImpl (PipelineStateManagerImpl.java:addPipeline(101)) - Created pipeline Pipeline[ Id: 269203ee-03c2-4077-bf8a-583a2e79cab2, Nodes: 0075b94f-442f-431b-bbbf-ccc5d4b175df{ip: 10.1.0.33, host: fv-az184-505.3ow45vhwbzuu5incsxmygykede.cx.internal.cloudapp.net, ports: [REPLICATION=46555, RATIS=33057, RATIS_ADMIN=33057, RATIS_SERVER=33057, STANDALONE=35859], networkLocation: /default-rack, certSerialId: null, persistedOpState: IN_SERVICE, persistedOpStateExpiryEpochSec: 0}, ReplicationConfig: RATIS/ONE, State:ALLOCATED, leaderId:, CreationTimestamp2022-04-21T00:50:10.575Z[Etc/UTC]].
2022-04-21 00:50:10,578 [52f37a01-89b5-406d-9bb0-8d12139c3c87@group-8CD5338CD4E2-StateMachineUpdater] INFO  safemode.HealthyPipelineSafeModeRule (HealthyPipelineSafeModeRule.java:initializeRule(152)) - Refreshed total pipeline count is 0, healthy pipeline threshold count is 1
2022-04-21 00:50:10,736 [Listener at 127.0.0.1/46539] INFO  ozone.MiniOzoneClusterImpl (MiniOzoneClusterImpl.java:lambda$waitForClusterToBeReady$0(221)) - Waiting for nodes to be ready. Got 2 of 3 DN Heartbeats.
2022-04-21 00:50:10,737 [Listener at 127.0.0.1/46539] INFO  ozone.MiniOzoneClusterImpl (MiniOzoneClusterImpl.java:lambda$waitForClusterToBeReady$0(224)) - Waiting for cluster to exit safe mode
2022-04-21 00:50:10,737 [Listener at 127.0.0.1/46539] INFO  ozone.MiniOzoneClusterImpl (MiniOzoneClusterImpl.java:lambda$waitForClusterToBeReady$0(226)) - SCM became leader
2022-04-21 00:50:10,750 [IPC Server handler 16 on default port 44115] INFO  net.NetworkTopologyImpl (NetworkTopologyImpl.java:add(112)) - Added a new node: /default-rack/c2558997-1fb9-4616-86fd-ed065cf63d6b
2022-04-21 00:50:10,751 [IPC Server handler 16 on default port 44115] INFO  node.SCMNodeManager (SCMNodeManager.java:register(391)) - Registered Data node : c2558997-1fb9-4616-86fd-ed065cf63d6b{ip: 10.1.0.33, host: fv-az184-505.3ow45vhwbzuu5incsxmygykede.cx.internal.cloudapp.net, ports: [REPLICATION=38263, RATIS=33099, RATIS_ADMIN=33099, RATIS_SERVER=33099, STANDALONE=34993], networkLocation: /default-rack, certSerialId: null, persistedOpState: null, persistedOpStateExpiryEpochSec: 0}
2022-04-21 00:50:10,751 [EventQueue-NewNodeForNewNodeHandler] INFO  pipeline.BackgroundPipelineCreator (BackgroundPipelineCreator.java:notifyEventTriggered(284)) - trigger a one-shot run on RatisPipelineUtilsThread.
2022-04-21 00:50:10,752 [RatisPipelineUtilsThread - 0] INFO  pipeline.RatisPipelineProvider (RatisPipelineProvider.java:lambda$create$0(195)) - Sending CreatePipelineCommand for pipeline:PipelineID=309dcd37-4f58-49d4-9846-cbf675ac35d9 to datanode:c2558997-1fb9-4616-86fd-ed065cf63d6b
2022-04-21 00:50:10,752 [EventQueue-NodeRegistrationContainerReportForDataNodeSafeModeRule] INFO  safemode.SCMSafeModeManager (DataNodeSafeModeRule.java:process(71)) - SCM in safe mode. 3 DataNodes registered, 3 required.
2022-04-21 00:50:10,752 [EventQueue-NodeRegistrationContainerReportForDataNodeSafeModeRule] INFO  safemode.SCMSafeModeManager (SCMSafeModeManager.java:validateSafeModeExitRules(204)) - DataNodeSafeModeRule rule is successfully validated
2022-04-21 00:50:10,752 [EventQueue-NodeRegistrationContainerReportForDataNodeSafeModeRule] INFO  safemode.SCMSafeModeManager (SCMSafeModeManager.java:completePreCheck(233)) - All SCM safe mode pre check rules have passed
2022-04-21 00:50:10,752 [EventQueue-NodeRegistrationContainerReportForDataNodeSafeModeRule] WARN  events.EventQueue (EventQueue.java:fireEvent(194)) - No event handler registered for event TypedEvent{payloadType=SafeModeStatus, name='Safe mode status'}
2022-04-21 00:50:10,752 [EventQueue-NodeRegistrationContainerReportForDataNodeSafeModeRule] INFO  ha.SCMContext (SCMContext.java:updateSafeModeStatus(211)) - Update SafeModeStatus from SafeModeStatus{safeModeStatus=true, preCheckPassed=false} to SafeModeStatus{safeModeStatus=true, preCheckPassed=true}.
2022-04-21 00:50:10,752 [EventQueue-NodeRegistrationContainerReportForDataNodeSafeModeRule] INFO  pipeline.BackgroundPipelineCreator (BackgroundPipelineCreator.java:notifyEventTriggered(284)) - trigger a one-shot run on RatisPipelineUtilsThread.
2022-04-21 00:50:10,755 [52f37a01-89b5-406d-9bb0-8d12139c3c87@group-8CD5338CD4E2-StateMachineUpdater] INFO  pipeline.PipelineStateManagerImpl (PipelineStateManagerImpl.java:addPipeline(101)) - Created pipeline Pipeline[ Id: 309dcd37-4f58-49d4-9846-cbf675ac35d9, Nodes: c2558997-1fb9-4616-86fd-ed065cf63d6b{ip: 10.1.0.33, host: fv-az184-505.3ow45vhwbzuu5incsxmygykede.cx.internal.cloudapp.net, ports: [REPLICATION=38263, RATIS=33099, RATIS_ADMIN=33099, RATIS_SERVER=33099, STANDALONE=34993], networkLocation: /default-rack, certSerialId: null, persistedOpState: IN_SERVICE, persistedOpStateExpiryEpochSec: 0}, ReplicationConfig: RATIS/ONE, State:ALLOCATED, leaderId:, CreationTimestamp2022-04-21T00:50:10.752Z[Etc/UTC]].
2022-04-21 00:50:10,755 [52f37a01-89b5-406d-9bb0-8d12139c3c87@group-8CD5338CD4E2-StateMachineUpdater] INFO  safemode.HealthyPipelineSafeModeRule (HealthyPipelineSafeModeRule.java:initializeRule(152)) - Refreshed total pipeline count is 0, healthy pipeline threshold count is 1
2022-04-21 00:50:10,760 [RatisPipelineUtilsThread - 0] INFO  pipeline.RatisPipelineProvider (RatisPipelineProvider.java:lambda$create$0(195)) - Sending CreatePipelineCommand for pipeline:PipelineID=700d3bd8-7476-4c91-8944-c66a738fb9bb to datanode:c2558997-1fb9-4616-86fd-ed065cf63d6b
2022-04-21 00:50:10,760 [RatisPipelineUtilsThread - 0] INFO  pipeline.RatisPipelineProvider (RatisPipelineProvider.java:lambda$create$0(195)) - Sending CreatePipelineCommand for pipeline:PipelineID=700d3bd8-7476-4c91-8944-c66a738fb9bb to datanode:0075b94f-442f-431b-bbbf-ccc5d4b175df
2022-04-21 00:50:10,760 [RatisPipelineUtilsThread - 0] INFO  pipeline.RatisPipelineProvider (RatisPipelineProvider.java:lambda$create$0(195)) - Sending CreatePipelineCommand for pipeline:PipelineID=700d3bd8-7476-4c91-8944-c66a738fb9bb to datanode:e8524086-66f7-4ba2-b4e3-52afd3370864
2022-04-21 00:50:10,763 [52f37a01-89b5-406d-9bb0-8d12139c3c87@group-8CD5338CD4E2-StateMachineUpdater] INFO  pipeline.PipelineStateManagerImpl (PipelineStateManagerImpl.java:addPipeline(101)) - Created pipeline Pipeline[ Id: 700d3bd8-7476-4c91-8944-c66a738fb9bb, Nodes: c2558997-1fb9-4616-86fd-ed065cf63d6b{ip: 10.1.0.33, host: fv-az184-505.3ow45vhwbzuu5incsxmygykede.cx.internal.cloudapp.net, ports: [REPLICATION=38263, RATIS=33099, RATIS_ADMIN=33099, RATIS_SERVER=33099, STANDALONE=34993], networkLocation: /default-rack, certSerialId: null, persistedOpState: IN_SERVICE, persistedOpStateExpiryEpochSec: 0}0075b94f-442f-431b-bbbf-ccc5d4b175df{ip: 10.1.0.33, host: fv-az184-505.3ow45vhwbzuu5incsxmygykede.cx.internal.cloudapp.net, ports: [REPLICATION=46555, RATIS=33057, RATIS_ADMIN=33057, RATIS_SERVER=33057, STANDALONE=35859], networkLocation: /default-rack, certSerialId: null, persistedOpState: IN_SERVICE, persistedOpStateExpiryEpochSec: 0}e8524086-66f7-4ba2-b4e3-52afd3370864{ip: 10.1.0.33, host: fv-az184-505.3ow45vhwbzuu5incsxmygykede.cx.internal.cloudapp.net, ports: [REPLICATION=35545, RATIS=43971, RATIS_ADMIN=43971, RATIS_SERVER=43971, STANDALONE=46141], networkLocation: /default-rack, certSerialId: null, persistedOpState: IN_SERVICE, persistedOpStateExpiryEpochSec: 0}, ReplicationConfig: RATIS/THREE, State:ALLOCATED, leaderId:, CreationTimestamp2022-04-21T00:50:10.760Z[Etc/UTC]].
2022-04-21 00:50:10,763 [52f37a01-89b5-406d-9bb0-8d12139c3c87@group-8CD5338CD4E2-StateMachineUpdater] INFO  safemode.HealthyPipelineSafeModeRule (HealthyPipelineSafeModeRule.java:initializeRule(152)) - Refreshed total pipeline count is 0, healthy pipeline threshold count is 1
2022-04-21 00:50:10,767 [RatisPipelineUtilsThread - 0] INFO  pipeline.RatisPipelineProvider (RatisPipelineProvider.java:lambda$create$0(195)) - Sending CreatePipelineCommand for pipeline:PipelineID=99a487ed-a184-4aa2-9aa6-2d14661b708f to datanode:0075b94f-442f-431b-bbbf-ccc5d4b175df
2022-04-21 00:50:10,768 [RatisPipelineUtilsThread - 0] INFO  pipeline.RatisPipelineProvider (RatisPipelineProvider.java:lambda$create$0(195)) - Sending CreatePipelineCommand for pipeline:PipelineID=99a487ed-a184-4aa2-9aa6-2d14661b708f to datanode:c2558997-1fb9-4616-86fd-ed065cf63d6b
2022-04-21 00:50:10,768 [RatisPipelineUtilsThread - 0] INFO  pipeline.RatisPipelineProvider (RatisPipelineProvider.java:lambda$create$0(195)) - Sending CreatePipelineCommand for pipeline:PipelineID=99a487ed-a184-4aa2-9aa6-2d14661b708f to datanode:e8524086-66f7-4ba2-b4e3-52afd3370864
2022-04-21 00:50:10,777 [52f37a01-89b5-406d-9bb0-8d12139c3c87@group-8CD5338CD4E2-StateMachineUpdater] INFO  pipeline.PipelineStateManagerImpl (PipelineStateManagerImpl.java:addPipeline(101)) - Created pipeline Pipeline[ Id: 99a487ed-a184-4aa2-9aa6-2d14661b708f, Nodes: 0075b94f-442f-431b-bbbf-ccc5d4b175df{ip: 10.1.0.33, host: fv-az184-505.3ow45vhwbzuu5incsxmygykede.cx.internal.cloudapp.net, ports: [REPLICATION=46555, RATIS=33057, RATIS_ADMIN=33057, RATIS_SERVER=33057, STANDALONE=35859], networkLocation: /default-rack, certSerialId: null, persistedOpState: IN_SERVICE, persistedOpStateExpiryEpochSec: 0}c2558997-1fb9-4616-86fd-ed065cf63d6b{ip: 10.1.0.33, host: fv-az184-505.3ow45vhwbzuu5incsxmygykede.cx.internal.cloudapp.net, ports: [REPLICATION=38263, RATIS=33099, RATIS_ADMIN=33099, RATIS_SERVER=33099, STANDALONE=34993], networkLocation: /default-rack, certSerialId: null, persistedOpState: IN_SERVICE, persistedOpStateExpiryEpochSec: 0}e8524086-66f7-4ba2-b4e3-52afd3370864{ip: 10.1.0.33, host: fv-az184-505.3ow45vhwbzuu5incsxmygykede.cx.internal.cloudapp.net, ports: [REPLICATION=35545, RATIS=43971, RATIS_ADMIN=43971, RATIS_SERVER=43971, STANDALONE=46141], networkLocation: /default-rack, certSerialId: null, persistedOpState: IN_SERVICE, persistedOpStateExpiryEpochSec: 0}, ReplicationConfig: RATIS/THREE, State:ALLOCATED, leaderId:, CreationTimestamp2022-04-21T00:50:10.766Z[Etc/UTC]].
2022-04-21 00:50:10,777 [52f37a01-89b5-406d-9bb0-8d12139c3c87@group-8CD5338CD4E2-StateMachineUpdater] INFO  safemode.HealthyPipelineSafeModeRule (HealthyPipelineSafeModeRule.java:initializeRule(152)) - Refreshed total pipeline count is 0, healthy pipeline threshold count is 1
2022-04-21 00:50:10,777 [RatisPipelineUtilsThread - 0] INFO  pipeline.PipelineManagerImpl (PipelineManagerImpl.java:recordMetricsForPipeline(669)) - Pipeline: PipelineID=99a487ed-a184-4aa2-9aa6-2d14661b708f contains same datanodes as previous pipelines: PipelineID=700d3bd8-7476-4c91-8944-c66a738fb9bb nodeIds: 0075b94f-442f-431b-bbbf-ccc5d4b175df, c2558997-1fb9-4616-86fd-ed065cf63d6b, e8524086-66f7-4ba2-b4e3-52afd3370864
2022-04-21 00:50:11,738 [Listener at 127.0.0.1/46539] INFO  ozone.MiniOzoneClusterImpl (MiniOzoneClusterImpl.java:lambda$waitForClusterToBeReady$0(221)) - Nodes are ready. Got 3 of 3 DN Heartbeats.
2022-04-21 00:50:11,738 [Listener at 127.0.0.1/46539] INFO  ozone.MiniOzoneClusterImpl (MiniOzoneClusterImpl.java:lambda$waitForClusterToBeReady$0(224)) - Waiting for cluster to exit safe mode
2022-04-21 00:50:11,738 [Listener at 127.0.0.1/46539] INFO  ozone.MiniOzoneClusterImpl (MiniOzoneClusterImpl.java:lambda$waitForClusterToBeReady$0(226)) - SCM became leader
2022-04-21 00:50:12,739 [Listener at 127.0.0.1/46539] INFO  ozone.MiniOzoneClusterImpl (MiniOzoneClusterImpl.java:lambda$waitForClusterToBeReady$0(221)) - Nodes are ready. Got 3 of 3 DN Heartbeats.
2022-04-21 00:50:12,739 [Listener at 127.0.0.1/46539] INFO  ozone.MiniOzoneClusterImpl (MiniOzoneClusterImpl.java:lambda$waitForClusterToBeReady$0(224)) - Waiting for cluster to exit safe mode
2022-04-21 00:50:12,739 [Listener at 127.0.0.1/46539] INFO  ozone.MiniOzoneClusterImpl (MiniOzoneClusterImpl.java:lambda$waitForClusterToBeReady$0(226)) - SCM became leader
2022-04-21 00:50:13,310 [Command processor thread] INFO  server.RaftServer (RaftServerProxy.java:addNew(95)) - e8524086-66f7-4ba2-b4e3-52afd3370864: addNew group-1A13288E1580:[e8524086-66f7-4ba2-b4e3-52afd3370864|rpc:10.1.0.33:43971|priority:1] returns group-1A13288E1580:java.util.concurrent.CompletableFuture@265495cb[Not completed]
2022-04-21 00:50:13,320 [pool-72-thread-1] INFO  server.RaftServer$Division (RaftServerImpl.java:<init>(184)) - e8524086-66f7-4ba2-b4e3-52afd3370864: new RaftServerImpl for group-1A13288E1580:[e8524086-66f7-4ba2-b4e3-52afd3370864|rpc:10.1.0.33:43971|priority:1] with ContainerStateMachine:uninitialized
2022-04-21 00:50:13,320 [pool-72-thread-1] INFO  server.RaftServerConfigKeys (ConfUtils.java:logGet(44)) - raft.server.rpc.timeout.min = 5s (custom)
2022-04-21 00:50:13,320 [pool-72-thread-1] INFO  server.RaftServerConfigKeys (ConfUtils.java:logGet(44)) - raft.server.rpc.timeout.max = 5200ms (custom)
2022-04-21 00:50:13,320 [pool-72-thread-1] INFO  server.RaftServerConfigKeys (ConfUtils.java:logGet(44)) - raft.server.rpc.sleep.time = 25ms (default)
2022-04-21 00:50:13,320 [pool-72-thread-1] INFO  server.RaftServerConfigKeys (ConfUtils.java:logGet(44)) - raft.server.rpc.slowness.timeout = 300s (custom)
2022-04-21 00:50:13,321 [pool-72-thread-1] INFO  server.RaftServerConfigKeys (ConfUtils.java:logGet(44)) - raft.server.leaderelection.leader.step-down.wait-time = 10s (default)
2022-04-21 00:50:13,321 [pool-72-thread-1] INFO  server.RaftServerConfigKeys (ConfUtils.java:logGet(44)) - raft.server.sleep.deviation.threshold = 300ms (default)
2022-04-21 00:50:13,321 [pool-72-thread-1] INFO  server.RaftServerConfigKeys (ConfUtils.java:logGet(44)) - raft.server.log.appender.install.snapshot.enabled = false (custom)
2022-04-21 00:50:13,321 [pool-72-thread-1] INFO  server.RaftServer$Division (ServerState.java:<init>(105)) - e8524086-66f7-4ba2-b4e3-52afd3370864@group-1A13288E1580: ConfigurationManager, init=-1: [e8524086-66f7-4ba2-b4e3-52afd3370864|rpc:10.1.0.33:43971|priority:1], old=null, confs=<EMPTY_MAP>
2022-04-21 00:50:13,321 [pool-72-thread-1] INFO  server.RaftServerConfigKeys (ConfUtils.java:logGet(44)) - raft.server.storage.dir = [/home/runner/work/ozone/ozone/hadoop-ozone/integration-test/target/test-dir/MiniOzoneClusterImpl-cb023f66-64b5-4780-bc53-8cd5338cd4e2/datanode-0/data/ratis] (custom)
2022-04-21 00:50:13,321 [pool-72-thread-1] INFO  server.RaftServerConfigKeys (ConfUtils.java:logGet(44)) - raft.server.log.corruption.policy = EXCEPTION (default)
2022-04-21 00:50:13,321 [pool-72-thread-1] INFO  server.RaftServerConfigKeys (ConfUtils.java:logGet(44)) - raft.server.storage.free-space.min = 0MB (=0) (default)
2022-04-21 00:50:13,321 [pool-72-thread-1] INFO  storage.RaftStorageDirectory (RaftStorageDirectoryImpl.java:analyzeStorage(135)) - The storage directory /home/runner/work/ozone/ozone/hadoop-ozone/integration-test/target/test-dir/MiniOzoneClusterImpl-cb023f66-64b5-4780-bc53-8cd5338cd4e2/datanode-0/data/ratis/b026377e-705f-4fc5-9406-1a13288e1580 does not exist. Creating ...
2022-04-21 00:50:13,322 [pool-72-thread-1] INFO  storage.RaftStorageDirectory (RaftStorageDirectoryImpl.java:tryLock(230)) - Lock on /home/runner/work/ozone/ozone/hadoop-ozone/integration-test/target/test-dir/MiniOzoneClusterImpl-cb023f66-64b5-4780-bc53-8cd5338cd4e2/datanode-0/data/ratis/b026377e-705f-4fc5-9406-1a13288e1580/in_use.lock acquired by nodename 11593@fv-az184-505
2022-04-21 00:50:13,323 [pool-72-thread-1] INFO  storage.RaftStorage (RaftStorageImpl.java:format(89)) - Storage directory /home/runner/work/ozone/ozone/hadoop-ozone/integration-test/target/test-dir/MiniOzoneClusterImpl-cb023f66-64b5-4780-bc53-8cd5338cd4e2/datanode-0/data/ratis/b026377e-705f-4fc5-9406-1a13288e1580 has been successfully formatted.
2022-04-21 00:50:13,327 [pool-72-thread-1] INFO  ratis.ContainerStateMachine (ContainerStateMachine.java:loadSnapshot(236)) - group-1A13288E1580: The snapshot info is null. Setting the last applied indexto:(t:0, i:~)
2022-04-21 00:50:13,327 [pool-72-thread-1] INFO  server.RaftServerConfigKeys (ConfUtils.java:logGet(44)) - raft.server.notification.no-leader.timeout = 300s (custom)
2022-04-21 00:50:13,327 [pool-72-thread-1] INFO  server.RaftServerConfigKeys (ConfUtils.java:logGet(44)) - raft.server.log.use.memory = false (default)
2022-04-21 00:50:13,327 [pool-72-thread-1] INFO  server.RaftServerConfigKeys (ConfUtils.java:logGet(44)) - raft.server.log.purge.gap = 1000000 (custom)
2022-04-21 00:50:13,327 [pool-72-thread-1] INFO  server.RaftServerConfigKeys (ConfUtils.java:logGet(44)) - raft.server.log.appender.buffer.byte-limit = 33554432 (custom)
2022-04-21 00:50:13,328 [pool-72-thread-1] INFO  server.RaftServerConfigKeys (ConfUtils.java:logGet(44)) - raft.server.log.segment.size.max = 1048576 (custom)
2022-04-21 00:50:13,328 [pool-72-thread-1] INFO  server.RaftServerConfigKeys (ConfUtils.java:logGet(44)) - raft.server.log.segment.cache.num.max = 2 (custom)
2022-04-21 00:50:13,328 [pool-72-thread-1] INFO  server.RaftServerConfigKeys (ConfUtils.java:logGet(44)) - raft.server.log.segment.cache.size.max = 200MB (=209715200) (default)
2022-04-21 00:50:13,328 [pool-72-thread-1] INFO  segmented.SegmentedRaftLogWorker (SegmentedRaftLogWorker.java:<init>(182)) - new e8524086-66f7-4ba2-b4e3-52afd3370864@group-1A13288E1580-SegmentedRaftLogWorker for RaftStorageImpl:Storage Directory /home/runner/work/ozone/ozone/hadoop-ozone/integration-test/target/test-dir/MiniOzoneClusterImpl-cb023f66-64b5-4780-bc53-8cd5338cd4e2/datanode-0/data/ratis/b026377e-705f-4fc5-9406-1a13288e1580
2022-04-21 00:50:13,328 [pool-72-thread-1] INFO  server.RaftServerConfigKeys (ConfUtils.java:logGet(44)) - raft.server.log.queue.byte-limit = 4294967296 (custom)
2022-04-21 00:50:13,328 [pool-72-thread-1] INFO  server.RaftServerConfigKeys (ConfUtils.java:logGet(44)) - raft.server.log.queue.element-limit = 1024 (custom)
2022-04-21 00:50:13,328 [pool-72-thread-1] INFO  server.RaftServerConfigKeys (ConfUtils.java:logGet(44)) - raft.server.log.segment.size.max = 1048576 (custom)
2022-04-21 00:50:13,328 [pool-72-thread-1] INFO  server.RaftServerConfigKeys (ConfUtils.java:logGet(44)) - raft.server.log.preallocated.size = 16384 (custom)
2022-04-21 00:50:13,329 [pool-72-thread-1] INFO  server.RaftServerConfigKeys (ConfUtils.java:logGet(44)) - raft.server.log.force.sync.num = 128 (default)
2022-04-21 00:50:13,329 [pool-72-thread-1] INFO  server.RaftServerConfigKeys (ConfUtils.java:logGet(44)) - raft.server.log.statemachine.data.sync = true (default)
2022-04-21 00:50:13,329 [pool-72-thread-1] INFO  server.RaftServerConfigKeys (ConfUtils.java:logGet(44)) - raft.server.log.statemachine.data.sync.timeout = 10s (default)
2022-04-21 00:50:13,329 [pool-72-thread-1] INFO  server.RaftServerConfigKeys (ConfUtils.java:logGet(44)) - raft.server.log.statemachine.data.sync.timeout.retry = -1 (default)
2022-04-21 00:50:13,330 [pool-72-thread-1] INFO  server.RaftServerConfigKeys (ConfUtils.java:logGet(44)) - raft.server.log.write.buffer.size = 1048576 (custom)
2022-04-21 00:50:13,330 [pool-72-thread-1] INFO  server.RaftServerConfigKeys (ConfUtils.java:logGet(44)) - raft.server.log.statemachine.data.caching.enabled = true (custom)
2022-04-21 00:50:13,331 [pool-72-thread-1] INFO  segmented.SegmentedRaftLogWorker (SegmentedRaftLogWorker.java:lambda$new$0(133)) - e8524086-66f7-4ba2-b4e3-52afd3370864@group-1A13288E1580-SegmentedRaftLogWorker: flushIndex: setUnconditionally 0 -> -1
2022-04-21 00:50:13,331 [pool-72-thread-1] INFO  segmented.SegmentedRaftLogWorker (SegmentedRaftLogWorker.java:lambda$new$0(133)) - e8524086-66f7-4ba2-b4e3-52afd3370864@group-1A13288E1580-SegmentedRaftLogWorker: safeCacheEvictIndex: setUnconditionally 0 -> -1
2022-04-21 00:50:13,338 [pool-72-thread-1] INFO  server.RaftServerConfigKeys (ConfUtils.java:logGet(44)) - raft.server.snapshot.auto.trigger.enabled = true (custom)
2022-04-21 00:50:13,338 [pool-72-thread-1] INFO  server.RaftServerConfigKeys (ConfUtils.java:logGet(44)) - raft.server.snapshot.auto.trigger.threshold = 10000 (custom)
2022-04-21 00:50:13,338 [pool-72-thread-1] INFO  server.RaftServerConfigKeys (ConfUtils.java:logGet(44)) - raft.server.snapshot.retention.file.num = 5 (custom)
2022-04-21 00:50:13,338 [pool-72-thread-1] INFO  server.RaftServerConfigKeys (ConfUtils.java:logGet(44)) - raft.server.log.purge.upto.snapshot.index = false (default)
2022-04-21 00:50:13,338 [pool-72-thread-1] INFO  server.RaftServerConfigKeys (ConfUtils.java:logGet(44)) - raft.server.retrycache.expirytime = 600000ms (custom)
2022-04-21 00:50:13,338 [pool-72-thread-1] INFO  server.RaftServerConfigKeys (ConfUtils.java:logGet(44)) - raft.server.retrycache.statistics.expirytime = 100μs (default)
2022-04-21 00:50:13,340 [pool-72-thread-1] INFO  server.RaftServer$Division (RaftServerImpl.java:start(301)) - e8524086-66f7-4ba2-b4e3-52afd3370864@group-1A13288E1580: start as a follower, conf=-1: [e8524086-66f7-4ba2-b4e3-52afd3370864|rpc:10.1.0.33:43971|priority:1], old=null
2022-04-21 00:50:13,340 [pool-72-thread-1] INFO  server.RaftServer$Division (RaftServerImpl.java:setRole(290)) - e8524086-66f7-4ba2-b4e3-52afd3370864@group-1A13288E1580: changes role from      null to FOLLOWER at term 0 for startAsFollower
2022-04-21 00:50:13,340 [pool-72-thread-1] INFO  impl.RoleInfo (RoleInfo.java:updateAndGet(130)) - e8524086-66f7-4ba2-b4e3-52afd3370864: start e8524086-66f7-4ba2-b4e3-52afd3370864@group-1A13288E1580-FollowerState
2022-04-21 00:50:13,343 [pool-72-thread-1] INFO  util.JmxRegister (JmxRegister.java:tryRegister(44)) - Successfully registered JMX Bean with object name Ratis:service=RaftServer,group=group-1A13288E1580,id=e8524086-66f7-4ba2-b4e3-52afd3370864
2022-04-21 00:50:13,347 [Command processor thread] INFO  ratis.XceiverServerRatis (XceiverServerRatis.java:addGroup(765)) - Created group PipelineID=b026377e-705f-4fc5-9406-1a13288e1580
2022-04-21 00:50:13,348 [Command processor thread] INFO  commandhandler.CreatePipelineCommandHandler (CreatePipelineCommandHandler.java:handle(113)) - Created Pipeline RATIS ONE PipelineID=b026377e-705f-4fc5-9406-1a13288e1580.
2022-04-21 00:50:13,348 [Command processor thread] INFO  server.RaftServer (RaftServerProxy.java:addNew(95)) - e8524086-66f7-4ba2-b4e3-52afd3370864: addNew group-C66A738FB9BB:[0075b94f-442f-431b-bbbf-ccc5d4b175df|rpc:10.1.0.33:33057|priority:1, c2558997-1fb9-4616-86fd-ed065cf63d6b|rpc:10.1.0.33:33099|priority:0, e8524086-66f7-4ba2-b4e3-52afd3370864|rpc:10.1.0.33:43971|priority:0] returns group-C66A738FB9BB:java.util.concurrent.CompletableFuture@29dccdaa[Not completed]
2022-04-21 00:50:13,349 [pool-72-thread-1] INFO  server.RaftServer$Division (RaftServerImpl.java:<init>(184)) - e8524086-66f7-4ba2-b4e3-52afd3370864: new RaftServerImpl for group-C66A738FB9BB:[0075b94f-442f-431b-bbbf-ccc5d4b175df|rpc:10.1.0.33:33057|priority:1, c2558997-1fb9-4616-86fd-ed065cf63d6b|rpc:10.1.0.33:33099|priority:0, e8524086-66f7-4ba2-b4e3-52afd3370864|rpc:10.1.0.33:43971|priority:0] with ContainerStateMachine:uninitialized
2022-04-21 00:50:13,349 [pool-72-thread-1] INFO  server.RaftServerConfigKeys (ConfUtils.java:logGet(44)) - raft.server.rpc.timeout.min = 5s (custom)
2022-04-21 00:50:13,349 [pool-72-thread-1] INFO  server.RaftServerConfigKeys (ConfUtils.java:logGet(44)) - raft.server.rpc.timeout.max = 5200ms (custom)
2022-04-21 00:50:13,349 [pool-72-thread-1] INFO  server.RaftServerConfigKeys (ConfUtils.java:logGet(44)) - raft.server.rpc.sleep.time = 25ms (default)
2022-04-21 00:50:13,349 [pool-72-thread-1] INFO  server.RaftServerConfigKeys (ConfUtils.java:logGet(44)) - raft.server.rpc.slowness.timeout = 300s (custom)
2022-04-21 00:50:13,349 [pool-72-thread-1] INFO  server.RaftServerConfigKeys (ConfUtils.java:logGet(44)) - raft.server.leaderelection.leader.step-down.wait-time = 10s (default)
2022-04-21 00:50:13,349 [pool-72-thread-1] INFO  server.RaftServerConfigKeys (ConfUtils.java:logGet(44)) - raft.server.sleep.deviation.threshold = 300ms (default)
2022-04-21 00:50:13,349 [pool-72-thread-1] INFO  server.RaftServerConfigKeys (ConfUtils.java:logGet(44)) - raft.server.log.appender.install.snapshot.enabled = false (custom)
2022-04-21 00:50:13,350 [pool-72-thread-1] INFO  server.RaftServer$Division (ServerState.java:<init>(105)) - e8524086-66f7-4ba2-b4e3-52afd3370864@group-C66A738FB9BB: ConfigurationManager, init=-1: [0075b94f-442f-431b-bbbf-ccc5d4b175df|rpc:10.1.0.33:33057|priority:1, c2558997-1fb9-4616-86fd-ed065cf63d6b|rpc:10.1.0.33:33099|priority:0, e8524086-66f7-4ba2-b4e3-52afd3370864|rpc:10.1.0.33:43971|priority:0], old=null, confs=<EMPTY_MAP>
2022-04-21 00:50:13,350 [pool-72-thread-1] INFO  server.RaftServerConfigKeys (ConfUtils.java:logGet(44)) - raft.server.storage.dir = [/home/runner/work/ozone/ozone/hadoop-ozone/integration-test/target/test-dir/MiniOzoneClusterImpl-cb023f66-64b5-4780-bc53-8cd5338cd4e2/datanode-0/data/ratis] (custom)
2022-04-21 00:50:13,350 [pool-72-thread-1] INFO  server.RaftServerConfigKeys (ConfUtils.java:logGet(44)) - raft.server.log.corruption.policy = EXCEPTION (default)
2022-04-21 00:50:13,350 [pool-72-thread-1] INFO  server.RaftServerConfigKeys (ConfUtils.java:logGet(44)) - raft.server.storage.free-space.min = 0MB (=0) (default)
2022-04-21 00:50:13,350 [pool-72-thread-1] INFO  storage.RaftStorageDirectory (RaftStorageDirectoryImpl.java:analyzeStorage(135)) - The storage directory /home/runner/work/ozone/ozone/hadoop-ozone/integration-test/target/test-dir/MiniOzoneClusterImpl-cb023f66-64b5-4780-bc53-8cd5338cd4e2/datanode-0/data/ratis/700d3bd8-7476-4c91-8944-c66a738fb9bb does not exist. Creating ...
2022-04-21 00:50:13,352 [pool-72-thread-1] INFO  storage.RaftStorageDirectory (RaftStorageDirectoryImpl.java:tryLock(230)) - Lock on /home/runner/work/ozone/ozone/hadoop-ozone/integration-test/target/test-dir/MiniOzoneClusterImpl-cb023f66-64b5-4780-bc53-8cd5338cd4e2/datanode-0/data/ratis/700d3bd8-7476-4c91-8944-c66a738fb9bb/in_use.lock acquired by nodename 11593@fv-az184-505
2022-04-21 00:50:13,353 [EventQueue-PipelineReportForPipelineReportHandler] INFO  pipeline.PipelineManagerImpl (PipelineManagerImpl.java:openPipeline(321)) - Pipeline Pipeline[ Id: b026377e-705f-4fc5-9406-1a13288e1580, Nodes: e8524086-66f7-4ba2-b4e3-52afd3370864{ip: 10.1.0.33, host: fv-az184-505.3ow45vhwbzuu5incsxmygykede.cx.internal.cloudapp.net, ports: [REPLICATION=35545, RATIS=43971, RATIS_ADMIN=43971, RATIS_SERVER=43971, STANDALONE=46141], networkLocation: /default-rack, certSerialId: null, persistedOpState: IN_SERVICE, persistedOpStateExpiryEpochSec: 0}, ReplicationConfig: RATIS/ONE, State:ALLOCATED, leaderId:e8524086-66f7-4ba2-b4e3-52afd3370864, CreationTimestamp2022-04-21T00:50:10.376Z[Etc/UTC]] moved to OPEN state
2022-04-21 00:50:13,355 [pool-72-thread-1] INFO  storage.RaftStorage (RaftStorageImpl.java:format(89)) - Storage directory /home/runner/work/ozone/ozone/hadoop-ozone/integration-test/target/test-dir/MiniOzoneClusterImpl-cb023f66-64b5-4780-bc53-8cd5338cd4e2/datanode-0/data/ratis/700d3bd8-7476-4c91-8944-c66a738fb9bb has been successfully formatted.
2022-04-21 00:50:13,357 [pool-72-thread-1] INFO  ratis.ContainerStateMachine (ContainerStateMachine.java:loadSnapshot(236)) - group-C66A738FB9BB: The snapshot info is null. Setting the last applied indexto:(t:0, i:~)
2022-04-21 00:50:13,357 [pool-72-thread-1] INFO  server.RaftServerConfigKeys (ConfUtils.java:logGet(44)) - raft.server.notification.no-leader.timeout = 300s (custom)
2022-04-21 00:50:13,357 [pool-72-thread-1] INFO  server.RaftServerConfigKeys (ConfUtils.java:logGet(44)) - raft.server.log.use.memory = false (default)
2022-04-21 00:50:13,357 [pool-72-thread-1] INFO  server.RaftServerConfigKeys (ConfUtils.java:logGet(44)) - raft.server.log.purge.gap = 1000000 (custom)
2022-04-21 00:50:13,357 [pool-72-thread-1] INFO  server.RaftServerConfigKeys (ConfUtils.java:logGet(44)) - raft.server.log.appender.buffer.byte-limit = 33554432 (custom)
2022-04-21 00:50:13,357 [pool-72-thread-1] INFO  server.RaftServerConfigKeys (ConfUtils.java:logGet(44)) - raft.server.log.segment.size.max = 1048576 (custom)
2022-04-21 00:50:13,358 [pool-72-thread-1] INFO  server.RaftServerConfigKeys (ConfUtils.java:logGet(44)) - raft.server.log.segment.cache.num.max = 2 (custom)
2022-04-21 00:50:13,358 [pool-72-thread-1] INFO  server.RaftServerConfigKeys (ConfUtils.java:logGet(44)) - raft.server.log.segment.cache.size.max = 200MB (=209715200) (default)
2022-04-21 00:50:13,358 [pool-72-thread-1] INFO  segmented.SegmentedRaftLogWorker (SegmentedRaftLogWorker.java:<init>(182)) - new e8524086-66f7-4ba2-b4e3-52afd3370864@group-C66A738FB9BB-SegmentedRaftLogWorker for RaftStorageImpl:Storage Directory /home/runner/work/ozone/ozone/hadoop-ozone/integration-test/target/test-dir/MiniOzoneClusterImpl-cb023f66-64b5-4780-bc53-8cd5338cd4e2/datanode-0/data/ratis/700d3bd8-7476-4c91-8944-c66a738fb9bb
2022-04-21 00:50:13,358 [52f37a01-89b5-406d-9bb0-8d12139c3c87@group-8CD5338CD4E2-StateMachineUpdater] INFO  safemode.HealthyPipelineSafeModeRule (HealthyPipelineSafeModeRule.java:initializeRule(152)) - Refreshed total pipeline count is 0, healthy pipeline threshold count is 1
2022-04-21 00:50:13,358 [pool-72-thread-1] INFO  server.RaftServerConfigKeys (ConfUtils.java:logGet(44)) - raft.server.log.queue.byte-limit = 4294967296 (custom)
2022-04-21 00:50:13,358 [pool-72-thread-1] INFO  server.RaftServerConfigKeys (ConfUtils.java:logGet(44)) - raft.server.log.queue.element-limit = 1024 (custom)
2022-04-21 00:50:13,358 [pool-72-thread-1] INFO  server.RaftServerConfigKeys (ConfUtils.java:logGet(44)) - raft.server.log.segment.size.max = 1048576 (custom)
2022-04-21 00:50:13,359 [pool-72-thread-1] INFO  server.RaftServerConfigKeys (ConfUtils.java:logGet(44)) - raft.server.log.preallocated.size = 16384 (custom)
2022-04-21 00:50:13,359 [pool-72-thread-1] INFO  server.RaftServerConfigKeys (ConfUtils.java:logGet(44)) - raft.server.log.force.sync.num = 128 (default)
2022-04-21 00:50:13,359 [pool-72-thread-1] INFO  server.RaftServerConfigKeys (ConfUtils.java:logGet(44)) - raft.server.log.statemachine.data.sync = true (default)
2022-04-21 00:50:13,359 [pool-72-thread-1] INFO  server.RaftServerConfigKeys (ConfUtils.java:logGet(44)) - raft.server.log.statemachine.data.sync.timeout = 10s (default)
2022-04-21 00:50:13,359 [pool-72-thread-1] INFO  server.RaftServerConfigKeys (ConfUtils.java:logGet(44)) - raft.server.log.statemachine.data.sync.timeout.retry = -1 (default)
2022-04-21 00:50:13,367 [pool-72-thread-1] INFO  server.RaftServerConfigKeys (ConfUtils.java:logGet(44)) - raft.server.log.write.buffer.size = 1048576 (custom)
2022-04-21 00:50:13,368 [pool-72-thread-1] INFO  server.RaftServerConfigKeys (ConfUtils.java:logGet(44)) - raft.server.log.statemachine.data.caching.enabled = true (custom)
2022-04-21 00:50:13,368 [pool-72-thread-1] INFO  segmented.SegmentedRaftLogWorker (SegmentedRaftLogWorker.java:lambda$new$0(133)) - e8524086-66f7-4ba2-b4e3-52afd3370864@group-C66A738FB9BB-SegmentedRaftLogWorker: flushIndex: setUnconditionally 0 -> -1
2022-04-21 00:50:13,368 [pool-72-thread-1] INFO  segmented.SegmentedRaftLogWorker (SegmentedRaftLogWorker.java:lambda$new$0(133)) - e8524086-66f7-4ba2-b4e3-52afd3370864@group-C66A738FB9BB-SegmentedRaftLogWorker: safeCacheEvictIndex: setUnconditionally 0 -> -1
2022-04-21 00:50:13,368 [EventQueue-OpenPipelineForHealthyPipelineSafeModeRule] INFO  safemode.SCMSafeModeManager (HealthyPipelineSafeModeRule.java:process(124)) - SCM in safe mode. Healthy pipelines reported count is 0, required healthy pipeline reported count is 1
2022-04-21 00:50:13,369 [pool-72-thread-1] INFO  server.RaftServerConfigKeys (ConfUtils.java:logGet(44)) - raft.server.snapshot.auto.trigger.enabled = true (custom)
2022-04-21 00:50:13,369 [pool-72-thread-1] INFO  server.RaftServerConfigKeys (ConfUtils.java:logGet(44)) - raft.server.snapshot.auto.trigger.threshold = 10000 (custom)
2022-04-21 00:50:13,369 [pool-72-thread-1] INFO  server.RaftServerConfigKeys (ConfUtils.java:logGet(44)) - raft.server.snapshot.retention.file.num = 5 (custom)
2022-04-21 00:50:13,369 [pool-72-thread-1] INFO  server.RaftServerConfigKeys (ConfUtils.java:logGet(44)) - raft.server.log.purge.upto.snapshot.index = false (default)
2022-04-21 00:50:13,369 [pool-72-thread-1] INFO  server.RaftServerConfigKeys (ConfUtils.java:logGet(44)) - raft.server.retrycache.expirytime = 600000ms (custom)
2022-04-21 00:50:13,369 [pool-72-thread-1] INFO  server.RaftServerConfigKeys (ConfUtils.java:logGet(44)) - raft.server.retrycache.statistics.expirytime = 100μs (default)
2022-04-21 00:50:13,370 [pool-72-thread-1] INFO  server.RaftServer$Division (RaftServerImpl.java:start(301)) - e8524086-66f7-4ba2-b4e3-52afd3370864@group-C66A738FB9BB: start as a follower, conf=-1: [0075b94f-442f-431b-bbbf-ccc5d4b175df|rpc:10.1.0.33:33057|priority:1, c2558997-1fb9-4616-86fd-ed065cf63d6b|rpc:10.1.0.33:33099|priority:0, e8524086-66f7-4ba2-b4e3-52afd3370864|rpc:10.1.0.33:43971|priority:0], old=null
2022-04-21 00:50:13,370 [pool-72-thread-1] INFO  server.RaftServer$Division (RaftServerImpl.java:setRole(290)) - e8524086-66f7-4ba2-b4e3-52afd3370864@group-C66A738FB9BB: changes role from      null to FOLLOWER at term 0 for startAsFollower
2022-04-21 00:50:13,370 [pool-72-thread-1] INFO  impl.RoleInfo (RoleInfo.java:updateAndGet(130)) - e8524086-66f7-4ba2-b4e3-52afd3370864: start e8524086-66f7-4ba2-b4e3-52afd3370864@group-C66A738FB9BB-FollowerState
2022-04-21 00:50:13,371 [pool-72-thread-1] INFO  util.JmxRegister (JmxRegister.java:tryRegister(44)) - Successfully registered JMX Bean with object name Ratis:service=RaftServer,group=group-C66A738FB9BB,id=e8524086-66f7-4ba2-b4e3-52afd3370864
2022-04-21 00:50:13,374 [EventQueue-OpenPipelineForHealthyPipelineSafeModeRule] INFO  safemode.SCMSafeModeManager (HealthyPipelineSafeModeRule.java:process(124)) - SCM in safe mode. Healthy pipelines reported count is 0, required healthy pipeline reported count is 1
2022-04-21 00:50:13,375 [Command processor thread] INFO  ratis.XceiverServerRatis (XceiverServerRatis.java:addGroup(765)) - Created group PipelineID=700d3bd8-7476-4c91-8944-c66a738fb9bb
2022-04-21 00:50:13,579 [Command processor thread] INFO  server.RaftServer (RaftServerProxy.java:addNew(95)) - 0075b94f-442f-431b-bbbf-ccc5d4b175df: addNew group-583A2E79CAB2:[0075b94f-442f-431b-bbbf-ccc5d4b175df|rpc:10.1.0.33:33057|priority:1] returns group-583A2E79CAB2:java.util.concurrent.CompletableFuture@61462abc[Not completed]
2022-04-21 00:50:13,586 [pool-93-thread-1] INFO  server.RaftServer$Division (RaftServerImpl.java:<init>(184)) - 0075b94f-442f-431b-bbbf-ccc5d4b175df: new RaftServerImpl for group-583A2E79CAB2:[0075b94f-442f-431b-bbbf-ccc5d4b175df|rpc:10.1.0.33:33057|priority:1] with ContainerStateMachine:uninitialized
2022-04-21 00:50:13,589 [pool-93-thread-1] INFO  server.RaftServerConfigKeys (ConfUtils.java:logGet(44)) - raft.server.rpc.timeout.min = 5s (custom)
2022-04-21 00:50:13,589 [pool-93-thread-1] INFO  server.RaftServerConfigKeys (ConfUtils.java:logGet(44)) - raft.server.rpc.timeout.max = 5200ms (custom)
2022-04-21 00:50:13,593 [pool-93-thread-1] INFO  server.RaftServerConfigKeys (ConfUtils.java:logGet(44)) - raft.server.rpc.sleep.time = 25ms (default)
2022-04-21 00:50:13,594 [pool-93-thread-1] INFO  server.RaftServerConfigKeys (ConfUtils.java:logGet(44)) - raft.server.rpc.slowness.timeout = 300s (custom)
2022-04-21 00:50:13,594 [pool-93-thread-1] INFO  server.RaftServerConfigKeys (ConfUtils.java:logGet(44)) - raft.server.leaderelection.leader.step-down.wait-time = 10s (default)
2022-04-21 00:50:13,594 [pool-93-thread-1] INFO  server.RaftServerConfigKeys (ConfUtils.java:logGet(44)) - raft.server.sleep.deviation.threshold = 300ms (default)
2022-04-21 00:50:13,594 [pool-93-thread-1] INFO  server.RaftServerConfigKeys (ConfUtils.java:logGet(44)) - raft.server.log.appender.install.snapshot.enabled = false (custom)
2022-04-21 00:50:13,594 [pool-93-thread-1] INFO  server.RaftServer$Division (ServerState.java:<init>(105)) - 0075b94f-442f-431b-bbbf-ccc5d4b175df@group-583A2E79CAB2: ConfigurationManager, init=-1: [0075b94f-442f-431b-bbbf-ccc5d4b175df|rpc:10.1.0.33:33057|priority:1], old=null, confs=<EMPTY_MAP>
2022-04-21 00:50:13,594 [pool-93-thread-1] INFO  server.RaftServerConfigKeys (ConfUtils.java:logGet(44)) - raft.server.storage.dir = [/home/runner/work/ozone/ozone/hadoop-ozone/integration-test/target/test-dir/MiniOzoneClusterImpl-cb023f66-64b5-4780-bc53-8cd5338cd4e2/datanode-1/data/ratis] (custom)
2022-04-21 00:50:13,595 [pool-93-thread-1] INFO  server.RaftServerConfigKeys (ConfUtils.java:logGet(44)) - raft.server.log.corruption.policy = EXCEPTION (default)
2022-04-21 00:50:13,595 [pool-93-thread-1] INFO  server.RaftServerConfigKeys (ConfUtils.java:logGet(44)) - raft.server.storage.free-space.min = 0MB (=0) (default)
2022-04-21 00:50:13,595 [pool-93-thread-1] INFO  storage.RaftStorageDirectory (RaftStorageDirectoryImpl.java:analyzeStorage(135)) - The storage directory /home/runner/work/ozone/ozone/hadoop-ozone/integration-test/target/test-dir/MiniOzoneClusterImpl-cb023f66-64b5-4780-bc53-8cd5338cd4e2/datanode-1/data/ratis/269203ee-03c2-4077-bf8a-583a2e79cab2 does not exist. Creating ...
2022-04-21 00:50:13,596 [pool-93-thread-1] INFO  storage.RaftStorageDirectory (RaftStorageDirectoryImpl.java:tryLock(230)) - Lock on /home/runner/work/ozone/ozone/hadoop-ozone/integration-test/target/test-dir/MiniOzoneClusterImpl-cb023f66-64b5-4780-bc53-8cd5338cd4e2/datanode-1/data/ratis/269203ee-03c2-4077-bf8a-583a2e79cab2/in_use.lock acquired by nodename 11593@fv-az184-505
2022-04-21 00:50:13,598 [pool-93-thread-1] INFO  storage.RaftStorage (RaftStorageImpl.java:format(89)) - Storage directory /home/runner/work/ozone/ozone/hadoop-ozone/integration-test/target/test-dir/MiniOzoneClusterImpl-cb023f66-64b5-4780-bc53-8cd5338cd4e2/datanode-1/data/ratis/269203ee-03c2-4077-bf8a-583a2e79cab2 has been successfully formatted.
2022-04-21 00:50:13,600 [pool-93-thread-1] INFO  ratis.ContainerStateMachine (ContainerStateMachine.java:loadSnapshot(236)) - group-583A2E79CAB2: The snapshot info is null. Setting the last applied indexto:(t:0, i:~)
2022-04-21 00:50:13,602 [pool-93-thread-1] INFO  server.RaftServerConfigKeys (ConfUtils.java:logGet(44)) - raft.server.notification.no-leader.timeout = 300s (custom)
2022-04-21 00:50:13,602 [pool-93-thread-1] INFO  server.RaftServerConfigKeys (ConfUtils.java:logGet(44)) - raft.server.log.use.memory = false (default)
2022-04-21 00:50:13,602 [pool-93-thread-1] INFO  server.RaftServerConfigKeys (ConfUtils.java:logGet(44)) - raft.server.log.purge.gap = 1000000 (custom)
2022-04-21 00:50:13,602 [pool-93-thread-1] INFO  server.RaftServerConfigKeys (ConfUtils.java:logGet(44)) - raft.server.log.appender.buffer.byte-limit = 33554432 (custom)
2022-04-21 00:50:13,602 [EventQueue-PipelineReportForPipelineReportHandler] INFO  pipeline.PipelineManagerImpl (PipelineManagerImpl.java:openPipeline(321)) - Pipeline Pipeline[ Id: 269203ee-03c2-4077-bf8a-583a2e79cab2, Nodes: 0075b94f-442f-431b-bbbf-ccc5d4b175df{ip: 10.1.0.33, host: fv-az184-505.3ow45vhwbzuu5incsxmygykede.cx.internal.cloudapp.net, ports: [REPLICATION=46555, RATIS=33057, RATIS_ADMIN=33057, RATIS_SERVER=33057, STANDALONE=35859], networkLocation: /default-rack, certSerialId: null, persistedOpState: IN_SERVICE, persistedOpStateExpiryEpochSec: 0}, ReplicationConfig: RATIS/ONE, State:ALLOCATED, leaderId:0075b94f-442f-431b-bbbf-ccc5d4b175df, CreationTimestamp2022-04-21T00:50:10.575Z[Etc/UTC]] moved to OPEN state
2022-04-21 00:50:13,604 [pool-93-thread-1] INFO  server.RaftServerConfigKeys (ConfUtils.java:logGet(44)) - raft.server.log.segment.size.max = 1048576 (custom)
2022-04-21 00:50:13,608 [pool-93-thread-1] INFO  server.RaftServerConfigKeys (ConfUtils.java:logGet(44)) - raft.server.log.segment.cache.num.max = 2 (custom)
2022-04-21 00:50:13,608 [pool-93-thread-1] INFO  server.RaftServerConfigKeys (ConfUtils.java:logGet(44)) - raft.server.log.segment.cache.size.max = 200MB (=209715200) (default)
2022-04-21 00:50:13,608 [pool-93-thread-1] INFO  segmented.SegmentedRaftLogWorker (SegmentedRaftLogWorker.java:<init>(182)) - new 0075b94f-442f-431b-bbbf-ccc5d4b175df@group-583A2E79CAB2-SegmentedRaftLogWorker for RaftStorageImpl:Storage Directory /home/runner/work/ozone/ozone/hadoop-ozone/integration-test/target/test-dir/MiniOzoneClusterImpl-cb023f66-64b5-4780-bc53-8cd5338cd4e2/datanode-1/data/ratis/269203ee-03c2-4077-bf8a-583a2e79cab2
2022-04-21 00:50:13,608 [pool-93-thread-1] INFO  server.RaftServerConfigKeys (ConfUtils.java:logGet(44)) - raft.server.log.queue.byte-limit = 4294967296 (custom)
2022-04-21 00:50:13,608 [pool-93-thread-1] INFO  server.RaftServerConfigKeys (ConfUtils.java:logGet(44)) - raft.server.log.queue.element-limit = 1024 (custom)
2022-04-21 00:50:13,608 [pool-93-thread-1] INFO  server.RaftServerConfigKeys (ConfUtils.java:logGet(44)) - raft.server.log.segment.size.max = 1048576 (custom)
2022-04-21 00:50:13,608 [pool-93-thread-1] INFO  server.RaftServerConfigKeys (ConfUtils.java:logGet(44)) - raft.server.log.preallocated.size = 16384 (custom)
2022-04-21 00:50:13,608 [pool-93-thread-1] INFO  server.RaftServerConfigKeys (ConfUtils.java:logGet(44)) - raft.server.log.force.sync.num = 128 (default)
2022-04-21 00:50:13,608 [pool-93-thread-1] INFO  server.RaftServerConfigKeys (ConfUtils.java:logGet(44)) - raft.server.log.statemachine.data.sync = true (default)
2022-04-21 00:50:13,608 [pool-93-thread-1] INFO  server.RaftServerConfigKeys (ConfUtils.java:logGet(44)) - raft.server.log.statemachine.data.sync.timeout = 10s (default)
2022-04-21 00:50:13,608 [pool-93-thread-1] INFO  server.RaftServerConfigKeys (ConfUtils.java:logGet(44)) - raft.server.log.statemachine.data.sync.timeout.retry = -1 (default)
2022-04-21 00:50:13,609 [pool-93-thread-1] INFO  server.RaftServerConfigKeys (ConfUtils.java:logGet(44)) - raft.server.log.write.buffer.size = 1048576 (custom)
2022-04-21 00:50:13,610 [pool-93-thread-1] INFO  server.RaftServerConfigKeys (ConfUtils.java:logGet(44)) - raft.server.log.statemachine.data.caching.enabled = true (custom)
2022-04-21 00:50:13,610 [pool-93-thread-1] INFO  segmented.SegmentedRaftLogWorker (SegmentedRaftLogWorker.java:lambda$new$0(133)) - 0075b94f-442f-431b-bbbf-ccc5d4b175df@group-583A2E79CAB2-SegmentedRaftLogWorker: flushIndex: setUnconditionally 0 -> -1
2022-04-21 00:50:13,610 [pool-93-thread-1] INFO  segmented.SegmentedRaftLogWorker (SegmentedRaftLogWorker.java:lambda$new$0(133)) - 0075b94f-442f-431b-bbbf-ccc5d4b175df@group-583A2E79CAB2-SegmentedRaftLogWorker: safeCacheEvictIndex: setUnconditionally 0 -> -1
2022-04-21 00:50:13,606 [52f37a01-89b5-406d-9bb0-8d12139c3c87@group-8CD5338CD4E2-StateMachineUpdater] INFO  safemode.HealthyPipelineSafeModeRule (HealthyPipelineSafeModeRule.java:initializeRule(152)) - Refreshed total pipeline count is 0, healthy pipeline threshold count is 1
2022-04-21 00:50:13,615 [pool-93-thread-1] INFO  server.RaftServerConfigKeys (ConfUtils.java:logGet(44)) - raft.server.snapshot.auto.trigger.enabled = true (custom)
2022-04-21 00:50:13,620 [pool-93-thread-1] INFO  server.RaftServerConfigKeys (ConfUtils.java:logGet(44)) - raft.server.snapshot.auto.trigger.threshold = 10000 (custom)
2022-04-21 00:50:13,620 [pool-93-thread-1] INFO  server.RaftServerConfigKeys (ConfUtils.java:logGet(44)) - raft.server.snapshot.retention.file.num = 5 (custom)
2022-04-21 00:50:13,620 [pool-93-thread-1] INFO  server.RaftServerConfigKeys (ConfUtils.java:logGet(44)) - raft.server.log.purge.upto.snapshot.index = false (default)
2022-04-21 00:50:13,620 [pool-93-thread-1] INFO  server.RaftServerConfigKeys (ConfUtils.java:logGet(44)) - raft.server.retrycache.expirytime = 600000ms (custom)
2022-04-21 00:50:13,620 [pool-93-thread-1] INFO  server.RaftServerConfigKeys (ConfUtils.java:logGet(44)) - raft.server.retrycache.statistics.expirytime = 100μs (default)
2022-04-21 00:50:13,620 [EventQueue-OpenPipelineForHealthyPipelineSafeModeRule] INFO  safemode.SCMSafeModeManager (HealthyPipelineSafeModeRule.java:process(124)) - SCM in safe mode. Healthy pipelines reported count is 0, required healthy pipeline reported count is 1
2022-04-21 00:50:13,621 [pool-93-thread-1] INFO  server.RaftServer$Division (RaftServerImpl.java:start(301)) - 0075b94f-442f-431b-bbbf-ccc5d4b175df@group-583A2E79CAB2: start as a follower, conf=-1: [0075b94f-442f-431b-bbbf-ccc5d4b175df|rpc:10.1.0.33:33057|priority:1], old=null
2022-04-21 00:50:13,622 [pool-93-thread-1] INFO  server.RaftServer$Division (RaftServerImpl.java:setRole(290)) - 0075b94f-442f-431b-bbbf-ccc5d4b175df@group-583A2E79CAB2: changes role from      null to FOLLOWER at term 0 for startAsFollower
2022-04-21 00:50:13,622 [pool-93-thread-1] INFO  impl.RoleInfo (RoleInfo.java:updateAndGet(130)) - 0075b94f-442f-431b-bbbf-ccc5d4b175df: start 0075b94f-442f-431b-bbbf-ccc5d4b175df@group-583A2E79CAB2-FollowerState
2022-04-21 00:50:13,625 [pool-93-thread-1] INFO  util.JmxRegister (JmxRegister.java:tryRegister(44)) - Successfully registered JMX Bean with object name Ratis:service=RaftServer,group=group-583A2E79CAB2,id=0075b94f-442f-431b-bbbf-ccc5d4b175df
2022-04-21 00:50:13,629 [Command processor thread] INFO  ratis.XceiverServerRatis (XceiverServerRatis.java:addGroup(765)) - Created group PipelineID=269203ee-03c2-4077-bf8a-583a2e79cab2
2022-04-21 00:50:13,629 [Command processor thread] INFO  commandhandler.CreatePipelineCommandHandler (CreatePipelineCommandHandler.java:handle(113)) - Created Pipeline RATIS ONE PipelineID=269203ee-03c2-4077-bf8a-583a2e79cab2.
2022-04-21 00:50:13,630 [Command processor thread] INFO  server.RaftServer (RaftServerProxy.java:addNew(95)) - 0075b94f-442f-431b-bbbf-ccc5d4b175df: addNew group-C66A738FB9BB:[0075b94f-442f-431b-bbbf-ccc5d4b175df|rpc:10.1.0.33:33057|priority:1, c2558997-1fb9-4616-86fd-ed065cf63d6b|rpc:10.1.0.33:33099|priority:0, e8524086-66f7-4ba2-b4e3-52afd3370864|rpc:10.1.0.33:43971|priority:0] returns group-C66A738FB9BB:java.util.concurrent.CompletableFuture@6579b24c[Not completed]
2022-04-21 00:50:13,635 [pool-93-thread-1] INFO  server.RaftServer$Division (RaftServerImpl.java:<init>(184)) - 0075b94f-442f-431b-bbbf-ccc5d4b175df: new RaftServerImpl for group-C66A738FB9BB:[0075b94f-442f-431b-bbbf-ccc5d4b175df|rpc:10.1.0.33:33057|priority:1, c2558997-1fb9-4616-86fd-ed065cf63d6b|rpc:10.1.0.33:33099|priority:0, e8524086-66f7-4ba2-b4e3-52afd3370864|rpc:10.1.0.33:43971|priority:0] with ContainerStateMachine:uninitialized
2022-04-21 00:50:13,635 [pool-93-thread-1] INFO  server.RaftServerConfigKeys (ConfUtils.java:logGet(44)) - raft.server.rpc.timeout.min = 5s (custom)
2022-04-21 00:50:13,635 [pool-93-thread-1] INFO  server.RaftServerConfigKeys (ConfUtils.java:logGet(44)) - raft.server.rpc.timeout.max = 5200ms (custom)
2022-04-21 00:50:13,635 [pool-93-thread-1] INFO  server.RaftServerConfigKeys (ConfUtils.java:logGet(44)) - raft.server.rpc.sleep.time = 25ms (default)
2022-04-21 00:50:13,635 [pool-93-thread-1] INFO  server.RaftServerConfigKeys (ConfUtils.java:logGet(44)) - raft.server.rpc.slowness.timeout = 300s (custom)
2022-04-21 00:50:13,635 [pool-93-thread-1] INFO  server.RaftServerConfigKeys (ConfUtils.java:logGet(44)) - raft.server.leaderelection.leader.step-down.wait-time = 10s (default)
2022-04-21 00:50:13,635 [pool-93-thread-1] INFO  server.RaftServerConfigKeys (ConfUtils.java:logGet(44)) - raft.server.sleep.deviation.threshold = 300ms (default)
2022-04-21 00:50:13,635 [pool-93-thread-1] INFO  server.RaftServerConfigKeys (ConfUtils.java:logGet(44)) - raft.server.log.appender.install.snapshot.enabled = false (custom)
2022-04-21 00:50:13,636 [pool-93-thread-1] INFO  server.RaftServer$Division (ServerState.java:<init>(105)) - 0075b94f-442f-431b-bbbf-ccc5d4b175df@group-C66A738FB9BB: ConfigurationManager, init=-1: [0075b94f-442f-431b-bbbf-ccc5d4b175df|rpc:10.1.0.33:33057|priority:1, c2558997-1fb9-4616-86fd-ed065cf63d6b|rpc:10.1.0.33:33099|priority:0, e8524086-66f7-4ba2-b4e3-52afd3370864|rpc:10.1.0.33:43971|priority:0], old=null, confs=<EMPTY_MAP>
2022-04-21 00:50:13,636 [pool-93-thread-1] INFO  server.RaftServerConfigKeys (ConfUtils.java:logGet(44)) - raft.server.storage.dir = [/home/runner/work/ozone/ozone/hadoop-ozone/integration-test/target/test-dir/MiniOzoneClusterImpl-cb023f66-64b5-4780-bc53-8cd5338cd4e2/datanode-1/data/ratis] (custom)
2022-04-21 00:50:13,636 [pool-93-thread-1] INFO  server.RaftServerConfigKeys (ConfUtils.java:logGet(44)) - raft.server.log.corruption.policy = EXCEPTION (default)
2022-04-21 00:50:13,636 [pool-93-thread-1] INFO  server.RaftServerConfigKeys (ConfUtils.java:logGet(44)) - raft.server.storage.free-space.min = 0MB (=0) (default)
2022-04-21 00:50:13,636 [pool-93-thread-1] INFO  storage.RaftStorageDirectory (RaftStorageDirectoryImpl.java:analyzeStorage(135)) - The storage directory /home/runner/work/ozone/ozone/hadoop-ozone/integration-test/target/test-dir/MiniOzoneClusterImpl-cb023f66-64b5-4780-bc53-8cd5338cd4e2/datanode-1/data/ratis/700d3bd8-7476-4c91-8944-c66a738fb9bb does not exist. Creating ...
2022-04-21 00:50:13,637 [pool-93-thread-1] INFO  storage.RaftStorageDirectory (RaftStorageDirectoryImpl.java:tryLock(230)) - Lock on /home/runner/work/ozone/ozone/hadoop-ozone/integration-test/target/test-dir/MiniOzoneClusterImpl-cb023f66-64b5-4780-bc53-8cd5338cd4e2/datanode-1/data/ratis/700d3bd8-7476-4c91-8944-c66a738fb9bb/in_use.lock acquired by nodename 11593@fv-az184-505
2022-04-21 00:50:13,640 [pool-93-thread-1] INFO  storage.RaftStorage (RaftStorageImpl.java:format(89)) - Storage directory /home/runner/work/ozone/ozone/hadoop-ozone/integration-test/target/test-dir/MiniOzoneClusterImpl-cb023f66-64b5-4780-bc53-8cd5338cd4e2/datanode-1/data/ratis/700d3bd8-7476-4c91-8944-c66a738fb9bb has been successfully formatted.
2022-04-21 00:50:13,640 [pool-93-thread-1] INFO  ratis.ContainerStateMachine (ContainerStateMachine.java:loadSnapshot(236)) - group-C66A738FB9BB: The snapshot info is null. Setting the last applied indexto:(t:0, i:~)
2022-04-21 00:50:13,640 [pool-93-thread-1] INFO  server.RaftServerConfigKeys (ConfUtils.java:logGet(44)) - raft.server.notification.no-leader.timeout = 300s (custom)
2022-04-21 00:50:13,643 [pool-93-thread-1] INFO  server.RaftServerConfigKeys (ConfUtils.java:logGet(44)) - raft.server.log.use.memory = false (default)
2022-04-21 00:50:13,643 [pool-93-thread-1] INFO  server.RaftServerConfigKeys (ConfUtils.java:logGet(44)) - raft.server.log.purge.gap = 1000000 (custom)
2022-04-21 00:50:13,644 [pool-93-thread-1] INFO  server.RaftServerConfigKeys (ConfUtils.java:logGet(44)) - raft.server.log.appender.buffer.byte-limit = 33554432 (custom)
2022-04-21 00:50:13,644 [pool-93-thread-1] INFO  server.RaftServerConfigKeys (ConfUtils.java:logGet(44)) - raft.server.log.segment.size.max = 1048576 (custom)
2022-04-21 00:50:13,644 [EventQueue-OpenPipelineForHealthyPipelineSafeModeRule] INFO  safemode.SCMSafeModeManager (HealthyPipelineSafeModeRule.java:process(124)) - SCM in safe mode. Healthy pipelines reported count is 0, required healthy pipeline reported count is 1
2022-04-21 00:50:13,645 [pool-93-thread-1] INFO  server.RaftServerConfigKeys (ConfUtils.java:logGet(44)) - raft.server.log.segment.cache.num.max = 2 (custom)
2022-04-21 00:50:13,645 [pool-93-thread-1] INFO  server.RaftServerConfigKeys (ConfUtils.java:logGet(44)) - raft.server.log.segment.cache.size.max = 200MB (=209715200) (default)
2022-04-21 00:50:13,645 [pool-93-thread-1] INFO  segmented.SegmentedRaftLogWorker (SegmentedRaftLogWorker.java:<init>(182)) - new 0075b94f-442f-431b-bbbf-ccc5d4b175df@group-C66A738FB9BB-SegmentedRaftLogWorker for RaftStorageImpl:Storage Directory /home/runner/work/ozone/ozone/hadoop-ozone/integration-test/target/test-dir/MiniOzoneClusterImpl-cb023f66-64b5-4780-bc53-8cd5338cd4e2/datanode-1/data/ratis/700d3bd8-7476-4c91-8944-c66a738fb9bb
2022-04-21 00:50:13,646 [pool-93-thread-1] INFO  server.RaftServerConfigKeys (ConfUtils.java:logGet(44)) - raft.server.log.queue.byte-limit = 4294967296 (custom)
2022-04-21 00:50:13,646 [pool-93-thread-1] INFO  server.RaftServerConfigKeys (ConfUtils.java:logGet(44)) - raft.server.log.queue.element-limit = 1024 (custom)
2022-04-21 00:50:13,646 [pool-93-thread-1] INFO  server.RaftServerConfigKeys (ConfUtils.java:logGet(44)) - raft.server.log.segment.size.max = 1048576 (custom)
2022-04-21 00:50:13,646 [pool-93-thread-1] INFO  server.RaftServerConfigKeys (ConfUtils.java:logGet(44)) - raft.server.log.preallocated.size = 16384 (custom)
2022-04-21 00:50:13,646 [pool-93-thread-1] INFO  server.RaftServerConfigKeys (ConfUtils.java:logGet(44)) - raft.server.log.force.sync.num = 128 (default)
2022-04-21 00:50:13,646 [pool-93-thread-1] INFO  server.RaftServerConfigKeys (ConfUtils.java:logGet(44)) - raft.server.log.statemachine.data.sync = true (default)
2022-04-21 00:50:13,646 [pool-93-thread-1] INFO  server.RaftServerConfigKeys (ConfUtils.java:logGet(44)) - raft.server.log.statemachine.data.sync.timeout = 10s (default)
2022-04-21 00:50:13,646 [pool-93-thread-1] INFO  server.RaftServerConfigKeys (ConfUtils.java:logGet(44)) - raft.server.log.statemachine.data.sync.timeout.retry = -1 (default)
2022-04-21 00:50:13,647 [pool-93-thread-1] INFO  server.RaftServerConfigKeys (ConfUtils.java:logGet(44)) - raft.server.log.write.buffer.size = 1048576 (custom)
2022-04-21 00:50:13,647 [pool-93-thread-1] INFO  server.RaftServerConfigKeys (ConfUtils.java:logGet(44)) - raft.server.log.statemachine.data.caching.enabled = true (custom)
2022-04-21 00:50:13,648 [pool-93-thread-1] INFO  segmented.SegmentedRaftLogWorker (SegmentedRaftLogWorker.java:lambda$new$0(133)) - 0075b94f-442f-431b-bbbf-ccc5d4b175df@group-C66A738FB9BB-SegmentedRaftLogWorker: flushIndex: setUnconditionally 0 -> -1
2022-04-21 00:50:13,648 [pool-93-thread-1] INFO  segmented.SegmentedRaftLogWorker (SegmentedRaftLogWorker.java:lambda$new$0(133)) - 0075b94f-442f-431b-bbbf-ccc5d4b175df@group-C66A738FB9BB-SegmentedRaftLogWorker: safeCacheEvictIndex: setUnconditionally 0 -> -1
2022-04-21 00:50:13,651 [pool-93-thread-1] INFO  server.RaftServerConfigKeys (ConfUtils.java:logGet(44)) - raft.server.snapshot.auto.trigger.enabled = true (custom)
2022-04-21 00:50:13,651 [pool-93-thread-1] INFO  server.RaftServerConfigKeys (ConfUtils.java:logGet(44)) - raft.server.snapshot.auto.trigger.threshold = 10000 (custom)
2022-04-21 00:50:13,651 [pool-93-thread-1] INFO  server.RaftServerConfigKeys (ConfUtils.java:logGet(44)) - raft.server.snapshot.retention.file.num = 5 (custom)
2022-04-21 00:50:13,651 [pool-93-thread-1] INFO  server.RaftServerConfigKeys (ConfUtils.java:logGet(44)) - raft.server.log.purge.upto.snapshot.index = false (default)
2022-04-21 00:50:13,651 [pool-93-thread-1] INFO  server.RaftServerConfigKeys (ConfUtils.java:logGet(44)) - raft.server.retrycache.expirytime = 600000ms (custom)
2022-04-21 00:50:13,651 [pool-93-thread-1] INFO  server.RaftServerConfigKeys (ConfUtils.java:logGet(44)) - raft.server.retrycache.statistics.expirytime = 100μs (default)
2022-04-21 00:50:13,652 [pool-93-thread-1] INFO  server.RaftServer$Division (RaftServerImpl.java:start(301)) - 0075b94f-442f-431b-bbbf-ccc5d4b175df@group-C66A738FB9BB: start as a follower, conf=-1: [0075b94f-442f-431b-bbbf-ccc5d4b175df|rpc:10.1.0.33:33057|priority:1, c2558997-1fb9-4616-86fd-ed065cf63d6b|rpc:10.1.0.33:33099|priority:0, e8524086-66f7-4ba2-b4e3-52afd3370864|rpc:10.1.0.33:43971|priority:0], old=null
2022-04-21 00:50:13,652 [pool-93-thread-1] INFO  server.RaftServer$Division (RaftServerImpl.java:setRole(290)) - 0075b94f-442f-431b-bbbf-ccc5d4b175df@group-C66A738FB9BB: changes role from      null to FOLLOWER at term 0 for startAsFollower
2022-04-21 00:50:13,653 [pool-93-thread-1] INFO  impl.RoleInfo (RoleInfo.java:updateAndGet(130)) - 0075b94f-442f-431b-bbbf-ccc5d4b175df: start 0075b94f-442f-431b-bbbf-ccc5d4b175df@group-C66A738FB9BB-FollowerState
2022-04-21 00:50:13,657 [pool-93-thread-1] INFO  util.JmxRegister (JmxRegister.java:tryRegister(44)) - Successfully registered JMX Bean with object name Ratis:service=RaftServer,group=group-C66A738FB9BB,id=0075b94f-442f-431b-bbbf-ccc5d4b175df
2022-04-21 00:50:13,662 [Command processor thread] INFO  ratis.XceiverServerRatis (XceiverServerRatis.java:addGroup(765)) - Created group PipelineID=700d3bd8-7476-4c91-8944-c66a738fb9bb
2022-04-21 00:50:13,739 [Listener at 127.0.0.1/46539] INFO  ozone.MiniOzoneClusterImpl (MiniOzoneClusterImpl.java:lambda$waitForClusterToBeReady$0(221)) - Nodes are ready. Got 3 of 3 DN Heartbeats.
2022-04-21 00:50:13,740 [Listener at 127.0.0.1/46539] INFO  ozone.MiniOzoneClusterImpl (MiniOzoneClusterImpl.java:lambda$waitForClusterToBeReady$0(224)) - Waiting for cluster to exit safe mode
2022-04-21 00:50:13,740 [Listener at 127.0.0.1/46539] INFO  ozone.MiniOzoneClusterImpl (MiniOzoneClusterImpl.java:lambda$waitForClusterToBeReady$0(226)) - SCM became leader
2022-04-21 00:50:13,748 [Command processor thread] INFO  server.RaftServer (RaftServerProxy.java:addNew(95)) - c2558997-1fb9-4616-86fd-ed065cf63d6b: addNew group-CBF675AC35D9:[c2558997-1fb9-4616-86fd-ed065cf63d6b|rpc:10.1.0.33:33099|priority:1] returns group-CBF675AC35D9:java.util.concurrent.CompletableFuture@600348f4[Not completed]
2022-04-21 00:50:13,761 [pool-114-thread-1] INFO  server.RaftServer$Division (RaftServerImpl.java:<init>(184)) - c2558997-1fb9-4616-86fd-ed065cf63d6b: new RaftServerImpl for group-CBF675AC35D9:[c2558997-1fb9-4616-86fd-ed065cf63d6b|rpc:10.1.0.33:33099|priority:1] with ContainerStateMachine:uninitialized
2022-04-21 00:50:13,762 [pool-114-thread-1] INFO  server.RaftServerConfigKeys (ConfUtils.java:logGet(44)) - raft.server.rpc.timeout.min = 5s (custom)
2022-04-21 00:50:13,762 [pool-114-thread-1] INFO  server.RaftServerConfigKeys (ConfUtils.java:logGet(44)) - raft.server.rpc.timeout.max = 5200ms (custom)
2022-04-21 00:50:13,762 [pool-114-thread-1] INFO  server.RaftServerConfigKeys (ConfUtils.java:logGet(44)) - raft.server.rpc.sleep.time = 25ms (default)
2022-04-21 00:50:13,768 [pool-114-thread-1] INFO  server.RaftServerConfigKeys (ConfUtils.java:logGet(44)) - raft.server.rpc.slowness.timeout = 300s (custom)
2022-04-21 00:50:13,768 [pool-114-thread-1] INFO  server.RaftServerConfigKeys (ConfUtils.java:logGet(44)) - raft.server.leaderelection.leader.step-down.wait-time = 10s (default)
2022-04-21 00:50:13,768 [pool-114-thread-1] INFO  server.RaftServerConfigKeys (ConfUtils.java:logGet(44)) - raft.server.sleep.deviation.threshold = 300ms (default)
2022-04-21 00:50:13,768 [pool-114-thread-1] INFO  server.RaftServerConfigKeys (ConfUtils.java:logGet(44)) - raft.server.log.appender.install.snapshot.enabled = false (custom)
2022-04-21 00:50:13,768 [pool-114-thread-1] INFO  server.RaftServer$Division (ServerState.java:<init>(105)) - c2558997-1fb9-4616-86fd-ed065cf63d6b@group-CBF675AC35D9: ConfigurationManager, init=-1: [c2558997-1fb9-4616-86fd-ed065cf63d6b|rpc:10.1.0.33:33099|priority:1], old=null, confs=<EMPTY_MAP>
2022-04-21 00:50:13,768 [pool-114-thread-1] INFO  server.RaftServerConfigKeys (ConfUtils.java:logGet(44)) - raft.server.storage.dir = [/home/runner/work/ozone/ozone/hadoop-ozone/integration-test/target/test-dir/MiniOzoneClusterImpl-cb023f66-64b5-4780-bc53-8cd5338cd4e2/datanode-2/data/ratis] (custom)
2022-04-21 00:50:13,768 [pool-114-thread-1] INFO  server.RaftServerConfigKeys (ConfUtils.java:logGet(44)) - raft.server.log.corruption.policy = EXCEPTION (default)
2022-04-21 00:50:13,769 [pool-114-thread-1] INFO  server.RaftServerConfigKeys (ConfUtils.java:logGet(44)) - raft.server.storage.free-space.min = 0MB (=0) (default)
2022-04-21 00:50:13,769 [pool-114-thread-1] INFO  storage.RaftStorageDirectory (RaftStorageDirectoryImpl.java:analyzeStorage(135)) - The storage directory /home/runner/work/ozone/ozone/hadoop-ozone/integration-test/target/test-dir/MiniOzoneClusterImpl-cb023f66-64b5-4780-bc53-8cd5338cd4e2/datanode-2/data/ratis/309dcd37-4f58-49d4-9846-cbf675ac35d9 does not exist. Creating ...
2022-04-21 00:50:13,770 [pool-114-thread-1] INFO  storage.RaftStorageDirectory (RaftStorageDirectoryImpl.java:tryLock(230)) - Lock on /home/runner/work/ozone/ozone/hadoop-ozone/integration-test/target/test-dir/MiniOzoneClusterImpl-cb023f66-64b5-4780-bc53-8cd5338cd4e2/datanode-2/data/ratis/309dcd37-4f58-49d4-9846-cbf675ac35d9/in_use.lock acquired by nodename 11593@fv-az184-505
2022-04-21 00:50:13,771 [pool-114-thread-1] INFO  storage.RaftStorage (RaftStorageImpl.java:format(89)) - Storage directory /home/runner/work/ozone/ozone/hadoop-ozone/integration-test/target/test-dir/MiniOzoneClusterImpl-cb023f66-64b5-4780-bc53-8cd5338cd4e2/datanode-2/data/ratis/309dcd37-4f58-49d4-9846-cbf675ac35d9 has been successfully formatted.
2022-04-21 00:50:13,777 [EventQueue-PipelineReportForPipelineReportHandler] INFO  pipeline.PipelineManagerImpl (PipelineManagerImpl.java:openPipeline(321)) - Pipeline Pipeline[ Id: 309dcd37-4f58-49d4-9846-cbf675ac35d9, Nodes: c2558997-1fb9-4616-86fd-ed065cf63d6b{ip: 10.1.0.33, host: fv-az184-505.3ow45vhwbzuu5incsxmygykede.cx.internal.cloudapp.net, ports: [REPLICATION=38263, RATIS=33099, RATIS_ADMIN=33099, RATIS_SERVER=33099, STANDALONE=34993], networkLocation: /default-rack, certSerialId: null, persistedOpState: IN_SERVICE, persistedOpStateExpiryEpochSec: 0}, ReplicationConfig: RATIS/ONE, State:ALLOCATED, leaderId:c2558997-1fb9-4616-86fd-ed065cf63d6b, CreationTimestamp2022-04-21T00:50:10.752Z[Etc/UTC]] moved to OPEN state
2022-04-21 00:50:13,781 [pool-114-thread-1] INFO  ratis.ContainerStateMachine (ContainerStateMachine.java:loadSnapshot(236)) - group-CBF675AC35D9: The snapshot info is null. Setting the last applied indexto:(t:0, i:~)
2022-04-21 00:50:13,781 [pool-114-thread-1] INFO  server.RaftServerConfigKeys (ConfUtils.java:logGet(44)) - raft.server.notification.no-leader.timeout = 300s (custom)
2022-04-21 00:50:13,781 [pool-114-thread-1] INFO  server.RaftServerConfigKeys (ConfUtils.java:logGet(44)) - raft.server.log.use.memory = false (default)
2022-04-21 00:50:13,781 [pool-114-thread-1] INFO  server.RaftServerConfigKeys (ConfUtils.java:logGet(44)) - raft.server.log.purge.gap = 1000000 (custom)
2022-04-21 00:50:13,782 [pool-114-thread-1] INFO  server.RaftServerConfigKeys (ConfUtils.java:logGet(44)) - raft.server.log.appender.buffer.byte-limit = 33554432 (custom)
2022-04-21 00:50:13,782 [pool-114-thread-1] INFO  server.RaftServerConfigKeys (ConfUtils.java:logGet(44)) - raft.server.log.segment.size.max = 1048576 (custom)
2022-04-21 00:50:13,782 [pool-114-thread-1] INFO  server.RaftServerConfigKeys (ConfUtils.java:logGet(44)) - raft.server.log.segment.cache.num.max = 2 (custom)
2022-04-21 00:50:13,782 [pool-114-thread-1] INFO  server.RaftServerConfigKeys (ConfUtils.java:logGet(44)) - raft.server.log.segment.cache.size.max = 200MB (=209715200) (default)
2022-04-21 00:50:13,782 [pool-114-thread-1] INFO  segmented.SegmentedRaftLogWorker (SegmentedRaftLogWorker.java:<init>(182)) - new c2558997-1fb9-4616-86fd-ed065cf63d6b@group-CBF675AC35D9-SegmentedRaftLogWorker for RaftStorageImpl:Storage Directory /home/runner/work/ozone/ozone/hadoop-ozone/integration-test/target/test-dir/MiniOzoneClusterImpl-cb023f66-64b5-4780-bc53-8cd5338cd4e2/datanode-2/data/ratis/309dcd37-4f58-49d4-9846-cbf675ac35d9
2022-04-21 00:50:13,782 [pool-114-thread-1] INFO  server.RaftServerConfigKeys (ConfUtils.java:logGet(44)) - raft.server.log.queue.byte-limit = 4294967296 (custom)
2022-04-21 00:50:13,782 [pool-114-thread-1] INFO  server.RaftServerConfigKeys (ConfUtils.java:logGet(44)) - raft.server.log.queue.element-limit = 1024 (custom)
2022-04-21 00:50:13,782 [pool-114-thread-1] INFO  server.RaftServerConfigKeys (ConfUtils.java:logGet(44)) - raft.server.log.segment.size.max = 1048576 (custom)
2022-04-21 00:50:13,782 [pool-114-thread-1] INFO  server.RaftServerConfigKeys (ConfUtils.java:logGet(44)) - raft.server.log.preallocated.size = 16384 (custom)
2022-04-21 00:50:13,782 [pool-114-thread-1] INFO  server.RaftServerConfigKeys (ConfUtils.java:logGet(44)) - raft.server.log.force.sync.num = 128 (default)
2022-04-21 00:50:13,785 [pool-114-thread-1] INFO  server.RaftServerConfigKeys (ConfUtils.java:logGet(44)) - raft.server.log.statemachine.data.sync = true (default)
2022-04-21 00:50:13,786 [pool-114-thread-1] INFO  server.RaftServerConfigKeys (ConfUtils.java:logGet(44)) - raft.server.log.statemachine.data.sync.timeout = 10s (default)
2022-04-21 00:50:13,786 [pool-114-thread-1] INFO  server.RaftServerConfigKeys (ConfUtils.java:logGet(44)) - raft.server.log.statemachine.data.sync.timeout.retry = -1 (default)
2022-04-21 00:50:13,786 [pool-114-thread-1] INFO  server.RaftServerConfigKeys (ConfUtils.java:logGet(44)) - raft.server.log.write.buffer.size = 1048576 (custom)
2022-04-21 00:50:13,787 [pool-114-thread-1] INFO  server.RaftServerConfigKeys (ConfUtils.java:logGet(44)) - raft.server.log.statemachine.data.caching.enabled = true (custom)
2022-04-21 00:50:13,788 [52f37a01-89b5-406d-9bb0-8d12139c3c87@group-8CD5338CD4E2-StateMachineUpdater] INFO  safemode.HealthyPipelineSafeModeRule (HealthyPipelineSafeModeRule.java:initializeRule(152)) - Refreshed total pipeline count is 0, healthy pipeline threshold count is 1
2022-04-21 00:50:13,789 [EventQueue-OpenPipelineForHealthyPipelineSafeModeRule] INFO  safemode.SCMSafeModeManager (HealthyPipelineSafeModeRule.java:process(124)) - SCM in safe mode. Healthy pipelines reported count is 0, required healthy pipeline reported count is 1
2022-04-21 00:50:13,789 [pool-114-thread-1] INFO  segmented.SegmentedRaftLogWorker (SegmentedRaftLogWorker.java:lambda$new$0(133)) - c2558997-1fb9-4616-86fd-ed065cf63d6b@group-CBF675AC35D9-SegmentedRaftLogWorker: flushIndex: setUnconditionally 0 -> -1
2022-04-21 00:50:13,789 [pool-114-thread-1] INFO  segmented.SegmentedRaftLogWorker (SegmentedRaftLogWorker.java:lambda$new$0(133)) - c2558997-1fb9-4616-86fd-ed065cf63d6b@group-CBF675AC35D9-SegmentedRaftLogWorker: safeCacheEvictIndex: setUnconditionally 0 -> -1
2022-04-21 00:50:13,790 [pool-114-thread-1] INFO  server.RaftServerConfigKeys (ConfUtils.java:logGet(44)) - raft.server.snapshot.auto.trigger.enabled = true (custom)
2022-04-21 00:50:13,790 [pool-114-thread-1] INFO  server.RaftServerConfigKeys (ConfUtils.java:logGet(44)) - raft.server.snapshot.auto.trigger.threshold = 10000 (custom)
2022-04-21 00:50:13,790 [pool-114-thread-1] INFO  server.RaftServerConfigKeys (ConfUtils.java:logGet(44)) - raft.server.snapshot.retention.file.num = 5 (custom)
2022-04-21 00:50:13,790 [pool-114-thread-1] INFO  server.RaftServerConfigKeys (ConfUtils.java:logGet(44)) - raft.server.log.purge.upto.snapshot.index = false (default)
2022-04-21 00:50:13,790 [pool-114-thread-1] INFO  server.RaftServerConfigKeys (ConfUtils.java:logGet(44)) - raft.server.retrycache.expirytime = 600000ms (custom)
2022-04-21 00:50:13,790 [pool-114-thread-1] INFO  server.RaftServerConfigKeys (ConfUtils.java:logGet(44)) - raft.server.retrycache.statistics.expirytime = 100μs (default)
2022-04-21 00:50:13,791 [pool-114-thread-1] INFO  server.RaftServer$Division (RaftServerImpl.java:start(301)) - c2558997-1fb9-4616-86fd-ed065cf63d6b@group-CBF675AC35D9: start as a follower, conf=-1: [c2558997-1fb9-4616-86fd-ed065cf63d6b|rpc:10.1.0.33:33099|priority:1], old=null
2022-04-21 00:50:13,792 [pool-114-thread-1] INFO  server.RaftServer$Division (RaftServerImpl.java:setRole(290)) - c2558997-1fb9-4616-86fd-ed065cf63d6b@group-CBF675AC35D9: changes role from      null to FOLLOWER at term 0 for startAsFollower
2022-04-21 00:50:13,792 [pool-114-thread-1] INFO  impl.RoleInfo (RoleInfo.java:updateAndGet(130)) - c2558997-1fb9-4616-86fd-ed065cf63d6b: start c2558997-1fb9-4616-86fd-ed065cf63d6b@group-CBF675AC35D9-FollowerState
2022-04-21 00:50:13,792 [pool-114-thread-1] INFO  util.JmxRegister (JmxRegister.java:tryRegister(44)) - Successfully registered JMX Bean with object name Ratis:service=RaftServer,group=group-CBF675AC35D9,id=c2558997-1fb9-4616-86fd-ed065cf63d6b
2022-04-21 00:50:13,792 [Command processor thread] INFO  ratis.XceiverServerRatis (XceiverServerRatis.java:addGroup(765)) - Created group PipelineID=309dcd37-4f58-49d4-9846-cbf675ac35d9
2022-04-21 00:50:13,793 [Command processor thread] INFO  commandhandler.CreatePipelineCommandHandler (CreatePipelineCommandHandler.java:handle(113)) - Created Pipeline RATIS ONE PipelineID=309dcd37-4f58-49d4-9846-cbf675ac35d9.
2022-04-21 00:50:13,793 [Command processor thread] INFO  server.RaftServer (RaftServerProxy.java:addNew(95)) - c2558997-1fb9-4616-86fd-ed065cf63d6b: addNew group-C66A738FB9BB:[0075b94f-442f-431b-bbbf-ccc5d4b175df|rpc:10.1.0.33:33057|priority:1, c2558997-1fb9-4616-86fd-ed065cf63d6b|rpc:10.1.0.33:33099|priority:0, e8524086-66f7-4ba2-b4e3-52afd3370864|rpc:10.1.0.33:43971|priority:0] returns group-C66A738FB9BB:java.util.concurrent.CompletableFuture@643cc02c[Not completed]
2022-04-21 00:50:13,794 [pool-114-thread-1] INFO  server.RaftServer$Division (RaftServerImpl.java:<init>(184)) - c2558997-1fb9-4616-86fd-ed065cf63d6b: new RaftServerImpl for group-C66A738FB9BB:[0075b94f-442f-431b-bbbf-ccc5d4b175df|rpc:10.1.0.33:33057|priority:1, c2558997-1fb9-4616-86fd-ed065cf63d6b|rpc:10.1.0.33:33099|priority:0, e8524086-66f7-4ba2-b4e3-52afd3370864|rpc:10.1.0.33:43971|priority:0] with ContainerStateMachine:uninitialized
2022-04-21 00:50:13,794 [pool-114-thread-1] INFO  server.RaftServerConfigKeys (ConfUtils.java:logGet(44)) - raft.server.rpc.timeout.min = 5s (custom)
2022-04-21 00:50:13,794 [pool-114-thread-1] INFO  server.RaftServerConfigKeys (ConfUtils.java:logGet(44)) - raft.server.rpc.timeout.max = 5200ms (custom)
2022-04-21 00:50:13,794 [pool-114-thread-1] INFO  server.RaftServerConfigKeys (ConfUtils.java:logGet(44)) - raft.server.rpc.sleep.time = 25ms (default)
2022-04-21 00:50:13,794 [pool-114-thread-1] INFO  server.RaftServerConfigKeys (ConfUtils.java:logGet(44)) - raft.server.rpc.slowness.timeout = 300s (custom)
2022-04-21 00:50:13,794 [pool-114-thread-1] INFO  server.RaftServerConfigKeys (ConfUtils.java:logGet(44)) - raft.server.leaderelection.leader.step-down.wait-time = 10s (default)
2022-04-21 00:50:13,794 [pool-114-thread-1] INFO  server.RaftServerConfigKeys (ConfUtils.java:logGet(44)) - raft.server.sleep.deviation.threshold = 300ms (default)
2022-04-21 00:50:13,794 [pool-114-thread-1] INFO  server.RaftServerConfigKeys (ConfUtils.java:logGet(44)) - raft.server.log.appender.install.snapshot.enabled = false (custom)
2022-04-21 00:50:13,794 [pool-114-thread-1] INFO  server.RaftServer$Division (ServerState.java:<init>(105)) - c2558997-1fb9-4616-86fd-ed065cf63d6b@group-C66A738FB9BB: ConfigurationManager, init=-1: [0075b94f-442f-431b-bbbf-ccc5d4b175df|rpc:10.1.0.33:33057|priority:1, c2558997-1fb9-4616-86fd-ed065cf63d6b|rpc:10.1.0.33:33099|priority:0, e8524086-66f7-4ba2-b4e3-52afd3370864|rpc:10.1.0.33:43971|priority:0], old=null, confs=<EMPTY_MAP>
2022-04-21 00:50:13,794 [pool-114-thread-1] INFO  server.RaftServerConfigKeys (ConfUtils.java:logGet(44)) - raft.server.storage.dir = [/home/runner/work/ozone/ozone/hadoop-ozone/integration-test/target/test-dir/MiniOzoneClusterImpl-cb023f66-64b5-4780-bc53-8cd5338cd4e2/datanode-2/data/ratis] (custom)
2022-04-21 00:50:13,795 [pool-114-thread-1] INFO  server.RaftServerConfigKeys (ConfUtils.java:logGet(44)) - raft.server.log.corruption.policy = EXCEPTION (default)
2022-04-21 00:50:13,795 [pool-114-thread-1] INFO  server.RaftServerConfigKeys (ConfUtils.java:logGet(44)) - raft.server.storage.free-space.min = 0MB (=0) (default)
2022-04-21 00:50:13,795 [pool-114-thread-1] INFO  storage.RaftStorageDirectory (RaftStorageDirectoryImpl.java:analyzeStorage(135)) - The storage directory /home/runner/work/ozone/ozone/hadoop-ozone/integration-test/target/test-dir/MiniOzoneClusterImpl-cb023f66-64b5-4780-bc53-8cd5338cd4e2/datanode-2/data/ratis/700d3bd8-7476-4c91-8944-c66a738fb9bb does not exist. Creating ...
2022-04-21 00:50:13,796 [pool-114-thread-1] INFO  storage.RaftStorageDirectory (RaftStorageDirectoryImpl.java:tryLock(230)) - Lock on /home/runner/work/ozone/ozone/hadoop-ozone/integration-test/target/test-dir/MiniOzoneClusterImpl-cb023f66-64b5-4780-bc53-8cd5338cd4e2/datanode-2/data/ratis/700d3bd8-7476-4c91-8944-c66a738fb9bb/in_use.lock acquired by nodename 11593@fv-az184-505
2022-04-21 00:50:13,797 [pool-114-thread-1] INFO  storage.RaftStorage (RaftStorageImpl.java:format(89)) - Storage directory /home/runner/work/ozone/ozone/hadoop-ozone/integration-test/target/test-dir/MiniOzoneClusterImpl-cb023f66-64b5-4780-bc53-8cd5338cd4e2/datanode-2/data/ratis/700d3bd8-7476-4c91-8944-c66a738fb9bb has been successfully formatted.
2022-04-21 00:50:13,798 [pool-114-thread-1] INFO  ratis.ContainerStateMachine (ContainerStateMachine.java:loadSnapshot(236)) - group-C66A738FB9BB: The snapshot info is null. Setting the last applied indexto:(t:0, i:~)
2022-04-21 00:50:13,799 [EventQueue-OpenPipelineForHealthyPipelineSafeModeRule] INFO  safemode.SCMSafeModeManager (HealthyPipelineSafeModeRule.java:process(124)) - SCM in safe mode. Healthy pipelines reported count is 0, required healthy pipeline reported count is 1
2022-04-21 00:50:13,799 [pool-114-thread-1] INFO  server.RaftServerConfigKeys (ConfUtils.java:logGet(44)) - raft.server.notification.no-leader.timeout = 300s (custom)
2022-04-21 00:50:13,799 [pool-114-thread-1] INFO  server.RaftServerConfigKeys (ConfUtils.java:logGet(44)) - raft.server.log.use.memory = false (default)
2022-04-21 00:50:13,799 [pool-114-thread-1] INFO  server.RaftServerConfigKeys (ConfUtils.java:logGet(44)) - raft.server.log.purge.gap = 1000000 (custom)
2022-04-21 00:50:13,800 [pool-114-thread-1] INFO  server.RaftServerConfigKeys (ConfUtils.java:logGet(44)) - raft.server.log.appender.buffer.byte-limit = 33554432 (custom)
2022-04-21 00:50:13,800 [pool-114-thread-1] INFO  server.RaftServerConfigKeys (ConfUtils.java:logGet(44)) - raft.server.log.segment.size.max = 1048576 (custom)
2022-04-21 00:50:13,800 [pool-114-thread-1] INFO  server.RaftServerConfigKeys (ConfUtils.java:logGet(44)) - raft.server.log.segment.cache.num.max = 2 (custom)
2022-04-21 00:50:13,800 [pool-114-thread-1] INFO  server.RaftServerConfigKeys (ConfUtils.java:logGet(44)) - raft.server.log.segment.cache.size.max = 200MB (=209715200) (default)
2022-04-21 00:50:13,800 [pool-114-thread-1] INFO  segmented.SegmentedRaftLogWorker (SegmentedRaftLogWorker.java:<init>(182)) - new c2558997-1fb9-4616-86fd-ed065cf63d6b@group-C66A738FB9BB-SegmentedRaftLogWorker for RaftStorageImpl:Storage Directory /home/runner/work/ozone/ozone/hadoop-ozone/integration-test/target/test-dir/MiniOzoneClusterImpl-cb023f66-64b5-4780-bc53-8cd5338cd4e2/datanode-2/data/ratis/700d3bd8-7476-4c91-8944-c66a738fb9bb
2022-04-21 00:50:13,800 [pool-114-thread-1] INFO  server.RaftServerConfigKeys (ConfUtils.java:logGet(44)) - raft.server.log.queue.byte-limit = 4294967296 (custom)
2022-04-21 00:50:13,800 [pool-114-thread-1] INFO  server.RaftServerConfigKeys (ConfUtils.java:logGet(44)) - raft.server.log.queue.element-limit = 1024 (custom)
2022-04-21 00:50:13,800 [pool-114-thread-1] INFO  server.RaftServerConfigKeys (ConfUtils.java:logGet(44)) - raft.server.log.segment.size.max = 1048576 (custom)
2022-04-21 00:50:13,800 [pool-114-thread-1] INFO  server.RaftServerConfigKeys (ConfUtils.java:logGet(44)) - raft.server.log.preallocated.size = 16384 (custom)
2022-04-21 00:50:13,800 [pool-114-thread-1] INFO  server.RaftServerConfigKeys (ConfUtils.java:logGet(44)) - raft.server.log.force.sync.num = 128 (default)
2022-04-21 00:50:13,800 [pool-114-thread-1] INFO  server.RaftServerConfigKeys (ConfUtils.java:logGet(44)) - raft.server.log.statemachine.data.sync = true (default)
2022-04-21 00:50:13,800 [pool-114-thread-1] INFO  server.RaftServerConfigKeys (ConfUtils.java:logGet(44)) - raft.server.log.statemachine.data.sync.timeout = 10s (default)
2022-04-21 00:50:13,800 [pool-114-thread-1] INFO  server.RaftServerConfigKeys (ConfUtils.java:logGet(44)) - raft.server.log.statemachine.data.sync.timeout.retry = -1 (default)
2022-04-21 00:50:13,801 [pool-114-thread-1] INFO  server.RaftServerConfigKeys (ConfUtils.java:logGet(44)) - raft.server.log.write.buffer.size = 1048576 (custom)
2022-04-21 00:50:13,802 [pool-114-thread-1] INFO  server.RaftServerConfigKeys (ConfUtils.java:logGet(44)) - raft.server.log.statemachine.data.caching.enabled = true (custom)
2022-04-21 00:50:13,802 [pool-114-thread-1] INFO  segmented.SegmentedRaftLogWorker (SegmentedRaftLogWorker.java:lambda$new$0(133)) - c2558997-1fb9-4616-86fd-ed065cf63d6b@group-C66A738FB9BB-SegmentedRaftLogWorker: flushIndex: setUnconditionally 0 -> -1
2022-04-21 00:50:13,802 [pool-114-thread-1] INFO  segmented.SegmentedRaftLogWorker (SegmentedRaftLogWorker.java:lambda$new$0(133)) - c2558997-1fb9-4616-86fd-ed065cf63d6b@group-C66A738FB9BB-SegmentedRaftLogWorker: safeCacheEvictIndex: setUnconditionally 0 -> -1
2022-04-21 00:50:13,802 [pool-114-thread-1] INFO  server.RaftServerConfigKeys (ConfUtils.java:logGet(44)) - raft.server.snapshot.auto.trigger.enabled = true (custom)
2022-04-21 00:50:13,802 [pool-114-thread-1] INFO  server.RaftServerConfigKeys (ConfUtils.java:logGet(44)) - raft.server.snapshot.auto.trigger.threshold = 10000 (custom)
2022-04-21 00:50:13,802 [pool-114-thread-1] INFO  server.RaftServerConfigKeys (ConfUtils.java:logGet(44)) - raft.server.snapshot.retention.file.num = 5 (custom)
2022-04-21 00:50:13,802 [pool-114-thread-1] INFO  server.RaftServerConfigKeys (ConfUtils.java:logGet(44)) - raft.server.log.purge.upto.snapshot.index = false (default)
2022-04-21 00:50:13,802 [pool-114-thread-1] INFO  server.RaftServerConfigKeys (ConfUtils.java:logGet(44)) - raft.server.retrycache.expirytime = 600000ms (custom)
2022-04-21 00:50:13,802 [pool-114-thread-1] INFO  server.RaftServerConfigKeys (ConfUtils.java:logGet(44)) - raft.server.retrycache.statistics.expirytime = 100μs (default)
2022-04-21 00:50:13,803 [pool-114-thread-1] INFO  server.RaftServer$Division (RaftServerImpl.java:start(301)) - c2558997-1fb9-4616-86fd-ed065cf63d6b@group-C66A738FB9BB: start as a follower, conf=-1: [0075b94f-442f-431b-bbbf-ccc5d4b175df|rpc:10.1.0.33:33057|priority:1, c2558997-1fb9-4616-86fd-ed065cf63d6b|rpc:10.1.0.33:33099|priority:0, e8524086-66f7-4ba2-b4e3-52afd3370864|rpc:10.1.0.33:43971|priority:0], old=null
2022-04-21 00:50:13,803 [pool-114-thread-1] INFO  server.RaftServer$Division (RaftServerImpl.java:setRole(290)) - c2558997-1fb9-4616-86fd-ed065cf63d6b@group-C66A738FB9BB: changes role from      null to FOLLOWER at term 0 for startAsFollower
2022-04-21 00:50:13,803 [pool-114-thread-1] INFO  impl.RoleInfo (RoleInfo.java:updateAndGet(130)) - c2558997-1fb9-4616-86fd-ed065cf63d6b: start c2558997-1fb9-4616-86fd-ed065cf63d6b@group-C66A738FB9BB-FollowerState
2022-04-21 00:50:13,804 [pool-114-thread-1] INFO  util.JmxRegister (JmxRegister.java:tryRegister(44)) - Successfully registered JMX Bean with object name Ratis:service=RaftServer,group=group-C66A738FB9BB,id=c2558997-1fb9-4616-86fd-ed065cf63d6b
2022-04-21 00:50:13,804 [Command processor thread] INFO  ratis.XceiverServerRatis (XceiverServerRatis.java:addGroup(765)) - Created group PipelineID=700d3bd8-7476-4c91-8944-c66a738fb9bb
2022-04-21 00:50:14,060 [Command processor thread] INFO  commandhandler.CreatePipelineCommandHandler (CreatePipelineCommandHandler.java:handle(113)) - Created Pipeline RATIS THREE PipelineID=700d3bd8-7476-4c91-8944-c66a738fb9bb.
2022-04-21 00:50:14,060 [Command processor thread] INFO  server.RaftServer (RaftServerProxy.java:addNew(95)) - c2558997-1fb9-4616-86fd-ed065cf63d6b: addNew group-2D14661B708F:[0075b94f-442f-431b-bbbf-ccc5d4b175df|rpc:10.1.0.33:33057|priority:0, c2558997-1fb9-4616-86fd-ed065cf63d6b|rpc:10.1.0.33:33099|priority:1, e8524086-66f7-4ba2-b4e3-52afd3370864|rpc:10.1.0.33:43971|priority:0] returns group-2D14661B708F:java.util.concurrent.CompletableFuture@28c0dba8[Not completed]
2022-04-21 00:50:14,062 [pool-114-thread-1] INFO  server.RaftServer$Division (RaftServerImpl.java:<init>(184)) - c2558997-1fb9-4616-86fd-ed065cf63d6b: new RaftServerImpl for group-2D14661B708F:[0075b94f-442f-431b-bbbf-ccc5d4b175df|rpc:10.1.0.33:33057|priority:0, c2558997-1fb9-4616-86fd-ed065cf63d6b|rpc:10.1.0.33:33099|priority:1, e8524086-66f7-4ba2-b4e3-52afd3370864|rpc:10.1.0.33:43971|priority:0] with ContainerStateMachine:uninitialized
2022-04-21 00:50:14,062 [pool-114-thread-1] INFO  server.RaftServerConfigKeys (ConfUtils.java:logGet(44)) - raft.server.rpc.timeout.min = 5s (custom)
2022-04-21 00:50:14,062 [pool-114-thread-1] INFO  server.RaftServerConfigKeys (ConfUtils.java:logGet(44)) - raft.server.rpc.timeout.max = 5200ms (custom)
2022-04-21 00:50:14,062 [pool-114-thread-1] INFO  server.RaftServerConfigKeys (ConfUtils.java:logGet(44)) - raft.server.rpc.sleep.time = 25ms (default)
2022-04-21 00:50:14,062 [pool-114-thread-1] INFO  server.RaftServerConfigKeys (ConfUtils.java:logGet(44)) - raft.server.rpc.slowness.timeout = 300s (custom)
2022-04-21 00:50:14,062 [pool-114-thread-1] INFO  server.RaftServerConfigKeys (ConfUtils.java:logGet(44)) - raft.server.leaderelection.leader.step-down.wait-time = 10s (default)
2022-04-21 00:50:14,062 [pool-114-thread-1] INFO  server.RaftServerConfigKeys (ConfUtils.java:logGet(44)) - raft.server.sleep.deviation.threshold = 300ms (default)
2022-04-21 00:50:14,063 [pool-114-thread-1] INFO  server.RaftServerConfigKeys (ConfUtils.java:logGet(44)) - raft.server.log.appender.install.snapshot.enabled = false (custom)
2022-04-21 00:50:14,063 [pool-114-thread-1] INFO  server.RaftServer$Division (ServerState.java:<init>(105)) - c2558997-1fb9-4616-86fd-ed065cf63d6b@group-2D14661B708F: ConfigurationManager, init=-1: [0075b94f-442f-431b-bbbf-ccc5d4b175df|rpc:10.1.0.33:33057|priority:0, c2558997-1fb9-4616-86fd-ed065cf63d6b|rpc:10.1.0.33:33099|priority:1, e8524086-66f7-4ba2-b4e3-52afd3370864|rpc:10.1.0.33:43971|priority:0], old=null, confs=<EMPTY_MAP>
2022-04-21 00:50:14,063 [pool-114-thread-1] INFO  server.RaftServerConfigKeys (ConfUtils.java:logGet(44)) - raft.server.storage.dir = [/home/runner/work/ozone/ozone/hadoop-ozone/integration-test/target/test-dir/MiniOzoneClusterImpl-cb023f66-64b5-4780-bc53-8cd5338cd4e2/datanode-2/data/ratis] (custom)
2022-04-21 00:50:14,063 [pool-114-thread-1] INFO  server.RaftServerConfigKeys (ConfUtils.java:logGet(44)) - raft.server.log.corruption.policy = EXCEPTION (default)
2022-04-21 00:50:14,063 [pool-114-thread-1] INFO  server.RaftServerConfigKeys (ConfUtils.java:logGet(44)) - raft.server.storage.free-space.min = 0MB (=0) (default)
2022-04-21 00:50:14,063 [pool-114-thread-1] INFO  storage.RaftStorageDirectory (RaftStorageDirectoryImpl.java:analyzeStorage(135)) - The storage directory /home/runner/work/ozone/ozone/hadoop-ozone/integration-test/target/test-dir/MiniOzoneClusterImpl-cb023f66-64b5-4780-bc53-8cd5338cd4e2/datanode-2/data/ratis/99a487ed-a184-4aa2-9aa6-2d14661b708f does not exist. Creating ...
2022-04-21 00:50:14,065 [pool-114-thread-1] INFO  storage.RaftStorageDirectory (RaftStorageDirectoryImpl.java:tryLock(230)) - Lock on /home/runner/work/ozone/ozone/hadoop-ozone/integration-test/target/test-dir/MiniOzoneClusterImpl-cb023f66-64b5-4780-bc53-8cd5338cd4e2/datanode-2/data/ratis/99a487ed-a184-4aa2-9aa6-2d14661b708f/in_use.lock acquired by nodename 11593@fv-az184-505
2022-04-21 00:50:14,066 [pool-114-thread-1] INFO  storage.RaftStorage (RaftStorageImpl.java:format(89)) - Storage directory /home/runner/work/ozone/ozone/hadoop-ozone/integration-test/target/test-dir/MiniOzoneClusterImpl-cb023f66-64b5-4780-bc53-8cd5338cd4e2/datanode-2/data/ratis/99a487ed-a184-4aa2-9aa6-2d14661b708f has been successfully formatted.
2022-04-21 00:50:14,071 [pool-114-thread-1] INFO  ratis.ContainerStateMachine (ContainerStateMachine.java:loadSnapshot(236)) - group-2D14661B708F: The snapshot info is null. Setting the last applied indexto:(t:0, i:~)
2022-04-21 00:50:14,071 [Command processor thread] INFO  commandhandler.CreatePipelineCommandHandler (CreatePipelineCommandHandler.java:handle(113)) - Created Pipeline RATIS THREE PipelineID=700d3bd8-7476-4c91-8944-c66a738fb9bb.
2022-04-21 00:50:14,071 [pool-114-thread-1] INFO  server.RaftServerConfigKeys (ConfUtils.java:logGet(44)) - raft.server.notification.no-leader.timeout = 300s (custom)
2022-04-21 00:50:14,071 [pool-114-thread-1] INFO  server.RaftServerConfigKeys (ConfUtils.java:logGet(44)) - raft.server.log.use.memory = false (default)
2022-04-21 00:50:14,072 [pool-114-thread-1] INFO  server.RaftServerConfigKeys (ConfUtils.java:logGet(44)) - raft.server.log.purge.gap = 1000000 (custom)
2022-04-21 00:50:14,072 [Command processor thread] INFO  server.RaftServer (RaftServerProxy.java:addNew(95)) - e8524086-66f7-4ba2-b4e3-52afd3370864: addNew group-2D14661B708F:[0075b94f-442f-431b-bbbf-ccc5d4b175df|rpc:10.1.0.33:33057|priority:0, c2558997-1fb9-4616-86fd-ed065cf63d6b|rpc:10.1.0.33:33099|priority:1, e8524086-66f7-4ba2-b4e3-52afd3370864|rpc:10.1.0.33:43971|priority:0] returns group-2D14661B708F:java.util.concurrent.CompletableFuture@70bd06f5[Not completed]
2022-04-21 00:50:14,072 [pool-114-thread-1] INFO  server.RaftServerConfigKeys (ConfUtils.java:logGet(44)) - raft.server.log.appender.buffer.byte-limit = 33554432 (custom)
2022-04-21 00:50:14,073 [pool-114-thread-1] INFO  server.RaftServerConfigKeys (ConfUtils.java:logGet(44)) - raft.server.log.segment.size.max = 1048576 (custom)
2022-04-21 00:50:14,073 [pool-114-thread-1] INFO  server.RaftServerConfigKeys (ConfUtils.java:logGet(44)) - raft.server.log.segment.cache.num.max = 2 (custom)
2022-04-21 00:50:14,073 [pool-114-thread-1] INFO  server.RaftServerConfigKeys (ConfUtils.java:logGet(44)) - raft.server.log.segment.cache.size.max = 200MB (=209715200) (default)
2022-04-21 00:50:14,073 [pool-114-thread-1] INFO  segmented.SegmentedRaftLogWorker (SegmentedRaftLogWorker.java:<init>(182)) - new c2558997-1fb9-4616-86fd-ed065cf63d6b@group-2D14661B708F-SegmentedRaftLogWorker for RaftStorageImpl:Storage Directory /home/runner/work/ozone/ozone/hadoop-ozone/integration-test/target/test-dir/MiniOzoneClusterImpl-cb023f66-64b5-4780-bc53-8cd5338cd4e2/datanode-2/data/ratis/99a487ed-a184-4aa2-9aa6-2d14661b708f
2022-04-21 00:50:14,073 [pool-114-thread-1] INFO  server.RaftServerConfigKeys (ConfUtils.java:logGet(44)) - raft.server.log.queue.byte-limit = 4294967296 (custom)
2022-04-21 00:50:14,073 [pool-114-thread-1] INFO  server.RaftServerConfigKeys (ConfUtils.java:logGet(44)) - raft.server.log.queue.element-limit = 1024 (custom)
2022-04-21 00:50:14,073 [pool-114-thread-1] INFO  server.RaftServerConfigKeys (ConfUtils.java:logGet(44)) - raft.server.log.segment.size.max = 1048576 (custom)
2022-04-21 00:50:14,073 [pool-114-thread-1] INFO  server.RaftServerConfigKeys (ConfUtils.java:logGet(44)) - raft.server.log.preallocated.size = 16384 (custom)
2022-04-21 00:50:14,073 [pool-114-thread-1] INFO  server.RaftServerConfigKeys (ConfUtils.java:logGet(44)) - raft.server.log.force.sync.num = 128 (default)
2022-04-21 00:50:14,073 [pool-114-thread-1] INFO  server.RaftServerConfigKeys (ConfUtils.java:logGet(44)) - raft.server.log.statemachine.data.sync = true (default)
2022-04-21 00:50:14,073 [pool-114-thread-1] INFO  server.RaftServerConfigKeys (ConfUtils.java:logGet(44)) - raft.server.log.statemachine.data.sync.timeout = 10s (default)
2022-04-21 00:50:14,073 [pool-114-thread-1] INFO  server.RaftServerConfigKeys (ConfUtils.java:logGet(44)) - raft.server.log.statemachine.data.sync.timeout.retry = -1 (default)
2022-04-21 00:50:14,074 [pool-114-thread-1] INFO  server.RaftServerConfigKeys (ConfUtils.java:logGet(44)) - raft.server.log.write.buffer.size = 1048576 (custom)
2022-04-21 00:50:14,074 [pool-114-thread-1] INFO  server.RaftServerConfigKeys (ConfUtils.java:logGet(44)) - raft.server.log.statemachine.data.caching.enabled = true (custom)
2022-04-21 00:50:14,074 [pool-114-thread-1] INFO  segmented.SegmentedRaftLogWorker (SegmentedRaftLogWorker.java:lambda$new$0(133)) - c2558997-1fb9-4616-86fd-ed065cf63d6b@group-2D14661B708F-SegmentedRaftLogWorker: flushIndex: setUnconditionally 0 -> -1
2022-04-21 00:50:14,074 [pool-114-thread-1] INFO  segmented.SegmentedRaftLogWorker (SegmentedRaftLogWorker.java:lambda$new$0(133)) - c2558997-1fb9-4616-86fd-ed065cf63d6b@group-2D14661B708F-SegmentedRaftLogWorker: safeCacheEvictIndex: setUnconditionally 0 -> -1
2022-04-21 00:50:14,075 [pool-72-thread-1] INFO  server.RaftServer$Division (RaftServerImpl.java:<init>(184)) - e8524086-66f7-4ba2-b4e3-52afd3370864: new RaftServerImpl for group-2D14661B708F:[0075b94f-442f-431b-bbbf-ccc5d4b175df|rpc:10.1.0.33:33057|priority:0, c2558997-1fb9-4616-86fd-ed065cf63d6b|rpc:10.1.0.33:33099|priority:1, e8524086-66f7-4ba2-b4e3-52afd3370864|rpc:10.1.0.33:43971|priority:0] with ContainerStateMachine:uninitialized
2022-04-21 00:50:14,075 [pool-72-thread-1] INFO  server.RaftServerConfigKeys (ConfUtils.java:logGet(44)) - raft.server.rpc.timeout.min = 5s (custom)
2022-04-21 00:50:14,075 [pool-72-thread-1] INFO  server.RaftServerConfigKeys (ConfUtils.java:logGet(44)) - raft.server.rpc.timeout.max = 5200ms (custom)
2022-04-21 00:50:14,075 [pool-72-thread-1] INFO  server.RaftServerConfigKeys (ConfUtils.java:logGet(44)) - raft.server.rpc.sleep.time = 25ms (default)
2022-04-21 00:50:14,075 [pool-72-thread-1] INFO  server.RaftServerConfigKeys (ConfUtils.java:logGet(44)) - raft.server.rpc.slowness.timeout = 300s (custom)
2022-04-21 00:50:14,075 [pool-72-thread-1] INFO  server.RaftServerConfigKeys (ConfUtils.java:logGet(44)) - raft.server.leaderelection.leader.step-down.wait-time = 10s (default)
2022-04-21 00:50:14,075 [pool-72-thread-1] INFO  server.RaftServerConfigKeys (ConfUtils.java:logGet(44)) - raft.server.sleep.deviation.threshold = 300ms (default)
2022-04-21 00:50:14,075 [pool-72-thread-1] INFO  server.RaftServerConfigKeys (ConfUtils.java:logGet(44)) - raft.server.log.appender.install.snapshot.enabled = false (custom)
2022-04-21 00:50:14,075 [pool-72-thread-1] INFO  server.RaftServer$Division (ServerState.java:<init>(105)) - e8524086-66f7-4ba2-b4e3-52afd3370864@group-2D14661B708F: ConfigurationManager, init=-1: [0075b94f-442f-431b-bbbf-ccc5d4b175df|rpc:10.1.0.33:33057|priority:0, c2558997-1fb9-4616-86fd-ed065cf63d6b|rpc:10.1.0.33:33099|priority:1, e8524086-66f7-4ba2-b4e3-52afd3370864|rpc:10.1.0.33:43971|priority:0], old=null, confs=<EMPTY_MAP>
2022-04-21 00:50:14,075 [pool-72-thread-1] INFO  server.RaftServerConfigKeys (ConfUtils.java:logGet(44)) - raft.server.storage.dir = [/home/runner/work/ozone/ozone/hadoop-ozone/integration-test/target/test-dir/MiniOzoneClusterImpl-cb023f66-64b5-4780-bc53-8cd5338cd4e2/datanode-0/data/ratis] (custom)
2022-04-21 00:50:14,076 [pool-72-thread-1] INFO  server.RaftServerConfigKeys (ConfUtils.java:logGet(44)) - raft.server.log.corruption.policy = EXCEPTION (default)
2022-04-21 00:50:14,076 [pool-72-thread-1] INFO  server.RaftServerConfigKeys (ConfUtils.java:logGet(44)) - raft.server.storage.free-space.min = 0MB (=0) (default)
2022-04-21 00:50:14,076 [pool-72-thread-1] INFO  storage.RaftStorageDirectory (RaftStorageDirectoryImpl.java:analyzeStorage(135)) - The storage directory /home/runner/work/ozone/ozone/hadoop-ozone/integration-test/target/test-dir/MiniOzoneClusterImpl-cb023f66-64b5-4780-bc53-8cd5338cd4e2/datanode-0/data/ratis/99a487ed-a184-4aa2-9aa6-2d14661b708f does not exist. Creating ...
2022-04-21 00:50:14,076 [pool-114-thread-1] INFO  server.RaftServerConfigKeys (ConfUtils.java:logGet(44)) - raft.server.snapshot.auto.trigger.enabled = true (custom)
2022-04-21 00:50:14,076 [pool-114-thread-1] INFO  server.RaftServerConfigKeys (ConfUtils.java:logGet(44)) - raft.server.snapshot.auto.trigger.threshold = 10000 (custom)
2022-04-21 00:50:14,083 [pool-114-thread-1] INFO  server.RaftServerConfigKeys (ConfUtils.java:logGet(44)) - raft.server.snapshot.retention.file.num = 5 (custom)
2022-04-21 00:50:14,083 [pool-114-thread-1] INFO  server.RaftServerConfigKeys (ConfUtils.java:logGet(44)) - raft.server.log.purge.upto.snapshot.index = false (default)
2022-04-21 00:50:14,083 [pool-114-thread-1] INFO  server.RaftServerConfigKeys (ConfUtils.java:logGet(44)) - raft.server.retrycache.expirytime = 600000ms (custom)
2022-04-21 00:50:14,083 [pool-114-thread-1] INFO  server.RaftServerConfigKeys (ConfUtils.java:logGet(44)) - raft.server.retrycache.statistics.expirytime = 100μs (default)
2022-04-21 00:50:14,084 [pool-114-thread-1] INFO  server.RaftServer$Division (RaftServerImpl.java:start(301)) - c2558997-1fb9-4616-86fd-ed065cf63d6b@group-2D14661B708F: start as a follower, conf=-1: [0075b94f-442f-431b-bbbf-ccc5d4b175df|rpc:10.1.0.33:33057|priority:0, c2558997-1fb9-4616-86fd-ed065cf63d6b|rpc:10.1.0.33:33099|priority:1, e8524086-66f7-4ba2-b4e3-52afd3370864|rpc:10.1.0.33:43971|priority:0], old=null
2022-04-21 00:50:14,084 [pool-114-thread-1] INFO  server.RaftServer$Division (RaftServerImpl.java:setRole(290)) - c2558997-1fb9-4616-86fd-ed065cf63d6b@group-2D14661B708F: changes role from      null to FOLLOWER at term 0 for startAsFollower
2022-04-21 00:50:14,084 [pool-114-thread-1] INFO  impl.RoleInfo (RoleInfo.java:updateAndGet(130)) - c2558997-1fb9-4616-86fd-ed065cf63d6b: start c2558997-1fb9-4616-86fd-ed065cf63d6b@group-2D14661B708F-FollowerState
2022-04-21 00:50:14,085 [pool-114-thread-1] INFO  util.JmxRegister (JmxRegister.java:tryRegister(44)) - Successfully registered JMX Bean with object name Ratis:service=RaftServer,group=group-2D14661B708F,id=c2558997-1fb9-4616-86fd-ed065cf63d6b
2022-04-21 00:50:14,086 [EventQueue-OpenPipelineForHealthyPipelineSafeModeRule] INFO  safemode.SCMSafeModeManager (HealthyPipelineSafeModeRule.java:process(124)) - SCM in safe mode. Healthy pipelines reported count is 0, required healthy pipeline reported count is 1
2022-04-21 00:50:14,087 [Command processor thread] INFO  ratis.XceiverServerRatis (XceiverServerRatis.java:addGroup(765)) - Created group PipelineID=99a487ed-a184-4aa2-9aa6-2d14661b708f
2022-04-21 00:50:14,090 [pool-72-thread-1] INFO  storage.RaftStorageDirectory (RaftStorageDirectoryImpl.java:tryLock(230)) - Lock on /home/runner/work/ozone/ozone/hadoop-ozone/integration-test/target/test-dir/MiniOzoneClusterImpl-cb023f66-64b5-4780-bc53-8cd5338cd4e2/datanode-0/data/ratis/99a487ed-a184-4aa2-9aa6-2d14661b708f/in_use.lock acquired by nodename 11593@fv-az184-505
2022-04-21 00:50:14,095 [pool-72-thread-1] INFO  storage.RaftStorage (RaftStorageImpl.java:format(89)) - Storage directory /home/runner/work/ozone/ozone/hadoop-ozone/integration-test/target/test-dir/MiniOzoneClusterImpl-cb023f66-64b5-4780-bc53-8cd5338cd4e2/datanode-0/data/ratis/99a487ed-a184-4aa2-9aa6-2d14661b708f has been successfully formatted.
2022-04-21 00:50:14,095 [pool-72-thread-1] INFO  ratis.ContainerStateMachine (ContainerStateMachine.java:loadSnapshot(236)) - group-2D14661B708F: The snapshot info is null. Setting the last applied indexto:(t:0, i:~)
2022-04-21 00:50:14,096 [pool-72-thread-1] INFO  server.RaftServerConfigKeys (ConfUtils.java:logGet(44)) - raft.server.notification.no-leader.timeout = 300s (custom)
2022-04-21 00:50:14,096 [pool-72-thread-1] INFO  server.RaftServerConfigKeys (ConfUtils.java:logGet(44)) - raft.server.log.use.memory = false (default)
2022-04-21 00:50:14,096 [pool-72-thread-1] INFO  server.RaftServerConfigKeys (ConfUtils.java:logGet(44)) - raft.server.log.purge.gap = 1000000 (custom)
2022-04-21 00:50:14,096 [pool-72-thread-1] INFO  server.RaftServerConfigKeys (ConfUtils.java:logGet(44)) - raft.server.log.appender.buffer.byte-limit = 33554432 (custom)
2022-04-21 00:50:14,096 [pool-72-thread-1] INFO  server.RaftServerConfigKeys (ConfUtils.java:logGet(44)) - raft.server.log.segment.size.max = 1048576 (custom)
2022-04-21 00:50:14,096 [pool-72-thread-1] INFO  server.RaftServerConfigKeys (ConfUtils.java:logGet(44)) - raft.server.log.segment.cache.num.max = 2 (custom)
2022-04-21 00:50:14,096 [pool-72-thread-1] INFO  server.RaftServerConfigKeys (ConfUtils.java:logGet(44)) - raft.server.log.segment.cache.size.max = 200MB (=209715200) (default)
2022-04-21 00:50:14,096 [pool-72-thread-1] INFO  segmented.SegmentedRaftLogWorker (SegmentedRaftLogWorker.java:<init>(182)) - new e8524086-66f7-4ba2-b4e3-52afd3370864@group-2D14661B708F-SegmentedRaftLogWorker for RaftStorageImpl:Storage Directory /home/runner/work/ozone/ozone/hadoop-ozone/integration-test/target/test-dir/MiniOzoneClusterImpl-cb023f66-64b5-4780-bc53-8cd5338cd4e2/datanode-0/data/ratis/99a487ed-a184-4aa2-9aa6-2d14661b708f
2022-04-21 00:50:14,096 [pool-72-thread-1] INFO  server.RaftServerConfigKeys (ConfUtils.java:logGet(44)) - raft.server.log.queue.byte-limit = 4294967296 (custom)
2022-04-21 00:50:14,096 [pool-72-thread-1] INFO  server.RaftServerConfigKeys (ConfUtils.java:logGet(44)) - raft.server.log.queue.element-limit = 1024 (custom)
2022-04-21 00:50:14,096 [pool-72-thread-1] INFO  server.RaftServerConfigKeys (ConfUtils.java:logGet(44)) - raft.server.log.segment.size.max = 1048576 (custom)
2022-04-21 00:50:14,097 [pool-72-thread-1] INFO  server.RaftServerConfigKeys (ConfUtils.java:logGet(44)) - raft.server.log.preallocated.size = 16384 (custom)
2022-04-21 00:50:14,097 [pool-72-thread-1] INFO  server.RaftServerConfigKeys (ConfUtils.java:logGet(44)) - raft.server.log.force.sync.num = 128 (default)
2022-04-21 00:50:14,097 [pool-72-thread-1] INFO  server.RaftServerConfigKeys (ConfUtils.java:logGet(44)) - raft.server.log.statemachine.data.sync = true (default)
2022-04-21 00:50:14,097 [pool-72-thread-1] INFO  server.RaftServerConfigKeys (ConfUtils.java:logGet(44)) - raft.server.log.statemachine.data.sync.timeout = 10s (default)
2022-04-21 00:50:14,097 [pool-72-thread-1] INFO  server.RaftServerConfigKeys (ConfUtils.java:logGet(44)) - raft.server.log.statemachine.data.sync.timeout.retry = -1 (default)
2022-04-21 00:50:14,097 [pool-72-thread-1] INFO  server.RaftServerConfigKeys (ConfUtils.java:logGet(44)) - raft.server.log.write.buffer.size = 1048576 (custom)
2022-04-21 00:50:14,099 [pool-72-thread-1] INFO  server.RaftServerConfigKeys (ConfUtils.java:logGet(44)) - raft.server.log.statemachine.data.caching.enabled = true (custom)
2022-04-21 00:50:14,099 [pool-72-thread-1] INFO  segmented.SegmentedRaftLogWorker (SegmentedRaftLogWorker.java:lambda$new$0(133)) - e8524086-66f7-4ba2-b4e3-52afd3370864@group-2D14661B708F-SegmentedRaftLogWorker: flushIndex: setUnconditionally 0 -> -1
2022-04-21 00:50:14,100 [pool-72-thread-1] INFO  segmented.SegmentedRaftLogWorker (SegmentedRaftLogWorker.java:lambda$new$0(133)) - e8524086-66f7-4ba2-b4e3-52afd3370864@group-2D14661B708F-SegmentedRaftLogWorker: safeCacheEvictIndex: setUnconditionally 0 -> -1
2022-04-21 00:50:14,100 [pool-72-thread-1] INFO  server.RaftServerConfigKeys (ConfUtils.java:logGet(44)) - raft.server.snapshot.auto.trigger.enabled = true (custom)
2022-04-21 00:50:14,100 [pool-72-thread-1] INFO  server.RaftServerConfigKeys (ConfUtils.java:logGet(44)) - raft.server.snapshot.auto.trigger.threshold = 10000 (custom)
2022-04-21 00:50:14,100 [pool-72-thread-1] INFO  server.RaftServerConfigKeys (ConfUtils.java:logGet(44)) - raft.server.snapshot.retention.file.num = 5 (custom)
2022-04-21 00:50:14,100 [pool-72-thread-1] INFO  server.RaftServerConfigKeys (ConfUtils.java:logGet(44)) - raft.server.log.purge.upto.snapshot.index = false (default)
2022-04-21 00:50:14,100 [pool-72-thread-1] INFO  server.RaftServerConfigKeys (ConfUtils.java:logGet(44)) - raft.server.retrycache.expirytime = 600000ms (custom)
2022-04-21 00:50:14,100 [pool-72-thread-1] INFO  server.RaftServerConfigKeys (ConfUtils.java:logGet(44)) - raft.server.retrycache.statistics.expirytime = 100μs (default)
2022-04-21 00:50:14,109 [grpc-default-executor-0] INFO  server.RaftServer (RaftServerProxy.java:addNew(95)) - 0075b94f-442f-431b-bbbf-ccc5d4b175df: addNew group-2D14661B708F:[0075b94f-442f-431b-bbbf-ccc5d4b175df|rpc:10.1.0.33:33057|dataStream:|priority:0, c2558997-1fb9-4616-86fd-ed065cf63d6b|rpc:10.1.0.33:33099|dataStream:|priority:1, e8524086-66f7-4ba2-b4e3-52afd3370864|rpc:10.1.0.33:43971|dataStream:|priority:0] returns group-2D14661B708F:java.util.concurrent.CompletableFuture@a8cb08d[Not completed]
2022-04-21 00:50:14,109 [pool-72-thread-1] INFO  server.RaftServer$Division (RaftServerImpl.java:start(301)) - e8524086-66f7-4ba2-b4e3-52afd3370864@group-2D14661B708F: start as a follower, conf=-1: [0075b94f-442f-431b-bbbf-ccc5d4b175df|rpc:10.1.0.33:33057|priority:0, c2558997-1fb9-4616-86fd-ed065cf63d6b|rpc:10.1.0.33:33099|priority:1, e8524086-66f7-4ba2-b4e3-52afd3370864|rpc:10.1.0.33:43971|priority:0], old=null
2022-04-21 00:50:14,109 [pool-72-thread-1] INFO  server.RaftServer$Division (RaftServerImpl.java:setRole(290)) - e8524086-66f7-4ba2-b4e3-52afd3370864@group-2D14661B708F: changes role from      null to FOLLOWER at term 0 for startAsFollower
2022-04-21 00:50:14,110 [pool-72-thread-1] INFO  impl.RoleInfo (RoleInfo.java:updateAndGet(130)) - e8524086-66f7-4ba2-b4e3-52afd3370864: start e8524086-66f7-4ba2-b4e3-52afd3370864@group-2D14661B708F-FollowerState
2022-04-21 00:50:14,110 [pool-93-thread-1] INFO  server.RaftServer$Division (RaftServerImpl.java:<init>(184)) - 0075b94f-442f-431b-bbbf-ccc5d4b175df: new RaftServerImpl for group-2D14661B708F:[0075b94f-442f-431b-bbbf-ccc5d4b175df|rpc:10.1.0.33:33057|dataStream:|priority:0, c2558997-1fb9-4616-86fd-ed065cf63d6b|rpc:10.1.0.33:33099|dataStream:|priority:1, e8524086-66f7-4ba2-b4e3-52afd3370864|rpc:10.1.0.33:43971|dataStream:|priority:0] with ContainerStateMachine:uninitialized
2022-04-21 00:50:14,110 [pool-93-thread-1] INFO  server.RaftServerConfigKeys (ConfUtils.java:logGet(44)) - raft.server.rpc.timeout.min = 5s (custom)
2022-04-21 00:50:14,110 [pool-93-thread-1] INFO  server.RaftServerConfigKeys (ConfUtils.java:logGet(44)) - raft.server.rpc.timeout.max = 5200ms (custom)
2022-04-21 00:50:14,110 [pool-93-thread-1] INFO  server.RaftServerConfigKeys (ConfUtils.java:logGet(44)) - raft.server.rpc.sleep.time = 25ms (default)
2022-04-21 00:50:14,110 [pool-93-thread-1] INFO  server.RaftServerConfigKeys (ConfUtils.java:logGet(44)) - raft.server.rpc.slowness.timeout = 300s (custom)
2022-04-21 00:50:14,110 [pool-93-thread-1] INFO  server.RaftServerConfigKeys (ConfUtils.java:logGet(44)) - raft.server.leaderelection.leader.step-down.wait-time = 10s (default)
2022-04-21 00:50:14,110 [pool-93-thread-1] INFO  server.RaftServerConfigKeys (ConfUtils.java:logGet(44)) - raft.server.sleep.deviation.threshold = 300ms (default)
2022-04-21 00:50:14,110 [pool-93-thread-1] INFO  server.RaftServerConfigKeys (ConfUtils.java:logGet(44)) - raft.server.log.appender.install.snapshot.enabled = false (custom)
2022-04-21 00:50:14,110 [pool-93-thread-1] INFO  server.RaftServer$Division (ServerState.java:<init>(105)) - 0075b94f-442f-431b-bbbf-ccc5d4b175df@group-2D14661B708F: ConfigurationManager, init=-1: [0075b94f-442f-431b-bbbf-ccc5d4b175df|rpc:10.1.0.33:33057|dataStream:|priority:0, c2558997-1fb9-4616-86fd-ed065cf63d6b|rpc:10.1.0.33:33099|dataStream:|priority:1, e8524086-66f7-4ba2-b4e3-52afd3370864|rpc:10.1.0.33:43971|dataStream:|priority:0], old=null, confs=<EMPTY_MAP>
2022-04-21 00:50:14,110 [pool-93-thread-1] INFO  server.RaftServerConfigKeys (ConfUtils.java:logGet(44)) - raft.server.storage.dir = [/home/runner/work/ozone/ozone/hadoop-ozone/integration-test/target/test-dir/MiniOzoneClusterImpl-cb023f66-64b5-4780-bc53-8cd5338cd4e2/datanode-1/data/ratis] (custom)
2022-04-21 00:50:14,111 [pool-93-thread-1] INFO  server.RaftServerConfigKeys (ConfUtils.java:logGet(44)) - raft.server.log.corruption.policy = EXCEPTION (default)
2022-04-21 00:50:14,111 [pool-93-thread-1] INFO  server.RaftServerConfigKeys (ConfUtils.java:logGet(44)) - raft.server.storage.free-space.min = 0MB (=0) (default)
2022-04-21 00:50:14,111 [pool-93-thread-1] INFO  storage.RaftStorageDirectory (RaftStorageDirectoryImpl.java:analyzeStorage(135)) - The storage directory /home/runner/work/ozone/ozone/hadoop-ozone/integration-test/target/test-dir/MiniOzoneClusterImpl-cb023f66-64b5-4780-bc53-8cd5338cd4e2/datanode-1/data/ratis/99a487ed-a184-4aa2-9aa6-2d14661b708f does not exist. Creating ...
2022-04-21 00:50:14,111 [pool-72-thread-1] INFO  util.JmxRegister (JmxRegister.java:tryRegister(44)) - Successfully registered JMX Bean with object name Ratis:service=RaftServer,group=group-2D14661B708F,id=e8524086-66f7-4ba2-b4e3-52afd3370864
2022-04-21 00:50:14,112 [pool-93-thread-1] INFO  storage.RaftStorageDirectory (RaftStorageDirectoryImpl.java:tryLock(230)) - Lock on /home/runner/work/ozone/ozone/hadoop-ozone/integration-test/target/test-dir/MiniOzoneClusterImpl-cb023f66-64b5-4780-bc53-8cd5338cd4e2/datanode-1/data/ratis/99a487ed-a184-4aa2-9aa6-2d14661b708f/in_use.lock acquired by nodename 11593@fv-az184-505
2022-04-21 00:50:14,115 [Command processor thread] INFO  commandhandler.CreatePipelineCommandHandler (CreatePipelineCommandHandler.java:handle(113)) - Created Pipeline RATIS THREE PipelineID=700d3bd8-7476-4c91-8944-c66a738fb9bb.
2022-04-21 00:50:14,116 [EventQueue-OpenPipelineForHealthyPipelineSafeModeRule] INFO  safemode.SCMSafeModeManager (HealthyPipelineSafeModeRule.java:process(124)) - SCM in safe mode. Healthy pipelines reported count is 0, required healthy pipeline reported count is 1
2022-04-21 00:50:14,116 [Command processor thread] INFO  ratis.XceiverServerRatis (XceiverServerRatis.java:addGroup(765)) - Created group PipelineID=99a487ed-a184-4aa2-9aa6-2d14661b708f
2022-04-21 00:50:14,133 [pool-93-thread-1] INFO  storage.RaftStorage (RaftStorageImpl.java:format(89)) - Storage directory /home/runner/work/ozone/ozone/hadoop-ozone/integration-test/target/test-dir/MiniOzoneClusterImpl-cb023f66-64b5-4780-bc53-8cd5338cd4e2/datanode-1/data/ratis/99a487ed-a184-4aa2-9aa6-2d14661b708f has been successfully formatted.
2022-04-21 00:50:14,133 [pool-93-thread-1] INFO  ratis.ContainerStateMachine (ContainerStateMachine.java:loadSnapshot(236)) - group-2D14661B708F: The snapshot info is null. Setting the last applied indexto:(t:0, i:~)
2022-04-21 00:50:14,134 [pool-93-thread-1] INFO  server.RaftServerConfigKeys (ConfUtils.java:logGet(44)) - raft.server.notification.no-leader.timeout = 300s (custom)
2022-04-21 00:50:14,134 [pool-93-thread-1] INFO  server.RaftServerConfigKeys (ConfUtils.java:logGet(44)) - raft.server.log.use.memory = false (default)
2022-04-21 00:50:14,134 [pool-93-thread-1] INFO  server.RaftServerConfigKeys (ConfUtils.java:logGet(44)) - raft.server.log.purge.gap = 1000000 (custom)
2022-04-21 00:50:14,134 [pool-93-thread-1] INFO  server.RaftServerConfigKeys (ConfUtils.java:logGet(44)) - raft.server.log.appender.buffer.byte-limit = 33554432 (custom)
2022-04-21 00:50:14,134 [pool-93-thread-1] INFO  server.RaftServerConfigKeys (ConfUtils.java:logGet(44)) - raft.server.log.segment.size.max = 1048576 (custom)
2022-04-21 00:50:14,134 [pool-93-thread-1] INFO  server.RaftServerConfigKeys (ConfUtils.java:logGet(44)) - raft.server.log.segment.cache.num.max = 2 (custom)
2022-04-21 00:50:14,134 [pool-93-thread-1] INFO  server.RaftServerConfigKeys (ConfUtils.java:logGet(44)) - raft.server.log.segment.cache.size.max = 200MB (=209715200) (default)
2022-04-21 00:50:14,134 [pool-93-thread-1] INFO  segmented.SegmentedRaftLogWorker (SegmentedRaftLogWorker.java:<init>(182)) - new 0075b94f-442f-431b-bbbf-ccc5d4b175df@group-2D14661B708F-SegmentedRaftLogWorker for RaftStorageImpl:Storage Directory /home/runner/work/ozone/ozone/hadoop-ozone/integration-test/target/test-dir/MiniOzoneClusterImpl-cb023f66-64b5-4780-bc53-8cd5338cd4e2/datanode-1/data/ratis/99a487ed-a184-4aa2-9aa6-2d14661b708f
2022-04-21 00:50:14,134 [pool-93-thread-1] INFO  server.RaftServerConfigKeys (ConfUtils.java:logGet(44)) - raft.server.log.queue.byte-limit = 4294967296 (custom)
2022-04-21 00:50:14,134 [pool-93-thread-1] INFO  server.RaftServerConfigKeys (ConfUtils.java:logGet(44)) - raft.server.log.queue.element-limit = 1024 (custom)
2022-04-21 00:50:14,134 [pool-93-thread-1] INFO  server.RaftServerConfigKeys (ConfUtils.java:logGet(44)) - raft.server.log.segment.size.max = 1048576 (custom)
2022-04-21 00:50:14,134 [pool-93-thread-1] INFO  server.RaftServerConfigKeys (ConfUtils.java:logGet(44)) - raft.server.log.preallocated.size = 16384 (custom)
2022-04-21 00:50:14,134 [pool-93-thread-1] INFO  server.RaftServerConfigKeys (ConfUtils.java:logGet(44)) - raft.server.log.force.sync.num = 128 (default)
2022-04-21 00:50:14,135 [pool-93-thread-1] INFO  server.RaftServerConfigKeys (ConfUtils.java:logGet(44)) - raft.server.log.statemachine.data.sync = true (default)
2022-04-21 00:50:14,135 [pool-93-thread-1] INFO  server.RaftServerConfigKeys (ConfUtils.java:logGet(44)) - raft.server.log.statemachine.data.sync.timeout = 10s (default)
2022-04-21 00:50:14,135 [pool-93-thread-1] INFO  server.RaftServerConfigKeys (ConfUtils.java:logGet(44)) - raft.server.log.statemachine.data.sync.timeout.retry = -1 (default)
2022-04-21 00:50:14,135 [pool-93-thread-1] INFO  server.RaftServerConfigKeys (ConfUtils.java:logGet(44)) - raft.server.log.write.buffer.size = 1048576 (custom)
2022-04-21 00:50:14,136 [pool-93-thread-1] INFO  server.RaftServerConfigKeys (ConfUtils.java:logGet(44)) - raft.server.log.statemachine.data.caching.enabled = true (custom)
2022-04-21 00:50:14,136 [pool-93-thread-1] INFO  segmented.SegmentedRaftLogWorker (SegmentedRaftLogWorker.java:lambda$new$0(133)) - 0075b94f-442f-431b-bbbf-ccc5d4b175df@group-2D14661B708F-SegmentedRaftLogWorker: flushIndex: setUnconditionally 0 -> -1
2022-04-21 00:50:14,136 [pool-93-thread-1] INFO  segmented.SegmentedRaftLogWorker (SegmentedRaftLogWorker.java:lambda$new$0(133)) - 0075b94f-442f-431b-bbbf-ccc5d4b175df@group-2D14661B708F-SegmentedRaftLogWorker: safeCacheEvictIndex: setUnconditionally 0 -> -1
2022-04-21 00:50:14,139 [pool-93-thread-1] INFO  server.RaftServerConfigKeys (ConfUtils.java:logGet(44)) - raft.server.snapshot.auto.trigger.enabled = true (custom)
2022-04-21 00:50:14,140 [pool-93-thread-1] INFO  server.RaftServerConfigKeys (ConfUtils.java:logGet(44)) - raft.server.snapshot.auto.trigger.threshold = 10000 (custom)
2022-04-21 00:50:14,140 [pool-93-thread-1] INFO  server.RaftServerConfigKeys (ConfUtils.java:logGet(44)) - raft.server.snapshot.retention.file.num = 5 (custom)
2022-04-21 00:50:14,140 [pool-93-thread-1] INFO  server.RaftServerConfigKeys (ConfUtils.java:logGet(44)) - raft.server.log.purge.upto.snapshot.index = false (default)
2022-04-21 00:50:14,140 [pool-93-thread-1] INFO  server.RaftServerConfigKeys (ConfUtils.java:logGet(44)) - raft.server.retrycache.expirytime = 600000ms (custom)
2022-04-21 00:50:14,140 [pool-93-thread-1] INFO  server.RaftServerConfigKeys (ConfUtils.java:logGet(44)) - raft.server.retrycache.statistics.expirytime = 100μs (default)
2022-04-21 00:50:14,141 [pool-93-thread-1] INFO  server.RaftServer$Division (RaftServerImpl.java:start(301)) - 0075b94f-442f-431b-bbbf-ccc5d4b175df@group-2D14661B708F: start as a follower, conf=-1: [0075b94f-442f-431b-bbbf-ccc5d4b175df|rpc:10.1.0.33:33057|dataStream:|priority:0, c2558997-1fb9-4616-86fd-ed065cf63d6b|rpc:10.1.0.33:33099|dataStream:|priority:1, e8524086-66f7-4ba2-b4e3-52afd3370864|rpc:10.1.0.33:43971|dataStream:|priority:0], old=null
2022-04-21 00:50:14,141 [pool-93-thread-1] INFO  server.RaftServer$Division (RaftServerImpl.java:setRole(290)) - 0075b94f-442f-431b-bbbf-ccc5d4b175df@group-2D14661B708F: changes role from      null to FOLLOWER at term 0 for startAsFollower
2022-04-21 00:50:14,141 [pool-93-thread-1] INFO  impl.RoleInfo (RoleInfo.java:updateAndGet(130)) - 0075b94f-442f-431b-bbbf-ccc5d4b175df: start 0075b94f-442f-431b-bbbf-ccc5d4b175df@group-2D14661B708F-FollowerState
2022-04-21 00:50:14,142 [pool-93-thread-1] INFO  util.JmxRegister (JmxRegister.java:tryRegister(44)) - Successfully registered JMX Bean with object name Ratis:service=RaftServer,group=group-2D14661B708F,id=0075b94f-442f-431b-bbbf-ccc5d4b175df
2022-04-21 00:50:14,150 [EventQueue-OpenPipelineForHealthyPipelineSafeModeRule] INFO  safemode.SCMSafeModeManager (HealthyPipelineSafeModeRule.java:process(124)) - SCM in safe mode. Healthy pipelines reported count is 0, required healthy pipeline reported count is 1
2022-04-21 00:50:14,211 [Command processor thread] INFO  commandhandler.CreatePipelineCommandHandler (CreatePipelineCommandHandler.java:handle(113)) - Created Pipeline RATIS THREE PipelineID=99a487ed-a184-4aa2-9aa6-2d14661b708f.
2022-04-21 00:50:14,248 [Command processor thread] INFO  commandhandler.CreatePipelineCommandHandler (CreatePipelineCommandHandler.java:handle(113)) - Created Pipeline RATIS THREE PipelineID=99a487ed-a184-4aa2-9aa6-2d14661b708f.
2022-04-21 00:50:14,740 [Listener at 127.0.0.1/46539] INFO  ozone.MiniOzoneClusterImpl (MiniOzoneClusterImpl.java:lambda$waitForClusterToBeReady$0(221)) - Nodes are ready. Got 3 of 3 DN Heartbeats.
2022-04-21 00:50:14,740 [Listener at 127.0.0.1/46539] INFO  ozone.MiniOzoneClusterImpl (MiniOzoneClusterImpl.java:lambda$waitForClusterToBeReady$0(224)) - Waiting for cluster to exit safe mode
2022-04-21 00:50:14,741 [Listener at 127.0.0.1/46539] INFO  ozone.MiniOzoneClusterImpl (MiniOzoneClusterImpl.java:lambda$waitForClusterToBeReady$0(226)) - SCM became leader
2022-04-21 00:50:15,741 [Listener at 127.0.0.1/46539] INFO  ozone.MiniOzoneClusterImpl (MiniOzoneClusterImpl.java:lambda$waitForClusterToBeReady$0(221)) - Nodes are ready. Got 3 of 3 DN Heartbeats.
2022-04-21 00:50:15,741 [Listener at 127.0.0.1/46539] INFO  ozone.MiniOzoneClusterImpl (MiniOzoneClusterImpl.java:lambda$waitForClusterToBeReady$0(224)) - Waiting for cluster to exit safe mode
2022-04-21 00:50:15,741 [Listener at 127.0.0.1/46539] INFO  ozone.MiniOzoneClusterImpl (MiniOzoneClusterImpl.java:lambda$waitForClusterToBeReady$0(226)) - SCM became leader
2022-04-21 00:50:16,742 [Listener at 127.0.0.1/46539] INFO  ozone.MiniOzoneClusterImpl (MiniOzoneClusterImpl.java:lambda$waitForClusterToBeReady$0(221)) - Nodes are ready. Got 3 of 3 DN Heartbeats.
2022-04-21 00:50:16,742 [Listener at 127.0.0.1/46539] INFO  ozone.MiniOzoneClusterImpl (MiniOzoneClusterImpl.java:lambda$waitForClusterToBeReady$0(224)) - Waiting for cluster to exit safe mode
2022-04-21 00:50:16,742 [Listener at 127.0.0.1/46539] INFO  ozone.MiniOzoneClusterImpl (MiniOzoneClusterImpl.java:lambda$waitForClusterToBeReady$0(226)) - SCM became leader
2022-04-21 00:50:17,743 [Listener at 127.0.0.1/46539] INFO  ozone.MiniOzoneClusterImpl (MiniOzoneClusterImpl.java:lambda$waitForClusterToBeReady$0(221)) - Nodes are ready. Got 3 of 3 DN Heartbeats.
2022-04-21 00:50:17,743 [Listener at 127.0.0.1/46539] INFO  ozone.MiniOzoneClusterImpl (MiniOzoneClusterImpl.java:lambda$waitForClusterToBeReady$0(224)) - Waiting for cluster to exit safe mode
2022-04-21 00:50:17,743 [Listener at 127.0.0.1/46539] INFO  ozone.MiniOzoneClusterImpl (MiniOzoneClusterImpl.java:lambda$waitForClusterToBeReady$0(226)) - SCM became leader
2022-04-21 00:50:18,415 [e8524086-66f7-4ba2-b4e3-52afd3370864@group-1A13288E1580-FollowerState] INFO  impl.FollowerState (FollowerState.java:run(134)) - e8524086-66f7-4ba2-b4e3-52afd3370864@group-1A13288E1580-FollowerState: change to CANDIDATE, lastRpcElapsedTime:5074708391ns, electionTimeout:5069ms
2022-04-21 00:50:18,415 [e8524086-66f7-4ba2-b4e3-52afd3370864@group-1A13288E1580-FollowerState] INFO  impl.RoleInfo (RoleInfo.java:shutdownFollowerState(108)) - e8524086-66f7-4ba2-b4e3-52afd3370864: shutdown e8524086-66f7-4ba2-b4e3-52afd3370864@group-1A13288E1580-FollowerState
2022-04-21 00:50:18,415 [e8524086-66f7-4ba2-b4e3-52afd3370864@group-1A13288E1580-FollowerState] INFO  server.RaftServer$Division (RaftServerImpl.java:setRole(290)) - e8524086-66f7-4ba2-b4e3-52afd3370864@group-1A13288E1580: changes role from  FOLLOWER to CANDIDATE at term 0 for changeToCandidate
2022-04-21 00:50:18,415 [e8524086-66f7-4ba2-b4e3-52afd3370864@group-1A13288E1580-FollowerState] INFO  server.RaftServerConfigKeys (ConfUtils.java:logGet(44)) - raft.server.leaderelection.pre-vote = false (custom)
2022-04-21 00:50:18,415 [e8524086-66f7-4ba2-b4e3-52afd3370864@group-1A13288E1580-FollowerState] INFO  impl.RoleInfo (RoleInfo.java:updateAndGet(130)) - e8524086-66f7-4ba2-b4e3-52afd3370864: start e8524086-66f7-4ba2-b4e3-52afd3370864@group-1A13288E1580-LeaderElection4
2022-04-21 00:50:18,418 [e8524086-66f7-4ba2-b4e3-52afd3370864@group-1A13288E1580-LeaderElection4] INFO  impl.LeaderElection (LeaderElection.java:askForVotes(306)) - e8524086-66f7-4ba2-b4e3-52afd3370864@group-1A13288E1580-LeaderElection4 ELECTION round 0: submit vote requests at term 1 for -1: [e8524086-66f7-4ba2-b4e3-52afd3370864|rpc:10.1.0.33:43971|priority:1], old=null
2022-04-21 00:50:18,418 [e8524086-66f7-4ba2-b4e3-52afd3370864@group-1A13288E1580-LeaderElection4] INFO  impl.LeaderElection (LeaderElection.java:askForVotes(308)) - e8524086-66f7-4ba2-b4e3-52afd3370864@group-1A13288E1580-LeaderElection4 ELECTION round 0: result PASSED (term=1)
2022-04-21 00:50:18,419 [e8524086-66f7-4ba2-b4e3-52afd3370864@group-1A13288E1580-LeaderElection4] INFO  impl.RoleInfo (RoleInfo.java:shutdownLeaderElection(121)) - e8524086-66f7-4ba2-b4e3-52afd3370864: shutdown e8524086-66f7-4ba2-b4e3-52afd3370864@group-1A13288E1580-LeaderElection4
2022-04-21 00:50:18,419 [e8524086-66f7-4ba2-b4e3-52afd3370864@group-1A13288E1580-LeaderElection4] INFO  server.RaftServer$Division (RaftServerImpl.java:setRole(290)) - e8524086-66f7-4ba2-b4e3-52afd3370864@group-1A13288E1580: changes role from CANDIDATE to LEADER at term 1 for changeToLeader
2022-04-21 00:50:18,419 [e8524086-66f7-4ba2-b4e3-52afd3370864@group-1A13288E1580-LeaderElection4] INFO  ratis.XceiverServerRatis (XceiverServerRatis.java:handleLeaderChangedNotification(863)) - Leader change notification received for group: group-1A13288E1580 with new leaderId: e8524086-66f7-4ba2-b4e3-52afd3370864
2022-04-21 00:50:18,420 [e8524086-66f7-4ba2-b4e3-52afd3370864@group-1A13288E1580-LeaderElection4] INFO  server.RaftServer$Division (ServerState.java:setLeader(285)) - e8524086-66f7-4ba2-b4e3-52afd3370864@group-1A13288E1580: change Leader from null to e8524086-66f7-4ba2-b4e3-52afd3370864 at term 1 for becomeLeader, leader elected after 5091ms
2022-04-21 00:50:18,420 [e8524086-66f7-4ba2-b4e3-52afd3370864@group-1A13288E1580-LeaderElection4] INFO  server.RaftServerConfigKeys (ConfUtils.java:logGet(44)) - raft.server.staging.catchup.gap = 1000 (default)
2022-04-21 00:50:18,421 [e8524086-66f7-4ba2-b4e3-52afd3370864@group-1A13288E1580-LeaderElection4] INFO  server.RaftServerConfigKeys (ConfUtils.java:logGet(44)) - raft.server.write.element-limit = 1024 (custom)
2022-04-21 00:50:18,421 [e8524086-66f7-4ba2-b4e3-52afd3370864@group-1A13288E1580-LeaderElection4] INFO  server.RaftServerConfigKeys (ConfUtils.java:logGet(44)) - raft.server.write.byte-limit = 1024 M (=1073741824) (custom)
2022-04-21 00:50:18,421 [e8524086-66f7-4ba2-b4e3-52afd3370864@group-1A13288E1580-LeaderElection4] INFO  server.RaftServerConfigKeys (ConfUtils.java:logGet(44)) - raft.server.watch.timeout = 180s (custom)
2022-04-21 00:50:18,421 [e8524086-66f7-4ba2-b4e3-52afd3370864@group-1A13288E1580-LeaderElection4] INFO  server.RaftServerConfigKeys (ConfUtils.java:logGet(44)) - raft.server.watch.timeout.denomination = 1s (default)
2022-04-21 00:50:18,421 [e8524086-66f7-4ba2-b4e3-52afd3370864@group-1A13288E1580-LeaderElection4] INFO  server.RaftServerConfigKeys (ConfUtils.java:logGet(44)) - raft.server.watch.element-limit = 65536 (default)
2022-04-21 00:50:18,421 [e8524086-66f7-4ba2-b4e3-52afd3370864@group-1A13288E1580-LeaderElection4] INFO  server.RaftServerConfigKeys (ConfUtils.java:logGet(44)) - raft.server.write.element-limit = 1024 (custom)
2022-04-21 00:50:18,421 [e8524086-66f7-4ba2-b4e3-52afd3370864@group-1A13288E1580-LeaderElection4] INFO  server.RaftServerConfigKeys (ConfUtils.java:logGet(44)) - raft.server.write.follower.gap.ratio.max = -1.0 (default)
2022-04-21 00:50:18,421 [e8524086-66f7-4ba2-b4e3-52afd3370864@group-1A13288E1580-LeaderElection4] INFO  impl.RoleInfo (RoleInfo.java:updateAndGet(130)) - e8524086-66f7-4ba2-b4e3-52afd3370864: start e8524086-66f7-4ba2-b4e3-52afd3370864@group-1A13288E1580-LeaderStateImpl
2022-04-21 00:50:18,422 [EventQueue-OpenPipelineForHealthyPipelineSafeModeRule] INFO  safemode.SCMSafeModeManager (HealthyPipelineSafeModeRule.java:process(124)) - SCM in safe mode. Healthy pipelines reported count is 0, required healthy pipeline reported count is 1
2022-04-21 00:50:18,422 [e8524086-66f7-4ba2-b4e3-52afd3370864@group-1A13288E1580-LeaderElection4] INFO  segmented.SegmentedRaftLogWorker (SegmentedRaftLogWorker.java:startLogSegment(394)) - e8524086-66f7-4ba2-b4e3-52afd3370864@group-1A13288E1580-SegmentedRaftLogWorker: Starting segment from index:0
2022-04-21 00:50:18,425 [e8524086-66f7-4ba2-b4e3-52afd3370864@group-1A13288E1580-SegmentedRaftLogWorker] INFO  segmented.SegmentedRaftLogWorker (SegmentedRaftLogWorker.java:execute(601)) - e8524086-66f7-4ba2-b4e3-52afd3370864@group-1A13288E1580-SegmentedRaftLogWorker: created new log segment /home/runner/work/ozone/ozone/hadoop-ozone/integration-test/target/test-dir/MiniOzoneClusterImpl-cb023f66-64b5-4780-bc53-8cd5338cd4e2/datanode-0/data/ratis/b026377e-705f-4fc5-9406-1a13288e1580/current/log_inprogress_0
2022-04-21 00:50:18,427 [e8524086-66f7-4ba2-b4e3-52afd3370864@group-1A13288E1580-LeaderElection4] INFO  server.RaftServer$Division (ServerState.java:setRaftConf(387)) - e8524086-66f7-4ba2-b4e3-52afd3370864@group-1A13288E1580: set configuration 0: [e8524086-66f7-4ba2-b4e3-52afd3370864|rpc:10.1.0.33:43971|dataStream:|priority:1], old=null
2022-04-21 00:50:18,509 [e8524086-66f7-4ba2-b4e3-52afd3370864@group-C66A738FB9BB-FollowerState] INFO  impl.FollowerState (FollowerState.java:run(134)) - e8524086-66f7-4ba2-b4e3-52afd3370864@group-C66A738FB9BB-FollowerState: change to CANDIDATE, lastRpcElapsedTime:5138510756ns, electionTimeout:5134ms
2022-04-21 00:50:18,509 [e8524086-66f7-4ba2-b4e3-52afd3370864@group-C66A738FB9BB-FollowerState] INFO  impl.RoleInfo (RoleInfo.java:shutdownFollowerState(108)) - e8524086-66f7-4ba2-b4e3-52afd3370864: shutdown e8524086-66f7-4ba2-b4e3-52afd3370864@group-C66A738FB9BB-FollowerState
2022-04-21 00:50:18,510 [e8524086-66f7-4ba2-b4e3-52afd3370864@group-C66A738FB9BB-FollowerState] INFO  server.RaftServer$Division (RaftServerImpl.java:setRole(290)) - e8524086-66f7-4ba2-b4e3-52afd3370864@group-C66A738FB9BB: changes role from  FOLLOWER to CANDIDATE at term 0 for changeToCandidate
2022-04-21 00:50:18,510 [e8524086-66f7-4ba2-b4e3-52afd3370864@group-C66A738FB9BB-FollowerState] INFO  server.RaftServerConfigKeys (ConfUtils.java:logGet(44)) - raft.server.leaderelection.pre-vote = false (custom)
2022-04-21 00:50:18,510 [e8524086-66f7-4ba2-b4e3-52afd3370864@group-C66A738FB9BB-FollowerState] INFO  impl.RoleInfo (RoleInfo.java:updateAndGet(130)) - e8524086-66f7-4ba2-b4e3-52afd3370864: start e8524086-66f7-4ba2-b4e3-52afd3370864@group-C66A738FB9BB-LeaderElection5
2022-04-21 00:50:18,513 [e8524086-66f7-4ba2-b4e3-52afd3370864@group-C66A738FB9BB-LeaderElection5] INFO  impl.LeaderElection (LeaderElection.java:askForVotes(306)) - e8524086-66f7-4ba2-b4e3-52afd3370864@group-C66A738FB9BB-LeaderElection5 ELECTION round 0: submit vote requests at term 1 for -1: [0075b94f-442f-431b-bbbf-ccc5d4b175df|rpc:10.1.0.33:33057|priority:1, c2558997-1fb9-4616-86fd-ed065cf63d6b|rpc:10.1.0.33:33099|priority:0, e8524086-66f7-4ba2-b4e3-52afd3370864|rpc:10.1.0.33:43971|priority:0], old=null
2022-04-21 00:50:18,534 [grpc-default-executor-0] INFO  server.RaftServer$Division (RaftServerImpl.java:requestVote(1046)) - 0075b94f-442f-431b-bbbf-ccc5d4b175df@group-C66A738FB9BB: receive requestVote(ELECTION, e8524086-66f7-4ba2-b4e3-52afd3370864, group-C66A738FB9BB, 1, (t:0, i:0))
2022-04-21 00:50:18,536 [grpc-default-executor-0] INFO  impl.VoteContext (VoteContext.java:log(48)) - 0075b94f-442f-431b-bbbf-ccc5d4b175df@group-C66A738FB9BB-FOLLOWER: reject ELECTION from e8524086-66f7-4ba2-b4e3-52afd3370864: our priority 1 > candidate's priority 0
2022-04-21 00:50:18,536 [grpc-default-executor-0] INFO  server.RaftServer$Division (RaftServerImpl.java:setRole(290)) - 0075b94f-442f-431b-bbbf-ccc5d4b175df@group-C66A738FB9BB: changes role from  FOLLOWER to FOLLOWER at term 1 for candidate:e8524086-66f7-4ba2-b4e3-52afd3370864
2022-04-21 00:50:18,536 [grpc-default-executor-0] INFO  impl.RoleInfo (RoleInfo.java:shutdownFollowerState(108)) - 0075b94f-442f-431b-bbbf-ccc5d4b175df: shutdown 0075b94f-442f-431b-bbbf-ccc5d4b175df@group-C66A738FB9BB-FollowerState
2022-04-21 00:50:18,537 [0075b94f-442f-431b-bbbf-ccc5d4b175df@group-C66A738FB9BB-FollowerState] INFO  impl.FollowerState (FollowerState.java:run(143)) - 0075b94f-442f-431b-bbbf-ccc5d4b175df@group-C66A738FB9BB-FollowerState was interrupted: {}
java.lang.InterruptedException: sleep interrupted
	at java.lang.Thread.sleep(Native Method)
	at java.lang.Thread.sleep(Thread.java:342)
	at java.util.concurrent.TimeUnit.sleep(TimeUnit.java:386)
	at org.apache.ratis.util.TimeDuration.sleep(TimeDuration.java:324)
	at org.apache.ratis.util.TimeDuration.sleep(TimeDuration.java:309)
	at org.apache.ratis.server.impl.FollowerState.run(FollowerState.java:118)
2022-04-21 00:50:18,539 [grpc-default-executor-0] INFO  impl.RoleInfo (RoleInfo.java:updateAndGet(130)) - 0075b94f-442f-431b-bbbf-ccc5d4b175df: start 0075b94f-442f-431b-bbbf-ccc5d4b175df@group-C66A738FB9BB-FollowerState
2022-04-21 00:50:18,543 [grpc-default-executor-1] INFO  server.RaftServer$Division (RaftServerImpl.java:requestVote(1046)) - c2558997-1fb9-4616-86fd-ed065cf63d6b@group-C66A738FB9BB: receive requestVote(ELECTION, e8524086-66f7-4ba2-b4e3-52afd3370864, group-C66A738FB9BB, 1, (t:0, i:0))
2022-04-21 00:50:18,544 [grpc-default-executor-1] INFO  impl.VoteContext (VoteContext.java:log(48)) - c2558997-1fb9-4616-86fd-ed065cf63d6b@group-C66A738FB9BB-FOLLOWER: accept ELECTION from e8524086-66f7-4ba2-b4e3-52afd3370864: our priority 0 <= candidate's priority 0
2022-04-21 00:50:18,544 [grpc-default-executor-1] INFO  server.RaftServer$Division (RaftServerImpl.java:setRole(290)) - c2558997-1fb9-4616-86fd-ed065cf63d6b@group-C66A738FB9BB: changes role from  FOLLOWER to FOLLOWER at term 1 for candidate:e8524086-66f7-4ba2-b4e3-52afd3370864
2022-04-21 00:50:18,544 [grpc-default-executor-1] INFO  impl.RoleInfo (RoleInfo.java:shutdownFollowerState(108)) - c2558997-1fb9-4616-86fd-ed065cf63d6b: shutdown c2558997-1fb9-4616-86fd-ed065cf63d6b@group-C66A738FB9BB-FollowerState
2022-04-21 00:50:18,544 [grpc-default-executor-1] INFO  impl.RoleInfo (RoleInfo.java:updateAndGet(130)) - c2558997-1fb9-4616-86fd-ed065cf63d6b: start c2558997-1fb9-4616-86fd-ed065cf63d6b@group-C66A738FB9BB-FollowerState
2022-04-21 00:50:18,544 [c2558997-1fb9-4616-86fd-ed065cf63d6b@group-C66A738FB9BB-FollowerState] INFO  impl.FollowerState (FollowerState.java:run(143)) - c2558997-1fb9-4616-86fd-ed065cf63d6b@group-C66A738FB9BB-FollowerState was interrupted: {}
java.lang.InterruptedException: sleep interrupted
	at java.lang.Thread.sleep(Native Method)
	at java.lang.Thread.sleep(Thread.java:342)
	at java.util.concurrent.TimeUnit.sleep(TimeUnit.java:386)
	at org.apache.ratis.util.TimeDuration.sleep(TimeDuration.java:324)
	at org.apache.ratis.util.TimeDuration.sleep(TimeDuration.java:309)
	at org.apache.ratis.server.impl.FollowerState.run(FollowerState.java:118)
2022-04-21 00:50:18,552 [grpc-default-executor-0] INFO  server.RaftServer$Division (RaftServerImpl.java:requestVote(1078)) - 0075b94f-442f-431b-bbbf-ccc5d4b175df@group-C66A738FB9BB replies to ELECTION vote request: e8524086-66f7-4ba2-b4e3-52afd3370864<-0075b94f-442f-431b-bbbf-ccc5d4b175df#0:FAIL-t1. Peer's state: 0075b94f-442f-431b-bbbf-ccc5d4b175df@group-C66A738FB9BB:t1, leader=null, voted=null, raftlog=0075b94f-442f-431b-bbbf-ccc5d4b175df@group-C66A738FB9BB-SegmentedRaftLog:OPENED:c-1, conf=-1: [0075b94f-442f-431b-bbbf-ccc5d4b175df|rpc:10.1.0.33:33057|priority:1, c2558997-1fb9-4616-86fd-ed065cf63d6b|rpc:10.1.0.33:33099|priority:0, e8524086-66f7-4ba2-b4e3-52afd3370864|rpc:10.1.0.33:43971|priority:0], old=null
2022-04-21 00:50:18,553 [grpc-default-executor-1] INFO  server.RaftServer$Division (RaftServerImpl.java:requestVote(1078)) - c2558997-1fb9-4616-86fd-ed065cf63d6b@group-C66A738FB9BB replies to ELECTION vote request: e8524086-66f7-4ba2-b4e3-52afd3370864<-c2558997-1fb9-4616-86fd-ed065cf63d6b#0:OK-t1. Peer's state: c2558997-1fb9-4616-86fd-ed065cf63d6b@group-C66A738FB9BB:t1, leader=null, voted=e8524086-66f7-4ba2-b4e3-52afd3370864, raftlog=c2558997-1fb9-4616-86fd-ed065cf63d6b@group-C66A738FB9BB-SegmentedRaftLog:OPENED:c-1, conf=-1: [0075b94f-442f-431b-bbbf-ccc5d4b175df|rpc:10.1.0.33:33057|priority:1, c2558997-1fb9-4616-86fd-ed065cf63d6b|rpc:10.1.0.33:33099|priority:0, e8524086-66f7-4ba2-b4e3-52afd3370864|rpc:10.1.0.33:43971|priority:0], old=null
2022-04-21 00:50:18,556 [e8524086-66f7-4ba2-b4e3-52afd3370864@group-C66A738FB9BB-LeaderElection5] INFO  impl.LeaderElection (LeaderElection.java:logAndReturn(89)) - e8524086-66f7-4ba2-b4e3-52afd3370864@group-C66A738FB9BB-LeaderElection5: ELECTION REJECTED received 2 response(s) and 0 exception(s):
2022-04-21 00:50:18,556 [e8524086-66f7-4ba2-b4e3-52afd3370864@group-C66A738FB9BB-LeaderElection5] INFO  impl.LeaderElection (LeaderElection.java:logAndReturn(93)) -   Response 0: e8524086-66f7-4ba2-b4e3-52afd3370864<-0075b94f-442f-431b-bbbf-ccc5d4b175df#0:FAIL-t1
2022-04-21 00:50:18,556 [e8524086-66f7-4ba2-b4e3-52afd3370864@group-C66A738FB9BB-LeaderElection5] INFO  impl.LeaderElection (LeaderElection.java:logAndReturn(93)) -   Response 1: e8524086-66f7-4ba2-b4e3-52afd3370864<-c2558997-1fb9-4616-86fd-ed065cf63d6b#0:OK-t1
2022-04-21 00:50:18,557 [e8524086-66f7-4ba2-b4e3-52afd3370864@group-C66A738FB9BB-LeaderElection5] INFO  impl.LeaderElection (LeaderElection.java:askForVotes(308)) - e8524086-66f7-4ba2-b4e3-52afd3370864@group-C66A738FB9BB-LeaderElection5 ELECTION round 0: result REJECTED
2022-04-21 00:50:18,557 [e8524086-66f7-4ba2-b4e3-52afd3370864@group-C66A738FB9BB-LeaderElection5] INFO  server.RaftServer$Division (RaftServerImpl.java:setRole(290)) - e8524086-66f7-4ba2-b4e3-52afd3370864@group-C66A738FB9BB: changes role from CANDIDATE to FOLLOWER at term 1 for REJECTED
2022-04-21 00:50:18,557 [e8524086-66f7-4ba2-b4e3-52afd3370864@group-C66A738FB9BB-LeaderElection5] INFO  impl.RoleInfo (RoleInfo.java:shutdownLeaderElection(121)) - e8524086-66f7-4ba2-b4e3-52afd3370864: shutdown e8524086-66f7-4ba2-b4e3-52afd3370864@group-C66A738FB9BB-LeaderElection5
2022-04-21 00:50:18,557 [e8524086-66f7-4ba2-b4e3-52afd3370864@group-C66A738FB9BB-LeaderElection5] INFO  impl.RoleInfo (RoleInfo.java:updateAndGet(130)) - e8524086-66f7-4ba2-b4e3-52afd3370864: start e8524086-66f7-4ba2-b4e3-52afd3370864@group-C66A738FB9BB-FollowerState
2022-04-21 00:50:18,743 [Listener at 127.0.0.1/46539] INFO  ozone.MiniOzoneClusterImpl (MiniOzoneClusterImpl.java:lambda$waitForClusterToBeReady$0(221)) - Nodes are ready. Got 3 of 3 DN Heartbeats.
2022-04-21 00:50:18,744 [Listener at 127.0.0.1/46539] INFO  ozone.MiniOzoneClusterImpl (MiniOzoneClusterImpl.java:lambda$waitForClusterToBeReady$0(224)) - Waiting for cluster to exit safe mode
2022-04-21 00:50:18,745 [Listener at 127.0.0.1/46539] INFO  ozone.MiniOzoneClusterImpl (MiniOzoneClusterImpl.java:lambda$waitForClusterToBeReady$0(226)) - SCM became leader
2022-04-21 00:50:18,763 [0075b94f-442f-431b-bbbf-ccc5d4b175df@group-583A2E79CAB2-FollowerState] INFO  impl.FollowerState (FollowerState.java:run(134)) - 0075b94f-442f-431b-bbbf-ccc5d4b175df@group-583A2E79CAB2-FollowerState: change to CANDIDATE, lastRpcElapsedTime:5141445585ns, electionTimeout:5136ms
2022-04-21 00:50:18,763 [0075b94f-442f-431b-bbbf-ccc5d4b175df@group-583A2E79CAB2-FollowerState] INFO  impl.RoleInfo (RoleInfo.java:shutdownFollowerState(108)) - 0075b94f-442f-431b-bbbf-ccc5d4b175df: shutdown 0075b94f-442f-431b-bbbf-ccc5d4b175df@group-583A2E79CAB2-FollowerState
2022-04-21 00:50:18,764 [0075b94f-442f-431b-bbbf-ccc5d4b175df@group-583A2E79CAB2-FollowerState] INFO  server.RaftServer$Division (RaftServerImpl.java:setRole(290)) - 0075b94f-442f-431b-bbbf-ccc5d4b175df@group-583A2E79CAB2: changes role from  FOLLOWER to CANDIDATE at term 0 for changeToCandidate
2022-04-21 00:50:18,764 [0075b94f-442f-431b-bbbf-ccc5d4b175df@group-583A2E79CAB2-FollowerState] INFO  server.RaftServerConfigKeys (ConfUtils.java:logGet(44)) - raft.server.leaderelection.pre-vote = false (custom)
2022-04-21 00:50:18,764 [0075b94f-442f-431b-bbbf-ccc5d4b175df@group-583A2E79CAB2-FollowerState] INFO  impl.RoleInfo (RoleInfo.java:updateAndGet(130)) - 0075b94f-442f-431b-bbbf-ccc5d4b175df: start 0075b94f-442f-431b-bbbf-ccc5d4b175df@group-583A2E79CAB2-LeaderElection6
2022-04-21 00:50:18,769 [0075b94f-442f-431b-bbbf-ccc5d4b175df@group-583A2E79CAB2-LeaderElection6] INFO  impl.LeaderElection (LeaderElection.java:askForVotes(306)) - 0075b94f-442f-431b-bbbf-ccc5d4b175df@group-583A2E79CAB2-LeaderElection6 ELECTION round 0: submit vote requests at term 1 for -1: [0075b94f-442f-431b-bbbf-ccc5d4b175df|rpc:10.1.0.33:33057|priority:1], old=null
2022-04-21 00:50:18,769 [0075b94f-442f-431b-bbbf-ccc5d4b175df@group-583A2E79CAB2-LeaderElection6] INFO  impl.LeaderElection (LeaderElection.java:askForVotes(308)) - 0075b94f-442f-431b-bbbf-ccc5d4b175df@group-583A2E79CAB2-LeaderElection6 ELECTION round 0: result PASSED (term=1)
2022-04-21 00:50:18,769 [0075b94f-442f-431b-bbbf-ccc5d4b175df@group-583A2E79CAB2-LeaderElection6] INFO  impl.RoleInfo (RoleInfo.java:shutdownLeaderElection(121)) - 0075b94f-442f-431b-bbbf-ccc5d4b175df: shutdown 0075b94f-442f-431b-bbbf-ccc5d4b175df@group-583A2E79CAB2-LeaderElection6
2022-04-21 00:50:18,769 [0075b94f-442f-431b-bbbf-ccc5d4b175df@group-583A2E79CAB2-LeaderElection6] INFO  server.RaftServer$Division (RaftServerImpl.java:setRole(290)) - 0075b94f-442f-431b-bbbf-ccc5d4b175df@group-583A2E79CAB2: changes role from CANDIDATE to LEADER at term 1 for changeToLeader
2022-04-21 00:50:18,769 [0075b94f-442f-431b-bbbf-ccc5d4b175df@group-583A2E79CAB2-LeaderElection6] INFO  ratis.XceiverServerRatis (XceiverServerRatis.java:handleLeaderChangedNotification(863)) - Leader change notification received for group: group-583A2E79CAB2 with new leaderId: 0075b94f-442f-431b-bbbf-ccc5d4b175df
2022-04-21 00:50:18,771 [EventQueue-OpenPipelineForHealthyPipelineSafeModeRule] INFO  safemode.SCMSafeModeManager (HealthyPipelineSafeModeRule.java:process(124)) - SCM in safe mode. Healthy pipelines reported count is 0, required healthy pipeline reported count is 1
2022-04-21 00:50:18,773 [0075b94f-442f-431b-bbbf-ccc5d4b175df@group-583A2E79CAB2-LeaderElection6] INFO  server.RaftServer$Division (ServerState.java:setLeader(285)) - 0075b94f-442f-431b-bbbf-ccc5d4b175df@group-583A2E79CAB2: change Leader from null to 0075b94f-442f-431b-bbbf-ccc5d4b175df at term 1 for becomeLeader, leader elected after 5167ms
2022-04-21 00:50:18,773 [0075b94f-442f-431b-bbbf-ccc5d4b175df@group-583A2E79CAB2-LeaderElection6] INFO  server.RaftServerConfigKeys (ConfUtils.java:logGet(44)) - raft.server.staging.catchup.gap = 1000 (default)
2022-04-21 00:50:18,774 [0075b94f-442f-431b-bbbf-ccc5d4b175df@group-583A2E79CAB2-LeaderElection6] INFO  server.RaftServerConfigKeys (ConfUtils.java:logGet(44)) - raft.server.write.element-limit = 1024 (custom)
2022-04-21 00:50:18,774 [0075b94f-442f-431b-bbbf-ccc5d4b175df@group-583A2E79CAB2-LeaderElection6] INFO  server.RaftServerConfigKeys (ConfUtils.java:logGet(44)) - raft.server.write.byte-limit = 1024 M (=1073741824) (custom)
2022-04-21 00:50:18,774 [0075b94f-442f-431b-bbbf-ccc5d4b175df@group-583A2E79CAB2-LeaderElection6] INFO  server.RaftServerConfigKeys (ConfUtils.java:logGet(44)) - raft.server.watch.timeout = 180s (custom)
2022-04-21 00:50:18,774 [0075b94f-442f-431b-bbbf-ccc5d4b175df@group-583A2E79CAB2-LeaderElection6] INFO  server.RaftServerConfigKeys (ConfUtils.java:logGet(44)) - raft.server.watch.timeout.denomination = 1s (default)
2022-04-21 00:50:18,774 [0075b94f-442f-431b-bbbf-ccc5d4b175df@group-583A2E79CAB2-LeaderElection6] INFO  server.RaftServerConfigKeys (ConfUtils.java:logGet(44)) - raft.server.watch.element-limit = 65536 (default)
2022-04-21 00:50:18,775 [0075b94f-442f-431b-bbbf-ccc5d4b175df@group-583A2E79CAB2-LeaderElection6] INFO  server.RaftServerConfigKeys (ConfUtils.java:logGet(44)) - raft.server.write.element-limit = 1024 (custom)
2022-04-21 00:50:18,775 [0075b94f-442f-431b-bbbf-ccc5d4b175df@group-583A2E79CAB2-LeaderElection6] INFO  server.RaftServerConfigKeys (ConfUtils.java:logGet(44)) - raft.server.write.follower.gap.ratio.max = -1.0 (default)
2022-04-21 00:50:18,775 [0075b94f-442f-431b-bbbf-ccc5d4b175df@group-583A2E79CAB2-LeaderElection6] INFO  impl.RoleInfo (RoleInfo.java:updateAndGet(130)) - 0075b94f-442f-431b-bbbf-ccc5d4b175df: start 0075b94f-442f-431b-bbbf-ccc5d4b175df@group-583A2E79CAB2-LeaderStateImpl
2022-04-21 00:50:18,775 [0075b94f-442f-431b-bbbf-ccc5d4b175df@group-583A2E79CAB2-LeaderElection6] INFO  segmented.SegmentedRaftLogWorker (SegmentedRaftLogWorker.java:startLogSegment(394)) - 0075b94f-442f-431b-bbbf-ccc5d4b175df@group-583A2E79CAB2-SegmentedRaftLogWorker: Starting segment from index:0
2022-04-21 00:50:18,779 [0075b94f-442f-431b-bbbf-ccc5d4b175df@group-583A2E79CAB2-LeaderElection6] INFO  server.RaftServer$Division (ServerState.java:setRaftConf(387)) - 0075b94f-442f-431b-bbbf-ccc5d4b175df@group-583A2E79CAB2: set configuration 0: [0075b94f-442f-431b-bbbf-ccc5d4b175df|rpc:10.1.0.33:33057|dataStream:|priority:1], old=null
2022-04-21 00:50:18,781 [0075b94f-442f-431b-bbbf-ccc5d4b175df@group-583A2E79CAB2-SegmentedRaftLogWorker] INFO  segmented.SegmentedRaftLogWorker (SegmentedRaftLogWorker.java:execute(601)) - 0075b94f-442f-431b-bbbf-ccc5d4b175df@group-583A2E79CAB2-SegmentedRaftLogWorker: created new log segment /home/runner/work/ozone/ozone/hadoop-ozone/integration-test/target/test-dir/MiniOzoneClusterImpl-cb023f66-64b5-4780-bc53-8cd5338cd4e2/datanode-1/data/ratis/269203ee-03c2-4077-bf8a-583a2e79cab2/current/log_inprogress_0
2022-04-21 00:50:18,845 [c2558997-1fb9-4616-86fd-ed065cf63d6b@group-CBF675AC35D9-FollowerState] INFO  impl.FollowerState (FollowerState.java:run(134)) - c2558997-1fb9-4616-86fd-ed065cf63d6b@group-CBF675AC35D9-FollowerState: change to CANDIDATE, lastRpcElapsedTime:5052914862ns, electionTimeout:5052ms
2022-04-21 00:50:18,845 [c2558997-1fb9-4616-86fd-ed065cf63d6b@group-CBF675AC35D9-FollowerState] INFO  impl.RoleInfo (RoleInfo.java:shutdownFollowerState(108)) - c2558997-1fb9-4616-86fd-ed065cf63d6b: shutdown c2558997-1fb9-4616-86fd-ed065cf63d6b@group-CBF675AC35D9-FollowerState
2022-04-21 00:50:18,845 [c2558997-1fb9-4616-86fd-ed065cf63d6b@group-CBF675AC35D9-FollowerState] INFO  server.RaftServer$Division (RaftServerImpl.java:setRole(290)) - c2558997-1fb9-4616-86fd-ed065cf63d6b@group-CBF675AC35D9: changes role from  FOLLOWER to CANDIDATE at term 0 for changeToCandidate
2022-04-21 00:50:18,845 [c2558997-1fb9-4616-86fd-ed065cf63d6b@group-CBF675AC35D9-FollowerState] INFO  server.RaftServerConfigKeys (ConfUtils.java:logGet(44)) - raft.server.leaderelection.pre-vote = false (custom)
2022-04-21 00:50:18,845 [c2558997-1fb9-4616-86fd-ed065cf63d6b@group-CBF675AC35D9-FollowerState] INFO  impl.RoleInfo (RoleInfo.java:updateAndGet(130)) - c2558997-1fb9-4616-86fd-ed065cf63d6b: start c2558997-1fb9-4616-86fd-ed065cf63d6b@group-CBF675AC35D9-LeaderElection7
2022-04-21 00:50:18,848 [c2558997-1fb9-4616-86fd-ed065cf63d6b@group-CBF675AC35D9-LeaderElection7] INFO  impl.LeaderElection (LeaderElection.java:askForVotes(306)) - c2558997-1fb9-4616-86fd-ed065cf63d6b@group-CBF675AC35D9-LeaderElection7 ELECTION round 0: submit vote requests at term 1 for -1: [c2558997-1fb9-4616-86fd-ed065cf63d6b|rpc:10.1.0.33:33099|priority:1], old=null
2022-04-21 00:50:18,848 [c2558997-1fb9-4616-86fd-ed065cf63d6b@group-CBF675AC35D9-LeaderElection7] INFO  impl.LeaderElection (LeaderElection.java:askForVotes(308)) - c2558997-1fb9-4616-86fd-ed065cf63d6b@group-CBF675AC35D9-LeaderElection7 ELECTION round 0: result PASSED (term=1)
2022-04-21 00:50:18,848 [c2558997-1fb9-4616-86fd-ed065cf63d6b@group-CBF675AC35D9-LeaderElection7] INFO  impl.RoleInfo (RoleInfo.java:shutdownLeaderElection(121)) - c2558997-1fb9-4616-86fd-ed065cf63d6b: shutdown c2558997-1fb9-4616-86fd-ed065cf63d6b@group-CBF675AC35D9-LeaderElection7
2022-04-21 00:50:18,848 [c2558997-1fb9-4616-86fd-ed065cf63d6b@group-CBF675AC35D9-LeaderElection7] INFO  server.RaftServer$Division (RaftServerImpl.java:setRole(290)) - c2558997-1fb9-4616-86fd-ed065cf63d6b@group-CBF675AC35D9: changes role from CANDIDATE to LEADER at term 1 for changeToLeader
2022-04-21 00:50:18,848 [c2558997-1fb9-4616-86fd-ed065cf63d6b@group-CBF675AC35D9-LeaderElection7] INFO  ratis.XceiverServerRatis (XceiverServerRatis.java:handleLeaderChangedNotification(863)) - Leader change notification received for group: group-CBF675AC35D9 with new leaderId: c2558997-1fb9-4616-86fd-ed065cf63d6b
2022-04-21 00:50:18,849 [c2558997-1fb9-4616-86fd-ed065cf63d6b@group-CBF675AC35D9-LeaderElection7] INFO  server.RaftServer$Division (ServerState.java:setLeader(285)) - c2558997-1fb9-4616-86fd-ed065cf63d6b@group-CBF675AC35D9: change Leader from null to c2558997-1fb9-4616-86fd-ed065cf63d6b at term 1 for becomeLeader, leader elected after 5067ms
2022-04-21 00:50:18,849 [c2558997-1fb9-4616-86fd-ed065cf63d6b@group-CBF675AC35D9-LeaderElection7] INFO  server.RaftServerConfigKeys (ConfUtils.java:logGet(44)) - raft.server.staging.catchup.gap = 1000 (default)
2022-04-21 00:50:18,851 [EventQueue-OpenPipelineForHealthyPipelineSafeModeRule] INFO  safemode.SCMSafeModeManager (HealthyPipelineSafeModeRule.java:process(124)) - SCM in safe mode. Healthy pipelines reported count is 0, required healthy pipeline reported count is 1
2022-04-21 00:50:18,852 [c2558997-1fb9-4616-86fd-ed065cf63d6b@group-CBF675AC35D9-LeaderElection7] INFO  server.RaftServerConfigKeys (ConfUtils.java:logGet(44)) - raft.server.write.element-limit = 1024 (custom)
2022-04-21 00:50:18,852 [c2558997-1fb9-4616-86fd-ed065cf63d6b@group-CBF675AC35D9-LeaderElection7] INFO  server.RaftServerConfigKeys (ConfUtils.java:logGet(44)) - raft.server.write.byte-limit = 1024 M (=1073741824) (custom)
2022-04-21 00:50:18,853 [c2558997-1fb9-4616-86fd-ed065cf63d6b@group-CBF675AC35D9-LeaderElection7] INFO  server.RaftServerConfigKeys (ConfUtils.java:logGet(44)) - raft.server.watch.timeout = 180s (custom)
2022-04-21 00:50:18,853 [c2558997-1fb9-4616-86fd-ed065cf63d6b@group-CBF675AC35D9-LeaderElection7] INFO  server.RaftServerConfigKeys (ConfUtils.java:logGet(44)) - raft.server.watch.timeout.denomination = 1s (default)
2022-04-21 00:50:18,853 [c2558997-1fb9-4616-86fd-ed065cf63d6b@group-CBF675AC35D9-LeaderElection7] INFO  server.RaftServerConfigKeys (ConfUtils.java:logGet(44)) - raft.server.watch.element-limit = 65536 (default)
2022-04-21 00:50:18,853 [c2558997-1fb9-4616-86fd-ed065cf63d6b@group-CBF675AC35D9-LeaderElection7] INFO  server.RaftServerConfigKeys (ConfUtils.java:logGet(44)) - raft.server.write.element-limit = 1024 (custom)
2022-04-21 00:50:18,853 [c2558997-1fb9-4616-86fd-ed065cf63d6b@group-CBF675AC35D9-LeaderElection7] INFO  server.RaftServerConfigKeys (ConfUtils.java:logGet(44)) - raft.server.write.follower.gap.ratio.max = -1.0 (default)
2022-04-21 00:50:18,853 [c2558997-1fb9-4616-86fd-ed065cf63d6b@group-CBF675AC35D9-LeaderElection7] INFO  impl.RoleInfo (RoleInfo.java:updateAndGet(130)) - c2558997-1fb9-4616-86fd-ed065cf63d6b: start c2558997-1fb9-4616-86fd-ed065cf63d6b@group-CBF675AC35D9-LeaderStateImpl
2022-04-21 00:50:18,854 [c2558997-1fb9-4616-86fd-ed065cf63d6b@group-CBF675AC35D9-LeaderElection7] INFO  segmented.SegmentedRaftLogWorker (SegmentedRaftLogWorker.java:startLogSegment(394)) - c2558997-1fb9-4616-86fd-ed065cf63d6b@group-CBF675AC35D9-SegmentedRaftLogWorker: Starting segment from index:0
2022-04-21 00:50:18,856 [c2558997-1fb9-4616-86fd-ed065cf63d6b@group-CBF675AC35D9-SegmentedRaftLogWorker] INFO  segmented.SegmentedRaftLogWorker (SegmentedRaftLogWorker.java:execute(601)) - c2558997-1fb9-4616-86fd-ed065cf63d6b@group-CBF675AC35D9-SegmentedRaftLogWorker: created new log segment /home/runner/work/ozone/ozone/hadoop-ozone/integration-test/target/test-dir/MiniOzoneClusterImpl-cb023f66-64b5-4780-bc53-8cd5338cd4e2/datanode-2/data/ratis/309dcd37-4f58-49d4-9846-cbf675ac35d9/current/log_inprogress_0
2022-04-21 00:50:18,860 [c2558997-1fb9-4616-86fd-ed065cf63d6b@group-CBF675AC35D9-LeaderElection7] INFO  server.RaftServer$Division (ServerState.java:setRaftConf(387)) - c2558997-1fb9-4616-86fd-ed065cf63d6b@group-CBF675AC35D9: set configuration 0: [c2558997-1fb9-4616-86fd-ed065cf63d6b|rpc:10.1.0.33:33099|dataStream:|priority:1], old=null
2022-04-21 00:50:19,115 [e8524086-66f7-4ba2-b4e3-52afd3370864@group-2D14661B708F-FollowerState] INFO  impl.FollowerState (FollowerState.java:run(134)) - e8524086-66f7-4ba2-b4e3-52afd3370864@group-2D14661B708F-FollowerState: change to CANDIDATE, lastRpcElapsedTime:5005421065ns, electionTimeout:5002ms
2022-04-21 00:50:19,115 [e8524086-66f7-4ba2-b4e3-52afd3370864@group-2D14661B708F-FollowerState] INFO  impl.RoleInfo (RoleInfo.java:shutdownFollowerState(108)) - e8524086-66f7-4ba2-b4e3-52afd3370864: shutdown e8524086-66f7-4ba2-b4e3-52afd3370864@group-2D14661B708F-FollowerState
2022-04-21 00:50:19,115 [e8524086-66f7-4ba2-b4e3-52afd3370864@group-2D14661B708F-FollowerState] INFO  server.RaftServer$Division (RaftServerImpl.java:setRole(290)) - e8524086-66f7-4ba2-b4e3-52afd3370864@group-2D14661B708F: changes role from  FOLLOWER to CANDIDATE at term 0 for changeToCandidate
2022-04-21 00:50:19,116 [e8524086-66f7-4ba2-b4e3-52afd3370864@group-2D14661B708F-FollowerState] INFO  server.RaftServerConfigKeys (ConfUtils.java:logGet(44)) - raft.server.leaderelection.pre-vote = false (custom)
2022-04-21 00:50:19,116 [e8524086-66f7-4ba2-b4e3-52afd3370864@group-2D14661B708F-FollowerState] INFO  impl.RoleInfo (RoleInfo.java:updateAndGet(130)) - e8524086-66f7-4ba2-b4e3-52afd3370864: start e8524086-66f7-4ba2-b4e3-52afd3370864@group-2D14661B708F-LeaderElection8
2022-04-21 00:50:19,119 [e8524086-66f7-4ba2-b4e3-52afd3370864@group-2D14661B708F-LeaderElection8] INFO  impl.LeaderElection (LeaderElection.java:askForVotes(306)) - e8524086-66f7-4ba2-b4e3-52afd3370864@group-2D14661B708F-LeaderElection8 ELECTION round 0: submit vote requests at term 1 for -1: [0075b94f-442f-431b-bbbf-ccc5d4b175df|rpc:10.1.0.33:33057|priority:0, c2558997-1fb9-4616-86fd-ed065cf63d6b|rpc:10.1.0.33:33099|priority:1, e8524086-66f7-4ba2-b4e3-52afd3370864|rpc:10.1.0.33:43971|priority:0], old=null
2022-04-21 00:50:19,123 [grpc-default-executor-0] INFO  server.RaftServer$Division (RaftServerImpl.java:requestVote(1046)) - 0075b94f-442f-431b-bbbf-ccc5d4b175df@group-2D14661B708F: receive requestVote(ELECTION, e8524086-66f7-4ba2-b4e3-52afd3370864, group-2D14661B708F, 1, (t:0, i:0))
2022-04-21 00:50:19,123 [grpc-default-executor-0] INFO  impl.VoteContext (VoteContext.java:log(48)) - 0075b94f-442f-431b-bbbf-ccc5d4b175df@group-2D14661B708F-FOLLOWER: accept ELECTION from e8524086-66f7-4ba2-b4e3-52afd3370864: our priority 0 <= candidate's priority 0
2022-04-21 00:50:19,124 [grpc-default-executor-0] INFO  server.RaftServer$Division (RaftServerImpl.java:setRole(290)) - 0075b94f-442f-431b-bbbf-ccc5d4b175df@group-2D14661B708F: changes role from  FOLLOWER to FOLLOWER at term 1 for candidate:e8524086-66f7-4ba2-b4e3-52afd3370864
2022-04-21 00:50:19,124 [grpc-default-executor-0] INFO  impl.RoleInfo (RoleInfo.java:shutdownFollowerState(108)) - 0075b94f-442f-431b-bbbf-ccc5d4b175df: shutdown 0075b94f-442f-431b-bbbf-ccc5d4b175df@group-2D14661B708F-FollowerState
2022-04-21 00:50:19,124 [grpc-default-executor-0] INFO  impl.RoleInfo (RoleInfo.java:updateAndGet(130)) - 0075b94f-442f-431b-bbbf-ccc5d4b175df: start 0075b94f-442f-431b-bbbf-ccc5d4b175df@group-2D14661B708F-FollowerState
2022-04-21 00:50:19,124 [0075b94f-442f-431b-bbbf-ccc5d4b175df@group-2D14661B708F-FollowerState] INFO  impl.FollowerState (FollowerState.java:run(143)) - 0075b94f-442f-431b-bbbf-ccc5d4b175df@group-2D14661B708F-FollowerState was interrupted: {}
java.lang.InterruptedException: sleep interrupted
	at java.lang.Thread.sleep(Native Method)
	at java.lang.Thread.sleep(Thread.java:342)
	at java.util.concurrent.TimeUnit.sleep(TimeUnit.java:386)
	at org.apache.ratis.util.TimeDuration.sleep(TimeDuration.java:324)
	at org.apache.ratis.util.TimeDuration.sleep(TimeDuration.java:309)
	at org.apache.ratis.server.impl.FollowerState.run(FollowerState.java:118)
2022-04-21 00:50:19,128 [grpc-default-executor-1] INFO  server.RaftServer$Division (RaftServerImpl.java:requestVote(1046)) - c2558997-1fb9-4616-86fd-ed065cf63d6b@group-2D14661B708F: receive requestVote(ELECTION, e8524086-66f7-4ba2-b4e3-52afd3370864, group-2D14661B708F, 1, (t:0, i:0))
2022-04-21 00:50:19,128 [grpc-default-executor-1] INFO  impl.VoteContext (VoteContext.java:log(48)) - c2558997-1fb9-4616-86fd-ed065cf63d6b@group-2D14661B708F-FOLLOWER: reject ELECTION from e8524086-66f7-4ba2-b4e3-52afd3370864: our priority 1 > candidate's priority 0
2022-04-21 00:50:19,128 [grpc-default-executor-1] INFO  server.RaftServer$Division (RaftServerImpl.java:setRole(290)) - c2558997-1fb9-4616-86fd-ed065cf63d6b@group-2D14661B708F: changes role from  FOLLOWER to FOLLOWER at term 1 for candidate:e8524086-66f7-4ba2-b4e3-52afd3370864
2022-04-21 00:50:19,128 [grpc-default-executor-1] INFO  impl.RoleInfo (RoleInfo.java:shutdownFollowerState(108)) - c2558997-1fb9-4616-86fd-ed065cf63d6b: shutdown c2558997-1fb9-4616-86fd-ed065cf63d6b@group-2D14661B708F-FollowerState
2022-04-21 00:50:19,128 [grpc-default-executor-1] INFO  impl.RoleInfo (RoleInfo.java:updateAndGet(130)) - c2558997-1fb9-4616-86fd-ed065cf63d6b: start c2558997-1fb9-4616-86fd-ed065cf63d6b@group-2D14661B708F-FollowerState
2022-04-21 00:50:19,134 [c2558997-1fb9-4616-86fd-ed065cf63d6b@group-2D14661B708F-FollowerState] INFO  impl.FollowerState (FollowerState.java:run(143)) - c2558997-1fb9-4616-86fd-ed065cf63d6b@group-2D14661B708F-FollowerState was interrupted: {}
java.lang.InterruptedException: sleep interrupted
	at java.lang.Thread.sleep(Native Method)
	at java.lang.Thread.sleep(Thread.java:342)
	at java.util.concurrent.TimeUnit.sleep(TimeUnit.java:386)
	at org.apache.ratis.util.TimeDuration.sleep(TimeDuration.java:324)
	at org.apache.ratis.util.TimeDuration.sleep(TimeDuration.java:309)
	at org.apache.ratis.server.impl.FollowerState.run(FollowerState.java:118)
2022-04-21 00:50:19,137 [grpc-default-executor-0] INFO  server.RaftServer$Division (RaftServerImpl.java:requestVote(1078)) - 0075b94f-442f-431b-bbbf-ccc5d4b175df@group-2D14661B708F replies to ELECTION vote request: e8524086-66f7-4ba2-b4e3-52afd3370864<-0075b94f-442f-431b-bbbf-ccc5d4b175df#0:OK-t1. Peer's state: 0075b94f-442f-431b-bbbf-ccc5d4b175df@group-2D14661B708F:t1, leader=null, voted=e8524086-66f7-4ba2-b4e3-52afd3370864, raftlog=0075b94f-442f-431b-bbbf-ccc5d4b175df@group-2D14661B708F-SegmentedRaftLog:OPENED:c-1, conf=-1: [0075b94f-442f-431b-bbbf-ccc5d4b175df|rpc:10.1.0.33:33057|dataStream:|priority:0, c2558997-1fb9-4616-86fd-ed065cf63d6b|rpc:10.1.0.33:33099|dataStream:|priority:1, e8524086-66f7-4ba2-b4e3-52afd3370864|rpc:10.1.0.33:43971|dataStream:|priority:0], old=null
2022-04-21 00:50:19,143 [grpc-default-executor-1] INFO  server.RaftServer$Division (RaftServerImpl.java:requestVote(1078)) - c2558997-1fb9-4616-86fd-ed065cf63d6b@group-2D14661B708F replies to ELECTION vote request: e8524086-66f7-4ba2-b4e3-52afd3370864<-c2558997-1fb9-4616-86fd-ed065cf63d6b#0:FAIL-t1. Peer's state: c2558997-1fb9-4616-86fd-ed065cf63d6b@group-2D14661B708F:t1, leader=null, voted=null, raftlog=c2558997-1fb9-4616-86fd-ed065cf63d6b@group-2D14661B708F-SegmentedRaftLog:OPENED:c-1, conf=-1: [0075b94f-442f-431b-bbbf-ccc5d4b175df|rpc:10.1.0.33:33057|priority:0, c2558997-1fb9-4616-86fd-ed065cf63d6b|rpc:10.1.0.33:33099|priority:1, e8524086-66f7-4ba2-b4e3-52afd3370864|rpc:10.1.0.33:43971|priority:0], old=null
2022-04-21 00:50:19,147 [e8524086-66f7-4ba2-b4e3-52afd3370864@group-2D14661B708F-LeaderElection8] INFO  impl.LeaderElection (LeaderElection.java:logAndReturn(89)) - e8524086-66f7-4ba2-b4e3-52afd3370864@group-2D14661B708F-LeaderElection8: ELECTION REJECTED received 2 response(s) and 0 exception(s):
2022-04-21 00:50:19,147 [e8524086-66f7-4ba2-b4e3-52afd3370864@group-2D14661B708F-LeaderElection8] INFO  impl.LeaderElection (LeaderElection.java:logAndReturn(93)) -   Response 0: e8524086-66f7-4ba2-b4e3-52afd3370864<-0075b94f-442f-431b-bbbf-ccc5d4b175df#0:OK-t1
2022-04-21 00:50:19,147 [e8524086-66f7-4ba2-b4e3-52afd3370864@group-2D14661B708F-LeaderElection8] INFO  impl.LeaderElection (LeaderElection.java:logAndReturn(93)) -   Response 1: e8524086-66f7-4ba2-b4e3-52afd3370864<-c2558997-1fb9-4616-86fd-ed065cf63d6b#0:FAIL-t1
2022-04-21 00:50:19,148 [e8524086-66f7-4ba2-b4e3-52afd3370864@group-2D14661B708F-LeaderElection8] INFO  impl.LeaderElection (LeaderElection.java:askForVotes(308)) - e8524086-66f7-4ba2-b4e3-52afd3370864@group-2D14661B708F-LeaderElection8 ELECTION round 0: result REJECTED
2022-04-21 00:50:19,148 [e8524086-66f7-4ba2-b4e3-52afd3370864@group-2D14661B708F-LeaderElection8] INFO  server.RaftServer$Division (RaftServerImpl.java:setRole(290)) - e8524086-66f7-4ba2-b4e3-52afd3370864@group-2D14661B708F: changes role from CANDIDATE to FOLLOWER at term 1 for REJECTED
2022-04-21 00:50:19,148 [e8524086-66f7-4ba2-b4e3-52afd3370864@group-2D14661B708F-LeaderElection8] INFO  impl.RoleInfo (RoleInfo.java:shutdownLeaderElection(121)) - e8524086-66f7-4ba2-b4e3-52afd3370864: shutdown e8524086-66f7-4ba2-b4e3-52afd3370864@group-2D14661B708F-LeaderElection8
2022-04-21 00:50:19,148 [e8524086-66f7-4ba2-b4e3-52afd3370864@group-2D14661B708F-LeaderElection8] INFO  impl.RoleInfo (RoleInfo.java:updateAndGet(130)) - e8524086-66f7-4ba2-b4e3-52afd3370864: start e8524086-66f7-4ba2-b4e3-52afd3370864@group-2D14661B708F-FollowerState
2022-04-21 00:50:19,745 [Listener at 127.0.0.1/46539] INFO  ozone.MiniOzoneClusterImpl (MiniOzoneClusterImpl.java:lambda$waitForClusterToBeReady$0(221)) - Nodes are ready. Got 3 of 3 DN Heartbeats.
2022-04-21 00:50:19,746 [Listener at 127.0.0.1/46539] INFO  ozone.MiniOzoneClusterImpl (MiniOzoneClusterImpl.java:lambda$waitForClusterToBeReady$0(224)) - Waiting for cluster to exit safe mode
2022-04-21 00:50:19,746 [Listener at 127.0.0.1/46539] INFO  ozone.MiniOzoneClusterImpl (MiniOzoneClusterImpl.java:lambda$waitForClusterToBeReady$0(226)) - SCM became leader
2022-04-21 00:50:20,747 [Listener at 127.0.0.1/46539] INFO  ozone.MiniOzoneClusterImpl (MiniOzoneClusterImpl.java:lambda$waitForClusterToBeReady$0(221)) - Nodes are ready. Got 3 of 3 DN Heartbeats.
2022-04-21 00:50:20,747 [Listener at 127.0.0.1/46539] INFO  ozone.MiniOzoneClusterImpl (MiniOzoneClusterImpl.java:lambda$waitForClusterToBeReady$0(224)) - Waiting for cluster to exit safe mode
2022-04-21 00:50:20,747 [Listener at 127.0.0.1/46539] INFO  ozone.MiniOzoneClusterImpl (MiniOzoneClusterImpl.java:lambda$waitForClusterToBeReady$0(226)) - SCM became leader
2022-04-21 00:50:21,747 [Listener at 127.0.0.1/46539] INFO  ozone.MiniOzoneClusterImpl (MiniOzoneClusterImpl.java:lambda$waitForClusterToBeReady$0(221)) - Nodes are ready. Got 3 of 3 DN Heartbeats.
2022-04-21 00:50:21,748 [Listener at 127.0.0.1/46539] INFO  ozone.MiniOzoneClusterImpl (MiniOzoneClusterImpl.java:lambda$waitForClusterToBeReady$0(224)) - Waiting for cluster to exit safe mode
2022-04-21 00:50:21,748 [Listener at 127.0.0.1/46539] INFO  ozone.MiniOzoneClusterImpl (MiniOzoneClusterImpl.java:lambda$waitForClusterToBeReady$0(226)) - SCM became leader
2022-04-21 00:50:22,748 [Listener at 127.0.0.1/46539] INFO  ozone.MiniOzoneClusterImpl (MiniOzoneClusterImpl.java:lambda$waitForClusterToBeReady$0(221)) - Nodes are ready. Got 3 of 3 DN Heartbeats.
2022-04-21 00:50:22,749 [Listener at 127.0.0.1/46539] INFO  ozone.MiniOzoneClusterImpl (MiniOzoneClusterImpl.java:lambda$waitForClusterToBeReady$0(224)) - Waiting for cluster to exit safe mode
2022-04-21 00:50:22,749 [Listener at 127.0.0.1/46539] INFO  ozone.MiniOzoneClusterImpl (MiniOzoneClusterImpl.java:lambda$waitForClusterToBeReady$0(226)) - SCM became leader
2022-04-21 00:50:23,554 [0075b94f-442f-431b-bbbf-ccc5d4b175df@group-C66A738FB9BB-FollowerState] INFO  impl.FollowerState (FollowerState.java:run(134)) - 0075b94f-442f-431b-bbbf-ccc5d4b175df@group-C66A738FB9BB-FollowerState: change to CANDIDATE, lastRpcElapsedTime:5015352547ns, electionTimeout:5009ms
2022-04-21 00:50:23,555 [0075b94f-442f-431b-bbbf-ccc5d4b175df@group-C66A738FB9BB-FollowerState] INFO  impl.RoleInfo (RoleInfo.java:shutdownFollowerState(108)) - 0075b94f-442f-431b-bbbf-ccc5d4b175df: shutdown 0075b94f-442f-431b-bbbf-ccc5d4b175df@group-C66A738FB9BB-FollowerState
2022-04-21 00:50:23,555 [0075b94f-442f-431b-bbbf-ccc5d4b175df@group-C66A738FB9BB-FollowerState] INFO  server.RaftServer$Division (RaftServerImpl.java:setRole(290)) - 0075b94f-442f-431b-bbbf-ccc5d4b175df@group-C66A738FB9BB: changes role from  FOLLOWER to CANDIDATE at term 1 for changeToCandidate
2022-04-21 00:50:23,555 [0075b94f-442f-431b-bbbf-ccc5d4b175df@group-C66A738FB9BB-FollowerState] INFO  server.RaftServerConfigKeys (ConfUtils.java:logGet(44)) - raft.server.leaderelection.pre-vote = false (custom)
2022-04-21 00:50:23,555 [0075b94f-442f-431b-bbbf-ccc5d4b175df@group-C66A738FB9BB-FollowerState] INFO  impl.RoleInfo (RoleInfo.java:updateAndGet(130)) - 0075b94f-442f-431b-bbbf-ccc5d4b175df: start 0075b94f-442f-431b-bbbf-ccc5d4b175df@group-C66A738FB9BB-LeaderElection9
2022-04-21 00:50:23,557 [0075b94f-442f-431b-bbbf-ccc5d4b175df@group-C66A738FB9BB-LeaderElection9] INFO  impl.LeaderElection (LeaderElection.java:askForVotes(306)) - 0075b94f-442f-431b-bbbf-ccc5d4b175df@group-C66A738FB9BB-LeaderElection9 ELECTION round 0: submit vote requests at term 2 for -1: [0075b94f-442f-431b-bbbf-ccc5d4b175df|rpc:10.1.0.33:33057|priority:1, c2558997-1fb9-4616-86fd-ed065cf63d6b|rpc:10.1.0.33:33099|priority:0, e8524086-66f7-4ba2-b4e3-52afd3370864|rpc:10.1.0.33:43971|priority:0], old=null
2022-04-21 00:50:23,572 [grpc-default-executor-1] INFO  server.RaftServer$Division (RaftServerImpl.java:requestVote(1046)) - e8524086-66f7-4ba2-b4e3-52afd3370864@group-C66A738FB9BB: receive requestVote(ELECTION, 0075b94f-442f-431b-bbbf-ccc5d4b175df, group-C66A738FB9BB, 2, (t:0, i:0))
2022-04-21 00:50:23,572 [grpc-default-executor-1] INFO  impl.VoteContext (VoteContext.java:log(48)) - e8524086-66f7-4ba2-b4e3-52afd3370864@group-C66A738FB9BB-FOLLOWER: accept ELECTION from 0075b94f-442f-431b-bbbf-ccc5d4b175df: our priority 0 <= candidate's priority 1
2022-04-21 00:50:23,572 [grpc-default-executor-1] INFO  server.RaftServer$Division (RaftServerImpl.java:setRole(290)) - e8524086-66f7-4ba2-b4e3-52afd3370864@group-C66A738FB9BB: changes role from  FOLLOWER to FOLLOWER at term 2 for candidate:0075b94f-442f-431b-bbbf-ccc5d4b175df
2022-04-21 00:50:23,572 [grpc-default-executor-1] INFO  impl.RoleInfo (RoleInfo.java:shutdownFollowerState(108)) - e8524086-66f7-4ba2-b4e3-52afd3370864: shutdown e8524086-66f7-4ba2-b4e3-52afd3370864@group-C66A738FB9BB-FollowerState
2022-04-21 00:50:23,572 [grpc-default-executor-1] INFO  impl.RoleInfo (RoleInfo.java:updateAndGet(130)) - e8524086-66f7-4ba2-b4e3-52afd3370864: start e8524086-66f7-4ba2-b4e3-52afd3370864@group-C66A738FB9BB-FollowerState
2022-04-21 00:50:23,572 [e8524086-66f7-4ba2-b4e3-52afd3370864@group-C66A738FB9BB-FollowerState] INFO  impl.FollowerState (FollowerState.java:run(143)) - e8524086-66f7-4ba2-b4e3-52afd3370864@group-C66A738FB9BB-FollowerState was interrupted: {}
java.lang.InterruptedException: sleep interrupted
	at java.lang.Thread.sleep(Native Method)
	at java.lang.Thread.sleep(Thread.java:342)
	at java.util.concurrent.TimeUnit.sleep(TimeUnit.java:386)
	at org.apache.ratis.util.TimeDuration.sleep(TimeDuration.java:324)
	at org.apache.ratis.util.TimeDuration.sleep(TimeDuration.java:309)
	at org.apache.ratis.server.impl.FollowerState.run(FollowerState.java:118)
2022-04-21 00:50:23,578 [grpc-default-executor-1] INFO  server.RaftServer$Division (RaftServerImpl.java:requestVote(1078)) - e8524086-66f7-4ba2-b4e3-52afd3370864@group-C66A738FB9BB replies to ELECTION vote request: 0075b94f-442f-431b-bbbf-ccc5d4b175df<-e8524086-66f7-4ba2-b4e3-52afd3370864#0:OK-t2. Peer's state: e8524086-66f7-4ba2-b4e3-52afd3370864@group-C66A738FB9BB:t2, leader=null, voted=0075b94f-442f-431b-bbbf-ccc5d4b175df, raftlog=e8524086-66f7-4ba2-b4e3-52afd3370864@group-C66A738FB9BB-SegmentedRaftLog:OPENED:c-1, conf=-1: [0075b94f-442f-431b-bbbf-ccc5d4b175df|rpc:10.1.0.33:33057|priority:1, c2558997-1fb9-4616-86fd-ed065cf63d6b|rpc:10.1.0.33:33099|priority:0, e8524086-66f7-4ba2-b4e3-52afd3370864|rpc:10.1.0.33:43971|priority:0], old=null
2022-04-21 00:50:23,583 [grpc-default-executor-1] INFO  server.RaftServer$Division (RaftServerImpl.java:requestVote(1046)) - c2558997-1fb9-4616-86fd-ed065cf63d6b@group-C66A738FB9BB: receive requestVote(ELECTION, 0075b94f-442f-431b-bbbf-ccc5d4b175df, group-C66A738FB9BB, 2, (t:0, i:0))
2022-04-21 00:50:23,583 [grpc-default-executor-1] INFO  impl.VoteContext (VoteContext.java:log(48)) - c2558997-1fb9-4616-86fd-ed065cf63d6b@group-C66A738FB9BB-FOLLOWER: accept ELECTION from 0075b94f-442f-431b-bbbf-ccc5d4b175df: our priority 0 <= candidate's priority 1
2022-04-21 00:50:23,583 [grpc-default-executor-1] INFO  server.RaftServer$Division (RaftServerImpl.java:setRole(290)) - c2558997-1fb9-4616-86fd-ed065cf63d6b@group-C66A738FB9BB: changes role from  FOLLOWER to FOLLOWER at term 2 for candidate:0075b94f-442f-431b-bbbf-ccc5d4b175df
2022-04-21 00:50:23,583 [grpc-default-executor-1] INFO  impl.RoleInfo (RoleInfo.java:shutdownFollowerState(108)) - c2558997-1fb9-4616-86fd-ed065cf63d6b: shutdown c2558997-1fb9-4616-86fd-ed065cf63d6b@group-C66A738FB9BB-FollowerState
2022-04-21 00:50:23,583 [grpc-default-executor-1] INFO  impl.RoleInfo (RoleInfo.java:updateAndGet(130)) - c2558997-1fb9-4616-86fd-ed065cf63d6b: start c2558997-1fb9-4616-86fd-ed065cf63d6b@group-C66A738FB9BB-FollowerState
2022-04-21 00:50:23,583 [c2558997-1fb9-4616-86fd-ed065cf63d6b@group-C66A738FB9BB-FollowerState] INFO  impl.FollowerState (FollowerState.java:run(143)) - c2558997-1fb9-4616-86fd-ed065cf63d6b@group-C66A738FB9BB-FollowerState was interrupted: {}
java.lang.InterruptedException: sleep interrupted
	at java.lang.Thread.sleep(Native Method)
	at java.lang.Thread.sleep(Thread.java:342)
	at java.util.concurrent.TimeUnit.sleep(TimeUnit.java:386)
	at org.apache.ratis.util.TimeDuration.sleep(TimeDuration.java:324)
	at org.apache.ratis.util.TimeDuration.sleep(TimeDuration.java:309)
	at org.apache.ratis.server.impl.FollowerState.run(FollowerState.java:118)
2022-04-21 00:50:23,583 [0075b94f-442f-431b-bbbf-ccc5d4b175df@group-C66A738FB9BB-LeaderElection9] INFO  impl.LeaderElection (LeaderElection.java:logAndReturn(89)) - 0075b94f-442f-431b-bbbf-ccc5d4b175df@group-C66A738FB9BB-LeaderElection9: ELECTION PASSED received 1 response(s) and 0 exception(s):
2022-04-21 00:50:23,585 [0075b94f-442f-431b-bbbf-ccc5d4b175df@group-C66A738FB9BB-LeaderElection9] INFO  impl.LeaderElection (LeaderElection.java:logAndReturn(93)) -   Response 0: 0075b94f-442f-431b-bbbf-ccc5d4b175df<-e8524086-66f7-4ba2-b4e3-52afd3370864#0:OK-t2
2022-04-21 00:50:23,585 [0075b94f-442f-431b-bbbf-ccc5d4b175df@group-C66A738FB9BB-LeaderElection9] INFO  impl.LeaderElection (LeaderElection.java:askForVotes(308)) - 0075b94f-442f-431b-bbbf-ccc5d4b175df@group-C66A738FB9BB-LeaderElection9 ELECTION round 0: result PASSED
2022-04-21 00:50:23,585 [0075b94f-442f-431b-bbbf-ccc5d4b175df@group-C66A738FB9BB-LeaderElection9] INFO  impl.RoleInfo (RoleInfo.java:shutdownLeaderElection(121)) - 0075b94f-442f-431b-bbbf-ccc5d4b175df: shutdown 0075b94f-442f-431b-bbbf-ccc5d4b175df@group-C66A738FB9BB-LeaderElection9
2022-04-21 00:50:23,585 [0075b94f-442f-431b-bbbf-ccc5d4b175df@group-C66A738FB9BB-LeaderElection9] INFO  server.RaftServer$Division (RaftServerImpl.java:setRole(290)) - 0075b94f-442f-431b-bbbf-ccc5d4b175df@group-C66A738FB9BB: changes role from CANDIDATE to LEADER at term 2 for changeToLeader
2022-04-21 00:50:23,585 [0075b94f-442f-431b-bbbf-ccc5d4b175df@group-C66A738FB9BB-LeaderElection9] INFO  ratis.XceiverServerRatis (XceiverServerRatis.java:handleLeaderChangedNotification(863)) - Leader change notification received for group: group-C66A738FB9BB with new leaderId: 0075b94f-442f-431b-bbbf-ccc5d4b175df
2022-04-21 00:50:23,585 [0075b94f-442f-431b-bbbf-ccc5d4b175df@group-C66A738FB9BB-LeaderElection9] INFO  server.RaftServer$Division (ServerState.java:setLeader(285)) - 0075b94f-442f-431b-bbbf-ccc5d4b175df@group-C66A738FB9BB: change Leader from null to 0075b94f-442f-431b-bbbf-ccc5d4b175df at term 2 for becomeLeader, leader elected after 9944ms
2022-04-21 00:50:23,585 [0075b94f-442f-431b-bbbf-ccc5d4b175df@group-C66A738FB9BB-LeaderElection9] INFO  server.RaftServerConfigKeys (ConfUtils.java:logGet(44)) - raft.server.staging.catchup.gap = 1000 (default)
2022-04-21 00:50:23,585 [0075b94f-442f-431b-bbbf-ccc5d4b175df@group-C66A738FB9BB-LeaderElection9] INFO  server.RaftServerConfigKeys (ConfUtils.java:logGet(44)) - raft.server.write.element-limit = 1024 (custom)
2022-04-21 00:50:23,586 [0075b94f-442f-431b-bbbf-ccc5d4b175df@group-C66A738FB9BB-LeaderElection9] INFO  server.RaftServerConfigKeys (ConfUtils.java:logGet(44)) - raft.server.write.byte-limit = 1024 M (=1073741824) (custom)
2022-04-21 00:50:23,586 [0075b94f-442f-431b-bbbf-ccc5d4b175df@group-C66A738FB9BB-LeaderElection9] INFO  server.RaftServerConfigKeys (ConfUtils.java:logGet(44)) - raft.server.watch.timeout = 180s (custom)
2022-04-21 00:50:23,586 [0075b94f-442f-431b-bbbf-ccc5d4b175df@group-C66A738FB9BB-LeaderElection9] INFO  server.RaftServerConfigKeys (ConfUtils.java:logGet(44)) - raft.server.watch.timeout.denomination = 1s (default)
2022-04-21 00:50:23,586 [0075b94f-442f-431b-bbbf-ccc5d4b175df@group-C66A738FB9BB-LeaderElection9] INFO  server.RaftServerConfigKeys (ConfUtils.java:logGet(44)) - raft.server.watch.element-limit = 65536 (default)
2022-04-21 00:50:23,586 [0075b94f-442f-431b-bbbf-ccc5d4b175df@group-C66A738FB9BB-LeaderElection9] INFO  server.RaftServerConfigKeys (ConfUtils.java:logGet(44)) - raft.server.write.element-limit = 1024 (custom)
2022-04-21 00:50:23,586 [0075b94f-442f-431b-bbbf-ccc5d4b175df@group-C66A738FB9BB-LeaderElection9] INFO  server.RaftServerConfigKeys (ConfUtils.java:logGet(44)) - raft.server.write.follower.gap.ratio.max = -1.0 (default)
2022-04-21 00:50:23,588 [grpc-default-executor-1] INFO  server.RaftServer$Division (RaftServerImpl.java:requestVote(1078)) - c2558997-1fb9-4616-86fd-ed065cf63d6b@group-C66A738FB9BB replies to ELECTION vote request: 0075b94f-442f-431b-bbbf-ccc5d4b175df<-c2558997-1fb9-4616-86fd-ed065cf63d6b#0:OK-t2. Peer's state: c2558997-1fb9-4616-86fd-ed065cf63d6b@group-C66A738FB9BB:t2, leader=null, voted=0075b94f-442f-431b-bbbf-ccc5d4b175df, raftlog=c2558997-1fb9-4616-86fd-ed065cf63d6b@group-C66A738FB9BB-SegmentedRaftLog:OPENED:c-1, conf=-1: [0075b94f-442f-431b-bbbf-ccc5d4b175df|rpc:10.1.0.33:33057|priority:1, c2558997-1fb9-4616-86fd-ed065cf63d6b|rpc:10.1.0.33:33099|priority:0, e8524086-66f7-4ba2-b4e3-52afd3370864|rpc:10.1.0.33:43971|priority:0], old=null
2022-04-21 00:50:23,590 [EventQueue-PipelineReportForPipelineReportHandler] INFO  pipeline.PipelineManagerImpl (PipelineManagerImpl.java:openPipeline(321)) - Pipeline Pipeline[ Id: 700d3bd8-7476-4c91-8944-c66a738fb9bb, Nodes: c2558997-1fb9-4616-86fd-ed065cf63d6b{ip: 10.1.0.33, host: fv-az184-505.3ow45vhwbzuu5incsxmygykede.cx.internal.cloudapp.net, ports: [REPLICATION=38263, RATIS=33099, RATIS_ADMIN=33099, RATIS_SERVER=33099, STANDALONE=34993], networkLocation: /default-rack, certSerialId: null, persistedOpState: IN_SERVICE, persistedOpStateExpiryEpochSec: 0}0075b94f-442f-431b-bbbf-ccc5d4b175df{ip: 10.1.0.33, host: fv-az184-505.3ow45vhwbzuu5incsxmygykede.cx.internal.cloudapp.net, ports: [REPLICATION=46555, RATIS=33057, RATIS_ADMIN=33057, RATIS_SERVER=33057, STANDALONE=35859], networkLocation: /default-rack, certSerialId: null, persistedOpState: IN_SERVICE, persistedOpStateExpiryEpochSec: 0}e8524086-66f7-4ba2-b4e3-52afd3370864{ip: 10.1.0.33, host: fv-az184-505.3ow45vhwbzuu5incsxmygykede.cx.internal.cloudapp.net, ports: [REPLICATION=35545, RATIS=43971, RATIS_ADMIN=43971, RATIS_SERVER=43971, STANDALONE=46141], networkLocation: /default-rack, certSerialId: null, persistedOpState: IN_SERVICE, persistedOpStateExpiryEpochSec: 0}, ReplicationConfig: RATIS/THREE, State:ALLOCATED, leaderId:0075b94f-442f-431b-bbbf-ccc5d4b175df, CreationTimestamp2022-04-21T00:50:10.760Z[Etc/UTC]] moved to OPEN state
2022-04-21 00:50:23,591 [EventQueue-OpenPipelineForHealthyPipelineSafeModeRule] INFO  safemode.SCMSafeModeManager (HealthyPipelineSafeModeRule.java:process(124)) - SCM in safe mode. Healthy pipelines reported count is 0, required healthy pipeline reported count is 1
2022-04-21 00:50:23,594 [52f37a01-89b5-406d-9bb0-8d12139c3c87@group-8CD5338CD4E2-StateMachineUpdater] INFO  safemode.HealthyPipelineSafeModeRule (HealthyPipelineSafeModeRule.java:initializeRule(152)) - Refreshed total pipeline count is 1, healthy pipeline threshold count is 1
2022-04-21 00:50:23,595 [EventQueue-OpenPipelineForHealthyPipelineSafeModeRule] INFO  safemode.SCMSafeModeManager (HealthyPipelineSafeModeRule.java:process(124)) - SCM in safe mode. Healthy pipelines reported count is 1, required healthy pipeline reported count is 1
2022-04-21 00:50:23,595 [EventQueue-OpenPipelineForHealthyPipelineSafeModeRule] INFO  safemode.SCMSafeModeManager (SCMSafeModeManager.java:validateSafeModeExitRules(204)) - HealthyPipelineSafeModeRule rule is successfully validated
2022-04-21 00:50:23,595 [EventQueue-OpenPipelineForHealthyPipelineSafeModeRule] INFO  safemode.SCMSafeModeManager (SCMSafeModeManager.java:validateSafeModeExitRules(219)) - ScmSafeModeManager, all rules are successfully validated
2022-04-21 00:50:23,595 [EventQueue-OpenPipelineForHealthyPipelineSafeModeRule] INFO  safemode.SCMSafeModeManager (SCMSafeModeManager.java:exitSafeMode(248)) - SCM exiting safe mode.
2022-04-21 00:50:23,595 [EventQueue-OpenPipelineForHealthyPipelineSafeModeRule] WARN  events.EventQueue (EventQueue.java:fireEvent(194)) - No event handler registered for event TypedEvent{payloadType=SafeModeStatus, name='Safe mode status'}
2022-04-21 00:50:23,597 [EventQueue-OpenPipelineForHealthyPipelineSafeModeRule] INFO  ha.SCMContext (SCMContext.java:updateSafeModeStatus(211)) - Update SafeModeStatus from SafeModeStatus{safeModeStatus=true, preCheckPassed=true} to SafeModeStatus{safeModeStatus=false, preCheckPassed=true}.
2022-04-21 00:50:23,597 [EventQueue-OpenPipelineForHealthyPipelineSafeModeRule] INFO  container.ReplicationManager (ReplicationManager.java:notifyStatusChanged(1814)) - Service ReplicationManager transitions to RUNNING.
2022-04-21 00:50:23,599 [0075b94f-442f-431b-bbbf-ccc5d4b175df@group-C66A738FB9BB-LeaderElection9] INFO  server.RaftServerConfigKeys (ConfUtils.java:logGet(44)) - raft.server.log.appender.snapshot.chunk.size.max = 16MB (=16777216) (default)
2022-04-21 00:50:23,599 [0075b94f-442f-431b-bbbf-ccc5d4b175df@group-C66A738FB9BB-LeaderElection9] INFO  server.RaftServerConfigKeys (ConfUtils.java:logGet(44)) - raft.server.log.appender.buffer.byte-limit = 33554432 (custom)
2022-04-21 00:50:23,599 [0075b94f-442f-431b-bbbf-ccc5d4b175df@group-C66A738FB9BB-LeaderElection9] INFO  server.RaftServerConfigKeys (ConfUtils.java:logGet(44)) - raft.server.log.appender.buffer.element-limit = 1 (custom)
2022-04-21 00:50:23,602 [0075b94f-442f-431b-bbbf-ccc5d4b175df@group-C66A738FB9BB-LeaderElection9] INFO  grpc.GrpcConfigKeys (ConfUtils.java:logGet(44)) - raft.grpc.server.leader.outstanding.appends.max = 128 (default)
2022-04-21 00:50:23,602 [0075b94f-442f-431b-bbbf-ccc5d4b175df@group-C66A738FB9BB-LeaderElection9] INFO  server.RaftServerConfigKeys (ConfUtils.java:logGet(44)) - raft.server.rpc.request.timeout = 60s (custom)
2022-04-21 00:50:23,602 [0075b94f-442f-431b-bbbf-ccc5d4b175df@group-C66A738FB9BB-LeaderElection9] INFO  server.RaftServerConfigKeys (ConfUtils.java:logGet(44)) - raft.server.log.appender.install.snapshot.enabled = false (custom)
2022-04-21 00:50:23,606 [0075b94f-442f-431b-bbbf-ccc5d4b175df@group-C66A738FB9BB-LeaderElection9] INFO  server.RaftServerConfigKeys (ConfUtils.java:logGet(44)) - raft.server.log.appender.snapshot.chunk.size.max = 16MB (=16777216) (default)
2022-04-21 00:50:23,607 [0075b94f-442f-431b-bbbf-ccc5d4b175df@group-C66A738FB9BB-LeaderElection9] INFO  server.RaftServerConfigKeys (ConfUtils.java:logGet(44)) - raft.server.log.appender.buffer.byte-limit = 33554432 (custom)
2022-04-21 00:50:23,607 [0075b94f-442f-431b-bbbf-ccc5d4b175df@group-C66A738FB9BB-LeaderElection9] INFO  server.RaftServerConfigKeys (ConfUtils.java:logGet(44)) - raft.server.log.appender.buffer.element-limit = 1 (custom)
2022-04-21 00:50:23,607 [0075b94f-442f-431b-bbbf-ccc5d4b175df@group-C66A738FB9BB-LeaderElection9] INFO  grpc.GrpcConfigKeys (ConfUtils.java:logGet(44)) - raft.grpc.server.leader.outstanding.appends.max = 128 (default)
2022-04-21 00:50:23,607 [0075b94f-442f-431b-bbbf-ccc5d4b175df@group-C66A738FB9BB-LeaderElection9] INFO  server.RaftServerConfigKeys (ConfUtils.java:logGet(44)) - raft.server.rpc.request.timeout = 60s (custom)
2022-04-21 00:50:23,607 [0075b94f-442f-431b-bbbf-ccc5d4b175df@group-C66A738FB9BB-LeaderElection9] INFO  server.RaftServerConfigKeys (ConfUtils.java:logGet(44)) - raft.server.log.appender.install.snapshot.enabled = false (custom)
2022-04-21 00:50:23,608 [0075b94f-442f-431b-bbbf-ccc5d4b175df@group-C66A738FB9BB-LeaderElection9] INFO  impl.RoleInfo (RoleInfo.java:updateAndGet(130)) - 0075b94f-442f-431b-bbbf-ccc5d4b175df: start 0075b94f-442f-431b-bbbf-ccc5d4b175df@group-C66A738FB9BB-LeaderStateImpl
2022-04-21 00:50:23,609 [0075b94f-442f-431b-bbbf-ccc5d4b175df@group-C66A738FB9BB-LeaderElection9] INFO  segmented.SegmentedRaftLogWorker (SegmentedRaftLogWorker.java:startLogSegment(394)) - 0075b94f-442f-431b-bbbf-ccc5d4b175df@group-C66A738FB9BB-SegmentedRaftLogWorker: Starting segment from index:0
2022-04-21 00:50:23,614 [0075b94f-442f-431b-bbbf-ccc5d4b175df@group-C66A738FB9BB-SegmentedRaftLogWorker] INFO  segmented.SegmentedRaftLogWorker (SegmentedRaftLogWorker.java:execute(601)) - 0075b94f-442f-431b-bbbf-ccc5d4b175df@group-C66A738FB9BB-SegmentedRaftLogWorker: created new log segment /home/runner/work/ozone/ozone/hadoop-ozone/integration-test/target/test-dir/MiniOzoneClusterImpl-cb023f66-64b5-4780-bc53-8cd5338cd4e2/datanode-1/data/ratis/700d3bd8-7476-4c91-8944-c66a738fb9bb/current/log_inprogress_0
2022-04-21 00:50:23,614 [0075b94f-442f-431b-bbbf-ccc5d4b175df@group-C66A738FB9BB-LeaderElection9] INFO  server.RaftServer$Division (ServerState.java:setRaftConf(387)) - 0075b94f-442f-431b-bbbf-ccc5d4b175df@group-C66A738FB9BB: set configuration 0: [0075b94f-442f-431b-bbbf-ccc5d4b175df|rpc:10.1.0.33:33057|dataStream:|priority:1, c2558997-1fb9-4616-86fd-ed065cf63d6b|rpc:10.1.0.33:33099|dataStream:|priority:0, e8524086-66f7-4ba2-b4e3-52afd3370864|rpc:10.1.0.33:43971|dataStream:|priority:0], old=null
2022-04-21 00:50:23,631 [grpc-default-executor-1] INFO  ratis.XceiverServerRatis (XceiverServerRatis.java:handleLeaderChangedNotification(863)) - Leader change notification received for group: group-C66A738FB9BB with new leaderId: 0075b94f-442f-431b-bbbf-ccc5d4b175df
2022-04-21 00:50:23,631 [grpc-default-executor-1] INFO  server.RaftServer$Division (ServerState.java:setLeader(285)) - e8524086-66f7-4ba2-b4e3-52afd3370864@group-C66A738FB9BB: change Leader from null to 0075b94f-442f-431b-bbbf-ccc5d4b175df at term 2 for appendEntries, leader elected after 10274ms
2022-04-21 00:50:23,641 [grpc-default-executor-0] INFO  ratis.XceiverServerRatis (XceiverServerRatis.java:handleLeaderChangedNotification(863)) - Leader change notification received for group: group-C66A738FB9BB with new leaderId: 0075b94f-442f-431b-bbbf-ccc5d4b175df
2022-04-21 00:50:23,641 [grpc-default-executor-0] INFO  server.RaftServer$Division (ServerState.java:setLeader(285)) - c2558997-1fb9-4616-86fd-ed065cf63d6b@group-C66A738FB9BB: change Leader from null to 0075b94f-442f-431b-bbbf-ccc5d4b175df at term 2 for appendEntries, leader elected after 9841ms
2022-04-21 00:50:23,649 [grpc-default-executor-0] INFO  server.RaftServer$Division (ServerState.java:setRaftConf(387)) - c2558997-1fb9-4616-86fd-ed065cf63d6b@group-C66A738FB9BB: set configuration 0: [0075b94f-442f-431b-bbbf-ccc5d4b175df|rpc:10.1.0.33:33057|dataStream:|priority:1, c2558997-1fb9-4616-86fd-ed065cf63d6b|rpc:10.1.0.33:33099|dataStream:|priority:0, e8524086-66f7-4ba2-b4e3-52afd3370864|rpc:10.1.0.33:43971|dataStream:|priority:0], old=null
2022-04-21 00:50:23,649 [grpc-default-executor-0] INFO  segmented.SegmentedRaftLogWorker (SegmentedRaftLogWorker.java:startLogSegment(394)) - c2558997-1fb9-4616-86fd-ed065cf63d6b@group-C66A738FB9BB-SegmentedRaftLogWorker: Starting segment from index:0
2022-04-21 00:50:23,651 [c2558997-1fb9-4616-86fd-ed065cf63d6b@group-C66A738FB9BB-SegmentedRaftLogWorker] INFO  segmented.SegmentedRaftLogWorker (SegmentedRaftLogWorker.java:execute(601)) - c2558997-1fb9-4616-86fd-ed065cf63d6b@group-C66A738FB9BB-SegmentedRaftLogWorker: created new log segment /home/runner/work/ozone/ozone/hadoop-ozone/integration-test/target/test-dir/MiniOzoneClusterImpl-cb023f66-64b5-4780-bc53-8cd5338cd4e2/datanode-2/data/ratis/700d3bd8-7476-4c91-8944-c66a738fb9bb/current/log_inprogress_0
2022-04-21 00:50:23,657 [grpc-default-executor-1] INFO  server.RaftServer$Division (ServerState.java:setRaftConf(387)) - e8524086-66f7-4ba2-b4e3-52afd3370864@group-C66A738FB9BB: set configuration 0: [0075b94f-442f-431b-bbbf-ccc5d4b175df|rpc:10.1.0.33:33057|dataStream:|priority:1, c2558997-1fb9-4616-86fd-ed065cf63d6b|rpc:10.1.0.33:33099|dataStream:|priority:0, e8524086-66f7-4ba2-b4e3-52afd3370864|rpc:10.1.0.33:43971|dataStream:|priority:0], old=null
2022-04-21 00:50:23,657 [grpc-default-executor-1] INFO  segmented.SegmentedRaftLogWorker (SegmentedRaftLogWorker.java:startLogSegment(394)) - e8524086-66f7-4ba2-b4e3-52afd3370864@group-C66A738FB9BB-SegmentedRaftLogWorker: Starting segment from index:0
2022-04-21 00:50:23,659 [e8524086-66f7-4ba2-b4e3-52afd3370864@group-C66A738FB9BB-SegmentedRaftLogWorker] INFO  segmented.SegmentedRaftLogWorker (SegmentedRaftLogWorker.java:execute(601)) - e8524086-66f7-4ba2-b4e3-52afd3370864@group-C66A738FB9BB-SegmentedRaftLogWorker: created new log segment /home/runner/work/ozone/ozone/hadoop-ozone/integration-test/target/test-dir/MiniOzoneClusterImpl-cb023f66-64b5-4780-bc53-8cd5338cd4e2/datanode-0/data/ratis/700d3bd8-7476-4c91-8944-c66a738fb9bb/current/log_inprogress_0
2022-04-21 00:50:23,749 [Listener at 127.0.0.1/46539] INFO  ozone.MiniOzoneClusterImpl (MiniOzoneClusterImpl.java:lambda$waitForClusterToBeReady$0(221)) - Nodes are ready. Got 3 of 3 DN Heartbeats.
2022-04-21 00:50:23,749 [Listener at 127.0.0.1/46539] INFO  ozone.MiniOzoneClusterImpl (MiniOzoneClusterImpl.java:lambda$waitForClusterToBeReady$0(224)) - Cluster exits safe mode
2022-04-21 00:50:23,750 [Listener at 127.0.0.1/46539] INFO  ozone.MiniOzoneClusterImpl (MiniOzoneClusterImpl.java:lambda$waitForClusterToBeReady$0(226)) - SCM became leader
2022-04-21 00:50:24,183 [0075b94f-442f-431b-bbbf-ccc5d4b175df@group-2D14661B708F-FollowerState] INFO  impl.FollowerState (FollowerState.java:run(134)) - 0075b94f-442f-431b-bbbf-ccc5d4b175df@group-2D14661B708F-FollowerState: change to CANDIDATE, lastRpcElapsedTime:5045976162ns, electionTimeout:5041ms
2022-04-21 00:50:24,184 [0075b94f-442f-431b-bbbf-ccc5d4b175df@group-2D14661B708F-FollowerState] INFO  impl.RoleInfo (RoleInfo.java:shutdownFollowerState(108)) - 0075b94f-442f-431b-bbbf-ccc5d4b175df: shutdown 0075b94f-442f-431b-bbbf-ccc5d4b175df@group-2D14661B708F-FollowerState
2022-04-21 00:50:24,184 [0075b94f-442f-431b-bbbf-ccc5d4b175df@group-2D14661B708F-FollowerState] INFO  server.RaftServer$Division (RaftServerImpl.java:setRole(290)) - 0075b94f-442f-431b-bbbf-ccc5d4b175df@group-2D14661B708F: changes role from  FOLLOWER to CANDIDATE at term 1 for changeToCandidate
2022-04-21 00:50:24,184 [0075b94f-442f-431b-bbbf-ccc5d4b175df@group-2D14661B708F-FollowerState] INFO  server.RaftServerConfigKeys (ConfUtils.java:logGet(44)) - raft.server.leaderelection.pre-vote = false (custom)
2022-04-21 00:50:24,184 [0075b94f-442f-431b-bbbf-ccc5d4b175df@group-2D14661B708F-FollowerState] INFO  impl.RoleInfo (RoleInfo.java:updateAndGet(130)) - 0075b94f-442f-431b-bbbf-ccc5d4b175df: start 0075b94f-442f-431b-bbbf-ccc5d4b175df@group-2D14661B708F-LeaderElection10
2022-04-21 00:50:24,187 [0075b94f-442f-431b-bbbf-ccc5d4b175df@group-2D14661B708F-LeaderElection10] INFO  impl.LeaderElection (LeaderElection.java:askForVotes(306)) - 0075b94f-442f-431b-bbbf-ccc5d4b175df@group-2D14661B708F-LeaderElection10 ELECTION round 0: submit vote requests at term 2 for -1: [0075b94f-442f-431b-bbbf-ccc5d4b175df|rpc:10.1.0.33:33057|dataStream:|priority:0, c2558997-1fb9-4616-86fd-ed065cf63d6b|rpc:10.1.0.33:33099|dataStream:|priority:1, e8524086-66f7-4ba2-b4e3-52afd3370864|rpc:10.1.0.33:43971|dataStream:|priority:0], old=null
2022-04-21 00:50:24,192 [grpc-default-executor-0] INFO  server.RaftServer$Division (RaftServerImpl.java:requestVote(1046)) - c2558997-1fb9-4616-86fd-ed065cf63d6b@group-2D14661B708F: receive requestVote(ELECTION, 0075b94f-442f-431b-bbbf-ccc5d4b175df, group-2D14661B708F, 2, (t:0, i:0))
2022-04-21 00:50:24,195 [grpc-default-executor-0] INFO  impl.VoteContext (VoteContext.java:log(48)) - c2558997-1fb9-4616-86fd-ed065cf63d6b@group-2D14661B708F-FOLLOWER: reject ELECTION from 0075b94f-442f-431b-bbbf-ccc5d4b175df: our priority 1 > candidate's priority 0
2022-04-21 00:50:24,195 [grpc-default-executor-0] INFO  server.RaftServer$Division (RaftServerImpl.java:setRole(290)) - c2558997-1fb9-4616-86fd-ed065cf63d6b@group-2D14661B708F: changes role from  FOLLOWER to FOLLOWER at term 2 for candidate:0075b94f-442f-431b-bbbf-ccc5d4b175df
2022-04-21 00:50:24,195 [grpc-default-executor-0] INFO  impl.RoleInfo (RoleInfo.java:shutdownFollowerState(108)) - c2558997-1fb9-4616-86fd-ed065cf63d6b: shutdown c2558997-1fb9-4616-86fd-ed065cf63d6b@group-2D14661B708F-FollowerState
2022-04-21 00:50:24,196 [grpc-default-executor-0] INFO  impl.RoleInfo (RoleInfo.java:updateAndGet(130)) - c2558997-1fb9-4616-86fd-ed065cf63d6b: start c2558997-1fb9-4616-86fd-ed065cf63d6b@group-2D14661B708F-FollowerState
2022-04-21 00:50:24,196 [c2558997-1fb9-4616-86fd-ed065cf63d6b@group-2D14661B708F-FollowerState] INFO  impl.FollowerState (FollowerState.java:run(143)) - c2558997-1fb9-4616-86fd-ed065cf63d6b@group-2D14661B708F-FollowerState was interrupted: {}
java.lang.InterruptedException: sleep interrupted
	at java.lang.Thread.sleep(Native Method)
	at java.lang.Thread.sleep(Thread.java:342)
	at java.util.concurrent.TimeUnit.sleep(TimeUnit.java:386)
	at org.apache.ratis.util.TimeDuration.sleep(TimeDuration.java:324)
	at org.apache.ratis.util.TimeDuration.sleep(TimeDuration.java:309)
	at org.apache.ratis.server.impl.FollowerState.run(FollowerState.java:118)
2022-04-21 00:50:24,198 [grpc-default-executor-1] INFO  server.RaftServer$Division (RaftServerImpl.java:requestVote(1046)) - e8524086-66f7-4ba2-b4e3-52afd3370864@group-2D14661B708F: receive requestVote(ELECTION, 0075b94f-442f-431b-bbbf-ccc5d4b175df, group-2D14661B708F, 2, (t:0, i:0))
2022-04-21 00:50:24,205 [Listener at 127.0.0.1/46539] INFO  rpc.RpcClient (RpcClient.java:createVolume(448)) - Creating Volume: volume05028, with user64018 as owner and space quota set to -1 bytes, counts quota set to -1
2022-04-21 00:50:24,200 [grpc-default-executor-0] INFO  server.RaftServer$Division (RaftServerImpl.java:requestVote(1078)) - c2558997-1fb9-4616-86fd-ed065cf63d6b@group-2D14661B708F replies to ELECTION vote request: 0075b94f-442f-431b-bbbf-ccc5d4b175df<-c2558997-1fb9-4616-86fd-ed065cf63d6b#0:FAIL-t2. Peer's state: c2558997-1fb9-4616-86fd-ed065cf63d6b@group-2D14661B708F:t2, leader=null, voted=null, raftlog=c2558997-1fb9-4616-86fd-ed065cf63d6b@group-2D14661B708F-SegmentedRaftLog:OPENED:c-1, conf=-1: [0075b94f-442f-431b-bbbf-ccc5d4b175df|rpc:10.1.0.33:33057|priority:0, c2558997-1fb9-4616-86fd-ed065cf63d6b|rpc:10.1.0.33:33099|priority:1, e8524086-66f7-4ba2-b4e3-52afd3370864|rpc:10.1.0.33:43971|priority:0], old=null
2022-04-21 00:50:24,206 [grpc-default-executor-1] INFO  impl.VoteContext (VoteContext.java:log(48)) - e8524086-66f7-4ba2-b4e3-52afd3370864@group-2D14661B708F-FOLLOWER: accept ELECTION from 0075b94f-442f-431b-bbbf-ccc5d4b175df: our priority 0 <= candidate's priority 0
2022-04-21 00:50:24,207 [grpc-default-executor-1] INFO  server.RaftServer$Division (RaftServerImpl.java:setRole(290)) - e8524086-66f7-4ba2-b4e3-52afd3370864@group-2D14661B708F: changes role from  FOLLOWER to FOLLOWER at term 2 for candidate:0075b94f-442f-431b-bbbf-ccc5d4b175df
2022-04-21 00:50:24,207 [grpc-default-executor-1] INFO  impl.RoleInfo (RoleInfo.java:shutdownFollowerState(108)) - e8524086-66f7-4ba2-b4e3-52afd3370864: shutdown e8524086-66f7-4ba2-b4e3-52afd3370864@group-2D14661B708F-FollowerState
2022-04-21 00:50:24,207 [grpc-default-executor-1] INFO  impl.RoleInfo (RoleInfo.java:updateAndGet(130)) - e8524086-66f7-4ba2-b4e3-52afd3370864: start e8524086-66f7-4ba2-b4e3-52afd3370864@group-2D14661B708F-FollowerState
2022-04-21 00:50:24,207 [e8524086-66f7-4ba2-b4e3-52afd3370864@group-2D14661B708F-FollowerState] INFO  impl.FollowerState (FollowerState.java:run(143)) - e8524086-66f7-4ba2-b4e3-52afd3370864@group-2D14661B708F-FollowerState was interrupted: {}
java.lang.InterruptedException: sleep interrupted
	at java.lang.Thread.sleep(Native Method)
	at java.lang.Thread.sleep(Thread.java:342)
	at java.util.concurrent.TimeUnit.sleep(TimeUnit.java:386)
	at org.apache.ratis.util.TimeDuration.sleep(TimeDuration.java:324)
	at org.apache.ratis.util.TimeDuration.sleep(TimeDuration.java:309)
	at org.apache.ratis.server.impl.FollowerState.run(FollowerState.java:118)
2022-04-21 00:50:24,214 [grpc-default-executor-1] INFO  server.RaftServer$Division (RaftServerImpl.java:requestVote(1078)) - e8524086-66f7-4ba2-b4e3-52afd3370864@group-2D14661B708F replies to ELECTION vote request: 0075b94f-442f-431b-bbbf-ccc5d4b175df<-e8524086-66f7-4ba2-b4e3-52afd3370864#0:OK-t2. Peer's state: e8524086-66f7-4ba2-b4e3-52afd3370864@group-2D14661B708F:t2, leader=null, voted=0075b94f-442f-431b-bbbf-ccc5d4b175df, raftlog=e8524086-66f7-4ba2-b4e3-52afd3370864@group-2D14661B708F-SegmentedRaftLog:OPENED:c-1, conf=-1: [0075b94f-442f-431b-bbbf-ccc5d4b175df|rpc:10.1.0.33:33057|priority:0, c2558997-1fb9-4616-86fd-ed065cf63d6b|rpc:10.1.0.33:33099|priority:1, e8524086-66f7-4ba2-b4e3-52afd3370864|rpc:10.1.0.33:43971|priority:0], old=null
2022-04-21 00:50:24,215 [0075b94f-442f-431b-bbbf-ccc5d4b175df@group-2D14661B708F-LeaderElection10] INFO  impl.LeaderElection (LeaderElection.java:logAndReturn(89)) - 0075b94f-442f-431b-bbbf-ccc5d4b175df@group-2D14661B708F-LeaderElection10: ELECTION REJECTED received 1 response(s) and 0 exception(s):
2022-04-21 00:50:24,215 [0075b94f-442f-431b-bbbf-ccc5d4b175df@group-2D14661B708F-LeaderElection10] INFO  impl.LeaderElection (LeaderElection.java:logAndReturn(93)) -   Response 0: 0075b94f-442f-431b-bbbf-ccc5d4b175df<-c2558997-1fb9-4616-86fd-ed065cf63d6b#0:FAIL-t2
2022-04-21 00:50:24,215 [0075b94f-442f-431b-bbbf-ccc5d4b175df@group-2D14661B708F-LeaderElection10] INFO  impl.LeaderElection (LeaderElection.java:askForVotes(308)) - 0075b94f-442f-431b-bbbf-ccc5d4b175df@group-2D14661B708F-LeaderElection10 ELECTION round 0: result REJECTED
2022-04-21 00:50:24,215 [0075b94f-442f-431b-bbbf-ccc5d4b175df@group-2D14661B708F-LeaderElection10] INFO  server.RaftServer$Division (RaftServerImpl.java:setRole(290)) - 0075b94f-442f-431b-bbbf-ccc5d4b175df@group-2D14661B708F: changes role from CANDIDATE to FOLLOWER at term 2 for REJECTED
2022-04-21 00:50:24,215 [0075b94f-442f-431b-bbbf-ccc5d4b175df@group-2D14661B708F-LeaderElection10] INFO  impl.RoleInfo (RoleInfo.java:shutdownLeaderElection(121)) - 0075b94f-442f-431b-bbbf-ccc5d4b175df: shutdown 0075b94f-442f-431b-bbbf-ccc5d4b175df@group-2D14661B708F-LeaderElection10
2022-04-21 00:50:24,215 [0075b94f-442f-431b-bbbf-ccc5d4b175df@group-2D14661B708F-LeaderElection10] INFO  impl.RoleInfo (RoleInfo.java:updateAndGet(130)) - 0075b94f-442f-431b-bbbf-ccc5d4b175df: start 0075b94f-442f-431b-bbbf-ccc5d4b175df@group-2D14661B708F-FollowerState
2022-04-21 00:50:24,249 [OM StateMachine ApplyTransaction Thread - 0] INFO  volume.OMVolumeCreateRequest (OMVolumeCreateRequest.java:validateAndUpdateCache(195)) - created volume:volume05028 for user:user64018
2022-04-21 00:50:24,274 [Listener at 127.0.0.1/46539] INFO  rpc.RpcClient (RpcClient.java:createBucket(637)) - Creating Bucket: volume05028/bucket86433, with runner as owner and Versioning false and Storage Type set to DISK and Encryption set to false 
2022-04-21 00:50:24,295 [OM StateMachine ApplyTransaction Thread - 0] INFO  bucket.OMBucketCreateRequest (OMBucketCreateRequest.java:validateAndUpdateCache(258)) - created bucket: bucket86433 of layout LEGACY in volume: volume05028
2022-04-21 00:50:24,531 [IPC Server handler 0 on default port 46789] INFO  ha.SequenceIdGenerator (SequenceIdGenerator.java:getNextId(127)) - Allocate a batch for containerId, change lastId from 0 to 1000.
2022-04-21 00:50:24,543 [52f37a01-89b5-406d-9bb0-8d12139c3c87@group-8CD5338CD4E2-StateMachineUpdater] WARN  ha.SequenceIdGenerator (SequenceIdGenerator.java:allocateBatch(235)) - Failed to allocate a batch for localId, expected lastId is 0, actual lastId is 109611004723200000.
2022-04-21 00:50:24,546 [IPC Server handler 0 on default port 46789] INFO  ha.SequenceIdGenerator (SequenceIdGenerator.java:getNextId(127)) - Allocate a batch for localId, change lastId from 109611004723200000 to 109611004723201000.
2022-04-21 00:50:24,653 [Listener at 127.0.0.1/46539] INFO  ozone.TestDirectoryDeletingServiceWithFSO (TestDirectoryDeletingServiceWithFSO.java:assertTableRowCount(305)) - deletedDirectoryTable actual row count=0, expectedCount=0
2022-04-21 00:50:24,653 [Listener at 127.0.0.1/46539] INFO  ozone.TestDirectoryDeletingServiceWithFSO (TestDirectoryDeletingServiceWithFSO.java:assertTableRowCount(305)) - directoryTable actual row count=5, expectedCount=5
2022-04-21 00:50:24,653 [Listener at 127.0.0.1/46539] INFO  ozone.TestDirectoryDeletingServiceWithFSO (TestDirectoryDeletingServiceWithFSO.java:assertTableRowCount(305)) - fileTable actual row count=3, expectedCount=3
00:50:24.679 [IPC Server handler 15 on default port 46539] ERROR OMAudit - user=runner | ip=127.0.0.1 | op=GET_FILE_STATUS {volume=volume05028, bucket=bucket86433, key=rootDir, dataSize=0, replicationConfig=null} | ret=FAILURE
org.apache.hadoop.ozone.om.exceptions.OMException: Unable to get file status: volume: volume05028 bucket: bucket86433 key: rootDir
	at org.apache.hadoop.ozone.om.KeyManagerImpl.getOzoneFileStatusFSO(KeyManagerImpl.java:1345) ~[ozone-manager-1.3.0-SNAPSHOT.jar:?]
	at org.apache.hadoop.ozone.om.KeyManagerImpl.getFileStatus(KeyManagerImpl.java:1208) ~[ozone-manager-1.3.0-SNAPSHOT.jar:?]
	at org.apache.hadoop.ozone.om.OzoneManager.getFileStatus(OzoneManager.java:3001) ~[ozone-manager-1.3.0-SNAPSHOT.jar:?]
	at org.apache.hadoop.ozone.protocolPB.OzoneManagerRequestHandler.getOzoneFileStatus(OzoneManagerRequestHandler.java:670) ~[ozone-manager-1.3.0-SNAPSHOT.jar:?]
	at org.apache.hadoop.ozone.protocolPB.OzoneManagerRequestHandler.handleReadRequest(OzoneManagerRequestHandler.java:201) ~[ozone-manager-1.3.0-SNAPSHOT.jar:?]
	at org.apache.hadoop.ozone.protocolPB.OzoneManagerProtocolServerSideTranslatorPB.submitReadRequestToOM(OzoneManagerProtocolServerSideTranslatorPB.java:213) ~[ozone-manager-1.3.0-SNAPSHOT.jar:?]
	at org.apache.hadoop.ozone.protocolPB.OzoneManagerProtocolServerSideTranslatorPB.processRequest(OzoneManagerProtocolServerSideTranslatorPB.java:174) ~[ozone-manager-1.3.0-SNAPSHOT.jar:?]
	at org.apache.hadoop.hdds.server.OzoneProtocolMessageDispatcher.processRequest(OzoneProtocolMessageDispatcher.java:87) [hdds-server-framework-1.3.0-SNAPSHOT.jar:?]
	at org.apache.hadoop.ozone.protocolPB.OzoneManagerProtocolServerSideTranslatorPB.submitRequest(OzoneManagerProtocolServerSideTranslatorPB.java:146) [ozone-manager-1.3.0-SNAPSHOT.jar:?]
	at org.apache.hadoop.ozone.protocol.proto.OzoneManagerProtocolProtos$OzoneManagerService$2.callBlockingMethod(OzoneManagerProtocolProtos.java) [ozone-interface-client-1.3.0-SNAPSHOT.jar:?]
	at org.apache.hadoop.ipc.ProtobufRpcEngine$Server.processCall(ProtobufRpcEngine.java:466) [hadoop-common-3.3.1.jar:?]
	at org.apache.hadoop.ipc.ProtobufRpcEngine2$Server$ProtoBufRpcInvoker.call(ProtobufRpcEngine2.java:574) [hadoop-common-3.3.1.jar:?]
	at org.apache.hadoop.ipc.ProtobufRpcEngine2$Server$ProtoBufRpcInvoker.call(ProtobufRpcEngine2.java:552) [hadoop-common-3.3.1.jar:?]
	at org.apache.hadoop.ipc.RPC$Server.call(RPC.java:1093) [hadoop-common-3.3.1.jar:?]
	at org.apache.hadoop.ipc.Server$RpcCall.run(Server.java:1035) [hadoop-common-3.3.1.jar:?]
	at org.apache.hadoop.ipc.Server$RpcCall.run(Server.java:963) [hadoop-common-3.3.1.jar:?]
	at java.security.AccessController.doPrivileged(Native Method) ~[?:1.8.0_322]
	at javax.security.auth.Subject.doAs(Subject.java:422) [?:1.8.0_322]
	at org.apache.hadoop.security.UserGroupInformation.doAs(UserGroupInformation.java:1878) [hadoop-common-3.3.1.jar:?]
	at org.apache.hadoop.ipc.Server$Handler.run(Server.java:2966) [hadoop-common-3.3.1.jar:?]
2022-04-21 00:50:24,692 [Listener at 127.0.0.1/46539] INFO  ozone.TestDirectoryDeletingServiceWithFSO (TestDirectoryDeletingServiceWithFSO.java:assertTableRowCount(305)) - deletedDirectoryTable actual row count=1, expectedCount=0
2022-04-21 00:50:25,692 [Listener at 127.0.0.1/46539] INFO  ozone.TestDirectoryDeletingServiceWithFSO (TestDirectoryDeletingServiceWithFSO.java:assertTableRowCount(305)) - deletedDirectoryTable actual row count=1, expectedCount=0
2022-04-21 00:50:26,693 [Listener at 127.0.0.1/46539] INFO  ozone.TestDirectoryDeletingServiceWithFSO (TestDirectoryDeletingServiceWithFSO.java:assertTableRowCount(305)) - deletedDirectoryTable actual row count=3, expectedCount=0
2022-04-21 00:50:27,693 [Listener at 127.0.0.1/46539] INFO  ozone.TestDirectoryDeletingServiceWithFSO (TestDirectoryDeletingServiceWithFSO.java:assertTableRowCount(305)) - deletedDirectoryTable actual row count=2, expectedCount=0
2022-04-21 00:50:28,694 [Listener at 127.0.0.1/46539] INFO  ozone.TestDirectoryDeletingServiceWithFSO (TestDirectoryDeletingServiceWithFSO.java:assertTableRowCount(305)) - deletedDirectoryTable actual row count=0, expectedCount=0
2022-04-21 00:50:28,694 [Listener at 127.0.0.1/46539] INFO  ozone.TestDirectoryDeletingServiceWithFSO (TestDirectoryDeletingServiceWithFSO.java:assertTableRowCount(305)) - fileTable actual row count=0, expectedCount=0
2022-04-21 00:50:28,695 [Listener at 127.0.0.1/46539] INFO  ozone.TestDirectoryDeletingServiceWithFSO (TestDirectoryDeletingServiceWithFSO.java:assertTableRowCount(305)) - directoryTable actual row count=0, expectedCount=0
2022-04-21 00:50:29,201 [c2558997-1fb9-4616-86fd-ed065cf63d6b@group-2D14661B708F-FollowerState] INFO  impl.FollowerState (FollowerState.java:run(134)) - c2558997-1fb9-4616-86fd-ed065cf63d6b@group-2D14661B708F-FollowerState: change to CANDIDATE, lastRpcElapsedTime:5005898420ns, electionTimeout:5002ms
2022-04-21 00:50:29,202 [c2558997-1fb9-4616-86fd-ed065cf63d6b@group-2D14661B708F-FollowerState] INFO  impl.RoleInfo (RoleInfo.java:shutdownFollowerState(108)) - c2558997-1fb9-4616-86fd-ed065cf63d6b: shutdown c2558997-1fb9-4616-86fd-ed065cf63d6b@group-2D14661B708F-FollowerState
2022-04-21 00:50:29,202 [c2558997-1fb9-4616-86fd-ed065cf63d6b@group-2D14661B708F-FollowerState] INFO  server.RaftServer$Division (RaftServerImpl.java:setRole(290)) - c2558997-1fb9-4616-86fd-ed065cf63d6b@group-2D14661B708F: changes role from  FOLLOWER to CANDIDATE at term 2 for changeToCandidate
2022-04-21 00:50:29,202 [c2558997-1fb9-4616-86fd-ed065cf63d6b@group-2D14661B708F-FollowerState] INFO  server.RaftServerConfigKeys (ConfUtils.java:logGet(44)) - raft.server.leaderelection.pre-vote = false (custom)
2022-04-21 00:50:29,202 [c2558997-1fb9-4616-86fd-ed065cf63d6b@group-2D14661B708F-FollowerState] INFO  impl.RoleInfo (RoleInfo.java:updateAndGet(130)) - c2558997-1fb9-4616-86fd-ed065cf63d6b: start c2558997-1fb9-4616-86fd-ed065cf63d6b@group-2D14661B708F-LeaderElection11
2022-04-21 00:50:29,209 [c2558997-1fb9-4616-86fd-ed065cf63d6b@group-2D14661B708F-LeaderElection11] INFO  impl.LeaderElection (LeaderElection.java:askForVotes(306)) - c2558997-1fb9-4616-86fd-ed065cf63d6b@group-2D14661B708F-LeaderElection11 ELECTION round 0: submit vote requests at term 3 for -1: [0075b94f-442f-431b-bbbf-ccc5d4b175df|rpc:10.1.0.33:33057|priority:0, c2558997-1fb9-4616-86fd-ed065cf63d6b|rpc:10.1.0.33:33099|priority:1, e8524086-66f7-4ba2-b4e3-52afd3370864|rpc:10.1.0.33:43971|priority:0], old=null
2022-04-21 00:50:29,221 [grpc-default-executor-1] INFO  server.RaftServer$Division (RaftServerImpl.java:requestVote(1046)) - 0075b94f-442f-431b-bbbf-ccc5d4b175df@group-2D14661B708F: receive requestVote(ELECTION, c2558997-1fb9-4616-86fd-ed065cf63d6b, group-2D14661B708F, 3, (t:0, i:0))
2022-04-21 00:50:29,221 [grpc-default-executor-1] INFO  impl.VoteContext (VoteContext.java:log(48)) - 0075b94f-442f-431b-bbbf-ccc5d4b175df@group-2D14661B708F-FOLLOWER: accept ELECTION from c2558997-1fb9-4616-86fd-ed065cf63d6b: our priority 0 <= candidate's priority 1
2022-04-21 00:50:29,221 [grpc-default-executor-1] INFO  server.RaftServer$Division (RaftServerImpl.java:setRole(290)) - 0075b94f-442f-431b-bbbf-ccc5d4b175df@group-2D14661B708F: changes role from  FOLLOWER to FOLLOWER at term 3 for candidate:c2558997-1fb9-4616-86fd-ed065cf63d6b
2022-04-21 00:50:29,221 [grpc-default-executor-1] INFO  impl.RoleInfo (RoleInfo.java:shutdownFollowerState(108)) - 0075b94f-442f-431b-bbbf-ccc5d4b175df: shutdown 0075b94f-442f-431b-bbbf-ccc5d4b175df@group-2D14661B708F-FollowerState
2022-04-21 00:50:29,221 [grpc-default-executor-1] INFO  impl.RoleInfo (RoleInfo.java:updateAndGet(130)) - 0075b94f-442f-431b-bbbf-ccc5d4b175df: start 0075b94f-442f-431b-bbbf-ccc5d4b175df@group-2D14661B708F-FollowerState
2022-04-21 00:50:29,221 [0075b94f-442f-431b-bbbf-ccc5d4b175df@group-2D14661B708F-FollowerState] INFO  impl.FollowerState (FollowerState.java:run(143)) - 0075b94f-442f-431b-bbbf-ccc5d4b175df@group-2D14661B708F-FollowerState was interrupted: {}
java.lang.InterruptedException: sleep interrupted
	at java.lang.Thread.sleep(Native Method)
	at java.lang.Thread.sleep(Thread.java:342)
	at java.util.concurrent.TimeUnit.sleep(TimeUnit.java:386)
	at org.apache.ratis.util.TimeDuration.sleep(TimeDuration.java:324)
	at org.apache.ratis.util.TimeDuration.sleep(TimeDuration.java:309)
	at org.apache.ratis.server.impl.FollowerState.run(FollowerState.java:118)
2022-04-21 00:50:29,223 [grpc-default-executor-1] INFO  server.RaftServer$Division (RaftServerImpl.java:requestVote(1078)) - 0075b94f-442f-431b-bbbf-ccc5d4b175df@group-2D14661B708F replies to ELECTION vote request: c2558997-1fb9-4616-86fd-ed065cf63d6b<-0075b94f-442f-431b-bbbf-ccc5d4b175df#0:OK-t3. Peer's state: 0075b94f-442f-431b-bbbf-ccc5d4b175df@group-2D14661B708F:t3, leader=null, voted=c2558997-1fb9-4616-86fd-ed065cf63d6b, raftlog=0075b94f-442f-431b-bbbf-ccc5d4b175df@group-2D14661B708F-SegmentedRaftLog:OPENED:c-1, conf=-1: [0075b94f-442f-431b-bbbf-ccc5d4b175df|rpc:10.1.0.33:33057|dataStream:|priority:0, c2558997-1fb9-4616-86fd-ed065cf63d6b|rpc:10.1.0.33:33099|dataStream:|priority:1, e8524086-66f7-4ba2-b4e3-52afd3370864|rpc:10.1.0.33:43971|dataStream:|priority:0], old=null
2022-04-21 00:50:29,225 [c2558997-1fb9-4616-86fd-ed065cf63d6b@group-2D14661B708F-LeaderElection11] INFO  impl.LeaderElection (LeaderElection.java:logAndReturn(89)) - c2558997-1fb9-4616-86fd-ed065cf63d6b@group-2D14661B708F-LeaderElection11: ELECTION PASSED received 1 response(s) and 0 exception(s):
2022-04-21 00:50:29,225 [c2558997-1fb9-4616-86fd-ed065cf63d6b@group-2D14661B708F-LeaderElection11] INFO  impl.LeaderElection (LeaderElection.java:logAndReturn(93)) -   Response 0: c2558997-1fb9-4616-86fd-ed065cf63d6b<-0075b94f-442f-431b-bbbf-ccc5d4b175df#0:OK-t3
2022-04-21 00:50:29,225 [c2558997-1fb9-4616-86fd-ed065cf63d6b@group-2D14661B708F-LeaderElection11] INFO  impl.LeaderElection (LeaderElection.java:askForVotes(308)) - c2558997-1fb9-4616-86fd-ed065cf63d6b@group-2D14661B708F-LeaderElection11 ELECTION round 0: result PASSED
2022-04-21 00:50:29,225 [c2558997-1fb9-4616-86fd-ed065cf63d6b@group-2D14661B708F-LeaderElection11] INFO  impl.RoleInfo (RoleInfo.java:shutdownLeaderElection(121)) - c2558997-1fb9-4616-86fd-ed065cf63d6b: shutdown c2558997-1fb9-4616-86fd-ed065cf63d6b@group-2D14661B708F-LeaderElection11
2022-04-21 00:50:29,226 [c2558997-1fb9-4616-86fd-ed065cf63d6b@group-2D14661B708F-LeaderElection11] INFO  server.RaftServer$Division (RaftServerImpl.java:setRole(290)) - c2558997-1fb9-4616-86fd-ed065cf63d6b@group-2D14661B708F: changes role from CANDIDATE to LEADER at term 3 for changeToLeader
2022-04-21 00:50:29,226 [c2558997-1fb9-4616-86fd-ed065cf63d6b@group-2D14661B708F-LeaderElection11] INFO  ratis.XceiverServerRatis (XceiverServerRatis.java:handleLeaderChangedNotification(863)) - Leader change notification received for group: group-2D14661B708F with new leaderId: c2558997-1fb9-4616-86fd-ed065cf63d6b
2022-04-21 00:50:29,227 [c2558997-1fb9-4616-86fd-ed065cf63d6b@group-2D14661B708F-LeaderElection11] INFO  server.RaftServer$Division (ServerState.java:setLeader(285)) - c2558997-1fb9-4616-86fd-ed065cf63d6b@group-2D14661B708F: change Leader from null to c2558997-1fb9-4616-86fd-ed065cf63d6b at term 3 for becomeLeader, leader elected after 15155ms
2022-04-21 00:50:29,227 [c2558997-1fb9-4616-86fd-ed065cf63d6b@group-2D14661B708F-LeaderElection11] INFO  server.RaftServerConfigKeys (ConfUtils.java:logGet(44)) - raft.server.staging.catchup.gap = 1000 (default)
2022-04-21 00:50:29,227 [c2558997-1fb9-4616-86fd-ed065cf63d6b@group-2D14661B708F-LeaderElection11] INFO  server.RaftServerConfigKeys (ConfUtils.java:logGet(44)) - raft.server.write.element-limit = 1024 (custom)
2022-04-21 00:50:29,227 [c2558997-1fb9-4616-86fd-ed065cf63d6b@group-2D14661B708F-LeaderElection11] INFO  server.RaftServerConfigKeys (ConfUtils.java:logGet(44)) - raft.server.write.byte-limit = 1024 M (=1073741824) (custom)
2022-04-21 00:50:29,227 [c2558997-1fb9-4616-86fd-ed065cf63d6b@group-2D14661B708F-LeaderElection11] INFO  server.RaftServerConfigKeys (ConfUtils.java:logGet(44)) - raft.server.watch.timeout = 180s (custom)
2022-04-21 00:50:29,227 [c2558997-1fb9-4616-86fd-ed065cf63d6b@group-2D14661B708F-LeaderElection11] INFO  server.RaftServerConfigKeys (ConfUtils.java:logGet(44)) - raft.server.watch.timeout.denomination = 1s (default)
2022-04-21 00:50:29,227 [c2558997-1fb9-4616-86fd-ed065cf63d6b@group-2D14661B708F-LeaderElection11] INFO  server.RaftServerConfigKeys (ConfUtils.java:logGet(44)) - raft.server.watch.element-limit = 65536 (default)
2022-04-21 00:50:29,227 [c2558997-1fb9-4616-86fd-ed065cf63d6b@group-2D14661B708F-LeaderElection11] INFO  server.RaftServerConfigKeys (ConfUtils.java:logGet(44)) - raft.server.write.element-limit = 1024 (custom)
2022-04-21 00:50:29,228 [c2558997-1fb9-4616-86fd-ed065cf63d6b@group-2D14661B708F-LeaderElection11] INFO  server.RaftServerConfigKeys (ConfUtils.java:logGet(44)) - raft.server.write.follower.gap.ratio.max = -1.0 (default)
2022-04-21 00:50:29,228 [c2558997-1fb9-4616-86fd-ed065cf63d6b@group-2D14661B708F-LeaderElection11] INFO  server.RaftServerConfigKeys (ConfUtils.java:logGet(44)) - raft.server.log.appender.snapshot.chunk.size.max = 16MB (=16777216) (default)
2022-04-21 00:50:29,228 [c2558997-1fb9-4616-86fd-ed065cf63d6b@group-2D14661B708F-LeaderElection11] INFO  server.RaftServerConfigKeys (ConfUtils.java:logGet(44)) - raft.server.log.appender.buffer.byte-limit = 33554432 (custom)
2022-04-21 00:50:29,228 [c2558997-1fb9-4616-86fd-ed065cf63d6b@group-2D14661B708F-LeaderElection11] INFO  server.RaftServerConfigKeys (ConfUtils.java:logGet(44)) - raft.server.log.appender.buffer.element-limit = 1 (custom)
2022-04-21 00:50:29,228 [c2558997-1fb9-4616-86fd-ed065cf63d6b@group-2D14661B708F-LeaderElection11] INFO  grpc.GrpcConfigKeys (ConfUtils.java:logGet(44)) - raft.grpc.server.leader.outstanding.appends.max = 128 (default)
2022-04-21 00:50:29,228 [c2558997-1fb9-4616-86fd-ed065cf63d6b@group-2D14661B708F-LeaderElection11] INFO  server.RaftServerConfigKeys (ConfUtils.java:logGet(44)) - raft.server.rpc.request.timeout = 60s (custom)
2022-04-21 00:50:29,228 [c2558997-1fb9-4616-86fd-ed065cf63d6b@group-2D14661B708F-LeaderElection11] INFO  server.RaftServerConfigKeys (ConfUtils.java:logGet(44)) - raft.server.log.appender.install.snapshot.enabled = false (custom)
2022-04-21 00:50:29,229 [EventQueue-PipelineReportForPipelineReportHandler] INFO  pipeline.PipelineManagerImpl (PipelineManagerImpl.java:openPipeline(321)) - Pipeline Pipeline[ Id: 99a487ed-a184-4aa2-9aa6-2d14661b708f, Nodes: 0075b94f-442f-431b-bbbf-ccc5d4b175df{ip: 10.1.0.33, host: fv-az184-505.3ow45vhwbzuu5incsxmygykede.cx.internal.cloudapp.net, ports: [REPLICATION=46555, RATIS=33057, RATIS_ADMIN=33057, RATIS_SERVER=33057, STANDALONE=35859], networkLocation: /default-rack, certSerialId: null, persistedOpState: IN_SERVICE, persistedOpStateExpiryEpochSec: 0}c2558997-1fb9-4616-86fd-ed065cf63d6b{ip: 10.1.0.33, host: fv-az184-505.3ow45vhwbzuu5incsxmygykede.cx.internal.cloudapp.net, ports: [REPLICATION=38263, RATIS=33099, RATIS_ADMIN=33099, RATIS_SERVER=33099, STANDALONE=34993], networkLocation: /default-rack, certSerialId: null, persistedOpState: IN_SERVICE, persistedOpStateExpiryEpochSec: 0}e8524086-66f7-4ba2-b4e3-52afd3370864{ip: 10.1.0.33, host: fv-az184-505.3ow45vhwbzuu5incsxmygykede.cx.internal.cloudapp.net, ports: [REPLICATION=35545, RATIS=43971, RATIS_ADMIN=43971, RATIS_SERVER=43971, STANDALONE=46141], networkLocation: /default-rack, certSerialId: null, persistedOpState: IN_SERVICE, persistedOpStateExpiryEpochSec: 0}, ReplicationConfig: RATIS/THREE, State:ALLOCATED, leaderId:c2558997-1fb9-4616-86fd-ed065cf63d6b, CreationTimestamp2022-04-21T00:50:10.766Z[Etc/UTC]] moved to OPEN state
2022-04-21 00:50:29,232 [grpc-default-executor-1] INFO  server.RaftServer$Division (RaftServerImpl.java:requestVote(1046)) - e8524086-66f7-4ba2-b4e3-52afd3370864@group-2D14661B708F: receive requestVote(ELECTION, c2558997-1fb9-4616-86fd-ed065cf63d6b, group-2D14661B708F, 3, (t:0, i:0))
2022-04-21 00:50:29,232 [grpc-default-executor-1] INFO  impl.VoteContext (VoteContext.java:log(48)) - e8524086-66f7-4ba2-b4e3-52afd3370864@group-2D14661B708F-FOLLOWER: accept ELECTION from c2558997-1fb9-4616-86fd-ed065cf63d6b: our priority 0 <= candidate's priority 1
2022-04-21 00:50:29,232 [grpc-default-executor-1] INFO  server.RaftServer$Division (RaftServerImpl.java:setRole(290)) - e8524086-66f7-4ba2-b4e3-52afd3370864@group-2D14661B708F: changes role from  FOLLOWER to FOLLOWER at term 3 for candidate:c2558997-1fb9-4616-86fd-ed065cf63d6b
2022-04-21 00:50:29,232 [grpc-default-executor-1] INFO  impl.RoleInfo (RoleInfo.java:shutdownFollowerState(108)) - e8524086-66f7-4ba2-b4e3-52afd3370864: shutdown e8524086-66f7-4ba2-b4e3-52afd3370864@group-2D14661B708F-FollowerState
2022-04-21 00:50:29,232 [grpc-default-executor-1] INFO  impl.RoleInfo (RoleInfo.java:updateAndGet(130)) - e8524086-66f7-4ba2-b4e3-52afd3370864: start e8524086-66f7-4ba2-b4e3-52afd3370864@group-2D14661B708F-FollowerState
2022-04-21 00:50:29,229 [c2558997-1fb9-4616-86fd-ed065cf63d6b@group-2D14661B708F-LeaderElection11] INFO  server.RaftServerConfigKeys (ConfUtils.java:logGet(44)) - raft.server.log.appender.snapshot.chunk.size.max = 16MB (=16777216) (default)
2022-04-21 00:50:29,232 [e8524086-66f7-4ba2-b4e3-52afd3370864@group-2D14661B708F-FollowerState] INFO  impl.FollowerState (FollowerState.java:run(143)) - e8524086-66f7-4ba2-b4e3-52afd3370864@group-2D14661B708F-FollowerState was interrupted: {}
java.lang.InterruptedException: sleep interrupted
	at java.lang.Thread.sleep(Native Method)
	at java.lang.Thread.sleep(Thread.java:342)
	at java.util.concurrent.TimeUnit.sleep(TimeUnit.java:386)
	at org.apache.ratis.util.TimeDuration.sleep(TimeDuration.java:324)
	at org.apache.ratis.util.TimeDuration.sleep(TimeDuration.java:309)
	at org.apache.ratis.server.impl.FollowerState.run(FollowerState.java:118)
2022-04-21 00:50:29,242 [grpc-default-executor-1] INFO  server.RaftServer$Division (RaftServerImpl.java:requestVote(1078)) - e8524086-66f7-4ba2-b4e3-52afd3370864@group-2D14661B708F replies to ELECTION vote request: c2558997-1fb9-4616-86fd-ed065cf63d6b<-e8524086-66f7-4ba2-b4e3-52afd3370864#0:OK-t3. Peer's state: e8524086-66f7-4ba2-b4e3-52afd3370864@group-2D14661B708F:t3, leader=null, voted=c2558997-1fb9-4616-86fd-ed065cf63d6b, raftlog=e8524086-66f7-4ba2-b4e3-52afd3370864@group-2D14661B708F-SegmentedRaftLog:OPENED:c-1, conf=-1: [0075b94f-442f-431b-bbbf-ccc5d4b175df|rpc:10.1.0.33:33057|priority:0, c2558997-1fb9-4616-86fd-ed065cf63d6b|rpc:10.1.0.33:33099|priority:1, e8524086-66f7-4ba2-b4e3-52afd3370864|rpc:10.1.0.33:43971|priority:0], old=null
2022-04-21 00:50:29,242 [c2558997-1fb9-4616-86fd-ed065cf63d6b@group-2D14661B708F-LeaderElection11] INFO  server.RaftServerConfigKeys (ConfUtils.java:logGet(44)) - raft.server.log.appender.buffer.byte-limit = 33554432 (custom)
2022-04-21 00:50:29,244 [c2558997-1fb9-4616-86fd-ed065cf63d6b@group-2D14661B708F-LeaderElection11] INFO  server.RaftServerConfigKeys (ConfUtils.java:logGet(44)) - raft.server.log.appender.buffer.element-limit = 1 (custom)
2022-04-21 00:50:29,244 [c2558997-1fb9-4616-86fd-ed065cf63d6b@group-2D14661B708F-LeaderElection11] INFO  grpc.GrpcConfigKeys (ConfUtils.java:logGet(44)) - raft.grpc.server.leader.outstanding.appends.max = 128 (default)
2022-04-21 00:50:29,244 [c2558997-1fb9-4616-86fd-ed065cf63d6b@group-2D14661B708F-LeaderElection11] INFO  server.RaftServerConfigKeys (ConfUtils.java:logGet(44)) - raft.server.rpc.request.timeout = 60s (custom)
2022-04-21 00:50:29,244 [c2558997-1fb9-4616-86fd-ed065cf63d6b@group-2D14661B708F-LeaderElection11] INFO  server.RaftServerConfigKeys (ConfUtils.java:logGet(44)) - raft.server.log.appender.install.snapshot.enabled = false (custom)
2022-04-21 00:50:29,245 [c2558997-1fb9-4616-86fd-ed065cf63d6b@group-2D14661B708F-LeaderElection11] INFO  impl.RoleInfo (RoleInfo.java:updateAndGet(130)) - c2558997-1fb9-4616-86fd-ed065cf63d6b: start c2558997-1fb9-4616-86fd-ed065cf63d6b@group-2D14661B708F-LeaderStateImpl
2022-04-21 00:50:29,245 [c2558997-1fb9-4616-86fd-ed065cf63d6b@group-2D14661B708F-LeaderElection11] INFO  segmented.SegmentedRaftLogWorker (SegmentedRaftLogWorker.java:startLogSegment(394)) - c2558997-1fb9-4616-86fd-ed065cf63d6b@group-2D14661B708F-SegmentedRaftLogWorker: Starting segment from index:0
2022-04-21 00:50:29,249 [c2558997-1fb9-4616-86fd-ed065cf63d6b@group-2D14661B708F-SegmentedRaftLogWorker] INFO  segmented.SegmentedRaftLogWorker (SegmentedRaftLogWorker.java:execute(601)) - c2558997-1fb9-4616-86fd-ed065cf63d6b@group-2D14661B708F-SegmentedRaftLogWorker: created new log segment /home/runner/work/ozone/ozone/hadoop-ozone/integration-test/target/test-dir/MiniOzoneClusterImpl-cb023f66-64b5-4780-bc53-8cd5338cd4e2/datanode-2/data/ratis/99a487ed-a184-4aa2-9aa6-2d14661b708f/current/log_inprogress_0
2022-04-21 00:50:29,255 [c2558997-1fb9-4616-86fd-ed065cf63d6b@group-2D14661B708F-LeaderElection11] INFO  server.RaftServer$Division (ServerState.java:setRaftConf(387)) - c2558997-1fb9-4616-86fd-ed065cf63d6b@group-2D14661B708F: set configuration 0: [0075b94f-442f-431b-bbbf-ccc5d4b175df|rpc:10.1.0.33:33057|dataStream:|priority:0, c2558997-1fb9-4616-86fd-ed065cf63d6b|rpc:10.1.0.33:33099|dataStream:|priority:1, e8524086-66f7-4ba2-b4e3-52afd3370864|rpc:10.1.0.33:43971|dataStream:|priority:0], old=null
2022-04-21 00:50:29,260 [grpc-default-executor-1] INFO  ratis.XceiverServerRatis (XceiverServerRatis.java:handleLeaderChangedNotification(863)) - Leader change notification received for group: group-2D14661B708F with new leaderId: c2558997-1fb9-4616-86fd-ed065cf63d6b
2022-04-21 00:50:29,260 [grpc-default-executor-1] INFO  server.RaftServer$Division (ServerState.java:setLeader(285)) - 0075b94f-442f-431b-bbbf-ccc5d4b175df@group-2D14661B708F: change Leader from null to c2558997-1fb9-4616-86fd-ed065cf63d6b at term 3 for appendEntries, leader elected after 15126ms
2022-04-21 00:50:29,262 [grpc-default-executor-2] INFO  ratis.XceiverServerRatis (XceiverServerRatis.java:handleLeaderChangedNotification(863)) - Leader change notification received for group: group-2D14661B708F with new leaderId: c2558997-1fb9-4616-86fd-ed065cf63d6b
2022-04-21 00:50:29,262 [grpc-default-executor-2] INFO  server.RaftServer$Division (ServerState.java:setLeader(285)) - e8524086-66f7-4ba2-b4e3-52afd3370864@group-2D14661B708F: change Leader from null to c2558997-1fb9-4616-86fd-ed065cf63d6b at term 3 for appendEntries, leader elected after 15166ms
2022-04-21 00:50:29,270 [grpc-default-executor-1] INFO  server.RaftServer$Division (ServerState.java:setRaftConf(387)) - 0075b94f-442f-431b-bbbf-ccc5d4b175df@group-2D14661B708F: set configuration 0: [0075b94f-442f-431b-bbbf-ccc5d4b175df|rpc:10.1.0.33:33057|dataStream:|priority:0, c2558997-1fb9-4616-86fd-ed065cf63d6b|rpc:10.1.0.33:33099|dataStream:|priority:1, e8524086-66f7-4ba2-b4e3-52afd3370864|rpc:10.1.0.33:43971|dataStream:|priority:0], old=null
2022-04-21 00:50:29,270 [grpc-default-executor-1] INFO  segmented.SegmentedRaftLogWorker (SegmentedRaftLogWorker.java:startLogSegment(394)) - 0075b94f-442f-431b-bbbf-ccc5d4b175df@group-2D14661B708F-SegmentedRaftLogWorker: Starting segment from index:0
2022-04-21 00:50:29,272 [grpc-default-executor-1] INFO  server.RaftServer$Division (ServerState.java:setRaftConf(387)) - e8524086-66f7-4ba2-b4e3-52afd3370864@group-2D14661B708F: set configuration 0: [0075b94f-442f-431b-bbbf-ccc5d4b175df|rpc:10.1.0.33:33057|dataStream:|priority:0, c2558997-1fb9-4616-86fd-ed065cf63d6b|rpc:10.1.0.33:33099|dataStream:|priority:1, e8524086-66f7-4ba2-b4e3-52afd3370864|rpc:10.1.0.33:43971|dataStream:|priority:0], old=null
2022-04-21 00:50:29,272 [grpc-default-executor-1] INFO  segmented.SegmentedRaftLogWorker (SegmentedRaftLogWorker.java:startLogSegment(394)) - e8524086-66f7-4ba2-b4e3-52afd3370864@group-2D14661B708F-SegmentedRaftLogWorker: Starting segment from index:0
2022-04-21 00:50:29,273 [0075b94f-442f-431b-bbbf-ccc5d4b175df@group-2D14661B708F-SegmentedRaftLogWorker] INFO  segmented.SegmentedRaftLogWorker (SegmentedRaftLogWorker.java:execute(601)) - 0075b94f-442f-431b-bbbf-ccc5d4b175df@group-2D14661B708F-SegmentedRaftLogWorker: created new log segment /home/runner/work/ozone/ozone/hadoop-ozone/integration-test/target/test-dir/MiniOzoneClusterImpl-cb023f66-64b5-4780-bc53-8cd5338cd4e2/datanode-1/data/ratis/99a487ed-a184-4aa2-9aa6-2d14661b708f/current/log_inprogress_0
2022-04-21 00:50:29,274 [e8524086-66f7-4ba2-b4e3-52afd3370864@group-2D14661B708F-SegmentedRaftLogWorker] INFO  segmented.SegmentedRaftLogWorker (SegmentedRaftLogWorker.java:execute(601)) - e8524086-66f7-4ba2-b4e3-52afd3370864@group-2D14661B708F-SegmentedRaftLogWorker: created new log segment /home/runner/work/ozone/ozone/hadoop-ozone/integration-test/target/test-dir/MiniOzoneClusterImpl-cb023f66-64b5-4780-bc53-8cd5338cd4e2/datanode-0/data/ratis/99a487ed-a184-4aa2-9aa6-2d14661b708f/current/log_inprogress_0
]]></system-out>
  </testcase>
  <testcase name="testDeleteFilesAndSubFiles" classname="org.apache.hadoop.fs.ozone.TestDirectoryDeletingServiceWithFSO" time="2.905">
    <system-out><![CDATA[2022-04-21 00:52:28,867 [Listener at 127.0.0.1/46539] INFO  impl.MetricsSystemImpl (MetricsSystemImpl.java:init(158)) - XceiverClientMetrics metrics system started (again)
2022-04-21 00:52:29,666 [Listener at 127.0.0.1/46539] INFO  ozone.TestDirectoryDeletingServiceWithFSO (TestDirectoryDeletingServiceWithFSO.java:assertTableRowCount(305)) - deletedDirectoryTable actual row count=0, expectedCount=0
2022-04-21 00:52:29,666 [Listener at 127.0.0.1/46539] INFO  ozone.TestDirectoryDeletingServiceWithFSO (TestDirectoryDeletingServiceWithFSO.java:assertTableRowCount(305)) - fileTable actual row count=5, expectedCount=5
2022-04-21 00:52:29,667 [Listener at 127.0.0.1/46539] INFO  ozone.TestDirectoryDeletingServiceWithFSO (TestDirectoryDeletingServiceWithFSO.java:assertTableRowCount(305)) - directoryTable actual row count=1, expectedCount=1
2022-04-21 00:52:29,680 [Listener at 127.0.0.1/46539] INFO  ozone.TestDirectoryDeletingServiceWithFSO (TestDirectoryDeletingServiceWithFSO.java:assertTableRowCount(305)) - fileTable actual row count=3, expectedCount=2
2022-04-21 00:52:29,732 [IPC Server handler 14 on default port 46789] INFO  ha.SequenceIdGenerator (SequenceIdGenerator.java:getNextId(127)) - Allocate a batch for delTxnId, change lastId from 0 to 1000.
2022-04-21 00:52:30,681 [Listener at 127.0.0.1/46539] INFO  ozone.TestDirectoryDeletingServiceWithFSO (TestDirectoryDeletingServiceWithFSO.java:assertTableRowCount(305)) - fileTable actual row count=2, expectedCount=2
2022-04-21 00:52:30,681 [Listener at 127.0.0.1/46539] INFO  ozone.TestDirectoryDeletingServiceWithFSO (TestDirectoryDeletingServiceWithFSO.java:assertTableRowCount(305)) - directoryTable actual row count=1, expectedCount=1
2022-04-21 00:52:30,681 [Listener at 127.0.0.1/46539] INFO  ozone.TestDirectoryDeletingServiceWithFSO (TestDirectoryDeletingServiceWithFSO.java:assertTableRowCount(305)) - deletedDirectoryTable actual row count=0, expectedCount=0
2022-04-21 00:52:30,681 [Listener at 127.0.0.1/46539] INFO  ozone.TestDirectoryDeletingServiceWithFSO (TestDirectoryDeletingServiceWithFSO.java:assertTableRowCount(305)) - deletedTable actual row count=0, expectedCount=0
2022-04-21 00:52:30,687 [Listener at 127.0.0.1/46539] INFO  ozone.TestDirectoryDeletingServiceWithFSO (TestDirectoryDeletingServiceWithFSO.java:assertTableRowCount(305)) - fileTable actual row count=2, expectedCount=0
2022-04-21 00:52:31,688 [Listener at 127.0.0.1/46539] INFO  ozone.TestDirectoryDeletingServiceWithFSO (TestDirectoryDeletingServiceWithFSO.java:assertTableRowCount(305)) - fileTable actual row count=0, expectedCount=0
2022-04-21 00:52:31,688 [Listener at 127.0.0.1/46539] INFO  ozone.TestDirectoryDeletingServiceWithFSO (TestDirectoryDeletingServiceWithFSO.java:assertTableRowCount(305)) - directoryTable actual row count=0, expectedCount=0
2022-04-21 00:52:31,689 [Listener at 127.0.0.1/46539] INFO  ozone.TestDirectoryDeletingServiceWithFSO (TestDirectoryDeletingServiceWithFSO.java:assertTableRowCount(305)) - deletedDirectoryTable actual row count=0, expectedCount=0
2022-04-21 00:52:31,689 [Listener at 127.0.0.1/46539] INFO  ozone.TestDirectoryDeletingServiceWithFSO (TestDirectoryDeletingServiceWithFSO.java:assertTableRowCount(305)) - deletedTable actual row count=0, expectedCount=0
]]></system-out>
  </testcase>
  <testcase name="testDeleteWithLargeSubPathsThanBatchSize" classname="org.apache.hadoop.fs.ozone.TestDirectoryDeletingServiceWithFSO" time="25.334">
    <system-out><![CDATA[2022-04-21 00:52:31,980 [Listener at 127.0.0.1/46539] INFO  ozone.TestDirectoryDeletingServiceWithFSO (TestDirectoryDeletingServiceWithFSO.java:assertTableRowCount(305)) - deletedDirectoryTable actual row count=0, expectedCount=0
2022-04-21 00:52:31,980 [Listener at 127.0.0.1/46539] INFO  ozone.TestDirectoryDeletingServiceWithFSO (TestDirectoryDeletingServiceWithFSO.java:assertTableRowCount(305)) - fileTable actual row count=15, expectedCount=15
2022-04-21 00:52:31,981 [Listener at 127.0.0.1/46539] INFO  ozone.TestDirectoryDeletingServiceWithFSO (TestDirectoryDeletingServiceWithFSO.java:assertTableRowCount(305)) - directoryTable actual row count=20, expectedCount=20
00:52:31.985 [IPC Server handler 8 on default port 46539] ERROR OMAudit - user=runner | ip=127.0.0.1 | op=GET_FILE_STATUS {volume=volume05028, bucket=bucket86433, key=rootDir/appRoot, dataSize=0, replicationConfig=null} | ret=FAILURE
org.apache.hadoop.ozone.om.exceptions.OMException: Unable to get file status: volume: volume05028 bucket: bucket86433 key: rootDir/appRoot
	at org.apache.hadoop.ozone.om.KeyManagerImpl.getOzoneFileStatusFSO(KeyManagerImpl.java:1345) ~[ozone-manager-1.3.0-SNAPSHOT.jar:?]
	at org.apache.hadoop.ozone.om.KeyManagerImpl.getFileStatus(KeyManagerImpl.java:1208) ~[ozone-manager-1.3.0-SNAPSHOT.jar:?]
	at org.apache.hadoop.ozone.om.OzoneManager.getFileStatus(OzoneManager.java:3001) ~[ozone-manager-1.3.0-SNAPSHOT.jar:?]
	at org.apache.hadoop.ozone.protocolPB.OzoneManagerRequestHandler.getOzoneFileStatus(OzoneManagerRequestHandler.java:670) ~[ozone-manager-1.3.0-SNAPSHOT.jar:?]
	at org.apache.hadoop.ozone.protocolPB.OzoneManagerRequestHandler.handleReadRequest(OzoneManagerRequestHandler.java:201) ~[ozone-manager-1.3.0-SNAPSHOT.jar:?]
	at org.apache.hadoop.ozone.protocolPB.OzoneManagerProtocolServerSideTranslatorPB.submitReadRequestToOM(OzoneManagerProtocolServerSideTranslatorPB.java:213) ~[ozone-manager-1.3.0-SNAPSHOT.jar:?]
	at org.apache.hadoop.ozone.protocolPB.OzoneManagerProtocolServerSideTranslatorPB.processRequest(OzoneManagerProtocolServerSideTranslatorPB.java:174) ~[ozone-manager-1.3.0-SNAPSHOT.jar:?]
	at org.apache.hadoop.hdds.server.OzoneProtocolMessageDispatcher.processRequest(OzoneProtocolMessageDispatcher.java:87) [hdds-server-framework-1.3.0-SNAPSHOT.jar:?]
	at org.apache.hadoop.ozone.protocolPB.OzoneManagerProtocolServerSideTranslatorPB.submitRequest(OzoneManagerProtocolServerSideTranslatorPB.java:146) [ozone-manager-1.3.0-SNAPSHOT.jar:?]
	at org.apache.hadoop.ozone.protocol.proto.OzoneManagerProtocolProtos$OzoneManagerService$2.callBlockingMethod(OzoneManagerProtocolProtos.java) [ozone-interface-client-1.3.0-SNAPSHOT.jar:?]
	at org.apache.hadoop.ipc.ProtobufRpcEngine$Server.processCall(ProtobufRpcEngine.java:466) [hadoop-common-3.3.1.jar:?]
	at org.apache.hadoop.ipc.ProtobufRpcEngine2$Server$ProtoBufRpcInvoker.call(ProtobufRpcEngine2.java:574) [hadoop-common-3.3.1.jar:?]
	at org.apache.hadoop.ipc.ProtobufRpcEngine2$Server$ProtoBufRpcInvoker.call(ProtobufRpcEngine2.java:552) [hadoop-common-3.3.1.jar:?]
	at org.apache.hadoop.ipc.RPC$Server.call(RPC.java:1093) [hadoop-common-3.3.1.jar:?]
	at org.apache.hadoop.ipc.Server$RpcCall.run(Server.java:1035) [hadoop-common-3.3.1.jar:?]
	at org.apache.hadoop.ipc.Server$RpcCall.run(Server.java:963) [hadoop-common-3.3.1.jar:?]
	at java.security.AccessController.doPrivileged(Native Method) ~[?:1.8.0_322]
	at javax.security.auth.Subject.doAs(Subject.java:422) [?:1.8.0_322]
	at org.apache.hadoop.security.UserGroupInformation.doAs(UserGroupInformation.java:1878) [hadoop-common-3.3.1.jar:?]
	at org.apache.hadoop.ipc.Server$Handler.run(Server.java:2966) [hadoop-common-3.3.1.jar:?]
2022-04-21 00:52:31,987 [Listener at 127.0.0.1/46539] INFO  ozone.TestDirectoryDeletingServiceWithFSO (TestDirectoryDeletingServiceWithFSO.java:assertTableRowCount(305)) - deletedDirectoryTable actual row count=1, expectedCount=0
2022-04-21 00:52:32,988 [Listener at 127.0.0.1/46539] INFO  ozone.TestDirectoryDeletingServiceWithFSO (TestDirectoryDeletingServiceWithFSO.java:assertTableRowCount(305)) - deletedDirectoryTable actual row count=3, expectedCount=0
2022-04-21 00:52:33,988 [Listener at 127.0.0.1/46539] INFO  ozone.TestDirectoryDeletingServiceWithFSO (TestDirectoryDeletingServiceWithFSO.java:assertTableRowCount(305)) - deletedDirectoryTable actual row count=8, expectedCount=0
2022-04-21 00:52:34,989 [Listener at 127.0.0.1/46539] INFO  ozone.TestDirectoryDeletingServiceWithFSO (TestDirectoryDeletingServiceWithFSO.java:assertTableRowCount(305)) - deletedDirectoryTable actual row count=7, expectedCount=0
2022-04-21 00:52:35,989 [Listener at 127.0.0.1/46539] INFO  ozone.TestDirectoryDeletingServiceWithFSO (TestDirectoryDeletingServiceWithFSO.java:assertTableRowCount(305)) - deletedDirectoryTable actual row count=6, expectedCount=0
2022-04-21 00:52:36,990 [Listener at 127.0.0.1/46539] INFO  ozone.TestDirectoryDeletingServiceWithFSO (TestDirectoryDeletingServiceWithFSO.java:assertTableRowCount(305)) - deletedDirectoryTable actual row count=5, expectedCount=0
2022-04-21 00:52:37,991 [Listener at 127.0.0.1/46539] INFO  ozone.TestDirectoryDeletingServiceWithFSO (TestDirectoryDeletingServiceWithFSO.java:assertTableRowCount(305)) - deletedDirectoryTable actual row count=4, expectedCount=0
2022-04-21 00:52:38,991 [Listener at 127.0.0.1/46539] INFO  ozone.TestDirectoryDeletingServiceWithFSO (TestDirectoryDeletingServiceWithFSO.java:assertTableRowCount(305)) - deletedDirectoryTable actual row count=3, expectedCount=0
2022-04-21 00:52:39,992 [Listener at 127.0.0.1/46539] INFO  ozone.TestDirectoryDeletingServiceWithFSO (TestDirectoryDeletingServiceWithFSO.java:assertTableRowCount(305)) - deletedDirectoryTable actual row count=3, expectedCount=0
2022-04-21 00:52:40,993 [Listener at 127.0.0.1/46539] INFO  ozone.TestDirectoryDeletingServiceWithFSO (TestDirectoryDeletingServiceWithFSO.java:assertTableRowCount(305)) - deletedDirectoryTable actual row count=2, expectedCount=0
2022-04-21 00:52:41,993 [Listener at 127.0.0.1/46539] INFO  ozone.TestDirectoryDeletingServiceWithFSO (TestDirectoryDeletingServiceWithFSO.java:assertTableRowCount(305)) - deletedDirectoryTable actual row count=7, expectedCount=0
2022-04-21 00:52:42,994 [Listener at 127.0.0.1/46539] INFO  ozone.TestDirectoryDeletingServiceWithFSO (TestDirectoryDeletingServiceWithFSO.java:assertTableRowCount(305)) - deletedDirectoryTable actual row count=6, expectedCount=0
2022-04-21 00:52:43,994 [Listener at 127.0.0.1/46539] INFO  ozone.TestDirectoryDeletingServiceWithFSO (TestDirectoryDeletingServiceWithFSO.java:assertTableRowCount(305)) - deletedDirectoryTable actual row count=5, expectedCount=0
2022-04-21 00:52:44,995 [Listener at 127.0.0.1/46539] INFO  ozone.TestDirectoryDeletingServiceWithFSO (TestDirectoryDeletingServiceWithFSO.java:assertTableRowCount(305)) - deletedDirectoryTable actual row count=4, expectedCount=0
2022-04-21 00:52:45,996 [Listener at 127.0.0.1/46539] INFO  ozone.TestDirectoryDeletingServiceWithFSO (TestDirectoryDeletingServiceWithFSO.java:assertTableRowCount(305)) - deletedDirectoryTable actual row count=3, expectedCount=0
2022-04-21 00:52:46,996 [Listener at 127.0.0.1/46539] INFO  ozone.TestDirectoryDeletingServiceWithFSO (TestDirectoryDeletingServiceWithFSO.java:assertTableRowCount(305)) - deletedDirectoryTable actual row count=2, expectedCount=0
2022-04-21 00:52:47,997 [Listener at 127.0.0.1/46539] INFO  ozone.TestDirectoryDeletingServiceWithFSO (TestDirectoryDeletingServiceWithFSO.java:assertTableRowCount(305)) - deletedDirectoryTable actual row count=2, expectedCount=0
2022-04-21 00:52:48,997 [Listener at 127.0.0.1/46539] INFO  ozone.TestDirectoryDeletingServiceWithFSO (TestDirectoryDeletingServiceWithFSO.java:assertTableRowCount(305)) - deletedDirectoryTable actual row count=1, expectedCount=0
2022-04-21 00:52:49,998 [Listener at 127.0.0.1/46539] INFO  ozone.TestDirectoryDeletingServiceWithFSO (TestDirectoryDeletingServiceWithFSO.java:assertTableRowCount(305)) - deletedDirectoryTable actual row count=6, expectedCount=0
2022-04-21 00:52:50,999 [Listener at 127.0.0.1/46539] INFO  ozone.TestDirectoryDeletingServiceWithFSO (TestDirectoryDeletingServiceWithFSO.java:assertTableRowCount(305)) - deletedDirectoryTable actual row count=5, expectedCount=0
2022-04-21 00:52:51,999 [Listener at 127.0.0.1/46539] INFO  ozone.TestDirectoryDeletingServiceWithFSO (TestDirectoryDeletingServiceWithFSO.java:assertTableRowCount(305)) - deletedDirectoryTable actual row count=4, expectedCount=0
2022-04-21 00:52:53,000 [Listener at 127.0.0.1/46539] INFO  ozone.TestDirectoryDeletingServiceWithFSO (TestDirectoryDeletingServiceWithFSO.java:assertTableRowCount(305)) - deletedDirectoryTable actual row count=3, expectedCount=0
2022-04-21 00:52:54,001 [Listener at 127.0.0.1/46539] INFO  ozone.TestDirectoryDeletingServiceWithFSO (TestDirectoryDeletingServiceWithFSO.java:assertTableRowCount(305)) - deletedDirectoryTable actual row count=2, expectedCount=0
2022-04-21 00:52:55,001 [Listener at 127.0.0.1/46539] INFO  ozone.TestDirectoryDeletingServiceWithFSO (TestDirectoryDeletingServiceWithFSO.java:assertTableRowCount(305)) - deletedDirectoryTable actual row count=1, expectedCount=0
2022-04-21 00:52:56,002 [Listener at 127.0.0.1/46539] INFO  ozone.TestDirectoryDeletingServiceWithFSO (TestDirectoryDeletingServiceWithFSO.java:assertTableRowCount(305)) - deletedDirectoryTable actual row count=1, expectedCount=0
2022-04-21 00:52:57,002 [Listener at 127.0.0.1/46539] INFO  ozone.TestDirectoryDeletingServiceWithFSO (TestDirectoryDeletingServiceWithFSO.java:assertTableRowCount(305)) - deletedDirectoryTable actual row count=0, expectedCount=0
2022-04-21 00:52:57,003 [Listener at 127.0.0.1/46539] INFO  ozone.TestDirectoryDeletingServiceWithFSO (TestDirectoryDeletingServiceWithFSO.java:assertTableRowCount(305)) - fileTable actual row count=0, expectedCount=0
2022-04-21 00:52:57,003 [Listener at 127.0.0.1/46539] INFO  ozone.TestDirectoryDeletingServiceWithFSO (TestDirectoryDeletingServiceWithFSO.java:assertTableRowCount(305)) - directoryTable actual row count=1, expectedCount=1
]]></system-out>
  </testcase>
</testsuite>