<?xml version="1.0" encoding="UTF-8"?>
<testsuite xmlns:xsi="http://www.w3.org/2001/XMLSchema-instance" xsi:noNamespaceSchemaLocation="https://maven.apache.org/surefire/maven-surefire-plugin/xsd/surefire-test-report.xsd" name="org.apache.hadoop.ozone.om.TestOzoneManagerPrepare" time="145.18" tests="6" errors="1" skipped="1" failures="0">
  <properties>
    <property name="awt.toolkit" value="sun.awt.X11.XToolkit"/>
    <property name="file.encoding.pkg" value="sun.io"/>
    <property name="java.specification.version" value="1.8"/>
    <property name="sun.cpu.isalist" value=""/>
    <property name="sun.jnu.encoding" value="UTF-8"/>
    <property name="java.class.path" value="/home/runner/work/ozone/ozone/hadoop-ozone/integration-test/target/test-classes:/home/runner/work/ozone/ozone/hadoop-ozone/integration-test/target/classes:/home/runner/.m2/repository/org/apache/ozone/ozone-common/1.2.0-SNAPSHOT/ozone-common-1.2.0-SNAPSHOT.jar:/home/runner/.m2/repository/org/apache/commons/commons-compress/1.20/commons-compress-1.20.jar:/home/runner/.m2/repository/org/apache/ozone/hdds-common/1.2.0-SNAPSHOT/hdds-common-1.2.0-SNAPSHOT.jar:/home/runner/.m2/repository/org/apache/ozone/hdds-client/1.2.0-SNAPSHOT/hdds-client-1.2.0-SNAPSHOT.jar:/home/runner/.m2/repository/org/apache/ozone/ozone-interface-client/1.2.0-SNAPSHOT/ozone-interface-client-1.2.0-SNAPSHOT.jar:/home/runner/.m2/repository/org/apache/ozone/hdds-server-framework/1.2.0-SNAPSHOT/hdds-server-framework-1.2.0-SNAPSHOT.jar:/home/runner/.m2/repository/org/apache/ozone/hdds-interface-server/1.2.0-SNAPSHOT/hdds-interface-server-1.2.0-SNAPSHOT.jar:/home/runner/.m2/repository/org/eclipse/jetty/jetty-servlet/9.4.43.v20210629/jetty-servlet-9.4.43.v20210629.jar:/home/runner/.m2/repository/org/eclipse/jetty/jetty-security/9.4.43.v20210629/jetty-security-9.4.43.v20210629.jar:/home/runner/.m2/repository/org/rocksdb/rocksdbjni/6.20.3/rocksdbjni-6.20.3.jar:/home/runner/.m2/repository/io/prometheus/simpleclient_dropwizard/0.7.0/simpleclient_dropwizard-0.7.0.jar:/home/runner/.m2/repository/io/prometheus/simpleclient/0.7.0/simpleclient-0.7.0.jar:/home/runner/.m2/repository/io/prometheus/simpleclient_common/0.7.0/simpleclient_common-0.7.0.jar:/home/runner/.m2/repository/com/fasterxml/jackson/datatype/jackson-datatype-jsr310/2.12.1/jackson-datatype-jsr310-2.12.1.jar:/home/runner/.m2/repository/org/apache/ozone/hdds-test-utils/1.2.0-SNAPSHOT/hdds-test-utils-1.2.0-SNAPSHOT.jar:/home/runner/.m2/repository/com/google/guava/guava/30.1.1-jre/guava-30.1.1-jre.jar:/home/runner/.m2/repository/com/google/guava/failureaccess/1.0.1/failureaccess-1.0.1.jar:/home/runner/.m2/repository/com/google/guava/listenablefuture/9999.0-empty-to-avoid-conflict-with-guava/listenablefuture-9999.0-empty-to-avoid-conflict-with-guava.jar:/home/runner/.m2/repository/com/google/code/findbugs/jsr305/3.0.0/jsr305-3.0.0.jar:/home/runner/.m2/repository/org/checkerframework/checker-qual/3.8.0/checker-qual-3.8.0.jar:/home/runner/.m2/repository/com/google/errorprone/error_prone_annotations/2.2.0/error_prone_annotations-2.2.0.jar:/home/runner/.m2/repository/com/google/j2objc/j2objc-annotations/1.3/j2objc-annotations-1.3.jar:/home/runner/.m2/repository/commons-io/commons-io/2.11.0/commons-io-2.11.0.jar:/home/runner/.m2/repository/commons-logging/commons-logging/1.2/commons-logging-1.2.jar:/home/runner/.m2/repository/log4j/log4j/1.2.17/log4j-1.2.17.jar:/home/runner/.m2/repository/org/slf4j/slf4j-api/1.7.30/slf4j-api-1.7.30.jar:/home/runner/.m2/repository/org/apache/ozone/hdds-server-scm/1.2.0-SNAPSHOT/hdds-server-scm-1.2.0-SNAPSHOT.jar:/home/runner/.m2/repository/org/apache/ozone/hdds-container-service/1.2.0-SNAPSHOT/hdds-container-service-1.2.0-SNAPSHOT.jar:/home/runner/.m2/repository/org/apache/ozone/hdds-hadoop-dependency-server/1.2.0-SNAPSHOT/hdds-hadoop-dependency-server-1.2.0-SNAPSHOT.jar:/home/runner/.m2/repository/org/apache/hadoop/hadoop-hdfs/3.3.1/hadoop-hdfs-3.3.1.jar:/home/runner/.m2/repository/io/dropwizard/metrics/metrics-core/3.2.4/metrics-core-3.2.4.jar:/home/runner/.m2/repository/org/apache/hadoop/hadoop-hdfs-client/3.3.1/hadoop-hdfs-client-3.3.1.jar:/home/runner/.m2/repository/org/bouncycastle/bcprov-jdk15on/1.67/bcprov-jdk15on-1.67.jar:/home/runner/.m2/repository/com/google/protobuf/protobuf-java/2.5.0/protobuf-java-2.5.0.jar:/home/runner/.m2/repository/org/apache/ozone/ozone-manager/1.2.0-SNAPSHOT/ozone-manager-1.2.0-SNAPSHOT.jar:/home/runner/.m2/repository/org/aspectj/aspectjrt/1.9.7/aspectjrt-1.9.7.jar:/home/runner/.m2/repository/org/aspectj/aspectjweaver/1.9.7/aspectjweaver-1.9.7.jar:/home/runner/.m2/repository/org/apache/ozone/hdds-interface-client/1.2.0-SNAPSHOT/hdds-interface-client-1.2.0-SNAPSHOT.jar:/home/runner/.m2/repository/org/apache/hadoop/thirdparty/hadoop-shaded-protobuf_3_7/1.1.1/hadoop-shaded-protobuf_3_7-1.1.1.jar:/home/runner/.m2/repository/org/apache/ozone/ozone-interface-storage/1.2.0-SNAPSHOT/ozone-interface-storage-1.2.0-SNAPSHOT.jar:/home/runner/.m2/repository/org/reflections/reflections/0.9.11/reflections-0.9.11.jar:/home/runner/.m2/repository/org/apache/hadoop/hadoop-minikdc/3.3.1/hadoop-minikdc-3.3.1.jar:/home/runner/.m2/repository/org/apache/kerby/kerb-simplekdc/1.0.1/kerb-simplekdc-1.0.1.jar:/home/runner/.m2/repository/org/apache/kerby/kerb-client/1.0.1/kerb-client-1.0.1.jar:/home/runner/.m2/repository/org/apache/kerby/kerby-config/1.0.1/kerby-config-1.0.1.jar:/home/runner/.m2/repository/org/apache/kerby/kerb-common/1.0.1/kerb-common-1.0.1.jar:/home/runner/.m2/repository/org/apache/kerby/kerb-crypto/1.0.1/kerb-crypto-1.0.1.jar:/home/runner/.m2/repository/org/apache/kerby/kerb-util/1.0.1/kerb-util-1.0.1.jar:/home/runner/.m2/repository/org/apache/kerby/token-provider/1.0.1/token-provider-1.0.1.jar:/home/runner/.m2/repository/org/apache/kerby/kerb-admin/1.0.1/kerb-admin-1.0.1.jar:/home/runner/.m2/repository/org/apache/kerby/kerb-server/1.0.1/kerb-server-1.0.1.jar:/home/runner/.m2/repository/org/apache/kerby/kerb-identity/1.0.1/kerb-identity-1.0.1.jar:/home/runner/.m2/repository/org/apache/kerby/kerby-xdr/1.0.1/kerby-xdr-1.0.1.jar:/home/runner/.m2/repository/org/slf4j/slf4j-log4j12/1.7.30/slf4j-log4j12-1.7.30.jar:/home/runner/.m2/repository/org/apache/ozone/ozone-s3gateway/1.2.0-SNAPSHOT/ozone-s3gateway-1.2.0-SNAPSHOT.jar:/home/runner/.m2/repository/org/javassist/javassist/3.21.0-GA/javassist-3.21.0-GA.jar:/home/runner/.m2/repository/org/jboss/weld/servlet/weld-servlet/2.4.7.Final/weld-servlet-2.4.7.Final.jar:/home/runner/.m2/repository/org/glassfish/jersey/containers/jersey-container-servlet-core/2.33/jersey-container-servlet-core-2.33.jar:/home/runner/.m2/repository/org/glassfish/hk2/external/jakarta.inject/2.6.1/jakarta.inject-2.6.1.jar:/home/runner/.m2/repository/org/glassfish/jersey/core/jersey-common/2.33/jersey-common-2.33.jar:/home/runner/.m2/repository/jakarta/ws/rs/jakarta.ws.rs-api/2.1.6/jakarta.ws.rs-api-2.1.6.jar:/home/runner/.m2/repository/org/glassfish/jersey/ext/cdi/jersey-cdi1x/2.33/jersey-cdi1x-2.33.jar:/home/runner/.m2/repository/org/glassfish/jersey/inject/jersey-hk2/2.33/jersey-hk2-2.33.jar:/home/runner/.m2/repository/org/glassfish/hk2/hk2-locator/2.6.1/hk2-locator-2.6.1.jar:/home/runner/.m2/repository/org/glassfish/jersey/media/jersey-media-jaxb/2.33/jersey-media-jaxb-2.33.jar:/home/runner/.m2/repository/org/glassfish/hk2/osgi-resource-locator/1.0.3/osgi-resource-locator-1.0.3.jar:/home/runner/.m2/repository/org/glassfish/hk2/hk2-api/2.5.0/hk2-api-2.5.0.jar:/home/runner/.m2/repository/org/glassfish/hk2/hk2-utils/2.5.0/hk2-utils-2.5.0.jar:/home/runner/.m2/repository/org/glassfish/hk2/external/aopalliance-repackaged/2.5.0/aopalliance-repackaged-2.5.0.jar:/home/runner/.m2/repository/com/fasterxml/jackson/dataformat/jackson-dataformat-xml/2.12.1/jackson-dataformat-xml-2.12.1.jar:/home/runner/.m2/repository/com/fasterxml/jackson/core/jackson-core/2.12.1/jackson-core-2.12.1.jar:/home/runner/.m2/repository/com/fasterxml/jackson/module/jackson-module-jaxb-annotations/2.12.1/jackson-module-jaxb-annotations-2.12.1.jar:/home/runner/.m2/repository/jakarta/xml/bind/jakarta.xml.bind-api/2.3.2/jakarta.xml.bind-api-2.3.2.jar:/home/runner/.m2/repository/org/codehaus/woodstox/stax2-api/3.1.4/stax2-api-3.1.4.jar:/home/runner/.m2/repository/com/fasterxml/woodstox/woodstox-core/5.0.3/woodstox-core-5.0.3.jar:/home/runner/.m2/repository/javax/enterprise/cdi-api/1.2/cdi-api-1.2.jar:/home/runner/.m2/repository/javax/el/javax.el-api/3.0.0/javax.el-api-3.0.0.jar:/home/runner/.m2/repository/javax/interceptor/javax.interceptor-api/1.2/javax.interceptor-api-1.2.jar:/home/runner/.m2/repository/javax/inject/javax.inject/1/javax.inject-1.jar:/home/runner/.m2/repository/javax/xml/bind/jaxb-api/2.3.0/jaxb-api-2.3.0.jar:/home/runner/.m2/repository/org/glassfish/jaxb/jaxb-runtime/2.3.0.1/jaxb-runtime-2.3.0.1.jar:/home/runner/.m2/repository/org/glassfish/jaxb/jaxb-core/2.3.0.1/jaxb-core-2.3.0.1.jar:/home/runner/.m2/repository/org/glassfish/jaxb/txw2/2.3.0.1/txw2-2.3.0.1.jar:/home/runner/.m2/repository/com/sun/istack/istack-commons-runtime/3.0.5/istack-commons-runtime-3.0.5.jar:/home/runner/.m2/repository/org/jvnet/staxex/stax-ex/1.7.8/stax-ex-1.7.8.jar:/home/runner/.m2/repository/com/sun/xml/fastinfoset/FastInfoset/1.2.13/FastInfoset-1.2.13.jar:/home/runner/.m2/repository/javax/activation/activation/1.1.1/activation-1.1.1.jar:/home/runner/.m2/repository/org/apache/ozone/ozone-csi/1.2.0-SNAPSHOT/ozone-csi-1.2.0-SNAPSHOT.jar:/home/runner/.m2/repository/com/google/protobuf/protobuf-java-util/3.12.0/protobuf-java-util-3.12.0.jar:/home/runner/.m2/repository/com/google/code/gson/gson/2.2.4/gson-2.2.4.jar:/home/runner/.m2/repository/org/apache/ozone/hdds-config/1.2.0-SNAPSHOT/hdds-config-1.2.0-SNAPSHOT.jar:/home/runner/.m2/repository/io/grpc/grpc-netty/1.33.0/grpc-netty-1.33.0.jar:/home/runner/.m2/repository/io/grpc/grpc-core/1.33.0/grpc-core-1.33.0.jar:/home/runner/.m2/repository/com/google/android/annotations/4.1.1.4/annotations-4.1.1.4.jar:/home/runner/.m2/repository/io/netty/netty-codec-http2/4.1.63.Final/netty-codec-http2-4.1.63.Final.jar:/home/runner/.m2/repository/io/netty/netty-codec-http/4.1.63.Final/netty-codec-http-4.1.63.Final.jar:/home/runner/.m2/repository/io/netty/netty-handler-proxy/4.1.63.Final/netty-handler-proxy-4.1.63.Final.jar:/home/runner/.m2/repository/io/netty/netty-codec-socks/4.1.63.Final/netty-codec-socks-4.1.63.Final.jar:/home/runner/.m2/repository/io/perfmark/perfmark-api/0.19.0/perfmark-api-0.19.0.jar:/home/runner/.m2/repository/org/codehaus/mojo/animal-sniffer-annotations/1.18/animal-sniffer-annotations-1.18.jar:/home/runner/.m2/repository/io/netty/netty-transport-native-epoll/4.1.63.Final/netty-transport-native-epoll-4.1.63.Final.jar:/home/runner/.m2/repository/io/netty/netty-common/4.1.63.Final/netty-common-4.1.63.Final.jar:/home/runner/.m2/repository/io/netty/netty-buffer/4.1.63.Final/netty-buffer-4.1.63.Final.jar:/home/runner/.m2/repository/io/netty/netty-transport-native-unix-common/4.1.63.Final/netty-transport-native-unix-common-4.1.63.Final.jar:/home/runner/.m2/repository/io/grpc/grpc-protobuf/1.33.0/grpc-protobuf-1.33.0.jar:/home/runner/.m2/repository/io/grpc/grpc-api/1.33.0/grpc-api-1.33.0.jar:/home/runner/.m2/repository/io/grpc/grpc-context/1.33.0/grpc-context-1.33.0.jar:/home/runner/.m2/repository/com/google/api/grpc/proto-google-common-protos/1.17.0/proto-google-common-protos-1.17.0.jar:/home/runner/.m2/repository/io/grpc/grpc-protobuf-lite/1.33.0/grpc-protobuf-lite-1.33.0.jar:/home/runner/.m2/repository/io/grpc/grpc-stub/1.33.0/grpc-stub-1.33.0.jar:/home/runner/.m2/repository/org/apache/ozone/ozone-recon/1.2.0-SNAPSHOT/ozone-recon-1.2.0-SNAPSHOT.jar:/home/runner/.m2/repository/org/apache/ozone/ozone-reconcodegen/1.2.0-SNAPSHOT/ozone-reconcodegen-1.2.0-SNAPSHOT.jar:/home/runner/.m2/repository/com/google/inject/extensions/guice-multibindings/4.0/guice-multibindings-4.0.jar:/home/runner/.m2/repository/com/google/inject/guice/4.0/guice-4.0.jar:/home/runner/.m2/repository/aopalliance/aopalliance/1.0/aopalliance-1.0.jar:/home/runner/.m2/repository/com/google/inject/extensions/guice-assistedinject/4.0/guice-assistedinject-4.0.jar:/home/runner/.m2/repository/com/google/inject/extensions/guice-servlet/4.0/guice-servlet-4.0.jar:/home/runner/.m2/repository/org/glassfish/jersey/containers/jersey-container-servlet/2.33/jersey-container-servlet-2.33.jar:/home/runner/.m2/repository/org/glassfish/hk2/guice-bridge/2.5.0/guice-bridge-2.5.0.jar:/home/runner/.m2/repository/org/glassfish/jersey/core/jersey-server/2.33/jersey-server-2.33.jar:/home/runner/.m2/repository/org/glassfish/jersey/core/jersey-client/2.33/jersey-client-2.33.jar:/home/runner/.m2/repository/jakarta/annotation/jakarta.annotation-api/1.3.5/jakarta.annotation-api-1.3.5.jar:/home/runner/.m2/repository/jakarta/validation/jakarta.validation-api/2.0.2/jakarta.validation-api-2.0.2.jar:/home/runner/.m2/repository/org/glassfish/jersey/media/jersey-media-json-jackson/2.33/jersey-media-json-jackson-2.33.jar:/home/runner/.m2/repository/org/glassfish/jersey/ext/jersey-entity-filtering/2.33/jersey-entity-filtering-2.33.jar:/home/runner/.m2/repository/org/jooq/jooq/3.11.10/jooq-3.11.10.jar:/home/runner/.m2/repository/org/jooq/jooq-meta/3.11.10/jooq-meta-3.11.10.jar:/home/runner/.m2/repository/org/jooq/jooq-codegen/3.11.10/jooq-codegen-3.11.10.jar:/home/runner/.m2/repository/com/jolbox/bonecp/0.8.0.RELEASE/bonecp-0.8.0.RELEASE.jar:/home/runner/.m2/repository/org/apache/derby/derby/10.14.2.0/derby-10.14.2.0.jar:/home/runner/.m2/repository/org/xerial/sqlite-jdbc/3.25.2/sqlite-jdbc-3.25.2.jar:/home/runner/.m2/repository/org/springframework/spring-jdbc/5.2.11.RELEASE/spring-jdbc-5.2.11.RELEASE.jar:/home/runner/.m2/repository/org/springframework/spring-beans/5.2.11.RELEASE/spring-beans-5.2.11.RELEASE.jar:/home/runner/.m2/repository/org/springframework/spring-core/5.2.11.RELEASE/spring-core-5.2.11.RELEASE.jar:/home/runner/.m2/repository/org/springframework/spring-jcl/5.2.11.RELEASE/spring-jcl-5.2.11.RELEASE.jar:/home/runner/.m2/repository/org/springframework/spring-tx/5.2.11.RELEASE/spring-tx-5.2.11.RELEASE.jar:/home/runner/.m2/repository/org/apache/ozone/ozone-client/1.2.0-SNAPSHOT/ozone-client-1.2.0-SNAPSHOT.jar:/home/runner/.m2/repository/org/apache/ozone/ozone-filesystem/1.2.0-SNAPSHOT/ozone-filesystem-1.2.0-SNAPSHOT.jar:/home/runner/.m2/repository/org/apache/ozone/ozone-filesystem-common/1.2.0-SNAPSHOT/ozone-filesystem-common-1.2.0-SNAPSHOT.jar:/home/runner/.m2/repository/org/apache/ozone/ozone-tools/1.2.0-SNAPSHOT/ozone-tools-1.2.0-SNAPSHOT.jar:/home/runner/.m2/repository/org/apache/ratis/ratis-tools/2.1.0-03f3b68-SNAPSHOT/ratis-tools-2.1.0-03f3b68-SNAPSHOT.jar:/home/runner/.m2/repository/com/amazonaws/aws-java-sdk-core/1.11.901/aws-java-sdk-core-1.11.901.jar:/home/runner/.m2/repository/org/apache/httpcomponents/httpclient/4.5.13/httpclient-4.5.13.jar:/home/runner/.m2/repository/org/apache/httpcomponents/httpcore/4.4.13/httpcore-4.4.13.jar:/home/runner/.m2/repository/software/amazon/ion/ion-java/1.0.2/ion-java-1.0.2.jar:/home/runner/.m2/repository/com/fasterxml/jackson/dataformat/jackson-dataformat-cbor/2.12.1/jackson-dataformat-cbor-2.12.1.jar:/home/runner/.m2/repository/joda-time/joda-time/2.8.1/joda-time-2.8.1.jar:/home/runner/.m2/repository/com/amazonaws/aws-java-sdk-s3/1.11.901/aws-java-sdk-s3-1.11.901.jar:/home/runner/.m2/repository/com/amazonaws/aws-java-sdk-kms/1.11.901/aws-java-sdk-kms-1.11.901.jar:/home/runner/.m2/repository/com/amazonaws/jmespath-java/1.11.901/jmespath-java-1.11.901.jar:/home/runner/.m2/repository/org/kohsuke/metainf-services/metainf-services/1.8/metainf-services-1.8.jar:/home/runner/.m2/repository/org/apache/ozone/hdds-tools/1.2.0-SNAPSHOT/hdds-tools-1.2.0-SNAPSHOT.jar:/home/runner/.m2/repository/commons-cli/commons-cli/1.2/commons-cli-1.2.jar:/home/runner/.m2/repository/org/apache/commons/commons-lang3/3.7/commons-lang3-3.7.jar:/home/runner/.m2/repository/org/apache/ozone/ozone-manager/1.2.0-SNAPSHOT/ozone-manager-1.2.0-SNAPSHOT-tests.jar:/home/runner/.m2/repository/org/apache/ozone/hdds-common/1.2.0-SNAPSHOT/hdds-common-1.2.0-SNAPSHOT-tests.jar:/home/runner/.m2/repository/org/apache/ozone/hdds-hadoop-dependency-client/1.2.0-SNAPSHOT/hdds-hadoop-dependency-client-1.2.0-SNAPSHOT.jar:/home/runner/.m2/repository/info/picocli/picocli/4.6.1/picocli-4.6.1.jar:/home/runner/.m2/repository/com/fasterxml/jackson/core/jackson-annotations/2.12.1/jackson-annotations-2.12.1.jar:/home/runner/.m2/repository/javax/annotation/javax.annotation-api/1.2/javax.annotation-api-1.2.jar:/home/runner/.m2/repository/org/apache/ratis/ratis-server/2.1.0-03f3b68-SNAPSHOT/ratis-server-2.1.0-03f3b68-SNAPSHOT.jar:/home/runner/.m2/repository/org/apache/ratis/ratis-client/2.1.0-03f3b68-SNAPSHOT/ratis-client-2.1.0-03f3b68-SNAPSHOT.jar:/home/runner/.m2/repository/org/apache/ratis/ratis-server-api/2.1.0-03f3b68-SNAPSHOT/ratis-server-api-2.1.0-03f3b68-SNAPSHOT.jar:/home/runner/.m2/repository/org/apache/ratis/ratis-metrics/2.1.0-03f3b68-SNAPSHOT/ratis-metrics-2.1.0-03f3b68-SNAPSHOT.jar:/home/runner/.m2/repository/org/apache/ratis/ratis-netty/2.1.0-03f3b68-SNAPSHOT/ratis-netty-2.1.0-03f3b68-SNAPSHOT.jar:/home/runner/.m2/repository/org/apache/ratis/ratis-grpc/2.1.0-03f3b68-SNAPSHOT/ratis-grpc-2.1.0-03f3b68-SNAPSHOT.jar:/home/runner/.m2/repository/org/apache/logging/log4j/log4j-api/2.13.3/log4j-api-2.13.3.jar:/home/runner/.m2/repository/org/apache/logging/log4j/log4j-core/2.13.3/log4j-core-2.13.3.jar:/home/runner/.m2/repository/com/lmax/disruptor/3.4.2/disruptor-3.4.2.jar:/home/runner/.m2/repository/org/apache/commons/commons-pool2/2.6.0/commons-pool2-2.6.0.jar:/home/runner/.m2/repository/org/bouncycastle/bcpkix-jdk15on/1.67/bcpkix-jdk15on-1.67.jar:/home/runner/.m2/repository/commons-validator/commons-validator/1.6/commons-validator-1.6.jar:/home/runner/.m2/repository/commons-beanutils/commons-beanutils/1.9.4/commons-beanutils-1.9.4.jar:/home/runner/.m2/repository/commons-digester/commons-digester/1.8.1/commons-digester-1.8.1.jar:/home/runner/.m2/repository/commons-collections/commons-collections/3.2.2/commons-collections-3.2.2.jar:/home/runner/.m2/repository/io/jaegertracing/jaeger-client/1.6.0/jaeger-client-1.6.0.jar:/home/runner/.m2/repository/io/jaegertracing/jaeger-thrift/1.6.0/jaeger-thrift-1.6.0.jar:/home/runner/.m2/repository/org/apache/thrift/libthrift/0.14.1/libthrift-0.14.1.jar:/home/runner/.m2/repository/com/squareup/okhttp3/okhttp/4.9.0/okhttp-4.9.0.jar:/home/runner/.m2/repository/com/squareup/okio/okio/2.8.0/okio-2.8.0.jar:/home/runner/.m2/repository/io/jaegertracing/jaeger-core/1.6.0/jaeger-core-1.6.0.jar:/home/runner/.m2/repository/io/jaegertracing/jaeger-tracerresolver/1.6.0/jaeger-tracerresolver-1.6.0.jar:/home/runner/.m2/repository/io/opentracing/contrib/opentracing-tracerresolver/0.1.8/opentracing-tracerresolver-0.1.8.jar:/home/runner/.m2/repository/org/jetbrains/kotlin/kotlin-stdlib/1.4.31/kotlin-stdlib-1.4.31.jar:/home/runner/.m2/repository/org/jetbrains/kotlin/kotlin-stdlib-common/1.4.31/kotlin-stdlib-common-1.4.31.jar:/home/runner/.m2/repository/org/jetbrains/annotations/13.0/annotations-13.0.jar:/home/runner/.m2/repository/io/opentracing/opentracing-util/0.33.0/opentracing-util-0.33.0.jar:/home/runner/.m2/repository/io/opentracing/opentracing-api/0.33.0/opentracing-api-0.33.0.jar:/home/runner/.m2/repository/io/opentracing/opentracing-noop/0.33.0/opentracing-noop-0.33.0.jar:/home/runner/.m2/repository/org/yaml/snakeyaml/1.26/snakeyaml-1.26.jar:/home/runner/.m2/repository/org/apache/ozone/hdds-interface-admin/1.2.0-SNAPSHOT/hdds-interface-admin-1.2.0-SNAPSHOT.jar:/home/runner/.m2/repository/junit/junit/4.13.1/junit-4.13.1.jar:/home/runner/.m2/repository/org/hamcrest/hamcrest-core/1.3/hamcrest-core-1.3.jar:/home/runner/.m2/repository/org/junit/jupiter/junit-jupiter-api/5.7.0/junit-jupiter-api-5.7.0.jar:/home/runner/.m2/repository/org/apiguardian/apiguardian-api/1.1.0/apiguardian-api-1.1.0.jar:/home/runner/.m2/repository/org/opentest4j/opentest4j/1.2.0/opentest4j-1.2.0.jar:/home/runner/.m2/repository/org/junit/platform/junit-platform-commons/1.7.0/junit-platform-commons-1.7.0.jar:/home/runner/.m2/repository/org/junit/jupiter/junit-jupiter-engine/5.7.0/junit-jupiter-engine-5.7.0.jar:/home/runner/.m2/repository/org/junit/platform/junit-platform-engine/1.7.0/junit-platform-engine-1.7.0.jar:/home/runner/.m2/repository/org/junit/vintage/junit-vintage-engine/5.7.0/junit-vintage-engine-5.7.0.jar:/home/runner/.m2/repository/org/junit/platform/junit-platform-launcher/1.7.0/junit-platform-launcher-1.7.0.jar:/home/runner/.m2/repository/org/openjdk/jmh/jmh-core/1.19/jmh-core-1.19.jar:/home/runner/.m2/repository/net/sf/jopt-simple/jopt-simple/4.6/jopt-simple-4.6.jar:/home/runner/.m2/repository/org/apache/commons/commons-math3/3.1.1/commons-math3-3.1.1.jar:/home/runner/.m2/repository/org/openjdk/jmh/jmh-generator-annprocess/1.19/jmh-generator-annprocess-1.19.jar:/home/runner/.m2/repository/org/mockito/mockito-core/2.28.2/mockito-core-2.28.2.jar:/home/runner/.m2/repository/net/bytebuddy/byte-buddy/1.9.10/byte-buddy-1.9.10.jar:/home/runner/.m2/repository/net/bytebuddy/byte-buddy-agent/1.9.10/byte-buddy-agent-1.9.10.jar:/home/runner/.m2/repository/org/objenesis/objenesis/1.0/objenesis-1.0.jar:/home/runner/.m2/repository/org/apache/hadoop/hadoop-kms/3.3.1/hadoop-kms-3.3.1.jar:/home/runner/.m2/repository/org/apache/hadoop/hadoop-auth/3.3.1/hadoop-auth-3.3.1.jar:/home/runner/.m2/repository/com/nimbusds/nimbus-jose-jwt/7.9/nimbus-jose-jwt-7.9.jar:/home/runner/.m2/repository/com/github/stephenc/jcip/jcip-annotations/1.0-1/jcip-annotations-1.0-1.jar:/home/runner/.m2/repository/net/minidev/json-smart/2.3/json-smart-2.3.jar:/home/runner/.m2/repository/net/minidev/accessors-smart/1.2/accessors-smart-1.2.jar:/home/runner/.m2/repository/org/ow2/asm/asm/5.0.4/asm-5.0.4.jar:/home/runner/.m2/repository/org/apache/zookeeper/zookeeper/3.5.6/zookeeper-3.5.6.jar:/home/runner/.m2/repository/org/apache/zookeeper/zookeeper-jute/3.5.6/zookeeper-jute-3.5.6.jar:/home/runner/.m2/repository/org/apache/yetus/audience-annotations/0.5.0/audience-annotations-0.5.0.jar:/home/runner/.m2/repository/org/apache/curator/curator-framework/4.2.0/curator-framework-4.2.0.jar:/home/runner/.m2/repository/org/apache/hadoop/thirdparty/hadoop-shaded-guava/1.1.1/hadoop-shaded-guava-1.1.1.jar:/home/runner/.m2/repository/com/sun/jersey/jersey-core/1.19/jersey-core-1.19.jar:/home/runner/.m2/repository/javax/ws/rs/jsr311-api/1.1.1/jsr311-api-1.1.1.jar:/home/runner/.m2/repository/com/sun/jersey/jersey-server/1.19/jersey-server-1.19.jar:/home/runner/.m2/repository/javax/servlet/javax.servlet-api/3.1.0/javax.servlet-api-3.1.0.jar:/home/runner/.m2/repository/org/eclipse/jetty/jetty-server/9.4.43.v20210629/jetty-server-9.4.43.v20210629.jar:/home/runner/.m2/repository/org/eclipse/jetty/jetty-http/9.4.43.v20210629/jetty-http-9.4.43.v20210629.jar:/home/runner/.m2/repository/org/eclipse/jetty/jetty-io/9.4.43.v20210629/jetty-io-9.4.43.v20210629.jar:/home/runner/.m2/repository/org/eclipse/jetty/jetty-webapp/9.4.43.v20210629/jetty-webapp-9.4.43.v20210629.jar:/home/runner/.m2/repository/org/eclipse/jetty/jetty-xml/9.4.43.v20210629/jetty-xml-9.4.43.v20210629.jar:/home/runner/.m2/repository/org/apache/hadoop/hadoop-common/3.3.1/hadoop-common-3.3.1.jar:/home/runner/.m2/repository/commons-net/commons-net/3.6/commons-net-3.6.jar:/home/runner/.m2/repository/jakarta/activation/jakarta.activation-api/1.2.1/jakarta.activation-api-1.2.1.jar:/home/runner/.m2/repository/com/sun/jersey/jersey-servlet/1.19/jersey-servlet-1.19.jar:/home/runner/.m2/repository/com/sun/jersey/jersey-json/1.19/jersey-json-1.19.jar:/home/runner/.m2/repository/org/codehaus/jettison/jettison/1.1/jettison-1.1.jar:/home/runner/.m2/repository/com/sun/xml/bind/jaxb-impl/2.2.3-1/jaxb-impl-2.2.3-1.jar:/home/runner/.m2/repository/org/codehaus/jackson/jackson-jaxrs/1.9.2/jackson-jaxrs-1.9.2.jar:/home/runner/.m2/repository/org/codehaus/jackson/jackson-xc/1.9.2/jackson-xc-1.9.2.jar:/home/runner/.m2/repository/org/apache/commons/commons-configuration2/2.1.1/commons-configuration2-2.1.1.jar:/home/runner/.m2/repository/org/apache/commons/commons-text/1.4/commons-text-1.4.jar:/home/runner/.m2/repository/com/google/re2j/re2j/1.1/re2j-1.1.jar:/home/runner/.m2/repository/com/jcraft/jsch/0.1.54/jsch-0.1.54.jar:/home/runner/.m2/repository/org/apache/curator/curator-client/4.2.0/curator-client-4.2.0.jar:/home/runner/.m2/repository/org/apache/curator/curator-recipes/4.2.0/curator-recipes-4.2.0.jar:/home/runner/.m2/repository/org/apache/kerby/kerb-core/1.0.1/kerb-core-1.0.1.jar:/home/runner/.m2/repository/org/apache/kerby/kerby-pkix/1.0.1/kerby-pkix-1.0.1.jar:/home/runner/.m2/repository/org/apache/kerby/kerby-asn1/1.0.1/kerby-asn1-1.0.1.jar:/home/runner/.m2/repository/org/apache/kerby/kerby-util/1.0.1/kerby-util-1.0.1.jar:/home/runner/.m2/repository/dnsjava/dnsjava/2.1.7/dnsjava-2.1.7.jar:/home/runner/.m2/repository/org/xerial/snappy/snappy-java/1.1.8.2/snappy-java-1.1.8.2.jar:/home/runner/.m2/repository/org/slf4j/jul-to-slf4j/1.7.30/jul-to-slf4j-1.7.30.jar:/home/runner/.m2/repository/org/eclipse/jetty/jetty-util/9.4.43.v20210629/jetty-util-9.4.43.v20210629.jar:/home/runner/.m2/repository/com/fasterxml/jackson/core/jackson-databind/2.12.1/jackson-databind-2.12.1.jar:/home/runner/.m2/repository/org/apache/hadoop/hadoop-kms/3.3.1/hadoop-kms-3.3.1-tests.jar:/home/runner/.m2/repository/org/apache/ozone/hdds-server-scm/1.2.0-SNAPSHOT/hdds-server-scm-1.2.0-SNAPSHOT-tests.jar:/home/runner/.m2/repository/org/apache/ozone/hdds-container-service/1.2.0-SNAPSHOT/hdds-container-service-1.2.0-SNAPSHOT-tests.jar:/home/runner/.m2/repository/commons-codec/commons-codec/1.11/commons-codec-1.11.jar:/home/runner/.m2/repository/io/netty/netty-transport/4.1.63.Final/netty-transport-4.1.63.Final.jar:/home/runner/.m2/repository/io/netty/netty-resolver/4.1.63.Final/netty-resolver-4.1.63.Final.jar:/home/runner/.m2/repository/io/netty/netty-codec/4.1.63.Final/netty-codec-4.1.63.Final.jar:/home/runner/.m2/repository/io/netty/netty-handler/4.1.63.Final/netty-handler-4.1.63.Final.jar:/home/runner/.m2/repository/org/apache/ozone/hdds-hadoop-dependency-test/1.2.0-SNAPSHOT/hdds-hadoop-dependency-test-1.2.0-SNAPSHOT.jar:/home/runner/.m2/repository/org/apache/hadoop/hadoop-common/3.3.1/hadoop-common-3.3.1-tests.jar:/home/runner/.m2/repository/org/assertj/assertj-core/3.12.2/assertj-core-3.12.2.jar:/home/runner/.m2/repository/org/apache/hadoop/hadoop-hdfs/3.3.1/hadoop-hdfs-3.3.1-tests.jar:/home/runner/.m2/repository/org/eclipse/jetty/jetty-util-ajax/9.4.43.v20210629/jetty-util-ajax-9.4.43.v20210629.jar:/home/runner/.m2/repository/commons-daemon/commons-daemon/1.0.13/commons-daemon-1.0.13.jar:/home/runner/.m2/repository/io/netty/netty/3.10.6.Final/netty-3.10.6.Final.jar:/home/runner/.m2/repository/io/netty/netty-all/4.1.63.Final/netty-all-4.1.63.Final.jar:/home/runner/.m2/repository/org/apache/htrace/htrace-core4/4.1.0-incubating/htrace-core4-4.1.0-incubating.jar:/home/runner/.m2/repository/org/fusesource/leveldbjni/leveldbjni-all/1.8/leveldbjni-all-1.8.jar:/home/runner/.m2/repository/org/apache/hadoop/hadoop-distcp/3.3.1/hadoop-distcp-3.3.1.jar:/home/runner/.m2/repository/org/apache/hadoop/hadoop-mapreduce-client-jobclient/3.3.1/hadoop-mapreduce-client-jobclient-3.3.1.jar:/home/runner/.m2/repository/org/apache/hadoop/hadoop-mapreduce-client-common/3.3.1/hadoop-mapreduce-client-common-3.3.1.jar:/home/runner/.m2/repository/org/apache/hadoop/hadoop-yarn-common/3.3.1/hadoop-yarn-common-3.3.1.jar:/home/runner/.m2/repository/org/apache/hadoop/hadoop-yarn-api/3.3.1/hadoop-yarn-api-3.3.1.jar:/home/runner/.m2/repository/com/sun/jersey/jersey-client/1.19/jersey-client-1.19.jar:/home/runner/.m2/repository/com/sun/jersey/contribs/jersey-guice/1.19/jersey-guice-1.19.jar:/home/runner/.m2/repository/com/fasterxml/jackson/jaxrs/jackson-jaxrs-json-provider/2.12.1/jackson-jaxrs-json-provider-2.12.1.jar:/home/runner/.m2/repository/com/fasterxml/jackson/jaxrs/jackson-jaxrs-base/2.12.1/jackson-jaxrs-base-2.12.1.jar:/home/runner/.m2/repository/org/apache/hadoop/hadoop-yarn-client/3.3.1/hadoop-yarn-client-3.3.1.jar:/home/runner/.m2/repository/org/eclipse/jetty/websocket/websocket-client/9.4.40.v20210413/websocket-client-9.4.40.v20210413.jar:/home/runner/.m2/repository/org/eclipse/jetty/jetty-client/9.4.40.v20210413/jetty-client-9.4.40.v20210413.jar:/home/runner/.m2/repository/org/eclipse/jetty/websocket/websocket-common/9.4.40.v20210413/websocket-common-9.4.40.v20210413.jar:/home/runner/.m2/repository/org/eclipse/jetty/websocket/websocket-api/9.4.40.v20210413/websocket-api-9.4.40.v20210413.jar:/home/runner/.m2/repository/org/jline/jline/3.9.0/jline-3.9.0.jar:/home/runner/.m2/repository/org/apache/hadoop/hadoop-mapreduce-client-core/3.3.1/hadoop-mapreduce-client-core-3.3.1.jar:/home/runner/.m2/repository/org/apache/avro/avro/1.7.7/avro-1.7.7.jar:/home/runner/.m2/repository/org/codehaus/jackson/jackson-core-asl/1.9.13/jackson-core-asl-1.9.13.jar:/home/runner/.m2/repository/org/codehaus/jackson/jackson-mapper-asl/1.9.13/jackson-mapper-asl-1.9.13.jar:/home/runner/.m2/repository/com/thoughtworks/paranamer/paranamer/2.3/paranamer-2.3.jar:/home/runner/.m2/repository/org/apache/hadoop/hadoop-annotations/3.3.1/hadoop-annotations-3.3.1.jar:/usr/lib/jvm/adoptopenjdk-8-hotspot-amd64/jre/../lib/tools.jar:/home/runner/.m2/repository/org/apache/hadoop/hadoop-distcp/3.3.1/hadoop-distcp-3.3.1-tests.jar:/home/runner/.m2/repository/org/apache/ratis/ratis-common/2.1.0-03f3b68-SNAPSHOT/ratis-common-2.1.0-03f3b68-SNAPSHOT.jar:/home/runner/.m2/repository/org/apache/ratis/ratis-thirdparty-misc/0.7.0/ratis-thirdparty-misc-0.7.0.jar:/home/runner/.m2/repository/org/apache/ratis/ratis-proto/2.1.0-03f3b68-SNAPSHOT/ratis-proto-2.1.0-03f3b68-SNAPSHOT.jar:"/>
    <property name="java.vm.vendor" value="AdoptOpenJDK"/>
    <property name="sun.arch.data.model" value="64"/>
    <property name="test.build.dir" value="/home/runner/work/ozone/ozone/hadoop-ozone/integration-test/target/test-dir"/>
    <property name="test.cache.data" value=""/>
    <property name="java.vendor.url" value="https://adoptopenjdk.net/"/>
    <property name="user.timezone" value=""/>
    <property name="java.vm.specification.version" value="1.8"/>
    <property name="os.name" value="Linux"/>
    <property name="test.build.data" value="/home/runner/work/ozone/ozone/hadoop-ozone/integration-test/target/test-dir"/>
    <property name="sun.java.launcher" value="SUN_STANDARD"/>
    <property name="sun.boot.library.path" value="/usr/lib/jvm/adoptopenjdk-8-hotspot-amd64/jre/lib/amd64"/>
    <property name="sun.java.command" value="/home/runner/work/ozone/ozone/hadoop-ozone/integration-test/target/surefire/surefirebooter1340044738309707242.jar /home/runner/work/ozone/ozone/hadoop-ozone/integration-test/target/surefire 2021-10-06T12-49-23_777-jvmRun1 surefire5287589556204837587tmp surefire_268887654170232509416tmp"/>
    <property name="surefire.test.class.path" value="/home/runner/work/ozone/ozone/hadoop-ozone/integration-test/target/test-classes:/home/runner/work/ozone/ozone/hadoop-ozone/integration-test/target/classes:/home/runner/.m2/repository/org/apache/ozone/ozone-common/1.2.0-SNAPSHOT/ozone-common-1.2.0-SNAPSHOT.jar:/home/runner/.m2/repository/org/apache/commons/commons-compress/1.20/commons-compress-1.20.jar:/home/runner/.m2/repository/org/apache/ozone/hdds-common/1.2.0-SNAPSHOT/hdds-common-1.2.0-SNAPSHOT.jar:/home/runner/.m2/repository/org/apache/ozone/hdds-client/1.2.0-SNAPSHOT/hdds-client-1.2.0-SNAPSHOT.jar:/home/runner/.m2/repository/org/apache/ozone/ozone-interface-client/1.2.0-SNAPSHOT/ozone-interface-client-1.2.0-SNAPSHOT.jar:/home/runner/.m2/repository/org/apache/ozone/hdds-server-framework/1.2.0-SNAPSHOT/hdds-server-framework-1.2.0-SNAPSHOT.jar:/home/runner/.m2/repository/org/apache/ozone/hdds-interface-server/1.2.0-SNAPSHOT/hdds-interface-server-1.2.0-SNAPSHOT.jar:/home/runner/.m2/repository/org/eclipse/jetty/jetty-servlet/9.4.43.v20210629/jetty-servlet-9.4.43.v20210629.jar:/home/runner/.m2/repository/org/eclipse/jetty/jetty-security/9.4.43.v20210629/jetty-security-9.4.43.v20210629.jar:/home/runner/.m2/repository/org/rocksdb/rocksdbjni/6.20.3/rocksdbjni-6.20.3.jar:/home/runner/.m2/repository/io/prometheus/simpleclient_dropwizard/0.7.0/simpleclient_dropwizard-0.7.0.jar:/home/runner/.m2/repository/io/prometheus/simpleclient/0.7.0/simpleclient-0.7.0.jar:/home/runner/.m2/repository/io/prometheus/simpleclient_common/0.7.0/simpleclient_common-0.7.0.jar:/home/runner/.m2/repository/com/fasterxml/jackson/datatype/jackson-datatype-jsr310/2.12.1/jackson-datatype-jsr310-2.12.1.jar:/home/runner/.m2/repository/org/apache/ozone/hdds-test-utils/1.2.0-SNAPSHOT/hdds-test-utils-1.2.0-SNAPSHOT.jar:/home/runner/.m2/repository/com/google/guava/guava/30.1.1-jre/guava-30.1.1-jre.jar:/home/runner/.m2/repository/com/google/guava/failureaccess/1.0.1/failureaccess-1.0.1.jar:/home/runner/.m2/repository/com/google/guava/listenablefuture/9999.0-empty-to-avoid-conflict-with-guava/listenablefuture-9999.0-empty-to-avoid-conflict-with-guava.jar:/home/runner/.m2/repository/com/google/code/findbugs/jsr305/3.0.0/jsr305-3.0.0.jar:/home/runner/.m2/repository/org/checkerframework/checker-qual/3.8.0/checker-qual-3.8.0.jar:/home/runner/.m2/repository/com/google/errorprone/error_prone_annotations/2.2.0/error_prone_annotations-2.2.0.jar:/home/runner/.m2/repository/com/google/j2objc/j2objc-annotations/1.3/j2objc-annotations-1.3.jar:/home/runner/.m2/repository/commons-io/commons-io/2.11.0/commons-io-2.11.0.jar:/home/runner/.m2/repository/commons-logging/commons-logging/1.2/commons-logging-1.2.jar:/home/runner/.m2/repository/log4j/log4j/1.2.17/log4j-1.2.17.jar:/home/runner/.m2/repository/org/slf4j/slf4j-api/1.7.30/slf4j-api-1.7.30.jar:/home/runner/.m2/repository/org/apache/ozone/hdds-server-scm/1.2.0-SNAPSHOT/hdds-server-scm-1.2.0-SNAPSHOT.jar:/home/runner/.m2/repository/org/apache/ozone/hdds-container-service/1.2.0-SNAPSHOT/hdds-container-service-1.2.0-SNAPSHOT.jar:/home/runner/.m2/repository/org/apache/ozone/hdds-hadoop-dependency-server/1.2.0-SNAPSHOT/hdds-hadoop-dependency-server-1.2.0-SNAPSHOT.jar:/home/runner/.m2/repository/org/apache/hadoop/hadoop-hdfs/3.3.1/hadoop-hdfs-3.3.1.jar:/home/runner/.m2/repository/io/dropwizard/metrics/metrics-core/3.2.4/metrics-core-3.2.4.jar:/home/runner/.m2/repository/org/apache/hadoop/hadoop-hdfs-client/3.3.1/hadoop-hdfs-client-3.3.1.jar:/home/runner/.m2/repository/org/bouncycastle/bcprov-jdk15on/1.67/bcprov-jdk15on-1.67.jar:/home/runner/.m2/repository/com/google/protobuf/protobuf-java/2.5.0/protobuf-java-2.5.0.jar:/home/runner/.m2/repository/org/apache/ozone/ozone-manager/1.2.0-SNAPSHOT/ozone-manager-1.2.0-SNAPSHOT.jar:/home/runner/.m2/repository/org/aspectj/aspectjrt/1.9.7/aspectjrt-1.9.7.jar:/home/runner/.m2/repository/org/aspectj/aspectjweaver/1.9.7/aspectjweaver-1.9.7.jar:/home/runner/.m2/repository/org/apache/ozone/hdds-interface-client/1.2.0-SNAPSHOT/hdds-interface-client-1.2.0-SNAPSHOT.jar:/home/runner/.m2/repository/org/apache/hadoop/thirdparty/hadoop-shaded-protobuf_3_7/1.1.1/hadoop-shaded-protobuf_3_7-1.1.1.jar:/home/runner/.m2/repository/org/apache/ozone/ozone-interface-storage/1.2.0-SNAPSHOT/ozone-interface-storage-1.2.0-SNAPSHOT.jar:/home/runner/.m2/repository/org/reflections/reflections/0.9.11/reflections-0.9.11.jar:/home/runner/.m2/repository/org/apache/hadoop/hadoop-minikdc/3.3.1/hadoop-minikdc-3.3.1.jar:/home/runner/.m2/repository/org/apache/kerby/kerb-simplekdc/1.0.1/kerb-simplekdc-1.0.1.jar:/home/runner/.m2/repository/org/apache/kerby/kerb-client/1.0.1/kerb-client-1.0.1.jar:/home/runner/.m2/repository/org/apache/kerby/kerby-config/1.0.1/kerby-config-1.0.1.jar:/home/runner/.m2/repository/org/apache/kerby/kerb-common/1.0.1/kerb-common-1.0.1.jar:/home/runner/.m2/repository/org/apache/kerby/kerb-crypto/1.0.1/kerb-crypto-1.0.1.jar:/home/runner/.m2/repository/org/apache/kerby/kerb-util/1.0.1/kerb-util-1.0.1.jar:/home/runner/.m2/repository/org/apache/kerby/token-provider/1.0.1/token-provider-1.0.1.jar:/home/runner/.m2/repository/org/apache/kerby/kerb-admin/1.0.1/kerb-admin-1.0.1.jar:/home/runner/.m2/repository/org/apache/kerby/kerb-server/1.0.1/kerb-server-1.0.1.jar:/home/runner/.m2/repository/org/apache/kerby/kerb-identity/1.0.1/kerb-identity-1.0.1.jar:/home/runner/.m2/repository/org/apache/kerby/kerby-xdr/1.0.1/kerby-xdr-1.0.1.jar:/home/runner/.m2/repository/org/slf4j/slf4j-log4j12/1.7.30/slf4j-log4j12-1.7.30.jar:/home/runner/.m2/repository/org/apache/ozone/ozone-s3gateway/1.2.0-SNAPSHOT/ozone-s3gateway-1.2.0-SNAPSHOT.jar:/home/runner/.m2/repository/org/javassist/javassist/3.21.0-GA/javassist-3.21.0-GA.jar:/home/runner/.m2/repository/org/jboss/weld/servlet/weld-servlet/2.4.7.Final/weld-servlet-2.4.7.Final.jar:/home/runner/.m2/repository/org/glassfish/jersey/containers/jersey-container-servlet-core/2.33/jersey-container-servlet-core-2.33.jar:/home/runner/.m2/repository/org/glassfish/hk2/external/jakarta.inject/2.6.1/jakarta.inject-2.6.1.jar:/home/runner/.m2/repository/org/glassfish/jersey/core/jersey-common/2.33/jersey-common-2.33.jar:/home/runner/.m2/repository/jakarta/ws/rs/jakarta.ws.rs-api/2.1.6/jakarta.ws.rs-api-2.1.6.jar:/home/runner/.m2/repository/org/glassfish/jersey/ext/cdi/jersey-cdi1x/2.33/jersey-cdi1x-2.33.jar:/home/runner/.m2/repository/org/glassfish/jersey/inject/jersey-hk2/2.33/jersey-hk2-2.33.jar:/home/runner/.m2/repository/org/glassfish/hk2/hk2-locator/2.6.1/hk2-locator-2.6.1.jar:/home/runner/.m2/repository/org/glassfish/jersey/media/jersey-media-jaxb/2.33/jersey-media-jaxb-2.33.jar:/home/runner/.m2/repository/org/glassfish/hk2/osgi-resource-locator/1.0.3/osgi-resource-locator-1.0.3.jar:/home/runner/.m2/repository/org/glassfish/hk2/hk2-api/2.5.0/hk2-api-2.5.0.jar:/home/runner/.m2/repository/org/glassfish/hk2/hk2-utils/2.5.0/hk2-utils-2.5.0.jar:/home/runner/.m2/repository/org/glassfish/hk2/external/aopalliance-repackaged/2.5.0/aopalliance-repackaged-2.5.0.jar:/home/runner/.m2/repository/com/fasterxml/jackson/dataformat/jackson-dataformat-xml/2.12.1/jackson-dataformat-xml-2.12.1.jar:/home/runner/.m2/repository/com/fasterxml/jackson/core/jackson-core/2.12.1/jackson-core-2.12.1.jar:/home/runner/.m2/repository/com/fasterxml/jackson/module/jackson-module-jaxb-annotations/2.12.1/jackson-module-jaxb-annotations-2.12.1.jar:/home/runner/.m2/repository/jakarta/xml/bind/jakarta.xml.bind-api/2.3.2/jakarta.xml.bind-api-2.3.2.jar:/home/runner/.m2/repository/org/codehaus/woodstox/stax2-api/3.1.4/stax2-api-3.1.4.jar:/home/runner/.m2/repository/com/fasterxml/woodstox/woodstox-core/5.0.3/woodstox-core-5.0.3.jar:/home/runner/.m2/repository/javax/enterprise/cdi-api/1.2/cdi-api-1.2.jar:/home/runner/.m2/repository/javax/el/javax.el-api/3.0.0/javax.el-api-3.0.0.jar:/home/runner/.m2/repository/javax/interceptor/javax.interceptor-api/1.2/javax.interceptor-api-1.2.jar:/home/runner/.m2/repository/javax/inject/javax.inject/1/javax.inject-1.jar:/home/runner/.m2/repository/javax/xml/bind/jaxb-api/2.3.0/jaxb-api-2.3.0.jar:/home/runner/.m2/repository/org/glassfish/jaxb/jaxb-runtime/2.3.0.1/jaxb-runtime-2.3.0.1.jar:/home/runner/.m2/repository/org/glassfish/jaxb/jaxb-core/2.3.0.1/jaxb-core-2.3.0.1.jar:/home/runner/.m2/repository/org/glassfish/jaxb/txw2/2.3.0.1/txw2-2.3.0.1.jar:/home/runner/.m2/repository/com/sun/istack/istack-commons-runtime/3.0.5/istack-commons-runtime-3.0.5.jar:/home/runner/.m2/repository/org/jvnet/staxex/stax-ex/1.7.8/stax-ex-1.7.8.jar:/home/runner/.m2/repository/com/sun/xml/fastinfoset/FastInfoset/1.2.13/FastInfoset-1.2.13.jar:/home/runner/.m2/repository/javax/activation/activation/1.1.1/activation-1.1.1.jar:/home/runner/.m2/repository/org/apache/ozone/ozone-csi/1.2.0-SNAPSHOT/ozone-csi-1.2.0-SNAPSHOT.jar:/home/runner/.m2/repository/com/google/protobuf/protobuf-java-util/3.12.0/protobuf-java-util-3.12.0.jar:/home/runner/.m2/repository/com/google/code/gson/gson/2.2.4/gson-2.2.4.jar:/home/runner/.m2/repository/org/apache/ozone/hdds-config/1.2.0-SNAPSHOT/hdds-config-1.2.0-SNAPSHOT.jar:/home/runner/.m2/repository/io/grpc/grpc-netty/1.33.0/grpc-netty-1.33.0.jar:/home/runner/.m2/repository/io/grpc/grpc-core/1.33.0/grpc-core-1.33.0.jar:/home/runner/.m2/repository/com/google/android/annotations/4.1.1.4/annotations-4.1.1.4.jar:/home/runner/.m2/repository/io/netty/netty-codec-http2/4.1.63.Final/netty-codec-http2-4.1.63.Final.jar:/home/runner/.m2/repository/io/netty/netty-codec-http/4.1.63.Final/netty-codec-http-4.1.63.Final.jar:/home/runner/.m2/repository/io/netty/netty-handler-proxy/4.1.63.Final/netty-handler-proxy-4.1.63.Final.jar:/home/runner/.m2/repository/io/netty/netty-codec-socks/4.1.63.Final/netty-codec-socks-4.1.63.Final.jar:/home/runner/.m2/repository/io/perfmark/perfmark-api/0.19.0/perfmark-api-0.19.0.jar:/home/runner/.m2/repository/org/codehaus/mojo/animal-sniffer-annotations/1.18/animal-sniffer-annotations-1.18.jar:/home/runner/.m2/repository/io/netty/netty-transport-native-epoll/4.1.63.Final/netty-transport-native-epoll-4.1.63.Final.jar:/home/runner/.m2/repository/io/netty/netty-common/4.1.63.Final/netty-common-4.1.63.Final.jar:/home/runner/.m2/repository/io/netty/netty-buffer/4.1.63.Final/netty-buffer-4.1.63.Final.jar:/home/runner/.m2/repository/io/netty/netty-transport-native-unix-common/4.1.63.Final/netty-transport-native-unix-common-4.1.63.Final.jar:/home/runner/.m2/repository/io/grpc/grpc-protobuf/1.33.0/grpc-protobuf-1.33.0.jar:/home/runner/.m2/repository/io/grpc/grpc-api/1.33.0/grpc-api-1.33.0.jar:/home/runner/.m2/repository/io/grpc/grpc-context/1.33.0/grpc-context-1.33.0.jar:/home/runner/.m2/repository/com/google/api/grpc/proto-google-common-protos/1.17.0/proto-google-common-protos-1.17.0.jar:/home/runner/.m2/repository/io/grpc/grpc-protobuf-lite/1.33.0/grpc-protobuf-lite-1.33.0.jar:/home/runner/.m2/repository/io/grpc/grpc-stub/1.33.0/grpc-stub-1.33.0.jar:/home/runner/.m2/repository/org/apache/ozone/ozone-recon/1.2.0-SNAPSHOT/ozone-recon-1.2.0-SNAPSHOT.jar:/home/runner/.m2/repository/org/apache/ozone/ozone-reconcodegen/1.2.0-SNAPSHOT/ozone-reconcodegen-1.2.0-SNAPSHOT.jar:/home/runner/.m2/repository/com/google/inject/extensions/guice-multibindings/4.0/guice-multibindings-4.0.jar:/home/runner/.m2/repository/com/google/inject/guice/4.0/guice-4.0.jar:/home/runner/.m2/repository/aopalliance/aopalliance/1.0/aopalliance-1.0.jar:/home/runner/.m2/repository/com/google/inject/extensions/guice-assistedinject/4.0/guice-assistedinject-4.0.jar:/home/runner/.m2/repository/com/google/inject/extensions/guice-servlet/4.0/guice-servlet-4.0.jar:/home/runner/.m2/repository/org/glassfish/jersey/containers/jersey-container-servlet/2.33/jersey-container-servlet-2.33.jar:/home/runner/.m2/repository/org/glassfish/hk2/guice-bridge/2.5.0/guice-bridge-2.5.0.jar:/home/runner/.m2/repository/org/glassfish/jersey/core/jersey-server/2.33/jersey-server-2.33.jar:/home/runner/.m2/repository/org/glassfish/jersey/core/jersey-client/2.33/jersey-client-2.33.jar:/home/runner/.m2/repository/jakarta/annotation/jakarta.annotation-api/1.3.5/jakarta.annotation-api-1.3.5.jar:/home/runner/.m2/repository/jakarta/validation/jakarta.validation-api/2.0.2/jakarta.validation-api-2.0.2.jar:/home/runner/.m2/repository/org/glassfish/jersey/media/jersey-media-json-jackson/2.33/jersey-media-json-jackson-2.33.jar:/home/runner/.m2/repository/org/glassfish/jersey/ext/jersey-entity-filtering/2.33/jersey-entity-filtering-2.33.jar:/home/runner/.m2/repository/org/jooq/jooq/3.11.10/jooq-3.11.10.jar:/home/runner/.m2/repository/org/jooq/jooq-meta/3.11.10/jooq-meta-3.11.10.jar:/home/runner/.m2/repository/org/jooq/jooq-codegen/3.11.10/jooq-codegen-3.11.10.jar:/home/runner/.m2/repository/com/jolbox/bonecp/0.8.0.RELEASE/bonecp-0.8.0.RELEASE.jar:/home/runner/.m2/repository/org/apache/derby/derby/10.14.2.0/derby-10.14.2.0.jar:/home/runner/.m2/repository/org/xerial/sqlite-jdbc/3.25.2/sqlite-jdbc-3.25.2.jar:/home/runner/.m2/repository/org/springframework/spring-jdbc/5.2.11.RELEASE/spring-jdbc-5.2.11.RELEASE.jar:/home/runner/.m2/repository/org/springframework/spring-beans/5.2.11.RELEASE/spring-beans-5.2.11.RELEASE.jar:/home/runner/.m2/repository/org/springframework/spring-core/5.2.11.RELEASE/spring-core-5.2.11.RELEASE.jar:/home/runner/.m2/repository/org/springframework/spring-jcl/5.2.11.RELEASE/spring-jcl-5.2.11.RELEASE.jar:/home/runner/.m2/repository/org/springframework/spring-tx/5.2.11.RELEASE/spring-tx-5.2.11.RELEASE.jar:/home/runner/.m2/repository/org/apache/ozone/ozone-client/1.2.0-SNAPSHOT/ozone-client-1.2.0-SNAPSHOT.jar:/home/runner/.m2/repository/org/apache/ozone/ozone-filesystem/1.2.0-SNAPSHOT/ozone-filesystem-1.2.0-SNAPSHOT.jar:/home/runner/.m2/repository/org/apache/ozone/ozone-filesystem-common/1.2.0-SNAPSHOT/ozone-filesystem-common-1.2.0-SNAPSHOT.jar:/home/runner/.m2/repository/org/apache/ozone/ozone-tools/1.2.0-SNAPSHOT/ozone-tools-1.2.0-SNAPSHOT.jar:/home/runner/.m2/repository/org/apache/ratis/ratis-tools/2.1.0-03f3b68-SNAPSHOT/ratis-tools-2.1.0-03f3b68-SNAPSHOT.jar:/home/runner/.m2/repository/com/amazonaws/aws-java-sdk-core/1.11.901/aws-java-sdk-core-1.11.901.jar:/home/runner/.m2/repository/org/apache/httpcomponents/httpclient/4.5.13/httpclient-4.5.13.jar:/home/runner/.m2/repository/org/apache/httpcomponents/httpcore/4.4.13/httpcore-4.4.13.jar:/home/runner/.m2/repository/software/amazon/ion/ion-java/1.0.2/ion-java-1.0.2.jar:/home/runner/.m2/repository/com/fasterxml/jackson/dataformat/jackson-dataformat-cbor/2.12.1/jackson-dataformat-cbor-2.12.1.jar:/home/runner/.m2/repository/joda-time/joda-time/2.8.1/joda-time-2.8.1.jar:/home/runner/.m2/repository/com/amazonaws/aws-java-sdk-s3/1.11.901/aws-java-sdk-s3-1.11.901.jar:/home/runner/.m2/repository/com/amazonaws/aws-java-sdk-kms/1.11.901/aws-java-sdk-kms-1.11.901.jar:/home/runner/.m2/repository/com/amazonaws/jmespath-java/1.11.901/jmespath-java-1.11.901.jar:/home/runner/.m2/repository/org/kohsuke/metainf-services/metainf-services/1.8/metainf-services-1.8.jar:/home/runner/.m2/repository/org/apache/ozone/hdds-tools/1.2.0-SNAPSHOT/hdds-tools-1.2.0-SNAPSHOT.jar:/home/runner/.m2/repository/commons-cli/commons-cli/1.2/commons-cli-1.2.jar:/home/runner/.m2/repository/org/apache/commons/commons-lang3/3.7/commons-lang3-3.7.jar:/home/runner/.m2/repository/org/apache/ozone/ozone-manager/1.2.0-SNAPSHOT/ozone-manager-1.2.0-SNAPSHOT-tests.jar:/home/runner/.m2/repository/org/apache/ozone/hdds-common/1.2.0-SNAPSHOT/hdds-common-1.2.0-SNAPSHOT-tests.jar:/home/runner/.m2/repository/org/apache/ozone/hdds-hadoop-dependency-client/1.2.0-SNAPSHOT/hdds-hadoop-dependency-client-1.2.0-SNAPSHOT.jar:/home/runner/.m2/repository/info/picocli/picocli/4.6.1/picocli-4.6.1.jar:/home/runner/.m2/repository/com/fasterxml/jackson/core/jackson-annotations/2.12.1/jackson-annotations-2.12.1.jar:/home/runner/.m2/repository/javax/annotation/javax.annotation-api/1.2/javax.annotation-api-1.2.jar:/home/runner/.m2/repository/org/apache/ratis/ratis-server/2.1.0-03f3b68-SNAPSHOT/ratis-server-2.1.0-03f3b68-SNAPSHOT.jar:/home/runner/.m2/repository/org/apache/ratis/ratis-client/2.1.0-03f3b68-SNAPSHOT/ratis-client-2.1.0-03f3b68-SNAPSHOT.jar:/home/runner/.m2/repository/org/apache/ratis/ratis-server-api/2.1.0-03f3b68-SNAPSHOT/ratis-server-api-2.1.0-03f3b68-SNAPSHOT.jar:/home/runner/.m2/repository/org/apache/ratis/ratis-metrics/2.1.0-03f3b68-SNAPSHOT/ratis-metrics-2.1.0-03f3b68-SNAPSHOT.jar:/home/runner/.m2/repository/org/apache/ratis/ratis-netty/2.1.0-03f3b68-SNAPSHOT/ratis-netty-2.1.0-03f3b68-SNAPSHOT.jar:/home/runner/.m2/repository/org/apache/ratis/ratis-grpc/2.1.0-03f3b68-SNAPSHOT/ratis-grpc-2.1.0-03f3b68-SNAPSHOT.jar:/home/runner/.m2/repository/org/apache/logging/log4j/log4j-api/2.13.3/log4j-api-2.13.3.jar:/home/runner/.m2/repository/org/apache/logging/log4j/log4j-core/2.13.3/log4j-core-2.13.3.jar:/home/runner/.m2/repository/com/lmax/disruptor/3.4.2/disruptor-3.4.2.jar:/home/runner/.m2/repository/org/apache/commons/commons-pool2/2.6.0/commons-pool2-2.6.0.jar:/home/runner/.m2/repository/org/bouncycastle/bcpkix-jdk15on/1.67/bcpkix-jdk15on-1.67.jar:/home/runner/.m2/repository/commons-validator/commons-validator/1.6/commons-validator-1.6.jar:/home/runner/.m2/repository/commons-beanutils/commons-beanutils/1.9.4/commons-beanutils-1.9.4.jar:/home/runner/.m2/repository/commons-digester/commons-digester/1.8.1/commons-digester-1.8.1.jar:/home/runner/.m2/repository/commons-collections/commons-collections/3.2.2/commons-collections-3.2.2.jar:/home/runner/.m2/repository/io/jaegertracing/jaeger-client/1.6.0/jaeger-client-1.6.0.jar:/home/runner/.m2/repository/io/jaegertracing/jaeger-thrift/1.6.0/jaeger-thrift-1.6.0.jar:/home/runner/.m2/repository/org/apache/thrift/libthrift/0.14.1/libthrift-0.14.1.jar:/home/runner/.m2/repository/com/squareup/okhttp3/okhttp/4.9.0/okhttp-4.9.0.jar:/home/runner/.m2/repository/com/squareup/okio/okio/2.8.0/okio-2.8.0.jar:/home/runner/.m2/repository/io/jaegertracing/jaeger-core/1.6.0/jaeger-core-1.6.0.jar:/home/runner/.m2/repository/io/jaegertracing/jaeger-tracerresolver/1.6.0/jaeger-tracerresolver-1.6.0.jar:/home/runner/.m2/repository/io/opentracing/contrib/opentracing-tracerresolver/0.1.8/opentracing-tracerresolver-0.1.8.jar:/home/runner/.m2/repository/org/jetbrains/kotlin/kotlin-stdlib/1.4.31/kotlin-stdlib-1.4.31.jar:/home/runner/.m2/repository/org/jetbrains/kotlin/kotlin-stdlib-common/1.4.31/kotlin-stdlib-common-1.4.31.jar:/home/runner/.m2/repository/org/jetbrains/annotations/13.0/annotations-13.0.jar:/home/runner/.m2/repository/io/opentracing/opentracing-util/0.33.0/opentracing-util-0.33.0.jar:/home/runner/.m2/repository/io/opentracing/opentracing-api/0.33.0/opentracing-api-0.33.0.jar:/home/runner/.m2/repository/io/opentracing/opentracing-noop/0.33.0/opentracing-noop-0.33.0.jar:/home/runner/.m2/repository/org/yaml/snakeyaml/1.26/snakeyaml-1.26.jar:/home/runner/.m2/repository/org/apache/ozone/hdds-interface-admin/1.2.0-SNAPSHOT/hdds-interface-admin-1.2.0-SNAPSHOT.jar:/home/runner/.m2/repository/junit/junit/4.13.1/junit-4.13.1.jar:/home/runner/.m2/repository/org/hamcrest/hamcrest-core/1.3/hamcrest-core-1.3.jar:/home/runner/.m2/repository/org/junit/jupiter/junit-jupiter-api/5.7.0/junit-jupiter-api-5.7.0.jar:/home/runner/.m2/repository/org/apiguardian/apiguardian-api/1.1.0/apiguardian-api-1.1.0.jar:/home/runner/.m2/repository/org/opentest4j/opentest4j/1.2.0/opentest4j-1.2.0.jar:/home/runner/.m2/repository/org/junit/platform/junit-platform-commons/1.7.0/junit-platform-commons-1.7.0.jar:/home/runner/.m2/repository/org/junit/jupiter/junit-jupiter-engine/5.7.0/junit-jupiter-engine-5.7.0.jar:/home/runner/.m2/repository/org/junit/platform/junit-platform-engine/1.7.0/junit-platform-engine-1.7.0.jar:/home/runner/.m2/repository/org/junit/vintage/junit-vintage-engine/5.7.0/junit-vintage-engine-5.7.0.jar:/home/runner/.m2/repository/org/junit/platform/junit-platform-launcher/1.7.0/junit-platform-launcher-1.7.0.jar:/home/runner/.m2/repository/org/openjdk/jmh/jmh-core/1.19/jmh-core-1.19.jar:/home/runner/.m2/repository/net/sf/jopt-simple/jopt-simple/4.6/jopt-simple-4.6.jar:/home/runner/.m2/repository/org/apache/commons/commons-math3/3.1.1/commons-math3-3.1.1.jar:/home/runner/.m2/repository/org/openjdk/jmh/jmh-generator-annprocess/1.19/jmh-generator-annprocess-1.19.jar:/home/runner/.m2/repository/org/mockito/mockito-core/2.28.2/mockito-core-2.28.2.jar:/home/runner/.m2/repository/net/bytebuddy/byte-buddy/1.9.10/byte-buddy-1.9.10.jar:/home/runner/.m2/repository/net/bytebuddy/byte-buddy-agent/1.9.10/byte-buddy-agent-1.9.10.jar:/home/runner/.m2/repository/org/objenesis/objenesis/1.0/objenesis-1.0.jar:/home/runner/.m2/repository/org/apache/hadoop/hadoop-kms/3.3.1/hadoop-kms-3.3.1.jar:/home/runner/.m2/repository/org/apache/hadoop/hadoop-auth/3.3.1/hadoop-auth-3.3.1.jar:/home/runner/.m2/repository/com/nimbusds/nimbus-jose-jwt/7.9/nimbus-jose-jwt-7.9.jar:/home/runner/.m2/repository/com/github/stephenc/jcip/jcip-annotations/1.0-1/jcip-annotations-1.0-1.jar:/home/runner/.m2/repository/net/minidev/json-smart/2.3/json-smart-2.3.jar:/home/runner/.m2/repository/net/minidev/accessors-smart/1.2/accessors-smart-1.2.jar:/home/runner/.m2/repository/org/ow2/asm/asm/5.0.4/asm-5.0.4.jar:/home/runner/.m2/repository/org/apache/zookeeper/zookeeper/3.5.6/zookeeper-3.5.6.jar:/home/runner/.m2/repository/org/apache/zookeeper/zookeeper-jute/3.5.6/zookeeper-jute-3.5.6.jar:/home/runner/.m2/repository/org/apache/yetus/audience-annotations/0.5.0/audience-annotations-0.5.0.jar:/home/runner/.m2/repository/org/apache/curator/curator-framework/4.2.0/curator-framework-4.2.0.jar:/home/runner/.m2/repository/org/apache/hadoop/thirdparty/hadoop-shaded-guava/1.1.1/hadoop-shaded-guava-1.1.1.jar:/home/runner/.m2/repository/com/sun/jersey/jersey-core/1.19/jersey-core-1.19.jar:/home/runner/.m2/repository/javax/ws/rs/jsr311-api/1.1.1/jsr311-api-1.1.1.jar:/home/runner/.m2/repository/com/sun/jersey/jersey-server/1.19/jersey-server-1.19.jar:/home/runner/.m2/repository/javax/servlet/javax.servlet-api/3.1.0/javax.servlet-api-3.1.0.jar:/home/runner/.m2/repository/org/eclipse/jetty/jetty-server/9.4.43.v20210629/jetty-server-9.4.43.v20210629.jar:/home/runner/.m2/repository/org/eclipse/jetty/jetty-http/9.4.43.v20210629/jetty-http-9.4.43.v20210629.jar:/home/runner/.m2/repository/org/eclipse/jetty/jetty-io/9.4.43.v20210629/jetty-io-9.4.43.v20210629.jar:/home/runner/.m2/repository/org/eclipse/jetty/jetty-webapp/9.4.43.v20210629/jetty-webapp-9.4.43.v20210629.jar:/home/runner/.m2/repository/org/eclipse/jetty/jetty-xml/9.4.43.v20210629/jetty-xml-9.4.43.v20210629.jar:/home/runner/.m2/repository/org/apache/hadoop/hadoop-common/3.3.1/hadoop-common-3.3.1.jar:/home/runner/.m2/repository/commons-net/commons-net/3.6/commons-net-3.6.jar:/home/runner/.m2/repository/jakarta/activation/jakarta.activation-api/1.2.1/jakarta.activation-api-1.2.1.jar:/home/runner/.m2/repository/com/sun/jersey/jersey-servlet/1.19/jersey-servlet-1.19.jar:/home/runner/.m2/repository/com/sun/jersey/jersey-json/1.19/jersey-json-1.19.jar:/home/runner/.m2/repository/org/codehaus/jettison/jettison/1.1/jettison-1.1.jar:/home/runner/.m2/repository/com/sun/xml/bind/jaxb-impl/2.2.3-1/jaxb-impl-2.2.3-1.jar:/home/runner/.m2/repository/org/codehaus/jackson/jackson-jaxrs/1.9.2/jackson-jaxrs-1.9.2.jar:/home/runner/.m2/repository/org/codehaus/jackson/jackson-xc/1.9.2/jackson-xc-1.9.2.jar:/home/runner/.m2/repository/org/apache/commons/commons-configuration2/2.1.1/commons-configuration2-2.1.1.jar:/home/runner/.m2/repository/org/apache/commons/commons-text/1.4/commons-text-1.4.jar:/home/runner/.m2/repository/com/google/re2j/re2j/1.1/re2j-1.1.jar:/home/runner/.m2/repository/com/jcraft/jsch/0.1.54/jsch-0.1.54.jar:/home/runner/.m2/repository/org/apache/curator/curator-client/4.2.0/curator-client-4.2.0.jar:/home/runner/.m2/repository/org/apache/curator/curator-recipes/4.2.0/curator-recipes-4.2.0.jar:/home/runner/.m2/repository/org/apache/kerby/kerb-core/1.0.1/kerb-core-1.0.1.jar:/home/runner/.m2/repository/org/apache/kerby/kerby-pkix/1.0.1/kerby-pkix-1.0.1.jar:/home/runner/.m2/repository/org/apache/kerby/kerby-asn1/1.0.1/kerby-asn1-1.0.1.jar:/home/runner/.m2/repository/org/apache/kerby/kerby-util/1.0.1/kerby-util-1.0.1.jar:/home/runner/.m2/repository/dnsjava/dnsjava/2.1.7/dnsjava-2.1.7.jar:/home/runner/.m2/repository/org/xerial/snappy/snappy-java/1.1.8.2/snappy-java-1.1.8.2.jar:/home/runner/.m2/repository/org/slf4j/jul-to-slf4j/1.7.30/jul-to-slf4j-1.7.30.jar:/home/runner/.m2/repository/org/eclipse/jetty/jetty-util/9.4.43.v20210629/jetty-util-9.4.43.v20210629.jar:/home/runner/.m2/repository/com/fasterxml/jackson/core/jackson-databind/2.12.1/jackson-databind-2.12.1.jar:/home/runner/.m2/repository/org/apache/hadoop/hadoop-kms/3.3.1/hadoop-kms-3.3.1-tests.jar:/home/runner/.m2/repository/org/apache/ozone/hdds-server-scm/1.2.0-SNAPSHOT/hdds-server-scm-1.2.0-SNAPSHOT-tests.jar:/home/runner/.m2/repository/org/apache/ozone/hdds-container-service/1.2.0-SNAPSHOT/hdds-container-service-1.2.0-SNAPSHOT-tests.jar:/home/runner/.m2/repository/commons-codec/commons-codec/1.11/commons-codec-1.11.jar:/home/runner/.m2/repository/io/netty/netty-transport/4.1.63.Final/netty-transport-4.1.63.Final.jar:/home/runner/.m2/repository/io/netty/netty-resolver/4.1.63.Final/netty-resolver-4.1.63.Final.jar:/home/runner/.m2/repository/io/netty/netty-codec/4.1.63.Final/netty-codec-4.1.63.Final.jar:/home/runner/.m2/repository/io/netty/netty-handler/4.1.63.Final/netty-handler-4.1.63.Final.jar:/home/runner/.m2/repository/org/apache/ozone/hdds-hadoop-dependency-test/1.2.0-SNAPSHOT/hdds-hadoop-dependency-test-1.2.0-SNAPSHOT.jar:/home/runner/.m2/repository/org/apache/hadoop/hadoop-common/3.3.1/hadoop-common-3.3.1-tests.jar:/home/runner/.m2/repository/org/assertj/assertj-core/3.12.2/assertj-core-3.12.2.jar:/home/runner/.m2/repository/org/apache/hadoop/hadoop-hdfs/3.3.1/hadoop-hdfs-3.3.1-tests.jar:/home/runner/.m2/repository/org/eclipse/jetty/jetty-util-ajax/9.4.43.v20210629/jetty-util-ajax-9.4.43.v20210629.jar:/home/runner/.m2/repository/commons-daemon/commons-daemon/1.0.13/commons-daemon-1.0.13.jar:/home/runner/.m2/repository/io/netty/netty/3.10.6.Final/netty-3.10.6.Final.jar:/home/runner/.m2/repository/io/netty/netty-all/4.1.63.Final/netty-all-4.1.63.Final.jar:/home/runner/.m2/repository/org/apache/htrace/htrace-core4/4.1.0-incubating/htrace-core4-4.1.0-incubating.jar:/home/runner/.m2/repository/org/fusesource/leveldbjni/leveldbjni-all/1.8/leveldbjni-all-1.8.jar:/home/runner/.m2/repository/org/apache/hadoop/hadoop-distcp/3.3.1/hadoop-distcp-3.3.1.jar:/home/runner/.m2/repository/org/apache/hadoop/hadoop-mapreduce-client-jobclient/3.3.1/hadoop-mapreduce-client-jobclient-3.3.1.jar:/home/runner/.m2/repository/org/apache/hadoop/hadoop-mapreduce-client-common/3.3.1/hadoop-mapreduce-client-common-3.3.1.jar:/home/runner/.m2/repository/org/apache/hadoop/hadoop-yarn-common/3.3.1/hadoop-yarn-common-3.3.1.jar:/home/runner/.m2/repository/org/apache/hadoop/hadoop-yarn-api/3.3.1/hadoop-yarn-api-3.3.1.jar:/home/runner/.m2/repository/com/sun/jersey/jersey-client/1.19/jersey-client-1.19.jar:/home/runner/.m2/repository/com/sun/jersey/contribs/jersey-guice/1.19/jersey-guice-1.19.jar:/home/runner/.m2/repository/com/fasterxml/jackson/jaxrs/jackson-jaxrs-json-provider/2.12.1/jackson-jaxrs-json-provider-2.12.1.jar:/home/runner/.m2/repository/com/fasterxml/jackson/jaxrs/jackson-jaxrs-base/2.12.1/jackson-jaxrs-base-2.12.1.jar:/home/runner/.m2/repository/org/apache/hadoop/hadoop-yarn-client/3.3.1/hadoop-yarn-client-3.3.1.jar:/home/runner/.m2/repository/org/eclipse/jetty/websocket/websocket-client/9.4.40.v20210413/websocket-client-9.4.40.v20210413.jar:/home/runner/.m2/repository/org/eclipse/jetty/jetty-client/9.4.40.v20210413/jetty-client-9.4.40.v20210413.jar:/home/runner/.m2/repository/org/eclipse/jetty/websocket/websocket-common/9.4.40.v20210413/websocket-common-9.4.40.v20210413.jar:/home/runner/.m2/repository/org/eclipse/jetty/websocket/websocket-api/9.4.40.v20210413/websocket-api-9.4.40.v20210413.jar:/home/runner/.m2/repository/org/jline/jline/3.9.0/jline-3.9.0.jar:/home/runner/.m2/repository/org/apache/hadoop/hadoop-mapreduce-client-core/3.3.1/hadoop-mapreduce-client-core-3.3.1.jar:/home/runner/.m2/repository/org/apache/avro/avro/1.7.7/avro-1.7.7.jar:/home/runner/.m2/repository/org/codehaus/jackson/jackson-core-asl/1.9.13/jackson-core-asl-1.9.13.jar:/home/runner/.m2/repository/org/codehaus/jackson/jackson-mapper-asl/1.9.13/jackson-mapper-asl-1.9.13.jar:/home/runner/.m2/repository/com/thoughtworks/paranamer/paranamer/2.3/paranamer-2.3.jar:/home/runner/.m2/repository/org/apache/hadoop/hadoop-annotations/3.3.1/hadoop-annotations-3.3.1.jar:/usr/lib/jvm/adoptopenjdk-8-hotspot-amd64/jre/../lib/tools.jar:/home/runner/.m2/repository/org/apache/hadoop/hadoop-distcp/3.3.1/hadoop-distcp-3.3.1-tests.jar:/home/runner/.m2/repository/org/apache/ratis/ratis-common/2.1.0-03f3b68-SNAPSHOT/ratis-common-2.1.0-03f3b68-SNAPSHOT.jar:/home/runner/.m2/repository/org/apache/ratis/ratis-thirdparty-misc/0.7.0/ratis-thirdparty-misc-0.7.0.jar:/home/runner/.m2/repository/org/apache/ratis/ratis-proto/2.1.0-03f3b68-SNAPSHOT/ratis-proto-2.1.0-03f3b68-SNAPSHOT.jar:"/>
    <property name="sun.cpu.endian" value="little"/>
    <property name="user.home" value="/home/runner"/>
    <property name="user.language" value="en"/>
    <property name="java.specification.vendor" value="Oracle Corporation"/>
    <property name="java.home" value="/usr/lib/jvm/adoptopenjdk-8-hotspot-amd64/jre"/>
    <property name="java.security.krb5.conf" value="/home/runner/work/ozone/ozone/hadoop-ozone/integration-test/target/test-classes/krb5.conf"/>
    <property name="basedir" value="/home/runner/work/ozone/ozone/hadoop-ozone/integration-test"/>
    <property name="file.separator" value="/"/>
    <property name="line.separator" value="&#10;"/>
    <property name="java.vm.specification.vendor" value="Oracle Corporation"/>
    <property name="java.specification.name" value="Java Platform API Specification"/>
    <property name="java.awt.graphicsenv" value="sun.awt.X11GraphicsEnvironment"/>
    <property name="skip.installnpx" value="true"/>
    <property name="surefire.real.class.path" value="/home/runner/work/ozone/ozone/hadoop-ozone/integration-test/target/surefire/surefirebooter1340044738309707242.jar:/home/runner/.m2/repository/org/jacoco/org.jacoco.agent/0.8.5/org.jacoco.agent-0.8.5-runtime.jar"/>
    <property name="hadoop.log.dir" value="/home/runner/work/ozone/ozone/hadoop-ozone/integration-test/target/log"/>
    <property name="sun.boot.class.path" value="/usr/lib/jvm/adoptopenjdk-8-hotspot-amd64/jre/lib/resources.jar:/usr/lib/jvm/adoptopenjdk-8-hotspot-amd64/jre/lib/rt.jar:/usr/lib/jvm/adoptopenjdk-8-hotspot-amd64/jre/lib/sunrsasign.jar:/usr/lib/jvm/adoptopenjdk-8-hotspot-amd64/jre/lib/jsse.jar:/usr/lib/jvm/adoptopenjdk-8-hotspot-amd64/jre/lib/jce.jar:/usr/lib/jvm/adoptopenjdk-8-hotspot-amd64/jre/lib/charsets.jar:/usr/lib/jvm/adoptopenjdk-8-hotspot-amd64/jre/lib/jfr.jar:/usr/lib/jvm/adoptopenjdk-8-hotspot-amd64/jre/classes"/>
    <property name="sun.management.compiler" value="HotSpot 64-Bit Tiered Compilers"/>
    <property name="skip.npx" value="true"/>
    <property name="java.runtime.version" value="1.8.0_292-b10"/>
    <property name="java.net.preferIPv4Stack" value="true"/>
    <property name="user.name" value="runner"/>
    <property name="path.separator" value=":"/>
    <property name="java.security.egd" value="file:///dev/urandom"/>
    <property name="os.version" value="5.4.0-1059-azure"/>
    <property name="java.endorsed.dirs" value="/usr/lib/jvm/adoptopenjdk-8-hotspot-amd64/jre/lib/endorsed"/>
    <property name="java.runtime.name" value="OpenJDK Runtime Environment"/>
    <property name="file.encoding" value="UTF-8"/>
    <property name="java.vm.name" value="OpenJDK 64-Bit Server VM"/>
    <property name="test.build.webapps" value=""/>
    <property name="localRepository" value="/home/runner/.m2/repository"/>
    <property name="java.vendor.url.bug" value="https://github.com/AdoptOpenJDK/openjdk-support/issues"/>
    <property name="java.io.tmpdir" value="/tmp"/>
    <property name="require.test.libhadoop" value=""/>
    <property name="java.version" value="1.8.0_292"/>
    <property name="user.dir" value="/home/runner/work/ozone/ozone/hadoop-ozone/integration-test"/>
    <property name="os.arch" value="amd64"/>
    <property name="java.vm.specification.name" value="Java Virtual Machine Specification"/>
    <property name="test.build.classes" value="/home/runner/work/ozone/ozone/hadoop-ozone/integration-test/target/test-classes"/>
    <property name="java.awt.printerjob" value="sun.print.PSPrinterJob"/>
    <property name="sun.os.patch.level" value="unknown"/>
    <property name="hadoop.tmp.dir" value="/home/runner/work/ozone/ozone/hadoop-ozone/integration-test/target/tmp"/>
    <property name="java.library.path" value="/usr/java/packages/lib/amd64:/usr/lib64:/lib64:/lib:/usr/lib"/>
    <property name="java.vm.info" value="mixed mode"/>
    <property name="java.vendor" value="AdoptOpenJDK"/>
    <property name="java.vm.version" value="25.292-b10"/>
    <property name="java.ext.dirs" value="/usr/lib/jvm/adoptopenjdk-8-hotspot-amd64/jre/lib/ext:/usr/java/packages/lib/ext"/>
    <property name="sun.io.unicode.encoding" value="UnicodeLittle"/>
    <property name="java.class.version" value="52.0"/>
  </properties>
  <testcase name="testPrepareFailsWhenTwoOmsAreDown" classname="org.apache.hadoop.ozone.om.TestOzoneManagerPrepare" time="0">
    <skipped message="Saving on CI time since this is a pessimistic test. We should not be able to do anything with 2 OMs down."/>
    <system-out><![CDATA[2021-10-06 13:07:44,234 [main] WARN  server.ServerUtils (ServerUtils.java:getScmDbDir(148)) - ozone.scm.db.dirs is not configured. We recommend adding this setting. Falling back to ozone.metadata.dirs instead.
2021-10-06 13:07:44,343 [main] INFO  ha.SCMHANodeDetails (SCMHANodeDetails.java:loadSCMHAConfig(157)) - ServiceID for StorageContainerManager is null
2021-10-06 13:07:44,343 [main] INFO  ha.SCMHANodeDetails (SCMHANodeDetails.java:loadSCMHAConfig(162)) - ozone.scm.default.service.id is not defined, falling back to ozone.scm.service.ids to find serviceID for StorageContainerManager if it is HA enabled cluster
2021-10-06 13:07:44,472 [main] WARN  server.ServerUtils (ServerUtils.java:getScmDbDir(148)) - ozone.scm.db.dirs is not configured. We recommend adding this setting. Falling back to ozone.metadata.dirs instead.
2021-10-06 13:07:44,476 [main] INFO  upgrade.AbstractLayoutVersionManager (AbstractLayoutVersionManager.java:init(79)) - Initializing Layout version manager with metadata layout = SCM_HA (version = 2), software layout = SCM_HA (version = 2)
2021-10-06 13:07:44,771 [main] INFO  reflections.Reflections (Reflections.java:scan(232)) - Reflections took 181 ms to scan 7 urls, producing 119 keys and 275 values 
2021-10-06 13:07:45,427 [main] WARN  utils.HAUtils (HAUtils.java:getMetaDir(342)) - ozone.scm.db.dirs is not configured. We recommend adding this setting. Falling back to ozone.metadata.dirs instead.
2021-10-06 13:07:45,544 [main] WARN  db.DBStoreBuilder (DBStoreBuilder.java:applyDBDefinition(145)) - ozone.scm.db.dirs is not configured. We recommend adding this setting. Falling back to ozone.metadata.dirs instead.
2021-10-06 13:07:45,705 [main] INFO  net.NodeSchemaLoader (NodeSchemaLoader.java:loadSchemaFromFile(129)) - Loading schema from [jar:file:/home/runner/.m2/repository/org/apache/ozone/hdds-common/1.2.0-SNAPSHOT/hdds-common-1.2.0-SNAPSHOT.jar!/network-topology-default.xml]
2021-10-06 13:07:45,707 [main] INFO  net.NodeSchemaLoader (NodeSchemaLoader.java:loadSchema(176)) - Loading network topology layer schema file
2021-10-06 13:07:45,761 [main] INFO  metrics.MetricRegistries (MetricRegistriesLoader.java:load(64)) - Loaded MetricRegistries class org.apache.ratis.metrics.impl.MetricRegistriesImpl
2021-10-06 13:07:45,783 [main] INFO  ha.SequenceIdGenerator (SequenceIdGenerator.java:upgradeToSequenceId(347)) - upgrade localId to 107544261427200000
2021-10-06 13:07:45,784 [main] INFO  ha.SequenceIdGenerator (SequenceIdGenerator.java:upgradeToSequenceId(357)) - upgrade delTxnId to 0
2021-10-06 13:07:45,794 [main] INFO  ha.SequenceIdGenerator (SequenceIdGenerator.java:upgradeToSequenceId(371)) - upgrade containerId to 0
2021-10-06 13:07:45,796 [main] INFO  ha.SequenceIdGenerator (SequenceIdGenerator.java:<init>(218)) - Init the HA SequenceIdGenerator.
2021-10-06 13:07:45,849 [main] WARN  server.ServerUtils (ServerUtils.java:sanitizeUserArgs(73)) - ozone.scm.stale.node.interval value = 300000 is larger than max = 100000 based on the key value of ozone.scm.heartbeat.thread.interval, reset to the max value 100000.
2021-10-06 13:07:45,850 [main] WARN  server.ServerUtils (ServerUtils.java:sanitizeUserArgs(73)) - ozone.scm.stale.node.interval value = 300000 is larger than max = 100000 based on the key value of ozone.scm.heartbeat.thread.interval, reset to the max value 100000.
2021-10-06 13:07:45,860 [main] INFO  node.SCMNodeManager (SCMNodeManager.java:<init>(144)) - Entering startup safe mode.
2021-10-06 13:07:45,935 [main] INFO  algorithms.ContainerPlacementPolicyFactory (ContainerPlacementPolicyFactory.java:getPolicy(60)) - Create container placement policy of type org.apache.hadoop.hdds.scm.container.placement.algorithms.SCMContainerPlacementRandom
2021-10-06 13:07:45,946 [main] INFO  pipeline.PipelineStateManagerImpl (PipelineStateManagerImpl.java:initialize(78)) - No pipeline exists in current db
2021-10-06 13:07:45,988 [main] INFO  algorithms.LeaderChoosePolicyFactory (LeaderChoosePolicyFactory.java:getPolicy(57)) - Create leader choose policy of type org.apache.hadoop.hdds.scm.pipeline.leader.choose.algorithms.MinLeaderCountChoosePolicy
2021-10-06 13:07:45,997 [main] INFO  ha.SCMServiceManager (SCMServiceManager.java:register(43)) - Registering service BackgroundPipelineCreator.
2021-10-06 13:07:45,997 [main] INFO  pipeline.BackgroundPipelineCreator (BackgroundPipelineCreatorV2.java:start(130)) - Starting RatisPipelineUtilsThread.
2021-10-06 13:07:46,039 [main] INFO  algorithms.PipelineChoosePolicyFactory (PipelineChoosePolicyFactory.java:createPipelineChoosePolicyFromClass(73)) - Create pipeline choose policy of type org.apache.hadoop.hdds.scm.pipeline.choose.algorithms.RandomPipelineChoosePolicy
2021-10-06 13:07:46,059 [main] INFO  ha.SCMServiceManager (SCMServiceManager.java:register(43)) - Registering service SCMBlockDeletingService.
2021-10-06 13:07:46,087 [main] INFO  ha.SCMServiceManager (SCMServiceManager.java:register(43)) - Registering service ReplicationManager.
2021-10-06 13:07:46,092 [main] INFO  container.ReplicationManager (ReplicationManager.java:start(319)) - Starting Replication Monitor Thread.
2021-10-06 13:07:46,102 [ReplicationMonitor] INFO  container.ReplicationManager (ReplicationManager.java:processAll(371)) - Replication Monitor Thread took 0 milliseconds for processing 0 containers.
2021-10-06 13:07:46,108 [main] INFO  safemode.ContainerSafeModeRule (ContainerSafeModeRule.java:<init>(89)) - containers with one replica threshold count 0
2021-10-06 13:07:46,114 [main] INFO  safemode.HealthyPipelineSafeModeRule (HealthyPipelineSafeModeRule.java:initializeRule(156)) - Total pipeline count is 0, healthy pipeline threshold count is 1
2021-10-06 13:07:46,116 [main] INFO  safemode.OneReplicaPipelineSafeModeRule (OneReplicaPipelineSafeModeRule.java:initializeRule(180)) - Total pipeline count is 0, pipeline's with at least one datanode reported threshold count is 0
2021-10-06 13:07:46,536 [main] INFO  ipc.CallQueueManager (CallQueueManager.java:<init>(90)) - Using callQueue: class java.util.concurrent.LinkedBlockingQueue, queueCapacity: 2000, scheduler: class org.apache.hadoop.ipc.DefaultRpcScheduler, ipcBackoff: false.
2021-10-06 13:07:46,579 [Socket Reader #1 for port 0] INFO  ipc.Server (Server.java:run(1265)) - Starting Socket Reader #1 for port 0
2021-10-06 13:07:46,622 [Listener at 0.0.0.0/34503] INFO  ipc.CallQueueManager (CallQueueManager.java:<init>(90)) - Using callQueue: class java.util.concurrent.LinkedBlockingQueue, queueCapacity: 2000, scheduler: class org.apache.hadoop.ipc.DefaultRpcScheduler, ipcBackoff: false.
2021-10-06 13:07:46,623 [Socket Reader #1 for port 0] INFO  ipc.Server (Server.java:run(1265)) - Starting Socket Reader #1 for port 0
2021-10-06 13:07:46,641 [Listener at 0.0.0.0/43607] INFO  ipc.CallQueueManager (CallQueueManager.java:<init>(90)) - Using callQueue: class java.util.concurrent.LinkedBlockingQueue, queueCapacity: 2000, scheduler: class org.apache.hadoop.ipc.DefaultRpcScheduler, ipcBackoff: false.
2021-10-06 13:07:46,641 [Socket Reader #1 for port 0] INFO  ipc.Server (Server.java:run(1265)) - Starting Socket Reader #1 for port 0
2021-10-06 13:07:46,704 [Listener at 0.0.0.0/34077] INFO  algorithms.ContainerPlacementPolicyFactory (ContainerPlacementPolicyFactory.java:getPolicy(60)) - Create container placement policy of type org.apache.hadoop.hdds.scm.container.placement.algorithms.SCMContainerPlacementRandom
2021-10-06 13:07:46,712 [Listener at 0.0.0.0/34077] INFO  server.StorageContainerManager (StorageContainerManager.java:<init>(388)) - 
Container Balancer status:
Key                            Value
Running                        false
Container Balancer Configuration values:
Key                                                Value
Threshold                                          0.1
Max Datanodes to Involve per Iteration(ratio)      0.2
Max Size to Move per Iteration                     32212254720B

2021-10-06 13:07:46,712 [Listener at 0.0.0.0/34077] WARN  events.EventQueue (EventQueue.java:fireEvent(194)) - No event handler registered for event TypedEvent{payloadType=SafeModeStatus, name='Safe mode status'}
2021-10-06 13:07:46,712 [Listener at 0.0.0.0/34077] INFO  ha.SCMContext (SCMContext.java:updateSafeModeStatus(205)) - Update SafeModeStatus from SafeModeStatus{safeModeStatus=true, preCheckPassed=false} to SafeModeStatus{safeModeStatus=true, preCheckPassed=false}.
2021-10-06 13:07:46,715 [Listener at 0.0.0.0/34077] INFO  server.StorageContainerManager (StorageContainerManager.java:start(1303)) - StorageContainerLocationProtocol RPC server is listening at /0.0.0.0:34077
2021-10-06 13:07:46,793 [Listener at 0.0.0.0/34077] WARN  impl.MetricsConfig (MetricsConfig.java:loadFirst(136)) - Cannot locate configuration: tried hadoop-metrics2-storagecontainermanager.properties,hadoop-metrics2.properties
2021-10-06 13:07:46,809 [Listener at 0.0.0.0/34077] INFO  impl.MetricsSystemImpl (MetricsSystemImpl.java:startTimer(378)) - Scheduled Metric snapshot period at 10 second(s).
2021-10-06 13:07:46,810 [Listener at 0.0.0.0/34077] INFO  impl.MetricsSystemImpl (MetricsSystemImpl.java:start(191)) - StorageContainerManager metrics system started
2021-10-06 13:07:47,160 [Listener at 0.0.0.0/34077] INFO  server.SCMClientProtocolServer (SCMClientProtocolServer.java:start(164)) - RPC server for Client  is listening at /0.0.0.0:34077
2021-10-06 13:07:47,161 [IPC Server Responder] INFO  ipc.Server (Server.java:run(1507)) - IPC Server Responder: starting
2021-10-06 13:07:47,162 [IPC Server listener on 0] INFO  ipc.Server (Server.java:run(1344)) - IPC Server listener on 0: starting
2021-10-06 13:07:47,172 [Listener at 0.0.0.0/34077] INFO  server.StorageContainerManager (StorageContainerManager.java:start(1318)) - ScmBlockLocationProtocol RPC server is listening at /0.0.0.0:43607
2021-10-06 13:07:47,173 [Listener at 0.0.0.0/34077] INFO  server.SCMBlockProtocolServer (SCMBlockProtocolServer.java:start(151)) - RPC server for Block Protocol is listening at /0.0.0.0:43607
2021-10-06 13:07:47,173 [IPC Server Responder] INFO  ipc.Server (Server.java:run(1507)) - IPC Server Responder: starting
2021-10-06 13:07:47,174 [IPC Server listener on 0] INFO  ipc.Server (Server.java:run(1344)) - IPC Server listener on 0: starting
2021-10-06 13:07:47,178 [Listener at 0.0.0.0/34077] INFO  server.StorageContainerManager (StorageContainerManager.java:start(1324)) - ScmDatanodeProtocl RPC server is listening at /0.0.0.0:34503
2021-10-06 13:07:47,179 [Listener at 0.0.0.0/34077] INFO  server.SCMDatanodeProtocolServer (SCMDatanodeProtocolServer.java:start(181)) - RPC server for DataNodes is listening at /0.0.0.0:34503
2021-10-06 13:07:47,180 [IPC Server Responder] INFO  ipc.Server (Server.java:run(1507)) - IPC Server Responder: starting
2021-10-06 13:07:47,181 [IPC Server listener on 0] INFO  ipc.Server (Server.java:run(1344)) - IPC Server listener on 0: starting
2021-10-06 13:07:47,203 [org.apache.hadoop.util.JvmPauseMonitor$Monitor@188ae8d2] INFO  util.JvmPauseMonitor (JvmPauseMonitor.java:run(188)) - Starting JVM pause monitor
2021-10-06 13:07:47,212 [Listener at 0.0.0.0/34077] INFO  http.BaseHttpServer (BaseHttpServer.java:newHttpServer2BuilderForOzone(209)) - Starting Web-server for scm at: http://0.0.0.0:0
2021-10-06 13:07:47,213 [Listener at 0.0.0.0/34077] INFO  http.BaseHttpServer (BaseHttpServer.java:<init>(107)) - Hadoop Security Enabled: false Ozone Security Enabled: false Ozone HTTP Security Enabled: false 
2021-10-06 13:07:47,245 [Listener at 0.0.0.0/34077] INFO  util.log (Log.java:initialized(170)) - Logging initialized @4550ms to org.eclipse.jetty.util.log.Slf4jLog
2021-10-06 13:07:47,356 [Listener at 0.0.0.0/34077] INFO  server.AuthenticationFilter (AuthenticationFilter.java:constructSecretProvider(240)) - Unable to initialize FileSignerSecretProvider, falling back to use random secrets.
2021-10-06 13:07:47,363 [Listener at 0.0.0.0/34077] WARN  http.HttpRequestLog (HttpRequestLog.java:getRequestLog(103)) - Jetty request log can only be enabled using Log4j
2021-10-06 13:07:47,368 [Listener at 0.0.0.0/34077] INFO  http.HttpServer2 (HttpServer2.java:addGlobalFilter(1030)) - Added global filter 'safety' (class=org.apache.hadoop.hdds.server.http.HttpServer2$QuotingInputFilter)
2021-10-06 13:07:47,370 [Listener at 0.0.0.0/34077] INFO  http.HttpServer2 (HttpServer2.java:addFilter(1006)) - Added filter static_user_filter (class=org.apache.hadoop.http.lib.StaticUserWebFilter$StaticUserFilter) to context scm
2021-10-06 13:07:47,370 [Listener at 0.0.0.0/34077] INFO  http.HttpServer2 (HttpServer2.java:addFilter(1014)) - Added filter static_user_filter (class=org.apache.hadoop.http.lib.StaticUserWebFilter$StaticUserFilter) to context logs
2021-10-06 13:07:47,371 [Listener at 0.0.0.0/34077] INFO  http.HttpServer2 (HttpServer2.java:addFilter(1014)) - Added filter static_user_filter (class=org.apache.hadoop.http.lib.StaticUserWebFilter$StaticUserFilter) to context static
2021-10-06 13:07:47,412 [Listener at 0.0.0.0/34077] INFO  http.HttpServer2 (HttpServer2.java:bindListener(1249)) - Jetty bound to port 36749
2021-10-06 13:07:47,413 [Listener at 0.0.0.0/34077] INFO  server.Server (Server.java:doStart(375)) - jetty-9.4.43.v20210629; built: 2021-06-30T11:07:22.254Z; git: 526006ecfa3af7f1a27ef3a288e2bef7ea9dd7e8; jvm 1.8.0_292-b10
2021-10-06 13:07:47,452 [Listener at 0.0.0.0/34077] INFO  server.session (DefaultSessionIdManager.java:doStart(334)) - DefaultSessionIdManager workerName=node0
2021-10-06 13:07:47,452 [Listener at 0.0.0.0/34077] INFO  server.session (DefaultSessionIdManager.java:doStart(339)) - No SessionScavenger set, using defaults
2021-10-06 13:07:47,454 [Listener at 0.0.0.0/34077] INFO  server.session (HouseKeeper.java:startScavenging(132)) - node0 Scavenging every 600000ms
2021-10-06 13:07:47,477 [Listener at 0.0.0.0/34077] INFO  handler.ContextHandler (ContextHandler.java:doStart(915)) - Started o.e.j.s.ServletContextHandler@7741507c{logs,/logs,file:///home/runner/work/ozone/ozone/hadoop-ozone/integration-test/target/log,AVAILABLE}
2021-10-06 13:07:47,478 [Listener at 0.0.0.0/34077] INFO  handler.ContextHandler (ContextHandler.java:doStart(915)) - Started o.e.j.s.ServletContextHandler@41cf4272{static,/static,file:///home/runner/work/ozone/ozone/hadoop-ozone/integration-test/target/test-classes/webapps/static,AVAILABLE}
2021-10-06 13:07:47,534 [Listener at 0.0.0.0/34077] INFO  handler.ContextHandler (ContextHandler.java:doStart(915)) - Started o.e.j.w.WebAppContext@2ebcbf9d{scm,/,file:///home/runner/work/ozone/ozone/hadoop-ozone/integration-test/target/test-classes/webapps/scm/,AVAILABLE}{file:/home/runner/work/ozone/ozone/hadoop-ozone/integration-test/target/test-classes/webapps/scm}
2021-10-06 13:07:47,546 [Listener at 0.0.0.0/34077] INFO  server.AbstractConnector (AbstractConnector.java:doStart(331)) - Started ServerConnector@6fdd3382{HTTP/1.1, (http/1.1)}{0.0.0.0:36749}
2021-10-06 13:07:47,546 [Listener at 0.0.0.0/34077] INFO  server.Server (Server.java:doStart(415)) - Started @4851ms
2021-10-06 13:07:47,548 [Listener at 0.0.0.0/34077] INFO  impl.MetricsSinkAdapter (MetricsSinkAdapter.java:start(204)) - Sink prometheus started
2021-10-06 13:07:47,548 [Listener at 0.0.0.0/34077] INFO  impl.MetricsSystemImpl (MetricsSystemImpl.java:registerSink(305)) - Registered sink prometheus
2021-10-06 13:07:47,549 [Listener at 0.0.0.0/34077] INFO  http.BaseHttpServer (BaseHttpServer.java:updateConnectorAddress(329)) - HTTP server of scm listening at http://0.0.0.0:36749
2021-10-06 13:07:47,654 [Listener at 0.0.0.0/34077] INFO  ha.OMHANodeDetails (OMHANodeDetails.java:loadOMHAConfig(118)) - ServiceID for OzoneManager is om-service-test1
2021-10-06 13:07:47,659 [Listener at 0.0.0.0/34077] INFO  ha.OMHANodeDetails (OMHANodeDetails.java:loadOMHAConfig(194)) - Found matching OM address with OMServiceId: om-service-test1, OMNodeId: omNode-1, RPC Address: localhost:11296 and Ratis port: 11300
2021-10-06 13:07:47,660 [Listener at 0.0.0.0/34077] INFO  ha.OMHANodeDetails (ConfUtils.java:setNodeSpecificConfigs(108)) - Setting configuration key ozone.om.http-address with value of key ozone.om.http-address.om-service-test1.omNode-1: 127.0.0.1:11298
2021-10-06 13:07:47,660 [Listener at 0.0.0.0/34077] INFO  ha.OMHANodeDetails (ConfUtils.java:setNodeSpecificConfigs(108)) - Setting configuration key ozone.om.https-address with value of key ozone.om.https-address.om-service-test1.omNode-1: 127.0.0.1:11299
2021-10-06 13:07:47,660 [Listener at 0.0.0.0/34077] INFO  ha.OMHANodeDetails (ConfUtils.java:setNodeSpecificConfigs(108)) - Setting configuration key ozone.om.address with value of key ozone.om.address.om-service-test1.omNode-1: 127.0.0.1:11296
2021-10-06 13:07:47,661 [Listener at 0.0.0.0/34077] WARN  server.ServerUtils (ServerUtils.java:getDBPath(225)) - ozone.om.db.dirs is not configured. We recommend adding this setting. Falling back to ozone.metadata.dirs instead.
OM initialization succeeded.Current cluster id for sd=/home/runner/work/ozone/ozone/hadoop-ozone/integration-test/target/test-dir/MiniOzoneClusterImpl-c79ebf65-7f2a-452c-95f4-518756688277/omNode-1/om;cid=c79ebf65-7f2a-452c-95f4-518756688277;layoutVersion=0
2021-10-06 13:07:47,936 [Listener at 0.0.0.0/34077] INFO  ha.OMHANodeDetails (OMHANodeDetails.java:loadOMHAConfig(118)) - ServiceID for OzoneManager is om-service-test1
2021-10-06 13:07:47,937 [Listener at 0.0.0.0/34077] INFO  ha.OMHANodeDetails (OMHANodeDetails.java:loadOMHAConfig(194)) - Found matching OM address with OMServiceId: om-service-test1, OMNodeId: omNode-1, RPC Address: localhost:11296 and Ratis port: 11300
2021-10-06 13:07:47,937 [Listener at 0.0.0.0/34077] INFO  ha.OMHANodeDetails (ConfUtils.java:setNodeSpecificConfigs(108)) - Setting configuration key ozone.om.http-address with value of key ozone.om.http-address.om-service-test1.omNode-1: 127.0.0.1:11298
2021-10-06 13:07:47,937 [Listener at 0.0.0.0/34077] INFO  ha.OMHANodeDetails (ConfUtils.java:setNodeSpecificConfigs(108)) - Setting configuration key ozone.om.https-address with value of key ozone.om.https-address.om-service-test1.omNode-1: 127.0.0.1:11299
2021-10-06 13:07:47,937 [Listener at 0.0.0.0/34077] INFO  ha.OMHANodeDetails (ConfUtils.java:setNodeSpecificConfigs(108)) - Setting configuration key ozone.om.address with value of key ozone.om.address.om-service-test1.omNode-1: 127.0.0.1:11296
2021-10-06 13:07:47,938 [Listener at 0.0.0.0/34077] WARN  server.ServerUtils (ServerUtils.java:getDBPath(225)) - ozone.om.db.dirs is not configured. We recommend adding this setting. Falling back to ozone.metadata.dirs instead.
2021-10-06 13:07:47,940 [Listener at 0.0.0.0/34077] INFO  upgrade.AbstractLayoutVersionManager (AbstractLayoutVersionManager.java:init(79)) - Initializing Layout version manager with metadata layout = INITIAL_VERSION (version = 0), software layout = INITIAL_VERSION (version = 0)
2021-10-06 13:07:47,996 [Listener at 0.0.0.0/34077] INFO  reflections.Reflections (Reflections.java:scan(232)) - Reflections took 42 ms to scan 2 urls, producing 131 keys and 342 values [using 2 cores]
2021-10-06 13:07:48,003 [Listener at 0.0.0.0/34077] INFO  upgrade.OMLayoutVersionManager (OMLayoutVersionManager.java:lambda$0(115)) - Skipping Upgrade Action MockOmUpgradeAction since it has been finalized.
2021-10-06 13:07:48,005 [Listener at 0.0.0.0/34077] WARN  server.ServerUtils (ServerUtils.java:getDBPath(225)) - ozone.om.db.dirs is not configured. We recommend adding this setting. Falling back to ozone.metadata.dirs instead.
2021-10-06 13:07:48,193 [Listener at 0.0.0.0/34077] WARN  server.ServerUtils (ServerUtils.java:getDBPath(225)) - ozone.om.db.dirs is not configured. We recommend adding this setting. Falling back to ozone.metadata.dirs instead.
2021-10-06 13:07:48,200 [Listener at 0.0.0.0/34077] INFO  codec.OmKeyInfoCodec (OmKeyInfoCodec.java:<init>(51)) - OmKeyInfoCodec ignorePipeline = true
2021-10-06 13:07:48,203 [Listener at 0.0.0.0/34077] INFO  codec.RepeatedOmKeyInfoCodec (RepeatedOmKeyInfoCodec.java:<init>(42)) - RepeatedOmKeyInfoCodec ignorePipeline = true
2021-10-06 13:07:48,432 [Listener at 0.0.0.0/34077] INFO  om.OzoneManager (OzoneManager.java:addS3GVolumeToDB(4127)) - Created Volume s3v With Owner runner required for S3Gateway operations.
2021-10-06 13:07:48,506 [Listener at 0.0.0.0/34077] WARN  server.ServerUtils (ServerUtils.java:getDefaultRatisDirectory(237)) - Storage directory for Ratis is not configured. It is a good idea to map this to an SSD disk. Falling back to ozone.metadata.dirs
2021-10-06 13:07:48,506 [Listener at 0.0.0.0/34077] WARN  utils.OzoneManagerRatisUtils (OzoneManagerRatisUtils.java:getOMRatisSnapshotDirectory(435)) - ozone.om.ratis.snapshot.dir is not configured. Falling back to ozone.metadata.dirs config
2021-10-06 13:07:48,528 [Listener at 0.0.0.0/34077] INFO  snapshot.OzoneManagerSnapshotProvider (OzoneManagerSnapshotProvider.java:<init>(76)) - Initializing OM Snapshot Provider
2021-10-06 13:07:48,634 [Listener at 0.0.0.0/34077] WARN  server.ServerUtils (ServerUtils.java:getDefaultRatisDirectory(237)) - Storage directory for Ratis is not configured. It is a good idea to map this to an SSD disk. Falling back to ozone.metadata.dirs
2021-10-06 13:07:48,664 [Listener at 0.0.0.0/34077] INFO  ratis.OzoneManagerRatisServer (OzoneManagerRatisServer.java:<init>(158)) - Instantiating OM Ratis server with groupID: om-service-test1 and peers: localhost:11300, localhost:11312, localhost:11306
2021-10-06 13:07:48,674 [Listener at 0.0.0.0/34077] INFO  ratis.OzoneManagerStateMachine (OzoneManagerStateMachine.java:loadSnapshotInfoFromDB(605)) - LastAppliedIndex is set from TransactionInfo from OM DB as (t:0, i:~)
2021-10-06 13:07:48,708 [Listener at 0.0.0.0/34077] INFO  server.RaftServer (ConfUtils.java:logGet(44)) - raft.rpc.type = GRPC (default)
2021-10-06 13:07:48,788 [Listener at 0.0.0.0/34077] INFO  grpc.GrpcFactory (GrpcFactory.java:checkPooledByteBufAllocatorUseCacheForAllThreads(48)) - PERFORMANCE WARNING: useCacheForAllThreads is true that may cause Netty to create a lot garbage objects and, as a result, trigger GC.
	It is recommended to disable useCacheForAllThreads by setting -Dorg.apache.ratis.thirdparty.io.netty.allocator.useCacheForAllThreads=false in command line.
2021-10-06 13:07:48,792 [Listener at 0.0.0.0/34077] INFO  grpc.GrpcConfigKeys (ConfUtils.java:logGet(44)) - raft.grpc.admin.port = -1 (default)
2021-10-06 13:07:48,793 [Listener at 0.0.0.0/34077] INFO  grpc.GrpcConfigKeys (ConfUtils.java:logGet(44)) - raft.grpc.server.port = 11300 (custom)
2021-10-06 13:07:48,793 [Listener at 0.0.0.0/34077] INFO  grpc.GrpcConfigKeys (ConfUtils.java:logGet(44)) - raft.grpc.client.port = -1 (default)
2021-10-06 13:07:48,793 [Listener at 0.0.0.0/34077] INFO  grpc.GrpcConfigKeys (ConfUtils.java:logGet(44)) - raft.grpc.server.port = 11300 (custom)
2021-10-06 13:07:48,794 [Listener at 0.0.0.0/34077] INFO  grpc.GrpcConfigKeys (ConfUtils.java:logGet(44)) - raft.grpc.server.port = 11300 (custom)
2021-10-06 13:07:48,794 [Listener at 0.0.0.0/34077] INFO  server.GrpcService (ConfUtils.java:logGet(44)) - raft.grpc.message.size.max = 33554432 (custom)
2021-10-06 13:07:48,795 [Listener at 0.0.0.0/34077] INFO  server.RaftServerConfigKeys (ConfUtils.java:logGet(44)) - raft.server.log.appender.buffer.byte-limit = 33554432 (custom)
2021-10-06 13:07:48,796 [Listener at 0.0.0.0/34077] INFO  server.GrpcService (ConfUtils.java:logGet(44)) - raft.grpc.flow.control.window = 1MB (=1048576) (default)
2021-10-06 13:07:48,797 [Listener at 0.0.0.0/34077] INFO  server.RaftServerConfigKeys (ConfUtils.java:logGet(44)) - raft.server.rpc.request.timeout = 3000ms (default)
2021-10-06 13:07:49,150 [Listener at 0.0.0.0/34077] INFO  impl.DataStreamServerImpl (ConfUtils.java:logGet(44)) - raft.datastream.type = DISABLED (default)
2021-10-06 13:07:49,152 [Listener at 0.0.0.0/34077] INFO  server.RaftServerConfigKeys (ConfUtils.java:logGet(44)) - raft.server.rpc.slowness.timeout = 2s (custom)
2021-10-06 13:07:49,153 [Listener at 0.0.0.0/34077] INFO  server.RaftServerConfigKeys (ConfUtils.java:logGet(44)) - raft.server.leaderelection.leader.step-down.wait-time = 10s (default)
2021-10-06 13:07:49,172 [Listener at 0.0.0.0/34077] INFO  server.RaftServerConfigKeys (ConfUtils.java:logGet(44)) - raft.server.storage.dir = [/home/runner/work/ozone/ozone/hadoop-ozone/integration-test/target/test-dir/MiniOzoneClusterImpl-c79ebf65-7f2a-452c-95f4-518756688277/omNode-1/ratis] (custom)
2021-10-06 13:07:49,184 [Listener at 0.0.0.0/34077] INFO  server.RaftServer (RaftServerProxy.java:addNew(95)) - omNode-1: addNew group-523986131536:[omNode-3|rpc:localhost:11312|priority:0, omNode-1|rpc:localhost:11300|priority:0, omNode-2|rpc:localhost:11306|priority:0] returns group-523986131536:java.util.concurrent.CompletableFuture@5f18f8a1[Not completed]
2021-10-06 13:07:49,184 [Listener at 0.0.0.0/34077] INFO  om.OzoneManager (OzoneManager.java:initializeRatisServer(1585)) - OzoneManager Ratis server initialized at port 11300
2021-10-06 13:07:49,204 [Listener at 0.0.0.0/34077] INFO  ipc.CallQueueManager (CallQueueManager.java:<init>(90)) - Using callQueue: class java.util.concurrent.LinkedBlockingQueue, queueCapacity: 2000, scheduler: class org.apache.hadoop.ipc.DefaultRpcScheduler, ipcBackoff: false.
2021-10-06 13:07:49,205 [Socket Reader #1 for port 11296] INFO  ipc.Server (Server.java:run(1265)) - Starting Socket Reader #1 for port 11296
2021-10-06 13:07:49,226 [pool-39-thread-1] INFO  server.RaftServer$Division (RaftServerImpl.java:<init>(181)) - omNode-1: new RaftServerImpl for group-523986131536:[omNode-3|rpc:localhost:11312|priority:0, omNode-1|rpc:localhost:11300|priority:0, omNode-2|rpc:localhost:11306|priority:0] with OzoneManagerStateMachine:uninitialized
2021-10-06 13:07:49,229 [pool-39-thread-1] INFO  server.RaftServerConfigKeys (ConfUtils.java:logGet(44)) - raft.server.rpc.timeout.min = 1s (custom)
2021-10-06 13:07:49,238 [pool-39-thread-1] INFO  server.RaftServerConfigKeys (ConfUtils.java:logGet(44)) - raft.server.rpc.timeout.max = 1200ms (custom)
2021-10-06 13:07:49,245 [pool-39-thread-1] INFO  server.RaftServerConfigKeys (ConfUtils.java:logGet(44)) - raft.server.rpc.sleep.time = 25ms (default)
2021-10-06 13:07:49,245 [pool-39-thread-1] INFO  server.RaftServerConfigKeys (ConfUtils.java:logGet(44)) - raft.server.rpc.slowness.timeout = 2s (custom)
2021-10-06 13:07:49,245 [pool-39-thread-1] INFO  server.RaftServerConfigKeys (ConfUtils.java:logGet(44)) - raft.server.leaderelection.leader.step-down.wait-time = 10s (default)
2021-10-06 13:07:49,245 [pool-39-thread-1] INFO  server.RaftServerConfigKeys (ConfUtils.java:logGet(44)) - raft.server.sleep.deviation.threshold = 300ms (default)
2021-10-06 13:07:49,246 [pool-39-thread-1] INFO  server.RaftServerConfigKeys (ConfUtils.java:logGet(44)) - raft.server.log.appender.install.snapshot.enabled = false (custom)
2021-10-06 13:07:49,253 [pool-39-thread-1] INFO  server.RaftServer$Division (ServerState.java:<init>(105)) - omNode-1@group-523986131536: ConfigurationManager, init=-1: [omNode-3|rpc:localhost:11312|priority:0, omNode-1|rpc:localhost:11300|priority:0, omNode-2|rpc:localhost:11306|priority:0], old=null, confs=<EMPTY_MAP>
2021-10-06 13:07:49,253 [pool-39-thread-1] INFO  server.RaftServerConfigKeys (ConfUtils.java:logGet(44)) - raft.server.storage.dir = [/home/runner/work/ozone/ozone/hadoop-ozone/integration-test/target/test-dir/MiniOzoneClusterImpl-c79ebf65-7f2a-452c-95f4-518756688277/omNode-1/ratis] (custom)
2021-10-06 13:07:49,259 [pool-39-thread-1] INFO  server.RaftServerConfigKeys (ConfUtils.java:logGet(44)) - raft.server.log.corruption.policy = EXCEPTION (default)
2021-10-06 13:07:49,259 [pool-39-thread-1] INFO  server.RaftServerConfigKeys (ConfUtils.java:logGet(44)) - raft.server.storage.free-space.min = 0MB (=0) (default)
2021-10-06 13:07:49,261 [pool-39-thread-1] INFO  storage.RaftStorageDirectory (RaftStorageDirectoryImpl.java:analyzeStorage(135)) - The storage directory /home/runner/work/ozone/ozone/hadoop-ozone/integration-test/target/test-dir/MiniOzoneClusterImpl-c79ebf65-7f2a-452c-95f4-518756688277/omNode-1/ratis/c9bc4cf4-3bc3-3c60-a66b-523986131536 does not exist. Creating ...
2021-10-06 13:07:49,265 [pool-39-thread-1] INFO  storage.RaftStorageDirectory (RaftStorageDirectoryImpl.java:tryLock(230)) - Lock on /home/runner/work/ozone/ozone/hadoop-ozone/integration-test/target/test-dir/MiniOzoneClusterImpl-c79ebf65-7f2a-452c-95f4-518756688277/omNode-1/ratis/c9bc4cf4-3bc3-3c60-a66b-523986131536/in_use.lock acquired by nodename 7604@fv-az151-432
2021-10-06 13:07:49,267 [Listener at 127.0.0.1/11296] INFO  om.OzoneManager (OzoneManager.java:initFSOLayout(4333)) - Configured ozone.om.metadata.layout=SIMPLE and disabled optimized OM FS operations
2021-10-06 13:07:49,271 [Listener at 127.0.0.1/11296] INFO  impl.MetricsSystemImpl (MetricsSystemImpl.java:init(158)) - OzoneManager metrics system started (again)
2021-10-06 13:07:49,276 [pool-39-thread-1] INFO  storage.RaftStorage (RaftStorageImpl.java:format(89)) - Storage directory /home/runner/work/ozone/ozone/hadoop-ozone/integration-test/target/test-dir/MiniOzoneClusterImpl-c79ebf65-7f2a-452c-95f4-518756688277/omNode-1/ratis/c9bc4cf4-3bc3-3c60-a66b-523986131536 has been successfully formatted.
2021-10-06 13:07:49,287 [pool-39-thread-1] INFO  server.RaftServerConfigKeys (ConfUtils.java:logGet(44)) - raft.server.notification.no-leader.timeout = 2s (custom)
2021-10-06 13:07:49,293 [pool-39-thread-1] INFO  server.RaftServerConfigKeys (ConfUtils.java:logGet(44)) - raft.server.log.use.memory = false (default)
2021-10-06 13:07:49,306 [Listener at 127.0.0.1/11296] INFO  om.OzoneManager (OzoneManager.java:start(1281)) - OzoneManager RPC server is listening at localhost/127.0.0.1:11296
2021-10-06 13:07:49,307 [Listener at 127.0.0.1/11296] INFO  ratis.OzoneManagerRatisServer (OzoneManagerRatisServer.java:start(516)) - Starting OzoneManagerRatisServer omNode-1 at port 11300
2021-10-06 13:07:49,307 [pool-39-thread-1] INFO  server.RaftServerConfigKeys (ConfUtils.java:logGet(44)) - raft.server.log.purge.gap = 50 (custom)
2021-10-06 13:07:49,307 [pool-39-thread-1] INFO  server.RaftServerConfigKeys (ConfUtils.java:logGet(44)) - raft.server.log.appender.buffer.byte-limit = 33554432 (custom)
2021-10-06 13:07:49,322 [pool-39-thread-1] INFO  server.RaftServerConfigKeys (ConfUtils.java:logGet(44)) - raft.server.log.segment.size.max = 4194304 (custom)
2021-10-06 13:07:49,331 [pool-39-thread-1] INFO  server.RaftServerConfigKeys (ConfUtils.java:logGet(44)) - raft.server.log.segment.cache.num.max = 2 (custom)
2021-10-06 13:07:49,331 [pool-39-thread-1] INFO  server.RaftServerConfigKeys (ConfUtils.java:logGet(44)) - raft.server.log.segment.cache.size.max = 200MB (=209715200) (default)
2021-10-06 13:07:49,338 [pool-39-thread-1] INFO  segmented.SegmentedRaftLogWorker (SegmentedRaftLogWorker.java:<init>(182)) - new omNode-1@group-523986131536-SegmentedRaftLogWorker for RaftStorageImpl:Storage Directory /home/runner/work/ozone/ozone/hadoop-ozone/integration-test/target/test-dir/MiniOzoneClusterImpl-c79ebf65-7f2a-452c-95f4-518756688277/omNode-1/ratis/c9bc4cf4-3bc3-3c60-a66b-523986131536
2021-10-06 13:07:49,339 [pool-39-thread-1] INFO  server.RaftServerConfigKeys (ConfUtils.java:logGet(44)) - raft.server.log.queue.byte-limit = 64MB (=67108864) (default)
2021-10-06 13:07:49,340 [pool-39-thread-1] INFO  server.RaftServerConfigKeys (ConfUtils.java:logGet(44)) - raft.server.log.queue.element-limit = 4096 (default)
2021-10-06 13:07:49,341 [pool-39-thread-1] INFO  server.RaftServerConfigKeys (ConfUtils.java:logGet(44)) - raft.server.log.segment.size.max = 4194304 (custom)
2021-10-06 13:07:49,341 [pool-39-thread-1] INFO  server.RaftServerConfigKeys (ConfUtils.java:logGet(44)) - raft.server.log.preallocated.size = 4194304 (custom)
2021-10-06 13:07:49,342 [pool-39-thread-1] INFO  server.RaftServerConfigKeys (ConfUtils.java:logGet(44)) - raft.server.log.force.sync.num = 128 (default)
2021-10-06 13:07:49,343 [pool-39-thread-1] INFO  server.RaftServerConfigKeys (ConfUtils.java:logGet(44)) - raft.server.log.statemachine.data.sync = true (default)
2021-10-06 13:07:49,344 [pool-39-thread-1] INFO  server.RaftServerConfigKeys (ConfUtils.java:logGet(44)) - raft.server.log.statemachine.data.sync.timeout = 10s (default)
2021-10-06 13:07:49,344 [pool-39-thread-1] INFO  server.RaftServerConfigKeys (ConfUtils.java:logGet(44)) - raft.server.log.statemachine.data.sync.timeout.retry = -1 (default)
2021-10-06 13:07:49,355 [pool-39-thread-1] INFO  server.RaftServerConfigKeys (ConfUtils.java:logGet(44)) - raft.server.log.write.buffer.size = 64KB (=65536) (default)
2021-10-06 13:07:49,356 [pool-39-thread-1] INFO  server.RaftServerConfigKeys (ConfUtils.java:logGet(44)) - raft.server.log.statemachine.data.caching.enabled = false (default)
2021-10-06 13:07:49,363 [pool-39-thread-1] INFO  segmented.SegmentedRaftLogWorker (SegmentedRaftLogWorker.java:lambda$new$0(133)) - omNode-1@group-523986131536-SegmentedRaftLogWorker: flushIndex: setUnconditionally 0 -> -1
2021-10-06 13:07:49,363 [pool-39-thread-1] INFO  segmented.SegmentedRaftLogWorker (SegmentedRaftLogWorker.java:lambda$new$0(133)) - omNode-1@group-523986131536-SegmentedRaftLogWorker: safeCacheEvictIndex: setUnconditionally 0 -> -1
2021-10-06 13:07:49,368 [pool-39-thread-1] INFO  server.RaftServerConfigKeys (ConfUtils.java:logGet(44)) - raft.server.snapshot.auto.trigger.enabled = true (custom)
2021-10-06 13:07:49,369 [pool-39-thread-1] INFO  server.RaftServerConfigKeys (ConfUtils.java:logGet(44)) - raft.server.snapshot.auto.trigger.threshold = 50 (custom)
2021-10-06 13:07:49,370 [pool-39-thread-1] INFO  server.RaftServerConfigKeys (ConfUtils.java:logGet(44)) - raft.server.snapshot.retention.file.num = -1 (default)
2021-10-06 13:07:49,371 [pool-39-thread-1] INFO  server.RaftServerConfigKeys (ConfUtils.java:logGet(44)) - raft.server.log.purge.upto.snapshot.index = true (custom)
2021-10-06 13:07:49,372 [pool-39-thread-1] INFO  server.RaftServerConfigKeys (ConfUtils.java:logGet(44)) - raft.server.retrycache.expirytime = 30000ms (custom)
2021-10-06 13:07:49,372 [pool-39-thread-1] INFO  server.RaftServerConfigKeys (ConfUtils.java:logGet(44)) - raft.server.retrycache.statistics.expirytime = 100μs (default)
2021-10-06 13:07:49,418 [Listener at 127.0.0.1/11296] INFO  server.RaftServer$Division (RaftServerImpl.java:start(296)) - omNode-1@group-523986131536: start as a follower, conf=-1: [omNode-3|rpc:localhost:11312|priority:0, omNode-1|rpc:localhost:11300|priority:0, omNode-2|rpc:localhost:11306|priority:0], old=null
2021-10-06 13:07:49,420 [Listener at 127.0.0.1/11296] INFO  server.RaftServer$Division (RaftServerImpl.java:setRole(285)) - omNode-1@group-523986131536: changes role from      null to FOLLOWER at term 0 for startAsFollower
2021-10-06 13:07:49,421 [Listener at 127.0.0.1/11296] INFO  impl.RoleInfo (RoleInfo.java:updateAndGet(130)) - omNode-1: start omNode-1@group-523986131536-FollowerState
2021-10-06 13:07:49,423 [Listener at 127.0.0.1/11296] INFO  util.JmxRegister (JmxRegister.java:tryRegister(44)) - Successfully registered JMX Bean with object name Ratis:service=RaftServer,group=group-523986131536,id=omNode-1
2021-10-06 13:07:49,427 [Listener at 127.0.0.1/11296] INFO  server.RaftServer (RaftServerProxy.java:lambda$start$5(374)) - omNode-1: start RPC server
2021-10-06 13:07:49,499 [Listener at 127.0.0.1/11296] INFO  server.GrpcService (GrpcService.java:startImpl(253)) - omNode-1: GrpcService started, listening on 11300
2021-10-06 13:07:49,508 [org.apache.ratis.util.JvmPauseMonitor$$Lambda$523/1217636848@70de1e65] INFO  util.JvmPauseMonitor (JvmPauseMonitor.java:run(103)) - JvmPauseMonitor-omNode-1: Started
2021-10-06 13:07:49,508 [Listener at 127.0.0.1/11296] INFO  om.OzoneManager (OzoneManager.java:start(1299)) - Version File has different layout version (0) than OM DB (null). That is expected if this OM has never been finalized to a newer layout version.
2021-10-06 13:07:49,517 [Listener at 127.0.0.1/11296] INFO  http.BaseHttpServer (BaseHttpServer.java:newHttpServer2BuilderForOzone(209)) - Starting Web-server for ozoneManager at: http://0.0.0.0:11298
2021-10-06 13:07:49,517 [Listener at 127.0.0.1/11296] INFO  http.BaseHttpServer (BaseHttpServer.java:<init>(107)) - Hadoop Security Enabled: false Ozone Security Enabled: false Ozone HTTP Security Enabled: false 
2021-10-06 13:07:49,519 [Listener at 127.0.0.1/11296] INFO  server.AuthenticationFilter (AuthenticationFilter.java:constructSecretProvider(240)) - Unable to initialize FileSignerSecretProvider, falling back to use random secrets.
2021-10-06 13:07:49,521 [Listener at 127.0.0.1/11296] WARN  http.HttpRequestLog (HttpRequestLog.java:getRequestLog(103)) - Jetty request log can only be enabled using Log4j
2021-10-06 13:07:49,523 [Listener at 127.0.0.1/11296] INFO  http.HttpServer2 (HttpServer2.java:addGlobalFilter(1030)) - Added global filter 'safety' (class=org.apache.hadoop.hdds.server.http.HttpServer2$QuotingInputFilter)
2021-10-06 13:07:49,524 [Listener at 127.0.0.1/11296] INFO  http.HttpServer2 (HttpServer2.java:addFilter(1006)) - Added filter static_user_filter (class=org.apache.hadoop.http.lib.StaticUserWebFilter$StaticUserFilter) to context ozoneManager
2021-10-06 13:07:49,524 [Listener at 127.0.0.1/11296] INFO  http.HttpServer2 (HttpServer2.java:addFilter(1014)) - Added filter static_user_filter (class=org.apache.hadoop.http.lib.StaticUserWebFilter$StaticUserFilter) to context static
2021-10-06 13:07:49,524 [Listener at 127.0.0.1/11296] INFO  http.HttpServer2 (HttpServer2.java:addFilter(1014)) - Added filter static_user_filter (class=org.apache.hadoop.http.lib.StaticUserWebFilter$StaticUserFilter) to context logs
2021-10-06 13:07:49,529 [Listener at 127.0.0.1/11296] INFO  http.HttpServer2 (HttpServer2.java:bindListener(1249)) - Jetty bound to port 11298
2021-10-06 13:07:49,529 [Listener at 127.0.0.1/11296] INFO  server.Server (Server.java:doStart(375)) - jetty-9.4.43.v20210629; built: 2021-06-30T11:07:22.254Z; git: 526006ecfa3af7f1a27ef3a288e2bef7ea9dd7e8; jvm 1.8.0_292-b10
2021-10-06 13:07:49,535 [Listener at 127.0.0.1/11296] INFO  server.session (DefaultSessionIdManager.java:doStart(334)) - DefaultSessionIdManager workerName=node0
2021-10-06 13:07:49,535 [Listener at 127.0.0.1/11296] INFO  server.session (DefaultSessionIdManager.java:doStart(339)) - No SessionScavenger set, using defaults
2021-10-06 13:07:49,536 [Listener at 127.0.0.1/11296] INFO  server.session (HouseKeeper.java:startScavenging(132)) - node0 Scavenging every 600000ms
2021-10-06 13:07:49,537 [Listener at 127.0.0.1/11296] INFO  handler.ContextHandler (ContextHandler.java:doStart(915)) - Started o.e.j.s.ServletContextHandler@325f9758{logs,/logs,file:///home/runner/work/ozone/ozone/hadoop-ozone/integration-test/target/log,AVAILABLE}
2021-10-06 13:07:49,537 [Listener at 127.0.0.1/11296] INFO  handler.ContextHandler (ContextHandler.java:doStart(915)) - Started o.e.j.s.ServletContextHandler@6364e814{static,/static,file:///home/runner/work/ozone/ozone/hadoop-ozone/integration-test/target/test-classes/webapps/static,AVAILABLE}
2021-10-06 13:07:49,543 [Listener at 127.0.0.1/11296] INFO  handler.ContextHandler (ContextHandler.java:doStart(915)) - Started o.e.j.w.WebAppContext@250268ef{ozoneManager,/,file:///home/runner/work/ozone/ozone/hadoop-ozone/integration-test/target/test-classes/webapps/ozoneManager/,AVAILABLE}{file:/home/runner/work/ozone/ozone/hadoop-ozone/integration-test/target/test-classes/webapps/ozoneManager}
2021-10-06 13:07:49,546 [Listener at 127.0.0.1/11296] INFO  server.AbstractConnector (AbstractConnector.java:doStart(331)) - Started ServerConnector@44c6e366{HTTP/1.1, (http/1.1)}{0.0.0.0:11298}
2021-10-06 13:07:49,546 [Listener at 127.0.0.1/11296] INFO  server.Server (Server.java:doStart(415)) - Started @6851ms
2021-10-06 13:07:49,546 [Listener at 127.0.0.1/11296] WARN  impl.MetricsSystemImpl (MetricsSystemImpl.java:register(279)) - Sink prometheus already exists!
2021-10-06 13:07:49,547 [Listener at 127.0.0.1/11296] INFO  http.BaseHttpServer (BaseHttpServer.java:updateConnectorAddress(329)) - HTTP server of ozoneManager listening at http://0.0.0.0:11298
2021-10-06 13:07:49,547 [IPC Server Responder] INFO  ipc.Server (Server.java:run(1507)) - IPC Server Responder: starting
2021-10-06 13:07:49,548 [IPC Server listener on 11296] INFO  ipc.Server (Server.java:run(1344)) - IPC Server listener on 11296: starting
2021-10-06 13:07:49,556 [Listener at 127.0.0.1/11296] INFO  om.OzoneManager (OzoneManager.java:startTrashEmptier(1543)) - Trash Interval set to 0. Files deleted will not move to trash
2021-10-06 13:07:49,557 [Listener at 127.0.0.1/11296] INFO  ozone.MiniOzoneHAClusterImpl (MiniOzoneHAClusterImpl.java:createOMService(485)) - Started OzoneManager omNode-1 RPC server at localhost/127.0.0.1:11296
2021-10-06 13:07:49,558 [Listener at 127.0.0.1/11296] INFO  ha.OMHANodeDetails (OMHANodeDetails.java:loadOMHAConfig(118)) - ServiceID for OzoneManager is om-service-test1
2021-10-06 13:07:49,559 [Listener at 127.0.0.1/11296] INFO  ha.OMHANodeDetails (OMHANodeDetails.java:loadOMHAConfig(194)) - Found matching OM address with OMServiceId: om-service-test1, OMNodeId: omNode-2, RPC Address: localhost:11302 and Ratis port: 11306
2021-10-06 13:07:49,559 [Listener at 127.0.0.1/11296] INFO  ha.OMHANodeDetails (ConfUtils.java:setNodeSpecificConfigs(108)) - Setting configuration key ozone.om.http-address with value of key ozone.om.http-address.om-service-test1.omNode-2: 127.0.0.1:11304
2021-10-06 13:07:49,559 [Listener at 127.0.0.1/11296] INFO  ha.OMHANodeDetails (ConfUtils.java:setNodeSpecificConfigs(108)) - Setting configuration key ozone.om.https-address with value of key ozone.om.https-address.om-service-test1.omNode-2: 127.0.0.1:11305
2021-10-06 13:07:49,559 [Listener at 127.0.0.1/11296] INFO  ha.OMHANodeDetails (ConfUtils.java:setNodeSpecificConfigs(108)) - Setting configuration key ozone.om.address with value of key ozone.om.address.om-service-test1.omNode-2: 127.0.0.1:11302
2021-10-06 13:07:49,559 [Listener at 127.0.0.1/11296] WARN  server.ServerUtils (ServerUtils.java:getDBPath(225)) - ozone.om.db.dirs is not configured. We recommend adding this setting. Falling back to ozone.metadata.dirs instead.
2021-10-06 13:07:49,564 [org.apache.hadoop.util.JvmPauseMonitor$Monitor@4afd8f16] INFO  util.JvmPauseMonitor (JvmPauseMonitor.java:run(188)) - Starting JVM pause monitor
OM initialization succeeded.Current cluster id for sd=/home/runner/work/ozone/ozone/hadoop-ozone/integration-test/target/test-dir/MiniOzoneClusterImpl-c79ebf65-7f2a-452c-95f4-518756688277/omNode-2/om;cid=c79ebf65-7f2a-452c-95f4-518756688277;layoutVersion=0
2021-10-06 13:07:49,569 [Listener at 127.0.0.1/11296] INFO  ha.OMHANodeDetails (OMHANodeDetails.java:loadOMHAConfig(118)) - ServiceID for OzoneManager is om-service-test1
2021-10-06 13:07:49,570 [Listener at 127.0.0.1/11296] INFO  ha.OMHANodeDetails (OMHANodeDetails.java:loadOMHAConfig(194)) - Found matching OM address with OMServiceId: om-service-test1, OMNodeId: omNode-2, RPC Address: localhost:11302 and Ratis port: 11306
2021-10-06 13:07:49,570 [Listener at 127.0.0.1/11296] INFO  ha.OMHANodeDetails (ConfUtils.java:setNodeSpecificConfigs(108)) - Setting configuration key ozone.om.http-address with value of key ozone.om.http-address.om-service-test1.omNode-2: 127.0.0.1:11304
2021-10-06 13:07:49,570 [Listener at 127.0.0.1/11296] INFO  ha.OMHANodeDetails (ConfUtils.java:setNodeSpecificConfigs(108)) - Setting configuration key ozone.om.https-address with value of key ozone.om.https-address.om-service-test1.omNode-2: 127.0.0.1:11305
2021-10-06 13:07:49,570 [Listener at 127.0.0.1/11296] INFO  ha.OMHANodeDetails (ConfUtils.java:setNodeSpecificConfigs(108)) - Setting configuration key ozone.om.address with value of key ozone.om.address.om-service-test1.omNode-2: 127.0.0.1:11302
2021-10-06 13:07:49,571 [Listener at 127.0.0.1/11296] WARN  server.ServerUtils (ServerUtils.java:getDBPath(225)) - ozone.om.db.dirs is not configured. We recommend adding this setting. Falling back to ozone.metadata.dirs instead.
2021-10-06 13:07:49,571 [Listener at 127.0.0.1/11296] INFO  upgrade.AbstractLayoutVersionManager (AbstractLayoutVersionManager.java:init(79)) - Initializing Layout version manager with metadata layout = INITIAL_VERSION (version = 0), software layout = INITIAL_VERSION (version = 0)
2021-10-06 13:07:49,624 [Listener at 127.0.0.1/11296] INFO  reflections.Reflections (Reflections.java:scan(232)) - Reflections took 52 ms to scan 2 urls, producing 131 keys and 342 values [using 2 cores]
2021-10-06 13:07:49,625 [Listener at 127.0.0.1/11296] INFO  upgrade.OMLayoutVersionManager (OMLayoutVersionManager.java:lambda$0(115)) - Skipping Upgrade Action MockOmUpgradeAction since it has been finalized.
2021-10-06 13:07:49,626 [Listener at 127.0.0.1/11296] WARN  server.ServerUtils (ServerUtils.java:getDBPath(225)) - ozone.om.db.dirs is not configured. We recommend adding this setting. Falling back to ozone.metadata.dirs instead.
2021-10-06 13:07:49,633 [Listener at 127.0.0.1/11296] WARN  server.ServerUtils (ServerUtils.java:getDBPath(225)) - ozone.om.db.dirs is not configured. We recommend adding this setting. Falling back to ozone.metadata.dirs instead.
2021-10-06 13:07:49,633 [Listener at 127.0.0.1/11296] INFO  codec.OmKeyInfoCodec (OmKeyInfoCodec.java:<init>(51)) - OmKeyInfoCodec ignorePipeline = true
2021-10-06 13:07:49,633 [Listener at 127.0.0.1/11296] INFO  codec.RepeatedOmKeyInfoCodec (RepeatedOmKeyInfoCodec.java:<init>(42)) - RepeatedOmKeyInfoCodec ignorePipeline = true
2021-10-06 13:07:49,764 [Listener at 127.0.0.1/11296] INFO  om.OzoneManager (OzoneManager.java:addS3GVolumeToDB(4127)) - Created Volume s3v With Owner runner required for S3Gateway operations.
2021-10-06 13:07:49,765 [Listener at 127.0.0.1/11296] WARN  server.ServerUtils (ServerUtils.java:getDefaultRatisDirectory(237)) - Storage directory for Ratis is not configured. It is a good idea to map this to an SSD disk. Falling back to ozone.metadata.dirs
2021-10-06 13:07:49,765 [Listener at 127.0.0.1/11296] WARN  utils.OzoneManagerRatisUtils (OzoneManagerRatisUtils.java:getOMRatisSnapshotDirectory(435)) - ozone.om.ratis.snapshot.dir is not configured. Falling back to ozone.metadata.dirs config
2021-10-06 13:07:49,765 [Listener at 127.0.0.1/11296] INFO  snapshot.OzoneManagerSnapshotProvider (OzoneManagerSnapshotProvider.java:<init>(76)) - Initializing OM Snapshot Provider
2021-10-06 13:07:49,767 [Listener at 127.0.0.1/11296] WARN  impl.MetricRegistriesImpl (MetricRegistriesImpl.java:addReporterRegistration(111)) - New reporters are added after registries were created. Some metrics will be missing from the reporter. Please add reporter before adding any new registry.
2021-10-06 13:07:49,767 [Listener at 127.0.0.1/11296] WARN  impl.MetricRegistriesImpl (MetricRegistriesImpl.java:addReporterRegistration(111)) - New reporters are added after registries were created. Some metrics will be missing from the reporter. Please add reporter before adding any new registry.
2021-10-06 13:07:49,767 [Listener at 127.0.0.1/11296] WARN  server.ServerUtils (ServerUtils.java:getDefaultRatisDirectory(237)) - Storage directory for Ratis is not configured. It is a good idea to map this to an SSD disk. Falling back to ozone.metadata.dirs
2021-10-06 13:07:49,769 [Listener at 127.0.0.1/11296] INFO  ratis.OzoneManagerRatisServer (OzoneManagerRatisServer.java:<init>(158)) - Instantiating OM Ratis server with groupID: om-service-test1 and peers: localhost:11306, localhost:11312, localhost:11300
2021-10-06 13:07:49,769 [Listener at 127.0.0.1/11296] INFO  ratis.OzoneManagerStateMachine (OzoneManagerStateMachine.java:loadSnapshotInfoFromDB(605)) - LastAppliedIndex is set from TransactionInfo from OM DB as (t:0, i:~)
2021-10-06 13:07:49,769 [Listener at 127.0.0.1/11296] INFO  server.RaftServer (ConfUtils.java:logGet(44)) - raft.rpc.type = GRPC (default)
2021-10-06 13:07:49,770 [Listener at 127.0.0.1/11296] INFO  grpc.GrpcFactory (GrpcFactory.java:checkPooledByteBufAllocatorUseCacheForAllThreads(48)) - PERFORMANCE WARNING: useCacheForAllThreads is true that may cause Netty to create a lot garbage objects and, as a result, trigger GC.
	It is recommended to disable useCacheForAllThreads by setting -Dorg.apache.ratis.thirdparty.io.netty.allocator.useCacheForAllThreads=false in command line.
2021-10-06 13:07:49,770 [Listener at 127.0.0.1/11296] INFO  grpc.GrpcConfigKeys (ConfUtils.java:logGet(44)) - raft.grpc.admin.port = -1 (default)
2021-10-06 13:07:49,770 [Listener at 127.0.0.1/11296] INFO  grpc.GrpcConfigKeys (ConfUtils.java:logGet(44)) - raft.grpc.server.port = 11306 (custom)
2021-10-06 13:07:49,770 [Listener at 127.0.0.1/11296] INFO  grpc.GrpcConfigKeys (ConfUtils.java:logGet(44)) - raft.grpc.client.port = -1 (default)
2021-10-06 13:07:49,770 [Listener at 127.0.0.1/11296] INFO  grpc.GrpcConfigKeys (ConfUtils.java:logGet(44)) - raft.grpc.server.port = 11306 (custom)
2021-10-06 13:07:49,770 [Listener at 127.0.0.1/11296] INFO  grpc.GrpcConfigKeys (ConfUtils.java:logGet(44)) - raft.grpc.server.port = 11306 (custom)
2021-10-06 13:07:49,771 [Listener at 127.0.0.1/11296] INFO  server.GrpcService (ConfUtils.java:logGet(44)) - raft.grpc.message.size.max = 33554432 (custom)
2021-10-06 13:07:49,771 [Listener at 127.0.0.1/11296] INFO  server.RaftServerConfigKeys (ConfUtils.java:logGet(44)) - raft.server.log.appender.buffer.byte-limit = 33554432 (custom)
2021-10-06 13:07:49,771 [Listener at 127.0.0.1/11296] INFO  server.GrpcService (ConfUtils.java:logGet(44)) - raft.grpc.flow.control.window = 1MB (=1048576) (default)
2021-10-06 13:07:49,771 [Listener at 127.0.0.1/11296] INFO  server.RaftServerConfigKeys (ConfUtils.java:logGet(44)) - raft.server.rpc.request.timeout = 3000ms (default)
2021-10-06 13:07:49,773 [Listener at 127.0.0.1/11296] INFO  impl.DataStreamServerImpl (ConfUtils.java:logGet(44)) - raft.datastream.type = DISABLED (default)
2021-10-06 13:07:49,773 [Listener at 127.0.0.1/11296] INFO  server.RaftServerConfigKeys (ConfUtils.java:logGet(44)) - raft.server.rpc.slowness.timeout = 2s (custom)
2021-10-06 13:07:49,773 [Listener at 127.0.0.1/11296] INFO  server.RaftServerConfigKeys (ConfUtils.java:logGet(44)) - raft.server.leaderelection.leader.step-down.wait-time = 10s (default)
2021-10-06 13:07:49,773 [Listener at 127.0.0.1/11296] INFO  server.RaftServerConfigKeys (ConfUtils.java:logGet(44)) - raft.server.storage.dir = [/home/runner/work/ozone/ozone/hadoop-ozone/integration-test/target/test-dir/MiniOzoneClusterImpl-c79ebf65-7f2a-452c-95f4-518756688277/omNode-2/ratis] (custom)
2021-10-06 13:07:49,775 [Listener at 127.0.0.1/11296] INFO  server.RaftServer (RaftServerProxy.java:addNew(95)) - omNode-2: addNew group-523986131536:[omNode-3|rpc:localhost:11312|priority:0, omNode-1|rpc:localhost:11300|priority:0, omNode-2|rpc:localhost:11306|priority:0] returns group-523986131536:java.util.concurrent.CompletableFuture@74a9a20d[Not completed]
2021-10-06 13:07:49,775 [Listener at 127.0.0.1/11296] INFO  om.OzoneManager (OzoneManager.java:initializeRatisServer(1585)) - OzoneManager Ratis server initialized at port 11306
2021-10-06 13:07:49,777 [Listener at 127.0.0.1/11296] INFO  ipc.CallQueueManager (CallQueueManager.java:<init>(90)) - Using callQueue: class java.util.concurrent.LinkedBlockingQueue, queueCapacity: 2000, scheduler: class org.apache.hadoop.ipc.DefaultRpcScheduler, ipcBackoff: false.
2021-10-06 13:07:49,778 [pool-62-thread-1] INFO  server.RaftServer$Division (RaftServerImpl.java:<init>(181)) - omNode-2: new RaftServerImpl for group-523986131536:[omNode-3|rpc:localhost:11312|priority:0, omNode-1|rpc:localhost:11300|priority:0, omNode-2|rpc:localhost:11306|priority:0] with OzoneManagerStateMachine:uninitialized
2021-10-06 13:07:49,785 [pool-62-thread-1] INFO  server.RaftServerConfigKeys (ConfUtils.java:logGet(44)) - raft.server.rpc.timeout.min = 1s (custom)
2021-10-06 13:07:49,785 [pool-62-thread-1] INFO  server.RaftServerConfigKeys (ConfUtils.java:logGet(44)) - raft.server.rpc.timeout.max = 1200ms (custom)
2021-10-06 13:07:49,785 [pool-62-thread-1] INFO  server.RaftServerConfigKeys (ConfUtils.java:logGet(44)) - raft.server.rpc.sleep.time = 25ms (default)
2021-10-06 13:07:49,785 [pool-62-thread-1] INFO  server.RaftServerConfigKeys (ConfUtils.java:logGet(44)) - raft.server.rpc.slowness.timeout = 2s (custom)
2021-10-06 13:07:49,786 [pool-62-thread-1] INFO  server.RaftServerConfigKeys (ConfUtils.java:logGet(44)) - raft.server.leaderelection.leader.step-down.wait-time = 10s (default)
2021-10-06 13:07:49,786 [pool-62-thread-1] INFO  server.RaftServerConfigKeys (ConfUtils.java:logGet(44)) - raft.server.sleep.deviation.threshold = 300ms (default)
2021-10-06 13:07:49,786 [pool-62-thread-1] INFO  server.RaftServerConfigKeys (ConfUtils.java:logGet(44)) - raft.server.log.appender.install.snapshot.enabled = false (custom)
2021-10-06 13:07:49,786 [pool-62-thread-1] INFO  server.RaftServer$Division (ServerState.java:<init>(105)) - omNode-2@group-523986131536: ConfigurationManager, init=-1: [omNode-3|rpc:localhost:11312|priority:0, omNode-1|rpc:localhost:11300|priority:0, omNode-2|rpc:localhost:11306|priority:0], old=null, confs=<EMPTY_MAP>
2021-10-06 13:07:49,786 [pool-62-thread-1] INFO  server.RaftServerConfigKeys (ConfUtils.java:logGet(44)) - raft.server.storage.dir = [/home/runner/work/ozone/ozone/hadoop-ozone/integration-test/target/test-dir/MiniOzoneClusterImpl-c79ebf65-7f2a-452c-95f4-518756688277/omNode-2/ratis] (custom)
2021-10-06 13:07:49,786 [pool-62-thread-1] INFO  server.RaftServerConfigKeys (ConfUtils.java:logGet(44)) - raft.server.log.corruption.policy = EXCEPTION (default)
2021-10-06 13:07:49,787 [pool-62-thread-1] INFO  server.RaftServerConfigKeys (ConfUtils.java:logGet(44)) - raft.server.storage.free-space.min = 0MB (=0) (default)
2021-10-06 13:07:49,787 [pool-62-thread-1] INFO  storage.RaftStorageDirectory (RaftStorageDirectoryImpl.java:analyzeStorage(135)) - The storage directory /home/runner/work/ozone/ozone/hadoop-ozone/integration-test/target/test-dir/MiniOzoneClusterImpl-c79ebf65-7f2a-452c-95f4-518756688277/omNode-2/ratis/c9bc4cf4-3bc3-3c60-a66b-523986131536 does not exist. Creating ...
2021-10-06 13:07:49,787 [Socket Reader #1 for port 11302] INFO  ipc.Server (Server.java:run(1265)) - Starting Socket Reader #1 for port 11302
2021-10-06 13:07:49,788 [pool-62-thread-1] INFO  storage.RaftStorageDirectory (RaftStorageDirectoryImpl.java:tryLock(230)) - Lock on /home/runner/work/ozone/ozone/hadoop-ozone/integration-test/target/test-dir/MiniOzoneClusterImpl-c79ebf65-7f2a-452c-95f4-518756688277/omNode-2/ratis/c9bc4cf4-3bc3-3c60-a66b-523986131536/in_use.lock acquired by nodename 7604@fv-az151-432
2021-10-06 13:07:49,797 [pool-62-thread-1] INFO  storage.RaftStorage (RaftStorageImpl.java:format(89)) - Storage directory /home/runner/work/ozone/ozone/hadoop-ozone/integration-test/target/test-dir/MiniOzoneClusterImpl-c79ebf65-7f2a-452c-95f4-518756688277/omNode-2/ratis/c9bc4cf4-3bc3-3c60-a66b-523986131536 has been successfully formatted.
2021-10-06 13:07:49,798 [pool-62-thread-1] INFO  server.RaftServerConfigKeys (ConfUtils.java:logGet(44)) - raft.server.notification.no-leader.timeout = 2s (custom)
2021-10-06 13:07:49,798 [pool-62-thread-1] INFO  server.RaftServerConfigKeys (ConfUtils.java:logGet(44)) - raft.server.log.use.memory = false (default)
2021-10-06 13:07:49,798 [pool-62-thread-1] INFO  server.RaftServerConfigKeys (ConfUtils.java:logGet(44)) - raft.server.log.purge.gap = 50 (custom)
2021-10-06 13:07:49,798 [pool-62-thread-1] INFO  server.RaftServerConfigKeys (ConfUtils.java:logGet(44)) - raft.server.log.appender.buffer.byte-limit = 33554432 (custom)
2021-10-06 13:07:49,799 [pool-62-thread-1] INFO  server.RaftServerConfigKeys (ConfUtils.java:logGet(44)) - raft.server.log.segment.size.max = 4194304 (custom)
2021-10-06 13:07:49,799 [pool-62-thread-1] INFO  server.RaftServerConfigKeys (ConfUtils.java:logGet(44)) - raft.server.log.segment.cache.num.max = 2 (custom)
2021-10-06 13:07:49,799 [pool-62-thread-1] INFO  server.RaftServerConfigKeys (ConfUtils.java:logGet(44)) - raft.server.log.segment.cache.size.max = 200MB (=209715200) (default)
2021-10-06 13:07:49,800 [pool-62-thread-1] INFO  segmented.SegmentedRaftLogWorker (SegmentedRaftLogWorker.java:<init>(182)) - new omNode-2@group-523986131536-SegmentedRaftLogWorker for RaftStorageImpl:Storage Directory /home/runner/work/ozone/ozone/hadoop-ozone/integration-test/target/test-dir/MiniOzoneClusterImpl-c79ebf65-7f2a-452c-95f4-518756688277/omNode-2/ratis/c9bc4cf4-3bc3-3c60-a66b-523986131536
2021-10-06 13:07:49,801 [pool-62-thread-1] INFO  server.RaftServerConfigKeys (ConfUtils.java:logGet(44)) - raft.server.log.queue.byte-limit = 64MB (=67108864) (default)
2021-10-06 13:07:49,801 [pool-62-thread-1] INFO  server.RaftServerConfigKeys (ConfUtils.java:logGet(44)) - raft.server.log.queue.element-limit = 4096 (default)
2021-10-06 13:07:49,801 [pool-62-thread-1] INFO  server.RaftServerConfigKeys (ConfUtils.java:logGet(44)) - raft.server.log.segment.size.max = 4194304 (custom)
2021-10-06 13:07:49,801 [pool-62-thread-1] INFO  server.RaftServerConfigKeys (ConfUtils.java:logGet(44)) - raft.server.log.preallocated.size = 4194304 (custom)
2021-10-06 13:07:49,801 [pool-62-thread-1] INFO  server.RaftServerConfigKeys (ConfUtils.java:logGet(44)) - raft.server.log.force.sync.num = 128 (default)
2021-10-06 13:07:49,802 [pool-62-thread-1] INFO  server.RaftServerConfigKeys (ConfUtils.java:logGet(44)) - raft.server.log.statemachine.data.sync = true (default)
2021-10-06 13:07:49,802 [pool-62-thread-1] INFO  server.RaftServerConfigKeys (ConfUtils.java:logGet(44)) - raft.server.log.statemachine.data.sync.timeout = 10s (default)
2021-10-06 13:07:49,802 [pool-62-thread-1] INFO  server.RaftServerConfigKeys (ConfUtils.java:logGet(44)) - raft.server.log.statemachine.data.sync.timeout.retry = -1 (default)
2021-10-06 13:07:49,803 [pool-62-thread-1] INFO  server.RaftServerConfigKeys (ConfUtils.java:logGet(44)) - raft.server.log.write.buffer.size = 64KB (=65536) (default)
2021-10-06 13:07:49,803 [pool-62-thread-1] INFO  server.RaftServerConfigKeys (ConfUtils.java:logGet(44)) - raft.server.log.statemachine.data.caching.enabled = false (default)
2021-10-06 13:07:49,806 [pool-62-thread-1] INFO  segmented.SegmentedRaftLogWorker (SegmentedRaftLogWorker.java:lambda$new$0(133)) - omNode-2@group-523986131536-SegmentedRaftLogWorker: flushIndex: setUnconditionally 0 -> -1
2021-10-06 13:07:49,806 [pool-62-thread-1] INFO  segmented.SegmentedRaftLogWorker (SegmentedRaftLogWorker.java:lambda$new$0(133)) - omNode-2@group-523986131536-SegmentedRaftLogWorker: safeCacheEvictIndex: setUnconditionally 0 -> -1
2021-10-06 13:07:49,811 [pool-62-thread-1] INFO  server.RaftServerConfigKeys (ConfUtils.java:logGet(44)) - raft.server.snapshot.auto.trigger.enabled = true (custom)
2021-10-06 13:07:49,811 [pool-62-thread-1] INFO  server.RaftServerConfigKeys (ConfUtils.java:logGet(44)) - raft.server.snapshot.auto.trigger.threshold = 50 (custom)
2021-10-06 13:07:49,811 [pool-62-thread-1] INFO  server.RaftServerConfigKeys (ConfUtils.java:logGet(44)) - raft.server.snapshot.retention.file.num = -1 (default)
2021-10-06 13:07:49,811 [pool-62-thread-1] INFO  server.RaftServerConfigKeys (ConfUtils.java:logGet(44)) - raft.server.log.purge.upto.snapshot.index = true (custom)
2021-10-06 13:07:49,811 [pool-62-thread-1] INFO  server.RaftServerConfigKeys (ConfUtils.java:logGet(44)) - raft.server.retrycache.expirytime = 30000ms (custom)
2021-10-06 13:07:49,811 [pool-62-thread-1] INFO  server.RaftServerConfigKeys (ConfUtils.java:logGet(44)) - raft.server.retrycache.statistics.expirytime = 100μs (default)
2021-10-06 13:07:49,822 [Listener at 127.0.0.1/11302] INFO  om.OzoneManager (OzoneManager.java:initFSOLayout(4333)) - Configured ozone.om.metadata.layout=SIMPLE and disabled optimized OM FS operations
2021-10-06 13:07:49,823 [Listener at 127.0.0.1/11302] INFO  impl.MetricsSystemImpl (MetricsSystemImpl.java:init(158)) - OzoneManager metrics system started (again)
2021-10-06 13:07:49,838 [Listener at 127.0.0.1/11302] INFO  om.OzoneManager (OzoneManager.java:start(1281)) - OzoneManager RPC server is listening at localhost/127.0.0.1:11302
2021-10-06 13:07:49,838 [Listener at 127.0.0.1/11302] INFO  ratis.OzoneManagerRatisServer (OzoneManagerRatisServer.java:start(516)) - Starting OzoneManagerRatisServer omNode-2 at port 11306
2021-10-06 13:07:49,838 [Listener at 127.0.0.1/11302] INFO  server.RaftServer$Division (RaftServerImpl.java:start(296)) - omNode-2@group-523986131536: start as a follower, conf=-1: [omNode-3|rpc:localhost:11312|priority:0, omNode-1|rpc:localhost:11300|priority:0, omNode-2|rpc:localhost:11306|priority:0], old=null
2021-10-06 13:07:49,838 [Listener at 127.0.0.1/11302] INFO  server.RaftServer$Division (RaftServerImpl.java:setRole(285)) - omNode-2@group-523986131536: changes role from      null to FOLLOWER at term 0 for startAsFollower
2021-10-06 13:07:49,839 [Listener at 127.0.0.1/11302] INFO  impl.RoleInfo (RoleInfo.java:updateAndGet(130)) - omNode-2: start omNode-2@group-523986131536-FollowerState
2021-10-06 13:07:49,839 [Listener at 127.0.0.1/11302] INFO  util.JmxRegister (JmxRegister.java:tryRegister(44)) - Successfully registered JMX Bean with object name Ratis:service=RaftServer,group=group-523986131536,id=omNode-2
2021-10-06 13:07:49,841 [Listener at 127.0.0.1/11302] INFO  server.RaftServer (RaftServerProxy.java:lambda$start$5(374)) - omNode-2: start RPC server
2021-10-06 13:07:49,842 [Listener at 127.0.0.1/11302] INFO  server.GrpcService (GrpcService.java:startImpl(253)) - omNode-2: GrpcService started, listening on 11306
2021-10-06 13:07:49,844 [Listener at 127.0.0.1/11302] INFO  om.OzoneManager (OzoneManager.java:start(1299)) - Version File has different layout version (0) than OM DB (null). That is expected if this OM has never been finalized to a newer layout version.
2021-10-06 13:07:49,852 [Listener at 127.0.0.1/11302] INFO  http.BaseHttpServer (BaseHttpServer.java:newHttpServer2BuilderForOzone(209)) - Starting Web-server for ozoneManager at: http://0.0.0.0:11304
2021-10-06 13:07:49,852 [Listener at 127.0.0.1/11302] INFO  http.BaseHttpServer (BaseHttpServer.java:<init>(107)) - Hadoop Security Enabled: false Ozone Security Enabled: false Ozone HTTP Security Enabled: false 
2021-10-06 13:07:49,854 [Listener at 127.0.0.1/11302] INFO  server.AuthenticationFilter (AuthenticationFilter.java:constructSecretProvider(240)) - Unable to initialize FileSignerSecretProvider, falling back to use random secrets.
2021-10-06 13:07:49,852 [org.apache.ratis.util.JvmPauseMonitor$$Lambda$523/1217636848@55d683cb] INFO  util.JvmPauseMonitor (JvmPauseMonitor.java:run(103)) - JvmPauseMonitor-omNode-2: Started
2021-10-06 13:07:49,857 [Listener at 127.0.0.1/11302] WARN  http.HttpRequestLog (HttpRequestLog.java:getRequestLog(103)) - Jetty request log can only be enabled using Log4j
2021-10-06 13:07:49,858 [Listener at 127.0.0.1/11302] INFO  http.HttpServer2 (HttpServer2.java:addGlobalFilter(1030)) - Added global filter 'safety' (class=org.apache.hadoop.hdds.server.http.HttpServer2$QuotingInputFilter)
2021-10-06 13:07:49,859 [Listener at 127.0.0.1/11302] INFO  http.HttpServer2 (HttpServer2.java:addFilter(1006)) - Added filter static_user_filter (class=org.apache.hadoop.http.lib.StaticUserWebFilter$StaticUserFilter) to context ozoneManager
2021-10-06 13:07:49,859 [Listener at 127.0.0.1/11302] INFO  http.HttpServer2 (HttpServer2.java:addFilter(1014)) - Added filter static_user_filter (class=org.apache.hadoop.http.lib.StaticUserWebFilter$StaticUserFilter) to context logs
2021-10-06 13:07:49,860 [Listener at 127.0.0.1/11302] INFO  http.HttpServer2 (HttpServer2.java:addFilter(1014)) - Added filter static_user_filter (class=org.apache.hadoop.http.lib.StaticUserWebFilter$StaticUserFilter) to context static
2021-10-06 13:07:49,863 [Listener at 127.0.0.1/11302] INFO  http.HttpServer2 (HttpServer2.java:bindListener(1249)) - Jetty bound to port 11304
2021-10-06 13:07:49,863 [Listener at 127.0.0.1/11302] INFO  server.Server (Server.java:doStart(375)) - jetty-9.4.43.v20210629; built: 2021-06-30T11:07:22.254Z; git: 526006ecfa3af7f1a27ef3a288e2bef7ea9dd7e8; jvm 1.8.0_292-b10
2021-10-06 13:07:49,866 [Listener at 127.0.0.1/11302] INFO  server.session (DefaultSessionIdManager.java:doStart(334)) - DefaultSessionIdManager workerName=node0
2021-10-06 13:07:49,866 [Listener at 127.0.0.1/11302] INFO  server.session (DefaultSessionIdManager.java:doStart(339)) - No SessionScavenger set, using defaults
2021-10-06 13:07:49,867 [Listener at 127.0.0.1/11302] INFO  server.session (HouseKeeper.java:startScavenging(132)) - node0 Scavenging every 660000ms
2021-10-06 13:07:49,867 [Listener at 127.0.0.1/11302] INFO  handler.ContextHandler (ContextHandler.java:doStart(915)) - Started o.e.j.s.ServletContextHandler@54902273{logs,/logs,file:///home/runner/work/ozone/ozone/hadoop-ozone/integration-test/target/log,AVAILABLE}
2021-10-06 13:07:49,868 [Listener at 127.0.0.1/11302] INFO  handler.ContextHandler (ContextHandler.java:doStart(915)) - Started o.e.j.s.ServletContextHandler@5a7810e1{static,/static,file:///home/runner/work/ozone/ozone/hadoop-ozone/integration-test/target/test-classes/webapps/static,AVAILABLE}
2021-10-06 13:07:49,873 [Listener at 127.0.0.1/11302] INFO  handler.ContextHandler (ContextHandler.java:doStart(915)) - Started o.e.j.w.WebAppContext@2f4847d9{ozoneManager,/,file:///home/runner/work/ozone/ozone/hadoop-ozone/integration-test/target/test-classes/webapps/ozoneManager/,AVAILABLE}{file:/home/runner/work/ozone/ozone/hadoop-ozone/integration-test/target/test-classes/webapps/ozoneManager}
2021-10-06 13:07:49,874 [Listener at 127.0.0.1/11302] INFO  server.AbstractConnector (AbstractConnector.java:doStart(331)) - Started ServerConnector@6b4684b4{HTTP/1.1, (http/1.1)}{0.0.0.0:11304}
2021-10-06 13:07:49,875 [Listener at 127.0.0.1/11302] INFO  server.Server (Server.java:doStart(415)) - Started @7180ms
2021-10-06 13:07:49,875 [Listener at 127.0.0.1/11302] WARN  impl.MetricsSystemImpl (MetricsSystemImpl.java:register(279)) - Sink prometheus already exists!
2021-10-06 13:07:49,876 [Listener at 127.0.0.1/11302] INFO  http.BaseHttpServer (BaseHttpServer.java:updateConnectorAddress(329)) - HTTP server of ozoneManager listening at http://0.0.0.0:11304
2021-10-06 13:07:49,876 [IPC Server Responder] INFO  ipc.Server (Server.java:run(1507)) - IPC Server Responder: starting
2021-10-06 13:07:49,879 [IPC Server listener on 11302] INFO  ipc.Server (Server.java:run(1344)) - IPC Server listener on 11302: starting
2021-10-06 13:07:49,886 [Listener at 127.0.0.1/11302] INFO  om.OzoneManager (OzoneManager.java:startTrashEmptier(1543)) - Trash Interval set to 0. Files deleted will not move to trash
2021-10-06 13:07:49,891 [Listener at 127.0.0.1/11302] INFO  ozone.MiniOzoneHAClusterImpl (MiniOzoneHAClusterImpl.java:createOMService(485)) - Started OzoneManager omNode-2 RPC server at localhost/127.0.0.1:11302
2021-10-06 13:07:49,891 [org.apache.hadoop.util.JvmPauseMonitor$Monitor@26838837] INFO  util.JvmPauseMonitor (JvmPauseMonitor.java:run(188)) - Starting JVM pause monitor
2021-10-06 13:07:49,892 [Listener at 127.0.0.1/11302] INFO  ha.OMHANodeDetails (OMHANodeDetails.java:loadOMHAConfig(118)) - ServiceID for OzoneManager is om-service-test1
2021-10-06 13:07:49,892 [Listener at 127.0.0.1/11302] INFO  ha.OMHANodeDetails (OMHANodeDetails.java:loadOMHAConfig(194)) - Found matching OM address with OMServiceId: om-service-test1, OMNodeId: omNode-3, RPC Address: localhost:11308 and Ratis port: 11312
2021-10-06 13:07:49,892 [Listener at 127.0.0.1/11302] INFO  ha.OMHANodeDetails (ConfUtils.java:setNodeSpecificConfigs(108)) - Setting configuration key ozone.om.http-address with value of key ozone.om.http-address.om-service-test1.omNode-3: 127.0.0.1:11310
2021-10-06 13:07:49,892 [Listener at 127.0.0.1/11302] INFO  ha.OMHANodeDetails (ConfUtils.java:setNodeSpecificConfigs(108)) - Setting configuration key ozone.om.https-address with value of key ozone.om.https-address.om-service-test1.omNode-3: 127.0.0.1:11311
2021-10-06 13:07:49,893 [Listener at 127.0.0.1/11302] INFO  ha.OMHANodeDetails (ConfUtils.java:setNodeSpecificConfigs(108)) - Setting configuration key ozone.om.address with value of key ozone.om.address.om-service-test1.omNode-3: 127.0.0.1:11308
2021-10-06 13:07:49,893 [Listener at 127.0.0.1/11302] WARN  server.ServerUtils (ServerUtils.java:getDBPath(225)) - ozone.om.db.dirs is not configured. We recommend adding this setting. Falling back to ozone.metadata.dirs instead.
OM initialization succeeded.Current cluster id for sd=/home/runner/work/ozone/ozone/hadoop-ozone/integration-test/target/test-dir/MiniOzoneClusterImpl-c79ebf65-7f2a-452c-95f4-518756688277/omNode-3/om;cid=c79ebf65-7f2a-452c-95f4-518756688277;layoutVersion=0
2021-10-06 13:07:49,902 [Listener at 127.0.0.1/11302] INFO  ha.OMHANodeDetails (OMHANodeDetails.java:loadOMHAConfig(118)) - ServiceID for OzoneManager is om-service-test1
2021-10-06 13:07:49,902 [Listener at 127.0.0.1/11302] INFO  ha.OMHANodeDetails (OMHANodeDetails.java:loadOMHAConfig(194)) - Found matching OM address with OMServiceId: om-service-test1, OMNodeId: omNode-3, RPC Address: localhost:11308 and Ratis port: 11312
2021-10-06 13:07:49,903 [Listener at 127.0.0.1/11302] INFO  ha.OMHANodeDetails (ConfUtils.java:setNodeSpecificConfigs(108)) - Setting configuration key ozone.om.http-address with value of key ozone.om.http-address.om-service-test1.omNode-3: 127.0.0.1:11310
2021-10-06 13:07:49,903 [Listener at 127.0.0.1/11302] INFO  ha.OMHANodeDetails (ConfUtils.java:setNodeSpecificConfigs(108)) - Setting configuration key ozone.om.https-address with value of key ozone.om.https-address.om-service-test1.omNode-3: 127.0.0.1:11311
2021-10-06 13:07:49,903 [Listener at 127.0.0.1/11302] INFO  ha.OMHANodeDetails (ConfUtils.java:setNodeSpecificConfigs(108)) - Setting configuration key ozone.om.address with value of key ozone.om.address.om-service-test1.omNode-3: 127.0.0.1:11308
2021-10-06 13:07:49,903 [Listener at 127.0.0.1/11302] WARN  server.ServerUtils (ServerUtils.java:getDBPath(225)) - ozone.om.db.dirs is not configured. We recommend adding this setting. Falling back to ozone.metadata.dirs instead.
2021-10-06 13:07:49,904 [Listener at 127.0.0.1/11302] INFO  upgrade.AbstractLayoutVersionManager (AbstractLayoutVersionManager.java:init(79)) - Initializing Layout version manager with metadata layout = INITIAL_VERSION (version = 0), software layout = INITIAL_VERSION (version = 0)
2021-10-06 13:07:49,955 [Listener at 127.0.0.1/11302] INFO  reflections.Reflections (Reflections.java:scan(232)) - Reflections took 50 ms to scan 2 urls, producing 131 keys and 342 values [using 2 cores]
2021-10-06 13:07:49,956 [Listener at 127.0.0.1/11302] INFO  upgrade.OMLayoutVersionManager (OMLayoutVersionManager.java:lambda$0(115)) - Skipping Upgrade Action MockOmUpgradeAction since it has been finalized.
2021-10-06 13:07:49,956 [Listener at 127.0.0.1/11302] WARN  server.ServerUtils (ServerUtils.java:getDBPath(225)) - ozone.om.db.dirs is not configured. We recommend adding this setting. Falling back to ozone.metadata.dirs instead.
2021-10-06 13:07:49,972 [Listener at 127.0.0.1/11302] WARN  server.ServerUtils (ServerUtils.java:getDBPath(225)) - ozone.om.db.dirs is not configured. We recommend adding this setting. Falling back to ozone.metadata.dirs instead.
2021-10-06 13:07:49,973 [Listener at 127.0.0.1/11302] INFO  codec.OmKeyInfoCodec (OmKeyInfoCodec.java:<init>(51)) - OmKeyInfoCodec ignorePipeline = true
2021-10-06 13:07:49,974 [Listener at 127.0.0.1/11302] INFO  codec.RepeatedOmKeyInfoCodec (RepeatedOmKeyInfoCodec.java:<init>(42)) - RepeatedOmKeyInfoCodec ignorePipeline = true
2021-10-06 13:07:50,100 [Listener at 127.0.0.1/11302] INFO  om.OzoneManager (OzoneManager.java:addS3GVolumeToDB(4127)) - Created Volume s3v With Owner runner required for S3Gateway operations.
2021-10-06 13:07:50,100 [Listener at 127.0.0.1/11302] WARN  server.ServerUtils (ServerUtils.java:getDefaultRatisDirectory(237)) - Storage directory for Ratis is not configured. It is a good idea to map this to an SSD disk. Falling back to ozone.metadata.dirs
2021-10-06 13:07:50,100 [Listener at 127.0.0.1/11302] WARN  utils.OzoneManagerRatisUtils (OzoneManagerRatisUtils.java:getOMRatisSnapshotDirectory(435)) - ozone.om.ratis.snapshot.dir is not configured. Falling back to ozone.metadata.dirs config
2021-10-06 13:07:50,101 [Listener at 127.0.0.1/11302] INFO  snapshot.OzoneManagerSnapshotProvider (OzoneManagerSnapshotProvider.java:<init>(76)) - Initializing OM Snapshot Provider
2021-10-06 13:07:50,102 [Listener at 127.0.0.1/11302] WARN  impl.MetricRegistriesImpl (MetricRegistriesImpl.java:addReporterRegistration(111)) - New reporters are added after registries were created. Some metrics will be missing from the reporter. Please add reporter before adding any new registry.
2021-10-06 13:07:50,102 [Listener at 127.0.0.1/11302] WARN  impl.MetricRegistriesImpl (MetricRegistriesImpl.java:addReporterRegistration(111)) - New reporters are added after registries were created. Some metrics will be missing from the reporter. Please add reporter before adding any new registry.
2021-10-06 13:07:50,103 [Listener at 127.0.0.1/11302] WARN  server.ServerUtils (ServerUtils.java:getDefaultRatisDirectory(237)) - Storage directory for Ratis is not configured. It is a good idea to map this to an SSD disk. Falling back to ozone.metadata.dirs
2021-10-06 13:07:50,104 [Listener at 127.0.0.1/11302] INFO  ratis.OzoneManagerRatisServer (OzoneManagerRatisServer.java:<init>(158)) - Instantiating OM Ratis server with groupID: om-service-test1 and peers: localhost:11312, localhost:11300, localhost:11306
2021-10-06 13:07:50,104 [Listener at 127.0.0.1/11302] INFO  ratis.OzoneManagerStateMachine (OzoneManagerStateMachine.java:loadSnapshotInfoFromDB(605)) - LastAppliedIndex is set from TransactionInfo from OM DB as (t:0, i:~)
2021-10-06 13:07:50,105 [Listener at 127.0.0.1/11302] INFO  server.RaftServer (ConfUtils.java:logGet(44)) - raft.rpc.type = GRPC (default)
2021-10-06 13:07:50,105 [Listener at 127.0.0.1/11302] INFO  grpc.GrpcFactory (GrpcFactory.java:checkPooledByteBufAllocatorUseCacheForAllThreads(48)) - PERFORMANCE WARNING: useCacheForAllThreads is true that may cause Netty to create a lot garbage objects and, as a result, trigger GC.
	It is recommended to disable useCacheForAllThreads by setting -Dorg.apache.ratis.thirdparty.io.netty.allocator.useCacheForAllThreads=false in command line.
2021-10-06 13:07:50,105 [Listener at 127.0.0.1/11302] INFO  grpc.GrpcConfigKeys (ConfUtils.java:logGet(44)) - raft.grpc.admin.port = -1 (default)
2021-10-06 13:07:50,106 [Listener at 127.0.0.1/11302] INFO  grpc.GrpcConfigKeys (ConfUtils.java:logGet(44)) - raft.grpc.server.port = 11312 (custom)
2021-10-06 13:07:50,106 [Listener at 127.0.0.1/11302] INFO  grpc.GrpcConfigKeys (ConfUtils.java:logGet(44)) - raft.grpc.client.port = -1 (default)
2021-10-06 13:07:50,106 [Listener at 127.0.0.1/11302] INFO  grpc.GrpcConfigKeys (ConfUtils.java:logGet(44)) - raft.grpc.server.port = 11312 (custom)
2021-10-06 13:07:50,106 [Listener at 127.0.0.1/11302] INFO  grpc.GrpcConfigKeys (ConfUtils.java:logGet(44)) - raft.grpc.server.port = 11312 (custom)
2021-10-06 13:07:50,107 [Listener at 127.0.0.1/11302] INFO  server.GrpcService (ConfUtils.java:logGet(44)) - raft.grpc.message.size.max = 33554432 (custom)
2021-10-06 13:07:50,107 [Listener at 127.0.0.1/11302] INFO  server.RaftServerConfigKeys (ConfUtils.java:logGet(44)) - raft.server.log.appender.buffer.byte-limit = 33554432 (custom)
2021-10-06 13:07:50,107 [Listener at 127.0.0.1/11302] INFO  server.GrpcService (ConfUtils.java:logGet(44)) - raft.grpc.flow.control.window = 1MB (=1048576) (default)
2021-10-06 13:07:50,107 [Listener at 127.0.0.1/11302] INFO  server.RaftServerConfigKeys (ConfUtils.java:logGet(44)) - raft.server.rpc.request.timeout = 3000ms (default)
2021-10-06 13:07:50,110 [Listener at 127.0.0.1/11302] INFO  impl.DataStreamServerImpl (ConfUtils.java:logGet(44)) - raft.datastream.type = DISABLED (default)
2021-10-06 13:07:50,110 [Listener at 127.0.0.1/11302] INFO  server.RaftServerConfigKeys (ConfUtils.java:logGet(44)) - raft.server.rpc.slowness.timeout = 2s (custom)
2021-10-06 13:07:50,110 [Listener at 127.0.0.1/11302] INFO  server.RaftServerConfigKeys (ConfUtils.java:logGet(44)) - raft.server.leaderelection.leader.step-down.wait-time = 10s (default)
2021-10-06 13:07:50,110 [Listener at 127.0.0.1/11302] INFO  server.RaftServerConfigKeys (ConfUtils.java:logGet(44)) - raft.server.storage.dir = [/home/runner/work/ozone/ozone/hadoop-ozone/integration-test/target/test-dir/MiniOzoneClusterImpl-c79ebf65-7f2a-452c-95f4-518756688277/omNode-3/ratis] (custom)
2021-10-06 13:07:50,117 [Listener at 127.0.0.1/11302] INFO  server.RaftServer (RaftServerProxy.java:addNew(95)) - omNode-3: addNew group-523986131536:[omNode-3|rpc:localhost:11312|priority:0, omNode-1|rpc:localhost:11300|priority:0, omNode-2|rpc:localhost:11306|priority:0] returns group-523986131536:java.util.concurrent.CompletableFuture@2ef2fa78[Not completed]
2021-10-06 13:07:50,117 [Listener at 127.0.0.1/11302] INFO  om.OzoneManager (OzoneManager.java:initializeRatisServer(1585)) - OzoneManager Ratis server initialized at port 11312
2021-10-06 13:07:50,118 [pool-83-thread-1] INFO  server.RaftServer$Division (RaftServerImpl.java:<init>(181)) - omNode-3: new RaftServerImpl for group-523986131536:[omNode-3|rpc:localhost:11312|priority:0, omNode-1|rpc:localhost:11300|priority:0, omNode-2|rpc:localhost:11306|priority:0] with OzoneManagerStateMachine:uninitialized
2021-10-06 13:07:50,123 [pool-83-thread-1] INFO  server.RaftServerConfigKeys (ConfUtils.java:logGet(44)) - raft.server.rpc.timeout.min = 1s (custom)
2021-10-06 13:07:50,124 [pool-83-thread-1] INFO  server.RaftServerConfigKeys (ConfUtils.java:logGet(44)) - raft.server.rpc.timeout.max = 1200ms (custom)
2021-10-06 13:07:50,124 [pool-83-thread-1] INFO  server.RaftServerConfigKeys (ConfUtils.java:logGet(44)) - raft.server.rpc.sleep.time = 25ms (default)
2021-10-06 13:07:50,124 [pool-83-thread-1] INFO  server.RaftServerConfigKeys (ConfUtils.java:logGet(44)) - raft.server.rpc.slowness.timeout = 2s (custom)
2021-10-06 13:07:50,124 [pool-83-thread-1] INFO  server.RaftServerConfigKeys (ConfUtils.java:logGet(44)) - raft.server.leaderelection.leader.step-down.wait-time = 10s (default)
2021-10-06 13:07:50,124 [pool-83-thread-1] INFO  server.RaftServerConfigKeys (ConfUtils.java:logGet(44)) - raft.server.sleep.deviation.threshold = 300ms (default)
2021-10-06 13:07:50,124 [pool-83-thread-1] INFO  server.RaftServerConfigKeys (ConfUtils.java:logGet(44)) - raft.server.log.appender.install.snapshot.enabled = false (custom)
2021-10-06 13:07:50,124 [pool-83-thread-1] INFO  server.RaftServer$Division (ServerState.java:<init>(105)) - omNode-3@group-523986131536: ConfigurationManager, init=-1: [omNode-3|rpc:localhost:11312|priority:0, omNode-1|rpc:localhost:11300|priority:0, omNode-2|rpc:localhost:11306|priority:0], old=null, confs=<EMPTY_MAP>
2021-10-06 13:07:50,124 [pool-83-thread-1] INFO  server.RaftServerConfigKeys (ConfUtils.java:logGet(44)) - raft.server.storage.dir = [/home/runner/work/ozone/ozone/hadoop-ozone/integration-test/target/test-dir/MiniOzoneClusterImpl-c79ebf65-7f2a-452c-95f4-518756688277/omNode-3/ratis] (custom)
2021-10-06 13:07:50,125 [pool-83-thread-1] INFO  server.RaftServerConfigKeys (ConfUtils.java:logGet(44)) - raft.server.log.corruption.policy = EXCEPTION (default)
2021-10-06 13:07:50,125 [pool-83-thread-1] INFO  server.RaftServerConfigKeys (ConfUtils.java:logGet(44)) - raft.server.storage.free-space.min = 0MB (=0) (default)
2021-10-06 13:07:50,125 [pool-83-thread-1] INFO  storage.RaftStorageDirectory (RaftStorageDirectoryImpl.java:analyzeStorage(135)) - The storage directory /home/runner/work/ozone/ozone/hadoop-ozone/integration-test/target/test-dir/MiniOzoneClusterImpl-c79ebf65-7f2a-452c-95f4-518756688277/omNode-3/ratis/c9bc4cf4-3bc3-3c60-a66b-523986131536 does not exist. Creating ...
2021-10-06 13:07:50,127 [Listener at 127.0.0.1/11302] INFO  ipc.CallQueueManager (CallQueueManager.java:<init>(90)) - Using callQueue: class java.util.concurrent.LinkedBlockingQueue, queueCapacity: 2000, scheduler: class org.apache.hadoop.ipc.DefaultRpcScheduler, ipcBackoff: false.
2021-10-06 13:07:50,127 [pool-83-thread-1] INFO  storage.RaftStorageDirectory (RaftStorageDirectoryImpl.java:tryLock(230)) - Lock on /home/runner/work/ozone/ozone/hadoop-ozone/integration-test/target/test-dir/MiniOzoneClusterImpl-c79ebf65-7f2a-452c-95f4-518756688277/omNode-3/ratis/c9bc4cf4-3bc3-3c60-a66b-523986131536/in_use.lock acquired by nodename 7604@fv-az151-432
2021-10-06 13:07:50,129 [pool-83-thread-1] INFO  storage.RaftStorage (RaftStorageImpl.java:format(89)) - Storage directory /home/runner/work/ozone/ozone/hadoop-ozone/integration-test/target/test-dir/MiniOzoneClusterImpl-c79ebf65-7f2a-452c-95f4-518756688277/omNode-3/ratis/c9bc4cf4-3bc3-3c60-a66b-523986131536 has been successfully formatted.
2021-10-06 13:07:50,135 [Socket Reader #1 for port 11308] INFO  ipc.Server (Server.java:run(1265)) - Starting Socket Reader #1 for port 11308
2021-10-06 13:07:50,147 [pool-83-thread-1] INFO  server.RaftServerConfigKeys (ConfUtils.java:logGet(44)) - raft.server.notification.no-leader.timeout = 2s (custom)
2021-10-06 13:07:50,147 [pool-83-thread-1] INFO  server.RaftServerConfigKeys (ConfUtils.java:logGet(44)) - raft.server.log.use.memory = false (default)
2021-10-06 13:07:50,147 [pool-83-thread-1] INFO  server.RaftServerConfigKeys (ConfUtils.java:logGet(44)) - raft.server.log.purge.gap = 50 (custom)
2021-10-06 13:07:50,147 [pool-83-thread-1] INFO  server.RaftServerConfigKeys (ConfUtils.java:logGet(44)) - raft.server.log.appender.buffer.byte-limit = 33554432 (custom)
2021-10-06 13:07:50,148 [pool-83-thread-1] INFO  server.RaftServerConfigKeys (ConfUtils.java:logGet(44)) - raft.server.log.segment.size.max = 4194304 (custom)
2021-10-06 13:07:50,148 [pool-83-thread-1] INFO  server.RaftServerConfigKeys (ConfUtils.java:logGet(44)) - raft.server.log.segment.cache.num.max = 2 (custom)
2021-10-06 13:07:50,149 [pool-83-thread-1] INFO  server.RaftServerConfigKeys (ConfUtils.java:logGet(44)) - raft.server.log.segment.cache.size.max = 200MB (=209715200) (default)
2021-10-06 13:07:50,149 [pool-83-thread-1] INFO  segmented.SegmentedRaftLogWorker (SegmentedRaftLogWorker.java:<init>(182)) - new omNode-3@group-523986131536-SegmentedRaftLogWorker for RaftStorageImpl:Storage Directory /home/runner/work/ozone/ozone/hadoop-ozone/integration-test/target/test-dir/MiniOzoneClusterImpl-c79ebf65-7f2a-452c-95f4-518756688277/omNode-3/ratis/c9bc4cf4-3bc3-3c60-a66b-523986131536
2021-10-06 13:07:50,149 [pool-83-thread-1] INFO  server.RaftServerConfigKeys (ConfUtils.java:logGet(44)) - raft.server.log.queue.byte-limit = 64MB (=67108864) (default)
2021-10-06 13:07:50,149 [pool-83-thread-1] INFO  server.RaftServerConfigKeys (ConfUtils.java:logGet(44)) - raft.server.log.queue.element-limit = 4096 (default)
2021-10-06 13:07:50,149 [pool-83-thread-1] INFO  server.RaftServerConfigKeys (ConfUtils.java:logGet(44)) - raft.server.log.segment.size.max = 4194304 (custom)
2021-10-06 13:07:50,149 [pool-83-thread-1] INFO  server.RaftServerConfigKeys (ConfUtils.java:logGet(44)) - raft.server.log.preallocated.size = 4194304 (custom)
2021-10-06 13:07:50,149 [pool-83-thread-1] INFO  server.RaftServerConfigKeys (ConfUtils.java:logGet(44)) - raft.server.log.force.sync.num = 128 (default)
2021-10-06 13:07:50,149 [pool-83-thread-1] INFO  server.RaftServerConfigKeys (ConfUtils.java:logGet(44)) - raft.server.log.statemachine.data.sync = true (default)
2021-10-06 13:07:50,149 [pool-83-thread-1] INFO  server.RaftServerConfigKeys (ConfUtils.java:logGet(44)) - raft.server.log.statemachine.data.sync.timeout = 10s (default)
2021-10-06 13:07:50,150 [pool-83-thread-1] INFO  server.RaftServerConfigKeys (ConfUtils.java:logGet(44)) - raft.server.log.statemachine.data.sync.timeout.retry = -1 (default)
2021-10-06 13:07:50,151 [pool-83-thread-1] INFO  server.RaftServerConfigKeys (ConfUtils.java:logGet(44)) - raft.server.log.write.buffer.size = 64KB (=65536) (default)
2021-10-06 13:07:50,151 [pool-83-thread-1] INFO  server.RaftServerConfigKeys (ConfUtils.java:logGet(44)) - raft.server.log.statemachine.data.caching.enabled = false (default)
2021-10-06 13:07:50,151 [pool-83-thread-1] INFO  segmented.SegmentedRaftLogWorker (SegmentedRaftLogWorker.java:lambda$new$0(133)) - omNode-3@group-523986131536-SegmentedRaftLogWorker: flushIndex: setUnconditionally 0 -> -1
2021-10-06 13:07:50,152 [pool-83-thread-1] INFO  segmented.SegmentedRaftLogWorker (SegmentedRaftLogWorker.java:lambda$new$0(133)) - omNode-3@group-523986131536-SegmentedRaftLogWorker: safeCacheEvictIndex: setUnconditionally 0 -> -1
2021-10-06 13:07:50,154 [pool-83-thread-1] INFO  server.RaftServerConfigKeys (ConfUtils.java:logGet(44)) - raft.server.snapshot.auto.trigger.enabled = true (custom)
2021-10-06 13:07:50,154 [pool-83-thread-1] INFO  server.RaftServerConfigKeys (ConfUtils.java:logGet(44)) - raft.server.snapshot.auto.trigger.threshold = 50 (custom)
2021-10-06 13:07:50,154 [pool-83-thread-1] INFO  server.RaftServerConfigKeys (ConfUtils.java:logGet(44)) - raft.server.snapshot.retention.file.num = -1 (default)
2021-10-06 13:07:50,155 [pool-83-thread-1] INFO  server.RaftServerConfigKeys (ConfUtils.java:logGet(44)) - raft.server.log.purge.upto.snapshot.index = true (custom)
2021-10-06 13:07:50,155 [pool-83-thread-1] INFO  server.RaftServerConfigKeys (ConfUtils.java:logGet(44)) - raft.server.retrycache.expirytime = 30000ms (custom)
2021-10-06 13:07:50,156 [pool-83-thread-1] INFO  server.RaftServerConfigKeys (ConfUtils.java:logGet(44)) - raft.server.retrycache.statistics.expirytime = 100μs (default)
2021-10-06 13:07:50,167 [Listener at 127.0.0.1/11308] INFO  om.OzoneManager (OzoneManager.java:initFSOLayout(4333)) - Configured ozone.om.metadata.layout=SIMPLE and disabled optimized OM FS operations
2021-10-06 13:07:50,170 [Listener at 127.0.0.1/11308] INFO  impl.MetricsSystemImpl (MetricsSystemImpl.java:init(158)) - OzoneManager metrics system started (again)
2021-10-06 13:07:50,187 [Listener at 127.0.0.1/11308] INFO  om.OzoneManager (OzoneManager.java:start(1281)) - OzoneManager RPC server is listening at localhost/127.0.0.1:11308
2021-10-06 13:07:50,188 [Listener at 127.0.0.1/11308] INFO  ratis.OzoneManagerRatisServer (OzoneManagerRatisServer.java:start(516)) - Starting OzoneManagerRatisServer omNode-3 at port 11312
2021-10-06 13:07:50,188 [Listener at 127.0.0.1/11308] INFO  server.RaftServer$Division (RaftServerImpl.java:start(296)) - omNode-3@group-523986131536: start as a follower, conf=-1: [omNode-3|rpc:localhost:11312|priority:0, omNode-1|rpc:localhost:11300|priority:0, omNode-2|rpc:localhost:11306|priority:0], old=null
2021-10-06 13:07:50,188 [Listener at 127.0.0.1/11308] INFO  server.RaftServer$Division (RaftServerImpl.java:setRole(285)) - omNode-3@group-523986131536: changes role from      null to FOLLOWER at term 0 for startAsFollower
2021-10-06 13:07:50,189 [Listener at 127.0.0.1/11308] INFO  impl.RoleInfo (RoleInfo.java:updateAndGet(130)) - omNode-3: start omNode-3@group-523986131536-FollowerState
2021-10-06 13:07:50,189 [Listener at 127.0.0.1/11308] INFO  util.JmxRegister (JmxRegister.java:tryRegister(44)) - Successfully registered JMX Bean with object name Ratis:service=RaftServer,group=group-523986131536,id=omNode-3
2021-10-06 13:07:50,195 [Listener at 127.0.0.1/11308] INFO  server.RaftServer (RaftServerProxy.java:lambda$start$5(374)) - omNode-3: start RPC server
2021-10-06 13:07:50,197 [Listener at 127.0.0.1/11308] INFO  server.GrpcService (GrpcService.java:startImpl(253)) - omNode-3: GrpcService started, listening on 11312
2021-10-06 13:07:50,198 [org.apache.ratis.util.JvmPauseMonitor$$Lambda$523/1217636848@9b2ce79] INFO  util.JvmPauseMonitor (JvmPauseMonitor.java:run(103)) - JvmPauseMonitor-omNode-3: Started
2021-10-06 13:07:50,197 [Listener at 127.0.0.1/11308] INFO  om.OzoneManager (OzoneManager.java:start(1299)) - Version File has different layout version (0) than OM DB (null). That is expected if this OM has never been finalized to a newer layout version.
2021-10-06 13:07:50,201 [Listener at 127.0.0.1/11308] INFO  http.BaseHttpServer (BaseHttpServer.java:newHttpServer2BuilderForOzone(209)) - Starting Web-server for ozoneManager at: http://0.0.0.0:11310
2021-10-06 13:07:50,201 [Listener at 127.0.0.1/11308] INFO  http.BaseHttpServer (BaseHttpServer.java:<init>(107)) - Hadoop Security Enabled: false Ozone Security Enabled: false Ozone HTTP Security Enabled: false 
2021-10-06 13:07:50,204 [Listener at 127.0.0.1/11308] INFO  server.AuthenticationFilter (AuthenticationFilter.java:constructSecretProvider(240)) - Unable to initialize FileSignerSecretProvider, falling back to use random secrets.
2021-10-06 13:07:50,204 [Listener at 127.0.0.1/11308] WARN  http.HttpRequestLog (HttpRequestLog.java:getRequestLog(103)) - Jetty request log can only be enabled using Log4j
2021-10-06 13:07:50,208 [Listener at 127.0.0.1/11308] INFO  http.HttpServer2 (HttpServer2.java:addGlobalFilter(1030)) - Added global filter 'safety' (class=org.apache.hadoop.hdds.server.http.HttpServer2$QuotingInputFilter)
2021-10-06 13:07:50,209 [Listener at 127.0.0.1/11308] INFO  http.HttpServer2 (HttpServer2.java:addFilter(1006)) - Added filter static_user_filter (class=org.apache.hadoop.http.lib.StaticUserWebFilter$StaticUserFilter) to context ozoneManager
2021-10-06 13:07:50,209 [Listener at 127.0.0.1/11308] INFO  http.HttpServer2 (HttpServer2.java:addFilter(1014)) - Added filter static_user_filter (class=org.apache.hadoop.http.lib.StaticUserWebFilter$StaticUserFilter) to context logs
2021-10-06 13:07:50,209 [Listener at 127.0.0.1/11308] INFO  http.HttpServer2 (HttpServer2.java:addFilter(1014)) - Added filter static_user_filter (class=org.apache.hadoop.http.lib.StaticUserWebFilter$StaticUserFilter) to context static
2021-10-06 13:07:50,210 [Listener at 127.0.0.1/11308] INFO  http.HttpServer2 (HttpServer2.java:bindListener(1249)) - Jetty bound to port 11310
2021-10-06 13:07:50,211 [Listener at 127.0.0.1/11308] INFO  server.Server (Server.java:doStart(375)) - jetty-9.4.43.v20210629; built: 2021-06-30T11:07:22.254Z; git: 526006ecfa3af7f1a27ef3a288e2bef7ea9dd7e8; jvm 1.8.0_292-b10
2021-10-06 13:07:50,216 [Listener at 127.0.0.1/11308] INFO  server.session (DefaultSessionIdManager.java:doStart(334)) - DefaultSessionIdManager workerName=node0
2021-10-06 13:07:50,216 [Listener at 127.0.0.1/11308] INFO  server.session (DefaultSessionIdManager.java:doStart(339)) - No SessionScavenger set, using defaults
2021-10-06 13:07:50,216 [Listener at 127.0.0.1/11308] INFO  server.session (HouseKeeper.java:startScavenging(132)) - node0 Scavenging every 660000ms
2021-10-06 13:07:50,217 [Listener at 127.0.0.1/11308] INFO  handler.ContextHandler (ContextHandler.java:doStart(915)) - Started o.e.j.s.ServletContextHandler@13021796{logs,/logs,file:///home/runner/work/ozone/ozone/hadoop-ozone/integration-test/target/log,AVAILABLE}
2021-10-06 13:07:50,218 [Listener at 127.0.0.1/11308] INFO  handler.ContextHandler (ContextHandler.java:doStart(915)) - Started o.e.j.s.ServletContextHandler@78d0baeb{static,/static,file:///home/runner/work/ozone/ozone/hadoop-ozone/integration-test/target/test-classes/webapps/static,AVAILABLE}
2021-10-06 13:07:50,223 [Listener at 127.0.0.1/11308] INFO  handler.ContextHandler (ContextHandler.java:doStart(915)) - Started o.e.j.w.WebAppContext@51406cdd{ozoneManager,/,file:///home/runner/work/ozone/ozone/hadoop-ozone/integration-test/target/test-classes/webapps/ozoneManager/,AVAILABLE}{file:/home/runner/work/ozone/ozone/hadoop-ozone/integration-test/target/test-classes/webapps/ozoneManager}
2021-10-06 13:07:50,225 [Listener at 127.0.0.1/11308] INFO  server.AbstractConnector (AbstractConnector.java:doStart(331)) - Started ServerConnector@17c4dcc6{HTTP/1.1, (http/1.1)}{0.0.0.0:11310}
2021-10-06 13:07:50,225 [Listener at 127.0.0.1/11308] INFO  server.Server (Server.java:doStart(415)) - Started @7530ms
2021-10-06 13:07:50,225 [Listener at 127.0.0.1/11308] WARN  impl.MetricsSystemImpl (MetricsSystemImpl.java:register(279)) - Sink prometheus already exists!
2021-10-06 13:07:50,226 [Listener at 127.0.0.1/11308] INFO  http.BaseHttpServer (BaseHttpServer.java:updateConnectorAddress(329)) - HTTP server of ozoneManager listening at http://0.0.0.0:11310
2021-10-06 13:07:50,231 [IPC Server Responder] INFO  ipc.Server (Server.java:run(1507)) - IPC Server Responder: starting
2021-10-06 13:07:50,231 [IPC Server listener on 11308] INFO  ipc.Server (Server.java:run(1344)) - IPC Server listener on 11308: starting
2021-10-06 13:07:50,239 [Listener at 127.0.0.1/11308] INFO  om.OzoneManager (OzoneManager.java:startTrashEmptier(1543)) - Trash Interval set to 0. Files deleted will not move to trash
2021-10-06 13:07:50,240 [Listener at 127.0.0.1/11308] INFO  ozone.MiniOzoneHAClusterImpl (MiniOzoneHAClusterImpl.java:createOMService(485)) - Started OzoneManager omNode-3 RPC server at localhost/127.0.0.1:11308
2021-10-06 13:07:50,246 [org.apache.hadoop.util.JvmPauseMonitor$Monitor@4a716a73] INFO  util.JvmPauseMonitor (JvmPauseMonitor.java:run(188)) - Starting JVM pause monitor
2021-10-06 13:07:50,440 [Listener at 127.0.0.1/11308] WARN  impl.MetricRegistriesImpl (MetricRegistriesImpl.java:addReporterRegistration(111)) - New reporters are added after registries were created. Some metrics will be missing from the reporter. Please add reporter before adding any new registry.
2021-10-06 13:07:50,440 [Listener at 127.0.0.1/11308] WARN  impl.MetricRegistriesImpl (MetricRegistriesImpl.java:addReporterRegistration(111)) - New reporters are added after registries were created. Some metrics will be missing from the reporter. Please add reporter before adding any new registry.
2021-10-06 13:07:50,440 [Listener at 127.0.0.1/11308] INFO  impl.MetricsSystemImpl (MetricsSystemImpl.java:init(158)) - HddsDatanode metrics system started (again)
2021-10-06 13:07:50,456 [Listener at 127.0.0.1/11308] INFO  ozone.HddsDatanodeService (HddsDatanodeService.java:start(234)) - HddsDatanodeService host:fv-az151-432.yf2hydr00wburbhx3j5hxtcipe.bx.internal.cloudapp.net ip:10.1.0.31
2021-10-06 13:07:50,491 [Listener at 127.0.0.1/11308] INFO  upgrade.AbstractLayoutVersionManager (AbstractLayoutVersionManager.java:init(79)) - Initializing Layout version manager with metadata layout = SCM_HA (version = 2), software layout = SCM_HA (version = 2)
2021-10-06 13:07:50,539 [omNode-1@group-523986131536-FollowerState] INFO  impl.FollowerState (FollowerState.java:run(134)) - omNode-1@group-523986131536-FollowerState: change to CANDIDATE, lastRpcElapsedTime:1118358984ns, electionTimeout:1112ms
2021-10-06 13:07:50,540 [omNode-1@group-523986131536-FollowerState] INFO  impl.RoleInfo (RoleInfo.java:shutdownFollowerState(108)) - omNode-1: shutdown omNode-1@group-523986131536-FollowerState
2021-10-06 13:07:50,542 [omNode-1@group-523986131536-FollowerState] INFO  server.RaftServer$Division (RaftServerImpl.java:setRole(285)) - omNode-1@group-523986131536: changes role from  FOLLOWER to CANDIDATE at term 0 for changeToCandidate
2021-10-06 13:07:50,544 [omNode-1@group-523986131536-FollowerState] INFO  server.RaftServerConfigKeys (ConfUtils.java:logGet(44)) - raft.server.leaderelection.pre-vote = false (custom)
2021-10-06 13:07:50,544 [omNode-1@group-523986131536-FollowerState] INFO  impl.RoleInfo (RoleInfo.java:updateAndGet(130)) - omNode-1: start omNode-1@group-523986131536-LeaderElection1
2021-10-06 13:07:50,558 [Listener at 127.0.0.1/11308] INFO  reflections.Reflections (Reflections.java:scan(232)) - Reflections took 65 ms to scan 7 urls, producing 119 keys and 275 values 
2021-10-06 13:07:50,571 [omNode-1@group-523986131536-LeaderElection1] INFO  impl.LeaderElection (LeaderElection.java:askForVotes(306)) - omNode-1@group-523986131536-LeaderElection1 ELECTION round 0: submit vote requests at term 1 for -1: [omNode-3|rpc:localhost:11312|priority:0, omNode-1|rpc:localhost:11300|priority:0, omNode-2|rpc:localhost:11306|priority:0], old=null
2021-10-06 13:07:50,687 [Listener at 127.0.0.1/11308] INFO  volume.HddsVolume (HddsVolume.java:<init>(120)) - Creating HddsVolume: /home/runner/work/ozone/ozone/hadoop-ozone/integration-test/target/test-dir/MiniOzoneClusterImpl-c79ebf65-7f2a-452c-95f4-518756688277/datanode-0/data-0/containers/hdds of storage type : DISK capacity : 9223372036854775807
2021-10-06 13:07:50,689 [Listener at 127.0.0.1/11308] INFO  volume.MutableVolumeSet (MutableVolumeSet.java:initializeVolumeSet(168)) - Added Volume : /home/runner/work/ozone/ozone/hadoop-ozone/integration-test/target/test-dir/MiniOzoneClusterImpl-c79ebf65-7f2a-452c-95f4-518756688277/datanode-0/data-0/containers/hdds to VolumeSet
2021-10-06 13:07:50,690 [Listener at 127.0.0.1/11308] INFO  volume.ThrottledAsyncChecker (ThrottledAsyncChecker.java:schedule(141)) - Scheduling a check for /home/runner/work/ozone/ozone/hadoop-ozone/integration-test/target/test-dir/MiniOzoneClusterImpl-c79ebf65-7f2a-452c-95f4-518756688277/datanode-0/data-0/containers/hdds
2021-10-06 13:07:50,870 [org.apache.ratis.util.JvmPauseMonitor$$Lambda$523/1217636848@9b2ce79] WARN  util.JvmPauseMonitor (JvmPauseMonitor.java:detectPause(124)) - JvmPauseMonitor-omNode-3: Detected pause in JVM or host machine (eg GC): pause of approximately 172059857ns.
GC pool 'PS MarkSweep' had collection(s): count=1 time=161ms
GC pool 'PS Scavenge' had collection(s): count=2 time=36ms
2021-10-06 13:07:50,870 [omNode-2@group-523986131536-FollowerState] INFO  impl.FollowerState (FollowerState.java:run(134)) - omNode-2@group-523986131536-FollowerState: change to CANDIDATE, lastRpcElapsedTime:1030841889ns, electionTimeout:1021ms
2021-10-06 13:07:50,886 [omNode-2@group-523986131536-FollowerState] INFO  impl.RoleInfo (RoleInfo.java:shutdownFollowerState(108)) - omNode-2: shutdown omNode-2@group-523986131536-FollowerState
2021-10-06 13:07:50,886 [omNode-2@group-523986131536-FollowerState] INFO  server.RaftServer$Division (RaftServerImpl.java:setRole(285)) - omNode-2@group-523986131536: changes role from  FOLLOWER to CANDIDATE at term 0 for changeToCandidate
2021-10-06 13:07:50,887 [omNode-2@group-523986131536-FollowerState] INFO  server.RaftServerConfigKeys (ConfUtils.java:logGet(44)) - raft.server.leaderelection.pre-vote = false (custom)
2021-10-06 13:07:50,887 [omNode-2@group-523986131536-FollowerState] INFO  impl.RoleInfo (RoleInfo.java:updateAndGet(130)) - omNode-2: start omNode-2@group-523986131536-LeaderElection2
2021-10-06 13:07:50,906 [Listener at 127.0.0.1/11308] INFO  volume.StorageVolumeChecker (StorageVolumeChecker.java:checkAllVolumes(202)) - Scheduled health check for volume /home/runner/work/ozone/ozone/hadoop-ozone/integration-test/target/test-dir/MiniOzoneClusterImpl-c79ebf65-7f2a-452c-95f4-518756688277/datanode-0/data-0/containers/hdds
2021-10-06 13:07:50,906 [omNode-2@group-523986131536-LeaderElection2] INFO  impl.LeaderElection (LeaderElection.java:askForVotes(306)) - omNode-2@group-523986131536-LeaderElection2 ELECTION round 0: submit vote requests at term 1 for -1: [omNode-3|rpc:localhost:11312|priority:0, omNode-1|rpc:localhost:11300|priority:0, omNode-2|rpc:localhost:11306|priority:0], old=null
2021-10-06 13:07:50,951 [Listener at 127.0.0.1/11308] INFO  volume.MutableVolumeSet (MutableVolumeSet.java:initializeVolumeSet(168)) - Added Volume : /home/runner/work/ozone/ozone/hadoop-ozone/integration-test/target/test-dir/MiniOzoneClusterImpl-c79ebf65-7f2a-452c-95f4-518756688277/datanode-0/data/ratis to VolumeSet
2021-10-06 13:07:50,951 [Listener at 127.0.0.1/11308] INFO  volume.ThrottledAsyncChecker (ThrottledAsyncChecker.java:schedule(141)) - Scheduling a check for /home/runner/work/ozone/ozone/hadoop-ozone/integration-test/target/test-dir/MiniOzoneClusterImpl-c79ebf65-7f2a-452c-95f4-518756688277/datanode-0/data/ratis
2021-10-06 13:07:50,951 [Listener at 127.0.0.1/11308] INFO  volume.StorageVolumeChecker (StorageVolumeChecker.java:checkAllVolumes(202)) - Scheduled health check for volume /home/runner/work/ozone/ozone/hadoop-ozone/integration-test/target/test-dir/MiniOzoneClusterImpl-c79ebf65-7f2a-452c-95f4-518756688277/datanode-0/data/ratis
2021-10-06 13:07:50,979 [Thread-221] INFO  ozoneimpl.ContainerReader (ContainerReader.java:readVolume(172)) - Finish verifying containers on volume /home/runner/work/ozone/ozone/hadoop-ozone/integration-test/target/test-dir/MiniOzoneClusterImpl-c79ebf65-7f2a-452c-95f4-518756688277/datanode-0/data-0/containers/hdds
2021-10-06 13:07:50,979 [Listener at 127.0.0.1/11308] INFO  ozoneimpl.OzoneContainer (OzoneContainer.java:buildContainerSet(236)) - Build ContainerSet costs 0s
2021-10-06 13:07:51,126 [Listener at 127.0.0.1/11308] INFO  server.RaftServer (ConfUtils.java:logGet(44)) - raft.rpc.type = GRPC (default)
2021-10-06 13:07:51,128 [Listener at 127.0.0.1/11308] INFO  grpc.GrpcFactory (GrpcFactory.java:checkPooledByteBufAllocatorUseCacheForAllThreads(48)) - PERFORMANCE WARNING: useCacheForAllThreads is true that may cause Netty to create a lot garbage objects and, as a result, trigger GC.
	It is recommended to disable useCacheForAllThreads by setting -Dorg.apache.ratis.thirdparty.io.netty.allocator.useCacheForAllThreads=false in command line.
2021-10-06 13:07:51,129 [Listener at 127.0.0.1/11308] INFO  grpc.GrpcConfigKeys (ConfUtils.java:logGet(44)) - raft.grpc.admin.port = 0 (custom)
2021-10-06 13:07:51,129 [Listener at 127.0.0.1/11308] INFO  grpc.GrpcConfigKeys (ConfUtils.java:logGet(44)) - raft.grpc.client.port = 0 (custom)
2021-10-06 13:07:51,130 [Listener at 127.0.0.1/11308] INFO  grpc.GrpcConfigKeys (ConfUtils.java:logGet(44)) - raft.grpc.server.port = 0 (default)
2021-10-06 13:07:51,130 [Listener at 127.0.0.1/11308] INFO  server.GrpcService (ConfUtils.java:logGet(44)) - raft.grpc.message.size.max = 32MB (=33554432) (custom)
2021-10-06 13:07:51,130 [Listener at 127.0.0.1/11308] INFO  server.RaftServerConfigKeys (ConfUtils.java:logGet(44)) - raft.server.log.appender.buffer.byte-limit = 33554432 (custom)
2021-10-06 13:07:51,131 [Listener at 127.0.0.1/11308] INFO  server.GrpcService (ConfUtils.java:logGet(44)) - raft.grpc.flow.control.window = 5MB (=5242880) (custom)
2021-10-06 13:07:51,131 [Listener at 127.0.0.1/11308] INFO  server.RaftServerConfigKeys (ConfUtils.java:logGet(44)) - raft.server.rpc.request.timeout = 60s (custom)
2021-10-06 13:07:51,132 [Listener at 127.0.0.1/11308] INFO  impl.DataStreamServerImpl (ConfUtils.java:logGet(44)) - raft.datastream.type = DISABLED (default)
2021-10-06 13:07:51,132 [Listener at 127.0.0.1/11308] INFO  server.RaftServerConfigKeys (ConfUtils.java:logGet(44)) - raft.server.rpc.slowness.timeout = 300s (custom)
2021-10-06 13:07:51,133 [Listener at 127.0.0.1/11308] INFO  server.RaftServerConfigKeys (ConfUtils.java:logGet(44)) - raft.server.leaderelection.leader.step-down.wait-time = 10s (default)
2021-10-06 13:07:51,133 [Listener at 127.0.0.1/11308] INFO  server.RaftServerConfigKeys (ConfUtils.java:logGet(44)) - raft.server.storage.dir = [/home/runner/work/ozone/ozone/hadoop-ozone/integration-test/target/test-dir/MiniOzoneClusterImpl-c79ebf65-7f2a-452c-95f4-518756688277/datanode-0/data/ratis] (custom)
2021-10-06 13:07:51,233 [Listener at 127.0.0.1/11308] INFO  http.BaseHttpServer (BaseHttpServer.java:newHttpServer2BuilderForOzone(209)) - Starting Web-server for hddsDatanode at: http://0.0.0.0:0
2021-10-06 13:07:51,234 [Listener at 127.0.0.1/11308] INFO  http.BaseHttpServer (BaseHttpServer.java:<init>(107)) - Hadoop Security Enabled: false Ozone Security Enabled: false Ozone HTTP Security Enabled: false 
2021-10-06 13:07:51,236 [Listener at 127.0.0.1/11308] INFO  server.AuthenticationFilter (AuthenticationFilter.java:constructSecretProvider(240)) - Unable to initialize FileSignerSecretProvider, falling back to use random secrets.
2021-10-06 13:07:51,237 [Listener at 127.0.0.1/11308] WARN  http.HttpRequestLog (HttpRequestLog.java:getRequestLog(103)) - Jetty request log can only be enabled using Log4j
2021-10-06 13:07:51,238 [Listener at 127.0.0.1/11308] INFO  http.HttpServer2 (HttpServer2.java:addGlobalFilter(1030)) - Added global filter 'safety' (class=org.apache.hadoop.hdds.server.http.HttpServer2$QuotingInputFilter)
2021-10-06 13:07:51,240 [Listener at 127.0.0.1/11308] INFO  http.HttpServer2 (HttpServer2.java:addFilter(1006)) - Added filter static_user_filter (class=org.apache.hadoop.http.lib.StaticUserWebFilter$StaticUserFilter) to context hddsDatanode
2021-10-06 13:07:51,240 [Listener at 127.0.0.1/11308] INFO  http.HttpServer2 (HttpServer2.java:addFilter(1014)) - Added filter static_user_filter (class=org.apache.hadoop.http.lib.StaticUserWebFilter$StaticUserFilter) to context logs
2021-10-06 13:07:51,240 [Listener at 127.0.0.1/11308] INFO  http.HttpServer2 (HttpServer2.java:addFilter(1014)) - Added filter static_user_filter (class=org.apache.hadoop.http.lib.StaticUserWebFilter$StaticUserFilter) to context static
2021-10-06 13:07:51,242 [Listener at 127.0.0.1/11308] INFO  http.HttpServer2 (HttpServer2.java:bindListener(1249)) - Jetty bound to port 39873
2021-10-06 13:07:51,243 [Listener at 127.0.0.1/11308] INFO  server.Server (Server.java:doStart(375)) - jetty-9.4.43.v20210629; built: 2021-06-30T11:07:22.254Z; git: 526006ecfa3af7f1a27ef3a288e2bef7ea9dd7e8; jvm 1.8.0_292-b10
2021-10-06 13:07:51,245 [Listener at 127.0.0.1/11308] INFO  server.session (DefaultSessionIdManager.java:doStart(334)) - DefaultSessionIdManager workerName=node0
2021-10-06 13:07:51,245 [Listener at 127.0.0.1/11308] INFO  server.session (DefaultSessionIdManager.java:doStart(339)) - No SessionScavenger set, using defaults
2021-10-06 13:07:51,245 [Listener at 127.0.0.1/11308] INFO  server.session (HouseKeeper.java:startScavenging(132)) - node0 Scavenging every 600000ms
2021-10-06 13:07:51,246 [Listener at 127.0.0.1/11308] INFO  handler.ContextHandler (ContextHandler.java:doStart(915)) - Started o.e.j.s.ServletContextHandler@13e4acf6{logs,/logs,file:///home/runner/work/ozone/ozone/hadoop-ozone/integration-test/target/log,AVAILABLE}
2021-10-06 13:07:51,247 [Listener at 127.0.0.1/11308] INFO  handler.ContextHandler (ContextHandler.java:doStart(915)) - Started o.e.j.s.ServletContextHandler@5883f0d5{static,/static,jar:file:/home/runner/.m2/repository/org/apache/ozone/hdds-container-service/1.2.0-SNAPSHOT/hdds-container-service-1.2.0-SNAPSHOT.jar!/webapps/static,AVAILABLE}
2021-10-06 13:07:51,363 [omNode-3@group-523986131536-FollowerState] INFO  impl.FollowerState (FollowerState.java:run(134)) - omNode-3@group-523986131536-FollowerState: change to CANDIDATE, lastRpcElapsedTime:1173885358ns, electionTimeout:1155ms
2021-10-06 13:07:51,363 [omNode-3@group-523986131536-FollowerState] INFO  impl.RoleInfo (RoleInfo.java:shutdownFollowerState(108)) - omNode-3: shutdown omNode-3@group-523986131536-FollowerState
2021-10-06 13:07:51,363 [omNode-3@group-523986131536-FollowerState] INFO  server.RaftServer$Division (RaftServerImpl.java:setRole(285)) - omNode-3@group-523986131536: changes role from  FOLLOWER to CANDIDATE at term 0 for changeToCandidate
2021-10-06 13:07:51,363 [omNode-3@group-523986131536-FollowerState] INFO  server.RaftServerConfigKeys (ConfUtils.java:logGet(44)) - raft.server.leaderelection.pre-vote = false (custom)
2021-10-06 13:07:51,363 [omNode-3@group-523986131536-FollowerState] INFO  impl.RoleInfo (RoleInfo.java:updateAndGet(130)) - omNode-3: start omNode-3@group-523986131536-LeaderElection3
2021-10-06 13:07:51,377 [omNode-3@group-523986131536-LeaderElection3] INFO  impl.LeaderElection (LeaderElection.java:askForVotes(306)) - omNode-3@group-523986131536-LeaderElection3 ELECTION round 0: submit vote requests at term 1 for -1: [omNode-3|rpc:localhost:11312|priority:0, omNode-1|rpc:localhost:11300|priority:0, omNode-2|rpc:localhost:11306|priority:0], old=null
2021-10-06 13:07:51,408 [Listener at 127.0.0.1/11308] INFO  handler.ContextHandler (ContextHandler.java:doStart(915)) - Started o.e.j.w.WebAppContext@3868468e{hddsDatanode,/,file:///tmp/jetty-0_0_0_0-39873-hdds-container-service-1_2_0-SNAPSHOT_jar-_-any-1438752900920508899/webapp/,AVAILABLE}{jar:file:/home/runner/.m2/repository/org/apache/ozone/hdds-container-service/1.2.0-SNAPSHOT/hdds-container-service-1.2.0-SNAPSHOT.jar!/webapps/hddsDatanode}
2021-10-06 13:07:51,416 [Listener at 127.0.0.1/11308] INFO  server.AbstractConnector (AbstractConnector.java:doStart(331)) - Started ServerConnector@5b133d16{HTTP/1.1, (http/1.1)}{0.0.0.0:39873}
2021-10-06 13:07:51,416 [Listener at 127.0.0.1/11308] INFO  server.Server (Server.java:doStart(415)) - Started @8722ms
2021-10-06 13:07:51,416 [Listener at 127.0.0.1/11308] WARN  impl.MetricsSystemImpl (MetricsSystemImpl.java:register(279)) - Sink prometheus already exists!
2021-10-06 13:07:51,417 [Listener at 127.0.0.1/11308] INFO  http.BaseHttpServer (BaseHttpServer.java:updateConnectorAddress(329)) - HTTP server of hddsDatanode listening at http://0.0.0.0:39873
2021-10-06 13:07:51,424 [Listener at 127.0.0.1/11308] WARN  impl.MetricRegistriesImpl (MetricRegistriesImpl.java:addReporterRegistration(111)) - New reporters are added after registries were created. Some metrics will be missing from the reporter. Please add reporter before adding any new registry.
2021-10-06 13:07:51,424 [Listener at 127.0.0.1/11308] WARN  impl.MetricRegistriesImpl (MetricRegistriesImpl.java:addReporterRegistration(111)) - New reporters are added after registries were created. Some metrics will be missing from the reporter. Please add reporter before adding any new registry.
2021-10-06 13:07:51,424 [Listener at 127.0.0.1/11308] INFO  impl.MetricsSystemImpl (MetricsSystemImpl.java:init(158)) - HddsDatanode metrics system started (again)
2021-10-06 13:07:51,432 [Datanode State Machine Thread - 0] INFO  statemachine.DatanodeStateMachine (DatanodeStateMachine.java:lambda$startDaemon$0(456)) - Ozone container server started.
2021-10-06 13:07:51,452 [Listener at 127.0.0.1/11308] INFO  ozone.HddsDatanodeService (HddsDatanodeService.java:start(234)) - HddsDatanodeService host:fv-az151-432.yf2hydr00wburbhx3j5hxtcipe.bx.internal.cloudapp.net ip:10.1.0.31
2021-10-06 13:07:51,483 [org.apache.hadoop.util.JvmPauseMonitor$Monitor@63fb2780] INFO  util.JvmPauseMonitor (JvmPauseMonitor.java:run(188)) - Starting JVM pause monitor
2021-10-06 13:07:51,508 [Listener at 127.0.0.1/11308] INFO  upgrade.AbstractLayoutVersionManager (AbstractLayoutVersionManager.java:init(79)) - Initializing Layout version manager with metadata layout = SCM_HA (version = 2), software layout = SCM_HA (version = 2)
2021-10-06 13:07:51,650 [Listener at 127.0.0.1/11308] INFO  reflections.Reflections (Reflections.java:scan(232)) - Reflections took 141 ms to scan 7 urls, producing 119 keys and 275 values 
2021-10-06 13:07:51,657 [Listener at 127.0.0.1/11308] INFO  volume.HddsVolume (HddsVolume.java:<init>(120)) - Creating HddsVolume: /home/runner/work/ozone/ozone/hadoop-ozone/integration-test/target/test-dir/MiniOzoneClusterImpl-c79ebf65-7f2a-452c-95f4-518756688277/datanode-1/data-0/containers/hdds of storage type : DISK capacity : 9223372036854775807
2021-10-06 13:07:51,658 [Listener at 127.0.0.1/11308] INFO  volume.MutableVolumeSet (MutableVolumeSet.java:initializeVolumeSet(168)) - Added Volume : /home/runner/work/ozone/ozone/hadoop-ozone/integration-test/target/test-dir/MiniOzoneClusterImpl-c79ebf65-7f2a-452c-95f4-518756688277/datanode-1/data-0/containers/hdds to VolumeSet
2021-10-06 13:07:51,658 [Listener at 127.0.0.1/11308] INFO  volume.ThrottledAsyncChecker (ThrottledAsyncChecker.java:schedule(141)) - Scheduling a check for /home/runner/work/ozone/ozone/hadoop-ozone/integration-test/target/test-dir/MiniOzoneClusterImpl-c79ebf65-7f2a-452c-95f4-518756688277/datanode-1/data-0/containers/hdds
2021-10-06 13:07:51,660 [Listener at 127.0.0.1/11308] INFO  volume.StorageVolumeChecker (StorageVolumeChecker.java:checkAllVolumes(202)) - Scheduled health check for volume /home/runner/work/ozone/ozone/hadoop-ozone/integration-test/target/test-dir/MiniOzoneClusterImpl-c79ebf65-7f2a-452c-95f4-518756688277/datanode-1/data-0/containers/hdds
2021-10-06 13:07:51,704 [Listener at 127.0.0.1/11308] INFO  volume.MutableVolumeSet (MutableVolumeSet.java:initializeVolumeSet(168)) - Added Volume : /home/runner/work/ozone/ozone/hadoop-ozone/integration-test/target/test-dir/MiniOzoneClusterImpl-c79ebf65-7f2a-452c-95f4-518756688277/datanode-1/data/ratis to VolumeSet
2021-10-06 13:07:51,704 [Listener at 127.0.0.1/11308] INFO  volume.ThrottledAsyncChecker (ThrottledAsyncChecker.java:schedule(141)) - Scheduling a check for /home/runner/work/ozone/ozone/hadoop-ozone/integration-test/target/test-dir/MiniOzoneClusterImpl-c79ebf65-7f2a-452c-95f4-518756688277/datanode-1/data/ratis
2021-10-06 13:07:51,705 [Listener at 127.0.0.1/11308] INFO  volume.StorageVolumeChecker (StorageVolumeChecker.java:checkAllVolumes(202)) - Scheduled health check for volume /home/runner/work/ozone/ozone/hadoop-ozone/integration-test/target/test-dir/MiniOzoneClusterImpl-c79ebf65-7f2a-452c-95f4-518756688277/datanode-1/data/ratis
2021-10-06 13:07:51,746 [omNode-1@group-523986131536-LeaderElection1] INFO  impl.LeaderElection (LeaderElection.java:logAndReturn(89)) - omNode-1@group-523986131536-LeaderElection1: ELECTION TIMEOUT received 0 response(s) and 0 exception(s):
2021-10-06 13:07:51,747 [grpc-default-executor-3] INFO  server.RaftServer$Division (RaftServerImpl.java:requestVote(1043)) - omNode-1@group-523986131536: receive requestVote(ELECTION, omNode-2, group-523986131536, 1, (t:0, i:~))
2021-10-06 13:07:51,748 [grpc-default-executor-3] INFO  impl.VoteContext (VoteContext.java:log(48)) - omNode-1@group-523986131536-CANDIDATE: reject ELECTION from omNode-2: already has voted for omNode-1 at current term 1
2021-10-06 13:07:51,751 [grpc-default-executor-2] INFO  server.RaftServer$Division (RaftServerImpl.java:requestVote(1043)) - omNode-2@group-523986131536: receive requestVote(ELECTION, omNode-1, group-523986131536, 1, (t:0, i:~))
2021-10-06 13:07:51,751 [grpc-default-executor-0] INFO  server.RaftServer$Division (RaftServerImpl.java:requestVote(1043)) - omNode-3@group-523986131536: receive requestVote(ELECTION, omNode-1, group-523986131536, 1, (t:0, i:~))
2021-10-06 13:07:51,751 [grpc-default-executor-1] INFO  server.RaftServer$Division (RaftServerImpl.java:requestVote(1043)) - omNode-3@group-523986131536: receive requestVote(ELECTION, omNode-2, group-523986131536, 1, (t:0, i:~))
2021-10-06 13:07:51,759 [omNode-1@group-523986131536-LeaderElection1] INFO  impl.LeaderElection (LeaderElection.java:askForVotes(308)) - omNode-1@group-523986131536-LeaderElection1 ELECTION round 0: result TIMEOUT
2021-10-06 13:07:51,757 [grpc-default-executor-4] INFO  server.RaftServer$Division (RaftServerImpl.java:requestVote(1043)) - omNode-1@group-523986131536: receive requestVote(ELECTION, omNode-3, group-523986131536, 1, (t:0, i:~))
2021-10-06 13:07:51,751 [grpc-default-executor-2] INFO  impl.VoteContext (VoteContext.java:log(48)) - omNode-2@group-523986131536-CANDIDATE: reject ELECTION from omNode-1: already has voted for omNode-2 at current term 1
2021-10-06 13:07:51,761 [grpc-default-executor-2] INFO  server.RaftServer$Division (RaftServerImpl.java:requestVote(1075)) - omNode-2@group-523986131536 replies to ELECTION vote request: omNode-1<-omNode-2#0:FAIL-t1. Peer's state: omNode-2@group-523986131536:t1, leader=null, voted=omNode-2, raftlog=omNode-2@group-523986131536-SegmentedRaftLog:OPENED:c-1,f-1,i0, conf=-1: [omNode-3|rpc:localhost:11312|priority:0, omNode-1|rpc:localhost:11300|priority:0, omNode-2|rpc:localhost:11306|priority:0], old=null
2021-10-06 13:07:51,757 [grpc-default-executor-3] INFO  server.RaftServer$Division (RaftServerImpl.java:requestVote(1075)) - omNode-1@group-523986131536 replies to ELECTION vote request: omNode-2<-omNode-1#0:FAIL-t1. Peer's state: omNode-1@group-523986131536:t1, leader=null, voted=omNode-1, raftlog=omNode-1@group-523986131536-SegmentedRaftLog:OPENED:c-1,f-1,i0, conf=-1: [omNode-3|rpc:localhost:11312|priority:0, omNode-1|rpc:localhost:11300|priority:0, omNode-2|rpc:localhost:11306|priority:0], old=null
2021-10-06 13:07:51,763 [grpc-default-executor-4] INFO  impl.VoteContext (VoteContext.java:log(48)) - omNode-1@group-523986131536-CANDIDATE: reject ELECTION from omNode-3: already has voted for omNode-1 at current term 1
2021-10-06 13:07:51,763 [grpc-default-executor-4] INFO  server.RaftServer$Division (RaftServerImpl.java:requestVote(1075)) - omNode-1@group-523986131536 replies to ELECTION vote request: omNode-3<-omNode-1#0:FAIL-t1. Peer's state: omNode-1@group-523986131536:t1, leader=null, voted=omNode-1, raftlog=omNode-1@group-523986131536-SegmentedRaftLog:OPENED:c-1,f-1,i0, conf=-1: [omNode-3|rpc:localhost:11312|priority:0, omNode-1|rpc:localhost:11300|priority:0, omNode-2|rpc:localhost:11306|priority:0], old=null
2021-10-06 13:07:51,752 [grpc-default-executor-5] INFO  server.RaftServer$Division (RaftServerImpl.java:requestVote(1043)) - omNode-2@group-523986131536: receive requestVote(ELECTION, omNode-3, group-523986131536, 1, (t:0, i:~))
2021-10-06 13:07:51,770 [grpc-default-executor-5] INFO  impl.VoteContext (VoteContext.java:log(48)) - omNode-2@group-523986131536-CANDIDATE: reject ELECTION from omNode-3: already has voted for omNode-2 at current term 1
2021-10-06 13:07:51,771 [grpc-default-executor-5] INFO  server.RaftServer$Division (RaftServerImpl.java:requestVote(1075)) - omNode-2@group-523986131536 replies to ELECTION vote request: omNode-3<-omNode-2#0:FAIL-t1. Peer's state: omNode-2@group-523986131536:t1, leader=null, voted=omNode-2, raftlog=omNode-2@group-523986131536-SegmentedRaftLog:OPENED:c-1,f-1,i0, conf=-1: [omNode-3|rpc:localhost:11312|priority:0, omNode-1|rpc:localhost:11300|priority:0, omNode-2|rpc:localhost:11306|priority:0], old=null
2021-10-06 13:07:51,771 [omNode-1@group-523986131536-LeaderElection1] INFO  impl.LeaderElection (LeaderElection.java:askForVotes(306)) - omNode-1@group-523986131536-LeaderElection1 ELECTION round 1: submit vote requests at term 2 for -1: [omNode-3|rpc:localhost:11312|priority:0, omNode-1|rpc:localhost:11300|priority:0, omNode-2|rpc:localhost:11306|priority:0], old=null
2021-10-06 13:07:51,751 [grpc-default-executor-0] INFO  impl.VoteContext (VoteContext.java:log(48)) - omNode-3@group-523986131536-CANDIDATE: reject ELECTION from omNode-1: already has voted for omNode-3 at current term 1
2021-10-06 13:07:51,771 [grpc-default-executor-0] INFO  server.RaftServer$Division (RaftServerImpl.java:requestVote(1075)) - omNode-3@group-523986131536 replies to ELECTION vote request: omNode-1<-omNode-3#0:FAIL-t1. Peer's state: omNode-3@group-523986131536:t1, leader=null, voted=omNode-3, raftlog=omNode-3@group-523986131536-SegmentedRaftLog:OPENED:c-1,f-1,i0, conf=-1: [omNode-3|rpc:localhost:11312|priority:0, omNode-1|rpc:localhost:11300|priority:0, omNode-2|rpc:localhost:11306|priority:0], old=null
2021-10-06 13:07:51,771 [grpc-default-executor-1] INFO  impl.VoteContext (VoteContext.java:log(48)) - omNode-3@group-523986131536-CANDIDATE: reject ELECTION from omNode-2: already has voted for omNode-3 at current term 1
2021-10-06 13:07:51,771 [grpc-default-executor-1] INFO  server.RaftServer$Division (RaftServerImpl.java:requestVote(1075)) - omNode-3@group-523986131536 replies to ELECTION vote request: omNode-2<-omNode-3#0:FAIL-t1. Peer's state: omNode-3@group-523986131536:t1, leader=null, voted=omNode-3, raftlog=omNode-3@group-523986131536-SegmentedRaftLog:OPENED:c-1,f-1,i0, conf=-1: [omNode-3|rpc:localhost:11312|priority:0, omNode-1|rpc:localhost:11300|priority:0, omNode-2|rpc:localhost:11306|priority:0], old=null
2021-10-06 13:07:51,780 [Datanode State Machine Task Thread - 0] INFO  datanode.InitDatanodeState (InitDatanodeState.java:persistContainerDatanodeDetails(145)) - DatanodeDetails is persisted to /home/runner/work/ozone/ozone/hadoop-ozone/integration-test/target/test-dir/MiniOzoneClusterImpl-c79ebf65-7f2a-452c-95f4-518756688277/datanode-0/meta/datanode.id
2021-10-06 13:07:51,770 [Thread-236] INFO  ozoneimpl.ContainerReader (ContainerReader.java:readVolume(172)) - Finish verifying containers on volume /home/runner/work/ozone/ozone/hadoop-ozone/integration-test/target/test-dir/MiniOzoneClusterImpl-c79ebf65-7f2a-452c-95f4-518756688277/datanode-1/data-0/containers/hdds
2021-10-06 13:07:51,787 [Listener at 127.0.0.1/11308] INFO  ozoneimpl.OzoneContainer (OzoneContainer.java:buildContainerSet(236)) - Build ContainerSet costs 0s
2021-10-06 13:07:51,795 [Listener at 127.0.0.1/11308] INFO  server.RaftServer (ConfUtils.java:logGet(44)) - raft.rpc.type = GRPC (default)
2021-10-06 13:07:51,795 [Listener at 127.0.0.1/11308] INFO  grpc.GrpcFactory (GrpcFactory.java:checkPooledByteBufAllocatorUseCacheForAllThreads(48)) - PERFORMANCE WARNING: useCacheForAllThreads is true that may cause Netty to create a lot garbage objects and, as a result, trigger GC.
	It is recommended to disable useCacheForAllThreads by setting -Dorg.apache.ratis.thirdparty.io.netty.allocator.useCacheForAllThreads=false in command line.
2021-10-06 13:07:51,795 [Listener at 127.0.0.1/11308] INFO  grpc.GrpcConfigKeys (ConfUtils.java:logGet(44)) - raft.grpc.admin.port = 0 (custom)
2021-10-06 13:07:51,795 [Listener at 127.0.0.1/11308] INFO  grpc.GrpcConfigKeys (ConfUtils.java:logGet(44)) - raft.grpc.client.port = 0 (custom)
2021-10-06 13:07:51,796 [Listener at 127.0.0.1/11308] INFO  grpc.GrpcConfigKeys (ConfUtils.java:logGet(44)) - raft.grpc.server.port = 0 (default)
2021-10-06 13:07:51,796 [Listener at 127.0.0.1/11308] INFO  server.GrpcService (ConfUtils.java:logGet(44)) - raft.grpc.message.size.max = 32MB (=33554432) (custom)
2021-10-06 13:07:51,796 [Listener at 127.0.0.1/11308] INFO  server.RaftServerConfigKeys (ConfUtils.java:logGet(44)) - raft.server.log.appender.buffer.byte-limit = 33554432 (custom)
2021-10-06 13:07:51,796 [Listener at 127.0.0.1/11308] INFO  server.GrpcService (ConfUtils.java:logGet(44)) - raft.grpc.flow.control.window = 5MB (=5242880) (custom)
2021-10-06 13:07:51,796 [Listener at 127.0.0.1/11308] INFO  server.RaftServerConfigKeys (ConfUtils.java:logGet(44)) - raft.server.rpc.request.timeout = 60s (custom)
2021-10-06 13:07:51,797 [Listener at 127.0.0.1/11308] INFO  impl.DataStreamServerImpl (ConfUtils.java:logGet(44)) - raft.datastream.type = DISABLED (default)
2021-10-06 13:07:51,798 [Listener at 127.0.0.1/11308] INFO  server.RaftServerConfigKeys (ConfUtils.java:logGet(44)) - raft.server.rpc.slowness.timeout = 300s (custom)
2021-10-06 13:07:51,798 [Listener at 127.0.0.1/11308] INFO  server.RaftServerConfigKeys (ConfUtils.java:logGet(44)) - raft.server.leaderelection.leader.step-down.wait-time = 10s (default)
2021-10-06 13:07:51,807 [Listener at 127.0.0.1/11308] INFO  server.RaftServerConfigKeys (ConfUtils.java:logGet(44)) - raft.server.storage.dir = [/home/runner/work/ozone/ozone/hadoop-ozone/integration-test/target/test-dir/MiniOzoneClusterImpl-c79ebf65-7f2a-452c-95f4-518756688277/datanode-1/data/ratis] (custom)
2021-10-06 13:07:51,819 [Listener at 127.0.0.1/11308] INFO  http.BaseHttpServer (BaseHttpServer.java:newHttpServer2BuilderForOzone(209)) - Starting Web-server for hddsDatanode at: http://0.0.0.0:0
2021-10-06 13:07:51,819 [Listener at 127.0.0.1/11308] INFO  http.BaseHttpServer (BaseHttpServer.java:<init>(107)) - Hadoop Security Enabled: false Ozone Security Enabled: false Ozone HTTP Security Enabled: false 
2021-10-06 13:07:51,821 [Listener at 127.0.0.1/11308] INFO  server.AuthenticationFilter (AuthenticationFilter.java:constructSecretProvider(240)) - Unable to initialize FileSignerSecretProvider, falling back to use random secrets.
2021-10-06 13:07:51,831 [Listener at 127.0.0.1/11308] WARN  http.HttpRequestLog (HttpRequestLog.java:getRequestLog(103)) - Jetty request log can only be enabled using Log4j
2021-10-06 13:07:51,832 [Listener at 127.0.0.1/11308] INFO  http.HttpServer2 (HttpServer2.java:addGlobalFilter(1030)) - Added global filter 'safety' (class=org.apache.hadoop.hdds.server.http.HttpServer2$QuotingInputFilter)
2021-10-06 13:07:51,833 [Listener at 127.0.0.1/11308] INFO  http.HttpServer2 (HttpServer2.java:addFilter(1006)) - Added filter static_user_filter (class=org.apache.hadoop.http.lib.StaticUserWebFilter$StaticUserFilter) to context hddsDatanode
2021-10-06 13:07:51,833 [Listener at 127.0.0.1/11308] INFO  http.HttpServer2 (HttpServer2.java:addFilter(1014)) - Added filter static_user_filter (class=org.apache.hadoop.http.lib.StaticUserWebFilter$StaticUserFilter) to context static
2021-10-06 13:07:51,833 [Listener at 127.0.0.1/11308] INFO  http.HttpServer2 (HttpServer2.java:addFilter(1014)) - Added filter static_user_filter (class=org.apache.hadoop.http.lib.StaticUserWebFilter$StaticUserFilter) to context logs
2021-10-06 13:07:51,833 [Listener at 127.0.0.1/11308] INFO  http.HttpServer2 (HttpServer2.java:bindListener(1249)) - Jetty bound to port 39735
2021-10-06 13:07:51,834 [Listener at 127.0.0.1/11308] INFO  server.Server (Server.java:doStart(375)) - jetty-9.4.43.v20210629; built: 2021-06-30T11:07:22.254Z; git: 526006ecfa3af7f1a27ef3a288e2bef7ea9dd7e8; jvm 1.8.0_292-b10
2021-10-06 13:07:51,834 [omNode-2@group-523986131536-LeaderElection2] INFO  impl.LeaderElection (LeaderElection.java:logAndReturn(89)) - omNode-2@group-523986131536-LeaderElection2: ELECTION REJECTED received 2 response(s) and 0 exception(s):
2021-10-06 13:07:51,835 [omNode-2@group-523986131536-LeaderElection2] INFO  impl.LeaderElection (LeaderElection.java:logAndReturn(93)) -   Response 0: omNode-2<-omNode-3#0:FAIL-t1
2021-10-06 13:07:51,835 [omNode-2@group-523986131536-LeaderElection2] INFO  impl.LeaderElection (LeaderElection.java:logAndReturn(93)) -   Response 1: omNode-2<-omNode-1#0:FAIL-t1
2021-10-06 13:07:51,851 [omNode-2@group-523986131536-LeaderElection2] INFO  impl.LeaderElection (LeaderElection.java:askForVotes(308)) - omNode-2@group-523986131536-LeaderElection2 ELECTION round 0: result REJECTED
2021-10-06 13:07:51,851 [omNode-2@group-523986131536-LeaderElection2] INFO  server.RaftServer$Division (RaftServerImpl.java:setRole(285)) - omNode-2@group-523986131536: changes role from CANDIDATE to FOLLOWER at term 1 for REJECTED
2021-10-06 13:07:51,851 [omNode-2@group-523986131536-LeaderElection2] INFO  impl.RoleInfo (RoleInfo.java:shutdownLeaderElection(121)) - omNode-2: shutdown omNode-2@group-523986131536-LeaderElection2
2021-10-06 13:07:51,852 [omNode-2@group-523986131536-LeaderElection2] INFO  impl.RoleInfo (RoleInfo.java:updateAndGet(130)) - omNode-2: start omNode-2@group-523986131536-FollowerState
2021-10-06 13:07:51,853 [grpc-default-executor-5] INFO  server.RaftServer$Division (RaftServerImpl.java:requestVote(1043)) - omNode-2@group-523986131536: receive requestVote(ELECTION, omNode-1, group-523986131536, 2, (t:0, i:~))
2021-10-06 13:07:51,857 [grpc-default-executor-5] INFO  impl.VoteContext (VoteContext.java:log(48)) - omNode-2@group-523986131536-FOLLOWER: accept ELECTION from omNode-1: our priority 0 <= candidate's priority 0
2021-10-06 13:07:51,857 [grpc-default-executor-5] INFO  server.RaftServer$Division (RaftServerImpl.java:setRole(285)) - omNode-2@group-523986131536: changes role from  FOLLOWER to FOLLOWER at term 2 for candidate:omNode-1
2021-10-06 13:07:51,857 [grpc-default-executor-5] INFO  impl.RoleInfo (RoleInfo.java:shutdownFollowerState(108)) - omNode-2: shutdown omNode-2@group-523986131536-FollowerState
2021-10-06 13:07:51,870 [grpc-default-executor-5] INFO  impl.RoleInfo (RoleInfo.java:updateAndGet(130)) - omNode-2: start omNode-2@group-523986131536-FollowerState
2021-10-06 13:07:51,871 [omNode-2@group-523986131536-FollowerState] INFO  impl.FollowerState (FollowerState.java:run(143)) - omNode-2@group-523986131536-FollowerState was interrupted: {}
java.lang.InterruptedException: sleep interrupted
	at java.lang.Thread.sleep(Native Method)
	at java.lang.Thread.sleep(Thread.java:340)
	at java.util.concurrent.TimeUnit.sleep(TimeUnit.java:386)
	at org.apache.ratis.util.TimeDuration.sleep(TimeDuration.java:324)
	at org.apache.ratis.util.TimeDuration.sleep(TimeDuration.java:309)
	at org.apache.ratis.server.impl.FollowerState.run(FollowerState.java:118)
2021-10-06 13:07:51,894 [Listener at 127.0.0.1/11308] INFO  server.session (DefaultSessionIdManager.java:doStart(334)) - DefaultSessionIdManager workerName=node0
2021-10-06 13:07:51,895 [Listener at 127.0.0.1/11308] INFO  server.session (DefaultSessionIdManager.java:doStart(339)) - No SessionScavenger set, using defaults
2021-10-06 13:07:51,895 [Listener at 127.0.0.1/11308] INFO  server.session (HouseKeeper.java:startScavenging(132)) - node0 Scavenging every 600000ms
2021-10-06 13:07:51,895 [grpc-default-executor-5] INFO  server.RaftServer$Division (RaftServerImpl.java:requestVote(1075)) - omNode-2@group-523986131536 replies to ELECTION vote request: omNode-1<-omNode-2#0:OK-t2. Peer's state: omNode-2@group-523986131536:t2, leader=null, voted=omNode-1, raftlog=omNode-2@group-523986131536-SegmentedRaftLog:OPENED:c-1,f-1,i0, conf=-1: [omNode-3|rpc:localhost:11312|priority:0, omNode-1|rpc:localhost:11300|priority:0, omNode-2|rpc:localhost:11306|priority:0], old=null
2021-10-06 13:07:51,898 [Listener at 127.0.0.1/11308] INFO  handler.ContextHandler (ContextHandler.java:doStart(915)) - Started o.e.j.s.ServletContextHandler@6bfe4dd1{logs,/logs,file:///home/runner/work/ozone/ozone/hadoop-ozone/integration-test/target/log,AVAILABLE}
2021-10-06 13:07:51,899 [Listener at 127.0.0.1/11308] INFO  handler.ContextHandler (ContextHandler.java:doStart(915)) - Started o.e.j.s.ServletContextHandler@5bdf8295{static,/static,jar:file:/home/runner/.m2/repository/org/apache/ozone/hdds-container-service/1.2.0-SNAPSHOT/hdds-container-service-1.2.0-SNAPSHOT.jar!/webapps/static,AVAILABLE}
2021-10-06 13:07:51,901 [omNode-3@group-523986131536-LeaderElection3] INFO  impl.LeaderElection (LeaderElection.java:logAndReturn(89)) - omNode-3@group-523986131536-LeaderElection3: ELECTION REJECTED received 2 response(s) and 0 exception(s):
2021-10-06 13:07:51,901 [omNode-3@group-523986131536-LeaderElection3] INFO  impl.LeaderElection (LeaderElection.java:logAndReturn(93)) -   Response 0: omNode-3<-omNode-1#0:FAIL-t1
2021-10-06 13:07:51,901 [omNode-3@group-523986131536-LeaderElection3] INFO  impl.LeaderElection (LeaderElection.java:logAndReturn(93)) -   Response 1: omNode-3<-omNode-2#0:FAIL-t1
2021-10-06 13:07:51,901 [omNode-1@group-523986131536-LeaderElection1] INFO  impl.LeaderElection (LeaderElection.java:logAndReturn(89)) - omNode-1@group-523986131536-LeaderElection1: ELECTION PASSED received 1 response(s) and 0 exception(s):
2021-10-06 13:07:51,901 [omNode-1@group-523986131536-LeaderElection1] INFO  impl.LeaderElection (LeaderElection.java:logAndReturn(93)) -   Response 0: omNode-1<-omNode-2#0:OK-t2
2021-10-06 13:07:51,901 [omNode-1@group-523986131536-LeaderElection1] INFO  impl.LeaderElection (LeaderElection.java:askForVotes(308)) - omNode-1@group-523986131536-LeaderElection1 ELECTION round 1: result PASSED
2021-10-06 13:07:51,901 [omNode-1@group-523986131536-LeaderElection1] INFO  impl.RoleInfo (RoleInfo.java:shutdownLeaderElection(121)) - omNode-1: shutdown omNode-1@group-523986131536-LeaderElection1
2021-10-06 13:07:51,901 [omNode-3@group-523986131536-LeaderElection3] INFO  impl.LeaderElection (LeaderElection.java:askForVotes(308)) - omNode-3@group-523986131536-LeaderElection3 ELECTION round 0: result REJECTED
2021-10-06 13:07:51,902 [omNode-3@group-523986131536-LeaderElection3] INFO  server.RaftServer$Division (RaftServerImpl.java:setRole(285)) - omNode-3@group-523986131536: changes role from CANDIDATE to FOLLOWER at term 1 for REJECTED
2021-10-06 13:07:51,902 [omNode-3@group-523986131536-LeaderElection3] INFO  impl.RoleInfo (RoleInfo.java:shutdownLeaderElection(121)) - omNode-3: shutdown omNode-3@group-523986131536-LeaderElection3
2021-10-06 13:07:51,902 [omNode-3@group-523986131536-LeaderElection3] INFO  impl.RoleInfo (RoleInfo.java:updateAndGet(130)) - omNode-3: start omNode-3@group-523986131536-FollowerState
2021-10-06 13:07:51,901 [omNode-1@group-523986131536-LeaderElection1] INFO  server.RaftServer$Division (RaftServerImpl.java:setRole(285)) - omNode-1@group-523986131536: changes role from CANDIDATE to LEADER at term 2 for changeToLeader
2021-10-06 13:07:51,902 [omNode-1@group-523986131536-LeaderElection1] INFO  server.RaftServer$Division (ServerState.java:setLeader(285)) - omNode-1@group-523986131536: change Leader from null to omNode-1 at term 2 for becomeLeader, leader elected after 2615ms
2021-10-06 13:07:51,909 [omNode-1@group-523986131536-LeaderElection1] INFO  server.RaftServerConfigKeys (ConfUtils.java:logGet(44)) - raft.server.staging.catchup.gap = 1000 (default)
2021-10-06 13:07:51,916 [grpc-default-executor-5] INFO  server.RaftServer$Division (RaftServerImpl.java:requestVote(1043)) - omNode-3@group-523986131536: receive requestVote(ELECTION, omNode-1, group-523986131536, 2, (t:0, i:~))
2021-10-06 13:07:51,916 [grpc-default-executor-5] INFO  impl.VoteContext (VoteContext.java:log(48)) - omNode-3@group-523986131536-FOLLOWER: accept ELECTION from omNode-1: our priority 0 <= candidate's priority 0
2021-10-06 13:07:51,917 [grpc-default-executor-5] INFO  server.RaftServer$Division (RaftServerImpl.java:setRole(285)) - omNode-3@group-523986131536: changes role from  FOLLOWER to FOLLOWER at term 2 for candidate:omNode-1
2021-10-06 13:07:51,917 [grpc-default-executor-5] INFO  impl.RoleInfo (RoleInfo.java:shutdownFollowerState(108)) - omNode-3: shutdown omNode-3@group-523986131536-FollowerState
2021-10-06 13:07:51,917 [grpc-default-executor-5] INFO  impl.RoleInfo (RoleInfo.java:updateAndGet(130)) - omNode-3: start omNode-3@group-523986131536-FollowerState
2021-10-06 13:07:51,917 [omNode-3@group-523986131536-FollowerState] INFO  impl.FollowerState (FollowerState.java:run(143)) - omNode-3@group-523986131536-FollowerState was interrupted: {}
java.lang.InterruptedException: sleep interrupted
	at java.lang.Thread.sleep(Native Method)
	at java.lang.Thread.sleep(Thread.java:340)
	at java.util.concurrent.TimeUnit.sleep(TimeUnit.java:386)
	at org.apache.ratis.util.TimeDuration.sleep(TimeDuration.java:324)
	at org.apache.ratis.util.TimeDuration.sleep(TimeDuration.java:309)
	at org.apache.ratis.server.impl.FollowerState.run(FollowerState.java:118)
2021-10-06 13:07:51,921 [omNode-1@group-523986131536-LeaderElection1] INFO  server.RaftServerConfigKeys (ConfUtils.java:logGet(44)) - raft.server.write.element-limit = 4096 (default)
2021-10-06 13:07:51,933 [omNode-1@group-523986131536-LeaderElection1] INFO  server.RaftServerConfigKeys (ConfUtils.java:logGet(44)) - raft.server.write.byte-limit = 64MB (=67108864) (default)
2021-10-06 13:07:51,939 [grpc-default-executor-5] INFO  server.RaftServer$Division (RaftServerImpl.java:requestVote(1075)) - omNode-3@group-523986131536 replies to ELECTION vote request: omNode-1<-omNode-3#0:OK-t2. Peer's state: omNode-3@group-523986131536:t2, leader=null, voted=omNode-1, raftlog=omNode-3@group-523986131536-SegmentedRaftLog:OPENED:c-1,f-1,i0, conf=-1: [omNode-3|rpc:localhost:11312|priority:0, omNode-1|rpc:localhost:11300|priority:0, omNode-2|rpc:localhost:11306|priority:0], old=null
2021-10-06 13:07:51,941 [omNode-1@group-523986131536-LeaderElection1] INFO  server.RaftServerConfigKeys (ConfUtils.java:logGet(44)) - raft.server.watch.timeout = 10s (default)
2021-10-06 13:07:51,944 [omNode-1@group-523986131536-LeaderElection1] INFO  server.RaftServerConfigKeys (ConfUtils.java:logGet(44)) - raft.server.watch.timeout.denomination = 1s (default)
2021-10-06 13:07:51,944 [omNode-1@group-523986131536-LeaderElection1] INFO  server.RaftServerConfigKeys (ConfUtils.java:logGet(44)) - raft.server.watch.element-limit = 65536 (default)
2021-10-06 13:07:51,956 [omNode-1@group-523986131536-LeaderElection1] INFO  server.RaftServerConfigKeys (ConfUtils.java:logGet(44)) - raft.server.log.appender.snapshot.chunk.size.max = 16MB (=16777216) (default)
2021-10-06 13:07:51,956 [omNode-1@group-523986131536-LeaderElection1] INFO  server.RaftServerConfigKeys (ConfUtils.java:logGet(44)) - raft.server.log.appender.buffer.byte-limit = 33554432 (custom)
2021-10-06 13:07:51,956 [omNode-1@group-523986131536-LeaderElection1] INFO  server.RaftServerConfigKeys (ConfUtils.java:logGet(44)) - raft.server.log.appender.buffer.element-limit = 1024 (custom)
2021-10-06 13:07:51,959 [omNode-1@group-523986131536-LeaderElection1] INFO  grpc.GrpcConfigKeys (ConfUtils.java:logGet(44)) - raft.grpc.server.leader.outstanding.appends.max = 128 (default)
2021-10-06 13:07:51,960 [omNode-1@group-523986131536-LeaderElection1] INFO  server.RaftServerConfigKeys (ConfUtils.java:logGet(44)) - raft.server.rpc.request.timeout = 3000ms (default)
2021-10-06 13:07:51,960 [omNode-1@group-523986131536-LeaderElection1] INFO  server.RaftServerConfigKeys (ConfUtils.java:logGet(44)) - raft.server.log.appender.install.snapshot.enabled = false (custom)
2021-10-06 13:07:51,968 [omNode-1@group-523986131536-LeaderElection1] INFO  server.RaftServerConfigKeys (ConfUtils.java:logGet(44)) - raft.server.log.appender.snapshot.chunk.size.max = 16MB (=16777216) (default)
2021-10-06 13:07:51,974 [omNode-1@group-523986131536-LeaderElection1] INFO  server.RaftServerConfigKeys (ConfUtils.java:logGet(44)) - raft.server.log.appender.buffer.byte-limit = 33554432 (custom)
2021-10-06 13:07:51,975 [omNode-1@group-523986131536-LeaderElection1] INFO  server.RaftServerConfigKeys (ConfUtils.java:logGet(44)) - raft.server.log.appender.buffer.element-limit = 1024 (custom)
2021-10-06 13:07:51,975 [omNode-1@group-523986131536-LeaderElection1] INFO  grpc.GrpcConfigKeys (ConfUtils.java:logGet(44)) - raft.grpc.server.leader.outstanding.appends.max = 128 (default)
2021-10-06 13:07:51,975 [omNode-1@group-523986131536-LeaderElection1] INFO  server.RaftServerConfigKeys (ConfUtils.java:logGet(44)) - raft.server.rpc.request.timeout = 3000ms (default)
2021-10-06 13:07:51,975 [omNode-1@group-523986131536-LeaderElection1] INFO  server.RaftServerConfigKeys (ConfUtils.java:logGet(44)) - raft.server.log.appender.install.snapshot.enabled = false (custom)
2021-10-06 13:07:51,979 [omNode-1@group-523986131536-LeaderElection1] INFO  impl.RoleInfo (RoleInfo.java:updateAndGet(130)) - omNode-1: start omNode-1@group-523986131536-LeaderStateImpl
2021-10-06 13:07:52,007 [omNode-1@group-523986131536-LeaderElection1] INFO  segmented.SegmentedRaftLogWorker (SegmentedRaftLogWorker.java:startLogSegment(394)) - omNode-1@group-523986131536-SegmentedRaftLogWorker: Starting segment from index:0
2021-10-06 13:07:52,010 [Listener at 127.0.0.1/11308] INFO  handler.ContextHandler (ContextHandler.java:doStart(915)) - Started o.e.j.w.WebAppContext@b439e50{hddsDatanode,/,file:///tmp/jetty-0_0_0_0-39735-hdds-container-service-1_2_0-SNAPSHOT_jar-_-any-6852252852410878603/webapp/,AVAILABLE}{jar:file:/home/runner/.m2/repository/org/apache/ozone/hdds-container-service/1.2.0-SNAPSHOT/hdds-container-service-1.2.0-SNAPSHOT.jar!/webapps/hddsDatanode}
2021-10-06 13:07:52,028 [Listener at 127.0.0.1/11308] INFO  server.AbstractConnector (AbstractConnector.java:doStart(331)) - Started ServerConnector@269bf0ac{HTTP/1.1, (http/1.1)}{0.0.0.0:39735}
2021-10-06 13:07:52,029 [Listener at 127.0.0.1/11308] INFO  server.Server (Server.java:doStart(415)) - Started @9334ms
2021-10-06 13:07:52,029 [Listener at 127.0.0.1/11308] WARN  impl.MetricsSystemImpl (MetricsSystemImpl.java:register(279)) - Sink prometheus already exists!
2021-10-06 13:07:52,030 [Listener at 127.0.0.1/11308] INFO  http.BaseHttpServer (BaseHttpServer.java:updateConnectorAddress(329)) - HTTP server of hddsDatanode listening at http://0.0.0.0:39735
2021-10-06 13:07:52,043 [Datanode State Machine Thread - 0] INFO  statemachine.DatanodeStateMachine (DatanodeStateMachine.java:lambda$startDaemon$0(456)) - Ozone container server started.
2021-10-06 13:07:52,045 [Listener at 127.0.0.1/11308] WARN  impl.MetricRegistriesImpl (MetricRegistriesImpl.java:addReporterRegistration(111)) - New reporters are added after registries were created. Some metrics will be missing from the reporter. Please add reporter before adding any new registry.
2021-10-06 13:07:52,045 [Listener at 127.0.0.1/11308] WARN  impl.MetricRegistriesImpl (MetricRegistriesImpl.java:addReporterRegistration(111)) - New reporters are added after registries were created. Some metrics will be missing from the reporter. Please add reporter before adding any new registry.
2021-10-06 13:07:52,045 [Listener at 127.0.0.1/11308] INFO  impl.MetricsSystemImpl (MetricsSystemImpl.java:init(158)) - HddsDatanode metrics system started (again)
2021-10-06 13:07:52,110 [Listener at 127.0.0.1/11308] INFO  ozone.HddsDatanodeService (HddsDatanodeService.java:start(234)) - HddsDatanodeService host:fv-az151-432.yf2hydr00wburbhx3j5hxtcipe.bx.internal.cloudapp.net ip:10.1.0.31
2021-10-06 13:07:52,113 [omNode-1@group-523986131536-LeaderElection1] INFO  server.RaftServer$Division (ServerState.java:setRaftConf(387)) - omNode-1@group-523986131536: set configuration 0: [omNode-3|rpc:localhost:11312|admin:|client:|dataStream:|priority:0, omNode-1|rpc:localhost:11300|admin:|client:|dataStream:|priority:0, omNode-2|rpc:localhost:11306|admin:|client:|dataStream:|priority:0], old=null
2021-10-06 13:07:52,164 [Listener at 127.0.0.1/11308] INFO  upgrade.AbstractLayoutVersionManager (AbstractLayoutVersionManager.java:init(79)) - Initializing Layout version manager with metadata layout = SCM_HA (version = 2), software layout = SCM_HA (version = 2)
2021-10-06 13:07:52,179 [org.apache.hadoop.util.JvmPauseMonitor$Monitor@314b450f] INFO  util.JvmPauseMonitor (JvmPauseMonitor.java:run(188)) - Starting JVM pause monitor
2021-10-06 13:07:52,220 [grpc-default-executor-5] INFO  server.RaftServer$Division (ServerState.java:setLeader(285)) - omNode-2@group-523986131536: change Leader from null to omNode-1 at term 2 for appendEntries, leader elected after 2422ms
2021-10-06 13:07:52,283 [grpc-default-executor-1] INFO  server.RaftServer$Division (ServerState.java:setLeader(285)) - omNode-3@group-523986131536: change Leader from null to omNode-1 at term 2 for appendEntries, leader elected after 2136ms
2021-10-06 13:07:52,284 [grpc-default-executor-5] INFO  server.RaftServer$Division (ServerState.java:setRaftConf(387)) - omNode-2@group-523986131536: set configuration 0: [omNode-3|rpc:localhost:11312|admin:|client:|dataStream:|priority:0, omNode-1|rpc:localhost:11300|admin:|client:|dataStream:|priority:0, omNode-2|rpc:localhost:11306|admin:|client:|dataStream:|priority:0], old=null
2021-10-06 13:07:52,285 [grpc-default-executor-5] INFO  segmented.SegmentedRaftLogWorker (SegmentedRaftLogWorker.java:startLogSegment(394)) - omNode-2@group-523986131536-SegmentedRaftLogWorker: Starting segment from index:0
2021-10-06 13:07:52,294 [grpc-default-executor-1] INFO  server.RaftServer$Division (ServerState.java:setRaftConf(387)) - omNode-3@group-523986131536: set configuration 0: [omNode-3|rpc:localhost:11312|admin:|client:|dataStream:|priority:0, omNode-1|rpc:localhost:11300|admin:|client:|dataStream:|priority:0, omNode-2|rpc:localhost:11306|admin:|client:|dataStream:|priority:0], old=null
2021-10-06 13:07:52,294 [grpc-default-executor-1] INFO  segmented.SegmentedRaftLogWorker (SegmentedRaftLogWorker.java:startLogSegment(394)) - omNode-3@group-523986131536-SegmentedRaftLogWorker: Starting segment from index:0
2021-10-06 13:07:52,294 [Datanode State Machine Task Thread - 0] INFO  datanode.InitDatanodeState (InitDatanodeState.java:persistContainerDatanodeDetails(145)) - DatanodeDetails is persisted to /home/runner/work/ozone/ozone/hadoop-ozone/integration-test/target/test-dir/MiniOzoneClusterImpl-c79ebf65-7f2a-452c-95f4-518756688277/datanode-1/meta/datanode.id
2021-10-06 13:07:52,329 [Listener at 127.0.0.1/11308] INFO  reflections.Reflections (Reflections.java:scan(232)) - Reflections took 161 ms to scan 7 urls, producing 119 keys and 275 values 
2021-10-06 13:07:52,341 [Listener at 127.0.0.1/11308] INFO  volume.HddsVolume (HddsVolume.java:<init>(120)) - Creating HddsVolume: /home/runner/work/ozone/ozone/hadoop-ozone/integration-test/target/test-dir/MiniOzoneClusterImpl-c79ebf65-7f2a-452c-95f4-518756688277/datanode-2/data-0/containers/hdds of storage type : DISK capacity : 9223372036854775807
2021-10-06 13:07:52,341 [Listener at 127.0.0.1/11308] INFO  volume.MutableVolumeSet (MutableVolumeSet.java:initializeVolumeSet(168)) - Added Volume : /home/runner/work/ozone/ozone/hadoop-ozone/integration-test/target/test-dir/MiniOzoneClusterImpl-c79ebf65-7f2a-452c-95f4-518756688277/datanode-2/data-0/containers/hdds to VolumeSet
2021-10-06 13:07:52,342 [Listener at 127.0.0.1/11308] INFO  volume.ThrottledAsyncChecker (ThrottledAsyncChecker.java:schedule(141)) - Scheduling a check for /home/runner/work/ozone/ozone/hadoop-ozone/integration-test/target/test-dir/MiniOzoneClusterImpl-c79ebf65-7f2a-452c-95f4-518756688277/datanode-2/data-0/containers/hdds
2021-10-06 13:07:52,348 [Listener at 127.0.0.1/11308] INFO  volume.StorageVolumeChecker (StorageVolumeChecker.java:checkAllVolumes(202)) - Scheduled health check for volume /home/runner/work/ozone/ozone/hadoop-ozone/integration-test/target/test-dir/MiniOzoneClusterImpl-c79ebf65-7f2a-452c-95f4-518756688277/datanode-2/data-0/containers/hdds
2021-10-06 13:07:52,367 [omNode-2@group-523986131536-SegmentedRaftLogWorker] INFO  segmented.SegmentedRaftLogWorker (SegmentedRaftLogWorker.java:execute(601)) - omNode-2@group-523986131536-SegmentedRaftLogWorker: created new log segment /home/runner/work/ozone/ozone/hadoop-ozone/integration-test/target/test-dir/MiniOzoneClusterImpl-c79ebf65-7f2a-452c-95f4-518756688277/omNode-2/ratis/c9bc4cf4-3bc3-3c60-a66b-523986131536/current/log_inprogress_0
2021-10-06 13:07:52,368 [omNode-1@group-523986131536-SegmentedRaftLogWorker] INFO  segmented.SegmentedRaftLogWorker (SegmentedRaftLogWorker.java:execute(601)) - omNode-1@group-523986131536-SegmentedRaftLogWorker: created new log segment /home/runner/work/ozone/ozone/hadoop-ozone/integration-test/target/test-dir/MiniOzoneClusterImpl-c79ebf65-7f2a-452c-95f4-518756688277/omNode-1/ratis/c9bc4cf4-3bc3-3c60-a66b-523986131536/current/log_inprogress_0
2021-10-06 13:07:52,389 [Listener at 127.0.0.1/11308] INFO  volume.MutableVolumeSet (MutableVolumeSet.java:initializeVolumeSet(168)) - Added Volume : /home/runner/work/ozone/ozone/hadoop-ozone/integration-test/target/test-dir/MiniOzoneClusterImpl-c79ebf65-7f2a-452c-95f4-518756688277/datanode-2/data/ratis to VolumeSet
2021-10-06 13:07:52,394 [omNode-3@group-523986131536-SegmentedRaftLogWorker] INFO  segmented.SegmentedRaftLogWorker (SegmentedRaftLogWorker.java:execute(601)) - omNode-3@group-523986131536-SegmentedRaftLogWorker: created new log segment /home/runner/work/ozone/ozone/hadoop-ozone/integration-test/target/test-dir/MiniOzoneClusterImpl-c79ebf65-7f2a-452c-95f4-518756688277/omNode-3/ratis/c9bc4cf4-3bc3-3c60-a66b-523986131536/current/log_inprogress_0
2021-10-06 13:07:52,395 [Listener at 127.0.0.1/11308] INFO  volume.ThrottledAsyncChecker (ThrottledAsyncChecker.java:schedule(141)) - Scheduling a check for /home/runner/work/ozone/ozone/hadoop-ozone/integration-test/target/test-dir/MiniOzoneClusterImpl-c79ebf65-7f2a-452c-95f4-518756688277/datanode-2/data/ratis
2021-10-06 13:07:52,396 [Listener at 127.0.0.1/11308] INFO  volume.StorageVolumeChecker (StorageVolumeChecker.java:checkAllVolumes(202)) - Scheduled health check for volume /home/runner/work/ozone/ozone/hadoop-ozone/integration-test/target/test-dir/MiniOzoneClusterImpl-c79ebf65-7f2a-452c-95f4-518756688277/datanode-2/data/ratis
2021-10-06 13:07:52,431 [Thread-262] INFO  ozoneimpl.ContainerReader (ContainerReader.java:readVolume(172)) - Finish verifying containers on volume /home/runner/work/ozone/ozone/hadoop-ozone/integration-test/target/test-dir/MiniOzoneClusterImpl-c79ebf65-7f2a-452c-95f4-518756688277/datanode-2/data-0/containers/hdds
2021-10-06 13:07:52,431 [Listener at 127.0.0.1/11308] INFO  ozoneimpl.OzoneContainer (OzoneContainer.java:buildContainerSet(236)) - Build ContainerSet costs 0s
2021-10-06 13:07:52,435 [Listener at 127.0.0.1/11308] INFO  server.RaftServer (ConfUtils.java:logGet(44)) - raft.rpc.type = GRPC (default)
2021-10-06 13:07:52,435 [Listener at 127.0.0.1/11308] INFO  grpc.GrpcFactory (GrpcFactory.java:checkPooledByteBufAllocatorUseCacheForAllThreads(48)) - PERFORMANCE WARNING: useCacheForAllThreads is true that may cause Netty to create a lot garbage objects and, as a result, trigger GC.
	It is recommended to disable useCacheForAllThreads by setting -Dorg.apache.ratis.thirdparty.io.netty.allocator.useCacheForAllThreads=false in command line.
2021-10-06 13:07:52,435 [Listener at 127.0.0.1/11308] INFO  grpc.GrpcConfigKeys (ConfUtils.java:logGet(44)) - raft.grpc.admin.port = 0 (custom)
2021-10-06 13:07:52,435 [Listener at 127.0.0.1/11308] INFO  grpc.GrpcConfigKeys (ConfUtils.java:logGet(44)) - raft.grpc.client.port = 0 (custom)
2021-10-06 13:07:52,436 [Listener at 127.0.0.1/11308] INFO  grpc.GrpcConfigKeys (ConfUtils.java:logGet(44)) - raft.grpc.server.port = 0 (default)
2021-10-06 13:07:52,436 [Listener at 127.0.0.1/11308] INFO  server.GrpcService (ConfUtils.java:logGet(44)) - raft.grpc.message.size.max = 32MB (=33554432) (custom)
2021-10-06 13:07:52,436 [Listener at 127.0.0.1/11308] INFO  server.RaftServerConfigKeys (ConfUtils.java:logGet(44)) - raft.server.log.appender.buffer.byte-limit = 33554432 (custom)
2021-10-06 13:07:52,436 [Listener at 127.0.0.1/11308] INFO  server.GrpcService (ConfUtils.java:logGet(44)) - raft.grpc.flow.control.window = 5MB (=5242880) (custom)
2021-10-06 13:07:52,436 [Listener at 127.0.0.1/11308] INFO  server.RaftServerConfigKeys (ConfUtils.java:logGet(44)) - raft.server.rpc.request.timeout = 60s (custom)
2021-10-06 13:07:52,438 [Listener at 127.0.0.1/11308] INFO  impl.DataStreamServerImpl (ConfUtils.java:logGet(44)) - raft.datastream.type = DISABLED (default)
2021-10-06 13:07:52,445 [Listener at 127.0.0.1/11308] INFO  server.RaftServerConfigKeys (ConfUtils.java:logGet(44)) - raft.server.rpc.slowness.timeout = 300s (custom)
2021-10-06 13:07:52,445 [Listener at 127.0.0.1/11308] INFO  server.RaftServerConfigKeys (ConfUtils.java:logGet(44)) - raft.server.leaderelection.leader.step-down.wait-time = 10s (default)
2021-10-06 13:07:52,445 [Listener at 127.0.0.1/11308] INFO  server.RaftServerConfigKeys (ConfUtils.java:logGet(44)) - raft.server.storage.dir = [/home/runner/work/ozone/ozone/hadoop-ozone/integration-test/target/test-dir/MiniOzoneClusterImpl-c79ebf65-7f2a-452c-95f4-518756688277/datanode-2/data/ratis] (custom)
2021-10-06 13:07:52,464 [Listener at 127.0.0.1/11308] INFO  http.BaseHttpServer (BaseHttpServer.java:newHttpServer2BuilderForOzone(209)) - Starting Web-server for hddsDatanode at: http://0.0.0.0:0
2021-10-06 13:07:52,464 [Listener at 127.0.0.1/11308] INFO  http.BaseHttpServer (BaseHttpServer.java:<init>(107)) - Hadoop Security Enabled: false Ozone Security Enabled: false Ozone HTTP Security Enabled: false 
2021-10-06 13:07:52,466 [Listener at 127.0.0.1/11308] INFO  server.AuthenticationFilter (AuthenticationFilter.java:constructSecretProvider(240)) - Unable to initialize FileSignerSecretProvider, falling back to use random secrets.
2021-10-06 13:07:52,470 [Listener at 127.0.0.1/11308] WARN  http.HttpRequestLog (HttpRequestLog.java:getRequestLog(103)) - Jetty request log can only be enabled using Log4j
2021-10-06 13:07:52,471 [Listener at 127.0.0.1/11308] INFO  http.HttpServer2 (HttpServer2.java:addGlobalFilter(1030)) - Added global filter 'safety' (class=org.apache.hadoop.hdds.server.http.HttpServer2$QuotingInputFilter)
2021-10-06 13:07:52,472 [Listener at 127.0.0.1/11308] INFO  http.HttpServer2 (HttpServer2.java:addFilter(1006)) - Added filter static_user_filter (class=org.apache.hadoop.http.lib.StaticUserWebFilter$StaticUserFilter) to context hddsDatanode
2021-10-06 13:07:52,472 [Listener at 127.0.0.1/11308] INFO  http.HttpServer2 (HttpServer2.java:addFilter(1014)) - Added filter static_user_filter (class=org.apache.hadoop.http.lib.StaticUserWebFilter$StaticUserFilter) to context logs
2021-10-06 13:07:52,473 [Listener at 127.0.0.1/11308] INFO  http.HttpServer2 (HttpServer2.java:addFilter(1014)) - Added filter static_user_filter (class=org.apache.hadoop.http.lib.StaticUserWebFilter$StaticUserFilter) to context static
2021-10-06 13:07:52,473 [Listener at 127.0.0.1/11308] INFO  http.HttpServer2 (HttpServer2.java:bindListener(1249)) - Jetty bound to port 46607
2021-10-06 13:07:52,473 [Listener at 127.0.0.1/11308] INFO  server.Server (Server.java:doStart(375)) - jetty-9.4.43.v20210629; built: 2021-06-30T11:07:22.254Z; git: 526006ecfa3af7f1a27ef3a288e2bef7ea9dd7e8; jvm 1.8.0_292-b10
2021-10-06 13:07:52,483 [Listener at 127.0.0.1/11308] INFO  server.session (DefaultSessionIdManager.java:doStart(334)) - DefaultSessionIdManager workerName=node0
2021-10-06 13:07:52,483 [Listener at 127.0.0.1/11308] INFO  server.session (DefaultSessionIdManager.java:doStart(339)) - No SessionScavenger set, using defaults
2021-10-06 13:07:52,483 [Listener at 127.0.0.1/11308] INFO  server.session (HouseKeeper.java:startScavenging(132)) - node0 Scavenging every 600000ms
2021-10-06 13:07:52,484 [Listener at 127.0.0.1/11308] INFO  handler.ContextHandler (ContextHandler.java:doStart(915)) - Started o.e.j.s.ServletContextHandler@744f4027{logs,/logs,file:///home/runner/work/ozone/ozone/hadoop-ozone/integration-test/target/log,AVAILABLE}
2021-10-06 13:07:52,485 [Listener at 127.0.0.1/11308] INFO  handler.ContextHandler (ContextHandler.java:doStart(915)) - Started o.e.j.s.ServletContextHandler@4fbc7da0{static,/static,jar:file:/home/runner/.m2/repository/org/apache/ozone/hdds-container-service/1.2.0-SNAPSHOT/hdds-container-service-1.2.0-SNAPSHOT.jar!/webapps/static,AVAILABLE}
2021-10-06 13:07:52,526 [omNode-1@group-523986131536-StateMachineUpdater] INFO  ratis.OzoneManagerStateMachine (OzoneManagerStateMachine.java:notifyConfigurationChanged(188)) - Received Configuration change notification from Ratis. New Peer list:
[id: "omNode-3"
address: "localhost:11312"
, id: "omNode-1"
address: "localhost:11300"
, id: "omNode-2"
address: "localhost:11306"
]
2021-10-06 13:07:52,546 [Listener at 127.0.0.1/11308] INFO  handler.ContextHandler (ContextHandler.java:doStart(915)) - Started o.e.j.w.WebAppContext@2571d0c{hddsDatanode,/,file:///tmp/jetty-0_0_0_0-46607-hdds-container-service-1_2_0-SNAPSHOT_jar-_-any-1681558953181489975/webapp/,AVAILABLE}{jar:file:/home/runner/.m2/repository/org/apache/ozone/hdds-container-service/1.2.0-SNAPSHOT/hdds-container-service-1.2.0-SNAPSHOT.jar!/webapps/hddsDatanode}
2021-10-06 13:07:52,549 [Listener at 127.0.0.1/11308] INFO  server.AbstractConnector (AbstractConnector.java:doStart(331)) - Started ServerConnector@6799243b{HTTP/1.1, (http/1.1)}{0.0.0.0:46607}
2021-10-06 13:07:52,549 [Listener at 127.0.0.1/11308] INFO  server.Server (Server.java:doStart(415)) - Started @9854ms
2021-10-06 13:07:52,549 [Listener at 127.0.0.1/11308] WARN  impl.MetricsSystemImpl (MetricsSystemImpl.java:register(279)) - Sink prometheus already exists!
2021-10-06 13:07:52,550 [Listener at 127.0.0.1/11308] INFO  http.BaseHttpServer (BaseHttpServer.java:updateConnectorAddress(329)) - HTTP server of hddsDatanode listening at http://0.0.0.0:46607
2021-10-06 13:07:52,552 [Listener at 127.0.0.1/11308] INFO  ozone.MiniOzoneClusterImpl (MiniOzoneClusterImpl.java:lambda$waitForClusterToBeReady$0(235)) - Waiting for nodes to be ready. Got 0 of 3 DN Heartbeats.
2021-10-06 13:07:52,552 [Listener at 127.0.0.1/11308] INFO  ozone.MiniOzoneClusterImpl (MiniOzoneClusterImpl.java:lambda$waitForClusterToBeReady$0(238)) - Waiting for cluster to exit safe mode
2021-10-06 13:07:52,552 [Listener at 127.0.0.1/11308] INFO  ozone.MiniOzoneClusterImpl (MiniOzoneClusterImpl.java:lambda$waitForClusterToBeReady$0(240)) - SCM became leader
2021-10-06 13:07:52,553 [Datanode State Machine Thread - 0] INFO  statemachine.DatanodeStateMachine (DatanodeStateMachine.java:lambda$startDaemon$0(456)) - Ozone container server started.
2021-10-06 13:07:52,562 [org.apache.hadoop.util.JvmPauseMonitor$Monitor@44d02fdf] INFO  util.JvmPauseMonitor (JvmPauseMonitor.java:run(188)) - Starting JVM pause monitor
2021-10-06 13:07:52,565 [Datanode State Machine Task Thread - 0] INFO  datanode.InitDatanodeState (InitDatanodeState.java:persistContainerDatanodeDetails(145)) - DatanodeDetails is persisted to /home/runner/work/ozone/ozone/hadoop-ozone/integration-test/target/test-dir/MiniOzoneClusterImpl-c79ebf65-7f2a-452c-95f4-518756688277/datanode-2/meta/datanode.id
2021-10-06 13:07:52,906 [omNode-2@group-523986131536-StateMachineUpdater] INFO  ratis.OzoneManagerStateMachine (OzoneManagerStateMachine.java:notifyConfigurationChanged(188)) - Received Configuration change notification from Ratis. New Peer list:
[id: "omNode-3"
address: "localhost:11312"
, id: "omNode-1"
address: "localhost:11300"
, id: "omNode-2"
address: "localhost:11306"
]
2021-10-06 13:07:52,925 [omNode-3@group-523986131536-StateMachineUpdater] INFO  ratis.OzoneManagerStateMachine (OzoneManagerStateMachine.java:notifyConfigurationChanged(188)) - Received Configuration change notification from Ratis. New Peer list:
[id: "omNode-3"
address: "localhost:11312"
, id: "omNode-1"
address: "localhost:11300"
, id: "omNode-2"
address: "localhost:11306"
]
2021-10-06 13:07:53,552 [Listener at 127.0.0.1/11308] INFO  ozone.MiniOzoneClusterImpl (MiniOzoneClusterImpl.java:lambda$waitForClusterToBeReady$0(235)) - Waiting for nodes to be ready. Got 0 of 3 DN Heartbeats.
2021-10-06 13:07:53,553 [Listener at 127.0.0.1/11308] INFO  ozone.MiniOzoneClusterImpl (MiniOzoneClusterImpl.java:lambda$waitForClusterToBeReady$0(238)) - Waiting for cluster to exit safe mode
2021-10-06 13:07:53,553 [Listener at 127.0.0.1/11308] INFO  ozone.MiniOzoneClusterImpl (MiniOzoneClusterImpl.java:lambda$waitForClusterToBeReady$0(240)) - SCM became leader
2021-10-06 13:07:53,556 [EndpointStateMachine task thread for /0.0.0.0:34503 - 0 ] INFO  ozoneimpl.OzoneContainer (OzoneContainer.java:start(304)) - Attempting to start container services.
2021-10-06 13:07:53,558 [EndpointStateMachine task thread for /0.0.0.0:34503 - 0 ] INFO  ozoneimpl.OzoneContainer (OzoneContainer.java:startContainerScrub(249)) - Background container scanner has been disabled.
2021-10-06 13:07:53,564 [EndpointStateMachine task thread for /0.0.0.0:34503 - 0 ] INFO  replication.ReplicationServer (ReplicationServer.java:start(107)) - ReplicationServer is started using port 34965
2021-10-06 13:07:53,568 [EndpointStateMachine task thread for /0.0.0.0:34503 - 0 ] INFO  ratis.XceiverServerRatis (XceiverServerRatis.java:start(482)) - Starting XceiverServerRatis 919bab14-801a-4b4b-b62b-3bd9b5db7035
2021-10-06 13:07:53,573 [EndpointStateMachine task thread for /0.0.0.0:34503 - 0 ] INFO  server.RaftServer (RaftServerProxy.java:lambda$start$5(374)) - 919bab14-801a-4b4b-b62b-3bd9b5db7035: start RPC server
2021-10-06 13:07:53,582 [EndpointStateMachine task thread for /0.0.0.0:34503 - 0 ] INFO  server.GrpcService (GrpcService.java:startImpl(253)) - 919bab14-801a-4b4b-b62b-3bd9b5db7035: GrpcService started, listening on 37525
2021-10-06 13:07:53,587 [EndpointStateMachine task thread for /0.0.0.0:34503 - 0 ] INFO  ratis.XceiverServerRatis (XceiverServerRatis.java:getRealPort(503)) - XceiverServerRatis 919bab14-801a-4b4b-b62b-3bd9b5db7035 is started using port 37525 for RATIS
2021-10-06 13:07:53,587 [EndpointStateMachine task thread for /0.0.0.0:34503 - 0 ] INFO  ratis.XceiverServerRatis (XceiverServerRatis.java:getRealPort(503)) - XceiverServerRatis 919bab14-801a-4b4b-b62b-3bd9b5db7035 is started using port 37525 for RATIS_ADMIN
2021-10-06 13:07:53,587 [EndpointStateMachine task thread for /0.0.0.0:34503 - 0 ] INFO  ratis.XceiverServerRatis (XceiverServerRatis.java:getRealPort(503)) - XceiverServerRatis 919bab14-801a-4b4b-b62b-3bd9b5db7035 is started using port 37525 for RATIS_SERVER
2021-10-06 13:07:53,597 [org.apache.ratis.util.JvmPauseMonitor$$Lambda$523/1217636848@55c8d3] INFO  util.JvmPauseMonitor (JvmPauseMonitor.java:run(103)) - JvmPauseMonitor-919bab14-801a-4b4b-b62b-3bd9b5db7035: Started
2021-10-06 13:07:53,597 [EndpointStateMachine task thread for /0.0.0.0:34503 - 0 ] INFO  server.XceiverServerGrpc (XceiverServerGrpc.java:start(135)) - XceiverServerGrpc 919bab14-801a-4b4b-b62b-3bd9b5db7035 is started using port 36437
2021-10-06 13:07:54,185 [EndpointStateMachine task thread for /0.0.0.0:34503 - 0 ] INFO  ozoneimpl.OzoneContainer (OzoneContainer.java:start(304)) - Attempting to start container services.
2021-10-06 13:07:54,186 [EndpointStateMachine task thread for /0.0.0.0:34503 - 0 ] INFO  ozoneimpl.OzoneContainer (OzoneContainer.java:startContainerScrub(249)) - Background container scanner has been disabled.
2021-10-06 13:07:54,187 [EndpointStateMachine task thread for /0.0.0.0:34503 - 0 ] INFO  replication.ReplicationServer (ReplicationServer.java:start(107)) - ReplicationServer is started using port 42515
2021-10-06 13:07:54,188 [EndpointStateMachine task thread for /0.0.0.0:34503 - 0 ] INFO  ratis.XceiverServerRatis (XceiverServerRatis.java:start(482)) - Starting XceiverServerRatis 5f16da84-7d95-4d7e-959b-684ab973190d
2021-10-06 13:07:54,202 [EndpointStateMachine task thread for /0.0.0.0:34503 - 0 ] INFO  server.RaftServer (RaftServerProxy.java:lambda$start$5(374)) - 5f16da84-7d95-4d7e-959b-684ab973190d: start RPC server
2021-10-06 13:07:54,204 [EndpointStateMachine task thread for /0.0.0.0:34503 - 0 ] INFO  server.GrpcService (GrpcService.java:startImpl(253)) - 5f16da84-7d95-4d7e-959b-684ab973190d: GrpcService started, listening on 46301
2021-10-06 13:07:54,204 [EndpointStateMachine task thread for /0.0.0.0:34503 - 0 ] INFO  ratis.XceiverServerRatis (XceiverServerRatis.java:getRealPort(503)) - XceiverServerRatis 5f16da84-7d95-4d7e-959b-684ab973190d is started using port 46301 for RATIS
2021-10-06 13:07:54,205 [EndpointStateMachine task thread for /0.0.0.0:34503 - 0 ] INFO  ratis.XceiverServerRatis (XceiverServerRatis.java:getRealPort(503)) - XceiverServerRatis 5f16da84-7d95-4d7e-959b-684ab973190d is started using port 46301 for RATIS_ADMIN
2021-10-06 13:07:54,205 [EndpointStateMachine task thread for /0.0.0.0:34503 - 0 ] INFO  ratis.XceiverServerRatis (XceiverServerRatis.java:getRealPort(503)) - XceiverServerRatis 5f16da84-7d95-4d7e-959b-684ab973190d is started using port 46301 for RATIS_SERVER
2021-10-06 13:07:54,207 [org.apache.ratis.util.JvmPauseMonitor$$Lambda$523/1217636848@4fe4b13a] INFO  util.JvmPauseMonitor (JvmPauseMonitor.java:run(103)) - JvmPauseMonitor-5f16da84-7d95-4d7e-959b-684ab973190d: Started
2021-10-06 13:07:54,207 [EndpointStateMachine task thread for /0.0.0.0:34503 - 0 ] INFO  server.XceiverServerGrpc (XceiverServerGrpc.java:start(135)) - XceiverServerGrpc 5f16da84-7d95-4d7e-959b-684ab973190d is started using port 39997
2021-10-06 13:07:54,553 [Listener at 127.0.0.1/11308] INFO  ozone.MiniOzoneClusterImpl (MiniOzoneClusterImpl.java:lambda$waitForClusterToBeReady$0(235)) - Waiting for nodes to be ready. Got 0 of 3 DN Heartbeats.
2021-10-06 13:07:54,553 [Listener at 127.0.0.1/11308] INFO  ozone.MiniOzoneClusterImpl (MiniOzoneClusterImpl.java:lambda$waitForClusterToBeReady$0(238)) - Waiting for cluster to exit safe mode
2021-10-06 13:07:54,553 [Listener at 127.0.0.1/11308] INFO  ozone.MiniOzoneClusterImpl (MiniOzoneClusterImpl.java:lambda$waitForClusterToBeReady$0(240)) - SCM became leader
2021-10-06 13:07:54,566 [EndpointStateMachine task thread for /0.0.0.0:34503 - 0 ] INFO  ozoneimpl.OzoneContainer (OzoneContainer.java:start(304)) - Attempting to start container services.
2021-10-06 13:07:54,566 [EndpointStateMachine task thread for /0.0.0.0:34503 - 0 ] INFO  ozoneimpl.OzoneContainer (OzoneContainer.java:startContainerScrub(249)) - Background container scanner has been disabled.
2021-10-06 13:07:54,568 [EndpointStateMachine task thread for /0.0.0.0:34503 - 0 ] INFO  replication.ReplicationServer (ReplicationServer.java:start(107)) - ReplicationServer is started using port 41069
2021-10-06 13:07:54,569 [EndpointStateMachine task thread for /0.0.0.0:34503 - 0 ] INFO  ratis.XceiverServerRatis (XceiverServerRatis.java:start(482)) - Starting XceiverServerRatis 181b69ce-6322-4260-b10d-e87d22a73f8a
2021-10-06 13:07:54,570 [EndpointStateMachine task thread for /0.0.0.0:34503 - 0 ] INFO  server.RaftServer (RaftServerProxy.java:lambda$start$5(374)) - 181b69ce-6322-4260-b10d-e87d22a73f8a: start RPC server
2021-10-06 13:07:54,571 [EndpointStateMachine task thread for /0.0.0.0:34503 - 0 ] INFO  server.GrpcService (GrpcService.java:startImpl(253)) - 181b69ce-6322-4260-b10d-e87d22a73f8a: GrpcService started, listening on 38167
2021-10-06 13:07:54,572 [EndpointStateMachine task thread for /0.0.0.0:34503 - 0 ] INFO  ratis.XceiverServerRatis (XceiverServerRatis.java:getRealPort(503)) - XceiverServerRatis 181b69ce-6322-4260-b10d-e87d22a73f8a is started using port 38167 for RATIS
2021-10-06 13:07:54,572 [EndpointStateMachine task thread for /0.0.0.0:34503 - 0 ] INFO  ratis.XceiverServerRatis (XceiverServerRatis.java:getRealPort(503)) - XceiverServerRatis 181b69ce-6322-4260-b10d-e87d22a73f8a is started using port 38167 for RATIS_ADMIN
2021-10-06 13:07:54,572 [EndpointStateMachine task thread for /0.0.0.0:34503 - 0 ] INFO  ratis.XceiverServerRatis (XceiverServerRatis.java:getRealPort(503)) - XceiverServerRatis 181b69ce-6322-4260-b10d-e87d22a73f8a is started using port 38167 for RATIS_SERVER
2021-10-06 13:07:54,572 [org.apache.ratis.util.JvmPauseMonitor$$Lambda$523/1217636848@563cebd1] INFO  util.JvmPauseMonitor (JvmPauseMonitor.java:run(103)) - JvmPauseMonitor-181b69ce-6322-4260-b10d-e87d22a73f8a: Started
2021-10-06 13:07:54,574 [EndpointStateMachine task thread for /0.0.0.0:34503 - 0 ] INFO  server.XceiverServerGrpc (XceiverServerGrpc.java:start(135)) - XceiverServerGrpc 181b69ce-6322-4260-b10d-e87d22a73f8a is started using port 41387
2021-10-06 13:07:55,552 [IPC Server handler 17 on default port 34503] INFO  net.NetworkTopologyImpl (NetworkTopologyImpl.java:add(112)) - Added a new node: /default-rack/919bab14-801a-4b4b-b62b-3bd9b5db7035
2021-10-06 13:07:55,557 [Listener at 127.0.0.1/11308] INFO  ozone.MiniOzoneClusterImpl (MiniOzoneClusterImpl.java:lambda$waitForClusterToBeReady$0(235)) - Waiting for nodes to be ready. Got 1 of 3 DN Heartbeats.
2021-10-06 13:07:55,557 [Listener at 127.0.0.1/11308] INFO  ozone.MiniOzoneClusterImpl (MiniOzoneClusterImpl.java:lambda$waitForClusterToBeReady$0(238)) - Waiting for cluster to exit safe mode
2021-10-06 13:07:55,557 [Listener at 127.0.0.1/11308] INFO  ozone.MiniOzoneClusterImpl (MiniOzoneClusterImpl.java:lambda$waitForClusterToBeReady$0(240)) - SCM became leader
2021-10-06 13:07:55,558 [IPC Server handler 17 on default port 34503] INFO  node.SCMNodeManager (SCMNodeManager.java:register(389)) - Registered Data node : 919bab14-801a-4b4b-b62b-3bd9b5db7035{ip: 10.1.0.31, host: fv-az151-432.yf2hydr00wburbhx3j5hxtcipe.bx.internal.cloudapp.net, ports: [REPLICATION=34965, RATIS=37525, RATIS_ADMIN=37525, RATIS_SERVER=37525, STANDALONE=36437], networkLocation: /default-rack, certSerialId: null, persistedOpState: null, persistedOpStateExpiryEpochSec: 0}
2021-10-06 13:07:55,562 [EventQueue-NewNodeForNewNodeHandler] INFO  pipeline.BackgroundPipelineCreator (BackgroundPipelineCreatorV2.java:notifyEventTriggered(285)) - trigger a one-shot run on RatisPipelineUtilsThread.
2021-10-06 13:07:55,574 [RatisPipelineUtilsThread - 0] INFO  pipeline.RatisPipelineProvider (RatisPipelineProvider.java:lambda$create$0(183)) - Sending CreatePipelineCommand for pipeline:PipelineID=a9617c2f-b13e-46c9-898d-0a48f5335c79 to datanode:919bab14-801a-4b4b-b62b-3bd9b5db7035
2021-10-06 13:07:55,574 [EventQueue-NodeRegistrationContainerReportForDataNodeSafeModeRule] INFO  safemode.SCMSafeModeManager (DataNodeSafeModeRule.java:process(71)) - SCM in safe mode. 1 DataNodes registered, 3 required.
2021-10-06 13:07:55,575 [EventQueue-NodeRegistrationContainerReportForContainerSafeModeRule] INFO  safemode.SCMSafeModeManager (SCMSafeModeManager.java:validateSafeModeExitRules(204)) - ContainerSafeModeRule rule is successfully validated
2021-10-06 13:07:55,587 [EventQueue-PipelineReportForOneReplicaPipelineSafeModeRule] INFO  safemode.SCMSafeModeManager (SCMSafeModeManager.java:validateSafeModeExitRules(204)) - AtleastOneDatanodeReportedRule rule is successfully validated
2021-10-06 13:07:55,593 [RatisPipelineUtilsThread - 0] INFO  pipeline.PipelineStateManagerImpl (PipelineStateManagerImpl.java:addPipeline(101)) - Created pipeline Pipeline[ Id: a9617c2f-b13e-46c9-898d-0a48f5335c79, Nodes: 919bab14-801a-4b4b-b62b-3bd9b5db7035{ip: 10.1.0.31, host: fv-az151-432.yf2hydr00wburbhx3j5hxtcipe.bx.internal.cloudapp.net, ports: [REPLICATION=34965, RATIS=37525, RATIS_ADMIN=37525, RATIS_SERVER=37525, STANDALONE=36437], networkLocation: /default-rack, certSerialId: null, persistedOpState: IN_SERVICE, persistedOpStateExpiryEpochSec: 0}, ReplicationConfig: RATIS/ONE, State:ALLOCATED, leaderId:, CreationTimestamp2021-10-06T13:07:55.571Z[Etc/UTC]].
2021-10-06 13:07:56,181 [IPC Server handler 18 on default port 34503] INFO  net.NetworkTopologyImpl (NetworkTopologyImpl.java:add(112)) - Added a new node: /default-rack/5f16da84-7d95-4d7e-959b-684ab973190d
2021-10-06 13:07:56,181 [IPC Server handler 18 on default port 34503] INFO  node.SCMNodeManager (SCMNodeManager.java:register(389)) - Registered Data node : 5f16da84-7d95-4d7e-959b-684ab973190d{ip: 10.1.0.31, host: fv-az151-432.yf2hydr00wburbhx3j5hxtcipe.bx.internal.cloudapp.net, ports: [REPLICATION=42515, RATIS=46301, RATIS_ADMIN=46301, RATIS_SERVER=46301, STANDALONE=39997], networkLocation: /default-rack, certSerialId: null, persistedOpState: null, persistedOpStateExpiryEpochSec: 0}
2021-10-06 13:07:56,181 [EventQueue-NewNodeForNewNodeHandler] INFO  pipeline.BackgroundPipelineCreator (BackgroundPipelineCreatorV2.java:notifyEventTriggered(285)) - trigger a one-shot run on RatisPipelineUtilsThread.
2021-10-06 13:07:56,183 [EventQueue-NodeRegistrationContainerReportForDataNodeSafeModeRule] INFO  safemode.SCMSafeModeManager (DataNodeSafeModeRule.java:process(71)) - SCM in safe mode. 2 DataNodes registered, 3 required.
2021-10-06 13:07:56,184 [RatisPipelineUtilsThread - 0] INFO  pipeline.RatisPipelineProvider (RatisPipelineProvider.java:lambda$create$0(183)) - Sending CreatePipelineCommand for pipeline:PipelineID=ae6dedcb-2da4-45d6-a167-a937be3cd76f to datanode:5f16da84-7d95-4d7e-959b-684ab973190d
2021-10-06 13:07:56,185 [RatisPipelineUtilsThread - 0] INFO  pipeline.PipelineStateManagerImpl (PipelineStateManagerImpl.java:addPipeline(101)) - Created pipeline Pipeline[ Id: ae6dedcb-2da4-45d6-a167-a937be3cd76f, Nodes: 5f16da84-7d95-4d7e-959b-684ab973190d{ip: 10.1.0.31, host: fv-az151-432.yf2hydr00wburbhx3j5hxtcipe.bx.internal.cloudapp.net, ports: [REPLICATION=42515, RATIS=46301, RATIS_ADMIN=46301, RATIS_SERVER=46301, STANDALONE=39997], networkLocation: /default-rack, certSerialId: null, persistedOpState: IN_SERVICE, persistedOpStateExpiryEpochSec: 0}, ReplicationConfig: RATIS/ONE, State:ALLOCATED, leaderId:, CreationTimestamp2021-10-06T13:07:56.184Z[Etc/UTC]].
2021-10-06 13:07:56,557 [Listener at 127.0.0.1/11308] INFO  ozone.MiniOzoneClusterImpl (MiniOzoneClusterImpl.java:lambda$waitForClusterToBeReady$0(235)) - Waiting for nodes to be ready. Got 2 of 3 DN Heartbeats.
2021-10-06 13:07:56,557 [Listener at 127.0.0.1/11308] INFO  ozone.MiniOzoneClusterImpl (MiniOzoneClusterImpl.java:lambda$waitForClusterToBeReady$0(238)) - Waiting for cluster to exit safe mode
2021-10-06 13:07:56,557 [Listener at 127.0.0.1/11308] INFO  ozone.MiniOzoneClusterImpl (MiniOzoneClusterImpl.java:lambda$waitForClusterToBeReady$0(240)) - SCM became leader
2021-10-06 13:07:56,564 [IPC Server handler 17 on default port 34503] INFO  net.NetworkTopologyImpl (NetworkTopologyImpl.java:add(112)) - Added a new node: /default-rack/181b69ce-6322-4260-b10d-e87d22a73f8a
2021-10-06 13:07:56,564 [IPC Server handler 17 on default port 34503] INFO  node.SCMNodeManager (SCMNodeManager.java:register(389)) - Registered Data node : 181b69ce-6322-4260-b10d-e87d22a73f8a{ip: 10.1.0.31, host: fv-az151-432.yf2hydr00wburbhx3j5hxtcipe.bx.internal.cloudapp.net, ports: [REPLICATION=41069, RATIS=38167, RATIS_ADMIN=38167, RATIS_SERVER=38167, STANDALONE=41387], networkLocation: /default-rack, certSerialId: null, persistedOpState: null, persistedOpStateExpiryEpochSec: 0}
2021-10-06 13:07:56,565 [EventQueue-NewNodeForNewNodeHandler] INFO  pipeline.BackgroundPipelineCreator (BackgroundPipelineCreatorV2.java:notifyEventTriggered(285)) - trigger a one-shot run on RatisPipelineUtilsThread.
2021-10-06 13:07:56,565 [RatisPipelineUtilsThread - 0] INFO  pipeline.RatisPipelineProvider (RatisPipelineProvider.java:lambda$create$0(183)) - Sending CreatePipelineCommand for pipeline:PipelineID=8e1be58c-f15d-41d5-a078-04b3a21d7d80 to datanode:181b69ce-6322-4260-b10d-e87d22a73f8a
2021-10-06 13:07:56,566 [EventQueue-NodeRegistrationContainerReportForDataNodeSafeModeRule] INFO  safemode.SCMSafeModeManager (DataNodeSafeModeRule.java:process(71)) - SCM in safe mode. 3 DataNodes registered, 3 required.
2021-10-06 13:07:56,566 [EventQueue-NodeRegistrationContainerReportForDataNodeSafeModeRule] INFO  safemode.SCMSafeModeManager (SCMSafeModeManager.java:validateSafeModeExitRules(204)) - DataNodeSafeModeRule rule is successfully validated
2021-10-06 13:07:56,566 [RatisPipelineUtilsThread - 0] INFO  pipeline.PipelineStateManagerImpl (PipelineStateManagerImpl.java:addPipeline(101)) - Created pipeline Pipeline[ Id: 8e1be58c-f15d-41d5-a078-04b3a21d7d80, Nodes: 181b69ce-6322-4260-b10d-e87d22a73f8a{ip: 10.1.0.31, host: fv-az151-432.yf2hydr00wburbhx3j5hxtcipe.bx.internal.cloudapp.net, ports: [REPLICATION=41069, RATIS=38167, RATIS_ADMIN=38167, RATIS_SERVER=38167, STANDALONE=41387], networkLocation: /default-rack, certSerialId: null, persistedOpState: IN_SERVICE, persistedOpStateExpiryEpochSec: 0}, ReplicationConfig: RATIS/ONE, State:ALLOCATED, leaderId:, CreationTimestamp2021-10-06T13:07:56.565Z[Etc/UTC]].
2021-10-06 13:07:56,566 [EventQueue-NodeRegistrationContainerReportForDataNodeSafeModeRule] INFO  safemode.SCMSafeModeManager (SCMSafeModeManager.java:completePreCheck(233)) - All SCM safe mode pre check rules have passed
2021-10-06 13:07:56,566 [EventQueue-NodeRegistrationContainerReportForDataNodeSafeModeRule] WARN  events.EventQueue (EventQueue.java:fireEvent(194)) - No event handler registered for event TypedEvent{payloadType=SafeModeStatus, name='Safe mode status'}
2021-10-06 13:07:56,566 [EventQueue-NodeRegistrationContainerReportForDataNodeSafeModeRule] INFO  ha.SCMContext (SCMContext.java:updateSafeModeStatus(205)) - Update SafeModeStatus from SafeModeStatus{safeModeStatus=true, preCheckPassed=false} to SafeModeStatus{safeModeStatus=true, preCheckPassed=true}.
2021-10-06 13:07:56,566 [EventQueue-NodeRegistrationContainerReportForDataNodeSafeModeRule] INFO  pipeline.BackgroundPipelineCreator (BackgroundPipelineCreatorV2.java:notifyEventTriggered(285)) - trigger a one-shot run on RatisPipelineUtilsThread.
2021-10-06 13:07:56,569 [RatisPipelineUtilsThread - 0] INFO  pipeline.RatisPipelineProvider (RatisPipelineProvider.java:lambda$create$0(183)) - Sending CreatePipelineCommand for pipeline:PipelineID=2e65e9ba-65f3-466c-accf-d66a89df74ca to datanode:919bab14-801a-4b4b-b62b-3bd9b5db7035
2021-10-06 13:07:56,570 [RatisPipelineUtilsThread - 0] INFO  pipeline.RatisPipelineProvider (RatisPipelineProvider.java:lambda$create$0(183)) - Sending CreatePipelineCommand for pipeline:PipelineID=2e65e9ba-65f3-466c-accf-d66a89df74ca to datanode:181b69ce-6322-4260-b10d-e87d22a73f8a
2021-10-06 13:07:56,570 [RatisPipelineUtilsThread - 0] INFO  pipeline.RatisPipelineProvider (RatisPipelineProvider.java:lambda$create$0(183)) - Sending CreatePipelineCommand for pipeline:PipelineID=2e65e9ba-65f3-466c-accf-d66a89df74ca to datanode:5f16da84-7d95-4d7e-959b-684ab973190d
2021-10-06 13:07:56,571 [RatisPipelineUtilsThread - 0] INFO  pipeline.PipelineStateManagerImpl (PipelineStateManagerImpl.java:addPipeline(101)) - Created pipeline Pipeline[ Id: 2e65e9ba-65f3-466c-accf-d66a89df74ca, Nodes: 919bab14-801a-4b4b-b62b-3bd9b5db7035{ip: 10.1.0.31, host: fv-az151-432.yf2hydr00wburbhx3j5hxtcipe.bx.internal.cloudapp.net, ports: [REPLICATION=34965, RATIS=37525, RATIS_ADMIN=37525, RATIS_SERVER=37525, STANDALONE=36437], networkLocation: /default-rack, certSerialId: null, persistedOpState: IN_SERVICE, persistedOpStateExpiryEpochSec: 0}181b69ce-6322-4260-b10d-e87d22a73f8a{ip: 10.1.0.31, host: fv-az151-432.yf2hydr00wburbhx3j5hxtcipe.bx.internal.cloudapp.net, ports: [REPLICATION=41069, RATIS=38167, RATIS_ADMIN=38167, RATIS_SERVER=38167, STANDALONE=41387], networkLocation: /default-rack, certSerialId: null, persistedOpState: IN_SERVICE, persistedOpStateExpiryEpochSec: 0}5f16da84-7d95-4d7e-959b-684ab973190d{ip: 10.1.0.31, host: fv-az151-432.yf2hydr00wburbhx3j5hxtcipe.bx.internal.cloudapp.net, ports: [REPLICATION=42515, RATIS=46301, RATIS_ADMIN=46301, RATIS_SERVER=46301, STANDALONE=39997], networkLocation: /default-rack, certSerialId: null, persistedOpState: IN_SERVICE, persistedOpStateExpiryEpochSec: 0}, ReplicationConfig: RATIS/THREE, State:ALLOCATED, leaderId:, CreationTimestamp2021-10-06T13:07:56.569Z[Etc/UTC]].
2021-10-06 13:07:56,572 [RatisPipelineUtilsThread - 0] INFO  pipeline.RatisPipelineProvider (RatisPipelineProvider.java:lambda$create$0(183)) - Sending CreatePipelineCommand for pipeline:PipelineID=00aacb55-c8e9-4365-965b-067ec886a732 to datanode:5f16da84-7d95-4d7e-959b-684ab973190d
2021-10-06 13:07:56,572 [RatisPipelineUtilsThread - 0] INFO  pipeline.RatisPipelineProvider (RatisPipelineProvider.java:lambda$create$0(183)) - Sending CreatePipelineCommand for pipeline:PipelineID=00aacb55-c8e9-4365-965b-067ec886a732 to datanode:919bab14-801a-4b4b-b62b-3bd9b5db7035
2021-10-06 13:07:56,572 [RatisPipelineUtilsThread - 0] INFO  pipeline.RatisPipelineProvider (RatisPipelineProvider.java:lambda$create$0(183)) - Sending CreatePipelineCommand for pipeline:PipelineID=00aacb55-c8e9-4365-965b-067ec886a732 to datanode:181b69ce-6322-4260-b10d-e87d22a73f8a
2021-10-06 13:07:56,573 [RatisPipelineUtilsThread - 0] INFO  pipeline.PipelineStateManagerImpl (PipelineStateManagerImpl.java:addPipeline(101)) - Created pipeline Pipeline[ Id: 00aacb55-c8e9-4365-965b-067ec886a732, Nodes: 5f16da84-7d95-4d7e-959b-684ab973190d{ip: 10.1.0.31, host: fv-az151-432.yf2hydr00wburbhx3j5hxtcipe.bx.internal.cloudapp.net, ports: [REPLICATION=42515, RATIS=46301, RATIS_ADMIN=46301, RATIS_SERVER=46301, STANDALONE=39997], networkLocation: /default-rack, certSerialId: null, persistedOpState: IN_SERVICE, persistedOpStateExpiryEpochSec: 0}919bab14-801a-4b4b-b62b-3bd9b5db7035{ip: 10.1.0.31, host: fv-az151-432.yf2hydr00wburbhx3j5hxtcipe.bx.internal.cloudapp.net, ports: [REPLICATION=34965, RATIS=37525, RATIS_ADMIN=37525, RATIS_SERVER=37525, STANDALONE=36437], networkLocation: /default-rack, certSerialId: null, persistedOpState: IN_SERVICE, persistedOpStateExpiryEpochSec: 0}181b69ce-6322-4260-b10d-e87d22a73f8a{ip: 10.1.0.31, host: fv-az151-432.yf2hydr00wburbhx3j5hxtcipe.bx.internal.cloudapp.net, ports: [REPLICATION=41069, RATIS=38167, RATIS_ADMIN=38167, RATIS_SERVER=38167, STANDALONE=41387], networkLocation: /default-rack, certSerialId: null, persistedOpState: IN_SERVICE, persistedOpStateExpiryEpochSec: 0}, ReplicationConfig: RATIS/THREE, State:ALLOCATED, leaderId:, CreationTimestamp2021-10-06T13:07:56.572Z[Etc/UTC]].
2021-10-06 13:07:56,573 [RatisPipelineUtilsThread - 0] INFO  pipeline.PipelineManagerImpl (PipelineManagerImpl.java:recordMetricsForPipeline(613)) - Pipeline: PipelineID=00aacb55-c8e9-4365-965b-067ec886a732 contains same datanodes as previous pipelines: PipelineID=2e65e9ba-65f3-466c-accf-d66a89df74ca nodeIds: 5f16da84-7d95-4d7e-959b-684ab973190d, 919bab14-801a-4b4b-b62b-3bd9b5db7035, 181b69ce-6322-4260-b10d-e87d22a73f8a
2021-10-06 13:07:57,558 [Listener at 127.0.0.1/11308] INFO  ozone.MiniOzoneClusterImpl (MiniOzoneClusterImpl.java:lambda$waitForClusterToBeReady$0(235)) - Nodes are ready. Got 3 of 3 DN Heartbeats.
2021-10-06 13:07:57,559 [Listener at 127.0.0.1/11308] INFO  ozone.MiniOzoneClusterImpl (MiniOzoneClusterImpl.java:lambda$waitForClusterToBeReady$0(238)) - Waiting for cluster to exit safe mode
2021-10-06 13:07:57,559 [Listener at 127.0.0.1/11308] INFO  ozone.MiniOzoneClusterImpl (MiniOzoneClusterImpl.java:lambda$waitForClusterToBeReady$0(240)) - SCM became leader
2021-10-06 13:07:58,498 [Command processor thread] INFO  server.RaftServer (RaftServerProxy.java:addNew(95)) - 919bab14-801a-4b4b-b62b-3bd9b5db7035: addNew group-0A48F5335C79:[919bab14-801a-4b4b-b62b-3bd9b5db7035|rpc:10.1.0.31:37525|priority:1] returns group-0A48F5335C79:java.util.concurrent.CompletableFuture@94d2ce8[Not completed]
2021-10-06 13:07:58,506 [pool-97-thread-1] INFO  server.RaftServer$Division (RaftServerImpl.java:<init>(181)) - 919bab14-801a-4b4b-b62b-3bd9b5db7035: new RaftServerImpl for group-0A48F5335C79:[919bab14-801a-4b4b-b62b-3bd9b5db7035|rpc:10.1.0.31:37525|priority:1] with ContainerStateMachine:uninitialized
2021-10-06 13:07:58,507 [pool-97-thread-1] INFO  server.RaftServerConfigKeys (ConfUtils.java:logGet(44)) - raft.server.rpc.timeout.min = 5s (custom)
2021-10-06 13:07:58,507 [pool-97-thread-1] INFO  server.RaftServerConfigKeys (ConfUtils.java:logGet(44)) - raft.server.rpc.timeout.max = 5200ms (custom)
2021-10-06 13:07:58,507 [pool-97-thread-1] INFO  server.RaftServerConfigKeys (ConfUtils.java:logGet(44)) - raft.server.rpc.sleep.time = 25ms (default)
2021-10-06 13:07:58,507 [pool-97-thread-1] INFO  server.RaftServerConfigKeys (ConfUtils.java:logGet(44)) - raft.server.rpc.slowness.timeout = 300s (custom)
2021-10-06 13:07:58,508 [pool-97-thread-1] INFO  server.RaftServerConfigKeys (ConfUtils.java:logGet(44)) - raft.server.leaderelection.leader.step-down.wait-time = 10s (default)
2021-10-06 13:07:58,508 [pool-97-thread-1] INFO  server.RaftServerConfigKeys (ConfUtils.java:logGet(44)) - raft.server.sleep.deviation.threshold = 300ms (default)
2021-10-06 13:07:58,508 [pool-97-thread-1] INFO  server.RaftServerConfigKeys (ConfUtils.java:logGet(44)) - raft.server.log.appender.install.snapshot.enabled = false (custom)
2021-10-06 13:07:58,508 [pool-97-thread-1] INFO  server.RaftServer$Division (ServerState.java:<init>(105)) - 919bab14-801a-4b4b-b62b-3bd9b5db7035@group-0A48F5335C79: ConfigurationManager, init=-1: [919bab14-801a-4b4b-b62b-3bd9b5db7035|rpc:10.1.0.31:37525|priority:1], old=null, confs=<EMPTY_MAP>
2021-10-06 13:07:58,508 [pool-97-thread-1] INFO  server.RaftServerConfigKeys (ConfUtils.java:logGet(44)) - raft.server.storage.dir = [/home/runner/work/ozone/ozone/hadoop-ozone/integration-test/target/test-dir/MiniOzoneClusterImpl-c79ebf65-7f2a-452c-95f4-518756688277/datanode-0/data/ratis] (custom)
2021-10-06 13:07:58,508 [pool-97-thread-1] INFO  server.RaftServerConfigKeys (ConfUtils.java:logGet(44)) - raft.server.log.corruption.policy = EXCEPTION (default)
2021-10-06 13:07:58,508 [pool-97-thread-1] INFO  server.RaftServerConfigKeys (ConfUtils.java:logGet(44)) - raft.server.storage.free-space.min = 0MB (=0) (default)
2021-10-06 13:07:58,509 [pool-97-thread-1] INFO  storage.RaftStorageDirectory (RaftStorageDirectoryImpl.java:analyzeStorage(135)) - The storage directory /home/runner/work/ozone/ozone/hadoop-ozone/integration-test/target/test-dir/MiniOzoneClusterImpl-c79ebf65-7f2a-452c-95f4-518756688277/datanode-0/data/ratis/a9617c2f-b13e-46c9-898d-0a48f5335c79 does not exist. Creating ...
2021-10-06 13:07:58,510 [pool-97-thread-1] INFO  storage.RaftStorageDirectory (RaftStorageDirectoryImpl.java:tryLock(230)) - Lock on /home/runner/work/ozone/ozone/hadoop-ozone/integration-test/target/test-dir/MiniOzoneClusterImpl-c79ebf65-7f2a-452c-95f4-518756688277/datanode-0/data/ratis/a9617c2f-b13e-46c9-898d-0a48f5335c79/in_use.lock acquired by nodename 7604@fv-az151-432
2021-10-06 13:07:58,512 [pool-97-thread-1] INFO  storage.RaftStorage (RaftStorageImpl.java:format(89)) - Storage directory /home/runner/work/ozone/ozone/hadoop-ozone/integration-test/target/test-dir/MiniOzoneClusterImpl-c79ebf65-7f2a-452c-95f4-518756688277/datanode-0/data/ratis/a9617c2f-b13e-46c9-898d-0a48f5335c79 has been successfully formatted.
2021-10-06 13:07:58,516 [pool-97-thread-1] INFO  ratis.ContainerStateMachine (ContainerStateMachine.java:loadSnapshot(224)) - group-0A48F5335C79: The snapshot info is null. Setting the last applied indexto:(t:0, i:~)
2021-10-06 13:07:58,522 [pool-97-thread-1] INFO  server.RaftServerConfigKeys (ConfUtils.java:logGet(44)) - raft.server.notification.no-leader.timeout = 300s (custom)
2021-10-06 13:07:58,523 [pool-97-thread-1] INFO  server.RaftServerConfigKeys (ConfUtils.java:logGet(44)) - raft.server.log.use.memory = false (default)
2021-10-06 13:07:58,523 [pool-97-thread-1] INFO  server.RaftServerConfigKeys (ConfUtils.java:logGet(44)) - raft.server.log.purge.gap = 1000000 (custom)
2021-10-06 13:07:58,523 [pool-97-thread-1] INFO  server.RaftServerConfigKeys (ConfUtils.java:logGet(44)) - raft.server.log.appender.buffer.byte-limit = 33554432 (custom)
2021-10-06 13:07:58,526 [pool-97-thread-1] INFO  server.RaftServerConfigKeys (ConfUtils.java:logGet(44)) - raft.server.log.segment.size.max = 1048576 (custom)
2021-10-06 13:07:58,526 [pool-97-thread-1] INFO  server.RaftServerConfigKeys (ConfUtils.java:logGet(44)) - raft.server.log.segment.cache.num.max = 2 (custom)
2021-10-06 13:07:58,526 [pool-97-thread-1] INFO  server.RaftServerConfigKeys (ConfUtils.java:logGet(44)) - raft.server.log.segment.cache.size.max = 200MB (=209715200) (default)
2021-10-06 13:07:58,527 [pool-97-thread-1] INFO  segmented.SegmentedRaftLogWorker (SegmentedRaftLogWorker.java:<init>(182)) - new 919bab14-801a-4b4b-b62b-3bd9b5db7035@group-0A48F5335C79-SegmentedRaftLogWorker for RaftStorageImpl:Storage Directory /home/runner/work/ozone/ozone/hadoop-ozone/integration-test/target/test-dir/MiniOzoneClusterImpl-c79ebf65-7f2a-452c-95f4-518756688277/datanode-0/data/ratis/a9617c2f-b13e-46c9-898d-0a48f5335c79
2021-10-06 13:07:58,527 [pool-97-thread-1] INFO  server.RaftServerConfigKeys (ConfUtils.java:logGet(44)) - raft.server.log.queue.byte-limit = 2147483647 (custom)
2021-10-06 13:07:58,527 [pool-97-thread-1] INFO  server.RaftServerConfigKeys (ConfUtils.java:logGet(44)) - raft.server.log.queue.element-limit = 1024 (custom)
2021-10-06 13:07:58,527 [pool-97-thread-1] INFO  server.RaftServerConfigKeys (ConfUtils.java:logGet(44)) - raft.server.log.segment.size.max = 1048576 (custom)
2021-10-06 13:07:58,527 [pool-97-thread-1] INFO  server.RaftServerConfigKeys (ConfUtils.java:logGet(44)) - raft.server.log.preallocated.size = 16384 (custom)
2021-10-06 13:07:58,527 [pool-97-thread-1] INFO  server.RaftServerConfigKeys (ConfUtils.java:logGet(44)) - raft.server.log.force.sync.num = 128 (default)
2021-10-06 13:07:58,527 [pool-97-thread-1] INFO  server.RaftServerConfigKeys (ConfUtils.java:logGet(44)) - raft.server.log.statemachine.data.sync = true (default)
2021-10-06 13:07:58,527 [pool-97-thread-1] INFO  server.RaftServerConfigKeys (ConfUtils.java:logGet(44)) - raft.server.log.statemachine.data.sync.timeout = 10s (default)
2021-10-06 13:07:58,527 [pool-97-thread-1] INFO  server.RaftServerConfigKeys (ConfUtils.java:logGet(44)) - raft.server.log.statemachine.data.sync.timeout.retry = -1 (default)
2021-10-06 13:07:58,529 [pool-97-thread-1] INFO  server.RaftServerConfigKeys (ConfUtils.java:logGet(44)) - raft.server.log.write.buffer.size = 1048576 (custom)
2021-10-06 13:07:58,531 [pool-97-thread-1] INFO  server.RaftServerConfigKeys (ConfUtils.java:logGet(44)) - raft.server.log.statemachine.data.caching.enabled = true (custom)
2021-10-06 13:07:58,531 [pool-97-thread-1] INFO  segmented.SegmentedRaftLogWorker (SegmentedRaftLogWorker.java:lambda$new$0(133)) - 919bab14-801a-4b4b-b62b-3bd9b5db7035@group-0A48F5335C79-SegmentedRaftLogWorker: flushIndex: setUnconditionally 0 -> -1
2021-10-06 13:07:58,531 [pool-97-thread-1] INFO  segmented.SegmentedRaftLogWorker (SegmentedRaftLogWorker.java:lambda$new$0(133)) - 919bab14-801a-4b4b-b62b-3bd9b5db7035@group-0A48F5335C79-SegmentedRaftLogWorker: safeCacheEvictIndex: setUnconditionally 0 -> -1
2021-10-06 13:07:58,539 [pool-97-thread-1] INFO  server.RaftServerConfigKeys (ConfUtils.java:logGet(44)) - raft.server.snapshot.auto.trigger.enabled = true (custom)
2021-10-06 13:07:58,539 [pool-97-thread-1] INFO  server.RaftServerConfigKeys (ConfUtils.java:logGet(44)) - raft.server.snapshot.auto.trigger.threshold = 10000 (custom)
2021-10-06 13:07:58,540 [pool-97-thread-1] INFO  server.RaftServerConfigKeys (ConfUtils.java:logGet(44)) - raft.server.snapshot.retention.file.num = 5 (custom)
2021-10-06 13:07:58,540 [pool-97-thread-1] INFO  server.RaftServerConfigKeys (ConfUtils.java:logGet(44)) - raft.server.log.purge.upto.snapshot.index = false (default)
2021-10-06 13:07:58,540 [pool-97-thread-1] INFO  server.RaftServerConfigKeys (ConfUtils.java:logGet(44)) - raft.server.retrycache.expirytime = 600000ms (custom)
2021-10-06 13:07:58,540 [pool-97-thread-1] INFO  server.RaftServerConfigKeys (ConfUtils.java:logGet(44)) - raft.server.retrycache.statistics.expirytime = 100μs (default)
2021-10-06 13:07:58,543 [EventQueue-PipelineReportForPipelineReportHandler] INFO  pipeline.PipelineManagerImpl (PipelineManagerImpl.java:openPipeline(282)) - Pipeline Pipeline[ Id: a9617c2f-b13e-46c9-898d-0a48f5335c79, Nodes: 919bab14-801a-4b4b-b62b-3bd9b5db7035{ip: 10.1.0.31, host: fv-az151-432.yf2hydr00wburbhx3j5hxtcipe.bx.internal.cloudapp.net, ports: [REPLICATION=34965, RATIS=37525, RATIS_ADMIN=37525, RATIS_SERVER=37525, STANDALONE=36437], networkLocation: /default-rack, certSerialId: null, persistedOpState: IN_SERVICE, persistedOpStateExpiryEpochSec: 0}, ReplicationConfig: RATIS/ONE, State:ALLOCATED, leaderId:919bab14-801a-4b4b-b62b-3bd9b5db7035, CreationTimestamp2021-10-06T13:07:55.571Z[Etc/UTC]] moved to OPEN state
2021-10-06 13:07:58,543 [pool-97-thread-1] INFO  server.RaftServer$Division (RaftServerImpl.java:start(296)) - 919bab14-801a-4b4b-b62b-3bd9b5db7035@group-0A48F5335C79: start as a follower, conf=-1: [919bab14-801a-4b4b-b62b-3bd9b5db7035|rpc:10.1.0.31:37525|priority:1], old=null
2021-10-06 13:07:58,543 [pool-97-thread-1] INFO  server.RaftServer$Division (RaftServerImpl.java:setRole(285)) - 919bab14-801a-4b4b-b62b-3bd9b5db7035@group-0A48F5335C79: changes role from      null to FOLLOWER at term 0 for startAsFollower
2021-10-06 13:07:58,543 [pool-97-thread-1] INFO  impl.RoleInfo (RoleInfo.java:updateAndGet(130)) - 919bab14-801a-4b4b-b62b-3bd9b5db7035: start 919bab14-801a-4b4b-b62b-3bd9b5db7035@group-0A48F5335C79-FollowerState
2021-10-06 13:07:58,544 [pool-97-thread-1] INFO  util.JmxRegister (JmxRegister.java:tryRegister(44)) - Successfully registered JMX Bean with object name Ratis:service=RaftServer,group=group-0A48F5335C79,id=919bab14-801a-4b4b-b62b-3bd9b5db7035
2021-10-06 13:07:58,547 [EventQueue-OpenPipelineForHealthyPipelineSafeModeRule] INFO  safemode.SCMSafeModeManager (HealthyPipelineSafeModeRule.java:process(124)) - SCM in safe mode. Healthy pipelines reported count is 0, required healthy pipeline reported count is 1
2021-10-06 13:07:58,559 [Listener at 127.0.0.1/11308] INFO  ozone.MiniOzoneClusterImpl (MiniOzoneClusterImpl.java:lambda$waitForClusterToBeReady$0(235)) - Nodes are ready. Got 3 of 3 DN Heartbeats.
2021-10-06 13:07:58,560 [Listener at 127.0.0.1/11308] INFO  ozone.MiniOzoneClusterImpl (MiniOzoneClusterImpl.java:lambda$waitForClusterToBeReady$0(238)) - Waiting for cluster to exit safe mode
2021-10-06 13:07:58,560 [Listener at 127.0.0.1/11308] INFO  ozone.MiniOzoneClusterImpl (MiniOzoneClusterImpl.java:lambda$waitForClusterToBeReady$0(240)) - SCM became leader
2021-10-06 13:07:58,559 [Command processor thread] INFO  ratis.XceiverServerRatis (XceiverServerRatis.java:addGroup(763)) - Created group PipelineID=a9617c2f-b13e-46c9-898d-0a48f5335c79
2021-10-06 13:07:58,561 [Command processor thread] INFO  commandhandler.CreatePipelineCommandHandler (CreatePipelineCommandHandler.java:handle(106)) - Created Pipeline RATIS ONE PipelineID=a9617c2f-b13e-46c9-898d-0a48f5335c79.
2021-10-06 13:07:58,561 [Command processor thread] INFO  server.RaftServer (RaftServerProxy.java:addNew(95)) - 919bab14-801a-4b4b-b62b-3bd9b5db7035: addNew group-D66A89DF74CA:[919bab14-801a-4b4b-b62b-3bd9b5db7035|rpc:10.1.0.31:37525|priority:1, 181b69ce-6322-4260-b10d-e87d22a73f8a|rpc:10.1.0.31:38167|priority:0, 5f16da84-7d95-4d7e-959b-684ab973190d|rpc:10.1.0.31:46301|priority:0] returns group-D66A89DF74CA:java.util.concurrent.CompletableFuture@170d3f67[Not completed]
2021-10-06 13:07:58,562 [pool-97-thread-1] INFO  server.RaftServer$Division (RaftServerImpl.java:<init>(181)) - 919bab14-801a-4b4b-b62b-3bd9b5db7035: new RaftServerImpl for group-D66A89DF74CA:[919bab14-801a-4b4b-b62b-3bd9b5db7035|rpc:10.1.0.31:37525|priority:1, 181b69ce-6322-4260-b10d-e87d22a73f8a|rpc:10.1.0.31:38167|priority:0, 5f16da84-7d95-4d7e-959b-684ab973190d|rpc:10.1.0.31:46301|priority:0] with ContainerStateMachine:uninitialized
2021-10-06 13:07:58,562 [pool-97-thread-1] INFO  server.RaftServerConfigKeys (ConfUtils.java:logGet(44)) - raft.server.rpc.timeout.min = 5s (custom)
2021-10-06 13:07:58,563 [pool-97-thread-1] INFO  server.RaftServerConfigKeys (ConfUtils.java:logGet(44)) - raft.server.rpc.timeout.max = 5200ms (custom)
2021-10-06 13:07:58,563 [pool-97-thread-1] INFO  server.RaftServerConfigKeys (ConfUtils.java:logGet(44)) - raft.server.rpc.sleep.time = 25ms (default)
2021-10-06 13:07:58,563 [pool-97-thread-1] INFO  server.RaftServerConfigKeys (ConfUtils.java:logGet(44)) - raft.server.rpc.slowness.timeout = 300s (custom)
2021-10-06 13:07:58,563 [pool-97-thread-1] INFO  server.RaftServerConfigKeys (ConfUtils.java:logGet(44)) - raft.server.leaderelection.leader.step-down.wait-time = 10s (default)
2021-10-06 13:07:58,563 [pool-97-thread-1] INFO  server.RaftServerConfigKeys (ConfUtils.java:logGet(44)) - raft.server.sleep.deviation.threshold = 300ms (default)
2021-10-06 13:07:58,563 [pool-97-thread-1] INFO  server.RaftServerConfigKeys (ConfUtils.java:logGet(44)) - raft.server.log.appender.install.snapshot.enabled = false (custom)
2021-10-06 13:07:58,563 [pool-97-thread-1] INFO  server.RaftServer$Division (ServerState.java:<init>(105)) - 919bab14-801a-4b4b-b62b-3bd9b5db7035@group-D66A89DF74CA: ConfigurationManager, init=-1: [919bab14-801a-4b4b-b62b-3bd9b5db7035|rpc:10.1.0.31:37525|priority:1, 181b69ce-6322-4260-b10d-e87d22a73f8a|rpc:10.1.0.31:38167|priority:0, 5f16da84-7d95-4d7e-959b-684ab973190d|rpc:10.1.0.31:46301|priority:0], old=null, confs=<EMPTY_MAP>
2021-10-06 13:07:58,563 [pool-97-thread-1] INFO  server.RaftServerConfigKeys (ConfUtils.java:logGet(44)) - raft.server.storage.dir = [/home/runner/work/ozone/ozone/hadoop-ozone/integration-test/target/test-dir/MiniOzoneClusterImpl-c79ebf65-7f2a-452c-95f4-518756688277/datanode-0/data/ratis] (custom)
2021-10-06 13:07:58,563 [pool-97-thread-1] INFO  server.RaftServerConfigKeys (ConfUtils.java:logGet(44)) - raft.server.log.corruption.policy = EXCEPTION (default)
2021-10-06 13:07:58,563 [pool-97-thread-1] INFO  server.RaftServerConfigKeys (ConfUtils.java:logGet(44)) - raft.server.storage.free-space.min = 0MB (=0) (default)
2021-10-06 13:07:58,563 [pool-97-thread-1] INFO  storage.RaftStorageDirectory (RaftStorageDirectoryImpl.java:analyzeStorage(135)) - The storage directory /home/runner/work/ozone/ozone/hadoop-ozone/integration-test/target/test-dir/MiniOzoneClusterImpl-c79ebf65-7f2a-452c-95f4-518756688277/datanode-0/data/ratis/2e65e9ba-65f3-466c-accf-d66a89df74ca does not exist. Creating ...
2021-10-06 13:07:58,566 [pool-97-thread-1] INFO  storage.RaftStorageDirectory (RaftStorageDirectoryImpl.java:tryLock(230)) - Lock on /home/runner/work/ozone/ozone/hadoop-ozone/integration-test/target/test-dir/MiniOzoneClusterImpl-c79ebf65-7f2a-452c-95f4-518756688277/datanode-0/data/ratis/2e65e9ba-65f3-466c-accf-d66a89df74ca/in_use.lock acquired by nodename 7604@fv-az151-432
2021-10-06 13:07:58,568 [pool-97-thread-1] INFO  storage.RaftStorage (RaftStorageImpl.java:format(89)) - Storage directory /home/runner/work/ozone/ozone/hadoop-ozone/integration-test/target/test-dir/MiniOzoneClusterImpl-c79ebf65-7f2a-452c-95f4-518756688277/datanode-0/data/ratis/2e65e9ba-65f3-466c-accf-d66a89df74ca has been successfully formatted.
2021-10-06 13:07:58,569 [pool-97-thread-1] INFO  ratis.ContainerStateMachine (ContainerStateMachine.java:loadSnapshot(224)) - group-D66A89DF74CA: The snapshot info is null. Setting the last applied indexto:(t:0, i:~)
2021-10-06 13:07:58,569 [pool-97-thread-1] INFO  server.RaftServerConfigKeys (ConfUtils.java:logGet(44)) - raft.server.notification.no-leader.timeout = 300s (custom)
2021-10-06 13:07:58,569 [pool-97-thread-1] INFO  server.RaftServerConfigKeys (ConfUtils.java:logGet(44)) - raft.server.log.use.memory = false (default)
2021-10-06 13:07:58,570 [pool-97-thread-1] INFO  server.RaftServerConfigKeys (ConfUtils.java:logGet(44)) - raft.server.log.purge.gap = 1000000 (custom)
2021-10-06 13:07:58,570 [pool-97-thread-1] INFO  server.RaftServerConfigKeys (ConfUtils.java:logGet(44)) - raft.server.log.appender.buffer.byte-limit = 33554432 (custom)
2021-10-06 13:07:58,570 [pool-97-thread-1] INFO  server.RaftServerConfigKeys (ConfUtils.java:logGet(44)) - raft.server.log.segment.size.max = 1048576 (custom)
2021-10-06 13:07:58,571 [pool-97-thread-1] INFO  server.RaftServerConfigKeys (ConfUtils.java:logGet(44)) - raft.server.log.segment.cache.num.max = 2 (custom)
2021-10-06 13:07:58,571 [pool-97-thread-1] INFO  server.RaftServerConfigKeys (ConfUtils.java:logGet(44)) - raft.server.log.segment.cache.size.max = 200MB (=209715200) (default)
2021-10-06 13:07:58,571 [pool-97-thread-1] INFO  segmented.SegmentedRaftLogWorker (SegmentedRaftLogWorker.java:<init>(182)) - new 919bab14-801a-4b4b-b62b-3bd9b5db7035@group-D66A89DF74CA-SegmentedRaftLogWorker for RaftStorageImpl:Storage Directory /home/runner/work/ozone/ozone/hadoop-ozone/integration-test/target/test-dir/MiniOzoneClusterImpl-c79ebf65-7f2a-452c-95f4-518756688277/datanode-0/data/ratis/2e65e9ba-65f3-466c-accf-d66a89df74ca
2021-10-06 13:07:58,571 [pool-97-thread-1] INFO  server.RaftServerConfigKeys (ConfUtils.java:logGet(44)) - raft.server.log.queue.byte-limit = 2147483647 (custom)
2021-10-06 13:07:58,571 [pool-97-thread-1] INFO  server.RaftServerConfigKeys (ConfUtils.java:logGet(44)) - raft.server.log.queue.element-limit = 1024 (custom)
2021-10-06 13:07:58,571 [pool-97-thread-1] INFO  server.RaftServerConfigKeys (ConfUtils.java:logGet(44)) - raft.server.log.segment.size.max = 1048576 (custom)
2021-10-06 13:07:58,571 [pool-97-thread-1] INFO  server.RaftServerConfigKeys (ConfUtils.java:logGet(44)) - raft.server.log.preallocated.size = 16384 (custom)
2021-10-06 13:07:58,571 [pool-97-thread-1] INFO  server.RaftServerConfigKeys (ConfUtils.java:logGet(44)) - raft.server.log.force.sync.num = 128 (default)
2021-10-06 13:07:58,571 [pool-97-thread-1] INFO  server.RaftServerConfigKeys (ConfUtils.java:logGet(44)) - raft.server.log.statemachine.data.sync = true (default)
2021-10-06 13:07:58,571 [pool-97-thread-1] INFO  server.RaftServerConfigKeys (ConfUtils.java:logGet(44)) - raft.server.log.statemachine.data.sync.timeout = 10s (default)
2021-10-06 13:07:58,572 [pool-97-thread-1] INFO  server.RaftServerConfigKeys (ConfUtils.java:logGet(44)) - raft.server.log.statemachine.data.sync.timeout.retry = -1 (default)
2021-10-06 13:07:58,579 [EventQueue-OpenPipelineForHealthyPipelineSafeModeRule] INFO  safemode.SCMSafeModeManager (HealthyPipelineSafeModeRule.java:process(124)) - SCM in safe mode. Healthy pipelines reported count is 0, required healthy pipeline reported count is 1
2021-10-06 13:07:58,582 [pool-97-thread-1] INFO  server.RaftServerConfigKeys (ConfUtils.java:logGet(44)) - raft.server.log.write.buffer.size = 1048576 (custom)
2021-10-06 13:07:58,583 [pool-97-thread-1] INFO  server.RaftServerConfigKeys (ConfUtils.java:logGet(44)) - raft.server.log.statemachine.data.caching.enabled = true (custom)
2021-10-06 13:07:58,584 [pool-97-thread-1] INFO  segmented.SegmentedRaftLogWorker (SegmentedRaftLogWorker.java:lambda$new$0(133)) - 919bab14-801a-4b4b-b62b-3bd9b5db7035@group-D66A89DF74CA-SegmentedRaftLogWorker: flushIndex: setUnconditionally 0 -> -1
2021-10-06 13:07:58,584 [pool-97-thread-1] INFO  segmented.SegmentedRaftLogWorker (SegmentedRaftLogWorker.java:lambda$new$0(133)) - 919bab14-801a-4b4b-b62b-3bd9b5db7035@group-D66A89DF74CA-SegmentedRaftLogWorker: safeCacheEvictIndex: setUnconditionally 0 -> -1
2021-10-06 13:07:58,584 [pool-97-thread-1] INFO  server.RaftServerConfigKeys (ConfUtils.java:logGet(44)) - raft.server.snapshot.auto.trigger.enabled = true (custom)
2021-10-06 13:07:58,584 [pool-97-thread-1] INFO  server.RaftServerConfigKeys (ConfUtils.java:logGet(44)) - raft.server.snapshot.auto.trigger.threshold = 10000 (custom)
2021-10-06 13:07:58,584 [pool-97-thread-1] INFO  server.RaftServerConfigKeys (ConfUtils.java:logGet(44)) - raft.server.snapshot.retention.file.num = 5 (custom)
2021-10-06 13:07:58,584 [pool-97-thread-1] INFO  server.RaftServerConfigKeys (ConfUtils.java:logGet(44)) - raft.server.log.purge.upto.snapshot.index = false (default)
2021-10-06 13:07:58,584 [pool-97-thread-1] INFO  server.RaftServerConfigKeys (ConfUtils.java:logGet(44)) - raft.server.retrycache.expirytime = 600000ms (custom)
2021-10-06 13:07:58,584 [pool-97-thread-1] INFO  server.RaftServerConfigKeys (ConfUtils.java:logGet(44)) - raft.server.retrycache.statistics.expirytime = 100μs (default)
2021-10-06 13:07:58,586 [pool-97-thread-1] INFO  server.RaftServer$Division (RaftServerImpl.java:start(296)) - 919bab14-801a-4b4b-b62b-3bd9b5db7035@group-D66A89DF74CA: start as a follower, conf=-1: [919bab14-801a-4b4b-b62b-3bd9b5db7035|rpc:10.1.0.31:37525|priority:1, 181b69ce-6322-4260-b10d-e87d22a73f8a|rpc:10.1.0.31:38167|priority:0, 5f16da84-7d95-4d7e-959b-684ab973190d|rpc:10.1.0.31:46301|priority:0], old=null
2021-10-06 13:07:58,586 [pool-97-thread-1] INFO  server.RaftServer$Division (RaftServerImpl.java:setRole(285)) - 919bab14-801a-4b4b-b62b-3bd9b5db7035@group-D66A89DF74CA: changes role from      null to FOLLOWER at term 0 for startAsFollower
2021-10-06 13:07:58,586 [pool-97-thread-1] INFO  impl.RoleInfo (RoleInfo.java:updateAndGet(130)) - 919bab14-801a-4b4b-b62b-3bd9b5db7035: start 919bab14-801a-4b4b-b62b-3bd9b5db7035@group-D66A89DF74CA-FollowerState
2021-10-06 13:07:58,586 [pool-97-thread-1] INFO  util.JmxRegister (JmxRegister.java:tryRegister(44)) - Successfully registered JMX Bean with object name Ratis:service=RaftServer,group=group-D66A89DF74CA,id=919bab14-801a-4b4b-b62b-3bd9b5db7035
2021-10-06 13:07:58,587 [Command processor thread] INFO  ratis.XceiverServerRatis (XceiverServerRatis.java:addGroup(763)) - Created group PipelineID=2e65e9ba-65f3-466c-accf-d66a89df74ca
2021-10-06 13:07:58,656 [grpc-default-executor-1] INFO  server.RaftServer (RaftServerProxy.java:addNew(95)) - 181b69ce-6322-4260-b10d-e87d22a73f8a: addNew group-D66A89DF74CA:[919bab14-801a-4b4b-b62b-3bd9b5db7035|rpc:10.1.0.31:37525|dataStream:|priority:1, 181b69ce-6322-4260-b10d-e87d22a73f8a|rpc:10.1.0.31:38167|dataStream:|priority:0, 5f16da84-7d95-4d7e-959b-684ab973190d|rpc:10.1.0.31:46301|dataStream:|priority:0] returns group-D66A89DF74CA:java.util.concurrent.CompletableFuture@3ceec757[Not completed]
2021-10-06 13:07:58,657 [pool-135-thread-1] INFO  server.RaftServer$Division (RaftServerImpl.java:<init>(181)) - 181b69ce-6322-4260-b10d-e87d22a73f8a: new RaftServerImpl for group-D66A89DF74CA:[919bab14-801a-4b4b-b62b-3bd9b5db7035|rpc:10.1.0.31:37525|dataStream:|priority:1, 181b69ce-6322-4260-b10d-e87d22a73f8a|rpc:10.1.0.31:38167|dataStream:|priority:0, 5f16da84-7d95-4d7e-959b-684ab973190d|rpc:10.1.0.31:46301|dataStream:|priority:0] with ContainerStateMachine:uninitialized
2021-10-06 13:07:58,660 [pool-135-thread-1] INFO  server.RaftServerConfigKeys (ConfUtils.java:logGet(44)) - raft.server.rpc.timeout.min = 5s (custom)
2021-10-06 13:07:58,660 [pool-135-thread-1] INFO  server.RaftServerConfigKeys (ConfUtils.java:logGet(44)) - raft.server.rpc.timeout.max = 5200ms (custom)
2021-10-06 13:07:58,660 [pool-135-thread-1] INFO  server.RaftServerConfigKeys (ConfUtils.java:logGet(44)) - raft.server.rpc.sleep.time = 25ms (default)
2021-10-06 13:07:58,660 [pool-135-thread-1] INFO  server.RaftServerConfigKeys (ConfUtils.java:logGet(44)) - raft.server.rpc.slowness.timeout = 300s (custom)
2021-10-06 13:07:58,660 [pool-135-thread-1] INFO  server.RaftServerConfigKeys (ConfUtils.java:logGet(44)) - raft.server.leaderelection.leader.step-down.wait-time = 10s (default)
2021-10-06 13:07:58,661 [pool-135-thread-1] INFO  server.RaftServerConfigKeys (ConfUtils.java:logGet(44)) - raft.server.sleep.deviation.threshold = 300ms (default)
2021-10-06 13:07:58,661 [pool-135-thread-1] INFO  server.RaftServerConfigKeys (ConfUtils.java:logGet(44)) - raft.server.log.appender.install.snapshot.enabled = false (custom)
2021-10-06 13:07:58,661 [pool-135-thread-1] INFO  server.RaftServer$Division (ServerState.java:<init>(105)) - 181b69ce-6322-4260-b10d-e87d22a73f8a@group-D66A89DF74CA: ConfigurationManager, init=-1: [919bab14-801a-4b4b-b62b-3bd9b5db7035|rpc:10.1.0.31:37525|dataStream:|priority:1, 181b69ce-6322-4260-b10d-e87d22a73f8a|rpc:10.1.0.31:38167|dataStream:|priority:0, 5f16da84-7d95-4d7e-959b-684ab973190d|rpc:10.1.0.31:46301|dataStream:|priority:0], old=null, confs=<EMPTY_MAP>
2021-10-06 13:07:58,661 [pool-135-thread-1] INFO  server.RaftServerConfigKeys (ConfUtils.java:logGet(44)) - raft.server.storage.dir = [/home/runner/work/ozone/ozone/hadoop-ozone/integration-test/target/test-dir/MiniOzoneClusterImpl-c79ebf65-7f2a-452c-95f4-518756688277/datanode-2/data/ratis] (custom)
2021-10-06 13:07:58,661 [pool-135-thread-1] INFO  server.RaftServerConfigKeys (ConfUtils.java:logGet(44)) - raft.server.log.corruption.policy = EXCEPTION (default)
2021-10-06 13:07:58,661 [pool-135-thread-1] INFO  server.RaftServerConfigKeys (ConfUtils.java:logGet(44)) - raft.server.storage.free-space.min = 0MB (=0) (default)
2021-10-06 13:07:58,661 [pool-135-thread-1] INFO  storage.RaftStorageDirectory (RaftStorageDirectoryImpl.java:analyzeStorage(135)) - The storage directory /home/runner/work/ozone/ozone/hadoop-ozone/integration-test/target/test-dir/MiniOzoneClusterImpl-c79ebf65-7f2a-452c-95f4-518756688277/datanode-2/data/ratis/2e65e9ba-65f3-466c-accf-d66a89df74ca does not exist. Creating ...
2021-10-06 13:07:58,662 [pool-135-thread-1] INFO  storage.RaftStorageDirectory (RaftStorageDirectoryImpl.java:tryLock(230)) - Lock on /home/runner/work/ozone/ozone/hadoop-ozone/integration-test/target/test-dir/MiniOzoneClusterImpl-c79ebf65-7f2a-452c-95f4-518756688277/datanode-2/data/ratis/2e65e9ba-65f3-466c-accf-d66a89df74ca/in_use.lock acquired by nodename 7604@fv-az151-432
2021-10-06 13:07:58,664 [pool-135-thread-1] INFO  storage.RaftStorage (RaftStorageImpl.java:format(89)) - Storage directory /home/runner/work/ozone/ozone/hadoop-ozone/integration-test/target/test-dir/MiniOzoneClusterImpl-c79ebf65-7f2a-452c-95f4-518756688277/datanode-2/data/ratis/2e65e9ba-65f3-466c-accf-d66a89df74ca has been successfully formatted.
2021-10-06 13:07:58,664 [pool-135-thread-1] INFO  ratis.ContainerStateMachine (ContainerStateMachine.java:loadSnapshot(224)) - group-D66A89DF74CA: The snapshot info is null. Setting the last applied indexto:(t:0, i:~)
2021-10-06 13:07:58,665 [Datanode State Machine Thread - 0] WARN  statemachine.StateContext (StateContext.java:execute(621)) - No available thread in pool for past 1 seconds.
2021-10-06 13:07:58,665 [pool-135-thread-1] INFO  server.RaftServerConfigKeys (ConfUtils.java:logGet(44)) - raft.server.notification.no-leader.timeout = 300s (custom)
2021-10-06 13:07:58,665 [pool-135-thread-1] INFO  server.RaftServerConfigKeys (ConfUtils.java:logGet(44)) - raft.server.log.use.memory = false (default)
2021-10-06 13:07:58,667 [pool-135-thread-1] INFO  server.RaftServerConfigKeys (ConfUtils.java:logGet(44)) - raft.server.log.purge.gap = 1000000 (custom)
2021-10-06 13:07:58,667 [pool-135-thread-1] INFO  server.RaftServerConfigKeys (ConfUtils.java:logGet(44)) - raft.server.log.appender.buffer.byte-limit = 33554432 (custom)
2021-10-06 13:07:58,668 [pool-135-thread-1] INFO  server.RaftServerConfigKeys (ConfUtils.java:logGet(44)) - raft.server.log.segment.size.max = 1048576 (custom)
2021-10-06 13:07:58,668 [pool-135-thread-1] INFO  server.RaftServerConfigKeys (ConfUtils.java:logGet(44)) - raft.server.log.segment.cache.num.max = 2 (custom)
2021-10-06 13:07:58,668 [pool-135-thread-1] INFO  server.RaftServerConfigKeys (ConfUtils.java:logGet(44)) - raft.server.log.segment.cache.size.max = 200MB (=209715200) (default)
2021-10-06 13:07:58,669 [pool-135-thread-1] INFO  segmented.SegmentedRaftLogWorker (SegmentedRaftLogWorker.java:<init>(182)) - new 181b69ce-6322-4260-b10d-e87d22a73f8a@group-D66A89DF74CA-SegmentedRaftLogWorker for RaftStorageImpl:Storage Directory /home/runner/work/ozone/ozone/hadoop-ozone/integration-test/target/test-dir/MiniOzoneClusterImpl-c79ebf65-7f2a-452c-95f4-518756688277/datanode-2/data/ratis/2e65e9ba-65f3-466c-accf-d66a89df74ca
2021-10-06 13:07:58,669 [pool-135-thread-1] INFO  server.RaftServerConfigKeys (ConfUtils.java:logGet(44)) - raft.server.log.queue.byte-limit = 2147483647 (custom)
2021-10-06 13:07:58,669 [pool-135-thread-1] INFO  server.RaftServerConfigKeys (ConfUtils.java:logGet(44)) - raft.server.log.queue.element-limit = 1024 (custom)
2021-10-06 13:07:58,669 [pool-135-thread-1] INFO  server.RaftServerConfigKeys (ConfUtils.java:logGet(44)) - raft.server.log.segment.size.max = 1048576 (custom)
2021-10-06 13:07:58,669 [pool-135-thread-1] INFO  server.RaftServerConfigKeys (ConfUtils.java:logGet(44)) - raft.server.log.preallocated.size = 16384 (custom)
2021-10-06 13:07:58,669 [pool-135-thread-1] INFO  server.RaftServerConfigKeys (ConfUtils.java:logGet(44)) - raft.server.log.force.sync.num = 128 (default)
2021-10-06 13:07:58,669 [pool-135-thread-1] INFO  server.RaftServerConfigKeys (ConfUtils.java:logGet(44)) - raft.server.log.statemachine.data.sync = true (default)
2021-10-06 13:07:58,669 [pool-135-thread-1] INFO  server.RaftServerConfigKeys (ConfUtils.java:logGet(44)) - raft.server.log.statemachine.data.sync.timeout = 10s (default)
2021-10-06 13:07:58,669 [pool-135-thread-1] INFO  server.RaftServerConfigKeys (ConfUtils.java:logGet(44)) - raft.server.log.statemachine.data.sync.timeout.retry = -1 (default)
2021-10-06 13:07:58,670 [pool-135-thread-1] INFO  server.RaftServerConfigKeys (ConfUtils.java:logGet(44)) - raft.server.log.write.buffer.size = 1048576 (custom)
2021-10-06 13:07:58,676 [pool-135-thread-1] INFO  server.RaftServerConfigKeys (ConfUtils.java:logGet(44)) - raft.server.log.statemachine.data.caching.enabled = true (custom)
2021-10-06 13:07:58,678 [pool-135-thread-1] INFO  segmented.SegmentedRaftLogWorker (SegmentedRaftLogWorker.java:lambda$new$0(133)) - 181b69ce-6322-4260-b10d-e87d22a73f8a@group-D66A89DF74CA-SegmentedRaftLogWorker: flushIndex: setUnconditionally 0 -> -1
2021-10-06 13:07:58,679 [pool-135-thread-1] INFO  segmented.SegmentedRaftLogWorker (SegmentedRaftLogWorker.java:lambda$new$0(133)) - 181b69ce-6322-4260-b10d-e87d22a73f8a@group-D66A89DF74CA-SegmentedRaftLogWorker: safeCacheEvictIndex: setUnconditionally 0 -> -1
2021-10-06 13:07:58,681 [pool-135-thread-1] INFO  server.RaftServerConfigKeys (ConfUtils.java:logGet(44)) - raft.server.snapshot.auto.trigger.enabled = true (custom)
2021-10-06 13:07:58,682 [pool-135-thread-1] INFO  server.RaftServerConfigKeys (ConfUtils.java:logGet(44)) - raft.server.snapshot.auto.trigger.threshold = 10000 (custom)
2021-10-06 13:07:58,682 [pool-135-thread-1] INFO  server.RaftServerConfigKeys (ConfUtils.java:logGet(44)) - raft.server.snapshot.retention.file.num = 5 (custom)
2021-10-06 13:07:58,682 [pool-135-thread-1] INFO  server.RaftServerConfigKeys (ConfUtils.java:logGet(44)) - raft.server.log.purge.upto.snapshot.index = false (default)
2021-10-06 13:07:58,682 [pool-135-thread-1] INFO  server.RaftServerConfigKeys (ConfUtils.java:logGet(44)) - raft.server.retrycache.expirytime = 600000ms (custom)
2021-10-06 13:07:58,682 [pool-135-thread-1] INFO  server.RaftServerConfigKeys (ConfUtils.java:logGet(44)) - raft.server.retrycache.statistics.expirytime = 100μs (default)
2021-10-06 13:07:58,683 [pool-135-thread-1] INFO  server.RaftServer$Division (RaftServerImpl.java:start(296)) - 181b69ce-6322-4260-b10d-e87d22a73f8a@group-D66A89DF74CA: start as a follower, conf=-1: [919bab14-801a-4b4b-b62b-3bd9b5db7035|rpc:10.1.0.31:37525|dataStream:|priority:1, 181b69ce-6322-4260-b10d-e87d22a73f8a|rpc:10.1.0.31:38167|dataStream:|priority:0, 5f16da84-7d95-4d7e-959b-684ab973190d|rpc:10.1.0.31:46301|dataStream:|priority:0], old=null
2021-10-06 13:07:58,683 [pool-135-thread-1] INFO  server.RaftServer$Division (RaftServerImpl.java:setRole(285)) - 181b69ce-6322-4260-b10d-e87d22a73f8a@group-D66A89DF74CA: changes role from      null to FOLLOWER at term 0 for startAsFollower
2021-10-06 13:07:58,684 [pool-135-thread-1] INFO  impl.RoleInfo (RoleInfo.java:updateAndGet(130)) - 181b69ce-6322-4260-b10d-e87d22a73f8a: start 181b69ce-6322-4260-b10d-e87d22a73f8a@group-D66A89DF74CA-FollowerState
2021-10-06 13:07:58,687 [pool-135-thread-1] INFO  util.JmxRegister (JmxRegister.java:tryRegister(44)) - Successfully registered JMX Bean with object name Ratis:service=RaftServer,group=group-D66A89DF74CA,id=181b69ce-6322-4260-b10d-e87d22a73f8a
2021-10-06 13:07:58,739 [grpc-default-executor-1] INFO  server.RaftServer (RaftServerProxy.java:addNew(95)) - 5f16da84-7d95-4d7e-959b-684ab973190d: addNew group-D66A89DF74CA:[919bab14-801a-4b4b-b62b-3bd9b5db7035|rpc:10.1.0.31:37525|dataStream:|priority:1, 181b69ce-6322-4260-b10d-e87d22a73f8a|rpc:10.1.0.31:38167|dataStream:|priority:0, 5f16da84-7d95-4d7e-959b-684ab973190d|rpc:10.1.0.31:46301|dataStream:|priority:0] returns group-D66A89DF74CA:java.util.concurrent.CompletableFuture@117e998[Not completed]
2021-10-06 13:07:58,740 [pool-116-thread-1] INFO  server.RaftServer$Division (RaftServerImpl.java:<init>(181)) - 5f16da84-7d95-4d7e-959b-684ab973190d: new RaftServerImpl for group-D66A89DF74CA:[919bab14-801a-4b4b-b62b-3bd9b5db7035|rpc:10.1.0.31:37525|dataStream:|priority:1, 181b69ce-6322-4260-b10d-e87d22a73f8a|rpc:10.1.0.31:38167|dataStream:|priority:0, 5f16da84-7d95-4d7e-959b-684ab973190d|rpc:10.1.0.31:46301|dataStream:|priority:0] with ContainerStateMachine:uninitialized
2021-10-06 13:07:58,741 [pool-116-thread-1] INFO  server.RaftServerConfigKeys (ConfUtils.java:logGet(44)) - raft.server.rpc.timeout.min = 5s (custom)
2021-10-06 13:07:58,741 [pool-116-thread-1] INFO  server.RaftServerConfigKeys (ConfUtils.java:logGet(44)) - raft.server.rpc.timeout.max = 5200ms (custom)
2021-10-06 13:07:58,741 [pool-116-thread-1] INFO  server.RaftServerConfigKeys (ConfUtils.java:logGet(44)) - raft.server.rpc.sleep.time = 25ms (default)
2021-10-06 13:07:58,741 [pool-116-thread-1] INFO  server.RaftServerConfigKeys (ConfUtils.java:logGet(44)) - raft.server.rpc.slowness.timeout = 300s (custom)
2021-10-06 13:07:58,741 [pool-116-thread-1] INFO  server.RaftServerConfigKeys (ConfUtils.java:logGet(44)) - raft.server.leaderelection.leader.step-down.wait-time = 10s (default)
2021-10-06 13:07:58,742 [pool-116-thread-1] INFO  server.RaftServerConfigKeys (ConfUtils.java:logGet(44)) - raft.server.sleep.deviation.threshold = 300ms (default)
2021-10-06 13:07:58,742 [pool-116-thread-1] INFO  server.RaftServerConfigKeys (ConfUtils.java:logGet(44)) - raft.server.log.appender.install.snapshot.enabled = false (custom)
2021-10-06 13:07:58,742 [pool-116-thread-1] INFO  server.RaftServer$Division (ServerState.java:<init>(105)) - 5f16da84-7d95-4d7e-959b-684ab973190d@group-D66A89DF74CA: ConfigurationManager, init=-1: [919bab14-801a-4b4b-b62b-3bd9b5db7035|rpc:10.1.0.31:37525|dataStream:|priority:1, 181b69ce-6322-4260-b10d-e87d22a73f8a|rpc:10.1.0.31:38167|dataStream:|priority:0, 5f16da84-7d95-4d7e-959b-684ab973190d|rpc:10.1.0.31:46301|dataStream:|priority:0], old=null, confs=<EMPTY_MAP>
2021-10-06 13:07:58,742 [pool-116-thread-1] INFO  server.RaftServerConfigKeys (ConfUtils.java:logGet(44)) - raft.server.storage.dir = [/home/runner/work/ozone/ozone/hadoop-ozone/integration-test/target/test-dir/MiniOzoneClusterImpl-c79ebf65-7f2a-452c-95f4-518756688277/datanode-1/data/ratis] (custom)
2021-10-06 13:07:58,742 [pool-116-thread-1] INFO  server.RaftServerConfigKeys (ConfUtils.java:logGet(44)) - raft.server.log.corruption.policy = EXCEPTION (default)
2021-10-06 13:07:58,742 [pool-116-thread-1] INFO  server.RaftServerConfigKeys (ConfUtils.java:logGet(44)) - raft.server.storage.free-space.min = 0MB (=0) (default)
2021-10-06 13:07:58,743 [pool-116-thread-1] INFO  storage.RaftStorageDirectory (RaftStorageDirectoryImpl.java:analyzeStorage(135)) - The storage directory /home/runner/work/ozone/ozone/hadoop-ozone/integration-test/target/test-dir/MiniOzoneClusterImpl-c79ebf65-7f2a-452c-95f4-518756688277/datanode-1/data/ratis/2e65e9ba-65f3-466c-accf-d66a89df74ca does not exist. Creating ...
2021-10-06 13:07:58,744 [pool-116-thread-1] INFO  storage.RaftStorageDirectory (RaftStorageDirectoryImpl.java:tryLock(230)) - Lock on /home/runner/work/ozone/ozone/hadoop-ozone/integration-test/target/test-dir/MiniOzoneClusterImpl-c79ebf65-7f2a-452c-95f4-518756688277/datanode-1/data/ratis/2e65e9ba-65f3-466c-accf-d66a89df74ca/in_use.lock acquired by nodename 7604@fv-az151-432
2021-10-06 13:07:58,749 [pool-116-thread-1] INFO  storage.RaftStorage (RaftStorageImpl.java:format(89)) - Storage directory /home/runner/work/ozone/ozone/hadoop-ozone/integration-test/target/test-dir/MiniOzoneClusterImpl-c79ebf65-7f2a-452c-95f4-518756688277/datanode-1/data/ratis/2e65e9ba-65f3-466c-accf-d66a89df74ca has been successfully formatted.
2021-10-06 13:07:58,750 [pool-116-thread-1] INFO  ratis.ContainerStateMachine (ContainerStateMachine.java:loadSnapshot(224)) - group-D66A89DF74CA: The snapshot info is null. Setting the last applied indexto:(t:0, i:~)
2021-10-06 13:07:58,751 [pool-116-thread-1] INFO  server.RaftServerConfigKeys (ConfUtils.java:logGet(44)) - raft.server.notification.no-leader.timeout = 300s (custom)
2021-10-06 13:07:58,751 [pool-116-thread-1] INFO  server.RaftServerConfigKeys (ConfUtils.java:logGet(44)) - raft.server.log.use.memory = false (default)
2021-10-06 13:07:58,751 [pool-116-thread-1] INFO  server.RaftServerConfigKeys (ConfUtils.java:logGet(44)) - raft.server.log.purge.gap = 1000000 (custom)
2021-10-06 13:07:58,751 [pool-116-thread-1] INFO  server.RaftServerConfigKeys (ConfUtils.java:logGet(44)) - raft.server.log.appender.buffer.byte-limit = 33554432 (custom)
2021-10-06 13:07:58,752 [pool-116-thread-1] INFO  server.RaftServerConfigKeys (ConfUtils.java:logGet(44)) - raft.server.log.segment.size.max = 1048576 (custom)
2021-10-06 13:07:58,753 [pool-116-thread-1] INFO  server.RaftServerConfigKeys (ConfUtils.java:logGet(44)) - raft.server.log.segment.cache.num.max = 2 (custom)
2021-10-06 13:07:58,754 [pool-116-thread-1] INFO  server.RaftServerConfigKeys (ConfUtils.java:logGet(44)) - raft.server.log.segment.cache.size.max = 200MB (=209715200) (default)
2021-10-06 13:07:58,754 [pool-116-thread-1] INFO  segmented.SegmentedRaftLogWorker (SegmentedRaftLogWorker.java:<init>(182)) - new 5f16da84-7d95-4d7e-959b-684ab973190d@group-D66A89DF74CA-SegmentedRaftLogWorker for RaftStorageImpl:Storage Directory /home/runner/work/ozone/ozone/hadoop-ozone/integration-test/target/test-dir/MiniOzoneClusterImpl-c79ebf65-7f2a-452c-95f4-518756688277/datanode-1/data/ratis/2e65e9ba-65f3-466c-accf-d66a89df74ca
2021-10-06 13:07:58,754 [pool-116-thread-1] INFO  server.RaftServerConfigKeys (ConfUtils.java:logGet(44)) - raft.server.log.queue.byte-limit = 2147483647 (custom)
2021-10-06 13:07:58,754 [pool-116-thread-1] INFO  server.RaftServerConfigKeys (ConfUtils.java:logGet(44)) - raft.server.log.queue.element-limit = 1024 (custom)
2021-10-06 13:07:58,754 [pool-116-thread-1] INFO  server.RaftServerConfigKeys (ConfUtils.java:logGet(44)) - raft.server.log.segment.size.max = 1048576 (custom)
2021-10-06 13:07:58,756 [pool-116-thread-1] INFO  server.RaftServerConfigKeys (ConfUtils.java:logGet(44)) - raft.server.log.preallocated.size = 16384 (custom)
2021-10-06 13:07:58,756 [pool-116-thread-1] INFO  server.RaftServerConfigKeys (ConfUtils.java:logGet(44)) - raft.server.log.force.sync.num = 128 (default)
2021-10-06 13:07:58,756 [pool-116-thread-1] INFO  server.RaftServerConfigKeys (ConfUtils.java:logGet(44)) - raft.server.log.statemachine.data.sync = true (default)
2021-10-06 13:07:58,756 [pool-116-thread-1] INFO  server.RaftServerConfigKeys (ConfUtils.java:logGet(44)) - raft.server.log.statemachine.data.sync.timeout = 10s (default)
2021-10-06 13:07:58,756 [pool-116-thread-1] INFO  server.RaftServerConfigKeys (ConfUtils.java:logGet(44)) - raft.server.log.statemachine.data.sync.timeout.retry = -1 (default)
2021-10-06 13:07:58,757 [pool-116-thread-1] INFO  server.RaftServerConfigKeys (ConfUtils.java:logGet(44)) - raft.server.log.write.buffer.size = 1048576 (custom)
2021-10-06 13:07:58,760 [pool-116-thread-1] INFO  server.RaftServerConfigKeys (ConfUtils.java:logGet(44)) - raft.server.log.statemachine.data.caching.enabled = true (custom)
2021-10-06 13:07:58,761 [pool-116-thread-1] INFO  segmented.SegmentedRaftLogWorker (SegmentedRaftLogWorker.java:lambda$new$0(133)) - 5f16da84-7d95-4d7e-959b-684ab973190d@group-D66A89DF74CA-SegmentedRaftLogWorker: flushIndex: setUnconditionally 0 -> -1
2021-10-06 13:07:58,761 [pool-116-thread-1] INFO  segmented.SegmentedRaftLogWorker (SegmentedRaftLogWorker.java:lambda$new$0(133)) - 5f16da84-7d95-4d7e-959b-684ab973190d@group-D66A89DF74CA-SegmentedRaftLogWorker: safeCacheEvictIndex: setUnconditionally 0 -> -1
2021-10-06 13:07:58,763 [pool-116-thread-1] INFO  server.RaftServerConfigKeys (ConfUtils.java:logGet(44)) - raft.server.snapshot.auto.trigger.enabled = true (custom)
2021-10-06 13:07:58,763 [pool-116-thread-1] INFO  server.RaftServerConfigKeys (ConfUtils.java:logGet(44)) - raft.server.snapshot.auto.trigger.threshold = 10000 (custom)
2021-10-06 13:07:58,763 [pool-116-thread-1] INFO  server.RaftServerConfigKeys (ConfUtils.java:logGet(44)) - raft.server.snapshot.retention.file.num = 5 (custom)
2021-10-06 13:07:58,763 [pool-116-thread-1] INFO  server.RaftServerConfigKeys (ConfUtils.java:logGet(44)) - raft.server.log.purge.upto.snapshot.index = false (default)
2021-10-06 13:07:58,763 [pool-116-thread-1] INFO  server.RaftServerConfigKeys (ConfUtils.java:logGet(44)) - raft.server.retrycache.expirytime = 600000ms (custom)
2021-10-06 13:07:58,763 [pool-116-thread-1] INFO  server.RaftServerConfigKeys (ConfUtils.java:logGet(44)) - raft.server.retrycache.statistics.expirytime = 100μs (default)
2021-10-06 13:07:58,764 [pool-116-thread-1] INFO  server.RaftServer$Division (RaftServerImpl.java:start(296)) - 5f16da84-7d95-4d7e-959b-684ab973190d@group-D66A89DF74CA: start as a follower, conf=-1: [919bab14-801a-4b4b-b62b-3bd9b5db7035|rpc:10.1.0.31:37525|dataStream:|priority:1, 181b69ce-6322-4260-b10d-e87d22a73f8a|rpc:10.1.0.31:38167|dataStream:|priority:0, 5f16da84-7d95-4d7e-959b-684ab973190d|rpc:10.1.0.31:46301|dataStream:|priority:0], old=null
2021-10-06 13:07:58,764 [pool-116-thread-1] INFO  server.RaftServer$Division (RaftServerImpl.java:setRole(285)) - 5f16da84-7d95-4d7e-959b-684ab973190d@group-D66A89DF74CA: changes role from      null to FOLLOWER at term 0 for startAsFollower
2021-10-06 13:07:58,764 [pool-116-thread-1] INFO  impl.RoleInfo (RoleInfo.java:updateAndGet(130)) - 5f16da84-7d95-4d7e-959b-684ab973190d: start 5f16da84-7d95-4d7e-959b-684ab973190d@group-D66A89DF74CA-FollowerState
2021-10-06 13:07:58,766 [pool-116-thread-1] INFO  util.JmxRegister (JmxRegister.java:tryRegister(44)) - Successfully registered JMX Bean with object name Ratis:service=RaftServer,group=group-D66A89DF74CA,id=5f16da84-7d95-4d7e-959b-684ab973190d
2021-10-06 13:07:58,772 [Command processor thread] INFO  commandhandler.CreatePipelineCommandHandler (CreatePipelineCommandHandler.java:handle(106)) - Created Pipeline RATIS THREE PipelineID=2e65e9ba-65f3-466c-accf-d66a89df74ca.
2021-10-06 13:07:58,772 [Command processor thread] INFO  server.RaftServer (RaftServerProxy.java:addNew(95)) - 919bab14-801a-4b4b-b62b-3bd9b5db7035: addNew group-067EC886A732:[919bab14-801a-4b4b-b62b-3bd9b5db7035|rpc:10.1.0.31:37525|priority:0, 181b69ce-6322-4260-b10d-e87d22a73f8a|rpc:10.1.0.31:38167|priority:0, 5f16da84-7d95-4d7e-959b-684ab973190d|rpc:10.1.0.31:46301|priority:1] returns group-067EC886A732:java.util.concurrent.CompletableFuture@323ef3fe[Not completed]
2021-10-06 13:07:58,773 [pool-97-thread-1] INFO  server.RaftServer$Division (RaftServerImpl.java:<init>(181)) - 919bab14-801a-4b4b-b62b-3bd9b5db7035: new RaftServerImpl for group-067EC886A732:[919bab14-801a-4b4b-b62b-3bd9b5db7035|rpc:10.1.0.31:37525|priority:0, 181b69ce-6322-4260-b10d-e87d22a73f8a|rpc:10.1.0.31:38167|priority:0, 5f16da84-7d95-4d7e-959b-684ab973190d|rpc:10.1.0.31:46301|priority:1] with ContainerStateMachine:uninitialized
2021-10-06 13:07:58,774 [pool-97-thread-1] INFO  server.RaftServerConfigKeys (ConfUtils.java:logGet(44)) - raft.server.rpc.timeout.min = 5s (custom)
2021-10-06 13:07:58,774 [pool-97-thread-1] INFO  server.RaftServerConfigKeys (ConfUtils.java:logGet(44)) - raft.server.rpc.timeout.max = 5200ms (custom)
2021-10-06 13:07:58,774 [pool-97-thread-1] INFO  server.RaftServerConfigKeys (ConfUtils.java:logGet(44)) - raft.server.rpc.sleep.time = 25ms (default)
2021-10-06 13:07:58,774 [pool-97-thread-1] INFO  server.RaftServerConfigKeys (ConfUtils.java:logGet(44)) - raft.server.rpc.slowness.timeout = 300s (custom)
2021-10-06 13:07:58,774 [pool-97-thread-1] INFO  server.RaftServerConfigKeys (ConfUtils.java:logGet(44)) - raft.server.leaderelection.leader.step-down.wait-time = 10s (default)
2021-10-06 13:07:58,774 [pool-97-thread-1] INFO  server.RaftServerConfigKeys (ConfUtils.java:logGet(44)) - raft.server.sleep.deviation.threshold = 300ms (default)
2021-10-06 13:07:58,774 [pool-97-thread-1] INFO  server.RaftServerConfigKeys (ConfUtils.java:logGet(44)) - raft.server.log.appender.install.snapshot.enabled = false (custom)
2021-10-06 13:07:58,774 [pool-97-thread-1] INFO  server.RaftServer$Division (ServerState.java:<init>(105)) - 919bab14-801a-4b4b-b62b-3bd9b5db7035@group-067EC886A732: ConfigurationManager, init=-1: [919bab14-801a-4b4b-b62b-3bd9b5db7035|rpc:10.1.0.31:37525|priority:0, 181b69ce-6322-4260-b10d-e87d22a73f8a|rpc:10.1.0.31:38167|priority:0, 5f16da84-7d95-4d7e-959b-684ab973190d|rpc:10.1.0.31:46301|priority:1], old=null, confs=<EMPTY_MAP>
2021-10-06 13:07:58,774 [pool-97-thread-1] INFO  server.RaftServerConfigKeys (ConfUtils.java:logGet(44)) - raft.server.storage.dir = [/home/runner/work/ozone/ozone/hadoop-ozone/integration-test/target/test-dir/MiniOzoneClusterImpl-c79ebf65-7f2a-452c-95f4-518756688277/datanode-0/data/ratis] (custom)
2021-10-06 13:07:58,774 [pool-97-thread-1] INFO  server.RaftServerConfigKeys (ConfUtils.java:logGet(44)) - raft.server.log.corruption.policy = EXCEPTION (default)
2021-10-06 13:07:58,775 [pool-97-thread-1] INFO  server.RaftServerConfigKeys (ConfUtils.java:logGet(44)) - raft.server.storage.free-space.min = 0MB (=0) (default)
2021-10-06 13:07:58,775 [pool-97-thread-1] INFO  storage.RaftStorageDirectory (RaftStorageDirectoryImpl.java:analyzeStorage(135)) - The storage directory /home/runner/work/ozone/ozone/hadoop-ozone/integration-test/target/test-dir/MiniOzoneClusterImpl-c79ebf65-7f2a-452c-95f4-518756688277/datanode-0/data/ratis/00aacb55-c8e9-4365-965b-067ec886a732 does not exist. Creating ...
2021-10-06 13:07:58,776 [pool-97-thread-1] INFO  storage.RaftStorageDirectory (RaftStorageDirectoryImpl.java:tryLock(230)) - Lock on /home/runner/work/ozone/ozone/hadoop-ozone/integration-test/target/test-dir/MiniOzoneClusterImpl-c79ebf65-7f2a-452c-95f4-518756688277/datanode-0/data/ratis/00aacb55-c8e9-4365-965b-067ec886a732/in_use.lock acquired by nodename 7604@fv-az151-432
2021-10-06 13:07:58,778 [pool-97-thread-1] INFO  storage.RaftStorage (RaftStorageImpl.java:format(89)) - Storage directory /home/runner/work/ozone/ozone/hadoop-ozone/integration-test/target/test-dir/MiniOzoneClusterImpl-c79ebf65-7f2a-452c-95f4-518756688277/datanode-0/data/ratis/00aacb55-c8e9-4365-965b-067ec886a732 has been successfully formatted.
2021-10-06 13:07:58,778 [Datanode State Machine Thread - 0] WARN  statemachine.StateContext (StateContext.java:execute(621)) - No available thread in pool for past 1 seconds.
2021-10-06 13:07:58,780 [EventQueue-OpenPipelineForHealthyPipelineSafeModeRule] INFO  safemode.SCMSafeModeManager (HealthyPipelineSafeModeRule.java:process(124)) - SCM in safe mode. Healthy pipelines reported count is 0, required healthy pipeline reported count is 1
2021-10-06 13:07:58,780 [pool-97-thread-1] INFO  ratis.ContainerStateMachine (ContainerStateMachine.java:loadSnapshot(224)) - group-067EC886A732: The snapshot info is null. Setting the last applied indexto:(t:0, i:~)
2021-10-06 13:07:58,781 [pool-97-thread-1] INFO  server.RaftServerConfigKeys (ConfUtils.java:logGet(44)) - raft.server.notification.no-leader.timeout = 300s (custom)
2021-10-06 13:07:58,781 [pool-97-thread-1] INFO  server.RaftServerConfigKeys (ConfUtils.java:logGet(44)) - raft.server.log.use.memory = false (default)
2021-10-06 13:07:58,781 [pool-97-thread-1] INFO  server.RaftServerConfigKeys (ConfUtils.java:logGet(44)) - raft.server.log.purge.gap = 1000000 (custom)
2021-10-06 13:07:58,781 [pool-97-thread-1] INFO  server.RaftServerConfigKeys (ConfUtils.java:logGet(44)) - raft.server.log.appender.buffer.byte-limit = 33554432 (custom)
2021-10-06 13:07:58,781 [pool-97-thread-1] INFO  server.RaftServerConfigKeys (ConfUtils.java:logGet(44)) - raft.server.log.segment.size.max = 1048576 (custom)
2021-10-06 13:07:58,782 [pool-97-thread-1] INFO  server.RaftServerConfigKeys (ConfUtils.java:logGet(44)) - raft.server.log.segment.cache.num.max = 2 (custom)
2021-10-06 13:07:58,782 [pool-97-thread-1] INFO  server.RaftServerConfigKeys (ConfUtils.java:logGet(44)) - raft.server.log.segment.cache.size.max = 200MB (=209715200) (default)
2021-10-06 13:07:58,782 [pool-97-thread-1] INFO  segmented.SegmentedRaftLogWorker (SegmentedRaftLogWorker.java:<init>(182)) - new 919bab14-801a-4b4b-b62b-3bd9b5db7035@group-067EC886A732-SegmentedRaftLogWorker for RaftStorageImpl:Storage Directory /home/runner/work/ozone/ozone/hadoop-ozone/integration-test/target/test-dir/MiniOzoneClusterImpl-c79ebf65-7f2a-452c-95f4-518756688277/datanode-0/data/ratis/00aacb55-c8e9-4365-965b-067ec886a732
2021-10-06 13:07:58,782 [pool-97-thread-1] INFO  server.RaftServerConfigKeys (ConfUtils.java:logGet(44)) - raft.server.log.queue.byte-limit = 2147483647 (custom)
2021-10-06 13:07:58,782 [pool-97-thread-1] INFO  server.RaftServerConfigKeys (ConfUtils.java:logGet(44)) - raft.server.log.queue.element-limit = 1024 (custom)
2021-10-06 13:07:58,785 [pool-97-thread-1] INFO  server.RaftServerConfigKeys (ConfUtils.java:logGet(44)) - raft.server.log.segment.size.max = 1048576 (custom)
2021-10-06 13:07:58,785 [pool-97-thread-1] INFO  server.RaftServerConfigKeys (ConfUtils.java:logGet(44)) - raft.server.log.preallocated.size = 16384 (custom)
2021-10-06 13:07:58,785 [pool-97-thread-1] INFO  server.RaftServerConfigKeys (ConfUtils.java:logGet(44)) - raft.server.log.force.sync.num = 128 (default)
2021-10-06 13:07:58,785 [pool-97-thread-1] INFO  server.RaftServerConfigKeys (ConfUtils.java:logGet(44)) - raft.server.log.statemachine.data.sync = true (default)
2021-10-06 13:07:58,785 [pool-97-thread-1] INFO  server.RaftServerConfigKeys (ConfUtils.java:logGet(44)) - raft.server.log.statemachine.data.sync.timeout = 10s (default)
2021-10-06 13:07:58,786 [pool-97-thread-1] INFO  server.RaftServerConfigKeys (ConfUtils.java:logGet(44)) - raft.server.log.statemachine.data.sync.timeout.retry = -1 (default)
2021-10-06 13:07:58,786 [pool-97-thread-1] INFO  server.RaftServerConfigKeys (ConfUtils.java:logGet(44)) - raft.server.log.write.buffer.size = 1048576 (custom)
2021-10-06 13:07:58,787 [pool-97-thread-1] INFO  server.RaftServerConfigKeys (ConfUtils.java:logGet(44)) - raft.server.log.statemachine.data.caching.enabled = true (custom)
2021-10-06 13:07:58,787 [pool-97-thread-1] INFO  segmented.SegmentedRaftLogWorker (SegmentedRaftLogWorker.java:lambda$new$0(133)) - 919bab14-801a-4b4b-b62b-3bd9b5db7035@group-067EC886A732-SegmentedRaftLogWorker: flushIndex: setUnconditionally 0 -> -1
2021-10-06 13:07:58,787 [pool-97-thread-1] INFO  segmented.SegmentedRaftLogWorker (SegmentedRaftLogWorker.java:lambda$new$0(133)) - 919bab14-801a-4b4b-b62b-3bd9b5db7035@group-067EC886A732-SegmentedRaftLogWorker: safeCacheEvictIndex: setUnconditionally 0 -> -1
2021-10-06 13:07:58,788 [pool-97-thread-1] INFO  server.RaftServerConfigKeys (ConfUtils.java:logGet(44)) - raft.server.snapshot.auto.trigger.enabled = true (custom)
2021-10-06 13:07:58,788 [pool-97-thread-1] INFO  server.RaftServerConfigKeys (ConfUtils.java:logGet(44)) - raft.server.snapshot.auto.trigger.threshold = 10000 (custom)
2021-10-06 13:07:58,788 [pool-97-thread-1] INFO  server.RaftServerConfigKeys (ConfUtils.java:logGet(44)) - raft.server.snapshot.retention.file.num = 5 (custom)
2021-10-06 13:07:58,788 [pool-97-thread-1] INFO  server.RaftServerConfigKeys (ConfUtils.java:logGet(44)) - raft.server.log.purge.upto.snapshot.index = false (default)
2021-10-06 13:07:58,788 [pool-97-thread-1] INFO  server.RaftServerConfigKeys (ConfUtils.java:logGet(44)) - raft.server.retrycache.expirytime = 600000ms (custom)
2021-10-06 13:07:58,788 [pool-97-thread-1] INFO  server.RaftServerConfigKeys (ConfUtils.java:logGet(44)) - raft.server.retrycache.statistics.expirytime = 100μs (default)
2021-10-06 13:07:58,789 [pool-97-thread-1] INFO  server.RaftServer$Division (RaftServerImpl.java:start(296)) - 919bab14-801a-4b4b-b62b-3bd9b5db7035@group-067EC886A732: start as a follower, conf=-1: [919bab14-801a-4b4b-b62b-3bd9b5db7035|rpc:10.1.0.31:37525|priority:0, 181b69ce-6322-4260-b10d-e87d22a73f8a|rpc:10.1.0.31:38167|priority:0, 5f16da84-7d95-4d7e-959b-684ab973190d|rpc:10.1.0.31:46301|priority:1], old=null
2021-10-06 13:07:58,790 [pool-97-thread-1] INFO  server.RaftServer$Division (RaftServerImpl.java:setRole(285)) - 919bab14-801a-4b4b-b62b-3bd9b5db7035@group-067EC886A732: changes role from      null to FOLLOWER at term 0 for startAsFollower
2021-10-06 13:07:58,790 [pool-97-thread-1] INFO  impl.RoleInfo (RoleInfo.java:updateAndGet(130)) - 919bab14-801a-4b4b-b62b-3bd9b5db7035: start 919bab14-801a-4b4b-b62b-3bd9b5db7035@group-067EC886A732-FollowerState
2021-10-06 13:07:58,790 [pool-97-thread-1] INFO  util.JmxRegister (JmxRegister.java:tryRegister(44)) - Successfully registered JMX Bean with object name Ratis:service=RaftServer,group=group-067EC886A732,id=919bab14-801a-4b4b-b62b-3bd9b5db7035
2021-10-06 13:07:58,791 [Command processor thread] INFO  ratis.XceiverServerRatis (XceiverServerRatis.java:addGroup(763)) - Created group PipelineID=00aacb55-c8e9-4365-965b-067ec886a732
2021-10-06 13:07:58,800 [grpc-default-executor-1] INFO  server.RaftServer (RaftServerProxy.java:addNew(95)) - 5f16da84-7d95-4d7e-959b-684ab973190d: addNew group-067EC886A732:[919bab14-801a-4b4b-b62b-3bd9b5db7035|rpc:10.1.0.31:37525|dataStream:|priority:0, 181b69ce-6322-4260-b10d-e87d22a73f8a|rpc:10.1.0.31:38167|dataStream:|priority:0, 5f16da84-7d95-4d7e-959b-684ab973190d|rpc:10.1.0.31:46301|dataStream:|priority:1] returns group-067EC886A732:java.util.concurrent.CompletableFuture@2ab5328f[Not completed]
2021-10-06 13:07:58,802 [pool-116-thread-1] INFO  server.RaftServer$Division (RaftServerImpl.java:<init>(181)) - 5f16da84-7d95-4d7e-959b-684ab973190d: new RaftServerImpl for group-067EC886A732:[919bab14-801a-4b4b-b62b-3bd9b5db7035|rpc:10.1.0.31:37525|dataStream:|priority:0, 181b69ce-6322-4260-b10d-e87d22a73f8a|rpc:10.1.0.31:38167|dataStream:|priority:0, 5f16da84-7d95-4d7e-959b-684ab973190d|rpc:10.1.0.31:46301|dataStream:|priority:1] with ContainerStateMachine:uninitialized
2021-10-06 13:07:58,802 [pool-116-thread-1] INFO  server.RaftServerConfigKeys (ConfUtils.java:logGet(44)) - raft.server.rpc.timeout.min = 5s (custom)
2021-10-06 13:07:58,802 [pool-116-thread-1] INFO  server.RaftServerConfigKeys (ConfUtils.java:logGet(44)) - raft.server.rpc.timeout.max = 5200ms (custom)
2021-10-06 13:07:58,802 [pool-116-thread-1] INFO  server.RaftServerConfigKeys (ConfUtils.java:logGet(44)) - raft.server.rpc.sleep.time = 25ms (default)
2021-10-06 13:07:58,802 [pool-116-thread-1] INFO  server.RaftServerConfigKeys (ConfUtils.java:logGet(44)) - raft.server.rpc.slowness.timeout = 300s (custom)
2021-10-06 13:07:58,802 [pool-116-thread-1] INFO  server.RaftServerConfigKeys (ConfUtils.java:logGet(44)) - raft.server.leaderelection.leader.step-down.wait-time = 10s (default)
2021-10-06 13:07:58,802 [pool-116-thread-1] INFO  server.RaftServerConfigKeys (ConfUtils.java:logGet(44)) - raft.server.sleep.deviation.threshold = 300ms (default)
2021-10-06 13:07:58,802 [pool-116-thread-1] INFO  server.RaftServerConfigKeys (ConfUtils.java:logGet(44)) - raft.server.log.appender.install.snapshot.enabled = false (custom)
2021-10-06 13:07:58,802 [pool-116-thread-1] INFO  server.RaftServer$Division (ServerState.java:<init>(105)) - 5f16da84-7d95-4d7e-959b-684ab973190d@group-067EC886A732: ConfigurationManager, init=-1: [919bab14-801a-4b4b-b62b-3bd9b5db7035|rpc:10.1.0.31:37525|dataStream:|priority:0, 181b69ce-6322-4260-b10d-e87d22a73f8a|rpc:10.1.0.31:38167|dataStream:|priority:0, 5f16da84-7d95-4d7e-959b-684ab973190d|rpc:10.1.0.31:46301|dataStream:|priority:1], old=null, confs=<EMPTY_MAP>
2021-10-06 13:07:58,802 [pool-116-thread-1] INFO  server.RaftServerConfigKeys (ConfUtils.java:logGet(44)) - raft.server.storage.dir = [/home/runner/work/ozone/ozone/hadoop-ozone/integration-test/target/test-dir/MiniOzoneClusterImpl-c79ebf65-7f2a-452c-95f4-518756688277/datanode-1/data/ratis] (custom)
2021-10-06 13:07:58,803 [pool-116-thread-1] INFO  server.RaftServerConfigKeys (ConfUtils.java:logGet(44)) - raft.server.log.corruption.policy = EXCEPTION (default)
2021-10-06 13:07:58,803 [pool-116-thread-1] INFO  server.RaftServerConfigKeys (ConfUtils.java:logGet(44)) - raft.server.storage.free-space.min = 0MB (=0) (default)
2021-10-06 13:07:58,803 [pool-116-thread-1] INFO  storage.RaftStorageDirectory (RaftStorageDirectoryImpl.java:analyzeStorage(135)) - The storage directory /home/runner/work/ozone/ozone/hadoop-ozone/integration-test/target/test-dir/MiniOzoneClusterImpl-c79ebf65-7f2a-452c-95f4-518756688277/datanode-1/data/ratis/00aacb55-c8e9-4365-965b-067ec886a732 does not exist. Creating ...
2021-10-06 13:07:58,804 [pool-116-thread-1] INFO  storage.RaftStorageDirectory (RaftStorageDirectoryImpl.java:tryLock(230)) - Lock on /home/runner/work/ozone/ozone/hadoop-ozone/integration-test/target/test-dir/MiniOzoneClusterImpl-c79ebf65-7f2a-452c-95f4-518756688277/datanode-1/data/ratis/00aacb55-c8e9-4365-965b-067ec886a732/in_use.lock acquired by nodename 7604@fv-az151-432
2021-10-06 13:07:58,806 [pool-116-thread-1] INFO  storage.RaftStorage (RaftStorageImpl.java:format(89)) - Storage directory /home/runner/work/ozone/ozone/hadoop-ozone/integration-test/target/test-dir/MiniOzoneClusterImpl-c79ebf65-7f2a-452c-95f4-518756688277/datanode-1/data/ratis/00aacb55-c8e9-4365-965b-067ec886a732 has been successfully formatted.
2021-10-06 13:07:58,807 [pool-116-thread-1] INFO  ratis.ContainerStateMachine (ContainerStateMachine.java:loadSnapshot(224)) - group-067EC886A732: The snapshot info is null. Setting the last applied indexto:(t:0, i:~)
2021-10-06 13:07:58,807 [pool-116-thread-1] INFO  server.RaftServerConfigKeys (ConfUtils.java:logGet(44)) - raft.server.notification.no-leader.timeout = 300s (custom)
2021-10-06 13:07:58,807 [pool-116-thread-1] INFO  server.RaftServerConfigKeys (ConfUtils.java:logGet(44)) - raft.server.log.use.memory = false (default)
2021-10-06 13:07:58,807 [pool-116-thread-1] INFO  server.RaftServerConfigKeys (ConfUtils.java:logGet(44)) - raft.server.log.purge.gap = 1000000 (custom)
2021-10-06 13:07:58,807 [pool-116-thread-1] INFO  server.RaftServerConfigKeys (ConfUtils.java:logGet(44)) - raft.server.log.appender.buffer.byte-limit = 33554432 (custom)
2021-10-06 13:07:58,807 [pool-116-thread-1] INFO  server.RaftServerConfigKeys (ConfUtils.java:logGet(44)) - raft.server.log.segment.size.max = 1048576 (custom)
2021-10-06 13:07:58,808 [pool-116-thread-1] INFO  server.RaftServerConfigKeys (ConfUtils.java:logGet(44)) - raft.server.log.segment.cache.num.max = 2 (custom)
2021-10-06 13:07:58,808 [pool-116-thread-1] INFO  server.RaftServerConfigKeys (ConfUtils.java:logGet(44)) - raft.server.log.segment.cache.size.max = 200MB (=209715200) (default)
2021-10-06 13:07:58,808 [pool-116-thread-1] INFO  segmented.SegmentedRaftLogWorker (SegmentedRaftLogWorker.java:<init>(182)) - new 5f16da84-7d95-4d7e-959b-684ab973190d@group-067EC886A732-SegmentedRaftLogWorker for RaftStorageImpl:Storage Directory /home/runner/work/ozone/ozone/hadoop-ozone/integration-test/target/test-dir/MiniOzoneClusterImpl-c79ebf65-7f2a-452c-95f4-518756688277/datanode-1/data/ratis/00aacb55-c8e9-4365-965b-067ec886a732
2021-10-06 13:07:58,808 [pool-116-thread-1] INFO  server.RaftServerConfigKeys (ConfUtils.java:logGet(44)) - raft.server.log.queue.byte-limit = 2147483647 (custom)
2021-10-06 13:07:58,808 [pool-116-thread-1] INFO  server.RaftServerConfigKeys (ConfUtils.java:logGet(44)) - raft.server.log.queue.element-limit = 1024 (custom)
2021-10-06 13:07:58,808 [pool-116-thread-1] INFO  server.RaftServerConfigKeys (ConfUtils.java:logGet(44)) - raft.server.log.segment.size.max = 1048576 (custom)
2021-10-06 13:07:58,808 [pool-116-thread-1] INFO  server.RaftServerConfigKeys (ConfUtils.java:logGet(44)) - raft.server.log.preallocated.size = 16384 (custom)
2021-10-06 13:07:58,808 [pool-116-thread-1] INFO  server.RaftServerConfigKeys (ConfUtils.java:logGet(44)) - raft.server.log.force.sync.num = 128 (default)
2021-10-06 13:07:58,809 [pool-116-thread-1] INFO  server.RaftServerConfigKeys (ConfUtils.java:logGet(44)) - raft.server.log.statemachine.data.sync = true (default)
2021-10-06 13:07:58,809 [pool-116-thread-1] INFO  server.RaftServerConfigKeys (ConfUtils.java:logGet(44)) - raft.server.log.statemachine.data.sync.timeout = 10s (default)
2021-10-06 13:07:58,809 [pool-116-thread-1] INFO  server.RaftServerConfigKeys (ConfUtils.java:logGet(44)) - raft.server.log.statemachine.data.sync.timeout.retry = -1 (default)
2021-10-06 13:07:58,811 [pool-116-thread-1] INFO  server.RaftServerConfigKeys (ConfUtils.java:logGet(44)) - raft.server.log.write.buffer.size = 1048576 (custom)
2021-10-06 13:07:58,812 [pool-116-thread-1] INFO  server.RaftServerConfigKeys (ConfUtils.java:logGet(44)) - raft.server.log.statemachine.data.caching.enabled = true (custom)
2021-10-06 13:07:58,812 [pool-116-thread-1] INFO  segmented.SegmentedRaftLogWorker (SegmentedRaftLogWorker.java:lambda$new$0(133)) - 5f16da84-7d95-4d7e-959b-684ab973190d@group-067EC886A732-SegmentedRaftLogWorker: flushIndex: setUnconditionally 0 -> -1
2021-10-06 13:07:58,812 [pool-116-thread-1] INFO  segmented.SegmentedRaftLogWorker (SegmentedRaftLogWorker.java:lambda$new$0(133)) - 5f16da84-7d95-4d7e-959b-684ab973190d@group-067EC886A732-SegmentedRaftLogWorker: safeCacheEvictIndex: setUnconditionally 0 -> -1
2021-10-06 13:07:58,814 [pool-116-thread-1] INFO  server.RaftServerConfigKeys (ConfUtils.java:logGet(44)) - raft.server.snapshot.auto.trigger.enabled = true (custom)
2021-10-06 13:07:58,814 [pool-116-thread-1] INFO  server.RaftServerConfigKeys (ConfUtils.java:logGet(44)) - raft.server.snapshot.auto.trigger.threshold = 10000 (custom)
2021-10-06 13:07:58,814 [pool-116-thread-1] INFO  server.RaftServerConfigKeys (ConfUtils.java:logGet(44)) - raft.server.snapshot.retention.file.num = 5 (custom)
2021-10-06 13:07:58,815 [pool-116-thread-1] INFO  server.RaftServerConfigKeys (ConfUtils.java:logGet(44)) - raft.server.log.purge.upto.snapshot.index = false (default)
2021-10-06 13:07:58,815 [pool-116-thread-1] INFO  server.RaftServerConfigKeys (ConfUtils.java:logGet(44)) - raft.server.retrycache.expirytime = 600000ms (custom)
2021-10-06 13:07:58,815 [pool-116-thread-1] INFO  server.RaftServerConfigKeys (ConfUtils.java:logGet(44)) - raft.server.retrycache.statistics.expirytime = 100μs (default)
2021-10-06 13:07:58,816 [pool-116-thread-1] INFO  server.RaftServer$Division (RaftServerImpl.java:start(296)) - 5f16da84-7d95-4d7e-959b-684ab973190d@group-067EC886A732: start as a follower, conf=-1: [919bab14-801a-4b4b-b62b-3bd9b5db7035|rpc:10.1.0.31:37525|dataStream:|priority:0, 181b69ce-6322-4260-b10d-e87d22a73f8a|rpc:10.1.0.31:38167|dataStream:|priority:0, 5f16da84-7d95-4d7e-959b-684ab973190d|rpc:10.1.0.31:46301|dataStream:|priority:1], old=null
2021-10-06 13:07:58,816 [pool-116-thread-1] INFO  server.RaftServer$Division (RaftServerImpl.java:setRole(285)) - 5f16da84-7d95-4d7e-959b-684ab973190d@group-067EC886A732: changes role from      null to FOLLOWER at term 0 for startAsFollower
2021-10-06 13:07:58,816 [pool-116-thread-1] INFO  impl.RoleInfo (RoleInfo.java:updateAndGet(130)) - 5f16da84-7d95-4d7e-959b-684ab973190d: start 5f16da84-7d95-4d7e-959b-684ab973190d@group-067EC886A732-FollowerState
2021-10-06 13:07:58,817 [pool-116-thread-1] INFO  util.JmxRegister (JmxRegister.java:tryRegister(44)) - Successfully registered JMX Bean with object name Ratis:service=RaftServer,group=group-067EC886A732,id=5f16da84-7d95-4d7e-959b-684ab973190d
2021-10-06 13:07:58,831 [grpc-default-executor-1] INFO  server.RaftServer (RaftServerProxy.java:addNew(95)) - 181b69ce-6322-4260-b10d-e87d22a73f8a: addNew group-067EC886A732:[919bab14-801a-4b4b-b62b-3bd9b5db7035|rpc:10.1.0.31:37525|dataStream:|priority:0, 181b69ce-6322-4260-b10d-e87d22a73f8a|rpc:10.1.0.31:38167|dataStream:|priority:0, 5f16da84-7d95-4d7e-959b-684ab973190d|rpc:10.1.0.31:46301|dataStream:|priority:1] returns group-067EC886A732:java.util.concurrent.CompletableFuture@4535ff29[Not completed]
2021-10-06 13:07:58,833 [pool-135-thread-1] INFO  server.RaftServer$Division (RaftServerImpl.java:<init>(181)) - 181b69ce-6322-4260-b10d-e87d22a73f8a: new RaftServerImpl for group-067EC886A732:[919bab14-801a-4b4b-b62b-3bd9b5db7035|rpc:10.1.0.31:37525|dataStream:|priority:0, 181b69ce-6322-4260-b10d-e87d22a73f8a|rpc:10.1.0.31:38167|dataStream:|priority:0, 5f16da84-7d95-4d7e-959b-684ab973190d|rpc:10.1.0.31:46301|dataStream:|priority:1] with ContainerStateMachine:uninitialized
2021-10-06 13:07:58,833 [pool-135-thread-1] INFO  server.RaftServerConfigKeys (ConfUtils.java:logGet(44)) - raft.server.rpc.timeout.min = 5s (custom)
2021-10-06 13:07:58,833 [pool-135-thread-1] INFO  server.RaftServerConfigKeys (ConfUtils.java:logGet(44)) - raft.server.rpc.timeout.max = 5200ms (custom)
2021-10-06 13:07:58,833 [pool-135-thread-1] INFO  server.RaftServerConfigKeys (ConfUtils.java:logGet(44)) - raft.server.rpc.sleep.time = 25ms (default)
2021-10-06 13:07:58,833 [pool-135-thread-1] INFO  server.RaftServerConfigKeys (ConfUtils.java:logGet(44)) - raft.server.rpc.slowness.timeout = 300s (custom)
2021-10-06 13:07:58,833 [pool-135-thread-1] INFO  server.RaftServerConfigKeys (ConfUtils.java:logGet(44)) - raft.server.leaderelection.leader.step-down.wait-time = 10s (default)
2021-10-06 13:07:58,833 [pool-135-thread-1] INFO  server.RaftServerConfigKeys (ConfUtils.java:logGet(44)) - raft.server.sleep.deviation.threshold = 300ms (default)
2021-10-06 13:07:58,833 [pool-135-thread-1] INFO  server.RaftServerConfigKeys (ConfUtils.java:logGet(44)) - raft.server.log.appender.install.snapshot.enabled = false (custom)
2021-10-06 13:07:58,833 [pool-135-thread-1] INFO  server.RaftServer$Division (ServerState.java:<init>(105)) - 181b69ce-6322-4260-b10d-e87d22a73f8a@group-067EC886A732: ConfigurationManager, init=-1: [919bab14-801a-4b4b-b62b-3bd9b5db7035|rpc:10.1.0.31:37525|dataStream:|priority:0, 181b69ce-6322-4260-b10d-e87d22a73f8a|rpc:10.1.0.31:38167|dataStream:|priority:0, 5f16da84-7d95-4d7e-959b-684ab973190d|rpc:10.1.0.31:46301|dataStream:|priority:1], old=null, confs=<EMPTY_MAP>
2021-10-06 13:07:58,833 [pool-135-thread-1] INFO  server.RaftServerConfigKeys (ConfUtils.java:logGet(44)) - raft.server.storage.dir = [/home/runner/work/ozone/ozone/hadoop-ozone/integration-test/target/test-dir/MiniOzoneClusterImpl-c79ebf65-7f2a-452c-95f4-518756688277/datanode-2/data/ratis] (custom)
2021-10-06 13:07:58,834 [pool-135-thread-1] INFO  server.RaftServerConfigKeys (ConfUtils.java:logGet(44)) - raft.server.log.corruption.policy = EXCEPTION (default)
2021-10-06 13:07:58,834 [pool-135-thread-1] INFO  server.RaftServerConfigKeys (ConfUtils.java:logGet(44)) - raft.server.storage.free-space.min = 0MB (=0) (default)
2021-10-06 13:07:58,834 [pool-135-thread-1] INFO  storage.RaftStorageDirectory (RaftStorageDirectoryImpl.java:analyzeStorage(135)) - The storage directory /home/runner/work/ozone/ozone/hadoop-ozone/integration-test/target/test-dir/MiniOzoneClusterImpl-c79ebf65-7f2a-452c-95f4-518756688277/datanode-2/data/ratis/00aacb55-c8e9-4365-965b-067ec886a732 does not exist. Creating ...
2021-10-06 13:07:58,835 [pool-135-thread-1] INFO  storage.RaftStorageDirectory (RaftStorageDirectoryImpl.java:tryLock(230)) - Lock on /home/runner/work/ozone/ozone/hadoop-ozone/integration-test/target/test-dir/MiniOzoneClusterImpl-c79ebf65-7f2a-452c-95f4-518756688277/datanode-2/data/ratis/00aacb55-c8e9-4365-965b-067ec886a732/in_use.lock acquired by nodename 7604@fv-az151-432
2021-10-06 13:07:58,836 [pool-135-thread-1] INFO  storage.RaftStorage (RaftStorageImpl.java:format(89)) - Storage directory /home/runner/work/ozone/ozone/hadoop-ozone/integration-test/target/test-dir/MiniOzoneClusterImpl-c79ebf65-7f2a-452c-95f4-518756688277/datanode-2/data/ratis/00aacb55-c8e9-4365-965b-067ec886a732 has been successfully formatted.
2021-10-06 13:07:58,836 [pool-135-thread-1] INFO  ratis.ContainerStateMachine (ContainerStateMachine.java:loadSnapshot(224)) - group-067EC886A732: The snapshot info is null. Setting the last applied indexto:(t:0, i:~)
2021-10-06 13:07:58,837 [pool-135-thread-1] INFO  server.RaftServerConfigKeys (ConfUtils.java:logGet(44)) - raft.server.notification.no-leader.timeout = 300s (custom)
2021-10-06 13:07:58,837 [pool-135-thread-1] INFO  server.RaftServerConfigKeys (ConfUtils.java:logGet(44)) - raft.server.log.use.memory = false (default)
2021-10-06 13:07:58,837 [pool-135-thread-1] INFO  server.RaftServerConfigKeys (ConfUtils.java:logGet(44)) - raft.server.log.purge.gap = 1000000 (custom)
2021-10-06 13:07:58,837 [pool-135-thread-1] INFO  server.RaftServerConfigKeys (ConfUtils.java:logGet(44)) - raft.server.log.appender.buffer.byte-limit = 33554432 (custom)
2021-10-06 13:07:58,838 [pool-135-thread-1] INFO  server.RaftServerConfigKeys (ConfUtils.java:logGet(44)) - raft.server.log.segment.size.max = 1048576 (custom)
2021-10-06 13:07:58,838 [pool-135-thread-1] INFO  server.RaftServerConfigKeys (ConfUtils.java:logGet(44)) - raft.server.log.segment.cache.num.max = 2 (custom)
2021-10-06 13:07:58,838 [pool-135-thread-1] INFO  server.RaftServerConfigKeys (ConfUtils.java:logGet(44)) - raft.server.log.segment.cache.size.max = 200MB (=209715200) (default)
2021-10-06 13:07:58,838 [pool-135-thread-1] INFO  segmented.SegmentedRaftLogWorker (SegmentedRaftLogWorker.java:<init>(182)) - new 181b69ce-6322-4260-b10d-e87d22a73f8a@group-067EC886A732-SegmentedRaftLogWorker for RaftStorageImpl:Storage Directory /home/runner/work/ozone/ozone/hadoop-ozone/integration-test/target/test-dir/MiniOzoneClusterImpl-c79ebf65-7f2a-452c-95f4-518756688277/datanode-2/data/ratis/00aacb55-c8e9-4365-965b-067ec886a732
2021-10-06 13:07:58,838 [pool-135-thread-1] INFO  server.RaftServerConfigKeys (ConfUtils.java:logGet(44)) - raft.server.log.queue.byte-limit = 2147483647 (custom)
2021-10-06 13:07:58,839 [pool-135-thread-1] INFO  server.RaftServerConfigKeys (ConfUtils.java:logGet(44)) - raft.server.log.queue.element-limit = 1024 (custom)
2021-10-06 13:07:58,839 [pool-135-thread-1] INFO  server.RaftServerConfigKeys (ConfUtils.java:logGet(44)) - raft.server.log.segment.size.max = 1048576 (custom)
2021-10-06 13:07:58,839 [pool-135-thread-1] INFO  server.RaftServerConfigKeys (ConfUtils.java:logGet(44)) - raft.server.log.preallocated.size = 16384 (custom)
2021-10-06 13:07:58,839 [pool-135-thread-1] INFO  server.RaftServerConfigKeys (ConfUtils.java:logGet(44)) - raft.server.log.force.sync.num = 128 (default)
2021-10-06 13:07:58,839 [pool-135-thread-1] INFO  server.RaftServerConfigKeys (ConfUtils.java:logGet(44)) - raft.server.log.statemachine.data.sync = true (default)
2021-10-06 13:07:58,839 [pool-135-thread-1] INFO  server.RaftServerConfigKeys (ConfUtils.java:logGet(44)) - raft.server.log.statemachine.data.sync.timeout = 10s (default)
2021-10-06 13:07:58,839 [pool-135-thread-1] INFO  server.RaftServerConfigKeys (ConfUtils.java:logGet(44)) - raft.server.log.statemachine.data.sync.timeout.retry = -1 (default)
2021-10-06 13:07:58,840 [pool-135-thread-1] INFO  server.RaftServerConfigKeys (ConfUtils.java:logGet(44)) - raft.server.log.write.buffer.size = 1048576 (custom)
2021-10-06 13:07:58,840 [pool-135-thread-1] INFO  server.RaftServerConfigKeys (ConfUtils.java:logGet(44)) - raft.server.log.statemachine.data.caching.enabled = true (custom)
2021-10-06 13:07:58,841 [pool-135-thread-1] INFO  segmented.SegmentedRaftLogWorker (SegmentedRaftLogWorker.java:lambda$new$0(133)) - 181b69ce-6322-4260-b10d-e87d22a73f8a@group-067EC886A732-SegmentedRaftLogWorker: flushIndex: setUnconditionally 0 -> -1
2021-10-06 13:07:58,841 [pool-135-thread-1] INFO  segmented.SegmentedRaftLogWorker (SegmentedRaftLogWorker.java:lambda$new$0(133)) - 181b69ce-6322-4260-b10d-e87d22a73f8a@group-067EC886A732-SegmentedRaftLogWorker: safeCacheEvictIndex: setUnconditionally 0 -> -1
2021-10-06 13:07:58,841 [pool-135-thread-1] INFO  server.RaftServerConfigKeys (ConfUtils.java:logGet(44)) - raft.server.snapshot.auto.trigger.enabled = true (custom)
2021-10-06 13:07:58,841 [pool-135-thread-1] INFO  server.RaftServerConfigKeys (ConfUtils.java:logGet(44)) - raft.server.snapshot.auto.trigger.threshold = 10000 (custom)
2021-10-06 13:07:58,841 [pool-135-thread-1] INFO  server.RaftServerConfigKeys (ConfUtils.java:logGet(44)) - raft.server.snapshot.retention.file.num = 5 (custom)
2021-10-06 13:07:58,841 [pool-135-thread-1] INFO  server.RaftServerConfigKeys (ConfUtils.java:logGet(44)) - raft.server.log.purge.upto.snapshot.index = false (default)
2021-10-06 13:07:58,841 [pool-135-thread-1] INFO  server.RaftServerConfigKeys (ConfUtils.java:logGet(44)) - raft.server.retrycache.expirytime = 600000ms (custom)
2021-10-06 13:07:58,841 [pool-135-thread-1] INFO  server.RaftServerConfigKeys (ConfUtils.java:logGet(44)) - raft.server.retrycache.statistics.expirytime = 100μs (default)
2021-10-06 13:07:58,843 [pool-135-thread-1] INFO  server.RaftServer$Division (RaftServerImpl.java:start(296)) - 181b69ce-6322-4260-b10d-e87d22a73f8a@group-067EC886A732: start as a follower, conf=-1: [919bab14-801a-4b4b-b62b-3bd9b5db7035|rpc:10.1.0.31:37525|dataStream:|priority:0, 181b69ce-6322-4260-b10d-e87d22a73f8a|rpc:10.1.0.31:38167|dataStream:|priority:0, 5f16da84-7d95-4d7e-959b-684ab973190d|rpc:10.1.0.31:46301|dataStream:|priority:1], old=null
2021-10-06 13:07:58,843 [pool-135-thread-1] INFO  server.RaftServer$Division (RaftServerImpl.java:setRole(285)) - 181b69ce-6322-4260-b10d-e87d22a73f8a@group-067EC886A732: changes role from      null to FOLLOWER at term 0 for startAsFollower
2021-10-06 13:07:58,843 [pool-135-thread-1] INFO  impl.RoleInfo (RoleInfo.java:updateAndGet(130)) - 181b69ce-6322-4260-b10d-e87d22a73f8a: start 181b69ce-6322-4260-b10d-e87d22a73f8a@group-067EC886A732-FollowerState
2021-10-06 13:07:58,844 [pool-135-thread-1] INFO  util.JmxRegister (JmxRegister.java:tryRegister(44)) - Successfully registered JMX Bean with object name Ratis:service=RaftServer,group=group-067EC886A732,id=181b69ce-6322-4260-b10d-e87d22a73f8a
2021-10-06 13:07:58,864 [Command processor thread] INFO  commandhandler.CreatePipelineCommandHandler (CreatePipelineCommandHandler.java:handle(106)) - Created Pipeline RATIS THREE PipelineID=00aacb55-c8e9-4365-965b-067ec886a732.
2021-10-06 13:07:59,179 [Command processor thread] INFO  server.RaftServer (RaftServerProxy.java:addNew(95)) - 5f16da84-7d95-4d7e-959b-684ab973190d: addNew group-A937BE3CD76F:[5f16da84-7d95-4d7e-959b-684ab973190d|rpc:10.1.0.31:46301|priority:1] returns group-A937BE3CD76F:java.util.concurrent.CompletableFuture@1d532f1c[Not completed]
2021-10-06 13:07:59,180 [pool-116-thread-1] INFO  server.RaftServer$Division (RaftServerImpl.java:<init>(181)) - 5f16da84-7d95-4d7e-959b-684ab973190d: new RaftServerImpl for group-A937BE3CD76F:[5f16da84-7d95-4d7e-959b-684ab973190d|rpc:10.1.0.31:46301|priority:1] with ContainerStateMachine:uninitialized
2021-10-06 13:07:59,180 [pool-116-thread-1] INFO  server.RaftServerConfigKeys (ConfUtils.java:logGet(44)) - raft.server.rpc.timeout.min = 5s (custom)
2021-10-06 13:07:59,181 [pool-116-thread-1] INFO  server.RaftServerConfigKeys (ConfUtils.java:logGet(44)) - raft.server.rpc.timeout.max = 5200ms (custom)
2021-10-06 13:07:59,181 [pool-116-thread-1] INFO  server.RaftServerConfigKeys (ConfUtils.java:logGet(44)) - raft.server.rpc.sleep.time = 25ms (default)
2021-10-06 13:07:59,181 [pool-116-thread-1] INFO  server.RaftServerConfigKeys (ConfUtils.java:logGet(44)) - raft.server.rpc.slowness.timeout = 300s (custom)
2021-10-06 13:07:59,181 [pool-116-thread-1] INFO  server.RaftServerConfigKeys (ConfUtils.java:logGet(44)) - raft.server.leaderelection.leader.step-down.wait-time = 10s (default)
2021-10-06 13:07:59,181 [pool-116-thread-1] INFO  server.RaftServerConfigKeys (ConfUtils.java:logGet(44)) - raft.server.sleep.deviation.threshold = 300ms (default)
2021-10-06 13:07:59,181 [pool-116-thread-1] INFO  server.RaftServerConfigKeys (ConfUtils.java:logGet(44)) - raft.server.log.appender.install.snapshot.enabled = false (custom)
2021-10-06 13:07:59,181 [pool-116-thread-1] INFO  server.RaftServer$Division (ServerState.java:<init>(105)) - 5f16da84-7d95-4d7e-959b-684ab973190d@group-A937BE3CD76F: ConfigurationManager, init=-1: [5f16da84-7d95-4d7e-959b-684ab973190d|rpc:10.1.0.31:46301|priority:1], old=null, confs=<EMPTY_MAP>
2021-10-06 13:07:59,181 [pool-116-thread-1] INFO  server.RaftServerConfigKeys (ConfUtils.java:logGet(44)) - raft.server.storage.dir = [/home/runner/work/ozone/ozone/hadoop-ozone/integration-test/target/test-dir/MiniOzoneClusterImpl-c79ebf65-7f2a-452c-95f4-518756688277/datanode-1/data/ratis] (custom)
2021-10-06 13:07:59,182 [pool-116-thread-1] INFO  server.RaftServerConfigKeys (ConfUtils.java:logGet(44)) - raft.server.log.corruption.policy = EXCEPTION (default)
2021-10-06 13:07:59,182 [pool-116-thread-1] INFO  server.RaftServerConfigKeys (ConfUtils.java:logGet(44)) - raft.server.storage.free-space.min = 0MB (=0) (default)
2021-10-06 13:07:59,182 [pool-116-thread-1] INFO  storage.RaftStorageDirectory (RaftStorageDirectoryImpl.java:analyzeStorage(135)) - The storage directory /home/runner/work/ozone/ozone/hadoop-ozone/integration-test/target/test-dir/MiniOzoneClusterImpl-c79ebf65-7f2a-452c-95f4-518756688277/datanode-1/data/ratis/ae6dedcb-2da4-45d6-a167-a937be3cd76f does not exist. Creating ...
2021-10-06 13:07:59,183 [pool-116-thread-1] INFO  storage.RaftStorageDirectory (RaftStorageDirectoryImpl.java:tryLock(230)) - Lock on /home/runner/work/ozone/ozone/hadoop-ozone/integration-test/target/test-dir/MiniOzoneClusterImpl-c79ebf65-7f2a-452c-95f4-518756688277/datanode-1/data/ratis/ae6dedcb-2da4-45d6-a167-a937be3cd76f/in_use.lock acquired by nodename 7604@fv-az151-432
2021-10-06 13:07:59,185 [pool-116-thread-1] INFO  storage.RaftStorage (RaftStorageImpl.java:format(89)) - Storage directory /home/runner/work/ozone/ozone/hadoop-ozone/integration-test/target/test-dir/MiniOzoneClusterImpl-c79ebf65-7f2a-452c-95f4-518756688277/datanode-1/data/ratis/ae6dedcb-2da4-45d6-a167-a937be3cd76f has been successfully formatted.
2021-10-06 13:07:59,185 [Datanode State Machine Thread - 0] WARN  statemachine.StateContext (StateContext.java:execute(621)) - No available thread in pool for past 1 seconds.
2021-10-06 13:07:59,187 [pool-116-thread-1] INFO  ratis.ContainerStateMachine (ContainerStateMachine.java:loadSnapshot(224)) - group-A937BE3CD76F: The snapshot info is null. Setting the last applied indexto:(t:0, i:~)
2021-10-06 13:07:59,188 [pool-116-thread-1] INFO  server.RaftServerConfigKeys (ConfUtils.java:logGet(44)) - raft.server.notification.no-leader.timeout = 300s (custom)
2021-10-06 13:07:59,188 [pool-116-thread-1] INFO  server.RaftServerConfigKeys (ConfUtils.java:logGet(44)) - raft.server.log.use.memory = false (default)
2021-10-06 13:07:59,188 [EventQueue-PipelineReportForPipelineReportHandler] INFO  pipeline.PipelineManagerImpl (PipelineManagerImpl.java:openPipeline(282)) - Pipeline Pipeline[ Id: ae6dedcb-2da4-45d6-a167-a937be3cd76f, Nodes: 5f16da84-7d95-4d7e-959b-684ab973190d{ip: 10.1.0.31, host: fv-az151-432.yf2hydr00wburbhx3j5hxtcipe.bx.internal.cloudapp.net, ports: [REPLICATION=42515, RATIS=46301, RATIS_ADMIN=46301, RATIS_SERVER=46301, STANDALONE=39997], networkLocation: /default-rack, certSerialId: null, persistedOpState: IN_SERVICE, persistedOpStateExpiryEpochSec: 0}, ReplicationConfig: RATIS/ONE, State:ALLOCATED, leaderId:5f16da84-7d95-4d7e-959b-684ab973190d, CreationTimestamp2021-10-06T13:07:56.184Z[Etc/UTC]] moved to OPEN state
2021-10-06 13:07:59,189 [pool-116-thread-1] INFO  server.RaftServerConfigKeys (ConfUtils.java:logGet(44)) - raft.server.log.purge.gap = 1000000 (custom)
2021-10-06 13:07:59,189 [pool-116-thread-1] INFO  server.RaftServerConfigKeys (ConfUtils.java:logGet(44)) - raft.server.log.appender.buffer.byte-limit = 33554432 (custom)
2021-10-06 13:07:59,189 [EventQueue-OpenPipelineForHealthyPipelineSafeModeRule] INFO  safemode.SCMSafeModeManager (HealthyPipelineSafeModeRule.java:process(124)) - SCM in safe mode. Healthy pipelines reported count is 0, required healthy pipeline reported count is 1
2021-10-06 13:07:59,190 [pool-116-thread-1] INFO  server.RaftServerConfigKeys (ConfUtils.java:logGet(44)) - raft.server.log.segment.size.max = 1048576 (custom)
2021-10-06 13:07:59,191 [pool-116-thread-1] INFO  server.RaftServerConfigKeys (ConfUtils.java:logGet(44)) - raft.server.log.segment.cache.num.max = 2 (custom)
2021-10-06 13:07:59,191 [pool-116-thread-1] INFO  server.RaftServerConfigKeys (ConfUtils.java:logGet(44)) - raft.server.log.segment.cache.size.max = 200MB (=209715200) (default)
2021-10-06 13:07:59,191 [pool-116-thread-1] INFO  segmented.SegmentedRaftLogWorker (SegmentedRaftLogWorker.java:<init>(182)) - new 5f16da84-7d95-4d7e-959b-684ab973190d@group-A937BE3CD76F-SegmentedRaftLogWorker for RaftStorageImpl:Storage Directory /home/runner/work/ozone/ozone/hadoop-ozone/integration-test/target/test-dir/MiniOzoneClusterImpl-c79ebf65-7f2a-452c-95f4-518756688277/datanode-1/data/ratis/ae6dedcb-2da4-45d6-a167-a937be3cd76f
2021-10-06 13:07:59,191 [pool-116-thread-1] INFO  server.RaftServerConfigKeys (ConfUtils.java:logGet(44)) - raft.server.log.queue.byte-limit = 2147483647 (custom)
2021-10-06 13:07:59,192 [pool-116-thread-1] INFO  server.RaftServerConfigKeys (ConfUtils.java:logGet(44)) - raft.server.log.queue.element-limit = 1024 (custom)
2021-10-06 13:07:59,192 [pool-116-thread-1] INFO  server.RaftServerConfigKeys (ConfUtils.java:logGet(44)) - raft.server.log.segment.size.max = 1048576 (custom)
2021-10-06 13:07:59,192 [pool-116-thread-1] INFO  server.RaftServerConfigKeys (ConfUtils.java:logGet(44)) - raft.server.log.preallocated.size = 16384 (custom)
2021-10-06 13:07:59,192 [pool-116-thread-1] INFO  server.RaftServerConfigKeys (ConfUtils.java:logGet(44)) - raft.server.log.force.sync.num = 128 (default)
2021-10-06 13:07:59,192 [pool-116-thread-1] INFO  server.RaftServerConfigKeys (ConfUtils.java:logGet(44)) - raft.server.log.statemachine.data.sync = true (default)
2021-10-06 13:07:59,192 [pool-116-thread-1] INFO  server.RaftServerConfigKeys (ConfUtils.java:logGet(44)) - raft.server.log.statemachine.data.sync.timeout = 10s (default)
2021-10-06 13:07:59,192 [pool-116-thread-1] INFO  server.RaftServerConfigKeys (ConfUtils.java:logGet(44)) - raft.server.log.statemachine.data.sync.timeout.retry = -1 (default)
2021-10-06 13:07:59,193 [pool-116-thread-1] INFO  server.RaftServerConfigKeys (ConfUtils.java:logGet(44)) - raft.server.log.write.buffer.size = 1048576 (custom)
2021-10-06 13:07:59,194 [pool-116-thread-1] INFO  server.RaftServerConfigKeys (ConfUtils.java:logGet(44)) - raft.server.log.statemachine.data.caching.enabled = true (custom)
2021-10-06 13:07:59,195 [pool-116-thread-1] INFO  segmented.SegmentedRaftLogWorker (SegmentedRaftLogWorker.java:lambda$new$0(133)) - 5f16da84-7d95-4d7e-959b-684ab973190d@group-A937BE3CD76F-SegmentedRaftLogWorker: flushIndex: setUnconditionally 0 -> -1
2021-10-06 13:07:59,195 [pool-116-thread-1] INFO  segmented.SegmentedRaftLogWorker (SegmentedRaftLogWorker.java:lambda$new$0(133)) - 5f16da84-7d95-4d7e-959b-684ab973190d@group-A937BE3CD76F-SegmentedRaftLogWorker: safeCacheEvictIndex: setUnconditionally 0 -> -1
2021-10-06 13:07:59,197 [pool-116-thread-1] INFO  server.RaftServerConfigKeys (ConfUtils.java:logGet(44)) - raft.server.snapshot.auto.trigger.enabled = true (custom)
2021-10-06 13:07:59,197 [pool-116-thread-1] INFO  server.RaftServerConfigKeys (ConfUtils.java:logGet(44)) - raft.server.snapshot.auto.trigger.threshold = 10000 (custom)
2021-10-06 13:07:59,198 [pool-116-thread-1] INFO  server.RaftServerConfigKeys (ConfUtils.java:logGet(44)) - raft.server.snapshot.retention.file.num = 5 (custom)
2021-10-06 13:07:59,198 [pool-116-thread-1] INFO  server.RaftServerConfigKeys (ConfUtils.java:logGet(44)) - raft.server.log.purge.upto.snapshot.index = false (default)
2021-10-06 13:07:59,198 [pool-116-thread-1] INFO  server.RaftServerConfigKeys (ConfUtils.java:logGet(44)) - raft.server.retrycache.expirytime = 600000ms (custom)
2021-10-06 13:07:59,198 [pool-116-thread-1] INFO  server.RaftServerConfigKeys (ConfUtils.java:logGet(44)) - raft.server.retrycache.statistics.expirytime = 100μs (default)
2021-10-06 13:07:59,199 [pool-116-thread-1] INFO  server.RaftServer$Division (RaftServerImpl.java:start(296)) - 5f16da84-7d95-4d7e-959b-684ab973190d@group-A937BE3CD76F: start as a follower, conf=-1: [5f16da84-7d95-4d7e-959b-684ab973190d|rpc:10.1.0.31:46301|priority:1], old=null
2021-10-06 13:07:59,199 [pool-116-thread-1] INFO  server.RaftServer$Division (RaftServerImpl.java:setRole(285)) - 5f16da84-7d95-4d7e-959b-684ab973190d@group-A937BE3CD76F: changes role from      null to FOLLOWER at term 0 for startAsFollower
2021-10-06 13:07:59,199 [pool-116-thread-1] INFO  impl.RoleInfo (RoleInfo.java:updateAndGet(130)) - 5f16da84-7d95-4d7e-959b-684ab973190d: start 5f16da84-7d95-4d7e-959b-684ab973190d@group-A937BE3CD76F-FollowerState
2021-10-06 13:07:59,200 [pool-116-thread-1] INFO  util.JmxRegister (JmxRegister.java:tryRegister(44)) - Successfully registered JMX Bean with object name Ratis:service=RaftServer,group=group-A937BE3CD76F,id=5f16da84-7d95-4d7e-959b-684ab973190d
2021-10-06 13:07:59,200 [Command processor thread] INFO  ratis.XceiverServerRatis (XceiverServerRatis.java:addGroup(763)) - Created group PipelineID=ae6dedcb-2da4-45d6-a167-a937be3cd76f
2021-10-06 13:07:59,200 [Command processor thread] INFO  commandhandler.CreatePipelineCommandHandler (CreatePipelineCommandHandler.java:handle(106)) - Created Pipeline RATIS ONE PipelineID=ae6dedcb-2da4-45d6-a167-a937be3cd76f.
2021-10-06 13:07:59,560 [Listener at 127.0.0.1/11308] INFO  ozone.MiniOzoneClusterImpl (MiniOzoneClusterImpl.java:lambda$waitForClusterToBeReady$0(235)) - Nodes are ready. Got 3 of 3 DN Heartbeats.
2021-10-06 13:07:59,560 [Listener at 127.0.0.1/11308] INFO  ozone.MiniOzoneClusterImpl (MiniOzoneClusterImpl.java:lambda$waitForClusterToBeReady$0(238)) - Waiting for cluster to exit safe mode
2021-10-06 13:07:59,560 [Listener at 127.0.0.1/11308] INFO  ozone.MiniOzoneClusterImpl (MiniOzoneClusterImpl.java:lambda$waitForClusterToBeReady$0(240)) - SCM became leader
2021-10-06 13:07:59,562 [Command processor thread] INFO  server.RaftServer (RaftServerProxy.java:addNew(95)) - 181b69ce-6322-4260-b10d-e87d22a73f8a: addNew group-04B3A21D7D80:[181b69ce-6322-4260-b10d-e87d22a73f8a|rpc:10.1.0.31:38167|priority:1] returns group-04B3A21D7D80:java.util.concurrent.CompletableFuture@8f8d6a6[Not completed]
2021-10-06 13:07:59,563 [pool-135-thread-1] INFO  server.RaftServer$Division (RaftServerImpl.java:<init>(181)) - 181b69ce-6322-4260-b10d-e87d22a73f8a: new RaftServerImpl for group-04B3A21D7D80:[181b69ce-6322-4260-b10d-e87d22a73f8a|rpc:10.1.0.31:38167|priority:1] with ContainerStateMachine:uninitialized
2021-10-06 13:07:59,564 [pool-135-thread-1] INFO  server.RaftServerConfigKeys (ConfUtils.java:logGet(44)) - raft.server.rpc.timeout.min = 5s (custom)
2021-10-06 13:07:59,564 [pool-135-thread-1] INFO  server.RaftServerConfigKeys (ConfUtils.java:logGet(44)) - raft.server.rpc.timeout.max = 5200ms (custom)
2021-10-06 13:07:59,564 [pool-135-thread-1] INFO  server.RaftServerConfigKeys (ConfUtils.java:logGet(44)) - raft.server.rpc.sleep.time = 25ms (default)
2021-10-06 13:07:59,564 [pool-135-thread-1] INFO  server.RaftServerConfigKeys (ConfUtils.java:logGet(44)) - raft.server.rpc.slowness.timeout = 300s (custom)
2021-10-06 13:07:59,564 [pool-135-thread-1] INFO  server.RaftServerConfigKeys (ConfUtils.java:logGet(44)) - raft.server.leaderelection.leader.step-down.wait-time = 10s (default)
2021-10-06 13:07:59,564 [pool-135-thread-1] INFO  server.RaftServerConfigKeys (ConfUtils.java:logGet(44)) - raft.server.sleep.deviation.threshold = 300ms (default)
2021-10-06 13:07:59,564 [pool-135-thread-1] INFO  server.RaftServerConfigKeys (ConfUtils.java:logGet(44)) - raft.server.log.appender.install.snapshot.enabled = false (custom)
2021-10-06 13:07:59,564 [pool-135-thread-1] INFO  server.RaftServer$Division (ServerState.java:<init>(105)) - 181b69ce-6322-4260-b10d-e87d22a73f8a@group-04B3A21D7D80: ConfigurationManager, init=-1: [181b69ce-6322-4260-b10d-e87d22a73f8a|rpc:10.1.0.31:38167|priority:1], old=null, confs=<EMPTY_MAP>
2021-10-06 13:07:59,564 [pool-135-thread-1] INFO  server.RaftServerConfigKeys (ConfUtils.java:logGet(44)) - raft.server.storage.dir = [/home/runner/work/ozone/ozone/hadoop-ozone/integration-test/target/test-dir/MiniOzoneClusterImpl-c79ebf65-7f2a-452c-95f4-518756688277/datanode-2/data/ratis] (custom)
2021-10-06 13:07:59,565 [pool-135-thread-1] INFO  server.RaftServerConfigKeys (ConfUtils.java:logGet(44)) - raft.server.log.corruption.policy = EXCEPTION (default)
2021-10-06 13:07:59,565 [pool-135-thread-1] INFO  server.RaftServerConfigKeys (ConfUtils.java:logGet(44)) - raft.server.storage.free-space.min = 0MB (=0) (default)
2021-10-06 13:07:59,565 [pool-135-thread-1] INFO  storage.RaftStorageDirectory (RaftStorageDirectoryImpl.java:analyzeStorage(135)) - The storage directory /home/runner/work/ozone/ozone/hadoop-ozone/integration-test/target/test-dir/MiniOzoneClusterImpl-c79ebf65-7f2a-452c-95f4-518756688277/datanode-2/data/ratis/8e1be58c-f15d-41d5-a078-04b3a21d7d80 does not exist. Creating ...
2021-10-06 13:07:59,568 [pool-135-thread-1] INFO  storage.RaftStorageDirectory (RaftStorageDirectoryImpl.java:tryLock(230)) - Lock on /home/runner/work/ozone/ozone/hadoop-ozone/integration-test/target/test-dir/MiniOzoneClusterImpl-c79ebf65-7f2a-452c-95f4-518756688277/datanode-2/data/ratis/8e1be58c-f15d-41d5-a078-04b3a21d7d80/in_use.lock acquired by nodename 7604@fv-az151-432
2021-10-06 13:07:59,570 [pool-135-thread-1] INFO  storage.RaftStorage (RaftStorageImpl.java:format(89)) - Storage directory /home/runner/work/ozone/ozone/hadoop-ozone/integration-test/target/test-dir/MiniOzoneClusterImpl-c79ebf65-7f2a-452c-95f4-518756688277/datanode-2/data/ratis/8e1be58c-f15d-41d5-a078-04b3a21d7d80 has been successfully formatted.
2021-10-06 13:07:59,570 [pool-135-thread-1] INFO  ratis.ContainerStateMachine (ContainerStateMachine.java:loadSnapshot(224)) - group-04B3A21D7D80: The snapshot info is null. Setting the last applied indexto:(t:0, i:~)
2021-10-06 13:07:59,571 [pool-135-thread-1] INFO  server.RaftServerConfigKeys (ConfUtils.java:logGet(44)) - raft.server.notification.no-leader.timeout = 300s (custom)
2021-10-06 13:07:59,571 [pool-135-thread-1] INFO  server.RaftServerConfigKeys (ConfUtils.java:logGet(44)) - raft.server.log.use.memory = false (default)
2021-10-06 13:07:59,571 [pool-135-thread-1] INFO  server.RaftServerConfigKeys (ConfUtils.java:logGet(44)) - raft.server.log.purge.gap = 1000000 (custom)
2021-10-06 13:07:59,571 [pool-135-thread-1] INFO  server.RaftServerConfigKeys (ConfUtils.java:logGet(44)) - raft.server.log.appender.buffer.byte-limit = 33554432 (custom)
2021-10-06 13:07:59,572 [pool-135-thread-1] INFO  server.RaftServerConfigKeys (ConfUtils.java:logGet(44)) - raft.server.log.segment.size.max = 1048576 (custom)
2021-10-06 13:07:59,573 [EventQueue-PipelineReportForPipelineReportHandler] INFO  pipeline.PipelineManagerImpl (PipelineManagerImpl.java:openPipeline(282)) - Pipeline Pipeline[ Id: 8e1be58c-f15d-41d5-a078-04b3a21d7d80, Nodes: 181b69ce-6322-4260-b10d-e87d22a73f8a{ip: 10.1.0.31, host: fv-az151-432.yf2hydr00wburbhx3j5hxtcipe.bx.internal.cloudapp.net, ports: [REPLICATION=41069, RATIS=38167, RATIS_ADMIN=38167, RATIS_SERVER=38167, STANDALONE=41387], networkLocation: /default-rack, certSerialId: null, persistedOpState: IN_SERVICE, persistedOpStateExpiryEpochSec: 0}, ReplicationConfig: RATIS/ONE, State:ALLOCATED, leaderId:181b69ce-6322-4260-b10d-e87d22a73f8a, CreationTimestamp2021-10-06T13:07:56.565Z[Etc/UTC]] moved to OPEN state
2021-10-06 13:07:59,574 [pool-135-thread-1] INFO  server.RaftServerConfigKeys (ConfUtils.java:logGet(44)) - raft.server.log.segment.cache.num.max = 2 (custom)
2021-10-06 13:07:59,574 [pool-135-thread-1] INFO  server.RaftServerConfigKeys (ConfUtils.java:logGet(44)) - raft.server.log.segment.cache.size.max = 200MB (=209715200) (default)
2021-10-06 13:07:59,574 [pool-135-thread-1] INFO  segmented.SegmentedRaftLogWorker (SegmentedRaftLogWorker.java:<init>(182)) - new 181b69ce-6322-4260-b10d-e87d22a73f8a@group-04B3A21D7D80-SegmentedRaftLogWorker for RaftStorageImpl:Storage Directory /home/runner/work/ozone/ozone/hadoop-ozone/integration-test/target/test-dir/MiniOzoneClusterImpl-c79ebf65-7f2a-452c-95f4-518756688277/datanode-2/data/ratis/8e1be58c-f15d-41d5-a078-04b3a21d7d80
2021-10-06 13:07:59,574 [pool-135-thread-1] INFO  server.RaftServerConfigKeys (ConfUtils.java:logGet(44)) - raft.server.log.queue.byte-limit = 2147483647 (custom)
2021-10-06 13:07:59,574 [pool-135-thread-1] INFO  server.RaftServerConfigKeys (ConfUtils.java:logGet(44)) - raft.server.log.queue.element-limit = 1024 (custom)
2021-10-06 13:07:59,574 [pool-135-thread-1] INFO  server.RaftServerConfigKeys (ConfUtils.java:logGet(44)) - raft.server.log.segment.size.max = 1048576 (custom)
2021-10-06 13:07:59,574 [pool-135-thread-1] INFO  server.RaftServerConfigKeys (ConfUtils.java:logGet(44)) - raft.server.log.preallocated.size = 16384 (custom)
2021-10-06 13:07:59,574 [pool-135-thread-1] INFO  server.RaftServerConfigKeys (ConfUtils.java:logGet(44)) - raft.server.log.force.sync.num = 128 (default)
2021-10-06 13:07:59,574 [pool-135-thread-1] INFO  server.RaftServerConfigKeys (ConfUtils.java:logGet(44)) - raft.server.log.statemachine.data.sync = true (default)
2021-10-06 13:07:59,574 [pool-135-thread-1] INFO  server.RaftServerConfigKeys (ConfUtils.java:logGet(44)) - raft.server.log.statemachine.data.sync.timeout = 10s (default)
2021-10-06 13:07:59,574 [EventQueue-OpenPipelineForHealthyPipelineSafeModeRule] INFO  safemode.SCMSafeModeManager (HealthyPipelineSafeModeRule.java:process(124)) - SCM in safe mode. Healthy pipelines reported count is 0, required healthy pipeline reported count is 1
2021-10-06 13:07:59,574 [pool-135-thread-1] INFO  server.RaftServerConfigKeys (ConfUtils.java:logGet(44)) - raft.server.log.statemachine.data.sync.timeout.retry = -1 (default)
2021-10-06 13:07:59,577 [pool-135-thread-1] INFO  server.RaftServerConfigKeys (ConfUtils.java:logGet(44)) - raft.server.log.write.buffer.size = 1048576 (custom)
2021-10-06 13:07:59,581 [pool-135-thread-1] INFO  server.RaftServerConfigKeys (ConfUtils.java:logGet(44)) - raft.server.log.statemachine.data.caching.enabled = true (custom)
2021-10-06 13:07:59,581 [pool-135-thread-1] INFO  segmented.SegmentedRaftLogWorker (SegmentedRaftLogWorker.java:lambda$new$0(133)) - 181b69ce-6322-4260-b10d-e87d22a73f8a@group-04B3A21D7D80-SegmentedRaftLogWorker: flushIndex: setUnconditionally 0 -> -1
2021-10-06 13:07:59,581 [pool-135-thread-1] INFO  segmented.SegmentedRaftLogWorker (SegmentedRaftLogWorker.java:lambda$new$0(133)) - 181b69ce-6322-4260-b10d-e87d22a73f8a@group-04B3A21D7D80-SegmentedRaftLogWorker: safeCacheEvictIndex: setUnconditionally 0 -> -1
2021-10-06 13:07:59,581 [pool-135-thread-1] INFO  server.RaftServerConfigKeys (ConfUtils.java:logGet(44)) - raft.server.snapshot.auto.trigger.enabled = true (custom)
2021-10-06 13:07:59,581 [pool-135-thread-1] INFO  server.RaftServerConfigKeys (ConfUtils.java:logGet(44)) - raft.server.snapshot.auto.trigger.threshold = 10000 (custom)
2021-10-06 13:07:59,582 [pool-135-thread-1] INFO  server.RaftServerConfigKeys (ConfUtils.java:logGet(44)) - raft.server.snapshot.retention.file.num = 5 (custom)
2021-10-06 13:07:59,582 [pool-135-thread-1] INFO  server.RaftServerConfigKeys (ConfUtils.java:logGet(44)) - raft.server.log.purge.upto.snapshot.index = false (default)
2021-10-06 13:07:59,582 [pool-135-thread-1] INFO  server.RaftServerConfigKeys (ConfUtils.java:logGet(44)) - raft.server.retrycache.expirytime = 600000ms (custom)
2021-10-06 13:07:59,582 [pool-135-thread-1] INFO  server.RaftServerConfigKeys (ConfUtils.java:logGet(44)) - raft.server.retrycache.statistics.expirytime = 100μs (default)
2021-10-06 13:07:59,583 [pool-135-thread-1] INFO  server.RaftServer$Division (RaftServerImpl.java:start(296)) - 181b69ce-6322-4260-b10d-e87d22a73f8a@group-04B3A21D7D80: start as a follower, conf=-1: [181b69ce-6322-4260-b10d-e87d22a73f8a|rpc:10.1.0.31:38167|priority:1], old=null
2021-10-06 13:07:59,583 [pool-135-thread-1] INFO  server.RaftServer$Division (RaftServerImpl.java:setRole(285)) - 181b69ce-6322-4260-b10d-e87d22a73f8a@group-04B3A21D7D80: changes role from      null to FOLLOWER at term 0 for startAsFollower
2021-10-06 13:07:59,584 [pool-135-thread-1] INFO  impl.RoleInfo (RoleInfo.java:updateAndGet(130)) - 181b69ce-6322-4260-b10d-e87d22a73f8a: start 181b69ce-6322-4260-b10d-e87d22a73f8a@group-04B3A21D7D80-FollowerState
2021-10-06 13:07:59,584 [pool-135-thread-1] INFO  util.JmxRegister (JmxRegister.java:tryRegister(44)) - Successfully registered JMX Bean with object name Ratis:service=RaftServer,group=group-04B3A21D7D80,id=181b69ce-6322-4260-b10d-e87d22a73f8a
2021-10-06 13:07:59,587 [Command processor thread] INFO  ratis.XceiverServerRatis (XceiverServerRatis.java:addGroup(763)) - Created group PipelineID=8e1be58c-f15d-41d5-a078-04b3a21d7d80
2021-10-06 13:07:59,587 [Command processor thread] INFO  commandhandler.CreatePipelineCommandHandler (CreatePipelineCommandHandler.java:handle(106)) - Created Pipeline RATIS ONE PipelineID=8e1be58c-f15d-41d5-a078-04b3a21d7d80.
2021-10-06 13:08:00,561 [Listener at 127.0.0.1/11308] INFO  ozone.MiniOzoneClusterImpl (MiniOzoneClusterImpl.java:lambda$waitForClusterToBeReady$0(235)) - Nodes are ready. Got 3 of 3 DN Heartbeats.
2021-10-06 13:08:00,561 [Listener at 127.0.0.1/11308] INFO  ozone.MiniOzoneClusterImpl (MiniOzoneClusterImpl.java:lambda$waitForClusterToBeReady$0(238)) - Waiting for cluster to exit safe mode
2021-10-06 13:08:00,561 [Listener at 127.0.0.1/11308] INFO  ozone.MiniOzoneClusterImpl (MiniOzoneClusterImpl.java:lambda$waitForClusterToBeReady$0(240)) - SCM became leader
2021-10-06 13:08:01,562 [Listener at 127.0.0.1/11308] INFO  ozone.MiniOzoneClusterImpl (MiniOzoneClusterImpl.java:lambda$waitForClusterToBeReady$0(235)) - Nodes are ready. Got 3 of 3 DN Heartbeats.
2021-10-06 13:08:01,562 [Listener at 127.0.0.1/11308] INFO  ozone.MiniOzoneClusterImpl (MiniOzoneClusterImpl.java:lambda$waitForClusterToBeReady$0(238)) - Waiting for cluster to exit safe mode
2021-10-06 13:08:01,562 [Listener at 127.0.0.1/11308] INFO  ozone.MiniOzoneClusterImpl (MiniOzoneClusterImpl.java:lambda$waitForClusterToBeReady$0(240)) - SCM became leader
2021-10-06 13:08:02,562 [Listener at 127.0.0.1/11308] INFO  ozone.MiniOzoneClusterImpl (MiniOzoneClusterImpl.java:lambda$waitForClusterToBeReady$0(235)) - Nodes are ready. Got 3 of 3 DN Heartbeats.
2021-10-06 13:08:02,563 [Listener at 127.0.0.1/11308] INFO  ozone.MiniOzoneClusterImpl (MiniOzoneClusterImpl.java:lambda$waitForClusterToBeReady$0(238)) - Waiting for cluster to exit safe mode
2021-10-06 13:08:02,563 [Listener at 127.0.0.1/11308] INFO  ozone.MiniOzoneClusterImpl (MiniOzoneClusterImpl.java:lambda$waitForClusterToBeReady$0(240)) - SCM became leader
2021-10-06 13:08:03,563 [Listener at 127.0.0.1/11308] INFO  ozone.MiniOzoneClusterImpl (MiniOzoneClusterImpl.java:lambda$waitForClusterToBeReady$0(235)) - Nodes are ready. Got 3 of 3 DN Heartbeats.
2021-10-06 13:08:03,563 [Listener at 127.0.0.1/11308] INFO  ozone.MiniOzoneClusterImpl (MiniOzoneClusterImpl.java:lambda$waitForClusterToBeReady$0(238)) - Waiting for cluster to exit safe mode
2021-10-06 13:08:03,563 [Listener at 127.0.0.1/11308] INFO  ozone.MiniOzoneClusterImpl (MiniOzoneClusterImpl.java:lambda$waitForClusterToBeReady$0(240)) - SCM became leader
2021-10-06 13:08:03,613 [919bab14-801a-4b4b-b62b-3bd9b5db7035@group-0A48F5335C79-FollowerState] INFO  impl.FollowerState (FollowerState.java:run(134)) - 919bab14-801a-4b4b-b62b-3bd9b5db7035@group-0A48F5335C79-FollowerState: change to CANDIDATE, lastRpcElapsedTime:5069471538ns, electionTimeout:5062ms
2021-10-06 13:08:03,613 [919bab14-801a-4b4b-b62b-3bd9b5db7035@group-0A48F5335C79-FollowerState] INFO  impl.RoleInfo (RoleInfo.java:shutdownFollowerState(108)) - 919bab14-801a-4b4b-b62b-3bd9b5db7035: shutdown 919bab14-801a-4b4b-b62b-3bd9b5db7035@group-0A48F5335C79-FollowerState
2021-10-06 13:08:03,613 [919bab14-801a-4b4b-b62b-3bd9b5db7035@group-0A48F5335C79-FollowerState] INFO  server.RaftServer$Division (RaftServerImpl.java:setRole(285)) - 919bab14-801a-4b4b-b62b-3bd9b5db7035@group-0A48F5335C79: changes role from  FOLLOWER to CANDIDATE at term 0 for changeToCandidate
2021-10-06 13:08:03,613 [919bab14-801a-4b4b-b62b-3bd9b5db7035@group-0A48F5335C79-FollowerState] INFO  server.RaftServerConfigKeys (ConfUtils.java:logGet(44)) - raft.server.leaderelection.pre-vote = false (custom)
2021-10-06 13:08:03,613 [919bab14-801a-4b4b-b62b-3bd9b5db7035@group-0A48F5335C79-FollowerState] INFO  impl.RoleInfo (RoleInfo.java:updateAndGet(130)) - 919bab14-801a-4b4b-b62b-3bd9b5db7035: start 919bab14-801a-4b4b-b62b-3bd9b5db7035@group-0A48F5335C79-LeaderElection4
2021-10-06 13:08:03,621 [919bab14-801a-4b4b-b62b-3bd9b5db7035@group-0A48F5335C79-LeaderElection4] INFO  impl.LeaderElection (LeaderElection.java:askForVotes(306)) - 919bab14-801a-4b4b-b62b-3bd9b5db7035@group-0A48F5335C79-LeaderElection4 ELECTION round 0: submit vote requests at term 1 for -1: [919bab14-801a-4b4b-b62b-3bd9b5db7035|rpc:10.1.0.31:37525|priority:1], old=null
2021-10-06 13:08:03,621 [919bab14-801a-4b4b-b62b-3bd9b5db7035@group-0A48F5335C79-LeaderElection4] INFO  impl.LeaderElection (LeaderElection.java:askForVotes(308)) - 919bab14-801a-4b4b-b62b-3bd9b5db7035@group-0A48F5335C79-LeaderElection4 ELECTION round 0: result PASSED (term=1)
2021-10-06 13:08:03,621 [919bab14-801a-4b4b-b62b-3bd9b5db7035@group-0A48F5335C79-LeaderElection4] INFO  impl.RoleInfo (RoleInfo.java:shutdownLeaderElection(121)) - 919bab14-801a-4b4b-b62b-3bd9b5db7035: shutdown 919bab14-801a-4b4b-b62b-3bd9b5db7035@group-0A48F5335C79-LeaderElection4
2021-10-06 13:08:03,622 [919bab14-801a-4b4b-b62b-3bd9b5db7035@group-0A48F5335C79-LeaderElection4] INFO  server.RaftServer$Division (RaftServerImpl.java:setRole(285)) - 919bab14-801a-4b4b-b62b-3bd9b5db7035@group-0A48F5335C79: changes role from CANDIDATE to LEADER at term 1 for changeToLeader
2021-10-06 13:08:03,622 [919bab14-801a-4b4b-b62b-3bd9b5db7035@group-0A48F5335C79-LeaderElection4] INFO  ratis.XceiverServerRatis (XceiverServerRatis.java:handleLeaderChangedNotification(861)) - Leader change notification received for group: group-0A48F5335C79 with new leaderId: 919bab14-801a-4b4b-b62b-3bd9b5db7035
2021-10-06 13:08:03,622 [919bab14-801a-4b4b-b62b-3bd9b5db7035@group-0A48F5335C79-LeaderElection4] INFO  server.RaftServer$Division (ServerState.java:setLeader(285)) - 919bab14-801a-4b4b-b62b-3bd9b5db7035@group-0A48F5335C79: change Leader from null to 919bab14-801a-4b4b-b62b-3bd9b5db7035 at term 1 for becomeLeader, leader elected after 5099ms
2021-10-06 13:08:03,622 [919bab14-801a-4b4b-b62b-3bd9b5db7035@group-0A48F5335C79-LeaderElection4] INFO  server.RaftServerConfigKeys (ConfUtils.java:logGet(44)) - raft.server.staging.catchup.gap = 1000 (default)
2021-10-06 13:08:03,622 [919bab14-801a-4b4b-b62b-3bd9b5db7035@group-0A48F5335C79-LeaderElection4] INFO  server.RaftServerConfigKeys (ConfUtils.java:logGet(44)) - raft.server.write.element-limit = 1024 (custom)
2021-10-06 13:08:03,623 [919bab14-801a-4b4b-b62b-3bd9b5db7035@group-0A48F5335C79-LeaderElection4] INFO  server.RaftServerConfigKeys (ConfUtils.java:logGet(44)) - raft.server.write.byte-limit = 1024 M (=1073741824) (custom)
2021-10-06 13:08:03,623 [919bab14-801a-4b4b-b62b-3bd9b5db7035@group-0A48F5335C79-LeaderElection4] INFO  server.RaftServerConfigKeys (ConfUtils.java:logGet(44)) - raft.server.watch.timeout = 180s (custom)
2021-10-06 13:08:03,623 [919bab14-801a-4b4b-b62b-3bd9b5db7035@group-0A48F5335C79-LeaderElection4] INFO  server.RaftServerConfigKeys (ConfUtils.java:logGet(44)) - raft.server.watch.timeout.denomination = 1s (default)
2021-10-06 13:08:03,623 [919bab14-801a-4b4b-b62b-3bd9b5db7035@group-0A48F5335C79-LeaderElection4] INFO  server.RaftServerConfigKeys (ConfUtils.java:logGet(44)) - raft.server.watch.element-limit = 65536 (default)
2021-10-06 13:08:03,623 [919bab14-801a-4b4b-b62b-3bd9b5db7035@group-0A48F5335C79-LeaderElection4] INFO  impl.RoleInfo (RoleInfo.java:updateAndGet(130)) - 919bab14-801a-4b4b-b62b-3bd9b5db7035: start 919bab14-801a-4b4b-b62b-3bd9b5db7035@group-0A48F5335C79-LeaderStateImpl
2021-10-06 13:08:03,624 [EventQueue-OpenPipelineForHealthyPipelineSafeModeRule] INFO  safemode.SCMSafeModeManager (HealthyPipelineSafeModeRule.java:process(124)) - SCM in safe mode. Healthy pipelines reported count is 0, required healthy pipeline reported count is 1
2021-10-06 13:08:03,624 [919bab14-801a-4b4b-b62b-3bd9b5db7035@group-0A48F5335C79-LeaderElection4] INFO  segmented.SegmentedRaftLogWorker (SegmentedRaftLogWorker.java:startLogSegment(394)) - 919bab14-801a-4b4b-b62b-3bd9b5db7035@group-0A48F5335C79-SegmentedRaftLogWorker: Starting segment from index:0
2021-10-06 13:08:03,631 [919bab14-801a-4b4b-b62b-3bd9b5db7035@group-0A48F5335C79-SegmentedRaftLogWorker] INFO  segmented.SegmentedRaftLogWorker (SegmentedRaftLogWorker.java:execute(601)) - 919bab14-801a-4b4b-b62b-3bd9b5db7035@group-0A48F5335C79-SegmentedRaftLogWorker: created new log segment /home/runner/work/ozone/ozone/hadoop-ozone/integration-test/target/test-dir/MiniOzoneClusterImpl-c79ebf65-7f2a-452c-95f4-518756688277/datanode-0/data/ratis/a9617c2f-b13e-46c9-898d-0a48f5335c79/current/log_inprogress_0
2021-10-06 13:08:03,631 [919bab14-801a-4b4b-b62b-3bd9b5db7035@group-0A48F5335C79-LeaderElection4] INFO  server.RaftServer$Division (ServerState.java:setRaftConf(387)) - 919bab14-801a-4b4b-b62b-3bd9b5db7035@group-0A48F5335C79: set configuration 0: [919bab14-801a-4b4b-b62b-3bd9b5db7035|rpc:10.1.0.31:37525|dataStream:|priority:1], old=null
2021-10-06 13:08:03,711 [919bab14-801a-4b4b-b62b-3bd9b5db7035@group-D66A89DF74CA-FollowerState] INFO  impl.FollowerState (FollowerState.java:run(134)) - 919bab14-801a-4b4b-b62b-3bd9b5db7035@group-D66A89DF74CA-FollowerState: change to CANDIDATE, lastRpcElapsedTime:5125180113ns, electionTimeout:5124ms
2021-10-06 13:08:03,711 [919bab14-801a-4b4b-b62b-3bd9b5db7035@group-D66A89DF74CA-FollowerState] INFO  impl.RoleInfo (RoleInfo.java:shutdownFollowerState(108)) - 919bab14-801a-4b4b-b62b-3bd9b5db7035: shutdown 919bab14-801a-4b4b-b62b-3bd9b5db7035@group-D66A89DF74CA-FollowerState
2021-10-06 13:08:03,712 [919bab14-801a-4b4b-b62b-3bd9b5db7035@group-D66A89DF74CA-FollowerState] INFO  server.RaftServer$Division (RaftServerImpl.java:setRole(285)) - 919bab14-801a-4b4b-b62b-3bd9b5db7035@group-D66A89DF74CA: changes role from  FOLLOWER to CANDIDATE at term 0 for changeToCandidate
2021-10-06 13:08:03,712 [919bab14-801a-4b4b-b62b-3bd9b5db7035@group-D66A89DF74CA-FollowerState] INFO  server.RaftServerConfigKeys (ConfUtils.java:logGet(44)) - raft.server.leaderelection.pre-vote = false (custom)
2021-10-06 13:08:03,712 [919bab14-801a-4b4b-b62b-3bd9b5db7035@group-D66A89DF74CA-FollowerState] INFO  impl.RoleInfo (RoleInfo.java:updateAndGet(130)) - 919bab14-801a-4b4b-b62b-3bd9b5db7035: start 919bab14-801a-4b4b-b62b-3bd9b5db7035@group-D66A89DF74CA-LeaderElection5
2021-10-06 13:08:03,717 [919bab14-801a-4b4b-b62b-3bd9b5db7035@group-D66A89DF74CA-LeaderElection5] INFO  impl.LeaderElection (LeaderElection.java:askForVotes(306)) - 919bab14-801a-4b4b-b62b-3bd9b5db7035@group-D66A89DF74CA-LeaderElection5 ELECTION round 0: submit vote requests at term 1 for -1: [919bab14-801a-4b4b-b62b-3bd9b5db7035|rpc:10.1.0.31:37525|priority:1, 181b69ce-6322-4260-b10d-e87d22a73f8a|rpc:10.1.0.31:38167|priority:0, 5f16da84-7d95-4d7e-959b-684ab973190d|rpc:10.1.0.31:46301|priority:0], old=null
2021-10-06 13:08:03,739 [grpc-default-executor-5] INFO  server.RaftServer$Division (RaftServerImpl.java:requestVote(1043)) - 5f16da84-7d95-4d7e-959b-684ab973190d@group-D66A89DF74CA: receive requestVote(ELECTION, 919bab14-801a-4b4b-b62b-3bd9b5db7035, group-D66A89DF74CA, 1, (t:0, i:0))
2021-10-06 13:08:03,740 [grpc-default-executor-5] INFO  impl.VoteContext (VoteContext.java:log(48)) - 5f16da84-7d95-4d7e-959b-684ab973190d@group-D66A89DF74CA-FOLLOWER: accept ELECTION from 919bab14-801a-4b4b-b62b-3bd9b5db7035: our priority 0 <= candidate's priority 1
2021-10-06 13:08:03,740 [grpc-default-executor-5] INFO  server.RaftServer$Division (RaftServerImpl.java:setRole(285)) - 5f16da84-7d95-4d7e-959b-684ab973190d@group-D66A89DF74CA: changes role from  FOLLOWER to FOLLOWER at term 1 for candidate:919bab14-801a-4b4b-b62b-3bd9b5db7035
2021-10-06 13:08:03,740 [grpc-default-executor-5] INFO  impl.RoleInfo (RoleInfo.java:shutdownFollowerState(108)) - 5f16da84-7d95-4d7e-959b-684ab973190d: shutdown 5f16da84-7d95-4d7e-959b-684ab973190d@group-D66A89DF74CA-FollowerState
2021-10-06 13:08:03,740 [grpc-default-executor-5] INFO  impl.RoleInfo (RoleInfo.java:updateAndGet(130)) - 5f16da84-7d95-4d7e-959b-684ab973190d: start 5f16da84-7d95-4d7e-959b-684ab973190d@group-D66A89DF74CA-FollowerState
2021-10-06 13:08:03,740 [5f16da84-7d95-4d7e-959b-684ab973190d@group-D66A89DF74CA-FollowerState] INFO  impl.FollowerState (FollowerState.java:run(143)) - 5f16da84-7d95-4d7e-959b-684ab973190d@group-D66A89DF74CA-FollowerState was interrupted: {}
java.lang.InterruptedException: sleep interrupted
	at java.lang.Thread.sleep(Native Method)
	at java.lang.Thread.sleep(Thread.java:340)
	at java.util.concurrent.TimeUnit.sleep(TimeUnit.java:386)
	at org.apache.ratis.util.TimeDuration.sleep(TimeDuration.java:324)
	at org.apache.ratis.util.TimeDuration.sleep(TimeDuration.java:309)
	at org.apache.ratis.server.impl.FollowerState.run(FollowerState.java:118)
2021-10-06 13:08:03,747 [grpc-default-executor-5] INFO  server.RaftServer$Division (RaftServerImpl.java:requestVote(1075)) - 5f16da84-7d95-4d7e-959b-684ab973190d@group-D66A89DF74CA replies to ELECTION vote request: 919bab14-801a-4b4b-b62b-3bd9b5db7035<-5f16da84-7d95-4d7e-959b-684ab973190d#0:OK-t1. Peer's state: 5f16da84-7d95-4d7e-959b-684ab973190d@group-D66A89DF74CA:t1, leader=null, voted=919bab14-801a-4b4b-b62b-3bd9b5db7035, raftlog=5f16da84-7d95-4d7e-959b-684ab973190d@group-D66A89DF74CA-SegmentedRaftLog:OPENED:c-1,f-1,i0, conf=-1: [919bab14-801a-4b4b-b62b-3bd9b5db7035|rpc:10.1.0.31:37525|dataStream:|priority:1, 181b69ce-6322-4260-b10d-e87d22a73f8a|rpc:10.1.0.31:38167|dataStream:|priority:0, 5f16da84-7d95-4d7e-959b-684ab973190d|rpc:10.1.0.31:46301|dataStream:|priority:0], old=null
2021-10-06 13:08:03,750 [919bab14-801a-4b4b-b62b-3bd9b5db7035@group-D66A89DF74CA-LeaderElection5] INFO  impl.LeaderElection (LeaderElection.java:logAndReturn(89)) - 919bab14-801a-4b4b-b62b-3bd9b5db7035@group-D66A89DF74CA-LeaderElection5: ELECTION PASSED received 1 response(s) and 0 exception(s):
2021-10-06 13:08:03,750 [919bab14-801a-4b4b-b62b-3bd9b5db7035@group-D66A89DF74CA-LeaderElection5] INFO  impl.LeaderElection (LeaderElection.java:logAndReturn(93)) -   Response 0: 919bab14-801a-4b4b-b62b-3bd9b5db7035<-5f16da84-7d95-4d7e-959b-684ab973190d#0:OK-t1
2021-10-06 13:08:03,750 [grpc-default-executor-1] INFO  server.RaftServer$Division (RaftServerImpl.java:requestVote(1043)) - 181b69ce-6322-4260-b10d-e87d22a73f8a@group-D66A89DF74CA: receive requestVote(ELECTION, 919bab14-801a-4b4b-b62b-3bd9b5db7035, group-D66A89DF74CA, 1, (t:0, i:0))
2021-10-06 13:08:03,750 [919bab14-801a-4b4b-b62b-3bd9b5db7035@group-D66A89DF74CA-LeaderElection5] INFO  impl.LeaderElection (LeaderElection.java:askForVotes(308)) - 919bab14-801a-4b4b-b62b-3bd9b5db7035@group-D66A89DF74CA-LeaderElection5 ELECTION round 0: result PASSED
2021-10-06 13:08:03,751 [919bab14-801a-4b4b-b62b-3bd9b5db7035@group-D66A89DF74CA-LeaderElection5] INFO  impl.RoleInfo (RoleInfo.java:shutdownLeaderElection(121)) - 919bab14-801a-4b4b-b62b-3bd9b5db7035: shutdown 919bab14-801a-4b4b-b62b-3bd9b5db7035@group-D66A89DF74CA-LeaderElection5
2021-10-06 13:08:03,751 [grpc-default-executor-1] INFO  impl.VoteContext (VoteContext.java:log(48)) - 181b69ce-6322-4260-b10d-e87d22a73f8a@group-D66A89DF74CA-FOLLOWER: accept ELECTION from 919bab14-801a-4b4b-b62b-3bd9b5db7035: our priority 0 <= candidate's priority 1
2021-10-06 13:08:03,751 [919bab14-801a-4b4b-b62b-3bd9b5db7035@group-D66A89DF74CA-LeaderElection5] INFO  server.RaftServer$Division (RaftServerImpl.java:setRole(285)) - 919bab14-801a-4b4b-b62b-3bd9b5db7035@group-D66A89DF74CA: changes role from CANDIDATE to LEADER at term 1 for changeToLeader
2021-10-06 13:08:03,751 [919bab14-801a-4b4b-b62b-3bd9b5db7035@group-D66A89DF74CA-LeaderElection5] INFO  ratis.XceiverServerRatis (XceiverServerRatis.java:handleLeaderChangedNotification(861)) - Leader change notification received for group: group-D66A89DF74CA with new leaderId: 919bab14-801a-4b4b-b62b-3bd9b5db7035
2021-10-06 13:08:03,751 [grpc-default-executor-1] INFO  server.RaftServer$Division (RaftServerImpl.java:setRole(285)) - 181b69ce-6322-4260-b10d-e87d22a73f8a@group-D66A89DF74CA: changes role from  FOLLOWER to FOLLOWER at term 1 for candidate:919bab14-801a-4b4b-b62b-3bd9b5db7035
2021-10-06 13:08:03,752 [grpc-default-executor-1] INFO  impl.RoleInfo (RoleInfo.java:shutdownFollowerState(108)) - 181b69ce-6322-4260-b10d-e87d22a73f8a: shutdown 181b69ce-6322-4260-b10d-e87d22a73f8a@group-D66A89DF74CA-FollowerState
2021-10-06 13:08:03,752 [919bab14-801a-4b4b-b62b-3bd9b5db7035@group-D66A89DF74CA-LeaderElection5] INFO  server.RaftServer$Division (ServerState.java:setLeader(285)) - 919bab14-801a-4b4b-b62b-3bd9b5db7035@group-D66A89DF74CA: change Leader from null to 919bab14-801a-4b4b-b62b-3bd9b5db7035 at term 1 for becomeLeader, leader elected after 5182ms
2021-10-06 13:08:03,752 [grpc-default-executor-1] INFO  impl.RoleInfo (RoleInfo.java:updateAndGet(130)) - 181b69ce-6322-4260-b10d-e87d22a73f8a: start 181b69ce-6322-4260-b10d-e87d22a73f8a@group-D66A89DF74CA-FollowerState
2021-10-06 13:08:03,752 [919bab14-801a-4b4b-b62b-3bd9b5db7035@group-D66A89DF74CA-LeaderElection5] INFO  server.RaftServerConfigKeys (ConfUtils.java:logGet(44)) - raft.server.staging.catchup.gap = 1000 (default)
2021-10-06 13:08:03,752 [Datanode State Machine Thread - 0] WARN  statemachine.StateContext (StateContext.java:execute(621)) - No available thread in pool for past 1 seconds.
2021-10-06 13:08:03,752 [181b69ce-6322-4260-b10d-e87d22a73f8a@group-D66A89DF74CA-FollowerState] INFO  impl.FollowerState (FollowerState.java:run(143)) - 181b69ce-6322-4260-b10d-e87d22a73f8a@group-D66A89DF74CA-FollowerState was interrupted: {}
java.lang.InterruptedException: sleep interrupted
	at java.lang.Thread.sleep(Native Method)
	at java.lang.Thread.sleep(Thread.java:340)
	at java.util.concurrent.TimeUnit.sleep(TimeUnit.java:386)
	at org.apache.ratis.util.TimeDuration.sleep(TimeDuration.java:324)
	at org.apache.ratis.util.TimeDuration.sleep(TimeDuration.java:309)
	at org.apache.ratis.server.impl.FollowerState.run(FollowerState.java:118)
2021-10-06 13:08:03,759 [919bab14-801a-4b4b-b62b-3bd9b5db7035@group-D66A89DF74CA-LeaderElection5] INFO  server.RaftServerConfigKeys (ConfUtils.java:logGet(44)) - raft.server.write.element-limit = 1024 (custom)
2021-10-06 13:08:03,759 [919bab14-801a-4b4b-b62b-3bd9b5db7035@group-D66A89DF74CA-LeaderElection5] INFO  server.RaftServerConfigKeys (ConfUtils.java:logGet(44)) - raft.server.write.byte-limit = 1024 M (=1073741824) (custom)
2021-10-06 13:08:03,760 [919bab14-801a-4b4b-b62b-3bd9b5db7035@group-D66A89DF74CA-LeaderElection5] INFO  server.RaftServerConfigKeys (ConfUtils.java:logGet(44)) - raft.server.watch.timeout = 180s (custom)
2021-10-06 13:08:03,760 [919bab14-801a-4b4b-b62b-3bd9b5db7035@group-D66A89DF74CA-LeaderElection5] INFO  server.RaftServerConfigKeys (ConfUtils.java:logGet(44)) - raft.server.watch.timeout.denomination = 1s (default)
2021-10-06 13:08:03,760 [919bab14-801a-4b4b-b62b-3bd9b5db7035@group-D66A89DF74CA-LeaderElection5] INFO  server.RaftServerConfigKeys (ConfUtils.java:logGet(44)) - raft.server.watch.element-limit = 65536 (default)
2021-10-06 13:08:03,760 [919bab14-801a-4b4b-b62b-3bd9b5db7035@group-D66A89DF74CA-LeaderElection5] INFO  server.RaftServerConfigKeys (ConfUtils.java:logGet(44)) - raft.server.log.appender.snapshot.chunk.size.max = 16MB (=16777216) (default)
2021-10-06 13:08:03,760 [919bab14-801a-4b4b-b62b-3bd9b5db7035@group-D66A89DF74CA-LeaderElection5] INFO  server.RaftServerConfigKeys (ConfUtils.java:logGet(44)) - raft.server.log.appender.buffer.byte-limit = 33554432 (custom)
2021-10-06 13:08:03,760 [919bab14-801a-4b4b-b62b-3bd9b5db7035@group-D66A89DF74CA-LeaderElection5] INFO  server.RaftServerConfigKeys (ConfUtils.java:logGet(44)) - raft.server.log.appender.buffer.element-limit = 1 (custom)
2021-10-06 13:08:03,760 [919bab14-801a-4b4b-b62b-3bd9b5db7035@group-D66A89DF74CA-LeaderElection5] INFO  grpc.GrpcConfigKeys (ConfUtils.java:logGet(44)) - raft.grpc.server.leader.outstanding.appends.max = 128 (default)
2021-10-06 13:08:03,760 [919bab14-801a-4b4b-b62b-3bd9b5db7035@group-D66A89DF74CA-LeaderElection5] INFO  server.RaftServerConfigKeys (ConfUtils.java:logGet(44)) - raft.server.rpc.request.timeout = 60s (custom)
2021-10-06 13:08:03,760 [919bab14-801a-4b4b-b62b-3bd9b5db7035@group-D66A89DF74CA-LeaderElection5] INFO  server.RaftServerConfigKeys (ConfUtils.java:logGet(44)) - raft.server.log.appender.install.snapshot.enabled = false (custom)
2021-10-06 13:08:03,764 [919bab14-801a-4b4b-b62b-3bd9b5db7035@group-D66A89DF74CA-LeaderElection5] INFO  server.RaftServerConfigKeys (ConfUtils.java:logGet(44)) - raft.server.log.appender.snapshot.chunk.size.max = 16MB (=16777216) (default)
2021-10-06 13:08:03,764 [919bab14-801a-4b4b-b62b-3bd9b5db7035@group-D66A89DF74CA-LeaderElection5] INFO  server.RaftServerConfigKeys (ConfUtils.java:logGet(44)) - raft.server.log.appender.buffer.byte-limit = 33554432 (custom)
2021-10-06 13:08:03,764 [919bab14-801a-4b4b-b62b-3bd9b5db7035@group-D66A89DF74CA-LeaderElection5] INFO  server.RaftServerConfigKeys (ConfUtils.java:logGet(44)) - raft.server.log.appender.buffer.element-limit = 1 (custom)
2021-10-06 13:08:03,765 [919bab14-801a-4b4b-b62b-3bd9b5db7035@group-D66A89DF74CA-LeaderElection5] INFO  grpc.GrpcConfigKeys (ConfUtils.java:logGet(44)) - raft.grpc.server.leader.outstanding.appends.max = 128 (default)
2021-10-06 13:08:03,768 [919bab14-801a-4b4b-b62b-3bd9b5db7035@group-D66A89DF74CA-LeaderElection5] INFO  server.RaftServerConfigKeys (ConfUtils.java:logGet(44)) - raft.server.rpc.request.timeout = 60s (custom)
2021-10-06 13:08:03,768 [919bab14-801a-4b4b-b62b-3bd9b5db7035@group-D66A89DF74CA-LeaderElection5] INFO  server.RaftServerConfigKeys (ConfUtils.java:logGet(44)) - raft.server.log.appender.install.snapshot.enabled = false (custom)
2021-10-06 13:08:03,770 [grpc-default-executor-1] INFO  server.RaftServer$Division (RaftServerImpl.java:requestVote(1075)) - 181b69ce-6322-4260-b10d-e87d22a73f8a@group-D66A89DF74CA replies to ELECTION vote request: 919bab14-801a-4b4b-b62b-3bd9b5db7035<-181b69ce-6322-4260-b10d-e87d22a73f8a#0:OK-t1. Peer's state: 181b69ce-6322-4260-b10d-e87d22a73f8a@group-D66A89DF74CA:t1, leader=null, voted=919bab14-801a-4b4b-b62b-3bd9b5db7035, raftlog=181b69ce-6322-4260-b10d-e87d22a73f8a@group-D66A89DF74CA-SegmentedRaftLog:OPENED:c-1,f-1,i0, conf=-1: [919bab14-801a-4b4b-b62b-3bd9b5db7035|rpc:10.1.0.31:37525|dataStream:|priority:1, 181b69ce-6322-4260-b10d-e87d22a73f8a|rpc:10.1.0.31:38167|dataStream:|priority:0, 5f16da84-7d95-4d7e-959b-684ab973190d|rpc:10.1.0.31:46301|dataStream:|priority:0], old=null
2021-10-06 13:08:03,772 [919bab14-801a-4b4b-b62b-3bd9b5db7035@group-D66A89DF74CA-LeaderElection5] INFO  impl.RoleInfo (RoleInfo.java:updateAndGet(130)) - 919bab14-801a-4b4b-b62b-3bd9b5db7035: start 919bab14-801a-4b4b-b62b-3bd9b5db7035@group-D66A89DF74CA-LeaderStateImpl
2021-10-06 13:08:03,772 [919bab14-801a-4b4b-b62b-3bd9b5db7035@group-D66A89DF74CA-LeaderElection5] INFO  segmented.SegmentedRaftLogWorker (SegmentedRaftLogWorker.java:startLogSegment(394)) - 919bab14-801a-4b4b-b62b-3bd9b5db7035@group-D66A89DF74CA-SegmentedRaftLogWorker: Starting segment from index:0
2021-10-06 13:08:03,774 [919bab14-801a-4b4b-b62b-3bd9b5db7035@group-D66A89DF74CA-SegmentedRaftLogWorker] INFO  segmented.SegmentedRaftLogWorker (SegmentedRaftLogWorker.java:execute(601)) - 919bab14-801a-4b4b-b62b-3bd9b5db7035@group-D66A89DF74CA-SegmentedRaftLogWorker: created new log segment /home/runner/work/ozone/ozone/hadoop-ozone/integration-test/target/test-dir/MiniOzoneClusterImpl-c79ebf65-7f2a-452c-95f4-518756688277/datanode-0/data/ratis/2e65e9ba-65f3-466c-accf-d66a89df74ca/current/log_inprogress_0
2021-10-06 13:08:03,774 [EventQueue-PipelineReportForPipelineReportHandler] INFO  pipeline.PipelineManagerImpl (PipelineManagerImpl.java:openPipeline(282)) - Pipeline Pipeline[ Id: 2e65e9ba-65f3-466c-accf-d66a89df74ca, Nodes: 919bab14-801a-4b4b-b62b-3bd9b5db7035{ip: 10.1.0.31, host: fv-az151-432.yf2hydr00wburbhx3j5hxtcipe.bx.internal.cloudapp.net, ports: [REPLICATION=34965, RATIS=37525, RATIS_ADMIN=37525, RATIS_SERVER=37525, STANDALONE=36437], networkLocation: /default-rack, certSerialId: null, persistedOpState: IN_SERVICE, persistedOpStateExpiryEpochSec: 0}181b69ce-6322-4260-b10d-e87d22a73f8a{ip: 10.1.0.31, host: fv-az151-432.yf2hydr00wburbhx3j5hxtcipe.bx.internal.cloudapp.net, ports: [REPLICATION=41069, RATIS=38167, RATIS_ADMIN=38167, RATIS_SERVER=38167, STANDALONE=41387], networkLocation: /default-rack, certSerialId: null, persistedOpState: IN_SERVICE, persistedOpStateExpiryEpochSec: 0}5f16da84-7d95-4d7e-959b-684ab973190d{ip: 10.1.0.31, host: fv-az151-432.yf2hydr00wburbhx3j5hxtcipe.bx.internal.cloudapp.net, ports: [REPLICATION=42515, RATIS=46301, RATIS_ADMIN=46301, RATIS_SERVER=46301, STANDALONE=39997], networkLocation: /default-rack, certSerialId: null, persistedOpState: IN_SERVICE, persistedOpStateExpiryEpochSec: 0}, ReplicationConfig: RATIS/THREE, State:ALLOCATED, leaderId:919bab14-801a-4b4b-b62b-3bd9b5db7035, CreationTimestamp2021-10-06T13:07:56.569Z[Etc/UTC]] moved to OPEN state
2021-10-06 13:08:03,780 [919bab14-801a-4b4b-b62b-3bd9b5db7035@group-D66A89DF74CA-LeaderElection5] INFO  server.RaftServer$Division (ServerState.java:setRaftConf(387)) - 919bab14-801a-4b4b-b62b-3bd9b5db7035@group-D66A89DF74CA: set configuration 0: [919bab14-801a-4b4b-b62b-3bd9b5db7035|rpc:10.1.0.31:37525|dataStream:|priority:1, 181b69ce-6322-4260-b10d-e87d22a73f8a|rpc:10.1.0.31:38167|dataStream:|priority:0, 5f16da84-7d95-4d7e-959b-684ab973190d|rpc:10.1.0.31:46301|dataStream:|priority:0], old=null
2021-10-06 13:08:03,781 [grpc-default-executor-1] INFO  ratis.XceiverServerRatis (XceiverServerRatis.java:handleLeaderChangedNotification(861)) - Leader change notification received for group: group-D66A89DF74CA with new leaderId: 919bab14-801a-4b4b-b62b-3bd9b5db7035
2021-10-06 13:08:03,782 [grpc-default-executor-1] INFO  server.RaftServer$Division (ServerState.java:setLeader(285)) - 181b69ce-6322-4260-b10d-e87d22a73f8a@group-D66A89DF74CA: change Leader from null to 919bab14-801a-4b4b-b62b-3bd9b5db7035 at term 1 for appendEntries, leader elected after 5115ms
2021-10-06 13:08:03,782 [EventQueue-OpenPipelineForHealthyPipelineSafeModeRule] INFO  safemode.SCMSafeModeManager (HealthyPipelineSafeModeRule.java:process(124)) - SCM in safe mode. Healthy pipelines reported count is 1, required healthy pipeline reported count is 1
2021-10-06 13:08:03,783 [EventQueue-OpenPipelineForHealthyPipelineSafeModeRule] INFO  safemode.SCMSafeModeManager (SCMSafeModeManager.java:validateSafeModeExitRules(204)) - HealthyPipelineSafeModeRule rule is successfully validated
2021-10-06 13:08:03,783 [EventQueue-OpenPipelineForHealthyPipelineSafeModeRule] INFO  safemode.SCMSafeModeManager (SCMSafeModeManager.java:validateSafeModeExitRules(219)) - ScmSafeModeManager, all rules are successfully validated
2021-10-06 13:08:03,783 [EventQueue-OpenPipelineForHealthyPipelineSafeModeRule] INFO  safemode.SCMSafeModeManager (SCMSafeModeManager.java:exitSafeMode(248)) - SCM exiting safe mode.
2021-10-06 13:08:03,783 [EventQueue-OpenPipelineForHealthyPipelineSafeModeRule] WARN  events.EventQueue (EventQueue.java:fireEvent(194)) - No event handler registered for event TypedEvent{payloadType=SafeModeStatus, name='Safe mode status'}
2021-10-06 13:08:03,783 [EventQueue-OpenPipelineForHealthyPipelineSafeModeRule] INFO  ha.SCMContext (SCMContext.java:updateSafeModeStatus(205)) - Update SafeModeStatus from SafeModeStatus{safeModeStatus=true, preCheckPassed=true} to SafeModeStatus{safeModeStatus=false, preCheckPassed=true}.
2021-10-06 13:08:03,783 [EventQueue-OpenPipelineForHealthyPipelineSafeModeRule] INFO  pipeline.BackgroundPipelineCreator (BackgroundPipelineCreatorV2.java:notifyStatusChanged(264)) - Service BackgroundPipelineCreator transitions to RUNNING.
2021-10-06 13:08:03,783 [EventQueue-OpenPipelineForHealthyPipelineSafeModeRule] INFO  container.ReplicationManager (ReplicationManager.java:notifyStatusChanged(1743)) - Service ReplicationManager transitions to RUNNING.
2021-10-06 13:08:03,791 [grpc-default-executor-1] INFO  server.RaftServer$Division (ServerState.java:setRaftConf(387)) - 181b69ce-6322-4260-b10d-e87d22a73f8a@group-D66A89DF74CA: set configuration 0: [919bab14-801a-4b4b-b62b-3bd9b5db7035|rpc:10.1.0.31:37525|dataStream:|priority:1, 181b69ce-6322-4260-b10d-e87d22a73f8a|rpc:10.1.0.31:38167|dataStream:|priority:0, 5f16da84-7d95-4d7e-959b-684ab973190d|rpc:10.1.0.31:46301|dataStream:|priority:0], old=null
2021-10-06 13:08:03,791 [grpc-default-executor-1] INFO  segmented.SegmentedRaftLogWorker (SegmentedRaftLogWorker.java:startLogSegment(394)) - 181b69ce-6322-4260-b10d-e87d22a73f8a@group-D66A89DF74CA-SegmentedRaftLogWorker: Starting segment from index:0
2021-10-06 13:08:03,793 [181b69ce-6322-4260-b10d-e87d22a73f8a@group-D66A89DF74CA-SegmentedRaftLogWorker] INFO  segmented.SegmentedRaftLogWorker (SegmentedRaftLogWorker.java:execute(601)) - 181b69ce-6322-4260-b10d-e87d22a73f8a@group-D66A89DF74CA-SegmentedRaftLogWorker: created new log segment /home/runner/work/ozone/ozone/hadoop-ozone/integration-test/target/test-dir/MiniOzoneClusterImpl-c79ebf65-7f2a-452c-95f4-518756688277/datanode-2/data/ratis/2e65e9ba-65f3-466c-accf-d66a89df74ca/current/log_inprogress_0
2021-10-06 13:08:03,799 [grpc-default-executor-1] INFO  ratis.XceiverServerRatis (XceiverServerRatis.java:handleLeaderChangedNotification(861)) - Leader change notification received for group: group-D66A89DF74CA with new leaderId: 919bab14-801a-4b4b-b62b-3bd9b5db7035
2021-10-06 13:08:03,799 [grpc-default-executor-1] INFO  server.RaftServer$Division (ServerState.java:setLeader(285)) - 5f16da84-7d95-4d7e-959b-684ab973190d@group-D66A89DF74CA: change Leader from null to 919bab14-801a-4b4b-b62b-3bd9b5db7035 at term 1 for appendEntries, leader elected after 5047ms
2021-10-06 13:08:03,803 [grpc-default-executor-1] INFO  server.RaftServer$Division (ServerState.java:setRaftConf(387)) - 5f16da84-7d95-4d7e-959b-684ab973190d@group-D66A89DF74CA: set configuration 0: [919bab14-801a-4b4b-b62b-3bd9b5db7035|rpc:10.1.0.31:37525|dataStream:|priority:1, 181b69ce-6322-4260-b10d-e87d22a73f8a|rpc:10.1.0.31:38167|dataStream:|priority:0, 5f16da84-7d95-4d7e-959b-684ab973190d|rpc:10.1.0.31:46301|dataStream:|priority:0], old=null
2021-10-06 13:08:03,803 [grpc-default-executor-1] INFO  segmented.SegmentedRaftLogWorker (SegmentedRaftLogWorker.java:startLogSegment(394)) - 5f16da84-7d95-4d7e-959b-684ab973190d@group-D66A89DF74CA-SegmentedRaftLogWorker: Starting segment from index:0
2021-10-06 13:08:03,808 [5f16da84-7d95-4d7e-959b-684ab973190d@group-D66A89DF74CA-SegmentedRaftLogWorker] INFO  segmented.SegmentedRaftLogWorker (SegmentedRaftLogWorker.java:execute(601)) - 5f16da84-7d95-4d7e-959b-684ab973190d@group-D66A89DF74CA-SegmentedRaftLogWorker: created new log segment /home/runner/work/ozone/ozone/hadoop-ozone/integration-test/target/test-dir/MiniOzoneClusterImpl-c79ebf65-7f2a-452c-95f4-518756688277/datanode-1/data/ratis/2e65e9ba-65f3-466c-accf-d66a89df74ca/current/log_inprogress_0
2021-10-06 13:08:03,888 [919bab14-801a-4b4b-b62b-3bd9b5db7035@group-067EC886A732-FollowerState] INFO  impl.FollowerState (FollowerState.java:run(134)) - 919bab14-801a-4b4b-b62b-3bd9b5db7035@group-067EC886A732-FollowerState: change to CANDIDATE, lastRpcElapsedTime:5098392730ns, electionTimeout:5098ms
2021-10-06 13:08:03,888 [919bab14-801a-4b4b-b62b-3bd9b5db7035@group-067EC886A732-FollowerState] INFO  impl.RoleInfo (RoleInfo.java:shutdownFollowerState(108)) - 919bab14-801a-4b4b-b62b-3bd9b5db7035: shutdown 919bab14-801a-4b4b-b62b-3bd9b5db7035@group-067EC886A732-FollowerState
2021-10-06 13:08:03,889 [919bab14-801a-4b4b-b62b-3bd9b5db7035@group-067EC886A732-FollowerState] INFO  server.RaftServer$Division (RaftServerImpl.java:setRole(285)) - 919bab14-801a-4b4b-b62b-3bd9b5db7035@group-067EC886A732: changes role from  FOLLOWER to CANDIDATE at term 0 for changeToCandidate
2021-10-06 13:08:03,889 [919bab14-801a-4b4b-b62b-3bd9b5db7035@group-067EC886A732-FollowerState] INFO  server.RaftServerConfigKeys (ConfUtils.java:logGet(44)) - raft.server.leaderelection.pre-vote = false (custom)
2021-10-06 13:08:03,889 [919bab14-801a-4b4b-b62b-3bd9b5db7035@group-067EC886A732-FollowerState] INFO  impl.RoleInfo (RoleInfo.java:updateAndGet(130)) - 919bab14-801a-4b4b-b62b-3bd9b5db7035: start 919bab14-801a-4b4b-b62b-3bd9b5db7035@group-067EC886A732-LeaderElection6
2021-10-06 13:08:03,892 [919bab14-801a-4b4b-b62b-3bd9b5db7035@group-067EC886A732-LeaderElection6] INFO  impl.LeaderElection (LeaderElection.java:askForVotes(306)) - 919bab14-801a-4b4b-b62b-3bd9b5db7035@group-067EC886A732-LeaderElection6 ELECTION round 0: submit vote requests at term 1 for -1: [919bab14-801a-4b4b-b62b-3bd9b5db7035|rpc:10.1.0.31:37525|priority:0, 181b69ce-6322-4260-b10d-e87d22a73f8a|rpc:10.1.0.31:38167|priority:0, 5f16da84-7d95-4d7e-959b-684ab973190d|rpc:10.1.0.31:46301|priority:1], old=null
2021-10-06 13:08:03,898 [grpc-default-executor-1] INFO  server.RaftServer$Division (RaftServerImpl.java:requestVote(1043)) - 181b69ce-6322-4260-b10d-e87d22a73f8a@group-067EC886A732: receive requestVote(ELECTION, 919bab14-801a-4b4b-b62b-3bd9b5db7035, group-067EC886A732, 1, (t:0, i:0))
2021-10-06 13:08:03,898 [grpc-default-executor-1] INFO  impl.VoteContext (VoteContext.java:log(48)) - 181b69ce-6322-4260-b10d-e87d22a73f8a@group-067EC886A732-FOLLOWER: accept ELECTION from 919bab14-801a-4b4b-b62b-3bd9b5db7035: our priority 0 <= candidate's priority 0
2021-10-06 13:08:03,898 [grpc-default-executor-1] INFO  server.RaftServer$Division (RaftServerImpl.java:setRole(285)) - 181b69ce-6322-4260-b10d-e87d22a73f8a@group-067EC886A732: changes role from  FOLLOWER to FOLLOWER at term 1 for candidate:919bab14-801a-4b4b-b62b-3bd9b5db7035
2021-10-06 13:08:03,899 [grpc-default-executor-1] INFO  impl.RoleInfo (RoleInfo.java:shutdownFollowerState(108)) - 181b69ce-6322-4260-b10d-e87d22a73f8a: shutdown 181b69ce-6322-4260-b10d-e87d22a73f8a@group-067EC886A732-FollowerState
2021-10-06 13:08:03,899 [grpc-default-executor-1] INFO  impl.RoleInfo (RoleInfo.java:updateAndGet(130)) - 181b69ce-6322-4260-b10d-e87d22a73f8a: start 181b69ce-6322-4260-b10d-e87d22a73f8a@group-067EC886A732-FollowerState
2021-10-06 13:08:03,899 [181b69ce-6322-4260-b10d-e87d22a73f8a@group-067EC886A732-FollowerState] INFO  impl.FollowerState (FollowerState.java:run(143)) - 181b69ce-6322-4260-b10d-e87d22a73f8a@group-067EC886A732-FollowerState was interrupted: {}
java.lang.InterruptedException: sleep interrupted
	at java.lang.Thread.sleep(Native Method)
	at java.lang.Thread.sleep(Thread.java:340)
	at java.util.concurrent.TimeUnit.sleep(TimeUnit.java:386)
	at org.apache.ratis.util.TimeDuration.sleep(TimeDuration.java:324)
	at org.apache.ratis.util.TimeDuration.sleep(TimeDuration.java:309)
	at org.apache.ratis.server.impl.FollowerState.run(FollowerState.java:118)
2021-10-06 13:08:03,898 [grpc-default-executor-5] INFO  server.RaftServer$Division (RaftServerImpl.java:requestVote(1043)) - 5f16da84-7d95-4d7e-959b-684ab973190d@group-067EC886A732: receive requestVote(ELECTION, 919bab14-801a-4b4b-b62b-3bd9b5db7035, group-067EC886A732, 1, (t:0, i:0))
2021-10-06 13:08:03,899 [grpc-default-executor-5] INFO  impl.VoteContext (VoteContext.java:log(48)) - 5f16da84-7d95-4d7e-959b-684ab973190d@group-067EC886A732-FOLLOWER: reject ELECTION from 919bab14-801a-4b4b-b62b-3bd9b5db7035: our priority 1 > candidate's priority 0
2021-10-06 13:08:03,905 [grpc-default-executor-5] INFO  server.RaftServer$Division (RaftServerImpl.java:setRole(285)) - 5f16da84-7d95-4d7e-959b-684ab973190d@group-067EC886A732: changes role from  FOLLOWER to FOLLOWER at term 1 for candidate:919bab14-801a-4b4b-b62b-3bd9b5db7035
2021-10-06 13:08:03,905 [grpc-default-executor-5] INFO  impl.RoleInfo (RoleInfo.java:shutdownFollowerState(108)) - 5f16da84-7d95-4d7e-959b-684ab973190d: shutdown 5f16da84-7d95-4d7e-959b-684ab973190d@group-067EC886A732-FollowerState
2021-10-06 13:08:03,905 [grpc-default-executor-5] INFO  impl.RoleInfo (RoleInfo.java:updateAndGet(130)) - 5f16da84-7d95-4d7e-959b-684ab973190d: start 5f16da84-7d95-4d7e-959b-684ab973190d@group-067EC886A732-FollowerState
2021-10-06 13:08:03,905 [5f16da84-7d95-4d7e-959b-684ab973190d@group-067EC886A732-FollowerState] INFO  impl.FollowerState (FollowerState.java:run(143)) - 5f16da84-7d95-4d7e-959b-684ab973190d@group-067EC886A732-FollowerState was interrupted: {}
java.lang.InterruptedException: sleep interrupted
	at java.lang.Thread.sleep(Native Method)
	at java.lang.Thread.sleep(Thread.java:340)
	at java.util.concurrent.TimeUnit.sleep(TimeUnit.java:386)
	at org.apache.ratis.util.TimeDuration.sleep(TimeDuration.java:324)
	at org.apache.ratis.util.TimeDuration.sleep(TimeDuration.java:309)
	at org.apache.ratis.server.impl.FollowerState.run(FollowerState.java:118)
2021-10-06 13:08:03,907 [grpc-default-executor-1] INFO  server.RaftServer$Division (RaftServerImpl.java:requestVote(1075)) - 181b69ce-6322-4260-b10d-e87d22a73f8a@group-067EC886A732 replies to ELECTION vote request: 919bab14-801a-4b4b-b62b-3bd9b5db7035<-181b69ce-6322-4260-b10d-e87d22a73f8a#0:OK-t1. Peer's state: 181b69ce-6322-4260-b10d-e87d22a73f8a@group-067EC886A732:t1, leader=null, voted=919bab14-801a-4b4b-b62b-3bd9b5db7035, raftlog=181b69ce-6322-4260-b10d-e87d22a73f8a@group-067EC886A732-SegmentedRaftLog:OPENED:c-1,f-1,i0, conf=-1: [919bab14-801a-4b4b-b62b-3bd9b5db7035|rpc:10.1.0.31:37525|dataStream:|priority:0, 181b69ce-6322-4260-b10d-e87d22a73f8a|rpc:10.1.0.31:38167|dataStream:|priority:0, 5f16da84-7d95-4d7e-959b-684ab973190d|rpc:10.1.0.31:46301|dataStream:|priority:1], old=null
2021-10-06 13:08:03,912 [grpc-default-executor-5] INFO  server.RaftServer$Division (RaftServerImpl.java:requestVote(1075)) - 5f16da84-7d95-4d7e-959b-684ab973190d@group-067EC886A732 replies to ELECTION vote request: 919bab14-801a-4b4b-b62b-3bd9b5db7035<-5f16da84-7d95-4d7e-959b-684ab973190d#0:FAIL-t1. Peer's state: 5f16da84-7d95-4d7e-959b-684ab973190d@group-067EC886A732:t1, leader=null, voted=null, raftlog=5f16da84-7d95-4d7e-959b-684ab973190d@group-067EC886A732-SegmentedRaftLog:OPENED:c-1,f-1,i0, conf=-1: [919bab14-801a-4b4b-b62b-3bd9b5db7035|rpc:10.1.0.31:37525|dataStream:|priority:0, 181b69ce-6322-4260-b10d-e87d22a73f8a|rpc:10.1.0.31:38167|dataStream:|priority:0, 5f16da84-7d95-4d7e-959b-684ab973190d|rpc:10.1.0.31:46301|dataStream:|priority:1], old=null
2021-10-06 13:08:03,913 [919bab14-801a-4b4b-b62b-3bd9b5db7035@group-067EC886A732-LeaderElection6] INFO  impl.LeaderElection (LeaderElection.java:logAndReturn(89)) - 919bab14-801a-4b4b-b62b-3bd9b5db7035@group-067EC886A732-LeaderElection6: ELECTION REJECTED received 2 response(s) and 0 exception(s):
2021-10-06 13:08:03,914 [919bab14-801a-4b4b-b62b-3bd9b5db7035@group-067EC886A732-LeaderElection6] INFO  impl.LeaderElection (LeaderElection.java:logAndReturn(93)) -   Response 0: 919bab14-801a-4b4b-b62b-3bd9b5db7035<-181b69ce-6322-4260-b10d-e87d22a73f8a#0:OK-t1
2021-10-06 13:08:03,914 [919bab14-801a-4b4b-b62b-3bd9b5db7035@group-067EC886A732-LeaderElection6] INFO  impl.LeaderElection (LeaderElection.java:logAndReturn(93)) -   Response 1: 919bab14-801a-4b4b-b62b-3bd9b5db7035<-5f16da84-7d95-4d7e-959b-684ab973190d#0:FAIL-t1
2021-10-06 13:08:03,914 [919bab14-801a-4b4b-b62b-3bd9b5db7035@group-067EC886A732-LeaderElection6] INFO  impl.LeaderElection (LeaderElection.java:askForVotes(308)) - 919bab14-801a-4b4b-b62b-3bd9b5db7035@group-067EC886A732-LeaderElection6 ELECTION round 0: result REJECTED
2021-10-06 13:08:03,914 [919bab14-801a-4b4b-b62b-3bd9b5db7035@group-067EC886A732-LeaderElection6] INFO  server.RaftServer$Division (RaftServerImpl.java:setRole(285)) - 919bab14-801a-4b4b-b62b-3bd9b5db7035@group-067EC886A732: changes role from CANDIDATE to FOLLOWER at term 1 for REJECTED
2021-10-06 13:08:03,914 [919bab14-801a-4b4b-b62b-3bd9b5db7035@group-067EC886A732-LeaderElection6] INFO  impl.RoleInfo (RoleInfo.java:shutdownLeaderElection(121)) - 919bab14-801a-4b4b-b62b-3bd9b5db7035: shutdown 919bab14-801a-4b4b-b62b-3bd9b5db7035@group-067EC886A732-LeaderElection6
2021-10-06 13:08:03,915 [919bab14-801a-4b4b-b62b-3bd9b5db7035@group-067EC886A732-LeaderElection6] INFO  impl.RoleInfo (RoleInfo.java:updateAndGet(130)) - 919bab14-801a-4b4b-b62b-3bd9b5db7035: start 919bab14-801a-4b4b-b62b-3bd9b5db7035@group-067EC886A732-FollowerState
2021-10-06 13:08:04,290 [5f16da84-7d95-4d7e-959b-684ab973190d@group-A937BE3CD76F-FollowerState] INFO  impl.FollowerState (FollowerState.java:run(134)) - 5f16da84-7d95-4d7e-959b-684ab973190d@group-A937BE3CD76F-FollowerState: change to CANDIDATE, lastRpcElapsedTime:5091214676ns, electionTimeout:5090ms
2021-10-06 13:08:04,292 [5f16da84-7d95-4d7e-959b-684ab973190d@group-A937BE3CD76F-FollowerState] INFO  impl.RoleInfo (RoleInfo.java:shutdownFollowerState(108)) - 5f16da84-7d95-4d7e-959b-684ab973190d: shutdown 5f16da84-7d95-4d7e-959b-684ab973190d@group-A937BE3CD76F-FollowerState
2021-10-06 13:08:04,292 [5f16da84-7d95-4d7e-959b-684ab973190d@group-A937BE3CD76F-FollowerState] INFO  server.RaftServer$Division (RaftServerImpl.java:setRole(285)) - 5f16da84-7d95-4d7e-959b-684ab973190d@group-A937BE3CD76F: changes role from  FOLLOWER to CANDIDATE at term 0 for changeToCandidate
2021-10-06 13:08:04,292 [5f16da84-7d95-4d7e-959b-684ab973190d@group-A937BE3CD76F-FollowerState] INFO  server.RaftServerConfigKeys (ConfUtils.java:logGet(44)) - raft.server.leaderelection.pre-vote = false (custom)
2021-10-06 13:08:04,292 [5f16da84-7d95-4d7e-959b-684ab973190d@group-A937BE3CD76F-FollowerState] INFO  impl.RoleInfo (RoleInfo.java:updateAndGet(130)) - 5f16da84-7d95-4d7e-959b-684ab973190d: start 5f16da84-7d95-4d7e-959b-684ab973190d@group-A937BE3CD76F-LeaderElection7
2021-10-06 13:08:04,295 [5f16da84-7d95-4d7e-959b-684ab973190d@group-A937BE3CD76F-LeaderElection7] INFO  impl.LeaderElection (LeaderElection.java:askForVotes(306)) - 5f16da84-7d95-4d7e-959b-684ab973190d@group-A937BE3CD76F-LeaderElection7 ELECTION round 0: submit vote requests at term 1 for -1: [5f16da84-7d95-4d7e-959b-684ab973190d|rpc:10.1.0.31:46301|priority:1], old=null
2021-10-06 13:08:04,295 [5f16da84-7d95-4d7e-959b-684ab973190d@group-A937BE3CD76F-LeaderElection7] INFO  impl.LeaderElection (LeaderElection.java:askForVotes(308)) - 5f16da84-7d95-4d7e-959b-684ab973190d@group-A937BE3CD76F-LeaderElection7 ELECTION round 0: result PASSED (term=1)
2021-10-06 13:08:04,296 [5f16da84-7d95-4d7e-959b-684ab973190d@group-A937BE3CD76F-LeaderElection7] INFO  impl.RoleInfo (RoleInfo.java:shutdownLeaderElection(121)) - 5f16da84-7d95-4d7e-959b-684ab973190d: shutdown 5f16da84-7d95-4d7e-959b-684ab973190d@group-A937BE3CD76F-LeaderElection7
2021-10-06 13:08:04,296 [5f16da84-7d95-4d7e-959b-684ab973190d@group-A937BE3CD76F-LeaderElection7] INFO  server.RaftServer$Division (RaftServerImpl.java:setRole(285)) - 5f16da84-7d95-4d7e-959b-684ab973190d@group-A937BE3CD76F: changes role from CANDIDATE to LEADER at term 1 for changeToLeader
2021-10-06 13:08:04,296 [5f16da84-7d95-4d7e-959b-684ab973190d@group-A937BE3CD76F-LeaderElection7] INFO  ratis.XceiverServerRatis (XceiverServerRatis.java:handleLeaderChangedNotification(861)) - Leader change notification received for group: group-A937BE3CD76F with new leaderId: 5f16da84-7d95-4d7e-959b-684ab973190d
2021-10-06 13:08:04,296 [5f16da84-7d95-4d7e-959b-684ab973190d@group-A937BE3CD76F-LeaderElection7] INFO  server.RaftServer$Division (ServerState.java:setLeader(285)) - 5f16da84-7d95-4d7e-959b-684ab973190d@group-A937BE3CD76F: change Leader from null to 5f16da84-7d95-4d7e-959b-684ab973190d at term 1 for becomeLeader, leader elected after 5107ms
2021-10-06 13:08:04,296 [5f16da84-7d95-4d7e-959b-684ab973190d@group-A937BE3CD76F-LeaderElection7] INFO  server.RaftServerConfigKeys (ConfUtils.java:logGet(44)) - raft.server.staging.catchup.gap = 1000 (default)
2021-10-06 13:08:04,301 [5f16da84-7d95-4d7e-959b-684ab973190d@group-A937BE3CD76F-LeaderElection7] INFO  server.RaftServerConfigKeys (ConfUtils.java:logGet(44)) - raft.server.write.element-limit = 1024 (custom)
2021-10-06 13:08:04,303 [5f16da84-7d95-4d7e-959b-684ab973190d@group-A937BE3CD76F-LeaderElection7] INFO  server.RaftServerConfigKeys (ConfUtils.java:logGet(44)) - raft.server.write.byte-limit = 1024 M (=1073741824) (custom)
2021-10-06 13:08:04,304 [5f16da84-7d95-4d7e-959b-684ab973190d@group-A937BE3CD76F-LeaderElection7] INFO  server.RaftServerConfigKeys (ConfUtils.java:logGet(44)) - raft.server.watch.timeout = 180s (custom)
2021-10-06 13:08:04,304 [5f16da84-7d95-4d7e-959b-684ab973190d@group-A937BE3CD76F-LeaderElection7] INFO  server.RaftServerConfigKeys (ConfUtils.java:logGet(44)) - raft.server.watch.timeout.denomination = 1s (default)
2021-10-06 13:08:04,304 [5f16da84-7d95-4d7e-959b-684ab973190d@group-A937BE3CD76F-LeaderElection7] INFO  server.RaftServerConfigKeys (ConfUtils.java:logGet(44)) - raft.server.watch.element-limit = 65536 (default)
2021-10-06 13:08:04,304 [5f16da84-7d95-4d7e-959b-684ab973190d@group-A937BE3CD76F-LeaderElection7] INFO  impl.RoleInfo (RoleInfo.java:updateAndGet(130)) - 5f16da84-7d95-4d7e-959b-684ab973190d: start 5f16da84-7d95-4d7e-959b-684ab973190d@group-A937BE3CD76F-LeaderStateImpl
2021-10-06 13:08:04,305 [5f16da84-7d95-4d7e-959b-684ab973190d@group-A937BE3CD76F-LeaderElection7] INFO  segmented.SegmentedRaftLogWorker (SegmentedRaftLogWorker.java:startLogSegment(394)) - 5f16da84-7d95-4d7e-959b-684ab973190d@group-A937BE3CD76F-SegmentedRaftLogWorker: Starting segment from index:0
2021-10-06 13:08:04,306 [5f16da84-7d95-4d7e-959b-684ab973190d@group-A937BE3CD76F-SegmentedRaftLogWorker] INFO  segmented.SegmentedRaftLogWorker (SegmentedRaftLogWorker.java:execute(601)) - 5f16da84-7d95-4d7e-959b-684ab973190d@group-A937BE3CD76F-SegmentedRaftLogWorker: created new log segment /home/runner/work/ozone/ozone/hadoop-ozone/integration-test/target/test-dir/MiniOzoneClusterImpl-c79ebf65-7f2a-452c-95f4-518756688277/datanode-1/data/ratis/ae6dedcb-2da4-45d6-a167-a937be3cd76f/current/log_inprogress_0
2021-10-06 13:08:04,307 [5f16da84-7d95-4d7e-959b-684ab973190d@group-A937BE3CD76F-LeaderElection7] INFO  server.RaftServer$Division (ServerState.java:setRaftConf(387)) - 5f16da84-7d95-4d7e-959b-684ab973190d@group-A937BE3CD76F: set configuration 0: [5f16da84-7d95-4d7e-959b-684ab973190d|rpc:10.1.0.31:46301|dataStream:|priority:1], old=null
2021-10-06 13:08:04,564 [Listener at 127.0.0.1/11308] INFO  ozone.MiniOzoneClusterImpl (MiniOzoneClusterImpl.java:lambda$waitForClusterToBeReady$0(235)) - Nodes are ready. Got 3 of 3 DN Heartbeats.
2021-10-06 13:08:04,564 [Listener at 127.0.0.1/11308] INFO  ozone.MiniOzoneClusterImpl (MiniOzoneClusterImpl.java:lambda$waitForClusterToBeReady$0(238)) - Cluster exits safe mode
2021-10-06 13:08:04,565 [Listener at 127.0.0.1/11308] INFO  ozone.MiniOzoneClusterImpl (MiniOzoneClusterImpl.java:lambda$waitForClusterToBeReady$0(240)) - SCM became leader
2021-10-06 13:08:04,607 [181b69ce-6322-4260-b10d-e87d22a73f8a@group-04B3A21D7D80-FollowerState] INFO  impl.FollowerState (FollowerState.java:run(134)) - 181b69ce-6322-4260-b10d-e87d22a73f8a@group-04B3A21D7D80-FollowerState: change to CANDIDATE, lastRpcElapsedTime:5022958812ns, electionTimeout:5022ms
2021-10-06 13:08:04,607 [181b69ce-6322-4260-b10d-e87d22a73f8a@group-04B3A21D7D80-FollowerState] INFO  impl.RoleInfo (RoleInfo.java:shutdownFollowerState(108)) - 181b69ce-6322-4260-b10d-e87d22a73f8a: shutdown 181b69ce-6322-4260-b10d-e87d22a73f8a@group-04B3A21D7D80-FollowerState
2021-10-06 13:08:04,607 [181b69ce-6322-4260-b10d-e87d22a73f8a@group-04B3A21D7D80-FollowerState] INFO  server.RaftServer$Division (RaftServerImpl.java:setRole(285)) - 181b69ce-6322-4260-b10d-e87d22a73f8a@group-04B3A21D7D80: changes role from  FOLLOWER to CANDIDATE at term 0 for changeToCandidate
2021-10-06 13:08:04,607 [181b69ce-6322-4260-b10d-e87d22a73f8a@group-04B3A21D7D80-FollowerState] INFO  server.RaftServerConfigKeys (ConfUtils.java:logGet(44)) - raft.server.leaderelection.pre-vote = false (custom)
2021-10-06 13:08:04,607 [181b69ce-6322-4260-b10d-e87d22a73f8a@group-04B3A21D7D80-FollowerState] INFO  impl.RoleInfo (RoleInfo.java:updateAndGet(130)) - 181b69ce-6322-4260-b10d-e87d22a73f8a: start 181b69ce-6322-4260-b10d-e87d22a73f8a@group-04B3A21D7D80-LeaderElection8
2021-10-06 13:08:04,630 [181b69ce-6322-4260-b10d-e87d22a73f8a@group-04B3A21D7D80-LeaderElection8] INFO  impl.LeaderElection (LeaderElection.java:askForVotes(306)) - 181b69ce-6322-4260-b10d-e87d22a73f8a@group-04B3A21D7D80-LeaderElection8 ELECTION round 0: submit vote requests at term 1 for -1: [181b69ce-6322-4260-b10d-e87d22a73f8a|rpc:10.1.0.31:38167|priority:1], old=null
2021-10-06 13:08:04,631 [181b69ce-6322-4260-b10d-e87d22a73f8a@group-04B3A21D7D80-LeaderElection8] INFO  impl.LeaderElection (LeaderElection.java:askForVotes(308)) - 181b69ce-6322-4260-b10d-e87d22a73f8a@group-04B3A21D7D80-LeaderElection8 ELECTION round 0: result PASSED (term=1)
2021-10-06 13:08:04,631 [181b69ce-6322-4260-b10d-e87d22a73f8a@group-04B3A21D7D80-LeaderElection8] INFO  impl.RoleInfo (RoleInfo.java:shutdownLeaderElection(121)) - 181b69ce-6322-4260-b10d-e87d22a73f8a: shutdown 181b69ce-6322-4260-b10d-e87d22a73f8a@group-04B3A21D7D80-LeaderElection8
2021-10-06 13:08:04,631 [181b69ce-6322-4260-b10d-e87d22a73f8a@group-04B3A21D7D80-LeaderElection8] INFO  server.RaftServer$Division (RaftServerImpl.java:setRole(285)) - 181b69ce-6322-4260-b10d-e87d22a73f8a@group-04B3A21D7D80: changes role from CANDIDATE to LEADER at term 1 for changeToLeader
2021-10-06 13:08:04,631 [181b69ce-6322-4260-b10d-e87d22a73f8a@group-04B3A21D7D80-LeaderElection8] INFO  ratis.XceiverServerRatis (XceiverServerRatis.java:handleLeaderChangedNotification(861)) - Leader change notification received for group: group-04B3A21D7D80 with new leaderId: 181b69ce-6322-4260-b10d-e87d22a73f8a
2021-10-06 13:08:04,632 [Datanode State Machine Thread - 0] WARN  statemachine.StateContext (StateContext.java:execute(621)) - No available thread in pool for past 1 seconds.
2021-10-06 13:08:04,633 [181b69ce-6322-4260-b10d-e87d22a73f8a@group-04B3A21D7D80-LeaderElection8] INFO  server.RaftServer$Division (ServerState.java:setLeader(285)) - 181b69ce-6322-4260-b10d-e87d22a73f8a@group-04B3A21D7D80: change Leader from null to 181b69ce-6322-4260-b10d-e87d22a73f8a at term 1 for becomeLeader, leader elected after 5060ms
2021-10-06 13:08:04,633 [181b69ce-6322-4260-b10d-e87d22a73f8a@group-04B3A21D7D80-LeaderElection8] INFO  server.RaftServerConfigKeys (ConfUtils.java:logGet(44)) - raft.server.staging.catchup.gap = 1000 (default)
2021-10-06 13:08:04,633 [181b69ce-6322-4260-b10d-e87d22a73f8a@group-04B3A21D7D80-LeaderElection8] INFO  server.RaftServerConfigKeys (ConfUtils.java:logGet(44)) - raft.server.write.element-limit = 1024 (custom)
2021-10-06 13:08:04,633 [181b69ce-6322-4260-b10d-e87d22a73f8a@group-04B3A21D7D80-LeaderElection8] INFO  server.RaftServerConfigKeys (ConfUtils.java:logGet(44)) - raft.server.write.byte-limit = 1024 M (=1073741824) (custom)
2021-10-06 13:08:04,634 [181b69ce-6322-4260-b10d-e87d22a73f8a@group-04B3A21D7D80-LeaderElection8] INFO  server.RaftServerConfigKeys (ConfUtils.java:logGet(44)) - raft.server.watch.timeout = 180s (custom)
2021-10-06 13:08:04,635 [181b69ce-6322-4260-b10d-e87d22a73f8a@group-04B3A21D7D80-LeaderElection8] INFO  server.RaftServerConfigKeys (ConfUtils.java:logGet(44)) - raft.server.watch.timeout.denomination = 1s (default)
2021-10-06 13:08:04,635 [181b69ce-6322-4260-b10d-e87d22a73f8a@group-04B3A21D7D80-LeaderElection8] INFO  server.RaftServerConfigKeys (ConfUtils.java:logGet(44)) - raft.server.watch.element-limit = 65536 (default)
2021-10-06 13:08:04,635 [181b69ce-6322-4260-b10d-e87d22a73f8a@group-04B3A21D7D80-LeaderElection8] INFO  impl.RoleInfo (RoleInfo.java:updateAndGet(130)) - 181b69ce-6322-4260-b10d-e87d22a73f8a: start 181b69ce-6322-4260-b10d-e87d22a73f8a@group-04B3A21D7D80-LeaderStateImpl
2021-10-06 13:08:04,635 [181b69ce-6322-4260-b10d-e87d22a73f8a@group-04B3A21D7D80-LeaderElection8] INFO  segmented.SegmentedRaftLogWorker (SegmentedRaftLogWorker.java:startLogSegment(394)) - 181b69ce-6322-4260-b10d-e87d22a73f8a@group-04B3A21D7D80-SegmentedRaftLogWorker: Starting segment from index:0
2021-10-06 13:08:04,640 [181b69ce-6322-4260-b10d-e87d22a73f8a@group-04B3A21D7D80-SegmentedRaftLogWorker] INFO  segmented.SegmentedRaftLogWorker (SegmentedRaftLogWorker.java:execute(601)) - 181b69ce-6322-4260-b10d-e87d22a73f8a@group-04B3A21D7D80-SegmentedRaftLogWorker: created new log segment /home/runner/work/ozone/ozone/hadoop-ozone/integration-test/target/test-dir/MiniOzoneClusterImpl-c79ebf65-7f2a-452c-95f4-518756688277/datanode-2/data/ratis/8e1be58c-f15d-41d5-a078-04b3a21d7d80/current/log_inprogress_0
2021-10-06 13:08:04,647 [181b69ce-6322-4260-b10d-e87d22a73f8a@group-04B3A21D7D80-LeaderElection8] INFO  server.RaftServer$Division (ServerState.java:setRaftConf(387)) - 181b69ce-6322-4260-b10d-e87d22a73f8a@group-04B3A21D7D80: set configuration 0: [181b69ce-6322-4260-b10d-e87d22a73f8a|rpc:10.1.0.31:38167|dataStream:|priority:1], old=null
]]></system-out>
  </testcase>
  <testcase name="testPrepareWithMultipleThreads" classname="org.apache.hadoop.ozone.om.TestOzoneManagerPrepare" time="6.94"/>
  <testcase name="testCancelPrepare" classname="org.apache.hadoop.ozone.om.TestOzoneManagerPrepare" time="12.123"/>
  <testcase name="testPrepareWithTransactions" classname="org.apache.hadoop.ozone.om.TestOzoneManagerPrepare" time="24.031"/>
  <testcase name="testPrepareDownedOM" classname="org.apache.hadoop.ozone.om.TestOzoneManagerPrepare" time="7.939">
    <error message="Could not determine or connect to OM Leader." type="java.io.IOException">java.io.IOException: Could not determine or connect to OM Leader.
	at org.apache.hadoop.ozone.om.protocolPB.Hadoop3OmTransport.submitRequest(Hadoop3OmTransport.java:96)
	at org.apache.hadoop.ozone.om.protocolPB.OzoneManagerProtocolClientSideTranslatorPB.submitRequest(OzoneManagerProtocolClientSideTranslatorPB.java:230)
	at org.apache.hadoop.ozone.om.protocolPB.OzoneManagerProtocolClientSideTranslatorPB.createVolume(OzoneManagerProtocolClientSideTranslatorPB.java:250)
	at org.apache.hadoop.ozone.client.rpc.RpcClient.createVolume(RpcClient.java:346)
	at org.apache.hadoop.ozone.client.rpc.RpcClient.createVolume(RpcClient.java:293)
	at org.apache.hadoop.ozone.client.ObjectStore.createVolume(ObjectStore.java:95)
	at org.apache.hadoop.ozone.om.TestOzoneManagerPrepare.writeKeysAndWaitForLogs(TestOzoneManagerPrepare.java:348)
	at org.apache.hadoop.ozone.om.TestOzoneManagerPrepare.testPrepareDownedOM(TestOzoneManagerPrepare.java:151)
	at sun.reflect.NativeMethodAccessorImpl.invoke0(Native Method)
	at sun.reflect.NativeMethodAccessorImpl.invoke(NativeMethodAccessorImpl.java:62)
	at sun.reflect.DelegatingMethodAccessorImpl.invoke(DelegatingMethodAccessorImpl.java:43)
	at java.lang.reflect.Method.invoke(Method.java:498)
	at org.junit.runners.model.FrameworkMethod$1.runReflectiveCall(FrameworkMethod.java:59)
	at org.junit.internal.runners.model.ReflectiveCallable.run(ReflectiveCallable.java:12)
	at org.junit.runners.model.FrameworkMethod.invokeExplosively(FrameworkMethod.java:56)
	at org.junit.internal.runners.statements.InvokeMethod.evaluate(InvokeMethod.java:17)
	at org.junit.internal.runners.statements.RunBefores.evaluate(RunBefores.java:26)
	at org.junit.internal.runners.statements.RunAfters.evaluate(RunAfters.java:27)
	at org.junit.rules.ExpectedException$ExpectedExceptionStatement.evaluate(ExpectedException.java:258)
	at org.junit.internal.runners.statements.FailOnTimeout$CallableStatement.call(FailOnTimeout.java:288)
	at org.junit.internal.runners.statements.FailOnTimeout$CallableStatement.call(FailOnTimeout.java:282)
	at java.util.concurrent.FutureTask.run(FutureTask.java:266)
	at java.lang.Thread.run(Thread.java:748)
</error>
    <system-out><![CDATA[2021-10-06 13:08:48,197 [Time-limited test] INFO  retry.RetryInvocationHandler (RetryInvocationHandler.java:log(411)) - com.google.protobuf.ServiceException: java.io.EOFException: End of File Exception between local host is: "fv-az151-432/10.1.0.31"; destination host is: "localhost":11308; : java.io.EOFException; For more details see:  http://wiki.apache.org/hadoop/EOFException, while invoking $Proxy52.submitRequest over nodeId=omNode-3,nodeAddress=127.0.0.1:11308. Trying to failover after sleeping for 2000ms.
2021-10-06 13:08:49,189 [omNode-2@group-523986131536-FollowerState] INFO  impl.FollowerState (FollowerState.java:run(134)) - omNode-2@group-523986131536-FollowerState: change to CANDIDATE, lastRpcElapsedTime:1026443824ns, electionTimeout:1026ms
2021-10-06 13:08:49,189 [omNode-2@group-523986131536-FollowerState] INFO  impl.RoleInfo (RoleInfo.java:shutdownFollowerState(108)) - omNode-2: shutdown omNode-2@group-523986131536-FollowerState
2021-10-06 13:08:49,190 [omNode-2@group-523986131536-FollowerState] INFO  server.RaftServer$Division (RaftServerImpl.java:setRole(285)) - omNode-2@group-523986131536: changes role from  FOLLOWER to CANDIDATE at term 5 for changeToCandidate
2021-10-06 13:08:49,190 [omNode-2@group-523986131536-FollowerState] INFO  server.RaftServerConfigKeys (ConfUtils.java:logGet(44)) - raft.server.leaderelection.pre-vote = false (custom)
2021-10-06 13:08:49,190 [omNode-2@group-523986131536-FollowerState] INFO  impl.RoleInfo (RoleInfo.java:updateAndGet(130)) - omNode-2: start omNode-2@group-523986131536-LeaderElection22
2021-10-06 13:08:49,193 [omNode-2@group-523986131536-LeaderElection22] INFO  impl.LeaderElection (LeaderElection.java:askForVotes(306)) - omNode-2@group-523986131536-LeaderElection22 ELECTION round 0: submit vote requests at term 6 for 125: [omNode-3|rpc:localhost:11312|admin:|client:|dataStream:|priority:0, omNode-1|rpc:localhost:11300|admin:|client:|dataStream:|priority:0, omNode-2|rpc:localhost:11306|admin:|client:|dataStream:|priority:0], old=null
2021-10-06 13:08:49,203 [grpc-default-executor-1] INFO  server.RaftServer$Division (RaftServerImpl.java:requestVote(1043)) - omNode-3@group-523986131536: receive requestVote(ELECTION, omNode-2, group-523986131536, 6, (t:4, i:348))
2021-10-06 13:08:49,205 [grpc-default-executor-1] INFO  impl.VoteContext (VoteContext.java:log(48)) - omNode-3@group-523986131536-FOLLOWER: accept ELECTION from omNode-2: our priority 0 <= candidate's priority 0
2021-10-06 13:08:49,205 [grpc-default-executor-1] INFO  server.RaftServer$Division (RaftServerImpl.java:setRole(285)) - omNode-3@group-523986131536: changes role from  FOLLOWER to FOLLOWER at term 6 for candidate:omNode-2
2021-10-06 13:08:49,205 [grpc-default-executor-1] INFO  impl.RoleInfo (RoleInfo.java:shutdownFollowerState(108)) - omNode-3: shutdown omNode-3@group-523986131536-FollowerState
2021-10-06 13:08:49,205 [grpc-default-executor-1] INFO  impl.RoleInfo (RoleInfo.java:updateAndGet(130)) - omNode-3: start omNode-3@group-523986131536-FollowerState
2021-10-06 13:08:49,205 [omNode-3@group-523986131536-FollowerState] INFO  impl.FollowerState (FollowerState.java:run(143)) - omNode-3@group-523986131536-FollowerState was interrupted: {}
java.lang.InterruptedException: sleep interrupted
	at java.lang.Thread.sleep(Native Method)
	at java.lang.Thread.sleep(Thread.java:340)
	at java.util.concurrent.TimeUnit.sleep(TimeUnit.java:386)
	at org.apache.ratis.util.TimeDuration.sleep(TimeDuration.java:324)
	at org.apache.ratis.util.TimeDuration.sleep(TimeDuration.java:309)
	at org.apache.ratis.server.impl.FollowerState.run(FollowerState.java:118)
2021-10-06 13:08:49,216 [grpc-default-executor-1] INFO  server.RaftServer$Division (RaftServerImpl.java:requestVote(1075)) - omNode-3@group-523986131536 replies to ELECTION vote request: omNode-2<-omNode-3#0:OK-t6. Peer's state: omNode-3@group-523986131536:t6, leader=null, voted=omNode-2, raftlog=omNode-3@group-523986131536-SegmentedRaftLog:OPENED:c348,f348,i0, conf=125: [omNode-3|rpc:localhost:11312|admin:|client:|dataStream:|priority:0, omNode-1|rpc:localhost:11300|admin:|client:|dataStream:|priority:0, omNode-2|rpc:localhost:11306|admin:|client:|dataStream:|priority:0], old=null
2021-10-06 13:08:49,218 [omNode-2@group-523986131536-LeaderElection22] INFO  impl.LeaderElection (LeaderElection.java:logAndReturn(89)) - omNode-2@group-523986131536-LeaderElection22: ELECTION PASSED received 1 response(s) and 0 exception(s):
2021-10-06 13:08:49,218 [omNode-2@group-523986131536-LeaderElection22] INFO  impl.LeaderElection (LeaderElection.java:logAndReturn(93)) -   Response 0: omNode-2<-omNode-3#0:OK-t6
2021-10-06 13:08:49,218 [grpc-default-executor-1] INFO  server.RaftServer$Division (RaftServerImpl.java:requestVote(1043)) - omNode-1@group-523986131536: receive requestVote(ELECTION, omNode-2, group-523986131536, 6, (t:4, i:348))
2021-10-06 13:08:49,218 [grpc-default-executor-1] INFO  impl.VoteContext (VoteContext.java:log(48)) - omNode-1@group-523986131536-FOLLOWER: accept ELECTION from omNode-2: our priority 0 <= candidate's priority 0
2021-10-06 13:08:49,218 [grpc-default-executor-1] INFO  server.RaftServer$Division (RaftServerImpl.java:setRole(285)) - omNode-1@group-523986131536: changes role from  FOLLOWER to FOLLOWER at term 6 for candidate:omNode-2
2021-10-06 13:08:49,218 [grpc-default-executor-1] INFO  impl.RoleInfo (RoleInfo.java:shutdownFollowerState(108)) - omNode-1: shutdown omNode-1@group-523986131536-FollowerState
2021-10-06 13:08:49,218 [grpc-default-executor-1] INFO  impl.RoleInfo (RoleInfo.java:updateAndGet(130)) - omNode-1: start omNode-1@group-523986131536-FollowerState
2021-10-06 13:08:49,218 [omNode-2@group-523986131536-LeaderElection22] INFO  impl.LeaderElection (LeaderElection.java:askForVotes(308)) - omNode-2@group-523986131536-LeaderElection22 ELECTION round 0: result PASSED
2021-10-06 13:08:49,219 [omNode-2@group-523986131536-LeaderElection22] INFO  impl.RoleInfo (RoleInfo.java:shutdownLeaderElection(121)) - omNode-2: shutdown omNode-2@group-523986131536-LeaderElection22
2021-10-06 13:08:49,219 [omNode-2@group-523986131536-LeaderElection22] INFO  server.RaftServer$Division (RaftServerImpl.java:setRole(285)) - omNode-2@group-523986131536: changes role from CANDIDATE to LEADER at term 6 for changeToLeader
2021-10-06 13:08:49,219 [omNode-2@group-523986131536-LeaderElection22] INFO  server.RaftServer$Division (ServerState.java:setLeader(285)) - omNode-2@group-523986131536: change Leader from null to omNode-2 at term 6 for becomeLeader, leader elected after 1060ms
2021-10-06 13:08:49,219 [omNode-2@group-523986131536-LeaderElection22] INFO  server.RaftServerConfigKeys (ConfUtils.java:logGet(44)) - raft.server.staging.catchup.gap = 1000 (default)
2021-10-06 13:08:49,218 [omNode-1@group-523986131536-FollowerState] INFO  impl.FollowerState (FollowerState.java:run(143)) - omNode-1@group-523986131536-FollowerState was interrupted: {}
java.lang.InterruptedException: sleep interrupted
	at java.lang.Thread.sleep(Native Method)
	at java.lang.Thread.sleep(Thread.java:340)
	at java.util.concurrent.TimeUnit.sleep(TimeUnit.java:386)
	at org.apache.ratis.util.TimeDuration.sleep(TimeDuration.java:324)
	at org.apache.ratis.util.TimeDuration.sleep(TimeDuration.java:309)
	at org.apache.ratis.server.impl.FollowerState.run(FollowerState.java:118)
2021-10-06 13:08:49,220 [omNode-2@group-523986131536-LeaderElection22] INFO  server.RaftServerConfigKeys (ConfUtils.java:logGet(44)) - raft.server.write.element-limit = 4096 (default)
2021-10-06 13:08:49,220 [omNode-2@group-523986131536-LeaderElection22] INFO  server.RaftServerConfigKeys (ConfUtils.java:logGet(44)) - raft.server.write.byte-limit = 64MB (=67108864) (default)
2021-10-06 13:08:49,220 [omNode-2@group-523986131536-LeaderElection22] INFO  server.RaftServerConfigKeys (ConfUtils.java:logGet(44)) - raft.server.watch.timeout = 10s (default)
2021-10-06 13:08:49,220 [omNode-2@group-523986131536-LeaderElection22] INFO  server.RaftServerConfigKeys (ConfUtils.java:logGet(44)) - raft.server.watch.timeout.denomination = 1s (default)
2021-10-06 13:08:49,220 [omNode-2@group-523986131536-LeaderElection22] INFO  server.RaftServerConfigKeys (ConfUtils.java:logGet(44)) - raft.server.watch.element-limit = 65536 (default)
2021-10-06 13:08:49,221 [omNode-2@group-523986131536-LeaderElection22] INFO  server.RaftServerConfigKeys (ConfUtils.java:logGet(44)) - raft.server.log.appender.snapshot.chunk.size.max = 16MB (=16777216) (default)
2021-10-06 13:08:49,221 [omNode-2@group-523986131536-LeaderElection22] INFO  server.RaftServerConfigKeys (ConfUtils.java:logGet(44)) - raft.server.log.appender.buffer.byte-limit = 33554432 (custom)
2021-10-06 13:08:49,221 [grpc-default-executor-1] INFO  server.RaftServer$Division (RaftServerImpl.java:requestVote(1075)) - omNode-1@group-523986131536 replies to ELECTION vote request: omNode-2<-omNode-1#0:OK-t6. Peer's state: omNode-1@group-523986131536:t6, leader=null, voted=omNode-2, raftlog=omNode-1@group-523986131536-SegmentedRaftLog:OPENED:c348,f348,i0, conf=125: [omNode-3|rpc:localhost:11312|admin:|client:|dataStream:|priority:0, omNode-1|rpc:localhost:11300|admin:|client:|dataStream:|priority:0, omNode-2|rpc:localhost:11306|admin:|client:|dataStream:|priority:0], old=null
2021-10-06 13:08:49,221 [omNode-2@group-523986131536-LeaderElection22] INFO  server.RaftServerConfigKeys (ConfUtils.java:logGet(44)) - raft.server.log.appender.buffer.element-limit = 1024 (custom)
2021-10-06 13:08:49,221 [omNode-2@group-523986131536-LeaderElection22] INFO  grpc.GrpcConfigKeys (ConfUtils.java:logGet(44)) - raft.grpc.server.leader.outstanding.appends.max = 128 (default)
2021-10-06 13:08:49,221 [omNode-2@group-523986131536-LeaderElection22] INFO  server.RaftServerConfigKeys (ConfUtils.java:logGet(44)) - raft.server.rpc.request.timeout = 3000ms (default)
2021-10-06 13:08:49,221 [omNode-2@group-523986131536-LeaderElection22] INFO  server.RaftServerConfigKeys (ConfUtils.java:logGet(44)) - raft.server.log.appender.install.snapshot.enabled = false (custom)
2021-10-06 13:08:49,222 [omNode-2@group-523986131536-LeaderElection22] INFO  server.RaftServerConfigKeys (ConfUtils.java:logGet(44)) - raft.server.log.appender.snapshot.chunk.size.max = 16MB (=16777216) (default)
2021-10-06 13:08:49,222 [omNode-2@group-523986131536-LeaderElection22] INFO  server.RaftServerConfigKeys (ConfUtils.java:logGet(44)) - raft.server.log.appender.buffer.byte-limit = 33554432 (custom)
2021-10-06 13:08:49,223 [omNode-2@group-523986131536-LeaderElection22] INFO  server.RaftServerConfigKeys (ConfUtils.java:logGet(44)) - raft.server.log.appender.buffer.element-limit = 1024 (custom)
2021-10-06 13:08:49,223 [omNode-2@group-523986131536-LeaderElection22] INFO  grpc.GrpcConfigKeys (ConfUtils.java:logGet(44)) - raft.grpc.server.leader.outstanding.appends.max = 128 (default)
2021-10-06 13:08:49,223 [omNode-2@group-523986131536-LeaderElection22] INFO  server.RaftServerConfigKeys (ConfUtils.java:logGet(44)) - raft.server.rpc.request.timeout = 3000ms (default)
2021-10-06 13:08:49,223 [omNode-2@group-523986131536-LeaderElection22] INFO  server.RaftServerConfigKeys (ConfUtils.java:logGet(44)) - raft.server.log.appender.install.snapshot.enabled = false (custom)
2021-10-06 13:08:49,224 [omNode-2@group-523986131536-LeaderElection22] INFO  impl.RoleInfo (RoleInfo.java:updateAndGet(130)) - omNode-2: start omNode-2@group-523986131536-LeaderStateImpl
2021-10-06 13:08:49,225 [omNode-2@group-523986131536-LeaderElection22] INFO  segmented.SegmentedRaftLogWorker (SegmentedRaftLogWorker.java:startLogSegment(394)) - omNode-2@group-523986131536-SegmentedRaftLogWorker: Starting segment from index:349
2021-10-06 13:08:49,231 [omNode-2@group-523986131536-SegmentedRaftLogWorker] INFO  segmented.SegmentedRaftLogWorker (SegmentedRaftLogWorker.java:execute(601)) - omNode-2@group-523986131536-SegmentedRaftLogWorker: created new log segment /home/runner/work/ozone/ozone/hadoop-ozone/integration-test/target/test-dir/MiniOzoneClusterImpl-c79ebf65-7f2a-452c-95f4-518756688277/omNode-2/ratis/c9bc4cf4-3bc3-3c60-a66b-523986131536/current/log_inprogress_349
2021-10-06 13:08:49,236 [grpc-default-executor-5] INFO  server.RaftServer$Division (ServerState.java:setLeader(285)) - omNode-3@group-523986131536: change Leader from null to omNode-2 at term 6 for appendEntries, leader elected after 1778ms
2021-10-06 13:08:49,236 [omNode-2@group-523986131536-LeaderElection22] INFO  server.RaftServer$Division (ServerState.java:setRaftConf(387)) - omNode-2@group-523986131536: set configuration 349: [omNode-3|rpc:localhost:11312|admin:|client:|dataStream:|priority:0, omNode-1|rpc:localhost:11300|admin:|client:|dataStream:|priority:0, omNode-2|rpc:localhost:11306|admin:|client:|dataStream:|priority:0], old=null
2021-10-06 13:08:49,245 [grpc-default-executor-5] INFO  server.RaftServer$Division (ServerState.java:setRaftConf(387)) - omNode-3@group-523986131536: set configuration 349: [omNode-3|rpc:localhost:11312|admin:|client:|dataStream:|priority:0, omNode-1|rpc:localhost:11300|admin:|client:|dataStream:|priority:0, omNode-2|rpc:localhost:11306|admin:|client:|dataStream:|priority:0], old=null
2021-10-06 13:08:49,245 [grpc-default-executor-5] INFO  segmented.SegmentedRaftLogWorker (SegmentedRaftLogWorker.java:startLogSegment(394)) - omNode-3@group-523986131536-SegmentedRaftLogWorker: Starting segment from index:349
2021-10-06 13:08:49,249 [grpc-default-executor-5] INFO  server.RaftServer$Division (ServerState.java:setLeader(285)) - omNode-1@group-523986131536: change Leader from null to omNode-2 at term 6 for appendEntries, leader elected after 1640ms
2021-10-06 13:08:49,251 [grpc-default-executor-1] INFO  server.RaftServer$Division (ServerState.java:setRaftConf(387)) - omNode-1@group-523986131536: set configuration 349: [omNode-3|rpc:localhost:11312|admin:|client:|dataStream:|priority:0, omNode-1|rpc:localhost:11300|admin:|client:|dataStream:|priority:0, omNode-2|rpc:localhost:11306|admin:|client:|dataStream:|priority:0], old=null
2021-10-06 13:08:49,252 [grpc-default-executor-1] INFO  segmented.SegmentedRaftLogWorker (SegmentedRaftLogWorker.java:startLogSegment(394)) - omNode-1@group-523986131536-SegmentedRaftLogWorker: Starting segment from index:349
2021-10-06 13:08:49,256 [omNode-3@group-523986131536-SegmentedRaftLogWorker] INFO  segmented.SegmentedRaftLogWorker (SegmentedRaftLogWorker.java:execute(601)) - omNode-3@group-523986131536-SegmentedRaftLogWorker: created new log segment /home/runner/work/ozone/ozone/hadoop-ozone/integration-test/target/test-dir/MiniOzoneClusterImpl-c79ebf65-7f2a-452c-95f4-518756688277/omNode-3/ratis/c9bc4cf4-3bc3-3c60-a66b-523986131536/current/log_inprogress_349
2021-10-06 13:08:49,269 [omNode-1@group-523986131536-SegmentedRaftLogWorker] INFO  segmented.SegmentedRaftLogWorker (SegmentedRaftLogWorker.java:execute(601)) - omNode-1@group-523986131536-SegmentedRaftLogWorker: created new log segment /home/runner/work/ozone/ozone/hadoop-ozone/integration-test/target/test-dir/MiniOzoneClusterImpl-c79ebf65-7f2a-452c-95f4-518756688277/omNode-1/ratis/c9bc4cf4-3bc3-3c60-a66b-523986131536/current/log_inprogress_349
2021-10-06 13:08:49,284 [omNode-2@group-523986131536-StateMachineUpdater] INFO  ratis.OzoneManagerStateMachine (OzoneManagerStateMachine.java:notifyConfigurationChanged(188)) - Received Configuration change notification from Ratis. New Peer list:
[id: "omNode-3"
address: "localhost:11312"
, id: "omNode-1"
address: "localhost:11300"
, id: "omNode-2"
address: "localhost:11306"
]
2021-10-06 13:08:49,285 [omNode-3@group-523986131536-StateMachineUpdater] INFO  ratis.OzoneManagerStateMachine (OzoneManagerStateMachine.java:notifyConfigurationChanged(188)) - Received Configuration change notification from Ratis. New Peer list:
[id: "omNode-3"
address: "localhost:11312"
, id: "omNode-1"
address: "localhost:11300"
, id: "omNode-2"
address: "localhost:11306"
]
2021-10-06 13:08:49,289 [omNode-1@group-523986131536-StateMachineUpdater] INFO  ratis.OzoneManagerStateMachine (OzoneManagerStateMachine.java:notifyConfigurationChanged(188)) - Received Configuration change notification from Ratis. New Peer list:
[id: "omNode-3"
address: "localhost:11312"
, id: "omNode-1"
address: "localhost:11300"
, id: "omNode-2"
address: "localhost:11306"
]
2021-10-06 13:08:50,208 [Time-limited test] INFO  retry.RetryInvocationHandler (RetryInvocationHandler.java:log(411)) - com.google.protobuf.ServiceException: org.apache.hadoop.ipc.RemoteException(org.apache.hadoop.ozone.om.exceptions.OMNotLeaderException): OM:omNode-1 is not the leader. Could not determine the leader node.
	at org.apache.hadoop.ozone.om.ratis.utils.OzoneManagerRatisUtils.createNotLeaderException(OzoneManagerRatisUtils.java:465)
	at org.apache.hadoop.ozone.om.ratis.utils.OzoneManagerRatisUtils.checkLeaderStatus(OzoneManagerRatisUtils.java:451)
	at org.apache.hadoop.ozone.protocolPB.OzoneManagerProtocolServerSideTranslatorPB.checkLeaderStatus(OzoneManagerProtocolServerSideTranslatorPB.java:242)
	at org.apache.hadoop.ozone.protocolPB.OzoneManagerProtocolServerSideTranslatorPB.processRequest(OzoneManagerProtocolServerSideTranslatorPB.java:135)
	at org.apache.hadoop.hdds.server.OzoneProtocolMessageDispatcher.processRequest(OzoneProtocolMessageDispatcher.java:87)
	at org.apache.hadoop.ozone.protocolPB.OzoneManagerProtocolServerSideTranslatorPB.submitRequest(OzoneManagerProtocolServerSideTranslatorPB.java:123)
	at org.apache.hadoop.ozone.protocol.proto.OzoneManagerProtocolProtos$OzoneManagerService$2.callBlockingMethod(OzoneManagerProtocolProtos.java)
	at org.apache.hadoop.ipc.ProtobufRpcEngine$Server.processCall(ProtobufRpcEngine.java:466)
	at org.apache.hadoop.ipc.ProtobufRpcEngine2$Server$ProtoBufRpcInvoker.call(ProtobufRpcEngine2.java:574)
	at org.apache.hadoop.ipc.ProtobufRpcEngine2$Server$ProtoBufRpcInvoker.call(ProtobufRpcEngine2.java:552)
	at org.apache.hadoop.ipc.RPC$Server.call(RPC.java:1093)
	at org.apache.hadoop.ipc.Server$RpcCall.run(Server.java:1035)
	at org.apache.hadoop.ipc.Server$RpcCall.run(Server.java:963)
	at java.security.AccessController.doPrivileged(Native Method)
	at javax.security.auth.Subject.doAs(Subject.java:422)
	at org.apache.hadoop.security.UserGroupInformation.doAs(UserGroupInformation.java:1878)
	at org.apache.hadoop.ipc.Server$Handler.run(Server.java:2966)
, while invoking $Proxy52.submitRequest over nodeId=omNode-1,nodeAddress=127.0.0.1:11296 after 1 failover attempts. Trying to failover immediately.
2021-10-06 13:08:50,225 [OM StateMachine ApplyTransaction Thread - 0] INFO  upgrade.OMCancelPrepareRequest (OMCancelPrepareRequest.java:validateAndUpdateCache(55)) - OM omNode-2 Received cancel prepare request with log index 351
2021-10-06 13:08:50,226 [OM StateMachine ApplyTransaction Thread - 0] INFO  om.OzoneManagerPrepareState (OzoneManagerPrepareState.java:deletePrepareMarkerFile(271)) - Deleted prepare marker file: /home/runner/work/ozone/ozone/hadoop-ozone/integration-test/target/test-dir/MiniOzoneClusterImpl-c79ebf65-7f2a-452c-95f4-518756688277/omNode-2/current/prepareMarker
2021-10-06 13:08:50,226 [OM StateMachine ApplyTransaction Thread - 0] INFO  upgrade.OMCancelPrepareRequest (OMCancelPrepareRequest.java:validateAndUpdateCache(84)) - OM omNode-2 prepare state cancelled at log index 351. Returning response 
2021-10-06 13:08:50,239 [OM StateMachine ApplyTransaction Thread - 0] INFO  upgrade.OMCancelPrepareRequest (OMCancelPrepareRequest.java:validateAndUpdateCache(55)) - OM omNode-3 Received cancel prepare request with log index 351
2021-10-06 13:08:50,242 [OM StateMachine ApplyTransaction Thread - 0] INFO  upgrade.OMCancelPrepareRequest (OMCancelPrepareRequest.java:validateAndUpdateCache(55)) - OM omNode-1 Received cancel prepare request with log index 351
2021-10-06 13:08:50,243 [OM StateMachine ApplyTransaction Thread - 0] INFO  om.OzoneManagerPrepareState (OzoneManagerPrepareState.java:deletePrepareMarkerFile(271)) - Deleted prepare marker file: /home/runner/work/ozone/ozone/hadoop-ozone/integration-test/target/test-dir/MiniOzoneClusterImpl-c79ebf65-7f2a-452c-95f4-518756688277/omNode-3/current/prepareMarker
2021-10-06 13:08:50,243 [OM StateMachine ApplyTransaction Thread - 0] INFO  upgrade.OMCancelPrepareRequest (OMCancelPrepareRequest.java:validateAndUpdateCache(84)) - OM omNode-3 prepare state cancelled at log index 351. Returning response 
2021-10-06 13:08:50,250 [OM StateMachine ApplyTransaction Thread - 0] INFO  om.OzoneManagerPrepareState (OzoneManagerPrepareState.java:deletePrepareMarkerFile(271)) - Deleted prepare marker file: /home/runner/work/ozone/ozone/hadoop-ozone/integration-test/target/test-dir/MiniOzoneClusterImpl-c79ebf65-7f2a-452c-95f4-518756688277/omNode-1/current/prepareMarker
2021-10-06 13:08:50,250 [OM StateMachine ApplyTransaction Thread - 0] INFO  upgrade.OMCancelPrepareRequest (OMCancelPrepareRequest.java:validateAndUpdateCache(84)) - OM omNode-1 prepare state cancelled at log index 351. Returning response 
2021-10-06 13:08:51,230 [Time-limited test] INFO  rpc.RpcClient (RpcClient.java:createVolume(342)) - Creating Volume: vol, with runner as owner and space quota set to -1 bytes, counts quota set to -1
2021-10-06 13:08:51,242 [OM StateMachine ApplyTransaction Thread - 0] INFO  volume.OMVolumeCreateRequest (OMVolumeCreateRequest.java:validateAndUpdateCache(195)) - created volume:vol for user:runner
2021-10-06 13:08:51,243 [OM StateMachine ApplyTransaction Thread - 0] INFO  volume.OMVolumeCreateRequest (OMVolumeCreateRequest.java:validateAndUpdateCache(195)) - created volume:vol for user:runner
2021-10-06 13:08:51,251 [OM StateMachine ApplyTransaction Thread - 0] INFO  volume.OMVolumeCreateRequest (OMVolumeCreateRequest.java:validateAndUpdateCache(195)) - created volume:vol for user:runner
2021-10-06 13:08:51,258 [Time-limited test] INFO  rpc.RpcClient (RpcClient.java:createVolume(342)) - Creating Volume: volumebdc62606-2cf4-4257-9e0a-1cd75c92441f, with runner as owner and space quota set to -1 bytes, counts quota set to -1
2021-10-06 13:08:51,263 [OM StateMachine ApplyTransaction Thread - 0] INFO  volume.OMVolumeCreateRequest (OMVolumeCreateRequest.java:validateAndUpdateCache(195)) - created volume:volumebdc62606-2cf4-4257-9e0a-1cd75c92441f for user:runner
2021-10-06 13:08:51,276 [OM StateMachine ApplyTransaction Thread - 0] INFO  volume.OMVolumeCreateRequest (OMVolumeCreateRequest.java:validateAndUpdateCache(195)) - created volume:volumebdc62606-2cf4-4257-9e0a-1cd75c92441f for user:runner
2021-10-06 13:08:51,278 [OM StateMachine ApplyTransaction Thread - 0] INFO  volume.OMVolumeCreateRequest (OMVolumeCreateRequest.java:validateAndUpdateCache(195)) - created volume:volumebdc62606-2cf4-4257-9e0a-1cd75c92441f for user:runner
2021-10-06 13:08:51,278 [Time-limited test] INFO  rpc.RpcClient (RpcClient.java:createBucket(502)) - Creating Bucket: volumebdc62606-2cf4-4257-9e0a-1cd75c92441f/bucket, with Versioning false and Storage Type set to DISK and Encryption set to false 
2021-10-06 13:08:51,377 [Datanode State Machine Thread - 0] WARN  statemachine.StateContext (StateContext.java:execute(621)) - No available thread in pool for past 1 seconds.
2021-10-06 13:08:51,447 [Datanode State Machine Thread - 0] WARN  statemachine.StateContext (StateContext.java:execute(621)) - No available thread in pool for past 1 seconds.
2021-10-06 13:08:51,666 [omNode-2@group-523986131536-StateMachineUpdater] INFO  ratis.OzoneManagerStateMachine (OzoneManagerStateMachine.java:takeSnapshot(417)) - Current Snapshot Index (t:6, i:398)
2021-10-06 13:08:51,667 [omNode-2@group-523986131536-StateMachineUpdater] INFO  impl.StateMachineUpdater (StateMachineUpdater.java:takeSnapshot(281)) - omNode-2@group-523986131536-StateMachineUpdater: Took a snapshot at index 398
2021-10-06 13:08:51,667 [omNode-2@group-523986131536-StateMachineUpdater] INFO  impl.StateMachineUpdater (StateMachineUpdater.java:lambda$new$0(89)) - omNode-2@group-523986131536-StateMachineUpdater: snapshotIndex: updateIncreasingly 348 -> 398
2021-10-06 13:08:51,667 [omNode-2@group-523986131536-StateMachineUpdater] INFO  raftlog.RaftLog (RaftLogBase.java:purge(306)) - omNode-2@group-523986131536-SegmentedRaftLog: purge 398
2021-10-06 13:08:51,667 [omNode-2@group-523986131536-StateMachineUpdater] INFO  raftlog.RaftLog (RaftLogBase.java:lambda$new$0(53)) - omNode-2@group-523986131536-SegmentedRaftLog: snapshotIndex: updateIncreasingly 348 -> 398
2021-10-06 13:08:51,667 [omNode-2@group-523986131536-StateMachineUpdater] INFO  raftlog.RaftLog (RaftLogBase.java:lambda$new$0(53)) - omNode-2@group-523986131536-SegmentedRaftLog: purgeIndex: updateToMax old=-1, new=398, updated? true
2021-10-06 13:08:51,674 [omNode-1@group-523986131536-StateMachineUpdater] INFO  ratis.OzoneManagerStateMachine (OzoneManagerStateMachine.java:takeSnapshot(417)) - Current Snapshot Index (t:6, i:398)
2021-10-06 13:08:51,674 [omNode-1@group-523986131536-StateMachineUpdater] INFO  impl.StateMachineUpdater (StateMachineUpdater.java:takeSnapshot(281)) - omNode-1@group-523986131536-StateMachineUpdater: Took a snapshot at index 398
2021-10-06 13:08:51,674 [omNode-1@group-523986131536-StateMachineUpdater] INFO  impl.StateMachineUpdater (StateMachineUpdater.java:lambda$new$0(89)) - omNode-1@group-523986131536-StateMachineUpdater: snapshotIndex: updateIncreasingly 348 -> 398
2021-10-06 13:08:51,674 [omNode-1@group-523986131536-StateMachineUpdater] INFO  raftlog.RaftLog (RaftLogBase.java:purge(306)) - omNode-1@group-523986131536-SegmentedRaftLog: purge 398
2021-10-06 13:08:51,674 [omNode-1@group-523986131536-StateMachineUpdater] INFO  raftlog.RaftLog (RaftLogBase.java:lambda$new$0(53)) - omNode-1@group-523986131536-SegmentedRaftLog: snapshotIndex: updateIncreasingly 348 -> 398
2021-10-06 13:08:51,674 [omNode-1@group-523986131536-StateMachineUpdater] INFO  raftlog.RaftLog (RaftLogBase.java:lambda$new$0(53)) - omNode-1@group-523986131536-SegmentedRaftLog: purgeIndex: updateToMax old=-1, new=398, updated? true
2021-10-06 13:08:51,677 [Time-limited test] INFO  om.OzoneManager (OzoneManager.java:stop(1644)) - Stopping Ozone Manager
2021-10-06 13:08:51,677 [Time-limited test] INFO  ipc.Server (Server.java:stop(3414)) - Stopping server on 11302
2021-10-06 13:08:51,684 [omNode-3@group-523986131536-StateMachineUpdater] INFO  ratis.OzoneManagerStateMachine (OzoneManagerStateMachine.java:takeSnapshot(417)) - Current Snapshot Index (t:6, i:398)
2021-10-06 13:08:51,684 [omNode-3@group-523986131536-StateMachineUpdater] INFO  impl.StateMachineUpdater (StateMachineUpdater.java:takeSnapshot(281)) - omNode-3@group-523986131536-StateMachineUpdater: Took a snapshot at index 398
2021-10-06 13:08:51,684 [omNode-3@group-523986131536-StateMachineUpdater] INFO  impl.StateMachineUpdater (StateMachineUpdater.java:lambda$new$0(89)) - omNode-3@group-523986131536-StateMachineUpdater: snapshotIndex: updateIncreasingly 348 -> 398
2021-10-06 13:08:51,684 [omNode-3@group-523986131536-StateMachineUpdater] INFO  raftlog.RaftLog (RaftLogBase.java:purge(306)) - omNode-3@group-523986131536-SegmentedRaftLog: purge 398
2021-10-06 13:08:51,684 [omNode-3@group-523986131536-StateMachineUpdater] INFO  raftlog.RaftLog (RaftLogBase.java:lambda$new$0(53)) - omNode-3@group-523986131536-SegmentedRaftLog: snapshotIndex: updateIncreasingly 348 -> 398
2021-10-06 13:08:51,684 [omNode-3@group-523986131536-StateMachineUpdater] INFO  raftlog.RaftLog (RaftLogBase.java:lambda$new$0(53)) - omNode-3@group-523986131536-SegmentedRaftLog: purgeIndex: updateToMax old=-1, new=398, updated? true
2021-10-06 13:08:51,691 [IPC Server listener on 11302] INFO  ipc.Server (Server.java:run(1376)) - Stopping IPC Server listener on 11302
2021-10-06 13:08:51,691 [IPC Server Responder] INFO  ipc.Server (Server.java:run(1512)) - Stopping IPC Server Responder
2021-10-06 13:08:51,692 [Time-limited test] INFO  server.RaftServer (RaftServerProxy.java:lambda$close$6(391)) - omNode-2: close
2021-10-06 13:08:51,692 [Time-limited test] INFO  server.RaftServer$Division (RaftServerImpl.java:lambda$close$4(407)) - omNode-2@group-523986131536: shutdown
2021-10-06 13:08:51,692 [Time-limited test] INFO  util.JmxRegister (JmxRegister.java:unregister(73)) - Successfully un-registered JMX Bean with object name Ratis:service=RaftServer,group=group-523986131536,id=omNode-2
2021-10-06 13:08:51,692 [Time-limited test] INFO  impl.RoleInfo (RoleInfo.java:shutdownLeaderState(91)) - omNode-2: shutdown omNode-2@group-523986131536-LeaderStateImpl
2021-10-06 13:08:51,692 [Time-limited test] INFO  impl.PendingRequests (PendingRequests.java:sendNotLeaderResponses(282)) - omNode-2@group-523986131536-PendingRequests: sendNotLeaderResponses
2021-10-06 13:08:51,693 [omNode-2@group-523986131536->omNode-3-GrpcLogAppender-LogAppenderDaemon] WARN  server.GrpcLogAppender (GrpcLogAppender.java:mayWait(175)) - omNode-2@group-523986131536->omNode-3-GrpcLogAppender: Wait interrupted by java.lang.InterruptedException
2021-10-06 13:08:51,693 [omNode-2@group-523986131536->omNode-1-GrpcLogAppender-LogAppenderDaemon] WARN  server.GrpcLogAppender (GrpcLogAppender.java:mayWait(175)) - omNode-2@group-523986131536->omNode-1-GrpcLogAppender: Wait interrupted by java.lang.InterruptedException
2021-10-06 13:08:51,694 [grpc-default-executor-3] INFO  server.GrpcServerProtocolService (GrpcServerProtocolService.java:onCompleted(140)) - omNode-3: Completed APPEND_ENTRIES, lastRequest: omNode-2->omNode-3#243-t6,previous=(t:6, i:399),leaderCommit=399,initializing? true,entries: size=1, first=(t:6, i:400), METADATAENTRY(c:399)
2021-10-06 13:08:51,694 [grpc-default-executor-5] INFO  server.GrpcServerProtocolService (GrpcServerProtocolService.java:onCompleted(140)) - omNode-1: Completed APPEND_ENTRIES, lastRequest: omNode-2->omNode-1#244-t6,previous=(t:6, i:399),leaderCommit=399,initializing? true,entries: size=1, first=(t:6, i:400), METADATAENTRY(c:399)
2021-10-06 13:08:51,695 [grpc-default-executor-1] INFO  server.GrpcLogAppender (GrpcLogAppender.java:onCompleted(344)) - omNode-2@group-523986131536->omNode-3-AppendLogResponseHandler: follower responses appendEntries COMPLETED
2021-10-06 13:08:51,695 [grpc-default-executor-1] INFO  leader.FollowerInfo (FollowerInfoImpl.java:lambda$new$0(46)) - omNode-2@group-523986131536->omNode-3: nextIndex: updateUnconditionally 401 -> 399
2021-10-06 13:08:51,703 [grpc-default-executor-0] INFO  server.GrpcLogAppender (GrpcLogAppender.java:onCompleted(344)) - omNode-2@group-523986131536->omNode-1-AppendLogResponseHandler: follower responses appendEntries COMPLETED
2021-10-06 13:08:51,703 [grpc-default-executor-0] INFO  leader.FollowerInfo (FollowerInfoImpl.java:lambda$new$0(46)) - omNode-2@group-523986131536->omNode-1: nextIndex: updateUnconditionally 401 -> 400
2021-10-06 13:08:51,698 [omNode-2@group-523986131536-StateMachineUpdater] INFO  ratis.OzoneManagerStateMachine (OzoneManagerStateMachine.java:takeSnapshot(417)) - Current Snapshot Index (t:6, i:400)
2021-10-06 13:08:51,698 [Time-limited test] INFO  impl.StateMachineUpdater (StateMachineUpdater.java:stopAndJoin(149)) - omNode-2@group-523986131536-StateMachineUpdater: set stopIndex = 400
2021-10-06 13:08:51,703 [omNode-2@group-523986131536-StateMachineUpdater] INFO  impl.StateMachineUpdater (StateMachineUpdater.java:takeSnapshot(281)) - omNode-2@group-523986131536-StateMachineUpdater: Took a snapshot at index 400
2021-10-06 13:08:51,703 [omNode-2@group-523986131536-StateMachineUpdater] INFO  impl.StateMachineUpdater (StateMachineUpdater.java:lambda$new$0(89)) - omNode-2@group-523986131536-StateMachineUpdater: snapshotIndex: updateIncreasingly 398 -> 400
2021-10-06 13:08:51,703 [omNode-2@group-523986131536-StateMachineUpdater] INFO  ratis.OzoneManagerStateMachine (OzoneManagerStateMachine.java:close(471)) - StateMachine has shutdown. Shutdown OzoneManager if not already shutdown.
2021-10-06 13:08:51,703 [Time-limited test] INFO  server.RaftServer$Division (ServerState.java:close(419)) - omNode-2@group-523986131536: closes. applyIndex: 400
2021-10-06 13:08:51,703 [omNode-2@group-523986131536-SegmentedRaftLogWorker] INFO  segmented.SegmentedRaftLogWorker (SegmentedRaftLogWorker.java:run(327)) - omNode-2@group-523986131536-SegmentedRaftLogWorker was interrupted, exiting. There are 0 tasks remaining in the queue.
2021-10-06 13:08:51,704 [Time-limited test] INFO  segmented.SegmentedRaftLogWorker (SegmentedRaftLogWorker.java:close(237)) - omNode-2@group-523986131536-SegmentedRaftLogWorker close()
2021-10-06 13:08:51,705 [Time-limited test] INFO  server.GrpcService (GrpcService.java:closeImpl(262)) - omNode-2: shutdown server with port 11306 now
2021-10-06 13:08:51,714 [Time-limited test] INFO  server.GrpcService (GrpcService.java:closeImpl(271)) - omNode-2: shutdown server with port 11306 successfully
2021-10-06 13:08:51,714 [org.apache.ratis.util.JvmPauseMonitor$$Lambda$523/1217636848@613768db] INFO  util.JvmPauseMonitor (JvmPauseMonitor.java:run(109)) - JvmPauseMonitor-omNode-2: Stopped
2021-10-06 13:08:51,714 [Time-limited test] INFO  ratis.OzoneManagerDoubleBuffer (OzoneManagerDoubleBuffer.java:stop(437)) - Stopping OMDoubleBuffer flush thread
2021-10-06 13:08:51,714 [OMDoubleBufferFlushThread] INFO  ratis.OzoneManagerDoubleBuffer (OzoneManagerDoubleBuffer.java:flushTransactions(356)) - OMDoubleBuffer flush thread OMDoubleBufferFlushThread is interrupted and will exit. OMDoubleBufferFlushThread
2021-10-06 13:08:51,715 [Time-limited test] INFO  handler.ContextHandler (ContextHandler.java:doStop(1153)) - Stopped o.e.j.w.WebAppContext@2d0ac382{ozoneManager,/,null,STOPPED}{file:/home/runner/work/ozone/ozone/hadoop-ozone/integration-test/target/test-classes/webapps/ozoneManager}
2021-10-06 13:08:51,715 [Time-limited test] INFO  server.AbstractConnector (AbstractConnector.java:doStop(381)) - Stopped ServerConnector@26f3acc9{HTTP/1.1, (http/1.1)}{0.0.0.0:11304}
2021-10-06 13:08:51,715 [Time-limited test] INFO  server.session (HouseKeeper.java:stopScavenging(149)) - node0 Stopped scavenging
2021-10-06 13:08:51,716 [Time-limited test] INFO  handler.ContextHandler (ContextHandler.java:doStop(1153)) - Stopped o.e.j.s.ServletContextHandler@1a44e498{static,/static,file:///home/runner/work/ozone/ozone/hadoop-ozone/integration-test/target/test-classes/webapps/static,STOPPED}
2021-10-06 13:08:51,716 [Time-limited test] INFO  handler.ContextHandler (ContextHandler.java:doStop(1153)) - Stopped o.e.j.s.ServletContextHandler@28cc2f7b{logs,/logs,file:///home/runner/work/ozone/ozone/hadoop-ozone/integration-test/target/log,STOPPED}
2021-10-06 13:08:51,722 [Time-limited test] INFO  rpc.RpcClient (RpcClient.java:createVolume(342)) - Creating Volume: volume3b328904-a866-4220-8af1-914a892e65a2, with runner as owner and space quota set to -1 bytes, counts quota set to -1
2021-10-06 13:08:51,726 [Time-limited test] INFO  retry.RetryInvocationHandler (RetryInvocationHandler.java:log(411)) - com.google.protobuf.ServiceException: java.io.EOFException: End of File Exception between local host is: "fv-az151-432/10.1.0.31"; destination host is: "localhost":11302; : java.io.EOFException; For more details see:  http://wiki.apache.org/hadoop/EOFException, while invoking $Proxy52.submitRequest over nodeId=omNode-2,nodeAddress=127.0.0.1:11302. Trying to failover immediately.
2021-10-06 13:08:51,743 [Time-limited test] INFO  retry.RetryInvocationHandler (RetryInvocationHandler.java:log(411)) - com.google.protobuf.ServiceException: org.apache.hadoop.ipc.RemoteException(org.apache.hadoop.ozone.om.exceptions.OMNotLeaderException): OM:omNode-3 is not the leader. Could not determine the leader node.
	at org.apache.hadoop.ozone.om.ratis.utils.OzoneManagerRatisUtils.createNotLeaderException(OzoneManagerRatisUtils.java:465)
	at org.apache.hadoop.ozone.om.ratis.utils.OzoneManagerRatisUtils.checkLeaderStatus(OzoneManagerRatisUtils.java:451)
	at org.apache.hadoop.ozone.protocolPB.OzoneManagerProtocolServerSideTranslatorPB.checkLeaderStatus(OzoneManagerProtocolServerSideTranslatorPB.java:242)
	at org.apache.hadoop.ozone.protocolPB.OzoneManagerProtocolServerSideTranslatorPB.processRequest(OzoneManagerProtocolServerSideTranslatorPB.java:135)
	at org.apache.hadoop.hdds.server.OzoneProtocolMessageDispatcher.processRequest(OzoneProtocolMessageDispatcher.java:87)
	at org.apache.hadoop.ozone.protocolPB.OzoneManagerProtocolServerSideTranslatorPB.submitRequest(OzoneManagerProtocolServerSideTranslatorPB.java:123)
	at org.apache.hadoop.ozone.protocol.proto.OzoneManagerProtocolProtos$OzoneManagerService$2.callBlockingMethod(OzoneManagerProtocolProtos.java)
	at org.apache.hadoop.ipc.ProtobufRpcEngine$Server.processCall(ProtobufRpcEngine.java:466)
	at org.apache.hadoop.ipc.ProtobufRpcEngine2$Server$ProtoBufRpcInvoker.call(ProtobufRpcEngine2.java:574)
	at org.apache.hadoop.ipc.ProtobufRpcEngine2$Server$ProtoBufRpcInvoker.call(ProtobufRpcEngine2.java:552)
	at org.apache.hadoop.ipc.RPC$Server.call(RPC.java:1093)
	at org.apache.hadoop.ipc.Server$RpcCall.run(Server.java:1035)
	at org.apache.hadoop.ipc.Server$RpcCall.run(Server.java:963)
	at java.security.AccessController.doPrivileged(Native Method)
	at javax.security.auth.Subject.doAs(Subject.java:422)
	at org.apache.hadoop.security.UserGroupInformation.doAs(UserGroupInformation.java:1878)
	at org.apache.hadoop.ipc.Server$Handler.run(Server.java:2966)
, while invoking $Proxy52.submitRequest over nodeId=omNode-3,nodeAddress=127.0.0.1:11308 after 1 failover attempts. Trying to failover after sleeping for 2000ms.
2021-10-06 13:08:53,747 [Time-limited test] INFO  retry.RetryInvocationHandler (RetryInvocationHandler.java:log(411)) - com.google.protobuf.ServiceException: org.apache.hadoop.ipc.RemoteException(org.apache.hadoop.ozone.om.exceptions.OMNotLeaderException): OM:omNode-1 is not the leader. Could not determine the leader node.
	at org.apache.hadoop.ozone.om.ratis.utils.OzoneManagerRatisUtils.createNotLeaderException(OzoneManagerRatisUtils.java:465)
	at org.apache.hadoop.ozone.om.ratis.utils.OzoneManagerRatisUtils.checkLeaderStatus(OzoneManagerRatisUtils.java:451)
	at org.apache.hadoop.ozone.protocolPB.OzoneManagerProtocolServerSideTranslatorPB.checkLeaderStatus(OzoneManagerProtocolServerSideTranslatorPB.java:242)
	at org.apache.hadoop.ozone.protocolPB.OzoneManagerProtocolServerSideTranslatorPB.processRequest(OzoneManagerProtocolServerSideTranslatorPB.java:135)
	at org.apache.hadoop.hdds.server.OzoneProtocolMessageDispatcher.processRequest(OzoneProtocolMessageDispatcher.java:87)
	at org.apache.hadoop.ozone.protocolPB.OzoneManagerProtocolServerSideTranslatorPB.submitRequest(OzoneManagerProtocolServerSideTranslatorPB.java:123)
	at org.apache.hadoop.ozone.protocol.proto.OzoneManagerProtocolProtos$OzoneManagerService$2.callBlockingMethod(OzoneManagerProtocolProtos.java)
	at org.apache.hadoop.ipc.ProtobufRpcEngine$Server.processCall(ProtobufRpcEngine.java:466)
	at org.apache.hadoop.ipc.ProtobufRpcEngine2$Server$ProtoBufRpcInvoker.call(ProtobufRpcEngine2.java:574)
	at org.apache.hadoop.ipc.ProtobufRpcEngine2$Server$ProtoBufRpcInvoker.call(ProtobufRpcEngine2.java:552)
	at org.apache.hadoop.ipc.RPC$Server.call(RPC.java:1093)
	at org.apache.hadoop.ipc.Server$RpcCall.run(Server.java:1035)
	at org.apache.hadoop.ipc.Server$RpcCall.run(Server.java:963)
	at java.security.AccessController.doPrivileged(Native Method)
	at javax.security.auth.Subject.doAs(Subject.java:422)
	at org.apache.hadoop.security.UserGroupInformation.doAs(UserGroupInformation.java:1878)
	at org.apache.hadoop.ipc.Server$Handler.run(Server.java:2966)
, while invoking $Proxy52.submitRequest over nodeId=omNode-1,nodeAddress=127.0.0.1:11296 after 2 failover attempts. Trying to failover immediately.
2021-10-06 13:08:53,748 [Time-limited test] INFO  retry.RetryInvocationHandler (RetryInvocationHandler.java:log(411)) - com.google.protobuf.ServiceException: java.net.ConnectException: Call From fv-az151-432/10.1.0.31 to localhost:11302 failed on connection exception: java.net.ConnectException: Connection refused; For more details see:  http://wiki.apache.org/hadoop/ConnectionRefused, while invoking $Proxy52.submitRequest over nodeId=omNode-2,nodeAddress=127.0.0.1:11302 after 3 failover attempts. Trying to failover immediately.
2021-10-06 13:08:53,750 [Time-limited test] INFO  retry.RetryInvocationHandler (RetryInvocationHandler.java:log(411)) - com.google.protobuf.ServiceException: org.apache.hadoop.ipc.RemoteException(org.apache.hadoop.ozone.om.exceptions.OMNotLeaderException): OM:omNode-3 is not the leader. Could not determine the leader node.
	at org.apache.hadoop.ozone.om.ratis.utils.OzoneManagerRatisUtils.createNotLeaderException(OzoneManagerRatisUtils.java:465)
	at org.apache.hadoop.ozone.om.ratis.utils.OzoneManagerRatisUtils.checkLeaderStatus(OzoneManagerRatisUtils.java:451)
	at org.apache.hadoop.ozone.protocolPB.OzoneManagerProtocolServerSideTranslatorPB.checkLeaderStatus(OzoneManagerProtocolServerSideTranslatorPB.java:242)
	at org.apache.hadoop.ozone.protocolPB.OzoneManagerProtocolServerSideTranslatorPB.processRequest(OzoneManagerProtocolServerSideTranslatorPB.java:135)
	at org.apache.hadoop.hdds.server.OzoneProtocolMessageDispatcher.processRequest(OzoneProtocolMessageDispatcher.java:87)
	at org.apache.hadoop.ozone.protocolPB.OzoneManagerProtocolServerSideTranslatorPB.submitRequest(OzoneManagerProtocolServerSideTranslatorPB.java:123)
	at org.apache.hadoop.ozone.protocol.proto.OzoneManagerProtocolProtos$OzoneManagerService$2.callBlockingMethod(OzoneManagerProtocolProtos.java)
	at org.apache.hadoop.ipc.ProtobufRpcEngine$Server.processCall(ProtobufRpcEngine.java:466)
	at org.apache.hadoop.ipc.ProtobufRpcEngine2$Server$ProtoBufRpcInvoker.call(ProtobufRpcEngine2.java:574)
	at org.apache.hadoop.ipc.ProtobufRpcEngine2$Server$ProtoBufRpcInvoker.call(ProtobufRpcEngine2.java:552)
	at org.apache.hadoop.ipc.RPC$Server.call(RPC.java:1093)
	at org.apache.hadoop.ipc.Server$RpcCall.run(Server.java:1035)
	at org.apache.hadoop.ipc.Server$RpcCall.run(Server.java:963)
	at java.security.AccessController.doPrivileged(Native Method)
	at javax.security.auth.Subject.doAs(Subject.java:422)
	at org.apache.hadoop.security.UserGroupInformation.doAs(UserGroupInformation.java:1878)
	at org.apache.hadoop.ipc.Server$Handler.run(Server.java:2966)
, while invoking $Proxy52.submitRequest over nodeId=omNode-3,nodeAddress=127.0.0.1:11308 after 4 failover attempts. Trying to failover after sleeping for 2000ms.
2021-10-06 13:08:53,761 [omNode-3@group-523986131536-FollowerState] INFO  impl.FollowerState (FollowerState.java:run(134)) - omNode-3@group-523986131536-FollowerState: change to CANDIDATE, lastRpcElapsedTime:2074510775ns, electionTimeout:1147ms
2021-10-06 13:08:53,761 [omNode-3@group-523986131536-FollowerState] INFO  impl.RoleInfo (RoleInfo.java:shutdownFollowerState(108)) - omNode-3: shutdown omNode-3@group-523986131536-FollowerState
2021-10-06 13:08:53,761 [omNode-3@group-523986131536-FollowerState] INFO  server.RaftServer$Division (RaftServerImpl.java:setRole(285)) - omNode-3@group-523986131536: changes role from  FOLLOWER to CANDIDATE at term 6 for changeToCandidate
2021-10-06 13:08:53,761 [omNode-3@group-523986131536-FollowerState] INFO  server.RaftServerConfigKeys (ConfUtils.java:logGet(44)) - raft.server.leaderelection.pre-vote = false (custom)
2021-10-06 13:08:53,761 [omNode-3@group-523986131536-FollowerState] INFO  impl.RoleInfo (RoleInfo.java:updateAndGet(130)) - omNode-3: start omNode-3@group-523986131536-LeaderElection23
2021-10-06 13:08:53,763 [omNode-3@group-523986131536-LeaderElection23] INFO  server.RaftServer$Division (ServerState.java:setLeader(285)) - omNode-3@group-523986131536: change Leader from omNode-2 to null at term 6 for ELECTION
2021-10-06 13:08:53,765 [omNode-3@group-523986131536-LeaderElection23] INFO  impl.LeaderElection (LeaderElection.java:askForVotes(306)) - omNode-3@group-523986131536-LeaderElection23 ELECTION round 0: submit vote requests at term 7 for 349: [omNode-3|rpc:localhost:11312|admin:|client:|dataStream:|priority:0, omNode-1|rpc:localhost:11300|admin:|client:|dataStream:|priority:0, omNode-2|rpc:localhost:11306|admin:|client:|dataStream:|priority:0], old=null
2021-10-06 13:08:53,772 [omNode-3@group-523986131536-LeaderElection23] INFO  impl.LeaderElection (LogUtils.java:infoOrTrace(137)) - omNode-3@group-523986131536-LeaderElection23 got exception when requesting votes: java.util.concurrent.ExecutionException: org.apache.ratis.thirdparty.io.grpc.StatusRuntimeException: UNAVAILABLE: io exception
2021-10-06 13:08:53,775 [grpc-default-executor-0] INFO  server.RaftServer$Division (RaftServerImpl.java:requestVote(1043)) - omNode-1@group-523986131536: receive requestVote(ELECTION, omNode-3, group-523986131536, 7, (t:6, i:400))
2021-10-06 13:08:53,775 [grpc-default-executor-0] INFO  impl.VoteContext (VoteContext.java:log(48)) - omNode-1@group-523986131536-FOLLOWER: accept ELECTION from omNode-3: our priority 0 <= candidate's priority 0
2021-10-06 13:08:53,775 [grpc-default-executor-0] INFO  server.RaftServer$Division (ServerState.java:setLeader(285)) - omNode-1@group-523986131536: change Leader from omNode-2 to null at term 7 for updateCurrentTerm
2021-10-06 13:08:53,775 [grpc-default-executor-0] INFO  server.RaftServer$Division (RaftServerImpl.java:setRole(285)) - omNode-1@group-523986131536: changes role from  FOLLOWER to FOLLOWER at term 7 for candidate:omNode-3
2021-10-06 13:08:53,775 [grpc-default-executor-0] INFO  impl.RoleInfo (RoleInfo.java:shutdownFollowerState(108)) - omNode-1: shutdown omNode-1@group-523986131536-FollowerState
2021-10-06 13:08:53,776 [grpc-default-executor-0] INFO  impl.RoleInfo (RoleInfo.java:updateAndGet(130)) - omNode-1: start omNode-1@group-523986131536-FollowerState
2021-10-06 13:08:53,776 [omNode-1@group-523986131536-FollowerState] INFO  impl.FollowerState (FollowerState.java:run(143)) - omNode-1@group-523986131536-FollowerState was interrupted: {}
java.lang.InterruptedException: sleep interrupted
	at java.lang.Thread.sleep(Native Method)
	at java.lang.Thread.sleep(Thread.java:340)
	at java.util.concurrent.TimeUnit.sleep(TimeUnit.java:386)
	at org.apache.ratis.util.TimeDuration.sleep(TimeDuration.java:324)
	at org.apache.ratis.util.TimeDuration.sleep(TimeDuration.java:309)
	at org.apache.ratis.server.impl.FollowerState.run(FollowerState.java:118)
2021-10-06 13:08:53,778 [grpc-default-executor-0] INFO  server.RaftServer$Division (RaftServerImpl.java:requestVote(1075)) - omNode-1@group-523986131536 replies to ELECTION vote request: omNode-3<-omNode-1#0:OK-t7. Peer's state: omNode-1@group-523986131536:t7, leader=null, voted=omNode-3, raftlog=omNode-1@group-523986131536-SegmentedRaftLog:OPENED:c399,f400,i400, conf=349: [omNode-3|rpc:localhost:11312|admin:|client:|dataStream:|priority:0, omNode-1|rpc:localhost:11300|admin:|client:|dataStream:|priority:0, omNode-2|rpc:localhost:11306|admin:|client:|dataStream:|priority:0], old=null
2021-10-06 13:08:53,779 [omNode-3@group-523986131536-LeaderElection23] INFO  impl.LeaderElection (LeaderElection.java:logAndReturn(89)) - omNode-3@group-523986131536-LeaderElection23: ELECTION PASSED received 1 response(s) and 1 exception(s):
2021-10-06 13:08:53,779 [omNode-3@group-523986131536-LeaderElection23] INFO  impl.LeaderElection (LeaderElection.java:logAndReturn(93)) -   Response 0: omNode-3<-omNode-1#0:OK-t7
2021-10-06 13:08:53,779 [omNode-3@group-523986131536-LeaderElection23] INFO  impl.LeaderElection (LogUtils.java:infoOrTrace(137)) -   Exception 1: java.util.concurrent.ExecutionException: org.apache.ratis.thirdparty.io.grpc.StatusRuntimeException: UNAVAILABLE: io exception
2021-10-06 13:08:53,779 [omNode-3@group-523986131536-LeaderElection23] INFO  impl.LeaderElection (LeaderElection.java:askForVotes(308)) - omNode-3@group-523986131536-LeaderElection23 ELECTION round 0: result PASSED
2021-10-06 13:08:53,779 [omNode-3@group-523986131536-LeaderElection23] INFO  impl.RoleInfo (RoleInfo.java:shutdownLeaderElection(121)) - omNode-3: shutdown omNode-3@group-523986131536-LeaderElection23
2021-10-06 13:08:53,779 [omNode-3@group-523986131536-LeaderElection23] INFO  server.RaftServer$Division (RaftServerImpl.java:setRole(285)) - omNode-3@group-523986131536: changes role from CANDIDATE to LEADER at term 7 for changeToLeader
2021-10-06 13:08:53,779 [omNode-3@group-523986131536-LeaderElection23] INFO  server.RaftServer$Division (ServerState.java:setLeader(285)) - omNode-3@group-523986131536: change Leader from null to omNode-3 at term 7 for becomeLeader, leader elected after 16ms
2021-10-06 13:08:53,779 [omNode-3@group-523986131536-LeaderElection23] INFO  server.RaftServerConfigKeys (ConfUtils.java:logGet(44)) - raft.server.staging.catchup.gap = 1000 (default)
2021-10-06 13:08:53,780 [omNode-3@group-523986131536-LeaderElection23] INFO  server.RaftServerConfigKeys (ConfUtils.java:logGet(44)) - raft.server.write.element-limit = 4096 (default)
2021-10-06 13:08:53,780 [omNode-3@group-523986131536-LeaderElection23] INFO  server.RaftServerConfigKeys (ConfUtils.java:logGet(44)) - raft.server.write.byte-limit = 64MB (=67108864) (default)
2021-10-06 13:08:53,780 [omNode-3@group-523986131536-LeaderElection23] INFO  server.RaftServerConfigKeys (ConfUtils.java:logGet(44)) - raft.server.watch.timeout = 10s (default)
2021-10-06 13:08:53,780 [omNode-3@group-523986131536-LeaderElection23] INFO  server.RaftServerConfigKeys (ConfUtils.java:logGet(44)) - raft.server.watch.timeout.denomination = 1s (default)
2021-10-06 13:08:53,780 [omNode-3@group-523986131536-LeaderElection23] INFO  server.RaftServerConfigKeys (ConfUtils.java:logGet(44)) - raft.server.watch.element-limit = 65536 (default)
2021-10-06 13:08:53,780 [omNode-3@group-523986131536-LeaderElection23] INFO  server.RaftServerConfigKeys (ConfUtils.java:logGet(44)) - raft.server.log.appender.snapshot.chunk.size.max = 16MB (=16777216) (default)
2021-10-06 13:08:53,780 [omNode-3@group-523986131536-LeaderElection23] INFO  server.RaftServerConfigKeys (ConfUtils.java:logGet(44)) - raft.server.log.appender.buffer.byte-limit = 33554432 (custom)
2021-10-06 13:08:53,780 [omNode-3@group-523986131536-LeaderElection23] INFO  server.RaftServerConfigKeys (ConfUtils.java:logGet(44)) - raft.server.log.appender.buffer.element-limit = 1024 (custom)
2021-10-06 13:08:53,780 [omNode-3@group-523986131536-LeaderElection23] INFO  grpc.GrpcConfigKeys (ConfUtils.java:logGet(44)) - raft.grpc.server.leader.outstanding.appends.max = 128 (default)
2021-10-06 13:08:53,780 [omNode-3@group-523986131536-LeaderElection23] INFO  server.RaftServerConfigKeys (ConfUtils.java:logGet(44)) - raft.server.rpc.request.timeout = 3000ms (default)
2021-10-06 13:08:53,780 [omNode-3@group-523986131536-LeaderElection23] INFO  server.RaftServerConfigKeys (ConfUtils.java:logGet(44)) - raft.server.log.appender.install.snapshot.enabled = false (custom)
2021-10-06 13:08:53,781 [omNode-3@group-523986131536-LeaderElection23] INFO  server.RaftServerConfigKeys (ConfUtils.java:logGet(44)) - raft.server.log.appender.snapshot.chunk.size.max = 16MB (=16777216) (default)
2021-10-06 13:08:53,782 [omNode-3@group-523986131536-LeaderElection23] INFO  server.RaftServerConfigKeys (ConfUtils.java:logGet(44)) - raft.server.log.appender.buffer.byte-limit = 33554432 (custom)
2021-10-06 13:08:53,782 [omNode-3@group-523986131536-LeaderElection23] INFO  server.RaftServerConfigKeys (ConfUtils.java:logGet(44)) - raft.server.log.appender.buffer.element-limit = 1024 (custom)
2021-10-06 13:08:53,782 [omNode-3@group-523986131536-LeaderElection23] INFO  grpc.GrpcConfigKeys (ConfUtils.java:logGet(44)) - raft.grpc.server.leader.outstanding.appends.max = 128 (default)
2021-10-06 13:08:53,782 [omNode-3@group-523986131536-LeaderElection23] INFO  server.RaftServerConfigKeys (ConfUtils.java:logGet(44)) - raft.server.rpc.request.timeout = 3000ms (default)
2021-10-06 13:08:53,782 [omNode-3@group-523986131536-LeaderElection23] INFO  server.RaftServerConfigKeys (ConfUtils.java:logGet(44)) - raft.server.log.appender.install.snapshot.enabled = false (custom)
2021-10-06 13:08:53,783 [omNode-3@group-523986131536-LeaderElection23] INFO  impl.RoleInfo (RoleInfo.java:updateAndGet(130)) - omNode-3: start omNode-3@group-523986131536-LeaderStateImpl
2021-10-06 13:08:53,783 [omNode-3@group-523986131536-LeaderElection23] INFO  segmented.SegmentedRaftLogWorker (SegmentedRaftLogWorker.java:rollLogSegment(399)) - omNode-3@group-523986131536-SegmentedRaftLogWorker: Rolling segment log-349_400 to index:400
2021-10-06 13:08:53,784 [omNode-3@group-523986131536-SegmentedRaftLogWorker] INFO  segmented.SegmentedRaftLogWorker (SegmentedRaftLogWorker.java:execute(558)) - omNode-3@group-523986131536-SegmentedRaftLogWorker: Rolled log segment from /home/runner/work/ozone/ozone/hadoop-ozone/integration-test/target/test-dir/MiniOzoneClusterImpl-c79ebf65-7f2a-452c-95f4-518756688277/omNode-3/ratis/c9bc4cf4-3bc3-3c60-a66b-523986131536/current/log_inprogress_349 to /home/runner/work/ozone/ozone/hadoop-ozone/integration-test/target/test-dir/MiniOzoneClusterImpl-c79ebf65-7f2a-452c-95f4-518756688277/omNode-3/ratis/c9bc4cf4-3bc3-3c60-a66b-523986131536/current/log_349-400
2021-10-06 13:08:53,791 [grpc-default-executor-0] INFO  server.RaftServer$Division (ServerState.java:setLeader(285)) - omNode-1@group-523986131536: change Leader from null to omNode-3 at term 7 for appendEntries, leader elected after 15ms
2021-10-06 13:08:53,792 [omNode-3@group-523986131536-SegmentedRaftLogWorker] INFO  segmented.SegmentedRaftLogWorker (SegmentedRaftLogWorker.java:execute(601)) - omNode-3@group-523986131536-SegmentedRaftLogWorker: created new log segment /home/runner/work/ozone/ozone/hadoop-ozone/integration-test/target/test-dir/MiniOzoneClusterImpl-c79ebf65-7f2a-452c-95f4-518756688277/omNode-3/ratis/c9bc4cf4-3bc3-3c60-a66b-523986131536/current/log_inprogress_401
2021-10-06 13:08:53,793 [omNode-3@group-523986131536-LeaderElection23] INFO  server.RaftServer$Division (ServerState.java:setRaftConf(387)) - omNode-3@group-523986131536: set configuration 401: [omNode-3|rpc:localhost:11312|admin:|client:|dataStream:|priority:0, omNode-1|rpc:localhost:11300|admin:|client:|dataStream:|priority:0, omNode-2|rpc:localhost:11306|admin:|client:|dataStream:|priority:0], old=null
2021-10-06 13:08:53,793 [grpc-default-executor-1] WARN  server.GrpcLogAppender (LogUtils.java:warn(122)) - omNode-3@group-523986131536->omNode-2-AppendLogResponseHandler: Failed appendEntries: org.apache.ratis.thirdparty.io.grpc.StatusRuntimeException: UNAVAILABLE: io exception
2021-10-06 13:08:53,794 [grpc-default-executor-0] INFO  server.RaftServer$Division (ServerState.java:setRaftConf(387)) - omNode-1@group-523986131536: set configuration 401: [omNode-3|rpc:localhost:11312|admin:|client:|dataStream:|priority:0, omNode-1|rpc:localhost:11300|admin:|client:|dataStream:|priority:0, omNode-2|rpc:localhost:11306|admin:|client:|dataStream:|priority:0], old=null
2021-10-06 13:08:53,794 [grpc-default-executor-0] INFO  segmented.SegmentedRaftLogWorker (SegmentedRaftLogWorker.java:rollLogSegment(399)) - omNode-1@group-523986131536-SegmentedRaftLogWorker: Rolling segment log-349_400 to index:400
2021-10-06 13:08:53,795 [grpc-default-executor-1] WARN  server.GrpcLogAppender (GrpcLogAppender.java:resetClient(111)) - omNode-3@group-523986131536->omNode-2-GrpcLogAppender: Leader has not got in touch with Follower omNode-3@group-523986131536->omNode-2(c-1,m0,n402, attendVote=true, lastRpcSendTime=0, lastRpcResponseTime=1214) yet, just keep nextIndex unchanged and retry.
2021-10-06 13:08:53,798 [omNode-1@group-523986131536-SegmentedRaftLogWorker] INFO  segmented.SegmentedRaftLogWorker (SegmentedRaftLogWorker.java:execute(558)) - omNode-1@group-523986131536-SegmentedRaftLogWorker: Rolled log segment from /home/runner/work/ozone/ozone/hadoop-ozone/integration-test/target/test-dir/MiniOzoneClusterImpl-c79ebf65-7f2a-452c-95f4-518756688277/omNode-1/ratis/c9bc4cf4-3bc3-3c60-a66b-523986131536/current/log_inprogress_349 to /home/runner/work/ozone/ozone/hadoop-ozone/integration-test/target/test-dir/MiniOzoneClusterImpl-c79ebf65-7f2a-452c-95f4-518756688277/omNode-1/ratis/c9bc4cf4-3bc3-3c60-a66b-523986131536/current/log_349-400
2021-10-06 13:08:53,805 [omNode-1@group-523986131536-SegmentedRaftLogWorker] INFO  segmented.SegmentedRaftLogWorker (SegmentedRaftLogWorker.java:execute(601)) - omNode-1@group-523986131536-SegmentedRaftLogWorker: created new log segment /home/runner/work/ozone/ozone/hadoop-ozone/integration-test/target/test-dir/MiniOzoneClusterImpl-c79ebf65-7f2a-452c-95f4-518756688277/omNode-1/ratis/c9bc4cf4-3bc3-3c60-a66b-523986131536/current/log_inprogress_401
2021-10-06 13:08:53,818 [omNode-3@group-523986131536-StateMachineUpdater] INFO  ratis.OzoneManagerStateMachine (OzoneManagerStateMachine.java:notifyConfigurationChanged(188)) - Received Configuration change notification from Ratis. New Peer list:
[id: "omNode-3"
address: "localhost:11312"
, id: "omNode-1"
address: "localhost:11300"
, id: "omNode-2"
address: "localhost:11306"
]
2021-10-06 13:08:53,818 [grpc-default-executor-0] WARN  server.GrpcLogAppender (LogUtils.java:warn(122)) - omNode-3@group-523986131536->omNode-2-AppendLogResponseHandler: Failed appendEntries: org.apache.ratis.thirdparty.io.grpc.StatusRuntimeException: UNAVAILABLE: io exception
2021-10-06 13:08:53,820 [grpc-default-executor-0] WARN  server.GrpcLogAppender (GrpcLogAppender.java:resetClient(111)) - omNode-3@group-523986131536->omNode-2-GrpcLogAppender: Leader has not got in touch with Follower omNode-3@group-523986131536->omNode-2(c-1,m0,n403, attendVote=true, lastRpcSendTime=26, lastRpcResponseTime=1240) yet, just keep nextIndex unchanged and retry.
2021-10-06 13:08:53,821 [omNode-1@group-523986131536-StateMachineUpdater] INFO  ratis.OzoneManagerStateMachine (OzoneManagerStateMachine.java:notifyConfigurationChanged(188)) - Received Configuration change notification from Ratis. New Peer list:
[id: "omNode-3"
address: "localhost:11312"
, id: "omNode-1"
address: "localhost:11300"
, id: "omNode-2"
address: "localhost:11306"
]
2021-10-06 13:08:54,320 [grpc-default-executor-1] WARN  server.GrpcLogAppender (LogUtils.java:warn(122)) - omNode-3@group-523986131536->omNode-2-AppendLogResponseHandler: Failed appendEntries: org.apache.ratis.thirdparty.io.grpc.StatusRuntimeException: UNAVAILABLE: io exception
2021-10-06 13:08:54,321 [grpc-default-executor-1] WARN  server.GrpcLogAppender (GrpcLogAppender.java:resetClient(111)) - omNode-3@group-523986131536->omNode-2-GrpcLogAppender: Leader has not got in touch with Follower omNode-3@group-523986131536->omNode-2(c-1,m0,n403, attendVote=true, lastRpcSendTime=501, lastRpcResponseTime=1741) yet, just keep nextIndex unchanged and retry.
2021-10-06 13:08:54,823 [grpc-default-executor-0] WARN  server.GrpcLogAppender (LogUtils.java:warn(122)) - omNode-3@group-523986131536->omNode-2-AppendLogResponseHandler: Failed appendEntries: org.apache.ratis.thirdparty.io.grpc.StatusRuntimeException: UNAVAILABLE: io exception
2021-10-06 13:08:54,824 [grpc-default-executor-0] WARN  server.GrpcLogAppender (GrpcLogAppender.java:resetClient(111)) - omNode-3@group-523986131536->omNode-2-GrpcLogAppender: Leader has not got in touch with Follower omNode-3@group-523986131536->omNode-2(c-1,m0,n403, attendVote=true, lastRpcSendTime=501, lastRpcResponseTime=2243) yet, just keep nextIndex unchanged and retry.
2021-10-06 13:08:55,333 [grpc-default-executor-0] WARN  server.GrpcLogAppender (LogUtils.java:warn(122)) - omNode-3@group-523986131536->omNode-2-AppendLogResponseHandler: Failed appendEntries: org.apache.ratis.thirdparty.io.grpc.StatusRuntimeException: UNAVAILABLE: io exception
2021-10-06 13:08:55,334 [grpc-default-executor-0] WARN  server.GrpcLogAppender (GrpcLogAppender.java:resetClient(111)) - omNode-3@group-523986131536->omNode-2-GrpcLogAppender: Leader has not got in touch with Follower omNode-3@group-523986131536->omNode-2(c-1,m0,n403, attendVote=true, lastRpcSendTime=506, lastRpcResponseTime=2754) yet, just keep nextIndex unchanged and retry.
2021-10-06 13:08:55,756 [Time-limited test] ERROR ha.OMFailoverProxyProvider (OMFailoverProxyProvider.java:getRetryAction(292)) - Failed to connect to OMs: [nodeId=omNode-3,nodeAddress=127.0.0.1:11308, nodeId=omNode-1,nodeAddress=127.0.0.1:11296, nodeId=omNode-2,nodeAddress=127.0.0.1:11302]. Attempted 5 failovers.
2021-10-06 13:08:55,756 [Time-limited test] INFO  om.OzoneManager (OzoneManager.java:stop(1644)) - Stopping Ozone Manager
2021-10-06 13:08:55,756 [Time-limited test] INFO  ipc.Server (Server.java:stop(3414)) - Stopping server on 11308
2021-10-06 13:08:55,761 [IPC Server Responder] INFO  ipc.Server (Server.java:run(1512)) - Stopping IPC Server Responder
2021-10-06 13:08:55,761 [IPC Server listener on 11308] INFO  ipc.Server (Server.java:run(1376)) - Stopping IPC Server listener on 11308
2021-10-06 13:08:55,761 [Time-limited test] INFO  server.RaftServer (RaftServerProxy.java:lambda$close$6(391)) - omNode-3: close
2021-10-06 13:08:55,761 [Time-limited test] INFO  server.RaftServer$Division (RaftServerImpl.java:lambda$close$4(407)) - omNode-3@group-523986131536: shutdown
2021-10-06 13:08:55,762 [Time-limited test] INFO  util.JmxRegister (JmxRegister.java:unregister(73)) - Successfully un-registered JMX Bean with object name Ratis:service=RaftServer,group=group-523986131536,id=omNode-3
2021-10-06 13:08:55,762 [Time-limited test] INFO  impl.RoleInfo (RoleInfo.java:shutdownLeaderState(91)) - omNode-3: shutdown omNode-3@group-523986131536-LeaderStateImpl
2021-10-06 13:08:55,762 [Time-limited test] INFO  impl.PendingRequests (PendingRequests.java:sendNotLeaderResponses(282)) - omNode-3@group-523986131536-PendingRequests: sendNotLeaderResponses
2021-10-06 13:08:55,762 [omNode-3@group-523986131536->omNode-1-GrpcLogAppender-LogAppenderDaemon] WARN  server.GrpcLogAppender (GrpcLogAppender.java:mayWait(175)) - omNode-3@group-523986131536->omNode-1-GrpcLogAppender: Wait interrupted by java.lang.InterruptedException
2021-10-06 13:08:55,763 [grpc-default-executor-0] INFO  server.GrpcServerProtocolService (GrpcServerProtocolService.java:onCompleted(140)) - omNode-1: Completed APPEND_ENTRIES, lastRequest: omNode-3->omNode-1#2-t7,previous=(t:7, i:401),leaderCommit=401,initializing? true,entries: size=1, first=(t:7, i:402), METADATAENTRY(c:401)
2021-10-06 13:08:55,763 [omNode-3@group-523986131536-StateMachineUpdater] INFO  ratis.OzoneManagerStateMachine (OzoneManagerStateMachine.java:takeSnapshot(417)) - Current Snapshot Index (t:7, i:402)
2021-10-06 13:08:55,763 [omNode-3@group-523986131536-StateMachineUpdater] INFO  impl.StateMachineUpdater (StateMachineUpdater.java:takeSnapshot(281)) - omNode-3@group-523986131536-StateMachineUpdater: Took a snapshot at index 402
2021-10-06 13:08:55,763 [omNode-3@group-523986131536-StateMachineUpdater] INFO  impl.StateMachineUpdater (StateMachineUpdater.java:lambda$new$0(89)) - omNode-3@group-523986131536-StateMachineUpdater: snapshotIndex: updateIncreasingly 398 -> 402
2021-10-06 13:08:55,763 [omNode-3@group-523986131536-StateMachineUpdater] INFO  ratis.OzoneManagerStateMachine (OzoneManagerStateMachine.java:close(471)) - StateMachine has shutdown. Shutdown OzoneManager if not already shutdown.
2021-10-06 13:08:55,763 [grpc-default-executor-1] INFO  server.GrpcLogAppender (GrpcLogAppender.java:onCompleted(344)) - omNode-3@group-523986131536->omNode-1-AppendLogResponseHandler: follower responses appendEntries COMPLETED
2021-10-06 13:08:55,764 [grpc-default-executor-1] INFO  leader.FollowerInfo (FollowerInfoImpl.java:lambda$new$0(46)) - omNode-3@group-523986131536->omNode-1: nextIndex: updateUnconditionally 403 -> 402
2021-10-06 13:08:55,764 [Time-limited test] INFO  impl.StateMachineUpdater (StateMachineUpdater.java:stopAndJoin(149)) - omNode-3@group-523986131536-StateMachineUpdater: set stopIndex = 402
2021-10-06 13:08:55,764 [Time-limited test] INFO  server.RaftServer$Division (ServerState.java:close(419)) - omNode-3@group-523986131536: closes. applyIndex: 402
2021-10-06 13:08:55,764 [omNode-3@group-523986131536-SegmentedRaftLogWorker] INFO  segmented.SegmentedRaftLogWorker (SegmentedRaftLogWorker.java:run(327)) - omNode-3@group-523986131536-SegmentedRaftLogWorker was interrupted, exiting. There are 0 tasks remaining in the queue.
2021-10-06 13:08:55,765 [Time-limited test] INFO  segmented.SegmentedRaftLogWorker (SegmentedRaftLogWorker.java:close(237)) - omNode-3@group-523986131536-SegmentedRaftLogWorker close()
2021-10-06 13:08:55,767 [Time-limited test] INFO  server.GrpcService (GrpcService.java:closeImpl(262)) - omNode-3: shutdown server with port 11312 now
2021-10-06 13:08:55,771 [Time-limited test] INFO  server.GrpcService (GrpcService.java:closeImpl(271)) - omNode-3: shutdown server with port 11312 successfully
2021-10-06 13:08:55,772 [org.apache.ratis.util.JvmPauseMonitor$$Lambda$523/1217636848@53510925] INFO  util.JvmPauseMonitor (JvmPauseMonitor.java:run(109)) - JvmPauseMonitor-omNode-3: Stopped
2021-10-06 13:08:55,772 [Time-limited test] INFO  ratis.OzoneManagerDoubleBuffer (OzoneManagerDoubleBuffer.java:stop(437)) - Stopping OMDoubleBuffer flush thread
2021-10-06 13:08:55,773 [OMDoubleBufferFlushThread] INFO  ratis.OzoneManagerDoubleBuffer (OzoneManagerDoubleBuffer.java:flushTransactions(356)) - OMDoubleBuffer flush thread OMDoubleBufferFlushThread is interrupted and will exit. OMDoubleBufferFlushThread
2021-10-06 13:08:55,774 [Time-limited test] INFO  handler.ContextHandler (ContextHandler.java:doStop(1153)) - Stopped o.e.j.w.WebAppContext@1e3e24bd{ozoneManager,/,null,STOPPED}{file:/home/runner/work/ozone/ozone/hadoop-ozone/integration-test/target/test-classes/webapps/ozoneManager}
2021-10-06 13:08:55,774 [Time-limited test] INFO  server.AbstractConnector (AbstractConnector.java:doStop(381)) - Stopped ServerConnector@7f6be236{HTTP/1.1, (http/1.1)}{0.0.0.0:11310}
2021-10-06 13:08:55,774 [Time-limited test] INFO  server.session (HouseKeeper.java:stopScavenging(149)) - node0 Stopped scavenging
2021-10-06 13:08:55,775 [Time-limited test] INFO  handler.ContextHandler (ContextHandler.java:doStop(1153)) - Stopped o.e.j.s.ServletContextHandler@7ad1230b{static,/static,file:///home/runner/work/ozone/ozone/hadoop-ozone/integration-test/target/test-classes/webapps/static,STOPPED}
2021-10-06 13:08:55,775 [Time-limited test] INFO  handler.ContextHandler (ContextHandler.java:doStop(1153)) - Stopped o.e.j.s.ServletContextHandler@3886686f{logs,/logs,file:///home/runner/work/ozone/ozone/hadoop-ozone/integration-test/target/log,STOPPED}
2021-10-06 13:08:55,777 [Time-limited test] INFO  om.OzoneManager (OzoneManager.java:initFSOLayout(4333)) - Configured ozone.om.metadata.layout=SIMPLE and disabled optimized OM FS operations
2021-10-06 13:08:55,777 [Time-limited test] INFO  om.OzoneManager (OzoneManager.java:restart(1365)) - OzoneManager RPC server is listening at localhost/127.0.0.1:11308
2021-10-06 13:08:55,777 [Time-limited test] INFO  impl.MetricsSystemImpl (MetricsSystemImpl.java:init(158)) - OzoneManager metrics system started (again)
2021-10-06 13:08:55,792 [Time-limited test] WARN  server.ServerUtils (ServerUtils.java:getDBPath(225)) - ozone.om.db.dirs is not configured. We recommend adding this setting. Falling back to ozone.metadata.dirs instead.
2021-10-06 13:08:55,793 [Time-limited test] INFO  codec.OmKeyInfoCodec (OmKeyInfoCodec.java:<init>(51)) - OmKeyInfoCodec ignorePipeline = true
2021-10-06 13:08:55,793 [Time-limited test] INFO  codec.RepeatedOmKeyInfoCodec (RepeatedOmKeyInfoCodec.java:<init>(42)) - RepeatedOmKeyInfoCodec ignorePipeline = true
2021-10-06 13:08:55,880 [Time-limited test] WARN  impl.MetricRegistriesImpl (MetricRegistriesImpl.java:addReporterRegistration(111)) - New reporters are added after registries were created. Some metrics will be missing from the reporter. Please add reporter before adding any new registry.
2021-10-06 13:08:55,880 [Time-limited test] WARN  impl.MetricRegistriesImpl (MetricRegistriesImpl.java:addReporterRegistration(111)) - New reporters are added after registries were created. Some metrics will be missing from the reporter. Please add reporter before adding any new registry.
2021-10-06 13:08:55,880 [Time-limited test] WARN  server.ServerUtils (ServerUtils.java:getDefaultRatisDirectory(237)) - Storage directory for Ratis is not configured. It is a good idea to map this to an SSD disk. Falling back to ozone.metadata.dirs
2021-10-06 13:08:55,882 [Time-limited test] INFO  ratis.OzoneManagerRatisServer (OzoneManagerRatisServer.java:<init>(158)) - Instantiating OM Ratis server with groupID: om-service-test1 and peers: localhost:11312, localhost:11300, localhost:11306
2021-10-06 13:08:55,882 [Time-limited test] INFO  ratis.OzoneManagerStateMachine (OzoneManagerStateMachine.java:loadSnapshotInfoFromDB(605)) - LastAppliedIndex is set from TransactionInfo from OM DB as (t:7, i:402)
2021-10-06 13:08:55,883 [Time-limited test] INFO  server.RaftServer (ConfUtils.java:logGet(44)) - raft.rpc.type = GRPC (default)
2021-10-06 13:08:55,883 [Time-limited test] INFO  grpc.GrpcFactory (GrpcFactory.java:checkPooledByteBufAllocatorUseCacheForAllThreads(48)) - PERFORMANCE WARNING: useCacheForAllThreads is true that may cause Netty to create a lot garbage objects and, as a result, trigger GC.
	It is recommended to disable useCacheForAllThreads by setting -Dorg.apache.ratis.thirdparty.io.netty.allocator.useCacheForAllThreads=false in command line.
2021-10-06 13:08:55,883 [Time-limited test] INFO  grpc.GrpcConfigKeys (ConfUtils.java:logGet(44)) - raft.grpc.admin.port = -1 (default)
2021-10-06 13:08:55,883 [Time-limited test] INFO  grpc.GrpcConfigKeys (ConfUtils.java:logGet(44)) - raft.grpc.server.port = 11312 (custom)
2021-10-06 13:08:55,884 [Time-limited test] INFO  grpc.GrpcConfigKeys (ConfUtils.java:logGet(44)) - raft.grpc.client.port = -1 (default)
2021-10-06 13:08:55,884 [Time-limited test] INFO  grpc.GrpcConfigKeys (ConfUtils.java:logGet(44)) - raft.grpc.server.port = 11312 (custom)
2021-10-06 13:08:55,884 [Time-limited test] INFO  grpc.GrpcConfigKeys (ConfUtils.java:logGet(44)) - raft.grpc.server.port = 11312 (custom)
2021-10-06 13:08:55,884 [Time-limited test] INFO  server.GrpcService (ConfUtils.java:logGet(44)) - raft.grpc.message.size.max = 33554432 (custom)
2021-10-06 13:08:55,884 [Time-limited test] INFO  server.RaftServerConfigKeys (ConfUtils.java:logGet(44)) - raft.server.log.appender.buffer.byte-limit = 33554432 (custom)
2021-10-06 13:08:55,884 [Time-limited test] INFO  server.GrpcService (ConfUtils.java:logGet(44)) - raft.grpc.flow.control.window = 1MB (=1048576) (default)
2021-10-06 13:08:55,884 [Time-limited test] INFO  server.RaftServerConfigKeys (ConfUtils.java:logGet(44)) - raft.server.rpc.request.timeout = 3000ms (default)
2021-10-06 13:08:55,885 [Time-limited test] INFO  impl.DataStreamServerImpl (ConfUtils.java:logGet(44)) - raft.datastream.type = DISABLED (default)
2021-10-06 13:08:55,886 [Time-limited test] INFO  server.RaftServerConfigKeys (ConfUtils.java:logGet(44)) - raft.server.rpc.slowness.timeout = 2s (custom)
2021-10-06 13:08:55,886 [Time-limited test] INFO  server.RaftServerConfigKeys (ConfUtils.java:logGet(44)) - raft.server.leaderelection.leader.step-down.wait-time = 10s (default)
2021-10-06 13:08:55,886 [Time-limited test] INFO  server.RaftServerConfigKeys (ConfUtils.java:logGet(44)) - raft.server.storage.dir = [/home/runner/work/ozone/ozone/hadoop-ozone/integration-test/target/test-dir/MiniOzoneClusterImpl-c79ebf65-7f2a-452c-95f4-518756688277/omNode-3/ratis] (custom)
2021-10-06 13:08:55,886 [Time-limited test] INFO  server.RaftServer (RaftServerProxy.java:lambda$null$1(235)) - omNode-3: found a subdirectory /home/runner/work/ozone/ozone/hadoop-ozone/integration-test/target/test-dir/MiniOzoneClusterImpl-c79ebf65-7f2a-452c-95f4-518756688277/omNode-3/ratis/c9bc4cf4-3bc3-3c60-a66b-523986131536
2021-10-06 13:08:55,887 [Time-limited test] INFO  server.RaftServer (RaftServerProxy.java:addNew(95)) - omNode-3: addNew group-523986131536:[omNode-3|rpc:localhost:11312|priority:0, omNode-1|rpc:localhost:11300|priority:0, omNode-2|rpc:localhost:11306|priority:0] returns group-523986131536:java.util.concurrent.CompletableFuture@3127ec75[Not completed]
2021-10-06 13:08:55,887 [Time-limited test] INFO  om.OzoneManager (OzoneManager.java:initializeRatisServer(1585)) - OzoneManager Ratis server initialized at port 11312
2021-10-06 13:08:55,887 [pool-455-thread-1] INFO  server.RaftServer$Division (RaftServerImpl.java:<init>(181)) - omNode-3: new RaftServerImpl for group-523986131536:[omNode-3|rpc:localhost:11312|priority:0, omNode-1|rpc:localhost:11300|priority:0, omNode-2|rpc:localhost:11306|priority:0] with OzoneManagerStateMachine:uninitialized
2021-10-06 13:08:55,887 [Time-limited test] INFO  ratis.OzoneManagerRatisServer (OzoneManagerRatisServer.java:start(516)) - Starting OzoneManagerRatisServer omNode-3 at port 11312
2021-10-06 13:08:55,888 [pool-455-thread-1] INFO  server.RaftServerConfigKeys (ConfUtils.java:logGet(44)) - raft.server.rpc.timeout.min = 1s (custom)
2021-10-06 13:08:55,888 [pool-455-thread-1] INFO  server.RaftServerConfigKeys (ConfUtils.java:logGet(44)) - raft.server.rpc.timeout.max = 1200ms (custom)
2021-10-06 13:08:55,888 [pool-455-thread-1] INFO  server.RaftServerConfigKeys (ConfUtils.java:logGet(44)) - raft.server.rpc.sleep.time = 25ms (default)
2021-10-06 13:08:55,888 [pool-455-thread-1] INFO  server.RaftServerConfigKeys (ConfUtils.java:logGet(44)) - raft.server.rpc.slowness.timeout = 2s (custom)
2021-10-06 13:08:55,888 [pool-455-thread-1] INFO  server.RaftServerConfigKeys (ConfUtils.java:logGet(44)) - raft.server.leaderelection.leader.step-down.wait-time = 10s (default)
2021-10-06 13:08:55,888 [pool-455-thread-1] INFO  server.RaftServerConfigKeys (ConfUtils.java:logGet(44)) - raft.server.sleep.deviation.threshold = 300ms (default)
2021-10-06 13:08:55,888 [pool-455-thread-1] INFO  server.RaftServerConfigKeys (ConfUtils.java:logGet(44)) - raft.server.log.appender.install.snapshot.enabled = false (custom)
2021-10-06 13:08:55,888 [pool-455-thread-1] INFO  server.RaftServer$Division (ServerState.java:<init>(105)) - omNode-3@group-523986131536: ConfigurationManager, init=-1: [omNode-3|rpc:localhost:11312|priority:0, omNode-1|rpc:localhost:11300|priority:0, omNode-2|rpc:localhost:11306|priority:0], old=null, confs=<EMPTY_MAP>
2021-10-06 13:08:55,888 [pool-455-thread-1] INFO  server.RaftServerConfigKeys (ConfUtils.java:logGet(44)) - raft.server.storage.dir = [/home/runner/work/ozone/ozone/hadoop-ozone/integration-test/target/test-dir/MiniOzoneClusterImpl-c79ebf65-7f2a-452c-95f4-518756688277/omNode-3/ratis] (custom)
2021-10-06 13:08:55,888 [pool-455-thread-1] INFO  server.RaftServerConfigKeys (ConfUtils.java:logGet(44)) - raft.server.log.corruption.policy = EXCEPTION (default)
2021-10-06 13:08:55,889 [pool-455-thread-1] INFO  server.RaftServerConfigKeys (ConfUtils.java:logGet(44)) - raft.server.storage.free-space.min = 0MB (=0) (default)
2021-10-06 13:08:55,890 [pool-455-thread-1] INFO  storage.RaftStorageDirectory (RaftStorageDirectoryImpl.java:tryLock(230)) - Lock on /home/runner/work/ozone/ozone/hadoop-ozone/integration-test/target/test-dir/MiniOzoneClusterImpl-c79ebf65-7f2a-452c-95f4-518756688277/omNode-3/ratis/c9bc4cf4-3bc3-3c60-a66b-523986131536/in_use.lock acquired by nodename 7604@fv-az151-432
2021-10-06 13:08:55,890 [pool-455-thread-1] INFO  storage.RaftStorage (RaftStorageImpl.java:analyzeAndRecoverStorage(110)) - Read RaftStorageMetadata{term=7, votedFor=omNode-3} from /home/runner/work/ozone/ozone/hadoop-ozone/integration-test/target/test-dir/MiniOzoneClusterImpl-c79ebf65-7f2a-452c-95f4-518756688277/omNode-3/ratis/c9bc4cf4-3bc3-3c60-a66b-523986131536/current/raft-meta
2021-10-06 13:08:55,890 [pool-455-thread-1] INFO  server.RaftServer$Division (ServerState.java:setRaftConf(387)) - omNode-3@group-523986131536: set configuration 401: [omNode-3|rpc:localhost:11312|admin:|client:|dataStream:|priority:0, omNode-1|rpc:localhost:11300|admin:|client:|dataStream:|priority:0, omNode-2|rpc:localhost:11306|admin:|client:|dataStream:|priority:0], old=null
2021-10-06 13:08:55,890 [pool-455-thread-1] INFO  server.RaftServerConfigKeys (ConfUtils.java:logGet(44)) - raft.server.notification.no-leader.timeout = 2s (custom)
2021-10-06 13:08:55,891 [pool-455-thread-1] INFO  server.RaftServerConfigKeys (ConfUtils.java:logGet(44)) - raft.server.log.use.memory = false (default)
2021-10-06 13:08:55,891 [pool-455-thread-1] INFO  server.RaftServerConfigKeys (ConfUtils.java:logGet(44)) - raft.server.log.purge.gap = 50 (custom)
2021-10-06 13:08:55,891 [pool-455-thread-1] INFO  server.RaftServerConfigKeys (ConfUtils.java:logGet(44)) - raft.server.log.appender.buffer.byte-limit = 33554432 (custom)
2021-10-06 13:08:55,891 [pool-455-thread-1] INFO  server.RaftServerConfigKeys (ConfUtils.java:logGet(44)) - raft.server.log.segment.size.max = 4194304 (custom)
2021-10-06 13:08:55,891 [pool-455-thread-1] INFO  server.RaftServerConfigKeys (ConfUtils.java:logGet(44)) - raft.server.log.segment.cache.num.max = 2 (custom)
2021-10-06 13:08:55,891 [pool-455-thread-1] INFO  server.RaftServerConfigKeys (ConfUtils.java:logGet(44)) - raft.server.log.segment.cache.size.max = 200MB (=209715200) (default)
2021-10-06 13:08:55,892 [pool-455-thread-1] INFO  segmented.SegmentedRaftLogWorker (SegmentedRaftLogWorker.java:<init>(182)) - new omNode-3@group-523986131536-SegmentedRaftLogWorker for RaftStorageImpl:Storage Directory /home/runner/work/ozone/ozone/hadoop-ozone/integration-test/target/test-dir/MiniOzoneClusterImpl-c79ebf65-7f2a-452c-95f4-518756688277/omNode-3/ratis/c9bc4cf4-3bc3-3c60-a66b-523986131536
2021-10-06 13:08:55,892 [pool-455-thread-1] INFO  server.RaftServerConfigKeys (ConfUtils.java:logGet(44)) - raft.server.log.queue.byte-limit = 64MB (=67108864) (default)
2021-10-06 13:08:55,892 [pool-455-thread-1] INFO  server.RaftServerConfigKeys (ConfUtils.java:logGet(44)) - raft.server.log.queue.element-limit = 4096 (default)
2021-10-06 13:08:55,892 [pool-455-thread-1] INFO  server.RaftServerConfigKeys (ConfUtils.java:logGet(44)) - raft.server.log.segment.size.max = 4194304 (custom)
2021-10-06 13:08:55,892 [pool-455-thread-1] INFO  server.RaftServerConfigKeys (ConfUtils.java:logGet(44)) - raft.server.log.preallocated.size = 4194304 (custom)
2021-10-06 13:08:55,892 [pool-455-thread-1] INFO  server.RaftServerConfigKeys (ConfUtils.java:logGet(44)) - raft.server.log.force.sync.num = 128 (default)
2021-10-06 13:08:55,892 [pool-455-thread-1] INFO  server.RaftServerConfigKeys (ConfUtils.java:logGet(44)) - raft.server.log.statemachine.data.sync = true (default)
2021-10-06 13:08:55,892 [pool-455-thread-1] INFO  server.RaftServerConfigKeys (ConfUtils.java:logGet(44)) - raft.server.log.statemachine.data.sync.timeout = 10s (default)
2021-10-06 13:08:55,892 [pool-455-thread-1] INFO  server.RaftServerConfigKeys (ConfUtils.java:logGet(44)) - raft.server.log.statemachine.data.sync.timeout.retry = -1 (default)
2021-10-06 13:08:55,893 [pool-455-thread-1] INFO  server.RaftServerConfigKeys (ConfUtils.java:logGet(44)) - raft.server.log.write.buffer.size = 64KB (=65536) (default)
2021-10-06 13:08:55,893 [pool-455-thread-1] INFO  server.RaftServerConfigKeys (ConfUtils.java:logGet(44)) - raft.server.log.statemachine.data.caching.enabled = false (default)
2021-10-06 13:08:55,896 [pool-455-thread-1] INFO  server.RaftServer$Division (ServerState.java:setRaftConf(387)) - omNode-3@group-523986131536: set configuration 349: [omNode-3|rpc:localhost:11312|admin:|client:|dataStream:|priority:0, omNode-1|rpc:localhost:11300|admin:|client:|dataStream:|priority:0, omNode-2|rpc:localhost:11306|admin:|client:|dataStream:|priority:0], old=null
2021-10-06 13:08:55,898 [pool-455-thread-1] INFO  segmented.LogSegment (LogSegment.java:loadSegment(173)) - Successfully read 52 entries from segment file /home/runner/work/ozone/ozone/hadoop-ozone/integration-test/target/test-dir/MiniOzoneClusterImpl-c79ebf65-7f2a-452c-95f4-518756688277/omNode-3/ratis/c9bc4cf4-3bc3-3c60-a66b-523986131536/current/log_349-400
2021-10-06 13:08:55,899 [pool-455-thread-1] INFO  server.RaftServer$Division (ServerState.java:setRaftConf(387)) - omNode-3@group-523986131536: set configuration 401: [omNode-3|rpc:localhost:11312|admin:|client:|dataStream:|priority:0, omNode-1|rpc:localhost:11300|admin:|client:|dataStream:|priority:0, omNode-2|rpc:localhost:11306|admin:|client:|dataStream:|priority:0], old=null
2021-10-06 13:08:55,899 [pool-455-thread-1] INFO  segmented.LogSegment (LogSegment.java:loadSegment(173)) - Successfully read 2 entries from segment file /home/runner/work/ozone/ozone/hadoop-ozone/integration-test/target/test-dir/MiniOzoneClusterImpl-c79ebf65-7f2a-452c-95f4-518756688277/omNode-3/ratis/c9bc4cf4-3bc3-3c60-a66b-523986131536/current/log_inprogress_401
2021-10-06 13:08:55,899 [pool-455-thread-1] INFO  segmented.SegmentedRaftLogWorker (SegmentedRaftLogWorker.java:lambda$new$0(133)) - omNode-3@group-523986131536-SegmentedRaftLogWorker: flushIndex: setUnconditionally 0 -> 402
2021-10-06 13:08:55,900 [pool-455-thread-1] INFO  segmented.SegmentedRaftLogWorker (SegmentedRaftLogWorker.java:lambda$new$0(133)) - omNode-3@group-523986131536-SegmentedRaftLogWorker: safeCacheEvictIndex: setUnconditionally 0 -> 400
2021-10-06 13:08:55,902 [pool-455-thread-1] INFO  raftlog.RaftLog (RaftLogBase.java:lambda$new$0(53)) - omNode-3@group-523986131536-SegmentedRaftLog: commitIndex: updateToMax old=402, new=401, updated? false
2021-10-06 13:08:55,903 [pool-455-thread-1] INFO  raftlog.RaftLog (RaftLogBase.java:lambda$new$0(53)) - omNode-3@group-523986131536-SegmentedRaftLog: purgeIndex: updateIncreasingly -1 -> 348
2021-10-06 13:08:55,903 [pool-455-thread-1] INFO  server.RaftServerConfigKeys (ConfUtils.java:logGet(44)) - raft.server.snapshot.auto.trigger.enabled = true (custom)
2021-10-06 13:08:55,903 [pool-455-thread-1] INFO  server.RaftServerConfigKeys (ConfUtils.java:logGet(44)) - raft.server.snapshot.auto.trigger.threshold = 50 (custom)
2021-10-06 13:08:55,903 [pool-455-thread-1] INFO  server.RaftServerConfigKeys (ConfUtils.java:logGet(44)) - raft.server.snapshot.retention.file.num = -1 (default)
2021-10-06 13:08:55,903 [pool-455-thread-1] INFO  server.RaftServerConfigKeys (ConfUtils.java:logGet(44)) - raft.server.log.purge.upto.snapshot.index = true (custom)
2021-10-06 13:08:55,903 [pool-455-thread-1] INFO  server.RaftServerConfigKeys (ConfUtils.java:logGet(44)) - raft.server.retrycache.expirytime = 30000ms (custom)
2021-10-06 13:08:55,903 [pool-455-thread-1] INFO  server.RaftServerConfigKeys (ConfUtils.java:logGet(44)) - raft.server.retrycache.statistics.expirytime = 100μs (default)
2021-10-06 13:08:55,904 [Time-limited test] INFO  server.RaftServer$Division (RaftServerImpl.java:start(296)) - omNode-3@group-523986131536: start as a follower, conf=401: [omNode-3|rpc:localhost:11312|admin:|client:|dataStream:|priority:0, omNode-1|rpc:localhost:11300|admin:|client:|dataStream:|priority:0, omNode-2|rpc:localhost:11306|admin:|client:|dataStream:|priority:0], old=null
2021-10-06 13:08:55,904 [Time-limited test] INFO  server.RaftServer$Division (RaftServerImpl.java:setRole(285)) - omNode-3@group-523986131536: changes role from      null to FOLLOWER at term 7 for startAsFollower
2021-10-06 13:08:55,905 [Time-limited test] INFO  impl.RoleInfo (RoleInfo.java:updateAndGet(130)) - omNode-3: start omNode-3@group-523986131536-FollowerState
2021-10-06 13:08:55,905 [Time-limited test] INFO  util.JmxRegister (JmxRegister.java:tryRegister(44)) - Successfully registered JMX Bean with object name Ratis:service=RaftServer,group=group-523986131536,id=omNode-3
2021-10-06 13:08:55,906 [Time-limited test] INFO  server.RaftServer (RaftServerProxy.java:lambda$start$5(374)) - omNode-3: start RPC server
2021-10-06 13:08:55,906 [Time-limited test] INFO  server.GrpcService (GrpcService.java:startImpl(253)) - omNode-3: GrpcService started, listening on 11312
2021-10-06 13:08:55,907 [org.apache.ratis.util.JvmPauseMonitor$$Lambda$523/1217636848@5860f4eb] INFO  util.JvmPauseMonitor (JvmPauseMonitor.java:run(103)) - JvmPauseMonitor-omNode-3: Started
2021-10-06 13:08:55,908 [Time-limited test] INFO  ipc.CallQueueManager (CallQueueManager.java:<init>(90)) - Using callQueue: class java.util.concurrent.LinkedBlockingQueue, queueCapacity: 2000, scheduler: class org.apache.hadoop.ipc.DefaultRpcScheduler, ipcBackoff: false.
2021-10-06 13:08:55,908 [Socket Reader #1 for port 11308] INFO  ipc.Server (Server.java:run(1265)) - Starting Socket Reader #1 for port 11308
2021-10-06 13:08:55,918 [Listener at localhost/11308] INFO  http.BaseHttpServer (BaseHttpServer.java:newHttpServer2BuilderForOzone(209)) - Starting Web-server for ozoneManager at: http://0.0.0.0:11310
2021-10-06 13:08:55,918 [Listener at localhost/11308] INFO  http.BaseHttpServer (BaseHttpServer.java:<init>(107)) - Hadoop Security Enabled: false Ozone Security Enabled: false Ozone HTTP Security Enabled: false 
2021-10-06 13:08:55,919 [Listener at localhost/11308] INFO  server.AuthenticationFilter (AuthenticationFilter.java:constructSecretProvider(240)) - Unable to initialize FileSignerSecretProvider, falling back to use random secrets.
2021-10-06 13:08:55,926 [Listener at localhost/11308] WARN  http.HttpRequestLog (HttpRequestLog.java:getRequestLog(103)) - Jetty request log can only be enabled using Log4j
2021-10-06 13:08:55,929 [Listener at localhost/11308] INFO  http.HttpServer2 (HttpServer2.java:addGlobalFilter(1030)) - Added global filter 'safety' (class=org.apache.hadoop.hdds.server.http.HttpServer2$QuotingInputFilter)
2021-10-06 13:08:55,930 [Listener at localhost/11308] INFO  http.HttpServer2 (HttpServer2.java:addFilter(1006)) - Added filter static_user_filter (class=org.apache.hadoop.http.lib.StaticUserWebFilter$StaticUserFilter) to context ozoneManager
2021-10-06 13:08:55,930 [Listener at localhost/11308] INFO  http.HttpServer2 (HttpServer2.java:addFilter(1014)) - Added filter static_user_filter (class=org.apache.hadoop.http.lib.StaticUserWebFilter$StaticUserFilter) to context static
2021-10-06 13:08:55,930 [Listener at localhost/11308] INFO  http.HttpServer2 (HttpServer2.java:addFilter(1014)) - Added filter static_user_filter (class=org.apache.hadoop.http.lib.StaticUserWebFilter$StaticUserFilter) to context logs
2021-10-06 13:08:55,932 [Listener at localhost/11308] INFO  http.HttpServer2 (HttpServer2.java:bindListener(1249)) - Jetty bound to port 11310
2021-10-06 13:08:55,932 [Listener at localhost/11308] INFO  server.Server (Server.java:doStart(375)) - jetty-9.4.43.v20210629; built: 2021-06-30T11:07:22.254Z; git: 526006ecfa3af7f1a27ef3a288e2bef7ea9dd7e8; jvm 1.8.0_292-b10
2021-10-06 13:08:55,935 [Listener at localhost/11308] INFO  server.session (DefaultSessionIdManager.java:doStart(334)) - DefaultSessionIdManager workerName=node0
2021-10-06 13:08:55,935 [Listener at localhost/11308] INFO  server.session (DefaultSessionIdManager.java:doStart(339)) - No SessionScavenger set, using defaults
2021-10-06 13:08:55,935 [Listener at localhost/11308] INFO  server.session (HouseKeeper.java:startScavenging(132)) - node0 Scavenging every 600000ms
2021-10-06 13:08:55,936 [Listener at localhost/11308] INFO  handler.ContextHandler (ContextHandler.java:doStart(915)) - Started o.e.j.s.ServletContextHandler@28c62ba9{logs,/logs,file:///home/runner/work/ozone/ozone/hadoop-ozone/integration-test/target/log,AVAILABLE}
2021-10-06 13:08:55,936 [Listener at localhost/11308] INFO  handler.ContextHandler (ContextHandler.java:doStart(915)) - Started o.e.j.s.ServletContextHandler@1d7958aa{static,/static,file:///home/runner/work/ozone/ozone/hadoop-ozone/integration-test/target/test-classes/webapps/static,AVAILABLE}
2021-10-06 13:08:55,942 [Listener at localhost/11308] INFO  handler.ContextHandler (ContextHandler.java:doStart(915)) - Started o.e.j.w.WebAppContext@c410da3{ozoneManager,/,file:///home/runner/work/ozone/ozone/hadoop-ozone/integration-test/target/test-classes/webapps/ozoneManager/,AVAILABLE}{file:/home/runner/work/ozone/ozone/hadoop-ozone/integration-test/target/test-classes/webapps/ozoneManager}
2021-10-06 13:08:55,949 [Listener at localhost/11308] INFO  server.AbstractConnector (AbstractConnector.java:doStart(331)) - Started ServerConnector@2737d7ff{HTTP/1.1, (http/1.1)}{0.0.0.0:11310}
2021-10-06 13:08:55,950 [Listener at localhost/11308] INFO  server.Server (Server.java:doStart(415)) - Started @73255ms
2021-10-06 13:08:55,950 [Listener at localhost/11308] WARN  impl.MetricsSystemImpl (MetricsSystemImpl.java:register(279)) - Sink prometheus already exists!
2021-10-06 13:08:55,950 [Listener at localhost/11308] INFO  http.BaseHttpServer (BaseHttpServer.java:updateConnectorAddress(329)) - HTTP server of ozoneManager listening at http://0.0.0.0:11310
2021-10-06 13:08:55,951 [IPC Server Responder] INFO  ipc.Server (Server.java:run(1507)) - IPC Server Responder: starting
2021-10-06 13:08:55,951 [IPC Server listener on 11308] INFO  ipc.Server (Server.java:run(1344)) - IPC Server listener on 11308: starting
2021-10-06 13:08:55,956 [Listener at localhost/11308] INFO  om.OzoneManager (OzoneManager.java:startTrashEmptier(1543)) - Trash Interval set to 0. Files deleted will not move to trash
2021-10-06 13:08:55,956 [Listener at localhost/11308] INFO  om.OzoneManager (OzoneManager.java:stop(1644)) - Stopping Ozone Manager
2021-10-06 13:08:55,956 [Listener at localhost/11308] INFO  ipc.Server (Server.java:stop(3414)) - Stopping server on 11296
2021-10-06 13:08:55,967 [org.apache.hadoop.util.JvmPauseMonitor$Monitor@1ac7340f] INFO  util.JvmPauseMonitor (JvmPauseMonitor.java:run(188)) - Starting JVM pause monitor
2021-10-06 13:08:55,968 [IPC Server Responder] INFO  ipc.Server (Server.java:run(1512)) - Stopping IPC Server Responder
2021-10-06 13:08:55,969 [IPC Server listener on 11296] INFO  ipc.Server (Server.java:run(1376)) - Stopping IPC Server listener on 11296
2021-10-06 13:08:55,969 [Listener at localhost/11308] INFO  server.RaftServer (RaftServerProxy.java:lambda$close$6(391)) - omNode-1: close
2021-10-06 13:08:55,969 [Listener at localhost/11308] INFO  server.RaftServer$Division (RaftServerImpl.java:lambda$close$4(407)) - omNode-1@group-523986131536: shutdown
2021-10-06 13:08:55,969 [Listener at localhost/11308] INFO  util.JmxRegister (JmxRegister.java:unregister(73)) - Successfully un-registered JMX Bean with object name Ratis:service=RaftServer,group=group-523986131536,id=omNode-1
2021-10-06 13:08:55,969 [Listener at localhost/11308] INFO  impl.RoleInfo (RoleInfo.java:shutdownFollowerState(108)) - omNode-1: shutdown omNode-1@group-523986131536-FollowerState
2021-10-06 13:08:55,969 [Listener at localhost/11308] INFO  impl.StateMachineUpdater (StateMachineUpdater.java:stopAndJoin(149)) - omNode-1@group-523986131536-StateMachineUpdater: set stopIndex = 402
2021-10-06 13:08:55,969 [omNode-1@group-523986131536-FollowerState] INFO  impl.FollowerState (FollowerState.java:run(143)) - omNode-1@group-523986131536-FollowerState was interrupted: {}
java.lang.InterruptedException: sleep interrupted
	at java.lang.Thread.sleep(Native Method)
	at java.lang.Thread.sleep(Thread.java:340)
	at java.util.concurrent.TimeUnit.sleep(TimeUnit.java:386)
	at org.apache.ratis.util.TimeDuration.sleep(TimeDuration.java:324)
	at org.apache.ratis.util.TimeDuration.sleep(TimeDuration.java:309)
	at org.apache.ratis.server.impl.FollowerState.run(FollowerState.java:118)
2021-10-06 13:08:55,969 [omNode-1@group-523986131536-StateMachineUpdater] INFO  ratis.OzoneManagerStateMachine (OzoneManagerStateMachine.java:takeSnapshot(417)) - Current Snapshot Index (t:7, i:402)
2021-10-06 13:08:55,970 [omNode-1@group-523986131536-StateMachineUpdater] INFO  impl.StateMachineUpdater (StateMachineUpdater.java:takeSnapshot(281)) - omNode-1@group-523986131536-StateMachineUpdater: Took a snapshot at index 402
2021-10-06 13:08:55,970 [omNode-1@group-523986131536-StateMachineUpdater] INFO  impl.StateMachineUpdater (StateMachineUpdater.java:lambda$new$0(89)) - omNode-1@group-523986131536-StateMachineUpdater: snapshotIndex: updateIncreasingly 398 -> 402
2021-10-06 13:08:55,970 [omNode-1@group-523986131536-StateMachineUpdater] INFO  ratis.OzoneManagerStateMachine (OzoneManagerStateMachine.java:close(471)) - StateMachine has shutdown. Shutdown OzoneManager if not already shutdown.
2021-10-06 13:08:55,970 [Listener at localhost/11308] INFO  server.RaftServer$Division (ServerState.java:close(419)) - omNode-1@group-523986131536: closes. applyIndex: 402
2021-10-06 13:08:55,971 [omNode-1@group-523986131536-SegmentedRaftLogWorker] INFO  segmented.SegmentedRaftLogWorker (SegmentedRaftLogWorker.java:run(327)) - omNode-1@group-523986131536-SegmentedRaftLogWorker was interrupted, exiting. There are 0 tasks remaining in the queue.
2021-10-06 13:08:55,971 [Listener at localhost/11308] INFO  segmented.SegmentedRaftLogWorker (SegmentedRaftLogWorker.java:close(237)) - omNode-1@group-523986131536-SegmentedRaftLogWorker close()
2021-10-06 13:08:55,975 [Listener at localhost/11308] INFO  server.GrpcService (GrpcService.java:closeImpl(262)) - omNode-1: shutdown server with port 11300 now
2021-10-06 13:08:55,975 [Listener at localhost/11308] INFO  server.GrpcService (GrpcService.java:closeImpl(271)) - omNode-1: shutdown server with port 11300 successfully
2021-10-06 13:08:55,976 [org.apache.ratis.util.JvmPauseMonitor$$Lambda$523/1217636848@377344d7] INFO  util.JvmPauseMonitor (JvmPauseMonitor.java:run(109)) - JvmPauseMonitor-omNode-1: Stopped
2021-10-06 13:08:55,976 [Listener at localhost/11308] INFO  ratis.OzoneManagerDoubleBuffer (OzoneManagerDoubleBuffer.java:stop(437)) - Stopping OMDoubleBuffer flush thread
2021-10-06 13:08:55,976 [OMDoubleBufferFlushThread] INFO  ratis.OzoneManagerDoubleBuffer (OzoneManagerDoubleBuffer.java:flushTransactions(356)) - OMDoubleBuffer flush thread OMDoubleBufferFlushThread is interrupted and will exit. OMDoubleBufferFlushThread
2021-10-06 13:08:55,977 [Listener at localhost/11308] INFO  handler.ContextHandler (ContextHandler.java:doStop(1153)) - Stopped o.e.j.w.WebAppContext@1e3ba865{ozoneManager,/,null,STOPPED}{file:/home/runner/work/ozone/ozone/hadoop-ozone/integration-test/target/test-classes/webapps/ozoneManager}
2021-10-06 13:08:55,977 [Listener at localhost/11308] INFO  server.AbstractConnector (AbstractConnector.java:doStop(381)) - Stopped ServerConnector@76d99b91{HTTP/1.1, (http/1.1)}{0.0.0.0:11298}
2021-10-06 13:08:55,977 [Listener at localhost/11308] INFO  server.session (HouseKeeper.java:stopScavenging(149)) - node0 Stopped scavenging
2021-10-06 13:08:55,978 [Listener at localhost/11308] INFO  handler.ContextHandler (ContextHandler.java:doStop(1153)) - Stopped o.e.j.s.ServletContextHandler@745d1510{static,/static,file:///home/runner/work/ozone/ozone/hadoop-ozone/integration-test/target/test-classes/webapps/static,STOPPED}
2021-10-06 13:08:55,978 [Listener at localhost/11308] INFO  handler.ContextHandler (ContextHandler.java:doStop(1153)) - Stopped o.e.j.s.ServletContextHandler@1ce450d0{logs,/logs,file:///home/runner/work/ozone/ozone/hadoop-ozone/integration-test/target/log,STOPPED}
2021-10-06 13:08:55,980 [Listener at localhost/11308] INFO  om.OzoneManager (OzoneManager.java:initFSOLayout(4333)) - Configured ozone.om.metadata.layout=SIMPLE and disabled optimized OM FS operations
2021-10-06 13:08:55,981 [Listener at localhost/11308] INFO  om.OzoneManager (OzoneManager.java:restart(1365)) - OzoneManager RPC server is listening at localhost/127.0.0.1:11296
2021-10-06 13:08:55,981 [Listener at localhost/11308] INFO  impl.MetricsSystemImpl (MetricsSystemImpl.java:init(158)) - OzoneManager metrics system started (again)
2021-10-06 13:08:55,995 [Listener at localhost/11308] WARN  server.ServerUtils (ServerUtils.java:getDBPath(225)) - ozone.om.db.dirs is not configured. We recommend adding this setting. Falling back to ozone.metadata.dirs instead.
2021-10-06 13:08:55,995 [Listener at localhost/11308] INFO  codec.OmKeyInfoCodec (OmKeyInfoCodec.java:<init>(51)) - OmKeyInfoCodec ignorePipeline = true
2021-10-06 13:08:55,995 [Listener at localhost/11308] INFO  codec.RepeatedOmKeyInfoCodec (RepeatedOmKeyInfoCodec.java:<init>(42)) - RepeatedOmKeyInfoCodec ignorePipeline = true
2021-10-06 13:08:56,067 [Listener at localhost/11308] WARN  impl.MetricRegistriesImpl (MetricRegistriesImpl.java:addReporterRegistration(111)) - New reporters are added after registries were created. Some metrics will be missing from the reporter. Please add reporter before adding any new registry.
2021-10-06 13:08:56,067 [Listener at localhost/11308] WARN  impl.MetricRegistriesImpl (MetricRegistriesImpl.java:addReporterRegistration(111)) - New reporters are added after registries were created. Some metrics will be missing from the reporter. Please add reporter before adding any new registry.
2021-10-06 13:08:56,067 [Listener at localhost/11308] WARN  server.ServerUtils (ServerUtils.java:getDefaultRatisDirectory(237)) - Storage directory for Ratis is not configured. It is a good idea to map this to an SSD disk. Falling back to ozone.metadata.dirs
2021-10-06 13:08:56,068 [Listener at localhost/11308] INFO  ratis.OzoneManagerRatisServer (OzoneManagerRatisServer.java:<init>(158)) - Instantiating OM Ratis server with groupID: om-service-test1 and peers: localhost:11300, localhost:11312, localhost:11306
2021-10-06 13:08:56,068 [Listener at localhost/11308] INFO  ratis.OzoneManagerStateMachine (OzoneManagerStateMachine.java:loadSnapshotInfoFromDB(605)) - LastAppliedIndex is set from TransactionInfo from OM DB as (t:7, i:402)
2021-10-06 13:08:56,069 [Listener at localhost/11308] INFO  server.RaftServer (ConfUtils.java:logGet(44)) - raft.rpc.type = GRPC (default)
2021-10-06 13:08:56,069 [Listener at localhost/11308] INFO  grpc.GrpcFactory (GrpcFactory.java:checkPooledByteBufAllocatorUseCacheForAllThreads(48)) - PERFORMANCE WARNING: useCacheForAllThreads is true that may cause Netty to create a lot garbage objects and, as a result, trigger GC.
	It is recommended to disable useCacheForAllThreads by setting -Dorg.apache.ratis.thirdparty.io.netty.allocator.useCacheForAllThreads=false in command line.
2021-10-06 13:08:56,069 [Listener at localhost/11308] INFO  grpc.GrpcConfigKeys (ConfUtils.java:logGet(44)) - raft.grpc.admin.port = -1 (default)
2021-10-06 13:08:56,069 [Listener at localhost/11308] INFO  grpc.GrpcConfigKeys (ConfUtils.java:logGet(44)) - raft.grpc.server.port = 11300 (custom)
2021-10-06 13:08:56,069 [Listener at localhost/11308] INFO  grpc.GrpcConfigKeys (ConfUtils.java:logGet(44)) - raft.grpc.client.port = -1 (default)
2021-10-06 13:08:56,069 [Listener at localhost/11308] INFO  grpc.GrpcConfigKeys (ConfUtils.java:logGet(44)) - raft.grpc.server.port = 11300 (custom)
2021-10-06 13:08:56,069 [Listener at localhost/11308] INFO  grpc.GrpcConfigKeys (ConfUtils.java:logGet(44)) - raft.grpc.server.port = 11300 (custom)
2021-10-06 13:08:56,069 [Listener at localhost/11308] INFO  server.GrpcService (ConfUtils.java:logGet(44)) - raft.grpc.message.size.max = 33554432 (custom)
2021-10-06 13:08:56,069 [Listener at localhost/11308] INFO  server.RaftServerConfigKeys (ConfUtils.java:logGet(44)) - raft.server.log.appender.buffer.byte-limit = 33554432 (custom)
2021-10-06 13:08:56,070 [Listener at localhost/11308] INFO  server.GrpcService (ConfUtils.java:logGet(44)) - raft.grpc.flow.control.window = 1MB (=1048576) (default)
2021-10-06 13:08:56,070 [Listener at localhost/11308] INFO  server.RaftServerConfigKeys (ConfUtils.java:logGet(44)) - raft.server.rpc.request.timeout = 3000ms (default)
2021-10-06 13:08:56,071 [Listener at localhost/11308] INFO  impl.DataStreamServerImpl (ConfUtils.java:logGet(44)) - raft.datastream.type = DISABLED (default)
2021-10-06 13:08:56,071 [Listener at localhost/11308] INFO  server.RaftServerConfigKeys (ConfUtils.java:logGet(44)) - raft.server.rpc.slowness.timeout = 2s (custom)
2021-10-06 13:08:56,071 [Listener at localhost/11308] INFO  server.RaftServerConfigKeys (ConfUtils.java:logGet(44)) - raft.server.leaderelection.leader.step-down.wait-time = 10s (default)
2021-10-06 13:08:56,072 [Listener at localhost/11308] INFO  server.RaftServerConfigKeys (ConfUtils.java:logGet(44)) - raft.server.storage.dir = [/home/runner/work/ozone/ozone/hadoop-ozone/integration-test/target/test-dir/MiniOzoneClusterImpl-c79ebf65-7f2a-452c-95f4-518756688277/omNode-1/ratis] (custom)
2021-10-06 13:08:56,072 [Listener at localhost/11308] INFO  server.RaftServer (RaftServerProxy.java:lambda$null$1(235)) - omNode-1: found a subdirectory /home/runner/work/ozone/ozone/hadoop-ozone/integration-test/target/test-dir/MiniOzoneClusterImpl-c79ebf65-7f2a-452c-95f4-518756688277/omNode-1/ratis/c9bc4cf4-3bc3-3c60-a66b-523986131536
2021-10-06 13:08:56,072 [Listener at localhost/11308] INFO  server.RaftServer (RaftServerProxy.java:addNew(95)) - omNode-1: addNew group-523986131536:[omNode-3|rpc:localhost:11312|priority:0, omNode-1|rpc:localhost:11300|priority:0, omNode-2|rpc:localhost:11306|priority:0] returns group-523986131536:java.util.concurrent.CompletableFuture@24689d81[Not completed]
2021-10-06 13:08:56,072 [Listener at localhost/11308] INFO  om.OzoneManager (OzoneManager.java:initializeRatisServer(1585)) - OzoneManager Ratis server initialized at port 11300
2021-10-06 13:08:56,072 [Listener at localhost/11308] INFO  ratis.OzoneManagerRatisServer (OzoneManagerRatisServer.java:start(516)) - Starting OzoneManagerRatisServer omNode-1 at port 11300
2021-10-06 13:08:56,072 [pool-475-thread-1] INFO  server.RaftServer$Division (RaftServerImpl.java:<init>(181)) - omNode-1: new RaftServerImpl for group-523986131536:[omNode-3|rpc:localhost:11312|priority:0, omNode-1|rpc:localhost:11300|priority:0, omNode-2|rpc:localhost:11306|priority:0] with OzoneManagerStateMachine:uninitialized
2021-10-06 13:08:56,073 [pool-475-thread-1] INFO  server.RaftServerConfigKeys (ConfUtils.java:logGet(44)) - raft.server.rpc.timeout.min = 1s (custom)
2021-10-06 13:08:56,074 [pool-475-thread-1] INFO  server.RaftServerConfigKeys (ConfUtils.java:logGet(44)) - raft.server.rpc.timeout.max = 1200ms (custom)
2021-10-06 13:08:56,074 [pool-475-thread-1] INFO  server.RaftServerConfigKeys (ConfUtils.java:logGet(44)) - raft.server.rpc.sleep.time = 25ms (default)
2021-10-06 13:08:56,074 [pool-475-thread-1] INFO  server.RaftServerConfigKeys (ConfUtils.java:logGet(44)) - raft.server.rpc.slowness.timeout = 2s (custom)
2021-10-06 13:08:56,074 [pool-475-thread-1] INFO  server.RaftServerConfigKeys (ConfUtils.java:logGet(44)) - raft.server.leaderelection.leader.step-down.wait-time = 10s (default)
2021-10-06 13:08:56,074 [pool-475-thread-1] INFO  server.RaftServerConfigKeys (ConfUtils.java:logGet(44)) - raft.server.sleep.deviation.threshold = 300ms (default)
2021-10-06 13:08:56,074 [pool-475-thread-1] INFO  server.RaftServerConfigKeys (ConfUtils.java:logGet(44)) - raft.server.log.appender.install.snapshot.enabled = false (custom)
2021-10-06 13:08:56,074 [pool-475-thread-1] INFO  server.RaftServer$Division (ServerState.java:<init>(105)) - omNode-1@group-523986131536: ConfigurationManager, init=-1: [omNode-3|rpc:localhost:11312|priority:0, omNode-1|rpc:localhost:11300|priority:0, omNode-2|rpc:localhost:11306|priority:0], old=null, confs=<EMPTY_MAP>
2021-10-06 13:08:56,074 [pool-475-thread-1] INFO  server.RaftServerConfigKeys (ConfUtils.java:logGet(44)) - raft.server.storage.dir = [/home/runner/work/ozone/ozone/hadoop-ozone/integration-test/target/test-dir/MiniOzoneClusterImpl-c79ebf65-7f2a-452c-95f4-518756688277/omNode-1/ratis] (custom)
2021-10-06 13:08:56,074 [pool-475-thread-1] INFO  server.RaftServerConfigKeys (ConfUtils.java:logGet(44)) - raft.server.log.corruption.policy = EXCEPTION (default)
2021-10-06 13:08:56,074 [pool-475-thread-1] INFO  server.RaftServerConfigKeys (ConfUtils.java:logGet(44)) - raft.server.storage.free-space.min = 0MB (=0) (default)
2021-10-06 13:08:56,075 [pool-475-thread-1] INFO  storage.RaftStorageDirectory (RaftStorageDirectoryImpl.java:tryLock(230)) - Lock on /home/runner/work/ozone/ozone/hadoop-ozone/integration-test/target/test-dir/MiniOzoneClusterImpl-c79ebf65-7f2a-452c-95f4-518756688277/omNode-1/ratis/c9bc4cf4-3bc3-3c60-a66b-523986131536/in_use.lock acquired by nodename 7604@fv-az151-432
2021-10-06 13:08:56,076 [pool-475-thread-1] INFO  storage.RaftStorage (RaftStorageImpl.java:analyzeAndRecoverStorage(110)) - Read RaftStorageMetadata{term=7, votedFor=omNode-3} from /home/runner/work/ozone/ozone/hadoop-ozone/integration-test/target/test-dir/MiniOzoneClusterImpl-c79ebf65-7f2a-452c-95f4-518756688277/omNode-1/ratis/c9bc4cf4-3bc3-3c60-a66b-523986131536/current/raft-meta
2021-10-06 13:08:56,076 [pool-475-thread-1] INFO  server.RaftServer$Division (ServerState.java:setRaftConf(387)) - omNode-1@group-523986131536: set configuration 401: [omNode-3|rpc:localhost:11312|admin:|client:|dataStream:|priority:0, omNode-1|rpc:localhost:11300|admin:|client:|dataStream:|priority:0, omNode-2|rpc:localhost:11306|admin:|client:|dataStream:|priority:0], old=null
2021-10-06 13:08:56,076 [pool-475-thread-1] INFO  server.RaftServerConfigKeys (ConfUtils.java:logGet(44)) - raft.server.notification.no-leader.timeout = 2s (custom)
2021-10-06 13:08:56,076 [pool-475-thread-1] INFO  server.RaftServerConfigKeys (ConfUtils.java:logGet(44)) - raft.server.log.use.memory = false (default)
2021-10-06 13:08:56,076 [pool-475-thread-1] INFO  server.RaftServerConfigKeys (ConfUtils.java:logGet(44)) - raft.server.log.purge.gap = 50 (custom)
2021-10-06 13:08:56,076 [pool-475-thread-1] INFO  server.RaftServerConfigKeys (ConfUtils.java:logGet(44)) - raft.server.log.appender.buffer.byte-limit = 33554432 (custom)
2021-10-06 13:08:56,076 [pool-475-thread-1] INFO  server.RaftServerConfigKeys (ConfUtils.java:logGet(44)) - raft.server.log.segment.size.max = 4194304 (custom)
2021-10-06 13:08:56,077 [pool-475-thread-1] INFO  server.RaftServerConfigKeys (ConfUtils.java:logGet(44)) - raft.server.log.segment.cache.num.max = 2 (custom)
2021-10-06 13:08:56,077 [pool-475-thread-1] INFO  server.RaftServerConfigKeys (ConfUtils.java:logGet(44)) - raft.server.log.segment.cache.size.max = 200MB (=209715200) (default)
2021-10-06 13:08:56,077 [pool-475-thread-1] INFO  segmented.SegmentedRaftLogWorker (SegmentedRaftLogWorker.java:<init>(182)) - new omNode-1@group-523986131536-SegmentedRaftLogWorker for RaftStorageImpl:Storage Directory /home/runner/work/ozone/ozone/hadoop-ozone/integration-test/target/test-dir/MiniOzoneClusterImpl-c79ebf65-7f2a-452c-95f4-518756688277/omNode-1/ratis/c9bc4cf4-3bc3-3c60-a66b-523986131536
2021-10-06 13:08:56,077 [pool-475-thread-1] INFO  server.RaftServerConfigKeys (ConfUtils.java:logGet(44)) - raft.server.log.queue.byte-limit = 64MB (=67108864) (default)
2021-10-06 13:08:56,077 [pool-475-thread-1] INFO  server.RaftServerConfigKeys (ConfUtils.java:logGet(44)) - raft.server.log.queue.element-limit = 4096 (default)
2021-10-06 13:08:56,077 [pool-475-thread-1] INFO  server.RaftServerConfigKeys (ConfUtils.java:logGet(44)) - raft.server.log.segment.size.max = 4194304 (custom)
2021-10-06 13:08:56,077 [pool-475-thread-1] INFO  server.RaftServerConfigKeys (ConfUtils.java:logGet(44)) - raft.server.log.preallocated.size = 4194304 (custom)
2021-10-06 13:08:56,077 [pool-475-thread-1] INFO  server.RaftServerConfigKeys (ConfUtils.java:logGet(44)) - raft.server.log.force.sync.num = 128 (default)
2021-10-06 13:08:56,077 [pool-475-thread-1] INFO  server.RaftServerConfigKeys (ConfUtils.java:logGet(44)) - raft.server.log.statemachine.data.sync = true (default)
2021-10-06 13:08:56,077 [pool-475-thread-1] INFO  server.RaftServerConfigKeys (ConfUtils.java:logGet(44)) - raft.server.log.statemachine.data.sync.timeout = 10s (default)
2021-10-06 13:08:56,077 [pool-475-thread-1] INFO  server.RaftServerConfigKeys (ConfUtils.java:logGet(44)) - raft.server.log.statemachine.data.sync.timeout.retry = -1 (default)
2021-10-06 13:08:56,078 [pool-475-thread-1] INFO  server.RaftServerConfigKeys (ConfUtils.java:logGet(44)) - raft.server.log.write.buffer.size = 64KB (=65536) (default)
2021-10-06 13:08:56,078 [pool-475-thread-1] INFO  server.RaftServerConfigKeys (ConfUtils.java:logGet(44)) - raft.server.log.statemachine.data.caching.enabled = false (default)
2021-10-06 13:08:56,079 [pool-475-thread-1] INFO  server.RaftServer$Division (ServerState.java:setRaftConf(387)) - omNode-1@group-523986131536: set configuration 349: [omNode-3|rpc:localhost:11312|admin:|client:|dataStream:|priority:0, omNode-1|rpc:localhost:11300|admin:|client:|dataStream:|priority:0, omNode-2|rpc:localhost:11306|admin:|client:|dataStream:|priority:0], old=null
2021-10-06 13:08:56,080 [pool-475-thread-1] INFO  segmented.LogSegment (LogSegment.java:loadSegment(173)) - Successfully read 52 entries from segment file /home/runner/work/ozone/ozone/hadoop-ozone/integration-test/target/test-dir/MiniOzoneClusterImpl-c79ebf65-7f2a-452c-95f4-518756688277/omNode-1/ratis/c9bc4cf4-3bc3-3c60-a66b-523986131536/current/log_349-400
2021-10-06 13:08:56,080 [pool-475-thread-1] INFO  server.RaftServer$Division (ServerState.java:setRaftConf(387)) - omNode-1@group-523986131536: set configuration 401: [omNode-3|rpc:localhost:11312|admin:|client:|dataStream:|priority:0, omNode-1|rpc:localhost:11300|admin:|client:|dataStream:|priority:0, omNode-2|rpc:localhost:11306|admin:|client:|dataStream:|priority:0], old=null
2021-10-06 13:08:56,080 [pool-475-thread-1] INFO  segmented.LogSegment (LogSegment.java:loadSegment(173)) - Successfully read 2 entries from segment file /home/runner/work/ozone/ozone/hadoop-ozone/integration-test/target/test-dir/MiniOzoneClusterImpl-c79ebf65-7f2a-452c-95f4-518756688277/omNode-1/ratis/c9bc4cf4-3bc3-3c60-a66b-523986131536/current/log_inprogress_401
2021-10-06 13:08:56,080 [pool-475-thread-1] INFO  segmented.SegmentedRaftLogWorker (SegmentedRaftLogWorker.java:lambda$new$0(133)) - omNode-1@group-523986131536-SegmentedRaftLogWorker: flushIndex: setUnconditionally 0 -> 402
2021-10-06 13:08:56,080 [pool-475-thread-1] INFO  segmented.SegmentedRaftLogWorker (SegmentedRaftLogWorker.java:lambda$new$0(133)) - omNode-1@group-523986131536-SegmentedRaftLogWorker: safeCacheEvictIndex: setUnconditionally 0 -> 400
2021-10-06 13:08:56,083 [pool-475-thread-1] INFO  raftlog.RaftLog (RaftLogBase.java:lambda$new$0(53)) - omNode-1@group-523986131536-SegmentedRaftLog: commitIndex: updateToMax old=402, new=401, updated? false
2021-10-06 13:08:56,083 [pool-475-thread-1] INFO  raftlog.RaftLog (RaftLogBase.java:lambda$new$0(53)) - omNode-1@group-523986131536-SegmentedRaftLog: purgeIndex: updateIncreasingly -1 -> 348
2021-10-06 13:08:56,083 [pool-475-thread-1] INFO  server.RaftServerConfigKeys (ConfUtils.java:logGet(44)) - raft.server.snapshot.auto.trigger.enabled = true (custom)
2021-10-06 13:08:56,083 [pool-475-thread-1] INFO  server.RaftServerConfigKeys (ConfUtils.java:logGet(44)) - raft.server.snapshot.auto.trigger.threshold = 50 (custom)
2021-10-06 13:08:56,083 [pool-475-thread-1] INFO  server.RaftServerConfigKeys (ConfUtils.java:logGet(44)) - raft.server.snapshot.retention.file.num = -1 (default)
2021-10-06 13:08:56,083 [pool-475-thread-1] INFO  server.RaftServerConfigKeys (ConfUtils.java:logGet(44)) - raft.server.log.purge.upto.snapshot.index = true (custom)
2021-10-06 13:08:56,083 [pool-475-thread-1] INFO  server.RaftServerConfigKeys (ConfUtils.java:logGet(44)) - raft.server.retrycache.expirytime = 30000ms (custom)
2021-10-06 13:08:56,083 [pool-475-thread-1] INFO  server.RaftServerConfigKeys (ConfUtils.java:logGet(44)) - raft.server.retrycache.statistics.expirytime = 100μs (default)
2021-10-06 13:08:56,091 [Listener at localhost/11308] INFO  server.RaftServer$Division (RaftServerImpl.java:start(296)) - omNode-1@group-523986131536: start as a follower, conf=401: [omNode-3|rpc:localhost:11312|admin:|client:|dataStream:|priority:0, omNode-1|rpc:localhost:11300|admin:|client:|dataStream:|priority:0, omNode-2|rpc:localhost:11306|admin:|client:|dataStream:|priority:0], old=null
2021-10-06 13:08:56,091 [Listener at localhost/11308] INFO  server.RaftServer$Division (RaftServerImpl.java:setRole(285)) - omNode-1@group-523986131536: changes role from      null to FOLLOWER at term 7 for startAsFollower
2021-10-06 13:08:56,091 [Listener at localhost/11308] INFO  impl.RoleInfo (RoleInfo.java:updateAndGet(130)) - omNode-1: start omNode-1@group-523986131536-FollowerState
2021-10-06 13:08:56,091 [Listener at localhost/11308] INFO  util.JmxRegister (JmxRegister.java:tryRegister(44)) - Successfully registered JMX Bean with object name Ratis:service=RaftServer,group=group-523986131536,id=omNode-1
2021-10-06 13:08:56,094 [Listener at localhost/11308] INFO  server.RaftServer (RaftServerProxy.java:lambda$start$5(374)) - omNode-1: start RPC server
2021-10-06 13:08:56,094 [Listener at localhost/11308] INFO  server.GrpcService (GrpcService.java:startImpl(253)) - omNode-1: GrpcService started, listening on 11300
2021-10-06 13:08:56,094 [org.apache.ratis.util.JvmPauseMonitor$$Lambda$523/1217636848@299ba433] INFO  util.JvmPauseMonitor (JvmPauseMonitor.java:run(103)) - JvmPauseMonitor-omNode-1: Started
2021-10-06 13:08:56,095 [Listener at localhost/11308] INFO  ipc.CallQueueManager (CallQueueManager.java:<init>(90)) - Using callQueue: class java.util.concurrent.LinkedBlockingQueue, queueCapacity: 2000, scheduler: class org.apache.hadoop.ipc.DefaultRpcScheduler, ipcBackoff: false.
2021-10-06 13:08:56,095 [Socket Reader #1 for port 11296] INFO  ipc.Server (Server.java:run(1265)) - Starting Socket Reader #1 for port 11296
2021-10-06 13:08:56,098 [Listener at localhost/11296] INFO  http.BaseHttpServer (BaseHttpServer.java:newHttpServer2BuilderForOzone(209)) - Starting Web-server for ozoneManager at: http://0.0.0.0:11298
2021-10-06 13:08:56,098 [Listener at localhost/11296] INFO  http.BaseHttpServer (BaseHttpServer.java:<init>(107)) - Hadoop Security Enabled: false Ozone Security Enabled: false Ozone HTTP Security Enabled: false 
2021-10-06 13:08:56,099 [Listener at localhost/11296] INFO  server.AuthenticationFilter (AuthenticationFilter.java:constructSecretProvider(240)) - Unable to initialize FileSignerSecretProvider, falling back to use random secrets.
2021-10-06 13:08:56,100 [Listener at localhost/11296] WARN  http.HttpRequestLog (HttpRequestLog.java:getRequestLog(103)) - Jetty request log can only be enabled using Log4j
2021-10-06 13:08:56,101 [Listener at localhost/11296] INFO  http.HttpServer2 (HttpServer2.java:addGlobalFilter(1030)) - Added global filter 'safety' (class=org.apache.hadoop.hdds.server.http.HttpServer2$QuotingInputFilter)
2021-10-06 13:08:56,102 [Listener at localhost/11296] INFO  http.HttpServer2 (HttpServer2.java:addFilter(1006)) - Added filter static_user_filter (class=org.apache.hadoop.http.lib.StaticUserWebFilter$StaticUserFilter) to context ozoneManager
2021-10-06 13:08:56,102 [Listener at localhost/11296] INFO  http.HttpServer2 (HttpServer2.java:addFilter(1014)) - Added filter static_user_filter (class=org.apache.hadoop.http.lib.StaticUserWebFilter$StaticUserFilter) to context static
2021-10-06 13:08:56,102 [Listener at localhost/11296] INFO  http.HttpServer2 (HttpServer2.java:addFilter(1014)) - Added filter static_user_filter (class=org.apache.hadoop.http.lib.StaticUserWebFilter$StaticUserFilter) to context logs
2021-10-06 13:08:56,102 [Listener at localhost/11296] INFO  http.HttpServer2 (HttpServer2.java:bindListener(1249)) - Jetty bound to port 11298
2021-10-06 13:08:56,102 [Listener at localhost/11296] INFO  server.Server (Server.java:doStart(375)) - jetty-9.4.43.v20210629; built: 2021-06-30T11:07:22.254Z; git: 526006ecfa3af7f1a27ef3a288e2bef7ea9dd7e8; jvm 1.8.0_292-b10
2021-10-06 13:08:56,104 [Listener at localhost/11296] INFO  server.session (DefaultSessionIdManager.java:doStart(334)) - DefaultSessionIdManager workerName=node0
2021-10-06 13:08:56,105 [Listener at localhost/11296] INFO  server.session (DefaultSessionIdManager.java:doStart(339)) - No SessionScavenger set, using defaults
2021-10-06 13:08:56,105 [Listener at localhost/11296] INFO  server.session (HouseKeeper.java:startScavenging(132)) - node0 Scavenging every 600000ms
2021-10-06 13:08:56,105 [Listener at localhost/11296] INFO  handler.ContextHandler (ContextHandler.java:doStart(915)) - Started o.e.j.s.ServletContextHandler@22ee45f4{logs,/logs,file:///home/runner/work/ozone/ozone/hadoop-ozone/integration-test/target/log,AVAILABLE}
2021-10-06 13:08:56,106 [Listener at localhost/11296] INFO  handler.ContextHandler (ContextHandler.java:doStart(915)) - Started o.e.j.s.ServletContextHandler@22792dae{static,/static,file:///home/runner/work/ozone/ozone/hadoop-ozone/integration-test/target/test-classes/webapps/static,AVAILABLE}
2021-10-06 13:08:56,109 [Listener at localhost/11296] INFO  handler.ContextHandler (ContextHandler.java:doStart(915)) - Started o.e.j.w.WebAppContext@2ac1b8af{ozoneManager,/,file:///home/runner/work/ozone/ozone/hadoop-ozone/integration-test/target/test-classes/webapps/ozoneManager/,AVAILABLE}{file:/home/runner/work/ozone/ozone/hadoop-ozone/integration-test/target/test-classes/webapps/ozoneManager}
2021-10-06 13:08:56,110 [Listener at localhost/11296] INFO  server.AbstractConnector (AbstractConnector.java:doStart(331)) - Started ServerConnector@6d3c9d15{HTTP/1.1, (http/1.1)}{0.0.0.0:11298}
2021-10-06 13:08:56,111 [Listener at localhost/11296] INFO  server.Server (Server.java:doStart(415)) - Started @73416ms
2021-10-06 13:08:56,111 [Listener at localhost/11296] WARN  impl.MetricsSystemImpl (MetricsSystemImpl.java:register(279)) - Sink prometheus already exists!
2021-10-06 13:08:56,111 [Listener at localhost/11296] INFO  http.BaseHttpServer (BaseHttpServer.java:updateConnectorAddress(329)) - HTTP server of ozoneManager listening at http://0.0.0.0:11298
2021-10-06 13:08:56,119 [IPC Server Responder] INFO  ipc.Server (Server.java:run(1507)) - IPC Server Responder: starting
2021-10-06 13:08:56,120 [IPC Server listener on 11296] INFO  ipc.Server (Server.java:run(1344)) - IPC Server listener on 11296: starting
2021-10-06 13:08:56,123 [Listener at localhost/11296] INFO  om.OzoneManager (OzoneManager.java:startTrashEmptier(1543)) - Trash Interval set to 0. Files deleted will not move to trash
2021-10-06 13:08:56,125 [org.apache.hadoop.util.JvmPauseMonitor$Monitor@42e96aa] INFO  util.JvmPauseMonitor (JvmPauseMonitor.java:run(188)) - Starting JVM pause monitor
]]></system-out>
  </testcase>
  <testcase name="testPrepareWithRestart" classname="org.apache.hadoop.ozone.om.TestOzoneManagerPrepare" time="56.429"/>
</testsuite>