<?xml version="1.0" encoding="UTF-8"?>
<testsuite xmlns:xsi="http://www.w3.org/2001/XMLSchema-instance" xsi:noNamespaceSchemaLocation="https://maven.apache.org/surefire/maven-surefire-plugin/xsd/surefire-test-report.xsd" name="org.apache.hadoop.ozone.scm.node.TestDecommissionAndMaintenance" time="683.225" tests="8" errors="6" skipped="0" failures="0">
  <properties>
    <property name="awt.toolkit" value="sun.awt.X11.XToolkit"/>
    <property name="file.encoding.pkg" value="sun.io"/>
    <property name="java.specification.version" value="1.8"/>
    <property name="sun.cpu.isalist" value=""/>
    <property name="sun.jnu.encoding" value="UTF-8"/>
    <property name="java.class.path" value="/home/runner/work/ozone/ozone/hadoop-ozone/integration-test/target/test-classes:/home/runner/work/ozone/ozone/hadoop-ozone/integration-test/target/classes:/home/runner/.m2/repository/org/apache/ozone/ozone-common/1.2.0-SNAPSHOT/ozone-common-1.2.0-SNAPSHOT.jar:/home/runner/.m2/repository/org/apache/commons/commons-compress/1.20/commons-compress-1.20.jar:/home/runner/.m2/repository/org/apache/ozone/hdds-common/1.2.0-SNAPSHOT/hdds-common-1.2.0-SNAPSHOT.jar:/home/runner/.m2/repository/org/apache/ozone/hdds-client/1.2.0-SNAPSHOT/hdds-client-1.2.0-SNAPSHOT.jar:/home/runner/.m2/repository/org/apache/ozone/ozone-interface-client/1.2.0-SNAPSHOT/ozone-interface-client-1.2.0-SNAPSHOT.jar:/home/runner/.m2/repository/org/apache/ozone/hdds-server-framework/1.2.0-SNAPSHOT/hdds-server-framework-1.2.0-SNAPSHOT.jar:/home/runner/.m2/repository/org/apache/ozone/hdds-interface-server/1.2.0-SNAPSHOT/hdds-interface-server-1.2.0-SNAPSHOT.jar:/home/runner/.m2/repository/org/eclipse/jetty/jetty-servlet/9.4.43.v20210629/jetty-servlet-9.4.43.v20210629.jar:/home/runner/.m2/repository/org/eclipse/jetty/jetty-security/9.4.43.v20210629/jetty-security-9.4.43.v20210629.jar:/home/runner/.m2/repository/org/rocksdb/rocksdbjni/6.20.3/rocksdbjni-6.20.3.jar:/home/runner/.m2/repository/io/prometheus/simpleclient_dropwizard/0.7.0/simpleclient_dropwizard-0.7.0.jar:/home/runner/.m2/repository/io/prometheus/simpleclient/0.7.0/simpleclient-0.7.0.jar:/home/runner/.m2/repository/io/prometheus/simpleclient_common/0.7.0/simpleclient_common-0.7.0.jar:/home/runner/.m2/repository/com/fasterxml/jackson/datatype/jackson-datatype-jsr310/2.12.1/jackson-datatype-jsr310-2.12.1.jar:/home/runner/.m2/repository/org/apache/ozone/hdds-test-utils/1.2.0-SNAPSHOT/hdds-test-utils-1.2.0-SNAPSHOT.jar:/home/runner/.m2/repository/com/google/guava/guava/30.1.1-jre/guava-30.1.1-jre.jar:/home/runner/.m2/repository/com/google/guava/failureaccess/1.0.1/failureaccess-1.0.1.jar:/home/runner/.m2/repository/com/google/guava/listenablefuture/9999.0-empty-to-avoid-conflict-with-guava/listenablefuture-9999.0-empty-to-avoid-conflict-with-guava.jar:/home/runner/.m2/repository/com/google/code/findbugs/jsr305/3.0.0/jsr305-3.0.0.jar:/home/runner/.m2/repository/org/checkerframework/checker-qual/3.8.0/checker-qual-3.8.0.jar:/home/runner/.m2/repository/com/google/errorprone/error_prone_annotations/2.2.0/error_prone_annotations-2.2.0.jar:/home/runner/.m2/repository/com/google/j2objc/j2objc-annotations/1.3/j2objc-annotations-1.3.jar:/home/runner/.m2/repository/commons-io/commons-io/2.11.0/commons-io-2.11.0.jar:/home/runner/.m2/repository/commons-logging/commons-logging/1.2/commons-logging-1.2.jar:/home/runner/.m2/repository/log4j/log4j/1.2.17/log4j-1.2.17.jar:/home/runner/.m2/repository/org/slf4j/slf4j-api/1.7.30/slf4j-api-1.7.30.jar:/home/runner/.m2/repository/org/apache/ozone/hdds-server-scm/1.2.0-SNAPSHOT/hdds-server-scm-1.2.0-SNAPSHOT.jar:/home/runner/.m2/repository/org/apache/ozone/hdds-container-service/1.2.0-SNAPSHOT/hdds-container-service-1.2.0-SNAPSHOT.jar:/home/runner/.m2/repository/org/apache/ozone/hdds-hadoop-dependency-server/1.2.0-SNAPSHOT/hdds-hadoop-dependency-server-1.2.0-SNAPSHOT.jar:/home/runner/.m2/repository/org/apache/hadoop/hadoop-hdfs/3.3.1/hadoop-hdfs-3.3.1.jar:/home/runner/.m2/repository/io/dropwizard/metrics/metrics-core/3.2.4/metrics-core-3.2.4.jar:/home/runner/.m2/repository/org/apache/hadoop/hadoop-hdfs-client/3.3.1/hadoop-hdfs-client-3.3.1.jar:/home/runner/.m2/repository/org/bouncycastle/bcprov-jdk15on/1.67/bcprov-jdk15on-1.67.jar:/home/runner/.m2/repository/com/google/protobuf/protobuf-java/2.5.0/protobuf-java-2.5.0.jar:/home/runner/.m2/repository/org/apache/ozone/ozone-manager/1.2.0-SNAPSHOT/ozone-manager-1.2.0-SNAPSHOT.jar:/home/runner/.m2/repository/org/aspectj/aspectjrt/1.9.7/aspectjrt-1.9.7.jar:/home/runner/.m2/repository/org/aspectj/aspectjweaver/1.9.7/aspectjweaver-1.9.7.jar:/home/runner/.m2/repository/org/apache/ozone/hdds-interface-client/1.2.0-SNAPSHOT/hdds-interface-client-1.2.0-SNAPSHOT.jar:/home/runner/.m2/repository/org/apache/hadoop/thirdparty/hadoop-shaded-protobuf_3_7/1.1.1/hadoop-shaded-protobuf_3_7-1.1.1.jar:/home/runner/.m2/repository/org/apache/ozone/ozone-interface-storage/1.2.0-SNAPSHOT/ozone-interface-storage-1.2.0-SNAPSHOT.jar:/home/runner/.m2/repository/org/reflections/reflections/0.9.11/reflections-0.9.11.jar:/home/runner/.m2/repository/org/apache/hadoop/hadoop-minikdc/3.3.1/hadoop-minikdc-3.3.1.jar:/home/runner/.m2/repository/org/apache/kerby/kerb-simplekdc/1.0.1/kerb-simplekdc-1.0.1.jar:/home/runner/.m2/repository/org/apache/kerby/kerb-client/1.0.1/kerb-client-1.0.1.jar:/home/runner/.m2/repository/org/apache/kerby/kerby-config/1.0.1/kerby-config-1.0.1.jar:/home/runner/.m2/repository/org/apache/kerby/kerb-common/1.0.1/kerb-common-1.0.1.jar:/home/runner/.m2/repository/org/apache/kerby/kerb-crypto/1.0.1/kerb-crypto-1.0.1.jar:/home/runner/.m2/repository/org/apache/kerby/kerb-util/1.0.1/kerb-util-1.0.1.jar:/home/runner/.m2/repository/org/apache/kerby/token-provider/1.0.1/token-provider-1.0.1.jar:/home/runner/.m2/repository/org/apache/kerby/kerb-admin/1.0.1/kerb-admin-1.0.1.jar:/home/runner/.m2/repository/org/apache/kerby/kerb-server/1.0.1/kerb-server-1.0.1.jar:/home/runner/.m2/repository/org/apache/kerby/kerb-identity/1.0.1/kerb-identity-1.0.1.jar:/home/runner/.m2/repository/org/apache/kerby/kerby-xdr/1.0.1/kerby-xdr-1.0.1.jar:/home/runner/.m2/repository/org/slf4j/slf4j-log4j12/1.7.30/slf4j-log4j12-1.7.30.jar:/home/runner/.m2/repository/org/apache/ozone/ozone-s3gateway/1.2.0-SNAPSHOT/ozone-s3gateway-1.2.0-SNAPSHOT.jar:/home/runner/.m2/repository/org/javassist/javassist/3.21.0-GA/javassist-3.21.0-GA.jar:/home/runner/.m2/repository/org/jboss/weld/servlet/weld-servlet/2.4.7.Final/weld-servlet-2.4.7.Final.jar:/home/runner/.m2/repository/org/glassfish/jersey/containers/jersey-container-servlet-core/2.33/jersey-container-servlet-core-2.33.jar:/home/runner/.m2/repository/org/glassfish/hk2/external/jakarta.inject/2.6.1/jakarta.inject-2.6.1.jar:/home/runner/.m2/repository/org/glassfish/jersey/core/jersey-common/2.33/jersey-common-2.33.jar:/home/runner/.m2/repository/jakarta/ws/rs/jakarta.ws.rs-api/2.1.6/jakarta.ws.rs-api-2.1.6.jar:/home/runner/.m2/repository/org/glassfish/jersey/ext/cdi/jersey-cdi1x/2.33/jersey-cdi1x-2.33.jar:/home/runner/.m2/repository/org/glassfish/jersey/inject/jersey-hk2/2.33/jersey-hk2-2.33.jar:/home/runner/.m2/repository/org/glassfish/hk2/hk2-locator/2.6.1/hk2-locator-2.6.1.jar:/home/runner/.m2/repository/org/glassfish/jersey/media/jersey-media-jaxb/2.33/jersey-media-jaxb-2.33.jar:/home/runner/.m2/repository/org/glassfish/hk2/osgi-resource-locator/1.0.3/osgi-resource-locator-1.0.3.jar:/home/runner/.m2/repository/org/glassfish/hk2/hk2-api/2.5.0/hk2-api-2.5.0.jar:/home/runner/.m2/repository/org/glassfish/hk2/hk2-utils/2.5.0/hk2-utils-2.5.0.jar:/home/runner/.m2/repository/org/glassfish/hk2/external/aopalliance-repackaged/2.5.0/aopalliance-repackaged-2.5.0.jar:/home/runner/.m2/repository/com/fasterxml/jackson/dataformat/jackson-dataformat-xml/2.12.1/jackson-dataformat-xml-2.12.1.jar:/home/runner/.m2/repository/com/fasterxml/jackson/core/jackson-core/2.12.1/jackson-core-2.12.1.jar:/home/runner/.m2/repository/com/fasterxml/jackson/module/jackson-module-jaxb-annotations/2.12.1/jackson-module-jaxb-annotations-2.12.1.jar:/home/runner/.m2/repository/jakarta/xml/bind/jakarta.xml.bind-api/2.3.2/jakarta.xml.bind-api-2.3.2.jar:/home/runner/.m2/repository/org/codehaus/woodstox/stax2-api/3.1.4/stax2-api-3.1.4.jar:/home/runner/.m2/repository/com/fasterxml/woodstox/woodstox-core/5.0.3/woodstox-core-5.0.3.jar:/home/runner/.m2/repository/javax/enterprise/cdi-api/1.2/cdi-api-1.2.jar:/home/runner/.m2/repository/javax/el/javax.el-api/3.0.0/javax.el-api-3.0.0.jar:/home/runner/.m2/repository/javax/interceptor/javax.interceptor-api/1.2/javax.interceptor-api-1.2.jar:/home/runner/.m2/repository/javax/inject/javax.inject/1/javax.inject-1.jar:/home/runner/.m2/repository/javax/xml/bind/jaxb-api/2.3.0/jaxb-api-2.3.0.jar:/home/runner/.m2/repository/org/glassfish/jaxb/jaxb-runtime/2.3.0.1/jaxb-runtime-2.3.0.1.jar:/home/runner/.m2/repository/org/glassfish/jaxb/jaxb-core/2.3.0.1/jaxb-core-2.3.0.1.jar:/home/runner/.m2/repository/org/glassfish/jaxb/txw2/2.3.0.1/txw2-2.3.0.1.jar:/home/runner/.m2/repository/com/sun/istack/istack-commons-runtime/3.0.5/istack-commons-runtime-3.0.5.jar:/home/runner/.m2/repository/org/jvnet/staxex/stax-ex/1.7.8/stax-ex-1.7.8.jar:/home/runner/.m2/repository/com/sun/xml/fastinfoset/FastInfoset/1.2.13/FastInfoset-1.2.13.jar:/home/runner/.m2/repository/javax/activation/activation/1.1.1/activation-1.1.1.jar:/home/runner/.m2/repository/org/apache/ozone/ozone-csi/1.2.0-SNAPSHOT/ozone-csi-1.2.0-SNAPSHOT.jar:/home/runner/.m2/repository/com/google/protobuf/protobuf-java-util/3.12.0/protobuf-java-util-3.12.0.jar:/home/runner/.m2/repository/com/google/code/gson/gson/2.2.4/gson-2.2.4.jar:/home/runner/.m2/repository/org/apache/ozone/hdds-config/1.2.0-SNAPSHOT/hdds-config-1.2.0-SNAPSHOT.jar:/home/runner/.m2/repository/io/grpc/grpc-netty/1.33.0/grpc-netty-1.33.0.jar:/home/runner/.m2/repository/io/grpc/grpc-core/1.33.0/grpc-core-1.33.0.jar:/home/runner/.m2/repository/com/google/android/annotations/4.1.1.4/annotations-4.1.1.4.jar:/home/runner/.m2/repository/io/netty/netty-codec-http2/4.1.63.Final/netty-codec-http2-4.1.63.Final.jar:/home/runner/.m2/repository/io/netty/netty-codec-http/4.1.63.Final/netty-codec-http-4.1.63.Final.jar:/home/runner/.m2/repository/io/netty/netty-handler-proxy/4.1.63.Final/netty-handler-proxy-4.1.63.Final.jar:/home/runner/.m2/repository/io/netty/netty-codec-socks/4.1.63.Final/netty-codec-socks-4.1.63.Final.jar:/home/runner/.m2/repository/io/perfmark/perfmark-api/0.19.0/perfmark-api-0.19.0.jar:/home/runner/.m2/repository/org/codehaus/mojo/animal-sniffer-annotations/1.18/animal-sniffer-annotations-1.18.jar:/home/runner/.m2/repository/io/netty/netty-transport-native-epoll/4.1.63.Final/netty-transport-native-epoll-4.1.63.Final.jar:/home/runner/.m2/repository/io/netty/netty-common/4.1.63.Final/netty-common-4.1.63.Final.jar:/home/runner/.m2/repository/io/netty/netty-buffer/4.1.63.Final/netty-buffer-4.1.63.Final.jar:/home/runner/.m2/repository/io/netty/netty-transport-native-unix-common/4.1.63.Final/netty-transport-native-unix-common-4.1.63.Final.jar:/home/runner/.m2/repository/io/grpc/grpc-protobuf/1.33.0/grpc-protobuf-1.33.0.jar:/home/runner/.m2/repository/io/grpc/grpc-api/1.33.0/grpc-api-1.33.0.jar:/home/runner/.m2/repository/io/grpc/grpc-context/1.33.0/grpc-context-1.33.0.jar:/home/runner/.m2/repository/com/google/api/grpc/proto-google-common-protos/1.17.0/proto-google-common-protos-1.17.0.jar:/home/runner/.m2/repository/io/grpc/grpc-protobuf-lite/1.33.0/grpc-protobuf-lite-1.33.0.jar:/home/runner/.m2/repository/io/grpc/grpc-stub/1.33.0/grpc-stub-1.33.0.jar:/home/runner/.m2/repository/org/apache/ozone/ozone-recon/1.2.0-SNAPSHOT/ozone-recon-1.2.0-SNAPSHOT.jar:/home/runner/.m2/repository/org/apache/ozone/ozone-reconcodegen/1.2.0-SNAPSHOT/ozone-reconcodegen-1.2.0-SNAPSHOT.jar:/home/runner/.m2/repository/com/google/inject/extensions/guice-multibindings/4.0/guice-multibindings-4.0.jar:/home/runner/.m2/repository/com/google/inject/guice/4.0/guice-4.0.jar:/home/runner/.m2/repository/aopalliance/aopalliance/1.0/aopalliance-1.0.jar:/home/runner/.m2/repository/com/google/inject/extensions/guice-assistedinject/4.0/guice-assistedinject-4.0.jar:/home/runner/.m2/repository/com/google/inject/extensions/guice-servlet/4.0/guice-servlet-4.0.jar:/home/runner/.m2/repository/org/glassfish/jersey/containers/jersey-container-servlet/2.33/jersey-container-servlet-2.33.jar:/home/runner/.m2/repository/org/glassfish/hk2/guice-bridge/2.5.0/guice-bridge-2.5.0.jar:/home/runner/.m2/repository/org/glassfish/jersey/core/jersey-server/2.33/jersey-server-2.33.jar:/home/runner/.m2/repository/org/glassfish/jersey/core/jersey-client/2.33/jersey-client-2.33.jar:/home/runner/.m2/repository/jakarta/annotation/jakarta.annotation-api/1.3.5/jakarta.annotation-api-1.3.5.jar:/home/runner/.m2/repository/jakarta/validation/jakarta.validation-api/2.0.2/jakarta.validation-api-2.0.2.jar:/home/runner/.m2/repository/org/glassfish/jersey/media/jersey-media-json-jackson/2.33/jersey-media-json-jackson-2.33.jar:/home/runner/.m2/repository/org/glassfish/jersey/ext/jersey-entity-filtering/2.33/jersey-entity-filtering-2.33.jar:/home/runner/.m2/repository/org/jooq/jooq/3.11.10/jooq-3.11.10.jar:/home/runner/.m2/repository/org/jooq/jooq-meta/3.11.10/jooq-meta-3.11.10.jar:/home/runner/.m2/repository/org/jooq/jooq-codegen/3.11.10/jooq-codegen-3.11.10.jar:/home/runner/.m2/repository/com/jolbox/bonecp/0.8.0.RELEASE/bonecp-0.8.0.RELEASE.jar:/home/runner/.m2/repository/org/apache/derby/derby/10.14.2.0/derby-10.14.2.0.jar:/home/runner/.m2/repository/org/xerial/sqlite-jdbc/3.25.2/sqlite-jdbc-3.25.2.jar:/home/runner/.m2/repository/org/springframework/spring-jdbc/5.2.11.RELEASE/spring-jdbc-5.2.11.RELEASE.jar:/home/runner/.m2/repository/org/springframework/spring-beans/5.2.11.RELEASE/spring-beans-5.2.11.RELEASE.jar:/home/runner/.m2/repository/org/springframework/spring-core/5.2.11.RELEASE/spring-core-5.2.11.RELEASE.jar:/home/runner/.m2/repository/org/springframework/spring-jcl/5.2.11.RELEASE/spring-jcl-5.2.11.RELEASE.jar:/home/runner/.m2/repository/org/springframework/spring-tx/5.2.11.RELEASE/spring-tx-5.2.11.RELEASE.jar:/home/runner/.m2/repository/org/apache/ozone/ozone-client/1.2.0-SNAPSHOT/ozone-client-1.2.0-SNAPSHOT.jar:/home/runner/.m2/repository/org/apache/ozone/ozone-filesystem/1.2.0-SNAPSHOT/ozone-filesystem-1.2.0-SNAPSHOT.jar:/home/runner/.m2/repository/org/apache/ozone/ozone-filesystem-common/1.2.0-SNAPSHOT/ozone-filesystem-common-1.2.0-SNAPSHOT.jar:/home/runner/.m2/repository/org/apache/ozone/ozone-tools/1.2.0-SNAPSHOT/ozone-tools-1.2.0-SNAPSHOT.jar:/home/runner/.m2/repository/org/apache/ratis/ratis-tools/2.1.0-03f3b68-SNAPSHOT/ratis-tools-2.1.0-03f3b68-SNAPSHOT.jar:/home/runner/.m2/repository/com/amazonaws/aws-java-sdk-core/1.11.901/aws-java-sdk-core-1.11.901.jar:/home/runner/.m2/repository/org/apache/httpcomponents/httpclient/4.5.13/httpclient-4.5.13.jar:/home/runner/.m2/repository/org/apache/httpcomponents/httpcore/4.4.13/httpcore-4.4.13.jar:/home/runner/.m2/repository/software/amazon/ion/ion-java/1.0.2/ion-java-1.0.2.jar:/home/runner/.m2/repository/com/fasterxml/jackson/dataformat/jackson-dataformat-cbor/2.12.1/jackson-dataformat-cbor-2.12.1.jar:/home/runner/.m2/repository/joda-time/joda-time/2.8.1/joda-time-2.8.1.jar:/home/runner/.m2/repository/com/amazonaws/aws-java-sdk-s3/1.11.901/aws-java-sdk-s3-1.11.901.jar:/home/runner/.m2/repository/com/amazonaws/aws-java-sdk-kms/1.11.901/aws-java-sdk-kms-1.11.901.jar:/home/runner/.m2/repository/com/amazonaws/jmespath-java/1.11.901/jmespath-java-1.11.901.jar:/home/runner/.m2/repository/org/kohsuke/metainf-services/metainf-services/1.8/metainf-services-1.8.jar:/home/runner/.m2/repository/org/apache/ozone/hdds-tools/1.2.0-SNAPSHOT/hdds-tools-1.2.0-SNAPSHOT.jar:/home/runner/.m2/repository/commons-cli/commons-cli/1.2/commons-cli-1.2.jar:/home/runner/.m2/repository/org/apache/commons/commons-lang3/3.7/commons-lang3-3.7.jar:/home/runner/.m2/repository/org/apache/ozone/ozone-manager/1.2.0-SNAPSHOT/ozone-manager-1.2.0-SNAPSHOT-tests.jar:/home/runner/.m2/repository/org/apache/ozone/hdds-common/1.2.0-SNAPSHOT/hdds-common-1.2.0-SNAPSHOT-tests.jar:/home/runner/.m2/repository/org/apache/ozone/hdds-hadoop-dependency-client/1.2.0-SNAPSHOT/hdds-hadoop-dependency-client-1.2.0-SNAPSHOT.jar:/home/runner/.m2/repository/info/picocli/picocli/4.6.1/picocli-4.6.1.jar:/home/runner/.m2/repository/com/fasterxml/jackson/core/jackson-annotations/2.12.1/jackson-annotations-2.12.1.jar:/home/runner/.m2/repository/javax/annotation/javax.annotation-api/1.2/javax.annotation-api-1.2.jar:/home/runner/.m2/repository/org/apache/ratis/ratis-server/2.1.0-03f3b68-SNAPSHOT/ratis-server-2.1.0-03f3b68-SNAPSHOT.jar:/home/runner/.m2/repository/org/apache/ratis/ratis-client/2.1.0-03f3b68-SNAPSHOT/ratis-client-2.1.0-03f3b68-SNAPSHOT.jar:/home/runner/.m2/repository/org/apache/ratis/ratis-server-api/2.1.0-03f3b68-SNAPSHOT/ratis-server-api-2.1.0-03f3b68-SNAPSHOT.jar:/home/runner/.m2/repository/org/apache/ratis/ratis-metrics/2.1.0-03f3b68-SNAPSHOT/ratis-metrics-2.1.0-03f3b68-SNAPSHOT.jar:/home/runner/.m2/repository/org/apache/ratis/ratis-netty/2.1.0-03f3b68-SNAPSHOT/ratis-netty-2.1.0-03f3b68-SNAPSHOT.jar:/home/runner/.m2/repository/org/apache/ratis/ratis-grpc/2.1.0-03f3b68-SNAPSHOT/ratis-grpc-2.1.0-03f3b68-SNAPSHOT.jar:/home/runner/.m2/repository/org/apache/logging/log4j/log4j-api/2.13.3/log4j-api-2.13.3.jar:/home/runner/.m2/repository/org/apache/logging/log4j/log4j-core/2.13.3/log4j-core-2.13.3.jar:/home/runner/.m2/repository/com/lmax/disruptor/3.4.2/disruptor-3.4.2.jar:/home/runner/.m2/repository/org/apache/commons/commons-pool2/2.6.0/commons-pool2-2.6.0.jar:/home/runner/.m2/repository/org/bouncycastle/bcpkix-jdk15on/1.67/bcpkix-jdk15on-1.67.jar:/home/runner/.m2/repository/commons-validator/commons-validator/1.6/commons-validator-1.6.jar:/home/runner/.m2/repository/commons-beanutils/commons-beanutils/1.9.4/commons-beanutils-1.9.4.jar:/home/runner/.m2/repository/commons-digester/commons-digester/1.8.1/commons-digester-1.8.1.jar:/home/runner/.m2/repository/commons-collections/commons-collections/3.2.2/commons-collections-3.2.2.jar:/home/runner/.m2/repository/io/jaegertracing/jaeger-client/1.6.0/jaeger-client-1.6.0.jar:/home/runner/.m2/repository/io/jaegertracing/jaeger-thrift/1.6.0/jaeger-thrift-1.6.0.jar:/home/runner/.m2/repository/org/apache/thrift/libthrift/0.14.1/libthrift-0.14.1.jar:/home/runner/.m2/repository/com/squareup/okhttp3/okhttp/4.9.0/okhttp-4.9.0.jar:/home/runner/.m2/repository/com/squareup/okio/okio/2.8.0/okio-2.8.0.jar:/home/runner/.m2/repository/io/jaegertracing/jaeger-core/1.6.0/jaeger-core-1.6.0.jar:/home/runner/.m2/repository/io/jaegertracing/jaeger-tracerresolver/1.6.0/jaeger-tracerresolver-1.6.0.jar:/home/runner/.m2/repository/io/opentracing/contrib/opentracing-tracerresolver/0.1.8/opentracing-tracerresolver-0.1.8.jar:/home/runner/.m2/repository/org/jetbrains/kotlin/kotlin-stdlib/1.4.31/kotlin-stdlib-1.4.31.jar:/home/runner/.m2/repository/org/jetbrains/kotlin/kotlin-stdlib-common/1.4.31/kotlin-stdlib-common-1.4.31.jar:/home/runner/.m2/repository/org/jetbrains/annotations/13.0/annotations-13.0.jar:/home/runner/.m2/repository/io/opentracing/opentracing-util/0.33.0/opentracing-util-0.33.0.jar:/home/runner/.m2/repository/io/opentracing/opentracing-api/0.33.0/opentracing-api-0.33.0.jar:/home/runner/.m2/repository/io/opentracing/opentracing-noop/0.33.0/opentracing-noop-0.33.0.jar:/home/runner/.m2/repository/org/yaml/snakeyaml/1.26/snakeyaml-1.26.jar:/home/runner/.m2/repository/org/apache/ozone/hdds-interface-admin/1.2.0-SNAPSHOT/hdds-interface-admin-1.2.0-SNAPSHOT.jar:/home/runner/.m2/repository/junit/junit/4.13.1/junit-4.13.1.jar:/home/runner/.m2/repository/org/hamcrest/hamcrest-core/1.3/hamcrest-core-1.3.jar:/home/runner/.m2/repository/org/junit/jupiter/junit-jupiter-api/5.7.0/junit-jupiter-api-5.7.0.jar:/home/runner/.m2/repository/org/apiguardian/apiguardian-api/1.1.0/apiguardian-api-1.1.0.jar:/home/runner/.m2/repository/org/opentest4j/opentest4j/1.2.0/opentest4j-1.2.0.jar:/home/runner/.m2/repository/org/junit/platform/junit-platform-commons/1.7.0/junit-platform-commons-1.7.0.jar:/home/runner/.m2/repository/org/junit/jupiter/junit-jupiter-engine/5.7.0/junit-jupiter-engine-5.7.0.jar:/home/runner/.m2/repository/org/junit/platform/junit-platform-engine/1.7.0/junit-platform-engine-1.7.0.jar:/home/runner/.m2/repository/org/junit/vintage/junit-vintage-engine/5.7.0/junit-vintage-engine-5.7.0.jar:/home/runner/.m2/repository/org/junit/platform/junit-platform-launcher/1.7.0/junit-platform-launcher-1.7.0.jar:/home/runner/.m2/repository/org/openjdk/jmh/jmh-core/1.19/jmh-core-1.19.jar:/home/runner/.m2/repository/net/sf/jopt-simple/jopt-simple/4.6/jopt-simple-4.6.jar:/home/runner/.m2/repository/org/apache/commons/commons-math3/3.1.1/commons-math3-3.1.1.jar:/home/runner/.m2/repository/org/openjdk/jmh/jmh-generator-annprocess/1.19/jmh-generator-annprocess-1.19.jar:/home/runner/.m2/repository/org/mockito/mockito-core/2.28.2/mockito-core-2.28.2.jar:/home/runner/.m2/repository/net/bytebuddy/byte-buddy/1.9.10/byte-buddy-1.9.10.jar:/home/runner/.m2/repository/net/bytebuddy/byte-buddy-agent/1.9.10/byte-buddy-agent-1.9.10.jar:/home/runner/.m2/repository/org/objenesis/objenesis/1.0/objenesis-1.0.jar:/home/runner/.m2/repository/org/apache/hadoop/hadoop-kms/3.3.1/hadoop-kms-3.3.1.jar:/home/runner/.m2/repository/org/apache/hadoop/hadoop-auth/3.3.1/hadoop-auth-3.3.1.jar:/home/runner/.m2/repository/com/nimbusds/nimbus-jose-jwt/7.9/nimbus-jose-jwt-7.9.jar:/home/runner/.m2/repository/com/github/stephenc/jcip/jcip-annotations/1.0-1/jcip-annotations-1.0-1.jar:/home/runner/.m2/repository/net/minidev/json-smart/2.3/json-smart-2.3.jar:/home/runner/.m2/repository/net/minidev/accessors-smart/1.2/accessors-smart-1.2.jar:/home/runner/.m2/repository/org/ow2/asm/asm/5.0.4/asm-5.0.4.jar:/home/runner/.m2/repository/org/apache/zookeeper/zookeeper/3.5.6/zookeeper-3.5.6.jar:/home/runner/.m2/repository/org/apache/zookeeper/zookeeper-jute/3.5.6/zookeeper-jute-3.5.6.jar:/home/runner/.m2/repository/org/apache/yetus/audience-annotations/0.5.0/audience-annotations-0.5.0.jar:/home/runner/.m2/repository/org/apache/curator/curator-framework/4.2.0/curator-framework-4.2.0.jar:/home/runner/.m2/repository/org/apache/hadoop/thirdparty/hadoop-shaded-guava/1.1.1/hadoop-shaded-guava-1.1.1.jar:/home/runner/.m2/repository/com/sun/jersey/jersey-core/1.19/jersey-core-1.19.jar:/home/runner/.m2/repository/javax/ws/rs/jsr311-api/1.1.1/jsr311-api-1.1.1.jar:/home/runner/.m2/repository/com/sun/jersey/jersey-server/1.19/jersey-server-1.19.jar:/home/runner/.m2/repository/javax/servlet/javax.servlet-api/3.1.0/javax.servlet-api-3.1.0.jar:/home/runner/.m2/repository/org/eclipse/jetty/jetty-server/9.4.43.v20210629/jetty-server-9.4.43.v20210629.jar:/home/runner/.m2/repository/org/eclipse/jetty/jetty-http/9.4.43.v20210629/jetty-http-9.4.43.v20210629.jar:/home/runner/.m2/repository/org/eclipse/jetty/jetty-io/9.4.43.v20210629/jetty-io-9.4.43.v20210629.jar:/home/runner/.m2/repository/org/eclipse/jetty/jetty-webapp/9.4.43.v20210629/jetty-webapp-9.4.43.v20210629.jar:/home/runner/.m2/repository/org/eclipse/jetty/jetty-xml/9.4.43.v20210629/jetty-xml-9.4.43.v20210629.jar:/home/runner/.m2/repository/org/apache/hadoop/hadoop-common/3.3.1/hadoop-common-3.3.1.jar:/home/runner/.m2/repository/commons-net/commons-net/3.6/commons-net-3.6.jar:/home/runner/.m2/repository/jakarta/activation/jakarta.activation-api/1.2.1/jakarta.activation-api-1.2.1.jar:/home/runner/.m2/repository/com/sun/jersey/jersey-servlet/1.19/jersey-servlet-1.19.jar:/home/runner/.m2/repository/com/sun/jersey/jersey-json/1.19/jersey-json-1.19.jar:/home/runner/.m2/repository/org/codehaus/jettison/jettison/1.1/jettison-1.1.jar:/home/runner/.m2/repository/com/sun/xml/bind/jaxb-impl/2.2.3-1/jaxb-impl-2.2.3-1.jar:/home/runner/.m2/repository/org/codehaus/jackson/jackson-jaxrs/1.9.2/jackson-jaxrs-1.9.2.jar:/home/runner/.m2/repository/org/codehaus/jackson/jackson-xc/1.9.2/jackson-xc-1.9.2.jar:/home/runner/.m2/repository/org/apache/commons/commons-configuration2/2.1.1/commons-configuration2-2.1.1.jar:/home/runner/.m2/repository/org/apache/commons/commons-text/1.4/commons-text-1.4.jar:/home/runner/.m2/repository/com/google/re2j/re2j/1.1/re2j-1.1.jar:/home/runner/.m2/repository/com/jcraft/jsch/0.1.54/jsch-0.1.54.jar:/home/runner/.m2/repository/org/apache/curator/curator-client/4.2.0/curator-client-4.2.0.jar:/home/runner/.m2/repository/org/apache/curator/curator-recipes/4.2.0/curator-recipes-4.2.0.jar:/home/runner/.m2/repository/org/apache/kerby/kerb-core/1.0.1/kerb-core-1.0.1.jar:/home/runner/.m2/repository/org/apache/kerby/kerby-pkix/1.0.1/kerby-pkix-1.0.1.jar:/home/runner/.m2/repository/org/apache/kerby/kerby-asn1/1.0.1/kerby-asn1-1.0.1.jar:/home/runner/.m2/repository/org/apache/kerby/kerby-util/1.0.1/kerby-util-1.0.1.jar:/home/runner/.m2/repository/dnsjava/dnsjava/2.1.7/dnsjava-2.1.7.jar:/home/runner/.m2/repository/org/xerial/snappy/snappy-java/1.1.8.2/snappy-java-1.1.8.2.jar:/home/runner/.m2/repository/org/slf4j/jul-to-slf4j/1.7.30/jul-to-slf4j-1.7.30.jar:/home/runner/.m2/repository/org/eclipse/jetty/jetty-util/9.4.43.v20210629/jetty-util-9.4.43.v20210629.jar:/home/runner/.m2/repository/com/fasterxml/jackson/core/jackson-databind/2.12.1/jackson-databind-2.12.1.jar:/home/runner/.m2/repository/org/apache/hadoop/hadoop-kms/3.3.1/hadoop-kms-3.3.1-tests.jar:/home/runner/.m2/repository/org/apache/ozone/hdds-server-scm/1.2.0-SNAPSHOT/hdds-server-scm-1.2.0-SNAPSHOT-tests.jar:/home/runner/.m2/repository/org/apache/ozone/hdds-container-service/1.2.0-SNAPSHOT/hdds-container-service-1.2.0-SNAPSHOT-tests.jar:/home/runner/.m2/repository/commons-codec/commons-codec/1.11/commons-codec-1.11.jar:/home/runner/.m2/repository/io/netty/netty-transport/4.1.63.Final/netty-transport-4.1.63.Final.jar:/home/runner/.m2/repository/io/netty/netty-resolver/4.1.63.Final/netty-resolver-4.1.63.Final.jar:/home/runner/.m2/repository/io/netty/netty-codec/4.1.63.Final/netty-codec-4.1.63.Final.jar:/home/runner/.m2/repository/io/netty/netty-handler/4.1.63.Final/netty-handler-4.1.63.Final.jar:/home/runner/.m2/repository/org/apache/ozone/hdds-hadoop-dependency-test/1.2.0-SNAPSHOT/hdds-hadoop-dependency-test-1.2.0-SNAPSHOT.jar:/home/runner/.m2/repository/org/apache/hadoop/hadoop-common/3.3.1/hadoop-common-3.3.1-tests.jar:/home/runner/.m2/repository/org/assertj/assertj-core/3.12.2/assertj-core-3.12.2.jar:/home/runner/.m2/repository/org/apache/hadoop/hadoop-hdfs/3.3.1/hadoop-hdfs-3.3.1-tests.jar:/home/runner/.m2/repository/org/eclipse/jetty/jetty-util-ajax/9.4.43.v20210629/jetty-util-ajax-9.4.43.v20210629.jar:/home/runner/.m2/repository/commons-daemon/commons-daemon/1.0.13/commons-daemon-1.0.13.jar:/home/runner/.m2/repository/io/netty/netty/3.10.6.Final/netty-3.10.6.Final.jar:/home/runner/.m2/repository/io/netty/netty-all/4.1.63.Final/netty-all-4.1.63.Final.jar:/home/runner/.m2/repository/org/apache/htrace/htrace-core4/4.1.0-incubating/htrace-core4-4.1.0-incubating.jar:/home/runner/.m2/repository/org/fusesource/leveldbjni/leveldbjni-all/1.8/leveldbjni-all-1.8.jar:/home/runner/.m2/repository/org/apache/hadoop/hadoop-distcp/3.3.1/hadoop-distcp-3.3.1.jar:/home/runner/.m2/repository/org/apache/hadoop/hadoop-mapreduce-client-jobclient/3.3.1/hadoop-mapreduce-client-jobclient-3.3.1.jar:/home/runner/.m2/repository/org/apache/hadoop/hadoop-mapreduce-client-common/3.3.1/hadoop-mapreduce-client-common-3.3.1.jar:/home/runner/.m2/repository/org/apache/hadoop/hadoop-yarn-common/3.3.1/hadoop-yarn-common-3.3.1.jar:/home/runner/.m2/repository/org/apache/hadoop/hadoop-yarn-api/3.3.1/hadoop-yarn-api-3.3.1.jar:/home/runner/.m2/repository/com/sun/jersey/jersey-client/1.19/jersey-client-1.19.jar:/home/runner/.m2/repository/com/sun/jersey/contribs/jersey-guice/1.19/jersey-guice-1.19.jar:/home/runner/.m2/repository/com/fasterxml/jackson/jaxrs/jackson-jaxrs-json-provider/2.12.1/jackson-jaxrs-json-provider-2.12.1.jar:/home/runner/.m2/repository/com/fasterxml/jackson/jaxrs/jackson-jaxrs-base/2.12.1/jackson-jaxrs-base-2.12.1.jar:/home/runner/.m2/repository/org/apache/hadoop/hadoop-yarn-client/3.3.1/hadoop-yarn-client-3.3.1.jar:/home/runner/.m2/repository/org/eclipse/jetty/websocket/websocket-client/9.4.40.v20210413/websocket-client-9.4.40.v20210413.jar:/home/runner/.m2/repository/org/eclipse/jetty/jetty-client/9.4.40.v20210413/jetty-client-9.4.40.v20210413.jar:/home/runner/.m2/repository/org/eclipse/jetty/websocket/websocket-common/9.4.40.v20210413/websocket-common-9.4.40.v20210413.jar:/home/runner/.m2/repository/org/eclipse/jetty/websocket/websocket-api/9.4.40.v20210413/websocket-api-9.4.40.v20210413.jar:/home/runner/.m2/repository/org/jline/jline/3.9.0/jline-3.9.0.jar:/home/runner/.m2/repository/org/apache/hadoop/hadoop-mapreduce-client-core/3.3.1/hadoop-mapreduce-client-core-3.3.1.jar:/home/runner/.m2/repository/org/apache/avro/avro/1.7.7/avro-1.7.7.jar:/home/runner/.m2/repository/org/codehaus/jackson/jackson-core-asl/1.9.13/jackson-core-asl-1.9.13.jar:/home/runner/.m2/repository/org/codehaus/jackson/jackson-mapper-asl/1.9.13/jackson-mapper-asl-1.9.13.jar:/home/runner/.m2/repository/com/thoughtworks/paranamer/paranamer/2.3/paranamer-2.3.jar:/home/runner/.m2/repository/org/apache/hadoop/hadoop-annotations/3.3.1/hadoop-annotations-3.3.1.jar:/usr/lib/jvm/adoptopenjdk-8-hotspot-amd64/jre/../lib/tools.jar:/home/runner/.m2/repository/org/apache/hadoop/hadoop-distcp/3.3.1/hadoop-distcp-3.3.1-tests.jar:/home/runner/.m2/repository/org/apache/ratis/ratis-common/2.1.0-03f3b68-SNAPSHOT/ratis-common-2.1.0-03f3b68-SNAPSHOT.jar:/home/runner/.m2/repository/org/apache/ratis/ratis-thirdparty-misc/0.7.0/ratis-thirdparty-misc-0.7.0.jar:/home/runner/.m2/repository/org/apache/ratis/ratis-proto/2.1.0-03f3b68-SNAPSHOT/ratis-proto-2.1.0-03f3b68-SNAPSHOT.jar:"/>
    <property name="java.vm.vendor" value="AdoptOpenJDK"/>
    <property name="sun.arch.data.model" value="64"/>
    <property name="test.build.dir" value="/home/runner/work/ozone/ozone/hadoop-ozone/integration-test/target/test-dir"/>
    <property name="test.cache.data" value=""/>
    <property name="java.vendor.url" value="https://adoptopenjdk.net/"/>
    <property name="user.timezone" value=""/>
    <property name="java.vm.specification.version" value="1.8"/>
    <property name="os.name" value="Linux"/>
    <property name="test.build.data" value="/home/runner/work/ozone/ozone/hadoop-ozone/integration-test/target/test-dir"/>
    <property name="sun.java.launcher" value="SUN_STANDARD"/>
    <property name="sun.boot.library.path" value="/usr/lib/jvm/adoptopenjdk-8-hotspot-amd64/jre/lib/amd64"/>
    <property name="sun.java.command" value="/home/runner/work/ozone/ozone/hadoop-ozone/integration-test/target/surefire/surefirebooter6028514803184450232.jar /home/runner/work/ozone/ozone/hadoop-ozone/integration-test/target/surefire 2021-10-06T12-49-23_777-jvmRun1 surefire6087092382608704754tmp surefire_84662332270238929876tmp"/>
    <property name="surefire.test.class.path" value="/home/runner/work/ozone/ozone/hadoop-ozone/integration-test/target/test-classes:/home/runner/work/ozone/ozone/hadoop-ozone/integration-test/target/classes:/home/runner/.m2/repository/org/apache/ozone/ozone-common/1.2.0-SNAPSHOT/ozone-common-1.2.0-SNAPSHOT.jar:/home/runner/.m2/repository/org/apache/commons/commons-compress/1.20/commons-compress-1.20.jar:/home/runner/.m2/repository/org/apache/ozone/hdds-common/1.2.0-SNAPSHOT/hdds-common-1.2.0-SNAPSHOT.jar:/home/runner/.m2/repository/org/apache/ozone/hdds-client/1.2.0-SNAPSHOT/hdds-client-1.2.0-SNAPSHOT.jar:/home/runner/.m2/repository/org/apache/ozone/ozone-interface-client/1.2.0-SNAPSHOT/ozone-interface-client-1.2.0-SNAPSHOT.jar:/home/runner/.m2/repository/org/apache/ozone/hdds-server-framework/1.2.0-SNAPSHOT/hdds-server-framework-1.2.0-SNAPSHOT.jar:/home/runner/.m2/repository/org/apache/ozone/hdds-interface-server/1.2.0-SNAPSHOT/hdds-interface-server-1.2.0-SNAPSHOT.jar:/home/runner/.m2/repository/org/eclipse/jetty/jetty-servlet/9.4.43.v20210629/jetty-servlet-9.4.43.v20210629.jar:/home/runner/.m2/repository/org/eclipse/jetty/jetty-security/9.4.43.v20210629/jetty-security-9.4.43.v20210629.jar:/home/runner/.m2/repository/org/rocksdb/rocksdbjni/6.20.3/rocksdbjni-6.20.3.jar:/home/runner/.m2/repository/io/prometheus/simpleclient_dropwizard/0.7.0/simpleclient_dropwizard-0.7.0.jar:/home/runner/.m2/repository/io/prometheus/simpleclient/0.7.0/simpleclient-0.7.0.jar:/home/runner/.m2/repository/io/prometheus/simpleclient_common/0.7.0/simpleclient_common-0.7.0.jar:/home/runner/.m2/repository/com/fasterxml/jackson/datatype/jackson-datatype-jsr310/2.12.1/jackson-datatype-jsr310-2.12.1.jar:/home/runner/.m2/repository/org/apache/ozone/hdds-test-utils/1.2.0-SNAPSHOT/hdds-test-utils-1.2.0-SNAPSHOT.jar:/home/runner/.m2/repository/com/google/guava/guava/30.1.1-jre/guava-30.1.1-jre.jar:/home/runner/.m2/repository/com/google/guava/failureaccess/1.0.1/failureaccess-1.0.1.jar:/home/runner/.m2/repository/com/google/guava/listenablefuture/9999.0-empty-to-avoid-conflict-with-guava/listenablefuture-9999.0-empty-to-avoid-conflict-with-guava.jar:/home/runner/.m2/repository/com/google/code/findbugs/jsr305/3.0.0/jsr305-3.0.0.jar:/home/runner/.m2/repository/org/checkerframework/checker-qual/3.8.0/checker-qual-3.8.0.jar:/home/runner/.m2/repository/com/google/errorprone/error_prone_annotations/2.2.0/error_prone_annotations-2.2.0.jar:/home/runner/.m2/repository/com/google/j2objc/j2objc-annotations/1.3/j2objc-annotations-1.3.jar:/home/runner/.m2/repository/commons-io/commons-io/2.11.0/commons-io-2.11.0.jar:/home/runner/.m2/repository/commons-logging/commons-logging/1.2/commons-logging-1.2.jar:/home/runner/.m2/repository/log4j/log4j/1.2.17/log4j-1.2.17.jar:/home/runner/.m2/repository/org/slf4j/slf4j-api/1.7.30/slf4j-api-1.7.30.jar:/home/runner/.m2/repository/org/apache/ozone/hdds-server-scm/1.2.0-SNAPSHOT/hdds-server-scm-1.2.0-SNAPSHOT.jar:/home/runner/.m2/repository/org/apache/ozone/hdds-container-service/1.2.0-SNAPSHOT/hdds-container-service-1.2.0-SNAPSHOT.jar:/home/runner/.m2/repository/org/apache/ozone/hdds-hadoop-dependency-server/1.2.0-SNAPSHOT/hdds-hadoop-dependency-server-1.2.0-SNAPSHOT.jar:/home/runner/.m2/repository/org/apache/hadoop/hadoop-hdfs/3.3.1/hadoop-hdfs-3.3.1.jar:/home/runner/.m2/repository/io/dropwizard/metrics/metrics-core/3.2.4/metrics-core-3.2.4.jar:/home/runner/.m2/repository/org/apache/hadoop/hadoop-hdfs-client/3.3.1/hadoop-hdfs-client-3.3.1.jar:/home/runner/.m2/repository/org/bouncycastle/bcprov-jdk15on/1.67/bcprov-jdk15on-1.67.jar:/home/runner/.m2/repository/com/google/protobuf/protobuf-java/2.5.0/protobuf-java-2.5.0.jar:/home/runner/.m2/repository/org/apache/ozone/ozone-manager/1.2.0-SNAPSHOT/ozone-manager-1.2.0-SNAPSHOT.jar:/home/runner/.m2/repository/org/aspectj/aspectjrt/1.9.7/aspectjrt-1.9.7.jar:/home/runner/.m2/repository/org/aspectj/aspectjweaver/1.9.7/aspectjweaver-1.9.7.jar:/home/runner/.m2/repository/org/apache/ozone/hdds-interface-client/1.2.0-SNAPSHOT/hdds-interface-client-1.2.0-SNAPSHOT.jar:/home/runner/.m2/repository/org/apache/hadoop/thirdparty/hadoop-shaded-protobuf_3_7/1.1.1/hadoop-shaded-protobuf_3_7-1.1.1.jar:/home/runner/.m2/repository/org/apache/ozone/ozone-interface-storage/1.2.0-SNAPSHOT/ozone-interface-storage-1.2.0-SNAPSHOT.jar:/home/runner/.m2/repository/org/reflections/reflections/0.9.11/reflections-0.9.11.jar:/home/runner/.m2/repository/org/apache/hadoop/hadoop-minikdc/3.3.1/hadoop-minikdc-3.3.1.jar:/home/runner/.m2/repository/org/apache/kerby/kerb-simplekdc/1.0.1/kerb-simplekdc-1.0.1.jar:/home/runner/.m2/repository/org/apache/kerby/kerb-client/1.0.1/kerb-client-1.0.1.jar:/home/runner/.m2/repository/org/apache/kerby/kerby-config/1.0.1/kerby-config-1.0.1.jar:/home/runner/.m2/repository/org/apache/kerby/kerb-common/1.0.1/kerb-common-1.0.1.jar:/home/runner/.m2/repository/org/apache/kerby/kerb-crypto/1.0.1/kerb-crypto-1.0.1.jar:/home/runner/.m2/repository/org/apache/kerby/kerb-util/1.0.1/kerb-util-1.0.1.jar:/home/runner/.m2/repository/org/apache/kerby/token-provider/1.0.1/token-provider-1.0.1.jar:/home/runner/.m2/repository/org/apache/kerby/kerb-admin/1.0.1/kerb-admin-1.0.1.jar:/home/runner/.m2/repository/org/apache/kerby/kerb-server/1.0.1/kerb-server-1.0.1.jar:/home/runner/.m2/repository/org/apache/kerby/kerb-identity/1.0.1/kerb-identity-1.0.1.jar:/home/runner/.m2/repository/org/apache/kerby/kerby-xdr/1.0.1/kerby-xdr-1.0.1.jar:/home/runner/.m2/repository/org/slf4j/slf4j-log4j12/1.7.30/slf4j-log4j12-1.7.30.jar:/home/runner/.m2/repository/org/apache/ozone/ozone-s3gateway/1.2.0-SNAPSHOT/ozone-s3gateway-1.2.0-SNAPSHOT.jar:/home/runner/.m2/repository/org/javassist/javassist/3.21.0-GA/javassist-3.21.0-GA.jar:/home/runner/.m2/repository/org/jboss/weld/servlet/weld-servlet/2.4.7.Final/weld-servlet-2.4.7.Final.jar:/home/runner/.m2/repository/org/glassfish/jersey/containers/jersey-container-servlet-core/2.33/jersey-container-servlet-core-2.33.jar:/home/runner/.m2/repository/org/glassfish/hk2/external/jakarta.inject/2.6.1/jakarta.inject-2.6.1.jar:/home/runner/.m2/repository/org/glassfish/jersey/core/jersey-common/2.33/jersey-common-2.33.jar:/home/runner/.m2/repository/jakarta/ws/rs/jakarta.ws.rs-api/2.1.6/jakarta.ws.rs-api-2.1.6.jar:/home/runner/.m2/repository/org/glassfish/jersey/ext/cdi/jersey-cdi1x/2.33/jersey-cdi1x-2.33.jar:/home/runner/.m2/repository/org/glassfish/jersey/inject/jersey-hk2/2.33/jersey-hk2-2.33.jar:/home/runner/.m2/repository/org/glassfish/hk2/hk2-locator/2.6.1/hk2-locator-2.6.1.jar:/home/runner/.m2/repository/org/glassfish/jersey/media/jersey-media-jaxb/2.33/jersey-media-jaxb-2.33.jar:/home/runner/.m2/repository/org/glassfish/hk2/osgi-resource-locator/1.0.3/osgi-resource-locator-1.0.3.jar:/home/runner/.m2/repository/org/glassfish/hk2/hk2-api/2.5.0/hk2-api-2.5.0.jar:/home/runner/.m2/repository/org/glassfish/hk2/hk2-utils/2.5.0/hk2-utils-2.5.0.jar:/home/runner/.m2/repository/org/glassfish/hk2/external/aopalliance-repackaged/2.5.0/aopalliance-repackaged-2.5.0.jar:/home/runner/.m2/repository/com/fasterxml/jackson/dataformat/jackson-dataformat-xml/2.12.1/jackson-dataformat-xml-2.12.1.jar:/home/runner/.m2/repository/com/fasterxml/jackson/core/jackson-core/2.12.1/jackson-core-2.12.1.jar:/home/runner/.m2/repository/com/fasterxml/jackson/module/jackson-module-jaxb-annotations/2.12.1/jackson-module-jaxb-annotations-2.12.1.jar:/home/runner/.m2/repository/jakarta/xml/bind/jakarta.xml.bind-api/2.3.2/jakarta.xml.bind-api-2.3.2.jar:/home/runner/.m2/repository/org/codehaus/woodstox/stax2-api/3.1.4/stax2-api-3.1.4.jar:/home/runner/.m2/repository/com/fasterxml/woodstox/woodstox-core/5.0.3/woodstox-core-5.0.3.jar:/home/runner/.m2/repository/javax/enterprise/cdi-api/1.2/cdi-api-1.2.jar:/home/runner/.m2/repository/javax/el/javax.el-api/3.0.0/javax.el-api-3.0.0.jar:/home/runner/.m2/repository/javax/interceptor/javax.interceptor-api/1.2/javax.interceptor-api-1.2.jar:/home/runner/.m2/repository/javax/inject/javax.inject/1/javax.inject-1.jar:/home/runner/.m2/repository/javax/xml/bind/jaxb-api/2.3.0/jaxb-api-2.3.0.jar:/home/runner/.m2/repository/org/glassfish/jaxb/jaxb-runtime/2.3.0.1/jaxb-runtime-2.3.0.1.jar:/home/runner/.m2/repository/org/glassfish/jaxb/jaxb-core/2.3.0.1/jaxb-core-2.3.0.1.jar:/home/runner/.m2/repository/org/glassfish/jaxb/txw2/2.3.0.1/txw2-2.3.0.1.jar:/home/runner/.m2/repository/com/sun/istack/istack-commons-runtime/3.0.5/istack-commons-runtime-3.0.5.jar:/home/runner/.m2/repository/org/jvnet/staxex/stax-ex/1.7.8/stax-ex-1.7.8.jar:/home/runner/.m2/repository/com/sun/xml/fastinfoset/FastInfoset/1.2.13/FastInfoset-1.2.13.jar:/home/runner/.m2/repository/javax/activation/activation/1.1.1/activation-1.1.1.jar:/home/runner/.m2/repository/org/apache/ozone/ozone-csi/1.2.0-SNAPSHOT/ozone-csi-1.2.0-SNAPSHOT.jar:/home/runner/.m2/repository/com/google/protobuf/protobuf-java-util/3.12.0/protobuf-java-util-3.12.0.jar:/home/runner/.m2/repository/com/google/code/gson/gson/2.2.4/gson-2.2.4.jar:/home/runner/.m2/repository/org/apache/ozone/hdds-config/1.2.0-SNAPSHOT/hdds-config-1.2.0-SNAPSHOT.jar:/home/runner/.m2/repository/io/grpc/grpc-netty/1.33.0/grpc-netty-1.33.0.jar:/home/runner/.m2/repository/io/grpc/grpc-core/1.33.0/grpc-core-1.33.0.jar:/home/runner/.m2/repository/com/google/android/annotations/4.1.1.4/annotations-4.1.1.4.jar:/home/runner/.m2/repository/io/netty/netty-codec-http2/4.1.63.Final/netty-codec-http2-4.1.63.Final.jar:/home/runner/.m2/repository/io/netty/netty-codec-http/4.1.63.Final/netty-codec-http-4.1.63.Final.jar:/home/runner/.m2/repository/io/netty/netty-handler-proxy/4.1.63.Final/netty-handler-proxy-4.1.63.Final.jar:/home/runner/.m2/repository/io/netty/netty-codec-socks/4.1.63.Final/netty-codec-socks-4.1.63.Final.jar:/home/runner/.m2/repository/io/perfmark/perfmark-api/0.19.0/perfmark-api-0.19.0.jar:/home/runner/.m2/repository/org/codehaus/mojo/animal-sniffer-annotations/1.18/animal-sniffer-annotations-1.18.jar:/home/runner/.m2/repository/io/netty/netty-transport-native-epoll/4.1.63.Final/netty-transport-native-epoll-4.1.63.Final.jar:/home/runner/.m2/repository/io/netty/netty-common/4.1.63.Final/netty-common-4.1.63.Final.jar:/home/runner/.m2/repository/io/netty/netty-buffer/4.1.63.Final/netty-buffer-4.1.63.Final.jar:/home/runner/.m2/repository/io/netty/netty-transport-native-unix-common/4.1.63.Final/netty-transport-native-unix-common-4.1.63.Final.jar:/home/runner/.m2/repository/io/grpc/grpc-protobuf/1.33.0/grpc-protobuf-1.33.0.jar:/home/runner/.m2/repository/io/grpc/grpc-api/1.33.0/grpc-api-1.33.0.jar:/home/runner/.m2/repository/io/grpc/grpc-context/1.33.0/grpc-context-1.33.0.jar:/home/runner/.m2/repository/com/google/api/grpc/proto-google-common-protos/1.17.0/proto-google-common-protos-1.17.0.jar:/home/runner/.m2/repository/io/grpc/grpc-protobuf-lite/1.33.0/grpc-protobuf-lite-1.33.0.jar:/home/runner/.m2/repository/io/grpc/grpc-stub/1.33.0/grpc-stub-1.33.0.jar:/home/runner/.m2/repository/org/apache/ozone/ozone-recon/1.2.0-SNAPSHOT/ozone-recon-1.2.0-SNAPSHOT.jar:/home/runner/.m2/repository/org/apache/ozone/ozone-reconcodegen/1.2.0-SNAPSHOT/ozone-reconcodegen-1.2.0-SNAPSHOT.jar:/home/runner/.m2/repository/com/google/inject/extensions/guice-multibindings/4.0/guice-multibindings-4.0.jar:/home/runner/.m2/repository/com/google/inject/guice/4.0/guice-4.0.jar:/home/runner/.m2/repository/aopalliance/aopalliance/1.0/aopalliance-1.0.jar:/home/runner/.m2/repository/com/google/inject/extensions/guice-assistedinject/4.0/guice-assistedinject-4.0.jar:/home/runner/.m2/repository/com/google/inject/extensions/guice-servlet/4.0/guice-servlet-4.0.jar:/home/runner/.m2/repository/org/glassfish/jersey/containers/jersey-container-servlet/2.33/jersey-container-servlet-2.33.jar:/home/runner/.m2/repository/org/glassfish/hk2/guice-bridge/2.5.0/guice-bridge-2.5.0.jar:/home/runner/.m2/repository/org/glassfish/jersey/core/jersey-server/2.33/jersey-server-2.33.jar:/home/runner/.m2/repository/org/glassfish/jersey/core/jersey-client/2.33/jersey-client-2.33.jar:/home/runner/.m2/repository/jakarta/annotation/jakarta.annotation-api/1.3.5/jakarta.annotation-api-1.3.5.jar:/home/runner/.m2/repository/jakarta/validation/jakarta.validation-api/2.0.2/jakarta.validation-api-2.0.2.jar:/home/runner/.m2/repository/org/glassfish/jersey/media/jersey-media-json-jackson/2.33/jersey-media-json-jackson-2.33.jar:/home/runner/.m2/repository/org/glassfish/jersey/ext/jersey-entity-filtering/2.33/jersey-entity-filtering-2.33.jar:/home/runner/.m2/repository/org/jooq/jooq/3.11.10/jooq-3.11.10.jar:/home/runner/.m2/repository/org/jooq/jooq-meta/3.11.10/jooq-meta-3.11.10.jar:/home/runner/.m2/repository/org/jooq/jooq-codegen/3.11.10/jooq-codegen-3.11.10.jar:/home/runner/.m2/repository/com/jolbox/bonecp/0.8.0.RELEASE/bonecp-0.8.0.RELEASE.jar:/home/runner/.m2/repository/org/apache/derby/derby/10.14.2.0/derby-10.14.2.0.jar:/home/runner/.m2/repository/org/xerial/sqlite-jdbc/3.25.2/sqlite-jdbc-3.25.2.jar:/home/runner/.m2/repository/org/springframework/spring-jdbc/5.2.11.RELEASE/spring-jdbc-5.2.11.RELEASE.jar:/home/runner/.m2/repository/org/springframework/spring-beans/5.2.11.RELEASE/spring-beans-5.2.11.RELEASE.jar:/home/runner/.m2/repository/org/springframework/spring-core/5.2.11.RELEASE/spring-core-5.2.11.RELEASE.jar:/home/runner/.m2/repository/org/springframework/spring-jcl/5.2.11.RELEASE/spring-jcl-5.2.11.RELEASE.jar:/home/runner/.m2/repository/org/springframework/spring-tx/5.2.11.RELEASE/spring-tx-5.2.11.RELEASE.jar:/home/runner/.m2/repository/org/apache/ozone/ozone-client/1.2.0-SNAPSHOT/ozone-client-1.2.0-SNAPSHOT.jar:/home/runner/.m2/repository/org/apache/ozone/ozone-filesystem/1.2.0-SNAPSHOT/ozone-filesystem-1.2.0-SNAPSHOT.jar:/home/runner/.m2/repository/org/apache/ozone/ozone-filesystem-common/1.2.0-SNAPSHOT/ozone-filesystem-common-1.2.0-SNAPSHOT.jar:/home/runner/.m2/repository/org/apache/ozone/ozone-tools/1.2.0-SNAPSHOT/ozone-tools-1.2.0-SNAPSHOT.jar:/home/runner/.m2/repository/org/apache/ratis/ratis-tools/2.1.0-03f3b68-SNAPSHOT/ratis-tools-2.1.0-03f3b68-SNAPSHOT.jar:/home/runner/.m2/repository/com/amazonaws/aws-java-sdk-core/1.11.901/aws-java-sdk-core-1.11.901.jar:/home/runner/.m2/repository/org/apache/httpcomponents/httpclient/4.5.13/httpclient-4.5.13.jar:/home/runner/.m2/repository/org/apache/httpcomponents/httpcore/4.4.13/httpcore-4.4.13.jar:/home/runner/.m2/repository/software/amazon/ion/ion-java/1.0.2/ion-java-1.0.2.jar:/home/runner/.m2/repository/com/fasterxml/jackson/dataformat/jackson-dataformat-cbor/2.12.1/jackson-dataformat-cbor-2.12.1.jar:/home/runner/.m2/repository/joda-time/joda-time/2.8.1/joda-time-2.8.1.jar:/home/runner/.m2/repository/com/amazonaws/aws-java-sdk-s3/1.11.901/aws-java-sdk-s3-1.11.901.jar:/home/runner/.m2/repository/com/amazonaws/aws-java-sdk-kms/1.11.901/aws-java-sdk-kms-1.11.901.jar:/home/runner/.m2/repository/com/amazonaws/jmespath-java/1.11.901/jmespath-java-1.11.901.jar:/home/runner/.m2/repository/org/kohsuke/metainf-services/metainf-services/1.8/metainf-services-1.8.jar:/home/runner/.m2/repository/org/apache/ozone/hdds-tools/1.2.0-SNAPSHOT/hdds-tools-1.2.0-SNAPSHOT.jar:/home/runner/.m2/repository/commons-cli/commons-cli/1.2/commons-cli-1.2.jar:/home/runner/.m2/repository/org/apache/commons/commons-lang3/3.7/commons-lang3-3.7.jar:/home/runner/.m2/repository/org/apache/ozone/ozone-manager/1.2.0-SNAPSHOT/ozone-manager-1.2.0-SNAPSHOT-tests.jar:/home/runner/.m2/repository/org/apache/ozone/hdds-common/1.2.0-SNAPSHOT/hdds-common-1.2.0-SNAPSHOT-tests.jar:/home/runner/.m2/repository/org/apache/ozone/hdds-hadoop-dependency-client/1.2.0-SNAPSHOT/hdds-hadoop-dependency-client-1.2.0-SNAPSHOT.jar:/home/runner/.m2/repository/info/picocli/picocli/4.6.1/picocli-4.6.1.jar:/home/runner/.m2/repository/com/fasterxml/jackson/core/jackson-annotations/2.12.1/jackson-annotations-2.12.1.jar:/home/runner/.m2/repository/javax/annotation/javax.annotation-api/1.2/javax.annotation-api-1.2.jar:/home/runner/.m2/repository/org/apache/ratis/ratis-server/2.1.0-03f3b68-SNAPSHOT/ratis-server-2.1.0-03f3b68-SNAPSHOT.jar:/home/runner/.m2/repository/org/apache/ratis/ratis-client/2.1.0-03f3b68-SNAPSHOT/ratis-client-2.1.0-03f3b68-SNAPSHOT.jar:/home/runner/.m2/repository/org/apache/ratis/ratis-server-api/2.1.0-03f3b68-SNAPSHOT/ratis-server-api-2.1.0-03f3b68-SNAPSHOT.jar:/home/runner/.m2/repository/org/apache/ratis/ratis-metrics/2.1.0-03f3b68-SNAPSHOT/ratis-metrics-2.1.0-03f3b68-SNAPSHOT.jar:/home/runner/.m2/repository/org/apache/ratis/ratis-netty/2.1.0-03f3b68-SNAPSHOT/ratis-netty-2.1.0-03f3b68-SNAPSHOT.jar:/home/runner/.m2/repository/org/apache/ratis/ratis-grpc/2.1.0-03f3b68-SNAPSHOT/ratis-grpc-2.1.0-03f3b68-SNAPSHOT.jar:/home/runner/.m2/repository/org/apache/logging/log4j/log4j-api/2.13.3/log4j-api-2.13.3.jar:/home/runner/.m2/repository/org/apache/logging/log4j/log4j-core/2.13.3/log4j-core-2.13.3.jar:/home/runner/.m2/repository/com/lmax/disruptor/3.4.2/disruptor-3.4.2.jar:/home/runner/.m2/repository/org/apache/commons/commons-pool2/2.6.0/commons-pool2-2.6.0.jar:/home/runner/.m2/repository/org/bouncycastle/bcpkix-jdk15on/1.67/bcpkix-jdk15on-1.67.jar:/home/runner/.m2/repository/commons-validator/commons-validator/1.6/commons-validator-1.6.jar:/home/runner/.m2/repository/commons-beanutils/commons-beanutils/1.9.4/commons-beanutils-1.9.4.jar:/home/runner/.m2/repository/commons-digester/commons-digester/1.8.1/commons-digester-1.8.1.jar:/home/runner/.m2/repository/commons-collections/commons-collections/3.2.2/commons-collections-3.2.2.jar:/home/runner/.m2/repository/io/jaegertracing/jaeger-client/1.6.0/jaeger-client-1.6.0.jar:/home/runner/.m2/repository/io/jaegertracing/jaeger-thrift/1.6.0/jaeger-thrift-1.6.0.jar:/home/runner/.m2/repository/org/apache/thrift/libthrift/0.14.1/libthrift-0.14.1.jar:/home/runner/.m2/repository/com/squareup/okhttp3/okhttp/4.9.0/okhttp-4.9.0.jar:/home/runner/.m2/repository/com/squareup/okio/okio/2.8.0/okio-2.8.0.jar:/home/runner/.m2/repository/io/jaegertracing/jaeger-core/1.6.0/jaeger-core-1.6.0.jar:/home/runner/.m2/repository/io/jaegertracing/jaeger-tracerresolver/1.6.0/jaeger-tracerresolver-1.6.0.jar:/home/runner/.m2/repository/io/opentracing/contrib/opentracing-tracerresolver/0.1.8/opentracing-tracerresolver-0.1.8.jar:/home/runner/.m2/repository/org/jetbrains/kotlin/kotlin-stdlib/1.4.31/kotlin-stdlib-1.4.31.jar:/home/runner/.m2/repository/org/jetbrains/kotlin/kotlin-stdlib-common/1.4.31/kotlin-stdlib-common-1.4.31.jar:/home/runner/.m2/repository/org/jetbrains/annotations/13.0/annotations-13.0.jar:/home/runner/.m2/repository/io/opentracing/opentracing-util/0.33.0/opentracing-util-0.33.0.jar:/home/runner/.m2/repository/io/opentracing/opentracing-api/0.33.0/opentracing-api-0.33.0.jar:/home/runner/.m2/repository/io/opentracing/opentracing-noop/0.33.0/opentracing-noop-0.33.0.jar:/home/runner/.m2/repository/org/yaml/snakeyaml/1.26/snakeyaml-1.26.jar:/home/runner/.m2/repository/org/apache/ozone/hdds-interface-admin/1.2.0-SNAPSHOT/hdds-interface-admin-1.2.0-SNAPSHOT.jar:/home/runner/.m2/repository/junit/junit/4.13.1/junit-4.13.1.jar:/home/runner/.m2/repository/org/hamcrest/hamcrest-core/1.3/hamcrest-core-1.3.jar:/home/runner/.m2/repository/org/junit/jupiter/junit-jupiter-api/5.7.0/junit-jupiter-api-5.7.0.jar:/home/runner/.m2/repository/org/apiguardian/apiguardian-api/1.1.0/apiguardian-api-1.1.0.jar:/home/runner/.m2/repository/org/opentest4j/opentest4j/1.2.0/opentest4j-1.2.0.jar:/home/runner/.m2/repository/org/junit/platform/junit-platform-commons/1.7.0/junit-platform-commons-1.7.0.jar:/home/runner/.m2/repository/org/junit/jupiter/junit-jupiter-engine/5.7.0/junit-jupiter-engine-5.7.0.jar:/home/runner/.m2/repository/org/junit/platform/junit-platform-engine/1.7.0/junit-platform-engine-1.7.0.jar:/home/runner/.m2/repository/org/junit/vintage/junit-vintage-engine/5.7.0/junit-vintage-engine-5.7.0.jar:/home/runner/.m2/repository/org/junit/platform/junit-platform-launcher/1.7.0/junit-platform-launcher-1.7.0.jar:/home/runner/.m2/repository/org/openjdk/jmh/jmh-core/1.19/jmh-core-1.19.jar:/home/runner/.m2/repository/net/sf/jopt-simple/jopt-simple/4.6/jopt-simple-4.6.jar:/home/runner/.m2/repository/org/apache/commons/commons-math3/3.1.1/commons-math3-3.1.1.jar:/home/runner/.m2/repository/org/openjdk/jmh/jmh-generator-annprocess/1.19/jmh-generator-annprocess-1.19.jar:/home/runner/.m2/repository/org/mockito/mockito-core/2.28.2/mockito-core-2.28.2.jar:/home/runner/.m2/repository/net/bytebuddy/byte-buddy/1.9.10/byte-buddy-1.9.10.jar:/home/runner/.m2/repository/net/bytebuddy/byte-buddy-agent/1.9.10/byte-buddy-agent-1.9.10.jar:/home/runner/.m2/repository/org/objenesis/objenesis/1.0/objenesis-1.0.jar:/home/runner/.m2/repository/org/apache/hadoop/hadoop-kms/3.3.1/hadoop-kms-3.3.1.jar:/home/runner/.m2/repository/org/apache/hadoop/hadoop-auth/3.3.1/hadoop-auth-3.3.1.jar:/home/runner/.m2/repository/com/nimbusds/nimbus-jose-jwt/7.9/nimbus-jose-jwt-7.9.jar:/home/runner/.m2/repository/com/github/stephenc/jcip/jcip-annotations/1.0-1/jcip-annotations-1.0-1.jar:/home/runner/.m2/repository/net/minidev/json-smart/2.3/json-smart-2.3.jar:/home/runner/.m2/repository/net/minidev/accessors-smart/1.2/accessors-smart-1.2.jar:/home/runner/.m2/repository/org/ow2/asm/asm/5.0.4/asm-5.0.4.jar:/home/runner/.m2/repository/org/apache/zookeeper/zookeeper/3.5.6/zookeeper-3.5.6.jar:/home/runner/.m2/repository/org/apache/zookeeper/zookeeper-jute/3.5.6/zookeeper-jute-3.5.6.jar:/home/runner/.m2/repository/org/apache/yetus/audience-annotations/0.5.0/audience-annotations-0.5.0.jar:/home/runner/.m2/repository/org/apache/curator/curator-framework/4.2.0/curator-framework-4.2.0.jar:/home/runner/.m2/repository/org/apache/hadoop/thirdparty/hadoop-shaded-guava/1.1.1/hadoop-shaded-guava-1.1.1.jar:/home/runner/.m2/repository/com/sun/jersey/jersey-core/1.19/jersey-core-1.19.jar:/home/runner/.m2/repository/javax/ws/rs/jsr311-api/1.1.1/jsr311-api-1.1.1.jar:/home/runner/.m2/repository/com/sun/jersey/jersey-server/1.19/jersey-server-1.19.jar:/home/runner/.m2/repository/javax/servlet/javax.servlet-api/3.1.0/javax.servlet-api-3.1.0.jar:/home/runner/.m2/repository/org/eclipse/jetty/jetty-server/9.4.43.v20210629/jetty-server-9.4.43.v20210629.jar:/home/runner/.m2/repository/org/eclipse/jetty/jetty-http/9.4.43.v20210629/jetty-http-9.4.43.v20210629.jar:/home/runner/.m2/repository/org/eclipse/jetty/jetty-io/9.4.43.v20210629/jetty-io-9.4.43.v20210629.jar:/home/runner/.m2/repository/org/eclipse/jetty/jetty-webapp/9.4.43.v20210629/jetty-webapp-9.4.43.v20210629.jar:/home/runner/.m2/repository/org/eclipse/jetty/jetty-xml/9.4.43.v20210629/jetty-xml-9.4.43.v20210629.jar:/home/runner/.m2/repository/org/apache/hadoop/hadoop-common/3.3.1/hadoop-common-3.3.1.jar:/home/runner/.m2/repository/commons-net/commons-net/3.6/commons-net-3.6.jar:/home/runner/.m2/repository/jakarta/activation/jakarta.activation-api/1.2.1/jakarta.activation-api-1.2.1.jar:/home/runner/.m2/repository/com/sun/jersey/jersey-servlet/1.19/jersey-servlet-1.19.jar:/home/runner/.m2/repository/com/sun/jersey/jersey-json/1.19/jersey-json-1.19.jar:/home/runner/.m2/repository/org/codehaus/jettison/jettison/1.1/jettison-1.1.jar:/home/runner/.m2/repository/com/sun/xml/bind/jaxb-impl/2.2.3-1/jaxb-impl-2.2.3-1.jar:/home/runner/.m2/repository/org/codehaus/jackson/jackson-jaxrs/1.9.2/jackson-jaxrs-1.9.2.jar:/home/runner/.m2/repository/org/codehaus/jackson/jackson-xc/1.9.2/jackson-xc-1.9.2.jar:/home/runner/.m2/repository/org/apache/commons/commons-configuration2/2.1.1/commons-configuration2-2.1.1.jar:/home/runner/.m2/repository/org/apache/commons/commons-text/1.4/commons-text-1.4.jar:/home/runner/.m2/repository/com/google/re2j/re2j/1.1/re2j-1.1.jar:/home/runner/.m2/repository/com/jcraft/jsch/0.1.54/jsch-0.1.54.jar:/home/runner/.m2/repository/org/apache/curator/curator-client/4.2.0/curator-client-4.2.0.jar:/home/runner/.m2/repository/org/apache/curator/curator-recipes/4.2.0/curator-recipes-4.2.0.jar:/home/runner/.m2/repository/org/apache/kerby/kerb-core/1.0.1/kerb-core-1.0.1.jar:/home/runner/.m2/repository/org/apache/kerby/kerby-pkix/1.0.1/kerby-pkix-1.0.1.jar:/home/runner/.m2/repository/org/apache/kerby/kerby-asn1/1.0.1/kerby-asn1-1.0.1.jar:/home/runner/.m2/repository/org/apache/kerby/kerby-util/1.0.1/kerby-util-1.0.1.jar:/home/runner/.m2/repository/dnsjava/dnsjava/2.1.7/dnsjava-2.1.7.jar:/home/runner/.m2/repository/org/xerial/snappy/snappy-java/1.1.8.2/snappy-java-1.1.8.2.jar:/home/runner/.m2/repository/org/slf4j/jul-to-slf4j/1.7.30/jul-to-slf4j-1.7.30.jar:/home/runner/.m2/repository/org/eclipse/jetty/jetty-util/9.4.43.v20210629/jetty-util-9.4.43.v20210629.jar:/home/runner/.m2/repository/com/fasterxml/jackson/core/jackson-databind/2.12.1/jackson-databind-2.12.1.jar:/home/runner/.m2/repository/org/apache/hadoop/hadoop-kms/3.3.1/hadoop-kms-3.3.1-tests.jar:/home/runner/.m2/repository/org/apache/ozone/hdds-server-scm/1.2.0-SNAPSHOT/hdds-server-scm-1.2.0-SNAPSHOT-tests.jar:/home/runner/.m2/repository/org/apache/ozone/hdds-container-service/1.2.0-SNAPSHOT/hdds-container-service-1.2.0-SNAPSHOT-tests.jar:/home/runner/.m2/repository/commons-codec/commons-codec/1.11/commons-codec-1.11.jar:/home/runner/.m2/repository/io/netty/netty-transport/4.1.63.Final/netty-transport-4.1.63.Final.jar:/home/runner/.m2/repository/io/netty/netty-resolver/4.1.63.Final/netty-resolver-4.1.63.Final.jar:/home/runner/.m2/repository/io/netty/netty-codec/4.1.63.Final/netty-codec-4.1.63.Final.jar:/home/runner/.m2/repository/io/netty/netty-handler/4.1.63.Final/netty-handler-4.1.63.Final.jar:/home/runner/.m2/repository/org/apache/ozone/hdds-hadoop-dependency-test/1.2.0-SNAPSHOT/hdds-hadoop-dependency-test-1.2.0-SNAPSHOT.jar:/home/runner/.m2/repository/org/apache/hadoop/hadoop-common/3.3.1/hadoop-common-3.3.1-tests.jar:/home/runner/.m2/repository/org/assertj/assertj-core/3.12.2/assertj-core-3.12.2.jar:/home/runner/.m2/repository/org/apache/hadoop/hadoop-hdfs/3.3.1/hadoop-hdfs-3.3.1-tests.jar:/home/runner/.m2/repository/org/eclipse/jetty/jetty-util-ajax/9.4.43.v20210629/jetty-util-ajax-9.4.43.v20210629.jar:/home/runner/.m2/repository/commons-daemon/commons-daemon/1.0.13/commons-daemon-1.0.13.jar:/home/runner/.m2/repository/io/netty/netty/3.10.6.Final/netty-3.10.6.Final.jar:/home/runner/.m2/repository/io/netty/netty-all/4.1.63.Final/netty-all-4.1.63.Final.jar:/home/runner/.m2/repository/org/apache/htrace/htrace-core4/4.1.0-incubating/htrace-core4-4.1.0-incubating.jar:/home/runner/.m2/repository/org/fusesource/leveldbjni/leveldbjni-all/1.8/leveldbjni-all-1.8.jar:/home/runner/.m2/repository/org/apache/hadoop/hadoop-distcp/3.3.1/hadoop-distcp-3.3.1.jar:/home/runner/.m2/repository/org/apache/hadoop/hadoop-mapreduce-client-jobclient/3.3.1/hadoop-mapreduce-client-jobclient-3.3.1.jar:/home/runner/.m2/repository/org/apache/hadoop/hadoop-mapreduce-client-common/3.3.1/hadoop-mapreduce-client-common-3.3.1.jar:/home/runner/.m2/repository/org/apache/hadoop/hadoop-yarn-common/3.3.1/hadoop-yarn-common-3.3.1.jar:/home/runner/.m2/repository/org/apache/hadoop/hadoop-yarn-api/3.3.1/hadoop-yarn-api-3.3.1.jar:/home/runner/.m2/repository/com/sun/jersey/jersey-client/1.19/jersey-client-1.19.jar:/home/runner/.m2/repository/com/sun/jersey/contribs/jersey-guice/1.19/jersey-guice-1.19.jar:/home/runner/.m2/repository/com/fasterxml/jackson/jaxrs/jackson-jaxrs-json-provider/2.12.1/jackson-jaxrs-json-provider-2.12.1.jar:/home/runner/.m2/repository/com/fasterxml/jackson/jaxrs/jackson-jaxrs-base/2.12.1/jackson-jaxrs-base-2.12.1.jar:/home/runner/.m2/repository/org/apache/hadoop/hadoop-yarn-client/3.3.1/hadoop-yarn-client-3.3.1.jar:/home/runner/.m2/repository/org/eclipse/jetty/websocket/websocket-client/9.4.40.v20210413/websocket-client-9.4.40.v20210413.jar:/home/runner/.m2/repository/org/eclipse/jetty/jetty-client/9.4.40.v20210413/jetty-client-9.4.40.v20210413.jar:/home/runner/.m2/repository/org/eclipse/jetty/websocket/websocket-common/9.4.40.v20210413/websocket-common-9.4.40.v20210413.jar:/home/runner/.m2/repository/org/eclipse/jetty/websocket/websocket-api/9.4.40.v20210413/websocket-api-9.4.40.v20210413.jar:/home/runner/.m2/repository/org/jline/jline/3.9.0/jline-3.9.0.jar:/home/runner/.m2/repository/org/apache/hadoop/hadoop-mapreduce-client-core/3.3.1/hadoop-mapreduce-client-core-3.3.1.jar:/home/runner/.m2/repository/org/apache/avro/avro/1.7.7/avro-1.7.7.jar:/home/runner/.m2/repository/org/codehaus/jackson/jackson-core-asl/1.9.13/jackson-core-asl-1.9.13.jar:/home/runner/.m2/repository/org/codehaus/jackson/jackson-mapper-asl/1.9.13/jackson-mapper-asl-1.9.13.jar:/home/runner/.m2/repository/com/thoughtworks/paranamer/paranamer/2.3/paranamer-2.3.jar:/home/runner/.m2/repository/org/apache/hadoop/hadoop-annotations/3.3.1/hadoop-annotations-3.3.1.jar:/usr/lib/jvm/adoptopenjdk-8-hotspot-amd64/jre/../lib/tools.jar:/home/runner/.m2/repository/org/apache/hadoop/hadoop-distcp/3.3.1/hadoop-distcp-3.3.1-tests.jar:/home/runner/.m2/repository/org/apache/ratis/ratis-common/2.1.0-03f3b68-SNAPSHOT/ratis-common-2.1.0-03f3b68-SNAPSHOT.jar:/home/runner/.m2/repository/org/apache/ratis/ratis-thirdparty-misc/0.7.0/ratis-thirdparty-misc-0.7.0.jar:/home/runner/.m2/repository/org/apache/ratis/ratis-proto/2.1.0-03f3b68-SNAPSHOT/ratis-proto-2.1.0-03f3b68-SNAPSHOT.jar:"/>
    <property name="sun.cpu.endian" value="little"/>
    <property name="user.home" value="/home/runner"/>
    <property name="user.language" value="en"/>
    <property name="java.specification.vendor" value="Oracle Corporation"/>
    <property name="java.home" value="/usr/lib/jvm/adoptopenjdk-8-hotspot-amd64/jre"/>
    <property name="java.security.krb5.conf" value="/home/runner/work/ozone/ozone/hadoop-ozone/integration-test/target/test-classes/krb5.conf"/>
    <property name="basedir" value="/home/runner/work/ozone/ozone/hadoop-ozone/integration-test"/>
    <property name="file.separator" value="/"/>
    <property name="line.separator" value="&#10;"/>
    <property name="java.vm.specification.vendor" value="Oracle Corporation"/>
    <property name="java.specification.name" value="Java Platform API Specification"/>
    <property name="java.awt.graphicsenv" value="sun.awt.X11GraphicsEnvironment"/>
    <property name="skip.installnpx" value="true"/>
    <property name="surefire.real.class.path" value="/home/runner/work/ozone/ozone/hadoop-ozone/integration-test/target/surefire/surefirebooter6028514803184450232.jar:/home/runner/.m2/repository/org/jacoco/org.jacoco.agent/0.8.5/org.jacoco.agent-0.8.5-runtime.jar"/>
    <property name="hadoop.log.dir" value="/home/runner/work/ozone/ozone/hadoop-ozone/integration-test/target/log"/>
    <property name="sun.boot.class.path" value="/usr/lib/jvm/adoptopenjdk-8-hotspot-amd64/jre/lib/resources.jar:/usr/lib/jvm/adoptopenjdk-8-hotspot-amd64/jre/lib/rt.jar:/usr/lib/jvm/adoptopenjdk-8-hotspot-amd64/jre/lib/sunrsasign.jar:/usr/lib/jvm/adoptopenjdk-8-hotspot-amd64/jre/lib/jsse.jar:/usr/lib/jvm/adoptopenjdk-8-hotspot-amd64/jre/lib/jce.jar:/usr/lib/jvm/adoptopenjdk-8-hotspot-amd64/jre/lib/charsets.jar:/usr/lib/jvm/adoptopenjdk-8-hotspot-amd64/jre/lib/jfr.jar:/usr/lib/jvm/adoptopenjdk-8-hotspot-amd64/jre/classes"/>
    <property name="sun.management.compiler" value="HotSpot 64-Bit Tiered Compilers"/>
    <property name="skip.npx" value="true"/>
    <property name="java.runtime.version" value="1.8.0_292-b10"/>
    <property name="java.net.preferIPv4Stack" value="true"/>
    <property name="user.name" value="runner"/>
    <property name="path.separator" value=":"/>
    <property name="java.security.egd" value="file:///dev/urandom"/>
    <property name="os.version" value="5.4.0-1059-azure"/>
    <property name="java.endorsed.dirs" value="/usr/lib/jvm/adoptopenjdk-8-hotspot-amd64/jre/lib/endorsed"/>
    <property name="java.runtime.name" value="OpenJDK Runtime Environment"/>
    <property name="file.encoding" value="UTF-8"/>
    <property name="java.vm.name" value="OpenJDK 64-Bit Server VM"/>
    <property name="test.build.webapps" value=""/>
    <property name="localRepository" value="/home/runner/.m2/repository"/>
    <property name="java.vendor.url.bug" value="https://github.com/AdoptOpenJDK/openjdk-support/issues"/>
    <property name="java.io.tmpdir" value="/tmp"/>
    <property name="require.test.libhadoop" value=""/>
    <property name="java.version" value="1.8.0_292"/>
    <property name="user.dir" value="/home/runner/work/ozone/ozone/hadoop-ozone/integration-test"/>
    <property name="os.arch" value="amd64"/>
    <property name="java.vm.specification.name" value="Java Virtual Machine Specification"/>
    <property name="test.build.classes" value="/home/runner/work/ozone/ozone/hadoop-ozone/integration-test/target/test-classes"/>
    <property name="java.awt.printerjob" value="sun.print.PSPrinterJob"/>
    <property name="sun.os.patch.level" value="unknown"/>
    <property name="hadoop.tmp.dir" value="/home/runner/work/ozone/ozone/hadoop-ozone/integration-test/target/tmp"/>
    <property name="java.library.path" value="/usr/java/packages/lib/amd64:/usr/lib64:/lib64:/lib:/usr/lib"/>
    <property name="java.vm.info" value="mixed mode"/>
    <property name="java.vendor" value="AdoptOpenJDK"/>
    <property name="java.vm.version" value="25.292-b10"/>
    <property name="java.ext.dirs" value="/usr/lib/jvm/adoptopenjdk-8-hotspot-amd64/jre/lib/ext:/usr/java/packages/lib/ext"/>
    <property name="sun.io.unicode.encoding" value="UnicodeLittle"/>
    <property name="java.class.version" value="52.0"/>
  </properties>
  <testcase name="testNodeWithOpenPipelineCanBeDecommissionedAndRecommissioned" classname="org.apache.hadoop.ozone.scm.node.TestDecommissionAndMaintenance" time="54.529"/>
  <testcase name="testContainerIsReplicatedWhenAllNodesGotoMaintenance" classname="org.apache.hadoop.ozone.scm.node.TestDecommissionAndMaintenance" time="28.306"/>
  <testcase name="testMaintenanceEndsAutomaticallyAtTimeout" classname="org.apache.hadoop.ozone.scm.node.TestDecommissionAndMaintenance" time="100.015">
    <error message="Failed to obtain available cluster in time" type="java.io.IOException">java.io.IOException: Failed to obtain available cluster in time
	at org.apache.hadoop.ozone.MiniOzoneClusterProvider.provide(MiniOzoneClusterProvider.java:162)
	at org.apache.hadoop.ozone.scm.node.TestDecommissionAndMaintenance.setUp(TestDecommissionAndMaintenance.java:144)
	at sun.reflect.NativeMethodAccessorImpl.invoke0(Native Method)
	at sun.reflect.NativeMethodAccessorImpl.invoke(NativeMethodAccessorImpl.java:62)
	at sun.reflect.DelegatingMethodAccessorImpl.invoke(DelegatingMethodAccessorImpl.java:43)
	at java.lang.reflect.Method.invoke(Method.java:498)
	at org.junit.runners.model.FrameworkMethod$1.runReflectiveCall(FrameworkMethod.java:59)
	at org.junit.internal.runners.model.ReflectiveCallable.run(ReflectiveCallable.java:12)
	at org.junit.runners.model.FrameworkMethod.invokeExplosively(FrameworkMethod.java:56)
	at org.junit.internal.runners.statements.RunBefores.invokeMethod(RunBefores.java:33)
	at org.junit.internal.runners.statements.RunBefores.evaluate(RunBefores.java:24)
	at org.junit.internal.runners.statements.RunAfters.evaluate(RunAfters.java:27)
	at org.junit.runners.ParentRunner$3.evaluate(ParentRunner.java:306)
	at org.junit.runners.BlockJUnit4ClassRunner$1.evaluate(BlockJUnit4ClassRunner.java:100)
	at org.junit.runners.ParentRunner.runLeaf(ParentRunner.java:366)
	at org.junit.runners.BlockJUnit4ClassRunner.runChild(BlockJUnit4ClassRunner.java:103)
	at org.junit.runners.BlockJUnit4ClassRunner.runChild(BlockJUnit4ClassRunner.java:63)
	at org.junit.runners.ParentRunner$4.run(ParentRunner.java:331)
	at org.junit.runners.ParentRunner$1.schedule(ParentRunner.java:79)
	at org.junit.runners.ParentRunner.runChildren(ParentRunner.java:329)
	at org.junit.runners.ParentRunner.access$100(ParentRunner.java:66)
	at org.junit.runners.ParentRunner$2.evaluate(ParentRunner.java:293)
	at org.junit.internal.runners.statements.RunBefores.evaluate(RunBefores.java:26)
	at org.junit.internal.runners.statements.RunAfters.evaluate(RunAfters.java:27)
	at org.junit.runners.ParentRunner$3.evaluate(ParentRunner.java:306)
	at org.junit.runners.ParentRunner.run(ParentRunner.java:413)
	at org.junit.runner.JUnitCore.run(JUnitCore.java:137)
	at org.junit.runner.JUnitCore.run(JUnitCore.java:115)
	at org.junit.vintage.engine.execution.RunnerExecutor.execute(RunnerExecutor.java:43)
	at java.util.stream.ForEachOps$ForEachOp$OfRef.accept(ForEachOps.java:183)
	at java.util.stream.ReferencePipeline$3$1.accept(ReferencePipeline.java:193)
	at java.util.Iterator.forEachRemaining(Iterator.java:116)
	at java.util.Spliterators$IteratorSpliterator.forEachRemaining(Spliterators.java:1801)
	at java.util.stream.AbstractPipeline.copyInto(AbstractPipeline.java:482)
	at java.util.stream.AbstractPipeline.wrapAndCopyInto(AbstractPipeline.java:472)
	at java.util.stream.ForEachOps$ForEachOp.evaluateSequential(ForEachOps.java:150)
	at java.util.stream.ForEachOps$ForEachOp$OfRef.evaluateSequential(ForEachOps.java:173)
	at java.util.stream.AbstractPipeline.evaluate(AbstractPipeline.java:234)
	at java.util.stream.ReferencePipeline.forEach(ReferencePipeline.java:485)
	at org.junit.vintage.engine.VintageTestEngine.executeAllChildren(VintageTestEngine.java:82)
	at org.junit.vintage.engine.VintageTestEngine.execute(VintageTestEngine.java:73)
	at org.junit.platform.launcher.core.EngineExecutionOrchestrator.execute(EngineExecutionOrchestrator.java:108)
	at org.junit.platform.launcher.core.EngineExecutionOrchestrator.execute(EngineExecutionOrchestrator.java:88)
	at org.junit.platform.launcher.core.EngineExecutionOrchestrator.lambda$execute$0(EngineExecutionOrchestrator.java:54)
	at org.junit.platform.launcher.core.EngineExecutionOrchestrator.withInterceptedStreams(EngineExecutionOrchestrator.java:67)
	at org.junit.platform.launcher.core.EngineExecutionOrchestrator.execute(EngineExecutionOrchestrator.java:52)
	at org.junit.platform.launcher.core.DefaultLauncher.execute(DefaultLauncher.java:96)
	at org.junit.platform.launcher.core.DefaultLauncher.execute(DefaultLauncher.java:75)
	at org.apache.maven.surefire.junitplatform.JUnitPlatformProvider.invokeAllTests(JUnitPlatformProvider.java:142)
	at org.apache.maven.surefire.junitplatform.JUnitPlatformProvider.invoke(JUnitPlatformProvider.java:113)
	at org.apache.maven.surefire.booter.ForkedBooter.invokeProviderInSameClassLoader(ForkedBooter.java:384)
	at org.apache.maven.surefire.booter.ForkedBooter.runSuitesInProcess(ForkedBooter.java:345)
	at org.apache.maven.surefire.booter.ForkedBooter.execute(ForkedBooter.java:126)
	at org.apache.maven.surefire.booter.ForkedBooter.main(ForkedBooter.java:418)
</error>
    <system-out><![CDATA[2021-10-06 14:02:38,717 [Mini-Cluster-Provider-Reap] INFO  ozone.MiniOzoneClusterImpl (MiniOzoneClusterImpl.java:stop(468)) - Stopping the Mini Ozone Cluster
2021-10-06 14:02:38,717 [Mini-Cluster-Provider-Reap] INFO  ozone.MiniOzoneClusterImpl (MiniOzoneClusterImpl.java:stopOM(550)) - Stopping the OzoneManager
2021-10-06 14:02:38,717 [Mini-Cluster-Provider-Reap] INFO  om.OzoneManager (OzoneManager.java:stop(1644)) - Stopping Ozone Manager
2021-10-06 14:02:38,719 [Mini-Cluster-Provider-Reap] INFO  ipc.Server (Server.java:stop(3414)) - Stopping server on 36425
2021-10-06 14:02:38,747 [IPC Server listener on 0] INFO  ipc.Server (Server.java:run(1376)) - Stopping IPC Server listener on 0
2021-10-06 14:02:38,747 [Mini-Cluster-Provider-Reap] INFO  server.RaftServer (RaftServerProxy.java:lambda$close$6(391)) - om1: close
2021-10-06 14:02:38,747 [IPC Server Responder] INFO  ipc.Server (Server.java:run(1512)) - Stopping IPC Server Responder
2021-10-06 14:02:38,750 [Mini-Cluster-Provider-Reap] INFO  server.RaftServer$Division (RaftServerImpl.java:lambda$close$4(407)) - om1@group-C5BA1605619E: shutdown
2021-10-06 14:02:38,751 [Mini-Cluster-Provider-Reap] INFO  util.JmxRegister (JmxRegister.java:unregister(73)) - Successfully un-registered JMX Bean with object name Ratis:service=RaftServer,group=group-C5BA1605619E,id="om1"
2021-10-06 14:02:38,751 [Mini-Cluster-Provider-Reap] INFO  impl.RoleInfo (RoleInfo.java:shutdownLeaderState(91)) - om1: shutdown om1@group-C5BA1605619E-LeaderStateImpl
2021-10-06 14:02:38,751 [Mini-Cluster-Provider-Reap] INFO  impl.PendingRequests (PendingRequests.java:sendNotLeaderResponses(282)) - om1@group-C5BA1605619E-PendingRequests: sendNotLeaderResponses
2021-10-06 14:02:38,763 [Mini-Cluster-Provider-Reap] INFO  impl.StateMachineUpdater (StateMachineUpdater.java:stopAndJoin(149)) - om1@group-C5BA1605619E-StateMachineUpdater: set stopIndex = 84
2021-10-06 14:02:38,763 [om1@group-C5BA1605619E-StateMachineUpdater] INFO  ratis.OzoneManagerStateMachine (OzoneManagerStateMachine.java:takeSnapshot(417)) - Current Snapshot Index (t:1, i:84)
2021-10-06 14:02:38,763 [om1@group-C5BA1605619E-StateMachineUpdater] INFO  impl.StateMachineUpdater (StateMachineUpdater.java:takeSnapshot(281)) - om1@group-C5BA1605619E-StateMachineUpdater: Took a snapshot at index 84
2021-10-06 14:02:38,764 [om1@group-C5BA1605619E-StateMachineUpdater] INFO  impl.StateMachineUpdater (StateMachineUpdater.java:lambda$new$0(89)) - om1@group-C5BA1605619E-StateMachineUpdater: snapshotIndex: updateIncreasingly -1 -> 84
2021-10-06 14:02:38,764 [om1@group-C5BA1605619E-StateMachineUpdater] INFO  ratis.OzoneManagerStateMachine (OzoneManagerStateMachine.java:close(471)) - StateMachine has shutdown. Shutdown OzoneManager if not already shutdown.
2021-10-06 14:02:38,764 [Mini-Cluster-Provider-Reap] INFO  server.RaftServer$Division (ServerState.java:close(419)) - om1@group-C5BA1605619E: closes. applyIndex: 84
2021-10-06 14:02:38,764 [om1@group-C5BA1605619E-SegmentedRaftLogWorker] INFO  segmented.SegmentedRaftLogWorker (SegmentedRaftLogWorker.java:run(327)) - om1@group-C5BA1605619E-SegmentedRaftLogWorker was interrupted, exiting. There are 0 tasks remaining in the queue.
2021-10-06 14:02:38,765 [Mini-Cluster-Provider-Reap] INFO  segmented.SegmentedRaftLogWorker (SegmentedRaftLogWorker.java:close(237)) - om1@group-C5BA1605619E-SegmentedRaftLogWorker close()
2021-10-06 14:02:38,765 [Mini-Cluster-Provider-Reap] INFO  server.GrpcService (GrpcService.java:closeImpl(262)) - om1: shutdown server with port 44887 now
2021-10-06 14:02:38,765 [Mini-Cluster-Provider-Reap] INFO  server.GrpcService (GrpcService.java:closeImpl(271)) - om1: shutdown server with port 44887 successfully
2021-10-06 14:02:38,765 [org.apache.ratis.util.JvmPauseMonitor$$Lambda$534/1340858740@e1c235e] INFO  util.JvmPauseMonitor (JvmPauseMonitor.java:run(109)) - JvmPauseMonitor-om1: Stopped
2021-10-06 14:02:38,765 [Mini-Cluster-Provider-Reap] INFO  ratis.OzoneManagerDoubleBuffer (OzoneManagerDoubleBuffer.java:stop(437)) - Stopping OMDoubleBuffer flush thread
2021-10-06 14:02:38,765 [OMDoubleBufferFlushThread] INFO  ratis.OzoneManagerDoubleBuffer (OzoneManagerDoubleBuffer.java:flushTransactions(356)) - OMDoubleBuffer flush thread OMDoubleBufferFlushThread is interrupted and will exit. OMDoubleBufferFlushThread
2021-10-06 14:02:38,766 [Mini-Cluster-Provider-Reap] INFO  utils.BackgroundService (BackgroundService.java:shutdown(132)) - Shutting down service KeyDeletingService
2021-10-06 14:02:38,766 [Mini-Cluster-Provider-Reap] INFO  utils.BackgroundService (BackgroundService.java:shutdown(132)) - Shutting down service DirectoryDeletingService
2021-10-06 14:02:38,769 [Mini-Cluster-Provider-Reap] INFO  handler.ContextHandler (ContextHandler.java:doStop(1153)) - Stopped o.e.j.w.WebAppContext@674ef58a{ozoneManager,/,null,STOPPED}{file:/home/runner/work/ozone/ozone/hadoop-ozone/integration-test/target/test-classes/webapps/ozoneManager}
2021-10-06 14:02:38,770 [Mini-Cluster-Provider-Reap] INFO  server.AbstractConnector (AbstractConnector.java:doStop(381)) - Stopped ServerConnector@3f0e8427{HTTP/1.1, (http/1.1)}{0.0.0.0:0}
2021-10-06 14:02:38,770 [Mini-Cluster-Provider-Reap] INFO  server.session (HouseKeeper.java:stopScavenging(149)) - node0 Stopped scavenging
2021-10-06 14:02:38,770 [Mini-Cluster-Provider-Reap] INFO  handler.ContextHandler (ContextHandler.java:doStop(1153)) - Stopped o.e.j.s.ServletContextHandler@6d0af9d5{static,/static,file:///home/runner/work/ozone/ozone/hadoop-ozone/integration-test/target/test-classes/webapps/static,STOPPED}
2021-10-06 14:02:38,770 [Mini-Cluster-Provider-Reap] INFO  handler.ContextHandler (ContextHandler.java:doStop(1153)) - Stopped o.e.j.s.ServletContextHandler@f87a348{logs,/logs,file:///home/runner/work/ozone/ozone/hadoop-ozone/integration-test/target/log,STOPPED}
2021-10-06 14:02:38,785 [Mini-Cluster-Provider-Reap] INFO  ozone.MiniOzoneClusterImpl (MiniOzoneClusterImpl.java:stopDatanodes(527)) - Stopping the HddsDatanodes
2021-10-06 14:02:38,996 [ReplicationMonitor] INFO  container.ReplicationManager (ReplicationManager.java:processAll(371)) - Replication Monitor Thread took 1 milliseconds for processing 6 containers.
2021-10-06 14:02:39,997 [ReplicationMonitor] INFO  container.ReplicationManager (ReplicationManager.java:processAll(371)) - Replication Monitor Thread took 0 milliseconds for processing 6 containers.
2021-10-06 14:02:40,997 [ReplicationMonitor] INFO  container.ReplicationManager (ReplicationManager.java:processAll(371)) - Replication Monitor Thread took 0 milliseconds for processing 6 containers.
2021-10-06 14:02:41,211 [EventQueue-StaleNodeForStaleNodeHandler] INFO  node.StaleNodeHandler (StaleNodeHandler.java:onMessage(58)) - Datanode c782936d-9565-45ba-9dd8-9919901bc660{ip: 10.1.0.31, host: fv-az151-432.yf2hydr00wburbhx3j5hxtcipe.bx.internal.cloudapp.net, ports: [REPLICATION=36851, RATIS=42263, RATIS_ADMIN=42263, RATIS_SERVER=42263, STANDALONE=40707], networkLocation: /default-rack, certSerialId: null, persistedOpState: IN_SERVICE, persistedOpStateExpiryEpochSec: 0} moved to stale state. Finalizing its pipelines [PipelineID=ecda1340-80f8-419c-b7e0-238794e0da93, PipelineID=35aecc14-a595-4e6f-a3eb-219bc603866d]
2021-10-06 14:02:41,212 [EventQueue-StaleNodeForStaleNodeHandler] INFO  pipeline.PipelineManagerImpl (PipelineManagerImpl.java:closePipeline(342)) - Pipeline Pipeline[ Id: ecda1340-80f8-419c-b7e0-238794e0da93, Nodes: c782936d-9565-45ba-9dd8-9919901bc660{ip: 10.1.0.31, host: fv-az151-432.yf2hydr00wburbhx3j5hxtcipe.bx.internal.cloudapp.net, ports: [REPLICATION=36851, RATIS=42263, RATIS_ADMIN=42263, RATIS_SERVER=42263, STANDALONE=40707], networkLocation: /default-rack, certSerialId: null, persistedOpState: IN_MAINTENANCE, persistedOpStateExpiryEpochSec: 0}, ReplicationConfig: RATIS/ONE, State:OPEN, leaderId:c782936d-9565-45ba-9dd8-9919901bc660, CreationTimestamp2021-10-06T14:02:30.908Z[Etc/UTC]] moved to CLOSED state
2021-10-06 14:02:41,212 [EventQueue-StaleNodeForStaleNodeHandler] INFO  pipeline.PipelineManagerImpl (PipelineManagerImpl.java:closePipeline(342)) - Pipeline Pipeline[ Id: 35aecc14-a595-4e6f-a3eb-219bc603866d, Nodes: eba57d49-72f8-43a5-8775-56e708340c1b{ip: 10.1.0.31, host: fv-az151-432.yf2hydr00wburbhx3j5hxtcipe.bx.internal.cloudapp.net, ports: [REPLICATION=33349, RATIS=39081, RATIS_ADMIN=39081, RATIS_SERVER=39081, STANDALONE=38473], networkLocation: /default-rack, certSerialId: null, persistedOpState: IN_MAINTENANCE, persistedOpStateExpiryEpochSec: 0}c782936d-9565-45ba-9dd8-9919901bc660{ip: 10.1.0.31, host: fv-az151-432.yf2hydr00wburbhx3j5hxtcipe.bx.internal.cloudapp.net, ports: [REPLICATION=36851, RATIS=42263, RATIS_ADMIN=42263, RATIS_SERVER=42263, STANDALONE=40707], networkLocation: /default-rack, certSerialId: null, persistedOpState: IN_MAINTENANCE, persistedOpStateExpiryEpochSec: 0}249940c5-a031-4d3d-9436-b49f1a8f2026{ip: 10.1.0.31, host: fv-az151-432.yf2hydr00wburbhx3j5hxtcipe.bx.internal.cloudapp.net, ports: [REPLICATION=45635, RATIS=38929, RATIS_ADMIN=38929, RATIS_SERVER=38929, STANDALONE=45495], networkLocation: /default-rack, certSerialId: null, persistedOpState: IN_MAINTENANCE, persistedOpStateExpiryEpochSec: 0}, ReplicationConfig: RATIS/THREE, State:OPEN, leaderId:c782936d-9565-45ba-9dd8-9919901bc660, CreationTimestamp2021-10-06T14:02:30.907Z[Etc/UTC]] moved to CLOSED state
2021-10-06 14:02:41,511 [EventQueue-StaleNodeForStaleNodeHandler] INFO  node.StaleNodeHandler (StaleNodeHandler.java:onMessage(58)) - Datanode 34248510-5d60-48c0-8326-c047c80e04d0{ip: 10.1.0.31, host: fv-az151-432.yf2hydr00wburbhx3j5hxtcipe.bx.internal.cloudapp.net, ports: [REPLICATION=44497, RATIS=36963, RATIS_ADMIN=36963, RATIS_SERVER=36963, STANDALONE=45077], networkLocation: /default-rack, certSerialId: null, persistedOpState: IN_SERVICE, persistedOpStateExpiryEpochSec: 0} moved to stale state. Finalizing its pipelines [PipelineID=df77659e-119c-4b03-b2aa-b9e7c2c4ab8d, PipelineID=c2e7c4b3-1920-4e1e-8412-a03509089d80]
2021-10-06 14:02:41,512 [EventQueue-StaleNodeForStaleNodeHandler] INFO  pipeline.PipelineManagerImpl (PipelineManagerImpl.java:closePipeline(342)) - Pipeline Pipeline[ Id: df77659e-119c-4b03-b2aa-b9e7c2c4ab8d, Nodes: 34248510-5d60-48c0-8326-c047c80e04d0{ip: 10.1.0.31, host: fv-az151-432.yf2hydr00wburbhx3j5hxtcipe.bx.internal.cloudapp.net, ports: [REPLICATION=44497, RATIS=36963, RATIS_ADMIN=36963, RATIS_SERVER=36963, STANDALONE=45077], networkLocation: /default-rack, certSerialId: null, persistedOpState: IN_SERVICE, persistedOpStateExpiryEpochSec: 0}, ReplicationConfig: RATIS/ONE, State:OPEN, leaderId:34248510-5d60-48c0-8326-c047c80e04d0, CreationTimestamp2021-10-06T14:01:41.371Z[Etc/UTC]] moved to CLOSED state
2021-10-06 14:02:41,512 [EventQueue-StaleNodeForStaleNodeHandler] INFO  pipeline.PipelineManagerImpl (PipelineManagerImpl.java:closePipeline(342)) - Pipeline Pipeline[ Id: c2e7c4b3-1920-4e1e-8412-a03509089d80, Nodes: 34248510-5d60-48c0-8326-c047c80e04d0{ip: 10.1.0.31, host: fv-az151-432.yf2hydr00wburbhx3j5hxtcipe.bx.internal.cloudapp.net, ports: [REPLICATION=44497, RATIS=36963, RATIS_ADMIN=36963, RATIS_SERVER=36963, STANDALONE=45077], networkLocation: /default-rack, certSerialId: null, persistedOpState: IN_SERVICE, persistedOpStateExpiryEpochSec: 0}55bc000a-ff09-4423-b291-4638aa8037bf{ip: 10.1.0.31, host: fv-az151-432.yf2hydr00wburbhx3j5hxtcipe.bx.internal.cloudapp.net, ports: [REPLICATION=38191, RATIS=42339, RATIS_ADMIN=42339, RATIS_SERVER=42339, STANDALONE=34977], networkLocation: /default-rack, certSerialId: null, persistedOpState: IN_SERVICE, persistedOpStateExpiryEpochSec: 0}885e77a2-4494-44f0-9ae6-a931be9fbaf0{ip: 10.1.0.31, host: fv-az151-432.yf2hydr00wburbhx3j5hxtcipe.bx.internal.cloudapp.net, ports: [REPLICATION=38673, RATIS=39235, RATIS_ADMIN=39235, RATIS_SERVER=39235, STANDALONE=34029], networkLocation: /default-rack, certSerialId: null, persistedOpState: IN_SERVICE, persistedOpStateExpiryEpochSec: 0}, ReplicationConfig: RATIS/THREE, State:OPEN, leaderId:885e77a2-4494-44f0-9ae6-a931be9fbaf0, CreationTimestamp2021-10-06T14:01:41.754Z[Etc/UTC]] moved to CLOSED state
2021-10-06 14:02:41,512 [EventQueue-CloseContainerForCloseContainerEventHandler] INFO  container.CloseContainerEventHandler (CloseContainerEventHandler.java:onMessage(69)) - Close container Event triggered for container : #2
2021-10-06 14:02:41,513 [EventQueue-CloseContainerForCloseContainerEventHandler] INFO  container.CloseContainerEventHandler (CloseContainerEventHandler.java:onMessage(69)) - Close container Event triggered for container : #3
2021-10-06 14:02:41,513 [EventQueue-CloseContainerForCloseContainerEventHandler] INFO  container.CloseContainerEventHandler (CloseContainerEventHandler.java:onMessage(69)) - Close container Event triggered for container : #4
2021-10-06 14:02:41,998 [ReplicationMonitor] INFO  container.ReplicationManager (ReplicationManager.java:sendCloseCommand(1479)) - Sending close container command for container #2 to datanode 885e77a2-4494-44f0-9ae6-a931be9fbaf0{ip: 10.1.0.31, host: fv-az151-432.yf2hydr00wburbhx3j5hxtcipe.bx.internal.cloudapp.net, ports: [REPLICATION=38673, RATIS=39235, RATIS_ADMIN=39235, RATIS_SERVER=39235, STANDALONE=34029], networkLocation: /default-rack, certSerialId: null, persistedOpState: IN_SERVICE, persistedOpStateExpiryEpochSec: 0}.
2021-10-06 14:02:41,998 [ReplicationMonitor] INFO  container.ReplicationManager (ReplicationManager.java:sendCloseCommand(1479)) - Sending close container command for container #2 to datanode 34248510-5d60-48c0-8326-c047c80e04d0{ip: 10.1.0.31, host: fv-az151-432.yf2hydr00wburbhx3j5hxtcipe.bx.internal.cloudapp.net, ports: [REPLICATION=44497, RATIS=36963, RATIS_ADMIN=36963, RATIS_SERVER=36963, STANDALONE=45077], networkLocation: /default-rack, certSerialId: null, persistedOpState: IN_SERVICE, persistedOpStateExpiryEpochSec: 0}.
2021-10-06 14:02:41,998 [ReplicationMonitor] INFO  container.ReplicationManager (ReplicationManager.java:sendCloseCommand(1479)) - Sending close container command for container #2 to datanode 55bc000a-ff09-4423-b291-4638aa8037bf{ip: 10.1.0.31, host: fv-az151-432.yf2hydr00wburbhx3j5hxtcipe.bx.internal.cloudapp.net, ports: [REPLICATION=38191, RATIS=42339, RATIS_ADMIN=42339, RATIS_SERVER=42339, STANDALONE=34977], networkLocation: /default-rack, certSerialId: null, persistedOpState: IN_SERVICE, persistedOpStateExpiryEpochSec: 0}.
2021-10-06 14:02:41,998 [ReplicationMonitor] INFO  container.ReplicationManager (ReplicationManager.java:sendCloseCommand(1479)) - Sending close container command for container #3 to datanode 55bc000a-ff09-4423-b291-4638aa8037bf{ip: 10.1.0.31, host: fv-az151-432.yf2hydr00wburbhx3j5hxtcipe.bx.internal.cloudapp.net, ports: [REPLICATION=38191, RATIS=42339, RATIS_ADMIN=42339, RATIS_SERVER=42339, STANDALONE=34977], networkLocation: /default-rack, certSerialId: null, persistedOpState: IN_SERVICE, persistedOpStateExpiryEpochSec: 0}.
2021-10-06 14:02:41,999 [ReplicationMonitor] INFO  container.ReplicationManager (ReplicationManager.java:sendCloseCommand(1479)) - Sending close container command for container #3 to datanode 34248510-5d60-48c0-8326-c047c80e04d0{ip: 10.1.0.31, host: fv-az151-432.yf2hydr00wburbhx3j5hxtcipe.bx.internal.cloudapp.net, ports: [REPLICATION=44497, RATIS=36963, RATIS_ADMIN=36963, RATIS_SERVER=36963, STANDALONE=45077], networkLocation: /default-rack, certSerialId: null, persistedOpState: IN_SERVICE, persistedOpStateExpiryEpochSec: 0}.
2021-10-06 14:02:41,999 [ReplicationMonitor] INFO  container.ReplicationManager (ReplicationManager.java:sendCloseCommand(1479)) - Sending close container command for container #3 to datanode 885e77a2-4494-44f0-9ae6-a931be9fbaf0{ip: 10.1.0.31, host: fv-az151-432.yf2hydr00wburbhx3j5hxtcipe.bx.internal.cloudapp.net, ports: [REPLICATION=38673, RATIS=39235, RATIS_ADMIN=39235, RATIS_SERVER=39235, STANDALONE=34029], networkLocation: /default-rack, certSerialId: null, persistedOpState: IN_SERVICE, persistedOpStateExpiryEpochSec: 0}.
2021-10-06 14:02:41,999 [ReplicationMonitor] INFO  container.ReplicationManager (ReplicationManager.java:sendCloseCommand(1479)) - Sending close container command for container #4 to datanode 885e77a2-4494-44f0-9ae6-a931be9fbaf0{ip: 10.1.0.31, host: fv-az151-432.yf2hydr00wburbhx3j5hxtcipe.bx.internal.cloudapp.net, ports: [REPLICATION=38673, RATIS=39235, RATIS_ADMIN=39235, RATIS_SERVER=39235, STANDALONE=34029], networkLocation: /default-rack, certSerialId: null, persistedOpState: IN_SERVICE, persistedOpStateExpiryEpochSec: 0}.
2021-10-06 14:02:41,999 [ReplicationMonitor] INFO  container.ReplicationManager (ReplicationManager.java:sendCloseCommand(1479)) - Sending close container command for container #4 to datanode 34248510-5d60-48c0-8326-c047c80e04d0{ip: 10.1.0.31, host: fv-az151-432.yf2hydr00wburbhx3j5hxtcipe.bx.internal.cloudapp.net, ports: [REPLICATION=44497, RATIS=36963, RATIS_ADMIN=36963, RATIS_SERVER=36963, STANDALONE=45077], networkLocation: /default-rack, certSerialId: null, persistedOpState: IN_SERVICE, persistedOpStateExpiryEpochSec: 0}.
2021-10-06 14:02:41,999 [ReplicationMonitor] INFO  container.ReplicationManager (ReplicationManager.java:sendCloseCommand(1479)) - Sending close container command for container #4 to datanode 55bc000a-ff09-4423-b291-4638aa8037bf{ip: 10.1.0.31, host: fv-az151-432.yf2hydr00wburbhx3j5hxtcipe.bx.internal.cloudapp.net, ports: [REPLICATION=38191, RATIS=42339, RATIS_ADMIN=42339, RATIS_SERVER=42339, STANDALONE=34977], networkLocation: /default-rack, certSerialId: null, persistedOpState: IN_SERVICE, persistedOpStateExpiryEpochSec: 0}.
2021-10-06 14:02:42,000 [ReplicationMonitor] INFO  container.ReplicationManager (ReplicationManager.java:processAll(371)) - Replication Monitor Thread took 2 milliseconds for processing 6 containers.
2021-10-06 14:02:43,000 [ReplicationMonitor] INFO  container.ReplicationManager (ReplicationManager.java:sendCloseCommand(1479)) - Sending close container command for container #2 to datanode 885e77a2-4494-44f0-9ae6-a931be9fbaf0{ip: 10.1.0.31, host: fv-az151-432.yf2hydr00wburbhx3j5hxtcipe.bx.internal.cloudapp.net, ports: [REPLICATION=38673, RATIS=39235, RATIS_ADMIN=39235, RATIS_SERVER=39235, STANDALONE=34029], networkLocation: /default-rack, certSerialId: null, persistedOpState: IN_SERVICE, persistedOpStateExpiryEpochSec: 0}.
2021-10-06 14:02:43,000 [ReplicationMonitor] INFO  container.ReplicationManager (ReplicationManager.java:sendCloseCommand(1479)) - Sending close container command for container #2 to datanode 34248510-5d60-48c0-8326-c047c80e04d0{ip: 10.1.0.31, host: fv-az151-432.yf2hydr00wburbhx3j5hxtcipe.bx.internal.cloudapp.net, ports: [REPLICATION=44497, RATIS=36963, RATIS_ADMIN=36963, RATIS_SERVER=36963, STANDALONE=45077], networkLocation: /default-rack, certSerialId: null, persistedOpState: IN_SERVICE, persistedOpStateExpiryEpochSec: 0}.
2021-10-06 14:02:43,000 [ReplicationMonitor] INFO  container.ReplicationManager (ReplicationManager.java:sendCloseCommand(1479)) - Sending close container command for container #2 to datanode 55bc000a-ff09-4423-b291-4638aa8037bf{ip: 10.1.0.31, host: fv-az151-432.yf2hydr00wburbhx3j5hxtcipe.bx.internal.cloudapp.net, ports: [REPLICATION=38191, RATIS=42339, RATIS_ADMIN=42339, RATIS_SERVER=42339, STANDALONE=34977], networkLocation: /default-rack, certSerialId: null, persistedOpState: IN_SERVICE, persistedOpStateExpiryEpochSec: 0}.
2021-10-06 14:02:43,000 [ReplicationMonitor] INFO  container.ReplicationManager (ReplicationManager.java:sendCloseCommand(1479)) - Sending close container command for container #3 to datanode 55bc000a-ff09-4423-b291-4638aa8037bf{ip: 10.1.0.31, host: fv-az151-432.yf2hydr00wburbhx3j5hxtcipe.bx.internal.cloudapp.net, ports: [REPLICATION=38191, RATIS=42339, RATIS_ADMIN=42339, RATIS_SERVER=42339, STANDALONE=34977], networkLocation: /default-rack, certSerialId: null, persistedOpState: IN_SERVICE, persistedOpStateExpiryEpochSec: 0}.
2021-10-06 14:02:43,001 [ReplicationMonitor] INFO  container.ReplicationManager (ReplicationManager.java:sendCloseCommand(1479)) - Sending close container command for container #3 to datanode 34248510-5d60-48c0-8326-c047c80e04d0{ip: 10.1.0.31, host: fv-az151-432.yf2hydr00wburbhx3j5hxtcipe.bx.internal.cloudapp.net, ports: [REPLICATION=44497, RATIS=36963, RATIS_ADMIN=36963, RATIS_SERVER=36963, STANDALONE=45077], networkLocation: /default-rack, certSerialId: null, persistedOpState: IN_SERVICE, persistedOpStateExpiryEpochSec: 0}.
2021-10-06 14:02:43,001 [ReplicationMonitor] INFO  container.ReplicationManager (ReplicationManager.java:sendCloseCommand(1479)) - Sending close container command for container #3 to datanode 885e77a2-4494-44f0-9ae6-a931be9fbaf0{ip: 10.1.0.31, host: fv-az151-432.yf2hydr00wburbhx3j5hxtcipe.bx.internal.cloudapp.net, ports: [REPLICATION=38673, RATIS=39235, RATIS_ADMIN=39235, RATIS_SERVER=39235, STANDALONE=34029], networkLocation: /default-rack, certSerialId: null, persistedOpState: IN_SERVICE, persistedOpStateExpiryEpochSec: 0}.
2021-10-06 14:02:43,001 [ReplicationMonitor] INFO  container.ReplicationManager (ReplicationManager.java:sendCloseCommand(1479)) - Sending close container command for container #4 to datanode 885e77a2-4494-44f0-9ae6-a931be9fbaf0{ip: 10.1.0.31, host: fv-az151-432.yf2hydr00wburbhx3j5hxtcipe.bx.internal.cloudapp.net, ports: [REPLICATION=38673, RATIS=39235, RATIS_ADMIN=39235, RATIS_SERVER=39235, STANDALONE=34029], networkLocation: /default-rack, certSerialId: null, persistedOpState: IN_SERVICE, persistedOpStateExpiryEpochSec: 0}.
2021-10-06 14:02:43,001 [ReplicationMonitor] INFO  container.ReplicationManager (ReplicationManager.java:sendCloseCommand(1479)) - Sending close container command for container #4 to datanode 34248510-5d60-48c0-8326-c047c80e04d0{ip: 10.1.0.31, host: fv-az151-432.yf2hydr00wburbhx3j5hxtcipe.bx.internal.cloudapp.net, ports: [REPLICATION=44497, RATIS=36963, RATIS_ADMIN=36963, RATIS_SERVER=36963, STANDALONE=45077], networkLocation: /default-rack, certSerialId: null, persistedOpState: IN_SERVICE, persistedOpStateExpiryEpochSec: 0}.
2021-10-06 14:02:43,001 [ReplicationMonitor] INFO  container.ReplicationManager (ReplicationManager.java:sendCloseCommand(1479)) - Sending close container command for container #4 to datanode 55bc000a-ff09-4423-b291-4638aa8037bf{ip: 10.1.0.31, host: fv-az151-432.yf2hydr00wburbhx3j5hxtcipe.bx.internal.cloudapp.net, ports: [REPLICATION=38191, RATIS=42339, RATIS_ADMIN=42339, RATIS_SERVER=42339, STANDALONE=34977], networkLocation: /default-rack, certSerialId: null, persistedOpState: IN_SERVICE, persistedOpStateExpiryEpochSec: 0}.
2021-10-06 14:02:43,001 [ReplicationMonitor] INFO  container.ReplicationManager (ReplicationManager.java:processAll(371)) - Replication Monitor Thread took 1 milliseconds for processing 6 containers.
2021-10-06 14:02:43,787 [ForkJoinPool.commonPool-worker-1] INFO  ozoneimpl.OzoneContainer (OzoneContainer.java:stop(325)) - Attempting to stop container services.
2021-10-06 14:02:43,787 [Mini-Cluster-Provider-Reap] INFO  ozoneimpl.OzoneContainer (OzoneContainer.java:stop(325)) - Attempting to stop container services.
2021-10-06 14:02:43,792 [Mini-Cluster-Provider-Reap] INFO  server.RaftServer (RaftServerProxy.java:lambda$close$6(391)) - 34248510-5d60-48c0-8326-c047c80e04d0: close
2021-10-06 14:02:43,792 [Mini-Cluster-Provider-Reap] INFO  server.RaftServer$Division (RaftServerImpl.java:lambda$close$4(407)) - 34248510-5d60-48c0-8326-c047c80e04d0@group-B9E7C2C4AB8D: shutdown
2021-10-06 14:02:43,792 [Mini-Cluster-Provider-Reap] INFO  util.JmxRegister (JmxRegister.java:unregister(73)) - Successfully un-registered JMX Bean with object name Ratis:service=RaftServer,group=group-B9E7C2C4AB8D,id=34248510-5d60-48c0-8326-c047c80e04d0
2021-10-06 14:02:43,792 [Mini-Cluster-Provider-Reap] INFO  impl.RoleInfo (RoleInfo.java:shutdownLeaderState(91)) - 34248510-5d60-48c0-8326-c047c80e04d0: shutdown 34248510-5d60-48c0-8326-c047c80e04d0@group-B9E7C2C4AB8D-LeaderStateImpl
2021-10-06 14:02:43,792 [Mini-Cluster-Provider-Reap] INFO  impl.PendingRequests (PendingRequests.java:sendNotLeaderResponses(282)) - 34248510-5d60-48c0-8326-c047c80e04d0@group-B9E7C2C4AB8D-PendingRequests: sendNotLeaderResponses
2021-10-06 14:02:43,793 [Mini-Cluster-Provider-Reap] INFO  impl.StateMachineUpdater (StateMachineUpdater.java:stopAndJoin(149)) - 34248510-5d60-48c0-8326-c047c80e04d0@group-B9E7C2C4AB8D-StateMachineUpdater: set stopIndex = 0
2021-10-06 14:02:43,793 [34248510-5d60-48c0-8326-c047c80e04d0@group-B9E7C2C4AB8D-StateMachineUpdater] INFO  ratis.ContainerStateMachine (ContainerStateMachine.java:takeSnapshot(292)) - group-B9E7C2C4AB8D: Taking a snapshot at:(t:1, i:0) file /home/runner/work/ozone/ozone/hadoop-ozone/integration-test/target/test-dir/MiniOzoneClusterImpl-e1b1dc9b-a907-4b87-a397-076a7696e0a8/datanode-3/data/ratis/df77659e-119c-4b03-b2aa-b9e7c2c4ab8d/sm/snapshot.1_0
2021-10-06 14:02:43,794 [ForkJoinPool.commonPool-worker-1] INFO  server.RaftServer (RaftServerProxy.java:lambda$close$6(391)) - c782936d-9565-45ba-9dd8-9919901bc660: close
2021-10-06 14:02:43,795 [ForkJoinPool.commonPool-worker-1] INFO  server.RaftServer$Division (RaftServerImpl.java:lambda$close$4(407)) - c782936d-9565-45ba-9dd8-9919901bc660@group-238794E0DA93: shutdown
2021-10-06 14:02:43,795 [ForkJoinPool.commonPool-worker-1] INFO  util.JmxRegister (JmxRegister.java:unregister(73)) - Successfully un-registered JMX Bean with object name Ratis:service=RaftServer,group=group-238794E0DA93,id=c782936d-9565-45ba-9dd8-9919901bc660
2021-10-06 14:02:43,795 [ForkJoinPool.commonPool-worker-1] INFO  impl.RoleInfo (RoleInfo.java:shutdownLeaderState(91)) - c782936d-9565-45ba-9dd8-9919901bc660: shutdown c782936d-9565-45ba-9dd8-9919901bc660@group-238794E0DA93-LeaderStateImpl
2021-10-06 14:02:43,796 [ForkJoinPool.commonPool-worker-1] INFO  impl.PendingRequests (PendingRequests.java:sendNotLeaderResponses(282)) - c782936d-9565-45ba-9dd8-9919901bc660@group-238794E0DA93-PendingRequests: sendNotLeaderResponses
2021-10-06 14:02:43,796 [ForkJoinPool.commonPool-worker-1] INFO  impl.StateMachineUpdater (StateMachineUpdater.java:stopAndJoin(149)) - c782936d-9565-45ba-9dd8-9919901bc660@group-238794E0DA93-StateMachineUpdater: set stopIndex = 0
2021-10-06 14:02:43,796 [34248510-5d60-48c0-8326-c047c80e04d0@group-B9E7C2C4AB8D-StateMachineUpdater] INFO  ratis.ContainerStateMachine (ContainerStateMachine.java:takeSnapshot(303)) - group-B9E7C2C4AB8D: Finished taking a snapshot at:(t:1, i:0) file:/home/runner/work/ozone/ozone/hadoop-ozone/integration-test/target/test-dir/MiniOzoneClusterImpl-e1b1dc9b-a907-4b87-a397-076a7696e0a8/datanode-3/data/ratis/df77659e-119c-4b03-b2aa-b9e7c2c4ab8d/sm/snapshot.1_0 took: 2 ms
2021-10-06 14:02:43,797 [c782936d-9565-45ba-9dd8-9919901bc660@group-238794E0DA93-StateMachineUpdater] INFO  ratis.ContainerStateMachine (ContainerStateMachine.java:takeSnapshot(292)) - group-238794E0DA93: Taking a snapshot at:(t:1, i:0) file /home/runner/work/ozone/ozone/hadoop-ozone/integration-test/target/test-dir/MiniOzoneClusterImpl-e1b1dc9b-a907-4b87-a397-076a7696e0a8/datanode-1/data/ratis/ecda1340-80f8-419c-b7e0-238794e0da93/sm/snapshot.1_0
2021-10-06 14:02:43,797 [34248510-5d60-48c0-8326-c047c80e04d0@group-B9E7C2C4AB8D-StateMachineUpdater] INFO  impl.StateMachineUpdater (StateMachineUpdater.java:takeSnapshot(281)) - 34248510-5d60-48c0-8326-c047c80e04d0@group-B9E7C2C4AB8D-StateMachineUpdater: Took a snapshot at index 0
2021-10-06 14:02:43,797 [34248510-5d60-48c0-8326-c047c80e04d0@group-B9E7C2C4AB8D-StateMachineUpdater] INFO  impl.StateMachineUpdater (StateMachineUpdater.java:lambda$new$0(89)) - 34248510-5d60-48c0-8326-c047c80e04d0@group-B9E7C2C4AB8D-StateMachineUpdater: snapshotIndex: updateIncreasingly -1 -> 0
2021-10-06 14:02:43,797 [c782936d-9565-45ba-9dd8-9919901bc660@group-238794E0DA93-StateMachineUpdater] INFO  ratis.ContainerStateMachine (ContainerStateMachine.java:takeSnapshot(303)) - group-238794E0DA93: Finished taking a snapshot at:(t:1, i:0) file:/home/runner/work/ozone/ozone/hadoop-ozone/integration-test/target/test-dir/MiniOzoneClusterImpl-e1b1dc9b-a907-4b87-a397-076a7696e0a8/datanode-1/data/ratis/ecda1340-80f8-419c-b7e0-238794e0da93/sm/snapshot.1_0 took: 1 ms
2021-10-06 14:02:43,798 [Mini-Cluster-Provider-Reap] INFO  server.RaftServer$Division (ServerState.java:close(419)) - 34248510-5d60-48c0-8326-c047c80e04d0@group-B9E7C2C4AB8D: closes. applyIndex: 0
2021-10-06 14:02:43,798 [34248510-5d60-48c0-8326-c047c80e04d0@group-B9E7C2C4AB8D-SegmentedRaftLogWorker] INFO  segmented.SegmentedRaftLogWorker (SegmentedRaftLogWorker.java:run(327)) - 34248510-5d60-48c0-8326-c047c80e04d0@group-B9E7C2C4AB8D-SegmentedRaftLogWorker was interrupted, exiting. There are 0 tasks remaining in the queue.
2021-10-06 14:02:43,798 [c782936d-9565-45ba-9dd8-9919901bc660@group-238794E0DA93-StateMachineUpdater] INFO  impl.StateMachineUpdater (StateMachineUpdater.java:takeSnapshot(281)) - c782936d-9565-45ba-9dd8-9919901bc660@group-238794E0DA93-StateMachineUpdater: Took a snapshot at index 0
2021-10-06 14:02:43,798 [c782936d-9565-45ba-9dd8-9919901bc660@group-238794E0DA93-StateMachineUpdater] INFO  impl.StateMachineUpdater (StateMachineUpdater.java:lambda$new$0(89)) - c782936d-9565-45ba-9dd8-9919901bc660@group-238794E0DA93-StateMachineUpdater: snapshotIndex: updateIncreasingly -1 -> 0
2021-10-06 14:02:43,798 [Mini-Cluster-Provider-Reap] INFO  segmented.SegmentedRaftLogWorker (SegmentedRaftLogWorker.java:close(237)) - 34248510-5d60-48c0-8326-c047c80e04d0@group-B9E7C2C4AB8D-SegmentedRaftLogWorker close()
2021-10-06 14:02:43,799 [Mini-Cluster-Provider-Reap] INFO  server.RaftServer$Division (RaftServerImpl.java:lambda$close$4(407)) - 34248510-5d60-48c0-8326-c047c80e04d0@group-A03509089D80: shutdown
2021-10-06 14:02:43,799 [Mini-Cluster-Provider-Reap] INFO  util.JmxRegister (JmxRegister.java:unregister(73)) - Successfully un-registered JMX Bean with object name Ratis:service=RaftServer,group=group-A03509089D80,id=34248510-5d60-48c0-8326-c047c80e04d0
2021-10-06 14:02:43,799 [Mini-Cluster-Provider-Reap] INFO  impl.RoleInfo (RoleInfo.java:shutdownFollowerState(108)) - 34248510-5d60-48c0-8326-c047c80e04d0: shutdown 34248510-5d60-48c0-8326-c047c80e04d0@group-A03509089D80-FollowerState
2021-10-06 14:02:43,799 [ForkJoinPool.commonPool-worker-1] INFO  server.RaftServer$Division (ServerState.java:close(419)) - c782936d-9565-45ba-9dd8-9919901bc660@group-238794E0DA93: closes. applyIndex: 0
2021-10-06 14:02:43,799 [34248510-5d60-48c0-8326-c047c80e04d0@group-A03509089D80-FollowerState] INFO  impl.FollowerState (FollowerState.java:run(143)) - 34248510-5d60-48c0-8326-c047c80e04d0@group-A03509089D80-FollowerState was interrupted: {}
java.lang.InterruptedException: sleep interrupted
	at java.lang.Thread.sleep(Native Method)
	at java.lang.Thread.sleep(Thread.java:340)
	at java.util.concurrent.TimeUnit.sleep(TimeUnit.java:386)
	at org.apache.ratis.util.TimeDuration.sleep(TimeDuration.java:324)
	at org.apache.ratis.util.TimeDuration.sleep(TimeDuration.java:309)
	at org.apache.ratis.server.impl.FollowerState.run(FollowerState.java:118)
2021-10-06 14:02:43,800 [34248510-5d60-48c0-8326-c047c80e04d0@group-A03509089D80-StateMachineUpdater] INFO  ratis.ContainerStateMachine (ContainerStateMachine.java:takeSnapshot(292)) - group-A03509089D80: Taking a snapshot at:(t:3, i:43) file /home/runner/work/ozone/ozone/hadoop-ozone/integration-test/target/test-dir/MiniOzoneClusterImpl-e1b1dc9b-a907-4b87-a397-076a7696e0a8/datanode-3/data/ratis/c2e7c4b3-1920-4e1e-8412-a03509089d80/sm/snapshot.3_43
2021-10-06 14:02:43,800 [Mini-Cluster-Provider-Reap] INFO  impl.StateMachineUpdater (StateMachineUpdater.java:stopAndJoin(149)) - 34248510-5d60-48c0-8326-c047c80e04d0@group-A03509089D80-StateMachineUpdater: set stopIndex = 43
2021-10-06 14:02:43,801 [34248510-5d60-48c0-8326-c047c80e04d0@group-A03509089D80-StateMachineUpdater] INFO  ratis.ContainerStateMachine (ContainerStateMachine.java:takeSnapshot(303)) - group-A03509089D80: Finished taking a snapshot at:(t:3, i:43) file:/home/runner/work/ozone/ozone/hadoop-ozone/integration-test/target/test-dir/MiniOzoneClusterImpl-e1b1dc9b-a907-4b87-a397-076a7696e0a8/datanode-3/data/ratis/c2e7c4b3-1920-4e1e-8412-a03509089d80/sm/snapshot.3_43 took: 1 ms
2021-10-06 14:02:43,801 [34248510-5d60-48c0-8326-c047c80e04d0@group-A03509089D80-StateMachineUpdater] INFO  impl.StateMachineUpdater (StateMachineUpdater.java:takeSnapshot(281)) - 34248510-5d60-48c0-8326-c047c80e04d0@group-A03509089D80-StateMachineUpdater: Took a snapshot at index 43
2021-10-06 14:02:43,801 [34248510-5d60-48c0-8326-c047c80e04d0@group-A03509089D80-StateMachineUpdater] INFO  impl.StateMachineUpdater (StateMachineUpdater.java:lambda$new$0(89)) - 34248510-5d60-48c0-8326-c047c80e04d0@group-A03509089D80-StateMachineUpdater: snapshotIndex: updateIncreasingly -1 -> 43
2021-10-06 14:02:43,806 [Mini-Cluster-Provider-Reap] INFO  server.RaftServer$Division (ServerState.java:close(419)) - 34248510-5d60-48c0-8326-c047c80e04d0@group-A03509089D80: closes. applyIndex: 43
2021-10-06 14:02:43,806 [34248510-5d60-48c0-8326-c047c80e04d0@group-A03509089D80-SegmentedRaftLogWorker] INFO  segmented.SegmentedRaftLogWorker (SegmentedRaftLogWorker.java:run(327)) - 34248510-5d60-48c0-8326-c047c80e04d0@group-A03509089D80-SegmentedRaftLogWorker was interrupted, exiting. There are 0 tasks remaining in the queue.
2021-10-06 14:02:43,806 [Mini-Cluster-Provider-Reap] INFO  segmented.SegmentedRaftLogWorker (SegmentedRaftLogWorker.java:close(237)) - 34248510-5d60-48c0-8326-c047c80e04d0@group-A03509089D80-SegmentedRaftLogWorker close()
2021-10-06 14:02:43,806 [Mini-Cluster-Provider-Reap] INFO  server.GrpcService (GrpcService.java:closeImpl(262)) - 34248510-5d60-48c0-8326-c047c80e04d0: shutdown server with port 36963 now
2021-10-06 14:02:43,810 [grpc-default-executor-2] WARN  server.GrpcServerProtocolService (LogUtils.java:warn(122)) - 34248510-5d60-48c0-8326-c047c80e04d0: installSnapshot onError, lastRequest: 885e77a2-4494-44f0-9ae6-a931be9fbaf0->34248510-5d60-48c0-8326-c047c80e04d0#459-t3,previous=(t:3, i:42),leaderCommit=41,initializing? true,entries: size=1, first=(t:3, i:43), METADATAENTRY(c:41): org.apache.ratis.thirdparty.io.grpc.StatusRuntimeException: CANCELLED: client cancelled
2021-10-06 14:02:43,810 [grpc-default-executor-1] WARN  server.GrpcLogAppender (LogUtils.java:warn(122)) - 885e77a2-4494-44f0-9ae6-a931be9fbaf0@group-A03509089D80->34248510-5d60-48c0-8326-c047c80e04d0-AppendLogResponseHandler: Failed appendEntries: org.apache.ratis.thirdparty.io.grpc.StatusRuntimeException: CANCELLED: HTTP/2 error code: CANCEL
Received Rst Stream
2021-10-06 14:02:43,810 [grpc-default-executor-1] INFO  leader.FollowerInfo (FollowerInfoImpl.java:lambda$new$0(46)) - 885e77a2-4494-44f0-9ae6-a931be9fbaf0@group-A03509089D80->34248510-5d60-48c0-8326-c047c80e04d0: nextIndex: updateUnconditionally 44 -> 43
2021-10-06 14:02:43,815 [c782936d-9565-45ba-9dd8-9919901bc660@group-238794E0DA93-SegmentedRaftLogWorker] INFO  segmented.SegmentedRaftLogWorker (SegmentedRaftLogWorker.java:run(327)) - c782936d-9565-45ba-9dd8-9919901bc660@group-238794E0DA93-SegmentedRaftLogWorker was interrupted, exiting. There are 0 tasks remaining in the queue.
2021-10-06 14:02:43,815 [ForkJoinPool.commonPool-worker-1] INFO  segmented.SegmentedRaftLogWorker (SegmentedRaftLogWorker.java:close(237)) - c782936d-9565-45ba-9dd8-9919901bc660@group-238794E0DA93-SegmentedRaftLogWorker close()
2021-10-06 14:02:43,818 [ForkJoinPool.commonPool-worker-1] INFO  server.RaftServer$Division (RaftServerImpl.java:lambda$close$4(407)) - c782936d-9565-45ba-9dd8-9919901bc660@group-219BC603866D: shutdown
2021-10-06 14:02:43,818 [ForkJoinPool.commonPool-worker-1] INFO  util.JmxRegister (JmxRegister.java:unregister(73)) - Successfully un-registered JMX Bean with object name Ratis:service=RaftServer,group=group-219BC603866D,id=c782936d-9565-45ba-9dd8-9919901bc660
2021-10-06 14:02:43,818 [ForkJoinPool.commonPool-worker-1] INFO  impl.RoleInfo (RoleInfo.java:shutdownLeaderState(91)) - c782936d-9565-45ba-9dd8-9919901bc660: shutdown c782936d-9565-45ba-9dd8-9919901bc660@group-219BC603866D-LeaderStateImpl
2021-10-06 14:02:43,818 [ForkJoinPool.commonPool-worker-1] INFO  impl.PendingRequests (PendingRequests.java:sendNotLeaderResponses(282)) - c782936d-9565-45ba-9dd8-9919901bc660@group-219BC603866D-PendingRequests: sendNotLeaderResponses
2021-10-06 14:02:43,819 [ForkJoinPool.commonPool-worker-1] INFO  impl.StateMachineUpdater (StateMachineUpdater.java:stopAndJoin(149)) - c782936d-9565-45ba-9dd8-9919901bc660@group-219BC603866D-StateMachineUpdater: set stopIndex = 0
2021-10-06 14:02:43,819 [c782936d-9565-45ba-9dd8-9919901bc660@group-219BC603866D-StateMachineUpdater] INFO  ratis.ContainerStateMachine (ContainerStateMachine.java:takeSnapshot(292)) - group-219BC603866D: Taking a snapshot at:(t:1, i:0) file /home/runner/work/ozone/ozone/hadoop-ozone/integration-test/target/test-dir/MiniOzoneClusterImpl-e1b1dc9b-a907-4b87-a397-076a7696e0a8/datanode-1/data/ratis/35aecc14-a595-4e6f-a3eb-219bc603866d/sm/snapshot.1_0
2021-10-06 14:02:43,819 [c782936d-9565-45ba-9dd8-9919901bc660@group-219BC603866D->eba57d49-72f8-43a5-8775-56e708340c1b-GrpcLogAppender-LogAppenderDaemon] WARN  server.GrpcLogAppender (GrpcLogAppender.java:mayWait(175)) - c782936d-9565-45ba-9dd8-9919901bc660@group-219BC603866D->eba57d49-72f8-43a5-8775-56e708340c1b-GrpcLogAppender: Wait interrupted by java.lang.InterruptedException
2021-10-06 14:02:43,819 [c782936d-9565-45ba-9dd8-9919901bc660@group-219BC603866D->249940c5-a031-4d3d-9436-b49f1a8f2026-GrpcLogAppender-LogAppenderDaemon] WARN  server.GrpcLogAppender (GrpcLogAppender.java:mayWait(175)) - c782936d-9565-45ba-9dd8-9919901bc660@group-219BC603866D->249940c5-a031-4d3d-9436-b49f1a8f2026-GrpcLogAppender: Wait interrupted by java.lang.InterruptedException
2021-10-06 14:02:43,820 [c782936d-9565-45ba-9dd8-9919901bc660@group-219BC603866D-StateMachineUpdater] INFO  ratis.ContainerStateMachine (ContainerStateMachine.java:takeSnapshot(303)) - group-219BC603866D: Finished taking a snapshot at:(t:1, i:0) file:/home/runner/work/ozone/ozone/hadoop-ozone/integration-test/target/test-dir/MiniOzoneClusterImpl-e1b1dc9b-a907-4b87-a397-076a7696e0a8/datanode-1/data/ratis/35aecc14-a595-4e6f-a3eb-219bc603866d/sm/snapshot.1_0 took: 1 ms
2021-10-06 14:02:43,820 [c782936d-9565-45ba-9dd8-9919901bc660@group-219BC603866D-StateMachineUpdater] INFO  impl.StateMachineUpdater (StateMachineUpdater.java:takeSnapshot(281)) - c782936d-9565-45ba-9dd8-9919901bc660@group-219BC603866D-StateMachineUpdater: Took a snapshot at index 0
2021-10-06 14:02:43,820 [c782936d-9565-45ba-9dd8-9919901bc660@group-219BC603866D-StateMachineUpdater] INFO  impl.StateMachineUpdater (StateMachineUpdater.java:lambda$new$0(89)) - c782936d-9565-45ba-9dd8-9919901bc660@group-219BC603866D-StateMachineUpdater: snapshotIndex: updateIncreasingly -1 -> 0
2021-10-06 14:02:43,820 [grpc-default-executor-2] INFO  server.GrpcServerProtocolService (GrpcServerProtocolService.java:onCompleted(140)) - 249940c5-a031-4d3d-9436-b49f1a8f2026: Completed APPEND_ENTRIES, lastRequest: c782936d-9565-45ba-9dd8-9919901bc660->249940c5-a031-4d3d-9436-b49f1a8f2026#1-t1,previous=(t:0, i:0),leaderCommit=0,initializing? true,entries: size=1, first=(t:1, i:0), CONFIGURATIONENTRY
2021-10-06 14:02:43,821 [ForkJoinPool.commonPool-worker-1] INFO  server.RaftServer$Division (ServerState.java:close(419)) - c782936d-9565-45ba-9dd8-9919901bc660@group-219BC603866D: closes. applyIndex: 0
2021-10-06 14:02:43,821 [c782936d-9565-45ba-9dd8-9919901bc660@group-219BC603866D-SegmentedRaftLogWorker] INFO  segmented.SegmentedRaftLogWorker (SegmentedRaftLogWorker.java:run(327)) - c782936d-9565-45ba-9dd8-9919901bc660@group-219BC603866D-SegmentedRaftLogWorker was interrupted, exiting. There are 0 tasks remaining in the queue.
2021-10-06 14:02:43,821 [grpc-default-executor-3] INFO  server.GrpcLogAppender (GrpcLogAppender.java:onCompleted(344)) - c782936d-9565-45ba-9dd8-9919901bc660@group-219BC603866D->249940c5-a031-4d3d-9436-b49f1a8f2026-AppendLogResponseHandler: follower responses appendEntries COMPLETED
2021-10-06 14:02:43,821 [grpc-default-executor-3] INFO  leader.FollowerInfo (FollowerInfoImpl.java:lambda$new$0(46)) - c782936d-9565-45ba-9dd8-9919901bc660@group-219BC603866D->249940c5-a031-4d3d-9436-b49f1a8f2026: nextIndex: updateUnconditionally 1 -> 0
2021-10-06 14:02:43,821 [grpc-default-executor-1] INFO  server.GrpcServerProtocolService (GrpcServerProtocolService.java:onCompleted(140)) - eba57d49-72f8-43a5-8775-56e708340c1b: Completed APPEND_ENTRIES, lastRequest: c782936d-9565-45ba-9dd8-9919901bc660->eba57d49-72f8-43a5-8775-56e708340c1b#1-t1,previous=(t:0, i:0),leaderCommit=-1,initializing? true,entries: size=1, first=(t:1, i:0), CONFIGURATIONENTRY
2021-10-06 14:02:43,822 [grpc-default-executor-3] INFO  server.GrpcLogAppender (GrpcLogAppender.java:onCompleted(344)) - c782936d-9565-45ba-9dd8-9919901bc660@group-219BC603866D->eba57d49-72f8-43a5-8775-56e708340c1b-AppendLogResponseHandler: follower responses appendEntries COMPLETED
2021-10-06 14:02:43,822 [grpc-default-executor-0] WARN  server.GrpcLogAppender (LogUtils.java:warn(122)) - 885e77a2-4494-44f0-9ae6-a931be9fbaf0@group-A03509089D80->34248510-5d60-48c0-8326-c047c80e04d0-AppendLogResponseHandler: Failed appendEntries: org.apache.ratis.thirdparty.io.grpc.StatusRuntimeException: UNAVAILABLE: io exception
2021-10-06 14:02:43,822 [grpc-default-executor-0] INFO  leader.FollowerInfo (FollowerInfoImpl.java:lambda$new$0(46)) - 885e77a2-4494-44f0-9ae6-a931be9fbaf0@group-A03509089D80->34248510-5d60-48c0-8326-c047c80e04d0: nextIndex: updateUnconditionally 44 -> 43
2021-10-06 14:02:43,822 [grpc-default-executor-3] INFO  leader.FollowerInfo (FollowerInfoImpl.java:lambda$new$0(46)) - c782936d-9565-45ba-9dd8-9919901bc660@group-219BC603866D->eba57d49-72f8-43a5-8775-56e708340c1b: nextIndex: updateUnconditionally 1 -> 0
2021-10-06 14:02:43,824 [Mini-Cluster-Provider-Reap] INFO  server.GrpcService (GrpcService.java:closeImpl(271)) - 34248510-5d60-48c0-8326-c047c80e04d0: shutdown server with port 36963 successfully
2021-10-06 14:02:43,824 [org.apache.ratis.util.JvmPauseMonitor$$Lambda$534/1340858740@440e75fd] INFO  util.JvmPauseMonitor (JvmPauseMonitor.java:run(109)) - JvmPauseMonitor-34248510-5d60-48c0-8326-c047c80e04d0: Stopped
2021-10-06 14:02:43,825 [ForkJoinPool.commonPool-worker-1] INFO  segmented.SegmentedRaftLogWorker (SegmentedRaftLogWorker.java:close(237)) - c782936d-9565-45ba-9dd8-9919901bc660@group-219BC603866D-SegmentedRaftLogWorker close()
2021-10-06 14:02:43,834 [ForkJoinPool.commonPool-worker-1] INFO  server.GrpcService (GrpcService.java:closeImpl(262)) - c782936d-9565-45ba-9dd8-9919901bc660: shutdown server with port 42263 now
2021-10-06 14:02:43,836 [Mini-Cluster-Provider-Reap] INFO  utils.BackgroundService (BackgroundService.java:shutdown(132)) - Shutting down service BlockDeletingService
2021-10-06 14:02:43,841 [ForkJoinPool.commonPool-worker-1] INFO  server.GrpcService (GrpcService.java:closeImpl(271)) - c782936d-9565-45ba-9dd8-9919901bc660: shutdown server with port 42263 successfully
2021-10-06 14:02:43,842 [org.apache.ratis.util.JvmPauseMonitor$$Lambda$534/1340858740@50a01a58] INFO  util.JvmPauseMonitor (JvmPauseMonitor.java:run(109)) - JvmPauseMonitor-c782936d-9565-45ba-9dd8-9919901bc660: Stopped
2021-10-06 14:02:43,847 [ForkJoinPool.commonPool-worker-1] INFO  utils.BackgroundService (BackgroundService.java:shutdown(132)) - Shutting down service BlockDeletingService
2021-10-06 14:02:44,001 [ReplicationMonitor] INFO  container.ReplicationManager (ReplicationManager.java:sendCloseCommand(1479)) - Sending close container command for container #2 to datanode 885e77a2-4494-44f0-9ae6-a931be9fbaf0{ip: 10.1.0.31, host: fv-az151-432.yf2hydr00wburbhx3j5hxtcipe.bx.internal.cloudapp.net, ports: [REPLICATION=38673, RATIS=39235, RATIS_ADMIN=39235, RATIS_SERVER=39235, STANDALONE=34029], networkLocation: /default-rack, certSerialId: null, persistedOpState: IN_SERVICE, persistedOpStateExpiryEpochSec: 0}.
2021-10-06 14:02:44,001 [ReplicationMonitor] INFO  container.ReplicationManager (ReplicationManager.java:sendCloseCommand(1479)) - Sending close container command for container #2 to datanode 34248510-5d60-48c0-8326-c047c80e04d0{ip: 10.1.0.31, host: fv-az151-432.yf2hydr00wburbhx3j5hxtcipe.bx.internal.cloudapp.net, ports: [REPLICATION=44497, RATIS=36963, RATIS_ADMIN=36963, RATIS_SERVER=36963, STANDALONE=45077], networkLocation: /default-rack, certSerialId: null, persistedOpState: IN_SERVICE, persistedOpStateExpiryEpochSec: 0}.
2021-10-06 14:02:44,001 [ReplicationMonitor] INFO  container.ReplicationManager (ReplicationManager.java:sendCloseCommand(1479)) - Sending close container command for container #2 to datanode 55bc000a-ff09-4423-b291-4638aa8037bf{ip: 10.1.0.31, host: fv-az151-432.yf2hydr00wburbhx3j5hxtcipe.bx.internal.cloudapp.net, ports: [REPLICATION=38191, RATIS=42339, RATIS_ADMIN=42339, RATIS_SERVER=42339, STANDALONE=34977], networkLocation: /default-rack, certSerialId: null, persistedOpState: IN_SERVICE, persistedOpStateExpiryEpochSec: 0}.
2021-10-06 14:02:44,001 [ReplicationMonitor] INFO  container.ReplicationManager (ReplicationManager.java:sendCloseCommand(1479)) - Sending close container command for container #3 to datanode 55bc000a-ff09-4423-b291-4638aa8037bf{ip: 10.1.0.31, host: fv-az151-432.yf2hydr00wburbhx3j5hxtcipe.bx.internal.cloudapp.net, ports: [REPLICATION=38191, RATIS=42339, RATIS_ADMIN=42339, RATIS_SERVER=42339, STANDALONE=34977], networkLocation: /default-rack, certSerialId: null, persistedOpState: IN_SERVICE, persistedOpStateExpiryEpochSec: 0}.
2021-10-06 14:02:44,002 [ReplicationMonitor] INFO  container.ReplicationManager (ReplicationManager.java:sendCloseCommand(1479)) - Sending close container command for container #3 to datanode 34248510-5d60-48c0-8326-c047c80e04d0{ip: 10.1.0.31, host: fv-az151-432.yf2hydr00wburbhx3j5hxtcipe.bx.internal.cloudapp.net, ports: [REPLICATION=44497, RATIS=36963, RATIS_ADMIN=36963, RATIS_SERVER=36963, STANDALONE=45077], networkLocation: /default-rack, certSerialId: null, persistedOpState: IN_SERVICE, persistedOpStateExpiryEpochSec: 0}.
2021-10-06 14:02:44,002 [ReplicationMonitor] INFO  container.ReplicationManager (ReplicationManager.java:sendCloseCommand(1479)) - Sending close container command for container #3 to datanode 885e77a2-4494-44f0-9ae6-a931be9fbaf0{ip: 10.1.0.31, host: fv-az151-432.yf2hydr00wburbhx3j5hxtcipe.bx.internal.cloudapp.net, ports: [REPLICATION=38673, RATIS=39235, RATIS_ADMIN=39235, RATIS_SERVER=39235, STANDALONE=34029], networkLocation: /default-rack, certSerialId: null, persistedOpState: IN_SERVICE, persistedOpStateExpiryEpochSec: 0}.
2021-10-06 14:02:44,002 [ReplicationMonitor] INFO  container.ReplicationManager (ReplicationManager.java:sendCloseCommand(1479)) - Sending close container command for container #4 to datanode 885e77a2-4494-44f0-9ae6-a931be9fbaf0{ip: 10.1.0.31, host: fv-az151-432.yf2hydr00wburbhx3j5hxtcipe.bx.internal.cloudapp.net, ports: [REPLICATION=38673, RATIS=39235, RATIS_ADMIN=39235, RATIS_SERVER=39235, STANDALONE=34029], networkLocation: /default-rack, certSerialId: null, persistedOpState: IN_SERVICE, persistedOpStateExpiryEpochSec: 0}.
2021-10-06 14:02:44,002 [ReplicationMonitor] INFO  container.ReplicationManager (ReplicationManager.java:sendCloseCommand(1479)) - Sending close container command for container #4 to datanode 34248510-5d60-48c0-8326-c047c80e04d0{ip: 10.1.0.31, host: fv-az151-432.yf2hydr00wburbhx3j5hxtcipe.bx.internal.cloudapp.net, ports: [REPLICATION=44497, RATIS=36963, RATIS_ADMIN=36963, RATIS_SERVER=36963, STANDALONE=45077], networkLocation: /default-rack, certSerialId: null, persistedOpState: IN_SERVICE, persistedOpStateExpiryEpochSec: 0}.
2021-10-06 14:02:44,002 [ReplicationMonitor] INFO  container.ReplicationManager (ReplicationManager.java:sendCloseCommand(1479)) - Sending close container command for container #4 to datanode 55bc000a-ff09-4423-b291-4638aa8037bf{ip: 10.1.0.31, host: fv-az151-432.yf2hydr00wburbhx3j5hxtcipe.bx.internal.cloudapp.net, ports: [REPLICATION=38191, RATIS=42339, RATIS_ADMIN=42339, RATIS_SERVER=42339, STANDALONE=34977], networkLocation: /default-rack, certSerialId: null, persistedOpState: IN_SERVICE, persistedOpStateExpiryEpochSec: 0}.
2021-10-06 14:02:44,002 [ReplicationMonitor] INFO  container.ReplicationManager (ReplicationManager.java:processAll(371)) - Replication Monitor Thread took 1 milliseconds for processing 6 containers.
2021-10-06 14:02:44,230 [EventQueue-DeadNodeForDeadNodeHandler] INFO  node.DeadNodeHandler (DeadNodeHandler.java:onMessage(80)) - A dead datanode is detected. c782936d-9565-45ba-9dd8-9919901bc660{ip: 10.1.0.31, host: fv-az151-432.yf2hydr00wburbhx3j5hxtcipe.bx.internal.cloudapp.net, ports: [REPLICATION=36851, RATIS=42263, RATIS_ADMIN=42263, RATIS_SERVER=42263, STANDALONE=40707], networkLocation: /default-rack, certSerialId: null, persistedOpState: IN_SERVICE, persistedOpStateExpiryEpochSec: 0}
2021-10-06 14:02:44,232 [EventQueue-DeadNodeForDeadNodeHandler] INFO  pipeline.RatisPipelineProvider (RatisPipelineProvider.java:lambda$close$1(222)) - Send pipeline:PipelineID=ecda1340-80f8-419c-b7e0-238794e0da93 close command to datanode c782936d-9565-45ba-9dd8-9919901bc660
2021-10-06 14:02:44,232 [EventQueue-DeadNodeForDeadNodeHandler] INFO  pipeline.PipelineStateManagerImpl (PipelineStateManagerImpl.java:removePipeline(211)) - Pipeline Pipeline[ Id: ecda1340-80f8-419c-b7e0-238794e0da93, Nodes: c782936d-9565-45ba-9dd8-9919901bc660{ip: 10.1.0.31, host: fv-az151-432.yf2hydr00wburbhx3j5hxtcipe.bx.internal.cloudapp.net, ports: [REPLICATION=36851, RATIS=42263, RATIS_ADMIN=42263, RATIS_SERVER=42263, STANDALONE=40707], networkLocation: /default-rack, certSerialId: null, persistedOpState: IN_MAINTENANCE, persistedOpStateExpiryEpochSec: 0}, ReplicationConfig: RATIS/ONE, State:CLOSED, leaderId:c782936d-9565-45ba-9dd8-9919901bc660, CreationTimestamp2021-10-06T14:02:30.908Z[Etc/UTC]] removed.
2021-10-06 14:02:44,232 [EventQueue-DeadNodeForDeadNodeHandler] INFO  pipeline.RatisPipelineProvider (RatisPipelineProvider.java:lambda$close$1(222)) - Send pipeline:PipelineID=35aecc14-a595-4e6f-a3eb-219bc603866d close command to datanode eba57d49-72f8-43a5-8775-56e708340c1b
2021-10-06 14:02:44,232 [EventQueue-DeadNodeForDeadNodeHandler] INFO  pipeline.RatisPipelineProvider (RatisPipelineProvider.java:lambda$close$1(222)) - Send pipeline:PipelineID=35aecc14-a595-4e6f-a3eb-219bc603866d close command to datanode c782936d-9565-45ba-9dd8-9919901bc660
2021-10-06 14:02:44,232 [EventQueue-DeadNodeForDeadNodeHandler] INFO  pipeline.RatisPipelineProvider (RatisPipelineProvider.java:lambda$close$1(222)) - Send pipeline:PipelineID=35aecc14-a595-4e6f-a3eb-219bc603866d close command to datanode 249940c5-a031-4d3d-9436-b49f1a8f2026
2021-10-06 14:02:44,233 [EventQueue-DeadNodeForDeadNodeHandler] INFO  pipeline.PipelineStateManagerImpl (PipelineStateManagerImpl.java:removePipeline(211)) - Pipeline Pipeline[ Id: 35aecc14-a595-4e6f-a3eb-219bc603866d, Nodes: eba57d49-72f8-43a5-8775-56e708340c1b{ip: 10.1.0.31, host: fv-az151-432.yf2hydr00wburbhx3j5hxtcipe.bx.internal.cloudapp.net, ports: [REPLICATION=33349, RATIS=39081, RATIS_ADMIN=39081, RATIS_SERVER=39081, STANDALONE=38473], networkLocation: /default-rack, certSerialId: null, persistedOpState: IN_MAINTENANCE, persistedOpStateExpiryEpochSec: 0}c782936d-9565-45ba-9dd8-9919901bc660{ip: 10.1.0.31, host: fv-az151-432.yf2hydr00wburbhx3j5hxtcipe.bx.internal.cloudapp.net, ports: [REPLICATION=36851, RATIS=42263, RATIS_ADMIN=42263, RATIS_SERVER=42263, STANDALONE=40707], networkLocation: /default-rack, certSerialId: null, persistedOpState: IN_MAINTENANCE, persistedOpStateExpiryEpochSec: 0}249940c5-a031-4d3d-9436-b49f1a8f2026{ip: 10.1.0.31, host: fv-az151-432.yf2hydr00wburbhx3j5hxtcipe.bx.internal.cloudapp.net, ports: [REPLICATION=45635, RATIS=38929, RATIS_ADMIN=38929, RATIS_SERVER=38929, STANDALONE=45495], networkLocation: /default-rack, certSerialId: null, persistedOpState: IN_MAINTENANCE, persistedOpStateExpiryEpochSec: 0}, ReplicationConfig: RATIS/THREE, State:CLOSED, leaderId:c782936d-9565-45ba-9dd8-9919901bc660, CreationTimestamp2021-10-06T14:02:30.907Z[Etc/UTC]] removed.
2021-10-06 14:02:44,234 [EventQueue-DeadNodeForDeadNodeHandler] INFO  net.NetworkTopologyImpl (NetworkTopologyImpl.java:remove(137)) - Removed a node: /default-rack/c782936d-9565-45ba-9dd8-9919901bc660
2021-10-06 14:02:44,280 [EventQueue-PipelineReportForPipelineReportHandler] INFO  pipeline.PipelineReportHandler (PipelineReportHandler.java:processPipelineReport(113)) - Reported pipeline PipelineID=35aecc14-a595-4e6f-a3eb-219bc603866d is not found
2021-10-06 14:02:44,405 [Datanode State Machine Thread - 0] WARN  statemachine.StateContext (StateContext.java:execute(621)) - No available thread in pool for past 1 seconds.
2021-10-06 14:02:44,413 [grpc-default-executor-3] WARN  server.GrpcLogAppender (LogUtils.java:warn(122)) - 885e77a2-4494-44f0-9ae6-a931be9fbaf0@group-A03509089D80->34248510-5d60-48c0-8326-c047c80e04d0-AppendLogResponseHandler: Failed appendEntries: org.apache.ratis.thirdparty.io.grpc.StatusRuntimeException: UNAVAILABLE: io exception
2021-10-06 14:02:44,413 [grpc-default-executor-3] INFO  leader.FollowerInfo (FollowerInfoImpl.java:lambda$new$0(46)) - 885e77a2-4494-44f0-9ae6-a931be9fbaf0@group-A03509089D80->34248510-5d60-48c0-8326-c047c80e04d0: nextIndex: updateUnconditionally 44 -> 43
2021-10-06 14:02:44,426 [grpc-default-executor-3] WARN  server.GrpcLogAppender (LogUtils.java:warn(122)) - 885e77a2-4494-44f0-9ae6-a931be9fbaf0@group-A03509089D80->34248510-5d60-48c0-8326-c047c80e04d0-AppendLogResponseHandler: Failed appendEntries: org.apache.ratis.thirdparty.io.grpc.StatusRuntimeException: UNAVAILABLE: io exception
2021-10-06 14:02:44,426 [grpc-default-executor-3] INFO  leader.FollowerInfo (FollowerInfoImpl.java:lambda$new$0(46)) - 885e77a2-4494-44f0-9ae6-a931be9fbaf0@group-A03509089D80->34248510-5d60-48c0-8326-c047c80e04d0: nextIndex: updateUnconditionally 44 -> 43
2021-10-06 14:02:44,449 [Datanode State Machine Thread - 0] WARN  statemachine.StateContext (StateContext.java:execute(621)) - No available thread in pool for past 1 seconds.
2021-10-06 14:02:44,455 [Datanode State Machine Thread - 0] WARN  statemachine.StateContext (StateContext.java:execute(621)) - No available thread in pool for past 1 seconds.
2021-10-06 14:02:44,461 [grpc-default-executor-3] WARN  server.GrpcLogAppender (LogUtils.java:warn(122)) - 885e77a2-4494-44f0-9ae6-a931be9fbaf0@group-A03509089D80->34248510-5d60-48c0-8326-c047c80e04d0-AppendLogResponseHandler: Failed appendEntries: org.apache.ratis.thirdparty.io.grpc.StatusRuntimeException: UNAVAILABLE: io exception
2021-10-06 14:02:44,462 [grpc-default-executor-3] INFO  leader.FollowerInfo (FollowerInfoImpl.java:lambda$new$0(46)) - 885e77a2-4494-44f0-9ae6-a931be9fbaf0@group-A03509089D80->34248510-5d60-48c0-8326-c047c80e04d0: nextIndex: updateUnconditionally 44 -> 43
2021-10-06 14:02:44,463 [grpc-default-executor-3] WARN  server.GrpcLogAppender (LogUtils.java:warn(122)) - 885e77a2-4494-44f0-9ae6-a931be9fbaf0@group-A03509089D80->34248510-5d60-48c0-8326-c047c80e04d0-AppendLogResponseHandler: Failed appendEntries: org.apache.ratis.thirdparty.io.grpc.StatusRuntimeException: UNAVAILABLE: io exception
2021-10-06 14:02:44,463 [grpc-default-executor-3] INFO  leader.FollowerInfo (FollowerInfoImpl.java:lambda$new$0(46)) - 885e77a2-4494-44f0-9ae6-a931be9fbaf0@group-A03509089D80->34248510-5d60-48c0-8326-c047c80e04d0: nextIndex: updateUnconditionally 44 -> 43
2021-10-06 14:02:44,507 [pool-386-thread-3] INFO  keyvalue.KeyValueContainer (KeyValueContainer.java:flushAndSyncDB(397)) - Container 2 is synced with bcsId 38.
2021-10-06 14:02:44,508 [pool-386-thread-3] INFO  keyvalue.KeyValueContainer (KeyValueContainer.java:flushAndSyncDB(397)) - Container 2 is synced with bcsId 38.
2021-10-06 14:02:44,512 [pool-386-thread-3] INFO  keyvalue.KeyValueContainer (KeyValueContainer.java:close(334)) - Container 2 is closed with bcsId 38.
2021-10-06 14:02:44,512 [Datanode State Machine Thread - 0] WARN  statemachine.StateContext (StateContext.java:execute(621)) - No available thread in pool for past 1 seconds.
2021-10-06 14:02:44,514 [EventQueue-IncrementalContainerReportForIncrementalContainerReportHandler] INFO  container.IncrementalContainerReportHandler (AbstractContainerReportHandler.java:updateContainerState(223)) - Moving container #2 to CLOSED state, datanode 55bc000a-ff09-4423-b291-4638aa8037bf{ip: 10.1.0.31, host: fv-az151-432.yf2hydr00wburbhx3j5hxtcipe.bx.internal.cloudapp.net, ports: [REPLICATION=38191, RATIS=42339, RATIS_ADMIN=42339, RATIS_SERVER=42339, STANDALONE=34977], networkLocation: /default-rack, certSerialId: null, persistedOpState: IN_SERVICE, persistedOpStateExpiryEpochSec: 0} reported CLOSED replica.
2021-10-06 14:02:44,531 [EventQueue-DeadNodeForDeadNodeHandler] INFO  node.DeadNodeHandler (DeadNodeHandler.java:onMessage(80)) - A dead datanode is detected. 34248510-5d60-48c0-8326-c047c80e04d0{ip: 10.1.0.31, host: fv-az151-432.yf2hydr00wburbhx3j5hxtcipe.bx.internal.cloudapp.net, ports: [REPLICATION=44497, RATIS=36963, RATIS_ADMIN=36963, RATIS_SERVER=36963, STANDALONE=45077], networkLocation: /default-rack, certSerialId: null, persistedOpState: IN_SERVICE, persistedOpStateExpiryEpochSec: 0}
2021-10-06 14:02:44,531 [EventQueue-DeadNodeForDeadNodeHandler] INFO  pipeline.RatisPipelineProvider (RatisPipelineProvider.java:lambda$close$1(222)) - Send pipeline:PipelineID=df77659e-119c-4b03-b2aa-b9e7c2c4ab8d close command to datanode 34248510-5d60-48c0-8326-c047c80e04d0
2021-10-06 14:02:44,531 [EventQueue-DeadNodeForDeadNodeHandler] INFO  pipeline.PipelineStateManagerImpl (PipelineStateManagerImpl.java:removePipeline(211)) - Pipeline Pipeline[ Id: df77659e-119c-4b03-b2aa-b9e7c2c4ab8d, Nodes: 34248510-5d60-48c0-8326-c047c80e04d0{ip: 10.1.0.31, host: fv-az151-432.yf2hydr00wburbhx3j5hxtcipe.bx.internal.cloudapp.net, ports: [REPLICATION=44497, RATIS=36963, RATIS_ADMIN=36963, RATIS_SERVER=36963, STANDALONE=45077], networkLocation: /default-rack, certSerialId: null, persistedOpState: IN_SERVICE, persistedOpStateExpiryEpochSec: 0}, ReplicationConfig: RATIS/ONE, State:CLOSED, leaderId:34248510-5d60-48c0-8326-c047c80e04d0, CreationTimestamp2021-10-06T14:01:41.371Z[Etc/UTC]] removed.
2021-10-06 14:02:44,531 [EventQueue-DeadNodeForDeadNodeHandler] INFO  pipeline.RatisPipelineProvider (RatisPipelineProvider.java:lambda$close$1(222)) - Send pipeline:PipelineID=c2e7c4b3-1920-4e1e-8412-a03509089d80 close command to datanode 34248510-5d60-48c0-8326-c047c80e04d0
2021-10-06 14:02:44,531 [EventQueue-DeadNodeForDeadNodeHandler] INFO  pipeline.RatisPipelineProvider (RatisPipelineProvider.java:lambda$close$1(222)) - Send pipeline:PipelineID=c2e7c4b3-1920-4e1e-8412-a03509089d80 close command to datanode 55bc000a-ff09-4423-b291-4638aa8037bf
2021-10-06 14:02:44,531 [EventQueue-DeadNodeForDeadNodeHandler] INFO  pipeline.RatisPipelineProvider (RatisPipelineProvider.java:lambda$close$1(222)) - Send pipeline:PipelineID=c2e7c4b3-1920-4e1e-8412-a03509089d80 close command to datanode 885e77a2-4494-44f0-9ae6-a931be9fbaf0
2021-10-06 14:02:44,532 [EventQueue-DeadNodeForDeadNodeHandler] INFO  pipeline.PipelineStateManagerImpl (PipelineStateManagerImpl.java:removePipeline(211)) - Pipeline Pipeline[ Id: c2e7c4b3-1920-4e1e-8412-a03509089d80, Nodes: 34248510-5d60-48c0-8326-c047c80e04d0{ip: 10.1.0.31, host: fv-az151-432.yf2hydr00wburbhx3j5hxtcipe.bx.internal.cloudapp.net, ports: [REPLICATION=44497, RATIS=36963, RATIS_ADMIN=36963, RATIS_SERVER=36963, STANDALONE=45077], networkLocation: /default-rack, certSerialId: null, persistedOpState: IN_SERVICE, persistedOpStateExpiryEpochSec: 0}55bc000a-ff09-4423-b291-4638aa8037bf{ip: 10.1.0.31, host: fv-az151-432.yf2hydr00wburbhx3j5hxtcipe.bx.internal.cloudapp.net, ports: [REPLICATION=38191, RATIS=42339, RATIS_ADMIN=42339, RATIS_SERVER=42339, STANDALONE=34977], networkLocation: /default-rack, certSerialId: null, persistedOpState: IN_SERVICE, persistedOpStateExpiryEpochSec: 0}885e77a2-4494-44f0-9ae6-a931be9fbaf0{ip: 10.1.0.31, host: fv-az151-432.yf2hydr00wburbhx3j5hxtcipe.bx.internal.cloudapp.net, ports: [REPLICATION=38673, RATIS=39235, RATIS_ADMIN=39235, RATIS_SERVER=39235, STANDALONE=34029], networkLocation: /default-rack, certSerialId: null, persistedOpState: IN_SERVICE, persistedOpStateExpiryEpochSec: 0}, ReplicationConfig: RATIS/THREE, State:CLOSED, leaderId:885e77a2-4494-44f0-9ae6-a931be9fbaf0, CreationTimestamp2021-10-06T14:01:41.754Z[Etc/UTC]] removed.
2021-10-06 14:02:44,532 [EventQueue-DeadNodeForDeadNodeHandler] INFO  net.NetworkTopologyImpl (NetworkTopologyImpl.java:remove(137)) - Removed a node: /default-rack/34248510-5d60-48c0-8326-c047c80e04d0
2021-10-06 14:02:44,537 [pool-387-thread-3] INFO  keyvalue.KeyValueContainer (KeyValueContainer.java:flushAndSyncDB(397)) - Container 2 is synced with bcsId 38.
2021-10-06 14:02:44,537 [pool-387-thread-3] INFO  keyvalue.KeyValueContainer (KeyValueContainer.java:flushAndSyncDB(397)) - Container 2 is synced with bcsId 38.
2021-10-06 14:02:44,539 [pool-387-thread-3] INFO  keyvalue.KeyValueContainer (KeyValueContainer.java:close(334)) - Container 2 is closed with bcsId 38.
2021-10-06 14:02:44,539 [Datanode State Machine Thread - 0] WARN  statemachine.StateContext (StateContext.java:execute(621)) - No available thread in pool for past 1 seconds.
2021-10-06 14:02:44,543 [grpc-default-executor-3] WARN  server.GrpcLogAppender (LogUtils.java:warn(122)) - 885e77a2-4494-44f0-9ae6-a931be9fbaf0@group-A03509089D80->34248510-5d60-48c0-8326-c047c80e04d0-AppendLogResponseHandler: Failed appendEntries: org.apache.ratis.thirdparty.io.grpc.StatusRuntimeException: UNAVAILABLE: io exception
2021-10-06 14:02:44,543 [grpc-default-executor-3] INFO  leader.FollowerInfo (FollowerInfoImpl.java:lambda$new$0(46)) - 885e77a2-4494-44f0-9ae6-a931be9fbaf0@group-A03509089D80->34248510-5d60-48c0-8326-c047c80e04d0: nextIndex: updateUnconditionally 44 -> 43
2021-10-06 14:02:44,544 [Datanode State Machine Thread - 0] WARN  statemachine.StateContext (StateContext.java:execute(621)) - No available thread in pool for past 1 seconds.
2021-10-06 14:02:44,551 [grpc-default-executor-3] WARN  server.GrpcLogAppender (LogUtils.java:warn(122)) - 885e77a2-4494-44f0-9ae6-a931be9fbaf0@group-A03509089D80->34248510-5d60-48c0-8326-c047c80e04d0-AppendLogResponseHandler: Failed appendEntries: org.apache.ratis.thirdparty.io.grpc.StatusRuntimeException: UNAVAILABLE: io exception
2021-10-06 14:02:44,551 [grpc-default-executor-3] INFO  leader.FollowerInfo (FollowerInfoImpl.java:lambda$new$0(46)) - 885e77a2-4494-44f0-9ae6-a931be9fbaf0@group-A03509089D80->34248510-5d60-48c0-8326-c047c80e04d0: nextIndex: updateUnconditionally 44 -> 43
2021-10-06 14:02:44,552 [grpc-default-executor-0] WARN  server.GrpcLogAppender (LogUtils.java:warn(122)) - 885e77a2-4494-44f0-9ae6-a931be9fbaf0@group-A03509089D80->34248510-5d60-48c0-8326-c047c80e04d0-AppendLogResponseHandler: Failed appendEntries: org.apache.ratis.thirdparty.io.grpc.StatusRuntimeException: UNAVAILABLE: io exception
2021-10-06 14:02:44,553 [grpc-default-executor-0] INFO  leader.FollowerInfo (FollowerInfoImpl.java:lambda$new$0(46)) - 885e77a2-4494-44f0-9ae6-a931be9fbaf0@group-A03509089D80->34248510-5d60-48c0-8326-c047c80e04d0: nextIndex: updateUnconditionally 44 -> 43
2021-10-06 14:02:44,574 [pool-387-thread-4] INFO  keyvalue.KeyValueContainer (KeyValueContainer.java:flushAndSyncDB(397)) - Container 3 is synced with bcsId 41.
2021-10-06 14:02:44,574 [pool-387-thread-4] INFO  keyvalue.KeyValueContainer (KeyValueContainer.java:flushAndSyncDB(397)) - Container 3 is synced with bcsId 41.
2021-10-06 14:02:44,576 [pool-387-thread-4] INFO  keyvalue.KeyValueContainer (KeyValueContainer.java:close(334)) - Container 3 is closed with bcsId 41.
2021-10-06 14:02:44,576 [Datanode State Machine Thread - 0] WARN  statemachine.StateContext (StateContext.java:execute(621)) - No available thread in pool for past 1 seconds.
2021-10-06 14:02:44,577 [EventQueue-IncrementalContainerReportForIncrementalContainerReportHandler] INFO  container.IncrementalContainerReportHandler (AbstractContainerReportHandler.java:updateContainerState(223)) - Moving container #3 to CLOSED state, datanode 885e77a2-4494-44f0-9ae6-a931be9fbaf0{ip: 10.1.0.31, host: fv-az151-432.yf2hydr00wburbhx3j5hxtcipe.bx.internal.cloudapp.net, ports: [REPLICATION=38673, RATIS=39235, RATIS_ADMIN=39235, RATIS_SERVER=39235, STANDALONE=34029], networkLocation: /default-rack, certSerialId: null, persistedOpState: IN_SERVICE, persistedOpStateExpiryEpochSec: 0} reported CLOSED replica.
2021-10-06 14:02:44,591 [Datanode State Machine Thread - 0] WARN  statemachine.StateContext (StateContext.java:execute(621)) - No available thread in pool for past 1 seconds.
2021-10-06 14:02:44,592 [grpc-default-executor-3] WARN  server.GrpcLogAppender (LogUtils.java:warn(122)) - 885e77a2-4494-44f0-9ae6-a931be9fbaf0@group-A03509089D80->34248510-5d60-48c0-8326-c047c80e04d0-AppendLogResponseHandler: Failed appendEntries: org.apache.ratis.thirdparty.io.grpc.StatusRuntimeException: UNAVAILABLE: io exception
2021-10-06 14:02:44,593 [grpc-default-executor-3] INFO  leader.FollowerInfo (FollowerInfoImpl.java:lambda$new$0(46)) - 885e77a2-4494-44f0-9ae6-a931be9fbaf0@group-A03509089D80->34248510-5d60-48c0-8326-c047c80e04d0: nextIndex: updateUnconditionally 44 -> 43
2021-10-06 14:02:44,611 [grpc-default-executor-3] WARN  server.GrpcLogAppender (LogUtils.java:warn(122)) - 885e77a2-4494-44f0-9ae6-a931be9fbaf0@group-A03509089D80->34248510-5d60-48c0-8326-c047c80e04d0-AppendLogResponseHandler: Failed appendEntries: org.apache.ratis.thirdparty.io.grpc.StatusRuntimeException: UNAVAILABLE: io exception
2021-10-06 14:02:44,612 [grpc-default-executor-3] INFO  leader.FollowerInfo (FollowerInfoImpl.java:lambda$new$0(46)) - 885e77a2-4494-44f0-9ae6-a931be9fbaf0@group-A03509089D80->34248510-5d60-48c0-8326-c047c80e04d0: nextIndex: updateUnconditionally 44 -> 43
2021-10-06 14:02:44,615 [grpc-default-executor-0] WARN  server.GrpcLogAppender (LogUtils.java:warn(122)) - 885e77a2-4494-44f0-9ae6-a931be9fbaf0@group-A03509089D80->34248510-5d60-48c0-8326-c047c80e04d0-AppendLogResponseHandler: Failed appendEntries: org.apache.ratis.thirdparty.io.grpc.StatusRuntimeException: UNAVAILABLE: io exception
2021-10-06 14:02:44,615 [grpc-default-executor-0] INFO  leader.FollowerInfo (FollowerInfoImpl.java:lambda$new$0(46)) - 885e77a2-4494-44f0-9ae6-a931be9fbaf0@group-A03509089D80->34248510-5d60-48c0-8326-c047c80e04d0: nextIndex: updateUnconditionally 44 -> 43
2021-10-06 14:02:44,638 [grpc-default-executor-0] WARN  server.GrpcLogAppender (LogUtils.java:warn(122)) - 885e77a2-4494-44f0-9ae6-a931be9fbaf0@group-A03509089D80->34248510-5d60-48c0-8326-c047c80e04d0-AppendLogResponseHandler: Failed appendEntries: org.apache.ratis.thirdparty.io.grpc.StatusRuntimeException: UNAVAILABLE: io exception
2021-10-06 14:02:44,638 [grpc-default-executor-0] INFO  leader.FollowerInfo (FollowerInfoImpl.java:lambda$new$0(46)) - 885e77a2-4494-44f0-9ae6-a931be9fbaf0@group-A03509089D80->34248510-5d60-48c0-8326-c047c80e04d0: nextIndex: updateUnconditionally 44 -> 43
2021-10-06 14:02:44,646 [grpc-default-executor-3] WARN  server.GrpcLogAppender (LogUtils.java:warn(122)) - 885e77a2-4494-44f0-9ae6-a931be9fbaf0@group-A03509089D80->34248510-5d60-48c0-8326-c047c80e04d0-AppendLogResponseHandler: Failed appendEntries: org.apache.ratis.thirdparty.io.grpc.StatusRuntimeException: UNAVAILABLE: io exception
2021-10-06 14:02:44,647 [grpc-default-executor-3] INFO  leader.FollowerInfo (FollowerInfoImpl.java:lambda$new$0(46)) - 885e77a2-4494-44f0-9ae6-a931be9fbaf0@group-A03509089D80->34248510-5d60-48c0-8326-c047c80e04d0: nextIndex: updateUnconditionally 44 -> 43
2021-10-06 14:02:44,690 [pool-387-thread-5] INFO  keyvalue.KeyValueContainer (KeyValueContainer.java:flushAndSyncDB(397)) - Container 4 is synced with bcsId 34.
2021-10-06 14:02:44,690 [pool-387-thread-5] INFO  keyvalue.KeyValueContainer (KeyValueContainer.java:flushAndSyncDB(397)) - Container 4 is synced with bcsId 34.
2021-10-06 14:02:44,700 [pool-386-thread-5] INFO  keyvalue.KeyValueContainer (KeyValueContainer.java:flushAndSyncDB(397)) - Container 4 is synced with bcsId 34.
2021-10-06 14:02:44,700 [pool-386-thread-5] INFO  keyvalue.KeyValueContainer (KeyValueContainer.java:flushAndSyncDB(397)) - Container 4 is synced with bcsId 34.
2021-10-06 14:02:44,701 [pool-387-thread-5] INFO  keyvalue.KeyValueContainer (KeyValueContainer.java:close(334)) - Container 4 is closed with bcsId 34.
2021-10-06 14:02:44,702 [pool-386-thread-5] INFO  keyvalue.KeyValueContainer (KeyValueContainer.java:close(334)) - Container 4 is closed with bcsId 34.
2021-10-06 14:02:44,703 [EventQueue-PipelineReportForPipelineReportHandler] INFO  pipeline.PipelineReportHandler (PipelineReportHandler.java:processPipelineReport(113)) - Reported pipeline PipelineID=35aecc14-a595-4e6f-a3eb-219bc603866d is not found
2021-10-06 14:02:44,704 [Command processor thread] INFO  server.RaftServer (RaftServerProxy.java:remove(106)) - 885e77a2-4494-44f0-9ae6-a931be9fbaf0: remove    LEADER 885e77a2-4494-44f0-9ae6-a931be9fbaf0@group-A03509089D80:t3, leader=885e77a2-4494-44f0-9ae6-a931be9fbaf0, voted=885e77a2-4494-44f0-9ae6-a931be9fbaf0, raftlog=885e77a2-4494-44f0-9ae6-a931be9fbaf0@group-A03509089D80-SegmentedRaftLog:OPENED:c49,f49,i49, conf=0: [885e77a2-4494-44f0-9ae6-a931be9fbaf0|rpc:10.1.0.31:39235|dataStream:|priority:1, 55bc000a-ff09-4423-b291-4638aa8037bf|rpc:10.1.0.31:42339|dataStream:|priority:0, 34248510-5d60-48c0-8326-c047c80e04d0|rpc:10.1.0.31:36963|dataStream:|priority:0], old=null RUNNING
2021-10-06 14:02:44,704 [Command processor thread] INFO  server.RaftServer$Division (RaftServerImpl.java:lambda$close$4(407)) - 885e77a2-4494-44f0-9ae6-a931be9fbaf0@group-A03509089D80: shutdown
2021-10-06 14:02:44,704 [Command processor thread] INFO  util.JmxRegister (JmxRegister.java:unregister(73)) - Successfully un-registered JMX Bean with object name Ratis:service=RaftServer,group=group-A03509089D80,id=885e77a2-4494-44f0-9ae6-a931be9fbaf0
2021-10-06 14:02:44,704 [Command processor thread] INFO  impl.RoleInfo (RoleInfo.java:shutdownLeaderState(91)) - 885e77a2-4494-44f0-9ae6-a931be9fbaf0: shutdown 885e77a2-4494-44f0-9ae6-a931be9fbaf0@group-A03509089D80-LeaderStateImpl
2021-10-06 14:02:44,704 [885e77a2-4494-44f0-9ae6-a931be9fbaf0@group-A03509089D80->55bc000a-ff09-4423-b291-4638aa8037bf-GrpcLogAppender-LogAppenderDaemon] WARN  server.GrpcLogAppender (GrpcLogAppender.java:mayWait(175)) - 885e77a2-4494-44f0-9ae6-a931be9fbaf0@group-A03509089D80->55bc000a-ff09-4423-b291-4638aa8037bf-GrpcLogAppender: Wait interrupted by java.lang.InterruptedException
2021-10-06 14:02:44,704 [885e77a2-4494-44f0-9ae6-a931be9fbaf0@group-A03509089D80->34248510-5d60-48c0-8326-c047c80e04d0-GrpcLogAppender-LogAppenderDaemon] WARN  server.GrpcLogAppender (GrpcLogAppender.java:mayWait(175)) - 885e77a2-4494-44f0-9ae6-a931be9fbaf0@group-A03509089D80->34248510-5d60-48c0-8326-c047c80e04d0-GrpcLogAppender: Wait interrupted by java.lang.InterruptedException
2021-10-06 14:02:44,704 [Command processor thread] INFO  impl.PendingRequests (PendingRequests.java:sendNotLeaderResponses(282)) - 885e77a2-4494-44f0-9ae6-a931be9fbaf0@group-A03509089D80-PendingRequests: sendNotLeaderResponses
2021-10-06 14:02:44,705 [grpc-default-executor-3] INFO  server.GrpcServerProtocolService (GrpcServerProtocolService.java:onCompleted(140)) - 55bc000a-ff09-4423-b291-4638aa8037bf: Completed APPEND_ENTRIES, lastRequest: 885e77a2-4494-44f0-9ae6-a931be9fbaf0->55bc000a-ff09-4423-b291-4638aa8037bf#994-t3,previous=(t:3, i:48),leaderCommit=48,initializing? true,entries: size=1, first=(t:3, i:49), METADATAENTRY(c:48)
2021-10-06 14:02:44,711 [Datanode State Machine Thread - 0] WARN  statemachine.StateContext (StateContext.java:execute(621)) - No available thread in pool for past 1 seconds.
2021-10-06 14:02:44,711 [Datanode State Machine Thread - 0] WARN  statemachine.StateContext (StateContext.java:execute(621)) - No available thread in pool for past 1 seconds.
2021-10-06 14:02:44,715 [Command processor thread] INFO  impl.StateMachineUpdater (StateMachineUpdater.java:stopAndJoin(149)) - 885e77a2-4494-44f0-9ae6-a931be9fbaf0@group-A03509089D80-StateMachineUpdater: set stopIndex = 49
2021-10-06 14:02:44,715 [EventQueue-IncrementalContainerReportForIncrementalContainerReportHandler] INFO  container.IncrementalContainerReportHandler (AbstractContainerReportHandler.java:updateContainerState(223)) - Moving container #4 to CLOSED state, datanode 55bc000a-ff09-4423-b291-4638aa8037bf{ip: 10.1.0.31, host: fv-az151-432.yf2hydr00wburbhx3j5hxtcipe.bx.internal.cloudapp.net, ports: [REPLICATION=38191, RATIS=42339, RATIS_ADMIN=42339, RATIS_SERVER=42339, STANDALONE=34977], networkLocation: /default-rack, certSerialId: null, persistedOpState: IN_SERVICE, persistedOpStateExpiryEpochSec: 0} reported CLOSED replica.
2021-10-06 14:02:44,715 [885e77a2-4494-44f0-9ae6-a931be9fbaf0@group-A03509089D80-StateMachineUpdater] INFO  ratis.ContainerStateMachine (ContainerStateMachine.java:takeSnapshot(292)) - group-A03509089D80: Taking a snapshot at:(t:3, i:49) file /home/runner/work/ozone/ozone/hadoop-ozone/integration-test/target/test-dir/MiniOzoneClusterImpl-e1b1dc9b-a907-4b87-a397-076a7696e0a8/datanode-4/data/ratis/c2e7c4b3-1920-4e1e-8412-a03509089d80/sm/snapshot.3_49
2021-10-06 14:02:44,716 [grpc-default-executor-3] INFO  server.GrpcLogAppender (GrpcLogAppender.java:onCompleted(344)) - 885e77a2-4494-44f0-9ae6-a931be9fbaf0@group-A03509089D80->55bc000a-ff09-4423-b291-4638aa8037bf-AppendLogResponseHandler: follower responses appendEntries COMPLETED
2021-10-06 14:02:44,716 [grpc-default-executor-3] INFO  leader.FollowerInfo (FollowerInfoImpl.java:lambda$new$0(46)) - 885e77a2-4494-44f0-9ae6-a931be9fbaf0@group-A03509089D80->55bc000a-ff09-4423-b291-4638aa8037bf: nextIndex: updateUnconditionally 50 -> 49
2021-10-06 14:02:44,716 [885e77a2-4494-44f0-9ae6-a931be9fbaf0@group-A03509089D80-StateMachineUpdater] INFO  ratis.ContainerStateMachine (ContainerStateMachine.java:takeSnapshot(303)) - group-A03509089D80: Finished taking a snapshot at:(t:3, i:49) file:/home/runner/work/ozone/ozone/hadoop-ozone/integration-test/target/test-dir/MiniOzoneClusterImpl-e1b1dc9b-a907-4b87-a397-076a7696e0a8/datanode-4/data/ratis/c2e7c4b3-1920-4e1e-8412-a03509089d80/sm/snapshot.3_49 took: 2 ms
2021-10-06 14:02:44,717 [885e77a2-4494-44f0-9ae6-a931be9fbaf0@group-A03509089D80-StateMachineUpdater] INFO  impl.StateMachineUpdater (StateMachineUpdater.java:takeSnapshot(281)) - 885e77a2-4494-44f0-9ae6-a931be9fbaf0@group-A03509089D80-StateMachineUpdater: Took a snapshot at index 49
2021-10-06 14:02:44,717 [885e77a2-4494-44f0-9ae6-a931be9fbaf0@group-A03509089D80-StateMachineUpdater] INFO  impl.StateMachineUpdater (StateMachineUpdater.java:lambda$new$0(89)) - 885e77a2-4494-44f0-9ae6-a931be9fbaf0@group-A03509089D80-StateMachineUpdater: snapshotIndex: updateIncreasingly -1 -> 49
2021-10-06 14:02:44,717 [Command processor thread] INFO  server.RaftServer$Division (ServerState.java:close(419)) - 885e77a2-4494-44f0-9ae6-a931be9fbaf0@group-A03509089D80: closes. applyIndex: 49
2021-10-06 14:02:44,717 [885e77a2-4494-44f0-9ae6-a931be9fbaf0@group-A03509089D80-SegmentedRaftLogWorker] INFO  segmented.SegmentedRaftLogWorker (SegmentedRaftLogWorker.java:run(327)) - 885e77a2-4494-44f0-9ae6-a931be9fbaf0@group-A03509089D80-SegmentedRaftLogWorker was interrupted, exiting. There are 0 tasks remaining in the queue.
2021-10-06 14:02:44,718 [Command processor thread] INFO  segmented.SegmentedRaftLogWorker (SegmentedRaftLogWorker.java:close(237)) - 885e77a2-4494-44f0-9ae6-a931be9fbaf0@group-A03509089D80-SegmentedRaftLogWorker close()
2021-10-06 14:02:44,719 [Command processor thread] INFO  server.RaftServer$Division (RaftServerImpl.java:groupRemove(377)) - 885e77a2-4494-44f0-9ae6-a931be9fbaf0@group-A03509089D80: Succeed to remove RaftStorageDirectory Storage Directory /home/runner/work/ozone/ozone/hadoop-ozone/integration-test/target/test-dir/MiniOzoneClusterImpl-e1b1dc9b-a907-4b87-a397-076a7696e0a8/datanode-4/data/ratis/c2e7c4b3-1920-4e1e-8412-a03509089d80
2021-10-06 14:02:44,719 [Command processor thread] INFO  commandhandler.ClosePipelineCommandHandler (ClosePipelineCommandHandler.java:handle(78)) - Close Pipeline PipelineID=c2e7c4b3-1920-4e1e-8412-a03509089d80 command on datanode 885e77a2-4494-44f0-9ae6-a931be9fbaf0.
2021-10-06 14:02:44,746 [pool-386-thread-4] INFO  keyvalue.KeyValueContainer (KeyValueContainer.java:flushAndSyncDB(397)) - Container 3 is synced with bcsId 41.
2021-10-06 14:02:44,746 [pool-386-thread-4] INFO  keyvalue.KeyValueContainer (KeyValueContainer.java:flushAndSyncDB(397)) - Container 3 is synced with bcsId 41.
2021-10-06 14:02:44,753 [pool-386-thread-4] INFO  keyvalue.KeyValueContainer (KeyValueContainer.java:close(334)) - Container 3 is closed with bcsId 41.
2021-10-06 14:02:45,002 [ReplicationMonitor] INFO  container.ReplicationManager (ReplicationManager.java:handleUnderReplicatedContainer(1163)) - Container #1 is under replicated. Expected replica count is 3, but found 1.
2021-10-06 14:02:45,002 [ReplicationMonitor] INFO  container.ReplicationManager (ReplicationManager.java:sendReplicateCommand(1515)) - Sending replicate container command for container #1 to datanode 55bc000a-ff09-4423-b291-4638aa8037bf{ip: 10.1.0.31, host: fv-az151-432.yf2hydr00wburbhx3j5hxtcipe.bx.internal.cloudapp.net, ports: [REPLICATION=38191, RATIS=42339, RATIS_ADMIN=42339, RATIS_SERVER=42339, STANDALONE=34977], networkLocation: /default-rack, certSerialId: null, persistedOpState: IN_SERVICE, persistedOpStateExpiryEpochSec: 0} from datanodes [eba57d49-72f8-43a5-8775-56e708340c1b{ip: 10.1.0.31, host: fv-az151-432.yf2hydr00wburbhx3j5hxtcipe.bx.internal.cloudapp.net, ports: [REPLICATION=33349, RATIS=39081, RATIS_ADMIN=39081, RATIS_SERVER=39081, STANDALONE=38473], networkLocation: /default-rack, certSerialId: null, persistedOpState: IN_SERVICE, persistedOpStateExpiryEpochSec: 0}]
2021-10-06 14:02:45,003 [ReplicationMonitor] INFO  container.ReplicationManager (ReplicationManager.java:sendReplicateCommand(1515)) - Sending replicate container command for container #1 to datanode 885e77a2-4494-44f0-9ae6-a931be9fbaf0{ip: 10.1.0.31, host: fv-az151-432.yf2hydr00wburbhx3j5hxtcipe.bx.internal.cloudapp.net, ports: [REPLICATION=38673, RATIS=39235, RATIS_ADMIN=39235, RATIS_SERVER=39235, STANDALONE=34029], networkLocation: /default-rack, certSerialId: null, persistedOpState: IN_SERVICE, persistedOpStateExpiryEpochSec: 0} from datanodes [eba57d49-72f8-43a5-8775-56e708340c1b{ip: 10.1.0.31, host: fv-az151-432.yf2hydr00wburbhx3j5hxtcipe.bx.internal.cloudapp.net, ports: [REPLICATION=33349, RATIS=39081, RATIS_ADMIN=39081, RATIS_SERVER=39081, STANDALONE=38473], networkLocation: /default-rack, certSerialId: null, persistedOpState: IN_SERVICE, persistedOpStateExpiryEpochSec: 0}]
2021-10-06 14:02:45,003 [ReplicationMonitor] INFO  container.ReplicationManager (ReplicationManager.java:handleUnderReplicatedContainer(1163)) - Container #2 is under replicated. Expected replica count is 3, but found 2.
2021-10-06 14:02:45,003 [ReplicationMonitor] INFO  container.ReplicationManager (ReplicationManager.java:sendReplicateCommand(1515)) - Sending replicate container command for container #2 to datanode eba57d49-72f8-43a5-8775-56e708340c1b{ip: 10.1.0.31, host: fv-az151-432.yf2hydr00wburbhx3j5hxtcipe.bx.internal.cloudapp.net, ports: [REPLICATION=33349, RATIS=39081, RATIS_ADMIN=39081, RATIS_SERVER=39081, STANDALONE=38473], networkLocation: /default-rack, certSerialId: null, persistedOpState: IN_SERVICE, persistedOpStateExpiryEpochSec: 0} from datanodes [885e77a2-4494-44f0-9ae6-a931be9fbaf0{ip: 10.1.0.31, host: fv-az151-432.yf2hydr00wburbhx3j5hxtcipe.bx.internal.cloudapp.net, ports: [REPLICATION=38673, RATIS=39235, RATIS_ADMIN=39235, RATIS_SERVER=39235, STANDALONE=34029], networkLocation: /default-rack, certSerialId: null, persistedOpState: IN_SERVICE, persistedOpStateExpiryEpochSec: 0}, 55bc000a-ff09-4423-b291-4638aa8037bf{ip: 10.1.0.31, host: fv-az151-432.yf2hydr00wburbhx3j5hxtcipe.bx.internal.cloudapp.net, ports: [REPLICATION=38191, RATIS=42339, RATIS_ADMIN=42339, RATIS_SERVER=42339, STANDALONE=34977], networkLocation: /default-rack, certSerialId: null, persistedOpState: IN_SERVICE, persistedOpStateExpiryEpochSec: 0}]
2021-10-06 14:02:45,003 [ReplicationMonitor] INFO  container.ReplicationManager (ReplicationManager.java:handleUnderReplicatedContainer(1163)) - Container #3 is under replicated. Expected replica count is 3, but found 2.
2021-10-06 14:02:45,003 [ReplicationMonitor] INFO  container.ReplicationManager (ReplicationManager.java:sendReplicateCommand(1515)) - Sending replicate container command for container #3 to datanode 249940c5-a031-4d3d-9436-b49f1a8f2026{ip: 10.1.0.31, host: fv-az151-432.yf2hydr00wburbhx3j5hxtcipe.bx.internal.cloudapp.net, ports: [REPLICATION=45635, RATIS=38929, RATIS_ADMIN=38929, RATIS_SERVER=38929, STANDALONE=45495], networkLocation: /default-rack, certSerialId: null, persistedOpState: IN_SERVICE, persistedOpStateExpiryEpochSec: 0} from datanodes [55bc000a-ff09-4423-b291-4638aa8037bf{ip: 10.1.0.31, host: fv-az151-432.yf2hydr00wburbhx3j5hxtcipe.bx.internal.cloudapp.net, ports: [REPLICATION=38191, RATIS=42339, RATIS_ADMIN=42339, RATIS_SERVER=42339, STANDALONE=34977], networkLocation: /default-rack, certSerialId: null, persistedOpState: IN_SERVICE, persistedOpStateExpiryEpochSec: 0}, 885e77a2-4494-44f0-9ae6-a931be9fbaf0{ip: 10.1.0.31, host: fv-az151-432.yf2hydr00wburbhx3j5hxtcipe.bx.internal.cloudapp.net, ports: [REPLICATION=38673, RATIS=39235, RATIS_ADMIN=39235, RATIS_SERVER=39235, STANDALONE=34029], networkLocation: /default-rack, certSerialId: null, persistedOpState: IN_SERVICE, persistedOpStateExpiryEpochSec: 0}]
2021-10-06 14:02:45,003 [ReplicationMonitor] INFO  container.ReplicationManager (ReplicationManager.java:handleUnderReplicatedContainer(1163)) - Container #4 is under replicated. Expected replica count is 3, but found 2.
2021-10-06 14:02:45,003 [ReplicationMonitor] INFO  container.ReplicationManager (ReplicationManager.java:sendReplicateCommand(1515)) - Sending replicate container command for container #4 to datanode eba57d49-72f8-43a5-8775-56e708340c1b{ip: 10.1.0.31, host: fv-az151-432.yf2hydr00wburbhx3j5hxtcipe.bx.internal.cloudapp.net, ports: [REPLICATION=33349, RATIS=39081, RATIS_ADMIN=39081, RATIS_SERVER=39081, STANDALONE=38473], networkLocation: /default-rack, certSerialId: null, persistedOpState: IN_SERVICE, persistedOpStateExpiryEpochSec: 0} from datanodes [885e77a2-4494-44f0-9ae6-a931be9fbaf0{ip: 10.1.0.31, host: fv-az151-432.yf2hydr00wburbhx3j5hxtcipe.bx.internal.cloudapp.net, ports: [REPLICATION=38673, RATIS=39235, RATIS_ADMIN=39235, RATIS_SERVER=39235, STANDALONE=34029], networkLocation: /default-rack, certSerialId: null, persistedOpState: IN_SERVICE, persistedOpStateExpiryEpochSec: 0}, 55bc000a-ff09-4423-b291-4638aa8037bf{ip: 10.1.0.31, host: fv-az151-432.yf2hydr00wburbhx3j5hxtcipe.bx.internal.cloudapp.net, ports: [REPLICATION=38191, RATIS=42339, RATIS_ADMIN=42339, RATIS_SERVER=42339, STANDALONE=34977], networkLocation: /default-rack, certSerialId: null, persistedOpState: IN_SERVICE, persistedOpStateExpiryEpochSec: 0}]
2021-10-06 14:02:45,003 [ReplicationMonitor] INFO  container.ReplicationManager (ReplicationManager.java:handleUnderReplicatedContainer(1163)) - Container #5 is under replicated. Expected replica count is 3, but found 1.
2021-10-06 14:02:45,003 [ReplicationMonitor] INFO  container.ReplicationManager (ReplicationManager.java:sendReplicateCommand(1515)) - Sending replicate container command for container #5 to datanode 885e77a2-4494-44f0-9ae6-a931be9fbaf0{ip: 10.1.0.31, host: fv-az151-432.yf2hydr00wburbhx3j5hxtcipe.bx.internal.cloudapp.net, ports: [REPLICATION=38673, RATIS=39235, RATIS_ADMIN=39235, RATIS_SERVER=39235, STANDALONE=34029], networkLocation: /default-rack, certSerialId: null, persistedOpState: IN_SERVICE, persistedOpStateExpiryEpochSec: 0} from datanodes [eba57d49-72f8-43a5-8775-56e708340c1b{ip: 10.1.0.31, host: fv-az151-432.yf2hydr00wburbhx3j5hxtcipe.bx.internal.cloudapp.net, ports: [REPLICATION=33349, RATIS=39081, RATIS_ADMIN=39081, RATIS_SERVER=39081, STANDALONE=38473], networkLocation: /default-rack, certSerialId: null, persistedOpState: IN_SERVICE, persistedOpStateExpiryEpochSec: 0}]
2021-10-06 14:02:45,003 [ReplicationMonitor] INFO  container.ReplicationManager (ReplicationManager.java:sendReplicateCommand(1515)) - Sending replicate container command for container #5 to datanode 249940c5-a031-4d3d-9436-b49f1a8f2026{ip: 10.1.0.31, host: fv-az151-432.yf2hydr00wburbhx3j5hxtcipe.bx.internal.cloudapp.net, ports: [REPLICATION=45635, RATIS=38929, RATIS_ADMIN=38929, RATIS_SERVER=38929, STANDALONE=45495], networkLocation: /default-rack, certSerialId: null, persistedOpState: IN_SERVICE, persistedOpStateExpiryEpochSec: 0} from datanodes [eba57d49-72f8-43a5-8775-56e708340c1b{ip: 10.1.0.31, host: fv-az151-432.yf2hydr00wburbhx3j5hxtcipe.bx.internal.cloudapp.net, ports: [REPLICATION=33349, RATIS=39081, RATIS_ADMIN=39081, RATIS_SERVER=39081, STANDALONE=38473], networkLocation: /default-rack, certSerialId: null, persistedOpState: IN_SERVICE, persistedOpStateExpiryEpochSec: 0}]
2021-10-06 14:02:45,004 [ReplicationMonitor] INFO  container.ReplicationManager (ReplicationManager.java:handleUnderReplicatedContainer(1163)) - Container #6 is under replicated. Expected replica count is 3, but found 1.
2021-10-06 14:02:45,004 [ReplicationMonitor] INFO  container.ReplicationManager (ReplicationManager.java:sendReplicateCommand(1515)) - Sending replicate container command for container #6 to datanode 55bc000a-ff09-4423-b291-4638aa8037bf{ip: 10.1.0.31, host: fv-az151-432.yf2hydr00wburbhx3j5hxtcipe.bx.internal.cloudapp.net, ports: [REPLICATION=38191, RATIS=42339, RATIS_ADMIN=42339, RATIS_SERVER=42339, STANDALONE=34977], networkLocation: /default-rack, certSerialId: null, persistedOpState: IN_SERVICE, persistedOpStateExpiryEpochSec: 0} from datanodes [eba57d49-72f8-43a5-8775-56e708340c1b{ip: 10.1.0.31, host: fv-az151-432.yf2hydr00wburbhx3j5hxtcipe.bx.internal.cloudapp.net, ports: [REPLICATION=33349, RATIS=39081, RATIS_ADMIN=39081, RATIS_SERVER=39081, STANDALONE=38473], networkLocation: /default-rack, certSerialId: null, persistedOpState: IN_SERVICE, persistedOpStateExpiryEpochSec: 0}]
2021-10-06 14:02:45,004 [ReplicationMonitor] INFO  container.ReplicationManager (ReplicationManager.java:sendReplicateCommand(1515)) - Sending replicate container command for container #6 to datanode 249940c5-a031-4d3d-9436-b49f1a8f2026{ip: 10.1.0.31, host: fv-az151-432.yf2hydr00wburbhx3j5hxtcipe.bx.internal.cloudapp.net, ports: [REPLICATION=45635, RATIS=38929, RATIS_ADMIN=38929, RATIS_SERVER=38929, STANDALONE=45495], networkLocation: /default-rack, certSerialId: null, persistedOpState: IN_SERVICE, persistedOpStateExpiryEpochSec: 0} from datanodes [eba57d49-72f8-43a5-8775-56e708340c1b{ip: 10.1.0.31, host: fv-az151-432.yf2hydr00wburbhx3j5hxtcipe.bx.internal.cloudapp.net, ports: [REPLICATION=33349, RATIS=39081, RATIS_ADMIN=39081, RATIS_SERVER=39081, STANDALONE=38473], networkLocation: /default-rack, certSerialId: null, persistedOpState: IN_SERVICE, persistedOpStateExpiryEpochSec: 0}]
2021-10-06 14:02:45,004 [ReplicationMonitor] INFO  container.ReplicationManager (ReplicationManager.java:processAll(371)) - Replication Monitor Thread took 2 milliseconds for processing 6 containers.
2021-10-06 14:02:45,281 [EventQueue-PipelineReportForPipelineReportHandler] INFO  pipeline.PipelineReportHandler (PipelineReportHandler.java:processPipelineReport(113)) - Reported pipeline PipelineID=35aecc14-a595-4e6f-a3eb-219bc603866d is not found
2021-10-06 14:02:45,701 [Command processor thread] INFO  server.RaftServer (RaftServerProxy.java:remove(106)) - 249940c5-a031-4d3d-9436-b49f1a8f2026: remove  FOLLOWER 249940c5-a031-4d3d-9436-b49f1a8f2026@group-219BC603866D:t1, leader=c782936d-9565-45ba-9dd8-9919901bc660, voted=c782936d-9565-45ba-9dd8-9919901bc660, raftlog=249940c5-a031-4d3d-9436-b49f1a8f2026@group-219BC603866D-SegmentedRaftLog:OPENED:c0,f0,i0, conf=0: [c782936d-9565-45ba-9dd8-9919901bc660|rpc:10.1.0.31:42263|dataStream:|priority:1, eba57d49-72f8-43a5-8775-56e708340c1b|rpc:10.1.0.31:39081|dataStream:|priority:0, 249940c5-a031-4d3d-9436-b49f1a8f2026|rpc:10.1.0.31:38929|dataStream:|priority:0], old=null RUNNING
2021-10-06 14:02:45,701 [Command processor thread] INFO  server.RaftServer$Division (RaftServerImpl.java:lambda$close$4(407)) - 249940c5-a031-4d3d-9436-b49f1a8f2026@group-219BC603866D: shutdown
2021-10-06 14:02:45,702 [Command processor thread] INFO  util.JmxRegister (JmxRegister.java:unregister(73)) - Successfully un-registered JMX Bean with object name Ratis:service=RaftServer,group=group-219BC603866D,id=249940c5-a031-4d3d-9436-b49f1a8f2026
2021-10-06 14:02:45,702 [Command processor thread] INFO  impl.RoleInfo (RoleInfo.java:shutdownFollowerState(108)) - 249940c5-a031-4d3d-9436-b49f1a8f2026: shutdown 249940c5-a031-4d3d-9436-b49f1a8f2026@group-219BC603866D-FollowerState
2021-10-06 14:02:45,702 [Command processor thread] INFO  impl.StateMachineUpdater (StateMachineUpdater.java:stopAndJoin(149)) - 249940c5-a031-4d3d-9436-b49f1a8f2026@group-219BC603866D-StateMachineUpdater: set stopIndex = 0
2021-10-06 14:02:45,702 [249940c5-a031-4d3d-9436-b49f1a8f2026@group-219BC603866D-StateMachineUpdater] INFO  ratis.ContainerStateMachine (ContainerStateMachine.java:takeSnapshot(292)) - group-219BC603866D: Taking a snapshot at:(t:1, i:0) file /home/runner/work/ozone/ozone/hadoop-ozone/integration-test/target/test-dir/MiniOzoneClusterImpl-e1b1dc9b-a907-4b87-a397-076a7696e0a8/datanode-2/data/ratis/35aecc14-a595-4e6f-a3eb-219bc603866d/sm/snapshot.1_0
2021-10-06 14:02:45,705 [EventQueue-PipelineReportForPipelineReportHandler] INFO  pipeline.PipelineReportHandler (PipelineReportHandler.java:processPipelineReport(113)) - Reported pipeline PipelineID=35aecc14-a595-4e6f-a3eb-219bc603866d is not found
2021-10-06 14:02:45,702 [249940c5-a031-4d3d-9436-b49f1a8f2026@group-219BC603866D-FollowerState] INFO  impl.FollowerState (FollowerState.java:run(143)) - 249940c5-a031-4d3d-9436-b49f1a8f2026@group-219BC603866D-FollowerState was interrupted: {}
java.lang.InterruptedException: sleep interrupted
	at java.lang.Thread.sleep(Native Method)
	at java.lang.Thread.sleep(Thread.java:340)
	at java.util.concurrent.TimeUnit.sleep(TimeUnit.java:386)
	at org.apache.ratis.util.TimeDuration.sleep(TimeDuration.java:324)
	at org.apache.ratis.util.TimeDuration.sleep(TimeDuration.java:309)
	at org.apache.ratis.server.impl.FollowerState.run(FollowerState.java:118)
2021-10-06 14:02:45,707 [249940c5-a031-4d3d-9436-b49f1a8f2026@group-219BC603866D-StateMachineUpdater] INFO  ratis.ContainerStateMachine (ContainerStateMachine.java:takeSnapshot(303)) - group-219BC603866D: Finished taking a snapshot at:(t:1, i:0) file:/home/runner/work/ozone/ozone/hadoop-ozone/integration-test/target/test-dir/MiniOzoneClusterImpl-e1b1dc9b-a907-4b87-a397-076a7696e0a8/datanode-2/data/ratis/35aecc14-a595-4e6f-a3eb-219bc603866d/sm/snapshot.1_0 took: 5 ms
2021-10-06 14:02:45,707 [249940c5-a031-4d3d-9436-b49f1a8f2026@group-219BC603866D-StateMachineUpdater] INFO  impl.StateMachineUpdater (StateMachineUpdater.java:takeSnapshot(281)) - 249940c5-a031-4d3d-9436-b49f1a8f2026@group-219BC603866D-StateMachineUpdater: Took a snapshot at index 0
2021-10-06 14:02:45,707 [249940c5-a031-4d3d-9436-b49f1a8f2026@group-219BC603866D-StateMachineUpdater] INFO  impl.StateMachineUpdater (StateMachineUpdater.java:lambda$new$0(89)) - 249940c5-a031-4d3d-9436-b49f1a8f2026@group-219BC603866D-StateMachineUpdater: snapshotIndex: updateIncreasingly -1 -> 0
2021-10-06 14:02:45,719 [Command processor thread] INFO  server.RaftServer$Division (ServerState.java:close(419)) - 249940c5-a031-4d3d-9436-b49f1a8f2026@group-219BC603866D: closes. applyIndex: 0
2021-10-06 14:02:45,719 [249940c5-a031-4d3d-9436-b49f1a8f2026@group-219BC603866D-SegmentedRaftLogWorker] INFO  segmented.SegmentedRaftLogWorker (SegmentedRaftLogWorker.java:run(327)) - 249940c5-a031-4d3d-9436-b49f1a8f2026@group-219BC603866D-SegmentedRaftLogWorker was interrupted, exiting. There are 0 tasks remaining in the queue.
2021-10-06 14:02:45,719 [Command processor thread] INFO  segmented.SegmentedRaftLogWorker (SegmentedRaftLogWorker.java:close(237)) - 249940c5-a031-4d3d-9436-b49f1a8f2026@group-219BC603866D-SegmentedRaftLogWorker close()
2021-10-06 14:02:45,721 [Command processor thread] INFO  server.RaftServer$Division (RaftServerImpl.java:groupRemove(377)) - 249940c5-a031-4d3d-9436-b49f1a8f2026@group-219BC603866D: Succeed to remove RaftStorageDirectory Storage Directory /home/runner/work/ozone/ozone/hadoop-ozone/integration-test/target/test-dir/MiniOzoneClusterImpl-e1b1dc9b-a907-4b87-a397-076a7696e0a8/datanode-2/data/ratis/35aecc14-a595-4e6f-a3eb-219bc603866d
2021-10-06 14:02:45,721 [Command processor thread] INFO  commandhandler.ClosePipelineCommandHandler (ClosePipelineCommandHandler.java:handle(78)) - Close Pipeline PipelineID=35aecc14-a595-4e6f-a3eb-219bc603866d command on datanode 249940c5-a031-4d3d-9436-b49f1a8f2026.
2021-10-06 14:02:45,736 [ContainerReplicationThread-0] INFO  replication.DownloadAndImportReplicator (DownloadAndImportReplicator.java:replicate(106)) - Starting replication of container 3 from [55bc000a-ff09-4423-b291-4638aa8037bf{ip: 10.1.0.31, host: fv-az151-432.yf2hydr00wburbhx3j5hxtcipe.bx.internal.cloudapp.net, ports: [REPLICATION=38191, RATIS=42339, RATIS_ADMIN=42339, RATIS_SERVER=42339, STANDALONE=34977], networkLocation: /default-rack, certSerialId: null, persistedOpState: IN_SERVICE, persistedOpStateExpiryEpochSec: 0}, 885e77a2-4494-44f0-9ae6-a931be9fbaf0{ip: 10.1.0.31, host: fv-az151-432.yf2hydr00wburbhx3j5hxtcipe.bx.internal.cloudapp.net, ports: [REPLICATION=38673, RATIS=39235, RATIS_ADMIN=39235, RATIS_SERVER=39235, STANDALONE=34029], networkLocation: /default-rack, certSerialId: null, persistedOpState: IN_SERVICE, persistedOpStateExpiryEpochSec: 0}]
2021-10-06 14:02:45,748 [grpc-default-executor-3] INFO  replication.GrpcReplicationService (GrpcReplicationService.java:download(52)) - Streaming container data (3) to other datanode
2021-10-06 14:02:45,751 [ContainerReplicationThread-1] INFO  replication.DownloadAndImportReplicator (DownloadAndImportReplicator.java:replicate(106)) - Starting replication of container 5 from [eba57d49-72f8-43a5-8775-56e708340c1b{ip: 10.1.0.31, host: fv-az151-432.yf2hydr00wburbhx3j5hxtcipe.bx.internal.cloudapp.net, ports: [REPLICATION=33349, RATIS=39081, RATIS_ADMIN=39081, RATIS_SERVER=39081, STANDALONE=38473], networkLocation: /default-rack, certSerialId: null, persistedOpState: IN_SERVICE, persistedOpStateExpiryEpochSec: 0}]
2021-10-06 14:02:45,756 [EventQueue-PipelineReportForPipelineReportHandler] INFO  pipeline.PipelineReportHandler (PipelineReportHandler.java:processPipelineReport(113)) - Reported pipeline PipelineID=c2e7c4b3-1920-4e1e-8412-a03509089d80 is not found
2021-10-06 14:02:45,759 [grpc-default-executor-2] INFO  replication.GrpcReplicationService (GrpcReplicationService.java:download(52)) - Streaming container data (5) to other datanode
2021-10-06 14:02:45,765 [ContainerReplicationThread-2] INFO  replication.DownloadAndImportReplicator (DownloadAndImportReplicator.java:replicate(106)) - Starting replication of container 6 from [eba57d49-72f8-43a5-8775-56e708340c1b{ip: 10.1.0.31, host: fv-az151-432.yf2hydr00wburbhx3j5hxtcipe.bx.internal.cloudapp.net, ports: [REPLICATION=33349, RATIS=39081, RATIS_ADMIN=39081, RATIS_SERVER=39081, STANDALONE=38473], networkLocation: /default-rack, certSerialId: null, persistedOpState: IN_SERVICE, persistedOpStateExpiryEpochSec: 0}]
2021-10-06 14:02:45,772 [grpc-default-executor-0] INFO  replication.GrpcReplicationService (GrpcReplicationService.java:download(52)) - Streaming container data (6) to other datanode
2021-10-06 14:02:45,786 [grpc-default-executor-3] INFO  replication.GrpcOutputStream (GrpcOutputStream.java:close(104)) - Sent 19214 bytes for container 3
2021-10-06 14:02:45,787 [grpc-default-executor-1] INFO  replication.GrpcReplicationClient (GrpcReplicationClient.java:onCompleted(187)) - Container 3 is downloaded to /home/runner/work/ozone/ozone/hadoop-ozone/integration-test/target/test-dir/MiniOzoneClusterImpl-e1b1dc9b-a907-4b87-a397-076a7696e0a8/datanode-2/data/replication/work/container-3.tar.gz
2021-10-06 14:02:45,790 [ContainerReplicationThread-0] INFO  replication.DownloadAndImportReplicator (DownloadAndImportReplicator.java:replicate(121)) - Container 3 is downloaded with size 19214, starting to import.
2021-10-06 14:02:45,827 [ContainerReplicationThread-0] INFO  replication.DownloadAndImportReplicator (DownloadAndImportReplicator.java:replicate(126)) - Container 3 is replicated successfully
2021-10-06 14:02:45,828 [ContainerReplicationThread-0] INFO  replication.ReplicationSupervisor (ReplicationSupervisor.java:run(169)) - Container 3 is replicated.
2021-10-06 14:02:45,828 [Datanode State Machine Thread - 0] WARN  statemachine.StateContext (StateContext.java:execute(621)) - No available thread in pool for past 1 seconds.
2021-10-06 14:02:45,863 [grpc-default-executor-2] INFO  replication.GrpcOutputStream (GrpcOutputStream.java:close(104)) - Sent 19150 bytes for container 5
2021-10-06 14:02:45,865 [grpc-default-executor-3] INFO  replication.GrpcReplicationClient (GrpcReplicationClient.java:onCompleted(187)) - Container 5 is downloaded to /home/runner/work/ozone/ozone/hadoop-ozone/integration-test/target/test-dir/MiniOzoneClusterImpl-e1b1dc9b-a907-4b87-a397-076a7696e0a8/datanode-2/data/replication/work/container-5.tar.gz
2021-10-06 14:02:45,871 [ContainerReplicationThread-1] INFO  replication.DownloadAndImportReplicator (DownloadAndImportReplicator.java:replicate(121)) - Container 5 is downloaded with size 19150, starting to import.
2021-10-06 14:02:45,920 [ContainerReplicationThread-1] INFO  replication.DownloadAndImportReplicator (DownloadAndImportReplicator.java:replicate(126)) - Container 5 is replicated successfully
2021-10-06 14:02:45,921 [ContainerReplicationThread-1] INFO  replication.ReplicationSupervisor (ReplicationSupervisor.java:run(169)) - Container 5 is replicated.
2021-10-06 14:02:45,923 [Datanode State Machine Thread - 0] WARN  statemachine.StateContext (StateContext.java:execute(621)) - No available thread in pool for past 1 seconds.
2021-10-06 14:02:45,940 [grpc-default-executor-0] INFO  replication.GrpcOutputStream (GrpcOutputStream.java:close(104)) - Sent 19700 bytes for container 6
2021-10-06 14:02:45,940 [grpc-default-executor-2] INFO  replication.GrpcReplicationClient (GrpcReplicationClient.java:onCompleted(187)) - Container 6 is downloaded to /home/runner/work/ozone/ozone/hadoop-ozone/integration-test/target/test-dir/MiniOzoneClusterImpl-e1b1dc9b-a907-4b87-a397-076a7696e0a8/datanode-2/data/replication/work/container-6.tar.gz
2021-10-06 14:02:45,950 [ContainerReplicationThread-2] INFO  replication.DownloadAndImportReplicator (DownloadAndImportReplicator.java:replicate(121)) - Container 6 is downloaded with size 19700, starting to import.
2021-10-06 14:02:46,007 [ReplicationMonitor] INFO  container.ReplicationManager (ReplicationManager.java:processAll(371)) - Replication Monitor Thread took 1 milliseconds for processing 6 containers.
2021-10-06 14:02:46,049 [ContainerReplicationThread-2] INFO  replication.DownloadAndImportReplicator (DownloadAndImportReplicator.java:replicate(126)) - Container 6 is replicated successfully
2021-10-06 14:02:46,049 [ContainerReplicationThread-2] INFO  replication.ReplicationSupervisor (ReplicationSupervisor.java:run(169)) - Container 6 is replicated.
2021-10-06 14:02:46,049 [Datanode State Machine Thread - 0] WARN  statemachine.StateContext (StateContext.java:execute(621)) - No available thread in pool for past 1 seconds.
2021-10-06 14:02:46,280 [Command processor thread] INFO  server.RaftServer (RaftServerProxy.java:remove(106)) - eba57d49-72f8-43a5-8775-56e708340c1b: remove  FOLLOWER eba57d49-72f8-43a5-8775-56e708340c1b@group-219BC603866D:t1, leader=c782936d-9565-45ba-9dd8-9919901bc660, voted=c782936d-9565-45ba-9dd8-9919901bc660, raftlog=eba57d49-72f8-43a5-8775-56e708340c1b@group-219BC603866D-SegmentedRaftLog:OPENED:c0,f0,i0, conf=0: [c782936d-9565-45ba-9dd8-9919901bc660|rpc:10.1.0.31:42263|dataStream:|priority:1, eba57d49-72f8-43a5-8775-56e708340c1b|rpc:10.1.0.31:39081|dataStream:|priority:0, 249940c5-a031-4d3d-9436-b49f1a8f2026|rpc:10.1.0.31:38929|dataStream:|priority:0], old=null RUNNING
2021-10-06 14:02:46,280 [Command processor thread] INFO  server.RaftServer$Division (RaftServerImpl.java:lambda$close$4(407)) - eba57d49-72f8-43a5-8775-56e708340c1b@group-219BC603866D: shutdown
2021-10-06 14:02:46,281 [Command processor thread] INFO  util.JmxRegister (JmxRegister.java:unregister(73)) - Successfully un-registered JMX Bean with object name Ratis:service=RaftServer,group=group-219BC603866D,id=eba57d49-72f8-43a5-8775-56e708340c1b
2021-10-06 14:02:46,281 [Command processor thread] INFO  impl.RoleInfo (RoleInfo.java:shutdownFollowerState(108)) - eba57d49-72f8-43a5-8775-56e708340c1b: shutdown eba57d49-72f8-43a5-8775-56e708340c1b@group-219BC603866D-FollowerState
2021-10-06 14:02:46,281 [Command processor thread] INFO  impl.StateMachineUpdater (StateMachineUpdater.java:stopAndJoin(149)) - eba57d49-72f8-43a5-8775-56e708340c1b@group-219BC603866D-StateMachineUpdater: set stopIndex = 0
2021-10-06 14:02:46,281 [eba57d49-72f8-43a5-8775-56e708340c1b@group-219BC603866D-FollowerState] INFO  impl.FollowerState (FollowerState.java:run(143)) - eba57d49-72f8-43a5-8775-56e708340c1b@group-219BC603866D-FollowerState was interrupted: {}
java.lang.InterruptedException: sleep interrupted
	at java.lang.Thread.sleep(Native Method)
	at java.lang.Thread.sleep(Thread.java:340)
	at java.util.concurrent.TimeUnit.sleep(TimeUnit.java:386)
	at org.apache.ratis.util.TimeDuration.sleep(TimeDuration.java:324)
	at org.apache.ratis.util.TimeDuration.sleep(TimeDuration.java:309)
	at org.apache.ratis.server.impl.FollowerState.run(FollowerState.java:118)
2021-10-06 14:02:46,281 [eba57d49-72f8-43a5-8775-56e708340c1b@group-219BC603866D-StateMachineUpdater] INFO  ratis.ContainerStateMachine (ContainerStateMachine.java:takeSnapshot(292)) - group-219BC603866D: Taking a snapshot at:(t:1, i:0) file /home/runner/work/ozone/ozone/hadoop-ozone/integration-test/target/test-dir/MiniOzoneClusterImpl-e1b1dc9b-a907-4b87-a397-076a7696e0a8/datanode-0/data/ratis/35aecc14-a595-4e6f-a3eb-219bc603866d/sm/snapshot.1_0
2021-10-06 14:02:46,282 [eba57d49-72f8-43a5-8775-56e708340c1b@group-219BC603866D-StateMachineUpdater] INFO  ratis.ContainerStateMachine (ContainerStateMachine.java:takeSnapshot(303)) - group-219BC603866D: Finished taking a snapshot at:(t:1, i:0) file:/home/runner/work/ozone/ozone/hadoop-ozone/integration-test/target/test-dir/MiniOzoneClusterImpl-e1b1dc9b-a907-4b87-a397-076a7696e0a8/datanode-0/data/ratis/35aecc14-a595-4e6f-a3eb-219bc603866d/sm/snapshot.1_0 took: 2 ms
2021-10-06 14:02:46,283 [eba57d49-72f8-43a5-8775-56e708340c1b@group-219BC603866D-StateMachineUpdater] INFO  impl.StateMachineUpdater (StateMachineUpdater.java:takeSnapshot(281)) - eba57d49-72f8-43a5-8775-56e708340c1b@group-219BC603866D-StateMachineUpdater: Took a snapshot at index 0
2021-10-06 14:02:46,283 [eba57d49-72f8-43a5-8775-56e708340c1b@group-219BC603866D-StateMachineUpdater] INFO  impl.StateMachineUpdater (StateMachineUpdater.java:lambda$new$0(89)) - eba57d49-72f8-43a5-8775-56e708340c1b@group-219BC603866D-StateMachineUpdater: snapshotIndex: updateIncreasingly -1 -> 0
2021-10-06 14:02:46,283 [Command processor thread] INFO  server.RaftServer$Division (ServerState.java:close(419)) - eba57d49-72f8-43a5-8775-56e708340c1b@group-219BC603866D: closes. applyIndex: 0
2021-10-06 14:02:46,283 [eba57d49-72f8-43a5-8775-56e708340c1b@group-219BC603866D-SegmentedRaftLogWorker] INFO  segmented.SegmentedRaftLogWorker (SegmentedRaftLogWorker.java:run(327)) - eba57d49-72f8-43a5-8775-56e708340c1b@group-219BC603866D-SegmentedRaftLogWorker was interrupted, exiting. There are 0 tasks remaining in the queue.
2021-10-06 14:02:46,283 [Command processor thread] INFO  segmented.SegmentedRaftLogWorker (SegmentedRaftLogWorker.java:close(237)) - eba57d49-72f8-43a5-8775-56e708340c1b@group-219BC603866D-SegmentedRaftLogWorker close()
2021-10-06 14:02:46,285 [Command processor thread] INFO  server.RaftServer$Division (RaftServerImpl.java:groupRemove(377)) - eba57d49-72f8-43a5-8775-56e708340c1b@group-219BC603866D: Succeed to remove RaftStorageDirectory Storage Directory /home/runner/work/ozone/ozone/hadoop-ozone/integration-test/target/test-dir/MiniOzoneClusterImpl-e1b1dc9b-a907-4b87-a397-076a7696e0a8/datanode-0/data/ratis/35aecc14-a595-4e6f-a3eb-219bc603866d
2021-10-06 14:02:46,285 [Command processor thread] INFO  commandhandler.ClosePipelineCommandHandler (ClosePipelineCommandHandler.java:handle(78)) - Close Pipeline PipelineID=35aecc14-a595-4e6f-a3eb-219bc603866d command on datanode eba57d49-72f8-43a5-8775-56e708340c1b.
2021-10-06 14:02:46,286 [ContainerReplicationThread-0] INFO  replication.DownloadAndImportReplicator (DownloadAndImportReplicator.java:replicate(106)) - Starting replication of container 2 from [885e77a2-4494-44f0-9ae6-a931be9fbaf0{ip: 10.1.0.31, host: fv-az151-432.yf2hydr00wburbhx3j5hxtcipe.bx.internal.cloudapp.net, ports: [REPLICATION=38673, RATIS=39235, RATIS_ADMIN=39235, RATIS_SERVER=39235, STANDALONE=34029], networkLocation: /default-rack, certSerialId: null, persistedOpState: IN_SERVICE, persistedOpStateExpiryEpochSec: 0}, 55bc000a-ff09-4423-b291-4638aa8037bf{ip: 10.1.0.31, host: fv-az151-432.yf2hydr00wburbhx3j5hxtcipe.bx.internal.cloudapp.net, ports: [REPLICATION=38191, RATIS=42339, RATIS_ADMIN=42339, RATIS_SERVER=42339, STANDALONE=34977], networkLocation: /default-rack, certSerialId: null, persistedOpState: IN_SERVICE, persistedOpStateExpiryEpochSec: 0}]
2021-10-06 14:02:46,301 [grpc-default-executor-0] INFO  replication.GrpcReplicationService (GrpcReplicationService.java:download(52)) - Streaming container data (2) to other datanode
2021-10-06 14:02:46,309 [grpc-default-executor-0] INFO  replication.GrpcOutputStream (GrpcOutputStream.java:close(104)) - Sent 19185 bytes for container 2
2021-10-06 14:02:46,309 [grpc-default-executor-2] INFO  replication.GrpcReplicationClient (GrpcReplicationClient.java:onCompleted(187)) - Container 2 is downloaded to /home/runner/work/ozone/ozone/hadoop-ozone/integration-test/target/test-dir/MiniOzoneClusterImpl-e1b1dc9b-a907-4b87-a397-076a7696e0a8/datanode-0/data/replication/work/container-2.tar.gz
2021-10-06 14:02:46,315 [ContainerReplicationThread-1] INFO  replication.DownloadAndImportReplicator (DownloadAndImportReplicator.java:replicate(106)) - Starting replication of container 4 from [885e77a2-4494-44f0-9ae6-a931be9fbaf0{ip: 10.1.0.31, host: fv-az151-432.yf2hydr00wburbhx3j5hxtcipe.bx.internal.cloudapp.net, ports: [REPLICATION=38673, RATIS=39235, RATIS_ADMIN=39235, RATIS_SERVER=39235, STANDALONE=34029], networkLocation: /default-rack, certSerialId: null, persistedOpState: IN_SERVICE, persistedOpStateExpiryEpochSec: 0}, 55bc000a-ff09-4423-b291-4638aa8037bf{ip: 10.1.0.31, host: fv-az151-432.yf2hydr00wburbhx3j5hxtcipe.bx.internal.cloudapp.net, ports: [REPLICATION=38191, RATIS=42339, RATIS_ADMIN=42339, RATIS_SERVER=42339, STANDALONE=34977], networkLocation: /default-rack, certSerialId: null, persistedOpState: IN_SERVICE, persistedOpStateExpiryEpochSec: 0}]
2021-10-06 14:02:46,332 [ContainerReplicationThread-0] INFO  replication.DownloadAndImportReplicator (DownloadAndImportReplicator.java:replicate(121)) - Container 2 is downloaded with size 19185, starting to import.
2021-10-06 14:02:46,334 [grpc-default-executor-2] INFO  replication.GrpcReplicationService (GrpcReplicationService.java:download(52)) - Streaming container data (4) to other datanode
2021-10-06 14:02:46,375 [grpc-default-executor-2] INFO  replication.GrpcOutputStream (GrpcOutputStream.java:close(104)) - Sent 17156 bytes for container 4
2021-10-06 14:02:46,378 [grpc-default-executor-2] INFO  replication.GrpcReplicationClient (GrpcReplicationClient.java:onCompleted(187)) - Container 4 is downloaded to /home/runner/work/ozone/ozone/hadoop-ozone/integration-test/target/test-dir/MiniOzoneClusterImpl-e1b1dc9b-a907-4b87-a397-076a7696e0a8/datanode-0/data/replication/work/container-4.tar.gz
2021-10-06 14:02:46,385 [ContainerReplicationThread-1] INFO  replication.DownloadAndImportReplicator (DownloadAndImportReplicator.java:replicate(121)) - Container 4 is downloaded with size 17156, starting to import.
2021-10-06 14:02:46,397 [ContainerReplicationThread-0] INFO  replication.DownloadAndImportReplicator (DownloadAndImportReplicator.java:replicate(126)) - Container 2 is replicated successfully
2021-10-06 14:02:46,397 [ContainerReplicationThread-0] INFO  replication.ReplicationSupervisor (ReplicationSupervisor.java:run(169)) - Container 2 is replicated.
2021-10-06 14:02:46,397 [Datanode State Machine Thread - 0] WARN  statemachine.StateContext (StateContext.java:execute(621)) - No available thread in pool for past 1 seconds.
2021-10-06 14:02:46,456 [Command processor thread] INFO  server.RaftServer (RaftServerProxy.java:remove(106)) - 55bc000a-ff09-4423-b291-4638aa8037bf: remove  FOLLOWER 55bc000a-ff09-4423-b291-4638aa8037bf@group-A03509089D80:t3, leader=885e77a2-4494-44f0-9ae6-a931be9fbaf0, voted=885e77a2-4494-44f0-9ae6-a931be9fbaf0, raftlog=55bc000a-ff09-4423-b291-4638aa8037bf@group-A03509089D80-SegmentedRaftLog:OPENED:c48,f49,i49, conf=0: [885e77a2-4494-44f0-9ae6-a931be9fbaf0|rpc:10.1.0.31:39235|dataStream:|priority:1, 55bc000a-ff09-4423-b291-4638aa8037bf|rpc:10.1.0.31:42339|dataStream:|priority:0, 34248510-5d60-48c0-8326-c047c80e04d0|rpc:10.1.0.31:36963|dataStream:|priority:0], old=null RUNNING
2021-10-06 14:02:46,456 [Command processor thread] INFO  server.RaftServer$Division (RaftServerImpl.java:lambda$close$4(407)) - 55bc000a-ff09-4423-b291-4638aa8037bf@group-A03509089D80: shutdown
2021-10-06 14:02:46,456 [Command processor thread] INFO  util.JmxRegister (JmxRegister.java:unregister(73)) - Successfully un-registered JMX Bean with object name Ratis:service=RaftServer,group=group-A03509089D80,id=55bc000a-ff09-4423-b291-4638aa8037bf
2021-10-06 14:02:46,456 [Command processor thread] INFO  impl.RoleInfo (RoleInfo.java:shutdownFollowerState(108)) - 55bc000a-ff09-4423-b291-4638aa8037bf: shutdown 55bc000a-ff09-4423-b291-4638aa8037bf@group-A03509089D80-FollowerState
2021-10-06 14:02:46,457 [Command processor thread] INFO  impl.StateMachineUpdater (StateMachineUpdater.java:stopAndJoin(149)) - 55bc000a-ff09-4423-b291-4638aa8037bf@group-A03509089D80-StateMachineUpdater: set stopIndex = 48
2021-10-06 14:02:46,457 [55bc000a-ff09-4423-b291-4638aa8037bf@group-A03509089D80-FollowerState] INFO  impl.FollowerState (FollowerState.java:run(143)) - 55bc000a-ff09-4423-b291-4638aa8037bf@group-A03509089D80-FollowerState was interrupted: {}
java.lang.InterruptedException: sleep interrupted
	at java.lang.Thread.sleep(Native Method)
	at java.lang.Thread.sleep(Thread.java:340)
	at java.util.concurrent.TimeUnit.sleep(TimeUnit.java:386)
	at org.apache.ratis.util.TimeDuration.sleep(TimeDuration.java:324)
	at org.apache.ratis.util.TimeDuration.sleep(TimeDuration.java:309)
	at org.apache.ratis.server.impl.FollowerState.run(FollowerState.java:118)
2021-10-06 14:02:46,457 [55bc000a-ff09-4423-b291-4638aa8037bf@group-A03509089D80-StateMachineUpdater] INFO  ratis.ContainerStateMachine (ContainerStateMachine.java:takeSnapshot(292)) - group-A03509089D80: Taking a snapshot at:(t:3, i:48) file /home/runner/work/ozone/ozone/hadoop-ozone/integration-test/target/test-dir/MiniOzoneClusterImpl-e1b1dc9b-a907-4b87-a397-076a7696e0a8/datanode-5/data/ratis/c2e7c4b3-1920-4e1e-8412-a03509089d80/sm/snapshot.3_48
2021-10-06 14:02:46,458 [55bc000a-ff09-4423-b291-4638aa8037bf@group-A03509089D80-StateMachineUpdater] INFO  ratis.ContainerStateMachine (ContainerStateMachine.java:takeSnapshot(303)) - group-A03509089D80: Finished taking a snapshot at:(t:3, i:48) file:/home/runner/work/ozone/ozone/hadoop-ozone/integration-test/target/test-dir/MiniOzoneClusterImpl-e1b1dc9b-a907-4b87-a397-076a7696e0a8/datanode-5/data/ratis/c2e7c4b3-1920-4e1e-8412-a03509089d80/sm/snapshot.3_48 took: 1 ms
2021-10-06 14:02:46,458 [55bc000a-ff09-4423-b291-4638aa8037bf@group-A03509089D80-StateMachineUpdater] INFO  impl.StateMachineUpdater (StateMachineUpdater.java:takeSnapshot(281)) - 55bc000a-ff09-4423-b291-4638aa8037bf@group-A03509089D80-StateMachineUpdater: Took a snapshot at index 48
2021-10-06 14:02:46,458 [55bc000a-ff09-4423-b291-4638aa8037bf@group-A03509089D80-StateMachineUpdater] INFO  impl.StateMachineUpdater (StateMachineUpdater.java:lambda$new$0(89)) - 55bc000a-ff09-4423-b291-4638aa8037bf@group-A03509089D80-StateMachineUpdater: snapshotIndex: updateIncreasingly -1 -> 48
2021-10-06 14:02:46,459 [Command processor thread] INFO  server.RaftServer$Division (ServerState.java:close(419)) - 55bc000a-ff09-4423-b291-4638aa8037bf@group-A03509089D80: closes. applyIndex: 48
2021-10-06 14:02:46,460 [55bc000a-ff09-4423-b291-4638aa8037bf@group-A03509089D80-SegmentedRaftLogWorker] INFO  segmented.SegmentedRaftLogWorker (SegmentedRaftLogWorker.java:run(327)) - 55bc000a-ff09-4423-b291-4638aa8037bf@group-A03509089D80-SegmentedRaftLogWorker was interrupted, exiting. There are 0 tasks remaining in the queue.
2021-10-06 14:02:46,460 [Command processor thread] INFO  segmented.SegmentedRaftLogWorker (SegmentedRaftLogWorker.java:close(237)) - 55bc000a-ff09-4423-b291-4638aa8037bf@group-A03509089D80-SegmentedRaftLogWorker close()
2021-10-06 14:02:46,460 [Command processor thread] INFO  server.RaftServer$Division (RaftServerImpl.java:groupRemove(377)) - 55bc000a-ff09-4423-b291-4638aa8037bf@group-A03509089D80: Succeed to remove RaftStorageDirectory Storage Directory /home/runner/work/ozone/ozone/hadoop-ozone/integration-test/target/test-dir/MiniOzoneClusterImpl-e1b1dc9b-a907-4b87-a397-076a7696e0a8/datanode-5/data/ratis/c2e7c4b3-1920-4e1e-8412-a03509089d80
2021-10-06 14:02:46,461 [Command processor thread] INFO  commandhandler.ClosePipelineCommandHandler (ClosePipelineCommandHandler.java:handle(78)) - Close Pipeline PipelineID=c2e7c4b3-1920-4e1e-8412-a03509089d80 command on datanode 55bc000a-ff09-4423-b291-4638aa8037bf.
2021-10-06 14:02:46,480 [ContainerReplicationThread-2] INFO  replication.DownloadAndImportReplicator (DownloadAndImportReplicator.java:replicate(106)) - Starting replication of container 1 from [eba57d49-72f8-43a5-8775-56e708340c1b{ip: 10.1.0.31, host: fv-az151-432.yf2hydr00wburbhx3j5hxtcipe.bx.internal.cloudapp.net, ports: [REPLICATION=33349, RATIS=39081, RATIS_ADMIN=39081, RATIS_SERVER=39081, STANDALONE=38473], networkLocation: /default-rack, certSerialId: null, persistedOpState: IN_SERVICE, persistedOpStateExpiryEpochSec: 0}]
2021-10-06 14:02:46,488 [grpc-default-executor-2] INFO  replication.GrpcReplicationService (GrpcReplicationService.java:download(52)) - Streaming container data (1) to other datanode
2021-10-06 14:02:46,502 [ContainerReplicationThread-1] INFO  replication.DownloadAndImportReplicator (DownloadAndImportReplicator.java:replicate(126)) - Container 4 is replicated successfully
2021-10-06 14:02:46,502 [ContainerReplicationThread-1] INFO  replication.ReplicationSupervisor (ReplicationSupervisor.java:run(169)) - Container 4 is replicated.
2021-10-06 14:02:46,502 [Datanode State Machine Thread - 0] WARN  statemachine.StateContext (StateContext.java:execute(621)) - No available thread in pool for past 1 seconds.
2021-10-06 14:02:46,502 [ContainerReplicationThread-3] INFO  replication.DownloadAndImportReplicator (DownloadAndImportReplicator.java:replicate(106)) - Starting replication of container 6 from [eba57d49-72f8-43a5-8775-56e708340c1b{ip: 10.1.0.31, host: fv-az151-432.yf2hydr00wburbhx3j5hxtcipe.bx.internal.cloudapp.net, ports: [REPLICATION=33349, RATIS=39081, RATIS_ADMIN=39081, RATIS_SERVER=39081, STANDALONE=38473], networkLocation: /default-rack, certSerialId: null, persistedOpState: IN_SERVICE, persistedOpStateExpiryEpochSec: 0}]
2021-10-06 14:02:46,507 [grpc-default-executor-0] INFO  replication.GrpcReplicationService (GrpcReplicationService.java:download(52)) - Streaming container data (6) to other datanode
2021-10-06 14:02:46,587 [grpc-default-executor-0] INFO  replication.GrpcOutputStream (GrpcOutputStream.java:close(104)) - Sent 23885 bytes for container 6
2021-10-06 14:02:46,597 [grpc-default-executor-0] INFO  replication.GrpcReplicationClient (GrpcReplicationClient.java:onCompleted(187)) - Container 6 is downloaded to /home/runner/work/ozone/ozone/hadoop-ozone/integration-test/target/test-dir/MiniOzoneClusterImpl-e1b1dc9b-a907-4b87-a397-076a7696e0a8/datanode-5/data/replication/work/container-6.tar.gz
2021-10-06 14:02:46,605 [ContainerReplicationThread-3] INFO  replication.DownloadAndImportReplicator (DownloadAndImportReplicator.java:replicate(121)) - Container 6 is downloaded with size 23885, starting to import.
2021-10-06 14:02:46,626 [grpc-default-executor-2] INFO  replication.GrpcOutputStream (GrpcOutputStream.java:close(104)) - Sent 17154 bytes for container 1
2021-10-06 14:02:46,626 [grpc-default-executor-0] INFO  replication.GrpcReplicationClient (GrpcReplicationClient.java:onCompleted(187)) - Container 1 is downloaded to /home/runner/work/ozone/ozone/hadoop-ozone/integration-test/target/test-dir/MiniOzoneClusterImpl-e1b1dc9b-a907-4b87-a397-076a7696e0a8/datanode-5/data/replication/work/container-1.tar.gz
2021-10-06 14:02:46,630 [ContainerReplicationThread-2] INFO  replication.DownloadAndImportReplicator (DownloadAndImportReplicator.java:replicate(121)) - Container 1 is downloaded with size 17154, starting to import.
2021-10-06 14:02:46,678 [ContainerReplicationThread-3] INFO  replication.DownloadAndImportReplicator (DownloadAndImportReplicator.java:replicate(126)) - Container 6 is replicated successfully
2021-10-06 14:02:46,679 [Datanode State Machine Thread - 0] WARN  statemachine.StateContext (StateContext.java:execute(621)) - No available thread in pool for past 1 seconds.
2021-10-06 14:02:46,679 [ContainerReplicationThread-3] INFO  replication.ReplicationSupervisor (ReplicationSupervisor.java:run(169)) - Container 6 is replicated.
2021-10-06 14:02:46,685 [EventQueue-PipelineReportForPipelineReportHandler] INFO  pipeline.PipelineReportHandler (PipelineReportHandler.java:processPipelineReport(113)) - Reported pipeline PipelineID=c2e7c4b3-1920-4e1e-8412-a03509089d80 is not found
2021-10-06 14:02:46,694 [ContainerReplicationThread-2] INFO  replication.DownloadAndImportReplicator (DownloadAndImportReplicator.java:replicate(126)) - Container 1 is replicated successfully
2021-10-06 14:02:46,695 [ContainerReplicationThread-2] INFO  replication.ReplicationSupervisor (ReplicationSupervisor.java:run(169)) - Container 1 is replicated.
2021-10-06 14:02:46,717 [ContainerReplicationThread-1] INFO  replication.DownloadAndImportReplicator (DownloadAndImportReplicator.java:replicate(106)) - Starting replication of container 1 from [eba57d49-72f8-43a5-8775-56e708340c1b{ip: 10.1.0.31, host: fv-az151-432.yf2hydr00wburbhx3j5hxtcipe.bx.internal.cloudapp.net, ports: [REPLICATION=33349, RATIS=39081, RATIS_ADMIN=39081, RATIS_SERVER=39081, STANDALONE=38473], networkLocation: /default-rack, certSerialId: null, persistedOpState: IN_SERVICE, persistedOpStateExpiryEpochSec: 0}]
2021-10-06 14:02:46,730 [ContainerReplicationThread-2] INFO  replication.DownloadAndImportReplicator (DownloadAndImportReplicator.java:replicate(106)) - Starting replication of container 5 from [eba57d49-72f8-43a5-8775-56e708340c1b{ip: 10.1.0.31, host: fv-az151-432.yf2hydr00wburbhx3j5hxtcipe.bx.internal.cloudapp.net, ports: [REPLICATION=33349, RATIS=39081, RATIS_ADMIN=39081, RATIS_SERVER=39081, STANDALONE=38473], networkLocation: /default-rack, certSerialId: null, persistedOpState: IN_SERVICE, persistedOpStateExpiryEpochSec: 0}]
2021-10-06 14:02:46,748 [grpc-default-executor-0] INFO  replication.GrpcReplicationService (GrpcReplicationService.java:download(52)) - Streaming container data (1) to other datanode
2021-10-06 14:02:46,751 [grpc-default-executor-3] INFO  replication.GrpcReplicationService (GrpcReplicationService.java:download(52)) - Streaming container data (5) to other datanode
2021-10-06 14:02:46,832 [grpc-default-executor-3] INFO  replication.GrpcOutputStream (GrpcOutputStream.java:close(104)) - Sent 23869 bytes for container 5
2021-10-06 14:02:46,833 [grpc-default-executor-1] INFO  replication.GrpcReplicationClient (GrpcReplicationClient.java:onCompleted(187)) - Container 5 is downloaded to /home/runner/work/ozone/ozone/hadoop-ozone/integration-test/target/test-dir/MiniOzoneClusterImpl-e1b1dc9b-a907-4b87-a397-076a7696e0a8/datanode-4/data/replication/work/container-5.tar.gz
2021-10-06 14:02:46,834 [ContainerReplicationThread-2] INFO  replication.DownloadAndImportReplicator (DownloadAndImportReplicator.java:replicate(121)) - Container 5 is downloaded with size 23869, starting to import.
2021-10-06 14:02:46,841 [grpc-default-executor-0] INFO  replication.GrpcOutputStream (GrpcOutputStream.java:close(104)) - Sent 23165 bytes for container 1
2021-10-06 14:02:46,849 [grpc-default-executor-3] INFO  replication.GrpcReplicationClient (GrpcReplicationClient.java:onCompleted(187)) - Container 1 is downloaded to /home/runner/work/ozone/ozone/hadoop-ozone/integration-test/target/test-dir/MiniOzoneClusterImpl-e1b1dc9b-a907-4b87-a397-076a7696e0a8/datanode-4/data/replication/work/container-1.tar.gz
2021-10-06 14:02:46,853 [ContainerReplicationThread-1] INFO  replication.DownloadAndImportReplicator (DownloadAndImportReplicator.java:replicate(121)) - Container 1 is downloaded with size 23165, starting to import.
2021-10-06 14:02:46,860 [Mini-Cluster-Provider-Reap] INFO  statemachine.DatanodeStateMachine (DatanodeStateMachine.java:stopDaemon(515)) - Ozone container server stopped.
2021-10-06 14:02:46,860 [ForkJoinPool.commonPool-worker-1] INFO  statemachine.DatanodeStateMachine (DatanodeStateMachine.java:stopDaemon(515)) - Ozone container server stopped.
2021-10-06 14:02:46,868 [Mini-Cluster-Provider-Reap] INFO  handler.ContextHandler (ContextHandler.java:doStop(1153)) - Stopped o.e.j.w.WebAppContext@442076b9{hddsDatanode,/,null,STOPPED}{jar:file:/home/runner/.m2/repository/org/apache/ozone/hdds-container-service/1.2.0-SNAPSHOT/hdds-container-service-1.2.0-SNAPSHOT.jar!/webapps/hddsDatanode}
2021-10-06 14:02:46,880 [ForkJoinPool.commonPool-worker-1] INFO  handler.ContextHandler (ContextHandler.java:doStop(1153)) - Stopped o.e.j.w.WebAppContext@466ea356{hddsDatanode,/,null,STOPPED}{jar:file:/home/runner/.m2/repository/org/apache/ozone/hdds-container-service/1.2.0-SNAPSHOT/hdds-container-service-1.2.0-SNAPSHOT.jar!/webapps/hddsDatanode}
2021-10-06 14:02:46,881 [ForkJoinPool.commonPool-worker-1] INFO  server.AbstractConnector (AbstractConnector.java:doStop(381)) - Stopped ServerConnector@2e5a20b6{HTTP/1.1, (http/1.1)}{0.0.0.0:0}
2021-10-06 14:02:46,881 [ForkJoinPool.commonPool-worker-1] INFO  server.session (HouseKeeper.java:stopScavenging(149)) - node0 Stopped scavenging
2021-10-06 14:02:46,881 [ForkJoinPool.commonPool-worker-1] INFO  handler.ContextHandler (ContextHandler.java:doStop(1153)) - Stopped o.e.j.s.ServletContextHandler@326ca21d{static,/static,jar:file:/home/runner/.m2/repository/org/apache/ozone/hdds-container-service/1.2.0-SNAPSHOT/hdds-container-service-1.2.0-SNAPSHOT.jar!/webapps/static,STOPPED}
2021-10-06 14:02:46,881 [ForkJoinPool.commonPool-worker-1] INFO  handler.ContextHandler (ContextHandler.java:doStop(1153)) - Stopped o.e.j.s.ServletContextHandler@262e6f27{logs,/logs,file:///home/runner/work/ozone/ozone/hadoop-ozone/integration-test/target/log,STOPPED}
2021-10-06 14:02:46,882 [ContainerReplicationThread-2] INFO  replication.DownloadAndImportReplicator (DownloadAndImportReplicator.java:replicate(126)) - Container 5 is replicated successfully
2021-10-06 14:02:46,883 [ContainerReplicationThread-2] INFO  replication.ReplicationSupervisor (ReplicationSupervisor.java:run(169)) - Container 5 is replicated.
2021-10-06 14:02:46,890 [Mini-Cluster-Provider-Reap] INFO  server.AbstractConnector (AbstractConnector.java:doStop(381)) - Stopped ServerConnector@552e4663{HTTP/1.1, (http/1.1)}{0.0.0.0:0}
2021-10-06 14:02:46,890 [Mini-Cluster-Provider-Reap] INFO  server.session (HouseKeeper.java:stopScavenging(149)) - node0 Stopped scavenging
2021-10-06 14:02:46,890 [Mini-Cluster-Provider-Reap] INFO  handler.ContextHandler (ContextHandler.java:doStop(1153)) - Stopped o.e.j.s.ServletContextHandler@46e05efd{static,/static,jar:file:/home/runner/.m2/repository/org/apache/ozone/hdds-container-service/1.2.0-SNAPSHOT/hdds-container-service-1.2.0-SNAPSHOT.jar!/webapps/static,STOPPED}
2021-10-06 14:02:46,890 [Mini-Cluster-Provider-Reap] INFO  handler.ContextHandler (ContextHandler.java:doStop(1153)) - Stopped o.e.j.s.ServletContextHandler@52018f38{logs,/logs,file:///home/runner/work/ozone/ozone/hadoop-ozone/integration-test/target/log,STOPPED}
2021-10-06 14:02:46,933 [ContainerReplicationThread-1] INFO  replication.DownloadAndImportReplicator (DownloadAndImportReplicator.java:replicate(126)) - Container 1 is replicated successfully
2021-10-06 14:02:46,933 [Datanode State Machine Thread - 0] WARN  statemachine.StateContext (StateContext.java:execute(621)) - No available thread in pool for past 1 seconds.
2021-10-06 14:02:46,933 [ContainerReplicationThread-1] INFO  replication.ReplicationSupervisor (ReplicationSupervisor.java:run(169)) - Container 1 is replicated.
2021-10-06 14:02:47,009 [ReplicationMonitor] INFO  container.ReplicationManager (ReplicationManager.java:processAll(371)) - Replication Monitor Thread took 0 milliseconds for processing 6 containers.
2021-10-06 14:02:48,009 [ReplicationMonitor] INFO  container.ReplicationManager (ReplicationManager.java:processAll(371)) - Replication Monitor Thread took 1 milliseconds for processing 6 containers.
2021-10-06 14:02:49,010 [ReplicationMonitor] INFO  container.ReplicationManager (ReplicationManager.java:processAll(371)) - Replication Monitor Thread took 0 milliseconds for processing 6 containers.
2021-10-06 14:02:49,058 [EventQueue-StaleNodeForStaleNodeHandler] INFO  node.StaleNodeHandler (StaleNodeHandler.java:onMessage(58)) - Datanode 249940c5-a031-4d3d-9436-b49f1a8f2026{ip: 10.1.0.31, host: fv-az151-432.yf2hydr00wburbhx3j5hxtcipe.bx.internal.cloudapp.net, ports: [REPLICATION=45635, RATIS=38929, RATIS_ADMIN=38929, RATIS_SERVER=38929, STANDALONE=45495], networkLocation: /default-rack, certSerialId: null, persistedOpState: IN_SERVICE, persistedOpStateExpiryEpochSec: 0} moved to stale state. Finalizing its pipelines [PipelineID=cfc54a4c-2abd-456a-a1d8-d2d1698380ce]
2021-10-06 14:02:49,058 [EventQueue-StaleNodeForStaleNodeHandler] INFO  pipeline.PipelineManagerImpl (PipelineManagerImpl.java:closePipeline(342)) - Pipeline Pipeline[ Id: cfc54a4c-2abd-456a-a1d8-d2d1698380ce, Nodes: 249940c5-a031-4d3d-9436-b49f1a8f2026{ip: 10.1.0.31, host: fv-az151-432.yf2hydr00wburbhx3j5hxtcipe.bx.internal.cloudapp.net, ports: [REPLICATION=45635, RATIS=38929, RATIS_ADMIN=38929, RATIS_SERVER=38929, STANDALONE=45495], networkLocation: /default-rack, certSerialId: null, persistedOpState: IN_MAINTENANCE, persistedOpStateExpiryEpochSec: 0}, ReplicationConfig: RATIS/ONE, State:OPEN, leaderId:249940c5-a031-4d3d-9436-b49f1a8f2026, CreationTimestamp2021-10-06T14:02:30.906Z[Etc/UTC]] moved to CLOSED state
2021-10-06 14:02:49,759 [EventQueue-StaleNodeForStaleNodeHandler] INFO  node.StaleNodeHandler (StaleNodeHandler.java:onMessage(58)) - Datanode 55bc000a-ff09-4423-b291-4638aa8037bf{ip: 10.1.0.31, host: fv-az151-432.yf2hydr00wburbhx3j5hxtcipe.bx.internal.cloudapp.net, ports: [REPLICATION=38191, RATIS=42339, RATIS_ADMIN=42339, RATIS_SERVER=42339, STANDALONE=34977], networkLocation: /default-rack, certSerialId: null, persistedOpState: IN_SERVICE, persistedOpStateExpiryEpochSec: 0} moved to stale state. Finalizing its pipelines [PipelineID=9cd7d7ef-188d-46af-aa12-15bec0b4610c]
2021-10-06 14:02:49,759 [EventQueue-StaleNodeForStaleNodeHandler] INFO  pipeline.PipelineManagerImpl (PipelineManagerImpl.java:closePipeline(342)) - Pipeline Pipeline[ Id: 9cd7d7ef-188d-46af-aa12-15bec0b4610c, Nodes: 55bc000a-ff09-4423-b291-4638aa8037bf{ip: 10.1.0.31, host: fv-az151-432.yf2hydr00wburbhx3j5hxtcipe.bx.internal.cloudapp.net, ports: [REPLICATION=38191, RATIS=42339, RATIS_ADMIN=42339, RATIS_SERVER=42339, STANDALONE=34977], networkLocation: /default-rack, certSerialId: null, persistedOpState: IN_SERVICE, persistedOpStateExpiryEpochSec: 0}, ReplicationConfig: RATIS/ONE, State:OPEN, leaderId:55bc000a-ff09-4423-b291-4638aa8037bf, CreationTimestamp2021-10-06T14:01:41.753Z[Etc/UTC]] moved to CLOSED state
2021-10-06 14:02:50,010 [ReplicationMonitor] INFO  container.ReplicationManager (ReplicationManager.java:processAll(371)) - Replication Monitor Thread took 0 milliseconds for processing 6 containers.
2021-10-06 14:02:51,011 [ReplicationMonitor] INFO  container.ReplicationManager (ReplicationManager.java:processAll(371)) - Replication Monitor Thread took 0 milliseconds for processing 6 containers.
2021-10-06 14:02:51,892 [ForkJoinPool.commonPool-worker-1] INFO  ozoneimpl.OzoneContainer (OzoneContainer.java:stop(325)) - Attempting to stop container services.
2021-10-06 14:02:51,906 [Mini-Cluster-Provider-Reap] INFO  ozoneimpl.OzoneContainer (OzoneContainer.java:stop(325)) - Attempting to stop container services.
2021-10-06 14:02:51,910 [Mini-Cluster-Provider-Reap] INFO  server.RaftServer (RaftServerProxy.java:lambda$close$6(391)) - 55bc000a-ff09-4423-b291-4638aa8037bf: close
2021-10-06 14:02:51,910 [Mini-Cluster-Provider-Reap] INFO  server.RaftServer$Division (RaftServerImpl.java:lambda$close$4(407)) - 55bc000a-ff09-4423-b291-4638aa8037bf@group-15BEC0B4610C: shutdown
2021-10-06 14:02:51,910 [Mini-Cluster-Provider-Reap] INFO  util.JmxRegister (JmxRegister.java:unregister(73)) - Successfully un-registered JMX Bean with object name Ratis:service=RaftServer,group=group-15BEC0B4610C,id=55bc000a-ff09-4423-b291-4638aa8037bf
2021-10-06 14:02:51,910 [Mini-Cluster-Provider-Reap] INFO  impl.RoleInfo (RoleInfo.java:shutdownLeaderState(91)) - 55bc000a-ff09-4423-b291-4638aa8037bf: shutdown 55bc000a-ff09-4423-b291-4638aa8037bf@group-15BEC0B4610C-LeaderStateImpl
2021-10-06 14:02:51,911 [ForkJoinPool.commonPool-worker-1] INFO  server.RaftServer (RaftServerProxy.java:lambda$close$6(391)) - 249940c5-a031-4d3d-9436-b49f1a8f2026: close
2021-10-06 14:02:51,911 [Mini-Cluster-Provider-Reap] INFO  impl.PendingRequests (PendingRequests.java:sendNotLeaderResponses(282)) - 55bc000a-ff09-4423-b291-4638aa8037bf@group-15BEC0B4610C-PendingRequests: sendNotLeaderResponses
2021-10-06 14:02:51,911 [Mini-Cluster-Provider-Reap] INFO  impl.StateMachineUpdater (StateMachineUpdater.java:stopAndJoin(149)) - 55bc000a-ff09-4423-b291-4638aa8037bf@group-15BEC0B4610C-StateMachineUpdater: set stopIndex = 0
2021-10-06 14:02:51,912 [55bc000a-ff09-4423-b291-4638aa8037bf@group-15BEC0B4610C-StateMachineUpdater] INFO  ratis.ContainerStateMachine (ContainerStateMachine.java:takeSnapshot(292)) - group-15BEC0B4610C: Taking a snapshot at:(t:1, i:0) file /home/runner/work/ozone/ozone/hadoop-ozone/integration-test/target/test-dir/MiniOzoneClusterImpl-e1b1dc9b-a907-4b87-a397-076a7696e0a8/datanode-5/data/ratis/9cd7d7ef-188d-46af-aa12-15bec0b4610c/sm/snapshot.1_0
2021-10-06 14:02:51,911 [ForkJoinPool.commonPool-worker-1] INFO  server.RaftServer$Division (RaftServerImpl.java:lambda$close$4(407)) - 249940c5-a031-4d3d-9436-b49f1a8f2026@group-D2D1698380CE: shutdown
2021-10-06 14:02:51,913 [55bc000a-ff09-4423-b291-4638aa8037bf@group-15BEC0B4610C-StateMachineUpdater] INFO  ratis.ContainerStateMachine (ContainerStateMachine.java:takeSnapshot(303)) - group-15BEC0B4610C: Finished taking a snapshot at:(t:1, i:0) file:/home/runner/work/ozone/ozone/hadoop-ozone/integration-test/target/test-dir/MiniOzoneClusterImpl-e1b1dc9b-a907-4b87-a397-076a7696e0a8/datanode-5/data/ratis/9cd7d7ef-188d-46af-aa12-15bec0b4610c/sm/snapshot.1_0 took: 1 ms
2021-10-06 14:02:51,913 [55bc000a-ff09-4423-b291-4638aa8037bf@group-15BEC0B4610C-StateMachineUpdater] INFO  impl.StateMachineUpdater (StateMachineUpdater.java:takeSnapshot(281)) - 55bc000a-ff09-4423-b291-4638aa8037bf@group-15BEC0B4610C-StateMachineUpdater: Took a snapshot at index 0
2021-10-06 14:02:51,913 [55bc000a-ff09-4423-b291-4638aa8037bf@group-15BEC0B4610C-StateMachineUpdater] INFO  impl.StateMachineUpdater (StateMachineUpdater.java:lambda$new$0(89)) - 55bc000a-ff09-4423-b291-4638aa8037bf@group-15BEC0B4610C-StateMachineUpdater: snapshotIndex: updateIncreasingly -1 -> 0
2021-10-06 14:02:51,914 [ForkJoinPool.commonPool-worker-1] INFO  util.JmxRegister (JmxRegister.java:unregister(73)) - Successfully un-registered JMX Bean with object name Ratis:service=RaftServer,group=group-D2D1698380CE,id=249940c5-a031-4d3d-9436-b49f1a8f2026
2021-10-06 14:02:51,914 [ForkJoinPool.commonPool-worker-1] INFO  impl.RoleInfo (RoleInfo.java:shutdownLeaderState(91)) - 249940c5-a031-4d3d-9436-b49f1a8f2026: shutdown 249940c5-a031-4d3d-9436-b49f1a8f2026@group-D2D1698380CE-LeaderStateImpl
2021-10-06 14:02:51,914 [ForkJoinPool.commonPool-worker-1] INFO  impl.PendingRequests (PendingRequests.java:sendNotLeaderResponses(282)) - 249940c5-a031-4d3d-9436-b49f1a8f2026@group-D2D1698380CE-PendingRequests: sendNotLeaderResponses
2021-10-06 14:02:51,914 [ForkJoinPool.commonPool-worker-1] INFO  impl.StateMachineUpdater (StateMachineUpdater.java:stopAndJoin(149)) - 249940c5-a031-4d3d-9436-b49f1a8f2026@group-D2D1698380CE-StateMachineUpdater: set stopIndex = 0
2021-10-06 14:02:51,915 [249940c5-a031-4d3d-9436-b49f1a8f2026@group-D2D1698380CE-StateMachineUpdater] INFO  ratis.ContainerStateMachine (ContainerStateMachine.java:takeSnapshot(292)) - group-D2D1698380CE: Taking a snapshot at:(t:1, i:0) file /home/runner/work/ozone/ozone/hadoop-ozone/integration-test/target/test-dir/MiniOzoneClusterImpl-e1b1dc9b-a907-4b87-a397-076a7696e0a8/datanode-2/data/ratis/cfc54a4c-2abd-456a-a1d8-d2d1698380ce/sm/snapshot.1_0
2021-10-06 14:02:51,915 [249940c5-a031-4d3d-9436-b49f1a8f2026@group-D2D1698380CE-StateMachineUpdater] INFO  ratis.ContainerStateMachine (ContainerStateMachine.java:takeSnapshot(303)) - group-D2D1698380CE: Finished taking a snapshot at:(t:1, i:0) file:/home/runner/work/ozone/ozone/hadoop-ozone/integration-test/target/test-dir/MiniOzoneClusterImpl-e1b1dc9b-a907-4b87-a397-076a7696e0a8/datanode-2/data/ratis/cfc54a4c-2abd-456a-a1d8-d2d1698380ce/sm/snapshot.1_0 took: 1 ms
2021-10-06 14:02:51,915 [249940c5-a031-4d3d-9436-b49f1a8f2026@group-D2D1698380CE-StateMachineUpdater] INFO  impl.StateMachineUpdater (StateMachineUpdater.java:takeSnapshot(281)) - 249940c5-a031-4d3d-9436-b49f1a8f2026@group-D2D1698380CE-StateMachineUpdater: Took a snapshot at index 0
2021-10-06 14:02:51,915 [249940c5-a031-4d3d-9436-b49f1a8f2026@group-D2D1698380CE-StateMachineUpdater] INFO  impl.StateMachineUpdater (StateMachineUpdater.java:lambda$new$0(89)) - 249940c5-a031-4d3d-9436-b49f1a8f2026@group-D2D1698380CE-StateMachineUpdater: snapshotIndex: updateIncreasingly -1 -> 0
2021-10-06 14:02:51,916 [ForkJoinPool.commonPool-worker-1] INFO  server.RaftServer$Division (ServerState.java:close(419)) - 249940c5-a031-4d3d-9436-b49f1a8f2026@group-D2D1698380CE: closes. applyIndex: 0
2021-10-06 14:02:51,916 [249940c5-a031-4d3d-9436-b49f1a8f2026@group-D2D1698380CE-SegmentedRaftLogWorker] INFO  segmented.SegmentedRaftLogWorker (SegmentedRaftLogWorker.java:run(327)) - 249940c5-a031-4d3d-9436-b49f1a8f2026@group-D2D1698380CE-SegmentedRaftLogWorker was interrupted, exiting. There are 0 tasks remaining in the queue.
2021-10-06 14:02:51,917 [ForkJoinPool.commonPool-worker-1] INFO  segmented.SegmentedRaftLogWorker (SegmentedRaftLogWorker.java:close(237)) - 249940c5-a031-4d3d-9436-b49f1a8f2026@group-D2D1698380CE-SegmentedRaftLogWorker close()
2021-10-06 14:02:51,919 [ForkJoinPool.commonPool-worker-1] INFO  server.GrpcService (GrpcService.java:closeImpl(262)) - 249940c5-a031-4d3d-9436-b49f1a8f2026: shutdown server with port 38929 now
2021-10-06 14:02:51,926 [grpc-default-executor-0] WARN  client.GrpcClientProtocolService (LogUtils.java:warn(122)) - 1-UnorderedRequestStreamObserver1: onError: org.apache.ratis.thirdparty.io.grpc.StatusRuntimeException: CANCELLED: client cancelled
2021-10-06 14:02:51,933 [Mini-Cluster-Provider-Reap] INFO  server.RaftServer$Division (ServerState.java:close(419)) - 55bc000a-ff09-4423-b291-4638aa8037bf@group-15BEC0B4610C: closes. applyIndex: 0
2021-10-06 14:02:51,945 [ForkJoinPool.commonPool-worker-1] INFO  server.GrpcService (GrpcService.java:closeImpl(271)) - 249940c5-a031-4d3d-9436-b49f1a8f2026: shutdown server with port 38929 successfully
2021-10-06 14:02:51,959 [55bc000a-ff09-4423-b291-4638aa8037bf@group-15BEC0B4610C-SegmentedRaftLogWorker] INFO  segmented.SegmentedRaftLogWorker (SegmentedRaftLogWorker.java:run(327)) - 55bc000a-ff09-4423-b291-4638aa8037bf@group-15BEC0B4610C-SegmentedRaftLogWorker was interrupted, exiting. There are 0 tasks remaining in the queue.
2021-10-06 14:02:51,959 [org.apache.ratis.util.JvmPauseMonitor$$Lambda$534/1340858740@3642a903] INFO  util.JvmPauseMonitor (JvmPauseMonitor.java:run(109)) - JvmPauseMonitor-249940c5-a031-4d3d-9436-b49f1a8f2026: Stopped
2021-10-06 14:02:51,959 [Mini-Cluster-Provider-Reap] INFO  segmented.SegmentedRaftLogWorker (SegmentedRaftLogWorker.java:close(237)) - 55bc000a-ff09-4423-b291-4638aa8037bf@group-15BEC0B4610C-SegmentedRaftLogWorker close()
2021-10-06 14:02:51,959 [Mini-Cluster-Provider-Reap] INFO  server.GrpcService (GrpcService.java:closeImpl(262)) - 55bc000a-ff09-4423-b291-4638aa8037bf: shutdown server with port 42339 now
2021-10-06 14:02:51,965 [ForkJoinPool.commonPool-worker-1] INFO  utils.BackgroundService (BackgroundService.java:shutdown(132)) - Shutting down service BlockDeletingService
2021-10-06 14:02:51,968 [Mini-Cluster-Provider-Reap] INFO  server.GrpcService (GrpcService.java:closeImpl(271)) - 55bc000a-ff09-4423-b291-4638aa8037bf: shutdown server with port 42339 successfully
2021-10-06 14:02:51,968 [org.apache.ratis.util.JvmPauseMonitor$$Lambda$534/1340858740@6835c8dd] INFO  util.JvmPauseMonitor (JvmPauseMonitor.java:run(109)) - JvmPauseMonitor-55bc000a-ff09-4423-b291-4638aa8037bf: Stopped
2021-10-06 14:02:51,970 [Mini-Cluster-Provider-Reap] INFO  utils.BackgroundService (BackgroundService.java:shutdown(132)) - Shutting down service BlockDeletingService
2021-10-06 14:02:52,011 [ReplicationMonitor] INFO  container.ReplicationManager (ReplicationManager.java:processAll(371)) - Replication Monitor Thread took 0 milliseconds for processing 6 containers.
2021-10-06 14:02:52,070 [EventQueue-DeadNodeForDeadNodeHandler] INFO  node.DeadNodeHandler (DeadNodeHandler.java:onMessage(80)) - A dead datanode is detected. 249940c5-a031-4d3d-9436-b49f1a8f2026{ip: 10.1.0.31, host: fv-az151-432.yf2hydr00wburbhx3j5hxtcipe.bx.internal.cloudapp.net, ports: [REPLICATION=45635, RATIS=38929, RATIS_ADMIN=38929, RATIS_SERVER=38929, STANDALONE=45495], networkLocation: /default-rack, certSerialId: null, persistedOpState: IN_SERVICE, persistedOpStateExpiryEpochSec: 0}
2021-10-06 14:02:52,070 [EventQueue-DeadNodeForDeadNodeHandler] INFO  pipeline.RatisPipelineProvider (RatisPipelineProvider.java:lambda$close$1(222)) - Send pipeline:PipelineID=cfc54a4c-2abd-456a-a1d8-d2d1698380ce close command to datanode 249940c5-a031-4d3d-9436-b49f1a8f2026
2021-10-06 14:02:52,071 [EventQueue-DeadNodeForDeadNodeHandler] INFO  pipeline.PipelineStateManagerImpl (PipelineStateManagerImpl.java:removePipeline(211)) - Pipeline Pipeline[ Id: cfc54a4c-2abd-456a-a1d8-d2d1698380ce, Nodes: 249940c5-a031-4d3d-9436-b49f1a8f2026{ip: 10.1.0.31, host: fv-az151-432.yf2hydr00wburbhx3j5hxtcipe.bx.internal.cloudapp.net, ports: [REPLICATION=45635, RATIS=38929, RATIS_ADMIN=38929, RATIS_SERVER=38929, STANDALONE=45495], networkLocation: /default-rack, certSerialId: null, persistedOpState: IN_MAINTENANCE, persistedOpStateExpiryEpochSec: 0}, ReplicationConfig: RATIS/ONE, State:CLOSED, leaderId:249940c5-a031-4d3d-9436-b49f1a8f2026, CreationTimestamp2021-10-06T14:02:30.906Z[Etc/UTC]] removed.
2021-10-06 14:02:52,071 [EventQueue-DeadNodeForDeadNodeHandler] INFO  net.NetworkTopologyImpl (NetworkTopologyImpl.java:remove(137)) - Removed a node: /default-rack/249940c5-a031-4d3d-9436-b49f1a8f2026
2021-10-06 14:02:52,779 [EventQueue-DeadNodeForDeadNodeHandler] INFO  node.DeadNodeHandler (DeadNodeHandler.java:onMessage(80)) - A dead datanode is detected. 55bc000a-ff09-4423-b291-4638aa8037bf{ip: 10.1.0.31, host: fv-az151-432.yf2hydr00wburbhx3j5hxtcipe.bx.internal.cloudapp.net, ports: [REPLICATION=38191, RATIS=42339, RATIS_ADMIN=42339, RATIS_SERVER=42339, STANDALONE=34977], networkLocation: /default-rack, certSerialId: null, persistedOpState: IN_SERVICE, persistedOpStateExpiryEpochSec: 0}
2021-10-06 14:02:52,779 [EventQueue-DeadNodeForDeadNodeHandler] INFO  pipeline.RatisPipelineProvider (RatisPipelineProvider.java:lambda$close$1(222)) - Send pipeline:PipelineID=9cd7d7ef-188d-46af-aa12-15bec0b4610c close command to datanode 55bc000a-ff09-4423-b291-4638aa8037bf
2021-10-06 14:02:52,779 [EventQueue-DeadNodeForDeadNodeHandler] INFO  pipeline.PipelineStateManagerImpl (PipelineStateManagerImpl.java:removePipeline(211)) - Pipeline Pipeline[ Id: 9cd7d7ef-188d-46af-aa12-15bec0b4610c, Nodes: 55bc000a-ff09-4423-b291-4638aa8037bf{ip: 10.1.0.31, host: fv-az151-432.yf2hydr00wburbhx3j5hxtcipe.bx.internal.cloudapp.net, ports: [REPLICATION=38191, RATIS=42339, RATIS_ADMIN=42339, RATIS_SERVER=42339, STANDALONE=34977], networkLocation: /default-rack, certSerialId: null, persistedOpState: IN_SERVICE, persistedOpStateExpiryEpochSec: 0}, ReplicationConfig: RATIS/ONE, State:CLOSED, leaderId:55bc000a-ff09-4423-b291-4638aa8037bf, CreationTimestamp2021-10-06T14:01:41.753Z[Etc/UTC]] removed.
2021-10-06 14:02:52,780 [EventQueue-DeadNodeForDeadNodeHandler] INFO  net.NetworkTopologyImpl (NetworkTopologyImpl.java:remove(137)) - Removed a node: /default-rack/55bc000a-ff09-4423-b291-4638aa8037bf
2021-10-06 14:02:53,012 [ReplicationMonitor] ERROR scm.SCMCommonPlacementPolicy (SCMCommonPlacementPolicy.java:chooseDatanodes(140)) - No healthy node found to allocate container.
2021-10-06 14:02:53,012 [ReplicationMonitor] WARN  container.ReplicationManager (ReplicationManager.java:handleUnderReplicatedContainer(1196)) - Exception while replicating container 1.
org.apache.hadoop.hdds.scm.exceptions.SCMException: No healthy node found to allocate container.
	at org.apache.hadoop.hdds.scm.SCMCommonPlacementPolicy.chooseDatanodes(SCMCommonPlacementPolicy.java:141)
	at org.apache.hadoop.hdds.scm.container.placement.algorithms.SCMContainerPlacementRandom.chooseDatanodes(SCMContainerPlacementRandom.java:78)
	at org.apache.hadoop.hdds.scm.container.ReplicationManager.handleUnderReplicatedContainer(ReplicationManager.java:1160)
	at org.apache.hadoop.hdds.scm.container.ReplicationManager.processContainer(ReplicationManager.java:516)
	at java.util.ArrayList.forEach(ArrayList.java:1259)
	at org.apache.hadoop.hdds.scm.container.ReplicationManager.processAll(ReplicationManager.java:369)
	at org.apache.hadoop.hdds.scm.container.ReplicationManager.run(ReplicationManager.java:383)
	at java.lang.Thread.run(Thread.java:748)
2021-10-06 14:02:53,013 [ReplicationMonitor] ERROR scm.SCMCommonPlacementPolicy (SCMCommonPlacementPolicy.java:chooseDatanodes(140)) - No healthy node found to allocate container.
2021-10-06 14:02:53,013 [ReplicationMonitor] WARN  container.ReplicationManager (ReplicationManager.java:handleUnderReplicatedContainer(1196)) - Exception while replicating container 2.
org.apache.hadoop.hdds.scm.exceptions.SCMException: No healthy node found to allocate container.
	at org.apache.hadoop.hdds.scm.SCMCommonPlacementPolicy.chooseDatanodes(SCMCommonPlacementPolicy.java:141)
	at org.apache.hadoop.hdds.scm.container.placement.algorithms.SCMContainerPlacementRandom.chooseDatanodes(SCMContainerPlacementRandom.java:78)
	at org.apache.hadoop.hdds.scm.container.ReplicationManager.handleUnderReplicatedContainer(ReplicationManager.java:1160)
	at org.apache.hadoop.hdds.scm.container.ReplicationManager.processContainer(ReplicationManager.java:516)
	at java.util.ArrayList.forEach(ArrayList.java:1259)
	at org.apache.hadoop.hdds.scm.container.ReplicationManager.processAll(ReplicationManager.java:369)
	at org.apache.hadoop.hdds.scm.container.ReplicationManager.run(ReplicationManager.java:383)
	at java.lang.Thread.run(Thread.java:748)
2021-10-06 14:02:53,013 [ReplicationMonitor] ERROR scm.SCMCommonPlacementPolicy (SCMCommonPlacementPolicy.java:chooseDatanodes(149)) - Not enough healthy nodes to allocate container. 2  datanodes required. Found 1
2021-10-06 14:02:53,013 [ReplicationMonitor] WARN  container.ReplicationManager (ReplicationManager.java:handleUnderReplicatedContainer(1196)) - Exception while replicating container 3.
org.apache.hadoop.hdds.scm.exceptions.SCMException: Not enough healthy nodes to allocate container. 2  datanodes required. Found 1
	at org.apache.hadoop.hdds.scm.SCMCommonPlacementPolicy.chooseDatanodes(SCMCommonPlacementPolicy.java:150)
	at org.apache.hadoop.hdds.scm.container.placement.algorithms.SCMContainerPlacementRandom.chooseDatanodes(SCMContainerPlacementRandom.java:78)
	at org.apache.hadoop.hdds.scm.container.ReplicationManager.handleUnderReplicatedContainer(ReplicationManager.java:1160)
	at org.apache.hadoop.hdds.scm.container.ReplicationManager.processContainer(ReplicationManager.java:516)
	at java.util.ArrayList.forEach(ArrayList.java:1259)
	at org.apache.hadoop.hdds.scm.container.ReplicationManager.processAll(ReplicationManager.java:369)
	at org.apache.hadoop.hdds.scm.container.ReplicationManager.run(ReplicationManager.java:383)
	at java.lang.Thread.run(Thread.java:748)
2021-10-06 14:02:53,013 [ReplicationMonitor] ERROR scm.SCMCommonPlacementPolicy (SCMCommonPlacementPolicy.java:chooseDatanodes(140)) - No healthy node found to allocate container.
2021-10-06 14:02:53,013 [ReplicationMonitor] WARN  container.ReplicationManager (ReplicationManager.java:handleUnderReplicatedContainer(1196)) - Exception while replicating container 4.
org.apache.hadoop.hdds.scm.exceptions.SCMException: No healthy node found to allocate container.
	at org.apache.hadoop.hdds.scm.SCMCommonPlacementPolicy.chooseDatanodes(SCMCommonPlacementPolicy.java:141)
	at org.apache.hadoop.hdds.scm.container.placement.algorithms.SCMContainerPlacementRandom.chooseDatanodes(SCMContainerPlacementRandom.java:78)
	at org.apache.hadoop.hdds.scm.container.ReplicationManager.handleUnderReplicatedContainer(ReplicationManager.java:1160)
	at org.apache.hadoop.hdds.scm.container.ReplicationManager.processContainer(ReplicationManager.java:516)
	at java.util.ArrayList.forEach(ArrayList.java:1259)
	at org.apache.hadoop.hdds.scm.container.ReplicationManager.processAll(ReplicationManager.java:369)
	at org.apache.hadoop.hdds.scm.container.ReplicationManager.run(ReplicationManager.java:383)
	at java.lang.Thread.run(Thread.java:748)
2021-10-06 14:02:53,013 [ReplicationMonitor] ERROR scm.SCMCommonPlacementPolicy (SCMCommonPlacementPolicy.java:chooseDatanodes(140)) - No healthy node found to allocate container.
2021-10-06 14:02:53,014 [ReplicationMonitor] WARN  container.ReplicationManager (ReplicationManager.java:handleUnderReplicatedContainer(1196)) - Exception while replicating container 5.
org.apache.hadoop.hdds.scm.exceptions.SCMException: No healthy node found to allocate container.
	at org.apache.hadoop.hdds.scm.SCMCommonPlacementPolicy.chooseDatanodes(SCMCommonPlacementPolicy.java:141)
	at org.apache.hadoop.hdds.scm.container.placement.algorithms.SCMContainerPlacementRandom.chooseDatanodes(SCMContainerPlacementRandom.java:78)
	at org.apache.hadoop.hdds.scm.container.ReplicationManager.handleUnderReplicatedContainer(ReplicationManager.java:1160)
	at org.apache.hadoop.hdds.scm.container.ReplicationManager.processContainer(ReplicationManager.java:516)
	at java.util.ArrayList.forEach(ArrayList.java:1259)
	at org.apache.hadoop.hdds.scm.container.ReplicationManager.processAll(ReplicationManager.java:369)
	at org.apache.hadoop.hdds.scm.container.ReplicationManager.run(ReplicationManager.java:383)
	at java.lang.Thread.run(Thread.java:748)
2021-10-06 14:02:53,014 [ReplicationMonitor] ERROR scm.SCMCommonPlacementPolicy (SCMCommonPlacementPolicy.java:chooseDatanodes(149)) - Not enough healthy nodes to allocate container. 2  datanodes required. Found 1
2021-10-06 14:02:53,014 [ReplicationMonitor] WARN  container.ReplicationManager (ReplicationManager.java:handleUnderReplicatedContainer(1196)) - Exception while replicating container 6.
org.apache.hadoop.hdds.scm.exceptions.SCMException: Not enough healthy nodes to allocate container. 2  datanodes required. Found 1
	at org.apache.hadoop.hdds.scm.SCMCommonPlacementPolicy.chooseDatanodes(SCMCommonPlacementPolicy.java:150)
	at org.apache.hadoop.hdds.scm.container.placement.algorithms.SCMContainerPlacementRandom.chooseDatanodes(SCMContainerPlacementRandom.java:78)
	at org.apache.hadoop.hdds.scm.container.ReplicationManager.handleUnderReplicatedContainer(ReplicationManager.java:1160)
	at org.apache.hadoop.hdds.scm.container.ReplicationManager.processContainer(ReplicationManager.java:516)
	at java.util.ArrayList.forEach(ArrayList.java:1259)
	at org.apache.hadoop.hdds.scm.container.ReplicationManager.processAll(ReplicationManager.java:369)
	at org.apache.hadoop.hdds.scm.container.ReplicationManager.run(ReplicationManager.java:383)
	at java.lang.Thread.run(Thread.java:748)
2021-10-06 14:02:53,014 [ReplicationMonitor] INFO  container.ReplicationManager (ReplicationManager.java:processAll(371)) - Replication Monitor Thread took 2 milliseconds for processing 6 containers.
2021-10-06 14:02:54,014 [ReplicationMonitor] ERROR scm.SCMCommonPlacementPolicy (SCMCommonPlacementPolicy.java:chooseDatanodes(140)) - No healthy node found to allocate container.
2021-10-06 14:02:54,014 [ReplicationMonitor] WARN  container.ReplicationManager (ReplicationManager.java:handleUnderReplicatedContainer(1196)) - Exception while replicating container 1.
org.apache.hadoop.hdds.scm.exceptions.SCMException: No healthy node found to allocate container.
	at org.apache.hadoop.hdds.scm.SCMCommonPlacementPolicy.chooseDatanodes(SCMCommonPlacementPolicy.java:141)
	at org.apache.hadoop.hdds.scm.container.placement.algorithms.SCMContainerPlacementRandom.chooseDatanodes(SCMContainerPlacementRandom.java:78)
	at org.apache.hadoop.hdds.scm.container.ReplicationManager.handleUnderReplicatedContainer(ReplicationManager.java:1160)
	at org.apache.hadoop.hdds.scm.container.ReplicationManager.processContainer(ReplicationManager.java:516)
	at java.util.ArrayList.forEach(ArrayList.java:1259)
	at org.apache.hadoop.hdds.scm.container.ReplicationManager.processAll(ReplicationManager.java:369)
	at org.apache.hadoop.hdds.scm.container.ReplicationManager.run(ReplicationManager.java:383)
	at java.lang.Thread.run(Thread.java:748)
2021-10-06 14:02:54,015 [ReplicationMonitor] ERROR scm.SCMCommonPlacementPolicy (SCMCommonPlacementPolicy.java:chooseDatanodes(140)) - No healthy node found to allocate container.
2021-10-06 14:02:54,015 [ReplicationMonitor] WARN  container.ReplicationManager (ReplicationManager.java:handleUnderReplicatedContainer(1196)) - Exception while replicating container 2.
org.apache.hadoop.hdds.scm.exceptions.SCMException: No healthy node found to allocate container.
	at org.apache.hadoop.hdds.scm.SCMCommonPlacementPolicy.chooseDatanodes(SCMCommonPlacementPolicy.java:141)
	at org.apache.hadoop.hdds.scm.container.placement.algorithms.SCMContainerPlacementRandom.chooseDatanodes(SCMContainerPlacementRandom.java:78)
	at org.apache.hadoop.hdds.scm.container.ReplicationManager.handleUnderReplicatedContainer(ReplicationManager.java:1160)
	at org.apache.hadoop.hdds.scm.container.ReplicationManager.processContainer(ReplicationManager.java:516)
	at java.util.ArrayList.forEach(ArrayList.java:1259)
	at org.apache.hadoop.hdds.scm.container.ReplicationManager.processAll(ReplicationManager.java:369)
	at org.apache.hadoop.hdds.scm.container.ReplicationManager.run(ReplicationManager.java:383)
	at java.lang.Thread.run(Thread.java:748)
2021-10-06 14:02:54,018 [ReplicationMonitor] ERROR scm.SCMCommonPlacementPolicy (SCMCommonPlacementPolicy.java:chooseDatanodes(149)) - Not enough healthy nodes to allocate container. 2  datanodes required. Found 1
2021-10-06 14:02:54,018 [ReplicationMonitor] WARN  container.ReplicationManager (ReplicationManager.java:handleUnderReplicatedContainer(1196)) - Exception while replicating container 3.
org.apache.hadoop.hdds.scm.exceptions.SCMException: Not enough healthy nodes to allocate container. 2  datanodes required. Found 1
	at org.apache.hadoop.hdds.scm.SCMCommonPlacementPolicy.chooseDatanodes(SCMCommonPlacementPolicy.java:150)
	at org.apache.hadoop.hdds.scm.container.placement.algorithms.SCMContainerPlacementRandom.chooseDatanodes(SCMContainerPlacementRandom.java:78)
	at org.apache.hadoop.hdds.scm.container.ReplicationManager.handleUnderReplicatedContainer(ReplicationManager.java:1160)
	at org.apache.hadoop.hdds.scm.container.ReplicationManager.processContainer(ReplicationManager.java:516)
	at java.util.ArrayList.forEach(ArrayList.java:1259)
	at org.apache.hadoop.hdds.scm.container.ReplicationManager.processAll(ReplicationManager.java:369)
	at org.apache.hadoop.hdds.scm.container.ReplicationManager.run(ReplicationManager.java:383)
	at java.lang.Thread.run(Thread.java:748)
2021-10-06 14:02:54,018 [ReplicationMonitor] ERROR scm.SCMCommonPlacementPolicy (SCMCommonPlacementPolicy.java:chooseDatanodes(140)) - No healthy node found to allocate container.
2021-10-06 14:02:54,018 [ReplicationMonitor] WARN  container.ReplicationManager (ReplicationManager.java:handleUnderReplicatedContainer(1196)) - Exception while replicating container 4.
org.apache.hadoop.hdds.scm.exceptions.SCMException: No healthy node found to allocate container.
	at org.apache.hadoop.hdds.scm.SCMCommonPlacementPolicy.chooseDatanodes(SCMCommonPlacementPolicy.java:141)
	at org.apache.hadoop.hdds.scm.container.placement.algorithms.SCMContainerPlacementRandom.chooseDatanodes(SCMContainerPlacementRandom.java:78)
	at org.apache.hadoop.hdds.scm.container.ReplicationManager.handleUnderReplicatedContainer(ReplicationManager.java:1160)
	at org.apache.hadoop.hdds.scm.container.ReplicationManager.processContainer(ReplicationManager.java:516)
	at java.util.ArrayList.forEach(ArrayList.java:1259)
	at org.apache.hadoop.hdds.scm.container.ReplicationManager.processAll(ReplicationManager.java:369)
	at org.apache.hadoop.hdds.scm.container.ReplicationManager.run(ReplicationManager.java:383)
	at java.lang.Thread.run(Thread.java:748)
2021-10-06 14:02:54,019 [ReplicationMonitor] ERROR scm.SCMCommonPlacementPolicy (SCMCommonPlacementPolicy.java:chooseDatanodes(140)) - No healthy node found to allocate container.
2021-10-06 14:02:54,019 [ReplicationMonitor] WARN  container.ReplicationManager (ReplicationManager.java:handleUnderReplicatedContainer(1196)) - Exception while replicating container 5.
org.apache.hadoop.hdds.scm.exceptions.SCMException: No healthy node found to allocate container.
	at org.apache.hadoop.hdds.scm.SCMCommonPlacementPolicy.chooseDatanodes(SCMCommonPlacementPolicy.java:141)
	at org.apache.hadoop.hdds.scm.container.placement.algorithms.SCMContainerPlacementRandom.chooseDatanodes(SCMContainerPlacementRandom.java:78)
	at org.apache.hadoop.hdds.scm.container.ReplicationManager.handleUnderReplicatedContainer(ReplicationManager.java:1160)
	at org.apache.hadoop.hdds.scm.container.ReplicationManager.processContainer(ReplicationManager.java:516)
	at java.util.ArrayList.forEach(ArrayList.java:1259)
	at org.apache.hadoop.hdds.scm.container.ReplicationManager.processAll(ReplicationManager.java:369)
	at org.apache.hadoop.hdds.scm.container.ReplicationManager.run(ReplicationManager.java:383)
	at java.lang.Thread.run(Thread.java:748)
2021-10-06 14:02:54,019 [ReplicationMonitor] ERROR scm.SCMCommonPlacementPolicy (SCMCommonPlacementPolicy.java:chooseDatanodes(149)) - Not enough healthy nodes to allocate container. 2  datanodes required. Found 1
2021-10-06 14:02:54,019 [ReplicationMonitor] WARN  container.ReplicationManager (ReplicationManager.java:handleUnderReplicatedContainer(1196)) - Exception while replicating container 6.
org.apache.hadoop.hdds.scm.exceptions.SCMException: Not enough healthy nodes to allocate container. 2  datanodes required. Found 1
	at org.apache.hadoop.hdds.scm.SCMCommonPlacementPolicy.chooseDatanodes(SCMCommonPlacementPolicy.java:150)
	at org.apache.hadoop.hdds.scm.container.placement.algorithms.SCMContainerPlacementRandom.chooseDatanodes(SCMContainerPlacementRandom.java:78)
	at org.apache.hadoop.hdds.scm.container.ReplicationManager.handleUnderReplicatedContainer(ReplicationManager.java:1160)
	at org.apache.hadoop.hdds.scm.container.ReplicationManager.processContainer(ReplicationManager.java:516)
	at java.util.ArrayList.forEach(ArrayList.java:1259)
	at org.apache.hadoop.hdds.scm.container.ReplicationManager.processAll(ReplicationManager.java:369)
	at org.apache.hadoop.hdds.scm.container.ReplicationManager.run(ReplicationManager.java:383)
	at java.lang.Thread.run(Thread.java:748)
2021-10-06 14:02:54,019 [ReplicationMonitor] INFO  container.ReplicationManager (ReplicationManager.java:processAll(371)) - Replication Monitor Thread took 5 milliseconds for processing 6 containers.
2021-10-06 14:02:54,967 [ForkJoinPool.commonPool-worker-1] INFO  statemachine.DatanodeStateMachine (DatanodeStateMachine.java:stopDaemon(515)) - Ozone container server stopped.
2021-10-06 14:02:54,970 [ForkJoinPool.commonPool-worker-1] INFO  handler.ContextHandler (ContextHandler.java:doStop(1153)) - Stopped o.e.j.w.WebAppContext@3633f952{hddsDatanode,/,null,STOPPED}{jar:file:/home/runner/.m2/repository/org/apache/ozone/hdds-container-service/1.2.0-SNAPSHOT/hdds-container-service-1.2.0-SNAPSHOT.jar!/webapps/hddsDatanode}
2021-10-06 14:02:54,970 [ForkJoinPool.commonPool-worker-1] INFO  server.AbstractConnector (AbstractConnector.java:doStop(381)) - Stopped ServerConnector@4ae92d8b{HTTP/1.1, (http/1.1)}{0.0.0.0:0}
2021-10-06 14:02:54,970 [ForkJoinPool.commonPool-worker-1] INFO  server.session (HouseKeeper.java:stopScavenging(149)) - node0 Stopped scavenging
2021-10-06 14:02:54,971 [ForkJoinPool.commonPool-worker-1] INFO  handler.ContextHandler (ContextHandler.java:doStop(1153)) - Stopped o.e.j.s.ServletContextHandler@7a4a1d08{static,/static,jar:file:/home/runner/.m2/repository/org/apache/ozone/hdds-container-service/1.2.0-SNAPSHOT/hdds-container-service-1.2.0-SNAPSHOT.jar!/webapps/static,STOPPED}
2021-10-06 14:02:54,971 [ForkJoinPool.commonPool-worker-1] INFO  handler.ContextHandler (ContextHandler.java:doStop(1153)) - Stopped o.e.j.s.ServletContextHandler@73d75f61{logs,/logs,file:///home/runner/work/ozone/ozone/hadoop-ozone/integration-test/target/log,STOPPED}
2021-10-06 14:02:54,976 [Mini-Cluster-Provider-Reap] INFO  statemachine.DatanodeStateMachine (DatanodeStateMachine.java:stopDaemon(515)) - Ozone container server stopped.
2021-10-06 14:02:54,978 [Mini-Cluster-Provider-Reap] INFO  handler.ContextHandler (ContextHandler.java:doStop(1153)) - Stopped o.e.j.w.WebAppContext@3db99072{hddsDatanode,/,null,STOPPED}{jar:file:/home/runner/.m2/repository/org/apache/ozone/hdds-container-service/1.2.0-SNAPSHOT/hdds-container-service-1.2.0-SNAPSHOT.jar!/webapps/hddsDatanode}
2021-10-06 14:02:54,979 [Mini-Cluster-Provider-Reap] INFO  server.AbstractConnector (AbstractConnector.java:doStop(381)) - Stopped ServerConnector@182490e8{HTTP/1.1, (http/1.1)}{0.0.0.0:0}
2021-10-06 14:02:54,979 [Mini-Cluster-Provider-Reap] INFO  server.session (HouseKeeper.java:stopScavenging(149)) - node0 Stopped scavenging
2021-10-06 14:02:54,979 [Mini-Cluster-Provider-Reap] INFO  handler.ContextHandler (ContextHandler.java:doStop(1153)) - Stopped o.e.j.s.ServletContextHandler@37cf072{static,/static,jar:file:/home/runner/.m2/repository/org/apache/ozone/hdds-container-service/1.2.0-SNAPSHOT/hdds-container-service-1.2.0-SNAPSHOT.jar!/webapps/static,STOPPED}
2021-10-06 14:02:54,979 [Mini-Cluster-Provider-Reap] INFO  handler.ContextHandler (ContextHandler.java:doStop(1153)) - Stopped o.e.j.s.ServletContextHandler@18ae9fbe{logs,/logs,file:///home/runner/work/ozone/ozone/hadoop-ozone/integration-test/target/log,STOPPED}
2021-10-06 14:02:55,020 [ReplicationMonitor] ERROR scm.SCMCommonPlacementPolicy (SCMCommonPlacementPolicy.java:chooseDatanodes(140)) - No healthy node found to allocate container.
2021-10-06 14:02:55,020 [ReplicationMonitor] WARN  container.ReplicationManager (ReplicationManager.java:handleUnderReplicatedContainer(1196)) - Exception while replicating container 1.
org.apache.hadoop.hdds.scm.exceptions.SCMException: No healthy node found to allocate container.
	at org.apache.hadoop.hdds.scm.SCMCommonPlacementPolicy.chooseDatanodes(SCMCommonPlacementPolicy.java:141)
	at org.apache.hadoop.hdds.scm.container.placement.algorithms.SCMContainerPlacementRandom.chooseDatanodes(SCMContainerPlacementRandom.java:78)
	at org.apache.hadoop.hdds.scm.container.ReplicationManager.handleUnderReplicatedContainer(ReplicationManager.java:1160)
	at org.apache.hadoop.hdds.scm.container.ReplicationManager.processContainer(ReplicationManager.java:516)
	at java.util.ArrayList.forEach(ArrayList.java:1259)
	at org.apache.hadoop.hdds.scm.container.ReplicationManager.processAll(ReplicationManager.java:369)
	at org.apache.hadoop.hdds.scm.container.ReplicationManager.run(ReplicationManager.java:383)
	at java.lang.Thread.run(Thread.java:748)
2021-10-06 14:02:55,020 [ReplicationMonitor] ERROR scm.SCMCommonPlacementPolicy (SCMCommonPlacementPolicy.java:chooseDatanodes(140)) - No healthy node found to allocate container.
2021-10-06 14:02:55,020 [ReplicationMonitor] WARN  container.ReplicationManager (ReplicationManager.java:handleUnderReplicatedContainer(1196)) - Exception while replicating container 2.
org.apache.hadoop.hdds.scm.exceptions.SCMException: No healthy node found to allocate container.
	at org.apache.hadoop.hdds.scm.SCMCommonPlacementPolicy.chooseDatanodes(SCMCommonPlacementPolicy.java:141)
	at org.apache.hadoop.hdds.scm.container.placement.algorithms.SCMContainerPlacementRandom.chooseDatanodes(SCMContainerPlacementRandom.java:78)
	at org.apache.hadoop.hdds.scm.container.ReplicationManager.handleUnderReplicatedContainer(ReplicationManager.java:1160)
	at org.apache.hadoop.hdds.scm.container.ReplicationManager.processContainer(ReplicationManager.java:516)
	at java.util.ArrayList.forEach(ArrayList.java:1259)
	at org.apache.hadoop.hdds.scm.container.ReplicationManager.processAll(ReplicationManager.java:369)
	at org.apache.hadoop.hdds.scm.container.ReplicationManager.run(ReplicationManager.java:383)
	at java.lang.Thread.run(Thread.java:748)
2021-10-06 14:02:55,020 [ReplicationMonitor] ERROR scm.SCMCommonPlacementPolicy (SCMCommonPlacementPolicy.java:chooseDatanodes(149)) - Not enough healthy nodes to allocate container. 2  datanodes required. Found 1
2021-10-06 14:02:55,020 [ReplicationMonitor] WARN  container.ReplicationManager (ReplicationManager.java:handleUnderReplicatedContainer(1196)) - Exception while replicating container 3.
org.apache.hadoop.hdds.scm.exceptions.SCMException: Not enough healthy nodes to allocate container. 2  datanodes required. Found 1
	at org.apache.hadoop.hdds.scm.SCMCommonPlacementPolicy.chooseDatanodes(SCMCommonPlacementPolicy.java:150)
	at org.apache.hadoop.hdds.scm.container.placement.algorithms.SCMContainerPlacementRandom.chooseDatanodes(SCMContainerPlacementRandom.java:78)
	at org.apache.hadoop.hdds.scm.container.ReplicationManager.handleUnderReplicatedContainer(ReplicationManager.java:1160)
	at org.apache.hadoop.hdds.scm.container.ReplicationManager.processContainer(ReplicationManager.java:516)
	at java.util.ArrayList.forEach(ArrayList.java:1259)
	at org.apache.hadoop.hdds.scm.container.ReplicationManager.processAll(ReplicationManager.java:369)
	at org.apache.hadoop.hdds.scm.container.ReplicationManager.run(ReplicationManager.java:383)
	at java.lang.Thread.run(Thread.java:748)
2021-10-06 14:02:55,020 [ReplicationMonitor] ERROR scm.SCMCommonPlacementPolicy (SCMCommonPlacementPolicy.java:chooseDatanodes(140)) - No healthy node found to allocate container.
2021-10-06 14:02:55,020 [ReplicationMonitor] WARN  container.ReplicationManager (ReplicationManager.java:handleUnderReplicatedContainer(1196)) - Exception while replicating container 4.
org.apache.hadoop.hdds.scm.exceptions.SCMException: No healthy node found to allocate container.
	at org.apache.hadoop.hdds.scm.SCMCommonPlacementPolicy.chooseDatanodes(SCMCommonPlacementPolicy.java:141)
	at org.apache.hadoop.hdds.scm.container.placement.algorithms.SCMContainerPlacementRandom.chooseDatanodes(SCMContainerPlacementRandom.java:78)
	at org.apache.hadoop.hdds.scm.container.ReplicationManager.handleUnderReplicatedContainer(ReplicationManager.java:1160)
	at org.apache.hadoop.hdds.scm.container.ReplicationManager.processContainer(ReplicationManager.java:516)
	at java.util.ArrayList.forEach(ArrayList.java:1259)
	at org.apache.hadoop.hdds.scm.container.ReplicationManager.processAll(ReplicationManager.java:369)
	at org.apache.hadoop.hdds.scm.container.ReplicationManager.run(ReplicationManager.java:383)
	at java.lang.Thread.run(Thread.java:748)
2021-10-06 14:02:55,021 [ReplicationMonitor] ERROR scm.SCMCommonPlacementPolicy (SCMCommonPlacementPolicy.java:chooseDatanodes(140)) - No healthy node found to allocate container.
2021-10-06 14:02:55,021 [ReplicationMonitor] WARN  container.ReplicationManager (ReplicationManager.java:handleUnderReplicatedContainer(1196)) - Exception while replicating container 5.
org.apache.hadoop.hdds.scm.exceptions.SCMException: No healthy node found to allocate container.
	at org.apache.hadoop.hdds.scm.SCMCommonPlacementPolicy.chooseDatanodes(SCMCommonPlacementPolicy.java:141)
	at org.apache.hadoop.hdds.scm.container.placement.algorithms.SCMContainerPlacementRandom.chooseDatanodes(SCMContainerPlacementRandom.java:78)
	at org.apache.hadoop.hdds.scm.container.ReplicationManager.handleUnderReplicatedContainer(ReplicationManager.java:1160)
	at org.apache.hadoop.hdds.scm.container.ReplicationManager.processContainer(ReplicationManager.java:516)
	at java.util.ArrayList.forEach(ArrayList.java:1259)
	at org.apache.hadoop.hdds.scm.container.ReplicationManager.processAll(ReplicationManager.java:369)
	at org.apache.hadoop.hdds.scm.container.ReplicationManager.run(ReplicationManager.java:383)
	at java.lang.Thread.run(Thread.java:748)
2021-10-06 14:02:55,021 [ReplicationMonitor] ERROR scm.SCMCommonPlacementPolicy (SCMCommonPlacementPolicy.java:chooseDatanodes(149)) - Not enough healthy nodes to allocate container. 2  datanodes required. Found 1
2021-10-06 14:02:55,021 [ReplicationMonitor] WARN  container.ReplicationManager (ReplicationManager.java:handleUnderReplicatedContainer(1196)) - Exception while replicating container 6.
org.apache.hadoop.hdds.scm.exceptions.SCMException: Not enough healthy nodes to allocate container. 2  datanodes required. Found 1
	at org.apache.hadoop.hdds.scm.SCMCommonPlacementPolicy.chooseDatanodes(SCMCommonPlacementPolicy.java:150)
	at org.apache.hadoop.hdds.scm.container.placement.algorithms.SCMContainerPlacementRandom.chooseDatanodes(SCMContainerPlacementRandom.java:78)
	at org.apache.hadoop.hdds.scm.container.ReplicationManager.handleUnderReplicatedContainer(ReplicationManager.java:1160)
	at org.apache.hadoop.hdds.scm.container.ReplicationManager.processContainer(ReplicationManager.java:516)
	at java.util.ArrayList.forEach(ArrayList.java:1259)
	at org.apache.hadoop.hdds.scm.container.ReplicationManager.processAll(ReplicationManager.java:369)
	at org.apache.hadoop.hdds.scm.container.ReplicationManager.run(ReplicationManager.java:383)
	at java.lang.Thread.run(Thread.java:748)
2021-10-06 14:02:55,021 [ReplicationMonitor] INFO  container.ReplicationManager (ReplicationManager.java:processAll(371)) - Replication Monitor Thread took 2 milliseconds for processing 6 containers.
2021-10-06 14:02:56,022 [ReplicationMonitor] ERROR scm.SCMCommonPlacementPolicy (SCMCommonPlacementPolicy.java:chooseDatanodes(140)) - No healthy node found to allocate container.
2021-10-06 14:02:56,022 [ReplicationMonitor] WARN  container.ReplicationManager (ReplicationManager.java:handleUnderReplicatedContainer(1196)) - Exception while replicating container 1.
org.apache.hadoop.hdds.scm.exceptions.SCMException: No healthy node found to allocate container.
	at org.apache.hadoop.hdds.scm.SCMCommonPlacementPolicy.chooseDatanodes(SCMCommonPlacementPolicy.java:141)
	at org.apache.hadoop.hdds.scm.container.placement.algorithms.SCMContainerPlacementRandom.chooseDatanodes(SCMContainerPlacementRandom.java:78)
	at org.apache.hadoop.hdds.scm.container.ReplicationManager.handleUnderReplicatedContainer(ReplicationManager.java:1160)
	at org.apache.hadoop.hdds.scm.container.ReplicationManager.processContainer(ReplicationManager.java:516)
	at java.util.ArrayList.forEach(ArrayList.java:1259)
	at org.apache.hadoop.hdds.scm.container.ReplicationManager.processAll(ReplicationManager.java:369)
	at org.apache.hadoop.hdds.scm.container.ReplicationManager.run(ReplicationManager.java:383)
	at java.lang.Thread.run(Thread.java:748)
2021-10-06 14:02:56,022 [ReplicationMonitor] ERROR scm.SCMCommonPlacementPolicy (SCMCommonPlacementPolicy.java:chooseDatanodes(140)) - No healthy node found to allocate container.
2021-10-06 14:02:56,022 [ReplicationMonitor] WARN  container.ReplicationManager (ReplicationManager.java:handleUnderReplicatedContainer(1196)) - Exception while replicating container 2.
org.apache.hadoop.hdds.scm.exceptions.SCMException: No healthy node found to allocate container.
	at org.apache.hadoop.hdds.scm.SCMCommonPlacementPolicy.chooseDatanodes(SCMCommonPlacementPolicy.java:141)
	at org.apache.hadoop.hdds.scm.container.placement.algorithms.SCMContainerPlacementRandom.chooseDatanodes(SCMContainerPlacementRandom.java:78)
	at org.apache.hadoop.hdds.scm.container.ReplicationManager.handleUnderReplicatedContainer(ReplicationManager.java:1160)
	at org.apache.hadoop.hdds.scm.container.ReplicationManager.processContainer(ReplicationManager.java:516)
	at java.util.ArrayList.forEach(ArrayList.java:1259)
	at org.apache.hadoop.hdds.scm.container.ReplicationManager.processAll(ReplicationManager.java:369)
	at org.apache.hadoop.hdds.scm.container.ReplicationManager.run(ReplicationManager.java:383)
	at java.lang.Thread.run(Thread.java:748)
2021-10-06 14:02:56,022 [ReplicationMonitor] ERROR scm.SCMCommonPlacementPolicy (SCMCommonPlacementPolicy.java:chooseDatanodes(149)) - Not enough healthy nodes to allocate container. 2  datanodes required. Found 1
2021-10-06 14:02:56,023 [ReplicationMonitor] WARN  container.ReplicationManager (ReplicationManager.java:handleUnderReplicatedContainer(1196)) - Exception while replicating container 3.
org.apache.hadoop.hdds.scm.exceptions.SCMException: Not enough healthy nodes to allocate container. 2  datanodes required. Found 1
	at org.apache.hadoop.hdds.scm.SCMCommonPlacementPolicy.chooseDatanodes(SCMCommonPlacementPolicy.java:150)
	at org.apache.hadoop.hdds.scm.container.placement.algorithms.SCMContainerPlacementRandom.chooseDatanodes(SCMContainerPlacementRandom.java:78)
	at org.apache.hadoop.hdds.scm.container.ReplicationManager.handleUnderReplicatedContainer(ReplicationManager.java:1160)
	at org.apache.hadoop.hdds.scm.container.ReplicationManager.processContainer(ReplicationManager.java:516)
	at java.util.ArrayList.forEach(ArrayList.java:1259)
	at org.apache.hadoop.hdds.scm.container.ReplicationManager.processAll(ReplicationManager.java:369)
	at org.apache.hadoop.hdds.scm.container.ReplicationManager.run(ReplicationManager.java:383)
	at java.lang.Thread.run(Thread.java:748)
2021-10-06 14:02:56,023 [ReplicationMonitor] ERROR scm.SCMCommonPlacementPolicy (SCMCommonPlacementPolicy.java:chooseDatanodes(140)) - No healthy node found to allocate container.
2021-10-06 14:02:56,023 [ReplicationMonitor] WARN  container.ReplicationManager (ReplicationManager.java:handleUnderReplicatedContainer(1196)) - Exception while replicating container 4.
org.apache.hadoop.hdds.scm.exceptions.SCMException: No healthy node found to allocate container.
	at org.apache.hadoop.hdds.scm.SCMCommonPlacementPolicy.chooseDatanodes(SCMCommonPlacementPolicy.java:141)
	at org.apache.hadoop.hdds.scm.container.placement.algorithms.SCMContainerPlacementRandom.chooseDatanodes(SCMContainerPlacementRandom.java:78)
	at org.apache.hadoop.hdds.scm.container.ReplicationManager.handleUnderReplicatedContainer(ReplicationManager.java:1160)
	at org.apache.hadoop.hdds.scm.container.ReplicationManager.processContainer(ReplicationManager.java:516)
	at java.util.ArrayList.forEach(ArrayList.java:1259)
	at org.apache.hadoop.hdds.scm.container.ReplicationManager.processAll(ReplicationManager.java:369)
	at org.apache.hadoop.hdds.scm.container.ReplicationManager.run(ReplicationManager.java:383)
	at java.lang.Thread.run(Thread.java:748)
2021-10-06 14:02:56,023 [ReplicationMonitor] ERROR scm.SCMCommonPlacementPolicy (SCMCommonPlacementPolicy.java:chooseDatanodes(140)) - No healthy node found to allocate container.
2021-10-06 14:02:56,023 [ReplicationMonitor] WARN  container.ReplicationManager (ReplicationManager.java:handleUnderReplicatedContainer(1196)) - Exception while replicating container 5.
org.apache.hadoop.hdds.scm.exceptions.SCMException: No healthy node found to allocate container.
	at org.apache.hadoop.hdds.scm.SCMCommonPlacementPolicy.chooseDatanodes(SCMCommonPlacementPolicy.java:141)
	at org.apache.hadoop.hdds.scm.container.placement.algorithms.SCMContainerPlacementRandom.chooseDatanodes(SCMContainerPlacementRandom.java:78)
	at org.apache.hadoop.hdds.scm.container.ReplicationManager.handleUnderReplicatedContainer(ReplicationManager.java:1160)
	at org.apache.hadoop.hdds.scm.container.ReplicationManager.processContainer(ReplicationManager.java:516)
	at java.util.ArrayList.forEach(ArrayList.java:1259)
	at org.apache.hadoop.hdds.scm.container.ReplicationManager.processAll(ReplicationManager.java:369)
	at org.apache.hadoop.hdds.scm.container.ReplicationManager.run(ReplicationManager.java:383)
	at java.lang.Thread.run(Thread.java:748)
2021-10-06 14:02:56,023 [ReplicationMonitor] ERROR scm.SCMCommonPlacementPolicy (SCMCommonPlacementPolicy.java:chooseDatanodes(149)) - Not enough healthy nodes to allocate container. 2  datanodes required. Found 1
2021-10-06 14:02:56,023 [ReplicationMonitor] WARN  container.ReplicationManager (ReplicationManager.java:handleUnderReplicatedContainer(1196)) - Exception while replicating container 6.
org.apache.hadoop.hdds.scm.exceptions.SCMException: Not enough healthy nodes to allocate container. 2  datanodes required. Found 1
	at org.apache.hadoop.hdds.scm.SCMCommonPlacementPolicy.chooseDatanodes(SCMCommonPlacementPolicy.java:150)
	at org.apache.hadoop.hdds.scm.container.placement.algorithms.SCMContainerPlacementRandom.chooseDatanodes(SCMContainerPlacementRandom.java:78)
	at org.apache.hadoop.hdds.scm.container.ReplicationManager.handleUnderReplicatedContainer(ReplicationManager.java:1160)
	at org.apache.hadoop.hdds.scm.container.ReplicationManager.processContainer(ReplicationManager.java:516)
	at java.util.ArrayList.forEach(ArrayList.java:1259)
	at org.apache.hadoop.hdds.scm.container.ReplicationManager.processAll(ReplicationManager.java:369)
	at org.apache.hadoop.hdds.scm.container.ReplicationManager.run(ReplicationManager.java:383)
	at java.lang.Thread.run(Thread.java:748)
2021-10-06 14:02:56,023 [ReplicationMonitor] INFO  container.ReplicationManager (ReplicationManager.java:processAll(371)) - Replication Monitor Thread took 2 milliseconds for processing 6 containers.
2021-10-06 14:02:57,024 [ReplicationMonitor] ERROR scm.SCMCommonPlacementPolicy (SCMCommonPlacementPolicy.java:chooseDatanodes(140)) - No healthy node found to allocate container.
2021-10-06 14:02:57,024 [ReplicationMonitor] WARN  container.ReplicationManager (ReplicationManager.java:handleUnderReplicatedContainer(1196)) - Exception while replicating container 1.
org.apache.hadoop.hdds.scm.exceptions.SCMException: No healthy node found to allocate container.
	at org.apache.hadoop.hdds.scm.SCMCommonPlacementPolicy.chooseDatanodes(SCMCommonPlacementPolicy.java:141)
	at org.apache.hadoop.hdds.scm.container.placement.algorithms.SCMContainerPlacementRandom.chooseDatanodes(SCMContainerPlacementRandom.java:78)
	at org.apache.hadoop.hdds.scm.container.ReplicationManager.handleUnderReplicatedContainer(ReplicationManager.java:1160)
	at org.apache.hadoop.hdds.scm.container.ReplicationManager.processContainer(ReplicationManager.java:516)
	at java.util.ArrayList.forEach(ArrayList.java:1259)
	at org.apache.hadoop.hdds.scm.container.ReplicationManager.processAll(ReplicationManager.java:369)
	at org.apache.hadoop.hdds.scm.container.ReplicationManager.run(ReplicationManager.java:383)
	at java.lang.Thread.run(Thread.java:748)
2021-10-06 14:02:57,024 [ReplicationMonitor] ERROR scm.SCMCommonPlacementPolicy (SCMCommonPlacementPolicy.java:chooseDatanodes(140)) - No healthy node found to allocate container.
2021-10-06 14:02:57,024 [ReplicationMonitor] WARN  container.ReplicationManager (ReplicationManager.java:handleUnderReplicatedContainer(1196)) - Exception while replicating container 2.
org.apache.hadoop.hdds.scm.exceptions.SCMException: No healthy node found to allocate container.
	at org.apache.hadoop.hdds.scm.SCMCommonPlacementPolicy.chooseDatanodes(SCMCommonPlacementPolicy.java:141)
	at org.apache.hadoop.hdds.scm.container.placement.algorithms.SCMContainerPlacementRandom.chooseDatanodes(SCMContainerPlacementRandom.java:78)
	at org.apache.hadoop.hdds.scm.container.ReplicationManager.handleUnderReplicatedContainer(ReplicationManager.java:1160)
	at org.apache.hadoop.hdds.scm.container.ReplicationManager.processContainer(ReplicationManager.java:516)
	at java.util.ArrayList.forEach(ArrayList.java:1259)
	at org.apache.hadoop.hdds.scm.container.ReplicationManager.processAll(ReplicationManager.java:369)
	at org.apache.hadoop.hdds.scm.container.ReplicationManager.run(ReplicationManager.java:383)
	at java.lang.Thread.run(Thread.java:748)
2021-10-06 14:02:57,024 [ReplicationMonitor] ERROR scm.SCMCommonPlacementPolicy (SCMCommonPlacementPolicy.java:chooseDatanodes(149)) - Not enough healthy nodes to allocate container. 2  datanodes required. Found 1
2021-10-06 14:02:57,024 [ReplicationMonitor] WARN  container.ReplicationManager (ReplicationManager.java:handleUnderReplicatedContainer(1196)) - Exception while replicating container 3.
org.apache.hadoop.hdds.scm.exceptions.SCMException: Not enough healthy nodes to allocate container. 2  datanodes required. Found 1
	at org.apache.hadoop.hdds.scm.SCMCommonPlacementPolicy.chooseDatanodes(SCMCommonPlacementPolicy.java:150)
	at org.apache.hadoop.hdds.scm.container.placement.algorithms.SCMContainerPlacementRandom.chooseDatanodes(SCMContainerPlacementRandom.java:78)
	at org.apache.hadoop.hdds.scm.container.ReplicationManager.handleUnderReplicatedContainer(ReplicationManager.java:1160)
	at org.apache.hadoop.hdds.scm.container.ReplicationManager.processContainer(ReplicationManager.java:516)
	at java.util.ArrayList.forEach(ArrayList.java:1259)
	at org.apache.hadoop.hdds.scm.container.ReplicationManager.processAll(ReplicationManager.java:369)
	at org.apache.hadoop.hdds.scm.container.ReplicationManager.run(ReplicationManager.java:383)
	at java.lang.Thread.run(Thread.java:748)
2021-10-06 14:02:57,024 [ReplicationMonitor] ERROR scm.SCMCommonPlacementPolicy (SCMCommonPlacementPolicy.java:chooseDatanodes(140)) - No healthy node found to allocate container.
2021-10-06 14:02:57,024 [ReplicationMonitor] WARN  container.ReplicationManager (ReplicationManager.java:handleUnderReplicatedContainer(1196)) - Exception while replicating container 4.
org.apache.hadoop.hdds.scm.exceptions.SCMException: No healthy node found to allocate container.
	at org.apache.hadoop.hdds.scm.SCMCommonPlacementPolicy.chooseDatanodes(SCMCommonPlacementPolicy.java:141)
	at org.apache.hadoop.hdds.scm.container.placement.algorithms.SCMContainerPlacementRandom.chooseDatanodes(SCMContainerPlacementRandom.java:78)
	at org.apache.hadoop.hdds.scm.container.ReplicationManager.handleUnderReplicatedContainer(ReplicationManager.java:1160)
	at org.apache.hadoop.hdds.scm.container.ReplicationManager.processContainer(ReplicationManager.java:516)
	at java.util.ArrayList.forEach(ArrayList.java:1259)
	at org.apache.hadoop.hdds.scm.container.ReplicationManager.processAll(ReplicationManager.java:369)
	at org.apache.hadoop.hdds.scm.container.ReplicationManager.run(ReplicationManager.java:383)
	at java.lang.Thread.run(Thread.java:748)
2021-10-06 14:02:57,027 [ReplicationMonitor] ERROR scm.SCMCommonPlacementPolicy (SCMCommonPlacementPolicy.java:chooseDatanodes(140)) - No healthy node found to allocate container.
2021-10-06 14:02:57,027 [ReplicationMonitor] WARN  container.ReplicationManager (ReplicationManager.java:handleUnderReplicatedContainer(1196)) - Exception while replicating container 5.
org.apache.hadoop.hdds.scm.exceptions.SCMException: No healthy node found to allocate container.
	at org.apache.hadoop.hdds.scm.SCMCommonPlacementPolicy.chooseDatanodes(SCMCommonPlacementPolicy.java:141)
	at org.apache.hadoop.hdds.scm.container.placement.algorithms.SCMContainerPlacementRandom.chooseDatanodes(SCMContainerPlacementRandom.java:78)
	at org.apache.hadoop.hdds.scm.container.ReplicationManager.handleUnderReplicatedContainer(ReplicationManager.java:1160)
	at org.apache.hadoop.hdds.scm.container.ReplicationManager.processContainer(ReplicationManager.java:516)
	at java.util.ArrayList.forEach(ArrayList.java:1259)
	at org.apache.hadoop.hdds.scm.container.ReplicationManager.processAll(ReplicationManager.java:369)
	at org.apache.hadoop.hdds.scm.container.ReplicationManager.run(ReplicationManager.java:383)
	at java.lang.Thread.run(Thread.java:748)
2021-10-06 14:02:57,027 [ReplicationMonitor] ERROR scm.SCMCommonPlacementPolicy (SCMCommonPlacementPolicy.java:chooseDatanodes(149)) - Not enough healthy nodes to allocate container. 2  datanodes required. Found 1
2021-10-06 14:02:57,027 [ReplicationMonitor] WARN  container.ReplicationManager (ReplicationManager.java:handleUnderReplicatedContainer(1196)) - Exception while replicating container 6.
org.apache.hadoop.hdds.scm.exceptions.SCMException: Not enough healthy nodes to allocate container. 2  datanodes required. Found 1
	at org.apache.hadoop.hdds.scm.SCMCommonPlacementPolicy.chooseDatanodes(SCMCommonPlacementPolicy.java:150)
	at org.apache.hadoop.hdds.scm.container.placement.algorithms.SCMContainerPlacementRandom.chooseDatanodes(SCMContainerPlacementRandom.java:78)
	at org.apache.hadoop.hdds.scm.container.ReplicationManager.handleUnderReplicatedContainer(ReplicationManager.java:1160)
	at org.apache.hadoop.hdds.scm.container.ReplicationManager.processContainer(ReplicationManager.java:516)
	at java.util.ArrayList.forEach(ArrayList.java:1259)
	at org.apache.hadoop.hdds.scm.container.ReplicationManager.processAll(ReplicationManager.java:369)
	at org.apache.hadoop.hdds.scm.container.ReplicationManager.run(ReplicationManager.java:383)
	at java.lang.Thread.run(Thread.java:748)
2021-10-06 14:02:57,027 [ReplicationMonitor] INFO  container.ReplicationManager (ReplicationManager.java:processAll(371)) - Replication Monitor Thread took 4 milliseconds for processing 6 containers.
2021-10-06 14:02:57,596 [EventQueue-StaleNodeForStaleNodeHandler] INFO  node.StaleNodeHandler (StaleNodeHandler.java:onMessage(58)) - Datanode eba57d49-72f8-43a5-8775-56e708340c1b{ip: 10.1.0.31, host: fv-az151-432.yf2hydr00wburbhx3j5hxtcipe.bx.internal.cloudapp.net, ports: [REPLICATION=33349, RATIS=39081, RATIS_ADMIN=39081, RATIS_SERVER=39081, STANDALONE=38473], networkLocation: /default-rack, certSerialId: null, persistedOpState: IN_SERVICE, persistedOpStateExpiryEpochSec: 0} moved to stale state. Finalizing its pipelines [PipelineID=8ce3c44c-fc83-40ef-b106-b1e75ff5a6af]
2021-10-06 14:02:57,597 [EventQueue-StaleNodeForStaleNodeHandler] INFO  pipeline.PipelineManagerImpl (PipelineManagerImpl.java:closePipeline(342)) - Pipeline Pipeline[ Id: 8ce3c44c-fc83-40ef-b106-b1e75ff5a6af, Nodes: eba57d49-72f8-43a5-8775-56e708340c1b{ip: 10.1.0.31, host: fv-az151-432.yf2hydr00wburbhx3j5hxtcipe.bx.internal.cloudapp.net, ports: [REPLICATION=33349, RATIS=39081, RATIS_ADMIN=39081, RATIS_SERVER=39081, STANDALONE=38473], networkLocation: /default-rack, certSerialId: null, persistedOpState: IN_MAINTENANCE, persistedOpStateExpiryEpochSec: 0}, ReplicationConfig: RATIS/ONE, State:OPEN, leaderId:eba57d49-72f8-43a5-8775-56e708340c1b, CreationTimestamp2021-10-06T14:02:30.908Z[Etc/UTC]] moved to CLOSED state
2021-10-06 14:02:57,997 [EventQueue-StaleNodeForStaleNodeHandler] INFO  node.StaleNodeHandler (StaleNodeHandler.java:onMessage(58)) - Datanode 885e77a2-4494-44f0-9ae6-a931be9fbaf0{ip: 10.1.0.31, host: fv-az151-432.yf2hydr00wburbhx3j5hxtcipe.bx.internal.cloudapp.net, ports: [REPLICATION=38673, RATIS=39235, RATIS_ADMIN=39235, RATIS_SERVER=39235, STANDALONE=34029], networkLocation: /default-rack, certSerialId: null, persistedOpState: IN_SERVICE, persistedOpStateExpiryEpochSec: 0} moved to stale state. Finalizing its pipelines [PipelineID=9e8bf5b5-f93b-4525-bea6-658ee8524cef]
2021-10-06 14:02:57,997 [EventQueue-StaleNodeForStaleNodeHandler] INFO  pipeline.PipelineManagerImpl (PipelineManagerImpl.java:closePipeline(342)) - Pipeline Pipeline[ Id: 9e8bf5b5-f93b-4525-bea6-658ee8524cef, Nodes: 885e77a2-4494-44f0-9ae6-a931be9fbaf0{ip: 10.1.0.31, host: fv-az151-432.yf2hydr00wburbhx3j5hxtcipe.bx.internal.cloudapp.net, ports: [REPLICATION=38673, RATIS=39235, RATIS_ADMIN=39235, RATIS_SERVER=39235, STANDALONE=34029], networkLocation: /default-rack, certSerialId: null, persistedOpState: IN_SERVICE, persistedOpStateExpiryEpochSec: 0}, ReplicationConfig: RATIS/ONE, State:OPEN, leaderId:885e77a2-4494-44f0-9ae6-a931be9fbaf0, CreationTimestamp2021-10-06T14:01:41.559Z[Etc/UTC]] moved to CLOSED state
2021-10-06 14:02:58,027 [ReplicationMonitor] WARN  container.ReplicationManager (ReplicationManager.java:handleUnderReplicatedContainer(1192)) - Cannot replicate container #1, no healthy replica found.
2021-10-06 14:02:58,028 [ReplicationMonitor] WARN  container.ReplicationManager (ReplicationManager.java:handleUnderReplicatedContainer(1192)) - Cannot replicate container #2, no healthy replica found.
2021-10-06 14:02:58,028 [ReplicationMonitor] WARN  container.ReplicationManager (ReplicationManager.java:handleUnderReplicatedContainer(1192)) - Cannot replicate container #3, no healthy replica found.
2021-10-06 14:02:58,028 [ReplicationMonitor] WARN  container.ReplicationManager (ReplicationManager.java:handleUnderReplicatedContainer(1192)) - Cannot replicate container #4, no healthy replica found.
2021-10-06 14:02:58,028 [ReplicationMonitor] WARN  container.ReplicationManager (ReplicationManager.java:handleUnderReplicatedContainer(1192)) - Cannot replicate container #5, no healthy replica found.
2021-10-06 14:02:58,028 [ReplicationMonitor] WARN  container.ReplicationManager (ReplicationManager.java:handleUnderReplicatedContainer(1192)) - Cannot replicate container #6, no healthy replica found.
2021-10-06 14:02:58,028 [ReplicationMonitor] INFO  container.ReplicationManager (ReplicationManager.java:processAll(371)) - Replication Monitor Thread took 0 milliseconds for processing 6 containers.
2021-10-06 14:02:59,028 [ReplicationMonitor] WARN  container.ReplicationManager (ReplicationManager.java:handleUnderReplicatedContainer(1192)) - Cannot replicate container #1, no healthy replica found.
2021-10-06 14:02:59,028 [ReplicationMonitor] WARN  container.ReplicationManager (ReplicationManager.java:handleUnderReplicatedContainer(1192)) - Cannot replicate container #2, no healthy replica found.
2021-10-06 14:02:59,029 [ReplicationMonitor] WARN  container.ReplicationManager (ReplicationManager.java:handleUnderReplicatedContainer(1192)) - Cannot replicate container #3, no healthy replica found.
2021-10-06 14:02:59,029 [ReplicationMonitor] WARN  container.ReplicationManager (ReplicationManager.java:handleUnderReplicatedContainer(1192)) - Cannot replicate container #4, no healthy replica found.
2021-10-06 14:02:59,029 [ReplicationMonitor] WARN  container.ReplicationManager (ReplicationManager.java:handleUnderReplicatedContainer(1192)) - Cannot replicate container #5, no healthy replica found.
2021-10-06 14:02:59,029 [ReplicationMonitor] WARN  container.ReplicationManager (ReplicationManager.java:handleUnderReplicatedContainer(1192)) - Cannot replicate container #6, no healthy replica found.
2021-10-06 14:02:59,029 [ReplicationMonitor] INFO  container.ReplicationManager (ReplicationManager.java:processAll(371)) - Replication Monitor Thread took 1 milliseconds for processing 6 containers.
2021-10-06 14:02:59,987 [ForkJoinPool.commonPool-worker-1] INFO  ozoneimpl.OzoneContainer (OzoneContainer.java:stop(325)) - Attempting to stop container services.
2021-10-06 14:02:59,988 [ForkJoinPool.commonPool-worker-1] INFO  server.RaftServer (RaftServerProxy.java:lambda$close$6(391)) - eba57d49-72f8-43a5-8775-56e708340c1b: close
2021-10-06 14:02:59,988 [ForkJoinPool.commonPool-worker-1] INFO  server.RaftServer$Division (RaftServerImpl.java:lambda$close$4(407)) - eba57d49-72f8-43a5-8775-56e708340c1b@group-B1E75FF5A6AF: shutdown
2021-10-06 14:02:59,988 [ForkJoinPool.commonPool-worker-1] INFO  util.JmxRegister (JmxRegister.java:unregister(73)) - Successfully un-registered JMX Bean with object name Ratis:service=RaftServer,group=group-B1E75FF5A6AF,id=eba57d49-72f8-43a5-8775-56e708340c1b
2021-10-06 14:02:59,988 [ForkJoinPool.commonPool-worker-1] INFO  impl.RoleInfo (RoleInfo.java:shutdownLeaderState(91)) - eba57d49-72f8-43a5-8775-56e708340c1b: shutdown eba57d49-72f8-43a5-8775-56e708340c1b@group-B1E75FF5A6AF-LeaderStateImpl
2021-10-06 14:02:59,988 [ForkJoinPool.commonPool-worker-1] INFO  impl.PendingRequests (PendingRequests.java:sendNotLeaderResponses(282)) - eba57d49-72f8-43a5-8775-56e708340c1b@group-B1E75FF5A6AF-PendingRequests: sendNotLeaderResponses
2021-10-06 14:02:59,989 [ForkJoinPool.commonPool-worker-1] INFO  impl.StateMachineUpdater (StateMachineUpdater.java:stopAndJoin(149)) - eba57d49-72f8-43a5-8775-56e708340c1b@group-B1E75FF5A6AF-StateMachineUpdater: set stopIndex = 0
2021-10-06 14:02:59,989 [eba57d49-72f8-43a5-8775-56e708340c1b@group-B1E75FF5A6AF-StateMachineUpdater] INFO  ratis.ContainerStateMachine (ContainerStateMachine.java:takeSnapshot(292)) - group-B1E75FF5A6AF: Taking a snapshot at:(t:1, i:0) file /home/runner/work/ozone/ozone/hadoop-ozone/integration-test/target/test-dir/MiniOzoneClusterImpl-e1b1dc9b-a907-4b87-a397-076a7696e0a8/datanode-0/data/ratis/8ce3c44c-fc83-40ef-b106-b1e75ff5a6af/sm/snapshot.1_0
2021-10-06 14:02:59,990 [Mini-Cluster-Provider-Reap] INFO  ozoneimpl.OzoneContainer (OzoneContainer.java:stop(325)) - Attempting to stop container services.
2021-10-06 14:02:59,990 [Mini-Cluster-Provider-Reap] INFO  server.RaftServer (RaftServerProxy.java:lambda$close$6(391)) - 885e77a2-4494-44f0-9ae6-a931be9fbaf0: close
2021-10-06 14:02:59,991 [Mini-Cluster-Provider-Reap] INFO  server.RaftServer$Division (RaftServerImpl.java:lambda$close$4(407)) - 885e77a2-4494-44f0-9ae6-a931be9fbaf0@group-658EE8524CEF: shutdown
2021-10-06 14:02:59,991 [Mini-Cluster-Provider-Reap] INFO  util.JmxRegister (JmxRegister.java:unregister(73)) - Successfully un-registered JMX Bean with object name Ratis:service=RaftServer,group=group-658EE8524CEF,id=885e77a2-4494-44f0-9ae6-a931be9fbaf0
2021-10-06 14:02:59,991 [Mini-Cluster-Provider-Reap] INFO  impl.RoleInfo (RoleInfo.java:shutdownLeaderState(91)) - 885e77a2-4494-44f0-9ae6-a931be9fbaf0: shutdown 885e77a2-4494-44f0-9ae6-a931be9fbaf0@group-658EE8524CEF-LeaderStateImpl
2021-10-06 14:02:59,991 [Mini-Cluster-Provider-Reap] INFO  impl.PendingRequests (PendingRequests.java:sendNotLeaderResponses(282)) - 885e77a2-4494-44f0-9ae6-a931be9fbaf0@group-658EE8524CEF-PendingRequests: sendNotLeaderResponses
2021-10-06 14:02:59,991 [Mini-Cluster-Provider-Reap] INFO  impl.StateMachineUpdater (StateMachineUpdater.java:stopAndJoin(149)) - 885e77a2-4494-44f0-9ae6-a931be9fbaf0@group-658EE8524CEF-StateMachineUpdater: set stopIndex = 0
2021-10-06 14:02:59,992 [eba57d49-72f8-43a5-8775-56e708340c1b@group-B1E75FF5A6AF-StateMachineUpdater] INFO  ratis.ContainerStateMachine (ContainerStateMachine.java:takeSnapshot(303)) - group-B1E75FF5A6AF: Finished taking a snapshot at:(t:1, i:0) file:/home/runner/work/ozone/ozone/hadoop-ozone/integration-test/target/test-dir/MiniOzoneClusterImpl-e1b1dc9b-a907-4b87-a397-076a7696e0a8/datanode-0/data/ratis/8ce3c44c-fc83-40ef-b106-b1e75ff5a6af/sm/snapshot.1_0 took: 2 ms
2021-10-06 14:02:59,992 [eba57d49-72f8-43a5-8775-56e708340c1b@group-B1E75FF5A6AF-StateMachineUpdater] INFO  impl.StateMachineUpdater (StateMachineUpdater.java:takeSnapshot(281)) - eba57d49-72f8-43a5-8775-56e708340c1b@group-B1E75FF5A6AF-StateMachineUpdater: Took a snapshot at index 0
2021-10-06 14:02:59,992 [eba57d49-72f8-43a5-8775-56e708340c1b@group-B1E75FF5A6AF-StateMachineUpdater] INFO  impl.StateMachineUpdater (StateMachineUpdater.java:lambda$new$0(89)) - eba57d49-72f8-43a5-8775-56e708340c1b@group-B1E75FF5A6AF-StateMachineUpdater: snapshotIndex: updateIncreasingly -1 -> 0
2021-10-06 14:02:59,992 [ForkJoinPool.commonPool-worker-1] INFO  server.RaftServer$Division (ServerState.java:close(419)) - eba57d49-72f8-43a5-8775-56e708340c1b@group-B1E75FF5A6AF: closes. applyIndex: 0
2021-10-06 14:02:59,993 [885e77a2-4494-44f0-9ae6-a931be9fbaf0@group-658EE8524CEF-StateMachineUpdater] INFO  ratis.ContainerStateMachine (ContainerStateMachine.java:takeSnapshot(292)) - group-658EE8524CEF: Taking a snapshot at:(t:1, i:0) file /home/runner/work/ozone/ozone/hadoop-ozone/integration-test/target/test-dir/MiniOzoneClusterImpl-e1b1dc9b-a907-4b87-a397-076a7696e0a8/datanode-4/data/ratis/9e8bf5b5-f93b-4525-bea6-658ee8524cef/sm/snapshot.1_0
2021-10-06 14:02:59,994 [eba57d49-72f8-43a5-8775-56e708340c1b@group-B1E75FF5A6AF-SegmentedRaftLogWorker] INFO  segmented.SegmentedRaftLogWorker (SegmentedRaftLogWorker.java:run(327)) - eba57d49-72f8-43a5-8775-56e708340c1b@group-B1E75FF5A6AF-SegmentedRaftLogWorker was interrupted, exiting. There are 0 tasks remaining in the queue.
2021-10-06 14:02:59,994 [ForkJoinPool.commonPool-worker-1] INFO  segmented.SegmentedRaftLogWorker (SegmentedRaftLogWorker.java:close(237)) - eba57d49-72f8-43a5-8775-56e708340c1b@group-B1E75FF5A6AF-SegmentedRaftLogWorker close()
2021-10-06 14:02:59,994 [885e77a2-4494-44f0-9ae6-a931be9fbaf0@group-658EE8524CEF-StateMachineUpdater] INFO  ratis.ContainerStateMachine (ContainerStateMachine.java:takeSnapshot(303)) - group-658EE8524CEF: Finished taking a snapshot at:(t:1, i:0) file:/home/runner/work/ozone/ozone/hadoop-ozone/integration-test/target/test-dir/MiniOzoneClusterImpl-e1b1dc9b-a907-4b87-a397-076a7696e0a8/datanode-4/data/ratis/9e8bf5b5-f93b-4525-bea6-658ee8524cef/sm/snapshot.1_0 took: 1 ms
2021-10-06 14:03:00,007 [885e77a2-4494-44f0-9ae6-a931be9fbaf0@group-658EE8524CEF-StateMachineUpdater] INFO  impl.StateMachineUpdater (StateMachineUpdater.java:takeSnapshot(281)) - 885e77a2-4494-44f0-9ae6-a931be9fbaf0@group-658EE8524CEF-StateMachineUpdater: Took a snapshot at index 0
2021-10-06 14:03:00,007 [885e77a2-4494-44f0-9ae6-a931be9fbaf0@group-658EE8524CEF-StateMachineUpdater] INFO  impl.StateMachineUpdater (StateMachineUpdater.java:lambda$new$0(89)) - 885e77a2-4494-44f0-9ae6-a931be9fbaf0@group-658EE8524CEF-StateMachineUpdater: snapshotIndex: updateIncreasingly -1 -> 0
2021-10-06 14:03:00,007 [Mini-Cluster-Provider-Reap] INFO  server.RaftServer$Division (ServerState.java:close(419)) - 885e77a2-4494-44f0-9ae6-a931be9fbaf0@group-658EE8524CEF: closes. applyIndex: 0
2021-10-06 14:03:00,007 [885e77a2-4494-44f0-9ae6-a931be9fbaf0@group-658EE8524CEF-SegmentedRaftLogWorker] INFO  segmented.SegmentedRaftLogWorker (SegmentedRaftLogWorker.java:run(327)) - 885e77a2-4494-44f0-9ae6-a931be9fbaf0@group-658EE8524CEF-SegmentedRaftLogWorker was interrupted, exiting. There are 0 tasks remaining in the queue.
2021-10-06 14:02:59,995 [ForkJoinPool.commonPool-worker-1] INFO  server.GrpcService (GrpcService.java:closeImpl(262)) - eba57d49-72f8-43a5-8775-56e708340c1b: shutdown server with port 39081 now
2021-10-06 14:03:00,008 [Mini-Cluster-Provider-Reap] INFO  segmented.SegmentedRaftLogWorker (SegmentedRaftLogWorker.java:close(237)) - 885e77a2-4494-44f0-9ae6-a931be9fbaf0@group-658EE8524CEF-SegmentedRaftLogWorker close()
2021-10-06 14:03:00,008 [Mini-Cluster-Provider-Reap] INFO  server.GrpcService (GrpcService.java:closeImpl(262)) - 885e77a2-4494-44f0-9ae6-a931be9fbaf0: shutdown server with port 39235 now
2021-10-06 14:03:00,009 [grpc-default-executor-3] WARN  client.GrpcClientProtocolService (LogUtils.java:warn(122)) - 1-UnorderedRequestStreamObserver1: onError: org.apache.ratis.thirdparty.io.grpc.StatusRuntimeException: CANCELLED: client cancelled
2021-10-06 14:03:00,013 [Mini-Cluster-Provider-Reap] INFO  server.GrpcService (GrpcService.java:closeImpl(271)) - 885e77a2-4494-44f0-9ae6-a931be9fbaf0: shutdown server with port 39235 successfully
2021-10-06 14:03:00,013 [org.apache.ratis.util.JvmPauseMonitor$$Lambda$534/1340858740@1ad2a8c2] INFO  util.JvmPauseMonitor (JvmPauseMonitor.java:run(109)) - JvmPauseMonitor-885e77a2-4494-44f0-9ae6-a931be9fbaf0: Stopped
2021-10-06 14:03:00,013 [ForkJoinPool.commonPool-worker-1] INFO  server.GrpcService (GrpcService.java:closeImpl(271)) - eba57d49-72f8-43a5-8775-56e708340c1b: shutdown server with port 39081 successfully
2021-10-06 14:03:00,014 [org.apache.ratis.util.JvmPauseMonitor$$Lambda$534/1340858740@65506b14] INFO  util.JvmPauseMonitor (JvmPauseMonitor.java:run(109)) - JvmPauseMonitor-eba57d49-72f8-43a5-8775-56e708340c1b: Stopped
2021-10-06 14:03:00,015 [Mini-Cluster-Provider-Reap] INFO  utils.BackgroundService (BackgroundService.java:shutdown(132)) - Shutting down service BlockDeletingService
2021-10-06 14:03:00,016 [ForkJoinPool.commonPool-worker-1] INFO  utils.BackgroundService (BackgroundService.java:shutdown(132)) - Shutting down service BlockDeletingService
2021-10-06 14:03:00,032 [ReplicationMonitor] WARN  container.ReplicationManager (ReplicationManager.java:handleUnderReplicatedContainer(1192)) - Cannot replicate container #1, no healthy replica found.
2021-10-06 14:03:00,032 [ReplicationMonitor] WARN  container.ReplicationManager (ReplicationManager.java:handleUnderReplicatedContainer(1192)) - Cannot replicate container #2, no healthy replica found.
2021-10-06 14:03:00,032 [ReplicationMonitor] WARN  container.ReplicationManager (ReplicationManager.java:handleUnderReplicatedContainer(1192)) - Cannot replicate container #3, no healthy replica found.
2021-10-06 14:03:00,032 [ReplicationMonitor] WARN  container.ReplicationManager (ReplicationManager.java:handleUnderReplicatedContainer(1192)) - Cannot replicate container #4, no healthy replica found.
2021-10-06 14:03:00,032 [ReplicationMonitor] WARN  container.ReplicationManager (ReplicationManager.java:handleUnderReplicatedContainer(1192)) - Cannot replicate container #5, no healthy replica found.
2021-10-06 14:03:00,032 [ReplicationMonitor] WARN  container.ReplicationManager (ReplicationManager.java:handleUnderReplicatedContainer(1192)) - Cannot replicate container #6, no healthy replica found.
2021-10-06 14:03:00,032 [ReplicationMonitor] INFO  container.ReplicationManager (ReplicationManager.java:processAll(371)) - Replication Monitor Thread took 4 milliseconds for processing 6 containers.
2021-10-06 14:03:00,610 [EventQueue-DeadNodeForDeadNodeHandler] INFO  node.DeadNodeHandler (DeadNodeHandler.java:onMessage(80)) - A dead datanode is detected. eba57d49-72f8-43a5-8775-56e708340c1b{ip: 10.1.0.31, host: fv-az151-432.yf2hydr00wburbhx3j5hxtcipe.bx.internal.cloudapp.net, ports: [REPLICATION=33349, RATIS=39081, RATIS_ADMIN=39081, RATIS_SERVER=39081, STANDALONE=38473], networkLocation: /default-rack, certSerialId: null, persistedOpState: IN_SERVICE, persistedOpStateExpiryEpochSec: 0}
2021-10-06 14:03:00,610 [EventQueue-DeadNodeForDeadNodeHandler] INFO  pipeline.RatisPipelineProvider (RatisPipelineProvider.java:lambda$close$1(222)) - Send pipeline:PipelineID=8ce3c44c-fc83-40ef-b106-b1e75ff5a6af close command to datanode eba57d49-72f8-43a5-8775-56e708340c1b
2021-10-06 14:03:00,611 [EventQueue-DeadNodeForDeadNodeHandler] INFO  pipeline.PipelineStateManagerImpl (PipelineStateManagerImpl.java:removePipeline(211)) - Pipeline Pipeline[ Id: 8ce3c44c-fc83-40ef-b106-b1e75ff5a6af, Nodes: eba57d49-72f8-43a5-8775-56e708340c1b{ip: 10.1.0.31, host: fv-az151-432.yf2hydr00wburbhx3j5hxtcipe.bx.internal.cloudapp.net, ports: [REPLICATION=33349, RATIS=39081, RATIS_ADMIN=39081, RATIS_SERVER=39081, STANDALONE=38473], networkLocation: /default-rack, certSerialId: null, persistedOpState: IN_MAINTENANCE, persistedOpStateExpiryEpochSec: 0}, ReplicationConfig: RATIS/ONE, State:CLOSED, leaderId:eba57d49-72f8-43a5-8775-56e708340c1b, CreationTimestamp2021-10-06T14:02:30.908Z[Etc/UTC]] removed.
2021-10-06 14:03:00,611 [EventQueue-DeadNodeForDeadNodeHandler] INFO  net.NetworkTopologyImpl (NetworkTopologyImpl.java:remove(137)) - Removed a node: /default-rack/eba57d49-72f8-43a5-8775-56e708340c1b
2021-10-06 14:03:01,011 [EventQueue-DeadNodeForDeadNodeHandler] INFO  node.DeadNodeHandler (DeadNodeHandler.java:onMessage(80)) - A dead datanode is detected. 885e77a2-4494-44f0-9ae6-a931be9fbaf0{ip: 10.1.0.31, host: fv-az151-432.yf2hydr00wburbhx3j5hxtcipe.bx.internal.cloudapp.net, ports: [REPLICATION=38673, RATIS=39235, RATIS_ADMIN=39235, RATIS_SERVER=39235, STANDALONE=34029], networkLocation: /default-rack, certSerialId: null, persistedOpState: IN_SERVICE, persistedOpStateExpiryEpochSec: 0}
2021-10-06 14:03:01,011 [EventQueue-DeadNodeForDeadNodeHandler] INFO  pipeline.RatisPipelineProvider (RatisPipelineProvider.java:lambda$close$1(222)) - Send pipeline:PipelineID=9e8bf5b5-f93b-4525-bea6-658ee8524cef close command to datanode 885e77a2-4494-44f0-9ae6-a931be9fbaf0
2021-10-06 14:03:01,011 [EventQueue-DeadNodeForDeadNodeHandler] INFO  pipeline.PipelineStateManagerImpl (PipelineStateManagerImpl.java:removePipeline(211)) - Pipeline Pipeline[ Id: 9e8bf5b5-f93b-4525-bea6-658ee8524cef, Nodes: 885e77a2-4494-44f0-9ae6-a931be9fbaf0{ip: 10.1.0.31, host: fv-az151-432.yf2hydr00wburbhx3j5hxtcipe.bx.internal.cloudapp.net, ports: [REPLICATION=38673, RATIS=39235, RATIS_ADMIN=39235, RATIS_SERVER=39235, STANDALONE=34029], networkLocation: /default-rack, certSerialId: null, persistedOpState: IN_SERVICE, persistedOpStateExpiryEpochSec: 0}, ReplicationConfig: RATIS/ONE, State:CLOSED, leaderId:885e77a2-4494-44f0-9ae6-a931be9fbaf0, CreationTimestamp2021-10-06T14:01:41.559Z[Etc/UTC]] removed.
2021-10-06 14:03:01,012 [EventQueue-DeadNodeForDeadNodeHandler] INFO  net.NetworkTopologyImpl (NetworkTopologyImpl.java:remove(137)) - Removed a node: /default-rack/885e77a2-4494-44f0-9ae6-a931be9fbaf0
2021-10-06 14:03:01,033 [ReplicationMonitor] WARN  container.ReplicationManager (ReplicationManager.java:handleUnderReplicatedContainer(1192)) - Cannot replicate container #1, no healthy replica found.
2021-10-06 14:03:01,033 [ReplicationMonitor] WARN  container.ReplicationManager (ReplicationManager.java:handleUnderReplicatedContainer(1192)) - Cannot replicate container #2, no healthy replica found.
2021-10-06 14:03:01,033 [ReplicationMonitor] WARN  container.ReplicationManager (ReplicationManager.java:handleUnderReplicatedContainer(1192)) - Cannot replicate container #3, no healthy replica found.
2021-10-06 14:03:01,033 [ReplicationMonitor] WARN  container.ReplicationManager (ReplicationManager.java:handleUnderReplicatedContainer(1192)) - Cannot replicate container #4, no healthy replica found.
2021-10-06 14:03:01,033 [ReplicationMonitor] WARN  container.ReplicationManager (ReplicationManager.java:handleUnderReplicatedContainer(1192)) - Cannot replicate container #5, no healthy replica found.
2021-10-06 14:03:01,033 [ReplicationMonitor] WARN  container.ReplicationManager (ReplicationManager.java:handleUnderReplicatedContainer(1192)) - Cannot replicate container #6, no healthy replica found.
2021-10-06 14:03:01,033 [ReplicationMonitor] INFO  container.ReplicationManager (ReplicationManager.java:processAll(371)) - Replication Monitor Thread took 0 milliseconds for processing 6 containers.
2021-10-06 14:03:02,033 [ReplicationMonitor] WARN  container.ReplicationManager (ReplicationManager.java:handleUnderReplicatedContainer(1192)) - Cannot replicate container #1, no healthy replica found.
2021-10-06 14:03:02,033 [ReplicationMonitor] WARN  container.ReplicationManager (ReplicationManager.java:handleUnderReplicatedContainer(1192)) - Cannot replicate container #2, no healthy replica found.
2021-10-06 14:03:02,034 [ReplicationMonitor] WARN  container.ReplicationManager (ReplicationManager.java:handleUnderReplicatedContainer(1192)) - Cannot replicate container #3, no healthy replica found.
2021-10-06 14:03:02,034 [ReplicationMonitor] WARN  container.ReplicationManager (ReplicationManager.java:handleUnderReplicatedContainer(1192)) - Cannot replicate container #4, no healthy replica found.
2021-10-06 14:03:02,034 [ReplicationMonitor] WARN  container.ReplicationManager (ReplicationManager.java:handleUnderReplicatedContainer(1192)) - Cannot replicate container #5, no healthy replica found.
2021-10-06 14:03:02,034 [ReplicationMonitor] WARN  container.ReplicationManager (ReplicationManager.java:handleUnderReplicatedContainer(1192)) - Cannot replicate container #6, no healthy replica found.
2021-10-06 14:03:02,034 [ReplicationMonitor] INFO  container.ReplicationManager (ReplicationManager.java:processAll(371)) - Replication Monitor Thread took 0 milliseconds for processing 6 containers.
2021-10-06 14:03:03,030 [ForkJoinPool.commonPool-worker-1] INFO  statemachine.DatanodeStateMachine (DatanodeStateMachine.java:stopDaemon(515)) - Ozone container server stopped.
2021-10-06 14:03:03,034 [ReplicationMonitor] WARN  container.ReplicationManager (ReplicationManager.java:handleUnderReplicatedContainer(1192)) - Cannot replicate container #1, no healthy replica found.
2021-10-06 14:03:03,034 [ReplicationMonitor] WARN  container.ReplicationManager (ReplicationManager.java:handleUnderReplicatedContainer(1192)) - Cannot replicate container #2, no healthy replica found.
2021-10-06 14:03:03,034 [ReplicationMonitor] WARN  container.ReplicationManager (ReplicationManager.java:handleUnderReplicatedContainer(1192)) - Cannot replicate container #3, no healthy replica found.
2021-10-06 14:03:03,034 [ReplicationMonitor] WARN  container.ReplicationManager (ReplicationManager.java:handleUnderReplicatedContainer(1192)) - Cannot replicate container #4, no healthy replica found.
2021-10-06 14:03:03,034 [ReplicationMonitor] WARN  container.ReplicationManager (ReplicationManager.java:handleUnderReplicatedContainer(1192)) - Cannot replicate container #5, no healthy replica found.
2021-10-06 14:03:03,034 [ReplicationMonitor] WARN  container.ReplicationManager (ReplicationManager.java:handleUnderReplicatedContainer(1192)) - Cannot replicate container #6, no healthy replica found.
2021-10-06 14:03:03,034 [ReplicationMonitor] INFO  container.ReplicationManager (ReplicationManager.java:processAll(371)) - Replication Monitor Thread took 1 milliseconds for processing 6 containers.
2021-10-06 14:03:03,035 [ForkJoinPool.commonPool-worker-1] INFO  handler.ContextHandler (ContextHandler.java:doStop(1153)) - Stopped o.e.j.w.WebAppContext@1149b46e{hddsDatanode,/,null,STOPPED}{jar:file:/home/runner/.m2/repository/org/apache/ozone/hdds-container-service/1.2.0-SNAPSHOT/hdds-container-service-1.2.0-SNAPSHOT.jar!/webapps/hddsDatanode}
2021-10-06 14:03:03,035 [ForkJoinPool.commonPool-worker-1] INFO  server.AbstractConnector (AbstractConnector.java:doStop(381)) - Stopped ServerConnector@2248d447{HTTP/1.1, (http/1.1)}{0.0.0.0:0}
2021-10-06 14:03:03,036 [ForkJoinPool.commonPool-worker-1] INFO  server.session (HouseKeeper.java:stopScavenging(149)) - node0 Stopped scavenging
2021-10-06 14:03:03,036 [ForkJoinPool.commonPool-worker-1] INFO  handler.ContextHandler (ContextHandler.java:doStop(1153)) - Stopped o.e.j.s.ServletContextHandler@1048db10{static,/static,jar:file:/home/runner/.m2/repository/org/apache/ozone/hdds-container-service/1.2.0-SNAPSHOT/hdds-container-service-1.2.0-SNAPSHOT.jar!/webapps/static,STOPPED}
2021-10-06 14:03:03,036 [ForkJoinPool.commonPool-worker-1] INFO  handler.ContextHandler (ContextHandler.java:doStop(1153)) - Stopped o.e.j.s.ServletContextHandler@402170e4{logs,/logs,file:///home/runner/work/ozone/ozone/hadoop-ozone/integration-test/target/log,STOPPED}
2021-10-06 14:03:03,044 [Mini-Cluster-Provider-Reap] INFO  statemachine.DatanodeStateMachine (DatanodeStateMachine.java:stopDaemon(515)) - Ozone container server stopped.
2021-10-06 14:03:03,046 [Mini-Cluster-Provider-Reap] INFO  handler.ContextHandler (ContextHandler.java:doStop(1153)) - Stopped o.e.j.w.WebAppContext@5023180f{hddsDatanode,/,null,STOPPED}{jar:file:/home/runner/.m2/repository/org/apache/ozone/hdds-container-service/1.2.0-SNAPSHOT/hdds-container-service-1.2.0-SNAPSHOT.jar!/webapps/hddsDatanode}
2021-10-06 14:03:03,055 [Mini-Cluster-Provider-Reap] INFO  server.AbstractConnector (AbstractConnector.java:doStop(381)) - Stopped ServerConnector@e0ab63f{HTTP/1.1, (http/1.1)}{0.0.0.0:0}
2021-10-06 14:03:03,055 [Mini-Cluster-Provider-Reap] INFO  server.session (HouseKeeper.java:stopScavenging(149)) - node0 Stopped scavenging
2021-10-06 14:03:03,056 [Mini-Cluster-Provider-Reap] INFO  handler.ContextHandler (ContextHandler.java:doStop(1153)) - Stopped o.e.j.s.ServletContextHandler@74636d69{static,/static,jar:file:/home/runner/.m2/repository/org/apache/ozone/hdds-container-service/1.2.0-SNAPSHOT/hdds-container-service-1.2.0-SNAPSHOT.jar!/webapps/static,STOPPED}
2021-10-06 14:03:03,056 [Mini-Cluster-Provider-Reap] INFO  handler.ContextHandler (ContextHandler.java:doStop(1153)) - Stopped o.e.j.s.ServletContextHandler@555b90e5{logs,/logs,file:///home/runner/work/ozone/ozone/hadoop-ozone/integration-test/target/log,STOPPED}
2021-10-06 14:03:03,061 [Mini-Cluster-Provider-Reap] INFO  ozone.MiniOzoneClusterImpl (MiniOzoneClusterImpl.java:stopSCM(542)) - Stopping the StorageContainerManager
2021-10-06 14:03:03,061 [Mini-Cluster-Provider-Reap] INFO  server.StorageContainerManager (StorageContainerManager.java:stop(1395)) - Stopping Container Balancer service.
2021-10-06 14:03:03,061 [Mini-Cluster-Provider-Reap] INFO  balancer.ContainerBalancer (ContainerBalancer.java:stop(742)) - Container Balancer is not running.
2021-10-06 14:03:03,061 [Mini-Cluster-Provider-Reap] INFO  server.StorageContainerManager (StorageContainerManager.java:stop(1402)) - Stopping Replication Manager Service.
2021-10-06 14:03:03,061 [Mini-Cluster-Provider-Reap] INFO  container.ReplicationManager (ReplicationManager.java:stop(350)) - Stopping Replication Monitor Thread.
2021-10-06 14:03:03,061 [Mini-Cluster-Provider-Reap] INFO  server.StorageContainerManager (StorageContainerManager.java:stop(1409)) - Stopping the Datanode Admin Monitor.
2021-10-06 14:03:03,062 [Mini-Cluster-Provider-Reap] INFO  server.StorageContainerManager (StorageContainerManager.java:stop(1416)) - Stopping Lease Manager of the command watchers
2021-10-06 14:03:03,062 [Mini-Cluster-Provider-Reap] INFO  server.StorageContainerManager (StorageContainerManager.java:stop(1423)) - Stopping datanode service RPC server
2021-10-06 14:03:03,062 [Mini-Cluster-Provider-Reap] INFO  server.SCMDatanodeProtocolServer (SCMDatanodeProtocolServer.java:stop(389)) - Stopping the RPC server for DataNodes
2021-10-06 14:03:03,067 [Mini-Cluster-Provider-Reap] INFO  ipc.Server (Server.java:stop(3414)) - Stopping server on 34269
2021-10-06 14:03:03,069 [IPC Server Responder] INFO  ipc.Server (Server.java:run(1512)) - Stopping IPC Server Responder
2021-10-06 14:03:03,082 [IPC Server listener on 0] INFO  ipc.Server (Server.java:run(1376)) - Stopping IPC Server listener on 0
2021-10-06 14:03:03,116 [SCM Heartbeat Processing Thread - 0] WARN  node.NodeStateManager (NodeStateManager.java:scheduleNextHealthCheck(799)) - Current Thread is interrupted, shutting down HB processing thread for Node Manager.
2021-10-06 14:03:03,116 [Mini-Cluster-Provider-Reap] INFO  server.StorageContainerManager (StorageContainerManager.java:stop(1431)) - Stopping block service RPC server
2021-10-06 14:03:03,116 [Mini-Cluster-Provider-Reap] INFO  server.SCMBlockProtocolServer (SCMBlockProtocolServer.java:stop(160)) - Stopping the RPC server for Block Protocol
2021-10-06 14:03:03,117 [Mini-Cluster-Provider-Reap] INFO  ipc.Server (Server.java:stop(3414)) - Stopping server on 33921
2021-10-06 14:03:03,146 [IPC Server listener on 0] INFO  ipc.Server (Server.java:run(1376)) - Stopping IPC Server listener on 0
2021-10-06 14:03:03,147 [IPC Server Responder] INFO  ipc.Server (Server.java:run(1512)) - Stopping IPC Server Responder
2021-10-06 14:03:03,146 [Mini-Cluster-Provider-Reap] INFO  server.StorageContainerManager (StorageContainerManager.java:stop(1438)) - Stopping the StorageContainerLocationProtocol RPC server
2021-10-06 14:03:03,147 [Mini-Cluster-Provider-Reap] INFO  server.SCMClientProtocolServer (SCMClientProtocolServer.java:stop(173)) - Stopping the RPC server for Client Protocol
2021-10-06 14:03:03,155 [Mini-Cluster-Provider-Reap] INFO  ipc.Server (Server.java:stop(3414)) - Stopping server on 39383
2021-10-06 14:03:03,157 [Mini-Cluster-Provider-Reap] INFO  server.StorageContainerManager (StorageContainerManager.java:stop(1445)) - Stopping Storage Container Manager HTTP server.
2021-10-06 14:03:03,157 [IPC Server Responder] INFO  ipc.Server (Server.java:run(1512)) - Stopping IPC Server Responder
2021-10-06 14:03:03,157 [IPC Server listener on 0] INFO  ipc.Server (Server.java:run(1376)) - Stopping IPC Server listener on 0
2021-10-06 14:03:03,159 [Mini-Cluster-Provider-Reap] INFO  handler.ContextHandler (ContextHandler.java:doStop(1153)) - Stopped o.e.j.w.WebAppContext@60440945{scm,/,null,STOPPED}{file:/home/runner/work/ozone/ozone/hadoop-ozone/integration-test/target/test-classes/webapps/scm}
2021-10-06 14:03:03,161 [Mini-Cluster-Provider-Reap] INFO  server.AbstractConnector (AbstractConnector.java:doStop(381)) - Stopped ServerConnector@73887cea{HTTP/1.1, (http/1.1)}{0.0.0.0:0}
2021-10-06 14:03:03,161 [Mini-Cluster-Provider-Reap] INFO  server.session (HouseKeeper.java:stopScavenging(149)) - node0 Stopped scavenging
2021-10-06 14:03:03,161 [Mini-Cluster-Provider-Reap] INFO  handler.ContextHandler (ContextHandler.java:doStop(1153)) - Stopped o.e.j.s.ServletContextHandler@f4cf9fa{static,/static,file:///home/runner/work/ozone/ozone/hadoop-ozone/integration-test/target/test-classes/webapps/static,STOPPED}
2021-10-06 14:03:03,161 [Mini-Cluster-Provider-Reap] INFO  handler.ContextHandler (ContextHandler.java:doStop(1153)) - Stopped o.e.j.s.ServletContextHandler@50cb4619{logs,/logs,file:///home/runner/work/ozone/ozone/hadoop-ozone/integration-test/target/log,STOPPED}
2021-10-06 14:03:03,166 [Mini-Cluster-Provider-Reap] INFO  server.StorageContainerManager (StorageContainerManager.java:stop(1456)) - Stopping Block Manager Service.
2021-10-06 14:03:03,166 [Mini-Cluster-Provider-Reap] INFO  utils.BackgroundService (BackgroundService.java:shutdown(132)) - Shutting down service SCMBlockDeletingService
2021-10-06 14:03:03,167 [Mini-Cluster-Provider-Reap] INFO  utils.BackgroundService (BackgroundService.java:shutdown(132)) - Shutting down service SCMBlockDeletingService
2021-10-06 14:03:03,167 [Mini-Cluster-Provider-Reap] INFO  server.StorageContainerManager (StorageContainerManager.java:stop(1483)) - Stopping SCM Event Queue.
2021-10-06 14:03:03,169 [Mini-Cluster-Provider-Reap] INFO  server.StorageContainerManager (StorageContainerManager.java:stop(1494)) - Stopping SCM HA services.
2021-10-06 14:03:03,169 [Mini-Cluster-Provider-Reap] INFO  pipeline.BackgroundPipelineCreator (BackgroundPipelineCreatorV2.java:stop(158)) - Stopping RatisPipelineUtilsThread.
2021-10-06 14:03:03,170 [Mini-Cluster-Provider-Reap] INFO  server.StorageContainerManager (StorageContainerManager.java:stop(1504)) - Stopping SCM MetadataStore.
2021-10-06 14:03:03,171 [Mini-Cluster-Provider-Reap] INFO  impl.MetricsSystemImpl (MetricsSystemImpl.java:stop(205)) - HddsDatanode metrics system stopped (again)
]]></system-out>
  </testcase>
  <testcase name="testSingleNodeWithOpenPipelineCanGotoMaintenance" classname="org.apache.hadoop.ozone.scm.node.TestDecommissionAndMaintenance" time="100.003">
    <error message="Failed to obtain available cluster in time" type="java.io.IOException">java.io.IOException: Failed to obtain available cluster in time
	at org.apache.hadoop.ozone.MiniOzoneClusterProvider.provide(MiniOzoneClusterProvider.java:162)
	at org.apache.hadoop.ozone.scm.node.TestDecommissionAndMaintenance.setUp(TestDecommissionAndMaintenance.java:144)
	at sun.reflect.NativeMethodAccessorImpl.invoke0(Native Method)
	at sun.reflect.NativeMethodAccessorImpl.invoke(NativeMethodAccessorImpl.java:62)
	at sun.reflect.DelegatingMethodAccessorImpl.invoke(DelegatingMethodAccessorImpl.java:43)
	at java.lang.reflect.Method.invoke(Method.java:498)
	at org.junit.runners.model.FrameworkMethod$1.runReflectiveCall(FrameworkMethod.java:59)
	at org.junit.internal.runners.model.ReflectiveCallable.run(ReflectiveCallable.java:12)
	at org.junit.runners.model.FrameworkMethod.invokeExplosively(FrameworkMethod.java:56)
	at org.junit.internal.runners.statements.RunBefores.invokeMethod(RunBefores.java:33)
	at org.junit.internal.runners.statements.RunBefores.evaluate(RunBefores.java:24)
	at org.junit.internal.runners.statements.RunAfters.evaluate(RunAfters.java:27)
	at org.junit.runners.ParentRunner$3.evaluate(ParentRunner.java:306)
	at org.junit.runners.BlockJUnit4ClassRunner$1.evaluate(BlockJUnit4ClassRunner.java:100)
	at org.junit.runners.ParentRunner.runLeaf(ParentRunner.java:366)
	at org.junit.runners.BlockJUnit4ClassRunner.runChild(BlockJUnit4ClassRunner.java:103)
	at org.junit.runners.BlockJUnit4ClassRunner.runChild(BlockJUnit4ClassRunner.java:63)
	at org.junit.runners.ParentRunner$4.run(ParentRunner.java:331)
	at org.junit.runners.ParentRunner$1.schedule(ParentRunner.java:79)
	at org.junit.runners.ParentRunner.runChildren(ParentRunner.java:329)
	at org.junit.runners.ParentRunner.access$100(ParentRunner.java:66)
	at org.junit.runners.ParentRunner$2.evaluate(ParentRunner.java:293)
	at org.junit.internal.runners.statements.RunBefores.evaluate(RunBefores.java:26)
	at org.junit.internal.runners.statements.RunAfters.evaluate(RunAfters.java:27)
	at org.junit.runners.ParentRunner$3.evaluate(ParentRunner.java:306)
	at org.junit.runners.ParentRunner.run(ParentRunner.java:413)
	at org.junit.runner.JUnitCore.run(JUnitCore.java:137)
	at org.junit.runner.JUnitCore.run(JUnitCore.java:115)
	at org.junit.vintage.engine.execution.RunnerExecutor.execute(RunnerExecutor.java:43)
	at java.util.stream.ForEachOps$ForEachOp$OfRef.accept(ForEachOps.java:183)
	at java.util.stream.ReferencePipeline$3$1.accept(ReferencePipeline.java:193)
	at java.util.Iterator.forEachRemaining(Iterator.java:116)
	at java.util.Spliterators$IteratorSpliterator.forEachRemaining(Spliterators.java:1801)
	at java.util.stream.AbstractPipeline.copyInto(AbstractPipeline.java:482)
	at java.util.stream.AbstractPipeline.wrapAndCopyInto(AbstractPipeline.java:472)
	at java.util.stream.ForEachOps$ForEachOp.evaluateSequential(ForEachOps.java:150)
	at java.util.stream.ForEachOps$ForEachOp$OfRef.evaluateSequential(ForEachOps.java:173)
	at java.util.stream.AbstractPipeline.evaluate(AbstractPipeline.java:234)
	at java.util.stream.ReferencePipeline.forEach(ReferencePipeline.java:485)
	at org.junit.vintage.engine.VintageTestEngine.executeAllChildren(VintageTestEngine.java:82)
	at org.junit.vintage.engine.VintageTestEngine.execute(VintageTestEngine.java:73)
	at org.junit.platform.launcher.core.EngineExecutionOrchestrator.execute(EngineExecutionOrchestrator.java:108)
	at org.junit.platform.launcher.core.EngineExecutionOrchestrator.execute(EngineExecutionOrchestrator.java:88)
	at org.junit.platform.launcher.core.EngineExecutionOrchestrator.lambda$execute$0(EngineExecutionOrchestrator.java:54)
	at org.junit.platform.launcher.core.EngineExecutionOrchestrator.withInterceptedStreams(EngineExecutionOrchestrator.java:67)
	at org.junit.platform.launcher.core.EngineExecutionOrchestrator.execute(EngineExecutionOrchestrator.java:52)
	at org.junit.platform.launcher.core.DefaultLauncher.execute(DefaultLauncher.java:96)
	at org.junit.platform.launcher.core.DefaultLauncher.execute(DefaultLauncher.java:75)
	at org.apache.maven.surefire.junitplatform.JUnitPlatformProvider.invokeAllTests(JUnitPlatformProvider.java:142)
	at org.apache.maven.surefire.junitplatform.JUnitPlatformProvider.invoke(JUnitPlatformProvider.java:113)
	at org.apache.maven.surefire.booter.ForkedBooter.invokeProviderInSameClassLoader(ForkedBooter.java:384)
	at org.apache.maven.surefire.booter.ForkedBooter.runSuitesInProcess(ForkedBooter.java:345)
	at org.apache.maven.surefire.booter.ForkedBooter.execute(ForkedBooter.java:126)
	at org.apache.maven.surefire.booter.ForkedBooter.main(ForkedBooter.java:418)
</error>
  </testcase>
  <testcase name="testSCMHandlesRestartForMaintenanceNode" classname="org.apache.hadoop.ozone.scm.node.TestDecommissionAndMaintenance" time="100">
    <error message="Failed to obtain available cluster in time" type="java.io.IOException">java.io.IOException: Failed to obtain available cluster in time
	at org.apache.hadoop.ozone.MiniOzoneClusterProvider.provide(MiniOzoneClusterProvider.java:162)
	at org.apache.hadoop.ozone.scm.node.TestDecommissionAndMaintenance.setUp(TestDecommissionAndMaintenance.java:144)
	at sun.reflect.NativeMethodAccessorImpl.invoke0(Native Method)
	at sun.reflect.NativeMethodAccessorImpl.invoke(NativeMethodAccessorImpl.java:62)
	at sun.reflect.DelegatingMethodAccessorImpl.invoke(DelegatingMethodAccessorImpl.java:43)
	at java.lang.reflect.Method.invoke(Method.java:498)
	at org.junit.runners.model.FrameworkMethod$1.runReflectiveCall(FrameworkMethod.java:59)
	at org.junit.internal.runners.model.ReflectiveCallable.run(ReflectiveCallable.java:12)
	at org.junit.runners.model.FrameworkMethod.invokeExplosively(FrameworkMethod.java:56)
	at org.junit.internal.runners.statements.RunBefores.invokeMethod(RunBefores.java:33)
	at org.junit.internal.runners.statements.RunBefores.evaluate(RunBefores.java:24)
	at org.junit.internal.runners.statements.RunAfters.evaluate(RunAfters.java:27)
	at org.junit.runners.ParentRunner$3.evaluate(ParentRunner.java:306)
	at org.junit.runners.BlockJUnit4ClassRunner$1.evaluate(BlockJUnit4ClassRunner.java:100)
	at org.junit.runners.ParentRunner.runLeaf(ParentRunner.java:366)
	at org.junit.runners.BlockJUnit4ClassRunner.runChild(BlockJUnit4ClassRunner.java:103)
	at org.junit.runners.BlockJUnit4ClassRunner.runChild(BlockJUnit4ClassRunner.java:63)
	at org.junit.runners.ParentRunner$4.run(ParentRunner.java:331)
	at org.junit.runners.ParentRunner$1.schedule(ParentRunner.java:79)
	at org.junit.runners.ParentRunner.runChildren(ParentRunner.java:329)
	at org.junit.runners.ParentRunner.access$100(ParentRunner.java:66)
	at org.junit.runners.ParentRunner$2.evaluate(ParentRunner.java:293)
	at org.junit.internal.runners.statements.RunBefores.evaluate(RunBefores.java:26)
	at org.junit.internal.runners.statements.RunAfters.evaluate(RunAfters.java:27)
	at org.junit.runners.ParentRunner$3.evaluate(ParentRunner.java:306)
	at org.junit.runners.ParentRunner.run(ParentRunner.java:413)
	at org.junit.runner.JUnitCore.run(JUnitCore.java:137)
	at org.junit.runner.JUnitCore.run(JUnitCore.java:115)
	at org.junit.vintage.engine.execution.RunnerExecutor.execute(RunnerExecutor.java:43)
	at java.util.stream.ForEachOps$ForEachOp$OfRef.accept(ForEachOps.java:183)
	at java.util.stream.ReferencePipeline$3$1.accept(ReferencePipeline.java:193)
	at java.util.Iterator.forEachRemaining(Iterator.java:116)
	at java.util.Spliterators$IteratorSpliterator.forEachRemaining(Spliterators.java:1801)
	at java.util.stream.AbstractPipeline.copyInto(AbstractPipeline.java:482)
	at java.util.stream.AbstractPipeline.wrapAndCopyInto(AbstractPipeline.java:472)
	at java.util.stream.ForEachOps$ForEachOp.evaluateSequential(ForEachOps.java:150)
	at java.util.stream.ForEachOps$ForEachOp$OfRef.evaluateSequential(ForEachOps.java:173)
	at java.util.stream.AbstractPipeline.evaluate(AbstractPipeline.java:234)
	at java.util.stream.ReferencePipeline.forEach(ReferencePipeline.java:485)
	at org.junit.vintage.engine.VintageTestEngine.executeAllChildren(VintageTestEngine.java:82)
	at org.junit.vintage.engine.VintageTestEngine.execute(VintageTestEngine.java:73)
	at org.junit.platform.launcher.core.EngineExecutionOrchestrator.execute(EngineExecutionOrchestrator.java:108)
	at org.junit.platform.launcher.core.EngineExecutionOrchestrator.execute(EngineExecutionOrchestrator.java:88)
	at org.junit.platform.launcher.core.EngineExecutionOrchestrator.lambda$execute$0(EngineExecutionOrchestrator.java:54)
	at org.junit.platform.launcher.core.EngineExecutionOrchestrator.withInterceptedStreams(EngineExecutionOrchestrator.java:67)
	at org.junit.platform.launcher.core.EngineExecutionOrchestrator.execute(EngineExecutionOrchestrator.java:52)
	at org.junit.platform.launcher.core.DefaultLauncher.execute(DefaultLauncher.java:96)
	at org.junit.platform.launcher.core.DefaultLauncher.execute(DefaultLauncher.java:75)
	at org.apache.maven.surefire.junitplatform.JUnitPlatformProvider.invokeAllTests(JUnitPlatformProvider.java:142)
	at org.apache.maven.surefire.junitplatform.JUnitPlatformProvider.invoke(JUnitPlatformProvider.java:113)
	at org.apache.maven.surefire.booter.ForkedBooter.invokeProviderInSameClassLoader(ForkedBooter.java:384)
	at org.apache.maven.surefire.booter.ForkedBooter.runSuitesInProcess(ForkedBooter.java:345)
	at org.apache.maven.surefire.booter.ForkedBooter.execute(ForkedBooter.java:126)
	at org.apache.maven.surefire.booter.ForkedBooter.main(ForkedBooter.java:418)
</error>
  </testcase>
  <testcase name="testStoppedDecommissionedNodeTakesSCMStateOnRestart" classname="org.apache.hadoop.ozone.scm.node.TestDecommissionAndMaintenance" time="100.001">
    <error message="Failed to obtain available cluster in time" type="java.io.IOException">java.io.IOException: Failed to obtain available cluster in time
	at org.apache.hadoop.ozone.MiniOzoneClusterProvider.provide(MiniOzoneClusterProvider.java:162)
	at org.apache.hadoop.ozone.scm.node.TestDecommissionAndMaintenance.setUp(TestDecommissionAndMaintenance.java:144)
	at sun.reflect.NativeMethodAccessorImpl.invoke0(Native Method)
	at sun.reflect.NativeMethodAccessorImpl.invoke(NativeMethodAccessorImpl.java:62)
	at sun.reflect.DelegatingMethodAccessorImpl.invoke(DelegatingMethodAccessorImpl.java:43)
	at java.lang.reflect.Method.invoke(Method.java:498)
	at org.junit.runners.model.FrameworkMethod$1.runReflectiveCall(FrameworkMethod.java:59)
	at org.junit.internal.runners.model.ReflectiveCallable.run(ReflectiveCallable.java:12)
	at org.junit.runners.model.FrameworkMethod.invokeExplosively(FrameworkMethod.java:56)
	at org.junit.internal.runners.statements.RunBefores.invokeMethod(RunBefores.java:33)
	at org.junit.internal.runners.statements.RunBefores.evaluate(RunBefores.java:24)
	at org.junit.internal.runners.statements.RunAfters.evaluate(RunAfters.java:27)
	at org.junit.runners.ParentRunner$3.evaluate(ParentRunner.java:306)
	at org.junit.runners.BlockJUnit4ClassRunner$1.evaluate(BlockJUnit4ClassRunner.java:100)
	at org.junit.runners.ParentRunner.runLeaf(ParentRunner.java:366)
	at org.junit.runners.BlockJUnit4ClassRunner.runChild(BlockJUnit4ClassRunner.java:103)
	at org.junit.runners.BlockJUnit4ClassRunner.runChild(BlockJUnit4ClassRunner.java:63)
	at org.junit.runners.ParentRunner$4.run(ParentRunner.java:331)
	at org.junit.runners.ParentRunner$1.schedule(ParentRunner.java:79)
	at org.junit.runners.ParentRunner.runChildren(ParentRunner.java:329)
	at org.junit.runners.ParentRunner.access$100(ParentRunner.java:66)
	at org.junit.runners.ParentRunner$2.evaluate(ParentRunner.java:293)
	at org.junit.internal.runners.statements.RunBefores.evaluate(RunBefores.java:26)
	at org.junit.internal.runners.statements.RunAfters.evaluate(RunAfters.java:27)
	at org.junit.runners.ParentRunner$3.evaluate(ParentRunner.java:306)
	at org.junit.runners.ParentRunner.run(ParentRunner.java:413)
	at org.junit.runner.JUnitCore.run(JUnitCore.java:137)
	at org.junit.runner.JUnitCore.run(JUnitCore.java:115)
	at org.junit.vintage.engine.execution.RunnerExecutor.execute(RunnerExecutor.java:43)
	at java.util.stream.ForEachOps$ForEachOp$OfRef.accept(ForEachOps.java:183)
	at java.util.stream.ReferencePipeline$3$1.accept(ReferencePipeline.java:193)
	at java.util.Iterator.forEachRemaining(Iterator.java:116)
	at java.util.Spliterators$IteratorSpliterator.forEachRemaining(Spliterators.java:1801)
	at java.util.stream.AbstractPipeline.copyInto(AbstractPipeline.java:482)
	at java.util.stream.AbstractPipeline.wrapAndCopyInto(AbstractPipeline.java:472)
	at java.util.stream.ForEachOps$ForEachOp.evaluateSequential(ForEachOps.java:150)
	at java.util.stream.ForEachOps$ForEachOp$OfRef.evaluateSequential(ForEachOps.java:173)
	at java.util.stream.AbstractPipeline.evaluate(AbstractPipeline.java:234)
	at java.util.stream.ReferencePipeline.forEach(ReferencePipeline.java:485)
	at org.junit.vintage.engine.VintageTestEngine.executeAllChildren(VintageTestEngine.java:82)
	at org.junit.vintage.engine.VintageTestEngine.execute(VintageTestEngine.java:73)
	at org.junit.platform.launcher.core.EngineExecutionOrchestrator.execute(EngineExecutionOrchestrator.java:108)
	at org.junit.platform.launcher.core.EngineExecutionOrchestrator.execute(EngineExecutionOrchestrator.java:88)
	at org.junit.platform.launcher.core.EngineExecutionOrchestrator.lambda$execute$0(EngineExecutionOrchestrator.java:54)
	at org.junit.platform.launcher.core.EngineExecutionOrchestrator.withInterceptedStreams(EngineExecutionOrchestrator.java:67)
	at org.junit.platform.launcher.core.EngineExecutionOrchestrator.execute(EngineExecutionOrchestrator.java:52)
	at org.junit.platform.launcher.core.DefaultLauncher.execute(DefaultLauncher.java:96)
	at org.junit.platform.launcher.core.DefaultLauncher.execute(DefaultLauncher.java:75)
	at org.apache.maven.surefire.junitplatform.JUnitPlatformProvider.invokeAllTests(JUnitPlatformProvider.java:142)
	at org.apache.maven.surefire.junitplatform.JUnitPlatformProvider.invoke(JUnitPlatformProvider.java:113)
	at org.apache.maven.surefire.booter.ForkedBooter.invokeProviderInSameClassLoader(ForkedBooter.java:384)
	at org.apache.maven.surefire.booter.ForkedBooter.runSuitesInProcess(ForkedBooter.java:345)
	at org.apache.maven.surefire.booter.ForkedBooter.execute(ForkedBooter.java:126)
	at org.apache.maven.surefire.booter.ForkedBooter.main(ForkedBooter.java:418)
</error>
  </testcase>
  <testcase name="testEnteringMaintenanceNodeCompletesAfterSCMRestart" classname="org.apache.hadoop.ozone.scm.node.TestDecommissionAndMaintenance" time="100.003">
    <error message="Failed to obtain available cluster in time" type="java.io.IOException">java.io.IOException: Failed to obtain available cluster in time
	at org.apache.hadoop.ozone.MiniOzoneClusterProvider.provide(MiniOzoneClusterProvider.java:162)
	at org.apache.hadoop.ozone.scm.node.TestDecommissionAndMaintenance.setUp(TestDecommissionAndMaintenance.java:144)
	at sun.reflect.NativeMethodAccessorImpl.invoke0(Native Method)
	at sun.reflect.NativeMethodAccessorImpl.invoke(NativeMethodAccessorImpl.java:62)
	at sun.reflect.DelegatingMethodAccessorImpl.invoke(DelegatingMethodAccessorImpl.java:43)
	at java.lang.reflect.Method.invoke(Method.java:498)
	at org.junit.runners.model.FrameworkMethod$1.runReflectiveCall(FrameworkMethod.java:59)
	at org.junit.internal.runners.model.ReflectiveCallable.run(ReflectiveCallable.java:12)
	at org.junit.runners.model.FrameworkMethod.invokeExplosively(FrameworkMethod.java:56)
	at org.junit.internal.runners.statements.RunBefores.invokeMethod(RunBefores.java:33)
	at org.junit.internal.runners.statements.RunBefores.evaluate(RunBefores.java:24)
	at org.junit.internal.runners.statements.RunAfters.evaluate(RunAfters.java:27)
	at org.junit.runners.ParentRunner$3.evaluate(ParentRunner.java:306)
	at org.junit.runners.BlockJUnit4ClassRunner$1.evaluate(BlockJUnit4ClassRunner.java:100)
	at org.junit.runners.ParentRunner.runLeaf(ParentRunner.java:366)
	at org.junit.runners.BlockJUnit4ClassRunner.runChild(BlockJUnit4ClassRunner.java:103)
	at org.junit.runners.BlockJUnit4ClassRunner.runChild(BlockJUnit4ClassRunner.java:63)
	at org.junit.runners.ParentRunner$4.run(ParentRunner.java:331)
	at org.junit.runners.ParentRunner$1.schedule(ParentRunner.java:79)
	at org.junit.runners.ParentRunner.runChildren(ParentRunner.java:329)
	at org.junit.runners.ParentRunner.access$100(ParentRunner.java:66)
	at org.junit.runners.ParentRunner$2.evaluate(ParentRunner.java:293)
	at org.junit.internal.runners.statements.RunBefores.evaluate(RunBefores.java:26)
	at org.junit.internal.runners.statements.RunAfters.evaluate(RunAfters.java:27)
	at org.junit.runners.ParentRunner$3.evaluate(ParentRunner.java:306)
	at org.junit.runners.ParentRunner.run(ParentRunner.java:413)
	at org.junit.runner.JUnitCore.run(JUnitCore.java:137)
	at org.junit.runner.JUnitCore.run(JUnitCore.java:115)
	at org.junit.vintage.engine.execution.RunnerExecutor.execute(RunnerExecutor.java:43)
	at java.util.stream.ForEachOps$ForEachOp$OfRef.accept(ForEachOps.java:183)
	at java.util.stream.ReferencePipeline$3$1.accept(ReferencePipeline.java:193)
	at java.util.Iterator.forEachRemaining(Iterator.java:116)
	at java.util.Spliterators$IteratorSpliterator.forEachRemaining(Spliterators.java:1801)
	at java.util.stream.AbstractPipeline.copyInto(AbstractPipeline.java:482)
	at java.util.stream.AbstractPipeline.wrapAndCopyInto(AbstractPipeline.java:472)
	at java.util.stream.ForEachOps$ForEachOp.evaluateSequential(ForEachOps.java:150)
	at java.util.stream.ForEachOps$ForEachOp$OfRef.evaluateSequential(ForEachOps.java:173)
	at java.util.stream.AbstractPipeline.evaluate(AbstractPipeline.java:234)
	at java.util.stream.ReferencePipeline.forEach(ReferencePipeline.java:485)
	at org.junit.vintage.engine.VintageTestEngine.executeAllChildren(VintageTestEngine.java:82)
	at org.junit.vintage.engine.VintageTestEngine.execute(VintageTestEngine.java:73)
	at org.junit.platform.launcher.core.EngineExecutionOrchestrator.execute(EngineExecutionOrchestrator.java:108)
	at org.junit.platform.launcher.core.EngineExecutionOrchestrator.execute(EngineExecutionOrchestrator.java:88)
	at org.junit.platform.launcher.core.EngineExecutionOrchestrator.lambda$execute$0(EngineExecutionOrchestrator.java:54)
	at org.junit.platform.launcher.core.EngineExecutionOrchestrator.withInterceptedStreams(EngineExecutionOrchestrator.java:67)
	at org.junit.platform.launcher.core.EngineExecutionOrchestrator.execute(EngineExecutionOrchestrator.java:52)
	at org.junit.platform.launcher.core.DefaultLauncher.execute(DefaultLauncher.java:96)
	at org.junit.platform.launcher.core.DefaultLauncher.execute(DefaultLauncher.java:75)
	at org.apache.maven.surefire.junitplatform.JUnitPlatformProvider.invokeAllTests(JUnitPlatformProvider.java:142)
	at org.apache.maven.surefire.junitplatform.JUnitPlatformProvider.invoke(JUnitPlatformProvider.java:113)
	at org.apache.maven.surefire.booter.ForkedBooter.invokeProviderInSameClassLoader(ForkedBooter.java:384)
	at org.apache.maven.surefire.booter.ForkedBooter.runSuitesInProcess(ForkedBooter.java:345)
	at org.apache.maven.surefire.booter.ForkedBooter.execute(ForkedBooter.java:126)
	at org.apache.maven.surefire.booter.ForkedBooter.main(ForkedBooter.java:418)
</error>
  </testcase>
  <testcase name="testDecommissioningNodesCompleteDecommissionOnSCMRestart" classname="org.apache.hadoop.ozone.scm.node.TestDecommissionAndMaintenance" time="100">
    <error message="Failed to obtain available cluster in time" type="java.io.IOException">java.io.IOException: Failed to obtain available cluster in time
	at org.apache.hadoop.ozone.MiniOzoneClusterProvider.provide(MiniOzoneClusterProvider.java:162)
	at org.apache.hadoop.ozone.scm.node.TestDecommissionAndMaintenance.setUp(TestDecommissionAndMaintenance.java:144)
	at sun.reflect.NativeMethodAccessorImpl.invoke0(Native Method)
	at sun.reflect.NativeMethodAccessorImpl.invoke(NativeMethodAccessorImpl.java:62)
	at sun.reflect.DelegatingMethodAccessorImpl.invoke(DelegatingMethodAccessorImpl.java:43)
	at java.lang.reflect.Method.invoke(Method.java:498)
	at org.junit.runners.model.FrameworkMethod$1.runReflectiveCall(FrameworkMethod.java:59)
	at org.junit.internal.runners.model.ReflectiveCallable.run(ReflectiveCallable.java:12)
	at org.junit.runners.model.FrameworkMethod.invokeExplosively(FrameworkMethod.java:56)
	at org.junit.internal.runners.statements.RunBefores.invokeMethod(RunBefores.java:33)
	at org.junit.internal.runners.statements.RunBefores.evaluate(RunBefores.java:24)
	at org.junit.internal.runners.statements.RunAfters.evaluate(RunAfters.java:27)
	at org.junit.runners.ParentRunner$3.evaluate(ParentRunner.java:306)
	at org.junit.runners.BlockJUnit4ClassRunner$1.evaluate(BlockJUnit4ClassRunner.java:100)
	at org.junit.runners.ParentRunner.runLeaf(ParentRunner.java:366)
	at org.junit.runners.BlockJUnit4ClassRunner.runChild(BlockJUnit4ClassRunner.java:103)
	at org.junit.runners.BlockJUnit4ClassRunner.runChild(BlockJUnit4ClassRunner.java:63)
	at org.junit.runners.ParentRunner$4.run(ParentRunner.java:331)
	at org.junit.runners.ParentRunner$1.schedule(ParentRunner.java:79)
	at org.junit.runners.ParentRunner.runChildren(ParentRunner.java:329)
	at org.junit.runners.ParentRunner.access$100(ParentRunner.java:66)
	at org.junit.runners.ParentRunner$2.evaluate(ParentRunner.java:293)
	at org.junit.internal.runners.statements.RunBefores.evaluate(RunBefores.java:26)
	at org.junit.internal.runners.statements.RunAfters.evaluate(RunAfters.java:27)
	at org.junit.runners.ParentRunner$3.evaluate(ParentRunner.java:306)
	at org.junit.runners.ParentRunner.run(ParentRunner.java:413)
	at org.junit.runner.JUnitCore.run(JUnitCore.java:137)
	at org.junit.runner.JUnitCore.run(JUnitCore.java:115)
	at org.junit.vintage.engine.execution.RunnerExecutor.execute(RunnerExecutor.java:43)
	at java.util.stream.ForEachOps$ForEachOp$OfRef.accept(ForEachOps.java:183)
	at java.util.stream.ReferencePipeline$3$1.accept(ReferencePipeline.java:193)
	at java.util.Iterator.forEachRemaining(Iterator.java:116)
	at java.util.Spliterators$IteratorSpliterator.forEachRemaining(Spliterators.java:1801)
	at java.util.stream.AbstractPipeline.copyInto(AbstractPipeline.java:482)
	at java.util.stream.AbstractPipeline.wrapAndCopyInto(AbstractPipeline.java:472)
	at java.util.stream.ForEachOps$ForEachOp.evaluateSequential(ForEachOps.java:150)
	at java.util.stream.ForEachOps$ForEachOp$OfRef.evaluateSequential(ForEachOps.java:173)
	at java.util.stream.AbstractPipeline.evaluate(AbstractPipeline.java:234)
	at java.util.stream.ReferencePipeline.forEach(ReferencePipeline.java:485)
	at org.junit.vintage.engine.VintageTestEngine.executeAllChildren(VintageTestEngine.java:82)
	at org.junit.vintage.engine.VintageTestEngine.execute(VintageTestEngine.java:73)
	at org.junit.platform.launcher.core.EngineExecutionOrchestrator.execute(EngineExecutionOrchestrator.java:108)
	at org.junit.platform.launcher.core.EngineExecutionOrchestrator.execute(EngineExecutionOrchestrator.java:88)
	at org.junit.platform.launcher.core.EngineExecutionOrchestrator.lambda$execute$0(EngineExecutionOrchestrator.java:54)
	at org.junit.platform.launcher.core.EngineExecutionOrchestrator.withInterceptedStreams(EngineExecutionOrchestrator.java:67)
	at org.junit.platform.launcher.core.EngineExecutionOrchestrator.execute(EngineExecutionOrchestrator.java:52)
	at org.junit.platform.launcher.core.DefaultLauncher.execute(DefaultLauncher.java:96)
	at org.junit.platform.launcher.core.DefaultLauncher.execute(DefaultLauncher.java:75)
	at org.apache.maven.surefire.junitplatform.JUnitPlatformProvider.invokeAllTests(JUnitPlatformProvider.java:142)
	at org.apache.maven.surefire.junitplatform.JUnitPlatformProvider.invoke(JUnitPlatformProvider.java:113)
	at org.apache.maven.surefire.booter.ForkedBooter.invokeProviderInSameClassLoader(ForkedBooter.java:384)
	at org.apache.maven.surefire.booter.ForkedBooter.runSuitesInProcess(ForkedBooter.java:345)
	at org.apache.maven.surefire.booter.ForkedBooter.execute(ForkedBooter.java:126)
	at org.apache.maven.surefire.booter.ForkedBooter.main(ForkedBooter.java:418)
</error>
  </testcase>
</testsuite>