<?xml version="1.0" encoding="UTF-8"?>
<testsuite xmlns:xsi="http://www.w3.org/2001/XMLSchema-instance" xsi:noNamespaceSchemaLocation="https://maven.apache.org/surefire/maven-surefire-plugin/xsd/surefire-test-report.xsd" name="org.apache.hadoop.ozone.scm.TestSCMInstallSnapshotWithHA" time="200.961" tests="3" errors="1" skipped="0" failures="0">
  <properties>
    <property name="awt.toolkit" value="sun.awt.X11.XToolkit"/>
    <property name="file.encoding.pkg" value="sun.io"/>
    <property name="java.specification.version" value="1.8"/>
    <property name="sun.cpu.isalist" value=""/>
    <property name="sun.jnu.encoding" value="UTF-8"/>
    <property name="java.class.path" value="/home/runner/work/ozone/ozone/hadoop-ozone/integration-test/target/test-classes:/home/runner/work/ozone/ozone/hadoop-ozone/integration-test/target/classes:/home/runner/.m2/repository/org/apache/ozone/ozone-common/1.3.0-SNAPSHOT/ozone-common-1.3.0-SNAPSHOT.jar:/home/runner/.m2/repository/org/apache/commons/commons-compress/1.21/commons-compress-1.21.jar:/home/runner/.m2/repository/org/apache/ozone/hdds-common/1.3.0-SNAPSHOT/hdds-common-1.3.0-SNAPSHOT.jar:/home/runner/.m2/repository/org/apache/ozone/hdds-client/1.3.0-SNAPSHOT/hdds-client-1.3.0-SNAPSHOT.jar:/home/runner/.m2/repository/org/apache/ozone/ozone-interface-client/1.3.0-SNAPSHOT/ozone-interface-client-1.3.0-SNAPSHOT.jar:/home/runner/.m2/repository/org/apache/ozone/hdds-test-utils/1.3.0-SNAPSHOT/hdds-test-utils-1.3.0-SNAPSHOT.jar:/home/runner/.m2/repository/com/google/guava/guava/30.1.1-jre/guava-30.1.1-jre.jar:/home/runner/.m2/repository/com/google/guava/failureaccess/1.0.1/failureaccess-1.0.1.jar:/home/runner/.m2/repository/com/google/guava/listenablefuture/9999.0-empty-to-avoid-conflict-with-guava/listenablefuture-9999.0-empty-to-avoid-conflict-with-guava.jar:/home/runner/.m2/repository/com/google/code/findbugs/jsr305/3.0.0/jsr305-3.0.0.jar:/home/runner/.m2/repository/org/checkerframework/checker-qual/3.8.0/checker-qual-3.8.0.jar:/home/runner/.m2/repository/com/google/errorprone/error_prone_annotations/2.2.0/error_prone_annotations-2.2.0.jar:/home/runner/.m2/repository/com/google/j2objc/j2objc-annotations/1.3/j2objc-annotations-1.3.jar:/home/runner/.m2/repository/commons-io/commons-io/2.11.0/commons-io-2.11.0.jar:/home/runner/.m2/repository/commons-logging/commons-logging/1.2/commons-logging-1.2.jar:/home/runner/.m2/repository/log4j/log4j/1.2.17/log4j-1.2.17.jar:/home/runner/.m2/repository/org/slf4j/slf4j-api/1.7.30/slf4j-api-1.7.30.jar:/home/runner/.m2/repository/org/apache/ozone/hdds-server-scm/1.3.0-SNAPSHOT/hdds-server-scm-1.3.0-SNAPSHOT.jar:/home/runner/.m2/repository/org/apache/ozone/hdds-container-service/1.3.0-SNAPSHOT/hdds-container-service-1.3.0-SNAPSHOT.jar:/home/runner/.m2/repository/org/apache/ozone/hdds-hadoop-dependency-server/1.3.0-SNAPSHOT/hdds-hadoop-dependency-server-1.3.0-SNAPSHOT.jar:/home/runner/.m2/repository/org/apache/hadoop/hadoop-hdfs/3.3.1/hadoop-hdfs-3.3.1.jar:/home/runner/.m2/repository/org/apache/ozone/hdds-server-framework/1.3.0-SNAPSHOT/hdds-server-framework-1.3.0-SNAPSHOT.jar:/home/runner/.m2/repository/org/apache/ozone/hdds-interface-server/1.3.0-SNAPSHOT/hdds-interface-server-1.3.0-SNAPSHOT.jar:/home/runner/.m2/repository/org/eclipse/jetty/jetty-servlet/9.4.43.v20210629/jetty-servlet-9.4.43.v20210629.jar:/home/runner/.m2/repository/org/eclipse/jetty/jetty-security/9.4.43.v20210629/jetty-security-9.4.43.v20210629.jar:/home/runner/.m2/repository/org/rocksdb/rocksdbjni/6.25.3/rocksdbjni-6.25.3.jar:/home/runner/.m2/repository/io/prometheus/simpleclient_dropwizard/0.7.0/simpleclient_dropwizard-0.7.0.jar:/home/runner/.m2/repository/io/prometheus/simpleclient/0.7.0/simpleclient-0.7.0.jar:/home/runner/.m2/repository/io/prometheus/simpleclient_common/0.7.0/simpleclient_common-0.7.0.jar:/home/runner/.m2/repository/com/fasterxml/jackson/datatype/jackson-datatype-jsr310/2.12.1/jackson-datatype-jsr310-2.12.1.jar:/home/runner/.m2/repository/io/dropwizard/metrics/metrics-core/3.2.4/metrics-core-3.2.4.jar:/home/runner/.m2/repository/org/apache/hadoop/hadoop-hdfs-client/3.3.1/hadoop-hdfs-client-3.3.1.jar:/home/runner/.m2/repository/org/bouncycastle/bcprov-jdk15on/1.67/bcprov-jdk15on-1.67.jar:/home/runner/.m2/repository/com/google/protobuf/protobuf-java/2.5.0/protobuf-java-2.5.0.jar:/home/runner/.m2/repository/org/apache/ozone/ozone-manager/1.3.0-SNAPSHOT/ozone-manager-1.3.0-SNAPSHOT.jar:/home/runner/.m2/repository/org/aspectj/aspectjrt/1.9.7/aspectjrt-1.9.7.jar:/home/runner/.m2/repository/org/aspectj/aspectjweaver/1.9.7/aspectjweaver-1.9.7.jar:/home/runner/.m2/repository/org/apache/ozone/hdds-interface-client/1.3.0-SNAPSHOT/hdds-interface-client-1.3.0-SNAPSHOT.jar:/home/runner/.m2/repository/org/apache/hadoop/thirdparty/hadoop-shaded-protobuf_3_7/1.1.1/hadoop-shaded-protobuf_3_7-1.1.1.jar:/home/runner/.m2/repository/org/apache/ozone/ozone-interface-storage/1.3.0-SNAPSHOT/ozone-interface-storage-1.3.0-SNAPSHOT.jar:/home/runner/.m2/repository/org/reflections/reflections/0.9.11/reflections-0.9.11.jar:/home/runner/.m2/repository/org/apache/hadoop/hadoop-minikdc/3.3.1/hadoop-minikdc-3.3.1.jar:/home/runner/.m2/repository/org/apache/kerby/kerb-simplekdc/1.0.1/kerb-simplekdc-1.0.1.jar:/home/runner/.m2/repository/org/apache/kerby/kerb-client/1.0.1/kerb-client-1.0.1.jar:/home/runner/.m2/repository/org/apache/kerby/kerby-config/1.0.1/kerby-config-1.0.1.jar:/home/runner/.m2/repository/org/apache/kerby/kerb-common/1.0.1/kerb-common-1.0.1.jar:/home/runner/.m2/repository/org/apache/kerby/kerb-crypto/1.0.1/kerb-crypto-1.0.1.jar:/home/runner/.m2/repository/org/apache/kerby/kerb-util/1.0.1/kerb-util-1.0.1.jar:/home/runner/.m2/repository/org/apache/kerby/token-provider/1.0.1/token-provider-1.0.1.jar:/home/runner/.m2/repository/org/apache/kerby/kerb-admin/1.0.1/kerb-admin-1.0.1.jar:/home/runner/.m2/repository/org/apache/kerby/kerb-server/1.0.1/kerb-server-1.0.1.jar:/home/runner/.m2/repository/org/apache/kerby/kerb-identity/1.0.1/kerb-identity-1.0.1.jar:/home/runner/.m2/repository/org/apache/kerby/kerby-xdr/1.0.1/kerby-xdr-1.0.1.jar:/home/runner/.m2/repository/org/slf4j/slf4j-log4j12/1.7.30/slf4j-log4j12-1.7.30.jar:/home/runner/.m2/repository/org/apache/ozone/ozone-s3gateway/1.3.0-SNAPSHOT/ozone-s3gateway-1.3.0-SNAPSHOT.jar:/home/runner/.m2/repository/org/javassist/javassist/3.21.0-GA/javassist-3.21.0-GA.jar:/home/runner/.m2/repository/org/jboss/weld/servlet/weld-servlet/2.4.7.Final/weld-servlet-2.4.7.Final.jar:/home/runner/.m2/repository/org/glassfish/jersey/containers/jersey-container-servlet-core/2.33/jersey-container-servlet-core-2.33.jar:/home/runner/.m2/repository/org/glassfish/hk2/external/jakarta.inject/2.6.1/jakarta.inject-2.6.1.jar:/home/runner/.m2/repository/org/glassfish/jersey/core/jersey-common/2.33/jersey-common-2.33.jar:/home/runner/.m2/repository/jakarta/ws/rs/jakarta.ws.rs-api/2.1.6/jakarta.ws.rs-api-2.1.6.jar:/home/runner/.m2/repository/org/glassfish/jersey/ext/cdi/jersey-cdi1x/2.33/jersey-cdi1x-2.33.jar:/home/runner/.m2/repository/org/glassfish/jersey/inject/jersey-hk2/2.33/jersey-hk2-2.33.jar:/home/runner/.m2/repository/org/glassfish/hk2/hk2-locator/2.6.1/hk2-locator-2.6.1.jar:/home/runner/.m2/repository/org/glassfish/jersey/media/jersey-media-jaxb/2.33/jersey-media-jaxb-2.33.jar:/home/runner/.m2/repository/org/glassfish/hk2/osgi-resource-locator/1.0.3/osgi-resource-locator-1.0.3.jar:/home/runner/.m2/repository/org/glassfish/hk2/hk2-api/2.5.0/hk2-api-2.5.0.jar:/home/runner/.m2/repository/org/glassfish/hk2/hk2-utils/2.5.0/hk2-utils-2.5.0.jar:/home/runner/.m2/repository/org/glassfish/hk2/external/aopalliance-repackaged/2.5.0/aopalliance-repackaged-2.5.0.jar:/home/runner/.m2/repository/com/fasterxml/jackson/dataformat/jackson-dataformat-xml/2.12.1/jackson-dataformat-xml-2.12.1.jar:/home/runner/.m2/repository/com/fasterxml/jackson/core/jackson-core/2.12.1/jackson-core-2.12.1.jar:/home/runner/.m2/repository/com/fasterxml/jackson/module/jackson-module-jaxb-annotations/2.12.1/jackson-module-jaxb-annotations-2.12.1.jar:/home/runner/.m2/repository/jakarta/xml/bind/jakarta.xml.bind-api/2.3.2/jakarta.xml.bind-api-2.3.2.jar:/home/runner/.m2/repository/org/codehaus/woodstox/stax2-api/3.1.4/stax2-api-3.1.4.jar:/home/runner/.m2/repository/com/fasterxml/woodstox/woodstox-core/5.0.3/woodstox-core-5.0.3.jar:/home/runner/.m2/repository/javax/enterprise/cdi-api/1.2/cdi-api-1.2.jar:/home/runner/.m2/repository/javax/el/javax.el-api/3.0.0/javax.el-api-3.0.0.jar:/home/runner/.m2/repository/javax/interceptor/javax.interceptor-api/1.2/javax.interceptor-api-1.2.jar:/home/runner/.m2/repository/javax/inject/javax.inject/1/javax.inject-1.jar:/home/runner/.m2/repository/javax/xml/bind/jaxb-api/2.3.0/jaxb-api-2.3.0.jar:/home/runner/.m2/repository/org/glassfish/jaxb/jaxb-runtime/2.3.0.1/jaxb-runtime-2.3.0.1.jar:/home/runner/.m2/repository/org/glassfish/jaxb/jaxb-core/2.3.0.1/jaxb-core-2.3.0.1.jar:/home/runner/.m2/repository/org/glassfish/jaxb/txw2/2.3.0.1/txw2-2.3.0.1.jar:/home/runner/.m2/repository/com/sun/istack/istack-commons-runtime/3.0.5/istack-commons-runtime-3.0.5.jar:/home/runner/.m2/repository/org/jvnet/staxex/stax-ex/1.7.8/stax-ex-1.7.8.jar:/home/runner/.m2/repository/com/sun/xml/fastinfoset/FastInfoset/1.2.13/FastInfoset-1.2.13.jar:/home/runner/.m2/repository/javax/activation/activation/1.1.1/activation-1.1.1.jar:/home/runner/.m2/repository/org/apache/ozone/ozone-csi/1.3.0-SNAPSHOT/ozone-csi-1.3.0-SNAPSHOT.jar:/home/runner/.m2/repository/com/google/protobuf/protobuf-java-util/3.12.0/protobuf-java-util-3.12.0.jar:/home/runner/.m2/repository/com/google/code/gson/gson/2.2.4/gson-2.2.4.jar:/home/runner/.m2/repository/org/apache/ozone/hdds-config/1.3.0-SNAPSHOT/hdds-config-1.3.0-SNAPSHOT.jar:/home/runner/.m2/repository/io/grpc/grpc-netty/1.33.0/grpc-netty-1.33.0.jar:/home/runner/.m2/repository/io/grpc/grpc-core/1.33.0/grpc-core-1.33.0.jar:/home/runner/.m2/repository/com/google/android/annotations/4.1.1.4/annotations-4.1.1.4.jar:/home/runner/.m2/repository/io/netty/netty-codec-http2/4.1.63.Final/netty-codec-http2-4.1.63.Final.jar:/home/runner/.m2/repository/io/netty/netty-codec-http/4.1.63.Final/netty-codec-http-4.1.63.Final.jar:/home/runner/.m2/repository/io/netty/netty-handler-proxy/4.1.63.Final/netty-handler-proxy-4.1.63.Final.jar:/home/runner/.m2/repository/io/netty/netty-codec-socks/4.1.63.Final/netty-codec-socks-4.1.63.Final.jar:/home/runner/.m2/repository/io/perfmark/perfmark-api/0.19.0/perfmark-api-0.19.0.jar:/home/runner/.m2/repository/org/codehaus/mojo/animal-sniffer-annotations/1.18/animal-sniffer-annotations-1.18.jar:/home/runner/.m2/repository/io/netty/netty-transport-native-epoll/4.1.63.Final/netty-transport-native-epoll-4.1.63.Final.jar:/home/runner/.m2/repository/io/netty/netty-common/4.1.63.Final/netty-common-4.1.63.Final.jar:/home/runner/.m2/repository/io/netty/netty-buffer/4.1.63.Final/netty-buffer-4.1.63.Final.jar:/home/runner/.m2/repository/io/netty/netty-transport-native-unix-common/4.1.63.Final/netty-transport-native-unix-common-4.1.63.Final.jar:/home/runner/.m2/repository/io/grpc/grpc-protobuf/1.33.0/grpc-protobuf-1.33.0.jar:/home/runner/.m2/repository/io/grpc/grpc-api/1.33.0/grpc-api-1.33.0.jar:/home/runner/.m2/repository/io/grpc/grpc-context/1.33.0/grpc-context-1.33.0.jar:/home/runner/.m2/repository/com/google/api/grpc/proto-google-common-protos/1.17.0/proto-google-common-protos-1.17.0.jar:/home/runner/.m2/repository/io/grpc/grpc-protobuf-lite/1.33.0/grpc-protobuf-lite-1.33.0.jar:/home/runner/.m2/repository/io/grpc/grpc-stub/1.33.0/grpc-stub-1.33.0.jar:/home/runner/.m2/repository/org/apache/ozone/ozone-recon/1.3.0-SNAPSHOT/ozone-recon-1.3.0-SNAPSHOT.jar:/home/runner/.m2/repository/org/apache/ozone/ozone-reconcodegen/1.3.0-SNAPSHOT/ozone-reconcodegen-1.3.0-SNAPSHOT.jar:/home/runner/.m2/repository/com/google/inject/extensions/guice-multibindings/4.0/guice-multibindings-4.0.jar:/home/runner/.m2/repository/com/google/inject/guice/4.0/guice-4.0.jar:/home/runner/.m2/repository/aopalliance/aopalliance/1.0/aopalliance-1.0.jar:/home/runner/.m2/repository/com/google/inject/extensions/guice-assistedinject/4.0/guice-assistedinject-4.0.jar:/home/runner/.m2/repository/com/google/inject/extensions/guice-servlet/4.0/guice-servlet-4.0.jar:/home/runner/.m2/repository/org/glassfish/jersey/containers/jersey-container-servlet/2.33/jersey-container-servlet-2.33.jar:/home/runner/.m2/repository/org/glassfish/hk2/guice-bridge/2.5.0/guice-bridge-2.5.0.jar:/home/runner/.m2/repository/org/glassfish/jersey/core/jersey-server/2.33/jersey-server-2.33.jar:/home/runner/.m2/repository/org/glassfish/jersey/core/jersey-client/2.33/jersey-client-2.33.jar:/home/runner/.m2/repository/jakarta/annotation/jakarta.annotation-api/1.3.5/jakarta.annotation-api-1.3.5.jar:/home/runner/.m2/repository/jakarta/validation/jakarta.validation-api/2.0.2/jakarta.validation-api-2.0.2.jar:/home/runner/.m2/repository/org/glassfish/jersey/media/jersey-media-json-jackson/2.33/jersey-media-json-jackson-2.33.jar:/home/runner/.m2/repository/org/glassfish/jersey/ext/jersey-entity-filtering/2.33/jersey-entity-filtering-2.33.jar:/home/runner/.m2/repository/org/jooq/jooq/3.11.10/jooq-3.11.10.jar:/home/runner/.m2/repository/org/jooq/jooq-meta/3.11.10/jooq-meta-3.11.10.jar:/home/runner/.m2/repository/org/jooq/jooq-codegen/3.11.10/jooq-codegen-3.11.10.jar:/home/runner/.m2/repository/com/jolbox/bonecp/0.8.0.RELEASE/bonecp-0.8.0.RELEASE.jar:/home/runner/.m2/repository/org/apache/derby/derby/10.14.2.0/derby-10.14.2.0.jar:/home/runner/.m2/repository/org/xerial/sqlite-jdbc/3.25.2/sqlite-jdbc-3.25.2.jar:/home/runner/.m2/repository/org/springframework/spring-jdbc/5.2.18.RELEASE/spring-jdbc-5.2.18.RELEASE.jar:/home/runner/.m2/repository/org/springframework/spring-beans/5.2.18.RELEASE/spring-beans-5.2.18.RELEASE.jar:/home/runner/.m2/repository/org/springframework/spring-core/5.2.18.RELEASE/spring-core-5.2.18.RELEASE.jar:/home/runner/.m2/repository/org/springframework/spring-jcl/5.2.18.RELEASE/spring-jcl-5.2.18.RELEASE.jar:/home/runner/.m2/repository/org/springframework/spring-tx/5.2.18.RELEASE/spring-tx-5.2.18.RELEASE.jar:/home/runner/.m2/repository/org/apache/ozone/ozone-client/1.3.0-SNAPSHOT/ozone-client-1.3.0-SNAPSHOT.jar:/home/runner/.m2/repository/org/apache/ozone/ozone-filesystem/1.3.0-SNAPSHOT/ozone-filesystem-1.3.0-SNAPSHOT.jar:/home/runner/.m2/repository/org/apache/ozone/ozone-filesystem-common/1.3.0-SNAPSHOT/ozone-filesystem-common-1.3.0-SNAPSHOT.jar:/home/runner/.m2/repository/org/apache/ozone/ozone-tools/1.3.0-SNAPSHOT/ozone-tools-1.3.0-SNAPSHOT.jar:/home/runner/.m2/repository/org/apache/ratis/ratis-tools/2.2.0/ratis-tools-2.2.0.jar:/home/runner/.m2/repository/com/amazonaws/aws-java-sdk-core/1.12.124/aws-java-sdk-core-1.12.124.jar:/home/runner/.m2/repository/org/apache/httpcomponents/httpclient/4.5.13/httpclient-4.5.13.jar:/home/runner/.m2/repository/org/apache/httpcomponents/httpcore/4.4.13/httpcore-4.4.13.jar:/home/runner/.m2/repository/software/amazon/ion/ion-java/1.0.2/ion-java-1.0.2.jar:/home/runner/.m2/repository/com/fasterxml/jackson/dataformat/jackson-dataformat-cbor/2.12.1/jackson-dataformat-cbor-2.12.1.jar:/home/runner/.m2/repository/joda-time/joda-time/2.8.1/joda-time-2.8.1.jar:/home/runner/.m2/repository/com/amazonaws/aws-java-sdk-s3/1.12.124/aws-java-sdk-s3-1.12.124.jar:/home/runner/.m2/repository/com/amazonaws/aws-java-sdk-kms/1.12.124/aws-java-sdk-kms-1.12.124.jar:/home/runner/.m2/repository/com/amazonaws/jmespath-java/1.12.124/jmespath-java-1.12.124.jar:/home/runner/.m2/repository/org/kohsuke/metainf-services/metainf-services/1.8/metainf-services-1.8.jar:/home/runner/.m2/repository/org/apache/ozone/hdds-tools/1.3.0-SNAPSHOT/hdds-tools-1.3.0-SNAPSHOT.jar:/home/runner/.m2/repository/commons-cli/commons-cli/1.2/commons-cli-1.2.jar:/home/runner/.m2/repository/org/apache/commons/commons-lang3/3.7/commons-lang3-3.7.jar:/home/runner/.m2/repository/org/apache/ozone/ozone-manager/1.3.0-SNAPSHOT/ozone-manager-1.3.0-SNAPSHOT-tests.jar:/home/runner/.m2/repository/org/apache/ozone/hdds-common/1.3.0-SNAPSHOT/hdds-common-1.3.0-SNAPSHOT-tests.jar:/home/runner/.m2/repository/org/apache/ozone/hdds-hadoop-dependency-client/1.3.0-SNAPSHOT/hdds-hadoop-dependency-client-1.3.0-SNAPSHOT.jar:/home/runner/.m2/repository/info/picocli/picocli/4.6.1/picocli-4.6.1.jar:/home/runner/.m2/repository/com/fasterxml/jackson/core/jackson-annotations/2.12.1/jackson-annotations-2.12.1.jar:/home/runner/.m2/repository/javax/annotation/javax.annotation-api/1.2/javax.annotation-api-1.2.jar:/home/runner/.m2/repository/org/apache/ratis/ratis-server/2.2.0/ratis-server-2.2.0.jar:/home/runner/.m2/repository/org/apache/ratis/ratis-client/2.2.0/ratis-client-2.2.0.jar:/home/runner/.m2/repository/org/apache/ratis/ratis-server-api/2.2.0/ratis-server-api-2.2.0.jar:/home/runner/.m2/repository/org/apache/ratis/ratis-metrics/2.2.0/ratis-metrics-2.2.0.jar:/home/runner/.m2/repository/org/apache/ratis/ratis-netty/2.2.0/ratis-netty-2.2.0.jar:/home/runner/.m2/repository/org/apache/ratis/ratis-grpc/2.2.0/ratis-grpc-2.2.0.jar:/home/runner/.m2/repository/org/apache/logging/log4j/log4j-api/2.17.1/log4j-api-2.17.1.jar:/home/runner/.m2/repository/org/apache/logging/log4j/log4j-core/2.17.1/log4j-core-2.17.1.jar:/home/runner/.m2/repository/com/lmax/disruptor/3.4.2/disruptor-3.4.2.jar:/home/runner/.m2/repository/org/apache/commons/commons-pool2/2.6.0/commons-pool2-2.6.0.jar:/home/runner/.m2/repository/org/bouncycastle/bcpkix-jdk15on/1.67/bcpkix-jdk15on-1.67.jar:/home/runner/.m2/repository/commons-validator/commons-validator/1.6/commons-validator-1.6.jar:/home/runner/.m2/repository/commons-beanutils/commons-beanutils/1.9.4/commons-beanutils-1.9.4.jar:/home/runner/.m2/repository/commons-digester/commons-digester/1.8.1/commons-digester-1.8.1.jar:/home/runner/.m2/repository/commons-collections/commons-collections/3.2.2/commons-collections-3.2.2.jar:/home/runner/.m2/repository/io/jaegertracing/jaeger-client/1.6.0/jaeger-client-1.6.0.jar:/home/runner/.m2/repository/io/jaegertracing/jaeger-thrift/1.6.0/jaeger-thrift-1.6.0.jar:/home/runner/.m2/repository/org/apache/thrift/libthrift/0.14.1/libthrift-0.14.1.jar:/home/runner/.m2/repository/com/squareup/okhttp3/okhttp/4.9.0/okhttp-4.9.0.jar:/home/runner/.m2/repository/com/squareup/okio/okio/2.8.0/okio-2.8.0.jar:/home/runner/.m2/repository/io/jaegertracing/jaeger-core/1.6.0/jaeger-core-1.6.0.jar:/home/runner/.m2/repository/io/jaegertracing/jaeger-tracerresolver/1.6.0/jaeger-tracerresolver-1.6.0.jar:/home/runner/.m2/repository/io/opentracing/contrib/opentracing-tracerresolver/0.1.8/opentracing-tracerresolver-0.1.8.jar:/home/runner/.m2/repository/org/jetbrains/kotlin/kotlin-stdlib/1.4.31/kotlin-stdlib-1.4.31.jar:/home/runner/.m2/repository/org/jetbrains/kotlin/kotlin-stdlib-common/1.4.31/kotlin-stdlib-common-1.4.31.jar:/home/runner/.m2/repository/org/jetbrains/annotations/13.0/annotations-13.0.jar:/home/runner/.m2/repository/io/opentracing/opentracing-util/0.33.0/opentracing-util-0.33.0.jar:/home/runner/.m2/repository/io/opentracing/opentracing-api/0.33.0/opentracing-api-0.33.0.jar:/home/runner/.m2/repository/io/opentracing/opentracing-noop/0.33.0/opentracing-noop-0.33.0.jar:/home/runner/.m2/repository/org/yaml/snakeyaml/1.26/snakeyaml-1.26.jar:/home/runner/.m2/repository/org/apache/ozone/hdds-interface-admin/1.3.0-SNAPSHOT/hdds-interface-admin-1.3.0-SNAPSHOT.jar:/home/runner/.m2/repository/junit/junit/4.13.1/junit-4.13.1.jar:/home/runner/.m2/repository/org/hamcrest/hamcrest-core/1.3/hamcrest-core-1.3.jar:/home/runner/.m2/repository/org/junit/jupiter/junit-jupiter-api/5.7.0/junit-jupiter-api-5.7.0.jar:/home/runner/.m2/repository/org/apiguardian/apiguardian-api/1.1.0/apiguardian-api-1.1.0.jar:/home/runner/.m2/repository/org/opentest4j/opentest4j/1.2.0/opentest4j-1.2.0.jar:/home/runner/.m2/repository/org/junit/platform/junit-platform-commons/1.7.0/junit-platform-commons-1.7.0.jar:/home/runner/.m2/repository/org/junit/jupiter/junit-jupiter-engine/5.7.0/junit-jupiter-engine-5.7.0.jar:/home/runner/.m2/repository/org/junit/platform/junit-platform-engine/1.7.0/junit-platform-engine-1.7.0.jar:/home/runner/.m2/repository/org/junit/vintage/junit-vintage-engine/5.7.0/junit-vintage-engine-5.7.0.jar:/home/runner/.m2/repository/org/junit/platform/junit-platform-launcher/1.7.0/junit-platform-launcher-1.7.0.jar:/home/runner/.m2/repository/org/mockito/mockito-core/2.28.2/mockito-core-2.28.2.jar:/home/runner/.m2/repository/net/bytebuddy/byte-buddy/1.9.10/byte-buddy-1.9.10.jar:/home/runner/.m2/repository/net/bytebuddy/byte-buddy-agent/1.9.10/byte-buddy-agent-1.9.10.jar:/home/runner/.m2/repository/org/objenesis/objenesis/1.0/objenesis-1.0.jar:/home/runner/.m2/repository/org/apache/hadoop/hadoop-kms/3.3.1/hadoop-kms-3.3.1.jar:/home/runner/.m2/repository/org/apache/hadoop/hadoop-auth/3.3.1/hadoop-auth-3.3.1.jar:/home/runner/.m2/repository/com/nimbusds/nimbus-jose-jwt/7.9/nimbus-jose-jwt-7.9.jar:/home/runner/.m2/repository/com/github/stephenc/jcip/jcip-annotations/1.0-1/jcip-annotations-1.0-1.jar:/home/runner/.m2/repository/net/minidev/json-smart/2.4.7/json-smart-2.4.7.jar:/home/runner/.m2/repository/net/minidev/accessors-smart/2.4.7/accessors-smart-2.4.7.jar:/home/runner/.m2/repository/org/ow2/asm/asm/5.0.4/asm-5.0.4.jar:/home/runner/.m2/repository/org/apache/zookeeper/zookeeper/3.5.6/zookeeper-3.5.6.jar:/home/runner/.m2/repository/org/apache/zookeeper/zookeeper-jute/3.5.6/zookeeper-jute-3.5.6.jar:/home/runner/.m2/repository/org/apache/yetus/audience-annotations/0.5.0/audience-annotations-0.5.0.jar:/home/runner/.m2/repository/org/apache/curator/curator-framework/4.2.0/curator-framework-4.2.0.jar:/home/runner/.m2/repository/org/apache/hadoop/thirdparty/hadoop-shaded-guava/1.1.1/hadoop-shaded-guava-1.1.1.jar:/home/runner/.m2/repository/com/sun/jersey/jersey-core/1.19/jersey-core-1.19.jar:/home/runner/.m2/repository/javax/ws/rs/jsr311-api/1.1.1/jsr311-api-1.1.1.jar:/home/runner/.m2/repository/com/sun/jersey/jersey-server/1.19/jersey-server-1.19.jar:/home/runner/.m2/repository/javax/servlet/javax.servlet-api/3.1.0/javax.servlet-api-3.1.0.jar:/home/runner/.m2/repository/org/eclipse/jetty/jetty-server/9.4.43.v20210629/jetty-server-9.4.43.v20210629.jar:/home/runner/.m2/repository/org/eclipse/jetty/jetty-http/9.4.43.v20210629/jetty-http-9.4.43.v20210629.jar:/home/runner/.m2/repository/org/eclipse/jetty/jetty-io/9.4.43.v20210629/jetty-io-9.4.43.v20210629.jar:/home/runner/.m2/repository/org/eclipse/jetty/jetty-webapp/9.4.43.v20210629/jetty-webapp-9.4.43.v20210629.jar:/home/runner/.m2/repository/org/eclipse/jetty/jetty-xml/9.4.43.v20210629/jetty-xml-9.4.43.v20210629.jar:/home/runner/.m2/repository/org/apache/hadoop/hadoop-common/3.3.1/hadoop-common-3.3.1.jar:/home/runner/.m2/repository/org/apache/commons/commons-math3/3.1.1/commons-math3-3.1.1.jar:/home/runner/.m2/repository/commons-net/commons-net/3.6/commons-net-3.6.jar:/home/runner/.m2/repository/jakarta/activation/jakarta.activation-api/1.2.1/jakarta.activation-api-1.2.1.jar:/home/runner/.m2/repository/com/sun/jersey/jersey-servlet/1.19/jersey-servlet-1.19.jar:/home/runner/.m2/repository/com/sun/jersey/jersey-json/1.19/jersey-json-1.19.jar:/home/runner/.m2/repository/org/codehaus/jettison/jettison/1.1/jettison-1.1.jar:/home/runner/.m2/repository/com/sun/xml/bind/jaxb-impl/2.2.3-1/jaxb-impl-2.2.3-1.jar:/home/runner/.m2/repository/org/codehaus/jackson/jackson-jaxrs/1.9.2/jackson-jaxrs-1.9.2.jar:/home/runner/.m2/repository/org/codehaus/jackson/jackson-xc/1.9.2/jackson-xc-1.9.2.jar:/home/runner/.m2/repository/org/apache/commons/commons-configuration2/2.1.1/commons-configuration2-2.1.1.jar:/home/runner/.m2/repository/org/apache/commons/commons-text/1.4/commons-text-1.4.jar:/home/runner/.m2/repository/com/google/re2j/re2j/1.1/re2j-1.1.jar:/home/runner/.m2/repository/com/jcraft/jsch/0.1.54/jsch-0.1.54.jar:/home/runner/.m2/repository/org/apache/curator/curator-client/4.2.0/curator-client-4.2.0.jar:/home/runner/.m2/repository/org/apache/curator/curator-recipes/4.2.0/curator-recipes-4.2.0.jar:/home/runner/.m2/repository/org/apache/kerby/kerb-core/1.0.1/kerb-core-1.0.1.jar:/home/runner/.m2/repository/org/apache/kerby/kerby-pkix/1.0.1/kerby-pkix-1.0.1.jar:/home/runner/.m2/repository/org/apache/kerby/kerby-asn1/1.0.1/kerby-asn1-1.0.1.jar:/home/runner/.m2/repository/org/apache/kerby/kerby-util/1.0.1/kerby-util-1.0.1.jar:/home/runner/.m2/repository/dnsjava/dnsjava/2.1.7/dnsjava-2.1.7.jar:/home/runner/.m2/repository/org/xerial/snappy/snappy-java/1.1.8.2/snappy-java-1.1.8.2.jar:/home/runner/.m2/repository/org/slf4j/jul-to-slf4j/1.7.30/jul-to-slf4j-1.7.30.jar:/home/runner/.m2/repository/org/eclipse/jetty/jetty-util/9.4.43.v20210629/jetty-util-9.4.43.v20210629.jar:/home/runner/.m2/repository/com/fasterxml/jackson/core/jackson-databind/2.12.1/jackson-databind-2.12.1.jar:/home/runner/.m2/repository/org/apache/hadoop/hadoop-kms/3.3.1/hadoop-kms-3.3.1-tests.jar:/home/runner/.m2/repository/org/apache/ozone/hdds-server-scm/1.3.0-SNAPSHOT/hdds-server-scm-1.3.0-SNAPSHOT-tests.jar:/home/runner/.m2/repository/org/apache/ozone/hdds-container-service/1.3.0-SNAPSHOT/hdds-container-service-1.3.0-SNAPSHOT-tests.jar:/home/runner/.m2/repository/commons-codec/commons-codec/1.11/commons-codec-1.11.jar:/home/runner/.m2/repository/io/netty/netty-transport/4.1.63.Final/netty-transport-4.1.63.Final.jar:/home/runner/.m2/repository/io/netty/netty-resolver/4.1.63.Final/netty-resolver-4.1.63.Final.jar:/home/runner/.m2/repository/io/netty/netty-codec/4.1.63.Final/netty-codec-4.1.63.Final.jar:/home/runner/.m2/repository/io/netty/netty-handler/4.1.63.Final/netty-handler-4.1.63.Final.jar:/home/runner/.m2/repository/org/apache/ozone/hdds-hadoop-dependency-test/1.3.0-SNAPSHOT/hdds-hadoop-dependency-test-1.3.0-SNAPSHOT.jar:/home/runner/.m2/repository/org/apache/hadoop/hadoop-common/3.3.1/hadoop-common-3.3.1-tests.jar:/home/runner/.m2/repository/org/assertj/assertj-core/3.12.2/assertj-core-3.12.2.jar:/home/runner/.m2/repository/org/apache/hadoop/hadoop-hdfs/3.3.1/hadoop-hdfs-3.3.1-tests.jar:/home/runner/.m2/repository/org/eclipse/jetty/jetty-util-ajax/9.4.43.v20210629/jetty-util-ajax-9.4.43.v20210629.jar:/home/runner/.m2/repository/commons-daemon/commons-daemon/1.0.13/commons-daemon-1.0.13.jar:/home/runner/.m2/repository/io/netty/netty/3.10.6.Final/netty-3.10.6.Final.jar:/home/runner/.m2/repository/io/netty/netty-all/4.1.63.Final/netty-all-4.1.63.Final.jar:/home/runner/.m2/repository/org/apache/htrace/htrace-core4/4.1.0-incubating/htrace-core4-4.1.0-incubating.jar:/home/runner/.m2/repository/org/fusesource/leveldbjni/leveldbjni-all/1.8/leveldbjni-all-1.8.jar:/home/runner/.m2/repository/org/apache/hadoop/hadoop-distcp/3.3.1/hadoop-distcp-3.3.1.jar:/home/runner/.m2/repository/org/apache/hadoop/hadoop-mapreduce-client-jobclient/3.3.1/hadoop-mapreduce-client-jobclient-3.3.1.jar:/home/runner/.m2/repository/org/apache/hadoop/hadoop-mapreduce-client-common/3.3.1/hadoop-mapreduce-client-common-3.3.1.jar:/home/runner/.m2/repository/org/apache/hadoop/hadoop-yarn-common/3.3.1/hadoop-yarn-common-3.3.1.jar:/home/runner/.m2/repository/org/apache/hadoop/hadoop-yarn-api/3.3.1/hadoop-yarn-api-3.3.1.jar:/home/runner/.m2/repository/com/sun/jersey/jersey-client/1.19/jersey-client-1.19.jar:/home/runner/.m2/repository/com/sun/jersey/contribs/jersey-guice/1.19/jersey-guice-1.19.jar:/home/runner/.m2/repository/com/fasterxml/jackson/jaxrs/jackson-jaxrs-json-provider/2.12.1/jackson-jaxrs-json-provider-2.12.1.jar:/home/runner/.m2/repository/com/fasterxml/jackson/jaxrs/jackson-jaxrs-base/2.12.1/jackson-jaxrs-base-2.12.1.jar:/home/runner/.m2/repository/org/apache/hadoop/hadoop-yarn-client/3.3.1/hadoop-yarn-client-3.3.1.jar:/home/runner/.m2/repository/org/eclipse/jetty/websocket/websocket-client/9.4.40.v20210413/websocket-client-9.4.40.v20210413.jar:/home/runner/.m2/repository/org/eclipse/jetty/jetty-client/9.4.40.v20210413/jetty-client-9.4.40.v20210413.jar:/home/runner/.m2/repository/org/eclipse/jetty/websocket/websocket-common/9.4.40.v20210413/websocket-common-9.4.40.v20210413.jar:/home/runner/.m2/repository/org/eclipse/jetty/websocket/websocket-api/9.4.40.v20210413/websocket-api-9.4.40.v20210413.jar:/home/runner/.m2/repository/org/jline/jline/3.9.0/jline-3.9.0.jar:/home/runner/.m2/repository/org/apache/hadoop/hadoop-mapreduce-client-core/3.3.1/hadoop-mapreduce-client-core-3.3.1.jar:/home/runner/.m2/repository/org/apache/avro/avro/1.7.7/avro-1.7.7.jar:/home/runner/.m2/repository/org/codehaus/jackson/jackson-core-asl/1.9.13/jackson-core-asl-1.9.13.jar:/home/runner/.m2/repository/org/codehaus/jackson/jackson-mapper-asl/1.9.13/jackson-mapper-asl-1.9.13.jar:/home/runner/.m2/repository/com/thoughtworks/paranamer/paranamer/2.3/paranamer-2.3.jar:/home/runner/.m2/repository/org/apache/hadoop/hadoop-annotations/3.3.1/hadoop-annotations-3.3.1.jar:/usr/lib/jvm/temurin-8-jdk-amd64/jre/../lib/tools.jar:/home/runner/.m2/repository/org/apache/hadoop/hadoop-distcp/3.3.1/hadoop-distcp-3.3.1-tests.jar:/home/runner/.m2/repository/org/apache/ratis/ratis-common/2.2.0/ratis-common-2.2.0.jar:/home/runner/.m2/repository/org/apache/ratis/ratis-thirdparty-misc/0.7.0/ratis-thirdparty-misc-0.7.0.jar:/home/runner/.m2/repository/org/apache/ratis/ratis-proto/2.2.0/ratis-proto-2.2.0.jar:"/>
    <property name="java.vm.vendor" value="Temurin"/>
    <property name="sun.arch.data.model" value="64"/>
    <property name="test.build.dir" value="/home/runner/work/ozone/ozone/hadoop-ozone/integration-test/target/test-dir"/>
    <property name="test.cache.data" value=""/>
    <property name="java.vendor.url" value="https://adoptium.net/"/>
    <property name="user.timezone" value=""/>
    <property name="java.vm.specification.version" value="1.8"/>
    <property name="os.name" value="Linux"/>
    <property name="test.build.data" value="/home/runner/work/ozone/ozone/hadoop-ozone/integration-test/target/test-dir"/>
    <property name="sun.java.launcher" value="SUN_STANDARD"/>
    <property name="sun.boot.library.path" value="/usr/lib/jvm/temurin-8-jdk-amd64/jre/lib/amd64"/>
    <property name="sun.java.command" value="/home/runner/work/ozone/ozone/hadoop-ozone/integration-test/target/surefire/surefirebooter461462438302998216.jar /home/runner/work/ozone/ozone/hadoop-ozone/integration-test/target/surefire 2022-03-03T06-56-37_185-jvmRun1 surefire7718294956166294934tmp surefire_66457030648821623004tmp"/>
    <property name="surefire.test.class.path" value="/home/runner/work/ozone/ozone/hadoop-ozone/integration-test/target/test-classes:/home/runner/work/ozone/ozone/hadoop-ozone/integration-test/target/classes:/home/runner/.m2/repository/org/apache/ozone/ozone-common/1.3.0-SNAPSHOT/ozone-common-1.3.0-SNAPSHOT.jar:/home/runner/.m2/repository/org/apache/commons/commons-compress/1.21/commons-compress-1.21.jar:/home/runner/.m2/repository/org/apache/ozone/hdds-common/1.3.0-SNAPSHOT/hdds-common-1.3.0-SNAPSHOT.jar:/home/runner/.m2/repository/org/apache/ozone/hdds-client/1.3.0-SNAPSHOT/hdds-client-1.3.0-SNAPSHOT.jar:/home/runner/.m2/repository/org/apache/ozone/ozone-interface-client/1.3.0-SNAPSHOT/ozone-interface-client-1.3.0-SNAPSHOT.jar:/home/runner/.m2/repository/org/apache/ozone/hdds-test-utils/1.3.0-SNAPSHOT/hdds-test-utils-1.3.0-SNAPSHOT.jar:/home/runner/.m2/repository/com/google/guava/guava/30.1.1-jre/guava-30.1.1-jre.jar:/home/runner/.m2/repository/com/google/guava/failureaccess/1.0.1/failureaccess-1.0.1.jar:/home/runner/.m2/repository/com/google/guava/listenablefuture/9999.0-empty-to-avoid-conflict-with-guava/listenablefuture-9999.0-empty-to-avoid-conflict-with-guava.jar:/home/runner/.m2/repository/com/google/code/findbugs/jsr305/3.0.0/jsr305-3.0.0.jar:/home/runner/.m2/repository/org/checkerframework/checker-qual/3.8.0/checker-qual-3.8.0.jar:/home/runner/.m2/repository/com/google/errorprone/error_prone_annotations/2.2.0/error_prone_annotations-2.2.0.jar:/home/runner/.m2/repository/com/google/j2objc/j2objc-annotations/1.3/j2objc-annotations-1.3.jar:/home/runner/.m2/repository/commons-io/commons-io/2.11.0/commons-io-2.11.0.jar:/home/runner/.m2/repository/commons-logging/commons-logging/1.2/commons-logging-1.2.jar:/home/runner/.m2/repository/log4j/log4j/1.2.17/log4j-1.2.17.jar:/home/runner/.m2/repository/org/slf4j/slf4j-api/1.7.30/slf4j-api-1.7.30.jar:/home/runner/.m2/repository/org/apache/ozone/hdds-server-scm/1.3.0-SNAPSHOT/hdds-server-scm-1.3.0-SNAPSHOT.jar:/home/runner/.m2/repository/org/apache/ozone/hdds-container-service/1.3.0-SNAPSHOT/hdds-container-service-1.3.0-SNAPSHOT.jar:/home/runner/.m2/repository/org/apache/ozone/hdds-hadoop-dependency-server/1.3.0-SNAPSHOT/hdds-hadoop-dependency-server-1.3.0-SNAPSHOT.jar:/home/runner/.m2/repository/org/apache/hadoop/hadoop-hdfs/3.3.1/hadoop-hdfs-3.3.1.jar:/home/runner/.m2/repository/org/apache/ozone/hdds-server-framework/1.3.0-SNAPSHOT/hdds-server-framework-1.3.0-SNAPSHOT.jar:/home/runner/.m2/repository/org/apache/ozone/hdds-interface-server/1.3.0-SNAPSHOT/hdds-interface-server-1.3.0-SNAPSHOT.jar:/home/runner/.m2/repository/org/eclipse/jetty/jetty-servlet/9.4.43.v20210629/jetty-servlet-9.4.43.v20210629.jar:/home/runner/.m2/repository/org/eclipse/jetty/jetty-security/9.4.43.v20210629/jetty-security-9.4.43.v20210629.jar:/home/runner/.m2/repository/org/rocksdb/rocksdbjni/6.25.3/rocksdbjni-6.25.3.jar:/home/runner/.m2/repository/io/prometheus/simpleclient_dropwizard/0.7.0/simpleclient_dropwizard-0.7.0.jar:/home/runner/.m2/repository/io/prometheus/simpleclient/0.7.0/simpleclient-0.7.0.jar:/home/runner/.m2/repository/io/prometheus/simpleclient_common/0.7.0/simpleclient_common-0.7.0.jar:/home/runner/.m2/repository/com/fasterxml/jackson/datatype/jackson-datatype-jsr310/2.12.1/jackson-datatype-jsr310-2.12.1.jar:/home/runner/.m2/repository/io/dropwizard/metrics/metrics-core/3.2.4/metrics-core-3.2.4.jar:/home/runner/.m2/repository/org/apache/hadoop/hadoop-hdfs-client/3.3.1/hadoop-hdfs-client-3.3.1.jar:/home/runner/.m2/repository/org/bouncycastle/bcprov-jdk15on/1.67/bcprov-jdk15on-1.67.jar:/home/runner/.m2/repository/com/google/protobuf/protobuf-java/2.5.0/protobuf-java-2.5.0.jar:/home/runner/.m2/repository/org/apache/ozone/ozone-manager/1.3.0-SNAPSHOT/ozone-manager-1.3.0-SNAPSHOT.jar:/home/runner/.m2/repository/org/aspectj/aspectjrt/1.9.7/aspectjrt-1.9.7.jar:/home/runner/.m2/repository/org/aspectj/aspectjweaver/1.9.7/aspectjweaver-1.9.7.jar:/home/runner/.m2/repository/org/apache/ozone/hdds-interface-client/1.3.0-SNAPSHOT/hdds-interface-client-1.3.0-SNAPSHOT.jar:/home/runner/.m2/repository/org/apache/hadoop/thirdparty/hadoop-shaded-protobuf_3_7/1.1.1/hadoop-shaded-protobuf_3_7-1.1.1.jar:/home/runner/.m2/repository/org/apache/ozone/ozone-interface-storage/1.3.0-SNAPSHOT/ozone-interface-storage-1.3.0-SNAPSHOT.jar:/home/runner/.m2/repository/org/reflections/reflections/0.9.11/reflections-0.9.11.jar:/home/runner/.m2/repository/org/apache/hadoop/hadoop-minikdc/3.3.1/hadoop-minikdc-3.3.1.jar:/home/runner/.m2/repository/org/apache/kerby/kerb-simplekdc/1.0.1/kerb-simplekdc-1.0.1.jar:/home/runner/.m2/repository/org/apache/kerby/kerb-client/1.0.1/kerb-client-1.0.1.jar:/home/runner/.m2/repository/org/apache/kerby/kerby-config/1.0.1/kerby-config-1.0.1.jar:/home/runner/.m2/repository/org/apache/kerby/kerb-common/1.0.1/kerb-common-1.0.1.jar:/home/runner/.m2/repository/org/apache/kerby/kerb-crypto/1.0.1/kerb-crypto-1.0.1.jar:/home/runner/.m2/repository/org/apache/kerby/kerb-util/1.0.1/kerb-util-1.0.1.jar:/home/runner/.m2/repository/org/apache/kerby/token-provider/1.0.1/token-provider-1.0.1.jar:/home/runner/.m2/repository/org/apache/kerby/kerb-admin/1.0.1/kerb-admin-1.0.1.jar:/home/runner/.m2/repository/org/apache/kerby/kerb-server/1.0.1/kerb-server-1.0.1.jar:/home/runner/.m2/repository/org/apache/kerby/kerb-identity/1.0.1/kerb-identity-1.0.1.jar:/home/runner/.m2/repository/org/apache/kerby/kerby-xdr/1.0.1/kerby-xdr-1.0.1.jar:/home/runner/.m2/repository/org/slf4j/slf4j-log4j12/1.7.30/slf4j-log4j12-1.7.30.jar:/home/runner/.m2/repository/org/apache/ozone/ozone-s3gateway/1.3.0-SNAPSHOT/ozone-s3gateway-1.3.0-SNAPSHOT.jar:/home/runner/.m2/repository/org/javassist/javassist/3.21.0-GA/javassist-3.21.0-GA.jar:/home/runner/.m2/repository/org/jboss/weld/servlet/weld-servlet/2.4.7.Final/weld-servlet-2.4.7.Final.jar:/home/runner/.m2/repository/org/glassfish/jersey/containers/jersey-container-servlet-core/2.33/jersey-container-servlet-core-2.33.jar:/home/runner/.m2/repository/org/glassfish/hk2/external/jakarta.inject/2.6.1/jakarta.inject-2.6.1.jar:/home/runner/.m2/repository/org/glassfish/jersey/core/jersey-common/2.33/jersey-common-2.33.jar:/home/runner/.m2/repository/jakarta/ws/rs/jakarta.ws.rs-api/2.1.6/jakarta.ws.rs-api-2.1.6.jar:/home/runner/.m2/repository/org/glassfish/jersey/ext/cdi/jersey-cdi1x/2.33/jersey-cdi1x-2.33.jar:/home/runner/.m2/repository/org/glassfish/jersey/inject/jersey-hk2/2.33/jersey-hk2-2.33.jar:/home/runner/.m2/repository/org/glassfish/hk2/hk2-locator/2.6.1/hk2-locator-2.6.1.jar:/home/runner/.m2/repository/org/glassfish/jersey/media/jersey-media-jaxb/2.33/jersey-media-jaxb-2.33.jar:/home/runner/.m2/repository/org/glassfish/hk2/osgi-resource-locator/1.0.3/osgi-resource-locator-1.0.3.jar:/home/runner/.m2/repository/org/glassfish/hk2/hk2-api/2.5.0/hk2-api-2.5.0.jar:/home/runner/.m2/repository/org/glassfish/hk2/hk2-utils/2.5.0/hk2-utils-2.5.0.jar:/home/runner/.m2/repository/org/glassfish/hk2/external/aopalliance-repackaged/2.5.0/aopalliance-repackaged-2.5.0.jar:/home/runner/.m2/repository/com/fasterxml/jackson/dataformat/jackson-dataformat-xml/2.12.1/jackson-dataformat-xml-2.12.1.jar:/home/runner/.m2/repository/com/fasterxml/jackson/core/jackson-core/2.12.1/jackson-core-2.12.1.jar:/home/runner/.m2/repository/com/fasterxml/jackson/module/jackson-module-jaxb-annotations/2.12.1/jackson-module-jaxb-annotations-2.12.1.jar:/home/runner/.m2/repository/jakarta/xml/bind/jakarta.xml.bind-api/2.3.2/jakarta.xml.bind-api-2.3.2.jar:/home/runner/.m2/repository/org/codehaus/woodstox/stax2-api/3.1.4/stax2-api-3.1.4.jar:/home/runner/.m2/repository/com/fasterxml/woodstox/woodstox-core/5.0.3/woodstox-core-5.0.3.jar:/home/runner/.m2/repository/javax/enterprise/cdi-api/1.2/cdi-api-1.2.jar:/home/runner/.m2/repository/javax/el/javax.el-api/3.0.0/javax.el-api-3.0.0.jar:/home/runner/.m2/repository/javax/interceptor/javax.interceptor-api/1.2/javax.interceptor-api-1.2.jar:/home/runner/.m2/repository/javax/inject/javax.inject/1/javax.inject-1.jar:/home/runner/.m2/repository/javax/xml/bind/jaxb-api/2.3.0/jaxb-api-2.3.0.jar:/home/runner/.m2/repository/org/glassfish/jaxb/jaxb-runtime/2.3.0.1/jaxb-runtime-2.3.0.1.jar:/home/runner/.m2/repository/org/glassfish/jaxb/jaxb-core/2.3.0.1/jaxb-core-2.3.0.1.jar:/home/runner/.m2/repository/org/glassfish/jaxb/txw2/2.3.0.1/txw2-2.3.0.1.jar:/home/runner/.m2/repository/com/sun/istack/istack-commons-runtime/3.0.5/istack-commons-runtime-3.0.5.jar:/home/runner/.m2/repository/org/jvnet/staxex/stax-ex/1.7.8/stax-ex-1.7.8.jar:/home/runner/.m2/repository/com/sun/xml/fastinfoset/FastInfoset/1.2.13/FastInfoset-1.2.13.jar:/home/runner/.m2/repository/javax/activation/activation/1.1.1/activation-1.1.1.jar:/home/runner/.m2/repository/org/apache/ozone/ozone-csi/1.3.0-SNAPSHOT/ozone-csi-1.3.0-SNAPSHOT.jar:/home/runner/.m2/repository/com/google/protobuf/protobuf-java-util/3.12.0/protobuf-java-util-3.12.0.jar:/home/runner/.m2/repository/com/google/code/gson/gson/2.2.4/gson-2.2.4.jar:/home/runner/.m2/repository/org/apache/ozone/hdds-config/1.3.0-SNAPSHOT/hdds-config-1.3.0-SNAPSHOT.jar:/home/runner/.m2/repository/io/grpc/grpc-netty/1.33.0/grpc-netty-1.33.0.jar:/home/runner/.m2/repository/io/grpc/grpc-core/1.33.0/grpc-core-1.33.0.jar:/home/runner/.m2/repository/com/google/android/annotations/4.1.1.4/annotations-4.1.1.4.jar:/home/runner/.m2/repository/io/netty/netty-codec-http2/4.1.63.Final/netty-codec-http2-4.1.63.Final.jar:/home/runner/.m2/repository/io/netty/netty-codec-http/4.1.63.Final/netty-codec-http-4.1.63.Final.jar:/home/runner/.m2/repository/io/netty/netty-handler-proxy/4.1.63.Final/netty-handler-proxy-4.1.63.Final.jar:/home/runner/.m2/repository/io/netty/netty-codec-socks/4.1.63.Final/netty-codec-socks-4.1.63.Final.jar:/home/runner/.m2/repository/io/perfmark/perfmark-api/0.19.0/perfmark-api-0.19.0.jar:/home/runner/.m2/repository/org/codehaus/mojo/animal-sniffer-annotations/1.18/animal-sniffer-annotations-1.18.jar:/home/runner/.m2/repository/io/netty/netty-transport-native-epoll/4.1.63.Final/netty-transport-native-epoll-4.1.63.Final.jar:/home/runner/.m2/repository/io/netty/netty-common/4.1.63.Final/netty-common-4.1.63.Final.jar:/home/runner/.m2/repository/io/netty/netty-buffer/4.1.63.Final/netty-buffer-4.1.63.Final.jar:/home/runner/.m2/repository/io/netty/netty-transport-native-unix-common/4.1.63.Final/netty-transport-native-unix-common-4.1.63.Final.jar:/home/runner/.m2/repository/io/grpc/grpc-protobuf/1.33.0/grpc-protobuf-1.33.0.jar:/home/runner/.m2/repository/io/grpc/grpc-api/1.33.0/grpc-api-1.33.0.jar:/home/runner/.m2/repository/io/grpc/grpc-context/1.33.0/grpc-context-1.33.0.jar:/home/runner/.m2/repository/com/google/api/grpc/proto-google-common-protos/1.17.0/proto-google-common-protos-1.17.0.jar:/home/runner/.m2/repository/io/grpc/grpc-protobuf-lite/1.33.0/grpc-protobuf-lite-1.33.0.jar:/home/runner/.m2/repository/io/grpc/grpc-stub/1.33.0/grpc-stub-1.33.0.jar:/home/runner/.m2/repository/org/apache/ozone/ozone-recon/1.3.0-SNAPSHOT/ozone-recon-1.3.0-SNAPSHOT.jar:/home/runner/.m2/repository/org/apache/ozone/ozone-reconcodegen/1.3.0-SNAPSHOT/ozone-reconcodegen-1.3.0-SNAPSHOT.jar:/home/runner/.m2/repository/com/google/inject/extensions/guice-multibindings/4.0/guice-multibindings-4.0.jar:/home/runner/.m2/repository/com/google/inject/guice/4.0/guice-4.0.jar:/home/runner/.m2/repository/aopalliance/aopalliance/1.0/aopalliance-1.0.jar:/home/runner/.m2/repository/com/google/inject/extensions/guice-assistedinject/4.0/guice-assistedinject-4.0.jar:/home/runner/.m2/repository/com/google/inject/extensions/guice-servlet/4.0/guice-servlet-4.0.jar:/home/runner/.m2/repository/org/glassfish/jersey/containers/jersey-container-servlet/2.33/jersey-container-servlet-2.33.jar:/home/runner/.m2/repository/org/glassfish/hk2/guice-bridge/2.5.0/guice-bridge-2.5.0.jar:/home/runner/.m2/repository/org/glassfish/jersey/core/jersey-server/2.33/jersey-server-2.33.jar:/home/runner/.m2/repository/org/glassfish/jersey/core/jersey-client/2.33/jersey-client-2.33.jar:/home/runner/.m2/repository/jakarta/annotation/jakarta.annotation-api/1.3.5/jakarta.annotation-api-1.3.5.jar:/home/runner/.m2/repository/jakarta/validation/jakarta.validation-api/2.0.2/jakarta.validation-api-2.0.2.jar:/home/runner/.m2/repository/org/glassfish/jersey/media/jersey-media-json-jackson/2.33/jersey-media-json-jackson-2.33.jar:/home/runner/.m2/repository/org/glassfish/jersey/ext/jersey-entity-filtering/2.33/jersey-entity-filtering-2.33.jar:/home/runner/.m2/repository/org/jooq/jooq/3.11.10/jooq-3.11.10.jar:/home/runner/.m2/repository/org/jooq/jooq-meta/3.11.10/jooq-meta-3.11.10.jar:/home/runner/.m2/repository/org/jooq/jooq-codegen/3.11.10/jooq-codegen-3.11.10.jar:/home/runner/.m2/repository/com/jolbox/bonecp/0.8.0.RELEASE/bonecp-0.8.0.RELEASE.jar:/home/runner/.m2/repository/org/apache/derby/derby/10.14.2.0/derby-10.14.2.0.jar:/home/runner/.m2/repository/org/xerial/sqlite-jdbc/3.25.2/sqlite-jdbc-3.25.2.jar:/home/runner/.m2/repository/org/springframework/spring-jdbc/5.2.18.RELEASE/spring-jdbc-5.2.18.RELEASE.jar:/home/runner/.m2/repository/org/springframework/spring-beans/5.2.18.RELEASE/spring-beans-5.2.18.RELEASE.jar:/home/runner/.m2/repository/org/springframework/spring-core/5.2.18.RELEASE/spring-core-5.2.18.RELEASE.jar:/home/runner/.m2/repository/org/springframework/spring-jcl/5.2.18.RELEASE/spring-jcl-5.2.18.RELEASE.jar:/home/runner/.m2/repository/org/springframework/spring-tx/5.2.18.RELEASE/spring-tx-5.2.18.RELEASE.jar:/home/runner/.m2/repository/org/apache/ozone/ozone-client/1.3.0-SNAPSHOT/ozone-client-1.3.0-SNAPSHOT.jar:/home/runner/.m2/repository/org/apache/ozone/ozone-filesystem/1.3.0-SNAPSHOT/ozone-filesystem-1.3.0-SNAPSHOT.jar:/home/runner/.m2/repository/org/apache/ozone/ozone-filesystem-common/1.3.0-SNAPSHOT/ozone-filesystem-common-1.3.0-SNAPSHOT.jar:/home/runner/.m2/repository/org/apache/ozone/ozone-tools/1.3.0-SNAPSHOT/ozone-tools-1.3.0-SNAPSHOT.jar:/home/runner/.m2/repository/org/apache/ratis/ratis-tools/2.2.0/ratis-tools-2.2.0.jar:/home/runner/.m2/repository/com/amazonaws/aws-java-sdk-core/1.12.124/aws-java-sdk-core-1.12.124.jar:/home/runner/.m2/repository/org/apache/httpcomponents/httpclient/4.5.13/httpclient-4.5.13.jar:/home/runner/.m2/repository/org/apache/httpcomponents/httpcore/4.4.13/httpcore-4.4.13.jar:/home/runner/.m2/repository/software/amazon/ion/ion-java/1.0.2/ion-java-1.0.2.jar:/home/runner/.m2/repository/com/fasterxml/jackson/dataformat/jackson-dataformat-cbor/2.12.1/jackson-dataformat-cbor-2.12.1.jar:/home/runner/.m2/repository/joda-time/joda-time/2.8.1/joda-time-2.8.1.jar:/home/runner/.m2/repository/com/amazonaws/aws-java-sdk-s3/1.12.124/aws-java-sdk-s3-1.12.124.jar:/home/runner/.m2/repository/com/amazonaws/aws-java-sdk-kms/1.12.124/aws-java-sdk-kms-1.12.124.jar:/home/runner/.m2/repository/com/amazonaws/jmespath-java/1.12.124/jmespath-java-1.12.124.jar:/home/runner/.m2/repository/org/kohsuke/metainf-services/metainf-services/1.8/metainf-services-1.8.jar:/home/runner/.m2/repository/org/apache/ozone/hdds-tools/1.3.0-SNAPSHOT/hdds-tools-1.3.0-SNAPSHOT.jar:/home/runner/.m2/repository/commons-cli/commons-cli/1.2/commons-cli-1.2.jar:/home/runner/.m2/repository/org/apache/commons/commons-lang3/3.7/commons-lang3-3.7.jar:/home/runner/.m2/repository/org/apache/ozone/ozone-manager/1.3.0-SNAPSHOT/ozone-manager-1.3.0-SNAPSHOT-tests.jar:/home/runner/.m2/repository/org/apache/ozone/hdds-common/1.3.0-SNAPSHOT/hdds-common-1.3.0-SNAPSHOT-tests.jar:/home/runner/.m2/repository/org/apache/ozone/hdds-hadoop-dependency-client/1.3.0-SNAPSHOT/hdds-hadoop-dependency-client-1.3.0-SNAPSHOT.jar:/home/runner/.m2/repository/info/picocli/picocli/4.6.1/picocli-4.6.1.jar:/home/runner/.m2/repository/com/fasterxml/jackson/core/jackson-annotations/2.12.1/jackson-annotations-2.12.1.jar:/home/runner/.m2/repository/javax/annotation/javax.annotation-api/1.2/javax.annotation-api-1.2.jar:/home/runner/.m2/repository/org/apache/ratis/ratis-server/2.2.0/ratis-server-2.2.0.jar:/home/runner/.m2/repository/org/apache/ratis/ratis-client/2.2.0/ratis-client-2.2.0.jar:/home/runner/.m2/repository/org/apache/ratis/ratis-server-api/2.2.0/ratis-server-api-2.2.0.jar:/home/runner/.m2/repository/org/apache/ratis/ratis-metrics/2.2.0/ratis-metrics-2.2.0.jar:/home/runner/.m2/repository/org/apache/ratis/ratis-netty/2.2.0/ratis-netty-2.2.0.jar:/home/runner/.m2/repository/org/apache/ratis/ratis-grpc/2.2.0/ratis-grpc-2.2.0.jar:/home/runner/.m2/repository/org/apache/logging/log4j/log4j-api/2.17.1/log4j-api-2.17.1.jar:/home/runner/.m2/repository/org/apache/logging/log4j/log4j-core/2.17.1/log4j-core-2.17.1.jar:/home/runner/.m2/repository/com/lmax/disruptor/3.4.2/disruptor-3.4.2.jar:/home/runner/.m2/repository/org/apache/commons/commons-pool2/2.6.0/commons-pool2-2.6.0.jar:/home/runner/.m2/repository/org/bouncycastle/bcpkix-jdk15on/1.67/bcpkix-jdk15on-1.67.jar:/home/runner/.m2/repository/commons-validator/commons-validator/1.6/commons-validator-1.6.jar:/home/runner/.m2/repository/commons-beanutils/commons-beanutils/1.9.4/commons-beanutils-1.9.4.jar:/home/runner/.m2/repository/commons-digester/commons-digester/1.8.1/commons-digester-1.8.1.jar:/home/runner/.m2/repository/commons-collections/commons-collections/3.2.2/commons-collections-3.2.2.jar:/home/runner/.m2/repository/io/jaegertracing/jaeger-client/1.6.0/jaeger-client-1.6.0.jar:/home/runner/.m2/repository/io/jaegertracing/jaeger-thrift/1.6.0/jaeger-thrift-1.6.0.jar:/home/runner/.m2/repository/org/apache/thrift/libthrift/0.14.1/libthrift-0.14.1.jar:/home/runner/.m2/repository/com/squareup/okhttp3/okhttp/4.9.0/okhttp-4.9.0.jar:/home/runner/.m2/repository/com/squareup/okio/okio/2.8.0/okio-2.8.0.jar:/home/runner/.m2/repository/io/jaegertracing/jaeger-core/1.6.0/jaeger-core-1.6.0.jar:/home/runner/.m2/repository/io/jaegertracing/jaeger-tracerresolver/1.6.0/jaeger-tracerresolver-1.6.0.jar:/home/runner/.m2/repository/io/opentracing/contrib/opentracing-tracerresolver/0.1.8/opentracing-tracerresolver-0.1.8.jar:/home/runner/.m2/repository/org/jetbrains/kotlin/kotlin-stdlib/1.4.31/kotlin-stdlib-1.4.31.jar:/home/runner/.m2/repository/org/jetbrains/kotlin/kotlin-stdlib-common/1.4.31/kotlin-stdlib-common-1.4.31.jar:/home/runner/.m2/repository/org/jetbrains/annotations/13.0/annotations-13.0.jar:/home/runner/.m2/repository/io/opentracing/opentracing-util/0.33.0/opentracing-util-0.33.0.jar:/home/runner/.m2/repository/io/opentracing/opentracing-api/0.33.0/opentracing-api-0.33.0.jar:/home/runner/.m2/repository/io/opentracing/opentracing-noop/0.33.0/opentracing-noop-0.33.0.jar:/home/runner/.m2/repository/org/yaml/snakeyaml/1.26/snakeyaml-1.26.jar:/home/runner/.m2/repository/org/apache/ozone/hdds-interface-admin/1.3.0-SNAPSHOT/hdds-interface-admin-1.3.0-SNAPSHOT.jar:/home/runner/.m2/repository/junit/junit/4.13.1/junit-4.13.1.jar:/home/runner/.m2/repository/org/hamcrest/hamcrest-core/1.3/hamcrest-core-1.3.jar:/home/runner/.m2/repository/org/junit/jupiter/junit-jupiter-api/5.7.0/junit-jupiter-api-5.7.0.jar:/home/runner/.m2/repository/org/apiguardian/apiguardian-api/1.1.0/apiguardian-api-1.1.0.jar:/home/runner/.m2/repository/org/opentest4j/opentest4j/1.2.0/opentest4j-1.2.0.jar:/home/runner/.m2/repository/org/junit/platform/junit-platform-commons/1.7.0/junit-platform-commons-1.7.0.jar:/home/runner/.m2/repository/org/junit/jupiter/junit-jupiter-engine/5.7.0/junit-jupiter-engine-5.7.0.jar:/home/runner/.m2/repository/org/junit/platform/junit-platform-engine/1.7.0/junit-platform-engine-1.7.0.jar:/home/runner/.m2/repository/org/junit/vintage/junit-vintage-engine/5.7.0/junit-vintage-engine-5.7.0.jar:/home/runner/.m2/repository/org/junit/platform/junit-platform-launcher/1.7.0/junit-platform-launcher-1.7.0.jar:/home/runner/.m2/repository/org/mockito/mockito-core/2.28.2/mockito-core-2.28.2.jar:/home/runner/.m2/repository/net/bytebuddy/byte-buddy/1.9.10/byte-buddy-1.9.10.jar:/home/runner/.m2/repository/net/bytebuddy/byte-buddy-agent/1.9.10/byte-buddy-agent-1.9.10.jar:/home/runner/.m2/repository/org/objenesis/objenesis/1.0/objenesis-1.0.jar:/home/runner/.m2/repository/org/apache/hadoop/hadoop-kms/3.3.1/hadoop-kms-3.3.1.jar:/home/runner/.m2/repository/org/apache/hadoop/hadoop-auth/3.3.1/hadoop-auth-3.3.1.jar:/home/runner/.m2/repository/com/nimbusds/nimbus-jose-jwt/7.9/nimbus-jose-jwt-7.9.jar:/home/runner/.m2/repository/com/github/stephenc/jcip/jcip-annotations/1.0-1/jcip-annotations-1.0-1.jar:/home/runner/.m2/repository/net/minidev/json-smart/2.4.7/json-smart-2.4.7.jar:/home/runner/.m2/repository/net/minidev/accessors-smart/2.4.7/accessors-smart-2.4.7.jar:/home/runner/.m2/repository/org/ow2/asm/asm/5.0.4/asm-5.0.4.jar:/home/runner/.m2/repository/org/apache/zookeeper/zookeeper/3.5.6/zookeeper-3.5.6.jar:/home/runner/.m2/repository/org/apache/zookeeper/zookeeper-jute/3.5.6/zookeeper-jute-3.5.6.jar:/home/runner/.m2/repository/org/apache/yetus/audience-annotations/0.5.0/audience-annotations-0.5.0.jar:/home/runner/.m2/repository/org/apache/curator/curator-framework/4.2.0/curator-framework-4.2.0.jar:/home/runner/.m2/repository/org/apache/hadoop/thirdparty/hadoop-shaded-guava/1.1.1/hadoop-shaded-guava-1.1.1.jar:/home/runner/.m2/repository/com/sun/jersey/jersey-core/1.19/jersey-core-1.19.jar:/home/runner/.m2/repository/javax/ws/rs/jsr311-api/1.1.1/jsr311-api-1.1.1.jar:/home/runner/.m2/repository/com/sun/jersey/jersey-server/1.19/jersey-server-1.19.jar:/home/runner/.m2/repository/javax/servlet/javax.servlet-api/3.1.0/javax.servlet-api-3.1.0.jar:/home/runner/.m2/repository/org/eclipse/jetty/jetty-server/9.4.43.v20210629/jetty-server-9.4.43.v20210629.jar:/home/runner/.m2/repository/org/eclipse/jetty/jetty-http/9.4.43.v20210629/jetty-http-9.4.43.v20210629.jar:/home/runner/.m2/repository/org/eclipse/jetty/jetty-io/9.4.43.v20210629/jetty-io-9.4.43.v20210629.jar:/home/runner/.m2/repository/org/eclipse/jetty/jetty-webapp/9.4.43.v20210629/jetty-webapp-9.4.43.v20210629.jar:/home/runner/.m2/repository/org/eclipse/jetty/jetty-xml/9.4.43.v20210629/jetty-xml-9.4.43.v20210629.jar:/home/runner/.m2/repository/org/apache/hadoop/hadoop-common/3.3.1/hadoop-common-3.3.1.jar:/home/runner/.m2/repository/org/apache/commons/commons-math3/3.1.1/commons-math3-3.1.1.jar:/home/runner/.m2/repository/commons-net/commons-net/3.6/commons-net-3.6.jar:/home/runner/.m2/repository/jakarta/activation/jakarta.activation-api/1.2.1/jakarta.activation-api-1.2.1.jar:/home/runner/.m2/repository/com/sun/jersey/jersey-servlet/1.19/jersey-servlet-1.19.jar:/home/runner/.m2/repository/com/sun/jersey/jersey-json/1.19/jersey-json-1.19.jar:/home/runner/.m2/repository/org/codehaus/jettison/jettison/1.1/jettison-1.1.jar:/home/runner/.m2/repository/com/sun/xml/bind/jaxb-impl/2.2.3-1/jaxb-impl-2.2.3-1.jar:/home/runner/.m2/repository/org/codehaus/jackson/jackson-jaxrs/1.9.2/jackson-jaxrs-1.9.2.jar:/home/runner/.m2/repository/org/codehaus/jackson/jackson-xc/1.9.2/jackson-xc-1.9.2.jar:/home/runner/.m2/repository/org/apache/commons/commons-configuration2/2.1.1/commons-configuration2-2.1.1.jar:/home/runner/.m2/repository/org/apache/commons/commons-text/1.4/commons-text-1.4.jar:/home/runner/.m2/repository/com/google/re2j/re2j/1.1/re2j-1.1.jar:/home/runner/.m2/repository/com/jcraft/jsch/0.1.54/jsch-0.1.54.jar:/home/runner/.m2/repository/org/apache/curator/curator-client/4.2.0/curator-client-4.2.0.jar:/home/runner/.m2/repository/org/apache/curator/curator-recipes/4.2.0/curator-recipes-4.2.0.jar:/home/runner/.m2/repository/org/apache/kerby/kerb-core/1.0.1/kerb-core-1.0.1.jar:/home/runner/.m2/repository/org/apache/kerby/kerby-pkix/1.0.1/kerby-pkix-1.0.1.jar:/home/runner/.m2/repository/org/apache/kerby/kerby-asn1/1.0.1/kerby-asn1-1.0.1.jar:/home/runner/.m2/repository/org/apache/kerby/kerby-util/1.0.1/kerby-util-1.0.1.jar:/home/runner/.m2/repository/dnsjava/dnsjava/2.1.7/dnsjava-2.1.7.jar:/home/runner/.m2/repository/org/xerial/snappy/snappy-java/1.1.8.2/snappy-java-1.1.8.2.jar:/home/runner/.m2/repository/org/slf4j/jul-to-slf4j/1.7.30/jul-to-slf4j-1.7.30.jar:/home/runner/.m2/repository/org/eclipse/jetty/jetty-util/9.4.43.v20210629/jetty-util-9.4.43.v20210629.jar:/home/runner/.m2/repository/com/fasterxml/jackson/core/jackson-databind/2.12.1/jackson-databind-2.12.1.jar:/home/runner/.m2/repository/org/apache/hadoop/hadoop-kms/3.3.1/hadoop-kms-3.3.1-tests.jar:/home/runner/.m2/repository/org/apache/ozone/hdds-server-scm/1.3.0-SNAPSHOT/hdds-server-scm-1.3.0-SNAPSHOT-tests.jar:/home/runner/.m2/repository/org/apache/ozone/hdds-container-service/1.3.0-SNAPSHOT/hdds-container-service-1.3.0-SNAPSHOT-tests.jar:/home/runner/.m2/repository/commons-codec/commons-codec/1.11/commons-codec-1.11.jar:/home/runner/.m2/repository/io/netty/netty-transport/4.1.63.Final/netty-transport-4.1.63.Final.jar:/home/runner/.m2/repository/io/netty/netty-resolver/4.1.63.Final/netty-resolver-4.1.63.Final.jar:/home/runner/.m2/repository/io/netty/netty-codec/4.1.63.Final/netty-codec-4.1.63.Final.jar:/home/runner/.m2/repository/io/netty/netty-handler/4.1.63.Final/netty-handler-4.1.63.Final.jar:/home/runner/.m2/repository/org/apache/ozone/hdds-hadoop-dependency-test/1.3.0-SNAPSHOT/hdds-hadoop-dependency-test-1.3.0-SNAPSHOT.jar:/home/runner/.m2/repository/org/apache/hadoop/hadoop-common/3.3.1/hadoop-common-3.3.1-tests.jar:/home/runner/.m2/repository/org/assertj/assertj-core/3.12.2/assertj-core-3.12.2.jar:/home/runner/.m2/repository/org/apache/hadoop/hadoop-hdfs/3.3.1/hadoop-hdfs-3.3.1-tests.jar:/home/runner/.m2/repository/org/eclipse/jetty/jetty-util-ajax/9.4.43.v20210629/jetty-util-ajax-9.4.43.v20210629.jar:/home/runner/.m2/repository/commons-daemon/commons-daemon/1.0.13/commons-daemon-1.0.13.jar:/home/runner/.m2/repository/io/netty/netty/3.10.6.Final/netty-3.10.6.Final.jar:/home/runner/.m2/repository/io/netty/netty-all/4.1.63.Final/netty-all-4.1.63.Final.jar:/home/runner/.m2/repository/org/apache/htrace/htrace-core4/4.1.0-incubating/htrace-core4-4.1.0-incubating.jar:/home/runner/.m2/repository/org/fusesource/leveldbjni/leveldbjni-all/1.8/leveldbjni-all-1.8.jar:/home/runner/.m2/repository/org/apache/hadoop/hadoop-distcp/3.3.1/hadoop-distcp-3.3.1.jar:/home/runner/.m2/repository/org/apache/hadoop/hadoop-mapreduce-client-jobclient/3.3.1/hadoop-mapreduce-client-jobclient-3.3.1.jar:/home/runner/.m2/repository/org/apache/hadoop/hadoop-mapreduce-client-common/3.3.1/hadoop-mapreduce-client-common-3.3.1.jar:/home/runner/.m2/repository/org/apache/hadoop/hadoop-yarn-common/3.3.1/hadoop-yarn-common-3.3.1.jar:/home/runner/.m2/repository/org/apache/hadoop/hadoop-yarn-api/3.3.1/hadoop-yarn-api-3.3.1.jar:/home/runner/.m2/repository/com/sun/jersey/jersey-client/1.19/jersey-client-1.19.jar:/home/runner/.m2/repository/com/sun/jersey/contribs/jersey-guice/1.19/jersey-guice-1.19.jar:/home/runner/.m2/repository/com/fasterxml/jackson/jaxrs/jackson-jaxrs-json-provider/2.12.1/jackson-jaxrs-json-provider-2.12.1.jar:/home/runner/.m2/repository/com/fasterxml/jackson/jaxrs/jackson-jaxrs-base/2.12.1/jackson-jaxrs-base-2.12.1.jar:/home/runner/.m2/repository/org/apache/hadoop/hadoop-yarn-client/3.3.1/hadoop-yarn-client-3.3.1.jar:/home/runner/.m2/repository/org/eclipse/jetty/websocket/websocket-client/9.4.40.v20210413/websocket-client-9.4.40.v20210413.jar:/home/runner/.m2/repository/org/eclipse/jetty/jetty-client/9.4.40.v20210413/jetty-client-9.4.40.v20210413.jar:/home/runner/.m2/repository/org/eclipse/jetty/websocket/websocket-common/9.4.40.v20210413/websocket-common-9.4.40.v20210413.jar:/home/runner/.m2/repository/org/eclipse/jetty/websocket/websocket-api/9.4.40.v20210413/websocket-api-9.4.40.v20210413.jar:/home/runner/.m2/repository/org/jline/jline/3.9.0/jline-3.9.0.jar:/home/runner/.m2/repository/org/apache/hadoop/hadoop-mapreduce-client-core/3.3.1/hadoop-mapreduce-client-core-3.3.1.jar:/home/runner/.m2/repository/org/apache/avro/avro/1.7.7/avro-1.7.7.jar:/home/runner/.m2/repository/org/codehaus/jackson/jackson-core-asl/1.9.13/jackson-core-asl-1.9.13.jar:/home/runner/.m2/repository/org/codehaus/jackson/jackson-mapper-asl/1.9.13/jackson-mapper-asl-1.9.13.jar:/home/runner/.m2/repository/com/thoughtworks/paranamer/paranamer/2.3/paranamer-2.3.jar:/home/runner/.m2/repository/org/apache/hadoop/hadoop-annotations/3.3.1/hadoop-annotations-3.3.1.jar:/usr/lib/jvm/temurin-8-jdk-amd64/jre/../lib/tools.jar:/home/runner/.m2/repository/org/apache/hadoop/hadoop-distcp/3.3.1/hadoop-distcp-3.3.1-tests.jar:/home/runner/.m2/repository/org/apache/ratis/ratis-common/2.2.0/ratis-common-2.2.0.jar:/home/runner/.m2/repository/org/apache/ratis/ratis-thirdparty-misc/0.7.0/ratis-thirdparty-misc-0.7.0.jar:/home/runner/.m2/repository/org/apache/ratis/ratis-proto/2.2.0/ratis-proto-2.2.0.jar:"/>
    <property name="sun.cpu.endian" value="little"/>
    <property name="user.home" value="/home/runner"/>
    <property name="user.language" value="en"/>
    <property name="java.specification.vendor" value="Oracle Corporation"/>
    <property name="java.home" value="/usr/lib/jvm/temurin-8-jdk-amd64/jre"/>
    <property name="java.security.krb5.conf" value="/home/runner/work/ozone/ozone/hadoop-ozone/integration-test/target/test-classes/krb5.conf"/>
    <property name="basedir" value="/home/runner/work/ozone/ozone/hadoop-ozone/integration-test"/>
    <property name="file.separator" value="/"/>
    <property name="line.separator" value="&#10;"/>
    <property name="java.vm.specification.vendor" value="Oracle Corporation"/>
    <property name="java.specification.name" value="Java Platform API Specification"/>
    <property name="java.awt.graphicsenv" value="sun.awt.X11GraphicsEnvironment"/>
    <property name="skip.installnpx" value="true"/>
    <property name="surefire.real.class.path" value="/home/runner/work/ozone/ozone/hadoop-ozone/integration-test/target/surefire/surefirebooter461462438302998216.jar:/home/runner/.m2/repository/org/jacoco/org.jacoco.agent/0.8.5/org.jacoco.agent-0.8.5-runtime.jar"/>
    <property name="hadoop.log.dir" value="/home/runner/work/ozone/ozone/hadoop-ozone/integration-test/target/log"/>
    <property name="sun.boot.class.path" value="/usr/lib/jvm/temurin-8-jdk-amd64/jre/lib/resources.jar:/usr/lib/jvm/temurin-8-jdk-amd64/jre/lib/rt.jar:/usr/lib/jvm/temurin-8-jdk-amd64/jre/lib/sunrsasign.jar:/usr/lib/jvm/temurin-8-jdk-amd64/jre/lib/jsse.jar:/usr/lib/jvm/temurin-8-jdk-amd64/jre/lib/jce.jar:/usr/lib/jvm/temurin-8-jdk-amd64/jre/lib/charsets.jar:/usr/lib/jvm/temurin-8-jdk-amd64/jre/lib/jfr.jar:/usr/lib/jvm/temurin-8-jdk-amd64/jre/classes"/>
    <property name="sun.management.compiler" value="HotSpot 64-Bit Tiered Compilers"/>
    <property name="skip.npx" value="true"/>
    <property name="java.runtime.version" value="1.8.0_322-b06"/>
    <property name="java.net.preferIPv4Stack" value="true"/>
    <property name="user.name" value="runner"/>
    <property name="path.separator" value=":"/>
    <property name="java.security.egd" value="file:///dev/urandom"/>
    <property name="os.version" value="5.4.0-1070-azure"/>
    <property name="java.endorsed.dirs" value="/usr/lib/jvm/temurin-8-jdk-amd64/jre/lib/endorsed"/>
    <property name="java.runtime.name" value="OpenJDK Runtime Environment"/>
    <property name="file.encoding" value="UTF-8"/>
    <property name="java.vm.name" value="OpenJDK 64-Bit Server VM"/>
    <property name="test.build.webapps" value=""/>
    <property name="localRepository" value="/home/runner/.m2/repository"/>
    <property name="java.vendor.url.bug" value="https://github.com/adoptium/adoptium-support/issues"/>
    <property name="java.io.tmpdir" value="/tmp"/>
    <property name="require.test.libhadoop" value=""/>
    <property name="java.version" value="1.8.0_322"/>
    <property name="user.dir" value="/home/runner/work/ozone/ozone/hadoop-ozone/integration-test"/>
    <property name="os.arch" value="amd64"/>
    <property name="java.vm.specification.name" value="Java Virtual Machine Specification"/>
    <property name="test.build.classes" value="/home/runner/work/ozone/ozone/hadoop-ozone/integration-test/target/test-classes"/>
    <property name="java.awt.printerjob" value="sun.print.PSPrinterJob"/>
    <property name="sun.os.patch.level" value="unknown"/>
    <property name="hadoop.tmp.dir" value="/home/runner/work/ozone/ozone/hadoop-ozone/integration-test/target/tmp"/>
    <property name="java.library.path" value="/usr/java/packages/lib/amd64:/usr/lib64:/lib64:/lib:/usr/lib"/>
    <property name="java.vm.info" value="mixed mode"/>
    <property name="java.vendor" value="Temurin"/>
    <property name="java.vm.version" value="25.322-b06"/>
    <property name="java.ext.dirs" value="/usr/lib/jvm/temurin-8-jdk-amd64/jre/lib/ext:/usr/java/packages/lib/ext"/>
    <property name="sun.io.unicode.encoding" value="UnicodeLittle"/>
    <property name="java.class.version" value="52.0"/>
  </properties>
  <testcase name="testInstallSnapshot" classname="org.apache.hadoop.ozone.scm.TestSCMInstallSnapshotWithHA" time="74.8"/>
  <testcase name="testInstallOldCheckpointFailure" classname="org.apache.hadoop.ozone.scm.TestSCMInstallSnapshotWithHA" time="66.023">
    <error type="java.lang.IllegalThreadStateException">java.lang.IllegalThreadStateException
	at java.lang.Thread.start(Thread.java:710)
	at org.apache.hadoop.ipc.Server.start(Server.java:3396)
	at org.apache.hadoop.hdds.scm.server.SCMDatanodeProtocolServer.start(SCMDatanodeProtocolServer.java:188)
	at org.apache.hadoop.hdds.scm.ha.SCMStateMachine.notifyTermIndexUpdated(SCMStateMachine.java:340)
	at org.apache.hadoop.ozone.scm.TestSCMInstallSnapshotWithHA.testInstallOldCheckpointFailure(TestSCMInstallSnapshotWithHA.java:183)
	at sun.reflect.NativeMethodAccessorImpl.invoke0(Native Method)
	at sun.reflect.NativeMethodAccessorImpl.invoke(NativeMethodAccessorImpl.java:62)
	at sun.reflect.DelegatingMethodAccessorImpl.invoke(DelegatingMethodAccessorImpl.java:43)
	at java.lang.reflect.Method.invoke(Method.java:498)
	at org.junit.platform.commons.util.ReflectionUtils.invokeMethod(ReflectionUtils.java:688)
	at org.junit.jupiter.engine.execution.MethodInvocation.proceed(MethodInvocation.java:60)
	at org.junit.jupiter.engine.execution.InvocationInterceptorChain$ValidatingInvocation.proceed(InvocationInterceptorChain.java:131)
	at org.junit.jupiter.engine.extension.TimeoutInvocation.proceed(TimeoutInvocation.java:46)
	at org.junit.jupiter.engine.extension.TimeoutExtension.intercept(TimeoutExtension.java:149)
	at org.junit.jupiter.engine.extension.TimeoutExtension.interceptTestableMethod(TimeoutExtension.java:140)
	at org.junit.jupiter.engine.extension.TimeoutExtension.interceptTestMethod(TimeoutExtension.java:84)
	at org.junit.jupiter.engine.execution.ExecutableInvoker$ReflectiveInterceptorCall.lambda$ofVoidMethod$0(ExecutableInvoker.java:115)
	at org.junit.jupiter.engine.execution.ExecutableInvoker.lambda$invoke$0(ExecutableInvoker.java:105)
	at org.junit.jupiter.engine.execution.InvocationInterceptorChain$InterceptedInvocation.proceed(InvocationInterceptorChain.java:106)
	at org.junit.jupiter.engine.execution.InvocationInterceptorChain.proceed(InvocationInterceptorChain.java:64)
	at org.junit.jupiter.engine.execution.InvocationInterceptorChain.chainAndInvoke(InvocationInterceptorChain.java:45)
	at org.junit.jupiter.engine.execution.InvocationInterceptorChain.invoke(InvocationInterceptorChain.java:37)
	at org.junit.jupiter.engine.execution.ExecutableInvoker.invoke(ExecutableInvoker.java:104)
	at org.junit.jupiter.engine.execution.ExecutableInvoker.invoke(ExecutableInvoker.java:98)
	at org.junit.jupiter.engine.descriptor.TestMethodTestDescriptor.lambda$invokeTestMethod$6(TestMethodTestDescriptor.java:210)
	at org.junit.platform.engine.support.hierarchical.ThrowableCollector.execute(ThrowableCollector.java:73)
	at org.junit.jupiter.engine.descriptor.TestMethodTestDescriptor.invokeTestMethod(TestMethodTestDescriptor.java:206)
	at org.junit.jupiter.engine.descriptor.TestMethodTestDescriptor.execute(TestMethodTestDescriptor.java:131)
	at org.junit.jupiter.engine.descriptor.TestMethodTestDescriptor.execute(TestMethodTestDescriptor.java:65)
	at org.junit.platform.engine.support.hierarchical.NodeTestTask.lambda$executeRecursively$5(NodeTestTask.java:139)
	at org.junit.platform.engine.support.hierarchical.ThrowableCollector.execute(ThrowableCollector.java:73)
	at org.junit.platform.engine.support.hierarchical.NodeTestTask.lambda$executeRecursively$7(NodeTestTask.java:129)
	at org.junit.platform.engine.support.hierarchical.Node.around(Node.java:137)
	at org.junit.platform.engine.support.hierarchical.NodeTestTask.lambda$executeRecursively$8(NodeTestTask.java:127)
	at org.junit.platform.engine.support.hierarchical.ThrowableCollector.execute(ThrowableCollector.java:73)
	at org.junit.platform.engine.support.hierarchical.NodeTestTask.executeRecursively(NodeTestTask.java:126)
	at org.junit.platform.engine.support.hierarchical.NodeTestTask.execute(NodeTestTask.java:84)
	at java.util.ArrayList.forEach(ArrayList.java:1259)
	at org.junit.platform.engine.support.hierarchical.SameThreadHierarchicalTestExecutorService.invokeAll(SameThreadHierarchicalTestExecutorService.java:38)
	at org.junit.platform.engine.support.hierarchical.NodeTestTask.lambda$executeRecursively$5(NodeTestTask.java:143)
	at org.junit.platform.engine.support.hierarchical.ThrowableCollector.execute(ThrowableCollector.java:73)
	at org.junit.platform.engine.support.hierarchical.NodeTestTask.lambda$executeRecursively$7(NodeTestTask.java:129)
	at org.junit.platform.engine.support.hierarchical.Node.around(Node.java:137)
	at org.junit.platform.engine.support.hierarchical.NodeTestTask.lambda$executeRecursively$8(NodeTestTask.java:127)
	at org.junit.platform.engine.support.hierarchical.ThrowableCollector.execute(ThrowableCollector.java:73)
	at org.junit.platform.engine.support.hierarchical.NodeTestTask.executeRecursively(NodeTestTask.java:126)
	at org.junit.platform.engine.support.hierarchical.NodeTestTask.execute(NodeTestTask.java:84)
	at java.util.ArrayList.forEach(ArrayList.java:1259)
	at org.junit.platform.engine.support.hierarchical.SameThreadHierarchicalTestExecutorService.invokeAll(SameThreadHierarchicalTestExecutorService.java:38)
	at org.junit.platform.engine.support.hierarchical.NodeTestTask.lambda$executeRecursively$5(NodeTestTask.java:143)
	at org.junit.platform.engine.support.hierarchical.ThrowableCollector.execute(ThrowableCollector.java:73)
	at org.junit.platform.engine.support.hierarchical.NodeTestTask.lambda$executeRecursively$7(NodeTestTask.java:129)
	at org.junit.platform.engine.support.hierarchical.Node.around(Node.java:137)
	at org.junit.platform.engine.support.hierarchical.NodeTestTask.lambda$executeRecursively$8(NodeTestTask.java:127)
	at org.junit.platform.engine.support.hierarchical.ThrowableCollector.execute(ThrowableCollector.java:73)
	at org.junit.platform.engine.support.hierarchical.NodeTestTask.executeRecursively(NodeTestTask.java:126)
	at org.junit.platform.engine.support.hierarchical.NodeTestTask.execute(NodeTestTask.java:84)
	at org.junit.platform.engine.support.hierarchical.SameThreadHierarchicalTestExecutorService.submit(SameThreadHierarchicalTestExecutorService.java:32)
	at org.junit.platform.engine.support.hierarchical.HierarchicalTestExecutor.execute(HierarchicalTestExecutor.java:57)
	at org.junit.platform.engine.support.hierarchical.HierarchicalTestEngine.execute(HierarchicalTestEngine.java:51)
	at org.junit.platform.launcher.core.EngineExecutionOrchestrator.execute(EngineExecutionOrchestrator.java:108)
	at org.junit.platform.launcher.core.EngineExecutionOrchestrator.execute(EngineExecutionOrchestrator.java:88)
	at org.junit.platform.launcher.core.EngineExecutionOrchestrator.lambda$execute$0(EngineExecutionOrchestrator.java:54)
	at org.junit.platform.launcher.core.EngineExecutionOrchestrator.withInterceptedStreams(EngineExecutionOrchestrator.java:67)
	at org.junit.platform.launcher.core.EngineExecutionOrchestrator.execute(EngineExecutionOrchestrator.java:52)
	at org.junit.platform.launcher.core.DefaultLauncher.execute(DefaultLauncher.java:96)
	at org.junit.platform.launcher.core.DefaultLauncher.execute(DefaultLauncher.java:75)
	at org.apache.maven.surefire.junitplatform.JUnitPlatformProvider.invokeAllTests(JUnitPlatformProvider.java:142)
	at org.apache.maven.surefire.junitplatform.JUnitPlatformProvider.invoke(JUnitPlatformProvider.java:113)
	at org.apache.maven.surefire.booter.ForkedBooter.invokeProviderInSameClassLoader(ForkedBooter.java:384)
	at org.apache.maven.surefire.booter.ForkedBooter.runSuitesInProcess(ForkedBooter.java:345)
	at org.apache.maven.surefire.booter.ForkedBooter.execute(ForkedBooter.java:126)
	at org.apache.maven.surefire.booter.ForkedBooter.main(ForkedBooter.java:418)
</error>
    <system-out><![CDATA[2022-03-03 08:19:54,444 [Listener at 127.0.0.1/45745] WARN  server.ServerUtils (ServerUtils.java:getScmDbDir(148)) - ozone.scm.db.dirs is not configured. We recommend adding this setting. Falling back to ozone.metadata.dirs instead.
2022-03-03 08:19:54,445 [Listener at 127.0.0.1/45745] INFO  ha.SCMHANodeDetails (SCMHANodeDetails.java:loadSCMHAConfig(157)) - ServiceID for StorageContainerManager is scm-service-test1
2022-03-03 08:19:54,445 [Listener at 127.0.0.1/45745] INFO  ha.SCMHANodeDetails (SCMHANodeDetails.java:loadSCMHAConfig(168)) - ServiceID for StorageContainerManager is scm-service-test1
2022-03-03 08:19:54,445 [Listener at 127.0.0.1/45745] WARN  scm.ScmUtils (ScmUtils.java:logWarn(179)) - ConfigKey ozone.scm.block.client.address is deprecated, For configuring different ports for each SCM use PortConfigKey ozone.scm.block.client.port appended with serviceId and nodeId. If want to configure same port configure ozone.scm.block.client.port
2022-03-03 08:19:54,445 [Listener at 127.0.0.1/45745] WARN  scm.ScmUtils (ScmUtils.java:logWarn(179)) - ConfigKey ozone.scm.client.address is deprecated, For configuring different ports for each SCM use PortConfigKey ozone.scm.client.port appended with serviceId and nodeId. If want to configure same port configure ozone.scm.client.port
2022-03-03 08:19:54,446 [Listener at 127.0.0.1/45745] WARN  scm.ScmUtils (ScmUtils.java:logWarn(179)) - ConfigKey ozone.scm.datanode.address is deprecated, For configuring different ports for each SCM use PortConfigKey ozone.scm.datanode.port appended with serviceId and nodeId. If want to configure same port configure ozone.scm.datanode.port
2022-03-03 08:19:54,446 [Listener at 127.0.0.1/45745] WARN  scm.ScmUtils (ScmUtils.java:logWarn(179)) - ConfigKey ozone.scm.block.client.address is deprecated, For configuring different ports for each SCM use PortConfigKey ozone.scm.block.client.port appended with serviceId and nodeId. If want to configure same port configure ozone.scm.block.client.port
2022-03-03 08:19:54,446 [Listener at 127.0.0.1/45745] WARN  scm.ScmUtils (ScmUtils.java:logWarn(179)) - ConfigKey ozone.scm.client.address is deprecated, For configuring different ports for each SCM use PortConfigKey ozone.scm.client.port appended with serviceId and nodeId. If want to configure same port configure ozone.scm.client.port
2022-03-03 08:19:54,447 [Listener at 127.0.0.1/45745] WARN  scm.ScmUtils (ScmUtils.java:logWarn(179)) - ConfigKey ozone.scm.datanode.address is deprecated, For configuring different ports for each SCM use PortConfigKey ozone.scm.datanode.port appended with serviceId and nodeId. If want to configure same port configure ozone.scm.datanode.port
2022-03-03 08:19:54,447 [Listener at 127.0.0.1/45745] INFO  ha.SCMHANodeDetails (SCMHANodeDetails.java:loadSCMHAConfig(250)) - Found matching SCM address with SCMServiceId: scm-service-test1, SCMNodeId: scmNode-1, RPC Address: localhost:44949 and Ratis port: 44949
2022-03-03 08:19:54,447 [Listener at 127.0.0.1/45745] INFO  ha.SCMHANodeDetails (ConfUtils.java:setNodeSpecificConfigs(108)) - Setting configuration key ozone.scm.datanode.address with value of key ozone.scm.datanode.address.scm-service-test1.scmNode-1: 127.0.0.1:35645
2022-03-03 08:19:54,448 [Listener at 127.0.0.1/45745] INFO  ha.SCMHANodeDetails (ConfUtils.java:setNodeSpecificConfigs(108)) - Setting configuration key ozone.scm.block.client.address with value of key ozone.scm.block.client.address.scm-service-test1.scmNode-1: 127.0.0.1:44091
2022-03-03 08:19:54,448 [Listener at 127.0.0.1/45745] INFO  ha.SCMHANodeDetails (ConfUtils.java:setNodeSpecificConfigs(108)) - Setting configuration key ozone.scm.client.address with value of key ozone.scm.client.address.scm-service-test1.scmNode-1: 127.0.0.1:37185
2022-03-03 08:19:54,448 [Listener at 127.0.0.1/45745] INFO  ha.SCMHANodeDetails (ConfUtils.java:setNodeSpecificConfigs(108)) - Setting configuration key ozone.scm.ratis.port with value of key ozone.scm.ratis.port.scm-service-test1.scmNode-1: 44949
2022-03-03 08:19:54,449 [Listener at 127.0.0.1/45745] INFO  ha.SCMHANodeDetails (ConfUtils.java:setNodeSpecificConfigs(108)) - Setting configuration key ozone.scm.grpc.port with value of key ozone.scm.grpc.port.scm-service-test1.scmNode-1: 37221
2022-03-03 08:19:54,449 [Listener at 127.0.0.1/45745] INFO  ha.SCMHANodeDetails (ConfUtils.java:setNodeSpecificConfigs(108)) - Setting configuration key ozone.scm.http-address with value of key ozone.scm.http-address.scm-service-test1.scmNode-1: 127.0.0.1:33199
2022-03-03 08:19:54,452 [Listener at 127.0.0.1/45745] INFO  ha.SCMHANodeDetails (ConfUtils.java:setNodeSpecificConfigs(108)) - Setting configuration key ozone.scm.https-address with value of key ozone.scm.https-address.scm-service-test1.scmNode-1: 127.0.0.1:34867
2022-03-03 08:19:54,452 [Listener at 127.0.0.1/45745] INFO  ha.SCMHANodeDetails (ConfUtils.java:setNodeSpecificConfigs(108)) - Setting configuration key ozone.scm.address with value of key ozone.scm.address.scm-service-test1.scmNode-1: 127.0.0.1
2022-03-03 08:19:54,453 [Listener at 127.0.0.1/45745] WARN  scm.ScmUtils (ScmUtils.java:logWarn(179)) - ConfigKey ozone.scm.block.client.address is deprecated, For configuring different ports for each SCM use PortConfigKey ozone.scm.block.client.port appended with serviceId and nodeId. If want to configure same port configure ozone.scm.block.client.port
2022-03-03 08:19:54,455 [Listener at 127.0.0.1/45745] WARN  scm.ScmUtils (ScmUtils.java:logWarn(179)) - ConfigKey ozone.scm.client.address is deprecated, For configuring different ports for each SCM use PortConfigKey ozone.scm.client.port appended with serviceId and nodeId. If want to configure same port configure ozone.scm.client.port
2022-03-03 08:19:54,455 [Listener at 127.0.0.1/45745] WARN  scm.ScmUtils (ScmUtils.java:logWarn(179)) - ConfigKey ozone.scm.datanode.address is deprecated, For configuring different ports for each SCM use PortConfigKey ozone.scm.datanode.port appended with serviceId and nodeId. If want to configure same port configure ozone.scm.datanode.port
2022-03-03 08:19:54,465 [Listener at 127.0.0.1/45745] INFO  server.RaftServer (ConfUtils.java:logGet(44)) - raft.rpc.type = GRPC (default)
2022-03-03 08:19:54,466 [Listener at 127.0.0.1/45745] INFO  grpc.GrpcFactory (GrpcFactory.java:checkPooledByteBufAllocatorUseCacheForAllThreads(48)) - PERFORMANCE WARNING: useCacheForAllThreads is true that may cause Netty to create a lot garbage objects and, as a result, trigger GC.
	It is recommended to disable useCacheForAllThreads by setting -Dorg.apache.ratis.thirdparty.io.netty.allocator.useCacheForAllThreads=false in command line.
2022-03-03 08:19:54,466 [Listener at 127.0.0.1/45745] INFO  grpc.GrpcConfigKeys (ConfUtils.java:logGet(44)) - raft.grpc.admin.port = -1 (default)
2022-03-03 08:19:54,466 [Listener at 127.0.0.1/45745] INFO  grpc.GrpcConfigKeys (ConfUtils.java:logGet(44)) - raft.grpc.server.port = 44949 (custom)
2022-03-03 08:19:54,466 [Listener at 127.0.0.1/45745] INFO  grpc.GrpcConfigKeys (ConfUtils.java:logGet(44)) - raft.grpc.client.port = -1 (default)
2022-03-03 08:19:54,467 [Listener at 127.0.0.1/45745] INFO  grpc.GrpcConfigKeys (ConfUtils.java:logGet(44)) - raft.grpc.server.port = 44949 (custom)
2022-03-03 08:19:54,467 [Listener at 127.0.0.1/45745] INFO  grpc.GrpcConfigKeys (ConfUtils.java:logGet(44)) - raft.grpc.server.port = 44949 (custom)
2022-03-03 08:19:54,467 [Listener at 127.0.0.1/45745] INFO  server.GrpcService (ConfUtils.java:logGet(44)) - raft.grpc.message.size.max = 32m (=33554432) (custom)
2022-03-03 08:19:54,467 [Listener at 127.0.0.1/45745] INFO  server.RaftServerConfigKeys (ConfUtils.java:logGet(44)) - raft.server.log.appender.buffer.byte-limit = 33554432 (custom)
2022-03-03 08:19:54,468 [Listener at 127.0.0.1/45745] INFO  server.GrpcService (ConfUtils.java:logGet(44)) - raft.grpc.flow.control.window = 1MB (=1048576) (default)
2022-03-03 08:19:54,468 [Listener at 127.0.0.1/45745] INFO  server.RaftServerConfigKeys (ConfUtils.java:logGet(44)) - raft.server.rpc.request.timeout = 30000ms (custom)
2022-03-03 08:19:54,471 [Listener at 127.0.0.1/45745] INFO  impl.DataStreamServerImpl (ConfUtils.java:logGet(44)) - raft.datastream.type = DISABLED (default)
2022-03-03 08:19:54,472 [Listener at 127.0.0.1/45745] INFO  server.RaftServerConfigKeys (ConfUtils.java:logGet(44)) - raft.server.rpc.slowness.timeout = 120000ms (custom)
2022-03-03 08:19:54,473 [Listener at 127.0.0.1/45745] INFO  server.RaftServerConfigKeys (ConfUtils.java:logGet(44)) - raft.server.leaderelection.leader.step-down.wait-time = 10s (default)
2022-03-03 08:19:54,474 [Listener at 127.0.0.1/45745] INFO  server.RaftServerConfigKeys (ConfUtils.java:logGet(44)) - raft.server.storage.dir = [/home/runner/work/ozone/ozone/hadoop-ozone/integration-test/target/test-dir/MiniOzoneClusterImpl-5b82a1ad-a074-4eb8-9e24-eb4e8d1567b6/scmNode-1/scm-ha] (custom)
2022-03-03 08:19:54,475 [Listener at 127.0.0.1/45745] INFO  server.RaftServer (RaftServerProxy.java:addNew(95)) - e7338982-199b-4e5a-937e-5a36927222d8: addNew group-EB4E8D1567B6:[e7338982-199b-4e5a-937e-5a36927222d8|rpc:localhost:44949|priority:0] returns group-EB4E8D1567B6:java.util.concurrent.CompletableFuture@632d04d[Not completed]
2022-03-03 08:19:54,475 [pool-226-thread-1] INFO  server.RaftServer$Division (RaftServerImpl.java:<init>(184)) - e7338982-199b-4e5a-937e-5a36927222d8: new RaftServerImpl for group-EB4E8D1567B6:[e7338982-199b-4e5a-937e-5a36927222d8|rpc:localhost:44949|priority:0] with SCMStateMachine:uninitialized
2022-03-03 08:19:54,475 [pool-226-thread-1] INFO  server.RaftServerConfigKeys (ConfUtils.java:logGet(44)) - raft.server.rpc.timeout.min = 5000ms (custom)
2022-03-03 08:19:54,476 [pool-226-thread-1] INFO  server.RaftServerConfigKeys (ConfUtils.java:logGet(44)) - raft.server.rpc.timeout.max = 5200ms (custom)
2022-03-03 08:19:54,476 [pool-226-thread-1] INFO  server.RaftServerConfigKeys (ConfUtils.java:logGet(44)) - raft.server.rpc.sleep.time = 25ms (default)
2022-03-03 08:19:54,476 [pool-226-thread-1] INFO  server.RaftServerConfigKeys (ConfUtils.java:logGet(44)) - raft.server.rpc.slowness.timeout = 120000ms (custom)
2022-03-03 08:19:54,476 [pool-226-thread-1] INFO  server.RaftServerConfigKeys (ConfUtils.java:logGet(44)) - raft.server.leaderelection.leader.step-down.wait-time = 10s (default)
2022-03-03 08:19:54,476 [pool-226-thread-1] INFO  server.RaftServerConfigKeys (ConfUtils.java:logGet(44)) - raft.server.sleep.deviation.threshold = 300ms (default)
2022-03-03 08:19:54,476 [pool-226-thread-1] INFO  server.RaftServerConfigKeys (ConfUtils.java:logGet(44)) - raft.server.log.appender.install.snapshot.enabled = false (custom)
2022-03-03 08:19:54,476 [pool-226-thread-1] INFO  server.RaftServer$Division (ServerState.java:<init>(105)) - e7338982-199b-4e5a-937e-5a36927222d8@group-EB4E8D1567B6: ConfigurationManager, init=-1: [e7338982-199b-4e5a-937e-5a36927222d8|rpc:localhost:44949|priority:0], old=null, confs=<EMPTY_MAP>
2022-03-03 08:19:54,476 [pool-226-thread-1] INFO  server.RaftServerConfigKeys (ConfUtils.java:logGet(44)) - raft.server.storage.dir = [/home/runner/work/ozone/ozone/hadoop-ozone/integration-test/target/test-dir/MiniOzoneClusterImpl-5b82a1ad-a074-4eb8-9e24-eb4e8d1567b6/scmNode-1/scm-ha] (custom)
2022-03-03 08:19:54,477 [pool-226-thread-1] INFO  server.RaftServerConfigKeys (ConfUtils.java:logGet(44)) - raft.server.log.corruption.policy = EXCEPTION (default)
2022-03-03 08:19:54,477 [pool-226-thread-1] INFO  server.RaftServerConfigKeys (ConfUtils.java:logGet(44)) - raft.server.storage.free-space.min = 0MB (=0) (default)
2022-03-03 08:19:54,477 [pool-226-thread-1] INFO  storage.RaftStorageDirectory (RaftStorageDirectoryImpl.java:analyzeStorage(135)) - The storage directory /home/runner/work/ozone/ozone/hadoop-ozone/integration-test/target/test-dir/MiniOzoneClusterImpl-5b82a1ad-a074-4eb8-9e24-eb4e8d1567b6/scmNode-1/scm-ha/5b82a1ad-a074-4eb8-9e24-eb4e8d1567b6 does not exist. Creating ...
2022-03-03 08:19:54,478 [pool-226-thread-1] INFO  storage.RaftStorageDirectory (RaftStorageDirectoryImpl.java:tryLock(230)) - Lock on /home/runner/work/ozone/ozone/hadoop-ozone/integration-test/target/test-dir/MiniOzoneClusterImpl-5b82a1ad-a074-4eb8-9e24-eb4e8d1567b6/scmNode-1/scm-ha/5b82a1ad-a074-4eb8-9e24-eb4e8d1567b6/in_use.lock acquired by nodename 8757@fv-az501-749
2022-03-03 08:19:54,480 [pool-226-thread-1] INFO  storage.RaftStorage (RaftStorageImpl.java:format(89)) - Storage directory /home/runner/work/ozone/ozone/hadoop-ozone/integration-test/target/test-dir/MiniOzoneClusterImpl-5b82a1ad-a074-4eb8-9e24-eb4e8d1567b6/scmNode-1/scm-ha/5b82a1ad-a074-4eb8-9e24-eb4e8d1567b6 has been successfully formatted.
2022-03-03 08:19:54,481 [pool-226-thread-1] INFO  server.RaftServerConfigKeys (ConfUtils.java:logGet(44)) - raft.server.notification.no-leader.timeout = 60s (default)
2022-03-03 08:19:54,481 [pool-226-thread-1] INFO  server.RaftServerConfigKeys (ConfUtils.java:logGet(44)) - raft.server.log.use.memory = false (default)
2022-03-03 08:19:54,481 [pool-226-thread-1] INFO  server.RaftServerConfigKeys (ConfUtils.java:logGet(44)) - raft.server.log.purge.gap = 5 (custom)
2022-03-03 08:19:54,481 [pool-226-thread-1] INFO  server.RaftServerConfigKeys (ConfUtils.java:logGet(44)) - raft.server.log.appender.buffer.byte-limit = 33554432 (custom)
2022-03-03 08:19:54,481 [pool-226-thread-1] INFO  server.RaftServerConfigKeys (ConfUtils.java:logGet(44)) - raft.server.log.segment.size.max = 4194304 (custom)
2022-03-03 08:19:54,482 [pool-226-thread-1] INFO  server.RaftServerConfigKeys (ConfUtils.java:logGet(44)) - raft.server.log.segment.cache.num.max = 2 (custom)
2022-03-03 08:19:54,482 [pool-226-thread-1] INFO  server.RaftServerConfigKeys (ConfUtils.java:logGet(44)) - raft.server.log.segment.cache.size.max = 200MB (=209715200) (default)
2022-03-03 08:19:54,482 [pool-226-thread-1] INFO  segmented.SegmentedRaftLogWorker (SegmentedRaftLogWorker.java:<init>(182)) - new e7338982-199b-4e5a-937e-5a36927222d8@group-EB4E8D1567B6-SegmentedRaftLogWorker for RaftStorageImpl:Storage Directory /home/runner/work/ozone/ozone/hadoop-ozone/integration-test/target/test-dir/MiniOzoneClusterImpl-5b82a1ad-a074-4eb8-9e24-eb4e8d1567b6/scmNode-1/scm-ha/5b82a1ad-a074-4eb8-9e24-eb4e8d1567b6
2022-03-03 08:19:54,482 [pool-226-thread-1] INFO  server.RaftServerConfigKeys (ConfUtils.java:logGet(44)) - raft.server.log.queue.byte-limit = 64MB (=67108864) (default)
2022-03-03 08:19:54,482 [pool-226-thread-1] INFO  server.RaftServerConfigKeys (ConfUtils.java:logGet(44)) - raft.server.log.queue.element-limit = 4096 (default)
2022-03-03 08:19:54,483 [pool-226-thread-1] INFO  server.RaftServerConfigKeys (ConfUtils.java:logGet(44)) - raft.server.log.segment.size.max = 4194304 (custom)
2022-03-03 08:19:54,483 [pool-226-thread-1] INFO  server.RaftServerConfigKeys (ConfUtils.java:logGet(44)) - raft.server.log.preallocated.size = 4194304 (custom)
2022-03-03 08:19:54,483 [pool-226-thread-1] INFO  server.RaftServerConfigKeys (ConfUtils.java:logGet(44)) - raft.server.log.force.sync.num = 128 (default)
2022-03-03 08:19:54,483 [pool-226-thread-1] INFO  server.RaftServerConfigKeys (ConfUtils.java:logGet(44)) - raft.server.log.statemachine.data.sync = true (default)
2022-03-03 08:19:54,483 [pool-226-thread-1] INFO  server.RaftServerConfigKeys (ConfUtils.java:logGet(44)) - raft.server.log.statemachine.data.sync.timeout = 10s (default)
2022-03-03 08:19:54,483 [pool-226-thread-1] INFO  server.RaftServerConfigKeys (ConfUtils.java:logGet(44)) - raft.server.log.statemachine.data.sync.timeout.retry = -1 (default)
2022-03-03 08:19:54,484 [pool-226-thread-1] INFO  server.RaftServerConfigKeys (ConfUtils.java:logGet(44)) - raft.server.log.write.buffer.size = 64KB (=65536) (default)
2022-03-03 08:19:54,485 [pool-226-thread-1] INFO  server.RaftServerConfigKeys (ConfUtils.java:logGet(44)) - raft.server.log.statemachine.data.caching.enabled = false (default)
2022-03-03 08:19:54,485 [pool-226-thread-1] INFO  segmented.SegmentedRaftLogWorker (SegmentedRaftLogWorker.java:lambda$new$0(133)) - e7338982-199b-4e5a-937e-5a36927222d8@group-EB4E8D1567B6-SegmentedRaftLogWorker: flushIndex: setUnconditionally 0 -> -1
2022-03-03 08:19:54,485 [pool-226-thread-1] INFO  segmented.SegmentedRaftLogWorker (SegmentedRaftLogWorker.java:lambda$new$0(133)) - e7338982-199b-4e5a-937e-5a36927222d8@group-EB4E8D1567B6-SegmentedRaftLogWorker: safeCacheEvictIndex: setUnconditionally 0 -> -1
2022-03-03 08:19:54,485 [pool-226-thread-1] INFO  server.RaftServerConfigKeys (ConfUtils.java:logGet(44)) - raft.server.snapshot.auto.trigger.enabled = true (custom)
2022-03-03 08:19:54,485 [pool-226-thread-1] INFO  server.RaftServerConfigKeys (ConfUtils.java:logGet(44)) - raft.server.snapshot.auto.trigger.threshold = 5 (custom)
2022-03-03 08:19:54,486 [pool-226-thread-1] INFO  server.RaftServerConfigKeys (ConfUtils.java:logGet(44)) - raft.server.snapshot.retention.file.num = -1 (default)
2022-03-03 08:19:54,486 [pool-226-thread-1] INFO  server.RaftServerConfigKeys (ConfUtils.java:logGet(44)) - raft.server.log.purge.upto.snapshot.index = true (custom)
2022-03-03 08:19:54,486 [pool-226-thread-1] INFO  server.RaftServerConfigKeys (ConfUtils.java:logGet(44)) - raft.server.retrycache.expirytime = 60000ms (default)
2022-03-03 08:19:54,486 [pool-226-thread-1] INFO  server.RaftServerConfigKeys (ConfUtils.java:logGet(44)) - raft.server.retrycache.statistics.expirytime = 100μs (default)
2022-03-03 08:19:54,487 [Listener at 127.0.0.1/45745] INFO  server.RaftServer$Division (RaftServerImpl.java:start(301)) - e7338982-199b-4e5a-937e-5a36927222d8@group-EB4E8D1567B6: start as a follower, conf=-1: [e7338982-199b-4e5a-937e-5a36927222d8|rpc:localhost:44949|priority:0], old=null
2022-03-03 08:19:54,487 [Listener at 127.0.0.1/45745] INFO  server.RaftServer$Division (RaftServerImpl.java:setRole(290)) - e7338982-199b-4e5a-937e-5a36927222d8@group-EB4E8D1567B6: changes role from      null to FOLLOWER at term 0 for startAsFollower
2022-03-03 08:19:54,487 [Listener at 127.0.0.1/45745] INFO  impl.RoleInfo (RoleInfo.java:updateAndGet(130)) - e7338982-199b-4e5a-937e-5a36927222d8: start e7338982-199b-4e5a-937e-5a36927222d8@group-EB4E8D1567B6-FollowerState
2022-03-03 08:19:54,489 [Listener at 127.0.0.1/45745] INFO  util.JmxRegister (JmxRegister.java:tryRegister(44)) - Successfully registered JMX Bean with object name Ratis:service=RaftServer,group=group-EB4E8D1567B6,id=e7338982-199b-4e5a-937e-5a36927222d8
2022-03-03 08:19:54,494 [Listener at 127.0.0.1/45745] INFO  server.RaftServer (RaftServerProxy.java:lambda$start$5(374)) - e7338982-199b-4e5a-937e-5a36927222d8: start RPC server
2022-03-03 08:19:54,495 [Listener at 127.0.0.1/45745] INFO  server.GrpcService (GrpcService.java:startImpl(253)) - e7338982-199b-4e5a-937e-5a36927222d8: GrpcService started, listening on 44949
2022-03-03 08:19:54,496 [org.apache.ratis.util.JvmPauseMonitor$$Lambda$503/666911607@3a4fccc7] INFO  util.JvmPauseMonitor (JvmPauseMonitor.java:run(103)) - JvmPauseMonitor-e7338982-199b-4e5a-937e-5a36927222d8: Started
2022-03-03 08:19:54,785 [EndpointStateMachine task thread for /127.0.0.1:43363 - 0 ] INFO  ipc.Client (Client.java:handleConnectionFailure(977)) - Retrying connect to server: localhost/127.0.0.1:43363. Already tried 7 time(s); retry policy is RetryUpToMaximumCountWithFixedSleep(maxRetries=15, sleepTime=1000 MILLISECONDS)
2022-03-03 08:19:54,864 [EndpointStateMachine task thread for /127.0.0.1:39861 - 0 ] INFO  ipc.Client (Client.java:handleConnectionFailure(977)) - Retrying connect to server: localhost/127.0.0.1:39861. Already tried 7 time(s); retry policy is RetryUpToMaximumCountWithFixedSleep(maxRetries=15, sleepTime=1000 MILLISECONDS)
2022-03-03 08:19:54,865 [EndpointStateMachine task thread for /127.0.0.1:45429 - 0 ] INFO  ipc.Client (Client.java:handleConnectionFailure(977)) - Retrying connect to server: localhost/127.0.0.1:45429. Already tried 8 time(s); retry policy is RetryUpToMaximumCountWithFixedSleep(maxRetries=15, sleepTime=1000 MILLISECONDS)
2022-03-03 08:19:55,786 [EndpointStateMachine task thread for /127.0.0.1:43363 - 0 ] INFO  ipc.Client (Client.java:handleConnectionFailure(977)) - Retrying connect to server: localhost/127.0.0.1:43363. Already tried 8 time(s); retry policy is RetryUpToMaximumCountWithFixedSleep(maxRetries=15, sleepTime=1000 MILLISECONDS)
2022-03-03 08:19:55,865 [EndpointStateMachine task thread for /127.0.0.1:45429 - 0 ] INFO  ipc.Client (Client.java:handleConnectionFailure(977)) - Retrying connect to server: localhost/127.0.0.1:45429. Already tried 9 time(s); retry policy is RetryUpToMaximumCountWithFixedSleep(maxRetries=15, sleepTime=1000 MILLISECONDS)
2022-03-03 08:19:55,865 [EndpointStateMachine task thread for /127.0.0.1:39861 - 0 ] INFO  ipc.Client (Client.java:handleConnectionFailure(977)) - Retrying connect to server: localhost/127.0.0.1:39861. Already tried 8 time(s); retry policy is RetryUpToMaximumCountWithFixedSleep(maxRetries=15, sleepTime=1000 MILLISECONDS)
2022-03-03 08:19:56,788 [EndpointStateMachine task thread for /127.0.0.1:43363 - 0 ] INFO  ipc.Client (Client.java:handleConnectionFailure(977)) - Retrying connect to server: localhost/127.0.0.1:43363. Already tried 9 time(s); retry policy is RetryUpToMaximumCountWithFixedSleep(maxRetries=15, sleepTime=1000 MILLISECONDS)
2022-03-03 08:19:56,866 [EndpointStateMachine task thread for /127.0.0.1:45429 - 0 ] INFO  ipc.Client (Client.java:handleConnectionFailure(977)) - Retrying connect to server: localhost/127.0.0.1:45429. Already tried 10 time(s); retry policy is RetryUpToMaximumCountWithFixedSleep(maxRetries=15, sleepTime=1000 MILLISECONDS)
2022-03-03 08:19:56,869 [EndpointStateMachine task thread for /127.0.0.1:39861 - 0 ] INFO  ipc.Client (Client.java:handleConnectionFailure(977)) - Retrying connect to server: localhost/127.0.0.1:39861. Already tried 9 time(s); retry policy is RetryUpToMaximumCountWithFixedSleep(maxRetries=15, sleepTime=1000 MILLISECONDS)
2022-03-03 08:19:57,789 [EndpointStateMachine task thread for /127.0.0.1:43363 - 0 ] INFO  ipc.Client (Client.java:handleConnectionFailure(977)) - Retrying connect to server: localhost/127.0.0.1:43363. Already tried 10 time(s); retry policy is RetryUpToMaximumCountWithFixedSleep(maxRetries=15, sleepTime=1000 MILLISECONDS)
2022-03-03 08:19:57,867 [EndpointStateMachine task thread for /127.0.0.1:45429 - 0 ] INFO  ipc.Client (Client.java:handleConnectionFailure(977)) - Retrying connect to server: localhost/127.0.0.1:45429. Already tried 11 time(s); retry policy is RetryUpToMaximumCountWithFixedSleep(maxRetries=15, sleepTime=1000 MILLISECONDS)
2022-03-03 08:19:57,870 [EndpointStateMachine task thread for /127.0.0.1:39861 - 0 ] INFO  ipc.Client (Client.java:handleConnectionFailure(977)) - Retrying connect to server: localhost/127.0.0.1:39861. Already tried 10 time(s); retry policy is RetryUpToMaximumCountWithFixedSleep(maxRetries=15, sleepTime=1000 MILLISECONDS)
2022-03-03 08:19:58,790 [EndpointStateMachine task thread for /127.0.0.1:43363 - 0 ] INFO  ipc.Client (Client.java:handleConnectionFailure(977)) - Retrying connect to server: localhost/127.0.0.1:43363. Already tried 11 time(s); retry policy is RetryUpToMaximumCountWithFixedSleep(maxRetries=15, sleepTime=1000 MILLISECONDS)
2022-03-03 08:19:58,867 [EndpointStateMachine task thread for /127.0.0.1:45429 - 0 ] INFO  ipc.Client (Client.java:handleConnectionFailure(977)) - Retrying connect to server: localhost/127.0.0.1:45429. Already tried 12 time(s); retry policy is RetryUpToMaximumCountWithFixedSleep(maxRetries=15, sleepTime=1000 MILLISECONDS)
2022-03-03 08:19:58,870 [EndpointStateMachine task thread for /127.0.0.1:39861 - 0 ] INFO  ipc.Client (Client.java:handleConnectionFailure(977)) - Retrying connect to server: localhost/127.0.0.1:39861. Already tried 11 time(s); retry policy is RetryUpToMaximumCountWithFixedSleep(maxRetries=15, sleepTime=1000 MILLISECONDS)
2022-03-03 08:19:59,557 [e7338982-199b-4e5a-937e-5a36927222d8@group-EB4E8D1567B6-FollowerState] INFO  impl.FollowerState (FollowerState.java:run(134)) - e7338982-199b-4e5a-937e-5a36927222d8@group-EB4E8D1567B6-FollowerState: change to CANDIDATE, lastRpcElapsedTime:5069616473ns, electionTimeout:5056ms
2022-03-03 08:19:59,557 [e7338982-199b-4e5a-937e-5a36927222d8@group-EB4E8D1567B6-FollowerState] INFO  impl.RoleInfo (RoleInfo.java:shutdownFollowerState(108)) - e7338982-199b-4e5a-937e-5a36927222d8: shutdown e7338982-199b-4e5a-937e-5a36927222d8@group-EB4E8D1567B6-FollowerState
2022-03-03 08:19:59,558 [e7338982-199b-4e5a-937e-5a36927222d8@group-EB4E8D1567B6-FollowerState] INFO  server.RaftServer$Division (RaftServerImpl.java:setRole(290)) - e7338982-199b-4e5a-937e-5a36927222d8@group-EB4E8D1567B6: changes role from  FOLLOWER to CANDIDATE at term 0 for changeToCandidate
2022-03-03 08:19:59,558 [e7338982-199b-4e5a-937e-5a36927222d8@group-EB4E8D1567B6-FollowerState] INFO  server.RaftServerConfigKeys (ConfUtils.java:logGet(44)) - raft.server.leaderelection.pre-vote = false (custom)
2022-03-03 08:19:59,558 [e7338982-199b-4e5a-937e-5a36927222d8@group-EB4E8D1567B6-FollowerState] INFO  impl.RoleInfo (RoleInfo.java:updateAndGet(130)) - e7338982-199b-4e5a-937e-5a36927222d8: start e7338982-199b-4e5a-937e-5a36927222d8@group-EB4E8D1567B6-LeaderElection18
2022-03-03 08:19:59,588 [e7338982-199b-4e5a-937e-5a36927222d8@group-EB4E8D1567B6-LeaderElection18] INFO  impl.LeaderElection (LeaderElection.java:askForVotes(306)) - e7338982-199b-4e5a-937e-5a36927222d8@group-EB4E8D1567B6-LeaderElection18 ELECTION round 0: submit vote requests at term 1 for -1: [e7338982-199b-4e5a-937e-5a36927222d8|rpc:localhost:44949|priority:0], old=null
2022-03-03 08:19:59,588 [e7338982-199b-4e5a-937e-5a36927222d8@group-EB4E8D1567B6-LeaderElection18] INFO  impl.LeaderElection (LeaderElection.java:askForVotes(308)) - e7338982-199b-4e5a-937e-5a36927222d8@group-EB4E8D1567B6-LeaderElection18 ELECTION round 0: result PASSED (term=1)
2022-03-03 08:19:59,588 [e7338982-199b-4e5a-937e-5a36927222d8@group-EB4E8D1567B6-LeaderElection18] INFO  impl.RoleInfo (RoleInfo.java:shutdownLeaderElection(121)) - e7338982-199b-4e5a-937e-5a36927222d8: shutdown e7338982-199b-4e5a-937e-5a36927222d8@group-EB4E8D1567B6-LeaderElection18
2022-03-03 08:19:59,588 [e7338982-199b-4e5a-937e-5a36927222d8@group-EB4E8D1567B6-LeaderElection18] INFO  server.RaftServer$Division (RaftServerImpl.java:setRole(290)) - e7338982-199b-4e5a-937e-5a36927222d8@group-EB4E8D1567B6: changes role from CANDIDATE to LEADER at term 1 for changeToLeader
2022-03-03 08:19:59,588 [e7338982-199b-4e5a-937e-5a36927222d8@group-EB4E8D1567B6-LeaderElection18] INFO  server.RaftServer$Division (ServerState.java:setLeader(285)) - e7338982-199b-4e5a-937e-5a36927222d8@group-EB4E8D1567B6: change Leader from null to e7338982-199b-4e5a-937e-5a36927222d8 at term 1 for becomeLeader, leader elected after 5107ms
2022-03-03 08:19:59,588 [e7338982-199b-4e5a-937e-5a36927222d8@group-EB4E8D1567B6-LeaderElection18] INFO  server.RaftServerConfigKeys (ConfUtils.java:logGet(44)) - raft.server.staging.catchup.gap = 1000 (default)
2022-03-03 08:19:59,589 [e7338982-199b-4e5a-937e-5a36927222d8@group-EB4E8D1567B6-LeaderElection18] INFO  server.RaftServerConfigKeys (ConfUtils.java:logGet(44)) - raft.server.write.element-limit = 4096 (default)
2022-03-03 08:19:59,589 [e7338982-199b-4e5a-937e-5a36927222d8@group-EB4E8D1567B6-LeaderElection18] INFO  server.RaftServerConfigKeys (ConfUtils.java:logGet(44)) - raft.server.write.byte-limit = 64MB (=67108864) (default)
2022-03-03 08:19:59,589 [e7338982-199b-4e5a-937e-5a36927222d8@group-EB4E8D1567B6-LeaderElection18] INFO  server.RaftServerConfigKeys (ConfUtils.java:logGet(44)) - raft.server.watch.timeout = 10s (default)
2022-03-03 08:19:59,589 [e7338982-199b-4e5a-937e-5a36927222d8@group-EB4E8D1567B6-LeaderElection18] INFO  server.RaftServerConfigKeys (ConfUtils.java:logGet(44)) - raft.server.watch.timeout.denomination = 1s (default)
2022-03-03 08:19:59,589 [e7338982-199b-4e5a-937e-5a36927222d8@group-EB4E8D1567B6-LeaderElection18] INFO  server.RaftServerConfigKeys (ConfUtils.java:logGet(44)) - raft.server.watch.element-limit = 65536 (default)
2022-03-03 08:19:59,589 [e7338982-199b-4e5a-937e-5a36927222d8@group-EB4E8D1567B6-LeaderElection18] INFO  server.RaftServerConfigKeys (ConfUtils.java:logGet(44)) - raft.server.write.element-limit = 4096 (default)
2022-03-03 08:19:59,589 [e7338982-199b-4e5a-937e-5a36927222d8@group-EB4E8D1567B6-LeaderElection18] INFO  server.RaftServerConfigKeys (ConfUtils.java:logGet(44)) - raft.server.write.follower.gap.ratio.max = -1.0 (default)
2022-03-03 08:19:59,589 [e7338982-199b-4e5a-937e-5a36927222d8@group-EB4E8D1567B6-LeaderElection18] INFO  impl.RoleInfo (RoleInfo.java:updateAndGet(130)) - e7338982-199b-4e5a-937e-5a36927222d8: start e7338982-199b-4e5a-937e-5a36927222d8@group-EB4E8D1567B6-LeaderStateImpl
2022-03-03 08:19:59,590 [e7338982-199b-4e5a-937e-5a36927222d8@group-EB4E8D1567B6-LeaderElection18] INFO  segmented.SegmentedRaftLogWorker (SegmentedRaftLogWorker.java:startLogSegment(394)) - e7338982-199b-4e5a-937e-5a36927222d8@group-EB4E8D1567B6-SegmentedRaftLogWorker: Starting segment from index:0
2022-03-03 08:19:59,598 [e7338982-199b-4e5a-937e-5a36927222d8@group-EB4E8D1567B6-LeaderElection18] INFO  server.RaftServer$Division (ServerState.java:setRaftConf(387)) - e7338982-199b-4e5a-937e-5a36927222d8@group-EB4E8D1567B6: set configuration 0: [e7338982-199b-4e5a-937e-5a36927222d8|rpc:localhost:44949|admin:|client:|dataStream:|priority:0], old=null
2022-03-03 08:19:59,603 [e7338982-199b-4e5a-937e-5a36927222d8@group-EB4E8D1567B6-SegmentedRaftLogWorker] INFO  segmented.SegmentedRaftLogWorker (SegmentedRaftLogWorker.java:execute(601)) - e7338982-199b-4e5a-937e-5a36927222d8@group-EB4E8D1567B6-SegmentedRaftLogWorker: created new log segment /home/runner/work/ozone/ozone/hadoop-ozone/integration-test/target/test-dir/MiniOzoneClusterImpl-5b82a1ad-a074-4eb8-9e24-eb4e8d1567b6/scmNode-1/scm-ha/5b82a1ad-a074-4eb8-9e24-eb4e8d1567b6/current/log_inprogress_0
2022-03-03 08:19:59,791 [EndpointStateMachine task thread for /127.0.0.1:43363 - 0 ] INFO  ipc.Client (Client.java:handleConnectionFailure(977)) - Retrying connect to server: localhost/127.0.0.1:43363. Already tried 12 time(s); retry policy is RetryUpToMaximumCountWithFixedSleep(maxRetries=15, sleepTime=1000 MILLISECONDS)
2022-03-03 08:19:59,868 [EndpointStateMachine task thread for /127.0.0.1:45429 - 0 ] INFO  ipc.Client (Client.java:handleConnectionFailure(977)) - Retrying connect to server: localhost/127.0.0.1:45429. Already tried 13 time(s); retry policy is RetryUpToMaximumCountWithFixedSleep(maxRetries=15, sleepTime=1000 MILLISECONDS)
2022-03-03 08:19:59,870 [EndpointStateMachine task thread for /127.0.0.1:39861 - 0 ] INFO  ipc.Client (Client.java:handleConnectionFailure(977)) - Retrying connect to server: localhost/127.0.0.1:39861. Already tried 12 time(s); retry policy is RetryUpToMaximumCountWithFixedSleep(maxRetries=15, sleepTime=1000 MILLISECONDS)
2022-03-03 08:20:00,497 [Listener at 127.0.0.1/45745] INFO  server.RaftServer (RaftServerProxy.java:lambda$close$6(391)) - e7338982-199b-4e5a-937e-5a36927222d8: close
2022-03-03 08:20:00,497 [Listener at 127.0.0.1/45745] INFO  server.RaftServer$Division (RaftServerImpl.java:lambda$close$4(412)) - e7338982-199b-4e5a-937e-5a36927222d8@group-EB4E8D1567B6: shutdown
2022-03-03 08:20:00,497 [Listener at 127.0.0.1/45745] INFO  util.JmxRegister (JmxRegister.java:unregister(73)) - Successfully un-registered JMX Bean with object name Ratis:service=RaftServer,group=group-EB4E8D1567B6,id=e7338982-199b-4e5a-937e-5a36927222d8
2022-03-03 08:20:00,497 [Listener at 127.0.0.1/45745] INFO  impl.RoleInfo (RoleInfo.java:shutdownLeaderState(91)) - e7338982-199b-4e5a-937e-5a36927222d8: shutdown e7338982-199b-4e5a-937e-5a36927222d8@group-EB4E8D1567B6-LeaderStateImpl
2022-03-03 08:20:00,498 [Listener at 127.0.0.1/45745] INFO  impl.PendingRequests (PendingRequests.java:sendNotLeaderResponses(282)) - e7338982-199b-4e5a-937e-5a36927222d8@group-EB4E8D1567B6-PendingRequests: sendNotLeaderResponses
2022-03-03 08:20:00,499 [e7338982-199b-4e5a-937e-5a36927222d8@group-EB4E8D1567B6-StateMachineUpdater] INFO  impl.StateMachineUpdater (StateMachineUpdater.java:takeSnapshot(281)) - e7338982-199b-4e5a-937e-5a36927222d8@group-EB4E8D1567B6-StateMachineUpdater: Took a snapshot at index 0
2022-03-03 08:20:00,500 [e7338982-199b-4e5a-937e-5a36927222d8@group-EB4E8D1567B6-StateMachineUpdater] INFO  impl.StateMachineUpdater (StateMachineUpdater.java:lambda$new$0(89)) - e7338982-199b-4e5a-937e-5a36927222d8@group-EB4E8D1567B6-StateMachineUpdater: snapshotIndex: updateIncreasingly -1 -> 0
2022-03-03 08:20:00,500 [Listener at 127.0.0.1/45745] INFO  impl.StateMachineUpdater (StateMachineUpdater.java:stopAndJoin(149)) - e7338982-199b-4e5a-937e-5a36927222d8@group-EB4E8D1567B6-StateMachineUpdater: set stopIndex = 0
2022-03-03 08:20:00,500 [Listener at 127.0.0.1/45745] INFO  server.RaftServer$Division (ServerState.java:close(419)) - e7338982-199b-4e5a-937e-5a36927222d8@group-EB4E8D1567B6: closes. applyIndex: 0
2022-03-03 08:20:00,500 [e7338982-199b-4e5a-937e-5a36927222d8@group-EB4E8D1567B6-SegmentedRaftLogWorker] INFO  segmented.SegmentedRaftLogWorker (SegmentedRaftLogWorker.java:run(327)) - e7338982-199b-4e5a-937e-5a36927222d8@group-EB4E8D1567B6-SegmentedRaftLogWorker was interrupted, exiting. There are 0 tasks remaining in the queue.
2022-03-03 08:20:00,502 [Listener at 127.0.0.1/45745] INFO  segmented.SegmentedRaftLogWorker (SegmentedRaftLogWorker.java:close(237)) - e7338982-199b-4e5a-937e-5a36927222d8@group-EB4E8D1567B6-SegmentedRaftLogWorker close()
2022-03-03 08:20:00,503 [Listener at 127.0.0.1/45745] INFO  server.GrpcService (GrpcService.java:closeImpl(262)) - e7338982-199b-4e5a-937e-5a36927222d8: shutdown server with port 44949 now
2022-03-03 08:20:00,509 [Listener at 127.0.0.1/45745] INFO  server.GrpcService (GrpcService.java:closeImpl(271)) - e7338982-199b-4e5a-937e-5a36927222d8: shutdown server with port 44949 successfully
2022-03-03 08:20:00,509 [org.apache.ratis.util.JvmPauseMonitor$$Lambda$503/666911607@3a4fccc7] INFO  util.JvmPauseMonitor (JvmPauseMonitor.java:run(109)) - JvmPauseMonitor-e7338982-199b-4e5a-937e-5a36927222d8: Stopped
2022-03-03 08:20:00,510 [Listener at 127.0.0.1/45745] WARN  server.ServerUtils (ServerUtils.java:getScmDbDir(148)) - ozone.scm.db.dirs is not configured. We recommend adding this setting. Falling back to ozone.metadata.dirs instead.
2022-03-03 08:20:00,513 [Listener at 127.0.0.1/45745] INFO  server.StorageContainerManager (StorageContainerManager.java:scmInit(1107)) - SCM initialization succeeded. Current cluster id for sd=/home/runner/work/ozone/ozone/hadoop-ozone/integration-test/target/test-dir/MiniOzoneClusterImpl-5b82a1ad-a074-4eb8-9e24-eb4e8d1567b6/scmNode-1/scm; cid=5b82a1ad-a074-4eb8-9e24-eb4e8d1567b6; layoutVersion=2; scmId=e7338982-199b-4e5a-937e-5a36927222d8
2022-03-03 08:20:00,513 [Listener at 127.0.0.1/45745] INFO  ha.SCMHANodeDetails (SCMHANodeDetails.java:loadSCMHAConfig(157)) - ServiceID for StorageContainerManager is scm-service-test1
2022-03-03 08:20:00,513 [Listener at 127.0.0.1/45745] INFO  ha.SCMHANodeDetails (SCMHANodeDetails.java:loadSCMHAConfig(168)) - ServiceID for StorageContainerManager is scm-service-test1
2022-03-03 08:20:00,513 [Listener at 127.0.0.1/45745] WARN  scm.ScmUtils (ScmUtils.java:logWarn(179)) - ConfigKey ozone.scm.block.client.address is deprecated, For configuring different ports for each SCM use PortConfigKey ozone.scm.block.client.port appended with serviceId and nodeId. If want to configure same port configure ozone.scm.block.client.port
2022-03-03 08:20:00,513 [Listener at 127.0.0.1/45745] WARN  scm.ScmUtils (ScmUtils.java:logWarn(179)) - ConfigKey ozone.scm.client.address is deprecated, For configuring different ports for each SCM use PortConfigKey ozone.scm.client.port appended with serviceId and nodeId. If want to configure same port configure ozone.scm.client.port
2022-03-03 08:20:00,514 [Listener at 127.0.0.1/45745] WARN  scm.ScmUtils (ScmUtils.java:logWarn(179)) - ConfigKey ozone.scm.datanode.address is deprecated, For configuring different ports for each SCM use PortConfigKey ozone.scm.datanode.port appended with serviceId and nodeId. If want to configure same port configure ozone.scm.datanode.port
2022-03-03 08:20:00,514 [Listener at 127.0.0.1/45745] WARN  scm.ScmUtils (ScmUtils.java:logWarn(179)) - ConfigKey ozone.scm.block.client.address is deprecated, For configuring different ports for each SCM use PortConfigKey ozone.scm.block.client.port appended with serviceId and nodeId. If want to configure same port configure ozone.scm.block.client.port
2022-03-03 08:20:00,516 [Listener at 127.0.0.1/45745] WARN  scm.ScmUtils (ScmUtils.java:logWarn(179)) - ConfigKey ozone.scm.client.address is deprecated, For configuring different ports for each SCM use PortConfigKey ozone.scm.client.port appended with serviceId and nodeId. If want to configure same port configure ozone.scm.client.port
2022-03-03 08:20:00,516 [Listener at 127.0.0.1/45745] WARN  scm.ScmUtils (ScmUtils.java:logWarn(179)) - ConfigKey ozone.scm.datanode.address is deprecated, For configuring different ports for each SCM use PortConfigKey ozone.scm.datanode.port appended with serviceId and nodeId. If want to configure same port configure ozone.scm.datanode.port
2022-03-03 08:20:00,518 [Listener at 127.0.0.1/45745] INFO  ha.SCMHANodeDetails (SCMHANodeDetails.java:loadSCMHAConfig(250)) - Found matching SCM address with SCMServiceId: scm-service-test1, SCMNodeId: scmNode-1, RPC Address: localhost:44949 and Ratis port: 44949
2022-03-03 08:20:00,518 [Listener at 127.0.0.1/45745] INFO  ha.SCMHANodeDetails (ConfUtils.java:setNodeSpecificConfigs(108)) - Setting configuration key ozone.scm.datanode.address with value of key ozone.scm.datanode.address.scm-service-test1.scmNode-1: 127.0.0.1:35645
2022-03-03 08:20:00,518 [Listener at 127.0.0.1/45745] INFO  ha.SCMHANodeDetails (ConfUtils.java:setNodeSpecificConfigs(108)) - Setting configuration key ozone.scm.block.client.address with value of key ozone.scm.block.client.address.scm-service-test1.scmNode-1: 127.0.0.1:44091
2022-03-03 08:20:00,519 [Listener at 127.0.0.1/45745] INFO  ha.SCMHANodeDetails (ConfUtils.java:setNodeSpecificConfigs(108)) - Setting configuration key ozone.scm.client.address with value of key ozone.scm.client.address.scm-service-test1.scmNode-1: 127.0.0.1:37185
2022-03-03 08:20:00,519 [Listener at 127.0.0.1/45745] INFO  ha.SCMHANodeDetails (ConfUtils.java:setNodeSpecificConfigs(108)) - Setting configuration key ozone.scm.ratis.port with value of key ozone.scm.ratis.port.scm-service-test1.scmNode-1: 44949
2022-03-03 08:20:00,519 [Listener at 127.0.0.1/45745] INFO  ha.SCMHANodeDetails (ConfUtils.java:setNodeSpecificConfigs(108)) - Setting configuration key ozone.scm.grpc.port with value of key ozone.scm.grpc.port.scm-service-test1.scmNode-1: 37221
2022-03-03 08:20:00,519 [Listener at 127.0.0.1/45745] INFO  ha.SCMHANodeDetails (ConfUtils.java:setNodeSpecificConfigs(108)) - Setting configuration key ozone.scm.http-address with value of key ozone.scm.http-address.scm-service-test1.scmNode-1: 127.0.0.1:33199
2022-03-03 08:20:00,519 [Listener at 127.0.0.1/45745] INFO  ha.SCMHANodeDetails (ConfUtils.java:setNodeSpecificConfigs(108)) - Setting configuration key ozone.scm.https-address with value of key ozone.scm.https-address.scm-service-test1.scmNode-1: 127.0.0.1:34867
2022-03-03 08:20:00,520 [Listener at 127.0.0.1/45745] INFO  ha.SCMHANodeDetails (ConfUtils.java:setNodeSpecificConfigs(108)) - Setting configuration key ozone.scm.address with value of key ozone.scm.address.scm-service-test1.scmNode-1: 127.0.0.1
2022-03-03 08:20:00,520 [Listener at 127.0.0.1/45745] WARN  scm.ScmUtils (ScmUtils.java:logWarn(179)) - ConfigKey ozone.scm.block.client.address is deprecated, For configuring different ports for each SCM use PortConfigKey ozone.scm.block.client.port appended with serviceId and nodeId. If want to configure same port configure ozone.scm.block.client.port
2022-03-03 08:20:00,520 [Listener at 127.0.0.1/45745] WARN  scm.ScmUtils (ScmUtils.java:logWarn(179)) - ConfigKey ozone.scm.client.address is deprecated, For configuring different ports for each SCM use PortConfigKey ozone.scm.client.port appended with serviceId and nodeId. If want to configure same port configure ozone.scm.client.port
2022-03-03 08:20:00,520 [Listener at 127.0.0.1/45745] WARN  scm.ScmUtils (ScmUtils.java:logWarn(179)) - ConfigKey ozone.scm.datanode.address is deprecated, For configuring different ports for each SCM use PortConfigKey ozone.scm.datanode.port appended with serviceId and nodeId. If want to configure same port configure ozone.scm.datanode.port
2022-03-03 08:20:00,521 [Listener at 127.0.0.1/45745] WARN  server.ServerUtils (ServerUtils.java:getScmDbDir(148)) - ozone.scm.db.dirs is not configured. We recommend adding this setting. Falling back to ozone.metadata.dirs instead.
2022-03-03 08:20:00,522 [Listener at 127.0.0.1/45745] INFO  upgrade.AbstractLayoutVersionManager (AbstractLayoutVersionManager.java:init(79)) - Initializing Layout version manager with metadata layout = SCM_HA (version = 2), software layout = SCM_HA (version = 2)
2022-03-03 08:20:00,623 [Listener at 127.0.0.1/45745] INFO  reflections.Reflections (Reflections.java:scan(232)) - Reflections took 100 ms to scan 7 urls, producing 122 keys and 286 values 
2022-03-03 08:20:00,625 [Listener at 127.0.0.1/45745] WARN  utils.HAUtils (HAUtils.java:getMetaDir(342)) - ozone.scm.db.dirs is not configured. We recommend adding this setting. Falling back to ozone.metadata.dirs instead.
2022-03-03 08:20:00,630 [Listener at 127.0.0.1/45745] WARN  db.DBStoreBuilder (DBStoreBuilder.java:applyDBDefinition(145)) - ozone.scm.db.dirs is not configured. We recommend adding this setting. Falling back to ozone.metadata.dirs instead.
2022-03-03 08:20:00,792 [EndpointStateMachine task thread for /127.0.0.1:43363 - 0 ] INFO  ipc.Client (Client.java:handleConnectionFailure(977)) - Retrying connect to server: localhost/127.0.0.1:43363. Already tried 13 time(s); retry policy is RetryUpToMaximumCountWithFixedSleep(maxRetries=15, sleepTime=1000 MILLISECONDS)
2022-03-03 08:20:00,831 [Listener at 127.0.0.1/45745] INFO  net.NodeSchemaLoader (NodeSchemaLoader.java:loadSchemaFromFile(129)) - Loading schema from [jar:file:/home/runner/.m2/repository/org/apache/ozone/hdds-common/1.3.0-SNAPSHOT/hdds-common-1.3.0-SNAPSHOT.jar!/network-topology-default.xml]
2022-03-03 08:20:00,834 [Listener at 127.0.0.1/45745] INFO  net.NodeSchemaLoader (NodeSchemaLoader.java:loadSchema(176)) - Loading network topology layer schema file
2022-03-03 08:20:00,852 [Listener at 127.0.0.1/45745] INFO  ha.SCMRatisServerImpl (SCMRatisServerImpl.java:<init>(87)) - starting Raft server for scm:e7338982-199b-4e5a-937e-5a36927222d8
2022-03-03 08:20:00,853 [Listener at 127.0.0.1/45745] INFO  server.RaftServer (ConfUtils.java:logGet(44)) - raft.rpc.type = GRPC (default)
2022-03-03 08:20:00,853 [Listener at 127.0.0.1/45745] INFO  grpc.GrpcFactory (GrpcFactory.java:checkPooledByteBufAllocatorUseCacheForAllThreads(48)) - PERFORMANCE WARNING: useCacheForAllThreads is true that may cause Netty to create a lot garbage objects and, as a result, trigger GC.
	It is recommended to disable useCacheForAllThreads by setting -Dorg.apache.ratis.thirdparty.io.netty.allocator.useCacheForAllThreads=false in command line.
2022-03-03 08:20:00,854 [Listener at 127.0.0.1/45745] INFO  grpc.GrpcConfigKeys (ConfUtils.java:logGet(44)) - raft.grpc.admin.port = -1 (default)
2022-03-03 08:20:00,854 [Listener at 127.0.0.1/45745] INFO  grpc.GrpcConfigKeys (ConfUtils.java:logGet(44)) - raft.grpc.server.port = 44949 (custom)
2022-03-03 08:20:00,854 [Listener at 127.0.0.1/45745] INFO  grpc.GrpcConfigKeys (ConfUtils.java:logGet(44)) - raft.grpc.client.port = -1 (default)
2022-03-03 08:20:00,854 [Listener at 127.0.0.1/45745] INFO  grpc.GrpcConfigKeys (ConfUtils.java:logGet(44)) - raft.grpc.server.port = 44949 (custom)
2022-03-03 08:20:00,855 [Listener at 127.0.0.1/45745] INFO  grpc.GrpcConfigKeys (ConfUtils.java:logGet(44)) - raft.grpc.server.port = 44949 (custom)
2022-03-03 08:20:00,855 [Listener at 127.0.0.1/45745] INFO  server.GrpcService (ConfUtils.java:logGet(44)) - raft.grpc.message.size.max = 32m (=33554432) (custom)
2022-03-03 08:20:00,855 [Listener at 127.0.0.1/45745] INFO  server.RaftServerConfigKeys (ConfUtils.java:logGet(44)) - raft.server.log.appender.buffer.byte-limit = 33554432 (custom)
2022-03-03 08:20:00,855 [Listener at 127.0.0.1/45745] INFO  server.GrpcService (ConfUtils.java:logGet(44)) - raft.grpc.flow.control.window = 1MB (=1048576) (default)
2022-03-03 08:20:00,856 [Listener at 127.0.0.1/45745] INFO  server.RaftServerConfigKeys (ConfUtils.java:logGet(44)) - raft.server.rpc.request.timeout = 30000ms (custom)
2022-03-03 08:20:00,859 [Listener at 127.0.0.1/45745] INFO  impl.DataStreamServerImpl (ConfUtils.java:logGet(44)) - raft.datastream.type = DISABLED (default)
2022-03-03 08:20:00,860 [Listener at 127.0.0.1/45745] INFO  server.RaftServerConfigKeys (ConfUtils.java:logGet(44)) - raft.server.rpc.slowness.timeout = 120000ms (custom)
2022-03-03 08:20:00,860 [Listener at 127.0.0.1/45745] INFO  server.RaftServerConfigKeys (ConfUtils.java:logGet(44)) - raft.server.leaderelection.leader.step-down.wait-time = 10s (default)
2022-03-03 08:20:00,865 [Listener at 127.0.0.1/45745] INFO  server.RaftServerConfigKeys (ConfUtils.java:logGet(44)) - raft.server.storage.dir = [/home/runner/work/ozone/ozone/hadoop-ozone/integration-test/target/test-dir/MiniOzoneClusterImpl-5b82a1ad-a074-4eb8-9e24-eb4e8d1567b6/scmNode-1/scm-ha] (custom)
2022-03-03 08:20:00,865 [Listener at 127.0.0.1/45745] INFO  server.RaftServer (RaftServerProxy.java:lambda$null$1(235)) - e7338982-199b-4e5a-937e-5a36927222d8: found a subdirectory /home/runner/work/ozone/ozone/hadoop-ozone/integration-test/target/test-dir/MiniOzoneClusterImpl-5b82a1ad-a074-4eb8-9e24-eb4e8d1567b6/scmNode-1/scm-ha/5b82a1ad-a074-4eb8-9e24-eb4e8d1567b6
2022-03-03 08:20:00,867 [Listener at 127.0.0.1/45745] INFO  server.RaftServer (RaftServerProxy.java:addNew(95)) - e7338982-199b-4e5a-937e-5a36927222d8: addNew group-EB4E8D1567B6:[] returns group-EB4E8D1567B6:java.util.concurrent.CompletableFuture@7553d28b[Not completed]
2022-03-03 08:20:00,868 [pool-241-thread-1] INFO  server.RaftServer$Division (RaftServerImpl.java:<init>(184)) - e7338982-199b-4e5a-937e-5a36927222d8: new RaftServerImpl for group-EB4E8D1567B6:[] with SCMStateMachine:uninitialized
2022-03-03 08:20:00,868 [pool-241-thread-1] INFO  server.RaftServerConfigKeys (ConfUtils.java:logGet(44)) - raft.server.rpc.timeout.min = 5000ms (custom)
2022-03-03 08:20:00,868 [pool-241-thread-1] INFO  server.RaftServerConfigKeys (ConfUtils.java:logGet(44)) - raft.server.rpc.timeout.max = 5200ms (custom)
2022-03-03 08:20:00,869 [pool-241-thread-1] INFO  server.RaftServerConfigKeys (ConfUtils.java:logGet(44)) - raft.server.rpc.sleep.time = 25ms (default)
2022-03-03 08:20:00,869 [pool-241-thread-1] INFO  server.RaftServerConfigKeys (ConfUtils.java:logGet(44)) - raft.server.rpc.slowness.timeout = 120000ms (custom)
2022-03-03 08:20:00,869 [EndpointStateMachine task thread for /127.0.0.1:45429 - 0 ] INFO  ipc.Client (Client.java:handleConnectionFailure(977)) - Retrying connect to server: localhost/127.0.0.1:45429. Already tried 14 time(s); retry policy is RetryUpToMaximumCountWithFixedSleep(maxRetries=15, sleepTime=1000 MILLISECONDS)
2022-03-03 08:20:00,871 [pool-241-thread-1] INFO  server.RaftServerConfigKeys (ConfUtils.java:logGet(44)) - raft.server.leaderelection.leader.step-down.wait-time = 10s (default)
2022-03-03 08:20:00,871 [pool-241-thread-1] INFO  server.RaftServerConfigKeys (ConfUtils.java:logGet(44)) - raft.server.sleep.deviation.threshold = 300ms (default)
2022-03-03 08:20:00,871 [pool-241-thread-1] INFO  server.RaftServerConfigKeys (ConfUtils.java:logGet(44)) - raft.server.log.appender.install.snapshot.enabled = false (custom)
2022-03-03 08:20:00,871 [pool-241-thread-1] INFO  server.RaftServer$Division (ServerState.java:<init>(105)) - e7338982-199b-4e5a-937e-5a36927222d8@group-EB4E8D1567B6: ConfigurationManager, init=-1: [], old=null, confs=<EMPTY_MAP>
2022-03-03 08:20:00,871 [EndpointStateMachine task thread for /127.0.0.1:39861 - 0 ] INFO  ipc.Client (Client.java:handleConnectionFailure(977)) - Retrying connect to server: localhost/127.0.0.1:39861. Already tried 13 time(s); retry policy is RetryUpToMaximumCountWithFixedSleep(maxRetries=15, sleepTime=1000 MILLISECONDS)
2022-03-03 08:20:00,871 [pool-241-thread-1] INFO  server.RaftServerConfigKeys (ConfUtils.java:logGet(44)) - raft.server.storage.dir = [/home/runner/work/ozone/ozone/hadoop-ozone/integration-test/target/test-dir/MiniOzoneClusterImpl-5b82a1ad-a074-4eb8-9e24-eb4e8d1567b6/scmNode-1/scm-ha] (custom)
2022-03-03 08:20:00,871 [pool-241-thread-1] INFO  server.RaftServerConfigKeys (ConfUtils.java:logGet(44)) - raft.server.log.corruption.policy = EXCEPTION (default)
2022-03-03 08:20:00,872 [pool-241-thread-1] INFO  server.RaftServerConfigKeys (ConfUtils.java:logGet(44)) - raft.server.storage.free-space.min = 0MB (=0) (default)
2022-03-03 08:20:00,873 [pool-241-thread-1] INFO  storage.RaftStorageDirectory (RaftStorageDirectoryImpl.java:tryLock(230)) - Lock on /home/runner/work/ozone/ozone/hadoop-ozone/integration-test/target/test-dir/MiniOzoneClusterImpl-5b82a1ad-a074-4eb8-9e24-eb4e8d1567b6/scmNode-1/scm-ha/5b82a1ad-a074-4eb8-9e24-eb4e8d1567b6/in_use.lock acquired by nodename 8757@fv-az501-749
2022-03-03 08:20:00,873 [pool-241-thread-1] INFO  storage.RaftStorage (RaftStorageImpl.java:analyzeAndRecoverStorage(110)) - Read RaftStorageMetadata{term=1, votedFor=e7338982-199b-4e5a-937e-5a36927222d8} from /home/runner/work/ozone/ozone/hadoop-ozone/integration-test/target/test-dir/MiniOzoneClusterImpl-5b82a1ad-a074-4eb8-9e24-eb4e8d1567b6/scmNode-1/scm-ha/5b82a1ad-a074-4eb8-9e24-eb4e8d1567b6/current/raft-meta
2022-03-03 08:20:00,874 [pool-241-thread-1] INFO  server.RaftServer$Division (ServerState.java:setRaftConf(387)) - e7338982-199b-4e5a-937e-5a36927222d8@group-EB4E8D1567B6: set configuration 0: [e7338982-199b-4e5a-937e-5a36927222d8|rpc:localhost:44949|admin:|client:|dataStream:|priority:0], old=null
2022-03-03 08:20:00,874 [pool-241-thread-1] INFO  server.RaftServerConfigKeys (ConfUtils.java:logGet(44)) - raft.server.notification.no-leader.timeout = 60s (default)
2022-03-03 08:20:00,874 [pool-241-thread-1] INFO  server.RaftServerConfigKeys (ConfUtils.java:logGet(44)) - raft.server.log.use.memory = false (default)
2022-03-03 08:20:00,874 [pool-241-thread-1] INFO  server.RaftServerConfigKeys (ConfUtils.java:logGet(44)) - raft.server.log.purge.gap = 5 (custom)
2022-03-03 08:20:00,874 [pool-241-thread-1] INFO  server.RaftServerConfigKeys (ConfUtils.java:logGet(44)) - raft.server.log.appender.buffer.byte-limit = 33554432 (custom)
2022-03-03 08:20:00,875 [pool-241-thread-1] INFO  server.RaftServerConfigKeys (ConfUtils.java:logGet(44)) - raft.server.log.segment.size.max = 4194304 (custom)
2022-03-03 08:20:00,875 [pool-241-thread-1] INFO  server.RaftServerConfigKeys (ConfUtils.java:logGet(44)) - raft.server.log.segment.cache.num.max = 2 (custom)
2022-03-03 08:20:00,876 [pool-241-thread-1] INFO  server.RaftServerConfigKeys (ConfUtils.java:logGet(44)) - raft.server.log.segment.cache.size.max = 200MB (=209715200) (default)
2022-03-03 08:20:00,876 [pool-241-thread-1] INFO  segmented.SegmentedRaftLogWorker (SegmentedRaftLogWorker.java:<init>(182)) - new e7338982-199b-4e5a-937e-5a36927222d8@group-EB4E8D1567B6-SegmentedRaftLogWorker for RaftStorageImpl:Storage Directory /home/runner/work/ozone/ozone/hadoop-ozone/integration-test/target/test-dir/MiniOzoneClusterImpl-5b82a1ad-a074-4eb8-9e24-eb4e8d1567b6/scmNode-1/scm-ha/5b82a1ad-a074-4eb8-9e24-eb4e8d1567b6
2022-03-03 08:20:00,876 [pool-241-thread-1] INFO  server.RaftServerConfigKeys (ConfUtils.java:logGet(44)) - raft.server.log.queue.byte-limit = 64MB (=67108864) (default)
2022-03-03 08:20:00,876 [pool-241-thread-1] INFO  server.RaftServerConfigKeys (ConfUtils.java:logGet(44)) - raft.server.log.queue.element-limit = 4096 (default)
2022-03-03 08:20:00,876 [pool-241-thread-1] INFO  server.RaftServerConfigKeys (ConfUtils.java:logGet(44)) - raft.server.log.segment.size.max = 4194304 (custom)
2022-03-03 08:20:00,876 [pool-241-thread-1] INFO  server.RaftServerConfigKeys (ConfUtils.java:logGet(44)) - raft.server.log.preallocated.size = 4194304 (custom)
2022-03-03 08:20:00,876 [pool-241-thread-1] INFO  server.RaftServerConfigKeys (ConfUtils.java:logGet(44)) - raft.server.log.force.sync.num = 128 (default)
2022-03-03 08:20:00,876 [pool-241-thread-1] INFO  server.RaftServerConfigKeys (ConfUtils.java:logGet(44)) - raft.server.log.statemachine.data.sync = true (default)
2022-03-03 08:20:00,876 [pool-241-thread-1] INFO  server.RaftServerConfigKeys (ConfUtils.java:logGet(44)) - raft.server.log.statemachine.data.sync.timeout = 10s (default)
2022-03-03 08:20:00,877 [pool-241-thread-1] INFO  server.RaftServerConfigKeys (ConfUtils.java:logGet(44)) - raft.server.log.statemachine.data.sync.timeout.retry = -1 (default)
2022-03-03 08:20:00,886 [pool-241-thread-1] INFO  server.RaftServerConfigKeys (ConfUtils.java:logGet(44)) - raft.server.log.write.buffer.size = 64KB (=65536) (default)
2022-03-03 08:20:00,889 [pool-241-thread-1] INFO  server.RaftServerConfigKeys (ConfUtils.java:logGet(44)) - raft.server.log.statemachine.data.caching.enabled = false (default)
2022-03-03 08:20:00,890 [pool-241-thread-1] INFO  server.RaftServer$Division (ServerState.java:setRaftConf(387)) - e7338982-199b-4e5a-937e-5a36927222d8@group-EB4E8D1567B6: set configuration 0: [e7338982-199b-4e5a-937e-5a36927222d8|rpc:localhost:44949|admin:|client:|dataStream:|priority:0], old=null
2022-03-03 08:20:00,893 [pool-241-thread-1] INFO  segmented.LogSegment (LogSegment.java:loadSegment(173)) - Successfully read 1 entries from segment file /home/runner/work/ozone/ozone/hadoop-ozone/integration-test/target/test-dir/MiniOzoneClusterImpl-5b82a1ad-a074-4eb8-9e24-eb4e8d1567b6/scmNode-1/scm-ha/5b82a1ad-a074-4eb8-9e24-eb4e8d1567b6/current/log_inprogress_0
2022-03-03 08:20:00,893 [pool-241-thread-1] INFO  segmented.SegmentedRaftLogWorker (SegmentedRaftLogWorker.java:lambda$new$0(133)) - e7338982-199b-4e5a-937e-5a36927222d8@group-EB4E8D1567B6-SegmentedRaftLogWorker: flushIndex: setUnconditionally 0 -> 0
2022-03-03 08:20:00,893 [pool-241-thread-1] INFO  segmented.SegmentedRaftLogWorker (SegmentedRaftLogWorker.java:lambda$new$0(133)) - e7338982-199b-4e5a-937e-5a36927222d8@group-EB4E8D1567B6-SegmentedRaftLogWorker: safeCacheEvictIndex: setUnconditionally 0 -> -1
2022-03-03 08:20:00,901 [pool-241-thread-1] INFO  server.RaftServerConfigKeys (ConfUtils.java:logGet(44)) - raft.server.snapshot.auto.trigger.enabled = true (custom)
2022-03-03 08:20:00,901 [pool-241-thread-1] INFO  server.RaftServerConfigKeys (ConfUtils.java:logGet(44)) - raft.server.snapshot.auto.trigger.threshold = 5 (custom)
2022-03-03 08:20:00,902 [pool-241-thread-1] INFO  server.RaftServerConfigKeys (ConfUtils.java:logGet(44)) - raft.server.snapshot.retention.file.num = -1 (default)
2022-03-03 08:20:00,902 [pool-241-thread-1] INFO  server.RaftServerConfigKeys (ConfUtils.java:logGet(44)) - raft.server.log.purge.upto.snapshot.index = true (custom)
2022-03-03 08:20:00,902 [pool-241-thread-1] INFO  server.RaftServerConfigKeys (ConfUtils.java:logGet(44)) - raft.server.retrycache.expirytime = 60000ms (default)
2022-03-03 08:20:00,902 [pool-241-thread-1] INFO  server.RaftServerConfigKeys (ConfUtils.java:logGet(44)) - raft.server.retrycache.statistics.expirytime = 100μs (default)
2022-03-03 08:20:00,906 [Listener at 127.0.0.1/45745] INFO  ha.SCMSnapshotProvider (SCMSnapshotProvider.java:<init>(66)) - Initializing SCM Snapshot Provider
2022-03-03 08:20:00,906 [Listener at 127.0.0.1/45745] WARN  server.ServerUtils (ServerUtils.java:getDefaultRatisDirectory(237)) - Storage directory for Ratis is not configured. It is a good idea to map this to an SSD disk. Falling back to ozone.metadata.dirs
2022-03-03 08:20:00,907 [Listener at 127.0.0.1/45745] WARN  ha.SCMHAUtils (SCMHAUtils.java:getSCMRatisSnapshotDirectory(151)) - SCM snapshot dir is not configured. Falling back to ozone.metadata.dirs config
2022-03-03 08:20:00,910 [Listener at 127.0.0.1/45745] INFO  ha.SequenceIdGenerator (SequenceIdGenerator.java:upgradeToSequenceId(347)) - upgrade localId to 109611004723200000
2022-03-03 08:20:00,910 [Listener at 127.0.0.1/45745] INFO  ha.SequenceIdGenerator (SequenceIdGenerator.java:upgradeToSequenceId(357)) - upgrade delTxnId to 0
2022-03-03 08:20:00,911 [Listener at 127.0.0.1/45745] INFO  ha.SequenceIdGenerator (SequenceIdGenerator.java:upgradeToSequenceId(371)) - upgrade containerId to 0
2022-03-03 08:20:00,911 [Listener at 127.0.0.1/45745] INFO  ha.SequenceIdGenerator (SequenceIdGenerator.java:<init>(218)) - Init the HA SequenceIdGenerator.
2022-03-03 08:20:00,913 [Listener at 127.0.0.1/45745] INFO  node.SCMNodeManager (SCMNodeManager.java:<init>(146)) - Entering startup safe mode.
2022-03-03 08:20:00,916 [Listener at 127.0.0.1/45745] INFO  algorithms.ContainerPlacementPolicyFactory (ContainerPlacementPolicyFactory.java:getPolicy(60)) - Create container placement policy of type org.apache.hadoop.hdds.scm.container.placement.algorithms.SCMContainerPlacementRandom
2022-03-03 08:20:00,916 [Listener at 127.0.0.1/45745] INFO  pipeline.PipelineStateManagerImpl (PipelineStateManagerImpl.java:initialize(78)) - No pipeline exists in current db
2022-03-03 08:20:00,916 [Listener at 127.0.0.1/45745] INFO  algorithms.LeaderChoosePolicyFactory (LeaderChoosePolicyFactory.java:getPolicy(57)) - Create leader choose policy of type org.apache.hadoop.hdds.scm.pipeline.leader.choose.algorithms.MinLeaderCountChoosePolicy
2022-03-03 08:20:00,921 [Listener at 127.0.0.1/45745] INFO  ha.SCMServiceManager (SCMServiceManager.java:register(42)) - Registering service BackgroundPipelineCreator.
2022-03-03 08:20:00,921 [Listener at 127.0.0.1/45745] INFO  pipeline.BackgroundPipelineCreator (BackgroundPipelineCreator.java:start(130)) - Starting RatisPipelineUtilsThread.
2022-03-03 08:20:00,925 [Listener at 127.0.0.1/45745] INFO  algorithms.PipelineChoosePolicyFactory (PipelineChoosePolicyFactory.java:createPipelineChoosePolicyFromClass(73)) - Create pipeline choose policy of type org.apache.hadoop.hdds.scm.pipeline.choose.algorithms.RandomPipelineChoosePolicy
2022-03-03 08:20:00,926 [Listener at 127.0.0.1/45745] INFO  ha.SCMServiceManager (SCMServiceManager.java:register(42)) - Registering service SCMBlockDeletingService.
2022-03-03 08:20:00,927 [Listener at 127.0.0.1/45745] INFO  ha.SCMServiceManager (SCMServiceManager.java:register(42)) - Registering service ReplicationManager.
2022-03-03 08:20:00,927 [Listener at 127.0.0.1/45745] INFO  container.ReplicationManager (ReplicationManager.java:start(326)) - Starting Replication Monitor Thread.
2022-03-03 08:20:00,930 [Listener at 127.0.0.1/45745] INFO  safemode.ContainerSafeModeRule (ContainerSafeModeRule.java:<init>(89)) - containers with one replica threshold count 0
2022-03-03 08:20:00,931 [Listener at 127.0.0.1/45745] INFO  safemode.HealthyPipelineSafeModeRule (HealthyPipelineSafeModeRule.java:initializeRule(156)) - Total pipeline count is 0, healthy pipeline threshold count is 1
2022-03-03 08:20:00,931 [Listener at 127.0.0.1/45745] INFO  safemode.OneReplicaPipelineSafeModeRule (OneReplicaPipelineSafeModeRule.java:initializeRule(180)) - Total pipeline count is 0, pipeline's with at least one datanode reported threshold count is 0
2022-03-03 08:20:00,932 [Listener at 127.0.0.1/45745] INFO  ipc.CallQueueManager (CallQueueManager.java:<init>(90)) - Using callQueue: class java.util.concurrent.LinkedBlockingQueue, queueCapacity: 10000, scheduler: class org.apache.hadoop.ipc.DefaultRpcScheduler, ipcBackoff: false.
2022-03-03 08:20:00,936 [Socket Reader #1 for port 35645] INFO  ipc.Server (Server.java:run(1265)) - Starting Socket Reader #1 for port 35645
2022-03-03 08:20:00,937 [Listener at 0.0.0.0/35645] INFO  ipc.CallQueueManager (CallQueueManager.java:<init>(90)) - Using callQueue: class java.util.concurrent.LinkedBlockingQueue, queueCapacity: 10000, scheduler: class org.apache.hadoop.ipc.DefaultRpcScheduler, ipcBackoff: false.
2022-03-03 08:20:00,938 [Socket Reader #1 for port 44091] INFO  ipc.Server (Server.java:run(1265)) - Starting Socket Reader #1 for port 44091
2022-03-03 08:20:00,939 [Listener at 0.0.0.0/44091] INFO  ipc.CallQueueManager (CallQueueManager.java:<init>(90)) - Using callQueue: class java.util.concurrent.LinkedBlockingQueue, queueCapacity: 10000, scheduler: class org.apache.hadoop.ipc.DefaultRpcScheduler, ipcBackoff: false.
2022-03-03 08:20:00,940 [Socket Reader #1 for port 37185] INFO  ipc.Server (Server.java:run(1265)) - Starting Socket Reader #1 for port 37185
2022-03-03 08:20:00,948 [ReplicationMonitor] INFO  container.ReplicationManager (ReplicationManager.java:processAll(374)) - Replication Manager is not ready to run until 300000ms after safemode exit
2022-03-03 08:20:00,975 [Listener at 0.0.0.0/37185] INFO  server.StorageContainerManager (StorageContainerManager.java:<init>(389)) - 
Container Balancer status:
Key                            Value
Running                        false
Container Balancer Configuration values:
Key                                                Value
Threshold                                          10
Max Datanodes to Involve per Iteration(percent)    20
Max Size to Move per Iteration                     500GB
Max Size Entering Target per Iteration             26GB
Max Size Leaving Source per Iteration              26GB

2022-03-03 08:20:00,975 [Listener at 0.0.0.0/37185] WARN  events.EventQueue (EventQueue.java:fireEvent(194)) - No event handler registered for event TypedEvent{payloadType=SafeModeStatus, name='Safe mode status'}
2022-03-03 08:20:00,975 [Listener at 0.0.0.0/37185] INFO  ha.SCMContext (SCMContext.java:updateSafeModeStatus(211)) - Update SafeModeStatus from SafeModeStatus{safeModeStatus=true, preCheckPassed=false} to SafeModeStatus{safeModeStatus=true, preCheckPassed=false}.
2022-03-03 08:20:00,976 [Listener at 0.0.0.0/37185] INFO  server.StorageContainerManager (StorageContainerManager.java:start(1327)) - StorageContainerLocationProtocol RPC server is listening at /0.0.0.0:37185
2022-03-03 08:20:00,976 [Listener at 0.0.0.0/37185] INFO  ha.SCMRatisServerImpl (SCMRatisServerImpl.java:start(177)) - starting ratis server 0.0.0.0:44949
2022-03-03 08:20:00,976 [Listener at 0.0.0.0/37185] INFO  server.RaftServer$Division (RaftServerImpl.java:start(301)) - e7338982-199b-4e5a-937e-5a36927222d8@group-EB4E8D1567B6: start as a follower, conf=0: [e7338982-199b-4e5a-937e-5a36927222d8|rpc:localhost:44949|admin:|client:|dataStream:|priority:0], old=null
2022-03-03 08:20:00,976 [Listener at 0.0.0.0/37185] INFO  server.RaftServer$Division (RaftServerImpl.java:setRole(290)) - e7338982-199b-4e5a-937e-5a36927222d8@group-EB4E8D1567B6: changes role from      null to FOLLOWER at term 1 for startAsFollower
2022-03-03 08:20:00,977 [Listener at 0.0.0.0/37185] INFO  impl.RoleInfo (RoleInfo.java:updateAndGet(130)) - e7338982-199b-4e5a-937e-5a36927222d8: start e7338982-199b-4e5a-937e-5a36927222d8@group-EB4E8D1567B6-FollowerState
2022-03-03 08:20:00,987 [Listener at 0.0.0.0/37185] INFO  util.JmxRegister (JmxRegister.java:tryRegister(44)) - Successfully registered JMX Bean with object name Ratis:service=RaftServer,group=group-EB4E8D1567B6,id=e7338982-199b-4e5a-937e-5a36927222d8
2022-03-03 08:20:00,993 [Listener at 0.0.0.0/37185] INFO  server.RaftServer (RaftServerProxy.java:lambda$start$5(374)) - e7338982-199b-4e5a-937e-5a36927222d8: start RPC server
2022-03-03 08:20:00,994 [Listener at 0.0.0.0/37185] INFO  server.GrpcService (GrpcService.java:startImpl(253)) - e7338982-199b-4e5a-937e-5a36927222d8: GrpcService started, listening on 44949
2022-03-03 08:20:00,998 [Listener at 0.0.0.0/37185] INFO  ha.SCMHAManagerImpl (SCMHAManagerImpl.java:start(121)) -  scm role is FOLLOWER peers [e7338982-199b-4e5a-937e-5a36927222d8|rpc:localhost:44949|admin:|client:|dataStream:|priority:0]
2022-03-03 08:20:00,998 [Listener at 0.0.0.0/37185] INFO  ha.InterSCMGrpcService (InterSCMGrpcProtocolService.java:start(94)) - Starting SCM Grpc Service at port 37221
2022-03-03 08:20:01,001 [Listener at 0.0.0.0/37185] WARN  impl.MetricsConfig (MetricsConfig.java:loadFirst(136)) - Cannot locate configuration: tried hadoop-metrics2-storagecontainermanager.properties,hadoop-metrics2.properties
2022-03-03 08:20:01,007 [org.apache.ratis.util.JvmPauseMonitor$$Lambda$503/666911607@251dd78f] INFO  util.JvmPauseMonitor (JvmPauseMonitor.java:run(103)) - JvmPauseMonitor-e7338982-199b-4e5a-937e-5a36927222d8: Started
2022-03-03 08:20:01,016 [Listener at 0.0.0.0/37185] INFO  impl.MetricsSystemImpl (MetricsSystemImpl.java:startTimer(378)) - Scheduled Metric snapshot period at 10 second(s).
2022-03-03 08:20:01,016 [Listener at 0.0.0.0/37185] INFO  impl.MetricsSystemImpl (MetricsSystemImpl.java:start(191)) - StorageContainerManager metrics system started
2022-03-03 08:20:01,044 [Listener at 0.0.0.0/37185] INFO  impl.MetricsSinkAdapter (MetricsSinkAdapter.java:start(204)) - Sink prometheus started
2022-03-03 08:20:01,051 [Listener at 0.0.0.0/37185] INFO  impl.MetricsSystemImpl (MetricsSystemImpl.java:registerSink(305)) - Registered sink prometheus
2022-03-03 08:20:01,073 [Listener at 0.0.0.0/37185] INFO  server.SCMClientProtocolServer (SCMClientProtocolServer.java:start(165)) - RPC server for Client  is listening at /0.0.0.0:37185
2022-03-03 08:20:01,074 [IPC Server Responder] INFO  ipc.Server (Server.java:run(1507)) - IPC Server Responder: starting
2022-03-03 08:20:01,074 [IPC Server listener on 37185] INFO  ipc.Server (Server.java:run(1344)) - IPC Server listener on 37185: starting
2022-03-03 08:20:01,140 [Listener at 0.0.0.0/37185] INFO  server.StorageContainerManager (StorageContainerManager.java:start(1342)) - ScmBlockLocationProtocol RPC server is listening at /0.0.0.0:44091
2022-03-03 08:20:01,140 [Listener at 0.0.0.0/37185] INFO  server.SCMBlockProtocolServer (SCMBlockProtocolServer.java:start(151)) - RPC server for Block Protocol is listening at /0.0.0.0:44091
2022-03-03 08:20:01,141 [IPC Server Responder] INFO  ipc.Server (Server.java:run(1507)) - IPC Server Responder: starting
2022-03-03 08:20:01,178 [IPC Server listener on 44091] INFO  ipc.Server (Server.java:run(1344)) - IPC Server listener on 44091: starting
2022-03-03 08:20:01,250 [Listener at 0.0.0.0/37185] INFO  http.BaseHttpServer (BaseHttpServer.java:newHttpServer2BuilderForOzone(209)) - Starting Web-server for scm at: http://0.0.0.0:33199
2022-03-03 08:20:01,250 [Listener at 0.0.0.0/37185] INFO  http.BaseHttpServer (BaseHttpServer.java:<init>(107)) - Hadoop Security Enabled: false Ozone Security Enabled: false Ozone HTTP Security Enabled: false 
2022-03-03 08:20:01,252 [Listener at 0.0.0.0/37185] INFO  server.AuthenticationFilter (AuthenticationFilter.java:constructSecretProvider(240)) - Unable to initialize FileSignerSecretProvider, falling back to use random secrets.
2022-03-03 08:20:01,256 [Listener at 0.0.0.0/37185] WARN  http.HttpRequestLog (HttpRequestLog.java:getRequestLog(103)) - Jetty request log can only be enabled using Log4j
2022-03-03 08:20:01,257 [org.apache.hadoop.util.JvmPauseMonitor$Monitor@4971134b] INFO  util.JvmPauseMonitor (JvmPauseMonitor.java:run(188)) - Starting JVM pause monitor
2022-03-03 08:20:01,258 [Listener at 0.0.0.0/37185] INFO  http.HttpServer2 (HttpServer2.java:addGlobalFilter(1030)) - Added global filter 'safety' (class=org.apache.hadoop.hdds.server.http.HttpServer2$QuotingInputFilter)
2022-03-03 08:20:01,259 [Listener at 0.0.0.0/37185] INFO  http.HttpServer2 (HttpServer2.java:addFilter(1006)) - Added filter static_user_filter (class=org.apache.hadoop.http.lib.StaticUserWebFilter$StaticUserFilter) to context scm
2022-03-03 08:20:01,259 [Listener at 0.0.0.0/37185] INFO  http.HttpServer2 (HttpServer2.java:addFilter(1014)) - Added filter static_user_filter (class=org.apache.hadoop.http.lib.StaticUserWebFilter$StaticUserFilter) to context logs
2022-03-03 08:20:01,259 [Listener at 0.0.0.0/37185] INFO  http.HttpServer2 (HttpServer2.java:addFilter(1014)) - Added filter static_user_filter (class=org.apache.hadoop.http.lib.StaticUserWebFilter$StaticUserFilter) to context static
2022-03-03 08:20:01,260 [Listener at 0.0.0.0/37185] INFO  http.HttpServer2 (HttpServer2.java:bindListener(1249)) - Jetty bound to port 33199
2022-03-03 08:20:01,260 [Listener at 0.0.0.0/37185] INFO  server.Server (Server.java:doStart(375)) - jetty-9.4.43.v20210629; built: 2021-06-30T11:07:22.254Z; git: 526006ecfa3af7f1a27ef3a288e2bef7ea9dd7e8; jvm 1.8.0_322-b06
2022-03-03 08:20:01,289 [Listener at 0.0.0.0/37185] INFO  server.session (DefaultSessionIdManager.java:doStart(334)) - DefaultSessionIdManager workerName=node0
2022-03-03 08:20:01,290 [Listener at 0.0.0.0/37185] INFO  server.session (DefaultSessionIdManager.java:doStart(339)) - No SessionScavenger set, using defaults
2022-03-03 08:20:01,290 [Listener at 0.0.0.0/37185] INFO  server.session (HouseKeeper.java:startScavenging(132)) - node0 Scavenging every 660000ms
2022-03-03 08:20:01,302 [Listener at 0.0.0.0/37185] INFO  handler.ContextHandler (ContextHandler.java:doStart(915)) - Started o.e.j.s.ServletContextHandler@7e811458{logs,/logs,file:///home/runner/work/ozone/ozone/hadoop-ozone/integration-test/target/log,AVAILABLE}
2022-03-03 08:20:01,302 [Listener at 0.0.0.0/37185] INFO  handler.ContextHandler (ContextHandler.java:doStart(915)) - Started o.e.j.s.ServletContextHandler@6d21e89c{static,/static,file:///home/runner/work/ozone/ozone/hadoop-ozone/integration-test/target/test-classes/webapps/static,AVAILABLE}
2022-03-03 08:20:01,309 [Listener at 0.0.0.0/37185] INFO  handler.ContextHandler (ContextHandler.java:doStart(915)) - Started o.e.j.w.WebAppContext@7ba5e21c{scm,/,file:///home/runner/work/ozone/ozone/hadoop-ozone/integration-test/target/test-classes/webapps/scm/,AVAILABLE}{file:/home/runner/work/ozone/ozone/hadoop-ozone/integration-test/target/test-classes/webapps/scm}
2022-03-03 08:20:01,321 [Listener at 0.0.0.0/37185] INFO  server.AbstractConnector (AbstractConnector.java:doStart(331)) - Started ServerConnector@5785b1b7{HTTP/1.1, (http/1.1)}{0.0.0.0:33199}
2022-03-03 08:20:01,322 [Listener at 0.0.0.0/37185] INFO  server.Server (Server.java:doStart(415)) - Started @83186ms
2022-03-03 08:20:01,322 [Listener at 0.0.0.0/37185] WARN  impl.MetricsSystemImpl (MetricsSystemImpl.java:register(279)) - Sink prometheus already exists!
2022-03-03 08:20:01,329 [Listener at 0.0.0.0/37185] INFO  http.BaseHttpServer (BaseHttpServer.java:updateConnectorAddress(329)) - HTTP server of scm listening at http://0.0.0.0:33199
2022-03-03 08:20:01,330 [Listener at 0.0.0.0/37185] INFO  ozone.MiniOzoneHAClusterImpl (MiniOzoneHAClusterImpl.java:createSCMService(600)) - Started SCM RPC server at /0.0.0.0:37185
2022-03-03 08:20:01,331 [Listener at 0.0.0.0/37185] INFO  ha.SCMHANodeDetails (SCMHANodeDetails.java:loadSCMHAConfig(157)) - ServiceID for StorageContainerManager is scm-service-test1
2022-03-03 08:20:01,331 [Listener at 0.0.0.0/37185] INFO  ha.SCMHANodeDetails (SCMHANodeDetails.java:loadSCMHAConfig(168)) - ServiceID for StorageContainerManager is scm-service-test1
2022-03-03 08:20:01,331 [Listener at 0.0.0.0/37185] WARN  scm.ScmUtils (ScmUtils.java:logWarn(179)) - ConfigKey ozone.scm.block.client.address is deprecated, For configuring different ports for each SCM use PortConfigKey ozone.scm.block.client.port appended with serviceId and nodeId. If want to configure same port configure ozone.scm.block.client.port
2022-03-03 08:20:01,333 [Listener at 0.0.0.0/37185] WARN  scm.ScmUtils (ScmUtils.java:logWarn(179)) - ConfigKey ozone.scm.client.address is deprecated, For configuring different ports for each SCM use PortConfigKey ozone.scm.client.port appended with serviceId and nodeId. If want to configure same port configure ozone.scm.client.port
2022-03-03 08:20:01,334 [Listener at 0.0.0.0/37185] WARN  scm.ScmUtils (ScmUtils.java:logWarn(179)) - ConfigKey ozone.scm.datanode.address is deprecated, For configuring different ports for each SCM use PortConfigKey ozone.scm.datanode.port appended with serviceId and nodeId. If want to configure same port configure ozone.scm.datanode.port
2022-03-03 08:20:01,334 [Listener at 0.0.0.0/37185] WARN  scm.ScmUtils (ScmUtils.java:logWarn(179)) - ConfigKey ozone.scm.block.client.address is deprecated, For configuring different ports for each SCM use PortConfigKey ozone.scm.block.client.port appended with serviceId and nodeId. If want to configure same port configure ozone.scm.block.client.port
2022-03-03 08:20:01,335 [Listener at 0.0.0.0/37185] WARN  scm.ScmUtils (ScmUtils.java:logWarn(179)) - ConfigKey ozone.scm.client.address is deprecated, For configuring different ports for each SCM use PortConfigKey ozone.scm.client.port appended with serviceId and nodeId. If want to configure same port configure ozone.scm.client.port
2022-03-03 08:20:01,335 [Listener at 0.0.0.0/37185] WARN  scm.ScmUtils (ScmUtils.java:logWarn(179)) - ConfigKey ozone.scm.datanode.address is deprecated, For configuring different ports for each SCM use PortConfigKey ozone.scm.datanode.port appended with serviceId and nodeId. If want to configure same port configure ozone.scm.datanode.port
2022-03-03 08:20:01,335 [Listener at 0.0.0.0/37185] INFO  ha.SCMHANodeDetails (SCMHANodeDetails.java:loadSCMHAConfig(250)) - Found matching SCM address with SCMServiceId: scm-service-test1, SCMNodeId: scmNode-2, RPC Address: localhost:35029 and Ratis port: 35029
2022-03-03 08:20:01,335 [Listener at 0.0.0.0/37185] INFO  ha.SCMHANodeDetails (ConfUtils.java:setNodeSpecificConfigs(108)) - Setting configuration key ozone.scm.datanode.address with value of key ozone.scm.datanode.address.scm-service-test1.scmNode-2: 127.0.0.1:42215
2022-03-03 08:20:01,336 [Listener at 0.0.0.0/37185] INFO  ha.SCMHANodeDetails (ConfUtils.java:setNodeSpecificConfigs(108)) - Setting configuration key ozone.scm.block.client.address with value of key ozone.scm.block.client.address.scm-service-test1.scmNode-2: 127.0.0.1:43873
2022-03-03 08:20:01,336 [Listener at 0.0.0.0/37185] INFO  ha.SCMHANodeDetails (ConfUtils.java:setNodeSpecificConfigs(108)) - Setting configuration key ozone.scm.client.address with value of key ozone.scm.client.address.scm-service-test1.scmNode-2: 127.0.0.1:38499
2022-03-03 08:20:01,338 [Listener at 0.0.0.0/37185] INFO  ha.SCMHANodeDetails (ConfUtils.java:setNodeSpecificConfigs(108)) - Setting configuration key ozone.scm.ratis.port with value of key ozone.scm.ratis.port.scm-service-test1.scmNode-2: 35029
2022-03-03 08:20:01,338 [Listener at 0.0.0.0/37185] INFO  ha.SCMHANodeDetails (ConfUtils.java:setNodeSpecificConfigs(108)) - Setting configuration key ozone.scm.grpc.port with value of key ozone.scm.grpc.port.scm-service-test1.scmNode-2: 43197
2022-03-03 08:20:01,339 [Listener at 0.0.0.0/37185] INFO  ha.SCMHANodeDetails (ConfUtils.java:setNodeSpecificConfigs(108)) - Setting configuration key ozone.scm.http-address with value of key ozone.scm.http-address.scm-service-test1.scmNode-2: 127.0.0.1:44591
2022-03-03 08:20:01,339 [Listener at 0.0.0.0/37185] INFO  ha.SCMHANodeDetails (ConfUtils.java:setNodeSpecificConfigs(108)) - Setting configuration key ozone.scm.https-address with value of key ozone.scm.https-address.scm-service-test1.scmNode-2: 127.0.0.1:40231
2022-03-03 08:20:01,339 [Listener at 0.0.0.0/37185] INFO  ha.SCMHANodeDetails (ConfUtils.java:setNodeSpecificConfigs(108)) - Setting configuration key ozone.scm.address with value of key ozone.scm.address.scm-service-test1.scmNode-2: 127.0.0.1
2022-03-03 08:20:01,339 [Listener at 0.0.0.0/37185] WARN  scm.ScmUtils (ScmUtils.java:logWarn(179)) - ConfigKey ozone.scm.block.client.address is deprecated, For configuring different ports for each SCM use PortConfigKey ozone.scm.block.client.port appended with serviceId and nodeId. If want to configure same port configure ozone.scm.block.client.port
2022-03-03 08:20:01,339 [Listener at 0.0.0.0/37185] WARN  scm.ScmUtils (ScmUtils.java:logWarn(179)) - ConfigKey ozone.scm.client.address is deprecated, For configuring different ports for each SCM use PortConfigKey ozone.scm.client.port appended with serviceId and nodeId. If want to configure same port configure ozone.scm.client.port
2022-03-03 08:20:01,340 [Listener at 0.0.0.0/37185] WARN  scm.ScmUtils (ScmUtils.java:logWarn(179)) - ConfigKey ozone.scm.datanode.address is deprecated, For configuring different ports for each SCM use PortConfigKey ozone.scm.datanode.port appended with serviceId and nodeId. If want to configure same port configure ozone.scm.datanode.port
2022-03-03 08:20:01,341 [Listener at 0.0.0.0/37185] WARN  server.ServerUtils (ServerUtils.java:getScmDbDir(148)) - ozone.scm.db.dirs is not configured. We recommend adding this setting. Falling back to ozone.metadata.dirs instead.
2022-03-03 08:20:01,357 [Listener at 0.0.0.0/37185] INFO  ha.SCMNodeInfo (SCMNodeInfo.java:getPort(197)) - ConfigKey ozone.scm.client.address is deprecated, For configuring different ports for each SCM use PortConfigKey ozone.scm.client.port appended with serviceId and nodeId
2022-03-03 08:20:01,357 [Listener at 0.0.0.0/37185] INFO  ha.SCMNodeInfo (SCMNodeInfo.java:getPort(197)) - ConfigKey ozone.scm.block.client.address is deprecated, For configuring different ports for each SCM use PortConfigKey ozone.scm.block.client.port appended with serviceId and nodeId
2022-03-03 08:20:01,358 [Listener at 0.0.0.0/37185] INFO  ha.SCMNodeInfo (SCMNodeInfo.java:getPort(197)) - ConfigKey ozone.scm.datanode.address is deprecated, For configuring different ports for each SCM use PortConfigKey ozone.scm.datanode.port appended with serviceId and nodeId
2022-03-03 08:20:01,365 [Listener at 0.0.0.0/37185] INFO  ha.SCMNodeInfo (SCMNodeInfo.java:getPort(197)) - ConfigKey ozone.scm.client.address is deprecated, For configuring different ports for each SCM use PortConfigKey ozone.scm.client.port appended with serviceId and nodeId
2022-03-03 08:20:01,365 [Listener at 0.0.0.0/37185] INFO  ha.SCMNodeInfo (SCMNodeInfo.java:getPort(197)) - ConfigKey ozone.scm.block.client.address is deprecated, For configuring different ports for each SCM use PortConfigKey ozone.scm.block.client.port appended with serviceId and nodeId
2022-03-03 08:20:01,366 [Listener at 0.0.0.0/37185] INFO  ha.SCMNodeInfo (SCMNodeInfo.java:getPort(197)) - ConfigKey ozone.scm.datanode.address is deprecated, For configuring different ports for each SCM use PortConfigKey ozone.scm.datanode.port appended with serviceId and nodeId
2022-03-03 08:20:01,366 [Listener at 0.0.0.0/37185] INFO  ha.SCMNodeInfo (SCMNodeInfo.java:getPort(197)) - ConfigKey ozone.scm.client.address is deprecated, For configuring different ports for each SCM use PortConfigKey ozone.scm.client.port appended with serviceId and nodeId
2022-03-03 08:20:01,366 [Listener at 0.0.0.0/37185] INFO  ha.SCMNodeInfo (SCMNodeInfo.java:getPort(197)) - ConfigKey ozone.scm.block.client.address is deprecated, For configuring different ports for each SCM use PortConfigKey ozone.scm.block.client.port appended with serviceId and nodeId
2022-03-03 08:20:01,368 [Listener at 0.0.0.0/37185] INFO  ha.SCMNodeInfo (SCMNodeInfo.java:getPort(197)) - ConfigKey ozone.scm.datanode.address is deprecated, For configuring different ports for each SCM use PortConfigKey ozone.scm.datanode.port appended with serviceId and nodeId
2022-03-03 08:20:01,793 [EndpointStateMachine task thread for /127.0.0.1:43363 - 0 ] INFO  ipc.Client (Client.java:handleConnectionFailure(977)) - Retrying connect to server: localhost/127.0.0.1:43363. Already tried 14 time(s); retry policy is RetryUpToMaximumCountWithFixedSleep(maxRetries=15, sleepTime=1000 MILLISECONDS)
2022-03-03 08:20:01,870 [EndpointStateMachine task thread for /127.0.0.1:45429 - 0 ] INFO  ipc.Client (Client.java:handleConnectionFailure(977)) - Retrying connect to server: localhost/127.0.0.1:45429. Already tried 0 time(s); retry policy is RetryUpToMaximumCountWithFixedSleep(maxRetries=15, sleepTime=1000 MILLISECONDS)
2022-03-03 08:20:01,872 [EndpointStateMachine task thread for /127.0.0.1:39861 - 0 ] INFO  ipc.Client (Client.java:handleConnectionFailure(977)) - Retrying connect to server: localhost/127.0.0.1:39861. Already tried 14 time(s); retry policy is RetryUpToMaximumCountWithFixedSleep(maxRetries=15, sleepTime=1000 MILLISECONDS)
2022-03-03 08:20:02,795 [EndpointStateMachine task thread for /127.0.0.1:43363 - 0 ] INFO  ipc.Client (Client.java:handleConnectionFailure(977)) - Retrying connect to server: localhost/127.0.0.1:43363. Already tried 0 time(s); retry policy is RetryUpToMaximumCountWithFixedSleep(maxRetries=15, sleepTime=1000 MILLISECONDS)
2022-03-03 08:20:02,871 [EndpointStateMachine task thread for /127.0.0.1:45429 - 0 ] INFO  ipc.Client (Client.java:handleConnectionFailure(977)) - Retrying connect to server: localhost/127.0.0.1:45429. Already tried 1 time(s); retry policy is RetryUpToMaximumCountWithFixedSleep(maxRetries=15, sleepTime=1000 MILLISECONDS)
2022-03-03 08:20:02,873 [EndpointStateMachine task thread for /127.0.0.1:39861 - 0 ] INFO  ipc.Client (Client.java:handleConnectionFailure(977)) - Retrying connect to server: localhost/127.0.0.1:39861. Already tried 0 time(s); retry policy is RetryUpToMaximumCountWithFixedSleep(maxRetries=15, sleepTime=1000 MILLISECONDS)
2022-03-03 08:20:03,394 [Listener at 0.0.0.0/37185] INFO  retry.RetryInvocationHandler (RetryInvocationHandler.java:log(411)) - com.google.protobuf.ServiceException: java.net.ConnectException: Call From fv-az501-749/10.1.0.15 to localhost:43873 failed on connection exception: java.net.ConnectException: Connection refused; For more details see:  http://wiki.apache.org/hadoop/ConnectionRefused, while invoking $Proxy39.send over nodeId=scmNode-2,nodeAddress=/127.0.0.1:43873 after 1 failover attempts. Trying to failover after sleeping for 2000ms.
2022-03-03 08:20:03,801 [EndpointStateMachine task thread for /127.0.0.1:43363 - 0 ] INFO  ipc.Client (Client.java:handleConnectionFailure(977)) - Retrying connect to server: localhost/127.0.0.1:43363. Already tried 1 time(s); retry policy is RetryUpToMaximumCountWithFixedSleep(maxRetries=15, sleepTime=1000 MILLISECONDS)
2022-03-03 08:20:03,872 [EndpointStateMachine task thread for /127.0.0.1:45429 - 0 ] INFO  ipc.Client (Client.java:handleConnectionFailure(977)) - Retrying connect to server: localhost/127.0.0.1:45429. Already tried 2 time(s); retry policy is RetryUpToMaximumCountWithFixedSleep(maxRetries=15, sleepTime=1000 MILLISECONDS)
2022-03-03 08:20:03,874 [EndpointStateMachine task thread for /127.0.0.1:39861 - 0 ] INFO  ipc.Client (Client.java:handleConnectionFailure(977)) - Retrying connect to server: localhost/127.0.0.1:39861. Already tried 1 time(s); retry policy is RetryUpToMaximumCountWithFixedSleep(maxRetries=15, sleepTime=1000 MILLISECONDS)
2022-03-03 08:20:04,802 [EndpointStateMachine task thread for /127.0.0.1:43363 - 0 ] INFO  ipc.Client (Client.java:handleConnectionFailure(977)) - Retrying connect to server: localhost/127.0.0.1:43363. Already tried 2 time(s); retry policy is RetryUpToMaximumCountWithFixedSleep(maxRetries=15, sleepTime=1000 MILLISECONDS)
2022-03-03 08:20:04,873 [EndpointStateMachine task thread for /127.0.0.1:45429 - 0 ] INFO  ipc.Client (Client.java:handleConnectionFailure(977)) - Retrying connect to server: localhost/127.0.0.1:45429. Already tried 3 time(s); retry policy is RetryUpToMaximumCountWithFixedSleep(maxRetries=15, sleepTime=1000 MILLISECONDS)
2022-03-03 08:20:04,874 [EndpointStateMachine task thread for /127.0.0.1:39861 - 0 ] INFO  ipc.Client (Client.java:handleConnectionFailure(977)) - Retrying connect to server: localhost/127.0.0.1:39861. Already tried 2 time(s); retry policy is RetryUpToMaximumCountWithFixedSleep(maxRetries=15, sleepTime=1000 MILLISECONDS)
2022-03-03 08:20:05,396 [Listener at 0.0.0.0/37185] INFO  retry.RetryInvocationHandler (RetryInvocationHandler.java:log(411)) - com.google.protobuf.ServiceException: java.net.ConnectException: Call From fv-az501-749/10.1.0.15 to localhost:45815 failed on connection exception: java.net.ConnectException: Connection refused; For more details see:  http://wiki.apache.org/hadoop/ConnectionRefused, while invoking $Proxy39.send over nodeId=scmNode-3,nodeAddress=/127.0.0.1:45815 after 2 failover attempts. Trying to failover after sleeping for 2000ms.
2022-03-03 08:20:05,803 [EndpointStateMachine task thread for /127.0.0.1:43363 - 0 ] INFO  ipc.Client (Client.java:handleConnectionFailure(977)) - Retrying connect to server: localhost/127.0.0.1:43363. Already tried 3 time(s); retry policy is RetryUpToMaximumCountWithFixedSleep(maxRetries=15, sleepTime=1000 MILLISECONDS)
2022-03-03 08:20:05,873 [EndpointStateMachine task thread for /127.0.0.1:45429 - 0 ] INFO  ipc.Client (Client.java:handleConnectionFailure(977)) - Retrying connect to server: localhost/127.0.0.1:45429. Already tried 4 time(s); retry policy is RetryUpToMaximumCountWithFixedSleep(maxRetries=15, sleepTime=1000 MILLISECONDS)
2022-03-03 08:20:05,875 [EndpointStateMachine task thread for /127.0.0.1:39861 - 0 ] INFO  ipc.Client (Client.java:handleConnectionFailure(977)) - Retrying connect to server: localhost/127.0.0.1:39861. Already tried 3 time(s); retry policy is RetryUpToMaximumCountWithFixedSleep(maxRetries=15, sleepTime=1000 MILLISECONDS)
2022-03-03 08:20:05,996 [e7338982-199b-4e5a-937e-5a36927222d8@group-EB4E8D1567B6-FollowerState] INFO  impl.FollowerState (FollowerState.java:run(134)) - e7338982-199b-4e5a-937e-5a36927222d8@group-EB4E8D1567B6-FollowerState: change to CANDIDATE, lastRpcElapsedTime:5019391357ns, electionTimeout:5003ms
2022-03-03 08:20:05,996 [e7338982-199b-4e5a-937e-5a36927222d8@group-EB4E8D1567B6-FollowerState] INFO  impl.RoleInfo (RoleInfo.java:shutdownFollowerState(108)) - e7338982-199b-4e5a-937e-5a36927222d8: shutdown e7338982-199b-4e5a-937e-5a36927222d8@group-EB4E8D1567B6-FollowerState
2022-03-03 08:20:05,997 [e7338982-199b-4e5a-937e-5a36927222d8@group-EB4E8D1567B6-FollowerState] INFO  server.RaftServer$Division (RaftServerImpl.java:setRole(290)) - e7338982-199b-4e5a-937e-5a36927222d8@group-EB4E8D1567B6: changes role from  FOLLOWER to CANDIDATE at term 1 for changeToCandidate
2022-03-03 08:20:05,997 [e7338982-199b-4e5a-937e-5a36927222d8@group-EB4E8D1567B6-FollowerState] INFO  server.RaftServerConfigKeys (ConfUtils.java:logGet(44)) - raft.server.leaderelection.pre-vote = false (custom)
2022-03-03 08:20:05,997 [e7338982-199b-4e5a-937e-5a36927222d8@group-EB4E8D1567B6-FollowerState] INFO  impl.RoleInfo (RoleInfo.java:updateAndGet(130)) - e7338982-199b-4e5a-937e-5a36927222d8: start e7338982-199b-4e5a-937e-5a36927222d8@group-EB4E8D1567B6-LeaderElection19
2022-03-03 08:20:06,010 [e7338982-199b-4e5a-937e-5a36927222d8@group-EB4E8D1567B6-LeaderElection19] INFO  impl.LeaderElection (LeaderElection.java:askForVotes(306)) - e7338982-199b-4e5a-937e-5a36927222d8@group-EB4E8D1567B6-LeaderElection19 ELECTION round 0: submit vote requests at term 2 for 0: [e7338982-199b-4e5a-937e-5a36927222d8|rpc:localhost:44949|admin:|client:|dataStream:|priority:0], old=null
2022-03-03 08:20:06,010 [e7338982-199b-4e5a-937e-5a36927222d8@group-EB4E8D1567B6-LeaderElection19] INFO  impl.LeaderElection (LeaderElection.java:askForVotes(308)) - e7338982-199b-4e5a-937e-5a36927222d8@group-EB4E8D1567B6-LeaderElection19 ELECTION round 0: result PASSED (term=2)
2022-03-03 08:20:06,010 [e7338982-199b-4e5a-937e-5a36927222d8@group-EB4E8D1567B6-LeaderElection19] INFO  impl.RoleInfo (RoleInfo.java:shutdownLeaderElection(121)) - e7338982-199b-4e5a-937e-5a36927222d8: shutdown e7338982-199b-4e5a-937e-5a36927222d8@group-EB4E8D1567B6-LeaderElection19
2022-03-03 08:20:06,010 [e7338982-199b-4e5a-937e-5a36927222d8@group-EB4E8D1567B6-LeaderElection19] INFO  server.RaftServer$Division (RaftServerImpl.java:setRole(290)) - e7338982-199b-4e5a-937e-5a36927222d8@group-EB4E8D1567B6: changes role from CANDIDATE to LEADER at term 2 for changeToLeader
2022-03-03 08:20:06,010 [e7338982-199b-4e5a-937e-5a36927222d8@group-EB4E8D1567B6-LeaderElection19] INFO  ha.SCMStateMachine (SCMStateMachine.java:notifyLeaderChanged(259)) - current SCM becomes leader of term 2.
2022-03-03 08:20:06,010 [e7338982-199b-4e5a-937e-5a36927222d8@group-EB4E8D1567B6-LeaderElection19] INFO  ha.SCMContext (SCMContext.java:updateLeaderAndTerm(90)) - update <isLeader,term> from <false,0> to <true,2>
2022-03-03 08:20:06,010 [e7338982-199b-4e5a-937e-5a36927222d8@group-EB4E8D1567B6-LeaderElection19] INFO  server.RaftServer$Division (ServerState.java:setLeader(285)) - e7338982-199b-4e5a-937e-5a36927222d8@group-EB4E8D1567B6: change Leader from null to e7338982-199b-4e5a-937e-5a36927222d8 at term 2 for becomeLeader, leader elected after 5136ms
2022-03-03 08:20:06,010 [e7338982-199b-4e5a-937e-5a36927222d8@group-EB4E8D1567B6-LeaderElection19] INFO  server.RaftServerConfigKeys (ConfUtils.java:logGet(44)) - raft.server.staging.catchup.gap = 1000 (default)
2022-03-03 08:20:06,011 [e7338982-199b-4e5a-937e-5a36927222d8@group-EB4E8D1567B6-LeaderElection19] INFO  server.RaftServerConfigKeys (ConfUtils.java:logGet(44)) - raft.server.write.element-limit = 4096 (default)
2022-03-03 08:20:06,011 [e7338982-199b-4e5a-937e-5a36927222d8@group-EB4E8D1567B6-LeaderElection19] INFO  server.RaftServerConfigKeys (ConfUtils.java:logGet(44)) - raft.server.write.byte-limit = 64MB (=67108864) (default)
2022-03-03 08:20:06,012 [e7338982-199b-4e5a-937e-5a36927222d8@group-EB4E8D1567B6-LeaderElection19] INFO  server.RaftServerConfigKeys (ConfUtils.java:logGet(44)) - raft.server.watch.timeout = 10s (default)
2022-03-03 08:20:06,012 [e7338982-199b-4e5a-937e-5a36927222d8@group-EB4E8D1567B6-LeaderElection19] INFO  server.RaftServerConfigKeys (ConfUtils.java:logGet(44)) - raft.server.watch.timeout.denomination = 1s (default)
2022-03-03 08:20:06,012 [e7338982-199b-4e5a-937e-5a36927222d8@group-EB4E8D1567B6-LeaderElection19] INFO  server.RaftServerConfigKeys (ConfUtils.java:logGet(44)) - raft.server.watch.element-limit = 65536 (default)
2022-03-03 08:20:06,012 [e7338982-199b-4e5a-937e-5a36927222d8@group-EB4E8D1567B6-LeaderElection19] INFO  server.RaftServerConfigKeys (ConfUtils.java:logGet(44)) - raft.server.write.element-limit = 4096 (default)
2022-03-03 08:20:06,012 [e7338982-199b-4e5a-937e-5a36927222d8@group-EB4E8D1567B6-LeaderElection19] INFO  server.RaftServerConfigKeys (ConfUtils.java:logGet(44)) - raft.server.write.follower.gap.ratio.max = -1.0 (default)
2022-03-03 08:20:06,012 [e7338982-199b-4e5a-937e-5a36927222d8@group-EB4E8D1567B6-LeaderElection19] INFO  impl.RoleInfo (RoleInfo.java:updateAndGet(130)) - e7338982-199b-4e5a-937e-5a36927222d8: start e7338982-199b-4e5a-937e-5a36927222d8@group-EB4E8D1567B6-LeaderStateImpl
2022-03-03 08:20:06,013 [e7338982-199b-4e5a-937e-5a36927222d8@group-EB4E8D1567B6-LeaderElection19] INFO  segmented.SegmentedRaftLogWorker (SegmentedRaftLogWorker.java:rollLogSegment(399)) - e7338982-199b-4e5a-937e-5a36927222d8@group-EB4E8D1567B6-SegmentedRaftLogWorker: Rolling segment log-0_0 to index:0
2022-03-03 08:20:06,014 [e7338982-199b-4e5a-937e-5a36927222d8@group-EB4E8D1567B6-SegmentedRaftLogWorker] INFO  segmented.SegmentedRaftLogWorker (SegmentedRaftLogWorker.java:execute(558)) - e7338982-199b-4e5a-937e-5a36927222d8@group-EB4E8D1567B6-SegmentedRaftLogWorker: Rolled log segment from /home/runner/work/ozone/ozone/hadoop-ozone/integration-test/target/test-dir/MiniOzoneClusterImpl-5b82a1ad-a074-4eb8-9e24-eb4e8d1567b6/scmNode-1/scm-ha/5b82a1ad-a074-4eb8-9e24-eb4e8d1567b6/current/log_inprogress_0 to /home/runner/work/ozone/ozone/hadoop-ozone/integration-test/target/test-dir/MiniOzoneClusterImpl-5b82a1ad-a074-4eb8-9e24-eb4e8d1567b6/scmNode-1/scm-ha/5b82a1ad-a074-4eb8-9e24-eb4e8d1567b6/current/log_0-0
2022-03-03 08:20:06,022 [e7338982-199b-4e5a-937e-5a36927222d8@group-EB4E8D1567B6-LeaderElection19] INFO  server.RaftServer$Division (ServerState.java:setRaftConf(387)) - e7338982-199b-4e5a-937e-5a36927222d8@group-EB4E8D1567B6: set configuration 1: [e7338982-199b-4e5a-937e-5a36927222d8|rpc:localhost:44949|admin:|client:|dataStream:|priority:0], old=null
2022-03-03 08:20:06,027 [e7338982-199b-4e5a-937e-5a36927222d8@group-EB4E8D1567B6-SegmentedRaftLogWorker] INFO  segmented.SegmentedRaftLogWorker (SegmentedRaftLogWorker.java:execute(601)) - e7338982-199b-4e5a-937e-5a36927222d8@group-EB4E8D1567B6-SegmentedRaftLogWorker: created new log segment /home/runner/work/ozone/ozone/hadoop-ozone/integration-test/target/test-dir/MiniOzoneClusterImpl-5b82a1ad-a074-4eb8-9e24-eb4e8d1567b6/scmNode-1/scm-ha/5b82a1ad-a074-4eb8-9e24-eb4e8d1567b6/current/log_inprogress_1
2022-03-03 08:20:06,028 [e7338982-199b-4e5a-937e-5a36927222d8@group-EB4E8D1567B6-StateMachineUpdater] INFO  ha.SCMContext (SCMContext.java:setLeaderReady(117)) - update <isLeaderReady> from <false> to <true>
2022-03-03 08:20:06,029 [e7338982-199b-4e5a-937e-5a36927222d8@group-EB4E8D1567B6-StateMachineUpdater] INFO  pipeline.BackgroundPipelineCreator (BackgroundPipelineCreator.java:notifyStatusChanged(264)) - Service BackgroundPipelineCreator transitions to RUNNING.
2022-03-03 08:20:06,030 [e7338982-199b-4e5a-937e-5a36927222d8@group-EB4E8D1567B6-StateMachineUpdater] INFO  safemode.HealthyPipelineSafeModeRule (HealthyPipelineSafeModeRule.java:initializeRule(152)) - Refreshed total pipeline count is 0, healthy pipeline threshold count is 1
2022-03-03 08:20:06,031 [e7338982-199b-4e5a-937e-5a36927222d8@group-EB4E8D1567B6-StateMachineUpdater] INFO  safemode.ContainerSafeModeRule (ContainerSafeModeRule.java:reInitializeRule(177)) - Refreshed one replica container threshold 0, currentThreshold 0
2022-03-03 08:20:06,031 [e7338982-199b-4e5a-937e-5a36927222d8@group-EB4E8D1567B6-StateMachineUpdater] INFO  safemode.OneReplicaPipelineSafeModeRule (OneReplicaPipelineSafeModeRule.java:initializeRule(176)) - Refreshed Total pipeline count is 0, pipeline's with at least one datanode reported threshold count is 0
2022-03-03 08:20:06,031 [e7338982-199b-4e5a-937e-5a36927222d8@group-EB4E8D1567B6-StateMachineUpdater] INFO  server.SCMDatanodeProtocolServer (SCMDatanodeProtocolServer.java:start(183)) - ScmDatanodeProtocol RPC server for DataNodes is listening at /0.0.0.0:35645
2022-03-03 08:20:06,045 [IPC Server listener on 35645] INFO  ipc.Server (Server.java:run(1344)) - IPC Server listener on 35645: starting
2022-03-03 08:20:06,053 [IPC Server Responder] INFO  ipc.Server (Server.java:run(1507)) - IPC Server Responder: starting
2022-03-03 08:20:06,804 [EndpointStateMachine task thread for /127.0.0.1:43363 - 0 ] INFO  ipc.Client (Client.java:handleConnectionFailure(977)) - Retrying connect to server: localhost/127.0.0.1:43363. Already tried 4 time(s); retry policy is RetryUpToMaximumCountWithFixedSleep(maxRetries=15, sleepTime=1000 MILLISECONDS)
2022-03-03 08:20:06,874 [EndpointStateMachine task thread for /127.0.0.1:45429 - 0 ] INFO  ipc.Client (Client.java:handleConnectionFailure(977)) - Retrying connect to server: localhost/127.0.0.1:45429. Already tried 5 time(s); retry policy is RetryUpToMaximumCountWithFixedSleep(maxRetries=15, sleepTime=1000 MILLISECONDS)
2022-03-03 08:20:06,875 [EndpointStateMachine task thread for /127.0.0.1:39861 - 0 ] INFO  ipc.Client (Client.java:handleConnectionFailure(977)) - Retrying connect to server: localhost/127.0.0.1:39861. Already tried 4 time(s); retry policy is RetryUpToMaximumCountWithFixedSleep(maxRetries=15, sleepTime=1000 MILLISECONDS)
2022-03-03 08:20:07,406 [Listener at 0.0.0.0/37185] INFO  server.StorageContainerManager (StorageContainerManager.java:scmBootstrap(1011)) - SCM BootStrap  is successful for ClusterID 5b82a1ad-a074-4eb8-9e24-eb4e8d1567b6, SCMID 1244aa64-d874-441f-9571-396032220701
2022-03-03 08:20:07,407 [Listener at 0.0.0.0/37185] INFO  server.StorageContainerManager (StorageContainerManager.java:scmBootstrap(1013)) - Primary SCM Node ID e7338982-199b-4e5a-937e-5a36927222d8
2022-03-03 08:20:07,407 [Listener at 0.0.0.0/37185] INFO  ha.SCMHANodeDetails (SCMHANodeDetails.java:loadSCMHAConfig(157)) - ServiceID for StorageContainerManager is scm-service-test1
2022-03-03 08:20:07,407 [Listener at 0.0.0.0/37185] INFO  ha.SCMHANodeDetails (SCMHANodeDetails.java:loadSCMHAConfig(168)) - ServiceID for StorageContainerManager is scm-service-test1
2022-03-03 08:20:07,407 [Listener at 0.0.0.0/37185] WARN  scm.ScmUtils (ScmUtils.java:logWarn(179)) - ConfigKey ozone.scm.block.client.address is deprecated, For configuring different ports for each SCM use PortConfigKey ozone.scm.block.client.port appended with serviceId and nodeId. If want to configure same port configure ozone.scm.block.client.port
2022-03-03 08:20:07,407 [Listener at 0.0.0.0/37185] WARN  scm.ScmUtils (ScmUtils.java:logWarn(179)) - ConfigKey ozone.scm.client.address is deprecated, For configuring different ports for each SCM use PortConfigKey ozone.scm.client.port appended with serviceId and nodeId. If want to configure same port configure ozone.scm.client.port
2022-03-03 08:20:07,408 [Listener at 0.0.0.0/37185] WARN  scm.ScmUtils (ScmUtils.java:logWarn(179)) - ConfigKey ozone.scm.datanode.address is deprecated, For configuring different ports for each SCM use PortConfigKey ozone.scm.datanode.port appended with serviceId and nodeId. If want to configure same port configure ozone.scm.datanode.port
2022-03-03 08:20:07,408 [Listener at 0.0.0.0/37185] WARN  scm.ScmUtils (ScmUtils.java:logWarn(179)) - ConfigKey ozone.scm.block.client.address is deprecated, For configuring different ports for each SCM use PortConfigKey ozone.scm.block.client.port appended with serviceId and nodeId. If want to configure same port configure ozone.scm.block.client.port
2022-03-03 08:20:07,408 [Listener at 0.0.0.0/37185] WARN  scm.ScmUtils (ScmUtils.java:logWarn(179)) - ConfigKey ozone.scm.client.address is deprecated, For configuring different ports for each SCM use PortConfigKey ozone.scm.client.port appended with serviceId and nodeId. If want to configure same port configure ozone.scm.client.port
2022-03-03 08:20:07,409 [Listener at 0.0.0.0/37185] WARN  scm.ScmUtils (ScmUtils.java:logWarn(179)) - ConfigKey ozone.scm.datanode.address is deprecated, For configuring different ports for each SCM use PortConfigKey ozone.scm.datanode.port appended with serviceId and nodeId. If want to configure same port configure ozone.scm.datanode.port
2022-03-03 08:20:07,409 [Listener at 0.0.0.0/37185] INFO  ha.SCMHANodeDetails (SCMHANodeDetails.java:loadSCMHAConfig(250)) - Found matching SCM address with SCMServiceId: scm-service-test1, SCMNodeId: scmNode-2, RPC Address: localhost:35029 and Ratis port: 35029
2022-03-03 08:20:07,409 [Listener at 0.0.0.0/37185] INFO  ha.SCMHANodeDetails (ConfUtils.java:setNodeSpecificConfigs(108)) - Setting configuration key ozone.scm.datanode.address with value of key ozone.scm.datanode.address.scm-service-test1.scmNode-2: 127.0.0.1:42215
2022-03-03 08:20:07,409 [Listener at 0.0.0.0/37185] INFO  ha.SCMHANodeDetails (ConfUtils.java:setNodeSpecificConfigs(108)) - Setting configuration key ozone.scm.block.client.address with value of key ozone.scm.block.client.address.scm-service-test1.scmNode-2: 127.0.0.1:43873
2022-03-03 08:20:07,409 [Listener at 0.0.0.0/37185] INFO  ha.SCMHANodeDetails (ConfUtils.java:setNodeSpecificConfigs(108)) - Setting configuration key ozone.scm.client.address with value of key ozone.scm.client.address.scm-service-test1.scmNode-2: 127.0.0.1:38499
2022-03-03 08:20:07,410 [Listener at 0.0.0.0/37185] INFO  ha.SCMHANodeDetails (ConfUtils.java:setNodeSpecificConfigs(108)) - Setting configuration key ozone.scm.ratis.port with value of key ozone.scm.ratis.port.scm-service-test1.scmNode-2: 35029
2022-03-03 08:20:07,410 [Listener at 0.0.0.0/37185] INFO  ha.SCMHANodeDetails (ConfUtils.java:setNodeSpecificConfigs(108)) - Setting configuration key ozone.scm.grpc.port with value of key ozone.scm.grpc.port.scm-service-test1.scmNode-2: 43197
2022-03-03 08:20:07,410 [Listener at 0.0.0.0/37185] INFO  ha.SCMHANodeDetails (ConfUtils.java:setNodeSpecificConfigs(108)) - Setting configuration key ozone.scm.http-address with value of key ozone.scm.http-address.scm-service-test1.scmNode-2: 127.0.0.1:44591
2022-03-03 08:20:07,410 [Listener at 0.0.0.0/37185] INFO  ha.SCMHANodeDetails (ConfUtils.java:setNodeSpecificConfigs(108)) - Setting configuration key ozone.scm.https-address with value of key ozone.scm.https-address.scm-service-test1.scmNode-2: 127.0.0.1:40231
2022-03-03 08:20:07,410 [Listener at 0.0.0.0/37185] INFO  ha.SCMHANodeDetails (ConfUtils.java:setNodeSpecificConfigs(108)) - Setting configuration key ozone.scm.address with value of key ozone.scm.address.scm-service-test1.scmNode-2: 127.0.0.1
2022-03-03 08:20:07,410 [Listener at 0.0.0.0/37185] WARN  scm.ScmUtils (ScmUtils.java:logWarn(179)) - ConfigKey ozone.scm.block.client.address is deprecated, For configuring different ports for each SCM use PortConfigKey ozone.scm.block.client.port appended with serviceId and nodeId. If want to configure same port configure ozone.scm.block.client.port
2022-03-03 08:20:07,411 [Listener at 0.0.0.0/37185] WARN  scm.ScmUtils (ScmUtils.java:logWarn(179)) - ConfigKey ozone.scm.client.address is deprecated, For configuring different ports for each SCM use PortConfigKey ozone.scm.client.port appended with serviceId and nodeId. If want to configure same port configure ozone.scm.client.port
2022-03-03 08:20:07,411 [Listener at 0.0.0.0/37185] WARN  scm.ScmUtils (ScmUtils.java:logWarn(179)) - ConfigKey ozone.scm.datanode.address is deprecated, For configuring different ports for each SCM use PortConfigKey ozone.scm.datanode.port appended with serviceId and nodeId. If want to configure same port configure ozone.scm.datanode.port
2022-03-03 08:20:07,412 [Listener at 0.0.0.0/37185] WARN  server.ServerUtils (ServerUtils.java:getScmDbDir(148)) - ozone.scm.db.dirs is not configured. We recommend adding this setting. Falling back to ozone.metadata.dirs instead.
2022-03-03 08:20:07,413 [Listener at 0.0.0.0/37185] INFO  upgrade.AbstractLayoutVersionManager (AbstractLayoutVersionManager.java:init(79)) - Initializing Layout version manager with metadata layout = SCM_HA (version = 2), software layout = SCM_HA (version = 2)
2022-03-03 08:20:07,477 [Listener at 0.0.0.0/37185] INFO  reflections.Reflections (Reflections.java:scan(232)) - Reflections took 62 ms to scan 7 urls, producing 122 keys and 286 values 
2022-03-03 08:20:07,480 [Listener at 0.0.0.0/37185] WARN  utils.HAUtils (HAUtils.java:getMetaDir(342)) - ozone.scm.db.dirs is not configured. We recommend adding this setting. Falling back to ozone.metadata.dirs instead.
2022-03-03 08:20:07,481 [Listener at 0.0.0.0/37185] WARN  db.DBStoreBuilder (DBStoreBuilder.java:applyDBDefinition(145)) - ozone.scm.db.dirs is not configured. We recommend adding this setting. Falling back to ozone.metadata.dirs instead.
2022-03-03 08:20:07,671 [Listener at 0.0.0.0/37185] INFO  net.NodeSchemaLoader (NodeSchemaLoader.java:loadSchemaFromFile(129)) - Loading schema from [jar:file:/home/runner/.m2/repository/org/apache/ozone/hdds-common/1.3.0-SNAPSHOT/hdds-common-1.3.0-SNAPSHOT.jar!/network-topology-default.xml]
2022-03-03 08:20:07,671 [Listener at 0.0.0.0/37185] INFO  net.NodeSchemaLoader (NodeSchemaLoader.java:loadSchema(176)) - Loading network topology layer schema file
2022-03-03 08:20:07,689 [Listener at 0.0.0.0/37185] WARN  impl.MetricRegistriesImpl (MetricRegistriesImpl.java:addReporterRegistration(111)) - New reporters are added after registries were created. Some metrics will be missing from the reporter. Please add reporter before adding any new registry.
2022-03-03 08:20:07,689 [Listener at 0.0.0.0/37185] WARN  impl.MetricRegistriesImpl (MetricRegistriesImpl.java:addReporterRegistration(111)) - New reporters are added after registries were created. Some metrics will be missing from the reporter. Please add reporter before adding any new registry.
2022-03-03 08:20:07,690 [Listener at 0.0.0.0/37185] INFO  ha.SCMRatisServerImpl (SCMRatisServerImpl.java:<init>(87)) - starting Raft server for scm:1244aa64-d874-441f-9571-396032220701
2022-03-03 08:20:07,697 [Listener at 0.0.0.0/37185] INFO  server.RaftServer (ConfUtils.java:logGet(44)) - raft.rpc.type = GRPC (default)
2022-03-03 08:20:07,698 [Listener at 0.0.0.0/37185] INFO  grpc.GrpcFactory (GrpcFactory.java:checkPooledByteBufAllocatorUseCacheForAllThreads(48)) - PERFORMANCE WARNING: useCacheForAllThreads is true that may cause Netty to create a lot garbage objects and, as a result, trigger GC.
	It is recommended to disable useCacheForAllThreads by setting -Dorg.apache.ratis.thirdparty.io.netty.allocator.useCacheForAllThreads=false in command line.
2022-03-03 08:20:07,698 [Listener at 0.0.0.0/37185] INFO  grpc.GrpcConfigKeys (ConfUtils.java:logGet(44)) - raft.grpc.admin.port = -1 (default)
2022-03-03 08:20:07,698 [Listener at 0.0.0.0/37185] INFO  grpc.GrpcConfigKeys (ConfUtils.java:logGet(44)) - raft.grpc.server.port = 35029 (custom)
2022-03-03 08:20:07,699 [Listener at 0.0.0.0/37185] INFO  grpc.GrpcConfigKeys (ConfUtils.java:logGet(44)) - raft.grpc.client.port = -1 (default)
2022-03-03 08:20:07,699 [Listener at 0.0.0.0/37185] INFO  grpc.GrpcConfigKeys (ConfUtils.java:logGet(44)) - raft.grpc.server.port = 35029 (custom)
2022-03-03 08:20:07,699 [Listener at 0.0.0.0/37185] INFO  grpc.GrpcConfigKeys (ConfUtils.java:logGet(44)) - raft.grpc.server.port = 35029 (custom)
2022-03-03 08:20:07,699 [Listener at 0.0.0.0/37185] INFO  server.GrpcService (ConfUtils.java:logGet(44)) - raft.grpc.message.size.max = 32m (=33554432) (custom)
2022-03-03 08:20:07,700 [Listener at 0.0.0.0/37185] INFO  server.RaftServerConfigKeys (ConfUtils.java:logGet(44)) - raft.server.log.appender.buffer.byte-limit = 33554432 (custom)
2022-03-03 08:20:07,700 [Listener at 0.0.0.0/37185] INFO  server.GrpcService (ConfUtils.java:logGet(44)) - raft.grpc.flow.control.window = 1MB (=1048576) (default)
2022-03-03 08:20:07,700 [Listener at 0.0.0.0/37185] INFO  server.RaftServerConfigKeys (ConfUtils.java:logGet(44)) - raft.server.rpc.request.timeout = 30000ms (custom)
2022-03-03 08:20:07,702 [Listener at 0.0.0.0/37185] INFO  impl.DataStreamServerImpl (ConfUtils.java:logGet(44)) - raft.datastream.type = DISABLED (default)
2022-03-03 08:20:07,702 [Listener at 0.0.0.0/37185] INFO  server.RaftServerConfigKeys (ConfUtils.java:logGet(44)) - raft.server.rpc.slowness.timeout = 120000ms (custom)
2022-03-03 08:20:07,702 [Listener at 0.0.0.0/37185] INFO  server.RaftServerConfigKeys (ConfUtils.java:logGet(44)) - raft.server.leaderelection.leader.step-down.wait-time = 10s (default)
2022-03-03 08:20:07,702 [Listener at 0.0.0.0/37185] INFO  server.RaftServerConfigKeys (ConfUtils.java:logGet(44)) - raft.server.storage.dir = [/home/runner/work/ozone/ozone/hadoop-ozone/integration-test/target/test-dir/MiniOzoneClusterImpl-5b82a1ad-a074-4eb8-9e24-eb4e8d1567b6/scmNode-2/scm-ha] (custom)
2022-03-03 08:20:07,706 [Listener at 0.0.0.0/37185] INFO  server.RaftServer (RaftServerProxy.java:addNew(95)) - 1244aa64-d874-441f-9571-396032220701: addNew group-EB4E8D1567B6:[] returns group-EB4E8D1567B6:java.util.concurrent.CompletableFuture@110be378[Not completed]
2022-03-03 08:20:07,712 [pool-270-thread-1] INFO  server.RaftServer$Division (RaftServerImpl.java:<init>(184)) - 1244aa64-d874-441f-9571-396032220701: new RaftServerImpl for group-EB4E8D1567B6:[] with SCMStateMachine:uninitialized
2022-03-03 08:20:07,713 [pool-270-thread-1] INFO  server.RaftServerConfigKeys (ConfUtils.java:logGet(44)) - raft.server.rpc.timeout.min = 5000ms (custom)
2022-03-03 08:20:07,713 [pool-270-thread-1] INFO  server.RaftServerConfigKeys (ConfUtils.java:logGet(44)) - raft.server.rpc.timeout.max = 5200ms (custom)
2022-03-03 08:20:07,713 [pool-270-thread-1] INFO  server.RaftServerConfigKeys (ConfUtils.java:logGet(44)) - raft.server.rpc.sleep.time = 25ms (default)
2022-03-03 08:20:07,713 [pool-270-thread-1] INFO  server.RaftServerConfigKeys (ConfUtils.java:logGet(44)) - raft.server.rpc.slowness.timeout = 120000ms (custom)
2022-03-03 08:20:07,713 [pool-270-thread-1] INFO  server.RaftServerConfigKeys (ConfUtils.java:logGet(44)) - raft.server.leaderelection.leader.step-down.wait-time = 10s (default)
2022-03-03 08:20:07,713 [pool-270-thread-1] INFO  server.RaftServerConfigKeys (ConfUtils.java:logGet(44)) - raft.server.sleep.deviation.threshold = 300ms (default)
2022-03-03 08:20:07,713 [pool-270-thread-1] INFO  server.RaftServerConfigKeys (ConfUtils.java:logGet(44)) - raft.server.log.appender.install.snapshot.enabled = false (custom)
2022-03-03 08:20:07,713 [pool-270-thread-1] INFO  server.RaftServer$Division (ServerState.java:<init>(105)) - 1244aa64-d874-441f-9571-396032220701@group-EB4E8D1567B6: ConfigurationManager, init=-1: [], old=null, confs=<EMPTY_MAP>
2022-03-03 08:20:07,714 [pool-270-thread-1] INFO  server.RaftServerConfigKeys (ConfUtils.java:logGet(44)) - raft.server.storage.dir = [/home/runner/work/ozone/ozone/hadoop-ozone/integration-test/target/test-dir/MiniOzoneClusterImpl-5b82a1ad-a074-4eb8-9e24-eb4e8d1567b6/scmNode-2/scm-ha] (custom)
2022-03-03 08:20:07,715 [pool-270-thread-1] INFO  server.RaftServerConfigKeys (ConfUtils.java:logGet(44)) - raft.server.log.corruption.policy = EXCEPTION (default)
2022-03-03 08:20:07,716 [pool-270-thread-1] INFO  server.RaftServerConfigKeys (ConfUtils.java:logGet(44)) - raft.server.storage.free-space.min = 0MB (=0) (default)
2022-03-03 08:20:07,716 [pool-270-thread-1] INFO  storage.RaftStorageDirectory (RaftStorageDirectoryImpl.java:analyzeStorage(135)) - The storage directory /home/runner/work/ozone/ozone/hadoop-ozone/integration-test/target/test-dir/MiniOzoneClusterImpl-5b82a1ad-a074-4eb8-9e24-eb4e8d1567b6/scmNode-2/scm-ha/5b82a1ad-a074-4eb8-9e24-eb4e8d1567b6 does not exist. Creating ...
2022-03-03 08:20:07,721 [pool-270-thread-1] INFO  storage.RaftStorageDirectory (RaftStorageDirectoryImpl.java:tryLock(230)) - Lock on /home/runner/work/ozone/ozone/hadoop-ozone/integration-test/target/test-dir/MiniOzoneClusterImpl-5b82a1ad-a074-4eb8-9e24-eb4e8d1567b6/scmNode-2/scm-ha/5b82a1ad-a074-4eb8-9e24-eb4e8d1567b6/in_use.lock acquired by nodename 8757@fv-az501-749
2022-03-03 08:20:07,723 [pool-270-thread-1] INFO  storage.RaftStorage (RaftStorageImpl.java:format(89)) - Storage directory /home/runner/work/ozone/ozone/hadoop-ozone/integration-test/target/test-dir/MiniOzoneClusterImpl-5b82a1ad-a074-4eb8-9e24-eb4e8d1567b6/scmNode-2/scm-ha/5b82a1ad-a074-4eb8-9e24-eb4e8d1567b6 has been successfully formatted.
2022-03-03 08:20:07,723 [pool-270-thread-1] INFO  server.RaftServerConfigKeys (ConfUtils.java:logGet(44)) - raft.server.notification.no-leader.timeout = 60s (default)
2022-03-03 08:20:07,723 [pool-270-thread-1] INFO  server.RaftServerConfigKeys (ConfUtils.java:logGet(44)) - raft.server.log.use.memory = false (default)
2022-03-03 08:20:07,723 [pool-270-thread-1] INFO  server.RaftServerConfigKeys (ConfUtils.java:logGet(44)) - raft.server.log.purge.gap = 5 (custom)
2022-03-03 08:20:07,724 [pool-270-thread-1] INFO  server.RaftServerConfigKeys (ConfUtils.java:logGet(44)) - raft.server.log.appender.buffer.byte-limit = 33554432 (custom)
2022-03-03 08:20:07,724 [pool-270-thread-1] INFO  server.RaftServerConfigKeys (ConfUtils.java:logGet(44)) - raft.server.log.segment.size.max = 4194304 (custom)
2022-03-03 08:20:07,724 [pool-270-thread-1] INFO  server.RaftServerConfigKeys (ConfUtils.java:logGet(44)) - raft.server.log.segment.cache.num.max = 2 (custom)
2022-03-03 08:20:07,726 [pool-270-thread-1] INFO  server.RaftServerConfigKeys (ConfUtils.java:logGet(44)) - raft.server.log.segment.cache.size.max = 200MB (=209715200) (default)
2022-03-03 08:20:07,727 [pool-270-thread-1] INFO  segmented.SegmentedRaftLogWorker (SegmentedRaftLogWorker.java:<init>(182)) - new 1244aa64-d874-441f-9571-396032220701@group-EB4E8D1567B6-SegmentedRaftLogWorker for RaftStorageImpl:Storage Directory /home/runner/work/ozone/ozone/hadoop-ozone/integration-test/target/test-dir/MiniOzoneClusterImpl-5b82a1ad-a074-4eb8-9e24-eb4e8d1567b6/scmNode-2/scm-ha/5b82a1ad-a074-4eb8-9e24-eb4e8d1567b6
2022-03-03 08:20:07,729 [pool-270-thread-1] INFO  server.RaftServerConfigKeys (ConfUtils.java:logGet(44)) - raft.server.log.queue.byte-limit = 64MB (=67108864) (default)
2022-03-03 08:20:07,729 [pool-270-thread-1] INFO  server.RaftServerConfigKeys (ConfUtils.java:logGet(44)) - raft.server.log.queue.element-limit = 4096 (default)
2022-03-03 08:20:07,729 [pool-270-thread-1] INFO  server.RaftServerConfigKeys (ConfUtils.java:logGet(44)) - raft.server.log.segment.size.max = 4194304 (custom)
2022-03-03 08:20:07,729 [pool-270-thread-1] INFO  server.RaftServerConfigKeys (ConfUtils.java:logGet(44)) - raft.server.log.preallocated.size = 4194304 (custom)
2022-03-03 08:20:07,729 [pool-270-thread-1] INFO  server.RaftServerConfigKeys (ConfUtils.java:logGet(44)) - raft.server.log.force.sync.num = 128 (default)
2022-03-03 08:20:07,729 [pool-270-thread-1] INFO  server.RaftServerConfigKeys (ConfUtils.java:logGet(44)) - raft.server.log.statemachine.data.sync = true (default)
2022-03-03 08:20:07,729 [pool-270-thread-1] INFO  server.RaftServerConfigKeys (ConfUtils.java:logGet(44)) - raft.server.log.statemachine.data.sync.timeout = 10s (default)
2022-03-03 08:20:07,730 [pool-270-thread-1] INFO  server.RaftServerConfigKeys (ConfUtils.java:logGet(44)) - raft.server.log.statemachine.data.sync.timeout.retry = -1 (default)
2022-03-03 08:20:07,731 [pool-270-thread-1] INFO  server.RaftServerConfigKeys (ConfUtils.java:logGet(44)) - raft.server.log.write.buffer.size = 64KB (=65536) (default)
2022-03-03 08:20:07,733 [pool-270-thread-1] INFO  server.RaftServerConfigKeys (ConfUtils.java:logGet(44)) - raft.server.log.statemachine.data.caching.enabled = false (default)
2022-03-03 08:20:07,733 [pool-270-thread-1] INFO  segmented.SegmentedRaftLogWorker (SegmentedRaftLogWorker.java:lambda$new$0(133)) - 1244aa64-d874-441f-9571-396032220701@group-EB4E8D1567B6-SegmentedRaftLogWorker: flushIndex: setUnconditionally 0 -> -1
2022-03-03 08:20:07,733 [pool-270-thread-1] INFO  segmented.SegmentedRaftLogWorker (SegmentedRaftLogWorker.java:lambda$new$0(133)) - 1244aa64-d874-441f-9571-396032220701@group-EB4E8D1567B6-SegmentedRaftLogWorker: safeCacheEvictIndex: setUnconditionally 0 -> -1
2022-03-03 08:20:07,734 [pool-270-thread-1] INFO  server.RaftServerConfigKeys (ConfUtils.java:logGet(44)) - raft.server.snapshot.auto.trigger.enabled = true (custom)
2022-03-03 08:20:07,734 [pool-270-thread-1] INFO  server.RaftServerConfigKeys (ConfUtils.java:logGet(44)) - raft.server.snapshot.auto.trigger.threshold = 5 (custom)
2022-03-03 08:20:07,734 [pool-270-thread-1] INFO  server.RaftServerConfigKeys (ConfUtils.java:logGet(44)) - raft.server.snapshot.retention.file.num = -1 (default)
2022-03-03 08:20:07,734 [pool-270-thread-1] INFO  server.RaftServerConfigKeys (ConfUtils.java:logGet(44)) - raft.server.log.purge.upto.snapshot.index = true (custom)
2022-03-03 08:20:07,735 [pool-270-thread-1] INFO  server.RaftServerConfigKeys (ConfUtils.java:logGet(44)) - raft.server.retrycache.expirytime = 60000ms (default)
2022-03-03 08:20:07,735 [pool-270-thread-1] INFO  server.RaftServerConfigKeys (ConfUtils.java:logGet(44)) - raft.server.retrycache.statistics.expirytime = 100μs (default)
2022-03-03 08:20:07,736 [Listener at 0.0.0.0/37185] INFO  ha.SCMSnapshotProvider (SCMSnapshotProvider.java:<init>(66)) - Initializing SCM Snapshot Provider
2022-03-03 08:20:07,737 [Listener at 0.0.0.0/37185] WARN  server.ServerUtils (ServerUtils.java:getDefaultRatisDirectory(237)) - Storage directory for Ratis is not configured. It is a good idea to map this to an SSD disk. Falling back to ozone.metadata.dirs
2022-03-03 08:20:07,737 [Listener at 0.0.0.0/37185] WARN  ha.SCMHAUtils (SCMHAUtils.java:getSCMRatisSnapshotDirectory(151)) - SCM snapshot dir is not configured. Falling back to ozone.metadata.dirs config
2022-03-03 08:20:07,739 [Listener at 0.0.0.0/37185] INFO  ha.SequenceIdGenerator (SequenceIdGenerator.java:upgradeToSequenceId(347)) - upgrade localId to 109611004723200000
2022-03-03 08:20:07,739 [Listener at 0.0.0.0/37185] INFO  ha.SequenceIdGenerator (SequenceIdGenerator.java:upgradeToSequenceId(357)) - upgrade delTxnId to 0
2022-03-03 08:20:07,739 [Listener at 0.0.0.0/37185] INFO  ha.SequenceIdGenerator (SequenceIdGenerator.java:upgradeToSequenceId(371)) - upgrade containerId to 0
2022-03-03 08:20:07,739 [Listener at 0.0.0.0/37185] INFO  ha.SequenceIdGenerator (SequenceIdGenerator.java:<init>(218)) - Init the HA SequenceIdGenerator.
2022-03-03 08:20:07,740 [Listener at 0.0.0.0/37185] WARN  server.ServerUtils (ServerUtils.java:sanitizeUserArgs(73)) - ozone.scm.stale.node.interval value = 300000 is larger than max = 100000 based on the key value of ozone.scm.heartbeat.thread.interval, reset to the max value 100000.
2022-03-03 08:20:07,740 [Listener at 0.0.0.0/37185] WARN  server.ServerUtils (ServerUtils.java:sanitizeUserArgs(73)) - ozone.scm.stale.node.interval value = 300000 is larger than max = 100000 based on the key value of ozone.scm.heartbeat.thread.interval, reset to the max value 100000.
2022-03-03 08:20:07,741 [Listener at 0.0.0.0/37185] INFO  node.SCMNodeManager (SCMNodeManager.java:<init>(146)) - Entering startup safe mode.
2022-03-03 08:20:07,744 [Listener at 0.0.0.0/37185] INFO  algorithms.ContainerPlacementPolicyFactory (ContainerPlacementPolicyFactory.java:getPolicy(60)) - Create container placement policy of type org.apache.hadoop.hdds.scm.container.placement.algorithms.SCMContainerPlacementRandom
2022-03-03 08:20:07,745 [Listener at 0.0.0.0/37185] INFO  pipeline.PipelineStateManagerImpl (PipelineStateManagerImpl.java:initialize(78)) - No pipeline exists in current db
2022-03-03 08:20:07,745 [Listener at 0.0.0.0/37185] INFO  algorithms.LeaderChoosePolicyFactory (LeaderChoosePolicyFactory.java:getPolicy(57)) - Create leader choose policy of type org.apache.hadoop.hdds.scm.pipeline.leader.choose.algorithms.MinLeaderCountChoosePolicy
2022-03-03 08:20:07,745 [Listener at 0.0.0.0/37185] INFO  ha.SCMServiceManager (SCMServiceManager.java:register(42)) - Registering service BackgroundPipelineCreator.
2022-03-03 08:20:07,746 [Listener at 0.0.0.0/37185] INFO  pipeline.BackgroundPipelineCreator (BackgroundPipelineCreator.java:start(130)) - Starting RatisPipelineUtilsThread.
2022-03-03 08:20:07,750 [Listener at 0.0.0.0/37185] INFO  algorithms.PipelineChoosePolicyFactory (PipelineChoosePolicyFactory.java:createPipelineChoosePolicyFromClass(73)) - Create pipeline choose policy of type org.apache.hadoop.hdds.scm.pipeline.choose.algorithms.RandomPipelineChoosePolicy
2022-03-03 08:20:07,757 [Listener at 0.0.0.0/37185] INFO  ha.SCMServiceManager (SCMServiceManager.java:register(42)) - Registering service SCMBlockDeletingService.
2022-03-03 08:20:07,758 [Listener at 0.0.0.0/37185] INFO  ha.SCMServiceManager (SCMServiceManager.java:register(42)) - Registering service ReplicationManager.
2022-03-03 08:20:07,759 [Listener at 0.0.0.0/37185] INFO  container.ReplicationManager (ReplicationManager.java:start(326)) - Starting Replication Monitor Thread.
2022-03-03 08:20:07,762 [Listener at 0.0.0.0/37185] INFO  safemode.ContainerSafeModeRule (ContainerSafeModeRule.java:<init>(89)) - containers with one replica threshold count 0
2022-03-03 08:20:07,762 [Listener at 0.0.0.0/37185] INFO  safemode.HealthyPipelineSafeModeRule (HealthyPipelineSafeModeRule.java:initializeRule(156)) - Total pipeline count is 0, healthy pipeline threshold count is 1
2022-03-03 08:20:07,763 [Listener at 0.0.0.0/37185] INFO  safemode.OneReplicaPipelineSafeModeRule (OneReplicaPipelineSafeModeRule.java:initializeRule(180)) - Total pipeline count is 0, pipeline's with at least one datanode reported threshold count is 0
2022-03-03 08:20:07,766 [ReplicationMonitor] INFO  container.ReplicationManager (ReplicationManager.java:processAll(374)) - Replication Manager is not ready to run until 3000ms after safemode exit
2022-03-03 08:20:07,768 [Listener at 0.0.0.0/37185] INFO  ipc.CallQueueManager (CallQueueManager.java:<init>(90)) - Using callQueue: class java.util.concurrent.LinkedBlockingQueue, queueCapacity: 2000, scheduler: class org.apache.hadoop.ipc.DefaultRpcScheduler, ipcBackoff: false.
2022-03-03 08:20:07,776 [Socket Reader #1 for port 42215] INFO  ipc.Server (Server.java:run(1265)) - Starting Socket Reader #1 for port 42215
2022-03-03 08:20:07,779 [Listener at 0.0.0.0/42215] INFO  ipc.CallQueueManager (CallQueueManager.java:<init>(90)) - Using callQueue: class java.util.concurrent.LinkedBlockingQueue, queueCapacity: 2000, scheduler: class org.apache.hadoop.ipc.DefaultRpcScheduler, ipcBackoff: false.
2022-03-03 08:20:07,782 [Socket Reader #1 for port 43873] INFO  ipc.Server (Server.java:run(1265)) - Starting Socket Reader #1 for port 43873
2022-03-03 08:20:07,784 [Listener at 0.0.0.0/43873] INFO  ipc.CallQueueManager (CallQueueManager.java:<init>(90)) - Using callQueue: class java.util.concurrent.LinkedBlockingQueue, queueCapacity: 2000, scheduler: class org.apache.hadoop.ipc.DefaultRpcScheduler, ipcBackoff: false.
2022-03-03 08:20:07,793 [Socket Reader #1 for port 38499] INFO  ipc.Server (Server.java:run(1265)) - Starting Socket Reader #1 for port 38499
2022-03-03 08:20:07,804 [EndpointStateMachine task thread for /127.0.0.1:43363 - 0 ] INFO  ipc.Client (Client.java:handleConnectionFailure(977)) - Retrying connect to server: localhost/127.0.0.1:43363. Already tried 5 time(s); retry policy is RetryUpToMaximumCountWithFixedSleep(maxRetries=15, sleepTime=1000 MILLISECONDS)
2022-03-03 08:20:07,823 [Listener at 0.0.0.0/38499] INFO  server.StorageContainerManager (StorageContainerManager.java:<init>(389)) - 
Container Balancer status:
Key                            Value
Running                        false
Container Balancer Configuration values:
Key                                                Value
Threshold                                          10
Max Datanodes to Involve per Iteration(percent)    20
Max Size to Move per Iteration                     500GB
Max Size Entering Target per Iteration             26GB
Max Size Leaving Source per Iteration              26GB

2022-03-03 08:20:07,823 [Listener at 0.0.0.0/38499] WARN  events.EventQueue (EventQueue.java:fireEvent(194)) - No event handler registered for event TypedEvent{payloadType=SafeModeStatus, name='Safe mode status'}
2022-03-03 08:20:07,823 [Listener at 0.0.0.0/38499] INFO  ha.SCMContext (SCMContext.java:updateSafeModeStatus(211)) - Update SafeModeStatus from SafeModeStatus{safeModeStatus=true, preCheckPassed=false} to SafeModeStatus{safeModeStatus=true, preCheckPassed=false}.
2022-03-03 08:20:07,824 [Listener at 0.0.0.0/38499] INFO  server.StorageContainerManager (StorageContainerManager.java:start(1327)) - StorageContainerLocationProtocol RPC server is listening at /0.0.0.0:38499
2022-03-03 08:20:07,824 [Listener at 0.0.0.0/38499] INFO  ha.SCMRatisServerImpl (SCMRatisServerImpl.java:start(177)) - starting ratis server 0.0.0.0:35029
2022-03-03 08:20:07,824 [Listener at 0.0.0.0/38499] INFO  server.RaftServer$Division (RaftServerImpl.java:start(304)) - 1244aa64-d874-441f-9571-396032220701@group-EB4E8D1567B6: start with initializing state, conf=-1: [], old=null
2022-03-03 08:20:07,825 [Listener at 0.0.0.0/38499] INFO  server.RaftServer$Division (RaftServerImpl.java:setRole(290)) - 1244aa64-d874-441f-9571-396032220701@group-EB4E8D1567B6: changes role from      null to FOLLOWER at term 0 for startInitializing
2022-03-03 08:20:07,825 [Listener at 0.0.0.0/38499] INFO  util.JmxRegister (JmxRegister.java:tryRegister(44)) - Successfully registered JMX Bean with object name Ratis:service=RaftServer,group=group-EB4E8D1567B6,id=1244aa64-d874-441f-9571-396032220701
2022-03-03 08:20:07,826 [Listener at 0.0.0.0/38499] INFO  server.RaftServer (RaftServerProxy.java:lambda$start$5(374)) - 1244aa64-d874-441f-9571-396032220701: start RPC server
2022-03-03 08:20:07,849 [Listener at 0.0.0.0/38499] INFO  server.GrpcService (GrpcService.java:startImpl(253)) - 1244aa64-d874-441f-9571-396032220701: GrpcService started, listening on 35029
2022-03-03 08:20:07,854 [Listener at 0.0.0.0/38499] INFO  ha.SCMNodeInfo (SCMNodeInfo.java:getPort(197)) - ConfigKey ozone.scm.client.address is deprecated, For configuring different ports for each SCM use PortConfigKey ozone.scm.client.port appended with serviceId and nodeId
2022-03-03 08:20:07,854 [Listener at 0.0.0.0/38499] INFO  ha.SCMNodeInfo (SCMNodeInfo.java:getPort(197)) - ConfigKey ozone.scm.block.client.address is deprecated, For configuring different ports for each SCM use PortConfigKey ozone.scm.block.client.port appended with serviceId and nodeId
2022-03-03 08:20:07,854 [Listener at 0.0.0.0/38499] INFO  ha.SCMNodeInfo (SCMNodeInfo.java:getPort(197)) - ConfigKey ozone.scm.datanode.address is deprecated, For configuring different ports for each SCM use PortConfigKey ozone.scm.datanode.port appended with serviceId and nodeId
2022-03-03 08:20:07,854 [Listener at 0.0.0.0/38499] INFO  ha.SCMNodeInfo (SCMNodeInfo.java:getPort(197)) - ConfigKey ozone.scm.client.address is deprecated, For configuring different ports for each SCM use PortConfigKey ozone.scm.client.port appended with serviceId and nodeId
2022-03-03 08:20:07,855 [Listener at 0.0.0.0/38499] INFO  ha.SCMNodeInfo (SCMNodeInfo.java:getPort(197)) - ConfigKey ozone.scm.block.client.address is deprecated, For configuring different ports for each SCM use PortConfigKey ozone.scm.block.client.port appended with serviceId and nodeId
2022-03-03 08:20:07,855 [Listener at 0.0.0.0/38499] INFO  ha.SCMNodeInfo (SCMNodeInfo.java:getPort(197)) - ConfigKey ozone.scm.datanode.address is deprecated, For configuring different ports for each SCM use PortConfigKey ozone.scm.datanode.port appended with serviceId and nodeId
2022-03-03 08:20:07,855 [Listener at 0.0.0.0/38499] INFO  ha.SCMNodeInfo (SCMNodeInfo.java:getPort(197)) - ConfigKey ozone.scm.client.address is deprecated, For configuring different ports for each SCM use PortConfigKey ozone.scm.client.port appended with serviceId and nodeId
2022-03-03 08:20:07,855 [Listener at 0.0.0.0/38499] INFO  ha.SCMNodeInfo (SCMNodeInfo.java:getPort(197)) - ConfigKey ozone.scm.block.client.address is deprecated, For configuring different ports for each SCM use PortConfigKey ozone.scm.block.client.port appended with serviceId and nodeId
2022-03-03 08:20:07,855 [Listener at 0.0.0.0/38499] INFO  ha.SCMNodeInfo (SCMNodeInfo.java:getPort(197)) - ConfigKey ozone.scm.datanode.address is deprecated, For configuring different ports for each SCM use PortConfigKey ozone.scm.datanode.port appended with serviceId and nodeId
2022-03-03 08:20:07,864 [IPC Server handler 2 on default port 44091] INFO  ha.SCMRatisServerImpl (SCMRatisServerImpl.java:addSCM(292)) - e7338982-199b-4e5a-937e-5a36927222d8: Submitting SetConfiguration request to Ratis server with new SCM peers list: [e7338982-199b-4e5a-937e-5a36927222d8|rpc:localhost:44949|admin:|client:|dataStream:|priority:0, 1244aa64-d874-441f-9571-396032220701|rpc:localhost:35029|priority:0]
2022-03-03 08:20:07,865 [IPC Server handler 2 on default port 44091] INFO  server.RaftServer$Division (RaftServerImpl.java:setConfigurationAsync(974)) - e7338982-199b-4e5a-937e-5a36927222d8@group-EB4E8D1567B6: receive setConfiguration SetConfigurationRequest:client-B3E911EE0102->e7338982-199b-4e5a-937e-5a36927222d8@group-EB4E8D1567B6, cid=0, seq=0, RW, null, peers:[e7338982-199b-4e5a-937e-5a36927222d8|rpc:localhost:44949|admin:|client:|dataStream:|priority:0, 1244aa64-d874-441f-9571-396032220701|rpc:localhost:35029|priority:0]
2022-03-03 08:20:07,865 [IPC Server handler 2 on default port 44091] INFO  server.RaftServer$Division (LeaderStateImpl.java:startSetConfiguration(358)) - e7338982-199b-4e5a-937e-5a36927222d8@group-EB4E8D1567B6-LeaderStateImpl: startSetConfiguration SetConfigurationRequest:client-B3E911EE0102->e7338982-199b-4e5a-937e-5a36927222d8@group-EB4E8D1567B6, cid=0, seq=0, RW, null, peers:[e7338982-199b-4e5a-937e-5a36927222d8|rpc:localhost:44949|admin:|client:|dataStream:|priority:0, 1244aa64-d874-441f-9571-396032220701|rpc:localhost:35029|priority:0]
2022-03-03 08:20:07,865 [IPC Server handler 2 on default port 44091] INFO  server.RaftServerConfigKeys (ConfUtils.java:logGet(44)) - raft.server.log.appender.snapshot.chunk.size.max = 16MB (=16777216) (default)
2022-03-03 08:20:07,865 [IPC Server handler 2 on default port 44091] INFO  server.RaftServerConfigKeys (ConfUtils.java:logGet(44)) - raft.server.log.appender.buffer.byte-limit = 33554432 (custom)
2022-03-03 08:20:07,866 [IPC Server handler 2 on default port 44091] INFO  server.RaftServerConfigKeys (ConfUtils.java:logGet(44)) - raft.server.log.appender.buffer.element-limit = 1024 (custom)
2022-03-03 08:20:07,866 [org.apache.ratis.util.JvmPauseMonitor$$Lambda$503/666911607@6bd4b701] INFO  util.JvmPauseMonitor (JvmPauseMonitor.java:run(103)) - JvmPauseMonitor-1244aa64-d874-441f-9571-396032220701: Started
2022-03-03 08:20:07,867 [IPC Server handler 2 on default port 44091] INFO  grpc.GrpcConfigKeys (ConfUtils.java:logGet(44)) - raft.grpc.server.leader.outstanding.appends.max = 128 (default)
2022-03-03 08:20:07,869 [IPC Server handler 2 on default port 44091] INFO  server.RaftServerConfigKeys (ConfUtils.java:logGet(44)) - raft.server.rpc.request.timeout = 30000ms (custom)
2022-03-03 08:20:07,869 [IPC Server handler 2 on default port 44091] INFO  server.RaftServerConfigKeys (ConfUtils.java:logGet(44)) - raft.server.log.appender.install.snapshot.enabled = false (custom)
2022-03-03 08:20:07,875 [EndpointStateMachine task thread for /127.0.0.1:45429 - 0 ] INFO  ipc.Client (Client.java:handleConnectionFailure(977)) - Retrying connect to server: localhost/127.0.0.1:45429. Already tried 6 time(s); retry policy is RetryUpToMaximumCountWithFixedSleep(maxRetries=15, sleepTime=1000 MILLISECONDS)
2022-03-03 08:20:07,875 [EndpointStateMachine task thread for /127.0.0.1:39861 - 0 ] INFO  ipc.Client (Client.java:handleConnectionFailure(977)) - Retrying connect to server: localhost/127.0.0.1:39861. Already tried 5 time(s); retry policy is RetryUpToMaximumCountWithFixedSleep(maxRetries=15, sleepTime=1000 MILLISECONDS)
2022-03-03 08:20:07,879 [e7338982-199b-4e5a-937e-5a36927222d8@group-EB4E8D1567B6->1244aa64-d874-441f-9571-396032220701-GrpcLogAppender-LogAppenderDaemon] INFO  server.GrpcLogAppender (GrpcLogAppender.java:installSnapshot(550)) - e7338982-199b-4e5a-937e-5a36927222d8@group-EB4E8D1567B6->1244aa64-d874-441f-9571-396032220701-GrpcLogAppender: followerNextIndex = 0 but logStartIndex = 0, notify follower to install snapshot-(t:2, i:2)
2022-03-03 08:20:07,879 [e7338982-199b-4e5a-937e-5a36927222d8@group-EB4E8D1567B6->1244aa64-d874-441f-9571-396032220701-GrpcLogAppender-LogAppenderDaemon] INFO  server.GrpcLogAppender (GrpcLogAppender.java:installSnapshot(558)) - e7338982-199b-4e5a-937e-5a36927222d8@group-EB4E8D1567B6->1244aa64-d874-441f-9571-396032220701-GrpcLogAppender: send e7338982-199b-4e5a-937e-5a36927222d8->1244aa64-d874-441f-9571-396032220701#0-t2,notify:(t:2, i:2)
2022-03-03 08:20:07,923 [grpc-default-executor-0] INFO  server.RaftServer$Division (RaftServerImpl.java:installSnapshot(1332)) - 1244aa64-d874-441f-9571-396032220701@group-EB4E8D1567B6: receive installSnapshot: e7338982-199b-4e5a-937e-5a36927222d8->1244aa64-d874-441f-9571-396032220701#0-t2,notify:(t:2, i:2)
2022-03-03 08:20:07,950 [grpc-default-executor-0] INFO  ha.SCMStateMachine (SCMStateMachine.java:notifyLeaderChanged(255)) - leader changed, yet current SCM is still follower.
2022-03-03 08:20:07,950 [grpc-default-executor-0] INFO  server.RaftServer$Division (ServerState.java:setLeader(285)) - 1244aa64-d874-441f-9571-396032220701@group-EB4E8D1567B6: change Leader from null to e7338982-199b-4e5a-937e-5a36927222d8 at term 2 for installSnapshot, leader elected after 227ms
2022-03-03 08:20:07,950 [grpc-default-executor-0] INFO  server.RaftServer$Division (RaftServerImpl.java:notifyStateMachineToInstallSnapshot(1551)) - 1244aa64-d874-441f-9571-396032220701@group-EB4E8D1567B6: Received notification to install snapshot at index 2
2022-03-03 08:20:07,950 [grpc-default-executor-0] INFO  server.RaftServer$Division (RaftServerImpl.java:notifyStateMachineToInstallSnapshot(1582)) - 1244aa64-d874-441f-9571-396032220701@group-EB4E8D1567B6: notifyInstallSnapshot: nextIndex is 0 but the leader's first available index is 2.
2022-03-03 08:20:07,951 [grpc-default-executor-0] INFO  ha.SCMStateMachine (SCMStateMachine.java:notifyInstallSnapshotFromLeader(219)) - Received install snapshot notification from SCM leader: localhost:44949 with term index: (t:2, i:2)
2022-03-03 08:20:07,968 [pool-271-thread-1] INFO  ha.SCMHAManagerImpl (SCMHAManagerImpl.java:getDBCheckpointFromLeader(207)) - Downloading checkpoint from leader SCM scmNode-1 and reloading state from the checkpoint.
2022-03-03 08:20:07,994 [grpc-default-executor-2] INFO  ha.SCMDBCheckpointProvider (SCMDBCheckpointProvider.java:writeDBCheckPointToSream(48)) - Received request to obtain SCM DB checkpoint snapshot
2022-03-03 08:20:08,014 [grpc-default-executor-2] INFO  db.RDBCheckpointManager (RDBCheckpointManager.java:createCheckpoint(86)) - Created checkpoint at /home/runner/work/ozone/ozone/hadoop-ozone/integration-test/target/test-dir/MiniOzoneClusterImpl-5b82a1ad-a074-4eb8-9e24-eb4e8d1567b6/scmNode-1/db.checkpoints/scm.db_checkpoint_1646295608002 in 12 milliseconds
2022-03-03 08:20:08,025 [grpc-default-executor-2] INFO  ha.SCMGrpcOutputStream (SCMGrpcOutputStream.java:close(111)) - Sent 4496 bytes for cluster 5b82a1ad-a074-4eb8-9e24-eb4e8d1567b6
2022-03-03 08:20:08,027 [grpc-default-executor-2] INFO  ha.SCMDBCheckpointProvider (SCMDBCheckpointProvider.java:writeDBCheckPointToSream(73)) - Time taken to write the checkpoint to response output stream: 11 milliseconds
2022-03-03 08:20:08,027 [grpc-default-executor-2] INFO  db.RocksDBCheckpoint (RocksDBCheckpoint.java:cleanupCheckpoint(78)) - Cleaning up RocksDB checkpoint at /home/runner/work/ozone/ozone/hadoop-ozone/integration-test/target/test-dir/MiniOzoneClusterImpl-5b82a1ad-a074-4eb8-9e24-eb4e8d1567b6/scmNode-1/db.checkpoints/scm.db_checkpoint_1646295608002
2022-03-03 08:20:08,028 [grpc-default-executor-3] INFO  ha.InterSCMGrpcClient (InterSCMGrpcClient.java:onCompleted(173)) - Checkpoint is downloaded to /home/runner/work/ozone/ozone/hadoop-ozone/integration-test/target/test-dir/MiniOzoneClusterImpl-5b82a1ad-a074-4eb8-9e24-eb4e8d1567b6/scmNode-2/snapshot/scm.db-scmNode-1-1646295607968.tar.gz
2022-03-03 08:20:08,064 [pool-271-thread-1] INFO  ha.SCMSnapshotProvider (SCMSnapshotProvider.java:getSCMDBSnapshot(131)) - Successfully downloaded latest checkpoint from leader SCM: scmNode-1 path /home/runner/work/ozone/ozone/hadoop-ozone/integration-test/target/test-dir/MiniOzoneClusterImpl-5b82a1ad-a074-4eb8-9e24-eb4e8d1567b6/scmNode-2/snapshot/scm.db-scmNode-1-1646295607968
2022-03-03 08:20:08,064 [pool-271-thread-1] INFO  ha.SCMHAManagerImpl (SCMHAManagerImpl.java:downloadCheckpointFromLeader(159)) - Downloaded checkpoint from Leader scmNode-1 to the location /home/runner/work/ozone/ozone/hadoop-ozone/integration-test/target/test-dir/MiniOzoneClusterImpl-5b82a1ad-a074-4eb8-9e24-eb4e8d1567b6/scmNode-2/snapshot/scm.db-scmNode-1-1646295607968
2022-03-03 08:20:08,128 [pool-271-thread-1] INFO  ha.SCMHAManagerImpl (SCMHAManagerImpl.java:verifyCheckpointFromLeader(173)) - Installing checkpoint with SCMTransactionInfo 2#2
2022-03-03 08:20:08,129 [pool-271-thread-1] INFO  server.RaftServer$Division (RaftServerImpl.java:lambda$notifyStateMachineToInstallSnapshot$30(1595)) - 1244aa64-d874-441f-9571-396032220701@group-EB4E8D1567B6: StateMachine successfully installed snapshot index 2. Reloading the StateMachine.
2022-03-03 08:20:08,129 [pool-271-thread-1] INFO  segmented.SegmentedRaftLogWorker (SegmentedRaftLogWorker.java:lambda$new$0(133)) - 1244aa64-d874-441f-9571-396032220701@group-EB4E8D1567B6-SegmentedRaftLogWorker: flushIndex: setUnconditionally -1 -> 2
2022-03-03 08:20:08,129 [pool-271-thread-1] INFO  segmented.SegmentedRaftLogWorker (SegmentedRaftLogWorker.java:lambda$new$0(133)) - 1244aa64-d874-441f-9571-396032220701@group-EB4E8D1567B6-SegmentedRaftLogWorker: safeCacheEvictIndex: setUnconditionally -1 -> 2
2022-03-03 08:20:08,129 [pool-271-thread-1] INFO  raftlog.RaftLog (RaftLogBase.java:lambda$new$0(53)) - 1244aa64-d874-441f-9571-396032220701@group-EB4E8D1567B6-SegmentedRaftLog: snapshotIndex: updateIncreasingly -1 -> 2
2022-03-03 08:20:08,136 [grpc-default-executor-0] INFO  server.RaftServer$Division (RaftServerImpl.java:notifyStateMachineToInstallSnapshot(1638)) - 1244aa64-d874-441f-9571-396032220701@group-EB4E8D1567B6: InstallSnapshot notification result: SNAPSHOT_INSTALLED, at index: 2
2022-03-03 08:20:08,137 [grpc-default-executor-0] INFO  server.RaftServer$Division (RaftServerImpl.java:installSnapshotImpl(1462)) - 1244aa64-d874-441f-9571-396032220701@group-EB4E8D1567B6: set new configuration index: 1
configurationEntry {
  peers {
    id: "e7338982-199b-4e5a-937e-5a36927222d8"
    address: "localhost:44949"
  }
}
 from snapshot
2022-03-03 08:20:08,138 [grpc-default-executor-0] INFO  server.RaftServer$Division (ServerState.java:setRaftConf(387)) - 1244aa64-d874-441f-9571-396032220701@group-EB4E8D1567B6: set configuration 1: [e7338982-199b-4e5a-937e-5a36927222d8|rpc:localhost:44949|admin:|client:|dataStream:|priority:0], old=null
2022-03-03 08:20:08,149 [grpc-default-executor-0] INFO  server.RaftServer$Division (RaftServerImpl.java:installSnapshot(1343)) - 1244aa64-d874-441f-9571-396032220701@group-EB4E8D1567B6: reply installSnapshot: e7338982-199b-4e5a-937e-5a36927222d8<-1244aa64-d874-441f-9571-396032220701#0:FAIL-t0,SNAPSHOT_INSTALLED,snapshotIndex=2
2022-03-03 08:20:08,150 [grpc-default-executor-0] INFO  server.GrpcServerProtocolService (GrpcServerProtocolService.java:onCompleted(140)) - 1244aa64-d874-441f-9571-396032220701: Completed INSTALL_SNAPSHOT, lastRequest: e7338982-199b-4e5a-937e-5a36927222d8->1244aa64-d874-441f-9571-396032220701#0-t2,notify:(t:2, i:2)
2022-03-03 08:20:08,152 [grpc-default-executor-2] INFO  server.GrpcLogAppender (GrpcLogAppender.java:onNext(410)) - e7338982-199b-4e5a-937e-5a36927222d8@group-EB4E8D1567B6->1244aa64-d874-441f-9571-396032220701-InstallSnapshotResponseHandler: received the first reply e7338982-199b-4e5a-937e-5a36927222d8<-1244aa64-d874-441f-9571-396032220701#0:FAIL-t0,SNAPSHOT_INSTALLED,snapshotIndex=2
2022-03-03 08:20:08,152 [grpc-default-executor-2] INFO  server.GrpcLogAppender (GrpcLogAppender.java:onNext(450)) - e7338982-199b-4e5a-937e-5a36927222d8@group-EB4E8D1567B6->1244aa64-d874-441f-9571-396032220701-InstallSnapshotResponseHandler: Follower installed snapshot at index 2
2022-03-03 08:20:08,152 [grpc-default-executor-2] INFO  leader.FollowerInfo (FollowerInfoImpl.java:lambda$new$0(47)) - e7338982-199b-4e5a-937e-5a36927222d8@group-EB4E8D1567B6->1244aa64-d874-441f-9571-396032220701: snapshotIndex: setUnconditionally 0 -> 2
2022-03-03 08:20:08,152 [grpc-default-executor-2] INFO  leader.FollowerInfo (FollowerInfoImpl.java:lambda$new$0(47)) - e7338982-199b-4e5a-937e-5a36927222d8@group-EB4E8D1567B6->1244aa64-d874-441f-9571-396032220701: matchIndex: setUnconditionally 0 -> 2
2022-03-03 08:20:08,152 [grpc-default-executor-2] INFO  leader.FollowerInfo (FollowerInfoImpl.java:lambda$new$0(47)) - e7338982-199b-4e5a-937e-5a36927222d8@group-EB4E8D1567B6->1244aa64-d874-441f-9571-396032220701: nextIndex: setUnconditionally 0 -> 3
2022-03-03 08:20:08,152 [grpc-default-executor-2] INFO  leader.FollowerInfo (FollowerInfoImpl.java:setAttemptedToInstallSnapshot(116)) - Follower e7338982-199b-4e5a-937e-5a36927222d8@group-EB4E8D1567B6->1244aa64-d874-441f-9571-396032220701 acknowledged installing snapshot
2022-03-03 08:20:08,152 [grpc-default-executor-2] INFO  leader.FollowerInfo (FollowerInfoImpl.java:lambda$new$0(47)) - e7338982-199b-4e5a-937e-5a36927222d8@group-EB4E8D1567B6->1244aa64-d874-441f-9571-396032220701: nextIndex: updateToMax old=3, new=3, updated? false
2022-03-03 08:20:08,156 [grpc-default-executor-0] INFO  impl.RoleInfo (RoleInfo.java:updateAndGet(130)) - 1244aa64-d874-441f-9571-396032220701: start 1244aa64-d874-441f-9571-396032220701@group-EB4E8D1567B6-FollowerState
2022-03-03 08:20:08,201 [1244aa64-d874-441f-9571-396032220701@group-EB4E8D1567B6-StateMachineUpdater] INFO  ha.SCMHAManagerImpl (SCMHAManagerImpl.java:installCheckpoint(228)) - Installing checkpoint with SCMTransactionInfo 2#2
2022-03-03 08:20:08,210 [1244aa64-d874-441f-9571-396032220701@group-EB4E8D1567B6-StateMachineUpdater] INFO  ha.SCMHAManagerImpl (SCMHAManagerImpl.java:installCheckpoint(267)) - Replaced DB with checkpoint, term: 2, index: 2
2022-03-03 08:20:08,211 [1244aa64-d874-441f-9571-396032220701@group-EB4E8D1567B6-StateMachineUpdater] WARN  utils.HAUtils (HAUtils.java:getMetaDir(342)) - ozone.scm.db.dirs is not configured. We recommend adding this setting. Falling back to ozone.metadata.dirs instead.
2022-03-03 08:20:08,212 [1244aa64-d874-441f-9571-396032220701@group-EB4E8D1567B6-StateMachineUpdater] WARN  db.DBStoreBuilder (DBStoreBuilder.java:applyDBDefinition(145)) - ozone.scm.db.dirs is not configured. We recommend adding this setting. Falling back to ozone.metadata.dirs instead.
2022-03-03 08:20:08,260 [1244aa64-d874-441f-9571-396032220701@group-EB4E8D1567B6-StateMachineUpdater] INFO  ha.SequenceIdGenerator (SequenceIdGenerator.java:reinitialize(166)) - reinitialize SequenceIdGenerator.
2022-03-03 08:20:08,261 [1244aa64-d874-441f-9571-396032220701@group-EB4E8D1567B6-StateMachineUpdater] INFO  pipeline.PipelineStateManagerImpl (PipelineStateManagerImpl.java:initialize(78)) - No pipeline exists in current db
2022-03-03 08:20:08,261 [1244aa64-d874-441f-9571-396032220701@group-EB4E8D1567B6-StateMachineUpdater] INFO  ha.SCMHAManagerImpl (SCMHAManagerImpl.java:installCheckpoint(282)) - Reloaded SCM state with Term: 2 and Index: 2
2022-03-03 08:20:08,262 [1244aa64-d874-441f-9571-396032220701@group-EB4E8D1567B6-StateMachineUpdater] INFO  impl.StateMachineUpdater (StateMachineUpdater.java:lambda$new$0(89)) - 1244aa64-d874-441f-9571-396032220701@group-EB4E8D1567B6-StateMachineUpdater: snapshotIndex: setUnconditionally -1 -> 2
2022-03-03 08:20:08,262 [1244aa64-d874-441f-9571-396032220701@group-EB4E8D1567B6-StateMachineUpdater] INFO  impl.StateMachineUpdater (StateMachineUpdater.java:lambda$new$0(89)) - 1244aa64-d874-441f-9571-396032220701@group-EB4E8D1567B6-StateMachineUpdater: appliedIndex: setUnconditionally -1 -> 2
2022-03-03 08:20:08,805 [EndpointStateMachine task thread for /127.0.0.1:43363 - 0 ] INFO  ipc.Client (Client.java:handleConnectionFailure(977)) - Retrying connect to server: localhost/127.0.0.1:43363. Already tried 6 time(s); retry policy is RetryUpToMaximumCountWithFixedSleep(maxRetries=15, sleepTime=1000 MILLISECONDS)
2022-03-03 08:20:08,876 [EndpointStateMachine task thread for /127.0.0.1:45429 - 0 ] INFO  ipc.Client (Client.java:handleConnectionFailure(977)) - Retrying connect to server: localhost/127.0.0.1:45429. Already tried 7 time(s); retry policy is RetryUpToMaximumCountWithFixedSleep(maxRetries=15, sleepTime=1000 MILLISECONDS)
2022-03-03 08:20:08,880 [EndpointStateMachine task thread for /127.0.0.1:39861 - 0 ] INFO  ipc.Client (Client.java:handleConnectionFailure(977)) - Retrying connect to server: localhost/127.0.0.1:39861. Already tried 6 time(s); retry policy is RetryUpToMaximumCountWithFixedSleep(maxRetries=15, sleepTime=1000 MILLISECONDS)
2022-03-03 08:20:09,806 [EndpointStateMachine task thread for /127.0.0.1:43363 - 0 ] INFO  ipc.Client (Client.java:handleConnectionFailure(977)) - Retrying connect to server: localhost/127.0.0.1:43363. Already tried 7 time(s); retry policy is RetryUpToMaximumCountWithFixedSleep(maxRetries=15, sleepTime=1000 MILLISECONDS)
2022-03-03 08:20:09,879 [EndpointStateMachine task thread for /127.0.0.1:45429 - 0 ] INFO  ipc.Client (Client.java:handleConnectionFailure(977)) - Retrying connect to server: localhost/127.0.0.1:45429. Already tried 8 time(s); retry policy is RetryUpToMaximumCountWithFixedSleep(maxRetries=15, sleepTime=1000 MILLISECONDS)
2022-03-03 08:20:09,884 [EndpointStateMachine task thread for /127.0.0.1:39861 - 0 ] INFO  ipc.Client (Client.java:handleConnectionFailure(977)) - Retrying connect to server: localhost/127.0.0.1:39861. Already tried 7 time(s); retry policy is RetryUpToMaximumCountWithFixedSleep(maxRetries=15, sleepTime=1000 MILLISECONDS)
2022-03-03 08:20:10,807 [EndpointStateMachine task thread for /127.0.0.1:43363 - 0 ] INFO  ipc.Client (Client.java:handleConnectionFailure(977)) - Retrying connect to server: localhost/127.0.0.1:43363. Already tried 8 time(s); retry policy is RetryUpToMaximumCountWithFixedSleep(maxRetries=15, sleepTime=1000 MILLISECONDS)
2022-03-03 08:20:10,880 [EndpointStateMachine task thread for /127.0.0.1:45429 - 0 ] INFO  ipc.Client (Client.java:handleConnectionFailure(977)) - Retrying connect to server: localhost/127.0.0.1:45429. Already tried 9 time(s); retry policy is RetryUpToMaximumCountWithFixedSleep(maxRetries=15, sleepTime=1000 MILLISECONDS)
2022-03-03 08:20:10,884 [EndpointStateMachine task thread for /127.0.0.1:39861 - 0 ] INFO  ipc.Client (Client.java:handleConnectionFailure(977)) - Retrying connect to server: localhost/127.0.0.1:39861. Already tried 8 time(s); retry policy is RetryUpToMaximumCountWithFixedSleep(maxRetries=15, sleepTime=1000 MILLISECONDS)
2022-03-03 08:20:11,232 [e7338982-199b-4e5a-937e-5a36927222d8@group-EB4E8D1567B6-LeaderStateImpl] INFO  server.RaftServer$Division (ServerState.java:setRaftConf(387)) - e7338982-199b-4e5a-937e-5a36927222d8@group-EB4E8D1567B6: set configuration 3: [1244aa64-d874-441f-9571-396032220701|rpc:localhost:35029|priority:0, e7338982-199b-4e5a-937e-5a36927222d8|rpc:localhost:44949|admin:|client:|dataStream:|priority:0], old=[e7338982-199b-4e5a-937e-5a36927222d8|rpc:localhost:44949|admin:|client:|dataStream:|priority:0]
2022-03-03 08:20:11,235 [grpc-default-executor-0] INFO  server.RaftServer$Division (ServerState.java:setRaftConf(387)) - 1244aa64-d874-441f-9571-396032220701@group-EB4E8D1567B6: set configuration 3: [1244aa64-d874-441f-9571-396032220701|rpc:localhost:35029|admin:|client:|dataStream:|priority:0, e7338982-199b-4e5a-937e-5a36927222d8|rpc:localhost:44949|admin:|client:|dataStream:|priority:0], old=[e7338982-199b-4e5a-937e-5a36927222d8|rpc:localhost:44949|admin:|client:|dataStream:|priority:0]
2022-03-03 08:20:11,235 [grpc-default-executor-0] INFO  segmented.SegmentedRaftLogWorker (SegmentedRaftLogWorker.java:startLogSegment(394)) - 1244aa64-d874-441f-9571-396032220701@group-EB4E8D1567B6-SegmentedRaftLogWorker: Starting segment from index:3
2022-03-03 08:20:11,250 [1244aa64-d874-441f-9571-396032220701@group-EB4E8D1567B6-SegmentedRaftLogWorker] INFO  segmented.SegmentedRaftLogWorker (SegmentedRaftLogWorker.java:execute(601)) - 1244aa64-d874-441f-9571-396032220701@group-EB4E8D1567B6-SegmentedRaftLogWorker: created new log segment /home/runner/work/ozone/ozone/hadoop-ozone/integration-test/target/test-dir/MiniOzoneClusterImpl-5b82a1ad-a074-4eb8-9e24-eb4e8d1567b6/scmNode-2/scm-ha/5b82a1ad-a074-4eb8-9e24-eb4e8d1567b6/current/log_inprogress_3
2022-03-03 08:20:11,264 [e7338982-199b-4e5a-937e-5a36927222d8@group-EB4E8D1567B6-LeaderStateImpl] INFO  server.RaftServer$Division (ServerState.java:setRaftConf(387)) - e7338982-199b-4e5a-937e-5a36927222d8@group-EB4E8D1567B6: set configuration 5: [1244aa64-d874-441f-9571-396032220701|rpc:localhost:35029|priority:0, e7338982-199b-4e5a-937e-5a36927222d8|rpc:localhost:44949|admin:|client:|dataStream:|priority:0], old=null
2022-03-03 08:20:11,266 [grpc-default-executor-0] INFO  server.RaftServer$Division (ServerState.java:setRaftConf(387)) - 1244aa64-d874-441f-9571-396032220701@group-EB4E8D1567B6: set configuration 5: [1244aa64-d874-441f-9571-396032220701|rpc:localhost:35029|admin:|client:|dataStream:|priority:0, e7338982-199b-4e5a-937e-5a36927222d8|rpc:localhost:44949|admin:|client:|dataStream:|priority:0], old=null
2022-03-03 08:20:11,282 [1244aa64-d874-441f-9571-396032220701@group-EB4E8D1567B6-StateMachineUpdater] INFO  safemode.HealthyPipelineSafeModeRule (HealthyPipelineSafeModeRule.java:initializeRule(152)) - Refreshed total pipeline count is 0, healthy pipeline threshold count is 1
2022-03-03 08:20:11,282 [1244aa64-d874-441f-9571-396032220701@group-EB4E8D1567B6-StateMachineUpdater] INFO  safemode.ContainerSafeModeRule (ContainerSafeModeRule.java:reInitializeRule(177)) - Refreshed one replica container threshold 0, currentThreshold 0
2022-03-03 08:20:11,282 [1244aa64-d874-441f-9571-396032220701@group-EB4E8D1567B6-StateMachineUpdater] INFO  safemode.OneReplicaPipelineSafeModeRule (OneReplicaPipelineSafeModeRule.java:initializeRule(176)) - Refreshed Total pipeline count is 0, pipeline's with at least one datanode reported threshold count is 0
2022-03-03 08:20:11,282 [1244aa64-d874-441f-9571-396032220701@group-EB4E8D1567B6-StateMachineUpdater] INFO  server.SCMDatanodeProtocolServer (SCMDatanodeProtocolServer.java:start(183)) - ScmDatanodeProtocol RPC server for DataNodes is listening at /0.0.0.0:42215
2022-03-03 08:20:11,287 [IPC Server handler 2 on default port 44091] INFO  ha.SCMRatisServerImpl (SCMRatisServerImpl.java:addSCM(303)) - Successfully added new SCM: 1244aa64-d874-441f-9571-396032220701.
2022-03-03 08:20:11,288 [Listener at 0.0.0.0/38499] INFO  ha.SCMHAManagerImpl (SCMHAManagerImpl.java:start(117)) - Successfully added SCM scmNode-2 to group group-EB4E8D1567B6:[1244aa64-d874-441f-9571-396032220701|rpc:localhost:35029|admin:|client:|dataStream:|priority:0, e7338982-199b-4e5a-937e-5a36927222d8|rpc:localhost:44949|admin:|client:|dataStream:|priority:0]
2022-03-03 08:20:11,288 [Listener at 0.0.0.0/38499] INFO  ha.InterSCMGrpcService (InterSCMGrpcProtocolService.java:start(94)) - Starting SCM Grpc Service at port 43197
2022-03-03 08:20:11,289 [Listener at 0.0.0.0/38499] INFO  impl.MetricsSystemImpl (MetricsSystemImpl.java:init(158)) - StorageContainerManager metrics system started (again)
2022-03-03 08:20:11,290 [e7338982-199b-4e5a-937e-5a36927222d8@group-EB4E8D1567B6-StateMachineUpdater] INFO  ha.SCMStateMachine (SCMStateMachine.java:takeSnapshot(297)) - Current Snapshot Index 5, takeSnapshot took 0 ms
2022-03-03 08:20:11,290 [e7338982-199b-4e5a-937e-5a36927222d8@group-EB4E8D1567B6-StateMachineUpdater] INFO  impl.StateMachineUpdater (StateMachineUpdater.java:takeSnapshot(281)) - e7338982-199b-4e5a-937e-5a36927222d8@group-EB4E8D1567B6-StateMachineUpdater: Took a snapshot at index 5
2022-03-03 08:20:11,290 [e7338982-199b-4e5a-937e-5a36927222d8@group-EB4E8D1567B6-StateMachineUpdater] INFO  impl.StateMachineUpdater (StateMachineUpdater.java:lambda$new$0(89)) - e7338982-199b-4e5a-937e-5a36927222d8@group-EB4E8D1567B6-StateMachineUpdater: snapshotIndex: updateIncreasingly -1 -> 5
2022-03-03 08:20:11,290 [e7338982-199b-4e5a-937e-5a36927222d8@group-EB4E8D1567B6-StateMachineUpdater] INFO  raftlog.RaftLog (RaftLogBase.java:purge(306)) - e7338982-199b-4e5a-937e-5a36927222d8@group-EB4E8D1567B6-SegmentedRaftLog: purge 5
2022-03-03 08:20:11,290 [e7338982-199b-4e5a-937e-5a36927222d8@group-EB4E8D1567B6-StateMachineUpdater] INFO  raftlog.RaftLog (RaftLogBase.java:lambda$new$0(53)) - e7338982-199b-4e5a-937e-5a36927222d8@group-EB4E8D1567B6-SegmentedRaftLog: snapshotIndex: updateIncreasingly -1 -> 5
2022-03-03 08:20:11,290 [e7338982-199b-4e5a-937e-5a36927222d8@group-EB4E8D1567B6-SegmentedRaftLogWorker] INFO  raftlog.RaftLog (RaftLogBase.java:lambda$new$0(53)) - e7338982-199b-4e5a-937e-5a36927222d8@group-EB4E8D1567B6-SegmentedRaftLog: purgeIndex: updateToMax old=-1, new=0, updated? true
2022-03-03 08:20:11,293 [IPC Server listener on 42215] INFO  ipc.Server (Server.java:run(1344)) - IPC Server listener on 42215: starting
2022-03-03 08:20:11,298 [IPC Server Responder] INFO  ipc.Server (Server.java:run(1507)) - IPC Server Responder: starting
2022-03-03 08:20:11,341 [Listener at 0.0.0.0/38499] INFO  server.SCMClientProtocolServer (SCMClientProtocolServer.java:start(165)) - RPC server for Client  is listening at /0.0.0.0:38499
2022-03-03 08:20:11,349 [IPC Server Responder] INFO  ipc.Server (Server.java:run(1507)) - IPC Server Responder: starting
2022-03-03 08:20:11,354 [IPC Server listener on 38499] INFO  ipc.Server (Server.java:run(1344)) - IPC Server listener on 38499: starting
2022-03-03 08:20:11,389 [Listener at 0.0.0.0/38499] INFO  server.StorageContainerManager (StorageContainerManager.java:start(1342)) - ScmBlockLocationProtocol RPC server is listening at /0.0.0.0:43873
2022-03-03 08:20:11,390 [Listener at 0.0.0.0/38499] INFO  server.SCMBlockProtocolServer (SCMBlockProtocolServer.java:start(151)) - RPC server for Block Protocol is listening at /0.0.0.0:43873
2022-03-03 08:20:11,391 [IPC Server Responder] INFO  ipc.Server (Server.java:run(1507)) - IPC Server Responder: starting
2022-03-03 08:20:11,397 [IPC Server listener on 43873] INFO  ipc.Server (Server.java:run(1344)) - IPC Server listener on 43873: starting
2022-03-03 08:20:11,404 [Listener at 0.0.0.0/38499] INFO  http.BaseHttpServer (BaseHttpServer.java:newHttpServer2BuilderForOzone(209)) - Starting Web-server for scm at: http://0.0.0.0:44591
2022-03-03 08:20:11,405 [Listener at 0.0.0.0/38499] INFO  http.BaseHttpServer (BaseHttpServer.java:<init>(107)) - Hadoop Security Enabled: false Ozone Security Enabled: false Ozone HTTP Security Enabled: false 
2022-03-03 08:20:11,407 [Listener at 0.0.0.0/38499] INFO  server.AuthenticationFilter (AuthenticationFilter.java:constructSecretProvider(240)) - Unable to initialize FileSignerSecretProvider, falling back to use random secrets.
2022-03-03 08:20:11,417 [Listener at 0.0.0.0/38499] WARN  http.HttpRequestLog (HttpRequestLog.java:getRequestLog(103)) - Jetty request log can only be enabled using Log4j
2022-03-03 08:20:11,419 [Listener at 0.0.0.0/38499] INFO  http.HttpServer2 (HttpServer2.java:addGlobalFilter(1030)) - Added global filter 'safety' (class=org.apache.hadoop.hdds.server.http.HttpServer2$QuotingInputFilter)
2022-03-03 08:20:11,420 [Listener at 0.0.0.0/38499] INFO  http.HttpServer2 (HttpServer2.java:addFilter(1006)) - Added filter static_user_filter (class=org.apache.hadoop.http.lib.StaticUserWebFilter$StaticUserFilter) to context scm
2022-03-03 08:20:11,420 [Listener at 0.0.0.0/38499] INFO  http.HttpServer2 (HttpServer2.java:addFilter(1014)) - Added filter static_user_filter (class=org.apache.hadoop.http.lib.StaticUserWebFilter$StaticUserFilter) to context logs
2022-03-03 08:20:11,421 [Listener at 0.0.0.0/38499] INFO  http.HttpServer2 (HttpServer2.java:addFilter(1014)) - Added filter static_user_filter (class=org.apache.hadoop.http.lib.StaticUserWebFilter$StaticUserFilter) to context static
2022-03-03 08:20:11,422 [org.apache.hadoop.util.JvmPauseMonitor$Monitor@50001200] INFO  util.JvmPauseMonitor (JvmPauseMonitor.java:run(188)) - Starting JVM pause monitor
2022-03-03 08:20:11,424 [Listener at 0.0.0.0/38499] INFO  http.HttpServer2 (HttpServer2.java:bindListener(1249)) - Jetty bound to port 44591
2022-03-03 08:20:11,424 [Listener at 0.0.0.0/38499] INFO  server.Server (Server.java:doStart(375)) - jetty-9.4.43.v20210629; built: 2021-06-30T11:07:22.254Z; git: 526006ecfa3af7f1a27ef3a288e2bef7ea9dd7e8; jvm 1.8.0_322-b06
2022-03-03 08:20:11,440 [Listener at 0.0.0.0/38499] INFO  server.session (DefaultSessionIdManager.java:doStart(334)) - DefaultSessionIdManager workerName=node0
2022-03-03 08:20:11,441 [Listener at 0.0.0.0/38499] INFO  server.session (DefaultSessionIdManager.java:doStart(339)) - No SessionScavenger set, using defaults
2022-03-03 08:20:11,441 [Listener at 0.0.0.0/38499] INFO  server.session (HouseKeeper.java:startScavenging(132)) - node0 Scavenging every 600000ms
2022-03-03 08:20:11,442 [Listener at 0.0.0.0/38499] INFO  handler.ContextHandler (ContextHandler.java:doStart(915)) - Started o.e.j.s.ServletContextHandler@27672ed3{logs,/logs,file:///home/runner/work/ozone/ozone/hadoop-ozone/integration-test/target/log,AVAILABLE}
2022-03-03 08:20:11,443 [Listener at 0.0.0.0/38499] INFO  handler.ContextHandler (ContextHandler.java:doStart(915)) - Started o.e.j.s.ServletContextHandler@6bd3bb6{static,/static,file:///home/runner/work/ozone/ozone/hadoop-ozone/integration-test/target/test-classes/webapps/static,AVAILABLE}
2022-03-03 08:20:11,448 [Listener at 0.0.0.0/38499] INFO  handler.ContextHandler (ContextHandler.java:doStart(915)) - Started o.e.j.w.WebAppContext@4ed507b0{scm,/,file:///home/runner/work/ozone/ozone/hadoop-ozone/integration-test/target/test-classes/webapps/scm/,AVAILABLE}{file:/home/runner/work/ozone/ozone/hadoop-ozone/integration-test/target/test-classes/webapps/scm}
2022-03-03 08:20:11,462 [Listener at 0.0.0.0/38499] INFO  server.AbstractConnector (AbstractConnector.java:doStart(331)) - Started ServerConnector@7add9679{HTTP/1.1, (http/1.1)}{0.0.0.0:44591}
2022-03-03 08:20:11,462 [Listener at 0.0.0.0/38499] INFO  server.Server (Server.java:doStart(415)) - Started @93326ms
2022-03-03 08:20:11,462 [Listener at 0.0.0.0/38499] WARN  impl.MetricsSystemImpl (MetricsSystemImpl.java:register(279)) - Sink prometheus already exists!
2022-03-03 08:20:11,463 [Listener at 0.0.0.0/38499] INFO  http.BaseHttpServer (BaseHttpServer.java:updateConnectorAddress(329)) - HTTP server of scm listening at http://0.0.0.0:44591
2022-03-03 08:20:11,464 [Listener at 0.0.0.0/38499] INFO  ozone.MiniOzoneHAClusterImpl (MiniOzoneHAClusterImpl.java:createSCMService(600)) - Started SCM RPC server at /0.0.0.0:38499
2022-03-03 08:20:11,477 [Listener at 0.0.0.0/38499] INFO  ha.SCMHANodeDetails (SCMHANodeDetails.java:loadSCMHAConfig(157)) - ServiceID for StorageContainerManager is scm-service-test1
2022-03-03 08:20:11,477 [Listener at 0.0.0.0/38499] INFO  ha.SCMHANodeDetails (SCMHANodeDetails.java:loadSCMHAConfig(168)) - ServiceID for StorageContainerManager is scm-service-test1
2022-03-03 08:20:11,477 [Listener at 0.0.0.0/38499] WARN  scm.ScmUtils (ScmUtils.java:logWarn(179)) - ConfigKey ozone.scm.block.client.address is deprecated, For configuring different ports for each SCM use PortConfigKey ozone.scm.block.client.port appended with serviceId and nodeId. If want to configure same port configure ozone.scm.block.client.port
2022-03-03 08:20:11,478 [Listener at 0.0.0.0/38499] WARN  scm.ScmUtils (ScmUtils.java:logWarn(179)) - ConfigKey ozone.scm.client.address is deprecated, For configuring different ports for each SCM use PortConfigKey ozone.scm.client.port appended with serviceId and nodeId. If want to configure same port configure ozone.scm.client.port
2022-03-03 08:20:11,478 [Listener at 0.0.0.0/38499] WARN  scm.ScmUtils (ScmUtils.java:logWarn(179)) - ConfigKey ozone.scm.datanode.address is deprecated, For configuring different ports for each SCM use PortConfigKey ozone.scm.datanode.port appended with serviceId and nodeId. If want to configure same port configure ozone.scm.datanode.port
2022-03-03 08:20:11,479 [Listener at 0.0.0.0/38499] WARN  scm.ScmUtils (ScmUtils.java:logWarn(179)) - ConfigKey ozone.scm.block.client.address is deprecated, For configuring different ports for each SCM use PortConfigKey ozone.scm.block.client.port appended with serviceId and nodeId. If want to configure same port configure ozone.scm.block.client.port
2022-03-03 08:20:11,483 [Listener at 0.0.0.0/38499] WARN  scm.ScmUtils (ScmUtils.java:logWarn(179)) - ConfigKey ozone.scm.client.address is deprecated, For configuring different ports for each SCM use PortConfigKey ozone.scm.client.port appended with serviceId and nodeId. If want to configure same port configure ozone.scm.client.port
2022-03-03 08:20:11,484 [Listener at 0.0.0.0/38499] WARN  scm.ScmUtils (ScmUtils.java:logWarn(179)) - ConfigKey ozone.scm.datanode.address is deprecated, For configuring different ports for each SCM use PortConfigKey ozone.scm.datanode.port appended with serviceId and nodeId. If want to configure same port configure ozone.scm.datanode.port
2022-03-03 08:20:11,484 [Listener at 0.0.0.0/38499] INFO  ha.SCMHANodeDetails (SCMHANodeDetails.java:loadSCMHAConfig(250)) - Found matching SCM address with SCMServiceId: scm-service-test1, SCMNodeId: scmNode-3, RPC Address: localhost:39691 and Ratis port: 39691
2022-03-03 08:20:11,485 [Listener at 0.0.0.0/38499] INFO  ha.SCMHANodeDetails (ConfUtils.java:setNodeSpecificConfigs(108)) - Setting configuration key ozone.scm.datanode.address with value of key ozone.scm.datanode.address.scm-service-test1.scmNode-3: 127.0.0.1:34037
2022-03-03 08:20:11,485 [Listener at 0.0.0.0/38499] INFO  ha.SCMHANodeDetails (ConfUtils.java:setNodeSpecificConfigs(108)) - Setting configuration key ozone.scm.block.client.address with value of key ozone.scm.block.client.address.scm-service-test1.scmNode-3: 127.0.0.1:45815
2022-03-03 08:20:11,489 [Listener at 0.0.0.0/38499] INFO  ha.SCMHANodeDetails (ConfUtils.java:setNodeSpecificConfigs(108)) - Setting configuration key ozone.scm.client.address with value of key ozone.scm.client.address.scm-service-test1.scmNode-3: 127.0.0.1:46085
2022-03-03 08:20:11,492 [Listener at 0.0.0.0/38499] INFO  ha.SCMHANodeDetails (ConfUtils.java:setNodeSpecificConfigs(108)) - Setting configuration key ozone.scm.ratis.port with value of key ozone.scm.ratis.port.scm-service-test1.scmNode-3: 39691
2022-03-03 08:20:11,493 [Listener at 0.0.0.0/38499] INFO  ha.SCMHANodeDetails (ConfUtils.java:setNodeSpecificConfigs(108)) - Setting configuration key ozone.scm.grpc.port with value of key ozone.scm.grpc.port.scm-service-test1.scmNode-3: 44835
2022-03-03 08:20:11,493 [Listener at 0.0.0.0/38499] INFO  ha.SCMHANodeDetails (ConfUtils.java:setNodeSpecificConfigs(108)) - Setting configuration key ozone.scm.http-address with value of key ozone.scm.http-address.scm-service-test1.scmNode-3: 127.0.0.1:42097
2022-03-03 08:20:11,493 [Listener at 0.0.0.0/38499] INFO  ha.SCMHANodeDetails (ConfUtils.java:setNodeSpecificConfigs(108)) - Setting configuration key ozone.scm.https-address with value of key ozone.scm.https-address.scm-service-test1.scmNode-3: 127.0.0.1:38717
2022-03-03 08:20:11,493 [Listener at 0.0.0.0/38499] INFO  ha.SCMHANodeDetails (ConfUtils.java:setNodeSpecificConfigs(108)) - Setting configuration key ozone.scm.address with value of key ozone.scm.address.scm-service-test1.scmNode-3: 127.0.0.1
2022-03-03 08:20:11,493 [Listener at 0.0.0.0/38499] WARN  scm.ScmUtils (ScmUtils.java:logWarn(179)) - ConfigKey ozone.scm.block.client.address is deprecated, For configuring different ports for each SCM use PortConfigKey ozone.scm.block.client.port appended with serviceId and nodeId. If want to configure same port configure ozone.scm.block.client.port
2022-03-03 08:20:11,494 [Listener at 0.0.0.0/38499] WARN  scm.ScmUtils (ScmUtils.java:logWarn(179)) - ConfigKey ozone.scm.client.address is deprecated, For configuring different ports for each SCM use PortConfigKey ozone.scm.client.port appended with serviceId and nodeId. If want to configure same port configure ozone.scm.client.port
2022-03-03 08:20:11,494 [Listener at 0.0.0.0/38499] WARN  scm.ScmUtils (ScmUtils.java:logWarn(179)) - ConfigKey ozone.scm.datanode.address is deprecated, For configuring different ports for each SCM use PortConfigKey ozone.scm.datanode.port appended with serviceId and nodeId. If want to configure same port configure ozone.scm.datanode.port
2022-03-03 08:20:11,495 [Listener at 0.0.0.0/38499] WARN  server.ServerUtils (ServerUtils.java:getScmDbDir(148)) - ozone.scm.db.dirs is not configured. We recommend adding this setting. Falling back to ozone.metadata.dirs instead.
2022-03-03 08:20:11,497 [Listener at 0.0.0.0/38499] INFO  ha.SCMNodeInfo (SCMNodeInfo.java:getPort(197)) - ConfigKey ozone.scm.client.address is deprecated, For configuring different ports for each SCM use PortConfigKey ozone.scm.client.port appended with serviceId and nodeId
2022-03-03 08:20:11,501 [Listener at 0.0.0.0/38499] INFO  ha.SCMNodeInfo (SCMNodeInfo.java:getPort(197)) - ConfigKey ozone.scm.block.client.address is deprecated, For configuring different ports for each SCM use PortConfigKey ozone.scm.block.client.port appended with serviceId and nodeId
2022-03-03 08:20:11,501 [Listener at 0.0.0.0/38499] INFO  ha.SCMNodeInfo (SCMNodeInfo.java:getPort(197)) - ConfigKey ozone.scm.datanode.address is deprecated, For configuring different ports for each SCM use PortConfigKey ozone.scm.datanode.port appended with serviceId and nodeId
2022-03-03 08:20:11,501 [Listener at 0.0.0.0/38499] INFO  ha.SCMNodeInfo (SCMNodeInfo.java:getPort(197)) - ConfigKey ozone.scm.client.address is deprecated, For configuring different ports for each SCM use PortConfigKey ozone.scm.client.port appended with serviceId and nodeId
2022-03-03 08:20:11,501 [Listener at 0.0.0.0/38499] INFO  ha.SCMNodeInfo (SCMNodeInfo.java:getPort(197)) - ConfigKey ozone.scm.block.client.address is deprecated, For configuring different ports for each SCM use PortConfigKey ozone.scm.block.client.port appended with serviceId and nodeId
2022-03-03 08:20:11,502 [Listener at 0.0.0.0/38499] INFO  ha.SCMNodeInfo (SCMNodeInfo.java:getPort(197)) - ConfigKey ozone.scm.datanode.address is deprecated, For configuring different ports for each SCM use PortConfigKey ozone.scm.datanode.port appended with serviceId and nodeId
2022-03-03 08:20:11,502 [Listener at 0.0.0.0/38499] INFO  ha.SCMNodeInfo (SCMNodeInfo.java:getPort(197)) - ConfigKey ozone.scm.client.address is deprecated, For configuring different ports for each SCM use PortConfigKey ozone.scm.client.port appended with serviceId and nodeId
2022-03-03 08:20:11,503 [Listener at 0.0.0.0/38499] INFO  ha.SCMNodeInfo (SCMNodeInfo.java:getPort(197)) - ConfigKey ozone.scm.block.client.address is deprecated, For configuring different ports for each SCM use PortConfigKey ozone.scm.block.client.port appended with serviceId and nodeId
2022-03-03 08:20:11,503 [Listener at 0.0.0.0/38499] INFO  ha.SCMNodeInfo (SCMNodeInfo.java:getPort(197)) - ConfigKey ozone.scm.datanode.address is deprecated, For configuring different ports for each SCM use PortConfigKey ozone.scm.datanode.port appended with serviceId and nodeId
2022-03-03 08:20:11,529 [Listener at 0.0.0.0/38499] INFO  server.StorageContainerManager (StorageContainerManager.java:scmBootstrap(1011)) - SCM BootStrap  is successful for ClusterID 5b82a1ad-a074-4eb8-9e24-eb4e8d1567b6, SCMID 1ba03041-f5a8-4c87-98f5-638ac16258b5
2022-03-03 08:20:11,529 [Listener at 0.0.0.0/38499] INFO  server.StorageContainerManager (StorageContainerManager.java:scmBootstrap(1013)) - Primary SCM Node ID e7338982-199b-4e5a-937e-5a36927222d8
2022-03-03 08:20:11,529 [Listener at 0.0.0.0/38499] INFO  ha.SCMHANodeDetails (SCMHANodeDetails.java:loadSCMHAConfig(157)) - ServiceID for StorageContainerManager is scm-service-test1
2022-03-03 08:20:11,529 [Listener at 0.0.0.0/38499] INFO  ha.SCMHANodeDetails (SCMHANodeDetails.java:loadSCMHAConfig(168)) - ServiceID for StorageContainerManager is scm-service-test1
2022-03-03 08:20:11,530 [Listener at 0.0.0.0/38499] WARN  scm.ScmUtils (ScmUtils.java:logWarn(179)) - ConfigKey ozone.scm.block.client.address is deprecated, For configuring different ports for each SCM use PortConfigKey ozone.scm.block.client.port appended with serviceId and nodeId. If want to configure same port configure ozone.scm.block.client.port
2022-03-03 08:20:11,530 [Listener at 0.0.0.0/38499] WARN  scm.ScmUtils (ScmUtils.java:logWarn(179)) - ConfigKey ozone.scm.client.address is deprecated, For configuring different ports for each SCM use PortConfigKey ozone.scm.client.port appended with serviceId and nodeId. If want to configure same port configure ozone.scm.client.port
2022-03-03 08:20:11,530 [Listener at 0.0.0.0/38499] WARN  scm.ScmUtils (ScmUtils.java:logWarn(179)) - ConfigKey ozone.scm.datanode.address is deprecated, For configuring different ports for each SCM use PortConfigKey ozone.scm.datanode.port appended with serviceId and nodeId. If want to configure same port configure ozone.scm.datanode.port
2022-03-03 08:20:11,531 [Listener at 0.0.0.0/38499] WARN  scm.ScmUtils (ScmUtils.java:logWarn(179)) - ConfigKey ozone.scm.block.client.address is deprecated, For configuring different ports for each SCM use PortConfigKey ozone.scm.block.client.port appended with serviceId and nodeId. If want to configure same port configure ozone.scm.block.client.port
2022-03-03 08:20:11,531 [Listener at 0.0.0.0/38499] WARN  scm.ScmUtils (ScmUtils.java:logWarn(179)) - ConfigKey ozone.scm.client.address is deprecated, For configuring different ports for each SCM use PortConfigKey ozone.scm.client.port appended with serviceId and nodeId. If want to configure same port configure ozone.scm.client.port
2022-03-03 08:20:11,531 [Listener at 0.0.0.0/38499] WARN  scm.ScmUtils (ScmUtils.java:logWarn(179)) - ConfigKey ozone.scm.datanode.address is deprecated, For configuring different ports for each SCM use PortConfigKey ozone.scm.datanode.port appended with serviceId and nodeId. If want to configure same port configure ozone.scm.datanode.port
2022-03-03 08:20:11,531 [Listener at 0.0.0.0/38499] INFO  ha.SCMHANodeDetails (SCMHANodeDetails.java:loadSCMHAConfig(250)) - Found matching SCM address with SCMServiceId: scm-service-test1, SCMNodeId: scmNode-3, RPC Address: localhost:39691 and Ratis port: 39691
2022-03-03 08:20:11,532 [Listener at 0.0.0.0/38499] INFO  ha.SCMHANodeDetails (ConfUtils.java:setNodeSpecificConfigs(108)) - Setting configuration key ozone.scm.datanode.address with value of key ozone.scm.datanode.address.scm-service-test1.scmNode-3: 127.0.0.1:34037
2022-03-03 08:20:11,532 [Listener at 0.0.0.0/38499] INFO  ha.SCMHANodeDetails (ConfUtils.java:setNodeSpecificConfigs(108)) - Setting configuration key ozone.scm.block.client.address with value of key ozone.scm.block.client.address.scm-service-test1.scmNode-3: 127.0.0.1:45815
2022-03-03 08:20:11,532 [Listener at 0.0.0.0/38499] INFO  ha.SCMHANodeDetails (ConfUtils.java:setNodeSpecificConfigs(108)) - Setting configuration key ozone.scm.client.address with value of key ozone.scm.client.address.scm-service-test1.scmNode-3: 127.0.0.1:46085
2022-03-03 08:20:11,532 [Listener at 0.0.0.0/38499] INFO  ha.SCMHANodeDetails (ConfUtils.java:setNodeSpecificConfigs(108)) - Setting configuration key ozone.scm.ratis.port with value of key ozone.scm.ratis.port.scm-service-test1.scmNode-3: 39691
2022-03-03 08:20:11,532 [Listener at 0.0.0.0/38499] INFO  ha.SCMHANodeDetails (ConfUtils.java:setNodeSpecificConfigs(108)) - Setting configuration key ozone.scm.grpc.port with value of key ozone.scm.grpc.port.scm-service-test1.scmNode-3: 44835
2022-03-03 08:20:11,532 [Listener at 0.0.0.0/38499] INFO  ha.SCMHANodeDetails (ConfUtils.java:setNodeSpecificConfigs(108)) - Setting configuration key ozone.scm.http-address with value of key ozone.scm.http-address.scm-service-test1.scmNode-3: 127.0.0.1:42097
2022-03-03 08:20:11,532 [Listener at 0.0.0.0/38499] INFO  ha.SCMHANodeDetails (ConfUtils.java:setNodeSpecificConfigs(108)) - Setting configuration key ozone.scm.https-address with value of key ozone.scm.https-address.scm-service-test1.scmNode-3: 127.0.0.1:38717
2022-03-03 08:20:11,532 [Listener at 0.0.0.0/38499] INFO  ha.SCMHANodeDetails (ConfUtils.java:setNodeSpecificConfigs(108)) - Setting configuration key ozone.scm.address with value of key ozone.scm.address.scm-service-test1.scmNode-3: 127.0.0.1
2022-03-03 08:20:11,533 [Listener at 0.0.0.0/38499] WARN  scm.ScmUtils (ScmUtils.java:logWarn(179)) - ConfigKey ozone.scm.block.client.address is deprecated, For configuring different ports for each SCM use PortConfigKey ozone.scm.block.client.port appended with serviceId and nodeId. If want to configure same port configure ozone.scm.block.client.port
2022-03-03 08:20:11,534 [Listener at 0.0.0.0/38499] WARN  scm.ScmUtils (ScmUtils.java:logWarn(179)) - ConfigKey ozone.scm.client.address is deprecated, For configuring different ports for each SCM use PortConfigKey ozone.scm.client.port appended with serviceId and nodeId. If want to configure same port configure ozone.scm.client.port
2022-03-03 08:20:11,534 [Listener at 0.0.0.0/38499] WARN  scm.ScmUtils (ScmUtils.java:logWarn(179)) - ConfigKey ozone.scm.datanode.address is deprecated, For configuring different ports for each SCM use PortConfigKey ozone.scm.datanode.port appended with serviceId and nodeId. If want to configure same port configure ozone.scm.datanode.port
2022-03-03 08:20:11,535 [Listener at 0.0.0.0/38499] WARN  server.ServerUtils (ServerUtils.java:getScmDbDir(148)) - ozone.scm.db.dirs is not configured. We recommend adding this setting. Falling back to ozone.metadata.dirs instead.
2022-03-03 08:20:11,537 [Listener at 0.0.0.0/38499] INFO  upgrade.AbstractLayoutVersionManager (AbstractLayoutVersionManager.java:init(79)) - Initializing Layout version manager with metadata layout = SCM_HA (version = 2), software layout = SCM_HA (version = 2)
2022-03-03 08:20:11,684 [Listener at 0.0.0.0/38499] INFO  reflections.Reflections (Reflections.java:scan(232)) - Reflections took 146 ms to scan 7 urls, producing 122 keys and 286 values 
2022-03-03 08:20:11,686 [Listener at 0.0.0.0/38499] WARN  utils.HAUtils (HAUtils.java:getMetaDir(342)) - ozone.scm.db.dirs is not configured. We recommend adding this setting. Falling back to ozone.metadata.dirs instead.
2022-03-03 08:20:11,693 [Listener at 0.0.0.0/38499] WARN  db.DBStoreBuilder (DBStoreBuilder.java:applyDBDefinition(145)) - ozone.scm.db.dirs is not configured. We recommend adding this setting. Falling back to ozone.metadata.dirs instead.
2022-03-03 08:20:11,808 [EndpointStateMachine task thread for /127.0.0.1:43363 - 0 ] INFO  ipc.Client (Client.java:handleConnectionFailure(977)) - Retrying connect to server: localhost/127.0.0.1:43363. Already tried 9 time(s); retry policy is RetryUpToMaximumCountWithFixedSleep(maxRetries=15, sleepTime=1000 MILLISECONDS)
2022-03-03 08:20:11,869 [Listener at 0.0.0.0/38499] INFO  net.NodeSchemaLoader (NodeSchemaLoader.java:loadSchemaFromFile(129)) - Loading schema from [jar:file:/home/runner/.m2/repository/org/apache/ozone/hdds-common/1.3.0-SNAPSHOT/hdds-common-1.3.0-SNAPSHOT.jar!/network-topology-default.xml]
2022-03-03 08:20:11,872 [Listener at 0.0.0.0/38499] INFO  net.NodeSchemaLoader (NodeSchemaLoader.java:loadSchema(176)) - Loading network topology layer schema file
2022-03-03 08:20:11,882 [Listener at 0.0.0.0/38499] WARN  impl.MetricRegistriesImpl (MetricRegistriesImpl.java:addReporterRegistration(111)) - New reporters are added after registries were created. Some metrics will be missing from the reporter. Please add reporter before adding any new registry.
2022-03-03 08:20:11,882 [Listener at 0.0.0.0/38499] WARN  impl.MetricRegistriesImpl (MetricRegistriesImpl.java:addReporterRegistration(111)) - New reporters are added after registries were created. Some metrics will be missing from the reporter. Please add reporter before adding any new registry.
2022-03-03 08:20:11,883 [EndpointStateMachine task thread for /127.0.0.1:45429 - 0 ] INFO  ipc.Client (Client.java:handleConnectionFailure(977)) - Retrying connect to server: localhost/127.0.0.1:45429. Already tried 10 time(s); retry policy is RetryUpToMaximumCountWithFixedSleep(maxRetries=15, sleepTime=1000 MILLISECONDS)
2022-03-03 08:20:11,883 [Listener at 0.0.0.0/38499] INFO  ha.SCMRatisServerImpl (SCMRatisServerImpl.java:<init>(87)) - starting Raft server for scm:1ba03041-f5a8-4c87-98f5-638ac16258b5
2022-03-03 08:20:11,885 [Listener at 0.0.0.0/38499] INFO  server.RaftServer (ConfUtils.java:logGet(44)) - raft.rpc.type = GRPC (default)
2022-03-03 08:20:11,885 [EndpointStateMachine task thread for /127.0.0.1:39861 - 0 ] INFO  ipc.Client (Client.java:handleConnectionFailure(977)) - Retrying connect to server: localhost/127.0.0.1:39861. Already tried 9 time(s); retry policy is RetryUpToMaximumCountWithFixedSleep(maxRetries=15, sleepTime=1000 MILLISECONDS)
2022-03-03 08:20:11,887 [Listener at 0.0.0.0/38499] INFO  grpc.GrpcFactory (GrpcFactory.java:checkPooledByteBufAllocatorUseCacheForAllThreads(48)) - PERFORMANCE WARNING: useCacheForAllThreads is true that may cause Netty to create a lot garbage objects and, as a result, trigger GC.
	It is recommended to disable useCacheForAllThreads by setting -Dorg.apache.ratis.thirdparty.io.netty.allocator.useCacheForAllThreads=false in command line.
2022-03-03 08:20:11,887 [Listener at 0.0.0.0/38499] INFO  grpc.GrpcConfigKeys (ConfUtils.java:logGet(44)) - raft.grpc.admin.port = -1 (default)
2022-03-03 08:20:11,890 [Listener at 0.0.0.0/38499] INFO  grpc.GrpcConfigKeys (ConfUtils.java:logGet(44)) - raft.grpc.server.port = 39691 (custom)
2022-03-03 08:20:11,891 [Listener at 0.0.0.0/38499] INFO  grpc.GrpcConfigKeys (ConfUtils.java:logGet(44)) - raft.grpc.client.port = -1 (default)
2022-03-03 08:20:11,891 [Listener at 0.0.0.0/38499] INFO  grpc.GrpcConfigKeys (ConfUtils.java:logGet(44)) - raft.grpc.server.port = 39691 (custom)
2022-03-03 08:20:11,891 [Listener at 0.0.0.0/38499] INFO  grpc.GrpcConfigKeys (ConfUtils.java:logGet(44)) - raft.grpc.server.port = 39691 (custom)
2022-03-03 08:20:11,891 [Listener at 0.0.0.0/38499] INFO  server.GrpcService (ConfUtils.java:logGet(44)) - raft.grpc.message.size.max = 32m (=33554432) (custom)
2022-03-03 08:20:11,892 [Listener at 0.0.0.0/38499] INFO  server.RaftServerConfigKeys (ConfUtils.java:logGet(44)) - raft.server.log.appender.buffer.byte-limit = 33554432 (custom)
2022-03-03 08:20:11,892 [Listener at 0.0.0.0/38499] INFO  server.GrpcService (ConfUtils.java:logGet(44)) - raft.grpc.flow.control.window = 1MB (=1048576) (default)
2022-03-03 08:20:11,893 [Listener at 0.0.0.0/38499] INFO  server.RaftServerConfigKeys (ConfUtils.java:logGet(44)) - raft.server.rpc.request.timeout = 30000ms (custom)
2022-03-03 08:20:11,895 [Listener at 0.0.0.0/38499] INFO  impl.DataStreamServerImpl (ConfUtils.java:logGet(44)) - raft.datastream.type = DISABLED (default)
2022-03-03 08:20:11,895 [Listener at 0.0.0.0/38499] INFO  server.RaftServerConfigKeys (ConfUtils.java:logGet(44)) - raft.server.rpc.slowness.timeout = 120000ms (custom)
2022-03-03 08:20:11,895 [Listener at 0.0.0.0/38499] INFO  server.RaftServerConfigKeys (ConfUtils.java:logGet(44)) - raft.server.leaderelection.leader.step-down.wait-time = 10s (default)
2022-03-03 08:20:11,896 [Listener at 0.0.0.0/38499] INFO  server.RaftServerConfigKeys (ConfUtils.java:logGet(44)) - raft.server.storage.dir = [/home/runner/work/ozone/ozone/hadoop-ozone/integration-test/target/test-dir/MiniOzoneClusterImpl-5b82a1ad-a074-4eb8-9e24-eb4e8d1567b6/scmNode-3/scm-ha] (custom)
2022-03-03 08:20:11,896 [Listener at 0.0.0.0/38499] INFO  server.RaftServer (RaftServerProxy.java:addNew(95)) - 1ba03041-f5a8-4c87-98f5-638ac16258b5: addNew group-EB4E8D1567B6:[] returns group-EB4E8D1567B6:java.util.concurrent.CompletableFuture@386aa805[Not completed]
2022-03-03 08:20:11,897 [pool-314-thread-1] INFO  server.RaftServer$Division (RaftServerImpl.java:<init>(184)) - 1ba03041-f5a8-4c87-98f5-638ac16258b5: new RaftServerImpl for group-EB4E8D1567B6:[] with SCMStateMachine:uninitialized
2022-03-03 08:20:11,897 [pool-314-thread-1] INFO  server.RaftServerConfigKeys (ConfUtils.java:logGet(44)) - raft.server.rpc.timeout.min = 5000ms (custom)
2022-03-03 08:20:11,897 [pool-314-thread-1] INFO  server.RaftServerConfigKeys (ConfUtils.java:logGet(44)) - raft.server.rpc.timeout.max = 5200ms (custom)
2022-03-03 08:20:11,897 [pool-314-thread-1] INFO  server.RaftServerConfigKeys (ConfUtils.java:logGet(44)) - raft.server.rpc.sleep.time = 25ms (default)
2022-03-03 08:20:11,900 [pool-314-thread-1] INFO  server.RaftServerConfigKeys (ConfUtils.java:logGet(44)) - raft.server.rpc.slowness.timeout = 120000ms (custom)
2022-03-03 08:20:11,902 [pool-314-thread-1] INFO  server.RaftServerConfigKeys (ConfUtils.java:logGet(44)) - raft.server.leaderelection.leader.step-down.wait-time = 10s (default)
2022-03-03 08:20:11,902 [pool-314-thread-1] INFO  server.RaftServerConfigKeys (ConfUtils.java:logGet(44)) - raft.server.sleep.deviation.threshold = 300ms (default)
2022-03-03 08:20:11,902 [pool-314-thread-1] INFO  server.RaftServerConfigKeys (ConfUtils.java:logGet(44)) - raft.server.log.appender.install.snapshot.enabled = false (custom)
2022-03-03 08:20:11,902 [pool-314-thread-1] INFO  server.RaftServer$Division (ServerState.java:<init>(105)) - 1ba03041-f5a8-4c87-98f5-638ac16258b5@group-EB4E8D1567B6: ConfigurationManager, init=-1: [], old=null, confs=<EMPTY_MAP>
2022-03-03 08:20:11,903 [pool-314-thread-1] INFO  server.RaftServerConfigKeys (ConfUtils.java:logGet(44)) - raft.server.storage.dir = [/home/runner/work/ozone/ozone/hadoop-ozone/integration-test/target/test-dir/MiniOzoneClusterImpl-5b82a1ad-a074-4eb8-9e24-eb4e8d1567b6/scmNode-3/scm-ha] (custom)
2022-03-03 08:20:11,903 [pool-314-thread-1] INFO  server.RaftServerConfigKeys (ConfUtils.java:logGet(44)) - raft.server.log.corruption.policy = EXCEPTION (default)
2022-03-03 08:20:11,903 [pool-314-thread-1] INFO  server.RaftServerConfigKeys (ConfUtils.java:logGet(44)) - raft.server.storage.free-space.min = 0MB (=0) (default)
2022-03-03 08:20:11,903 [pool-314-thread-1] INFO  storage.RaftStorageDirectory (RaftStorageDirectoryImpl.java:analyzeStorage(135)) - The storage directory /home/runner/work/ozone/ozone/hadoop-ozone/integration-test/target/test-dir/MiniOzoneClusterImpl-5b82a1ad-a074-4eb8-9e24-eb4e8d1567b6/scmNode-3/scm-ha/5b82a1ad-a074-4eb8-9e24-eb4e8d1567b6 does not exist. Creating ...
2022-03-03 08:20:11,912 [pool-314-thread-1] INFO  storage.RaftStorageDirectory (RaftStorageDirectoryImpl.java:tryLock(230)) - Lock on /home/runner/work/ozone/ozone/hadoop-ozone/integration-test/target/test-dir/MiniOzoneClusterImpl-5b82a1ad-a074-4eb8-9e24-eb4e8d1567b6/scmNode-3/scm-ha/5b82a1ad-a074-4eb8-9e24-eb4e8d1567b6/in_use.lock acquired by nodename 8757@fv-az501-749
2022-03-03 08:20:11,919 [pool-314-thread-1] INFO  storage.RaftStorage (RaftStorageImpl.java:format(89)) - Storage directory /home/runner/work/ozone/ozone/hadoop-ozone/integration-test/target/test-dir/MiniOzoneClusterImpl-5b82a1ad-a074-4eb8-9e24-eb4e8d1567b6/scmNode-3/scm-ha/5b82a1ad-a074-4eb8-9e24-eb4e8d1567b6 has been successfully formatted.
2022-03-03 08:20:11,919 [pool-314-thread-1] INFO  server.RaftServerConfigKeys (ConfUtils.java:logGet(44)) - raft.server.notification.no-leader.timeout = 60s (default)
2022-03-03 08:20:11,919 [pool-314-thread-1] INFO  server.RaftServerConfigKeys (ConfUtils.java:logGet(44)) - raft.server.log.use.memory = false (default)
2022-03-03 08:20:11,920 [pool-314-thread-1] INFO  server.RaftServerConfigKeys (ConfUtils.java:logGet(44)) - raft.server.log.purge.gap = 5 (custom)
2022-03-03 08:20:11,920 [pool-314-thread-1] INFO  server.RaftServerConfigKeys (ConfUtils.java:logGet(44)) - raft.server.log.appender.buffer.byte-limit = 33554432 (custom)
2022-03-03 08:20:11,920 [pool-314-thread-1] INFO  server.RaftServerConfigKeys (ConfUtils.java:logGet(44)) - raft.server.log.segment.size.max = 4194304 (custom)
2022-03-03 08:20:11,921 [pool-314-thread-1] INFO  server.RaftServerConfigKeys (ConfUtils.java:logGet(44)) - raft.server.log.segment.cache.num.max = 2 (custom)
2022-03-03 08:20:11,921 [pool-314-thread-1] INFO  server.RaftServerConfigKeys (ConfUtils.java:logGet(44)) - raft.server.log.segment.cache.size.max = 200MB (=209715200) (default)
2022-03-03 08:20:11,921 [pool-314-thread-1] INFO  segmented.SegmentedRaftLogWorker (SegmentedRaftLogWorker.java:<init>(182)) - new 1ba03041-f5a8-4c87-98f5-638ac16258b5@group-EB4E8D1567B6-SegmentedRaftLogWorker for RaftStorageImpl:Storage Directory /home/runner/work/ozone/ozone/hadoop-ozone/integration-test/target/test-dir/MiniOzoneClusterImpl-5b82a1ad-a074-4eb8-9e24-eb4e8d1567b6/scmNode-3/scm-ha/5b82a1ad-a074-4eb8-9e24-eb4e8d1567b6
2022-03-03 08:20:11,921 [pool-314-thread-1] INFO  server.RaftServerConfigKeys (ConfUtils.java:logGet(44)) - raft.server.log.queue.byte-limit = 64MB (=67108864) (default)
2022-03-03 08:20:11,921 [pool-314-thread-1] INFO  server.RaftServerConfigKeys (ConfUtils.java:logGet(44)) - raft.server.log.queue.element-limit = 4096 (default)
2022-03-03 08:20:11,921 [pool-314-thread-1] INFO  server.RaftServerConfigKeys (ConfUtils.java:logGet(44)) - raft.server.log.segment.size.max = 4194304 (custom)
2022-03-03 08:20:11,921 [pool-314-thread-1] INFO  server.RaftServerConfigKeys (ConfUtils.java:logGet(44)) - raft.server.log.preallocated.size = 4194304 (custom)
2022-03-03 08:20:11,922 [pool-314-thread-1] INFO  server.RaftServerConfigKeys (ConfUtils.java:logGet(44)) - raft.server.log.force.sync.num = 128 (default)
2022-03-03 08:20:11,922 [pool-314-thread-1] INFO  server.RaftServerConfigKeys (ConfUtils.java:logGet(44)) - raft.server.log.statemachine.data.sync = true (default)
2022-03-03 08:20:11,922 [pool-314-thread-1] INFO  server.RaftServerConfigKeys (ConfUtils.java:logGet(44)) - raft.server.log.statemachine.data.sync.timeout = 10s (default)
2022-03-03 08:20:11,922 [pool-314-thread-1] INFO  server.RaftServerConfigKeys (ConfUtils.java:logGet(44)) - raft.server.log.statemachine.data.sync.timeout.retry = -1 (default)
2022-03-03 08:20:11,923 [pool-314-thread-1] INFO  server.RaftServerConfigKeys (ConfUtils.java:logGet(44)) - raft.server.log.write.buffer.size = 64KB (=65536) (default)
2022-03-03 08:20:11,923 [pool-314-thread-1] INFO  server.RaftServerConfigKeys (ConfUtils.java:logGet(44)) - raft.server.log.statemachine.data.caching.enabled = false (default)
2022-03-03 08:20:11,923 [pool-314-thread-1] INFO  segmented.SegmentedRaftLogWorker (SegmentedRaftLogWorker.java:lambda$new$0(133)) - 1ba03041-f5a8-4c87-98f5-638ac16258b5@group-EB4E8D1567B6-SegmentedRaftLogWorker: flushIndex: setUnconditionally 0 -> -1
2022-03-03 08:20:11,924 [pool-314-thread-1] INFO  segmented.SegmentedRaftLogWorker (SegmentedRaftLogWorker.java:lambda$new$0(133)) - 1ba03041-f5a8-4c87-98f5-638ac16258b5@group-EB4E8D1567B6-SegmentedRaftLogWorker: safeCacheEvictIndex: setUnconditionally 0 -> -1
2022-03-03 08:20:11,924 [pool-314-thread-1] INFO  server.RaftServerConfigKeys (ConfUtils.java:logGet(44)) - raft.server.snapshot.auto.trigger.enabled = true (custom)
2022-03-03 08:20:11,924 [pool-314-thread-1] INFO  server.RaftServerConfigKeys (ConfUtils.java:logGet(44)) - raft.server.snapshot.auto.trigger.threshold = 5 (custom)
2022-03-03 08:20:11,924 [pool-314-thread-1] INFO  server.RaftServerConfigKeys (ConfUtils.java:logGet(44)) - raft.server.snapshot.retention.file.num = -1 (default)
2022-03-03 08:20:11,924 [pool-314-thread-1] INFO  server.RaftServerConfigKeys (ConfUtils.java:logGet(44)) - raft.server.log.purge.upto.snapshot.index = true (custom)
2022-03-03 08:20:11,924 [pool-314-thread-1] INFO  server.RaftServerConfigKeys (ConfUtils.java:logGet(44)) - raft.server.retrycache.expirytime = 60000ms (default)
2022-03-03 08:20:11,925 [pool-314-thread-1] INFO  server.RaftServerConfigKeys (ConfUtils.java:logGet(44)) - raft.server.retrycache.statistics.expirytime = 100μs (default)
2022-03-03 08:20:11,926 [Listener at 0.0.0.0/38499] INFO  ha.SCMSnapshotProvider (SCMSnapshotProvider.java:<init>(66)) - Initializing SCM Snapshot Provider
2022-03-03 08:20:11,926 [Listener at 0.0.0.0/38499] WARN  server.ServerUtils (ServerUtils.java:getDefaultRatisDirectory(237)) - Storage directory for Ratis is not configured. It is a good idea to map this to an SSD disk. Falling back to ozone.metadata.dirs
2022-03-03 08:20:11,927 [Listener at 0.0.0.0/38499] WARN  ha.SCMHAUtils (SCMHAUtils.java:getSCMRatisSnapshotDirectory(151)) - SCM snapshot dir is not configured. Falling back to ozone.metadata.dirs config
2022-03-03 08:20:11,929 [Listener at 0.0.0.0/38499] INFO  ha.SequenceIdGenerator (SequenceIdGenerator.java:upgradeToSequenceId(347)) - upgrade localId to 109611004723200000
2022-03-03 08:20:11,929 [Listener at 0.0.0.0/38499] INFO  ha.SequenceIdGenerator (SequenceIdGenerator.java:upgradeToSequenceId(357)) - upgrade delTxnId to 0
2022-03-03 08:20:11,930 [Listener at 0.0.0.0/38499] INFO  ha.SequenceIdGenerator (SequenceIdGenerator.java:upgradeToSequenceId(371)) - upgrade containerId to 0
2022-03-03 08:20:11,930 [Listener at 0.0.0.0/38499] INFO  ha.SequenceIdGenerator (SequenceIdGenerator.java:<init>(218)) - Init the HA SequenceIdGenerator.
2022-03-03 08:20:11,931 [Listener at 0.0.0.0/38499] WARN  server.ServerUtils (ServerUtils.java:sanitizeUserArgs(73)) - ozone.scm.stale.node.interval value = 300000 is larger than max = 100000 based on the key value of ozone.scm.heartbeat.thread.interval, reset to the max value 100000.
2022-03-03 08:20:11,931 [Listener at 0.0.0.0/38499] WARN  server.ServerUtils (ServerUtils.java:sanitizeUserArgs(73)) - ozone.scm.stale.node.interval value = 300000 is larger than max = 100000 based on the key value of ozone.scm.heartbeat.thread.interval, reset to the max value 100000.
2022-03-03 08:20:11,932 [Listener at 0.0.0.0/38499] INFO  node.SCMNodeManager (SCMNodeManager.java:<init>(146)) - Entering startup safe mode.
2022-03-03 08:20:11,934 [Listener at 0.0.0.0/38499] INFO  algorithms.ContainerPlacementPolicyFactory (ContainerPlacementPolicyFactory.java:getPolicy(60)) - Create container placement policy of type org.apache.hadoop.hdds.scm.container.placement.algorithms.SCMContainerPlacementRandom
2022-03-03 08:20:11,934 [Listener at 0.0.0.0/38499] INFO  pipeline.PipelineStateManagerImpl (PipelineStateManagerImpl.java:initialize(78)) - No pipeline exists in current db
2022-03-03 08:20:11,935 [Listener at 0.0.0.0/38499] INFO  algorithms.LeaderChoosePolicyFactory (LeaderChoosePolicyFactory.java:getPolicy(57)) - Create leader choose policy of type org.apache.hadoop.hdds.scm.pipeline.leader.choose.algorithms.MinLeaderCountChoosePolicy
2022-03-03 08:20:11,936 [Listener at 0.0.0.0/38499] INFO  ha.SCMServiceManager (SCMServiceManager.java:register(42)) - Registering service BackgroundPipelineCreator.
2022-03-03 08:20:11,936 [Listener at 0.0.0.0/38499] INFO  pipeline.BackgroundPipelineCreator (BackgroundPipelineCreator.java:start(130)) - Starting RatisPipelineUtilsThread.
2022-03-03 08:20:11,938 [Listener at 0.0.0.0/38499] INFO  algorithms.PipelineChoosePolicyFactory (PipelineChoosePolicyFactory.java:createPipelineChoosePolicyFromClass(73)) - Create pipeline choose policy of type org.apache.hadoop.hdds.scm.pipeline.choose.algorithms.RandomPipelineChoosePolicy
2022-03-03 08:20:11,938 [Listener at 0.0.0.0/38499] INFO  ha.SCMServiceManager (SCMServiceManager.java:register(42)) - Registering service SCMBlockDeletingService.
2022-03-03 08:20:11,939 [Listener at 0.0.0.0/38499] INFO  ha.SCMServiceManager (SCMServiceManager.java:register(42)) - Registering service ReplicationManager.
2022-03-03 08:20:11,939 [Listener at 0.0.0.0/38499] INFO  container.ReplicationManager (ReplicationManager.java:start(326)) - Starting Replication Monitor Thread.
2022-03-03 08:20:11,940 [Listener at 0.0.0.0/38499] INFO  safemode.ContainerSafeModeRule (ContainerSafeModeRule.java:<init>(89)) - containers with one replica threshold count 0
2022-03-03 08:20:11,941 [Listener at 0.0.0.0/38499] INFO  safemode.HealthyPipelineSafeModeRule (HealthyPipelineSafeModeRule.java:initializeRule(156)) - Total pipeline count is 0, healthy pipeline threshold count is 1
2022-03-03 08:20:11,941 [Listener at 0.0.0.0/38499] INFO  safemode.OneReplicaPipelineSafeModeRule (OneReplicaPipelineSafeModeRule.java:initializeRule(180)) - Total pipeline count is 0, pipeline's with at least one datanode reported threshold count is 0
2022-03-03 08:20:11,942 [Listener at 0.0.0.0/38499] INFO  ipc.CallQueueManager (CallQueueManager.java:<init>(90)) - Using callQueue: class java.util.concurrent.LinkedBlockingQueue, queueCapacity: 2000, scheduler: class org.apache.hadoop.ipc.DefaultRpcScheduler, ipcBackoff: false.
2022-03-03 08:20:11,943 [Socket Reader #1 for port 34037] INFO  ipc.Server (Server.java:run(1265)) - Starting Socket Reader #1 for port 34037
2022-03-03 08:20:11,945 [Listener at 0.0.0.0/34037] INFO  ipc.CallQueueManager (CallQueueManager.java:<init>(90)) - Using callQueue: class java.util.concurrent.LinkedBlockingQueue, queueCapacity: 2000, scheduler: class org.apache.hadoop.ipc.DefaultRpcScheduler, ipcBackoff: false.
2022-03-03 08:20:11,955 [Socket Reader #1 for port 45815] INFO  ipc.Server (Server.java:run(1265)) - Starting Socket Reader #1 for port 45815
2022-03-03 08:20:11,968 [ReplicationMonitor] INFO  container.ReplicationManager (ReplicationManager.java:processAll(374)) - Replication Manager is not ready to run until 3000ms after safemode exit
2022-03-03 08:20:11,969 [Listener at 0.0.0.0/45815] INFO  ipc.CallQueueManager (CallQueueManager.java:<init>(90)) - Using callQueue: class java.util.concurrent.LinkedBlockingQueue, queueCapacity: 2000, scheduler: class org.apache.hadoop.ipc.DefaultRpcScheduler, ipcBackoff: false.
2022-03-03 08:20:11,970 [Socket Reader #1 for port 46085] INFO  ipc.Server (Server.java:run(1265)) - Starting Socket Reader #1 for port 46085
2022-03-03 08:20:12,038 [Listener at 0.0.0.0/46085] INFO  server.StorageContainerManager (StorageContainerManager.java:<init>(389)) - 
Container Balancer status:
Key                            Value
Running                        false
Container Balancer Configuration values:
Key                                                Value
Threshold                                          10
Max Datanodes to Involve per Iteration(percent)    20
Max Size to Move per Iteration                     500GB
Max Size Entering Target per Iteration             26GB
Max Size Leaving Source per Iteration              26GB

2022-03-03 08:20:12,039 [Listener at 0.0.0.0/46085] WARN  events.EventQueue (EventQueue.java:fireEvent(194)) - No event handler registered for event TypedEvent{payloadType=SafeModeStatus, name='Safe mode status'}
2022-03-03 08:20:12,040 [Listener at 0.0.0.0/46085] INFO  ha.SCMContext (SCMContext.java:updateSafeModeStatus(211)) - Update SafeModeStatus from SafeModeStatus{safeModeStatus=true, preCheckPassed=false} to SafeModeStatus{safeModeStatus=true, preCheckPassed=false}.
2022-03-03 08:20:12,042 [Listener at 0.0.0.0/46085] INFO  ozone.MiniOzoneHAClusterImpl (MiniOzoneHAClusterImpl.java:createSCMService(604)) - Intialized SCM at /0.0.0.0:46085. This SCM is currently inactive (not running).
2022-03-03 08:20:12,043 [Listener at 0.0.0.0/46085] INFO  ha.OMHANodeDetails (OMHANodeDetails.java:loadOMHAConfig(118)) - ServiceID for OzoneManager is om-service-test1
2022-03-03 08:20:12,045 [Listener at 0.0.0.0/46085] INFO  ha.OMHANodeDetails (OMHANodeDetails.java:loadOMHAConfig(193)) - Found matching OM address with OMServiceId: om-service-test1, OMNodeId: omNode-1, RPC Address: localhost:42883 and Ratis port: 44619
2022-03-03 08:20:12,046 [Listener at 0.0.0.0/46085] INFO  ha.OMHANodeDetails (ConfUtils.java:setNodeSpecificConfigs(108)) - Setting configuration key ozone.om.http-address with value of key ozone.om.http-address.om-service-test1.omNode-1: 127.0.0.1:35279
2022-03-03 08:20:12,046 [Listener at 0.0.0.0/46085] INFO  ha.OMHANodeDetails (ConfUtils.java:setNodeSpecificConfigs(108)) - Setting configuration key ozone.om.https-address with value of key ozone.om.https-address.om-service-test1.omNode-1: 127.0.0.1:35445
2022-03-03 08:20:12,047 [Listener at 0.0.0.0/46085] INFO  ha.OMHANodeDetails (ConfUtils.java:setNodeSpecificConfigs(108)) - Setting configuration key ozone.om.address with value of key ozone.om.address.om-service-test1.omNode-1: 127.0.0.1:42883
2022-03-03 08:20:12,047 [Listener at 0.0.0.0/46085] WARN  server.ServerUtils (ServerUtils.java:getDBPath(225)) - ozone.om.db.dirs is not configured. We recommend adding this setting. Falling back to ozone.metadata.dirs instead.
2022-03-03 08:20:12,048 [Listener at 0.0.0.0/46085] INFO  ha.SCMNodeInfo (SCMNodeInfo.java:getPort(197)) - ConfigKey ozone.scm.client.address is deprecated, For configuring different ports for each SCM use PortConfigKey ozone.scm.client.port appended with serviceId and nodeId
2022-03-03 08:20:12,048 [Listener at 0.0.0.0/46085] INFO  ha.SCMNodeInfo (SCMNodeInfo.java:getPort(197)) - ConfigKey ozone.scm.block.client.address is deprecated, For configuring different ports for each SCM use PortConfigKey ozone.scm.block.client.port appended with serviceId and nodeId
2022-03-03 08:20:12,048 [Listener at 0.0.0.0/46085] INFO  ha.SCMNodeInfo (SCMNodeInfo.java:getPort(197)) - ConfigKey ozone.scm.datanode.address is deprecated, For configuring different ports for each SCM use PortConfigKey ozone.scm.datanode.port appended with serviceId and nodeId
2022-03-03 08:20:12,049 [Listener at 0.0.0.0/46085] INFO  ha.SCMNodeInfo (SCMNodeInfo.java:getPort(197)) - ConfigKey ozone.scm.client.address is deprecated, For configuring different ports for each SCM use PortConfigKey ozone.scm.client.port appended with serviceId and nodeId
2022-03-03 08:20:12,049 [Listener at 0.0.0.0/46085] INFO  ha.SCMNodeInfo (SCMNodeInfo.java:getPort(197)) - ConfigKey ozone.scm.block.client.address is deprecated, For configuring different ports for each SCM use PortConfigKey ozone.scm.block.client.port appended with serviceId and nodeId
2022-03-03 08:20:12,049 [Listener at 0.0.0.0/46085] INFO  ha.SCMNodeInfo (SCMNodeInfo.java:getPort(197)) - ConfigKey ozone.scm.datanode.address is deprecated, For configuring different ports for each SCM use PortConfigKey ozone.scm.datanode.port appended with serviceId and nodeId
2022-03-03 08:20:12,049 [Listener at 0.0.0.0/46085] INFO  ha.SCMNodeInfo (SCMNodeInfo.java:getPort(197)) - ConfigKey ozone.scm.client.address is deprecated, For configuring different ports for each SCM use PortConfigKey ozone.scm.client.port appended with serviceId and nodeId
2022-03-03 08:20:12,049 [Listener at 0.0.0.0/46085] INFO  ha.SCMNodeInfo (SCMNodeInfo.java:getPort(197)) - ConfigKey ozone.scm.block.client.address is deprecated, For configuring different ports for each SCM use PortConfigKey ozone.scm.block.client.port appended with serviceId and nodeId
2022-03-03 08:20:12,050 [Listener at 0.0.0.0/46085] INFO  ha.SCMNodeInfo (SCMNodeInfo.java:getPort(197)) - ConfigKey ozone.scm.datanode.address is deprecated, For configuring different ports for each SCM use PortConfigKey ozone.scm.datanode.port appended with serviceId and nodeId
OM initialization succeeded.Current cluster id for sd=/home/runner/work/ozone/ozone/hadoop-ozone/integration-test/target/test-dir/MiniOzoneClusterImpl-5b82a1ad-a074-4eb8-9e24-eb4e8d1567b6/omNode-1/om;cid=5b82a1ad-a074-4eb8-9e24-eb4e8d1567b6;layoutVersion=0
2022-03-03 08:20:12,065 [Listener at 0.0.0.0/46085] INFO  ha.OMHANodeDetails (OMHANodeDetails.java:loadOMHAConfig(118)) - ServiceID for OzoneManager is om-service-test1
2022-03-03 08:20:12,066 [Listener at 0.0.0.0/46085] INFO  ha.OMHANodeDetails (OMHANodeDetails.java:loadOMHAConfig(193)) - Found matching OM address with OMServiceId: om-service-test1, OMNodeId: omNode-1, RPC Address: localhost:42883 and Ratis port: 44619
2022-03-03 08:20:12,066 [Listener at 0.0.0.0/46085] INFO  ha.OMHANodeDetails (ConfUtils.java:setNodeSpecificConfigs(108)) - Setting configuration key ozone.om.http-address with value of key ozone.om.http-address.om-service-test1.omNode-1: 127.0.0.1:35279
2022-03-03 08:20:12,066 [Listener at 0.0.0.0/46085] INFO  ha.OMHANodeDetails (ConfUtils.java:setNodeSpecificConfigs(108)) - Setting configuration key ozone.om.https-address with value of key ozone.om.https-address.om-service-test1.omNode-1: 127.0.0.1:35445
2022-03-03 08:20:12,066 [Listener at 0.0.0.0/46085] INFO  ha.OMHANodeDetails (ConfUtils.java:setNodeSpecificConfigs(108)) - Setting configuration key ozone.om.address with value of key ozone.om.address.om-service-test1.omNode-1: 127.0.0.1:42883
2022-03-03 08:20:12,066 [Listener at 0.0.0.0/46085] WARN  server.ServerUtils (ServerUtils.java:getDBPath(225)) - ozone.om.db.dirs is not configured. We recommend adding this setting. Falling back to ozone.metadata.dirs instead.
2022-03-03 08:20:12,067 [Listener at 0.0.0.0/46085] INFO  upgrade.AbstractLayoutVersionManager (AbstractLayoutVersionManager.java:init(79)) - Initializing Layout version manager with metadata layout = INITIAL_VERSION (version = 0), software layout = INITIAL_VERSION (version = 0)
2022-03-03 08:20:12,186 [Listener at 0.0.0.0/46085] INFO  reflections.Reflections (Reflections.java:scan(232)) - Reflections took 118 ms to scan 2 urls, producing 134 keys and 349 values [using 2 cores]
2022-03-03 08:20:12,187 [Listener at 0.0.0.0/46085] INFO  upgrade.OMLayoutVersionManager (OMLayoutVersionManager.java:lambda$0(115)) - Skipping Upgrade Action MockOmUpgradeAction since it has been finalized.
2022-03-03 08:20:12,187 [Listener at 0.0.0.0/46085] WARN  server.ServerUtils (ServerUtils.java:getDBPath(225)) - ozone.om.db.dirs is not configured. We recommend adding this setting. Falling back to ozone.metadata.dirs instead.
2022-03-03 08:20:12,188 [Listener at 0.0.0.0/46085] INFO  ha.SCMNodeInfo (SCMNodeInfo.java:getPort(197)) - ConfigKey ozone.scm.client.address is deprecated, For configuring different ports for each SCM use PortConfigKey ozone.scm.client.port appended with serviceId and nodeId
2022-03-03 08:20:12,188 [Listener at 0.0.0.0/46085] INFO  ha.SCMNodeInfo (SCMNodeInfo.java:getPort(197)) - ConfigKey ozone.scm.block.client.address is deprecated, For configuring different ports for each SCM use PortConfigKey ozone.scm.block.client.port appended with serviceId and nodeId
2022-03-03 08:20:12,188 [Listener at 0.0.0.0/46085] INFO  ha.SCMNodeInfo (SCMNodeInfo.java:getPort(197)) - ConfigKey ozone.scm.datanode.address is deprecated, For configuring different ports for each SCM use PortConfigKey ozone.scm.datanode.port appended with serviceId and nodeId
2022-03-03 08:20:12,189 [Listener at 0.0.0.0/46085] INFO  ha.SCMNodeInfo (SCMNodeInfo.java:getPort(197)) - ConfigKey ozone.scm.client.address is deprecated, For configuring different ports for each SCM use PortConfigKey ozone.scm.client.port appended with serviceId and nodeId
2022-03-03 08:20:12,189 [Listener at 0.0.0.0/46085] INFO  ha.SCMNodeInfo (SCMNodeInfo.java:getPort(197)) - ConfigKey ozone.scm.block.client.address is deprecated, For configuring different ports for each SCM use PortConfigKey ozone.scm.block.client.port appended with serviceId and nodeId
2022-03-03 08:20:12,189 [Listener at 0.0.0.0/46085] INFO  ha.SCMNodeInfo (SCMNodeInfo.java:getPort(197)) - ConfigKey ozone.scm.datanode.address is deprecated, For configuring different ports for each SCM use PortConfigKey ozone.scm.datanode.port appended with serviceId and nodeId
2022-03-03 08:20:12,189 [Listener at 0.0.0.0/46085] INFO  ha.SCMNodeInfo (SCMNodeInfo.java:getPort(197)) - ConfigKey ozone.scm.client.address is deprecated, For configuring different ports for each SCM use PortConfigKey ozone.scm.client.port appended with serviceId and nodeId
2022-03-03 08:20:12,190 [Listener at 0.0.0.0/46085] INFO  ha.SCMNodeInfo (SCMNodeInfo.java:getPort(197)) - ConfigKey ozone.scm.block.client.address is deprecated, For configuring different ports for each SCM use PortConfigKey ozone.scm.block.client.port appended with serviceId and nodeId
2022-03-03 08:20:12,190 [Listener at 0.0.0.0/46085] INFO  ha.SCMNodeInfo (SCMNodeInfo.java:getPort(197)) - ConfigKey ozone.scm.datanode.address is deprecated, For configuring different ports for each SCM use PortConfigKey ozone.scm.datanode.port appended with serviceId and nodeId
2022-03-03 08:20:12,192 [Listener at 0.0.0.0/46085] INFO  ha.SCMNodeInfo (SCMNodeInfo.java:getPort(197)) - ConfigKey ozone.scm.client.address is deprecated, For configuring different ports for each SCM use PortConfigKey ozone.scm.client.port appended with serviceId and nodeId
2022-03-03 08:20:12,193 [Listener at 0.0.0.0/46085] INFO  ha.SCMNodeInfo (SCMNodeInfo.java:getPort(197)) - ConfigKey ozone.scm.block.client.address is deprecated, For configuring different ports for each SCM use PortConfigKey ozone.scm.block.client.port appended with serviceId and nodeId
2022-03-03 08:20:12,193 [Listener at 0.0.0.0/46085] INFO  ha.SCMNodeInfo (SCMNodeInfo.java:getPort(197)) - ConfigKey ozone.scm.datanode.address is deprecated, For configuring different ports for each SCM use PortConfigKey ozone.scm.datanode.port appended with serviceId and nodeId
2022-03-03 08:20:12,193 [Listener at 0.0.0.0/46085] INFO  ha.SCMNodeInfo (SCMNodeInfo.java:getPort(197)) - ConfigKey ozone.scm.client.address is deprecated, For configuring different ports for each SCM use PortConfigKey ozone.scm.client.port appended with serviceId and nodeId
2022-03-03 08:20:12,193 [Listener at 0.0.0.0/46085] INFO  ha.SCMNodeInfo (SCMNodeInfo.java:getPort(197)) - ConfigKey ozone.scm.block.client.address is deprecated, For configuring different ports for each SCM use PortConfigKey ozone.scm.block.client.port appended with serviceId and nodeId
2022-03-03 08:20:12,194 [Listener at 0.0.0.0/46085] INFO  ha.SCMNodeInfo (SCMNodeInfo.java:getPort(197)) - ConfigKey ozone.scm.datanode.address is deprecated, For configuring different ports for each SCM use PortConfigKey ozone.scm.datanode.port appended with serviceId and nodeId
2022-03-03 08:20:12,194 [Listener at 0.0.0.0/46085] INFO  ha.SCMNodeInfo (SCMNodeInfo.java:getPort(197)) - ConfigKey ozone.scm.client.address is deprecated, For configuring different ports for each SCM use PortConfigKey ozone.scm.client.port appended with serviceId and nodeId
2022-03-03 08:20:12,194 [Listener at 0.0.0.0/46085] INFO  ha.SCMNodeInfo (SCMNodeInfo.java:getPort(197)) - ConfigKey ozone.scm.block.client.address is deprecated, For configuring different ports for each SCM use PortConfigKey ozone.scm.block.client.port appended with serviceId and nodeId
2022-03-03 08:20:12,195 [Listener at 0.0.0.0/46085] INFO  ha.SCMNodeInfo (SCMNodeInfo.java:getPort(197)) - ConfigKey ozone.scm.datanode.address is deprecated, For configuring different ports for each SCM use PortConfigKey ozone.scm.datanode.port appended with serviceId and nodeId
2022-03-03 08:20:12,196 [Listener at 0.0.0.0/46085] INFO  ha.SCMNodeInfo (SCMNodeInfo.java:getPort(197)) - ConfigKey ozone.scm.client.address is deprecated, For configuring different ports for each SCM use PortConfigKey ozone.scm.client.port appended with serviceId and nodeId
2022-03-03 08:20:12,196 [Listener at 0.0.0.0/46085] INFO  ha.SCMNodeInfo (SCMNodeInfo.java:getPort(197)) - ConfigKey ozone.scm.block.client.address is deprecated, For configuring different ports for each SCM use PortConfigKey ozone.scm.block.client.port appended with serviceId and nodeId
2022-03-03 08:20:12,196 [Listener at 0.0.0.0/46085] INFO  ha.SCMNodeInfo (SCMNodeInfo.java:getPort(197)) - ConfigKey ozone.scm.datanode.address is deprecated, For configuring different ports for each SCM use PortConfigKey ozone.scm.datanode.port appended with serviceId and nodeId
2022-03-03 08:20:12,197 [Listener at 0.0.0.0/46085] INFO  ha.SCMNodeInfo (SCMNodeInfo.java:getPort(197)) - ConfigKey ozone.scm.client.address is deprecated, For configuring different ports for each SCM use PortConfigKey ozone.scm.client.port appended with serviceId and nodeId
2022-03-03 08:20:12,197 [Listener at 0.0.0.0/46085] INFO  ha.SCMNodeInfo (SCMNodeInfo.java:getPort(197)) - ConfigKey ozone.scm.block.client.address is deprecated, For configuring different ports for each SCM use PortConfigKey ozone.scm.block.client.port appended with serviceId and nodeId
2022-03-03 08:20:12,201 [Listener at 0.0.0.0/46085] INFO  ha.SCMNodeInfo (SCMNodeInfo.java:getPort(197)) - ConfigKey ozone.scm.datanode.address is deprecated, For configuring different ports for each SCM use PortConfigKey ozone.scm.datanode.port appended with serviceId and nodeId
2022-03-03 08:20:12,201 [Listener at 0.0.0.0/46085] INFO  ha.SCMNodeInfo (SCMNodeInfo.java:getPort(197)) - ConfigKey ozone.scm.client.address is deprecated, For configuring different ports for each SCM use PortConfigKey ozone.scm.client.port appended with serviceId and nodeId
2022-03-03 08:20:12,201 [Listener at 0.0.0.0/46085] INFO  ha.SCMNodeInfo (SCMNodeInfo.java:getPort(197)) - ConfigKey ozone.scm.block.client.address is deprecated, For configuring different ports for each SCM use PortConfigKey ozone.scm.block.client.port appended with serviceId and nodeId
2022-03-03 08:20:12,202 [Listener at 0.0.0.0/46085] INFO  ha.SCMNodeInfo (SCMNodeInfo.java:getPort(197)) - ConfigKey ozone.scm.datanode.address is deprecated, For configuring different ports for each SCM use PortConfigKey ozone.scm.datanode.port appended with serviceId and nodeId
2022-03-03 08:20:12,219 [Listener at 0.0.0.0/46085] WARN  server.ServerUtils (ServerUtils.java:getDBPath(225)) - ozone.om.db.dirs is not configured. We recommend adding this setting. Falling back to ozone.metadata.dirs instead.
2022-03-03 08:20:12,221 [Listener at 0.0.0.0/46085] INFO  codec.OmKeyInfoCodec (OmKeyInfoCodec.java:<init>(50)) - OmKeyInfoCodec ignorePipeline = true
2022-03-03 08:20:12,221 [Listener at 0.0.0.0/46085] INFO  codec.RepeatedOmKeyInfoCodec (RepeatedOmKeyInfoCodec.java:<init>(42)) - RepeatedOmKeyInfoCodec ignorePipeline = true
2022-03-03 08:20:12,557 [Listener at 0.0.0.0/46085] INFO  om.OzoneManager (OzoneManager.java:addS3GVolumeToDB(3733)) - Created Volume s3v With Owner runner required for S3Gateway operations.
2022-03-03 08:20:12,557 [Listener at 0.0.0.0/46085] WARN  server.ServerUtils (ServerUtils.java:getDefaultRatisDirectory(237)) - Storage directory for Ratis is not configured. It is a good idea to map this to an SSD disk. Falling back to ozone.metadata.dirs
2022-03-03 08:20:12,558 [Listener at 0.0.0.0/46085] WARN  utils.OzoneManagerRatisUtils (OzoneManagerRatisUtils.java:getOMRatisSnapshotDirectory(330)) - ozone.om.ratis.snapshot.dir is not configured. Falling back to ozone.metadata.dirs config
2022-03-03 08:20:12,558 [Listener at 0.0.0.0/46085] WARN  impl.MetricRegistriesImpl (MetricRegistriesImpl.java:addReporterRegistration(111)) - New reporters are added after registries were created. Some metrics will be missing from the reporter. Please add reporter before adding any new registry.
2022-03-03 08:20:12,558 [Listener at 0.0.0.0/46085] WARN  impl.MetricRegistriesImpl (MetricRegistriesImpl.java:addReporterRegistration(111)) - New reporters are added after registries were created. Some metrics will be missing from the reporter. Please add reporter before adding any new registry.
2022-03-03 08:20:12,559 [Listener at 0.0.0.0/46085] WARN  server.ServerUtils (ServerUtils.java:getDefaultRatisDirectory(237)) - Storage directory for Ratis is not configured. It is a good idea to map this to an SSD disk. Falling back to ozone.metadata.dirs
2022-03-03 08:20:12,560 [Listener at 0.0.0.0/46085] INFO  ratis.OzoneManagerRatisServer (OzoneManagerRatisServer.java:<init>(159)) - Instantiating OM Ratis server with groupID: om-service-test1 and peers: localhost:44619
2022-03-03 08:20:12,560 [Listener at 0.0.0.0/46085] INFO  ratis.OzoneManagerStateMachine (OzoneManagerStateMachine.java:loadSnapshotInfoFromDB(605)) - LastAppliedIndex is set from TransactionInfo from OM DB as (t:0, i:~)
2022-03-03 08:20:12,568 [Listener at 0.0.0.0/46085] INFO  server.RaftServer (ConfUtils.java:logGet(44)) - raft.rpc.type = GRPC (default)
2022-03-03 08:20:12,568 [Listener at 0.0.0.0/46085] INFO  grpc.GrpcFactory (GrpcFactory.java:checkPooledByteBufAllocatorUseCacheForAllThreads(48)) - PERFORMANCE WARNING: useCacheForAllThreads is true that may cause Netty to create a lot garbage objects and, as a result, trigger GC.
	It is recommended to disable useCacheForAllThreads by setting -Dorg.apache.ratis.thirdparty.io.netty.allocator.useCacheForAllThreads=false in command line.
2022-03-03 08:20:12,568 [Listener at 0.0.0.0/46085] INFO  grpc.GrpcConfigKeys (ConfUtils.java:logGet(44)) - raft.grpc.admin.port = -1 (default)
2022-03-03 08:20:12,569 [Listener at 0.0.0.0/46085] INFO  grpc.GrpcConfigKeys (ConfUtils.java:logGet(44)) - raft.grpc.server.port = 44619 (custom)
2022-03-03 08:20:12,569 [Listener at 0.0.0.0/46085] INFO  grpc.GrpcConfigKeys (ConfUtils.java:logGet(44)) - raft.grpc.client.port = -1 (default)
2022-03-03 08:20:12,569 [Listener at 0.0.0.0/46085] INFO  grpc.GrpcConfigKeys (ConfUtils.java:logGet(44)) - raft.grpc.server.port = 44619 (custom)
2022-03-03 08:20:12,569 [Listener at 0.0.0.0/46085] INFO  grpc.GrpcConfigKeys (ConfUtils.java:logGet(44)) - raft.grpc.server.port = 44619 (custom)
2022-03-03 08:20:12,569 [Listener at 0.0.0.0/46085] INFO  server.GrpcService (ConfUtils.java:logGet(44)) - raft.grpc.message.size.max = 33554432 (custom)
2022-03-03 08:20:12,570 [Listener at 0.0.0.0/46085] INFO  server.RaftServerConfigKeys (ConfUtils.java:logGet(44)) - raft.server.log.appender.buffer.byte-limit = 33554432 (custom)
2022-03-03 08:20:12,570 [Listener at 0.0.0.0/46085] INFO  server.GrpcService (ConfUtils.java:logGet(44)) - raft.grpc.flow.control.window = 1MB (=1048576) (default)
2022-03-03 08:20:12,570 [Listener at 0.0.0.0/46085] INFO  server.RaftServerConfigKeys (ConfUtils.java:logGet(44)) - raft.server.rpc.request.timeout = 3000ms (default)
2022-03-03 08:20:12,572 [Listener at 0.0.0.0/46085] INFO  impl.DataStreamServerImpl (ConfUtils.java:logGet(44)) - raft.datastream.type = DISABLED (default)
2022-03-03 08:20:12,572 [Listener at 0.0.0.0/46085] INFO  server.RaftServerConfigKeys (ConfUtils.java:logGet(44)) - raft.server.rpc.slowness.timeout = 2s (custom)
2022-03-03 08:20:12,572 [Listener at 0.0.0.0/46085] INFO  server.RaftServerConfigKeys (ConfUtils.java:logGet(44)) - raft.server.leaderelection.leader.step-down.wait-time = 10s (default)
2022-03-03 08:20:12,572 [Listener at 0.0.0.0/46085] INFO  server.RaftServerConfigKeys (ConfUtils.java:logGet(44)) - raft.server.storage.dir = [/home/runner/work/ozone/ozone/hadoop-ozone/integration-test/target/test-dir/MiniOzoneClusterImpl-5b82a1ad-a074-4eb8-9e24-eb4e8d1567b6/omNode-1/ratis] (custom)
2022-03-03 08:20:12,581 [Listener at 0.0.0.0/46085] INFO  server.RaftServer (RaftServerProxy.java:addNew(95)) - omNode-1: addNew group-523986131536:[omNode-1|rpc:localhost:44619|priority:0] returns group-523986131536:java.util.concurrent.CompletableFuture@9b44d4f[Not completed]
2022-03-03 08:20:12,582 [Listener at 0.0.0.0/46085] INFO  om.OzoneManager (OzoneManager.java:initializeRatisServer(1834)) - OzoneManager Ratis server initialized at port 44619
2022-03-03 08:20:12,582 [pool-348-thread-1] INFO  server.RaftServer$Division (RaftServerImpl.java:<init>(184)) - omNode-1: new RaftServerImpl for group-523986131536:[omNode-1|rpc:localhost:44619|priority:0] with OzoneManagerStateMachine:uninitialized
2022-03-03 08:20:12,582 [pool-348-thread-1] INFO  server.RaftServerConfigKeys (ConfUtils.java:logGet(44)) - raft.server.rpc.timeout.min = 1s (custom)
2022-03-03 08:20:12,582 [pool-348-thread-1] INFO  server.RaftServerConfigKeys (ConfUtils.java:logGet(44)) - raft.server.rpc.timeout.max = 1200ms (custom)
2022-03-03 08:20:12,582 [pool-348-thread-1] INFO  server.RaftServerConfigKeys (ConfUtils.java:logGet(44)) - raft.server.rpc.sleep.time = 25ms (default)
2022-03-03 08:20:12,582 [pool-348-thread-1] INFO  server.RaftServerConfigKeys (ConfUtils.java:logGet(44)) - raft.server.rpc.slowness.timeout = 2s (custom)
2022-03-03 08:20:12,582 [pool-348-thread-1] INFO  server.RaftServerConfigKeys (ConfUtils.java:logGet(44)) - raft.server.leaderelection.leader.step-down.wait-time = 10s (default)
2022-03-03 08:20:12,582 [pool-348-thread-1] INFO  server.RaftServerConfigKeys (ConfUtils.java:logGet(44)) - raft.server.sleep.deviation.threshold = 300ms (default)
2022-03-03 08:20:12,583 [pool-348-thread-1] INFO  server.RaftServerConfigKeys (ConfUtils.java:logGet(44)) - raft.server.log.appender.install.snapshot.enabled = false (custom)
2022-03-03 08:20:12,583 [pool-348-thread-1] INFO  server.RaftServer$Division (ServerState.java:<init>(105)) - omNode-1@group-523986131536: ConfigurationManager, init=-1: [omNode-1|rpc:localhost:44619|priority:0], old=null, confs=<EMPTY_MAP>
2022-03-03 08:20:12,583 [pool-348-thread-1] INFO  server.RaftServerConfigKeys (ConfUtils.java:logGet(44)) - raft.server.storage.dir = [/home/runner/work/ozone/ozone/hadoop-ozone/integration-test/target/test-dir/MiniOzoneClusterImpl-5b82a1ad-a074-4eb8-9e24-eb4e8d1567b6/omNode-1/ratis] (custom)
2022-03-03 08:20:12,583 [pool-348-thread-1] INFO  server.RaftServerConfigKeys (ConfUtils.java:logGet(44)) - raft.server.log.corruption.policy = EXCEPTION (default)
2022-03-03 08:20:12,583 [pool-348-thread-1] INFO  server.RaftServerConfigKeys (ConfUtils.java:logGet(44)) - raft.server.storage.free-space.min = 0MB (=0) (default)
2022-03-03 08:20:12,583 [Listener at 0.0.0.0/46085] INFO  ipc.CallQueueManager (CallQueueManager.java:<init>(90)) - Using callQueue: class java.util.concurrent.LinkedBlockingQueue, queueCapacity: 2000, scheduler: class org.apache.hadoop.ipc.DefaultRpcScheduler, ipcBackoff: false.
2022-03-03 08:20:12,583 [pool-348-thread-1] INFO  storage.RaftStorageDirectory (RaftStorageDirectoryImpl.java:analyzeStorage(135)) - The storage directory /home/runner/work/ozone/ozone/hadoop-ozone/integration-test/target/test-dir/MiniOzoneClusterImpl-5b82a1ad-a074-4eb8-9e24-eb4e8d1567b6/omNode-1/ratis/c9bc4cf4-3bc3-3c60-a66b-523986131536 does not exist. Creating ...
2022-03-03 08:20:12,591 [pool-348-thread-1] INFO  storage.RaftStorageDirectory (RaftStorageDirectoryImpl.java:tryLock(230)) - Lock on /home/runner/work/ozone/ozone/hadoop-ozone/integration-test/target/test-dir/MiniOzoneClusterImpl-5b82a1ad-a074-4eb8-9e24-eb4e8d1567b6/omNode-1/ratis/c9bc4cf4-3bc3-3c60-a66b-523986131536/in_use.lock acquired by nodename 8757@fv-az501-749
2022-03-03 08:20:12,594 [pool-348-thread-1] INFO  storage.RaftStorage (RaftStorageImpl.java:format(89)) - Storage directory /home/runner/work/ozone/ozone/hadoop-ozone/integration-test/target/test-dir/MiniOzoneClusterImpl-5b82a1ad-a074-4eb8-9e24-eb4e8d1567b6/omNode-1/ratis/c9bc4cf4-3bc3-3c60-a66b-523986131536 has been successfully formatted.
2022-03-03 08:20:12,594 [pool-348-thread-1] INFO  server.RaftServerConfigKeys (ConfUtils.java:logGet(44)) - raft.server.notification.no-leader.timeout = 2s (custom)
2022-03-03 08:20:12,594 [pool-348-thread-1] INFO  server.RaftServerConfigKeys (ConfUtils.java:logGet(44)) - raft.server.log.use.memory = false (default)
2022-03-03 08:20:12,594 [pool-348-thread-1] INFO  server.RaftServerConfigKeys (ConfUtils.java:logGet(44)) - raft.server.log.purge.gap = 1000000 (custom)
2022-03-03 08:20:12,594 [pool-348-thread-1] INFO  server.RaftServerConfigKeys (ConfUtils.java:logGet(44)) - raft.server.log.appender.buffer.byte-limit = 33554432 (custom)
2022-03-03 08:20:12,595 [pool-348-thread-1] INFO  server.RaftServerConfigKeys (ConfUtils.java:logGet(44)) - raft.server.log.segment.size.max = 4194304 (custom)
2022-03-03 08:20:12,595 [pool-348-thread-1] INFO  server.RaftServerConfigKeys (ConfUtils.java:logGet(44)) - raft.server.log.segment.cache.num.max = 2 (custom)
2022-03-03 08:20:12,595 [pool-348-thread-1] INFO  server.RaftServerConfigKeys (ConfUtils.java:logGet(44)) - raft.server.log.segment.cache.size.max = 200MB (=209715200) (default)
2022-03-03 08:20:12,596 [pool-348-thread-1] INFO  segmented.SegmentedRaftLogWorker (SegmentedRaftLogWorker.java:<init>(182)) - new omNode-1@group-523986131536-SegmentedRaftLogWorker for RaftStorageImpl:Storage Directory /home/runner/work/ozone/ozone/hadoop-ozone/integration-test/target/test-dir/MiniOzoneClusterImpl-5b82a1ad-a074-4eb8-9e24-eb4e8d1567b6/omNode-1/ratis/c9bc4cf4-3bc3-3c60-a66b-523986131536
2022-03-03 08:20:12,596 [pool-348-thread-1] INFO  server.RaftServerConfigKeys (ConfUtils.java:logGet(44)) - raft.server.log.queue.byte-limit = 64MB (=67108864) (default)
2022-03-03 08:20:12,596 [pool-348-thread-1] INFO  server.RaftServerConfigKeys (ConfUtils.java:logGet(44)) - raft.server.log.queue.element-limit = 4096 (default)
2022-03-03 08:20:12,596 [pool-348-thread-1] INFO  server.RaftServerConfigKeys (ConfUtils.java:logGet(44)) - raft.server.log.segment.size.max = 4194304 (custom)
2022-03-03 08:20:12,596 [pool-348-thread-1] INFO  server.RaftServerConfigKeys (ConfUtils.java:logGet(44)) - raft.server.log.preallocated.size = 4194304 (custom)
2022-03-03 08:20:12,596 [pool-348-thread-1] INFO  server.RaftServerConfigKeys (ConfUtils.java:logGet(44)) - raft.server.log.force.sync.num = 128 (default)
2022-03-03 08:20:12,596 [pool-348-thread-1] INFO  server.RaftServerConfigKeys (ConfUtils.java:logGet(44)) - raft.server.log.statemachine.data.sync = true (default)
2022-03-03 08:20:12,596 [pool-348-thread-1] INFO  server.RaftServerConfigKeys (ConfUtils.java:logGet(44)) - raft.server.log.statemachine.data.sync.timeout = 10s (default)
2022-03-03 08:20:12,596 [pool-348-thread-1] INFO  server.RaftServerConfigKeys (ConfUtils.java:logGet(44)) - raft.server.log.statemachine.data.sync.timeout.retry = -1 (default)
2022-03-03 08:20:12,602 [pool-348-thread-1] INFO  server.RaftServerConfigKeys (ConfUtils.java:logGet(44)) - raft.server.log.write.buffer.size = 64KB (=65536) (default)
2022-03-03 08:20:12,603 [pool-348-thread-1] INFO  server.RaftServerConfigKeys (ConfUtils.java:logGet(44)) - raft.server.log.statemachine.data.caching.enabled = false (default)
2022-03-03 08:20:12,603 [pool-348-thread-1] INFO  segmented.SegmentedRaftLogWorker (SegmentedRaftLogWorker.java:lambda$new$0(133)) - omNode-1@group-523986131536-SegmentedRaftLogWorker: flushIndex: setUnconditionally 0 -> -1
2022-03-03 08:20:12,603 [pool-348-thread-1] INFO  segmented.SegmentedRaftLogWorker (SegmentedRaftLogWorker.java:lambda$new$0(133)) - omNode-1@group-523986131536-SegmentedRaftLogWorker: safeCacheEvictIndex: setUnconditionally 0 -> -1
2022-03-03 08:20:12,603 [Socket Reader #1 for port 42883] INFO  ipc.Server (Server.java:run(1265)) - Starting Socket Reader #1 for port 42883
2022-03-03 08:20:12,612 [pool-348-thread-1] INFO  server.RaftServerConfigKeys (ConfUtils.java:logGet(44)) - raft.server.snapshot.auto.trigger.enabled = true (custom)
2022-03-03 08:20:12,613 [pool-348-thread-1] INFO  server.RaftServerConfigKeys (ConfUtils.java:logGet(44)) - raft.server.snapshot.auto.trigger.threshold = 400000 (default)
2022-03-03 08:20:12,613 [pool-348-thread-1] INFO  server.RaftServerConfigKeys (ConfUtils.java:logGet(44)) - raft.server.snapshot.retention.file.num = -1 (default)
2022-03-03 08:20:12,613 [pool-348-thread-1] INFO  server.RaftServerConfigKeys (ConfUtils.java:logGet(44)) - raft.server.log.purge.upto.snapshot.index = true (custom)
2022-03-03 08:20:12,613 [pool-348-thread-1] INFO  server.RaftServerConfigKeys (ConfUtils.java:logGet(44)) - raft.server.retrycache.expirytime = 300s (custom)
2022-03-03 08:20:12,613 [pool-348-thread-1] INFO  server.RaftServerConfigKeys (ConfUtils.java:logGet(44)) - raft.server.retrycache.statistics.expirytime = 100μs (default)
2022-03-03 08:20:12,656 [Listener at 127.0.0.1/42883] INFO  impl.MetricsSystemImpl (MetricsSystemImpl.java:init(158)) - OzoneManager metrics system started (again)
2022-03-03 08:20:12,686 [Listener at 127.0.0.1/42883] INFO  om.OzoneManager (OzoneManager.java:start(1365)) - OzoneManager RPC server is listening at localhost/127.0.0.1:42883
2022-03-03 08:20:12,693 [Listener at 127.0.0.1/42883] INFO  ratis.OzoneManagerRatisServer (OzoneManagerRatisServer.java:start(554)) - Starting OzoneManagerRatisServer omNode-1 at port 44619
2022-03-03 08:20:12,694 [Listener at 127.0.0.1/42883] INFO  server.RaftServer$Division (RaftServerImpl.java:start(301)) - omNode-1@group-523986131536: start as a follower, conf=-1: [omNode-1|rpc:localhost:44619|priority:0], old=null
2022-03-03 08:20:12,694 [Listener at 127.0.0.1/42883] INFO  server.RaftServer$Division (RaftServerImpl.java:setRole(290)) - omNode-1@group-523986131536: changes role from      null to FOLLOWER at term 0 for startAsFollower
2022-03-03 08:20:12,695 [Listener at 127.0.0.1/42883] INFO  impl.RoleInfo (RoleInfo.java:updateAndGet(130)) - omNode-1: start omNode-1@group-523986131536-FollowerState
2022-03-03 08:20:12,701 [Listener at 127.0.0.1/42883] INFO  util.JmxRegister (JmxRegister.java:tryRegister(44)) - Successfully registered JMX Bean with object name Ratis:service=RaftServer,group=group-523986131536,id=omNode-1
2022-03-03 08:20:12,704 [Listener at 127.0.0.1/42883] INFO  server.RaftServer (RaftServerProxy.java:lambda$start$5(374)) - omNode-1: start RPC server
2022-03-03 08:20:12,705 [Listener at 127.0.0.1/42883] INFO  server.GrpcService (GrpcService.java:startImpl(253)) - omNode-1: GrpcService started, listening on 44619
2022-03-03 08:20:12,709 [Listener at 127.0.0.1/42883] INFO  om.OzoneManager (OzoneManager.java:start(1381)) - Version File has different layout version (0) than OM DB (null). That is expected if this OM has never been finalized to a newer layout version.
2022-03-03 08:20:12,714 [Listener at 127.0.0.1/42883] INFO  http.BaseHttpServer (BaseHttpServer.java:newHttpServer2BuilderForOzone(209)) - Starting Web-server for ozoneManager at: http://0.0.0.0:35279
2022-03-03 08:20:12,714 [Listener at 127.0.0.1/42883] INFO  http.BaseHttpServer (BaseHttpServer.java:<init>(107)) - Hadoop Security Enabled: false Ozone Security Enabled: false Ozone HTTP Security Enabled: false 
2022-03-03 08:20:12,716 [Listener at 127.0.0.1/42883] INFO  server.AuthenticationFilter (AuthenticationFilter.java:constructSecretProvider(240)) - Unable to initialize FileSignerSecretProvider, falling back to use random secrets.
2022-03-03 08:20:12,717 [Listener at 127.0.0.1/42883] WARN  http.HttpRequestLog (HttpRequestLog.java:getRequestLog(103)) - Jetty request log can only be enabled using Log4j
2022-03-03 08:20:12,721 [Listener at 127.0.0.1/42883] INFO  http.HttpServer2 (HttpServer2.java:addGlobalFilter(1030)) - Added global filter 'safety' (class=org.apache.hadoop.hdds.server.http.HttpServer2$QuotingInputFilter)
2022-03-03 08:20:12,723 [Listener at 127.0.0.1/42883] INFO  http.HttpServer2 (HttpServer2.java:addFilter(1006)) - Added filter static_user_filter (class=org.apache.hadoop.http.lib.StaticUserWebFilter$StaticUserFilter) to context ozoneManager
2022-03-03 08:20:12,723 [Listener at 127.0.0.1/42883] INFO  http.HttpServer2 (HttpServer2.java:addFilter(1014)) - Added filter static_user_filter (class=org.apache.hadoop.http.lib.StaticUserWebFilter$StaticUserFilter) to context logs
2022-03-03 08:20:12,723 [Listener at 127.0.0.1/42883] INFO  http.HttpServer2 (HttpServer2.java:addFilter(1014)) - Added filter static_user_filter (class=org.apache.hadoop.http.lib.StaticUserWebFilter$StaticUserFilter) to context static
2022-03-03 08:20:12,724 [Listener at 127.0.0.1/42883] INFO  http.HttpServer2 (HttpServer2.java:bindListener(1249)) - Jetty bound to port 35279
2022-03-03 08:20:12,724 [Listener at 127.0.0.1/42883] INFO  server.Server (Server.java:doStart(375)) - jetty-9.4.43.v20210629; built: 2021-06-30T11:07:22.254Z; git: 526006ecfa3af7f1a27ef3a288e2bef7ea9dd7e8; jvm 1.8.0_322-b06
2022-03-03 08:20:12,721 [org.apache.ratis.util.JvmPauseMonitor$$Lambda$503/666911607@1717167e] INFO  util.JvmPauseMonitor (JvmPauseMonitor.java:run(103)) - JvmPauseMonitor-omNode-1: Started
2022-03-03 08:20:12,735 [Listener at 127.0.0.1/42883] INFO  server.session (DefaultSessionIdManager.java:doStart(334)) - DefaultSessionIdManager workerName=node0
2022-03-03 08:20:12,735 [Listener at 127.0.0.1/42883] INFO  server.session (DefaultSessionIdManager.java:doStart(339)) - No SessionScavenger set, using defaults
2022-03-03 08:20:12,736 [Listener at 127.0.0.1/42883] INFO  server.session (HouseKeeper.java:startScavenging(132)) - node0 Scavenging every 660000ms
2022-03-03 08:20:12,742 [Listener at 127.0.0.1/42883] INFO  handler.ContextHandler (ContextHandler.java:doStart(915)) - Started o.e.j.s.ServletContextHandler@60734e93{logs,/logs,file:///home/runner/work/ozone/ozone/hadoop-ozone/integration-test/target/log,AVAILABLE}
2022-03-03 08:20:12,742 [Listener at 127.0.0.1/42883] INFO  handler.ContextHandler (ContextHandler.java:doStart(915)) - Started o.e.j.s.ServletContextHandler@2321035{static,/static,file:///home/runner/work/ozone/ozone/hadoop-ozone/integration-test/target/test-classes/webapps/static,AVAILABLE}
2022-03-03 08:20:12,751 [Listener at 127.0.0.1/42883] INFO  handler.ContextHandler (ContextHandler.java:doStart(915)) - Started o.e.j.w.WebAppContext@6da42046{ozoneManager,/,file:///home/runner/work/ozone/ozone/hadoop-ozone/integration-test/target/test-classes/webapps/ozoneManager/,AVAILABLE}{file:/home/runner/work/ozone/ozone/hadoop-ozone/integration-test/target/test-classes/webapps/ozoneManager}
2022-03-03 08:20:12,753 [Listener at 127.0.0.1/42883] INFO  server.AbstractConnector (AbstractConnector.java:doStart(331)) - Started ServerConnector@5a14cfa4{HTTP/1.1, (http/1.1)}{0.0.0.0:35279}
2022-03-03 08:20:12,753 [Listener at 127.0.0.1/42883] INFO  server.Server (Server.java:doStart(415)) - Started @94617ms
2022-03-03 08:20:12,753 [Listener at 127.0.0.1/42883] WARN  impl.MetricsSystemImpl (MetricsSystemImpl.java:register(279)) - Sink prometheus already exists!
2022-03-03 08:20:12,754 [Listener at 127.0.0.1/42883] INFO  http.BaseHttpServer (BaseHttpServer.java:updateConnectorAddress(329)) - HTTP server of ozoneManager listening at http://0.0.0.0:35279
2022-03-03 08:20:12,755 [IPC Server Responder] INFO  ipc.Server (Server.java:run(1507)) - IPC Server Responder: starting
2022-03-03 08:20:12,755 [IPC Server listener on 42883] INFO  ipc.Server (Server.java:run(1344)) - IPC Server listener on 42883: starting
2022-03-03 08:20:12,765 [Listener at 127.0.0.1/42883] INFO  om.OzoneManager (OzoneManager.java:startTrashEmptier(1792)) - Trash Interval set to 0. Files deleted will not move to trash
2022-03-03 08:20:12,768 [Listener at 127.0.0.1/42883] INFO  ozone.MiniOzoneHAClusterImpl (MiniOzoneHAClusterImpl.java:createOMService(522)) - Started OzoneManager omNode-1 RPC server at localhost/127.0.0.1:42883
2022-03-03 08:20:12,781 [org.apache.hadoop.util.JvmPauseMonitor$Monitor@7ec77f27] INFO  util.JvmPauseMonitor (JvmPauseMonitor.java:run(188)) - Starting JVM pause monitor
2022-03-03 08:20:12,789 [Listener at 127.0.0.1/42883] WARN  impl.MetricRegistriesImpl (MetricRegistriesImpl.java:addReporterRegistration(111)) - New reporters are added after registries were created. Some metrics will be missing from the reporter. Please add reporter before adding any new registry.
2022-03-03 08:20:12,796 [Listener at 127.0.0.1/42883] WARN  impl.MetricRegistriesImpl (MetricRegistriesImpl.java:addReporterRegistration(111)) - New reporters are added after registries were created. Some metrics will be missing from the reporter. Please add reporter before adding any new registry.
2022-03-03 08:20:12,796 [Listener at 127.0.0.1/42883] INFO  impl.MetricsSystemImpl (MetricsSystemImpl.java:init(158)) - HddsDatanode metrics system started (again)
2022-03-03 08:20:12,808 [EndpointStateMachine task thread for /127.0.0.1:43363 - 0 ] INFO  ipc.Client (Client.java:handleConnectionFailure(977)) - Retrying connect to server: localhost/127.0.0.1:43363. Already tried 10 time(s); retry policy is RetryUpToMaximumCountWithFixedSleep(maxRetries=15, sleepTime=1000 MILLISECONDS)
2022-03-03 08:20:12,811 [Listener at 127.0.0.1/42883] INFO  ozone.HddsDatanodeService (HddsDatanodeService.java:start(233)) - HddsDatanodeService host:fv-az501-749.rsswf2em5frezlg3dkjt5mgqaf.dx.internal.cloudapp.net ip:10.1.0.15
2022-03-03 08:20:12,853 [Listener at 127.0.0.1/42883] INFO  upgrade.AbstractLayoutVersionManager (AbstractLayoutVersionManager.java:init(79)) - Initializing Layout version manager with metadata layout = SCM_HA (version = 2), software layout = SCM_HA (version = 2)
2022-03-03 08:20:12,884 [EndpointStateMachine task thread for /127.0.0.1:45429 - 0 ] INFO  ipc.Client (Client.java:handleConnectionFailure(977)) - Retrying connect to server: localhost/127.0.0.1:45429. Already tried 11 time(s); retry policy is RetryUpToMaximumCountWithFixedSleep(maxRetries=15, sleepTime=1000 MILLISECONDS)
2022-03-03 08:20:12,886 [EndpointStateMachine task thread for /127.0.0.1:39861 - 0 ] INFO  ipc.Client (Client.java:handleConnectionFailure(977)) - Retrying connect to server: localhost/127.0.0.1:39861. Already tried 10 time(s); retry policy is RetryUpToMaximumCountWithFixedSleep(maxRetries=15, sleepTime=1000 MILLISECONDS)
2022-03-03 08:20:12,933 [Listener at 127.0.0.1/42883] INFO  reflections.Reflections (Reflections.java:scan(232)) - Reflections took 72 ms to scan 7 urls, producing 122 keys and 286 values 
2022-03-03 08:20:12,939 [Listener at 127.0.0.1/42883] INFO  ha.SCMNodeInfo (SCMNodeInfo.java:getPort(197)) - ConfigKey ozone.scm.client.address is deprecated, For configuring different ports for each SCM use PortConfigKey ozone.scm.client.port appended with serviceId and nodeId
2022-03-03 08:20:12,939 [Listener at 127.0.0.1/42883] INFO  ha.SCMNodeInfo (SCMNodeInfo.java:getPort(197)) - ConfigKey ozone.scm.block.client.address is deprecated, For configuring different ports for each SCM use PortConfigKey ozone.scm.block.client.port appended with serviceId and nodeId
2022-03-03 08:20:12,946 [Listener at 127.0.0.1/42883] INFO  ha.SCMNodeInfo (SCMNodeInfo.java:getPort(197)) - ConfigKey ozone.scm.datanode.address is deprecated, For configuring different ports for each SCM use PortConfigKey ozone.scm.datanode.port appended with serviceId and nodeId
2022-03-03 08:20:12,947 [Listener at 127.0.0.1/42883] INFO  ha.SCMNodeInfo (SCMNodeInfo.java:getPort(197)) - ConfigKey ozone.scm.client.address is deprecated, For configuring different ports for each SCM use PortConfigKey ozone.scm.client.port appended with serviceId and nodeId
2022-03-03 08:20:12,947 [Listener at 127.0.0.1/42883] INFO  ha.SCMNodeInfo (SCMNodeInfo.java:getPort(197)) - ConfigKey ozone.scm.block.client.address is deprecated, For configuring different ports for each SCM use PortConfigKey ozone.scm.block.client.port appended with serviceId and nodeId
2022-03-03 08:20:12,947 [Listener at 127.0.0.1/42883] INFO  ha.SCMNodeInfo (SCMNodeInfo.java:getPort(197)) - ConfigKey ozone.scm.datanode.address is deprecated, For configuring different ports for each SCM use PortConfigKey ozone.scm.datanode.port appended with serviceId and nodeId
2022-03-03 08:20:12,948 [Listener at 127.0.0.1/42883] INFO  ha.SCMNodeInfo (SCMNodeInfo.java:getPort(197)) - ConfigKey ozone.scm.client.address is deprecated, For configuring different ports for each SCM use PortConfigKey ozone.scm.client.port appended with serviceId and nodeId
2022-03-03 08:20:12,948 [Listener at 127.0.0.1/42883] INFO  ha.SCMNodeInfo (SCMNodeInfo.java:getPort(197)) - ConfigKey ozone.scm.block.client.address is deprecated, For configuring different ports for each SCM use PortConfigKey ozone.scm.block.client.port appended with serviceId and nodeId
2022-03-03 08:20:12,948 [Listener at 127.0.0.1/42883] INFO  ha.SCMNodeInfo (SCMNodeInfo.java:getPort(197)) - ConfigKey ozone.scm.datanode.address is deprecated, For configuring different ports for each SCM use PortConfigKey ozone.scm.datanode.port appended with serviceId and nodeId
2022-03-03 08:20:12,948 [Listener at 127.0.0.1/42883] INFO  statemachine.DatanodeStateMachine (DatanodeStateMachine.java:getEndPointTaskThreadPoolSize(222)) - Datanode State Machine Task Thread Pool size 4
2022-03-03 08:20:12,963 [Listener at 127.0.0.1/42883] INFO  volume.HddsVolume (HddsVolume.java:<init>(120)) - Creating HddsVolume: /home/runner/work/ozone/ozone/hadoop-ozone/integration-test/target/test-dir/MiniOzoneClusterImpl-5b82a1ad-a074-4eb8-9e24-eb4e8d1567b6/datanode-0/data-0/containers/hdds of storage type : DISK capacity : 9223372036854775807
2022-03-03 08:20:12,963 [Listener at 127.0.0.1/42883] INFO  volume.MutableVolumeSet (MutableVolumeSet.java:initializeVolumeSet(168)) - Added Volume : /home/runner/work/ozone/ozone/hadoop-ozone/integration-test/target/test-dir/MiniOzoneClusterImpl-5b82a1ad-a074-4eb8-9e24-eb4e8d1567b6/datanode-0/data-0/containers/hdds to VolumeSet
2022-03-03 08:20:12,963 [Listener at 127.0.0.1/42883] INFO  volume.ThrottledAsyncChecker (ThrottledAsyncChecker.java:schedule(141)) - Scheduling a check for /home/runner/work/ozone/ozone/hadoop-ozone/integration-test/target/test-dir/MiniOzoneClusterImpl-5b82a1ad-a074-4eb8-9e24-eb4e8d1567b6/datanode-0/data-0/containers/hdds
2022-03-03 08:20:12,971 [Listener at 127.0.0.1/42883] INFO  volume.StorageVolumeChecker (StorageVolumeChecker.java:checkAllVolumes(202)) - Scheduled health check for volume /home/runner/work/ozone/ozone/hadoop-ozone/integration-test/target/test-dir/MiniOzoneClusterImpl-5b82a1ad-a074-4eb8-9e24-eb4e8d1567b6/datanode-0/data-0/containers/hdds
2022-03-03 08:20:13,010 [Listener at 127.0.0.1/42883] INFO  volume.MutableVolumeSet (MutableVolumeSet.java:initializeVolumeSet(168)) - Added Volume : /home/runner/work/ozone/ozone/hadoop-ozone/integration-test/target/test-dir/MiniOzoneClusterImpl-5b82a1ad-a074-4eb8-9e24-eb4e8d1567b6/datanode-0/data/ratis to VolumeSet
2022-03-03 08:20:13,011 [Listener at 127.0.0.1/42883] INFO  volume.ThrottledAsyncChecker (ThrottledAsyncChecker.java:schedule(141)) - Scheduling a check for /home/runner/work/ozone/ozone/hadoop-ozone/integration-test/target/test-dir/MiniOzoneClusterImpl-5b82a1ad-a074-4eb8-9e24-eb4e8d1567b6/datanode-0/data/ratis
2022-03-03 08:20:13,014 [Listener at 127.0.0.1/42883] INFO  volume.StorageVolumeChecker (StorageVolumeChecker.java:checkAllVolumes(202)) - Scheduled health check for volume /home/runner/work/ozone/ozone/hadoop-ozone/integration-test/target/test-dir/MiniOzoneClusterImpl-5b82a1ad-a074-4eb8-9e24-eb4e8d1567b6/datanode-0/data/ratis
2022-03-03 08:20:13,055 [Thread-1444] INFO  ozoneimpl.ContainerReader (ContainerReader.java:readVolume(172)) - Finish verifying containers on volume /home/runner/work/ozone/ozone/hadoop-ozone/integration-test/target/test-dir/MiniOzoneClusterImpl-5b82a1ad-a074-4eb8-9e24-eb4e8d1567b6/datanode-0/data-0/containers/hdds
2022-03-03 08:20:13,056 [Listener at 127.0.0.1/42883] INFO  ozoneimpl.OzoneContainer (OzoneContainer.java:buildContainerSet(257)) - Build ContainerSet costs 0s
2022-03-03 08:20:13,070 [Listener at 127.0.0.1/42883] INFO  server.RaftServer (ConfUtils.java:logGet(44)) - raft.rpc.type = GRPC (default)
2022-03-03 08:20:13,070 [Listener at 127.0.0.1/42883] INFO  grpc.GrpcFactory (GrpcFactory.java:checkPooledByteBufAllocatorUseCacheForAllThreads(48)) - PERFORMANCE WARNING: useCacheForAllThreads is true that may cause Netty to create a lot garbage objects and, as a result, trigger GC.
	It is recommended to disable useCacheForAllThreads by setting -Dorg.apache.ratis.thirdparty.io.netty.allocator.useCacheForAllThreads=false in command line.
2022-03-03 08:20:13,070 [Listener at 127.0.0.1/42883] INFO  grpc.GrpcConfigKeys (ConfUtils.java:logGet(44)) - raft.grpc.admin.port = 0 (custom)
2022-03-03 08:20:13,071 [Listener at 127.0.0.1/42883] INFO  grpc.GrpcConfigKeys (ConfUtils.java:logGet(44)) - raft.grpc.client.port = 0 (custom)
2022-03-03 08:20:13,071 [Listener at 127.0.0.1/42883] INFO  grpc.GrpcConfigKeys (ConfUtils.java:logGet(44)) - raft.grpc.server.port = 0 (default)
2022-03-03 08:20:13,071 [Listener at 127.0.0.1/42883] INFO  server.GrpcService (ConfUtils.java:logGet(44)) - raft.grpc.message.size.max = 32MB (=33554432) (custom)
2022-03-03 08:20:13,071 [Listener at 127.0.0.1/42883] INFO  server.RaftServerConfigKeys (ConfUtils.java:logGet(44)) - raft.server.log.appender.buffer.byte-limit = 33554432 (custom)
2022-03-03 08:20:13,071 [Listener at 127.0.0.1/42883] INFO  server.GrpcService (ConfUtils.java:logGet(44)) - raft.grpc.flow.control.window = 5MB (=5242880) (custom)
2022-03-03 08:20:13,072 [Listener at 127.0.0.1/42883] INFO  server.RaftServerConfigKeys (ConfUtils.java:logGet(44)) - raft.server.rpc.request.timeout = 60s (custom)
2022-03-03 08:20:13,073 [Listener at 127.0.0.1/42883] INFO  impl.DataStreamServerImpl (ConfUtils.java:logGet(44)) - raft.datastream.type = DISABLED (default)
2022-03-03 08:20:13,073 [Listener at 127.0.0.1/42883] INFO  server.RaftServerConfigKeys (ConfUtils.java:logGet(44)) - raft.server.rpc.slowness.timeout = 300s (custom)
2022-03-03 08:20:13,074 [Listener at 127.0.0.1/42883] INFO  server.RaftServerConfigKeys (ConfUtils.java:logGet(44)) - raft.server.leaderelection.leader.step-down.wait-time = 10s (default)
2022-03-03 08:20:13,074 [Listener at 127.0.0.1/42883] INFO  server.RaftServerConfigKeys (ConfUtils.java:logGet(44)) - raft.server.storage.dir = [/home/runner/work/ozone/ozone/hadoop-ozone/integration-test/target/test-dir/MiniOzoneClusterImpl-5b82a1ad-a074-4eb8-9e24-eb4e8d1567b6/datanode-0/data/ratis] (custom)
2022-03-03 08:20:13,075 [Listener at 127.0.0.1/42883] INFO  server.XceiverServerGrpc (XceiverServerGrpc.java:<init>(132)) - GrpcServer channel type EpollServerSocketChannel
2022-03-03 08:20:13,105 [Listener at 127.0.0.1/42883] INFO  http.BaseHttpServer (BaseHttpServer.java:newHttpServer2BuilderForOzone(209)) - Starting Web-server for hddsDatanode at: http://0.0.0.0:0
2022-03-03 08:20:13,106 [Listener at 127.0.0.1/42883] INFO  http.BaseHttpServer (BaseHttpServer.java:<init>(107)) - Hadoop Security Enabled: false Ozone Security Enabled: false Ozone HTTP Security Enabled: false 
2022-03-03 08:20:13,107 [Listener at 127.0.0.1/42883] INFO  server.AuthenticationFilter (AuthenticationFilter.java:constructSecretProvider(240)) - Unable to initialize FileSignerSecretProvider, falling back to use random secrets.
2022-03-03 08:20:13,116 [Listener at 127.0.0.1/42883] WARN  http.HttpRequestLog (HttpRequestLog.java:getRequestLog(103)) - Jetty request log can only be enabled using Log4j
2022-03-03 08:20:13,118 [Listener at 127.0.0.1/42883] INFO  http.HttpServer2 (HttpServer2.java:addGlobalFilter(1030)) - Added global filter 'safety' (class=org.apache.hadoop.hdds.server.http.HttpServer2$QuotingInputFilter)
2022-03-03 08:20:13,119 [Listener at 127.0.0.1/42883] INFO  http.HttpServer2 (HttpServer2.java:addFilter(1006)) - Added filter static_user_filter (class=org.apache.hadoop.http.lib.StaticUserWebFilter$StaticUserFilter) to context hddsDatanode
2022-03-03 08:20:13,119 [Listener at 127.0.0.1/42883] INFO  http.HttpServer2 (HttpServer2.java:addFilter(1014)) - Added filter static_user_filter (class=org.apache.hadoop.http.lib.StaticUserWebFilter$StaticUserFilter) to context static
2022-03-03 08:20:13,120 [Listener at 127.0.0.1/42883] INFO  http.HttpServer2 (HttpServer2.java:addFilter(1014)) - Added filter static_user_filter (class=org.apache.hadoop.http.lib.StaticUserWebFilter$StaticUserFilter) to context logs
2022-03-03 08:20:13,120 [Listener at 127.0.0.1/42883] INFO  http.HttpServer2 (HttpServer2.java:bindListener(1249)) - Jetty bound to port 40737
2022-03-03 08:20:13,120 [Listener at 127.0.0.1/42883] INFO  server.Server (Server.java:doStart(375)) - jetty-9.4.43.v20210629; built: 2021-06-30T11:07:22.254Z; git: 526006ecfa3af7f1a27ef3a288e2bef7ea9dd7e8; jvm 1.8.0_322-b06
2022-03-03 08:20:13,185 [Listener at 127.0.0.1/42883] INFO  server.session (DefaultSessionIdManager.java:doStart(334)) - DefaultSessionIdManager workerName=node0
2022-03-03 08:20:13,186 [Listener at 127.0.0.1/42883] INFO  server.session (DefaultSessionIdManager.java:doStart(339)) - No SessionScavenger set, using defaults
2022-03-03 08:20:13,186 [Listener at 127.0.0.1/42883] INFO  server.session (HouseKeeper.java:startScavenging(132)) - node0 Scavenging every 660000ms
2022-03-03 08:20:13,197 [Listener at 127.0.0.1/42883] INFO  handler.ContextHandler (ContextHandler.java:doStart(915)) - Started o.e.j.s.ServletContextHandler@4c07464c{logs,/logs,file:///home/runner/work/ozone/ozone/hadoop-ozone/integration-test/target/log,AVAILABLE}
2022-03-03 08:20:13,198 [Listener at 127.0.0.1/42883] INFO  handler.ContextHandler (ContextHandler.java:doStart(915)) - Started o.e.j.s.ServletContextHandler@5880bce2{static,/static,jar:file:/home/runner/.m2/repository/org/apache/ozone/hdds-container-service/1.3.0-SNAPSHOT/hdds-container-service-1.3.0-SNAPSHOT.jar!/webapps/static,AVAILABLE}
2022-03-03 08:20:13,289 [Listener at 127.0.0.1/42883] INFO  handler.ContextHandler (ContextHandler.java:doStart(915)) - Started o.e.j.w.WebAppContext@ec75805{hddsDatanode,/,file:///tmp/jetty-0_0_0_0-40737-hdds-container-service-1_3_0-SNAPSHOT_jar-_-any-7913312105858380732/webapp/,AVAILABLE}{jar:file:/home/runner/.m2/repository/org/apache/ozone/hdds-container-service/1.3.0-SNAPSHOT/hdds-container-service-1.3.0-SNAPSHOT.jar!/webapps/hddsDatanode}
2022-03-03 08:20:13,305 [Listener at 127.0.0.1/42883] INFO  server.AbstractConnector (AbstractConnector.java:doStart(331)) - Started ServerConnector@2e0f3405{HTTP/1.1, (http/1.1)}{0.0.0.0:40737}
2022-03-03 08:20:13,306 [Listener at 127.0.0.1/42883] INFO  server.Server (Server.java:doStart(415)) - Started @95170ms
2022-03-03 08:20:13,306 [Listener at 127.0.0.1/42883] WARN  impl.MetricsSystemImpl (MetricsSystemImpl.java:register(279)) - Sink prometheus already exists!
2022-03-03 08:20:13,307 [Listener at 127.0.0.1/42883] INFO  http.BaseHttpServer (BaseHttpServer.java:updateConnectorAddress(329)) - HTTP server of hddsDatanode listening at http://0.0.0.0:40737
2022-03-03 08:20:13,316 [Listener at 127.0.0.1/42883] WARN  impl.MetricRegistriesImpl (MetricRegistriesImpl.java:addReporterRegistration(111)) - New reporters are added after registries were created. Some metrics will be missing from the reporter. Please add reporter before adding any new registry.
2022-03-03 08:20:13,316 [Listener at 127.0.0.1/42883] WARN  impl.MetricRegistriesImpl (MetricRegistriesImpl.java:addReporterRegistration(111)) - New reporters are added after registries were created. Some metrics will be missing from the reporter. Please add reporter before adding any new registry.
2022-03-03 08:20:13,317 [Listener at 127.0.0.1/42883] INFO  impl.MetricsSystemImpl (MetricsSystemImpl.java:init(158)) - HddsDatanode metrics system started (again)
2022-03-03 08:20:13,321 [Datanode State Machine Daemon Thread] INFO  statemachine.DatanodeStateMachine (DatanodeStateMachine.java:lambda$startDaemon$0(470)) - Ozone container server started.
2022-03-03 08:20:13,357 [Listener at 127.0.0.1/42883] INFO  ozone.HddsDatanodeService (HddsDatanodeService.java:start(233)) - HddsDatanodeService host:fv-az501-749.rsswf2em5frezlg3dkjt5mgqaf.dx.internal.cloudapp.net ip:10.1.0.15
2022-03-03 08:20:13,369 [org.apache.hadoop.util.JvmPauseMonitor$Monitor@7a32ea97] INFO  util.JvmPauseMonitor (JvmPauseMonitor.java:run(188)) - Starting JVM pause monitor
2022-03-03 08:20:13,370 [Datanode State Machine Task Thread - 0] INFO  ha.SCMNodeInfo (SCMNodeInfo.java:getPort(197)) - ConfigKey ozone.scm.client.address is deprecated, For configuring different ports for each SCM use PortConfigKey ozone.scm.client.port appended with serviceId and nodeId
2022-03-03 08:20:13,370 [Datanode State Machine Task Thread - 0] INFO  ha.SCMNodeInfo (SCMNodeInfo.java:getPort(197)) - ConfigKey ozone.scm.block.client.address is deprecated, For configuring different ports for each SCM use PortConfigKey ozone.scm.block.client.port appended with serviceId and nodeId
2022-03-03 08:20:13,370 [Datanode State Machine Task Thread - 0] INFO  ha.SCMNodeInfo (SCMNodeInfo.java:getPort(197)) - ConfigKey ozone.scm.datanode.address is deprecated, For configuring different ports for each SCM use PortConfigKey ozone.scm.datanode.port appended with serviceId and nodeId
2022-03-03 08:20:13,370 [Datanode State Machine Task Thread - 0] INFO  ha.SCMNodeInfo (SCMNodeInfo.java:getPort(197)) - ConfigKey ozone.scm.client.address is deprecated, For configuring different ports for each SCM use PortConfigKey ozone.scm.client.port appended with serviceId and nodeId
2022-03-03 08:20:13,370 [Datanode State Machine Task Thread - 0] INFO  ha.SCMNodeInfo (SCMNodeInfo.java:getPort(197)) - ConfigKey ozone.scm.block.client.address is deprecated, For configuring different ports for each SCM use PortConfigKey ozone.scm.block.client.port appended with serviceId and nodeId
2022-03-03 08:20:13,370 [Datanode State Machine Task Thread - 0] INFO  ha.SCMNodeInfo (SCMNodeInfo.java:getPort(197)) - ConfigKey ozone.scm.datanode.address is deprecated, For configuring different ports for each SCM use PortConfigKey ozone.scm.datanode.port appended with serviceId and nodeId
2022-03-03 08:20:13,370 [Datanode State Machine Task Thread - 0] INFO  ha.SCMNodeInfo (SCMNodeInfo.java:getPort(197)) - ConfigKey ozone.scm.client.address is deprecated, For configuring different ports for each SCM use PortConfigKey ozone.scm.client.port appended with serviceId and nodeId
2022-03-03 08:20:13,370 [Datanode State Machine Task Thread - 0] INFO  ha.SCMNodeInfo (SCMNodeInfo.java:getPort(197)) - ConfigKey ozone.scm.block.client.address is deprecated, For configuring different ports for each SCM use PortConfigKey ozone.scm.block.client.port appended with serviceId and nodeId
2022-03-03 08:20:13,370 [Datanode State Machine Task Thread - 0] INFO  ha.SCMNodeInfo (SCMNodeInfo.java:getPort(197)) - ConfigKey ozone.scm.datanode.address is deprecated, For configuring different ports for each SCM use PortConfigKey ozone.scm.datanode.port appended with serviceId and nodeId
2022-03-03 08:20:13,372 [Datanode State Machine Task Thread - 0] INFO  datanode.InitDatanodeState (InitDatanodeState.java:persistContainerDatanodeDetails(138)) - DatanodeDetails is persisted to /home/runner/work/ozone/ozone/hadoop-ozone/integration-test/target/test-dir/MiniOzoneClusterImpl-5b82a1ad-a074-4eb8-9e24-eb4e8d1567b6/datanode-0/meta/datanode.id
2022-03-03 08:20:13,398 [Listener at 127.0.0.1/42883] INFO  upgrade.AbstractLayoutVersionManager (AbstractLayoutVersionManager.java:init(79)) - Initializing Layout version manager with metadata layout = SCM_HA (version = 2), software layout = SCM_HA (version = 2)
2022-03-03 08:20:13,477 [Listener at 127.0.0.1/42883] INFO  reflections.Reflections (Reflections.java:scan(232)) - Reflections took 78 ms to scan 7 urls, producing 122 keys and 286 values 
2022-03-03 08:20:13,488 [Listener at 127.0.0.1/42883] INFO  ha.SCMNodeInfo (SCMNodeInfo.java:getPort(197)) - ConfigKey ozone.scm.client.address is deprecated, For configuring different ports for each SCM use PortConfigKey ozone.scm.client.port appended with serviceId and nodeId
2022-03-03 08:20:13,489 [Listener at 127.0.0.1/42883] INFO  ha.SCMNodeInfo (SCMNodeInfo.java:getPort(197)) - ConfigKey ozone.scm.block.client.address is deprecated, For configuring different ports for each SCM use PortConfigKey ozone.scm.block.client.port appended with serviceId and nodeId
2022-03-03 08:20:13,489 [Listener at 127.0.0.1/42883] INFO  ha.SCMNodeInfo (SCMNodeInfo.java:getPort(197)) - ConfigKey ozone.scm.datanode.address is deprecated, For configuring different ports for each SCM use PortConfigKey ozone.scm.datanode.port appended with serviceId and nodeId
2022-03-03 08:20:13,489 [Listener at 127.0.0.1/42883] INFO  ha.SCMNodeInfo (SCMNodeInfo.java:getPort(197)) - ConfigKey ozone.scm.client.address is deprecated, For configuring different ports for each SCM use PortConfigKey ozone.scm.client.port appended with serviceId and nodeId
2022-03-03 08:20:13,489 [Listener at 127.0.0.1/42883] INFO  ha.SCMNodeInfo (SCMNodeInfo.java:getPort(197)) - ConfigKey ozone.scm.block.client.address is deprecated, For configuring different ports for each SCM use PortConfigKey ozone.scm.block.client.port appended with serviceId and nodeId
2022-03-03 08:20:13,489 [Listener at 127.0.0.1/42883] INFO  ha.SCMNodeInfo (SCMNodeInfo.java:getPort(197)) - ConfigKey ozone.scm.datanode.address is deprecated, For configuring different ports for each SCM use PortConfigKey ozone.scm.datanode.port appended with serviceId and nodeId
2022-03-03 08:20:13,490 [Listener at 127.0.0.1/42883] INFO  ha.SCMNodeInfo (SCMNodeInfo.java:getPort(197)) - ConfigKey ozone.scm.client.address is deprecated, For configuring different ports for each SCM use PortConfigKey ozone.scm.client.port appended with serviceId and nodeId
2022-03-03 08:20:13,490 [Listener at 127.0.0.1/42883] INFO  ha.SCMNodeInfo (SCMNodeInfo.java:getPort(197)) - ConfigKey ozone.scm.block.client.address is deprecated, For configuring different ports for each SCM use PortConfigKey ozone.scm.block.client.port appended with serviceId and nodeId
2022-03-03 08:20:13,490 [Listener at 127.0.0.1/42883] INFO  ha.SCMNodeInfo (SCMNodeInfo.java:getPort(197)) - ConfigKey ozone.scm.datanode.address is deprecated, For configuring different ports for each SCM use PortConfigKey ozone.scm.datanode.port appended with serviceId and nodeId
2022-03-03 08:20:13,490 [Listener at 127.0.0.1/42883] INFO  statemachine.DatanodeStateMachine (DatanodeStateMachine.java:getEndPointTaskThreadPoolSize(222)) - Datanode State Machine Task Thread Pool size 4
2022-03-03 08:20:13,503 [Listener at 127.0.0.1/42883] INFO  volume.HddsVolume (HddsVolume.java:<init>(120)) - Creating HddsVolume: /home/runner/work/ozone/ozone/hadoop-ozone/integration-test/target/test-dir/MiniOzoneClusterImpl-5b82a1ad-a074-4eb8-9e24-eb4e8d1567b6/datanode-1/data-0/containers/hdds of storage type : DISK capacity : 9223372036854775807
2022-03-03 08:20:13,503 [Listener at 127.0.0.1/42883] INFO  volume.MutableVolumeSet (MutableVolumeSet.java:initializeVolumeSet(168)) - Added Volume : /home/runner/work/ozone/ozone/hadoop-ozone/integration-test/target/test-dir/MiniOzoneClusterImpl-5b82a1ad-a074-4eb8-9e24-eb4e8d1567b6/datanode-1/data-0/containers/hdds to VolumeSet
2022-03-03 08:20:13,503 [Listener at 127.0.0.1/42883] INFO  volume.ThrottledAsyncChecker (ThrottledAsyncChecker.java:schedule(141)) - Scheduling a check for /home/runner/work/ozone/ozone/hadoop-ozone/integration-test/target/test-dir/MiniOzoneClusterImpl-5b82a1ad-a074-4eb8-9e24-eb4e8d1567b6/datanode-1/data-0/containers/hdds
2022-03-03 08:20:13,523 [Listener at 127.0.0.1/42883] INFO  volume.StorageVolumeChecker (StorageVolumeChecker.java:checkAllVolumes(202)) - Scheduled health check for volume /home/runner/work/ozone/ozone/hadoop-ozone/integration-test/target/test-dir/MiniOzoneClusterImpl-5b82a1ad-a074-4eb8-9e24-eb4e8d1567b6/datanode-1/data-0/containers/hdds
2022-03-03 08:20:13,555 [Listener at 127.0.0.1/42883] INFO  volume.MutableVolumeSet (MutableVolumeSet.java:initializeVolumeSet(168)) - Added Volume : /home/runner/work/ozone/ozone/hadoop-ozone/integration-test/target/test-dir/MiniOzoneClusterImpl-5b82a1ad-a074-4eb8-9e24-eb4e8d1567b6/datanode-1/data/ratis to VolumeSet
2022-03-03 08:20:13,555 [Listener at 127.0.0.1/42883] INFO  volume.ThrottledAsyncChecker (ThrottledAsyncChecker.java:schedule(141)) - Scheduling a check for /home/runner/work/ozone/ozone/hadoop-ozone/integration-test/target/test-dir/MiniOzoneClusterImpl-5b82a1ad-a074-4eb8-9e24-eb4e8d1567b6/datanode-1/data/ratis
2022-03-03 08:20:13,555 [Listener at 127.0.0.1/42883] INFO  volume.StorageVolumeChecker (StorageVolumeChecker.java:checkAllVolumes(202)) - Scheduled health check for volume /home/runner/work/ozone/ozone/hadoop-ozone/integration-test/target/test-dir/MiniOzoneClusterImpl-5b82a1ad-a074-4eb8-9e24-eb4e8d1567b6/datanode-1/data/ratis
2022-03-03 08:20:13,599 [Thread-1456] INFO  ozoneimpl.ContainerReader (ContainerReader.java:readVolume(172)) - Finish verifying containers on volume /home/runner/work/ozone/ozone/hadoop-ozone/integration-test/target/test-dir/MiniOzoneClusterImpl-5b82a1ad-a074-4eb8-9e24-eb4e8d1567b6/datanode-1/data-0/containers/hdds
2022-03-03 08:20:13,599 [Listener at 127.0.0.1/42883] INFO  ozoneimpl.OzoneContainer (OzoneContainer.java:buildContainerSet(257)) - Build ContainerSet costs 0s
2022-03-03 08:20:13,603 [Listener at 127.0.0.1/42883] INFO  server.RaftServer (ConfUtils.java:logGet(44)) - raft.rpc.type = GRPC (default)
2022-03-03 08:20:13,603 [Listener at 127.0.0.1/42883] INFO  grpc.GrpcFactory (GrpcFactory.java:checkPooledByteBufAllocatorUseCacheForAllThreads(48)) - PERFORMANCE WARNING: useCacheForAllThreads is true that may cause Netty to create a lot garbage objects and, as a result, trigger GC.
	It is recommended to disable useCacheForAllThreads by setting -Dorg.apache.ratis.thirdparty.io.netty.allocator.useCacheForAllThreads=false in command line.
2022-03-03 08:20:13,603 [Listener at 127.0.0.1/42883] INFO  grpc.GrpcConfigKeys (ConfUtils.java:logGet(44)) - raft.grpc.admin.port = 0 (custom)
2022-03-03 08:20:13,604 [Listener at 127.0.0.1/42883] INFO  grpc.GrpcConfigKeys (ConfUtils.java:logGet(44)) - raft.grpc.client.port = 0 (custom)
2022-03-03 08:20:13,604 [Listener at 127.0.0.1/42883] INFO  grpc.GrpcConfigKeys (ConfUtils.java:logGet(44)) - raft.grpc.server.port = 0 (default)
2022-03-03 08:20:13,605 [Listener at 127.0.0.1/42883] INFO  server.GrpcService (ConfUtils.java:logGet(44)) - raft.grpc.message.size.max = 32MB (=33554432) (custom)
2022-03-03 08:20:13,611 [Listener at 127.0.0.1/42883] INFO  server.RaftServerConfigKeys (ConfUtils.java:logGet(44)) - raft.server.log.appender.buffer.byte-limit = 33554432 (custom)
2022-03-03 08:20:13,611 [Listener at 127.0.0.1/42883] INFO  server.GrpcService (ConfUtils.java:logGet(44)) - raft.grpc.flow.control.window = 5MB (=5242880) (custom)
2022-03-03 08:20:13,612 [Listener at 127.0.0.1/42883] INFO  server.RaftServerConfigKeys (ConfUtils.java:logGet(44)) - raft.server.rpc.request.timeout = 60s (custom)
2022-03-03 08:20:13,613 [Listener at 127.0.0.1/42883] INFO  impl.DataStreamServerImpl (ConfUtils.java:logGet(44)) - raft.datastream.type = DISABLED (default)
2022-03-03 08:20:13,614 [Listener at 127.0.0.1/42883] INFO  server.RaftServerConfigKeys (ConfUtils.java:logGet(44)) - raft.server.rpc.slowness.timeout = 300s (custom)
2022-03-03 08:20:13,614 [Listener at 127.0.0.1/42883] INFO  server.RaftServerConfigKeys (ConfUtils.java:logGet(44)) - raft.server.leaderelection.leader.step-down.wait-time = 10s (default)
2022-03-03 08:20:13,614 [Listener at 127.0.0.1/42883] INFO  server.RaftServerConfigKeys (ConfUtils.java:logGet(44)) - raft.server.storage.dir = [/home/runner/work/ozone/ozone/hadoop-ozone/integration-test/target/test-dir/MiniOzoneClusterImpl-5b82a1ad-a074-4eb8-9e24-eb4e8d1567b6/datanode-1/data/ratis] (custom)
2022-03-03 08:20:13,616 [Listener at 127.0.0.1/42883] INFO  server.XceiverServerGrpc (XceiverServerGrpc.java:<init>(132)) - GrpcServer channel type EpollServerSocketChannel
2022-03-03 08:20:13,637 [Listener at 127.0.0.1/42883] INFO  http.BaseHttpServer (BaseHttpServer.java:newHttpServer2BuilderForOzone(209)) - Starting Web-server for hddsDatanode at: http://0.0.0.0:0
2022-03-03 08:20:13,637 [Listener at 127.0.0.1/42883] INFO  http.BaseHttpServer (BaseHttpServer.java:<init>(107)) - Hadoop Security Enabled: false Ozone Security Enabled: false Ozone HTTP Security Enabled: false 
2022-03-03 08:20:13,639 [Listener at 127.0.0.1/42883] INFO  server.AuthenticationFilter (AuthenticationFilter.java:constructSecretProvider(240)) - Unable to initialize FileSignerSecretProvider, falling back to use random secrets.
2022-03-03 08:20:13,647 [Listener at 127.0.0.1/42883] WARN  http.HttpRequestLog (HttpRequestLog.java:getRequestLog(103)) - Jetty request log can only be enabled using Log4j
2022-03-03 08:20:13,648 [Listener at 127.0.0.1/42883] INFO  http.HttpServer2 (HttpServer2.java:addGlobalFilter(1030)) - Added global filter 'safety' (class=org.apache.hadoop.hdds.server.http.HttpServer2$QuotingInputFilter)
2022-03-03 08:20:13,649 [Listener at 127.0.0.1/42883] INFO  http.HttpServer2 (HttpServer2.java:addFilter(1006)) - Added filter static_user_filter (class=org.apache.hadoop.http.lib.StaticUserWebFilter$StaticUserFilter) to context hddsDatanode
2022-03-03 08:20:13,649 [Listener at 127.0.0.1/42883] INFO  http.HttpServer2 (HttpServer2.java:addFilter(1014)) - Added filter static_user_filter (class=org.apache.hadoop.http.lib.StaticUserWebFilter$StaticUserFilter) to context logs
2022-03-03 08:20:13,650 [Listener at 127.0.0.1/42883] INFO  http.HttpServer2 (HttpServer2.java:addFilter(1014)) - Added filter static_user_filter (class=org.apache.hadoop.http.lib.StaticUserWebFilter$StaticUserFilter) to context static
2022-03-03 08:20:13,650 [Listener at 127.0.0.1/42883] INFO  http.HttpServer2 (HttpServer2.java:bindListener(1249)) - Jetty bound to port 34317
2022-03-03 08:20:13,651 [Listener at 127.0.0.1/42883] INFO  server.Server (Server.java:doStart(375)) - jetty-9.4.43.v20210629; built: 2021-06-30T11:07:22.254Z; git: 526006ecfa3af7f1a27ef3a288e2bef7ea9dd7e8; jvm 1.8.0_322-b06
2022-03-03 08:20:13,698 [Listener at 127.0.0.1/42883] INFO  server.session (DefaultSessionIdManager.java:doStart(334)) - DefaultSessionIdManager workerName=node0
2022-03-03 08:20:13,699 [Listener at 127.0.0.1/42883] INFO  server.session (DefaultSessionIdManager.java:doStart(339)) - No SessionScavenger set, using defaults
2022-03-03 08:20:13,699 [Listener at 127.0.0.1/42883] INFO  server.session (HouseKeeper.java:startScavenging(132)) - node0 Scavenging every 600000ms
2022-03-03 08:20:13,708 [Listener at 127.0.0.1/42883] INFO  handler.ContextHandler (ContextHandler.java:doStart(915)) - Started o.e.j.s.ServletContextHandler@20e364c9{logs,/logs,file:///home/runner/work/ozone/ozone/hadoop-ozone/integration-test/target/log,AVAILABLE}
2022-03-03 08:20:13,709 [Listener at 127.0.0.1/42883] INFO  handler.ContextHandler (ContextHandler.java:doStart(915)) - Started o.e.j.s.ServletContextHandler@45c2fa2{static,/static,jar:file:/home/runner/.m2/repository/org/apache/ozone/hdds-container-service/1.3.0-SNAPSHOT/hdds-container-service-1.3.0-SNAPSHOT.jar!/webapps/static,AVAILABLE}
2022-03-03 08:20:13,759 [omNode-1@group-523986131536-FollowerState] INFO  impl.FollowerState (FollowerState.java:run(134)) - omNode-1@group-523986131536-FollowerState: change to CANDIDATE, lastRpcElapsedTime:1064052891ns, electionTimeout:1056ms
2022-03-03 08:20:13,759 [omNode-1@group-523986131536-FollowerState] INFO  impl.RoleInfo (RoleInfo.java:shutdownFollowerState(108)) - omNode-1: shutdown omNode-1@group-523986131536-FollowerState
2022-03-03 08:20:13,759 [omNode-1@group-523986131536-FollowerState] INFO  server.RaftServer$Division (RaftServerImpl.java:setRole(290)) - omNode-1@group-523986131536: changes role from  FOLLOWER to CANDIDATE at term 0 for changeToCandidate
2022-03-03 08:20:13,760 [omNode-1@group-523986131536-FollowerState] INFO  server.RaftServerConfigKeys (ConfUtils.java:logGet(44)) - raft.server.leaderelection.pre-vote = false (custom)
2022-03-03 08:20:13,760 [omNode-1@group-523986131536-FollowerState] INFO  impl.RoleInfo (RoleInfo.java:updateAndGet(130)) - omNode-1: start omNode-1@group-523986131536-LeaderElection20
2022-03-03 08:20:13,785 [omNode-1@group-523986131536-LeaderElection20] INFO  impl.LeaderElection (LeaderElection.java:askForVotes(306)) - omNode-1@group-523986131536-LeaderElection20 ELECTION round 0: submit vote requests at term 1 for -1: [omNode-1|rpc:localhost:44619|priority:0], old=null
2022-03-03 08:20:13,785 [omNode-1@group-523986131536-LeaderElection20] INFO  impl.LeaderElection (LeaderElection.java:askForVotes(308)) - omNode-1@group-523986131536-LeaderElection20 ELECTION round 0: result PASSED (term=1)
2022-03-03 08:20:13,785 [omNode-1@group-523986131536-LeaderElection20] INFO  impl.RoleInfo (RoleInfo.java:shutdownLeaderElection(121)) - omNode-1: shutdown omNode-1@group-523986131536-LeaderElection20
2022-03-03 08:20:13,785 [omNode-1@group-523986131536-LeaderElection20] INFO  server.RaftServer$Division (RaftServerImpl.java:setRole(290)) - omNode-1@group-523986131536: changes role from CANDIDATE to LEADER at term 1 for changeToLeader
2022-03-03 08:20:13,785 [omNode-1@group-523986131536-LeaderElection20] INFO  server.RaftServer$Division (ServerState.java:setLeader(285)) - omNode-1@group-523986131536: change Leader from null to omNode-1 at term 1 for becomeLeader, leader elected after 1190ms
2022-03-03 08:20:13,785 [omNode-1@group-523986131536-LeaderElection20] INFO  server.RaftServerConfigKeys (ConfUtils.java:logGet(44)) - raft.server.staging.catchup.gap = 1000 (default)
2022-03-03 08:20:13,788 [omNode-1@group-523986131536-LeaderElection20] INFO  server.RaftServerConfigKeys (ConfUtils.java:logGet(44)) - raft.server.write.element-limit = 4096 (default)
2022-03-03 08:20:13,788 [omNode-1@group-523986131536-LeaderElection20] INFO  server.RaftServerConfigKeys (ConfUtils.java:logGet(44)) - raft.server.write.byte-limit = 64MB (=67108864) (default)
2022-03-03 08:20:13,797 [omNode-1@group-523986131536-LeaderElection20] INFO  server.RaftServerConfigKeys (ConfUtils.java:logGet(44)) - raft.server.watch.timeout = 10s (default)
2022-03-03 08:20:13,797 [omNode-1@group-523986131536-LeaderElection20] INFO  server.RaftServerConfigKeys (ConfUtils.java:logGet(44)) - raft.server.watch.timeout.denomination = 1s (default)
2022-03-03 08:20:13,797 [omNode-1@group-523986131536-LeaderElection20] INFO  server.RaftServerConfigKeys (ConfUtils.java:logGet(44)) - raft.server.watch.element-limit = 65536 (default)
2022-03-03 08:20:13,797 [omNode-1@group-523986131536-LeaderElection20] INFO  server.RaftServerConfigKeys (ConfUtils.java:logGet(44)) - raft.server.write.element-limit = 4096 (default)
2022-03-03 08:20:13,798 [omNode-1@group-523986131536-LeaderElection20] INFO  server.RaftServerConfigKeys (ConfUtils.java:logGet(44)) - raft.server.write.follower.gap.ratio.max = -1.0 (default)
2022-03-03 08:20:13,798 [omNode-1@group-523986131536-LeaderElection20] INFO  impl.RoleInfo (RoleInfo.java:updateAndGet(130)) - omNode-1: start omNode-1@group-523986131536-LeaderStateImpl
2022-03-03 08:20:13,798 [omNode-1@group-523986131536-LeaderElection20] INFO  segmented.SegmentedRaftLogWorker (SegmentedRaftLogWorker.java:startLogSegment(394)) - omNode-1@group-523986131536-SegmentedRaftLogWorker: Starting segment from index:0
2022-03-03 08:20:13,811 [omNode-1@group-523986131536-SegmentedRaftLogWorker] INFO  segmented.SegmentedRaftLogWorker (SegmentedRaftLogWorker.java:execute(601)) - omNode-1@group-523986131536-SegmentedRaftLogWorker: created new log segment /home/runner/work/ozone/ozone/hadoop-ozone/integration-test/target/test-dir/MiniOzoneClusterImpl-5b82a1ad-a074-4eb8-9e24-eb4e8d1567b6/omNode-1/ratis/c9bc4cf4-3bc3-3c60-a66b-523986131536/current/log_inprogress_0
2022-03-03 08:20:13,814 [EndpointStateMachine task thread for /127.0.0.1:43363 - 0 ] INFO  ipc.Client (Client.java:handleConnectionFailure(977)) - Retrying connect to server: localhost/127.0.0.1:43363. Already tried 11 time(s); retry policy is RetryUpToMaximumCountWithFixedSleep(maxRetries=15, sleepTime=1000 MILLISECONDS)
2022-03-03 08:20:13,814 [omNode-1@group-523986131536-LeaderElection20] INFO  server.RaftServer$Division (ServerState.java:setRaftConf(387)) - omNode-1@group-523986131536: set configuration 0: [omNode-1|rpc:localhost:44619|admin:|client:|dataStream:|priority:0], old=null
2022-03-03 08:20:13,819 [omNode-1@group-523986131536-StateMachineUpdater] INFO  ratis.OzoneManagerStateMachine (OzoneManagerStateMachine.java:notifyConfigurationChanged(188)) - Received Configuration change notification from Ratis. New Peer list:
[id: "omNode-1"
address: "localhost:44619"
]
2022-03-03 08:20:13,835 [Listener at 127.0.0.1/42883] INFO  handler.ContextHandler (ContextHandler.java:doStart(915)) - Started o.e.j.w.WebAppContext@74bc2a19{hddsDatanode,/,file:///tmp/jetty-0_0_0_0-34317-hdds-container-service-1_3_0-SNAPSHOT_jar-_-any-6404137863416255618/webapp/,AVAILABLE}{jar:file:/home/runner/.m2/repository/org/apache/ozone/hdds-container-service/1.3.0-SNAPSHOT/hdds-container-service-1.3.0-SNAPSHOT.jar!/webapps/hddsDatanode}
2022-03-03 08:20:13,844 [Listener at 127.0.0.1/42883] INFO  server.AbstractConnector (AbstractConnector.java:doStart(331)) - Started ServerConnector@2b503b3b{HTTP/1.1, (http/1.1)}{0.0.0.0:34317}
2022-03-03 08:20:13,844 [Listener at 127.0.0.1/42883] INFO  server.Server (Server.java:doStart(415)) - Started @95708ms
2022-03-03 08:20:13,844 [Listener at 127.0.0.1/42883] WARN  impl.MetricsSystemImpl (MetricsSystemImpl.java:register(279)) - Sink prometheus already exists!
2022-03-03 08:20:13,846 [Listener at 127.0.0.1/42883] INFO  http.BaseHttpServer (BaseHttpServer.java:updateConnectorAddress(329)) - HTTP server of hddsDatanode listening at http://0.0.0.0:34317
2022-03-03 08:20:13,850 [Listener at 127.0.0.1/42883] WARN  impl.MetricRegistriesImpl (MetricRegistriesImpl.java:addReporterRegistration(111)) - New reporters are added after registries were created. Some metrics will be missing from the reporter. Please add reporter before adding any new registry.
2022-03-03 08:20:13,850 [Listener at 127.0.0.1/42883] WARN  impl.MetricRegistriesImpl (MetricRegistriesImpl.java:addReporterRegistration(111)) - New reporters are added after registries were created. Some metrics will be missing from the reporter. Please add reporter before adding any new registry.
2022-03-03 08:20:13,850 [Listener at 127.0.0.1/42883] INFO  impl.MetricsSystemImpl (MetricsSystemImpl.java:init(158)) - HddsDatanode metrics system started (again)
2022-03-03 08:20:13,857 [Datanode State Machine Daemon Thread] INFO  statemachine.DatanodeStateMachine (DatanodeStateMachine.java:lambda$startDaemon$0(470)) - Ozone container server started.
2022-03-03 08:20:13,865 [Listener at 127.0.0.1/42883] INFO  ozone.HddsDatanodeService (HddsDatanodeService.java:start(233)) - HddsDatanodeService host:fv-az501-749.rsswf2em5frezlg3dkjt5mgqaf.dx.internal.cloudapp.net ip:10.1.0.15
2022-03-03 08:20:13,877 [org.apache.hadoop.util.JvmPauseMonitor$Monitor@da2dc93] INFO  util.JvmPauseMonitor (JvmPauseMonitor.java:run(188)) - Starting JVM pause monitor
2022-03-03 08:20:13,878 [Datanode State Machine Task Thread - 0] INFO  ha.SCMNodeInfo (SCMNodeInfo.java:getPort(197)) - ConfigKey ozone.scm.client.address is deprecated, For configuring different ports for each SCM use PortConfigKey ozone.scm.client.port appended with serviceId and nodeId
2022-03-03 08:20:13,878 [Datanode State Machine Task Thread - 0] INFO  ha.SCMNodeInfo (SCMNodeInfo.java:getPort(197)) - ConfigKey ozone.scm.block.client.address is deprecated, For configuring different ports for each SCM use PortConfigKey ozone.scm.block.client.port appended with serviceId and nodeId
2022-03-03 08:20:13,878 [Datanode State Machine Task Thread - 0] INFO  ha.SCMNodeInfo (SCMNodeInfo.java:getPort(197)) - ConfigKey ozone.scm.datanode.address is deprecated, For configuring different ports for each SCM use PortConfigKey ozone.scm.datanode.port appended with serviceId and nodeId
2022-03-03 08:20:13,885 [EndpointStateMachine task thread for /127.0.0.1:45429 - 0 ] INFO  ipc.Client (Client.java:handleConnectionFailure(977)) - Retrying connect to server: localhost/127.0.0.1:45429. Already tried 12 time(s); retry policy is RetryUpToMaximumCountWithFixedSleep(maxRetries=15, sleepTime=1000 MILLISECONDS)
2022-03-03 08:20:13,888 [Datanode State Machine Task Thread - 0] INFO  ha.SCMNodeInfo (SCMNodeInfo.java:getPort(197)) - ConfigKey ozone.scm.client.address is deprecated, For configuring different ports for each SCM use PortConfigKey ozone.scm.client.port appended with serviceId and nodeId
2022-03-03 08:20:13,888 [Datanode State Machine Task Thread - 0] INFO  ha.SCMNodeInfo (SCMNodeInfo.java:getPort(197)) - ConfigKey ozone.scm.block.client.address is deprecated, For configuring different ports for each SCM use PortConfigKey ozone.scm.block.client.port appended with serviceId and nodeId
2022-03-03 08:20:13,888 [Datanode State Machine Task Thread - 0] INFO  ha.SCMNodeInfo (SCMNodeInfo.java:getPort(197)) - ConfigKey ozone.scm.datanode.address is deprecated, For configuring different ports for each SCM use PortConfigKey ozone.scm.datanode.port appended with serviceId and nodeId
2022-03-03 08:20:13,888 [Datanode State Machine Task Thread - 0] INFO  ha.SCMNodeInfo (SCMNodeInfo.java:getPort(197)) - ConfigKey ozone.scm.client.address is deprecated, For configuring different ports for each SCM use PortConfigKey ozone.scm.client.port appended with serviceId and nodeId
2022-03-03 08:20:13,888 [Datanode State Machine Task Thread - 0] INFO  ha.SCMNodeInfo (SCMNodeInfo.java:getPort(197)) - ConfigKey ozone.scm.block.client.address is deprecated, For configuring different ports for each SCM use PortConfigKey ozone.scm.block.client.port appended with serviceId and nodeId
2022-03-03 08:20:13,889 [Datanode State Machine Task Thread - 0] INFO  ha.SCMNodeInfo (SCMNodeInfo.java:getPort(197)) - ConfigKey ozone.scm.datanode.address is deprecated, For configuring different ports for each SCM use PortConfigKey ozone.scm.datanode.port appended with serviceId and nodeId
2022-03-03 08:20:13,889 [EndpointStateMachine task thread for /127.0.0.1:39861 - 0 ] INFO  ipc.Client (Client.java:handleConnectionFailure(977)) - Retrying connect to server: localhost/127.0.0.1:39861. Already tried 11 time(s); retry policy is RetryUpToMaximumCountWithFixedSleep(maxRetries=15, sleepTime=1000 MILLISECONDS)
2022-03-03 08:20:13,894 [Datanode State Machine Task Thread - 0] INFO  datanode.InitDatanodeState (InitDatanodeState.java:persistContainerDatanodeDetails(138)) - DatanodeDetails is persisted to /home/runner/work/ozone/ozone/hadoop-ozone/integration-test/target/test-dir/MiniOzoneClusterImpl-5b82a1ad-a074-4eb8-9e24-eb4e8d1567b6/datanode-1/meta/datanode.id
2022-03-03 08:20:13,915 [Listener at 127.0.0.1/42883] INFO  upgrade.AbstractLayoutVersionManager (AbstractLayoutVersionManager.java:init(79)) - Initializing Layout version manager with metadata layout = SCM_HA (version = 2), software layout = SCM_HA (version = 2)
2022-03-03 08:20:13,995 [Listener at 127.0.0.1/42883] INFO  reflections.Reflections (Reflections.java:scan(232)) - Reflections took 78 ms to scan 7 urls, producing 122 keys and 286 values 
2022-03-03 08:20:14,008 [Listener at 127.0.0.1/42883] INFO  ha.SCMNodeInfo (SCMNodeInfo.java:getPort(197)) - ConfigKey ozone.scm.client.address is deprecated, For configuring different ports for each SCM use PortConfigKey ozone.scm.client.port appended with serviceId and nodeId
2022-03-03 08:20:14,009 [Listener at 127.0.0.1/42883] INFO  ha.SCMNodeInfo (SCMNodeInfo.java:getPort(197)) - ConfigKey ozone.scm.block.client.address is deprecated, For configuring different ports for each SCM use PortConfigKey ozone.scm.block.client.port appended with serviceId and nodeId
2022-03-03 08:20:14,011 [Listener at 127.0.0.1/42883] INFO  ha.SCMNodeInfo (SCMNodeInfo.java:getPort(197)) - ConfigKey ozone.scm.datanode.address is deprecated, For configuring different ports for each SCM use PortConfigKey ozone.scm.datanode.port appended with serviceId and nodeId
2022-03-03 08:20:14,011 [Listener at 127.0.0.1/42883] INFO  ha.SCMNodeInfo (SCMNodeInfo.java:getPort(197)) - ConfigKey ozone.scm.client.address is deprecated, For configuring different ports for each SCM use PortConfigKey ozone.scm.client.port appended with serviceId and nodeId
2022-03-03 08:20:14,011 [Listener at 127.0.0.1/42883] INFO  ha.SCMNodeInfo (SCMNodeInfo.java:getPort(197)) - ConfigKey ozone.scm.block.client.address is deprecated, For configuring different ports for each SCM use PortConfigKey ozone.scm.block.client.port appended with serviceId and nodeId
2022-03-03 08:20:14,011 [Listener at 127.0.0.1/42883] INFO  ha.SCMNodeInfo (SCMNodeInfo.java:getPort(197)) - ConfigKey ozone.scm.datanode.address is deprecated, For configuring different ports for each SCM use PortConfigKey ozone.scm.datanode.port appended with serviceId and nodeId
2022-03-03 08:20:14,011 [Listener at 127.0.0.1/42883] INFO  ha.SCMNodeInfo (SCMNodeInfo.java:getPort(197)) - ConfigKey ozone.scm.client.address is deprecated, For configuring different ports for each SCM use PortConfigKey ozone.scm.client.port appended with serviceId and nodeId
2022-03-03 08:20:14,012 [Listener at 127.0.0.1/42883] INFO  ha.SCMNodeInfo (SCMNodeInfo.java:getPort(197)) - ConfigKey ozone.scm.block.client.address is deprecated, For configuring different ports for each SCM use PortConfigKey ozone.scm.block.client.port appended with serviceId and nodeId
2022-03-03 08:20:14,012 [Listener at 127.0.0.1/42883] INFO  ha.SCMNodeInfo (SCMNodeInfo.java:getPort(197)) - ConfigKey ozone.scm.datanode.address is deprecated, For configuring different ports for each SCM use PortConfigKey ozone.scm.datanode.port appended with serviceId and nodeId
2022-03-03 08:20:14,012 [Listener at 127.0.0.1/42883] INFO  statemachine.DatanodeStateMachine (DatanodeStateMachine.java:getEndPointTaskThreadPoolSize(222)) - Datanode State Machine Task Thread Pool size 4
2022-03-03 08:20:14,023 [Listener at 127.0.0.1/42883] INFO  volume.HddsVolume (HddsVolume.java:<init>(120)) - Creating HddsVolume: /home/runner/work/ozone/ozone/hadoop-ozone/integration-test/target/test-dir/MiniOzoneClusterImpl-5b82a1ad-a074-4eb8-9e24-eb4e8d1567b6/datanode-2/data-0/containers/hdds of storage type : DISK capacity : 9223372036854775807
2022-03-03 08:20:14,023 [Listener at 127.0.0.1/42883] INFO  volume.MutableVolumeSet (MutableVolumeSet.java:initializeVolumeSet(168)) - Added Volume : /home/runner/work/ozone/ozone/hadoop-ozone/integration-test/target/test-dir/MiniOzoneClusterImpl-5b82a1ad-a074-4eb8-9e24-eb4e8d1567b6/datanode-2/data-0/containers/hdds to VolumeSet
2022-03-03 08:20:14,024 [Listener at 127.0.0.1/42883] INFO  volume.ThrottledAsyncChecker (ThrottledAsyncChecker.java:schedule(141)) - Scheduling a check for /home/runner/work/ozone/ozone/hadoop-ozone/integration-test/target/test-dir/MiniOzoneClusterImpl-5b82a1ad-a074-4eb8-9e24-eb4e8d1567b6/datanode-2/data-0/containers/hdds
2022-03-03 08:20:14,031 [Listener at 127.0.0.1/42883] INFO  volume.StorageVolumeChecker (StorageVolumeChecker.java:checkAllVolumes(202)) - Scheduled health check for volume /home/runner/work/ozone/ozone/hadoop-ozone/integration-test/target/test-dir/MiniOzoneClusterImpl-5b82a1ad-a074-4eb8-9e24-eb4e8d1567b6/datanode-2/data-0/containers/hdds
2022-03-03 08:20:14,051 [Listener at 127.0.0.1/42883] INFO  volume.MutableVolumeSet (MutableVolumeSet.java:initializeVolumeSet(168)) - Added Volume : /home/runner/work/ozone/ozone/hadoop-ozone/integration-test/target/test-dir/MiniOzoneClusterImpl-5b82a1ad-a074-4eb8-9e24-eb4e8d1567b6/datanode-2/data/ratis to VolumeSet
2022-03-03 08:20:14,051 [Listener at 127.0.0.1/42883] INFO  volume.ThrottledAsyncChecker (ThrottledAsyncChecker.java:schedule(141)) - Scheduling a check for /home/runner/work/ozone/ozone/hadoop-ozone/integration-test/target/test-dir/MiniOzoneClusterImpl-5b82a1ad-a074-4eb8-9e24-eb4e8d1567b6/datanode-2/data/ratis
2022-03-03 08:20:14,055 [Listener at 127.0.0.1/42883] INFO  volume.StorageVolumeChecker (StorageVolumeChecker.java:checkAllVolumes(202)) - Scheduled health check for volume /home/runner/work/ozone/ozone/hadoop-ozone/integration-test/target/test-dir/MiniOzoneClusterImpl-5b82a1ad-a074-4eb8-9e24-eb4e8d1567b6/datanode-2/data/ratis
2022-03-03 08:20:14,079 [Thread-1471] INFO  ozoneimpl.ContainerReader (ContainerReader.java:readVolume(172)) - Finish verifying containers on volume /home/runner/work/ozone/ozone/hadoop-ozone/integration-test/target/test-dir/MiniOzoneClusterImpl-5b82a1ad-a074-4eb8-9e24-eb4e8d1567b6/datanode-2/data-0/containers/hdds
2022-03-03 08:20:14,079 [Listener at 127.0.0.1/42883] INFO  ozoneimpl.OzoneContainer (OzoneContainer.java:buildContainerSet(257)) - Build ContainerSet costs 0s
2022-03-03 08:20:14,083 [Listener at 127.0.0.1/42883] INFO  server.RaftServer (ConfUtils.java:logGet(44)) - raft.rpc.type = GRPC (default)
2022-03-03 08:20:14,083 [Listener at 127.0.0.1/42883] INFO  grpc.GrpcFactory (GrpcFactory.java:checkPooledByteBufAllocatorUseCacheForAllThreads(48)) - PERFORMANCE WARNING: useCacheForAllThreads is true that may cause Netty to create a lot garbage objects and, as a result, trigger GC.
	It is recommended to disable useCacheForAllThreads by setting -Dorg.apache.ratis.thirdparty.io.netty.allocator.useCacheForAllThreads=false in command line.
2022-03-03 08:20:14,084 [Listener at 127.0.0.1/42883] INFO  grpc.GrpcConfigKeys (ConfUtils.java:logGet(44)) - raft.grpc.admin.port = 0 (custom)
2022-03-03 08:20:14,084 [Listener at 127.0.0.1/42883] INFO  grpc.GrpcConfigKeys (ConfUtils.java:logGet(44)) - raft.grpc.client.port = 0 (custom)
2022-03-03 08:20:14,084 [Listener at 127.0.0.1/42883] INFO  grpc.GrpcConfigKeys (ConfUtils.java:logGet(44)) - raft.grpc.server.port = 0 (default)
2022-03-03 08:20:14,084 [Listener at 127.0.0.1/42883] INFO  server.GrpcService (ConfUtils.java:logGet(44)) - raft.grpc.message.size.max = 32MB (=33554432) (custom)
2022-03-03 08:20:14,084 [Listener at 127.0.0.1/42883] INFO  server.RaftServerConfigKeys (ConfUtils.java:logGet(44)) - raft.server.log.appender.buffer.byte-limit = 33554432 (custom)
2022-03-03 08:20:14,085 [Listener at 127.0.0.1/42883] INFO  server.GrpcService (ConfUtils.java:logGet(44)) - raft.grpc.flow.control.window = 5MB (=5242880) (custom)
2022-03-03 08:20:14,085 [Listener at 127.0.0.1/42883] INFO  server.RaftServerConfigKeys (ConfUtils.java:logGet(44)) - raft.server.rpc.request.timeout = 60s (custom)
2022-03-03 08:20:14,087 [Listener at 127.0.0.1/42883] INFO  impl.DataStreamServerImpl (ConfUtils.java:logGet(44)) - raft.datastream.type = DISABLED (default)
2022-03-03 08:20:14,087 [Listener at 127.0.0.1/42883] INFO  server.RaftServerConfigKeys (ConfUtils.java:logGet(44)) - raft.server.rpc.slowness.timeout = 300s (custom)
2022-03-03 08:20:14,088 [Listener at 127.0.0.1/42883] INFO  server.RaftServerConfigKeys (ConfUtils.java:logGet(44)) - raft.server.leaderelection.leader.step-down.wait-time = 10s (default)
2022-03-03 08:20:14,088 [Listener at 127.0.0.1/42883] INFO  server.RaftServerConfigKeys (ConfUtils.java:logGet(44)) - raft.server.storage.dir = [/home/runner/work/ozone/ozone/hadoop-ozone/integration-test/target/test-dir/MiniOzoneClusterImpl-5b82a1ad-a074-4eb8-9e24-eb4e8d1567b6/datanode-2/data/ratis] (custom)
2022-03-03 08:20:14,090 [Listener at 127.0.0.1/42883] INFO  server.XceiverServerGrpc (XceiverServerGrpc.java:<init>(132)) - GrpcServer channel type EpollServerSocketChannel
2022-03-03 08:20:14,109 [Listener at 127.0.0.1/42883] INFO  http.BaseHttpServer (BaseHttpServer.java:newHttpServer2BuilderForOzone(209)) - Starting Web-server for hddsDatanode at: http://0.0.0.0:0
2022-03-03 08:20:14,109 [Listener at 127.0.0.1/42883] INFO  http.BaseHttpServer (BaseHttpServer.java:<init>(107)) - Hadoop Security Enabled: false Ozone Security Enabled: false Ozone HTTP Security Enabled: false 
2022-03-03 08:20:14,113 [Listener at 127.0.0.1/42883] INFO  server.AuthenticationFilter (AuthenticationFilter.java:constructSecretProvider(240)) - Unable to initialize FileSignerSecretProvider, falling back to use random secrets.
2022-03-03 08:20:14,114 [Listener at 127.0.0.1/42883] WARN  http.HttpRequestLog (HttpRequestLog.java:getRequestLog(103)) - Jetty request log can only be enabled using Log4j
2022-03-03 08:20:14,115 [Listener at 127.0.0.1/42883] INFO  http.HttpServer2 (HttpServer2.java:addGlobalFilter(1030)) - Added global filter 'safety' (class=org.apache.hadoop.hdds.server.http.HttpServer2$QuotingInputFilter)
2022-03-03 08:20:14,116 [Listener at 127.0.0.1/42883] INFO  http.HttpServer2 (HttpServer2.java:addFilter(1006)) - Added filter static_user_filter (class=org.apache.hadoop.http.lib.StaticUserWebFilter$StaticUserFilter) to context hddsDatanode
2022-03-03 08:20:14,116 [Listener at 127.0.0.1/42883] INFO  http.HttpServer2 (HttpServer2.java:addFilter(1014)) - Added filter static_user_filter (class=org.apache.hadoop.http.lib.StaticUserWebFilter$StaticUserFilter) to context static
2022-03-03 08:20:14,116 [Listener at 127.0.0.1/42883] INFO  http.HttpServer2 (HttpServer2.java:addFilter(1014)) - Added filter static_user_filter (class=org.apache.hadoop.http.lib.StaticUserWebFilter$StaticUserFilter) to context logs
2022-03-03 08:20:14,117 [Listener at 127.0.0.1/42883] INFO  http.HttpServer2 (HttpServer2.java:bindListener(1249)) - Jetty bound to port 33389
2022-03-03 08:20:14,117 [Listener at 127.0.0.1/42883] INFO  server.Server (Server.java:doStart(375)) - jetty-9.4.43.v20210629; built: 2021-06-30T11:07:22.254Z; git: 526006ecfa3af7f1a27ef3a288e2bef7ea9dd7e8; jvm 1.8.0_322-b06
2022-03-03 08:20:14,154 [Listener at 127.0.0.1/42883] INFO  server.session (DefaultSessionIdManager.java:doStart(334)) - DefaultSessionIdManager workerName=node0
2022-03-03 08:20:14,154 [Listener at 127.0.0.1/42883] INFO  server.session (DefaultSessionIdManager.java:doStart(339)) - No SessionScavenger set, using defaults
2022-03-03 08:20:14,154 [Listener at 127.0.0.1/42883] INFO  server.session (HouseKeeper.java:startScavenging(132)) - node0 Scavenging every 660000ms
2022-03-03 08:20:14,157 [Listener at 127.0.0.1/42883] INFO  handler.ContextHandler (ContextHandler.java:doStart(915)) - Started o.e.j.s.ServletContextHandler@5662f36e{logs,/logs,file:///home/runner/work/ozone/ozone/hadoop-ozone/integration-test/target/log,AVAILABLE}
2022-03-03 08:20:14,158 [Listener at 127.0.0.1/42883] INFO  handler.ContextHandler (ContextHandler.java:doStart(915)) - Started o.e.j.s.ServletContextHandler@5b4eaf8b{static,/static,jar:file:/home/runner/.m2/repository/org/apache/ozone/hdds-container-service/1.3.0-SNAPSHOT/hdds-container-service-1.3.0-SNAPSHOT.jar!/webapps/static,AVAILABLE}
2022-03-03 08:20:14,240 [Listener at 127.0.0.1/42883] INFO  handler.ContextHandler (ContextHandler.java:doStart(915)) - Started o.e.j.w.WebAppContext@6dfce79d{hddsDatanode,/,file:///tmp/jetty-0_0_0_0-33389-hdds-container-service-1_3_0-SNAPSHOT_jar-_-any-386541860549224372/webapp/,AVAILABLE}{jar:file:/home/runner/.m2/repository/org/apache/ozone/hdds-container-service/1.3.0-SNAPSHOT/hdds-container-service-1.3.0-SNAPSHOT.jar!/webapps/hddsDatanode}
2022-03-03 08:20:14,249 [Listener at 127.0.0.1/42883] INFO  server.AbstractConnector (AbstractConnector.java:doStart(331)) - Started ServerConnector@3f5673d0{HTTP/1.1, (http/1.1)}{0.0.0.0:33389}
2022-03-03 08:20:14,249 [Listener at 127.0.0.1/42883] INFO  server.Server (Server.java:doStart(415)) - Started @96114ms
2022-03-03 08:20:14,250 [Listener at 127.0.0.1/42883] WARN  impl.MetricsSystemImpl (MetricsSystemImpl.java:register(279)) - Sink prometheus already exists!
2022-03-03 08:20:14,250 [Listener at 127.0.0.1/42883] INFO  http.BaseHttpServer (BaseHttpServer.java:updateConnectorAddress(329)) - HTTP server of hddsDatanode listening at http://0.0.0.0:33389
2022-03-03 08:20:14,257 [Listener at 127.0.0.1/42883] INFO  ozone.MiniOzoneClusterImpl (MiniOzoneClusterImpl.java:lambda$waitForClusterToBeReady$0(219)) - Waiting for nodes to be ready. Got 0 of 3 DN Heartbeats.
2022-03-03 08:20:14,257 [Listener at 127.0.0.1/42883] INFO  ozone.MiniOzoneClusterImpl (MiniOzoneClusterImpl.java:lambda$waitForClusterToBeReady$0(222)) - Waiting for cluster to exit safe mode
2022-03-03 08:20:14,257 [Listener at 127.0.0.1/42883] INFO  ozone.MiniOzoneClusterImpl (MiniOzoneClusterImpl.java:lambda$waitForClusterToBeReady$0(224)) - SCM became leader
2022-03-03 08:20:14,262 [Datanode State Machine Daemon Thread] INFO  statemachine.DatanodeStateMachine (DatanodeStateMachine.java:lambda$startDaemon$0(470)) - Ozone container server started.
2022-03-03 08:20:14,305 [org.apache.hadoop.util.JvmPauseMonitor$Monitor@3baeb61] INFO  util.JvmPauseMonitor (JvmPauseMonitor.java:run(188)) - Starting JVM pause monitor
2022-03-03 08:20:14,306 [Datanode State Machine Task Thread - 0] INFO  ha.SCMNodeInfo (SCMNodeInfo.java:getPort(197)) - ConfigKey ozone.scm.client.address is deprecated, For configuring different ports for each SCM use PortConfigKey ozone.scm.client.port appended with serviceId and nodeId
2022-03-03 08:20:14,306 [Datanode State Machine Task Thread - 0] INFO  ha.SCMNodeInfo (SCMNodeInfo.java:getPort(197)) - ConfigKey ozone.scm.block.client.address is deprecated, For configuring different ports for each SCM use PortConfigKey ozone.scm.block.client.port appended with serviceId and nodeId
2022-03-03 08:20:14,306 [Datanode State Machine Task Thread - 0] INFO  ha.SCMNodeInfo (SCMNodeInfo.java:getPort(197)) - ConfigKey ozone.scm.datanode.address is deprecated, For configuring different ports for each SCM use PortConfigKey ozone.scm.datanode.port appended with serviceId and nodeId
2022-03-03 08:20:14,306 [Datanode State Machine Task Thread - 0] INFO  ha.SCMNodeInfo (SCMNodeInfo.java:getPort(197)) - ConfigKey ozone.scm.client.address is deprecated, For configuring different ports for each SCM use PortConfigKey ozone.scm.client.port appended with serviceId and nodeId
2022-03-03 08:20:14,306 [Datanode State Machine Task Thread - 0] INFO  ha.SCMNodeInfo (SCMNodeInfo.java:getPort(197)) - ConfigKey ozone.scm.block.client.address is deprecated, For configuring different ports for each SCM use PortConfigKey ozone.scm.block.client.port appended with serviceId and nodeId
2022-03-03 08:20:14,306 [Datanode State Machine Task Thread - 0] INFO  ha.SCMNodeInfo (SCMNodeInfo.java:getPort(197)) - ConfigKey ozone.scm.datanode.address is deprecated, For configuring different ports for each SCM use PortConfigKey ozone.scm.datanode.port appended with serviceId and nodeId
2022-03-03 08:20:14,306 [Datanode State Machine Task Thread - 0] INFO  ha.SCMNodeInfo (SCMNodeInfo.java:getPort(197)) - ConfigKey ozone.scm.client.address is deprecated, For configuring different ports for each SCM use PortConfigKey ozone.scm.client.port appended with serviceId and nodeId
2022-03-03 08:20:14,306 [Datanode State Machine Task Thread - 0] INFO  ha.SCMNodeInfo (SCMNodeInfo.java:getPort(197)) - ConfigKey ozone.scm.block.client.address is deprecated, For configuring different ports for each SCM use PortConfigKey ozone.scm.block.client.port appended with serviceId and nodeId
2022-03-03 08:20:14,307 [Datanode State Machine Task Thread - 0] INFO  ha.SCMNodeInfo (SCMNodeInfo.java:getPort(197)) - ConfigKey ozone.scm.datanode.address is deprecated, For configuring different ports for each SCM use PortConfigKey ozone.scm.datanode.port appended with serviceId and nodeId
2022-03-03 08:20:14,309 [Datanode State Machine Task Thread - 0] INFO  datanode.InitDatanodeState (InitDatanodeState.java:persistContainerDatanodeDetails(138)) - DatanodeDetails is persisted to /home/runner/work/ozone/ozone/hadoop-ozone/integration-test/target/test-dir/MiniOzoneClusterImpl-5b82a1ad-a074-4eb8-9e24-eb4e8d1567b6/datanode-2/meta/datanode.id
2022-03-03 08:20:14,815 [EndpointStateMachine task thread for /127.0.0.1:43363 - 0 ] INFO  ipc.Client (Client.java:handleConnectionFailure(977)) - Retrying connect to server: localhost/127.0.0.1:43363. Already tried 12 time(s); retry policy is RetryUpToMaximumCountWithFixedSleep(maxRetries=15, sleepTime=1000 MILLISECONDS)
2022-03-03 08:20:14,887 [EndpointStateMachine task thread for /127.0.0.1:45429 - 0 ] INFO  ipc.Client (Client.java:handleConnectionFailure(977)) - Retrying connect to server: localhost/127.0.0.1:45429. Already tried 13 time(s); retry policy is RetryUpToMaximumCountWithFixedSleep(maxRetries=15, sleepTime=1000 MILLISECONDS)
2022-03-03 08:20:14,913 [EndpointStateMachine task thread for /127.0.0.1:39861 - 0 ] INFO  ipc.Client (Client.java:handleConnectionFailure(977)) - Retrying connect to server: localhost/127.0.0.1:39861. Already tried 12 time(s); retry policy is RetryUpToMaximumCountWithFixedSleep(maxRetries=15, sleepTime=1000 MILLISECONDS)
2022-03-03 08:20:15,257 [Listener at 127.0.0.1/42883] INFO  ozone.MiniOzoneClusterImpl (MiniOzoneClusterImpl.java:lambda$waitForClusterToBeReady$0(219)) - Waiting for nodes to be ready. Got 0 of 3 DN Heartbeats.
2022-03-03 08:20:15,258 [Listener at 127.0.0.1/42883] INFO  ozone.MiniOzoneClusterImpl (MiniOzoneClusterImpl.java:lambda$waitForClusterToBeReady$0(222)) - Waiting for cluster to exit safe mode
2022-03-03 08:20:15,258 [Listener at 127.0.0.1/42883] INFO  ozone.MiniOzoneClusterImpl (MiniOzoneClusterImpl.java:lambda$waitForClusterToBeReady$0(224)) - SCM became leader
2022-03-03 08:20:15,454 [EndpointStateMachine task thread for /127.0.0.1:42215 - 0 ] INFO  ozoneimpl.OzoneContainer (OzoneContainer.java:start(335)) - Attempting to start container services.
2022-03-03 08:20:15,454 [EndpointStateMachine task thread for /127.0.0.1:42215 - 0 ] INFO  ozoneimpl.OzoneContainer (OzoneContainer.java:startContainerScrub(270)) - Background container scanner has been disabled.
2022-03-03 08:20:15,455 [EndpointStateMachine task thread for /127.0.0.1:42215 - 0 ] INFO  replication.ReplicationServer (ReplicationServer.java:start(111)) - ReplicationServer is started using port 36787
2022-03-03 08:20:15,470 [EndpointStateMachine task thread for /127.0.0.1:42215 - 0 ] INFO  ratis.XceiverServerRatis (XceiverServerRatis.java:start(485)) - Starting XceiverServerRatis b80209a9-e74f-462d-bd7e-a1c457e8621c
2022-03-03 08:20:15,472 [EndpointStateMachine task thread for /127.0.0.1:42215 - 0 ] INFO  server.RaftServer (RaftServerProxy.java:lambda$start$5(374)) - b80209a9-e74f-462d-bd7e-a1c457e8621c: start RPC server
2022-03-03 08:20:15,477 [EndpointStateMachine task thread for /127.0.0.1:42215 - 0 ] INFO  server.GrpcService (GrpcService.java:startImpl(253)) - b80209a9-e74f-462d-bd7e-a1c457e8621c: GrpcService started, listening on 37755
2022-03-03 08:20:15,477 [EndpointStateMachine task thread for /127.0.0.1:42215 - 0 ] INFO  ratis.XceiverServerRatis (XceiverServerRatis.java:getRealPort(506)) - XceiverServerRatis b80209a9-e74f-462d-bd7e-a1c457e8621c is started using port 37755 for RATIS
2022-03-03 08:20:15,477 [EndpointStateMachine task thread for /127.0.0.1:42215 - 0 ] INFO  ratis.XceiverServerRatis (XceiverServerRatis.java:getRealPort(506)) - XceiverServerRatis b80209a9-e74f-462d-bd7e-a1c457e8621c is started using port 37755 for RATIS_ADMIN
2022-03-03 08:20:15,477 [EndpointStateMachine task thread for /127.0.0.1:42215 - 0 ] INFO  ratis.XceiverServerRatis (XceiverServerRatis.java:getRealPort(506)) - XceiverServerRatis b80209a9-e74f-462d-bd7e-a1c457e8621c is started using port 37755 for RATIS_SERVER
2022-03-03 08:20:15,479 [org.apache.ratis.util.JvmPauseMonitor$$Lambda$503/666911607@56d7e6ad] INFO  util.JvmPauseMonitor (JvmPauseMonitor.java:run(103)) - JvmPauseMonitor-b80209a9-e74f-462d-bd7e-a1c457e8621c: Started
2022-03-03 08:20:15,484 [EndpointStateMachine task thread for /127.0.0.1:42215 - 0 ] INFO  server.XceiverServerGrpc (XceiverServerGrpc.java:start(180)) - XceiverServerGrpc b80209a9-e74f-462d-bd7e-a1c457e8621c is started using port 35793
2022-03-03 08:20:15,509 [EndpointStateMachine task thread for /127.0.0.1:35645 - 0 ] INFO  ozoneimpl.OzoneContainer (OzoneContainer.java:start(331)) - Ignore. OzoneContainer already started.
2022-03-03 08:20:15,816 [EndpointStateMachine task thread for /127.0.0.1:43363 - 0 ] INFO  ipc.Client (Client.java:handleConnectionFailure(977)) - Retrying connect to server: localhost/127.0.0.1:43363. Already tried 13 time(s); retry policy is RetryUpToMaximumCountWithFixedSleep(maxRetries=15, sleepTime=1000 MILLISECONDS)
2022-03-03 08:20:15,893 [EndpointStateMachine task thread for /127.0.0.1:42215 - 0 ] INFO  ozoneimpl.OzoneContainer (OzoneContainer.java:start(335)) - Attempting to start container services.
2022-03-03 08:20:15,893 [EndpointStateMachine task thread for /127.0.0.1:42215 - 0 ] INFO  ozoneimpl.OzoneContainer (OzoneContainer.java:startContainerScrub(270)) - Background container scanner has been disabled.
2022-03-03 08:20:15,894 [EndpointStateMachine task thread for /127.0.0.1:42215 - 0 ] INFO  replication.ReplicationServer (ReplicationServer.java:start(111)) - ReplicationServer is started using port 38253
2022-03-03 08:20:15,895 [EndpointStateMachine task thread for /127.0.0.1:42215 - 0 ] INFO  ratis.XceiverServerRatis (XceiverServerRatis.java:start(485)) - Starting XceiverServerRatis bbb996b9-cb57-429e-b9a5-f900bfe28cb3
2022-03-03 08:20:15,901 [EndpointStateMachine task thread for /127.0.0.1:42215 - 0 ] INFO  server.RaftServer (RaftServerProxy.java:lambda$start$5(374)) - bbb996b9-cb57-429e-b9a5-f900bfe28cb3: start RPC server
2022-03-03 08:20:15,908 [EndpointStateMachine task thread for /127.0.0.1:42215 - 0 ] INFO  server.GrpcService (GrpcService.java:startImpl(253)) - bbb996b9-cb57-429e-b9a5-f900bfe28cb3: GrpcService started, listening on 39561
2022-03-03 08:20:15,909 [EndpointStateMachine task thread for /127.0.0.1:42215 - 0 ] INFO  ratis.XceiverServerRatis (XceiverServerRatis.java:getRealPort(506)) - XceiverServerRatis bbb996b9-cb57-429e-b9a5-f900bfe28cb3 is started using port 39561 for RATIS
2022-03-03 08:20:15,909 [EndpointStateMachine task thread for /127.0.0.1:42215 - 0 ] INFO  ratis.XceiverServerRatis (XceiverServerRatis.java:getRealPort(506)) - XceiverServerRatis bbb996b9-cb57-429e-b9a5-f900bfe28cb3 is started using port 39561 for RATIS_ADMIN
2022-03-03 08:20:15,909 [EndpointStateMachine task thread for /127.0.0.1:42215 - 0 ] INFO  ratis.XceiverServerRatis (XceiverServerRatis.java:getRealPort(506)) - XceiverServerRatis bbb996b9-cb57-429e-b9a5-f900bfe28cb3 is started using port 39561 for RATIS_SERVER
2022-03-03 08:20:15,909 [org.apache.ratis.util.JvmPauseMonitor$$Lambda$503/666911607@2c2d81cc] INFO  util.JvmPauseMonitor (JvmPauseMonitor.java:run(103)) - JvmPauseMonitor-bbb996b9-cb57-429e-b9a5-f900bfe28cb3: Started
2022-03-03 08:20:15,910 [EndpointStateMachine task thread for /127.0.0.1:42215 - 0 ] INFO  server.XceiverServerGrpc (XceiverServerGrpc.java:start(180)) - XceiverServerGrpc bbb996b9-cb57-429e-b9a5-f900bfe28cb3 is started using port 39773
2022-03-03 08:20:15,915 [EndpointStateMachine task thread for /127.0.0.1:39861 - 0 ] INFO  ipc.Client (Client.java:handleConnectionFailure(977)) - Retrying connect to server: localhost/127.0.0.1:39861. Already tried 13 time(s); retry policy is RetryUpToMaximumCountWithFixedSleep(maxRetries=15, sleepTime=1000 MILLISECONDS)
2022-03-03 08:20:15,917 [EndpointStateMachine task thread for /127.0.0.1:45429 - 0 ] INFO  ipc.Client (Client.java:handleConnectionFailure(977)) - Retrying connect to server: localhost/127.0.0.1:45429. Already tried 14 time(s); retry policy is RetryUpToMaximumCountWithFixedSleep(maxRetries=15, sleepTime=1000 MILLISECONDS)
2022-03-03 08:20:15,922 [EndpointStateMachine task thread for /127.0.0.1:35645 - 0 ] INFO  ozoneimpl.OzoneContainer (OzoneContainer.java:start(331)) - Ignore. OzoneContainer already started.
2022-03-03 08:20:16,258 [Listener at 127.0.0.1/42883] INFO  ozone.MiniOzoneClusterImpl (MiniOzoneClusterImpl.java:lambda$waitForClusterToBeReady$0(219)) - Waiting for nodes to be ready. Got 0 of 3 DN Heartbeats.
2022-03-03 08:20:16,258 [Listener at 127.0.0.1/42883] INFO  ozone.MiniOzoneClusterImpl (MiniOzoneClusterImpl.java:lambda$waitForClusterToBeReady$0(222)) - Waiting for cluster to exit safe mode
2022-03-03 08:20:16,259 [Listener at 127.0.0.1/42883] INFO  ozone.MiniOzoneClusterImpl (MiniOzoneClusterImpl.java:lambda$waitForClusterToBeReady$0(224)) - SCM became leader
2022-03-03 08:20:16,323 [EndpointStateMachine task thread for /127.0.0.1:42215 - 0 ] INFO  ozoneimpl.OzoneContainer (OzoneContainer.java:start(335)) - Attempting to start container services.
2022-03-03 08:20:16,337 [EndpointStateMachine task thread for /127.0.0.1:42215 - 0 ] INFO  ozoneimpl.OzoneContainer (OzoneContainer.java:startContainerScrub(270)) - Background container scanner has been disabled.
2022-03-03 08:20:16,343 [EndpointStateMachine task thread for /127.0.0.1:42215 - 0 ] INFO  replication.ReplicationServer (ReplicationServer.java:start(111)) - ReplicationServer is started using port 35315
2022-03-03 08:20:16,350 [EndpointStateMachine task thread for /127.0.0.1:42215 - 0 ] INFO  ratis.XceiverServerRatis (XceiverServerRatis.java:start(485)) - Starting XceiverServerRatis abae3395-e125-494e-95ee-7e13e0096d36
2022-03-03 08:20:16,358 [EndpointStateMachine task thread for /127.0.0.1:42215 - 0 ] INFO  server.RaftServer (RaftServerProxy.java:lambda$start$5(374)) - abae3395-e125-494e-95ee-7e13e0096d36: start RPC server
2022-03-03 08:20:16,359 [EndpointStateMachine task thread for /127.0.0.1:42215 - 0 ] INFO  server.GrpcService (GrpcService.java:startImpl(253)) - abae3395-e125-494e-95ee-7e13e0096d36: GrpcService started, listening on 37079
2022-03-03 08:20:16,363 [EndpointStateMachine task thread for /127.0.0.1:42215 - 0 ] INFO  ratis.XceiverServerRatis (XceiverServerRatis.java:getRealPort(506)) - XceiverServerRatis abae3395-e125-494e-95ee-7e13e0096d36 is started using port 37079 for RATIS
2022-03-03 08:20:16,363 [EndpointStateMachine task thread for /127.0.0.1:42215 - 0 ] INFO  ratis.XceiverServerRatis (XceiverServerRatis.java:getRealPort(506)) - XceiverServerRatis abae3395-e125-494e-95ee-7e13e0096d36 is started using port 37079 for RATIS_ADMIN
2022-03-03 08:20:16,363 [EndpointStateMachine task thread for /127.0.0.1:42215 - 0 ] INFO  ratis.XceiverServerRatis (XceiverServerRatis.java:getRealPort(506)) - XceiverServerRatis abae3395-e125-494e-95ee-7e13e0096d36 is started using port 37079 for RATIS_SERVER
2022-03-03 08:20:16,364 [org.apache.ratis.util.JvmPauseMonitor$$Lambda$503/666911607@1953548e] INFO  util.JvmPauseMonitor (JvmPauseMonitor.java:run(103)) - JvmPauseMonitor-abae3395-e125-494e-95ee-7e13e0096d36: Started
2022-03-03 08:20:16,377 [EndpointStateMachine task thread for /127.0.0.1:42215 - 0 ] INFO  server.XceiverServerGrpc (XceiverServerGrpc.java:start(180)) - XceiverServerGrpc abae3395-e125-494e-95ee-7e13e0096d36 is started using port 33507
2022-03-03 08:20:16,380 [EndpointStateMachine task thread for /127.0.0.1:35645 - 0 ] INFO  ozoneimpl.OzoneContainer (OzoneContainer.java:start(331)) - Ignore. OzoneContainer already started.
2022-03-03 08:20:16,817 [EndpointStateMachine task thread for /127.0.0.1:43363 - 0 ] INFO  ipc.Client (Client.java:handleConnectionFailure(977)) - Retrying connect to server: localhost/127.0.0.1:43363. Already tried 14 time(s); retry policy is RetryUpToMaximumCountWithFixedSleep(maxRetries=15, sleepTime=1000 MILLISECONDS)
2022-03-03 08:20:16,915 [EndpointStateMachine task thread for /127.0.0.1:39861 - 0 ] INFO  ipc.Client (Client.java:handleConnectionFailure(977)) - Retrying connect to server: localhost/127.0.0.1:39861. Already tried 14 time(s); retry policy is RetryUpToMaximumCountWithFixedSleep(maxRetries=15, sleepTime=1000 MILLISECONDS)
2022-03-03 08:20:16,918 [EndpointStateMachine task thread for /127.0.0.1:45429 - 0 ] INFO  ipc.Client (Client.java:handleConnectionFailure(977)) - Retrying connect to server: localhost/127.0.0.1:45429. Already tried 0 time(s); retry policy is RetryUpToMaximumCountWithFixedSleep(maxRetries=15, sleepTime=1000 MILLISECONDS)
2022-03-03 08:20:17,259 [Listener at 127.0.0.1/42883] INFO  ozone.MiniOzoneClusterImpl (MiniOzoneClusterImpl.java:lambda$waitForClusterToBeReady$0(219)) - Waiting for nodes to be ready. Got 0 of 3 DN Heartbeats.
2022-03-03 08:20:17,259 [Listener at 127.0.0.1/42883] INFO  ozone.MiniOzoneClusterImpl (MiniOzoneClusterImpl.java:lambda$waitForClusterToBeReady$0(222)) - Waiting for cluster to exit safe mode
2022-03-03 08:20:17,259 [Listener at 127.0.0.1/42883] INFO  ozone.MiniOzoneClusterImpl (MiniOzoneClusterImpl.java:lambda$waitForClusterToBeReady$0(224)) - SCM became leader
2022-03-03 08:20:17,388 [IPC Server handler 0 on default port 42215] INFO  net.NetworkTopologyImpl (NetworkTopologyImpl.java:add(112)) - Added a new node: /default-rack/b80209a9-e74f-462d-bd7e-a1c457e8621c
2022-03-03 08:20:17,399 [IPC Server handler 20 on default port 35645] INFO  net.NetworkTopologyImpl (NetworkTopologyImpl.java:add(112)) - Added a new node: /default-rack/b80209a9-e74f-462d-bd7e-a1c457e8621c
2022-03-03 08:20:17,399 [IPC Server handler 20 on default port 35645] INFO  node.SCMNodeManager (SCMNodeManager.java:register(391)) - Registered Data node : b80209a9-e74f-462d-bd7e-a1c457e8621c{ip: 127.0.0.1, host: localhost, ports: [REPLICATION=36787, RATIS=37755, RATIS_ADMIN=37755, RATIS_SERVER=37755, STANDALONE=35793], networkLocation: /default-rack, certSerialId: null, persistedOpState: null, persistedOpStateExpiryEpochSec: 0}
2022-03-03 08:20:17,400 [IPC Server handler 0 on default port 42215] INFO  node.SCMNodeManager (SCMNodeManager.java:register(391)) - Registered Data node : b80209a9-e74f-462d-bd7e-a1c457e8621c{ip: 127.0.0.1, host: localhost, ports: [REPLICATION=36787, RATIS=37755, RATIS_ADMIN=37755, RATIS_SERVER=37755, STANDALONE=35793], networkLocation: /default-rack, certSerialId: null, persistedOpState: null, persistedOpStateExpiryEpochSec: 0}
2022-03-03 08:20:17,401 [EventQueue-NewNodeForNewNodeHandler] INFO  pipeline.BackgroundPipelineCreator (BackgroundPipelineCreator.java:notifyEventTriggered(285)) - trigger a one-shot run on RatisPipelineUtilsThread.
2022-03-03 08:20:17,406 [EventQueue-NodeRegistrationContainerReportForDataNodeSafeModeRule] INFO  safemode.SCMSafeModeManager (DataNodeSafeModeRule.java:process(71)) - SCM in safe mode. 1 DataNodes registered, 3 required.
2022-03-03 08:20:17,401 [RatisPipelineUtilsThread - 0] INFO  pipeline.RatisPipelineProvider (RatisPipelineProvider.java:lambda$create$0(183)) - Sending CreatePipelineCommand for pipeline:PipelineID=8dbb7c1b-beb8-4e3c-880e-d680b8283e93 to datanode:b80209a9-e74f-462d-bd7e-a1c457e8621c
2022-03-03 08:20:17,415 [EventQueue-NodeRegistrationContainerReportForContainerSafeModeRule] INFO  safemode.SCMSafeModeManager (SCMSafeModeManager.java:validateSafeModeExitRules(204)) - ContainerSafeModeRule rule is successfully validated
2022-03-03 08:20:17,421 [EventQueue-NewNodeForNewNodeHandler] INFO  pipeline.BackgroundPipelineCreator (BackgroundPipelineCreator.java:notifyEventTriggered(279)) - ignore, not leader SCM.
2022-03-03 08:20:17,422 [EventQueue-NodeRegistrationContainerReportForDataNodeSafeModeRule] INFO  safemode.SCMSafeModeManager (DataNodeSafeModeRule.java:process(71)) - SCM in safe mode. 1 DataNodes registered, 3 required.
2022-03-03 08:20:17,429 [EventQueue-PipelineReportForOneReplicaPipelineSafeModeRule] INFO  safemode.SCMSafeModeManager (SCMSafeModeManager.java:validateSafeModeExitRules(204)) - AtleastOneDatanodeReportedRule rule is successfully validated
2022-03-03 08:20:17,445 [EventQueue-NodeRegistrationContainerReportForContainerSafeModeRule] INFO  safemode.SCMSafeModeManager (SCMSafeModeManager.java:validateSafeModeExitRules(204)) - ContainerSafeModeRule rule is successfully validated
2022-03-03 08:20:17,450 [EventQueue-PipelineReportForOneReplicaPipelineSafeModeRule] INFO  safemode.SCMSafeModeManager (SCMSafeModeManager.java:validateSafeModeExitRules(204)) - AtleastOneDatanodeReportedRule rule is successfully validated
2022-03-03 08:20:17,481 [e7338982-199b-4e5a-937e-5a36927222d8@group-EB4E8D1567B6-StateMachineUpdater] INFO  pipeline.PipelineStateManagerImpl (PipelineStateManagerImpl.java:addPipeline(101)) - Created pipeline Pipeline[ Id: 8dbb7c1b-beb8-4e3c-880e-d680b8283e93, Nodes: b80209a9-e74f-462d-bd7e-a1c457e8621c{ip: 127.0.0.1, host: localhost, ports: [REPLICATION=36787, RATIS=37755, RATIS_ADMIN=37755, RATIS_SERVER=37755, STANDALONE=35793], networkLocation: /default-rack, certSerialId: null, persistedOpState: IN_SERVICE, persistedOpStateExpiryEpochSec: 0}, ReplicationConfig: RATIS/ONE, State:ALLOCATED, leaderId:, CreationTimestamp2022-03-03T08:20:17.401Z[Etc/UTC]].
2022-03-03 08:20:17,482 [e7338982-199b-4e5a-937e-5a36927222d8@group-EB4E8D1567B6-StateMachineUpdater] INFO  safemode.HealthyPipelineSafeModeRule (HealthyPipelineSafeModeRule.java:initializeRule(152)) - Refreshed total pipeline count is 0, healthy pipeline threshold count is 1
2022-03-03 08:20:17,486 [1244aa64-d874-441f-9571-396032220701@group-EB4E8D1567B6-StateMachineUpdater] INFO  pipeline.PipelineStateManagerImpl (PipelineStateManagerImpl.java:addPipeline(101)) - Created pipeline Pipeline[ Id: 8dbb7c1b-beb8-4e3c-880e-d680b8283e93, Nodes: b80209a9-e74f-462d-bd7e-a1c457e8621c{ip: 127.0.0.1, host: localhost, ports: [REPLICATION=36787, RATIS=37755, RATIS_ADMIN=37755, RATIS_SERVER=37755, STANDALONE=35793], networkLocation: /default-rack, certSerialId: null, persistedOpState: IN_SERVICE, persistedOpStateExpiryEpochSec: 0}, ReplicationConfig: RATIS/ONE, State:ALLOCATED, leaderId:, CreationTimestamp2022-03-03T08:20:17.401Z[Etc/UTC]].
2022-03-03 08:20:17,486 [1244aa64-d874-441f-9571-396032220701@group-EB4E8D1567B6-StateMachineUpdater] INFO  safemode.HealthyPipelineSafeModeRule (HealthyPipelineSafeModeRule.java:initializeRule(152)) - Refreshed total pipeline count is 0, healthy pipeline threshold count is 1
2022-03-03 08:20:17,487 [1244aa64-d874-441f-9571-396032220701@group-EB4E8D1567B6-StateMachineUpdater] INFO  ha.SCMStateMachine (SCMStateMachine.java:takeSnapshot(297)) - Current Snapshot Index 7, takeSnapshot took 0 ms
2022-03-03 08:20:17,487 [1244aa64-d874-441f-9571-396032220701@group-EB4E8D1567B6-StateMachineUpdater] INFO  impl.StateMachineUpdater (StateMachineUpdater.java:takeSnapshot(281)) - 1244aa64-d874-441f-9571-396032220701@group-EB4E8D1567B6-StateMachineUpdater: Took a snapshot at index 7
2022-03-03 08:20:17,487 [1244aa64-d874-441f-9571-396032220701@group-EB4E8D1567B6-StateMachineUpdater] INFO  impl.StateMachineUpdater (StateMachineUpdater.java:lambda$new$0(89)) - 1244aa64-d874-441f-9571-396032220701@group-EB4E8D1567B6-StateMachineUpdater: snapshotIndex: updateIncreasingly 2 -> 7
2022-03-03 08:20:17,487 [1244aa64-d874-441f-9571-396032220701@group-EB4E8D1567B6-StateMachineUpdater] INFO  raftlog.RaftLog (RaftLogBase.java:purge(306)) - 1244aa64-d874-441f-9571-396032220701@group-EB4E8D1567B6-SegmentedRaftLog: purge 7
2022-03-03 08:20:17,487 [1244aa64-d874-441f-9571-396032220701@group-EB4E8D1567B6-StateMachineUpdater] INFO  raftlog.RaftLog (RaftLogBase.java:lambda$new$0(53)) - 1244aa64-d874-441f-9571-396032220701@group-EB4E8D1567B6-SegmentedRaftLog: snapshotIndex: updateIncreasingly 2 -> 7
2022-03-03 08:20:17,487 [1244aa64-d874-441f-9571-396032220701@group-EB4E8D1567B6-StateMachineUpdater] INFO  raftlog.RaftLog (RaftLogBase.java:lambda$new$0(53)) - 1244aa64-d874-441f-9571-396032220701@group-EB4E8D1567B6-SegmentedRaftLog: purgeIndex: updateToMax old=-1, new=7, updated? true
2022-03-03 08:20:17,818 [EndpointStateMachine task thread for /127.0.0.1:43363 - 0 ] INFO  ipc.Client (Client.java:handleConnectionFailure(977)) - Retrying connect to server: localhost/127.0.0.1:43363. Already tried 0 time(s); retry policy is RetryUpToMaximumCountWithFixedSleep(maxRetries=15, sleepTime=1000 MILLISECONDS)
2022-03-03 08:20:17,882 [IPC Server handler 1 on default port 42215] INFO  net.NetworkTopologyImpl (NetworkTopologyImpl.java:add(112)) - Added a new node: /default-rack/bbb996b9-cb57-429e-b9a5-f900bfe28cb3
2022-03-03 08:20:17,883 [IPC Server handler 1 on default port 42215] INFO  node.SCMNodeManager (SCMNodeManager.java:register(391)) - Registered Data node : bbb996b9-cb57-429e-b9a5-f900bfe28cb3{ip: 127.0.0.1, host: localhost, ports: [REPLICATION=38253, RATIS=39561, RATIS_ADMIN=39561, RATIS_SERVER=39561, STANDALONE=39773], networkLocation: /default-rack, certSerialId: null, persistedOpState: null, persistedOpStateExpiryEpochSec: 0}
2022-03-03 08:20:17,883 [EventQueue-NewNodeForNewNodeHandler] INFO  pipeline.BackgroundPipelineCreator (BackgroundPipelineCreator.java:notifyEventTriggered(279)) - ignore, not leader SCM.
2022-03-03 08:20:17,888 [EventQueue-NodeRegistrationContainerReportForDataNodeSafeModeRule] INFO  safemode.SCMSafeModeManager (DataNodeSafeModeRule.java:process(71)) - SCM in safe mode. 2 DataNodes registered, 3 required.
2022-03-03 08:20:17,893 [IPC Server handler 9 on default port 35645] INFO  net.NetworkTopologyImpl (NetworkTopologyImpl.java:add(112)) - Added a new node: /default-rack/bbb996b9-cb57-429e-b9a5-f900bfe28cb3
2022-03-03 08:20:17,893 [IPC Server handler 9 on default port 35645] INFO  node.SCMNodeManager (SCMNodeManager.java:register(391)) - Registered Data node : bbb996b9-cb57-429e-b9a5-f900bfe28cb3{ip: 127.0.0.1, host: localhost, ports: [REPLICATION=38253, RATIS=39561, RATIS_ADMIN=39561, RATIS_SERVER=39561, STANDALONE=39773], networkLocation: /default-rack, certSerialId: null, persistedOpState: null, persistedOpStateExpiryEpochSec: 0}
2022-03-03 08:20:17,893 [EventQueue-NewNodeForNewNodeHandler] INFO  pipeline.BackgroundPipelineCreator (BackgroundPipelineCreator.java:notifyEventTriggered(285)) - trigger a one-shot run on RatisPipelineUtilsThread.
2022-03-03 08:20:17,897 [RatisPipelineUtilsThread - 0] INFO  pipeline.RatisPipelineProvider (RatisPipelineProvider.java:lambda$create$0(183)) - Sending CreatePipelineCommand for pipeline:PipelineID=608722da-63ea-48e0-a2c4-a675eea9ab58 to datanode:bbb996b9-cb57-429e-b9a5-f900bfe28cb3
2022-03-03 08:20:17,901 [EventQueue-NodeRegistrationContainerReportForDataNodeSafeModeRule] INFO  safemode.SCMSafeModeManager (DataNodeSafeModeRule.java:process(71)) - SCM in safe mode. 2 DataNodes registered, 3 required.
2022-03-03 08:20:17,912 [e7338982-199b-4e5a-937e-5a36927222d8@group-EB4E8D1567B6-StateMachineUpdater] INFO  pipeline.PipelineStateManagerImpl (PipelineStateManagerImpl.java:addPipeline(101)) - Created pipeline Pipeline[ Id: 608722da-63ea-48e0-a2c4-a675eea9ab58, Nodes: bbb996b9-cb57-429e-b9a5-f900bfe28cb3{ip: 127.0.0.1, host: localhost, ports: [REPLICATION=38253, RATIS=39561, RATIS_ADMIN=39561, RATIS_SERVER=39561, STANDALONE=39773], networkLocation: /default-rack, certSerialId: null, persistedOpState: IN_SERVICE, persistedOpStateExpiryEpochSec: 0}, ReplicationConfig: RATIS/ONE, State:ALLOCATED, leaderId:, CreationTimestamp2022-03-03T08:20:17.897Z[Etc/UTC]].
2022-03-03 08:20:17,913 [e7338982-199b-4e5a-937e-5a36927222d8@group-EB4E8D1567B6-StateMachineUpdater] INFO  safemode.HealthyPipelineSafeModeRule (HealthyPipelineSafeModeRule.java:initializeRule(152)) - Refreshed total pipeline count is 0, healthy pipeline threshold count is 1
2022-03-03 08:20:17,917 [EndpointStateMachine task thread for /127.0.0.1:39861 - 0 ] INFO  ipc.Client (Client.java:handleConnectionFailure(977)) - Retrying connect to server: localhost/127.0.0.1:39861. Already tried 0 time(s); retry policy is RetryUpToMaximumCountWithFixedSleep(maxRetries=15, sleepTime=1000 MILLISECONDS)
2022-03-03 08:20:17,918 [EndpointStateMachine task thread for /127.0.0.1:45429 - 0 ] INFO  ipc.Client (Client.java:handleConnectionFailure(977)) - Retrying connect to server: localhost/127.0.0.1:45429. Already tried 1 time(s); retry policy is RetryUpToMaximumCountWithFixedSleep(maxRetries=15, sleepTime=1000 MILLISECONDS)
2022-03-03 08:20:17,919 [1244aa64-d874-441f-9571-396032220701@group-EB4E8D1567B6-StateMachineUpdater] INFO  pipeline.PipelineStateManagerImpl (PipelineStateManagerImpl.java:addPipeline(101)) - Created pipeline Pipeline[ Id: 608722da-63ea-48e0-a2c4-a675eea9ab58, Nodes: bbb996b9-cb57-429e-b9a5-f900bfe28cb3{ip: 127.0.0.1, host: localhost, ports: [REPLICATION=38253, RATIS=39561, RATIS_ADMIN=39561, RATIS_SERVER=39561, STANDALONE=39773], networkLocation: /default-rack, certSerialId: null, persistedOpState: IN_SERVICE, persistedOpStateExpiryEpochSec: 0}, ReplicationConfig: RATIS/ONE, State:ALLOCATED, leaderId:, CreationTimestamp2022-03-03T08:20:17.897Z[Etc/UTC]].
2022-03-03 08:20:17,919 [1244aa64-d874-441f-9571-396032220701@group-EB4E8D1567B6-StateMachineUpdater] INFO  safemode.HealthyPipelineSafeModeRule (HealthyPipelineSafeModeRule.java:initializeRule(152)) - Refreshed total pipeline count is 0, healthy pipeline threshold count is 1
2022-03-03 08:20:17,921 [e7338982-199b-4e5a-937e-5a36927222d8@group-EB4E8D1567B6-StateMachineUpdater] INFO  ha.SCMStateMachine (SCMStateMachine.java:takeSnapshot(297)) - Current Snapshot Index 10, takeSnapshot took 1 ms
2022-03-03 08:20:17,921 [e7338982-199b-4e5a-937e-5a36927222d8@group-EB4E8D1567B6-StateMachineUpdater] INFO  impl.StateMachineUpdater (StateMachineUpdater.java:takeSnapshot(281)) - e7338982-199b-4e5a-937e-5a36927222d8@group-EB4E8D1567B6-StateMachineUpdater: Took a snapshot at index 10
2022-03-03 08:20:17,921 [e7338982-199b-4e5a-937e-5a36927222d8@group-EB4E8D1567B6-StateMachineUpdater] INFO  impl.StateMachineUpdater (StateMachineUpdater.java:lambda$new$0(89)) - e7338982-199b-4e5a-937e-5a36927222d8@group-EB4E8D1567B6-StateMachineUpdater: snapshotIndex: updateIncreasingly 5 -> 10
2022-03-03 08:20:17,921 [e7338982-199b-4e5a-937e-5a36927222d8@group-EB4E8D1567B6-StateMachineUpdater] INFO  raftlog.RaftLog (RaftLogBase.java:purge(306)) - e7338982-199b-4e5a-937e-5a36927222d8@group-EB4E8D1567B6-SegmentedRaftLog: purge 10
2022-03-03 08:20:17,921 [e7338982-199b-4e5a-937e-5a36927222d8@group-EB4E8D1567B6-StateMachineUpdater] INFO  raftlog.RaftLog (RaftLogBase.java:lambda$new$0(53)) - e7338982-199b-4e5a-937e-5a36927222d8@group-EB4E8D1567B6-SegmentedRaftLog: snapshotIndex: updateIncreasingly 5 -> 10
2022-03-03 08:20:17,921 [e7338982-199b-4e5a-937e-5a36927222d8@group-EB4E8D1567B6-StateMachineUpdater] INFO  raftlog.RaftLog (RaftLogBase.java:lambda$new$0(53)) - e7338982-199b-4e5a-937e-5a36927222d8@group-EB4E8D1567B6-SegmentedRaftLog: purgeIndex: updateToMax old=0, new=10, updated? true
2022-03-03 08:20:18,260 [Listener at 127.0.0.1/42883] INFO  ozone.MiniOzoneClusterImpl (MiniOzoneClusterImpl.java:lambda$waitForClusterToBeReady$0(219)) - Waiting for nodes to be ready. Got 2 of 3 DN Heartbeats.
2022-03-03 08:20:18,260 [Listener at 127.0.0.1/42883] INFO  ozone.MiniOzoneClusterImpl (MiniOzoneClusterImpl.java:lambda$waitForClusterToBeReady$0(222)) - Waiting for cluster to exit safe mode
2022-03-03 08:20:18,260 [Listener at 127.0.0.1/42883] INFO  ozone.MiniOzoneClusterImpl (MiniOzoneClusterImpl.java:lambda$waitForClusterToBeReady$0(224)) - SCM became leader
2022-03-03 08:20:18,312 [IPC Server handler 8 on default port 35645] INFO  net.NetworkTopologyImpl (NetworkTopologyImpl.java:add(112)) - Added a new node: /default-rack/abae3395-e125-494e-95ee-7e13e0096d36
2022-03-03 08:20:18,313 [IPC Server handler 19 on default port 42215] INFO  net.NetworkTopologyImpl (NetworkTopologyImpl.java:add(112)) - Added a new node: /default-rack/abae3395-e125-494e-95ee-7e13e0096d36
2022-03-03 08:20:18,313 [IPC Server handler 19 on default port 42215] INFO  node.SCMNodeManager (SCMNodeManager.java:register(391)) - Registered Data node : abae3395-e125-494e-95ee-7e13e0096d36{ip: 127.0.0.1, host: localhost, ports: [REPLICATION=35315, RATIS=37079, RATIS_ADMIN=37079, RATIS_SERVER=37079, STANDALONE=33507], networkLocation: /default-rack, certSerialId: null, persistedOpState: null, persistedOpStateExpiryEpochSec: 0}
2022-03-03 08:20:18,314 [EventQueue-NewNodeForNewNodeHandler] INFO  pipeline.BackgroundPipelineCreator (BackgroundPipelineCreator.java:notifyEventTriggered(279)) - ignore, not leader SCM.
2022-03-03 08:20:18,314 [EventQueue-NodeRegistrationContainerReportForDataNodeSafeModeRule] INFO  safemode.SCMSafeModeManager (DataNodeSafeModeRule.java:process(71)) - SCM in safe mode. 3 DataNodes registered, 3 required.
2022-03-03 08:20:18,314 [EventQueue-NodeRegistrationContainerReportForDataNodeSafeModeRule] INFO  safemode.SCMSafeModeManager (SCMSafeModeManager.java:validateSafeModeExitRules(204)) - DataNodeSafeModeRule rule is successfully validated
2022-03-03 08:20:18,314 [EventQueue-NodeRegistrationContainerReportForDataNodeSafeModeRule] INFO  safemode.SCMSafeModeManager (SCMSafeModeManager.java:completePreCheck(233)) - All SCM safe mode pre check rules have passed
2022-03-03 08:20:18,314 [EventQueue-NodeRegistrationContainerReportForDataNodeSafeModeRule] WARN  events.EventQueue (EventQueue.java:fireEvent(194)) - No event handler registered for event TypedEvent{payloadType=SafeModeStatus, name='Safe mode status'}
2022-03-03 08:20:18,314 [EventQueue-NodeRegistrationContainerReportForDataNodeSafeModeRule] INFO  ha.SCMContext (SCMContext.java:updateSafeModeStatus(211)) - Update SafeModeStatus from SafeModeStatus{safeModeStatus=true, preCheckPassed=false} to SafeModeStatus{safeModeStatus=true, preCheckPassed=true}.
2022-03-03 08:20:18,315 [EventQueue-NodeRegistrationContainerReportForDataNodeSafeModeRule] INFO  pipeline.BackgroundPipelineCreator (BackgroundPipelineCreator.java:notifyEventTriggered(279)) - ignore, not leader SCM.
2022-03-03 08:20:18,315 [IPC Server handler 8 on default port 35645] INFO  node.SCMNodeManager (SCMNodeManager.java:register(391)) - Registered Data node : abae3395-e125-494e-95ee-7e13e0096d36{ip: 127.0.0.1, host: localhost, ports: [REPLICATION=35315, RATIS=37079, RATIS_ADMIN=37079, RATIS_SERVER=37079, STANDALONE=33507], networkLocation: /default-rack, certSerialId: null, persistedOpState: null, persistedOpStateExpiryEpochSec: 0}
2022-03-03 08:20:18,315 [EventQueue-NewNodeForNewNodeHandler] INFO  pipeline.BackgroundPipelineCreator (BackgroundPipelineCreator.java:notifyEventTriggered(285)) - trigger a one-shot run on RatisPipelineUtilsThread.
2022-03-03 08:20:18,315 [EventQueue-NodeRegistrationContainerReportForDataNodeSafeModeRule] INFO  safemode.SCMSafeModeManager (DataNodeSafeModeRule.java:process(71)) - SCM in safe mode. 3 DataNodes registered, 3 required.
2022-03-03 08:20:18,315 [EventQueue-NodeRegistrationContainerReportForDataNodeSafeModeRule] INFO  safemode.SCMSafeModeManager (SCMSafeModeManager.java:validateSafeModeExitRules(204)) - DataNodeSafeModeRule rule is successfully validated
2022-03-03 08:20:18,316 [EventQueue-NodeRegistrationContainerReportForDataNodeSafeModeRule] INFO  safemode.SCMSafeModeManager (SCMSafeModeManager.java:completePreCheck(233)) - All SCM safe mode pre check rules have passed
2022-03-03 08:20:18,316 [EventQueue-NodeRegistrationContainerReportForDataNodeSafeModeRule] WARN  events.EventQueue (EventQueue.java:fireEvent(194)) - No event handler registered for event TypedEvent{payloadType=SafeModeStatus, name='Safe mode status'}
2022-03-03 08:20:18,316 [EventQueue-NodeRegistrationContainerReportForDataNodeSafeModeRule] INFO  ha.SCMContext (SCMContext.java:updateSafeModeStatus(211)) - Update SafeModeStatus from SafeModeStatus{safeModeStatus=true, preCheckPassed=false} to SafeModeStatus{safeModeStatus=true, preCheckPassed=true}.
2022-03-03 08:20:18,316 [EventQueue-NodeRegistrationContainerReportForDataNodeSafeModeRule] INFO  pipeline.BackgroundPipelineCreator (BackgroundPipelineCreator.java:notifyEventTriggered(285)) - trigger a one-shot run on RatisPipelineUtilsThread.
2022-03-03 08:20:18,316 [RatisPipelineUtilsThread - 0] INFO  pipeline.RatisPipelineProvider (RatisPipelineProvider.java:lambda$create$0(183)) - Sending CreatePipelineCommand for pipeline:PipelineID=0f350692-c3b7-4a26-b7b5-d7cf7704fb88 to datanode:abae3395-e125-494e-95ee-7e13e0096d36
2022-03-03 08:20:18,328 [e7338982-199b-4e5a-937e-5a36927222d8@group-EB4E8D1567B6-StateMachineUpdater] INFO  pipeline.PipelineStateManagerImpl (PipelineStateManagerImpl.java:addPipeline(101)) - Created pipeline Pipeline[ Id: 0f350692-c3b7-4a26-b7b5-d7cf7704fb88, Nodes: abae3395-e125-494e-95ee-7e13e0096d36{ip: 127.0.0.1, host: localhost, ports: [REPLICATION=35315, RATIS=37079, RATIS_ADMIN=37079, RATIS_SERVER=37079, STANDALONE=33507], networkLocation: /default-rack, certSerialId: null, persistedOpState: IN_SERVICE, persistedOpStateExpiryEpochSec: 0}, ReplicationConfig: RATIS/ONE, State:ALLOCATED, leaderId:, CreationTimestamp2022-03-03T08:20:18.316Z[Etc/UTC]].
2022-03-03 08:20:18,328 [e7338982-199b-4e5a-937e-5a36927222d8@group-EB4E8D1567B6-StateMachineUpdater] INFO  safemode.HealthyPipelineSafeModeRule (HealthyPipelineSafeModeRule.java:initializeRule(152)) - Refreshed total pipeline count is 0, healthy pipeline threshold count is 1
2022-03-03 08:20:18,330 [RatisPipelineUtilsThread - 0] INFO  pipeline.RatisPipelineProvider (RatisPipelineProvider.java:lambda$create$0(183)) - Sending CreatePipelineCommand for pipeline:PipelineID=e9d922ff-3b74-428d-a214-736048a98c4e to datanode:abae3395-e125-494e-95ee-7e13e0096d36
2022-03-03 08:20:18,330 [RatisPipelineUtilsThread - 0] INFO  pipeline.RatisPipelineProvider (RatisPipelineProvider.java:lambda$create$0(183)) - Sending CreatePipelineCommand for pipeline:PipelineID=e9d922ff-3b74-428d-a214-736048a98c4e to datanode:bbb996b9-cb57-429e-b9a5-f900bfe28cb3
2022-03-03 08:20:18,330 [RatisPipelineUtilsThread - 0] INFO  pipeline.RatisPipelineProvider (RatisPipelineProvider.java:lambda$create$0(183)) - Sending CreatePipelineCommand for pipeline:PipelineID=e9d922ff-3b74-428d-a214-736048a98c4e to datanode:b80209a9-e74f-462d-bd7e-a1c457e8621c
2022-03-03 08:20:18,334 [1244aa64-d874-441f-9571-396032220701@group-EB4E8D1567B6-StateMachineUpdater] INFO  pipeline.PipelineStateManagerImpl (PipelineStateManagerImpl.java:addPipeline(101)) - Created pipeline Pipeline[ Id: 0f350692-c3b7-4a26-b7b5-d7cf7704fb88, Nodes: abae3395-e125-494e-95ee-7e13e0096d36{ip: 127.0.0.1, host: localhost, ports: [REPLICATION=35315, RATIS=37079, RATIS_ADMIN=37079, RATIS_SERVER=37079, STANDALONE=33507], networkLocation: /default-rack, certSerialId: null, persistedOpState: IN_SERVICE, persistedOpStateExpiryEpochSec: 0}, ReplicationConfig: RATIS/ONE, State:ALLOCATED, leaderId:, CreationTimestamp2022-03-03T08:20:18.316Z[Etc/UTC]].
2022-03-03 08:20:18,334 [1244aa64-d874-441f-9571-396032220701@group-EB4E8D1567B6-StateMachineUpdater] INFO  safemode.HealthyPipelineSafeModeRule (HealthyPipelineSafeModeRule.java:initializeRule(152)) - Refreshed total pipeline count is 0, healthy pipeline threshold count is 1
2022-03-03 08:20:18,339 [e7338982-199b-4e5a-937e-5a36927222d8@group-EB4E8D1567B6-StateMachineUpdater] INFO  pipeline.PipelineStateManagerImpl (PipelineStateManagerImpl.java:addPipeline(101)) - Created pipeline Pipeline[ Id: e9d922ff-3b74-428d-a214-736048a98c4e, Nodes: abae3395-e125-494e-95ee-7e13e0096d36{ip: 127.0.0.1, host: localhost, ports: [REPLICATION=35315, RATIS=37079, RATIS_ADMIN=37079, RATIS_SERVER=37079, STANDALONE=33507], networkLocation: /default-rack, certSerialId: null, persistedOpState: IN_SERVICE, persistedOpStateExpiryEpochSec: 0}bbb996b9-cb57-429e-b9a5-f900bfe28cb3{ip: 127.0.0.1, host: localhost, ports: [REPLICATION=38253, RATIS=39561, RATIS_ADMIN=39561, RATIS_SERVER=39561, STANDALONE=39773], networkLocation: /default-rack, certSerialId: null, persistedOpState: IN_SERVICE, persistedOpStateExpiryEpochSec: 0}b80209a9-e74f-462d-bd7e-a1c457e8621c{ip: 127.0.0.1, host: localhost, ports: [REPLICATION=36787, RATIS=37755, RATIS_ADMIN=37755, RATIS_SERVER=37755, STANDALONE=35793], networkLocation: /default-rack, certSerialId: null, persistedOpState: IN_SERVICE, persistedOpStateExpiryEpochSec: 0}, ReplicationConfig: RATIS/THREE, State:ALLOCATED, leaderId:, CreationTimestamp2022-03-03T08:20:18.330Z[Etc/UTC]].
2022-03-03 08:20:18,340 [e7338982-199b-4e5a-937e-5a36927222d8@group-EB4E8D1567B6-StateMachineUpdater] INFO  safemode.HealthyPipelineSafeModeRule (HealthyPipelineSafeModeRule.java:initializeRule(152)) - Refreshed total pipeline count is 0, healthy pipeline threshold count is 1
2022-03-03 08:20:18,342 [RatisPipelineUtilsThread - 0] INFO  pipeline.RatisPipelineProvider (RatisPipelineProvider.java:lambda$create$0(183)) - Sending CreatePipelineCommand for pipeline:PipelineID=e4306fd5-4074-480c-9276-904c6079e864 to datanode:b80209a9-e74f-462d-bd7e-a1c457e8621c
2022-03-03 08:20:18,342 [RatisPipelineUtilsThread - 0] INFO  pipeline.RatisPipelineProvider (RatisPipelineProvider.java:lambda$create$0(183)) - Sending CreatePipelineCommand for pipeline:PipelineID=e4306fd5-4074-480c-9276-904c6079e864 to datanode:abae3395-e125-494e-95ee-7e13e0096d36
2022-03-03 08:20:18,342 [RatisPipelineUtilsThread - 0] INFO  pipeline.RatisPipelineProvider (RatisPipelineProvider.java:lambda$create$0(183)) - Sending CreatePipelineCommand for pipeline:PipelineID=e4306fd5-4074-480c-9276-904c6079e864 to datanode:bbb996b9-cb57-429e-b9a5-f900bfe28cb3
2022-03-03 08:20:18,346 [1244aa64-d874-441f-9571-396032220701@group-EB4E8D1567B6-StateMachineUpdater] INFO  pipeline.PipelineStateManagerImpl (PipelineStateManagerImpl.java:addPipeline(101)) - Created pipeline Pipeline[ Id: e9d922ff-3b74-428d-a214-736048a98c4e, Nodes: abae3395-e125-494e-95ee-7e13e0096d36{ip: 127.0.0.1, host: localhost, ports: [REPLICATION=35315, RATIS=37079, RATIS_ADMIN=37079, RATIS_SERVER=37079, STANDALONE=33507], networkLocation: /default-rack, certSerialId: null, persistedOpState: IN_SERVICE, persistedOpStateExpiryEpochSec: 0}bbb996b9-cb57-429e-b9a5-f900bfe28cb3{ip: 127.0.0.1, host: localhost, ports: [REPLICATION=38253, RATIS=39561, RATIS_ADMIN=39561, RATIS_SERVER=39561, STANDALONE=39773], networkLocation: /default-rack, certSerialId: null, persistedOpState: IN_SERVICE, persistedOpStateExpiryEpochSec: 0}b80209a9-e74f-462d-bd7e-a1c457e8621c{ip: 127.0.0.1, host: localhost, ports: [REPLICATION=36787, RATIS=37755, RATIS_ADMIN=37755, RATIS_SERVER=37755, STANDALONE=35793], networkLocation: /default-rack, certSerialId: null, persistedOpState: IN_SERVICE, persistedOpStateExpiryEpochSec: 0}, ReplicationConfig: RATIS/THREE, State:ALLOCATED, leaderId:, CreationTimestamp2022-03-03T08:20:18.330Z[Etc/UTC]].
2022-03-03 08:20:18,346 [1244aa64-d874-441f-9571-396032220701@group-EB4E8D1567B6-StateMachineUpdater] INFO  safemode.HealthyPipelineSafeModeRule (HealthyPipelineSafeModeRule.java:initializeRule(152)) - Refreshed total pipeline count is 0, healthy pipeline threshold count is 1
2022-03-03 08:20:18,346 [1244aa64-d874-441f-9571-396032220701@group-EB4E8D1567B6-StateMachineUpdater] INFO  ha.SCMStateMachine (SCMStateMachine.java:takeSnapshot(297)) - Current Snapshot Index 13, takeSnapshot took 0 ms
2022-03-03 08:20:18,346 [1244aa64-d874-441f-9571-396032220701@group-EB4E8D1567B6-StateMachineUpdater] INFO  impl.StateMachineUpdater (StateMachineUpdater.java:takeSnapshot(281)) - 1244aa64-d874-441f-9571-396032220701@group-EB4E8D1567B6-StateMachineUpdater: Took a snapshot at index 13
2022-03-03 08:20:18,346 [1244aa64-d874-441f-9571-396032220701@group-EB4E8D1567B6-StateMachineUpdater] INFO  impl.StateMachineUpdater (StateMachineUpdater.java:lambda$new$0(89)) - 1244aa64-d874-441f-9571-396032220701@group-EB4E8D1567B6-StateMachineUpdater: snapshotIndex: updateIncreasingly 7 -> 13
2022-03-03 08:20:18,346 [1244aa64-d874-441f-9571-396032220701@group-EB4E8D1567B6-StateMachineUpdater] INFO  raftlog.RaftLog (RaftLogBase.java:purge(306)) - 1244aa64-d874-441f-9571-396032220701@group-EB4E8D1567B6-SegmentedRaftLog: purge 13
2022-03-03 08:20:18,347 [1244aa64-d874-441f-9571-396032220701@group-EB4E8D1567B6-StateMachineUpdater] INFO  raftlog.RaftLog (RaftLogBase.java:lambda$new$0(53)) - 1244aa64-d874-441f-9571-396032220701@group-EB4E8D1567B6-SegmentedRaftLog: snapshotIndex: updateIncreasingly 7 -> 13
2022-03-03 08:20:18,347 [1244aa64-d874-441f-9571-396032220701@group-EB4E8D1567B6-StateMachineUpdater] INFO  raftlog.RaftLog (RaftLogBase.java:lambda$new$0(53)) - 1244aa64-d874-441f-9571-396032220701@group-EB4E8D1567B6-SegmentedRaftLog: purgeIndex: updateToMax old=7, new=13, updated? true
2022-03-03 08:20:18,350 [e7338982-199b-4e5a-937e-5a36927222d8@group-EB4E8D1567B6-StateMachineUpdater] INFO  pipeline.PipelineStateManagerImpl (PipelineStateManagerImpl.java:addPipeline(101)) - Created pipeline Pipeline[ Id: e4306fd5-4074-480c-9276-904c6079e864, Nodes: b80209a9-e74f-462d-bd7e-a1c457e8621c{ip: 127.0.0.1, host: localhost, ports: [REPLICATION=36787, RATIS=37755, RATIS_ADMIN=37755, RATIS_SERVER=37755, STANDALONE=35793], networkLocation: /default-rack, certSerialId: null, persistedOpState: IN_SERVICE, persistedOpStateExpiryEpochSec: 0}abae3395-e125-494e-95ee-7e13e0096d36{ip: 127.0.0.1, host: localhost, ports: [REPLICATION=35315, RATIS=37079, RATIS_ADMIN=37079, RATIS_SERVER=37079, STANDALONE=33507], networkLocation: /default-rack, certSerialId: null, persistedOpState: IN_SERVICE, persistedOpStateExpiryEpochSec: 0}bbb996b9-cb57-429e-b9a5-f900bfe28cb3{ip: 127.0.0.1, host: localhost, ports: [REPLICATION=38253, RATIS=39561, RATIS_ADMIN=39561, RATIS_SERVER=39561, STANDALONE=39773], networkLocation: /default-rack, certSerialId: null, persistedOpState: IN_SERVICE, persistedOpStateExpiryEpochSec: 0}, ReplicationConfig: RATIS/THREE, State:ALLOCATED, leaderId:, CreationTimestamp2022-03-03T08:20:18.342Z[Etc/UTC]].
2022-03-03 08:20:18,351 [e7338982-199b-4e5a-937e-5a36927222d8@group-EB4E8D1567B6-StateMachineUpdater] INFO  safemode.HealthyPipelineSafeModeRule (HealthyPipelineSafeModeRule.java:initializeRule(152)) - Refreshed total pipeline count is 0, healthy pipeline threshold count is 1
2022-03-03 08:20:18,351 [e7338982-199b-4e5a-937e-5a36927222d8@group-EB4E8D1567B6-StateMachineUpdater] INFO  ha.SCMStateMachine (SCMStateMachine.java:takeSnapshot(297)) - Current Snapshot Index 15, takeSnapshot took 0 ms
2022-03-03 08:20:18,351 [e7338982-199b-4e5a-937e-5a36927222d8@group-EB4E8D1567B6-StateMachineUpdater] INFO  impl.StateMachineUpdater (StateMachineUpdater.java:takeSnapshot(281)) - e7338982-199b-4e5a-937e-5a36927222d8@group-EB4E8D1567B6-StateMachineUpdater: Took a snapshot at index 15
2022-03-03 08:20:18,351 [e7338982-199b-4e5a-937e-5a36927222d8@group-EB4E8D1567B6-StateMachineUpdater] INFO  impl.StateMachineUpdater (StateMachineUpdater.java:lambda$new$0(89)) - e7338982-199b-4e5a-937e-5a36927222d8@group-EB4E8D1567B6-StateMachineUpdater: snapshotIndex: updateIncreasingly 10 -> 15
2022-03-03 08:20:18,351 [e7338982-199b-4e5a-937e-5a36927222d8@group-EB4E8D1567B6-StateMachineUpdater] INFO  raftlog.RaftLog (RaftLogBase.java:purge(306)) - e7338982-199b-4e5a-937e-5a36927222d8@group-EB4E8D1567B6-SegmentedRaftLog: purge 15
2022-03-03 08:20:18,351 [e7338982-199b-4e5a-937e-5a36927222d8@group-EB4E8D1567B6-StateMachineUpdater] INFO  raftlog.RaftLog (RaftLogBase.java:lambda$new$0(53)) - e7338982-199b-4e5a-937e-5a36927222d8@group-EB4E8D1567B6-SegmentedRaftLog: snapshotIndex: updateIncreasingly 10 -> 15
2022-03-03 08:20:18,351 [e7338982-199b-4e5a-937e-5a36927222d8@group-EB4E8D1567B6-StateMachineUpdater] INFO  raftlog.RaftLog (RaftLogBase.java:lambda$new$0(53)) - e7338982-199b-4e5a-937e-5a36927222d8@group-EB4E8D1567B6-SegmentedRaftLog: purgeIndex: updateToMax old=10, new=15, updated? true
2022-03-03 08:20:18,353 [RatisPipelineUtilsThread - 0] INFO  pipeline.PipelineManagerImpl (PipelineManagerImpl.java:recordMetricsForPipeline(639)) - Pipeline: PipelineID=e4306fd5-4074-480c-9276-904c6079e864 contains same datanodes as previous pipelines: PipelineID=e9d922ff-3b74-428d-a214-736048a98c4e nodeIds: b80209a9-e74f-462d-bd7e-a1c457e8621c, abae3395-e125-494e-95ee-7e13e0096d36, bbb996b9-cb57-429e-b9a5-f900bfe28cb3
2022-03-03 08:20:18,362 [1244aa64-d874-441f-9571-396032220701@group-EB4E8D1567B6-StateMachineUpdater] INFO  pipeline.PipelineStateManagerImpl (PipelineStateManagerImpl.java:addPipeline(101)) - Created pipeline Pipeline[ Id: e4306fd5-4074-480c-9276-904c6079e864, Nodes: b80209a9-e74f-462d-bd7e-a1c457e8621c{ip: 127.0.0.1, host: localhost, ports: [REPLICATION=36787, RATIS=37755, RATIS_ADMIN=37755, RATIS_SERVER=37755, STANDALONE=35793], networkLocation: /default-rack, certSerialId: null, persistedOpState: IN_SERVICE, persistedOpStateExpiryEpochSec: 0}abae3395-e125-494e-95ee-7e13e0096d36{ip: 127.0.0.1, host: localhost, ports: [REPLICATION=35315, RATIS=37079, RATIS_ADMIN=37079, RATIS_SERVER=37079, STANDALONE=33507], networkLocation: /default-rack, certSerialId: null, persistedOpState: IN_SERVICE, persistedOpStateExpiryEpochSec: 0}bbb996b9-cb57-429e-b9a5-f900bfe28cb3{ip: 127.0.0.1, host: localhost, ports: [REPLICATION=38253, RATIS=39561, RATIS_ADMIN=39561, RATIS_SERVER=39561, STANDALONE=39773], networkLocation: /default-rack, certSerialId: null, persistedOpState: IN_SERVICE, persistedOpStateExpiryEpochSec: 0}, ReplicationConfig: RATIS/THREE, State:ALLOCATED, leaderId:, CreationTimestamp2022-03-03T08:20:18.342Z[Etc/UTC]].
2022-03-03 08:20:18,362 [1244aa64-d874-441f-9571-396032220701@group-EB4E8D1567B6-StateMachineUpdater] INFO  safemode.HealthyPipelineSafeModeRule (HealthyPipelineSafeModeRule.java:initializeRule(152)) - Refreshed total pipeline count is 0, healthy pipeline threshold count is 1
2022-03-03 08:20:18,819 [EndpointStateMachine task thread for /127.0.0.1:43363 - 0 ] INFO  ipc.Client (Client.java:handleConnectionFailure(977)) - Retrying connect to server: localhost/127.0.0.1:43363. Already tried 1 time(s); retry policy is RetryUpToMaximumCountWithFixedSleep(maxRetries=15, sleepTime=1000 MILLISECONDS)
2022-03-03 08:20:18,918 [EndpointStateMachine task thread for /127.0.0.1:39861 - 0 ] INFO  ipc.Client (Client.java:handleConnectionFailure(977)) - Retrying connect to server: localhost/127.0.0.1:39861. Already tried 1 time(s); retry policy is RetryUpToMaximumCountWithFixedSleep(maxRetries=15, sleepTime=1000 MILLISECONDS)
2022-03-03 08:20:18,919 [EndpointStateMachine task thread for /127.0.0.1:45429 - 0 ] INFO  ipc.Client (Client.java:handleConnectionFailure(977)) - Retrying connect to server: localhost/127.0.0.1:45429. Already tried 2 time(s); retry policy is RetryUpToMaximumCountWithFixedSleep(maxRetries=15, sleepTime=1000 MILLISECONDS)
2022-03-03 08:20:19,260 [Listener at 127.0.0.1/42883] INFO  ozone.MiniOzoneClusterImpl (MiniOzoneClusterImpl.java:lambda$waitForClusterToBeReady$0(219)) - Nodes are ready. Got 3 of 3 DN Heartbeats.
2022-03-03 08:20:19,261 [Listener at 127.0.0.1/42883] INFO  ozone.MiniOzoneClusterImpl (MiniOzoneClusterImpl.java:lambda$waitForClusterToBeReady$0(222)) - Waiting for cluster to exit safe mode
2022-03-03 08:20:19,261 [Listener at 127.0.0.1/42883] INFO  ozone.MiniOzoneClusterImpl (MiniOzoneClusterImpl.java:lambda$waitForClusterToBeReady$0(224)) - SCM became leader
2022-03-03 08:20:19,820 [EndpointStateMachine task thread for /127.0.0.1:43363 - 0 ] INFO  ipc.Client (Client.java:handleConnectionFailure(977)) - Retrying connect to server: localhost/127.0.0.1:43363. Already tried 2 time(s); retry policy is RetryUpToMaximumCountWithFixedSleep(maxRetries=15, sleepTime=1000 MILLISECONDS)
2022-03-03 08:20:19,919 [EndpointStateMachine task thread for /127.0.0.1:39861 - 0 ] INFO  ipc.Client (Client.java:handleConnectionFailure(977)) - Retrying connect to server: localhost/127.0.0.1:39861. Already tried 2 time(s); retry policy is RetryUpToMaximumCountWithFixedSleep(maxRetries=15, sleepTime=1000 MILLISECONDS)
2022-03-03 08:20:19,919 [EndpointStateMachine task thread for /127.0.0.1:45429 - 0 ] INFO  ipc.Client (Client.java:handleConnectionFailure(977)) - Retrying connect to server: localhost/127.0.0.1:45429. Already tried 3 time(s); retry policy is RetryUpToMaximumCountWithFixedSleep(maxRetries=15, sleepTime=1000 MILLISECONDS)
2022-03-03 08:20:20,261 [Listener at 127.0.0.1/42883] INFO  ozone.MiniOzoneClusterImpl (MiniOzoneClusterImpl.java:lambda$waitForClusterToBeReady$0(219)) - Nodes are ready. Got 3 of 3 DN Heartbeats.
2022-03-03 08:20:20,262 [Listener at 127.0.0.1/42883] INFO  ozone.MiniOzoneClusterImpl (MiniOzoneClusterImpl.java:lambda$waitForClusterToBeReady$0(222)) - Waiting for cluster to exit safe mode
2022-03-03 08:20:20,262 [Listener at 127.0.0.1/42883] INFO  ozone.MiniOzoneClusterImpl (MiniOzoneClusterImpl.java:lambda$waitForClusterToBeReady$0(224)) - SCM became leader
2022-03-03 08:20:20,385 [Datanode State Machine Daemon Thread] ERROR datanode.RunningDatanodeState (RunningDatanodeState.java:computeNextContainerState(201)) - Error in executing end point task.
java.util.concurrent.ExecutionException: java.util.concurrent.TimeoutException
	at java.util.concurrent.FutureTask.report(FutureTask.java:122)
	at java.util.concurrent.FutureTask.get(FutureTask.java:192)
	at org.apache.hadoop.ozone.container.common.states.datanode.RunningDatanodeState.computeNextContainerState(RunningDatanodeState.java:193)
	at org.apache.hadoop.ozone.container.common.states.datanode.RunningDatanodeState.await(RunningDatanodeState.java:233)
	at org.apache.hadoop.ozone.container.common.states.datanode.RunningDatanodeState.await(RunningDatanodeState.java:50)
	at org.apache.hadoop.ozone.container.common.statemachine.StateContext.execute(StateContext.java:658)
	at org.apache.hadoop.ozone.container.common.statemachine.DatanodeStateMachine.startStateMachineThread(DatanodeStateMachine.java:283)
	at org.apache.hadoop.ozone.container.common.statemachine.DatanodeStateMachine.lambda$startDaemon$0(DatanodeStateMachine.java:471)
	at java.lang.Thread.run(Thread.java:750)
Caused by: java.util.concurrent.TimeoutException
	at java.util.concurrent.FutureTask.get(FutureTask.java:205)
	at org.apache.hadoop.ozone.container.common.states.datanode.RunningDatanodeState.lambda$execute$0(RunningDatanodeState.java:151)
	at java.util.concurrent.FutureTask.run(FutureTask.java:266)
	at java.util.concurrent.Executors$RunnableAdapter.call(Executors.java:511)
	at java.util.concurrent.FutureTask.run(FutureTask.java:266)
	at java.util.concurrent.ThreadPoolExecutor.runWorker(ThreadPoolExecutor.java:1149)
	at java.util.concurrent.ThreadPoolExecutor$Worker.run(ThreadPoolExecutor.java:624)
	... 1 more
2022-03-03 08:20:20,391 [Command processor thread] INFO  server.RaftServer (RaftServerProxy.java:addNew(95)) - b80209a9-e74f-462d-bd7e-a1c457e8621c: addNew group-D680B8283E93:[b80209a9-e74f-462d-bd7e-a1c457e8621c|rpc:127.0.0.1:37755|priority:1] returns group-D680B8283E93:java.util.concurrent.CompletableFuture@55228a2f[Not completed]
2022-03-03 08:20:20,400 [pool-361-thread-1] INFO  server.RaftServer$Division (RaftServerImpl.java:<init>(184)) - b80209a9-e74f-462d-bd7e-a1c457e8621c: new RaftServerImpl for group-D680B8283E93:[b80209a9-e74f-462d-bd7e-a1c457e8621c|rpc:127.0.0.1:37755|priority:1] with ContainerStateMachine:uninitialized
2022-03-03 08:20:20,400 [pool-361-thread-1] INFO  server.RaftServerConfigKeys (ConfUtils.java:logGet(44)) - raft.server.rpc.timeout.min = 5s (custom)
2022-03-03 08:20:20,400 [pool-361-thread-1] INFO  server.RaftServerConfigKeys (ConfUtils.java:logGet(44)) - raft.server.rpc.timeout.max = 5200ms (custom)
2022-03-03 08:20:20,400 [pool-361-thread-1] INFO  server.RaftServerConfigKeys (ConfUtils.java:logGet(44)) - raft.server.rpc.sleep.time = 25ms (default)
2022-03-03 08:20:20,400 [pool-361-thread-1] INFO  server.RaftServerConfigKeys (ConfUtils.java:logGet(44)) - raft.server.rpc.slowness.timeout = 300s (custom)
2022-03-03 08:20:20,400 [pool-361-thread-1] INFO  server.RaftServerConfigKeys (ConfUtils.java:logGet(44)) - raft.server.leaderelection.leader.step-down.wait-time = 10s (default)
2022-03-03 08:20:20,401 [pool-361-thread-1] INFO  server.RaftServerConfigKeys (ConfUtils.java:logGet(44)) - raft.server.sleep.deviation.threshold = 300ms (default)
2022-03-03 08:20:20,401 [pool-361-thread-1] INFO  server.RaftServerConfigKeys (ConfUtils.java:logGet(44)) - raft.server.log.appender.install.snapshot.enabled = false (custom)
2022-03-03 08:20:20,401 [pool-361-thread-1] INFO  server.RaftServer$Division (ServerState.java:<init>(105)) - b80209a9-e74f-462d-bd7e-a1c457e8621c@group-D680B8283E93: ConfigurationManager, init=-1: [b80209a9-e74f-462d-bd7e-a1c457e8621c|rpc:127.0.0.1:37755|priority:1], old=null, confs=<EMPTY_MAP>
2022-03-03 08:20:20,401 [pool-361-thread-1] INFO  server.RaftServerConfigKeys (ConfUtils.java:logGet(44)) - raft.server.storage.dir = [/home/runner/work/ozone/ozone/hadoop-ozone/integration-test/target/test-dir/MiniOzoneClusterImpl-5b82a1ad-a074-4eb8-9e24-eb4e8d1567b6/datanode-0/data/ratis] (custom)
2022-03-03 08:20:20,401 [pool-361-thread-1] INFO  server.RaftServerConfigKeys (ConfUtils.java:logGet(44)) - raft.server.log.corruption.policy = EXCEPTION (default)
2022-03-03 08:20:20,401 [pool-361-thread-1] INFO  server.RaftServerConfigKeys (ConfUtils.java:logGet(44)) - raft.server.storage.free-space.min = 0MB (=0) (default)
2022-03-03 08:20:20,402 [pool-361-thread-1] INFO  storage.RaftStorageDirectory (RaftStorageDirectoryImpl.java:analyzeStorage(135)) - The storage directory /home/runner/work/ozone/ozone/hadoop-ozone/integration-test/target/test-dir/MiniOzoneClusterImpl-5b82a1ad-a074-4eb8-9e24-eb4e8d1567b6/datanode-0/data/ratis/8dbb7c1b-beb8-4e3c-880e-d680b8283e93 does not exist. Creating ...
2022-03-03 08:20:20,406 [pool-361-thread-1] INFO  storage.RaftStorageDirectory (RaftStorageDirectoryImpl.java:tryLock(230)) - Lock on /home/runner/work/ozone/ozone/hadoop-ozone/integration-test/target/test-dir/MiniOzoneClusterImpl-5b82a1ad-a074-4eb8-9e24-eb4e8d1567b6/datanode-0/data/ratis/8dbb7c1b-beb8-4e3c-880e-d680b8283e93/in_use.lock acquired by nodename 8757@fv-az501-749
2022-03-03 08:20:20,414 [pool-361-thread-1] INFO  storage.RaftStorage (RaftStorageImpl.java:format(89)) - Storage directory /home/runner/work/ozone/ozone/hadoop-ozone/integration-test/target/test-dir/MiniOzoneClusterImpl-5b82a1ad-a074-4eb8-9e24-eb4e8d1567b6/datanode-0/data/ratis/8dbb7c1b-beb8-4e3c-880e-d680b8283e93 has been successfully formatted.
2022-03-03 08:20:20,421 [EventQueue-PipelineReportForPipelineReportHandler] INFO  pipeline.PipelineManagerImpl (PipelineManagerImpl.java:openPipeline(291)) - Pipeline Pipeline[ Id: 8dbb7c1b-beb8-4e3c-880e-d680b8283e93, Nodes: b80209a9-e74f-462d-bd7e-a1c457e8621c{ip: 127.0.0.1, host: localhost, ports: [REPLICATION=36787, RATIS=37755, RATIS_ADMIN=37755, RATIS_SERVER=37755, STANDALONE=35793], networkLocation: /default-rack, certSerialId: null, persistedOpState: IN_SERVICE, persistedOpStateExpiryEpochSec: 0}, ReplicationConfig: RATIS/ONE, State:ALLOCATED, leaderId:b80209a9-e74f-462d-bd7e-a1c457e8621c, CreationTimestamp2022-03-03T08:20:17.401Z[Etc/UTC]] moved to OPEN state
2022-03-03 08:20:20,424 [pool-361-thread-1] INFO  ratis.ContainerStateMachine (ContainerStateMachine.java:loadSnapshot(236)) - group-D680B8283E93: The snapshot info is null. Setting the last applied indexto:(t:0, i:~)
2022-03-03 08:20:20,425 [pool-361-thread-1] INFO  server.RaftServerConfigKeys (ConfUtils.java:logGet(44)) - raft.server.notification.no-leader.timeout = 300s (custom)
2022-03-03 08:20:20,425 [pool-361-thread-1] INFO  server.RaftServerConfigKeys (ConfUtils.java:logGet(44)) - raft.server.log.use.memory = false (default)
2022-03-03 08:20:20,425 [pool-361-thread-1] INFO  server.RaftServerConfigKeys (ConfUtils.java:logGet(44)) - raft.server.log.purge.gap = 1000000 (custom)
2022-03-03 08:20:20,425 [EventQueue-PipelineReportForPipelineReportHandler] INFO  pipeline.PipelineManagerImpl (PipelineManagerImpl.java:openPipeline(291)) - Pipeline Pipeline[ Id: 8dbb7c1b-beb8-4e3c-880e-d680b8283e93, Nodes: b80209a9-e74f-462d-bd7e-a1c457e8621c{ip: 127.0.0.1, host: localhost, ports: [REPLICATION=36787, RATIS=37755, RATIS_ADMIN=37755, RATIS_SERVER=37755, STANDALONE=35793], networkLocation: /default-rack, certSerialId: null, persistedOpState: IN_SERVICE, persistedOpStateExpiryEpochSec: 0}, ReplicationConfig: RATIS/ONE, State:ALLOCATED, leaderId:b80209a9-e74f-462d-bd7e-a1c457e8621c, CreationTimestamp2022-03-03T08:20:17.401Z[Etc/UTC]] moved to OPEN state
2022-03-03 08:20:20,425 [pool-361-thread-1] INFO  server.RaftServerConfigKeys (ConfUtils.java:logGet(44)) - raft.server.log.appender.buffer.byte-limit = 33554432 (custom)
2022-03-03 08:20:20,444 [pool-361-thread-1] INFO  server.RaftServerConfigKeys (ConfUtils.java:logGet(44)) - raft.server.log.segment.size.max = 1048576 (custom)
2022-03-03 08:20:20,444 [pool-361-thread-1] INFO  server.RaftServerConfigKeys (ConfUtils.java:logGet(44)) - raft.server.log.segment.cache.num.max = 2 (custom)
2022-03-03 08:20:20,445 [pool-361-thread-1] INFO  server.RaftServerConfigKeys (ConfUtils.java:logGet(44)) - raft.server.log.segment.cache.size.max = 200MB (=209715200) (default)
2022-03-03 08:20:20,445 [pool-361-thread-1] INFO  segmented.SegmentedRaftLogWorker (SegmentedRaftLogWorker.java:<init>(182)) - new b80209a9-e74f-462d-bd7e-a1c457e8621c@group-D680B8283E93-SegmentedRaftLogWorker for RaftStorageImpl:Storage Directory /home/runner/work/ozone/ozone/hadoop-ozone/integration-test/target/test-dir/MiniOzoneClusterImpl-5b82a1ad-a074-4eb8-9e24-eb4e8d1567b6/datanode-0/data/ratis/8dbb7c1b-beb8-4e3c-880e-d680b8283e93
2022-03-03 08:20:20,445 [pool-361-thread-1] INFO  server.RaftServerConfigKeys (ConfUtils.java:logGet(44)) - raft.server.log.queue.byte-limit = 4294967296 (custom)
2022-03-03 08:20:20,445 [pool-361-thread-1] INFO  server.RaftServerConfigKeys (ConfUtils.java:logGet(44)) - raft.server.log.queue.element-limit = 1024 (custom)
2022-03-03 08:20:20,445 [pool-361-thread-1] INFO  server.RaftServerConfigKeys (ConfUtils.java:logGet(44)) - raft.server.log.segment.size.max = 1048576 (custom)
2022-03-03 08:20:20,446 [pool-361-thread-1] INFO  server.RaftServerConfigKeys (ConfUtils.java:logGet(44)) - raft.server.log.preallocated.size = 16384 (custom)
2022-03-03 08:20:20,446 [pool-361-thread-1] INFO  server.RaftServerConfigKeys (ConfUtils.java:logGet(44)) - raft.server.log.force.sync.num = 128 (default)
2022-03-03 08:20:20,446 [pool-361-thread-1] INFO  server.RaftServerConfigKeys (ConfUtils.java:logGet(44)) - raft.server.log.statemachine.data.sync = true (default)
2022-03-03 08:20:20,447 [pool-361-thread-1] INFO  server.RaftServerConfigKeys (ConfUtils.java:logGet(44)) - raft.server.log.statemachine.data.sync.timeout = 10s (default)
2022-03-03 08:20:20,447 [pool-361-thread-1] INFO  server.RaftServerConfigKeys (ConfUtils.java:logGet(44)) - raft.server.log.statemachine.data.sync.timeout.retry = -1 (default)
2022-03-03 08:20:20,448 [pool-361-thread-1] INFO  server.RaftServerConfigKeys (ConfUtils.java:logGet(44)) - raft.server.log.write.buffer.size = 1048576 (custom)
2022-03-03 08:20:20,446 [EndpointStateMachine task thread for /127.0.0.1:34037 - 0 ] WARN  statemachine.EndpointStateMachine (EndpointStateMachine.java:logIfNeeded(236)) - Unable to communicate to SCM server at 127.0.0.1:34037 for past 0 seconds.
java.net.SocketTimeoutException: Call From fv-az501-749/10.1.0.15 to localhost:34037 failed on socket timeout exception: java.net.SocketTimeoutException: 5000 millis timeout while waiting for channel to be ready for read. ch : java.nio.channels.SocketChannel[connected local=/127.0.0.1:55678 remote=/127.0.0.1:34037]; For more details see:  http://wiki.apache.org/hadoop/SocketTimeout
	at sun.reflect.GeneratedConstructorAccessor41.newInstance(Unknown Source)
	at sun.reflect.DelegatingConstructorAccessorImpl.newInstance(DelegatingConstructorAccessorImpl.java:45)
	at java.lang.reflect.Constructor.newInstance(Constructor.java:423)
	at org.apache.hadoop.net.NetUtils.wrapWithMessage(NetUtils.java:913)
	at org.apache.hadoop.net.NetUtils.wrapException(NetUtils.java:848)
	at org.apache.hadoop.ipc.Client.getRpcResponse(Client.java:1577)
	at org.apache.hadoop.ipc.Client.call(Client.java:1519)
	at org.apache.hadoop.ipc.Client.call(Client.java:1416)
	at org.apache.hadoop.ipc.ProtobufRpcEngine$Invoker.invoke(ProtobufRpcEngine.java:236)
	at org.apache.hadoop.ipc.ProtobufRpcEngine$Invoker.invoke(ProtobufRpcEngine.java:123)
	at com.sun.proxy.$Proxy48.submitRequest(Unknown Source)
	at org.apache.hadoop.ozone.protocolPB.StorageContainerDatanodeProtocolClientSideTranslatorPB.submitRequest(StorageContainerDatanodeProtocolClientSideTranslatorPB.java:117)
	at org.apache.hadoop.ozone.protocolPB.StorageContainerDatanodeProtocolClientSideTranslatorPB.getVersion(StorageContainerDatanodeProtocolClientSideTranslatorPB.java:133)
	at org.apache.hadoop.ozone.container.common.states.endpoint.VersionEndpointTask.call(VersionEndpointTask.java:71)
	at org.apache.hadoop.ozone.container.common.states.endpoint.VersionEndpointTask.call(VersionEndpointTask.java:42)
	at java.util.concurrent.FutureTask.run(FutureTask.java:266)
	at java.util.concurrent.ThreadPoolExecutor.runWorker(ThreadPoolExecutor.java:1149)
	at java.util.concurrent.ThreadPoolExecutor$Worker.run(ThreadPoolExecutor.java:624)
	at java.lang.Thread.run(Thread.java:750)
Caused by: java.net.SocketTimeoutException: 5000 millis timeout while waiting for channel to be ready for read. ch : java.nio.channels.SocketChannel[connected local=/127.0.0.1:55678 remote=/127.0.0.1:34037]
	at org.apache.hadoop.net.SocketIOWithTimeout.doIO(SocketIOWithTimeout.java:164)
	at org.apache.hadoop.net.SocketInputStream.read(SocketInputStream.java:161)
	at org.apache.hadoop.net.SocketInputStream.read(SocketInputStream.java:131)
	at java.io.FilterInputStream.read(FilterInputStream.java:133)
	at java.io.BufferedInputStream.fill(BufferedInputStream.java:246)
	at java.io.BufferedInputStream.read(BufferedInputStream.java:265)
	at java.io.FilterInputStream.read(FilterInputStream.java:83)
	at java.io.FilterInputStream.read(FilterInputStream.java:83)
	at org.apache.hadoop.ipc.Client$Connection$PingInputStream.read(Client.java:563)
	at java.io.DataInputStream.readInt(DataInputStream.java:387)
	at org.apache.hadoop.ipc.Client$IpcStreams.readResponse(Client.java:1892)
	at org.apache.hadoop.ipc.Client$Connection.receiveRpcResponse(Client.java:1202)
	at org.apache.hadoop.ipc.Client$Connection.run(Client.java:1098)
2022-03-03 08:20:20,446 [EndpointStateMachine task thread for /127.0.0.1:34037 - 0 ] WARN  statemachine.EndpointStateMachine (EndpointStateMachine.java:logIfNeeded(236)) - Unable to communicate to SCM server at 127.0.0.1:34037 for past 0 seconds.
java.net.SocketTimeoutException: Call From fv-az501-749/10.1.0.15 to localhost:34037 failed on socket timeout exception: java.net.SocketTimeoutException: 5000 millis timeout while waiting for channel to be ready for read. ch : java.nio.channels.SocketChannel[connected local=/127.0.0.1:55678 remote=/127.0.0.1:34037]; For more details see:  http://wiki.apache.org/hadoop/SocketTimeout
	at sun.reflect.NativeConstructorAccessorImpl.newInstance0(Native Method)
	at sun.reflect.NativeConstructorAccessorImpl.newInstance(NativeConstructorAccessorImpl.java:62)
	at sun.reflect.DelegatingConstructorAccessorImpl.newInstance(DelegatingConstructorAccessorImpl.java:45)
	at java.lang.reflect.Constructor.newInstance(Constructor.java:423)
	at org.apache.hadoop.net.NetUtils.wrapWithMessage(NetUtils.java:913)
	at org.apache.hadoop.net.NetUtils.wrapException(NetUtils.java:848)
	at org.apache.hadoop.ipc.Client.getRpcResponse(Client.java:1577)
	at org.apache.hadoop.ipc.Client.call(Client.java:1519)
	at org.apache.hadoop.ipc.Client.call(Client.java:1416)
	at org.apache.hadoop.ipc.ProtobufRpcEngine$Invoker.invoke(ProtobufRpcEngine.java:236)
	at org.apache.hadoop.ipc.ProtobufRpcEngine$Invoker.invoke(ProtobufRpcEngine.java:123)
	at com.sun.proxy.$Proxy48.submitRequest(Unknown Source)
	at org.apache.hadoop.ozone.protocolPB.StorageContainerDatanodeProtocolClientSideTranslatorPB.submitRequest(StorageContainerDatanodeProtocolClientSideTranslatorPB.java:117)
	at org.apache.hadoop.ozone.protocolPB.StorageContainerDatanodeProtocolClientSideTranslatorPB.getVersion(StorageContainerDatanodeProtocolClientSideTranslatorPB.java:133)
	at org.apache.hadoop.ozone.container.common.states.endpoint.VersionEndpointTask.call(VersionEndpointTask.java:71)
	at org.apache.hadoop.ozone.container.common.states.endpoint.VersionEndpointTask.call(VersionEndpointTask.java:42)
	at java.util.concurrent.FutureTask.run(FutureTask.java:266)
	at java.util.concurrent.ThreadPoolExecutor.runWorker(ThreadPoolExecutor.java:1149)
	at java.util.concurrent.ThreadPoolExecutor$Worker.run(ThreadPoolExecutor.java:624)
	at java.lang.Thread.run(Thread.java:750)
Caused by: java.net.SocketTimeoutException: 5000 millis timeout while waiting for channel to be ready for read. ch : java.nio.channels.SocketChannel[connected local=/127.0.0.1:55678 remote=/127.0.0.1:34037]
	at org.apache.hadoop.net.SocketIOWithTimeout.doIO(SocketIOWithTimeout.java:164)
	at org.apache.hadoop.net.SocketInputStream.read(SocketInputStream.java:161)
	at org.apache.hadoop.net.SocketInputStream.read(SocketInputStream.java:131)
	at java.io.FilterInputStream.read(FilterInputStream.java:133)
	at java.io.BufferedInputStream.fill(BufferedInputStream.java:246)
	at java.io.BufferedInputStream.read(BufferedInputStream.java:265)
	at java.io.FilterInputStream.read(FilterInputStream.java:83)
	at java.io.FilterInputStream.read(FilterInputStream.java:83)
	at org.apache.hadoop.ipc.Client$Connection$PingInputStream.read(Client.java:563)
	at java.io.DataInputStream.readInt(DataInputStream.java:387)
	at org.apache.hadoop.ipc.Client$IpcStreams.readResponse(Client.java:1892)
	at org.apache.hadoop.ipc.Client$Connection.receiveRpcResponse(Client.java:1202)
	at org.apache.hadoop.ipc.Client$Connection.run(Client.java:1098)
2022-03-03 08:20:20,464 [e7338982-199b-4e5a-937e-5a36927222d8@group-EB4E8D1567B6-StateMachineUpdater] INFO  safemode.HealthyPipelineSafeModeRule (HealthyPipelineSafeModeRule.java:initializeRule(152)) - Refreshed total pipeline count is 0, healthy pipeline threshold count is 1
2022-03-03 08:20:20,477 [1244aa64-d874-441f-9571-396032220701@group-EB4E8D1567B6-StateMachineUpdater] INFO  safemode.HealthyPipelineSafeModeRule (HealthyPipelineSafeModeRule.java:initializeRule(152)) - Refreshed total pipeline count is 0, healthy pipeline threshold count is 1
2022-03-03 08:20:20,478 [pool-361-thread-1] INFO  server.RaftServerConfigKeys (ConfUtils.java:logGet(44)) - raft.server.log.statemachine.data.caching.enabled = true (custom)
2022-03-03 08:20:20,481 [EndpointStateMachine task thread for /127.0.0.1:34037 - 0 ] WARN  statemachine.EndpointStateMachine (EndpointStateMachine.java:logIfNeeded(236)) - Unable to communicate to SCM server at localhost:34037 for past 0 seconds.
java.net.SocketTimeoutException: Call From fv-az501-749/10.1.0.15 to localhost:34037 failed on socket timeout exception: java.net.SocketTimeoutException: 5000 millis timeout while waiting for channel to be ready for read. ch : java.nio.channels.SocketChannel[connected local=/127.0.0.1:55678 remote=/127.0.0.1:34037]; For more details see:  http://wiki.apache.org/hadoop/SocketTimeout
	at sun.reflect.NativeConstructorAccessorImpl.newInstance0(Native Method)
	at sun.reflect.NativeConstructorAccessorImpl.newInstance(NativeConstructorAccessorImpl.java:62)
	at sun.reflect.DelegatingConstructorAccessorImpl.newInstance(DelegatingConstructorAccessorImpl.java:45)
	at java.lang.reflect.Constructor.newInstance(Constructor.java:423)
	at org.apache.hadoop.net.NetUtils.wrapWithMessage(NetUtils.java:913)
	at org.apache.hadoop.net.NetUtils.wrapException(NetUtils.java:848)
	at org.apache.hadoop.ipc.Client.getRpcResponse(Client.java:1577)
	at org.apache.hadoop.ipc.Client.call(Client.java:1519)
	at org.apache.hadoop.ipc.Client.call(Client.java:1416)
	at org.apache.hadoop.ipc.ProtobufRpcEngine$Invoker.invoke(ProtobufRpcEngine.java:236)
	at org.apache.hadoop.ipc.ProtobufRpcEngine$Invoker.invoke(ProtobufRpcEngine.java:123)
	at com.sun.proxy.$Proxy48.submitRequest(Unknown Source)
	at org.apache.hadoop.ozone.protocolPB.StorageContainerDatanodeProtocolClientSideTranslatorPB.submitRequest(StorageContainerDatanodeProtocolClientSideTranslatorPB.java:117)
	at org.apache.hadoop.ozone.protocolPB.StorageContainerDatanodeProtocolClientSideTranslatorPB.getVersion(StorageContainerDatanodeProtocolClientSideTranslatorPB.java:133)
	at org.apache.hadoop.ozone.container.common.states.endpoint.VersionEndpointTask.call(VersionEndpointTask.java:71)
	at org.apache.hadoop.ozone.container.common.states.endpoint.VersionEndpointTask.call(VersionEndpointTask.java:42)
	at java.util.concurrent.FutureTask.run(FutureTask.java:266)
	at java.util.concurrent.ThreadPoolExecutor.runWorker(ThreadPoolExecutor.java:1149)
	at java.util.concurrent.ThreadPoolExecutor$Worker.run(ThreadPoolExecutor.java:624)
	at java.lang.Thread.run(Thread.java:750)
Caused by: java.net.SocketTimeoutException: 5000 millis timeout while waiting for channel to be ready for read. ch : java.nio.channels.SocketChannel[connected local=/127.0.0.1:55678 remote=/127.0.0.1:34037]
	at org.apache.hadoop.net.SocketIOWithTimeout.doIO(SocketIOWithTimeout.java:164)
	at org.apache.hadoop.net.SocketInputStream.read(SocketInputStream.java:161)
	at org.apache.hadoop.net.SocketInputStream.read(SocketInputStream.java:131)
	at java.io.FilterInputStream.read(FilterInputStream.java:133)
	at java.io.BufferedInputStream.fill(BufferedInputStream.java:246)
	at java.io.BufferedInputStream.read(BufferedInputStream.java:265)
	at java.io.FilterInputStream.read(FilterInputStream.java:83)
	at java.io.FilterInputStream.read(FilterInputStream.java:83)
	at org.apache.hadoop.ipc.Client$Connection$PingInputStream.read(Client.java:563)
	at java.io.DataInputStream.readInt(DataInputStream.java:387)
	at org.apache.hadoop.ipc.Client$IpcStreams.readResponse(Client.java:1892)
	at org.apache.hadoop.ipc.Client$Connection.receiveRpcResponse(Client.java:1202)
	at org.apache.hadoop.ipc.Client$Connection.run(Client.java:1098)
2022-03-03 08:20:20,490 [EventQueue-OpenPipelineForHealthyPipelineSafeModeRule] INFO  safemode.SCMSafeModeManager (HealthyPipelineSafeModeRule.java:process(124)) - SCM in safe mode. Healthy pipelines reported count is 0, required healthy pipeline reported count is 1
2022-03-03 08:20:20,490 [pool-361-thread-1] INFO  segmented.SegmentedRaftLogWorker (SegmentedRaftLogWorker.java:lambda$new$0(133)) - b80209a9-e74f-462d-bd7e-a1c457e8621c@group-D680B8283E93-SegmentedRaftLogWorker: flushIndex: setUnconditionally 0 -> -1
2022-03-03 08:20:20,491 [pool-361-thread-1] INFO  segmented.SegmentedRaftLogWorker (SegmentedRaftLogWorker.java:lambda$new$0(133)) - b80209a9-e74f-462d-bd7e-a1c457e8621c@group-D680B8283E93-SegmentedRaftLogWorker: safeCacheEvictIndex: setUnconditionally 0 -> -1
2022-03-03 08:20:20,497 [pool-361-thread-1] INFO  server.RaftServerConfigKeys (ConfUtils.java:logGet(44)) - raft.server.snapshot.auto.trigger.enabled = true (custom)
2022-03-03 08:20:20,497 [pool-361-thread-1] INFO  server.RaftServerConfigKeys (ConfUtils.java:logGet(44)) - raft.server.snapshot.auto.trigger.threshold = 10000 (custom)
2022-03-03 08:20:20,497 [pool-361-thread-1] INFO  server.RaftServerConfigKeys (ConfUtils.java:logGet(44)) - raft.server.snapshot.retention.file.num = 5 (custom)
2022-03-03 08:20:20,497 [pool-361-thread-1] INFO  server.RaftServerConfigKeys (ConfUtils.java:logGet(44)) - raft.server.log.purge.upto.snapshot.index = false (default)
2022-03-03 08:20:20,497 [pool-361-thread-1] INFO  server.RaftServerConfigKeys (ConfUtils.java:logGet(44)) - raft.server.retrycache.expirytime = 600000ms (custom)
2022-03-03 08:20:20,498 [pool-361-thread-1] INFO  server.RaftServerConfigKeys (ConfUtils.java:logGet(44)) - raft.server.retrycache.statistics.expirytime = 100μs (default)
2022-03-03 08:20:20,500 [pool-361-thread-1] INFO  server.RaftServer$Division (RaftServerImpl.java:start(301)) - b80209a9-e74f-462d-bd7e-a1c457e8621c@group-D680B8283E93: start as a follower, conf=-1: [b80209a9-e74f-462d-bd7e-a1c457e8621c|rpc:127.0.0.1:37755|priority:1], old=null
2022-03-03 08:20:20,500 [pool-361-thread-1] INFO  server.RaftServer$Division (RaftServerImpl.java:setRole(290)) - b80209a9-e74f-462d-bd7e-a1c457e8621c@group-D680B8283E93: changes role from      null to FOLLOWER at term 0 for startAsFollower
2022-03-03 08:20:20,500 [pool-361-thread-1] INFO  impl.RoleInfo (RoleInfo.java:updateAndGet(130)) - b80209a9-e74f-462d-bd7e-a1c457e8621c: start b80209a9-e74f-462d-bd7e-a1c457e8621c@group-D680B8283E93-FollowerState
2022-03-03 08:20:20,501 [pool-361-thread-1] INFO  util.JmxRegister (JmxRegister.java:tryRegister(44)) - Successfully registered JMX Bean with object name Ratis:service=RaftServer,group=group-D680B8283E93,id=b80209a9-e74f-462d-bd7e-a1c457e8621c
2022-03-03 08:20:20,503 [Command processor thread] INFO  ratis.XceiverServerRatis (XceiverServerRatis.java:addGroup(769)) - Created group PipelineID=8dbb7c1b-beb8-4e3c-880e-d680b8283e93
2022-03-03 08:20:20,503 [Command processor thread] INFO  commandhandler.CreatePipelineCommandHandler (CreatePipelineCommandHandler.java:handle(106)) - Created Pipeline RATIS ONE PipelineID=8dbb7c1b-beb8-4e3c-880e-d680b8283e93.
2022-03-03 08:20:20,503 [Command processor thread] INFO  server.RaftServer (RaftServerProxy.java:addNew(95)) - b80209a9-e74f-462d-bd7e-a1c457e8621c: addNew group-736048A98C4E:[bbb996b9-cb57-429e-b9a5-f900bfe28cb3|rpc:127.0.0.1:39561|priority:0, b80209a9-e74f-462d-bd7e-a1c457e8621c|rpc:127.0.0.1:37755|priority:0, abae3395-e125-494e-95ee-7e13e0096d36|rpc:127.0.0.1:37079|priority:1] returns group-736048A98C4E:java.util.concurrent.CompletableFuture@511d1453[Not completed]
2022-03-03 08:20:20,505 [pool-361-thread-1] INFO  server.RaftServer$Division (RaftServerImpl.java:<init>(184)) - b80209a9-e74f-462d-bd7e-a1c457e8621c: new RaftServerImpl for group-736048A98C4E:[bbb996b9-cb57-429e-b9a5-f900bfe28cb3|rpc:127.0.0.1:39561|priority:0, b80209a9-e74f-462d-bd7e-a1c457e8621c|rpc:127.0.0.1:37755|priority:0, abae3395-e125-494e-95ee-7e13e0096d36|rpc:127.0.0.1:37079|priority:1] with ContainerStateMachine:uninitialized
2022-03-03 08:20:20,505 [pool-361-thread-1] INFO  server.RaftServerConfigKeys (ConfUtils.java:logGet(44)) - raft.server.rpc.timeout.min = 5s (custom)
2022-03-03 08:20:20,505 [pool-361-thread-1] INFO  server.RaftServerConfigKeys (ConfUtils.java:logGet(44)) - raft.server.rpc.timeout.max = 5200ms (custom)
2022-03-03 08:20:20,505 [pool-361-thread-1] INFO  server.RaftServerConfigKeys (ConfUtils.java:logGet(44)) - raft.server.rpc.sleep.time = 25ms (default)
2022-03-03 08:20:20,506 [pool-361-thread-1] INFO  server.RaftServerConfigKeys (ConfUtils.java:logGet(44)) - raft.server.rpc.slowness.timeout = 300s (custom)
2022-03-03 08:20:20,506 [pool-361-thread-1] INFO  server.RaftServerConfigKeys (ConfUtils.java:logGet(44)) - raft.server.leaderelection.leader.step-down.wait-time = 10s (default)
2022-03-03 08:20:20,506 [pool-361-thread-1] INFO  server.RaftServerConfigKeys (ConfUtils.java:logGet(44)) - raft.server.sleep.deviation.threshold = 300ms (default)
2022-03-03 08:20:20,506 [pool-361-thread-1] INFO  server.RaftServerConfigKeys (ConfUtils.java:logGet(44)) - raft.server.log.appender.install.snapshot.enabled = false (custom)
2022-03-03 08:20:20,506 [pool-361-thread-1] INFO  server.RaftServer$Division (ServerState.java:<init>(105)) - b80209a9-e74f-462d-bd7e-a1c457e8621c@group-736048A98C4E: ConfigurationManager, init=-1: [bbb996b9-cb57-429e-b9a5-f900bfe28cb3|rpc:127.0.0.1:39561|priority:0, b80209a9-e74f-462d-bd7e-a1c457e8621c|rpc:127.0.0.1:37755|priority:0, abae3395-e125-494e-95ee-7e13e0096d36|rpc:127.0.0.1:37079|priority:1], old=null, confs=<EMPTY_MAP>
2022-03-03 08:20:20,506 [pool-361-thread-1] INFO  server.RaftServerConfigKeys (ConfUtils.java:logGet(44)) - raft.server.storage.dir = [/home/runner/work/ozone/ozone/hadoop-ozone/integration-test/target/test-dir/MiniOzoneClusterImpl-5b82a1ad-a074-4eb8-9e24-eb4e8d1567b6/datanode-0/data/ratis] (custom)
2022-03-03 08:20:20,506 [pool-361-thread-1] INFO  server.RaftServerConfigKeys (ConfUtils.java:logGet(44)) - raft.server.log.corruption.policy = EXCEPTION (default)
2022-03-03 08:20:20,506 [pool-361-thread-1] INFO  server.RaftServerConfigKeys (ConfUtils.java:logGet(44)) - raft.server.storage.free-space.min = 0MB (=0) (default)
2022-03-03 08:20:20,506 [pool-361-thread-1] INFO  storage.RaftStorageDirectory (RaftStorageDirectoryImpl.java:analyzeStorage(135)) - The storage directory /home/runner/work/ozone/ozone/hadoop-ozone/integration-test/target/test-dir/MiniOzoneClusterImpl-5b82a1ad-a074-4eb8-9e24-eb4e8d1567b6/datanode-0/data/ratis/e9d922ff-3b74-428d-a214-736048a98c4e does not exist. Creating ...
2022-03-03 08:20:20,507 [pool-361-thread-1] INFO  storage.RaftStorageDirectory (RaftStorageDirectoryImpl.java:tryLock(230)) - Lock on /home/runner/work/ozone/ozone/hadoop-ozone/integration-test/target/test-dir/MiniOzoneClusterImpl-5b82a1ad-a074-4eb8-9e24-eb4e8d1567b6/datanode-0/data/ratis/e9d922ff-3b74-428d-a214-736048a98c4e/in_use.lock acquired by nodename 8757@fv-az501-749
2022-03-03 08:20:20,518 [pool-361-thread-1] INFO  storage.RaftStorage (RaftStorageImpl.java:format(89)) - Storage directory /home/runner/work/ozone/ozone/hadoop-ozone/integration-test/target/test-dir/MiniOzoneClusterImpl-5b82a1ad-a074-4eb8-9e24-eb4e8d1567b6/datanode-0/data/ratis/e9d922ff-3b74-428d-a214-736048a98c4e has been successfully formatted.
2022-03-03 08:20:20,520 [pool-361-thread-1] INFO  ratis.ContainerStateMachine (ContainerStateMachine.java:loadSnapshot(236)) - group-736048A98C4E: The snapshot info is null. Setting the last applied indexto:(t:0, i:~)
2022-03-03 08:20:20,520 [pool-361-thread-1] INFO  server.RaftServerConfigKeys (ConfUtils.java:logGet(44)) - raft.server.notification.no-leader.timeout = 300s (custom)
2022-03-03 08:20:20,521 [pool-361-thread-1] INFO  server.RaftServerConfigKeys (ConfUtils.java:logGet(44)) - raft.server.log.use.memory = false (default)
2022-03-03 08:20:20,521 [pool-361-thread-1] INFO  server.RaftServerConfigKeys (ConfUtils.java:logGet(44)) - raft.server.log.purge.gap = 1000000 (custom)
2022-03-03 08:20:20,521 [pool-361-thread-1] INFO  server.RaftServerConfigKeys (ConfUtils.java:logGet(44)) - raft.server.log.appender.buffer.byte-limit = 33554432 (custom)
2022-03-03 08:20:20,530 [EventQueue-OpenPipelineForHealthyPipelineSafeModeRule] INFO  safemode.SCMSafeModeManager (HealthyPipelineSafeModeRule.java:process(124)) - SCM in safe mode. Healthy pipelines reported count is 0, required healthy pipeline reported count is 1
2022-03-03 08:20:20,530 [pool-361-thread-1] INFO  server.RaftServerConfigKeys (ConfUtils.java:logGet(44)) - raft.server.log.segment.size.max = 1048576 (custom)
2022-03-03 08:20:20,535 [EventQueue-OpenPipelineForHealthyPipelineSafeModeRule] INFO  safemode.SCMSafeModeManager (HealthyPipelineSafeModeRule.java:process(124)) - SCM in safe mode. Healthy pipelines reported count is 0, required healthy pipeline reported count is 1
2022-03-03 08:20:20,536 [pool-361-thread-1] INFO  server.RaftServerConfigKeys (ConfUtils.java:logGet(44)) - raft.server.log.segment.cache.num.max = 2 (custom)
2022-03-03 08:20:20,536 [pool-361-thread-1] INFO  server.RaftServerConfigKeys (ConfUtils.java:logGet(44)) - raft.server.log.segment.cache.size.max = 200MB (=209715200) (default)
2022-03-03 08:20:20,536 [pool-361-thread-1] INFO  segmented.SegmentedRaftLogWorker (SegmentedRaftLogWorker.java:<init>(182)) - new b80209a9-e74f-462d-bd7e-a1c457e8621c@group-736048A98C4E-SegmentedRaftLogWorker for RaftStorageImpl:Storage Directory /home/runner/work/ozone/ozone/hadoop-ozone/integration-test/target/test-dir/MiniOzoneClusterImpl-5b82a1ad-a074-4eb8-9e24-eb4e8d1567b6/datanode-0/data/ratis/e9d922ff-3b74-428d-a214-736048a98c4e
2022-03-03 08:20:20,536 [pool-361-thread-1] INFO  server.RaftServerConfigKeys (ConfUtils.java:logGet(44)) - raft.server.log.queue.byte-limit = 4294967296 (custom)
2022-03-03 08:20:20,536 [pool-361-thread-1] INFO  server.RaftServerConfigKeys (ConfUtils.java:logGet(44)) - raft.server.log.queue.element-limit = 1024 (custom)
2022-03-03 08:20:20,536 [pool-361-thread-1] INFO  server.RaftServerConfigKeys (ConfUtils.java:logGet(44)) - raft.server.log.segment.size.max = 1048576 (custom)
2022-03-03 08:20:20,536 [pool-361-thread-1] INFO  server.RaftServerConfigKeys (ConfUtils.java:logGet(44)) - raft.server.log.preallocated.size = 16384 (custom)
2022-03-03 08:20:20,536 [pool-361-thread-1] INFO  server.RaftServerConfigKeys (ConfUtils.java:logGet(44)) - raft.server.log.force.sync.num = 128 (default)
2022-03-03 08:20:20,536 [pool-361-thread-1] INFO  server.RaftServerConfigKeys (ConfUtils.java:logGet(44)) - raft.server.log.statemachine.data.sync = true (default)
2022-03-03 08:20:20,536 [pool-361-thread-1] INFO  server.RaftServerConfigKeys (ConfUtils.java:logGet(44)) - raft.server.log.statemachine.data.sync.timeout = 10s (default)
2022-03-03 08:20:20,536 [pool-361-thread-1] INFO  server.RaftServerConfigKeys (ConfUtils.java:logGet(44)) - raft.server.log.statemachine.data.sync.timeout.retry = -1 (default)
2022-03-03 08:20:20,538 [pool-361-thread-1] INFO  server.RaftServerConfigKeys (ConfUtils.java:logGet(44)) - raft.server.log.write.buffer.size = 1048576 (custom)
2022-03-03 08:20:20,539 [pool-361-thread-1] INFO  server.RaftServerConfigKeys (ConfUtils.java:logGet(44)) - raft.server.log.statemachine.data.caching.enabled = true (custom)
2022-03-03 08:20:20,540 [pool-361-thread-1] INFO  segmented.SegmentedRaftLogWorker (SegmentedRaftLogWorker.java:lambda$new$0(133)) - b80209a9-e74f-462d-bd7e-a1c457e8621c@group-736048A98C4E-SegmentedRaftLogWorker: flushIndex: setUnconditionally 0 -> -1
2022-03-03 08:20:20,540 [pool-361-thread-1] INFO  segmented.SegmentedRaftLogWorker (SegmentedRaftLogWorker.java:lambda$new$0(133)) - b80209a9-e74f-462d-bd7e-a1c457e8621c@group-736048A98C4E-SegmentedRaftLogWorker: safeCacheEvictIndex: setUnconditionally 0 -> -1
2022-03-03 08:20:20,545 [pool-361-thread-1] INFO  server.RaftServerConfigKeys (ConfUtils.java:logGet(44)) - raft.server.snapshot.auto.trigger.enabled = true (custom)
2022-03-03 08:20:20,545 [pool-361-thread-1] INFO  server.RaftServerConfigKeys (ConfUtils.java:logGet(44)) - raft.server.snapshot.auto.trigger.threshold = 10000 (custom)
2022-03-03 08:20:20,545 [pool-361-thread-1] INFO  server.RaftServerConfigKeys (ConfUtils.java:logGet(44)) - raft.server.snapshot.retention.file.num = 5 (custom)
2022-03-03 08:20:20,546 [pool-361-thread-1] INFO  server.RaftServerConfigKeys (ConfUtils.java:logGet(44)) - raft.server.log.purge.upto.snapshot.index = false (default)
2022-03-03 08:20:20,546 [pool-361-thread-1] INFO  server.RaftServerConfigKeys (ConfUtils.java:logGet(44)) - raft.server.retrycache.expirytime = 600000ms (custom)
2022-03-03 08:20:20,546 [pool-361-thread-1] INFO  server.RaftServerConfigKeys (ConfUtils.java:logGet(44)) - raft.server.retrycache.statistics.expirytime = 100μs (default)
2022-03-03 08:20:20,548 [pool-361-thread-1] INFO  server.RaftServer$Division (RaftServerImpl.java:start(301)) - b80209a9-e74f-462d-bd7e-a1c457e8621c@group-736048A98C4E: start as a follower, conf=-1: [bbb996b9-cb57-429e-b9a5-f900bfe28cb3|rpc:127.0.0.1:39561|priority:0, b80209a9-e74f-462d-bd7e-a1c457e8621c|rpc:127.0.0.1:37755|priority:0, abae3395-e125-494e-95ee-7e13e0096d36|rpc:127.0.0.1:37079|priority:1], old=null
2022-03-03 08:20:20,550 [pool-361-thread-1] INFO  server.RaftServer$Division (RaftServerImpl.java:setRole(290)) - b80209a9-e74f-462d-bd7e-a1c457e8621c@group-736048A98C4E: changes role from      null to FOLLOWER at term 0 for startAsFollower
2022-03-03 08:20:20,551 [pool-361-thread-1] INFO  impl.RoleInfo (RoleInfo.java:updateAndGet(130)) - b80209a9-e74f-462d-bd7e-a1c457e8621c: start b80209a9-e74f-462d-bd7e-a1c457e8621c@group-736048A98C4E-FollowerState
2022-03-03 08:20:20,557 [pool-361-thread-1] INFO  util.JmxRegister (JmxRegister.java:tryRegister(44)) - Successfully registered JMX Bean with object name Ratis:service=RaftServer,group=group-736048A98C4E,id=b80209a9-e74f-462d-bd7e-a1c457e8621c
2022-03-03 08:20:20,561 [Command processor thread] INFO  ratis.XceiverServerRatis (XceiverServerRatis.java:addGroup(769)) - Created group PipelineID=e9d922ff-3b74-428d-a214-736048a98c4e
2022-03-03 08:20:20,575 [grpc-default-executor-0] INFO  server.RaftServer (RaftServerProxy.java:addNew(95)) - abae3395-e125-494e-95ee-7e13e0096d36: addNew group-736048A98C4E:[bbb996b9-cb57-429e-b9a5-f900bfe28cb3|rpc:127.0.0.1:39561|dataStream:|priority:0, b80209a9-e74f-462d-bd7e-a1c457e8621c|rpc:127.0.0.1:37755|dataStream:|priority:0, abae3395-e125-494e-95ee-7e13e0096d36|rpc:127.0.0.1:37079|dataStream:|priority:1] returns group-736048A98C4E:java.util.concurrent.CompletableFuture@eeff5a1[Not completed]
2022-03-03 08:20:20,588 [pool-407-thread-1] INFO  server.RaftServer$Division (RaftServerImpl.java:<init>(184)) - abae3395-e125-494e-95ee-7e13e0096d36: new RaftServerImpl for group-736048A98C4E:[bbb996b9-cb57-429e-b9a5-f900bfe28cb3|rpc:127.0.0.1:39561|dataStream:|priority:0, b80209a9-e74f-462d-bd7e-a1c457e8621c|rpc:127.0.0.1:37755|dataStream:|priority:0, abae3395-e125-494e-95ee-7e13e0096d36|rpc:127.0.0.1:37079|dataStream:|priority:1] with ContainerStateMachine:uninitialized
2022-03-03 08:20:20,588 [pool-407-thread-1] INFO  server.RaftServerConfigKeys (ConfUtils.java:logGet(44)) - raft.server.rpc.timeout.min = 5s (custom)
2022-03-03 08:20:20,588 [pool-407-thread-1] INFO  server.RaftServerConfigKeys (ConfUtils.java:logGet(44)) - raft.server.rpc.timeout.max = 5200ms (custom)
2022-03-03 08:20:20,588 [pool-407-thread-1] INFO  server.RaftServerConfigKeys (ConfUtils.java:logGet(44)) - raft.server.rpc.sleep.time = 25ms (default)
2022-03-03 08:20:20,589 [pool-407-thread-1] INFO  server.RaftServerConfigKeys (ConfUtils.java:logGet(44)) - raft.server.rpc.slowness.timeout = 300s (custom)
2022-03-03 08:20:20,589 [pool-407-thread-1] INFO  server.RaftServerConfigKeys (ConfUtils.java:logGet(44)) - raft.server.leaderelection.leader.step-down.wait-time = 10s (default)
2022-03-03 08:20:20,589 [pool-407-thread-1] INFO  server.RaftServerConfigKeys (ConfUtils.java:logGet(44)) - raft.server.sleep.deviation.threshold = 300ms (default)
2022-03-03 08:20:20,595 [pool-407-thread-1] INFO  server.RaftServerConfigKeys (ConfUtils.java:logGet(44)) - raft.server.log.appender.install.snapshot.enabled = false (custom)
2022-03-03 08:20:20,596 [pool-407-thread-1] INFO  server.RaftServer$Division (ServerState.java:<init>(105)) - abae3395-e125-494e-95ee-7e13e0096d36@group-736048A98C4E: ConfigurationManager, init=-1: [bbb996b9-cb57-429e-b9a5-f900bfe28cb3|rpc:127.0.0.1:39561|dataStream:|priority:0, b80209a9-e74f-462d-bd7e-a1c457e8621c|rpc:127.0.0.1:37755|dataStream:|priority:0, abae3395-e125-494e-95ee-7e13e0096d36|rpc:127.0.0.1:37079|dataStream:|priority:1], old=null, confs=<EMPTY_MAP>
2022-03-03 08:20:20,597 [pool-407-thread-1] INFO  server.RaftServerConfigKeys (ConfUtils.java:logGet(44)) - raft.server.storage.dir = [/home/runner/work/ozone/ozone/hadoop-ozone/integration-test/target/test-dir/MiniOzoneClusterImpl-5b82a1ad-a074-4eb8-9e24-eb4e8d1567b6/datanode-2/data/ratis] (custom)
2022-03-03 08:20:20,597 [pool-407-thread-1] INFO  server.RaftServerConfigKeys (ConfUtils.java:logGet(44)) - raft.server.log.corruption.policy = EXCEPTION (default)
2022-03-03 08:20:20,597 [pool-407-thread-1] INFO  server.RaftServerConfigKeys (ConfUtils.java:logGet(44)) - raft.server.storage.free-space.min = 0MB (=0) (default)
2022-03-03 08:20:20,600 [pool-407-thread-1] INFO  storage.RaftStorageDirectory (RaftStorageDirectoryImpl.java:analyzeStorage(135)) - The storage directory /home/runner/work/ozone/ozone/hadoop-ozone/integration-test/target/test-dir/MiniOzoneClusterImpl-5b82a1ad-a074-4eb8-9e24-eb4e8d1567b6/datanode-2/data/ratis/e9d922ff-3b74-428d-a214-736048a98c4e does not exist. Creating ...
2022-03-03 08:20:20,601 [pool-407-thread-1] INFO  storage.RaftStorageDirectory (RaftStorageDirectoryImpl.java:tryLock(230)) - Lock on /home/runner/work/ozone/ozone/hadoop-ozone/integration-test/target/test-dir/MiniOzoneClusterImpl-5b82a1ad-a074-4eb8-9e24-eb4e8d1567b6/datanode-2/data/ratis/e9d922ff-3b74-428d-a214-736048a98c4e/in_use.lock acquired by nodename 8757@fv-az501-749
2022-03-03 08:20:20,607 [pool-407-thread-1] INFO  storage.RaftStorage (RaftStorageImpl.java:format(89)) - Storage directory /home/runner/work/ozone/ozone/hadoop-ozone/integration-test/target/test-dir/MiniOzoneClusterImpl-5b82a1ad-a074-4eb8-9e24-eb4e8d1567b6/datanode-2/data/ratis/e9d922ff-3b74-428d-a214-736048a98c4e has been successfully formatted.
2022-03-03 08:20:20,612 [pool-407-thread-1] INFO  ratis.ContainerStateMachine (ContainerStateMachine.java:loadSnapshot(236)) - group-736048A98C4E: The snapshot info is null. Setting the last applied indexto:(t:0, i:~)
2022-03-03 08:20:20,613 [pool-407-thread-1] INFO  server.RaftServerConfigKeys (ConfUtils.java:logGet(44)) - raft.server.notification.no-leader.timeout = 300s (custom)
2022-03-03 08:20:20,613 [pool-407-thread-1] INFO  server.RaftServerConfigKeys (ConfUtils.java:logGet(44)) - raft.server.log.use.memory = false (default)
2022-03-03 08:20:20,613 [pool-407-thread-1] INFO  server.RaftServerConfigKeys (ConfUtils.java:logGet(44)) - raft.server.log.purge.gap = 1000000 (custom)
2022-03-03 08:20:20,613 [pool-407-thread-1] INFO  server.RaftServerConfigKeys (ConfUtils.java:logGet(44)) - raft.server.log.appender.buffer.byte-limit = 33554432 (custom)
2022-03-03 08:20:20,614 [pool-407-thread-1] INFO  server.RaftServerConfigKeys (ConfUtils.java:logGet(44)) - raft.server.log.segment.size.max = 1048576 (custom)
2022-03-03 08:20:20,614 [pool-407-thread-1] INFO  server.RaftServerConfigKeys (ConfUtils.java:logGet(44)) - raft.server.log.segment.cache.num.max = 2 (custom)
2022-03-03 08:20:20,614 [pool-407-thread-1] INFO  server.RaftServerConfigKeys (ConfUtils.java:logGet(44)) - raft.server.log.segment.cache.size.max = 200MB (=209715200) (default)
2022-03-03 08:20:20,614 [pool-407-thread-1] INFO  segmented.SegmentedRaftLogWorker (SegmentedRaftLogWorker.java:<init>(182)) - new abae3395-e125-494e-95ee-7e13e0096d36@group-736048A98C4E-SegmentedRaftLogWorker for RaftStorageImpl:Storage Directory /home/runner/work/ozone/ozone/hadoop-ozone/integration-test/target/test-dir/MiniOzoneClusterImpl-5b82a1ad-a074-4eb8-9e24-eb4e8d1567b6/datanode-2/data/ratis/e9d922ff-3b74-428d-a214-736048a98c4e
2022-03-03 08:20:20,615 [pool-407-thread-1] INFO  server.RaftServerConfigKeys (ConfUtils.java:logGet(44)) - raft.server.log.queue.byte-limit = 4294967296 (custom)
2022-03-03 08:20:20,616 [pool-407-thread-1] INFO  server.RaftServerConfigKeys (ConfUtils.java:logGet(44)) - raft.server.log.queue.element-limit = 1024 (custom)
2022-03-03 08:20:20,616 [pool-407-thread-1] INFO  server.RaftServerConfigKeys (ConfUtils.java:logGet(44)) - raft.server.log.segment.size.max = 1048576 (custom)
2022-03-03 08:20:20,616 [pool-407-thread-1] INFO  server.RaftServerConfigKeys (ConfUtils.java:logGet(44)) - raft.server.log.preallocated.size = 16384 (custom)
2022-03-03 08:20:20,616 [pool-407-thread-1] INFO  server.RaftServerConfigKeys (ConfUtils.java:logGet(44)) - raft.server.log.force.sync.num = 128 (default)
2022-03-03 08:20:20,616 [pool-407-thread-1] INFO  server.RaftServerConfigKeys (ConfUtils.java:logGet(44)) - raft.server.log.statemachine.data.sync = true (default)
2022-03-03 08:20:20,616 [pool-407-thread-1] INFO  server.RaftServerConfigKeys (ConfUtils.java:logGet(44)) - raft.server.log.statemachine.data.sync.timeout = 10s (default)
2022-03-03 08:20:20,616 [pool-407-thread-1] INFO  server.RaftServerConfigKeys (ConfUtils.java:logGet(44)) - raft.server.log.statemachine.data.sync.timeout.retry = -1 (default)
2022-03-03 08:20:20,618 [pool-407-thread-1] INFO  server.RaftServerConfigKeys (ConfUtils.java:logGet(44)) - raft.server.log.write.buffer.size = 1048576 (custom)
2022-03-03 08:20:20,621 [pool-407-thread-1] INFO  server.RaftServerConfigKeys (ConfUtils.java:logGet(44)) - raft.server.log.statemachine.data.caching.enabled = true (custom)
2022-03-03 08:20:20,621 [pool-407-thread-1] INFO  segmented.SegmentedRaftLogWorker (SegmentedRaftLogWorker.java:lambda$new$0(133)) - abae3395-e125-494e-95ee-7e13e0096d36@group-736048A98C4E-SegmentedRaftLogWorker: flushIndex: setUnconditionally 0 -> -1
2022-03-03 08:20:20,621 [pool-407-thread-1] INFO  segmented.SegmentedRaftLogWorker (SegmentedRaftLogWorker.java:lambda$new$0(133)) - abae3395-e125-494e-95ee-7e13e0096d36@group-736048A98C4E-SegmentedRaftLogWorker: safeCacheEvictIndex: setUnconditionally 0 -> -1
2022-03-03 08:20:20,625 [pool-407-thread-1] INFO  server.RaftServerConfigKeys (ConfUtils.java:logGet(44)) - raft.server.snapshot.auto.trigger.enabled = true (custom)
2022-03-03 08:20:20,625 [pool-407-thread-1] INFO  server.RaftServerConfigKeys (ConfUtils.java:logGet(44)) - raft.server.snapshot.auto.trigger.threshold = 10000 (custom)
2022-03-03 08:20:20,625 [pool-407-thread-1] INFO  server.RaftServerConfigKeys (ConfUtils.java:logGet(44)) - raft.server.snapshot.retention.file.num = 5 (custom)
2022-03-03 08:20:20,625 [pool-407-thread-1] INFO  server.RaftServerConfigKeys (ConfUtils.java:logGet(44)) - raft.server.log.purge.upto.snapshot.index = false (default)
2022-03-03 08:20:20,626 [pool-407-thread-1] INFO  server.RaftServerConfigKeys (ConfUtils.java:logGet(44)) - raft.server.retrycache.expirytime = 600000ms (custom)
2022-03-03 08:20:20,626 [pool-407-thread-1] INFO  server.RaftServerConfigKeys (ConfUtils.java:logGet(44)) - raft.server.retrycache.statistics.expirytime = 100μs (default)
2022-03-03 08:20:20,628 [pool-407-thread-1] INFO  server.RaftServer$Division (RaftServerImpl.java:start(301)) - abae3395-e125-494e-95ee-7e13e0096d36@group-736048A98C4E: start as a follower, conf=-1: [bbb996b9-cb57-429e-b9a5-f900bfe28cb3|rpc:127.0.0.1:39561|dataStream:|priority:0, b80209a9-e74f-462d-bd7e-a1c457e8621c|rpc:127.0.0.1:37755|dataStream:|priority:0, abae3395-e125-494e-95ee-7e13e0096d36|rpc:127.0.0.1:37079|dataStream:|priority:1], old=null
2022-03-03 08:20:20,629 [pool-407-thread-1] INFO  server.RaftServer$Division (RaftServerImpl.java:setRole(290)) - abae3395-e125-494e-95ee-7e13e0096d36@group-736048A98C4E: changes role from      null to FOLLOWER at term 0 for startAsFollower
2022-03-03 08:20:20,629 [pool-407-thread-1] INFO  impl.RoleInfo (RoleInfo.java:updateAndGet(130)) - abae3395-e125-494e-95ee-7e13e0096d36: start abae3395-e125-494e-95ee-7e13e0096d36@group-736048A98C4E-FollowerState
2022-03-03 08:20:20,671 [pool-407-thread-1] INFO  util.JmxRegister (JmxRegister.java:tryRegister(44)) - Successfully registered JMX Bean with object name Ratis:service=RaftServer,group=group-736048A98C4E,id=abae3395-e125-494e-95ee-7e13e0096d36
2022-03-03 08:20:20,761 [grpc-default-executor-0] INFO  server.RaftServer (RaftServerProxy.java:addNew(95)) - bbb996b9-cb57-429e-b9a5-f900bfe28cb3: addNew group-736048A98C4E:[bbb996b9-cb57-429e-b9a5-f900bfe28cb3|rpc:127.0.0.1:39561|dataStream:|priority:0, b80209a9-e74f-462d-bd7e-a1c457e8621c|rpc:127.0.0.1:37755|dataStream:|priority:0, abae3395-e125-494e-95ee-7e13e0096d36|rpc:127.0.0.1:37079|dataStream:|priority:1] returns group-736048A98C4E:java.util.concurrent.CompletableFuture@74d710a9[Not completed]
2022-03-03 08:20:20,767 [pool-384-thread-1] INFO  server.RaftServer$Division (RaftServerImpl.java:<init>(184)) - bbb996b9-cb57-429e-b9a5-f900bfe28cb3: new RaftServerImpl for group-736048A98C4E:[bbb996b9-cb57-429e-b9a5-f900bfe28cb3|rpc:127.0.0.1:39561|dataStream:|priority:0, b80209a9-e74f-462d-bd7e-a1c457e8621c|rpc:127.0.0.1:37755|dataStream:|priority:0, abae3395-e125-494e-95ee-7e13e0096d36|rpc:127.0.0.1:37079|dataStream:|priority:1] with ContainerStateMachine:uninitialized
2022-03-03 08:20:20,768 [pool-384-thread-1] INFO  server.RaftServerConfigKeys (ConfUtils.java:logGet(44)) - raft.server.rpc.timeout.min = 5s (custom)
2022-03-03 08:20:20,768 [pool-384-thread-1] INFO  server.RaftServerConfigKeys (ConfUtils.java:logGet(44)) - raft.server.rpc.timeout.max = 5200ms (custom)
2022-03-03 08:20:20,768 [pool-384-thread-1] INFO  server.RaftServerConfigKeys (ConfUtils.java:logGet(44)) - raft.server.rpc.sleep.time = 25ms (default)
2022-03-03 08:20:20,768 [pool-384-thread-1] INFO  server.RaftServerConfigKeys (ConfUtils.java:logGet(44)) - raft.server.rpc.slowness.timeout = 300s (custom)
2022-03-03 08:20:20,768 [pool-384-thread-1] INFO  server.RaftServerConfigKeys (ConfUtils.java:logGet(44)) - raft.server.leaderelection.leader.step-down.wait-time = 10s (default)
2022-03-03 08:20:20,768 [pool-384-thread-1] INFO  server.RaftServerConfigKeys (ConfUtils.java:logGet(44)) - raft.server.sleep.deviation.threshold = 300ms (default)
2022-03-03 08:20:20,768 [pool-384-thread-1] INFO  server.RaftServerConfigKeys (ConfUtils.java:logGet(44)) - raft.server.log.appender.install.snapshot.enabled = false (custom)
2022-03-03 08:20:20,768 [pool-384-thread-1] INFO  server.RaftServer$Division (ServerState.java:<init>(105)) - bbb996b9-cb57-429e-b9a5-f900bfe28cb3@group-736048A98C4E: ConfigurationManager, init=-1: [bbb996b9-cb57-429e-b9a5-f900bfe28cb3|rpc:127.0.0.1:39561|dataStream:|priority:0, b80209a9-e74f-462d-bd7e-a1c457e8621c|rpc:127.0.0.1:37755|dataStream:|priority:0, abae3395-e125-494e-95ee-7e13e0096d36|rpc:127.0.0.1:37079|dataStream:|priority:1], old=null, confs=<EMPTY_MAP>
2022-03-03 08:20:20,768 [pool-384-thread-1] INFO  server.RaftServerConfigKeys (ConfUtils.java:logGet(44)) - raft.server.storage.dir = [/home/runner/work/ozone/ozone/hadoop-ozone/integration-test/target/test-dir/MiniOzoneClusterImpl-5b82a1ad-a074-4eb8-9e24-eb4e8d1567b6/datanode-1/data/ratis] (custom)
2022-03-03 08:20:20,769 [pool-384-thread-1] INFO  server.RaftServerConfigKeys (ConfUtils.java:logGet(44)) - raft.server.log.corruption.policy = EXCEPTION (default)
2022-03-03 08:20:20,769 [pool-384-thread-1] INFO  server.RaftServerConfigKeys (ConfUtils.java:logGet(44)) - raft.server.storage.free-space.min = 0MB (=0) (default)
2022-03-03 08:20:20,769 [pool-384-thread-1] INFO  storage.RaftStorageDirectory (RaftStorageDirectoryImpl.java:analyzeStorage(135)) - The storage directory /home/runner/work/ozone/ozone/hadoop-ozone/integration-test/target/test-dir/MiniOzoneClusterImpl-5b82a1ad-a074-4eb8-9e24-eb4e8d1567b6/datanode-1/data/ratis/e9d922ff-3b74-428d-a214-736048a98c4e does not exist. Creating ...
2022-03-03 08:20:20,772 [pool-384-thread-1] INFO  storage.RaftStorageDirectory (RaftStorageDirectoryImpl.java:tryLock(230)) - Lock on /home/runner/work/ozone/ozone/hadoop-ozone/integration-test/target/test-dir/MiniOzoneClusterImpl-5b82a1ad-a074-4eb8-9e24-eb4e8d1567b6/datanode-1/data/ratis/e9d922ff-3b74-428d-a214-736048a98c4e/in_use.lock acquired by nodename 8757@fv-az501-749
2022-03-03 08:20:20,777 [pool-384-thread-1] INFO  storage.RaftStorage (RaftStorageImpl.java:format(89)) - Storage directory /home/runner/work/ozone/ozone/hadoop-ozone/integration-test/target/test-dir/MiniOzoneClusterImpl-5b82a1ad-a074-4eb8-9e24-eb4e8d1567b6/datanode-1/data/ratis/e9d922ff-3b74-428d-a214-736048a98c4e has been successfully formatted.
2022-03-03 08:20:20,781 [pool-384-thread-1] INFO  ratis.ContainerStateMachine (ContainerStateMachine.java:loadSnapshot(236)) - group-736048A98C4E: The snapshot info is null. Setting the last applied indexto:(t:0, i:~)
2022-03-03 08:20:20,782 [pool-384-thread-1] INFO  server.RaftServerConfigKeys (ConfUtils.java:logGet(44)) - raft.server.notification.no-leader.timeout = 300s (custom)
2022-03-03 08:20:20,782 [pool-384-thread-1] INFO  server.RaftServerConfigKeys (ConfUtils.java:logGet(44)) - raft.server.log.use.memory = false (default)
2022-03-03 08:20:20,782 [pool-384-thread-1] INFO  server.RaftServerConfigKeys (ConfUtils.java:logGet(44)) - raft.server.log.purge.gap = 1000000 (custom)
2022-03-03 08:20:20,782 [pool-384-thread-1] INFO  server.RaftServerConfigKeys (ConfUtils.java:logGet(44)) - raft.server.log.appender.buffer.byte-limit = 33554432 (custom)
2022-03-03 08:20:20,782 [pool-384-thread-1] INFO  server.RaftServerConfigKeys (ConfUtils.java:logGet(44)) - raft.server.log.segment.size.max = 1048576 (custom)
2022-03-03 08:20:20,783 [pool-384-thread-1] INFO  server.RaftServerConfigKeys (ConfUtils.java:logGet(44)) - raft.server.log.segment.cache.num.max = 2 (custom)
2022-03-03 08:20:20,783 [pool-384-thread-1] INFO  server.RaftServerConfigKeys (ConfUtils.java:logGet(44)) - raft.server.log.segment.cache.size.max = 200MB (=209715200) (default)
2022-03-03 08:20:20,783 [pool-384-thread-1] INFO  segmented.SegmentedRaftLogWorker (SegmentedRaftLogWorker.java:<init>(182)) - new bbb996b9-cb57-429e-b9a5-f900bfe28cb3@group-736048A98C4E-SegmentedRaftLogWorker for RaftStorageImpl:Storage Directory /home/runner/work/ozone/ozone/hadoop-ozone/integration-test/target/test-dir/MiniOzoneClusterImpl-5b82a1ad-a074-4eb8-9e24-eb4e8d1567b6/datanode-1/data/ratis/e9d922ff-3b74-428d-a214-736048a98c4e
2022-03-03 08:20:20,784 [pool-384-thread-1] INFO  server.RaftServerConfigKeys (ConfUtils.java:logGet(44)) - raft.server.log.queue.byte-limit = 4294967296 (custom)
2022-03-03 08:20:20,784 [pool-384-thread-1] INFO  server.RaftServerConfigKeys (ConfUtils.java:logGet(44)) - raft.server.log.queue.element-limit = 1024 (custom)
2022-03-03 08:20:20,784 [pool-384-thread-1] INFO  server.RaftServerConfigKeys (ConfUtils.java:logGet(44)) - raft.server.log.segment.size.max = 1048576 (custom)
2022-03-03 08:20:20,784 [pool-384-thread-1] INFO  server.RaftServerConfigKeys (ConfUtils.java:logGet(44)) - raft.server.log.preallocated.size = 16384 (custom)
2022-03-03 08:20:20,784 [pool-384-thread-1] INFO  server.RaftServerConfigKeys (ConfUtils.java:logGet(44)) - raft.server.log.force.sync.num = 128 (default)
2022-03-03 08:20:20,784 [pool-384-thread-1] INFO  server.RaftServerConfigKeys (ConfUtils.java:logGet(44)) - raft.server.log.statemachine.data.sync = true (default)
2022-03-03 08:20:20,784 [pool-384-thread-1] INFO  server.RaftServerConfigKeys (ConfUtils.java:logGet(44)) - raft.server.log.statemachine.data.sync.timeout = 10s (default)
2022-03-03 08:20:20,784 [pool-384-thread-1] INFO  server.RaftServerConfigKeys (ConfUtils.java:logGet(44)) - raft.server.log.statemachine.data.sync.timeout.retry = -1 (default)
2022-03-03 08:20:20,785 [pool-384-thread-1] INFO  server.RaftServerConfigKeys (ConfUtils.java:logGet(44)) - raft.server.log.write.buffer.size = 1048576 (custom)
2022-03-03 08:20:20,786 [pool-384-thread-1] INFO  server.RaftServerConfigKeys (ConfUtils.java:logGet(44)) - raft.server.log.statemachine.data.caching.enabled = true (custom)
2022-03-03 08:20:20,797 [pool-384-thread-1] INFO  segmented.SegmentedRaftLogWorker (SegmentedRaftLogWorker.java:lambda$new$0(133)) - bbb996b9-cb57-429e-b9a5-f900bfe28cb3@group-736048A98C4E-SegmentedRaftLogWorker: flushIndex: setUnconditionally 0 -> -1
2022-03-03 08:20:20,797 [pool-384-thread-1] INFO  segmented.SegmentedRaftLogWorker (SegmentedRaftLogWorker.java:lambda$new$0(133)) - bbb996b9-cb57-429e-b9a5-f900bfe28cb3@group-736048A98C4E-SegmentedRaftLogWorker: safeCacheEvictIndex: setUnconditionally 0 -> -1
2022-03-03 08:20:20,799 [pool-384-thread-1] INFO  server.RaftServerConfigKeys (ConfUtils.java:logGet(44)) - raft.server.snapshot.auto.trigger.enabled = true (custom)
2022-03-03 08:20:20,799 [pool-384-thread-1] INFO  server.RaftServerConfigKeys (ConfUtils.java:logGet(44)) - raft.server.snapshot.auto.trigger.threshold = 10000 (custom)
2022-03-03 08:20:20,800 [pool-384-thread-1] INFO  server.RaftServerConfigKeys (ConfUtils.java:logGet(44)) - raft.server.snapshot.retention.file.num = 5 (custom)
2022-03-03 08:20:20,800 [pool-384-thread-1] INFO  server.RaftServerConfigKeys (ConfUtils.java:logGet(44)) - raft.server.log.purge.upto.snapshot.index = false (default)
2022-03-03 08:20:20,801 [pool-384-thread-1] INFO  server.RaftServerConfigKeys (ConfUtils.java:logGet(44)) - raft.server.retrycache.expirytime = 600000ms (custom)
2022-03-03 08:20:20,801 [pool-384-thread-1] INFO  server.RaftServerConfigKeys (ConfUtils.java:logGet(44)) - raft.server.retrycache.statistics.expirytime = 100μs (default)
2022-03-03 08:20:20,802 [pool-384-thread-1] INFO  server.RaftServer$Division (RaftServerImpl.java:start(301)) - bbb996b9-cb57-429e-b9a5-f900bfe28cb3@group-736048A98C4E: start as a follower, conf=-1: [bbb996b9-cb57-429e-b9a5-f900bfe28cb3|rpc:127.0.0.1:39561|dataStream:|priority:0, b80209a9-e74f-462d-bd7e-a1c457e8621c|rpc:127.0.0.1:37755|dataStream:|priority:0, abae3395-e125-494e-95ee-7e13e0096d36|rpc:127.0.0.1:37079|dataStream:|priority:1], old=null
2022-03-03 08:20:20,803 [pool-384-thread-1] INFO  server.RaftServer$Division (RaftServerImpl.java:setRole(290)) - bbb996b9-cb57-429e-b9a5-f900bfe28cb3@group-736048A98C4E: changes role from      null to FOLLOWER at term 0 for startAsFollower
2022-03-03 08:20:20,803 [pool-384-thread-1] INFO  impl.RoleInfo (RoleInfo.java:updateAndGet(130)) - bbb996b9-cb57-429e-b9a5-f900bfe28cb3: start bbb996b9-cb57-429e-b9a5-f900bfe28cb3@group-736048A98C4E-FollowerState
2022-03-03 08:20:20,806 [pool-384-thread-1] INFO  util.JmxRegister (JmxRegister.java:tryRegister(44)) - Successfully registered JMX Bean with object name Ratis:service=RaftServer,group=group-736048A98C4E,id=bbb996b9-cb57-429e-b9a5-f900bfe28cb3
2022-03-03 08:20:20,821 [EndpointStateMachine task thread for /127.0.0.1:43363 - 0 ] INFO  ipc.Client (Client.java:handleConnectionFailure(977)) - Retrying connect to server: localhost/127.0.0.1:43363. Already tried 3 time(s); retry policy is RetryUpToMaximumCountWithFixedSleep(maxRetries=15, sleepTime=1000 MILLISECONDS)
2022-03-03 08:20:20,835 [Command processor thread] INFO  commandhandler.CreatePipelineCommandHandler (CreatePipelineCommandHandler.java:handle(106)) - Created Pipeline RATIS THREE PipelineID=e9d922ff-3b74-428d-a214-736048a98c4e.
2022-03-03 08:20:20,836 [Command processor thread] INFO  server.RaftServer (RaftServerProxy.java:addNew(95)) - b80209a9-e74f-462d-bd7e-a1c457e8621c: addNew group-904C6079E864:[bbb996b9-cb57-429e-b9a5-f900bfe28cb3|rpc:127.0.0.1:39561|priority:0, b80209a9-e74f-462d-bd7e-a1c457e8621c|rpc:127.0.0.1:37755|priority:1, abae3395-e125-494e-95ee-7e13e0096d36|rpc:127.0.0.1:37079|priority:0] returns group-904C6079E864:java.util.concurrent.CompletableFuture@6121e2a3[Not completed]
2022-03-03 08:20:20,837 [pool-361-thread-1] INFO  server.RaftServer$Division (RaftServerImpl.java:<init>(184)) - b80209a9-e74f-462d-bd7e-a1c457e8621c: new RaftServerImpl for group-904C6079E864:[bbb996b9-cb57-429e-b9a5-f900bfe28cb3|rpc:127.0.0.1:39561|priority:0, b80209a9-e74f-462d-bd7e-a1c457e8621c|rpc:127.0.0.1:37755|priority:1, abae3395-e125-494e-95ee-7e13e0096d36|rpc:127.0.0.1:37079|priority:0] with ContainerStateMachine:uninitialized
2022-03-03 08:20:20,837 [pool-361-thread-1] INFO  server.RaftServerConfigKeys (ConfUtils.java:logGet(44)) - raft.server.rpc.timeout.min = 5s (custom)
2022-03-03 08:20:20,837 [pool-361-thread-1] INFO  server.RaftServerConfigKeys (ConfUtils.java:logGet(44)) - raft.server.rpc.timeout.max = 5200ms (custom)
2022-03-03 08:20:20,837 [pool-361-thread-1] INFO  server.RaftServerConfigKeys (ConfUtils.java:logGet(44)) - raft.server.rpc.sleep.time = 25ms (default)
2022-03-03 08:20:20,837 [pool-361-thread-1] INFO  server.RaftServerConfigKeys (ConfUtils.java:logGet(44)) - raft.server.rpc.slowness.timeout = 300s (custom)
2022-03-03 08:20:20,837 [pool-361-thread-1] INFO  server.RaftServerConfigKeys (ConfUtils.java:logGet(44)) - raft.server.leaderelection.leader.step-down.wait-time = 10s (default)
2022-03-03 08:20:20,837 [pool-361-thread-1] INFO  server.RaftServerConfigKeys (ConfUtils.java:logGet(44)) - raft.server.sleep.deviation.threshold = 300ms (default)
2022-03-03 08:20:20,838 [pool-361-thread-1] INFO  server.RaftServerConfigKeys (ConfUtils.java:logGet(44)) - raft.server.log.appender.install.snapshot.enabled = false (custom)
2022-03-03 08:20:20,838 [pool-361-thread-1] INFO  server.RaftServer$Division (ServerState.java:<init>(105)) - b80209a9-e74f-462d-bd7e-a1c457e8621c@group-904C6079E864: ConfigurationManager, init=-1: [bbb996b9-cb57-429e-b9a5-f900bfe28cb3|rpc:127.0.0.1:39561|priority:0, b80209a9-e74f-462d-bd7e-a1c457e8621c|rpc:127.0.0.1:37755|priority:1, abae3395-e125-494e-95ee-7e13e0096d36|rpc:127.0.0.1:37079|priority:0], old=null, confs=<EMPTY_MAP>
2022-03-03 08:20:20,838 [pool-361-thread-1] INFO  server.RaftServerConfigKeys (ConfUtils.java:logGet(44)) - raft.server.storage.dir = [/home/runner/work/ozone/ozone/hadoop-ozone/integration-test/target/test-dir/MiniOzoneClusterImpl-5b82a1ad-a074-4eb8-9e24-eb4e8d1567b6/datanode-0/data/ratis] (custom)
2022-03-03 08:20:20,838 [pool-361-thread-1] INFO  server.RaftServerConfigKeys (ConfUtils.java:logGet(44)) - raft.server.log.corruption.policy = EXCEPTION (default)
2022-03-03 08:20:20,838 [pool-361-thread-1] INFO  server.RaftServerConfigKeys (ConfUtils.java:logGet(44)) - raft.server.storage.free-space.min = 0MB (=0) (default)
2022-03-03 08:20:20,838 [pool-361-thread-1] INFO  storage.RaftStorageDirectory (RaftStorageDirectoryImpl.java:analyzeStorage(135)) - The storage directory /home/runner/work/ozone/ozone/hadoop-ozone/integration-test/target/test-dir/MiniOzoneClusterImpl-5b82a1ad-a074-4eb8-9e24-eb4e8d1567b6/datanode-0/data/ratis/e4306fd5-4074-480c-9276-904c6079e864 does not exist. Creating ...
2022-03-03 08:20:20,846 [pool-361-thread-1] INFO  storage.RaftStorageDirectory (RaftStorageDirectoryImpl.java:tryLock(230)) - Lock on /home/runner/work/ozone/ozone/hadoop-ozone/integration-test/target/test-dir/MiniOzoneClusterImpl-5b82a1ad-a074-4eb8-9e24-eb4e8d1567b6/datanode-0/data/ratis/e4306fd5-4074-480c-9276-904c6079e864/in_use.lock acquired by nodename 8757@fv-az501-749
2022-03-03 08:20:20,848 [pool-361-thread-1] INFO  storage.RaftStorage (RaftStorageImpl.java:format(89)) - Storage directory /home/runner/work/ozone/ozone/hadoop-ozone/integration-test/target/test-dir/MiniOzoneClusterImpl-5b82a1ad-a074-4eb8-9e24-eb4e8d1567b6/datanode-0/data/ratis/e4306fd5-4074-480c-9276-904c6079e864 has been successfully formatted.
2022-03-03 08:20:20,848 [pool-361-thread-1] INFO  ratis.ContainerStateMachine (ContainerStateMachine.java:loadSnapshot(236)) - group-904C6079E864: The snapshot info is null. Setting the last applied indexto:(t:0, i:~)
2022-03-03 08:20:20,848 [pool-361-thread-1] INFO  server.RaftServerConfigKeys (ConfUtils.java:logGet(44)) - raft.server.notification.no-leader.timeout = 300s (custom)
2022-03-03 08:20:20,849 [pool-361-thread-1] INFO  server.RaftServerConfigKeys (ConfUtils.java:logGet(44)) - raft.server.log.use.memory = false (default)
2022-03-03 08:20:20,849 [pool-361-thread-1] INFO  server.RaftServerConfigKeys (ConfUtils.java:logGet(44)) - raft.server.log.purge.gap = 1000000 (custom)
2022-03-03 08:20:20,849 [pool-361-thread-1] INFO  server.RaftServerConfigKeys (ConfUtils.java:logGet(44)) - raft.server.log.appender.buffer.byte-limit = 33554432 (custom)
2022-03-03 08:20:20,849 [pool-361-thread-1] INFO  server.RaftServerConfigKeys (ConfUtils.java:logGet(44)) - raft.server.log.segment.size.max = 1048576 (custom)
2022-03-03 08:20:20,850 [pool-361-thread-1] INFO  server.RaftServerConfigKeys (ConfUtils.java:logGet(44)) - raft.server.log.segment.cache.num.max = 2 (custom)
2022-03-03 08:20:20,850 [pool-361-thread-1] INFO  server.RaftServerConfigKeys (ConfUtils.java:logGet(44)) - raft.server.log.segment.cache.size.max = 200MB (=209715200) (default)
2022-03-03 08:20:20,850 [pool-361-thread-1] INFO  segmented.SegmentedRaftLogWorker (SegmentedRaftLogWorker.java:<init>(182)) - new b80209a9-e74f-462d-bd7e-a1c457e8621c@group-904C6079E864-SegmentedRaftLogWorker for RaftStorageImpl:Storage Directory /home/runner/work/ozone/ozone/hadoop-ozone/integration-test/target/test-dir/MiniOzoneClusterImpl-5b82a1ad-a074-4eb8-9e24-eb4e8d1567b6/datanode-0/data/ratis/e4306fd5-4074-480c-9276-904c6079e864
2022-03-03 08:20:20,850 [pool-361-thread-1] INFO  server.RaftServerConfigKeys (ConfUtils.java:logGet(44)) - raft.server.log.queue.byte-limit = 4294967296 (custom)
2022-03-03 08:20:20,850 [pool-361-thread-1] INFO  server.RaftServerConfigKeys (ConfUtils.java:logGet(44)) - raft.server.log.queue.element-limit = 1024 (custom)
2022-03-03 08:20:20,850 [pool-361-thread-1] INFO  server.RaftServerConfigKeys (ConfUtils.java:logGet(44)) - raft.server.log.segment.size.max = 1048576 (custom)
2022-03-03 08:20:20,850 [pool-361-thread-1] INFO  server.RaftServerConfigKeys (ConfUtils.java:logGet(44)) - raft.server.log.preallocated.size = 16384 (custom)
2022-03-03 08:20:20,850 [pool-361-thread-1] INFO  server.RaftServerConfigKeys (ConfUtils.java:logGet(44)) - raft.server.log.force.sync.num = 128 (default)
2022-03-03 08:20:20,850 [pool-361-thread-1] INFO  server.RaftServerConfigKeys (ConfUtils.java:logGet(44)) - raft.server.log.statemachine.data.sync = true (default)
2022-03-03 08:20:20,850 [pool-361-thread-1] INFO  server.RaftServerConfigKeys (ConfUtils.java:logGet(44)) - raft.server.log.statemachine.data.sync.timeout = 10s (default)
2022-03-03 08:20:20,851 [pool-361-thread-1] INFO  server.RaftServerConfigKeys (ConfUtils.java:logGet(44)) - raft.server.log.statemachine.data.sync.timeout.retry = -1 (default)
2022-03-03 08:20:20,852 [pool-361-thread-1] INFO  server.RaftServerConfigKeys (ConfUtils.java:logGet(44)) - raft.server.log.write.buffer.size = 1048576 (custom)
2022-03-03 08:20:20,852 [pool-361-thread-1] INFO  server.RaftServerConfigKeys (ConfUtils.java:logGet(44)) - raft.server.log.statemachine.data.caching.enabled = true (custom)
2022-03-03 08:20:20,853 [pool-361-thread-1] INFO  segmented.SegmentedRaftLogWorker (SegmentedRaftLogWorker.java:lambda$new$0(133)) - b80209a9-e74f-462d-bd7e-a1c457e8621c@group-904C6079E864-SegmentedRaftLogWorker: flushIndex: setUnconditionally 0 -> -1
2022-03-03 08:20:20,853 [pool-361-thread-1] INFO  segmented.SegmentedRaftLogWorker (SegmentedRaftLogWorker.java:lambda$new$0(133)) - b80209a9-e74f-462d-bd7e-a1c457e8621c@group-904C6079E864-SegmentedRaftLogWorker: safeCacheEvictIndex: setUnconditionally 0 -> -1
2022-03-03 08:20:20,873 [pool-361-thread-1] INFO  server.RaftServerConfigKeys (ConfUtils.java:logGet(44)) - raft.server.snapshot.auto.trigger.enabled = true (custom)
2022-03-03 08:20:20,873 [pool-361-thread-1] INFO  server.RaftServerConfigKeys (ConfUtils.java:logGet(44)) - raft.server.snapshot.auto.trigger.threshold = 10000 (custom)
2022-03-03 08:20:20,873 [pool-361-thread-1] INFO  server.RaftServerConfigKeys (ConfUtils.java:logGet(44)) - raft.server.snapshot.retention.file.num = 5 (custom)
2022-03-03 08:20:20,874 [pool-361-thread-1] INFO  server.RaftServerConfigKeys (ConfUtils.java:logGet(44)) - raft.server.log.purge.upto.snapshot.index = false (default)
2022-03-03 08:20:20,874 [pool-361-thread-1] INFO  server.RaftServerConfigKeys (ConfUtils.java:logGet(44)) - raft.server.retrycache.expirytime = 600000ms (custom)
2022-03-03 08:20:20,874 [pool-361-thread-1] INFO  server.RaftServerConfigKeys (ConfUtils.java:logGet(44)) - raft.server.retrycache.statistics.expirytime = 100μs (default)
2022-03-03 08:20:20,875 [pool-361-thread-1] INFO  server.RaftServer$Division (RaftServerImpl.java:start(301)) - b80209a9-e74f-462d-bd7e-a1c457e8621c@group-904C6079E864: start as a follower, conf=-1: [bbb996b9-cb57-429e-b9a5-f900bfe28cb3|rpc:127.0.0.1:39561|priority:0, b80209a9-e74f-462d-bd7e-a1c457e8621c|rpc:127.0.0.1:37755|priority:1, abae3395-e125-494e-95ee-7e13e0096d36|rpc:127.0.0.1:37079|priority:0], old=null
2022-03-03 08:20:20,876 [pool-361-thread-1] INFO  server.RaftServer$Division (RaftServerImpl.java:setRole(290)) - b80209a9-e74f-462d-bd7e-a1c457e8621c@group-904C6079E864: changes role from      null to FOLLOWER at term 0 for startAsFollower
2022-03-03 08:20:20,876 [pool-361-thread-1] INFO  impl.RoleInfo (RoleInfo.java:updateAndGet(130)) - b80209a9-e74f-462d-bd7e-a1c457e8621c: start b80209a9-e74f-462d-bd7e-a1c457e8621c@group-904C6079E864-FollowerState
2022-03-03 08:20:20,878 [pool-361-thread-1] INFO  util.JmxRegister (JmxRegister.java:tryRegister(44)) - Successfully registered JMX Bean with object name Ratis:service=RaftServer,group=group-904C6079E864,id=b80209a9-e74f-462d-bd7e-a1c457e8621c
2022-03-03 08:20:20,888 [Command processor thread] INFO  server.RaftServer (RaftServerProxy.java:addNew(95)) - bbb996b9-cb57-429e-b9a5-f900bfe28cb3: addNew group-A675EEA9AB58:[bbb996b9-cb57-429e-b9a5-f900bfe28cb3|rpc:127.0.0.1:39561|priority:1] returns group-A675EEA9AB58:java.util.concurrent.CompletableFuture@2a2ce2d4[Not completed]
2022-03-03 08:20:20,888 [Command processor thread] INFO  ratis.XceiverServerRatis (XceiverServerRatis.java:addGroup(769)) - Created group PipelineID=e4306fd5-4074-480c-9276-904c6079e864
2022-03-03 08:20:20,889 [pool-384-thread-1] INFO  server.RaftServer$Division (RaftServerImpl.java:<init>(184)) - bbb996b9-cb57-429e-b9a5-f900bfe28cb3: new RaftServerImpl for group-A675EEA9AB58:[bbb996b9-cb57-429e-b9a5-f900bfe28cb3|rpc:127.0.0.1:39561|priority:1] with ContainerStateMachine:uninitialized
2022-03-03 08:20:20,889 [pool-384-thread-1] INFO  server.RaftServerConfigKeys (ConfUtils.java:logGet(44)) - raft.server.rpc.timeout.min = 5s (custom)
2022-03-03 08:20:20,889 [pool-384-thread-1] INFO  server.RaftServerConfigKeys (ConfUtils.java:logGet(44)) - raft.server.rpc.timeout.max = 5200ms (custom)
2022-03-03 08:20:20,889 [pool-384-thread-1] INFO  server.RaftServerConfigKeys (ConfUtils.java:logGet(44)) - raft.server.rpc.sleep.time = 25ms (default)
2022-03-03 08:20:20,889 [pool-384-thread-1] INFO  server.RaftServerConfigKeys (ConfUtils.java:logGet(44)) - raft.server.rpc.slowness.timeout = 300s (custom)
2022-03-03 08:20:20,889 [pool-384-thread-1] INFO  server.RaftServerConfigKeys (ConfUtils.java:logGet(44)) - raft.server.leaderelection.leader.step-down.wait-time = 10s (default)
2022-03-03 08:20:20,889 [pool-384-thread-1] INFO  server.RaftServerConfigKeys (ConfUtils.java:logGet(44)) - raft.server.sleep.deviation.threshold = 300ms (default)
2022-03-03 08:20:20,889 [pool-384-thread-1] INFO  server.RaftServerConfigKeys (ConfUtils.java:logGet(44)) - raft.server.log.appender.install.snapshot.enabled = false (custom)
2022-03-03 08:20:20,889 [pool-384-thread-1] INFO  server.RaftServer$Division (ServerState.java:<init>(105)) - bbb996b9-cb57-429e-b9a5-f900bfe28cb3@group-A675EEA9AB58: ConfigurationManager, init=-1: [bbb996b9-cb57-429e-b9a5-f900bfe28cb3|rpc:127.0.0.1:39561|priority:1], old=null, confs=<EMPTY_MAP>
2022-03-03 08:20:20,889 [pool-384-thread-1] INFO  server.RaftServerConfigKeys (ConfUtils.java:logGet(44)) - raft.server.storage.dir = [/home/runner/work/ozone/ozone/hadoop-ozone/integration-test/target/test-dir/MiniOzoneClusterImpl-5b82a1ad-a074-4eb8-9e24-eb4e8d1567b6/datanode-1/data/ratis] (custom)
2022-03-03 08:20:20,890 [pool-384-thread-1] INFO  server.RaftServerConfigKeys (ConfUtils.java:logGet(44)) - raft.server.log.corruption.policy = EXCEPTION (default)
2022-03-03 08:20:20,890 [pool-384-thread-1] INFO  server.RaftServerConfigKeys (ConfUtils.java:logGet(44)) - raft.server.storage.free-space.min = 0MB (=0) (default)
2022-03-03 08:20:20,890 [pool-384-thread-1] INFO  storage.RaftStorageDirectory (RaftStorageDirectoryImpl.java:analyzeStorage(135)) - The storage directory /home/runner/work/ozone/ozone/hadoop-ozone/integration-test/target/test-dir/MiniOzoneClusterImpl-5b82a1ad-a074-4eb8-9e24-eb4e8d1567b6/datanode-1/data/ratis/608722da-63ea-48e0-a2c4-a675eea9ab58 does not exist. Creating ...
2022-03-03 08:20:20,898 [pool-384-thread-1] INFO  storage.RaftStorageDirectory (RaftStorageDirectoryImpl.java:tryLock(230)) - Lock on /home/runner/work/ozone/ozone/hadoop-ozone/integration-test/target/test-dir/MiniOzoneClusterImpl-5b82a1ad-a074-4eb8-9e24-eb4e8d1567b6/datanode-1/data/ratis/608722da-63ea-48e0-a2c4-a675eea9ab58/in_use.lock acquired by nodename 8757@fv-az501-749
2022-03-03 08:20:20,901 [pool-384-thread-1] INFO  storage.RaftStorage (RaftStorageImpl.java:format(89)) - Storage directory /home/runner/work/ozone/ozone/hadoop-ozone/integration-test/target/test-dir/MiniOzoneClusterImpl-5b82a1ad-a074-4eb8-9e24-eb4e8d1567b6/datanode-1/data/ratis/608722da-63ea-48e0-a2c4-a675eea9ab58 has been successfully formatted.
2022-03-03 08:20:20,902 [pool-384-thread-1] INFO  ratis.ContainerStateMachine (ContainerStateMachine.java:loadSnapshot(236)) - group-A675EEA9AB58: The snapshot info is null. Setting the last applied indexto:(t:0, i:~)
2022-03-03 08:20:20,902 [pool-384-thread-1] INFO  server.RaftServerConfigKeys (ConfUtils.java:logGet(44)) - raft.server.notification.no-leader.timeout = 300s (custom)
2022-03-03 08:20:20,902 [pool-384-thread-1] INFO  server.RaftServerConfigKeys (ConfUtils.java:logGet(44)) - raft.server.log.use.memory = false (default)
2022-03-03 08:20:20,902 [pool-384-thread-1] INFO  server.RaftServerConfigKeys (ConfUtils.java:logGet(44)) - raft.server.log.purge.gap = 1000000 (custom)
2022-03-03 08:20:20,902 [pool-384-thread-1] INFO  server.RaftServerConfigKeys (ConfUtils.java:logGet(44)) - raft.server.log.appender.buffer.byte-limit = 33554432 (custom)
2022-03-03 08:20:20,902 [pool-384-thread-1] INFO  server.RaftServerConfigKeys (ConfUtils.java:logGet(44)) - raft.server.log.segment.size.max = 1048576 (custom)
2022-03-03 08:20:20,903 [pool-384-thread-1] INFO  server.RaftServerConfigKeys (ConfUtils.java:logGet(44)) - raft.server.log.segment.cache.num.max = 2 (custom)
2022-03-03 08:20:20,903 [pool-384-thread-1] INFO  server.RaftServerConfigKeys (ConfUtils.java:logGet(44)) - raft.server.log.segment.cache.size.max = 200MB (=209715200) (default)
2022-03-03 08:20:20,903 [pool-384-thread-1] INFO  segmented.SegmentedRaftLogWorker (SegmentedRaftLogWorker.java:<init>(182)) - new bbb996b9-cb57-429e-b9a5-f900bfe28cb3@group-A675EEA9AB58-SegmentedRaftLogWorker for RaftStorageImpl:Storage Directory /home/runner/work/ozone/ozone/hadoop-ozone/integration-test/target/test-dir/MiniOzoneClusterImpl-5b82a1ad-a074-4eb8-9e24-eb4e8d1567b6/datanode-1/data/ratis/608722da-63ea-48e0-a2c4-a675eea9ab58
2022-03-03 08:20:20,903 [pool-384-thread-1] INFO  server.RaftServerConfigKeys (ConfUtils.java:logGet(44)) - raft.server.log.queue.byte-limit = 4294967296 (custom)
2022-03-03 08:20:20,903 [pool-384-thread-1] INFO  server.RaftServerConfigKeys (ConfUtils.java:logGet(44)) - raft.server.log.queue.element-limit = 1024 (custom)
2022-03-03 08:20:20,903 [pool-384-thread-1] INFO  server.RaftServerConfigKeys (ConfUtils.java:logGet(44)) - raft.server.log.segment.size.max = 1048576 (custom)
2022-03-03 08:20:20,903 [pool-384-thread-1] INFO  server.RaftServerConfigKeys (ConfUtils.java:logGet(44)) - raft.server.log.preallocated.size = 16384 (custom)
2022-03-03 08:20:20,903 [pool-384-thread-1] INFO  server.RaftServerConfigKeys (ConfUtils.java:logGet(44)) - raft.server.log.force.sync.num = 128 (default)
2022-03-03 08:20:20,903 [pool-384-thread-1] INFO  server.RaftServerConfigKeys (ConfUtils.java:logGet(44)) - raft.server.log.statemachine.data.sync = true (default)
2022-03-03 08:20:20,904 [pool-384-thread-1] INFO  server.RaftServerConfigKeys (ConfUtils.java:logGet(44)) - raft.server.log.statemachine.data.sync.timeout = 10s (default)
2022-03-03 08:20:20,904 [pool-384-thread-1] INFO  server.RaftServerConfigKeys (ConfUtils.java:logGet(44)) - raft.server.log.statemachine.data.sync.timeout.retry = -1 (default)
2022-03-03 08:20:20,909 [EventQueue-PipelineReportForPipelineReportHandler] INFO  pipeline.PipelineManagerImpl (PipelineManagerImpl.java:openPipeline(291)) - Pipeline Pipeline[ Id: 608722da-63ea-48e0-a2c4-a675eea9ab58, Nodes: bbb996b9-cb57-429e-b9a5-f900bfe28cb3{ip: 127.0.0.1, host: localhost, ports: [REPLICATION=38253, RATIS=39561, RATIS_ADMIN=39561, RATIS_SERVER=39561, STANDALONE=39773], networkLocation: /default-rack, certSerialId: null, persistedOpState: IN_SERVICE, persistedOpStateExpiryEpochSec: 0}, ReplicationConfig: RATIS/ONE, State:ALLOCATED, leaderId:bbb996b9-cb57-429e-b9a5-f900bfe28cb3, CreationTimestamp2022-03-03T08:20:17.897Z[Etc/UTC]] moved to OPEN state
2022-03-03 08:20:20,910 [grpc-default-executor-0] INFO  server.RaftServer (RaftServerProxy.java:addNew(95)) - abae3395-e125-494e-95ee-7e13e0096d36: addNew group-904C6079E864:[bbb996b9-cb57-429e-b9a5-f900bfe28cb3|rpc:127.0.0.1:39561|dataStream:|priority:0, b80209a9-e74f-462d-bd7e-a1c457e8621c|rpc:127.0.0.1:37755|dataStream:|priority:1, abae3395-e125-494e-95ee-7e13e0096d36|rpc:127.0.0.1:37079|dataStream:|priority:0] returns group-904C6079E864:java.util.concurrent.CompletableFuture@53cc024d[Not completed]
2022-03-03 08:20:20,909 [EventQueue-PipelineReportForPipelineReportHandler] INFO  pipeline.PipelineManagerImpl (PipelineManagerImpl.java:openPipeline(291)) - Pipeline Pipeline[ Id: 608722da-63ea-48e0-a2c4-a675eea9ab58, Nodes: bbb996b9-cb57-429e-b9a5-f900bfe28cb3{ip: 127.0.0.1, host: localhost, ports: [REPLICATION=38253, RATIS=39561, RATIS_ADMIN=39561, RATIS_SERVER=39561, STANDALONE=39773], networkLocation: /default-rack, certSerialId: null, persistedOpState: IN_SERVICE, persistedOpStateExpiryEpochSec: 0}, ReplicationConfig: RATIS/ONE, State:ALLOCATED, leaderId:bbb996b9-cb57-429e-b9a5-f900bfe28cb3, CreationTimestamp2022-03-03T08:20:17.897Z[Etc/UTC]] moved to OPEN state
2022-03-03 08:20:20,917 [pool-407-thread-1] INFO  server.RaftServer$Division (RaftServerImpl.java:<init>(184)) - abae3395-e125-494e-95ee-7e13e0096d36: new RaftServerImpl for group-904C6079E864:[bbb996b9-cb57-429e-b9a5-f900bfe28cb3|rpc:127.0.0.1:39561|dataStream:|priority:0, b80209a9-e74f-462d-bd7e-a1c457e8621c|rpc:127.0.0.1:37755|dataStream:|priority:1, abae3395-e125-494e-95ee-7e13e0096d36|rpc:127.0.0.1:37079|dataStream:|priority:0] with ContainerStateMachine:uninitialized
2022-03-03 08:20:20,917 [pool-407-thread-1] INFO  server.RaftServerConfigKeys (ConfUtils.java:logGet(44)) - raft.server.rpc.timeout.min = 5s (custom)
2022-03-03 08:20:20,917 [pool-407-thread-1] INFO  server.RaftServerConfigKeys (ConfUtils.java:logGet(44)) - raft.server.rpc.timeout.max = 5200ms (custom)
2022-03-03 08:20:20,917 [pool-407-thread-1] INFO  server.RaftServerConfigKeys (ConfUtils.java:logGet(44)) - raft.server.rpc.sleep.time = 25ms (default)
2022-03-03 08:20:20,917 [pool-407-thread-1] INFO  server.RaftServerConfigKeys (ConfUtils.java:logGet(44)) - raft.server.rpc.slowness.timeout = 300s (custom)
2022-03-03 08:20:20,917 [pool-407-thread-1] INFO  server.RaftServerConfigKeys (ConfUtils.java:logGet(44)) - raft.server.leaderelection.leader.step-down.wait-time = 10s (default)
2022-03-03 08:20:20,917 [pool-407-thread-1] INFO  server.RaftServerConfigKeys (ConfUtils.java:logGet(44)) - raft.server.sleep.deviation.threshold = 300ms (default)
2022-03-03 08:20:20,917 [pool-407-thread-1] INFO  server.RaftServerConfigKeys (ConfUtils.java:logGet(44)) - raft.server.log.appender.install.snapshot.enabled = false (custom)
2022-03-03 08:20:20,918 [pool-407-thread-1] INFO  server.RaftServer$Division (ServerState.java:<init>(105)) - abae3395-e125-494e-95ee-7e13e0096d36@group-904C6079E864: ConfigurationManager, init=-1: [bbb996b9-cb57-429e-b9a5-f900bfe28cb3|rpc:127.0.0.1:39561|dataStream:|priority:0, b80209a9-e74f-462d-bd7e-a1c457e8621c|rpc:127.0.0.1:37755|dataStream:|priority:1, abae3395-e125-494e-95ee-7e13e0096d36|rpc:127.0.0.1:37079|dataStream:|priority:0], old=null, confs=<EMPTY_MAP>
2022-03-03 08:20:20,918 [pool-407-thread-1] INFO  server.RaftServerConfigKeys (ConfUtils.java:logGet(44)) - raft.server.storage.dir = [/home/runner/work/ozone/ozone/hadoop-ozone/integration-test/target/test-dir/MiniOzoneClusterImpl-5b82a1ad-a074-4eb8-9e24-eb4e8d1567b6/datanode-2/data/ratis] (custom)
2022-03-03 08:20:20,918 [pool-407-thread-1] INFO  server.RaftServerConfigKeys (ConfUtils.java:logGet(44)) - raft.server.log.corruption.policy = EXCEPTION (default)
2022-03-03 08:20:20,918 [pool-407-thread-1] INFO  server.RaftServerConfigKeys (ConfUtils.java:logGet(44)) - raft.server.storage.free-space.min = 0MB (=0) (default)
2022-03-03 08:20:20,918 [pool-407-thread-1] INFO  storage.RaftStorageDirectory (RaftStorageDirectoryImpl.java:analyzeStorage(135)) - The storage directory /home/runner/work/ozone/ozone/hadoop-ozone/integration-test/target/test-dir/MiniOzoneClusterImpl-5b82a1ad-a074-4eb8-9e24-eb4e8d1567b6/datanode-2/data/ratis/e4306fd5-4074-480c-9276-904c6079e864 does not exist. Creating ...
2022-03-03 08:20:20,919 [pool-384-thread-1] INFO  server.RaftServerConfigKeys (ConfUtils.java:logGet(44)) - raft.server.log.write.buffer.size = 1048576 (custom)
2022-03-03 08:20:20,919 [EndpointStateMachine task thread for /127.0.0.1:39861 - 0 ] INFO  ipc.Client (Client.java:handleConnectionFailure(977)) - Retrying connect to server: localhost/127.0.0.1:39861. Already tried 3 time(s); retry policy is RetryUpToMaximumCountWithFixedSleep(maxRetries=15, sleepTime=1000 MILLISECONDS)
2022-03-03 08:20:20,920 [EndpointStateMachine task thread for /127.0.0.1:45429 - 0 ] INFO  ipc.Client (Client.java:handleConnectionFailure(977)) - Retrying connect to server: localhost/127.0.0.1:45429. Already tried 4 time(s); retry policy is RetryUpToMaximumCountWithFixedSleep(maxRetries=15, sleepTime=1000 MILLISECONDS)
2022-03-03 08:20:20,920 [pool-384-thread-1] INFO  server.RaftServerConfigKeys (ConfUtils.java:logGet(44)) - raft.server.log.statemachine.data.caching.enabled = true (custom)
2022-03-03 08:20:20,921 [pool-384-thread-1] INFO  segmented.SegmentedRaftLogWorker (SegmentedRaftLogWorker.java:lambda$new$0(133)) - bbb996b9-cb57-429e-b9a5-f900bfe28cb3@group-A675EEA9AB58-SegmentedRaftLogWorker: flushIndex: setUnconditionally 0 -> -1
2022-03-03 08:20:20,921 [pool-407-thread-1] INFO  storage.RaftStorageDirectory (RaftStorageDirectoryImpl.java:tryLock(230)) - Lock on /home/runner/work/ozone/ozone/hadoop-ozone/integration-test/target/test-dir/MiniOzoneClusterImpl-5b82a1ad-a074-4eb8-9e24-eb4e8d1567b6/datanode-2/data/ratis/e4306fd5-4074-480c-9276-904c6079e864/in_use.lock acquired by nodename 8757@fv-az501-749
2022-03-03 08:20:20,923 [pool-384-thread-1] INFO  segmented.SegmentedRaftLogWorker (SegmentedRaftLogWorker.java:lambda$new$0(133)) - bbb996b9-cb57-429e-b9a5-f900bfe28cb3@group-A675EEA9AB58-SegmentedRaftLogWorker: safeCacheEvictIndex: setUnconditionally 0 -> -1
2022-03-03 08:20:20,924 [pool-407-thread-1] INFO  storage.RaftStorage (RaftStorageImpl.java:format(89)) - Storage directory /home/runner/work/ozone/ozone/hadoop-ozone/integration-test/target/test-dir/MiniOzoneClusterImpl-5b82a1ad-a074-4eb8-9e24-eb4e8d1567b6/datanode-2/data/ratis/e4306fd5-4074-480c-9276-904c6079e864 has been successfully formatted.
2022-03-03 08:20:20,932 [pool-407-thread-1] INFO  ratis.ContainerStateMachine (ContainerStateMachine.java:loadSnapshot(236)) - group-904C6079E864: The snapshot info is null. Setting the last applied indexto:(t:0, i:~)
2022-03-03 08:20:20,933 [pool-407-thread-1] INFO  server.RaftServerConfigKeys (ConfUtils.java:logGet(44)) - raft.server.notification.no-leader.timeout = 300s (custom)
2022-03-03 08:20:20,933 [pool-407-thread-1] INFO  server.RaftServerConfigKeys (ConfUtils.java:logGet(44)) - raft.server.log.use.memory = false (default)
2022-03-03 08:20:20,933 [pool-407-thread-1] INFO  server.RaftServerConfigKeys (ConfUtils.java:logGet(44)) - raft.server.log.purge.gap = 1000000 (custom)
2022-03-03 08:20:20,933 [pool-407-thread-1] INFO  server.RaftServerConfigKeys (ConfUtils.java:logGet(44)) - raft.server.log.appender.buffer.byte-limit = 33554432 (custom)
2022-03-03 08:20:20,933 [pool-407-thread-1] INFO  server.RaftServerConfigKeys (ConfUtils.java:logGet(44)) - raft.server.log.segment.size.max = 1048576 (custom)
2022-03-03 08:20:20,935 [pool-407-thread-1] INFO  server.RaftServerConfigKeys (ConfUtils.java:logGet(44)) - raft.server.log.segment.cache.num.max = 2 (custom)
2022-03-03 08:20:20,935 [pool-407-thread-1] INFO  server.RaftServerConfigKeys (ConfUtils.java:logGet(44)) - raft.server.log.segment.cache.size.max = 200MB (=209715200) (default)
2022-03-03 08:20:20,935 [pool-407-thread-1] INFO  segmented.SegmentedRaftLogWorker (SegmentedRaftLogWorker.java:<init>(182)) - new abae3395-e125-494e-95ee-7e13e0096d36@group-904C6079E864-SegmentedRaftLogWorker for RaftStorageImpl:Storage Directory /home/runner/work/ozone/ozone/hadoop-ozone/integration-test/target/test-dir/MiniOzoneClusterImpl-5b82a1ad-a074-4eb8-9e24-eb4e8d1567b6/datanode-2/data/ratis/e4306fd5-4074-480c-9276-904c6079e864
2022-03-03 08:20:20,935 [pool-407-thread-1] INFO  server.RaftServerConfigKeys (ConfUtils.java:logGet(44)) - raft.server.log.queue.byte-limit = 4294967296 (custom)
2022-03-03 08:20:20,935 [pool-407-thread-1] INFO  server.RaftServerConfigKeys (ConfUtils.java:logGet(44)) - raft.server.log.queue.element-limit = 1024 (custom)
2022-03-03 08:20:20,935 [pool-407-thread-1] INFO  server.RaftServerConfigKeys (ConfUtils.java:logGet(44)) - raft.server.log.segment.size.max = 1048576 (custom)
2022-03-03 08:20:20,935 [pool-407-thread-1] INFO  server.RaftServerConfigKeys (ConfUtils.java:logGet(44)) - raft.server.log.preallocated.size = 16384 (custom)
2022-03-03 08:20:20,936 [pool-407-thread-1] INFO  server.RaftServerConfigKeys (ConfUtils.java:logGet(44)) - raft.server.log.force.sync.num = 128 (default)
2022-03-03 08:20:20,936 [pool-407-thread-1] INFO  server.RaftServerConfigKeys (ConfUtils.java:logGet(44)) - raft.server.log.statemachine.data.sync = true (default)
2022-03-03 08:20:20,936 [pool-407-thread-1] INFO  server.RaftServerConfigKeys (ConfUtils.java:logGet(44)) - raft.server.log.statemachine.data.sync.timeout = 10s (default)
2022-03-03 08:20:20,936 [pool-407-thread-1] INFO  server.RaftServerConfigKeys (ConfUtils.java:logGet(44)) - raft.server.log.statemachine.data.sync.timeout.retry = -1 (default)
2022-03-03 08:20:20,937 [pool-384-thread-1] INFO  server.RaftServerConfigKeys (ConfUtils.java:logGet(44)) - raft.server.snapshot.auto.trigger.enabled = true (custom)
2022-03-03 08:20:20,937 [pool-384-thread-1] INFO  server.RaftServerConfigKeys (ConfUtils.java:logGet(44)) - raft.server.snapshot.auto.trigger.threshold = 10000 (custom)
2022-03-03 08:20:20,937 [pool-384-thread-1] INFO  server.RaftServerConfigKeys (ConfUtils.java:logGet(44)) - raft.server.snapshot.retention.file.num = 5 (custom)
2022-03-03 08:20:20,937 [pool-384-thread-1] INFO  server.RaftServerConfigKeys (ConfUtils.java:logGet(44)) - raft.server.log.purge.upto.snapshot.index = false (default)
2022-03-03 08:20:20,937 [pool-384-thread-1] INFO  server.RaftServerConfigKeys (ConfUtils.java:logGet(44)) - raft.server.retrycache.expirytime = 600000ms (custom)
2022-03-03 08:20:20,937 [pool-384-thread-1] INFO  server.RaftServerConfigKeys (ConfUtils.java:logGet(44)) - raft.server.retrycache.statistics.expirytime = 100μs (default)
2022-03-03 08:20:20,940 [pool-384-thread-1] INFO  server.RaftServer$Division (RaftServerImpl.java:start(301)) - bbb996b9-cb57-429e-b9a5-f900bfe28cb3@group-A675EEA9AB58: start as a follower, conf=-1: [bbb996b9-cb57-429e-b9a5-f900bfe28cb3|rpc:127.0.0.1:39561|priority:1], old=null
2022-03-03 08:20:20,940 [pool-384-thread-1] INFO  server.RaftServer$Division (RaftServerImpl.java:setRole(290)) - bbb996b9-cb57-429e-b9a5-f900bfe28cb3@group-A675EEA9AB58: changes role from      null to FOLLOWER at term 0 for startAsFollower
2022-03-03 08:20:20,945 [pool-407-thread-1] INFO  server.RaftServerConfigKeys (ConfUtils.java:logGet(44)) - raft.server.log.write.buffer.size = 1048576 (custom)
2022-03-03 08:20:20,946 [pool-407-thread-1] INFO  server.RaftServerConfigKeys (ConfUtils.java:logGet(44)) - raft.server.log.statemachine.data.caching.enabled = true (custom)
2022-03-03 08:20:20,946 [pool-407-thread-1] INFO  segmented.SegmentedRaftLogWorker (SegmentedRaftLogWorker.java:lambda$new$0(133)) - abae3395-e125-494e-95ee-7e13e0096d36@group-904C6079E864-SegmentedRaftLogWorker: flushIndex: setUnconditionally 0 -> -1
2022-03-03 08:20:20,946 [pool-407-thread-1] INFO  segmented.SegmentedRaftLogWorker (SegmentedRaftLogWorker.java:lambda$new$0(133)) - abae3395-e125-494e-95ee-7e13e0096d36@group-904C6079E864-SegmentedRaftLogWorker: safeCacheEvictIndex: setUnconditionally 0 -> -1
2022-03-03 08:20:20,947 [1244aa64-d874-441f-9571-396032220701@group-EB4E8D1567B6-StateMachineUpdater] INFO  ha.SCMStateMachine (SCMStateMachine.java:takeSnapshot(297)) - Current Snapshot Index 18, takeSnapshot took 1 ms
2022-03-03 08:20:20,947 [1244aa64-d874-441f-9571-396032220701@group-EB4E8D1567B6-StateMachineUpdater] INFO  impl.StateMachineUpdater (StateMachineUpdater.java:takeSnapshot(281)) - 1244aa64-d874-441f-9571-396032220701@group-EB4E8D1567B6-StateMachineUpdater: Took a snapshot at index 18
2022-03-03 08:20:20,947 [1244aa64-d874-441f-9571-396032220701@group-EB4E8D1567B6-StateMachineUpdater] INFO  impl.StateMachineUpdater (StateMachineUpdater.java:lambda$new$0(89)) - 1244aa64-d874-441f-9571-396032220701@group-EB4E8D1567B6-StateMachineUpdater: snapshotIndex: updateIncreasingly 13 -> 18
2022-03-03 08:20:20,947 [1244aa64-d874-441f-9571-396032220701@group-EB4E8D1567B6-StateMachineUpdater] INFO  raftlog.RaftLog (RaftLogBase.java:purge(306)) - 1244aa64-d874-441f-9571-396032220701@group-EB4E8D1567B6-SegmentedRaftLog: purge 18
2022-03-03 08:20:20,947 [1244aa64-d874-441f-9571-396032220701@group-EB4E8D1567B6-StateMachineUpdater] INFO  raftlog.RaftLog (RaftLogBase.java:lambda$new$0(53)) - 1244aa64-d874-441f-9571-396032220701@group-EB4E8D1567B6-SegmentedRaftLog: snapshotIndex: updateIncreasingly 13 -> 18
2022-03-03 08:20:20,947 [1244aa64-d874-441f-9571-396032220701@group-EB4E8D1567B6-StateMachineUpdater] INFO  raftlog.RaftLog (RaftLogBase.java:lambda$new$0(53)) - 1244aa64-d874-441f-9571-396032220701@group-EB4E8D1567B6-SegmentedRaftLog: purgeIndex: updateToMax old=13, new=18, updated? true
2022-03-03 08:20:20,949 [e7338982-199b-4e5a-937e-5a36927222d8@group-EB4E8D1567B6-StateMachineUpdater] INFO  safemode.HealthyPipelineSafeModeRule (HealthyPipelineSafeModeRule.java:initializeRule(152)) - Refreshed total pipeline count is 0, healthy pipeline threshold count is 1
2022-03-03 08:20:20,950 [EventQueue-OpenPipelineForHealthyPipelineSafeModeRule] INFO  safemode.SCMSafeModeManager (HealthyPipelineSafeModeRule.java:process(124)) - SCM in safe mode. Healthy pipelines reported count is 0, required healthy pipeline reported count is 1
2022-03-03 08:20:20,960 [pool-407-thread-1] INFO  server.RaftServerConfigKeys (ConfUtils.java:logGet(44)) - raft.server.snapshot.auto.trigger.enabled = true (custom)
2022-03-03 08:20:20,960 [pool-407-thread-1] INFO  server.RaftServerConfigKeys (ConfUtils.java:logGet(44)) - raft.server.snapshot.auto.trigger.threshold = 10000 (custom)
2022-03-03 08:20:20,960 [pool-407-thread-1] INFO  server.RaftServerConfigKeys (ConfUtils.java:logGet(44)) - raft.server.snapshot.retention.file.num = 5 (custom)
2022-03-03 08:20:20,960 [pool-407-thread-1] INFO  server.RaftServerConfigKeys (ConfUtils.java:logGet(44)) - raft.server.log.purge.upto.snapshot.index = false (default)
2022-03-03 08:20:20,961 [pool-384-thread-1] INFO  impl.RoleInfo (RoleInfo.java:updateAndGet(130)) - bbb996b9-cb57-429e-b9a5-f900bfe28cb3: start bbb996b9-cb57-429e-b9a5-f900bfe28cb3@group-A675EEA9AB58-FollowerState
2022-03-03 08:20:20,962 [pool-407-thread-1] INFO  server.RaftServerConfigKeys (ConfUtils.java:logGet(44)) - raft.server.retrycache.expirytime = 600000ms (custom)
2022-03-03 08:20:20,962 [pool-407-thread-1] INFO  server.RaftServerConfigKeys (ConfUtils.java:logGet(44)) - raft.server.retrycache.statistics.expirytime = 100μs (default)
2022-03-03 08:20:20,964 [pool-407-thread-1] INFO  server.RaftServer$Division (RaftServerImpl.java:start(301)) - abae3395-e125-494e-95ee-7e13e0096d36@group-904C6079E864: start as a follower, conf=-1: [bbb996b9-cb57-429e-b9a5-f900bfe28cb3|rpc:127.0.0.1:39561|dataStream:|priority:0, b80209a9-e74f-462d-bd7e-a1c457e8621c|rpc:127.0.0.1:37755|dataStream:|priority:1, abae3395-e125-494e-95ee-7e13e0096d36|rpc:127.0.0.1:37079|dataStream:|priority:0], old=null
2022-03-03 08:20:20,964 [pool-407-thread-1] INFO  server.RaftServer$Division (RaftServerImpl.java:setRole(290)) - abae3395-e125-494e-95ee-7e13e0096d36@group-904C6079E864: changes role from      null to FOLLOWER at term 0 for startAsFollower
2022-03-03 08:20:20,973 [pool-384-thread-1] INFO  util.JmxRegister (JmxRegister.java:tryRegister(44)) - Successfully registered JMX Bean with object name Ratis:service=RaftServer,group=group-A675EEA9AB58,id=bbb996b9-cb57-429e-b9a5-f900bfe28cb3
2022-03-03 08:20:20,982 [Command processor thread] INFO  ratis.XceiverServerRatis (XceiverServerRatis.java:addGroup(769)) - Created group PipelineID=608722da-63ea-48e0-a2c4-a675eea9ab58
2022-03-03 08:20:20,982 [Command processor thread] INFO  commandhandler.CreatePipelineCommandHandler (CreatePipelineCommandHandler.java:handle(106)) - Created Pipeline RATIS ONE PipelineID=608722da-63ea-48e0-a2c4-a675eea9ab58.
2022-03-03 08:20:20,982 [Command processor thread] INFO  server.RaftServer (RaftServerProxy.java:addNew(95)) - bbb996b9-cb57-429e-b9a5-f900bfe28cb3: addNew group-904C6079E864:[bbb996b9-cb57-429e-b9a5-f900bfe28cb3|rpc:127.0.0.1:39561|priority:0, b80209a9-e74f-462d-bd7e-a1c457e8621c|rpc:127.0.0.1:37755|priority:1, abae3395-e125-494e-95ee-7e13e0096d36|rpc:127.0.0.1:37079|priority:0] returns group-904C6079E864:java.util.concurrent.CompletableFuture@24eb09e1[Not completed]
2022-03-03 08:20:20,983 [pool-384-thread-1] INFO  server.RaftServer$Division (RaftServerImpl.java:<init>(184)) - bbb996b9-cb57-429e-b9a5-f900bfe28cb3: new RaftServerImpl for group-904C6079E864:[bbb996b9-cb57-429e-b9a5-f900bfe28cb3|rpc:127.0.0.1:39561|priority:0, b80209a9-e74f-462d-bd7e-a1c457e8621c|rpc:127.0.0.1:37755|priority:1, abae3395-e125-494e-95ee-7e13e0096d36|rpc:127.0.0.1:37079|priority:0] with ContainerStateMachine:uninitialized
2022-03-03 08:20:20,983 [pool-384-thread-1] INFO  server.RaftServerConfigKeys (ConfUtils.java:logGet(44)) - raft.server.rpc.timeout.min = 5s (custom)
2022-03-03 08:20:20,984 [pool-384-thread-1] INFO  server.RaftServerConfigKeys (ConfUtils.java:logGet(44)) - raft.server.rpc.timeout.max = 5200ms (custom)
2022-03-03 08:20:20,984 [pool-384-thread-1] INFO  server.RaftServerConfigKeys (ConfUtils.java:logGet(44)) - raft.server.rpc.sleep.time = 25ms (default)
2022-03-03 08:20:20,984 [pool-384-thread-1] INFO  server.RaftServerConfigKeys (ConfUtils.java:logGet(44)) - raft.server.rpc.slowness.timeout = 300s (custom)
2022-03-03 08:20:20,984 [pool-384-thread-1] INFO  server.RaftServerConfigKeys (ConfUtils.java:logGet(44)) - raft.server.leaderelection.leader.step-down.wait-time = 10s (default)
2022-03-03 08:20:20,984 [pool-384-thread-1] INFO  server.RaftServerConfigKeys (ConfUtils.java:logGet(44)) - raft.server.sleep.deviation.threshold = 300ms (default)
2022-03-03 08:20:20,984 [pool-384-thread-1] INFO  server.RaftServerConfigKeys (ConfUtils.java:logGet(44)) - raft.server.log.appender.install.snapshot.enabled = false (custom)
2022-03-03 08:20:20,984 [pool-384-thread-1] INFO  server.RaftServer$Division (ServerState.java:<init>(105)) - bbb996b9-cb57-429e-b9a5-f900bfe28cb3@group-904C6079E864: ConfigurationManager, init=-1: [bbb996b9-cb57-429e-b9a5-f900bfe28cb3|rpc:127.0.0.1:39561|priority:0, b80209a9-e74f-462d-bd7e-a1c457e8621c|rpc:127.0.0.1:37755|priority:1, abae3395-e125-494e-95ee-7e13e0096d36|rpc:127.0.0.1:37079|priority:0], old=null, confs=<EMPTY_MAP>
2022-03-03 08:20:20,984 [pool-384-thread-1] INFO  server.RaftServerConfigKeys (ConfUtils.java:logGet(44)) - raft.server.storage.dir = [/home/runner/work/ozone/ozone/hadoop-ozone/integration-test/target/test-dir/MiniOzoneClusterImpl-5b82a1ad-a074-4eb8-9e24-eb4e8d1567b6/datanode-1/data/ratis] (custom)
2022-03-03 08:20:20,984 [pool-384-thread-1] INFO  server.RaftServerConfigKeys (ConfUtils.java:logGet(44)) - raft.server.log.corruption.policy = EXCEPTION (default)
2022-03-03 08:20:20,984 [pool-384-thread-1] INFO  server.RaftServerConfigKeys (ConfUtils.java:logGet(44)) - raft.server.storage.free-space.min = 0MB (=0) (default)
2022-03-03 08:20:20,985 [pool-384-thread-1] INFO  storage.RaftStorageDirectory (RaftStorageDirectoryImpl.java:analyzeStorage(135)) - The storage directory /home/runner/work/ozone/ozone/hadoop-ozone/integration-test/target/test-dir/MiniOzoneClusterImpl-5b82a1ad-a074-4eb8-9e24-eb4e8d1567b6/datanode-1/data/ratis/e4306fd5-4074-480c-9276-904c6079e864 does not exist. Creating ...
2022-03-03 08:20:20,987 [pool-407-thread-1] INFO  impl.RoleInfo (RoleInfo.java:updateAndGet(130)) - abae3395-e125-494e-95ee-7e13e0096d36: start abae3395-e125-494e-95ee-7e13e0096d36@group-904C6079E864-FollowerState
2022-03-03 08:20:20,988 [pool-384-thread-1] INFO  storage.RaftStorageDirectory (RaftStorageDirectoryImpl.java:tryLock(230)) - Lock on /home/runner/work/ozone/ozone/hadoop-ozone/integration-test/target/test-dir/MiniOzoneClusterImpl-5b82a1ad-a074-4eb8-9e24-eb4e8d1567b6/datanode-1/data/ratis/e4306fd5-4074-480c-9276-904c6079e864/in_use.lock acquired by nodename 8757@fv-az501-749
2022-03-03 08:20:20,990 [e7338982-199b-4e5a-937e-5a36927222d8@group-EB4E8D1567B6-StateMachineUpdater] INFO  ha.SCMStateMachine (SCMStateMachine.java:takeSnapshot(297)) - Current Snapshot Index 20, takeSnapshot took 0 ms
2022-03-03 08:20:20,991 [e7338982-199b-4e5a-937e-5a36927222d8@group-EB4E8D1567B6-StateMachineUpdater] INFO  impl.StateMachineUpdater (StateMachineUpdater.java:takeSnapshot(281)) - e7338982-199b-4e5a-937e-5a36927222d8@group-EB4E8D1567B6-StateMachineUpdater: Took a snapshot at index 20
2022-03-03 08:20:20,991 [e7338982-199b-4e5a-937e-5a36927222d8@group-EB4E8D1567B6-StateMachineUpdater] INFO  impl.StateMachineUpdater (StateMachineUpdater.java:lambda$new$0(89)) - e7338982-199b-4e5a-937e-5a36927222d8@group-EB4E8D1567B6-StateMachineUpdater: snapshotIndex: updateIncreasingly 15 -> 20
2022-03-03 08:20:20,991 [e7338982-199b-4e5a-937e-5a36927222d8@group-EB4E8D1567B6-StateMachineUpdater] INFO  raftlog.RaftLog (RaftLogBase.java:purge(306)) - e7338982-199b-4e5a-937e-5a36927222d8@group-EB4E8D1567B6-SegmentedRaftLog: purge 20
2022-03-03 08:20:20,991 [e7338982-199b-4e5a-937e-5a36927222d8@group-EB4E8D1567B6-StateMachineUpdater] INFO  raftlog.RaftLog (RaftLogBase.java:lambda$new$0(53)) - e7338982-199b-4e5a-937e-5a36927222d8@group-EB4E8D1567B6-SegmentedRaftLog: snapshotIndex: updateIncreasingly 15 -> 20
2022-03-03 08:20:20,991 [e7338982-199b-4e5a-937e-5a36927222d8@group-EB4E8D1567B6-StateMachineUpdater] INFO  raftlog.RaftLog (RaftLogBase.java:lambda$new$0(53)) - e7338982-199b-4e5a-937e-5a36927222d8@group-EB4E8D1567B6-SegmentedRaftLog: purgeIndex: updateToMax old=15, new=20, updated? true
2022-03-03 08:20:20,988 [1244aa64-d874-441f-9571-396032220701@group-EB4E8D1567B6-StateMachineUpdater] INFO  safemode.HealthyPipelineSafeModeRule (HealthyPipelineSafeModeRule.java:initializeRule(152)) - Refreshed total pipeline count is 0, healthy pipeline threshold count is 1
2022-03-03 08:20:20,993 [pool-384-thread-1] INFO  storage.RaftStorage (RaftStorageImpl.java:format(89)) - Storage directory /home/runner/work/ozone/ozone/hadoop-ozone/integration-test/target/test-dir/MiniOzoneClusterImpl-5b82a1ad-a074-4eb8-9e24-eb4e8d1567b6/datanode-1/data/ratis/e4306fd5-4074-480c-9276-904c6079e864 has been successfully formatted.
2022-03-03 08:20:21,001 [pool-407-thread-1] INFO  util.JmxRegister (JmxRegister.java:tryRegister(44)) - Successfully registered JMX Bean with object name Ratis:service=RaftServer,group=group-904C6079E864,id=abae3395-e125-494e-95ee-7e13e0096d36
2022-03-03 08:20:21,005 [pool-384-thread-1] INFO  ratis.ContainerStateMachine (ContainerStateMachine.java:loadSnapshot(236)) - group-904C6079E864: The snapshot info is null. Setting the last applied indexto:(t:0, i:~)
2022-03-03 08:20:21,006 [pool-384-thread-1] INFO  server.RaftServerConfigKeys (ConfUtils.java:logGet(44)) - raft.server.notification.no-leader.timeout = 300s (custom)
2022-03-03 08:20:21,006 [pool-384-thread-1] INFO  server.RaftServerConfigKeys (ConfUtils.java:logGet(44)) - raft.server.log.use.memory = false (default)
2022-03-03 08:20:21,006 [pool-384-thread-1] INFO  server.RaftServerConfigKeys (ConfUtils.java:logGet(44)) - raft.server.log.purge.gap = 1000000 (custom)
2022-03-03 08:20:21,006 [pool-384-thread-1] INFO  server.RaftServerConfigKeys (ConfUtils.java:logGet(44)) - raft.server.log.appender.buffer.byte-limit = 33554432 (custom)
2022-03-03 08:20:21,006 [pool-384-thread-1] INFO  server.RaftServerConfigKeys (ConfUtils.java:logGet(44)) - raft.server.log.segment.size.max = 1048576 (custom)
2022-03-03 08:20:21,014 [pool-384-thread-1] INFO  server.RaftServerConfigKeys (ConfUtils.java:logGet(44)) - raft.server.log.segment.cache.num.max = 2 (custom)
2022-03-03 08:20:21,014 [pool-384-thread-1] INFO  server.RaftServerConfigKeys (ConfUtils.java:logGet(44)) - raft.server.log.segment.cache.size.max = 200MB (=209715200) (default)
2022-03-03 08:20:21,014 [pool-384-thread-1] INFO  segmented.SegmentedRaftLogWorker (SegmentedRaftLogWorker.java:<init>(182)) - new bbb996b9-cb57-429e-b9a5-f900bfe28cb3@group-904C6079E864-SegmentedRaftLogWorker for RaftStorageImpl:Storage Directory /home/runner/work/ozone/ozone/hadoop-ozone/integration-test/target/test-dir/MiniOzoneClusterImpl-5b82a1ad-a074-4eb8-9e24-eb4e8d1567b6/datanode-1/data/ratis/e4306fd5-4074-480c-9276-904c6079e864
2022-03-03 08:20:21,014 [pool-384-thread-1] INFO  server.RaftServerConfigKeys (ConfUtils.java:logGet(44)) - raft.server.log.queue.byte-limit = 4294967296 (custom)
2022-03-03 08:20:21,014 [pool-384-thread-1] INFO  server.RaftServerConfigKeys (ConfUtils.java:logGet(44)) - raft.server.log.queue.element-limit = 1024 (custom)
2022-03-03 08:20:21,015 [pool-384-thread-1] INFO  server.RaftServerConfigKeys (ConfUtils.java:logGet(44)) - raft.server.log.segment.size.max = 1048576 (custom)
2022-03-03 08:20:21,015 [pool-384-thread-1] INFO  server.RaftServerConfigKeys (ConfUtils.java:logGet(44)) - raft.server.log.preallocated.size = 16384 (custom)
2022-03-03 08:20:21,015 [pool-384-thread-1] INFO  server.RaftServerConfigKeys (ConfUtils.java:logGet(44)) - raft.server.log.force.sync.num = 128 (default)
2022-03-03 08:20:21,015 [pool-384-thread-1] INFO  server.RaftServerConfigKeys (ConfUtils.java:logGet(44)) - raft.server.log.statemachine.data.sync = true (default)
2022-03-03 08:20:21,015 [pool-384-thread-1] INFO  server.RaftServerConfigKeys (ConfUtils.java:logGet(44)) - raft.server.log.statemachine.data.sync.timeout = 10s (default)
2022-03-03 08:20:21,015 [pool-384-thread-1] INFO  server.RaftServerConfigKeys (ConfUtils.java:logGet(44)) - raft.server.log.statemachine.data.sync.timeout.retry = -1 (default)
2022-03-03 08:20:21,022 [pool-384-thread-1] INFO  server.RaftServerConfigKeys (ConfUtils.java:logGet(44)) - raft.server.log.write.buffer.size = 1048576 (custom)
2022-03-03 08:20:21,025 [pool-384-thread-1] INFO  server.RaftServerConfigKeys (ConfUtils.java:logGet(44)) - raft.server.log.statemachine.data.caching.enabled = true (custom)
2022-03-03 08:20:21,033 [pool-384-thread-1] INFO  segmented.SegmentedRaftLogWorker (SegmentedRaftLogWorker.java:lambda$new$0(133)) - bbb996b9-cb57-429e-b9a5-f900bfe28cb3@group-904C6079E864-SegmentedRaftLogWorker: flushIndex: setUnconditionally 0 -> -1
2022-03-03 08:20:21,034 [pool-384-thread-1] INFO  segmented.SegmentedRaftLogWorker (SegmentedRaftLogWorker.java:lambda$new$0(133)) - bbb996b9-cb57-429e-b9a5-f900bfe28cb3@group-904C6079E864-SegmentedRaftLogWorker: safeCacheEvictIndex: setUnconditionally 0 -> -1
2022-03-03 08:20:21,041 [pool-384-thread-1] INFO  server.RaftServerConfigKeys (ConfUtils.java:logGet(44)) - raft.server.snapshot.auto.trigger.enabled = true (custom)
2022-03-03 08:20:21,041 [pool-384-thread-1] INFO  server.RaftServerConfigKeys (ConfUtils.java:logGet(44)) - raft.server.snapshot.auto.trigger.threshold = 10000 (custom)
2022-03-03 08:20:21,042 [pool-384-thread-1] INFO  server.RaftServerConfigKeys (ConfUtils.java:logGet(44)) - raft.server.snapshot.retention.file.num = 5 (custom)
2022-03-03 08:20:21,042 [pool-384-thread-1] INFO  server.RaftServerConfigKeys (ConfUtils.java:logGet(44)) - raft.server.log.purge.upto.snapshot.index = false (default)
2022-03-03 08:20:21,042 [pool-384-thread-1] INFO  server.RaftServerConfigKeys (ConfUtils.java:logGet(44)) - raft.server.retrycache.expirytime = 600000ms (custom)
2022-03-03 08:20:21,042 [pool-384-thread-1] INFO  server.RaftServerConfigKeys (ConfUtils.java:logGet(44)) - raft.server.retrycache.statistics.expirytime = 100μs (default)
2022-03-03 08:20:21,047 [EventQueue-OpenPipelineForHealthyPipelineSafeModeRule] INFO  safemode.SCMSafeModeManager (HealthyPipelineSafeModeRule.java:process(124)) - SCM in safe mode. Healthy pipelines reported count is 0, required healthy pipeline reported count is 1
2022-03-03 08:20:21,047 [EventQueue-OpenPipelineForHealthyPipelineSafeModeRule] INFO  safemode.SCMSafeModeManager (HealthyPipelineSafeModeRule.java:process(124)) - SCM in safe mode. Healthy pipelines reported count is 0, required healthy pipeline reported count is 1
2022-03-03 08:20:21,048 [pool-384-thread-1] INFO  server.RaftServer$Division (RaftServerImpl.java:start(301)) - bbb996b9-cb57-429e-b9a5-f900bfe28cb3@group-904C6079E864: start as a follower, conf=-1: [bbb996b9-cb57-429e-b9a5-f900bfe28cb3|rpc:127.0.0.1:39561|priority:0, b80209a9-e74f-462d-bd7e-a1c457e8621c|rpc:127.0.0.1:37755|priority:1, abae3395-e125-494e-95ee-7e13e0096d36|rpc:127.0.0.1:37079|priority:0], old=null
2022-03-03 08:20:21,048 [pool-384-thread-1] INFO  server.RaftServer$Division (RaftServerImpl.java:setRole(290)) - bbb996b9-cb57-429e-b9a5-f900bfe28cb3@group-904C6079E864: changes role from      null to FOLLOWER at term 0 for startAsFollower
2022-03-03 08:20:21,048 [pool-384-thread-1] INFO  impl.RoleInfo (RoleInfo.java:updateAndGet(130)) - bbb996b9-cb57-429e-b9a5-f900bfe28cb3: start bbb996b9-cb57-429e-b9a5-f900bfe28cb3@group-904C6079E864-FollowerState
2022-03-03 08:20:21,055 [pool-384-thread-1] INFO  util.JmxRegister (JmxRegister.java:tryRegister(44)) - Successfully registered JMX Bean with object name Ratis:service=RaftServer,group=group-904C6079E864,id=bbb996b9-cb57-429e-b9a5-f900bfe28cb3
2022-03-03 08:20:21,061 [Command processor thread] INFO  ratis.XceiverServerRatis (XceiverServerRatis.java:addGroup(769)) - Created group PipelineID=e4306fd5-4074-480c-9276-904c6079e864
2022-03-03 08:20:21,221 [Command processor thread] INFO  commandhandler.CreatePipelineCommandHandler (CreatePipelineCommandHandler.java:handle(106)) - Created Pipeline RATIS THREE PipelineID=e4306fd5-4074-480c-9276-904c6079e864.
2022-03-03 08:20:21,262 [Listener at 127.0.0.1/42883] INFO  ozone.MiniOzoneClusterImpl (MiniOzoneClusterImpl.java:lambda$waitForClusterToBeReady$0(219)) - Nodes are ready. Got 3 of 3 DN Heartbeats.
2022-03-03 08:20:21,263 [Listener at 127.0.0.1/42883] INFO  ozone.MiniOzoneClusterImpl (MiniOzoneClusterImpl.java:lambda$waitForClusterToBeReady$0(222)) - Waiting for cluster to exit safe mode
2022-03-03 08:20:21,263 [Listener at 127.0.0.1/42883] INFO  ozone.MiniOzoneClusterImpl (MiniOzoneClusterImpl.java:lambda$waitForClusterToBeReady$0(224)) - SCM became leader
2022-03-03 08:20:21,309 [Command processor thread] INFO  server.RaftServer (RaftServerProxy.java:addNew(95)) - abae3395-e125-494e-95ee-7e13e0096d36: addNew group-D7CF7704FB88:[abae3395-e125-494e-95ee-7e13e0096d36|rpc:127.0.0.1:37079|priority:1] returns group-D7CF7704FB88:java.util.concurrent.CompletableFuture@753eee96[Not completed]
2022-03-03 08:20:21,310 [pool-407-thread-1] INFO  server.RaftServer$Division (RaftServerImpl.java:<init>(184)) - abae3395-e125-494e-95ee-7e13e0096d36: new RaftServerImpl for group-D7CF7704FB88:[abae3395-e125-494e-95ee-7e13e0096d36|rpc:127.0.0.1:37079|priority:1] with ContainerStateMachine:uninitialized
2022-03-03 08:20:21,311 [pool-407-thread-1] INFO  server.RaftServerConfigKeys (ConfUtils.java:logGet(44)) - raft.server.rpc.timeout.min = 5s (custom)
2022-03-03 08:20:21,311 [pool-407-thread-1] INFO  server.RaftServerConfigKeys (ConfUtils.java:logGet(44)) - raft.server.rpc.timeout.max = 5200ms (custom)
2022-03-03 08:20:21,311 [pool-407-thread-1] INFO  server.RaftServerConfigKeys (ConfUtils.java:logGet(44)) - raft.server.rpc.sleep.time = 25ms (default)
2022-03-03 08:20:21,311 [pool-407-thread-1] INFO  server.RaftServerConfigKeys (ConfUtils.java:logGet(44)) - raft.server.rpc.slowness.timeout = 300s (custom)
2022-03-03 08:20:21,311 [pool-407-thread-1] INFO  server.RaftServerConfigKeys (ConfUtils.java:logGet(44)) - raft.server.leaderelection.leader.step-down.wait-time = 10s (default)
2022-03-03 08:20:21,311 [pool-407-thread-1] INFO  server.RaftServerConfigKeys (ConfUtils.java:logGet(44)) - raft.server.sleep.deviation.threshold = 300ms (default)
2022-03-03 08:20:21,311 [pool-407-thread-1] INFO  server.RaftServerConfigKeys (ConfUtils.java:logGet(44)) - raft.server.log.appender.install.snapshot.enabled = false (custom)
2022-03-03 08:20:21,311 [pool-407-thread-1] INFO  server.RaftServer$Division (ServerState.java:<init>(105)) - abae3395-e125-494e-95ee-7e13e0096d36@group-D7CF7704FB88: ConfigurationManager, init=-1: [abae3395-e125-494e-95ee-7e13e0096d36|rpc:127.0.0.1:37079|priority:1], old=null, confs=<EMPTY_MAP>
2022-03-03 08:20:21,311 [pool-407-thread-1] INFO  server.RaftServerConfigKeys (ConfUtils.java:logGet(44)) - raft.server.storage.dir = [/home/runner/work/ozone/ozone/hadoop-ozone/integration-test/target/test-dir/MiniOzoneClusterImpl-5b82a1ad-a074-4eb8-9e24-eb4e8d1567b6/datanode-2/data/ratis] (custom)
2022-03-03 08:20:21,311 [pool-407-thread-1] INFO  server.RaftServerConfigKeys (ConfUtils.java:logGet(44)) - raft.server.log.corruption.policy = EXCEPTION (default)
2022-03-03 08:20:21,311 [pool-407-thread-1] INFO  server.RaftServerConfigKeys (ConfUtils.java:logGet(44)) - raft.server.storage.free-space.min = 0MB (=0) (default)
2022-03-03 08:20:21,312 [pool-407-thread-1] INFO  storage.RaftStorageDirectory (RaftStorageDirectoryImpl.java:analyzeStorage(135)) - The storage directory /home/runner/work/ozone/ozone/hadoop-ozone/integration-test/target/test-dir/MiniOzoneClusterImpl-5b82a1ad-a074-4eb8-9e24-eb4e8d1567b6/datanode-2/data/ratis/0f350692-c3b7-4a26-b7b5-d7cf7704fb88 does not exist. Creating ...
2022-03-03 08:20:21,323 [pool-407-thread-1] INFO  storage.RaftStorageDirectory (RaftStorageDirectoryImpl.java:tryLock(230)) - Lock on /home/runner/work/ozone/ozone/hadoop-ozone/integration-test/target/test-dir/MiniOzoneClusterImpl-5b82a1ad-a074-4eb8-9e24-eb4e8d1567b6/datanode-2/data/ratis/0f350692-c3b7-4a26-b7b5-d7cf7704fb88/in_use.lock acquired by nodename 8757@fv-az501-749
2022-03-03 08:20:21,326 [Command processor thread] INFO  commandhandler.CreatePipelineCommandHandler (CreatePipelineCommandHandler.java:handle(106)) - Created Pipeline RATIS THREE PipelineID=e4306fd5-4074-480c-9276-904c6079e864.
2022-03-03 08:20:21,334 [pool-407-thread-1] INFO  storage.RaftStorage (RaftStorageImpl.java:format(89)) - Storage directory /home/runner/work/ozone/ozone/hadoop-ozone/integration-test/target/test-dir/MiniOzoneClusterImpl-5b82a1ad-a074-4eb8-9e24-eb4e8d1567b6/datanode-2/data/ratis/0f350692-c3b7-4a26-b7b5-d7cf7704fb88 has been successfully formatted.
2022-03-03 08:20:21,335 [pool-407-thread-1] INFO  ratis.ContainerStateMachine (ContainerStateMachine.java:loadSnapshot(236)) - group-D7CF7704FB88: The snapshot info is null. Setting the last applied indexto:(t:0, i:~)
2022-03-03 08:20:21,335 [pool-407-thread-1] INFO  server.RaftServerConfigKeys (ConfUtils.java:logGet(44)) - raft.server.notification.no-leader.timeout = 300s (custom)
2022-03-03 08:20:21,335 [pool-407-thread-1] INFO  server.RaftServerConfigKeys (ConfUtils.java:logGet(44)) - raft.server.log.use.memory = false (default)
2022-03-03 08:20:21,335 [pool-407-thread-1] INFO  server.RaftServerConfigKeys (ConfUtils.java:logGet(44)) - raft.server.log.purge.gap = 1000000 (custom)
2022-03-03 08:20:21,335 [pool-407-thread-1] INFO  server.RaftServerConfigKeys (ConfUtils.java:logGet(44)) - raft.server.log.appender.buffer.byte-limit = 33554432 (custom)
2022-03-03 08:20:21,336 [pool-407-thread-1] INFO  server.RaftServerConfigKeys (ConfUtils.java:logGet(44)) - raft.server.log.segment.size.max = 1048576 (custom)
2022-03-03 08:20:21,336 [EventQueue-PipelineReportForPipelineReportHandler] INFO  pipeline.PipelineManagerImpl (PipelineManagerImpl.java:openPipeline(291)) - Pipeline Pipeline[ Id: 0f350692-c3b7-4a26-b7b5-d7cf7704fb88, Nodes: abae3395-e125-494e-95ee-7e13e0096d36{ip: 127.0.0.1, host: localhost, ports: [REPLICATION=35315, RATIS=37079, RATIS_ADMIN=37079, RATIS_SERVER=37079, STANDALONE=33507], networkLocation: /default-rack, certSerialId: null, persistedOpState: IN_SERVICE, persistedOpStateExpiryEpochSec: 0}, ReplicationConfig: RATIS/ONE, State:ALLOCATED, leaderId:abae3395-e125-494e-95ee-7e13e0096d36, CreationTimestamp2022-03-03T08:20:18.316Z[Etc/UTC]] moved to OPEN state
2022-03-03 08:20:21,337 [pool-407-thread-1] INFO  server.RaftServerConfigKeys (ConfUtils.java:logGet(44)) - raft.server.log.segment.cache.num.max = 2 (custom)
2022-03-03 08:20:21,337 [pool-407-thread-1] INFO  server.RaftServerConfigKeys (ConfUtils.java:logGet(44)) - raft.server.log.segment.cache.size.max = 200MB (=209715200) (default)
2022-03-03 08:20:21,337 [pool-407-thread-1] INFO  segmented.SegmentedRaftLogWorker (SegmentedRaftLogWorker.java:<init>(182)) - new abae3395-e125-494e-95ee-7e13e0096d36@group-D7CF7704FB88-SegmentedRaftLogWorker for RaftStorageImpl:Storage Directory /home/runner/work/ozone/ozone/hadoop-ozone/integration-test/target/test-dir/MiniOzoneClusterImpl-5b82a1ad-a074-4eb8-9e24-eb4e8d1567b6/datanode-2/data/ratis/0f350692-c3b7-4a26-b7b5-d7cf7704fb88
2022-03-03 08:20:21,338 [pool-407-thread-1] INFO  server.RaftServerConfigKeys (ConfUtils.java:logGet(44)) - raft.server.log.queue.byte-limit = 4294967296 (custom)
2022-03-03 08:20:21,338 [pool-407-thread-1] INFO  server.RaftServerConfigKeys (ConfUtils.java:logGet(44)) - raft.server.log.queue.element-limit = 1024 (custom)
2022-03-03 08:20:21,338 [pool-407-thread-1] INFO  server.RaftServerConfigKeys (ConfUtils.java:logGet(44)) - raft.server.log.segment.size.max = 1048576 (custom)
2022-03-03 08:20:21,338 [pool-407-thread-1] INFO  server.RaftServerConfigKeys (ConfUtils.java:logGet(44)) - raft.server.log.preallocated.size = 16384 (custom)
2022-03-03 08:20:21,338 [pool-407-thread-1] INFO  server.RaftServerConfigKeys (ConfUtils.java:logGet(44)) - raft.server.log.force.sync.num = 128 (default)
2022-03-03 08:20:21,338 [EventQueue-PipelineReportForPipelineReportHandler] INFO  pipeline.PipelineManagerImpl (PipelineManagerImpl.java:openPipeline(291)) - Pipeline Pipeline[ Id: 0f350692-c3b7-4a26-b7b5-d7cf7704fb88, Nodes: abae3395-e125-494e-95ee-7e13e0096d36{ip: 127.0.0.1, host: localhost, ports: [REPLICATION=35315, RATIS=37079, RATIS_ADMIN=37079, RATIS_SERVER=37079, STANDALONE=33507], networkLocation: /default-rack, certSerialId: null, persistedOpState: IN_SERVICE, persistedOpStateExpiryEpochSec: 0}, ReplicationConfig: RATIS/ONE, State:ALLOCATED, leaderId:abae3395-e125-494e-95ee-7e13e0096d36, CreationTimestamp2022-03-03T08:20:18.316Z[Etc/UTC]] moved to OPEN state
2022-03-03 08:20:21,342 [pool-407-thread-1] INFO  server.RaftServerConfigKeys (ConfUtils.java:logGet(44)) - raft.server.log.statemachine.data.sync = true (default)
2022-03-03 08:20:21,343 [pool-407-thread-1] INFO  server.RaftServerConfigKeys (ConfUtils.java:logGet(44)) - raft.server.log.statemachine.data.sync.timeout = 10s (default)
2022-03-03 08:20:21,343 [pool-407-thread-1] INFO  server.RaftServerConfigKeys (ConfUtils.java:logGet(44)) - raft.server.log.statemachine.data.sync.timeout.retry = -1 (default)
2022-03-03 08:20:21,362 [pool-407-thread-1] INFO  server.RaftServerConfigKeys (ConfUtils.java:logGet(44)) - raft.server.log.write.buffer.size = 1048576 (custom)
2022-03-03 08:20:21,363 [pool-407-thread-1] INFO  server.RaftServerConfigKeys (ConfUtils.java:logGet(44)) - raft.server.log.statemachine.data.caching.enabled = true (custom)
2022-03-03 08:20:21,363 [e7338982-199b-4e5a-937e-5a36927222d8@group-EB4E8D1567B6-StateMachineUpdater] INFO  safemode.HealthyPipelineSafeModeRule (HealthyPipelineSafeModeRule.java:initializeRule(152)) - Refreshed total pipeline count is 0, healthy pipeline threshold count is 1
2022-03-03 08:20:21,364 [pool-407-thread-1] INFO  segmented.SegmentedRaftLogWorker (SegmentedRaftLogWorker.java:lambda$new$0(133)) - abae3395-e125-494e-95ee-7e13e0096d36@group-D7CF7704FB88-SegmentedRaftLogWorker: flushIndex: setUnconditionally 0 -> -1
2022-03-03 08:20:21,364 [pool-407-thread-1] INFO  segmented.SegmentedRaftLogWorker (SegmentedRaftLogWorker.java:lambda$new$0(133)) - abae3395-e125-494e-95ee-7e13e0096d36@group-D7CF7704FB88-SegmentedRaftLogWorker: safeCacheEvictIndex: setUnconditionally 0 -> -1
2022-03-03 08:20:21,364 [EventQueue-OpenPipelineForHealthyPipelineSafeModeRule] INFO  safemode.SCMSafeModeManager (HealthyPipelineSafeModeRule.java:process(124)) - SCM in safe mode. Healthy pipelines reported count is 0, required healthy pipeline reported count is 1
2022-03-03 08:20:21,372 [pool-407-thread-1] INFO  server.RaftServerConfigKeys (ConfUtils.java:logGet(44)) - raft.server.snapshot.auto.trigger.enabled = true (custom)
2022-03-03 08:20:21,372 [pool-407-thread-1] INFO  server.RaftServerConfigKeys (ConfUtils.java:logGet(44)) - raft.server.snapshot.auto.trigger.threshold = 10000 (custom)
2022-03-03 08:20:21,372 [pool-407-thread-1] INFO  server.RaftServerConfigKeys (ConfUtils.java:logGet(44)) - raft.server.snapshot.retention.file.num = 5 (custom)
2022-03-03 08:20:21,372 [pool-407-thread-1] INFO  server.RaftServerConfigKeys (ConfUtils.java:logGet(44)) - raft.server.log.purge.upto.snapshot.index = false (default)
2022-03-03 08:20:21,372 [pool-407-thread-1] INFO  server.RaftServerConfigKeys (ConfUtils.java:logGet(44)) - raft.server.retrycache.expirytime = 600000ms (custom)
2022-03-03 08:20:21,372 [pool-407-thread-1] INFO  server.RaftServerConfigKeys (ConfUtils.java:logGet(44)) - raft.server.retrycache.statistics.expirytime = 100μs (default)
2022-03-03 08:20:21,376 [pool-407-thread-1] INFO  server.RaftServer$Division (RaftServerImpl.java:start(301)) - abae3395-e125-494e-95ee-7e13e0096d36@group-D7CF7704FB88: start as a follower, conf=-1: [abae3395-e125-494e-95ee-7e13e0096d36|rpc:127.0.0.1:37079|priority:1], old=null
2022-03-03 08:20:21,376 [pool-407-thread-1] INFO  server.RaftServer$Division (RaftServerImpl.java:setRole(290)) - abae3395-e125-494e-95ee-7e13e0096d36@group-D7CF7704FB88: changes role from      null to FOLLOWER at term 0 for startAsFollower
2022-03-03 08:20:21,377 [pool-407-thread-1] INFO  impl.RoleInfo (RoleInfo.java:updateAndGet(130)) - abae3395-e125-494e-95ee-7e13e0096d36: start abae3395-e125-494e-95ee-7e13e0096d36@group-D7CF7704FB88-FollowerState
2022-03-03 08:20:21,389 [pool-407-thread-1] INFO  util.JmxRegister (JmxRegister.java:tryRegister(44)) - Successfully registered JMX Bean with object name Ratis:service=RaftServer,group=group-D7CF7704FB88,id=abae3395-e125-494e-95ee-7e13e0096d36
2022-03-03 08:20:21,396 [EventQueue-OpenPipelineForHealthyPipelineSafeModeRule] INFO  safemode.SCMSafeModeManager (HealthyPipelineSafeModeRule.java:process(124)) - SCM in safe mode. Healthy pipelines reported count is 0, required healthy pipeline reported count is 1
2022-03-03 08:20:21,397 [EventQueue-OpenPipelineForHealthyPipelineSafeModeRule] INFO  safemode.SCMSafeModeManager (HealthyPipelineSafeModeRule.java:process(124)) - SCM in safe mode. Healthy pipelines reported count is 0, required healthy pipeline reported count is 1
2022-03-03 08:20:21,402 [Command processor thread] INFO  ratis.XceiverServerRatis (XceiverServerRatis.java:addGroup(769)) - Created group PipelineID=0f350692-c3b7-4a26-b7b5-d7cf7704fb88
2022-03-03 08:20:21,402 [Command processor thread] INFO  commandhandler.CreatePipelineCommandHandler (CreatePipelineCommandHandler.java:handle(106)) - Created Pipeline RATIS ONE PipelineID=0f350692-c3b7-4a26-b7b5-d7cf7704fb88.
2022-03-03 08:20:21,403 [1244aa64-d874-441f-9571-396032220701@group-EB4E8D1567B6-StateMachineUpdater] INFO  safemode.HealthyPipelineSafeModeRule (HealthyPipelineSafeModeRule.java:initializeRule(152)) - Refreshed total pipeline count is 0, healthy pipeline threshold count is 1
2022-03-03 08:20:21,821 [EndpointStateMachine task thread for /127.0.0.1:43363 - 0 ] INFO  ipc.Client (Client.java:handleConnectionFailure(977)) - Retrying connect to server: localhost/127.0.0.1:43363. Already tried 4 time(s); retry policy is RetryUpToMaximumCountWithFixedSleep(maxRetries=15, sleepTime=1000 MILLISECONDS)
2022-03-03 08:20:21,920 [EndpointStateMachine task thread for /127.0.0.1:39861 - 0 ] INFO  ipc.Client (Client.java:handleConnectionFailure(977)) - Retrying connect to server: localhost/127.0.0.1:39861. Already tried 4 time(s); retry policy is RetryUpToMaximumCountWithFixedSleep(maxRetries=15, sleepTime=1000 MILLISECONDS)
2022-03-03 08:20:21,920 [EndpointStateMachine task thread for /127.0.0.1:45429 - 0 ] INFO  ipc.Client (Client.java:handleConnectionFailure(977)) - Retrying connect to server: localhost/127.0.0.1:45429. Already tried 5 time(s); retry policy is RetryUpToMaximumCountWithFixedSleep(maxRetries=15, sleepTime=1000 MILLISECONDS)
2022-03-03 08:20:22,263 [Listener at 127.0.0.1/42883] INFO  ozone.MiniOzoneClusterImpl (MiniOzoneClusterImpl.java:lambda$waitForClusterToBeReady$0(219)) - Nodes are ready. Got 3 of 3 DN Heartbeats.
2022-03-03 08:20:22,263 [Listener at 127.0.0.1/42883] INFO  ozone.MiniOzoneClusterImpl (MiniOzoneClusterImpl.java:lambda$waitForClusterToBeReady$0(222)) - Waiting for cluster to exit safe mode
2022-03-03 08:20:22,264 [Listener at 127.0.0.1/42883] INFO  ozone.MiniOzoneClusterImpl (MiniOzoneClusterImpl.java:lambda$waitForClusterToBeReady$0(224)) - SCM became leader
2022-03-03 08:20:22,822 [EndpointStateMachine task thread for /127.0.0.1:43363 - 0 ] INFO  ipc.Client (Client.java:handleConnectionFailure(977)) - Retrying connect to server: localhost/127.0.0.1:43363. Already tried 5 time(s); retry policy is RetryUpToMaximumCountWithFixedSleep(maxRetries=15, sleepTime=1000 MILLISECONDS)
2022-03-03 08:20:22,921 [EndpointStateMachine task thread for /127.0.0.1:39861 - 0 ] INFO  ipc.Client (Client.java:handleConnectionFailure(977)) - Retrying connect to server: localhost/127.0.0.1:39861. Already tried 5 time(s); retry policy is RetryUpToMaximumCountWithFixedSleep(maxRetries=15, sleepTime=1000 MILLISECONDS)
2022-03-03 08:20:22,921 [EndpointStateMachine task thread for /127.0.0.1:45429 - 0 ] INFO  ipc.Client (Client.java:handleConnectionFailure(977)) - Retrying connect to server: localhost/127.0.0.1:45429. Already tried 6 time(s); retry policy is RetryUpToMaximumCountWithFixedSleep(maxRetries=15, sleepTime=1000 MILLISECONDS)
2022-03-03 08:20:23,020 [Datanode State Machine Daemon Thread] ERROR datanode.RunningDatanodeState (RunningDatanodeState.java:computeNextContainerState(201)) - Error in executing end point task.
java.util.concurrent.ExecutionException: java.util.concurrent.TimeoutException
	at java.util.concurrent.FutureTask.report(FutureTask.java:122)
	at java.util.concurrent.FutureTask.get(FutureTask.java:192)
	at org.apache.hadoop.ozone.container.common.states.datanode.RunningDatanodeState.computeNextContainerState(RunningDatanodeState.java:193)
	at org.apache.hadoop.ozone.container.common.states.datanode.RunningDatanodeState.await(RunningDatanodeState.java:233)
	at org.apache.hadoop.ozone.container.common.states.datanode.RunningDatanodeState.await(RunningDatanodeState.java:50)
	at org.apache.hadoop.ozone.container.common.statemachine.StateContext.execute(StateContext.java:658)
	at org.apache.hadoop.ozone.container.common.statemachine.DatanodeStateMachine.startStateMachineThread(DatanodeStateMachine.java:283)
	at org.apache.hadoop.ozone.container.common.statemachine.DatanodeStateMachine.lambda$startDaemon$0(DatanodeStateMachine.java:471)
	at java.lang.Thread.run(Thread.java:750)
Caused by: java.util.concurrent.TimeoutException
	at java.util.concurrent.FutureTask.get(FutureTask.java:205)
	at org.apache.hadoop.ozone.container.common.states.datanode.RunningDatanodeState.lambda$execute$0(RunningDatanodeState.java:151)
	at java.util.concurrent.FutureTask.run(FutureTask.java:266)
	at java.util.concurrent.Executors$RunnableAdapter.call(Executors.java:511)
	at java.util.concurrent.FutureTask.run(FutureTask.java:266)
	at java.util.concurrent.ThreadPoolExecutor.runWorker(ThreadPoolExecutor.java:1149)
	at java.util.concurrent.ThreadPoolExecutor$Worker.run(ThreadPoolExecutor.java:624)
	... 1 more
2022-03-03 08:20:23,264 [Listener at 127.0.0.1/42883] INFO  ozone.MiniOzoneClusterImpl (MiniOzoneClusterImpl.java:lambda$waitForClusterToBeReady$0(219)) - Nodes are ready. Got 3 of 3 DN Heartbeats.
2022-03-03 08:20:23,264 [Listener at 127.0.0.1/42883] INFO  ozone.MiniOzoneClusterImpl (MiniOzoneClusterImpl.java:lambda$waitForClusterToBeReady$0(222)) - Waiting for cluster to exit safe mode
2022-03-03 08:20:23,264 [Listener at 127.0.0.1/42883] INFO  ozone.MiniOzoneClusterImpl (MiniOzoneClusterImpl.java:lambda$waitForClusterToBeReady$0(224)) - SCM became leader
2022-03-03 08:20:23,823 [EndpointStateMachine task thread for /127.0.0.1:43363 - 0 ] INFO  ipc.Client (Client.java:handleConnectionFailure(977)) - Retrying connect to server: localhost/127.0.0.1:43363. Already tried 6 time(s); retry policy is RetryUpToMaximumCountWithFixedSleep(maxRetries=15, sleepTime=1000 MILLISECONDS)
2022-03-03 08:20:23,849 [Datanode State Machine Daemon Thread] ERROR datanode.RunningDatanodeState (RunningDatanodeState.java:computeNextContainerState(201)) - Error in executing end point task.
java.util.concurrent.ExecutionException: java.util.concurrent.TimeoutException
	at java.util.concurrent.FutureTask.report(FutureTask.java:122)
	at java.util.concurrent.FutureTask.get(FutureTask.java:192)
	at org.apache.hadoop.ozone.container.common.states.datanode.RunningDatanodeState.computeNextContainerState(RunningDatanodeState.java:193)
	at org.apache.hadoop.ozone.container.common.states.datanode.RunningDatanodeState.await(RunningDatanodeState.java:233)
	at org.apache.hadoop.ozone.container.common.states.datanode.RunningDatanodeState.await(RunningDatanodeState.java:50)
	at org.apache.hadoop.ozone.container.common.statemachine.StateContext.execute(StateContext.java:658)
	at org.apache.hadoop.ozone.container.common.statemachine.DatanodeStateMachine.startStateMachineThread(DatanodeStateMachine.java:283)
	at org.apache.hadoop.ozone.container.common.statemachine.DatanodeStateMachine.lambda$startDaemon$0(DatanodeStateMachine.java:471)
	at java.lang.Thread.run(Thread.java:750)
Caused by: java.util.concurrent.TimeoutException
	at java.util.concurrent.FutureTask.get(FutureTask.java:205)
	at org.apache.hadoop.ozone.container.common.states.datanode.RunningDatanodeState.lambda$execute$0(RunningDatanodeState.java:151)
	at java.util.concurrent.FutureTask.run(FutureTask.java:266)
	at java.util.concurrent.Executors$RunnableAdapter.call(Executors.java:511)
	at java.util.concurrent.FutureTask.run(FutureTask.java:266)
	at java.util.concurrent.ThreadPoolExecutor.runWorker(ThreadPoolExecutor.java:1149)
	at java.util.concurrent.ThreadPoolExecutor$Worker.run(ThreadPoolExecutor.java:624)
	... 1 more
2022-03-03 08:20:23,922 [EndpointStateMachine task thread for /127.0.0.1:45429 - 0 ] INFO  ipc.Client (Client.java:handleConnectionFailure(977)) - Retrying connect to server: localhost/127.0.0.1:45429. Already tried 7 time(s); retry policy is RetryUpToMaximumCountWithFixedSleep(maxRetries=15, sleepTime=1000 MILLISECONDS)
2022-03-03 08:20:23,927 [EndpointStateMachine task thread for /127.0.0.1:39861 - 0 ] INFO  ipc.Client (Client.java:handleConnectionFailure(977)) - Retrying connect to server: localhost/127.0.0.1:39861. Already tried 6 time(s); retry policy is RetryUpToMaximumCountWithFixedSleep(maxRetries=15, sleepTime=1000 MILLISECONDS)
2022-03-03 08:20:24,265 [Listener at 127.0.0.1/42883] INFO  ozone.MiniOzoneClusterImpl (MiniOzoneClusterImpl.java:lambda$waitForClusterToBeReady$0(219)) - Nodes are ready. Got 3 of 3 DN Heartbeats.
2022-03-03 08:20:24,265 [Listener at 127.0.0.1/42883] INFO  ozone.MiniOzoneClusterImpl (MiniOzoneClusterImpl.java:lambda$waitForClusterToBeReady$0(222)) - Waiting for cluster to exit safe mode
2022-03-03 08:20:24,265 [Listener at 127.0.0.1/42883] INFO  ozone.MiniOzoneClusterImpl (MiniOzoneClusterImpl.java:lambda$waitForClusterToBeReady$0(224)) - SCM became leader
2022-03-03 08:20:24,824 [EndpointStateMachine task thread for /127.0.0.1:43363 - 0 ] INFO  ipc.Client (Client.java:handleConnectionFailure(977)) - Retrying connect to server: localhost/127.0.0.1:43363. Already tried 7 time(s); retry policy is RetryUpToMaximumCountWithFixedSleep(maxRetries=15, sleepTime=1000 MILLISECONDS)
2022-03-03 08:20:24,923 [EndpointStateMachine task thread for /127.0.0.1:45429 - 0 ] INFO  ipc.Client (Client.java:handleConnectionFailure(977)) - Retrying connect to server: localhost/127.0.0.1:45429. Already tried 8 time(s); retry policy is RetryUpToMaximumCountWithFixedSleep(maxRetries=15, sleepTime=1000 MILLISECONDS)
2022-03-03 08:20:24,927 [EndpointStateMachine task thread for /127.0.0.1:39861 - 0 ] INFO  ipc.Client (Client.java:handleConnectionFailure(977)) - Retrying connect to server: localhost/127.0.0.1:39861. Already tried 7 time(s); retry policy is RetryUpToMaximumCountWithFixedSleep(maxRetries=15, sleepTime=1000 MILLISECONDS)
2022-03-03 08:20:25,266 [Listener at 127.0.0.1/42883] INFO  ozone.MiniOzoneClusterImpl (MiniOzoneClusterImpl.java:lambda$waitForClusterToBeReady$0(219)) - Nodes are ready. Got 3 of 3 DN Heartbeats.
2022-03-03 08:20:25,267 [Listener at 127.0.0.1/42883] INFO  ozone.MiniOzoneClusterImpl (MiniOzoneClusterImpl.java:lambda$waitForClusterToBeReady$0(222)) - Waiting for cluster to exit safe mode
2022-03-03 08:20:25,267 [Listener at 127.0.0.1/42883] INFO  ozone.MiniOzoneClusterImpl (MiniOzoneClusterImpl.java:lambda$waitForClusterToBeReady$0(224)) - SCM became leader
2022-03-03 08:20:25,570 [b80209a9-e74f-462d-bd7e-a1c457e8621c@group-D680B8283E93-FollowerState] INFO  impl.FollowerState (FollowerState.java:run(134)) - b80209a9-e74f-462d-bd7e-a1c457e8621c@group-D680B8283E93-FollowerState: change to CANDIDATE, lastRpcElapsedTime:5069573769ns, electionTimeout:5068ms
2022-03-03 08:20:25,570 [b80209a9-e74f-462d-bd7e-a1c457e8621c@group-D680B8283E93-FollowerState] INFO  impl.RoleInfo (RoleInfo.java:shutdownFollowerState(108)) - b80209a9-e74f-462d-bd7e-a1c457e8621c: shutdown b80209a9-e74f-462d-bd7e-a1c457e8621c@group-D680B8283E93-FollowerState
2022-03-03 08:20:25,570 [b80209a9-e74f-462d-bd7e-a1c457e8621c@group-D680B8283E93-FollowerState] INFO  server.RaftServer$Division (RaftServerImpl.java:setRole(290)) - b80209a9-e74f-462d-bd7e-a1c457e8621c@group-D680B8283E93: changes role from  FOLLOWER to CANDIDATE at term 0 for changeToCandidate
2022-03-03 08:20:25,570 [b80209a9-e74f-462d-bd7e-a1c457e8621c@group-D680B8283E93-FollowerState] INFO  server.RaftServerConfigKeys (ConfUtils.java:logGet(44)) - raft.server.leaderelection.pre-vote = false (custom)
2022-03-03 08:20:25,571 [b80209a9-e74f-462d-bd7e-a1c457e8621c@group-D680B8283E93-FollowerState] INFO  impl.RoleInfo (RoleInfo.java:updateAndGet(130)) - b80209a9-e74f-462d-bd7e-a1c457e8621c: start b80209a9-e74f-462d-bd7e-a1c457e8621c@group-D680B8283E93-LeaderElection21
2022-03-03 08:20:25,585 [b80209a9-e74f-462d-bd7e-a1c457e8621c@group-D680B8283E93-LeaderElection21] INFO  impl.LeaderElection (LeaderElection.java:askForVotes(306)) - b80209a9-e74f-462d-bd7e-a1c457e8621c@group-D680B8283E93-LeaderElection21 ELECTION round 0: submit vote requests at term 1 for -1: [b80209a9-e74f-462d-bd7e-a1c457e8621c|rpc:127.0.0.1:37755|priority:1], old=null
2022-03-03 08:20:25,585 [b80209a9-e74f-462d-bd7e-a1c457e8621c@group-D680B8283E93-LeaderElection21] INFO  impl.LeaderElection (LeaderElection.java:askForVotes(308)) - b80209a9-e74f-462d-bd7e-a1c457e8621c@group-D680B8283E93-LeaderElection21 ELECTION round 0: result PASSED (term=1)
2022-03-03 08:20:25,585 [b80209a9-e74f-462d-bd7e-a1c457e8621c@group-D680B8283E93-LeaderElection21] INFO  impl.RoleInfo (RoleInfo.java:shutdownLeaderElection(121)) - b80209a9-e74f-462d-bd7e-a1c457e8621c: shutdown b80209a9-e74f-462d-bd7e-a1c457e8621c@group-D680B8283E93-LeaderElection21
2022-03-03 08:20:25,585 [b80209a9-e74f-462d-bd7e-a1c457e8621c@group-D680B8283E93-LeaderElection21] INFO  server.RaftServer$Division (RaftServerImpl.java:setRole(290)) - b80209a9-e74f-462d-bd7e-a1c457e8621c@group-D680B8283E93: changes role from CANDIDATE to LEADER at term 1 for changeToLeader
2022-03-03 08:20:25,586 [b80209a9-e74f-462d-bd7e-a1c457e8621c@group-D680B8283E93-LeaderElection21] INFO  ratis.XceiverServerRatis (XceiverServerRatis.java:handleLeaderChangedNotification(867)) - Leader change notification received for group: group-D680B8283E93 with new leaderId: b80209a9-e74f-462d-bd7e-a1c457e8621c
2022-03-03 08:20:25,587 [b80209a9-e74f-462d-bd7e-a1c457e8621c@group-D680B8283E93-LeaderElection21] INFO  server.RaftServer$Division (ServerState.java:setLeader(285)) - b80209a9-e74f-462d-bd7e-a1c457e8621c@group-D680B8283E93: change Leader from null to b80209a9-e74f-462d-bd7e-a1c457e8621c at term 1 for becomeLeader, leader elected after 5160ms
2022-03-03 08:20:25,587 [b80209a9-e74f-462d-bd7e-a1c457e8621c@group-D680B8283E93-LeaderElection21] INFO  server.RaftServerConfigKeys (ConfUtils.java:logGet(44)) - raft.server.staging.catchup.gap = 1000 (default)
2022-03-03 08:20:25,587 [b80209a9-e74f-462d-bd7e-a1c457e8621c@group-D680B8283E93-LeaderElection21] INFO  server.RaftServerConfigKeys (ConfUtils.java:logGet(44)) - raft.server.write.element-limit = 1024 (custom)
2022-03-03 08:20:25,587 [b80209a9-e74f-462d-bd7e-a1c457e8621c@group-D680B8283E93-LeaderElection21] INFO  server.RaftServerConfigKeys (ConfUtils.java:logGet(44)) - raft.server.write.byte-limit = 1024 M (=1073741824) (custom)
2022-03-03 08:20:25,588 [b80209a9-e74f-462d-bd7e-a1c457e8621c@group-D680B8283E93-LeaderElection21] INFO  server.RaftServerConfigKeys (ConfUtils.java:logGet(44)) - raft.server.watch.timeout = 180s (custom)
2022-03-03 08:20:25,588 [b80209a9-e74f-462d-bd7e-a1c457e8621c@group-D680B8283E93-LeaderElection21] INFO  server.RaftServerConfigKeys (ConfUtils.java:logGet(44)) - raft.server.watch.timeout.denomination = 1s (default)
2022-03-03 08:20:25,588 [b80209a9-e74f-462d-bd7e-a1c457e8621c@group-D680B8283E93-LeaderElection21] INFO  server.RaftServerConfigKeys (ConfUtils.java:logGet(44)) - raft.server.watch.element-limit = 65536 (default)
2022-03-03 08:20:25,588 [b80209a9-e74f-462d-bd7e-a1c457e8621c@group-D680B8283E93-LeaderElection21] INFO  server.RaftServerConfigKeys (ConfUtils.java:logGet(44)) - raft.server.write.element-limit = 1024 (custom)
2022-03-03 08:20:25,588 [b80209a9-e74f-462d-bd7e-a1c457e8621c@group-D680B8283E93-LeaderElection21] INFO  server.RaftServerConfigKeys (ConfUtils.java:logGet(44)) - raft.server.write.follower.gap.ratio.max = -1.0 (default)
2022-03-03 08:20:25,588 [b80209a9-e74f-462d-bd7e-a1c457e8621c@group-D680B8283E93-LeaderElection21] INFO  impl.RoleInfo (RoleInfo.java:updateAndGet(130)) - b80209a9-e74f-462d-bd7e-a1c457e8621c: start b80209a9-e74f-462d-bd7e-a1c457e8621c@group-D680B8283E93-LeaderStateImpl
2022-03-03 08:20:25,589 [b80209a9-e74f-462d-bd7e-a1c457e8621c@group-D680B8283E93-LeaderElection21] INFO  segmented.SegmentedRaftLogWorker (SegmentedRaftLogWorker.java:startLogSegment(394)) - b80209a9-e74f-462d-bd7e-a1c457e8621c@group-D680B8283E93-SegmentedRaftLogWorker: Starting segment from index:0
2022-03-03 08:20:25,592 [b80209a9-e74f-462d-bd7e-a1c457e8621c@group-D680B8283E93-SegmentedRaftLogWorker] INFO  segmented.SegmentedRaftLogWorker (SegmentedRaftLogWorker.java:execute(601)) - b80209a9-e74f-462d-bd7e-a1c457e8621c@group-D680B8283E93-SegmentedRaftLogWorker: created new log segment /home/runner/work/ozone/ozone/hadoop-ozone/integration-test/target/test-dir/MiniOzoneClusterImpl-5b82a1ad-a074-4eb8-9e24-eb4e8d1567b6/datanode-0/data/ratis/8dbb7c1b-beb8-4e3c-880e-d680b8283e93/current/log_inprogress_0
2022-03-03 08:20:25,599 [EventQueue-OpenPipelineForHealthyPipelineSafeModeRule] INFO  safemode.SCMSafeModeManager (HealthyPipelineSafeModeRule.java:process(124)) - SCM in safe mode. Healthy pipelines reported count is 0, required healthy pipeline reported count is 1
2022-03-03 08:20:25,602 [EventQueue-OpenPipelineForHealthyPipelineSafeModeRule] INFO  safemode.SCMSafeModeManager (HealthyPipelineSafeModeRule.java:process(124)) - SCM in safe mode. Healthy pipelines reported count is 0, required healthy pipeline reported count is 1
2022-03-03 08:20:25,605 [b80209a9-e74f-462d-bd7e-a1c457e8621c@group-D680B8283E93-LeaderElection21] INFO  server.RaftServer$Division (ServerState.java:setRaftConf(387)) - b80209a9-e74f-462d-bd7e-a1c457e8621c@group-D680B8283E93: set configuration 0: [b80209a9-e74f-462d-bd7e-a1c457e8621c|rpc:127.0.0.1:37755|dataStream:|priority:1], old=null
2022-03-03 08:20:25,753 [b80209a9-e74f-462d-bd7e-a1c457e8621c@group-736048A98C4E-FollowerState] INFO  impl.FollowerState (FollowerState.java:run(134)) - b80209a9-e74f-462d-bd7e-a1c457e8621c@group-736048A98C4E-FollowerState: change to CANDIDATE, lastRpcElapsedTime:5202420564ns, electionTimeout:5179ms
2022-03-03 08:20:25,753 [b80209a9-e74f-462d-bd7e-a1c457e8621c@group-736048A98C4E-FollowerState] INFO  impl.RoleInfo (RoleInfo.java:shutdownFollowerState(108)) - b80209a9-e74f-462d-bd7e-a1c457e8621c: shutdown b80209a9-e74f-462d-bd7e-a1c457e8621c@group-736048A98C4E-FollowerState
2022-03-03 08:20:25,753 [b80209a9-e74f-462d-bd7e-a1c457e8621c@group-736048A98C4E-FollowerState] INFO  server.RaftServer$Division (RaftServerImpl.java:setRole(290)) - b80209a9-e74f-462d-bd7e-a1c457e8621c@group-736048A98C4E: changes role from  FOLLOWER to CANDIDATE at term 0 for changeToCandidate
2022-03-03 08:20:25,754 [b80209a9-e74f-462d-bd7e-a1c457e8621c@group-736048A98C4E-FollowerState] INFO  server.RaftServerConfigKeys (ConfUtils.java:logGet(44)) - raft.server.leaderelection.pre-vote = false (custom)
2022-03-03 08:20:25,754 [b80209a9-e74f-462d-bd7e-a1c457e8621c@group-736048A98C4E-FollowerState] INFO  impl.RoleInfo (RoleInfo.java:updateAndGet(130)) - b80209a9-e74f-462d-bd7e-a1c457e8621c: start b80209a9-e74f-462d-bd7e-a1c457e8621c@group-736048A98C4E-LeaderElection22
2022-03-03 08:20:25,773 [b80209a9-e74f-462d-bd7e-a1c457e8621c@group-736048A98C4E-LeaderElection22] INFO  impl.LeaderElection (LeaderElection.java:askForVotes(306)) - b80209a9-e74f-462d-bd7e-a1c457e8621c@group-736048A98C4E-LeaderElection22 ELECTION round 0: submit vote requests at term 1 for -1: [bbb996b9-cb57-429e-b9a5-f900bfe28cb3|rpc:127.0.0.1:39561|priority:0, b80209a9-e74f-462d-bd7e-a1c457e8621c|rpc:127.0.0.1:37755|priority:0, abae3395-e125-494e-95ee-7e13e0096d36|rpc:127.0.0.1:37079|priority:1], old=null
2022-03-03 08:20:25,785 [grpc-default-executor-2] INFO  server.RaftServer$Division (RaftServerImpl.java:requestVote(1046)) - bbb996b9-cb57-429e-b9a5-f900bfe28cb3@group-736048A98C4E: receive requestVote(ELECTION, b80209a9-e74f-462d-bd7e-a1c457e8621c, group-736048A98C4E, 1, (t:0, i:0))
2022-03-03 08:20:25,785 [grpc-default-executor-2] INFO  impl.VoteContext (VoteContext.java:log(48)) - bbb996b9-cb57-429e-b9a5-f900bfe28cb3@group-736048A98C4E-FOLLOWER: accept ELECTION from b80209a9-e74f-462d-bd7e-a1c457e8621c: our priority 0 <= candidate's priority 0
2022-03-03 08:20:25,786 [grpc-default-executor-2] INFO  server.RaftServer$Division (RaftServerImpl.java:setRole(290)) - bbb996b9-cb57-429e-b9a5-f900bfe28cb3@group-736048A98C4E: changes role from  FOLLOWER to FOLLOWER at term 1 for candidate:b80209a9-e74f-462d-bd7e-a1c457e8621c
2022-03-03 08:20:25,786 [grpc-default-executor-2] INFO  impl.RoleInfo (RoleInfo.java:shutdownFollowerState(108)) - bbb996b9-cb57-429e-b9a5-f900bfe28cb3: shutdown bbb996b9-cb57-429e-b9a5-f900bfe28cb3@group-736048A98C4E-FollowerState
2022-03-03 08:20:25,787 [bbb996b9-cb57-429e-b9a5-f900bfe28cb3@group-736048A98C4E-FollowerState] INFO  impl.FollowerState (FollowerState.java:run(143)) - bbb996b9-cb57-429e-b9a5-f900bfe28cb3@group-736048A98C4E-FollowerState was interrupted: {}
java.lang.InterruptedException: sleep interrupted
	at java.lang.Thread.sleep(Native Method)
	at java.lang.Thread.sleep(Thread.java:342)
	at java.util.concurrent.TimeUnit.sleep(TimeUnit.java:386)
	at org.apache.ratis.util.TimeDuration.sleep(TimeDuration.java:324)
	at org.apache.ratis.util.TimeDuration.sleep(TimeDuration.java:309)
	at org.apache.ratis.server.impl.FollowerState.run(FollowerState.java:118)
2022-03-03 08:20:25,789 [grpc-default-executor-2] INFO  impl.RoleInfo (RoleInfo.java:updateAndGet(130)) - bbb996b9-cb57-429e-b9a5-f900bfe28cb3: start bbb996b9-cb57-429e-b9a5-f900bfe28cb3@group-736048A98C4E-FollowerState
2022-03-03 08:20:25,794 [grpc-default-executor-2] INFO  server.RaftServer$Division (RaftServerImpl.java:requestVote(1078)) - bbb996b9-cb57-429e-b9a5-f900bfe28cb3@group-736048A98C4E replies to ELECTION vote request: b80209a9-e74f-462d-bd7e-a1c457e8621c<-bbb996b9-cb57-429e-b9a5-f900bfe28cb3#0:OK-t1. Peer's state: bbb996b9-cb57-429e-b9a5-f900bfe28cb3@group-736048A98C4E:t1, leader=null, voted=b80209a9-e74f-462d-bd7e-a1c457e8621c, raftlog=bbb996b9-cb57-429e-b9a5-f900bfe28cb3@group-736048A98C4E-SegmentedRaftLog:OPENED:c-1, conf=-1: [bbb996b9-cb57-429e-b9a5-f900bfe28cb3|rpc:127.0.0.1:39561|dataStream:|priority:0, b80209a9-e74f-462d-bd7e-a1c457e8621c|rpc:127.0.0.1:37755|dataStream:|priority:0, abae3395-e125-494e-95ee-7e13e0096d36|rpc:127.0.0.1:37079|dataStream:|priority:1], old=null
2022-03-03 08:20:25,802 [abae3395-e125-494e-95ee-7e13e0096d36@group-736048A98C4E-FollowerState] INFO  impl.FollowerState (FollowerState.java:run(134)) - abae3395-e125-494e-95ee-7e13e0096d36@group-736048A98C4E-FollowerState: change to CANDIDATE, lastRpcElapsedTime:5173313380ns, electionTimeout:5140ms
2022-03-03 08:20:25,803 [abae3395-e125-494e-95ee-7e13e0096d36@group-736048A98C4E-FollowerState] INFO  impl.RoleInfo (RoleInfo.java:shutdownFollowerState(108)) - abae3395-e125-494e-95ee-7e13e0096d36: shutdown abae3395-e125-494e-95ee-7e13e0096d36@group-736048A98C4E-FollowerState
2022-03-03 08:20:25,803 [abae3395-e125-494e-95ee-7e13e0096d36@group-736048A98C4E-FollowerState] INFO  server.RaftServer$Division (RaftServerImpl.java:setRole(290)) - abae3395-e125-494e-95ee-7e13e0096d36@group-736048A98C4E: changes role from  FOLLOWER to CANDIDATE at term 0 for changeToCandidate
2022-03-03 08:20:25,803 [abae3395-e125-494e-95ee-7e13e0096d36@group-736048A98C4E-FollowerState] INFO  server.RaftServerConfigKeys (ConfUtils.java:logGet(44)) - raft.server.leaderelection.pre-vote = false (custom)
2022-03-03 08:20:25,803 [abae3395-e125-494e-95ee-7e13e0096d36@group-736048A98C4E-FollowerState] INFO  impl.RoleInfo (RoleInfo.java:updateAndGet(130)) - abae3395-e125-494e-95ee-7e13e0096d36: start abae3395-e125-494e-95ee-7e13e0096d36@group-736048A98C4E-LeaderElection23
2022-03-03 08:20:25,811 [grpc-default-executor-2] INFO  server.RaftServer$Division (RaftServerImpl.java:requestVote(1046)) - abae3395-e125-494e-95ee-7e13e0096d36@group-736048A98C4E: receive requestVote(ELECTION, b80209a9-e74f-462d-bd7e-a1c457e8621c, group-736048A98C4E, 1, (t:0, i:0))
2022-03-03 08:20:25,816 [grpc-default-executor-2] INFO  impl.VoteContext (VoteContext.java:log(48)) - abae3395-e125-494e-95ee-7e13e0096d36@group-736048A98C4E-CANDIDATE: reject ELECTION from b80209a9-e74f-462d-bd7e-a1c457e8621c: our priority 1 > candidate's priority 0
2022-03-03 08:20:25,817 [grpc-default-executor-2] INFO  server.RaftServer$Division (RaftServerImpl.java:setRole(290)) - abae3395-e125-494e-95ee-7e13e0096d36@group-736048A98C4E: changes role from CANDIDATE to FOLLOWER at term 1 for candidate:b80209a9-e74f-462d-bd7e-a1c457e8621c
2022-03-03 08:20:25,817 [grpc-default-executor-2] INFO  impl.RoleInfo (RoleInfo.java:shutdownLeaderElection(121)) - abae3395-e125-494e-95ee-7e13e0096d36: shutdown abae3395-e125-494e-95ee-7e13e0096d36@group-736048A98C4E-LeaderElection23
2022-03-03 08:20:25,817 [grpc-default-executor-2] INFO  impl.RoleInfo (RoleInfo.java:updateAndGet(130)) - abae3395-e125-494e-95ee-7e13e0096d36: start abae3395-e125-494e-95ee-7e13e0096d36@group-736048A98C4E-FollowerState
2022-03-03 08:20:25,818 [abae3395-e125-494e-95ee-7e13e0096d36@group-736048A98C4E-LeaderElection23] INFO  impl.LeaderElection (LeaderElection.java:run(230)) - abae3395-e125-494e-95ee-7e13e0096d36@group-736048A98C4E-LeaderElection23: skip running since this is already CLOSING
2022-03-03 08:20:25,819 [grpc-default-executor-2] INFO  server.RaftServer$Division (RaftServerImpl.java:requestVote(1078)) - abae3395-e125-494e-95ee-7e13e0096d36@group-736048A98C4E replies to ELECTION vote request: b80209a9-e74f-462d-bd7e-a1c457e8621c<-abae3395-e125-494e-95ee-7e13e0096d36#0:FAIL-t1. Peer's state: abae3395-e125-494e-95ee-7e13e0096d36@group-736048A98C4E:t1, leader=null, voted=null, raftlog=abae3395-e125-494e-95ee-7e13e0096d36@group-736048A98C4E-SegmentedRaftLog:OPENED:c-1, conf=-1: [bbb996b9-cb57-429e-b9a5-f900bfe28cb3|rpc:127.0.0.1:39561|dataStream:|priority:0, b80209a9-e74f-462d-bd7e-a1c457e8621c|rpc:127.0.0.1:37755|dataStream:|priority:0, abae3395-e125-494e-95ee-7e13e0096d36|rpc:127.0.0.1:37079|dataStream:|priority:1], old=null
2022-03-03 08:20:25,824 [b80209a9-e74f-462d-bd7e-a1c457e8621c@group-736048A98C4E-LeaderElection22] INFO  impl.LeaderElection (LeaderElection.java:logAndReturn(89)) - b80209a9-e74f-462d-bd7e-a1c457e8621c@group-736048A98C4E-LeaderElection22: ELECTION REJECTED received 2 response(s) and 0 exception(s):
2022-03-03 08:20:25,825 [b80209a9-e74f-462d-bd7e-a1c457e8621c@group-736048A98C4E-LeaderElection22] INFO  impl.LeaderElection (LeaderElection.java:logAndReturn(93)) -   Response 0: b80209a9-e74f-462d-bd7e-a1c457e8621c<-bbb996b9-cb57-429e-b9a5-f900bfe28cb3#0:OK-t1
2022-03-03 08:20:25,825 [b80209a9-e74f-462d-bd7e-a1c457e8621c@group-736048A98C4E-LeaderElection22] INFO  impl.LeaderElection (LeaderElection.java:logAndReturn(93)) -   Response 1: b80209a9-e74f-462d-bd7e-a1c457e8621c<-abae3395-e125-494e-95ee-7e13e0096d36#0:FAIL-t1
2022-03-03 08:20:25,825 [b80209a9-e74f-462d-bd7e-a1c457e8621c@group-736048A98C4E-LeaderElection22] INFO  impl.LeaderElection (LeaderElection.java:askForVotes(308)) - b80209a9-e74f-462d-bd7e-a1c457e8621c@group-736048A98C4E-LeaderElection22 ELECTION round 0: result REJECTED
2022-03-03 08:20:25,825 [EndpointStateMachine task thread for /127.0.0.1:43363 - 0 ] INFO  ipc.Client (Client.java:handleConnectionFailure(977)) - Retrying connect to server: localhost/127.0.0.1:43363. Already tried 8 time(s); retry policy is RetryUpToMaximumCountWithFixedSleep(maxRetries=15, sleepTime=1000 MILLISECONDS)
2022-03-03 08:20:25,826 [b80209a9-e74f-462d-bd7e-a1c457e8621c@group-736048A98C4E-LeaderElection22] INFO  server.RaftServer$Division (RaftServerImpl.java:setRole(290)) - b80209a9-e74f-462d-bd7e-a1c457e8621c@group-736048A98C4E: changes role from CANDIDATE to FOLLOWER at term 1 for REJECTED
2022-03-03 08:20:25,826 [b80209a9-e74f-462d-bd7e-a1c457e8621c@group-736048A98C4E-LeaderElection22] INFO  impl.RoleInfo (RoleInfo.java:shutdownLeaderElection(121)) - b80209a9-e74f-462d-bd7e-a1c457e8621c: shutdown b80209a9-e74f-462d-bd7e-a1c457e8621c@group-736048A98C4E-LeaderElection22
2022-03-03 08:20:25,826 [b80209a9-e74f-462d-bd7e-a1c457e8621c@group-736048A98C4E-LeaderElection22] INFO  impl.RoleInfo (RoleInfo.java:updateAndGet(130)) - b80209a9-e74f-462d-bd7e-a1c457e8621c: start b80209a9-e74f-462d-bd7e-a1c457e8621c@group-736048A98C4E-FollowerState
2022-03-03 08:20:25,924 [EndpointStateMachine task thread for /127.0.0.1:45429 - 0 ] INFO  ipc.Client (Client.java:handleConnectionFailure(977)) - Retrying connect to server: localhost/127.0.0.1:45429. Already tried 9 time(s); retry policy is RetryUpToMaximumCountWithFixedSleep(maxRetries=15, sleepTime=1000 MILLISECONDS)
2022-03-03 08:20:25,928 [EndpointStateMachine task thread for /127.0.0.1:39861 - 0 ] INFO  ipc.Client (Client.java:handleConnectionFailure(977)) - Retrying connect to server: localhost/127.0.0.1:39861. Already tried 8 time(s); retry policy is RetryUpToMaximumCountWithFixedSleep(maxRetries=15, sleepTime=1000 MILLISECONDS)
2022-03-03 08:20:26,009 [abae3395-e125-494e-95ee-7e13e0096d36@group-904C6079E864-FollowerState] INFO  impl.FollowerState (FollowerState.java:run(134)) - abae3395-e125-494e-95ee-7e13e0096d36@group-904C6079E864-FollowerState: change to CANDIDATE, lastRpcElapsedTime:5021754500ns, electionTimeout:5004ms
2022-03-03 08:20:26,010 [abae3395-e125-494e-95ee-7e13e0096d36@group-904C6079E864-FollowerState] INFO  impl.RoleInfo (RoleInfo.java:shutdownFollowerState(108)) - abae3395-e125-494e-95ee-7e13e0096d36: shutdown abae3395-e125-494e-95ee-7e13e0096d36@group-904C6079E864-FollowerState
2022-03-03 08:20:26,010 [abae3395-e125-494e-95ee-7e13e0096d36@group-904C6079E864-FollowerState] INFO  server.RaftServer$Division (RaftServerImpl.java:setRole(290)) - abae3395-e125-494e-95ee-7e13e0096d36@group-904C6079E864: changes role from  FOLLOWER to CANDIDATE at term 0 for changeToCandidate
2022-03-03 08:20:26,010 [abae3395-e125-494e-95ee-7e13e0096d36@group-904C6079E864-FollowerState] INFO  server.RaftServerConfigKeys (ConfUtils.java:logGet(44)) - raft.server.leaderelection.pre-vote = false (custom)
2022-03-03 08:20:26,011 [abae3395-e125-494e-95ee-7e13e0096d36@group-904C6079E864-FollowerState] INFO  impl.RoleInfo (RoleInfo.java:updateAndGet(130)) - abae3395-e125-494e-95ee-7e13e0096d36: start abae3395-e125-494e-95ee-7e13e0096d36@group-904C6079E864-LeaderElection24
2022-03-03 08:20:26,025 [abae3395-e125-494e-95ee-7e13e0096d36@group-904C6079E864-LeaderElection24] INFO  impl.LeaderElection (LeaderElection.java:askForVotes(306)) - abae3395-e125-494e-95ee-7e13e0096d36@group-904C6079E864-LeaderElection24 ELECTION round 0: submit vote requests at term 1 for -1: [bbb996b9-cb57-429e-b9a5-f900bfe28cb3|rpc:127.0.0.1:39561|dataStream:|priority:0, b80209a9-e74f-462d-bd7e-a1c457e8621c|rpc:127.0.0.1:37755|dataStream:|priority:1, abae3395-e125-494e-95ee-7e13e0096d36|rpc:127.0.0.1:37079|dataStream:|priority:0], old=null
2022-03-03 08:20:26,047 [grpc-default-executor-2] INFO  server.RaftServer$Division (RaftServerImpl.java:requestVote(1046)) - bbb996b9-cb57-429e-b9a5-f900bfe28cb3@group-904C6079E864: receive requestVote(ELECTION, abae3395-e125-494e-95ee-7e13e0096d36, group-904C6079E864, 1, (t:0, i:0))
2022-03-03 08:20:26,047 [grpc-default-executor-2] INFO  impl.VoteContext (VoteContext.java:log(48)) - bbb996b9-cb57-429e-b9a5-f900bfe28cb3@group-904C6079E864-FOLLOWER: accept ELECTION from abae3395-e125-494e-95ee-7e13e0096d36: our priority 0 <= candidate's priority 0
2022-03-03 08:20:26,047 [grpc-default-executor-2] INFO  server.RaftServer$Division (RaftServerImpl.java:setRole(290)) - bbb996b9-cb57-429e-b9a5-f900bfe28cb3@group-904C6079E864: changes role from  FOLLOWER to FOLLOWER at term 1 for candidate:abae3395-e125-494e-95ee-7e13e0096d36
2022-03-03 08:20:26,047 [grpc-default-executor-2] INFO  impl.RoleInfo (RoleInfo.java:shutdownFollowerState(108)) - bbb996b9-cb57-429e-b9a5-f900bfe28cb3: shutdown bbb996b9-cb57-429e-b9a5-f900bfe28cb3@group-904C6079E864-FollowerState
2022-03-03 08:20:26,048 [grpc-default-executor-2] INFO  impl.RoleInfo (RoleInfo.java:updateAndGet(130)) - bbb996b9-cb57-429e-b9a5-f900bfe28cb3: start bbb996b9-cb57-429e-b9a5-f900bfe28cb3@group-904C6079E864-FollowerState
2022-03-03 08:20:26,048 [bbb996b9-cb57-429e-b9a5-f900bfe28cb3@group-904C6079E864-FollowerState] INFO  impl.FollowerState (FollowerState.java:run(143)) - bbb996b9-cb57-429e-b9a5-f900bfe28cb3@group-904C6079E864-FollowerState was interrupted: {}
java.lang.InterruptedException: sleep interrupted
	at java.lang.Thread.sleep(Native Method)
	at java.lang.Thread.sleep(Thread.java:342)
	at java.util.concurrent.TimeUnit.sleep(TimeUnit.java:386)
	at org.apache.ratis.util.TimeDuration.sleep(TimeDuration.java:324)
	at org.apache.ratis.util.TimeDuration.sleep(TimeDuration.java:309)
	at org.apache.ratis.server.impl.FollowerState.run(FollowerState.java:118)
2022-03-03 08:20:26,071 [grpc-default-executor-2] INFO  server.RaftServer$Division (RaftServerImpl.java:requestVote(1078)) - bbb996b9-cb57-429e-b9a5-f900bfe28cb3@group-904C6079E864 replies to ELECTION vote request: abae3395-e125-494e-95ee-7e13e0096d36<-bbb996b9-cb57-429e-b9a5-f900bfe28cb3#0:OK-t1. Peer's state: bbb996b9-cb57-429e-b9a5-f900bfe28cb3@group-904C6079E864:t1, leader=null, voted=abae3395-e125-494e-95ee-7e13e0096d36, raftlog=bbb996b9-cb57-429e-b9a5-f900bfe28cb3@group-904C6079E864-SegmentedRaftLog:OPENED:c-1, conf=-1: [bbb996b9-cb57-429e-b9a5-f900bfe28cb3|rpc:127.0.0.1:39561|priority:0, b80209a9-e74f-462d-bd7e-a1c457e8621c|rpc:127.0.0.1:37755|priority:1, abae3395-e125-494e-95ee-7e13e0096d36|rpc:127.0.0.1:37079|priority:0], old=null
2022-03-03 08:20:26,071 [b80209a9-e74f-462d-bd7e-a1c457e8621c@group-904C6079E864-FollowerState] INFO  impl.FollowerState (FollowerState.java:run(134)) - b80209a9-e74f-462d-bd7e-a1c457e8621c@group-904C6079E864-FollowerState: change to CANDIDATE, lastRpcElapsedTime:5195765299ns, electionTimeout:5179ms
2022-03-03 08:20:26,072 [b80209a9-e74f-462d-bd7e-a1c457e8621c@group-904C6079E864-FollowerState] INFO  impl.RoleInfo (RoleInfo.java:shutdownFollowerState(108)) - b80209a9-e74f-462d-bd7e-a1c457e8621c: shutdown b80209a9-e74f-462d-bd7e-a1c457e8621c@group-904C6079E864-FollowerState
2022-03-03 08:20:26,072 [b80209a9-e74f-462d-bd7e-a1c457e8621c@group-904C6079E864-FollowerState] INFO  server.RaftServer$Division (RaftServerImpl.java:setRole(290)) - b80209a9-e74f-462d-bd7e-a1c457e8621c@group-904C6079E864: changes role from  FOLLOWER to CANDIDATE at term 0 for changeToCandidate
2022-03-03 08:20:26,072 [b80209a9-e74f-462d-bd7e-a1c457e8621c@group-904C6079E864-FollowerState] INFO  server.RaftServerConfigKeys (ConfUtils.java:logGet(44)) - raft.server.leaderelection.pre-vote = false (custom)
2022-03-03 08:20:26,072 [b80209a9-e74f-462d-bd7e-a1c457e8621c@group-904C6079E864-FollowerState] INFO  impl.RoleInfo (RoleInfo.java:updateAndGet(130)) - b80209a9-e74f-462d-bd7e-a1c457e8621c: start b80209a9-e74f-462d-bd7e-a1c457e8621c@group-904C6079E864-LeaderElection25
2022-03-03 08:20:26,099 [b80209a9-e74f-462d-bd7e-a1c457e8621c@group-904C6079E864-LeaderElection25] INFO  impl.LeaderElection (LeaderElection.java:askForVotes(306)) - b80209a9-e74f-462d-bd7e-a1c457e8621c@group-904C6079E864-LeaderElection25 ELECTION round 0: submit vote requests at term 1 for -1: [bbb996b9-cb57-429e-b9a5-f900bfe28cb3|rpc:127.0.0.1:39561|priority:0, b80209a9-e74f-462d-bd7e-a1c457e8621c|rpc:127.0.0.1:37755|priority:1, abae3395-e125-494e-95ee-7e13e0096d36|rpc:127.0.0.1:37079|priority:0], old=null
2022-03-03 08:20:26,099 [grpc-default-executor-2] INFO  server.RaftServer$Division (RaftServerImpl.java:requestVote(1046)) - b80209a9-e74f-462d-bd7e-a1c457e8621c@group-904C6079E864: receive requestVote(ELECTION, abae3395-e125-494e-95ee-7e13e0096d36, group-904C6079E864, 1, (t:0, i:0))
2022-03-03 08:20:26,101 [grpc-default-executor-2] INFO  impl.VoteContext (VoteContext.java:log(48)) - b80209a9-e74f-462d-bd7e-a1c457e8621c@group-904C6079E864-CANDIDATE: reject ELECTION from abae3395-e125-494e-95ee-7e13e0096d36: already has voted for b80209a9-e74f-462d-bd7e-a1c457e8621c at current term 1
2022-03-03 08:20:26,101 [grpc-default-executor-2] INFO  server.RaftServer$Division (RaftServerImpl.java:requestVote(1078)) - b80209a9-e74f-462d-bd7e-a1c457e8621c@group-904C6079E864 replies to ELECTION vote request: abae3395-e125-494e-95ee-7e13e0096d36<-b80209a9-e74f-462d-bd7e-a1c457e8621c#0:FAIL-t1. Peer's state: b80209a9-e74f-462d-bd7e-a1c457e8621c@group-904C6079E864:t1, leader=null, voted=b80209a9-e74f-462d-bd7e-a1c457e8621c, raftlog=b80209a9-e74f-462d-bd7e-a1c457e8621c@group-904C6079E864-SegmentedRaftLog:OPENED:c-1, conf=-1: [bbb996b9-cb57-429e-b9a5-f900bfe28cb3|rpc:127.0.0.1:39561|priority:0, b80209a9-e74f-462d-bd7e-a1c457e8621c|rpc:127.0.0.1:37755|priority:1, abae3395-e125-494e-95ee-7e13e0096d36|rpc:127.0.0.1:37079|priority:0], old=null
2022-03-03 08:20:26,131 [abae3395-e125-494e-95ee-7e13e0096d36@group-904C6079E864-LeaderElection24] INFO  impl.LeaderElection (LeaderElection.java:logAndReturn(89)) - abae3395-e125-494e-95ee-7e13e0096d36@group-904C6079E864-LeaderElection24: ELECTION REJECTED received 2 response(s) and 0 exception(s):
2022-03-03 08:20:26,131 [abae3395-e125-494e-95ee-7e13e0096d36@group-904C6079E864-LeaderElection24] INFO  impl.LeaderElection (LeaderElection.java:logAndReturn(93)) -   Response 0: abae3395-e125-494e-95ee-7e13e0096d36<-bbb996b9-cb57-429e-b9a5-f900bfe28cb3#0:OK-t1
2022-03-03 08:20:26,131 [abae3395-e125-494e-95ee-7e13e0096d36@group-904C6079E864-LeaderElection24] INFO  impl.LeaderElection (LeaderElection.java:logAndReturn(93)) -   Response 1: abae3395-e125-494e-95ee-7e13e0096d36<-b80209a9-e74f-462d-bd7e-a1c457e8621c#0:FAIL-t1
2022-03-03 08:20:26,131 [abae3395-e125-494e-95ee-7e13e0096d36@group-904C6079E864-LeaderElection24] INFO  impl.LeaderElection (LeaderElection.java:askForVotes(308)) - abae3395-e125-494e-95ee-7e13e0096d36@group-904C6079E864-LeaderElection24 ELECTION round 0: result REJECTED
2022-03-03 08:20:26,131 [abae3395-e125-494e-95ee-7e13e0096d36@group-904C6079E864-LeaderElection24] INFO  server.RaftServer$Division (RaftServerImpl.java:setRole(290)) - abae3395-e125-494e-95ee-7e13e0096d36@group-904C6079E864: changes role from CANDIDATE to FOLLOWER at term 1 for REJECTED
2022-03-03 08:20:26,131 [abae3395-e125-494e-95ee-7e13e0096d36@group-904C6079E864-LeaderElection24] INFO  impl.RoleInfo (RoleInfo.java:shutdownLeaderElection(121)) - abae3395-e125-494e-95ee-7e13e0096d36: shutdown abae3395-e125-494e-95ee-7e13e0096d36@group-904C6079E864-LeaderElection24
2022-03-03 08:20:26,131 [abae3395-e125-494e-95ee-7e13e0096d36@group-904C6079E864-LeaderElection24] INFO  impl.RoleInfo (RoleInfo.java:updateAndGet(130)) - abae3395-e125-494e-95ee-7e13e0096d36: start abae3395-e125-494e-95ee-7e13e0096d36@group-904C6079E864-FollowerState
2022-03-03 08:20:26,140 [grpc-default-executor-0] INFO  server.RaftServer$Division (RaftServerImpl.java:requestVote(1046)) - abae3395-e125-494e-95ee-7e13e0096d36@group-904C6079E864: receive requestVote(ELECTION, b80209a9-e74f-462d-bd7e-a1c457e8621c, group-904C6079E864, 1, (t:0, i:0))
2022-03-03 08:20:26,140 [grpc-default-executor-2] INFO  server.RaftServer$Division (RaftServerImpl.java:requestVote(1046)) - bbb996b9-cb57-429e-b9a5-f900bfe28cb3@group-904C6079E864: receive requestVote(ELECTION, b80209a9-e74f-462d-bd7e-a1c457e8621c, group-904C6079E864, 1, (t:0, i:0))
2022-03-03 08:20:26,140 [grpc-default-executor-2] INFO  impl.VoteContext (VoteContext.java:log(48)) - bbb996b9-cb57-429e-b9a5-f900bfe28cb3@group-904C6079E864-FOLLOWER: reject ELECTION from b80209a9-e74f-462d-bd7e-a1c457e8621c: already has voted for abae3395-e125-494e-95ee-7e13e0096d36 at current term 1
2022-03-03 08:20:26,141 [grpc-default-executor-2] INFO  server.RaftServer$Division (RaftServerImpl.java:requestVote(1078)) - bbb996b9-cb57-429e-b9a5-f900bfe28cb3@group-904C6079E864 replies to ELECTION vote request: b80209a9-e74f-462d-bd7e-a1c457e8621c<-bbb996b9-cb57-429e-b9a5-f900bfe28cb3#0:FAIL-t1. Peer's state: bbb996b9-cb57-429e-b9a5-f900bfe28cb3@group-904C6079E864:t1, leader=null, voted=abae3395-e125-494e-95ee-7e13e0096d36, raftlog=bbb996b9-cb57-429e-b9a5-f900bfe28cb3@group-904C6079E864-SegmentedRaftLog:OPENED:c-1, conf=-1: [bbb996b9-cb57-429e-b9a5-f900bfe28cb3|rpc:127.0.0.1:39561|priority:0, b80209a9-e74f-462d-bd7e-a1c457e8621c|rpc:127.0.0.1:37755|priority:1, abae3395-e125-494e-95ee-7e13e0096d36|rpc:127.0.0.1:37079|priority:0], old=null
2022-03-03 08:20:26,140 [grpc-default-executor-0] INFO  impl.VoteContext (VoteContext.java:log(48)) - abae3395-e125-494e-95ee-7e13e0096d36@group-904C6079E864-FOLLOWER: reject ELECTION from b80209a9-e74f-462d-bd7e-a1c457e8621c: already has voted for abae3395-e125-494e-95ee-7e13e0096d36 at current term 1
2022-03-03 08:20:26,141 [grpc-default-executor-0] INFO  server.RaftServer$Division (RaftServerImpl.java:requestVote(1078)) - abae3395-e125-494e-95ee-7e13e0096d36@group-904C6079E864 replies to ELECTION vote request: b80209a9-e74f-462d-bd7e-a1c457e8621c<-abae3395-e125-494e-95ee-7e13e0096d36#0:FAIL-t1. Peer's state: abae3395-e125-494e-95ee-7e13e0096d36@group-904C6079E864:t1, leader=null, voted=abae3395-e125-494e-95ee-7e13e0096d36, raftlog=abae3395-e125-494e-95ee-7e13e0096d36@group-904C6079E864-SegmentedRaftLog:OPENED:c-1, conf=-1: [bbb996b9-cb57-429e-b9a5-f900bfe28cb3|rpc:127.0.0.1:39561|dataStream:|priority:0, b80209a9-e74f-462d-bd7e-a1c457e8621c|rpc:127.0.0.1:37755|dataStream:|priority:1, abae3395-e125-494e-95ee-7e13e0096d36|rpc:127.0.0.1:37079|dataStream:|priority:0], old=null
2022-03-03 08:20:26,143 [b80209a9-e74f-462d-bd7e-a1c457e8621c@group-904C6079E864-LeaderElection25] INFO  impl.LeaderElection (LeaderElection.java:logAndReturn(89)) - b80209a9-e74f-462d-bd7e-a1c457e8621c@group-904C6079E864-LeaderElection25: ELECTION REJECTED received 2 response(s) and 0 exception(s):
2022-03-03 08:20:26,143 [b80209a9-e74f-462d-bd7e-a1c457e8621c@group-904C6079E864-LeaderElection25] INFO  impl.LeaderElection (LeaderElection.java:logAndReturn(93)) -   Response 0: b80209a9-e74f-462d-bd7e-a1c457e8621c<-bbb996b9-cb57-429e-b9a5-f900bfe28cb3#0:FAIL-t1
2022-03-03 08:20:26,143 [b80209a9-e74f-462d-bd7e-a1c457e8621c@group-904C6079E864-LeaderElection25] INFO  impl.LeaderElection (LeaderElection.java:logAndReturn(93)) -   Response 1: b80209a9-e74f-462d-bd7e-a1c457e8621c<-abae3395-e125-494e-95ee-7e13e0096d36#0:FAIL-t1
2022-03-03 08:20:26,143 [b80209a9-e74f-462d-bd7e-a1c457e8621c@group-904C6079E864-LeaderElection25] INFO  impl.LeaderElection (LeaderElection.java:askForVotes(308)) - b80209a9-e74f-462d-bd7e-a1c457e8621c@group-904C6079E864-LeaderElection25 ELECTION round 0: result REJECTED
2022-03-03 08:20:26,143 [b80209a9-e74f-462d-bd7e-a1c457e8621c@group-904C6079E864-LeaderElection25] INFO  server.RaftServer$Division (RaftServerImpl.java:setRole(290)) - b80209a9-e74f-462d-bd7e-a1c457e8621c@group-904C6079E864: changes role from CANDIDATE to FOLLOWER at term 1 for REJECTED
2022-03-03 08:20:26,143 [b80209a9-e74f-462d-bd7e-a1c457e8621c@group-904C6079E864-LeaderElection25] INFO  impl.RoleInfo (RoleInfo.java:shutdownLeaderElection(121)) - b80209a9-e74f-462d-bd7e-a1c457e8621c: shutdown b80209a9-e74f-462d-bd7e-a1c457e8621c@group-904C6079E864-LeaderElection25
2022-03-03 08:20:26,143 [b80209a9-e74f-462d-bd7e-a1c457e8621c@group-904C6079E864-LeaderElection25] INFO  impl.RoleInfo (RoleInfo.java:updateAndGet(130)) - b80209a9-e74f-462d-bd7e-a1c457e8621c: start b80209a9-e74f-462d-bd7e-a1c457e8621c@group-904C6079E864-FollowerState
2022-03-03 08:20:26,173 [bbb996b9-cb57-429e-b9a5-f900bfe28cb3@group-A675EEA9AB58-FollowerState] INFO  impl.FollowerState (FollowerState.java:run(134)) - bbb996b9-cb57-429e-b9a5-f900bfe28cb3@group-A675EEA9AB58-FollowerState: change to CANDIDATE, lastRpcElapsedTime:5211194749ns, electionTimeout:5199ms
2022-03-03 08:20:26,173 [bbb996b9-cb57-429e-b9a5-f900bfe28cb3@group-A675EEA9AB58-FollowerState] INFO  impl.RoleInfo (RoleInfo.java:shutdownFollowerState(108)) - bbb996b9-cb57-429e-b9a5-f900bfe28cb3: shutdown bbb996b9-cb57-429e-b9a5-f900bfe28cb3@group-A675EEA9AB58-FollowerState
2022-03-03 08:20:26,173 [bbb996b9-cb57-429e-b9a5-f900bfe28cb3@group-A675EEA9AB58-FollowerState] INFO  server.RaftServer$Division (RaftServerImpl.java:setRole(290)) - bbb996b9-cb57-429e-b9a5-f900bfe28cb3@group-A675EEA9AB58: changes role from  FOLLOWER to CANDIDATE at term 0 for changeToCandidate
2022-03-03 08:20:26,173 [bbb996b9-cb57-429e-b9a5-f900bfe28cb3@group-A675EEA9AB58-FollowerState] INFO  server.RaftServerConfigKeys (ConfUtils.java:logGet(44)) - raft.server.leaderelection.pre-vote = false (custom)
2022-03-03 08:20:26,173 [bbb996b9-cb57-429e-b9a5-f900bfe28cb3@group-A675EEA9AB58-FollowerState] INFO  impl.RoleInfo (RoleInfo.java:updateAndGet(130)) - bbb996b9-cb57-429e-b9a5-f900bfe28cb3: start bbb996b9-cb57-429e-b9a5-f900bfe28cb3@group-A675EEA9AB58-LeaderElection26
2022-03-03 08:20:26,185 [bbb996b9-cb57-429e-b9a5-f900bfe28cb3@group-A675EEA9AB58-LeaderElection26] INFO  impl.LeaderElection (LeaderElection.java:askForVotes(306)) - bbb996b9-cb57-429e-b9a5-f900bfe28cb3@group-A675EEA9AB58-LeaderElection26 ELECTION round 0: submit vote requests at term 1 for -1: [bbb996b9-cb57-429e-b9a5-f900bfe28cb3|rpc:127.0.0.1:39561|priority:1], old=null
2022-03-03 08:20:26,186 [bbb996b9-cb57-429e-b9a5-f900bfe28cb3@group-A675EEA9AB58-LeaderElection26] INFO  impl.LeaderElection (LeaderElection.java:askForVotes(308)) - bbb996b9-cb57-429e-b9a5-f900bfe28cb3@group-A675EEA9AB58-LeaderElection26 ELECTION round 0: result PASSED (term=1)
2022-03-03 08:20:26,186 [bbb996b9-cb57-429e-b9a5-f900bfe28cb3@group-A675EEA9AB58-LeaderElection26] INFO  impl.RoleInfo (RoleInfo.java:shutdownLeaderElection(121)) - bbb996b9-cb57-429e-b9a5-f900bfe28cb3: shutdown bbb996b9-cb57-429e-b9a5-f900bfe28cb3@group-A675EEA9AB58-LeaderElection26
2022-03-03 08:20:26,186 [bbb996b9-cb57-429e-b9a5-f900bfe28cb3@group-A675EEA9AB58-LeaderElection26] INFO  server.RaftServer$Division (RaftServerImpl.java:setRole(290)) - bbb996b9-cb57-429e-b9a5-f900bfe28cb3@group-A675EEA9AB58: changes role from CANDIDATE to LEADER at term 1 for changeToLeader
2022-03-03 08:20:26,186 [bbb996b9-cb57-429e-b9a5-f900bfe28cb3@group-A675EEA9AB58-LeaderElection26] INFO  ratis.XceiverServerRatis (XceiverServerRatis.java:handleLeaderChangedNotification(867)) - Leader change notification received for group: group-A675EEA9AB58 with new leaderId: bbb996b9-cb57-429e-b9a5-f900bfe28cb3
2022-03-03 08:20:26,188 [EventQueue-OpenPipelineForHealthyPipelineSafeModeRule] INFO  safemode.SCMSafeModeManager (HealthyPipelineSafeModeRule.java:process(124)) - SCM in safe mode. Healthy pipelines reported count is 0, required healthy pipeline reported count is 1
2022-03-03 08:20:26,189 [EventQueue-OpenPipelineForHealthyPipelineSafeModeRule] INFO  safemode.SCMSafeModeManager (HealthyPipelineSafeModeRule.java:process(124)) - SCM in safe mode. Healthy pipelines reported count is 0, required healthy pipeline reported count is 1
2022-03-03 08:20:26,191 [bbb996b9-cb57-429e-b9a5-f900bfe28cb3@group-A675EEA9AB58-LeaderElection26] INFO  server.RaftServer$Division (ServerState.java:setLeader(285)) - bbb996b9-cb57-429e-b9a5-f900bfe28cb3@group-A675EEA9AB58: change Leader from null to bbb996b9-cb57-429e-b9a5-f900bfe28cb3 at term 1 for becomeLeader, leader elected after 5284ms
2022-03-03 08:20:26,191 [bbb996b9-cb57-429e-b9a5-f900bfe28cb3@group-A675EEA9AB58-LeaderElection26] INFO  server.RaftServerConfigKeys (ConfUtils.java:logGet(44)) - raft.server.staging.catchup.gap = 1000 (default)
2022-03-03 08:20:26,192 [bbb996b9-cb57-429e-b9a5-f900bfe28cb3@group-A675EEA9AB58-LeaderElection26] INFO  server.RaftServerConfigKeys (ConfUtils.java:logGet(44)) - raft.server.write.element-limit = 1024 (custom)
2022-03-03 08:20:26,192 [bbb996b9-cb57-429e-b9a5-f900bfe28cb3@group-A675EEA9AB58-LeaderElection26] INFO  server.RaftServerConfigKeys (ConfUtils.java:logGet(44)) - raft.server.write.byte-limit = 1024 M (=1073741824) (custom)
2022-03-03 08:20:26,196 [bbb996b9-cb57-429e-b9a5-f900bfe28cb3@group-A675EEA9AB58-LeaderElection26] INFO  server.RaftServerConfigKeys (ConfUtils.java:logGet(44)) - raft.server.watch.timeout = 180s (custom)
2022-03-03 08:20:26,196 [bbb996b9-cb57-429e-b9a5-f900bfe28cb3@group-A675EEA9AB58-LeaderElection26] INFO  server.RaftServerConfigKeys (ConfUtils.java:logGet(44)) - raft.server.watch.timeout.denomination = 1s (default)
2022-03-03 08:20:26,197 [bbb996b9-cb57-429e-b9a5-f900bfe28cb3@group-A675EEA9AB58-LeaderElection26] INFO  server.RaftServerConfigKeys (ConfUtils.java:logGet(44)) - raft.server.watch.element-limit = 65536 (default)
2022-03-03 08:20:26,197 [bbb996b9-cb57-429e-b9a5-f900bfe28cb3@group-A675EEA9AB58-LeaderElection26] INFO  server.RaftServerConfigKeys (ConfUtils.java:logGet(44)) - raft.server.write.element-limit = 1024 (custom)
2022-03-03 08:20:26,197 [bbb996b9-cb57-429e-b9a5-f900bfe28cb3@group-A675EEA9AB58-LeaderElection26] INFO  server.RaftServerConfigKeys (ConfUtils.java:logGet(44)) - raft.server.write.follower.gap.ratio.max = -1.0 (default)
2022-03-03 08:20:26,197 [bbb996b9-cb57-429e-b9a5-f900bfe28cb3@group-A675EEA9AB58-LeaderElection26] INFO  impl.RoleInfo (RoleInfo.java:updateAndGet(130)) - bbb996b9-cb57-429e-b9a5-f900bfe28cb3: start bbb996b9-cb57-429e-b9a5-f900bfe28cb3@group-A675EEA9AB58-LeaderStateImpl
2022-03-03 08:20:26,197 [bbb996b9-cb57-429e-b9a5-f900bfe28cb3@group-A675EEA9AB58-LeaderElection26] INFO  segmented.SegmentedRaftLogWorker (SegmentedRaftLogWorker.java:startLogSegment(394)) - bbb996b9-cb57-429e-b9a5-f900bfe28cb3@group-A675EEA9AB58-SegmentedRaftLogWorker: Starting segment from index:0
2022-03-03 08:20:26,199 [bbb996b9-cb57-429e-b9a5-f900bfe28cb3@group-A675EEA9AB58-SegmentedRaftLogWorker] INFO  segmented.SegmentedRaftLogWorker (SegmentedRaftLogWorker.java:execute(601)) - bbb996b9-cb57-429e-b9a5-f900bfe28cb3@group-A675EEA9AB58-SegmentedRaftLogWorker: created new log segment /home/runner/work/ozone/ozone/hadoop-ozone/integration-test/target/test-dir/MiniOzoneClusterImpl-5b82a1ad-a074-4eb8-9e24-eb4e8d1567b6/datanode-1/data/ratis/608722da-63ea-48e0-a2c4-a675eea9ab58/current/log_inprogress_0
2022-03-03 08:20:26,206 [bbb996b9-cb57-429e-b9a5-f900bfe28cb3@group-A675EEA9AB58-LeaderElection26] INFO  server.RaftServer$Division (ServerState.java:setRaftConf(387)) - bbb996b9-cb57-429e-b9a5-f900bfe28cb3@group-A675EEA9AB58: set configuration 0: [bbb996b9-cb57-429e-b9a5-f900bfe28cb3|rpc:127.0.0.1:39561|dataStream:|priority:1], old=null
2022-03-03 08:20:26,267 [Listener at 127.0.0.1/42883] INFO  ozone.MiniOzoneClusterImpl (MiniOzoneClusterImpl.java:lambda$waitForClusterToBeReady$0(219)) - Nodes are ready. Got 3 of 3 DN Heartbeats.
2022-03-03 08:20:26,268 [Listener at 127.0.0.1/42883] INFO  ozone.MiniOzoneClusterImpl (MiniOzoneClusterImpl.java:lambda$waitForClusterToBeReady$0(222)) - Waiting for cluster to exit safe mode
2022-03-03 08:20:26,268 [Listener at 127.0.0.1/42883] INFO  ozone.MiniOzoneClusterImpl (MiniOzoneClusterImpl.java:lambda$waitForClusterToBeReady$0(224)) - SCM became leader
2022-03-03 08:20:26,453 [abae3395-e125-494e-95ee-7e13e0096d36@group-D7CF7704FB88-FollowerState] INFO  impl.FollowerState (FollowerState.java:run(134)) - abae3395-e125-494e-95ee-7e13e0096d36@group-D7CF7704FB88-FollowerState: change to CANDIDATE, lastRpcElapsedTime:5075550424ns, electionTimeout:5063ms
2022-03-03 08:20:26,453 [abae3395-e125-494e-95ee-7e13e0096d36@group-D7CF7704FB88-FollowerState] INFO  impl.RoleInfo (RoleInfo.java:shutdownFollowerState(108)) - abae3395-e125-494e-95ee-7e13e0096d36: shutdown abae3395-e125-494e-95ee-7e13e0096d36@group-D7CF7704FB88-FollowerState
2022-03-03 08:20:26,453 [abae3395-e125-494e-95ee-7e13e0096d36@group-D7CF7704FB88-FollowerState] INFO  server.RaftServer$Division (RaftServerImpl.java:setRole(290)) - abae3395-e125-494e-95ee-7e13e0096d36@group-D7CF7704FB88: changes role from  FOLLOWER to CANDIDATE at term 0 for changeToCandidate
2022-03-03 08:20:26,453 [abae3395-e125-494e-95ee-7e13e0096d36@group-D7CF7704FB88-FollowerState] INFO  server.RaftServerConfigKeys (ConfUtils.java:logGet(44)) - raft.server.leaderelection.pre-vote = false (custom)
2022-03-03 08:20:26,453 [abae3395-e125-494e-95ee-7e13e0096d36@group-D7CF7704FB88-FollowerState] INFO  impl.RoleInfo (RoleInfo.java:updateAndGet(130)) - abae3395-e125-494e-95ee-7e13e0096d36: start abae3395-e125-494e-95ee-7e13e0096d36@group-D7CF7704FB88-LeaderElection27
2022-03-03 08:20:26,469 [abae3395-e125-494e-95ee-7e13e0096d36@group-D7CF7704FB88-LeaderElection27] INFO  impl.LeaderElection (LeaderElection.java:askForVotes(306)) - abae3395-e125-494e-95ee-7e13e0096d36@group-D7CF7704FB88-LeaderElection27 ELECTION round 0: submit vote requests at term 1 for -1: [abae3395-e125-494e-95ee-7e13e0096d36|rpc:127.0.0.1:37079|priority:1], old=null
2022-03-03 08:20:26,469 [abae3395-e125-494e-95ee-7e13e0096d36@group-D7CF7704FB88-LeaderElection27] INFO  impl.LeaderElection (LeaderElection.java:askForVotes(308)) - abae3395-e125-494e-95ee-7e13e0096d36@group-D7CF7704FB88-LeaderElection27 ELECTION round 0: result PASSED (term=1)
2022-03-03 08:20:26,469 [abae3395-e125-494e-95ee-7e13e0096d36@group-D7CF7704FB88-LeaderElection27] INFO  impl.RoleInfo (RoleInfo.java:shutdownLeaderElection(121)) - abae3395-e125-494e-95ee-7e13e0096d36: shutdown abae3395-e125-494e-95ee-7e13e0096d36@group-D7CF7704FB88-LeaderElection27
2022-03-03 08:20:26,469 [abae3395-e125-494e-95ee-7e13e0096d36@group-D7CF7704FB88-LeaderElection27] INFO  server.RaftServer$Division (RaftServerImpl.java:setRole(290)) - abae3395-e125-494e-95ee-7e13e0096d36@group-D7CF7704FB88: changes role from CANDIDATE to LEADER at term 1 for changeToLeader
2022-03-03 08:20:26,469 [abae3395-e125-494e-95ee-7e13e0096d36@group-D7CF7704FB88-LeaderElection27] INFO  ratis.XceiverServerRatis (XceiverServerRatis.java:handleLeaderChangedNotification(867)) - Leader change notification received for group: group-D7CF7704FB88 with new leaderId: abae3395-e125-494e-95ee-7e13e0096d36
2022-03-03 08:20:26,471 [abae3395-e125-494e-95ee-7e13e0096d36@group-D7CF7704FB88-LeaderElection27] INFO  server.RaftServer$Division (ServerState.java:setLeader(285)) - abae3395-e125-494e-95ee-7e13e0096d36@group-D7CF7704FB88: change Leader from null to abae3395-e125-494e-95ee-7e13e0096d36 at term 1 for becomeLeader, leader elected after 5134ms
2022-03-03 08:20:26,471 [abae3395-e125-494e-95ee-7e13e0096d36@group-D7CF7704FB88-LeaderElection27] INFO  server.RaftServerConfigKeys (ConfUtils.java:logGet(44)) - raft.server.staging.catchup.gap = 1000 (default)
2022-03-03 08:20:26,475 [EventQueue-OpenPipelineForHealthyPipelineSafeModeRule] INFO  safemode.SCMSafeModeManager (HealthyPipelineSafeModeRule.java:process(124)) - SCM in safe mode. Healthy pipelines reported count is 0, required healthy pipeline reported count is 1
2022-03-03 08:20:26,475 [EventQueue-OpenPipelineForHealthyPipelineSafeModeRule] INFO  safemode.SCMSafeModeManager (HealthyPipelineSafeModeRule.java:process(124)) - SCM in safe mode. Healthy pipelines reported count is 0, required healthy pipeline reported count is 1
2022-03-03 08:20:26,489 [abae3395-e125-494e-95ee-7e13e0096d36@group-D7CF7704FB88-LeaderElection27] INFO  server.RaftServerConfigKeys (ConfUtils.java:logGet(44)) - raft.server.write.element-limit = 1024 (custom)
2022-03-03 08:20:26,489 [abae3395-e125-494e-95ee-7e13e0096d36@group-D7CF7704FB88-LeaderElection27] INFO  server.RaftServerConfigKeys (ConfUtils.java:logGet(44)) - raft.server.write.byte-limit = 1024 M (=1073741824) (custom)
2022-03-03 08:20:26,491 [abae3395-e125-494e-95ee-7e13e0096d36@group-D7CF7704FB88-LeaderElection27] INFO  server.RaftServerConfigKeys (ConfUtils.java:logGet(44)) - raft.server.watch.timeout = 180s (custom)
2022-03-03 08:20:26,492 [abae3395-e125-494e-95ee-7e13e0096d36@group-D7CF7704FB88-LeaderElection27] INFO  server.RaftServerConfigKeys (ConfUtils.java:logGet(44)) - raft.server.watch.timeout.denomination = 1s (default)
2022-03-03 08:20:26,493 [abae3395-e125-494e-95ee-7e13e0096d36@group-D7CF7704FB88-LeaderElection27] INFO  server.RaftServerConfigKeys (ConfUtils.java:logGet(44)) - raft.server.watch.element-limit = 65536 (default)
2022-03-03 08:20:26,493 [abae3395-e125-494e-95ee-7e13e0096d36@group-D7CF7704FB88-LeaderElection27] INFO  server.RaftServerConfigKeys (ConfUtils.java:logGet(44)) - raft.server.write.element-limit = 1024 (custom)
2022-03-03 08:20:26,493 [abae3395-e125-494e-95ee-7e13e0096d36@group-D7CF7704FB88-LeaderElection27] INFO  server.RaftServerConfigKeys (ConfUtils.java:logGet(44)) - raft.server.write.follower.gap.ratio.max = -1.0 (default)
2022-03-03 08:20:26,498 [abae3395-e125-494e-95ee-7e13e0096d36@group-D7CF7704FB88-LeaderElection27] INFO  impl.RoleInfo (RoleInfo.java:updateAndGet(130)) - abae3395-e125-494e-95ee-7e13e0096d36: start abae3395-e125-494e-95ee-7e13e0096d36@group-D7CF7704FB88-LeaderStateImpl
2022-03-03 08:20:26,498 [abae3395-e125-494e-95ee-7e13e0096d36@group-D7CF7704FB88-LeaderElection27] INFO  segmented.SegmentedRaftLogWorker (SegmentedRaftLogWorker.java:startLogSegment(394)) - abae3395-e125-494e-95ee-7e13e0096d36@group-D7CF7704FB88-SegmentedRaftLogWorker: Starting segment from index:0
2022-03-03 08:20:26,501 [abae3395-e125-494e-95ee-7e13e0096d36@group-D7CF7704FB88-SegmentedRaftLogWorker] INFO  segmented.SegmentedRaftLogWorker (SegmentedRaftLogWorker.java:execute(601)) - abae3395-e125-494e-95ee-7e13e0096d36@group-D7CF7704FB88-SegmentedRaftLogWorker: created new log segment /home/runner/work/ozone/ozone/hadoop-ozone/integration-test/target/test-dir/MiniOzoneClusterImpl-5b82a1ad-a074-4eb8-9e24-eb4e8d1567b6/datanode-2/data/ratis/0f350692-c3b7-4a26-b7b5-d7cf7704fb88/current/log_inprogress_0
2022-03-03 08:20:26,502 [abae3395-e125-494e-95ee-7e13e0096d36@group-D7CF7704FB88-LeaderElection27] INFO  server.RaftServer$Division (ServerState.java:setRaftConf(387)) - abae3395-e125-494e-95ee-7e13e0096d36@group-D7CF7704FB88: set configuration 0: [abae3395-e125-494e-95ee-7e13e0096d36|rpc:127.0.0.1:37079|dataStream:|priority:1], old=null
2022-03-03 08:20:26,586 [Datanode State Machine Daemon Thread] ERROR datanode.RunningDatanodeState (RunningDatanodeState.java:computeNextContainerState(201)) - Error in executing end point task.
java.util.concurrent.ExecutionException: java.util.concurrent.TimeoutException
	at java.util.concurrent.FutureTask.report(FutureTask.java:122)
	at java.util.concurrent.FutureTask.get(FutureTask.java:192)
	at org.apache.hadoop.ozone.container.common.states.datanode.RunningDatanodeState.computeNextContainerState(RunningDatanodeState.java:193)
	at org.apache.hadoop.ozone.container.common.states.datanode.RunningDatanodeState.await(RunningDatanodeState.java:233)
	at org.apache.hadoop.ozone.container.common.states.datanode.RunningDatanodeState.await(RunningDatanodeState.java:50)
	at org.apache.hadoop.ozone.container.common.statemachine.StateContext.execute(StateContext.java:658)
	at org.apache.hadoop.ozone.container.common.statemachine.DatanodeStateMachine.startStateMachineThread(DatanodeStateMachine.java:283)
	at org.apache.hadoop.ozone.container.common.statemachine.DatanodeStateMachine.lambda$startDaemon$0(DatanodeStateMachine.java:471)
	at java.lang.Thread.run(Thread.java:750)
Caused by: java.util.concurrent.TimeoutException
	at java.util.concurrent.FutureTask.get(FutureTask.java:205)
	at org.apache.hadoop.ozone.container.common.states.datanode.RunningDatanodeState.lambda$execute$0(RunningDatanodeState.java:151)
	at java.util.concurrent.FutureTask.run(FutureTask.java:266)
	at java.util.concurrent.Executors$RunnableAdapter.call(Executors.java:511)
	at java.util.concurrent.FutureTask.run(FutureTask.java:266)
	at java.util.concurrent.ThreadPoolExecutor.runWorker(ThreadPoolExecutor.java:1149)
	at java.util.concurrent.ThreadPoolExecutor$Worker.run(ThreadPoolExecutor.java:624)
	... 1 more
2022-03-03 08:20:26,826 [EndpointStateMachine task thread for /127.0.0.1:43363 - 0 ] INFO  ipc.Client (Client.java:handleConnectionFailure(977)) - Retrying connect to server: localhost/127.0.0.1:43363. Already tried 9 time(s); retry policy is RetryUpToMaximumCountWithFixedSleep(maxRetries=15, sleepTime=1000 MILLISECONDS)
2022-03-03 08:20:26,925 [EndpointStateMachine task thread for /127.0.0.1:45429 - 0 ] INFO  ipc.Client (Client.java:handleConnectionFailure(977)) - Retrying connect to server: localhost/127.0.0.1:45429. Already tried 10 time(s); retry policy is RetryUpToMaximumCountWithFixedSleep(maxRetries=15, sleepTime=1000 MILLISECONDS)
2022-03-03 08:20:26,929 [EndpointStateMachine task thread for /127.0.0.1:39861 - 0 ] INFO  ipc.Client (Client.java:handleConnectionFailure(977)) - Retrying connect to server: localhost/127.0.0.1:39861. Already tried 9 time(s); retry policy is RetryUpToMaximumCountWithFixedSleep(maxRetries=15, sleepTime=1000 MILLISECONDS)
2022-03-03 08:20:27,268 [Listener at 127.0.0.1/42883] INFO  ozone.MiniOzoneClusterImpl (MiniOzoneClusterImpl.java:lambda$waitForClusterToBeReady$0(219)) - Nodes are ready. Got 3 of 3 DN Heartbeats.
2022-03-03 08:20:27,268 [Listener at 127.0.0.1/42883] INFO  ozone.MiniOzoneClusterImpl (MiniOzoneClusterImpl.java:lambda$waitForClusterToBeReady$0(222)) - Waiting for cluster to exit safe mode
2022-03-03 08:20:27,269 [Listener at 127.0.0.1/42883] INFO  ozone.MiniOzoneClusterImpl (MiniOzoneClusterImpl.java:lambda$waitForClusterToBeReady$0(224)) - SCM became leader
2022-03-03 08:20:27,471 [Datanode State Machine Daemon Thread] ERROR datanode.RunningDatanodeState (RunningDatanodeState.java:computeNextContainerState(201)) - Error in executing end point task.
java.util.concurrent.ExecutionException: java.util.concurrent.TimeoutException
	at java.util.concurrent.FutureTask.report(FutureTask.java:122)
	at java.util.concurrent.FutureTask.get(FutureTask.java:192)
	at org.apache.hadoop.ozone.container.common.states.datanode.RunningDatanodeState.computeNextContainerState(RunningDatanodeState.java:193)
	at org.apache.hadoop.ozone.container.common.states.datanode.RunningDatanodeState.await(RunningDatanodeState.java:233)
	at org.apache.hadoop.ozone.container.common.states.datanode.RunningDatanodeState.await(RunningDatanodeState.java:50)
	at org.apache.hadoop.ozone.container.common.statemachine.StateContext.execute(StateContext.java:658)
	at org.apache.hadoop.ozone.container.common.statemachine.DatanodeStateMachine.startStateMachineThread(DatanodeStateMachine.java:283)
	at org.apache.hadoop.ozone.container.common.statemachine.DatanodeStateMachine.lambda$startDaemon$0(DatanodeStateMachine.java:471)
	at java.lang.Thread.run(Thread.java:750)
Caused by: java.util.concurrent.TimeoutException
	at java.util.concurrent.FutureTask.get(FutureTask.java:205)
	at org.apache.hadoop.ozone.container.common.states.datanode.RunningDatanodeState.lambda$execute$0(RunningDatanodeState.java:151)
	at java.util.concurrent.FutureTask.run(FutureTask.java:266)
	at java.util.concurrent.Executors$RunnableAdapter.call(Executors.java:511)
	at java.util.concurrent.FutureTask.run(FutureTask.java:266)
	at java.util.concurrent.ThreadPoolExecutor.runWorker(ThreadPoolExecutor.java:1149)
	at java.util.concurrent.ThreadPoolExecutor$Worker.run(ThreadPoolExecutor.java:624)
	... 1 more
2022-03-03 08:20:27,589 [Datanode State Machine Daemon Thread] ERROR datanode.RunningDatanodeState (RunningDatanodeState.java:computeNextContainerState(201)) - Error in executing end point task.
java.util.concurrent.ExecutionException: java.util.concurrent.TimeoutException
	at java.util.concurrent.FutureTask.report(FutureTask.java:122)
	at java.util.concurrent.FutureTask.get(FutureTask.java:192)
	at org.apache.hadoop.ozone.container.common.states.datanode.RunningDatanodeState.computeNextContainerState(RunningDatanodeState.java:193)
	at org.apache.hadoop.ozone.container.common.states.datanode.RunningDatanodeState.await(RunningDatanodeState.java:233)
	at org.apache.hadoop.ozone.container.common.states.datanode.RunningDatanodeState.await(RunningDatanodeState.java:50)
	at org.apache.hadoop.ozone.container.common.statemachine.StateContext.execute(StateContext.java:658)
	at org.apache.hadoop.ozone.container.common.statemachine.DatanodeStateMachine.startStateMachineThread(DatanodeStateMachine.java:283)
	at org.apache.hadoop.ozone.container.common.statemachine.DatanodeStateMachine.lambda$startDaemon$0(DatanodeStateMachine.java:471)
	at java.lang.Thread.run(Thread.java:750)
Caused by: java.util.concurrent.TimeoutException
	at java.util.concurrent.FutureTask.get(FutureTask.java:205)
	at org.apache.hadoop.ozone.container.common.states.datanode.RunningDatanodeState.lambda$execute$0(RunningDatanodeState.java:151)
	at java.util.concurrent.FutureTask.run(FutureTask.java:266)
	at java.util.concurrent.Executors$RunnableAdapter.call(Executors.java:511)
	at java.util.concurrent.FutureTask.run(FutureTask.java:266)
	at java.util.concurrent.ThreadPoolExecutor.runWorker(ThreadPoolExecutor.java:1149)
	at java.util.concurrent.ThreadPoolExecutor$Worker.run(ThreadPoolExecutor.java:624)
	... 1 more
2022-03-03 08:20:27,826 [EndpointStateMachine task thread for /127.0.0.1:43363 - 0 ] INFO  ipc.Client (Client.java:handleConnectionFailure(977)) - Retrying connect to server: localhost/127.0.0.1:43363. Already tried 10 time(s); retry policy is RetryUpToMaximumCountWithFixedSleep(maxRetries=15, sleepTime=1000 MILLISECONDS)
2022-03-03 08:20:27,926 [EndpointStateMachine task thread for /127.0.0.1:45429 - 0 ] INFO  ipc.Client (Client.java:handleConnectionFailure(977)) - Retrying connect to server: localhost/127.0.0.1:45429. Already tried 11 time(s); retry policy is RetryUpToMaximumCountWithFixedSleep(maxRetries=15, sleepTime=1000 MILLISECONDS)
2022-03-03 08:20:27,929 [EndpointStateMachine task thread for /127.0.0.1:39861 - 0 ] INFO  ipc.Client (Client.java:handleConnectionFailure(977)) - Retrying connect to server: localhost/127.0.0.1:39861. Already tried 10 time(s); retry policy is RetryUpToMaximumCountWithFixedSleep(maxRetries=15, sleepTime=1000 MILLISECONDS)
2022-03-03 08:20:28,187 [Datanode State Machine Daemon Thread] ERROR datanode.RunningDatanodeState (RunningDatanodeState.java:computeNextContainerState(201)) - Error in executing end point task.
java.util.concurrent.ExecutionException: java.util.concurrent.TimeoutException
	at java.util.concurrent.FutureTask.report(FutureTask.java:122)
	at java.util.concurrent.FutureTask.get(FutureTask.java:192)
	at org.apache.hadoop.ozone.container.common.states.datanode.RunningDatanodeState.computeNextContainerState(RunningDatanodeState.java:193)
	at org.apache.hadoop.ozone.container.common.states.datanode.RunningDatanodeState.await(RunningDatanodeState.java:233)
	at org.apache.hadoop.ozone.container.common.states.datanode.RunningDatanodeState.await(RunningDatanodeState.java:50)
	at org.apache.hadoop.ozone.container.common.statemachine.StateContext.execute(StateContext.java:658)
	at org.apache.hadoop.ozone.container.common.statemachine.DatanodeStateMachine.startStateMachineThread(DatanodeStateMachine.java:283)
	at org.apache.hadoop.ozone.container.common.statemachine.DatanodeStateMachine.lambda$startDaemon$0(DatanodeStateMachine.java:471)
	at java.lang.Thread.run(Thread.java:750)
Caused by: java.util.concurrent.TimeoutException
	at java.util.concurrent.FutureTask.get(FutureTask.java:205)
	at org.apache.hadoop.ozone.container.common.states.datanode.RunningDatanodeState.lambda$execute$0(RunningDatanodeState.java:151)
	at java.util.concurrent.FutureTask.run(FutureTask.java:266)
	at java.util.concurrent.Executors$RunnableAdapter.call(Executors.java:511)
	at java.util.concurrent.FutureTask.run(FutureTask.java:266)
	at java.util.concurrent.ThreadPoolExecutor.runWorker(ThreadPoolExecutor.java:1149)
	at java.util.concurrent.ThreadPoolExecutor$Worker.run(ThreadPoolExecutor.java:624)
	... 1 more
2022-03-03 08:20:28,269 [Listener at 127.0.0.1/42883] INFO  ozone.MiniOzoneClusterImpl (MiniOzoneClusterImpl.java:lambda$waitForClusterToBeReady$0(219)) - Nodes are ready. Got 3 of 3 DN Heartbeats.
2022-03-03 08:20:28,269 [Listener at 127.0.0.1/42883] INFO  ozone.MiniOzoneClusterImpl (MiniOzoneClusterImpl.java:lambda$waitForClusterToBeReady$0(222)) - Waiting for cluster to exit safe mode
2022-03-03 08:20:28,269 [Listener at 127.0.0.1/42883] INFO  ozone.MiniOzoneClusterImpl (MiniOzoneClusterImpl.java:lambda$waitForClusterToBeReady$0(224)) - SCM became leader
2022-03-03 08:20:28,827 [EndpointStateMachine task thread for /127.0.0.1:43363 - 0 ] INFO  ipc.Client (Client.java:handleConnectionFailure(977)) - Retrying connect to server: localhost/127.0.0.1:43363. Already tried 11 time(s); retry policy is RetryUpToMaximumCountWithFixedSleep(maxRetries=15, sleepTime=1000 MILLISECONDS)
2022-03-03 08:20:28,926 [EndpointStateMachine task thread for /127.0.0.1:45429 - 0 ] INFO  ipc.Client (Client.java:handleConnectionFailure(977)) - Retrying connect to server: localhost/127.0.0.1:45429. Already tried 12 time(s); retry policy is RetryUpToMaximumCountWithFixedSleep(maxRetries=15, sleepTime=1000 MILLISECONDS)
2022-03-03 08:20:28,930 [EndpointStateMachine task thread for /127.0.0.1:39861 - 0 ] INFO  ipc.Client (Client.java:handleConnectionFailure(977)) - Retrying connect to server: localhost/127.0.0.1:39861. Already tried 11 time(s); retry policy is RetryUpToMaximumCountWithFixedSleep(maxRetries=15, sleepTime=1000 MILLISECONDS)
2022-03-03 08:20:29,274 [Listener at 127.0.0.1/42883] INFO  ozone.MiniOzoneClusterImpl (MiniOzoneClusterImpl.java:lambda$waitForClusterToBeReady$0(219)) - Nodes are ready. Got 3 of 3 DN Heartbeats.
2022-03-03 08:20:29,274 [Listener at 127.0.0.1/42883] INFO  ozone.MiniOzoneClusterImpl (MiniOzoneClusterImpl.java:lambda$waitForClusterToBeReady$0(222)) - Waiting for cluster to exit safe mode
2022-03-03 08:20:29,274 [Listener at 127.0.0.1/42883] INFO  ozone.MiniOzoneClusterImpl (MiniOzoneClusterImpl.java:lambda$waitForClusterToBeReady$0(224)) - SCM became leader
2022-03-03 08:20:29,597 [Datanode State Machine Daemon Thread] ERROR datanode.RunningDatanodeState (RunningDatanodeState.java:computeNextContainerState(201)) - Error in executing end point task.
java.util.concurrent.ExecutionException: java.util.concurrent.TimeoutException
	at java.util.concurrent.FutureTask.report(FutureTask.java:122)
	at java.util.concurrent.FutureTask.get(FutureTask.java:192)
	at org.apache.hadoop.ozone.container.common.states.datanode.RunningDatanodeState.computeNextContainerState(RunningDatanodeState.java:193)
	at org.apache.hadoop.ozone.container.common.states.datanode.RunningDatanodeState.await(RunningDatanodeState.java:233)
	at org.apache.hadoop.ozone.container.common.states.datanode.RunningDatanodeState.await(RunningDatanodeState.java:50)
	at org.apache.hadoop.ozone.container.common.statemachine.StateContext.execute(StateContext.java:658)
	at org.apache.hadoop.ozone.container.common.statemachine.DatanodeStateMachine.startStateMachineThread(DatanodeStateMachine.java:283)
	at org.apache.hadoop.ozone.container.common.statemachine.DatanodeStateMachine.lambda$startDaemon$0(DatanodeStateMachine.java:471)
	at java.lang.Thread.run(Thread.java:750)
Caused by: java.util.concurrent.TimeoutException
	at java.util.concurrent.FutureTask.get(FutureTask.java:205)
	at org.apache.hadoop.ozone.container.common.states.datanode.RunningDatanodeState.lambda$execute$0(RunningDatanodeState.java:151)
	at java.util.concurrent.FutureTask.run(FutureTask.java:266)
	at java.util.concurrent.Executors$RunnableAdapter.call(Executors.java:511)
	at java.util.concurrent.FutureTask.run(FutureTask.java:266)
	at java.util.concurrent.ThreadPoolExecutor.runWorker(ThreadPoolExecutor.java:1149)
	at java.util.concurrent.ThreadPoolExecutor$Worker.run(ThreadPoolExecutor.java:624)
	... 1 more
2022-03-03 08:20:29,828 [EndpointStateMachine task thread for /127.0.0.1:43363 - 0 ] INFO  ipc.Client (Client.java:handleConnectionFailure(977)) - Retrying connect to server: localhost/127.0.0.1:43363. Already tried 12 time(s); retry policy is RetryUpToMaximumCountWithFixedSleep(maxRetries=15, sleepTime=1000 MILLISECONDS)
2022-03-03 08:20:29,927 [EndpointStateMachine task thread for /127.0.0.1:45429 - 0 ] INFO  ipc.Client (Client.java:handleConnectionFailure(977)) - Retrying connect to server: localhost/127.0.0.1:45429. Already tried 13 time(s); retry policy is RetryUpToMaximumCountWithFixedSleep(maxRetries=15, sleepTime=1000 MILLISECONDS)
2022-03-03 08:20:29,930 [EndpointStateMachine task thread for /127.0.0.1:39861 - 0 ] INFO  ipc.Client (Client.java:handleConnectionFailure(977)) - Retrying connect to server: localhost/127.0.0.1:39861. Already tried 12 time(s); retry policy is RetryUpToMaximumCountWithFixedSleep(maxRetries=15, sleepTime=1000 MILLISECONDS)
2022-03-03 08:20:30,275 [Listener at 127.0.0.1/42883] INFO  ozone.MiniOzoneClusterImpl (MiniOzoneClusterImpl.java:lambda$waitForClusterToBeReady$0(219)) - Nodes are ready. Got 3 of 3 DN Heartbeats.
2022-03-03 08:20:30,275 [Listener at 127.0.0.1/42883] INFO  ozone.MiniOzoneClusterImpl (MiniOzoneClusterImpl.java:lambda$waitForClusterToBeReady$0(222)) - Waiting for cluster to exit safe mode
2022-03-03 08:20:30,275 [Listener at 127.0.0.1/42883] INFO  ozone.MiniOzoneClusterImpl (MiniOzoneClusterImpl.java:lambda$waitForClusterToBeReady$0(224)) - SCM became leader
2022-03-03 08:20:30,829 [EndpointStateMachine task thread for /127.0.0.1:43363 - 0 ] INFO  ipc.Client (Client.java:handleConnectionFailure(977)) - Retrying connect to server: localhost/127.0.0.1:43363. Already tried 13 time(s); retry policy is RetryUpToMaximumCountWithFixedSleep(maxRetries=15, sleepTime=1000 MILLISECONDS)
2022-03-03 08:20:30,842 [abae3395-e125-494e-95ee-7e13e0096d36@group-736048A98C4E-FollowerState] INFO  impl.FollowerState (FollowerState.java:run(134)) - abae3395-e125-494e-95ee-7e13e0096d36@group-736048A98C4E-FollowerState: change to CANDIDATE, lastRpcElapsedTime:5025488118ns, electionTimeout:5023ms
2022-03-03 08:20:30,843 [abae3395-e125-494e-95ee-7e13e0096d36@group-736048A98C4E-FollowerState] INFO  impl.RoleInfo (RoleInfo.java:shutdownFollowerState(108)) - abae3395-e125-494e-95ee-7e13e0096d36: shutdown abae3395-e125-494e-95ee-7e13e0096d36@group-736048A98C4E-FollowerState
2022-03-03 08:20:30,843 [abae3395-e125-494e-95ee-7e13e0096d36@group-736048A98C4E-FollowerState] INFO  server.RaftServer$Division (RaftServerImpl.java:setRole(290)) - abae3395-e125-494e-95ee-7e13e0096d36@group-736048A98C4E: changes role from  FOLLOWER to CANDIDATE at term 1 for changeToCandidate
2022-03-03 08:20:30,843 [abae3395-e125-494e-95ee-7e13e0096d36@group-736048A98C4E-FollowerState] INFO  server.RaftServerConfigKeys (ConfUtils.java:logGet(44)) - raft.server.leaderelection.pre-vote = false (custom)
2022-03-03 08:20:30,843 [abae3395-e125-494e-95ee-7e13e0096d36@group-736048A98C4E-FollowerState] INFO  impl.RoleInfo (RoleInfo.java:updateAndGet(130)) - abae3395-e125-494e-95ee-7e13e0096d36: start abae3395-e125-494e-95ee-7e13e0096d36@group-736048A98C4E-LeaderElection28
2022-03-03 08:20:30,851 [abae3395-e125-494e-95ee-7e13e0096d36@group-736048A98C4E-LeaderElection28] INFO  impl.LeaderElection (LeaderElection.java:askForVotes(306)) - abae3395-e125-494e-95ee-7e13e0096d36@group-736048A98C4E-LeaderElection28 ELECTION round 0: submit vote requests at term 2 for -1: [bbb996b9-cb57-429e-b9a5-f900bfe28cb3|rpc:127.0.0.1:39561|dataStream:|priority:0, b80209a9-e74f-462d-bd7e-a1c457e8621c|rpc:127.0.0.1:37755|dataStream:|priority:0, abae3395-e125-494e-95ee-7e13e0096d36|rpc:127.0.0.1:37079|dataStream:|priority:1], old=null
2022-03-03 08:20:30,858 [grpc-default-executor-2] INFO  server.RaftServer$Division (RaftServerImpl.java:requestVote(1046)) - bbb996b9-cb57-429e-b9a5-f900bfe28cb3@group-736048A98C4E: receive requestVote(ELECTION, abae3395-e125-494e-95ee-7e13e0096d36, group-736048A98C4E, 2, (t:0, i:0))
2022-03-03 08:20:30,859 [grpc-default-executor-0] INFO  server.RaftServer$Division (RaftServerImpl.java:requestVote(1046)) - b80209a9-e74f-462d-bd7e-a1c457e8621c@group-736048A98C4E: receive requestVote(ELECTION, abae3395-e125-494e-95ee-7e13e0096d36, group-736048A98C4E, 2, (t:0, i:0))
2022-03-03 08:20:30,859 [grpc-default-executor-0] INFO  impl.VoteContext (VoteContext.java:log(48)) - b80209a9-e74f-462d-bd7e-a1c457e8621c@group-736048A98C4E-FOLLOWER: accept ELECTION from abae3395-e125-494e-95ee-7e13e0096d36: our priority 0 <= candidate's priority 1
2022-03-03 08:20:30,859 [grpc-default-executor-0] INFO  server.RaftServer$Division (RaftServerImpl.java:setRole(290)) - b80209a9-e74f-462d-bd7e-a1c457e8621c@group-736048A98C4E: changes role from  FOLLOWER to FOLLOWER at term 2 for candidate:abae3395-e125-494e-95ee-7e13e0096d36
2022-03-03 08:20:30,859 [grpc-default-executor-0] INFO  impl.RoleInfo (RoleInfo.java:shutdownFollowerState(108)) - b80209a9-e74f-462d-bd7e-a1c457e8621c: shutdown b80209a9-e74f-462d-bd7e-a1c457e8621c@group-736048A98C4E-FollowerState
2022-03-03 08:20:30,859 [b80209a9-e74f-462d-bd7e-a1c457e8621c@group-736048A98C4E-FollowerState] INFO  impl.FollowerState (FollowerState.java:run(143)) - b80209a9-e74f-462d-bd7e-a1c457e8621c@group-736048A98C4E-FollowerState was interrupted: {}
java.lang.InterruptedException: sleep interrupted
	at java.lang.Thread.sleep(Native Method)
	at java.lang.Thread.sleep(Thread.java:342)
	at java.util.concurrent.TimeUnit.sleep(TimeUnit.java:386)
	at org.apache.ratis.util.TimeDuration.sleep(TimeDuration.java:324)
	at org.apache.ratis.util.TimeDuration.sleep(TimeDuration.java:309)
	at org.apache.ratis.server.impl.FollowerState.run(FollowerState.java:118)
2022-03-03 08:20:30,859 [grpc-default-executor-2] INFO  impl.VoteContext (VoteContext.java:log(48)) - bbb996b9-cb57-429e-b9a5-f900bfe28cb3@group-736048A98C4E-FOLLOWER: accept ELECTION from abae3395-e125-494e-95ee-7e13e0096d36: our priority 0 <= candidate's priority 1
2022-03-03 08:20:30,869 [grpc-default-executor-2] INFO  server.RaftServer$Division (RaftServerImpl.java:setRole(290)) - bbb996b9-cb57-429e-b9a5-f900bfe28cb3@group-736048A98C4E: changes role from  FOLLOWER to FOLLOWER at term 2 for candidate:abae3395-e125-494e-95ee-7e13e0096d36
2022-03-03 08:20:30,869 [grpc-default-executor-2] INFO  impl.RoleInfo (RoleInfo.java:shutdownFollowerState(108)) - bbb996b9-cb57-429e-b9a5-f900bfe28cb3: shutdown bbb996b9-cb57-429e-b9a5-f900bfe28cb3@group-736048A98C4E-FollowerState
2022-03-03 08:20:30,869 [grpc-default-executor-2] INFO  impl.RoleInfo (RoleInfo.java:updateAndGet(130)) - bbb996b9-cb57-429e-b9a5-f900bfe28cb3: start bbb996b9-cb57-429e-b9a5-f900bfe28cb3@group-736048A98C4E-FollowerState
2022-03-03 08:20:30,859 [grpc-default-executor-0] INFO  impl.RoleInfo (RoleInfo.java:updateAndGet(130)) - b80209a9-e74f-462d-bd7e-a1c457e8621c: start b80209a9-e74f-462d-bd7e-a1c457e8621c@group-736048A98C4E-FollowerState
2022-03-03 08:20:30,870 [bbb996b9-cb57-429e-b9a5-f900bfe28cb3@group-736048A98C4E-FollowerState] INFO  impl.FollowerState (FollowerState.java:run(143)) - bbb996b9-cb57-429e-b9a5-f900bfe28cb3@group-736048A98C4E-FollowerState was interrupted: {}
java.lang.InterruptedException: sleep interrupted
	at java.lang.Thread.sleep(Native Method)
	at java.lang.Thread.sleep(Thread.java:342)
	at java.util.concurrent.TimeUnit.sleep(TimeUnit.java:386)
	at org.apache.ratis.util.TimeDuration.sleep(TimeDuration.java:324)
	at org.apache.ratis.util.TimeDuration.sleep(TimeDuration.java:309)
	at org.apache.ratis.server.impl.FollowerState.run(FollowerState.java:118)
2022-03-03 08:20:30,873 [grpc-default-executor-2] INFO  server.RaftServer$Division (RaftServerImpl.java:requestVote(1078)) - bbb996b9-cb57-429e-b9a5-f900bfe28cb3@group-736048A98C4E replies to ELECTION vote request: abae3395-e125-494e-95ee-7e13e0096d36<-bbb996b9-cb57-429e-b9a5-f900bfe28cb3#0:OK-t2. Peer's state: bbb996b9-cb57-429e-b9a5-f900bfe28cb3@group-736048A98C4E:t2, leader=null, voted=abae3395-e125-494e-95ee-7e13e0096d36, raftlog=bbb996b9-cb57-429e-b9a5-f900bfe28cb3@group-736048A98C4E-SegmentedRaftLog:OPENED:c-1, conf=-1: [bbb996b9-cb57-429e-b9a5-f900bfe28cb3|rpc:127.0.0.1:39561|dataStream:|priority:0, b80209a9-e74f-462d-bd7e-a1c457e8621c|rpc:127.0.0.1:37755|dataStream:|priority:0, abae3395-e125-494e-95ee-7e13e0096d36|rpc:127.0.0.1:37079|dataStream:|priority:1], old=null
2022-03-03 08:20:30,875 [abae3395-e125-494e-95ee-7e13e0096d36@group-736048A98C4E-LeaderElection28] INFO  impl.LeaderElection (LeaderElection.java:logAndReturn(89)) - abae3395-e125-494e-95ee-7e13e0096d36@group-736048A98C4E-LeaderElection28: ELECTION PASSED received 1 response(s) and 0 exception(s):
2022-03-03 08:20:30,875 [abae3395-e125-494e-95ee-7e13e0096d36@group-736048A98C4E-LeaderElection28] INFO  impl.LeaderElection (LeaderElection.java:logAndReturn(93)) -   Response 0: abae3395-e125-494e-95ee-7e13e0096d36<-bbb996b9-cb57-429e-b9a5-f900bfe28cb3#0:OK-t2
2022-03-03 08:20:30,875 [abae3395-e125-494e-95ee-7e13e0096d36@group-736048A98C4E-LeaderElection28] INFO  impl.LeaderElection (LeaderElection.java:askForVotes(308)) - abae3395-e125-494e-95ee-7e13e0096d36@group-736048A98C4E-LeaderElection28 ELECTION round 0: result PASSED
2022-03-03 08:20:30,875 [abae3395-e125-494e-95ee-7e13e0096d36@group-736048A98C4E-LeaderElection28] INFO  impl.RoleInfo (RoleInfo.java:shutdownLeaderElection(121)) - abae3395-e125-494e-95ee-7e13e0096d36: shutdown abae3395-e125-494e-95ee-7e13e0096d36@group-736048A98C4E-LeaderElection28
2022-03-03 08:20:30,875 [abae3395-e125-494e-95ee-7e13e0096d36@group-736048A98C4E-LeaderElection28] INFO  server.RaftServer$Division (RaftServerImpl.java:setRole(290)) - abae3395-e125-494e-95ee-7e13e0096d36@group-736048A98C4E: changes role from CANDIDATE to LEADER at term 2 for changeToLeader
2022-03-03 08:20:30,876 [abae3395-e125-494e-95ee-7e13e0096d36@group-736048A98C4E-LeaderElection28] INFO  ratis.XceiverServerRatis (XceiverServerRatis.java:handleLeaderChangedNotification(867)) - Leader change notification received for group: group-736048A98C4E with new leaderId: abae3395-e125-494e-95ee-7e13e0096d36
2022-03-03 08:20:30,876 [abae3395-e125-494e-95ee-7e13e0096d36@group-736048A98C4E-LeaderElection28] INFO  server.RaftServer$Division (ServerState.java:setLeader(285)) - abae3395-e125-494e-95ee-7e13e0096d36@group-736048A98C4E: change Leader from null to abae3395-e125-494e-95ee-7e13e0096d36 at term 2 for becomeLeader, leader elected after 10262ms
2022-03-03 08:20:30,876 [abae3395-e125-494e-95ee-7e13e0096d36@group-736048A98C4E-LeaderElection28] INFO  server.RaftServerConfigKeys (ConfUtils.java:logGet(44)) - raft.server.staging.catchup.gap = 1000 (default)
2022-03-03 08:20:30,876 [abae3395-e125-494e-95ee-7e13e0096d36@group-736048A98C4E-LeaderElection28] INFO  server.RaftServerConfigKeys (ConfUtils.java:logGet(44)) - raft.server.write.element-limit = 1024 (custom)
2022-03-03 08:20:30,876 [abae3395-e125-494e-95ee-7e13e0096d36@group-736048A98C4E-LeaderElection28] INFO  server.RaftServerConfigKeys (ConfUtils.java:logGet(44)) - raft.server.write.byte-limit = 1024 M (=1073741824) (custom)
2022-03-03 08:20:30,877 [abae3395-e125-494e-95ee-7e13e0096d36@group-736048A98C4E-LeaderElection28] INFO  server.RaftServerConfigKeys (ConfUtils.java:logGet(44)) - raft.server.watch.timeout = 180s (custom)
2022-03-03 08:20:30,877 [abae3395-e125-494e-95ee-7e13e0096d36@group-736048A98C4E-LeaderElection28] INFO  server.RaftServerConfigKeys (ConfUtils.java:logGet(44)) - raft.server.watch.timeout.denomination = 1s (default)
2022-03-03 08:20:30,879 [EventQueue-OpenPipelineForHealthyPipelineSafeModeRule] INFO  safemode.SCMSafeModeManager (HealthyPipelineSafeModeRule.java:process(124)) - SCM in safe mode. Healthy pipelines reported count is 0, required healthy pipeline reported count is 1
2022-03-03 08:20:30,879 [EventQueue-PipelineReportForPipelineReportHandler] INFO  pipeline.PipelineManagerImpl (PipelineManagerImpl.java:openPipeline(291)) - Pipeline Pipeline[ Id: e9d922ff-3b74-428d-a214-736048a98c4e, Nodes: abae3395-e125-494e-95ee-7e13e0096d36{ip: 127.0.0.1, host: localhost, ports: [REPLICATION=35315, RATIS=37079, RATIS_ADMIN=37079, RATIS_SERVER=37079, STANDALONE=33507], networkLocation: /default-rack, certSerialId: null, persistedOpState: IN_SERVICE, persistedOpStateExpiryEpochSec: 0}bbb996b9-cb57-429e-b9a5-f900bfe28cb3{ip: 127.0.0.1, host: localhost, ports: [REPLICATION=38253, RATIS=39561, RATIS_ADMIN=39561, RATIS_SERVER=39561, STANDALONE=39773], networkLocation: /default-rack, certSerialId: null, persistedOpState: IN_SERVICE, persistedOpStateExpiryEpochSec: 0}b80209a9-e74f-462d-bd7e-a1c457e8621c{ip: 127.0.0.1, host: localhost, ports: [REPLICATION=36787, RATIS=37755, RATIS_ADMIN=37755, RATIS_SERVER=37755, STANDALONE=35793], networkLocation: /default-rack, certSerialId: null, persistedOpState: IN_SERVICE, persistedOpStateExpiryEpochSec: 0}, ReplicationConfig: RATIS/THREE, State:ALLOCATED, leaderId:abae3395-e125-494e-95ee-7e13e0096d36, CreationTimestamp2022-03-03T08:20:18.330Z[Etc/UTC]] moved to OPEN state
2022-03-03 08:20:30,878 [EventQueue-OpenPipelineForHealthyPipelineSafeModeRule] INFO  safemode.SCMSafeModeManager (HealthyPipelineSafeModeRule.java:process(124)) - SCM in safe mode. Healthy pipelines reported count is 0, required healthy pipeline reported count is 1
2022-03-03 08:20:30,878 [EventQueue-PipelineReportForPipelineReportHandler] INFO  pipeline.PipelineManagerImpl (PipelineManagerImpl.java:openPipeline(291)) - Pipeline Pipeline[ Id: e9d922ff-3b74-428d-a214-736048a98c4e, Nodes: abae3395-e125-494e-95ee-7e13e0096d36{ip: 127.0.0.1, host: localhost, ports: [REPLICATION=35315, RATIS=37079, RATIS_ADMIN=37079, RATIS_SERVER=37079, STANDALONE=33507], networkLocation: /default-rack, certSerialId: null, persistedOpState: IN_SERVICE, persistedOpStateExpiryEpochSec: 0}bbb996b9-cb57-429e-b9a5-f900bfe28cb3{ip: 127.0.0.1, host: localhost, ports: [REPLICATION=38253, RATIS=39561, RATIS_ADMIN=39561, RATIS_SERVER=39561, STANDALONE=39773], networkLocation: /default-rack, certSerialId: null, persistedOpState: IN_SERVICE, persistedOpStateExpiryEpochSec: 0}b80209a9-e74f-462d-bd7e-a1c457e8621c{ip: 127.0.0.1, host: localhost, ports: [REPLICATION=36787, RATIS=37755, RATIS_ADMIN=37755, RATIS_SERVER=37755, STANDALONE=35793], networkLocation: /default-rack, certSerialId: null, persistedOpState: IN_SERVICE, persistedOpStateExpiryEpochSec: 0}, ReplicationConfig: RATIS/THREE, State:ALLOCATED, leaderId:abae3395-e125-494e-95ee-7e13e0096d36, CreationTimestamp2022-03-03T08:20:18.330Z[Etc/UTC]] moved to OPEN state
2022-03-03 08:20:30,882 [abae3395-e125-494e-95ee-7e13e0096d36@group-736048A98C4E-LeaderElection28] INFO  server.RaftServerConfigKeys (ConfUtils.java:logGet(44)) - raft.server.watch.element-limit = 65536 (default)
2022-03-03 08:20:30,884 [abae3395-e125-494e-95ee-7e13e0096d36@group-736048A98C4E-LeaderElection28] INFO  server.RaftServerConfigKeys (ConfUtils.java:logGet(44)) - raft.server.write.element-limit = 1024 (custom)
2022-03-03 08:20:30,885 [abae3395-e125-494e-95ee-7e13e0096d36@group-736048A98C4E-LeaderElection28] INFO  server.RaftServerConfigKeys (ConfUtils.java:logGet(44)) - raft.server.write.follower.gap.ratio.max = -1.0 (default)
2022-03-03 08:20:30,885 [abae3395-e125-494e-95ee-7e13e0096d36@group-736048A98C4E-LeaderElection28] INFO  server.RaftServerConfigKeys (ConfUtils.java:logGet(44)) - raft.server.log.appender.snapshot.chunk.size.max = 16MB (=16777216) (default)
2022-03-03 08:20:30,885 [abae3395-e125-494e-95ee-7e13e0096d36@group-736048A98C4E-LeaderElection28] INFO  server.RaftServerConfigKeys (ConfUtils.java:logGet(44)) - raft.server.log.appender.buffer.byte-limit = 33554432 (custom)
2022-03-03 08:20:30,885 [abae3395-e125-494e-95ee-7e13e0096d36@group-736048A98C4E-LeaderElection28] INFO  server.RaftServerConfigKeys (ConfUtils.java:logGet(44)) - raft.server.log.appender.buffer.element-limit = 1 (custom)
2022-03-03 08:20:30,894 [abae3395-e125-494e-95ee-7e13e0096d36@group-736048A98C4E-LeaderElection28] INFO  grpc.GrpcConfigKeys (ConfUtils.java:logGet(44)) - raft.grpc.server.leader.outstanding.appends.max = 128 (default)
2022-03-03 08:20:30,894 [abae3395-e125-494e-95ee-7e13e0096d36@group-736048A98C4E-LeaderElection28] INFO  server.RaftServerConfigKeys (ConfUtils.java:logGet(44)) - raft.server.rpc.request.timeout = 60s (custom)
2022-03-03 08:20:30,894 [abae3395-e125-494e-95ee-7e13e0096d36@group-736048A98C4E-LeaderElection28] INFO  server.RaftServerConfigKeys (ConfUtils.java:logGet(44)) - raft.server.log.appender.install.snapshot.enabled = false (custom)
2022-03-03 08:20:30,896 [abae3395-e125-494e-95ee-7e13e0096d36@group-736048A98C4E-LeaderElection28] INFO  server.RaftServerConfigKeys (ConfUtils.java:logGet(44)) - raft.server.log.appender.snapshot.chunk.size.max = 16MB (=16777216) (default)
2022-03-03 08:20:30,896 [abae3395-e125-494e-95ee-7e13e0096d36@group-736048A98C4E-LeaderElection28] INFO  server.RaftServerConfigKeys (ConfUtils.java:logGet(44)) - raft.server.log.appender.buffer.byte-limit = 33554432 (custom)
2022-03-03 08:20:30,896 [abae3395-e125-494e-95ee-7e13e0096d36@group-736048A98C4E-LeaderElection28] INFO  server.RaftServerConfigKeys (ConfUtils.java:logGet(44)) - raft.server.log.appender.buffer.element-limit = 1 (custom)
2022-03-03 08:20:30,896 [grpc-default-executor-0] INFO  server.RaftServer$Division (RaftServerImpl.java:requestVote(1078)) - b80209a9-e74f-462d-bd7e-a1c457e8621c@group-736048A98C4E replies to ELECTION vote request: abae3395-e125-494e-95ee-7e13e0096d36<-b80209a9-e74f-462d-bd7e-a1c457e8621c#0:OK-t2. Peer's state: b80209a9-e74f-462d-bd7e-a1c457e8621c@group-736048A98C4E:t2, leader=null, voted=abae3395-e125-494e-95ee-7e13e0096d36, raftlog=b80209a9-e74f-462d-bd7e-a1c457e8621c@group-736048A98C4E-SegmentedRaftLog:OPENED:c-1, conf=-1: [bbb996b9-cb57-429e-b9a5-f900bfe28cb3|rpc:127.0.0.1:39561|priority:0, b80209a9-e74f-462d-bd7e-a1c457e8621c|rpc:127.0.0.1:37755|priority:0, abae3395-e125-494e-95ee-7e13e0096d36|rpc:127.0.0.1:37079|priority:1], old=null
2022-03-03 08:20:30,910 [abae3395-e125-494e-95ee-7e13e0096d36@group-736048A98C4E-LeaderElection28] INFO  grpc.GrpcConfigKeys (ConfUtils.java:logGet(44)) - raft.grpc.server.leader.outstanding.appends.max = 128 (default)
2022-03-03 08:20:30,910 [abae3395-e125-494e-95ee-7e13e0096d36@group-736048A98C4E-LeaderElection28] INFO  server.RaftServerConfigKeys (ConfUtils.java:logGet(44)) - raft.server.rpc.request.timeout = 60s (custom)
2022-03-03 08:20:30,910 [abae3395-e125-494e-95ee-7e13e0096d36@group-736048A98C4E-LeaderElection28] INFO  server.RaftServerConfigKeys (ConfUtils.java:logGet(44)) - raft.server.log.appender.install.snapshot.enabled = false (custom)
2022-03-03 08:20:30,911 [abae3395-e125-494e-95ee-7e13e0096d36@group-736048A98C4E-LeaderElection28] INFO  impl.RoleInfo (RoleInfo.java:updateAndGet(130)) - abae3395-e125-494e-95ee-7e13e0096d36: start abae3395-e125-494e-95ee-7e13e0096d36@group-736048A98C4E-LeaderStateImpl
2022-03-03 08:20:30,911 [abae3395-e125-494e-95ee-7e13e0096d36@group-736048A98C4E-LeaderElection28] INFO  segmented.SegmentedRaftLogWorker (SegmentedRaftLogWorker.java:startLogSegment(394)) - abae3395-e125-494e-95ee-7e13e0096d36@group-736048A98C4E-SegmentedRaftLogWorker: Starting segment from index:0
2022-03-03 08:20:30,915 [e7338982-199b-4e5a-937e-5a36927222d8@group-EB4E8D1567B6-StateMachineUpdater] INFO  safemode.HealthyPipelineSafeModeRule (HealthyPipelineSafeModeRule.java:initializeRule(152)) - Refreshed total pipeline count is 1, healthy pipeline threshold count is 1
2022-03-03 08:20:30,915 [EventQueue-OpenPipelineForHealthyPipelineSafeModeRule] INFO  safemode.SCMSafeModeManager (HealthyPipelineSafeModeRule.java:process(124)) - SCM in safe mode. Healthy pipelines reported count is 1, required healthy pipeline reported count is 1
2022-03-03 08:20:30,915 [EventQueue-OpenPipelineForHealthyPipelineSafeModeRule] INFO  safemode.SCMSafeModeManager (SCMSafeModeManager.java:validateSafeModeExitRules(204)) - HealthyPipelineSafeModeRule rule is successfully validated
2022-03-03 08:20:30,915 [EventQueue-OpenPipelineForHealthyPipelineSafeModeRule] INFO  safemode.SCMSafeModeManager (SCMSafeModeManager.java:validateSafeModeExitRules(219)) - ScmSafeModeManager, all rules are successfully validated
2022-03-03 08:20:30,915 [EventQueue-OpenPipelineForHealthyPipelineSafeModeRule] INFO  safemode.SCMSafeModeManager (SCMSafeModeManager.java:exitSafeMode(248)) - SCM exiting safe mode.
2022-03-03 08:20:30,915 [EventQueue-OpenPipelineForHealthyPipelineSafeModeRule] WARN  events.EventQueue (EventQueue.java:fireEvent(194)) - No event handler registered for event TypedEvent{payloadType=SafeModeStatus, name='Safe mode status'}
2022-03-03 08:20:30,915 [EventQueue-OpenPipelineForHealthyPipelineSafeModeRule] INFO  ha.SCMContext (SCMContext.java:updateSafeModeStatus(211)) - Update SafeModeStatus from SafeModeStatus{safeModeStatus=true, preCheckPassed=true} to SafeModeStatus{safeModeStatus=false, preCheckPassed=true}.
2022-03-03 08:20:30,915 [EventQueue-OpenPipelineForHealthyPipelineSafeModeRule] INFO  container.ReplicationManager (ReplicationManager.java:notifyStatusChanged(1807)) - Service ReplicationManager transitions to RUNNING.
2022-03-03 08:20:30,916 [abae3395-e125-494e-95ee-7e13e0096d36@group-736048A98C4E-SegmentedRaftLogWorker] INFO  segmented.SegmentedRaftLogWorker (SegmentedRaftLogWorker.java:execute(601)) - abae3395-e125-494e-95ee-7e13e0096d36@group-736048A98C4E-SegmentedRaftLogWorker: created new log segment /home/runner/work/ozone/ozone/hadoop-ozone/integration-test/target/test-dir/MiniOzoneClusterImpl-5b82a1ad-a074-4eb8-9e24-eb4e8d1567b6/datanode-2/data/ratis/e9d922ff-3b74-428d-a214-736048a98c4e/current/log_inprogress_0
2022-03-03 08:20:30,923 [1244aa64-d874-441f-9571-396032220701@group-EB4E8D1567B6-StateMachineUpdater] INFO  safemode.HealthyPipelineSafeModeRule (HealthyPipelineSafeModeRule.java:initializeRule(152)) - Refreshed total pipeline count is 1, healthy pipeline threshold count is 1
2022-03-03 08:20:30,924 [1244aa64-d874-441f-9571-396032220701@group-EB4E8D1567B6-StateMachineUpdater] INFO  ha.SCMStateMachine (SCMStateMachine.java:takeSnapshot(297)) - Current Snapshot Index 23, takeSnapshot took 0 ms
2022-03-03 08:20:30,924 [1244aa64-d874-441f-9571-396032220701@group-EB4E8D1567B6-StateMachineUpdater] INFO  impl.StateMachineUpdater (StateMachineUpdater.java:takeSnapshot(281)) - 1244aa64-d874-441f-9571-396032220701@group-EB4E8D1567B6-StateMachineUpdater: Took a snapshot at index 23
2022-03-03 08:20:30,924 [1244aa64-d874-441f-9571-396032220701@group-EB4E8D1567B6-StateMachineUpdater] INFO  impl.StateMachineUpdater (StateMachineUpdater.java:lambda$new$0(89)) - 1244aa64-d874-441f-9571-396032220701@group-EB4E8D1567B6-StateMachineUpdater: snapshotIndex: updateIncreasingly 18 -> 23
2022-03-03 08:20:30,924 [1244aa64-d874-441f-9571-396032220701@group-EB4E8D1567B6-StateMachineUpdater] INFO  raftlog.RaftLog (RaftLogBase.java:purge(306)) - 1244aa64-d874-441f-9571-396032220701@group-EB4E8D1567B6-SegmentedRaftLog: purge 23
2022-03-03 08:20:30,924 [1244aa64-d874-441f-9571-396032220701@group-EB4E8D1567B6-StateMachineUpdater] INFO  raftlog.RaftLog (RaftLogBase.java:lambda$new$0(53)) - 1244aa64-d874-441f-9571-396032220701@group-EB4E8D1567B6-SegmentedRaftLog: snapshotIndex: updateIncreasingly 18 -> 23
2022-03-03 08:20:30,924 [1244aa64-d874-441f-9571-396032220701@group-EB4E8D1567B6-StateMachineUpdater] INFO  raftlog.RaftLog (RaftLogBase.java:lambda$new$0(53)) - 1244aa64-d874-441f-9571-396032220701@group-EB4E8D1567B6-SegmentedRaftLog: purgeIndex: updateToMax old=18, new=23, updated? true
2022-03-03 08:20:30,928 [EndpointStateMachine task thread for /127.0.0.1:45429 - 0 ] INFO  ipc.Client (Client.java:handleConnectionFailure(977)) - Retrying connect to server: localhost/127.0.0.1:45429. Already tried 14 time(s); retry policy is RetryUpToMaximumCountWithFixedSleep(maxRetries=15, sleepTime=1000 MILLISECONDS)
2022-03-03 08:20:30,931 [EndpointStateMachine task thread for /127.0.0.1:39861 - 0 ] INFO  ipc.Client (Client.java:handleConnectionFailure(977)) - Retrying connect to server: localhost/127.0.0.1:39861. Already tried 13 time(s); retry policy is RetryUpToMaximumCountWithFixedSleep(maxRetries=15, sleepTime=1000 MILLISECONDS)
2022-03-03 08:20:30,952 [grpc-default-executor-2] INFO  ratis.XceiverServerRatis (XceiverServerRatis.java:handleLeaderChangedNotification(867)) - Leader change notification received for group: group-736048A98C4E with new leaderId: abae3395-e125-494e-95ee-7e13e0096d36
2022-03-03 08:20:30,953 [grpc-default-executor-2] INFO  server.RaftServer$Division (ServerState.java:setLeader(285)) - b80209a9-e74f-462d-bd7e-a1c457e8621c@group-736048A98C4E: change Leader from null to abae3395-e125-494e-95ee-7e13e0096d36 at term 2 for appendEntries, leader elected after 10432ms
2022-03-03 08:20:30,975 [abae3395-e125-494e-95ee-7e13e0096d36@group-736048A98C4E-LeaderElection28] INFO  server.RaftServer$Division (ServerState.java:setRaftConf(387)) - abae3395-e125-494e-95ee-7e13e0096d36@group-736048A98C4E: set configuration 0: [bbb996b9-cb57-429e-b9a5-f900bfe28cb3|rpc:127.0.0.1:39561|dataStream:|priority:0, b80209a9-e74f-462d-bd7e-a1c457e8621c|rpc:127.0.0.1:37755|dataStream:|priority:0, abae3395-e125-494e-95ee-7e13e0096d36|rpc:127.0.0.1:37079|dataStream:|priority:1], old=null
2022-03-03 08:20:30,976 [grpc-default-executor-0] INFO  ratis.XceiverServerRatis (XceiverServerRatis.java:handleLeaderChangedNotification(867)) - Leader change notification received for group: group-736048A98C4E with new leaderId: abae3395-e125-494e-95ee-7e13e0096d36
2022-03-03 08:20:30,976 [grpc-default-executor-0] INFO  server.RaftServer$Division (ServerState.java:setLeader(285)) - bbb996b9-cb57-429e-b9a5-f900bfe28cb3@group-736048A98C4E: change Leader from null to abae3395-e125-494e-95ee-7e13e0096d36 at term 2 for appendEntries, leader elected after 10193ms
2022-03-03 08:20:30,978 [grpc-default-executor-0] INFO  server.RaftServer$Division (ServerState.java:setRaftConf(387)) - bbb996b9-cb57-429e-b9a5-f900bfe28cb3@group-736048A98C4E: set configuration 0: [bbb996b9-cb57-429e-b9a5-f900bfe28cb3|rpc:127.0.0.1:39561|dataStream:|priority:0, b80209a9-e74f-462d-bd7e-a1c457e8621c|rpc:127.0.0.1:37755|dataStream:|priority:0, abae3395-e125-494e-95ee-7e13e0096d36|rpc:127.0.0.1:37079|dataStream:|priority:1], old=null
2022-03-03 08:20:30,979 [grpc-default-executor-0] INFO  segmented.SegmentedRaftLogWorker (SegmentedRaftLogWorker.java:startLogSegment(394)) - bbb996b9-cb57-429e-b9a5-f900bfe28cb3@group-736048A98C4E-SegmentedRaftLogWorker: Starting segment from index:0
2022-03-03 08:20:30,985 [bbb996b9-cb57-429e-b9a5-f900bfe28cb3@group-736048A98C4E-SegmentedRaftLogWorker] INFO  segmented.SegmentedRaftLogWorker (SegmentedRaftLogWorker.java:execute(601)) - bbb996b9-cb57-429e-b9a5-f900bfe28cb3@group-736048A98C4E-SegmentedRaftLogWorker: created new log segment /home/runner/work/ozone/ozone/hadoop-ozone/integration-test/target/test-dir/MiniOzoneClusterImpl-5b82a1ad-a074-4eb8-9e24-eb4e8d1567b6/datanode-1/data/ratis/e9d922ff-3b74-428d-a214-736048a98c4e/current/log_inprogress_0
2022-03-03 08:20:31,000 [grpc-default-executor-2] INFO  server.RaftServer$Division (ServerState.java:setRaftConf(387)) - b80209a9-e74f-462d-bd7e-a1c457e8621c@group-736048A98C4E: set configuration 0: [bbb996b9-cb57-429e-b9a5-f900bfe28cb3|rpc:127.0.0.1:39561|dataStream:|priority:0, b80209a9-e74f-462d-bd7e-a1c457e8621c|rpc:127.0.0.1:37755|dataStream:|priority:0, abae3395-e125-494e-95ee-7e13e0096d36|rpc:127.0.0.1:37079|dataStream:|priority:1], old=null
2022-03-03 08:20:31,001 [grpc-default-executor-2] INFO  segmented.SegmentedRaftLogWorker (SegmentedRaftLogWorker.java:startLogSegment(394)) - b80209a9-e74f-462d-bd7e-a1c457e8621c@group-736048A98C4E-SegmentedRaftLogWorker: Starting segment from index:0
2022-03-03 08:20:31,005 [b80209a9-e74f-462d-bd7e-a1c457e8621c@group-736048A98C4E-SegmentedRaftLogWorker] INFO  segmented.SegmentedRaftLogWorker (SegmentedRaftLogWorker.java:execute(601)) - b80209a9-e74f-462d-bd7e-a1c457e8621c@group-736048A98C4E-SegmentedRaftLogWorker: created new log segment /home/runner/work/ozone/ozone/hadoop-ozone/integration-test/target/test-dir/MiniOzoneClusterImpl-5b82a1ad-a074-4eb8-9e24-eb4e8d1567b6/datanode-0/data/ratis/e9d922ff-3b74-428d-a214-736048a98c4e/current/log_inprogress_0
2022-03-03 08:20:31,138 [bbb996b9-cb57-429e-b9a5-f900bfe28cb3@group-904C6079E864-FollowerState] INFO  impl.FollowerState (FollowerState.java:run(134)) - bbb996b9-cb57-429e-b9a5-f900bfe28cb3@group-904C6079E864-FollowerState: change to CANDIDATE, lastRpcElapsedTime:5067103623ns, electionTimeout:5064ms
2022-03-03 08:20:31,139 [bbb996b9-cb57-429e-b9a5-f900bfe28cb3@group-904C6079E864-FollowerState] INFO  impl.RoleInfo (RoleInfo.java:shutdownFollowerState(108)) - bbb996b9-cb57-429e-b9a5-f900bfe28cb3: shutdown bbb996b9-cb57-429e-b9a5-f900bfe28cb3@group-904C6079E864-FollowerState
2022-03-03 08:20:31,139 [bbb996b9-cb57-429e-b9a5-f900bfe28cb3@group-904C6079E864-FollowerState] INFO  server.RaftServer$Division (RaftServerImpl.java:setRole(290)) - bbb996b9-cb57-429e-b9a5-f900bfe28cb3@group-904C6079E864: changes role from  FOLLOWER to CANDIDATE at term 1 for changeToCandidate
2022-03-03 08:20:31,139 [bbb996b9-cb57-429e-b9a5-f900bfe28cb3@group-904C6079E864-FollowerState] INFO  server.RaftServerConfigKeys (ConfUtils.java:logGet(44)) - raft.server.leaderelection.pre-vote = false (custom)
2022-03-03 08:20:31,139 [bbb996b9-cb57-429e-b9a5-f900bfe28cb3@group-904C6079E864-FollowerState] INFO  impl.RoleInfo (RoleInfo.java:updateAndGet(130)) - bbb996b9-cb57-429e-b9a5-f900bfe28cb3: start bbb996b9-cb57-429e-b9a5-f900bfe28cb3@group-904C6079E864-LeaderElection29
2022-03-03 08:20:31,166 [bbb996b9-cb57-429e-b9a5-f900bfe28cb3@group-904C6079E864-LeaderElection29] INFO  impl.LeaderElection (LeaderElection.java:askForVotes(306)) - bbb996b9-cb57-429e-b9a5-f900bfe28cb3@group-904C6079E864-LeaderElection29 ELECTION round 0: submit vote requests at term 2 for -1: [bbb996b9-cb57-429e-b9a5-f900bfe28cb3|rpc:127.0.0.1:39561|priority:0, b80209a9-e74f-462d-bd7e-a1c457e8621c|rpc:127.0.0.1:37755|priority:1, abae3395-e125-494e-95ee-7e13e0096d36|rpc:127.0.0.1:37079|priority:0], old=null
2022-03-03 08:20:31,195 [Datanode State Machine Daemon Thread] ERROR datanode.RunningDatanodeState (RunningDatanodeState.java:computeNextContainerState(201)) - Error in executing end point task.
java.util.concurrent.ExecutionException: java.util.concurrent.TimeoutException
	at java.util.concurrent.FutureTask.report(FutureTask.java:122)
	at java.util.concurrent.FutureTask.get(FutureTask.java:192)
	at org.apache.hadoop.ozone.container.common.states.datanode.RunningDatanodeState.computeNextContainerState(RunningDatanodeState.java:193)
	at org.apache.hadoop.ozone.container.common.states.datanode.RunningDatanodeState.await(RunningDatanodeState.java:233)
	at org.apache.hadoop.ozone.container.common.states.datanode.RunningDatanodeState.await(RunningDatanodeState.java:50)
	at org.apache.hadoop.ozone.container.common.statemachine.StateContext.execute(StateContext.java:658)
	at org.apache.hadoop.ozone.container.common.statemachine.DatanodeStateMachine.startStateMachineThread(DatanodeStateMachine.java:283)
	at org.apache.hadoop.ozone.container.common.statemachine.DatanodeStateMachine.lambda$startDaemon$0(DatanodeStateMachine.java:471)
	at java.lang.Thread.run(Thread.java:750)
Caused by: java.util.concurrent.TimeoutException
	at java.util.concurrent.FutureTask.get(FutureTask.java:205)
	at org.apache.hadoop.ozone.container.common.states.datanode.RunningDatanodeState.lambda$execute$0(RunningDatanodeState.java:151)
	at java.util.concurrent.FutureTask.run(FutureTask.java:266)
	at java.util.concurrent.Executors$RunnableAdapter.call(Executors.java:511)
	at java.util.concurrent.FutureTask.run(FutureTask.java:266)
	at java.util.concurrent.ThreadPoolExecutor.runWorker(ThreadPoolExecutor.java:1149)
	at java.util.concurrent.ThreadPoolExecutor$Worker.run(ThreadPoolExecutor.java:624)
	... 1 more
2022-03-03 08:20:31,198 [grpc-default-executor-0] INFO  server.RaftServer$Division (RaftServerImpl.java:requestVote(1046)) - abae3395-e125-494e-95ee-7e13e0096d36@group-904C6079E864: receive requestVote(ELECTION, bbb996b9-cb57-429e-b9a5-f900bfe28cb3, group-904C6079E864, 2, (t:0, i:0))
2022-03-03 08:20:31,198 [grpc-default-executor-0] INFO  impl.VoteContext (VoteContext.java:log(48)) - abae3395-e125-494e-95ee-7e13e0096d36@group-904C6079E864-FOLLOWER: accept ELECTION from bbb996b9-cb57-429e-b9a5-f900bfe28cb3: our priority 0 <= candidate's priority 0
2022-03-03 08:20:31,198 [grpc-default-executor-0] INFO  server.RaftServer$Division (RaftServerImpl.java:setRole(290)) - abae3395-e125-494e-95ee-7e13e0096d36@group-904C6079E864: changes role from  FOLLOWER to FOLLOWER at term 2 for candidate:bbb996b9-cb57-429e-b9a5-f900bfe28cb3
2022-03-03 08:20:31,199 [grpc-default-executor-0] INFO  impl.RoleInfo (RoleInfo.java:shutdownFollowerState(108)) - abae3395-e125-494e-95ee-7e13e0096d36: shutdown abae3395-e125-494e-95ee-7e13e0096d36@group-904C6079E864-FollowerState
2022-03-03 08:20:31,199 [grpc-default-executor-0] INFO  impl.RoleInfo (RoleInfo.java:updateAndGet(130)) - abae3395-e125-494e-95ee-7e13e0096d36: start abae3395-e125-494e-95ee-7e13e0096d36@group-904C6079E864-FollowerState
2022-03-03 08:20:31,199 [abae3395-e125-494e-95ee-7e13e0096d36@group-904C6079E864-FollowerState] INFO  impl.FollowerState (FollowerState.java:run(143)) - abae3395-e125-494e-95ee-7e13e0096d36@group-904C6079E864-FollowerState was interrupted: {}
java.lang.InterruptedException: sleep interrupted
	at java.lang.Thread.sleep(Native Method)
	at java.lang.Thread.sleep(Thread.java:342)
	at java.util.concurrent.TimeUnit.sleep(TimeUnit.java:386)
	at org.apache.ratis.util.TimeDuration.sleep(TimeDuration.java:324)
	at org.apache.ratis.util.TimeDuration.sleep(TimeDuration.java:309)
	at org.apache.ratis.server.impl.FollowerState.run(FollowerState.java:118)
2022-03-03 08:20:31,204 [grpc-default-executor-0] INFO  server.RaftServer$Division (RaftServerImpl.java:requestVote(1078)) - abae3395-e125-494e-95ee-7e13e0096d36@group-904C6079E864 replies to ELECTION vote request: bbb996b9-cb57-429e-b9a5-f900bfe28cb3<-abae3395-e125-494e-95ee-7e13e0096d36#0:OK-t2. Peer's state: abae3395-e125-494e-95ee-7e13e0096d36@group-904C6079E864:t2, leader=null, voted=bbb996b9-cb57-429e-b9a5-f900bfe28cb3, raftlog=abae3395-e125-494e-95ee-7e13e0096d36@group-904C6079E864-SegmentedRaftLog:OPENED:c-1, conf=-1: [bbb996b9-cb57-429e-b9a5-f900bfe28cb3|rpc:127.0.0.1:39561|dataStream:|priority:0, b80209a9-e74f-462d-bd7e-a1c457e8621c|rpc:127.0.0.1:37755|dataStream:|priority:1, abae3395-e125-494e-95ee-7e13e0096d36|rpc:127.0.0.1:37079|dataStream:|priority:0], old=null
2022-03-03 08:20:31,217 [grpc-default-executor-2] INFO  server.RaftServer$Division (RaftServerImpl.java:requestVote(1046)) - b80209a9-e74f-462d-bd7e-a1c457e8621c@group-904C6079E864: receive requestVote(ELECTION, bbb996b9-cb57-429e-b9a5-f900bfe28cb3, group-904C6079E864, 2, (t:0, i:0))
2022-03-03 08:20:31,217 [grpc-default-executor-2] INFO  impl.VoteContext (VoteContext.java:log(48)) - b80209a9-e74f-462d-bd7e-a1c457e8621c@group-904C6079E864-FOLLOWER: reject ELECTION from bbb996b9-cb57-429e-b9a5-f900bfe28cb3: our priority 1 > candidate's priority 0
2022-03-03 08:20:31,217 [grpc-default-executor-2] INFO  server.RaftServer$Division (RaftServerImpl.java:setRole(290)) - b80209a9-e74f-462d-bd7e-a1c457e8621c@group-904C6079E864: changes role from  FOLLOWER to FOLLOWER at term 2 for candidate:bbb996b9-cb57-429e-b9a5-f900bfe28cb3
2022-03-03 08:20:31,217 [grpc-default-executor-2] INFO  impl.RoleInfo (RoleInfo.java:shutdownFollowerState(108)) - b80209a9-e74f-462d-bd7e-a1c457e8621c: shutdown b80209a9-e74f-462d-bd7e-a1c457e8621c@group-904C6079E864-FollowerState
2022-03-03 08:20:31,217 [b80209a9-e74f-462d-bd7e-a1c457e8621c@group-904C6079E864-FollowerState] INFO  impl.FollowerState (FollowerState.java:run(143)) - b80209a9-e74f-462d-bd7e-a1c457e8621c@group-904C6079E864-FollowerState was interrupted: {}
java.lang.InterruptedException: sleep interrupted
	at java.lang.Thread.sleep(Native Method)
	at java.lang.Thread.sleep(Thread.java:342)
	at java.util.concurrent.TimeUnit.sleep(TimeUnit.java:386)
	at org.apache.ratis.util.TimeDuration.sleep(TimeDuration.java:324)
	at org.apache.ratis.util.TimeDuration.sleep(TimeDuration.java:309)
	at org.apache.ratis.server.impl.FollowerState.run(FollowerState.java:118)
2022-03-03 08:20:31,217 [grpc-default-executor-2] INFO  impl.RoleInfo (RoleInfo.java:updateAndGet(130)) - b80209a9-e74f-462d-bd7e-a1c457e8621c: start b80209a9-e74f-462d-bd7e-a1c457e8621c@group-904C6079E864-FollowerState
2022-03-03 08:20:31,222 [grpc-default-executor-2] INFO  server.RaftServer$Division (RaftServerImpl.java:requestVote(1078)) - b80209a9-e74f-462d-bd7e-a1c457e8621c@group-904C6079E864 replies to ELECTION vote request: bbb996b9-cb57-429e-b9a5-f900bfe28cb3<-b80209a9-e74f-462d-bd7e-a1c457e8621c#0:FAIL-t2. Peer's state: b80209a9-e74f-462d-bd7e-a1c457e8621c@group-904C6079E864:t2, leader=null, voted=null, raftlog=b80209a9-e74f-462d-bd7e-a1c457e8621c@group-904C6079E864-SegmentedRaftLog:OPENED:c-1, conf=-1: [bbb996b9-cb57-429e-b9a5-f900bfe28cb3|rpc:127.0.0.1:39561|priority:0, b80209a9-e74f-462d-bd7e-a1c457e8621c|rpc:127.0.0.1:37755|priority:1, abae3395-e125-494e-95ee-7e13e0096d36|rpc:127.0.0.1:37079|priority:0], old=null
2022-03-03 08:20:31,234 [bbb996b9-cb57-429e-b9a5-f900bfe28cb3@group-904C6079E864-LeaderElection29] INFO  impl.LeaderElection (LeaderElection.java:logAndReturn(89)) - bbb996b9-cb57-429e-b9a5-f900bfe28cb3@group-904C6079E864-LeaderElection29: ELECTION REJECTED received 2 response(s) and 0 exception(s):
2022-03-03 08:20:31,234 [bbb996b9-cb57-429e-b9a5-f900bfe28cb3@group-904C6079E864-LeaderElection29] INFO  impl.LeaderElection (LeaderElection.java:logAndReturn(93)) -   Response 0: bbb996b9-cb57-429e-b9a5-f900bfe28cb3<-b80209a9-e74f-462d-bd7e-a1c457e8621c#0:FAIL-t2
2022-03-03 08:20:31,234 [bbb996b9-cb57-429e-b9a5-f900bfe28cb3@group-904C6079E864-LeaderElection29] INFO  impl.LeaderElection (LeaderElection.java:logAndReturn(93)) -   Response 1: bbb996b9-cb57-429e-b9a5-f900bfe28cb3<-abae3395-e125-494e-95ee-7e13e0096d36#0:OK-t2
2022-03-03 08:20:31,234 [bbb996b9-cb57-429e-b9a5-f900bfe28cb3@group-904C6079E864-LeaderElection29] INFO  impl.LeaderElection (LeaderElection.java:askForVotes(308)) - bbb996b9-cb57-429e-b9a5-f900bfe28cb3@group-904C6079E864-LeaderElection29 ELECTION round 0: result REJECTED
2022-03-03 08:20:31,235 [bbb996b9-cb57-429e-b9a5-f900bfe28cb3@group-904C6079E864-LeaderElection29] INFO  server.RaftServer$Division (RaftServerImpl.java:setRole(290)) - bbb996b9-cb57-429e-b9a5-f900bfe28cb3@group-904C6079E864: changes role from CANDIDATE to FOLLOWER at term 2 for REJECTED
2022-03-03 08:20:31,235 [bbb996b9-cb57-429e-b9a5-f900bfe28cb3@group-904C6079E864-LeaderElection29] INFO  impl.RoleInfo (RoleInfo.java:shutdownLeaderElection(121)) - bbb996b9-cb57-429e-b9a5-f900bfe28cb3: shutdown bbb996b9-cb57-429e-b9a5-f900bfe28cb3@group-904C6079E864-LeaderElection29
2022-03-03 08:20:31,235 [bbb996b9-cb57-429e-b9a5-f900bfe28cb3@group-904C6079E864-LeaderElection29] INFO  impl.RoleInfo (RoleInfo.java:updateAndGet(130)) - bbb996b9-cb57-429e-b9a5-f900bfe28cb3: start bbb996b9-cb57-429e-b9a5-f900bfe28cb3@group-904C6079E864-FollowerState
2022-03-03 08:20:31,275 [Listener at 127.0.0.1/42883] INFO  ozone.MiniOzoneClusterImpl (MiniOzoneClusterImpl.java:lambda$waitForClusterToBeReady$0(219)) - Nodes are ready. Got 3 of 3 DN Heartbeats.
2022-03-03 08:20:31,276 [Listener at 127.0.0.1/42883] INFO  ozone.MiniOzoneClusterImpl (MiniOzoneClusterImpl.java:lambda$waitForClusterToBeReady$0(222)) - Cluster exits safe mode
2022-03-03 08:20:31,276 [Listener at 127.0.0.1/42883] INFO  ozone.MiniOzoneClusterImpl (MiniOzoneClusterImpl.java:lambda$waitForClusterToBeReady$0(224)) - SCM became leader
2022-03-03 08:20:31,276 [Listener at 127.0.0.1/42883] INFO  server.StorageContainerManager (StorageContainerManager.java:start(1327)) - StorageContainerLocationProtocol RPC server is listening at /0.0.0.0:46085
2022-03-03 08:20:31,277 [Listener at 127.0.0.1/42883] INFO  ha.SCMRatisServerImpl (SCMRatisServerImpl.java:start(177)) - starting ratis server 0.0.0.0:39691
2022-03-03 08:20:31,277 [Listener at 127.0.0.1/42883] INFO  server.RaftServer$Division (RaftServerImpl.java:start(304)) - 1ba03041-f5a8-4c87-98f5-638ac16258b5@group-EB4E8D1567B6: start with initializing state, conf=-1: [], old=null
2022-03-03 08:20:31,277 [Listener at 127.0.0.1/42883] INFO  server.RaftServer$Division (RaftServerImpl.java:setRole(290)) - 1ba03041-f5a8-4c87-98f5-638ac16258b5@group-EB4E8D1567B6: changes role from      null to FOLLOWER at term 0 for startInitializing
2022-03-03 08:20:31,278 [Listener at 127.0.0.1/42883] INFO  util.JmxRegister (JmxRegister.java:tryRegister(44)) - Successfully registered JMX Bean with object name Ratis:service=RaftServer,group=group-EB4E8D1567B6,id=1ba03041-f5a8-4c87-98f5-638ac16258b5
2022-03-03 08:20:31,281 [Listener at 127.0.0.1/42883] INFO  server.RaftServer (RaftServerProxy.java:lambda$start$5(374)) - 1ba03041-f5a8-4c87-98f5-638ac16258b5: start RPC server
2022-03-03 08:20:31,285 [Listener at 127.0.0.1/42883] INFO  server.GrpcService (GrpcService.java:startImpl(253)) - 1ba03041-f5a8-4c87-98f5-638ac16258b5: GrpcService started, listening on 39691
2022-03-03 08:20:31,293 [org.apache.ratis.util.JvmPauseMonitor$$Lambda$503/666911607@7feb4b4a] INFO  util.JvmPauseMonitor (JvmPauseMonitor.java:run(103)) - JvmPauseMonitor-1ba03041-f5a8-4c87-98f5-638ac16258b5: Started
2022-03-03 08:20:31,294 [Listener at 127.0.0.1/42883] INFO  ha.SCMNodeInfo (SCMNodeInfo.java:getPort(197)) - ConfigKey ozone.scm.client.address is deprecated, For configuring different ports for each SCM use PortConfigKey ozone.scm.client.port appended with serviceId and nodeId
2022-03-03 08:20:31,294 [Listener at 127.0.0.1/42883] INFO  ha.SCMNodeInfo (SCMNodeInfo.java:getPort(197)) - ConfigKey ozone.scm.block.client.address is deprecated, For configuring different ports for each SCM use PortConfigKey ozone.scm.block.client.port appended with serviceId and nodeId
2022-03-03 08:20:31,294 [Listener at 127.0.0.1/42883] INFO  ha.SCMNodeInfo (SCMNodeInfo.java:getPort(197)) - ConfigKey ozone.scm.datanode.address is deprecated, For configuring different ports for each SCM use PortConfigKey ozone.scm.datanode.port appended with serviceId and nodeId
2022-03-03 08:20:31,294 [Listener at 127.0.0.1/42883] INFO  ha.SCMNodeInfo (SCMNodeInfo.java:getPort(197)) - ConfigKey ozone.scm.client.address is deprecated, For configuring different ports for each SCM use PortConfigKey ozone.scm.client.port appended with serviceId and nodeId
2022-03-03 08:20:31,294 [Listener at 127.0.0.1/42883] INFO  ha.SCMNodeInfo (SCMNodeInfo.java:getPort(197)) - ConfigKey ozone.scm.block.client.address is deprecated, For configuring different ports for each SCM use PortConfigKey ozone.scm.block.client.port appended with serviceId and nodeId
2022-03-03 08:20:31,295 [Listener at 127.0.0.1/42883] INFO  ha.SCMNodeInfo (SCMNodeInfo.java:getPort(197)) - ConfigKey ozone.scm.datanode.address is deprecated, For configuring different ports for each SCM use PortConfigKey ozone.scm.datanode.port appended with serviceId and nodeId
2022-03-03 08:20:31,295 [Listener at 127.0.0.1/42883] INFO  ha.SCMNodeInfo (SCMNodeInfo.java:getPort(197)) - ConfigKey ozone.scm.client.address is deprecated, For configuring different ports for each SCM use PortConfigKey ozone.scm.client.port appended with serviceId and nodeId
2022-03-03 08:20:31,295 [Listener at 127.0.0.1/42883] INFO  ha.SCMNodeInfo (SCMNodeInfo.java:getPort(197)) - ConfigKey ozone.scm.block.client.address is deprecated, For configuring different ports for each SCM use PortConfigKey ozone.scm.block.client.port appended with serviceId and nodeId
2022-03-03 08:20:31,295 [Listener at 127.0.0.1/42883] INFO  ha.SCMNodeInfo (SCMNodeInfo.java:getPort(197)) - ConfigKey ozone.scm.datanode.address is deprecated, For configuring different ports for each SCM use PortConfigKey ozone.scm.datanode.port appended with serviceId and nodeId
2022-03-03 08:20:31,311 [IPC Server handler 3 on default port 44091] INFO  ha.SCMRatisServerImpl (SCMRatisServerImpl.java:addSCM(292)) - e7338982-199b-4e5a-937e-5a36927222d8: Submitting SetConfiguration request to Ratis server with new SCM peers list: [1244aa64-d874-441f-9571-396032220701|rpc:localhost:35029|priority:0, e7338982-199b-4e5a-937e-5a36927222d8|rpc:localhost:44949|admin:|client:|dataStream:|priority:0, 1ba03041-f5a8-4c87-98f5-638ac16258b5|rpc:localhost:39691|priority:0]
2022-03-03 08:20:31,311 [IPC Server handler 3 on default port 44091] INFO  server.RaftServer$Division (RaftServerImpl.java:setConfigurationAsync(974)) - e7338982-199b-4e5a-937e-5a36927222d8@group-EB4E8D1567B6: receive setConfiguration SetConfigurationRequest:client-B3E911EE0102->e7338982-199b-4e5a-937e-5a36927222d8@group-EB4E8D1567B6, cid=10, seq=0, RW, null, peers:[1244aa64-d874-441f-9571-396032220701|rpc:localhost:35029|priority:0, e7338982-199b-4e5a-937e-5a36927222d8|rpc:localhost:44949|admin:|client:|dataStream:|priority:0, 1ba03041-f5a8-4c87-98f5-638ac16258b5|rpc:localhost:39691|priority:0]
2022-03-03 08:20:31,311 [IPC Server handler 3 on default port 44091] INFO  server.RaftServer$Division (LeaderStateImpl.java:startSetConfiguration(358)) - e7338982-199b-4e5a-937e-5a36927222d8@group-EB4E8D1567B6-LeaderStateImpl: startSetConfiguration SetConfigurationRequest:client-B3E911EE0102->e7338982-199b-4e5a-937e-5a36927222d8@group-EB4E8D1567B6, cid=10, seq=0, RW, null, peers:[1244aa64-d874-441f-9571-396032220701|rpc:localhost:35029|priority:0, e7338982-199b-4e5a-937e-5a36927222d8|rpc:localhost:44949|admin:|client:|dataStream:|priority:0, 1ba03041-f5a8-4c87-98f5-638ac16258b5|rpc:localhost:39691|priority:0]
2022-03-03 08:20:31,311 [IPC Server handler 3 on default port 44091] INFO  server.RaftServerConfigKeys (ConfUtils.java:logGet(44)) - raft.server.log.appender.snapshot.chunk.size.max = 16MB (=16777216) (default)
2022-03-03 08:20:31,312 [IPC Server handler 3 on default port 44091] INFO  server.RaftServerConfigKeys (ConfUtils.java:logGet(44)) - raft.server.log.appender.buffer.byte-limit = 33554432 (custom)
2022-03-03 08:20:31,312 [IPC Server handler 3 on default port 44091] INFO  server.RaftServerConfigKeys (ConfUtils.java:logGet(44)) - raft.server.log.appender.buffer.element-limit = 1024 (custom)
2022-03-03 08:20:31,315 [IPC Server handler 3 on default port 44091] INFO  grpc.GrpcConfigKeys (ConfUtils.java:logGet(44)) - raft.grpc.server.leader.outstanding.appends.max = 128 (default)
2022-03-03 08:20:31,317 [IPC Server handler 3 on default port 44091] INFO  server.RaftServerConfigKeys (ConfUtils.java:logGet(44)) - raft.server.rpc.request.timeout = 30000ms (custom)
2022-03-03 08:20:31,318 [IPC Server handler 3 on default port 44091] INFO  server.RaftServerConfigKeys (ConfUtils.java:logGet(44)) - raft.server.log.appender.install.snapshot.enabled = false (custom)
2022-03-03 08:20:31,325 [e7338982-199b-4e5a-937e-5a36927222d8@group-EB4E8D1567B6->1ba03041-f5a8-4c87-98f5-638ac16258b5-GrpcLogAppender-LogAppenderDaemon] INFO  server.GrpcLogAppender (GrpcLogAppender.java:installSnapshot(550)) - e7338982-199b-4e5a-937e-5a36927222d8@group-EB4E8D1567B6->1ba03041-f5a8-4c87-98f5-638ac16258b5-GrpcLogAppender: followerNextIndex = 0 but logStartIndex = 1, notify follower to install snapshot-(t:2, i:24)
2022-03-03 08:20:31,325 [e7338982-199b-4e5a-937e-5a36927222d8@group-EB4E8D1567B6->1ba03041-f5a8-4c87-98f5-638ac16258b5-GrpcLogAppender-LogAppenderDaemon] INFO  server.GrpcLogAppender (GrpcLogAppender.java:installSnapshot(558)) - e7338982-199b-4e5a-937e-5a36927222d8@group-EB4E8D1567B6->1ba03041-f5a8-4c87-98f5-638ac16258b5-GrpcLogAppender: send e7338982-199b-4e5a-937e-5a36927222d8->1ba03041-f5a8-4c87-98f5-638ac16258b5#0-t2,notify:(t:2, i:24)
2022-03-03 08:20:31,344 [grpc-default-executor-2] INFO  server.RaftServer$Division (RaftServerImpl.java:installSnapshot(1332)) - 1ba03041-f5a8-4c87-98f5-638ac16258b5@group-EB4E8D1567B6: receive installSnapshot: e7338982-199b-4e5a-937e-5a36927222d8->1ba03041-f5a8-4c87-98f5-638ac16258b5#0-t2,notify:(t:2, i:24)
2022-03-03 08:20:31,346 [grpc-default-executor-2] INFO  ha.SCMStateMachine (SCMStateMachine.java:notifyLeaderChanged(255)) - leader changed, yet current SCM is still follower.
2022-03-03 08:20:31,346 [grpc-default-executor-2] INFO  server.RaftServer$Division (ServerState.java:setLeader(285)) - 1ba03041-f5a8-4c87-98f5-638ac16258b5@group-EB4E8D1567B6: change Leader from null to e7338982-199b-4e5a-937e-5a36927222d8 at term 2 for installSnapshot, leader elected after 19426ms
2022-03-03 08:20:31,346 [grpc-default-executor-2] INFO  server.RaftServer$Division (RaftServerImpl.java:notifyStateMachineToInstallSnapshot(1551)) - 1ba03041-f5a8-4c87-98f5-638ac16258b5@group-EB4E8D1567B6: Received notification to install snapshot at index 24
2022-03-03 08:20:31,347 [grpc-default-executor-2] INFO  server.RaftServer$Division (RaftServerImpl.java:notifyStateMachineToInstallSnapshot(1582)) - 1ba03041-f5a8-4c87-98f5-638ac16258b5@group-EB4E8D1567B6: notifyInstallSnapshot: nextIndex is 0 but the leader's first available index is 24.
2022-03-03 08:20:31,347 [grpc-default-executor-2] INFO  ha.SCMStateMachine (SCMStateMachine.java:notifyInstallSnapshotFromLeader(219)) - Received install snapshot notification from SCM leader: localhost:44949 with term index: (t:2, i:24)
2022-03-03 08:20:31,347 [pool-315-thread-1] INFO  ha.SCMHAManagerImpl (SCMHAManagerImpl.java:getDBCheckpointFromLeader(207)) - Downloading checkpoint from leader SCM scmNode-1 and reloading state from the checkpoint.
2022-03-03 08:20:31,391 [grpc-default-executor-0] INFO  ha.SCMDBCheckpointProvider (SCMDBCheckpointProvider.java:writeDBCheckPointToSream(48)) - Received request to obtain SCM DB checkpoint snapshot
2022-03-03 08:20:31,405 [grpc-default-executor-0] INFO  db.RDBCheckpointManager (RDBCheckpointManager.java:createCheckpoint(86)) - Created checkpoint at /home/runner/work/ozone/ozone/hadoop-ozone/integration-test/target/test-dir/MiniOzoneClusterImpl-5b82a1ad-a074-4eb8-9e24-eb4e8d1567b6/scmNode-1/db.checkpoints/scm.db_checkpoint_1646295631392 in 13 milliseconds
2022-03-03 08:20:31,414 [grpc-default-executor-0] INFO  ha.SCMGrpcOutputStream (SCMGrpcOutputStream.java:close(111)) - Sent 6335 bytes for cluster 5b82a1ad-a074-4eb8-9e24-eb4e8d1567b6
2022-03-03 08:20:31,416 [grpc-default-executor-0] INFO  ha.SCMDBCheckpointProvider (SCMDBCheckpointProvider.java:writeDBCheckPointToSream(73)) - Time taken to write the checkpoint to response output stream: 11 milliseconds
2022-03-03 08:20:31,416 [grpc-default-executor-3] INFO  ha.InterSCMGrpcClient (InterSCMGrpcClient.java:onCompleted(173)) - Checkpoint is downloaded to /home/runner/work/ozone/ozone/hadoop-ozone/integration-test/target/test-dir/MiniOzoneClusterImpl-5b82a1ad-a074-4eb8-9e24-eb4e8d1567b6/scmNode-3/snapshot/scm.db-scmNode-1-1646295631347.tar.gz
2022-03-03 08:20:31,416 [grpc-default-executor-0] INFO  db.RocksDBCheckpoint (RocksDBCheckpoint.java:cleanupCheckpoint(78)) - Cleaning up RocksDB checkpoint at /home/runner/work/ozone/ozone/hadoop-ozone/integration-test/target/test-dir/MiniOzoneClusterImpl-5b82a1ad-a074-4eb8-9e24-eb4e8d1567b6/scmNode-1/db.checkpoints/scm.db_checkpoint_1646295631392
2022-03-03 08:20:31,457 [pool-315-thread-1] INFO  ha.SCMSnapshotProvider (SCMSnapshotProvider.java:getSCMDBSnapshot(131)) - Successfully downloaded latest checkpoint from leader SCM: scmNode-1 path /home/runner/work/ozone/ozone/hadoop-ozone/integration-test/target/test-dir/MiniOzoneClusterImpl-5b82a1ad-a074-4eb8-9e24-eb4e8d1567b6/scmNode-3/snapshot/scm.db-scmNode-1-1646295631347
2022-03-03 08:20:31,458 [pool-315-thread-1] INFO  ha.SCMHAManagerImpl (SCMHAManagerImpl.java:downloadCheckpointFromLeader(159)) - Downloaded checkpoint from Leader scmNode-1 to the location /home/runner/work/ozone/ozone/hadoop-ozone/integration-test/target/test-dir/MiniOzoneClusterImpl-5b82a1ad-a074-4eb8-9e24-eb4e8d1567b6/scmNode-3/snapshot/scm.db-scmNode-1-1646295631347
2022-03-03 08:20:31,582 [pool-315-thread-1] INFO  ha.SCMHAManagerImpl (SCMHAManagerImpl.java:verifyCheckpointFromLeader(173)) - Installing checkpoint with SCMTransactionInfo 2#24
2022-03-03 08:20:31,582 [pool-315-thread-1] INFO  server.RaftServer$Division (RaftServerImpl.java:lambda$notifyStateMachineToInstallSnapshot$30(1595)) - 1ba03041-f5a8-4c87-98f5-638ac16258b5@group-EB4E8D1567B6: StateMachine successfully installed snapshot index 24. Reloading the StateMachine.
2022-03-03 08:20:31,582 [pool-315-thread-1] INFO  segmented.SegmentedRaftLogWorker (SegmentedRaftLogWorker.java:lambda$new$0(133)) - 1ba03041-f5a8-4c87-98f5-638ac16258b5@group-EB4E8D1567B6-SegmentedRaftLogWorker: flushIndex: setUnconditionally -1 -> 24
2022-03-03 08:20:31,583 [pool-315-thread-1] INFO  segmented.SegmentedRaftLogWorker (SegmentedRaftLogWorker.java:lambda$new$0(133)) - 1ba03041-f5a8-4c87-98f5-638ac16258b5@group-EB4E8D1567B6-SegmentedRaftLogWorker: safeCacheEvictIndex: setUnconditionally -1 -> 24
2022-03-03 08:20:31,583 [pool-315-thread-1] INFO  raftlog.RaftLog (RaftLogBase.java:lambda$new$0(53)) - 1ba03041-f5a8-4c87-98f5-638ac16258b5@group-EB4E8D1567B6-SegmentedRaftLog: snapshotIndex: updateIncreasingly -1 -> 24
2022-03-03 08:20:31,600 [grpc-default-executor-2] INFO  server.RaftServer$Division (RaftServerImpl.java:notifyStateMachineToInstallSnapshot(1638)) - 1ba03041-f5a8-4c87-98f5-638ac16258b5@group-EB4E8D1567B6: InstallSnapshot notification result: SNAPSHOT_INSTALLED, at index: 24
2022-03-03 08:20:31,601 [grpc-default-executor-2] INFO  server.RaftServer$Division (RaftServerImpl.java:installSnapshotImpl(1462)) - 1ba03041-f5a8-4c87-98f5-638ac16258b5@group-EB4E8D1567B6: set new configuration index: 5
configurationEntry {
  peers {
    id: "1244aa64-d874-441f-9571-396032220701"
    address: "localhost:35029"
  }
  peers {
    id: "e7338982-199b-4e5a-937e-5a36927222d8"
    address: "localhost:44949"
  }
}
 from snapshot
2022-03-03 08:20:31,602 [grpc-default-executor-2] INFO  server.RaftServer$Division (ServerState.java:setRaftConf(387)) - 1ba03041-f5a8-4c87-98f5-638ac16258b5@group-EB4E8D1567B6: set configuration 5: [1244aa64-d874-441f-9571-396032220701|rpc:localhost:35029|admin:|client:|dataStream:|priority:0, e7338982-199b-4e5a-937e-5a36927222d8|rpc:localhost:44949|admin:|client:|dataStream:|priority:0], old=null
2022-03-03 08:20:31,602 [grpc-default-executor-2] INFO  server.RaftServer$Division (RaftServerImpl.java:installSnapshot(1343)) - 1ba03041-f5a8-4c87-98f5-638ac16258b5@group-EB4E8D1567B6: reply installSnapshot: e7338982-199b-4e5a-937e-5a36927222d8<-1ba03041-f5a8-4c87-98f5-638ac16258b5#0:FAIL-t0,SNAPSHOT_INSTALLED,snapshotIndex=24
2022-03-03 08:20:31,602 [Datanode State Machine Daemon Thread] ERROR datanode.RunningDatanodeState (RunningDatanodeState.java:computeNextContainerState(201)) - Error in executing end point task.
java.util.concurrent.ExecutionException: java.util.concurrent.TimeoutException
	at java.util.concurrent.FutureTask.report(FutureTask.java:122)
	at java.util.concurrent.FutureTask.get(FutureTask.java:192)
	at org.apache.hadoop.ozone.container.common.states.datanode.RunningDatanodeState.computeNextContainerState(RunningDatanodeState.java:193)
	at org.apache.hadoop.ozone.container.common.states.datanode.RunningDatanodeState.await(RunningDatanodeState.java:233)
	at org.apache.hadoop.ozone.container.common.states.datanode.RunningDatanodeState.await(RunningDatanodeState.java:50)
	at org.apache.hadoop.ozone.container.common.statemachine.StateContext.execute(StateContext.java:658)
	at org.apache.hadoop.ozone.container.common.statemachine.DatanodeStateMachine.startStateMachineThread(DatanodeStateMachine.java:283)
	at org.apache.hadoop.ozone.container.common.statemachine.DatanodeStateMachine.lambda$startDaemon$0(DatanodeStateMachine.java:471)
	at java.lang.Thread.run(Thread.java:750)
Caused by: java.util.concurrent.TimeoutException
	at java.util.concurrent.FutureTask.get(FutureTask.java:205)
	at org.apache.hadoop.ozone.container.common.states.datanode.RunningDatanodeState.lambda$execute$0(RunningDatanodeState.java:151)
	at java.util.concurrent.FutureTask.run(FutureTask.java:266)
	at java.util.concurrent.Executors$RunnableAdapter.call(Executors.java:511)
	at java.util.concurrent.FutureTask.run(FutureTask.java:266)
	at java.util.concurrent.ThreadPoolExecutor.runWorker(ThreadPoolExecutor.java:1149)
	at java.util.concurrent.ThreadPoolExecutor$Worker.run(ThreadPoolExecutor.java:624)
	... 1 more
2022-03-03 08:20:31,607 [grpc-default-executor-2] INFO  server.GrpcServerProtocolService (GrpcServerProtocolService.java:onCompleted(140)) - 1ba03041-f5a8-4c87-98f5-638ac16258b5: Completed INSTALL_SNAPSHOT, lastRequest: e7338982-199b-4e5a-937e-5a36927222d8->1ba03041-f5a8-4c87-98f5-638ac16258b5#0-t2,notify:(t:2, i:24)
2022-03-03 08:20:31,610 [grpc-default-executor-0] INFO  server.GrpcLogAppender (GrpcLogAppender.java:onNext(410)) - e7338982-199b-4e5a-937e-5a36927222d8@group-EB4E8D1567B6->1ba03041-f5a8-4c87-98f5-638ac16258b5-InstallSnapshotResponseHandler: received the first reply e7338982-199b-4e5a-937e-5a36927222d8<-1ba03041-f5a8-4c87-98f5-638ac16258b5#0:FAIL-t0,SNAPSHOT_INSTALLED,snapshotIndex=24
2022-03-03 08:20:31,610 [grpc-default-executor-0] INFO  server.GrpcLogAppender (GrpcLogAppender.java:onNext(450)) - e7338982-199b-4e5a-937e-5a36927222d8@group-EB4E8D1567B6->1ba03041-f5a8-4c87-98f5-638ac16258b5-InstallSnapshotResponseHandler: Follower installed snapshot at index 24
2022-03-03 08:20:31,610 [grpc-default-executor-0] INFO  leader.FollowerInfo (FollowerInfoImpl.java:lambda$new$0(47)) - e7338982-199b-4e5a-937e-5a36927222d8@group-EB4E8D1567B6->1ba03041-f5a8-4c87-98f5-638ac16258b5: snapshotIndex: setUnconditionally 0 -> 24
2022-03-03 08:20:31,611 [grpc-default-executor-0] INFO  leader.FollowerInfo (FollowerInfoImpl.java:lambda$new$0(47)) - e7338982-199b-4e5a-937e-5a36927222d8@group-EB4E8D1567B6->1ba03041-f5a8-4c87-98f5-638ac16258b5: matchIndex: setUnconditionally 0 -> 24
2022-03-03 08:20:31,611 [grpc-default-executor-0] INFO  leader.FollowerInfo (FollowerInfoImpl.java:lambda$new$0(47)) - e7338982-199b-4e5a-937e-5a36927222d8@group-EB4E8D1567B6->1ba03041-f5a8-4c87-98f5-638ac16258b5: nextIndex: setUnconditionally 0 -> 25
2022-03-03 08:20:31,611 [grpc-default-executor-0] INFO  leader.FollowerInfo (FollowerInfoImpl.java:setAttemptedToInstallSnapshot(116)) - Follower e7338982-199b-4e5a-937e-5a36927222d8@group-EB4E8D1567B6->1ba03041-f5a8-4c87-98f5-638ac16258b5 acknowledged installing snapshot
2022-03-03 08:20:31,611 [grpc-default-executor-0] INFO  leader.FollowerInfo (FollowerInfoImpl.java:lambda$new$0(47)) - e7338982-199b-4e5a-937e-5a36927222d8@group-EB4E8D1567B6->1ba03041-f5a8-4c87-98f5-638ac16258b5: nextIndex: updateToMax old=25, new=25, updated? false
2022-03-03 08:20:31,618 [grpc-default-executor-2] INFO  impl.RoleInfo (RoleInfo.java:updateAndGet(130)) - 1ba03041-f5a8-4c87-98f5-638ac16258b5: start 1ba03041-f5a8-4c87-98f5-638ac16258b5@group-EB4E8D1567B6-FollowerState
2022-03-03 08:20:31,731 [1ba03041-f5a8-4c87-98f5-638ac16258b5@group-EB4E8D1567B6-StateMachineUpdater] INFO  ha.SCMHAManagerImpl (SCMHAManagerImpl.java:installCheckpoint(228)) - Installing checkpoint with SCMTransactionInfo 2#24
2022-03-03 08:20:31,734 [1ba03041-f5a8-4c87-98f5-638ac16258b5@group-EB4E8D1567B6-StateMachineUpdater] INFO  ha.SCMHAManagerImpl (SCMHAManagerImpl.java:installCheckpoint(267)) - Replaced DB with checkpoint, term: 2, index: 24
2022-03-03 08:20:31,738 [1ba03041-f5a8-4c87-98f5-638ac16258b5@group-EB4E8D1567B6-StateMachineUpdater] WARN  utils.HAUtils (HAUtils.java:getMetaDir(342)) - ozone.scm.db.dirs is not configured. We recommend adding this setting. Falling back to ozone.metadata.dirs instead.
2022-03-03 08:20:31,739 [1ba03041-f5a8-4c87-98f5-638ac16258b5@group-EB4E8D1567B6-StateMachineUpdater] WARN  db.DBStoreBuilder (DBStoreBuilder.java:applyDBDefinition(145)) - ozone.scm.db.dirs is not configured. We recommend adding this setting. Falling back to ozone.metadata.dirs instead.
2022-03-03 08:20:31,812 [1ba03041-f5a8-4c87-98f5-638ac16258b5@group-EB4E8D1567B6-StateMachineUpdater] INFO  ha.SequenceIdGenerator (SequenceIdGenerator.java:reinitialize(166)) - reinitialize SequenceIdGenerator.
2022-03-03 08:20:31,818 [1ba03041-f5a8-4c87-98f5-638ac16258b5@group-EB4E8D1567B6-StateMachineUpdater] INFO  ha.SCMHAManagerImpl (SCMHAManagerImpl.java:installCheckpoint(282)) - Reloaded SCM state with Term: 2 and Index: 24
2022-03-03 08:20:31,820 [1ba03041-f5a8-4c87-98f5-638ac16258b5@group-EB4E8D1567B6-StateMachineUpdater] INFO  impl.StateMachineUpdater (StateMachineUpdater.java:lambda$new$0(89)) - 1ba03041-f5a8-4c87-98f5-638ac16258b5@group-EB4E8D1567B6-StateMachineUpdater: snapshotIndex: setUnconditionally -1 -> 24
2022-03-03 08:20:31,820 [1ba03041-f5a8-4c87-98f5-638ac16258b5@group-EB4E8D1567B6-StateMachineUpdater] INFO  impl.StateMachineUpdater (StateMachineUpdater.java:lambda$new$0(89)) - 1ba03041-f5a8-4c87-98f5-638ac16258b5@group-EB4E8D1567B6-StateMachineUpdater: appliedIndex: setUnconditionally -1 -> 24
2022-03-03 08:20:31,829 [EndpointStateMachine task thread for /127.0.0.1:43363 - 0 ] INFO  ipc.Client (Client.java:handleConnectionFailure(977)) - Retrying connect to server: localhost/127.0.0.1:43363. Already tried 14 time(s); retry policy is RetryUpToMaximumCountWithFixedSleep(maxRetries=15, sleepTime=1000 MILLISECONDS)
2022-03-03 08:20:31,876 [Datanode State Machine Daemon Thread] ERROR datanode.RunningDatanodeState (RunningDatanodeState.java:computeNextContainerState(201)) - Error in executing end point task.
java.util.concurrent.ExecutionException: java.util.concurrent.TimeoutException
	at java.util.concurrent.FutureTask.report(FutureTask.java:122)
	at java.util.concurrent.FutureTask.get(FutureTask.java:192)
	at org.apache.hadoop.ozone.container.common.states.datanode.RunningDatanodeState.computeNextContainerState(RunningDatanodeState.java:193)
	at org.apache.hadoop.ozone.container.common.states.datanode.RunningDatanodeState.await(RunningDatanodeState.java:233)
	at org.apache.hadoop.ozone.container.common.states.datanode.RunningDatanodeState.await(RunningDatanodeState.java:50)
	at org.apache.hadoop.ozone.container.common.statemachine.StateContext.execute(StateContext.java:658)
	at org.apache.hadoop.ozone.container.common.statemachine.DatanodeStateMachine.startStateMachineThread(DatanodeStateMachine.java:283)
	at org.apache.hadoop.ozone.container.common.statemachine.DatanodeStateMachine.lambda$startDaemon$0(DatanodeStateMachine.java:471)
	at java.lang.Thread.run(Thread.java:750)
Caused by: java.util.concurrent.TimeoutException
	at java.util.concurrent.FutureTask.get(FutureTask.java:205)
	at org.apache.hadoop.ozone.container.common.states.datanode.RunningDatanodeState.lambda$execute$0(RunningDatanodeState.java:151)
	at java.util.concurrent.FutureTask.run(FutureTask.java:266)
	at java.util.concurrent.Executors$RunnableAdapter.call(Executors.java:511)
	at java.util.concurrent.FutureTask.run(FutureTask.java:266)
	at java.util.concurrent.ThreadPoolExecutor.runWorker(ThreadPoolExecutor.java:1149)
	at java.util.concurrent.ThreadPoolExecutor$Worker.run(ThreadPoolExecutor.java:624)
	... 1 more
2022-03-03 08:20:31,931 [EndpointStateMachine task thread for /127.0.0.1:39861 - 0 ] INFO  ipc.Client (Client.java:handleConnectionFailure(977)) - Retrying connect to server: localhost/127.0.0.1:39861. Already tried 14 time(s); retry policy is RetryUpToMaximumCountWithFixedSleep(maxRetries=15, sleepTime=1000 MILLISECONDS)
2022-03-03 08:20:31,934 [EndpointStateMachine task thread for /127.0.0.1:39861 - 0 ] WARN  statemachine.EndpointStateMachine (EndpointStateMachine.java:logIfNeeded(236)) - Unable to communicate to SCM server at localhost:39861 for past 0 seconds.
java.net.ConnectException: Call From fv-az501-749/10.1.0.15 to localhost:39861 failed on connection exception: java.net.ConnectException: Connection refused; For more details see:  http://wiki.apache.org/hadoop/ConnectionRefused
	at sun.reflect.NativeConstructorAccessorImpl.newInstance0(Native Method)
	at sun.reflect.NativeConstructorAccessorImpl.newInstance(NativeConstructorAccessorImpl.java:62)
	at sun.reflect.DelegatingConstructorAccessorImpl.newInstance(DelegatingConstructorAccessorImpl.java:45)
	at java.lang.reflect.Constructor.newInstance(Constructor.java:423)
	at org.apache.hadoop.net.NetUtils.wrapWithMessage(NetUtils.java:913)
	at org.apache.hadoop.net.NetUtils.wrapException(NetUtils.java:828)
	at org.apache.hadoop.ipc.Client.getRpcResponse(Client.java:1577)
	at org.apache.hadoop.ipc.Client.call(Client.java:1519)
	at org.apache.hadoop.ipc.Client.call(Client.java:1416)
	at org.apache.hadoop.ipc.ProtobufRpcEngine$Invoker.invoke(ProtobufRpcEngine.java:236)
	at org.apache.hadoop.ipc.ProtobufRpcEngine$Invoker.invoke(ProtobufRpcEngine.java:123)
	at com.sun.proxy.$Proxy48.submitRequest(Unknown Source)
	at org.apache.hadoop.ozone.protocolPB.StorageContainerDatanodeProtocolClientSideTranslatorPB.submitRequest(StorageContainerDatanodeProtocolClientSideTranslatorPB.java:117)
	at org.apache.hadoop.ozone.protocolPB.StorageContainerDatanodeProtocolClientSideTranslatorPB.sendHeartbeat(StorageContainerDatanodeProtocolClientSideTranslatorPB.java:149)
	at org.apache.hadoop.ozone.container.common.states.endpoint.HeartbeatEndpointTask.call(HeartbeatEndpointTask.java:180)
	at org.apache.hadoop.ozone.container.common.states.endpoint.HeartbeatEndpointTask.call(HeartbeatEndpointTask.java:83)
	at java.util.concurrent.FutureTask.run(FutureTask.java:266)
	at java.util.concurrent.ThreadPoolExecutor.runWorker(ThreadPoolExecutor.java:1149)
	at java.util.concurrent.ThreadPoolExecutor$Worker.run(ThreadPoolExecutor.java:624)
	at java.lang.Thread.run(Thread.java:750)
Caused by: java.net.ConnectException: Connection refused
	at sun.nio.ch.SocketChannelImpl.checkConnect(Native Method)
	at sun.nio.ch.SocketChannelImpl.finishConnect(SocketChannelImpl.java:716)
	at org.apache.hadoop.net.SocketIOWithTimeout.connect(SocketIOWithTimeout.java:206)
	at org.apache.hadoop.net.NetUtils.connect(NetUtils.java:586)
	at org.apache.hadoop.ipc.Client$Connection.setupConnection(Client.java:701)
	at org.apache.hadoop.ipc.Client$Connection.setupIOstreams(Client.java:822)
	at org.apache.hadoop.ipc.Client$Connection.access$3800(Client.java:414)
	at org.apache.hadoop.ipc.Client.getConnection(Client.java:1647)
	at org.apache.hadoop.ipc.Client.call(Client.java:1463)
	... 12 more
2022-03-03 08:20:31,943 [EndpointStateMachine task thread for /127.0.0.1:45429 - 0 ] INFO  ipc.Client (Client.java:handleConnectionFailure(977)) - Retrying connect to server: localhost/127.0.0.1:45429. Already tried 0 time(s); retry policy is RetryUpToMaximumCountWithFixedSleep(maxRetries=15, sleepTime=1000 MILLISECONDS)
2022-03-03 08:20:32,197 [Datanode State Machine Daemon Thread] ERROR datanode.RunningDatanodeState (RunningDatanodeState.java:computeNextContainerState(201)) - Error in executing end point task.
java.util.concurrent.ExecutionException: java.util.concurrent.TimeoutException
	at java.util.concurrent.FutureTask.report(FutureTask.java:122)
	at java.util.concurrent.FutureTask.get(FutureTask.java:192)
	at org.apache.hadoop.ozone.container.common.states.datanode.RunningDatanodeState.computeNextContainerState(RunningDatanodeState.java:193)
	at org.apache.hadoop.ozone.container.common.states.datanode.RunningDatanodeState.await(RunningDatanodeState.java:233)
	at org.apache.hadoop.ozone.container.common.states.datanode.RunningDatanodeState.await(RunningDatanodeState.java:50)
	at org.apache.hadoop.ozone.container.common.statemachine.StateContext.execute(StateContext.java:658)
	at org.apache.hadoop.ozone.container.common.statemachine.DatanodeStateMachine.startStateMachineThread(DatanodeStateMachine.java:283)
	at org.apache.hadoop.ozone.container.common.statemachine.DatanodeStateMachine.lambda$startDaemon$0(DatanodeStateMachine.java:471)
	at java.lang.Thread.run(Thread.java:750)
Caused by: java.util.concurrent.TimeoutException
	at java.util.concurrent.FutureTask.get(FutureTask.java:205)
	at org.apache.hadoop.ozone.container.common.states.datanode.RunningDatanodeState.lambda$execute$0(RunningDatanodeState.java:151)
	at java.util.concurrent.FutureTask.run(FutureTask.java:266)
	at java.util.concurrent.Executors$RunnableAdapter.call(Executors.java:511)
	at java.util.concurrent.FutureTask.run(FutureTask.java:266)
	at java.util.concurrent.ThreadPoolExecutor.runWorker(ThreadPoolExecutor.java:1149)
	at java.util.concurrent.ThreadPoolExecutor$Worker.run(ThreadPoolExecutor.java:624)
	... 1 more
2022-03-03 08:20:32,606 [Datanode State Machine Daemon Thread] ERROR datanode.RunningDatanodeState (RunningDatanodeState.java:computeNextContainerState(201)) - Error in executing end point task.
java.util.concurrent.ExecutionException: java.util.concurrent.TimeoutException
	at java.util.concurrent.FutureTask.report(FutureTask.java:122)
	at java.util.concurrent.FutureTask.get(FutureTask.java:192)
	at org.apache.hadoop.ozone.container.common.states.datanode.RunningDatanodeState.computeNextContainerState(RunningDatanodeState.java:193)
	at org.apache.hadoop.ozone.container.common.states.datanode.RunningDatanodeState.await(RunningDatanodeState.java:233)
	at org.apache.hadoop.ozone.container.common.states.datanode.RunningDatanodeState.await(RunningDatanodeState.java:50)
	at org.apache.hadoop.ozone.container.common.statemachine.StateContext.execute(StateContext.java:658)
	at org.apache.hadoop.ozone.container.common.statemachine.DatanodeStateMachine.startStateMachineThread(DatanodeStateMachine.java:283)
	at org.apache.hadoop.ozone.container.common.statemachine.DatanodeStateMachine.lambda$startDaemon$0(DatanodeStateMachine.java:471)
	at java.lang.Thread.run(Thread.java:750)
Caused by: java.util.concurrent.TimeoutException
	at java.util.concurrent.FutureTask.get(FutureTask.java:205)
	at org.apache.hadoop.ozone.container.common.states.datanode.RunningDatanodeState.lambda$execute$0(RunningDatanodeState.java:151)
	at java.util.concurrent.FutureTask.run(FutureTask.java:266)
	at java.util.concurrent.Executors$RunnableAdapter.call(Executors.java:511)
	at java.util.concurrent.FutureTask.run(FutureTask.java:266)
	at java.util.concurrent.ThreadPoolExecutor.runWorker(ThreadPoolExecutor.java:1149)
	at java.util.concurrent.ThreadPoolExecutor$Worker.run(ThreadPoolExecutor.java:624)
	... 1 more
2022-03-03 08:20:32,837 [EndpointStateMachine task thread for /127.0.0.1:43363 - 0 ] INFO  ipc.Client (Client.java:handleConnectionFailure(977)) - Retrying connect to server: localhost/127.0.0.1:43363. Already tried 0 time(s); retry policy is RetryUpToMaximumCountWithFixedSleep(maxRetries=15, sleepTime=1000 MILLISECONDS)
2022-03-03 08:20:32,882 [Datanode State Machine Daemon Thread] ERROR datanode.RunningDatanodeState (RunningDatanodeState.java:computeNextContainerState(201)) - Error in executing end point task.
java.util.concurrent.ExecutionException: java.util.concurrent.TimeoutException
	at java.util.concurrent.FutureTask.report(FutureTask.java:122)
	at java.util.concurrent.FutureTask.get(FutureTask.java:192)
	at org.apache.hadoop.ozone.container.common.states.datanode.RunningDatanodeState.computeNextContainerState(RunningDatanodeState.java:193)
	at org.apache.hadoop.ozone.container.common.states.datanode.RunningDatanodeState.await(RunningDatanodeState.java:233)
	at org.apache.hadoop.ozone.container.common.states.datanode.RunningDatanodeState.await(RunningDatanodeState.java:50)
	at org.apache.hadoop.ozone.container.common.statemachine.StateContext.execute(StateContext.java:658)
	at org.apache.hadoop.ozone.container.common.statemachine.DatanodeStateMachine.startStateMachineThread(DatanodeStateMachine.java:283)
	at org.apache.hadoop.ozone.container.common.statemachine.DatanodeStateMachine.lambda$startDaemon$0(DatanodeStateMachine.java:471)
	at java.lang.Thread.run(Thread.java:750)
Caused by: java.util.concurrent.TimeoutException
	at java.util.concurrent.FutureTask.get(FutureTask.java:205)
	at org.apache.hadoop.ozone.container.common.states.datanode.RunningDatanodeState.lambda$execute$0(RunningDatanodeState.java:151)
	at java.util.concurrent.FutureTask.run(FutureTask.java:266)
	at java.util.concurrent.Executors$RunnableAdapter.call(Executors.java:511)
	at java.util.concurrent.FutureTask.run(FutureTask.java:266)
	at java.util.concurrent.ThreadPoolExecutor.runWorker(ThreadPoolExecutor.java:1149)
	at java.util.concurrent.ThreadPoolExecutor$Worker.run(ThreadPoolExecutor.java:624)
	... 1 more
2022-03-03 08:20:32,933 [EndpointStateMachine task thread for /127.0.0.1:39861 - 0 ] INFO  ipc.Client (Client.java:handleConnectionFailure(977)) - Retrying connect to server: localhost/127.0.0.1:39861. Already tried 0 time(s); retry policy is RetryUpToMaximumCountWithFixedSleep(maxRetries=15, sleepTime=1000 MILLISECONDS)
2022-03-03 08:20:32,944 [EndpointStateMachine task thread for /127.0.0.1:45429 - 0 ] INFO  ipc.Client (Client.java:handleConnectionFailure(977)) - Retrying connect to server: localhost/127.0.0.1:45429. Already tried 1 time(s); retry policy is RetryUpToMaximumCountWithFixedSleep(maxRetries=15, sleepTime=1000 MILLISECONDS)
2022-03-03 08:20:33,609 [Datanode State Machine Daemon Thread] ERROR datanode.RunningDatanodeState (RunningDatanodeState.java:computeNextContainerState(201)) - Error in executing end point task.
java.util.concurrent.ExecutionException: java.util.concurrent.TimeoutException
	at java.util.concurrent.FutureTask.report(FutureTask.java:122)
	at java.util.concurrent.FutureTask.get(FutureTask.java:192)
	at org.apache.hadoop.ozone.container.common.states.datanode.RunningDatanodeState.computeNextContainerState(RunningDatanodeState.java:193)
	at org.apache.hadoop.ozone.container.common.states.datanode.RunningDatanodeState.await(RunningDatanodeState.java:233)
	at org.apache.hadoop.ozone.container.common.states.datanode.RunningDatanodeState.await(RunningDatanodeState.java:50)
	at org.apache.hadoop.ozone.container.common.statemachine.StateContext.execute(StateContext.java:658)
	at org.apache.hadoop.ozone.container.common.statemachine.DatanodeStateMachine.startStateMachineThread(DatanodeStateMachine.java:283)
	at org.apache.hadoop.ozone.container.common.statemachine.DatanodeStateMachine.lambda$startDaemon$0(DatanodeStateMachine.java:471)
	at java.lang.Thread.run(Thread.java:750)
Caused by: java.util.concurrent.TimeoutException
	at java.util.concurrent.FutureTask.get(FutureTask.java:205)
	at org.apache.hadoop.ozone.container.common.states.datanode.RunningDatanodeState.lambda$execute$0(RunningDatanodeState.java:151)
	at java.util.concurrent.FutureTask.run(FutureTask.java:266)
	at java.util.concurrent.Executors$RunnableAdapter.call(Executors.java:511)
	at java.util.concurrent.FutureTask.run(FutureTask.java:266)
	at java.util.concurrent.ThreadPoolExecutor.runWorker(ThreadPoolExecutor.java:1149)
	at java.util.concurrent.ThreadPoolExecutor$Worker.run(ThreadPoolExecutor.java:624)
	... 1 more
2022-03-03 08:20:33,838 [EndpointStateMachine task thread for /127.0.0.1:43363 - 0 ] INFO  ipc.Client (Client.java:handleConnectionFailure(977)) - Retrying connect to server: localhost/127.0.0.1:43363. Already tried 1 time(s); retry policy is RetryUpToMaximumCountWithFixedSleep(maxRetries=15, sleepTime=1000 MILLISECONDS)
2022-03-03 08:20:33,884 [Datanode State Machine Daemon Thread] ERROR datanode.RunningDatanodeState (RunningDatanodeState.java:computeNextContainerState(201)) - Error in executing end point task.
java.util.concurrent.ExecutionException: java.util.concurrent.TimeoutException
	at java.util.concurrent.FutureTask.report(FutureTask.java:122)
	at java.util.concurrent.FutureTask.get(FutureTask.java:192)
	at org.apache.hadoop.ozone.container.common.states.datanode.RunningDatanodeState.computeNextContainerState(RunningDatanodeState.java:193)
	at org.apache.hadoop.ozone.container.common.states.datanode.RunningDatanodeState.await(RunningDatanodeState.java:233)
	at org.apache.hadoop.ozone.container.common.states.datanode.RunningDatanodeState.await(RunningDatanodeState.java:50)
	at org.apache.hadoop.ozone.container.common.statemachine.StateContext.execute(StateContext.java:658)
	at org.apache.hadoop.ozone.container.common.statemachine.DatanodeStateMachine.startStateMachineThread(DatanodeStateMachine.java:283)
	at org.apache.hadoop.ozone.container.common.statemachine.DatanodeStateMachine.lambda$startDaemon$0(DatanodeStateMachine.java:471)
	at java.lang.Thread.run(Thread.java:750)
Caused by: java.util.concurrent.TimeoutException
	at java.util.concurrent.FutureTask.get(FutureTask.java:205)
	at org.apache.hadoop.ozone.container.common.states.datanode.RunningDatanodeState.lambda$execute$0(RunningDatanodeState.java:151)
	at java.util.concurrent.FutureTask.run(FutureTask.java:266)
	at java.util.concurrent.Executors$RunnableAdapter.call(Executors.java:511)
	at java.util.concurrent.FutureTask.run(FutureTask.java:266)
	at java.util.concurrent.ThreadPoolExecutor.runWorker(ThreadPoolExecutor.java:1149)
	at java.util.concurrent.ThreadPoolExecutor$Worker.run(ThreadPoolExecutor.java:624)
	... 1 more
2022-03-03 08:20:33,934 [EndpointStateMachine task thread for /127.0.0.1:39861 - 0 ] INFO  ipc.Client (Client.java:handleConnectionFailure(977)) - Retrying connect to server: localhost/127.0.0.1:39861. Already tried 1 time(s); retry policy is RetryUpToMaximumCountWithFixedSleep(maxRetries=15, sleepTime=1000 MILLISECONDS)
2022-03-03 08:20:33,944 [EndpointStateMachine task thread for /127.0.0.1:45429 - 0 ] INFO  ipc.Client (Client.java:handleConnectionFailure(977)) - Retrying connect to server: localhost/127.0.0.1:45429. Already tried 2 time(s); retry policy is RetryUpToMaximumCountWithFixedSleep(maxRetries=15, sleepTime=1000 MILLISECONDS)
2022-03-03 08:20:34,838 [EndpointStateMachine task thread for /127.0.0.1:43363 - 0 ] INFO  ipc.Client (Client.java:handleConnectionFailure(977)) - Retrying connect to server: localhost/127.0.0.1:43363. Already tried 2 time(s); retry policy is RetryUpToMaximumCountWithFixedSleep(maxRetries=15, sleepTime=1000 MILLISECONDS)
2022-03-03 08:20:34,935 [EndpointStateMachine task thread for /127.0.0.1:39861 - 0 ] INFO  ipc.Client (Client.java:handleConnectionFailure(977)) - Retrying connect to server: localhost/127.0.0.1:39861. Already tried 2 time(s); retry policy is RetryUpToMaximumCountWithFixedSleep(maxRetries=15, sleepTime=1000 MILLISECONDS)
2022-03-03 08:20:34,945 [EndpointStateMachine task thread for /127.0.0.1:45429 - 0 ] INFO  ipc.Client (Client.java:handleConnectionFailure(977)) - Retrying connect to server: localhost/127.0.0.1:45429. Already tried 3 time(s); retry policy is RetryUpToMaximumCountWithFixedSleep(maxRetries=15, sleepTime=1000 MILLISECONDS)
2022-03-03 08:20:35,200 [Datanode State Machine Daemon Thread] ERROR datanode.RunningDatanodeState (RunningDatanodeState.java:computeNextContainerState(201)) - Error in executing end point task.
java.util.concurrent.ExecutionException: java.util.concurrent.TimeoutException
	at java.util.concurrent.FutureTask.report(FutureTask.java:122)
	at java.util.concurrent.FutureTask.get(FutureTask.java:192)
	at org.apache.hadoop.ozone.container.common.states.datanode.RunningDatanodeState.computeNextContainerState(RunningDatanodeState.java:193)
	at org.apache.hadoop.ozone.container.common.states.datanode.RunningDatanodeState.await(RunningDatanodeState.java:233)
	at org.apache.hadoop.ozone.container.common.states.datanode.RunningDatanodeState.await(RunningDatanodeState.java:50)
	at org.apache.hadoop.ozone.container.common.statemachine.StateContext.execute(StateContext.java:658)
	at org.apache.hadoop.ozone.container.common.statemachine.DatanodeStateMachine.startStateMachineThread(DatanodeStateMachine.java:283)
	at org.apache.hadoop.ozone.container.common.statemachine.DatanodeStateMachine.lambda$startDaemon$0(DatanodeStateMachine.java:471)
	at java.lang.Thread.run(Thread.java:750)
Caused by: java.util.concurrent.TimeoutException
	at java.util.concurrent.FutureTask.get(FutureTask.java:205)
	at org.apache.hadoop.ozone.container.common.states.datanode.RunningDatanodeState.lambda$execute$0(RunningDatanodeState.java:151)
	at java.util.concurrent.FutureTask.run(FutureTask.java:266)
	at java.util.concurrent.Executors$RunnableAdapter.call(Executors.java:511)
	at java.util.concurrent.FutureTask.run(FutureTask.java:266)
	at java.util.concurrent.ThreadPoolExecutor.runWorker(ThreadPoolExecutor.java:1149)
	at java.util.concurrent.ThreadPoolExecutor$Worker.run(ThreadPoolExecutor.java:624)
	... 1 more
2022-03-03 08:20:35,839 [EndpointStateMachine task thread for /127.0.0.1:43363 - 0 ] INFO  ipc.Client (Client.java:handleConnectionFailure(977)) - Retrying connect to server: localhost/127.0.0.1:43363. Already tried 3 time(s); retry policy is RetryUpToMaximumCountWithFixedSleep(maxRetries=15, sleepTime=1000 MILLISECONDS)
2022-03-03 08:20:35,937 [EndpointStateMachine task thread for /127.0.0.1:39861 - 0 ] INFO  ipc.Client (Client.java:handleConnectionFailure(977)) - Retrying connect to server: localhost/127.0.0.1:39861. Already tried 3 time(s); retry policy is RetryUpToMaximumCountWithFixedSleep(maxRetries=15, sleepTime=1000 MILLISECONDS)
2022-03-03 08:20:35,946 [EndpointStateMachine task thread for /127.0.0.1:45429 - 0 ] INFO  ipc.Client (Client.java:handleConnectionFailure(977)) - Retrying connect to server: localhost/127.0.0.1:45429. Already tried 4 time(s); retry policy is RetryUpToMaximumCountWithFixedSleep(maxRetries=15, sleepTime=1000 MILLISECONDS)
2022-03-03 08:20:36,128 [e7338982-199b-4e5a-937e-5a36927222d8@group-EB4E8D1567B6-LeaderStateImpl] INFO  server.RaftServer$Division (ServerState.java:setRaftConf(387)) - e7338982-199b-4e5a-937e-5a36927222d8@group-EB4E8D1567B6: set configuration 25: [1244aa64-d874-441f-9571-396032220701|rpc:localhost:35029|priority:0, e7338982-199b-4e5a-937e-5a36927222d8|rpc:localhost:44949|admin:|client:|dataStream:|priority:0, 1ba03041-f5a8-4c87-98f5-638ac16258b5|rpc:localhost:39691|priority:0], old=[1244aa64-d874-441f-9571-396032220701|rpc:localhost:35029|priority:0, e7338982-199b-4e5a-937e-5a36927222d8|rpc:localhost:44949|admin:|client:|dataStream:|priority:0]
2022-03-03 08:20:36,131 [grpc-default-executor-0] INFO  server.RaftServer$Division (ServerState.java:setRaftConf(387)) - 1244aa64-d874-441f-9571-396032220701@group-EB4E8D1567B6: set configuration 25: [1244aa64-d874-441f-9571-396032220701|rpc:localhost:35029|admin:|client:|dataStream:|priority:0, e7338982-199b-4e5a-937e-5a36927222d8|rpc:localhost:44949|admin:|client:|dataStream:|priority:0, 1ba03041-f5a8-4c87-98f5-638ac16258b5|rpc:localhost:39691|admin:|client:|dataStream:|priority:0], old=[1244aa64-d874-441f-9571-396032220701|rpc:localhost:35029|admin:|client:|dataStream:|priority:0, e7338982-199b-4e5a-937e-5a36927222d8|rpc:localhost:44949|admin:|client:|dataStream:|priority:0]
2022-03-03 08:20:36,140 [grpc-default-executor-0] INFO  server.RaftServer$Division (ServerState.java:setRaftConf(387)) - 1ba03041-f5a8-4c87-98f5-638ac16258b5@group-EB4E8D1567B6: set configuration 25: [1244aa64-d874-441f-9571-396032220701|rpc:localhost:35029|admin:|client:|dataStream:|priority:0, e7338982-199b-4e5a-937e-5a36927222d8|rpc:localhost:44949|admin:|client:|dataStream:|priority:0, 1ba03041-f5a8-4c87-98f5-638ac16258b5|rpc:localhost:39691|admin:|client:|dataStream:|priority:0], old=[1244aa64-d874-441f-9571-396032220701|rpc:localhost:35029|admin:|client:|dataStream:|priority:0, e7338982-199b-4e5a-937e-5a36927222d8|rpc:localhost:44949|admin:|client:|dataStream:|priority:0]
2022-03-03 08:20:36,141 [grpc-default-executor-0] INFO  segmented.SegmentedRaftLogWorker (SegmentedRaftLogWorker.java:startLogSegment(394)) - 1ba03041-f5a8-4c87-98f5-638ac16258b5@group-EB4E8D1567B6-SegmentedRaftLogWorker: Starting segment from index:25
2022-03-03 08:20:36,148 [e7338982-199b-4e5a-937e-5a36927222d8@group-EB4E8D1567B6-LeaderStateImpl] INFO  server.RaftServer$Division (ServerState.java:setRaftConf(387)) - e7338982-199b-4e5a-937e-5a36927222d8@group-EB4E8D1567B6: set configuration 27: [1244aa64-d874-441f-9571-396032220701|rpc:localhost:35029|priority:0, e7338982-199b-4e5a-937e-5a36927222d8|rpc:localhost:44949|admin:|client:|dataStream:|priority:0, 1ba03041-f5a8-4c87-98f5-638ac16258b5|rpc:localhost:39691|priority:0], old=null
2022-03-03 08:20:36,150 [grpc-default-executor-2] INFO  server.RaftServer$Division (ServerState.java:setRaftConf(387)) - 1244aa64-d874-441f-9571-396032220701@group-EB4E8D1567B6: set configuration 27: [1244aa64-d874-441f-9571-396032220701|rpc:localhost:35029|admin:|client:|dataStream:|priority:0, e7338982-199b-4e5a-937e-5a36927222d8|rpc:localhost:44949|admin:|client:|dataStream:|priority:0, 1ba03041-f5a8-4c87-98f5-638ac16258b5|rpc:localhost:39691|admin:|client:|dataStream:|priority:0], old=null
2022-03-03 08:20:36,151 [grpc-default-executor-0] INFO  server.RaftServer$Division (ServerState.java:setRaftConf(387)) - 1ba03041-f5a8-4c87-98f5-638ac16258b5@group-EB4E8D1567B6: set configuration 27: [1244aa64-d874-441f-9571-396032220701|rpc:localhost:35029|admin:|client:|dataStream:|priority:0, e7338982-199b-4e5a-937e-5a36927222d8|rpc:localhost:44949|admin:|client:|dataStream:|priority:0, 1ba03041-f5a8-4c87-98f5-638ac16258b5|rpc:localhost:39691|admin:|client:|dataStream:|priority:0], old=null
2022-03-03 08:20:36,203 [Datanode State Machine Daemon Thread] ERROR datanode.RunningDatanodeState (RunningDatanodeState.java:computeNextContainerState(201)) - Error in executing end point task.
java.util.concurrent.ExecutionException: java.util.concurrent.TimeoutException
	at java.util.concurrent.FutureTask.report(FutureTask.java:122)
	at java.util.concurrent.FutureTask.get(FutureTask.java:192)
	at org.apache.hadoop.ozone.container.common.states.datanode.RunningDatanodeState.computeNextContainerState(RunningDatanodeState.java:193)
	at org.apache.hadoop.ozone.container.common.states.datanode.RunningDatanodeState.await(RunningDatanodeState.java:233)
	at org.apache.hadoop.ozone.container.common.states.datanode.RunningDatanodeState.await(RunningDatanodeState.java:50)
	at org.apache.hadoop.ozone.container.common.statemachine.StateContext.execute(StateContext.java:658)
	at org.apache.hadoop.ozone.container.common.statemachine.DatanodeStateMachine.startStateMachineThread(DatanodeStateMachine.java:283)
	at org.apache.hadoop.ozone.container.common.statemachine.DatanodeStateMachine.lambda$startDaemon$0(DatanodeStateMachine.java:471)
	at java.lang.Thread.run(Thread.java:750)
Caused by: java.util.concurrent.TimeoutException
	at java.util.concurrent.FutureTask.get(FutureTask.java:205)
	at org.apache.hadoop.ozone.container.common.states.datanode.RunningDatanodeState.lambda$execute$0(RunningDatanodeState.java:151)
	at java.util.concurrent.FutureTask.run(FutureTask.java:266)
	at java.util.concurrent.Executors$RunnableAdapter.call(Executors.java:511)
	at java.util.concurrent.FutureTask.run(FutureTask.java:266)
	at java.util.concurrent.ThreadPoolExecutor.runWorker(ThreadPoolExecutor.java:1149)
	at java.util.concurrent.ThreadPoolExecutor$Worker.run(ThreadPoolExecutor.java:624)
	... 1 more
2022-03-03 08:20:36,221 [e7338982-199b-4e5a-937e-5a36927222d8@group-EB4E8D1567B6-StateMachineUpdater] INFO  ha.SCMStateMachine (SCMStateMachine.java:takeSnapshot(297)) - Current Snapshot Index 25, takeSnapshot took 0 ms
2022-03-03 08:20:36,221 [e7338982-199b-4e5a-937e-5a36927222d8@group-EB4E8D1567B6-StateMachineUpdater] INFO  impl.StateMachineUpdater (StateMachineUpdater.java:takeSnapshot(281)) - e7338982-199b-4e5a-937e-5a36927222d8@group-EB4E8D1567B6-StateMachineUpdater: Took a snapshot at index 25
2022-03-03 08:20:36,221 [e7338982-199b-4e5a-937e-5a36927222d8@group-EB4E8D1567B6-StateMachineUpdater] INFO  impl.StateMachineUpdater (StateMachineUpdater.java:lambda$new$0(89)) - e7338982-199b-4e5a-937e-5a36927222d8@group-EB4E8D1567B6-StateMachineUpdater: snapshotIndex: updateIncreasingly 20 -> 25
2022-03-03 08:20:36,221 [e7338982-199b-4e5a-937e-5a36927222d8@group-EB4E8D1567B6-StateMachineUpdater] INFO  raftlog.RaftLog (RaftLogBase.java:purge(306)) - e7338982-199b-4e5a-937e-5a36927222d8@group-EB4E8D1567B6-SegmentedRaftLog: purge 25
2022-03-03 08:20:36,222 [e7338982-199b-4e5a-937e-5a36927222d8@group-EB4E8D1567B6-StateMachineUpdater] INFO  raftlog.RaftLog (RaftLogBase.java:lambda$new$0(53)) - e7338982-199b-4e5a-937e-5a36927222d8@group-EB4E8D1567B6-SegmentedRaftLog: snapshotIndex: updateIncreasingly 20 -> 25
2022-03-03 08:20:36,222 [e7338982-199b-4e5a-937e-5a36927222d8@group-EB4E8D1567B6-StateMachineUpdater] INFO  raftlog.RaftLog (RaftLogBase.java:lambda$new$0(53)) - e7338982-199b-4e5a-937e-5a36927222d8@group-EB4E8D1567B6-SegmentedRaftLog: purgeIndex: updateToMax old=20, new=25, updated? true
2022-03-03 08:20:36,229 [IPC Server handler 3 on default port 44091] INFO  ha.SCMRatisServerImpl (SCMRatisServerImpl.java:addSCM(303)) - Successfully added new SCM: 1ba03041-f5a8-4c87-98f5-638ac16258b5.
2022-03-03 08:20:36,230 [Listener at 127.0.0.1/42883] INFO  ha.SCMHAManagerImpl (SCMHAManagerImpl.java:start(117)) - Successfully added SCM scmNode-3 to group group-EB4E8D1567B6:[1244aa64-d874-441f-9571-396032220701|rpc:localhost:35029|admin:|client:|dataStream:|priority:0, e7338982-199b-4e5a-937e-5a36927222d8|rpc:localhost:44949|admin:|client:|dataStream:|priority:0, 1ba03041-f5a8-4c87-98f5-638ac16258b5|rpc:localhost:39691|admin:|client:|dataStream:|priority:0]
2022-03-03 08:20:36,230 [Listener at 127.0.0.1/42883] INFO  ha.InterSCMGrpcService (InterSCMGrpcProtocolService.java:start(94)) - Starting SCM Grpc Service at port 44835
2022-03-03 08:20:36,233 [Listener at 127.0.0.1/42883] INFO  impl.MetricsSystemImpl (MetricsSystemImpl.java:init(158)) - StorageContainerManager metrics system started (again)
2022-03-03 08:20:36,235 [abae3395-e125-494e-95ee-7e13e0096d36@group-904C6079E864-FollowerState] INFO  impl.FollowerState (FollowerState.java:run(134)) - abae3395-e125-494e-95ee-7e13e0096d36@group-904C6079E864-FollowerState: change to CANDIDATE, lastRpcElapsedTime:5030896050ns, electionTimeout:5029ms
2022-03-03 08:20:36,235 [abae3395-e125-494e-95ee-7e13e0096d36@group-904C6079E864-FollowerState] INFO  impl.RoleInfo (RoleInfo.java:shutdownFollowerState(108)) - abae3395-e125-494e-95ee-7e13e0096d36: shutdown abae3395-e125-494e-95ee-7e13e0096d36@group-904C6079E864-FollowerState
2022-03-03 08:20:36,235 [abae3395-e125-494e-95ee-7e13e0096d36@group-904C6079E864-FollowerState] INFO  server.RaftServer$Division (RaftServerImpl.java:setRole(290)) - abae3395-e125-494e-95ee-7e13e0096d36@group-904C6079E864: changes role from  FOLLOWER to CANDIDATE at term 2 for changeToCandidate
2022-03-03 08:20:36,236 [abae3395-e125-494e-95ee-7e13e0096d36@group-904C6079E864-FollowerState] INFO  server.RaftServerConfigKeys (ConfUtils.java:logGet(44)) - raft.server.leaderelection.pre-vote = false (custom)
2022-03-03 08:20:36,236 [abae3395-e125-494e-95ee-7e13e0096d36@group-904C6079E864-FollowerState] INFO  impl.RoleInfo (RoleInfo.java:updateAndGet(130)) - abae3395-e125-494e-95ee-7e13e0096d36: start abae3395-e125-494e-95ee-7e13e0096d36@group-904C6079E864-LeaderElection30
2022-03-03 08:20:36,248 [b80209a9-e74f-462d-bd7e-a1c457e8621c@group-904C6079E864-FollowerState] INFO  impl.FollowerState (FollowerState.java:run(134)) - b80209a9-e74f-462d-bd7e-a1c457e8621c@group-904C6079E864-FollowerState: change to CANDIDATE, lastRpcElapsedTime:5030111843ns, electionTimeout:5026ms
2022-03-03 08:20:36,248 [b80209a9-e74f-462d-bd7e-a1c457e8621c@group-904C6079E864-FollowerState] INFO  impl.RoleInfo (RoleInfo.java:shutdownFollowerState(108)) - b80209a9-e74f-462d-bd7e-a1c457e8621c: shutdown b80209a9-e74f-462d-bd7e-a1c457e8621c@group-904C6079E864-FollowerState
2022-03-03 08:20:36,248 [b80209a9-e74f-462d-bd7e-a1c457e8621c@group-904C6079E864-FollowerState] INFO  server.RaftServer$Division (RaftServerImpl.java:setRole(290)) - b80209a9-e74f-462d-bd7e-a1c457e8621c@group-904C6079E864: changes role from  FOLLOWER to CANDIDATE at term 2 for changeToCandidate
2022-03-03 08:20:36,248 [b80209a9-e74f-462d-bd7e-a1c457e8621c@group-904C6079E864-FollowerState] INFO  server.RaftServerConfigKeys (ConfUtils.java:logGet(44)) - raft.server.leaderelection.pre-vote = false (custom)
2022-03-03 08:20:36,248 [b80209a9-e74f-462d-bd7e-a1c457e8621c@group-904C6079E864-FollowerState] INFO  impl.RoleInfo (RoleInfo.java:updateAndGet(130)) - b80209a9-e74f-462d-bd7e-a1c457e8621c: start b80209a9-e74f-462d-bd7e-a1c457e8621c@group-904C6079E864-LeaderElection31
2022-03-03 08:20:36,260 [1ba03041-f5a8-4c87-98f5-638ac16258b5@group-EB4E8D1567B6-SegmentedRaftLogWorker] INFO  segmented.SegmentedRaftLogWorker (SegmentedRaftLogWorker.java:execute(601)) - 1ba03041-f5a8-4c87-98f5-638ac16258b5@group-EB4E8D1567B6-SegmentedRaftLogWorker: created new log segment /home/runner/work/ozone/ozone/hadoop-ozone/integration-test/target/test-dir/MiniOzoneClusterImpl-5b82a1ad-a074-4eb8-9e24-eb4e8d1567b6/scmNode-3/scm-ha/5b82a1ad-a074-4eb8-9e24-eb4e8d1567b6/current/log_inprogress_25
2022-03-03 08:20:36,276 [Listener at 127.0.0.1/42883] INFO  server.SCMClientProtocolServer (SCMClientProtocolServer.java:start(165)) - RPC server for Client  is listening at /0.0.0.0:46085
2022-03-03 08:20:36,277 [IPC Server Responder] INFO  ipc.Server (Server.java:run(1507)) - IPC Server Responder: starting
2022-03-03 08:20:36,277 [IPC Server listener on 46085] INFO  ipc.Server (Server.java:run(1344)) - IPC Server listener on 46085: starting
2022-03-03 08:20:36,281 [Listener at 127.0.0.1/42883] INFO  server.StorageContainerManager (StorageContainerManager.java:start(1342)) - ScmBlockLocationProtocol RPC server is listening at /0.0.0.0:45815
2022-03-03 08:20:36,281 [Listener at 127.0.0.1/42883] INFO  server.SCMBlockProtocolServer (SCMBlockProtocolServer.java:start(151)) - RPC server for Block Protocol is listening at /0.0.0.0:45815
2022-03-03 08:20:36,281 [IPC Server Responder] INFO  ipc.Server (Server.java:run(1507)) - IPC Server Responder: starting
2022-03-03 08:20:36,282 [IPC Server listener on 45815] INFO  ipc.Server (Server.java:run(1344)) - IPC Server listener on 45815: starting
2022-03-03 08:20:36,287 [Listener at 127.0.0.1/42883] INFO  http.BaseHttpServer (BaseHttpServer.java:newHttpServer2BuilderForOzone(209)) - Starting Web-server for scm at: http://0.0.0.0:42097
2022-03-03 08:20:36,287 [Listener at 127.0.0.1/42883] INFO  http.BaseHttpServer (BaseHttpServer.java:<init>(107)) - Hadoop Security Enabled: false Ozone Security Enabled: false Ozone HTTP Security Enabled: false 
2022-03-03 08:20:36,289 [Listener at 127.0.0.1/42883] INFO  server.AuthenticationFilter (AuthenticationFilter.java:constructSecretProvider(240)) - Unable to initialize FileSignerSecretProvider, falling back to use random secrets.
2022-03-03 08:20:36,290 [org.apache.hadoop.util.JvmPauseMonitor$Monitor@1882d998] INFO  util.JvmPauseMonitor (JvmPauseMonitor.java:run(188)) - Starting JVM pause monitor
2022-03-03 08:20:36,294 [b80209a9-e74f-462d-bd7e-a1c457e8621c@group-904C6079E864-LeaderElection31] INFO  impl.LeaderElection (LeaderElection.java:askForVotes(306)) - b80209a9-e74f-462d-bd7e-a1c457e8621c@group-904C6079E864-LeaderElection31 ELECTION round 0: submit vote requests at term 3 for -1: [bbb996b9-cb57-429e-b9a5-f900bfe28cb3|rpc:127.0.0.1:39561|priority:0, b80209a9-e74f-462d-bd7e-a1c457e8621c|rpc:127.0.0.1:37755|priority:1, abae3395-e125-494e-95ee-7e13e0096d36|rpc:127.0.0.1:37079|priority:0], old=null
2022-03-03 08:20:36,297 [Listener at 127.0.0.1/42883] WARN  http.HttpRequestLog (HttpRequestLog.java:getRequestLog(103)) - Jetty request log can only be enabled using Log4j
2022-03-03 08:20:36,301 [abae3395-e125-494e-95ee-7e13e0096d36@group-904C6079E864-LeaderElection30] INFO  impl.LeaderElection (LeaderElection.java:askForVotes(306)) - abae3395-e125-494e-95ee-7e13e0096d36@group-904C6079E864-LeaderElection30 ELECTION round 0: submit vote requests at term 3 for -1: [bbb996b9-cb57-429e-b9a5-f900bfe28cb3|rpc:127.0.0.1:39561|dataStream:|priority:0, b80209a9-e74f-462d-bd7e-a1c457e8621c|rpc:127.0.0.1:37755|dataStream:|priority:1, abae3395-e125-494e-95ee-7e13e0096d36|rpc:127.0.0.1:37079|dataStream:|priority:0], old=null
2022-03-03 08:20:36,302 [Listener at 127.0.0.1/42883] INFO  http.HttpServer2 (HttpServer2.java:addGlobalFilter(1030)) - Added global filter 'safety' (class=org.apache.hadoop.hdds.server.http.HttpServer2$QuotingInputFilter)
2022-03-03 08:20:36,307 [Listener at 127.0.0.1/42883] INFO  http.HttpServer2 (HttpServer2.java:addFilter(1006)) - Added filter static_user_filter (class=org.apache.hadoop.http.lib.StaticUserWebFilter$StaticUserFilter) to context scm
2022-03-03 08:20:36,307 [Listener at 127.0.0.1/42883] INFO  http.HttpServer2 (HttpServer2.java:addFilter(1014)) - Added filter static_user_filter (class=org.apache.hadoop.http.lib.StaticUserWebFilter$StaticUserFilter) to context static
2022-03-03 08:20:36,307 [Listener at 127.0.0.1/42883] INFO  http.HttpServer2 (HttpServer2.java:addFilter(1014)) - Added filter static_user_filter (class=org.apache.hadoop.http.lib.StaticUserWebFilter$StaticUserFilter) to context logs
2022-03-03 08:20:36,310 [Listener at 127.0.0.1/42883] INFO  http.HttpServer2 (HttpServer2.java:bindListener(1249)) - Jetty bound to port 42097
2022-03-03 08:20:36,310 [Listener at 127.0.0.1/42883] INFO  server.Server (Server.java:doStart(375)) - jetty-9.4.43.v20210629; built: 2021-06-30T11:07:22.254Z; git: 526006ecfa3af7f1a27ef3a288e2bef7ea9dd7e8; jvm 1.8.0_322-b06
2022-03-03 08:20:36,354 [grpc-default-executor-0] INFO  server.RaftServer$Division (RaftServerImpl.java:requestVote(1046)) - bbb996b9-cb57-429e-b9a5-f900bfe28cb3@group-904C6079E864: receive requestVote(ELECTION, b80209a9-e74f-462d-bd7e-a1c457e8621c, group-904C6079E864, 3, (t:0, i:0))
2022-03-03 08:20:36,354 [grpc-default-executor-0] INFO  impl.VoteContext (VoteContext.java:log(48)) - bbb996b9-cb57-429e-b9a5-f900bfe28cb3@group-904C6079E864-FOLLOWER: accept ELECTION from b80209a9-e74f-462d-bd7e-a1c457e8621c: our priority 0 <= candidate's priority 1
2022-03-03 08:20:36,354 [grpc-default-executor-0] INFO  server.RaftServer$Division (RaftServerImpl.java:setRole(290)) - bbb996b9-cb57-429e-b9a5-f900bfe28cb3@group-904C6079E864: changes role from  FOLLOWER to FOLLOWER at term 3 for candidate:b80209a9-e74f-462d-bd7e-a1c457e8621c
2022-03-03 08:20:36,354 [grpc-default-executor-0] INFO  impl.RoleInfo (RoleInfo.java:shutdownFollowerState(108)) - bbb996b9-cb57-429e-b9a5-f900bfe28cb3: shutdown bbb996b9-cb57-429e-b9a5-f900bfe28cb3@group-904C6079E864-FollowerState
2022-03-03 08:20:36,354 [grpc-default-executor-0] INFO  impl.RoleInfo (RoleInfo.java:updateAndGet(130)) - bbb996b9-cb57-429e-b9a5-f900bfe28cb3: start bbb996b9-cb57-429e-b9a5-f900bfe28cb3@group-904C6079E864-FollowerState
2022-03-03 08:20:36,355 [grpc-default-executor-2] INFO  server.RaftServer$Division (RaftServerImpl.java:requestVote(1046)) - abae3395-e125-494e-95ee-7e13e0096d36@group-904C6079E864: receive requestVote(ELECTION, b80209a9-e74f-462d-bd7e-a1c457e8621c, group-904C6079E864, 3, (t:0, i:0))
2022-03-03 08:20:36,355 [grpc-default-executor-2] INFO  impl.VoteContext (VoteContext.java:log(48)) - abae3395-e125-494e-95ee-7e13e0096d36@group-904C6079E864-CANDIDATE: reject ELECTION from b80209a9-e74f-462d-bd7e-a1c457e8621c: already has voted for abae3395-e125-494e-95ee-7e13e0096d36 at current term 3
2022-03-03 08:20:36,355 [grpc-default-executor-2] INFO  server.RaftServer$Division (RaftServerImpl.java:requestVote(1078)) - abae3395-e125-494e-95ee-7e13e0096d36@group-904C6079E864 replies to ELECTION vote request: b80209a9-e74f-462d-bd7e-a1c457e8621c<-abae3395-e125-494e-95ee-7e13e0096d36#0:FAIL-t3. Peer's state: abae3395-e125-494e-95ee-7e13e0096d36@group-904C6079E864:t3, leader=null, voted=abae3395-e125-494e-95ee-7e13e0096d36, raftlog=abae3395-e125-494e-95ee-7e13e0096d36@group-904C6079E864-SegmentedRaftLog:OPENED:c-1, conf=-1: [bbb996b9-cb57-429e-b9a5-f900bfe28cb3|rpc:127.0.0.1:39561|dataStream:|priority:0, b80209a9-e74f-462d-bd7e-a1c457e8621c|rpc:127.0.0.1:37755|dataStream:|priority:1, abae3395-e125-494e-95ee-7e13e0096d36|rpc:127.0.0.1:37079|dataStream:|priority:0], old=null
2022-03-03 08:20:36,355 [bbb996b9-cb57-429e-b9a5-f900bfe28cb3@group-904C6079E864-FollowerState] INFO  impl.FollowerState (FollowerState.java:run(143)) - bbb996b9-cb57-429e-b9a5-f900bfe28cb3@group-904C6079E864-FollowerState was interrupted: {}
java.lang.InterruptedException: sleep interrupted
	at java.lang.Thread.sleep(Native Method)
	at java.lang.Thread.sleep(Thread.java:342)
	at java.util.concurrent.TimeUnit.sleep(TimeUnit.java:386)
	at org.apache.ratis.util.TimeDuration.sleep(TimeDuration.java:324)
	at org.apache.ratis.util.TimeDuration.sleep(TimeDuration.java:309)
	at org.apache.ratis.server.impl.FollowerState.run(FollowerState.java:118)
2022-03-03 08:20:36,356 [1ba03041-f5a8-4c87-98f5-638ac16258b5@group-EB4E8D1567B6-StateMachineUpdater] INFO  safemode.HealthyPipelineSafeModeRule (HealthyPipelineSafeModeRule.java:initializeRule(152)) - Refreshed total pipeline count is 1, healthy pipeline threshold count is 1
2022-03-03 08:20:36,356 [1ba03041-f5a8-4c87-98f5-638ac16258b5@group-EB4E8D1567B6-StateMachineUpdater] INFO  safemode.ContainerSafeModeRule (ContainerSafeModeRule.java:reInitializeRule(177)) - Refreshed one replica container threshold 0, currentThreshold 0
2022-03-03 08:20:36,356 [1ba03041-f5a8-4c87-98f5-638ac16258b5@group-EB4E8D1567B6-StateMachineUpdater] INFO  safemode.OneReplicaPipelineSafeModeRule (OneReplicaPipelineSafeModeRule.java:initializeRule(176)) - Refreshed Total pipeline count is 1, pipeline's with at least one datanode reported threshold count is 1
2022-03-03 08:20:36,356 [1ba03041-f5a8-4c87-98f5-638ac16258b5@group-EB4E8D1567B6-StateMachineUpdater] INFO  server.SCMDatanodeProtocolServer (SCMDatanodeProtocolServer.java:start(183)) - ScmDatanodeProtocol RPC server for DataNodes is listening at /0.0.0.0:34037
2022-03-03 08:20:36,376 [Listener at 127.0.0.1/42883] INFO  server.session (DefaultSessionIdManager.java:doStart(334)) - DefaultSessionIdManager workerName=node0
2022-03-03 08:20:36,376 [Listener at 127.0.0.1/42883] INFO  server.session (DefaultSessionIdManager.java:doStart(339)) - No SessionScavenger set, using defaults
2022-03-03 08:20:36,377 [Listener at 127.0.0.1/42883] INFO  server.session (HouseKeeper.java:startScavenging(132)) - node0 Scavenging every 660000ms
2022-03-03 08:20:36,385 [Listener at 127.0.0.1/42883] INFO  handler.ContextHandler (ContextHandler.java:doStart(915)) - Started o.e.j.s.ServletContextHandler@6a8ea39d{logs,/logs,file:///home/runner/work/ozone/ozone/hadoop-ozone/integration-test/target/log,AVAILABLE}
2022-03-03 08:20:36,386 [Listener at 127.0.0.1/42883] INFO  handler.ContextHandler (ContextHandler.java:doStart(915)) - Started o.e.j.s.ServletContextHandler@111b6a5a{static,/static,file:///home/runner/work/ozone/ozone/hadoop-ozone/integration-test/target/test-classes/webapps/static,AVAILABLE}
2022-03-03 08:20:36,390 [Listener at 127.0.0.1/42883] INFO  handler.ContextHandler (ContextHandler.java:doStart(915)) - Started o.e.j.w.WebAppContext@6f088169{scm,/,file:///home/runner/work/ozone/ozone/hadoop-ozone/integration-test/target/test-classes/webapps/scm/,AVAILABLE}{file:/home/runner/work/ozone/ozone/hadoop-ozone/integration-test/target/test-classes/webapps/scm}
2022-03-03 08:20:36,407 [IPC Server listener on 34037] INFO  ipc.Server (Server.java:run(1344)) - IPC Server listener on 34037: starting
2022-03-03 08:20:36,417 [IPC Server Responder] INFO  ipc.Server (Server.java:run(1507)) - IPC Server Responder: starting
2022-03-03 08:20:36,419 [Listener at 127.0.0.1/42883] INFO  server.AbstractConnector (AbstractConnector.java:doStart(331)) - Started ServerConnector@27353d1c{HTTP/1.1, (http/1.1)}{0.0.0.0:42097}
2022-03-03 08:20:36,419 [Listener at 127.0.0.1/42883] INFO  server.Server (Server.java:doStart(415)) - Started @118283ms
2022-03-03 08:20:36,420 [Listener at 127.0.0.1/42883] WARN  impl.MetricsSystemImpl (MetricsSystemImpl.java:register(279)) - Sink prometheus already exists!
2022-03-03 08:20:36,421 [grpc-default-executor-0] INFO  server.RaftServer$Division (RaftServerImpl.java:requestVote(1078)) - bbb996b9-cb57-429e-b9a5-f900bfe28cb3@group-904C6079E864 replies to ELECTION vote request: b80209a9-e74f-462d-bd7e-a1c457e8621c<-bbb996b9-cb57-429e-b9a5-f900bfe28cb3#0:OK-t3. Peer's state: bbb996b9-cb57-429e-b9a5-f900bfe28cb3@group-904C6079E864:t3, leader=null, voted=b80209a9-e74f-462d-bd7e-a1c457e8621c, raftlog=bbb996b9-cb57-429e-b9a5-f900bfe28cb3@group-904C6079E864-SegmentedRaftLog:OPENED:c-1, conf=-1: [bbb996b9-cb57-429e-b9a5-f900bfe28cb3|rpc:127.0.0.1:39561|priority:0, b80209a9-e74f-462d-bd7e-a1c457e8621c|rpc:127.0.0.1:37755|priority:1, abae3395-e125-494e-95ee-7e13e0096d36|rpc:127.0.0.1:37079|priority:0], old=null
2022-03-03 08:20:36,421 [Listener at 127.0.0.1/42883] INFO  http.BaseHttpServer (BaseHttpServer.java:updateConnectorAddress(329)) - HTTP server of scm listening at http://0.0.0.0:42097
2022-03-03 08:20:36,421 [Listener at 127.0.0.1/42883] INFO  safemode.SCMSafeModeManager (SCMSafeModeManager.java:exitSafeMode(248)) - SCM exiting safe mode.
2022-03-03 08:20:36,421 [Listener at 127.0.0.1/42883] WARN  events.EventQueue (EventQueue.java:fireEvent(194)) - No event handler registered for event TypedEvent{payloadType=SafeModeStatus, name='Safe mode status'}
2022-03-03 08:20:36,422 [Listener at 127.0.0.1/42883] INFO  ha.SCMContext (SCMContext.java:updateSafeModeStatus(211)) - Update SafeModeStatus from SafeModeStatus{safeModeStatus=true, preCheckPassed=false} to SafeModeStatus{safeModeStatus=false, preCheckPassed=true}.
2022-03-03 08:20:36,434 [Listener at 127.0.0.1/42883] INFO  db.RDBCheckpointManager (RDBCheckpointManager.java:createCheckpoint(86)) - Created checkpoint at /home/runner/work/ozone/ozone/hadoop-ozone/integration-test/target/test-dir/MiniOzoneClusterImpl-5b82a1ad-a074-4eb8-9e24-eb4e8d1567b6/scmNode-1/db.checkpoints/scm.db_checkpoint_1646295636422 in 12 milliseconds
2022-03-03 08:20:36,435 [Listener at 127.0.0.1/42883] INFO  server.SCMDatanodeProtocolServer (SCMDatanodeProtocolServer.java:start(183)) - ScmDatanodeProtocol RPC server for DataNodes is listening at /0.0.0.0:34037
2022-03-03 08:20:36,478 [1ba03041-f5a8-4c87-98f5-638ac16258b5@group-EB4E8D1567B6-StateMachineUpdater] ERROR impl.StateMachineUpdater (StateMachineUpdater.java:run(191)) - 1ba03041-f5a8-4c87-98f5-638ac16258b5@group-EB4E8D1567B6-StateMachineUpdater caught a Throwable.
java.lang.IllegalStateException: 1ba03041-f5a8-4c87-98f5-638ac16258b5: Failed updateLastAppliedTermIndex: newTI = (t:2, i:26) < oldTI = (t:2, i:128)
	at org.apache.ratis.util.Preconditions.assertTrue(Preconditions.java:72)
	at org.apache.ratis.statemachine.impl.BaseStateMachine.updateLastAppliedTermIndex(BaseStateMachine.java:142)
	at org.apache.hadoop.hdds.scm.ha.SCMStateMachine.notifyTermIndexUpdated(SCMStateMachine.java:310)
	at org.apache.ratis.server.impl.RaftServerImpl.applyLogToStateMachine(RaftServerImpl.java:1701)
	at org.apache.ratis.server.impl.StateMachineUpdater.applyLog(StateMachineUpdater.java:234)
	at org.apache.ratis.server.impl.StateMachineUpdater.run(StateMachineUpdater.java:179)
	at java.lang.Thread.run(Thread.java:750)
2022-03-03 08:20:36,478 [1ba03041-f5a8-4c87-98f5-638ac16258b5@group-EB4E8D1567B6-StateMachineUpdater] INFO  server.RaftServer$Division (RaftServerImpl.java:lambda$close$4(412)) - 1ba03041-f5a8-4c87-98f5-638ac16258b5@group-EB4E8D1567B6: shutdown
2022-03-03 08:20:36,478 [1ba03041-f5a8-4c87-98f5-638ac16258b5@group-EB4E8D1567B6-StateMachineUpdater] INFO  util.JmxRegister (JmxRegister.java:unregister(73)) - Successfully un-registered JMX Bean with object name Ratis:service=RaftServer,group=group-EB4E8D1567B6,id=1ba03041-f5a8-4c87-98f5-638ac16258b5
2022-03-03 08:20:36,478 [1ba03041-f5a8-4c87-98f5-638ac16258b5@group-EB4E8D1567B6-StateMachineUpdater] INFO  impl.RoleInfo (RoleInfo.java:shutdownFollowerState(108)) - 1ba03041-f5a8-4c87-98f5-638ac16258b5: shutdown 1ba03041-f5a8-4c87-98f5-638ac16258b5@group-EB4E8D1567B6-FollowerState
2022-03-03 08:20:36,483 [b80209a9-e74f-462d-bd7e-a1c457e8621c@group-904C6079E864-LeaderElection31] INFO  impl.LeaderElection (LeaderElection.java:logAndReturn(89)) - b80209a9-e74f-462d-bd7e-a1c457e8621c@group-904C6079E864-LeaderElection31: ELECTION PASSED received 2 response(s) and 0 exception(s):
2022-03-03 08:20:36,483 [b80209a9-e74f-462d-bd7e-a1c457e8621c@group-904C6079E864-LeaderElection31] INFO  impl.LeaderElection (LeaderElection.java:logAndReturn(93)) -   Response 0: b80209a9-e74f-462d-bd7e-a1c457e8621c<-bbb996b9-cb57-429e-b9a5-f900bfe28cb3#0:OK-t3
2022-03-03 08:20:36,483 [b80209a9-e74f-462d-bd7e-a1c457e8621c@group-904C6079E864-LeaderElection31] INFO  impl.LeaderElection (LeaderElection.java:logAndReturn(93)) -   Response 1: b80209a9-e74f-462d-bd7e-a1c457e8621c<-abae3395-e125-494e-95ee-7e13e0096d36#0:FAIL-t3
2022-03-03 08:20:36,483 [b80209a9-e74f-462d-bd7e-a1c457e8621c@group-904C6079E864-LeaderElection31] INFO  impl.LeaderElection (LeaderElection.java:askForVotes(308)) - b80209a9-e74f-462d-bd7e-a1c457e8621c@group-904C6079E864-LeaderElection31 ELECTION round 0: result PASSED
2022-03-03 08:20:36,483 [b80209a9-e74f-462d-bd7e-a1c457e8621c@group-904C6079E864-LeaderElection31] INFO  impl.RoleInfo (RoleInfo.java:shutdownLeaderElection(121)) - b80209a9-e74f-462d-bd7e-a1c457e8621c: shutdown b80209a9-e74f-462d-bd7e-a1c457e8621c@group-904C6079E864-LeaderElection31
2022-03-03 08:20:36,484 [grpc-default-executor-2] INFO  server.RaftServer$Division (RaftServerImpl.java:requestVote(1046)) - bbb996b9-cb57-429e-b9a5-f900bfe28cb3@group-904C6079E864: receive requestVote(ELECTION, abae3395-e125-494e-95ee-7e13e0096d36, group-904C6079E864, 3, (t:0, i:0))
2022-03-03 08:20:36,484 [grpc-default-executor-2] INFO  impl.VoteContext (VoteContext.java:log(48)) - bbb996b9-cb57-429e-b9a5-f900bfe28cb3@group-904C6079E864-FOLLOWER: reject ELECTION from abae3395-e125-494e-95ee-7e13e0096d36: already has voted for b80209a9-e74f-462d-bd7e-a1c457e8621c at current term 3
2022-03-03 08:20:36,484 [b80209a9-e74f-462d-bd7e-a1c457e8621c@group-904C6079E864-LeaderElection31] INFO  server.RaftServer$Division (RaftServerImpl.java:setRole(290)) - b80209a9-e74f-462d-bd7e-a1c457e8621c@group-904C6079E864: changes role from CANDIDATE to LEADER at term 3 for changeToLeader
2022-03-03 08:20:36,484 [grpc-default-executor-2] INFO  server.RaftServer$Division (RaftServerImpl.java:requestVote(1078)) - bbb996b9-cb57-429e-b9a5-f900bfe28cb3@group-904C6079E864 replies to ELECTION vote request: abae3395-e125-494e-95ee-7e13e0096d36<-bbb996b9-cb57-429e-b9a5-f900bfe28cb3#0:FAIL-t3. Peer's state: bbb996b9-cb57-429e-b9a5-f900bfe28cb3@group-904C6079E864:t3, leader=null, voted=b80209a9-e74f-462d-bd7e-a1c457e8621c, raftlog=bbb996b9-cb57-429e-b9a5-f900bfe28cb3@group-904C6079E864-SegmentedRaftLog:OPENED:c-1, conf=-1: [bbb996b9-cb57-429e-b9a5-f900bfe28cb3|rpc:127.0.0.1:39561|priority:0, b80209a9-e74f-462d-bd7e-a1c457e8621c|rpc:127.0.0.1:37755|priority:1, abae3395-e125-494e-95ee-7e13e0096d36|rpc:127.0.0.1:37079|priority:0], old=null
2022-03-03 08:20:36,484 [b80209a9-e74f-462d-bd7e-a1c457e8621c@group-904C6079E864-LeaderElection31] INFO  ratis.XceiverServerRatis (XceiverServerRatis.java:handleLeaderChangedNotification(867)) - Leader change notification received for group: group-904C6079E864 with new leaderId: b80209a9-e74f-462d-bd7e-a1c457e8621c
2022-03-03 08:20:36,485 [b80209a9-e74f-462d-bd7e-a1c457e8621c@group-904C6079E864-LeaderElection31] INFO  server.RaftServer$Division (ServerState.java:setLeader(285)) - b80209a9-e74f-462d-bd7e-a1c457e8621c@group-904C6079E864: change Leader from null to b80209a9-e74f-462d-bd7e-a1c457e8621c at term 3 for becomeLeader, leader elected after 15635ms
2022-03-03 08:20:36,485 [b80209a9-e74f-462d-bd7e-a1c457e8621c@group-904C6079E864-LeaderElection31] INFO  server.RaftServerConfigKeys (ConfUtils.java:logGet(44)) - raft.server.staging.catchup.gap = 1000 (default)
2022-03-03 08:20:36,485 [b80209a9-e74f-462d-bd7e-a1c457e8621c@group-904C6079E864-LeaderElection31] INFO  server.RaftServerConfigKeys (ConfUtils.java:logGet(44)) - raft.server.write.element-limit = 1024 (custom)
2022-03-03 08:20:36,485 [b80209a9-e74f-462d-bd7e-a1c457e8621c@group-904C6079E864-LeaderElection31] INFO  server.RaftServerConfigKeys (ConfUtils.java:logGet(44)) - raft.server.write.byte-limit = 1024 M (=1073741824) (custom)
2022-03-03 08:20:36,486 [b80209a9-e74f-462d-bd7e-a1c457e8621c@group-904C6079E864-LeaderElection31] INFO  server.RaftServerConfigKeys (ConfUtils.java:logGet(44)) - raft.server.watch.timeout = 180s (custom)
2022-03-03 08:20:36,486 [b80209a9-e74f-462d-bd7e-a1c457e8621c@group-904C6079E864-LeaderElection31] INFO  server.RaftServerConfigKeys (ConfUtils.java:logGet(44)) - raft.server.watch.timeout.denomination = 1s (default)
2022-03-03 08:20:36,486 [b80209a9-e74f-462d-bd7e-a1c457e8621c@group-904C6079E864-LeaderElection31] INFO  server.RaftServerConfigKeys (ConfUtils.java:logGet(44)) - raft.server.watch.element-limit = 65536 (default)
2022-03-03 08:20:36,486 [b80209a9-e74f-462d-bd7e-a1c457e8621c@group-904C6079E864-LeaderElection31] INFO  server.RaftServerConfigKeys (ConfUtils.java:logGet(44)) - raft.server.write.element-limit = 1024 (custom)
2022-03-03 08:20:36,486 [b80209a9-e74f-462d-bd7e-a1c457e8621c@group-904C6079E864-LeaderElection31] INFO  server.RaftServerConfigKeys (ConfUtils.java:logGet(44)) - raft.server.write.follower.gap.ratio.max = -1.0 (default)
2022-03-03 08:20:36,486 [b80209a9-e74f-462d-bd7e-a1c457e8621c@group-904C6079E864-LeaderElection31] INFO  server.RaftServerConfigKeys (ConfUtils.java:logGet(44)) - raft.server.log.appender.snapshot.chunk.size.max = 16MB (=16777216) (default)
2022-03-03 08:20:36,486 [b80209a9-e74f-462d-bd7e-a1c457e8621c@group-904C6079E864-LeaderElection31] INFO  server.RaftServerConfigKeys (ConfUtils.java:logGet(44)) - raft.server.log.appender.buffer.byte-limit = 33554432 (custom)
2022-03-03 08:20:36,486 [b80209a9-e74f-462d-bd7e-a1c457e8621c@group-904C6079E864-LeaderElection31] INFO  server.RaftServerConfigKeys (ConfUtils.java:logGet(44)) - raft.server.log.appender.buffer.element-limit = 1 (custom)
2022-03-03 08:20:36,487 [b80209a9-e74f-462d-bd7e-a1c457e8621c@group-904C6079E864-LeaderElection31] INFO  grpc.GrpcConfigKeys (ConfUtils.java:logGet(44)) - raft.grpc.server.leader.outstanding.appends.max = 128 (default)
2022-03-03 08:20:36,487 [b80209a9-e74f-462d-bd7e-a1c457e8621c@group-904C6079E864-LeaderElection31] INFO  server.RaftServerConfigKeys (ConfUtils.java:logGet(44)) - raft.server.rpc.request.timeout = 60s (custom)
2022-03-03 08:20:36,487 [b80209a9-e74f-462d-bd7e-a1c457e8621c@group-904C6079E864-LeaderElection31] INFO  server.RaftServerConfigKeys (ConfUtils.java:logGet(44)) - raft.server.log.appender.install.snapshot.enabled = false (custom)
2022-03-03 08:20:36,490 [EventQueue-PipelineReportForPipelineReportHandler] INFO  pipeline.PipelineManagerImpl (PipelineManagerImpl.java:openPipeline(291)) - Pipeline Pipeline[ Id: e4306fd5-4074-480c-9276-904c6079e864, Nodes: b80209a9-e74f-462d-bd7e-a1c457e8621c{ip: 127.0.0.1, host: localhost, ports: [REPLICATION=36787, RATIS=37755, RATIS_ADMIN=37755, RATIS_SERVER=37755, STANDALONE=35793], networkLocation: /default-rack, certSerialId: null, persistedOpState: IN_SERVICE, persistedOpStateExpiryEpochSec: 0}abae3395-e125-494e-95ee-7e13e0096d36{ip: 127.0.0.1, host: localhost, ports: [REPLICATION=35315, RATIS=37079, RATIS_ADMIN=37079, RATIS_SERVER=37079, STANDALONE=33507], networkLocation: /default-rack, certSerialId: null, persistedOpState: IN_SERVICE, persistedOpStateExpiryEpochSec: 0}bbb996b9-cb57-429e-b9a5-f900bfe28cb3{ip: 127.0.0.1, host: localhost, ports: [REPLICATION=38253, RATIS=39561, RATIS_ADMIN=39561, RATIS_SERVER=39561, STANDALONE=39773], networkLocation: /default-rack, certSerialId: null, persistedOpState: IN_SERVICE, persistedOpStateExpiryEpochSec: 0}, ReplicationConfig: RATIS/THREE, State:ALLOCATED, leaderId:b80209a9-e74f-462d-bd7e-a1c457e8621c, CreationTimestamp2022-03-03T08:20:18.342Z[Etc/UTC]] moved to OPEN state
2022-03-03 08:20:36,491 [EventQueue-OpenPipelineForHealthyPipelineSafeModeRule] INFO  safemode.SCMSafeModeManager (HealthyPipelineSafeModeRule.java:process(124)) - SCM in safe mode. Healthy pipelines reported count is 0, required healthy pipeline reported count is 1
2022-03-03 08:20:36,491 [EventQueue-OpenPipelineForHealthyPipelineSafeModeRule] INFO  safemode.SCMSafeModeManager (HealthyPipelineSafeModeRule.java:process(124)) - SCM in safe mode. Healthy pipelines reported count is 1, required healthy pipeline reported count is 1
2022-03-03 08:20:36,491 [EventQueue-OpenPipelineForHealthyPipelineSafeModeRule] INFO  safemode.SCMSafeModeManager (SCMSafeModeManager.java:validateSafeModeExitRules(204)) - HealthyPipelineSafeModeRule rule is successfully validated
2022-03-03 08:20:36,491 [EventQueue-OpenPipelineForHealthyPipelineSafeModeRule] INFO  safemode.SCMSafeModeManager (SCMSafeModeManager.java:validateSafeModeExitRules(219)) - ScmSafeModeManager, all rules are successfully validated
2022-03-03 08:20:36,491 [EventQueue-OpenPipelineForHealthyPipelineSafeModeRule] INFO  safemode.SCMSafeModeManager (SCMSafeModeManager.java:exitSafeMode(248)) - SCM exiting safe mode.
2022-03-03 08:20:36,491 [EventQueue-OpenPipelineForHealthyPipelineSafeModeRule] WARN  events.EventQueue (EventQueue.java:fireEvent(194)) - No event handler registered for event TypedEvent{payloadType=SafeModeStatus, name='Safe mode status'}
2022-03-03 08:20:36,491 [EventQueue-OpenPipelineForHealthyPipelineSafeModeRule] INFO  ha.SCMContext (SCMContext.java:updateSafeModeStatus(211)) - Update SafeModeStatus from SafeModeStatus{safeModeStatus=true, preCheckPassed=true} to SafeModeStatus{safeModeStatus=false, preCheckPassed=true}.
2022-03-03 08:20:36,491 [Listener at 127.0.0.1/42883] INFO  ozone.MiniOzoneClusterImpl (MiniOzoneClusterImpl.java:shutdown(449)) - Shutting down the Mini Ozone Cluster
2022-03-03 08:20:36,491 [Listener at 127.0.0.1/42883] INFO  ozone.MiniOzoneHAClusterImpl (MiniOzoneHAClusterImpl.java:stop(308)) - Stopping the OzoneManager omNode-1
2022-03-03 08:20:36,492 [Listener at 127.0.0.1/42883] INFO  om.OzoneManager (OzoneManager.java:stop(1893)) - omNode-1[localhost:42883]: Stopping Ozone Manager
2022-03-03 08:20:36,492 [Listener at 127.0.0.1/42883] INFO  ipc.Server (Server.java:stop(3414)) - Stopping server on 42883
2022-03-03 08:20:36,492 [EventQueue-PipelineReportForPipelineReportHandler] INFO  pipeline.PipelineManagerImpl (PipelineManagerImpl.java:openPipeline(291)) - Pipeline Pipeline[ Id: e4306fd5-4074-480c-9276-904c6079e864, Nodes: b80209a9-e74f-462d-bd7e-a1c457e8621c{ip: 127.0.0.1, host: localhost, ports: [REPLICATION=36787, RATIS=37755, RATIS_ADMIN=37755, RATIS_SERVER=37755, STANDALONE=35793], networkLocation: /default-rack, certSerialId: null, persistedOpState: IN_SERVICE, persistedOpStateExpiryEpochSec: 0}abae3395-e125-494e-95ee-7e13e0096d36{ip: 127.0.0.1, host: localhost, ports: [REPLICATION=35315, RATIS=37079, RATIS_ADMIN=37079, RATIS_SERVER=37079, STANDALONE=33507], networkLocation: /default-rack, certSerialId: null, persistedOpState: IN_SERVICE, persistedOpStateExpiryEpochSec: 0}bbb996b9-cb57-429e-b9a5-f900bfe28cb3{ip: 127.0.0.1, host: localhost, ports: [REPLICATION=38253, RATIS=39561, RATIS_ADMIN=39561, RATIS_SERVER=39561, STANDALONE=39773], networkLocation: /default-rack, certSerialId: null, persistedOpState: IN_SERVICE, persistedOpStateExpiryEpochSec: 0}, ReplicationConfig: RATIS/THREE, State:ALLOCATED, leaderId:b80209a9-e74f-462d-bd7e-a1c457e8621c, CreationTimestamp2022-03-03T08:20:18.342Z[Etc/UTC]] moved to OPEN state
2022-03-03 08:20:36,494 [IPC Server listener on 42883] INFO  ipc.Server (Server.java:run(1376)) - Stopping IPC Server listener on 42883
2022-03-03 08:20:36,500 [IPC Server handler 1 on default port 34037] INFO  ipc.Server (Server.java:run(1026)) - IPC Server handler 1 on default port 34037: skipped Call#213 Retry#0 org.apache.hadoop.ozone.protocol.StorageContainerDatanodeProtocol.submitRequest from 127.0.0.1:55678
2022-03-03 08:20:36,501 [IPC Server handler 6 on default port 34037] INFO  ipc.Server (Server.java:run(1026)) - IPC Server handler 6 on default port 34037: skipped Call#217 Retry#0 org.apache.hadoop.ozone.protocol.StorageContainerDatanodeProtocol.submitRequest from 127.0.0.1:55678
2022-03-03 08:20:36,501 [1ba03041-f5a8-4c87-98f5-638ac16258b5@group-EB4E8D1567B6-FollowerState] INFO  impl.FollowerState (FollowerState.java:run(143)) - 1ba03041-f5a8-4c87-98f5-638ac16258b5@group-EB4E8D1567B6-FollowerState was interrupted: {}
java.lang.InterruptedException: sleep interrupted
	at java.lang.Thread.sleep(Native Method)
	at java.lang.Thread.sleep(Thread.java:342)
	at java.util.concurrent.TimeUnit.sleep(TimeUnit.java:386)
	at org.apache.ratis.util.TimeDuration.sleep(TimeDuration.java:324)
	at org.apache.ratis.util.TimeDuration.sleep(TimeDuration.java:309)
	at org.apache.ratis.server.impl.FollowerState.run(FollowerState.java:118)
2022-03-03 08:20:36,502 [1ba03041-f5a8-4c87-98f5-638ac16258b5@group-EB4E8D1567B6-StateMachineUpdater] INFO  server.RaftServer$Division (ServerState.java:close(419)) - 1ba03041-f5a8-4c87-98f5-638ac16258b5@group-EB4E8D1567B6: closes. applyIndex: 26
2022-03-03 08:20:36,502 [1ba03041-f5a8-4c87-98f5-638ac16258b5@group-EB4E8D1567B6-SegmentedRaftLogWorker] INFO  segmented.SegmentedRaftLogWorker (SegmentedRaftLogWorker.java:run(327)) - 1ba03041-f5a8-4c87-98f5-638ac16258b5@group-EB4E8D1567B6-SegmentedRaftLogWorker was interrupted, exiting. There are 0 tasks remaining in the queue.
2022-03-03 08:20:36,502 [EndpointStateMachine task thread for /127.0.0.1:34037 - 0 ] INFO  ozoneimpl.OzoneContainer (OzoneContainer.java:start(331)) - Ignore. OzoneContainer already started.
2022-03-03 08:20:36,503 [IPC Server handler 0 on default port 34037] WARN  ipc.Server (Server.java:processResponse(1717)) - IPC Server handler 0 on default port 34037, call Call#318 Retry#0 org.apache.hadoop.ozone.protocol.StorageContainerDatanodeProtocol.submitRequest from 127.0.0.1:55830: output error
2022-03-03 08:20:36,503 [IPC Server handler 0 on default port 34037] INFO  ipc.Server (Server.java:run(2979)) - IPC Server handler 0 on default port 34037 caught an exception
java.nio.channels.ClosedChannelException
	at sun.nio.ch.SocketChannelImpl.ensureWriteOpen(SocketChannelImpl.java:269)
	at sun.nio.ch.SocketChannelImpl.write(SocketChannelImpl.java:460)
	at org.apache.hadoop.ipc.Server.channelWrite(Server.java:3605)
	at org.apache.hadoop.ipc.Server.access$1700(Server.java:141)
	at org.apache.hadoop.ipc.Server$Responder.processResponse(Server.java:1667)
	at org.apache.hadoop.ipc.Server$Responder.doRespond(Server.java:1737)
	at org.apache.hadoop.ipc.Server$Connection.sendResponse(Server.java:2837)
	at org.apache.hadoop.ipc.Server$Connection.access$300(Server.java:1809)
	at org.apache.hadoop.ipc.Server$RpcCall.doResponse(Server.java:1117)
	at org.apache.hadoop.ipc.Server$Call.doResponse(Server.java:909)
	at org.apache.hadoop.ipc.Server$Call.sendResponse(Server.java:895)
	at org.apache.hadoop.ipc.Server$RpcCall.run(Server.java:1052)
	at org.apache.hadoop.ipc.Server$RpcCall.run(Server.java:963)
	at java.security.AccessController.doPrivileged(Native Method)
	at javax.security.auth.Subject.doAs(Subject.java:422)
	at org.apache.hadoop.security.UserGroupInformation.doAs(UserGroupInformation.java:1878)
	at org.apache.hadoop.ipc.Server$Handler.run(Server.java:2966)
2022-03-03 08:20:36,504 [grpc-default-executor-1] INFO  server.RaftServer$Division (RaftServerImpl.java:requestVote(1046)) - b80209a9-e74f-462d-bd7e-a1c457e8621c@group-904C6079E864: receive requestVote(ELECTION, abae3395-e125-494e-95ee-7e13e0096d36, group-904C6079E864, 3, (t:0, i:0))
2022-03-03 08:20:36,510 [b80209a9-e74f-462d-bd7e-a1c457e8621c@group-904C6079E864-LeaderElection31] INFO  server.RaftServerConfigKeys (ConfUtils.java:logGet(44)) - raft.server.log.appender.snapshot.chunk.size.max = 16MB (=16777216) (default)
2022-03-03 08:20:36,511 [b80209a9-e74f-462d-bd7e-a1c457e8621c@group-904C6079E864-LeaderElection31] INFO  server.RaftServerConfigKeys (ConfUtils.java:logGet(44)) - raft.server.log.appender.buffer.byte-limit = 33554432 (custom)
2022-03-03 08:20:36,511 [b80209a9-e74f-462d-bd7e-a1c457e8621c@group-904C6079E864-LeaderElection31] INFO  server.RaftServerConfigKeys (ConfUtils.java:logGet(44)) - raft.server.log.appender.buffer.element-limit = 1 (custom)
2022-03-03 08:20:36,511 [b80209a9-e74f-462d-bd7e-a1c457e8621c@group-904C6079E864-LeaderElection31] INFO  grpc.GrpcConfigKeys (ConfUtils.java:logGet(44)) - raft.grpc.server.leader.outstanding.appends.max = 128 (default)
2022-03-03 08:20:36,511 [b80209a9-e74f-462d-bd7e-a1c457e8621c@group-904C6079E864-LeaderElection31] INFO  server.RaftServerConfigKeys (ConfUtils.java:logGet(44)) - raft.server.rpc.request.timeout = 60s (custom)
2022-03-03 08:20:36,511 [b80209a9-e74f-462d-bd7e-a1c457e8621c@group-904C6079E864-LeaderElection31] INFO  server.RaftServerConfigKeys (ConfUtils.java:logGet(44)) - raft.server.log.appender.install.snapshot.enabled = false (custom)
2022-03-03 08:20:36,512 [b80209a9-e74f-462d-bd7e-a1c457e8621c@group-904C6079E864-LeaderElection31] INFO  impl.RoleInfo (RoleInfo.java:updateAndGet(130)) - b80209a9-e74f-462d-bd7e-a1c457e8621c: start b80209a9-e74f-462d-bd7e-a1c457e8621c@group-904C6079E864-LeaderStateImpl
2022-03-03 08:20:36,527 [IPC Server handler 1 on default port 34037] WARN  ipc.Server (Server.java:processResponse(1717)) - IPC Server handler 1 on default port 34037, call Call#316 Retry#0 org.apache.hadoop.ozone.protocol.StorageContainerDatanodeProtocol.submitRequest from 127.0.0.1:55830: output error
2022-03-03 08:20:36,527 [IPC Server handler 5 on default port 34037] WARN  ipc.Server (Server.java:processResponse(1717)) - IPC Server handler 5 on default port 34037, call Call#281 Retry#0 org.apache.hadoop.ozone.protocol.StorageContainerDatanodeProtocol.submitRequest from 127.0.0.1:55782: output error
2022-03-03 08:20:36,527 [IPC Server handler 5 on default port 34037] INFO  ipc.Server (Server.java:run(2979)) - IPC Server handler 5 on default port 34037 caught an exception
java.nio.channels.ClosedChannelException
	at sun.nio.ch.SocketChannelImpl.ensureWriteOpen(SocketChannelImpl.java:269)
	at sun.nio.ch.SocketChannelImpl.write(SocketChannelImpl.java:460)
	at org.apache.hadoop.ipc.Server.channelWrite(Server.java:3605)
	at org.apache.hadoop.ipc.Server.access$1700(Server.java:141)
	at org.apache.hadoop.ipc.Server$Responder.processResponse(Server.java:1667)
	at org.apache.hadoop.ipc.Server$Responder.doRespond(Server.java:1737)
	at org.apache.hadoop.ipc.Server$Connection.sendResponse(Server.java:2837)
	at org.apache.hadoop.ipc.Server$Connection.access$300(Server.java:1809)
	at org.apache.hadoop.ipc.Server$RpcCall.doResponse(Server.java:1117)
	at org.apache.hadoop.ipc.Server$Call.doResponse(Server.java:909)
	at org.apache.hadoop.ipc.Server$Call.sendResponse(Server.java:895)
	at org.apache.hadoop.ipc.Server$RpcCall.run(Server.java:1052)
	at org.apache.hadoop.ipc.Server$RpcCall.run(Server.java:963)
	at java.security.AccessController.doPrivileged(Native Method)
	at javax.security.auth.Subject.doAs(Subject.java:422)
	at org.apache.hadoop.security.UserGroupInformation.doAs(UserGroupInformation.java:1878)
	at org.apache.hadoop.ipc.Server$Handler.run(Server.java:2966)
2022-03-03 08:20:36,527 [IPC Server Responder] INFO  ipc.Server (Server.java:run(1512)) - Stopping IPC Server Responder
2022-03-03 08:20:36,528 [IPC Server handler 6 on default port 34037] WARN  ipc.Server (Server.java:processResponse(1717)) - IPC Server handler 6 on default port 34037, call Call#317 Retry#0 org.apache.hadoop.ozone.protocol.StorageContainerDatanodeProtocol.submitRequest from 127.0.0.1:55830: output error
2022-03-03 08:20:36,528 [IPC Server handler 6 on default port 34037] INFO  ipc.Server (Server.java:run(2979)) - IPC Server handler 6 on default port 34037 caught an exception
java.nio.channels.ClosedChannelException
	at sun.nio.ch.SocketChannelImpl.ensureWriteOpen(SocketChannelImpl.java:269)
	at sun.nio.ch.SocketChannelImpl.write(SocketChannelImpl.java:460)
	at org.apache.hadoop.ipc.Server.channelWrite(Server.java:3605)
	at org.apache.hadoop.ipc.Server.access$1700(Server.java:141)
	at org.apache.hadoop.ipc.Server$Responder.processResponse(Server.java:1667)
	at org.apache.hadoop.ipc.Server$Responder.doRespond(Server.java:1737)
	at org.apache.hadoop.ipc.Server$Connection.sendResponse(Server.java:2837)
	at org.apache.hadoop.ipc.Server$Connection.access$300(Server.java:1809)
	at org.apache.hadoop.ipc.Server$RpcCall.doResponse(Server.java:1117)
	at org.apache.hadoop.ipc.Server$Call.doResponse(Server.java:909)
	at org.apache.hadoop.ipc.Server$Call.sendResponse(Server.java:895)
	at org.apache.hadoop.ipc.Server$RpcCall.run(Server.java:1052)
	at org.apache.hadoop.ipc.Server$RpcCall.run(Server.java:963)
	at java.security.AccessController.doPrivileged(Native Method)
	at javax.security.auth.Subject.doAs(Subject.java:422)
	at org.apache.hadoop.security.UserGroupInformation.doAs(UserGroupInformation.java:1878)
	at org.apache.hadoop.ipc.Server$Handler.run(Server.java:2966)
2022-03-03 08:20:36,528 [IPC Server handler 2 on default port 34037] WARN  ipc.Server (Server.java:processResponse(1717)) - IPC Server handler 2 on default port 34037, call Call#280 Retry#0 org.apache.hadoop.ozone.protocol.StorageContainerDatanodeProtocol.submitRequest from 127.0.0.1:55782: output error
2022-03-03 08:20:36,528 [IPC Server handler 2 on default port 34037] INFO  ipc.Server (Server.java:run(2979)) - IPC Server handler 2 on default port 34037 caught an exception
java.nio.channels.ClosedChannelException
	at sun.nio.ch.SocketChannelImpl.ensureWriteOpen(SocketChannelImpl.java:269)
	at sun.nio.ch.SocketChannelImpl.write(SocketChannelImpl.java:460)
	at org.apache.hadoop.ipc.Server.channelWrite(Server.java:3605)
	at org.apache.hadoop.ipc.Server.access$1700(Server.java:141)
	at org.apache.hadoop.ipc.Server$Responder.processResponse(Server.java:1667)
	at org.apache.hadoop.ipc.Server$Responder.doRespond(Server.java:1737)
	at org.apache.hadoop.ipc.Server$Connection.sendResponse(Server.java:2837)
	at org.apache.hadoop.ipc.Server$Connection.access$300(Server.java:1809)
	at org.apache.hadoop.ipc.Server$RpcCall.doResponse(Server.java:1117)
	at org.apache.hadoop.ipc.Server$Call.doResponse(Server.java:909)
	at org.apache.hadoop.ipc.Server$Call.sendResponse(Server.java:895)
	at org.apache.hadoop.ipc.Server$RpcCall.run(Server.java:1052)
	at org.apache.hadoop.ipc.Server$RpcCall.run(Server.java:963)
	at java.security.AccessController.doPrivileged(Native Method)
	at javax.security.auth.Subject.doAs(Subject.java:422)
	at org.apache.hadoop.security.UserGroupInformation.doAs(UserGroupInformation.java:1878)
	at org.apache.hadoop.ipc.Server$Handler.run(Server.java:2966)
2022-03-03 08:20:36,529 [EndpointStateMachine task thread for /127.0.0.1:34037 - 0 ] INFO  ozoneimpl.OzoneContainer (OzoneContainer.java:start(331)) - Ignore. OzoneContainer already started.
2022-03-03 08:20:36,529 [1ba03041-f5a8-4c87-98f5-638ac16258b5@group-EB4E8D1567B6-StateMachineUpdater] INFO  segmented.SegmentedRaftLogWorker (SegmentedRaftLogWorker.java:close(237)) - 1ba03041-f5a8-4c87-98f5-638ac16258b5@group-EB4E8D1567B6-SegmentedRaftLogWorker close()
2022-03-03 08:20:36,527 [IPC Server handler 3 on default port 34037] WARN  ipc.Server (Server.java:processResponse(1717)) - IPC Server handler 3 on default port 34037, call Call#238 Retry#0 org.apache.hadoop.ozone.protocol.StorageContainerDatanodeProtocol.submitRequest from 127.0.0.1:55720: output error
2022-03-03 08:20:36,529 [IPC Server handler 3 on default port 34037] INFO  ipc.Server (Server.java:run(2979)) - IPC Server handler 3 on default port 34037 caught an exception
java.nio.channels.ClosedChannelException
	at sun.nio.ch.SocketChannelImpl.ensureWriteOpen(SocketChannelImpl.java:269)
	at sun.nio.ch.SocketChannelImpl.write(SocketChannelImpl.java:460)
	at org.apache.hadoop.ipc.Server.channelWrite(Server.java:3605)
	at org.apache.hadoop.ipc.Server.access$1700(Server.java:141)
	at org.apache.hadoop.ipc.Server$Responder.processResponse(Server.java:1667)
	at org.apache.hadoop.ipc.Server$Responder.doRespond(Server.java:1737)
	at org.apache.hadoop.ipc.Server$Connection.sendResponse(Server.java:2837)
	at org.apache.hadoop.ipc.Server$Connection.access$300(Server.java:1809)
	at org.apache.hadoop.ipc.Server$RpcCall.doResponse(Server.java:1117)
	at org.apache.hadoop.ipc.Server$Call.doResponse(Server.java:909)
	at org.apache.hadoop.ipc.Server$Call.sendResponse(Server.java:895)
	at org.apache.hadoop.ipc.Server$RpcCall.run(Server.java:1052)
	at org.apache.hadoop.ipc.Server$RpcCall.run(Server.java:963)
	at java.security.AccessController.doPrivileged(Native Method)
	at javax.security.auth.Subject.doAs(Subject.java:422)
	at org.apache.hadoop.security.UserGroupInformation.doAs(UserGroupInformation.java:1878)
	at org.apache.hadoop.ipc.Server$Handler.run(Server.java:2966)
2022-03-03 08:20:36,527 [IPC Server handler 1 on default port 34037] INFO  ipc.Server (Server.java:run(2979)) - IPC Server handler 1 on default port 34037 caught an exception
java.nio.channels.ClosedChannelException
	at sun.nio.ch.SocketChannelImpl.ensureWriteOpen(SocketChannelImpl.java:269)
	at sun.nio.ch.SocketChannelImpl.write(SocketChannelImpl.java:460)
	at org.apache.hadoop.ipc.Server.channelWrite(Server.java:3605)
	at org.apache.hadoop.ipc.Server.access$1700(Server.java:141)
	at org.apache.hadoop.ipc.Server$Responder.processResponse(Server.java:1667)
	at org.apache.hadoop.ipc.Server$Responder.doRespond(Server.java:1737)
	at org.apache.hadoop.ipc.Server$Connection.sendResponse(Server.java:2837)
	at org.apache.hadoop.ipc.Server$Connection.access$300(Server.java:1809)
	at org.apache.hadoop.ipc.Server$RpcCall.doResponse(Server.java:1117)
	at org.apache.hadoop.ipc.Server$Call.doResponse(Server.java:909)
	at org.apache.hadoop.ipc.Server$Call.sendResponse(Server.java:895)
	at org.apache.hadoop.ipc.Server$RpcCall.run(Server.java:1052)
	at org.apache.hadoop.ipc.Server$RpcCall.run(Server.java:963)
	at java.security.AccessController.doPrivileged(Native Method)
	at javax.security.auth.Subject.doAs(Subject.java:422)
	at org.apache.hadoop.security.UserGroupInformation.doAs(UserGroupInformation.java:1878)
	at org.apache.hadoop.ipc.Server$Handler.run(Server.java:2966)
2022-03-03 08:20:36,559 [e7338982-199b-4e5a-937e-5a36927222d8@group-EB4E8D1567B6-StateMachineUpdater] INFO  ha.SCMStateMachine (SCMStateMachine.java:takeSnapshot(297)) - Current Snapshot Index 30, takeSnapshot took 0 ms
2022-03-03 08:20:36,563 [e7338982-199b-4e5a-937e-5a36927222d8@group-EB4E8D1567B6-StateMachineUpdater] INFO  impl.StateMachineUpdater (StateMachineUpdater.java:takeSnapshot(281)) - e7338982-199b-4e5a-937e-5a36927222d8@group-EB4E8D1567B6-StateMachineUpdater: Took a snapshot at index 30
2022-03-03 08:20:36,563 [e7338982-199b-4e5a-937e-5a36927222d8@group-EB4E8D1567B6-StateMachineUpdater] INFO  impl.StateMachineUpdater (StateMachineUpdater.java:lambda$new$0(89)) - e7338982-199b-4e5a-937e-5a36927222d8@group-EB4E8D1567B6-StateMachineUpdater: snapshotIndex: updateIncreasingly 25 -> 30
2022-03-03 08:20:36,563 [e7338982-199b-4e5a-937e-5a36927222d8@group-EB4E8D1567B6-StateMachineUpdater] INFO  raftlog.RaftLog (RaftLogBase.java:purge(306)) - e7338982-199b-4e5a-937e-5a36927222d8@group-EB4E8D1567B6-SegmentedRaftLog: purge 30
2022-03-03 08:20:36,563 [e7338982-199b-4e5a-937e-5a36927222d8@group-EB4E8D1567B6-StateMachineUpdater] INFO  raftlog.RaftLog (RaftLogBase.java:lambda$new$0(53)) - e7338982-199b-4e5a-937e-5a36927222d8@group-EB4E8D1567B6-SegmentedRaftLog: snapshotIndex: updateIncreasingly 25 -> 30
2022-03-03 08:20:36,563 [e7338982-199b-4e5a-937e-5a36927222d8@group-EB4E8D1567B6-StateMachineUpdater] INFO  raftlog.RaftLog (RaftLogBase.java:lambda$new$0(53)) - e7338982-199b-4e5a-937e-5a36927222d8@group-EB4E8D1567B6-SegmentedRaftLog: purgeIndex: updateToMax old=25, new=30, updated? true
2022-03-03 08:20:36,537 [1244aa64-d874-441f-9571-396032220701@group-EB4E8D1567B6-StateMachineUpdater] INFO  ha.SCMStateMachine (SCMStateMachine.java:takeSnapshot(297)) - Current Snapshot Index 28, takeSnapshot took 0 ms
2022-03-03 08:20:36,563 [1244aa64-d874-441f-9571-396032220701@group-EB4E8D1567B6-StateMachineUpdater] INFO  impl.StateMachineUpdater (StateMachineUpdater.java:takeSnapshot(281)) - 1244aa64-d874-441f-9571-396032220701@group-EB4E8D1567B6-StateMachineUpdater: Took a snapshot at index 28
2022-03-03 08:20:36,563 [1244aa64-d874-441f-9571-396032220701@group-EB4E8D1567B6-StateMachineUpdater] INFO  impl.StateMachineUpdater (StateMachineUpdater.java:lambda$new$0(89)) - 1244aa64-d874-441f-9571-396032220701@group-EB4E8D1567B6-StateMachineUpdater: snapshotIndex: updateIncreasingly 23 -> 28
2022-03-03 08:20:36,563 [1244aa64-d874-441f-9571-396032220701@group-EB4E8D1567B6-StateMachineUpdater] INFO  raftlog.RaftLog (RaftLogBase.java:purge(306)) - 1244aa64-d874-441f-9571-396032220701@group-EB4E8D1567B6-SegmentedRaftLog: purge 28
2022-03-03 08:20:36,563 [1244aa64-d874-441f-9571-396032220701@group-EB4E8D1567B6-StateMachineUpdater] INFO  raftlog.RaftLog (RaftLogBase.java:lambda$new$0(53)) - 1244aa64-d874-441f-9571-396032220701@group-EB4E8D1567B6-SegmentedRaftLog: snapshotIndex: updateIncreasingly 23 -> 28
2022-03-03 08:20:36,563 [1244aa64-d874-441f-9571-396032220701@group-EB4E8D1567B6-StateMachineUpdater] INFO  raftlog.RaftLog (RaftLogBase.java:lambda$new$0(53)) - 1244aa64-d874-441f-9571-396032220701@group-EB4E8D1567B6-SegmentedRaftLog: purgeIndex: updateToMax old=23, new=28, updated? true
2022-03-03 08:20:36,533 [b80209a9-e74f-462d-bd7e-a1c457e8621c@group-904C6079E864-LeaderElection31] INFO  segmented.SegmentedRaftLogWorker (SegmentedRaftLogWorker.java:startLogSegment(394)) - b80209a9-e74f-462d-bd7e-a1c457e8621c@group-904C6079E864-SegmentedRaftLogWorker: Starting segment from index:0
2022-03-03 08:20:36,530 [Listener at 127.0.0.1/42883] INFO  server.RaftServer (RaftServerProxy.java:lambda$close$6(391)) - omNode-1: close
2022-03-03 08:20:36,529 [IPC Server handler 7 on default port 34037] WARN  ipc.Server (Server.java:processResponse(1717)) - IPC Server handler 7 on default port 34037, call Call#237 Retry#0 org.apache.hadoop.ozone.protocol.StorageContainerDatanodeProtocol.submitRequest from 127.0.0.1:55720: output error
2022-03-03 08:20:36,565 [IPC Server handler 7 on default port 34037] INFO  ipc.Server (Server.java:run(2979)) - IPC Server handler 7 on default port 34037 caught an exception
java.nio.channels.ClosedChannelException
	at sun.nio.ch.SocketChannelImpl.ensureWriteOpen(SocketChannelImpl.java:269)
	at sun.nio.ch.SocketChannelImpl.write(SocketChannelImpl.java:460)
	at org.apache.hadoop.ipc.Server.channelWrite(Server.java:3605)
	at org.apache.hadoop.ipc.Server.access$1700(Server.java:141)
	at org.apache.hadoop.ipc.Server$Responder.processResponse(Server.java:1667)
	at org.apache.hadoop.ipc.Server$Responder.doRespond(Server.java:1737)
	at org.apache.hadoop.ipc.Server$Connection.sendResponse(Server.java:2837)
	at org.apache.hadoop.ipc.Server$Connection.access$300(Server.java:1809)
	at org.apache.hadoop.ipc.Server$RpcCall.doResponse(Server.java:1117)
	at org.apache.hadoop.ipc.Server$Call.doResponse(Server.java:909)
	at org.apache.hadoop.ipc.Server$Call.sendResponse(Server.java:895)
	at org.apache.hadoop.ipc.Server$RpcCall.run(Server.java:1052)
	at org.apache.hadoop.ipc.Server$RpcCall.run(Server.java:963)
	at java.security.AccessController.doPrivileged(Native Method)
	at javax.security.auth.Subject.doAs(Subject.java:422)
	at org.apache.hadoop.security.UserGroupInformation.doAs(UserGroupInformation.java:1878)
	at org.apache.hadoop.ipc.Server$Handler.run(Server.java:2966)
2022-03-03 08:20:36,528 [EndpointStateMachine task thread for /127.0.0.1:34037 - 0 ] INFO  ozoneimpl.OzoneContainer (OzoneContainer.java:start(331)) - Ignore. OzoneContainer already started.
2022-03-03 08:20:36,564 [Listener at 127.0.0.1/42883] INFO  server.RaftServer$Division (RaftServerImpl.java:lambda$close$4(412)) - omNode-1@group-523986131536: shutdown
2022-03-03 08:20:36,566 [Listener at 127.0.0.1/42883] INFO  util.JmxRegister (JmxRegister.java:unregister(73)) - Successfully un-registered JMX Bean with object name Ratis:service=RaftServer,group=group-523986131536,id=omNode-1
2022-03-03 08:20:36,566 [Listener at 127.0.0.1/42883] INFO  impl.RoleInfo (RoleInfo.java:shutdownLeaderState(91)) - omNode-1: shutdown omNode-1@group-523986131536-LeaderStateImpl
2022-03-03 08:20:36,567 [Listener at 127.0.0.1/42883] INFO  impl.PendingRequests (PendingRequests.java:sendNotLeaderResponses(282)) - omNode-1@group-523986131536-PendingRequests: sendNotLeaderResponses
2022-03-03 08:20:36,568 [Listener at 127.0.0.1/42883] INFO  impl.StateMachineUpdater (StateMachineUpdater.java:stopAndJoin(149)) - omNode-1@group-523986131536-StateMachineUpdater: set stopIndex = 0
2022-03-03 08:20:36,568 [omNode-1@group-523986131536-StateMachineUpdater] INFO  ratis.OzoneManagerStateMachine (OzoneManagerStateMachine.java:takeSnapshot(417)) - Current Snapshot Index (t:1, i:0)
2022-03-03 08:20:36,568 [omNode-1@group-523986131536-StateMachineUpdater] INFO  impl.StateMachineUpdater (StateMachineUpdater.java:takeSnapshot(281)) - omNode-1@group-523986131536-StateMachineUpdater: Took a snapshot at index 0
2022-03-03 08:20:36,568 [omNode-1@group-523986131536-StateMachineUpdater] INFO  impl.StateMachineUpdater (StateMachineUpdater.java:lambda$new$0(89)) - omNode-1@group-523986131536-StateMachineUpdater: snapshotIndex: updateIncreasingly -1 -> 0
2022-03-03 08:20:36,568 [omNode-1@group-523986131536-StateMachineUpdater] INFO  ratis.OzoneManagerStateMachine (OzoneManagerStateMachine.java:close(471)) - StateMachine has shutdown. Shutdown OzoneManager if not already shutdown.
2022-03-03 08:20:36,569 [Listener at 127.0.0.1/42883] INFO  server.RaftServer$Division (ServerState.java:close(419)) - omNode-1@group-523986131536: closes. applyIndex: 0
2022-03-03 08:20:36,569 [b80209a9-e74f-462d-bd7e-a1c457e8621c@group-904C6079E864-SegmentedRaftLogWorker] INFO  segmented.SegmentedRaftLogWorker (SegmentedRaftLogWorker.java:execute(601)) - b80209a9-e74f-462d-bd7e-a1c457e8621c@group-904C6079E864-SegmentedRaftLogWorker: created new log segment /home/runner/work/ozone/ozone/hadoop-ozone/integration-test/target/test-dir/MiniOzoneClusterImpl-5b82a1ad-a074-4eb8-9e24-eb4e8d1567b6/datanode-0/data/ratis/e4306fd5-4074-480c-9276-904c6079e864/current/log_inprogress_0
2022-03-03 08:20:36,575 [omNode-1@group-523986131536-SegmentedRaftLogWorker] INFO  segmented.SegmentedRaftLogWorker (SegmentedRaftLogWorker.java:run(327)) - omNode-1@group-523986131536-SegmentedRaftLogWorker was interrupted, exiting. There are 0 tasks remaining in the queue.
2022-03-03 08:20:36,583 [b80209a9-e74f-462d-bd7e-a1c457e8621c@group-904C6079E864-LeaderElection31] INFO  server.RaftServer$Division (ServerState.java:setRaftConf(387)) - b80209a9-e74f-462d-bd7e-a1c457e8621c@group-904C6079E864: set configuration 0: [bbb996b9-cb57-429e-b9a5-f900bfe28cb3|rpc:127.0.0.1:39561|dataStream:|priority:0, b80209a9-e74f-462d-bd7e-a1c457e8621c|rpc:127.0.0.1:37755|dataStream:|priority:1, abae3395-e125-494e-95ee-7e13e0096d36|rpc:127.0.0.1:37079|dataStream:|priority:0], old=null
2022-03-03 08:20:36,584 [Listener at 127.0.0.1/42883] INFO  segmented.SegmentedRaftLogWorker (SegmentedRaftLogWorker.java:close(237)) - omNode-1@group-523986131536-SegmentedRaftLogWorker close()
2022-03-03 08:20:36,584 [grpc-default-executor-1] INFO  impl.VoteContext (VoteContext.java:log(48)) - b80209a9-e74f-462d-bd7e-a1c457e8621c@group-904C6079E864-LEADER: reject ELECTION from abae3395-e125-494e-95ee-7e13e0096d36: already has voted for b80209a9-e74f-462d-bd7e-a1c457e8621c at current term 3
2022-03-03 08:20:36,584 [grpc-default-executor-1] INFO  server.RaftServer$Division (RaftServerImpl.java:requestVote(1078)) - b80209a9-e74f-462d-bd7e-a1c457e8621c@group-904C6079E864 replies to ELECTION vote request: abae3395-e125-494e-95ee-7e13e0096d36<-b80209a9-e74f-462d-bd7e-a1c457e8621c#0:FAIL-t3. Peer's state: b80209a9-e74f-462d-bd7e-a1c457e8621c@group-904C6079E864:t3, leader=b80209a9-e74f-462d-bd7e-a1c457e8621c, voted=b80209a9-e74f-462d-bd7e-a1c457e8621c, raftlog=b80209a9-e74f-462d-bd7e-a1c457e8621c@group-904C6079E864-SegmentedRaftLog:OPENED:c0, conf=0: [bbb996b9-cb57-429e-b9a5-f900bfe28cb3|rpc:127.0.0.1:39561|dataStream:|priority:0, b80209a9-e74f-462d-bd7e-a1c457e8621c|rpc:127.0.0.1:37755|dataStream:|priority:1, abae3395-e125-494e-95ee-7e13e0096d36|rpc:127.0.0.1:37079|dataStream:|priority:0], old=null
2022-03-03 08:20:36,589 [abae3395-e125-494e-95ee-7e13e0096d36@group-904C6079E864-LeaderElection30] INFO  impl.LeaderElection (LeaderElection.java:logAndReturn(89)) - abae3395-e125-494e-95ee-7e13e0096d36@group-904C6079E864-LeaderElection30: ELECTION REJECTED received 2 response(s) and 0 exception(s):
2022-03-03 08:20:36,590 [abae3395-e125-494e-95ee-7e13e0096d36@group-904C6079E864-LeaderElection30] INFO  impl.LeaderElection (LeaderElection.java:logAndReturn(93)) -   Response 0: abae3395-e125-494e-95ee-7e13e0096d36<-bbb996b9-cb57-429e-b9a5-f900bfe28cb3#0:FAIL-t3
2022-03-03 08:20:36,590 [abae3395-e125-494e-95ee-7e13e0096d36@group-904C6079E864-LeaderElection30] INFO  impl.LeaderElection (LeaderElection.java:logAndReturn(93)) -   Response 1: abae3395-e125-494e-95ee-7e13e0096d36<-b80209a9-e74f-462d-bd7e-a1c457e8621c#0:FAIL-t3
2022-03-03 08:20:36,590 [abae3395-e125-494e-95ee-7e13e0096d36@group-904C6079E864-LeaderElection30] INFO  impl.LeaderElection (LeaderElection.java:askForVotes(308)) - abae3395-e125-494e-95ee-7e13e0096d36@group-904C6079E864-LeaderElection30 ELECTION round 0: result REJECTED
2022-03-03 08:20:36,590 [abae3395-e125-494e-95ee-7e13e0096d36@group-904C6079E864-LeaderElection30] INFO  server.RaftServer$Division (RaftServerImpl.java:setRole(290)) - abae3395-e125-494e-95ee-7e13e0096d36@group-904C6079E864: changes role from CANDIDATE to FOLLOWER at term 3 for REJECTED
2022-03-03 08:20:36,590 [abae3395-e125-494e-95ee-7e13e0096d36@group-904C6079E864-LeaderElection30] INFO  impl.RoleInfo (RoleInfo.java:shutdownLeaderElection(121)) - abae3395-e125-494e-95ee-7e13e0096d36: shutdown abae3395-e125-494e-95ee-7e13e0096d36@group-904C6079E864-LeaderElection30
2022-03-03 08:20:36,590 [abae3395-e125-494e-95ee-7e13e0096d36@group-904C6079E864-LeaderElection30] INFO  impl.RoleInfo (RoleInfo.java:updateAndGet(130)) - abae3395-e125-494e-95ee-7e13e0096d36: start abae3395-e125-494e-95ee-7e13e0096d36@group-904C6079E864-FollowerState
2022-03-03 08:20:36,594 [grpc-default-executor-2] INFO  ratis.XceiverServerRatis (XceiverServerRatis.java:handleLeaderChangedNotification(867)) - Leader change notification received for group: group-904C6079E864 with new leaderId: b80209a9-e74f-462d-bd7e-a1c457e8621c
2022-03-03 08:20:36,595 [grpc-default-executor-2] INFO  server.RaftServer$Division (ServerState.java:setLeader(285)) - bbb996b9-cb57-429e-b9a5-f900bfe28cb3@group-904C6079E864: change Leader from null to b80209a9-e74f-462d-bd7e-a1c457e8621c at term 3 for appendEntries, leader elected after 15588ms
2022-03-03 08:20:36,596 [grpc-default-executor-2] INFO  server.RaftServer$Division (ServerState.java:setRaftConf(387)) - bbb996b9-cb57-429e-b9a5-f900bfe28cb3@group-904C6079E864: set configuration 0: [bbb996b9-cb57-429e-b9a5-f900bfe28cb3|rpc:127.0.0.1:39561|dataStream:|priority:0, b80209a9-e74f-462d-bd7e-a1c457e8621c|rpc:127.0.0.1:37755|dataStream:|priority:1, abae3395-e125-494e-95ee-7e13e0096d36|rpc:127.0.0.1:37079|dataStream:|priority:0], old=null
2022-03-03 08:20:36,608 [Listener at 127.0.0.1/42883] INFO  server.GrpcService (GrpcService.java:closeImpl(262)) - omNode-1: shutdown server with port 44619 now
2022-03-03 08:20:36,608 [grpc-default-executor-2] INFO  segmented.SegmentedRaftLogWorker (SegmentedRaftLogWorker.java:startLogSegment(394)) - bbb996b9-cb57-429e-b9a5-f900bfe28cb3@group-904C6079E864-SegmentedRaftLogWorker: Starting segment from index:0
2022-03-03 08:20:36,612 [Listener at 127.0.0.1/42883] INFO  server.GrpcService (GrpcService.java:closeImpl(271)) - omNode-1: shutdown server with port 44619 successfully
2022-03-03 08:20:36,612 [org.apache.ratis.util.JvmPauseMonitor$$Lambda$503/666911607@1717167e] INFO  util.JvmPauseMonitor (JvmPauseMonitor.java:run(109)) - JvmPauseMonitor-omNode-1: Stopped
2022-03-03 08:20:36,612 [grpc-default-executor-2] INFO  ratis.XceiverServerRatis (XceiverServerRatis.java:handleLeaderChangedNotification(867)) - Leader change notification received for group: group-904C6079E864 with new leaderId: b80209a9-e74f-462d-bd7e-a1c457e8621c
2022-03-03 08:20:36,612 [grpc-default-executor-2] INFO  server.RaftServer$Division (ServerState.java:setLeader(285)) - abae3395-e125-494e-95ee-7e13e0096d36@group-904C6079E864: change Leader from null to b80209a9-e74f-462d-bd7e-a1c457e8621c at term 3 for appendEntries, leader elected after 15679ms
2022-03-03 08:20:36,612 [Listener at 127.0.0.1/42883] INFO  ratis.OzoneManagerDoubleBuffer (OzoneManagerDoubleBuffer.java:stop(437)) - Stopping OMDoubleBuffer flush thread
2022-03-03 08:20:36,613 [bbb996b9-cb57-429e-b9a5-f900bfe28cb3@group-904C6079E864-SegmentedRaftLogWorker] INFO  segmented.SegmentedRaftLogWorker (SegmentedRaftLogWorker.java:execute(601)) - bbb996b9-cb57-429e-b9a5-f900bfe28cb3@group-904C6079E864-SegmentedRaftLogWorker: created new log segment /home/runner/work/ozone/ozone/hadoop-ozone/integration-test/target/test-dir/MiniOzoneClusterImpl-5b82a1ad-a074-4eb8-9e24-eb4e8d1567b6/datanode-1/data/ratis/e4306fd5-4074-480c-9276-904c6079e864/current/log_inprogress_0
2022-03-03 08:20:36,619 [grpc-default-executor-2] INFO  server.RaftServer$Division (ServerState.java:setRaftConf(387)) - abae3395-e125-494e-95ee-7e13e0096d36@group-904C6079E864: set configuration 0: [bbb996b9-cb57-429e-b9a5-f900bfe28cb3|rpc:127.0.0.1:39561|dataStream:|priority:0, b80209a9-e74f-462d-bd7e-a1c457e8621c|rpc:127.0.0.1:37755|dataStream:|priority:1, abae3395-e125-494e-95ee-7e13e0096d36|rpc:127.0.0.1:37079|dataStream:|priority:0], old=null
2022-03-03 08:20:36,619 [grpc-default-executor-2] INFO  segmented.SegmentedRaftLogWorker (SegmentedRaftLogWorker.java:startLogSegment(394)) - abae3395-e125-494e-95ee-7e13e0096d36@group-904C6079E864-SegmentedRaftLogWorker: Starting segment from index:0
2022-03-03 08:20:36,621 [abae3395-e125-494e-95ee-7e13e0096d36@group-904C6079E864-SegmentedRaftLogWorker] INFO  segmented.SegmentedRaftLogWorker (SegmentedRaftLogWorker.java:execute(601)) - abae3395-e125-494e-95ee-7e13e0096d36@group-904C6079E864-SegmentedRaftLogWorker: created new log segment /home/runner/work/ozone/ozone/hadoop-ozone/integration-test/target/test-dir/MiniOzoneClusterImpl-5b82a1ad-a074-4eb8-9e24-eb4e8d1567b6/datanode-2/data/ratis/e4306fd5-4074-480c-9276-904c6079e864/current/log_inprogress_0
2022-03-03 08:20:36,633 [OMDoubleBufferFlushThread] INFO  ratis.OzoneManagerDoubleBuffer (OzoneManagerDoubleBuffer.java:flushTransactions(356)) - OMDoubleBuffer flush thread OMDoubleBufferFlushThread is interrupted and will exit. OMDoubleBufferFlushThread
2022-03-03 08:20:36,633 [Listener at 127.0.0.1/42883] INFO  utils.BackgroundService (BackgroundService.java:shutdown(132)) - Shutting down service KeyDeletingService
2022-03-03 08:20:36,642 [Listener at 127.0.0.1/42883] INFO  utils.BackgroundService (BackgroundService.java:shutdown(132)) - Shutting down service DirectoryDeletingService
2022-03-03 08:20:36,643 [Listener at 127.0.0.1/42883] INFO  handler.ContextHandler (ContextHandler.java:doStop(1153)) - Stopped o.e.j.w.WebAppContext@6da42046{ozoneManager,/,null,STOPPED}{file:/home/runner/work/ozone/ozone/hadoop-ozone/integration-test/target/test-classes/webapps/ozoneManager}
2022-03-03 08:20:36,644 [Listener at 127.0.0.1/42883] INFO  server.AbstractConnector (AbstractConnector.java:doStop(381)) - Stopped ServerConnector@5a14cfa4{HTTP/1.1, (http/1.1)}{0.0.0.0:35279}
2022-03-03 08:20:36,645 [Listener at 127.0.0.1/42883] INFO  server.session (HouseKeeper.java:stopScavenging(149)) - node0 Stopped scavenging
2022-03-03 08:20:36,645 [Listener at 127.0.0.1/42883] INFO  handler.ContextHandler (ContextHandler.java:doStop(1153)) - Stopped o.e.j.s.ServletContextHandler@2321035{static,/static,file:///home/runner/work/ozone/ozone/hadoop-ozone/integration-test/target/test-classes/webapps/static,STOPPED}
2022-03-03 08:20:36,645 [Listener at 127.0.0.1/42883] INFO  handler.ContextHandler (ContextHandler.java:doStop(1153)) - Stopped o.e.j.s.ServletContextHandler@60734e93{logs,/logs,file:///home/runner/work/ozone/ozone/hadoop-ozone/integration-test/target/log,STOPPED}
2022-03-03 08:20:36,653 [Listener at 127.0.0.1/42883] INFO  ozone.MiniOzoneHAClusterImpl (MiniOzoneHAClusterImpl.java:stop(316)) - Stopping the StorageContainerManager 1244aa64-d874-441f-9571-396032220701
2022-03-03 08:20:36,654 [Listener at 127.0.0.1/42883] INFO  server.StorageContainerManager (StorageContainerManager.java:stop(1414)) - Stopping Container Balancer service.
2022-03-03 08:20:36,654 [Listener at 127.0.0.1/42883] INFO  balancer.ContainerBalancer (ContainerBalancer.java:stop(788)) - Container Balancer is not running.
2022-03-03 08:20:36,654 [Listener at 127.0.0.1/42883] INFO  server.StorageContainerManager (StorageContainerManager.java:stop(1421)) - Stopping Replication Manager Service.
2022-03-03 08:20:36,654 [Listener at 127.0.0.1/42883] INFO  container.ReplicationManager (ReplicationManager.java:stop(357)) - Stopping Replication Monitor Thread.
2022-03-03 08:20:36,654 [Listener at 127.0.0.1/42883] INFO  server.StorageContainerManager (StorageContainerManager.java:stop(1428)) - Stopping the Datanode Admin Monitor.
2022-03-03 08:20:36,655 [Listener at 127.0.0.1/42883] INFO  server.StorageContainerManager (StorageContainerManager.java:stop(1435)) - Stopping Lease Manager of the command watchers
2022-03-03 08:20:36,655 [Listener at 127.0.0.1/42883] INFO  server.StorageContainerManager (StorageContainerManager.java:stop(1442)) - Stopping datanode service RPC server
2022-03-03 08:20:36,655 [Listener at 127.0.0.1/42883] INFO  server.SCMDatanodeProtocolServer (SCMDatanodeProtocolServer.java:stop(400)) - Stopping the RPC server for DataNodes
2022-03-03 08:20:36,655 [Listener at 127.0.0.1/42883] INFO  ipc.Server (Server.java:stop(3414)) - Stopping server on 42215
2022-03-03 08:20:36,656 [IPC Server listener on 42215] INFO  ipc.Server (Server.java:run(1376)) - Stopping IPC Server listener on 42215
2022-03-03 08:20:36,663 [IPC Server Responder] INFO  ipc.Server (Server.java:run(1512)) - Stopping IPC Server Responder
2022-03-03 08:20:36,731 [SCM Heartbeat Processing Thread - 0] WARN  node.NodeStateManager (NodeStateManager.java:scheduleNextHealthCheck(815)) - Current Thread is interrupted, shutting down HB processing thread for Node Manager.
2022-03-03 08:20:36,731 [Listener at 127.0.0.1/42883] INFO  server.StorageContainerManager (StorageContainerManager.java:stop(1450)) - Stopping block service RPC server
2022-03-03 08:20:36,732 [Listener at 127.0.0.1/42883] INFO  server.SCMBlockProtocolServer (SCMBlockProtocolServer.java:stop(160)) - Stopping the RPC server for Block Protocol
2022-03-03 08:20:36,732 [Listener at 127.0.0.1/42883] INFO  ipc.Server (Server.java:stop(3414)) - Stopping server on 43873
2022-03-03 08:20:36,735 [IPC Server Responder] INFO  ipc.Server (Server.java:run(1512)) - Stopping IPC Server Responder
2022-03-03 08:20:36,735 [Listener at 127.0.0.1/42883] INFO  server.StorageContainerManager (StorageContainerManager.java:stop(1457)) - Stopping the StorageContainerLocationProtocol RPC server
2022-03-03 08:20:36,735 [Listener at 127.0.0.1/42883] INFO  server.SCMClientProtocolServer (SCMClientProtocolServer.java:stop(174)) - Stopping the RPC server for Client Protocol
2022-03-03 08:20:36,735 [Listener at 127.0.0.1/42883] INFO  ipc.Server (Server.java:stop(3414)) - Stopping server on 38499
2022-03-03 08:20:36,737 [IPC Server Responder] INFO  ipc.Server (Server.java:run(1512)) - Stopping IPC Server Responder
2022-03-03 08:20:36,737 [Listener at 127.0.0.1/42883] INFO  server.StorageContainerManager (StorageContainerManager.java:stop(1464)) - Stopping Storage Container Manager HTTP server.
2022-03-03 08:20:36,737 [IPC Server listener on 43873] INFO  ipc.Server (Server.java:run(1376)) - Stopping IPC Server listener on 43873
2022-03-03 08:20:36,737 [IPC Server listener on 38499] INFO  ipc.Server (Server.java:run(1376)) - Stopping IPC Server listener on 38499
2022-03-03 08:20:36,742 [Listener at 127.0.0.1/42883] INFO  handler.ContextHandler (ContextHandler.java:doStop(1153)) - Stopped o.e.j.w.WebAppContext@4ed507b0{scm,/,null,STOPPED}{file:/home/runner/work/ozone/ozone/hadoop-ozone/integration-test/target/test-classes/webapps/scm}
2022-03-03 08:20:36,742 [Listener at 127.0.0.1/42883] INFO  server.AbstractConnector (AbstractConnector.java:doStop(381)) - Stopped ServerConnector@7add9679{HTTP/1.1, (http/1.1)}{0.0.0.0:44591}
2022-03-03 08:20:36,744 [Listener at 127.0.0.1/42883] INFO  server.session (HouseKeeper.java:stopScavenging(149)) - node0 Stopped scavenging
2022-03-03 08:20:36,744 [Listener at 127.0.0.1/42883] INFO  handler.ContextHandler (ContextHandler.java:doStop(1153)) - Stopped o.e.j.s.ServletContextHandler@6bd3bb6{static,/static,file:///home/runner/work/ozone/ozone/hadoop-ozone/integration-test/target/test-classes/webapps/static,STOPPED}
2022-03-03 08:20:36,745 [Listener at 127.0.0.1/42883] INFO  handler.ContextHandler (ContextHandler.java:doStop(1153)) - Stopped o.e.j.s.ServletContextHandler@27672ed3{logs,/logs,file:///home/runner/work/ozone/ozone/hadoop-ozone/integration-test/target/log,STOPPED}
2022-03-03 08:20:36,749 [Listener at 127.0.0.1/42883] INFO  server.StorageContainerManager (StorageContainerManager.java:stop(1475)) - Stopping Block Manager Service.
2022-03-03 08:20:36,749 [Listener at 127.0.0.1/42883] INFO  utils.BackgroundService (BackgroundService.java:shutdown(132)) - Shutting down service SCMBlockDeletingService
2022-03-03 08:20:36,750 [Listener at 127.0.0.1/42883] INFO  utils.BackgroundService (BackgroundService.java:shutdown(132)) - Shutting down service SCMBlockDeletingService
2022-03-03 08:20:36,755 [Listener at 127.0.0.1/42883] INFO  server.StorageContainerManager (StorageContainerManager.java:stop(1502)) - Stopping SCM Event Queue.
2022-03-03 08:20:36,759 [Listener at 127.0.0.1/42883] INFO  server.StorageContainerManager (StorageContainerManager.java:stop(1513)) - Stopping SCM HA services.
2022-03-03 08:20:36,760 [Listener at 127.0.0.1/42883] INFO  ha.SCMRatisServerImpl (SCMRatisServerImpl.java:stop(236)) - stopping ratis server 0.0.0.0:35029
2022-03-03 08:20:36,761 [Listener at 127.0.0.1/42883] INFO  server.RaftServer (RaftServerProxy.java:lambda$close$6(391)) - 1244aa64-d874-441f-9571-396032220701: close
2022-03-03 08:20:36,761 [Listener at 127.0.0.1/42883] INFO  server.RaftServer$Division (RaftServerImpl.java:lambda$close$4(412)) - 1244aa64-d874-441f-9571-396032220701@group-EB4E8D1567B6: shutdown
2022-03-03 08:20:36,761 [Listener at 127.0.0.1/42883] INFO  util.JmxRegister (JmxRegister.java:unregister(73)) - Successfully un-registered JMX Bean with object name Ratis:service=RaftServer,group=group-EB4E8D1567B6,id=1244aa64-d874-441f-9571-396032220701
2022-03-03 08:20:36,762 [Listener at 127.0.0.1/42883] INFO  impl.RoleInfo (RoleInfo.java:shutdownFollowerState(108)) - 1244aa64-d874-441f-9571-396032220701: shutdown 1244aa64-d874-441f-9571-396032220701@group-EB4E8D1567B6-FollowerState
2022-03-03 08:20:36,762 [1244aa64-d874-441f-9571-396032220701@group-EB4E8D1567B6-FollowerState] INFO  impl.FollowerState (FollowerState.java:run(143)) - 1244aa64-d874-441f-9571-396032220701@group-EB4E8D1567B6-FollowerState was interrupted: {}
java.lang.InterruptedException: sleep interrupted
	at java.lang.Thread.sleep(Native Method)
	at java.lang.Thread.sleep(Thread.java:342)
	at java.util.concurrent.TimeUnit.sleep(TimeUnit.java:386)
	at org.apache.ratis.util.TimeDuration.sleep(TimeDuration.java:324)
	at org.apache.ratis.util.TimeDuration.sleep(TimeDuration.java:309)
	at org.apache.ratis.server.impl.FollowerState.run(FollowerState.java:118)
2022-03-03 08:20:36,762 [1244aa64-d874-441f-9571-396032220701@group-EB4E8D1567B6-StateMachineUpdater] INFO  ha.SCMStateMachine (SCMStateMachine.java:takeSnapshot(297)) - Current Snapshot Index 29, takeSnapshot took 0 ms
2022-03-03 08:20:36,762 [1244aa64-d874-441f-9571-396032220701@group-EB4E8D1567B6-StateMachineUpdater] INFO  impl.StateMachineUpdater (StateMachineUpdater.java:takeSnapshot(281)) - 1244aa64-d874-441f-9571-396032220701@group-EB4E8D1567B6-StateMachineUpdater: Took a snapshot at index 29
2022-03-03 08:20:36,762 [1244aa64-d874-441f-9571-396032220701@group-EB4E8D1567B6-StateMachineUpdater] INFO  impl.StateMachineUpdater (StateMachineUpdater.java:lambda$new$0(89)) - 1244aa64-d874-441f-9571-396032220701@group-EB4E8D1567B6-StateMachineUpdater: snapshotIndex: updateIncreasingly 28 -> 29
2022-03-03 08:20:36,763 [Listener at 127.0.0.1/42883] INFO  impl.StateMachineUpdater (StateMachineUpdater.java:stopAndJoin(149)) - 1244aa64-d874-441f-9571-396032220701@group-EB4E8D1567B6-StateMachineUpdater: set stopIndex = 29
2022-03-03 08:20:36,763 [Listener at 127.0.0.1/42883] INFO  server.RaftServer$Division (ServerState.java:close(419)) - 1244aa64-d874-441f-9571-396032220701@group-EB4E8D1567B6: closes. applyIndex: 28
2022-03-03 08:20:36,763 [1244aa64-d874-441f-9571-396032220701@group-EB4E8D1567B6-SegmentedRaftLogWorker] INFO  segmented.SegmentedRaftLogWorker (SegmentedRaftLogWorker.java:run(327)) - 1244aa64-d874-441f-9571-396032220701@group-EB4E8D1567B6-SegmentedRaftLogWorker was interrupted, exiting. There are 0 tasks remaining in the queue.
2022-03-03 08:20:36,769 [Listener at 127.0.0.1/42883] INFO  segmented.SegmentedRaftLogWorker (SegmentedRaftLogWorker.java:close(237)) - 1244aa64-d874-441f-9571-396032220701@group-EB4E8D1567B6-SegmentedRaftLogWorker close()
2022-03-03 08:20:36,774 [Listener at 127.0.0.1/42883] INFO  server.GrpcService (GrpcService.java:closeImpl(262)) - 1244aa64-d874-441f-9571-396032220701: shutdown server with port 35029 now
2022-03-03 08:20:36,777 [grpc-default-executor-2] WARN  server.GrpcServerProtocolService (LogUtils.java:warn(122)) - 1244aa64-d874-441f-9571-396032220701: installSnapshot onError, lastRequest: e7338982-199b-4e5a-937e-5a36927222d8->1244aa64-d874-441f-9571-396032220701#1158-t2,previous=(t:2, i:29),leaderCommit=29,initializing? true,entries: size=1, first=(t:2, i:30), METADATAENTRY(c:29): org.apache.ratis.thirdparty.io.grpc.StatusRuntimeException: CANCELLED: client cancelled
2022-03-03 08:20:36,777 [grpc-default-executor-0] WARN  server.GrpcLogAppender (LogUtils.java:warn(122)) - e7338982-199b-4e5a-937e-5a36927222d8@group-EB4E8D1567B6->1244aa64-d874-441f-9571-396032220701-AppendLogResponseHandler: Failed appendEntries: org.apache.ratis.thirdparty.io.grpc.StatusRuntimeException: CANCELLED: HTTP/2 error code: CANCEL
Received Rst Stream
2022-03-03 08:20:36,777 [grpc-default-executor-0] INFO  leader.FollowerInfo (FollowerInfoImpl.java:lambda$new$0(47)) - e7338982-199b-4e5a-937e-5a36927222d8@group-EB4E8D1567B6->1244aa64-d874-441f-9571-396032220701: nextIndex: updateUnconditionally 31 -> 30
2022-03-03 08:20:36,784 [Listener at 127.0.0.1/42883] INFO  server.GrpcService (GrpcService.java:closeImpl(271)) - 1244aa64-d874-441f-9571-396032220701: shutdown server with port 35029 successfully
2022-03-03 08:20:36,785 [org.apache.ratis.util.JvmPauseMonitor$$Lambda$503/666911607@6bd4b701] INFO  util.JvmPauseMonitor (JvmPauseMonitor.java:run(109)) - JvmPauseMonitor-1244aa64-d874-441f-9571-396032220701: Stopped
2022-03-03 08:20:36,785 [grpc-default-executor-0] WARN  server.GrpcLogAppender (LogUtils.java:warn(122)) - e7338982-199b-4e5a-937e-5a36927222d8@group-EB4E8D1567B6->1244aa64-d874-441f-9571-396032220701-AppendLogResponseHandler: Failed appendEntries: org.apache.ratis.thirdparty.io.grpc.StatusRuntimeException: UNAVAILABLE: io exception
2022-03-03 08:20:36,786 [grpc-default-executor-0] INFO  leader.FollowerInfo (FollowerInfoImpl.java:lambda$new$0(47)) - e7338982-199b-4e5a-937e-5a36927222d8@group-EB4E8D1567B6->1244aa64-d874-441f-9571-396032220701: nextIndex: updateUnconditionally 31 -> 30
2022-03-03 08:20:36,786 [Listener at 127.0.0.1/42883] INFO  pipeline.BackgroundPipelineCreator (BackgroundPipelineCreator.java:stop(158)) - Stopping RatisPipelineUtilsThread.
2022-03-03 08:20:36,787 [Listener at 127.0.0.1/42883] INFO  server.StorageContainerManager (StorageContainerManager.java:stop(1523)) - Stopping SCM MetadataStore.
2022-03-03 08:20:36,788 [Listener at 127.0.0.1/42883] INFO  impl.MetricsSystemImpl (MetricsSystemImpl.java:stop(210)) - Stopping StorageContainerManager metrics system...
2022-03-03 08:20:36,811 [prometheus] INFO  impl.MetricsSinkAdapter (MetricsSinkAdapter.java:publishMetricsFromQueue(141)) - prometheus thread interrupted.
2022-03-03 08:20:36,811 [Listener at 127.0.0.1/42883] INFO  impl.MetricsSystemImpl (MetricsSystemImpl.java:stop(216)) - StorageContainerManager metrics system stopped.
2022-03-03 08:20:36,811 [Listener at 127.0.0.1/42883] INFO  ozone.MiniOzoneHAClusterImpl (MiniOzoneHAClusterImpl.java:stop(316)) - Stopping the StorageContainerManager 1ba03041-f5a8-4c87-98f5-638ac16258b5
2022-03-03 08:20:36,811 [Listener at 127.0.0.1/42883] INFO  server.StorageContainerManager (StorageContainerManager.java:stop(1414)) - Stopping Container Balancer service.
2022-03-03 08:20:36,812 [Listener at 127.0.0.1/42883] INFO  balancer.ContainerBalancer (ContainerBalancer.java:stop(788)) - Container Balancer is not running.
2022-03-03 08:20:36,812 [Listener at 127.0.0.1/42883] INFO  server.StorageContainerManager (StorageContainerManager.java:stop(1421)) - Stopping Replication Manager Service.
2022-03-03 08:20:36,812 [Listener at 127.0.0.1/42883] INFO  container.ReplicationManager (ReplicationManager.java:stop(357)) - Stopping Replication Monitor Thread.
2022-03-03 08:20:36,812 [Listener at 127.0.0.1/42883] INFO  server.StorageContainerManager (StorageContainerManager.java:stop(1428)) - Stopping the Datanode Admin Monitor.
2022-03-03 08:20:36,812 [Listener at 127.0.0.1/42883] INFO  server.StorageContainerManager (StorageContainerManager.java:stop(1435)) - Stopping Lease Manager of the command watchers
2022-03-03 08:20:36,812 [Listener at 127.0.0.1/42883] INFO  server.StorageContainerManager (StorageContainerManager.java:stop(1442)) - Stopping datanode service RPC server
2022-03-03 08:20:36,812 [Listener at 127.0.0.1/42883] INFO  server.SCMDatanodeProtocolServer (SCMDatanodeProtocolServer.java:stop(400)) - Stopping the RPC server for DataNodes
2022-03-03 08:20:36,812 [Listener at 127.0.0.1/42883] INFO  ipc.Server (Server.java:stop(3414)) - Stopping server on 34037
2022-03-03 08:20:36,813 [IPC Server listener on 34037] INFO  ipc.Server (Server.java:run(1376)) - Stopping IPC Server listener on 34037
2022-03-03 08:20:36,821 [IPC Server Responder] INFO  ipc.Server (Server.java:run(1512)) - Stopping IPC Server Responder
2022-03-03 08:20:36,838 [SCM Heartbeat Processing Thread - 0] WARN  node.NodeStateManager (NodeStateManager.java:scheduleNextHealthCheck(815)) - Current Thread is interrupted, shutting down HB processing thread for Node Manager.
2022-03-03 08:20:36,861 [EndpointStateMachine task thread for /127.0.0.1:43363 - 0 ] INFO  ipc.Client (Client.java:handleConnectionFailure(977)) - Retrying connect to server: localhost/127.0.0.1:43363. Already tried 4 time(s); retry policy is RetryUpToMaximumCountWithFixedSleep(maxRetries=15, sleepTime=1000 MILLISECONDS)
2022-03-03 08:20:36,862 [Listener at 127.0.0.1/42883] INFO  server.StorageContainerManager (StorageContainerManager.java:stop(1450)) - Stopping block service RPC server
2022-03-03 08:20:36,862 [Listener at 127.0.0.1/42883] INFO  server.SCMBlockProtocolServer (SCMBlockProtocolServer.java:stop(160)) - Stopping the RPC server for Block Protocol
2022-03-03 08:20:36,863 [Listener at 127.0.0.1/42883] INFO  ipc.Server (Server.java:stop(3414)) - Stopping server on 45815
2022-03-03 08:20:36,864 [Listener at 127.0.0.1/42883] INFO  server.StorageContainerManager (StorageContainerManager.java:stop(1457)) - Stopping the StorageContainerLocationProtocol RPC server
2022-03-03 08:20:36,864 [Listener at 127.0.0.1/42883] INFO  server.SCMClientProtocolServer (SCMClientProtocolServer.java:stop(174)) - Stopping the RPC server for Client Protocol
2022-03-03 08:20:36,864 [Listener at 127.0.0.1/42883] INFO  ipc.Server (Server.java:stop(3414)) - Stopping server on 46085
2022-03-03 08:20:36,865 [IPC Server Responder] INFO  ipc.Server (Server.java:run(1512)) - Stopping IPC Server Responder
2022-03-03 08:20:36,869 [IPC Server listener on 45815] INFO  ipc.Server (Server.java:run(1376)) - Stopping IPC Server listener on 45815
2022-03-03 08:20:36,883 [Listener at 127.0.0.1/42883] INFO  server.StorageContainerManager (StorageContainerManager.java:stop(1464)) - Stopping Storage Container Manager HTTP server.
2022-03-03 08:20:36,884 [Listener at 127.0.0.1/42883] INFO  handler.ContextHandler (ContextHandler.java:doStop(1153)) - Stopped o.e.j.w.WebAppContext@6f088169{scm,/,null,STOPPED}{file:/home/runner/work/ozone/ozone/hadoop-ozone/integration-test/target/test-classes/webapps/scm}
2022-03-03 08:20:36,884 [IPC Server listener on 46085] INFO  ipc.Server (Server.java:run(1376)) - Stopping IPC Server listener on 46085
2022-03-03 08:20:36,884 [IPC Server Responder] INFO  ipc.Server (Server.java:run(1512)) - Stopping IPC Server Responder
2022-03-03 08:20:36,886 [Listener at 127.0.0.1/42883] INFO  server.AbstractConnector (AbstractConnector.java:doStop(381)) - Stopped ServerConnector@27353d1c{HTTP/1.1, (http/1.1)}{0.0.0.0:42097}
2022-03-03 08:20:36,889 [EndpointStateMachine task thread for /127.0.0.1:34037 - 0 ] WARN  statemachine.EndpointStateMachine (EndpointStateMachine.java:logIfNeeded(236)) - Unable to communicate to SCM server at localhost:34037 for past 0 seconds.
java.io.EOFException: End of File Exception between local host is: "fv-az501-749/10.1.0.15"; destination host is: "localhost":34037; : java.io.EOFException; For more details see:  http://wiki.apache.org/hadoop/EOFException
	at sun.reflect.NativeConstructorAccessorImpl.newInstance0(Native Method)
	at sun.reflect.NativeConstructorAccessorImpl.newInstance(NativeConstructorAccessorImpl.java:62)
	at sun.reflect.DelegatingConstructorAccessorImpl.newInstance(DelegatingConstructorAccessorImpl.java:45)
	at java.lang.reflect.Constructor.newInstance(Constructor.java:423)
	at org.apache.hadoop.net.NetUtils.wrapWithMessage(NetUtils.java:913)
	at org.apache.hadoop.net.NetUtils.wrapException(NetUtils.java:862)
	at org.apache.hadoop.ipc.Client.getRpcResponse(Client.java:1577)
	at org.apache.hadoop.ipc.Client.call(Client.java:1519)
	at org.apache.hadoop.ipc.Client.call(Client.java:1416)
	at org.apache.hadoop.ipc.ProtobufRpcEngine$Invoker.invoke(ProtobufRpcEngine.java:236)
	at org.apache.hadoop.ipc.ProtobufRpcEngine$Invoker.invoke(ProtobufRpcEngine.java:123)
	at com.sun.proxy.$Proxy48.submitRequest(Unknown Source)
	at org.apache.hadoop.ozone.protocolPB.StorageContainerDatanodeProtocolClientSideTranslatorPB.submitRequest(StorageContainerDatanodeProtocolClientSideTranslatorPB.java:117)
	at org.apache.hadoop.ozone.protocolPB.StorageContainerDatanodeProtocolClientSideTranslatorPB.register(StorageContainerDatanodeProtocolClientSideTranslatorPB.java:180)
	at org.apache.hadoop.ozone.container.common.states.endpoint.RegisterEndpointTask.call(RegisterEndpointTask.java:158)
	at org.apache.hadoop.ozone.container.common.states.endpoint.RegisterEndpointTask.call(RegisterEndpointTask.java:52)
	at java.util.concurrent.FutureTask.run(FutureTask.java:266)
	at java.util.concurrent.ThreadPoolExecutor.runWorker(ThreadPoolExecutor.java:1149)
	at java.util.concurrent.ThreadPoolExecutor$Worker.run(ThreadPoolExecutor.java:624)
	at java.lang.Thread.run(Thread.java:750)
Caused by: java.io.EOFException
	at java.io.DataInputStream.readInt(DataInputStream.java:392)
	at org.apache.hadoop.ipc.Client$IpcStreams.readResponse(Client.java:1892)
	at org.apache.hadoop.ipc.Client$Connection.receiveRpcResponse(Client.java:1202)
	at org.apache.hadoop.ipc.Client$Connection.run(Client.java:1098)
2022-03-03 08:20:36,890 [Listener at 127.0.0.1/42883] INFO  server.session (HouseKeeper.java:stopScavenging(149)) - node0 Stopped scavenging
2022-03-03 08:20:36,890 [EndpointStateMachine task thread for /127.0.0.1:42215 - 0 ] WARN  statemachine.EndpointStateMachine (EndpointStateMachine.java:logIfNeeded(236)) - Unable to communicate to SCM server at 127.0.0.1:42215 for past 0 seconds.
java.io.EOFException: End of File Exception between local host is: "fv-az501-749/10.1.0.15"; destination host is: "localhost":42215; : java.io.EOFException; For more details see:  http://wiki.apache.org/hadoop/EOFException
	at sun.reflect.NativeConstructorAccessorImpl.newInstance0(Native Method)
	at sun.reflect.NativeConstructorAccessorImpl.newInstance(NativeConstructorAccessorImpl.java:62)
	at sun.reflect.DelegatingConstructorAccessorImpl.newInstance(DelegatingConstructorAccessorImpl.java:45)
	at java.lang.reflect.Constructor.newInstance(Constructor.java:423)
	at org.apache.hadoop.net.NetUtils.wrapWithMessage(NetUtils.java:913)
	at org.apache.hadoop.net.NetUtils.wrapException(NetUtils.java:862)
	at org.apache.hadoop.ipc.Client.getRpcResponse(Client.java:1577)
	at org.apache.hadoop.ipc.Client.call(Client.java:1519)
	at org.apache.hadoop.ipc.Client.call(Client.java:1416)
	at org.apache.hadoop.ipc.ProtobufRpcEngine$Invoker.invoke(ProtobufRpcEngine.java:236)
	at org.apache.hadoop.ipc.ProtobufRpcEngine$Invoker.invoke(ProtobufRpcEngine.java:123)
	at com.sun.proxy.$Proxy48.submitRequest(Unknown Source)
	at org.apache.hadoop.ozone.protocolPB.StorageContainerDatanodeProtocolClientSideTranslatorPB.submitRequest(StorageContainerDatanodeProtocolClientSideTranslatorPB.java:117)
	at org.apache.hadoop.ozone.protocolPB.StorageContainerDatanodeProtocolClientSideTranslatorPB.sendHeartbeat(StorageContainerDatanodeProtocolClientSideTranslatorPB.java:149)
	at org.apache.hadoop.ozone.container.common.states.endpoint.HeartbeatEndpointTask.call(HeartbeatEndpointTask.java:180)
	at org.apache.hadoop.ozone.container.common.states.endpoint.HeartbeatEndpointTask.call(HeartbeatEndpointTask.java:83)
	at java.util.concurrent.FutureTask.run(FutureTask.java:266)
	at java.util.concurrent.ThreadPoolExecutor.runWorker(ThreadPoolExecutor.java:1149)
	at java.util.concurrent.ThreadPoolExecutor$Worker.run(ThreadPoolExecutor.java:624)
	at java.lang.Thread.run(Thread.java:750)
Caused by: java.io.EOFException
	at java.io.DataInputStream.readInt(DataInputStream.java:392)
	at org.apache.hadoop.ipc.Client$IpcStreams.readResponse(Client.java:1892)
	at org.apache.hadoop.ipc.Client$Connection.receiveRpcResponse(Client.java:1202)
	at org.apache.hadoop.ipc.Client$Connection.run(Client.java:1098)
2022-03-03 08:20:36,895 [Listener at 127.0.0.1/42883] INFO  handler.ContextHandler (ContextHandler.java:doStop(1153)) - Stopped o.e.j.s.ServletContextHandler@111b6a5a{static,/static,file:///home/runner/work/ozone/ozone/hadoop-ozone/integration-test/target/test-classes/webapps/static,STOPPED}
2022-03-03 08:20:36,897 [Listener at 127.0.0.1/42883] INFO  handler.ContextHandler (ContextHandler.java:doStop(1153)) - Stopped o.e.j.s.ServletContextHandler@6a8ea39d{logs,/logs,file:///home/runner/work/ozone/ozone/hadoop-ozone/integration-test/target/log,STOPPED}
2022-03-03 08:20:36,899 [Listener at 127.0.0.1/42883] INFO  server.StorageContainerManager (StorageContainerManager.java:stop(1475)) - Stopping Block Manager Service.
2022-03-03 08:20:36,900 [Listener at 127.0.0.1/42883] INFO  utils.BackgroundService (BackgroundService.java:shutdown(132)) - Shutting down service SCMBlockDeletingService
2022-03-03 08:20:36,900 [Listener at 127.0.0.1/42883] INFO  utils.BackgroundService (BackgroundService.java:shutdown(132)) - Shutting down service SCMBlockDeletingService
2022-03-03 08:20:36,900 [Listener at 127.0.0.1/42883] INFO  server.StorageContainerManager (StorageContainerManager.java:stop(1502)) - Stopping SCM Event Queue.
2022-03-03 08:20:36,906 [Listener at 127.0.0.1/42883] INFO  server.StorageContainerManager (StorageContainerManager.java:stop(1513)) - Stopping SCM HA services.
2022-03-03 08:20:36,907 [Listener at 127.0.0.1/42883] INFO  ha.SCMRatisServerImpl (SCMRatisServerImpl.java:stop(236)) - stopping ratis server 0.0.0.0:39691
2022-03-03 08:20:36,907 [Listener at 127.0.0.1/42883] INFO  server.RaftServer (RaftServerProxy.java:lambda$close$6(391)) - 1ba03041-f5a8-4c87-98f5-638ac16258b5: close
2022-03-03 08:20:36,908 [Listener at 127.0.0.1/42883] INFO  server.GrpcService (GrpcService.java:closeImpl(262)) - 1ba03041-f5a8-4c87-98f5-638ac16258b5: shutdown server with port 39691 now
2022-03-03 08:20:36,910 [grpc-default-executor-2] WARN  server.GrpcServerProtocolService (LogUtils.java:warn(122)) - 1ba03041-f5a8-4c87-98f5-638ac16258b5: installSnapshot onError, lastRequest: e7338982-199b-4e5a-937e-5a36927222d8->1ba03041-f5a8-4c87-98f5-638ac16258b5#40-t2,previous=(t:2, i:29),leaderCommit=29,initializing? true,entries: size=1, first=(t:2, i:30), METADATAENTRY(c:29): org.apache.ratis.thirdparty.io.grpc.StatusRuntimeException: CANCELLED: client cancelled
2022-03-03 08:20:36,911 [grpc-default-executor-1] WARN  server.GrpcLogAppender (LogUtils.java:warn(122)) - e7338982-199b-4e5a-937e-5a36927222d8@group-EB4E8D1567B6->1ba03041-f5a8-4c87-98f5-638ac16258b5-AppendLogResponseHandler: Failed appendEntries: org.apache.ratis.thirdparty.io.grpc.StatusRuntimeException: CANCELLED: HTTP/2 error code: CANCEL
Received Rst Stream
2022-03-03 08:20:36,911 [grpc-default-executor-1] INFO  leader.FollowerInfo (FollowerInfoImpl.java:lambda$new$0(47)) - e7338982-199b-4e5a-937e-5a36927222d8@group-EB4E8D1567B6->1ba03041-f5a8-4c87-98f5-638ac16258b5: nextIndex: updateUnconditionally 31 -> 29
2022-03-03 08:20:36,911 [Listener at 127.0.0.1/42883] INFO  server.GrpcService (GrpcService.java:closeImpl(271)) - 1ba03041-f5a8-4c87-98f5-638ac16258b5: shutdown server with port 39691 successfully
2022-03-03 08:20:36,911 [org.apache.ratis.util.JvmPauseMonitor$$Lambda$503/666911607@7feb4b4a] INFO  util.JvmPauseMonitor (JvmPauseMonitor.java:run(109)) - JvmPauseMonitor-1ba03041-f5a8-4c87-98f5-638ac16258b5: Stopped
2022-03-03 08:20:36,913 [Listener at 127.0.0.1/42883] INFO  pipeline.BackgroundPipelineCreator (BackgroundPipelineCreator.java:stop(158)) - Stopping RatisPipelineUtilsThread.
2022-03-03 08:20:36,914 [Listener at 127.0.0.1/42883] INFO  server.StorageContainerManager (StorageContainerManager.java:stop(1523)) - Stopping SCM MetadataStore.
2022-03-03 08:20:36,915 [Listener at 127.0.0.1/42883] INFO  impl.MetricsSystemImpl (MetricsSystemImpl.java:stop(205)) - StorageContainerManager metrics system stopped (again)
2022-03-03 08:20:36,915 [Listener at 127.0.0.1/42883] INFO  ozone.MiniOzoneHAClusterImpl (MiniOzoneHAClusterImpl.java:stop(316)) - Stopping the StorageContainerManager e7338982-199b-4e5a-937e-5a36927222d8
2022-03-03 08:20:36,915 [Listener at 127.0.0.1/42883] INFO  server.StorageContainerManager (StorageContainerManager.java:stop(1414)) - Stopping Container Balancer service.
2022-03-03 08:20:36,915 [Listener at 127.0.0.1/42883] INFO  balancer.ContainerBalancer (ContainerBalancer.java:stop(788)) - Container Balancer is not running.
2022-03-03 08:20:36,916 [Listener at 127.0.0.1/42883] INFO  server.StorageContainerManager (StorageContainerManager.java:stop(1421)) - Stopping Replication Manager Service.
2022-03-03 08:20:36,916 [Listener at 127.0.0.1/42883] INFO  container.ReplicationManager (ReplicationManager.java:stop(357)) - Stopping Replication Monitor Thread.
2022-03-03 08:20:36,916 [Listener at 127.0.0.1/42883] INFO  server.StorageContainerManager (StorageContainerManager.java:stop(1428)) - Stopping the Datanode Admin Monitor.
2022-03-03 08:20:36,917 [Listener at 127.0.0.1/42883] INFO  server.StorageContainerManager (StorageContainerManager.java:stop(1435)) - Stopping Lease Manager of the command watchers
2022-03-03 08:20:36,917 [Listener at 127.0.0.1/42883] INFO  server.StorageContainerManager (StorageContainerManager.java:stop(1442)) - Stopping datanode service RPC server
2022-03-03 08:20:36,917 [Listener at 127.0.0.1/42883] INFO  server.SCMDatanodeProtocolServer (SCMDatanodeProtocolServer.java:stop(400)) - Stopping the RPC server for DataNodes
2022-03-03 08:20:36,920 [grpc-default-executor-2] WARN  server.GrpcLogAppender (LogUtils.java:warn(122)) - e7338982-199b-4e5a-937e-5a36927222d8@group-EB4E8D1567B6->1ba03041-f5a8-4c87-98f5-638ac16258b5-AppendLogResponseHandler: Failed appendEntries: org.apache.ratis.thirdparty.io.grpc.StatusRuntimeException: UNAVAILABLE: io exception
2022-03-03 08:20:36,922 [Listener at 127.0.0.1/42883] INFO  ipc.Server (Server.java:stop(3414)) - Stopping server on 35645
2022-03-03 08:20:36,923 [grpc-default-executor-2] INFO  leader.FollowerInfo (FollowerInfoImpl.java:lambda$new$0(47)) - e7338982-199b-4e5a-937e-5a36927222d8@group-EB4E8D1567B6->1ba03041-f5a8-4c87-98f5-638ac16258b5: nextIndex: updateUnconditionally 31 -> 29
2022-03-03 08:20:36,936 [IPC Server Responder] INFO  ipc.Server (Server.java:run(1512)) - Stopping IPC Server Responder
2022-03-03 08:20:36,938 [EndpointStateMachine task thread for /127.0.0.1:39861 - 0 ] INFO  ipc.Client (Client.java:handleConnectionFailure(977)) - Retrying connect to server: localhost/127.0.0.1:39861. Already tried 4 time(s); retry policy is RetryUpToMaximumCountWithFixedSleep(maxRetries=15, sleepTime=1000 MILLISECONDS)
2022-03-03 08:20:36,940 [IPC Server listener on 35645] INFO  ipc.Server (Server.java:run(1376)) - Stopping IPC Server listener on 35645
2022-03-03 08:20:36,947 [EndpointStateMachine task thread for /127.0.0.1:45429 - 0 ] INFO  ipc.Client (Client.java:handleConnectionFailure(977)) - Retrying connect to server: localhost/127.0.0.1:45429. Already tried 5 time(s); retry policy is RetryUpToMaximumCountWithFixedSleep(maxRetries=15, sleepTime=1000 MILLISECONDS)
2022-03-03 08:20:37,222 [EndpointStateMachine task thread for /127.0.0.1:35645 - 0 ] WARN  statemachine.EndpointStateMachine (EndpointStateMachine.java:logIfNeeded(236)) - Unable to communicate to SCM server at 127.0.0.1:35645 for past 0 seconds.
java.io.EOFException: End of File Exception between local host is: "fv-az501-749/10.1.0.15"; destination host is: "localhost":35645; : java.io.EOFException; For more details see:  http://wiki.apache.org/hadoop/EOFException
	at sun.reflect.NativeConstructorAccessorImpl.newInstance0(Native Method)
	at sun.reflect.NativeConstructorAccessorImpl.newInstance(NativeConstructorAccessorImpl.java:62)
	at sun.reflect.DelegatingConstructorAccessorImpl.newInstance(DelegatingConstructorAccessorImpl.java:45)
	at java.lang.reflect.Constructor.newInstance(Constructor.java:423)
	at org.apache.hadoop.net.NetUtils.wrapWithMessage(NetUtils.java:913)
	at org.apache.hadoop.net.NetUtils.wrapException(NetUtils.java:862)
	at org.apache.hadoop.ipc.Client.getRpcResponse(Client.java:1577)
	at org.apache.hadoop.ipc.Client.call(Client.java:1519)
	at org.apache.hadoop.ipc.Client.call(Client.java:1416)
	at org.apache.hadoop.ipc.ProtobufRpcEngine$Invoker.invoke(ProtobufRpcEngine.java:236)
	at org.apache.hadoop.ipc.ProtobufRpcEngine$Invoker.invoke(ProtobufRpcEngine.java:123)
	at com.sun.proxy.$Proxy48.submitRequest(Unknown Source)
	at org.apache.hadoop.ozone.protocolPB.StorageContainerDatanodeProtocolClientSideTranslatorPB.submitRequest(StorageContainerDatanodeProtocolClientSideTranslatorPB.java:117)
	at org.apache.hadoop.ozone.protocolPB.StorageContainerDatanodeProtocolClientSideTranslatorPB.sendHeartbeat(StorageContainerDatanodeProtocolClientSideTranslatorPB.java:149)
	at org.apache.hadoop.ozone.container.common.states.endpoint.HeartbeatEndpointTask.call(HeartbeatEndpointTask.java:180)
	at org.apache.hadoop.ozone.container.common.states.endpoint.HeartbeatEndpointTask.call(HeartbeatEndpointTask.java:83)
	at java.util.concurrent.FutureTask.run(FutureTask.java:266)
	at java.util.concurrent.ThreadPoolExecutor.runWorker(ThreadPoolExecutor.java:1149)
	at java.util.concurrent.ThreadPoolExecutor$Worker.run(ThreadPoolExecutor.java:624)
	at java.lang.Thread.run(Thread.java:750)
Caused by: java.io.EOFException
	at java.io.DataInputStream.readInt(DataInputStream.java:392)
	at org.apache.hadoop.ipc.Client$IpcStreams.readResponse(Client.java:1892)
	at org.apache.hadoop.ipc.Client$Connection.receiveRpcResponse(Client.java:1202)
	at org.apache.hadoop.ipc.Client$Connection.run(Client.java:1098)
2022-03-03 08:20:37,862 [EndpointStateMachine task thread for /127.0.0.1:43363 - 0 ] INFO  ipc.Client (Client.java:handleConnectionFailure(977)) - Retrying connect to server: localhost/127.0.0.1:43363. Already tried 5 time(s); retry policy is RetryUpToMaximumCountWithFixedSleep(maxRetries=15, sleepTime=1000 MILLISECONDS)
2022-03-03 08:20:37,938 [EndpointStateMachine task thread for /127.0.0.1:39861 - 0 ] INFO  ipc.Client (Client.java:handleConnectionFailure(977)) - Retrying connect to server: localhost/127.0.0.1:39861. Already tried 5 time(s); retry policy is RetryUpToMaximumCountWithFixedSleep(maxRetries=15, sleepTime=1000 MILLISECONDS)
2022-03-03 08:20:37,947 [EndpointStateMachine task thread for /127.0.0.1:45429 - 0 ] INFO  ipc.Client (Client.java:handleConnectionFailure(977)) - Retrying connect to server: localhost/127.0.0.1:45429. Already tried 6 time(s); retry policy is RetryUpToMaximumCountWithFixedSleep(maxRetries=15, sleepTime=1000 MILLISECONDS)
2022-03-03 08:20:38,221 [EndpointStateMachine task thread for /127.0.0.1:42215 - 0 ] INFO  ipc.Client (Client.java:handleConnectionFailure(977)) - Retrying connect to server: localhost/127.0.0.1:42215. Already tried 0 time(s); retry policy is RetryUpToMaximumCountWithFixedSleep(maxRetries=15, sleepTime=1000 MILLISECONDS)
2022-03-03 08:20:38,231 [EndpointStateMachine task thread for /127.0.0.1:34037 - 0 ] INFO  ipc.Client (Client.java:handleConnectionFailure(977)) - Retrying connect to server: localhost/127.0.0.1:34037. Already tried 0 time(s); retry policy is RetryUpToMaximumCountWithFixedSleep(maxRetries=15, sleepTime=1000 MILLISECONDS)
2022-03-03 08:20:38,492 [EndpointStateMachine task thread for /127.0.0.1:35645 - 0 ] INFO  ipc.Client (Client.java:handleConnectionFailure(977)) - Retrying connect to server: localhost/127.0.0.1:35645. Already tried 0 time(s); retry policy is RetryUpToMaximumCountWithFixedSleep(maxRetries=15, sleepTime=1000 MILLISECONDS)
2022-03-03 08:20:38,863 [EndpointStateMachine task thread for /127.0.0.1:43363 - 0 ] INFO  ipc.Client (Client.java:handleConnectionFailure(977)) - Retrying connect to server: localhost/127.0.0.1:43363. Already tried 6 time(s); retry policy is RetryUpToMaximumCountWithFixedSleep(maxRetries=15, sleepTime=1000 MILLISECONDS)
2022-03-03 08:20:38,940 [EndpointStateMachine task thread for /127.0.0.1:39861 - 0 ] INFO  ipc.Client (Client.java:handleConnectionFailure(977)) - Retrying connect to server: localhost/127.0.0.1:39861. Already tried 6 time(s); retry policy is RetryUpToMaximumCountWithFixedSleep(maxRetries=15, sleepTime=1000 MILLISECONDS)
2022-03-03 08:20:38,948 [EndpointStateMachine task thread for /127.0.0.1:45429 - 0 ] INFO  ipc.Client (Client.java:handleConnectionFailure(977)) - Retrying connect to server: localhost/127.0.0.1:45429. Already tried 7 time(s); retry policy is RetryUpToMaximumCountWithFixedSleep(maxRetries=15, sleepTime=1000 MILLISECONDS)
2022-03-03 08:20:39,223 [EndpointStateMachine task thread for /127.0.0.1:42215 - 0 ] INFO  ipc.Client (Client.java:handleConnectionFailure(977)) - Retrying connect to server: localhost/127.0.0.1:42215. Already tried 1 time(s); retry policy is RetryUpToMaximumCountWithFixedSleep(maxRetries=15, sleepTime=1000 MILLISECONDS)
2022-03-03 08:20:39,234 [EndpointStateMachine task thread for /127.0.0.1:34037 - 0 ] INFO  ipc.Client (Client.java:handleConnectionFailure(977)) - Retrying connect to server: localhost/127.0.0.1:34037. Already tried 1 time(s); retry policy is RetryUpToMaximumCountWithFixedSleep(maxRetries=15, sleepTime=1000 MILLISECONDS)
2022-03-03 08:20:39,284 [grpc-default-executor-0] WARN  server.GrpcLogAppender (LogUtils.java:warn(122)) - e7338982-199b-4e5a-937e-5a36927222d8@group-EB4E8D1567B6->1244aa64-d874-441f-9571-396032220701-AppendLogResponseHandler: Failed appendEntries: org.apache.ratis.thirdparty.io.grpc.StatusRuntimeException: UNAVAILABLE: io exception
2022-03-03 08:20:39,286 [grpc-default-executor-0] INFO  leader.FollowerInfo (FollowerInfoImpl.java:lambda$new$0(47)) - e7338982-199b-4e5a-937e-5a36927222d8@group-EB4E8D1567B6->1244aa64-d874-441f-9571-396032220701: nextIndex: updateUnconditionally 31 -> 30
2022-03-03 08:20:39,419 [grpc-default-executor-0] WARN  server.GrpcLogAppender (LogUtils.java:warn(122)) - e7338982-199b-4e5a-937e-5a36927222d8@group-EB4E8D1567B6->1ba03041-f5a8-4c87-98f5-638ac16258b5-AppendLogResponseHandler: Failed appendEntries: org.apache.ratis.thirdparty.io.grpc.StatusRuntimeException: UNAVAILABLE: io exception
2022-03-03 08:20:39,420 [grpc-default-executor-0] INFO  leader.FollowerInfo (FollowerInfoImpl.java:lambda$new$0(47)) - e7338982-199b-4e5a-937e-5a36927222d8@group-EB4E8D1567B6->1ba03041-f5a8-4c87-98f5-638ac16258b5: nextIndex: updateUnconditionally 31 -> 29
2022-03-03 08:20:39,493 [EndpointStateMachine task thread for /127.0.0.1:35645 - 0 ] INFO  ipc.Client (Client.java:handleConnectionFailure(977)) - Retrying connect to server: localhost/127.0.0.1:35645. Already tried 1 time(s); retry policy is RetryUpToMaximumCountWithFixedSleep(maxRetries=15, sleepTime=1000 MILLISECONDS)
2022-03-03 08:20:39,863 [EndpointStateMachine task thread for /127.0.0.1:43363 - 0 ] INFO  ipc.Client (Client.java:handleConnectionFailure(977)) - Retrying connect to server: localhost/127.0.0.1:43363. Already tried 7 time(s); retry policy is RetryUpToMaximumCountWithFixedSleep(maxRetries=15, sleepTime=1000 MILLISECONDS)
2022-03-03 08:20:39,926 [SCM Heartbeat Processing Thread - 0] WARN  node.NodeStateManager (NodeStateManager.java:scheduleNextHealthCheck(815)) - Current Thread is interrupted, shutting down HB processing thread for Node Manager.
2022-03-03 08:20:39,927 [Listener at 127.0.0.1/42883] INFO  server.StorageContainerManager (StorageContainerManager.java:stop(1450)) - Stopping block service RPC server
2022-03-03 08:20:39,927 [Listener at 127.0.0.1/42883] INFO  server.SCMBlockProtocolServer (SCMBlockProtocolServer.java:stop(160)) - Stopping the RPC server for Block Protocol
2022-03-03 08:20:39,927 [Listener at 127.0.0.1/42883] INFO  ipc.Server (Server.java:stop(3414)) - Stopping server on 44091
2022-03-03 08:20:39,931 [IPC Server listener on 44091] INFO  ipc.Server (Server.java:run(1376)) - Stopping IPC Server listener on 44091
2022-03-03 08:20:39,937 [Listener at 127.0.0.1/42883] INFO  server.StorageContainerManager (StorageContainerManager.java:stop(1457)) - Stopping the StorageContainerLocationProtocol RPC server
2022-03-03 08:20:39,937 [Listener at 127.0.0.1/42883] INFO  server.SCMClientProtocolServer (SCMClientProtocolServer.java:stop(174)) - Stopping the RPC server for Client Protocol
2022-03-03 08:20:39,938 [Listener at 127.0.0.1/42883] INFO  ipc.Server (Server.java:stop(3414)) - Stopping server on 37185
2022-03-03 08:20:39,937 [IPC Server Responder] INFO  ipc.Server (Server.java:run(1512)) - Stopping IPC Server Responder
2022-03-03 08:20:39,940 [EndpointStateMachine task thread for /127.0.0.1:39861 - 0 ] INFO  ipc.Client (Client.java:handleConnectionFailure(977)) - Retrying connect to server: localhost/127.0.0.1:39861. Already tried 7 time(s); retry policy is RetryUpToMaximumCountWithFixedSleep(maxRetries=15, sleepTime=1000 MILLISECONDS)
2022-03-03 08:20:39,947 [IPC Server listener on 37185] INFO  ipc.Server (Server.java:run(1376)) - Stopping IPC Server listener on 37185
2022-03-03 08:20:39,949 [EndpointStateMachine task thread for /127.0.0.1:45429 - 0 ] INFO  ipc.Client (Client.java:handleConnectionFailure(977)) - Retrying connect to server: localhost/127.0.0.1:45429. Already tried 8 time(s); retry policy is RetryUpToMaximumCountWithFixedSleep(maxRetries=15, sleepTime=1000 MILLISECONDS)
2022-03-03 08:20:39,955 [IPC Server Responder] INFO  ipc.Server (Server.java:run(1512)) - Stopping IPC Server Responder
2022-03-03 08:20:39,954 [Listener at 127.0.0.1/42883] INFO  server.StorageContainerManager (StorageContainerManager.java:stop(1464)) - Stopping Storage Container Manager HTTP server.
2022-03-03 08:20:39,962 [Listener at 127.0.0.1/42883] INFO  handler.ContextHandler (ContextHandler.java:doStop(1153)) - Stopped o.e.j.w.WebAppContext@7ba5e21c{scm,/,null,STOPPED}{file:/home/runner/work/ozone/ozone/hadoop-ozone/integration-test/target/test-classes/webapps/scm}
2022-03-03 08:20:39,963 [Listener at 127.0.0.1/42883] INFO  server.AbstractConnector (AbstractConnector.java:doStop(381)) - Stopped ServerConnector@5785b1b7{HTTP/1.1, (http/1.1)}{0.0.0.0:33199}
2022-03-03 08:20:39,963 [Listener at 127.0.0.1/42883] INFO  server.session (HouseKeeper.java:stopScavenging(149)) - node0 Stopped scavenging
2022-03-03 08:20:39,964 [Listener at 127.0.0.1/42883] INFO  handler.ContextHandler (ContextHandler.java:doStop(1153)) - Stopped o.e.j.s.ServletContextHandler@6d21e89c{static,/static,file:///home/runner/work/ozone/ozone/hadoop-ozone/integration-test/target/test-classes/webapps/static,STOPPED}
2022-03-03 08:20:39,964 [Listener at 127.0.0.1/42883] INFO  handler.ContextHandler (ContextHandler.java:doStop(1153)) - Stopped o.e.j.s.ServletContextHandler@7e811458{logs,/logs,file:///home/runner/work/ozone/ozone/hadoop-ozone/integration-test/target/log,STOPPED}
2022-03-03 08:20:39,969 [Listener at 127.0.0.1/42883] INFO  server.StorageContainerManager (StorageContainerManager.java:stop(1475)) - Stopping Block Manager Service.
2022-03-03 08:20:39,969 [Listener at 127.0.0.1/42883] INFO  utils.BackgroundService (BackgroundService.java:shutdown(132)) - Shutting down service SCMBlockDeletingService
2022-03-03 08:20:39,969 [Listener at 127.0.0.1/42883] INFO  utils.BackgroundService (BackgroundService.java:shutdown(132)) - Shutting down service SCMBlockDeletingService
2022-03-03 08:20:39,970 [Listener at 127.0.0.1/42883] INFO  server.StorageContainerManager (StorageContainerManager.java:stop(1502)) - Stopping SCM Event Queue.
2022-03-03 08:20:39,973 [Listener at 127.0.0.1/42883] INFO  server.StorageContainerManager (StorageContainerManager.java:stop(1513)) - Stopping SCM HA services.
2022-03-03 08:20:39,973 [Listener at 127.0.0.1/42883] INFO  ha.SCMRatisServerImpl (SCMRatisServerImpl.java:stop(236)) - stopping ratis server 0.0.0.0:44949
2022-03-03 08:20:39,975 [Listener at 127.0.0.1/42883] INFO  server.RaftServer (RaftServerProxy.java:lambda$close$6(391)) - e7338982-199b-4e5a-937e-5a36927222d8: close
2022-03-03 08:20:39,976 [Listener at 127.0.0.1/42883] INFO  server.RaftServer$Division (RaftServerImpl.java:lambda$close$4(412)) - e7338982-199b-4e5a-937e-5a36927222d8@group-EB4E8D1567B6: shutdown
2022-03-03 08:20:39,976 [Listener at 127.0.0.1/42883] INFO  util.JmxRegister (JmxRegister.java:unregister(73)) - Successfully un-registered JMX Bean with object name Ratis:service=RaftServer,group=group-EB4E8D1567B6,id=e7338982-199b-4e5a-937e-5a36927222d8
2022-03-03 08:20:39,977 [Listener at 127.0.0.1/42883] INFO  impl.RoleInfo (RoleInfo.java:shutdownLeaderState(91)) - e7338982-199b-4e5a-937e-5a36927222d8: shutdown e7338982-199b-4e5a-937e-5a36927222d8@group-EB4E8D1567B6-LeaderStateImpl
2022-03-03 08:20:39,982 [e7338982-199b-4e5a-937e-5a36927222d8@group-EB4E8D1567B6->1ba03041-f5a8-4c87-98f5-638ac16258b5-GrpcLogAppender-LogAppenderDaemon] WARN  server.GrpcLogAppender (GrpcLogAppender.java:mayWait(177)) - e7338982-199b-4e5a-937e-5a36927222d8@group-EB4E8D1567B6->1ba03041-f5a8-4c87-98f5-638ac16258b5-GrpcLogAppender: Wait interrupted by java.lang.InterruptedException
2022-03-03 08:20:39,982 [e7338982-199b-4e5a-937e-5a36927222d8@group-EB4E8D1567B6->1244aa64-d874-441f-9571-396032220701-GrpcLogAppender-LogAppenderDaemon] WARN  server.GrpcLogAppender (GrpcLogAppender.java:mayWait(177)) - e7338982-199b-4e5a-937e-5a36927222d8@group-EB4E8D1567B6->1244aa64-d874-441f-9571-396032220701-GrpcLogAppender: Wait interrupted by java.lang.InterruptedException
2022-03-03 08:20:39,983 [Listener at 127.0.0.1/42883] INFO  impl.PendingRequests (PendingRequests.java:sendNotLeaderResponses(282)) - e7338982-199b-4e5a-937e-5a36927222d8@group-EB4E8D1567B6-PendingRequests: sendNotLeaderResponses
2022-03-03 08:20:39,983 [Listener at 127.0.0.1/42883] INFO  ha.SCMStateMachine (SCMStateMachine.java:notifyNotLeader(190)) - current leader SCM steps down.
2022-03-03 08:20:39,983 [Listener at 127.0.0.1/42883] INFO  ha.SCMContext (SCMContext.java:updateLeaderAndTerm(90)) - update <isLeader,term> from <true,2> to <false,0>
2022-03-03 08:20:39,984 [Listener at 127.0.0.1/42883] INFO  ha.SCMContext (SCMContext.java:updateLeaderAndTerm(97)) - update <isLeaderReady> from <false> to <false>
2022-03-03 08:20:39,985 [Listener at 127.0.0.1/42883] INFO  impl.StateMachineUpdater (StateMachineUpdater.java:stopAndJoin(149)) - e7338982-199b-4e5a-937e-5a36927222d8@group-EB4E8D1567B6-StateMachineUpdater: set stopIndex = 30
2022-03-03 08:20:39,986 [Listener at 127.0.0.1/42883] INFO  server.RaftServer$Division (ServerState.java:close(419)) - e7338982-199b-4e5a-937e-5a36927222d8@group-EB4E8D1567B6: closes. applyIndex: 30
2022-03-03 08:20:39,986 [e7338982-199b-4e5a-937e-5a36927222d8@group-EB4E8D1567B6-SegmentedRaftLogWorker] INFO  segmented.SegmentedRaftLogWorker (SegmentedRaftLogWorker.java:run(327)) - e7338982-199b-4e5a-937e-5a36927222d8@group-EB4E8D1567B6-SegmentedRaftLogWorker was interrupted, exiting. There are 0 tasks remaining in the queue.
2022-03-03 08:20:39,988 [Listener at 127.0.0.1/42883] INFO  segmented.SegmentedRaftLogWorker (SegmentedRaftLogWorker.java:close(237)) - e7338982-199b-4e5a-937e-5a36927222d8@group-EB4E8D1567B6-SegmentedRaftLogWorker close()
2022-03-03 08:20:39,989 [Listener at 127.0.0.1/42883] INFO  server.GrpcService (GrpcService.java:closeImpl(262)) - e7338982-199b-4e5a-937e-5a36927222d8: shutdown server with port 44949 now
2022-03-03 08:20:40,002 [Listener at 127.0.0.1/42883] INFO  server.GrpcService (GrpcService.java:closeImpl(271)) - e7338982-199b-4e5a-937e-5a36927222d8: shutdown server with port 44949 successfully
2022-03-03 08:20:40,004 [org.apache.ratis.util.JvmPauseMonitor$$Lambda$503/666911607@251dd78f] INFO  util.JvmPauseMonitor (JvmPauseMonitor.java:run(109)) - JvmPauseMonitor-e7338982-199b-4e5a-937e-5a36927222d8: Stopped
2022-03-03 08:20:40,008 [Listener at 127.0.0.1/42883] INFO  pipeline.BackgroundPipelineCreator (BackgroundPipelineCreator.java:stop(158)) - Stopping RatisPipelineUtilsThread.
2022-03-03 08:20:40,008 [Listener at 127.0.0.1/42883] INFO  server.StorageContainerManager (StorageContainerManager.java:stop(1523)) - Stopping SCM MetadataStore.
2022-03-03 08:20:40,010 [Listener at 127.0.0.1/42883] INFO  impl.MetricsSystemImpl (MetricsSystemImpl.java:stop(205)) - StorageContainerManager metrics system stopped (again)
2022-03-03 08:20:40,010 [Listener at 127.0.0.1/42883] INFO  ozone.MiniOzoneClusterImpl (MiniOzoneClusterImpl.java:stop(464)) - Stopping the Mini Ozone Cluster
2022-03-03 08:20:40,011 [Listener at 127.0.0.1/42883] INFO  ozone.MiniOzoneClusterImpl (MiniOzoneClusterImpl.java:stopDatanodes(523)) - Stopping the HddsDatanodes
2022-03-03 08:20:40,206 [Datanode State Machine Daemon Thread] WARN  statemachine.StateContext (StateContext.java:setState(250)) - Ignore disallowed transition from SHUTDOWN to RUNNING
2022-03-03 08:20:40,224 [EndpointStateMachine task thread for /127.0.0.1:42215 - 0 ] INFO  ipc.Client (Client.java:handleConnectionFailure(977)) - Retrying connect to server: localhost/127.0.0.1:42215. Already tried 2 time(s); retry policy is RetryUpToMaximumCountWithFixedSleep(maxRetries=15, sleepTime=1000 MILLISECONDS)
2022-03-03 08:20:40,235 [EndpointStateMachine task thread for /127.0.0.1:34037 - 0 ] INFO  ipc.Client (Client.java:handleConnectionFailure(977)) - Retrying connect to server: localhost/127.0.0.1:34037. Already tried 2 time(s); retry policy is RetryUpToMaximumCountWithFixedSleep(maxRetries=15, sleepTime=1000 MILLISECONDS)
2022-03-03 08:20:40,487 [Datanode State Machine Daemon Thread] ERROR datanode.RunningDatanodeState (RunningDatanodeState.java:computeNextContainerState(201)) - Error in executing end point task.
java.util.concurrent.ExecutionException: java.util.concurrent.TimeoutException
	at java.util.concurrent.FutureTask.report(FutureTask.java:122)
	at java.util.concurrent.FutureTask.get(FutureTask.java:192)
	at org.apache.hadoop.ozone.container.common.states.datanode.RunningDatanodeState.computeNextContainerState(RunningDatanodeState.java:193)
	at org.apache.hadoop.ozone.container.common.states.datanode.RunningDatanodeState.await(RunningDatanodeState.java:233)
	at org.apache.hadoop.ozone.container.common.states.datanode.RunningDatanodeState.await(RunningDatanodeState.java:50)
	at org.apache.hadoop.ozone.container.common.statemachine.StateContext.execute(StateContext.java:658)
	at org.apache.hadoop.ozone.container.common.statemachine.DatanodeStateMachine.startStateMachineThread(DatanodeStateMachine.java:283)
	at org.apache.hadoop.ozone.container.common.statemachine.DatanodeStateMachine.lambda$startDaemon$0(DatanodeStateMachine.java:471)
	at java.lang.Thread.run(Thread.java:750)
Caused by: java.util.concurrent.TimeoutException
	at java.util.concurrent.FutureTask.get(FutureTask.java:205)
	at org.apache.hadoop.ozone.container.common.states.datanode.RunningDatanodeState.lambda$execute$0(RunningDatanodeState.java:151)
	at java.util.concurrent.FutureTask.run(FutureTask.java:266)
	at java.util.concurrent.Executors$RunnableAdapter.call(Executors.java:511)
	at java.util.concurrent.FutureTask.run(FutureTask.java:266)
	at java.util.concurrent.ThreadPoolExecutor.runWorker(ThreadPoolExecutor.java:1149)
	at java.util.concurrent.ThreadPoolExecutor$Worker.run(ThreadPoolExecutor.java:624)
	... 1 more
2022-03-03 08:20:40,489 [Datanode State Machine Daemon Thread] WARN  statemachine.StateContext (StateContext.java:setState(250)) - Ignore disallowed transition from SHUTDOWN to RUNNING
2022-03-03 08:20:40,494 [EndpointStateMachine task thread for /127.0.0.1:35645 - 0 ] INFO  ipc.Client (Client.java:handleConnectionFailure(977)) - Retrying connect to server: localhost/127.0.0.1:35645. Already tried 2 time(s); retry policy is RetryUpToMaximumCountWithFixedSleep(maxRetries=15, sleepTime=1000 MILLISECONDS)
2022-03-03 08:20:40,864 [EndpointStateMachine task thread for /127.0.0.1:43363 - 0 ] INFO  ipc.Client (Client.java:handleConnectionFailure(977)) - Retrying connect to server: localhost/127.0.0.1:43363. Already tried 8 time(s); retry policy is RetryUpToMaximumCountWithFixedSleep(maxRetries=15, sleepTime=1000 MILLISECONDS)
2022-03-03 08:20:40,941 [EndpointStateMachine task thread for /127.0.0.1:39861 - 0 ] INFO  ipc.Client (Client.java:handleConnectionFailure(977)) - Retrying connect to server: localhost/127.0.0.1:39861. Already tried 8 time(s); retry policy is RetryUpToMaximumCountWithFixedSleep(maxRetries=15, sleepTime=1000 MILLISECONDS)
2022-03-03 08:20:40,956 [EndpointStateMachine task thread for /127.0.0.1:45429 - 0 ] INFO  ipc.Client (Client.java:handleConnectionFailure(977)) - Retrying connect to server: localhost/127.0.0.1:45429. Already tried 9 time(s); retry policy is RetryUpToMaximumCountWithFixedSleep(maxRetries=15, sleepTime=1000 MILLISECONDS)
2022-03-03 08:20:41,225 [EndpointStateMachine task thread for /127.0.0.1:42215 - 0 ] INFO  ipc.Client (Client.java:handleConnectionFailure(977)) - Retrying connect to server: localhost/127.0.0.1:42215. Already tried 3 time(s); retry policy is RetryUpToMaximumCountWithFixedSleep(maxRetries=15, sleepTime=1000 MILLISECONDS)
2022-03-03 08:20:41,236 [EndpointStateMachine task thread for /127.0.0.1:34037 - 0 ] INFO  ipc.Client (Client.java:handleConnectionFailure(977)) - Retrying connect to server: localhost/127.0.0.1:34037. Already tried 3 time(s); retry policy is RetryUpToMaximumCountWithFixedSleep(maxRetries=15, sleepTime=1000 MILLISECONDS)
2022-03-03 08:20:41,494 [EndpointStateMachine task thread for /127.0.0.1:35645 - 0 ] INFO  ipc.Client (Client.java:handleConnectionFailure(977)) - Retrying connect to server: localhost/127.0.0.1:35645. Already tried 3 time(s); retry policy is RetryUpToMaximumCountWithFixedSleep(maxRetries=15, sleepTime=1000 MILLISECONDS)
2022-03-03 08:20:41,865 [EndpointStateMachine task thread for /127.0.0.1:43363 - 0 ] INFO  ipc.Client (Client.java:handleConnectionFailure(977)) - Retrying connect to server: localhost/127.0.0.1:43363. Already tried 9 time(s); retry policy is RetryUpToMaximumCountWithFixedSleep(maxRetries=15, sleepTime=1000 MILLISECONDS)
2022-03-03 08:20:41,941 [EndpointStateMachine task thread for /127.0.0.1:39861 - 0 ] INFO  ipc.Client (Client.java:handleConnectionFailure(977)) - Retrying connect to server: localhost/127.0.0.1:39861. Already tried 9 time(s); retry policy is RetryUpToMaximumCountWithFixedSleep(maxRetries=15, sleepTime=1000 MILLISECONDS)
2022-03-03 08:20:41,957 [EndpointStateMachine task thread for /127.0.0.1:45429 - 0 ] INFO  ipc.Client (Client.java:handleConnectionFailure(977)) - Retrying connect to server: localhost/127.0.0.1:45429. Already tried 10 time(s); retry policy is RetryUpToMaximumCountWithFixedSleep(maxRetries=15, sleepTime=1000 MILLISECONDS)
2022-03-03 08:20:42,225 [EndpointStateMachine task thread for /127.0.0.1:42215 - 0 ] INFO  ipc.Client (Client.java:handleConnectionFailure(977)) - Retrying connect to server: localhost/127.0.0.1:42215. Already tried 4 time(s); retry policy is RetryUpToMaximumCountWithFixedSleep(maxRetries=15, sleepTime=1000 MILLISECONDS)
2022-03-03 08:20:42,237 [EndpointStateMachine task thread for /127.0.0.1:34037 - 0 ] INFO  ipc.Client (Client.java:handleConnectionFailure(977)) - Retrying connect to server: localhost/127.0.0.1:34037. Already tried 4 time(s); retry policy is RetryUpToMaximumCountWithFixedSleep(maxRetries=15, sleepTime=1000 MILLISECONDS)
2022-03-03 08:20:42,495 [EndpointStateMachine task thread for /127.0.0.1:35645 - 0 ] INFO  ipc.Client (Client.java:handleConnectionFailure(977)) - Retrying connect to server: localhost/127.0.0.1:35645. Already tried 4 time(s); retry policy is RetryUpToMaximumCountWithFixedSleep(maxRetries=15, sleepTime=1000 MILLISECONDS)
2022-03-03 08:20:42,866 [EndpointStateMachine task thread for /127.0.0.1:43363 - 0 ] INFO  ipc.Client (Client.java:handleConnectionFailure(977)) - Retrying connect to server: localhost/127.0.0.1:43363. Already tried 10 time(s); retry policy is RetryUpToMaximumCountWithFixedSleep(maxRetries=15, sleepTime=1000 MILLISECONDS)
2022-03-03 08:20:42,942 [EndpointStateMachine task thread for /127.0.0.1:39861 - 0 ] INFO  ipc.Client (Client.java:handleConnectionFailure(977)) - Retrying connect to server: localhost/127.0.0.1:39861. Already tried 10 time(s); retry policy is RetryUpToMaximumCountWithFixedSleep(maxRetries=15, sleepTime=1000 MILLISECONDS)
2022-03-03 08:20:42,957 [EndpointStateMachine task thread for /127.0.0.1:45429 - 0 ] INFO  ipc.Client (Client.java:handleConnectionFailure(977)) - Retrying connect to server: localhost/127.0.0.1:45429. Already tried 11 time(s); retry policy is RetryUpToMaximumCountWithFixedSleep(maxRetries=15, sleepTime=1000 MILLISECONDS)
2022-03-03 08:20:43,226 [EndpointStateMachine task thread for /127.0.0.1:42215 - 0 ] INFO  ipc.Client (Client.java:handleConnectionFailure(977)) - Retrying connect to server: localhost/127.0.0.1:42215. Already tried 5 time(s); retry policy is RetryUpToMaximumCountWithFixedSleep(maxRetries=15, sleepTime=1000 MILLISECONDS)
2022-03-03 08:20:43,237 [EndpointStateMachine task thread for /127.0.0.1:34037 - 0 ] INFO  ipc.Client (Client.java:handleConnectionFailure(977)) - Retrying connect to server: localhost/127.0.0.1:34037. Already tried 5 time(s); retry policy is RetryUpToMaximumCountWithFixedSleep(maxRetries=15, sleepTime=1000 MILLISECONDS)
2022-03-03 08:20:43,496 [EndpointStateMachine task thread for /127.0.0.1:35645 - 0 ] INFO  ipc.Client (Client.java:handleConnectionFailure(977)) - Retrying connect to server: localhost/127.0.0.1:35645. Already tried 5 time(s); retry policy is RetryUpToMaximumCountWithFixedSleep(maxRetries=15, sleepTime=1000 MILLISECONDS)
2022-03-03 08:20:43,888 [EndpointStateMachine task thread for /127.0.0.1:43363 - 0 ] INFO  ipc.Client (Client.java:handleConnectionFailure(977)) - Retrying connect to server: localhost/127.0.0.1:43363. Already tried 11 time(s); retry policy is RetryUpToMaximumCountWithFixedSleep(maxRetries=15, sleepTime=1000 MILLISECONDS)
2022-03-03 08:20:43,945 [EndpointStateMachine task thread for /127.0.0.1:39861 - 0 ] INFO  ipc.Client (Client.java:handleConnectionFailure(977)) - Retrying connect to server: localhost/127.0.0.1:39861. Already tried 11 time(s); retry policy is RetryUpToMaximumCountWithFixedSleep(maxRetries=15, sleepTime=1000 MILLISECONDS)
2022-03-03 08:20:43,958 [EndpointStateMachine task thread for /127.0.0.1:45429 - 0 ] INFO  ipc.Client (Client.java:handleConnectionFailure(977)) - Retrying connect to server: localhost/127.0.0.1:45429. Already tried 12 time(s); retry policy is RetryUpToMaximumCountWithFixedSleep(maxRetries=15, sleepTime=1000 MILLISECONDS)
2022-03-03 08:20:44,227 [EndpointStateMachine task thread for /127.0.0.1:42215 - 0 ] INFO  ipc.Client (Client.java:handleConnectionFailure(977)) - Retrying connect to server: localhost/127.0.0.1:42215. Already tried 6 time(s); retry policy is RetryUpToMaximumCountWithFixedSleep(maxRetries=15, sleepTime=1000 MILLISECONDS)
2022-03-03 08:20:44,238 [EndpointStateMachine task thread for /127.0.0.1:34037 - 0 ] INFO  ipc.Client (Client.java:handleConnectionFailure(977)) - Retrying connect to server: localhost/127.0.0.1:34037. Already tried 6 time(s); retry policy is RetryUpToMaximumCountWithFixedSleep(maxRetries=15, sleepTime=1000 MILLISECONDS)
2022-03-03 08:20:44,496 [EndpointStateMachine task thread for /127.0.0.1:35645 - 0 ] INFO  ipc.Client (Client.java:handleConnectionFailure(977)) - Retrying connect to server: localhost/127.0.0.1:35645. Already tried 6 time(s); retry policy is RetryUpToMaximumCountWithFixedSleep(maxRetries=15, sleepTime=1000 MILLISECONDS)
2022-03-03 08:20:44,889 [EndpointStateMachine task thread for /127.0.0.1:43363 - 0 ] INFO  ipc.Client (Client.java:handleConnectionFailure(977)) - Retrying connect to server: localhost/127.0.0.1:43363. Already tried 12 time(s); retry policy is RetryUpToMaximumCountWithFixedSleep(maxRetries=15, sleepTime=1000 MILLISECONDS)
2022-03-03 08:20:44,946 [EndpointStateMachine task thread for /127.0.0.1:39861 - 0 ] INFO  ipc.Client (Client.java:handleConnectionFailure(977)) - Retrying connect to server: localhost/127.0.0.1:39861. Already tried 12 time(s); retry policy is RetryUpToMaximumCountWithFixedSleep(maxRetries=15, sleepTime=1000 MILLISECONDS)
2022-03-03 08:20:44,959 [EndpointStateMachine task thread for /127.0.0.1:45429 - 0 ] INFO  ipc.Client (Client.java:handleConnectionFailure(977)) - Retrying connect to server: localhost/127.0.0.1:45429. Already tried 13 time(s); retry policy is RetryUpToMaximumCountWithFixedSleep(maxRetries=15, sleepTime=1000 MILLISECONDS)
2022-03-03 08:20:45,012 [Listener at 127.0.0.1/42883] INFO  ozoneimpl.OzoneContainer (OzoneContainer.java:stop(356)) - Attempting to stop container services.
2022-03-03 08:20:45,013 [ForkJoinPool.commonPool-worker-1] INFO  ozoneimpl.OzoneContainer (OzoneContainer.java:stop(356)) - Attempting to stop container services.
2022-03-03 08:20:45,013 [ForkJoinPool.commonPool-worker-1] INFO  server.RaftServer (RaftServerProxy.java:lambda$close$6(391)) - b80209a9-e74f-462d-bd7e-a1c457e8621c: close
2022-03-03 08:20:45,014 [ForkJoinPool.commonPool-worker-1] INFO  server.RaftServer$Division (RaftServerImpl.java:lambda$close$4(412)) - b80209a9-e74f-462d-bd7e-a1c457e8621c@group-D680B8283E93: shutdown
2022-03-03 08:20:45,014 [ForkJoinPool.commonPool-worker-1] INFO  util.JmxRegister (JmxRegister.java:unregister(73)) - Successfully un-registered JMX Bean with object name Ratis:service=RaftServer,group=group-D680B8283E93,id=b80209a9-e74f-462d-bd7e-a1c457e8621c
2022-03-03 08:20:45,014 [ForkJoinPool.commonPool-worker-1] INFO  impl.RoleInfo (RoleInfo.java:shutdownLeaderState(91)) - b80209a9-e74f-462d-bd7e-a1c457e8621c: shutdown b80209a9-e74f-462d-bd7e-a1c457e8621c@group-D680B8283E93-LeaderStateImpl
2022-03-03 08:20:45,014 [ForkJoinPool.commonPool-worker-1] INFO  impl.PendingRequests (PendingRequests.java:sendNotLeaderResponses(282)) - b80209a9-e74f-462d-bd7e-a1c457e8621c@group-D680B8283E93-PendingRequests: sendNotLeaderResponses
2022-03-03 08:20:45,015 [ForkJoinPool.commonPool-worker-1] INFO  impl.StateMachineUpdater (StateMachineUpdater.java:stopAndJoin(149)) - b80209a9-e74f-462d-bd7e-a1c457e8621c@group-D680B8283E93-StateMachineUpdater: set stopIndex = 0
2022-03-03 08:20:45,015 [b80209a9-e74f-462d-bd7e-a1c457e8621c@group-D680B8283E93-StateMachineUpdater] INFO  ratis.ContainerStateMachine (ContainerStateMachine.java:takeSnapshot(304)) - group-D680B8283E93: Taking a snapshot at:(t:1, i:0) file /home/runner/work/ozone/ozone/hadoop-ozone/integration-test/target/test-dir/MiniOzoneClusterImpl-5b82a1ad-a074-4eb8-9e24-eb4e8d1567b6/datanode-0/data/ratis/8dbb7c1b-beb8-4e3c-880e-d680b8283e93/sm/snapshot.1_0
2022-03-03 08:20:45,015 [Listener at 127.0.0.1/42883] INFO  server.RaftServer (RaftServerProxy.java:lambda$close$6(391)) - bbb996b9-cb57-429e-b9a5-f900bfe28cb3: close
2022-03-03 08:20:45,016 [Listener at 127.0.0.1/42883] INFO  server.RaftServer$Division (RaftServerImpl.java:lambda$close$4(412)) - bbb996b9-cb57-429e-b9a5-f900bfe28cb3@group-A675EEA9AB58: shutdown
2022-03-03 08:20:45,016 [Listener at 127.0.0.1/42883] INFO  util.JmxRegister (JmxRegister.java:unregister(73)) - Successfully un-registered JMX Bean with object name Ratis:service=RaftServer,group=group-A675EEA9AB58,id=bbb996b9-cb57-429e-b9a5-f900bfe28cb3
2022-03-03 08:20:45,016 [Listener at 127.0.0.1/42883] INFO  impl.RoleInfo (RoleInfo.java:shutdownLeaderState(91)) - bbb996b9-cb57-429e-b9a5-f900bfe28cb3: shutdown bbb996b9-cb57-429e-b9a5-f900bfe28cb3@group-A675EEA9AB58-LeaderStateImpl
2022-03-03 08:20:45,016 [Listener at 127.0.0.1/42883] INFO  impl.PendingRequests (PendingRequests.java:sendNotLeaderResponses(282)) - bbb996b9-cb57-429e-b9a5-f900bfe28cb3@group-A675EEA9AB58-PendingRequests: sendNotLeaderResponses
2022-03-03 08:20:45,017 [b80209a9-e74f-462d-bd7e-a1c457e8621c@group-D680B8283E93-StateMachineUpdater] INFO  ratis.ContainerStateMachine (ContainerStateMachine.java:takeSnapshot(315)) - group-D680B8283E93: Finished taking a snapshot at:(t:1, i:0) file:/home/runner/work/ozone/ozone/hadoop-ozone/integration-test/target/test-dir/MiniOzoneClusterImpl-5b82a1ad-a074-4eb8-9e24-eb4e8d1567b6/datanode-0/data/ratis/8dbb7c1b-beb8-4e3c-880e-d680b8283e93/sm/snapshot.1_0 took: 2 ms
2022-03-03 08:20:45,018 [b80209a9-e74f-462d-bd7e-a1c457e8621c@group-D680B8283E93-StateMachineUpdater] INFO  impl.StateMachineUpdater (StateMachineUpdater.java:takeSnapshot(281)) - b80209a9-e74f-462d-bd7e-a1c457e8621c@group-D680B8283E93-StateMachineUpdater: Took a snapshot at index 0
2022-03-03 08:20:45,018 [b80209a9-e74f-462d-bd7e-a1c457e8621c@group-D680B8283E93-StateMachineUpdater] INFO  impl.StateMachineUpdater (StateMachineUpdater.java:lambda$new$0(89)) - b80209a9-e74f-462d-bd7e-a1c457e8621c@group-D680B8283E93-StateMachineUpdater: snapshotIndex: updateIncreasingly -1 -> 0
2022-03-03 08:20:45,022 [ForkJoinPool.commonPool-worker-1] INFO  server.RaftServer$Division (ServerState.java:close(419)) - b80209a9-e74f-462d-bd7e-a1c457e8621c@group-D680B8283E93: closes. applyIndex: 0
2022-03-03 08:20:45,022 [b80209a9-e74f-462d-bd7e-a1c457e8621c@group-D680B8283E93-SegmentedRaftLogWorker] INFO  segmented.SegmentedRaftLogWorker (SegmentedRaftLogWorker.java:run(327)) - b80209a9-e74f-462d-bd7e-a1c457e8621c@group-D680B8283E93-SegmentedRaftLogWorker was interrupted, exiting. There are 0 tasks remaining in the queue.
2022-03-03 08:20:45,024 [ForkJoinPool.commonPool-worker-1] INFO  segmented.SegmentedRaftLogWorker (SegmentedRaftLogWorker.java:close(237)) - b80209a9-e74f-462d-bd7e-a1c457e8621c@group-D680B8283E93-SegmentedRaftLogWorker close()
2022-03-03 08:20:45,026 [bbb996b9-cb57-429e-b9a5-f900bfe28cb3@group-A675EEA9AB58-StateMachineUpdater] INFO  ratis.ContainerStateMachine (ContainerStateMachine.java:takeSnapshot(304)) - group-A675EEA9AB58: Taking a snapshot at:(t:1, i:0) file /home/runner/work/ozone/ozone/hadoop-ozone/integration-test/target/test-dir/MiniOzoneClusterImpl-5b82a1ad-a074-4eb8-9e24-eb4e8d1567b6/datanode-1/data/ratis/608722da-63ea-48e0-a2c4-a675eea9ab58/sm/snapshot.1_0
2022-03-03 08:20:45,026 [ForkJoinPool.commonPool-worker-1] INFO  server.RaftServer$Division (RaftServerImpl.java:lambda$close$4(412)) - b80209a9-e74f-462d-bd7e-a1c457e8621c@group-904C6079E864: shutdown
2022-03-03 08:20:45,027 [ForkJoinPool.commonPool-worker-1] INFO  util.JmxRegister (JmxRegister.java:unregister(73)) - Successfully un-registered JMX Bean with object name Ratis:service=RaftServer,group=group-904C6079E864,id=b80209a9-e74f-462d-bd7e-a1c457e8621c
2022-03-03 08:20:45,027 [ForkJoinPool.commonPool-worker-1] INFO  impl.RoleInfo (RoleInfo.java:shutdownLeaderState(91)) - b80209a9-e74f-462d-bd7e-a1c457e8621c: shutdown b80209a9-e74f-462d-bd7e-a1c457e8621c@group-904C6079E864-LeaderStateImpl
2022-03-03 08:20:45,027 [b80209a9-e74f-462d-bd7e-a1c457e8621c@group-904C6079E864->bbb996b9-cb57-429e-b9a5-f900bfe28cb3-GrpcLogAppender-LogAppenderDaemon] WARN  server.GrpcLogAppender (GrpcLogAppender.java:mayWait(177)) - b80209a9-e74f-462d-bd7e-a1c457e8621c@group-904C6079E864->bbb996b9-cb57-429e-b9a5-f900bfe28cb3-GrpcLogAppender: Wait interrupted by java.lang.InterruptedException
2022-03-03 08:20:45,027 [b80209a9-e74f-462d-bd7e-a1c457e8621c@group-904C6079E864->abae3395-e125-494e-95ee-7e13e0096d36-GrpcLogAppender-LogAppenderDaemon] WARN  server.GrpcLogAppender (GrpcLogAppender.java:mayWait(177)) - b80209a9-e74f-462d-bd7e-a1c457e8621c@group-904C6079E864->abae3395-e125-494e-95ee-7e13e0096d36-GrpcLogAppender: Wait interrupted by java.lang.InterruptedException
2022-03-03 08:20:45,028 [grpc-default-executor-2] INFO  server.GrpcServerProtocolService (GrpcServerProtocolService.java:onCompleted(140)) - abae3395-e125-494e-95ee-7e13e0096d36: Completed APPEND_ENTRIES, lastRequest: b80209a9-e74f-462d-bd7e-a1c457e8621c->abae3395-e125-494e-95ee-7e13e0096d36#1-t3,previous=(t:0, i:0),leaderCommit=0,initializing? true,entries: size=1, first=(t:3, i:0), CONFIGURATIONENTRY
2022-03-03 08:20:45,028 [bbb996b9-cb57-429e-b9a5-f900bfe28cb3@group-A675EEA9AB58-StateMachineUpdater] INFO  ratis.ContainerStateMachine (ContainerStateMachine.java:takeSnapshot(315)) - group-A675EEA9AB58: Finished taking a snapshot at:(t:1, i:0) file:/home/runner/work/ozone/ozone/hadoop-ozone/integration-test/target/test-dir/MiniOzoneClusterImpl-5b82a1ad-a074-4eb8-9e24-eb4e8d1567b6/datanode-1/data/ratis/608722da-63ea-48e0-a2c4-a675eea9ab58/sm/snapshot.1_0 took: 2 ms
2022-03-03 08:20:45,028 [bbb996b9-cb57-429e-b9a5-f900bfe28cb3@group-A675EEA9AB58-StateMachineUpdater] INFO  impl.StateMachineUpdater (StateMachineUpdater.java:takeSnapshot(281)) - bbb996b9-cb57-429e-b9a5-f900bfe28cb3@group-A675EEA9AB58-StateMachineUpdater: Took a snapshot at index 0
2022-03-03 08:20:45,029 [bbb996b9-cb57-429e-b9a5-f900bfe28cb3@group-A675EEA9AB58-StateMachineUpdater] INFO  impl.StateMachineUpdater (StateMachineUpdater.java:lambda$new$0(89)) - bbb996b9-cb57-429e-b9a5-f900bfe28cb3@group-A675EEA9AB58-StateMachineUpdater: snapshotIndex: updateIncreasingly -1 -> 0
2022-03-03 08:20:45,031 [grpc-default-executor-2] INFO  server.GrpcLogAppender (GrpcLogAppender.java:onCompleted(346)) - b80209a9-e74f-462d-bd7e-a1c457e8621c@group-904C6079E864->abae3395-e125-494e-95ee-7e13e0096d36-AppendLogResponseHandler: follower responses appendEntries COMPLETED
2022-03-03 08:20:45,031 [grpc-default-executor-2] INFO  leader.FollowerInfo (FollowerInfoImpl.java:lambda$new$0(47)) - b80209a9-e74f-462d-bd7e-a1c457e8621c@group-904C6079E864->abae3395-e125-494e-95ee-7e13e0096d36: nextIndex: updateUnconditionally 1 -> 0
2022-03-03 08:20:45,032 [Listener at 127.0.0.1/42883] INFO  impl.StateMachineUpdater (StateMachineUpdater.java:stopAndJoin(149)) - bbb996b9-cb57-429e-b9a5-f900bfe28cb3@group-A675EEA9AB58-StateMachineUpdater: set stopIndex = 0
2022-03-03 08:20:45,032 [Listener at 127.0.0.1/42883] INFO  server.RaftServer$Division (ServerState.java:close(419)) - bbb996b9-cb57-429e-b9a5-f900bfe28cb3@group-A675EEA9AB58: closes. applyIndex: 0
2022-03-03 08:20:45,027 [ForkJoinPool.commonPool-worker-1] INFO  impl.PendingRequests (PendingRequests.java:sendNotLeaderResponses(282)) - b80209a9-e74f-462d-bd7e-a1c457e8621c@group-904C6079E864-PendingRequests: sendNotLeaderResponses
2022-03-03 08:20:45,028 [grpc-default-executor-0] INFO  server.GrpcServerProtocolService (GrpcServerProtocolService.java:onCompleted(140)) - bbb996b9-cb57-429e-b9a5-f900bfe28cb3: Completed APPEND_ENTRIES, lastRequest: b80209a9-e74f-462d-bd7e-a1c457e8621c->bbb996b9-cb57-429e-b9a5-f900bfe28cb3#1-t3,previous=(t:0, i:0),leaderCommit=0,initializing? true,entries: size=1, first=(t:3, i:0), CONFIGURATIONENTRY
2022-03-03 08:20:45,041 [bbb996b9-cb57-429e-b9a5-f900bfe28cb3@group-A675EEA9AB58-SegmentedRaftLogWorker] INFO  segmented.SegmentedRaftLogWorker (SegmentedRaftLogWorker.java:run(327)) - bbb996b9-cb57-429e-b9a5-f900bfe28cb3@group-A675EEA9AB58-SegmentedRaftLogWorker was interrupted, exiting. There are 0 tasks remaining in the queue.
2022-03-03 08:20:45,042 [Listener at 127.0.0.1/42883] INFO  segmented.SegmentedRaftLogWorker (SegmentedRaftLogWorker.java:close(237)) - bbb996b9-cb57-429e-b9a5-f900bfe28cb3@group-A675EEA9AB58-SegmentedRaftLogWorker close()
2022-03-03 08:20:45,045 [Listener at 127.0.0.1/42883] INFO  server.RaftServer$Division (RaftServerImpl.java:lambda$close$4(412)) - bbb996b9-cb57-429e-b9a5-f900bfe28cb3@group-904C6079E864: shutdown
2022-03-03 08:20:45,045 [Listener at 127.0.0.1/42883] INFO  util.JmxRegister (JmxRegister.java:unregister(73)) - Successfully un-registered JMX Bean with object name Ratis:service=RaftServer,group=group-904C6079E864,id=bbb996b9-cb57-429e-b9a5-f900bfe28cb3
2022-03-03 08:20:45,045 [Listener at 127.0.0.1/42883] INFO  impl.RoleInfo (RoleInfo.java:shutdownFollowerState(108)) - bbb996b9-cb57-429e-b9a5-f900bfe28cb3: shutdown bbb996b9-cb57-429e-b9a5-f900bfe28cb3@group-904C6079E864-FollowerState
2022-03-03 08:20:45,046 [Listener at 127.0.0.1/42883] INFO  impl.StateMachineUpdater (StateMachineUpdater.java:stopAndJoin(149)) - bbb996b9-cb57-429e-b9a5-f900bfe28cb3@group-904C6079E864-StateMachineUpdater: set stopIndex = 0
2022-03-03 08:20:45,046 [grpc-default-executor-0] INFO  server.GrpcLogAppender (GrpcLogAppender.java:onCompleted(346)) - b80209a9-e74f-462d-bd7e-a1c457e8621c@group-904C6079E864->bbb996b9-cb57-429e-b9a5-f900bfe28cb3-AppendLogResponseHandler: follower responses appendEntries COMPLETED
2022-03-03 08:20:45,046 [grpc-default-executor-0] INFO  leader.FollowerInfo (FollowerInfoImpl.java:lambda$new$0(47)) - b80209a9-e74f-462d-bd7e-a1c457e8621c@group-904C6079E864->bbb996b9-cb57-429e-b9a5-f900bfe28cb3: nextIndex: updateUnconditionally 1 -> 0
2022-03-03 08:20:45,046 [bbb996b9-cb57-429e-b9a5-f900bfe28cb3@group-904C6079E864-FollowerState] INFO  impl.FollowerState (FollowerState.java:run(143)) - bbb996b9-cb57-429e-b9a5-f900bfe28cb3@group-904C6079E864-FollowerState was interrupted: {}
java.lang.InterruptedException: sleep interrupted
	at java.lang.Thread.sleep(Native Method)
	at java.lang.Thread.sleep(Thread.java:342)
	at java.util.concurrent.TimeUnit.sleep(TimeUnit.java:386)
	at org.apache.ratis.util.TimeDuration.sleep(TimeDuration.java:324)
	at org.apache.ratis.util.TimeDuration.sleep(TimeDuration.java:309)
	at org.apache.ratis.server.impl.FollowerState.run(FollowerState.java:118)
2022-03-03 08:20:45,046 [b80209a9-e74f-462d-bd7e-a1c457e8621c@group-904C6079E864-StateMachineUpdater] INFO  ratis.ContainerStateMachine (ContainerStateMachine.java:takeSnapshot(304)) - group-904C6079E864: Taking a snapshot at:(t:3, i:0) file /home/runner/work/ozone/ozone/hadoop-ozone/integration-test/target/test-dir/MiniOzoneClusterImpl-5b82a1ad-a074-4eb8-9e24-eb4e8d1567b6/datanode-0/data/ratis/e4306fd5-4074-480c-9276-904c6079e864/sm/snapshot.3_0
2022-03-03 08:20:45,047 [bbb996b9-cb57-429e-b9a5-f900bfe28cb3@group-904C6079E864-StateMachineUpdater] INFO  ratis.ContainerStateMachine (ContainerStateMachine.java:takeSnapshot(304)) - group-904C6079E864: Taking a snapshot at:(t:3, i:0) file /home/runner/work/ozone/ozone/hadoop-ozone/integration-test/target/test-dir/MiniOzoneClusterImpl-5b82a1ad-a074-4eb8-9e24-eb4e8d1567b6/datanode-1/data/ratis/e4306fd5-4074-480c-9276-904c6079e864/sm/snapshot.3_0
2022-03-03 08:20:45,047 [ForkJoinPool.commonPool-worker-1] INFO  impl.StateMachineUpdater (StateMachineUpdater.java:stopAndJoin(149)) - b80209a9-e74f-462d-bd7e-a1c457e8621c@group-904C6079E864-StateMachineUpdater: set stopIndex = 0
2022-03-03 08:20:45,047 [b80209a9-e74f-462d-bd7e-a1c457e8621c@group-904C6079E864-StateMachineUpdater] INFO  ratis.ContainerStateMachine (ContainerStateMachine.java:takeSnapshot(315)) - group-904C6079E864: Finished taking a snapshot at:(t:3, i:0) file:/home/runner/work/ozone/ozone/hadoop-ozone/integration-test/target/test-dir/MiniOzoneClusterImpl-5b82a1ad-a074-4eb8-9e24-eb4e8d1567b6/datanode-0/data/ratis/e4306fd5-4074-480c-9276-904c6079e864/sm/snapshot.3_0 took: 1 ms
2022-03-03 08:20:45,048 [b80209a9-e74f-462d-bd7e-a1c457e8621c@group-904C6079E864-StateMachineUpdater] INFO  impl.StateMachineUpdater (StateMachineUpdater.java:takeSnapshot(281)) - b80209a9-e74f-462d-bd7e-a1c457e8621c@group-904C6079E864-StateMachineUpdater: Took a snapshot at index 0
2022-03-03 08:20:45,048 [b80209a9-e74f-462d-bd7e-a1c457e8621c@group-904C6079E864-StateMachineUpdater] INFO  impl.StateMachineUpdater (StateMachineUpdater.java:lambda$new$0(89)) - b80209a9-e74f-462d-bd7e-a1c457e8621c@group-904C6079E864-StateMachineUpdater: snapshotIndex: updateIncreasingly -1 -> 0
2022-03-03 08:20:45,048 [bbb996b9-cb57-429e-b9a5-f900bfe28cb3@group-904C6079E864-StateMachineUpdater] INFO  ratis.ContainerStateMachine (ContainerStateMachine.java:takeSnapshot(315)) - group-904C6079E864: Finished taking a snapshot at:(t:3, i:0) file:/home/runner/work/ozone/ozone/hadoop-ozone/integration-test/target/test-dir/MiniOzoneClusterImpl-5b82a1ad-a074-4eb8-9e24-eb4e8d1567b6/datanode-1/data/ratis/e4306fd5-4074-480c-9276-904c6079e864/sm/snapshot.3_0 took: 2 ms
2022-03-03 08:20:45,049 [bbb996b9-cb57-429e-b9a5-f900bfe28cb3@group-904C6079E864-StateMachineUpdater] INFO  impl.StateMachineUpdater (StateMachineUpdater.java:takeSnapshot(281)) - bbb996b9-cb57-429e-b9a5-f900bfe28cb3@group-904C6079E864-StateMachineUpdater: Took a snapshot at index 0
2022-03-03 08:20:45,049 [bbb996b9-cb57-429e-b9a5-f900bfe28cb3@group-904C6079E864-StateMachineUpdater] INFO  impl.StateMachineUpdater (StateMachineUpdater.java:lambda$new$0(89)) - bbb996b9-cb57-429e-b9a5-f900bfe28cb3@group-904C6079E864-StateMachineUpdater: snapshotIndex: updateIncreasingly -1 -> 0
2022-03-03 08:20:45,049 [Listener at 127.0.0.1/42883] INFO  server.RaftServer$Division (ServerState.java:close(419)) - bbb996b9-cb57-429e-b9a5-f900bfe28cb3@group-904C6079E864: closes. applyIndex: 0
2022-03-03 08:20:45,049 [ForkJoinPool.commonPool-worker-1] INFO  server.RaftServer$Division (ServerState.java:close(419)) - b80209a9-e74f-462d-bd7e-a1c457e8621c@group-904C6079E864: closes. applyIndex: 0
2022-03-03 08:20:45,049 [bbb996b9-cb57-429e-b9a5-f900bfe28cb3@group-904C6079E864-SegmentedRaftLogWorker] INFO  segmented.SegmentedRaftLogWorker (SegmentedRaftLogWorker.java:run(327)) - bbb996b9-cb57-429e-b9a5-f900bfe28cb3@group-904C6079E864-SegmentedRaftLogWorker was interrupted, exiting. There are 0 tasks remaining in the queue.
2022-03-03 08:20:45,050 [b80209a9-e74f-462d-bd7e-a1c457e8621c@group-904C6079E864-SegmentedRaftLogWorker] INFO  segmented.SegmentedRaftLogWorker (SegmentedRaftLogWorker.java:run(327)) - b80209a9-e74f-462d-bd7e-a1c457e8621c@group-904C6079E864-SegmentedRaftLogWorker was interrupted, exiting. There are 0 tasks remaining in the queue.
2022-03-03 08:20:45,054 [Listener at 127.0.0.1/42883] INFO  segmented.SegmentedRaftLogWorker (SegmentedRaftLogWorker.java:close(237)) - bbb996b9-cb57-429e-b9a5-f900bfe28cb3@group-904C6079E864-SegmentedRaftLogWorker close()
2022-03-03 08:20:45,054 [ForkJoinPool.commonPool-worker-1] INFO  segmented.SegmentedRaftLogWorker (SegmentedRaftLogWorker.java:close(237)) - b80209a9-e74f-462d-bd7e-a1c457e8621c@group-904C6079E864-SegmentedRaftLogWorker close()
2022-03-03 08:20:45,057 [Listener at 127.0.0.1/42883] INFO  server.RaftServer$Division (RaftServerImpl.java:lambda$close$4(412)) - bbb996b9-cb57-429e-b9a5-f900bfe28cb3@group-736048A98C4E: shutdown
2022-03-03 08:20:45,058 [Listener at 127.0.0.1/42883] INFO  util.JmxRegister (JmxRegister.java:unregister(73)) - Successfully un-registered JMX Bean with object name Ratis:service=RaftServer,group=group-736048A98C4E,id=bbb996b9-cb57-429e-b9a5-f900bfe28cb3
2022-03-03 08:20:45,058 [Listener at 127.0.0.1/42883] INFO  impl.RoleInfo (RoleInfo.java:shutdownFollowerState(108)) - bbb996b9-cb57-429e-b9a5-f900bfe28cb3: shutdown bbb996b9-cb57-429e-b9a5-f900bfe28cb3@group-736048A98C4E-FollowerState
2022-03-03 08:20:45,058 [Listener at 127.0.0.1/42883] INFO  impl.StateMachineUpdater (StateMachineUpdater.java:stopAndJoin(149)) - bbb996b9-cb57-429e-b9a5-f900bfe28cb3@group-736048A98C4E-StateMachineUpdater: set stopIndex = 0
2022-03-03 08:20:45,058 [bbb996b9-cb57-429e-b9a5-f900bfe28cb3@group-736048A98C4E-FollowerState] INFO  impl.FollowerState (FollowerState.java:run(143)) - bbb996b9-cb57-429e-b9a5-f900bfe28cb3@group-736048A98C4E-FollowerState was interrupted: {}
java.lang.InterruptedException: sleep interrupted
	at java.lang.Thread.sleep(Native Method)
	at java.lang.Thread.sleep(Thread.java:342)
	at java.util.concurrent.TimeUnit.sleep(TimeUnit.java:386)
	at org.apache.ratis.util.TimeDuration.sleep(TimeDuration.java:324)
	at org.apache.ratis.util.TimeDuration.sleep(TimeDuration.java:309)
	at org.apache.ratis.server.impl.FollowerState.run(FollowerState.java:118)
2022-03-03 08:20:45,059 [bbb996b9-cb57-429e-b9a5-f900bfe28cb3@group-736048A98C4E-StateMachineUpdater] INFO  ratis.ContainerStateMachine (ContainerStateMachine.java:takeSnapshot(304)) - group-736048A98C4E: Taking a snapshot at:(t:2, i:0) file /home/runner/work/ozone/ozone/hadoop-ozone/integration-test/target/test-dir/MiniOzoneClusterImpl-5b82a1ad-a074-4eb8-9e24-eb4e8d1567b6/datanode-1/data/ratis/e9d922ff-3b74-428d-a214-736048a98c4e/sm/snapshot.2_0
2022-03-03 08:20:45,059 [ForkJoinPool.commonPool-worker-1] INFO  server.RaftServer$Division (RaftServerImpl.java:lambda$close$4(412)) - b80209a9-e74f-462d-bd7e-a1c457e8621c@group-736048A98C4E: shutdown
2022-03-03 08:20:45,060 [ForkJoinPool.commonPool-worker-1] INFO  util.JmxRegister (JmxRegister.java:unregister(73)) - Successfully un-registered JMX Bean with object name Ratis:service=RaftServer,group=group-736048A98C4E,id=b80209a9-e74f-462d-bd7e-a1c457e8621c
2022-03-03 08:20:45,060 [ForkJoinPool.commonPool-worker-1] INFO  impl.RoleInfo (RoleInfo.java:shutdownFollowerState(108)) - b80209a9-e74f-462d-bd7e-a1c457e8621c: shutdown b80209a9-e74f-462d-bd7e-a1c457e8621c@group-736048A98C4E-FollowerState
2022-03-03 08:20:45,060 [ForkJoinPool.commonPool-worker-1] INFO  impl.StateMachineUpdater (StateMachineUpdater.java:stopAndJoin(149)) - b80209a9-e74f-462d-bd7e-a1c457e8621c@group-736048A98C4E-StateMachineUpdater: set stopIndex = 0
2022-03-03 08:20:45,060 [b80209a9-e74f-462d-bd7e-a1c457e8621c@group-736048A98C4E-FollowerState] INFO  impl.FollowerState (FollowerState.java:run(143)) - b80209a9-e74f-462d-bd7e-a1c457e8621c@group-736048A98C4E-FollowerState was interrupted: {}
java.lang.InterruptedException: sleep interrupted
	at java.lang.Thread.sleep(Native Method)
	at java.lang.Thread.sleep(Thread.java:342)
	at java.util.concurrent.TimeUnit.sleep(TimeUnit.java:386)
	at org.apache.ratis.util.TimeDuration.sleep(TimeDuration.java:324)
	at org.apache.ratis.util.TimeDuration.sleep(TimeDuration.java:309)
	at org.apache.ratis.server.impl.FollowerState.run(FollowerState.java:118)
2022-03-03 08:20:45,060 [b80209a9-e74f-462d-bd7e-a1c457e8621c@group-736048A98C4E-StateMachineUpdater] INFO  ratis.ContainerStateMachine (ContainerStateMachine.java:takeSnapshot(304)) - group-736048A98C4E: Taking a snapshot at:(t:2, i:0) file /home/runner/work/ozone/ozone/hadoop-ozone/integration-test/target/test-dir/MiniOzoneClusterImpl-5b82a1ad-a074-4eb8-9e24-eb4e8d1567b6/datanode-0/data/ratis/e9d922ff-3b74-428d-a214-736048a98c4e/sm/snapshot.2_0
2022-03-03 08:20:45,061 [bbb996b9-cb57-429e-b9a5-f900bfe28cb3@group-736048A98C4E-StateMachineUpdater] INFO  ratis.ContainerStateMachine (ContainerStateMachine.java:takeSnapshot(315)) - group-736048A98C4E: Finished taking a snapshot at:(t:2, i:0) file:/home/runner/work/ozone/ozone/hadoop-ozone/integration-test/target/test-dir/MiniOzoneClusterImpl-5b82a1ad-a074-4eb8-9e24-eb4e8d1567b6/datanode-1/data/ratis/e9d922ff-3b74-428d-a214-736048a98c4e/sm/snapshot.2_0 took: 1 ms
2022-03-03 08:20:45,061 [b80209a9-e74f-462d-bd7e-a1c457e8621c@group-736048A98C4E-StateMachineUpdater] INFO  ratis.ContainerStateMachine (ContainerStateMachine.java:takeSnapshot(315)) - group-736048A98C4E: Finished taking a snapshot at:(t:2, i:0) file:/home/runner/work/ozone/ozone/hadoop-ozone/integration-test/target/test-dir/MiniOzoneClusterImpl-5b82a1ad-a074-4eb8-9e24-eb4e8d1567b6/datanode-0/data/ratis/e9d922ff-3b74-428d-a214-736048a98c4e/sm/snapshot.2_0 took: 1 ms
2022-03-03 08:20:45,061 [b80209a9-e74f-462d-bd7e-a1c457e8621c@group-736048A98C4E-StateMachineUpdater] INFO  impl.StateMachineUpdater (StateMachineUpdater.java:takeSnapshot(281)) - b80209a9-e74f-462d-bd7e-a1c457e8621c@group-736048A98C4E-StateMachineUpdater: Took a snapshot at index 0
2022-03-03 08:20:45,061 [b80209a9-e74f-462d-bd7e-a1c457e8621c@group-736048A98C4E-StateMachineUpdater] INFO  impl.StateMachineUpdater (StateMachineUpdater.java:lambda$new$0(89)) - b80209a9-e74f-462d-bd7e-a1c457e8621c@group-736048A98C4E-StateMachineUpdater: snapshotIndex: updateIncreasingly -1 -> 0
2022-03-03 08:20:45,062 [ForkJoinPool.commonPool-worker-1] INFO  server.RaftServer$Division (ServerState.java:close(419)) - b80209a9-e74f-462d-bd7e-a1c457e8621c@group-736048A98C4E: closes. applyIndex: 0
2022-03-03 08:20:45,062 [b80209a9-e74f-462d-bd7e-a1c457e8621c@group-736048A98C4E-SegmentedRaftLogWorker] INFO  segmented.SegmentedRaftLogWorker (SegmentedRaftLogWorker.java:run(327)) - b80209a9-e74f-462d-bd7e-a1c457e8621c@group-736048A98C4E-SegmentedRaftLogWorker was interrupted, exiting. There are 0 tasks remaining in the queue.
2022-03-03 08:20:45,063 [ForkJoinPool.commonPool-worker-1] INFO  segmented.SegmentedRaftLogWorker (SegmentedRaftLogWorker.java:close(237)) - b80209a9-e74f-462d-bd7e-a1c457e8621c@group-736048A98C4E-SegmentedRaftLogWorker close()
2022-03-03 08:20:45,063 [ForkJoinPool.commonPool-worker-1] INFO  server.GrpcService (GrpcService.java:closeImpl(262)) - b80209a9-e74f-462d-bd7e-a1c457e8621c: shutdown server with port 37755 now
2022-03-03 08:20:45,064 [bbb996b9-cb57-429e-b9a5-f900bfe28cb3@group-736048A98C4E-StateMachineUpdater] INFO  impl.StateMachineUpdater (StateMachineUpdater.java:takeSnapshot(281)) - bbb996b9-cb57-429e-b9a5-f900bfe28cb3@group-736048A98C4E-StateMachineUpdater: Took a snapshot at index 0
2022-03-03 08:20:45,064 [bbb996b9-cb57-429e-b9a5-f900bfe28cb3@group-736048A98C4E-StateMachineUpdater] INFO  impl.StateMachineUpdater (StateMachineUpdater.java:lambda$new$0(89)) - bbb996b9-cb57-429e-b9a5-f900bfe28cb3@group-736048A98C4E-StateMachineUpdater: snapshotIndex: updateIncreasingly -1 -> 0
2022-03-03 08:20:45,065 [Listener at 127.0.0.1/42883] INFO  server.RaftServer$Division (ServerState.java:close(419)) - bbb996b9-cb57-429e-b9a5-f900bfe28cb3@group-736048A98C4E: closes. applyIndex: 0
2022-03-03 08:20:45,069 [bbb996b9-cb57-429e-b9a5-f900bfe28cb3@group-736048A98C4E-SegmentedRaftLogWorker] INFO  segmented.SegmentedRaftLogWorker (SegmentedRaftLogWorker.java:run(327)) - bbb996b9-cb57-429e-b9a5-f900bfe28cb3@group-736048A98C4E-SegmentedRaftLogWorker was interrupted, exiting. There are 0 tasks remaining in the queue.
2022-03-03 08:20:45,071 [Listener at 127.0.0.1/42883] INFO  segmented.SegmentedRaftLogWorker (SegmentedRaftLogWorker.java:close(237)) - bbb996b9-cb57-429e-b9a5-f900bfe28cb3@group-736048A98C4E-SegmentedRaftLogWorker close()
2022-03-03 08:20:45,072 [Listener at 127.0.0.1/42883] INFO  server.GrpcService (GrpcService.java:closeImpl(262)) - bbb996b9-cb57-429e-b9a5-f900bfe28cb3: shutdown server with port 39561 now
2022-03-03 08:20:45,073 [grpc-default-executor-2] WARN  server.GrpcServerProtocolService (LogUtils.java:warn(122)) - bbb996b9-cb57-429e-b9a5-f900bfe28cb3: installSnapshot onError, lastRequest: abae3395-e125-494e-95ee-7e13e0096d36->bbb996b9-cb57-429e-b9a5-f900bfe28cb3#1-t2,previous=(t:0, i:0),leaderCommit=-1,initializing? true,entries: size=1, first=(t:2, i:0), CONFIGURATIONENTRY: org.apache.ratis.thirdparty.io.grpc.StatusRuntimeException: CANCELLED: client cancelled
2022-03-03 08:20:45,074 [grpc-default-executor-1] WARN  server.GrpcLogAppender (LogUtils.java:warn(122)) - abae3395-e125-494e-95ee-7e13e0096d36@group-736048A98C4E->bbb996b9-cb57-429e-b9a5-f900bfe28cb3-AppendLogResponseHandler: Failed appendEntries: org.apache.ratis.thirdparty.io.grpc.StatusRuntimeException: CANCELLED: HTTP/2 error code: CANCEL
Received Rst Stream
2022-03-03 08:20:45,074 [grpc-default-executor-1] WARN  server.GrpcLogAppender (GrpcLogAppender.java:resetClient(110)) - abae3395-e125-494e-95ee-7e13e0096d36@group-736048A98C4E->bbb996b9-cb57-429e-b9a5-f900bfe28cb3-GrpcLogAppender: Leader has not got in touch with Follower abae3395-e125-494e-95ee-7e13e0096d36@group-736048A98C4E->bbb996b9-cb57-429e-b9a5-f900bfe28cb3(c0,m0,n1, attendVote=true, lastRpcSendTime=1482, lastRpcResponseTime=1476) yet, just keep nextIndex unchanged and retry.
2022-03-03 08:20:45,084 [grpc-default-executor-1] WARN  server.GrpcServerProtocolService (LogUtils.java:warn(122)) - b80209a9-e74f-462d-bd7e-a1c457e8621c: installSnapshot onError, lastRequest: abae3395-e125-494e-95ee-7e13e0096d36->b80209a9-e74f-462d-bd7e-a1c457e8621c#1-t2,previous=(t:0, i:0),leaderCommit=-1,initializing? true,entries: size=1, first=(t:2, i:0), CONFIGURATIONENTRY: org.apache.ratis.thirdparty.io.grpc.StatusRuntimeException: CANCELLED: client cancelled
2022-03-03 08:20:45,085 [grpc-default-executor-0] WARN  server.GrpcLogAppender (LogUtils.java:warn(122)) - abae3395-e125-494e-95ee-7e13e0096d36@group-736048A98C4E->b80209a9-e74f-462d-bd7e-a1c457e8621c-AppendLogResponseHandler: Failed appendEntries: org.apache.ratis.thirdparty.io.grpc.StatusRuntimeException: CANCELLED: HTTP/2 error code: CANCEL
Received Rst Stream
2022-03-03 08:20:45,085 [grpc-default-executor-0] WARN  server.GrpcLogAppender (GrpcLogAppender.java:resetClient(110)) - abae3395-e125-494e-95ee-7e13e0096d36@group-736048A98C4E->b80209a9-e74f-462d-bd7e-a1c457e8621c-GrpcLogAppender: Leader has not got in touch with Follower abae3395-e125-494e-95ee-7e13e0096d36@group-736048A98C4E->b80209a9-e74f-462d-bd7e-a1c457e8621c(c0,m0,n1, attendVote=true, lastRpcSendTime=1506, lastRpcResponseTime=1499) yet, just keep nextIndex unchanged and retry.
2022-03-03 08:20:45,159 [Listener at 127.0.0.1/42883] INFO  server.GrpcService (GrpcService.java:closeImpl(271)) - bbb996b9-cb57-429e-b9a5-f900bfe28cb3: shutdown server with port 39561 successfully
2022-03-03 08:20:45,160 [org.apache.ratis.util.JvmPauseMonitor$$Lambda$503/666911607@2c2d81cc] INFO  util.JvmPauseMonitor (JvmPauseMonitor.java:run(109)) - JvmPauseMonitor-bbb996b9-cb57-429e-b9a5-f900bfe28cb3: Stopped
2022-03-03 08:20:45,174 [ForkJoinPool.commonPool-worker-1] INFO  server.GrpcService (GrpcService.java:closeImpl(271)) - b80209a9-e74f-462d-bd7e-a1c457e8621c: shutdown server with port 37755 successfully
2022-03-03 08:20:45,174 [org.apache.ratis.util.JvmPauseMonitor$$Lambda$503/666911607@56d7e6ad] INFO  util.JvmPauseMonitor (JvmPauseMonitor.java:run(109)) - JvmPauseMonitor-b80209a9-e74f-462d-bd7e-a1c457e8621c: Stopped
2022-03-03 08:20:45,228 [EndpointStateMachine task thread for /127.0.0.1:42215 - 0 ] INFO  ipc.Client (Client.java:handleConnectionFailure(977)) - Retrying connect to server: localhost/127.0.0.1:42215. Already tried 7 time(s); retry policy is RetryUpToMaximumCountWithFixedSleep(maxRetries=15, sleepTime=1000 MILLISECONDS)
2022-03-03 08:20:45,239 [EndpointStateMachine task thread for /127.0.0.1:34037 - 0 ] INFO  ipc.Client (Client.java:handleConnectionFailure(977)) - Retrying connect to server: localhost/127.0.0.1:34037. Already tried 7 time(s); retry policy is RetryUpToMaximumCountWithFixedSleep(maxRetries=15, sleepTime=1000 MILLISECONDS)
2022-03-03 08:20:45,497 [EndpointStateMachine task thread for /127.0.0.1:35645 - 0 ] INFO  ipc.Client (Client.java:handleConnectionFailure(977)) - Retrying connect to server: localhost/127.0.0.1:35645. Already tried 7 time(s); retry policy is RetryUpToMaximumCountWithFixedSleep(maxRetries=15, sleepTime=1000 MILLISECONDS)
2022-03-03 08:20:45,890 [EndpointStateMachine task thread for /127.0.0.1:43363 - 0 ] INFO  ipc.Client (Client.java:handleConnectionFailure(977)) - Retrying connect to server: localhost/127.0.0.1:43363. Already tried 13 time(s); retry policy is RetryUpToMaximumCountWithFixedSleep(maxRetries=15, sleepTime=1000 MILLISECONDS)
2022-03-03 08:20:45,893 [Datanode State Machine Daemon Thread] ERROR datanode.RunningDatanodeState (RunningDatanodeState.java:computeNextContainerState(201)) - Error in executing end point task.
java.util.concurrent.ExecutionException: java.util.concurrent.TimeoutException
	at java.util.concurrent.FutureTask.report(FutureTask.java:122)
	at java.util.concurrent.FutureTask.get(FutureTask.java:192)
	at org.apache.hadoop.ozone.container.common.states.datanode.RunningDatanodeState.computeNextContainerState(RunningDatanodeState.java:193)
	at org.apache.hadoop.ozone.container.common.states.datanode.RunningDatanodeState.await(RunningDatanodeState.java:233)
	at org.apache.hadoop.ozone.container.common.states.datanode.RunningDatanodeState.await(RunningDatanodeState.java:50)
	at org.apache.hadoop.ozone.container.common.statemachine.StateContext.execute(StateContext.java:658)
	at org.apache.hadoop.ozone.container.common.statemachine.DatanodeStateMachine.startStateMachineThread(DatanodeStateMachine.java:283)
	at org.apache.hadoop.ozone.container.common.statemachine.DatanodeStateMachine.lambda$startDaemon$0(DatanodeStateMachine.java:471)
	at java.lang.Thread.run(Thread.java:750)
Caused by: java.util.concurrent.TimeoutException
	at java.util.concurrent.FutureTask.get(FutureTask.java:205)
	at org.apache.hadoop.ozone.container.common.states.datanode.RunningDatanodeState.lambda$execute$0(RunningDatanodeState.java:151)
	at java.util.concurrent.FutureTask.run(FutureTask.java:266)
	at java.util.concurrent.Executors$RunnableAdapter.call(Executors.java:511)
	at java.util.concurrent.FutureTask.run(FutureTask.java:266)
	at java.util.concurrent.ThreadPoolExecutor.runWorker(ThreadPoolExecutor.java:1149)
	at java.util.concurrent.ThreadPoolExecutor$Worker.run(ThreadPoolExecutor.java:624)
	... 1 more
2022-03-03 08:20:45,947 [EndpointStateMachine task thread for /127.0.0.1:39861 - 0 ] INFO  ipc.Client (Client.java:handleConnectionFailure(977)) - Retrying connect to server: localhost/127.0.0.1:39861. Already tried 13 time(s); retry policy is RetryUpToMaximumCountWithFixedSleep(maxRetries=15, sleepTime=1000 MILLISECONDS)
2022-03-03 08:20:45,959 [EndpointStateMachine task thread for /127.0.0.1:45429 - 0 ] INFO  ipc.Client (Client.java:handleConnectionFailure(977)) - Retrying connect to server: localhost/127.0.0.1:45429. Already tried 14 time(s); retry policy is RetryUpToMaximumCountWithFixedSleep(maxRetries=15, sleepTime=1000 MILLISECONDS)
2022-03-03 08:20:46,100 [grpc-default-executor-1] WARN  server.GrpcLogAppender (LogUtils.java:warn(122)) - abae3395-e125-494e-95ee-7e13e0096d36@group-736048A98C4E->b80209a9-e74f-462d-bd7e-a1c457e8621c-AppendLogResponseHandler: Failed appendEntries: org.apache.ratis.thirdparty.io.grpc.StatusRuntimeException: UNAVAILABLE: io exception
2022-03-03 08:20:46,101 [grpc-default-executor-1] WARN  server.GrpcLogAppender (GrpcLogAppender.java:resetClient(110)) - abae3395-e125-494e-95ee-7e13e0096d36@group-736048A98C4E->b80209a9-e74f-462d-bd7e-a1c457e8621c-GrpcLogAppender: Leader has not got in touch with Follower abae3395-e125-494e-95ee-7e13e0096d36@group-736048A98C4E->b80209a9-e74f-462d-bd7e-a1c457e8621c(c0,m0,n1, attendVote=true, lastRpcSendTime=0, lastRpcResponseTime=2515) yet, just keep nextIndex unchanged and retry.
2022-03-03 08:20:46,105 [grpc-default-executor-1] WARN  server.GrpcLogAppender (LogUtils.java:warn(122)) - abae3395-e125-494e-95ee-7e13e0096d36@group-736048A98C4E->bbb996b9-cb57-429e-b9a5-f900bfe28cb3-AppendLogResponseHandler: Failed appendEntries: org.apache.ratis.thirdparty.io.grpc.StatusRuntimeException: UNAVAILABLE: io exception
2022-03-03 08:20:46,126 [grpc-default-executor-1] WARN  server.GrpcLogAppender (GrpcLogAppender.java:resetClient(110)) - abae3395-e125-494e-95ee-7e13e0096d36@group-736048A98C4E->bbb996b9-cb57-429e-b9a5-f900bfe28cb3-GrpcLogAppender: Leader has not got in touch with Follower abae3395-e125-494e-95ee-7e13e0096d36@group-736048A98C4E->bbb996b9-cb57-429e-b9a5-f900bfe28cb3(c0,m0,n1, attendVote=true, lastRpcSendTime=21, lastRpcResponseTime=2528) yet, just keep nextIndex unchanged and retry.
2022-03-03 08:20:46,230 [EndpointStateMachine task thread for /127.0.0.1:42215 - 0 ] INFO  ipc.Client (Client.java:handleConnectionFailure(977)) - Retrying connect to server: localhost/127.0.0.1:42215. Already tried 8 time(s); retry policy is RetryUpToMaximumCountWithFixedSleep(maxRetries=15, sleepTime=1000 MILLISECONDS)
2022-03-03 08:20:46,239 [EndpointStateMachine task thread for /127.0.0.1:34037 - 0 ] INFO  ipc.Client (Client.java:handleConnectionFailure(977)) - Retrying connect to server: localhost/127.0.0.1:34037. Already tried 8 time(s); retry policy is RetryUpToMaximumCountWithFixedSleep(maxRetries=15, sleepTime=1000 MILLISECONDS)
2022-03-03 08:20:46,498 [EndpointStateMachine task thread for /127.0.0.1:35645 - 0 ] INFO  ipc.Client (Client.java:handleConnectionFailure(977)) - Retrying connect to server: localhost/127.0.0.1:35645. Already tried 8 time(s); retry policy is RetryUpToMaximumCountWithFixedSleep(maxRetries=15, sleepTime=1000 MILLISECONDS)
2022-03-03 08:20:46,890 [EndpointStateMachine task thread for /127.0.0.1:43363 - 0 ] INFO  ipc.Client (Client.java:handleConnectionFailure(977)) - Retrying connect to server: localhost/127.0.0.1:43363. Already tried 14 time(s); retry policy is RetryUpToMaximumCountWithFixedSleep(maxRetries=15, sleepTime=1000 MILLISECONDS)
2022-03-03 08:20:46,947 [EndpointStateMachine task thread for /127.0.0.1:39861 - 0 ] INFO  ipc.Client (Client.java:handleConnectionFailure(977)) - Retrying connect to server: localhost/127.0.0.1:39861. Already tried 14 time(s); retry policy is RetryUpToMaximumCountWithFixedSleep(maxRetries=15, sleepTime=1000 MILLISECONDS)
2022-03-03 08:20:46,961 [EndpointStateMachine task thread for /127.0.0.1:45429 - 0 ] INFO  ipc.Client (Client.java:handleConnectionFailure(977)) - Retrying connect to server: localhost/127.0.0.1:45429. Already tried 0 time(s); retry policy is RetryUpToMaximumCountWithFixedSleep(maxRetries=15, sleepTime=1000 MILLISECONDS)
2022-03-03 08:20:47,181 [Listener at 127.0.0.1/42883] INFO  utils.BackgroundService (BackgroundService.java:shutdown(132)) - Shutting down service BlockDeletingService
2022-03-03 08:20:47,227 [ForkJoinPool.commonPool-worker-1] INFO  utils.BackgroundService (BackgroundService.java:shutdown(132)) - Shutting down service BlockDeletingService
2022-03-03 08:20:47,245 [EndpointStateMachine task thread for /127.0.0.1:42215 - 0 ] INFO  ipc.Client (Client.java:handleConnectionFailure(977)) - Retrying connect to server: localhost/127.0.0.1:42215. Already tried 9 time(s); retry policy is RetryUpToMaximumCountWithFixedSleep(maxRetries=15, sleepTime=1000 MILLISECONDS)
2022-03-03 08:20:47,257 [EndpointStateMachine task thread for /127.0.0.1:34037 - 0 ] INFO  ipc.Client (Client.java:handleConnectionFailure(977)) - Retrying connect to server: localhost/127.0.0.1:34037. Already tried 9 time(s); retry policy is RetryUpToMaximumCountWithFixedSleep(maxRetries=15, sleepTime=1000 MILLISECONDS)
2022-03-03 08:20:47,499 [EndpointStateMachine task thread for /127.0.0.1:35645 - 0 ] INFO  ipc.Client (Client.java:handleConnectionFailure(977)) - Retrying connect to server: localhost/127.0.0.1:35645. Already tried 9 time(s); retry policy is RetryUpToMaximumCountWithFixedSleep(maxRetries=15, sleepTime=1000 MILLISECONDS)
2022-03-03 08:20:47,894 [EndpointStateMachine task thread for /127.0.0.1:43363 - 0 ] INFO  ipc.Client (Client.java:handleConnectionFailure(977)) - Retrying connect to server: localhost/127.0.0.1:43363. Already tried 0 time(s); retry policy is RetryUpToMaximumCountWithFixedSleep(maxRetries=15, sleepTime=1000 MILLISECONDS)
2022-03-03 08:20:47,949 [EndpointStateMachine task thread for /127.0.0.1:39861 - 0 ] INFO  ipc.Client (Client.java:handleConnectionFailure(977)) - Retrying connect to server: localhost/127.0.0.1:39861. Already tried 0 time(s); retry policy is RetryUpToMaximumCountWithFixedSleep(maxRetries=15, sleepTime=1000 MILLISECONDS)
2022-03-03 08:20:47,962 [EndpointStateMachine task thread for /127.0.0.1:45429 - 0 ] INFO  ipc.Client (Client.java:handleConnectionFailure(977)) - Retrying connect to server: localhost/127.0.0.1:45429. Already tried 1 time(s); retry policy is RetryUpToMaximumCountWithFixedSleep(maxRetries=15, sleepTime=1000 MILLISECONDS)
2022-03-03 08:20:48,246 [EndpointStateMachine task thread for /127.0.0.1:42215 - 0 ] INFO  ipc.Client (Client.java:handleConnectionFailure(977)) - Retrying connect to server: localhost/127.0.0.1:42215. Already tried 10 time(s); retry policy is RetryUpToMaximumCountWithFixedSleep(maxRetries=15, sleepTime=1000 MILLISECONDS)
2022-03-03 08:20:48,258 [EndpointStateMachine task thread for /127.0.0.1:34037 - 0 ] INFO  ipc.Client (Client.java:handleConnectionFailure(977)) - Retrying connect to server: localhost/127.0.0.1:34037. Already tried 10 time(s); retry policy is RetryUpToMaximumCountWithFixedSleep(maxRetries=15, sleepTime=1000 MILLISECONDS)
2022-03-03 08:20:48,499 [EndpointStateMachine task thread for /127.0.0.1:35645 - 0 ] INFO  ipc.Client (Client.java:handleConnectionFailure(977)) - Retrying connect to server: localhost/127.0.0.1:35645. Already tried 10 time(s); retry policy is RetryUpToMaximumCountWithFixedSleep(maxRetries=15, sleepTime=1000 MILLISECONDS)
2022-03-03 08:20:48,600 [grpc-default-executor-1] WARN  server.GrpcLogAppender (LogUtils.java:warn(122)) - abae3395-e125-494e-95ee-7e13e0096d36@group-736048A98C4E->b80209a9-e74f-462d-bd7e-a1c457e8621c-AppendLogResponseHandler: Failed appendEntries: org.apache.ratis.thirdparty.io.grpc.StatusRuntimeException: UNAVAILABLE: io exception
2022-03-03 08:20:48,601 [grpc-default-executor-1] WARN  server.GrpcLogAppender (GrpcLogAppender.java:resetClient(110)) - abae3395-e125-494e-95ee-7e13e0096d36@group-736048A98C4E->b80209a9-e74f-462d-bd7e-a1c457e8621c-GrpcLogAppender: Leader has not got in touch with Follower abae3395-e125-494e-95ee-7e13e0096d36@group-736048A98C4E->b80209a9-e74f-462d-bd7e-a1c457e8621c(c0,m0,n1, attendVote=true, lastRpcSendTime=0, lastRpcResponseTime=5016) yet, just keep nextIndex unchanged and retry.
2022-03-03 08:20:48,614 [grpc-default-executor-1] WARN  server.GrpcLogAppender (LogUtils.java:warn(122)) - abae3395-e125-494e-95ee-7e13e0096d36@group-736048A98C4E->bbb996b9-cb57-429e-b9a5-f900bfe28cb3-AppendLogResponseHandler: Failed appendEntries: org.apache.ratis.thirdparty.io.grpc.StatusRuntimeException: UNAVAILABLE: io exception
2022-03-03 08:20:48,615 [grpc-default-executor-1] WARN  server.GrpcLogAppender (GrpcLogAppender.java:resetClient(110)) - abae3395-e125-494e-95ee-7e13e0096d36@group-736048A98C4E->bbb996b9-cb57-429e-b9a5-f900bfe28cb3-GrpcLogAppender: Leader has not got in touch with Follower abae3395-e125-494e-95ee-7e13e0096d36@group-736048A98C4E->bbb996b9-cb57-429e-b9a5-f900bfe28cb3(c0,m0,n1, attendVote=true, lastRpcSendTime=2509, lastRpcResponseTime=5017) yet, just keep nextIndex unchanged and retry.
2022-03-03 08:20:48,894 [EndpointStateMachine task thread for /127.0.0.1:43363 - 0 ] INFO  ipc.Client (Client.java:handleConnectionFailure(977)) - Retrying connect to server: localhost/127.0.0.1:43363. Already tried 1 time(s); retry policy is RetryUpToMaximumCountWithFixedSleep(maxRetries=15, sleepTime=1000 MILLISECONDS)
2022-03-03 08:20:48,949 [EndpointStateMachine task thread for /127.0.0.1:39861 - 0 ] INFO  ipc.Client (Client.java:handleConnectionFailure(977)) - Retrying connect to server: localhost/127.0.0.1:39861. Already tried 1 time(s); retry policy is RetryUpToMaximumCountWithFixedSleep(maxRetries=15, sleepTime=1000 MILLISECONDS)
2022-03-03 08:20:48,962 [EndpointStateMachine task thread for /127.0.0.1:45429 - 0 ] INFO  ipc.Client (Client.java:handleConnectionFailure(977)) - Retrying connect to server: localhost/127.0.0.1:45429. Already tried 2 time(s); retry policy is RetryUpToMaximumCountWithFixedSleep(maxRetries=15, sleepTime=1000 MILLISECONDS)
2022-03-03 08:20:49,247 [EndpointStateMachine task thread for /127.0.0.1:42215 - 0 ] INFO  ipc.Client (Client.java:handleConnectionFailure(977)) - Retrying connect to server: localhost/127.0.0.1:42215. Already tried 11 time(s); retry policy is RetryUpToMaximumCountWithFixedSleep(maxRetries=15, sleepTime=1000 MILLISECONDS)
2022-03-03 08:20:49,263 [EndpointStateMachine task thread for /127.0.0.1:34037 - 0 ] INFO  ipc.Client (Client.java:handleConnectionFailure(977)) - Retrying connect to server: localhost/127.0.0.1:34037. Already tried 11 time(s); retry policy is RetryUpToMaximumCountWithFixedSleep(maxRetries=15, sleepTime=1000 MILLISECONDS)
2022-03-03 08:20:49,500 [EndpointStateMachine task thread for /127.0.0.1:35645 - 0 ] INFO  ipc.Client (Client.java:handleConnectionFailure(977)) - Retrying connect to server: localhost/127.0.0.1:35645. Already tried 11 time(s); retry policy is RetryUpToMaximumCountWithFixedSleep(maxRetries=15, sleepTime=1000 MILLISECONDS)
2022-03-03 08:20:49,895 [EndpointStateMachine task thread for /127.0.0.1:43363 - 0 ] INFO  ipc.Client (Client.java:handleConnectionFailure(977)) - Retrying connect to server: localhost/127.0.0.1:43363. Already tried 2 time(s); retry policy is RetryUpToMaximumCountWithFixedSleep(maxRetries=15, sleepTime=1000 MILLISECONDS)
2022-03-03 08:20:49,952 [EndpointStateMachine task thread for /127.0.0.1:39861 - 0 ] INFO  ipc.Client (Client.java:handleConnectionFailure(977)) - Retrying connect to server: localhost/127.0.0.1:39861. Already tried 2 time(s); retry policy is RetryUpToMaximumCountWithFixedSleep(maxRetries=15, sleepTime=1000 MILLISECONDS)
2022-03-03 08:20:49,963 [EndpointStateMachine task thread for /127.0.0.1:45429 - 0 ] INFO  ipc.Client (Client.java:handleConnectionFailure(977)) - Retrying connect to server: localhost/127.0.0.1:45429. Already tried 3 time(s); retry policy is RetryUpToMaximumCountWithFixedSleep(maxRetries=15, sleepTime=1000 MILLISECONDS)
2022-03-03 08:20:50,226 [Listener at 127.0.0.1/42883] INFO  statemachine.DatanodeStateMachine (DatanodeStateMachine.java:stopDaemon(529)) - Ozone container server stopped.
2022-03-03 08:20:50,228 [Listener at 127.0.0.1/42883] INFO  handler.ContextHandler (ContextHandler.java:doStop(1153)) - Stopped o.e.j.w.WebAppContext@74bc2a19{hddsDatanode,/,null,STOPPED}{jar:file:/home/runner/.m2/repository/org/apache/ozone/hdds-container-service/1.3.0-SNAPSHOT/hdds-container-service-1.3.0-SNAPSHOT.jar!/webapps/hddsDatanode}
2022-03-03 08:20:50,230 [Listener at 127.0.0.1/42883] INFO  server.AbstractConnector (AbstractConnector.java:doStop(381)) - Stopped ServerConnector@2b503b3b{HTTP/1.1, (http/1.1)}{0.0.0.0:0}
2022-03-03 08:20:50,231 [Listener at 127.0.0.1/42883] INFO  server.session (HouseKeeper.java:stopScavenging(149)) - node0 Stopped scavenging
2022-03-03 08:20:50,231 [Listener at 127.0.0.1/42883] INFO  handler.ContextHandler (ContextHandler.java:doStop(1153)) - Stopped o.e.j.s.ServletContextHandler@45c2fa2{static,/static,jar:file:/home/runner/.m2/repository/org/apache/ozone/hdds-container-service/1.3.0-SNAPSHOT/hdds-container-service-1.3.0-SNAPSHOT.jar!/webapps/static,STOPPED}
2022-03-03 08:20:50,232 [Listener at 127.0.0.1/42883] INFO  handler.ContextHandler (ContextHandler.java:doStop(1153)) - Stopped o.e.j.s.ServletContextHandler@20e364c9{logs,/logs,file:///home/runner/work/ozone/ozone/hadoop-ozone/integration-test/target/log,STOPPED}
2022-03-03 08:20:50,245 [ForkJoinPool.commonPool-worker-1] INFO  statemachine.DatanodeStateMachine (DatanodeStateMachine.java:stopDaemon(529)) - Ozone container server stopped.
2022-03-03 08:20:50,254 [ForkJoinPool.commonPool-worker-1] INFO  handler.ContextHandler (ContextHandler.java:doStop(1153)) - Stopped o.e.j.w.WebAppContext@ec75805{hddsDatanode,/,null,STOPPED}{jar:file:/home/runner/.m2/repository/org/apache/ozone/hdds-container-service/1.3.0-SNAPSHOT/hdds-container-service-1.3.0-SNAPSHOT.jar!/webapps/hddsDatanode}
2022-03-03 08:20:50,255 [ForkJoinPool.commonPool-worker-1] INFO  server.AbstractConnector (AbstractConnector.java:doStop(381)) - Stopped ServerConnector@2e0f3405{HTTP/1.1, (http/1.1)}{0.0.0.0:0}
2022-03-03 08:20:50,255 [ForkJoinPool.commonPool-worker-1] INFO  server.session (HouseKeeper.java:stopScavenging(149)) - node0 Stopped scavenging
2022-03-03 08:20:50,256 [EndpointStateMachine task thread for /127.0.0.1:42215 - 0 ] INFO  ipc.Client (Client.java:handleConnectionFailure(977)) - Retrying connect to server: localhost/127.0.0.1:42215. Already tried 12 time(s); retry policy is RetryUpToMaximumCountWithFixedSleep(maxRetries=15, sleepTime=1000 MILLISECONDS)
2022-03-03 08:20:50,262 [ForkJoinPool.commonPool-worker-1] INFO  handler.ContextHandler (ContextHandler.java:doStop(1153)) - Stopped o.e.j.s.ServletContextHandler@5880bce2{static,/static,jar:file:/home/runner/.m2/repository/org/apache/ozone/hdds-container-service/1.3.0-SNAPSHOT/hdds-container-service-1.3.0-SNAPSHOT.jar!/webapps/static,STOPPED}
2022-03-03 08:20:50,263 [ForkJoinPool.commonPool-worker-1] INFO  handler.ContextHandler (ContextHandler.java:doStop(1153)) - Stopped o.e.j.s.ServletContextHandler@4c07464c{logs,/logs,file:///home/runner/work/ozone/ozone/hadoop-ozone/integration-test/target/log,STOPPED}
2022-03-03 08:20:50,264 [EndpointStateMachine task thread for /127.0.0.1:34037 - 0 ] INFO  ipc.Client (Client.java:handleConnectionFailure(977)) - Retrying connect to server: localhost/127.0.0.1:34037. Already tried 12 time(s); retry policy is RetryUpToMaximumCountWithFixedSleep(maxRetries=15, sleepTime=1000 MILLISECONDS)
2022-03-03 08:20:50,501 [EndpointStateMachine task thread for /127.0.0.1:35645 - 0 ] INFO  ipc.Client (Client.java:handleConnectionFailure(977)) - Retrying connect to server: localhost/127.0.0.1:35645. Already tried 12 time(s); retry policy is RetryUpToMaximumCountWithFixedSleep(maxRetries=15, sleepTime=1000 MILLISECONDS)
2022-03-03 08:20:50,896 [EndpointStateMachine task thread for /127.0.0.1:43363 - 0 ] INFO  ipc.Client (Client.java:handleConnectionFailure(977)) - Retrying connect to server: localhost/127.0.0.1:43363. Already tried 3 time(s); retry policy is RetryUpToMaximumCountWithFixedSleep(maxRetries=15, sleepTime=1000 MILLISECONDS)
2022-03-03 08:20:50,912 [Datanode State Machine Daemon Thread] WARN  statemachine.StateContext (StateContext.java:setState(250)) - Ignore disallowed transition from SHUTDOWN to RUNNING
2022-03-03 08:20:50,952 [EndpointStateMachine task thread for /127.0.0.1:39861 - 0 ] INFO  ipc.Client (Client.java:handleConnectionFailure(977)) - Retrying connect to server: localhost/127.0.0.1:39861. Already tried 3 time(s); retry policy is RetryUpToMaximumCountWithFixedSleep(maxRetries=15, sleepTime=1000 MILLISECONDS)
2022-03-03 08:20:50,964 [EndpointStateMachine task thread for /127.0.0.1:45429 - 0 ] INFO  ipc.Client (Client.java:handleConnectionFailure(977)) - Retrying connect to server: localhost/127.0.0.1:45429. Already tried 4 time(s); retry policy is RetryUpToMaximumCountWithFixedSleep(maxRetries=15, sleepTime=1000 MILLISECONDS)
2022-03-03 08:20:51,101 [grpc-default-executor-1] WARN  server.GrpcLogAppender (LogUtils.java:warn(122)) - abae3395-e125-494e-95ee-7e13e0096d36@group-736048A98C4E->b80209a9-e74f-462d-bd7e-a1c457e8621c-AppendLogResponseHandler: Failed appendEntries: org.apache.ratis.thirdparty.io.grpc.StatusRuntimeException: UNAVAILABLE: io exception
2022-03-03 08:20:51,102 [grpc-default-executor-1] WARN  server.GrpcLogAppender (GrpcLogAppender.java:resetClient(110)) - abae3395-e125-494e-95ee-7e13e0096d36@group-736048A98C4E->b80209a9-e74f-462d-bd7e-a1c457e8621c-GrpcLogAppender: Leader has not got in touch with Follower abae3395-e125-494e-95ee-7e13e0096d36@group-736048A98C4E->b80209a9-e74f-462d-bd7e-a1c457e8621c(c0,m0,n1, attendVote=true, lastRpcSendTime=0, lastRpcResponseTime=7516) yet, just keep nextIndex unchanged and retry.
2022-03-03 08:20:51,127 [grpc-default-executor-1] WARN  server.GrpcLogAppender (LogUtils.java:warn(122)) - abae3395-e125-494e-95ee-7e13e0096d36@group-736048A98C4E->bbb996b9-cb57-429e-b9a5-f900bfe28cb3-AppendLogResponseHandler: Failed appendEntries: org.apache.ratis.thirdparty.io.grpc.StatusRuntimeException: UNAVAILABLE: io exception
2022-03-03 08:20:51,128 [grpc-default-executor-1] WARN  server.GrpcLogAppender (GrpcLogAppender.java:resetClient(110)) - abae3395-e125-494e-95ee-7e13e0096d36@group-736048A98C4E->bbb996b9-cb57-429e-b9a5-f900bfe28cb3-GrpcLogAppender: Leader has not got in touch with Follower abae3395-e125-494e-95ee-7e13e0096d36@group-736048A98C4E->bbb996b9-cb57-429e-b9a5-f900bfe28cb3(c0,m0,n1, attendVote=true, lastRpcSendTime=2512, lastRpcResponseTime=7530) yet, just keep nextIndex unchanged and retry.
2022-03-03 08:20:51,257 [EndpointStateMachine task thread for /127.0.0.1:42215 - 0 ] INFO  ipc.Client (Client.java:handleConnectionFailure(977)) - Retrying connect to server: localhost/127.0.0.1:42215. Already tried 13 time(s); retry policy is RetryUpToMaximumCountWithFixedSleep(maxRetries=15, sleepTime=1000 MILLISECONDS)
2022-03-03 08:20:51,264 [EndpointStateMachine task thread for /127.0.0.1:34037 - 0 ] INFO  ipc.Client (Client.java:handleConnectionFailure(977)) - Retrying connect to server: localhost/127.0.0.1:34037. Already tried 13 time(s); retry policy is RetryUpToMaximumCountWithFixedSleep(maxRetries=15, sleepTime=1000 MILLISECONDS)
2022-03-03 08:20:51,501 [EndpointStateMachine task thread for /127.0.0.1:35645 - 0 ] INFO  ipc.Client (Client.java:handleConnectionFailure(977)) - Retrying connect to server: localhost/127.0.0.1:35645. Already tried 13 time(s); retry policy is RetryUpToMaximumCountWithFixedSleep(maxRetries=15, sleepTime=1000 MILLISECONDS)
2022-03-03 08:20:51,778 [abae3395-e125-494e-95ee-7e13e0096d36@group-736048A98C4E-LeaderStateImpl] WARN  server.RaftServer$Division (LeaderStateImpl.java:checkLeadership(974)) - abae3395-e125-494e-95ee-7e13e0096d36@group-736048A98C4E-LeaderStateImpl: Lost leadership on term: 2. Election timeout: 5200ms. In charge for: 20902ms. Conf: 0: [bbb996b9-cb57-429e-b9a5-f900bfe28cb3|rpc:127.0.0.1:39561|dataStream:|priority:0, b80209a9-e74f-462d-bd7e-a1c457e8621c|rpc:127.0.0.1:37755|dataStream:|priority:0, abae3395-e125-494e-95ee-7e13e0096d36|rpc:127.0.0.1:37079|dataStream:|priority:1], old=null
2022-03-03 08:20:51,779 [abae3395-e125-494e-95ee-7e13e0096d36@group-736048A98C4E-LeaderStateImpl] WARN  server.RaftServer$Division (LeaderStateImpl.java:lambda$checkLeadership$15(978)) - Follower abae3395-e125-494e-95ee-7e13e0096d36@group-736048A98C4E->bbb996b9-cb57-429e-b9a5-f900bfe28cb3(c0,m0,n1, attendVote=true, lastRpcSendTime=650, lastRpcResponseTime=8181)
2022-03-03 08:20:51,779 [abae3395-e125-494e-95ee-7e13e0096d36@group-736048A98C4E-LeaderStateImpl] WARN  server.RaftServer$Division (LeaderStateImpl.java:lambda$checkLeadership$15(978)) - Follower abae3395-e125-494e-95ee-7e13e0096d36@group-736048A98C4E->b80209a9-e74f-462d-bd7e-a1c457e8621c(c0,m0,n1, attendVote=true, lastRpcSendTime=678, lastRpcResponseTime=8193)
2022-03-03 08:20:51,779 [abae3395-e125-494e-95ee-7e13e0096d36@group-736048A98C4E-LeaderStateImpl] INFO  server.RaftServer$Division (RaftServerImpl.java:setRole(290)) - abae3395-e125-494e-95ee-7e13e0096d36@group-736048A98C4E: changes role from    LEADER to FOLLOWER at term 2 for StepDownReason:LOST_MAJORITY_HEARTBEATS
2022-03-03 08:20:51,779 [abae3395-e125-494e-95ee-7e13e0096d36@group-736048A98C4E-LeaderStateImpl] INFO  impl.RoleInfo (RoleInfo.java:shutdownLeaderState(91)) - abae3395-e125-494e-95ee-7e13e0096d36: shutdown abae3395-e125-494e-95ee-7e13e0096d36@group-736048A98C4E-LeaderStateImpl
2022-03-03 08:20:51,779 [abae3395-e125-494e-95ee-7e13e0096d36@group-736048A98C4E-LeaderStateImpl] INFO  impl.PendingRequests (PendingRequests.java:sendNotLeaderResponses(282)) - abae3395-e125-494e-95ee-7e13e0096d36@group-736048A98C4E-PendingRequests: sendNotLeaderResponses
2022-03-03 08:20:51,780 [abae3395-e125-494e-95ee-7e13e0096d36@group-736048A98C4E-LeaderStateImpl] INFO  impl.RoleInfo (RoleInfo.java:updateAndGet(130)) - abae3395-e125-494e-95ee-7e13e0096d36: start abae3395-e125-494e-95ee-7e13e0096d36@group-736048A98C4E-FollowerState
2022-03-03 08:20:51,886 [abae3395-e125-494e-95ee-7e13e0096d36@group-904C6079E864-FollowerState] INFO  impl.FollowerState (FollowerState.java:run(134)) - abae3395-e125-494e-95ee-7e13e0096d36@group-904C6079E864-FollowerState: change to CANDIDATE, lastRpcElapsedTime:7713647425ns, electionTimeout:5082ms
2022-03-03 08:20:51,886 [abae3395-e125-494e-95ee-7e13e0096d36@group-904C6079E864-FollowerState] INFO  impl.RoleInfo (RoleInfo.java:shutdownFollowerState(108)) - abae3395-e125-494e-95ee-7e13e0096d36: shutdown abae3395-e125-494e-95ee-7e13e0096d36@group-904C6079E864-FollowerState
2022-03-03 08:20:51,887 [abae3395-e125-494e-95ee-7e13e0096d36@group-904C6079E864-FollowerState] INFO  server.RaftServer$Division (RaftServerImpl.java:setRole(290)) - abae3395-e125-494e-95ee-7e13e0096d36@group-904C6079E864: changes role from  FOLLOWER to CANDIDATE at term 3 for changeToCandidate
2022-03-03 08:20:51,887 [abae3395-e125-494e-95ee-7e13e0096d36@group-904C6079E864-FollowerState] INFO  server.RaftServerConfigKeys (ConfUtils.java:logGet(44)) - raft.server.leaderelection.pre-vote = false (custom)
2022-03-03 08:20:51,887 [abae3395-e125-494e-95ee-7e13e0096d36@group-904C6079E864-FollowerState] INFO  impl.RoleInfo (RoleInfo.java:updateAndGet(130)) - abae3395-e125-494e-95ee-7e13e0096d36: start abae3395-e125-494e-95ee-7e13e0096d36@group-904C6079E864-LeaderElection32
2022-03-03 08:20:51,896 [EndpointStateMachine task thread for /127.0.0.1:43363 - 0 ] INFO  ipc.Client (Client.java:handleConnectionFailure(977)) - Retrying connect to server: localhost/127.0.0.1:43363. Already tried 4 time(s); retry policy is RetryUpToMaximumCountWithFixedSleep(maxRetries=15, sleepTime=1000 MILLISECONDS)
2022-03-03 08:20:51,913 [abae3395-e125-494e-95ee-7e13e0096d36@group-904C6079E864-LeaderElection32] INFO  server.RaftServer$Division (ServerState.java:setLeader(285)) - abae3395-e125-494e-95ee-7e13e0096d36@group-904C6079E864: change Leader from b80209a9-e74f-462d-bd7e-a1c457e8621c to null at term 3 for ELECTION
2022-03-03 08:20:51,917 [abae3395-e125-494e-95ee-7e13e0096d36@group-904C6079E864-LeaderElection32] INFO  impl.LeaderElection (LeaderElection.java:askForVotes(306)) - abae3395-e125-494e-95ee-7e13e0096d36@group-904C6079E864-LeaderElection32 ELECTION round 0: submit vote requests at term 4 for 0: [bbb996b9-cb57-429e-b9a5-f900bfe28cb3|rpc:127.0.0.1:39561|dataStream:|priority:0, b80209a9-e74f-462d-bd7e-a1c457e8621c|rpc:127.0.0.1:37755|dataStream:|priority:1, abae3395-e125-494e-95ee-7e13e0096d36|rpc:127.0.0.1:37079|dataStream:|priority:0], old=null
2022-03-03 08:20:51,920 [abae3395-e125-494e-95ee-7e13e0096d36@group-904C6079E864-LeaderElection32] INFO  impl.LeaderElection (LogUtils.java:infoOrTrace(137)) - abae3395-e125-494e-95ee-7e13e0096d36@group-904C6079E864-LeaderElection32 got exception when requesting votes: java.util.concurrent.ExecutionException: org.apache.ratis.thirdparty.io.grpc.StatusRuntimeException: UNAVAILABLE: io exception
2022-03-03 08:20:51,921 [abae3395-e125-494e-95ee-7e13e0096d36@group-904C6079E864-LeaderElection32] INFO  impl.LeaderElection (LogUtils.java:infoOrTrace(137)) - abae3395-e125-494e-95ee-7e13e0096d36@group-904C6079E864-LeaderElection32 got exception when requesting votes: java.util.concurrent.ExecutionException: org.apache.ratis.thirdparty.io.grpc.StatusRuntimeException: UNAVAILABLE: io exception
2022-03-03 08:20:51,921 [abae3395-e125-494e-95ee-7e13e0096d36@group-904C6079E864-LeaderElection32] INFO  impl.LeaderElection (LeaderElection.java:logAndReturn(89)) - abae3395-e125-494e-95ee-7e13e0096d36@group-904C6079E864-LeaderElection32: ELECTION REJECTED received 0 response(s) and 2 exception(s):
2022-03-03 08:20:51,921 [abae3395-e125-494e-95ee-7e13e0096d36@group-904C6079E864-LeaderElection32] INFO  impl.LeaderElection (LogUtils.java:infoOrTrace(137)) -   Exception 0: java.util.concurrent.ExecutionException: org.apache.ratis.thirdparty.io.grpc.StatusRuntimeException: UNAVAILABLE: io exception
2022-03-03 08:20:51,921 [abae3395-e125-494e-95ee-7e13e0096d36@group-904C6079E864-LeaderElection32] INFO  impl.LeaderElection (LogUtils.java:infoOrTrace(137)) -   Exception 1: java.util.concurrent.ExecutionException: org.apache.ratis.thirdparty.io.grpc.StatusRuntimeException: UNAVAILABLE: io exception
2022-03-03 08:20:51,921 [abae3395-e125-494e-95ee-7e13e0096d36@group-904C6079E864-LeaderElection32] INFO  impl.LeaderElection (LeaderElection.java:askForVotes(308)) - abae3395-e125-494e-95ee-7e13e0096d36@group-904C6079E864-LeaderElection32 ELECTION round 0: result REJECTED
2022-03-03 08:20:51,922 [abae3395-e125-494e-95ee-7e13e0096d36@group-904C6079E864-LeaderElection32] INFO  server.RaftServer$Division (RaftServerImpl.java:setRole(290)) - abae3395-e125-494e-95ee-7e13e0096d36@group-904C6079E864: changes role from CANDIDATE to FOLLOWER at term 4 for REJECTED
2022-03-03 08:20:51,922 [abae3395-e125-494e-95ee-7e13e0096d36@group-904C6079E864-LeaderElection32] INFO  impl.RoleInfo (RoleInfo.java:shutdownLeaderElection(121)) - abae3395-e125-494e-95ee-7e13e0096d36: shutdown abae3395-e125-494e-95ee-7e13e0096d36@group-904C6079E864-LeaderElection32
2022-03-03 08:20:51,922 [abae3395-e125-494e-95ee-7e13e0096d36@group-904C6079E864-LeaderElection32] INFO  impl.RoleInfo (RoleInfo.java:updateAndGet(130)) - abae3395-e125-494e-95ee-7e13e0096d36: start abae3395-e125-494e-95ee-7e13e0096d36@group-904C6079E864-FollowerState
2022-03-03 08:20:51,953 [EndpointStateMachine task thread for /127.0.0.1:39861 - 0 ] INFO  ipc.Client (Client.java:handleConnectionFailure(977)) - Retrying connect to server: localhost/127.0.0.1:39861. Already tried 4 time(s); retry policy is RetryUpToMaximumCountWithFixedSleep(maxRetries=15, sleepTime=1000 MILLISECONDS)
2022-03-03 08:20:51,965 [EndpointStateMachine task thread for /127.0.0.1:45429 - 0 ] INFO  ipc.Client (Client.java:handleConnectionFailure(977)) - Retrying connect to server: localhost/127.0.0.1:45429. Already tried 5 time(s); retry policy is RetryUpToMaximumCountWithFixedSleep(maxRetries=15, sleepTime=1000 MILLISECONDS)
2022-03-03 08:20:52,257 [EndpointStateMachine task thread for /127.0.0.1:42215 - 0 ] INFO  ipc.Client (Client.java:handleConnectionFailure(977)) - Retrying connect to server: localhost/127.0.0.1:42215. Already tried 14 time(s); retry policy is RetryUpToMaximumCountWithFixedSleep(maxRetries=15, sleepTime=1000 MILLISECONDS)
2022-03-03 08:20:52,258 [EndpointStateMachine task thread for /127.0.0.1:42215 - 0 ] WARN  statemachine.EndpointStateMachine (EndpointStateMachine.java:logIfNeeded(236)) - Unable to communicate to SCM server at localhost:42215 for past 0 seconds.
java.net.ConnectException: Call From fv-az501-749/10.1.0.15 to localhost:42215 failed on connection exception: java.net.ConnectException: Connection refused; For more details see:  http://wiki.apache.org/hadoop/ConnectionRefused
	at sun.reflect.GeneratedConstructorAccessor43.newInstance(Unknown Source)
	at sun.reflect.DelegatingConstructorAccessorImpl.newInstance(DelegatingConstructorAccessorImpl.java:45)
	at java.lang.reflect.Constructor.newInstance(Constructor.java:423)
	at org.apache.hadoop.net.NetUtils.wrapWithMessage(NetUtils.java:913)
	at org.apache.hadoop.net.NetUtils.wrapException(NetUtils.java:828)
	at org.apache.hadoop.ipc.Client.getRpcResponse(Client.java:1577)
	at org.apache.hadoop.ipc.Client.call(Client.java:1519)
	at org.apache.hadoop.ipc.Client.call(Client.java:1416)
	at org.apache.hadoop.ipc.ProtobufRpcEngine$Invoker.invoke(ProtobufRpcEngine.java:236)
	at org.apache.hadoop.ipc.ProtobufRpcEngine$Invoker.invoke(ProtobufRpcEngine.java:123)
	at com.sun.proxy.$Proxy48.submitRequest(Unknown Source)
	at org.apache.hadoop.ozone.protocolPB.StorageContainerDatanodeProtocolClientSideTranslatorPB.submitRequest(StorageContainerDatanodeProtocolClientSideTranslatorPB.java:117)
	at org.apache.hadoop.ozone.protocolPB.StorageContainerDatanodeProtocolClientSideTranslatorPB.sendHeartbeat(StorageContainerDatanodeProtocolClientSideTranslatorPB.java:149)
	at org.apache.hadoop.ozone.container.common.states.endpoint.HeartbeatEndpointTask.call(HeartbeatEndpointTask.java:180)
	at org.apache.hadoop.ozone.container.common.states.endpoint.HeartbeatEndpointTask.call(HeartbeatEndpointTask.java:83)
	at java.util.concurrent.FutureTask.run(FutureTask.java:266)
	at java.util.concurrent.ThreadPoolExecutor.runWorker(ThreadPoolExecutor.java:1149)
	at java.util.concurrent.ThreadPoolExecutor$Worker.run(ThreadPoolExecutor.java:624)
	at java.lang.Thread.run(Thread.java:750)
Caused by: java.net.ConnectException: Connection refused
	at sun.nio.ch.SocketChannelImpl.checkConnect(Native Method)
	at sun.nio.ch.SocketChannelImpl.finishConnect(SocketChannelImpl.java:716)
	at org.apache.hadoop.net.SocketIOWithTimeout.connect(SocketIOWithTimeout.java:206)
	at org.apache.hadoop.net.NetUtils.connect(NetUtils.java:586)
	at org.apache.hadoop.ipc.Client$Connection.setupConnection(Client.java:701)
	at org.apache.hadoop.ipc.Client$Connection.setupIOstreams(Client.java:822)
	at org.apache.hadoop.ipc.Client$Connection.access$3800(Client.java:414)
	at org.apache.hadoop.ipc.Client.getConnection(Client.java:1647)
	at org.apache.hadoop.ipc.Client.call(Client.java:1463)
	... 12 more
2022-03-03 08:20:52,265 [EndpointStateMachine task thread for /127.0.0.1:34037 - 0 ] INFO  ipc.Client (Client.java:handleConnectionFailure(977)) - Retrying connect to server: localhost/127.0.0.1:34037. Already tried 14 time(s); retry policy is RetryUpToMaximumCountWithFixedSleep(maxRetries=15, sleepTime=1000 MILLISECONDS)
2022-03-03 08:20:52,266 [EndpointStateMachine task thread for /127.0.0.1:34037 - 0 ] WARN  statemachine.EndpointStateMachine (EndpointStateMachine.java:logIfNeeded(236)) - Unable to communicate to SCM server at localhost:34037 for past 0 seconds.
java.net.ConnectException: Call From fv-az501-749/10.1.0.15 to localhost:34037 failed on connection exception: java.net.ConnectException: Connection refused; For more details see:  http://wiki.apache.org/hadoop/ConnectionRefused
	at sun.reflect.GeneratedConstructorAccessor43.newInstance(Unknown Source)
	at sun.reflect.DelegatingConstructorAccessorImpl.newInstance(DelegatingConstructorAccessorImpl.java:45)
	at java.lang.reflect.Constructor.newInstance(Constructor.java:423)
	at org.apache.hadoop.net.NetUtils.wrapWithMessage(NetUtils.java:913)
	at org.apache.hadoop.net.NetUtils.wrapException(NetUtils.java:828)
	at org.apache.hadoop.ipc.Client.getRpcResponse(Client.java:1577)
	at org.apache.hadoop.ipc.Client.call(Client.java:1519)
	at org.apache.hadoop.ipc.Client.call(Client.java:1416)
	at org.apache.hadoop.ipc.ProtobufRpcEngine$Invoker.invoke(ProtobufRpcEngine.java:236)
	at org.apache.hadoop.ipc.ProtobufRpcEngine$Invoker.invoke(ProtobufRpcEngine.java:123)
	at com.sun.proxy.$Proxy48.submitRequest(Unknown Source)
	at org.apache.hadoop.ozone.protocolPB.StorageContainerDatanodeProtocolClientSideTranslatorPB.submitRequest(StorageContainerDatanodeProtocolClientSideTranslatorPB.java:117)
	at org.apache.hadoop.ozone.protocolPB.StorageContainerDatanodeProtocolClientSideTranslatorPB.register(StorageContainerDatanodeProtocolClientSideTranslatorPB.java:180)
	at org.apache.hadoop.ozone.container.common.states.endpoint.RegisterEndpointTask.call(RegisterEndpointTask.java:158)
	at org.apache.hadoop.ozone.container.common.states.endpoint.RegisterEndpointTask.call(RegisterEndpointTask.java:52)
	at java.util.concurrent.FutureTask.run(FutureTask.java:266)
	at java.util.concurrent.ThreadPoolExecutor.runWorker(ThreadPoolExecutor.java:1149)
	at java.util.concurrent.ThreadPoolExecutor$Worker.run(ThreadPoolExecutor.java:624)
	at java.lang.Thread.run(Thread.java:750)
Caused by: java.net.ConnectException: Connection refused
	at sun.nio.ch.SocketChannelImpl.checkConnect(Native Method)
	at sun.nio.ch.SocketChannelImpl.finishConnect(SocketChannelImpl.java:716)
	at org.apache.hadoop.net.SocketIOWithTimeout.connect(SocketIOWithTimeout.java:206)
	at org.apache.hadoop.net.NetUtils.connect(NetUtils.java:586)
	at org.apache.hadoop.ipc.Client$Connection.setupConnection(Client.java:701)
	at org.apache.hadoop.ipc.Client$Connection.setupIOstreams(Client.java:822)
	at org.apache.hadoop.ipc.Client$Connection.access$3800(Client.java:414)
	at org.apache.hadoop.ipc.Client.getConnection(Client.java:1647)
	at org.apache.hadoop.ipc.Client.call(Client.java:1463)
	... 12 more
2022-03-03 08:20:52,502 [EndpointStateMachine task thread for /127.0.0.1:35645 - 0 ] INFO  ipc.Client (Client.java:handleConnectionFailure(977)) - Retrying connect to server: localhost/127.0.0.1:35645. Already tried 14 time(s); retry policy is RetryUpToMaximumCountWithFixedSleep(maxRetries=15, sleepTime=1000 MILLISECONDS)
2022-03-03 08:20:52,503 [EndpointStateMachine task thread for /127.0.0.1:35645 - 0 ] WARN  statemachine.EndpointStateMachine (EndpointStateMachine.java:logIfNeeded(236)) - Unable to communicate to SCM server at localhost:35645 for past 0 seconds.
java.net.ConnectException: Call From fv-az501-749/10.1.0.15 to localhost:35645 failed on connection exception: java.net.ConnectException: Connection refused; For more details see:  http://wiki.apache.org/hadoop/ConnectionRefused
	at sun.reflect.GeneratedConstructorAccessor43.newInstance(Unknown Source)
	at sun.reflect.DelegatingConstructorAccessorImpl.newInstance(DelegatingConstructorAccessorImpl.java:45)
	at java.lang.reflect.Constructor.newInstance(Constructor.java:423)
	at org.apache.hadoop.net.NetUtils.wrapWithMessage(NetUtils.java:913)
	at org.apache.hadoop.net.NetUtils.wrapException(NetUtils.java:828)
	at org.apache.hadoop.ipc.Client.getRpcResponse(Client.java:1577)
	at org.apache.hadoop.ipc.Client.call(Client.java:1519)
	at org.apache.hadoop.ipc.Client.call(Client.java:1416)
	at org.apache.hadoop.ipc.ProtobufRpcEngine$Invoker.invoke(ProtobufRpcEngine.java:236)
	at org.apache.hadoop.ipc.ProtobufRpcEngine$Invoker.invoke(ProtobufRpcEngine.java:123)
	at com.sun.proxy.$Proxy48.submitRequest(Unknown Source)
	at org.apache.hadoop.ozone.protocolPB.StorageContainerDatanodeProtocolClientSideTranslatorPB.submitRequest(StorageContainerDatanodeProtocolClientSideTranslatorPB.java:117)
	at org.apache.hadoop.ozone.protocolPB.StorageContainerDatanodeProtocolClientSideTranslatorPB.sendHeartbeat(StorageContainerDatanodeProtocolClientSideTranslatorPB.java:149)
	at org.apache.hadoop.ozone.container.common.states.endpoint.HeartbeatEndpointTask.call(HeartbeatEndpointTask.java:180)
	at org.apache.hadoop.ozone.container.common.states.endpoint.HeartbeatEndpointTask.call(HeartbeatEndpointTask.java:83)
	at java.util.concurrent.FutureTask.run(FutureTask.java:266)
	at java.util.concurrent.ThreadPoolExecutor.runWorker(ThreadPoolExecutor.java:1149)
	at java.util.concurrent.ThreadPoolExecutor$Worker.run(ThreadPoolExecutor.java:624)
	at java.lang.Thread.run(Thread.java:750)
Caused by: java.net.ConnectException: Connection refused
	at sun.nio.ch.SocketChannelImpl.checkConnect(Native Method)
	at sun.nio.ch.SocketChannelImpl.finishConnect(SocketChannelImpl.java:716)
	at org.apache.hadoop.net.SocketIOWithTimeout.connect(SocketIOWithTimeout.java:206)
	at org.apache.hadoop.net.NetUtils.connect(NetUtils.java:586)
	at org.apache.hadoop.ipc.Client$Connection.setupConnection(Client.java:701)
	at org.apache.hadoop.ipc.Client$Connection.setupIOstreams(Client.java:822)
	at org.apache.hadoop.ipc.Client$Connection.access$3800(Client.java:414)
	at org.apache.hadoop.ipc.Client.getConnection(Client.java:1647)
	at org.apache.hadoop.ipc.Client.call(Client.java:1463)
	... 12 more
2022-03-03 08:20:52,897 [EndpointStateMachine task thread for /127.0.0.1:43363 - 0 ] INFO  ipc.Client (Client.java:handleConnectionFailure(977)) - Retrying connect to server: localhost/127.0.0.1:43363. Already tried 5 time(s); retry policy is RetryUpToMaximumCountWithFixedSleep(maxRetries=15, sleepTime=1000 MILLISECONDS)
2022-03-03 08:20:52,954 [EndpointStateMachine task thread for /127.0.0.1:39861 - 0 ] INFO  ipc.Client (Client.java:handleConnectionFailure(977)) - Retrying connect to server: localhost/127.0.0.1:39861. Already tried 5 time(s); retry policy is RetryUpToMaximumCountWithFixedSleep(maxRetries=15, sleepTime=1000 MILLISECONDS)
2022-03-03 08:20:52,965 [EndpointStateMachine task thread for /127.0.0.1:45429 - 0 ] INFO  ipc.Client (Client.java:handleConnectionFailure(977)) - Retrying connect to server: localhost/127.0.0.1:45429. Already tried 6 time(s); retry policy is RetryUpToMaximumCountWithFixedSleep(maxRetries=15, sleepTime=1000 MILLISECONDS)
2022-03-03 08:20:53,259 [EndpointStateMachine task thread for /127.0.0.1:42215 - 0 ] INFO  ipc.Client (Client.java:handleConnectionFailure(977)) - Retrying connect to server: localhost/127.0.0.1:42215. Already tried 0 time(s); retry policy is RetryUpToMaximumCountWithFixedSleep(maxRetries=15, sleepTime=1000 MILLISECONDS)
2022-03-03 08:20:53,267 [EndpointStateMachine task thread for /127.0.0.1:34037 - 0 ] INFO  ipc.Client (Client.java:handleConnectionFailure(977)) - Retrying connect to server: localhost/127.0.0.1:34037. Already tried 0 time(s); retry policy is RetryUpToMaximumCountWithFixedSleep(maxRetries=15, sleepTime=1000 MILLISECONDS)
2022-03-03 08:20:53,504 [EndpointStateMachine task thread for /127.0.0.1:35645 - 0 ] INFO  ipc.Client (Client.java:handleConnectionFailure(977)) - Retrying connect to server: localhost/127.0.0.1:35645. Already tried 0 time(s); retry policy is RetryUpToMaximumCountWithFixedSleep(maxRetries=15, sleepTime=1000 MILLISECONDS)
2022-03-03 08:20:53,898 [EndpointStateMachine task thread for /127.0.0.1:43363 - 0 ] INFO  ipc.Client (Client.java:handleConnectionFailure(977)) - Retrying connect to server: localhost/127.0.0.1:43363. Already tried 6 time(s); retry policy is RetryUpToMaximumCountWithFixedSleep(maxRetries=15, sleepTime=1000 MILLISECONDS)
2022-03-03 08:20:53,955 [EndpointStateMachine task thread for /127.0.0.1:39861 - 0 ] INFO  ipc.Client (Client.java:handleConnectionFailure(977)) - Retrying connect to server: localhost/127.0.0.1:39861. Already tried 6 time(s); retry policy is RetryUpToMaximumCountWithFixedSleep(maxRetries=15, sleepTime=1000 MILLISECONDS)
2022-03-03 08:20:53,966 [EndpointStateMachine task thread for /127.0.0.1:45429 - 0 ] INFO  ipc.Client (Client.java:handleConnectionFailure(977)) - Retrying connect to server: localhost/127.0.0.1:45429. Already tried 7 time(s); retry policy is RetryUpToMaximumCountWithFixedSleep(maxRetries=15, sleepTime=1000 MILLISECONDS)
2022-03-03 08:20:54,261 [EndpointStateMachine task thread for /127.0.0.1:42215 - 0 ] INFO  ipc.Client (Client.java:handleConnectionFailure(977)) - Retrying connect to server: localhost/127.0.0.1:42215. Already tried 1 time(s); retry policy is RetryUpToMaximumCountWithFixedSleep(maxRetries=15, sleepTime=1000 MILLISECONDS)
2022-03-03 08:20:54,267 [EndpointStateMachine task thread for /127.0.0.1:34037 - 0 ] INFO  ipc.Client (Client.java:handleConnectionFailure(977)) - Retrying connect to server: localhost/127.0.0.1:34037. Already tried 1 time(s); retry policy is RetryUpToMaximumCountWithFixedSleep(maxRetries=15, sleepTime=1000 MILLISECONDS)
2022-03-03 08:20:54,504 [EndpointStateMachine task thread for /127.0.0.1:35645 - 0 ] INFO  ipc.Client (Client.java:handleConnectionFailure(977)) - Retrying connect to server: localhost/127.0.0.1:35645. Already tried 1 time(s); retry policy is RetryUpToMaximumCountWithFixedSleep(maxRetries=15, sleepTime=1000 MILLISECONDS)
2022-03-03 08:20:54,899 [EndpointStateMachine task thread for /127.0.0.1:43363 - 0 ] INFO  ipc.Client (Client.java:handleConnectionFailure(977)) - Retrying connect to server: localhost/127.0.0.1:43363. Already tried 7 time(s); retry policy is RetryUpToMaximumCountWithFixedSleep(maxRetries=15, sleepTime=1000 MILLISECONDS)
2022-03-03 08:20:54,956 [EndpointStateMachine task thread for /127.0.0.1:39861 - 0 ] INFO  ipc.Client (Client.java:handleConnectionFailure(977)) - Retrying connect to server: localhost/127.0.0.1:39861. Already tried 7 time(s); retry policy is RetryUpToMaximumCountWithFixedSleep(maxRetries=15, sleepTime=1000 MILLISECONDS)
2022-03-03 08:20:54,967 [EndpointStateMachine task thread for /127.0.0.1:45429 - 0 ] INFO  ipc.Client (Client.java:handleConnectionFailure(977)) - Retrying connect to server: localhost/127.0.0.1:45429. Already tried 8 time(s); retry policy is RetryUpToMaximumCountWithFixedSleep(maxRetries=15, sleepTime=1000 MILLISECONDS)
2022-03-03 08:20:55,235 [Listener at 127.0.0.1/42883] INFO  ozoneimpl.OzoneContainer (OzoneContainer.java:stop(356)) - Attempting to stop container services.
2022-03-03 08:20:55,236 [Listener at 127.0.0.1/42883] INFO  server.RaftServer (RaftServerProxy.java:lambda$close$6(391)) - abae3395-e125-494e-95ee-7e13e0096d36: close
2022-03-03 08:20:55,240 [Listener at 127.0.0.1/42883] INFO  server.RaftServer$Division (RaftServerImpl.java:lambda$close$4(412)) - abae3395-e125-494e-95ee-7e13e0096d36@group-D7CF7704FB88: shutdown
2022-03-03 08:20:55,241 [Listener at 127.0.0.1/42883] INFO  util.JmxRegister (JmxRegister.java:unregister(73)) - Successfully un-registered JMX Bean with object name Ratis:service=RaftServer,group=group-D7CF7704FB88,id=abae3395-e125-494e-95ee-7e13e0096d36
2022-03-03 08:20:55,241 [Listener at 127.0.0.1/42883] INFO  impl.RoleInfo (RoleInfo.java:shutdownLeaderState(91)) - abae3395-e125-494e-95ee-7e13e0096d36: shutdown abae3395-e125-494e-95ee-7e13e0096d36@group-D7CF7704FB88-LeaderStateImpl
2022-03-03 08:20:55,241 [Listener at 127.0.0.1/42883] INFO  impl.PendingRequests (PendingRequests.java:sendNotLeaderResponses(282)) - abae3395-e125-494e-95ee-7e13e0096d36@group-D7CF7704FB88-PendingRequests: sendNotLeaderResponses
2022-03-03 08:20:55,242 [Listener at 127.0.0.1/42883] INFO  impl.StateMachineUpdater (StateMachineUpdater.java:stopAndJoin(149)) - abae3395-e125-494e-95ee-7e13e0096d36@group-D7CF7704FB88-StateMachineUpdater: set stopIndex = 0
2022-03-03 08:20:55,245 [abae3395-e125-494e-95ee-7e13e0096d36@group-D7CF7704FB88-StateMachineUpdater] INFO  ratis.ContainerStateMachine (ContainerStateMachine.java:takeSnapshot(304)) - group-D7CF7704FB88: Taking a snapshot at:(t:1, i:0) file /home/runner/work/ozone/ozone/hadoop-ozone/integration-test/target/test-dir/MiniOzoneClusterImpl-5b82a1ad-a074-4eb8-9e24-eb4e8d1567b6/datanode-2/data/ratis/0f350692-c3b7-4a26-b7b5-d7cf7704fb88/sm/snapshot.1_0
2022-03-03 08:20:55,248 [abae3395-e125-494e-95ee-7e13e0096d36@group-D7CF7704FB88-StateMachineUpdater] INFO  ratis.ContainerStateMachine (ContainerStateMachine.java:takeSnapshot(315)) - group-D7CF7704FB88: Finished taking a snapshot at:(t:1, i:0) file:/home/runner/work/ozone/ozone/hadoop-ozone/integration-test/target/test-dir/MiniOzoneClusterImpl-5b82a1ad-a074-4eb8-9e24-eb4e8d1567b6/datanode-2/data/ratis/0f350692-c3b7-4a26-b7b5-d7cf7704fb88/sm/snapshot.1_0 took: 3 ms
2022-03-03 08:20:55,249 [abae3395-e125-494e-95ee-7e13e0096d36@group-D7CF7704FB88-StateMachineUpdater] INFO  impl.StateMachineUpdater (StateMachineUpdater.java:takeSnapshot(281)) - abae3395-e125-494e-95ee-7e13e0096d36@group-D7CF7704FB88-StateMachineUpdater: Took a snapshot at index 0
2022-03-03 08:20:55,249 [abae3395-e125-494e-95ee-7e13e0096d36@group-D7CF7704FB88-StateMachineUpdater] INFO  impl.StateMachineUpdater (StateMachineUpdater.java:lambda$new$0(89)) - abae3395-e125-494e-95ee-7e13e0096d36@group-D7CF7704FB88-StateMachineUpdater: snapshotIndex: updateIncreasingly -1 -> 0
2022-03-03 08:20:55,250 [Listener at 127.0.0.1/42883] INFO  server.RaftServer$Division (ServerState.java:close(419)) - abae3395-e125-494e-95ee-7e13e0096d36@group-D7CF7704FB88: closes. applyIndex: 0
2022-03-03 08:20:55,257 [abae3395-e125-494e-95ee-7e13e0096d36@group-D7CF7704FB88-SegmentedRaftLogWorker] INFO  segmented.SegmentedRaftLogWorker (SegmentedRaftLogWorker.java:run(327)) - abae3395-e125-494e-95ee-7e13e0096d36@group-D7CF7704FB88-SegmentedRaftLogWorker was interrupted, exiting. There are 0 tasks remaining in the queue.
2022-03-03 08:20:55,258 [Listener at 127.0.0.1/42883] INFO  segmented.SegmentedRaftLogWorker (SegmentedRaftLogWorker.java:close(237)) - abae3395-e125-494e-95ee-7e13e0096d36@group-D7CF7704FB88-SegmentedRaftLogWorker close()
2022-03-03 08:20:55,260 [Listener at 127.0.0.1/42883] INFO  server.RaftServer$Division (RaftServerImpl.java:lambda$close$4(412)) - abae3395-e125-494e-95ee-7e13e0096d36@group-904C6079E864: shutdown
2022-03-03 08:20:55,260 [Listener at 127.0.0.1/42883] INFO  util.JmxRegister (JmxRegister.java:unregister(73)) - Successfully un-registered JMX Bean with object name Ratis:service=RaftServer,group=group-904C6079E864,id=abae3395-e125-494e-95ee-7e13e0096d36
2022-03-03 08:20:55,261 [Listener at 127.0.0.1/42883] INFO  impl.RoleInfo (RoleInfo.java:shutdownFollowerState(108)) - abae3395-e125-494e-95ee-7e13e0096d36: shutdown abae3395-e125-494e-95ee-7e13e0096d36@group-904C6079E864-FollowerState
2022-03-03 08:20:55,262 [EndpointStateMachine task thread for /127.0.0.1:42215 - 0 ] INFO  ipc.Client (Client.java:handleConnectionFailure(977)) - Retrying connect to server: localhost/127.0.0.1:42215. Already tried 2 time(s); retry policy is RetryUpToMaximumCountWithFixedSleep(maxRetries=15, sleepTime=1000 MILLISECONDS)
2022-03-03 08:20:55,266 [Listener at 127.0.0.1/42883] INFO  impl.StateMachineUpdater (StateMachineUpdater.java:stopAndJoin(149)) - abae3395-e125-494e-95ee-7e13e0096d36@group-904C6079E864-StateMachineUpdater: set stopIndex = 0
2022-03-03 08:20:55,266 [abae3395-e125-494e-95ee-7e13e0096d36@group-904C6079E864-FollowerState] INFO  impl.FollowerState (FollowerState.java:run(143)) - abae3395-e125-494e-95ee-7e13e0096d36@group-904C6079E864-FollowerState was interrupted: {}
java.lang.InterruptedException: sleep interrupted
	at java.lang.Thread.sleep(Native Method)
	at java.lang.Thread.sleep(Thread.java:342)
	at java.util.concurrent.TimeUnit.sleep(TimeUnit.java:386)
	at org.apache.ratis.util.TimeDuration.sleep(TimeDuration.java:324)
	at org.apache.ratis.util.TimeDuration.sleep(TimeDuration.java:309)
	at org.apache.ratis.server.impl.FollowerState.run(FollowerState.java:118)
2022-03-03 08:20:55,267 [abae3395-e125-494e-95ee-7e13e0096d36@group-904C6079E864-StateMachineUpdater] INFO  ratis.ContainerStateMachine (ContainerStateMachine.java:takeSnapshot(304)) - group-904C6079E864: Taking a snapshot at:(t:3, i:0) file /home/runner/work/ozone/ozone/hadoop-ozone/integration-test/target/test-dir/MiniOzoneClusterImpl-5b82a1ad-a074-4eb8-9e24-eb4e8d1567b6/datanode-2/data/ratis/e4306fd5-4074-480c-9276-904c6079e864/sm/snapshot.3_0
2022-03-03 08:20:55,273 [EndpointStateMachine task thread for /127.0.0.1:34037 - 0 ] INFO  ipc.Client (Client.java:handleConnectionFailure(977)) - Retrying connect to server: localhost/127.0.0.1:34037. Already tried 2 time(s); retry policy is RetryUpToMaximumCountWithFixedSleep(maxRetries=15, sleepTime=1000 MILLISECONDS)
2022-03-03 08:20:55,275 [abae3395-e125-494e-95ee-7e13e0096d36@group-904C6079E864-StateMachineUpdater] INFO  ratis.ContainerStateMachine (ContainerStateMachine.java:takeSnapshot(315)) - group-904C6079E864: Finished taking a snapshot at:(t:3, i:0) file:/home/runner/work/ozone/ozone/hadoop-ozone/integration-test/target/test-dir/MiniOzoneClusterImpl-5b82a1ad-a074-4eb8-9e24-eb4e8d1567b6/datanode-2/data/ratis/e4306fd5-4074-480c-9276-904c6079e864/sm/snapshot.3_0 took: 8 ms
2022-03-03 08:20:55,275 [abae3395-e125-494e-95ee-7e13e0096d36@group-904C6079E864-StateMachineUpdater] INFO  impl.StateMachineUpdater (StateMachineUpdater.java:takeSnapshot(281)) - abae3395-e125-494e-95ee-7e13e0096d36@group-904C6079E864-StateMachineUpdater: Took a snapshot at index 0
2022-03-03 08:20:55,275 [abae3395-e125-494e-95ee-7e13e0096d36@group-904C6079E864-StateMachineUpdater] INFO  impl.StateMachineUpdater (StateMachineUpdater.java:lambda$new$0(89)) - abae3395-e125-494e-95ee-7e13e0096d36@group-904C6079E864-StateMachineUpdater: snapshotIndex: updateIncreasingly -1 -> 0
2022-03-03 08:20:55,276 [Listener at 127.0.0.1/42883] INFO  server.RaftServer$Division (ServerState.java:close(419)) - abae3395-e125-494e-95ee-7e13e0096d36@group-904C6079E864: closes. applyIndex: 0
2022-03-03 08:20:55,276 [abae3395-e125-494e-95ee-7e13e0096d36@group-904C6079E864-SegmentedRaftLogWorker] INFO  segmented.SegmentedRaftLogWorker (SegmentedRaftLogWorker.java:run(327)) - abae3395-e125-494e-95ee-7e13e0096d36@group-904C6079E864-SegmentedRaftLogWorker was interrupted, exiting. There are 0 tasks remaining in the queue.
2022-03-03 08:20:55,278 [Listener at 127.0.0.1/42883] INFO  segmented.SegmentedRaftLogWorker (SegmentedRaftLogWorker.java:close(237)) - abae3395-e125-494e-95ee-7e13e0096d36@group-904C6079E864-SegmentedRaftLogWorker close()
2022-03-03 08:20:55,278 [Listener at 127.0.0.1/42883] INFO  server.RaftServer$Division (RaftServerImpl.java:lambda$close$4(412)) - abae3395-e125-494e-95ee-7e13e0096d36@group-736048A98C4E: shutdown
2022-03-03 08:20:55,278 [Listener at 127.0.0.1/42883] INFO  util.JmxRegister (JmxRegister.java:unregister(73)) - Successfully un-registered JMX Bean with object name Ratis:service=RaftServer,group=group-736048A98C4E,id=abae3395-e125-494e-95ee-7e13e0096d36
2022-03-03 08:20:55,279 [Listener at 127.0.0.1/42883] INFO  impl.RoleInfo (RoleInfo.java:shutdownFollowerState(108)) - abae3395-e125-494e-95ee-7e13e0096d36: shutdown abae3395-e125-494e-95ee-7e13e0096d36@group-736048A98C4E-FollowerState
2022-03-03 08:20:55,288 [abae3395-e125-494e-95ee-7e13e0096d36@group-736048A98C4E-FollowerState] INFO  impl.FollowerState (FollowerState.java:run(143)) - abae3395-e125-494e-95ee-7e13e0096d36@group-736048A98C4E-FollowerState was interrupted: {}
java.lang.InterruptedException: sleep interrupted
	at java.lang.Thread.sleep(Native Method)
	at java.lang.Thread.sleep(Thread.java:342)
	at java.util.concurrent.TimeUnit.sleep(TimeUnit.java:386)
	at org.apache.ratis.util.TimeDuration.sleep(TimeDuration.java:324)
	at org.apache.ratis.util.TimeDuration.sleep(TimeDuration.java:309)
	at org.apache.ratis.server.impl.FollowerState.run(FollowerState.java:118)
2022-03-03 08:20:55,293 [Listener at 127.0.0.1/42883] INFO  impl.StateMachineUpdater (StateMachineUpdater.java:stopAndJoin(149)) - abae3395-e125-494e-95ee-7e13e0096d36@group-736048A98C4E-StateMachineUpdater: set stopIndex = 0
2022-03-03 08:20:55,294 [abae3395-e125-494e-95ee-7e13e0096d36@group-736048A98C4E-StateMachineUpdater] INFO  ratis.ContainerStateMachine (ContainerStateMachine.java:takeSnapshot(304)) - group-736048A98C4E: Taking a snapshot at:(t:2, i:0) file /home/runner/work/ozone/ozone/hadoop-ozone/integration-test/target/test-dir/MiniOzoneClusterImpl-5b82a1ad-a074-4eb8-9e24-eb4e8d1567b6/datanode-2/data/ratis/e9d922ff-3b74-428d-a214-736048a98c4e/sm/snapshot.2_0
2022-03-03 08:20:55,296 [abae3395-e125-494e-95ee-7e13e0096d36@group-736048A98C4E-StateMachineUpdater] INFO  ratis.ContainerStateMachine (ContainerStateMachine.java:takeSnapshot(315)) - group-736048A98C4E: Finished taking a snapshot at:(t:2, i:0) file:/home/runner/work/ozone/ozone/hadoop-ozone/integration-test/target/test-dir/MiniOzoneClusterImpl-5b82a1ad-a074-4eb8-9e24-eb4e8d1567b6/datanode-2/data/ratis/e9d922ff-3b74-428d-a214-736048a98c4e/sm/snapshot.2_0 took: 2 ms
2022-03-03 08:20:55,296 [abae3395-e125-494e-95ee-7e13e0096d36@group-736048A98C4E-StateMachineUpdater] INFO  impl.StateMachineUpdater (StateMachineUpdater.java:takeSnapshot(281)) - abae3395-e125-494e-95ee-7e13e0096d36@group-736048A98C4E-StateMachineUpdater: Took a snapshot at index 0
2022-03-03 08:20:55,296 [abae3395-e125-494e-95ee-7e13e0096d36@group-736048A98C4E-StateMachineUpdater] INFO  impl.StateMachineUpdater (StateMachineUpdater.java:lambda$new$0(89)) - abae3395-e125-494e-95ee-7e13e0096d36@group-736048A98C4E-StateMachineUpdater: snapshotIndex: updateIncreasingly -1 -> 0
2022-03-03 08:20:55,298 [Listener at 127.0.0.1/42883] INFO  server.RaftServer$Division (ServerState.java:close(419)) - abae3395-e125-494e-95ee-7e13e0096d36@group-736048A98C4E: closes. applyIndex: 0
2022-03-03 08:20:55,298 [abae3395-e125-494e-95ee-7e13e0096d36@group-736048A98C4E-SegmentedRaftLogWorker] INFO  segmented.SegmentedRaftLogWorker (SegmentedRaftLogWorker.java:run(327)) - abae3395-e125-494e-95ee-7e13e0096d36@group-736048A98C4E-SegmentedRaftLogWorker was interrupted, exiting. There are 0 tasks remaining in the queue.
2022-03-03 08:20:55,298 [Listener at 127.0.0.1/42883] INFO  segmented.SegmentedRaftLogWorker (SegmentedRaftLogWorker.java:close(237)) - abae3395-e125-494e-95ee-7e13e0096d36@group-736048A98C4E-SegmentedRaftLogWorker close()
2022-03-03 08:20:55,299 [Listener at 127.0.0.1/42883] INFO  server.GrpcService (GrpcService.java:closeImpl(262)) - abae3395-e125-494e-95ee-7e13e0096d36: shutdown server with port 37079 now
2022-03-03 08:20:55,313 [Listener at 127.0.0.1/42883] INFO  server.GrpcService (GrpcService.java:closeImpl(271)) - abae3395-e125-494e-95ee-7e13e0096d36: shutdown server with port 37079 successfully
2022-03-03 08:20:55,314 [org.apache.ratis.util.JvmPauseMonitor$$Lambda$503/666911607@1953548e] INFO  util.JvmPauseMonitor (JvmPauseMonitor.java:run(109)) - JvmPauseMonitor-abae3395-e125-494e-95ee-7e13e0096d36: Stopped
2022-03-03 08:20:55,505 [EndpointStateMachine task thread for /127.0.0.1:35645 - 0 ] INFO  ipc.Client (Client.java:handleConnectionFailure(977)) - Retrying connect to server: localhost/127.0.0.1:35645. Already tried 2 time(s); retry policy is RetryUpToMaximumCountWithFixedSleep(maxRetries=15, sleepTime=1000 MILLISECONDS)
2022-03-03 08:20:55,900 [EndpointStateMachine task thread for /127.0.0.1:43363 - 0 ] INFO  ipc.Client (Client.java:handleConnectionFailure(977)) - Retrying connect to server: localhost/127.0.0.1:43363. Already tried 8 time(s); retry policy is RetryUpToMaximumCountWithFixedSleep(maxRetries=15, sleepTime=1000 MILLISECONDS)
2022-03-03 08:20:55,956 [EndpointStateMachine task thread for /127.0.0.1:39861 - 0 ] INFO  ipc.Client (Client.java:handleConnectionFailure(977)) - Retrying connect to server: localhost/127.0.0.1:39861. Already tried 8 time(s); retry policy is RetryUpToMaximumCountWithFixedSleep(maxRetries=15, sleepTime=1000 MILLISECONDS)
2022-03-03 08:20:55,968 [EndpointStateMachine task thread for /127.0.0.1:45429 - 0 ] INFO  ipc.Client (Client.java:handleConnectionFailure(977)) - Retrying connect to server: localhost/127.0.0.1:45429. Already tried 9 time(s); retry policy is RetryUpToMaximumCountWithFixedSleep(maxRetries=15, sleepTime=1000 MILLISECONDS)
2022-03-03 08:20:56,274 [EndpointStateMachine task thread for /127.0.0.1:42215 - 0 ] INFO  ipc.Client (Client.java:handleConnectionFailure(977)) - Retrying connect to server: localhost/127.0.0.1:42215. Already tried 3 time(s); retry policy is RetryUpToMaximumCountWithFixedSleep(maxRetries=15, sleepTime=1000 MILLISECONDS)
2022-03-03 08:20:56,275 [EndpointStateMachine task thread for /127.0.0.1:34037 - 0 ] INFO  ipc.Client (Client.java:handleConnectionFailure(977)) - Retrying connect to server: localhost/127.0.0.1:34037. Already tried 3 time(s); retry policy is RetryUpToMaximumCountWithFixedSleep(maxRetries=15, sleepTime=1000 MILLISECONDS)
2022-03-03 08:20:56,506 [EndpointStateMachine task thread for /127.0.0.1:35645 - 0 ] INFO  ipc.Client (Client.java:handleConnectionFailure(977)) - Retrying connect to server: localhost/127.0.0.1:35645. Already tried 3 time(s); retry policy is RetryUpToMaximumCountWithFixedSleep(maxRetries=15, sleepTime=1000 MILLISECONDS)
2022-03-03 08:20:56,901 [EndpointStateMachine task thread for /127.0.0.1:43363 - 0 ] INFO  ipc.Client (Client.java:handleConnectionFailure(977)) - Retrying connect to server: localhost/127.0.0.1:43363. Already tried 9 time(s); retry policy is RetryUpToMaximumCountWithFixedSleep(maxRetries=15, sleepTime=1000 MILLISECONDS)
2022-03-03 08:20:56,957 [EndpointStateMachine task thread for /127.0.0.1:39861 - 0 ] INFO  ipc.Client (Client.java:handleConnectionFailure(977)) - Retrying connect to server: localhost/127.0.0.1:39861. Already tried 9 time(s); retry policy is RetryUpToMaximumCountWithFixedSleep(maxRetries=15, sleepTime=1000 MILLISECONDS)
2022-03-03 08:20:56,969 [EndpointStateMachine task thread for /127.0.0.1:45429 - 0 ] INFO  ipc.Client (Client.java:handleConnectionFailure(977)) - Retrying connect to server: localhost/127.0.0.1:45429. Already tried 10 time(s); retry policy is RetryUpToMaximumCountWithFixedSleep(maxRetries=15, sleepTime=1000 MILLISECONDS)
2022-03-03 08:20:57,275 [EndpointStateMachine task thread for /127.0.0.1:42215 - 0 ] INFO  ipc.Client (Client.java:handleConnectionFailure(977)) - Retrying connect to server: localhost/127.0.0.1:42215. Already tried 4 time(s); retry policy is RetryUpToMaximumCountWithFixedSleep(maxRetries=15, sleepTime=1000 MILLISECONDS)
2022-03-03 08:20:57,275 [EndpointStateMachine task thread for /127.0.0.1:34037 - 0 ] INFO  ipc.Client (Client.java:handleConnectionFailure(977)) - Retrying connect to server: localhost/127.0.0.1:34037. Already tried 4 time(s); retry policy is RetryUpToMaximumCountWithFixedSleep(maxRetries=15, sleepTime=1000 MILLISECONDS)
2022-03-03 08:20:57,330 [Listener at 127.0.0.1/42883] INFO  utils.BackgroundService (BackgroundService.java:shutdown(132)) - Shutting down service BlockDeletingService
2022-03-03 08:20:57,506 [EndpointStateMachine task thread for /127.0.0.1:35645 - 0 ] INFO  ipc.Client (Client.java:handleConnectionFailure(977)) - Retrying connect to server: localhost/127.0.0.1:35645. Already tried 4 time(s); retry policy is RetryUpToMaximumCountWithFixedSleep(maxRetries=15, sleepTime=1000 MILLISECONDS)
2022-03-03 08:20:57,901 [EndpointStateMachine task thread for /127.0.0.1:43363 - 0 ] INFO  ipc.Client (Client.java:handleConnectionFailure(977)) - Retrying connect to server: localhost/127.0.0.1:43363. Already tried 10 time(s); retry policy is RetryUpToMaximumCountWithFixedSleep(maxRetries=15, sleepTime=1000 MILLISECONDS)
2022-03-03 08:20:57,957 [EndpointStateMachine task thread for /127.0.0.1:39861 - 0 ] INFO  ipc.Client (Client.java:handleConnectionFailure(977)) - Retrying connect to server: localhost/127.0.0.1:39861. Already tried 10 time(s); retry policy is RetryUpToMaximumCountWithFixedSleep(maxRetries=15, sleepTime=1000 MILLISECONDS)
2022-03-03 08:20:57,969 [EndpointStateMachine task thread for /127.0.0.1:45429 - 0 ] INFO  ipc.Client (Client.java:handleConnectionFailure(977)) - Retrying connect to server: localhost/127.0.0.1:45429. Already tried 11 time(s); retry policy is RetryUpToMaximumCountWithFixedSleep(maxRetries=15, sleepTime=1000 MILLISECONDS)
2022-03-03 08:20:58,275 [EndpointStateMachine task thread for /127.0.0.1:42215 - 0 ] INFO  ipc.Client (Client.java:handleConnectionFailure(977)) - Retrying connect to server: localhost/127.0.0.1:42215. Already tried 5 time(s); retry policy is RetryUpToMaximumCountWithFixedSleep(maxRetries=15, sleepTime=1000 MILLISECONDS)
2022-03-03 08:20:58,279 [EndpointStateMachine task thread for /127.0.0.1:34037 - 0 ] INFO  ipc.Client (Client.java:handleConnectionFailure(977)) - Retrying connect to server: localhost/127.0.0.1:34037. Already tried 5 time(s); retry policy is RetryUpToMaximumCountWithFixedSleep(maxRetries=15, sleepTime=1000 MILLISECONDS)
2022-03-03 08:20:58,508 [EndpointStateMachine task thread for /127.0.0.1:35645 - 0 ] INFO  ipc.Client (Client.java:handleConnectionFailure(977)) - Retrying connect to server: localhost/127.0.0.1:35645. Already tried 5 time(s); retry policy is RetryUpToMaximumCountWithFixedSleep(maxRetries=15, sleepTime=1000 MILLISECONDS)
2022-03-03 08:20:58,902 [EndpointStateMachine task thread for /127.0.0.1:43363 - 0 ] INFO  ipc.Client (Client.java:handleConnectionFailure(977)) - Retrying connect to server: localhost/127.0.0.1:43363. Already tried 11 time(s); retry policy is RetryUpToMaximumCountWithFixedSleep(maxRetries=15, sleepTime=1000 MILLISECONDS)
2022-03-03 08:20:58,958 [EndpointStateMachine task thread for /127.0.0.1:39861 - 0 ] INFO  ipc.Client (Client.java:handleConnectionFailure(977)) - Retrying connect to server: localhost/127.0.0.1:39861. Already tried 11 time(s); retry policy is RetryUpToMaximumCountWithFixedSleep(maxRetries=15, sleepTime=1000 MILLISECONDS)
2022-03-03 08:20:58,970 [EndpointStateMachine task thread for /127.0.0.1:45429 - 0 ] INFO  ipc.Client (Client.java:handleConnectionFailure(977)) - Retrying connect to server: localhost/127.0.0.1:45429. Already tried 12 time(s); retry policy is RetryUpToMaximumCountWithFixedSleep(maxRetries=15, sleepTime=1000 MILLISECONDS)
2022-03-03 08:20:59,280 [EndpointStateMachine task thread for /127.0.0.1:34037 - 0 ] INFO  ipc.Client (Client.java:handleConnectionFailure(977)) - Retrying connect to server: localhost/127.0.0.1:34037. Already tried 6 time(s); retry policy is RetryUpToMaximumCountWithFixedSleep(maxRetries=15, sleepTime=1000 MILLISECONDS)
2022-03-03 08:20:59,281 [EndpointStateMachine task thread for /127.0.0.1:42215 - 0 ] INFO  ipc.Client (Client.java:handleConnectionFailure(977)) - Retrying connect to server: localhost/127.0.0.1:42215. Already tried 6 time(s); retry policy is RetryUpToMaximumCountWithFixedSleep(maxRetries=15, sleepTime=1000 MILLISECONDS)
2022-03-03 08:20:59,508 [EndpointStateMachine task thread for /127.0.0.1:35645 - 0 ] INFO  ipc.Client (Client.java:handleConnectionFailure(977)) - Retrying connect to server: localhost/127.0.0.1:35645. Already tried 6 time(s); retry policy is RetryUpToMaximumCountWithFixedSleep(maxRetries=15, sleepTime=1000 MILLISECONDS)
2022-03-03 08:20:59,903 [EndpointStateMachine task thread for /127.0.0.1:43363 - 0 ] INFO  ipc.Client (Client.java:handleConnectionFailure(977)) - Retrying connect to server: localhost/127.0.0.1:43363. Already tried 12 time(s); retry policy is RetryUpToMaximumCountWithFixedSleep(maxRetries=15, sleepTime=1000 MILLISECONDS)
2022-03-03 08:20:59,959 [EndpointStateMachine task thread for /127.0.0.1:39861 - 0 ] INFO  ipc.Client (Client.java:handleConnectionFailure(977)) - Retrying connect to server: localhost/127.0.0.1:39861. Already tried 12 time(s); retry policy is RetryUpToMaximumCountWithFixedSleep(maxRetries=15, sleepTime=1000 MILLISECONDS)
2022-03-03 08:20:59,971 [EndpointStateMachine task thread for /127.0.0.1:45429 - 0 ] INFO  ipc.Client (Client.java:handleConnectionFailure(977)) - Retrying connect to server: localhost/127.0.0.1:45429. Already tried 13 time(s); retry policy is RetryUpToMaximumCountWithFixedSleep(maxRetries=15, sleepTime=1000 MILLISECONDS)
2022-03-03 08:21:00,280 [EndpointStateMachine task thread for /127.0.0.1:34037 - 0 ] INFO  ipc.Client (Client.java:handleConnectionFailure(977)) - Retrying connect to server: localhost/127.0.0.1:34037. Already tried 7 time(s); retry policy is RetryUpToMaximumCountWithFixedSleep(maxRetries=15, sleepTime=1000 MILLISECONDS)
2022-03-03 08:21:00,282 [EndpointStateMachine task thread for /127.0.0.1:42215 - 0 ] INFO  ipc.Client (Client.java:handleConnectionFailure(977)) - Retrying connect to server: localhost/127.0.0.1:42215. Already tried 7 time(s); retry policy is RetryUpToMaximumCountWithFixedSleep(maxRetries=15, sleepTime=1000 MILLISECONDS)
2022-03-03 08:21:00,336 [Listener at 127.0.0.1/42883] INFO  statemachine.DatanodeStateMachine (DatanodeStateMachine.java:stopDaemon(529)) - Ozone container server stopped.
2022-03-03 08:21:00,337 [Listener at 127.0.0.1/42883] INFO  handler.ContextHandler (ContextHandler.java:doStop(1153)) - Stopped o.e.j.w.WebAppContext@6dfce79d{hddsDatanode,/,null,STOPPED}{jar:file:/home/runner/.m2/repository/org/apache/ozone/hdds-container-service/1.3.0-SNAPSHOT/hdds-container-service-1.3.0-SNAPSHOT.jar!/webapps/hddsDatanode}
2022-03-03 08:21:00,345 [Listener at 127.0.0.1/42883] INFO  server.AbstractConnector (AbstractConnector.java:doStop(381)) - Stopped ServerConnector@3f5673d0{HTTP/1.1, (http/1.1)}{0.0.0.0:0}
2022-03-03 08:21:00,349 [Listener at 127.0.0.1/42883] INFO  server.session (HouseKeeper.java:stopScavenging(149)) - node0 Stopped scavenging
2022-03-03 08:21:00,350 [Listener at 127.0.0.1/42883] INFO  handler.ContextHandler (ContextHandler.java:doStop(1153)) - Stopped o.e.j.s.ServletContextHandler@5b4eaf8b{static,/static,jar:file:/home/runner/.m2/repository/org/apache/ozone/hdds-container-service/1.3.0-SNAPSHOT/hdds-container-service-1.3.0-SNAPSHOT.jar!/webapps/static,STOPPED}
2022-03-03 08:21:00,350 [Listener at 127.0.0.1/42883] INFO  handler.ContextHandler (ContextHandler.java:doStop(1153)) - Stopped o.e.j.s.ServletContextHandler@5662f36e{logs,/logs,file:///home/runner/work/ozone/ozone/hadoop-ozone/integration-test/target/log,STOPPED}
]]></system-out>
  </testcase>
  <testcase name="testInstallCorruptedCheckpointFailure" classname="org.apache.hadoop.ozone.scm.TestSCMInstallSnapshotWithHA" time="60.106"/>
</testsuite>